<?xml version="1.0" encoding="UTF-8"?>
<robot generator="Robot 7.0 (Python 3.12.3 on linux)" generated="2024-05-05T19:12:35.777265" rpa="false" schemaversion="5">
<suite id="s1" name="Tests" source="/home/runner/work/DesafioQAItauRogerioJordao/DesafioQAItauRogerioJordao/RamdonUser/tests">
<suite id="s1-s1" name="Random-User-Test" source="/home/runner/work/DesafioQAItauRogerioJordao/DesafioQAItauRogerioJordao/RamdonUser/tests/random-user-test.robot">
<test id="s1-s1-t1" name="Conectar" line="13">
<kw name="Conectar API" owner="random-user-service">
<kw name="Create Session" owner="RequestsLibrary">
<msg time="2024-05-05T19:12:36.151364" level="INFO">Creating Session using : alias=consultarAPI, url=https://randomuser.me/, headers={},                     cookies={}, auth=None, timeout=None, proxies=None, verify=False,                     debug=0 </msg>
<arg>consultarAPI</arg>
<arg>${URL}</arg>
<doc>Create Session: create a HTTP session to a server</doc>
<status status="PASS" start="2024-05-05T19:12:36.151157" elapsed="0.000391"/>
</kw>
<status status="PASS" start="2024-05-05T19:12:36.150156" elapsed="0.001751"/>
</kw>
<status status="PASS" start="2024-05-05T19:12:36.149518" elapsed="0.002587"/>
</test>
<test id="s1-s1-t2" name="Validar retorno 200 e JSON Válido" line="16">
<kw name="Teste de Requisicao Basica" owner="random-user-service">
<kw name="GET On Session" owner="RequestsLibrary">
<msg time="2024-05-05T19:12:37.749661" level="INFO">GET Request : url=https://randomuser.me/api 
 path_url=/api 
 headers={'User-Agent': 'python-requests/2.31.0', 'Accept-Encoding': 'gzip, deflate', 'Accept': '*/*', 'Connection': 'keep-alive'} 
 body=None 
 </msg>
<msg time="2024-05-05T19:12:37.749812" level="INFO">GET Response : url=https://randomuser.me/api 
 status=200, reason=OK 
 headers={'Date': 'Sun, 05 May 2024 19:12:37 GMT', 'Content-Type': 'application/json; charset=utf-8', 'Transfer-Encoding': 'chunked', 'Connection': 'keep-alive', 'X-Powered-By': 'Express', 'Access-Control-Allow-Origin': '*', 'Cache-Control': 'no-cache', 'ETag': 'W/"499-JIMARLpd70YYcKlTTiqNj4XP7cY"', 'Vary': 'Accept-Encoding', 'Content-Encoding': 'gzip', 'CF-Cache-Status': 'DYNAMIC', 'Report-To': '{"endpoints":[{"url":"https:\\/\\/a.nel.cloudflare.com\\/report\\/v4?s=fR%2FipXk47nh%2BeliwLvCVpqA92suSG6n%2BZLg2dyeHRiKFjc5oJlSJM2IYj0UQBNRZ2lunkYxgM7YbZI9t6T7AFRUScnw8oeo6oqM2zPvVKaBV4dK3%2FqdoICwUZ638BRyW"}],"group":"cf-nel","max_age":604800}', 'NEL': '{"success_fraction":0,"report_to":"cf-nel","max_age":604800}', 'Server': 'cloudflare', 'CF-RAY': '87f30b023acc022a-ORD', 'alt-svc': 'h3=":443"; ma=86400'} 
 body={"results":[{"gender":"female","name":{"title":"Miss","first":"Bianca","last":"Aragão"},"location":{"street":{"number":1015,"name":"Rua Santa Luzia "},"city":"Feira de Santana","state":"Piauí","country":"Brazil","postcode":58017,"coordinates":{"latitude":"-73.5400","longitude":"83.3001"},"timezone":{"offset":"-11:00","description":"Midway Island, Samoa"}},"email":"bianca.aragao@example.com","login":{"uuid":"10001a4a-8e35-423c-a3cd-7b3d65a4f5bb","username":"smallkoala727","password":"sealteam","salt":"5otjnWlp","md5":"160e685d36eee69e79e24e30146bbf22","sha1":"787aea9e467b0cd0743c18443f78043234f05e92","sha256":"1fe199555f5431e03a22d8f1ed5be9dbd94f616c1b4e76493d96c0a2ef108ac2"},"dob":{"date":"1955-12-03T13:47:54.832Z","age":68},"registered":{"date":"2019-10-11T00:09:13.099Z","age":4},"phone":"(36) 2937-7473","cell":"(67) 8209-0845","id":{"name":"CPF","value":"761.798.001-49"},"picture":{"large":"https://randomuser.me/api/portraits/women/40.jpg","medium":"https://randomuser.me/api/portraits/med/women/40.jpg","thumbnail":"https://randomuser.me/api/portraits/thumb/women/40.jpg"},"nat":"BR"}],"info":{"seed":"0ad6d43cc9d4f40f","results":1,"page":1,"version":"1.4"}} 
 </msg>
<msg time="2024-05-05T19:12:37.749901" level="INFO">/opt/hostedtoolcache/Python/3.12.3/x64/lib/python3.12/site-packages/urllib3/connectionpool.py:1103: InsecureRequestWarning: Unverified HTTPS request is being made to host 'randomuser.me'. Adding certificate verification is strongly advised. See: https://urllib3.readthedocs.io/en/latest/advanced-usage.html#tls-warnings
  warnings.warn(</msg>
<msg time="2024-05-05T19:12:37.750038" level="INFO">${response} = &lt;Response [200]&gt;</msg>
<var>${response}</var>
<arg>consultarAPI</arg>
<arg>/api</arg>
<doc>Sends a GET request on a previously created HTTP Session.</doc>
<status status="PASS" start="2024-05-05T19:12:36.154806" elapsed="1.595272"/>
</kw>
<kw name="Should Be Equal As Numbers" owner="BuiltIn">
<msg time="2024-05-05T19:12:37.751087" level="INFO">Argument types are:
&lt;class 'int'&gt;
&lt;class 'str'&gt;</msg>
<arg>${response.status_code}</arg>
<arg>200</arg>
<doc>Fails if objects are unequal after converting them to real numbers.</doc>
<status status="PASS" start="2024-05-05T19:12:37.750629" elapsed="0.000524"/>
</kw>
<kw name="Log" owner="BuiltIn">
<msg time="2024-05-05T19:12:37.751871" level="INFO">200</msg>
<arg>${response.status_code}</arg>
<doc>Logs the given message with the given level.</doc>
<status status="PASS" start="2024-05-05T19:12:37.751514" elapsed="0.000399"/>
</kw>
<kw name="Set Variable" owner="BuiltIn">
<msg time="2024-05-05T19:12:37.752707" level="INFO">${json_data} = {'results': [{'gender': 'female', 'name': {'title': 'Miss', 'first': 'Bianca', 'last': 'Aragão'}, 'location': {'street': {'number': 1015, 'name': 'Rua Santa Luzia '}, 'city': 'Feira de Santana', 'stat...</msg>
<var>${json_data}</var>
<arg>${response.json()}</arg>
<doc>Returns the given values which can then be assigned to a variables.</doc>
<status status="PASS" start="2024-05-05T19:12:37.752251" elapsed="0.000484"/>
</kw>
<kw name="Dictionary Should Contain Key" owner="Collections">
<msg time="2024-05-05T19:12:37.753210" level="INFO">False</msg>
<arg>${json_data}</arg>
<arg>results</arg>
<doc>Fails if ``key`` is not found from ``dictionary``.</doc>
<status status="PASS" start="2024-05-05T19:12:37.753039" elapsed="0.000211"/>
</kw>
<status status="PASS" start="2024-05-05T19:12:36.154563" elapsed="1.598943"/>
</kw>
<doc>Testa se a API responde corretamente e retorna um objeto JSON válido.</doc>
<tag>testeRequisicaoBasica</tag>
<status status="PASS" start="2024-05-05T19:12:36.154042" elapsed="1.599649"/>
</test>
<test id="s1-s1-t3" name="Validar estrutura de resposta" line="22">
<kw name="Teste de Estrutura de Resposta" owner="random-user-service">
<kw name="GET On Session" owner="RequestsLibrary">
<msg time="2024-05-05T19:12:38.480691" level="INFO">GET Request : url=https://randomuser.me/api 
 path_url=/api 
 headers={'User-Agent': 'python-requests/2.31.0', 'Accept-Encoding': 'gzip, deflate', 'Accept': '*/*', 'Connection': 'keep-alive'} 
 body=None 
 </msg>
<msg time="2024-05-05T19:12:38.480790" level="INFO">GET Response : url=https://randomuser.me/api 
 status=200, reason=OK 
 headers={'Date': 'Sun, 05 May 2024 19:12:38 GMT', 'Content-Type': 'application/json; charset=utf-8', 'Transfer-Encoding': 'chunked', 'Connection': 'keep-alive', 'X-Powered-By': 'Express', 'Access-Control-Allow-Origin': '*', 'Cache-Control': 'no-cache', 'ETag': 'W/"481-38nnRH3nBwkcmuFli0PszcAEY5o"', 'Vary': 'Accept-Encoding', 'Content-Encoding': 'gzip', 'CF-Cache-Status': 'DYNAMIC', 'Report-To': '{"endpoints":[{"url":"https:\\/\\/a.nel.cloudflare.com\\/report\\/v4?s=ZcH1ls5RzpuMObxJZ2SXyNNleSABHW96ThlQCJU7ZSjDY4VFKKBrk%2Bzrc7vFmwBxLqpaGAiWfg1Vt5Gsq%2FEcE%2FDoRxQAu8FAkwO3TqCZCb1ZpHBXmgGZ7%2FMxhOLJyytY"}],"group":"cf-nel","max_age":604800}', 'NEL': '{"success_fraction":0,"report_to":"cf-nel","max_age":604800}', 'Server': 'cloudflare', 'CF-RAY': '87f30b0bf8b0022a-ORD', 'alt-svc': 'h3=":443"; ma=86400'} 
 body={"results":[{"gender":"female","name":{"title":"Mrs","first":"Elly","last":"Trydal"},"location":{"street":{"number":2425,"name":"Sørbyhaugen"},"city":"Osøyro","state":"Description","country":"Norway","postcode":"5034","coordinates":{"latitude":"39.9181","longitude":"109.4952"},"timezone":{"offset":"-7:00","description":"Mountain Time (US &amp; Canada)"}},"email":"elly.trydal@example.com","login":{"uuid":"4e733d93-eb4b-46a3-a706-3d3a51895477","username":"happyelephant845","password":"1114","salt":"TqTxPoOD","md5":"01050e29d417809c0d80869f28ba21fc","sha1":"598e29e6e8b6c3a9196eedbe0e109d92bfca8200","sha256":"c78c86dbe990b2e84956a38d9de3d5ec1d2802f8ae4d96d7b56b15705e7ce082"},"dob":{"date":"1955-07-08T20:49:54.492Z","age":68},"registered":{"date":"2015-11-30T05:21:01.018Z","age":8},"phone":"25632448","cell":"43765791","id":{"name":"FN","value":"08075541237"},"picture":{"large":"https://randomuser.me/api/portraits/women/35.jpg","medium":"https://randomuser.me/api/portraits/med/women/35.jpg","thumbnail":"https://randomuser.me/api/portraits/thumb/women/35.jpg"},"nat":"NO"}],"info":{"seed":"6425c75f7cf60301","results":1,"page":1,"version":"1.4"}} 
 </msg>
<msg time="2024-05-05T19:12:38.480919" level="INFO">/opt/hostedtoolcache/Python/3.12.3/x64/lib/python3.12/site-packages/urllib3/connectionpool.py:1103: InsecureRequestWarning: Unverified HTTPS request is being made to host 'randomuser.me'. Adding certificate verification is strongly advised. See: https://urllib3.readthedocs.io/en/latest/advanced-usage.html#tls-warnings
  warnings.warn(</msg>
<msg time="2024-05-05T19:12:38.481043" level="INFO">${response} = &lt;Response [200]&gt;</msg>
<var>${response}</var>
<arg>consultarAPI</arg>
<arg>/api</arg>
<doc>Sends a GET request on a previously created HTTP Session.</doc>
<status status="PASS" start="2024-05-05T19:12:37.756257" elapsed="0.724823"/>
</kw>
<kw name="Set Variable" owner="BuiltIn">
<msg time="2024-05-05T19:12:38.482128" level="INFO">${json_data} = {'results': [{'gender': 'female', 'name': {'title': 'Mrs', 'first': 'Elly', 'last': 'Trydal'}, 'location': {'street': {'number': 2425, 'name': 'Sørbyhaugen'}, 'city': 'Osøyro', 'state': 'Description',...</msg>
<var>${json_data}</var>
<arg>${response.json()}</arg>
<doc>Returns the given values which can then be assigned to a variables.</doc>
<status status="PASS" start="2024-05-05T19:12:38.481600" elapsed="0.000556"/>
</kw>
<kw name="Log" owner="BuiltIn">
<msg time="2024-05-05T19:12:38.482623" level="INFO">{'results': [{'gender': 'female', 'name': {'title': 'Mrs', 'first': 'Elly', 'last': 'Trydal'}, 'location': {'street': {'number': 2425, 'name': 'Sørbyhaugen'}, 'city': 'Osøyro', 'state': 'Description', 'country': 'Norway', 'postcode': '5034', 'coordinates': {'latitude': '39.9181', 'longitude': '109.4952'}, 'timezone': {'offset': '-7:00', 'description': 'Mountain Time (US &amp; Canada)'}}, 'email': 'elly.trydal@example.com', 'login': {'uuid': '4e733d93-eb4b-46a3-a706-3d3a51895477', 'username': 'happyelephant845', 'password': '1114', 'salt': 'TqTxPoOD', 'md5': '01050e29d417809c0d80869f28ba21fc', 'sha1': '598e29e6e8b6c3a9196eedbe0e109d92bfca8200', 'sha256': 'c78c86dbe990b2e84956a38d9de3d5ec1d2802f8ae4d96d7b56b15705e7ce082'}, 'dob': {'date': '1955-07-08T20:49:54.492Z', 'age': 68}, 'registered': {'date': '2015-11-30T05:21:01.018Z', 'age': 8}, 'phone': '25632448', 'cell': '43765791', 'id': {'name': 'FN', 'value': '08075541237'}, 'picture': {'large': 'https://randomuser.me/api/portraits/women/35.jpg', 'medium': 'https://randomuser.me/api/portraits/med/women/35.jpg', 'thumbnail': 'https://randomuser.me/api/portraits/thumb/women/35.jpg'}, 'nat': 'NO'}], 'info': {'seed': '6425c75f7cf60301', 'results': 1, 'page': 1, 'version': '1.4'}}</msg>
<arg>${json_data}</arg>
<doc>Logs the given message with the given level.</doc>
<status status="PASS" start="2024-05-05T19:12:38.482463" elapsed="0.000210"/>
</kw>
<kw name="Dictionary Should Contain Key" owner="Collections">
<msg time="2024-05-05T19:12:38.483127" level="INFO">False</msg>
<arg>${json_data}</arg>
<arg>results</arg>
<doc>Fails if ``key`` is not found from ``dictionary``.</doc>
<status status="PASS" start="2024-05-05T19:12:38.482967" elapsed="0.000201"/>
</kw>
<kw name="Should Not Be Empty" owner="BuiltIn">
<msg time="2024-05-05T19:12:38.483584" level="INFO">Length is 2.</msg>
<arg>${json_data}</arg>
<doc>Verifies that the given item is not empty.</doc>
<status status="PASS" start="2024-05-05T19:12:38.483456" elapsed="0.000323"/>
</kw>
<kw name="Create List" owner="BuiltIn">
<msg time="2024-05-05T19:12:38.484247" level="INFO">${expected_keys} = ['gender', 'name', 'location', 'email', 'login']</msg>
<var>${expected_keys}</var>
<arg>gender</arg>
<arg>name</arg>
<arg>location</arg>
<arg>email</arg>
<arg>login</arg>
<doc>Returns a list containing given items.</doc>
<status status="PASS" start="2024-05-05T19:12:38.484069" elapsed="0.000204"/>
</kw>
<for flavor="IN">
<iter>
<kw name="Dictionary Should Contain Key" owner="Collections">
<msg time="2024-05-05T19:12:38.485273" level="INFO">False</msg>
<arg>${json_data['results'][0]}</arg>
<arg>${key}</arg>
<doc>Fails if ``key`` is not found from ``dictionary``.</doc>
<status status="PASS" start="2024-05-05T19:12:38.484864" elapsed="0.000446"/>
</kw>
<kw name="Log" owner="BuiltIn">
<msg time="2024-05-05T19:12:38.485968" level="INFO">{'gender': 'female', 'name': {'title': 'Mrs', 'first': 'Elly', 'last': 'Trydal'}, 'location': {'street': {'number': 2425, 'name': 'Sørbyhaugen'}, 'city': 'Osøyro', 'state': 'Description', 'country': 'Norway', 'postcode': '5034', 'coordinates': {'latitude': '39.9181', 'longitude': '109.4952'}, 'timezone': {'offset': '-7:00', 'description': 'Mountain Time (US &amp; Canada)'}}, 'email': 'elly.trydal@example.com', 'login': {'uuid': '4e733d93-eb4b-46a3-a706-3d3a51895477', 'username': 'happyelephant845', 'password': '1114', 'salt': 'TqTxPoOD', 'md5': '01050e29d417809c0d80869f28ba21fc', 'sha1': '598e29e6e8b6c3a9196eedbe0e109d92bfca8200', 'sha256': 'c78c86dbe990b2e84956a38d9de3d5ec1d2802f8ae4d96d7b56b15705e7ce082'}, 'dob': {'date': '1955-07-08T20:49:54.492Z', 'age': 68}, 'registered': {'date': '2015-11-30T05:21:01.018Z', 'age': 8}, 'phone': '25632448', 'cell': '43765791', 'id': {'name': 'FN', 'value': '08075541237'}, 'picture': {'large': 'https://randomuser.me/api/portraits/women/35.jpg', 'medium': 'https://randomuser.me/api/portraits/med/women/35.jpg', 'thumbnail': 'https://randomuser.me/api/portraits/thumb/women/35.jpg'}, 'nat': 'NO'}</msg>
<arg>${json_data['results'][0]}</arg>
<doc>Logs the given message with the given level.</doc>
<status status="PASS" start="2024-05-05T19:12:38.485602" elapsed="0.000416"/>
</kw>
<kw name="Log" owner="BuiltIn">
<msg time="2024-05-05T19:12:38.486436" level="INFO">gender</msg>
<arg>${key}</arg>
<doc>Logs the given message with the given level.</doc>
<status status="PASS" start="2024-05-05T19:12:38.486311" elapsed="0.000162"/>
</kw>
<var name="${key}">gender</var>
<status status="PASS" start="2024-05-05T19:12:38.484736" elapsed="0.001946"/>
</iter>
<iter>
<kw name="Dictionary Should Contain Key" owner="Collections">
<msg time="2024-05-05T19:12:38.487353" level="INFO">False</msg>
<arg>${json_data['results'][0]}</arg>
<arg>${key}</arg>
<doc>Fails if ``key`` is not found from ``dictionary``.</doc>
<status status="PASS" start="2024-05-05T19:12:38.486981" elapsed="0.000409"/>
</kw>
<kw name="Log" owner="BuiltIn">
<msg time="2024-05-05T19:12:38.488080" level="INFO">{'gender': 'female', 'name': {'title': 'Mrs', 'first': 'Elly', 'last': 'Trydal'}, 'location': {'street': {'number': 2425, 'name': 'Sørbyhaugen'}, 'city': 'Osøyro', 'state': 'Description', 'country': 'Norway', 'postcode': '5034', 'coordinates': {'latitude': '39.9181', 'longitude': '109.4952'}, 'timezone': {'offset': '-7:00', 'description': 'Mountain Time (US &amp; Canada)'}}, 'email': 'elly.trydal@example.com', 'login': {'uuid': '4e733d93-eb4b-46a3-a706-3d3a51895477', 'username': 'happyelephant845', 'password': '1114', 'salt': 'TqTxPoOD', 'md5': '01050e29d417809c0d80869f28ba21fc', 'sha1': '598e29e6e8b6c3a9196eedbe0e109d92bfca8200', 'sha256': 'c78c86dbe990b2e84956a38d9de3d5ec1d2802f8ae4d96d7b56b15705e7ce082'}, 'dob': {'date': '1955-07-08T20:49:54.492Z', 'age': 68}, 'registered': {'date': '2015-11-30T05:21:01.018Z', 'age': 8}, 'phone': '25632448', 'cell': '43765791', 'id': {'name': 'FN', 'value': '08075541237'}, 'picture': {'large': 'https://randomuser.me/api/portraits/women/35.jpg', 'medium': 'https://randomuser.me/api/portraits/med/women/35.jpg', 'thumbnail': 'https://randomuser.me/api/portraits/thumb/women/35.jpg'}, 'nat': 'NO'}</msg>
<arg>${json_data['results'][0]}</arg>
<doc>Logs the given message with the given level.</doc>
<status status="PASS" start="2024-05-05T19:12:38.487709" elapsed="0.000421"/>
</kw>
<kw name="Log" owner="BuiltIn">
<msg time="2024-05-05T19:12:38.488568" level="INFO">name</msg>
<arg>${key}</arg>
<doc>Logs the given message with the given level.</doc>
<status status="PASS" start="2024-05-05T19:12:38.488443" elapsed="0.000160"/>
</kw>
<var name="${key}">name</var>
<status status="PASS" start="2024-05-05T19:12:38.486868" elapsed="0.001944"/>
</iter>
<iter>
<kw name="Dictionary Should Contain Key" owner="Collections">
<msg time="2024-05-05T19:12:38.489482" level="INFO">False</msg>
<arg>${json_data['results'][0]}</arg>
<arg>${key}</arg>
<doc>Fails if ``key`` is not found from ``dictionary``.</doc>
<status status="PASS" start="2024-05-05T19:12:38.489100" elapsed="0.000419"/>
</kw>
<kw name="Log" owner="BuiltIn">
<msg time="2024-05-05T19:12:38.490179" level="INFO">{'gender': 'female', 'name': {'title': 'Mrs', 'first': 'Elly', 'last': 'Trydal'}, 'location': {'street': {'number': 2425, 'name': 'Sørbyhaugen'}, 'city': 'Osøyro', 'state': 'Description', 'country': 'Norway', 'postcode': '5034', 'coordinates': {'latitude': '39.9181', 'longitude': '109.4952'}, 'timezone': {'offset': '-7:00', 'description': 'Mountain Time (US &amp; Canada)'}}, 'email': 'elly.trydal@example.com', 'login': {'uuid': '4e733d93-eb4b-46a3-a706-3d3a51895477', 'username': 'happyelephant845', 'password': '1114', 'salt': 'TqTxPoOD', 'md5': '01050e29d417809c0d80869f28ba21fc', 'sha1': '598e29e6e8b6c3a9196eedbe0e109d92bfca8200', 'sha256': 'c78c86dbe990b2e84956a38d9de3d5ec1d2802f8ae4d96d7b56b15705e7ce082'}, 'dob': {'date': '1955-07-08T20:49:54.492Z', 'age': 68}, 'registered': {'date': '2015-11-30T05:21:01.018Z', 'age': 8}, 'phone': '25632448', 'cell': '43765791', 'id': {'name': 'FN', 'value': '08075541237'}, 'picture': {'large': 'https://randomuser.me/api/portraits/women/35.jpg', 'medium': 'https://randomuser.me/api/portraits/med/women/35.jpg', 'thumbnail': 'https://randomuser.me/api/portraits/thumb/women/35.jpg'}, 'nat': 'NO'}</msg>
<arg>${json_data['results'][0]}</arg>
<doc>Logs the given message with the given level.</doc>
<status status="PASS" start="2024-05-05T19:12:38.489822" elapsed="0.000406"/>
</kw>
<kw name="Log" owner="BuiltIn">
<msg time="2024-05-05T19:12:38.490642" level="INFO">location</msg>
<arg>${key}</arg>
<doc>Logs the given message with the given level.</doc>
<status status="PASS" start="2024-05-05T19:12:38.490519" elapsed="0.000160"/>
</kw>
<var name="${key}">location</var>
<status status="PASS" start="2024-05-05T19:12:38.488989" elapsed="0.001897"/>
</iter>
<iter>
<kw name="Dictionary Should Contain Key" owner="Collections">
<msg time="2024-05-05T19:12:38.491542" level="INFO">False</msg>
<arg>${json_data['results'][0]}</arg>
<arg>${key}</arg>
<doc>Fails if ``key`` is not found from ``dictionary``.</doc>
<status status="PASS" start="2024-05-05T19:12:38.491163" elapsed="0.000422"/>
</kw>
<kw name="Log" owner="BuiltIn">
<msg time="2024-05-05T19:12:38.492262" level="INFO">{'gender': 'female', 'name': {'title': 'Mrs', 'first': 'Elly', 'last': 'Trydal'}, 'location': {'street': {'number': 2425, 'name': 'Sørbyhaugen'}, 'city': 'Osøyro', 'state': 'Description', 'country': 'Norway', 'postcode': '5034', 'coordinates': {'latitude': '39.9181', 'longitude': '109.4952'}, 'timezone': {'offset': '-7:00', 'description': 'Mountain Time (US &amp; Canada)'}}, 'email': 'elly.trydal@example.com', 'login': {'uuid': '4e733d93-eb4b-46a3-a706-3d3a51895477', 'username': 'happyelephant845', 'password': '1114', 'salt': 'TqTxPoOD', 'md5': '01050e29d417809c0d80869f28ba21fc', 'sha1': '598e29e6e8b6c3a9196eedbe0e109d92bfca8200', 'sha256': 'c78c86dbe990b2e84956a38d9de3d5ec1d2802f8ae4d96d7b56b15705e7ce082'}, 'dob': {'date': '1955-07-08T20:49:54.492Z', 'age': 68}, 'registered': {'date': '2015-11-30T05:21:01.018Z', 'age': 8}, 'phone': '25632448', 'cell': '43765791', 'id': {'name': 'FN', 'value': '08075541237'}, 'picture': {'large': 'https://randomuser.me/api/portraits/women/35.jpg', 'medium': 'https://randomuser.me/api/portraits/med/women/35.jpg', 'thumbnail': 'https://randomuser.me/api/portraits/thumb/women/35.jpg'}, 'nat': 'NO'}</msg>
<arg>${json_data['results'][0]}</arg>
<doc>Logs the given message with the given level.</doc>
<status status="PASS" start="2024-05-05T19:12:38.491880" elapsed="0.000442"/>
</kw>
<kw name="Log" owner="BuiltIn">
<msg time="2024-05-05T19:12:38.492740" level="INFO">email</msg>
<arg>${key}</arg>
<doc>Logs the given message with the given level.</doc>
<status status="PASS" start="2024-05-05T19:12:38.492615" elapsed="0.000162"/>
</kw>
<var name="${key}">email</var>
<status status="PASS" start="2024-05-05T19:12:38.491056" elapsed="0.001934"/>
</iter>
<iter>
<kw name="Dictionary Should Contain Key" owner="Collections">
<msg time="2024-05-05T19:12:38.493650" level="INFO">False</msg>
<arg>${json_data['results'][0]}</arg>
<arg>${key}</arg>
<doc>Fails if ``key`` is not found from ``dictionary``.</doc>
<status status="PASS" start="2024-05-05T19:12:38.493268" elapsed="0.000419"/>
</kw>
<kw name="Log" owner="BuiltIn">
<msg time="2024-05-05T19:12:38.494345" level="INFO">{'gender': 'female', 'name': {'title': 'Mrs', 'first': 'Elly', 'last': 'Trydal'}, 'location': {'street': {'number': 2425, 'name': 'Sørbyhaugen'}, 'city': 'Osøyro', 'state': 'Description', 'country': 'Norway', 'postcode': '5034', 'coordinates': {'latitude': '39.9181', 'longitude': '109.4952'}, 'timezone': {'offset': '-7:00', 'description': 'Mountain Time (US &amp; Canada)'}}, 'email': 'elly.trydal@example.com', 'login': {'uuid': '4e733d93-eb4b-46a3-a706-3d3a51895477', 'username': 'happyelephant845', 'password': '1114', 'salt': 'TqTxPoOD', 'md5': '01050e29d417809c0d80869f28ba21fc', 'sha1': '598e29e6e8b6c3a9196eedbe0e109d92bfca8200', 'sha256': 'c78c86dbe990b2e84956a38d9de3d5ec1d2802f8ae4d96d7b56b15705e7ce082'}, 'dob': {'date': '1955-07-08T20:49:54.492Z', 'age': 68}, 'registered': {'date': '2015-11-30T05:21:01.018Z', 'age': 8}, 'phone': '25632448', 'cell': '43765791', 'id': {'name': 'FN', 'value': '08075541237'}, 'picture': {'large': 'https://randomuser.me/api/portraits/women/35.jpg', 'medium': 'https://randomuser.me/api/portraits/med/women/35.jpg', 'thumbnail': 'https://randomuser.me/api/portraits/thumb/women/35.jpg'}, 'nat': 'NO'}</msg>
<arg>${json_data['results'][0]}</arg>
<doc>Logs the given message with the given level.</doc>
<status status="PASS" start="2024-05-05T19:12:38.493976" elapsed="0.000418"/>
</kw>
<kw name="Log" owner="BuiltIn">
<msg time="2024-05-05T19:12:38.494811" level="INFO">login</msg>
<arg>${key}</arg>
<doc>Logs the given message with the given level.</doc>
<status status="PASS" start="2024-05-05T19:12:38.494687" elapsed="0.000160"/>
</kw>
<var name="${key}">login</var>
<status status="PASS" start="2024-05-05T19:12:38.493159" elapsed="0.001902"/>
</iter>
<var>${key}</var>
<value>@{expected_keys}</value>
<status status="PASS" start="2024-05-05T19:12:38.484540" elapsed="0.010668"/>
</for>
<kw name="Create List" owner="BuiltIn">
<msg time="2024-05-05T19:12:38.495540" level="INFO">${expected_keysTwo} = ['username', 'password']</msg>
<var>${expected_keysTwo}</var>
<arg>username</arg>
<arg>password</arg>
<doc>Returns a list containing given items.</doc>
<status status="PASS" start="2024-05-05T19:12:38.495405" elapsed="0.000158"/>
</kw>
<for flavor="IN">
<iter>
<kw name="Dictionary Should Contain Key" owner="Collections">
<msg time="2024-05-05T19:12:38.496469" level="INFO">False</msg>
<arg>${json_data['results'][0]['login']}</arg>
<arg>${keyTwo}</arg>
<doc>Fails if ``key`` is not found from ``dictionary``.</doc>
<status status="PASS" start="2024-05-05T19:12:38.496056" elapsed="0.000450"/>
</kw>
<kw name="Dictionary Should Contain Key" owner="Collections">
<msg time="2024-05-05T19:12:38.497172" level="INFO">False</msg>
<arg>${json_data['results'][0]['login']}</arg>
<arg>${keyTwo}</arg>
<doc>Fails if ``key`` is not found from ``dictionary``.</doc>
<status status="PASS" start="2024-05-05T19:12:38.496798" elapsed="0.000411"/>
</kw>
<kw name="Log" owner="BuiltIn">
<msg time="2024-05-05T19:12:38.497622" level="INFO">username</msg>
<arg>${keyTwo}</arg>
<doc>Logs the given message with the given level.</doc>
<status status="PASS" start="2024-05-05T19:12:38.497499" elapsed="0.000165"/>
</kw>
<var name="${keyTwo}">username</var>
<status status="PASS" start="2024-05-05T19:12:38.495948" elapsed="0.001926"/>
</iter>
<iter>
<kw name="Dictionary Should Contain Key" owner="Collections">
<msg time="2024-05-05T19:12:38.498614" level="INFO">False</msg>
<arg>${json_data['results'][0]['login']}</arg>
<arg>${keyTwo}</arg>
<doc>Fails if ``key`` is not found from ``dictionary``.</doc>
<status status="PASS" start="2024-05-05T19:12:38.498153" elapsed="0.000499"/>
</kw>
<kw name="Dictionary Should Contain Key" owner="Collections">
<msg time="2024-05-05T19:12:38.499322" level="INFO">False</msg>
<arg>${json_data['results'][0]['login']}</arg>
<arg>${keyTwo}</arg>
<doc>Fails if ``key`` is not found from ``dictionary``.</doc>
<status status="PASS" start="2024-05-05T19:12:38.498944" elapsed="0.000414"/>
</kw>
<kw name="Log" owner="BuiltIn">
<msg time="2024-05-05T19:12:38.499772" level="INFO">password</msg>
<arg>${keyTwo}</arg>
<doc>Logs the given message with the given level.</doc>
<status status="PASS" start="2024-05-05T19:12:38.499646" elapsed="0.000162"/>
</kw>
<var name="${keyTwo}">password</var>
<status status="PASS" start="2024-05-05T19:12:38.498045" elapsed="0.001975"/>
</iter>
<var>${keyTwo}</var>
<value>@{expected_keysTwo}</value>
<status status="PASS" start="2024-05-05T19:12:38.495795" elapsed="0.004345"/>
</for>
<status status="PASS" start="2024-05-05T19:12:37.756005" elapsed="0.744312"/>
</kw>
<doc>Testa a estrutura da resposta da API.</doc>
<tag>testeEstruturaResposta</tag>
<status status="PASS" start="2024-05-05T19:12:37.755491" elapsed="0.744988"/>
</test>
<test id="s1-s1-t4" name="Validar tipos de dados" line="28">
<kw name="Teste de Tipos de Dados" owner="random-user-service">
<kw name="GET On Session" owner="RequestsLibrary">
<msg time="2024-05-05T19:12:38.756094" level="INFO">GET Request : url=https://randomuser.me/api 
 path_url=/api 
 headers={'User-Agent': 'python-requests/2.31.0', 'Accept-Encoding': 'gzip, deflate', 'Accept': '*/*', 'Connection': 'keep-alive'} 
 body=None 
 </msg>
<msg time="2024-05-05T19:12:38.756195" level="INFO">GET Response : url=https://randomuser.me/api 
 status=200, reason=OK 
 headers={'Date': 'Sun, 05 May 2024 19:12:38 GMT', 'Content-Type': 'application/json; charset=utf-8', 'Transfer-Encoding': 'chunked', 'Connection': 'keep-alive', 'X-Powered-By': 'Express', 'Access-Control-Allow-Origin': '*', 'Cache-Control': 'no-cache', 'ETag': 'W/"486-lpC3sLkq+uKrzIrFvP1sKubt0xc"', 'Vary': 'Accept-Encoding', 'Content-Encoding': 'gzip', 'CF-Cache-Status': 'DYNAMIC', 'Report-To': '{"endpoints":[{"url":"https:\\/\\/a.nel.cloudflare.com\\/report\\/v4?s=sJK%2FB5aLsEDj0cVmKw7NnP9sK%2BWE0yh9L2LH0C1H8%2BkbNTsmybnRyBAIldDb9%2FUKMEzOClB25SZpMLciJ6Ci7uz8gRgPFaTogUH8nnum5MdMykCbLnY6gUmmbbo1xWqo"}],"group":"cf-nel","max_age":604800}', 'NEL': '{"success_fraction":0,"report_to":"cf-nel","max_age":604800}', 'Server': 'cloudflare', 'CF-RAY': '87f30b10aed5022a-ORD', 'alt-svc': 'h3=":443"; ma=86400'} 
 body={"results":[{"gender":"female","name":{"title":"Miss","first":"Ashley","last":"Sims"},"location":{"street":{"number":2696,"name":"London Road"},"city":"Belfast","state":"Essex","country":"United Kingdom","postcode":"ZF0J 7HE","coordinates":{"latitude":"-8.3742","longitude":"133.0719"},"timezone":{"offset":"-2:00","description":"Mid-Atlantic"}},"email":"ashley.sims@example.com","login":{"uuid":"1d354515-3069-408c-8626-6229da6f60f3","username":"greengorilla257","password":"blessed","salt":"bxLcGXVA","md5":"61068085783091480f8ec587d35cf96c","sha1":"4fdc5889376d8c4b423e5c6c3aa6fd99a3838e3d","sha256":"6624bc7e1baaa3485ab1b15b871f7692b95806e3202b3bc69dbab598b8646d01"},"dob":{"date":"1952-03-24T11:21:06.284Z","age":72},"registered":{"date":"2014-08-10T00:06:54.747Z","age":9},"phone":"016974 21299","cell":"07849 881788","id":{"name":"NINO","value":"PJ 31 09 82 N"},"picture":{"large":"https://randomuser.me/api/portraits/women/78.jpg","medium":"https://randomuser.me/api/portraits/med/women/78.jpg","thumbnail":"https://randomuser.me/api/portraits/thumb/women/78.jpg"},"nat":"GB"}],"info":{"seed":"e73a950007a65385","results":1,"page":1,"version":"1.4"}} 
 </msg>
<msg time="2024-05-05T19:12:38.756298" level="INFO">/opt/hostedtoolcache/Python/3.12.3/x64/lib/python3.12/site-packages/urllib3/connectionpool.py:1103: InsecureRequestWarning: Unverified HTTPS request is being made to host 'randomuser.me'. Adding certificate verification is strongly advised. See: https://urllib3.readthedocs.io/en/latest/advanced-usage.html#tls-warnings
  warnings.warn(</msg>
<msg time="2024-05-05T19:12:38.756424" level="INFO">${response} = &lt;Response [200]&gt;</msg>
<var>${response}</var>
<arg>consultarAPI</arg>
<arg>/api</arg>
<doc>Sends a GET request on a previously created HTTP Session.</doc>
<status status="PASS" start="2024-05-05T19:12:38.502924" elapsed="0.253539"/>
</kw>
<kw name="Set Variable" owner="BuiltIn">
<msg time="2024-05-05T19:12:38.757647" level="INFO">${json_data} = {'results': [{'gender': 'female', 'name': {'title': 'Miss', 'first': 'Ashley', 'last': 'Sims'}, 'location': {'street': {'number': 2696, 'name': 'London Road'}, 'city': 'Belfast', 'state': 'Essex', 'co...</msg>
<var>${json_data}</var>
<arg>${response.json()}</arg>
<doc>Returns the given values which can then be assigned to a variables.</doc>
<status status="PASS" start="2024-05-05T19:12:38.757089" elapsed="0.000586"/>
</kw>
<kw name="Log" owner="BuiltIn">
<msg time="2024-05-05T19:12:38.758137" level="INFO">{'results': [{'gender': 'female', 'name': {'title': 'Miss', 'first': 'Ashley', 'last': 'Sims'}, 'location': {'street': {'number': 2696, 'name': 'London Road'}, 'city': 'Belfast', 'state': 'Essex', 'country': 'United Kingdom', 'postcode': 'ZF0J 7HE', 'coordinates': {'latitude': '-8.3742', 'longitude': '133.0719'}, 'timezone': {'offset': '-2:00', 'description': 'Mid-Atlantic'}}, 'email': 'ashley.sims@example.com', 'login': {'uuid': '1d354515-3069-408c-8626-6229da6f60f3', 'username': 'greengorilla257', 'password': 'blessed', 'salt': 'bxLcGXVA', 'md5': '61068085783091480f8ec587d35cf96c', 'sha1': '4fdc5889376d8c4b423e5c6c3aa6fd99a3838e3d', 'sha256': '6624bc7e1baaa3485ab1b15b871f7692b95806e3202b3bc69dbab598b8646d01'}, 'dob': {'date': '1952-03-24T11:21:06.284Z', 'age': 72}, 'registered': {'date': '2014-08-10T00:06:54.747Z', 'age': 9}, 'phone': '016974 21299', 'cell': '07849 881788', 'id': {'name': 'NINO', 'value': 'PJ 31 09 82 N'}, 'picture': {'large': 'https://randomuser.me/api/portraits/women/78.jpg', 'medium': 'https://randomuser.me/api/portraits/med/women/78.jpg', 'thumbnail': 'https://randomuser.me/api/portraits/thumb/women/78.jpg'}, 'nat': 'GB'}], 'info': {'seed': 'e73a950007a65385', 'results': 1, 'page': 1, 'version': '1.4'}}</msg>
<arg>${json_data}</arg>
<doc>Logs the given message with the given level.</doc>
<status status="PASS" start="2024-05-05T19:12:38.757981" elapsed="0.000239"/>
</kw>
<kw name="Should Be String" owner="String">
<arg>${json_data['results'][0]['gender']}</arg>
<doc>Fails if the given ``item`` is not a string.</doc>
<status status="PASS" start="2024-05-05T19:12:38.758516" elapsed="0.000364"/>
</kw>
<kw name="Should Match Regexp" owner="BuiltIn">
<arg>${json_data['results'][0]['email']}</arg>
<arg>^[a-zA-Z0-9._%+-]+@[a-zA-Z0-9.-]+\.[a-zA-Z]{2,}$</arg>
<doc>Fails if ``string`` does not match ``pattern`` as a regular expression.</doc>
<status status="PASS" start="2024-05-05T19:12:38.759069" elapsed="0.000505"/>
</kw>
<kw name="Should Match Regexp" owner="BuiltIn">
<arg>${json_data['results'][0]['dob']['date']}</arg>
<arg>\\d{4}-\\d{2}-\\d{2}T\\d{2}:\\d{2}:\\d{2}\\.\\d{3}Z</arg>
<doc>Fails if ``string`` does not match ``pattern`` as a regular expression.</doc>
<status status="PASS" start="2024-05-05T19:12:38.759768" elapsed="0.000525"/>
</kw>
<kw name="Should Match Regexp" owner="BuiltIn">
<arg>${json_data['results'][0]['registered']['date']}</arg>
<arg>\\d{4}-\\d{2}-\\d{2}T\\d{2}:\\d{2}:\\d{2}\\.\\d{3}Z</arg>
<doc>Fails if ``string`` does not match ``pattern`` as a regular expression.</doc>
<status status="PASS" start="2024-05-05T19:12:38.760491" elapsed="0.000364"/>
</kw>
<kw name="Should Match Regexp" owner="BuiltIn">
<arg>${json_data['results'][0]['picture']['large']}</arg>
<arg>^https?://.*\.(?:png|jpe?g|gif|bmp)$</arg>
<doc>Fails if ``string`` does not match ``pattern`` as a regular expression.</doc>
<status status="PASS" start="2024-05-05T19:12:38.761053" elapsed="0.000449"/>
</kw>
<kw name="Should Match Regexp" owner="BuiltIn">
<arg>${json_data['results'][0]['picture']['medium']}</arg>
<arg>^https?://.*\.(?:png|jpe?g|gif|bmp)$</arg>
<doc>Fails if ``string`` does not match ``pattern`` as a regular expression.</doc>
<status status="PASS" start="2024-05-05T19:12:38.761684" elapsed="0.000354"/>
</kw>
<kw name="Should Match Regexp" owner="BuiltIn">
<arg>${json_data['results'][0]['picture']['thumbnail']}</arg>
<arg>^https?://.*\.(?:png|jpe?g|gif|bmp)$</arg>
<doc>Fails if ``string`` does not match ``pattern`` as a regular expression.</doc>
<status status="PASS" start="2024-05-05T19:12:38.762223" elapsed="0.000344"/>
</kw>
<kw name="Log" owner="BuiltIn">
<msg time="2024-05-05T19:12:38.763056" level="INFO">{'large': 'https://randomuser.me/api/portraits/women/78.jpg', 'medium': 'https://randomuser.me/api/portraits/med/women/78.jpg', 'thumbnail': 'https://randomuser.me/api/portraits/thumb/women/78.jpg'}</msg>
<arg>${json_data['results'][0]['picture']}</arg>
<doc>Logs the given message with the given level.</doc>
<status status="PASS" start="2024-05-05T19:12:38.762741" elapsed="0.000355"/>
</kw>
<status status="PASS" start="2024-05-05T19:12:38.502696" elapsed="0.260652"/>
</kw>
<kw name="Teste de Tipos de Dados - Postcode" owner="random-user-service">
<kw name="GET On Session" owner="RequestsLibrary">
<msg time="2024-05-05T19:12:38.895253" level="INFO">GET Request : url=https://randomuser.me/api 
 path_url=/api 
 headers={'User-Agent': 'python-requests/2.31.0', 'Accept-Encoding': 'gzip, deflate', 'Accept': '*/*', 'Connection': 'keep-alive'} 
 body=None 
 </msg>
<msg time="2024-05-05T19:12:38.895345" level="INFO">GET Response : url=https://randomuser.me/api 
 status=200, reason=OK 
 headers={'Date': 'Sun, 05 May 2024 19:12:38 GMT', 'Content-Type': 'application/json; charset=utf-8', 'Transfer-Encoding': 'chunked', 'Connection': 'keep-alive', 'X-Powered-By': 'Express', 'Access-Control-Allow-Origin': '*', 'Cache-Control': 'no-cache', 'ETag': 'W/"499-ZMjkr74EnA6rT2FFxN0eN8lYHDc"', 'Vary': 'Accept-Encoding', 'Content-Encoding': 'gzip', 'CF-Cache-Status': 'DYNAMIC', 'Report-To': '{"endpoints":[{"url":"https:\\/\\/a.nel.cloudflare.com\\/report\\/v4?s=Tldje0T6bnMdiYoTEhWDO66OlW9E7I1J6B91nqTgDfFziL7Zy6V04dWX0AMQo1IpEERV8DLEMGOnhc2YiQH%2F%2FcbSBoKy6rZeUqcqzfnPQjBhrTsQcWP%2BBM8oOAvZHSMO"}],"group":"cf-nel","max_age":604800}', 'NEL': '{"success_fraction":0,"report_to":"cf-nel","max_age":604800}', 'Server': 'cloudflare', 'CF-RAY': '87f30b124964022a-ORD', 'alt-svc': 'h3=":443"; ma=86400'} 
 body={"results":[{"gender":"male","name":{"title":"Mr","first":"Valtteri","last":"Luoma"},"location":{"street":{"number":176,"name":"Esplanadi"},"city":"Rusko","state":"Southern Ostrobothnia","country":"Finland","postcode":33343,"coordinates":{"latitude":"-25.4865","longitude":"-6.3390"},"timezone":{"offset":"-5:00","description":"Eastern Time (US &amp; Canada), Bogota, Lima"}},"email":"valtteri.luoma@example.com","login":{"uuid":"e8301cc4-174d-4e72-a2a2-30629c09b29a","username":"redcat305","password":"bruce","salt":"eBsZ7CjA","md5":"effb9b138702634a4311dde84aa17772","sha1":"0a65e8e495d32babdf4042e5cbb4eea4c63a8a3f","sha256":"5ba0b052b4b49a25a32b303e21442de1a91f20db978b429ea9e6793e846ef96d"},"dob":{"date":"1946-11-09T08:40:04.461Z","age":77},"registered":{"date":"2010-03-15T01:57:22.749Z","age":14},"phone":"06-706-615","cell":"046-096-43-63","id":{"name":"HETU","value":"NaNNA189undefined"},"picture":{"large":"https://randomuser.me/api/portraits/men/18.jpg","medium":"https://randomuser.me/api/portraits/med/men/18.jpg","thumbnail":"https://randomuser.me/api/portraits/thumb/men/18.jpg"},"nat":"FI"}],"info":{"seed":"72e24d70f0dcfa7e","results":1,"page":1,"version":"1.4"}} 
 </msg>
<msg time="2024-05-05T19:12:38.895414" level="INFO">/opt/hostedtoolcache/Python/3.12.3/x64/lib/python3.12/site-packages/urllib3/connectionpool.py:1103: InsecureRequestWarning: Unverified HTTPS request is being made to host 'randomuser.me'. Adding certificate verification is strongly advised. See: https://urllib3.readthedocs.io/en/latest/advanced-usage.html#tls-warnings
  warnings.warn(</msg>
<msg time="2024-05-05T19:12:38.895533" level="INFO">${response} = &lt;Response [200]&gt;</msg>
<var>${response}</var>
<arg>consultarAPI</arg>
<arg>/api</arg>
<doc>Sends a GET request on a previously created HTTP Session.</doc>
<status status="PASS" start="2024-05-05T19:12:38.763802" elapsed="0.131770"/>
</kw>
<kw name="Set Variable" owner="BuiltIn">
<msg time="2024-05-05T19:12:38.896774" level="INFO">${json_data} = {'results': [{'gender': 'male', 'name': {'title': 'Mr', 'first': 'Valtteri', 'last': 'Luoma'}, 'location': {'street': {'number': 176, 'name': 'Esplanadi'}, 'city': 'Rusko', 'state': 'Southern Ostrobot...</msg>
<var>${json_data}</var>
<arg>${response.json()}</arg>
<doc>Returns the given values which can then be assigned to a variables.</doc>
<status status="PASS" start="2024-05-05T19:12:38.896158" elapsed="0.000644"/>
</kw>
<kw name="Log" owner="BuiltIn">
<msg time="2024-05-05T19:12:38.897264" level="INFO">{'results': [{'gender': 'male', 'name': {'title': 'Mr', 'first': 'Valtteri', 'last': 'Luoma'}, 'location': {'street': {'number': 176, 'name': 'Esplanadi'}, 'city': 'Rusko', 'state': 'Southern Ostrobothnia', 'country': 'Finland', 'postcode': 33343, 'coordinates': {'latitude': '-25.4865', 'longitude': '-6.3390'}, 'timezone': {'offset': '-5:00', 'description': 'Eastern Time (US &amp; Canada), Bogota, Lima'}}, 'email': 'valtteri.luoma@example.com', 'login': {'uuid': 'e8301cc4-174d-4e72-a2a2-30629c09b29a', 'username': 'redcat305', 'password': 'bruce', 'salt': 'eBsZ7CjA', 'md5': 'effb9b138702634a4311dde84aa17772', 'sha1': '0a65e8e495d32babdf4042e5cbb4eea4c63a8a3f', 'sha256': '5ba0b052b4b49a25a32b303e21442de1a91f20db978b429ea9e6793e846ef96d'}, 'dob': {'date': '1946-11-09T08:40:04.461Z', 'age': 77}, 'registered': {'date': '2010-03-15T01:57:22.749Z', 'age': 14}, 'phone': '06-706-615', 'cell': '046-096-43-63', 'id': {'name': 'HETU', 'value': 'NaNNA189undefined'}, 'picture': {'large': 'https://randomuser.me/api/portraits/men/18.jpg', 'medium': 'https://randomuser.me/api/portraits/med/men/18.jpg', 'thumbnail': 'https://randomuser.me/api/portraits/thumb/men/18.jpg'}, 'nat': 'FI'}], 'info': {'seed': '72e24d70f0dcfa7e', 'results': 1, 'page': 1, 'version': '1.4'}}</msg>
<arg>${json_data}</arg>
<doc>Logs the given message with the given level.</doc>
<status status="PASS" start="2024-05-05T19:12:38.897111" elapsed="0.000234"/>
</kw>
<kw name="Should Be Equal As Numbers" owner="BuiltIn">
<arg>${json_data['results'][0]['location']['postcode']}</arg>
<arg>${json_data['results'][0]['location']['postcode']}</arg>
<doc>Fails if objects are unequal after converting them to real numbers.</doc>
<status status="PASS" start="2024-05-05T19:12:38.897812" elapsed="0.000613"/>
</kw>
<kw name="Log" owner="BuiltIn">
<msg time="2024-05-05T19:12:38.898947" level="INFO">33343</msg>
<arg>${json_data['results'][0]['location']['postcode']}</arg>
<doc>Logs the given message with the given level.</doc>
<status status="PASS" start="2024-05-05T19:12:38.898615" elapsed="0.000370"/>
</kw>
<status status="PASS" start="2024-05-05T19:12:38.763575" elapsed="0.135662"/>
</kw>
<doc>Testa se os tipos de dados na resposta da API estão corretos.</doc>
<tag>testeTiposDados</tag>
<status status="PASS" start="2024-05-05T19:12:38.502232" elapsed="0.397171"/>
</test>
<test id="s1-s1-t5" name="Validar conteudo" line="35">
<kw name="Teste de Tipos de Conteudo" owner="random-user-service">
<kw name="GET On Session" owner="RequestsLibrary">
<msg time="2024-05-05T19:12:40.634209" level="INFO">GET Request : url=https://randomuser.me/api 
 path_url=/api 
 headers={'User-Agent': 'python-requests/2.31.0', 'Accept-Encoding': 'gzip, deflate', 'Accept': '*/*', 'Connection': 'keep-alive'} 
 body=None 
 </msg>
<msg time="2024-05-05T19:12:40.634318" level="INFO">GET Response : url=https://randomuser.me/api 
 status=200, reason=OK 
 headers={'Date': 'Sun, 05 May 2024 19:12:40 GMT', 'Content-Type': 'application/json; charset=utf-8', 'Transfer-Encoding': 'chunked', 'Connection': 'keep-alive', 'X-Powered-By': 'Express', 'Access-Control-Allow-Origin': '*', 'Cache-Control': 'no-cache', 'ETag': 'W/"4a3-q4Tf2AqGXqD1ZkF9cpi2v/q305o"', 'Vary': 'Accept-Encoding', 'Content-Encoding': 'gzip', 'CF-Cache-Status': 'DYNAMIC', 'Report-To': '{"endpoints":[{"url":"https:\\/\\/a.nel.cloudflare.com\\/report\\/v4?s=KFnWBU7okXBa6jA8oX6v8M56verlQ7TYAxpEXLzac%2BuO6BjPJtC0ajB%2F8aZ%2BbVDhpE1s0%2BtOoyVlbecvAnnSCYBpBBIQ%2B0UO9lF1AtnHpHTqdnpl3%2FVTZhfgTEN8j0UE"}],"group":"cf-nel","max_age":604800}', 'NEL': '{"success_fraction":0,"report_to":"cf-nel","max_age":604800}', 'Server': 'cloudflare', 'CF-RAY': '87f30b132ac7022a-ORD', 'alt-svc': 'h3=":443"; ma=86400'} 
 body={"results":[{"gender":"female","name":{"title":"Miss","first":"Lærke","last":"Rasmussen"},"location":{"street":{"number":959,"name":"Fåborgvej"},"city":"København Ø","state":"Syddanmark","country":"Denmark","postcode":42907,"coordinates":{"latitude":"-39.5626","longitude":"148.5028"},"timezone":{"offset":"-5:00","description":"Eastern Time (US &amp; Canada), Bogota, Lima"}},"email":"laerke.rasmussen@example.com","login":{"uuid":"9e03137d-582d-4bb1-9c7f-b855b19b9d40","username":"yellowpeacock588","password":"iloveyou2","salt":"Hj2QSeuV","md5":"5a040706b1a8d5472c2fc42f0bcd5880","sha1":"fe0dbcd7f1464ab4c84ac8a98f30f392d0394c96","sha256":"349b1ec75599f0e754432bb1e046599ad32faefe082f66b9883e3678a8f9eff9"},"dob":{"date":"1965-03-26T09:26:29.979Z","age":59},"registered":{"date":"2009-06-06T05:19:32.827Z","age":14},"phone":"05758208","cell":"88284243","id":{"name":"CPR","value":"260365-5994"},"picture":{"large":"https://randomuser.me/api/portraits/women/67.jpg","medium":"https://randomuser.me/api/portraits/med/women/67.jpg","thumbnail":"https://randomuser.me/api/portraits/thumb/women/67.jpg"},"nat":"DK"}],"info":{"seed":"2995774bf7c42eb4","results":1,"page":1,"version":"1.4"}} 
 </msg>
<msg time="2024-05-05T19:12:40.634403" level="INFO">/opt/hostedtoolcache/Python/3.12.3/x64/lib/python3.12/site-packages/urllib3/connectionpool.py:1103: InsecureRequestWarning: Unverified HTTPS request is being made to host 'randomuser.me'. Adding certificate verification is strongly advised. See: https://urllib3.readthedocs.io/en/latest/advanced-usage.html#tls-warnings
  warnings.warn(</msg>
<msg time="2024-05-05T19:12:40.634545" level="INFO">${response} = &lt;Response [200]&gt;</msg>
<var>${response}</var>
<arg>consultarAPI</arg>
<arg>/api</arg>
<doc>Sends a GET request on a previously created HTTP Session.</doc>
<status status="PASS" start="2024-05-05T19:12:38.901958" elapsed="1.732634"/>
</kw>
<kw name="Set Variable" owner="BuiltIn">
<msg time="2024-05-05T19:12:40.635814" level="INFO">${json_data} = {'results': [{'gender': 'female', 'name': {'title': 'Miss', 'first': 'Lærke', 'last': 'Rasmussen'}, 'location': {'street': {'number': 959, 'name': 'Fåborgvej'}, 'city': 'København Ø', 'state': 'Syddan...</msg>
<var>${json_data}</var>
<arg>${response.json()}</arg>
<doc>Returns the given values which can then be assigned to a variables.</doc>
<status status="PASS" start="2024-05-05T19:12:40.635242" elapsed="0.000602"/>
</kw>
<kw name="Set Variable" owner="BuiltIn">
<msg time="2024-05-05T19:12:40.636586" level="INFO">${name_title} = Miss</msg>
<var>${name_title}</var>
<arg>${json_data["results"][0]["name"]["title"]}</arg>
<doc>Returns the given values which can then be assigned to a variables.</doc>
<status status="PASS" start="2024-05-05T19:12:40.636155" elapsed="0.000456"/>
</kw>
<kw name="Create List" owner="BuiltIn">
<msg time="2024-05-05T19:12:40.637056" level="INFO">${allowed_titles} = ['Mr', 'Ms', 'Miss', 'Mrs', 'Madame', 'Monsieur']</msg>
<var>${allowed_titles}</var>
<arg>Mr</arg>
<arg>Ms</arg>
<arg>Miss</arg>
<arg>Mrs</arg>
<arg>Madame</arg>
<arg>Monsieur</arg>
<doc>Returns a list containing given items.</doc>
<status status="PASS" start="2024-05-05T19:12:40.636910" elapsed="0.000170"/>
</kw>
<kw name="List Should Contain Value" owner="Collections">
<msg time="2024-05-05T19:12:40.637547" level="INFO">False</msg>
<arg>${allowed_titles}</arg>
<arg>${name_title}</arg>
<doc>Fails if the ``value`` is not found from ``list``.</doc>
<status status="PASS" start="2024-05-05T19:12:40.637374" elapsed="0.000209"/>
</kw>
<kw name="Set Variable" owner="BuiltIn">
<msg time="2024-05-05T19:12:40.638250" level="INFO">${name_country} = DK</msg>
<var>${name_country}</var>
<arg>${json_data["results"][0]["nat"]}</arg>
<doc>Returns the given values which can then be assigned to a variables.</doc>
<status status="PASS" start="2024-05-05T19:12:40.637876" elapsed="0.000398"/>
</kw>
<kw name="Create List" owner="BuiltIn">
<msg time="2024-05-05T19:12:40.639153" level="INFO">${list_country} = ['AD', 'AE', 'AF', 'AG', 'AI', 'AL', 'AM', 'AO', 'AQ', 'AR', 'AS', 'AT', 'AU', 'AW', 'AX', 'AZ', 'BA', 'BB', 'BD', 'BE', 'BF', 'BG', 'BH', 'BI', 'BJ', 'BL', 'BM', 'BN', 'BO', 'BQ', 'BR', 'BS', 'BT', '...</msg>
<var>${list_country}</var>
<arg>AD</arg>
<arg>AE</arg>
<arg>AF</arg>
<arg>AG</arg>
<arg>AI</arg>
<arg>AL</arg>
<arg>AM</arg>
<arg>AO</arg>
<arg>AQ</arg>
<arg>AR</arg>
<arg>AS</arg>
<arg>AT</arg>
<arg>AU</arg>
<arg>AW</arg>
<arg>AX</arg>
<arg>AZ</arg>
<arg>BA</arg>
<arg>BB</arg>
<arg>BD</arg>
<arg>BE</arg>
<arg>BF</arg>
<arg>BG</arg>
<arg>BH</arg>
<arg>BI</arg>
<arg>BJ</arg>
<arg>BL</arg>
<arg>BM</arg>
<arg>BN</arg>
<arg>BO</arg>
<arg>BQ</arg>
<arg>BR</arg>
<arg>BS</arg>
<arg>BT</arg>
<arg>BV</arg>
<arg>BW</arg>
<arg>BY</arg>
<arg>BZ</arg>
<arg>CA</arg>
<arg>CC</arg>
<arg>CD</arg>
<arg>CF</arg>
<arg>CG</arg>
<arg>CH</arg>
<arg>CI</arg>
<arg>CK</arg>
<arg>CL</arg>
<arg>CM</arg>
<arg>CN</arg>
<arg>CO</arg>
<arg>CR</arg>
<arg>CU</arg>
<arg>CV</arg>
<arg>CW</arg>
<arg>CX</arg>
<arg>CY</arg>
<arg>CZ</arg>
<arg>DE</arg>
<arg>DJ</arg>
<arg>DK</arg>
<arg>DM</arg>
<arg>DO</arg>
<arg>DZ</arg>
<arg>EC</arg>
<arg>EE</arg>
<arg>EG</arg>
<arg>EH</arg>
<arg>ER</arg>
<arg>ES</arg>
<arg>ET</arg>
<arg>FI</arg>
<arg>FJ</arg>
<arg>FK</arg>
<arg>FM</arg>
<arg>FO</arg>
<arg>FR</arg>
<arg>GA</arg>
<arg>GB</arg>
<arg>GD</arg>
<arg>GE</arg>
<arg>GF</arg>
<arg>GG</arg>
<arg>GH</arg>
<arg>GI</arg>
<arg>GL</arg>
<arg>GM</arg>
<arg>GN</arg>
<arg>GP</arg>
<arg>GQ</arg>
<arg>GR</arg>
<arg>GS</arg>
<arg>GT</arg>
<arg>GU</arg>
<arg>GW</arg>
<arg>GY</arg>
<arg>HK</arg>
<arg>HM</arg>
<arg>HN</arg>
<arg>HR</arg>
<arg>HT</arg>
<arg>HU</arg>
<arg>ID</arg>
<arg>IE</arg>
<arg>IL</arg>
<arg>IM</arg>
<arg>IN</arg>
<arg>IO</arg>
<arg>IQ</arg>
<arg>IR</arg>
<arg>IS</arg>
<arg>IT</arg>
<arg>JE</arg>
<arg>JM</arg>
<arg>JO</arg>
<arg>JP</arg>
<arg>KE</arg>
<arg>KG</arg>
<arg>KH</arg>
<arg>KI</arg>
<arg>KM</arg>
<arg>KN</arg>
<arg>KP</arg>
<arg>KR</arg>
<arg>KW</arg>
<arg>KY</arg>
<arg>KZ</arg>
<arg>LA</arg>
<arg>LB</arg>
<arg>LC</arg>
<arg>LI</arg>
<arg>LK</arg>
<arg>LR</arg>
<arg>LS</arg>
<arg>LT</arg>
<arg>LU</arg>
<arg>LV</arg>
<arg>LY</arg>
<arg>MA</arg>
<arg>MC</arg>
<arg>MD</arg>
<arg>ME</arg>
<arg>MF</arg>
<arg>MG</arg>
<arg>MH</arg>
<arg>MK</arg>
<arg>ML</arg>
<arg>MM</arg>
<arg>MN</arg>
<arg>MO</arg>
<arg>MP</arg>
<arg>MQ</arg>
<arg>MR</arg>
<arg>MS</arg>
<arg>MT</arg>
<arg>MU</arg>
<arg>MV</arg>
<arg>MW</arg>
<arg>MX</arg>
<arg>MY</arg>
<arg>MZ</arg>
<arg>NA</arg>
<arg>NC</arg>
<arg>NE</arg>
<arg>NF</arg>
<arg>NG</arg>
<arg>NI</arg>
<arg>NL</arg>
<arg>NO</arg>
<arg>NP</arg>
<arg>NR</arg>
<arg>NU</arg>
<arg>NZ</arg>
<arg>OM</arg>
<arg>PA</arg>
<arg>PE</arg>
<arg>PF</arg>
<arg>PG</arg>
<arg>PH</arg>
<arg>PK</arg>
<arg>PL</arg>
<arg>PM</arg>
<arg>PN</arg>
<arg>PR</arg>
<arg>PS</arg>
<arg>PT</arg>
<arg>PW</arg>
<arg>PY</arg>
<arg>QA</arg>
<arg>RE</arg>
<arg>RO</arg>
<arg>RS</arg>
<arg>RU</arg>
<arg>RW</arg>
<arg>SA</arg>
<arg>SB</arg>
<arg>SC</arg>
<arg>SD</arg>
<arg>SE</arg>
<arg>SG</arg>
<arg>SH</arg>
<arg>SI</arg>
<arg>SJ</arg>
<arg>SK</arg>
<arg>SL</arg>
<arg>SM</arg>
<arg>SN</arg>
<arg>SO</arg>
<arg>SR</arg>
<arg>SS</arg>
<arg>ST</arg>
<arg>SV</arg>
<arg>SX</arg>
<arg>SY</arg>
<arg>SZ</arg>
<arg>TC</arg>
<arg>TD</arg>
<arg>TF</arg>
<arg>TG</arg>
<arg>TH</arg>
<arg>TJ</arg>
<arg>TK</arg>
<arg>TL</arg>
<arg>TM</arg>
<arg>TN</arg>
<arg>TO</arg>
<arg>TR</arg>
<arg>TT</arg>
<arg>TV</arg>
<arg>TW</arg>
<arg>TZ</arg>
<arg>UA</arg>
<arg>UG</arg>
<arg>UM</arg>
<arg>US</arg>
<arg>UY</arg>
<arg>UZ</arg>
<arg>VA</arg>
<arg>VC</arg>
<arg>VE</arg>
<arg>VG</arg>
<arg>VI</arg>
<arg>VN</arg>
<arg>VU</arg>
<arg>WF</arg>
<arg>WS</arg>
<arg>XK</arg>
<arg>YE</arg>
<arg>YT</arg>
<arg>ZA</arg>
<arg>ZM</arg>
<arg>ZW</arg>
<doc>Returns a list containing given items.</doc>
<status status="PASS" start="2024-05-05T19:12:40.638568" elapsed="0.000610"/>
</kw>
<kw name="List Should Contain Value" owner="Collections">
<msg time="2024-05-05T19:12:40.640161" level="INFO">False</msg>
<arg>${list_country}</arg>
<arg>${name_country}</arg>
<doc>Fails if the ``value`` is not found from ``list``.</doc>
<status status="PASS" start="2024-05-05T19:12:40.639965" elapsed="0.000233"/>
</kw>
<kw name="Run Keyword If" owner="BuiltIn">
<kw name="Should Be True" owner="BuiltIn">
<arg>${True}</arg>
<doc>Fails if the given condition is not true.</doc>
<status status="PASS" start="2024-05-05T19:12:40.641290" elapsed="0.000259"/>
</kw>
<arg>${json_data["results"][0]["location"]["coordinates"]["latitude"]} &gt;= -90 and ${json_data["results"][0]["location"]["coordinates"]["latitude"]} &lt;= 90</arg>
<arg>Should Be True</arg>
<arg>${True}</arg>
<doc>Runs the given keyword with the given arguments, if ``condition`` is true.</doc>
<status status="PASS" start="2024-05-05T19:12:40.640544" elapsed="0.001135"/>
</kw>
<kw name="Run Keyword If" owner="BuiltIn">
<kw name="Should Be True" owner="BuiltIn">
<arg>${True}</arg>
<doc>Fails if the given condition is not true.</doc>
<status status="PASS" start="2024-05-05T19:12:40.642560" elapsed="0.000137"/>
</kw>
<arg>${json_data["results"][0]["location"]["coordinates"]["longitude"]} &gt;= -180 and ${json_data["results"][0]["location"]["coordinates"]["longitude"]} &lt;= 180</arg>
<arg>Should Be True</arg>
<arg>${True}</arg>
<doc>Runs the given keyword with the given arguments, if ``condition`` is true.</doc>
<status status="PASS" start="2024-05-05T19:12:40.641864" elapsed="0.000954"/>
</kw>
<status status="PASS" start="2024-05-05T19:12:38.901733" elapsed="1.741222"/>
</kw>
<doc>Testa o conteúdo específico dos campos retornados pela API.</doc>
<tag>testeConteudo</tag>
<status status="PASS" start="2024-05-05T19:12:38.901189" elapsed="1.741917"/>
</test>
<status status="PASS" start="2024-05-05T19:12:35.835750" elapsed="4.809409"/>
</suite>
<status status="PASS" start="2024-05-05T19:12:35.821994" elapsed="4.828375"/>
</suite>
<statistics>
<total>
<stat pass="5" fail="0" skip="0">All Tests</stat>
</total>
<tag>
<stat pass="1" fail="0" skip="0">testeConteudo</stat>
<stat pass="1" fail="0" skip="0">testeEstruturaResposta</stat>
<stat pass="1" fail="0" skip="0">testeRequisicaoBasica</stat>
<stat pass="1" fail="0" skip="0">testeTiposDados</stat>
</tag>
<suite>
<stat pass="5" fail="0" skip="0" id="s1" name="Tests">Tests</stat>
<stat pass="5" fail="0" skip="0" id="s1-s1" name="Random-User-Test">Tests.Random-User-Test</stat>
</suite>
</statistics>
<errors>
</errors>
</robot>
