<?xml version="1.0" encoding="UTF-8"?>
<robot generator="Robot 7.0.1 (Python 3.12.4 on linux)" generated="2024-07-05T09:17:39.168778" rpa="false" schemaversion="5">
<suite id="s1" name="Tests" source="/home/runner/work/ApiRandomUser/ApiRandomUser/RamdonUser/tests">
<suite id="s1-s1" name="Random-User-Test" source="/home/runner/work/ApiRandomUser/ApiRandomUser/RamdonUser/tests/random-user-test.robot">
<test id="s1-s1-t1" name="Conectar" line="13">
<kw name="Conectar API" owner="random-user-service">
<kw name="Create Session" owner="RequestsLibrary">
<msg time="2024-07-05T09:17:39.594166" level="INFO">Creating Session using : alias=consultarAPI, url=https://randomuser.me/, headers={},                     cookies={}, auth=None, timeout=None, proxies=None, verify=False,                     debug=0 </msg>
<arg>consultarAPI</arg>
<arg>${URL}</arg>
<doc>Create Session: create a HTTP session to a server</doc>
<status status="PASS" start="2024-07-05T09:17:39.593944" elapsed="0.000428"/>
</kw>
<status status="PASS" start="2024-07-05T09:17:39.592929" elapsed="0.001865"/>
</kw>
<status status="PASS" start="2024-07-05T09:17:39.592319" elapsed="0.002669"/>
</test>
<test id="s1-s1-t2" name="Validar retorno 200 e JSON Válido" line="16">
<kw name="Teste de Requisicao Basica" owner="random-user-service">
<kw name="GET On Session" owner="RequestsLibrary">
<msg time="2024-07-05T09:17:39.745938" level="INFO">GET Request : url=https://randomuser.me/api 
 path_url=/api 
 headers={'User-Agent': 'python-requests/2.32.3', 'Accept-Encoding': 'gzip, deflate', 'Accept': '*/*', 'Connection': 'keep-alive'} 
 body=None 
 </msg>
<msg time="2024-07-05T09:17:39.746113" level="INFO">GET Response : url=https://randomuser.me/api 
 status=200, reason=OK 
 headers={'Date': 'Fri, 05 Jul 2024 09:17:39 GMT', 'Content-Type': 'application/json; charset=utf-8', 'Transfer-Encoding': 'chunked', 'Connection': 'keep-alive', 'X-Powered-By': 'Express', 'Access-Control-Allow-Origin': '*', 'Cache-Control': 'no-cache', 'ETag': 'W/"49b-jSDiDsXYueY3eNRF2pn2IED3m+8"', 'Vary': 'Accept-Encoding', 'Content-Encoding': 'gzip', 'CF-Cache-Status': 'DYNAMIC', 'Report-To': '{"endpoints":[{"url":"https:\\/\\/a.nel.cloudflare.com\\/report\\/v4?s=L4hEMiNw3fC6h0zwDUNebXH61SkBgbaKl%2Bcrws947ZskiStkarlYLRW1GfiuSDKDOwrDTA8cWH7dRokef94MlGGsuo%2BY8KtjgDcQifb2aaNnlgR0IfldNihQrmanaWZf"}],"group":"cf-nel","max_age":604800}', 'NEL': '{"success_fraction":0,"report_to":"cf-nel","max_age":604800}', 'Server': 'cloudflare', 'CF-RAY': '89e643630b316172-ORD', 'alt-svc': 'h3=":443"; ma=86400'} 
 body={"results":[{"gender":"female","name":{"title":"Mrs","first":"Sarah","last":"Wilson"},"location":{"street":{"number":3275,"name":"Green Rd"},"city":"Toowoomba","state":"Western Australia","country":"Australia","postcode":3308,"coordinates":{"latitude":"-87.9020","longitude":"133.8586"},"timezone":{"offset":"+10:00","description":"Eastern Australia, Guam, Vladivostok"}},"email":"sarah.wilson@example.com","login":{"uuid":"df9f55de-ea5b-405b-9c9c-726503eb86e4","username":"silverladybug233","password":"mercury","salt":"PuRatRvW","md5":"357c38e20382fd8dd3c142949d01ca3f","sha1":"9a4ad67c3ce034fe98295b93f36d1074e3021cb0","sha256":"85d2f01bb620e9bafa419f0614538afa3a0896105d215b68b40351ab6ff78c25"},"dob":{"date":"1968-08-05T00:46:28.880Z","age":55},"registered":{"date":"2009-01-20T15:01:06.029Z","age":15},"phone":"02-8753-9257","cell":"0400-759-179","id":{"name":"TFN","value":"254537944"},"picture":{"large":"https://randomuser.me/api/portraits/women/2.jpg","medium":"https://randomuser.me/api/portraits/med/women/2.jpg","thumbnail":"https://randomuser.me/api/portraits/thumb/women/2.jpg"},"nat":"AU"}],"info":{"seed":"90c597450109b592","results":1,"page":1,"version":"1.4"}} 
 </msg>
<msg time="2024-07-05T09:17:39.746213" level="INFO">/opt/hostedtoolcache/Python/3.12.4/x64/lib/python3.12/site-packages/urllib3/connectionpool.py:1099: InsecureRequestWarning: Unverified HTTPS request is being made to host 'randomuser.me'. Adding certificate verification is strongly advised. See: https://urllib3.readthedocs.io/en/latest/advanced-usage.html#tls-warnings
  warnings.warn(</msg>
<msg time="2024-07-05T09:17:39.746380" level="INFO">${response} = &lt;Response [200]&gt;</msg>
<var>${response}</var>
<arg>consultarAPI</arg>
<arg>/api</arg>
<doc>Sends a GET request on a previously created HTTP Session.</doc>
<status status="PASS" start="2024-07-05T09:17:39.597654" elapsed="0.148800"/>
</kw>
<kw name="Should Be Equal As Numbers" owner="BuiltIn">
<msg time="2024-07-05T09:17:39.747716" level="INFO">Argument types are:
&lt;class 'int'&gt;
&lt;class 'str'&gt;</msg>
<arg>${response.status_code}</arg>
<arg>200</arg>
<doc>Fails if objects are unequal after converting them to real numbers.</doc>
<status status="PASS" start="2024-07-05T09:17:39.747197" elapsed="0.000616"/>
</kw>
<kw name="Log" owner="BuiltIn">
<msg time="2024-07-05T09:17:39.748568" level="INFO">200</msg>
<arg>${response.status_code}</arg>
<doc>Logs the given message with the given level.</doc>
<status status="PASS" start="2024-07-05T09:17:39.748195" elapsed="0.000417"/>
</kw>
<kw name="Set Variable" owner="BuiltIn">
<msg time="2024-07-05T09:17:39.749367" level="INFO">${json_data} = {'results': [{'gender': 'female', 'name': {'title': 'Mrs', 'first': 'Sarah', 'last': 'Wilson'}, 'location': {'street': {'number': 3275, 'name': 'Green Rd'}, 'city': 'Toowoomba', 'state': 'Western Aust...</msg>
<var>${json_data}</var>
<arg>${response.json()}</arg>
<doc>Returns the given values which can then be assigned to a variables.</doc>
<status status="PASS" start="2024-07-05T09:17:39.748924" elapsed="0.000472"/>
</kw>
<kw name="Dictionary Should Contain Key" owner="Collections">
<arg>${json_data}</arg>
<arg>results</arg>
<doc>Fails if ``key`` is not found from ``dictionary``.</doc>
<status status="PASS" start="2024-07-05T09:17:39.749701" elapsed="0.000168"/>
</kw>
<status status="PASS" start="2024-07-05T09:17:39.597391" elapsed="0.152629"/>
</kw>
<doc>Testa se a API responde corretamente e retorna um objeto JSON válido.</doc>
<tag>testeRequisicaoBasica</tag>
<status status="PASS" start="2024-07-05T09:17:39.596893" elapsed="0.153307"/>
</test>
<test id="s1-s1-t3" name="Validar estrutura de resposta" line="22">
<kw name="Teste de Estrutura de Resposta" owner="random-user-service">
<kw name="GET On Session" owner="RequestsLibrary">
<msg time="2024-07-05T09:17:39.936232" level="INFO">GET Request : url=https://randomuser.me/api 
 path_url=/api 
 headers={'User-Agent': 'python-requests/2.32.3', 'Accept-Encoding': 'gzip, deflate', 'Accept': '*/*', 'Connection': 'keep-alive'} 
 body=None 
 </msg>
<msg time="2024-07-05T09:17:39.936333" level="INFO">GET Response : url=https://randomuser.me/api 
 status=200, reason=OK 
 headers={'Date': 'Fri, 05 Jul 2024 09:17:39 GMT', 'Content-Type': 'application/json; charset=utf-8', 'Transfer-Encoding': 'chunked', 'Connection': 'keep-alive', 'X-Powered-By': 'Express', 'Access-Control-Allow-Origin': '*', 'Cache-Control': 'no-cache', 'ETag': 'W/"4a8-JQreb3NZvG07T/oU7h6kNkJ5DAc"', 'Vary': 'Accept-Encoding', 'Content-Encoding': 'gzip', 'CF-Cache-Status': 'DYNAMIC', 'Report-To': '{"endpoints":[{"url":"https:\\/\\/a.nel.cloudflare.com\\/report\\/v4?s=LiKTpNAL3pVOBrCgmVWVbpr8Y4bdltb5HQ7mZjuTqu8fvUXGN5pUNH9u8%2FsJErDrycCQ%2B7GB5E9qsA75TItOrZoLbpoWvGvA5ATIwT23fMGFtJ2QHfJZVl8C9W3XIG8O"}],"group":"cf-nel","max_age":604800}', 'NEL': '{"success_fraction":0,"report_to":"cf-nel","max_age":604800}', 'Server': 'cloudflare', 'CF-RAY': '89e643637b876172-ORD', 'alt-svc': 'h3=":443"; ma=86400'} 
 body={"results":[{"gender":"female","name":{"title":"Madame","first":"Nuria","last":"Chevalier"},"location":{"street":{"number":7578,"name":"Rue des Abbesses"},"city":"Kilchberg (Zh)","state":"Vaud","country":"Switzerland","postcode":5554,"coordinates":{"latitude":"-58.2784","longitude":"96.8137"},"timezone":{"offset":"+9:00","description":"Tokyo, Seoul, Osaka, Sapporo, Yakutsk"}},"email":"nuria.chevalier@example.com","login":{"uuid":"c23dca7e-ed5e-47a3-b75a-d8fb4c8160b6","username":"redsnake589","password":"feet","salt":"3t3DNoCE","md5":"a523f69c75f6d36abc99831a73b08ad3","sha1":"94987aba74239ceec9ec257a282078a31390299a","sha256":"dd5fcb11d0550fb04f6cc688cbcf10368d2ede4f9d306ea516420aec6338ee60"},"dob":{"date":"1997-12-31T19:47:57.012Z","age":26},"registered":{"date":"2017-01-15T00:14:38.890Z","age":7},"phone":"075 307 40 56","cell":"079 958 52 85","id":{"name":"AVS","value":"756.0686.7739.37"},"picture":{"large":"https://randomuser.me/api/portraits/women/29.jpg","medium":"https://randomuser.me/api/portraits/med/women/29.jpg","thumbnail":"https://randomuser.me/api/portraits/thumb/women/29.jpg"},"nat":"CH"}],"info":{"seed":"2164bf4bb142a5e4","results":1,"page":1,"version":"1.4"}} 
 </msg>
<msg time="2024-07-05T09:17:39.936472" level="INFO">/opt/hostedtoolcache/Python/3.12.4/x64/lib/python3.12/site-packages/urllib3/connectionpool.py:1099: InsecureRequestWarning: Unverified HTTPS request is being made to host 'randomuser.me'. Adding certificate verification is strongly advised. See: https://urllib3.readthedocs.io/en/latest/advanced-usage.html#tls-warnings
  warnings.warn(</msg>
<msg time="2024-07-05T09:17:39.936604" level="INFO">${response} = &lt;Response [200]&gt;</msg>
<var>${response}</var>
<arg>consultarAPI</arg>
<arg>/api</arg>
<doc>Sends a GET request on a previously created HTTP Session.</doc>
<status status="PASS" start="2024-07-05T09:17:39.753052" elapsed="0.183600"/>
</kw>
<kw name="Set Variable" owner="BuiltIn">
<msg time="2024-07-05T09:17:39.937954" level="INFO">${json_data} = {'results': [{'gender': 'female', 'name': {'title': 'Madame', 'first': 'Nuria', 'last': 'Chevalier'}, 'location': {'street': {'number': 7578, 'name': 'Rue des Abbesses'}, 'city': 'Kilchberg (Zh)', 'st...</msg>
<var>${json_data}</var>
<arg>${response.json()}</arg>
<doc>Returns the given values which can then be assigned to a variables.</doc>
<status status="PASS" start="2024-07-05T09:17:39.937327" elapsed="0.000656"/>
</kw>
<kw name="Log" owner="BuiltIn">
<msg time="2024-07-05T09:17:39.938457" level="INFO">{'results': [{'gender': 'female', 'name': {'title': 'Madame', 'first': 'Nuria', 'last': 'Chevalier'}, 'location': {'street': {'number': 7578, 'name': 'Rue des Abbesses'}, 'city': 'Kilchberg (Zh)', 'state': 'Vaud', 'country': 'Switzerland', 'postcode': 5554, 'coordinates': {'latitude': '-58.2784', 'longitude': '96.8137'}, 'timezone': {'offset': '+9:00', 'description': 'Tokyo, Seoul, Osaka, Sapporo, Yakutsk'}}, 'email': 'nuria.chevalier@example.com', 'login': {'uuid': 'c23dca7e-ed5e-47a3-b75a-d8fb4c8160b6', 'username': 'redsnake589', 'password': 'feet', 'salt': '3t3DNoCE', 'md5': 'a523f69c75f6d36abc99831a73b08ad3', 'sha1': '94987aba74239ceec9ec257a282078a31390299a', 'sha256': 'dd5fcb11d0550fb04f6cc688cbcf10368d2ede4f9d306ea516420aec6338ee60'}, 'dob': {'date': '1997-12-31T19:47:57.012Z', 'age': 26}, 'registered': {'date': '2017-01-15T00:14:38.890Z', 'age': 7}, 'phone': '075 307 40 56', 'cell': '079 958 52 85', 'id': {'name': 'AVS', 'value': '756.0686.7739.37'}, 'picture': {'large': 'https://randomuser.me/api/portraits/women/29.jpg', 'medium': 'https://randomuser.me/api/portraits/med/women/29.jpg', 'thumbnail': 'https://randomuser.me/api/portraits/thumb/women/29.jpg'}, 'nat': 'CH'}], 'info': {'seed': '2164bf4bb142a5e4', 'results': 1, 'page': 1, 'version': '1.4'}}</msg>
<arg>${json_data}</arg>
<doc>Logs the given message with the given level.</doc>
<status status="PASS" start="2024-07-05T09:17:39.938297" elapsed="0.000208"/>
</kw>
<kw name="Dictionary Should Contain Key" owner="Collections">
<arg>${json_data}</arg>
<arg>results</arg>
<doc>Fails if ``key`` is not found from ``dictionary``.</doc>
<status status="PASS" start="2024-07-05T09:17:39.938859" elapsed="0.000168"/>
</kw>
<kw name="Should Not Be Empty" owner="BuiltIn">
<msg time="2024-07-05T09:17:39.939345" level="INFO">Length is 2.</msg>
<arg>${json_data}</arg>
<doc>Verifies that the given item is not empty.</doc>
<status status="PASS" start="2024-07-05T09:17:39.939213" elapsed="0.000172"/>
</kw>
<kw name="Create List" owner="BuiltIn">
<msg time="2024-07-05T09:17:39.939840" level="INFO">${expected_keys} = ['gender', 'name', 'location', 'email', 'login']</msg>
<var>${expected_keys}</var>
<arg>gender</arg>
<arg>name</arg>
<arg>location</arg>
<arg>email</arg>
<arg>login</arg>
<doc>Returns a list containing given items.</doc>
<status status="PASS" start="2024-07-05T09:17:39.939689" elapsed="0.000175"/>
</kw>
<for flavor="IN">
<iter>
<kw name="Dictionary Should Contain Key" owner="Collections">
<arg>${json_data['results'][0]}</arg>
<arg>${key}</arg>
<doc>Fails if ``key`` is not found from ``dictionary``.</doc>
<status status="PASS" start="2024-07-05T09:17:39.940627" elapsed="0.000419"/>
</kw>
<kw name="Log" owner="BuiltIn">
<msg time="2024-07-05T09:17:39.941603" level="INFO">{'gender': 'female', 'name': {'title': 'Madame', 'first': 'Nuria', 'last': 'Chevalier'}, 'location': {'street': {'number': 7578, 'name': 'Rue des Abbesses'}, 'city': 'Kilchberg (Zh)', 'state': 'Vaud', 'country': 'Switzerland', 'postcode': 5554, 'coordinates': {'latitude': '-58.2784', 'longitude': '96.8137'}, 'timezone': {'offset': '+9:00', 'description': 'Tokyo, Seoul, Osaka, Sapporo, Yakutsk'}}, 'email': 'nuria.chevalier@example.com', 'login': {'uuid': 'c23dca7e-ed5e-47a3-b75a-d8fb4c8160b6', 'username': 'redsnake589', 'password': 'feet', 'salt': '3t3DNoCE', 'md5': 'a523f69c75f6d36abc99831a73b08ad3', 'sha1': '94987aba74239ceec9ec257a282078a31390299a', 'sha256': 'dd5fcb11d0550fb04f6cc688cbcf10368d2ede4f9d306ea516420aec6338ee60'}, 'dob': {'date': '1997-12-31T19:47:57.012Z', 'age': 26}, 'registered': {'date': '2017-01-15T00:14:38.890Z', 'age': 7}, 'phone': '075 307 40 56', 'cell': '079 958 52 85', 'id': {'name': 'AVS', 'value': '756.0686.7739.37'}, 'picture': {'large': 'https://randomuser.me/api/portraits/women/29.jpg', 'medium': 'https://randomuser.me/api/portraits/med/women/29.jpg', 'thumbnail': 'https://randomuser.me/api/portraits/thumb/women/29.jpg'}, 'nat': 'CH'}</msg>
<arg>${json_data['results'][0]}</arg>
<doc>Logs the given message with the given level.</doc>
<status status="PASS" start="2024-07-05T09:17:39.941239" elapsed="0.000412"/>
</kw>
<kw name="Log" owner="BuiltIn">
<msg time="2024-07-05T09:17:39.942083" level="INFO">gender</msg>
<arg>${key}</arg>
<doc>Logs the given message with the given level.</doc>
<status status="PASS" start="2024-07-05T09:17:39.941953" elapsed="0.000168"/>
</kw>
<var name="${key}">gender</var>
<status status="PASS" start="2024-07-05T09:17:39.940500" elapsed="0.001841"/>
</iter>
<iter>
<kw name="Dictionary Should Contain Key" owner="Collections">
<arg>${json_data['results'][0]}</arg>
<arg>${key}</arg>
<doc>Fails if ``key`` is not found from ``dictionary``.</doc>
<status status="PASS" start="2024-07-05T09:17:39.942679" elapsed="0.000394"/>
</kw>
<kw name="Log" owner="BuiltIn">
<msg time="2024-07-05T09:17:39.943649" level="INFO">{'gender': 'female', 'name': {'title': 'Madame', 'first': 'Nuria', 'last': 'Chevalier'}, 'location': {'street': {'number': 7578, 'name': 'Rue des Abbesses'}, 'city': 'Kilchberg (Zh)', 'state': 'Vaud', 'country': 'Switzerland', 'postcode': 5554, 'coordinates': {'latitude': '-58.2784', 'longitude': '96.8137'}, 'timezone': {'offset': '+9:00', 'description': 'Tokyo, Seoul, Osaka, Sapporo, Yakutsk'}}, 'email': 'nuria.chevalier@example.com', 'login': {'uuid': 'c23dca7e-ed5e-47a3-b75a-d8fb4c8160b6', 'username': 'redsnake589', 'password': 'feet', 'salt': '3t3DNoCE', 'md5': 'a523f69c75f6d36abc99831a73b08ad3', 'sha1': '94987aba74239ceec9ec257a282078a31390299a', 'sha256': 'dd5fcb11d0550fb04f6cc688cbcf10368d2ede4f9d306ea516420aec6338ee60'}, 'dob': {'date': '1997-12-31T19:47:57.012Z', 'age': 26}, 'registered': {'date': '2017-01-15T00:14:38.890Z', 'age': 7}, 'phone': '075 307 40 56', 'cell': '079 958 52 85', 'id': {'name': 'AVS', 'value': '756.0686.7739.37'}, 'picture': {'large': 'https://randomuser.me/api/portraits/women/29.jpg', 'medium': 'https://randomuser.me/api/portraits/med/women/29.jpg', 'thumbnail': 'https://randomuser.me/api/portraits/thumb/women/29.jpg'}, 'nat': 'CH'}</msg>
<arg>${json_data['results'][0]}</arg>
<doc>Logs the given message with the given level.</doc>
<status status="PASS" start="2024-07-05T09:17:39.943293" elapsed="0.000403"/>
</kw>
<kw name="Log" owner="BuiltIn">
<msg time="2024-07-05T09:17:39.944129" level="INFO">name</msg>
<arg>${key}</arg>
<doc>Logs the given message with the given level.</doc>
<status status="PASS" start="2024-07-05T09:17:39.943999" elapsed="0.000167"/>
</kw>
<var name="${key}">name</var>
<status status="PASS" start="2024-07-05T09:17:39.942554" elapsed="0.001843"/>
</iter>
<iter>
<kw name="Dictionary Should Contain Key" owner="Collections">
<arg>${json_data['results'][0]}</arg>
<arg>${key}</arg>
<doc>Fails if ``key`` is not found from ``dictionary``.</doc>
<status status="PASS" start="2024-07-05T09:17:39.944697" elapsed="0.000389"/>
</kw>
<kw name="Log" owner="BuiltIn">
<msg time="2024-07-05T09:17:39.945627" level="INFO">{'gender': 'female', 'name': {'title': 'Madame', 'first': 'Nuria', 'last': 'Chevalier'}, 'location': {'street': {'number': 7578, 'name': 'Rue des Abbesses'}, 'city': 'Kilchberg (Zh)', 'state': 'Vaud', 'country': 'Switzerland', 'postcode': 5554, 'coordinates': {'latitude': '-58.2784', 'longitude': '96.8137'}, 'timezone': {'offset': '+9:00', 'description': 'Tokyo, Seoul, Osaka, Sapporo, Yakutsk'}}, 'email': 'nuria.chevalier@example.com', 'login': {'uuid': 'c23dca7e-ed5e-47a3-b75a-d8fb4c8160b6', 'username': 'redsnake589', 'password': 'feet', 'salt': '3t3DNoCE', 'md5': 'a523f69c75f6d36abc99831a73b08ad3', 'sha1': '94987aba74239ceec9ec257a282078a31390299a', 'sha256': 'dd5fcb11d0550fb04f6cc688cbcf10368d2ede4f9d306ea516420aec6338ee60'}, 'dob': {'date': '1997-12-31T19:47:57.012Z', 'age': 26}, 'registered': {'date': '2017-01-15T00:14:38.890Z', 'age': 7}, 'phone': '075 307 40 56', 'cell': '079 958 52 85', 'id': {'name': 'AVS', 'value': '756.0686.7739.37'}, 'picture': {'large': 'https://randomuser.me/api/portraits/women/29.jpg', 'medium': 'https://randomuser.me/api/portraits/med/women/29.jpg', 'thumbnail': 'https://randomuser.me/api/portraits/thumb/women/29.jpg'}, 'nat': 'CH'}</msg>
<arg>${json_data['results'][0]}</arg>
<doc>Logs the given message with the given level.</doc>
<status status="PASS" start="2024-07-05T09:17:39.945269" elapsed="0.000405"/>
</kw>
<kw name="Log" owner="BuiltIn">
<msg time="2024-07-05T09:17:39.946099" level="INFO">location</msg>
<arg>${key}</arg>
<doc>Logs the given message with the given level.</doc>
<status status="PASS" start="2024-07-05T09:17:39.945972" elapsed="0.000163"/>
</kw>
<var name="${key}">location</var>
<status status="PASS" start="2024-07-05T09:17:39.944586" elapsed="0.001767"/>
</iter>
<iter>
<kw name="Dictionary Should Contain Key" owner="Collections">
<arg>${json_data['results'][0]}</arg>
<arg>${key}</arg>
<doc>Fails if ``key`` is not found from ``dictionary``.</doc>
<status status="PASS" start="2024-07-05T09:17:39.946667" elapsed="0.000402"/>
</kw>
<kw name="Log" owner="BuiltIn">
<msg time="2024-07-05T09:17:39.947599" level="INFO">{'gender': 'female', 'name': {'title': 'Madame', 'first': 'Nuria', 'last': 'Chevalier'}, 'location': {'street': {'number': 7578, 'name': 'Rue des Abbesses'}, 'city': 'Kilchberg (Zh)', 'state': 'Vaud', 'country': 'Switzerland', 'postcode': 5554, 'coordinates': {'latitude': '-58.2784', 'longitude': '96.8137'}, 'timezone': {'offset': '+9:00', 'description': 'Tokyo, Seoul, Osaka, Sapporo, Yakutsk'}}, 'email': 'nuria.chevalier@example.com', 'login': {'uuid': 'c23dca7e-ed5e-47a3-b75a-d8fb4c8160b6', 'username': 'redsnake589', 'password': 'feet', 'salt': '3t3DNoCE', 'md5': 'a523f69c75f6d36abc99831a73b08ad3', 'sha1': '94987aba74239ceec9ec257a282078a31390299a', 'sha256': 'dd5fcb11d0550fb04f6cc688cbcf10368d2ede4f9d306ea516420aec6338ee60'}, 'dob': {'date': '1997-12-31T19:47:57.012Z', 'age': 26}, 'registered': {'date': '2017-01-15T00:14:38.890Z', 'age': 7}, 'phone': '075 307 40 56', 'cell': '079 958 52 85', 'id': {'name': 'AVS', 'value': '756.0686.7739.37'}, 'picture': {'large': 'https://randomuser.me/api/portraits/women/29.jpg', 'medium': 'https://randomuser.me/api/portraits/med/women/29.jpg', 'thumbnail': 'https://randomuser.me/api/portraits/thumb/women/29.jpg'}, 'nat': 'CH'}</msg>
<arg>${json_data['results'][0]}</arg>
<doc>Logs the given message with the given level.</doc>
<status status="PASS" start="2024-07-05T09:17:39.947252" elapsed="0.000395"/>
</kw>
<kw name="Log" owner="BuiltIn">
<msg time="2024-07-05T09:17:39.948070" level="INFO">email</msg>
<arg>${key}</arg>
<doc>Logs the given message with the given level.</doc>
<status status="PASS" start="2024-07-05T09:17:39.947944" elapsed="0.000165"/>
</kw>
<var name="${key}">email</var>
<status status="PASS" start="2024-07-05T09:17:39.946525" elapsed="0.001804"/>
</iter>
<iter>
<kw name="Dictionary Should Contain Key" owner="Collections">
<arg>${json_data['results'][0]}</arg>
<arg>${key}</arg>
<doc>Fails if ``key`` is not found from ``dictionary``.</doc>
<status status="PASS" start="2024-07-05T09:17:39.948611" elapsed="0.000384"/>
</kw>
<kw name="Log" owner="BuiltIn">
<msg time="2024-07-05T09:17:39.949535" level="INFO">{'gender': 'female', 'name': {'title': 'Madame', 'first': 'Nuria', 'last': 'Chevalier'}, 'location': {'street': {'number': 7578, 'name': 'Rue des Abbesses'}, 'city': 'Kilchberg (Zh)', 'state': 'Vaud', 'country': 'Switzerland', 'postcode': 5554, 'coordinates': {'latitude': '-58.2784', 'longitude': '96.8137'}, 'timezone': {'offset': '+9:00', 'description': 'Tokyo, Seoul, Osaka, Sapporo, Yakutsk'}}, 'email': 'nuria.chevalier@example.com', 'login': {'uuid': 'c23dca7e-ed5e-47a3-b75a-d8fb4c8160b6', 'username': 'redsnake589', 'password': 'feet', 'salt': '3t3DNoCE', 'md5': 'a523f69c75f6d36abc99831a73b08ad3', 'sha1': '94987aba74239ceec9ec257a282078a31390299a', 'sha256': 'dd5fcb11d0550fb04f6cc688cbcf10368d2ede4f9d306ea516420aec6338ee60'}, 'dob': {'date': '1997-12-31T19:47:57.012Z', 'age': 26}, 'registered': {'date': '2017-01-15T00:14:38.890Z', 'age': 7}, 'phone': '075 307 40 56', 'cell': '079 958 52 85', 'id': {'name': 'AVS', 'value': '756.0686.7739.37'}, 'picture': {'large': 'https://randomuser.me/api/portraits/women/29.jpg', 'medium': 'https://randomuser.me/api/portraits/med/women/29.jpg', 'thumbnail': 'https://randomuser.me/api/portraits/thumb/women/29.jpg'}, 'nat': 'CH'}</msg>
<arg>${json_data['results'][0]}</arg>
<doc>Logs the given message with the given level.</doc>
<status status="PASS" start="2024-07-05T09:17:39.949177" elapsed="0.000405"/>
</kw>
<kw name="Log" owner="BuiltIn">
<msg time="2024-07-05T09:17:39.950000" level="INFO">login</msg>
<arg>${key}</arg>
<doc>Logs the given message with the given level.</doc>
<status status="PASS" start="2024-07-05T09:17:39.949873" elapsed="0.000164"/>
</kw>
<var name="${key}">login</var>
<status status="PASS" start="2024-07-05T09:17:39.948503" elapsed="0.001756"/>
</iter>
<var>${key}</var>
<value>@{expected_keys}</value>
<status status="PASS" start="2024-07-05T09:17:39.940300" elapsed="0.010082"/>
</for>
<kw name="Create List" owner="BuiltIn">
<msg time="2024-07-05T09:17:39.950772" level="INFO">${expected_keysTwo} = ['username', 'password']</msg>
<var>${expected_keysTwo}</var>
<arg>username</arg>
<arg>password</arg>
<doc>Returns a list containing given items.</doc>
<status status="PASS" start="2024-07-05T09:17:39.950628" elapsed="0.000168"/>
</kw>
<for flavor="IN">
<iter>
<kw name="Dictionary Should Contain Key" owner="Collections">
<arg>${json_data['results'][0]['login']}</arg>
<arg>${keyTwo}</arg>
<doc>Fails if ``key`` is not found from ``dictionary``.</doc>
<status status="PASS" start="2024-07-05T09:17:39.951306" elapsed="0.000384"/>
</kw>
<kw name="Dictionary Should Contain Key" owner="Collections">
<arg>${json_data['results'][0]['login']}</arg>
<arg>${keyTwo}</arg>
<doc>Fails if ``key`` is not found from ``dictionary``.</doc>
<status status="PASS" start="2024-07-05T09:17:39.951875" elapsed="0.000382"/>
</kw>
<kw name="Log" owner="BuiltIn">
<msg time="2024-07-05T09:17:39.952587" level="INFO">username</msg>
<arg>${keyTwo}</arg>
<doc>Logs the given message with the given level.</doc>
<status status="PASS" start="2024-07-05T09:17:39.952458" elapsed="0.000168"/>
</kw>
<var name="${keyTwo}">username</var>
<status status="PASS" start="2024-07-05T09:17:39.951197" elapsed="0.001650"/>
</iter>
<iter>
<kw name="Dictionary Should Contain Key" owner="Collections">
<arg>${json_data['results'][0]['login']}</arg>
<arg>${keyTwo}</arg>
<doc>Fails if ``key`` is not found from ``dictionary``.</doc>
<status status="PASS" start="2024-07-05T09:17:39.953130" elapsed="0.000384"/>
</kw>
<kw name="Dictionary Should Contain Key" owner="Collections">
<arg>${json_data['results'][0]['login']}</arg>
<arg>${keyTwo}</arg>
<doc>Fails if ``key`` is not found from ``dictionary``.</doc>
<status status="PASS" start="2024-07-05T09:17:39.953691" elapsed="0.000427"/>
</kw>
<kw name="Log" owner="BuiltIn">
<msg time="2024-07-05T09:17:39.954429" level="INFO">password</msg>
<arg>${keyTwo}</arg>
<doc>Logs the given message with the given level.</doc>
<status status="PASS" start="2024-07-05T09:17:39.954306" elapsed="0.000171"/>
</kw>
<var name="${keyTwo}">password</var>
<status status="PASS" start="2024-07-05T09:17:39.953022" elapsed="0.001715"/>
</iter>
<var>${keyTwo}</var>
<value>@{expected_keysTwo}</value>
<status status="PASS" start="2024-07-05T09:17:39.951040" elapsed="0.003823"/>
</for>
<status status="PASS" start="2024-07-05T09:17:39.752803" elapsed="0.202289"/>
</kw>
<doc>Testa a estrutura da resposta da API.</doc>
<tag>testeEstruturaResposta</tag>
<status status="PASS" start="2024-07-05T09:17:39.752244" elapsed="0.203126"/>
</test>
<test id="s1-s1-t4" name="Validar tipos de dados" line="28">
<kw name="Teste de Tipos de Dados" owner="random-user-service">
<kw name="GET On Session" owner="RequestsLibrary">
<msg time="2024-07-05T09:17:40.591243" level="INFO">GET Request : url=https://randomuser.me/api 
 path_url=/api 
 headers={'User-Agent': 'python-requests/2.32.3', 'Accept-Encoding': 'gzip, deflate', 'Accept': '*/*', 'Connection': 'keep-alive'} 
 body=None 
 </msg>
<msg time="2024-07-05T09:17:40.591348" level="INFO">GET Response : url=https://randomuser.me/api 
 status=200, reason=OK 
 headers={'Date': 'Fri, 05 Jul 2024 09:17:40 GMT', 'Content-Type': 'application/json; charset=utf-8', 'Transfer-Encoding': 'chunked', 'Connection': 'keep-alive', 'X-Powered-By': 'Express', 'Access-Control-Allow-Origin': '*', 'Cache-Control': 'no-cache', 'ETag': 'W/"481-+jWlInk3i83LwQRmsZKZbcplb0U"', 'Vary': 'Accept-Encoding', 'Content-Encoding': 'gzip', 'CF-Cache-Status': 'DYNAMIC', 'Report-To': '{"endpoints":[{"url":"https:\\/\\/a.nel.cloudflare.com\\/report\\/v4?s=Una2CEhZIWmpVxvBKSO967CyLHlvzW%2F3ekTZhHDghB4nQuRep3eraHnSL35FKZ1BkyukyTeMe1PI0IFlhOvvYxcsRYvxm0t4SPOJfrabHi6JpYSUSPgHhj1XbMbhK9z4"}],"group":"cf-nel","max_age":604800}', 'NEL': '{"success_fraction":0,"report_to":"cf-nel","max_age":604800}', 'Server': 'cloudflare', 'CF-RAY': '89e64364cc656172-ORD', 'alt-svc': 'h3=":443"; ma=86400'} 
 body={"results":[{"gender":"male","name":{"title":"Mr","first":"Prvoslav","last":"Rodić"},"location":{"street":{"number":5941,"name":"Milana Munjasa"},"city":"Bačka Palanka","state":"Pirot","country":"Serbia","postcode":87803,"coordinates":{"latitude":"62.4935","longitude":"-45.9684"},"timezone":{"offset":"-8:00","description":"Pacific Time (US &amp; Canada)"}},"email":"prvoslav.rodic@example.com","login":{"uuid":"aa29818d-a840-4ac1-8fe2-0ff633c8e2dc","username":"tinycat123","password":"zhao","salt":"QIqcQXeV","md5":"3477ecab02119166f0f190b23bf4f216","sha1":"bbfdfac522df1c2bbaa89f4902180b2b80b43b8a","sha256":"92c6a93fd15001c661a847bf196f8320916d7f545c2c4c4eeee942f37a680bf8"},"dob":{"date":"2000-05-21T20:59:57.845Z","age":24},"registered":{"date":"2021-06-15T10:26:23.842Z","age":3},"phone":"012-7591-870","cell":"067-7053-106","id":{"name":"SID","value":"434798872"},"picture":{"large":"https://randomuser.me/api/portraits/men/41.jpg","medium":"https://randomuser.me/api/portraits/med/men/41.jpg","thumbnail":"https://randomuser.me/api/portraits/thumb/men/41.jpg"},"nat":"RS"}],"info":{"seed":"8fe8a90a68097e37","results":1,"page":1,"version":"1.4"}} 
 </msg>
<msg time="2024-07-05T09:17:40.591430" level="INFO">/opt/hostedtoolcache/Python/3.12.4/x64/lib/python3.12/site-packages/urllib3/connectionpool.py:1099: InsecureRequestWarning: Unverified HTTPS request is being made to host 'randomuser.me'. Adding certificate verification is strongly advised. See: https://urllib3.readthedocs.io/en/latest/advanced-usage.html#tls-warnings
  warnings.warn(</msg>
<msg time="2024-07-05T09:17:40.591561" level="INFO">${response} = &lt;Response [200]&gt;</msg>
<var>${response}</var>
<arg>consultarAPI</arg>
<arg>/api</arg>
<doc>Sends a GET request on a previously created HTTP Session.</doc>
<status status="PASS" start="2024-07-05T09:17:39.958931" elapsed="0.632657"/>
</kw>
<kw name="Set Variable" owner="BuiltIn">
<msg time="2024-07-05T09:17:40.592720" level="INFO">${json_data} = {'results': [{'gender': 'male', 'name': {'title': 'Mr', 'first': 'Prvoslav', 'last': 'Rodić'}, 'location': {'street': {'number': 5941, 'name': 'Milana Munjasa'}, 'city': 'Bačka Palanka', 'state': 'Pir...</msg>
<var>${json_data}</var>
<arg>${response.json()}</arg>
<doc>Returns the given values which can then be assigned to a variables.</doc>
<status status="PASS" start="2024-07-05T09:17:40.592155" elapsed="0.000601"/>
</kw>
<kw name="Log" owner="BuiltIn">
<msg time="2024-07-05T09:17:40.593242" level="INFO">{'results': [{'gender': 'male', 'name': {'title': 'Mr', 'first': 'Prvoslav', 'last': 'Rodić'}, 'location': {'street': {'number': 5941, 'name': 'Milana Munjasa'}, 'city': 'Bačka Palanka', 'state': 'Pirot', 'country': 'Serbia', 'postcode': 87803, 'coordinates': {'latitude': '62.4935', 'longitude': '-45.9684'}, 'timezone': {'offset': '-8:00', 'description': 'Pacific Time (US &amp; Canada)'}}, 'email': 'prvoslav.rodic@example.com', 'login': {'uuid': 'aa29818d-a840-4ac1-8fe2-0ff633c8e2dc', 'username': 'tinycat123', 'password': 'zhao', 'salt': 'QIqcQXeV', 'md5': '3477ecab02119166f0f190b23bf4f216', 'sha1': 'bbfdfac522df1c2bbaa89f4902180b2b80b43b8a', 'sha256': '92c6a93fd15001c661a847bf196f8320916d7f545c2c4c4eeee942f37a680bf8'}, 'dob': {'date': '2000-05-21T20:59:57.845Z', 'age': 24}, 'registered': {'date': '2021-06-15T10:26:23.842Z', 'age': 3}, 'phone': '012-7591-870', 'cell': '067-7053-106', 'id': {'name': 'SID', 'value': '434798872'}, 'picture': {'large': 'https://randomuser.me/api/portraits/men/41.jpg', 'medium': 'https://randomuser.me/api/portraits/med/men/41.jpg', 'thumbnail': 'https://randomuser.me/api/portraits/thumb/men/41.jpg'}, 'nat': 'RS'}], 'info': {'seed': '8fe8a90a68097e37', 'results': 1, 'page': 1, 'version': '1.4'}}</msg>
<arg>${json_data}</arg>
<doc>Logs the given message with the given level.</doc>
<status status="PASS" start="2024-07-05T09:17:40.593080" elapsed="0.000215"/>
</kw>
<kw name="Should Be String" owner="String">
<arg>${json_data['results'][0]['gender']}</arg>
<doc>Fails if the given ``item`` is not a string.</doc>
<status status="PASS" start="2024-07-05T09:17:40.593593" elapsed="0.000367"/>
</kw>
<kw name="Should Match Regexp" owner="BuiltIn">
<arg>${json_data['results'][0]['email']}</arg>
<arg>^[a-zA-Z0-9._%+-]+@[a-zA-Z0-9.-]+\.[a-zA-Z]{2,}$</arg>
<doc>Fails if ``string`` does not match ``pattern`` as a regular expression.</doc>
<status status="PASS" start="2024-07-05T09:17:40.594186" elapsed="0.000571"/>
</kw>
<kw name="Should Match Regexp" owner="BuiltIn">
<arg>${json_data['results'][0]['dob']['date']}</arg>
<arg>\\d{4}-\\d{2}-\\d{2}T\\d{2}:\\d{2}:\\d{2}\\.\\d{3}Z</arg>
<doc>Fails if ``string`` does not match ``pattern`` as a regular expression.</doc>
<status status="PASS" start="2024-07-05T09:17:40.594957" elapsed="0.000490"/>
</kw>
<kw name="Should Match Regexp" owner="BuiltIn">
<arg>${json_data['results'][0]['registered']['date']}</arg>
<arg>\\d{4}-\\d{2}-\\d{2}T\\d{2}:\\d{2}:\\d{2}\\.\\d{3}Z</arg>
<doc>Fails if ``string`` does not match ``pattern`` as a regular expression.</doc>
<status status="PASS" start="2024-07-05T09:17:40.595637" elapsed="0.000382"/>
</kw>
<kw name="Should Match Regexp" owner="BuiltIn">
<arg>${json_data['results'][0]['picture']['large']}</arg>
<arg>^https?://.*\.(?:png|jpe?g|gif|bmp)$</arg>
<doc>Fails if ``string`` does not match ``pattern`` as a regular expression.</doc>
<status status="PASS" start="2024-07-05T09:17:40.596203" elapsed="0.000459"/>
</kw>
<kw name="Should Match Regexp" owner="BuiltIn">
<arg>${json_data['results'][0]['picture']['medium']}</arg>
<arg>^https?://.*\.(?:png|jpe?g|gif|bmp)$</arg>
<doc>Fails if ``string`` does not match ``pattern`` as a regular expression.</doc>
<status status="PASS" start="2024-07-05T09:17:40.596854" elapsed="0.000351"/>
</kw>
<kw name="Should Match Regexp" owner="BuiltIn">
<arg>${json_data['results'][0]['picture']['thumbnail']}</arg>
<arg>^https?://.*\.(?:png|jpe?g|gif|bmp)$</arg>
<doc>Fails if ``string`` does not match ``pattern`` as a regular expression.</doc>
<status status="PASS" start="2024-07-05T09:17:40.597390" elapsed="0.000357"/>
</kw>
<kw name="Log" owner="BuiltIn">
<msg time="2024-07-05T09:17:40.598290" level="INFO">{'large': 'https://randomuser.me/api/portraits/men/41.jpg', 'medium': 'https://randomuser.me/api/portraits/med/men/41.jpg', 'thumbnail': 'https://randomuser.me/api/portraits/thumb/men/41.jpg'}</msg>
<arg>${json_data['results'][0]['picture']}</arg>
<doc>Logs the given message with the given level.</doc>
<status status="PASS" start="2024-07-05T09:17:40.597943" elapsed="0.000394"/>
</kw>
<status status="PASS" start="2024-07-05T09:17:39.958675" elapsed="0.640041"/>
</kw>
<kw name="Teste de Tipos de Dados - Postcode" owner="random-user-service">
<kw name="GET On Session" owner="RequestsLibrary">
<msg time="2024-07-05T09:17:40.752432" level="INFO">GET Request : url=https://randomuser.me/api 
 path_url=/api 
 headers={'User-Agent': 'python-requests/2.32.3', 'Accept-Encoding': 'gzip, deflate', 'Accept': '*/*', 'Connection': 'keep-alive'} 
 body=None 
 </msg>
<msg time="2024-07-05T09:17:40.752534" level="INFO">GET Response : url=https://randomuser.me/api 
 status=200, reason=OK 
 headers={'Date': 'Fri, 05 Jul 2024 09:17:40 GMT', 'Content-Type': 'application/json; charset=utf-8', 'Transfer-Encoding': 'chunked', 'Connection': 'keep-alive', 'X-Powered-By': 'Express', 'Access-Control-Allow-Origin': '*', 'Cache-Control': 'no-cache', 'ETag': 'W/"48b-Sj/IbogpssAfKNJCeKMPCdsyzWo"', 'Vary': 'Accept-Encoding', 'Content-Encoding': 'gzip', 'CF-Cache-Status': 'DYNAMIC', 'Report-To': '{"endpoints":[{"url":"https:\\/\\/a.nel.cloudflare.com\\/report\\/v4?s=vzWa3oz%2Bczes94ET39lEvNu8zdzUnpKAjRqC%2BdfmQnI7pnGhpoEgQQ%2BBAoB0kXJgA4edxRrlLCyxNuXLkl1lMSlEoOq%2BFz4Sp3HN2ChWs20c03AjZQqJXGpg%2F3SoV7aF"}],"group":"cf-nel","max_age":604800}', 'NEL': '{"success_fraction":0,"report_to":"cf-nel","max_age":604800}', 'Server': 'cloudflare', 'CF-RAY': '89e64368ce9e6172-ORD', 'alt-svc': 'h3=":443"; ma=86400'} 
 body={"results":[{"gender":"female","name":{"title":"Mrs","first":"Tiffany","last":"Walker"},"location":{"street":{"number":17,"name":"Pecan Acres Ln"},"city":"Cairns","state":"Queensland","country":"Australia","postcode":6022,"coordinates":{"latitude":"-87.0624","longitude":"138.1910"},"timezone":{"offset":"-11:00","description":"Midway Island, Samoa"}},"email":"tiffany.walker@example.com","login":{"uuid":"ee500946-6892-4e8e-8fb6-3ffee5667609","username":"greenelephant969","password":"raymond","salt":"GJh6F6F8","md5":"bd6145ea652d81694fb59e49a02bfe7b","sha1":"0ffafe64e865276b6b957bf37283ccca764d16d4","sha256":"e039d8525abf4729a8041463027d0802ef5af7cb29d12ef4cf52fb0e5db19999"},"dob":{"date":"2001-03-07T15:57:42.832Z","age":23},"registered":{"date":"2020-03-02T22:43:36.157Z","age":4},"phone":"03-3344-0570","cell":"0484-917-709","id":{"name":"TFN","value":"046702701"},"picture":{"large":"https://randomuser.me/api/portraits/women/87.jpg","medium":"https://randomuser.me/api/portraits/med/women/87.jpg","thumbnail":"https://randomuser.me/api/portraits/thumb/women/87.jpg"},"nat":"AU"}],"info":{"seed":"4e193946c5546a65","results":1,"page":1,"version":"1.4"}} 
 </msg>
<msg time="2024-07-05T09:17:40.752605" level="INFO">/opt/hostedtoolcache/Python/3.12.4/x64/lib/python3.12/site-packages/urllib3/connectionpool.py:1099: InsecureRequestWarning: Unverified HTTPS request is being made to host 'randomuser.me'. Adding certificate verification is strongly advised. See: https://urllib3.readthedocs.io/en/latest/advanced-usage.html#tls-warnings
  warnings.warn(</msg>
<msg time="2024-07-05T09:17:40.752727" level="INFO">${response} = &lt;Response [200]&gt;</msg>
<var>${response}</var>
<arg>consultarAPI</arg>
<arg>/api</arg>
<doc>Sends a GET request on a previously created HTTP Session.</doc>
<status status="PASS" start="2024-07-05T09:17:40.599196" elapsed="0.153558"/>
</kw>
<kw name="Set Variable" owner="BuiltIn">
<msg time="2024-07-05T09:17:40.753858" level="INFO">${json_data} = {'results': [{'gender': 'female', 'name': {'title': 'Mrs', 'first': 'Tiffany', 'last': 'Walker'}, 'location': {'street': {'number': 17, 'name': 'Pecan Acres Ln'}, 'city': 'Cairns', 'state': 'Queenslan...</msg>
<var>${json_data}</var>
<arg>${response.json()}</arg>
<doc>Returns the given values which can then be assigned to a variables.</doc>
<status status="PASS" start="2024-07-05T09:17:40.753316" elapsed="0.000570"/>
</kw>
<kw name="Log" owner="BuiltIn">
<msg time="2024-07-05T09:17:40.754374" level="INFO">{'results': [{'gender': 'female', 'name': {'title': 'Mrs', 'first': 'Tiffany', 'last': 'Walker'}, 'location': {'street': {'number': 17, 'name': 'Pecan Acres Ln'}, 'city': 'Cairns', 'state': 'Queensland', 'country': 'Australia', 'postcode': 6022, 'coordinates': {'latitude': '-87.0624', 'longitude': '138.1910'}, 'timezone': {'offset': '-11:00', 'description': 'Midway Island, Samoa'}}, 'email': 'tiffany.walker@example.com', 'login': {'uuid': 'ee500946-6892-4e8e-8fb6-3ffee5667609', 'username': 'greenelephant969', 'password': 'raymond', 'salt': 'GJh6F6F8', 'md5': 'bd6145ea652d81694fb59e49a02bfe7b', 'sha1': '0ffafe64e865276b6b957bf37283ccca764d16d4', 'sha256': 'e039d8525abf4729a8041463027d0802ef5af7cb29d12ef4cf52fb0e5db19999'}, 'dob': {'date': '2001-03-07T15:57:42.832Z', 'age': 23}, 'registered': {'date': '2020-03-02T22:43:36.157Z', 'age': 4}, 'phone': '03-3344-0570', 'cell': '0484-917-709', 'id': {'name': 'TFN', 'value': '046702701'}, 'picture': {'large': 'https://randomuser.me/api/portraits/women/87.jpg', 'medium': 'https://randomuser.me/api/portraits/med/women/87.jpg', 'thumbnail': 'https://randomuser.me/api/portraits/thumb/women/87.jpg'}, 'nat': 'AU'}], 'info': {'seed': '4e193946c5546a65', 'results': 1, 'page': 1, 'version': '1.4'}}</msg>
<arg>${json_data}</arg>
<doc>Logs the given message with the given level.</doc>
<status status="PASS" start="2024-07-05T09:17:40.754213" elapsed="0.000207"/>
</kw>
<kw name="Should Be Equal As Numbers" owner="BuiltIn">
<arg>${json_data['results'][0]['location']['postcode']}</arg>
<arg>${json_data['results'][0]['location']['postcode']}</arg>
<doc>Fails if objects are unequal after converting them to real numbers.</doc>
<status status="PASS" start="2024-07-05T09:17:40.754788" elapsed="0.000717"/>
</kw>
<kw name="Log" owner="BuiltIn">
<msg time="2024-07-05T09:17:40.756087" level="INFO">6022</msg>
<arg>${json_data['results'][0]['location']['postcode']}</arg>
<doc>Logs the given message with the given level.</doc>
<status status="PASS" start="2024-07-05T09:17:40.755736" elapsed="0.000392"/>
</kw>
<status status="PASS" start="2024-07-05T09:17:40.598955" elapsed="0.157441"/>
</kw>
<doc>Testa se os tipos de dados na resposta da API estão corretos.</doc>
<tag>testeTiposDados</tag>
<status status="PASS" start="2024-07-05T09:17:39.957954" elapsed="0.798619"/>
</test>
<test id="s1-s1-t5" name="Validar conteudo" line="35">
<kw name="Teste de Tipos de Conteudo" owner="random-user-service">
<kw name="GET On Session" owner="RequestsLibrary">
<msg time="2024-07-05T09:17:40.825069" level="INFO">GET Request : url=https://randomuser.me/api 
 path_url=/api 
 headers={'User-Agent': 'python-requests/2.32.3', 'Accept-Encoding': 'gzip, deflate', 'Accept': '*/*', 'Connection': 'keep-alive'} 
 body=None 
 </msg>
<msg time="2024-07-05T09:17:40.825180" level="INFO">GET Response : url=https://randomuser.me/api 
 status=200, reason=OK 
 headers={'Date': 'Fri, 05 Jul 2024 09:17:40 GMT', 'Content-Type': 'application/json; charset=utf-8', 'Transfer-Encoding': 'chunked', 'Connection': 'keep-alive', 'X-Powered-By': 'Express', 'Access-Control-Allow-Origin': '*', 'Cache-Control': 'no-cache', 'ETag': 'W/"48a-gkUlUZ4k8bNx51z3LnUEk8vs88A"', 'Vary': 'Accept-Encoding', 'Content-Encoding': 'gzip', 'CF-Cache-Status': 'DYNAMIC', 'Report-To': '{"endpoints":[{"url":"https:\\/\\/a.nel.cloudflare.com\\/report\\/v4?s=iWGA6hxIvhhXkGt9dMparUn%2Bsa0UrGP3xgvmjiWhLMETpwCo4aI14eCv5M8lL6TD84o559DrAhUYN7mqhkdR1d2ab0IjFWLndByrcgbunGqxiEdj6A17Jng7eEqv1ISY"}],"group":"cf-nel","max_age":604800}', 'NEL': '{"success_fraction":0,"report_to":"cf-nel","max_age":604800}', 'Server': 'cloudflare', 'CF-RAY': '89e64369cf356172-ORD', 'alt-svc': 'h3=":443"; ma=86400'} 
 body={"results":[{"gender":"female","name":{"title":"Madame","first":"Mélissa","last":"Thomas"},"location":{"street":{"number":3147,"name":"Rue Duquesne"},"city":"Chevilly","state":"Bern","country":"Switzerland","postcode":4995,"coordinates":{"latitude":"-56.1814","longitude":"63.7905"},"timezone":{"offset":"+5:45","description":"Kathmandu"}},"email":"melissa.thomas@example.com","login":{"uuid":"bf4b5e23-50d3-4abd-b66d-d230e873ddf8","username":"ticklishsnake221","password":"gretzky","salt":"a1pQT2pA","md5":"092e5eed479ca6dc52ef3697f144a5c9","sha1":"bcef069e97ade554762d23d9d78576b091a5d2d9","sha256":"340ca0e59f0b3d2d7bfbeab343359617538212619ac488c7aaae3104a06fc5f7"},"dob":{"date":"1957-09-19T19:15:20.865Z","age":66},"registered":{"date":"2002-08-25T10:44:57.442Z","age":21},"phone":"075 889 56 00","cell":"078 575 78 56","id":{"name":"AVS","value":"756.5674.9723.00"},"picture":{"large":"https://randomuser.me/api/portraits/women/86.jpg","medium":"https://randomuser.me/api/portraits/med/women/86.jpg","thumbnail":"https://randomuser.me/api/portraits/thumb/women/86.jpg"},"nat":"CH"}],"info":{"seed":"84cdcf76597c0e23","results":1,"page":1,"version":"1.4"}} 
 </msg>
<msg time="2024-07-05T09:17:40.825287" level="INFO">/opt/hostedtoolcache/Python/3.12.4/x64/lib/python3.12/site-packages/urllib3/connectionpool.py:1099: InsecureRequestWarning: Unverified HTTPS request is being made to host 'randomuser.me'. Adding certificate verification is strongly advised. See: https://urllib3.readthedocs.io/en/latest/advanced-usage.html#tls-warnings
  warnings.warn(</msg>
<msg time="2024-07-05T09:17:40.825419" level="INFO">${response} = &lt;Response [200]&gt;</msg>
<var>${response}</var>
<arg>consultarAPI</arg>
<arg>/api</arg>
<doc>Sends a GET request on a previously created HTTP Session.</doc>
<status status="PASS" start="2024-07-05T09:17:40.759350" elapsed="0.066096"/>
</kw>
<kw name="Set Variable" owner="BuiltIn">
<msg time="2024-07-05T09:17:40.826573" level="INFO">${json_data} = {'results': [{'gender': 'female', 'name': {'title': 'Madame', 'first': 'Mélissa', 'last': 'Thomas'}, 'location': {'street': {'number': 3147, 'name': 'Rue Duquesne'}, 'city': 'Chevilly', 'state': 'Bern...</msg>
<var>${json_data}</var>
<arg>${response.json()}</arg>
<doc>Returns the given values which can then be assigned to a variables.</doc>
<status status="PASS" start="2024-07-05T09:17:40.826010" elapsed="0.000599"/>
</kw>
<kw name="Set Variable" owner="BuiltIn">
<msg time="2024-07-05T09:17:40.827365" level="INFO">${name_title} = Madame</msg>
<var>${name_title}</var>
<arg>${json_data["results"][0]["name"]["title"]}</arg>
<doc>Returns the given values which can then be assigned to a variables.</doc>
<status status="PASS" start="2024-07-05T09:17:40.826965" elapsed="0.000427"/>
</kw>
<kw name="Create List" owner="BuiltIn">
<msg time="2024-07-05T09:17:40.827860" level="INFO">${allowed_titles} = ['Mr', 'Ms', 'Miss', 'Mrs', 'Madame', 'Monsieur']</msg>
<var>${allowed_titles}</var>
<arg>Mr</arg>
<arg>Ms</arg>
<arg>Miss</arg>
<arg>Mrs</arg>
<arg>Madame</arg>
<arg>Monsieur</arg>
<doc>Returns a list containing given items.</doc>
<status status="PASS" start="2024-07-05T09:17:40.827704" elapsed="0.000180"/>
</kw>
<kw name="List Should Contain Value" owner="Collections">
<arg>${allowed_titles}</arg>
<arg>${name_title}</arg>
<doc>Fails if the ``value`` is not found from ``list``.</doc>
<status status="PASS" start="2024-07-05T09:17:40.828209" elapsed="0.000178"/>
</kw>
<kw name="Set Variable" owner="BuiltIn">
<msg time="2024-07-05T09:17:40.828926" level="INFO">${name_country} = CH</msg>
<var>${name_country}</var>
<arg>${json_data["results"][0]["nat"]}</arg>
<doc>Returns the given values which can then be assigned to a variables.</doc>
<status status="PASS" start="2024-07-05T09:17:40.828565" elapsed="0.000387"/>
</kw>
<kw name="Create List" owner="BuiltIn">
<msg time="2024-07-05T09:17:40.829843" level="INFO">${list_country} = ['AD', 'AE', 'AF', 'AG', 'AI', 'AL', 'AM', 'AO', 'AQ', 'AR', 'AS', 'AT', 'AU', 'AW', 'AX', 'AZ', 'BA', 'BB', 'BD', 'BE', 'BF', 'BG', 'BH', 'BI', 'BJ', 'BL', 'BM', 'BN', 'BO', 'BQ', 'BR', 'BS', 'BT', '...</msg>
<var>${list_country}</var>
<arg>AD</arg>
<arg>AE</arg>
<arg>AF</arg>
<arg>AG</arg>
<arg>AI</arg>
<arg>AL</arg>
<arg>AM</arg>
<arg>AO</arg>
<arg>AQ</arg>
<arg>AR</arg>
<arg>AS</arg>
<arg>AT</arg>
<arg>AU</arg>
<arg>AW</arg>
<arg>AX</arg>
<arg>AZ</arg>
<arg>BA</arg>
<arg>BB</arg>
<arg>BD</arg>
<arg>BE</arg>
<arg>BF</arg>
<arg>BG</arg>
<arg>BH</arg>
<arg>BI</arg>
<arg>BJ</arg>
<arg>BL</arg>
<arg>BM</arg>
<arg>BN</arg>
<arg>BO</arg>
<arg>BQ</arg>
<arg>BR</arg>
<arg>BS</arg>
<arg>BT</arg>
<arg>BV</arg>
<arg>BW</arg>
<arg>BY</arg>
<arg>BZ</arg>
<arg>CA</arg>
<arg>CC</arg>
<arg>CD</arg>
<arg>CF</arg>
<arg>CG</arg>
<arg>CH</arg>
<arg>CI</arg>
<arg>CK</arg>
<arg>CL</arg>
<arg>CM</arg>
<arg>CN</arg>
<arg>CO</arg>
<arg>CR</arg>
<arg>CU</arg>
<arg>CV</arg>
<arg>CW</arg>
<arg>CX</arg>
<arg>CY</arg>
<arg>CZ</arg>
<arg>DE</arg>
<arg>DJ</arg>
<arg>DK</arg>
<arg>DM</arg>
<arg>DO</arg>
<arg>DZ</arg>
<arg>EC</arg>
<arg>EE</arg>
<arg>EG</arg>
<arg>EH</arg>
<arg>ER</arg>
<arg>ES</arg>
<arg>ET</arg>
<arg>FI</arg>
<arg>FJ</arg>
<arg>FK</arg>
<arg>FM</arg>
<arg>FO</arg>
<arg>FR</arg>
<arg>GA</arg>
<arg>GB</arg>
<arg>GD</arg>
<arg>GE</arg>
<arg>GF</arg>
<arg>GG</arg>
<arg>GH</arg>
<arg>GI</arg>
<arg>GL</arg>
<arg>GM</arg>
<arg>GN</arg>
<arg>GP</arg>
<arg>GQ</arg>
<arg>GR</arg>
<arg>GS</arg>
<arg>GT</arg>
<arg>GU</arg>
<arg>GW</arg>
<arg>GY</arg>
<arg>HK</arg>
<arg>HM</arg>
<arg>HN</arg>
<arg>HR</arg>
<arg>HT</arg>
<arg>HU</arg>
<arg>ID</arg>
<arg>IE</arg>
<arg>IL</arg>
<arg>IM</arg>
<arg>IN</arg>
<arg>IO</arg>
<arg>IQ</arg>
<arg>IR</arg>
<arg>IS</arg>
<arg>IT</arg>
<arg>JE</arg>
<arg>JM</arg>
<arg>JO</arg>
<arg>JP</arg>
<arg>KE</arg>
<arg>KG</arg>
<arg>KH</arg>
<arg>KI</arg>
<arg>KM</arg>
<arg>KN</arg>
<arg>KP</arg>
<arg>KR</arg>
<arg>KW</arg>
<arg>KY</arg>
<arg>KZ</arg>
<arg>LA</arg>
<arg>LB</arg>
<arg>LC</arg>
<arg>LI</arg>
<arg>LK</arg>
<arg>LR</arg>
<arg>LS</arg>
<arg>LT</arg>
<arg>LU</arg>
<arg>LV</arg>
<arg>LY</arg>
<arg>MA</arg>
<arg>MC</arg>
<arg>MD</arg>
<arg>ME</arg>
<arg>MF</arg>
<arg>MG</arg>
<arg>MH</arg>
<arg>MK</arg>
<arg>ML</arg>
<arg>MM</arg>
<arg>MN</arg>
<arg>MO</arg>
<arg>MP</arg>
<arg>MQ</arg>
<arg>MR</arg>
<arg>MS</arg>
<arg>MT</arg>
<arg>MU</arg>
<arg>MV</arg>
<arg>MW</arg>
<arg>MX</arg>
<arg>MY</arg>
<arg>MZ</arg>
<arg>NA</arg>
<arg>NC</arg>
<arg>NE</arg>
<arg>NF</arg>
<arg>NG</arg>
<arg>NI</arg>
<arg>NL</arg>
<arg>NO</arg>
<arg>NP</arg>
<arg>NR</arg>
<arg>NU</arg>
<arg>NZ</arg>
<arg>OM</arg>
<arg>PA</arg>
<arg>PE</arg>
<arg>PF</arg>
<arg>PG</arg>
<arg>PH</arg>
<arg>PK</arg>
<arg>PL</arg>
<arg>PM</arg>
<arg>PN</arg>
<arg>PR</arg>
<arg>PS</arg>
<arg>PT</arg>
<arg>PW</arg>
<arg>PY</arg>
<arg>QA</arg>
<arg>RE</arg>
<arg>RO</arg>
<arg>RS</arg>
<arg>RU</arg>
<arg>RW</arg>
<arg>SA</arg>
<arg>SB</arg>
<arg>SC</arg>
<arg>SD</arg>
<arg>SE</arg>
<arg>SG</arg>
<arg>SH</arg>
<arg>SI</arg>
<arg>SJ</arg>
<arg>SK</arg>
<arg>SL</arg>
<arg>SM</arg>
<arg>SN</arg>
<arg>SO</arg>
<arg>SR</arg>
<arg>SS</arg>
<arg>ST</arg>
<arg>SV</arg>
<arg>SX</arg>
<arg>SY</arg>
<arg>SZ</arg>
<arg>TC</arg>
<arg>TD</arg>
<arg>TF</arg>
<arg>TG</arg>
<arg>TH</arg>
<arg>TJ</arg>
<arg>TK</arg>
<arg>TL</arg>
<arg>TM</arg>
<arg>TN</arg>
<arg>TO</arg>
<arg>TR</arg>
<arg>TT</arg>
<arg>TV</arg>
<arg>TW</arg>
<arg>TZ</arg>
<arg>UA</arg>
<arg>UG</arg>
<arg>UM</arg>
<arg>US</arg>
<arg>UY</arg>
<arg>UZ</arg>
<arg>VA</arg>
<arg>VC</arg>
<arg>VE</arg>
<arg>VG</arg>
<arg>VI</arg>
<arg>VN</arg>
<arg>VU</arg>
<arg>WF</arg>
<arg>WS</arg>
<arg>XK</arg>
<arg>YE</arg>
<arg>YT</arg>
<arg>ZA</arg>
<arg>ZM</arg>
<arg>ZW</arg>
<doc>Returns a list containing given items.</doc>
<status status="PASS" start="2024-07-05T09:17:40.829248" elapsed="0.000620"/>
</kw>
<kw name="List Should Contain Value" owner="Collections">
<arg>${list_country}</arg>
<arg>${name_country}</arg>
<doc>Fails if the ``value`` is not found from ``list``.</doc>
<status status="PASS" start="2024-07-05T09:17:40.830707" elapsed="0.000213"/>
</kw>
<kw name="Run Keyword If" owner="BuiltIn">
<kw name="Should Be True" owner="BuiltIn">
<arg>${True}</arg>
<doc>Fails if the given condition is not true.</doc>
<status status="PASS" start="2024-07-05T09:17:40.831854" elapsed="0.000140"/>
</kw>
<arg>${json_data["results"][0]["location"]["coordinates"]["latitude"]} &gt;= -90 and ${json_data["results"][0]["location"]["coordinates"]["latitude"]} &lt;= 90</arg>
<arg>Should Be True</arg>
<arg>${True}</arg>
<doc>Runs the given keyword with the given arguments, if ``condition`` is true.</doc>
<status status="PASS" start="2024-07-05T09:17:40.831116" elapsed="0.001002"/>
</kw>
<kw name="Run Keyword If" owner="BuiltIn">
<kw name="Should Be True" owner="BuiltIn">
<arg>${True}</arg>
<doc>Fails if the given condition is not true.</doc>
<status status="PASS" start="2024-07-05T09:17:40.832980" elapsed="0.000135"/>
</kw>
<arg>${json_data["results"][0]["location"]["coordinates"]["longitude"]} &gt;= -180 and ${json_data["results"][0]["location"]["coordinates"]["longitude"]} &lt;= 180</arg>
<arg>Should Be True</arg>
<arg>${True}</arg>
<doc>Runs the given keyword with the given arguments, if ``condition`` is true.</doc>
<status status="PASS" start="2024-07-05T09:17:40.832300" elapsed="0.000935"/>
</kw>
<status status="PASS" start="2024-07-05T09:17:40.758940" elapsed="0.074427"/>
</kw>
<doc>Testa o conteúdo específico dos campos retornados pela API.</doc>
<tag>testeConteudo</tag>
<status status="PASS" start="2024-07-05T09:17:40.758393" elapsed="0.075129"/>
</test>
<status status="PASS" start="2024-07-05T09:17:39.230866" elapsed="1.604692"/>
</suite>
<status status="PASS" start="2024-07-05T09:17:39.215768" elapsed="1.625095"/>
</suite>
<statistics>
<total>
<stat pass="5" fail="0" skip="0">All Tests</stat>
</total>
<tag>
<stat pass="1" fail="0" skip="0">testeConteudo</stat>
<stat pass="1" fail="0" skip="0">testeEstruturaResposta</stat>
<stat pass="1" fail="0" skip="0">testeRequisicaoBasica</stat>
<stat pass="1" fail="0" skip="0">testeTiposDados</stat>
</tag>
<suite>
<stat pass="5" fail="0" skip="0" id="s1" name="Tests">Tests</stat>
<stat pass="5" fail="0" skip="0" id="s1-s1" name="Random-User-Test">Tests.Random-User-Test</stat>
</suite>
</statistics>
<errors>
</errors>
</robot>
