<?xml version="1.0" encoding="UTF-8"?>
<robot generator="Robot 7.0 (Python 3.12.3 on linux)" generated="2024-04-25T11:12:32.644651" rpa="false" schemaversion="5">
<suite id="s1" name="Tests" source="/home/runner/work/DesafioQAItauRogerioJordao/DesafioQAItauRogerioJordao/RamdonUser/tests">
<suite id="s1-s1" name="Random-User-Test" source="/home/runner/work/DesafioQAItauRogerioJordao/DesafioQAItauRogerioJordao/RamdonUser/tests/random-user-test.robot">
<test id="s1-s1-t1" name="Conectar" line="13">
<kw name="Conectar API" owner="random-user-service">
<kw name="Create Session" owner="RequestsLibrary">
<msg time="2024-04-25T11:12:33.005106" level="INFO">Creating Session using : alias=consultarAPI, url=https://randomuser.me/, headers={},                     cookies={}, auth=None, timeout=None, proxies=None, verify=False,                     debug=0 </msg>
<arg>consultarAPI</arg>
<arg>${URL}</arg>
<doc>Create Session: create a HTTP session to a server</doc>
<status status="PASS" start="2024-04-25T11:12:33.004899" elapsed="0.000392"/>
</kw>
<status status="PASS" start="2024-04-25T11:12:33.003862" elapsed="0.001793"/>
</kw>
<status status="PASS" start="2024-04-25T11:12:33.003230" elapsed="0.002619"/>
</test>
<test id="s1-s1-t2" name="Validar retorno 200 e JSON Válido" line="16">
<kw name="Teste de Requisicao Basica" owner="random-user-service">
<kw name="GET On Session" owner="RequestsLibrary">
<msg time="2024-04-25T11:12:33.161618" level="INFO">GET Request : url=https://randomuser.me/api 
 path_url=/api 
 headers={'User-Agent': 'python-requests/2.31.0', 'Accept-Encoding': 'gzip, deflate', 'Accept': '*/*', 'Connection': 'keep-alive'} 
 body=None 
 </msg>
<msg time="2024-04-25T11:12:33.161773" level="INFO">GET Response : url=https://randomuser.me/api 
 status=200, reason=OK 
 headers={'Date': 'Thu, 25 Apr 2024 11:12:33 GMT', 'Content-Type': 'application/json; charset=utf-8', 'Transfer-Encoding': 'chunked', 'Connection': 'keep-alive', 'X-Powered-By': 'Express', 'Access-Control-Allow-Origin': '*', 'Cache-Control': 'no-cache', 'ETag': 'W/"49b-GXUfMoH7qPwz0kGceaKJ6MnAvMg"', 'Vary': 'Accept-Encoding', 'Content-Encoding': 'gzip', 'CF-Cache-Status': 'DYNAMIC', 'Report-To': '{"endpoints":[{"url":"https:\\/\\/a.nel.cloudflare.com\\/report\\/v4?s=mzUlSht6Ry27okIxd3B9U5tiXFgBIzBbolaFEREwT%2Bl%2FCFLpRBEwnQ8fE%2FzL587yCYGaDg%2B838N2dlEbDHoThsDpuhy9iIxl0GKu%2BM6NmM%2FpjMDYzh1AC%2BkA8RJIlTMB"}],"group":"cf-nel","max_age":604800}', 'NEL': '{"success_fraction":0,"report_to":"cf-nel","max_age":604800}', 'Server': 'cloudflare', 'CF-RAY': '879de60e9b682f7d-LAX', 'alt-svc': 'h3=":443"; ma=86400'} 
 body={"results":[{"gender":"male","name":{"title":"Mr","first":"Leroy","last":"Palmer"},"location":{"street":{"number":7497,"name":"North Road"},"city":"Plymouth","state":"Rutland","country":"United Kingdom","postcode":"MJ2 2LD","coordinates":{"latitude":"-5.9486","longitude":"-165.8934"},"timezone":{"offset":"+10:00","description":"Eastern Australia, Guam, Vladivostok"}},"email":"leroy.palmer@example.com","login":{"uuid":"9afb8ac1-94d5-4fd3-a89b-d1b5e6384bb4","username":"organicpeacock885","password":"lindros","salt":"LsZt9Yo6","md5":"a25bedd3214ab8dfdfd3ddbc022b9a20","sha1":"18e79805f8fa94aa6e4eb4ced82e9594f76ec784","sha256":"2a7ddde7aa9ee9be9384fe7fa631ebcb8f4209f3eadc610fd9bae7120a0e3bae"},"dob":{"date":"1951-04-05T20:00:49.371Z","age":73},"registered":{"date":"2016-08-01T21:34:04.091Z","age":7},"phone":"016973 85362","cell":"07537 763139","id":{"name":"NINO","value":"MJ 57 86 64 U"},"picture":{"large":"https://randomuser.me/api/portraits/men/36.jpg","medium":"https://randomuser.me/api/portraits/med/men/36.jpg","thumbnail":"https://randomuser.me/api/portraits/thumb/men/36.jpg"},"nat":"GB"}],"info":{"seed":"1a90391789a128e4","results":1,"page":1,"version":"1.4"}} 
 </msg>
<msg time="2024-04-25T11:12:33.161854" level="INFO">/opt/hostedtoolcache/Python/3.12.3/x64/lib/python3.12/site-packages/urllib3/connectionpool.py:1103: InsecureRequestWarning: Unverified HTTPS request is being made to host 'randomuser.me'. Adding certificate verification is strongly advised. See: https://urllib3.readthedocs.io/en/latest/advanced-usage.html#tls-warnings
  warnings.warn(</msg>
<msg time="2024-04-25T11:12:33.162020" level="INFO">${response} = &lt;Response [200]&gt;</msg>
<var>${response}</var>
<arg>consultarAPI</arg>
<arg>/api</arg>
<doc>Sends a GET request on a previously created HTTP Session.</doc>
<status status="PASS" start="2024-04-25T11:12:33.008572" elapsed="0.153494"/>
</kw>
<kw name="Should Be Equal As Numbers" owner="BuiltIn">
<msg time="2024-04-25T11:12:33.163085" level="INFO">Argument types are:
&lt;class 'int'&gt;
&lt;class 'str'&gt;</msg>
<arg>${response.status_code}</arg>
<arg>200</arg>
<doc>Fails if objects are unequal after converting them to real numbers.</doc>
<status status="PASS" start="2024-04-25T11:12:33.162613" elapsed="0.000537"/>
</kw>
<kw name="Log" owner="BuiltIn">
<msg time="2024-04-25T11:12:33.163837" level="INFO">200</msg>
<arg>${response.status_code}</arg>
<doc>Logs the given message with the given level.</doc>
<status status="PASS" start="2024-04-25T11:12:33.163490" elapsed="0.000389"/>
</kw>
<kw name="Set Variable" owner="BuiltIn">
<msg time="2024-04-25T11:12:33.164682" level="INFO">${json_data} = {'results': [{'gender': 'male', 'name': {'title': 'Mr', 'first': 'Leroy', 'last': 'Palmer'}, 'location': {'street': {'number': 7497, 'name': 'North Road'}, 'city': 'Plymouth', 'state': 'Rutland', 'cou...</msg>
<var>${json_data}</var>
<arg>${response.json()}</arg>
<doc>Returns the given values which can then be assigned to a variables.</doc>
<status status="PASS" start="2024-04-25T11:12:33.164238" elapsed="0.000473"/>
</kw>
<kw name="Dictionary Should Contain Key" owner="Collections">
<msg time="2024-04-25T11:12:33.165183" level="INFO">False</msg>
<arg>${json_data}</arg>
<arg>results</arg>
<doc>Fails if ``key`` is not found from ``dictionary``.</doc>
<status status="PASS" start="2024-04-25T11:12:33.165015" elapsed="0.000215"/>
</kw>
<status status="PASS" start="2024-04-25T11:12:33.008324" elapsed="0.157175"/>
</kw>
<doc>Testa se a API responde corretamente e retorna um objeto JSON válido.</doc>
<tag>testeRequisicaoBasica</tag>
<status status="PASS" start="2024-04-25T11:12:33.007750" elapsed="0.157936"/>
</test>
<test id="s1-s1-t3" name="Validar estrutura de resposta" line="22">
<kw name="Teste de Estrutura de Resposta" owner="random-user-service">
<kw name="GET On Session" owner="RequestsLibrary">
<msg time="2024-04-25T11:12:33.615389" level="INFO">GET Request : url=https://randomuser.me/api 
 path_url=/api 
 headers={'User-Agent': 'python-requests/2.31.0', 'Accept-Encoding': 'gzip, deflate', 'Accept': '*/*', 'Connection': 'keep-alive'} 
 body=None 
 </msg>
<msg time="2024-04-25T11:12:33.615488" level="INFO">GET Response : url=https://randomuser.me/api 
 status=200, reason=OK 
 headers={'Date': 'Thu, 25 Apr 2024 11:12:33 GMT', 'Content-Type': 'application/json; charset=utf-8', 'Transfer-Encoding': 'chunked', 'Connection': 'keep-alive', 'X-Powered-By': 'Express', 'Access-Control-Allow-Origin': '*', 'Cache-Control': 'no-cache', 'ETag': 'W/"4a9-D7nZCc8hXtlkVGDoFsz9wP1rEsc"', 'Vary': 'Accept-Encoding', 'Content-Encoding': 'gzip', 'CF-Cache-Status': 'DYNAMIC', 'Report-To': '{"endpoints":[{"url":"https:\\/\\/a.nel.cloudflare.com\\/report\\/v4?s=kWRVhQX0pqf9YA69BI7eLJFQn3nzS9QR9pmiOd%2BNhEbpLu9IyFifpBlr5LhhncmHzEL9LSIIp%2FEcxU14ZjpAcv6umd6QRO%2BOEg9t2mAPVdcSWcua4KU3JbmXXu6Vz17K"}],"group":"cf-nel","max_age":604800}', 'NEL': '{"success_fraction":0,"report_to":"cf-nel","max_age":604800}', 'Server': 'cloudflare', 'CF-RAY': '879de60f5c052f7d-LAX', 'alt-svc': 'h3=":443"; ma=86400'} 
 body={"results":[{"gender":"female","name":{"title":"Miss","first":"Leah","last":"Alvarez"},"location":{"street":{"number":9124,"name":"Station Road"},"city":"Cambridge","state":"County Down","country":"United Kingdom","postcode":"WE7 3BR","coordinates":{"latitude":"-4.6676","longitude":"81.2422"},"timezone":{"offset":"+3:00","description":"Baghdad, Riyadh, Moscow, St. Petersburg"}},"email":"leah.alvarez@example.com","login":{"uuid":"9008ec23-5013-40a0-995b-6d378c303f75","username":"silvergoose856","password":"elijah","salt":"cdndObeK","md5":"3f839d7e54617806e137471b5b839f21","sha1":"2e8292edea99805274c6d64a40c66982ca8d290c","sha256":"394869b9d6380d2d6bca984b3cf2132216152d82da02a77a85d64653208d81f9"},"dob":{"date":"1957-12-08T18:50:18.326Z","age":66},"registered":{"date":"2011-12-14T12:47:54.186Z","age":12},"phone":"016973 21594","cell":"07793 174253","id":{"name":"NINO","value":"EP 47 50 90 X"},"picture":{"large":"https://randomuser.me/api/portraits/women/50.jpg","medium":"https://randomuser.me/api/portraits/med/women/50.jpg","thumbnail":"https://randomuser.me/api/portraits/thumb/women/50.jpg"},"nat":"GB"}],"info":{"seed":"84723a95eddacd22","results":1,"page":1,"version":"1.4"}} 
 </msg>
<msg time="2024-04-25T11:12:33.615606" level="INFO">/opt/hostedtoolcache/Python/3.12.3/x64/lib/python3.12/site-packages/urllib3/connectionpool.py:1103: InsecureRequestWarning: Unverified HTTPS request is being made to host 'randomuser.me'. Adding certificate verification is strongly advised. See: https://urllib3.readthedocs.io/en/latest/advanced-usage.html#tls-warnings
  warnings.warn(</msg>
<msg time="2024-04-25T11:12:33.615756" level="INFO">${response} = &lt;Response [200]&gt;</msg>
<var>${response}</var>
<arg>consultarAPI</arg>
<arg>/api</arg>
<doc>Sends a GET request on a previously created HTTP Session.</doc>
<status status="PASS" start="2024-04-25T11:12:33.168900" elapsed="0.446898"/>
</kw>
<kw name="Set Variable" owner="BuiltIn">
<msg time="2024-04-25T11:12:33.616856" level="INFO">${json_data} = {'results': [{'gender': 'female', 'name': {'title': 'Miss', 'first': 'Leah', 'last': 'Alvarez'}, 'location': {'street': {'number': 9124, 'name': 'Station Road'}, 'city': 'Cambridge', 'state': 'County ...</msg>
<var>${json_data}</var>
<arg>${response.json()}</arg>
<doc>Returns the given values which can then be assigned to a variables.</doc>
<status status="PASS" start="2024-04-25T11:12:33.616333" elapsed="0.000552"/>
</kw>
<kw name="Log" owner="BuiltIn">
<msg time="2024-04-25T11:12:33.617351" level="INFO">{'results': [{'gender': 'female', 'name': {'title': 'Miss', 'first': 'Leah', 'last': 'Alvarez'}, 'location': {'street': {'number': 9124, 'name': 'Station Road'}, 'city': 'Cambridge', 'state': 'County Down', 'country': 'United Kingdom', 'postcode': 'WE7 3BR', 'coordinates': {'latitude': '-4.6676', 'longitude': '81.2422'}, 'timezone': {'offset': '+3:00', 'description': 'Baghdad, Riyadh, Moscow, St. Petersburg'}}, 'email': 'leah.alvarez@example.com', 'login': {'uuid': '9008ec23-5013-40a0-995b-6d378c303f75', 'username': 'silvergoose856', 'password': 'elijah', 'salt': 'cdndObeK', 'md5': '3f839d7e54617806e137471b5b839f21', 'sha1': '2e8292edea99805274c6d64a40c66982ca8d290c', 'sha256': '394869b9d6380d2d6bca984b3cf2132216152d82da02a77a85d64653208d81f9'}, 'dob': {'date': '1957-12-08T18:50:18.326Z', 'age': 66}, 'registered': {'date': '2011-12-14T12:47:54.186Z', 'age': 12}, 'phone': '016973 21594', 'cell': '07793 174253', 'id': {'name': 'NINO', 'value': 'EP 47 50 90 X'}, 'picture': {'large': 'https://randomuser.me/api/portraits/women/50.jpg', 'medium': 'https://randomuser.me/api/portraits/med/women/50.jpg', 'thumbnail': 'https://randomuser.me/api/portraits/thumb/women/50.jpg'}, 'nat': 'GB'}], 'info': {'seed': '84723a95eddacd22', 'results': 1, 'page': 1, 'version': '1.4'}}</msg>
<arg>${json_data}</arg>
<doc>Logs the given message with the given level.</doc>
<status status="PASS" start="2024-04-25T11:12:33.617192" elapsed="0.000206"/>
</kw>
<kw name="Dictionary Should Contain Key" owner="Collections">
<msg time="2024-04-25T11:12:33.617844" level="INFO">False</msg>
<arg>${json_data}</arg>
<arg>results</arg>
<doc>Fails if ``key`` is not found from ``dictionary``.</doc>
<status status="PASS" start="2024-04-25T11:12:33.617688" elapsed="0.000192"/>
</kw>
<kw name="Should Not Be Empty" owner="BuiltIn">
<msg time="2024-04-25T11:12:33.618306" level="INFO">Length is 2.</msg>
<arg>${json_data}</arg>
<doc>Verifies that the given item is not empty.</doc>
<status status="PASS" start="2024-04-25T11:12:33.618175" elapsed="0.000325"/>
</kw>
<kw name="Create List" owner="BuiltIn">
<msg time="2024-04-25T11:12:33.618935" level="INFO">${expected_keys} = ['gender', 'name', 'location', 'email', 'login']</msg>
<var>${expected_keys}</var>
<arg>gender</arg>
<arg>name</arg>
<arg>location</arg>
<arg>email</arg>
<arg>login</arg>
<doc>Returns a list containing given items.</doc>
<status status="PASS" start="2024-04-25T11:12:33.618791" elapsed="0.000167"/>
</kw>
<for flavor="IN">
<iter>
<kw name="Dictionary Should Contain Key" owner="Collections">
<msg time="2024-04-25T11:12:33.619944" level="INFO">False</msg>
<arg>${json_data['results'][0]}</arg>
<arg>${key}</arg>
<doc>Fails if ``key`` is not found from ``dictionary``.</doc>
<status status="PASS" start="2024-04-25T11:12:33.619545" elapsed="0.000436"/>
</kw>
<kw name="Log" owner="BuiltIn">
<msg time="2024-04-25T11:12:33.620679" level="INFO">{'gender': 'female', 'name': {'title': 'Miss', 'first': 'Leah', 'last': 'Alvarez'}, 'location': {'street': {'number': 9124, 'name': 'Station Road'}, 'city': 'Cambridge', 'state': 'County Down', 'country': 'United Kingdom', 'postcode': 'WE7 3BR', 'coordinates': {'latitude': '-4.6676', 'longitude': '81.2422'}, 'timezone': {'offset': '+3:00', 'description': 'Baghdad, Riyadh, Moscow, St. Petersburg'}}, 'email': 'leah.alvarez@example.com', 'login': {'uuid': '9008ec23-5013-40a0-995b-6d378c303f75', 'username': 'silvergoose856', 'password': 'elijah', 'salt': 'cdndObeK', 'md5': '3f839d7e54617806e137471b5b839f21', 'sha1': '2e8292edea99805274c6d64a40c66982ca8d290c', 'sha256': '394869b9d6380d2d6bca984b3cf2132216152d82da02a77a85d64653208d81f9'}, 'dob': {'date': '1957-12-08T18:50:18.326Z', 'age': 66}, 'registered': {'date': '2011-12-14T12:47:54.186Z', 'age': 12}, 'phone': '016973 21594', 'cell': '07793 174253', 'id': {'name': 'NINO', 'value': 'EP 47 50 90 X'}, 'picture': {'large': 'https://randomuser.me/api/portraits/women/50.jpg', 'medium': 'https://randomuser.me/api/portraits/med/women/50.jpg', 'thumbnail': 'https://randomuser.me/api/portraits/thumb/women/50.jpg'}, 'nat': 'GB'}</msg>
<arg>${json_data['results'][0]}</arg>
<doc>Logs the given message with the given level.</doc>
<status status="PASS" start="2024-04-25T11:12:33.620321" elapsed="0.000406"/>
</kw>
<kw name="Log" owner="BuiltIn">
<msg time="2024-04-25T11:12:33.621145" level="INFO">gender</msg>
<arg>${key}</arg>
<doc>Logs the given message with the given level.</doc>
<status status="PASS" start="2024-04-25T11:12:33.621019" elapsed="0.000162"/>
</kw>
<var name="${key}">gender</var>
<status status="PASS" start="2024-04-25T11:12:33.619414" elapsed="0.001978"/>
</iter>
<iter>
<kw name="Dictionary Should Contain Key" owner="Collections">
<msg time="2024-04-25T11:12:33.622086" level="INFO">False</msg>
<arg>${json_data['results'][0]}</arg>
<arg>${key}</arg>
<doc>Fails if ``key`` is not found from ``dictionary``.</doc>
<status status="PASS" start="2024-04-25T11:12:33.621689" elapsed="0.000434"/>
</kw>
<kw name="Log" owner="BuiltIn">
<msg time="2024-04-25T11:12:33.622810" level="INFO">{'gender': 'female', 'name': {'title': 'Miss', 'first': 'Leah', 'last': 'Alvarez'}, 'location': {'street': {'number': 9124, 'name': 'Station Road'}, 'city': 'Cambridge', 'state': 'County Down', 'country': 'United Kingdom', 'postcode': 'WE7 3BR', 'coordinates': {'latitude': '-4.6676', 'longitude': '81.2422'}, 'timezone': {'offset': '+3:00', 'description': 'Baghdad, Riyadh, Moscow, St. Petersburg'}}, 'email': 'leah.alvarez@example.com', 'login': {'uuid': '9008ec23-5013-40a0-995b-6d378c303f75', 'username': 'silvergoose856', 'password': 'elijah', 'salt': 'cdndObeK', 'md5': '3f839d7e54617806e137471b5b839f21', 'sha1': '2e8292edea99805274c6d64a40c66982ca8d290c', 'sha256': '394869b9d6380d2d6bca984b3cf2132216152d82da02a77a85d64653208d81f9'}, 'dob': {'date': '1957-12-08T18:50:18.326Z', 'age': 66}, 'registered': {'date': '2011-12-14T12:47:54.186Z', 'age': 12}, 'phone': '016973 21594', 'cell': '07793 174253', 'id': {'name': 'NINO', 'value': 'EP 47 50 90 X'}, 'picture': {'large': 'https://randomuser.me/api/portraits/women/50.jpg', 'medium': 'https://randomuser.me/api/portraits/med/women/50.jpg', 'thumbnail': 'https://randomuser.me/api/portraits/thumb/women/50.jpg'}, 'nat': 'GB'}</msg>
<arg>${json_data['results'][0]}</arg>
<doc>Logs the given message with the given level.</doc>
<status status="PASS" start="2024-04-25T11:12:33.622456" elapsed="0.000402"/>
</kw>
<kw name="Log" owner="BuiltIn">
<msg time="2024-04-25T11:12:33.623277" level="INFO">name</msg>
<arg>${key}</arg>
<doc>Logs the given message with the given level.</doc>
<status status="PASS" start="2024-04-25T11:12:33.623151" elapsed="0.000162"/>
</kw>
<var name="${key}">name</var>
<status status="PASS" start="2024-04-25T11:12:33.621576" elapsed="0.001950"/>
</iter>
<iter>
<kw name="Dictionary Should Contain Key" owner="Collections">
<msg time="2024-04-25T11:12:33.624233" level="INFO">False</msg>
<arg>${json_data['results'][0]}</arg>
<arg>${key}</arg>
<doc>Fails if ``key`` is not found from ``dictionary``.</doc>
<status status="PASS" start="2024-04-25T11:12:33.623811" elapsed="0.000461"/>
</kw>
<kw name="Log" owner="BuiltIn">
<msg time="2024-04-25T11:12:33.624934" level="INFO">{'gender': 'female', 'name': {'title': 'Miss', 'first': 'Leah', 'last': 'Alvarez'}, 'location': {'street': {'number': 9124, 'name': 'Station Road'}, 'city': 'Cambridge', 'state': 'County Down', 'country': 'United Kingdom', 'postcode': 'WE7 3BR', 'coordinates': {'latitude': '-4.6676', 'longitude': '81.2422'}, 'timezone': {'offset': '+3:00', 'description': 'Baghdad, Riyadh, Moscow, St. Petersburg'}}, 'email': 'leah.alvarez@example.com', 'login': {'uuid': '9008ec23-5013-40a0-995b-6d378c303f75', 'username': 'silvergoose856', 'password': 'elijah', 'salt': 'cdndObeK', 'md5': '3f839d7e54617806e137471b5b839f21', 'sha1': '2e8292edea99805274c6d64a40c66982ca8d290c', 'sha256': '394869b9d6380d2d6bca984b3cf2132216152d82da02a77a85d64653208d81f9'}, 'dob': {'date': '1957-12-08T18:50:18.326Z', 'age': 66}, 'registered': {'date': '2011-12-14T12:47:54.186Z', 'age': 12}, 'phone': '016973 21594', 'cell': '07793 174253', 'id': {'name': 'NINO', 'value': 'EP 47 50 90 X'}, 'picture': {'large': 'https://randomuser.me/api/portraits/women/50.jpg', 'medium': 'https://randomuser.me/api/portraits/med/women/50.jpg', 'thumbnail': 'https://randomuser.me/api/portraits/thumb/women/50.jpg'}, 'nat': 'GB'}</msg>
<arg>${json_data['results'][0]}</arg>
<doc>Logs the given message with the given level.</doc>
<status status="PASS" start="2024-04-25T11:12:33.624577" elapsed="0.000404"/>
</kw>
<kw name="Log" owner="BuiltIn">
<msg time="2024-04-25T11:12:33.625389" level="INFO">location</msg>
<arg>${key}</arg>
<doc>Logs the given message with the given level.</doc>
<status status="PASS" start="2024-04-25T11:12:33.625268" elapsed="0.000157"/>
</kw>
<var name="${key}">location</var>
<status status="PASS" start="2024-04-25T11:12:33.623700" elapsed="0.001934"/>
</iter>
<iter>
<kw name="Dictionary Should Contain Key" owner="Collections">
<msg time="2024-04-25T11:12:33.626301" level="INFO">False</msg>
<arg>${json_data['results'][0]}</arg>
<arg>${key}</arg>
<doc>Fails if ``key`` is not found from ``dictionary``.</doc>
<status status="PASS" start="2024-04-25T11:12:33.625914" elapsed="0.000423"/>
</kw>
<kw name="Log" owner="BuiltIn">
<msg time="2024-04-25T11:12:33.626975" level="INFO">{'gender': 'female', 'name': {'title': 'Miss', 'first': 'Leah', 'last': 'Alvarez'}, 'location': {'street': {'number': 9124, 'name': 'Station Road'}, 'city': 'Cambridge', 'state': 'County Down', 'country': 'United Kingdom', 'postcode': 'WE7 3BR', 'coordinates': {'latitude': '-4.6676', 'longitude': '81.2422'}, 'timezone': {'offset': '+3:00', 'description': 'Baghdad, Riyadh, Moscow, St. Petersburg'}}, 'email': 'leah.alvarez@example.com', 'login': {'uuid': '9008ec23-5013-40a0-995b-6d378c303f75', 'username': 'silvergoose856', 'password': 'elijah', 'salt': 'cdndObeK', 'md5': '3f839d7e54617806e137471b5b839f21', 'sha1': '2e8292edea99805274c6d64a40c66982ca8d290c', 'sha256': '394869b9d6380d2d6bca984b3cf2132216152d82da02a77a85d64653208d81f9'}, 'dob': {'date': '1957-12-08T18:50:18.326Z', 'age': 66}, 'registered': {'date': '2011-12-14T12:47:54.186Z', 'age': 12}, 'phone': '016973 21594', 'cell': '07793 174253', 'id': {'name': 'NINO', 'value': 'EP 47 50 90 X'}, 'picture': {'large': 'https://randomuser.me/api/portraits/women/50.jpg', 'medium': 'https://randomuser.me/api/portraits/med/women/50.jpg', 'thumbnail': 'https://randomuser.me/api/portraits/thumb/women/50.jpg'}, 'nat': 'GB'}</msg>
<arg>${json_data['results'][0]}</arg>
<doc>Logs the given message with the given level.</doc>
<status status="PASS" start="2024-04-25T11:12:33.626625" elapsed="0.000396"/>
</kw>
<kw name="Log" owner="BuiltIn">
<msg time="2024-04-25T11:12:33.627439" level="INFO">email</msg>
<arg>${key}</arg>
<doc>Logs the given message with the given level.</doc>
<status status="PASS" start="2024-04-25T11:12:33.627314" elapsed="0.000161"/>
</kw>
<var name="${key}">email</var>
<status status="PASS" start="2024-04-25T11:12:33.625805" elapsed="0.001879"/>
</iter>
<iter>
<kw name="Dictionary Should Contain Key" owner="Collections">
<msg time="2024-04-25T11:12:33.628401" level="INFO">False</msg>
<arg>${json_data['results'][0]}</arg>
<arg>${key}</arg>
<doc>Fails if ``key`` is not found from ``dictionary``.</doc>
<status status="PASS" start="2024-04-25T11:12:33.627960" elapsed="0.000480"/>
</kw>
<kw name="Log" owner="BuiltIn">
<msg time="2024-04-25T11:12:33.629096" level="INFO">{'gender': 'female', 'name': {'title': 'Miss', 'first': 'Leah', 'last': 'Alvarez'}, 'location': {'street': {'number': 9124, 'name': 'Station Road'}, 'city': 'Cambridge', 'state': 'County Down', 'country': 'United Kingdom', 'postcode': 'WE7 3BR', 'coordinates': {'latitude': '-4.6676', 'longitude': '81.2422'}, 'timezone': {'offset': '+3:00', 'description': 'Baghdad, Riyadh, Moscow, St. Petersburg'}}, 'email': 'leah.alvarez@example.com', 'login': {'uuid': '9008ec23-5013-40a0-995b-6d378c303f75', 'username': 'silvergoose856', 'password': 'elijah', 'salt': 'cdndObeK', 'md5': '3f839d7e54617806e137471b5b839f21', 'sha1': '2e8292edea99805274c6d64a40c66982ca8d290c', 'sha256': '394869b9d6380d2d6bca984b3cf2132216152d82da02a77a85d64653208d81f9'}, 'dob': {'date': '1957-12-08T18:50:18.326Z', 'age': 66}, 'registered': {'date': '2011-12-14T12:47:54.186Z', 'age': 12}, 'phone': '016973 21594', 'cell': '07793 174253', 'id': {'name': 'NINO', 'value': 'EP 47 50 90 X'}, 'picture': {'large': 'https://randomuser.me/api/portraits/women/50.jpg', 'medium': 'https://randomuser.me/api/portraits/med/women/50.jpg', 'thumbnail': 'https://randomuser.me/api/portraits/thumb/women/50.jpg'}, 'nat': 'GB'}</msg>
<arg>${json_data['results'][0]}</arg>
<doc>Logs the given message with the given level.</doc>
<status status="PASS" start="2024-04-25T11:12:33.628735" elapsed="0.000407"/>
</kw>
<kw name="Log" owner="BuiltIn">
<msg time="2024-04-25T11:12:33.629561" level="INFO">login</msg>
<arg>${key}</arg>
<doc>Logs the given message with the given level.</doc>
<status status="PASS" start="2024-04-25T11:12:33.629437" elapsed="0.000190"/>
</kw>
<var name="${key}">login</var>
<status status="PASS" start="2024-04-25T11:12:33.627851" elapsed="0.001993"/>
</iter>
<var>${key}</var>
<value>@{expected_keys}</value>
<status status="PASS" start="2024-04-25T11:12:33.619224" elapsed="0.010740"/>
</for>
<kw name="Create List" owner="BuiltIn">
<msg time="2024-04-25T11:12:33.630289" level="INFO">${expected_keysTwo} = ['username', 'password']</msg>
<var>${expected_keysTwo}</var>
<arg>username</arg>
<arg>password</arg>
<doc>Returns a list containing given items.</doc>
<status status="PASS" start="2024-04-25T11:12:33.630154" elapsed="0.000159"/>
</kw>
<for flavor="IN">
<iter>
<kw name="Dictionary Should Contain Key" owner="Collections">
<msg time="2024-04-25T11:12:33.631190" level="INFO">False</msg>
<arg>${json_data['results'][0]['login']}</arg>
<arg>${keyTwo}</arg>
<doc>Fails if ``key`` is not found from ``dictionary``.</doc>
<status status="PASS" start="2024-04-25T11:12:33.630806" elapsed="0.000421"/>
</kw>
<kw name="Dictionary Should Contain Key" owner="Collections">
<msg time="2024-04-25T11:12:33.631898" level="INFO">False</msg>
<arg>${json_data['results'][0]['login']}</arg>
<arg>${keyTwo}</arg>
<doc>Fails if ``key`` is not found from ``dictionary``.</doc>
<status status="PASS" start="2024-04-25T11:12:33.631514" elapsed="0.000420"/>
</kw>
<kw name="Log" owner="BuiltIn">
<msg time="2024-04-25T11:12:33.632392" level="INFO">username</msg>
<arg>${keyTwo}</arg>
<doc>Logs the given message with the given level.</doc>
<status status="PASS" start="2024-04-25T11:12:33.632264" elapsed="0.000166"/>
</kw>
<var name="${keyTwo}">username</var>
<status status="PASS" start="2024-04-25T11:12:33.630697" elapsed="0.001947"/>
</iter>
<iter>
<kw name="Dictionary Should Contain Key" owner="Collections">
<msg time="2024-04-25T11:12:33.633389" level="INFO">False</msg>
<arg>${json_data['results'][0]['login']}</arg>
<arg>${keyTwo}</arg>
<doc>Fails if ``key`` is not found from ``dictionary``.</doc>
<status status="PASS" start="2024-04-25T11:12:33.632923" elapsed="0.000510"/>
</kw>
<kw name="Dictionary Should Contain Key" owner="Collections">
<msg time="2024-04-25T11:12:33.634108" level="INFO">False</msg>
<arg>${json_data['results'][0]['login']}</arg>
<arg>${keyTwo}</arg>
<doc>Fails if ``key`` is not found from ``dictionary``.</doc>
<status status="PASS" start="2024-04-25T11:12:33.633730" elapsed="0.000414"/>
</kw>
<kw name="Log" owner="BuiltIn">
<msg time="2024-04-25T11:12:33.634557" level="INFO">password</msg>
<arg>${keyTwo}</arg>
<doc>Logs the given message with the given level.</doc>
<status status="PASS" start="2024-04-25T11:12:33.634433" elapsed="0.000160"/>
</kw>
<var name="${keyTwo}">password</var>
<status status="PASS" start="2024-04-25T11:12:33.632815" elapsed="0.001989"/>
</iter>
<var>${keyTwo}</var>
<value>@{expected_keysTwo}</value>
<status status="PASS" start="2024-04-25T11:12:33.630547" elapsed="0.004376"/>
</for>
<status status="PASS" start="2024-04-25T11:12:33.168637" elapsed="0.466426"/>
</kw>
<doc>Testa a estrutura da resposta da API.</doc>
<tag>testeEstruturaResposta</tag>
<status status="PASS" start="2024-04-25T11:12:33.167986" elapsed="0.467232"/>
</test>
<test id="s1-s1-t4" name="Validar tipos de dados" line="28">
<kw name="Teste de Tipos de Dados" owner="random-user-service">
<kw name="GET On Session" owner="RequestsLibrary">
<msg time="2024-04-25T11:12:33.733460" level="INFO">GET Request : url=https://randomuser.me/api 
 path_url=/api 
 headers={'User-Agent': 'python-requests/2.31.0', 'Accept-Encoding': 'gzip, deflate', 'Accept': '*/*', 'Connection': 'keep-alive'} 
 body=None 
 </msg>
<msg time="2024-04-25T11:12:33.733542" level="INFO">GET Response : url=https://randomuser.me/api 
 status=200, reason=OK 
 headers={'Date': 'Thu, 25 Apr 2024 11:12:33 GMT', 'Content-Type': 'application/json; charset=utf-8', 'Transfer-Encoding': 'chunked', 'Connection': 'keep-alive', 'X-Powered-By': 'Express', 'Access-Control-Allow-Origin': '*', 'Cache-Control': 'no-cache', 'ETag': 'W/"488-v39nHKL1XQvO0R6DvJjhtbelS80"', 'Vary': 'Accept-Encoding', 'Content-Encoding': 'gzip', 'CF-Cache-Status': 'DYNAMIC', 'Report-To': '{"endpoints":[{"url":"https:\\/\\/a.nel.cloudflare.com\\/report\\/v4?s=LZKHAvX6mOlej1TYVvOgASxreNUVZK8NM2cZnnhUjiCi4EvOlMXmBXaxFXsCF8AaM3LI2BbxLtD3nS6JXQyHS25ulg7PW7gmrTmtYBFg51C9qCg9WhqVcXZxugyQSYy%2F"}],"group":"cf-nel","max_age":604800}', 'NEL': '{"success_fraction":0,"report_to":"cf-nel","max_age":604800}', 'Server': 'cloudflare', 'CF-RAY': '879de6124df32f7d-LAX', 'alt-svc': 'h3=":443"; ma=86400'} 
 body={"results":[{"gender":"female","name":{"title":"Ms","first":"Jelena","last":"Daničić"},"location":{"street":{"number":3530,"name":"Milinka Kušića"},"city":"Bački Petrovac","state":"West Bačka","country":"Serbia","postcode":47840,"coordinates":{"latitude":"60.8690","longitude":"169.0883"},"timezone":{"offset":"-10:00","description":"Hawaii"}},"email":"jelena.danicic@example.com","login":{"uuid":"51b1581f-65ea-4d64-a98e-4ed69e6f293a","username":"whitefish915","password":"katherine","salt":"u5MZzt5L","md5":"08e9c165bb2b8624dfdd7f9117eb6a56","sha1":"6e0dd73718619dbd5d3651ca250803ad09ff92e3","sha256":"b16ccc90840fbaf378e55e0cbe8d6c7403e562dc296d7a1f8d61a474475da5c6"},"dob":{"date":"1990-12-30T04:49:15.777Z","age":33},"registered":{"date":"2010-12-11T08:02:08.786Z","age":13},"phone":"034-9161-605","cell":"060-8235-962","id":{"name":"SID","value":"700063906"},"picture":{"large":"https://randomuser.me/api/portraits/women/57.jpg","medium":"https://randomuser.me/api/portraits/med/women/57.jpg","thumbnail":"https://randomuser.me/api/portraits/thumb/women/57.jpg"},"nat":"RS"}],"info":{"seed":"a24de136c6080aa8","results":1,"page":1,"version":"1.4"}} 
 </msg>
<msg time="2024-04-25T11:12:33.733607" level="INFO">/opt/hostedtoolcache/Python/3.12.3/x64/lib/python3.12/site-packages/urllib3/connectionpool.py:1103: InsecureRequestWarning: Unverified HTTPS request is being made to host 'randomuser.me'. Adding certificate verification is strongly advised. See: https://urllib3.readthedocs.io/en/latest/advanced-usage.html#tls-warnings
  warnings.warn(</msg>
<msg time="2024-04-25T11:12:33.733734" level="INFO">${response} = &lt;Response [200]&gt;</msg>
<var>${response}</var>
<arg>consultarAPI</arg>
<arg>/api</arg>
<doc>Sends a GET request on a previously created HTTP Session.</doc>
<status status="PASS" start="2024-04-25T11:12:33.637749" elapsed="0.096028"/>
</kw>
<kw name="Set Variable" owner="BuiltIn">
<msg time="2024-04-25T11:12:33.734751" level="INFO">${json_data} = {'results': [{'gender': 'female', 'name': {'title': 'Ms', 'first': 'Jelena', 'last': 'Daničić'}, 'location': {'street': {'number': 3530, 'name': 'Milinka Kušića'}, 'city': 'Bački Petrovac', 'state': '...</msg>
<var>${json_data}</var>
<arg>${response.json()}</arg>
<doc>Returns the given values which can then be assigned to a variables.</doc>
<status status="PASS" start="2024-04-25T11:12:33.734245" elapsed="0.000536"/>
</kw>
<kw name="Log" owner="BuiltIn">
<msg time="2024-04-25T11:12:33.735242" level="INFO">{'results': [{'gender': 'female', 'name': {'title': 'Ms', 'first': 'Jelena', 'last': 'Daničić'}, 'location': {'street': {'number': 3530, 'name': 'Milinka Kušića'}, 'city': 'Bački Petrovac', 'state': 'West Bačka', 'country': 'Serbia', 'postcode': 47840, 'coordinates': {'latitude': '60.8690', 'longitude': '169.0883'}, 'timezone': {'offset': '-10:00', 'description': 'Hawaii'}}, 'email': 'jelena.danicic@example.com', 'login': {'uuid': '51b1581f-65ea-4d64-a98e-4ed69e6f293a', 'username': 'whitefish915', 'password': 'katherine', 'salt': 'u5MZzt5L', 'md5': '08e9c165bb2b8624dfdd7f9117eb6a56', 'sha1': '6e0dd73718619dbd5d3651ca250803ad09ff92e3', 'sha256': 'b16ccc90840fbaf378e55e0cbe8d6c7403e562dc296d7a1f8d61a474475da5c6'}, 'dob': {'date': '1990-12-30T04:49:15.777Z', 'age': 33}, 'registered': {'date': '2010-12-11T08:02:08.786Z', 'age': 13}, 'phone': '034-9161-605', 'cell': '060-8235-962', 'id': {'name': 'SID', 'value': '700063906'}, 'picture': {'large': 'https://randomuser.me/api/portraits/women/57.jpg', 'medium': 'https://randomuser.me/api/portraits/med/women/57.jpg', 'thumbnail': 'https://randomuser.me/api/portraits/thumb/women/57.jpg'}, 'nat': 'RS'}], 'info': {'seed': 'a24de136c6080aa8', 'results': 1, 'page': 1, 'version': '1.4'}}</msg>
<arg>${json_data}</arg>
<doc>Logs the given message with the given level.</doc>
<status status="PASS" start="2024-04-25T11:12:33.735087" elapsed="0.000241"/>
</kw>
<kw name="Should Be String" owner="String">
<arg>${json_data['results'][0]['gender']}</arg>
<doc>Fails if the given ``item`` is not a string.</doc>
<status status="PASS" start="2024-04-25T11:12:33.735637" elapsed="0.000354"/>
</kw>
<kw name="Should Match Regexp" owner="BuiltIn">
<arg>${json_data['results'][0]['email']}</arg>
<arg>^[a-zA-Z0-9._%+-]+@[a-zA-Z0-9.-]+\.[a-zA-Z]{2,}$</arg>
<doc>Fails if ``string`` does not match ``pattern`` as a regular expression.</doc>
<status status="PASS" start="2024-04-25T11:12:33.736235" elapsed="0.000516"/>
</kw>
<kw name="Should Match Regexp" owner="BuiltIn">
<arg>${json_data['results'][0]['dob']['date']}</arg>
<arg>\\d{4}-\\d{2}-\\d{2}T\\d{2}:\\d{2}:\\d{2}\\.\\d{3}Z</arg>
<doc>Fails if ``string`` does not match ``pattern`` as a regular expression.</doc>
<status status="PASS" start="2024-04-25T11:12:33.736944" elapsed="0.000478"/>
</kw>
<kw name="Should Match Regexp" owner="BuiltIn">
<arg>${json_data['results'][0]['registered']['date']}</arg>
<arg>\\d{4}-\\d{2}-\\d{2}T\\d{2}:\\d{2}:\\d{2}\\.\\d{3}Z</arg>
<doc>Fails if ``string`` does not match ``pattern`` as a regular expression.</doc>
<status status="PASS" start="2024-04-25T11:12:33.737611" elapsed="0.000361"/>
</kw>
<kw name="Should Match Regexp" owner="BuiltIn">
<arg>${json_data['results'][0]['picture']['large']}</arg>
<arg>^https?://.*\.(?:png|jpe?g|gif|bmp)$</arg>
<doc>Fails if ``string`` does not match ``pattern`` as a regular expression.</doc>
<status status="PASS" start="2024-04-25T11:12:33.738156" elapsed="0.000450"/>
</kw>
<kw name="Should Match Regexp" owner="BuiltIn">
<arg>${json_data['results'][0]['picture']['medium']}</arg>
<arg>^https?://.*\.(?:png|jpe?g|gif|bmp)$</arg>
<doc>Fails if ``string`` does not match ``pattern`` as a regular expression.</doc>
<status status="PASS" start="2024-04-25T11:12:33.738795" elapsed="0.000360"/>
</kw>
<kw name="Should Match Regexp" owner="BuiltIn">
<arg>${json_data['results'][0]['picture']['thumbnail']}</arg>
<arg>^https?://.*\.(?:png|jpe?g|gif|bmp)$</arg>
<doc>Fails if ``string`` does not match ``pattern`` as a regular expression.</doc>
<status status="PASS" start="2024-04-25T11:12:33.739342" elapsed="0.000345"/>
</kw>
<kw name="Log" owner="BuiltIn">
<msg time="2024-04-25T11:12:33.740220" level="INFO">{'large': 'https://randomuser.me/api/portraits/women/57.jpg', 'medium': 'https://randomuser.me/api/portraits/med/women/57.jpg', 'thumbnail': 'https://randomuser.me/api/portraits/thumb/women/57.jpg'}</msg>
<arg>${json_data['results'][0]['picture']}</arg>
<doc>Logs the given message with the given level.</doc>
<status status="PASS" start="2024-04-25T11:12:33.739867" elapsed="0.000394"/>
</kw>
<status status="PASS" start="2024-04-25T11:12:33.637504" elapsed="0.103013"/>
</kw>
<kw name="Teste de Tipos de Dados - Postcode" owner="random-user-service">
<kw name="GET On Session" owner="RequestsLibrary">
<msg time="2024-04-25T11:12:33.840750" level="INFO">GET Request : url=https://randomuser.me/api 
 path_url=/api 
 headers={'User-Agent': 'python-requests/2.31.0', 'Accept-Encoding': 'gzip, deflate', 'Accept': '*/*', 'Connection': 'keep-alive'} 
 body=None 
 </msg>
<msg time="2024-04-25T11:12:33.840851" level="INFO">GET Response : url=https://randomuser.me/api 
 status=200, reason=OK 
 headers={'Date': 'Thu, 25 Apr 2024 11:12:33 GMT', 'Content-Type': 'application/json; charset=utf-8', 'Transfer-Encoding': 'chunked', 'Connection': 'keep-alive', 'X-Powered-By': 'Express', 'Access-Control-Allow-Origin': '*', 'Cache-Control': 'no-cache', 'ETag': 'W/"484-QMFE+nB64V7XEDKccjvLN0ds6Cc"', 'Vary': 'Accept-Encoding', 'Content-Encoding': 'gzip', 'CF-Cache-Status': 'DYNAMIC', 'Report-To': '{"endpoints":[{"url":"https:\\/\\/a.nel.cloudflare.com\\/report\\/v4?s=7mvcumt1w70uhwIsrLjwn6eBM7QfOJTSh2cms9CMxZcFfdoWRa9tM9qo2cdbEGgZQnjoMHwW5D5GZIZzgVi6wynup48E036AxZPleSXL1NSCEWxUYXeDfmO1boq5QKox"}],"group":"cf-nel","max_age":604800}', 'NEL': '{"success_fraction":0,"report_to":"cf-nel","max_age":604800}', 'Server': 'cloudflare', 'CF-RAY': '879de612ee672f7d-LAX', 'alt-svc': 'h3=":443"; ma=86400'} 
 body={"results":[{"gender":"male","name":{"title":"Mr","first":"Carmelo","last":"Álvarez"},"location":{"street":{"number":5505,"name":"Avenida de Burgos"},"city":"Ciudad Real","state":"Asturias","country":"Spain","postcode":44009,"coordinates":{"latitude":"-35.1123","longitude":"-135.2992"},"timezone":{"offset":"+9:30","description":"Adelaide, Darwin"}},"email":"carmelo.alvarez@example.com","login":{"uuid":"30e81326-5d08-4603-9757-a15ce33bfbcb","username":"goldenladybug692","password":"jason","salt":"vZcGzaph","md5":"456d497a9c56b45e31564ad72f688413","sha1":"af1d330b7a68b5b1bad94fd2a18b7ca38a86cfbe","sha256":"26b635af107400acfc40a2c0124ffacb4dc1c18b8651ea2a16c0d795114336fa"},"dob":{"date":"1950-05-26T17:30:50.467Z","age":73},"registered":{"date":"2009-04-20T06:29:55.618Z","age":15},"phone":"991-279-777","cell":"654-612-513","id":{"name":"DNI","value":"94377979-K"},"picture":{"large":"https://randomuser.me/api/portraits/men/80.jpg","medium":"https://randomuser.me/api/portraits/med/men/80.jpg","thumbnail":"https://randomuser.me/api/portraits/thumb/men/80.jpg"},"nat":"ES"}],"info":{"seed":"7274274fc2492d02","results":1,"page":1,"version":"1.4"}} 
 </msg>
<msg time="2024-04-25T11:12:33.840920" level="INFO">/opt/hostedtoolcache/Python/3.12.3/x64/lib/python3.12/site-packages/urllib3/connectionpool.py:1103: InsecureRequestWarning: Unverified HTTPS request is being made to host 'randomuser.me'. Adding certificate verification is strongly advised. See: https://urllib3.readthedocs.io/en/latest/advanced-usage.html#tls-warnings
  warnings.warn(</msg>
<msg time="2024-04-25T11:12:33.841051" level="INFO">${response} = &lt;Response [200]&gt;</msg>
<var>${response}</var>
<arg>consultarAPI</arg>
<arg>/api</arg>
<doc>Sends a GET request on a previously created HTTP Session.</doc>
<status status="PASS" start="2024-04-25T11:12:33.740973" elapsed="0.100126"/>
</kw>
<kw name="Set Variable" owner="BuiltIn">
<msg time="2024-04-25T11:12:33.842117" level="INFO">${json_data} = {'results': [{'gender': 'male', 'name': {'title': 'Mr', 'first': 'Carmelo', 'last': 'Álvarez'}, 'location': {'street': {'number': 5505, 'name': 'Avenida de Burgos'}, 'city': 'Ciudad Real', 'state': 'A...</msg>
<var>${json_data}</var>
<arg>${response.json()}</arg>
<doc>Returns the given values which can then be assigned to a variables.</doc>
<status status="PASS" start="2024-04-25T11:12:33.841610" elapsed="0.000536"/>
</kw>
<kw name="Log" owner="BuiltIn">
<msg time="2024-04-25T11:12:33.842615" level="INFO">{'results': [{'gender': 'male', 'name': {'title': 'Mr', 'first': 'Carmelo', 'last': 'Álvarez'}, 'location': {'street': {'number': 5505, 'name': 'Avenida de Burgos'}, 'city': 'Ciudad Real', 'state': 'Asturias', 'country': 'Spain', 'postcode': 44009, 'coordinates': {'latitude': '-35.1123', 'longitude': '-135.2992'}, 'timezone': {'offset': '+9:30', 'description': 'Adelaide, Darwin'}}, 'email': 'carmelo.alvarez@example.com', 'login': {'uuid': '30e81326-5d08-4603-9757-a15ce33bfbcb', 'username': 'goldenladybug692', 'password': 'jason', 'salt': 'vZcGzaph', 'md5': '456d497a9c56b45e31564ad72f688413', 'sha1': 'af1d330b7a68b5b1bad94fd2a18b7ca38a86cfbe', 'sha256': '26b635af107400acfc40a2c0124ffacb4dc1c18b8651ea2a16c0d795114336fa'}, 'dob': {'date': '1950-05-26T17:30:50.467Z', 'age': 73}, 'registered': {'date': '2009-04-20T06:29:55.618Z', 'age': 15}, 'phone': '991-279-777', 'cell': '654-612-513', 'id': {'name': 'DNI', 'value': '94377979-K'}, 'picture': {'large': 'https://randomuser.me/api/portraits/men/80.jpg', 'medium': 'https://randomuser.me/api/portraits/med/men/80.jpg', 'thumbnail': 'https://randomuser.me/api/portraits/thumb/men/80.jpg'}, 'nat': 'ES'}], 'info': {'seed': '7274274fc2492d02', 'results': 1, 'page': 1, 'version': '1.4'}}</msg>
<arg>${json_data}</arg>
<doc>Logs the given message with the given level.</doc>
<status status="PASS" start="2024-04-25T11:12:33.842454" elapsed="0.000242"/>
</kw>
<kw name="Should Be Equal As Numbers" owner="BuiltIn">
<arg>${json_data['results'][0]['location']['postcode']}</arg>
<arg>${json_data['results'][0]['location']['postcode']}</arg>
<doc>Fails if objects are unequal after converting them to real numbers.</doc>
<status status="PASS" start="2024-04-25T11:12:33.843169" elapsed="0.000615"/>
</kw>
<kw name="Log" owner="BuiltIn">
<msg time="2024-04-25T11:12:33.844358" level="INFO">44009</msg>
<arg>${json_data['results'][0]['location']['postcode']}</arg>
<doc>Logs the given message with the given level.</doc>
<status status="PASS" start="2024-04-25T11:12:33.843974" elapsed="0.000425"/>
</kw>
<status status="PASS" start="2024-04-25T11:12:33.740739" elapsed="0.103918"/>
</kw>
<doc>Testa se os tipos de dados na resposta da API estão corretos.</doc>
<tag>testeTiposDados</tag>
<status status="PASS" start="2024-04-25T11:12:33.637045" elapsed="0.207790"/>
</test>
<test id="s1-s1-t5" name="Validar conteudo" line="35">
<kw name="Teste de Tipos de Conteudo" owner="random-user-service">
<kw name="GET On Session" owner="RequestsLibrary">
<msg time="2024-04-25T11:12:33.938930" level="INFO">GET Request : url=https://randomuser.me/api 
 path_url=/api 
 headers={'User-Agent': 'python-requests/2.31.0', 'Accept-Encoding': 'gzip, deflate', 'Accept': '*/*', 'Connection': 'keep-alive'} 
 body=None 
 </msg>
<msg time="2024-04-25T11:12:33.939022" level="INFO">GET Response : url=https://randomuser.me/api 
 status=200, reason=OK 
 headers={'Date': 'Thu, 25 Apr 2024 11:12:33 GMT', 'Content-Type': 'application/json; charset=utf-8', 'Transfer-Encoding': 'chunked', 'Connection': 'keep-alive', 'X-Powered-By': 'Express', 'Access-Control-Allow-Origin': '*', 'Cache-Control': 'no-cache', 'ETag': 'W/"462-2jRD9JStp+IvJ07DsCrK+46oDdk"', 'Vary': 'Accept-Encoding', 'Content-Encoding': 'gzip', 'CF-Cache-Status': 'DYNAMIC', 'Report-To': '{"endpoints":[{"url":"https:\\/\\/a.nel.cloudflare.com\\/report\\/v4?s=MhJh2gJNATo4rSQegDuiAGRgWgNy%2FDDFuP4RDQ9Z3vr9%2F5r5IbvMlXcuO8acUJLfZMfqpxsVmALHKEloADDfuV7ZzGwQlA%2BeeXQINXqSy7h3UkUHWlN8XvG5REA4DxnN"}],"group":"cf-nel","max_age":604800}', 'NEL': '{"success_fraction":0,"report_to":"cf-nel","max_age":604800}', 'Server': 'cloudflare', 'CF-RAY': '879de6139ee22f7d-LAX', 'alt-svc': 'h3=":443"; ma=86400'} 
 body={"results":[{"gender":"male","name":{"title":"Mr","first":"Kadir","last":"Kunt"},"location":{"street":{"number":3869,"name":"Atatürk Sk"},"city":"Bilecik","state":"Bingöl","country":"Turkey","postcode":97107,"coordinates":{"latitude":"66.2909","longitude":"-58.5362"},"timezone":{"offset":"-3:30","description":"Newfoundland"}},"email":"kadir.kunt@example.com","login":{"uuid":"7856022f-4ffa-48c5-a058-4da582af9c29","username":"goldenleopard348","password":"1220","salt":"p89NFUui","md5":"7209881363937226e5d2fd24d2c6bd11","sha1":"37328a5a9a154474233d8afdf964d02d13d49cb8","sha256":"413e575174c27f940ccb6ed042f788c97a0c2a3f41774184bf01b5bdcf9523e8"},"dob":{"date":"1992-06-16T00:33:43.178Z","age":31},"registered":{"date":"2015-04-28T18:06:16.145Z","age":8},"phone":"(516)-958-1585","cell":"(749)-252-4922","id":{"name":"","value":null},"picture":{"large":"https://randomuser.me/api/portraits/men/36.jpg","medium":"https://randomuser.me/api/portraits/med/men/36.jpg","thumbnail":"https://randomuser.me/api/portraits/thumb/men/36.jpg"},"nat":"TR"}],"info":{"seed":"4b3e143be639cb38","results":1,"page":1,"version":"1.4"}} 
 </msg>
<msg time="2024-04-25T11:12:33.939091" level="INFO">/opt/hostedtoolcache/Python/3.12.3/x64/lib/python3.12/site-packages/urllib3/connectionpool.py:1103: InsecureRequestWarning: Unverified HTTPS request is being made to host 'randomuser.me'. Adding certificate verification is strongly advised. See: https://urllib3.readthedocs.io/en/latest/advanced-usage.html#tls-warnings
  warnings.warn(</msg>
<msg time="2024-04-25T11:12:33.939225" level="INFO">${response} = &lt;Response [200]&gt;</msg>
<var>${response}</var>
<arg>consultarAPI</arg>
<arg>/api</arg>
<doc>Sends a GET request on a previously created HTTP Session.</doc>
<status status="PASS" start="2024-04-25T11:12:33.847254" elapsed="0.092016"/>
</kw>
<kw name="Set Variable" owner="BuiltIn">
<msg time="2024-04-25T11:12:33.940281" level="INFO">${json_data} = {'results': [{'gender': 'male', 'name': {'title': 'Mr', 'first': 'Kadir', 'last': 'Kunt'}, 'location': {'street': {'number': 3869, 'name': 'Atatürk Sk'}, 'city': 'Bilecik', 'state': 'Bingöl', 'country...</msg>
<var>${json_data}</var>
<arg>${response.json()}</arg>
<doc>Returns the given values which can then be assigned to a variables.</doc>
<status status="PASS" start="2024-04-25T11:12:33.939739" elapsed="0.000572"/>
</kw>
<kw name="Set Variable" owner="BuiltIn">
<msg time="2024-04-25T11:12:33.941007" level="INFO">${name_title} = Mr</msg>
<var>${name_title}</var>
<arg>${json_data["results"][0]["name"]["title"]}</arg>
<doc>Returns the given values which can then be assigned to a variables.</doc>
<status status="PASS" start="2024-04-25T11:12:33.940620" elapsed="0.000412"/>
</kw>
<kw name="Create List" owner="BuiltIn">
<msg time="2024-04-25T11:12:33.941476" level="INFO">${allowed_titles} = ['Mr', 'Ms', 'Miss', 'Mrs', 'Madame', 'Monsieur']</msg>
<var>${allowed_titles}</var>
<arg>Mr</arg>
<arg>Ms</arg>
<arg>Miss</arg>
<arg>Mrs</arg>
<arg>Madame</arg>
<arg>Monsieur</arg>
<doc>Returns a list containing given items.</doc>
<status status="PASS" start="2024-04-25T11:12:33.941329" elapsed="0.000170"/>
</kw>
<kw name="List Should Contain Value" owner="Collections">
<msg time="2024-04-25T11:12:33.941973" level="INFO">False</msg>
<arg>${allowed_titles}</arg>
<arg>${name_title}</arg>
<doc>Fails if the ``value`` is not found from ``list``.</doc>
<status status="PASS" start="2024-04-25T11:12:33.941801" elapsed="0.000208"/>
</kw>
<kw name="Set Variable" owner="BuiltIn">
<msg time="2024-04-25T11:12:33.942673" level="INFO">${name_country} = TR</msg>
<var>${name_country}</var>
<arg>${json_data["results"][0]["nat"]}</arg>
<doc>Returns the given values which can then be assigned to a variables.</doc>
<status status="PASS" start="2024-04-25T11:12:33.942296" elapsed="0.000402"/>
</kw>
<kw name="Create List" owner="BuiltIn">
<msg time="2024-04-25T11:12:33.943580" level="INFO">${list_country} = ['AD', 'AE', 'AF', 'AG', 'AI', 'AL', 'AM', 'AO', 'AQ', 'AR', 'AS', 'AT', 'AU', 'AW', 'AX', 'AZ', 'BA', 'BB', 'BD', 'BE', 'BF', 'BG', 'BH', 'BI', 'BJ', 'BL', 'BM', 'BN', 'BO', 'BQ', 'BR', 'BS', 'BT', '...</msg>
<var>${list_country}</var>
<arg>AD</arg>
<arg>AE</arg>
<arg>AF</arg>
<arg>AG</arg>
<arg>AI</arg>
<arg>AL</arg>
<arg>AM</arg>
<arg>AO</arg>
<arg>AQ</arg>
<arg>AR</arg>
<arg>AS</arg>
<arg>AT</arg>
<arg>AU</arg>
<arg>AW</arg>
<arg>AX</arg>
<arg>AZ</arg>
<arg>BA</arg>
<arg>BB</arg>
<arg>BD</arg>
<arg>BE</arg>
<arg>BF</arg>
<arg>BG</arg>
<arg>BH</arg>
<arg>BI</arg>
<arg>BJ</arg>
<arg>BL</arg>
<arg>BM</arg>
<arg>BN</arg>
<arg>BO</arg>
<arg>BQ</arg>
<arg>BR</arg>
<arg>BS</arg>
<arg>BT</arg>
<arg>BV</arg>
<arg>BW</arg>
<arg>BY</arg>
<arg>BZ</arg>
<arg>CA</arg>
<arg>CC</arg>
<arg>CD</arg>
<arg>CF</arg>
<arg>CG</arg>
<arg>CH</arg>
<arg>CI</arg>
<arg>CK</arg>
<arg>CL</arg>
<arg>CM</arg>
<arg>CN</arg>
<arg>CO</arg>
<arg>CR</arg>
<arg>CU</arg>
<arg>CV</arg>
<arg>CW</arg>
<arg>CX</arg>
<arg>CY</arg>
<arg>CZ</arg>
<arg>DE</arg>
<arg>DJ</arg>
<arg>DK</arg>
<arg>DM</arg>
<arg>DO</arg>
<arg>DZ</arg>
<arg>EC</arg>
<arg>EE</arg>
<arg>EG</arg>
<arg>EH</arg>
<arg>ER</arg>
<arg>ES</arg>
<arg>ET</arg>
<arg>FI</arg>
<arg>FJ</arg>
<arg>FK</arg>
<arg>FM</arg>
<arg>FO</arg>
<arg>FR</arg>
<arg>GA</arg>
<arg>GB</arg>
<arg>GD</arg>
<arg>GE</arg>
<arg>GF</arg>
<arg>GG</arg>
<arg>GH</arg>
<arg>GI</arg>
<arg>GL</arg>
<arg>GM</arg>
<arg>GN</arg>
<arg>GP</arg>
<arg>GQ</arg>
<arg>GR</arg>
<arg>GS</arg>
<arg>GT</arg>
<arg>GU</arg>
<arg>GW</arg>
<arg>GY</arg>
<arg>HK</arg>
<arg>HM</arg>
<arg>HN</arg>
<arg>HR</arg>
<arg>HT</arg>
<arg>HU</arg>
<arg>ID</arg>
<arg>IE</arg>
<arg>IL</arg>
<arg>IM</arg>
<arg>IN</arg>
<arg>IO</arg>
<arg>IQ</arg>
<arg>IR</arg>
<arg>IS</arg>
<arg>IT</arg>
<arg>JE</arg>
<arg>JM</arg>
<arg>JO</arg>
<arg>JP</arg>
<arg>KE</arg>
<arg>KG</arg>
<arg>KH</arg>
<arg>KI</arg>
<arg>KM</arg>
<arg>KN</arg>
<arg>KP</arg>
<arg>KR</arg>
<arg>KW</arg>
<arg>KY</arg>
<arg>KZ</arg>
<arg>LA</arg>
<arg>LB</arg>
<arg>LC</arg>
<arg>LI</arg>
<arg>LK</arg>
<arg>LR</arg>
<arg>LS</arg>
<arg>LT</arg>
<arg>LU</arg>
<arg>LV</arg>
<arg>LY</arg>
<arg>MA</arg>
<arg>MC</arg>
<arg>MD</arg>
<arg>ME</arg>
<arg>MF</arg>
<arg>MG</arg>
<arg>MH</arg>
<arg>MK</arg>
<arg>ML</arg>
<arg>MM</arg>
<arg>MN</arg>
<arg>MO</arg>
<arg>MP</arg>
<arg>MQ</arg>
<arg>MR</arg>
<arg>MS</arg>
<arg>MT</arg>
<arg>MU</arg>
<arg>MV</arg>
<arg>MW</arg>
<arg>MX</arg>
<arg>MY</arg>
<arg>MZ</arg>
<arg>NA</arg>
<arg>NC</arg>
<arg>NE</arg>
<arg>NF</arg>
<arg>NG</arg>
<arg>NI</arg>
<arg>NL</arg>
<arg>NO</arg>
<arg>NP</arg>
<arg>NR</arg>
<arg>NU</arg>
<arg>NZ</arg>
<arg>OM</arg>
<arg>PA</arg>
<arg>PE</arg>
<arg>PF</arg>
<arg>PG</arg>
<arg>PH</arg>
<arg>PK</arg>
<arg>PL</arg>
<arg>PM</arg>
<arg>PN</arg>
<arg>PR</arg>
<arg>PS</arg>
<arg>PT</arg>
<arg>PW</arg>
<arg>PY</arg>
<arg>QA</arg>
<arg>RE</arg>
<arg>RO</arg>
<arg>RS</arg>
<arg>RU</arg>
<arg>RW</arg>
<arg>SA</arg>
<arg>SB</arg>
<arg>SC</arg>
<arg>SD</arg>
<arg>SE</arg>
<arg>SG</arg>
<arg>SH</arg>
<arg>SI</arg>
<arg>SJ</arg>
<arg>SK</arg>
<arg>SL</arg>
<arg>SM</arg>
<arg>SN</arg>
<arg>SO</arg>
<arg>SR</arg>
<arg>SS</arg>
<arg>ST</arg>
<arg>SV</arg>
<arg>SX</arg>
<arg>SY</arg>
<arg>SZ</arg>
<arg>TC</arg>
<arg>TD</arg>
<arg>TF</arg>
<arg>TG</arg>
<arg>TH</arg>
<arg>TJ</arg>
<arg>TK</arg>
<arg>TL</arg>
<arg>TM</arg>
<arg>TN</arg>
<arg>TO</arg>
<arg>TR</arg>
<arg>TT</arg>
<arg>TV</arg>
<arg>TW</arg>
<arg>TZ</arg>
<arg>UA</arg>
<arg>UG</arg>
<arg>UM</arg>
<arg>US</arg>
<arg>UY</arg>
<arg>UZ</arg>
<arg>VA</arg>
<arg>VC</arg>
<arg>VE</arg>
<arg>VG</arg>
<arg>VI</arg>
<arg>VN</arg>
<arg>VU</arg>
<arg>WF</arg>
<arg>WS</arg>
<arg>XK</arg>
<arg>YE</arg>
<arg>YT</arg>
<arg>ZA</arg>
<arg>ZM</arg>
<arg>ZW</arg>
<doc>Returns a list containing given items.</doc>
<status status="PASS" start="2024-04-25T11:12:33.943001" elapsed="0.000604"/>
</kw>
<kw name="List Should Contain Value" owner="Collections">
<msg time="2024-04-25T11:12:33.944617" level="INFO">False</msg>
<arg>${list_country}</arg>
<arg>${name_country}</arg>
<doc>Fails if the ``value`` is not found from ``list``.</doc>
<status status="PASS" start="2024-04-25T11:12:33.944414" elapsed="0.000239"/>
</kw>
<kw name="Run Keyword If" owner="BuiltIn">
<kw name="Should Be True" owner="BuiltIn">
<arg>${True}</arg>
<doc>Fails if the given condition is not true.</doc>
<status status="PASS" start="2024-04-25T11:12:33.945716" elapsed="0.000256"/>
</kw>
<arg>${json_data["results"][0]["location"]["coordinates"]["latitude"]} &gt;= -90 and ${json_data["results"][0]["location"]["coordinates"]["latitude"]} &lt;= 90</arg>
<arg>Should Be True</arg>
<arg>${True}</arg>
<doc>Runs the given keyword with the given arguments, if ``condition`` is true.</doc>
<status status="PASS" start="2024-04-25T11:12:33.944963" elapsed="0.001139"/>
</kw>
<kw name="Run Keyword If" owner="BuiltIn">
<kw name="Should Be True" owner="BuiltIn">
<arg>${True}</arg>
<doc>Fails if the given condition is not true.</doc>
<status status="PASS" start="2024-04-25T11:12:33.947012" elapsed="0.000137"/>
</kw>
<arg>${json_data["results"][0]["location"]["coordinates"]["longitude"]} &gt;= -180 and ${json_data["results"][0]["location"]["coordinates"]["longitude"]} &lt;= 180</arg>
<arg>Should Be True</arg>
<arg>${True}</arg>
<doc>Runs the given keyword with the given arguments, if ``condition`` is true.</doc>
<status status="PASS" start="2024-04-25T11:12:33.946296" elapsed="0.000977"/>
</kw>
<status status="PASS" start="2024-04-25T11:12:33.847027" elapsed="0.100378"/>
</kw>
<doc>Testa o conteúdo específico dos campos retornados pela API.</doc>
<tag>testeConteudo</tag>
<status status="PASS" start="2024-04-25T11:12:33.846559" elapsed="0.100995"/>
</test>
<status status="PASS" start="2024-04-25T11:12:32.702886" elapsed="1.246669"/>
</suite>
<status status="PASS" start="2024-04-25T11:12:32.688723" elapsed="1.265950"/>
</suite>
<statistics>
<total>
<stat pass="5" fail="0" skip="0">All Tests</stat>
</total>
<tag>
<stat pass="1" fail="0" skip="0">testeConteudo</stat>
<stat pass="1" fail="0" skip="0">testeEstruturaResposta</stat>
<stat pass="1" fail="0" skip="0">testeRequisicaoBasica</stat>
<stat pass="1" fail="0" skip="0">testeTiposDados</stat>
</tag>
<suite>
<stat pass="5" fail="0" skip="0" id="s1" name="Tests">Tests</stat>
<stat pass="5" fail="0" skip="0" id="s1-s1" name="Random-User-Test">Tests.Random-User-Test</stat>
</suite>
</statistics>
<errors>
</errors>
</robot>
