<?xml version="1.0" encoding="UTF-8"?>
<robot generator="Robot 7.0.1 (Python 3.12.4 on linux)" generated="2024-07-16T20:15:20.121358" rpa="false" schemaversion="5">
<suite id="s1" name="Tests" source="/home/runner/work/ApiRandomUser/ApiRandomUser/RamdonUser/tests">
<suite id="s1-s1" name="Random-User-Test" source="/home/runner/work/ApiRandomUser/ApiRandomUser/RamdonUser/tests/random-user-test.robot">
<test id="s1-s1-t1" name="Conectar" line="13">
<kw name="Conectar API" owner="random-user-service">
<kw name="Create Session" owner="RequestsLibrary">
<msg time="2024-07-16T20:15:20.512578" level="INFO">Creating Session using : alias=consultarAPI, url=https://randomuser.me/, headers={},                     cookies={}, auth=None, timeout=None, proxies=None, verify=False,                     debug=0 </msg>
<arg>consultarAPI</arg>
<arg>${URL}</arg>
<doc>Create Session: create a HTTP session to a server</doc>
<status status="PASS" start="2024-07-16T20:15:20.512372" elapsed="0.000380"/>
</kw>
<status status="PASS" start="2024-07-16T20:15:20.511413" elapsed="0.001737"/>
</kw>
<status status="PASS" start="2024-07-16T20:15:20.510765" elapsed="0.002575"/>
</test>
<test id="s1-s1-t2" name="Validar retorno 200 e JSON Válido" line="16">
<kw name="Teste de Requisicao Basica" owner="random-user-service">
<kw name="GET On Session" owner="RequestsLibrary">
<msg time="2024-07-16T20:15:20.662532" level="INFO">GET Request : url=https://randomuser.me/api 
 path_url=/api 
 headers={'User-Agent': 'python-requests/2.32.3', 'Accept-Encoding': 'gzip, deflate', 'Accept': '*/*', 'Connection': 'keep-alive'} 
 body=None 
 </msg>
<msg time="2024-07-16T20:15:20.662676" level="INFO">GET Response : url=https://randomuser.me/api 
 status=200, reason=OK 
 headers={'Date': 'Tue, 16 Jul 2024 20:15:20 GMT', 'Content-Type': 'application/json; charset=utf-8', 'Transfer-Encoding': 'chunked', 'Connection': 'keep-alive', 'X-Powered-By': 'Express', 'Access-Control-Allow-Origin': '*', 'Cache-Control': 'no-cache', 'ETag': 'W/"489-ncauYG18/k5AMpLQOrB3KSSPtmg"', 'Vary': 'Accept-Encoding', 'Content-Encoding': 'gzip', 'CF-Cache-Status': 'DYNAMIC', 'Report-To': '{"endpoints":[{"url":"https:\\/\\/a.nel.cloudflare.com\\/report\\/v4?s=qll4kV5yVzljJBHvQzQ7gEjAzbTgDfhTvgzR3GnCfV8%2FsCc7FdwcO7B33rgGEmyz3biDgW1OaTqtt6PzThg6Jy4JPL7x9nm5JQaPUe3q4S6uSngJcPbKiQNEBfG0YNEr"}],"group":"cf-nel","max_age":604800}', 'NEL': '{"success_fraction":0,"report_to":"cf-nel","max_age":604800}', 'Server': 'cloudflare', 'CF-RAY': '8a44a9e9cc79242f-IAD', 'alt-svc': 'h3=":443"; ma=86400'} 
 body={"results":[{"gender":"female","name":{"title":"Mrs","first":"Nilza","last":"Souza"},"location":{"street":{"number":3152,"name":"Rua Dezesseis de Maio"},"city":"Mogi das Cruzes","state":"Ceará","country":"Brazil","postcode":78109,"coordinates":{"latitude":"-81.4180","longitude":"72.0778"},"timezone":{"offset":"-9:00","description":"Alaska"}},"email":"nilza.souza@example.com","login":{"uuid":"bf515483-c063-4e29-839b-b260a1d18f83","username":"redpeacock259","password":"missouri","salt":"bxo6jJWo","md5":"e2250bbb85f1440a24be56b8c787efde","sha1":"6b66f96054fa20fcc0b0710399fe9b504052d06a","sha256":"318ebb1e039255d51bdd3b20fe5b62df8da554421196d2fc4345df93a78e2411"},"dob":{"date":"1968-02-14T19:36:17.884Z","age":56},"registered":{"date":"2003-04-12T18:10:56.293Z","age":21},"phone":"(08) 0595-1685","cell":"(83) 1572-5785","id":{"name":"CPF","value":"496.767.482-71"},"picture":{"large":"https://randomuser.me/api/portraits/women/65.jpg","medium":"https://randomuser.me/api/portraits/med/women/65.jpg","thumbnail":"https://randomuser.me/api/portraits/thumb/women/65.jpg"},"nat":"BR"}],"info":{"seed":"cb20684c232fb9ad","results":1,"page":1,"version":"1.4"}} 
 </msg>
<msg time="2024-07-16T20:15:20.662759" level="INFO">/opt/hostedtoolcache/Python/3.12.4/x64/lib/python3.12/site-packages/urllib3/connectionpool.py:1099: InsecureRequestWarning: Unverified HTTPS request is being made to host 'randomuser.me'. Adding certificate verification is strongly advised. See: https://urllib3.readthedocs.io/en/latest/advanced-usage.html#tls-warnings
  warnings.warn(</msg>
<msg time="2024-07-16T20:15:20.662907" level="INFO">${response} = &lt;Response [200]&gt;</msg>
<var>${response}</var>
<arg>consultarAPI</arg>
<arg>/api</arg>
<doc>Sends a GET request on a previously created HTTP Session.</doc>
<status status="PASS" start="2024-07-16T20:15:20.515980" elapsed="0.146971"/>
</kw>
<kw name="Should Be Equal As Numbers" owner="BuiltIn">
<msg time="2024-07-16T20:15:20.663936" level="INFO">Argument types are:
&lt;class 'int'&gt;
&lt;class 'str'&gt;</msg>
<arg>${response.status_code}</arg>
<arg>200</arg>
<doc>Fails if objects are unequal after converting them to real numbers.</doc>
<status status="PASS" start="2024-07-16T20:15:20.663473" elapsed="0.000530"/>
</kw>
<kw name="Log" owner="BuiltIn">
<msg time="2024-07-16T20:15:20.664677" level="INFO">200</msg>
<arg>${response.status_code}</arg>
<doc>Logs the given message with the given level.</doc>
<status status="PASS" start="2024-07-16T20:15:20.664325" elapsed="0.000395"/>
</kw>
<kw name="Set Variable" owner="BuiltIn">
<msg time="2024-07-16T20:15:20.665547" level="INFO">${json_data} = {'results': [{'gender': 'female', 'name': {'title': 'Mrs', 'first': 'Nilza', 'last': 'Souza'}, 'location': {'street': {'number': 3152, 'name': 'Rua Dezesseis de Maio'}, 'city': 'Mogi das Cruzes', 'sta...</msg>
<var>${json_data}</var>
<arg>${response.json()}</arg>
<doc>Returns the given values which can then be assigned to a variables.</doc>
<status status="PASS" start="2024-07-16T20:15:20.665072" elapsed="0.000508"/>
</kw>
<kw name="Dictionary Should Contain Key" owner="Collections">
<arg>${json_data}</arg>
<arg>results</arg>
<doc>Fails if ``key`` is not found from ``dictionary``.</doc>
<status status="PASS" start="2024-07-16T20:15:20.665943" elapsed="0.000199"/>
</kw>
<status status="PASS" start="2024-07-16T20:15:20.515727" elapsed="0.150609"/>
</kw>
<doc>Testa se a API responde corretamente e retorna um objeto JSON válido.</doc>
<tag>testeRequisicaoBasica</tag>
<status status="PASS" start="2024-07-16T20:15:20.515195" elapsed="0.151377"/>
</test>
<test id="s1-s1-t3" name="Validar estrutura de resposta" line="22">
<kw name="Teste de Estrutura de Resposta" owner="random-user-service">
<kw name="GET On Session" owner="RequestsLibrary">
<msg time="2024-07-16T20:15:20.770931" level="INFO">GET Request : url=https://randomuser.me/api 
 path_url=/api 
 headers={'User-Agent': 'python-requests/2.32.3', 'Accept-Encoding': 'gzip, deflate', 'Accept': '*/*', 'Connection': 'keep-alive'} 
 body=None 
 </msg>
<msg time="2024-07-16T20:15:20.771020" level="INFO">GET Response : url=https://randomuser.me/api 
 status=200, reason=OK 
 headers={'Date': 'Tue, 16 Jul 2024 20:15:20 GMT', 'Content-Type': 'application/json; charset=utf-8', 'Transfer-Encoding': 'chunked', 'Connection': 'keep-alive', 'X-Powered-By': 'Express', 'Access-Control-Allow-Origin': '*', 'Cache-Control': 'no-cache', 'ETag': 'W/"4ae-7dVwfxnk82k52BtsTDzxn07Ch1M"', 'Vary': 'Accept-Encoding', 'Content-Encoding': 'gzip', 'CF-Cache-Status': 'DYNAMIC', 'Report-To': '{"endpoints":[{"url":"https:\\/\\/a.nel.cloudflare.com\\/report\\/v4?s=tjJXkNzFKxwQ0eYuY8WVYecw1lgthO4bXMvrfxFkBWvFKjzJSeU81ztoH6%2FZbjm0daFRoMfqFUIGUvn%2FJNRNS4hVhoRhLgTpqHSKfuSOEgyeOmNPmufbYXnUSMNjBWad"}],"group":"cf-nel","max_age":604800}', 'NEL': '{"success_fraction":0,"report_to":"cf-nel","max_age":604800}', 'Server': 'cloudflare', 'CF-RAY': '8a44a9ea3cfb242f-IAD', 'alt-svc': 'h3=":443"; ma=86400'} 
 body={"results":[{"gender":"female","name":{"title":"Ms","first":"Saranya","last":"Manjunath"},"location":{"street":{"number":5504,"name":"Jagadamba Centre"},"city":"Aizawl","state":"Andaman and Nicobar Islands","country":"India","postcode":66717,"coordinates":{"latitude":"5.6466","longitude":"169.7054"},"timezone":{"offset":"+11:00","description":"Magadan, Solomon Islands, New Caledonia"}},"email":"saranya.manjunath@example.com","login":{"uuid":"b7bf8500-ace5-4a3d-9887-d61bea25f1fb","username":"heavysnake474","password":"kiss","salt":"V6wMnZtH","md5":"62755a96278116bfa9a9898760eda994","sha1":"3775c024230e98751ab06d23f0fa305e7d40dc67","sha256":"c7821a249d735880535234bd15686989097a150632b0373b2e6108a953c77abe"},"dob":{"date":"1949-05-12T10:41:24.211Z","age":75},"registered":{"date":"2017-01-05T19:34:27.609Z","age":7},"phone":"8139097577","cell":"9550074729","id":{"name":"UIDAI","value":"485952430031"},"picture":{"large":"https://randomuser.me/api/portraits/women/90.jpg","medium":"https://randomuser.me/api/portraits/med/women/90.jpg","thumbnail":"https://randomuser.me/api/portraits/thumb/women/90.jpg"},"nat":"IN"}],"info":{"seed":"b139ba26363801ee","results":1,"page":1,"version":"1.4"}} 
 </msg>
<msg time="2024-07-16T20:15:20.771149" level="INFO">/opt/hostedtoolcache/Python/3.12.4/x64/lib/python3.12/site-packages/urllib3/connectionpool.py:1099: InsecureRequestWarning: Unverified HTTPS request is being made to host 'randomuser.me'. Adding certificate verification is strongly advised. See: https://urllib3.readthedocs.io/en/latest/advanced-usage.html#tls-warnings
  warnings.warn(</msg>
<msg time="2024-07-16T20:15:20.771282" level="INFO">${response} = &lt;Response [200]&gt;</msg>
<var>${response}</var>
<arg>consultarAPI</arg>
<arg>/api</arg>
<doc>Sends a GET request on a previously created HTTP Session.</doc>
<status status="PASS" start="2024-07-16T20:15:20.669582" elapsed="0.101751"/>
</kw>
<kw name="Set Variable" owner="BuiltIn">
<msg time="2024-07-16T20:15:20.772276" level="INFO">${json_data} = {'results': [{'gender': 'female', 'name': {'title': 'Ms', 'first': 'Saranya', 'last': 'Manjunath'}, 'location': {'street': {'number': 5504, 'name': 'Jagadamba Centre'}, 'city': 'Aizawl', 'state': 'And...</msg>
<var>${json_data}</var>
<arg>${response.json()}</arg>
<doc>Returns the given values which can then be assigned to a variables.</doc>
<status status="PASS" start="2024-07-16T20:15:20.771812" elapsed="0.000494"/>
</kw>
<kw name="Log" owner="BuiltIn">
<msg time="2024-07-16T20:15:20.772766" level="INFO">{'results': [{'gender': 'female', 'name': {'title': 'Ms', 'first': 'Saranya', 'last': 'Manjunath'}, 'location': {'street': {'number': 5504, 'name': 'Jagadamba Centre'}, 'city': 'Aizawl', 'state': 'Andaman and Nicobar Islands', 'country': 'India', 'postcode': 66717, 'coordinates': {'latitude': '5.6466', 'longitude': '169.7054'}, 'timezone': {'offset': '+11:00', 'description': 'Magadan, Solomon Islands, New Caledonia'}}, 'email': 'saranya.manjunath@example.com', 'login': {'uuid': 'b7bf8500-ace5-4a3d-9887-d61bea25f1fb', 'username': 'heavysnake474', 'password': 'kiss', 'salt': 'V6wMnZtH', 'md5': '62755a96278116bfa9a9898760eda994', 'sha1': '3775c024230e98751ab06d23f0fa305e7d40dc67', 'sha256': 'c7821a249d735880535234bd15686989097a150632b0373b2e6108a953c77abe'}, 'dob': {'date': '1949-05-12T10:41:24.211Z', 'age': 75}, 'registered': {'date': '2017-01-05T19:34:27.609Z', 'age': 7}, 'phone': '8139097577', 'cell': '9550074729', 'id': {'name': 'UIDAI', 'value': '485952430031'}, 'picture': {'large': 'https://randomuser.me/api/portraits/women/90.jpg', 'medium': 'https://randomuser.me/api/portraits/med/women/90.jpg', 'thumbnail': 'https://randomuser.me/api/portraits/thumb/women/90.jpg'}, 'nat': 'IN'}], 'info': {'seed': 'b139ba26363801ee', 'results': 1, 'page': 1, 'version': '1.4'}}</msg>
<arg>${json_data}</arg>
<doc>Logs the given message with the given level.</doc>
<status status="PASS" start="2024-07-16T20:15:20.772614" elapsed="0.000253"/>
</kw>
<kw name="Dictionary Should Contain Key" owner="Collections">
<arg>${json_data}</arg>
<arg>results</arg>
<doc>Fails if ``key`` is not found from ``dictionary``.</doc>
<status status="PASS" start="2024-07-16T20:15:20.773170" elapsed="0.000162"/>
</kw>
<kw name="Should Not Be Empty" owner="BuiltIn">
<msg time="2024-07-16T20:15:20.773644" level="INFO">Length is 2.</msg>
<arg>${json_data}</arg>
<doc>Verifies that the given item is not empty.</doc>
<status status="PASS" start="2024-07-16T20:15:20.773516" elapsed="0.000171"/>
</kw>
<kw name="Create List" owner="BuiltIn">
<msg time="2024-07-16T20:15:20.774121" level="INFO">${expected_keys} = ['gender', 'name', 'location', 'email', 'login']</msg>
<var>${expected_keys}</var>
<arg>gender</arg>
<arg>name</arg>
<arg>location</arg>
<arg>email</arg>
<arg>login</arg>
<doc>Returns a list containing given items.</doc>
<status status="PASS" start="2024-07-16T20:15:20.773977" elapsed="0.000168"/>
</kw>
<for flavor="IN">
<iter>
<kw name="Dictionary Should Contain Key" owner="Collections">
<arg>${json_data['results'][0]}</arg>
<arg>${key}</arg>
<doc>Fails if ``key`` is not found from ``dictionary``.</doc>
<status status="PASS" start="2024-07-16T20:15:20.774863" elapsed="0.000398"/>
</kw>
<kw name="Log" owner="BuiltIn">
<msg time="2024-07-16T20:15:20.775812" level="INFO">{'gender': 'female', 'name': {'title': 'Ms', 'first': 'Saranya', 'last': 'Manjunath'}, 'location': {'street': {'number': 5504, 'name': 'Jagadamba Centre'}, 'city': 'Aizawl', 'state': 'Andaman and Nicobar Islands', 'country': 'India', 'postcode': 66717, 'coordinates': {'latitude': '5.6466', 'longitude': '169.7054'}, 'timezone': {'offset': '+11:00', 'description': 'Magadan, Solomon Islands, New Caledonia'}}, 'email': 'saranya.manjunath@example.com', 'login': {'uuid': 'b7bf8500-ace5-4a3d-9887-d61bea25f1fb', 'username': 'heavysnake474', 'password': 'kiss', 'salt': 'V6wMnZtH', 'md5': '62755a96278116bfa9a9898760eda994', 'sha1': '3775c024230e98751ab06d23f0fa305e7d40dc67', 'sha256': 'c7821a249d735880535234bd15686989097a150632b0373b2e6108a953c77abe'}, 'dob': {'date': '1949-05-12T10:41:24.211Z', 'age': 75}, 'registered': {'date': '2017-01-05T19:34:27.609Z', 'age': 7}, 'phone': '8139097577', 'cell': '9550074729', 'id': {'name': 'UIDAI', 'value': '485952430031'}, 'picture': {'large': 'https://randomuser.me/api/portraits/women/90.jpg', 'medium': 'https://randomuser.me/api/portraits/med/women/90.jpg', 'thumbnail': 'https://randomuser.me/api/portraits/thumb/women/90.jpg'}, 'nat': 'IN'}</msg>
<arg>${json_data['results'][0]}</arg>
<doc>Logs the given message with the given level.</doc>
<status status="PASS" start="2024-07-16T20:15:20.775453" elapsed="0.000408"/>
</kw>
<kw name="Log" owner="BuiltIn">
<msg time="2024-07-16T20:15:20.776293" level="INFO">gender</msg>
<arg>${key}</arg>
<doc>Logs the given message with the given level.</doc>
<status status="PASS" start="2024-07-16T20:15:20.776164" elapsed="0.000167"/>
</kw>
<var name="${key}">gender</var>
<status status="PASS" start="2024-07-16T20:15:20.774741" elapsed="0.001806"/>
</iter>
<iter>
<kw name="Dictionary Should Contain Key" owner="Collections">
<arg>${json_data['results'][0]}</arg>
<arg>${key}</arg>
<doc>Fails if ``key`` is not found from ``dictionary``.</doc>
<status status="PASS" start="2024-07-16T20:15:20.776865" elapsed="0.000394"/>
</kw>
<kw name="Log" owner="BuiltIn">
<msg time="2024-07-16T20:15:20.777829" level="INFO">{'gender': 'female', 'name': {'title': 'Ms', 'first': 'Saranya', 'last': 'Manjunath'}, 'location': {'street': {'number': 5504, 'name': 'Jagadamba Centre'}, 'city': 'Aizawl', 'state': 'Andaman and Nicobar Islands', 'country': 'India', 'postcode': 66717, 'coordinates': {'latitude': '5.6466', 'longitude': '169.7054'}, 'timezone': {'offset': '+11:00', 'description': 'Magadan, Solomon Islands, New Caledonia'}}, 'email': 'saranya.manjunath@example.com', 'login': {'uuid': 'b7bf8500-ace5-4a3d-9887-d61bea25f1fb', 'username': 'heavysnake474', 'password': 'kiss', 'salt': 'V6wMnZtH', 'md5': '62755a96278116bfa9a9898760eda994', 'sha1': '3775c024230e98751ab06d23f0fa305e7d40dc67', 'sha256': 'c7821a249d735880535234bd15686989097a150632b0373b2e6108a953c77abe'}, 'dob': {'date': '1949-05-12T10:41:24.211Z', 'age': 75}, 'registered': {'date': '2017-01-05T19:34:27.609Z', 'age': 7}, 'phone': '8139097577', 'cell': '9550074729', 'id': {'name': 'UIDAI', 'value': '485952430031'}, 'picture': {'large': 'https://randomuser.me/api/portraits/women/90.jpg', 'medium': 'https://randomuser.me/api/portraits/med/women/90.jpg', 'thumbnail': 'https://randomuser.me/api/portraits/thumb/women/90.jpg'}, 'nat': 'IN'}</msg>
<arg>${json_data['results'][0]}</arg>
<doc>Logs the given message with the given level.</doc>
<status status="PASS" start="2024-07-16T20:15:20.777477" elapsed="0.000400"/>
</kw>
<kw name="Log" owner="BuiltIn">
<msg time="2024-07-16T20:15:20.778297" level="INFO">name</msg>
<arg>${key}</arg>
<doc>Logs the given message with the given level.</doc>
<status status="PASS" start="2024-07-16T20:15:20.778171" elapsed="0.000163"/>
</kw>
<var name="${key}">name</var>
<status status="PASS" start="2024-07-16T20:15:20.776730" elapsed="0.001818"/>
</iter>
<iter>
<kw name="Dictionary Should Contain Key" owner="Collections">
<arg>${json_data['results'][0]}</arg>
<arg>${key}</arg>
<doc>Fails if ``key`` is not found from ``dictionary``.</doc>
<status status="PASS" start="2024-07-16T20:15:20.778831" elapsed="0.000370"/>
</kw>
<kw name="Log" owner="BuiltIn">
<msg time="2024-07-16T20:15:20.779731" level="INFO">{'gender': 'female', 'name': {'title': 'Ms', 'first': 'Saranya', 'last': 'Manjunath'}, 'location': {'street': {'number': 5504, 'name': 'Jagadamba Centre'}, 'city': 'Aizawl', 'state': 'Andaman and Nicobar Islands', 'country': 'India', 'postcode': 66717, 'coordinates': {'latitude': '5.6466', 'longitude': '169.7054'}, 'timezone': {'offset': '+11:00', 'description': 'Magadan, Solomon Islands, New Caledonia'}}, 'email': 'saranya.manjunath@example.com', 'login': {'uuid': 'b7bf8500-ace5-4a3d-9887-d61bea25f1fb', 'username': 'heavysnake474', 'password': 'kiss', 'salt': 'V6wMnZtH', 'md5': '62755a96278116bfa9a9898760eda994', 'sha1': '3775c024230e98751ab06d23f0fa305e7d40dc67', 'sha256': 'c7821a249d735880535234bd15686989097a150632b0373b2e6108a953c77abe'}, 'dob': {'date': '1949-05-12T10:41:24.211Z', 'age': 75}, 'registered': {'date': '2017-01-05T19:34:27.609Z', 'age': 7}, 'phone': '8139097577', 'cell': '9550074729', 'id': {'name': 'UIDAI', 'value': '485952430031'}, 'picture': {'large': 'https://randomuser.me/api/portraits/women/90.jpg', 'medium': 'https://randomuser.me/api/portraits/med/women/90.jpg', 'thumbnail': 'https://randomuser.me/api/portraits/thumb/women/90.jpg'}, 'nat': 'IN'}</msg>
<arg>${json_data['results'][0]}</arg>
<doc>Logs the given message with the given level.</doc>
<status status="PASS" start="2024-07-16T20:15:20.779385" elapsed="0.000394"/>
</kw>
<kw name="Log" owner="BuiltIn">
<msg time="2024-07-16T20:15:20.780211" level="INFO">location</msg>
<arg>${key}</arg>
<doc>Logs the given message with the given level.</doc>
<status status="PASS" start="2024-07-16T20:15:20.780086" elapsed="0.000162"/>
</kw>
<var name="${key}">location</var>
<status status="PASS" start="2024-07-16T20:15:20.778723" elapsed="0.001737"/>
</iter>
<iter>
<kw name="Dictionary Should Contain Key" owner="Collections">
<arg>${json_data['results'][0]}</arg>
<arg>${key}</arg>
<doc>Fails if ``key`` is not found from ``dictionary``.</doc>
<status status="PASS" start="2024-07-16T20:15:20.780737" elapsed="0.000420"/>
</kw>
<kw name="Log" owner="BuiltIn">
<msg time="2024-07-16T20:15:20.781692" level="INFO">{'gender': 'female', 'name': {'title': 'Ms', 'first': 'Saranya', 'last': 'Manjunath'}, 'location': {'street': {'number': 5504, 'name': 'Jagadamba Centre'}, 'city': 'Aizawl', 'state': 'Andaman and Nicobar Islands', 'country': 'India', 'postcode': 66717, 'coordinates': {'latitude': '5.6466', 'longitude': '169.7054'}, 'timezone': {'offset': '+11:00', 'description': 'Magadan, Solomon Islands, New Caledonia'}}, 'email': 'saranya.manjunath@example.com', 'login': {'uuid': 'b7bf8500-ace5-4a3d-9887-d61bea25f1fb', 'username': 'heavysnake474', 'password': 'kiss', 'salt': 'V6wMnZtH', 'md5': '62755a96278116bfa9a9898760eda994', 'sha1': '3775c024230e98751ab06d23f0fa305e7d40dc67', 'sha256': 'c7821a249d735880535234bd15686989097a150632b0373b2e6108a953c77abe'}, 'dob': {'date': '1949-05-12T10:41:24.211Z', 'age': 75}, 'registered': {'date': '2017-01-05T19:34:27.609Z', 'age': 7}, 'phone': '8139097577', 'cell': '9550074729', 'id': {'name': 'UIDAI', 'value': '485952430031'}, 'picture': {'large': 'https://randomuser.me/api/portraits/women/90.jpg', 'medium': 'https://randomuser.me/api/portraits/med/women/90.jpg', 'thumbnail': 'https://randomuser.me/api/portraits/thumb/women/90.jpg'}, 'nat': 'IN'}</msg>
<arg>${json_data['results'][0]}</arg>
<doc>Logs the given message with the given level.</doc>
<status status="PASS" start="2024-07-16T20:15:20.781344" elapsed="0.000396"/>
</kw>
<kw name="Log" owner="BuiltIn">
<msg time="2024-07-16T20:15:20.782174" level="INFO">email</msg>
<arg>${key}</arg>
<doc>Logs the given message with the given level.</doc>
<status status="PASS" start="2024-07-16T20:15:20.782047" elapsed="0.000165"/>
</kw>
<var name="${key}">email</var>
<status status="PASS" start="2024-07-16T20:15:20.780631" elapsed="0.001797"/>
</iter>
<iter>
<kw name="Dictionary Should Contain Key" owner="Collections">
<arg>${json_data['results'][0]}</arg>
<arg>${key}</arg>
<doc>Fails if ``key`` is not found from ``dictionary``.</doc>
<status status="PASS" start="2024-07-16T20:15:20.782711" elapsed="0.000390"/>
</kw>
<kw name="Log" owner="BuiltIn">
<msg time="2024-07-16T20:15:20.783630" level="INFO">{'gender': 'female', 'name': {'title': 'Ms', 'first': 'Saranya', 'last': 'Manjunath'}, 'location': {'street': {'number': 5504, 'name': 'Jagadamba Centre'}, 'city': 'Aizawl', 'state': 'Andaman and Nicobar Islands', 'country': 'India', 'postcode': 66717, 'coordinates': {'latitude': '5.6466', 'longitude': '169.7054'}, 'timezone': {'offset': '+11:00', 'description': 'Magadan, Solomon Islands, New Caledonia'}}, 'email': 'saranya.manjunath@example.com', 'login': {'uuid': 'b7bf8500-ace5-4a3d-9887-d61bea25f1fb', 'username': 'heavysnake474', 'password': 'kiss', 'salt': 'V6wMnZtH', 'md5': '62755a96278116bfa9a9898760eda994', 'sha1': '3775c024230e98751ab06d23f0fa305e7d40dc67', 'sha256': 'c7821a249d735880535234bd15686989097a150632b0373b2e6108a953c77abe'}, 'dob': {'date': '1949-05-12T10:41:24.211Z', 'age': 75}, 'registered': {'date': '2017-01-05T19:34:27.609Z', 'age': 7}, 'phone': '8139097577', 'cell': '9550074729', 'id': {'name': 'UIDAI', 'value': '485952430031'}, 'picture': {'large': 'https://randomuser.me/api/portraits/women/90.jpg', 'medium': 'https://randomuser.me/api/portraits/med/women/90.jpg', 'thumbnail': 'https://randomuser.me/api/portraits/thumb/women/90.jpg'}, 'nat': 'IN'}</msg>
<arg>${json_data['results'][0]}</arg>
<doc>Logs the given message with the given level.</doc>
<status status="PASS" start="2024-07-16T20:15:20.783282" elapsed="0.000395"/>
</kw>
<kw name="Log" owner="BuiltIn">
<msg time="2024-07-16T20:15:20.784098" level="INFO">login</msg>
<arg>${key}</arg>
<doc>Logs the given message with the given level.</doc>
<status status="PASS" start="2024-07-16T20:15:20.783970" elapsed="0.000166"/>
</kw>
<var name="${key}">login</var>
<status status="PASS" start="2024-07-16T20:15:20.782598" elapsed="0.001762"/>
</iter>
<var>${key}</var>
<value>@{expected_keys}</value>
<status status="PASS" start="2024-07-16T20:15:20.774550" elapsed="0.009956"/>
</for>
<kw name="Create List" owner="BuiltIn">
<msg time="2024-07-16T20:15:20.784859" level="INFO">${expected_keysTwo} = ['username', 'password']</msg>
<var>${expected_keysTwo}</var>
<arg>username</arg>
<arg>password</arg>
<doc>Returns a list containing given items.</doc>
<status status="PASS" start="2024-07-16T20:15:20.784701" elapsed="0.000183"/>
</kw>
<for flavor="IN">
<iter>
<kw name="Dictionary Should Contain Key" owner="Collections">
<arg>${json_data['results'][0]['login']}</arg>
<arg>${keyTwo}</arg>
<doc>Fails if ``key`` is not found from ``dictionary``.</doc>
<status status="PASS" start="2024-07-16T20:15:20.785383" elapsed="0.000380"/>
</kw>
<kw name="Dictionary Should Contain Key" owner="Collections">
<arg>${json_data['results'][0]['login']}</arg>
<arg>${keyTwo}</arg>
<doc>Fails if ``key`` is not found from ``dictionary``.</doc>
<status status="PASS" start="2024-07-16T20:15:20.785943" elapsed="0.000374"/>
</kw>
<kw name="Log" owner="BuiltIn">
<msg time="2024-07-16T20:15:20.786623" level="INFO">username</msg>
<arg>${keyTwo}</arg>
<doc>Logs the given message with the given level.</doc>
<status status="PASS" start="2024-07-16T20:15:20.786500" elapsed="0.000160"/>
</kw>
<var name="${keyTwo}">username</var>
<status status="PASS" start="2024-07-16T20:15:20.785274" elapsed="0.001609"/>
</iter>
<iter>
<kw name="Dictionary Should Contain Key" owner="Collections">
<arg>${json_data['results'][0]['login']}</arg>
<arg>${keyTwo}</arg>
<doc>Fails if ``key`` is not found from ``dictionary``.</doc>
<status status="PASS" start="2024-07-16T20:15:20.787157" elapsed="0.000380"/>
</kw>
<kw name="Dictionary Should Contain Key" owner="Collections">
<arg>${json_data['results'][0]['login']}</arg>
<arg>${keyTwo}</arg>
<doc>Fails if ``key`` is not found from ``dictionary``.</doc>
<status status="PASS" start="2024-07-16T20:15:20.787718" elapsed="0.000375"/>
</kw>
<kw name="Log" owner="BuiltIn">
<msg time="2024-07-16T20:15:20.788388" level="INFO">password</msg>
<arg>${keyTwo}</arg>
<doc>Logs the given message with the given level.</doc>
<status status="PASS" start="2024-07-16T20:15:20.788269" elapsed="0.000162"/>
</kw>
<var name="${keyTwo}">password</var>
<status status="PASS" start="2024-07-16T20:15:20.787052" elapsed="0.001600"/>
</iter>
<var>${keyTwo}</var>
<value>@{expected_keysTwo}</value>
<status status="PASS" start="2024-07-16T20:15:20.785123" elapsed="0.003648"/>
</for>
<status status="PASS" start="2024-07-16T20:15:20.669343" elapsed="0.119611"/>
</kw>
<doc>Testa a estrutura da resposta da API.</doc>
<tag>testeEstruturaResposta</tag>
<status status="PASS" start="2024-07-16T20:15:20.668822" elapsed="0.120281"/>
</test>
<test id="s1-s1-t4" name="Validar tipos de dados" line="28">
<kw name="Teste de Tipos de Dados" owner="random-user-service">
<kw name="GET On Session" owner="RequestsLibrary">
<msg time="2024-07-16T20:15:20.863644" level="INFO">GET Request : url=https://randomuser.me/api 
 path_url=/api 
 headers={'User-Agent': 'python-requests/2.32.3', 'Accept-Encoding': 'gzip, deflate', 'Accept': '*/*', 'Connection': 'keep-alive'} 
 body=None 
 </msg>
<msg time="2024-07-16T20:15:20.863723" level="INFO">GET Response : url=https://randomuser.me/api 
 status=200, reason=OK 
 headers={'Date': 'Tue, 16 Jul 2024 20:15:20 GMT', 'Content-Type': 'application/json; charset=utf-8', 'Transfer-Encoding': 'chunked', 'Connection': 'keep-alive', 'X-Powered-By': 'Express', 'Access-Control-Allow-Origin': '*', 'Cache-Control': 'no-cache', 'ETag': 'W/"48d-ONmzMrXz8QXufQfZi/4SVlHZd78"', 'Vary': 'Accept-Encoding', 'Content-Encoding': 'gzip', 'CF-Cache-Status': 'DYNAMIC', 'Report-To': '{"endpoints":[{"url":"https:\\/\\/a.nel.cloudflare.com\\/report\\/v4?s=%2FOjCwytIfX8NpRIANqG8ND%2FsomvzLHC%2B5UGVCQUZyFf2g4OkBhw4IEAGUuLlOFfEEezTkqFCp5wft8EB1CvyXlKF5k6zW1z5efpY%2BaVvjxzp8zrilK6FJFlm6hvS5YMY"}],"group":"cf-nel","max_age":604800}', 'NEL': '{"success_fraction":0,"report_to":"cf-nel","max_age":604800}', 'Server': 'cloudflare', 'CF-RAY': '8a44a9eafe08242f-IAD', 'alt-svc': 'h3=":443"; ma=86400'} 
 body={"results":[{"gender":"male","name":{"title":"Mr","first":"Esteban","last":"Jiménez"},"location":{"street":{"number":1616,"name":"Calle de Pedro Bosch"},"city":"Palma de Mallorca","state":"Navarra","country":"Spain","postcode":98928,"coordinates":{"latitude":"-35.9246","longitude":"-88.7159"},"timezone":{"offset":"+7:00","description":"Bangkok, Hanoi, Jakarta"}},"email":"esteban.jimenez@example.com","login":{"uuid":"57d29aef-b4a1-4ba2-8870-acaba72c052b","username":"lazybear698","password":"keenan","salt":"RqQeRPjs","md5":"2b4b94ed350d5db16a4ab677ccc94430","sha1":"54dce22ebac744cdbbf2025d3d5127a560ff1c54","sha256":"d46e6e4bc0b053bcdd3f336ee4a3d52082fa62b45e973be046578b411e18ed5e"},"dob":{"date":"1987-08-02T03:25:33.503Z","age":36},"registered":{"date":"2015-06-07T16:40:18.473Z","age":9},"phone":"964-170-317","cell":"630-295-545","id":{"name":"DNI","value":"92861882-Q"},"picture":{"large":"https://randomuser.me/api/portraits/men/73.jpg","medium":"https://randomuser.me/api/portraits/med/men/73.jpg","thumbnail":"https://randomuser.me/api/portraits/thumb/men/73.jpg"},"nat":"ES"}],"info":{"seed":"5e1cddb0845acd27","results":1,"page":1,"version":"1.4"}} 
 </msg>
<msg time="2024-07-16T20:15:20.863789" level="INFO">/opt/hostedtoolcache/Python/3.12.4/x64/lib/python3.12/site-packages/urllib3/connectionpool.py:1099: InsecureRequestWarning: Unverified HTTPS request is being made to host 'randomuser.me'. Adding certificate verification is strongly advised. See: https://urllib3.readthedocs.io/en/latest/advanced-usage.html#tls-warnings
  warnings.warn(</msg>
<msg time="2024-07-16T20:15:20.863908" level="INFO">${response} = &lt;Response [200]&gt;</msg>
<var>${response}</var>
<arg>consultarAPI</arg>
<arg>/api</arg>
<doc>Sends a GET request on a previously created HTTP Session.</doc>
<status status="PASS" start="2024-07-16T20:15:20.791605" elapsed="0.072347"/>
</kw>
<kw name="Set Variable" owner="BuiltIn">
<msg time="2024-07-16T20:15:20.864970" level="INFO">${json_data} = {'results': [{'gender': 'male', 'name': {'title': 'Mr', 'first': 'Esteban', 'last': 'Jiménez'}, 'location': {'street': {'number': 1616, 'name': 'Calle de Pedro Bosch'}, 'city': 'Palma de Mallorca', 's...</msg>
<var>${json_data}</var>
<arg>${response.json()}</arg>
<doc>Returns the given values which can then be assigned to a variables.</doc>
<status status="PASS" start="2024-07-16T20:15:20.864452" elapsed="0.000549"/>
</kw>
<kw name="Log" owner="BuiltIn">
<msg time="2024-07-16T20:15:20.865477" level="INFO">{'results': [{'gender': 'male', 'name': {'title': 'Mr', 'first': 'Esteban', 'last': 'Jiménez'}, 'location': {'street': {'number': 1616, 'name': 'Calle de Pedro Bosch'}, 'city': 'Palma de Mallorca', 'state': 'Navarra', 'country': 'Spain', 'postcode': 98928, 'coordinates': {'latitude': '-35.9246', 'longitude': '-88.7159'}, 'timezone': {'offset': '+7:00', 'description': 'Bangkok, Hanoi, Jakarta'}}, 'email': 'esteban.jimenez@example.com', 'login': {'uuid': '57d29aef-b4a1-4ba2-8870-acaba72c052b', 'username': 'lazybear698', 'password': 'keenan', 'salt': 'RqQeRPjs', 'md5': '2b4b94ed350d5db16a4ab677ccc94430', 'sha1': '54dce22ebac744cdbbf2025d3d5127a560ff1c54', 'sha256': 'd46e6e4bc0b053bcdd3f336ee4a3d52082fa62b45e973be046578b411e18ed5e'}, 'dob': {'date': '1987-08-02T03:25:33.503Z', 'age': 36}, 'registered': {'date': '2015-06-07T16:40:18.473Z', 'age': 9}, 'phone': '964-170-317', 'cell': '630-295-545', 'id': {'name': 'DNI', 'value': '92861882-Q'}, 'picture': {'large': 'https://randomuser.me/api/portraits/men/73.jpg', 'medium': 'https://randomuser.me/api/portraits/med/men/73.jpg', 'thumbnail': 'https://randomuser.me/api/portraits/thumb/men/73.jpg'}, 'nat': 'ES'}], 'info': {'seed': '5e1cddb0845acd27', 'results': 1, 'page': 1, 'version': '1.4'}}</msg>
<arg>${json_data}</arg>
<doc>Logs the given message with the given level.</doc>
<status status="PASS" start="2024-07-16T20:15:20.865321" elapsed="0.000208"/>
</kw>
<kw name="Should Be String" owner="String">
<arg>${json_data['results'][0]['gender']}</arg>
<doc>Fails if the given ``item`` is not a string.</doc>
<status status="PASS" start="2024-07-16T20:15:20.865825" elapsed="0.000420"/>
</kw>
<kw name="Should Match Regexp" owner="BuiltIn">
<arg>${json_data['results'][0]['email']}</arg>
<arg>^[a-zA-Z0-9._%+-]+@[a-zA-Z0-9.-]+\.[a-zA-Z]{2,}$</arg>
<doc>Fails if ``string`` does not match ``pattern`` as a regular expression.</doc>
<status status="PASS" start="2024-07-16T20:15:20.866438" elapsed="0.000518"/>
</kw>
<kw name="Should Match Regexp" owner="BuiltIn">
<arg>${json_data['results'][0]['dob']['date']}</arg>
<arg>\\d{4}-\\d{2}-\\d{2}T\\d{2}:\\d{2}:\\d{2}\\.\\d{3}Z</arg>
<doc>Fails if ``string`` does not match ``pattern`` as a regular expression.</doc>
<status status="PASS" start="2024-07-16T20:15:20.867152" elapsed="0.000485"/>
</kw>
<kw name="Should Match Regexp" owner="BuiltIn">
<arg>${json_data['results'][0]['registered']['date']}</arg>
<arg>\\d{4}-\\d{2}-\\d{2}T\\d{2}:\\d{2}:\\d{2}\\.\\d{3}Z</arg>
<doc>Fails if ``string`` does not match ``pattern`` as a regular expression.</doc>
<status status="PASS" start="2024-07-16T20:15:20.867828" elapsed="0.000364"/>
</kw>
<kw name="Should Match Regexp" owner="BuiltIn">
<arg>${json_data['results'][0]['picture']['large']}</arg>
<arg>^https?://.*\.(?:png|jpe?g|gif|bmp)$</arg>
<doc>Fails if ``string`` does not match ``pattern`` as a regular expression.</doc>
<status status="PASS" start="2024-07-16T20:15:20.868376" elapsed="0.000489"/>
</kw>
<kw name="Should Match Regexp" owner="BuiltIn">
<arg>${json_data['results'][0]['picture']['medium']}</arg>
<arg>^https?://.*\.(?:png|jpe?g|gif|bmp)$</arg>
<doc>Fails if ``string`` does not match ``pattern`` as a regular expression.</doc>
<status status="PASS" start="2024-07-16T20:15:20.869062" elapsed="0.000355"/>
</kw>
<kw name="Should Match Regexp" owner="BuiltIn">
<arg>${json_data['results'][0]['picture']['thumbnail']}</arg>
<arg>^https?://.*\.(?:png|jpe?g|gif|bmp)$</arg>
<doc>Fails if ``string`` does not match ``pattern`` as a regular expression.</doc>
<status status="PASS" start="2024-07-16T20:15:20.869600" elapsed="0.000357"/>
</kw>
<kw name="Log" owner="BuiltIn">
<msg time="2024-07-16T20:15:20.870468" level="INFO">{'large': 'https://randomuser.me/api/portraits/men/73.jpg', 'medium': 'https://randomuser.me/api/portraits/med/men/73.jpg', 'thumbnail': 'https://randomuser.me/api/portraits/thumb/men/73.jpg'}</msg>
<arg>${json_data['results'][0]['picture']}</arg>
<doc>Logs the given message with the given level.</doc>
<status status="PASS" start="2024-07-16T20:15:20.870138" elapsed="0.000373"/>
</kw>
<status status="PASS" start="2024-07-16T20:15:20.791377" elapsed="0.079393"/>
</kw>
<kw name="Teste de Tipos de Dados - Postcode" owner="random-user-service">
<kw name="GET On Session" owner="RequestsLibrary">
<msg time="2024-07-16T20:15:20.971953" level="INFO">GET Request : url=https://randomuser.me/api 
 path_url=/api 
 headers={'User-Agent': 'python-requests/2.32.3', 'Accept-Encoding': 'gzip, deflate', 'Accept': '*/*', 'Connection': 'keep-alive'} 
 body=None 
 </msg>
<msg time="2024-07-16T20:15:20.972041" level="INFO">GET Response : url=https://randomuser.me/api 
 status=200, reason=OK 
 headers={'Date': 'Tue, 16 Jul 2024 20:15:20 GMT', 'Content-Type': 'application/json; charset=utf-8', 'Transfer-Encoding': 'chunked', 'Connection': 'keep-alive', 'X-Powered-By': 'Express', 'Access-Control-Allow-Origin': '*', 'Cache-Control': 'no-cache', 'ETag': 'W/"48c-FkUCC7U5w1YmSw4Ujb0/hQfLyn0"', 'Vary': 'Accept-Encoding', 'Content-Encoding': 'gzip', 'CF-Cache-Status': 'DYNAMIC', 'Report-To': '{"endpoints":[{"url":"https:\\/\\/a.nel.cloudflare.com\\/report\\/v4?s=l3cGb%2B7qxJQtr27fRShXt0FfWOh%2FQtDRawoiK4Pii5tUTw84LUqDVv376TRwVA1peJ9TMlw5qFdBHaVqeV0B%2BYz%2FkN42L9zOKB3NsnGRYryYXpWf9uhPKd75f1qeH2Vv"}],"group":"cf-nel","max_age":604800}', 'NEL': '{"success_fraction":0,"report_to":"cf-nel","max_age":604800}', 'Server': 'cloudflare', 'CF-RAY': '8a44a9eb7ebd242f-IAD', 'alt-svc': 'h3=":443"; ma=86400'} 
 body={"results":[{"gender":"male","name":{"title":"Mr","first":"Nickolai","last":"Rolland"},"location":{"street":{"number":7125,"name":"Bålveien"},"city":"Seljord","state":"Aust-Agder","country":"Norway","postcode":"4838","coordinates":{"latitude":"42.0499","longitude":"-123.9809"},"timezone":{"offset":"+11:00","description":"Magadan, Solomon Islands, New Caledonia"}},"email":"nickolai.rolland@example.com","login":{"uuid":"bafb1a00-b682-4080-a77a-be197af9d220","username":"heavymouse724","password":"howell","salt":"SzIiaGc3","md5":"5c335787f0ef657dbfb28ad2eab14ca0","sha1":"c7bf051a4a371516c91e5bd55d59874a484f30f7","sha256":"9479d0e0f18916e470a06056fb3ee142af4e6671876d83ac2157a57bfc91adbe"},"dob":{"date":"1995-06-01T14:48:46.053Z","age":29},"registered":{"date":"2003-07-21T13:15:37.871Z","age":20},"phone":"56968110","cell":"46516331","id":{"name":"FN","value":"01069502381"},"picture":{"large":"https://randomuser.me/api/portraits/men/59.jpg","medium":"https://randomuser.me/api/portraits/med/men/59.jpg","thumbnail":"https://randomuser.me/api/portraits/thumb/men/59.jpg"},"nat":"NO"}],"info":{"seed":"2564855ac0e48d46","results":1,"page":1,"version":"1.4"}} 
 </msg>
<msg time="2024-07-16T20:15:20.972108" level="INFO">/opt/hostedtoolcache/Python/3.12.4/x64/lib/python3.12/site-packages/urllib3/connectionpool.py:1099: InsecureRequestWarning: Unverified HTTPS request is being made to host 'randomuser.me'. Adding certificate verification is strongly advised. See: https://urllib3.readthedocs.io/en/latest/advanced-usage.html#tls-warnings
  warnings.warn(</msg>
<msg time="2024-07-16T20:15:20.972239" level="INFO">${response} = &lt;Response [200]&gt;</msg>
<var>${response}</var>
<arg>consultarAPI</arg>
<arg>/api</arg>
<doc>Sends a GET request on a previously created HTTP Session.</doc>
<status status="PASS" start="2024-07-16T20:15:20.871212" elapsed="0.101066"/>
</kw>
<kw name="Set Variable" owner="BuiltIn">
<msg time="2024-07-16T20:15:20.973278" level="INFO">${json_data} = {'results': [{'gender': 'male', 'name': {'title': 'Mr', 'first': 'Nickolai', 'last': 'Rolland'}, 'location': {'street': {'number': 7125, 'name': 'Bålveien'}, 'city': 'Seljord', 'state': 'Aust-Agder', ...</msg>
<var>${json_data}</var>
<arg>${response.json()}</arg>
<doc>Returns the given values which can then be assigned to a variables.</doc>
<status status="PASS" start="2024-07-16T20:15:20.972746" elapsed="0.000561"/>
</kw>
<kw name="Log" owner="BuiltIn">
<msg time="2024-07-16T20:15:20.973782" level="INFO">{'results': [{'gender': 'male', 'name': {'title': 'Mr', 'first': 'Nickolai', 'last': 'Rolland'}, 'location': {'street': {'number': 7125, 'name': 'Bålveien'}, 'city': 'Seljord', 'state': 'Aust-Agder', 'country': 'Norway', 'postcode': '4838', 'coordinates': {'latitude': '42.0499', 'longitude': '-123.9809'}, 'timezone': {'offset': '+11:00', 'description': 'Magadan, Solomon Islands, New Caledonia'}}, 'email': 'nickolai.rolland@example.com', 'login': {'uuid': 'bafb1a00-b682-4080-a77a-be197af9d220', 'username': 'heavymouse724', 'password': 'howell', 'salt': 'SzIiaGc3', 'md5': '5c335787f0ef657dbfb28ad2eab14ca0', 'sha1': 'c7bf051a4a371516c91e5bd55d59874a484f30f7', 'sha256': '9479d0e0f18916e470a06056fb3ee142af4e6671876d83ac2157a57bfc91adbe'}, 'dob': {'date': '1995-06-01T14:48:46.053Z', 'age': 29}, 'registered': {'date': '2003-07-21T13:15:37.871Z', 'age': 20}, 'phone': '56968110', 'cell': '46516331', 'id': {'name': 'FN', 'value': '01069502381'}, 'picture': {'large': 'https://randomuser.me/api/portraits/men/59.jpg', 'medium': 'https://randomuser.me/api/portraits/med/men/59.jpg', 'thumbnail': 'https://randomuser.me/api/portraits/thumb/men/59.jpg'}, 'nat': 'NO'}], 'info': {'seed': '2564855ac0e48d46', 'results': 1, 'page': 1, 'version': '1.4'}}</msg>
<arg>${json_data}</arg>
<doc>Logs the given message with the given level.</doc>
<status status="PASS" start="2024-07-16T20:15:20.973619" elapsed="0.000212"/>
</kw>
<kw name="Should Be Equal As Numbers" owner="BuiltIn">
<arg>${json_data['results'][0]['location']['postcode']}</arg>
<arg>${json_data['results'][0]['location']['postcode']}</arg>
<doc>Fails if objects are unequal after converting them to real numbers.</doc>
<status status="PASS" start="2024-07-16T20:15:20.974126" elapsed="0.000624"/>
</kw>
<kw name="Log" owner="BuiltIn">
<msg time="2024-07-16T20:15:20.975327" level="INFO">4838</msg>
<arg>${json_data['results'][0]['location']['postcode']}</arg>
<doc>Logs the given message with the given level.</doc>
<status status="PASS" start="2024-07-16T20:15:20.974985" elapsed="0.000383"/>
</kw>
<status status="PASS" start="2024-07-16T20:15:20.870989" elapsed="0.104637"/>
</kw>
<doc>Testa se os tipos de dados na resposta da API estão corretos.</doc>
<tag>testeTiposDados</tag>
<status status="PASS" start="2024-07-16T20:15:20.790853" elapsed="0.184940"/>
</test>
<test id="s1-s1-t5" name="Validar conteudo" line="35">
<kw name="Teste de Tipos de Conteudo" owner="random-user-service">
<kw name="GET On Session" owner="RequestsLibrary">
<msg time="2024-07-16T20:15:21.065280" level="INFO">GET Request : url=https://randomuser.me/api 
 path_url=/api 
 headers={'User-Agent': 'python-requests/2.32.3', 'Accept-Encoding': 'gzip, deflate', 'Accept': '*/*', 'Connection': 'keep-alive'} 
 body=None 
 </msg>
<msg time="2024-07-16T20:15:21.065362" level="INFO">GET Response : url=https://randomuser.me/api 
 status=200, reason=OK 
 headers={'Date': 'Tue, 16 Jul 2024 20:15:21 GMT', 'Content-Type': 'application/json; charset=utf-8', 'Transfer-Encoding': 'chunked', 'Connection': 'keep-alive', 'X-Powered-By': 'Express', 'Access-Control-Allow-Origin': '*', 'Cache-Control': 'no-cache', 'ETag': 'W/"479-BVMhDKCAkmZJbgnKv0NzSohjLeg"', 'Vary': 'Accept-Encoding', 'Content-Encoding': 'gzip', 'CF-Cache-Status': 'DYNAMIC', 'Report-To': '{"endpoints":[{"url":"https:\\/\\/a.nel.cloudflare.com\\/report\\/v4?s=6AogW%2FJ%2BXPZ08yhjxN24KM7uc6JjgQnM%2B5IxlGOY1XglKD0ENjU6owaDUBwlm02Fjx%2BOrUQW0XaH2BJmlM4Rk1PddTj%2BjkI%2BkQu75CPxuBI42hOmyRRj%2FDOrD5QCluiE"}],"group":"cf-nel","max_age":604800}', 'NEL': '{"success_fraction":0,"report_to":"cf-nel","max_age":604800}', 'Server': 'cloudflare', 'CF-RAY': '8a44a9ec2f87242f-IAD', 'alt-svc': 'h3=":443"; ma=86400'} 
 body={"results":[{"gender":"male","name":{"title":"Mr","first":"Simon","last":"Kristensen"},"location":{"street":{"number":950,"name":"Håndværkervej"},"city":"Sundby","state":"Nordjylland","country":"Denmark","postcode":96278,"coordinates":{"latitude":"-42.8964","longitude":"-108.6806"},"timezone":{"offset":"-3:30","description":"Newfoundland"}},"email":"simon.kristensen@example.com","login":{"uuid":"d5415d8f-e3f7-4913-9baa-2beeb682e493","username":"purpleostrich233","password":"puffin","salt":"5p7DKfnL","md5":"0c80bd4f2ebe039f59af6f9fcbfc58f0","sha1":"fbf3f8de9a5b6797d67c30fd5191dfb2ee7fc2a7","sha256":"1b9e83dba5535889679a43b6c67c9edd16941930b2276ae982d136a05d90ff41"},"dob":{"date":"1983-11-24T10:22:05.528Z","age":40},"registered":{"date":"2020-11-16T23:55:11.790Z","age":3},"phone":"74519361","cell":"81332384","id":{"name":"CPR","value":"241183-7941"},"picture":{"large":"https://randomuser.me/api/portraits/men/88.jpg","medium":"https://randomuser.me/api/portraits/med/men/88.jpg","thumbnail":"https://randomuser.me/api/portraits/thumb/men/88.jpg"},"nat":"DK"}],"info":{"seed":"44691ffcc3bdad0d","results":1,"page":1,"version":"1.4"}} 
 </msg>
<msg time="2024-07-16T20:15:21.065443" level="INFO">/opt/hostedtoolcache/Python/3.12.4/x64/lib/python3.12/site-packages/urllib3/connectionpool.py:1099: InsecureRequestWarning: Unverified HTTPS request is being made to host 'randomuser.me'. Adding certificate verification is strongly advised. See: https://urllib3.readthedocs.io/en/latest/advanced-usage.html#tls-warnings
  warnings.warn(</msg>
<msg time="2024-07-16T20:15:21.065570" level="INFO">${response} = &lt;Response [200]&gt;</msg>
<var>${response}</var>
<arg>consultarAPI</arg>
<arg>/api</arg>
<doc>Sends a GET request on a previously created HTTP Session.</doc>
<status status="PASS" start="2024-07-16T20:15:20.978857" elapsed="0.086757"/>
</kw>
<kw name="Set Variable" owner="BuiltIn">
<msg time="2024-07-16T20:15:21.066562" level="INFO">${json_data} = {'results': [{'gender': 'male', 'name': {'title': 'Mr', 'first': 'Simon', 'last': 'Kristensen'}, 'location': {'street': {'number': 950, 'name': 'Håndværkervej'}, 'city': 'Sundby', 'state': 'Nordjyllan...</msg>
<var>${json_data}</var>
<arg>${response.json()}</arg>
<doc>Returns the given values which can then be assigned to a variables.</doc>
<status status="PASS" start="2024-07-16T20:15:21.066055" elapsed="0.000538"/>
</kw>
<kw name="Set Variable" owner="BuiltIn">
<msg time="2024-07-16T20:15:21.067298" level="INFO">${name_title} = Mr</msg>
<var>${name_title}</var>
<arg>${json_data["results"][0]["name"]["title"]}</arg>
<doc>Returns the given values which can then be assigned to a variables.</doc>
<status status="PASS" start="2024-07-16T20:15:21.066911" elapsed="0.000414"/>
</kw>
<kw name="Create List" owner="BuiltIn">
<msg time="2024-07-16T20:15:21.067789" level="INFO">${allowed_titles} = ['Mr', 'Ms', 'Miss', 'Mrs', 'Madame', 'Monsieur']</msg>
<var>${allowed_titles}</var>
<arg>Mr</arg>
<arg>Ms</arg>
<arg>Miss</arg>
<arg>Mrs</arg>
<arg>Madame</arg>
<arg>Monsieur</arg>
<doc>Returns a list containing given items.</doc>
<status status="PASS" start="2024-07-16T20:15:21.067634" elapsed="0.000181"/>
</kw>
<kw name="List Should Contain Value" owner="Collections">
<arg>${allowed_titles}</arg>
<arg>${name_title}</arg>
<doc>Fails if the ``value`` is not found from ``list``.</doc>
<status status="PASS" start="2024-07-16T20:15:21.068124" elapsed="0.000183"/>
</kw>
<kw name="Set Variable" owner="BuiltIn">
<msg time="2024-07-16T20:15:21.068889" level="INFO">${name_country} = DK</msg>
<var>${name_country}</var>
<arg>${json_data["results"][0]["nat"]}</arg>
<doc>Returns the given values which can then be assigned to a variables.</doc>
<status status="PASS" start="2024-07-16T20:15:21.068490" elapsed="0.000434"/>
</kw>
<kw name="Create List" owner="BuiltIn">
<msg time="2024-07-16T20:15:21.069827" level="INFO">${list_country} = ['AD', 'AE', 'AF', 'AG', 'AI', 'AL', 'AM', 'AO', 'AQ', 'AR', 'AS', 'AT', 'AU', 'AW', 'AX', 'AZ', 'BA', 'BB', 'BD', 'BE', 'BF', 'BG', 'BH', 'BI', 'BJ', 'BL', 'BM', 'BN', 'BO', 'BQ', 'BR', 'BS', 'BT', '...</msg>
<var>${list_country}</var>
<arg>AD</arg>
<arg>AE</arg>
<arg>AF</arg>
<arg>AG</arg>
<arg>AI</arg>
<arg>AL</arg>
<arg>AM</arg>
<arg>AO</arg>
<arg>AQ</arg>
<arg>AR</arg>
<arg>AS</arg>
<arg>AT</arg>
<arg>AU</arg>
<arg>AW</arg>
<arg>AX</arg>
<arg>AZ</arg>
<arg>BA</arg>
<arg>BB</arg>
<arg>BD</arg>
<arg>BE</arg>
<arg>BF</arg>
<arg>BG</arg>
<arg>BH</arg>
<arg>BI</arg>
<arg>BJ</arg>
<arg>BL</arg>
<arg>BM</arg>
<arg>BN</arg>
<arg>BO</arg>
<arg>BQ</arg>
<arg>BR</arg>
<arg>BS</arg>
<arg>BT</arg>
<arg>BV</arg>
<arg>BW</arg>
<arg>BY</arg>
<arg>BZ</arg>
<arg>CA</arg>
<arg>CC</arg>
<arg>CD</arg>
<arg>CF</arg>
<arg>CG</arg>
<arg>CH</arg>
<arg>CI</arg>
<arg>CK</arg>
<arg>CL</arg>
<arg>CM</arg>
<arg>CN</arg>
<arg>CO</arg>
<arg>CR</arg>
<arg>CU</arg>
<arg>CV</arg>
<arg>CW</arg>
<arg>CX</arg>
<arg>CY</arg>
<arg>CZ</arg>
<arg>DE</arg>
<arg>DJ</arg>
<arg>DK</arg>
<arg>DM</arg>
<arg>DO</arg>
<arg>DZ</arg>
<arg>EC</arg>
<arg>EE</arg>
<arg>EG</arg>
<arg>EH</arg>
<arg>ER</arg>
<arg>ES</arg>
<arg>ET</arg>
<arg>FI</arg>
<arg>FJ</arg>
<arg>FK</arg>
<arg>FM</arg>
<arg>FO</arg>
<arg>FR</arg>
<arg>GA</arg>
<arg>GB</arg>
<arg>GD</arg>
<arg>GE</arg>
<arg>GF</arg>
<arg>GG</arg>
<arg>GH</arg>
<arg>GI</arg>
<arg>GL</arg>
<arg>GM</arg>
<arg>GN</arg>
<arg>GP</arg>
<arg>GQ</arg>
<arg>GR</arg>
<arg>GS</arg>
<arg>GT</arg>
<arg>GU</arg>
<arg>GW</arg>
<arg>GY</arg>
<arg>HK</arg>
<arg>HM</arg>
<arg>HN</arg>
<arg>HR</arg>
<arg>HT</arg>
<arg>HU</arg>
<arg>ID</arg>
<arg>IE</arg>
<arg>IL</arg>
<arg>IM</arg>
<arg>IN</arg>
<arg>IO</arg>
<arg>IQ</arg>
<arg>IR</arg>
<arg>IS</arg>
<arg>IT</arg>
<arg>JE</arg>
<arg>JM</arg>
<arg>JO</arg>
<arg>JP</arg>
<arg>KE</arg>
<arg>KG</arg>
<arg>KH</arg>
<arg>KI</arg>
<arg>KM</arg>
<arg>KN</arg>
<arg>KP</arg>
<arg>KR</arg>
<arg>KW</arg>
<arg>KY</arg>
<arg>KZ</arg>
<arg>LA</arg>
<arg>LB</arg>
<arg>LC</arg>
<arg>LI</arg>
<arg>LK</arg>
<arg>LR</arg>
<arg>LS</arg>
<arg>LT</arg>
<arg>LU</arg>
<arg>LV</arg>
<arg>LY</arg>
<arg>MA</arg>
<arg>MC</arg>
<arg>MD</arg>
<arg>ME</arg>
<arg>MF</arg>
<arg>MG</arg>
<arg>MH</arg>
<arg>MK</arg>
<arg>ML</arg>
<arg>MM</arg>
<arg>MN</arg>
<arg>MO</arg>
<arg>MP</arg>
<arg>MQ</arg>
<arg>MR</arg>
<arg>MS</arg>
<arg>MT</arg>
<arg>MU</arg>
<arg>MV</arg>
<arg>MW</arg>
<arg>MX</arg>
<arg>MY</arg>
<arg>MZ</arg>
<arg>NA</arg>
<arg>NC</arg>
<arg>NE</arg>
<arg>NF</arg>
<arg>NG</arg>
<arg>NI</arg>
<arg>NL</arg>
<arg>NO</arg>
<arg>NP</arg>
<arg>NR</arg>
<arg>NU</arg>
<arg>NZ</arg>
<arg>OM</arg>
<arg>PA</arg>
<arg>PE</arg>
<arg>PF</arg>
<arg>PG</arg>
<arg>PH</arg>
<arg>PK</arg>
<arg>PL</arg>
<arg>PM</arg>
<arg>PN</arg>
<arg>PR</arg>
<arg>PS</arg>
<arg>PT</arg>
<arg>PW</arg>
<arg>PY</arg>
<arg>QA</arg>
<arg>RE</arg>
<arg>RO</arg>
<arg>RS</arg>
<arg>RU</arg>
<arg>RW</arg>
<arg>SA</arg>
<arg>SB</arg>
<arg>SC</arg>
<arg>SD</arg>
<arg>SE</arg>
<arg>SG</arg>
<arg>SH</arg>
<arg>SI</arg>
<arg>SJ</arg>
<arg>SK</arg>
<arg>SL</arg>
<arg>SM</arg>
<arg>SN</arg>
<arg>SO</arg>
<arg>SR</arg>
<arg>SS</arg>
<arg>ST</arg>
<arg>SV</arg>
<arg>SX</arg>
<arg>SY</arg>
<arg>SZ</arg>
<arg>TC</arg>
<arg>TD</arg>
<arg>TF</arg>
<arg>TG</arg>
<arg>TH</arg>
<arg>TJ</arg>
<arg>TK</arg>
<arg>TL</arg>
<arg>TM</arg>
<arg>TN</arg>
<arg>TO</arg>
<arg>TR</arg>
<arg>TT</arg>
<arg>TV</arg>
<arg>TW</arg>
<arg>TZ</arg>
<arg>UA</arg>
<arg>UG</arg>
<arg>UM</arg>
<arg>US</arg>
<arg>UY</arg>
<arg>UZ</arg>
<arg>VA</arg>
<arg>VC</arg>
<arg>VE</arg>
<arg>VG</arg>
<arg>VI</arg>
<arg>VN</arg>
<arg>VU</arg>
<arg>WF</arg>
<arg>WS</arg>
<arg>XK</arg>
<arg>YE</arg>
<arg>YT</arg>
<arg>ZA</arg>
<arg>ZM</arg>
<arg>ZW</arg>
<doc>Returns a list containing given items.</doc>
<status status="PASS" start="2024-07-16T20:15:21.069230" elapsed="0.000624"/>
</kw>
<kw name="List Should Contain Value" owner="Collections">
<arg>${list_country}</arg>
<arg>${name_country}</arg>
<doc>Fails if the ``value`` is not found from ``list``.</doc>
<status status="PASS" start="2024-07-16T20:15:21.070688" elapsed="0.000208"/>
</kw>
<kw name="Run Keyword If" owner="BuiltIn">
<kw name="Should Be True" owner="BuiltIn">
<arg>${True}</arg>
<doc>Fails if the given condition is not true.</doc>
<status status="PASS" start="2024-07-16T20:15:21.071853" elapsed="0.000143"/>
</kw>
<arg>${json_data["results"][0]["location"]["coordinates"]["latitude"]} &gt;= -90 and ${json_data["results"][0]["location"]["coordinates"]["latitude"]} &lt;= 90</arg>
<arg>Should Be True</arg>
<arg>${True}</arg>
<doc>Runs the given keyword with the given arguments, if ``condition`` is true.</doc>
<status status="PASS" start="2024-07-16T20:15:21.071097" elapsed="0.001027"/>
</kw>
<kw name="Run Keyword If" owner="BuiltIn">
<kw name="Should Be True" owner="BuiltIn">
<arg>${True}</arg>
<doc>Fails if the given condition is not true.</doc>
<status status="PASS" start="2024-07-16T20:15:21.073039" elapsed="0.000139"/>
</kw>
<arg>${json_data["results"][0]["location"]["coordinates"]["longitude"]} &gt;= -180 and ${json_data["results"][0]["location"]["coordinates"]["longitude"]} &lt;= 180</arg>
<arg>Should Be True</arg>
<arg>${True}</arg>
<doc>Runs the given keyword with the given arguments, if ``condition`` is true.</doc>
<status status="PASS" start="2024-07-16T20:15:21.072308" elapsed="0.000994"/>
</kw>
<status status="PASS" start="2024-07-16T20:15:20.978260" elapsed="0.095178"/>
</kw>
<doc>Testa o conteúdo específico dos campos retornados pela API.</doc>
<tag>testeConteudo</tag>
<status status="PASS" start="2024-07-16T20:15:20.977604" elapsed="0.095992"/>
</test>
<status status="PASS" start="2024-07-16T20:15:20.181296" elapsed="0.894226"/>
</suite>
<status status="PASS" start="2024-07-16T20:15:20.166420" elapsed="0.914252"/>
</suite>
<statistics>
<total>
<stat pass="5" fail="0" skip="0">All Tests</stat>
</total>
<tag>
<stat pass="1" fail="0" skip="0">testeConteudo</stat>
<stat pass="1" fail="0" skip="0">testeEstruturaResposta</stat>
<stat pass="1" fail="0" skip="0">testeRequisicaoBasica</stat>
<stat pass="1" fail="0" skip="0">testeTiposDados</stat>
</tag>
<suite>
<stat pass="5" fail="0" skip="0" id="s1" name="Tests">Tests</stat>
<stat pass="5" fail="0" skip="0" id="s1-s1" name="Random-User-Test">Tests.Random-User-Test</stat>
</suite>
</statistics>
<errors>
</errors>
</robot>
