<?xml version="1.0" encoding="UTF-8"?>
<robot generator="Robot 7.0 (Python 3.12.2 on linux)" generated="2024-04-07T20:13:23.973096" rpa="false" schemaversion="5">
<suite id="s1" name="Tests" source="/home/runner/work/DesafioQAItauRogerioJordao/DesafioQAItauRogerioJordao/RamdonUser/tests">
<suite id="s1-s1" name="Random-User-Test" source="/home/runner/work/DesafioQAItauRogerioJordao/DesafioQAItauRogerioJordao/RamdonUser/tests/random-user-test.robot">
<test id="s1-s1-t1" name="Conectar" line="13">
<kw name="Conectar API" owner="random-user-service">
<kw name="Create Session" owner="RequestsLibrary">
<msg time="2024-04-07T20:13:24.339180" level="INFO">Creating Session using : alias=consultarAPI, url=https://randomuser.me/, headers={},                     cookies={}, auth=None, timeout=None, proxies=None, verify=False,                     debug=0 </msg>
<arg>consultarAPI</arg>
<arg>${URL}</arg>
<doc>Create Session: create a HTTP session to a server</doc>
<status status="PASS" start="2024-04-07T20:13:24.338983" elapsed="0.000362"/>
</kw>
<status status="PASS" start="2024-04-07T20:13:24.337992" elapsed="0.001704"/>
</kw>
<status status="PASS" start="2024-04-07T20:13:24.337379" elapsed="0.002528"/>
</test>
<test id="s1-s1-t2" name="Validar retorno 200 e JSON Válido" line="16">
<kw name="Teste de Requisicao Basica" owner="random-user-service">
<kw name="GET On Session" owner="RequestsLibrary">
<msg time="2024-04-07T20:13:24.611744" level="INFO">GET Request : url=https://randomuser.me/api 
 path_url=/api 
 headers={'User-Agent': 'python-requests/2.31.0', 'Accept-Encoding': 'gzip, deflate', 'Accept': '*/*', 'Connection': 'keep-alive'} 
 body=None 
 </msg>
<msg time="2024-04-07T20:13:24.611918" level="INFO">GET Response : url=https://randomuser.me/api 
 status=200, reason=OK 
 headers={'Date': 'Sun, 07 Apr 2024 20:13:24 GMT', 'Content-Type': 'application/json; charset=utf-8', 'Transfer-Encoding': 'chunked', 'Connection': 'keep-alive', 'X-Powered-By': 'Express', 'Access-Control-Allow-Origin': '*', 'Cache-Control': 'no-cache', 'ETag': 'W/"495-p74itlspEWq/6bHzvMilJ1g0rJ0"', 'Vary': 'Accept-Encoding', 'Content-Encoding': 'gzip', 'CF-Cache-Status': 'DYNAMIC', 'Report-To': '{"endpoints":[{"url":"https:\\/\\/a.nel.cloudflare.com\\/report\\/v4?s=zKN22AyPl4W8STIXxX0raK4Ukpp0OAb%2Bm45crzgS9Fxlp9ttmP896Hz%2Bsb64ZFqXp3qTeZWwiyfieC1VIwPzCvSBhGj5i9aWu5TsAMQsoSJk56pUZvzNTP4ThAT32bkV"}],"group":"cf-nel","max_age":604800}', 'NEL': '{"success_fraction":0,"report_to":"cf-nel","max_age":604800}', 'Server': 'cloudflare', 'CF-RAY': '870cad944ab27bc8-LAX', 'alt-svc': 'h3=":443"; ma=86400'} 
 body={"results":[{"gender":"male","name":{"title":"Mr","first":"Radenko","last":"Spasojević"},"location":{"street":{"number":9254,"name":"Dušana Golumbovskog"},"city":"Kula","state":"Central Banat","country":"Serbia","postcode":54926,"coordinates":{"latitude":"56.4615","longitude":"-154.6101"},"timezone":{"offset":"+2:00","description":"Kaliningrad, South Africa"}},"email":"radenko.spasojevic@example.com","login":{"uuid":"ab8e3617-e3aa-417f-8e8d-0064c3fcd2a9","username":"orangesnake152","password":"tabitha","salt":"5pNPhB9I","md5":"60452ecc54db9514b15896e75308b12f","sha1":"0c20059376066fc7dd77ee432077734b26c0aae7","sha256":"af7f50d295c48a03493a6a116010bbc88a2179e47a5ffd19ed8092fee1f5957e"},"dob":{"date":"1945-02-15T11:49:08.530Z","age":79},"registered":{"date":"2010-07-01T21:30:29.187Z","age":13},"phone":"032-9881-653","cell":"064-2859-541","id":{"name":"SID","value":"649656168"},"picture":{"large":"https://randomuser.me/api/portraits/men/27.jpg","medium":"https://randomuser.me/api/portraits/med/men/27.jpg","thumbnail":"https://randomuser.me/api/portraits/thumb/men/27.jpg"},"nat":"RS"}],"info":{"seed":"c419cfc5e305e90a","results":1,"page":1,"version":"1.4"}} 
 </msg>
<msg time="2024-04-07T20:13:24.612040" level="INFO">/opt/hostedtoolcache/Python/3.12.2/x64/lib/python3.12/site-packages/urllib3/connectionpool.py:1103: InsecureRequestWarning: Unverified HTTPS request is being made to host 'randomuser.me'. Adding certificate verification is strongly advised. See: https://urllib3.readthedocs.io/en/latest/advanced-usage.html#tls-warnings
  warnings.warn(</msg>
<msg time="2024-04-07T20:13:24.612166" level="INFO">${response} = &lt;Response [200]&gt;</msg>
<var>${response}</var>
<arg>consultarAPI</arg>
<arg>/api</arg>
<doc>Sends a GET request on a previously created HTTP Session.</doc>
<status status="PASS" start="2024-04-07T20:13:24.342612" elapsed="0.269594"/>
</kw>
<kw name="Should Be Equal As Numbers" owner="BuiltIn">
<msg time="2024-04-07T20:13:24.613158" level="INFO">Argument types are:
&lt;class 'int'&gt;
&lt;class 'str'&gt;</msg>
<arg>${response.status_code}</arg>
<arg>200</arg>
<doc>Fails if objects are unequal after converting them to real numbers.</doc>
<status status="PASS" start="2024-04-07T20:13:24.612702" elapsed="0.000526"/>
</kw>
<kw name="Log" owner="BuiltIn">
<msg time="2024-04-07T20:13:24.613907" level="INFO">200</msg>
<arg>${response.status_code}</arg>
<doc>Logs the given message with the given level.</doc>
<status status="PASS" start="2024-04-07T20:13:24.613548" elapsed="0.000401"/>
</kw>
<kw name="Set Variable" owner="BuiltIn">
<msg time="2024-04-07T20:13:24.614719" level="INFO">${json_data} = {'results': [{'gender': 'male', 'name': {'title': 'Mr', 'first': 'Radenko', 'last': 'Spasojević'}, 'location': {'street': {'number': 9254, 'name': 'Dušana Golumbovskog'}, 'city': 'Kula', 'state': 'Cen...</msg>
<var>${json_data}</var>
<arg>${response.json()}</arg>
<doc>Returns the given values which can then be assigned to a variables.</doc>
<status status="PASS" start="2024-04-07T20:13:24.614274" elapsed="0.000475"/>
</kw>
<kw name="Dictionary Should Contain Key" owner="Collections">
<msg time="2024-04-07T20:13:24.615226" level="INFO">False</msg>
<arg>${json_data}</arg>
<arg>results</arg>
<doc>Fails if ``key`` is not found from ``dictionary``.</doc>
<status status="PASS" start="2024-04-07T20:13:24.615056" elapsed="0.000209"/>
</kw>
<status status="PASS" start="2024-04-07T20:13:24.342359" elapsed="0.273161"/>
</kw>
<doc>Testa se a API responde corretamente e retorna um objeto JSON válido.</doc>
<tag>testeRequisicaoBasica</tag>
<status status="PASS" start="2024-04-07T20:13:24.341796" elapsed="0.273906"/>
</test>
<test id="s1-s1-t3" name="Validar estrutura de resposta" line="22">
<kw name="Teste de Estrutura de Resposta" owner="random-user-service">
<kw name="GET On Session" owner="RequestsLibrary">
<msg time="2024-04-07T20:13:24.732864" level="INFO">GET Request : url=https://randomuser.me/api 
 path_url=/api 
 headers={'User-Agent': 'python-requests/2.31.0', 'Accept-Encoding': 'gzip, deflate', 'Accept': '*/*', 'Connection': 'keep-alive'} 
 body=None 
 </msg>
<msg time="2024-04-07T20:13:24.732951" level="INFO">GET Response : url=https://randomuser.me/api 
 status=200, reason=OK 
 headers={'Date': 'Sun, 07 Apr 2024 20:13:24 GMT', 'Content-Type': 'application/json; charset=utf-8', 'Transfer-Encoding': 'chunked', 'Connection': 'keep-alive', 'X-Powered-By': 'Express', 'Access-Control-Allow-Origin': '*', 'Cache-Control': 'no-cache', 'ETag': 'W/"488-xgBfeT595dhpUmv15hoR6DpyFGk"', 'Vary': 'Accept-Encoding', 'Content-Encoding': 'gzip', 'CF-Cache-Status': 'DYNAMIC', 'Report-To': '{"endpoints":[{"url":"https:\\/\\/a.nel.cloudflare.com\\/report\\/v4?s=JcKmOjNsQt3oksiE3dk5PRXfC0xASFdX5v18QJ1EWIcV54eL4cdIYtLMNVMGYbspdsG8CKZpEpOxYMJhRuMQQPcwk4IUv%2BdAsHUnwnDYWKV1nTyLm2oUtv0%2BUbxpozIj"}],"group":"cf-nel","max_age":604800}', 'NEL': '{"success_fraction":0,"report_to":"cf-nel","max_age":604800}', 'Server': 'cloudflare', 'CF-RAY': '870cad94eb7f7bc8-LAX', 'alt-svc': 'h3=":443"; ma=86400'} 
 body={"results":[{"gender":"male","name":{"title":"Mr","first":"Chad","last":"Osullivan"},"location":{"street":{"number":5275,"name":"Church Street"},"city":"Kilcock","state":"Wexford","country":"Ireland","postcode":50208,"coordinates":{"latitude":"0.3952","longitude":"-53.8903"},"timezone":{"offset":"-3:00","description":"Brazil, Buenos Aires, Georgetown"}},"email":"chad.osullivan@example.com","login":{"uuid":"2b5817f7-9f3f-4dbd-93d7-d833632f2ea6","username":"ticklishladybug856","password":"carl","salt":"J7p9YS2v","md5":"306ffc3e76714fa31678b910a81f5981","sha1":"2b8b32e765f6be59d5d06b234f58905694d1afaa","sha256":"d71859e30d277af9674b12502ea408b9a6a080db15b817225ef1ab7fb5a5b53c"},"dob":{"date":"1975-02-18T07:32:12.153Z","age":49},"registered":{"date":"2006-09-05T14:58:46.740Z","age":17},"phone":"041-219-1863","cell":"081-141-6702","id":{"name":"PPS","value":"6356465T"},"picture":{"large":"https://randomuser.me/api/portraits/men/20.jpg","medium":"https://randomuser.me/api/portraits/med/men/20.jpg","thumbnail":"https://randomuser.me/api/portraits/thumb/men/20.jpg"},"nat":"IE"}],"info":{"seed":"953f02867afa0252","results":1,"page":1,"version":"1.4"}} 
 </msg>
<msg time="2024-04-07T20:13:24.733086" level="INFO">/opt/hostedtoolcache/Python/3.12.2/x64/lib/python3.12/site-packages/urllib3/connectionpool.py:1103: InsecureRequestWarning: Unverified HTTPS request is being made to host 'randomuser.me'. Adding certificate verification is strongly advised. See: https://urllib3.readthedocs.io/en/latest/advanced-usage.html#tls-warnings
  warnings.warn(</msg>
<msg time="2024-04-07T20:13:24.733210" level="INFO">${response} = &lt;Response [200]&gt;</msg>
<var>${response}</var>
<arg>consultarAPI</arg>
<arg>/api</arg>
<doc>Sends a GET request on a previously created HTTP Session.</doc>
<status status="PASS" start="2024-04-07T20:13:24.618415" elapsed="0.114833"/>
</kw>
<kw name="Set Variable" owner="BuiltIn">
<msg time="2024-04-07T20:13:24.734080" level="INFO">${json_data} = {'results': [{'gender': 'male', 'name': {'title': 'Mr', 'first': 'Chad', 'last': 'Osullivan'}, 'location': {'street': {'number': 5275, 'name': 'Church Street'}, 'city': 'Kilcock', 'state': 'Wexford', ...</msg>
<var>${json_data}</var>
<arg>${response.json()}</arg>
<doc>Returns the given values which can then be assigned to a variables.</doc>
<status status="PASS" start="2024-04-07T20:13:24.733629" elapsed="0.000480"/>
</kw>
<kw name="Log" owner="BuiltIn">
<msg time="2024-04-07T20:13:24.734574" level="INFO">{'results': [{'gender': 'male', 'name': {'title': 'Mr', 'first': 'Chad', 'last': 'Osullivan'}, 'location': {'street': {'number': 5275, 'name': 'Church Street'}, 'city': 'Kilcock', 'state': 'Wexford', 'country': 'Ireland', 'postcode': 50208, 'coordinates': {'latitude': '0.3952', 'longitude': '-53.8903'}, 'timezone': {'offset': '-3:00', 'description': 'Brazil, Buenos Aires, Georgetown'}}, 'email': 'chad.osullivan@example.com', 'login': {'uuid': '2b5817f7-9f3f-4dbd-93d7-d833632f2ea6', 'username': 'ticklishladybug856', 'password': 'carl', 'salt': 'J7p9YS2v', 'md5': '306ffc3e76714fa31678b910a81f5981', 'sha1': '2b8b32e765f6be59d5d06b234f58905694d1afaa', 'sha256': 'd71859e30d277af9674b12502ea408b9a6a080db15b817225ef1ab7fb5a5b53c'}, 'dob': {'date': '1975-02-18T07:32:12.153Z', 'age': 49}, 'registered': {'date': '2006-09-05T14:58:46.740Z', 'age': 17}, 'phone': '041-219-1863', 'cell': '081-141-6702', 'id': {'name': 'PPS', 'value': '6356465T'}, 'picture': {'large': 'https://randomuser.me/api/portraits/men/20.jpg', 'medium': 'https://randomuser.me/api/portraits/med/men/20.jpg', 'thumbnail': 'https://randomuser.me/api/portraits/thumb/men/20.jpg'}, 'nat': 'IE'}], 'info': {'seed': '953f02867afa0252', 'results': 1, 'page': 1, 'version': '1.4'}}</msg>
<arg>${json_data}</arg>
<doc>Logs the given message with the given level.</doc>
<status status="PASS" start="2024-04-07T20:13:24.734418" elapsed="0.000203"/>
</kw>
<kw name="Dictionary Should Contain Key" owner="Collections">
<msg time="2024-04-07T20:13:24.735069" level="INFO">False</msg>
<arg>${json_data}</arg>
<arg>results</arg>
<doc>Fails if ``key`` is not found from ``dictionary``.</doc>
<status status="PASS" start="2024-04-07T20:13:24.734917" elapsed="0.000189"/>
</kw>
<kw name="Should Not Be Empty" owner="BuiltIn">
<msg time="2024-04-07T20:13:24.735541" level="INFO">Length is 2.</msg>
<arg>${json_data}</arg>
<doc>Verifies that the given item is not empty.</doc>
<status status="PASS" start="2024-04-07T20:13:24.735406" elapsed="0.000174"/>
</kw>
<kw name="Create List" owner="BuiltIn">
<msg time="2024-04-07T20:13:24.736012" level="INFO">${expected_keys} = ['gender', 'name', 'location', 'email', 'login']</msg>
<var>${expected_keys}</var>
<arg>gender</arg>
<arg>name</arg>
<arg>location</arg>
<arg>email</arg>
<arg>login</arg>
<doc>Returns a list containing given items.</doc>
<status status="PASS" start="2024-04-07T20:13:24.735865" elapsed="0.000171"/>
</kw>
<for flavor="IN">
<iter>
<kw name="Dictionary Should Contain Key" owner="Collections">
<msg time="2024-04-07T20:13:24.737048" level="INFO">False</msg>
<arg>${json_data['results'][0]}</arg>
<arg>${key}</arg>
<doc>Fails if ``key`` is not found from ``dictionary``.</doc>
<status status="PASS" start="2024-04-07T20:13:24.736650" elapsed="0.000437"/>
</kw>
<kw name="Log" owner="BuiltIn">
<msg time="2024-04-07T20:13:24.737768" level="INFO">{'gender': 'male', 'name': {'title': 'Mr', 'first': 'Chad', 'last': 'Osullivan'}, 'location': {'street': {'number': 5275, 'name': 'Church Street'}, 'city': 'Kilcock', 'state': 'Wexford', 'country': 'Ireland', 'postcode': 50208, 'coordinates': {'latitude': '0.3952', 'longitude': '-53.8903'}, 'timezone': {'offset': '-3:00', 'description': 'Brazil, Buenos Aires, Georgetown'}}, 'email': 'chad.osullivan@example.com', 'login': {'uuid': '2b5817f7-9f3f-4dbd-93d7-d833632f2ea6', 'username': 'ticklishladybug856', 'password': 'carl', 'salt': 'J7p9YS2v', 'md5': '306ffc3e76714fa31678b910a81f5981', 'sha1': '2b8b32e765f6be59d5d06b234f58905694d1afaa', 'sha256': 'd71859e30d277af9674b12502ea408b9a6a080db15b817225ef1ab7fb5a5b53c'}, 'dob': {'date': '1975-02-18T07:32:12.153Z', 'age': 49}, 'registered': {'date': '2006-09-05T14:58:46.740Z', 'age': 17}, 'phone': '041-219-1863', 'cell': '081-141-6702', 'id': {'name': 'PPS', 'value': '6356465T'}, 'picture': {'large': 'https://randomuser.me/api/portraits/men/20.jpg', 'medium': 'https://randomuser.me/api/portraits/med/men/20.jpg', 'thumbnail': 'https://randomuser.me/api/portraits/thumb/men/20.jpg'}, 'nat': 'IE'}</msg>
<arg>${json_data['results'][0]}</arg>
<doc>Logs the given message with the given level.</doc>
<status status="PASS" start="2024-04-07T20:13:24.737398" elapsed="0.000418"/>
</kw>
<kw name="Log" owner="BuiltIn">
<msg time="2024-04-07T20:13:24.738246" level="INFO">gender</msg>
<arg>${key}</arg>
<doc>Logs the given message with the given level.</doc>
<status status="PASS" start="2024-04-07T20:13:24.738116" elapsed="0.000168"/>
</kw>
<var name="${key}">gender</var>
<status status="PASS" start="2024-04-07T20:13:24.736524" elapsed="0.001983"/>
</iter>
<iter>
<kw name="Dictionary Should Contain Key" owner="Collections">
<msg time="2024-04-07T20:13:24.739201" level="INFO">False</msg>
<arg>${json_data['results'][0]}</arg>
<arg>${key}</arg>
<doc>Fails if ``key`` is not found from ``dictionary``.</doc>
<status status="PASS" start="2024-04-07T20:13:24.738807" elapsed="0.000431"/>
</kw>
<kw name="Log" owner="BuiltIn">
<msg time="2024-04-07T20:13:24.739926" level="INFO">{'gender': 'male', 'name': {'title': 'Mr', 'first': 'Chad', 'last': 'Osullivan'}, 'location': {'street': {'number': 5275, 'name': 'Church Street'}, 'city': 'Kilcock', 'state': 'Wexford', 'country': 'Ireland', 'postcode': 50208, 'coordinates': {'latitude': '0.3952', 'longitude': '-53.8903'}, 'timezone': {'offset': '-3:00', 'description': 'Brazil, Buenos Aires, Georgetown'}}, 'email': 'chad.osullivan@example.com', 'login': {'uuid': '2b5817f7-9f3f-4dbd-93d7-d833632f2ea6', 'username': 'ticklishladybug856', 'password': 'carl', 'salt': 'J7p9YS2v', 'md5': '306ffc3e76714fa31678b910a81f5981', 'sha1': '2b8b32e765f6be59d5d06b234f58905694d1afaa', 'sha256': 'd71859e30d277af9674b12502ea408b9a6a080db15b817225ef1ab7fb5a5b53c'}, 'dob': {'date': '1975-02-18T07:32:12.153Z', 'age': 49}, 'registered': {'date': '2006-09-05T14:58:46.740Z', 'age': 17}, 'phone': '041-219-1863', 'cell': '081-141-6702', 'id': {'name': 'PPS', 'value': '6356465T'}, 'picture': {'large': 'https://randomuser.me/api/portraits/men/20.jpg', 'medium': 'https://randomuser.me/api/portraits/med/men/20.jpg', 'thumbnail': 'https://randomuser.me/api/portraits/thumb/men/20.jpg'}, 'nat': 'IE'}</msg>
<arg>${json_data['results'][0]}</arg>
<doc>Logs the given message with the given level.</doc>
<status status="PASS" start="2024-04-07T20:13:24.739566" elapsed="0.000408"/>
</kw>
<kw name="Log" owner="BuiltIn">
<msg time="2024-04-07T20:13:24.740432" level="INFO">name</msg>
<arg>${key}</arg>
<doc>Logs the given message with the given level.</doc>
<status status="PASS" start="2024-04-07T20:13:24.740275" elapsed="0.000194"/>
</kw>
<var name="${key}">name</var>
<status status="PASS" start="2024-04-07T20:13:24.738693" elapsed="0.001992"/>
</iter>
<iter>
<kw name="Dictionary Should Contain Key" owner="Collections">
<msg time="2024-04-07T20:13:24.741359" level="INFO">False</msg>
<arg>${json_data['results'][0]}</arg>
<arg>${key}</arg>
<doc>Fails if ``key`` is not found from ``dictionary``.</doc>
<status status="PASS" start="2024-04-07T20:13:24.740976" elapsed="0.000420"/>
</kw>
<kw name="Log" owner="BuiltIn">
<msg time="2024-04-07T20:13:24.742052" level="INFO">{'gender': 'male', 'name': {'title': 'Mr', 'first': 'Chad', 'last': 'Osullivan'}, 'location': {'street': {'number': 5275, 'name': 'Church Street'}, 'city': 'Kilcock', 'state': 'Wexford', 'country': 'Ireland', 'postcode': 50208, 'coordinates': {'latitude': '0.3952', 'longitude': '-53.8903'}, 'timezone': {'offset': '-3:00', 'description': 'Brazil, Buenos Aires, Georgetown'}}, 'email': 'chad.osullivan@example.com', 'login': {'uuid': '2b5817f7-9f3f-4dbd-93d7-d833632f2ea6', 'username': 'ticklishladybug856', 'password': 'carl', 'salt': 'J7p9YS2v', 'md5': '306ffc3e76714fa31678b910a81f5981', 'sha1': '2b8b32e765f6be59d5d06b234f58905694d1afaa', 'sha256': 'd71859e30d277af9674b12502ea408b9a6a080db15b817225ef1ab7fb5a5b53c'}, 'dob': {'date': '1975-02-18T07:32:12.153Z', 'age': 49}, 'registered': {'date': '2006-09-05T14:58:46.740Z', 'age': 17}, 'phone': '041-219-1863', 'cell': '081-141-6702', 'id': {'name': 'PPS', 'value': '6356465T'}, 'picture': {'large': 'https://randomuser.me/api/portraits/men/20.jpg', 'medium': 'https://randomuser.me/api/portraits/med/men/20.jpg', 'thumbnail': 'https://randomuser.me/api/portraits/thumb/men/20.jpg'}, 'nat': 'IE'}</msg>
<arg>${json_data['results'][0]}</arg>
<doc>Logs the given message with the given level.</doc>
<status status="PASS" start="2024-04-07T20:13:24.741696" elapsed="0.000409"/>
</kw>
<kw name="Log" owner="BuiltIn">
<msg time="2024-04-07T20:13:24.742525" level="INFO">location</msg>
<arg>${key}</arg>
<doc>Logs the given message with the given level.</doc>
<status status="PASS" start="2024-04-07T20:13:24.742399" elapsed="0.000165"/>
</kw>
<var name="${key}">location</var>
<status status="PASS" start="2024-04-07T20:13:24.740864" elapsed="0.001914"/>
</iter>
<iter>
<kw name="Dictionary Should Contain Key" owner="Collections">
<msg time="2024-04-07T20:13:24.743433" level="INFO">False</msg>
<arg>${json_data['results'][0]}</arg>
<arg>${key}</arg>
<doc>Fails if ``key`` is not found from ``dictionary``.</doc>
<status status="PASS" start="2024-04-07T20:13:24.743059" elapsed="0.000411"/>
</kw>
<kw name="Log" owner="BuiltIn">
<msg time="2024-04-07T20:13:24.744141" level="INFO">{'gender': 'male', 'name': {'title': 'Mr', 'first': 'Chad', 'last': 'Osullivan'}, 'location': {'street': {'number': 5275, 'name': 'Church Street'}, 'city': 'Kilcock', 'state': 'Wexford', 'country': 'Ireland', 'postcode': 50208, 'coordinates': {'latitude': '0.3952', 'longitude': '-53.8903'}, 'timezone': {'offset': '-3:00', 'description': 'Brazil, Buenos Aires, Georgetown'}}, 'email': 'chad.osullivan@example.com', 'login': {'uuid': '2b5817f7-9f3f-4dbd-93d7-d833632f2ea6', 'username': 'ticklishladybug856', 'password': 'carl', 'salt': 'J7p9YS2v', 'md5': '306ffc3e76714fa31678b910a81f5981', 'sha1': '2b8b32e765f6be59d5d06b234f58905694d1afaa', 'sha256': 'd71859e30d277af9674b12502ea408b9a6a080db15b817225ef1ab7fb5a5b53c'}, 'dob': {'date': '1975-02-18T07:32:12.153Z', 'age': 49}, 'registered': {'date': '2006-09-05T14:58:46.740Z', 'age': 17}, 'phone': '041-219-1863', 'cell': '081-141-6702', 'id': {'name': 'PPS', 'value': '6356465T'}, 'picture': {'large': 'https://randomuser.me/api/portraits/men/20.jpg', 'medium': 'https://randomuser.me/api/portraits/med/men/20.jpg', 'thumbnail': 'https://randomuser.me/api/portraits/thumb/men/20.jpg'}, 'nat': 'IE'}</msg>
<arg>${json_data['results'][0]}</arg>
<doc>Logs the given message with the given level.</doc>
<status status="PASS" start="2024-04-07T20:13:24.743771" elapsed="0.000417"/>
</kw>
<kw name="Log" owner="BuiltIn">
<msg time="2024-04-07T20:13:24.744704" level="INFO">email</msg>
<arg>${key}</arg>
<doc>Logs the given message with the given level.</doc>
<status status="PASS" start="2024-04-07T20:13:24.744568" elapsed="0.000174"/>
</kw>
<var name="${key}">email</var>
<status status="PASS" start="2024-04-07T20:13:24.742950" elapsed="0.002010"/>
</iter>
<iter>
<kw name="Dictionary Should Contain Key" owner="Collections">
<msg time="2024-04-07T20:13:24.745821" level="INFO">False</msg>
<arg>${json_data['results'][0]}</arg>
<arg>${key}</arg>
<doc>Fails if ``key`` is not found from ``dictionary``.</doc>
<status status="PASS" start="2024-04-07T20:13:24.745251" elapsed="0.000618"/>
</kw>
<kw name="Log" owner="BuiltIn">
<msg time="2024-04-07T20:13:24.746576" level="INFO">{'gender': 'male', 'name': {'title': 'Mr', 'first': 'Chad', 'last': 'Osullivan'}, 'location': {'street': {'number': 5275, 'name': 'Church Street'}, 'city': 'Kilcock', 'state': 'Wexford', 'country': 'Ireland', 'postcode': 50208, 'coordinates': {'latitude': '0.3952', 'longitude': '-53.8903'}, 'timezone': {'offset': '-3:00', 'description': 'Brazil, Buenos Aires, Georgetown'}}, 'email': 'chad.osullivan@example.com', 'login': {'uuid': '2b5817f7-9f3f-4dbd-93d7-d833632f2ea6', 'username': 'ticklishladybug856', 'password': 'carl', 'salt': 'J7p9YS2v', 'md5': '306ffc3e76714fa31678b910a81f5981', 'sha1': '2b8b32e765f6be59d5d06b234f58905694d1afaa', 'sha256': 'd71859e30d277af9674b12502ea408b9a6a080db15b817225ef1ab7fb5a5b53c'}, 'dob': {'date': '1975-02-18T07:32:12.153Z', 'age': 49}, 'registered': {'date': '2006-09-05T14:58:46.740Z', 'age': 17}, 'phone': '041-219-1863', 'cell': '081-141-6702', 'id': {'name': 'PPS', 'value': '6356465T'}, 'picture': {'large': 'https://randomuser.me/api/portraits/men/20.jpg', 'medium': 'https://randomuser.me/api/portraits/med/men/20.jpg', 'thumbnail': 'https://randomuser.me/api/portraits/thumb/men/20.jpg'}, 'nat': 'IE'}</msg>
<arg>${json_data['results'][0]}</arg>
<doc>Logs the given message with the given level.</doc>
<status status="PASS" start="2024-04-07T20:13:24.746209" elapsed="0.000415"/>
</kw>
<kw name="Log" owner="BuiltIn">
<msg time="2024-04-07T20:13:24.747062" level="INFO">login</msg>
<arg>${key}</arg>
<doc>Logs the given message with the given level.</doc>
<status status="PASS" start="2024-04-07T20:13:24.746933" elapsed="0.000268"/>
</kw>
<var name="${key}">login</var>
<status status="PASS" start="2024-04-07T20:13:24.745134" elapsed="0.002319"/>
</iter>
<var>${key}</var>
<value>@{expected_keys}</value>
<status status="PASS" start="2024-04-07T20:13:24.736291" elapsed="0.011290"/>
</for>
<kw name="Create List" owner="BuiltIn">
<msg time="2024-04-07T20:13:24.747914" level="INFO">${expected_keysTwo} = ['username', 'password']</msg>
<var>${expected_keysTwo}</var>
<arg>username</arg>
<arg>password</arg>
<doc>Returns a list containing given items.</doc>
<status status="PASS" start="2024-04-07T20:13:24.747775" elapsed="0.000163"/>
</kw>
<for flavor="IN">
<iter>
<kw name="Dictionary Should Contain Key" owner="Collections">
<msg time="2024-04-07T20:13:24.748873" level="INFO">False</msg>
<arg>${json_data['results'][0]['login']}</arg>
<arg>${keyTwo}</arg>
<doc>Fails if ``key`` is not found from ``dictionary``.</doc>
<status status="PASS" start="2024-04-07T20:13:24.748488" elapsed="0.000423"/>
</kw>
<kw name="Dictionary Should Contain Key" owner="Collections">
<msg time="2024-04-07T20:13:24.749592" level="INFO">False</msg>
<arg>${json_data['results'][0]['login']}</arg>
<arg>${keyTwo}</arg>
<doc>Fails if ``key`` is not found from ``dictionary``.</doc>
<status status="PASS" start="2024-04-07T20:13:24.749214" elapsed="0.000415"/>
</kw>
<kw name="Log" owner="BuiltIn">
<msg time="2024-04-07T20:13:24.750055" level="INFO">username</msg>
<arg>${keyTwo}</arg>
<doc>Logs the given message with the given level.</doc>
<status status="PASS" start="2024-04-07T20:13:24.749926" elapsed="0.000165"/>
</kw>
<var name="${keyTwo}">username</var>
<status status="PASS" start="2024-04-07T20:13:24.748364" elapsed="0.001943"/>
</iter>
<iter>
<kw name="Dictionary Should Contain Key" owner="Collections">
<msg time="2024-04-07T20:13:24.750971" level="INFO">False</msg>
<arg>${json_data['results'][0]['login']}</arg>
<arg>${keyTwo}</arg>
<doc>Fails if ``key`` is not found from ``dictionary``.</doc>
<status status="PASS" start="2024-04-07T20:13:24.750590" elapsed="0.000417"/>
</kw>
<kw name="Dictionary Should Contain Key" owner="Collections">
<msg time="2024-04-07T20:13:24.751674" level="INFO">False</msg>
<arg>${json_data['results'][0]['login']}</arg>
<arg>${keyTwo}</arg>
<doc>Fails if ``key`` is not found from ``dictionary``.</doc>
<status status="PASS" start="2024-04-07T20:13:24.751300" elapsed="0.000411"/>
</kw>
<kw name="Log" owner="BuiltIn">
<msg time="2024-04-07T20:13:24.752129" level="INFO">password</msg>
<arg>${keyTwo}</arg>
<doc>Logs the given message with the given level.</doc>
<status status="PASS" start="2024-04-07T20:13:24.752002" elapsed="0.000166"/>
</kw>
<var name="${keyTwo}">password</var>
<status status="PASS" start="2024-04-07T20:13:24.750480" elapsed="0.001945"/>
</iter>
<var>${keyTwo}</var>
<value>@{expected_keysTwo}</value>
<status status="PASS" start="2024-04-07T20:13:24.748177" elapsed="0.004373"/>
</for>
<status status="PASS" start="2024-04-07T20:13:24.618181" elapsed="0.134512"/>
</kw>
<doc>Testa a estrutura da resposta da API.</doc>
<tag>testeEstruturaResposta</tag>
<status status="PASS" start="2024-04-07T20:13:24.617566" elapsed="0.135282"/>
</test>
<test id="s1-s1-t4" name="Validar tipos de dados" line="28">
<kw name="Teste de Tipos de Dados" owner="random-user-service">
<kw name="GET On Session" owner="RequestsLibrary">
<msg time="2024-04-07T20:13:24.868175" level="INFO">GET Request : url=https://randomuser.me/api 
 path_url=/api 
 headers={'User-Agent': 'python-requests/2.31.0', 'Accept-Encoding': 'gzip, deflate', 'Accept': '*/*', 'Connection': 'keep-alive'} 
 body=None 
 </msg>
<msg time="2024-04-07T20:13:24.868254" level="INFO">GET Response : url=https://randomuser.me/api 
 status=200, reason=OK 
 headers={'Date': 'Sun, 07 Apr 2024 20:13:24 GMT', 'Content-Type': 'application/json; charset=utf-8', 'Transfer-Encoding': 'chunked', 'Connection': 'keep-alive', 'X-Powered-By': 'Express', 'Access-Control-Allow-Origin': '*', 'Cache-Control': 'no-cache', 'ETag': 'W/"48e-qxfONe0HClVGTxD1Wu3LbDejyVg"', 'Vary': 'Accept-Encoding', 'Content-Encoding': 'gzip', 'CF-Cache-Status': 'DYNAMIC', 'Report-To': '{"endpoints":[{"url":"https:\\/\\/a.nel.cloudflare.com\\/report\\/v4?s=Oycpc7uT0pTZ3WdKapFzndHXIVBoUwxjNOUjSa3zNDAoxsQP%2B7sNrmCTR0S1BfA8oprEtJXD9vz5%2BFbT82i6BIwfrE799rgjUWriBVT3k5UJC4Bg8FR2yDVZYfhmbAGm"}],"group":"cf-nel","max_age":604800}', 'NEL': '{"success_fraction":0,"report_to":"cf-nel","max_age":604800}', 'Server': 'cloudflare', 'CF-RAY': '870cad95cc2f7bc8-LAX', 'alt-svc': 'h3=":443"; ma=86400'} 
 body={"results":[{"gender":"female","name":{"title":"Miss","first":"آنیتا","last":"كامياران"},"location":{"street":{"number":9410,"name":"میدان سلماس"},"city":"قم","state":"بوشهر","country":"Iran","postcode":97599,"coordinates":{"latitude":"16.5782","longitude":"19.5477"},"timezone":{"offset":"+6:00","description":"Almaty, Dhaka, Colombo"}},"email":"anyt.kmyrn@example.com","login":{"uuid":"082cfbb3-f483-4609-bdc9-12cf11b0e9c8","username":"organicbutterfly267","password":"sf49ers","salt":"rImAdJpY","md5":"45a2ef78a6ae9a1fd67efbd0dd2409da","sha1":"022cd41c5c996672056f5ae2fe6cba507dd225b4","sha256":"1046ba984a2eb3bb3883d2e33266ccd7d40d40f490240a4ef05f4c772471ff00"},"dob":{"date":"1989-06-05T09:48:48.456Z","age":34},"registered":{"date":"2021-05-29T22:27:55.168Z","age":2},"phone":"017-09575398","cell":"0992-616-1362","id":{"name":"","value":null},"picture":{"large":"https://randomuser.me/api/portraits/women/7.jpg","medium":"https://randomuser.me/api/portraits/med/women/7.jpg","thumbnail":"https://randomuser.me/api/portraits/thumb/women/7.jpg"},"nat":"IR"}],"info":{"seed":"f9956255fb6a8221","results":1,"page":1,"version":"1.4"}} 
 </msg>
<msg time="2024-04-07T20:13:24.868363" level="INFO">/opt/hostedtoolcache/Python/3.12.2/x64/lib/python3.12/site-packages/urllib3/connectionpool.py:1103: InsecureRequestWarning: Unverified HTTPS request is being made to host 'randomuser.me'. Adding certificate verification is strongly advised. See: https://urllib3.readthedocs.io/en/latest/advanced-usage.html#tls-warnings
  warnings.warn(</msg>
<msg time="2024-04-07T20:13:24.868476" level="INFO">${response} = &lt;Response [200]&gt;</msg>
<var>${response}</var>
<arg>consultarAPI</arg>
<arg>/api</arg>
<doc>Sends a GET request on a previously created HTTP Session.</doc>
<status status="PASS" start="2024-04-07T20:13:24.755246" elapsed="0.113265"/>
</kw>
<kw name="Set Variable" owner="BuiltIn">
<msg time="2024-04-07T20:13:24.869335" level="INFO">${json_data} = {'results': [{'gender': 'female', 'name': {'title': 'Miss', 'first': 'آنیتا', 'last': 'كامياران'}, 'location': {'street': {'number': 9410, 'name': 'میدان سلماس'}, 'city': 'قم', 'state': 'بوشهر', 'coun...</msg>
<var>${json_data}</var>
<arg>${response.json()}</arg>
<doc>Returns the given values which can then be assigned to a variables.</doc>
<status status="PASS" start="2024-04-07T20:13:24.868885" elapsed="0.000481"/>
</kw>
<kw name="Log" owner="BuiltIn">
<msg time="2024-04-07T20:13:24.869833" level="INFO">{'results': [{'gender': 'female', 'name': {'title': 'Miss', 'first': 'آنیتا', 'last': 'كامياران'}, 'location': {'street': {'number': 9410, 'name': 'میدان سلماس'}, 'city': 'قم', 'state': 'بوشهر', 'country': 'Iran', 'postcode': 97599, 'coordinates': {'latitude': '16.5782', 'longitude': '19.5477'}, 'timezone': {'offset': '+6:00', 'description': 'Almaty, Dhaka, Colombo'}}, 'email': 'anyt.kmyrn@example.com', 'login': {'uuid': '082cfbb3-f483-4609-bdc9-12cf11b0e9c8', 'username': 'organicbutterfly267', 'password': 'sf49ers', 'salt': 'rImAdJpY', 'md5': '45a2ef78a6ae9a1fd67efbd0dd2409da', 'sha1': '022cd41c5c996672056f5ae2fe6cba507dd225b4', 'sha256': '1046ba984a2eb3bb3883d2e33266ccd7d40d40f490240a4ef05f4c772471ff00'}, 'dob': {'date': '1989-06-05T09:48:48.456Z', 'age': 34}, 'registered': {'date': '2021-05-29T22:27:55.168Z', 'age': 2}, 'phone': '017-09575398', 'cell': '0992-616-1362', 'id': {'name': '', 'value': None}, 'picture': {'large': 'https://randomuser.me/api/portraits/women/7.jpg', 'medium': 'https://randomuser.me/api/portraits/med/women/7.jpg', 'thumbnail': 'https://randomuser.me/api/portraits/thumb/women/7.jpg'}, 'nat': 'IR'}], 'info': {'seed': 'f9956255fb6a8221', 'results': 1, 'page': 1, 'version': '1.4'}}</msg>
<arg>${json_data}</arg>
<doc>Logs the given message with the given level.</doc>
<status status="PASS" start="2024-04-07T20:13:24.869675" elapsed="0.000238"/>
</kw>
<kw name="Should Be String" owner="String">
<arg>${json_data['results'][0]['gender']}</arg>
<doc>Fails if the given ``item`` is not a string.</doc>
<status status="PASS" start="2024-04-07T20:13:24.870212" elapsed="0.000364"/>
</kw>
<kw name="Should Match Regexp" owner="BuiltIn">
<arg>${json_data['results'][0]['email']}</arg>
<arg>^[a-zA-Z0-9._%+-]+@[a-zA-Z0-9.-]+\.[a-zA-Z]{2,}$</arg>
<doc>Fails if ``string`` does not match ``pattern`` as a regular expression.</doc>
<status status="PASS" start="2024-04-07T20:13:24.870769" elapsed="0.000529"/>
</kw>
<kw name="Should Match Regexp" owner="BuiltIn">
<arg>${json_data['results'][0]['dob']['date']}</arg>
<arg>\\d{4}-\\d{2}-\\d{2}T\\d{2}:\\d{2}:\\d{2}\\.\\d{3}Z</arg>
<doc>Fails if ``string`` does not match ``pattern`` as a regular expression.</doc>
<status status="PASS" start="2024-04-07T20:13:24.871496" elapsed="0.000484"/>
</kw>
<kw name="Should Match Regexp" owner="BuiltIn">
<arg>${json_data['results'][0]['registered']['date']}</arg>
<arg>\\d{4}-\\d{2}-\\d{2}T\\d{2}:\\d{2}:\\d{2}\\.\\d{3}Z</arg>
<doc>Fails if ``string`` does not match ``pattern`` as a regular expression.</doc>
<status status="PASS" start="2024-04-07T20:13:24.872171" elapsed="0.000412"/>
</kw>
<kw name="Should Match Regexp" owner="BuiltIn">
<arg>${json_data['results'][0]['picture']['large']}</arg>
<arg>^https?://.*\.(?:png|jpe?g|gif|bmp)$</arg>
<doc>Fails if ``string`` does not match ``pattern`` as a regular expression.</doc>
<status status="PASS" start="2024-04-07T20:13:24.872772" elapsed="0.000462"/>
</kw>
<kw name="Should Match Regexp" owner="BuiltIn">
<arg>${json_data['results'][0]['picture']['medium']}</arg>
<arg>^https?://.*\.(?:png|jpe?g|gif|bmp)$</arg>
<doc>Fails if ``string`` does not match ``pattern`` as a regular expression.</doc>
<status status="PASS" start="2024-04-07T20:13:24.873427" elapsed="0.000352"/>
</kw>
<kw name="Should Match Regexp" owner="BuiltIn">
<arg>${json_data['results'][0]['picture']['thumbnail']}</arg>
<arg>^https?://.*\.(?:png|jpe?g|gif|bmp)$</arg>
<doc>Fails if ``string`` does not match ``pattern`` as a regular expression.</doc>
<status status="PASS" start="2024-04-07T20:13:24.873964" elapsed="0.000344"/>
</kw>
<kw name="Log" owner="BuiltIn">
<msg time="2024-04-07T20:13:24.874815" level="INFO">{'large': 'https://randomuser.me/api/portraits/women/7.jpg', 'medium': 'https://randomuser.me/api/portraits/med/women/7.jpg', 'thumbnail': 'https://randomuser.me/api/portraits/thumb/women/7.jpg'}</msg>
<arg>${json_data['results'][0]['picture']}</arg>
<doc>Logs the given message with the given level.</doc>
<status status="PASS" start="2024-04-07T20:13:24.874487" elapsed="0.000369"/>
</kw>
<status status="PASS" start="2024-04-07T20:13:24.755006" elapsed="0.120101"/>
</kw>
<kw name="Teste de Tipos de Dados - Postcode" owner="random-user-service">
<kw name="GET On Session" owner="RequestsLibrary">
<msg time="2024-04-07T20:13:24.973892" level="INFO">GET Request : url=https://randomuser.me/api 
 path_url=/api 
 headers={'User-Agent': 'python-requests/2.31.0', 'Accept-Encoding': 'gzip, deflate', 'Accept': '*/*', 'Connection': 'keep-alive'} 
 body=None 
 </msg>
<msg time="2024-04-07T20:13:24.973958" level="INFO">GET Response : url=https://randomuser.me/api 
 status=200, reason=OK 
 headers={'Date': 'Sun, 07 Apr 2024 20:13:24 GMT', 'Content-Type': 'application/json; charset=utf-8', 'Transfer-Encoding': 'chunked', 'Connection': 'keep-alive', 'X-Powered-By': 'Express', 'Access-Control-Allow-Origin': '*', 'Cache-Control': 'no-cache', 'ETag': 'W/"499-74YKoxtruw8Amb4oGZX9M7RLYQQ"', 'Vary': 'Accept-Encoding', 'Content-Encoding': 'gzip', 'CF-Cache-Status': 'DYNAMIC', 'Report-To': '{"endpoints":[{"url":"https:\\/\\/a.nel.cloudflare.com\\/report\\/v4?s=cFEeV9kpw3OuWg5i94lh0j16hpF7d7kDkYODltNA32%2Bg3aq4wRZaTffH9NoFmDzCw6iNpprmHwkErMztoHVsFykvtnj81e39xJLnMhVmtRvVf1nYPKphLMK3NW4BMPnu"}],"group":"cf-nel","max_age":604800}', 'NEL': '{"success_fraction":0,"report_to":"cf-nel","max_age":604800}', 'Server': 'cloudflare', 'CF-RAY': '870cad968cf57bc8-LAX', 'alt-svc': 'h3=":443"; ma=86400'} 
 body={"results":[{"gender":"male","name":{"title":"Mr","first":"Ratko","last":"Spasojević"},"location":{"street":{"number":5288,"name":"Bradaška"},"city":"Kovačica","state":"South Banat","country":"Serbia","postcode":93987,"coordinates":{"latitude":"57.4974","longitude":"-30.7351"},"timezone":{"offset":"-5:00","description":"Eastern Time (US &amp; Canada), Bogota, Lima"}},"email":"ratko.spasojevic@example.com","login":{"uuid":"bb4815ce-a0cd-4997-900b-ff3f7df717e1","username":"beautifulpanda973","password":"212121","salt":"McWYKMDM","md5":"b3fedb40f869dea98323dd9fdc8b9a51","sha1":"b88974e0c6acee67c1b64e134669e66375df2db2","sha256":"a3f815d751ace61276d257abde365ecfe1031132233615c9d2c825deac7f768d"},"dob":{"date":"1999-01-31T20:38:01.068Z","age":25},"registered":{"date":"2006-05-13T21:44:36.013Z","age":17},"phone":"028-9414-904","cell":"061-0611-026","id":{"name":"SID","value":"587265563"},"picture":{"large":"https://randomuser.me/api/portraits/men/94.jpg","medium":"https://randomuser.me/api/portraits/med/men/94.jpg","thumbnail":"https://randomuser.me/api/portraits/thumb/men/94.jpg"},"nat":"RS"}],"info":{"seed":"0e338bb0fb008141","results":1,"page":1,"version":"1.4"}} 
 </msg>
<msg time="2024-04-07T20:13:24.974033" level="INFO">/opt/hostedtoolcache/Python/3.12.2/x64/lib/python3.12/site-packages/urllib3/connectionpool.py:1103: InsecureRequestWarning: Unverified HTTPS request is being made to host 'randomuser.me'. Adding certificate verification is strongly advised. See: https://urllib3.readthedocs.io/en/latest/advanced-usage.html#tls-warnings
  warnings.warn(</msg>
<msg time="2024-04-07T20:13:24.974126" level="INFO">${response} = &lt;Response [200]&gt;</msg>
<var>${response}</var>
<arg>consultarAPI</arg>
<arg>/api</arg>
<doc>Sends a GET request on a previously created HTTP Session.</doc>
<status status="PASS" start="2024-04-07T20:13:24.875670" elapsed="0.098493"/>
</kw>
<kw name="Set Variable" owner="BuiltIn">
<msg time="2024-04-07T20:13:24.974976" level="INFO">${json_data} = {'results': [{'gender': 'male', 'name': {'title': 'Mr', 'first': 'Ratko', 'last': 'Spasojević'}, 'location': {'street': {'number': 5288, 'name': 'Bradaška'}, 'city': 'Kovačica', 'state': 'South Banat'...</msg>
<var>${json_data}</var>
<arg>${response.json()}</arg>
<doc>Returns the given values which can then be assigned to a variables.</doc>
<status status="PASS" start="2024-04-07T20:13:24.974528" elapsed="0.000478"/>
</kw>
<kw name="Log" owner="BuiltIn">
<msg time="2024-04-07T20:13:24.975468" level="INFO">{'results': [{'gender': 'male', 'name': {'title': 'Mr', 'first': 'Ratko', 'last': 'Spasojević'}, 'location': {'street': {'number': 5288, 'name': 'Bradaška'}, 'city': 'Kovačica', 'state': 'South Banat', 'country': 'Serbia', 'postcode': 93987, 'coordinates': {'latitude': '57.4974', 'longitude': '-30.7351'}, 'timezone': {'offset': '-5:00', 'description': 'Eastern Time (US &amp; Canada), Bogota, Lima'}}, 'email': 'ratko.spasojevic@example.com', 'login': {'uuid': 'bb4815ce-a0cd-4997-900b-ff3f7df717e1', 'username': 'beautifulpanda973', 'password': '212121', 'salt': 'McWYKMDM', 'md5': 'b3fedb40f869dea98323dd9fdc8b9a51', 'sha1': 'b88974e0c6acee67c1b64e134669e66375df2db2', 'sha256': 'a3f815d751ace61276d257abde365ecfe1031132233615c9d2c825deac7f768d'}, 'dob': {'date': '1999-01-31T20:38:01.068Z', 'age': 25}, 'registered': {'date': '2006-05-13T21:44:36.013Z', 'age': 17}, 'phone': '028-9414-904', 'cell': '061-0611-026', 'id': {'name': 'SID', 'value': '587265563'}, 'picture': {'large': 'https://randomuser.me/api/portraits/men/94.jpg', 'medium': 'https://randomuser.me/api/portraits/med/men/94.jpg', 'thumbnail': 'https://randomuser.me/api/portraits/thumb/men/94.jpg'}, 'nat': 'RS'}], 'info': {'seed': '0e338bb0fb008141', 'results': 1, 'page': 1, 'version': '1.4'}}</msg>
<arg>${json_data}</arg>
<doc>Logs the given message with the given level.</doc>
<status status="PASS" start="2024-04-07T20:13:24.975312" elapsed="0.000239"/>
</kw>
<kw name="Should Be Equal As Numbers" owner="BuiltIn">
<arg>${json_data['results'][0]['location']['postcode']}</arg>
<arg>${json_data['results'][0]['location']['postcode']}</arg>
<doc>Fails if objects are unequal after converting them to real numbers.</doc>
<status status="PASS" start="2024-04-07T20:13:24.975856" elapsed="0.000671"/>
</kw>
<kw name="Log" owner="BuiltIn">
<msg time="2024-04-07T20:13:24.977054" level="INFO">93987</msg>
<arg>${json_data['results'][0]['location']['postcode']}</arg>
<doc>Logs the given message with the given level.</doc>
<status status="PASS" start="2024-04-07T20:13:24.976721" elapsed="0.000374"/>
</kw>
<status status="PASS" start="2024-04-07T20:13:24.875323" elapsed="0.102026"/>
</kw>
<doc>Testa se os tipos de dados na resposta da API estão corretos.</doc>
<tag>testeTiposDados</tag>
<status status="PASS" start="2024-04-07T20:13:24.754563" elapsed="0.222949"/>
</test>
<test id="s1-s1-t5" name="Validar conteudo" line="35">
<kw name="Teste de Tipos de Conteudo" owner="random-user-service">
<kw name="GET On Session" owner="RequestsLibrary">
<msg time="2024-04-07T20:13:25.080371" level="INFO">GET Request : url=https://randomuser.me/api 
 path_url=/api 
 headers={'User-Agent': 'python-requests/2.31.0', 'Accept-Encoding': 'gzip, deflate', 'Accept': '*/*', 'Connection': 'keep-alive'} 
 body=None 
 </msg>
<msg time="2024-04-07T20:13:25.080448" level="INFO">GET Response : url=https://randomuser.me/api 
 status=200, reason=OK 
 headers={'Date': 'Sun, 07 Apr 2024 20:13:25 GMT', 'Content-Type': 'application/json; charset=utf-8', 'Transfer-Encoding': 'chunked', 'Connection': 'keep-alive', 'X-Powered-By': 'Express', 'Access-Control-Allow-Origin': '*', 'Cache-Control': 'no-cache', 'ETag': 'W/"486-vdJojOLoV2Uua3pus9PjYop/j6M"', 'Vary': 'Accept-Encoding', 'Content-Encoding': 'gzip', 'CF-Cache-Status': 'DYNAMIC', 'Report-To': '{"endpoints":[{"url":"https:\\/\\/a.nel.cloudflare.com\\/report\\/v4?s=eQvw3en8Liht0UPmub3XYD2l5L8Hz%2Bei9yUYh%2F%2BUEp1r59kzVC%2BgqM7%2BlCP11WVPVai%2BI%2FNkBCljGs5GkEy299CH%2Fj95zXQH89jV%2BlgNTEun8vc9rGDu9dBU4MpowjD9"}],"group":"cf-nel","max_age":604800}', 'NEL': '{"success_fraction":0,"report_to":"cf-nel","max_age":604800}', 'Server': 'cloudflare', 'CF-RAY': '870cad972dab7bc8-LAX', 'alt-svc': 'h3=":443"; ma=86400'} 
 body={"results":[{"gender":"male","name":{"title":"Mr","first":"Henry","last":"Kelley"},"location":{"street":{"number":7729,"name":"Hunters Creek Dr"},"city":"Bowral","state":"Northern Territory","country":"Australia","postcode":7373,"coordinates":{"latitude":"-81.5880","longitude":"-106.0220"},"timezone":{"offset":"-12:00","description":"Eniwetok, Kwajalein"}},"email":"henry.kelley@example.com","login":{"uuid":"670c6258-b941-4c72-8f26-8af2f45cfa30","username":"bluekoala573","password":"yankees","salt":"RKqhVChd","md5":"d18d358ed1e38d2a8280f2ae6af943c1","sha1":"ff67d10283c65ce6e03cf7c7989204ebee282e56","sha256":"7b1ac115cc34df5b06a8e91197be893dab4cdb7cecd20f0558a7663e92321d6b"},"dob":{"date":"1980-04-09T22:29:58.135Z","age":43},"registered":{"date":"2022-04-30T14:03:52.253Z","age":1},"phone":"09-3379-6103","cell":"0449-736-141","id":{"name":"TFN","value":"184739408"},"picture":{"large":"https://randomuser.me/api/portraits/men/17.jpg","medium":"https://randomuser.me/api/portraits/med/men/17.jpg","thumbnail":"https://randomuser.me/api/portraits/thumb/men/17.jpg"},"nat":"AU"}],"info":{"seed":"36426160c86280ac","results":1,"page":1,"version":"1.4"}} 
 </msg>
<msg time="2024-04-07T20:13:25.080523" level="INFO">/opt/hostedtoolcache/Python/3.12.2/x64/lib/python3.12/site-packages/urllib3/connectionpool.py:1103: InsecureRequestWarning: Unverified HTTPS request is being made to host 'randomuser.me'. Adding certificate verification is strongly advised. See: https://urllib3.readthedocs.io/en/latest/advanced-usage.html#tls-warnings
  warnings.warn(</msg>
<msg time="2024-04-07T20:13:25.080659" level="INFO">${response} = &lt;Response [200]&gt;</msg>
<var>${response}</var>
<arg>consultarAPI</arg>
<arg>/api</arg>
<doc>Sends a GET request on a previously created HTTP Session.</doc>
<status status="PASS" start="2024-04-07T20:13:24.979848" elapsed="0.100856"/>
</kw>
<kw name="Set Variable" owner="BuiltIn">
<msg time="2024-04-07T20:13:25.081723" level="INFO">${json_data} = {'results': [{'gender': 'male', 'name': {'title': 'Mr', 'first': 'Henry', 'last': 'Kelley'}, 'location': {'street': {'number': 7729, 'name': 'Hunters Creek Dr'}, 'city': 'Bowral', 'state': 'Northern T...</msg>
<var>${json_data}</var>
<arg>${response.json()}</arg>
<doc>Returns the given values which can then be assigned to a variables.</doc>
<status status="PASS" start="2024-04-07T20:13:25.081173" elapsed="0.000578"/>
</kw>
<kw name="Set Variable" owner="BuiltIn">
<msg time="2024-04-07T20:13:25.082447" level="INFO">${name_title} = Mr</msg>
<var>${name_title}</var>
<arg>${json_data["results"][0]["name"]["title"]}</arg>
<doc>Returns the given values which can then be assigned to a variables.</doc>
<status status="PASS" start="2024-04-07T20:13:25.082059" elapsed="0.000413"/>
</kw>
<kw name="Create List" owner="BuiltIn">
<msg time="2024-04-07T20:13:25.082921" level="INFO">${allowed_titles} = ['Mr', 'Ms', 'Miss', 'Mrs', 'Madame', 'Monsieur']</msg>
<var>${allowed_titles}</var>
<arg>Mr</arg>
<arg>Ms</arg>
<arg>Miss</arg>
<arg>Mrs</arg>
<arg>Madame</arg>
<arg>Monsieur</arg>
<doc>Returns a list containing given items.</doc>
<status status="PASS" start="2024-04-07T20:13:25.082771" elapsed="0.000174"/>
</kw>
<kw name="List Should Contain Value" owner="Collections">
<msg time="2024-04-07T20:13:25.083424" level="INFO">False</msg>
<arg>${allowed_titles}</arg>
<arg>${name_title}</arg>
<doc>Fails if the ``value`` is not found from ``list``.</doc>
<status status="PASS" start="2024-04-07T20:13:25.083252" elapsed="0.000209"/>
</kw>
<kw name="Set Variable" owner="BuiltIn">
<msg time="2024-04-07T20:13:25.084123" level="INFO">${name_country} = AU</msg>
<var>${name_country}</var>
<arg>${json_data["results"][0]["nat"]}</arg>
<doc>Returns the given values which can then be assigned to a variables.</doc>
<status status="PASS" start="2024-04-07T20:13:25.083752" elapsed="0.000396"/>
</kw>
<kw name="Create List" owner="BuiltIn">
<msg time="2024-04-07T20:13:25.085096" level="INFO">${list_country} = ['AD', 'AE', 'AF', 'AG', 'AI', 'AL', 'AM', 'AO', 'AQ', 'AR', 'AS', 'AT', 'AU', 'AW', 'AX', 'AZ', 'BA', 'BB', 'BD', 'BE', 'BF', 'BG', 'BH', 'BI', 'BJ', 'BL', 'BM', 'BN', 'BO', 'BQ', 'BR', 'BS', 'BT', '...</msg>
<var>${list_country}</var>
<arg>AD</arg>
<arg>AE</arg>
<arg>AF</arg>
<arg>AG</arg>
<arg>AI</arg>
<arg>AL</arg>
<arg>AM</arg>
<arg>AO</arg>
<arg>AQ</arg>
<arg>AR</arg>
<arg>AS</arg>
<arg>AT</arg>
<arg>AU</arg>
<arg>AW</arg>
<arg>AX</arg>
<arg>AZ</arg>
<arg>BA</arg>
<arg>BB</arg>
<arg>BD</arg>
<arg>BE</arg>
<arg>BF</arg>
<arg>BG</arg>
<arg>BH</arg>
<arg>BI</arg>
<arg>BJ</arg>
<arg>BL</arg>
<arg>BM</arg>
<arg>BN</arg>
<arg>BO</arg>
<arg>BQ</arg>
<arg>BR</arg>
<arg>BS</arg>
<arg>BT</arg>
<arg>BV</arg>
<arg>BW</arg>
<arg>BY</arg>
<arg>BZ</arg>
<arg>CA</arg>
<arg>CC</arg>
<arg>CD</arg>
<arg>CF</arg>
<arg>CG</arg>
<arg>CH</arg>
<arg>CI</arg>
<arg>CK</arg>
<arg>CL</arg>
<arg>CM</arg>
<arg>CN</arg>
<arg>CO</arg>
<arg>CR</arg>
<arg>CU</arg>
<arg>CV</arg>
<arg>CW</arg>
<arg>CX</arg>
<arg>CY</arg>
<arg>CZ</arg>
<arg>DE</arg>
<arg>DJ</arg>
<arg>DK</arg>
<arg>DM</arg>
<arg>DO</arg>
<arg>DZ</arg>
<arg>EC</arg>
<arg>EE</arg>
<arg>EG</arg>
<arg>EH</arg>
<arg>ER</arg>
<arg>ES</arg>
<arg>ET</arg>
<arg>FI</arg>
<arg>FJ</arg>
<arg>FK</arg>
<arg>FM</arg>
<arg>FO</arg>
<arg>FR</arg>
<arg>GA</arg>
<arg>GB</arg>
<arg>GD</arg>
<arg>GE</arg>
<arg>GF</arg>
<arg>GG</arg>
<arg>GH</arg>
<arg>GI</arg>
<arg>GL</arg>
<arg>GM</arg>
<arg>GN</arg>
<arg>GP</arg>
<arg>GQ</arg>
<arg>GR</arg>
<arg>GS</arg>
<arg>GT</arg>
<arg>GU</arg>
<arg>GW</arg>
<arg>GY</arg>
<arg>HK</arg>
<arg>HM</arg>
<arg>HN</arg>
<arg>HR</arg>
<arg>HT</arg>
<arg>HU</arg>
<arg>ID</arg>
<arg>IE</arg>
<arg>IL</arg>
<arg>IM</arg>
<arg>IN</arg>
<arg>IO</arg>
<arg>IQ</arg>
<arg>IR</arg>
<arg>IS</arg>
<arg>IT</arg>
<arg>JE</arg>
<arg>JM</arg>
<arg>JO</arg>
<arg>JP</arg>
<arg>KE</arg>
<arg>KG</arg>
<arg>KH</arg>
<arg>KI</arg>
<arg>KM</arg>
<arg>KN</arg>
<arg>KP</arg>
<arg>KR</arg>
<arg>KW</arg>
<arg>KY</arg>
<arg>KZ</arg>
<arg>LA</arg>
<arg>LB</arg>
<arg>LC</arg>
<arg>LI</arg>
<arg>LK</arg>
<arg>LR</arg>
<arg>LS</arg>
<arg>LT</arg>
<arg>LU</arg>
<arg>LV</arg>
<arg>LY</arg>
<arg>MA</arg>
<arg>MC</arg>
<arg>MD</arg>
<arg>ME</arg>
<arg>MF</arg>
<arg>MG</arg>
<arg>MH</arg>
<arg>MK</arg>
<arg>ML</arg>
<arg>MM</arg>
<arg>MN</arg>
<arg>MO</arg>
<arg>MP</arg>
<arg>MQ</arg>
<arg>MR</arg>
<arg>MS</arg>
<arg>MT</arg>
<arg>MU</arg>
<arg>MV</arg>
<arg>MW</arg>
<arg>MX</arg>
<arg>MY</arg>
<arg>MZ</arg>
<arg>NA</arg>
<arg>NC</arg>
<arg>NE</arg>
<arg>NF</arg>
<arg>NG</arg>
<arg>NI</arg>
<arg>NL</arg>
<arg>NO</arg>
<arg>NP</arg>
<arg>NR</arg>
<arg>NU</arg>
<arg>NZ</arg>
<arg>OM</arg>
<arg>PA</arg>
<arg>PE</arg>
<arg>PF</arg>
<arg>PG</arg>
<arg>PH</arg>
<arg>PK</arg>
<arg>PL</arg>
<arg>PM</arg>
<arg>PN</arg>
<arg>PR</arg>
<arg>PS</arg>
<arg>PT</arg>
<arg>PW</arg>
<arg>PY</arg>
<arg>QA</arg>
<arg>RE</arg>
<arg>RO</arg>
<arg>RS</arg>
<arg>RU</arg>
<arg>RW</arg>
<arg>SA</arg>
<arg>SB</arg>
<arg>SC</arg>
<arg>SD</arg>
<arg>SE</arg>
<arg>SG</arg>
<arg>SH</arg>
<arg>SI</arg>
<arg>SJ</arg>
<arg>SK</arg>
<arg>SL</arg>
<arg>SM</arg>
<arg>SN</arg>
<arg>SO</arg>
<arg>SR</arg>
<arg>SS</arg>
<arg>ST</arg>
<arg>SV</arg>
<arg>SX</arg>
<arg>SY</arg>
<arg>SZ</arg>
<arg>TC</arg>
<arg>TD</arg>
<arg>TF</arg>
<arg>TG</arg>
<arg>TH</arg>
<arg>TJ</arg>
<arg>TK</arg>
<arg>TL</arg>
<arg>TM</arg>
<arg>TN</arg>
<arg>TO</arg>
<arg>TR</arg>
<arg>TT</arg>
<arg>TV</arg>
<arg>TW</arg>
<arg>TZ</arg>
<arg>UA</arg>
<arg>UG</arg>
<arg>UM</arg>
<arg>US</arg>
<arg>UY</arg>
<arg>UZ</arg>
<arg>VA</arg>
<arg>VC</arg>
<arg>VE</arg>
<arg>VG</arg>
<arg>VI</arg>
<arg>VN</arg>
<arg>VU</arg>
<arg>WF</arg>
<arg>WS</arg>
<arg>XK</arg>
<arg>YE</arg>
<arg>YT</arg>
<arg>ZA</arg>
<arg>ZM</arg>
<arg>ZW</arg>
<doc>Returns a list containing given items.</doc>
<status status="PASS" start="2024-04-07T20:13:25.084492" elapsed="0.000630"/>
</kw>
<kw name="List Should Contain Value" owner="Collections">
<msg time="2024-04-07T20:13:25.086219" level="INFO">False</msg>
<arg>${list_country}</arg>
<arg>${name_country}</arg>
<doc>Fails if the ``value`` is not found from ``list``.</doc>
<status status="PASS" start="2024-04-07T20:13:25.086016" elapsed="0.000240"/>
</kw>
<kw name="Run Keyword If" owner="BuiltIn">
<kw name="Should Be True" owner="BuiltIn">
<arg>${True}</arg>
<doc>Fails if the given condition is not true.</doc>
<status status="PASS" start="2024-04-07T20:13:25.087337" elapsed="0.000146"/>
</kw>
<arg>${json_data["results"][0]["location"]["coordinates"]["latitude"]} &gt;= -90 and ${json_data["results"][0]["location"]["coordinates"]["latitude"]} &lt;= 90</arg>
<arg>Should Be True</arg>
<arg>${True}</arg>
<doc>Runs the given keyword with the given arguments, if ``condition`` is true.</doc>
<status status="PASS" start="2024-04-07T20:13:25.086569" elapsed="0.001043"/>
</kw>
<kw name="Run Keyword If" owner="BuiltIn">
<kw name="Should Be True" owner="BuiltIn">
<arg>${True}</arg>
<doc>Fails if the given condition is not true.</doc>
<status status="PASS" start="2024-04-07T20:13:25.088526" elapsed="0.000141"/>
</kw>
<arg>${json_data["results"][0]["location"]["coordinates"]["longitude"]} &gt;= -180 and ${json_data["results"][0]["location"]["coordinates"]["longitude"]} &lt;= 180</arg>
<arg>Should Be True</arg>
<arg>${True}</arg>
<doc>Runs the given keyword with the given arguments, if ``condition`` is true.</doc>
<status status="PASS" start="2024-04-07T20:13:25.087796" elapsed="0.000997"/>
</kw>
<status status="PASS" start="2024-04-07T20:13:24.979626" elapsed="0.109296"/>
</kw>
<doc>Testa o conteúdo específico dos campos retornados pela API.</doc>
<tag>testeConteudo</tag>
<status status="PASS" start="2024-04-07T20:13:24.979221" elapsed="0.109847"/>
</test>
<status status="PASS" start="2024-04-07T20:13:24.025779" elapsed="1.065224"/>
</suite>
<status status="PASS" start="2024-04-07T20:13:24.012107" elapsed="1.084238"/>
</suite>
<statistics>
<total>
<stat pass="5" fail="0" skip="0">All Tests</stat>
</total>
<tag>
<stat pass="1" fail="0" skip="0">testeConteudo</stat>
<stat pass="1" fail="0" skip="0">testeEstruturaResposta</stat>
<stat pass="1" fail="0" skip="0">testeRequisicaoBasica</stat>
<stat pass="1" fail="0" skip="0">testeTiposDados</stat>
</tag>
<suite>
<stat pass="5" fail="0" skip="0" id="s1" name="Tests">Tests</stat>
<stat pass="5" fail="0" skip="0" id="s1-s1" name="Random-User-Test">Tests.Random-User-Test</stat>
</suite>
</statistics>
<errors>
</errors>
</robot>
