<?xml version="1.0" encoding="UTF-8"?>
<robot generator="Robot 7.0 (Python 3.12.2 on linux)" generated="2024-03-22T22:12:43.611030" rpa="false" schemaversion="5">
<suite id="s1" name="Tests" source="/home/runner/work/DesafioQAItauRogerioJordao/DesafioQAItauRogerioJordao/RamdonUser/tests">
<suite id="s1-s1" name="Random-User-Test" source="/home/runner/work/DesafioQAItauRogerioJordao/DesafioQAItauRogerioJordao/RamdonUser/tests/random-user-test.robot">
<test id="s1-s1-t1" name="Conectar" line="13">
<kw name="Conectar API" owner="random-user-service">
<kw name="Create Session" owner="RequestsLibrary">
<msg time="2024-03-22T22:12:44.003395" level="INFO">Creating Session using : alias=consultarAPI, url=https://randomuser.me/, headers={},                     cookies={}, auth=None, timeout=None, proxies=None, verify=False,                     debug=0 </msg>
<arg>consultarAPI</arg>
<arg>${URL}</arg>
<doc>Create Session: create a HTTP session to a server</doc>
<status status="PASS" start="2024-03-22T22:12:44.003169" elapsed="0.000418"/>
</kw>
<status status="PASS" start="2024-03-22T22:12:44.002076" elapsed="0.001898"/>
</kw>
<status status="PASS" start="2024-03-22T22:12:44.001426" elapsed="0.002792"/>
</test>
<test id="s1-s1-t2" name="Validar retorno 200 e JSON Válido" line="16">
<kw name="Teste de Requisicao Basica" owner="random-user-service">
<kw name="GET On Session" owner="RequestsLibrary">
<msg time="2024-03-22T22:12:44.224271" level="INFO">GET Request : url=https://randomuser.me/api 
 path_url=/api 
 headers={'User-Agent': 'python-requests/2.31.0', 'Accept-Encoding': 'gzip, deflate', 'Accept': '*/*', 'Connection': 'keep-alive'} 
 body=None 
 </msg>
<msg time="2024-03-22T22:12:44.224423" level="INFO">GET Response : url=https://randomuser.me/api 
 status=200, reason=OK 
 headers={'Date': 'Fri, 22 Mar 2024 22:12:44 GMT', 'Content-Type': 'application/json; charset=utf-8', 'Transfer-Encoding': 'chunked', 'Connection': 'keep-alive', 'X-Powered-By': 'Express', 'Access-Control-Allow-Origin': '*', 'Cache-Control': 'no-cache', 'ETag': 'W/"47d-dIrLnU+IusMTegB++Uici+IVR6s"', 'Vary': 'Accept-Encoding', 'Content-Encoding': 'gzip', 'CF-Cache-Status': 'DYNAMIC', 'Report-To': '{"endpoints":[{"url":"https:\\/\\/a.nel.cloudflare.com\\/report\\/v4?s=YtTPELPjwwW%2Fl03EX0nWnThmErwiTbteiWXjWwYHtq%2FHsKqSrmWPJZRhNe8%2BNAoAU1yGRXdIFraw%2FGlPgAUMp5SQ%2FkmDABqU5bSUgcMPURkaBBJHW1MBzBkHSwQWkhjq"}],"group":"cf-nel","max_age":604800}', 'NEL': '{"success_fraction":0,"report_to":"cf-nel","max_age":604800}', 'Server': 'cloudflare', 'CF-RAY': '8689865feb5f6326-ORD', 'alt-svc': 'h3=":443"; ma=86400'} 
 body={"results":[{"gender":"female","name":{"title":"Ms","first":"Joelma","last":"Lima"},"location":{"street":{"number":3728,"name":"Rua Três"},"city":"Rio de Janeiro","state":"Sergipe","country":"Brazil","postcode":99985,"coordinates":{"latitude":"-76.4161","longitude":"71.1123"},"timezone":{"offset":"+4:30","description":"Kabul"}},"email":"joelma.lima@example.com","login":{"uuid":"78ca5ebe-f849-470a-9cb8-bfff3909a104","username":"orangepeacock964","password":"pressure","salt":"FqLDcNLW","md5":"7176d08acf56b3fbdf1fee37861dcd3f","sha1":"7bc4855279cf1cee1453d1494bd057f644b690d0","sha256":"eb23edee8cf2755ad15803230e4c9d0b0cb8105338f1265f5dc632ac7caab7d4"},"dob":{"date":"2001-01-27T16:12:30.592Z","age":23},"registered":{"date":"2021-12-03T22:55:24.242Z","age":2},"phone":"(50) 6600-2011","cell":"(27) 1198-1199","id":{"name":"CPF","value":"139.434.137-54"},"picture":{"large":"https://randomuser.me/api/portraits/women/22.jpg","medium":"https://randomuser.me/api/portraits/med/women/22.jpg","thumbnail":"https://randomuser.me/api/portraits/thumb/women/22.jpg"},"nat":"BR"}],"info":{"seed":"e60aec41faf239ae","results":1,"page":1,"version":"1.4"}} 
 </msg>
<msg time="2024-03-22T22:12:44.224536" level="INFO">/opt/hostedtoolcache/Python/3.12.2/x64/lib/python3.12/site-packages/urllib3/connectionpool.py:1103: InsecureRequestWarning: Unverified HTTPS request is being made to host 'randomuser.me'. Adding certificate verification is strongly advised. See: https://urllib3.readthedocs.io/en/latest/advanced-usage.html#tls-warnings
  warnings.warn(</msg>
<msg time="2024-03-22T22:12:44.224684" level="INFO">${response} = &lt;Response [200]&gt;</msg>
<var>${response}</var>
<arg>consultarAPI</arg>
<arg>/api</arg>
<doc>Sends a GET request on a previously created HTTP Session.</doc>
<status status="PASS" start="2024-03-22T22:12:44.006961" elapsed="0.217766"/>
</kw>
<kw name="Should Be Equal As Numbers" owner="BuiltIn">
<msg time="2024-03-22T22:12:44.225926" level="INFO">Argument types are:
&lt;class 'int'&gt;
&lt;class 'str'&gt;</msg>
<arg>${response.status_code}</arg>
<arg>200</arg>
<doc>Fails if objects are unequal after converting them to real numbers.</doc>
<status status="PASS" start="2024-03-22T22:12:44.225434" elapsed="0.000560"/>
</kw>
<kw name="Log" owner="BuiltIn">
<msg time="2024-03-22T22:12:44.226677" level="INFO">200</msg>
<arg>${response.status_code}</arg>
<doc>Logs the given message with the given level.</doc>
<status status="PASS" start="2024-03-22T22:12:44.226321" elapsed="0.000399"/>
</kw>
<kw name="Set Variable" owner="BuiltIn">
<msg time="2024-03-22T22:12:44.227499" level="INFO">${json_data} = {'results': [{'gender': 'female', 'name': {'title': 'Ms', 'first': 'Joelma', 'last': 'Lima'}, 'location': {'street': {'number': 3728, 'name': 'Rua Três'}, 'city': 'Rio de Janeiro', 'state': 'Sergipe',...</msg>
<var>${json_data}</var>
<arg>${response.json()}</arg>
<doc>Returns the given values which can then be assigned to a variables.</doc>
<status status="PASS" start="2024-03-22T22:12:44.227047" elapsed="0.000482"/>
</kw>
<kw name="Dictionary Should Contain Key" owner="Collections">
<msg time="2024-03-22T22:12:44.228003" level="INFO">False</msg>
<arg>${json_data}</arg>
<arg>results</arg>
<doc>Fails if ``key`` is not found from ``dictionary``.</doc>
<status status="PASS" start="2024-03-22T22:12:44.227833" elapsed="0.000211"/>
</kw>
<status status="PASS" start="2024-03-22T22:12:44.006698" elapsed="0.221650"/>
</kw>
<doc>Testa se a API responde corretamente e retorna um objeto JSON válido.</doc>
<tag>testeRequisicaoBasica</tag>
<status status="PASS" start="2024-03-22T22:12:44.006107" elapsed="0.222438"/>
</test>
<test id="s1-s1-t3" name="Validar estrutura de resposta" line="22">
<kw name="Teste de Estrutura de Resposta" owner="random-user-service">
<kw name="GET On Session" owner="RequestsLibrary">
<msg time="2024-03-22T22:12:44.320276" level="INFO">GET Request : url=https://randomuser.me/api 
 path_url=/api 
 headers={'User-Agent': 'python-requests/2.31.0', 'Accept-Encoding': 'gzip, deflate', 'Accept': '*/*', 'Connection': 'keep-alive'} 
 body=None 
 </msg>
<msg time="2024-03-22T22:12:44.320379" level="INFO">GET Response : url=https://randomuser.me/api 
 status=200, reason=OK 
 headers={'Date': 'Fri, 22 Mar 2024 22:12:44 GMT', 'Content-Type': 'application/json; charset=utf-8', 'Transfer-Encoding': 'chunked', 'Connection': 'keep-alive', 'X-Powered-By': 'Express', 'Access-Control-Allow-Origin': '*', 'Cache-Control': 'no-cache', 'ETag': 'W/"487-uYxYcJU6Gm+Auqv5macNJW+xM5A"', 'Vary': 'Accept-Encoding', 'Content-Encoding': 'gzip', 'CF-Cache-Status': 'DYNAMIC', 'Report-To': '{"endpoints":[{"url":"https:\\/\\/a.nel.cloudflare.com\\/report\\/v4?s=Ywuec1tJUgtmKOtqaEsKBMuMVcnelWxZShWQLXZE%2BixHT%2BRVf%2BpnWoxmynA0MKHvfPLaBButlSh0vJSg49W1k1IBC2rLWtyAtVbmkoryA0d6ddaDV9%2B25eya3RsX1OsT"}],"group":"cf-nel","max_age":604800}', 'NEL': '{"success_fraction":0,"report_to":"cf-nel","max_age":604800}', 'Server': 'cloudflare', 'CF-RAY': '868986606c3b6326-ORD', 'alt-svc': 'h3=":443"; ma=86400'} 
 body={"results":[{"gender":"female","name":{"title":"Mrs","first":"Helena","last":"Llamas"},"location":{"street":{"number":942,"name":"Avenida Hidalgo"},"city":"Colima","state":"Guerrero","country":"Mexico","postcode":19618,"coordinates":{"latitude":"22.0824","longitude":"104.8281"},"timezone":{"offset":"-3:30","description":"Newfoundland"}},"email":"helena.llamas@example.com","login":{"uuid":"77741126-1a2e-492c-9752-b2e3b71db893","username":"blueostrich232","password":"fandango","salt":"Ok6LiX2C","md5":"9d4b0da2295ac7624fd409ccd1ede7d0","sha1":"03e39b19345cbad9335d84a8f8c2fb2a5671f0f9","sha256":"9cc96916529fd905fd8a49e5bbf3f107c7b10b8ddb2372c68e5c701a71552449"},"dob":{"date":"1994-12-29T23:41:02.241Z","age":29},"registered":{"date":"2006-09-28T17:27:27.383Z","age":17},"phone":"(640) 875 6194","cell":"(670) 378 3783","id":{"name":"NSS","value":"00 27 26 5888 3"},"picture":{"large":"https://randomuser.me/api/portraits/women/68.jpg","medium":"https://randomuser.me/api/portraits/med/women/68.jpg","thumbnail":"https://randomuser.me/api/portraits/thumb/women/68.jpg"},"nat":"MX"}],"info":{"seed":"5221bd0cad4cb1f7","results":1,"page":1,"version":"1.4"}} 
 </msg>
<msg time="2024-03-22T22:12:44.320532" level="INFO">/opt/hostedtoolcache/Python/3.12.2/x64/lib/python3.12/site-packages/urllib3/connectionpool.py:1103: InsecureRequestWarning: Unverified HTTPS request is being made to host 'randomuser.me'. Adding certificate verification is strongly advised. See: https://urllib3.readthedocs.io/en/latest/advanced-usage.html#tls-warnings
  warnings.warn(</msg>
<msg time="2024-03-22T22:12:44.320665" level="INFO">${response} = &lt;Response [200]&gt;</msg>
<var>${response}</var>
<arg>consultarAPI</arg>
<arg>/api</arg>
<doc>Sends a GET request on a previously created HTTP Session.</doc>
<status status="PASS" start="2024-03-22T22:12:44.231429" elapsed="0.089279"/>
</kw>
<kw name="Set Variable" owner="BuiltIn">
<msg time="2024-03-22T22:12:44.321946" level="INFO">${json_data} = {'results': [{'gender': 'female', 'name': {'title': 'Mrs', 'first': 'Helena', 'last': 'Llamas'}, 'location': {'street': {'number': 942, 'name': 'Avenida Hidalgo'}, 'city': 'Colima', 'state': 'Guerrero...</msg>
<var>${json_data}</var>
<arg>${response.json()}</arg>
<doc>Returns the given values which can then be assigned to a variables.</doc>
<status status="PASS" start="2024-03-22T22:12:44.321345" elapsed="0.000630"/>
</kw>
<kw name="Log" owner="BuiltIn">
<msg time="2024-03-22T22:12:44.322444" level="INFO">{'results': [{'gender': 'female', 'name': {'title': 'Mrs', 'first': 'Helena', 'last': 'Llamas'}, 'location': {'street': {'number': 942, 'name': 'Avenida Hidalgo'}, 'city': 'Colima', 'state': 'Guerrero', 'country': 'Mexico', 'postcode': 19618, 'coordinates': {'latitude': '22.0824', 'longitude': '104.8281'}, 'timezone': {'offset': '-3:30', 'description': 'Newfoundland'}}, 'email': 'helena.llamas@example.com', 'login': {'uuid': '77741126-1a2e-492c-9752-b2e3b71db893', 'username': 'blueostrich232', 'password': 'fandango', 'salt': 'Ok6LiX2C', 'md5': '9d4b0da2295ac7624fd409ccd1ede7d0', 'sha1': '03e39b19345cbad9335d84a8f8c2fb2a5671f0f9', 'sha256': '9cc96916529fd905fd8a49e5bbf3f107c7b10b8ddb2372c68e5c701a71552449'}, 'dob': {'date': '1994-12-29T23:41:02.241Z', 'age': 29}, 'registered': {'date': '2006-09-28T17:27:27.383Z', 'age': 17}, 'phone': '(640) 875 6194', 'cell': '(670) 378 3783', 'id': {'name': 'NSS', 'value': '00 27 26 5888 3'}, 'picture': {'large': 'https://randomuser.me/api/portraits/women/68.jpg', 'medium': 'https://randomuser.me/api/portraits/med/women/68.jpg', 'thumbnail': 'https://randomuser.me/api/portraits/thumb/women/68.jpg'}, 'nat': 'MX'}], 'info': {'seed': '5221bd0cad4cb1f7', 'results': 1, 'page': 1, 'version': '1.4'}}</msg>
<arg>${json_data}</arg>
<doc>Logs the given message with the given level.</doc>
<status status="PASS" start="2024-03-22T22:12:44.322284" elapsed="0.000207"/>
</kw>
<kw name="Dictionary Should Contain Key" owner="Collections">
<msg time="2024-03-22T22:12:44.322941" level="INFO">False</msg>
<arg>${json_data}</arg>
<arg>results</arg>
<doc>Fails if ``key`` is not found from ``dictionary``.</doc>
<status status="PASS" start="2024-03-22T22:12:44.322781" elapsed="0.000196"/>
</kw>
<kw name="Should Not Be Empty" owner="BuiltIn">
<msg time="2024-03-22T22:12:44.323400" level="INFO">Length is 2.</msg>
<arg>${json_data}</arg>
<doc>Verifies that the given item is not empty.</doc>
<status status="PASS" start="2024-03-22T22:12:44.323269" elapsed="0.000169"/>
</kw>
<kw name="Create List" owner="BuiltIn">
<msg time="2024-03-22T22:12:44.323879" level="INFO">${expected_keys} = ['gender', 'name', 'location', 'email', 'login']</msg>
<var>${expected_keys}</var>
<arg>gender</arg>
<arg>name</arg>
<arg>location</arg>
<arg>email</arg>
<arg>login</arg>
<doc>Returns a list containing given items.</doc>
<status status="PASS" start="2024-03-22T22:12:44.323731" elapsed="0.000171"/>
</kw>
<for flavor="IN">
<iter>
<kw name="Dictionary Should Contain Key" owner="Collections">
<msg time="2024-03-22T22:12:44.324931" level="INFO">False</msg>
<arg>${json_data['results'][0]}</arg>
<arg>${key}</arg>
<doc>Fails if ``key`` is not found from ``dictionary``.</doc>
<status status="PASS" start="2024-03-22T22:12:44.324529" elapsed="0.000441"/>
</kw>
<kw name="Log" owner="BuiltIn">
<msg time="2024-03-22T22:12:44.325641" level="INFO">{'gender': 'female', 'name': {'title': 'Mrs', 'first': 'Helena', 'last': 'Llamas'}, 'location': {'street': {'number': 942, 'name': 'Avenida Hidalgo'}, 'city': 'Colima', 'state': 'Guerrero', 'country': 'Mexico', 'postcode': 19618, 'coordinates': {'latitude': '22.0824', 'longitude': '104.8281'}, 'timezone': {'offset': '-3:30', 'description': 'Newfoundland'}}, 'email': 'helena.llamas@example.com', 'login': {'uuid': '77741126-1a2e-492c-9752-b2e3b71db893', 'username': 'blueostrich232', 'password': 'fandango', 'salt': 'Ok6LiX2C', 'md5': '9d4b0da2295ac7624fd409ccd1ede7d0', 'sha1': '03e39b19345cbad9335d84a8f8c2fb2a5671f0f9', 'sha256': '9cc96916529fd905fd8a49e5bbf3f107c7b10b8ddb2372c68e5c701a71552449'}, 'dob': {'date': '1994-12-29T23:41:02.241Z', 'age': 29}, 'registered': {'date': '2006-09-28T17:27:27.383Z', 'age': 17}, 'phone': '(640) 875 6194', 'cell': '(670) 378 3783', 'id': {'name': 'NSS', 'value': '00 27 26 5888 3'}, 'picture': {'large': 'https://randomuser.me/api/portraits/women/68.jpg', 'medium': 'https://randomuser.me/api/portraits/med/women/68.jpg', 'thumbnail': 'https://randomuser.me/api/portraits/thumb/women/68.jpg'}, 'nat': 'MX'}</msg>
<arg>${json_data['results'][0]}</arg>
<doc>Logs the given message with the given level.</doc>
<status status="PASS" start="2024-03-22T22:12:44.325273" elapsed="0.000421"/>
</kw>
<kw name="Log" owner="BuiltIn">
<msg time="2024-03-22T22:12:44.326125" level="INFO">gender</msg>
<arg>${key}</arg>
<doc>Logs the given message with the given level.</doc>
<status status="PASS" start="2024-03-22T22:12:44.325995" elapsed="0.000168"/>
</kw>
<var name="${key}">gender</var>
<status status="PASS" start="2024-03-22T22:12:44.324404" elapsed="0.001982"/>
</iter>
<iter>
<kw name="Dictionary Should Contain Key" owner="Collections">
<msg time="2024-03-22T22:12:44.327061" level="INFO">False</msg>
<arg>${json_data['results'][0]}</arg>
<arg>${key}</arg>
<doc>Fails if ``key`` is not found from ``dictionary``.</doc>
<status status="PASS" start="2024-03-22T22:12:44.326688" elapsed="0.000409"/>
</kw>
<kw name="Log" owner="BuiltIn">
<msg time="2024-03-22T22:12:44.327779" level="INFO">{'gender': 'female', 'name': {'title': 'Mrs', 'first': 'Helena', 'last': 'Llamas'}, 'location': {'street': {'number': 942, 'name': 'Avenida Hidalgo'}, 'city': 'Colima', 'state': 'Guerrero', 'country': 'Mexico', 'postcode': 19618, 'coordinates': {'latitude': '22.0824', 'longitude': '104.8281'}, 'timezone': {'offset': '-3:30', 'description': 'Newfoundland'}}, 'email': 'helena.llamas@example.com', 'login': {'uuid': '77741126-1a2e-492c-9752-b2e3b71db893', 'username': 'blueostrich232', 'password': 'fandango', 'salt': 'Ok6LiX2C', 'md5': '9d4b0da2295ac7624fd409ccd1ede7d0', 'sha1': '03e39b19345cbad9335d84a8f8c2fb2a5671f0f9', 'sha256': '9cc96916529fd905fd8a49e5bbf3f107c7b10b8ddb2372c68e5c701a71552449'}, 'dob': {'date': '1994-12-29T23:41:02.241Z', 'age': 29}, 'registered': {'date': '2006-09-28T17:27:27.383Z', 'age': 17}, 'phone': '(640) 875 6194', 'cell': '(670) 378 3783', 'id': {'name': 'NSS', 'value': '00 27 26 5888 3'}, 'picture': {'large': 'https://randomuser.me/api/portraits/women/68.jpg', 'medium': 'https://randomuser.me/api/portraits/med/women/68.jpg', 'thumbnail': 'https://randomuser.me/api/portraits/thumb/women/68.jpg'}, 'nat': 'MX'}</msg>
<arg>${json_data['results'][0]}</arg>
<doc>Logs the given message with the given level.</doc>
<status status="PASS" start="2024-03-22T22:12:44.327426" elapsed="0.000400"/>
</kw>
<kw name="Log" owner="BuiltIn">
<msg time="2024-03-22T22:12:44.328295" level="INFO">name</msg>
<arg>${key}</arg>
<doc>Logs the given message with the given level.</doc>
<status status="PASS" start="2024-03-22T22:12:44.328156" elapsed="0.000176"/>
</kw>
<var name="${key}">name</var>
<status status="PASS" start="2024-03-22T22:12:44.326574" elapsed="0.001974"/>
</iter>
<iter>
<kw name="Dictionary Should Contain Key" owner="Collections">
<msg time="2024-03-22T22:12:44.329214" level="INFO">False</msg>
<arg>${json_data['results'][0]}</arg>
<arg>${key}</arg>
<doc>Fails if ``key`` is not found from ``dictionary``.</doc>
<status status="PASS" start="2024-03-22T22:12:44.328837" elapsed="0.000415"/>
</kw>
<kw name="Log" owner="BuiltIn">
<msg time="2024-03-22T22:12:44.329903" level="INFO">{'gender': 'female', 'name': {'title': 'Mrs', 'first': 'Helena', 'last': 'Llamas'}, 'location': {'street': {'number': 942, 'name': 'Avenida Hidalgo'}, 'city': 'Colima', 'state': 'Guerrero', 'country': 'Mexico', 'postcode': 19618, 'coordinates': {'latitude': '22.0824', 'longitude': '104.8281'}, 'timezone': {'offset': '-3:30', 'description': 'Newfoundland'}}, 'email': 'helena.llamas@example.com', 'login': {'uuid': '77741126-1a2e-492c-9752-b2e3b71db893', 'username': 'blueostrich232', 'password': 'fandango', 'salt': 'Ok6LiX2C', 'md5': '9d4b0da2295ac7624fd409ccd1ede7d0', 'sha1': '03e39b19345cbad9335d84a8f8c2fb2a5671f0f9', 'sha256': '9cc96916529fd905fd8a49e5bbf3f107c7b10b8ddb2372c68e5c701a71552449'}, 'dob': {'date': '1994-12-29T23:41:02.241Z', 'age': 29}, 'registered': {'date': '2006-09-28T17:27:27.383Z', 'age': 17}, 'phone': '(640) 875 6194', 'cell': '(670) 378 3783', 'id': {'name': 'NSS', 'value': '00 27 26 5888 3'}, 'picture': {'large': 'https://randomuser.me/api/portraits/women/68.jpg', 'medium': 'https://randomuser.me/api/portraits/med/women/68.jpg', 'thumbnail': 'https://randomuser.me/api/portraits/thumb/women/68.jpg'}, 'nat': 'MX'}</msg>
<arg>${json_data['results'][0]}</arg>
<doc>Logs the given message with the given level.</doc>
<status status="PASS" start="2024-03-22T22:12:44.329547" elapsed="0.000409"/>
</kw>
<kw name="Log" owner="BuiltIn">
<msg time="2024-03-22T22:12:44.330370" level="INFO">location</msg>
<arg>${key}</arg>
<doc>Logs the given message with the given level.</doc>
<status status="PASS" start="2024-03-22T22:12:44.330246" elapsed="0.000162"/>
</kw>
<var name="${key}">location</var>
<status status="PASS" start="2024-03-22T22:12:44.328726" elapsed="0.001895"/>
</iter>
<iter>
<kw name="Dictionary Should Contain Key" owner="Collections">
<msg time="2024-03-22T22:12:44.331264" level="INFO">False</msg>
<arg>${json_data['results'][0]}</arg>
<arg>${key}</arg>
<doc>Fails if ``key`` is not found from ``dictionary``.</doc>
<status status="PASS" start="2024-03-22T22:12:44.330901" elapsed="0.000399"/>
</kw>
<kw name="Log" owner="BuiltIn">
<msg time="2024-03-22T22:12:44.331990" level="INFO">{'gender': 'female', 'name': {'title': 'Mrs', 'first': 'Helena', 'last': 'Llamas'}, 'location': {'street': {'number': 942, 'name': 'Avenida Hidalgo'}, 'city': 'Colima', 'state': 'Guerrero', 'country': 'Mexico', 'postcode': 19618, 'coordinates': {'latitude': '22.0824', 'longitude': '104.8281'}, 'timezone': {'offset': '-3:30', 'description': 'Newfoundland'}}, 'email': 'helena.llamas@example.com', 'login': {'uuid': '77741126-1a2e-492c-9752-b2e3b71db893', 'username': 'blueostrich232', 'password': 'fandango', 'salt': 'Ok6LiX2C', 'md5': '9d4b0da2295ac7624fd409ccd1ede7d0', 'sha1': '03e39b19345cbad9335d84a8f8c2fb2a5671f0f9', 'sha256': '9cc96916529fd905fd8a49e5bbf3f107c7b10b8ddb2372c68e5c701a71552449'}, 'dob': {'date': '1994-12-29T23:41:02.241Z', 'age': 29}, 'registered': {'date': '2006-09-28T17:27:27.383Z', 'age': 17}, 'phone': '(640) 875 6194', 'cell': '(670) 378 3783', 'id': {'name': 'NSS', 'value': '00 27 26 5888 3'}, 'picture': {'large': 'https://randomuser.me/api/portraits/women/68.jpg', 'medium': 'https://randomuser.me/api/portraits/med/women/68.jpg', 'thumbnail': 'https://randomuser.me/api/portraits/thumb/women/68.jpg'}, 'nat': 'MX'}</msg>
<arg>${json_data['results'][0]}</arg>
<doc>Logs the given message with the given level.</doc>
<status status="PASS" start="2024-03-22T22:12:44.331613" elapsed="0.000433"/>
</kw>
<kw name="Log" owner="BuiltIn">
<msg time="2024-03-22T22:12:44.332516" level="INFO">email</msg>
<arg>${key}</arg>
<doc>Logs the given message with the given level.</doc>
<status status="PASS" start="2024-03-22T22:12:44.332390" elapsed="0.000164"/>
</kw>
<var name="${key}">email</var>
<status status="PASS" start="2024-03-22T22:12:44.330792" elapsed="0.001974"/>
</iter>
<iter>
<kw name="Dictionary Should Contain Key" owner="Collections">
<msg time="2024-03-22T22:12:44.333422" level="INFO">False</msg>
<arg>${json_data['results'][0]}</arg>
<arg>${key}</arg>
<doc>Fails if ``key`` is not found from ``dictionary``.</doc>
<status status="PASS" start="2024-03-22T22:12:44.333049" elapsed="0.000409"/>
</kw>
<kw name="Log" owner="BuiltIn">
<msg time="2024-03-22T22:12:44.334099" level="INFO">{'gender': 'female', 'name': {'title': 'Mrs', 'first': 'Helena', 'last': 'Llamas'}, 'location': {'street': {'number': 942, 'name': 'Avenida Hidalgo'}, 'city': 'Colima', 'state': 'Guerrero', 'country': 'Mexico', 'postcode': 19618, 'coordinates': {'latitude': '22.0824', 'longitude': '104.8281'}, 'timezone': {'offset': '-3:30', 'description': 'Newfoundland'}}, 'email': 'helena.llamas@example.com', 'login': {'uuid': '77741126-1a2e-492c-9752-b2e3b71db893', 'username': 'blueostrich232', 'password': 'fandango', 'salt': 'Ok6LiX2C', 'md5': '9d4b0da2295ac7624fd409ccd1ede7d0', 'sha1': '03e39b19345cbad9335d84a8f8c2fb2a5671f0f9', 'sha256': '9cc96916529fd905fd8a49e5bbf3f107c7b10b8ddb2372c68e5c701a71552449'}, 'dob': {'date': '1994-12-29T23:41:02.241Z', 'age': 29}, 'registered': {'date': '2006-09-28T17:27:27.383Z', 'age': 17}, 'phone': '(640) 875 6194', 'cell': '(670) 378 3783', 'id': {'name': 'NSS', 'value': '00 27 26 5888 3'}, 'picture': {'large': 'https://randomuser.me/api/portraits/women/68.jpg', 'medium': 'https://randomuser.me/api/portraits/med/women/68.jpg', 'thumbnail': 'https://randomuser.me/api/portraits/thumb/women/68.jpg'}, 'nat': 'MX'}</msg>
<arg>${json_data['results'][0]}</arg>
<doc>Logs the given message with the given level.</doc>
<status status="PASS" start="2024-03-22T22:12:44.333748" elapsed="0.000397"/>
</kw>
<kw name="Log" owner="BuiltIn">
<msg time="2024-03-22T22:12:44.334554" level="INFO">login</msg>
<arg>${key}</arg>
<doc>Logs the given message with the given level.</doc>
<status status="PASS" start="2024-03-22T22:12:44.334428" elapsed="0.000282"/>
</kw>
<var name="${key}">login</var>
<status status="PASS" start="2024-03-22T22:12:44.332935" elapsed="0.002024"/>
</iter>
<var>${key}</var>
<value>@{expected_keys}</value>
<status status="PASS" start="2024-03-22T22:12:44.324202" elapsed="0.010885"/>
</for>
<kw name="Create List" owner="BuiltIn">
<msg time="2024-03-22T22:12:44.335424" level="INFO">${expected_keysTwo} = ['username', 'password']</msg>
<var>${expected_keysTwo}</var>
<arg>username</arg>
<arg>password</arg>
<doc>Returns a list containing given items.</doc>
<status status="PASS" start="2024-03-22T22:12:44.335285" elapsed="0.000163"/>
</kw>
<for flavor="IN">
<iter>
<kw name="Dictionary Should Contain Key" owner="Collections">
<msg time="2024-03-22T22:12:44.336358" level="INFO">False</msg>
<arg>${json_data['results'][0]['login']}</arg>
<arg>${keyTwo}</arg>
<doc>Fails if ``key`` is not found from ``dictionary``.</doc>
<status status="PASS" start="2024-03-22T22:12:44.335945" elapsed="0.000450"/>
</kw>
<kw name="Dictionary Should Contain Key" owner="Collections">
<msg time="2024-03-22T22:12:44.337095" level="INFO">False</msg>
<arg>${json_data['results'][0]['login']}</arg>
<arg>${keyTwo}</arg>
<doc>Fails if ``key`` is not found from ``dictionary``.</doc>
<status status="PASS" start="2024-03-22T22:12:44.336689" elapsed="0.000443"/>
</kw>
<kw name="Log" owner="BuiltIn">
<msg time="2024-03-22T22:12:44.337551" level="INFO">username</msg>
<arg>${keyTwo}</arg>
<doc>Logs the given message with the given level.</doc>
<status status="PASS" start="2024-03-22T22:12:44.337424" elapsed="0.000163"/>
</kw>
<var name="${keyTwo}">username</var>
<status status="PASS" start="2024-03-22T22:12:44.335838" elapsed="0.001962"/>
</iter>
<iter>
<kw name="Dictionary Should Contain Key" owner="Collections">
<msg time="2024-03-22T22:12:44.338467" level="INFO">False</msg>
<arg>${json_data['results'][0]['login']}</arg>
<arg>${keyTwo}</arg>
<doc>Fails if ``key`` is not found from ``dictionary``.</doc>
<status status="PASS" start="2024-03-22T22:12:44.338089" elapsed="0.000415"/>
</kw>
<kw name="Dictionary Should Contain Key" owner="Collections">
<msg time="2024-03-22T22:12:44.339165" level="INFO">False</msg>
<arg>${json_data['results'][0]['login']}</arg>
<arg>${keyTwo}</arg>
<doc>Fails if ``key`` is not found from ``dictionary``.</doc>
<status status="PASS" start="2024-03-22T22:12:44.338793" elapsed="0.000409"/>
</kw>
<kw name="Log" owner="BuiltIn">
<msg time="2024-03-22T22:12:44.339614" level="INFO">password</msg>
<arg>${keyTwo}</arg>
<doc>Logs the given message with the given level.</doc>
<status status="PASS" start="2024-03-22T22:12:44.339489" elapsed="0.000163"/>
</kw>
<var name="${keyTwo}">password</var>
<status status="PASS" start="2024-03-22T22:12:44.337978" elapsed="0.001887"/>
</iter>
<var>${keyTwo}</var>
<value>@{expected_keysTwo}</value>
<status status="PASS" start="2024-03-22T22:12:44.335687" elapsed="0.004298"/>
</for>
<status status="PASS" start="2024-03-22T22:12:44.231186" elapsed="0.108970"/>
</kw>
<doc>Testa a estrutura da resposta da API.</doc>
<tag>testeEstruturaResposta</tag>
<status status="PASS" start="2024-03-22T22:12:44.230406" elapsed="0.109924"/>
</test>
<test id="s1-s1-t4" name="Validar tipos de dados" line="28">
<kw name="Teste de Tipos de Dados" owner="random-user-service">
<kw name="GET On Session" owner="RequestsLibrary">
<msg time="2024-03-22T22:12:44.424139" level="INFO">GET Request : url=https://randomuser.me/api 
 path_url=/api 
 headers={'User-Agent': 'python-requests/2.31.0', 'Accept-Encoding': 'gzip, deflate', 'Accept': '*/*', 'Connection': 'keep-alive'} 
 body=None 
 </msg>
<msg time="2024-03-22T22:12:44.424246" level="INFO">GET Response : url=https://randomuser.me/api 
 status=200, reason=OK 
 headers={'Date': 'Fri, 22 Mar 2024 22:12:44 GMT', 'Content-Type': 'application/json; charset=utf-8', 'Transfer-Encoding': 'chunked', 'Connection': 'keep-alive', 'X-Powered-By': 'Express', 'Access-Control-Allow-Origin': '*', 'Cache-Control': 'no-cache', 'ETag': 'W/"48d-GNYpv448FzlqamTqvBV+DhpAQCg"', 'Vary': 'Accept-Encoding', 'Content-Encoding': 'gzip', 'CF-Cache-Status': 'DYNAMIC', 'Report-To': '{"endpoints":[{"url":"https:\\/\\/a.nel.cloudflare.com\\/report\\/v4?s=G24kjf%2FTTyqlaaJmkWMc8QhVnJ6qYw1LX6mP4ueHjHSpfQxlCP29wMbM%2FqZO8mI9oGKl%2Fqp5wNmBoJ3zhw%2BsWuBFUZc%2Baty%2FV8ga3nKNurPSXHJEHpO3tgL8WBQTtgPw"}],"group":"cf-nel","max_age":604800}', 'NEL': '{"success_fraction":0,"report_to":"cf-nel","max_age":604800}', 'Server': 'cloudflare', 'CF-RAY': '868986612d2f6326-ORD', 'alt-svc': 'h3=":443"; ma=86400'} 
 body={"results":[{"gender":"female","name":{"title":"Mrs","first":"Neslihan","last":"Sinnema"},"location":{"street":{"number":6727,"name":"Breedendamlaan"},"city":"Polsbroek","state":"Flevoland","country":"Netherlands","postcode":"9587 HI","coordinates":{"latitude":"32.5831","longitude":"140.9695"},"timezone":{"offset":"-3:30","description":"Newfoundland"}},"email":"neslihan.sinnema@example.com","login":{"uuid":"ba55a3b2-3aca-4aa3-9514-a6fa0973e352","username":"goldenmouse438","password":"barbados","salt":"NWQNMo1v","md5":"88cbdbe7963b8cfcd1d33591cfcb8a8d","sha1":"b0dfbaeccbb335a1eb97ecb34f2cf50c13f8616a","sha256":"21161e68220b9d87545a772fbf7ef438c941c6618a8785d001cdd2c1f820d773"},"dob":{"date":"1998-11-19T17:11:11.227Z","age":25},"registered":{"date":"2014-12-14T23:53:16.314Z","age":9},"phone":"(054) 2923195","cell":"(06) 79612249","id":{"name":"BSN","value":"07926570"},"picture":{"large":"https://randomuser.me/api/portraits/women/3.jpg","medium":"https://randomuser.me/api/portraits/med/women/3.jpg","thumbnail":"https://randomuser.me/api/portraits/thumb/women/3.jpg"},"nat":"NL"}],"info":{"seed":"0256db95888539dd","results":1,"page":1,"version":"1.4"}} 
 </msg>
<msg time="2024-03-22T22:12:44.424317" level="INFO">/opt/hostedtoolcache/Python/3.12.2/x64/lib/python3.12/site-packages/urllib3/connectionpool.py:1103: InsecureRequestWarning: Unverified HTTPS request is being made to host 'randomuser.me'. Adding certificate verification is strongly advised. See: https://urllib3.readthedocs.io/en/latest/advanced-usage.html#tls-warnings
  warnings.warn(</msg>
<msg time="2024-03-22T22:12:44.424441" level="INFO">${response} = &lt;Response [200]&gt;</msg>
<var>${response}</var>
<arg>consultarAPI</arg>
<arg>/api</arg>
<doc>Sends a GET request on a previously created HTTP Session.</doc>
<status status="PASS" start="2024-03-22T22:12:44.342904" elapsed="0.081574"/>
</kw>
<kw name="Set Variable" owner="BuiltIn">
<msg time="2024-03-22T22:12:44.425778" level="INFO">${json_data} = {'results': [{'gender': 'female', 'name': {'title': 'Mrs', 'first': 'Neslihan', 'last': 'Sinnema'}, 'location': {'street': {'number': 6727, 'name': 'Breedendamlaan'}, 'city': 'Polsbroek', 'state': 'Fl...</msg>
<var>${json_data}</var>
<arg>${response.json()}</arg>
<doc>Returns the given values which can then be assigned to a variables.</doc>
<status status="PASS" start="2024-03-22T22:12:44.425159" elapsed="0.000648"/>
</kw>
<kw name="Log" owner="BuiltIn">
<msg time="2024-03-22T22:12:44.426308" level="INFO">{'results': [{'gender': 'female', 'name': {'title': 'Mrs', 'first': 'Neslihan', 'last': 'Sinnema'}, 'location': {'street': {'number': 6727, 'name': 'Breedendamlaan'}, 'city': 'Polsbroek', 'state': 'Flevoland', 'country': 'Netherlands', 'postcode': '9587 HI', 'coordinates': {'latitude': '32.5831', 'longitude': '140.9695'}, 'timezone': {'offset': '-3:30', 'description': 'Newfoundland'}}, 'email': 'neslihan.sinnema@example.com', 'login': {'uuid': 'ba55a3b2-3aca-4aa3-9514-a6fa0973e352', 'username': 'goldenmouse438', 'password': 'barbados', 'salt': 'NWQNMo1v', 'md5': '88cbdbe7963b8cfcd1d33591cfcb8a8d', 'sha1': 'b0dfbaeccbb335a1eb97ecb34f2cf50c13f8616a', 'sha256': '21161e68220b9d87545a772fbf7ef438c941c6618a8785d001cdd2c1f820d773'}, 'dob': {'date': '1998-11-19T17:11:11.227Z', 'age': 25}, 'registered': {'date': '2014-12-14T23:53:16.314Z', 'age': 9}, 'phone': '(054) 2923195', 'cell': '(06) 79612249', 'id': {'name': 'BSN', 'value': '07926570'}, 'picture': {'large': 'https://randomuser.me/api/portraits/women/3.jpg', 'medium': 'https://randomuser.me/api/portraits/med/women/3.jpg', 'thumbnail': 'https://randomuser.me/api/portraits/thumb/women/3.jpg'}, 'nat': 'NL'}], 'info': {'seed': '0256db95888539dd', 'results': 1, 'page': 1, 'version': '1.4'}}</msg>
<arg>${json_data}</arg>
<doc>Logs the given message with the given level.</doc>
<status status="PASS" start="2024-03-22T22:12:44.426140" elapsed="0.000254"/>
</kw>
<kw name="Should Be String" owner="String">
<arg>${json_data['results'][0]['gender']}</arg>
<doc>Fails if the given ``item`` is not a string.</doc>
<status status="PASS" start="2024-03-22T22:12:44.426694" elapsed="0.000358"/>
</kw>
<kw name="Should Match Regexp" owner="BuiltIn">
<arg>${json_data['results'][0]['email']}</arg>
<arg>^[a-zA-Z0-9._%+-]+@[a-zA-Z0-9.-]+\.[a-zA-Z]{2,}$</arg>
<doc>Fails if ``string`` does not match ``pattern`` as a regular expression.</doc>
<status status="PASS" start="2024-03-22T22:12:44.427240" elapsed="0.000542"/>
</kw>
<kw name="Should Match Regexp" owner="BuiltIn">
<arg>${json_data['results'][0]['dob']['date']}</arg>
<arg>\\d{4}-\\d{2}-\\d{2}T\\d{2}:\\d{2}:\\d{2}\\.\\d{3}Z</arg>
<doc>Fails if ``string`` does not match ``pattern`` as a regular expression.</doc>
<status status="PASS" start="2024-03-22T22:12:44.427979" elapsed="0.000532"/>
</kw>
<kw name="Should Match Regexp" owner="BuiltIn">
<arg>${json_data['results'][0]['registered']['date']}</arg>
<arg>\\d{4}-\\d{2}-\\d{2}T\\d{2}:\\d{2}:\\d{2}\\.\\d{3}Z</arg>
<doc>Fails if ``string`` does not match ``pattern`` as a regular expression.</doc>
<status status="PASS" start="2024-03-22T22:12:44.428709" elapsed="0.000384"/>
</kw>
<kw name="Should Match Regexp" owner="BuiltIn">
<arg>${json_data['results'][0]['picture']['large']}</arg>
<arg>^https?://.*\.(?:png|jpe?g|gif|bmp)$</arg>
<doc>Fails if ``string`` does not match ``pattern`` as a regular expression.</doc>
<status status="PASS" start="2024-03-22T22:12:44.429282" elapsed="0.000463"/>
</kw>
<kw name="Should Match Regexp" owner="BuiltIn">
<arg>${json_data['results'][0]['picture']['medium']}</arg>
<arg>^https?://.*\.(?:png|jpe?g|gif|bmp)$</arg>
<doc>Fails if ``string`` does not match ``pattern`` as a regular expression.</doc>
<status status="PASS" start="2024-03-22T22:12:44.429976" elapsed="0.000394"/>
</kw>
<kw name="Should Match Regexp" owner="BuiltIn">
<arg>${json_data['results'][0]['picture']['thumbnail']}</arg>
<arg>^https?://.*\.(?:png|jpe?g|gif|bmp)$</arg>
<doc>Fails if ``string`` does not match ``pattern`` as a regular expression.</doc>
<status status="PASS" start="2024-03-22T22:12:44.430554" elapsed="0.000345"/>
</kw>
<kw name="Log" owner="BuiltIn">
<msg time="2024-03-22T22:12:44.431411" level="INFO">{'large': 'https://randomuser.me/api/portraits/women/3.jpg', 'medium': 'https://randomuser.me/api/portraits/med/women/3.jpg', 'thumbnail': 'https://randomuser.me/api/portraits/thumb/women/3.jpg'}</msg>
<arg>${json_data['results'][0]['picture']}</arg>
<doc>Logs the given message with the given level.</doc>
<status status="PASS" start="2024-03-22T22:12:44.431077" elapsed="0.000380"/>
</kw>
<status status="PASS" start="2024-03-22T22:12:44.342653" elapsed="0.089075"/>
</kw>
<kw name="Teste de Tipos de Dados - Postcode" owner="random-user-service">
<kw name="GET On Session" owner="RequestsLibrary">
<msg time="2024-03-22T22:12:44.512236" level="INFO">GET Request : url=https://randomuser.me/api 
 path_url=/api 
 headers={'User-Agent': 'python-requests/2.31.0', 'Accept-Encoding': 'gzip, deflate', 'Accept': '*/*', 'Connection': 'keep-alive'} 
 body=None 
 </msg>
<msg time="2024-03-22T22:12:44.512351" level="INFO">GET Response : url=https://randomuser.me/api 
 status=200, reason=OK 
 headers={'Date': 'Fri, 22 Mar 2024 22:12:44 GMT', 'Content-Type': 'application/json; charset=utf-8', 'Transfer-Encoding': 'chunked', 'Connection': 'keep-alive', 'X-Powered-By': 'Express', 'Access-Control-Allow-Origin': '*', 'Cache-Control': 'no-cache', 'ETag': 'W/"480-ZrpE7HMKJdHu9bYZDIj1V0XX3aw"', 'Vary': 'Accept-Encoding', 'Content-Encoding': 'gzip', 'CF-Cache-Status': 'DYNAMIC', 'Report-To': '{"endpoints":[{"url":"https:\\/\\/a.nel.cloudflare.com\\/report\\/v4?s=Wzz7wH8UUd76fpqPNc6m62ez9yS2qO%2BkcdZQmexzm58v9WefWMkdD0CBKuU4j2trSYtyUVv5B2LO3pe9GFb2UoHnmdYJDk20b9gRGfClopcg7ktK%2FEHNNnL6I93RUXxJ"}],"group":"cf-nel","max_age":604800}', 'NEL': '{"success_fraction":0,"report_to":"cf-nel","max_age":604800}', 'Server': 'cloudflare', 'CF-RAY': '86898661ae0e6326-ORD', 'alt-svc': 'h3=":443"; ma=86400'} 
 body={"results":[{"gender":"female","name":{"title":"Mrs","first":"Tamara","last":"Graham"},"location":{"street":{"number":2044,"name":"Karen Dr"},"city":"Adelaide","state":"Tasmania","country":"Australia","postcode":1256,"coordinates":{"latitude":"-85.0647","longitude":"83.5751"},"timezone":{"offset":"+7:00","description":"Bangkok, Hanoi, Jakarta"}},"email":"tamara.graham@example.com","login":{"uuid":"e56c360a-c779-445c-b73b-f2c7c05f7162","username":"redwolf250","password":"cobras","salt":"DELptXBD","md5":"790044b477ff2aedc57a1d274033919c","sha1":"efa8cdf2d48b311375ea6461166fc1bf19a94ca1","sha256":"9c83cf7fef38e71433bc61c10c1e8bec3d05b57e58aa157ee1f2e343dc1d1edf"},"dob":{"date":"1989-12-05T22:39:23.619Z","age":34},"registered":{"date":"2011-05-16T21:16:15.273Z","age":12},"phone":"00-3941-4193","cell":"0459-092-631","id":{"name":"TFN","value":"777867005"},"picture":{"large":"https://randomuser.me/api/portraits/women/76.jpg","medium":"https://randomuser.me/api/portraits/med/women/76.jpg","thumbnail":"https://randomuser.me/api/portraits/thumb/women/76.jpg"},"nat":"AU"}],"info":{"seed":"ef09b414790e748b","results":1,"page":1,"version":"1.4"}} 
 </msg>
<msg time="2024-03-22T22:12:44.512440" level="INFO">/opt/hostedtoolcache/Python/3.12.2/x64/lib/python3.12/site-packages/urllib3/connectionpool.py:1103: InsecureRequestWarning: Unverified HTTPS request is being made to host 'randomuser.me'. Adding certificate verification is strongly advised. See: https://urllib3.readthedocs.io/en/latest/advanced-usage.html#tls-warnings
  warnings.warn(</msg>
<msg time="2024-03-22T22:12:44.512566" level="INFO">${response} = &lt;Response [200]&gt;</msg>
<var>${response}</var>
<arg>consultarAPI</arg>
<arg>/api</arg>
<doc>Sends a GET request on a previously created HTTP Session.</doc>
<status status="PASS" start="2024-03-22T22:12:44.432401" elapsed="0.080195"/>
</kw>
<kw name="Set Variable" owner="BuiltIn">
<msg time="2024-03-22T22:12:44.513643" level="INFO">${json_data} = {'results': [{'gender': 'female', 'name': {'title': 'Mrs', 'first': 'Tamara', 'last': 'Graham'}, 'location': {'street': {'number': 2044, 'name': 'Karen Dr'}, 'city': 'Adelaide', 'state': 'Tasmania', '...</msg>
<var>${json_data}</var>
<arg>${response.json()}</arg>
<doc>Returns the given values which can then be assigned to a variables.</doc>
<status status="PASS" start="2024-03-22T22:12:44.513134" elapsed="0.000537"/>
</kw>
<kw name="Log" owner="BuiltIn">
<msg time="2024-03-22T22:12:44.514133" level="INFO">{'results': [{'gender': 'female', 'name': {'title': 'Mrs', 'first': 'Tamara', 'last': 'Graham'}, 'location': {'street': {'number': 2044, 'name': 'Karen Dr'}, 'city': 'Adelaide', 'state': 'Tasmania', 'country': 'Australia', 'postcode': 1256, 'coordinates': {'latitude': '-85.0647', 'longitude': '83.5751'}, 'timezone': {'offset': '+7:00', 'description': 'Bangkok, Hanoi, Jakarta'}}, 'email': 'tamara.graham@example.com', 'login': {'uuid': 'e56c360a-c779-445c-b73b-f2c7c05f7162', 'username': 'redwolf250', 'password': 'cobras', 'salt': 'DELptXBD', 'md5': '790044b477ff2aedc57a1d274033919c', 'sha1': 'efa8cdf2d48b311375ea6461166fc1bf19a94ca1', 'sha256': '9c83cf7fef38e71433bc61c10c1e8bec3d05b57e58aa157ee1f2e343dc1d1edf'}, 'dob': {'date': '1989-12-05T22:39:23.619Z', 'age': 34}, 'registered': {'date': '2011-05-16T21:16:15.273Z', 'age': 12}, 'phone': '00-3941-4193', 'cell': '0459-092-631', 'id': {'name': 'TFN', 'value': '777867005'}, 'picture': {'large': 'https://randomuser.me/api/portraits/women/76.jpg', 'medium': 'https://randomuser.me/api/portraits/med/women/76.jpg', 'thumbnail': 'https://randomuser.me/api/portraits/thumb/women/76.jpg'}, 'nat': 'AU'}], 'info': {'seed': 'ef09b414790e748b', 'results': 1, 'page': 1, 'version': '1.4'}}</msg>
<arg>${json_data}</arg>
<doc>Logs the given message with the given level.</doc>
<status status="PASS" start="2024-03-22T22:12:44.513975" elapsed="0.000238"/>
</kw>
<kw name="Should Be Equal As Numbers" owner="BuiltIn">
<arg>${json_data['results'][0]['location']['postcode']}</arg>
<arg>${json_data['results'][0]['location']['postcode']}</arg>
<doc>Fails if objects are unequal after converting them to real numbers.</doc>
<status status="PASS" start="2024-03-22T22:12:44.514519" elapsed="0.000632"/>
</kw>
<kw name="Log" owner="BuiltIn">
<msg time="2024-03-22T22:12:44.515682" level="INFO">1256</msg>
<arg>${json_data['results'][0]['location']['postcode']}</arg>
<doc>Logs the given message with the given level.</doc>
<status status="PASS" start="2024-03-22T22:12:44.515342" elapsed="0.000381"/>
</kw>
<status status="PASS" start="2024-03-22T22:12:44.431962" elapsed="0.084023"/>
</kw>
<doc>Testa se os tipos de dados na resposta da API estão corretos.</doc>
<tag>testeTiposDados</tag>
<status status="PASS" start="2024-03-22T22:12:44.342074" elapsed="0.174115"/>
</test>
<test id="s1-s1-t5" name="Validar conteudo" line="35">
<kw name="Teste de Tipos de Conteudo" owner="random-user-service">
<kw name="GET On Session" owner="RequestsLibrary">
<msg time="2024-03-22T22:12:44.611583" level="INFO">GET Request : url=https://randomuser.me/api 
 path_url=/api 
 headers={'User-Agent': 'python-requests/2.31.0', 'Accept-Encoding': 'gzip, deflate', 'Accept': '*/*', 'Connection': 'keep-alive'} 
 body=None 
 </msg>
<msg time="2024-03-22T22:12:44.611683" level="INFO">GET Response : url=https://randomuser.me/api 
 status=200, reason=OK 
 headers={'Date': 'Fri, 22 Mar 2024 22:12:44 GMT', 'Content-Type': 'application/json; charset=utf-8', 'Transfer-Encoding': 'chunked', 'Connection': 'keep-alive', 'X-Powered-By': 'Express', 'Access-Control-Allow-Origin': '*', 'Cache-Control': 'no-cache', 'ETag': 'W/"489-VnZpuvjxQcQ+/xx0j51/yYQw0DI"', 'Vary': 'Accept-Encoding', 'Content-Encoding': 'gzip', 'CF-Cache-Status': 'DYNAMIC', 'Report-To': '{"endpoints":[{"url":"https:\\/\\/a.nel.cloudflare.com\\/report\\/v4?s=bwOil0Ksenr9A8%2B7Paf2Mfs6oDGoZzPDbaPeW4W%2BBjWevwfBeGA5R3C%2BKyYwTcBvRwZDsKSvaFvmxkm8zhVfUqpQeXRux3z8cs5Fm3ozEuAh9Q9WW6qwOiRtUutolkwD"}],"group":"cf-nel","max_age":604800}', 'NEL': '{"success_fraction":0,"report_to":"cf-nel","max_age":604800}', 'Server': 'cloudflare', 'CF-RAY': '868986623ee96326-ORD', 'alt-svc': 'h3=":443"; ma=86400'} 
 body={"results":[{"gender":"female","name":{"title":"Mrs","first":"Carrie","last":"Harper"},"location":{"street":{"number":1449,"name":"Saddle Dr"},"city":"Red Bluff","state":"South Dakota","country":"United States","postcode":44042,"coordinates":{"latitude":"87.0406","longitude":"158.6034"},"timezone":{"offset":"-3:30","description":"Newfoundland"}},"email":"carrie.harper@example.com","login":{"uuid":"25552bbc-639c-4eac-a2ef-9fd8d4018d81","username":"whitelion949","password":"uuuuuuu","salt":"nLV7PVii","md5":"ab8c39de8e2a910e57c1ca97fb0b98f1","sha1":"0b61ccf09d0e362b876c5e709f50cdbf824e4e2b","sha256":"dbccf3cb0d044a3561616776c13fd5378e45a0538e0a18231fdf17ac88dae5f8"},"dob":{"date":"1993-10-05T04:17:39.397Z","age":30},"registered":{"date":"2012-06-05T00:49:18.436Z","age":11},"phone":"(400) 685-0745","cell":"(834) 304-8220","id":{"name":"SSN","value":"211-40-5475"},"picture":{"large":"https://randomuser.me/api/portraits/women/82.jpg","medium":"https://randomuser.me/api/portraits/med/women/82.jpg","thumbnail":"https://randomuser.me/api/portraits/thumb/women/82.jpg"},"nat":"US"}],"info":{"seed":"db3989d791efadf7","results":1,"page":1,"version":"1.4"}} 
 </msg>
<msg time="2024-03-22T22:12:44.611753" level="INFO">/opt/hostedtoolcache/Python/3.12.2/x64/lib/python3.12/site-packages/urllib3/connectionpool.py:1103: InsecureRequestWarning: Unverified HTTPS request is being made to host 'randomuser.me'. Adding certificate verification is strongly advised. See: https://urllib3.readthedocs.io/en/latest/advanced-usage.html#tls-warnings
  warnings.warn(</msg>
<msg time="2024-03-22T22:12:44.611878" level="INFO">${response} = &lt;Response [200]&gt;</msg>
<var>${response}</var>
<arg>consultarAPI</arg>
<arg>/api</arg>
<doc>Sends a GET request on a previously created HTTP Session.</doc>
<status status="PASS" start="2024-03-22T22:12:44.518707" elapsed="0.093198"/>
</kw>
<kw name="Set Variable" owner="BuiltIn">
<msg time="2024-03-22T22:12:44.613030" level="INFO">${json_data} = {'results': [{'gender': 'female', 'name': {'title': 'Mrs', 'first': 'Carrie', 'last': 'Harper'}, 'location': {'street': {'number': 1449, 'name': 'Saddle Dr'}, 'city': 'Red Bluff', 'state': 'South Dako...</msg>
<var>${json_data}</var>
<arg>${response.json()}</arg>
<doc>Returns the given values which can then be assigned to a variables.</doc>
<status status="PASS" start="2024-03-22T22:12:44.612494" elapsed="0.000565"/>
</kw>
<kw name="Set Variable" owner="BuiltIn">
<msg time="2024-03-22T22:12:44.613744" level="INFO">${name_title} = Mrs</msg>
<var>${name_title}</var>
<arg>${json_data["results"][0]["name"]["title"]}</arg>
<doc>Returns the given values which can then be assigned to a variables.</doc>
<status status="PASS" start="2024-03-22T22:12:44.613370" elapsed="0.000400"/>
</kw>
<kw name="Create List" owner="BuiltIn">
<msg time="2024-03-22T22:12:44.614217" level="INFO">${allowed_titles} = ['Mr', 'Ms', 'Miss', 'Mrs', 'Madame', 'Monsieur']</msg>
<var>${allowed_titles}</var>
<arg>Mr</arg>
<arg>Ms</arg>
<arg>Miss</arg>
<arg>Mrs</arg>
<arg>Madame</arg>
<arg>Monsieur</arg>
<doc>Returns a list containing given items.</doc>
<status status="PASS" start="2024-03-22T22:12:44.614067" elapsed="0.000175"/>
</kw>
<kw name="List Should Contain Value" owner="Collections">
<msg time="2024-03-22T22:12:44.614729" level="INFO">False</msg>
<arg>${allowed_titles}</arg>
<arg>${name_title}</arg>
<doc>Fails if the ``value`` is not found from ``list``.</doc>
<status status="PASS" start="2024-03-22T22:12:44.614549" elapsed="0.000217"/>
</kw>
<kw name="Set Variable" owner="BuiltIn">
<msg time="2024-03-22T22:12:44.615436" level="INFO">${name_country} = US</msg>
<var>${name_country}</var>
<arg>${json_data["results"][0]["nat"]}</arg>
<doc>Returns the given values which can then be assigned to a variables.</doc>
<status status="PASS" start="2024-03-22T22:12:44.615063" elapsed="0.000398"/>
</kw>
<kw name="Create List" owner="BuiltIn">
<msg time="2024-03-22T22:12:44.616401" level="INFO">${list_country} = ['AD', 'AE', 'AF', 'AG', 'AI', 'AL', 'AM', 'AO', 'AQ', 'AR', 'AS', 'AT', 'AU', 'AW', 'AX', 'AZ', 'BA', 'BB', 'BD', 'BE', 'BF', 'BG', 'BH', 'BI', 'BJ', 'BL', 'BM', 'BN', 'BO', 'BQ', 'BR', 'BS', 'BT', '...</msg>
<var>${list_country}</var>
<arg>AD</arg>
<arg>AE</arg>
<arg>AF</arg>
<arg>AG</arg>
<arg>AI</arg>
<arg>AL</arg>
<arg>AM</arg>
<arg>AO</arg>
<arg>AQ</arg>
<arg>AR</arg>
<arg>AS</arg>
<arg>AT</arg>
<arg>AU</arg>
<arg>AW</arg>
<arg>AX</arg>
<arg>AZ</arg>
<arg>BA</arg>
<arg>BB</arg>
<arg>BD</arg>
<arg>BE</arg>
<arg>BF</arg>
<arg>BG</arg>
<arg>BH</arg>
<arg>BI</arg>
<arg>BJ</arg>
<arg>BL</arg>
<arg>BM</arg>
<arg>BN</arg>
<arg>BO</arg>
<arg>BQ</arg>
<arg>BR</arg>
<arg>BS</arg>
<arg>BT</arg>
<arg>BV</arg>
<arg>BW</arg>
<arg>BY</arg>
<arg>BZ</arg>
<arg>CA</arg>
<arg>CC</arg>
<arg>CD</arg>
<arg>CF</arg>
<arg>CG</arg>
<arg>CH</arg>
<arg>CI</arg>
<arg>CK</arg>
<arg>CL</arg>
<arg>CM</arg>
<arg>CN</arg>
<arg>CO</arg>
<arg>CR</arg>
<arg>CU</arg>
<arg>CV</arg>
<arg>CW</arg>
<arg>CX</arg>
<arg>CY</arg>
<arg>CZ</arg>
<arg>DE</arg>
<arg>DJ</arg>
<arg>DK</arg>
<arg>DM</arg>
<arg>DO</arg>
<arg>DZ</arg>
<arg>EC</arg>
<arg>EE</arg>
<arg>EG</arg>
<arg>EH</arg>
<arg>ER</arg>
<arg>ES</arg>
<arg>ET</arg>
<arg>FI</arg>
<arg>FJ</arg>
<arg>FK</arg>
<arg>FM</arg>
<arg>FO</arg>
<arg>FR</arg>
<arg>GA</arg>
<arg>GB</arg>
<arg>GD</arg>
<arg>GE</arg>
<arg>GF</arg>
<arg>GG</arg>
<arg>GH</arg>
<arg>GI</arg>
<arg>GL</arg>
<arg>GM</arg>
<arg>GN</arg>
<arg>GP</arg>
<arg>GQ</arg>
<arg>GR</arg>
<arg>GS</arg>
<arg>GT</arg>
<arg>GU</arg>
<arg>GW</arg>
<arg>GY</arg>
<arg>HK</arg>
<arg>HM</arg>
<arg>HN</arg>
<arg>HR</arg>
<arg>HT</arg>
<arg>HU</arg>
<arg>ID</arg>
<arg>IE</arg>
<arg>IL</arg>
<arg>IM</arg>
<arg>IN</arg>
<arg>IO</arg>
<arg>IQ</arg>
<arg>IR</arg>
<arg>IS</arg>
<arg>IT</arg>
<arg>JE</arg>
<arg>JM</arg>
<arg>JO</arg>
<arg>JP</arg>
<arg>KE</arg>
<arg>KG</arg>
<arg>KH</arg>
<arg>KI</arg>
<arg>KM</arg>
<arg>KN</arg>
<arg>KP</arg>
<arg>KR</arg>
<arg>KW</arg>
<arg>KY</arg>
<arg>KZ</arg>
<arg>LA</arg>
<arg>LB</arg>
<arg>LC</arg>
<arg>LI</arg>
<arg>LK</arg>
<arg>LR</arg>
<arg>LS</arg>
<arg>LT</arg>
<arg>LU</arg>
<arg>LV</arg>
<arg>LY</arg>
<arg>MA</arg>
<arg>MC</arg>
<arg>MD</arg>
<arg>ME</arg>
<arg>MF</arg>
<arg>MG</arg>
<arg>MH</arg>
<arg>MK</arg>
<arg>ML</arg>
<arg>MM</arg>
<arg>MN</arg>
<arg>MO</arg>
<arg>MP</arg>
<arg>MQ</arg>
<arg>MR</arg>
<arg>MS</arg>
<arg>MT</arg>
<arg>MU</arg>
<arg>MV</arg>
<arg>MW</arg>
<arg>MX</arg>
<arg>MY</arg>
<arg>MZ</arg>
<arg>NA</arg>
<arg>NC</arg>
<arg>NE</arg>
<arg>NF</arg>
<arg>NG</arg>
<arg>NI</arg>
<arg>NL</arg>
<arg>NO</arg>
<arg>NP</arg>
<arg>NR</arg>
<arg>NU</arg>
<arg>NZ</arg>
<arg>OM</arg>
<arg>PA</arg>
<arg>PE</arg>
<arg>PF</arg>
<arg>PG</arg>
<arg>PH</arg>
<arg>PK</arg>
<arg>PL</arg>
<arg>PM</arg>
<arg>PN</arg>
<arg>PR</arg>
<arg>PS</arg>
<arg>PT</arg>
<arg>PW</arg>
<arg>PY</arg>
<arg>QA</arg>
<arg>RE</arg>
<arg>RO</arg>
<arg>RS</arg>
<arg>RU</arg>
<arg>RW</arg>
<arg>SA</arg>
<arg>SB</arg>
<arg>SC</arg>
<arg>SD</arg>
<arg>SE</arg>
<arg>SG</arg>
<arg>SH</arg>
<arg>SI</arg>
<arg>SJ</arg>
<arg>SK</arg>
<arg>SL</arg>
<arg>SM</arg>
<arg>SN</arg>
<arg>SO</arg>
<arg>SR</arg>
<arg>SS</arg>
<arg>ST</arg>
<arg>SV</arg>
<arg>SX</arg>
<arg>SY</arg>
<arg>SZ</arg>
<arg>TC</arg>
<arg>TD</arg>
<arg>TF</arg>
<arg>TG</arg>
<arg>TH</arg>
<arg>TJ</arg>
<arg>TK</arg>
<arg>TL</arg>
<arg>TM</arg>
<arg>TN</arg>
<arg>TO</arg>
<arg>TR</arg>
<arg>TT</arg>
<arg>TV</arg>
<arg>TW</arg>
<arg>TZ</arg>
<arg>UA</arg>
<arg>UG</arg>
<arg>UM</arg>
<arg>US</arg>
<arg>UY</arg>
<arg>UZ</arg>
<arg>VA</arg>
<arg>VC</arg>
<arg>VE</arg>
<arg>VG</arg>
<arg>VI</arg>
<arg>VN</arg>
<arg>VU</arg>
<arg>WF</arg>
<arg>WS</arg>
<arg>XK</arg>
<arg>YE</arg>
<arg>YT</arg>
<arg>ZA</arg>
<arg>ZM</arg>
<arg>ZW</arg>
<doc>Returns a list containing given items.</doc>
<status status="PASS" start="2024-03-22T22:12:44.615775" elapsed="0.000652"/>
</kw>
<kw name="List Should Contain Value" owner="Collections">
<msg time="2024-03-22T22:12:44.617565" level="INFO">False</msg>
<arg>${list_country}</arg>
<arg>${name_country}</arg>
<doc>Fails if the ``value`` is not found from ``list``.</doc>
<status status="PASS" start="2024-03-22T22:12:44.617358" elapsed="0.000245"/>
</kw>
<kw name="Run Keyword If" owner="BuiltIn">
<kw name="Should Be True" owner="BuiltIn">
<arg>${True}</arg>
<doc>Fails if the given condition is not true.</doc>
<status status="PASS" start="2024-03-22T22:12:44.618676" elapsed="0.000146"/>
</kw>
<arg>${json_data["results"][0]["location"]["coordinates"]["latitude"]} &gt;= -90 and ${json_data["results"][0]["location"]["coordinates"]["latitude"]} &lt;= 90</arg>
<arg>Should Be True</arg>
<arg>${True}</arg>
<doc>Runs the given keyword with the given arguments, if ``condition`` is true.</doc>
<status status="PASS" start="2024-03-22T22:12:44.617915" elapsed="0.001036"/>
</kw>
<kw name="Run Keyword If" owner="BuiltIn">
<kw name="Should Be True" owner="BuiltIn">
<arg>${True}</arg>
<doc>Fails if the given condition is not true.</doc>
<status status="PASS" start="2024-03-22T22:12:44.619842" elapsed="0.000140"/>
</kw>
<arg>${json_data["results"][0]["location"]["coordinates"]["longitude"]} &gt;= -180 and ${json_data["results"][0]["location"]["coordinates"]["longitude"]} &lt;= 180</arg>
<arg>Should Be True</arg>
<arg>${True}</arg>
<doc>Runs the given keyword with the given arguments, if ``condition`` is true.</doc>
<status status="PASS" start="2024-03-22T22:12:44.619137" elapsed="0.000992"/>
</kw>
<status status="PASS" start="2024-03-22T22:12:44.518468" elapsed="0.101807"/>
</kw>
<doc>Testa o conteúdo específico dos campos retornados pela API.</doc>
<tag>testeConteudo</tag>
<status status="PASS" start="2024-03-22T22:12:44.517937" elapsed="0.102499"/>
</test>
<status status="PASS" start="2024-03-22T22:12:43.665494" elapsed="0.956898"/>
</suite>
<status status="PASS" start="2024-03-22T22:12:43.651543" elapsed="0.976232"/>
</suite>
<statistics>
<total>
<stat pass="5" fail="0" skip="0">All Tests</stat>
</total>
<tag>
<stat pass="1" fail="0" skip="0">testeConteudo</stat>
<stat pass="1" fail="0" skip="0">testeEstruturaResposta</stat>
<stat pass="1" fail="0" skip="0">testeRequisicaoBasica</stat>
<stat pass="1" fail="0" skip="0">testeTiposDados</stat>
</tag>
<suite>
<stat pass="5" fail="0" skip="0" id="s1" name="Tests">Tests</stat>
<stat pass="5" fail="0" skip="0" id="s1-s1" name="Random-User-Test">Tests.Random-User-Test</stat>
</suite>
</statistics>
<errors>
</errors>
</robot>
