<?xml version="1.0" encoding="UTF-8"?>
<robot generator="Robot 7.0 (Python 3.12.3 on linux)" generated="2024-05-05T06:18:55.660275" rpa="false" schemaversion="5">
<suite id="s1" name="Tests" source="/home/runner/work/DesafioQAItauRogerioJordao/DesafioQAItauRogerioJordao/RamdonUser/tests">
<suite id="s1-s1" name="Random-User-Test" source="/home/runner/work/DesafioQAItauRogerioJordao/DesafioQAItauRogerioJordao/RamdonUser/tests/random-user-test.robot">
<test id="s1-s1-t1" name="Conectar" line="13">
<kw name="Conectar API" owner="random-user-service">
<kw name="Create Session" owner="RequestsLibrary">
<msg time="2024-05-05T06:18:56.037237" level="INFO">Creating Session using : alias=consultarAPI, url=https://randomuser.me/, headers={},                     cookies={}, auth=None, timeout=None, proxies=None, verify=False,                     debug=0 </msg>
<arg>consultarAPI</arg>
<arg>${URL}</arg>
<doc>Create Session: create a HTTP session to a server</doc>
<status status="PASS" start="2024-05-05T06:18:56.037029" elapsed="0.000404"/>
</kw>
<status status="PASS" start="2024-05-05T06:18:56.036031" elapsed="0.001773"/>
</kw>
<status status="PASS" start="2024-05-05T06:18:56.035388" elapsed="0.002610"/>
</test>
<test id="s1-s1-t2" name="Validar retorno 200 e JSON Válido" line="16">
<kw name="Teste de Requisicao Basica" owner="random-user-service">
<kw name="GET On Session" owner="RequestsLibrary">
<msg time="2024-05-05T06:18:56.259351" level="INFO">GET Request : url=https://randomuser.me/api 
 path_url=/api 
 headers={'User-Agent': 'python-requests/2.31.0', 'Accept-Encoding': 'gzip, deflate', 'Accept': '*/*', 'Connection': 'keep-alive'} 
 body=None 
 </msg>
<msg time="2024-05-05T06:18:56.259528" level="INFO">GET Response : url=https://randomuser.me/api 
 status=200, reason=OK 
 headers={'Date': 'Sun, 05 May 2024 06:18:56 GMT', 'Content-Type': 'application/json; charset=utf-8', 'Transfer-Encoding': 'chunked', 'Connection': 'keep-alive', 'X-Powered-By': 'Express', 'Access-Control-Allow-Origin': '*', 'Cache-Control': 'no-cache', 'ETag': 'W/"49d-PkYFxubSMmg3KneP+q/TMeJ4s4s"', 'Vary': 'Accept-Encoding', 'Content-Encoding': 'gzip', 'CF-Cache-Status': 'DYNAMIC', 'Report-To': '{"endpoints":[{"url":"https:\\/\\/a.nel.cloudflare.com\\/report\\/v4?s=7wI%2BwKrMnMGnkL58Csa3qh0bYNwGrnCLMhjUAhVVxQivsd0bUhgL3JTqTB8EyZ8nH8mVQvkFTcmKaGpFB5K%2BoLaW8jOjOOnL89fbQjUnm3BvpQEbK%2FGTpICH%2BQPg6HYt"}],"group":"cf-nel","max_age":604800}', 'NEL': '{"success_fraction":0,"report_to":"cf-nel","max_age":604800}', 'Server': 'cloudflare', 'CF-RAY': '87ee9db56b173b62-IAD', 'alt-svc': 'h3=":443"; ma=86400'} 
 body={"results":[{"gender":"female","name":{"title":"Ms","first":"Patricia","last":"Hackenberg"},"location":{"street":{"number":5827,"name":"Kirchstraße"},"city":"Löhne","state":"Saarland","country":"Germany","postcode":71002,"coordinates":{"latitude":"-55.2788","longitude":"100.5325"},"timezone":{"offset":"+9:00","description":"Tokyo, Seoul, Osaka, Sapporo, Yakutsk"}},"email":"patricia.hackenberg@example.com","login":{"uuid":"c4fd988b-a283-48c4-a6ba-065003c69116","username":"redbear481","password":"punk","salt":"jGnHXr6z","md5":"b204945d44b57c0be34900a16aa7a7e1","sha1":"6e3ce3688f42edb3e222917a3175a389fc537b79","sha256":"e4edfec315f31b3b3f3f54ca6b51653bd207f2c94eda451179a5f369499cc937"},"dob":{"date":"1965-03-07T08:47:35.420Z","age":59},"registered":{"date":"2002-05-07T17:09:20.268Z","age":21},"phone":"0274-6004534","cell":"0179-4765010","id":{"name":"SVNR","value":"48 070365 H 661"},"picture":{"large":"https://randomuser.me/api/portraits/women/1.jpg","medium":"https://randomuser.me/api/portraits/med/women/1.jpg","thumbnail":"https://randomuser.me/api/portraits/thumb/women/1.jpg"},"nat":"DE"}],"info":{"seed":"cd3fade1b767a915","results":1,"page":1,"version":"1.4"}} 
 </msg>
<msg time="2024-05-05T06:18:56.259618" level="INFO">/opt/hostedtoolcache/Python/3.12.3/x64/lib/python3.12/site-packages/urllib3/connectionpool.py:1103: InsecureRequestWarning: Unverified HTTPS request is being made to host 'randomuser.me'. Adding certificate verification is strongly advised. See: https://urllib3.readthedocs.io/en/latest/advanced-usage.html#tls-warnings
  warnings.warn(</msg>
<msg time="2024-05-05T06:18:56.259781" level="INFO">${response} = &lt;Response [200]&gt;</msg>
<var>${response}</var>
<arg>consultarAPI</arg>
<arg>/api</arg>
<doc>Sends a GET request on a previously created HTTP Session.</doc>
<status status="PASS" start="2024-05-05T06:18:56.040748" elapsed="0.219080"/>
</kw>
<kw name="Should Be Equal As Numbers" owner="BuiltIn">
<msg time="2024-05-05T06:18:56.260886" level="INFO">Argument types are:
&lt;class 'int'&gt;
&lt;class 'str'&gt;</msg>
<arg>${response.status_code}</arg>
<arg>200</arg>
<doc>Fails if objects are unequal after converting them to real numbers.</doc>
<status status="PASS" start="2024-05-05T06:18:56.260397" elapsed="0.000561"/>
</kw>
<kw name="Log" owner="BuiltIn">
<msg time="2024-05-05T06:18:56.261738" level="INFO">200</msg>
<arg>${response.status_code}</arg>
<doc>Logs the given message with the given level.</doc>
<status status="PASS" start="2024-05-05T06:18:56.261345" elapsed="0.000439"/>
</kw>
<kw name="Set Variable" owner="BuiltIn">
<msg time="2024-05-05T06:18:56.262618" level="INFO">${json_data} = {'results': [{'gender': 'female', 'name': {'title': 'Ms', 'first': 'Patricia', 'last': 'Hackenberg'}, 'location': {'street': {'number': 5827, 'name': 'Kirchstraße'}, 'city': 'Löhne', 'state': 'Saarlan...</msg>
<var>${json_data}</var>
<arg>${response.json()}</arg>
<doc>Returns the given values which can then be assigned to a variables.</doc>
<status status="PASS" start="2024-05-05T06:18:56.262136" elapsed="0.000512"/>
</kw>
<kw name="Dictionary Should Contain Key" owner="Collections">
<msg time="2024-05-05T06:18:56.263196" level="INFO">False</msg>
<arg>${json_data}</arg>
<arg>results</arg>
<doc>Fails if ``key`` is not found from ``dictionary``.</doc>
<status status="PASS" start="2024-05-05T06:18:56.262978" elapsed="0.000260"/>
</kw>
<status status="PASS" start="2024-05-05T06:18:56.040498" elapsed="0.223010"/>
</kw>
<doc>Testa se a API responde corretamente e retorna um objeto JSON válido.</doc>
<tag>testeRequisicaoBasica</tag>
<status status="PASS" start="2024-05-05T06:18:56.039955" elapsed="0.223743"/>
</test>
<test id="s1-s1-t3" name="Validar estrutura de resposta" line="22">
<kw name="Teste de Estrutura de Resposta" owner="random-user-service">
<kw name="GET On Session" owner="RequestsLibrary">
<msg time="2024-05-05T06:18:56.361153" level="INFO">GET Request : url=https://randomuser.me/api 
 path_url=/api 
 headers={'User-Agent': 'python-requests/2.31.0', 'Accept-Encoding': 'gzip, deflate', 'Accept': '*/*', 'Connection': 'keep-alive'} 
 body=None 
 </msg>
<msg time="2024-05-05T06:18:56.361263" level="INFO">GET Response : url=https://randomuser.me/api 
 status=200, reason=OK 
 headers={'Date': 'Sun, 05 May 2024 06:18:56 GMT', 'Content-Type': 'application/json; charset=utf-8', 'Transfer-Encoding': 'chunked', 'Connection': 'keep-alive', 'X-Powered-By': 'Express', 'Access-Control-Allow-Origin': '*', 'Cache-Control': 'no-cache', 'ETag': 'W/"488-d0Oy3SsFdruwNNbizqdO5zK7Hhw"', 'Vary': 'Accept-Encoding', 'Content-Encoding': 'gzip', 'CF-Cache-Status': 'DYNAMIC', 'Report-To': '{"endpoints":[{"url":"https:\\/\\/a.nel.cloudflare.com\\/report\\/v4?s=Q4hGI28mZa0g2R9Jk5o3Z9pg0kF7kkUQ01hs9r2RZ23HWzidTYjCR9Ashmz6b7Yq7GWZgatucANFXlVi4Rd0H%2FiHRCbGQWg4h%2BmgWu3N05vVxtIQ3tL5IeUju87vhLQP"}],"group":"cf-nel","max_age":604800}', 'NEL': '{"success_fraction":0,"report_to":"cf-nel","max_age":604800}', 'Server': 'cloudflare', 'CF-RAY': '87ee9db5ab543b62-IAD', 'alt-svc': 'h3=":443"; ma=86400'} 
 body={"results":[{"gender":"female","name":{"title":"Ms","first":"Abigail","last":"Cornejo"},"location":{"street":{"number":1740,"name":"Privada Ecuador"},"city":"Celestun","state":"Queretaro","country":"Mexico","postcode":25077,"coordinates":{"latitude":"24.9139","longitude":"175.9962"},"timezone":{"offset":"+5:45","description":"Kathmandu"}},"email":"abigail.cornejo@example.com","login":{"uuid":"04cb2d1a-24ae-49c1-b976-d75c96334ec3","username":"greenswan519","password":"ihateyou","salt":"pN3JXhCL","md5":"66274702675e8c0533692eca6ea9be2a","sha1":"35bf2e5c0c808cc0ba942e1364dab4cd96f98194","sha256":"f8dad67b52c77a87fc5c927a0aac4468e277051b7a14a2cc6e4a3378afd54ad9"},"dob":{"date":"1965-05-19T14:40:55.630Z","age":58},"registered":{"date":"2018-02-20T06:23:44.603Z","age":6},"phone":"(632) 229 8289","cell":"(688) 468 5250","id":{"name":"NSS","value":"63 50 43 9073 9"},"picture":{"large":"https://randomuser.me/api/portraits/women/57.jpg","medium":"https://randomuser.me/api/portraits/med/women/57.jpg","thumbnail":"https://randomuser.me/api/portraits/thumb/women/57.jpg"},"nat":"MX"}],"info":{"seed":"cadb303e7bd05db1","results":1,"page":1,"version":"1.4"}} 
 </msg>
<msg time="2024-05-05T06:18:56.361407" level="INFO">/opt/hostedtoolcache/Python/3.12.3/x64/lib/python3.12/site-packages/urllib3/connectionpool.py:1103: InsecureRequestWarning: Unverified HTTPS request is being made to host 'randomuser.me'. Adding certificate verification is strongly advised. See: https://urllib3.readthedocs.io/en/latest/advanced-usage.html#tls-warnings
  warnings.warn(</msg>
<msg time="2024-05-05T06:18:56.361576" level="INFO">${response} = &lt;Response [200]&gt;</msg>
<var>${response}</var>
<arg>consultarAPI</arg>
<arg>/api</arg>
<doc>Sends a GET request on a previously created HTTP Session.</doc>
<status status="PASS" start="2024-05-05T06:18:56.267271" elapsed="0.094360"/>
</kw>
<kw name="Set Variable" owner="BuiltIn">
<msg time="2024-05-05T06:18:56.362681" level="INFO">${json_data} = {'results': [{'gender': 'female', 'name': {'title': 'Ms', 'first': 'Abigail', 'last': 'Cornejo'}, 'location': {'street': {'number': 1740, 'name': 'Privada Ecuador'}, 'city': 'Celestun', 'state': 'Quer...</msg>
<var>${json_data}</var>
<arg>${response.json()}</arg>
<doc>Returns the given values which can then be assigned to a variables.</doc>
<status status="PASS" start="2024-05-05T06:18:56.362147" elapsed="0.000563"/>
</kw>
<kw name="Log" owner="BuiltIn">
<msg time="2024-05-05T06:18:56.363245" level="INFO">{'results': [{'gender': 'female', 'name': {'title': 'Ms', 'first': 'Abigail', 'last': 'Cornejo'}, 'location': {'street': {'number': 1740, 'name': 'Privada Ecuador'}, 'city': 'Celestun', 'state': 'Queretaro', 'country': 'Mexico', 'postcode': 25077, 'coordinates': {'latitude': '24.9139', 'longitude': '175.9962'}, 'timezone': {'offset': '+5:45', 'description': 'Kathmandu'}}, 'email': 'abigail.cornejo@example.com', 'login': {'uuid': '04cb2d1a-24ae-49c1-b976-d75c96334ec3', 'username': 'greenswan519', 'password': 'ihateyou', 'salt': 'pN3JXhCL', 'md5': '66274702675e8c0533692eca6ea9be2a', 'sha1': '35bf2e5c0c808cc0ba942e1364dab4cd96f98194', 'sha256': 'f8dad67b52c77a87fc5c927a0aac4468e277051b7a14a2cc6e4a3378afd54ad9'}, 'dob': {'date': '1965-05-19T14:40:55.630Z', 'age': 58}, 'registered': {'date': '2018-02-20T06:23:44.603Z', 'age': 6}, 'phone': '(632) 229 8289', 'cell': '(688) 468 5250', 'id': {'name': 'NSS', 'value': '63 50 43 9073 9'}, 'picture': {'large': 'https://randomuser.me/api/portraits/women/57.jpg', 'medium': 'https://randomuser.me/api/portraits/med/women/57.jpg', 'thumbnail': 'https://randomuser.me/api/portraits/thumb/women/57.jpg'}, 'nat': 'MX'}], 'info': {'seed': 'cadb303e7bd05db1', 'results': 1, 'page': 1, 'version': '1.4'}}</msg>
<arg>${json_data}</arg>
<doc>Logs the given message with the given level.</doc>
<status status="PASS" start="2024-05-05T06:18:56.363024" elapsed="0.000271"/>
</kw>
<kw name="Dictionary Should Contain Key" owner="Collections">
<msg time="2024-05-05T06:18:56.363757" level="INFO">False</msg>
<arg>${json_data}</arg>
<arg>results</arg>
<doc>Fails if ``key`` is not found from ``dictionary``.</doc>
<status status="PASS" start="2024-05-05T06:18:56.363593" elapsed="0.000202"/>
</kw>
<kw name="Should Not Be Empty" owner="BuiltIn">
<msg time="2024-05-05T06:18:56.364222" level="INFO">Length is 2.</msg>
<arg>${json_data}</arg>
<doc>Verifies that the given item is not empty.</doc>
<status status="PASS" start="2024-05-05T06:18:56.364090" elapsed="0.000334"/>
</kw>
<kw name="Create List" owner="BuiltIn">
<msg time="2024-05-05T06:18:56.364877" level="INFO">${expected_keys} = ['gender', 'name', 'location', 'email', 'login']</msg>
<var>${expected_keys}</var>
<arg>gender</arg>
<arg>name</arg>
<arg>location</arg>
<arg>email</arg>
<arg>login</arg>
<doc>Returns a list containing given items.</doc>
<status status="PASS" start="2024-05-05T06:18:56.364720" elapsed="0.000181"/>
</kw>
<for flavor="IN">
<iter>
<kw name="Dictionary Should Contain Key" owner="Collections">
<msg time="2024-05-05T06:18:56.365906" level="INFO">False</msg>
<arg>${json_data['results'][0]}</arg>
<arg>${key}</arg>
<doc>Fails if ``key`` is not found from ``dictionary``.</doc>
<status status="PASS" start="2024-05-05T06:18:56.365489" elapsed="0.000456"/>
</kw>
<kw name="Log" owner="BuiltIn">
<msg time="2024-05-05T06:18:56.366609" level="INFO">{'gender': 'female', 'name': {'title': 'Ms', 'first': 'Abigail', 'last': 'Cornejo'}, 'location': {'street': {'number': 1740, 'name': 'Privada Ecuador'}, 'city': 'Celestun', 'state': 'Queretaro', 'country': 'Mexico', 'postcode': 25077, 'coordinates': {'latitude': '24.9139', 'longitude': '175.9962'}, 'timezone': {'offset': '+5:45', 'description': 'Kathmandu'}}, 'email': 'abigail.cornejo@example.com', 'login': {'uuid': '04cb2d1a-24ae-49c1-b976-d75c96334ec3', 'username': 'greenswan519', 'password': 'ihateyou', 'salt': 'pN3JXhCL', 'md5': '66274702675e8c0533692eca6ea9be2a', 'sha1': '35bf2e5c0c808cc0ba942e1364dab4cd96f98194', 'sha256': 'f8dad67b52c77a87fc5c927a0aac4468e277051b7a14a2cc6e4a3378afd54ad9'}, 'dob': {'date': '1965-05-19T14:40:55.630Z', 'age': 58}, 'registered': {'date': '2018-02-20T06:23:44.603Z', 'age': 6}, 'phone': '(632) 229 8289', 'cell': '(688) 468 5250', 'id': {'name': 'NSS', 'value': '63 50 43 9073 9'}, 'picture': {'large': 'https://randomuser.me/api/portraits/women/57.jpg', 'medium': 'https://randomuser.me/api/portraits/med/women/57.jpg', 'thumbnail': 'https://randomuser.me/api/portraits/thumb/women/57.jpg'}, 'nat': 'MX'}</msg>
<arg>${json_data['results'][0]}</arg>
<doc>Logs the given message with the given level.</doc>
<status status="PASS" start="2024-05-05T06:18:56.366243" elapsed="0.000414"/>
</kw>
<kw name="Log" owner="BuiltIn">
<msg time="2024-05-05T06:18:56.367107" level="INFO">gender</msg>
<arg>${key}</arg>
<doc>Logs the given message with the given level.</doc>
<status status="PASS" start="2024-05-05T06:18:56.366955" elapsed="0.000192"/>
</kw>
<var name="${key}">gender</var>
<status status="PASS" start="2024-05-05T06:18:56.365360" elapsed="0.002013"/>
</iter>
<iter>
<kw name="Dictionary Should Contain Key" owner="Collections">
<msg time="2024-05-05T06:18:56.368072" level="INFO">False</msg>
<arg>${json_data['results'][0]}</arg>
<arg>${key}</arg>
<doc>Fails if ``key`` is not found from ``dictionary``.</doc>
<status status="PASS" start="2024-05-05T06:18:56.367675" elapsed="0.000434"/>
</kw>
<kw name="Log" owner="BuiltIn">
<msg time="2024-05-05T06:18:56.368799" level="INFO">{'gender': 'female', 'name': {'title': 'Ms', 'first': 'Abigail', 'last': 'Cornejo'}, 'location': {'street': {'number': 1740, 'name': 'Privada Ecuador'}, 'city': 'Celestun', 'state': 'Queretaro', 'country': 'Mexico', 'postcode': 25077, 'coordinates': {'latitude': '24.9139', 'longitude': '175.9962'}, 'timezone': {'offset': '+5:45', 'description': 'Kathmandu'}}, 'email': 'abigail.cornejo@example.com', 'login': {'uuid': '04cb2d1a-24ae-49c1-b976-d75c96334ec3', 'username': 'greenswan519', 'password': 'ihateyou', 'salt': 'pN3JXhCL', 'md5': '66274702675e8c0533692eca6ea9be2a', 'sha1': '35bf2e5c0c808cc0ba942e1364dab4cd96f98194', 'sha256': 'f8dad67b52c77a87fc5c927a0aac4468e277051b7a14a2cc6e4a3378afd54ad9'}, 'dob': {'date': '1965-05-19T14:40:55.630Z', 'age': 58}, 'registered': {'date': '2018-02-20T06:23:44.603Z', 'age': 6}, 'phone': '(632) 229 8289', 'cell': '(688) 468 5250', 'id': {'name': 'NSS', 'value': '63 50 43 9073 9'}, 'picture': {'large': 'https://randomuser.me/api/portraits/women/57.jpg', 'medium': 'https://randomuser.me/api/portraits/med/women/57.jpg', 'thumbnail': 'https://randomuser.me/api/portraits/thumb/women/57.jpg'}, 'nat': 'MX'}</msg>
<arg>${json_data['results'][0]}</arg>
<doc>Logs the given message with the given level.</doc>
<status status="PASS" start="2024-05-05T06:18:56.368434" elapsed="0.000412"/>
</kw>
<kw name="Log" owner="BuiltIn">
<msg time="2024-05-05T06:18:56.369272" level="INFO">name</msg>
<arg>${key}</arg>
<doc>Logs the given message with the given level.</doc>
<status status="PASS" start="2024-05-05T06:18:56.369144" elapsed="0.000165"/>
</kw>
<var name="${key}">name</var>
<status status="PASS" start="2024-05-05T06:18:56.367558" elapsed="0.001966"/>
</iter>
<iter>
<kw name="Dictionary Should Contain Key" owner="Collections">
<msg time="2024-05-05T06:18:56.370200" level="INFO">False</msg>
<arg>${json_data['results'][0]}</arg>
<arg>${key}</arg>
<doc>Fails if ``key`` is not found from ``dictionary``.</doc>
<status status="PASS" start="2024-05-05T06:18:56.369814" elapsed="0.000423"/>
</kw>
<kw name="Log" owner="BuiltIn">
<msg time="2024-05-05T06:18:56.370908" level="INFO">{'gender': 'female', 'name': {'title': 'Ms', 'first': 'Abigail', 'last': 'Cornejo'}, 'location': {'street': {'number': 1740, 'name': 'Privada Ecuador'}, 'city': 'Celestun', 'state': 'Queretaro', 'country': 'Mexico', 'postcode': 25077, 'coordinates': {'latitude': '24.9139', 'longitude': '175.9962'}, 'timezone': {'offset': '+5:45', 'description': 'Kathmandu'}}, 'email': 'abigail.cornejo@example.com', 'login': {'uuid': '04cb2d1a-24ae-49c1-b976-d75c96334ec3', 'username': 'greenswan519', 'password': 'ihateyou', 'salt': 'pN3JXhCL', 'md5': '66274702675e8c0533692eca6ea9be2a', 'sha1': '35bf2e5c0c808cc0ba942e1364dab4cd96f98194', 'sha256': 'f8dad67b52c77a87fc5c927a0aac4468e277051b7a14a2cc6e4a3378afd54ad9'}, 'dob': {'date': '1965-05-19T14:40:55.630Z', 'age': 58}, 'registered': {'date': '2018-02-20T06:23:44.603Z', 'age': 6}, 'phone': '(632) 229 8289', 'cell': '(688) 468 5250', 'id': {'name': 'NSS', 'value': '63 50 43 9073 9'}, 'picture': {'large': 'https://randomuser.me/api/portraits/women/57.jpg', 'medium': 'https://randomuser.me/api/portraits/med/women/57.jpg', 'thumbnail': 'https://randomuser.me/api/portraits/thumb/women/57.jpg'}, 'nat': 'MX'}</msg>
<arg>${json_data['results'][0]}</arg>
<doc>Logs the given message with the given level.</doc>
<status status="PASS" start="2024-05-05T06:18:56.370538" elapsed="0.000418"/>
</kw>
<kw name="Log" owner="BuiltIn">
<msg time="2024-05-05T06:18:56.371412" level="INFO">location</msg>
<arg>${key}</arg>
<doc>Logs the given message with the given level.</doc>
<status status="PASS" start="2024-05-05T06:18:56.371285" elapsed="0.000165"/>
</kw>
<var name="${key}">location</var>
<status status="PASS" start="2024-05-05T06:18:56.369701" elapsed="0.001963"/>
</iter>
<iter>
<kw name="Dictionary Should Contain Key" owner="Collections">
<msg time="2024-05-05T06:18:56.372330" level="INFO">False</msg>
<arg>${json_data['results'][0]}</arg>
<arg>${key}</arg>
<doc>Fails if ``key`` is not found from ``dictionary``.</doc>
<status status="PASS" start="2024-05-05T06:18:56.371948" elapsed="0.000419"/>
</kw>
<kw name="Log" owner="BuiltIn">
<msg time="2024-05-05T06:18:56.373032" level="INFO">{'gender': 'female', 'name': {'title': 'Ms', 'first': 'Abigail', 'last': 'Cornejo'}, 'location': {'street': {'number': 1740, 'name': 'Privada Ecuador'}, 'city': 'Celestun', 'state': 'Queretaro', 'country': 'Mexico', 'postcode': 25077, 'coordinates': {'latitude': '24.9139', 'longitude': '175.9962'}, 'timezone': {'offset': '+5:45', 'description': 'Kathmandu'}}, 'email': 'abigail.cornejo@example.com', 'login': {'uuid': '04cb2d1a-24ae-49c1-b976-d75c96334ec3', 'username': 'greenswan519', 'password': 'ihateyou', 'salt': 'pN3JXhCL', 'md5': '66274702675e8c0533692eca6ea9be2a', 'sha1': '35bf2e5c0c808cc0ba942e1364dab4cd96f98194', 'sha256': 'f8dad67b52c77a87fc5c927a0aac4468e277051b7a14a2cc6e4a3378afd54ad9'}, 'dob': {'date': '1965-05-19T14:40:55.630Z', 'age': 58}, 'registered': {'date': '2018-02-20T06:23:44.603Z', 'age': 6}, 'phone': '(632) 229 8289', 'cell': '(688) 468 5250', 'id': {'name': 'NSS', 'value': '63 50 43 9073 9'}, 'picture': {'large': 'https://randomuser.me/api/portraits/women/57.jpg', 'medium': 'https://randomuser.me/api/portraits/med/women/57.jpg', 'thumbnail': 'https://randomuser.me/api/portraits/thumb/women/57.jpg'}, 'nat': 'MX'}</msg>
<arg>${json_data['results'][0]}</arg>
<doc>Logs the given message with the given level.</doc>
<status status="PASS" start="2024-05-05T06:18:56.372669" elapsed="0.000410"/>
</kw>
<kw name="Log" owner="BuiltIn">
<msg time="2024-05-05T06:18:56.373498" level="INFO">email</msg>
<arg>${key}</arg>
<doc>Logs the given message with the given level.</doc>
<status status="PASS" start="2024-05-05T06:18:56.373371" elapsed="0.000165"/>
</kw>
<var name="${key}">email</var>
<status status="PASS" start="2024-05-05T06:18:56.371835" elapsed="0.001917"/>
</iter>
<iter>
<kw name="Dictionary Should Contain Key" owner="Collections">
<msg time="2024-05-05T06:18:56.374421" level="INFO">False</msg>
<arg>${json_data['results'][0]}</arg>
<arg>${key}</arg>
<doc>Fails if ``key`` is not found from ``dictionary``.</doc>
<status status="PASS" start="2024-05-05T06:18:56.374036" elapsed="0.000430"/>
</kw>
<kw name="Log" owner="BuiltIn">
<msg time="2024-05-05T06:18:56.375165" level="INFO">{'gender': 'female', 'name': {'title': 'Ms', 'first': 'Abigail', 'last': 'Cornejo'}, 'location': {'street': {'number': 1740, 'name': 'Privada Ecuador'}, 'city': 'Celestun', 'state': 'Queretaro', 'country': 'Mexico', 'postcode': 25077, 'coordinates': {'latitude': '24.9139', 'longitude': '175.9962'}, 'timezone': {'offset': '+5:45', 'description': 'Kathmandu'}}, 'email': 'abigail.cornejo@example.com', 'login': {'uuid': '04cb2d1a-24ae-49c1-b976-d75c96334ec3', 'username': 'greenswan519', 'password': 'ihateyou', 'salt': 'pN3JXhCL', 'md5': '66274702675e8c0533692eca6ea9be2a', 'sha1': '35bf2e5c0c808cc0ba942e1364dab4cd96f98194', 'sha256': 'f8dad67b52c77a87fc5c927a0aac4468e277051b7a14a2cc6e4a3378afd54ad9'}, 'dob': {'date': '1965-05-19T14:40:55.630Z', 'age': 58}, 'registered': {'date': '2018-02-20T06:23:44.603Z', 'age': 6}, 'phone': '(632) 229 8289', 'cell': '(688) 468 5250', 'id': {'name': 'NSS', 'value': '63 50 43 9073 9'}, 'picture': {'large': 'https://randomuser.me/api/portraits/women/57.jpg', 'medium': 'https://randomuser.me/api/portraits/med/women/57.jpg', 'thumbnail': 'https://randomuser.me/api/portraits/thumb/women/57.jpg'}, 'nat': 'MX'}</msg>
<arg>${json_data['results'][0]}</arg>
<doc>Logs the given message with the given level.</doc>
<status status="PASS" start="2024-05-05T06:18:56.374762" elapsed="0.000452"/>
</kw>
<kw name="Log" owner="BuiltIn">
<msg time="2024-05-05T06:18:56.375645" level="INFO">login</msg>
<arg>${key}</arg>
<doc>Logs the given message with the given level.</doc>
<status status="PASS" start="2024-05-05T06:18:56.375517" elapsed="0.000166"/>
</kw>
<var name="${key}">login</var>
<status status="PASS" start="2024-05-05T06:18:56.373925" elapsed="0.002002"/>
</iter>
<var>${key}</var>
<value>@{expected_keys}</value>
<status status="PASS" start="2024-05-05T06:18:56.365165" elapsed="0.010886"/>
</for>
<kw name="Create List" owner="BuiltIn">
<msg time="2024-05-05T06:18:56.376384" level="INFO">${expected_keysTwo} = ['username', 'password']</msg>
<var>${expected_keysTwo}</var>
<arg>username</arg>
<arg>password</arg>
<doc>Returns a list containing given items.</doc>
<status status="PASS" start="2024-05-05T06:18:56.376244" elapsed="0.000164"/>
</kw>
<for flavor="IN">
<iter>
<kw name="Dictionary Should Contain Key" owner="Collections">
<msg time="2024-05-05T06:18:56.377314" level="INFO">False</msg>
<arg>${json_data['results'][0]['login']}</arg>
<arg>${keyTwo}</arg>
<doc>Fails if ``key`` is not found from ``dictionary``.</doc>
<status status="PASS" start="2024-05-05T06:18:56.376920" elapsed="0.000431"/>
</kw>
<kw name="Dictionary Should Contain Key" owner="Collections">
<msg time="2024-05-05T06:18:56.378034" level="INFO">False</msg>
<arg>${json_data['results'][0]['login']}</arg>
<arg>${keyTwo}</arg>
<doc>Fails if ``key`` is not found from ``dictionary``.</doc>
<status status="PASS" start="2024-05-05T06:18:56.377645" elapsed="0.000438"/>
</kw>
<kw name="Log" owner="BuiltIn">
<msg time="2024-05-05T06:18:56.378502" level="INFO">username</msg>
<arg>${keyTwo}</arg>
<doc>Logs the given message with the given level.</doc>
<status status="PASS" start="2024-05-05T06:18:56.378375" elapsed="0.000192"/>
</kw>
<var name="${keyTwo}">username</var>
<status status="PASS" start="2024-05-05T06:18:56.376808" elapsed="0.002063"/>
</iter>
<iter>
<kw name="Dictionary Should Contain Key" owner="Collections">
<msg time="2024-05-05T06:18:56.379964" level="INFO">False</msg>
<arg>${json_data['results'][0]['login']}</arg>
<arg>${keyTwo}</arg>
<doc>Fails if ``key`` is not found from ``dictionary``.</doc>
<status status="PASS" start="2024-05-05T06:18:56.379312" elapsed="0.000700"/>
</kw>
<kw name="Dictionary Should Contain Key" owner="Collections">
<msg time="2024-05-05T06:18:56.380735" level="INFO">False</msg>
<arg>${json_data['results'][0]['login']}</arg>
<arg>${keyTwo}</arg>
<doc>Fails if ``key`` is not found from ``dictionary``.</doc>
<status status="PASS" start="2024-05-05T06:18:56.380348" elapsed="0.000425"/>
</kw>
<kw name="Log" owner="BuiltIn">
<msg time="2024-05-05T06:18:56.381204" level="INFO">password</msg>
<arg>${keyTwo}</arg>
<doc>Logs the given message with the given level.</doc>
<status status="PASS" start="2024-05-05T06:18:56.381072" elapsed="0.000169"/>
</kw>
<var name="${keyTwo}">password</var>
<status status="PASS" start="2024-05-05T06:18:56.379153" elapsed="0.002304"/>
</iter>
<var>${keyTwo}</var>
<value>@{expected_keysTwo}</value>
<status status="PASS" start="2024-05-05T06:18:56.376651" elapsed="0.004926"/>
</for>
<status status="PASS" start="2024-05-05T06:18:56.266932" elapsed="0.114791"/>
</kw>
<doc>Testa a estrutura da resposta da API.</doc>
<tag>testeEstruturaResposta</tag>
<status status="PASS" start="2024-05-05T06:18:56.266161" elapsed="0.115721"/>
</test>
<test id="s1-s1-t4" name="Validar tipos de dados" line="28">
<kw name="Teste de Tipos de Dados" owner="random-user-service">
<kw name="GET On Session" owner="RequestsLibrary">
<msg time="2024-05-05T06:18:56.465396" level="INFO">GET Request : url=https://randomuser.me/api 
 path_url=/api 
 headers={'User-Agent': 'python-requests/2.31.0', 'Accept-Encoding': 'gzip, deflate', 'Accept': '*/*', 'Connection': 'keep-alive'} 
 body=None 
 </msg>
<msg time="2024-05-05T06:18:56.465505" level="INFO">GET Response : url=https://randomuser.me/api 
 status=200, reason=OK 
 headers={'Date': 'Sun, 05 May 2024 06:18:56 GMT', 'Content-Type': 'application/json; charset=utf-8', 'Transfer-Encoding': 'chunked', 'Connection': 'keep-alive', 'X-Powered-By': 'Express', 'Access-Control-Allow-Origin': '*', 'Cache-Control': 'no-cache', 'ETag': 'W/"488-VM1R2WKlu9AyG2rUwJGuYOCHLg8"', 'Vary': 'Accept-Encoding', 'Content-Encoding': 'gzip', 'CF-Cache-Status': 'DYNAMIC', 'Report-To': '{"endpoints":[{"url":"https:\\/\\/a.nel.cloudflare.com\\/report\\/v4?s=uMUcow183yh2ZCHEhtpJNIoXYp8GPFgKnrKeZTJmHykeU0LVtYpQJYRSVPlj69Xlp38M2A%2FAnch6P1d%2BaCQiHq4KwJB2emqKdu9rvCUuuTF2hkGPkzvcHSQN3gtb7k9E"}],"group":"cf-nel","max_age":604800}', 'NEL': '{"success_fraction":0,"report_to":"cf-nel","max_age":604800}', 'Server': 'cloudflare', 'CF-RAY': '87ee9db66bf03b62-IAD', 'alt-svc': 'h3=":443"; ma=86400'} 
 body={"results":[{"gender":"male","name":{"title":"Mr","first":"Hugo","last":"Chen"},"location":{"street":{"number":3299,"name":"Lunn Avenue"},"city":"Hamilton","state":"Auckland","country":"New Zealand","postcode":17972,"coordinates":{"latitude":"49.6223","longitude":"-71.4038"},"timezone":{"offset":"0:00","description":"Western Europe Time, London, Lisbon, Casablanca"}},"email":"hugo.chen@example.com","login":{"uuid":"71657401-e74b-48c5-8525-3df58986db8d","username":"blackfrog271","password":"flower2","salt":"5BrTIXvX","md5":"9974b267095ba96f28b85bdec0a6adbb","sha1":"32d9597e75629532132aa4e459547469a9777859","sha256":"88fa93b1d37d05ab45e501b4d5599600265e24f463feef444827f44e75ef5bbc"},"dob":{"date":"1992-05-28T06:33:38.490Z","age":31},"registered":{"date":"2021-06-05T01:56:47.694Z","age":2},"phone":"(565)-387-5858","cell":"(693)-801-9509","id":{"name":"","value":null},"picture":{"large":"https://randomuser.me/api/portraits/men/32.jpg","medium":"https://randomuser.me/api/portraits/med/men/32.jpg","thumbnail":"https://randomuser.me/api/portraits/thumb/men/32.jpg"},"nat":"NZ"}],"info":{"seed":"a70ea8eef2824f1b","results":1,"page":1,"version":"1.4"}} 
 </msg>
<msg time="2024-05-05T06:18:56.465617" level="INFO">/opt/hostedtoolcache/Python/3.12.3/x64/lib/python3.12/site-packages/urllib3/connectionpool.py:1103: InsecureRequestWarning: Unverified HTTPS request is being made to host 'randomuser.me'. Adding certificate verification is strongly advised. See: https://urllib3.readthedocs.io/en/latest/advanced-usage.html#tls-warnings
  warnings.warn(</msg>
<msg time="2024-05-05T06:18:56.465794" level="INFO">${response} = &lt;Response [200]&gt;</msg>
<var>${response}</var>
<arg>consultarAPI</arg>
<arg>/api</arg>
<doc>Sends a GET request on a previously created HTTP Session.</doc>
<status status="PASS" start="2024-05-05T06:18:56.384534" elapsed="0.081313"/>
</kw>
<kw name="Set Variable" owner="BuiltIn">
<msg time="2024-05-05T06:18:56.466873" level="INFO">${json_data} = {'results': [{'gender': 'male', 'name': {'title': 'Mr', 'first': 'Hugo', 'last': 'Chen'}, 'location': {'street': {'number': 3299, 'name': 'Lunn Avenue'}, 'city': 'Hamilton', 'state': 'Auckland', 'coun...</msg>
<var>${json_data}</var>
<arg>${response.json()}</arg>
<doc>Returns the given values which can then be assigned to a variables.</doc>
<status status="PASS" start="2024-05-05T06:18:56.466356" elapsed="0.000545"/>
</kw>
<kw name="Log" owner="BuiltIn">
<msg time="2024-05-05T06:18:56.467396" level="INFO">{'results': [{'gender': 'male', 'name': {'title': 'Mr', 'first': 'Hugo', 'last': 'Chen'}, 'location': {'street': {'number': 3299, 'name': 'Lunn Avenue'}, 'city': 'Hamilton', 'state': 'Auckland', 'country': 'New Zealand', 'postcode': 17972, 'coordinates': {'latitude': '49.6223', 'longitude': '-71.4038'}, 'timezone': {'offset': '0:00', 'description': 'Western Europe Time, London, Lisbon, Casablanca'}}, 'email': 'hugo.chen@example.com', 'login': {'uuid': '71657401-e74b-48c5-8525-3df58986db8d', 'username': 'blackfrog271', 'password': 'flower2', 'salt': '5BrTIXvX', 'md5': '9974b267095ba96f28b85bdec0a6adbb', 'sha1': '32d9597e75629532132aa4e459547469a9777859', 'sha256': '88fa93b1d37d05ab45e501b4d5599600265e24f463feef444827f44e75ef5bbc'}, 'dob': {'date': '1992-05-28T06:33:38.490Z', 'age': 31}, 'registered': {'date': '2021-06-05T01:56:47.694Z', 'age': 2}, 'phone': '(565)-387-5858', 'cell': '(693)-801-9509', 'id': {'name': '', 'value': None}, 'picture': {'large': 'https://randomuser.me/api/portraits/men/32.jpg', 'medium': 'https://randomuser.me/api/portraits/med/men/32.jpg', 'thumbnail': 'https://randomuser.me/api/portraits/thumb/men/32.jpg'}, 'nat': 'NZ'}], 'info': {'seed': 'a70ea8eef2824f1b', 'results': 1, 'page': 1, 'version': '1.4'}}</msg>
<arg>${json_data}</arg>
<doc>Logs the given message with the given level.</doc>
<status status="PASS" start="2024-05-05T06:18:56.467236" elapsed="0.000245"/>
</kw>
<kw name="Should Be String" owner="String">
<arg>${json_data['results'][0]['gender']}</arg>
<doc>Fails if the given ``item`` is not a string.</doc>
<status status="PASS" start="2024-05-05T06:18:56.467778" elapsed="0.000366"/>
</kw>
<kw name="Should Match Regexp" owner="BuiltIn">
<arg>${json_data['results'][0]['email']}</arg>
<arg>^[a-zA-Z0-9._%+-]+@[a-zA-Z0-9.-]+\.[a-zA-Z]{2,}$</arg>
<doc>Fails if ``string`` does not match ``pattern`` as a regular expression.</doc>
<status status="PASS" start="2024-05-05T06:18:56.468335" elapsed="0.000513"/>
</kw>
<kw name="Should Match Regexp" owner="BuiltIn">
<arg>${json_data['results'][0]['dob']['date']}</arg>
<arg>\\d{4}-\\d{2}-\\d{2}T\\d{2}:\\d{2}:\\d{2}\\.\\d{3}Z</arg>
<doc>Fails if ``string`` does not match ``pattern`` as a regular expression.</doc>
<status status="PASS" start="2024-05-05T06:18:56.469041" elapsed="0.000489"/>
</kw>
<kw name="Should Match Regexp" owner="BuiltIn">
<arg>${json_data['results'][0]['registered']['date']}</arg>
<arg>\\d{4}-\\d{2}-\\d{2}T\\d{2}:\\d{2}:\\d{2}\\.\\d{3}Z</arg>
<doc>Fails if ``string`` does not match ``pattern`` as a regular expression.</doc>
<status status="PASS" start="2024-05-05T06:18:56.469720" elapsed="0.000368"/>
</kw>
<kw name="Should Match Regexp" owner="BuiltIn">
<arg>${json_data['results'][0]['picture']['large']}</arg>
<arg>^https?://.*\.(?:png|jpe?g|gif|bmp)$</arg>
<doc>Fails if ``string`` does not match ``pattern`` as a regular expression.</doc>
<status status="PASS" start="2024-05-05T06:18:56.470278" elapsed="0.000456"/>
</kw>
<kw name="Should Match Regexp" owner="BuiltIn">
<arg>${json_data['results'][0]['picture']['medium']}</arg>
<arg>^https?://.*\.(?:png|jpe?g|gif|bmp)$</arg>
<doc>Fails if ``string`` does not match ``pattern`` as a regular expression.</doc>
<status status="PASS" start="2024-05-05T06:18:56.470917" elapsed="0.000371"/>
</kw>
<kw name="Should Match Regexp" owner="BuiltIn">
<arg>${json_data['results'][0]['picture']['thumbnail']}</arg>
<arg>^https?://.*\.(?:png|jpe?g|gif|bmp)$</arg>
<doc>Fails if ``string`` does not match ``pattern`` as a regular expression.</doc>
<status status="PASS" start="2024-05-05T06:18:56.471476" elapsed="0.000365"/>
</kw>
<kw name="Log" owner="BuiltIn">
<msg time="2024-05-05T06:18:56.472340" level="INFO">{'large': 'https://randomuser.me/api/portraits/men/32.jpg', 'medium': 'https://randomuser.me/api/portraits/med/men/32.jpg', 'thumbnail': 'https://randomuser.me/api/portraits/thumb/men/32.jpg'}</msg>
<arg>${json_data['results'][0]['picture']}</arg>
<doc>Logs the given message with the given level.</doc>
<status status="PASS" start="2024-05-05T06:18:56.472020" elapsed="0.000360"/>
</kw>
<status status="PASS" start="2024-05-05T06:18:56.384302" elapsed="0.088335"/>
</kw>
<kw name="Teste de Tipos de Dados - Postcode" owner="random-user-service">
<kw name="GET On Session" owner="RequestsLibrary">
<msg time="2024-05-05T06:18:56.562709" level="INFO">GET Request : url=https://randomuser.me/api 
 path_url=/api 
 headers={'User-Agent': 'python-requests/2.31.0', 'Accept-Encoding': 'gzip, deflate', 'Accept': '*/*', 'Connection': 'keep-alive'} 
 body=None 
 </msg>
<msg time="2024-05-05T06:18:56.562820" level="INFO">GET Response : url=https://randomuser.me/api 
 status=200, reason=OK 
 headers={'Date': 'Sun, 05 May 2024 06:18:56 GMT', 'Content-Type': 'application/json; charset=utf-8', 'Transfer-Encoding': 'chunked', 'Connection': 'keep-alive', 'X-Powered-By': 'Express', 'Access-Control-Allow-Origin': '*', 'Cache-Control': 'no-cache', 'ETag': 'W/"482-xqiKb5UqtrgwA3lbKmj5L3vDPt4"', 'Vary': 'Accept-Encoding', 'Content-Encoding': 'gzip', 'CF-Cache-Status': 'DYNAMIC', 'Report-To': '{"endpoints":[{"url":"https:\\/\\/a.nel.cloudflare.com\\/report\\/v4?s=rBLD347l0SkfmzQXcg7SbBlFPvmW9AIg3aEVNBXslnCTPAmAdHy1ftUGYlHr3pvekK53ZrECGRJwgXPYYf0Y8KW9jPmJlnaKSddq6cod3Wbxx1Lky8QoVUv0BiIBi5mh"}],"group":"cf-nel","max_age":604800}', 'NEL': '{"success_fraction":0,"report_to":"cf-nel","max_age":604800}', 'Server': 'cloudflare', 'CF-RAY': '87ee9db6fc583b62-IAD', 'alt-svc': 'h3=":443"; ma=86400'} 
 body={"results":[{"gender":"female","name":{"title":"Mrs","first":"Vera","last":"Mančić"},"location":{"street":{"number":9194,"name":"Dr Dušana Kašića"},"city":"Vrbas","state":"Prizren","country":"Serbia","postcode":24487,"coordinates":{"latitude":"62.8391","longitude":"8.3052"},"timezone":{"offset":"+6:00","description":"Almaty, Dhaka, Colombo"}},"email":"vera.mancic@example.com","login":{"uuid":"e67ce2fa-2d94-4b06-9c06-5d793b405ef8","username":"happyfrog850","password":"303030","salt":"3IrSaygW","md5":"86243726d26ac77592327ba70e37e0c9","sha1":"2926a491c313f6171cdef32fc03036452ca982b9","sha256":"df4fac97aad4c7d2cdc41f039384ff073f6bac9ac0086b830bdf72c2700d1050"},"dob":{"date":"1969-08-30T05:02:51.431Z","age":54},"registered":{"date":"2013-12-02T09:43:33.595Z","age":10},"phone":"032-0399-580","cell":"067-1081-231","id":{"name":"SID","value":"898565117"},"picture":{"large":"https://randomuser.me/api/portraits/women/19.jpg","medium":"https://randomuser.me/api/portraits/med/women/19.jpg","thumbnail":"https://randomuser.me/api/portraits/thumb/women/19.jpg"},"nat":"RS"}],"info":{"seed":"7cb9a1ffde78ad25","results":1,"page":1,"version":"1.4"}} 
 </msg>
<msg time="2024-05-05T06:18:56.562908" level="INFO">/opt/hostedtoolcache/Python/3.12.3/x64/lib/python3.12/site-packages/urllib3/connectionpool.py:1103: InsecureRequestWarning: Unverified HTTPS request is being made to host 'randomuser.me'. Adding certificate verification is strongly advised. See: https://urllib3.readthedocs.io/en/latest/advanced-usage.html#tls-warnings
  warnings.warn(</msg>
<msg time="2024-05-05T06:18:56.563070" level="INFO">${response} = &lt;Response [200]&gt;</msg>
<var>${response}</var>
<arg>consultarAPI</arg>
<arg>/api</arg>
<doc>Sends a GET request on a previously created HTTP Session.</doc>
<status status="PASS" start="2024-05-05T06:18:56.473098" elapsed="0.090020"/>
</kw>
<kw name="Set Variable" owner="BuiltIn">
<msg time="2024-05-05T06:18:56.564195" level="INFO">${json_data} = {'results': [{'gender': 'female', 'name': {'title': 'Mrs', 'first': 'Vera', 'last': 'Mančić'}, 'location': {'street': {'number': 9194, 'name': 'Dr Dušana Kašića'}, 'city': 'Vrbas', 'state': 'Prizren',...</msg>
<var>${json_data}</var>
<arg>${response.json()}</arg>
<doc>Returns the given values which can then be assigned to a variables.</doc>
<status status="PASS" start="2024-05-05T06:18:56.563661" elapsed="0.000563"/>
</kw>
<kw name="Log" owner="BuiltIn">
<msg time="2024-05-05T06:18:56.564706" level="INFO">{'results': [{'gender': 'female', 'name': {'title': 'Mrs', 'first': 'Vera', 'last': 'Mančić'}, 'location': {'street': {'number': 9194, 'name': 'Dr Dušana Kašića'}, 'city': 'Vrbas', 'state': 'Prizren', 'country': 'Serbia', 'postcode': 24487, 'coordinates': {'latitude': '62.8391', 'longitude': '8.3052'}, 'timezone': {'offset': '+6:00', 'description': 'Almaty, Dhaka, Colombo'}}, 'email': 'vera.mancic@example.com', 'login': {'uuid': 'e67ce2fa-2d94-4b06-9c06-5d793b405ef8', 'username': 'happyfrog850', 'password': '303030', 'salt': '3IrSaygW', 'md5': '86243726d26ac77592327ba70e37e0c9', 'sha1': '2926a491c313f6171cdef32fc03036452ca982b9', 'sha256': 'df4fac97aad4c7d2cdc41f039384ff073f6bac9ac0086b830bdf72c2700d1050'}, 'dob': {'date': '1969-08-30T05:02:51.431Z', 'age': 54}, 'registered': {'date': '2013-12-02T09:43:33.595Z', 'age': 10}, 'phone': '032-0399-580', 'cell': '067-1081-231', 'id': {'name': 'SID', 'value': '898565117'}, 'picture': {'large': 'https://randomuser.me/api/portraits/women/19.jpg', 'medium': 'https://randomuser.me/api/portraits/med/women/19.jpg', 'thumbnail': 'https://randomuser.me/api/portraits/thumb/women/19.jpg'}, 'nat': 'RS'}], 'info': {'seed': '7cb9a1ffde78ad25', 'results': 1, 'page': 1, 'version': '1.4'}}</msg>
<arg>${json_data}</arg>
<doc>Logs the given message with the given level.</doc>
<status status="PASS" start="2024-05-05T06:18:56.564544" elapsed="0.000246"/>
</kw>
<kw name="Should Be Equal As Numbers" owner="BuiltIn">
<arg>${json_data['results'][0]['location']['postcode']}</arg>
<arg>${json_data['results'][0]['location']['postcode']}</arg>
<doc>Fails if objects are unequal after converting them to real numbers.</doc>
<status status="PASS" start="2024-05-05T06:18:56.565272" elapsed="0.000631"/>
</kw>
<kw name="Log" owner="BuiltIn">
<msg time="2024-05-05T06:18:56.566431" level="INFO">24487</msg>
<arg>${json_data['results'][0]['location']['postcode']}</arg>
<doc>Logs the given message with the given level.</doc>
<status status="PASS" start="2024-05-05T06:18:56.566096" elapsed="0.000373"/>
</kw>
<status status="PASS" start="2024-05-05T06:18:56.472865" elapsed="0.093860"/>
</kw>
<doc>Testa se os tipos de dados na resposta da API estão corretos.</doc>
<tag>testeTiposDados</tag>
<status status="PASS" start="2024-05-05T06:18:56.383726" elapsed="0.183164"/>
</test>
<test id="s1-s1-t5" name="Validar conteudo" line="35">
<kw name="Teste de Tipos de Conteudo" owner="random-user-service">
<kw name="GET On Session" owner="RequestsLibrary">
<msg time="2024-05-05T06:18:56.652112" level="INFO">GET Request : url=https://randomuser.me/api 
 path_url=/api 
 headers={'User-Agent': 'python-requests/2.31.0', 'Accept-Encoding': 'gzip, deflate', 'Accept': '*/*', 'Connection': 'keep-alive'} 
 body=None 
 </msg>
<msg time="2024-05-05T06:18:56.652228" level="INFO">GET Response : url=https://randomuser.me/api 
 status=200, reason=OK 
 headers={'Date': 'Sun, 05 May 2024 06:18:56 GMT', 'Content-Type': 'application/json; charset=utf-8', 'Transfer-Encoding': 'chunked', 'Connection': 'keep-alive', 'X-Powered-By': 'Express', 'Access-Control-Allow-Origin': '*', 'Cache-Control': 'no-cache', 'ETag': 'W/"477-GciRfBaeT4s0DQ1tT+NqArSdI/4"', 'Vary': 'Accept-Encoding', 'Content-Encoding': 'gzip', 'CF-Cache-Status': 'DYNAMIC', 'Report-To': '{"endpoints":[{"url":"https:\\/\\/a.nel.cloudflare.com\\/report\\/v4?s=Gi2yF6vLCO0W5%2BFjEMyTeyIu7%2FoaaARd%2F3wvXCpb0f5%2BLKei4mCvAODKqVzXaaAQEQrfFvyTryW4UGcqLQQA5V3ZweXnE311DTZkAZ9la%2FMAupTA1ksYDqP2rcNoewBY"}],"group":"cf-nel","max_age":604800}', 'NEL': '{"success_fraction":0,"report_to":"cf-nel","max_age":604800}', 'Server': 'cloudflare', 'CF-RAY': '87ee9db79cd03b62-IAD', 'alt-svc': 'h3=":443"; ma=86400'} 
 body={"results":[{"gender":"male","name":{"title":"Mr","first":"Romarigo","last":"Rezende"},"location":{"street":{"number":4491,"name":"Rua Um"},"city":"Teófilo Otoni","state":"Acre","country":"Brazil","postcode":14530,"coordinates":{"latitude":"-73.0657","longitude":"-50.8721"},"timezone":{"offset":"+3:30","description":"Tehran"}},"email":"romarigo.rezende@example.com","login":{"uuid":"dd97ee00-3385-4138-a2a7-58914ff5a9b3","username":"purplekoala405","password":"bigblock","salt":"opIwfnFh","md5":"824e9b9770c2f7f646f8447c494544d2","sha1":"08b9ee9cde740f5daf997e7858d9a7f960ac8a48","sha256":"5a50f81e01fa75794e2f9c7b108a296261a5eb29bd0e8ccd5810fe1f2a6a6a78"},"dob":{"date":"1975-10-31T15:41:24.490Z","age":48},"registered":{"date":"2013-10-21T22:19:51.408Z","age":10},"phone":"(29) 9365-7259","cell":"(01) 8712-6693","id":{"name":"CPF","value":"805.991.757-57"},"picture":{"large":"https://randomuser.me/api/portraits/men/9.jpg","medium":"https://randomuser.me/api/portraits/med/men/9.jpg","thumbnail":"https://randomuser.me/api/portraits/thumb/men/9.jpg"},"nat":"BR"}],"info":{"seed":"15b5fe3098a2f792","results":1,"page":1,"version":"1.4"}} 
 </msg>
<msg time="2024-05-05T06:18:56.652307" level="INFO">/opt/hostedtoolcache/Python/3.12.3/x64/lib/python3.12/site-packages/urllib3/connectionpool.py:1103: InsecureRequestWarning: Unverified HTTPS request is being made to host 'randomuser.me'. Adding certificate verification is strongly advised. See: https://urllib3.readthedocs.io/en/latest/advanced-usage.html#tls-warnings
  warnings.warn(</msg>
<msg time="2024-05-05T06:18:56.652424" level="INFO">${response} = &lt;Response [200]&gt;</msg>
<var>${response}</var>
<arg>consultarAPI</arg>
<arg>/api</arg>
<doc>Sends a GET request on a previously created HTTP Session.</doc>
<status status="PASS" start="2024-05-05T06:18:56.569373" elapsed="0.083078"/>
</kw>
<kw name="Set Variable" owner="BuiltIn">
<msg time="2024-05-05T06:18:56.653536" level="INFO">${json_data} = {'results': [{'gender': 'male', 'name': {'title': 'Mr', 'first': 'Romarigo', 'last': 'Rezende'}, 'location': {'street': {'number': 4491, 'name': 'Rua Um'}, 'city': 'Teófilo Otoni', 'state': 'Acre', 'c...</msg>
<var>${json_data}</var>
<arg>${response.json()}</arg>
<doc>Returns the given values which can then be assigned to a variables.</doc>
<status status="PASS" start="2024-05-05T06:18:56.652993" elapsed="0.000573"/>
</kw>
<kw name="Set Variable" owner="BuiltIn">
<msg time="2024-05-05T06:18:56.654286" level="INFO">${name_title} = Mr</msg>
<var>${name_title}</var>
<arg>${json_data["results"][0]["name"]["title"]}</arg>
<doc>Returns the given values which can then be assigned to a variables.</doc>
<status status="PASS" start="2024-05-05T06:18:56.653886" elapsed="0.000425"/>
</kw>
<kw name="Create List" owner="BuiltIn">
<msg time="2024-05-05T06:18:56.654782" level="INFO">${allowed_titles} = ['Mr', 'Ms', 'Miss', 'Mrs', 'Madame', 'Monsieur']</msg>
<var>${allowed_titles}</var>
<arg>Mr</arg>
<arg>Ms</arg>
<arg>Miss</arg>
<arg>Mrs</arg>
<arg>Madame</arg>
<arg>Monsieur</arg>
<doc>Returns a list containing given items.</doc>
<status status="PASS" start="2024-05-05T06:18:56.654618" elapsed="0.000188"/>
</kw>
<kw name="List Should Contain Value" owner="Collections">
<msg time="2024-05-05T06:18:56.655332" level="INFO">False</msg>
<arg>${allowed_titles}</arg>
<arg>${name_title}</arg>
<doc>Fails if the ``value`` is not found from ``list``.</doc>
<status status="PASS" start="2024-05-05T06:18:56.655148" elapsed="0.000221"/>
</kw>
<kw name="Set Variable" owner="BuiltIn">
<msg time="2024-05-05T06:18:56.656058" level="INFO">${name_country} = BR</msg>
<var>${name_country}</var>
<arg>${json_data["results"][0]["nat"]}</arg>
<doc>Returns the given values which can then be assigned to a variables.</doc>
<status status="PASS" start="2024-05-05T06:18:56.655668" elapsed="0.000416"/>
</kw>
<kw name="Create List" owner="BuiltIn">
<msg time="2024-05-05T06:18:56.656977" level="INFO">${list_country} = ['AD', 'AE', 'AF', 'AG', 'AI', 'AL', 'AM', 'AO', 'AQ', 'AR', 'AS', 'AT', 'AU', 'AW', 'AX', 'AZ', 'BA', 'BB', 'BD', 'BE', 'BF', 'BG', 'BH', 'BI', 'BJ', 'BL', 'BM', 'BN', 'BO', 'BQ', 'BR', 'BS', 'BT', '...</msg>
<var>${list_country}</var>
<arg>AD</arg>
<arg>AE</arg>
<arg>AF</arg>
<arg>AG</arg>
<arg>AI</arg>
<arg>AL</arg>
<arg>AM</arg>
<arg>AO</arg>
<arg>AQ</arg>
<arg>AR</arg>
<arg>AS</arg>
<arg>AT</arg>
<arg>AU</arg>
<arg>AW</arg>
<arg>AX</arg>
<arg>AZ</arg>
<arg>BA</arg>
<arg>BB</arg>
<arg>BD</arg>
<arg>BE</arg>
<arg>BF</arg>
<arg>BG</arg>
<arg>BH</arg>
<arg>BI</arg>
<arg>BJ</arg>
<arg>BL</arg>
<arg>BM</arg>
<arg>BN</arg>
<arg>BO</arg>
<arg>BQ</arg>
<arg>BR</arg>
<arg>BS</arg>
<arg>BT</arg>
<arg>BV</arg>
<arg>BW</arg>
<arg>BY</arg>
<arg>BZ</arg>
<arg>CA</arg>
<arg>CC</arg>
<arg>CD</arg>
<arg>CF</arg>
<arg>CG</arg>
<arg>CH</arg>
<arg>CI</arg>
<arg>CK</arg>
<arg>CL</arg>
<arg>CM</arg>
<arg>CN</arg>
<arg>CO</arg>
<arg>CR</arg>
<arg>CU</arg>
<arg>CV</arg>
<arg>CW</arg>
<arg>CX</arg>
<arg>CY</arg>
<arg>CZ</arg>
<arg>DE</arg>
<arg>DJ</arg>
<arg>DK</arg>
<arg>DM</arg>
<arg>DO</arg>
<arg>DZ</arg>
<arg>EC</arg>
<arg>EE</arg>
<arg>EG</arg>
<arg>EH</arg>
<arg>ER</arg>
<arg>ES</arg>
<arg>ET</arg>
<arg>FI</arg>
<arg>FJ</arg>
<arg>FK</arg>
<arg>FM</arg>
<arg>FO</arg>
<arg>FR</arg>
<arg>GA</arg>
<arg>GB</arg>
<arg>GD</arg>
<arg>GE</arg>
<arg>GF</arg>
<arg>GG</arg>
<arg>GH</arg>
<arg>GI</arg>
<arg>GL</arg>
<arg>GM</arg>
<arg>GN</arg>
<arg>GP</arg>
<arg>GQ</arg>
<arg>GR</arg>
<arg>GS</arg>
<arg>GT</arg>
<arg>GU</arg>
<arg>GW</arg>
<arg>GY</arg>
<arg>HK</arg>
<arg>HM</arg>
<arg>HN</arg>
<arg>HR</arg>
<arg>HT</arg>
<arg>HU</arg>
<arg>ID</arg>
<arg>IE</arg>
<arg>IL</arg>
<arg>IM</arg>
<arg>IN</arg>
<arg>IO</arg>
<arg>IQ</arg>
<arg>IR</arg>
<arg>IS</arg>
<arg>IT</arg>
<arg>JE</arg>
<arg>JM</arg>
<arg>JO</arg>
<arg>JP</arg>
<arg>KE</arg>
<arg>KG</arg>
<arg>KH</arg>
<arg>KI</arg>
<arg>KM</arg>
<arg>KN</arg>
<arg>KP</arg>
<arg>KR</arg>
<arg>KW</arg>
<arg>KY</arg>
<arg>KZ</arg>
<arg>LA</arg>
<arg>LB</arg>
<arg>LC</arg>
<arg>LI</arg>
<arg>LK</arg>
<arg>LR</arg>
<arg>LS</arg>
<arg>LT</arg>
<arg>LU</arg>
<arg>LV</arg>
<arg>LY</arg>
<arg>MA</arg>
<arg>MC</arg>
<arg>MD</arg>
<arg>ME</arg>
<arg>MF</arg>
<arg>MG</arg>
<arg>MH</arg>
<arg>MK</arg>
<arg>ML</arg>
<arg>MM</arg>
<arg>MN</arg>
<arg>MO</arg>
<arg>MP</arg>
<arg>MQ</arg>
<arg>MR</arg>
<arg>MS</arg>
<arg>MT</arg>
<arg>MU</arg>
<arg>MV</arg>
<arg>MW</arg>
<arg>MX</arg>
<arg>MY</arg>
<arg>MZ</arg>
<arg>NA</arg>
<arg>NC</arg>
<arg>NE</arg>
<arg>NF</arg>
<arg>NG</arg>
<arg>NI</arg>
<arg>NL</arg>
<arg>NO</arg>
<arg>NP</arg>
<arg>NR</arg>
<arg>NU</arg>
<arg>NZ</arg>
<arg>OM</arg>
<arg>PA</arg>
<arg>PE</arg>
<arg>PF</arg>
<arg>PG</arg>
<arg>PH</arg>
<arg>PK</arg>
<arg>PL</arg>
<arg>PM</arg>
<arg>PN</arg>
<arg>PR</arg>
<arg>PS</arg>
<arg>PT</arg>
<arg>PW</arg>
<arg>PY</arg>
<arg>QA</arg>
<arg>RE</arg>
<arg>RO</arg>
<arg>RS</arg>
<arg>RU</arg>
<arg>RW</arg>
<arg>SA</arg>
<arg>SB</arg>
<arg>SC</arg>
<arg>SD</arg>
<arg>SE</arg>
<arg>SG</arg>
<arg>SH</arg>
<arg>SI</arg>
<arg>SJ</arg>
<arg>SK</arg>
<arg>SL</arg>
<arg>SM</arg>
<arg>SN</arg>
<arg>SO</arg>
<arg>SR</arg>
<arg>SS</arg>
<arg>ST</arg>
<arg>SV</arg>
<arg>SX</arg>
<arg>SY</arg>
<arg>SZ</arg>
<arg>TC</arg>
<arg>TD</arg>
<arg>TF</arg>
<arg>TG</arg>
<arg>TH</arg>
<arg>TJ</arg>
<arg>TK</arg>
<arg>TL</arg>
<arg>TM</arg>
<arg>TN</arg>
<arg>TO</arg>
<arg>TR</arg>
<arg>TT</arg>
<arg>TV</arg>
<arg>TW</arg>
<arg>TZ</arg>
<arg>UA</arg>
<arg>UG</arg>
<arg>UM</arg>
<arg>US</arg>
<arg>UY</arg>
<arg>UZ</arg>
<arg>VA</arg>
<arg>VC</arg>
<arg>VE</arg>
<arg>VG</arg>
<arg>VI</arg>
<arg>VN</arg>
<arg>VU</arg>
<arg>WF</arg>
<arg>WS</arg>
<arg>XK</arg>
<arg>YE</arg>
<arg>YT</arg>
<arg>ZA</arg>
<arg>ZM</arg>
<arg>ZW</arg>
<doc>Returns a list containing given items.</doc>
<status status="PASS" start="2024-05-05T06:18:56.656390" elapsed="0.000613"/>
</kw>
<kw name="List Should Contain Value" owner="Collections">
<msg time="2024-05-05T06:18:56.658014" level="INFO">False</msg>
<arg>${list_country}</arg>
<arg>${name_country}</arg>
<doc>Fails if the ``value`` is not found from ``list``.</doc>
<status status="PASS" start="2024-05-05T06:18:56.657807" elapsed="0.000243"/>
</kw>
<kw name="Run Keyword If" owner="BuiltIn">
<kw name="Should Be True" owner="BuiltIn">
<arg>${True}</arg>
<doc>Fails if the given condition is not true.</doc>
<status status="PASS" start="2024-05-05T06:18:56.659180" elapsed="0.000288"/>
</kw>
<arg>${json_data["results"][0]["location"]["coordinates"]["latitude"]} &gt;= -90 and ${json_data["results"][0]["location"]["coordinates"]["latitude"]} &lt;= 90</arg>
<arg>Should Be True</arg>
<arg>${True}</arg>
<doc>Runs the given keyword with the given arguments, if ``condition`` is true.</doc>
<status status="PASS" start="2024-05-05T06:18:56.658370" elapsed="0.001235"/>
</kw>
<kw name="Run Keyword If" owner="BuiltIn">
<kw name="Should Be True" owner="BuiltIn">
<arg>${True}</arg>
<doc>Fails if the given condition is not true.</doc>
<status status="PASS" start="2024-05-05T06:18:56.660512" elapsed="0.000141"/>
</kw>
<arg>${json_data["results"][0]["location"]["coordinates"]["longitude"]} &gt;= -180 and ${json_data["results"][0]["location"]["coordinates"]["longitude"]} &lt;= 180</arg>
<arg>Should Be True</arg>
<arg>${True}</arg>
<doc>Runs the given keyword with the given arguments, if ``condition`` is true.</doc>
<status status="PASS" start="2024-05-05T06:18:56.659795" elapsed="0.000985"/>
</kw>
<status status="PASS" start="2024-05-05T06:18:56.569145" elapsed="0.091770"/>
</kw>
<doc>Testa o conteúdo específico dos campos retornados pela API.</doc>
<tag>testeConteudo</tag>
<status status="PASS" start="2024-05-05T06:18:56.568685" elapsed="0.092382"/>
</test>
<status status="PASS" start="2024-05-05T06:18:55.719789" elapsed="0.943239"/>
</suite>
<status status="PASS" start="2024-05-05T06:18:55.705935" elapsed="0.962493"/>
</suite>
<statistics>
<total>
<stat pass="5" fail="0" skip="0">All Tests</stat>
</total>
<tag>
<stat pass="1" fail="0" skip="0">testeConteudo</stat>
<stat pass="1" fail="0" skip="0">testeEstruturaResposta</stat>
<stat pass="1" fail="0" skip="0">testeRequisicaoBasica</stat>
<stat pass="1" fail="0" skip="0">testeTiposDados</stat>
</tag>
<suite>
<stat pass="5" fail="0" skip="0" id="s1" name="Tests">Tests</stat>
<stat pass="5" fail="0" skip="0" id="s1-s1" name="Random-User-Test">Tests.Random-User-Test</stat>
</suite>
</statistics>
<errors>
</errors>
</robot>
