<?xml version="1.0" encoding="UTF-8"?>
<robot generator="Robot 7.0.1 (Python 3.12.3 on linux)" generated="2024-06-18T10:16:03.499581" rpa="false" schemaversion="5">
<suite id="s1" name="Tests" source="/home/runner/work/ApiRandomUser/ApiRandomUser/RamdonUser/tests">
<suite id="s1-s1" name="Random-User-Test" source="/home/runner/work/ApiRandomUser/ApiRandomUser/RamdonUser/tests/random-user-test.robot">
<test id="s1-s1-t1" name="Conectar" line="13">
<kw name="Conectar API" owner="random-user-service">
<kw name="Create Session" owner="RequestsLibrary">
<msg time="2024-06-18T10:16:03.908207" level="INFO">Creating Session using : alias=consultarAPI, url=https://randomuser.me/, headers={},                     cookies={}, auth=None, timeout=None, proxies=None, verify=False,                     debug=0 </msg>
<arg>consultarAPI</arg>
<arg>${URL}</arg>
<doc>Create Session: create a HTTP session to a server</doc>
<status status="PASS" start="2024-06-18T10:16:03.907999" elapsed="0.000401"/>
</kw>
<status status="PASS" start="2024-06-18T10:16:03.906944" elapsed="0.001818"/>
</kw>
<status status="PASS" start="2024-06-18T10:16:03.906353" elapsed="0.002672"/>
</test>
<test id="s1-s1-t2" name="Validar retorno 200 e JSON Válido" line="16">
<kw name="Teste de Requisicao Basica" owner="random-user-service">
<kw name="GET On Session" owner="RequestsLibrary">
<msg time="2024-06-18T10:16:04.219328" level="INFO">GET Request : url=https://randomuser.me/api 
 path_url=/api 
 headers={'User-Agent': 'python-requests/2.32.3', 'Accept-Encoding': 'gzip, deflate', 'Accept': '*/*', 'Connection': 'keep-alive'} 
 body=None 
 </msg>
<msg time="2024-06-18T10:16:04.219488" level="INFO">GET Response : url=https://randomuser.me/api 
 status=200, reason=OK 
 headers={'Date': 'Tue, 18 Jun 2024 10:16:04 GMT', 'Content-Type': 'application/json; charset=utf-8', 'Transfer-Encoding': 'chunked', 'Connection': 'keep-alive', 'X-Powered-By': 'Express', 'Access-Control-Allow-Origin': '*', 'Cache-Control': 'no-cache', 'ETag': 'W/"492-sn+xv7b47LHAQGATqjGG17yROGY"', 'Vary': 'Accept-Encoding', 'Content-Encoding': 'gzip', 'CF-Cache-Status': 'DYNAMIC', 'Report-To': '{"endpoints":[{"url":"https:\\/\\/a.nel.cloudflare.com\\/report\\/v4?s=yfT8DE%2BO3UJLTVdEQY%2B6H4wreujhuEpBIQfqHR%2B%2FkA%2BxTmzU3O9yJetcfY2T0fn0BrK0C6Asq3tO4BOpwRtPlUud70qS7IpODBm1YZNbZEStFiOzlRsYULkx%2FHje122F"}],"group":"cf-nel","max_age":604800}', 'NEL': '{"success_fraction":0,"report_to":"cf-nel","max_age":604800}', 'Server': 'cloudflare', 'CF-RAY': '895a85915beb818c-IAD', 'alt-svc': 'h3=":443"; ma=86400'} 
 body={"results":[{"gender":"female","name":{"title":"Miss","first":"Anka","last":"Šerbedžija"},"location":{"street":{"number":7436,"name":"Tesarska"},"city":"Sečanj","state":"Toplica","country":"Serbia","postcode":41500,"coordinates":{"latitude":"63.2449","longitude":"57.7463"},"timezone":{"offset":"+5:30","description":"Bombay, Calcutta, Madras, New Delhi"}},"email":"anka.serbedzija@example.com","login":{"uuid":"1a3bbdbe-5923-4eab-a97e-9827dd46020a","username":"tinymeercat580","password":"jessie","salt":"Kkp4OS6K","md5":"d25f83c6a4d9925664c3c8848d4eee71","sha1":"61a5b3b13df74e24c6fb1ec19cd18214e69bd26f","sha256":"5b93f9199e96de681f98dc3eb3ffbf1c628657d2a08373658cd70d2c6d28e453"},"dob":{"date":"1952-02-15T07:18:16.689Z","age":72},"registered":{"date":"2011-03-06T22:05:02.126Z","age":13},"phone":"033-3010-639","cell":"063-6469-553","id":{"name":"SID","value":"049173555"},"picture":{"large":"https://randomuser.me/api/portraits/women/81.jpg","medium":"https://randomuser.me/api/portraits/med/women/81.jpg","thumbnail":"https://randomuser.me/api/portraits/thumb/women/81.jpg"},"nat":"RS"}],"info":{"seed":"0b2acb0e97b8fd66","results":1,"page":1,"version":"1.4"}} 
 </msg>
<msg time="2024-06-18T10:16:04.219578" level="INFO">/opt/hostedtoolcache/Python/3.12.3/x64/lib/python3.12/site-packages/urllib3/connectionpool.py:1099: InsecureRequestWarning: Unverified HTTPS request is being made to host 'randomuser.me'. Adding certificate verification is strongly advised. See: https://urllib3.readthedocs.io/en/latest/advanced-usage.html#tls-warnings
  warnings.warn(</msg>
<msg time="2024-06-18T10:16:04.219743" level="INFO">${response} = &lt;Response [200]&gt;</msg>
<var>${response}</var>
<arg>consultarAPI</arg>
<arg>/api</arg>
<doc>Sends a GET request on a previously created HTTP Session.</doc>
<status status="PASS" start="2024-06-18T10:16:03.911624" elapsed="0.308167"/>
</kw>
<kw name="Should Be Equal As Numbers" owner="BuiltIn">
<msg time="2024-06-18T10:16:04.220816" level="INFO">Argument types are:
&lt;class 'int'&gt;
&lt;class 'str'&gt;</msg>
<arg>${response.status_code}</arg>
<arg>200</arg>
<doc>Fails if objects are unequal after converting them to real numbers.</doc>
<status status="PASS" start="2024-06-18T10:16:04.220341" elapsed="0.000542"/>
</kw>
<kw name="Log" owner="BuiltIn">
<msg time="2024-06-18T10:16:04.221596" level="INFO">200</msg>
<arg>${response.status_code}</arg>
<doc>Logs the given message with the given level.</doc>
<status status="PASS" start="2024-06-18T10:16:04.221239" elapsed="0.000400"/>
</kw>
<kw name="Set Variable" owner="BuiltIn">
<msg time="2024-06-18T10:16:04.222423" level="INFO">${json_data} = {'results': [{'gender': 'female', 'name': {'title': 'Miss', 'first': 'Anka', 'last': 'Šerbedžija'}, 'location': {'street': {'number': 7436, 'name': 'Tesarska'}, 'city': 'Sečanj', 'state': 'Toplica', '...</msg>
<var>${json_data}</var>
<arg>${response.json()}</arg>
<doc>Returns the given values which can then be assigned to a variables.</doc>
<status status="PASS" start="2024-06-18T10:16:04.221961" elapsed="0.000529"/>
</kw>
<kw name="Dictionary Should Contain Key" owner="Collections">
<arg>${json_data}</arg>
<arg>results</arg>
<doc>Fails if ``key`` is not found from ``dictionary``.</doc>
<status status="PASS" start="2024-06-18T10:16:04.222810" elapsed="0.000186"/>
</kw>
<status status="PASS" start="2024-06-18T10:16:03.911385" elapsed="0.311768"/>
</kw>
<doc>Testa se a API responde corretamente e retorna um objeto JSON válido.</doc>
<tag>testeRequisicaoBasica</tag>
<status status="PASS" start="2024-06-18T10:16:03.910919" elapsed="0.312412"/>
</test>
<test id="s1-s1-t3" name="Validar estrutura de resposta" line="22">
<kw name="Teste de Estrutura de Resposta" owner="random-user-service">
<kw name="GET On Session" owner="RequestsLibrary">
<msg time="2024-06-18T10:16:04.312702" level="INFO">GET Request : url=https://randomuser.me/api 
 path_url=/api 
 headers={'User-Agent': 'python-requests/2.32.3', 'Accept-Encoding': 'gzip, deflate', 'Accept': '*/*', 'Connection': 'keep-alive'} 
 body=None 
 </msg>
<msg time="2024-06-18T10:16:04.312802" level="INFO">GET Response : url=https://randomuser.me/api 
 status=200, reason=OK 
 headers={'Date': 'Tue, 18 Jun 2024 10:16:04 GMT', 'Content-Type': 'application/json; charset=utf-8', 'Transfer-Encoding': 'chunked', 'Connection': 'keep-alive', 'X-Powered-By': 'Express', 'Access-Control-Allow-Origin': '*', 'Cache-Control': 'no-cache', 'ETag': 'W/"4a8-ub+3ew1HOYb6vV35FcX++EvOZAA"', 'Vary': 'Accept-Encoding', 'Content-Encoding': 'gzip', 'CF-Cache-Status': 'DYNAMIC', 'Report-To': '{"endpoints":[{"url":"https:\\/\\/a.nel.cloudflare.com\\/report\\/v4?s=570yDiC2jecUMZcVN7PvgX1DS%2FsRWXqSp0GilxJAZ1kGRZ1utEAWklkcjvgt8TEnVygBtzth16qM2lVWMeOM4OT0b6xgTTyXGpSVq6Lx0t8SJjP9fAWF87A27AXL8OQG"}],"group":"cf-nel","max_age":604800}', 'NEL': '{"success_fraction":0,"report_to":"cf-nel","max_age":604800}', 'Server': 'cloudflare', 'CF-RAY': '895a85926d02818c-IAD', 'alt-svc': 'h3=":443"; ma=86400'} 
 body={"results":[{"gender":"female","name":{"title":"Ms","first":"Noelia","last":"Méndez"},"location":{"street":{"number":7158,"name":"Avenida de La Albufera"},"city":"Castellón de la Plana","state":"Extremadura","country":"Spain","postcode":91398,"coordinates":{"latitude":"-36.6898","longitude":"166.9649"},"timezone":{"offset":"+7:00","description":"Bangkok, Hanoi, Jakarta"}},"email":"noelia.mendez@example.com","login":{"uuid":"b8fdb229-ee8e-4ae8-90d0-18c5ab8aa70b","username":"beautifulbutterfly601","password":"stupid1","salt":"6G3Q5GZa","md5":"88a450aa0d66d84c308b8f2986ada23e","sha1":"d23806ffaf15bd47f50132b7fa71b77bcfff6257","sha256":"2cd3cc398a601e8deb54a5466b10621a244f55e9cd37adc63f2a5bb61783f7ec"},"dob":{"date":"1988-09-16T10:27:51.074Z","age":35},"registered":{"date":"2009-05-04T19:18:45.667Z","age":15},"phone":"975-664-069","cell":"614-215-342","id":{"name":"DNI","value":"66353765-R"},"picture":{"large":"https://randomuser.me/api/portraits/women/60.jpg","medium":"https://randomuser.me/api/portraits/med/women/60.jpg","thumbnail":"https://randomuser.me/api/portraits/thumb/women/60.jpg"},"nat":"ES"}],"info":{"seed":"729766a9c0d6a60d","results":1,"page":1,"version":"1.4"}} 
 </msg>
<msg time="2024-06-18T10:16:04.312960" level="INFO">/opt/hostedtoolcache/Python/3.12.3/x64/lib/python3.12/site-packages/urllib3/connectionpool.py:1099: InsecureRequestWarning: Unverified HTTPS request is being made to host 'randomuser.me'. Adding certificate verification is strongly advised. See: https://urllib3.readthedocs.io/en/latest/advanced-usage.html#tls-warnings
  warnings.warn(</msg>
<msg time="2024-06-18T10:16:04.313112" level="INFO">${response} = &lt;Response [200]&gt;</msg>
<var>${response}</var>
<arg>consultarAPI</arg>
<arg>/api</arg>
<doc>Sends a GET request on a previously created HTTP Session.</doc>
<status status="PASS" start="2024-06-18T10:16:04.226069" elapsed="0.087088"/>
</kw>
<kw name="Set Variable" owner="BuiltIn">
<msg time="2024-06-18T10:16:04.314212" level="INFO">${json_data} = {'results': [{'gender': 'female', 'name': {'title': 'Ms', 'first': 'Noelia', 'last': 'Méndez'}, 'location': {'street': {'number': 7158, 'name': 'Avenida de La Albufera'}, 'city': 'Castellón de la Plan...</msg>
<var>${json_data}</var>
<arg>${response.json()}</arg>
<doc>Returns the given values which can then be assigned to a variables.</doc>
<status status="PASS" start="2024-06-18T10:16:04.313686" elapsed="0.000555"/>
</kw>
<kw name="Log" owner="BuiltIn">
<msg time="2024-06-18T10:16:04.314762" level="INFO">{'results': [{'gender': 'female', 'name': {'title': 'Ms', 'first': 'Noelia', 'last': 'Méndez'}, 'location': {'street': {'number': 7158, 'name': 'Avenida de La Albufera'}, 'city': 'Castellón de la Plana', 'state': 'Extremadura', 'country': 'Spain', 'postcode': 91398, 'coordinates': {'latitude': '-36.6898', 'longitude': '166.9649'}, 'timezone': {'offset': '+7:00', 'description': 'Bangkok, Hanoi, Jakarta'}}, 'email': 'noelia.mendez@example.com', 'login': {'uuid': 'b8fdb229-ee8e-4ae8-90d0-18c5ab8aa70b', 'username': 'beautifulbutterfly601', 'password': 'stupid1', 'salt': '6G3Q5GZa', 'md5': '88a450aa0d66d84c308b8f2986ada23e', 'sha1': 'd23806ffaf15bd47f50132b7fa71b77bcfff6257', 'sha256': '2cd3cc398a601e8deb54a5466b10621a244f55e9cd37adc63f2a5bb61783f7ec'}, 'dob': {'date': '1988-09-16T10:27:51.074Z', 'age': 35}, 'registered': {'date': '2009-05-04T19:18:45.667Z', 'age': 15}, 'phone': '975-664-069', 'cell': '614-215-342', 'id': {'name': 'DNI', 'value': '66353765-R'}, 'picture': {'large': 'https://randomuser.me/api/portraits/women/60.jpg', 'medium': 'https://randomuser.me/api/portraits/med/women/60.jpg', 'thumbnail': 'https://randomuser.me/api/portraits/thumb/women/60.jpg'}, 'nat': 'ES'}], 'info': {'seed': '729766a9c0d6a60d', 'results': 1, 'page': 1, 'version': '1.4'}}</msg>
<arg>${json_data}</arg>
<doc>Logs the given message with the given level.</doc>
<status status="PASS" start="2024-06-18T10:16:04.314600" elapsed="0.000211"/>
</kw>
<kw name="Dictionary Should Contain Key" owner="Collections">
<arg>${json_data}</arg>
<arg>results</arg>
<doc>Fails if ``key`` is not found from ``dictionary``.</doc>
<status status="PASS" start="2024-06-18T10:16:04.315108" elapsed="0.000160"/>
</kw>
<kw name="Should Not Be Empty" owner="BuiltIn">
<msg time="2024-06-18T10:16:04.315576" level="INFO">Length is 2.</msg>
<arg>${json_data}</arg>
<doc>Verifies that the given item is not empty.</doc>
<status status="PASS" start="2024-06-18T10:16:04.315454" elapsed="0.000159"/>
</kw>
<kw name="Create List" owner="BuiltIn">
<msg time="2024-06-18T10:16:04.316045" level="INFO">${expected_keys} = ['gender', 'name', 'location', 'email', 'login']</msg>
<var>${expected_keys}</var>
<arg>gender</arg>
<arg>name</arg>
<arg>location</arg>
<arg>email</arg>
<arg>login</arg>
<doc>Returns a list containing given items.</doc>
<status status="PASS" start="2024-06-18T10:16:04.315900" elapsed="0.000168"/>
</kw>
<for flavor="IN">
<iter>
<kw name="Dictionary Should Contain Key" owner="Collections">
<arg>${json_data['results'][0]}</arg>
<arg>${key}</arg>
<doc>Fails if ``key`` is not found from ``dictionary``.</doc>
<status status="PASS" start="2024-06-18T10:16:04.316672" elapsed="0.000413"/>
</kw>
<kw name="Log" owner="BuiltIn">
<msg time="2024-06-18T10:16:04.317653" level="INFO">{'gender': 'female', 'name': {'title': 'Ms', 'first': 'Noelia', 'last': 'Méndez'}, 'location': {'street': {'number': 7158, 'name': 'Avenida de La Albufera'}, 'city': 'Castellón de la Plana', 'state': 'Extremadura', 'country': 'Spain', 'postcode': 91398, 'coordinates': {'latitude': '-36.6898', 'longitude': '166.9649'}, 'timezone': {'offset': '+7:00', 'description': 'Bangkok, Hanoi, Jakarta'}}, 'email': 'noelia.mendez@example.com', 'login': {'uuid': 'b8fdb229-ee8e-4ae8-90d0-18c5ab8aa70b', 'username': 'beautifulbutterfly601', 'password': 'stupid1', 'salt': '6G3Q5GZa', 'md5': '88a450aa0d66d84c308b8f2986ada23e', 'sha1': 'd23806ffaf15bd47f50132b7fa71b77bcfff6257', 'sha256': '2cd3cc398a601e8deb54a5466b10621a244f55e9cd37adc63f2a5bb61783f7ec'}, 'dob': {'date': '1988-09-16T10:27:51.074Z', 'age': 35}, 'registered': {'date': '2009-05-04T19:18:45.667Z', 'age': 15}, 'phone': '975-664-069', 'cell': '614-215-342', 'id': {'name': 'DNI', 'value': '66353765-R'}, 'picture': {'large': 'https://randomuser.me/api/portraits/women/60.jpg', 'medium': 'https://randomuser.me/api/portraits/med/women/60.jpg', 'thumbnail': 'https://randomuser.me/api/portraits/thumb/women/60.jpg'}, 'nat': 'ES'}</msg>
<arg>${json_data['results'][0]}</arg>
<doc>Logs the given message with the given level.</doc>
<status status="PASS" start="2024-06-18T10:16:04.317277" elapsed="0.000428"/>
</kw>
<kw name="Log" owner="BuiltIn">
<msg time="2024-06-18T10:16:04.318134" level="INFO">gender</msg>
<arg>${key}</arg>
<doc>Logs the given message with the given level.</doc>
<status status="PASS" start="2024-06-18T10:16:04.318005" elapsed="0.000167"/>
</kw>
<var name="${key}">gender</var>
<status status="PASS" start="2024-06-18T10:16:04.316536" elapsed="0.001857"/>
</iter>
<iter>
<kw name="Dictionary Should Contain Key" owner="Collections">
<arg>${json_data['results'][0]}</arg>
<arg>${key}</arg>
<doc>Fails if ``key`` is not found from ``dictionary``.</doc>
<status status="PASS" start="2024-06-18T10:16:04.318741" elapsed="0.000393"/>
</kw>
<kw name="Log" owner="BuiltIn">
<msg time="2024-06-18T10:16:04.319716" level="INFO">{'gender': 'female', 'name': {'title': 'Ms', 'first': 'Noelia', 'last': 'Méndez'}, 'location': {'street': {'number': 7158, 'name': 'Avenida de La Albufera'}, 'city': 'Castellón de la Plana', 'state': 'Extremadura', 'country': 'Spain', 'postcode': 91398, 'coordinates': {'latitude': '-36.6898', 'longitude': '166.9649'}, 'timezone': {'offset': '+7:00', 'description': 'Bangkok, Hanoi, Jakarta'}}, 'email': 'noelia.mendez@example.com', 'login': {'uuid': 'b8fdb229-ee8e-4ae8-90d0-18c5ab8aa70b', 'username': 'beautifulbutterfly601', 'password': 'stupid1', 'salt': '6G3Q5GZa', 'md5': '88a450aa0d66d84c308b8f2986ada23e', 'sha1': 'd23806ffaf15bd47f50132b7fa71b77bcfff6257', 'sha256': '2cd3cc398a601e8deb54a5466b10621a244f55e9cd37adc63f2a5bb61783f7ec'}, 'dob': {'date': '1988-09-16T10:27:51.074Z', 'age': 35}, 'registered': {'date': '2009-05-04T19:18:45.667Z', 'age': 15}, 'phone': '975-664-069', 'cell': '614-215-342', 'id': {'name': 'DNI', 'value': '66353765-R'}, 'picture': {'large': 'https://randomuser.me/api/portraits/women/60.jpg', 'medium': 'https://randomuser.me/api/portraits/med/women/60.jpg', 'thumbnail': 'https://randomuser.me/api/portraits/thumb/women/60.jpg'}, 'nat': 'ES'}</msg>
<arg>${json_data['results'][0]}</arg>
<doc>Logs the given message with the given level.</doc>
<status status="PASS" start="2024-06-18T10:16:04.319355" elapsed="0.000411"/>
</kw>
<kw name="Log" owner="BuiltIn">
<msg time="2024-06-18T10:16:04.320199" level="INFO">name</msg>
<arg>${key}</arg>
<doc>Logs the given message with the given level.</doc>
<status status="PASS" start="2024-06-18T10:16:04.320070" elapsed="0.000167"/>
</kw>
<var name="${key}">name</var>
<status status="PASS" start="2024-06-18T10:16:04.318626" elapsed="0.001834"/>
</iter>
<iter>
<kw name="Dictionary Should Contain Key" owner="Collections">
<arg>${json_data['results'][0]}</arg>
<arg>${key}</arg>
<doc>Fails if ``key`` is not found from ``dictionary``.</doc>
<status status="PASS" start="2024-06-18T10:16:04.320750" elapsed="0.000382"/>
</kw>
<kw name="Log" owner="BuiltIn">
<msg time="2024-06-18T10:16:04.321668" level="INFO">{'gender': 'female', 'name': {'title': 'Ms', 'first': 'Noelia', 'last': 'Méndez'}, 'location': {'street': {'number': 7158, 'name': 'Avenida de La Albufera'}, 'city': 'Castellón de la Plana', 'state': 'Extremadura', 'country': 'Spain', 'postcode': 91398, 'coordinates': {'latitude': '-36.6898', 'longitude': '166.9649'}, 'timezone': {'offset': '+7:00', 'description': 'Bangkok, Hanoi, Jakarta'}}, 'email': 'noelia.mendez@example.com', 'login': {'uuid': 'b8fdb229-ee8e-4ae8-90d0-18c5ab8aa70b', 'username': 'beautifulbutterfly601', 'password': 'stupid1', 'salt': '6G3Q5GZa', 'md5': '88a450aa0d66d84c308b8f2986ada23e', 'sha1': 'd23806ffaf15bd47f50132b7fa71b77bcfff6257', 'sha256': '2cd3cc398a601e8deb54a5466b10621a244f55e9cd37adc63f2a5bb61783f7ec'}, 'dob': {'date': '1988-09-16T10:27:51.074Z', 'age': 35}, 'registered': {'date': '2009-05-04T19:18:45.667Z', 'age': 15}, 'phone': '975-664-069', 'cell': '614-215-342', 'id': {'name': 'DNI', 'value': '66353765-R'}, 'picture': {'large': 'https://randomuser.me/api/portraits/women/60.jpg', 'medium': 'https://randomuser.me/api/portraits/med/women/60.jpg', 'thumbnail': 'https://randomuser.me/api/portraits/thumb/women/60.jpg'}, 'nat': 'ES'}</msg>
<arg>${json_data['results'][0]}</arg>
<doc>Logs the given message with the given level.</doc>
<status status="PASS" start="2024-06-18T10:16:04.321317" elapsed="0.000399"/>
</kw>
<kw name="Log" owner="BuiltIn">
<msg time="2024-06-18T10:16:04.322142" level="INFO">location</msg>
<arg>${key}</arg>
<doc>Logs the given message with the given level.</doc>
<status status="PASS" start="2024-06-18T10:16:04.322017" elapsed="0.000163"/>
</kw>
<var name="${key}">location</var>
<status status="PASS" start="2024-06-18T10:16:04.320641" elapsed="0.001766"/>
</iter>
<iter>
<kw name="Dictionary Should Contain Key" owner="Collections">
<arg>${json_data['results'][0]}</arg>
<arg>${key}</arg>
<doc>Fails if ``key`` is not found from ``dictionary``.</doc>
<status status="PASS" start="2024-06-18T10:16:04.322736" elapsed="0.000384"/>
</kw>
<kw name="Log" owner="BuiltIn">
<msg time="2024-06-18T10:16:04.323661" level="INFO">{'gender': 'female', 'name': {'title': 'Ms', 'first': 'Noelia', 'last': 'Méndez'}, 'location': {'street': {'number': 7158, 'name': 'Avenida de La Albufera'}, 'city': 'Castellón de la Plana', 'state': 'Extremadura', 'country': 'Spain', 'postcode': 91398, 'coordinates': {'latitude': '-36.6898', 'longitude': '166.9649'}, 'timezone': {'offset': '+7:00', 'description': 'Bangkok, Hanoi, Jakarta'}}, 'email': 'noelia.mendez@example.com', 'login': {'uuid': 'b8fdb229-ee8e-4ae8-90d0-18c5ab8aa70b', 'username': 'beautifulbutterfly601', 'password': 'stupid1', 'salt': '6G3Q5GZa', 'md5': '88a450aa0d66d84c308b8f2986ada23e', 'sha1': 'd23806ffaf15bd47f50132b7fa71b77bcfff6257', 'sha256': '2cd3cc398a601e8deb54a5466b10621a244f55e9cd37adc63f2a5bb61783f7ec'}, 'dob': {'date': '1988-09-16T10:27:51.074Z', 'age': 35}, 'registered': {'date': '2009-05-04T19:18:45.667Z', 'age': 15}, 'phone': '975-664-069', 'cell': '614-215-342', 'id': {'name': 'DNI', 'value': '66353765-R'}, 'picture': {'large': 'https://randomuser.me/api/portraits/women/60.jpg', 'medium': 'https://randomuser.me/api/portraits/med/women/60.jpg', 'thumbnail': 'https://randomuser.me/api/portraits/thumb/women/60.jpg'}, 'nat': 'ES'}</msg>
<arg>${json_data['results'][0]}</arg>
<doc>Logs the given message with the given level.</doc>
<status status="PASS" start="2024-06-18T10:16:04.323302" elapsed="0.000419"/>
</kw>
<kw name="Log" owner="BuiltIn">
<msg time="2024-06-18T10:16:04.324200" level="INFO">email</msg>
<arg>${key}</arg>
<doc>Logs the given message with the given level.</doc>
<status status="PASS" start="2024-06-18T10:16:04.324067" elapsed="0.000170"/>
</kw>
<var name="${key}">email</var>
<status status="PASS" start="2024-06-18T10:16:04.322625" elapsed="0.001830"/>
</iter>
<iter>
<kw name="Dictionary Should Contain Key" owner="Collections">
<arg>${json_data['results'][0]}</arg>
<arg>${key}</arg>
<doc>Fails if ``key`` is not found from ``dictionary``.</doc>
<status status="PASS" start="2024-06-18T10:16:04.324739" elapsed="0.000378"/>
</kw>
<kw name="Log" owner="BuiltIn">
<msg time="2024-06-18T10:16:04.325652" level="INFO">{'gender': 'female', 'name': {'title': 'Ms', 'first': 'Noelia', 'last': 'Méndez'}, 'location': {'street': {'number': 7158, 'name': 'Avenida de La Albufera'}, 'city': 'Castellón de la Plana', 'state': 'Extremadura', 'country': 'Spain', 'postcode': 91398, 'coordinates': {'latitude': '-36.6898', 'longitude': '166.9649'}, 'timezone': {'offset': '+7:00', 'description': 'Bangkok, Hanoi, Jakarta'}}, 'email': 'noelia.mendez@example.com', 'login': {'uuid': 'b8fdb229-ee8e-4ae8-90d0-18c5ab8aa70b', 'username': 'beautifulbutterfly601', 'password': 'stupid1', 'salt': '6G3Q5GZa', 'md5': '88a450aa0d66d84c308b8f2986ada23e', 'sha1': 'd23806ffaf15bd47f50132b7fa71b77bcfff6257', 'sha256': '2cd3cc398a601e8deb54a5466b10621a244f55e9cd37adc63f2a5bb61783f7ec'}, 'dob': {'date': '1988-09-16T10:27:51.074Z', 'age': 35}, 'registered': {'date': '2009-05-04T19:18:45.667Z', 'age': 15}, 'phone': '975-664-069', 'cell': '614-215-342', 'id': {'name': 'DNI', 'value': '66353765-R'}, 'picture': {'large': 'https://randomuser.me/api/portraits/women/60.jpg', 'medium': 'https://randomuser.me/api/portraits/med/women/60.jpg', 'thumbnail': 'https://randomuser.me/api/portraits/thumb/women/60.jpg'}, 'nat': 'ES'}</msg>
<arg>${json_data['results'][0]}</arg>
<doc>Logs the given message with the given level.</doc>
<status status="PASS" start="2024-06-18T10:16:04.325301" elapsed="0.000410"/>
</kw>
<kw name="Log" owner="BuiltIn">
<msg time="2024-06-18T10:16:04.326248" level="INFO">login</msg>
<arg>${key}</arg>
<doc>Logs the given message with the given level.</doc>
<status status="PASS" start="2024-06-18T10:16:04.326011" elapsed="0.000276"/>
</kw>
<var name="${key}">login</var>
<status status="PASS" start="2024-06-18T10:16:04.324629" elapsed="0.001917"/>
</iter>
<var>${key}</var>
<value>@{expected_keys}</value>
<status status="PASS" start="2024-06-18T10:16:04.316342" elapsed="0.010328"/>
</for>
<kw name="Create List" owner="BuiltIn">
<msg time="2024-06-18T10:16:04.327039" level="INFO">${expected_keysTwo} = ['username', 'password']</msg>
<var>${expected_keysTwo}</var>
<arg>username</arg>
<arg>password</arg>
<doc>Returns a list containing given items.</doc>
<status status="PASS" start="2024-06-18T10:16:04.326886" elapsed="0.000177"/>
</kw>
<for flavor="IN">
<iter>
<kw name="Dictionary Should Contain Key" owner="Collections">
<arg>${json_data['results'][0]['login']}</arg>
<arg>${keyTwo}</arg>
<doc>Fails if ``key`` is not found from ``dictionary``.</doc>
<status status="PASS" start="2024-06-18T10:16:04.327565" elapsed="0.000378"/>
</kw>
<kw name="Dictionary Should Contain Key" owner="Collections">
<arg>${json_data['results'][0]['login']}</arg>
<arg>${keyTwo}</arg>
<doc>Fails if ``key`` is not found from ``dictionary``.</doc>
<status status="PASS" start="2024-06-18T10:16:04.328124" elapsed="0.000377"/>
</kw>
<kw name="Log" owner="BuiltIn">
<msg time="2024-06-18T10:16:04.328807" level="INFO">username</msg>
<arg>${keyTwo}</arg>
<doc>Logs the given message with the given level.</doc>
<status status="PASS" start="2024-06-18T10:16:04.328689" elapsed="0.000155"/>
</kw>
<var name="${keyTwo}">username</var>
<status status="PASS" start="2024-06-18T10:16:04.327458" elapsed="0.001604"/>
</iter>
<iter>
<kw name="Dictionary Should Contain Key" owner="Collections">
<arg>${json_data['results'][0]['login']}</arg>
<arg>${keyTwo}</arg>
<doc>Fails if ``key`` is not found from ``dictionary``.</doc>
<status status="PASS" start="2024-06-18T10:16:04.329339" elapsed="0.000377"/>
</kw>
<kw name="Dictionary Should Contain Key" owner="Collections">
<arg>${json_data['results'][0]['login']}</arg>
<arg>${keyTwo}</arg>
<doc>Fails if ``key`` is not found from ``dictionary``.</doc>
<status status="PASS" start="2024-06-18T10:16:04.329893" elapsed="0.000363"/>
</kw>
<kw name="Log" owner="BuiltIn">
<msg time="2024-06-18T10:16:04.330599" level="INFO">password</msg>
<arg>${keyTwo}</arg>
<doc>Logs the given message with the given level.</doc>
<status status="PASS" start="2024-06-18T10:16:04.330459" elapsed="0.000176"/>
</kw>
<var name="${keyTwo}">password</var>
<status status="PASS" start="2024-06-18T10:16:04.329232" elapsed="0.001626"/>
</iter>
<var>${keyTwo}</var>
<value>@{expected_keysTwo}</value>
<status status="PASS" start="2024-06-18T10:16:04.327299" elapsed="0.003681"/>
</for>
<status status="PASS" start="2024-06-18T10:16:04.225833" elapsed="0.105288"/>
</kw>
<doc>Testa a estrutura da resposta da API.</doc>
<tag>testeEstruturaResposta</tag>
<status status="PASS" start="2024-06-18T10:16:04.225152" elapsed="0.106125"/>
</test>
<test id="s1-s1-t4" name="Validar tipos de dados" line="28">
<kw name="Teste de Tipos de Dados" owner="random-user-service">
<kw name="GET On Session" owner="RequestsLibrary">
<msg time="2024-06-18T10:16:04.369344" level="INFO">GET Request : url=https://randomuser.me/api 
 path_url=/api 
 headers={'User-Agent': 'python-requests/2.32.3', 'Accept-Encoding': 'gzip, deflate', 'Accept': '*/*', 'Connection': 'keep-alive'} 
 body=None 
 </msg>
<msg time="2024-06-18T10:16:04.369453" level="INFO">GET Response : url=https://randomuser.me/api 
 status=200, reason=OK 
 headers={'Date': 'Tue, 18 Jun 2024 10:16:04 GMT', 'Content-Type': 'application/json; charset=utf-8', 'Transfer-Encoding': 'chunked', 'Connection': 'keep-alive', 'X-Powered-By': 'Express', 'Access-Control-Allow-Origin': '*', 'Cache-Control': 'no-cache', 'ETag': 'W/"478-8Ppj109A60cdKogxF3fqPbcgCvg"', 'Vary': 'Accept-Encoding', 'Content-Encoding': 'gzip', 'CF-Cache-Status': 'DYNAMIC', 'Report-To': '{"endpoints":[{"url":"https:\\/\\/a.nel.cloudflare.com\\/report\\/v4?s=qbBklXD0%2BM9SgT9MqVRE5jGt8FDMKnOxcaCM068aWwys2SO54skDVmNzwBgZk%2Bfg5o8d0fm2ULrSW0t8ZrfQc2hWwfoFw7gZrMr2yu2XMsnPMuE9pEvWIiN%2BcTng7NUZ"}],"group":"cf-nel","max_age":604800}', 'NEL': '{"success_fraction":0,"report_to":"cf-nel","max_age":604800}', 'Server': 'cloudflare', 'CF-RAY': '895a85931d9c818c-IAD', 'alt-svc': 'h3=":443"; ma=86400'} 
 body={"results":[{"gender":"female","name":{"title":"Mrs","first":"Ayla","last":"Markhus"},"location":{"street":{"number":5631,"name":"Løvsetfaret"},"city":"Selvik","state":"Hordaland","country":"Norway","postcode":"0120","coordinates":{"latitude":"43.3296","longitude":"16.3388"},"timezone":{"offset":"-12:00","description":"Eniwetok, Kwajalein"}},"email":"ayla.markhus@example.com","login":{"uuid":"28a098b5-c735-4703-ac02-37aa1cd83719","username":"blackduck513","password":"19841984","salt":"EouCboAW","md5":"e5ca76b58843c26a57a31b0ee9f7ccaf","sha1":"ada435cfa7904e0fee769dec848d6b73662e0bfd","sha256":"c31dba2d9c9077efb7f014cd0b7d7babe137f38b3566a1fdfb750dec62ca4f0a"},"dob":{"date":"1983-06-19T02:29:48.450Z","age":40},"registered":{"date":"2015-03-31T08:22:09.671Z","age":9},"phone":"78524059","cell":"46239705","id":{"name":"FN","value":"19068340678"},"picture":{"large":"https://randomuser.me/api/portraits/women/10.jpg","medium":"https://randomuser.me/api/portraits/med/women/10.jpg","thumbnail":"https://randomuser.me/api/portraits/thumb/women/10.jpg"},"nat":"NO"}],"info":{"seed":"04e173b71e350fc4","results":1,"page":1,"version":"1.4"}} 
 </msg>
<msg time="2024-06-18T10:16:04.369535" level="INFO">/opt/hostedtoolcache/Python/3.12.3/x64/lib/python3.12/site-packages/urllib3/connectionpool.py:1099: InsecureRequestWarning: Unverified HTTPS request is being made to host 'randomuser.me'. Adding certificate verification is strongly advised. See: https://urllib3.readthedocs.io/en/latest/advanced-usage.html#tls-warnings
  warnings.warn(</msg>
<msg time="2024-06-18T10:16:04.369678" level="INFO">${response} = &lt;Response [200]&gt;</msg>
<var>${response}</var>
<arg>consultarAPI</arg>
<arg>/api</arg>
<doc>Sends a GET request on a previously created HTTP Session.</doc>
<status status="PASS" start="2024-06-18T10:16:04.333784" elapsed="0.035938"/>
</kw>
<kw name="Set Variable" owner="BuiltIn">
<msg time="2024-06-18T10:16:04.370805" level="INFO">${json_data} = {'results': [{'gender': 'female', 'name': {'title': 'Mrs', 'first': 'Ayla', 'last': 'Markhus'}, 'location': {'street': {'number': 5631, 'name': 'Løvsetfaret'}, 'city': 'Selvik', 'state': 'Hordaland', ...</msg>
<var>${json_data}</var>
<arg>${response.json()}</arg>
<doc>Returns the given values which can then be assigned to a variables.</doc>
<status status="PASS" start="2024-06-18T10:16:04.370236" elapsed="0.000599"/>
</kw>
<kw name="Log" owner="BuiltIn">
<msg time="2024-06-18T10:16:04.371324" level="INFO">{'results': [{'gender': 'female', 'name': {'title': 'Mrs', 'first': 'Ayla', 'last': 'Markhus'}, 'location': {'street': {'number': 5631, 'name': 'Løvsetfaret'}, 'city': 'Selvik', 'state': 'Hordaland', 'country': 'Norway', 'postcode': '0120', 'coordinates': {'latitude': '43.3296', 'longitude': '16.3388'}, 'timezone': {'offset': '-12:00', 'description': 'Eniwetok, Kwajalein'}}, 'email': 'ayla.markhus@example.com', 'login': {'uuid': '28a098b5-c735-4703-ac02-37aa1cd83719', 'username': 'blackduck513', 'password': '19841984', 'salt': 'EouCboAW', 'md5': 'e5ca76b58843c26a57a31b0ee9f7ccaf', 'sha1': 'ada435cfa7904e0fee769dec848d6b73662e0bfd', 'sha256': 'c31dba2d9c9077efb7f014cd0b7d7babe137f38b3566a1fdfb750dec62ca4f0a'}, 'dob': {'date': '1983-06-19T02:29:48.450Z', 'age': 40}, 'registered': {'date': '2015-03-31T08:22:09.671Z', 'age': 9}, 'phone': '78524059', 'cell': '46239705', 'id': {'name': 'FN', 'value': '19068340678'}, 'picture': {'large': 'https://randomuser.me/api/portraits/women/10.jpg', 'medium': 'https://randomuser.me/api/portraits/med/women/10.jpg', 'thumbnail': 'https://randomuser.me/api/portraits/thumb/women/10.jpg'}, 'nat': 'NO'}], 'info': {'seed': '04e173b71e350fc4', 'results': 1, 'page': 1, 'version': '1.4'}}</msg>
<arg>${json_data}</arg>
<doc>Logs the given message with the given level.</doc>
<status status="PASS" start="2024-06-18T10:16:04.371162" elapsed="0.000211"/>
</kw>
<kw name="Should Be String" owner="String">
<arg>${json_data['results'][0]['gender']}</arg>
<doc>Fails if the given ``item`` is not a string.</doc>
<status status="PASS" start="2024-06-18T10:16:04.371672" elapsed="0.000381"/>
</kw>
<kw name="Should Match Regexp" owner="BuiltIn">
<arg>${json_data['results'][0]['email']}</arg>
<arg>^[a-zA-Z0-9._%+-]+@[a-zA-Z0-9.-]+\.[a-zA-Z]{2,}$</arg>
<doc>Fails if ``string`` does not match ``pattern`` as a regular expression.</doc>
<status status="PASS" start="2024-06-18T10:16:04.372281" elapsed="0.000529"/>
</kw>
<kw name="Should Match Regexp" owner="BuiltIn">
<arg>${json_data['results'][0]['dob']['date']}</arg>
<arg>\\d{4}-\\d{2}-\\d{2}T\\d{2}:\\d{2}:\\d{2}\\.\\d{3}Z</arg>
<doc>Fails if ``string`` does not match ``pattern`` as a regular expression.</doc>
<status status="PASS" start="2024-06-18T10:16:04.373006" elapsed="0.000499"/>
</kw>
<kw name="Should Match Regexp" owner="BuiltIn">
<arg>${json_data['results'][0]['registered']['date']}</arg>
<arg>\\d{4}-\\d{2}-\\d{2}T\\d{2}:\\d{2}:\\d{2}\\.\\d{3}Z</arg>
<doc>Fails if ``string`` does not match ``pattern`` as a regular expression.</doc>
<status status="PASS" start="2024-06-18T10:16:04.373698" elapsed="0.000362"/>
</kw>
<kw name="Should Match Regexp" owner="BuiltIn">
<arg>${json_data['results'][0]['picture']['large']}</arg>
<arg>^https?://.*\.(?:png|jpe?g|gif|bmp)$</arg>
<doc>Fails if ``string`` does not match ``pattern`` as a regular expression.</doc>
<status status="PASS" start="2024-06-18T10:16:04.374254" elapsed="0.000490"/>
</kw>
<kw name="Should Match Regexp" owner="BuiltIn">
<arg>${json_data['results'][0]['picture']['medium']}</arg>
<arg>^https?://.*\.(?:png|jpe?g|gif|bmp)$</arg>
<doc>Fails if ``string`` does not match ``pattern`` as a regular expression.</doc>
<status status="PASS" start="2024-06-18T10:16:04.374938" elapsed="0.000357"/>
</kw>
<kw name="Should Match Regexp" owner="BuiltIn">
<arg>${json_data['results'][0]['picture']['thumbnail']}</arg>
<arg>^https?://.*\.(?:png|jpe?g|gif|bmp)$</arg>
<doc>Fails if ``string`` does not match ``pattern`` as a regular expression.</doc>
<status status="PASS" start="2024-06-18T10:16:04.375479" elapsed="0.000345"/>
</kw>
<kw name="Log" owner="BuiltIn">
<msg time="2024-06-18T10:16:04.376331" level="INFO">{'large': 'https://randomuser.me/api/portraits/women/10.jpg', 'medium': 'https://randomuser.me/api/portraits/med/women/10.jpg', 'thumbnail': 'https://randomuser.me/api/portraits/thumb/women/10.jpg'}</msg>
<arg>${json_data['results'][0]['picture']}</arg>
<doc>Logs the given message with the given level.</doc>
<status status="PASS" start="2024-06-18T10:16:04.376005" elapsed="0.000369"/>
</kw>
<status status="PASS" start="2024-06-18T10:16:04.333555" elapsed="0.043077"/>
</kw>
<kw name="Teste de Tipos de Dados - Postcode" owner="random-user-service">
<kw name="GET On Session" owner="RequestsLibrary">
<msg time="2024-06-18T10:16:04.467167" level="INFO">GET Request : url=https://randomuser.me/api 
 path_url=/api 
 headers={'User-Agent': 'python-requests/2.32.3', 'Accept-Encoding': 'gzip, deflate', 'Accept': '*/*', 'Connection': 'keep-alive'} 
 body=None 
 </msg>
<msg time="2024-06-18T10:16:04.467279" level="INFO">GET Response : url=https://randomuser.me/api 
 status=200, reason=OK 
 headers={'Date': 'Tue, 18 Jun 2024 10:16:04 GMT', 'Content-Type': 'application/json; charset=utf-8', 'Transfer-Encoding': 'chunked', 'Connection': 'keep-alive', 'X-Powered-By': 'Express', 'Access-Control-Allow-Origin': '*', 'Cache-Control': 'no-cache', 'ETag': 'W/"494-twiAkZVEXEwwO/NWu1PBUHHbW2k"', 'Vary': 'Accept-Encoding', 'Content-Encoding': 'gzip', 'CF-Cache-Status': 'DYNAMIC', 'Report-To': '{"endpoints":[{"url":"https:\\/\\/a.nel.cloudflare.com\\/report\\/v4?s=zN5GAUS5fVv5frDdUjpOCZYTkRm50zDUlaTRSC6z7s10MpZJJyAakzV7br%2BawOGdKlPD7lWFIrtPix5TFlKSX9CrSk1AQAbb3vwJ1vyF6RHa52kaksiFDi%2FW3cUJ9K7I"}],"group":"cf-nel","max_age":604800}', 'NEL': '{"success_fraction":0,"report_to":"cf-nel","max_age":604800}', 'Server': 'cloudflare', 'CF-RAY': '895a85936de1818c-IAD', 'alt-svc': 'h3=":443"; ma=86400'} 
 body={"results":[{"gender":"male","name":{"title":"Mr","first":"Axel","last":"Karsten"},"location":{"street":{"number":2837,"name":"Schillerstraße"},"city":"Diez","state":"Rheinland-Pfalz","country":"Germany","postcode":95832,"coordinates":{"latitude":"-52.4646","longitude":"-155.4987"},"timezone":{"offset":"+2:00","description":"Kaliningrad, South Africa"}},"email":"axel.karsten@example.com","login":{"uuid":"1684d3af-818c-4f7a-8a04-35ba874388db","username":"beautifulelephant289","password":"penthous","salt":"IgGU7ENH","md5":"1a2de38c6d3052714090b4a072f8931f","sha1":"3dbe967705b8970eea1352f49e9a5a6d8d757d78","sha256":"d7a9c42e9113911cf4eec4a4b0e889ff4b3b1bdae0a302e8993c1088b448998b"},"dob":{"date":"1963-06-04T00:12:55.361Z","age":61},"registered":{"date":"2017-01-22T12:04:49.617Z","age":7},"phone":"0542-1558725","cell":"0177-6394819","id":{"name":"SVNR","value":"53 030663 K 379"},"picture":{"large":"https://randomuser.me/api/portraits/men/67.jpg","medium":"https://randomuser.me/api/portraits/med/men/67.jpg","thumbnail":"https://randomuser.me/api/portraits/thumb/men/67.jpg"},"nat":"DE"}],"info":{"seed":"505fad7da38ad560","results":1,"page":1,"version":"1.4"}} 
 </msg>
<msg time="2024-06-18T10:16:04.467384" level="INFO">/opt/hostedtoolcache/Python/3.12.3/x64/lib/python3.12/site-packages/urllib3/connectionpool.py:1099: InsecureRequestWarning: Unverified HTTPS request is being made to host 'randomuser.me'. Adding certificate verification is strongly advised. See: https://urllib3.readthedocs.io/en/latest/advanced-usage.html#tls-warnings
  warnings.warn(</msg>
<msg time="2024-06-18T10:16:04.467545" level="INFO">${response} = &lt;Response [200]&gt;</msg>
<var>${response}</var>
<arg>consultarAPI</arg>
<arg>/api</arg>
<doc>Sends a GET request on a previously created HTTP Session.</doc>
<status status="PASS" start="2024-06-18T10:16:04.377100" elapsed="0.090493"/>
</kw>
<kw name="Set Variable" owner="BuiltIn">
<msg time="2024-06-18T10:16:04.468680" level="INFO">${json_data} = {'results': [{'gender': 'male', 'name': {'title': 'Mr', 'first': 'Axel', 'last': 'Karsten'}, 'location': {'street': {'number': 2837, 'name': 'Schillerstraße'}, 'city': 'Diez', 'state': 'Rheinland-Pfal...</msg>
<var>${json_data}</var>
<arg>${response.json()}</arg>
<doc>Returns the given values which can then be assigned to a variables.</doc>
<status status="PASS" start="2024-06-18T10:16:04.468148" elapsed="0.000562"/>
</kw>
<kw name="Log" owner="BuiltIn">
<msg time="2024-06-18T10:16:04.469260" level="INFO">{'results': [{'gender': 'male', 'name': {'title': 'Mr', 'first': 'Axel', 'last': 'Karsten'}, 'location': {'street': {'number': 2837, 'name': 'Schillerstraße'}, 'city': 'Diez', 'state': 'Rheinland-Pfalz', 'country': 'Germany', 'postcode': 95832, 'coordinates': {'latitude': '-52.4646', 'longitude': '-155.4987'}, 'timezone': {'offset': '+2:00', 'description': 'Kaliningrad, South Africa'}}, 'email': 'axel.karsten@example.com', 'login': {'uuid': '1684d3af-818c-4f7a-8a04-35ba874388db', 'username': 'beautifulelephant289', 'password': 'penthous', 'salt': 'IgGU7ENH', 'md5': '1a2de38c6d3052714090b4a072f8931f', 'sha1': '3dbe967705b8970eea1352f49e9a5a6d8d757d78', 'sha256': 'd7a9c42e9113911cf4eec4a4b0e889ff4b3b1bdae0a302e8993c1088b448998b'}, 'dob': {'date': '1963-06-04T00:12:55.361Z', 'age': 61}, 'registered': {'date': '2017-01-22T12:04:49.617Z', 'age': 7}, 'phone': '0542-1558725', 'cell': '0177-6394819', 'id': {'name': 'SVNR', 'value': '53 030663 K 379'}, 'picture': {'large': 'https://randomuser.me/api/portraits/men/67.jpg', 'medium': 'https://randomuser.me/api/portraits/med/men/67.jpg', 'thumbnail': 'https://randomuser.me/api/portraits/thumb/men/67.jpg'}, 'nat': 'DE'}], 'info': {'seed': '505fad7da38ad560', 'results': 1, 'page': 1, 'version': '1.4'}}</msg>
<arg>${json_data}</arg>
<doc>Logs the given message with the given level.</doc>
<status status="PASS" start="2024-06-18T10:16:04.469084" elapsed="0.000228"/>
</kw>
<kw name="Should Be Equal As Numbers" owner="BuiltIn">
<arg>${json_data['results'][0]['location']['postcode']}</arg>
<arg>${json_data['results'][0]['location']['postcode']}</arg>
<doc>Fails if objects are unequal after converting them to real numbers.</doc>
<status status="PASS" start="2024-06-18T10:16:04.469631" elapsed="0.000666"/>
</kw>
<kw name="Log" owner="BuiltIn">
<msg time="2024-06-18T10:16:04.470951" level="INFO">95832</msg>
<arg>${json_data['results'][0]['location']['postcode']}</arg>
<doc>Logs the given message with the given level.</doc>
<status status="PASS" start="2024-06-18T10:16:04.470596" elapsed="0.000398"/>
</kw>
<status status="PASS" start="2024-06-18T10:16:04.376864" elapsed="0.094397"/>
</kw>
<doc>Testa se os tipos de dados na resposta da API estão corretos.</doc>
<tag>testeTiposDados</tag>
<status status="PASS" start="2024-06-18T10:16:04.333013" elapsed="0.138419"/>
</test>
<test id="s1-s1-t5" name="Validar conteudo" line="35">
<kw name="Teste de Tipos de Conteudo" owner="random-user-service">
<kw name="GET On Session" owner="RequestsLibrary">
<msg time="2024-06-18T10:16:04.568239" level="INFO">GET Request : url=https://randomuser.me/api 
 path_url=/api 
 headers={'User-Agent': 'python-requests/2.32.3', 'Accept-Encoding': 'gzip, deflate', 'Accept': '*/*', 'Connection': 'keep-alive'} 
 body=None 
 </msg>
<msg time="2024-06-18T10:16:04.568335" level="INFO">GET Response : url=https://randomuser.me/api 
 status=200, reason=OK 
 headers={'Date': 'Tue, 18 Jun 2024 10:16:04 GMT', 'Content-Type': 'application/json; charset=utf-8', 'Transfer-Encoding': 'chunked', 'Connection': 'keep-alive', 'X-Powered-By': 'Express', 'Access-Control-Allow-Origin': '*', 'Cache-Control': 'no-cache', 'ETag': 'W/"490-n4UEjgKNEGgCZtC6AXSmMnojUUI"', 'Vary': 'Accept-Encoding', 'Content-Encoding': 'gzip', 'CF-Cache-Status': 'DYNAMIC', 'Report-To': '{"endpoints":[{"url":"https:\\/\\/a.nel.cloudflare.com\\/report\\/v4?s=AbpskgpEvCXyK76n7eBDBBh97UkyJY6wmk8GjYyoUlz1ocsDlOelRzInfe3g6okeYEr3%2BxZbs78H5EZM4S9ffLllk8kbIPVJ3USAsKEffr1bUeLavZPGdaY10SEIn%2FkT"}],"group":"cf-nel","max_age":604800}', 'NEL': '{"success_fraction":0,"report_to":"cf-nel","max_age":604800}', 'Server': 'cloudflare', 'CF-RAY': '895a8593fe74818c-IAD', 'alt-svc': 'h3=":443"; ma=86400'} 
 body={"results":[{"gender":"male","name":{"title":"Mr","first":"Renato","last":"Griego"},"location":{"street":{"number":4419,"name":"Periférico Sur Laboy"},"city":"El Mármol","state":"Ciudad de Mexico","country":"Mexico","postcode":35070,"coordinates":{"latitude":"22.7535","longitude":"-128.5815"},"timezone":{"offset":"+9:30","description":"Adelaide, Darwin"}},"email":"renato.griego@example.com","login":{"uuid":"d6e7d434-50bd-4778-8cb9-588db0f78048","username":"sadlion395","password":"shamus","salt":"tcS1EBHX","md5":"4c7729ada969e9aa11fbd96353c967e8","sha1":"d99328c209bc048ac9fa0126873d3093e2bc7e6e","sha256":"a6089c1ffead13d8145a8bc15148b583bf71aead9d0fb33c28b0cbc34bb90527"},"dob":{"date":"1976-07-18T14:44:19.371Z","age":47},"registered":{"date":"2012-12-14T00:30:26.180Z","age":11},"phone":"(670) 945 0259","cell":"(641) 749 1704","id":{"name":"NSS","value":"21 62 34 0391 8"},"picture":{"large":"https://randomuser.me/api/portraits/men/82.jpg","medium":"https://randomuser.me/api/portraits/med/men/82.jpg","thumbnail":"https://randomuser.me/api/portraits/thumb/men/82.jpg"},"nat":"MX"}],"info":{"seed":"eccb59b80977ea90","results":1,"page":1,"version":"1.4"}} 
 </msg>
<msg time="2024-06-18T10:16:04.568406" level="INFO">/opt/hostedtoolcache/Python/3.12.3/x64/lib/python3.12/site-packages/urllib3/connectionpool.py:1099: InsecureRequestWarning: Unverified HTTPS request is being made to host 'randomuser.me'. Adding certificate verification is strongly advised. See: https://urllib3.readthedocs.io/en/latest/advanced-usage.html#tls-warnings
  warnings.warn(</msg>
<msg time="2024-06-18T10:16:04.568544" level="INFO">${response} = &lt;Response [200]&gt;</msg>
<var>${response}</var>
<arg>consultarAPI</arg>
<arg>/api</arg>
<doc>Sends a GET request on a previously created HTTP Session.</doc>
<status status="PASS" start="2024-06-18T10:16:04.474035" elapsed="0.094553"/>
</kw>
<kw name="Set Variable" owner="BuiltIn">
<msg time="2024-06-18T10:16:04.569623" level="INFO">${json_data} = {'results': [{'gender': 'male', 'name': {'title': 'Mr', 'first': 'Renato', 'last': 'Griego'}, 'location': {'street': {'number': 4419, 'name': 'Periférico Sur Laboy'}, 'city': 'El Mármol', 'state': 'Ci...</msg>
<var>${json_data}</var>
<arg>${response.json()}</arg>
<doc>Returns the given values which can then be assigned to a variables.</doc>
<status status="PASS" start="2024-06-18T10:16:04.569092" elapsed="0.000562"/>
</kw>
<kw name="Set Variable" owner="BuiltIn">
<msg time="2024-06-18T10:16:04.570361" level="INFO">${name_title} = Mr</msg>
<var>${name_title}</var>
<arg>${json_data["results"][0]["name"]["title"]}</arg>
<doc>Returns the given values which can then be assigned to a variables.</doc>
<status status="PASS" start="2024-06-18T10:16:04.569978" elapsed="0.000408"/>
</kw>
<kw name="Create List" owner="BuiltIn">
<msg time="2024-06-18T10:16:04.570894" level="INFO">${allowed_titles} = ['Mr', 'Ms', 'Miss', 'Mrs', 'Madame', 'Monsieur']</msg>
<var>${allowed_titles}</var>
<arg>Mr</arg>
<arg>Ms</arg>
<arg>Miss</arg>
<arg>Mrs</arg>
<arg>Madame</arg>
<arg>Monsieur</arg>
<doc>Returns a list containing given items.</doc>
<status status="PASS" start="2024-06-18T10:16:04.570745" elapsed="0.000174"/>
</kw>
<kw name="List Should Contain Value" owner="Collections">
<arg>${allowed_titles}</arg>
<arg>${name_title}</arg>
<doc>Fails if the ``value`` is not found from ``list``.</doc>
<status status="PASS" start="2024-06-18T10:16:04.571219" elapsed="0.000185"/>
</kw>
<kw name="Set Variable" owner="BuiltIn">
<msg time="2024-06-18T10:16:04.571955" level="INFO">${name_country} = MX</msg>
<var>${name_country}</var>
<arg>${json_data["results"][0]["nat"]}</arg>
<doc>Returns the given values which can then be assigned to a variables.</doc>
<status status="PASS" start="2024-06-18T10:16:04.571584" elapsed="0.000397"/>
</kw>
<kw name="Create List" owner="BuiltIn">
<msg time="2024-06-18T10:16:04.572866" level="INFO">${list_country} = ['AD', 'AE', 'AF', 'AG', 'AI', 'AL', 'AM', 'AO', 'AQ', 'AR', 'AS', 'AT', 'AU', 'AW', 'AX', 'AZ', 'BA', 'BB', 'BD', 'BE', 'BF', 'BG', 'BH', 'BI', 'BJ', 'BL', 'BM', 'BN', 'BO', 'BQ', 'BR', 'BS', 'BT', '...</msg>
<var>${list_country}</var>
<arg>AD</arg>
<arg>AE</arg>
<arg>AF</arg>
<arg>AG</arg>
<arg>AI</arg>
<arg>AL</arg>
<arg>AM</arg>
<arg>AO</arg>
<arg>AQ</arg>
<arg>AR</arg>
<arg>AS</arg>
<arg>AT</arg>
<arg>AU</arg>
<arg>AW</arg>
<arg>AX</arg>
<arg>AZ</arg>
<arg>BA</arg>
<arg>BB</arg>
<arg>BD</arg>
<arg>BE</arg>
<arg>BF</arg>
<arg>BG</arg>
<arg>BH</arg>
<arg>BI</arg>
<arg>BJ</arg>
<arg>BL</arg>
<arg>BM</arg>
<arg>BN</arg>
<arg>BO</arg>
<arg>BQ</arg>
<arg>BR</arg>
<arg>BS</arg>
<arg>BT</arg>
<arg>BV</arg>
<arg>BW</arg>
<arg>BY</arg>
<arg>BZ</arg>
<arg>CA</arg>
<arg>CC</arg>
<arg>CD</arg>
<arg>CF</arg>
<arg>CG</arg>
<arg>CH</arg>
<arg>CI</arg>
<arg>CK</arg>
<arg>CL</arg>
<arg>CM</arg>
<arg>CN</arg>
<arg>CO</arg>
<arg>CR</arg>
<arg>CU</arg>
<arg>CV</arg>
<arg>CW</arg>
<arg>CX</arg>
<arg>CY</arg>
<arg>CZ</arg>
<arg>DE</arg>
<arg>DJ</arg>
<arg>DK</arg>
<arg>DM</arg>
<arg>DO</arg>
<arg>DZ</arg>
<arg>EC</arg>
<arg>EE</arg>
<arg>EG</arg>
<arg>EH</arg>
<arg>ER</arg>
<arg>ES</arg>
<arg>ET</arg>
<arg>FI</arg>
<arg>FJ</arg>
<arg>FK</arg>
<arg>FM</arg>
<arg>FO</arg>
<arg>FR</arg>
<arg>GA</arg>
<arg>GB</arg>
<arg>GD</arg>
<arg>GE</arg>
<arg>GF</arg>
<arg>GG</arg>
<arg>GH</arg>
<arg>GI</arg>
<arg>GL</arg>
<arg>GM</arg>
<arg>GN</arg>
<arg>GP</arg>
<arg>GQ</arg>
<arg>GR</arg>
<arg>GS</arg>
<arg>GT</arg>
<arg>GU</arg>
<arg>GW</arg>
<arg>GY</arg>
<arg>HK</arg>
<arg>HM</arg>
<arg>HN</arg>
<arg>HR</arg>
<arg>HT</arg>
<arg>HU</arg>
<arg>ID</arg>
<arg>IE</arg>
<arg>IL</arg>
<arg>IM</arg>
<arg>IN</arg>
<arg>IO</arg>
<arg>IQ</arg>
<arg>IR</arg>
<arg>IS</arg>
<arg>IT</arg>
<arg>JE</arg>
<arg>JM</arg>
<arg>JO</arg>
<arg>JP</arg>
<arg>KE</arg>
<arg>KG</arg>
<arg>KH</arg>
<arg>KI</arg>
<arg>KM</arg>
<arg>KN</arg>
<arg>KP</arg>
<arg>KR</arg>
<arg>KW</arg>
<arg>KY</arg>
<arg>KZ</arg>
<arg>LA</arg>
<arg>LB</arg>
<arg>LC</arg>
<arg>LI</arg>
<arg>LK</arg>
<arg>LR</arg>
<arg>LS</arg>
<arg>LT</arg>
<arg>LU</arg>
<arg>LV</arg>
<arg>LY</arg>
<arg>MA</arg>
<arg>MC</arg>
<arg>MD</arg>
<arg>ME</arg>
<arg>MF</arg>
<arg>MG</arg>
<arg>MH</arg>
<arg>MK</arg>
<arg>ML</arg>
<arg>MM</arg>
<arg>MN</arg>
<arg>MO</arg>
<arg>MP</arg>
<arg>MQ</arg>
<arg>MR</arg>
<arg>MS</arg>
<arg>MT</arg>
<arg>MU</arg>
<arg>MV</arg>
<arg>MW</arg>
<arg>MX</arg>
<arg>MY</arg>
<arg>MZ</arg>
<arg>NA</arg>
<arg>NC</arg>
<arg>NE</arg>
<arg>NF</arg>
<arg>NG</arg>
<arg>NI</arg>
<arg>NL</arg>
<arg>NO</arg>
<arg>NP</arg>
<arg>NR</arg>
<arg>NU</arg>
<arg>NZ</arg>
<arg>OM</arg>
<arg>PA</arg>
<arg>PE</arg>
<arg>PF</arg>
<arg>PG</arg>
<arg>PH</arg>
<arg>PK</arg>
<arg>PL</arg>
<arg>PM</arg>
<arg>PN</arg>
<arg>PR</arg>
<arg>PS</arg>
<arg>PT</arg>
<arg>PW</arg>
<arg>PY</arg>
<arg>QA</arg>
<arg>RE</arg>
<arg>RO</arg>
<arg>RS</arg>
<arg>RU</arg>
<arg>RW</arg>
<arg>SA</arg>
<arg>SB</arg>
<arg>SC</arg>
<arg>SD</arg>
<arg>SE</arg>
<arg>SG</arg>
<arg>SH</arg>
<arg>SI</arg>
<arg>SJ</arg>
<arg>SK</arg>
<arg>SL</arg>
<arg>SM</arg>
<arg>SN</arg>
<arg>SO</arg>
<arg>SR</arg>
<arg>SS</arg>
<arg>ST</arg>
<arg>SV</arg>
<arg>SX</arg>
<arg>SY</arg>
<arg>SZ</arg>
<arg>TC</arg>
<arg>TD</arg>
<arg>TF</arg>
<arg>TG</arg>
<arg>TH</arg>
<arg>TJ</arg>
<arg>TK</arg>
<arg>TL</arg>
<arg>TM</arg>
<arg>TN</arg>
<arg>TO</arg>
<arg>TR</arg>
<arg>TT</arg>
<arg>TV</arg>
<arg>TW</arg>
<arg>TZ</arg>
<arg>UA</arg>
<arg>UG</arg>
<arg>UM</arg>
<arg>US</arg>
<arg>UY</arg>
<arg>UZ</arg>
<arg>VA</arg>
<arg>VC</arg>
<arg>VE</arg>
<arg>VG</arg>
<arg>VI</arg>
<arg>VN</arg>
<arg>VU</arg>
<arg>WF</arg>
<arg>WS</arg>
<arg>XK</arg>
<arg>YE</arg>
<arg>YT</arg>
<arg>ZA</arg>
<arg>ZM</arg>
<arg>ZW</arg>
<doc>Returns a list containing given items.</doc>
<status status="PASS" start="2024-06-18T10:16:04.572272" elapsed="0.000619"/>
</kw>
<kw name="List Should Contain Value" owner="Collections">
<arg>${list_country}</arg>
<arg>${name_country}</arg>
<doc>Fails if the ``value`` is not found from ``list``.</doc>
<status status="PASS" start="2024-06-18T10:16:04.573679" elapsed="0.000205"/>
</kw>
<kw name="Run Keyword If" owner="BuiltIn">
<kw name="Should Be True" owner="BuiltIn">
<arg>${True}</arg>
<doc>Fails if the given condition is not true.</doc>
<status status="PASS" start="2024-06-18T10:16:04.574994" elapsed="0.000144"/>
</kw>
<arg>${json_data["results"][0]["location"]["coordinates"]["latitude"]} &gt;= -90 and ${json_data["results"][0]["location"]["coordinates"]["latitude"]} &lt;= 90</arg>
<arg>Should Be True</arg>
<arg>${True}</arg>
<doc>Runs the given keyword with the given arguments, if ``condition`` is true.</doc>
<status status="PASS" start="2024-06-18T10:16:04.574079" elapsed="0.001187"/>
</kw>
<kw name="Run Keyword If" owner="BuiltIn">
<kw name="Should Be True" owner="BuiltIn">
<arg>${True}</arg>
<doc>Fails if the given condition is not true.</doc>
<status status="PASS" start="2024-06-18T10:16:04.576138" elapsed="0.000137"/>
</kw>
<arg>${json_data["results"][0]["location"]["coordinates"]["longitude"]} &gt;= -180 and ${json_data["results"][0]["location"]["coordinates"]["longitude"]} &lt;= 180</arg>
<arg>Should Be True</arg>
<arg>${True}</arg>
<doc>Runs the given keyword with the given arguments, if ``condition`` is true.</doc>
<status status="PASS" start="2024-06-18T10:16:04.575451" elapsed="0.000945"/>
</kw>
<status status="PASS" start="2024-06-18T10:16:04.473794" elapsed="0.102733"/>
</kw>
<doc>Testa o conteúdo específico dos campos retornados pela API.</doc>
<tag>testeConteudo</tag>
<status status="PASS" start="2024-06-18T10:16:04.473227" elapsed="0.103450"/>
</test>
<status status="PASS" start="2024-06-18T10:16:03.559087" elapsed="1.019514"/>
</suite>
<status status="PASS" start="2024-06-18T10:16:03.545019" elapsed="1.038630"/>
</suite>
<statistics>
<total>
<stat pass="5" fail="0" skip="0">All Tests</stat>
</total>
<tag>
<stat pass="1" fail="0" skip="0">testeConteudo</stat>
<stat pass="1" fail="0" skip="0">testeEstruturaResposta</stat>
<stat pass="1" fail="0" skip="0">testeRequisicaoBasica</stat>
<stat pass="1" fail="0" skip="0">testeTiposDados</stat>
</tag>
<suite>
<stat pass="5" fail="0" skip="0" id="s1" name="Tests">Tests</stat>
<stat pass="5" fail="0" skip="0" id="s1-s1" name="Random-User-Test">Tests.Random-User-Test</stat>
</suite>
</statistics>
<errors>
</errors>
</robot>
