<?xml version="1.0" encoding="UTF-8"?>
<robot generator="Robot 7.0.1 (Python 3.12.4 on linux)" generated="2024-07-10T10:17:08.688889" rpa="false" schemaversion="5">
<suite id="s1" name="Tests" source="/home/runner/work/ApiRandomUser/ApiRandomUser/RamdonUser/tests">
<suite id="s1-s1" name="Random-User-Test" source="/home/runner/work/ApiRandomUser/ApiRandomUser/RamdonUser/tests/random-user-test.robot">
<test id="s1-s1-t1" name="Conectar" line="13">
<kw name="Conectar API" owner="random-user-service">
<kw name="Create Session" owner="RequestsLibrary">
<msg time="2024-07-10T10:17:09.088083" level="INFO">Creating Session using : alias=consultarAPI, url=https://randomuser.me/, headers={},                     cookies={}, auth=None, timeout=None, proxies=None, verify=False,                     debug=0 </msg>
<arg>consultarAPI</arg>
<arg>${URL}</arg>
<doc>Create Session: create a HTTP session to a server</doc>
<status status="PASS" start="2024-07-10T10:17:09.087877" elapsed="0.000391"/>
</kw>
<status status="PASS" start="2024-07-10T10:17:09.086889" elapsed="0.001778"/>
</kw>
<status status="PASS" start="2024-07-10T10:17:09.086314" elapsed="0.002546"/>
</test>
<test id="s1-s1-t2" name="Validar retorno 200 e JSON Válido" line="16">
<kw name="Teste de Requisicao Basica" owner="random-user-service">
<kw name="GET On Session" owner="RequestsLibrary">
<msg time="2024-07-10T10:17:09.540368" level="INFO">GET Request : url=https://randomuser.me/api 
 path_url=/api 
 headers={'User-Agent': 'python-requests/2.32.3', 'Accept-Encoding': 'gzip, deflate', 'Accept': '*/*', 'Connection': 'keep-alive'} 
 body=None 
 </msg>
<msg time="2024-07-10T10:17:09.540541" level="INFO">GET Response : url=https://randomuser.me/api 
 status=200, reason=OK 
 headers={'Date': 'Wed, 10 Jul 2024 10:17:09 GMT', 'Content-Type': 'application/json; charset=utf-8', 'Transfer-Encoding': 'chunked', 'Connection': 'keep-alive', 'X-Powered-By': 'Express', 'Access-Control-Allow-Origin': '*', 'Cache-Control': 'no-cache', 'ETag': 'W/"4a7-C8yZoE9xC2Qaq/ckekX2oA55ZDo"', 'Vary': 'Accept-Encoding', 'Content-Encoding': 'gzip', 'CF-Cache-Status': 'DYNAMIC', 'Report-To': '{"endpoints":[{"url":"https:\\/\\/a.nel.cloudflare.com\\/report\\/v4?s=xs9u6vgbYYdU5CdnhCgvdq3%2F8PJhEc3HmKc2tIQmuRVWxqCCe75ZfcOCnvd9c697eDSrKh2RLSZgbk5xSDRbwSHWHhhwgbN8PFeo3V87xBtc1ktkMLELUt5g%2B1qUPfV6"}],"group":"cf-nel","max_age":604800}', 'NEL': '{"success_fraction":0,"report_to":"cf-nel","max_age":604800}', 'Server': 'cloudflare', 'CF-RAY': '8a0fcd6a4b1f10cb-ORD', 'alt-svc': 'h3=":443"; ma=86400'} 
 body={"results":[{"gender":"female","name":{"title":"Mrs","first":"Clémentine","last":"Dufour"},"location":{"street":{"number":5728,"name":"Rue Pierre-Delore"},"city":"Colombes","state":"Gers","country":"France","postcode":41385,"coordinates":{"latitude":"-17.9274","longitude":"29.2244"},"timezone":{"offset":"+3:00","description":"Baghdad, Riyadh, Moscow, St. Petersburg"}},"email":"clementine.dufour@example.com","login":{"uuid":"33589f45-5fed-43c0-a836-6a07002ebd76","username":"happygoose713","password":"chip","salt":"853pXaOF","md5":"00376ae2a74acada0d6d716431915a92","sha1":"6d02de18db0570647d7aed8db55a94144b1970d8","sha256":"22e042ca0fb947dbae48130ab609c9c44782706b8a60d80f0e0a188b928c54e4"},"dob":{"date":"1947-09-29T01:34:14.489Z","age":76},"registered":{"date":"2011-08-19T23:30:00.848Z","age":12},"phone":"01-18-78-44-11","cell":"06-99-11-67-51","id":{"name":"INSEE","value":"2470825568091 95"},"picture":{"large":"https://randomuser.me/api/portraits/women/0.jpg","medium":"https://randomuser.me/api/portraits/med/women/0.jpg","thumbnail":"https://randomuser.me/api/portraits/thumb/women/0.jpg"},"nat":"FR"}],"info":{"seed":"f04c774252643f09","results":1,"page":1,"version":"1.4"}} 
 </msg>
<msg time="2024-07-10T10:17:09.540636" level="INFO">/opt/hostedtoolcache/Python/3.12.4/x64/lib/python3.12/site-packages/urllib3/connectionpool.py:1099: InsecureRequestWarning: Unverified HTTPS request is being made to host 'randomuser.me'. Adding certificate verification is strongly advised. See: https://urllib3.readthedocs.io/en/latest/advanced-usage.html#tls-warnings
  warnings.warn(</msg>
<msg time="2024-07-10T10:17:09.540780" level="INFO">${response} = &lt;Response [200]&gt;</msg>
<var>${response}</var>
<arg>consultarAPI</arg>
<arg>/api</arg>
<doc>Sends a GET request on a previously created HTTP Session.</doc>
<status status="PASS" start="2024-07-10T10:17:09.091387" elapsed="0.449435"/>
</kw>
<kw name="Should Be Equal As Numbers" owner="BuiltIn">
<msg time="2024-07-10T10:17:09.542003" level="INFO">Argument types are:
&lt;class 'int'&gt;
&lt;class 'str'&gt;</msg>
<arg>${response.status_code}</arg>
<arg>200</arg>
<doc>Fails if objects are unequal after converting them to real numbers.</doc>
<status status="PASS" start="2024-07-10T10:17:09.541503" elapsed="0.000566"/>
</kw>
<kw name="Log" owner="BuiltIn">
<msg time="2024-07-10T10:17:09.542735" level="INFO">200</msg>
<arg>${response.status_code}</arg>
<doc>Logs the given message with the given level.</doc>
<status status="PASS" start="2024-07-10T10:17:09.542394" elapsed="0.000382"/>
</kw>
<kw name="Set Variable" owner="BuiltIn">
<msg time="2024-07-10T10:17:09.543498" level="INFO">${json_data} = {'results': [{'gender': 'female', 'name': {'title': 'Mrs', 'first': 'Clémentine', 'last': 'Dufour'}, 'location': {'street': {'number': 5728, 'name': 'Rue Pierre-Delore'}, 'city': 'Colombes', 'state': ...</msg>
<var>${json_data}</var>
<arg>${response.json()}</arg>
<doc>Returns the given values which can then be assigned to a variables.</doc>
<status status="PASS" start="2024-07-10T10:17:09.543072" elapsed="0.000455"/>
</kw>
<kw name="Dictionary Should Contain Key" owner="Collections">
<arg>${json_data}</arg>
<arg>results</arg>
<doc>Fails if ``key`` is not found from ``dictionary``.</doc>
<status status="PASS" start="2024-07-10T10:17:09.543820" elapsed="0.000168"/>
</kw>
<status status="PASS" start="2024-07-10T10:17:09.091143" elapsed="0.453000"/>
</kw>
<doc>Testa se a API responde corretamente e retorna um objeto JSON válido.</doc>
<tag>testeRequisicaoBasica</tag>
<status status="PASS" start="2024-07-10T10:17:09.090691" elapsed="0.453676"/>
</test>
<test id="s1-s1-t3" name="Validar estrutura de resposta" line="22">
<kw name="Teste de Estrutura de Resposta" owner="random-user-service">
<kw name="GET On Session" owner="RequestsLibrary">
<msg time="2024-07-10T10:17:09.638656" level="INFO">GET Request : url=https://randomuser.me/api 
 path_url=/api 
 headers={'User-Agent': 'python-requests/2.32.3', 'Accept-Encoding': 'gzip, deflate', 'Accept': '*/*', 'Connection': 'keep-alive'} 
 body=None 
 </msg>
<msg time="2024-07-10T10:17:09.638759" level="INFO">GET Response : url=https://randomuser.me/api 
 status=200, reason=OK 
 headers={'Date': 'Wed, 10 Jul 2024 10:17:09 GMT', 'Content-Type': 'application/json; charset=utf-8', 'Transfer-Encoding': 'chunked', 'Connection': 'keep-alive', 'X-Powered-By': 'Express', 'Access-Control-Allow-Origin': '*', 'Cache-Control': 'no-cache', 'ETag': 'W/"4ab-FaR5dbvLLrsdelI4YCreyfenJbM"', 'Vary': 'Accept-Encoding', 'Content-Encoding': 'gzip', 'CF-Cache-Status': 'DYNAMIC', 'Report-To': '{"endpoints":[{"url":"https:\\/\\/a.nel.cloudflare.com\\/report\\/v4?s=Z%2FaEnLKgB34DBHVauvZ10gO5hYIzavx7NBNDr6jB%2FsZGsP3OwVOA%2F378chjcgqGRt6diwPIXystBDGYP02M6bGPUS1DbIPJBJbu2ANuThAEWgncja0SoE6ilhR4eJxlq"}],"group":"cf-nel","max_age":604800}', 'NEL': '{"success_fraction":0,"report_to":"cf-nel","max_age":604800}', 'Server': 'cloudflare', 'CF-RAY': '8a0fcd6aab6c10cb-ORD', 'alt-svc': 'h3=":443"; ma=86400'} 
 body={"results":[{"gender":"female","name":{"title":"Miss","first":"Varlene","last":"Nogueira"},"location":{"street":{"number":2827,"name":"Rua Paraná "},"city":"Imperatriz","state":"Amazonas","country":"Brazil","postcode":84970,"coordinates":{"latitude":"-80.1938","longitude":"143.8772"},"timezone":{"offset":"+5:00","description":"Ekaterinburg, Islamabad, Karachi, Tashkent"}},"email":"varlene.nogueira@example.com","login":{"uuid":"ea3a4761-d278-4511-8989-96720fa927d7","username":"organiclion460","password":"lebowski","salt":"iEHwggdM","md5":"42a12ed53574c4f174b60c810eb9f152","sha1":"8b774fa5f8503af102008b9af3f98220d33cf6b6","sha256":"4f83f92cbf4e87017e39cd8cfa766274b00dc88bd784ae6dc5f4e5a2b1282ccb"},"dob":{"date":"1972-10-13T23:38:26.298Z","age":51},"registered":{"date":"2004-10-20T13:57:50.539Z","age":19},"phone":"(96) 5148-4631","cell":"(89) 5800-1710","id":{"name":"CPF","value":"627.622.264-68"},"picture":{"large":"https://randomuser.me/api/portraits/women/0.jpg","medium":"https://randomuser.me/api/portraits/med/women/0.jpg","thumbnail":"https://randomuser.me/api/portraits/thumb/women/0.jpg"},"nat":"BR"}],"info":{"seed":"fb22fd7790b9b0d7","results":1,"page":1,"version":"1.4"}} 
 </msg>
<msg time="2024-07-10T10:17:09.638893" level="INFO">/opt/hostedtoolcache/Python/3.12.4/x64/lib/python3.12/site-packages/urllib3/connectionpool.py:1099: InsecureRequestWarning: Unverified HTTPS request is being made to host 'randomuser.me'. Adding certificate verification is strongly advised. See: https://urllib3.readthedocs.io/en/latest/advanced-usage.html#tls-warnings
  warnings.warn(</msg>
<msg time="2024-07-10T10:17:09.639024" level="INFO">${response} = &lt;Response [200]&gt;</msg>
<var>${response}</var>
<arg>consultarAPI</arg>
<arg>/api</arg>
<doc>Sends a GET request on a previously created HTTP Session.</doc>
<status status="PASS" start="2024-07-10T10:17:09.547048" elapsed="0.092018"/>
</kw>
<kw name="Set Variable" owner="BuiltIn">
<msg time="2024-07-10T10:17:09.640278" level="INFO">${json_data} = {'results': [{'gender': 'female', 'name': {'title': 'Miss', 'first': 'Varlene', 'last': 'Nogueira'}, 'location': {'street': {'number': 2827, 'name': 'Rua Paraná '}, 'city': 'Imperatriz', 'state': 'Ama...</msg>
<var>${json_data}</var>
<arg>${response.json()}</arg>
<doc>Returns the given values which can then be assigned to a variables.</doc>
<status status="PASS" start="2024-07-10T10:17:09.639694" elapsed="0.000614"/>
</kw>
<kw name="Log" owner="BuiltIn">
<msg time="2024-07-10T10:17:09.640841" level="INFO">{'results': [{'gender': 'female', 'name': {'title': 'Miss', 'first': 'Varlene', 'last': 'Nogueira'}, 'location': {'street': {'number': 2827, 'name': 'Rua Paraná '}, 'city': 'Imperatriz', 'state': 'Amazonas', 'country': 'Brazil', 'postcode': 84970, 'coordinates': {'latitude': '-80.1938', 'longitude': '143.8772'}, 'timezone': {'offset': '+5:00', 'description': 'Ekaterinburg, Islamabad, Karachi, Tashkent'}}, 'email': 'varlene.nogueira@example.com', 'login': {'uuid': 'ea3a4761-d278-4511-8989-96720fa927d7', 'username': 'organiclion460', 'password': 'lebowski', 'salt': 'iEHwggdM', 'md5': '42a12ed53574c4f174b60c810eb9f152', 'sha1': '8b774fa5f8503af102008b9af3f98220d33cf6b6', 'sha256': '4f83f92cbf4e87017e39cd8cfa766274b00dc88bd784ae6dc5f4e5a2b1282ccb'}, 'dob': {'date': '1972-10-13T23:38:26.298Z', 'age': 51}, 'registered': {'date': '2004-10-20T13:57:50.539Z', 'age': 19}, 'phone': '(96) 5148-4631', 'cell': '(89) 5800-1710', 'id': {'name': 'CPF', 'value': '627.622.264-68'}, 'picture': {'large': 'https://randomuser.me/api/portraits/women/0.jpg', 'medium': 'https://randomuser.me/api/portraits/med/women/0.jpg', 'thumbnail': 'https://randomuser.me/api/portraits/thumb/women/0.jpg'}, 'nat': 'BR'}], 'info': {'seed': 'fb22fd7790b9b0d7', 'results': 1, 'page': 1, 'version': '1.4'}}</msg>
<arg>${json_data}</arg>
<doc>Logs the given message with the given level.</doc>
<status status="PASS" start="2024-07-10T10:17:09.640678" elapsed="0.000213"/>
</kw>
<kw name="Dictionary Should Contain Key" owner="Collections">
<arg>${json_data}</arg>
<arg>results</arg>
<doc>Fails if ``key`` is not found from ``dictionary``.</doc>
<status status="PASS" start="2024-07-10T10:17:09.641185" elapsed="0.000159"/>
</kw>
<kw name="Should Not Be Empty" owner="BuiltIn">
<msg time="2024-07-10T10:17:09.641658" level="INFO">Length is 2.</msg>
<arg>${json_data}</arg>
<doc>Verifies that the given item is not empty.</doc>
<status status="PASS" start="2024-07-10T10:17:09.641530" elapsed="0.000165"/>
</kw>
<kw name="Create List" owner="BuiltIn">
<msg time="2024-07-10T10:17:09.642282" level="INFO">${expected_keys} = ['gender', 'name', 'location', 'email', 'login']</msg>
<var>${expected_keys}</var>
<arg>gender</arg>
<arg>name</arg>
<arg>location</arg>
<arg>email</arg>
<arg>login</arg>
<doc>Returns a list containing given items.</doc>
<status status="PASS" start="2024-07-10T10:17:09.641976" elapsed="0.000331"/>
</kw>
<for flavor="IN">
<iter>
<kw name="Dictionary Should Contain Key" owner="Collections">
<arg>${json_data['results'][0]}</arg>
<arg>${key}</arg>
<doc>Fails if ``key`` is not found from ``dictionary``.</doc>
<status status="PASS" start="2024-07-10T10:17:09.642893" elapsed="0.000398"/>
</kw>
<kw name="Log" owner="BuiltIn">
<msg time="2024-07-10T10:17:09.643847" level="INFO">{'gender': 'female', 'name': {'title': 'Miss', 'first': 'Varlene', 'last': 'Nogueira'}, 'location': {'street': {'number': 2827, 'name': 'Rua Paraná '}, 'city': 'Imperatriz', 'state': 'Amazonas', 'country': 'Brazil', 'postcode': 84970, 'coordinates': {'latitude': '-80.1938', 'longitude': '143.8772'}, 'timezone': {'offset': '+5:00', 'description': 'Ekaterinburg, Islamabad, Karachi, Tashkent'}}, 'email': 'varlene.nogueira@example.com', 'login': {'uuid': 'ea3a4761-d278-4511-8989-96720fa927d7', 'username': 'organiclion460', 'password': 'lebowski', 'salt': 'iEHwggdM', 'md5': '42a12ed53574c4f174b60c810eb9f152', 'sha1': '8b774fa5f8503af102008b9af3f98220d33cf6b6', 'sha256': '4f83f92cbf4e87017e39cd8cfa766274b00dc88bd784ae6dc5f4e5a2b1282ccb'}, 'dob': {'date': '1972-10-13T23:38:26.298Z', 'age': 51}, 'registered': {'date': '2004-10-20T13:57:50.539Z', 'age': 19}, 'phone': '(96) 5148-4631', 'cell': '(89) 5800-1710', 'id': {'name': 'CPF', 'value': '627.622.264-68'}, 'picture': {'large': 'https://randomuser.me/api/portraits/women/0.jpg', 'medium': 'https://randomuser.me/api/portraits/med/women/0.jpg', 'thumbnail': 'https://randomuser.me/api/portraits/thumb/women/0.jpg'}, 'nat': 'BR'}</msg>
<arg>${json_data['results'][0]}</arg>
<doc>Logs the given message with the given level.</doc>
<status status="PASS" start="2024-07-10T10:17:09.643478" elapsed="0.000420"/>
</kw>
<kw name="Log" owner="BuiltIn">
<msg time="2024-07-10T10:17:09.644358" level="INFO">gender</msg>
<arg>${key}</arg>
<doc>Logs the given message with the given level.</doc>
<status status="PASS" start="2024-07-10T10:17:09.644198" elapsed="0.000204"/>
</kw>
<var name="${key}">gender</var>
<status status="PASS" start="2024-07-10T10:17:09.642767" elapsed="0.001859"/>
</iter>
<iter>
<kw name="Dictionary Should Contain Key" owner="Collections">
<arg>${json_data['results'][0]}</arg>
<arg>${key}</arg>
<doc>Fails if ``key`` is not found from ``dictionary``.</doc>
<status status="PASS" start="2024-07-10T10:17:09.644920" elapsed="0.000386"/>
</kw>
<kw name="Log" owner="BuiltIn">
<msg time="2024-07-10T10:17:09.645886" level="INFO">{'gender': 'female', 'name': {'title': 'Miss', 'first': 'Varlene', 'last': 'Nogueira'}, 'location': {'street': {'number': 2827, 'name': 'Rua Paraná '}, 'city': 'Imperatriz', 'state': 'Amazonas', 'country': 'Brazil', 'postcode': 84970, 'coordinates': {'latitude': '-80.1938', 'longitude': '143.8772'}, 'timezone': {'offset': '+5:00', 'description': 'Ekaterinburg, Islamabad, Karachi, Tashkent'}}, 'email': 'varlene.nogueira@example.com', 'login': {'uuid': 'ea3a4761-d278-4511-8989-96720fa927d7', 'username': 'organiclion460', 'password': 'lebowski', 'salt': 'iEHwggdM', 'md5': '42a12ed53574c4f174b60c810eb9f152', 'sha1': '8b774fa5f8503af102008b9af3f98220d33cf6b6', 'sha256': '4f83f92cbf4e87017e39cd8cfa766274b00dc88bd784ae6dc5f4e5a2b1282ccb'}, 'dob': {'date': '1972-10-13T23:38:26.298Z', 'age': 51}, 'registered': {'date': '2004-10-20T13:57:50.539Z', 'age': 19}, 'phone': '(96) 5148-4631', 'cell': '(89) 5800-1710', 'id': {'name': 'CPF', 'value': '627.622.264-68'}, 'picture': {'large': 'https://randomuser.me/api/portraits/women/0.jpg', 'medium': 'https://randomuser.me/api/portraits/med/women/0.jpg', 'thumbnail': 'https://randomuser.me/api/portraits/thumb/women/0.jpg'}, 'nat': 'BR'}</msg>
<arg>${json_data['results'][0]}</arg>
<doc>Logs the given message with the given level.</doc>
<status status="PASS" start="2024-07-10T10:17:09.645530" elapsed="0.000415"/>
</kw>
<kw name="Log" owner="BuiltIn">
<msg time="2024-07-10T10:17:09.646366" level="INFO">name</msg>
<arg>${key}</arg>
<doc>Logs the given message with the given level.</doc>
<status status="PASS" start="2024-07-10T10:17:09.646241" elapsed="0.000162"/>
</kw>
<var name="${key}">name</var>
<status status="PASS" start="2024-07-10T10:17:09.644810" elapsed="0.001804"/>
</iter>
<iter>
<kw name="Dictionary Should Contain Key" owner="Collections">
<arg>${json_data['results'][0]}</arg>
<arg>${key}</arg>
<doc>Fails if ``key`` is not found from ``dictionary``.</doc>
<status status="PASS" start="2024-07-10T10:17:09.646896" elapsed="0.000375"/>
</kw>
<kw name="Log" owner="BuiltIn">
<msg time="2024-07-10T10:17:09.647803" level="INFO">{'gender': 'female', 'name': {'title': 'Miss', 'first': 'Varlene', 'last': 'Nogueira'}, 'location': {'street': {'number': 2827, 'name': 'Rua Paraná '}, 'city': 'Imperatriz', 'state': 'Amazonas', 'country': 'Brazil', 'postcode': 84970, 'coordinates': {'latitude': '-80.1938', 'longitude': '143.8772'}, 'timezone': {'offset': '+5:00', 'description': 'Ekaterinburg, Islamabad, Karachi, Tashkent'}}, 'email': 'varlene.nogueira@example.com', 'login': {'uuid': 'ea3a4761-d278-4511-8989-96720fa927d7', 'username': 'organiclion460', 'password': 'lebowski', 'salt': 'iEHwggdM', 'md5': '42a12ed53574c4f174b60c810eb9f152', 'sha1': '8b774fa5f8503af102008b9af3f98220d33cf6b6', 'sha256': '4f83f92cbf4e87017e39cd8cfa766274b00dc88bd784ae6dc5f4e5a2b1282ccb'}, 'dob': {'date': '1972-10-13T23:38:26.298Z', 'age': 51}, 'registered': {'date': '2004-10-20T13:57:50.539Z', 'age': 19}, 'phone': '(96) 5148-4631', 'cell': '(89) 5800-1710', 'id': {'name': 'CPF', 'value': '627.622.264-68'}, 'picture': {'large': 'https://randomuser.me/api/portraits/women/0.jpg', 'medium': 'https://randomuser.me/api/portraits/med/women/0.jpg', 'thumbnail': 'https://randomuser.me/api/portraits/thumb/women/0.jpg'}, 'nat': 'BR'}</msg>
<arg>${json_data['results'][0]}</arg>
<doc>Logs the given message with the given level.</doc>
<status status="PASS" start="2024-07-10T10:17:09.647454" elapsed="0.000398"/>
</kw>
<kw name="Log" owner="BuiltIn">
<msg time="2024-07-10T10:17:09.648269" level="INFO">location</msg>
<arg>${key}</arg>
<doc>Logs the given message with the given level.</doc>
<status status="PASS" start="2024-07-10T10:17:09.648142" elapsed="0.000163"/>
</kw>
<var name="${key}">location</var>
<status status="PASS" start="2024-07-10T10:17:09.646789" elapsed="0.001779"/>
</iter>
<iter>
<kw name="Dictionary Should Contain Key" owner="Collections">
<arg>${json_data['results'][0]}</arg>
<arg>${key}</arg>
<doc>Fails if ``key`` is not found from ``dictionary``.</doc>
<status status="PASS" start="2024-07-10T10:17:09.648849" elapsed="0.000379"/>
</kw>
<kw name="Log" owner="BuiltIn">
<msg time="2024-07-10T10:17:09.649773" level="INFO">{'gender': 'female', 'name': {'title': 'Miss', 'first': 'Varlene', 'last': 'Nogueira'}, 'location': {'street': {'number': 2827, 'name': 'Rua Paraná '}, 'city': 'Imperatriz', 'state': 'Amazonas', 'country': 'Brazil', 'postcode': 84970, 'coordinates': {'latitude': '-80.1938', 'longitude': '143.8772'}, 'timezone': {'offset': '+5:00', 'description': 'Ekaterinburg, Islamabad, Karachi, Tashkent'}}, 'email': 'varlene.nogueira@example.com', 'login': {'uuid': 'ea3a4761-d278-4511-8989-96720fa927d7', 'username': 'organiclion460', 'password': 'lebowski', 'salt': 'iEHwggdM', 'md5': '42a12ed53574c4f174b60c810eb9f152', 'sha1': '8b774fa5f8503af102008b9af3f98220d33cf6b6', 'sha256': '4f83f92cbf4e87017e39cd8cfa766274b00dc88bd784ae6dc5f4e5a2b1282ccb'}, 'dob': {'date': '1972-10-13T23:38:26.298Z', 'age': 51}, 'registered': {'date': '2004-10-20T13:57:50.539Z', 'age': 19}, 'phone': '(96) 5148-4631', 'cell': '(89) 5800-1710', 'id': {'name': 'CPF', 'value': '627.622.264-68'}, 'picture': {'large': 'https://randomuser.me/api/portraits/women/0.jpg', 'medium': 'https://randomuser.me/api/portraits/med/women/0.jpg', 'thumbnail': 'https://randomuser.me/api/portraits/thumb/women/0.jpg'}, 'nat': 'BR'}</msg>
<arg>${json_data['results'][0]}</arg>
<doc>Logs the given message with the given level.</doc>
<status status="PASS" start="2024-07-10T10:17:09.649417" elapsed="0.000405"/>
</kw>
<kw name="Log" owner="BuiltIn">
<msg time="2024-07-10T10:17:09.650248" level="INFO">email</msg>
<arg>${key}</arg>
<doc>Logs the given message with the given level.</doc>
<status status="PASS" start="2024-07-10T10:17:09.650118" elapsed="0.000167"/>
</kw>
<var name="${key}">email</var>
<status status="PASS" start="2024-07-10T10:17:09.648738" elapsed="0.001759"/>
</iter>
<iter>
<kw name="Dictionary Should Contain Key" owner="Collections">
<arg>${json_data['results'][0]}</arg>
<arg>${key}</arg>
<doc>Fails if ``key`` is not found from ``dictionary``.</doc>
<status status="PASS" start="2024-07-10T10:17:09.650777" elapsed="0.000377"/>
</kw>
<kw name="Log" owner="BuiltIn">
<msg time="2024-07-10T10:17:09.651670" level="INFO">{'gender': 'female', 'name': {'title': 'Miss', 'first': 'Varlene', 'last': 'Nogueira'}, 'location': {'street': {'number': 2827, 'name': 'Rua Paraná '}, 'city': 'Imperatriz', 'state': 'Amazonas', 'country': 'Brazil', 'postcode': 84970, 'coordinates': {'latitude': '-80.1938', 'longitude': '143.8772'}, 'timezone': {'offset': '+5:00', 'description': 'Ekaterinburg, Islamabad, Karachi, Tashkent'}}, 'email': 'varlene.nogueira@example.com', 'login': {'uuid': 'ea3a4761-d278-4511-8989-96720fa927d7', 'username': 'organiclion460', 'password': 'lebowski', 'salt': 'iEHwggdM', 'md5': '42a12ed53574c4f174b60c810eb9f152', 'sha1': '8b774fa5f8503af102008b9af3f98220d33cf6b6', 'sha256': '4f83f92cbf4e87017e39cd8cfa766274b00dc88bd784ae6dc5f4e5a2b1282ccb'}, 'dob': {'date': '1972-10-13T23:38:26.298Z', 'age': 51}, 'registered': {'date': '2004-10-20T13:57:50.539Z', 'age': 19}, 'phone': '(96) 5148-4631', 'cell': '(89) 5800-1710', 'id': {'name': 'CPF', 'value': '627.622.264-68'}, 'picture': {'large': 'https://randomuser.me/api/portraits/women/0.jpg', 'medium': 'https://randomuser.me/api/portraits/med/women/0.jpg', 'thumbnail': 'https://randomuser.me/api/portraits/thumb/women/0.jpg'}, 'nat': 'BR'}</msg>
<arg>${json_data['results'][0]}</arg>
<doc>Logs the given message with the given level.</doc>
<status status="PASS" start="2024-07-10T10:17:09.651331" elapsed="0.000389"/>
</kw>
<kw name="Log" owner="BuiltIn">
<msg time="2024-07-10T10:17:09.652133" level="INFO">login</msg>
<arg>${key}</arg>
<doc>Logs the given message with the given level.</doc>
<status status="PASS" start="2024-07-10T10:17:09.652009" elapsed="0.000160"/>
</kw>
<var name="${key}">login</var>
<status status="PASS" start="2024-07-10T10:17:09.650664" elapsed="0.001753"/>
</iter>
<var>${key}</var>
<value>@{expected_keys}</value>
<status status="PASS" start="2024-07-10T10:17:09.642569" elapsed="0.010005"/>
</for>
<kw name="Create List" owner="BuiltIn">
<msg time="2024-07-10T10:17:09.652918" level="INFO">${expected_keysTwo} = ['username', 'password']</msg>
<var>${expected_keysTwo}</var>
<arg>username</arg>
<arg>password</arg>
<doc>Returns a list containing given items.</doc>
<status status="PASS" start="2024-07-10T10:17:09.652773" elapsed="0.000170"/>
</kw>
<for flavor="IN">
<iter>
<kw name="Dictionary Should Contain Key" owner="Collections">
<arg>${json_data['results'][0]['login']}</arg>
<arg>${keyTwo}</arg>
<doc>Fails if ``key`` is not found from ``dictionary``.</doc>
<status status="PASS" start="2024-07-10T10:17:09.653450" elapsed="0.000395"/>
</kw>
<kw name="Dictionary Should Contain Key" owner="Collections">
<arg>${json_data['results'][0]['login']}</arg>
<arg>${keyTwo}</arg>
<doc>Fails if ``key`` is not found from ``dictionary``.</doc>
<status status="PASS" start="2024-07-10T10:17:09.654024" elapsed="0.000368"/>
</kw>
<kw name="Log" owner="BuiltIn">
<msg time="2024-07-10T10:17:09.654693" level="INFO">username</msg>
<arg>${keyTwo}</arg>
<doc>Logs the given message with the given level.</doc>
<status status="PASS" start="2024-07-10T10:17:09.654573" elapsed="0.000158"/>
</kw>
<var name="${keyTwo}">username</var>
<status status="PASS" start="2024-07-10T10:17:09.653342" elapsed="0.001607"/>
</iter>
<iter>
<kw name="Dictionary Should Contain Key" owner="Collections">
<arg>${json_data['results'][0]['login']}</arg>
<arg>${keyTwo}</arg>
<doc>Fails if ``key`` is not found from ``dictionary``.</doc>
<status status="PASS" start="2024-07-10T10:17:09.655224" elapsed="0.000390"/>
</kw>
<kw name="Dictionary Should Contain Key" owner="Collections">
<arg>${json_data['results'][0]['login']}</arg>
<arg>${keyTwo}</arg>
<doc>Fails if ``key`` is not found from ``dictionary``.</doc>
<status status="PASS" start="2024-07-10T10:17:09.655792" elapsed="0.000368"/>
</kw>
<kw name="Log" owner="BuiltIn">
<msg time="2024-07-10T10:17:09.656487" level="INFO">password</msg>
<arg>${keyTwo}</arg>
<doc>Logs the given message with the given level.</doc>
<status status="PASS" start="2024-07-10T10:17:09.656361" elapsed="0.000169"/>
</kw>
<var name="${keyTwo}">password</var>
<status status="PASS" start="2024-07-10T10:17:09.655118" elapsed="0.001723"/>
</iter>
<var>${keyTwo}</var>
<value>@{expected_keysTwo}</value>
<status status="PASS" start="2024-07-10T10:17:09.653185" elapsed="0.003776"/>
</for>
<status status="PASS" start="2024-07-10T10:17:09.546816" elapsed="0.110285"/>
</kw>
<doc>Testa a estrutura da resposta da API.</doc>
<tag>testeEstruturaResposta</tag>
<status status="PASS" start="2024-07-10T10:17:09.546191" elapsed="0.111065"/>
</test>
<test id="s1-s1-t4" name="Validar tipos de dados" line="28">
<kw name="Teste de Tipos de Dados" owner="random-user-service">
<kw name="GET On Session" owner="RequestsLibrary">
<msg time="2024-07-10T10:17:09.728065" level="INFO">GET Request : url=https://randomuser.me/api 
 path_url=/api 
 headers={'User-Agent': 'python-requests/2.32.3', 'Accept-Encoding': 'gzip, deflate', 'Accept': '*/*', 'Connection': 'keep-alive'} 
 body=None 
 </msg>
<msg time="2024-07-10T10:17:09.728159" level="INFO">GET Response : url=https://randomuser.me/api 
 status=200, reason=OK 
 headers={'Date': 'Wed, 10 Jul 2024 10:17:09 GMT', 'Content-Type': 'application/json; charset=utf-8', 'Transfer-Encoding': 'chunked', 'Connection': 'keep-alive', 'X-Powered-By': 'Express', 'Access-Control-Allow-Origin': '*', 'Cache-Control': 'no-cache', 'ETag': 'W/"4a4-AKLP+76om5ENwUFtOD0KZLL2gDI"', 'Vary': 'Accept-Encoding', 'Content-Encoding': 'gzip', 'CF-Cache-Status': 'DYNAMIC', 'Report-To': '{"endpoints":[{"url":"https:\\/\\/a.nel.cloudflare.com\\/report\\/v4?s=uN1sRye7zgvMWROud1HJJhqtKgXux%2FMnzZYAFqNhKwWo%2BQXYI0I3RWN3gfV%2BFXYqldeSS3Lb5dZdogV63n2jT0hi50I8fVkh3YEYPnhBeqr022wZZPbr%2FPLQvWfZXefq"}],"group":"cf-nel","max_age":604800}', 'NEL': '{"success_fraction":0,"report_to":"cf-nel","max_age":604800}', 'Server': 'cloudflare', 'CF-RAY': '8a0fcd6b6c0710cb-ORD', 'alt-svc': 'h3=":443"; ma=86400'} 
 body={"results":[{"gender":"female","name":{"title":"Ms","first":"Arnela","last":"Hanoeman"},"location":{"street":{"number":7893,"name":"Hagebeam"},"city":"Oude Willem","state":"Utrecht","country":"Netherlands","postcode":"1333 WI","coordinates":{"latitude":"37.7045","longitude":"113.0100"},"timezone":{"offset":"+11:00","description":"Magadan, Solomon Islands, New Caledonia"}},"email":"arnela.hanoeman@example.com","login":{"uuid":"14ffcaac-e8d6-4e4a-9e25-f2c0f95bf451","username":"goldenzebra234","password":"buffalo1","salt":"F1y3sQK7","md5":"0bcf003ca6646e52a3ff4f4cecbf1fbd","sha1":"706715892c6bd1bc2b5f03c98bbbc1cb008ff43c","sha256":"33d97a405627c2fd66ce543ddba0bb5258cc375af267175ed6abd2881d3d1a17"},"dob":{"date":"1989-03-04T15:58:48.377Z","age":35},"registered":{"date":"2003-02-06T10:51:57.681Z","age":21},"phone":"(053) 7933183","cell":"(06) 12667546","id":{"name":"BSN","value":"47220581"},"picture":{"large":"https://randomuser.me/api/portraits/women/91.jpg","medium":"https://randomuser.me/api/portraits/med/women/91.jpg","thumbnail":"https://randomuser.me/api/portraits/thumb/women/91.jpg"},"nat":"NL"}],"info":{"seed":"ad3789ecf3a40b9a","results":1,"page":1,"version":"1.4"}} 
 </msg>
<msg time="2024-07-10T10:17:09.728227" level="INFO">/opt/hostedtoolcache/Python/3.12.4/x64/lib/python3.12/site-packages/urllib3/connectionpool.py:1099: InsecureRequestWarning: Unverified HTTPS request is being made to host 'randomuser.me'. Adding certificate verification is strongly advised. See: https://urllib3.readthedocs.io/en/latest/advanced-usage.html#tls-warnings
  warnings.warn(</msg>
<msg time="2024-07-10T10:17:09.728392" level="INFO">${response} = &lt;Response [200]&gt;</msg>
<var>${response}</var>
<arg>consultarAPI</arg>
<arg>/api</arg>
<doc>Sends a GET request on a previously created HTTP Session.</doc>
<status status="PASS" start="2024-07-10T10:17:09.659810" elapsed="0.068625"/>
</kw>
<kw name="Set Variable" owner="BuiltIn">
<msg time="2024-07-10T10:17:09.729577" level="INFO">${json_data} = {'results': [{'gender': 'female', 'name': {'title': 'Ms', 'first': 'Arnela', 'last': 'Hanoeman'}, 'location': {'street': {'number': 7893, 'name': 'Hagebeam'}, 'city': 'Oude Willem', 'state': 'Utrecht'...</msg>
<var>${json_data}</var>
<arg>${response.json()}</arg>
<doc>Returns the given values which can then be assigned to a variables.</doc>
<status status="PASS" start="2024-07-10T10:17:09.729046" elapsed="0.000558"/>
</kw>
<kw name="Log" owner="BuiltIn">
<msg time="2024-07-10T10:17:09.730085" level="INFO">{'results': [{'gender': 'female', 'name': {'title': 'Ms', 'first': 'Arnela', 'last': 'Hanoeman'}, 'location': {'street': {'number': 7893, 'name': 'Hagebeam'}, 'city': 'Oude Willem', 'state': 'Utrecht', 'country': 'Netherlands', 'postcode': '1333 WI', 'coordinates': {'latitude': '37.7045', 'longitude': '113.0100'}, 'timezone': {'offset': '+11:00', 'description': 'Magadan, Solomon Islands, New Caledonia'}}, 'email': 'arnela.hanoeman@example.com', 'login': {'uuid': '14ffcaac-e8d6-4e4a-9e25-f2c0f95bf451', 'username': 'goldenzebra234', 'password': 'buffalo1', 'salt': 'F1y3sQK7', 'md5': '0bcf003ca6646e52a3ff4f4cecbf1fbd', 'sha1': '706715892c6bd1bc2b5f03c98bbbc1cb008ff43c', 'sha256': '33d97a405627c2fd66ce543ddba0bb5258cc375af267175ed6abd2881d3d1a17'}, 'dob': {'date': '1989-03-04T15:58:48.377Z', 'age': 35}, 'registered': {'date': '2003-02-06T10:51:57.681Z', 'age': 21}, 'phone': '(053) 7933183', 'cell': '(06) 12667546', 'id': {'name': 'BSN', 'value': '47220581'}, 'picture': {'large': 'https://randomuser.me/api/portraits/women/91.jpg', 'medium': 'https://randomuser.me/api/portraits/med/women/91.jpg', 'thumbnail': 'https://randomuser.me/api/portraits/thumb/women/91.jpg'}, 'nat': 'NL'}], 'info': {'seed': 'ad3789ecf3a40b9a', 'results': 1, 'page': 1, 'version': '1.4'}}</msg>
<arg>${json_data}</arg>
<doc>Logs the given message with the given level.</doc>
<status status="PASS" start="2024-07-10T10:17:09.729927" elapsed="0.000207"/>
</kw>
<kw name="Should Be String" owner="String">
<arg>${json_data['results'][0]['gender']}</arg>
<doc>Fails if the given ``item`` is not a string.</doc>
<status status="PASS" start="2024-07-10T10:17:09.730455" elapsed="0.000361"/>
</kw>
<kw name="Should Match Regexp" owner="BuiltIn">
<arg>${json_data['results'][0]['email']}</arg>
<arg>^[a-zA-Z0-9._%+-]+@[a-zA-Z0-9.-]+\.[a-zA-Z]{2,}$</arg>
<doc>Fails if ``string`` does not match ``pattern`` as a regular expression.</doc>
<status status="PASS" start="2024-07-10T10:17:09.731005" elapsed="0.000506"/>
</kw>
<kw name="Should Match Regexp" owner="BuiltIn">
<arg>${json_data['results'][0]['dob']['date']}</arg>
<arg>\\d{4}-\\d{2}-\\d{2}T\\d{2}:\\d{2}:\\d{2}\\.\\d{3}Z</arg>
<doc>Fails if ``string`` does not match ``pattern`` as a regular expression.</doc>
<status status="PASS" start="2024-07-10T10:17:09.731701" elapsed="0.000478"/>
</kw>
<kw name="Should Match Regexp" owner="BuiltIn">
<arg>${json_data['results'][0]['registered']['date']}</arg>
<arg>\\d{4}-\\d{2}-\\d{2}T\\d{2}:\\d{2}:\\d{2}\\.\\d{3}Z</arg>
<doc>Fails if ``string`` does not match ``pattern`` as a regular expression.</doc>
<status status="PASS" start="2024-07-10T10:17:09.732400" elapsed="0.000375"/>
</kw>
<kw name="Should Match Regexp" owner="BuiltIn">
<arg>${json_data['results'][0]['picture']['large']}</arg>
<arg>^https?://.*\.(?:png|jpe?g|gif|bmp)$</arg>
<doc>Fails if ``string`` does not match ``pattern`` as a regular expression.</doc>
<status status="PASS" start="2024-07-10T10:17:09.732957" elapsed="0.000451"/>
</kw>
<kw name="Should Match Regexp" owner="BuiltIn">
<arg>${json_data['results'][0]['picture']['medium']}</arg>
<arg>^https?://.*\.(?:png|jpe?g|gif|bmp)$</arg>
<doc>Fails if ``string`` does not match ``pattern`` as a regular expression.</doc>
<status status="PASS" start="2024-07-10T10:17:09.733592" elapsed="0.000347"/>
</kw>
<kw name="Should Match Regexp" owner="BuiltIn">
<arg>${json_data['results'][0]['picture']['thumbnail']}</arg>
<arg>^https?://.*\.(?:png|jpe?g|gif|bmp)$</arg>
<doc>Fails if ``string`` does not match ``pattern`` as a regular expression.</doc>
<status status="PASS" start="2024-07-10T10:17:09.734117" elapsed="0.000349"/>
</kw>
<kw name="Log" owner="BuiltIn">
<msg time="2024-07-10T10:17:09.734968" level="INFO">{'large': 'https://randomuser.me/api/portraits/women/91.jpg', 'medium': 'https://randomuser.me/api/portraits/med/women/91.jpg', 'thumbnail': 'https://randomuser.me/api/portraits/thumb/women/91.jpg'}</msg>
<arg>${json_data['results'][0]['picture']}</arg>
<doc>Logs the given message with the given level.</doc>
<status status="PASS" start="2024-07-10T10:17:09.734648" elapsed="0.000363"/>
</kw>
<status status="PASS" start="2024-07-10T10:17:09.659583" elapsed="0.075685"/>
</kw>
<kw name="Teste de Tipos de Dados - Postcode" owner="random-user-service">
<kw name="GET On Session" owner="RequestsLibrary">
<msg time="2024-07-10T10:17:09.868569" level="INFO">GET Request : url=https://randomuser.me/api 
 path_url=/api 
 headers={'User-Agent': 'python-requests/2.32.3', 'Accept-Encoding': 'gzip, deflate', 'Accept': '*/*', 'Connection': 'keep-alive'} 
 body=None 
 </msg>
<msg time="2024-07-10T10:17:09.868668" level="INFO">GET Response : url=https://randomuser.me/api 
 status=200, reason=OK 
 headers={'Date': 'Wed, 10 Jul 2024 10:17:09 GMT', 'Content-Type': 'application/json; charset=utf-8', 'Transfer-Encoding': 'chunked', 'Connection': 'keep-alive', 'X-Powered-By': 'Express', 'Access-Control-Allow-Origin': '*', 'Cache-Control': 'no-cache', 'ETag': 'W/"4a9-LhoYrHq8yvBDr6RGWXbTENDvwr8"', 'Vary': 'Accept-Encoding', 'Content-Encoding': 'gzip', 'CF-Cache-Status': 'DYNAMIC', 'Report-To': '{"endpoints":[{"url":"https:\\/\\/a.nel.cloudflare.com\\/report\\/v4?s=kNcFqJJtFPZAYvHjpvRpwKZlG%2FyxSHw9QkKGZXB2fVh8H5aEYiKc3X0rGQy0z8p2z%2Fv1wqc8cToRtoSdLLDNQwVgECQWsA7H%2BOKGjixqdu5PURYhlnR1E%2FYRKgyKyJcK"}],"group":"cf-nel","max_age":604800}', 'NEL': '{"success_fraction":0,"report_to":"cf-nel","max_age":604800}', 'Server': 'cloudflare', 'CF-RAY': '8a0fcd6bdc7310cb-ORD', 'alt-svc': 'h3=":443"; ma=86400'} 
 body={"results":[{"gender":"female","name":{"title":"Ms","first":"Lisa","last":"Leclercq"},"location":{"street":{"number":2055,"name":"Rue Bataille"},"city":"Aix-En-Provence","state":"Vosges","country":"France","postcode":81380,"coordinates":{"latitude":"-14.8268","longitude":"61.6237"},"timezone":{"offset":"+3:00","description":"Baghdad, Riyadh, Moscow, St. Petersburg"}},"email":"lisa.leclercq@example.com","login":{"uuid":"88e8360f-c771-4afc-89b2-b060ee7fedae","username":"blackpeacock126","password":"philips","salt":"CBfM0XsK","md5":"c26b6752cff4486d929af6d17d4ee8d0","sha1":"4c2bbb5703452534c7d805c602ea2e710723b036","sha256":"fcb6104694e34ae204ef3e4138e16d12a12a1b4c4d673b3b2783c40d4467cf60"},"dob":{"date":"1967-10-27T23:53:05.133Z","age":56},"registered":{"date":"2002-07-16T16:29:39.997Z","age":21},"phone":"05-49-98-68-26","cell":"06-61-67-57-01","id":{"name":"INSEE","value":"2670920185127 50"},"picture":{"large":"https://randomuser.me/api/portraits/women/90.jpg","medium":"https://randomuser.me/api/portraits/med/women/90.jpg","thumbnail":"https://randomuser.me/api/portraits/thumb/women/90.jpg"},"nat":"FR"}],"info":{"seed":"c5290aa158a39ea9","results":1,"page":1,"version":"1.4"}} 
 </msg>
<msg time="2024-07-10T10:17:09.868738" level="INFO">/opt/hostedtoolcache/Python/3.12.4/x64/lib/python3.12/site-packages/urllib3/connectionpool.py:1099: InsecureRequestWarning: Unverified HTTPS request is being made to host 'randomuser.me'. Adding certificate verification is strongly advised. See: https://urllib3.readthedocs.io/en/latest/advanced-usage.html#tls-warnings
  warnings.warn(</msg>
<msg time="2024-07-10T10:17:09.868860" level="INFO">${response} = &lt;Response [200]&gt;</msg>
<var>${response}</var>
<arg>consultarAPI</arg>
<arg>/api</arg>
<doc>Sends a GET request on a previously created HTTP Session.</doc>
<status status="PASS" start="2024-07-10T10:17:09.735723" elapsed="0.133182"/>
</kw>
<kw name="Set Variable" owner="BuiltIn">
<msg time="2024-07-10T10:17:09.870109" level="INFO">${json_data} = {'results': [{'gender': 'female', 'name': {'title': 'Ms', 'first': 'Lisa', 'last': 'Leclercq'}, 'location': {'street': {'number': 2055, 'name': 'Rue Bataille'}, 'city': 'Aix-En-Provence', 'state': 'Vo...</msg>
<var>${json_data}</var>
<arg>${response.json()}</arg>
<doc>Returns the given values which can then be assigned to a variables.</doc>
<status status="PASS" start="2024-07-10T10:17:09.869544" elapsed="0.000594"/>
</kw>
<kw name="Log" owner="BuiltIn">
<msg time="2024-07-10T10:17:09.870607" level="INFO">{'results': [{'gender': 'female', 'name': {'title': 'Ms', 'first': 'Lisa', 'last': 'Leclercq'}, 'location': {'street': {'number': 2055, 'name': 'Rue Bataille'}, 'city': 'Aix-En-Provence', 'state': 'Vosges', 'country': 'France', 'postcode': 81380, 'coordinates': {'latitude': '-14.8268', 'longitude': '61.6237'}, 'timezone': {'offset': '+3:00', 'description': 'Baghdad, Riyadh, Moscow, St. Petersburg'}}, 'email': 'lisa.leclercq@example.com', 'login': {'uuid': '88e8360f-c771-4afc-89b2-b060ee7fedae', 'username': 'blackpeacock126', 'password': 'philips', 'salt': 'CBfM0XsK', 'md5': 'c26b6752cff4486d929af6d17d4ee8d0', 'sha1': '4c2bbb5703452534c7d805c602ea2e710723b036', 'sha256': 'fcb6104694e34ae204ef3e4138e16d12a12a1b4c4d673b3b2783c40d4467cf60'}, 'dob': {'date': '1967-10-27T23:53:05.133Z', 'age': 56}, 'registered': {'date': '2002-07-16T16:29:39.997Z', 'age': 21}, 'phone': '05-49-98-68-26', 'cell': '06-61-67-57-01', 'id': {'name': 'INSEE', 'value': '2670920185127 50'}, 'picture': {'large': 'https://randomuser.me/api/portraits/women/90.jpg', 'medium': 'https://randomuser.me/api/portraits/med/women/90.jpg', 'thumbnail': 'https://randomuser.me/api/portraits/thumb/women/90.jpg'}, 'nat': 'FR'}], 'info': {'seed': 'c5290aa158a39ea9', 'results': 1, 'page': 1, 'version': '1.4'}}</msg>
<arg>${json_data}</arg>
<doc>Logs the given message with the given level.</doc>
<status status="PASS" start="2024-07-10T10:17:09.870452" elapsed="0.000202"/>
</kw>
<kw name="Should Be Equal As Numbers" owner="BuiltIn">
<arg>${json_data['results'][0]['location']['postcode']}</arg>
<arg>${json_data['results'][0]['location']['postcode']}</arg>
<doc>Fails if objects are unequal after converting them to real numbers.</doc>
<status status="PASS" start="2024-07-10T10:17:09.870939" elapsed="0.000637"/>
</kw>
<kw name="Log" owner="BuiltIn">
<msg time="2024-07-10T10:17:09.872275" level="INFO">81380</msg>
<arg>${json_data['results'][0]['location']['postcode']}</arg>
<doc>Logs the given message with the given level.</doc>
<status status="PASS" start="2024-07-10T10:17:09.871776" elapsed="0.000566"/>
</kw>
<status status="PASS" start="2024-07-10T10:17:09.735497" elapsed="0.137119"/>
</kw>
<doc>Testa se os tipos de dados na resposta da API estão corretos.</doc>
<tag>testeTiposDados</tag>
<status status="PASS" start="2024-07-10T10:17:09.659020" elapsed="0.213761"/>
</test>
<test id="s1-s1-t5" name="Validar conteudo" line="35">
<kw name="Teste de Tipos de Conteudo" owner="random-user-service">
<kw name="GET On Session" owner="RequestsLibrary">
<msg time="2024-07-10T10:17:09.960448" level="INFO">GET Request : url=https://randomuser.me/api 
 path_url=/api 
 headers={'User-Agent': 'python-requests/2.32.3', 'Accept-Encoding': 'gzip, deflate', 'Accept': '*/*', 'Connection': 'keep-alive'} 
 body=None 
 </msg>
<msg time="2024-07-10T10:17:09.960537" level="INFO">GET Response : url=https://randomuser.me/api 
 status=200, reason=OK 
 headers={'Date': 'Wed, 10 Jul 2024 10:17:09 GMT', 'Content-Type': 'application/json; charset=utf-8', 'Transfer-Encoding': 'chunked', 'Connection': 'keep-alive', 'X-Powered-By': 'Express', 'Access-Control-Allow-Origin': '*', 'Cache-Control': 'no-cache', 'ETag': 'W/"48f-ioGRpt+Ni0BFNcfrJ/2oIM3Fs0E"', 'Vary': 'Accept-Encoding', 'Content-Encoding': 'gzip', 'CF-Cache-Status': 'DYNAMIC', 'Report-To': '{"endpoints":[{"url":"https:\\/\\/a.nel.cloudflare.com\\/report\\/v4?s=W9D0h0vpZ49Tu1ezYpjp1Oyn45J6e9J15yFd9BQQ700mf0AfHQv6VHKha0lXu%2Bk7%2B%2BYNTtxHskJL6RJcvMnv0KJ7HEE5zGM%2FAsgTDLCZLTSIaJ5ju4E6KxXQTQ91OqSk"}],"group":"cf-nel","max_age":604800}', 'NEL': '{"success_fraction":0,"report_to":"cf-nel","max_age":604800}', 'Server': 'cloudflare', 'CF-RAY': '8a0fcd6cbd0910cb-ORD', 'alt-svc': 'h3=":443"; ma=86400'} 
 body={"results":[{"gender":"female","name":{"title":"Ms","first":"Andrijana","last":"Stošić"},"location":{"street":{"number":8925,"name":"Simićev Puteljak"},"city":"Ćićevac","state":"Kosovo-Pomoravlje","country":"Serbia","postcode":18857,"coordinates":{"latitude":"59.1109","longitude":"73.3370"},"timezone":{"offset":"-2:00","description":"Mid-Atlantic"}},"email":"andrijana.stosic@example.com","login":{"uuid":"0cf6ec33-1c9c-44d8-9b2d-e3dd1d8fa19c","username":"ticklishtiger308","password":"burrito","salt":"WKWs1IeR","md5":"bab0442c6b056964e260521857ea81b1","sha1":"41dffa34d876ff9557d9ae91b586150a2bf1b580","sha256":"49e3d3792e28714479fe0882a048cca2c338469f3fccfa8d185ab960fd6fcdd6"},"dob":{"date":"1991-04-06T18:45:50.231Z","age":33},"registered":{"date":"2019-05-20T16:36:59.530Z","age":5},"phone":"035-9606-767","cell":"061-1735-941","id":{"name":"SID","value":"125299165"},"picture":{"large":"https://randomuser.me/api/portraits/women/6.jpg","medium":"https://randomuser.me/api/portraits/med/women/6.jpg","thumbnail":"https://randomuser.me/api/portraits/thumb/women/6.jpg"},"nat":"RS"}],"info":{"seed":"dfede6add119f805","results":1,"page":1,"version":"1.4"}} 
 </msg>
<msg time="2024-07-10T10:17:09.960610" level="INFO">/opt/hostedtoolcache/Python/3.12.4/x64/lib/python3.12/site-packages/urllib3/connectionpool.py:1099: InsecureRequestWarning: Unverified HTTPS request is being made to host 'randomuser.me'. Adding certificate verification is strongly advised. See: https://urllib3.readthedocs.io/en/latest/advanced-usage.html#tls-warnings
  warnings.warn(</msg>
<msg time="2024-07-10T10:17:09.960762" level="INFO">${response} = &lt;Response [200]&gt;</msg>
<var>${response}</var>
<arg>consultarAPI</arg>
<arg>/api</arg>
<doc>Sends a GET request on a previously created HTTP Session.</doc>
<status status="PASS" start="2024-07-10T10:17:09.875307" elapsed="0.085495"/>
</kw>
<kw name="Set Variable" owner="BuiltIn">
<msg time="2024-07-10T10:17:09.961781" level="INFO">${json_data} = {'results': [{'gender': 'female', 'name': {'title': 'Ms', 'first': 'Andrijana', 'last': 'Stošić'}, 'location': {'street': {'number': 8925, 'name': 'Simićev Puteljak'}, 'city': 'Ćićevac', 'state': 'Kos...</msg>
<var>${json_data}</var>
<arg>${response.json()}</arg>
<doc>Returns the given values which can then be assigned to a variables.</doc>
<status status="PASS" start="2024-07-10T10:17:09.961284" elapsed="0.000528"/>
</kw>
<kw name="Set Variable" owner="BuiltIn">
<msg time="2024-07-10T10:17:09.962502" level="INFO">${name_title} = Ms</msg>
<var>${name_title}</var>
<arg>${json_data["results"][0]["name"]["title"]}</arg>
<doc>Returns the given values which can then be assigned to a variables.</doc>
<status status="PASS" start="2024-07-10T10:17:09.962125" elapsed="0.000402"/>
</kw>
<kw name="Create List" owner="BuiltIn">
<msg time="2024-07-10T10:17:09.962963" level="INFO">${allowed_titles} = ['Mr', 'Ms', 'Miss', 'Mrs', 'Madame', 'Monsieur']</msg>
<var>${allowed_titles}</var>
<arg>Mr</arg>
<arg>Ms</arg>
<arg>Miss</arg>
<arg>Mrs</arg>
<arg>Madame</arg>
<arg>Monsieur</arg>
<doc>Returns a list containing given items.</doc>
<status status="PASS" start="2024-07-10T10:17:09.962818" elapsed="0.000168"/>
</kw>
<kw name="List Should Contain Value" owner="Collections">
<arg>${allowed_titles}</arg>
<arg>${name_title}</arg>
<doc>Fails if the ``value`` is not found from ``list``.</doc>
<status status="PASS" start="2024-07-10T10:17:09.963281" elapsed="0.000184"/>
</kw>
<kw name="Set Variable" owner="BuiltIn">
<msg time="2024-07-10T10:17:09.964009" level="INFO">${name_country} = RS</msg>
<var>${name_country}</var>
<arg>${json_data["results"][0]["nat"]}</arg>
<doc>Returns the given values which can then be assigned to a variables.</doc>
<status status="PASS" start="2024-07-10T10:17:09.963643" elapsed="0.000391"/>
</kw>
<kw name="Create List" owner="BuiltIn">
<msg time="2024-07-10T10:17:09.964937" level="INFO">${list_country} = ['AD', 'AE', 'AF', 'AG', 'AI', 'AL', 'AM', 'AO', 'AQ', 'AR', 'AS', 'AT', 'AU', 'AW', 'AX', 'AZ', 'BA', 'BB', 'BD', 'BE', 'BF', 'BG', 'BH', 'BI', 'BJ', 'BL', 'BM', 'BN', 'BO', 'BQ', 'BR', 'BS', 'BT', '...</msg>
<var>${list_country}</var>
<arg>AD</arg>
<arg>AE</arg>
<arg>AF</arg>
<arg>AG</arg>
<arg>AI</arg>
<arg>AL</arg>
<arg>AM</arg>
<arg>AO</arg>
<arg>AQ</arg>
<arg>AR</arg>
<arg>AS</arg>
<arg>AT</arg>
<arg>AU</arg>
<arg>AW</arg>
<arg>AX</arg>
<arg>AZ</arg>
<arg>BA</arg>
<arg>BB</arg>
<arg>BD</arg>
<arg>BE</arg>
<arg>BF</arg>
<arg>BG</arg>
<arg>BH</arg>
<arg>BI</arg>
<arg>BJ</arg>
<arg>BL</arg>
<arg>BM</arg>
<arg>BN</arg>
<arg>BO</arg>
<arg>BQ</arg>
<arg>BR</arg>
<arg>BS</arg>
<arg>BT</arg>
<arg>BV</arg>
<arg>BW</arg>
<arg>BY</arg>
<arg>BZ</arg>
<arg>CA</arg>
<arg>CC</arg>
<arg>CD</arg>
<arg>CF</arg>
<arg>CG</arg>
<arg>CH</arg>
<arg>CI</arg>
<arg>CK</arg>
<arg>CL</arg>
<arg>CM</arg>
<arg>CN</arg>
<arg>CO</arg>
<arg>CR</arg>
<arg>CU</arg>
<arg>CV</arg>
<arg>CW</arg>
<arg>CX</arg>
<arg>CY</arg>
<arg>CZ</arg>
<arg>DE</arg>
<arg>DJ</arg>
<arg>DK</arg>
<arg>DM</arg>
<arg>DO</arg>
<arg>DZ</arg>
<arg>EC</arg>
<arg>EE</arg>
<arg>EG</arg>
<arg>EH</arg>
<arg>ER</arg>
<arg>ES</arg>
<arg>ET</arg>
<arg>FI</arg>
<arg>FJ</arg>
<arg>FK</arg>
<arg>FM</arg>
<arg>FO</arg>
<arg>FR</arg>
<arg>GA</arg>
<arg>GB</arg>
<arg>GD</arg>
<arg>GE</arg>
<arg>GF</arg>
<arg>GG</arg>
<arg>GH</arg>
<arg>GI</arg>
<arg>GL</arg>
<arg>GM</arg>
<arg>GN</arg>
<arg>GP</arg>
<arg>GQ</arg>
<arg>GR</arg>
<arg>GS</arg>
<arg>GT</arg>
<arg>GU</arg>
<arg>GW</arg>
<arg>GY</arg>
<arg>HK</arg>
<arg>HM</arg>
<arg>HN</arg>
<arg>HR</arg>
<arg>HT</arg>
<arg>HU</arg>
<arg>ID</arg>
<arg>IE</arg>
<arg>IL</arg>
<arg>IM</arg>
<arg>IN</arg>
<arg>IO</arg>
<arg>IQ</arg>
<arg>IR</arg>
<arg>IS</arg>
<arg>IT</arg>
<arg>JE</arg>
<arg>JM</arg>
<arg>JO</arg>
<arg>JP</arg>
<arg>KE</arg>
<arg>KG</arg>
<arg>KH</arg>
<arg>KI</arg>
<arg>KM</arg>
<arg>KN</arg>
<arg>KP</arg>
<arg>KR</arg>
<arg>KW</arg>
<arg>KY</arg>
<arg>KZ</arg>
<arg>LA</arg>
<arg>LB</arg>
<arg>LC</arg>
<arg>LI</arg>
<arg>LK</arg>
<arg>LR</arg>
<arg>LS</arg>
<arg>LT</arg>
<arg>LU</arg>
<arg>LV</arg>
<arg>LY</arg>
<arg>MA</arg>
<arg>MC</arg>
<arg>MD</arg>
<arg>ME</arg>
<arg>MF</arg>
<arg>MG</arg>
<arg>MH</arg>
<arg>MK</arg>
<arg>ML</arg>
<arg>MM</arg>
<arg>MN</arg>
<arg>MO</arg>
<arg>MP</arg>
<arg>MQ</arg>
<arg>MR</arg>
<arg>MS</arg>
<arg>MT</arg>
<arg>MU</arg>
<arg>MV</arg>
<arg>MW</arg>
<arg>MX</arg>
<arg>MY</arg>
<arg>MZ</arg>
<arg>NA</arg>
<arg>NC</arg>
<arg>NE</arg>
<arg>NF</arg>
<arg>NG</arg>
<arg>NI</arg>
<arg>NL</arg>
<arg>NO</arg>
<arg>NP</arg>
<arg>NR</arg>
<arg>NU</arg>
<arg>NZ</arg>
<arg>OM</arg>
<arg>PA</arg>
<arg>PE</arg>
<arg>PF</arg>
<arg>PG</arg>
<arg>PH</arg>
<arg>PK</arg>
<arg>PL</arg>
<arg>PM</arg>
<arg>PN</arg>
<arg>PR</arg>
<arg>PS</arg>
<arg>PT</arg>
<arg>PW</arg>
<arg>PY</arg>
<arg>QA</arg>
<arg>RE</arg>
<arg>RO</arg>
<arg>RS</arg>
<arg>RU</arg>
<arg>RW</arg>
<arg>SA</arg>
<arg>SB</arg>
<arg>SC</arg>
<arg>SD</arg>
<arg>SE</arg>
<arg>SG</arg>
<arg>SH</arg>
<arg>SI</arg>
<arg>SJ</arg>
<arg>SK</arg>
<arg>SL</arg>
<arg>SM</arg>
<arg>SN</arg>
<arg>SO</arg>
<arg>SR</arg>
<arg>SS</arg>
<arg>ST</arg>
<arg>SV</arg>
<arg>SX</arg>
<arg>SY</arg>
<arg>SZ</arg>
<arg>TC</arg>
<arg>TD</arg>
<arg>TF</arg>
<arg>TG</arg>
<arg>TH</arg>
<arg>TJ</arg>
<arg>TK</arg>
<arg>TL</arg>
<arg>TM</arg>
<arg>TN</arg>
<arg>TO</arg>
<arg>TR</arg>
<arg>TT</arg>
<arg>TV</arg>
<arg>TW</arg>
<arg>TZ</arg>
<arg>UA</arg>
<arg>UG</arg>
<arg>UM</arg>
<arg>US</arg>
<arg>UY</arg>
<arg>UZ</arg>
<arg>VA</arg>
<arg>VC</arg>
<arg>VE</arg>
<arg>VG</arg>
<arg>VI</arg>
<arg>VN</arg>
<arg>VU</arg>
<arg>WF</arg>
<arg>WS</arg>
<arg>XK</arg>
<arg>YE</arg>
<arg>YT</arg>
<arg>ZA</arg>
<arg>ZM</arg>
<arg>ZW</arg>
<doc>Returns a list containing given items.</doc>
<status status="PASS" start="2024-07-10T10:17:09.964345" elapsed="0.000617"/>
</kw>
<kw name="List Should Contain Value" owner="Collections">
<arg>${list_country}</arg>
<arg>${name_country}</arg>
<doc>Fails if the ``value`` is not found from ``list``.</doc>
<status status="PASS" start="2024-07-10T10:17:09.965751" elapsed="0.000200"/>
</kw>
<kw name="Run Keyword If" owner="BuiltIn">
<kw name="Should Be True" owner="BuiltIn">
<arg>${True}</arg>
<doc>Fails if the given condition is not true.</doc>
<status status="PASS" start="2024-07-10T10:17:09.966874" elapsed="0.000140"/>
</kw>
<arg>${json_data["results"][0]["location"]["coordinates"]["latitude"]} &gt;= -90 and ${json_data["results"][0]["location"]["coordinates"]["latitude"]} &lt;= 90</arg>
<arg>Should Be True</arg>
<arg>${True}</arg>
<doc>Runs the given keyword with the given arguments, if ``condition`` is true.</doc>
<status status="PASS" start="2024-07-10T10:17:09.966143" elapsed="0.000997"/>
</kw>
<kw name="Run Keyword If" owner="BuiltIn">
<kw name="Should Be True" owner="BuiltIn">
<arg>${True}</arg>
<doc>Fails if the given condition is not true.</doc>
<status status="PASS" start="2024-07-10T10:17:09.968012" elapsed="0.000237"/>
</kw>
<arg>${json_data["results"][0]["location"]["coordinates"]["longitude"]} &gt;= -180 and ${json_data["results"][0]["location"]["coordinates"]["longitude"]} &lt;= 180</arg>
<arg>Should Be True</arg>
<arg>${True}</arg>
<doc>Runs the given keyword with the given arguments, if ``condition`` is true.</doc>
<status status="PASS" start="2024-07-10T10:17:09.967318" elapsed="0.001090"/>
</kw>
<status status="PASS" start="2024-07-10T10:17:09.875081" elapsed="0.093470"/>
</kw>
<doc>Testa o conteúdo específico dos campos retornados pela API.</doc>
<tag>testeConteudo</tag>
<status status="PASS" start="2024-07-10T10:17:09.874528" elapsed="0.094173"/>
</test>
<status status="PASS" start="2024-07-10T10:17:08.750704" elapsed="1.219974"/>
</suite>
<status status="PASS" start="2024-07-10T10:17:08.735671" elapsed="1.240320"/>
</suite>
<statistics>
<total>
<stat pass="5" fail="0" skip="0">All Tests</stat>
</total>
<tag>
<stat pass="1" fail="0" skip="0">testeConteudo</stat>
<stat pass="1" fail="0" skip="0">testeEstruturaResposta</stat>
<stat pass="1" fail="0" skip="0">testeRequisicaoBasica</stat>
<stat pass="1" fail="0" skip="0">testeTiposDados</stat>
</tag>
<suite>
<stat pass="5" fail="0" skip="0" id="s1" name="Tests">Tests</stat>
<stat pass="5" fail="0" skip="0" id="s1-s1" name="Random-User-Test">Tests.Random-User-Test</stat>
</suite>
</statistics>
<errors>
</errors>
</robot>
