<?xml version="1.0" encoding="UTF-8"?>
<robot generator="Robot 7.0 (Python 3.12.3 on linux)" generated="2024-05-31T05:16:58.169253" rpa="false" schemaversion="5">
<suite id="s1" name="Tests" source="/home/runner/work/ApiRandomUser/ApiRandomUser/RamdonUser/tests">
<suite id="s1-s1" name="Random-User-Test" source="/home/runner/work/ApiRandomUser/ApiRandomUser/RamdonUser/tests/random-user-test.robot">
<test id="s1-s1-t1" name="Conectar" line="13">
<kw name="Conectar API" owner="random-user-service">
<kw name="Create Session" owner="RequestsLibrary">
<msg time="2024-05-31T05:16:58.549501" level="INFO">Creating Session using : alias=consultarAPI, url=https://randomuser.me/, headers={},                     cookies={}, auth=None, timeout=None, proxies=None, verify=False,                     debug=0 </msg>
<arg>consultarAPI</arg>
<arg>${URL}</arg>
<doc>Create Session: create a HTTP session to a server</doc>
<status status="PASS" start="2024-05-31T05:16:58.549295" elapsed="0.000377"/>
</kw>
<status status="PASS" start="2024-05-31T05:16:58.548331" elapsed="0.001694"/>
</kw>
<status status="PASS" start="2024-05-31T05:16:58.547788" elapsed="0.002431"/>
</test>
<test id="s1-s1-t2" name="Validar retorno 200 e JSON Válido" line="16">
<kw name="Teste de Requisicao Basica" owner="random-user-service">
<kw name="GET On Session" owner="RequestsLibrary">
<msg time="2024-05-31T05:16:58.714340" level="INFO">GET Request : url=https://randomuser.me/api 
 path_url=/api 
 headers={'User-Agent': 'python-requests/2.32.3', 'Accept-Encoding': 'gzip, deflate', 'Accept': '*/*', 'Connection': 'keep-alive'} 
 body=None 
 </msg>
<msg time="2024-05-31T05:16:58.714467" level="INFO">GET Response : url=https://randomuser.me/api 
 status=200, reason=OK 
 headers={'Date': 'Fri, 31 May 2024 05:16:58 GMT', 'Content-Type': 'application/json; charset=utf-8', 'Transfer-Encoding': 'chunked', 'Connection': 'keep-alive', 'X-Powered-By': 'Express', 'Access-Control-Allow-Origin': '*', 'Cache-Control': 'no-cache', 'ETag': 'W/"481-1+bu0LBXu1Hfvn+lkQyyw4FHJwc"', 'Vary': 'Accept-Encoding', 'Content-Encoding': 'gzip', 'CF-Cache-Status': 'DYNAMIC', 'Report-To': '{"endpoints":[{"url":"https:\\/\\/a.nel.cloudflare.com\\/report\\/v4?s=OppZBBDqDd6k1J6aNrS9tClPNFpDpPqXm7GzCGq1XJwiqr7JI6zKJNFiqqEuoYf4pQZwYnQ54d9wPhZ8L4y33CwH7bVLdvBGIfyv3XDLjoRikcSywH0gcwqP8svyyR7E"}],"group":"cf-nel","max_age":604800}', 'NEL': '{"success_fraction":0,"report_to":"cf-nel","max_age":604800}', 'Server': 'cloudflare', 'CF-RAY': '88c47eb24d1408cf-LAX', 'alt-svc': 'h3=":443"; ma=86400'} 
 body={"results":[{"gender":"female","name":{"title":"Miss","first":"Joann","last":"Robertson"},"location":{"street":{"number":3709,"name":"Cherry St"},"city":"Albury","state":"Northern Territory","country":"Australia","postcode":6022,"coordinates":{"latitude":"-89.3792","longitude":"114.2459"},"timezone":{"offset":"-9:00","description":"Alaska"}},"email":"joann.robertson@example.com","login":{"uuid":"7c115115-7b13-4866-93b4-bb844926c1d1","username":"brownpanda773","password":"pisces","salt":"RglHyyIm","md5":"27e095b35819e96efa5fd8676ea72cd2","sha1":"5615a4752011a2a9db05188caac6f90ea27ea6b6","sha256":"c3f9cc5ea247fb309d978304083fd00556fdd8052ba4a1c1ccb510145eef78e8"},"dob":{"date":"1974-08-10T16:37:54.698Z","age":49},"registered":{"date":"2008-05-15T10:40:21.713Z","age":16},"phone":"05-1481-8013","cell":"0404-107-473","id":{"name":"TFN","value":"265530831"},"picture":{"large":"https://randomuser.me/api/portraits/women/28.jpg","medium":"https://randomuser.me/api/portraits/med/women/28.jpg","thumbnail":"https://randomuser.me/api/portraits/thumb/women/28.jpg"},"nat":"AU"}],"info":{"seed":"20b001701f7868f8","results":1,"page":1,"version":"1.4"}} 
 </msg>
<msg time="2024-05-31T05:16:58.714542" level="INFO">/opt/hostedtoolcache/Python/3.12.3/x64/lib/python3.12/site-packages/urllib3/connectionpool.py:1103: InsecureRequestWarning: Unverified HTTPS request is being made to host 'randomuser.me'. Adding certificate verification is strongly advised. See: https://urllib3.readthedocs.io/en/latest/advanced-usage.html#tls-warnings
  warnings.warn(</msg>
<msg time="2024-05-31T05:16:58.714668" level="INFO">${response} = &lt;Response [200]&gt;</msg>
<var>${response}</var>
<arg>consultarAPI</arg>
<arg>/api</arg>
<doc>Sends a GET request on a previously created HTTP Session.</doc>
<status status="PASS" start="2024-05-31T05:16:58.552849" elapsed="0.161863"/>
</kw>
<kw name="Should Be Equal As Numbers" owner="BuiltIn">
<msg time="2024-05-31T05:16:58.715785" level="INFO">Argument types are:
&lt;class 'int'&gt;
&lt;class 'str'&gt;</msg>
<arg>${response.status_code}</arg>
<arg>200</arg>
<doc>Fails if objects are unequal after converting them to real numbers.</doc>
<status status="PASS" start="2024-05-31T05:16:58.715290" elapsed="0.000562"/>
</kw>
<kw name="Log" owner="BuiltIn">
<msg time="2024-05-31T05:16:58.716616" level="INFO">200</msg>
<arg>${response.status_code}</arg>
<doc>Logs the given message with the given level.</doc>
<status status="PASS" start="2024-05-31T05:16:58.716209" elapsed="0.000456"/>
</kw>
<kw name="Set Variable" owner="BuiltIn">
<msg time="2024-05-31T05:16:58.717423" level="INFO">${json_data} = {'results': [{'gender': 'female', 'name': {'title': 'Miss', 'first': 'Joann', 'last': 'Robertson'}, 'location': {'street': {'number': 3709, 'name': 'Cherry St'}, 'city': 'Albury', 'state': 'Northern T...</msg>
<var>${json_data}</var>
<arg>${response.json()}</arg>
<doc>Returns the given values which can then be assigned to a variables.</doc>
<status status="PASS" start="2024-05-31T05:16:58.716981" elapsed="0.000470"/>
</kw>
<kw name="Dictionary Should Contain Key" owner="Collections">
<msg time="2024-05-31T05:16:58.717929" level="INFO">False</msg>
<arg>${json_data}</arg>
<arg>results</arg>
<doc>Fails if ``key`` is not found from ``dictionary``.</doc>
<status status="PASS" start="2024-05-31T05:16:58.717761" elapsed="0.000208"/>
</kw>
<status status="PASS" start="2024-05-31T05:16:58.552600" elapsed="0.165625"/>
</kw>
<doc>Testa se a API responde corretamente e retorna um objeto JSON válido.</doc>
<tag>testeRequisicaoBasica</tag>
<status status="PASS" start="2024-05-31T05:16:58.552087" elapsed="0.166315"/>
</test>
<test id="s1-s1-t3" name="Validar estrutura de resposta" line="22">
<kw name="Teste de Estrutura de Resposta" owner="random-user-service">
<kw name="GET On Session" owner="RequestsLibrary">
<msg time="2024-05-31T05:16:58.822203" level="INFO">GET Request : url=https://randomuser.me/api 
 path_url=/api 
 headers={'User-Agent': 'python-requests/2.32.3', 'Accept-Encoding': 'gzip, deflate', 'Accept': '*/*', 'Connection': 'keep-alive'} 
 body=None 
 </msg>
<msg time="2024-05-31T05:16:58.822274" level="INFO">GET Response : url=https://randomuser.me/api 
 status=200, reason=OK 
 headers={'Date': 'Fri, 31 May 2024 05:16:58 GMT', 'Content-Type': 'application/json; charset=utf-8', 'Transfer-Encoding': 'chunked', 'Connection': 'keep-alive', 'X-Powered-By': 'Express', 'Access-Control-Allow-Origin': '*', 'Cache-Control': 'no-cache', 'ETag': 'W/"474-22Va2o7YX99wLFL3diyYYXmqK/s"', 'Vary': 'Accept-Encoding', 'Content-Encoding': 'gzip', 'CF-Cache-Status': 'DYNAMIC', 'Report-To': '{"endpoints":[{"url":"https:\\/\\/a.nel.cloudflare.com\\/report\\/v4?s=r6DeBdwCSPrSuvddBWsP2gYlNu8Qu6tjGuQGavb706ckXa1rJIz4AtwqkztNZCwyEtlzp86qZ%2BG199wr7hyIGNaMBod0xfM7cN8iEbKevD1e6zX%2BbF484Z0vUSEKl%2BhZ"}],"group":"cf-nel","max_age":604800}', 'NEL': '{"success_fraction":0,"report_to":"cf-nel","max_age":604800}', 'Server': 'cloudflare', 'CF-RAY': '88c47eb30e1508cf-LAX', 'alt-svc': 'h3=":443"; ma=86400'} 
 body={"results":[{"gender":"male","name":{"title":"Mr","first":"Marcus","last":"Jackson"},"location":{"street":{"number":6071,"name":"King Edward Street"},"city":"Taupo","state":"Nelson","country":"New Zealand","postcode":39125,"coordinates":{"latitude":"47.7612","longitude":"-129.5368"},"timezone":{"offset":"+5:45","description":"Kathmandu"}},"email":"marcus.jackson@example.com","login":{"uuid":"b4b97b75-45b9-406c-b9aa-5d622ed73242","username":"purplemouse401","password":"mollydog","salt":"rvTLdAXS","md5":"67267b63c6a7cdb86cd01da86b807424","sha1":"f66021017fe283547f9ab084568b9511afcf25d3","sha256":"f872940354c4056ce0efb03c59c3bc7dee1ec720ab3a79491f7326f0aed37098"},"dob":{"date":"1992-09-06T07:22:39.215Z","age":31},"registered":{"date":"2010-04-14T18:35:12.075Z","age":14},"phone":"(188)-421-2157","cell":"(905)-838-0943","id":{"name":"","value":null},"picture":{"large":"https://randomuser.me/api/portraits/men/14.jpg","medium":"https://randomuser.me/api/portraits/med/men/14.jpg","thumbnail":"https://randomuser.me/api/portraits/thumb/men/14.jpg"},"nat":"NZ"}],"info":{"seed":"fed1b4ccb311eb58","results":1,"page":1,"version":"1.4"}} 
 </msg>
<msg time="2024-05-31T05:16:58.822371" level="INFO">/opt/hostedtoolcache/Python/3.12.3/x64/lib/python3.12/site-packages/urllib3/connectionpool.py:1103: InsecureRequestWarning: Unverified HTTPS request is being made to host 'randomuser.me'. Adding certificate verification is strongly advised. See: https://urllib3.readthedocs.io/en/latest/advanced-usage.html#tls-warnings
  warnings.warn(</msg>
<msg time="2024-05-31T05:16:58.822469" level="INFO">${response} = &lt;Response [200]&gt;</msg>
<var>${response}</var>
<arg>consultarAPI</arg>
<arg>/api</arg>
<doc>Sends a GET request on a previously created HTTP Session.</doc>
<status status="PASS" start="2024-05-31T05:16:58.720984" elapsed="0.101528"/>
</kw>
<kw name="Set Variable" owner="BuiltIn">
<msg time="2024-05-31T05:16:58.823640" level="INFO">${json_data} = {'results': [{'gender': 'male', 'name': {'title': 'Mr', 'first': 'Marcus', 'last': 'Jackson'}, 'location': {'street': {'number': 6071, 'name': 'King Edward Street'}, 'city': 'Taupo', 'state': 'Nelson'...</msg>
<var>${json_data}</var>
<arg>${response.json()}</arg>
<doc>Returns the given values which can then be assigned to a variables.</doc>
<status status="PASS" start="2024-05-31T05:16:58.823017" elapsed="0.000653"/>
</kw>
<kw name="Log" owner="BuiltIn">
<msg time="2024-05-31T05:16:58.824156" level="INFO">{'results': [{'gender': 'male', 'name': {'title': 'Mr', 'first': 'Marcus', 'last': 'Jackson'}, 'location': {'street': {'number': 6071, 'name': 'King Edward Street'}, 'city': 'Taupo', 'state': 'Nelson', 'country': 'New Zealand', 'postcode': 39125, 'coordinates': {'latitude': '47.7612', 'longitude': '-129.5368'}, 'timezone': {'offset': '+5:45', 'description': 'Kathmandu'}}, 'email': 'marcus.jackson@example.com', 'login': {'uuid': 'b4b97b75-45b9-406c-b9aa-5d622ed73242', 'username': 'purplemouse401', 'password': 'mollydog', 'salt': 'rvTLdAXS', 'md5': '67267b63c6a7cdb86cd01da86b807424', 'sha1': 'f66021017fe283547f9ab084568b9511afcf25d3', 'sha256': 'f872940354c4056ce0efb03c59c3bc7dee1ec720ab3a79491f7326f0aed37098'}, 'dob': {'date': '1992-09-06T07:22:39.215Z', 'age': 31}, 'registered': {'date': '2010-04-14T18:35:12.075Z', 'age': 14}, 'phone': '(188)-421-2157', 'cell': '(905)-838-0943', 'id': {'name': '', 'value': None}, 'picture': {'large': 'https://randomuser.me/api/portraits/men/14.jpg', 'medium': 'https://randomuser.me/api/portraits/med/men/14.jpg', 'thumbnail': 'https://randomuser.me/api/portraits/thumb/men/14.jpg'}, 'nat': 'NZ'}], 'info': {'seed': 'fed1b4ccb311eb58', 'results': 1, 'page': 1, 'version': '1.4'}}</msg>
<arg>${json_data}</arg>
<doc>Logs the given message with the given level.</doc>
<status status="PASS" start="2024-05-31T05:16:58.823996" elapsed="0.000214"/>
</kw>
<kw name="Dictionary Should Contain Key" owner="Collections">
<msg time="2024-05-31T05:16:58.824720" level="INFO">False</msg>
<arg>${json_data}</arg>
<arg>results</arg>
<doc>Fails if ``key`` is not found from ``dictionary``.</doc>
<status status="PASS" start="2024-05-31T05:16:58.824551" elapsed="0.000218"/>
</kw>
<kw name="Should Not Be Empty" owner="BuiltIn">
<msg time="2024-05-31T05:16:58.825224" level="INFO">Length is 2.</msg>
<arg>${json_data}</arg>
<doc>Verifies that the given item is not empty.</doc>
<status status="PASS" start="2024-05-31T05:16:58.825071" elapsed="0.000193"/>
</kw>
<kw name="Create List" owner="BuiltIn">
<msg time="2024-05-31T05:16:58.825862" level="INFO">${expected_keys} = ['gender', 'name', 'location', 'email', 'login']</msg>
<var>${expected_keys}</var>
<arg>gender</arg>
<arg>name</arg>
<arg>location</arg>
<arg>email</arg>
<arg>login</arg>
<doc>Returns a list containing given items.</doc>
<status status="PASS" start="2024-05-31T05:16:58.825569" elapsed="0.000318"/>
</kw>
<for flavor="IN">
<iter>
<kw name="Dictionary Should Contain Key" owner="Collections">
<msg time="2024-05-31T05:16:58.826876" level="INFO">False</msg>
<arg>${json_data['results'][0]}</arg>
<arg>${key}</arg>
<doc>Fails if ``key`` is not found from ``dictionary``.</doc>
<status status="PASS" start="2024-05-31T05:16:58.826477" elapsed="0.000438"/>
</kw>
<kw name="Log" owner="BuiltIn">
<msg time="2024-05-31T05:16:58.827596" level="INFO">{'gender': 'male', 'name': {'title': 'Mr', 'first': 'Marcus', 'last': 'Jackson'}, 'location': {'street': {'number': 6071, 'name': 'King Edward Street'}, 'city': 'Taupo', 'state': 'Nelson', 'country': 'New Zealand', 'postcode': 39125, 'coordinates': {'latitude': '47.7612', 'longitude': '-129.5368'}, 'timezone': {'offset': '+5:45', 'description': 'Kathmandu'}}, 'email': 'marcus.jackson@example.com', 'login': {'uuid': 'b4b97b75-45b9-406c-b9aa-5d622ed73242', 'username': 'purplemouse401', 'password': 'mollydog', 'salt': 'rvTLdAXS', 'md5': '67267b63c6a7cdb86cd01da86b807424', 'sha1': 'f66021017fe283547f9ab084568b9511afcf25d3', 'sha256': 'f872940354c4056ce0efb03c59c3bc7dee1ec720ab3a79491f7326f0aed37098'}, 'dob': {'date': '1992-09-06T07:22:39.215Z', 'age': 31}, 'registered': {'date': '2010-04-14T18:35:12.075Z', 'age': 14}, 'phone': '(188)-421-2157', 'cell': '(905)-838-0943', 'id': {'name': '', 'value': None}, 'picture': {'large': 'https://randomuser.me/api/portraits/men/14.jpg', 'medium': 'https://randomuser.me/api/portraits/med/men/14.jpg', 'thumbnail': 'https://randomuser.me/api/portraits/thumb/men/14.jpg'}, 'nat': 'NZ'}</msg>
<arg>${json_data['results'][0]}</arg>
<doc>Logs the given message with the given level.</doc>
<status status="PASS" start="2024-05-31T05:16:58.827222" elapsed="0.000423"/>
</kw>
<kw name="Log" owner="BuiltIn">
<msg time="2024-05-31T05:16:58.828074" level="INFO">gender</msg>
<arg>${key}</arg>
<doc>Logs the given message with the given level.</doc>
<status status="PASS" start="2024-05-31T05:16:58.827944" elapsed="0.000167"/>
</kw>
<var name="${key}">gender</var>
<status status="PASS" start="2024-05-31T05:16:58.826348" elapsed="0.001981"/>
</iter>
<iter>
<kw name="Dictionary Should Contain Key" owner="Collections">
<msg time="2024-05-31T05:16:58.829055" level="INFO">False</msg>
<arg>${json_data['results'][0]}</arg>
<arg>${key}</arg>
<doc>Fails if ``key`` is not found from ``dictionary``.</doc>
<status status="PASS" start="2024-05-31T05:16:58.828669" elapsed="0.000424"/>
</kw>
<kw name="Log" owner="BuiltIn">
<msg time="2024-05-31T05:16:58.829797" level="INFO">{'gender': 'male', 'name': {'title': 'Mr', 'first': 'Marcus', 'last': 'Jackson'}, 'location': {'street': {'number': 6071, 'name': 'King Edward Street'}, 'city': 'Taupo', 'state': 'Nelson', 'country': 'New Zealand', 'postcode': 39125, 'coordinates': {'latitude': '47.7612', 'longitude': '-129.5368'}, 'timezone': {'offset': '+5:45', 'description': 'Kathmandu'}}, 'email': 'marcus.jackson@example.com', 'login': {'uuid': 'b4b97b75-45b9-406c-b9aa-5d622ed73242', 'username': 'purplemouse401', 'password': 'mollydog', 'salt': 'rvTLdAXS', 'md5': '67267b63c6a7cdb86cd01da86b807424', 'sha1': 'f66021017fe283547f9ab084568b9511afcf25d3', 'sha256': 'f872940354c4056ce0efb03c59c3bc7dee1ec720ab3a79491f7326f0aed37098'}, 'dob': {'date': '1992-09-06T07:22:39.215Z', 'age': 31}, 'registered': {'date': '2010-04-14T18:35:12.075Z', 'age': 14}, 'phone': '(188)-421-2157', 'cell': '(905)-838-0943', 'id': {'name': '', 'value': None}, 'picture': {'large': 'https://randomuser.me/api/portraits/men/14.jpg', 'medium': 'https://randomuser.me/api/portraits/med/men/14.jpg', 'thumbnail': 'https://randomuser.me/api/portraits/thumb/men/14.jpg'}, 'nat': 'NZ'}</msg>
<arg>${json_data['results'][0]}</arg>
<doc>Logs the given message with the given level.</doc>
<status status="PASS" start="2024-05-31T05:16:58.829425" elapsed="0.000420"/>
</kw>
<kw name="Log" owner="BuiltIn">
<msg time="2024-05-31T05:16:58.830272" level="INFO">name</msg>
<arg>${key}</arg>
<doc>Logs the given message with the given level.</doc>
<status status="PASS" start="2024-05-31T05:16:58.830143" elapsed="0.000166"/>
</kw>
<var name="${key}">name</var>
<status status="PASS" start="2024-05-31T05:16:58.828548" elapsed="0.001984"/>
</iter>
<iter>
<kw name="Dictionary Should Contain Key" owner="Collections">
<msg time="2024-05-31T05:16:58.831228" level="INFO">False</msg>
<arg>${json_data['results'][0]}</arg>
<arg>${key}</arg>
<doc>Fails if ``key`` is not found from ``dictionary``.</doc>
<status status="PASS" start="2024-05-31T05:16:58.830843" elapsed="0.000423"/>
</kw>
<kw name="Log" owner="BuiltIn">
<msg time="2024-05-31T05:16:58.831928" level="INFO">{'gender': 'male', 'name': {'title': 'Mr', 'first': 'Marcus', 'last': 'Jackson'}, 'location': {'street': {'number': 6071, 'name': 'King Edward Street'}, 'city': 'Taupo', 'state': 'Nelson', 'country': 'New Zealand', 'postcode': 39125, 'coordinates': {'latitude': '47.7612', 'longitude': '-129.5368'}, 'timezone': {'offset': '+5:45', 'description': 'Kathmandu'}}, 'email': 'marcus.jackson@example.com', 'login': {'uuid': 'b4b97b75-45b9-406c-b9aa-5d622ed73242', 'username': 'purplemouse401', 'password': 'mollydog', 'salt': 'rvTLdAXS', 'md5': '67267b63c6a7cdb86cd01da86b807424', 'sha1': 'f66021017fe283547f9ab084568b9511afcf25d3', 'sha256': 'f872940354c4056ce0efb03c59c3bc7dee1ec720ab3a79491f7326f0aed37098'}, 'dob': {'date': '1992-09-06T07:22:39.215Z', 'age': 31}, 'registered': {'date': '2010-04-14T18:35:12.075Z', 'age': 14}, 'phone': '(188)-421-2157', 'cell': '(905)-838-0943', 'id': {'name': '', 'value': None}, 'picture': {'large': 'https://randomuser.me/api/portraits/men/14.jpg', 'medium': 'https://randomuser.me/api/portraits/med/men/14.jpg', 'thumbnail': 'https://randomuser.me/api/portraits/thumb/men/14.jpg'}, 'nat': 'NZ'}</msg>
<arg>${json_data['results'][0]}</arg>
<doc>Logs the given message with the given level.</doc>
<status status="PASS" start="2024-05-31T05:16:58.831560" elapsed="0.000418"/>
</kw>
<kw name="Log" owner="BuiltIn">
<msg time="2024-05-31T05:16:58.832443" level="INFO">location</msg>
<arg>${key}</arg>
<doc>Logs the given message with the given level.</doc>
<status status="PASS" start="2024-05-31T05:16:58.832314" elapsed="0.000194"/>
</kw>
<var name="${key}">location</var>
<status status="PASS" start="2024-05-31T05:16:58.830718" elapsed="0.002027"/>
</iter>
<iter>
<kw name="Dictionary Should Contain Key" owner="Collections">
<msg time="2024-05-31T05:16:58.833418" level="INFO">False</msg>
<arg>${json_data['results'][0]}</arg>
<arg>${key}</arg>
<doc>Fails if ``key`` is not found from ``dictionary``.</doc>
<status status="PASS" start="2024-05-31T05:16:58.833037" elapsed="0.000419"/>
</kw>
<kw name="Log" owner="BuiltIn">
<msg time="2024-05-31T05:16:58.834117" level="INFO">{'gender': 'male', 'name': {'title': 'Mr', 'first': 'Marcus', 'last': 'Jackson'}, 'location': {'street': {'number': 6071, 'name': 'King Edward Street'}, 'city': 'Taupo', 'state': 'Nelson', 'country': 'New Zealand', 'postcode': 39125, 'coordinates': {'latitude': '47.7612', 'longitude': '-129.5368'}, 'timezone': {'offset': '+5:45', 'description': 'Kathmandu'}}, 'email': 'marcus.jackson@example.com', 'login': {'uuid': 'b4b97b75-45b9-406c-b9aa-5d622ed73242', 'username': 'purplemouse401', 'password': 'mollydog', 'salt': 'rvTLdAXS', 'md5': '67267b63c6a7cdb86cd01da86b807424', 'sha1': 'f66021017fe283547f9ab084568b9511afcf25d3', 'sha256': 'f872940354c4056ce0efb03c59c3bc7dee1ec720ab3a79491f7326f0aed37098'}, 'dob': {'date': '1992-09-06T07:22:39.215Z', 'age': 31}, 'registered': {'date': '2010-04-14T18:35:12.075Z', 'age': 14}, 'phone': '(188)-421-2157', 'cell': '(905)-838-0943', 'id': {'name': '', 'value': None}, 'picture': {'large': 'https://randomuser.me/api/portraits/men/14.jpg', 'medium': 'https://randomuser.me/api/portraits/med/men/14.jpg', 'thumbnail': 'https://randomuser.me/api/portraits/thumb/men/14.jpg'}, 'nat': 'NZ'}</msg>
<arg>${json_data['results'][0]}</arg>
<doc>Logs the given message with the given level.</doc>
<status status="PASS" start="2024-05-31T05:16:58.833754" elapsed="0.000412"/>
</kw>
<kw name="Log" owner="BuiltIn">
<msg time="2024-05-31T05:16:58.834595" level="INFO">email</msg>
<arg>${key}</arg>
<doc>Logs the given message with the given level.</doc>
<status status="PASS" start="2024-05-31T05:16:58.834465" elapsed="0.000174"/>
</kw>
<var name="${key}">email</var>
<status status="PASS" start="2024-05-31T05:16:58.832920" elapsed="0.001947"/>
</iter>
<iter>
<kw name="Dictionary Should Contain Key" owner="Collections">
<msg time="2024-05-31T05:16:58.835542" level="INFO">False</msg>
<arg>${json_data['results'][0]}</arg>
<arg>${key}</arg>
<doc>Fails if ``key`` is not found from ``dictionary``.</doc>
<status status="PASS" start="2024-05-31T05:16:58.835153" elapsed="0.000427"/>
</kw>
<kw name="Log" owner="BuiltIn">
<msg time="2024-05-31T05:16:58.836250" level="INFO">{'gender': 'male', 'name': {'title': 'Mr', 'first': 'Marcus', 'last': 'Jackson'}, 'location': {'street': {'number': 6071, 'name': 'King Edward Street'}, 'city': 'Taupo', 'state': 'Nelson', 'country': 'New Zealand', 'postcode': 39125, 'coordinates': {'latitude': '47.7612', 'longitude': '-129.5368'}, 'timezone': {'offset': '+5:45', 'description': 'Kathmandu'}}, 'email': 'marcus.jackson@example.com', 'login': {'uuid': 'b4b97b75-45b9-406c-b9aa-5d622ed73242', 'username': 'purplemouse401', 'password': 'mollydog', 'salt': 'rvTLdAXS', 'md5': '67267b63c6a7cdb86cd01da86b807424', 'sha1': 'f66021017fe283547f9ab084568b9511afcf25d3', 'sha256': 'f872940354c4056ce0efb03c59c3bc7dee1ec720ab3a79491f7326f0aed37098'}, 'dob': {'date': '1992-09-06T07:22:39.215Z', 'age': 31}, 'registered': {'date': '2010-04-14T18:35:12.075Z', 'age': 14}, 'phone': '(188)-421-2157', 'cell': '(905)-838-0943', 'id': {'name': '', 'value': None}, 'picture': {'large': 'https://randomuser.me/api/portraits/men/14.jpg', 'medium': 'https://randomuser.me/api/portraits/med/men/14.jpg', 'thumbnail': 'https://randomuser.me/api/portraits/thumb/men/14.jpg'}, 'nat': 'NZ'}</msg>
<arg>${json_data['results'][0]}</arg>
<doc>Logs the given message with the given level.</doc>
<status status="PASS" start="2024-05-31T05:16:58.835888" elapsed="0.000411"/>
</kw>
<kw name="Log" owner="BuiltIn">
<msg time="2024-05-31T05:16:58.836755" level="INFO">login</msg>
<arg>${key}</arg>
<doc>Logs the given message with the given level.</doc>
<status status="PASS" start="2024-05-31T05:16:58.836622" elapsed="0.000172"/>
</kw>
<var name="${key}">login</var>
<status status="PASS" start="2024-05-31T05:16:58.835041" elapsed="0.001976"/>
</iter>
<var>${key}</var>
<value>@{expected_keys}</value>
<status status="PASS" start="2024-05-31T05:16:58.826155" elapsed="0.010983"/>
</for>
<kw name="Create List" owner="BuiltIn">
<msg time="2024-05-31T05:16:58.837512" level="INFO">${expected_keysTwo} = ['username', 'password']</msg>
<var>${expected_keysTwo}</var>
<arg>username</arg>
<arg>password</arg>
<doc>Returns a list containing given items.</doc>
<status status="PASS" start="2024-05-31T05:16:58.837366" elapsed="0.000170"/>
</kw>
<for flavor="IN">
<iter>
<kw name="Dictionary Should Contain Key" owner="Collections">
<msg time="2024-05-31T05:16:58.838433" level="INFO">False</msg>
<arg>${json_data['results'][0]['login']}</arg>
<arg>${keyTwo}</arg>
<doc>Fails if ``key`` is not found from ``dictionary``.</doc>
<status status="PASS" start="2024-05-31T05:16:58.838043" elapsed="0.000429"/>
</kw>
<kw name="Dictionary Should Contain Key" owner="Collections">
<msg time="2024-05-31T05:16:58.839157" level="INFO">False</msg>
<arg>${json_data['results'][0]['login']}</arg>
<arg>${keyTwo}</arg>
<doc>Fails if ``key`` is not found from ``dictionary``.</doc>
<status status="PASS" start="2024-05-31T05:16:58.838772" elapsed="0.000422"/>
</kw>
<kw name="Log" owner="BuiltIn">
<msg time="2024-05-31T05:16:58.839619" level="INFO">username</msg>
<arg>${keyTwo}</arg>
<doc>Logs the given message with the given level.</doc>
<status status="PASS" start="2024-05-31T05:16:58.839491" elapsed="0.000166"/>
</kw>
<var name="${keyTwo}">username</var>
<status status="PASS" start="2024-05-31T05:16:58.837932" elapsed="0.001941"/>
</iter>
<iter>
<kw name="Dictionary Should Contain Key" owner="Collections">
<msg time="2024-05-31T05:16:58.840598" level="INFO">False</msg>
<arg>${json_data['results'][0]['login']}</arg>
<arg>${keyTwo}</arg>
<doc>Fails if ``key`` is not found from ``dictionary``.</doc>
<status status="PASS" start="2024-05-31T05:16:58.840162" elapsed="0.000474"/>
</kw>
<kw name="Dictionary Should Contain Key" owner="Collections">
<msg time="2024-05-31T05:16:58.841401" level="INFO">False</msg>
<arg>${json_data['results'][0]['login']}</arg>
<arg>${keyTwo}</arg>
<doc>Fails if ``key`` is not found from ``dictionary``.</doc>
<status status="PASS" start="2024-05-31T05:16:58.840940" elapsed="0.000501"/>
</kw>
<kw name="Log" owner="BuiltIn">
<msg time="2024-05-31T05:16:58.841876" level="INFO">password</msg>
<arg>${keyTwo}</arg>
<doc>Logs the given message with the given level.</doc>
<status status="PASS" start="2024-05-31T05:16:58.841744" elapsed="0.000170"/>
</kw>
<var name="${keyTwo}">password</var>
<status status="PASS" start="2024-05-31T05:16:58.840047" elapsed="0.002088"/>
</iter>
<var>${keyTwo}</var>
<value>@{expected_keysTwo}</value>
<status status="PASS" start="2024-05-31T05:16:58.837776" elapsed="0.004481"/>
</for>
<status status="PASS" start="2024-05-31T05:16:58.720738" elapsed="0.121661"/>
</kw>
<doc>Testa a estrutura da resposta da API.</doc>
<tag>testeEstruturaResposta</tag>
<status status="PASS" start="2024-05-31T05:16:58.720216" elapsed="0.122336"/>
</test>
<test id="s1-s1-t4" name="Validar tipos de dados" line="28">
<kw name="Teste de Tipos de Dados" owner="random-user-service">
<kw name="GET On Session" owner="RequestsLibrary">
<msg time="2024-05-31T05:16:58.957259" level="INFO">GET Request : url=https://randomuser.me/api 
 path_url=/api 
 headers={'User-Agent': 'python-requests/2.32.3', 'Accept-Encoding': 'gzip, deflate', 'Accept': '*/*', 'Connection': 'keep-alive'} 
 body=None 
 </msg>
<msg time="2024-05-31T05:16:58.957338" level="INFO">GET Response : url=https://randomuser.me/api 
 status=200, reason=OK 
 headers={'Date': 'Fri, 31 May 2024 05:16:58 GMT', 'Content-Type': 'application/json; charset=utf-8', 'Transfer-Encoding': 'chunked', 'Connection': 'keep-alive', 'X-Powered-By': 'Express', 'Access-Control-Allow-Origin': '*', 'Cache-Control': 'no-cache', 'ETag': 'W/"49c-HpFFPiFr+sOWK4T3juSuYgxEKU4"', 'Vary': 'Accept-Encoding', 'Content-Encoding': 'gzip', 'CF-Cache-Status': 'DYNAMIC', 'Report-To': '{"endpoints":[{"url":"https:\\/\\/a.nel.cloudflare.com\\/report\\/v4?s=8wjXC2ExLejnDPTp%2BlH2t6NQZuOXjEg8Ub0T6Zs0PzTY7cL8ex%2B9uF%2FzEN7n4OOdBmkm6gENqdXRRH8zG%2F76ZxikHXqYVk2ZNT6pDuRoQLPmvnufeqotJ6nNGxHGW2id"}],"group":"cf-nel","max_age":604800}', 'NEL': '{"success_fraction":0,"report_to":"cf-nel","max_age":604800}', 'Server': 'cloudflare', 'CF-RAY': '88c47eb3cf2a08cf-LAX', 'alt-svc': 'h3=":443"; ma=86400'} 
 body={"results":[{"gender":"male","name":{"title":"Mr","first":"Leif","last":"Nickl"},"location":{"street":{"number":2719,"name":"Parkstraße"},"city":"Nordfriesland","state":"Rheinland-Pfalz","country":"Germany","postcode":69157,"coordinates":{"latitude":"-50.5364","longitude":"-176.2005"},"timezone":{"offset":"-5:00","description":"Eastern Time (US &amp; Canada), Bogota, Lima"}},"email":"leif.nickl@example.com","login":{"uuid":"9944baaa-cef6-4449-986b-fa568eefd5ac","username":"happypanda956","password":"larkin","salt":"X57zssLY","md5":"09beb27a4672646eef53c6d601c7ac0f","sha1":"51812f4becc4c5f49042a2fae5bb9384c48f1843","sha256":"f944c47d7e9ad9112fa14252f795d36b27c100487dc51e8af8f2632d6126b8ff"},"dob":{"date":"1981-02-23T01:04:12.254Z","age":43},"registered":{"date":"2008-09-27T20:30:51.061Z","age":15},"phone":"0599-9836710","cell":"0170-2956386","id":{"name":"SVNR","value":"82 220281 N 043"},"picture":{"large":"https://randomuser.me/api/portraits/men/42.jpg","medium":"https://randomuser.me/api/portraits/med/men/42.jpg","thumbnail":"https://randomuser.me/api/portraits/thumb/men/42.jpg"},"nat":"DE"}],"info":{"seed":"43e945b97967ab14","results":1,"page":1,"version":"1.4"}} 
 </msg>
<msg time="2024-05-31T05:16:58.957416" level="INFO">/opt/hostedtoolcache/Python/3.12.3/x64/lib/python3.12/site-packages/urllib3/connectionpool.py:1103: InsecureRequestWarning: Unverified HTTPS request is being made to host 'randomuser.me'. Adding certificate verification is strongly advised. See: https://urllib3.readthedocs.io/en/latest/advanced-usage.html#tls-warnings
  warnings.warn(</msg>
<msg time="2024-05-31T05:16:58.957508" level="INFO">${response} = &lt;Response [200]&gt;</msg>
<var>${response}</var>
<arg>consultarAPI</arg>
<arg>/api</arg>
<doc>Sends a GET request on a previously created HTTP Session.</doc>
<status status="PASS" start="2024-05-31T05:16:58.845040" elapsed="0.112507"/>
</kw>
<kw name="Set Variable" owner="BuiltIn">
<msg time="2024-05-31T05:16:58.958666" level="INFO">${json_data} = {'results': [{'gender': 'male', 'name': {'title': 'Mr', 'first': 'Leif', 'last': 'Nickl'}, 'location': {'street': {'number': 2719, 'name': 'Parkstraße'}, 'city': 'Nordfriesland', 'state': 'Rheinland-P...</msg>
<var>${json_data}</var>
<arg>${response.json()}</arg>
<doc>Returns the given values which can then be assigned to a variables.</doc>
<status status="PASS" start="2024-05-31T05:16:58.958036" elapsed="0.000660"/>
</kw>
<kw name="Log" owner="BuiltIn">
<msg time="2024-05-31T05:16:58.959169" level="INFO">{'results': [{'gender': 'male', 'name': {'title': 'Mr', 'first': 'Leif', 'last': 'Nickl'}, 'location': {'street': {'number': 2719, 'name': 'Parkstraße'}, 'city': 'Nordfriesland', 'state': 'Rheinland-Pfalz', 'country': 'Germany', 'postcode': 69157, 'coordinates': {'latitude': '-50.5364', 'longitude': '-176.2005'}, 'timezone': {'offset': '-5:00', 'description': 'Eastern Time (US &amp; Canada), Bogota, Lima'}}, 'email': 'leif.nickl@example.com', 'login': {'uuid': '9944baaa-cef6-4449-986b-fa568eefd5ac', 'username': 'happypanda956', 'password': 'larkin', 'salt': 'X57zssLY', 'md5': '09beb27a4672646eef53c6d601c7ac0f', 'sha1': '51812f4becc4c5f49042a2fae5bb9384c48f1843', 'sha256': 'f944c47d7e9ad9112fa14252f795d36b27c100487dc51e8af8f2632d6126b8ff'}, 'dob': {'date': '1981-02-23T01:04:12.254Z', 'age': 43}, 'registered': {'date': '2008-09-27T20:30:51.061Z', 'age': 15}, 'phone': '0599-9836710', 'cell': '0170-2956386', 'id': {'name': 'SVNR', 'value': '82 220281 N 043'}, 'picture': {'large': 'https://randomuser.me/api/portraits/men/42.jpg', 'medium': 'https://randomuser.me/api/portraits/med/men/42.jpg', 'thumbnail': 'https://randomuser.me/api/portraits/thumb/men/42.jpg'}, 'nat': 'DE'}], 'info': {'seed': '43e945b97967ab14', 'results': 1, 'page': 1, 'version': '1.4'}}</msg>
<arg>${json_data}</arg>
<doc>Logs the given message with the given level.</doc>
<status status="PASS" start="2024-05-31T05:16:58.959004" elapsed="0.000259"/>
</kw>
<kw name="Should Be String" owner="String">
<arg>${json_data['results'][0]['gender']}</arg>
<doc>Fails if the given ``item`` is not a string.</doc>
<status status="PASS" start="2024-05-31T05:16:58.959566" elapsed="0.000371"/>
</kw>
<kw name="Should Match Regexp" owner="BuiltIn">
<arg>${json_data['results'][0]['email']}</arg>
<arg>^[a-zA-Z0-9._%+-]+@[a-zA-Z0-9.-]+\.[a-zA-Z]{2,}$</arg>
<doc>Fails if ``string`` does not match ``pattern`` as a regular expression.</doc>
<status status="PASS" start="2024-05-31T05:16:58.960133" elapsed="0.000564"/>
</kw>
<kw name="Should Match Regexp" owner="BuiltIn">
<arg>${json_data['results'][0]['dob']['date']}</arg>
<arg>\\d{4}-\\d{2}-\\d{2}T\\d{2}:\\d{2}:\\d{2}\\.\\d{3}Z</arg>
<doc>Fails if ``string`` does not match ``pattern`` as a regular expression.</doc>
<status status="PASS" start="2024-05-31T05:16:58.960902" elapsed="0.000490"/>
</kw>
<kw name="Should Match Regexp" owner="BuiltIn">
<arg>${json_data['results'][0]['registered']['date']}</arg>
<arg>\\d{4}-\\d{2}-\\d{2}T\\d{2}:\\d{2}:\\d{2}\\.\\d{3}Z</arg>
<doc>Fails if ``string`` does not match ``pattern`` as a regular expression.</doc>
<status status="PASS" start="2024-05-31T05:16:58.961585" elapsed="0.000363"/>
</kw>
<kw name="Should Match Regexp" owner="BuiltIn">
<arg>${json_data['results'][0]['picture']['large']}</arg>
<arg>^https?://.*\.(?:png|jpe?g|gif|bmp)$</arg>
<doc>Fails if ``string`` does not match ``pattern`` as a regular expression.</doc>
<status status="PASS" start="2024-05-31T05:16:58.962137" elapsed="0.000453"/>
</kw>
<kw name="Should Match Regexp" owner="BuiltIn">
<arg>${json_data['results'][0]['picture']['medium']}</arg>
<arg>^https?://.*\.(?:png|jpe?g|gif|bmp)$</arg>
<doc>Fails if ``string`` does not match ``pattern`` as a regular expression.</doc>
<status status="PASS" start="2024-05-31T05:16:58.962780" elapsed="0.000362"/>
</kw>
<kw name="Should Match Regexp" owner="BuiltIn">
<arg>${json_data['results'][0]['picture']['thumbnail']}</arg>
<arg>^https?://.*\.(?:png|jpe?g|gif|bmp)$</arg>
<doc>Fails if ``string`` does not match ``pattern`` as a regular expression.</doc>
<status status="PASS" start="2024-05-31T05:16:58.963329" elapsed="0.000343"/>
</kw>
<kw name="Log" owner="BuiltIn">
<msg time="2024-05-31T05:16:58.964196" level="INFO">{'large': 'https://randomuser.me/api/portraits/men/42.jpg', 'medium': 'https://randomuser.me/api/portraits/med/men/42.jpg', 'thumbnail': 'https://randomuser.me/api/portraits/thumb/men/42.jpg'}</msg>
<arg>${json_data['results'][0]['picture']}</arg>
<doc>Logs the given message with the given level.</doc>
<status status="PASS" start="2024-05-31T05:16:58.963864" elapsed="0.000374"/>
</kw>
<status status="PASS" start="2024-05-31T05:16:58.844809" elapsed="0.119702"/>
</kw>
<kw name="Teste de Tipos de Dados - Postcode" owner="random-user-service">
<kw name="GET On Session" owner="RequestsLibrary">
<msg time="2024-05-31T05:16:59.070970" level="INFO">GET Request : url=https://randomuser.me/api 
 path_url=/api 
 headers={'User-Agent': 'python-requests/2.32.3', 'Accept-Encoding': 'gzip, deflate', 'Accept': '*/*', 'Connection': 'keep-alive'} 
 body=None 
 </msg>
<msg time="2024-05-31T05:16:59.071080" level="INFO">GET Response : url=https://randomuser.me/api 
 status=200, reason=OK 
 headers={'Date': 'Fri, 31 May 2024 05:16:59 GMT', 'Content-Type': 'application/json; charset=utf-8', 'Transfer-Encoding': 'chunked', 'Connection': 'keep-alive', 'X-Powered-By': 'Express', 'Access-Control-Allow-Origin': '*', 'Cache-Control': 'no-cache', 'ETag': 'W/"475-jb1pbs/DxRpzJdTGt/Ww0nK4sjs"', 'Vary': 'Accept-Encoding', 'Content-Encoding': 'gzip', 'CF-Cache-Status': 'DYNAMIC', 'Report-To': '{"endpoints":[{"url":"https:\\/\\/a.nel.cloudflare.com\\/report\\/v4?s=i4qTQ7RH36jfkVYP%2FMrnk9CYboStiKvKOeWCRyiGZhuMk09X24zWv9pMbunr6fAdwT1IY1DNw67a5h%2FCanCVpjQb7%2BV4Sz9%2Bqow8OiIl0FBrqUhEuy6hUVGlzUXqlqKw"}],"group":"cf-nel","max_age":604800}', 'NEL': '{"success_fraction":0,"report_to":"cf-nel","max_age":604800}', 'Server': 'cloudflare', 'CF-RAY': '88c47eb4884308cf-LAX', 'alt-svc': 'h3=":443"; ma=86400'} 
 body={"results":[{"gender":"male","name":{"title":"Mr","first":"Caleb","last":"Horton"},"location":{"street":{"number":345,"name":"Tara Street"},"city":"Tullow","state":"Longford","country":"Ireland","postcode":17154,"coordinates":{"latitude":"3.4154","longitude":"-104.0419"},"timezone":{"offset":"+7:00","description":"Bangkok, Hanoi, Jakarta"}},"email":"caleb.horton@example.com","login":{"uuid":"26d0df91-0ac0-4d6e-a5b6-39ac9ef33d00","username":"sadkoala310","password":"excalibu","salt":"aPXcZz34","md5":"a433ae3702c04d9f5ad041c48d1e477b","sha1":"77c63223fdd606cd17adefde445d1d7ec34f4859","sha256":"173fdd6b001de2ee4fbf912ab0374b2b7dbed0d0081b37149011e0fb831bb37f"},"dob":{"date":"1978-10-04T21:36:40.361Z","age":45},"registered":{"date":"2015-11-25T05:54:11.126Z","age":8},"phone":"051-992-2800","cell":"081-554-9672","id":{"name":"PPS","value":"8975732T"},"picture":{"large":"https://randomuser.me/api/portraits/men/79.jpg","medium":"https://randomuser.me/api/portraits/med/men/79.jpg","thumbnail":"https://randomuser.me/api/portraits/thumb/men/79.jpg"},"nat":"IE"}],"info":{"seed":"37b08114ccf0dc8d","results":1,"page":1,"version":"1.4"}} 
 </msg>
<msg time="2024-05-31T05:16:59.071181" level="INFO">/opt/hostedtoolcache/Python/3.12.3/x64/lib/python3.12/site-packages/urllib3/connectionpool.py:1103: InsecureRequestWarning: Unverified HTTPS request is being made to host 'randomuser.me'. Adding certificate verification is strongly advised. See: https://urllib3.readthedocs.io/en/latest/advanced-usage.html#tls-warnings
  warnings.warn(</msg>
<msg time="2024-05-31T05:16:59.071330" level="INFO">${response} = &lt;Response [200]&gt;</msg>
<var>${response}</var>
<arg>consultarAPI</arg>
<arg>/api</arg>
<doc>Sends a GET request on a previously created HTTP Session.</doc>
<status status="PASS" start="2024-05-31T05:16:58.964955" elapsed="0.106416"/>
</kw>
<kw name="Set Variable" owner="BuiltIn">
<msg time="2024-05-31T05:16:59.072707" level="INFO">${json_data} = {'results': [{'gender': 'male', 'name': {'title': 'Mr', 'first': 'Caleb', 'last': 'Horton'}, 'location': {'street': {'number': 345, 'name': 'Tara Street'}, 'city': 'Tullow', 'state': 'Longford', 'coun...</msg>
<var>${json_data}</var>
<arg>${response.json()}</arg>
<doc>Returns the given values which can then be assigned to a variables.</doc>
<status status="PASS" start="2024-05-31T05:16:59.071920" elapsed="0.000830"/>
</kw>
<kw name="Log" owner="BuiltIn">
<msg time="2024-05-31T05:16:59.073486" level="INFO">{'results': [{'gender': 'male', 'name': {'title': 'Mr', 'first': 'Caleb', 'last': 'Horton'}, 'location': {'street': {'number': 345, 'name': 'Tara Street'}, 'city': 'Tullow', 'state': 'Longford', 'country': 'Ireland', 'postcode': 17154, 'coordinates': {'latitude': '3.4154', 'longitude': '-104.0419'}, 'timezone': {'offset': '+7:00', 'description': 'Bangkok, Hanoi, Jakarta'}}, 'email': 'caleb.horton@example.com', 'login': {'uuid': '26d0df91-0ac0-4d6e-a5b6-39ac9ef33d00', 'username': 'sadkoala310', 'password': 'excalibu', 'salt': 'aPXcZz34', 'md5': 'a433ae3702c04d9f5ad041c48d1e477b', 'sha1': '77c63223fdd606cd17adefde445d1d7ec34f4859', 'sha256': '173fdd6b001de2ee4fbf912ab0374b2b7dbed0d0081b37149011e0fb831bb37f'}, 'dob': {'date': '1978-10-04T21:36:40.361Z', 'age': 45}, 'registered': {'date': '2015-11-25T05:54:11.126Z', 'age': 8}, 'phone': '051-992-2800', 'cell': '081-554-9672', 'id': {'name': 'PPS', 'value': '8975732T'}, 'picture': {'large': 'https://randomuser.me/api/portraits/men/79.jpg', 'medium': 'https://randomuser.me/api/portraits/med/men/79.jpg', 'thumbnail': 'https://randomuser.me/api/portraits/thumb/men/79.jpg'}, 'nat': 'IE'}], 'info': {'seed': '37b08114ccf0dc8d', 'results': 1, 'page': 1, 'version': '1.4'}}</msg>
<arg>${json_data}</arg>
<doc>Logs the given message with the given level.</doc>
<status status="PASS" start="2024-05-31T05:16:59.073237" elapsed="0.000373"/>
</kw>
<kw name="Should Be Equal As Numbers" owner="BuiltIn">
<arg>${json_data['results'][0]['location']['postcode']}</arg>
<arg>${json_data['results'][0]['location']['postcode']}</arg>
<doc>Fails if objects are unequal after converting them to real numbers.</doc>
<status status="PASS" start="2024-05-31T05:16:59.074079" elapsed="0.001221"/>
</kw>
<kw name="Log" owner="BuiltIn">
<msg time="2024-05-31T05:16:59.076200" level="INFO">17154</msg>
<arg>${json_data['results'][0]['location']['postcode']}</arg>
<doc>Logs the given message with the given level.</doc>
<status status="PASS" start="2024-05-31T05:16:59.075614" elapsed="0.000654"/>
</kw>
<status status="PASS" start="2024-05-31T05:16:58.964730" elapsed="0.111949"/>
</kw>
<doc>Testa se os tipos de dados na resposta da API estão corretos.</doc>
<tag>testeTiposDados</tag>
<status status="PASS" start="2024-05-31T05:16:58.844325" elapsed="0.232637"/>
</test>
<test id="s1-s1-t5" name="Validar conteudo" line="35">
<kw name="Teste de Tipos de Conteudo" owner="random-user-service">
<kw name="GET On Session" owner="RequestsLibrary">
<msg time="2024-05-31T05:16:59.178684" level="INFO">GET Request : url=https://randomuser.me/api 
 path_url=/api 
 headers={'User-Agent': 'python-requests/2.32.3', 'Accept-Encoding': 'gzip, deflate', 'Accept': '*/*', 'Connection': 'keep-alive'} 
 body=None 
 </msg>
<msg time="2024-05-31T05:16:59.178772" level="INFO">GET Response : url=https://randomuser.me/api 
 status=200, reason=OK 
 headers={'Date': 'Fri, 31 May 2024 05:16:59 GMT', 'Content-Type': 'application/json; charset=utf-8', 'Transfer-Encoding': 'chunked', 'Connection': 'keep-alive', 'X-Powered-By': 'Express', 'Access-Control-Allow-Origin': '*', 'Cache-Control': 'no-cache', 'ETag': 'W/"48a-v2LBe1qryEHxaK8KDn4A57vAnZY"', 'Vary': 'Accept-Encoding', 'Content-Encoding': 'gzip', 'CF-Cache-Status': 'DYNAMIC', 'Report-To': '{"endpoints":[{"url":"https:\\/\\/a.nel.cloudflare.com\\/report\\/v4?s=R1eGDTP5MuXfwkSL15z9Az82pZu9aUDvlAzcJ7EriaEw3PO%2BP%2F1qbBtPWFDSRw5D9b%2F7xtfprEoFaq4mv3Hf9Y1BwLWljphPKUP9wLkbVRKpesnav%2Bl%2BaZdh6kibAlNL"}],"group":"cf-nel","max_age":604800}', 'NEL': '{"success_fraction":0,"report_to":"cf-nel","max_age":604800}', 'Server': 'cloudflare', 'CF-RAY': '88c47eb5496208cf-LAX', 'alt-svc': 'h3=":443"; ma=86400'} 
 body={"results":[{"gender":"male","name":{"title":"Mr","first":"Arkadiy","last":"Vinnichenko"},"location":{"street":{"number":7677,"name":"Tuluzi"},"city":"Primorsk","state":"Odeska","country":"Ukraine","postcode":31305,"coordinates":{"latitude":"78.4108","longitude":"-45.5059"},"timezone":{"offset":"-5:00","description":"Eastern Time (US &amp; Canada), Bogota, Lima"}},"email":"arkadiy.vinnichenko@example.com","login":{"uuid":"023ceb93-2c45-4147-9072-c979a3e93956","username":"heavycat778","password":"321654","salt":"kWswerBw","md5":"304fd99ed91e74c5960134631be66a2b","sha1":"78ca437e2e4660fab70e31aab309bb181e156e7d","sha256":"368b8f880237dea6bcac43babe4c6b83a048871ecc5faf052c4d0f2be8d3a200"},"dob":{"date":"1977-07-30T14:02:46.186Z","age":46},"registered":{"date":"2011-05-29T18:25:40.377Z","age":13},"phone":"(097) F86-1533","cell":"(068) C67-0888","id":{"name":"","value":null},"picture":{"large":"https://randomuser.me/api/portraits/men/57.jpg","medium":"https://randomuser.me/api/portraits/med/men/57.jpg","thumbnail":"https://randomuser.me/api/portraits/thumb/men/57.jpg"},"nat":"UA"}],"info":{"seed":"20fccb17219e0983","results":1,"page":1,"version":"1.4"}} 
 </msg>
<msg time="2024-05-31T05:16:59.178855" level="INFO">/opt/hostedtoolcache/Python/3.12.3/x64/lib/python3.12/site-packages/urllib3/connectionpool.py:1103: InsecureRequestWarning: Unverified HTTPS request is being made to host 'randomuser.me'. Adding certificate verification is strongly advised. See: https://urllib3.readthedocs.io/en/latest/advanced-usage.html#tls-warnings
  warnings.warn(</msg>
<msg time="2024-05-31T05:16:59.178953" level="INFO">${response} = &lt;Response [200]&gt;</msg>
<var>${response}</var>
<arg>consultarAPI</arg>
<arg>/api</arg>
<doc>Sends a GET request on a previously created HTTP Session.</doc>
<status status="PASS" start="2024-05-31T05:16:59.081322" elapsed="0.097657"/>
</kw>
<kw name="Set Variable" owner="BuiltIn">
<msg time="2024-05-31T05:16:59.179834" level="INFO">${json_data} = {'results': [{'gender': 'male', 'name': {'title': 'Mr', 'first': 'Arkadiy', 'last': 'Vinnichenko'}, 'location': {'street': {'number': 7677, 'name': 'Tuluzi'}, 'city': 'Primorsk', 'state': 'Odeska', 'c...</msg>
<var>${json_data}</var>
<arg>${response.json()}</arg>
<doc>Returns the given values which can then be assigned to a variables.</doc>
<status status="PASS" start="2024-05-31T05:16:59.179370" elapsed="0.000494"/>
</kw>
<kw name="Set Variable" owner="BuiltIn">
<msg time="2024-05-31T05:16:59.180626" level="INFO">${name_title} = Mr</msg>
<var>${name_title}</var>
<arg>${json_data["results"][0]["name"]["title"]}</arg>
<doc>Returns the given values which can then be assigned to a variables.</doc>
<status status="PASS" start="2024-05-31T05:16:59.180180" elapsed="0.000474"/>
</kw>
<kw name="Create List" owner="BuiltIn">
<msg time="2024-05-31T05:16:59.181145" level="INFO">${allowed_titles} = ['Mr', 'Ms', 'Miss', 'Mrs', 'Madame', 'Monsieur']</msg>
<var>${allowed_titles}</var>
<arg>Mr</arg>
<arg>Ms</arg>
<arg>Miss</arg>
<arg>Mrs</arg>
<arg>Madame</arg>
<arg>Monsieur</arg>
<doc>Returns a list containing given items.</doc>
<status status="PASS" start="2024-05-31T05:16:59.180980" elapsed="0.000191"/>
</kw>
<kw name="List Should Contain Value" owner="Collections">
<msg time="2024-05-31T05:16:59.181668" level="INFO">False</msg>
<arg>${allowed_titles}</arg>
<arg>${name_title}</arg>
<doc>Fails if the ``value`` is not found from ``list``.</doc>
<status status="PASS" start="2024-05-31T05:16:59.181489" elapsed="0.000216"/>
</kw>
<kw name="Set Variable" owner="BuiltIn">
<msg time="2024-05-31T05:16:59.182389" level="INFO">${name_country} = UA</msg>
<var>${name_country}</var>
<arg>${json_data["results"][0]["nat"]}</arg>
<doc>Returns the given values which can then be assigned to a variables.</doc>
<status status="PASS" start="2024-05-31T05:16:59.182003" elapsed="0.000412"/>
</kw>
<kw name="Create List" owner="BuiltIn">
<msg time="2024-05-31T05:16:59.183332" level="INFO">${list_country} = ['AD', 'AE', 'AF', 'AG', 'AI', 'AL', 'AM', 'AO', 'AQ', 'AR', 'AS', 'AT', 'AU', 'AW', 'AX', 'AZ', 'BA', 'BB', 'BD', 'BE', 'BF', 'BG', 'BH', 'BI', 'BJ', 'BL', 'BM', 'BN', 'BO', 'BQ', 'BR', 'BS', 'BT', '...</msg>
<var>${list_country}</var>
<arg>AD</arg>
<arg>AE</arg>
<arg>AF</arg>
<arg>AG</arg>
<arg>AI</arg>
<arg>AL</arg>
<arg>AM</arg>
<arg>AO</arg>
<arg>AQ</arg>
<arg>AR</arg>
<arg>AS</arg>
<arg>AT</arg>
<arg>AU</arg>
<arg>AW</arg>
<arg>AX</arg>
<arg>AZ</arg>
<arg>BA</arg>
<arg>BB</arg>
<arg>BD</arg>
<arg>BE</arg>
<arg>BF</arg>
<arg>BG</arg>
<arg>BH</arg>
<arg>BI</arg>
<arg>BJ</arg>
<arg>BL</arg>
<arg>BM</arg>
<arg>BN</arg>
<arg>BO</arg>
<arg>BQ</arg>
<arg>BR</arg>
<arg>BS</arg>
<arg>BT</arg>
<arg>BV</arg>
<arg>BW</arg>
<arg>BY</arg>
<arg>BZ</arg>
<arg>CA</arg>
<arg>CC</arg>
<arg>CD</arg>
<arg>CF</arg>
<arg>CG</arg>
<arg>CH</arg>
<arg>CI</arg>
<arg>CK</arg>
<arg>CL</arg>
<arg>CM</arg>
<arg>CN</arg>
<arg>CO</arg>
<arg>CR</arg>
<arg>CU</arg>
<arg>CV</arg>
<arg>CW</arg>
<arg>CX</arg>
<arg>CY</arg>
<arg>CZ</arg>
<arg>DE</arg>
<arg>DJ</arg>
<arg>DK</arg>
<arg>DM</arg>
<arg>DO</arg>
<arg>DZ</arg>
<arg>EC</arg>
<arg>EE</arg>
<arg>EG</arg>
<arg>EH</arg>
<arg>ER</arg>
<arg>ES</arg>
<arg>ET</arg>
<arg>FI</arg>
<arg>FJ</arg>
<arg>FK</arg>
<arg>FM</arg>
<arg>FO</arg>
<arg>FR</arg>
<arg>GA</arg>
<arg>GB</arg>
<arg>GD</arg>
<arg>GE</arg>
<arg>GF</arg>
<arg>GG</arg>
<arg>GH</arg>
<arg>GI</arg>
<arg>GL</arg>
<arg>GM</arg>
<arg>GN</arg>
<arg>GP</arg>
<arg>GQ</arg>
<arg>GR</arg>
<arg>GS</arg>
<arg>GT</arg>
<arg>GU</arg>
<arg>GW</arg>
<arg>GY</arg>
<arg>HK</arg>
<arg>HM</arg>
<arg>HN</arg>
<arg>HR</arg>
<arg>HT</arg>
<arg>HU</arg>
<arg>ID</arg>
<arg>IE</arg>
<arg>IL</arg>
<arg>IM</arg>
<arg>IN</arg>
<arg>IO</arg>
<arg>IQ</arg>
<arg>IR</arg>
<arg>IS</arg>
<arg>IT</arg>
<arg>JE</arg>
<arg>JM</arg>
<arg>JO</arg>
<arg>JP</arg>
<arg>KE</arg>
<arg>KG</arg>
<arg>KH</arg>
<arg>KI</arg>
<arg>KM</arg>
<arg>KN</arg>
<arg>KP</arg>
<arg>KR</arg>
<arg>KW</arg>
<arg>KY</arg>
<arg>KZ</arg>
<arg>LA</arg>
<arg>LB</arg>
<arg>LC</arg>
<arg>LI</arg>
<arg>LK</arg>
<arg>LR</arg>
<arg>LS</arg>
<arg>LT</arg>
<arg>LU</arg>
<arg>LV</arg>
<arg>LY</arg>
<arg>MA</arg>
<arg>MC</arg>
<arg>MD</arg>
<arg>ME</arg>
<arg>MF</arg>
<arg>MG</arg>
<arg>MH</arg>
<arg>MK</arg>
<arg>ML</arg>
<arg>MM</arg>
<arg>MN</arg>
<arg>MO</arg>
<arg>MP</arg>
<arg>MQ</arg>
<arg>MR</arg>
<arg>MS</arg>
<arg>MT</arg>
<arg>MU</arg>
<arg>MV</arg>
<arg>MW</arg>
<arg>MX</arg>
<arg>MY</arg>
<arg>MZ</arg>
<arg>NA</arg>
<arg>NC</arg>
<arg>NE</arg>
<arg>NF</arg>
<arg>NG</arg>
<arg>NI</arg>
<arg>NL</arg>
<arg>NO</arg>
<arg>NP</arg>
<arg>NR</arg>
<arg>NU</arg>
<arg>NZ</arg>
<arg>OM</arg>
<arg>PA</arg>
<arg>PE</arg>
<arg>PF</arg>
<arg>PG</arg>
<arg>PH</arg>
<arg>PK</arg>
<arg>PL</arg>
<arg>PM</arg>
<arg>PN</arg>
<arg>PR</arg>
<arg>PS</arg>
<arg>PT</arg>
<arg>PW</arg>
<arg>PY</arg>
<arg>QA</arg>
<arg>RE</arg>
<arg>RO</arg>
<arg>RS</arg>
<arg>RU</arg>
<arg>RW</arg>
<arg>SA</arg>
<arg>SB</arg>
<arg>SC</arg>
<arg>SD</arg>
<arg>SE</arg>
<arg>SG</arg>
<arg>SH</arg>
<arg>SI</arg>
<arg>SJ</arg>
<arg>SK</arg>
<arg>SL</arg>
<arg>SM</arg>
<arg>SN</arg>
<arg>SO</arg>
<arg>SR</arg>
<arg>SS</arg>
<arg>ST</arg>
<arg>SV</arg>
<arg>SX</arg>
<arg>SY</arg>
<arg>SZ</arg>
<arg>TC</arg>
<arg>TD</arg>
<arg>TF</arg>
<arg>TG</arg>
<arg>TH</arg>
<arg>TJ</arg>
<arg>TK</arg>
<arg>TL</arg>
<arg>TM</arg>
<arg>TN</arg>
<arg>TO</arg>
<arg>TR</arg>
<arg>TT</arg>
<arg>TV</arg>
<arg>TW</arg>
<arg>TZ</arg>
<arg>UA</arg>
<arg>UG</arg>
<arg>UM</arg>
<arg>US</arg>
<arg>UY</arg>
<arg>UZ</arg>
<arg>VA</arg>
<arg>VC</arg>
<arg>VE</arg>
<arg>VG</arg>
<arg>VI</arg>
<arg>VN</arg>
<arg>VU</arg>
<arg>WF</arg>
<arg>WS</arg>
<arg>XK</arg>
<arg>YE</arg>
<arg>YT</arg>
<arg>ZA</arg>
<arg>ZM</arg>
<arg>ZW</arg>
<doc>Returns a list containing given items.</doc>
<status status="PASS" start="2024-05-31T05:16:59.182724" elapsed="0.000641"/>
</kw>
<kw name="List Should Contain Value" owner="Collections">
<msg time="2024-05-31T05:16:59.184378" level="INFO">False</msg>
<arg>${list_country}</arg>
<arg>${name_country}</arg>
<doc>Fails if the ``value`` is not found from ``list``.</doc>
<status status="PASS" start="2024-05-31T05:16:59.184167" elapsed="0.000254"/>
</kw>
<kw name="Run Keyword If" owner="BuiltIn">
<kw name="Should Be True" owner="BuiltIn">
<arg>${True}</arg>
<doc>Fails if the given condition is not true.</doc>
<status status="PASS" start="2024-05-31T05:16:59.185535" elapsed="0.000144"/>
</kw>
<arg>${json_data["results"][0]["location"]["coordinates"]["latitude"]} &gt;= -90 and ${json_data["results"][0]["location"]["coordinates"]["latitude"]} &lt;= 90</arg>
<arg>Should Be True</arg>
<arg>${True}</arg>
<doc>Runs the given keyword with the given arguments, if ``condition`` is true.</doc>
<status status="PASS" start="2024-05-31T05:16:59.184769" elapsed="0.001037"/>
</kw>
<kw name="Run Keyword If" owner="BuiltIn">
<kw name="Should Be True" owner="BuiltIn">
<arg>${True}</arg>
<doc>Fails if the given condition is not true.</doc>
<status status="PASS" start="2024-05-31T05:16:59.186700" elapsed="0.000250"/>
</kw>
<arg>${json_data["results"][0]["location"]["coordinates"]["longitude"]} &gt;= -180 and ${json_data["results"][0]["location"]["coordinates"]["longitude"]} &lt;= 180</arg>
<arg>Should Be True</arg>
<arg>${True}</arg>
<doc>Runs the given keyword with the given arguments, if ``condition`` is true.</doc>
<status status="PASS" start="2024-05-31T05:16:59.185995" elapsed="0.001085"/>
</kw>
<status status="PASS" start="2024-05-31T05:16:59.080945" elapsed="0.106268"/>
</kw>
<doc>Testa o conteúdo específico dos campos retornados pela API.</doc>
<tag>testeConteudo</tag>
<status status="PASS" start="2024-05-31T05:16:59.080198" elapsed="0.107164"/>
</test>
<status status="PASS" start="2024-05-31T05:16:58.226074" elapsed="0.963248"/>
</suite>
<status status="PASS" start="2024-05-31T05:16:58.212758" elapsed="0.981721"/>
</suite>
<statistics>
<total>
<stat pass="5" fail="0" skip="0">All Tests</stat>
</total>
<tag>
<stat pass="1" fail="0" skip="0">testeConteudo</stat>
<stat pass="1" fail="0" skip="0">testeEstruturaResposta</stat>
<stat pass="1" fail="0" skip="0">testeRequisicaoBasica</stat>
<stat pass="1" fail="0" skip="0">testeTiposDados</stat>
</tag>
<suite>
<stat pass="5" fail="0" skip="0" id="s1" name="Tests">Tests</stat>
<stat pass="5" fail="0" skip="0" id="s1-s1" name="Random-User-Test">Tests.Random-User-Test</stat>
</suite>
</statistics>
<errors>
</errors>
</robot>
