<?xml version="1.0" encoding="UTF-8"?>
<robot generator="Robot 7.0 (Python 3.12.2 on linux)" generated="2024-04-05T18:17:01.713856" rpa="false" schemaversion="5">
<suite id="s1" name="Tests" source="/home/runner/work/DesafioQAItauRogerioJordao/DesafioQAItauRogerioJordao/RamdonUser/tests">
<suite id="s1-s1" name="Random-User-Test" source="/home/runner/work/DesafioQAItauRogerioJordao/DesafioQAItauRogerioJordao/RamdonUser/tests/random-user-test.robot">
<test id="s1-s1-t1" name="Conectar" line="13">
<kw name="Conectar API" owner="random-user-service">
<kw name="Create Session" owner="RequestsLibrary">
<msg time="2024-04-05T18:17:02.075833" level="INFO">Creating Session using : alias=consultarAPI, url=https://randomuser.me/, headers={},                     cookies={}, auth=None, timeout=None, proxies=None, verify=False,                     debug=0 </msg>
<arg>consultarAPI</arg>
<arg>${URL}</arg>
<doc>Create Session: create a HTTP session to a server</doc>
<status status="PASS" start="2024-04-05T18:17:02.075618" elapsed="0.000414"/>
</kw>
<status status="PASS" start="2024-04-05T18:17:02.074513" elapsed="0.001906"/>
</kw>
<status status="PASS" start="2024-04-05T18:17:02.073884" elapsed="0.002746"/>
</test>
<test id="s1-s1-t2" name="Validar retorno 200 e JSON Válido" line="16">
<kw name="Teste de Requisicao Basica" owner="random-user-service">
<kw name="GET On Session" owner="RequestsLibrary">
<msg time="2024-04-05T18:17:02.300260" level="INFO">GET Request : url=https://randomuser.me/api 
 path_url=/api 
 headers={'User-Agent': 'python-requests/2.31.0', 'Accept-Encoding': 'gzip, deflate', 'Accept': '*/*', 'Connection': 'keep-alive'} 
 body=None 
 </msg>
<msg time="2024-04-05T18:17:02.300424" level="INFO">GET Response : url=https://randomuser.me/api 
 status=200, reason=OK 
 headers={'Date': 'Fri, 05 Apr 2024 18:17:02 GMT', 'Content-Type': 'application/json; charset=utf-8', 'Transfer-Encoding': 'chunked', 'Connection': 'keep-alive', 'X-Powered-By': 'Express', 'Access-Control-Allow-Origin': '*', 'Cache-Control': 'no-cache', 'ETag': 'W/"489-OJrArNCVh9bQeO9mdtJMqdr2iqc"', 'Vary': 'Accept-Encoding', 'Content-Encoding': 'gzip', 'CF-Cache-Status': 'DYNAMIC', 'Report-To': '{"endpoints":[{"url":"https:\\/\\/a.nel.cloudflare.com\\/report\\/v4?s=xOL%2BgkSi6rut58mofRAxEcXU%2FcP7HG1JEZyl2ZnV9sKMuI5KTrHWJTRw3YYGxCq512D%2B9zXanfuDsrkcIomxuKKTEK%2B2iad1Cxru1hLkE1eDqIjXAI%2BY0wDCR6qiCFjv"}],"group":"cf-nel","max_age":604800}', 'NEL': '{"success_fraction":0,"report_to":"cf-nel","max_age":604800}', 'Server': 'cloudflare', 'CF-RAY': '86fb885cc89b22ba-SJC', 'alt-svc': 'h3=":443"; ma=86400'} 
 body={"results":[{"gender":"male","name":{"title":"Mr","first":"Sebastian","last":"Olsen"},"location":{"street":{"number":3175,"name":"Stenbjergvej"},"city":"Vesterborg","state":"Sjælland","country":"Denmark","postcode":66194,"coordinates":{"latitude":"-40.1414","longitude":"-82.2965"},"timezone":{"offset":"+10:00","description":"Eastern Australia, Guam, Vladivostok"}},"email":"sebastian.olsen@example.com","login":{"uuid":"cbe5ceb9-cc05-495a-b0b8-63011f4da4f0","username":"silverlion491","password":"98765","salt":"VVcvKvPn","md5":"4acf9feb48e7c3c36b0652d96330eb51","sha1":"259f411217904334e8f0bf60a51d0379ceafac10","sha256":"9fa0a00f08ccf1e8ae3183cf63205c54267c666a4e1ec24c79d13003f29ac9e7"},"dob":{"date":"1958-05-23T01:38:47.407Z","age":65},"registered":{"date":"2002-11-19T04:06:44.721Z","age":21},"phone":"09286290","cell":"64547047","id":{"name":"CPR","value":"220558-4051"},"picture":{"large":"https://randomuser.me/api/portraits/men/7.jpg","medium":"https://randomuser.me/api/portraits/med/men/7.jpg","thumbnail":"https://randomuser.me/api/portraits/thumb/men/7.jpg"},"nat":"DK"}],"info":{"seed":"6771de1c8a0f053d","results":1,"page":1,"version":"1.4"}} 
 </msg>
<msg time="2024-04-05T18:17:02.300541" level="INFO">/opt/hostedtoolcache/Python/3.12.2/x64/lib/python3.12/site-packages/urllib3/connectionpool.py:1103: InsecureRequestWarning: Unverified HTTPS request is being made to host 'randomuser.me'. Adding certificate verification is strongly advised. See: https://urllib3.readthedocs.io/en/latest/advanced-usage.html#tls-warnings
  warnings.warn(</msg>
<msg time="2024-04-05T18:17:02.300695" level="INFO">${response} = &lt;Response [200]&gt;</msg>
<var>${response}</var>
<arg>consultarAPI</arg>
<arg>/api</arg>
<doc>Sends a GET request on a previously created HTTP Session.</doc>
<status status="PASS" start="2024-04-05T18:17:02.079243" elapsed="0.221497"/>
</kw>
<kw name="Should Be Equal As Numbers" owner="BuiltIn">
<msg time="2024-04-05T18:17:02.301829" level="INFO">Argument types are:
&lt;class 'int'&gt;
&lt;class 'str'&gt;</msg>
<arg>${response.status_code}</arg>
<arg>200</arg>
<doc>Fails if objects are unequal after converting them to real numbers.</doc>
<status status="PASS" start="2024-04-05T18:17:02.301339" elapsed="0.000566"/>
</kw>
<kw name="Log" owner="BuiltIn">
<msg time="2024-04-05T18:17:02.302648" level="INFO">200</msg>
<arg>${response.status_code}</arg>
<doc>Logs the given message with the given level.</doc>
<status status="PASS" start="2024-04-05T18:17:02.302231" elapsed="0.000462"/>
</kw>
<kw name="Set Variable" owner="BuiltIn">
<msg time="2024-04-05T18:17:02.303525" level="INFO">${json_data} = {'results': [{'gender': 'male', 'name': {'title': 'Mr', 'first': 'Sebastian', 'last': 'Olsen'}, 'location': {'street': {'number': 3175, 'name': 'Stenbjergvej'}, 'city': 'Vesterborg', 'state': 'Sjællan...</msg>
<var>${json_data}</var>
<arg>${response.json()}</arg>
<doc>Returns the given values which can then be assigned to a variables.</doc>
<status status="PASS" start="2024-04-05T18:17:02.303067" elapsed="0.000488"/>
</kw>
<kw name="Dictionary Should Contain Key" owner="Collections">
<msg time="2024-04-05T18:17:02.304035" level="INFO">False</msg>
<arg>${json_data}</arg>
<arg>results</arg>
<doc>Fails if ``key`` is not found from ``dictionary``.</doc>
<status status="PASS" start="2024-04-05T18:17:02.303863" elapsed="0.000213"/>
</kw>
<status status="PASS" start="2024-04-05T18:17:02.078986" elapsed="0.225353"/>
</kw>
<doc>Testa se a API responde corretamente e retorna um objeto JSON válido.</doc>
<tag>testeRequisicaoBasica</tag>
<status status="PASS" start="2024-04-05T18:17:02.078518" elapsed="0.226025"/>
</test>
<test id="s1-s1-t3" name="Validar estrutura de resposta" line="22">
<kw name="Teste de Estrutura de Resposta" owner="random-user-service">
<kw name="GET On Session" owner="RequestsLibrary">
<msg time="2024-04-05T18:17:02.401944" level="INFO">GET Request : url=https://randomuser.me/api 
 path_url=/api 
 headers={'User-Agent': 'python-requests/2.31.0', 'Accept-Encoding': 'gzip, deflate', 'Accept': '*/*', 'Connection': 'keep-alive'} 
 body=None 
 </msg>
<msg time="2024-04-05T18:17:02.402065" level="INFO">GET Response : url=https://randomuser.me/api 
 status=200, reason=OK 
 headers={'Date': 'Fri, 05 Apr 2024 18:17:02 GMT', 'Content-Type': 'application/json; charset=utf-8', 'Transfer-Encoding': 'chunked', 'Connection': 'keep-alive', 'X-Powered-By': 'Express', 'Access-Control-Allow-Origin': '*', 'Cache-Control': 'no-cache', 'ETag': 'W/"474-Er+00ywwoDMmdDQjYE9YaEmf1Io"', 'Vary': 'Accept-Encoding', 'Content-Encoding': 'gzip', 'CF-Cache-Status': 'DYNAMIC', 'Report-To': '{"endpoints":[{"url":"https:\\/\\/a.nel.cloudflare.com\\/report\\/v4?s=mSCee7JcV6mKQqAgG1aCMWkEttPhLwUQ3VeSwwKDMFbuJkHjLQVAWRvRy5SwmmBHMOszCQfrRSLdb8x60KHxtWzVvNqYIe5inGdVnNZso6QmnxeLsmKgh3LNgj6Btq2E"}],"group":"cf-nel","max_age":604800}', 'NEL': '{"success_fraction":0,"report_to":"cf-nel","max_age":604800}', 'Server': 'cloudflare', 'CF-RAY': '86fb885d799e22ba-SJC', 'alt-svc': 'h3=":443"; ma=86400'} 
 body={"results":[{"gender":"male","name":{"title":"Mr","first":"Murat","last":"Türkdoğan"},"location":{"street":{"number":8224,"name":"Istiklal Cd"},"city":"Uşak","state":"Antalya","country":"Turkey","postcode":29115,"coordinates":{"latitude":"67.8903","longitude":"-15.4038"},"timezone":{"offset":"+9:30","description":"Adelaide, Darwin"}},"email":"murat.turkdogan@example.com","login":{"uuid":"bded7c13-b658-42e3-9117-e67b04279a08","username":"beautifulkoala892","password":"adam12","salt":"TzvFi6l2","md5":"4af0e7ec954b3502e1c1412d6044f9bc","sha1":"e98ef3eebda3300c509d072df67d1fd770896baa","sha256":"607aa2f0283e0abd6eb251403f6aed8383dd879f32e626019300957fb5881f75"},"dob":{"date":"1969-03-15T09:16:09.181Z","age":55},"registered":{"date":"2011-09-17T14:51:28.533Z","age":12},"phone":"(021)-466-0585","cell":"(596)-615-3439","id":{"name":"","value":null},"picture":{"large":"https://randomuser.me/api/portraits/men/73.jpg","medium":"https://randomuser.me/api/portraits/med/men/73.jpg","thumbnail":"https://randomuser.me/api/portraits/thumb/men/73.jpg"},"nat":"TR"}],"info":{"seed":"80bc58f3e1dba707","results":1,"page":1,"version":"1.4"}} 
 </msg>
<msg time="2024-04-05T18:17:02.402220" level="INFO">/opt/hostedtoolcache/Python/3.12.2/x64/lib/python3.12/site-packages/urllib3/connectionpool.py:1103: InsecureRequestWarning: Unverified HTTPS request is being made to host 'randomuser.me'. Adding certificate verification is strongly advised. See: https://urllib3.readthedocs.io/en/latest/advanced-usage.html#tls-warnings
  warnings.warn(</msg>
<msg time="2024-04-05T18:17:02.402378" level="INFO">${response} = &lt;Response [200]&gt;</msg>
<var>${response}</var>
<arg>consultarAPI</arg>
<arg>/api</arg>
<doc>Sends a GET request on a previously created HTTP Session.</doc>
<status status="PASS" start="2024-04-05T18:17:02.307410" elapsed="0.095017"/>
</kw>
<kw name="Set Variable" owner="BuiltIn">
<msg time="2024-04-05T18:17:02.403514" level="INFO">${json_data} = {'results': [{'gender': 'male', 'name': {'title': 'Mr', 'first': 'Murat', 'last': 'Türkdoğan'}, 'location': {'street': {'number': 8224, 'name': 'Istiklal Cd'}, 'city': 'Uşak', 'state': 'Antalya', 'cou...</msg>
<var>${json_data}</var>
<arg>${response.json()}</arg>
<doc>Returns the given values which can then be assigned to a variables.</doc>
<status status="PASS" start="2024-04-05T18:17:02.402962" elapsed="0.000584"/>
</kw>
<kw name="Log" owner="BuiltIn">
<msg time="2024-04-05T18:17:02.404038" level="INFO">{'results': [{'gender': 'male', 'name': {'title': 'Mr', 'first': 'Murat', 'last': 'Türkdoğan'}, 'location': {'street': {'number': 8224, 'name': 'Istiklal Cd'}, 'city': 'Uşak', 'state': 'Antalya', 'country': 'Turkey', 'postcode': 29115, 'coordinates': {'latitude': '67.8903', 'longitude': '-15.4038'}, 'timezone': {'offset': '+9:30', 'description': 'Adelaide, Darwin'}}, 'email': 'murat.turkdogan@example.com', 'login': {'uuid': 'bded7c13-b658-42e3-9117-e67b04279a08', 'username': 'beautifulkoala892', 'password': 'adam12', 'salt': 'TzvFi6l2', 'md5': '4af0e7ec954b3502e1c1412d6044f9bc', 'sha1': 'e98ef3eebda3300c509d072df67d1fd770896baa', 'sha256': '607aa2f0283e0abd6eb251403f6aed8383dd879f32e626019300957fb5881f75'}, 'dob': {'date': '1969-03-15T09:16:09.181Z', 'age': 55}, 'registered': {'date': '2011-09-17T14:51:28.533Z', 'age': 12}, 'phone': '(021)-466-0585', 'cell': '(596)-615-3439', 'id': {'name': '', 'value': None}, 'picture': {'large': 'https://randomuser.me/api/portraits/men/73.jpg', 'medium': 'https://randomuser.me/api/portraits/med/men/73.jpg', 'thumbnail': 'https://randomuser.me/api/portraits/thumb/men/73.jpg'}, 'nat': 'TR'}], 'info': {'seed': '80bc58f3e1dba707', 'results': 1, 'page': 1, 'version': '1.4'}}</msg>
<arg>${json_data}</arg>
<doc>Logs the given message with the given level.</doc>
<status status="PASS" start="2024-04-05T18:17:02.403864" elapsed="0.000226"/>
</kw>
<kw name="Dictionary Should Contain Key" owner="Collections">
<msg time="2024-04-05T18:17:02.404566" level="INFO">False</msg>
<arg>${json_data}</arg>
<arg>results</arg>
<doc>Fails if ``key`` is not found from ``dictionary``.</doc>
<status status="PASS" start="2024-04-05T18:17:02.404402" elapsed="0.000203"/>
</kw>
<kw name="Should Not Be Empty" owner="BuiltIn">
<msg time="2024-04-05T18:17:02.405045" level="INFO">Length is 2.</msg>
<arg>${json_data}</arg>
<doc>Verifies that the given item is not empty.</doc>
<status status="PASS" start="2024-04-05T18:17:02.404910" elapsed="0.000177"/>
</kw>
<kw name="Create List" owner="BuiltIn">
<msg time="2024-04-05T18:17:02.405543" level="INFO">${expected_keys} = ['gender', 'name', 'location', 'email', 'login']</msg>
<var>${expected_keys}</var>
<arg>gender</arg>
<arg>name</arg>
<arg>location</arg>
<arg>email</arg>
<arg>login</arg>
<doc>Returns a list containing given items.</doc>
<status status="PASS" start="2024-04-05T18:17:02.405385" elapsed="0.000183"/>
</kw>
<for flavor="IN">
<iter>
<kw name="Dictionary Should Contain Key" owner="Collections">
<msg time="2024-04-05T18:17:02.406645" level="INFO">False</msg>
<arg>${json_data['results'][0]}</arg>
<arg>${key}</arg>
<doc>Fails if ``key`` is not found from ``dictionary``.</doc>
<status status="PASS" start="2024-04-05T18:17:02.406169" elapsed="0.000519"/>
</kw>
<kw name="Log" owner="BuiltIn">
<msg time="2024-04-05T18:17:02.407391" level="INFO">{'gender': 'male', 'name': {'title': 'Mr', 'first': 'Murat', 'last': 'Türkdoğan'}, 'location': {'street': {'number': 8224, 'name': 'Istiklal Cd'}, 'city': 'Uşak', 'state': 'Antalya', 'country': 'Turkey', 'postcode': 29115, 'coordinates': {'latitude': '67.8903', 'longitude': '-15.4038'}, 'timezone': {'offset': '+9:30', 'description': 'Adelaide, Darwin'}}, 'email': 'murat.turkdogan@example.com', 'login': {'uuid': 'bded7c13-b658-42e3-9117-e67b04279a08', 'username': 'beautifulkoala892', 'password': 'adam12', 'salt': 'TzvFi6l2', 'md5': '4af0e7ec954b3502e1c1412d6044f9bc', 'sha1': 'e98ef3eebda3300c509d072df67d1fd770896baa', 'sha256': '607aa2f0283e0abd6eb251403f6aed8383dd879f32e626019300957fb5881f75'}, 'dob': {'date': '1969-03-15T09:16:09.181Z', 'age': 55}, 'registered': {'date': '2011-09-17T14:51:28.533Z', 'age': 12}, 'phone': '(021)-466-0585', 'cell': '(596)-615-3439', 'id': {'name': '', 'value': None}, 'picture': {'large': 'https://randomuser.me/api/portraits/men/73.jpg', 'medium': 'https://randomuser.me/api/portraits/med/men/73.jpg', 'thumbnail': 'https://randomuser.me/api/portraits/thumb/men/73.jpg'}, 'nat': 'TR'}</msg>
<arg>${json_data['results'][0]}</arg>
<doc>Logs the given message with the given level.</doc>
<status status="PASS" start="2024-04-05T18:17:02.407009" elapsed="0.000433"/>
</kw>
<kw name="Log" owner="BuiltIn">
<msg time="2024-04-05T18:17:02.407880" level="INFO">gender</msg>
<arg>${key}</arg>
<doc>Logs the given message with the given level.</doc>
<status status="PASS" start="2024-04-05T18:17:02.407747" elapsed="0.000172"/>
</kw>
<var name="${key}">gender</var>
<status status="PASS" start="2024-04-05T18:17:02.406037" elapsed="0.002110"/>
</iter>
<iter>
<kw name="Dictionary Should Contain Key" owner="Collections">
<msg time="2024-04-05T18:17:02.408858" level="INFO">False</msg>
<arg>${json_data['results'][0]}</arg>
<arg>${key}</arg>
<doc>Fails if ``key`` is not found from ``dictionary``.</doc>
<status status="PASS" start="2024-04-05T18:17:02.408459" elapsed="0.000438"/>
</kw>
<kw name="Log" owner="BuiltIn">
<msg time="2024-04-05T18:17:02.409607" level="INFO">{'gender': 'male', 'name': {'title': 'Mr', 'first': 'Murat', 'last': 'Türkdoğan'}, 'location': {'street': {'number': 8224, 'name': 'Istiklal Cd'}, 'city': 'Uşak', 'state': 'Antalya', 'country': 'Turkey', 'postcode': 29115, 'coordinates': {'latitude': '67.8903', 'longitude': '-15.4038'}, 'timezone': {'offset': '+9:30', 'description': 'Adelaide, Darwin'}}, 'email': 'murat.turkdogan@example.com', 'login': {'uuid': 'bded7c13-b658-42e3-9117-e67b04279a08', 'username': 'beautifulkoala892', 'password': 'adam12', 'salt': 'TzvFi6l2', 'md5': '4af0e7ec954b3502e1c1412d6044f9bc', 'sha1': 'e98ef3eebda3300c509d072df67d1fd770896baa', 'sha256': '607aa2f0283e0abd6eb251403f6aed8383dd879f32e626019300957fb5881f75'}, 'dob': {'date': '1969-03-15T09:16:09.181Z', 'age': 55}, 'registered': {'date': '2011-09-17T14:51:28.533Z', 'age': 12}, 'phone': '(021)-466-0585', 'cell': '(596)-615-3439', 'id': {'name': '', 'value': None}, 'picture': {'large': 'https://randomuser.me/api/portraits/men/73.jpg', 'medium': 'https://randomuser.me/api/portraits/med/men/73.jpg', 'thumbnail': 'https://randomuser.me/api/portraits/thumb/men/73.jpg'}, 'nat': 'TR'}</msg>
<arg>${json_data['results'][0]}</arg>
<doc>Logs the given message with the given level.</doc>
<status status="PASS" start="2024-04-05T18:17:02.409235" elapsed="0.000424"/>
</kw>
<kw name="Log" owner="BuiltIn">
<msg time="2024-04-05T18:17:02.410096" level="INFO">name</msg>
<arg>${key}</arg>
<doc>Logs the given message with the given level.</doc>
<status status="PASS" start="2024-04-05T18:17:02.409964" elapsed="0.000171"/>
</kw>
<var name="${key}">name</var>
<status status="PASS" start="2024-04-05T18:17:02.408342" elapsed="0.002046"/>
</iter>
<iter>
<kw name="Dictionary Should Contain Key" owner="Collections">
<msg time="2024-04-05T18:17:02.411073" level="INFO">False</msg>
<arg>${json_data['results'][0]}</arg>
<arg>${key}</arg>
<doc>Fails if ``key`` is not found from ``dictionary``.</doc>
<status status="PASS" start="2024-04-05T18:17:02.410696" elapsed="0.000416"/>
</kw>
<kw name="Log" owner="BuiltIn">
<msg time="2024-04-05T18:17:02.411792" level="INFO">{'gender': 'male', 'name': {'title': 'Mr', 'first': 'Murat', 'last': 'Türkdoğan'}, 'location': {'street': {'number': 8224, 'name': 'Istiklal Cd'}, 'city': 'Uşak', 'state': 'Antalya', 'country': 'Turkey', 'postcode': 29115, 'coordinates': {'latitude': '67.8903', 'longitude': '-15.4038'}, 'timezone': {'offset': '+9:30', 'description': 'Adelaide, Darwin'}}, 'email': 'murat.turkdogan@example.com', 'login': {'uuid': 'bded7c13-b658-42e3-9117-e67b04279a08', 'username': 'beautifulkoala892', 'password': 'adam12', 'salt': 'TzvFi6l2', 'md5': '4af0e7ec954b3502e1c1412d6044f9bc', 'sha1': 'e98ef3eebda3300c509d072df67d1fd770896baa', 'sha256': '607aa2f0283e0abd6eb251403f6aed8383dd879f32e626019300957fb5881f75'}, 'dob': {'date': '1969-03-15T09:16:09.181Z', 'age': 55}, 'registered': {'date': '2011-09-17T14:51:28.533Z', 'age': 12}, 'phone': '(021)-466-0585', 'cell': '(596)-615-3439', 'id': {'name': '', 'value': None}, 'picture': {'large': 'https://randomuser.me/api/portraits/men/73.jpg', 'medium': 'https://randomuser.me/api/portraits/med/men/73.jpg', 'thumbnail': 'https://randomuser.me/api/portraits/thumb/men/73.jpg'}, 'nat': 'TR'}</msg>
<arg>${json_data['results'][0]}</arg>
<doc>Logs the given message with the given level.</doc>
<status status="PASS" start="2024-04-05T18:17:02.411416" elapsed="0.000432"/>
</kw>
<kw name="Log" owner="BuiltIn">
<msg time="2024-04-05T18:17:02.412275" level="INFO">location</msg>
<arg>${key}</arg>
<doc>Logs the given message with the given level.</doc>
<status status="PASS" start="2024-04-05T18:17:02.412146" elapsed="0.000168"/>
</kw>
<var name="${key}">location</var>
<status status="PASS" start="2024-04-05T18:17:02.410582" elapsed="0.001953"/>
</iter>
<iter>
<kw name="Dictionary Should Contain Key" owner="Collections">
<msg time="2024-04-05T18:17:02.413202" level="INFO">False</msg>
<arg>${json_data['results'][0]}</arg>
<arg>${key}</arg>
<doc>Fails if ``key`` is not found from ``dictionary``.</doc>
<status status="PASS" start="2024-04-05T18:17:02.412824" elapsed="0.000416"/>
</kw>
<kw name="Log" owner="BuiltIn">
<msg time="2024-04-05T18:17:02.413908" level="INFO">{'gender': 'male', 'name': {'title': 'Mr', 'first': 'Murat', 'last': 'Türkdoğan'}, 'location': {'street': {'number': 8224, 'name': 'Istiklal Cd'}, 'city': 'Uşak', 'state': 'Antalya', 'country': 'Turkey', 'postcode': 29115, 'coordinates': {'latitude': '67.8903', 'longitude': '-15.4038'}, 'timezone': {'offset': '+9:30', 'description': 'Adelaide, Darwin'}}, 'email': 'murat.turkdogan@example.com', 'login': {'uuid': 'bded7c13-b658-42e3-9117-e67b04279a08', 'username': 'beautifulkoala892', 'password': 'adam12', 'salt': 'TzvFi6l2', 'md5': '4af0e7ec954b3502e1c1412d6044f9bc', 'sha1': 'e98ef3eebda3300c509d072df67d1fd770896baa', 'sha256': '607aa2f0283e0abd6eb251403f6aed8383dd879f32e626019300957fb5881f75'}, 'dob': {'date': '1969-03-15T09:16:09.181Z', 'age': 55}, 'registered': {'date': '2011-09-17T14:51:28.533Z', 'age': 12}, 'phone': '(021)-466-0585', 'cell': '(596)-615-3439', 'id': {'name': '', 'value': None}, 'picture': {'large': 'https://randomuser.me/api/portraits/men/73.jpg', 'medium': 'https://randomuser.me/api/portraits/med/men/73.jpg', 'thumbnail': 'https://randomuser.me/api/portraits/thumb/men/73.jpg'}, 'nat': 'TR'}</msg>
<arg>${json_data['results'][0]}</arg>
<doc>Logs the given message with the given level.</doc>
<status status="PASS" start="2024-04-05T18:17:02.413541" elapsed="0.000419"/>
</kw>
<kw name="Log" owner="BuiltIn">
<msg time="2024-04-05T18:17:02.414422" level="INFO">email</msg>
<arg>${key}</arg>
<doc>Logs the given message with the given level.</doc>
<status status="PASS" start="2024-04-05T18:17:02.414255" elapsed="0.000216"/>
</kw>
<var name="${key}">email</var>
<status status="PASS" start="2024-04-05T18:17:02.412710" elapsed="0.001986"/>
</iter>
<iter>
<kw name="Dictionary Should Contain Key" owner="Collections">
<msg time="2024-04-05T18:17:02.415387" level="INFO">False</msg>
<arg>${json_data['results'][0]}</arg>
<arg>${key}</arg>
<doc>Fails if ``key`` is not found from ``dictionary``.</doc>
<status status="PASS" start="2024-04-05T18:17:02.415001" elapsed="0.000424"/>
</kw>
<kw name="Log" owner="BuiltIn">
<msg time="2024-04-05T18:17:02.416095" level="INFO">{'gender': 'male', 'name': {'title': 'Mr', 'first': 'Murat', 'last': 'Türkdoğan'}, 'location': {'street': {'number': 8224, 'name': 'Istiklal Cd'}, 'city': 'Uşak', 'state': 'Antalya', 'country': 'Turkey', 'postcode': 29115, 'coordinates': {'latitude': '67.8903', 'longitude': '-15.4038'}, 'timezone': {'offset': '+9:30', 'description': 'Adelaide, Darwin'}}, 'email': 'murat.turkdogan@example.com', 'login': {'uuid': 'bded7c13-b658-42e3-9117-e67b04279a08', 'username': 'beautifulkoala892', 'password': 'adam12', 'salt': 'TzvFi6l2', 'md5': '4af0e7ec954b3502e1c1412d6044f9bc', 'sha1': 'e98ef3eebda3300c509d072df67d1fd770896baa', 'sha256': '607aa2f0283e0abd6eb251403f6aed8383dd879f32e626019300957fb5881f75'}, 'dob': {'date': '1969-03-15T09:16:09.181Z', 'age': 55}, 'registered': {'date': '2011-09-17T14:51:28.533Z', 'age': 12}, 'phone': '(021)-466-0585', 'cell': '(596)-615-3439', 'id': {'name': '', 'value': None}, 'picture': {'large': 'https://randomuser.me/api/portraits/men/73.jpg', 'medium': 'https://randomuser.me/api/portraits/med/men/73.jpg', 'thumbnail': 'https://randomuser.me/api/portraits/thumb/men/73.jpg'}, 'nat': 'TR'}</msg>
<arg>${json_data['results'][0]}</arg>
<doc>Logs the given message with the given level.</doc>
<status status="PASS" start="2024-04-05T18:17:02.415724" elapsed="0.000421"/>
</kw>
<kw name="Log" owner="BuiltIn">
<msg time="2024-04-05T18:17:02.416577" level="INFO">login</msg>
<arg>${key}</arg>
<doc>Logs the given message with the given level.</doc>
<status status="PASS" start="2024-04-05T18:17:02.416450" elapsed="0.000279"/>
</kw>
<var name="${key}">login</var>
<status status="PASS" start="2024-04-05T18:17:02.414872" elapsed="0.002090"/>
</iter>
<var>${key}</var>
<value>@{expected_keys}</value>
<status status="PASS" start="2024-04-05T18:17:02.405837" elapsed="0.011252"/>
</for>
<kw name="Create List" owner="BuiltIn">
<msg time="2024-04-05T18:17:02.417461" level="INFO">${expected_keysTwo} = ['username', 'password']</msg>
<var>${expected_keysTwo}</var>
<arg>username</arg>
<arg>password</arg>
<doc>Returns a list containing given items.</doc>
<status status="PASS" start="2024-04-05T18:17:02.417318" elapsed="0.000167"/>
</kw>
<for flavor="IN">
<iter>
<kw name="Dictionary Should Contain Key" owner="Collections">
<msg time="2024-04-05T18:17:02.418418" level="INFO">False</msg>
<arg>${json_data['results'][0]['login']}</arg>
<arg>${keyTwo}</arg>
<doc>Fails if ``key`` is not found from ``dictionary``.</doc>
<status status="PASS" start="2024-04-05T18:17:02.417994" elapsed="0.000464"/>
</kw>
<kw name="Dictionary Should Contain Key" owner="Collections">
<msg time="2024-04-05T18:17:02.419153" level="INFO">False</msg>
<arg>${json_data['results'][0]['login']}</arg>
<arg>${keyTwo}</arg>
<doc>Fails if ``key`` is not found from ``dictionary``.</doc>
<status status="PASS" start="2024-04-05T18:17:02.418769" elapsed="0.000421"/>
</kw>
<kw name="Log" owner="BuiltIn">
<msg time="2024-04-05T18:17:02.419616" level="INFO">username</msg>
<arg>${keyTwo}</arg>
<doc>Logs the given message with the given level.</doc>
<status status="PASS" start="2024-04-05T18:17:02.419487" elapsed="0.000167"/>
</kw>
<var name="${keyTwo}">username</var>
<status status="PASS" start="2024-04-05T18:17:02.417883" elapsed="0.001991"/>
</iter>
<iter>
<kw name="Dictionary Should Contain Key" owner="Collections">
<msg time="2024-04-05T18:17:02.420542" level="INFO">False</msg>
<arg>${json_data['results'][0]['login']}</arg>
<arg>${keyTwo}</arg>
<doc>Fails if ``key`` is not found from ``dictionary``.</doc>
<status status="PASS" start="2024-04-05T18:17:02.420161" elapsed="0.000420"/>
</kw>
<kw name="Dictionary Should Contain Key" owner="Collections">
<msg time="2024-04-05T18:17:02.421256" level="INFO">False</msg>
<arg>${json_data['results'][0]['login']}</arg>
<arg>${keyTwo}</arg>
<doc>Fails if ``key`` is not found from ``dictionary``.</doc>
<status status="PASS" start="2024-04-05T18:17:02.420877" elapsed="0.000417"/>
</kw>
<kw name="Log" owner="BuiltIn">
<msg time="2024-04-05T18:17:02.421718" level="INFO">password</msg>
<arg>${keyTwo}</arg>
<doc>Logs the given message with the given level.</doc>
<status status="PASS" start="2024-04-05T18:17:02.421589" elapsed="0.000168"/>
</kw>
<var name="${keyTwo}">password</var>
<status status="PASS" start="2024-04-05T18:17:02.420051" elapsed="0.001924"/>
</iter>
<var>${keyTwo}</var>
<value>@{expected_keysTwo}</value>
<status status="PASS" start="2024-04-05T18:17:02.417727" elapsed="0.004373"/>
</for>
<status status="PASS" start="2024-04-05T18:17:02.307167" elapsed="0.115081"/>
</kw>
<doc>Testa a estrutura da resposta da API.</doc>
<tag>testeEstruturaResposta</tag>
<status status="PASS" start="2024-04-05T18:17:02.306468" elapsed="0.115997"/>
</test>
<test id="s1-s1-t4" name="Validar tipos de dados" line="28">
<kw name="Teste de Tipos de Dados" owner="random-user-service">
<kw name="GET On Session" owner="RequestsLibrary">
<msg time="2024-04-05T18:17:02.512317" level="INFO">GET Request : url=https://randomuser.me/api 
 path_url=/api 
 headers={'User-Agent': 'python-requests/2.31.0', 'Accept-Encoding': 'gzip, deflate', 'Accept': '*/*', 'Connection': 'keep-alive'} 
 body=None 
 </msg>
<msg time="2024-04-05T18:17:02.512418" level="INFO">GET Response : url=https://randomuser.me/api 
 status=200, reason=OK 
 headers={'Date': 'Fri, 05 Apr 2024 18:17:02 GMT', 'Content-Type': 'application/json; charset=utf-8', 'Transfer-Encoding': 'chunked', 'Connection': 'keep-alive', 'X-Powered-By': 'Express', 'Access-Control-Allow-Origin': '*', 'Cache-Control': 'no-cache', 'ETag': 'W/"4ae-dLIsoCP6hcMmSqoaiTUTmq1I/ro"', 'Vary': 'Accept-Encoding', 'Content-Encoding': 'gzip', 'CF-Cache-Status': 'DYNAMIC', 'Report-To': '{"endpoints":[{"url":"https:\\/\\/a.nel.cloudflare.com\\/report\\/v4?s=%2B4ELCd%2BvdfNs%2FQDNrr5IL196JK6MRkVa6SSXnYqwKfnbbMi6R2pFMpFm71tKZzPIKwOA7onMyxg%2FsOvB%2FmaB%2FpPaKvyOKU8InzwW%2FRTUcih%2FutPgF%2BZkp5UqSCItgMv8"}],"group":"cf-nel","max_age":604800}', 'NEL': '{"success_fraction":0,"report_to":"cf-nel","max_age":604800}', 'Server': 'cloudflare', 'CF-RAY': '86fb885e2a6c22ba-SJC', 'alt-svc': 'h3=":443"; ma=86400'} 
 body={"results":[{"gender":"male","name":{"title":"Mr","first":"Brajan","last":"Jovanović"},"location":{"street":{"number":9732,"name":"Milice Stojadinović Srpkinje "},"city":"Aleksandrovac","state":"North Bačka","country":"Serbia","postcode":99155,"coordinates":{"latitude":"62.9465","longitude":"-110.2880"},"timezone":{"offset":"+9:00","description":"Tokyo, Seoul, Osaka, Sapporo, Yakutsk"}},"email":"brajan.jovanovic@example.com","login":{"uuid":"14df807f-d061-4515-bb46-82dcc391ff03","username":"crazygorilla578","password":"reagan","salt":"ZdzevgwR","md5":"cf7a05d39832b8703d6ebb5e05fd77ec","sha1":"c0863c451b1f0a47f1bb3002f94dc85aee9facba","sha256":"b5f6eb1e9c425c1b267dca583f3d87db4bcc16692b61c32b6a4b209326bccd81"},"dob":{"date":"1952-04-27T06:54:14.036Z","age":71},"registered":{"date":"2019-04-05T07:41:18.757Z","age":5},"phone":"032-6099-019","cell":"061-8549-037","id":{"name":"SID","value":"756580331"},"picture":{"large":"https://randomuser.me/api/portraits/men/76.jpg","medium":"https://randomuser.me/api/portraits/med/men/76.jpg","thumbnail":"https://randomuser.me/api/portraits/thumb/men/76.jpg"},"nat":"RS"}],"info":{"seed":"dab8fe7fc35728af","results":1,"page":1,"version":"1.4"}} 
 </msg>
<msg time="2024-04-05T18:17:02.512491" level="INFO">/opt/hostedtoolcache/Python/3.12.2/x64/lib/python3.12/site-packages/urllib3/connectionpool.py:1103: InsecureRequestWarning: Unverified HTTPS request is being made to host 'randomuser.me'. Adding certificate verification is strongly advised. See: https://urllib3.readthedocs.io/en/latest/advanced-usage.html#tls-warnings
  warnings.warn(</msg>
<msg time="2024-04-05T18:17:02.512618" level="INFO">${response} = &lt;Response [200]&gt;</msg>
<var>${response}</var>
<arg>consultarAPI</arg>
<arg>/api</arg>
<doc>Sends a GET request on a previously created HTTP Session.</doc>
<status status="PASS" start="2024-04-05T18:17:02.425070" elapsed="0.087590"/>
</kw>
<kw name="Set Variable" owner="BuiltIn">
<msg time="2024-04-05T18:17:02.513848" level="INFO">${json_data} = {'results': [{'gender': 'male', 'name': {'title': 'Mr', 'first': 'Brajan', 'last': 'Jovanović'}, 'location': {'street': {'number': 9732, 'name': 'Milice Stojadinović Srpkinje '}, 'city': 'Aleksandrova...</msg>
<var>${json_data}</var>
<arg>${response.json()}</arg>
<doc>Returns the given values which can then be assigned to a variables.</doc>
<status status="PASS" start="2024-04-05T18:17:02.513294" elapsed="0.000585"/>
</kw>
<kw name="Log" owner="BuiltIn">
<msg time="2024-04-05T18:17:02.514416" level="INFO">{'results': [{'gender': 'male', 'name': {'title': 'Mr', 'first': 'Brajan', 'last': 'Jovanović'}, 'location': {'street': {'number': 9732, 'name': 'Milice Stojadinović Srpkinje '}, 'city': 'Aleksandrovac', 'state': 'North Bačka', 'country': 'Serbia', 'postcode': 99155, 'coordinates': {'latitude': '62.9465', 'longitude': '-110.2880'}, 'timezone': {'offset': '+9:00', 'description': 'Tokyo, Seoul, Osaka, Sapporo, Yakutsk'}}, 'email': 'brajan.jovanovic@example.com', 'login': {'uuid': '14df807f-d061-4515-bb46-82dcc391ff03', 'username': 'crazygorilla578', 'password': 'reagan', 'salt': 'ZdzevgwR', 'md5': 'cf7a05d39832b8703d6ebb5e05fd77ec', 'sha1': 'c0863c451b1f0a47f1bb3002f94dc85aee9facba', 'sha256': 'b5f6eb1e9c425c1b267dca583f3d87db4bcc16692b61c32b6a4b209326bccd81'}, 'dob': {'date': '1952-04-27T06:54:14.036Z', 'age': 71}, 'registered': {'date': '2019-04-05T07:41:18.757Z', 'age': 5}, 'phone': '032-6099-019', 'cell': '061-8549-037', 'id': {'name': 'SID', 'value': '756580331'}, 'picture': {'large': 'https://randomuser.me/api/portraits/men/76.jpg', 'medium': 'https://randomuser.me/api/portraits/med/men/76.jpg', 'thumbnail': 'https://randomuser.me/api/portraits/thumb/men/76.jpg'}, 'nat': 'RS'}], 'info': {'seed': 'dab8fe7fc35728af', 'results': 1, 'page': 1, 'version': '1.4'}}</msg>
<arg>${json_data}</arg>
<doc>Logs the given message with the given level.</doc>
<status status="PASS" start="2024-04-05T18:17:02.514201" elapsed="0.000309"/>
</kw>
<kw name="Should Be String" owner="String">
<arg>${json_data['results'][0]['gender']}</arg>
<doc>Fails if the given ``item`` is not a string.</doc>
<status status="PASS" start="2024-04-05T18:17:02.514824" elapsed="0.000370"/>
</kw>
<kw name="Should Match Regexp" owner="BuiltIn">
<arg>${json_data['results'][0]['email']}</arg>
<arg>^[a-zA-Z0-9._%+-]+@[a-zA-Z0-9.-]+\.[a-zA-Z]{2,}$</arg>
<doc>Fails if ``string`` does not match ``pattern`` as a regular expression.</doc>
<status status="PASS" start="2024-04-05T18:17:02.515391" elapsed="0.000522"/>
</kw>
<kw name="Should Match Regexp" owner="BuiltIn">
<arg>${json_data['results'][0]['dob']['date']}</arg>
<arg>\\d{4}-\\d{2}-\\d{2}T\\d{2}:\\d{2}:\\d{2}\\.\\d{3}Z</arg>
<doc>Fails if ``string`` does not match ``pattern`` as a regular expression.</doc>
<status status="PASS" start="2024-04-05T18:17:02.516110" elapsed="0.000526"/>
</kw>
<kw name="Should Match Regexp" owner="BuiltIn">
<arg>${json_data['results'][0]['registered']['date']}</arg>
<arg>\\d{4}-\\d{2}-\\d{2}T\\d{2}:\\d{2}:\\d{2}\\.\\d{3}Z</arg>
<doc>Fails if ``string`` does not match ``pattern`` as a regular expression.</doc>
<status status="PASS" start="2024-04-05T18:17:02.516836" elapsed="0.000374"/>
</kw>
<kw name="Should Match Regexp" owner="BuiltIn">
<arg>${json_data['results'][0]['picture']['large']}</arg>
<arg>^https?://.*\.(?:png|jpe?g|gif|bmp)$</arg>
<doc>Fails if ``string`` does not match ``pattern`` as a regular expression.</doc>
<status status="PASS" start="2024-04-05T18:17:02.517402" elapsed="0.000459"/>
</kw>
<kw name="Should Match Regexp" owner="BuiltIn">
<arg>${json_data['results'][0]['picture']['medium']}</arg>
<arg>^https?://.*\.(?:png|jpe?g|gif|bmp)$</arg>
<doc>Fails if ``string`` does not match ``pattern`` as a regular expression.</doc>
<status status="PASS" start="2024-04-05T18:17:02.518079" elapsed="0.000387"/>
</kw>
<kw name="Should Match Regexp" owner="BuiltIn">
<arg>${json_data['results'][0]['picture']['thumbnail']}</arg>
<arg>^https?://.*\.(?:png|jpe?g|gif|bmp)$</arg>
<doc>Fails if ``string`` does not match ``pattern`` as a regular expression.</doc>
<status status="PASS" start="2024-04-05T18:17:02.518658" elapsed="0.000362"/>
</kw>
<kw name="Log" owner="BuiltIn">
<msg time="2024-04-05T18:17:02.519535" level="INFO">{'large': 'https://randomuser.me/api/portraits/men/76.jpg', 'medium': 'https://randomuser.me/api/portraits/med/men/76.jpg', 'thumbnail': 'https://randomuser.me/api/portraits/thumb/men/76.jpg'}</msg>
<arg>${json_data['results'][0]['picture']}</arg>
<doc>Logs the given message with the given level.</doc>
<status status="PASS" start="2024-04-05T18:17:02.519205" elapsed="0.000372"/>
</kw>
<status status="PASS" start="2024-04-05T18:17:02.424831" elapsed="0.095008"/>
</kw>
<kw name="Teste de Tipos de Dados - Postcode" owner="random-user-service">
<kw name="GET On Session" owner="RequestsLibrary">
<msg time="2024-04-05T18:17:02.614576" level="INFO">GET Request : url=https://randomuser.me/api 
 path_url=/api 
 headers={'User-Agent': 'python-requests/2.31.0', 'Accept-Encoding': 'gzip, deflate', 'Accept': '*/*', 'Connection': 'keep-alive'} 
 body=None 
 </msg>
<msg time="2024-04-05T18:17:02.614668" level="INFO">GET Response : url=https://randomuser.me/api 
 status=200, reason=OK 
 headers={'Date': 'Fri, 05 Apr 2024 18:17:02 GMT', 'Content-Type': 'application/json; charset=utf-8', 'Transfer-Encoding': 'chunked', 'Connection': 'keep-alive', 'X-Powered-By': 'Express', 'Access-Control-Allow-Origin': '*', 'Cache-Control': 'no-cache', 'ETag': 'W/"48a-AZMxPblm0wnJzHeygvW22NqMtNY"', 'Vary': 'Accept-Encoding', 'Content-Encoding': 'gzip', 'CF-Cache-Status': 'DYNAMIC', 'Report-To': '{"endpoints":[{"url":"https:\\/\\/a.nel.cloudflare.com\\/report\\/v4?s=mfNS%2B%2Fi6J7ZK9vzNt7pZUbkB%2Bp0L4EqT%2FcO%2F72b9uG1MH%2BaLjcEyLUMUtzHvJO%2FHBlDAX7%2FGy%2F2lAxKD7YFy3gIpt7A79NIUtBH%2Bz%2FyR8fxGW34JeRmkypU3DdhP9pjt"}],"group":"cf-nel","max_age":604800}', 'NEL': '{"success_fraction":0,"report_to":"cf-nel","max_age":604800}', 'Server': 'cloudflare', 'CF-RAY': '86fb885ecb1222ba-SJC', 'alt-svc': 'h3=":443"; ma=86400'} 
 body={"results":[{"gender":"female","name":{"title":"Mrs","first":"Gail","last":"Taylor"},"location":{"street":{"number":3433,"name":"W Sherman Dr"},"city":"Albany","state":"Western Australia","country":"Australia","postcode":5025,"coordinates":{"latitude":"-89.2919","longitude":"11.3127"},"timezone":{"offset":"+2:00","description":"Kaliningrad, South Africa"}},"email":"gail.taylor@example.com","login":{"uuid":"5ea85e0f-63a4-4dd5-b467-5455f0d32227","username":"heavygoose332","password":"gigi","salt":"oQs2YuDs","md5":"530c81fb6ec903702f28a1b2b2652ef5","sha1":"76f868183f16faeb4bc835a809e08c9e1d270809","sha256":"540d0aa7b10f492be91dd3b8a487164dad01b8b597c572fd23f57e18b0716794"},"dob":{"date":"1965-10-30T20:46:31.363Z","age":58},"registered":{"date":"2009-07-05T04:58:24.995Z","age":14},"phone":"00-8211-1487","cell":"0439-130-686","id":{"name":"TFN","value":"199210453"},"picture":{"large":"https://randomuser.me/api/portraits/women/93.jpg","medium":"https://randomuser.me/api/portraits/med/women/93.jpg","thumbnail":"https://randomuser.me/api/portraits/thumb/women/93.jpg"},"nat":"AU"}],"info":{"seed":"664be4c77f10bb1c","results":1,"page":1,"version":"1.4"}} 
 </msg>
<msg time="2024-04-05T18:17:02.614751" level="INFO">/opt/hostedtoolcache/Python/3.12.2/x64/lib/python3.12/site-packages/urllib3/connectionpool.py:1103: InsecureRequestWarning: Unverified HTTPS request is being made to host 'randomuser.me'. Adding certificate verification is strongly advised. See: https://urllib3.readthedocs.io/en/latest/advanced-usage.html#tls-warnings
  warnings.warn(</msg>
<msg time="2024-04-05T18:17:02.614870" level="INFO">${response} = &lt;Response [200]&gt;</msg>
<var>${response}</var>
<arg>consultarAPI</arg>
<arg>/api</arg>
<doc>Sends a GET request on a previously created HTTP Session.</doc>
<status status="PASS" start="2024-04-05T18:17:02.520466" elapsed="0.094446"/>
</kw>
<kw name="Set Variable" owner="BuiltIn">
<msg time="2024-04-05T18:17:02.616086" level="INFO">${json_data} = {'results': [{'gender': 'female', 'name': {'title': 'Mrs', 'first': 'Gail', 'last': 'Taylor'}, 'location': {'street': {'number': 3433, 'name': 'W Sherman Dr'}, 'city': 'Albany', 'state': 'Western Aust...</msg>
<var>${json_data}</var>
<arg>${response.json()}</arg>
<doc>Returns the given values which can then be assigned to a variables.</doc>
<status status="PASS" start="2024-04-05T18:17:02.615522" elapsed="0.000593"/>
</kw>
<kw name="Log" owner="BuiltIn">
<msg time="2024-04-05T18:17:02.616584" level="INFO">{'results': [{'gender': 'female', 'name': {'title': 'Mrs', 'first': 'Gail', 'last': 'Taylor'}, 'location': {'street': {'number': 3433, 'name': 'W Sherman Dr'}, 'city': 'Albany', 'state': 'Western Australia', 'country': 'Australia', 'postcode': 5025, 'coordinates': {'latitude': '-89.2919', 'longitude': '11.3127'}, 'timezone': {'offset': '+2:00', 'description': 'Kaliningrad, South Africa'}}, 'email': 'gail.taylor@example.com', 'login': {'uuid': '5ea85e0f-63a4-4dd5-b467-5455f0d32227', 'username': 'heavygoose332', 'password': 'gigi', 'salt': 'oQs2YuDs', 'md5': '530c81fb6ec903702f28a1b2b2652ef5', 'sha1': '76f868183f16faeb4bc835a809e08c9e1d270809', 'sha256': '540d0aa7b10f492be91dd3b8a487164dad01b8b597c572fd23f57e18b0716794'}, 'dob': {'date': '1965-10-30T20:46:31.363Z', 'age': 58}, 'registered': {'date': '2009-07-05T04:58:24.995Z', 'age': 14}, 'phone': '00-8211-1487', 'cell': '0439-130-686', 'id': {'name': 'TFN', 'value': '199210453'}, 'picture': {'large': 'https://randomuser.me/api/portraits/women/93.jpg', 'medium': 'https://randomuser.me/api/portraits/med/women/93.jpg', 'thumbnail': 'https://randomuser.me/api/portraits/thumb/women/93.jpg'}, 'nat': 'AU'}], 'info': {'seed': '664be4c77f10bb1c', 'results': 1, 'page': 1, 'version': '1.4'}}</msg>
<arg>${json_data}</arg>
<doc>Logs the given message with the given level.</doc>
<status status="PASS" start="2024-04-05T18:17:02.616426" elapsed="0.000243"/>
</kw>
<kw name="Should Be Equal As Numbers" owner="BuiltIn">
<arg>${json_data['results'][0]['location']['postcode']}</arg>
<arg>${json_data['results'][0]['location']['postcode']}</arg>
<doc>Fails if objects are unequal after converting them to real numbers.</doc>
<status status="PASS" start="2024-04-05T18:17:02.616979" elapsed="0.000632"/>
</kw>
<kw name="Log" owner="BuiltIn">
<msg time="2024-04-05T18:17:02.618143" level="INFO">5025</msg>
<arg>${json_data['results'][0]['location']['postcode']}</arg>
<doc>Logs the given message with the given level.</doc>
<status status="PASS" start="2024-04-05T18:17:02.617805" elapsed="0.000380"/>
</kw>
<status status="PASS" start="2024-04-05T18:17:02.520075" elapsed="0.098408"/>
</kw>
<doc>Testa se os tipos de dados na resposta da API estão corretos.</doc>
<tag>testeTiposDados</tag>
<status status="PASS" start="2024-04-05T18:17:02.424267" elapsed="0.194397"/>
</test>
<test id="s1-s1-t5" name="Validar conteudo" line="35">
<kw name="Teste de Tipos de Conteudo" owner="random-user-service">
<kw name="GET On Session" owner="RequestsLibrary">
<msg time="2024-04-05T18:17:02.720562" level="INFO">GET Request : url=https://randomuser.me/api 
 path_url=/api 
 headers={'User-Agent': 'python-requests/2.31.0', 'Accept-Encoding': 'gzip, deflate', 'Accept': '*/*', 'Connection': 'keep-alive'} 
 body=None 
 </msg>
<msg time="2024-04-05T18:17:02.720686" level="INFO">GET Response : url=https://randomuser.me/api 
 status=200, reason=OK 
 headers={'Date': 'Fri, 05 Apr 2024 18:17:02 GMT', 'Content-Type': 'application/json; charset=utf-8', 'Transfer-Encoding': 'chunked', 'Connection': 'keep-alive', 'X-Powered-By': 'Express', 'Access-Control-Allow-Origin': '*', 'Cache-Control': 'no-cache', 'ETag': 'W/"487-7mMlqMB/LHvdgWMWCxxyCSUJl+g"', 'Vary': 'Accept-Encoding', 'Content-Encoding': 'gzip', 'CF-Cache-Status': 'DYNAMIC', 'Report-To': '{"endpoints":[{"url":"https:\\/\\/a.nel.cloudflare.com\\/report\\/v4?s=f83CCGUCq7udEwnkduLD7QkpungfV2UaSD2cXgc3yq16LfKLj7FTb%2F1Q%2B6pTC7b%2BhgN8tbmxlablkr8TEQdY7IwwIVcow%2B7bjNH1asnbU3H4wthWOwcsKxpwQ%2BQtiIYr"}],"group":"cf-nel","max_age":604800}', 'NEL': '{"success_fraction":0,"report_to":"cf-nel","max_age":604800}', 'Server': 'cloudflare', 'CF-RAY': '86fb885f6baa22ba-SJC', 'alt-svc': 'h3=":443"; ma=86400'} 
 body={"results":[{"gender":"male","name":{"title":"Mr","first":"Dário","last":"Ribeiro"},"location":{"street":{"number":3392,"name":"Rua São José "},"city":"Jequié","state":"Ceará","country":"Brazil","postcode":29586,"coordinates":{"latitude":"-81.1612","longitude":"-10.5624"},"timezone":{"offset":"+2:00","description":"Kaliningrad, South Africa"}},"email":"dario.ribeiro@example.com","login":{"uuid":"4d85c733-6292-4d68-86ac-33319df798db","username":"redrabbit278","password":"green123","salt":"xjMk2zFd","md5":"ce2c1f230fa42ec52d7ac365d60f1488","sha1":"7ae5743a26bcab553cb8914eac4753df24d1e4e7","sha256":"eaae405e78decfd076e8140911ea0f4c12f4bfef89982097dc57c99b4fb44806"},"dob":{"date":"1955-11-12T08:38:21.673Z","age":68},"registered":{"date":"2006-12-30T20:41:22.670Z","age":17},"phone":"(58) 9455-8619","cell":"(52) 5412-2668","id":{"name":"CPF","value":"156.752.770-15"},"picture":{"large":"https://randomuser.me/api/portraits/men/6.jpg","medium":"https://randomuser.me/api/portraits/med/men/6.jpg","thumbnail":"https://randomuser.me/api/portraits/thumb/men/6.jpg"},"nat":"BR"}],"info":{"seed":"6bd2cd110ec311d5","results":1,"page":1,"version":"1.4"}} 
 </msg>
<msg time="2024-04-05T18:17:02.720762" level="INFO">/opt/hostedtoolcache/Python/3.12.2/x64/lib/python3.12/site-packages/urllib3/connectionpool.py:1103: InsecureRequestWarning: Unverified HTTPS request is being made to host 'randomuser.me'. Adding certificate verification is strongly advised. See: https://urllib3.readthedocs.io/en/latest/advanced-usage.html#tls-warnings
  warnings.warn(</msg>
<msg time="2024-04-05T18:17:02.720904" level="INFO">${response} = &lt;Response [200]&gt;</msg>
<var>${response}</var>
<arg>consultarAPI</arg>
<arg>/api</arg>
<doc>Sends a GET request on a previously created HTTP Session.</doc>
<status status="PASS" start="2024-04-05T18:17:02.621226" elapsed="0.099718"/>
</kw>
<kw name="Set Variable" owner="BuiltIn">
<msg time="2024-04-05T18:17:02.722288" level="INFO">${json_data} = {'results': [{'gender': 'male', 'name': {'title': 'Mr', 'first': 'Dário', 'last': 'Ribeiro'}, 'location': {'street': {'number': 3392, 'name': 'Rua São José '}, 'city': 'Jequié', 'state': 'Ceará', 'cou...</msg>
<var>${json_data}</var>
<arg>${response.json()}</arg>
<doc>Returns the given values which can then be assigned to a variables.</doc>
<status status="PASS" start="2024-04-05T18:17:02.721717" elapsed="0.000600"/>
</kw>
<kw name="Set Variable" owner="BuiltIn">
<msg time="2024-04-05T18:17:02.723067" level="INFO">${name_title} = Mr</msg>
<var>${name_title}</var>
<arg>${json_data["results"][0]["name"]["title"]}</arg>
<doc>Returns the given values which can then be assigned to a variables.</doc>
<status status="PASS" start="2024-04-05T18:17:02.722678" elapsed="0.000414"/>
</kw>
<kw name="Create List" owner="BuiltIn">
<msg time="2024-04-05T18:17:02.723588" level="INFO">${allowed_titles} = ['Mr', 'Ms', 'Miss', 'Mrs', 'Madame', 'Monsieur']</msg>
<var>${allowed_titles}</var>
<arg>Mr</arg>
<arg>Ms</arg>
<arg>Miss</arg>
<arg>Mrs</arg>
<arg>Madame</arg>
<arg>Monsieur</arg>
<doc>Returns a list containing given items.</doc>
<status status="PASS" start="2024-04-05T18:17:02.723400" elapsed="0.000225"/>
</kw>
<kw name="List Should Contain Value" owner="Collections">
<msg time="2024-04-05T18:17:02.724267" level="INFO">False</msg>
<arg>${allowed_titles}</arg>
<arg>${name_title}</arg>
<doc>Fails if the ``value`` is not found from ``list``.</doc>
<status status="PASS" start="2024-04-05T18:17:02.724081" elapsed="0.000225"/>
</kw>
<kw name="Set Variable" owner="BuiltIn">
<msg time="2024-04-05T18:17:02.724996" level="INFO">${name_country} = BR</msg>
<var>${name_country}</var>
<arg>${json_data["results"][0]["nat"]}</arg>
<doc>Returns the given values which can then be assigned to a variables.</doc>
<status status="PASS" start="2024-04-05T18:17:02.724608" elapsed="0.000413"/>
</kw>
<kw name="Create List" owner="BuiltIn">
<msg time="2024-04-05T18:17:02.725942" level="INFO">${list_country} = ['AD', 'AE', 'AF', 'AG', 'AI', 'AL', 'AM', 'AO', 'AQ', 'AR', 'AS', 'AT', 'AU', 'AW', 'AX', 'AZ', 'BA', 'BB', 'BD', 'BE', 'BF', 'BG', 'BH', 'BI', 'BJ', 'BL', 'BM', 'BN', 'BO', 'BQ', 'BR', 'BS', 'BT', '...</msg>
<var>${list_country}</var>
<arg>AD</arg>
<arg>AE</arg>
<arg>AF</arg>
<arg>AG</arg>
<arg>AI</arg>
<arg>AL</arg>
<arg>AM</arg>
<arg>AO</arg>
<arg>AQ</arg>
<arg>AR</arg>
<arg>AS</arg>
<arg>AT</arg>
<arg>AU</arg>
<arg>AW</arg>
<arg>AX</arg>
<arg>AZ</arg>
<arg>BA</arg>
<arg>BB</arg>
<arg>BD</arg>
<arg>BE</arg>
<arg>BF</arg>
<arg>BG</arg>
<arg>BH</arg>
<arg>BI</arg>
<arg>BJ</arg>
<arg>BL</arg>
<arg>BM</arg>
<arg>BN</arg>
<arg>BO</arg>
<arg>BQ</arg>
<arg>BR</arg>
<arg>BS</arg>
<arg>BT</arg>
<arg>BV</arg>
<arg>BW</arg>
<arg>BY</arg>
<arg>BZ</arg>
<arg>CA</arg>
<arg>CC</arg>
<arg>CD</arg>
<arg>CF</arg>
<arg>CG</arg>
<arg>CH</arg>
<arg>CI</arg>
<arg>CK</arg>
<arg>CL</arg>
<arg>CM</arg>
<arg>CN</arg>
<arg>CO</arg>
<arg>CR</arg>
<arg>CU</arg>
<arg>CV</arg>
<arg>CW</arg>
<arg>CX</arg>
<arg>CY</arg>
<arg>CZ</arg>
<arg>DE</arg>
<arg>DJ</arg>
<arg>DK</arg>
<arg>DM</arg>
<arg>DO</arg>
<arg>DZ</arg>
<arg>EC</arg>
<arg>EE</arg>
<arg>EG</arg>
<arg>EH</arg>
<arg>ER</arg>
<arg>ES</arg>
<arg>ET</arg>
<arg>FI</arg>
<arg>FJ</arg>
<arg>FK</arg>
<arg>FM</arg>
<arg>FO</arg>
<arg>FR</arg>
<arg>GA</arg>
<arg>GB</arg>
<arg>GD</arg>
<arg>GE</arg>
<arg>GF</arg>
<arg>GG</arg>
<arg>GH</arg>
<arg>GI</arg>
<arg>GL</arg>
<arg>GM</arg>
<arg>GN</arg>
<arg>GP</arg>
<arg>GQ</arg>
<arg>GR</arg>
<arg>GS</arg>
<arg>GT</arg>
<arg>GU</arg>
<arg>GW</arg>
<arg>GY</arg>
<arg>HK</arg>
<arg>HM</arg>
<arg>HN</arg>
<arg>HR</arg>
<arg>HT</arg>
<arg>HU</arg>
<arg>ID</arg>
<arg>IE</arg>
<arg>IL</arg>
<arg>IM</arg>
<arg>IN</arg>
<arg>IO</arg>
<arg>IQ</arg>
<arg>IR</arg>
<arg>IS</arg>
<arg>IT</arg>
<arg>JE</arg>
<arg>JM</arg>
<arg>JO</arg>
<arg>JP</arg>
<arg>KE</arg>
<arg>KG</arg>
<arg>KH</arg>
<arg>KI</arg>
<arg>KM</arg>
<arg>KN</arg>
<arg>KP</arg>
<arg>KR</arg>
<arg>KW</arg>
<arg>KY</arg>
<arg>KZ</arg>
<arg>LA</arg>
<arg>LB</arg>
<arg>LC</arg>
<arg>LI</arg>
<arg>LK</arg>
<arg>LR</arg>
<arg>LS</arg>
<arg>LT</arg>
<arg>LU</arg>
<arg>LV</arg>
<arg>LY</arg>
<arg>MA</arg>
<arg>MC</arg>
<arg>MD</arg>
<arg>ME</arg>
<arg>MF</arg>
<arg>MG</arg>
<arg>MH</arg>
<arg>MK</arg>
<arg>ML</arg>
<arg>MM</arg>
<arg>MN</arg>
<arg>MO</arg>
<arg>MP</arg>
<arg>MQ</arg>
<arg>MR</arg>
<arg>MS</arg>
<arg>MT</arg>
<arg>MU</arg>
<arg>MV</arg>
<arg>MW</arg>
<arg>MX</arg>
<arg>MY</arg>
<arg>MZ</arg>
<arg>NA</arg>
<arg>NC</arg>
<arg>NE</arg>
<arg>NF</arg>
<arg>NG</arg>
<arg>NI</arg>
<arg>NL</arg>
<arg>NO</arg>
<arg>NP</arg>
<arg>NR</arg>
<arg>NU</arg>
<arg>NZ</arg>
<arg>OM</arg>
<arg>PA</arg>
<arg>PE</arg>
<arg>PF</arg>
<arg>PG</arg>
<arg>PH</arg>
<arg>PK</arg>
<arg>PL</arg>
<arg>PM</arg>
<arg>PN</arg>
<arg>PR</arg>
<arg>PS</arg>
<arg>PT</arg>
<arg>PW</arg>
<arg>PY</arg>
<arg>QA</arg>
<arg>RE</arg>
<arg>RO</arg>
<arg>RS</arg>
<arg>RU</arg>
<arg>RW</arg>
<arg>SA</arg>
<arg>SB</arg>
<arg>SC</arg>
<arg>SD</arg>
<arg>SE</arg>
<arg>SG</arg>
<arg>SH</arg>
<arg>SI</arg>
<arg>SJ</arg>
<arg>SK</arg>
<arg>SL</arg>
<arg>SM</arg>
<arg>SN</arg>
<arg>SO</arg>
<arg>SR</arg>
<arg>SS</arg>
<arg>ST</arg>
<arg>SV</arg>
<arg>SX</arg>
<arg>SY</arg>
<arg>SZ</arg>
<arg>TC</arg>
<arg>TD</arg>
<arg>TF</arg>
<arg>TG</arg>
<arg>TH</arg>
<arg>TJ</arg>
<arg>TK</arg>
<arg>TL</arg>
<arg>TM</arg>
<arg>TN</arg>
<arg>TO</arg>
<arg>TR</arg>
<arg>TT</arg>
<arg>TV</arg>
<arg>TW</arg>
<arg>TZ</arg>
<arg>UA</arg>
<arg>UG</arg>
<arg>UM</arg>
<arg>US</arg>
<arg>UY</arg>
<arg>UZ</arg>
<arg>VA</arg>
<arg>VC</arg>
<arg>VE</arg>
<arg>VG</arg>
<arg>VI</arg>
<arg>VN</arg>
<arg>VU</arg>
<arg>WF</arg>
<arg>WS</arg>
<arg>XK</arg>
<arg>YE</arg>
<arg>YT</arg>
<arg>ZA</arg>
<arg>ZM</arg>
<arg>ZW</arg>
<doc>Returns a list containing given items.</doc>
<status status="PASS" start="2024-04-05T18:17:02.725334" elapsed="0.000634"/>
</kw>
<kw name="List Should Contain Value" owner="Collections">
<msg time="2024-04-05T18:17:02.727162" level="INFO">False</msg>
<arg>${list_country}</arg>
<arg>${name_country}</arg>
<doc>Fails if the ``value`` is not found from ``list``.</doc>
<status status="PASS" start="2024-04-05T18:17:02.726954" elapsed="0.000248"/>
</kw>
<kw name="Run Keyword If" owner="BuiltIn">
<kw name="Should Be True" owner="BuiltIn">
<arg>${True}</arg>
<doc>Fails if the given condition is not true.</doc>
<status status="PASS" start="2024-04-05T18:17:02.728314" elapsed="0.000148"/>
</kw>
<arg>${json_data["results"][0]["location"]["coordinates"]["latitude"]} &gt;= -90 and ${json_data["results"][0]["location"]["coordinates"]["latitude"]} &lt;= 90</arg>
<arg>Should Be True</arg>
<arg>${True}</arg>
<doc>Runs the given keyword with the given arguments, if ``condition`` is true.</doc>
<status status="PASS" start="2024-04-05T18:17:02.727532" elapsed="0.001059"/>
</kw>
<kw name="Run Keyword If" owner="BuiltIn">
<kw name="Should Be True" owner="BuiltIn">
<arg>${True}</arg>
<doc>Fails if the given condition is not true.</doc>
<status status="PASS" start="2024-04-05T18:17:02.729490" elapsed="0.000141"/>
</kw>
<arg>${json_data["results"][0]["location"]["coordinates"]["longitude"]} &gt;= -180 and ${json_data["results"][0]["location"]["coordinates"]["longitude"]} &lt;= 180</arg>
<arg>Should Be True</arg>
<arg>${True}</arg>
<doc>Runs the given keyword with the given arguments, if ``condition`` is true.</doc>
<status status="PASS" start="2024-04-05T18:17:02.728781" elapsed="0.000978"/>
</kw>
<status status="PASS" start="2024-04-05T18:17:02.620993" elapsed="0.108900"/>
</kw>
<doc>Testa o conteúdo específico dos campos retornados pela API.</doc>
<tag>testeConteudo</tag>
<status status="PASS" start="2024-04-05T18:17:02.620442" elapsed="0.109614"/>
</test>
<status status="PASS" start="2024-04-05T18:17:01.767944" elapsed="0.964193"/>
</suite>
<status status="PASS" start="2024-04-05T18:17:01.752897" elapsed="0.984735"/>
</suite>
<statistics>
<total>
<stat pass="5" fail="0" skip="0">All Tests</stat>
</total>
<tag>
<stat pass="1" fail="0" skip="0">testeConteudo</stat>
<stat pass="1" fail="0" skip="0">testeEstruturaResposta</stat>
<stat pass="1" fail="0" skip="0">testeRequisicaoBasica</stat>
<stat pass="1" fail="0" skip="0">testeTiposDados</stat>
</tag>
<suite>
<stat pass="5" fail="0" skip="0" id="s1" name="Tests">Tests</stat>
<stat pass="5" fail="0" skip="0" id="s1-s1" name="Random-User-Test">Tests.Random-User-Test</stat>
</suite>
</statistics>
<errors>
</errors>
</robot>
