<?xml version="1.0" encoding="UTF-8"?>
<robot generator="Robot 7.0 (Python 3.12.3 on linux)" generated="2024-05-28T12:27:34.819575" rpa="false" schemaversion="5">
<suite id="s1" name="Tests" source="/home/runner/work/ApiRandomUser/ApiRandomUser/RamdonUser/tests">
<suite id="s1-s1" name="Random-User-Test" source="/home/runner/work/ApiRandomUser/ApiRandomUser/RamdonUser/tests/random-user-test.robot">
<test id="s1-s1-t1" name="Conectar" line="13">
<kw name="Conectar API" owner="random-user-service">
<kw name="Create Session" owner="RequestsLibrary">
<msg time="2024-05-28T12:27:35.218501" level="INFO">Creating Session using : alias=consultarAPI, url=https://randomuser.me/, headers={},                     cookies={}, auth=None, timeout=None, proxies=None, verify=False,                     debug=0 </msg>
<arg>consultarAPI</arg>
<arg>${URL}</arg>
<doc>Create Session: create a HTTP session to a server</doc>
<status status="PASS" start="2024-05-28T12:27:35.218296" elapsed="0.000386"/>
</kw>
<status status="PASS" start="2024-05-28T12:27:35.217246" elapsed="0.001789"/>
</kw>
<status status="PASS" start="2024-05-28T12:27:35.216667" elapsed="0.002596"/>
</test>
<test id="s1-s1-t2" name="Validar retorno 200 e JSON Válido" line="16">
<kw name="Teste de Requisicao Basica" owner="random-user-service">
<kw name="GET On Session" owner="RequestsLibrary">
<msg time="2024-05-28T12:27:35.386896" level="INFO">GET Request : url=https://randomuser.me/api 
 path_url=/api 
 headers={'User-Agent': 'python-requests/2.32.2', 'Accept-Encoding': 'gzip, deflate', 'Accept': '*/*', 'Connection': 'keep-alive'} 
 body=None 
 </msg>
<msg time="2024-05-28T12:27:35.387099" level="INFO">GET Response : url=https://randomuser.me/api 
 status=200, reason=OK 
 headers={'Date': 'Tue, 28 May 2024 12:27:35 GMT', 'Content-Type': 'application/json; charset=utf-8', 'Transfer-Encoding': 'chunked', 'Connection': 'keep-alive', 'X-Powered-By': 'Express', 'Access-Control-Allow-Origin': '*', 'Cache-Control': 'no-cache', 'ETag': 'W/"492-eWIeBeIN2iTBlcZoT6eMZ1YLhTE"', 'Vary': 'Accept-Encoding', 'Content-Encoding': 'gzip', 'CF-Cache-Status': 'DYNAMIC', 'Report-To': '{"endpoints":[{"url":"https:\\/\\/a.nel.cloudflare.com\\/report\\/v4?s=mxNIrX%2FkGib26IFE3bS9A0lNRnwixA3uUHmyfno6tWyLMfNtxV5Kdh3p33vWFqxVQxPAczOWMkcGrYkseNDUpoVkRUS0ndaLFHoR7GJyyzG%2FXQpp%2Fi9plATNPSQYZrd5"}],"group":"cf-nel","max_age":604800}', 'NEL': '{"success_fraction":0,"report_to":"cf-nel","max_age":604800}', 'Server': 'cloudflare', 'CF-RAY': '88ae3d59ffc63913-IAD', 'alt-svc': 'h3=":443"; ma=86400'} 
 body={"results":[{"gender":"female","name":{"title":"Miss","first":"Sophia","last":"Jacobs"},"location":{"street":{"number":9529,"name":"Dublin Road"},"city":"Naas","state":"Monaghan","country":"Ireland","postcode":23238,"coordinates":{"latitude":"-1.1889","longitude":"79.2263"},"timezone":{"offset":"-5:00","description":"Eastern Time (US &amp; Canada), Bogota, Lima"}},"email":"sophia.jacobs@example.com","login":{"uuid":"e713f2ab-22ff-42c0-b43f-2ee3d4fc6626","username":"yellowdog935","password":"coldbeer","salt":"h79lUaCq","md5":"8c9eaa43c5172f42ffe2790a650255d7","sha1":"7830af9f93e11879ca19ede99d783d0b6336a167","sha256":"271af39f3b1988f77a6e21b62fe97c7d7cc17fd30f63726cfa105e58c2905df4"},"dob":{"date":"1996-08-09T00:59:17.111Z","age":27},"registered":{"date":"2007-01-24T18:32:17.983Z","age":17},"phone":"031-974-4139","cell":"081-607-7764","id":{"name":"PPS","value":"2297077T"},"picture":{"large":"https://randomuser.me/api/portraits/women/79.jpg","medium":"https://randomuser.me/api/portraits/med/women/79.jpg","thumbnail":"https://randomuser.me/api/portraits/thumb/women/79.jpg"},"nat":"IE"}],"info":{"seed":"4fc46862c3e6acd4","results":1,"page":1,"version":"1.4"}} 
 </msg>
<msg time="2024-05-28T12:27:35.387204" level="INFO">/opt/hostedtoolcache/Python/3.12.3/x64/lib/python3.12/site-packages/urllib3/connectionpool.py:1103: InsecureRequestWarning: Unverified HTTPS request is being made to host 'randomuser.me'. Adding certificate verification is strongly advised. See: https://urllib3.readthedocs.io/en/latest/advanced-usage.html#tls-warnings
  warnings.warn(</msg>
<msg time="2024-05-28T12:27:35.387333" level="INFO">${response} = &lt;Response [200]&gt;</msg>
<var>${response}</var>
<arg>consultarAPI</arg>
<arg>/api</arg>
<doc>Sends a GET request on a previously created HTTP Session.</doc>
<status status="PASS" start="2024-05-28T12:27:35.221906" elapsed="0.165468"/>
</kw>
<kw name="Should Be Equal As Numbers" owner="BuiltIn">
<msg time="2024-05-28T12:27:35.388313" level="INFO">Argument types are:
&lt;class 'int'&gt;
&lt;class 'str'&gt;</msg>
<arg>${response.status_code}</arg>
<arg>200</arg>
<doc>Fails if objects are unequal after converting them to real numbers.</doc>
<status status="PASS" start="2024-05-28T12:27:35.387863" elapsed="0.000516"/>
</kw>
<kw name="Log" owner="BuiltIn">
<msg time="2024-05-28T12:27:35.389107" level="INFO">200</msg>
<arg>${response.status_code}</arg>
<doc>Logs the given message with the given level.</doc>
<status status="PASS" start="2024-05-28T12:27:35.388739" elapsed="0.000417"/>
</kw>
<kw name="Set Variable" owner="BuiltIn">
<msg time="2024-05-28T12:27:35.389918" level="INFO">${json_data} = {'results': [{'gender': 'female', 'name': {'title': 'Miss', 'first': 'Sophia', 'last': 'Jacobs'}, 'location': {'street': {'number': 9529, 'name': 'Dublin Road'}, 'city': 'Naas', 'state': 'Monaghan', '...</msg>
<var>${json_data}</var>
<arg>${response.json()}</arg>
<doc>Returns the given values which can then be assigned to a variables.</doc>
<status status="PASS" start="2024-05-28T12:27:35.389480" elapsed="0.000468"/>
</kw>
<kw name="Dictionary Should Contain Key" owner="Collections">
<msg time="2024-05-28T12:27:35.390427" level="INFO">False</msg>
<arg>${json_data}</arg>
<arg>results</arg>
<doc>Fails if ``key`` is not found from ``dictionary``.</doc>
<status status="PASS" start="2024-05-28T12:27:35.390256" elapsed="0.000362"/>
</kw>
<status status="PASS" start="2024-05-28T12:27:35.221657" elapsed="0.169228"/>
</kw>
<doc>Testa se a API responde corretamente e retorna um objeto JSON válido.</doc>
<tag>testeRequisicaoBasica</tag>
<status status="PASS" start="2024-05-28T12:27:35.221137" elapsed="0.169974"/>
</test>
<test id="s1-s1-t3" name="Validar estrutura de resposta" line="22">
<kw name="Teste de Estrutura de Resposta" owner="random-user-service">
<kw name="GET On Session" owner="RequestsLibrary">
<msg time="2024-05-28T12:27:35.482381" level="INFO">GET Request : url=https://randomuser.me/api 
 path_url=/api 
 headers={'User-Agent': 'python-requests/2.32.2', 'Accept-Encoding': 'gzip, deflate', 'Accept': '*/*', 'Connection': 'keep-alive'} 
 body=None 
 </msg>
<msg time="2024-05-28T12:27:35.482465" level="INFO">GET Response : url=https://randomuser.me/api 
 status=200, reason=OK 
 headers={'Date': 'Tue, 28 May 2024 12:27:35 GMT', 'Content-Type': 'application/json; charset=utf-8', 'Transfer-Encoding': 'chunked', 'Connection': 'keep-alive', 'X-Powered-By': 'Express', 'Access-Control-Allow-Origin': '*', 'Cache-Control': 'no-cache', 'ETag': 'W/"492-tfnEcH7uNr4yN4N1k/vKXUHWMzE"', 'Vary': 'Accept-Encoding', 'Content-Encoding': 'gzip', 'CF-Cache-Status': 'DYNAMIC', 'Report-To': '{"endpoints":[{"url":"https:\\/\\/a.nel.cloudflare.com\\/report\\/v4?s=NFOtoe7UiGhySstlkL4GzReuJaEk6DN42iX0QQqqkuCB9SEiC9voHOj2M%2FQ3M0ICzHhWywRQ8cKjrJjnvuzty%2BaPfxnnqFLl%2F930fobt2zdjBTQiufMCeiEqTeY8ltiu"}],"group":"cf-nel","max_age":604800}', 'NEL': '{"success_fraction":0,"report_to":"cf-nel","max_age":604800}', 'Server': 'cloudflare', 'CF-RAY': '88ae3d5a380e3913-IAD', 'alt-svc': 'h3=":443"; ma=86400'} 
 body={"results":[{"gender":"female","name":{"title":"Miss","first":"Isabella","last":"Olsen"},"location":{"street":{"number":4076,"name":"Egernvej"},"city":"Sandved","state":"Sjælland","country":"Denmark","postcode":99110,"coordinates":{"latitude":"-45.9474","longitude":"12.0948"},"timezone":{"offset":"+5:00","description":"Ekaterinburg, Islamabad, Karachi, Tashkent"}},"email":"isabella.olsen@example.com","login":{"uuid":"6a2a62ba-f754-496b-a349-2341c757a5f6","username":"purplecat303","password":"compass","salt":"EupKyS5n","md5":"775c333a6312402e061e4ab7a2a452cf","sha1":"e0c8ebfad33c4c4b4154b2b153e4bca39f142556","sha256":"ac020c001efc40625dbf41e79b4e0a915d954dff06a4b9fa0f7477b831bd0e4e"},"dob":{"date":"1961-12-18T15:31:16.175Z","age":62},"registered":{"date":"2004-03-20T05:48:55.407Z","age":20},"phone":"43463941","cell":"43461400","id":{"name":"CPR","value":"181261-2946"},"picture":{"large":"https://randomuser.me/api/portraits/women/77.jpg","medium":"https://randomuser.me/api/portraits/med/women/77.jpg","thumbnail":"https://randomuser.me/api/portraits/thumb/women/77.jpg"},"nat":"DK"}],"info":{"seed":"f8aaf1e3537665ef","results":1,"page":1,"version":"1.4"}} 
 </msg>
<msg time="2024-05-28T12:27:35.482583" level="INFO">/opt/hostedtoolcache/Python/3.12.3/x64/lib/python3.12/site-packages/urllib3/connectionpool.py:1103: InsecureRequestWarning: Unverified HTTPS request is being made to host 'randomuser.me'. Adding certificate verification is strongly advised. See: https://urllib3.readthedocs.io/en/latest/advanced-usage.html#tls-warnings
  warnings.warn(</msg>
<msg time="2024-05-28T12:27:35.482696" level="INFO">${response} = &lt;Response [200]&gt;</msg>
<var>${response}</var>
<arg>consultarAPI</arg>
<arg>/api</arg>
<doc>Sends a GET request on a previously created HTTP Session.</doc>
<status status="PASS" start="2024-05-28T12:27:35.393742" elapsed="0.088996"/>
</kw>
<kw name="Set Variable" owner="BuiltIn">
<msg time="2024-05-28T12:27:35.483755" level="INFO">${json_data} = {'results': [{'gender': 'female', 'name': {'title': 'Miss', 'first': 'Isabella', 'last': 'Olsen'}, 'location': {'street': {'number': 4076, 'name': 'Egernvej'}, 'city': 'Sandved', 'state': 'Sjælland', ...</msg>
<var>${json_data}</var>
<arg>${response.json()}</arg>
<doc>Returns the given values which can then be assigned to a variables.</doc>
<status status="PASS" start="2024-05-28T12:27:35.483245" elapsed="0.000540"/>
</kw>
<kw name="Log" owner="BuiltIn">
<msg time="2024-05-28T12:27:35.484270" level="INFO">{'results': [{'gender': 'female', 'name': {'title': 'Miss', 'first': 'Isabella', 'last': 'Olsen'}, 'location': {'street': {'number': 4076, 'name': 'Egernvej'}, 'city': 'Sandved', 'state': 'Sjælland', 'country': 'Denmark', 'postcode': 99110, 'coordinates': {'latitude': '-45.9474', 'longitude': '12.0948'}, 'timezone': {'offset': '+5:00', 'description': 'Ekaterinburg, Islamabad, Karachi, Tashkent'}}, 'email': 'isabella.olsen@example.com', 'login': {'uuid': '6a2a62ba-f754-496b-a349-2341c757a5f6', 'username': 'purplecat303', 'password': 'compass', 'salt': 'EupKyS5n', 'md5': '775c333a6312402e061e4ab7a2a452cf', 'sha1': 'e0c8ebfad33c4c4b4154b2b153e4bca39f142556', 'sha256': 'ac020c001efc40625dbf41e79b4e0a915d954dff06a4b9fa0f7477b831bd0e4e'}, 'dob': {'date': '1961-12-18T15:31:16.175Z', 'age': 62}, 'registered': {'date': '2004-03-20T05:48:55.407Z', 'age': 20}, 'phone': '43463941', 'cell': '43461400', 'id': {'name': 'CPR', 'value': '181261-2946'}, 'picture': {'large': 'https://randomuser.me/api/portraits/women/77.jpg', 'medium': 'https://randomuser.me/api/portraits/med/women/77.jpg', 'thumbnail': 'https://randomuser.me/api/portraits/thumb/women/77.jpg'}, 'nat': 'DK'}], 'info': {'seed': 'f8aaf1e3537665ef', 'results': 1, 'page': 1, 'version': '1.4'}}</msg>
<arg>${json_data}</arg>
<doc>Logs the given message with the given level.</doc>
<status status="PASS" start="2024-05-28T12:27:35.484107" elapsed="0.000212"/>
</kw>
<kw name="Dictionary Should Contain Key" owner="Collections">
<msg time="2024-05-28T12:27:35.484772" level="INFO">False</msg>
<arg>${json_data}</arg>
<arg>results</arg>
<doc>Fails if ``key`` is not found from ``dictionary``.</doc>
<status status="PASS" start="2024-05-28T12:27:35.484615" elapsed="0.000193"/>
</kw>
<kw name="Should Not Be Empty" owner="BuiltIn">
<msg time="2024-05-28T12:27:35.485238" level="INFO">Length is 2.</msg>
<arg>${json_data}</arg>
<doc>Verifies that the given item is not empty.</doc>
<status status="PASS" start="2024-05-28T12:27:35.485109" elapsed="0.000166"/>
</kw>
<kw name="Create List" owner="BuiltIn">
<msg time="2024-05-28T12:27:35.485728" level="INFO">${expected_keys} = ['gender', 'name', 'location', 'email', 'login']</msg>
<var>${expected_keys}</var>
<arg>gender</arg>
<arg>name</arg>
<arg>location</arg>
<arg>email</arg>
<arg>login</arg>
<doc>Returns a list containing given items.</doc>
<status status="PASS" start="2024-05-28T12:27:35.485568" elapsed="0.000184"/>
</kw>
<for flavor="IN">
<iter>
<kw name="Dictionary Should Contain Key" owner="Collections">
<msg time="2024-05-28T12:27:35.486735" level="INFO">False</msg>
<arg>${json_data['results'][0]}</arg>
<arg>${key}</arg>
<doc>Fails if ``key`` is not found from ``dictionary``.</doc>
<status status="PASS" start="2024-05-28T12:27:35.486326" elapsed="0.000448"/>
</kw>
<kw name="Log" owner="BuiltIn">
<msg time="2024-05-28T12:27:35.487476" level="INFO">{'gender': 'female', 'name': {'title': 'Miss', 'first': 'Isabella', 'last': 'Olsen'}, 'location': {'street': {'number': 4076, 'name': 'Egernvej'}, 'city': 'Sandved', 'state': 'Sjælland', 'country': 'Denmark', 'postcode': 99110, 'coordinates': {'latitude': '-45.9474', 'longitude': '12.0948'}, 'timezone': {'offset': '+5:00', 'description': 'Ekaterinburg, Islamabad, Karachi, Tashkent'}}, 'email': 'isabella.olsen@example.com', 'login': {'uuid': '6a2a62ba-f754-496b-a349-2341c757a5f6', 'username': 'purplecat303', 'password': 'compass', 'salt': 'EupKyS5n', 'md5': '775c333a6312402e061e4ab7a2a452cf', 'sha1': 'e0c8ebfad33c4c4b4154b2b153e4bca39f142556', 'sha256': 'ac020c001efc40625dbf41e79b4e0a915d954dff06a4b9fa0f7477b831bd0e4e'}, 'dob': {'date': '1961-12-18T15:31:16.175Z', 'age': 62}, 'registered': {'date': '2004-03-20T05:48:55.407Z', 'age': 20}, 'phone': '43463941', 'cell': '43461400', 'id': {'name': 'CPR', 'value': '181261-2946'}, 'picture': {'large': 'https://randomuser.me/api/portraits/women/77.jpg', 'medium': 'https://randomuser.me/api/portraits/med/women/77.jpg', 'thumbnail': 'https://randomuser.me/api/portraits/thumb/women/77.jpg'}, 'nat': 'DK'}</msg>
<arg>${json_data['results'][0]}</arg>
<doc>Logs the given message with the given level.</doc>
<status status="PASS" start="2024-05-28T12:27:35.487095" elapsed="0.000432"/>
</kw>
<kw name="Log" owner="BuiltIn">
<msg time="2024-05-28T12:27:35.487957" level="INFO">gender</msg>
<arg>${key}</arg>
<doc>Logs the given message with the given level.</doc>
<status status="PASS" start="2024-05-28T12:27:35.487828" elapsed="0.000166"/>
</kw>
<var name="${key}">gender</var>
<status status="PASS" start="2024-05-28T12:27:35.486201" elapsed="0.002008"/>
</iter>
<iter>
<kw name="Dictionary Should Contain Key" owner="Collections">
<msg time="2024-05-28T12:27:35.488896" level="INFO">False</msg>
<arg>${json_data['results'][0]}</arg>
<arg>${key}</arg>
<doc>Fails if ``key`` is not found from ``dictionary``.</doc>
<status status="PASS" start="2024-05-28T12:27:35.488511" elapsed="0.000421"/>
</kw>
<kw name="Log" owner="BuiltIn">
<msg time="2024-05-28T12:27:35.489610" level="INFO">{'gender': 'female', 'name': {'title': 'Miss', 'first': 'Isabella', 'last': 'Olsen'}, 'location': {'street': {'number': 4076, 'name': 'Egernvej'}, 'city': 'Sandved', 'state': 'Sjælland', 'country': 'Denmark', 'postcode': 99110, 'coordinates': {'latitude': '-45.9474', 'longitude': '12.0948'}, 'timezone': {'offset': '+5:00', 'description': 'Ekaterinburg, Islamabad, Karachi, Tashkent'}}, 'email': 'isabella.olsen@example.com', 'login': {'uuid': '6a2a62ba-f754-496b-a349-2341c757a5f6', 'username': 'purplecat303', 'password': 'compass', 'salt': 'EupKyS5n', 'md5': '775c333a6312402e061e4ab7a2a452cf', 'sha1': 'e0c8ebfad33c4c4b4154b2b153e4bca39f142556', 'sha256': 'ac020c001efc40625dbf41e79b4e0a915d954dff06a4b9fa0f7477b831bd0e4e'}, 'dob': {'date': '1961-12-18T15:31:16.175Z', 'age': 62}, 'registered': {'date': '2004-03-20T05:48:55.407Z', 'age': 20}, 'phone': '43463941', 'cell': '43461400', 'id': {'name': 'CPR', 'value': '181261-2946'}, 'picture': {'large': 'https://randomuser.me/api/portraits/women/77.jpg', 'medium': 'https://randomuser.me/api/portraits/med/women/77.jpg', 'thumbnail': 'https://randomuser.me/api/portraits/thumb/women/77.jpg'}, 'nat': 'DK'}</msg>
<arg>${json_data['results'][0]}</arg>
<doc>Logs the given message with the given level.</doc>
<status status="PASS" start="2024-05-28T12:27:35.489252" elapsed="0.000407"/>
</kw>
<kw name="Log" owner="BuiltIn">
<msg time="2024-05-28T12:27:35.490083" level="INFO">name</msg>
<arg>${key}</arg>
<doc>Logs the given message with the given level.</doc>
<status status="PASS" start="2024-05-28T12:27:35.489956" elapsed="0.000163"/>
</kw>
<var name="${key}">name</var>
<status status="PASS" start="2024-05-28T12:27:35.488397" elapsed="0.001939"/>
</iter>
<iter>
<kw name="Dictionary Should Contain Key" owner="Collections">
<msg time="2024-05-28T12:27:35.491013" level="INFO">False</msg>
<arg>${json_data['results'][0]}</arg>
<arg>${key}</arg>
<doc>Fails if ``key`` is not found from ``dictionary``.</doc>
<status status="PASS" start="2024-05-28T12:27:35.490623" elapsed="0.000463"/>
</kw>
<kw name="Log" owner="BuiltIn">
<msg time="2024-05-28T12:27:35.491779" level="INFO">{'gender': 'female', 'name': {'title': 'Miss', 'first': 'Isabella', 'last': 'Olsen'}, 'location': {'street': {'number': 4076, 'name': 'Egernvej'}, 'city': 'Sandved', 'state': 'Sjælland', 'country': 'Denmark', 'postcode': 99110, 'coordinates': {'latitude': '-45.9474', 'longitude': '12.0948'}, 'timezone': {'offset': '+5:00', 'description': 'Ekaterinburg, Islamabad, Karachi, Tashkent'}}, 'email': 'isabella.olsen@example.com', 'login': {'uuid': '6a2a62ba-f754-496b-a349-2341c757a5f6', 'username': 'purplecat303', 'password': 'compass', 'salt': 'EupKyS5n', 'md5': '775c333a6312402e061e4ab7a2a452cf', 'sha1': 'e0c8ebfad33c4c4b4154b2b153e4bca39f142556', 'sha256': 'ac020c001efc40625dbf41e79b4e0a915d954dff06a4b9fa0f7477b831bd0e4e'}, 'dob': {'date': '1961-12-18T15:31:16.175Z', 'age': 62}, 'registered': {'date': '2004-03-20T05:48:55.407Z', 'age': 20}, 'phone': '43463941', 'cell': '43461400', 'id': {'name': 'CPR', 'value': '181261-2946'}, 'picture': {'large': 'https://randomuser.me/api/portraits/women/77.jpg', 'medium': 'https://randomuser.me/api/portraits/med/women/77.jpg', 'thumbnail': 'https://randomuser.me/api/portraits/thumb/women/77.jpg'}, 'nat': 'DK'}</msg>
<arg>${json_data['results'][0]}</arg>
<doc>Logs the given message with the given level.</doc>
<status status="PASS" start="2024-05-28T12:27:35.491410" elapsed="0.000419"/>
</kw>
<kw name="Log" owner="BuiltIn">
<msg time="2024-05-28T12:27:35.492260" level="INFO">location</msg>
<arg>${key}</arg>
<doc>Logs the given message with the given level.</doc>
<status status="PASS" start="2024-05-28T12:27:35.492137" elapsed="0.000159"/>
</kw>
<var name="${key}">location</var>
<status status="PASS" start="2024-05-28T12:27:35.490512" elapsed="0.001995"/>
</iter>
<iter>
<kw name="Dictionary Should Contain Key" owner="Collections">
<msg time="2024-05-28T12:27:35.493290" level="INFO">False</msg>
<arg>${json_data['results'][0]}</arg>
<arg>${key}</arg>
<doc>Fails if ``key`` is not found from ``dictionary``.</doc>
<status status="PASS" start="2024-05-28T12:27:35.492795" elapsed="0.000533"/>
</kw>
<kw name="Log" owner="BuiltIn">
<msg time="2024-05-28T12:27:35.493993" level="INFO">{'gender': 'female', 'name': {'title': 'Miss', 'first': 'Isabella', 'last': 'Olsen'}, 'location': {'street': {'number': 4076, 'name': 'Egernvej'}, 'city': 'Sandved', 'state': 'Sjælland', 'country': 'Denmark', 'postcode': 99110, 'coordinates': {'latitude': '-45.9474', 'longitude': '12.0948'}, 'timezone': {'offset': '+5:00', 'description': 'Ekaterinburg, Islamabad, Karachi, Tashkent'}}, 'email': 'isabella.olsen@example.com', 'login': {'uuid': '6a2a62ba-f754-496b-a349-2341c757a5f6', 'username': 'purplecat303', 'password': 'compass', 'salt': 'EupKyS5n', 'md5': '775c333a6312402e061e4ab7a2a452cf', 'sha1': 'e0c8ebfad33c4c4b4154b2b153e4bca39f142556', 'sha256': 'ac020c001efc40625dbf41e79b4e0a915d954dff06a4b9fa0f7477b831bd0e4e'}, 'dob': {'date': '1961-12-18T15:31:16.175Z', 'age': 62}, 'registered': {'date': '2004-03-20T05:48:55.407Z', 'age': 20}, 'phone': '43463941', 'cell': '43461400', 'id': {'name': 'CPR', 'value': '181261-2946'}, 'picture': {'large': 'https://randomuser.me/api/portraits/women/77.jpg', 'medium': 'https://randomuser.me/api/portraits/med/women/77.jpg', 'thumbnail': 'https://randomuser.me/api/portraits/thumb/women/77.jpg'}, 'nat': 'DK'}</msg>
<arg>${json_data['results'][0]}</arg>
<doc>Logs the given message with the given level.</doc>
<status status="PASS" start="2024-05-28T12:27:35.493626" elapsed="0.000418"/>
</kw>
<kw name="Log" owner="BuiltIn">
<msg time="2024-05-28T12:27:35.494467" level="INFO">email</msg>
<arg>${key}</arg>
<doc>Logs the given message with the given level.</doc>
<status status="PASS" start="2024-05-28T12:27:35.494339" elapsed="0.000165"/>
</kw>
<var name="${key}">email</var>
<status status="PASS" start="2024-05-28T12:27:35.492679" elapsed="0.002044"/>
</iter>
<iter>
<kw name="Dictionary Should Contain Key" owner="Collections">
<msg time="2024-05-28T12:27:35.495409" level="INFO">False</msg>
<arg>${json_data['results'][0]}</arg>
<arg>${key}</arg>
<doc>Fails if ``key`` is not found from ``dictionary``.</doc>
<status status="PASS" start="2024-05-28T12:27:35.495009" elapsed="0.000438"/>
</kw>
<kw name="Log" owner="BuiltIn">
<msg time="2024-05-28T12:27:35.496099" level="INFO">{'gender': 'female', 'name': {'title': 'Miss', 'first': 'Isabella', 'last': 'Olsen'}, 'location': {'street': {'number': 4076, 'name': 'Egernvej'}, 'city': 'Sandved', 'state': 'Sjælland', 'country': 'Denmark', 'postcode': 99110, 'coordinates': {'latitude': '-45.9474', 'longitude': '12.0948'}, 'timezone': {'offset': '+5:00', 'description': 'Ekaterinburg, Islamabad, Karachi, Tashkent'}}, 'email': 'isabella.olsen@example.com', 'login': {'uuid': '6a2a62ba-f754-496b-a349-2341c757a5f6', 'username': 'purplecat303', 'password': 'compass', 'salt': 'EupKyS5n', 'md5': '775c333a6312402e061e4ab7a2a452cf', 'sha1': 'e0c8ebfad33c4c4b4154b2b153e4bca39f142556', 'sha256': 'ac020c001efc40625dbf41e79b4e0a915d954dff06a4b9fa0f7477b831bd0e4e'}, 'dob': {'date': '1961-12-18T15:31:16.175Z', 'age': 62}, 'registered': {'date': '2004-03-20T05:48:55.407Z', 'age': 20}, 'phone': '43463941', 'cell': '43461400', 'id': {'name': 'CPR', 'value': '181261-2946'}, 'picture': {'large': 'https://randomuser.me/api/portraits/women/77.jpg', 'medium': 'https://randomuser.me/api/portraits/med/women/77.jpg', 'thumbnail': 'https://randomuser.me/api/portraits/thumb/women/77.jpg'}, 'nat': 'DK'}</msg>
<arg>${json_data['results'][0]}</arg>
<doc>Logs the given message with the given level.</doc>
<status status="PASS" start="2024-05-28T12:27:35.495738" elapsed="0.000409"/>
</kw>
<kw name="Log" owner="BuiltIn">
<msg time="2024-05-28T12:27:35.496561" level="INFO">login</msg>
<arg>${key}</arg>
<doc>Logs the given message with the given level.</doc>
<status status="PASS" start="2024-05-28T12:27:35.496437" elapsed="0.000161"/>
</kw>
<var name="${key}">login</var>
<status status="PASS" start="2024-05-28T12:27:35.494898" elapsed="0.001938"/>
</iter>
<var>${key}</var>
<value>@{expected_keys}</value>
<status status="PASS" start="2024-05-28T12:27:35.486011" elapsed="0.010950"/>
</for>
<kw name="Create List" owner="BuiltIn">
<msg time="2024-05-28T12:27:35.497291" level="INFO">${expected_keysTwo} = ['username', 'password']</msg>
<var>${expected_keysTwo}</var>
<arg>username</arg>
<arg>password</arg>
<doc>Returns a list containing given items.</doc>
<status status="PASS" start="2024-05-28T12:27:35.497156" elapsed="0.000159"/>
</kw>
<for flavor="IN">
<iter>
<kw name="Dictionary Should Contain Key" owner="Collections">
<msg time="2024-05-28T12:27:35.498185" level="INFO">False</msg>
<arg>${json_data['results'][0]['login']}</arg>
<arg>${keyTwo}</arg>
<doc>Fails if ``key`` is not found from ``dictionary``.</doc>
<status status="PASS" start="2024-05-28T12:27:35.497811" elapsed="0.000411"/>
</kw>
<kw name="Dictionary Should Contain Key" owner="Collections">
<msg time="2024-05-28T12:27:35.498900" level="INFO">False</msg>
<arg>${json_data['results'][0]['login']}</arg>
<arg>${keyTwo}</arg>
<doc>Fails if ``key`` is not found from ``dictionary``.</doc>
<status status="PASS" start="2024-05-28T12:27:35.498515" elapsed="0.000421"/>
</kw>
<kw name="Log" owner="BuiltIn">
<msg time="2024-05-28T12:27:35.499397" level="INFO">username</msg>
<arg>${keyTwo}</arg>
<doc>Logs the given message with the given level.</doc>
<status status="PASS" start="2024-05-28T12:27:35.499268" elapsed="0.000166"/>
</kw>
<var name="${keyTwo}">username</var>
<status status="PASS" start="2024-05-28T12:27:35.497704" elapsed="0.001945"/>
</iter>
<iter>
<kw name="Dictionary Should Contain Key" owner="Collections">
<msg time="2024-05-28T12:27:35.500308" level="INFO">False</msg>
<arg>${json_data['results'][0]['login']}</arg>
<arg>${keyTwo}</arg>
<doc>Fails if ``key`` is not found from ``dictionary``.</doc>
<status status="PASS" start="2024-05-28T12:27:35.499929" elapsed="0.000415"/>
</kw>
<kw name="Dictionary Should Contain Key" owner="Collections">
<msg time="2024-05-28T12:27:35.501020" level="INFO">False</msg>
<arg>${json_data['results'][0]['login']}</arg>
<arg>${keyTwo}</arg>
<doc>Fails if ``key`` is not found from ``dictionary``.</doc>
<status status="PASS" start="2024-05-28T12:27:35.500635" elapsed="0.000420"/>
</kw>
<kw name="Log" owner="BuiltIn">
<msg time="2024-05-28T12:27:35.501467" level="INFO">password</msg>
<arg>${keyTwo}</arg>
<doc>Logs the given message with the given level.</doc>
<status status="PASS" start="2024-05-28T12:27:35.501343" elapsed="0.000160"/>
</kw>
<var name="${keyTwo}">password</var>
<status status="PASS" start="2024-05-28T12:27:35.499819" elapsed="0.001896"/>
</iter>
<var>${keyTwo}</var>
<value>@{expected_keysTwo}</value>
<status status="PASS" start="2024-05-28T12:27:35.497552" elapsed="0.004281"/>
</for>
<status status="PASS" start="2024-05-28T12:27:35.393497" elapsed="0.108475"/>
</kw>
<doc>Testa a estrutura da resposta da API.</doc>
<tag>testeEstruturaResposta</tag>
<status status="PASS" start="2024-05-28T12:27:35.392990" elapsed="0.109147"/>
</test>
<test id="s1-s1-t4" name="Validar tipos de dados" line="28">
<kw name="Teste de Tipos de Dados" owner="random-user-service">
<kw name="GET On Session" owner="RequestsLibrary">
<msg time="2024-05-28T12:27:35.601020" level="INFO">GET Request : url=https://randomuser.me/api 
 path_url=/api 
 headers={'User-Agent': 'python-requests/2.32.2', 'Accept-Encoding': 'gzip, deflate', 'Accept': '*/*', 'Connection': 'keep-alive'} 
 body=None 
 </msg>
<msg time="2024-05-28T12:27:35.601105" level="INFO">GET Response : url=https://randomuser.me/api 
 status=200, reason=OK 
 headers={'Date': 'Tue, 28 May 2024 12:27:35 GMT', 'Content-Type': 'application/json; charset=utf-8', 'Transfer-Encoding': 'chunked', 'Connection': 'keep-alive', 'X-Powered-By': 'Express', 'Access-Control-Allow-Origin': '*', 'Cache-Control': 'no-cache', 'ETag': 'W/"4a1-JCx7qNHJwSV7DhO+U/KPQFTFHmA"', 'Vary': 'Accept-Encoding', 'Content-Encoding': 'gzip', 'CF-Cache-Status': 'DYNAMIC', 'Report-To': '{"endpoints":[{"url":"https:\\/\\/a.nel.cloudflare.com\\/report\\/v4?s=rEndEGMSAehfrFX%2BFEo3Zn1%2BT7px1ewVJEsk95OtJVJNHamd383yA8EhNap38B%2BOlUL2fRGZIdClGgUf3w4yXNDD1vfgx%2BWkARPY5PAi2z1FXwfULWCO9%2BzTg9zKUPvg"}],"group":"cf-nel","max_age":604800}', 'NEL': '{"success_fraction":0,"report_to":"cf-nel","max_age":604800}', 'Server': 'cloudflare', 'CF-RAY': '88ae3d5ae8fc3913-IAD', 'alt-svc': 'h3=":443"; ma=86400'} 
 body={"results":[{"gender":"male","name":{"title":"Mr","first":"Viraj","last":"Belligatti"},"location":{"street":{"number":7633,"name":"Gandhi Maidan Marg"},"city":"Kharagpur","state":"Chhattisgarh","country":"India","postcode":97413,"coordinates":{"latitude":"11.6975","longitude":"-25.9065"},"timezone":{"offset":"+9:00","description":"Tokyo, Seoul, Osaka, Sapporo, Yakutsk"}},"email":"viraj.belligatti@example.com","login":{"uuid":"f2dc573f-2fc5-4d5c-ae96-bc9452c770e0","username":"organicgorilla761","password":"tennesse","salt":"j7Wv2xV5","md5":"4246b636b03ca87ead6f4ab5d746d868","sha1":"6b7a5cbec3999eaa9b0e0d6667652fe2f90f1d2f","sha256":"0deb3858a28e1bb84692169e3a029d5f0664969fcd5bc677d16c067ae70dd1c4"},"dob":{"date":"1990-04-14T01:46:29.029Z","age":34},"registered":{"date":"2013-08-21T08:47:57.292Z","age":10},"phone":"7174408098","cell":"7161746368","id":{"name":"UIDAI","value":"232208620890"},"picture":{"large":"https://randomuser.me/api/portraits/men/26.jpg","medium":"https://randomuser.me/api/portraits/med/men/26.jpg","thumbnail":"https://randomuser.me/api/portraits/thumb/men/26.jpg"},"nat":"IN"}],"info":{"seed":"45f9ef9e5078df31","results":1,"page":1,"version":"1.4"}} 
 </msg>
<msg time="2024-05-28T12:27:35.601178" level="INFO">/opt/hostedtoolcache/Python/3.12.3/x64/lib/python3.12/site-packages/urllib3/connectionpool.py:1103: InsecureRequestWarning: Unverified HTTPS request is being made to host 'randomuser.me'. Adding certificate verification is strongly advised. See: https://urllib3.readthedocs.io/en/latest/advanced-usage.html#tls-warnings
  warnings.warn(</msg>
<msg time="2024-05-28T12:27:35.601290" level="INFO">${response} = &lt;Response [200]&gt;</msg>
<var>${response}</var>
<arg>consultarAPI</arg>
<arg>/api</arg>
<doc>Sends a GET request on a previously created HTTP Session.</doc>
<status status="PASS" start="2024-05-28T12:27:35.504618" elapsed="0.096713"/>
</kw>
<kw name="Set Variable" owner="BuiltIn">
<msg time="2024-05-28T12:27:35.602242" level="INFO">${json_data} = {'results': [{'gender': 'male', 'name': {'title': 'Mr', 'first': 'Viraj', 'last': 'Belligatti'}, 'location': {'street': {'number': 7633, 'name': 'Gandhi Maidan Marg'}, 'city': 'Kharagpur', 'state': 'C...</msg>
<var>${json_data}</var>
<arg>${response.json()}</arg>
<doc>Returns the given values which can then be assigned to a variables.</doc>
<status status="PASS" start="2024-05-28T12:27:35.601784" elapsed="0.000488"/>
</kw>
<kw name="Log" owner="BuiltIn">
<msg time="2024-05-28T12:27:35.602740" level="INFO">{'results': [{'gender': 'male', 'name': {'title': 'Mr', 'first': 'Viraj', 'last': 'Belligatti'}, 'location': {'street': {'number': 7633, 'name': 'Gandhi Maidan Marg'}, 'city': 'Kharagpur', 'state': 'Chhattisgarh', 'country': 'India', 'postcode': 97413, 'coordinates': {'latitude': '11.6975', 'longitude': '-25.9065'}, 'timezone': {'offset': '+9:00', 'description': 'Tokyo, Seoul, Osaka, Sapporo, Yakutsk'}}, 'email': 'viraj.belligatti@example.com', 'login': {'uuid': 'f2dc573f-2fc5-4d5c-ae96-bc9452c770e0', 'username': 'organicgorilla761', 'password': 'tennesse', 'salt': 'j7Wv2xV5', 'md5': '4246b636b03ca87ead6f4ab5d746d868', 'sha1': '6b7a5cbec3999eaa9b0e0d6667652fe2f90f1d2f', 'sha256': '0deb3858a28e1bb84692169e3a029d5f0664969fcd5bc677d16c067ae70dd1c4'}, 'dob': {'date': '1990-04-14T01:46:29.029Z', 'age': 34}, 'registered': {'date': '2013-08-21T08:47:57.292Z', 'age': 10}, 'phone': '7174408098', 'cell': '7161746368', 'id': {'name': 'UIDAI', 'value': '232208620890'}, 'picture': {'large': 'https://randomuser.me/api/portraits/men/26.jpg', 'medium': 'https://randomuser.me/api/portraits/med/men/26.jpg', 'thumbnail': 'https://randomuser.me/api/portraits/thumb/men/26.jpg'}, 'nat': 'IN'}], 'info': {'seed': '45f9ef9e5078df31', 'results': 1, 'page': 1, 'version': '1.4'}}</msg>
<arg>${json_data}</arg>
<doc>Logs the given message with the given level.</doc>
<status status="PASS" start="2024-05-28T12:27:35.602582" elapsed="0.000239"/>
</kw>
<kw name="Should Be String" owner="String">
<arg>${json_data['results'][0]['gender']}</arg>
<doc>Fails if the given ``item`` is not a string.</doc>
<status status="PASS" start="2024-05-28T12:27:35.603171" elapsed="0.000368"/>
</kw>
<kw name="Should Match Regexp" owner="BuiltIn">
<arg>${json_data['results'][0]['email']}</arg>
<arg>^[a-zA-Z0-9._%+-]+@[a-zA-Z0-9.-]+\.[a-zA-Z]{2,}$</arg>
<doc>Fails if ``string`` does not match ``pattern`` as a regular expression.</doc>
<status status="PASS" start="2024-05-28T12:27:35.603732" elapsed="0.000646"/>
</kw>
<kw name="Should Match Regexp" owner="BuiltIn">
<arg>${json_data['results'][0]['dob']['date']}</arg>
<arg>\\d{4}-\\d{2}-\\d{2}T\\d{2}:\\d{2}:\\d{2}\\.\\d{3}Z</arg>
<doc>Fails if ``string`` does not match ``pattern`` as a regular expression.</doc>
<status status="PASS" start="2024-05-28T12:27:35.604577" elapsed="0.000484"/>
</kw>
<kw name="Should Match Regexp" owner="BuiltIn">
<arg>${json_data['results'][0]['registered']['date']}</arg>
<arg>\\d{4}-\\d{2}-\\d{2}T\\d{2}:\\d{2}:\\d{2}\\.\\d{3}Z</arg>
<doc>Fails if ``string`` does not match ``pattern`` as a regular expression.</doc>
<status status="PASS" start="2024-05-28T12:27:35.605254" elapsed="0.000363"/>
</kw>
<kw name="Should Match Regexp" owner="BuiltIn">
<arg>${json_data['results'][0]['picture']['large']}</arg>
<arg>^https?://.*\.(?:png|jpe?g|gif|bmp)$</arg>
<doc>Fails if ``string`` does not match ``pattern`` as a regular expression.</doc>
<status status="PASS" start="2024-05-28T12:27:35.605804" elapsed="0.000453"/>
</kw>
<kw name="Should Match Regexp" owner="BuiltIn">
<arg>${json_data['results'][0]['picture']['medium']}</arg>
<arg>^https?://.*\.(?:png|jpe?g|gif|bmp)$</arg>
<doc>Fails if ``string`` does not match ``pattern`` as a regular expression.</doc>
<status status="PASS" start="2024-05-28T12:27:35.606446" elapsed="0.000350"/>
</kw>
<kw name="Should Match Regexp" owner="BuiltIn">
<arg>${json_data['results'][0]['picture']['thumbnail']}</arg>
<arg>^https?://.*\.(?:png|jpe?g|gif|bmp)$</arg>
<doc>Fails if ``string`` does not match ``pattern`` as a regular expression.</doc>
<status status="PASS" start="2024-05-28T12:27:35.606984" elapsed="0.000367"/>
</kw>
<kw name="Log" owner="BuiltIn">
<msg time="2024-05-28T12:27:35.607862" level="INFO">{'large': 'https://randomuser.me/api/portraits/men/26.jpg', 'medium': 'https://randomuser.me/api/portraits/med/men/26.jpg', 'thumbnail': 'https://randomuser.me/api/portraits/thumb/men/26.jpg'}</msg>
<arg>${json_data['results'][0]['picture']}</arg>
<doc>Logs the given message with the given level.</doc>
<status status="PASS" start="2024-05-28T12:27:35.607538" elapsed="0.000365"/>
</kw>
<status status="PASS" start="2024-05-28T12:27:35.504382" elapsed="0.103775"/>
</kw>
<kw name="Teste de Tipos de Dados - Postcode" owner="random-user-service">
<kw name="GET On Session" owner="RequestsLibrary">
<msg time="2024-05-28T12:27:35.685367" level="INFO">GET Request : url=https://randomuser.me/api 
 path_url=/api 
 headers={'User-Agent': 'python-requests/2.32.2', 'Accept-Encoding': 'gzip, deflate', 'Accept': '*/*', 'Connection': 'keep-alive'} 
 body=None 
 </msg>
<msg time="2024-05-28T12:27:35.685451" level="INFO">GET Response : url=https://randomuser.me/api 
 status=200, reason=OK 
 headers={'Date': 'Tue, 28 May 2024 12:27:35 GMT', 'Content-Type': 'application/json; charset=utf-8', 'Transfer-Encoding': 'chunked', 'Connection': 'keep-alive', 'X-Powered-By': 'Express', 'Access-Control-Allow-Origin': '*', 'Cache-Control': 'no-cache', 'ETag': 'W/"483-x7JFvZ3dN6mEYx1aYZ3WJ59z+w0"', 'Vary': 'Accept-Encoding', 'Content-Encoding': 'gzip', 'CF-Cache-Status': 'DYNAMIC', 'Report-To': '{"endpoints":[{"url":"https:\\/\\/a.nel.cloudflare.com\\/report\\/v4?s=BwDM4CJkpPh3uv9UQMTTzAUZNb4evWas7KzVjQhrwDLTTPeSXDLmlrkD7Uby0BtxnyeudbS7mZcyuev91JwX4d3hADnH2YcDC84IZ6DNCGdGN%2Fx4iH8jYsfVkhDo5nWm"}],"group":"cf-nel","max_age":604800}', 'NEL': '{"success_fraction":0,"report_to":"cf-nel","max_age":604800}', 'Server': 'cloudflare', 'CF-RAY': '88ae3d5b99b13913-IAD', 'alt-svc': 'h3=":443"; ma=86400'} 
 body={"results":[{"gender":"male","name":{"title":"Mr","first":"Mads","last":"Poulsen"},"location":{"street":{"number":9228,"name":"Dalsvinget"},"city":"Silkeboeg","state":"Syddanmark","country":"Denmark","postcode":26759,"coordinates":{"latitude":"-45.3741","longitude":"-166.1997"},"timezone":{"offset":"+9:00","description":"Tokyo, Seoul, Osaka, Sapporo, Yakutsk"}},"email":"mads.poulsen@example.com","login":{"uuid":"8dde1bf2-12d9-4c20-8470-25d1cf18ecbf","username":"heavybear212","password":"crave","salt":"glZJUkbV","md5":"3d3fd1343b2511413e3beea615a38022","sha1":"cf8c98b176bd95d46d4c8ccd9ea6018f7eb26314","sha256":"57c287ae043b2fe3392637ce0bad51a26c52ce005a88d81ec42fff7af2bbc649"},"dob":{"date":"1962-10-13T05:42:01.229Z","age":61},"registered":{"date":"2019-06-27T18:09:05.841Z","age":4},"phone":"79158769","cell":"69596717","id":{"name":"CPR","value":"131062-7985"},"picture":{"large":"https://randomuser.me/api/portraits/men/11.jpg","medium":"https://randomuser.me/api/portraits/med/men/11.jpg","thumbnail":"https://randomuser.me/api/portraits/thumb/men/11.jpg"},"nat":"DK"}],"info":{"seed":"f946302a3fea578b","results":1,"page":1,"version":"1.4"}} 
 </msg>
<msg time="2024-05-28T12:27:35.685523" level="INFO">/opt/hostedtoolcache/Python/3.12.3/x64/lib/python3.12/site-packages/urllib3/connectionpool.py:1103: InsecureRequestWarning: Unverified HTTPS request is being made to host 'randomuser.me'. Adding certificate verification is strongly advised. See: https://urllib3.readthedocs.io/en/latest/advanced-usage.html#tls-warnings
  warnings.warn(</msg>
<msg time="2024-05-28T12:27:35.685635" level="INFO">${response} = &lt;Response [200]&gt;</msg>
<var>${response}</var>
<arg>consultarAPI</arg>
<arg>/api</arg>
<doc>Sends a GET request on a previously created HTTP Session.</doc>
<status status="PASS" start="2024-05-28T12:27:35.608619" elapsed="0.077054"/>
</kw>
<kw name="Set Variable" owner="BuiltIn">
<msg time="2024-05-28T12:27:35.686602" level="INFO">${json_data} = {'results': [{'gender': 'male', 'name': {'title': 'Mr', 'first': 'Mads', 'last': 'Poulsen'}, 'location': {'street': {'number': 9228, 'name': 'Dalsvinget'}, 'city': 'Silkeboeg', 'state': 'Syddanmark', ...</msg>
<var>${json_data}</var>
<arg>${response.json()}</arg>
<doc>Returns the given values which can then be assigned to a variables.</doc>
<status status="PASS" start="2024-05-28T12:27:35.686149" elapsed="0.000482"/>
</kw>
<kw name="Log" owner="BuiltIn">
<msg time="2024-05-28T12:27:35.687142" level="INFO">{'results': [{'gender': 'male', 'name': {'title': 'Mr', 'first': 'Mads', 'last': 'Poulsen'}, 'location': {'street': {'number': 9228, 'name': 'Dalsvinget'}, 'city': 'Silkeboeg', 'state': 'Syddanmark', 'country': 'Denmark', 'postcode': 26759, 'coordinates': {'latitude': '-45.3741', 'longitude': '-166.1997'}, 'timezone': {'offset': '+9:00', 'description': 'Tokyo, Seoul, Osaka, Sapporo, Yakutsk'}}, 'email': 'mads.poulsen@example.com', 'login': {'uuid': '8dde1bf2-12d9-4c20-8470-25d1cf18ecbf', 'username': 'heavybear212', 'password': 'crave', 'salt': 'glZJUkbV', 'md5': '3d3fd1343b2511413e3beea615a38022', 'sha1': 'cf8c98b176bd95d46d4c8ccd9ea6018f7eb26314', 'sha256': '57c287ae043b2fe3392637ce0bad51a26c52ce005a88d81ec42fff7af2bbc649'}, 'dob': {'date': '1962-10-13T05:42:01.229Z', 'age': 61}, 'registered': {'date': '2019-06-27T18:09:05.841Z', 'age': 4}, 'phone': '79158769', 'cell': '69596717', 'id': {'name': 'CPR', 'value': '131062-7985'}, 'picture': {'large': 'https://randomuser.me/api/portraits/men/11.jpg', 'medium': 'https://randomuser.me/api/portraits/med/men/11.jpg', 'thumbnail': 'https://randomuser.me/api/portraits/thumb/men/11.jpg'}, 'nat': 'DK'}], 'info': {'seed': 'f946302a3fea578b', 'results': 1, 'page': 1, 'version': '1.4'}}</msg>
<arg>${json_data}</arg>
<doc>Logs the given message with the given level.</doc>
<status status="PASS" start="2024-05-28T12:27:35.686946" elapsed="0.000275"/>
</kw>
<kw name="Should Be Equal As Numbers" owner="BuiltIn">
<arg>${json_data['results'][0]['location']['postcode']}</arg>
<arg>${json_data['results'][0]['location']['postcode']}</arg>
<doc>Fails if objects are unequal after converting them to real numbers.</doc>
<status status="PASS" start="2024-05-28T12:27:35.687523" elapsed="0.000614"/>
</kw>
<kw name="Log" owner="BuiltIn">
<msg time="2024-05-28T12:27:35.688677" level="INFO">26759</msg>
<arg>${json_data['results'][0]['location']['postcode']}</arg>
<doc>Logs the given message with the given level.</doc>
<status status="PASS" start="2024-05-28T12:27:35.688347" elapsed="0.000371"/>
</kw>
<status status="PASS" start="2024-05-28T12:27:35.608381" elapsed="0.080586"/>
</kw>
<doc>Testa se os tipos de dados na resposta da API estão corretos.</doc>
<tag>testeTiposDados</tag>
<status status="PASS" start="2024-05-28T12:27:35.503907" elapsed="0.185224"/>
</test>
<test id="s1-s1-t5" name="Validar conteudo" line="35">
<kw name="Teste de Tipos de Conteudo" owner="random-user-service">
<kw name="GET On Session" owner="RequestsLibrary">
<msg time="2024-05-28T12:27:35.796501" level="INFO">GET Request : url=https://randomuser.me/api 
 path_url=/api 
 headers={'User-Agent': 'python-requests/2.32.2', 'Accept-Encoding': 'gzip, deflate', 'Accept': '*/*', 'Connection': 'keep-alive'} 
 body=None 
 </msg>
<msg time="2024-05-28T12:27:35.796581" level="INFO">GET Response : url=https://randomuser.me/api 
 status=200, reason=OK 
 headers={'Date': 'Tue, 28 May 2024 12:27:35 GMT', 'Content-Type': 'application/json; charset=utf-8', 'Transfer-Encoding': 'chunked', 'Connection': 'keep-alive', 'X-Powered-By': 'Express', 'Access-Control-Allow-Origin': '*', 'Cache-Control': 'no-cache', 'ETag': 'W/"49f-qp0Qvdt1bl8Ae+VZiFT4hBwhO2U"', 'Vary': 'Accept-Encoding', 'Content-Encoding': 'gzip', 'CF-Cache-Status': 'DYNAMIC', 'Report-To': '{"endpoints":[{"url":"https:\\/\\/a.nel.cloudflare.com\\/report\\/v4?s=EK2ytbrwXn524%2FeTDkQ0MSzqZ8rA%2FKbWSKKLNoDq5xSR8We7WTMbcABZvVL9Jz%2BhzH7n6Wsbhqq%2Fams%2F%2BSn0oMKxOuAcgfb%2BHqoTeZSt7vn3OLePz7dMV%2FOTKV8UCP5q"}],"group":"cf-nel","max_age":604800}', 'NEL': '{"success_fraction":0,"report_to":"cf-nel","max_age":604800}', 'Server': 'cloudflare', 'CF-RAY': '88ae3d5c1a4a3913-IAD', 'alt-svc': 'h3=":443"; ma=86400'} 
 body={"results":[{"gender":"male","name":{"title":"Mr","first":"Guido","last":"Ferreira"},"location":{"street":{"number":1673,"name":"Rua Castro Alves "},"city":"Linhares","state":"Santa Catarina","country":"Brazil","postcode":47416,"coordinates":{"latitude":"-77.7543","longitude":"-22.5781"},"timezone":{"offset":"+5:30","description":"Bombay, Calcutta, Madras, New Delhi"}},"email":"guido.ferreira@example.com","login":{"uuid":"76b227e6-69da-4f35-a8c0-b9c7fce91f43","username":"silverbird721","password":"leather","salt":"AK2P0nwh","md5":"47030fc7d08c3d876b1318e2a7e5ef5e","sha1":"4827e546fd07f195176dd95d30a67c34ad214599","sha256":"48e66834ea978f25bc4b99fa362e3cacf2ba8953191b869502c3abd08aaf1981"},"dob":{"date":"1979-03-22T11:58:33.505Z","age":45},"registered":{"date":"2018-04-26T14:16:33.117Z","age":6},"phone":"(97) 8519-2192","cell":"(10) 5210-0116","id":{"name":"CPF","value":"886.351.559-23"},"picture":{"large":"https://randomuser.me/api/portraits/men/48.jpg","medium":"https://randomuser.me/api/portraits/med/men/48.jpg","thumbnail":"https://randomuser.me/api/portraits/thumb/men/48.jpg"},"nat":"BR"}],"info":{"seed":"854ffee5bdb1b5c6","results":1,"page":1,"version":"1.4"}} 
 </msg>
<msg time="2024-05-28T12:27:35.796669" level="INFO">/opt/hostedtoolcache/Python/3.12.3/x64/lib/python3.12/site-packages/urllib3/connectionpool.py:1103: InsecureRequestWarning: Unverified HTTPS request is being made to host 'randomuser.me'. Adding certificate verification is strongly advised. See: https://urllib3.readthedocs.io/en/latest/advanced-usage.html#tls-warnings
  warnings.warn(</msg>
<msg time="2024-05-28T12:27:35.796814" level="INFO">${response} = &lt;Response [200]&gt;</msg>
<var>${response}</var>
<arg>consultarAPI</arg>
<arg>/api</arg>
<doc>Sends a GET request on a previously created HTTP Session.</doc>
<status status="PASS" start="2024-05-28T12:27:35.691629" elapsed="0.105233"/>
</kw>
<kw name="Set Variable" owner="BuiltIn">
<msg time="2024-05-28T12:27:35.798110" level="INFO">${json_data} = {'results': [{'gender': 'male', 'name': {'title': 'Mr', 'first': 'Guido', 'last': 'Ferreira'}, 'location': {'street': {'number': 1673, 'name': 'Rua Castro Alves '}, 'city': 'Linhares', 'state': 'Santa...</msg>
<var>${json_data}</var>
<arg>${response.json()}</arg>
<doc>Returns the given values which can then be assigned to a variables.</doc>
<status status="PASS" start="2024-05-28T12:27:35.797372" elapsed="0.000782"/>
</kw>
<kw name="Set Variable" owner="BuiltIn">
<msg time="2024-05-28T12:27:35.799299" level="INFO">${name_title} = Mr</msg>
<var>${name_title}</var>
<arg>${json_data["results"][0]["name"]["title"]}</arg>
<doc>Returns the given values which can then be assigned to a variables.</doc>
<status status="PASS" start="2024-05-28T12:27:35.798636" elapsed="0.000702"/>
</kw>
<kw name="Create List" owner="BuiltIn">
<msg time="2024-05-28T12:27:35.800021" level="INFO">${allowed_titles} = ['Mr', 'Ms', 'Miss', 'Mrs', 'Madame', 'Monsieur']</msg>
<var>${allowed_titles}</var>
<arg>Mr</arg>
<arg>Ms</arg>
<arg>Miss</arg>
<arg>Mrs</arg>
<arg>Madame</arg>
<arg>Monsieur</arg>
<doc>Returns a list containing given items.</doc>
<status status="PASS" start="2024-05-28T12:27:35.799782" elapsed="0.000279"/>
</kw>
<kw name="List Should Contain Value" owner="Collections">
<msg time="2024-05-28T12:27:35.800850" level="INFO">False</msg>
<arg>${allowed_titles}</arg>
<arg>${name_title}</arg>
<doc>Fails if the ``value`` is not found from ``list``.</doc>
<status status="PASS" start="2024-05-28T12:27:35.800570" elapsed="0.000345"/>
</kw>
<kw name="Set Variable" owner="BuiltIn">
<msg time="2024-05-28T12:27:35.802254" level="INFO">${name_country} = BR</msg>
<var>${name_country}</var>
<arg>${json_data["results"][0]["nat"]}</arg>
<doc>Returns the given values which can then be assigned to a variables.</doc>
<status status="PASS" start="2024-05-28T12:27:35.801389" elapsed="0.000906"/>
</kw>
<kw name="Create List" owner="BuiltIn">
<msg time="2024-05-28T12:27:35.803933" level="INFO">${list_country} = ['AD', 'AE', 'AF', 'AG', 'AI', 'AL', 'AM', 'AO', 'AQ', 'AR', 'AS', 'AT', 'AU', 'AW', 'AX', 'AZ', 'BA', 'BB', 'BD', 'BE', 'BF', 'BG', 'BH', 'BI', 'BJ', 'BL', 'BM', 'BN', 'BO', 'BQ', 'BR', 'BS', 'BT', '...</msg>
<var>${list_country}</var>
<arg>AD</arg>
<arg>AE</arg>
<arg>AF</arg>
<arg>AG</arg>
<arg>AI</arg>
<arg>AL</arg>
<arg>AM</arg>
<arg>AO</arg>
<arg>AQ</arg>
<arg>AR</arg>
<arg>AS</arg>
<arg>AT</arg>
<arg>AU</arg>
<arg>AW</arg>
<arg>AX</arg>
<arg>AZ</arg>
<arg>BA</arg>
<arg>BB</arg>
<arg>BD</arg>
<arg>BE</arg>
<arg>BF</arg>
<arg>BG</arg>
<arg>BH</arg>
<arg>BI</arg>
<arg>BJ</arg>
<arg>BL</arg>
<arg>BM</arg>
<arg>BN</arg>
<arg>BO</arg>
<arg>BQ</arg>
<arg>BR</arg>
<arg>BS</arg>
<arg>BT</arg>
<arg>BV</arg>
<arg>BW</arg>
<arg>BY</arg>
<arg>BZ</arg>
<arg>CA</arg>
<arg>CC</arg>
<arg>CD</arg>
<arg>CF</arg>
<arg>CG</arg>
<arg>CH</arg>
<arg>CI</arg>
<arg>CK</arg>
<arg>CL</arg>
<arg>CM</arg>
<arg>CN</arg>
<arg>CO</arg>
<arg>CR</arg>
<arg>CU</arg>
<arg>CV</arg>
<arg>CW</arg>
<arg>CX</arg>
<arg>CY</arg>
<arg>CZ</arg>
<arg>DE</arg>
<arg>DJ</arg>
<arg>DK</arg>
<arg>DM</arg>
<arg>DO</arg>
<arg>DZ</arg>
<arg>EC</arg>
<arg>EE</arg>
<arg>EG</arg>
<arg>EH</arg>
<arg>ER</arg>
<arg>ES</arg>
<arg>ET</arg>
<arg>FI</arg>
<arg>FJ</arg>
<arg>FK</arg>
<arg>FM</arg>
<arg>FO</arg>
<arg>FR</arg>
<arg>GA</arg>
<arg>GB</arg>
<arg>GD</arg>
<arg>GE</arg>
<arg>GF</arg>
<arg>GG</arg>
<arg>GH</arg>
<arg>GI</arg>
<arg>GL</arg>
<arg>GM</arg>
<arg>GN</arg>
<arg>GP</arg>
<arg>GQ</arg>
<arg>GR</arg>
<arg>GS</arg>
<arg>GT</arg>
<arg>GU</arg>
<arg>GW</arg>
<arg>GY</arg>
<arg>HK</arg>
<arg>HM</arg>
<arg>HN</arg>
<arg>HR</arg>
<arg>HT</arg>
<arg>HU</arg>
<arg>ID</arg>
<arg>IE</arg>
<arg>IL</arg>
<arg>IM</arg>
<arg>IN</arg>
<arg>IO</arg>
<arg>IQ</arg>
<arg>IR</arg>
<arg>IS</arg>
<arg>IT</arg>
<arg>JE</arg>
<arg>JM</arg>
<arg>JO</arg>
<arg>JP</arg>
<arg>KE</arg>
<arg>KG</arg>
<arg>KH</arg>
<arg>KI</arg>
<arg>KM</arg>
<arg>KN</arg>
<arg>KP</arg>
<arg>KR</arg>
<arg>KW</arg>
<arg>KY</arg>
<arg>KZ</arg>
<arg>LA</arg>
<arg>LB</arg>
<arg>LC</arg>
<arg>LI</arg>
<arg>LK</arg>
<arg>LR</arg>
<arg>LS</arg>
<arg>LT</arg>
<arg>LU</arg>
<arg>LV</arg>
<arg>LY</arg>
<arg>MA</arg>
<arg>MC</arg>
<arg>MD</arg>
<arg>ME</arg>
<arg>MF</arg>
<arg>MG</arg>
<arg>MH</arg>
<arg>MK</arg>
<arg>ML</arg>
<arg>MM</arg>
<arg>MN</arg>
<arg>MO</arg>
<arg>MP</arg>
<arg>MQ</arg>
<arg>MR</arg>
<arg>MS</arg>
<arg>MT</arg>
<arg>MU</arg>
<arg>MV</arg>
<arg>MW</arg>
<arg>MX</arg>
<arg>MY</arg>
<arg>MZ</arg>
<arg>NA</arg>
<arg>NC</arg>
<arg>NE</arg>
<arg>NF</arg>
<arg>NG</arg>
<arg>NI</arg>
<arg>NL</arg>
<arg>NO</arg>
<arg>NP</arg>
<arg>NR</arg>
<arg>NU</arg>
<arg>NZ</arg>
<arg>OM</arg>
<arg>PA</arg>
<arg>PE</arg>
<arg>PF</arg>
<arg>PG</arg>
<arg>PH</arg>
<arg>PK</arg>
<arg>PL</arg>
<arg>PM</arg>
<arg>PN</arg>
<arg>PR</arg>
<arg>PS</arg>
<arg>PT</arg>
<arg>PW</arg>
<arg>PY</arg>
<arg>QA</arg>
<arg>RE</arg>
<arg>RO</arg>
<arg>RS</arg>
<arg>RU</arg>
<arg>RW</arg>
<arg>SA</arg>
<arg>SB</arg>
<arg>SC</arg>
<arg>SD</arg>
<arg>SE</arg>
<arg>SG</arg>
<arg>SH</arg>
<arg>SI</arg>
<arg>SJ</arg>
<arg>SK</arg>
<arg>SL</arg>
<arg>SM</arg>
<arg>SN</arg>
<arg>SO</arg>
<arg>SR</arg>
<arg>SS</arg>
<arg>ST</arg>
<arg>SV</arg>
<arg>SX</arg>
<arg>SY</arg>
<arg>SZ</arg>
<arg>TC</arg>
<arg>TD</arg>
<arg>TF</arg>
<arg>TG</arg>
<arg>TH</arg>
<arg>TJ</arg>
<arg>TK</arg>
<arg>TL</arg>
<arg>TM</arg>
<arg>TN</arg>
<arg>TO</arg>
<arg>TR</arg>
<arg>TT</arg>
<arg>TV</arg>
<arg>TW</arg>
<arg>TZ</arg>
<arg>UA</arg>
<arg>UG</arg>
<arg>UM</arg>
<arg>US</arg>
<arg>UY</arg>
<arg>UZ</arg>
<arg>VA</arg>
<arg>VC</arg>
<arg>VE</arg>
<arg>VG</arg>
<arg>VI</arg>
<arg>VN</arg>
<arg>VU</arg>
<arg>WF</arg>
<arg>WS</arg>
<arg>XK</arg>
<arg>YE</arg>
<arg>YT</arg>
<arg>ZA</arg>
<arg>ZM</arg>
<arg>ZW</arg>
<doc>Returns a list containing given items.</doc>
<status status="PASS" start="2024-05-28T12:27:35.802764" elapsed="0.001219"/>
</kw>
<kw name="List Should Contain Value" owner="Collections">
<msg time="2024-05-28T12:27:35.805785" level="INFO">False</msg>
<arg>${list_country}</arg>
<arg>${name_country}</arg>
<doc>Fails if the ``value`` is not found from ``list``.</doc>
<status status="PASS" start="2024-05-28T12:27:35.805456" elapsed="0.000387"/>
</kw>
<kw name="Run Keyword If" owner="BuiltIn">
<kw name="Should Be True" owner="BuiltIn">
<arg>${True}</arg>
<doc>Fails if the given condition is not true.</doc>
<status status="PASS" start="2024-05-28T12:27:35.807661" elapsed="0.000225"/>
</kw>
<arg>${json_data["results"][0]["location"]["coordinates"]["latitude"]} &gt;= -90 and ${json_data["results"][0]["location"]["coordinates"]["latitude"]} &lt;= 90</arg>
<arg>Should Be True</arg>
<arg>${True}</arg>
<doc>Runs the given keyword with the given arguments, if ``condition`` is true.</doc>
<status status="PASS" start="2024-05-28T12:27:35.806339" elapsed="0.001752"/>
</kw>
<kw name="Run Keyword If" owner="BuiltIn">
<kw name="Should Be True" owner="BuiltIn">
<arg>${True}</arg>
<doc>Fails if the given condition is not true.</doc>
<status status="PASS" start="2024-05-28T12:27:35.809600" elapsed="0.000234"/>
</kw>
<arg>${json_data["results"][0]["location"]["coordinates"]["longitude"]} &gt;= -180 and ${json_data["results"][0]["location"]["coordinates"]["longitude"]} &lt;= 180</arg>
<arg>Should Be True</arg>
<arg>${True}</arg>
<doc>Runs the given keyword with the given arguments, if ``condition`` is true.</doc>
<status status="PASS" start="2024-05-28T12:27:35.808411" elapsed="0.001652"/>
</kw>
<status status="PASS" start="2024-05-28T12:27:35.691404" elapsed="0.118884"/>
</kw>
<doc>Testa o conteúdo específico dos campos retornados pela API.</doc>
<tag>testeConteudo</tag>
<status status="PASS" start="2024-05-28T12:27:35.690858" elapsed="0.119667"/>
</test>
<status status="PASS" start="2024-05-28T12:27:34.876667" elapsed="0.937213"/>
</suite>
<status status="PASS" start="2024-05-28T12:27:34.863242" elapsed="0.957963"/>
</suite>
<statistics>
<total>
<stat pass="5" fail="0" skip="0">All Tests</stat>
</total>
<tag>
<stat pass="1" fail="0" skip="0">testeConteudo</stat>
<stat pass="1" fail="0" skip="0">testeEstruturaResposta</stat>
<stat pass="1" fail="0" skip="0">testeRequisicaoBasica</stat>
<stat pass="1" fail="0" skip="0">testeTiposDados</stat>
</tag>
<suite>
<stat pass="5" fail="0" skip="0" id="s1" name="Tests">Tests</stat>
<stat pass="5" fail="0" skip="0" id="s1-s1" name="Random-User-Test">Tests.Random-User-Test</stat>
</suite>
</statistics>
<errors>
</errors>
</robot>
