<?xml version="1.0" encoding="UTF-8"?>
<robot generator="Robot 7.0 (Python 3.12.3 on linux)" generated="2024-06-04T21:13:43.306257" rpa="false" schemaversion="5">
<suite id="s1" name="Tests" source="/home/runner/work/ApiRandomUser/ApiRandomUser/RamdonUser/tests">
<suite id="s1-s1" name="Random-User-Test" source="/home/runner/work/ApiRandomUser/ApiRandomUser/RamdonUser/tests/random-user-test.robot">
<test id="s1-s1-t1" name="Conectar" line="13">
<kw name="Conectar API" owner="random-user-service">
<kw name="Create Session" owner="RequestsLibrary">
<msg time="2024-06-04T21:13:43.714589" level="INFO">Creating Session using : alias=consultarAPI, url=https://randomuser.me/, headers={},                     cookies={}, auth=None, timeout=None, proxies=None, verify=False,                     debug=0 </msg>
<arg>consultarAPI</arg>
<arg>${URL}</arg>
<doc>Create Session: create a HTTP session to a server</doc>
<status status="PASS" start="2024-06-04T21:13:43.714351" elapsed="0.000446"/>
</kw>
<status status="PASS" start="2024-06-04T21:13:43.713152" elapsed="0.002082"/>
</kw>
<status status="PASS" start="2024-06-04T21:13:43.712513" elapsed="0.002947"/>
</test>
<test id="s1-s1-t2" name="Validar retorno 200 e JSON Válido" line="16">
<kw name="Teste de Requisicao Basica" owner="random-user-service">
<kw name="GET On Session" owner="RequestsLibrary">
<msg time="2024-06-04T21:13:43.817430" level="INFO">GET Request : url=https://randomuser.me/api 
 path_url=/api 
 headers={'User-Agent': 'python-requests/2.32.3', 'Accept-Encoding': 'gzip, deflate', 'Accept': '*/*', 'Connection': 'keep-alive'} 
 body=None 
 </msg>
<msg time="2024-06-04T21:13:43.817607" level="INFO">GET Response : url=https://randomuser.me/api 
 status=200, reason=OK 
 headers={'Date': 'Tue, 04 Jun 2024 21:13:43 GMT', 'Content-Type': 'application/json; charset=utf-8', 'Transfer-Encoding': 'chunked', 'Connection': 'keep-alive', 'X-Powered-By': 'Express', 'Access-Control-Allow-Origin': '*', 'Cache-Control': 'no-cache', 'ETag': 'W/"48c-kgOE/Bn4+qQzR+s7405r05pwdJc"', 'Vary': 'Accept-Encoding', 'Content-Encoding': 'gzip', 'CF-Cache-Status': 'DYNAMIC', 'Report-To': '{"endpoints":[{"url":"https:\\/\\/a.nel.cloudflare.com\\/report\\/v4?s=GU%2BHKLU9F8Ad0qQ7vQDrdLTXoC%2Bbvfz4z6x85n6N391Mv7dyjj8Jbz6%2FR7uz2upjoHkczW%2FS%2F2HQ38k%2BTOdKGipce9LUw0VkM2wC3xe7laZ1giJxU36a3EAino96uVGy"}],"group":"cf-nel","max_age":604800}', 'NEL': '{"success_fraction":0,"report_to":"cf-nel","max_age":604800}', 'Server': 'cloudflare', 'CF-RAY': '88eaedb06ff07f56-IAD', 'alt-svc': 'h3=":443"; ma=86400'} 
 body={"results":[{"gender":"male","name":{"title":"Mr","first":"Chestislav","last":"Lagno"},"location":{"street":{"number":661,"name":"Gogolivska"},"city":"Antracit","state":"Odeska","country":"Ukraine","postcode":77348,"coordinates":{"latitude":"80.0017","longitude":"-169.3135"},"timezone":{"offset":"-4:00","description":"Atlantic Time (Canada), Caracas, La Paz"}},"email":"chestislav.lagno@example.com","login":{"uuid":"f741409b-f6c4-43d9-96b3-100d7a8adf48","username":"sadelephant203","password":"glennwei","salt":"9xVto2Jh","md5":"b0b45ed800105c6d87a56d7eeeb0b305","sha1":"358373ce748934c19e3e482e8576a0957225fc4a","sha256":"e38451b2319b621020a22c6aa62fd065c5a10c575d632b1fbeda76c74ca4d88b"},"dob":{"date":"1947-08-07T01:54:50.380Z","age":76},"registered":{"date":"2002-08-31T02:53:17.716Z","age":21},"phone":"(096) R56-8925","cell":"(097) T06-1219","id":{"name":"","value":null},"picture":{"large":"https://randomuser.me/api/portraits/men/86.jpg","medium":"https://randomuser.me/api/portraits/med/men/86.jpg","thumbnail":"https://randomuser.me/api/portraits/thumb/men/86.jpg"},"nat":"UA"}],"info":{"seed":"12c978ab58da6d96","results":1,"page":1,"version":"1.4"}} 
 </msg>
<msg time="2024-06-04T21:13:43.817690" level="INFO">/opt/hostedtoolcache/Python/3.12.3/x64/lib/python3.12/site-packages/urllib3/connectionpool.py:1103: InsecureRequestWarning: Unverified HTTPS request is being made to host 'randomuser.me'. Adding certificate verification is strongly advised. See: https://urllib3.readthedocs.io/en/latest/advanced-usage.html#tls-warnings
  warnings.warn(</msg>
<msg time="2024-06-04T21:13:43.817853" level="INFO">${response} = &lt;Response [200]&gt;</msg>
<var>${response}</var>
<arg>consultarAPI</arg>
<arg>/api</arg>
<doc>Sends a GET request on a previously created HTTP Session.</doc>
<status status="PASS" start="2024-06-04T21:13:43.718353" elapsed="0.099534"/>
</kw>
<kw name="Should Be Equal As Numbers" owner="BuiltIn">
<msg time="2024-06-04T21:13:43.818899" level="INFO">Argument types are:
&lt;class 'int'&gt;
&lt;class 'str'&gt;</msg>
<arg>${response.status_code}</arg>
<arg>200</arg>
<doc>Fails if objects are unequal after converting them to real numbers.</doc>
<status status="PASS" start="2024-06-04T21:13:43.818428" elapsed="0.000540"/>
</kw>
<kw name="Log" owner="BuiltIn">
<msg time="2024-06-04T21:13:43.819712" level="INFO">200</msg>
<arg>${response.status_code}</arg>
<doc>Logs the given message with the given level.</doc>
<status status="PASS" start="2024-06-04T21:13:43.819344" elapsed="0.000417"/>
</kw>
<kw name="Set Variable" owner="BuiltIn">
<msg time="2024-06-04T21:13:43.820518" level="INFO">${json_data} = {'results': [{'gender': 'male', 'name': {'title': 'Mr', 'first': 'Chestislav', 'last': 'Lagno'}, 'location': {'street': {'number': 661, 'name': 'Gogolivska'}, 'city': 'Antracit', 'state': 'Odeska', 'c...</msg>
<var>${json_data}</var>
<arg>${response.json()}</arg>
<doc>Returns the given values which can then be assigned to a variables.</doc>
<status status="PASS" start="2024-06-04T21:13:43.820081" elapsed="0.000466"/>
</kw>
<kw name="Dictionary Should Contain Key" owner="Collections">
<msg time="2024-06-04T21:13:43.821038" level="INFO">False</msg>
<arg>${json_data}</arg>
<arg>results</arg>
<doc>Fails if ``key`` is not found from ``dictionary``.</doc>
<status status="PASS" start="2024-06-04T21:13:43.820862" elapsed="0.000439"/>
</kw>
<status status="PASS" start="2024-06-04T21:13:43.718059" elapsed="0.103525"/>
</kw>
<doc>Testa se a API responde corretamente e retorna um objeto JSON válido.</doc>
<tag>testeRequisicaoBasica</tag>
<status status="PASS" start="2024-06-04T21:13:43.717458" elapsed="0.104312"/>
</test>
<test id="s1-s1-t3" name="Validar estrutura de resposta" line="22">
<kw name="Teste de Estrutura de Resposta" owner="random-user-service">
<kw name="GET On Session" owner="RequestsLibrary">
<msg time="2024-06-04T21:13:43.896526" level="INFO">GET Request : url=https://randomuser.me/api 
 path_url=/api 
 headers={'User-Agent': 'python-requests/2.32.3', 'Accept-Encoding': 'gzip, deflate', 'Accept': '*/*', 'Connection': 'keep-alive'} 
 body=None 
 </msg>
<msg time="2024-06-04T21:13:43.896635" level="INFO">GET Response : url=https://randomuser.me/api 
 status=200, reason=OK 
 headers={'Date': 'Tue, 04 Jun 2024 21:13:43 GMT', 'Content-Type': 'application/json; charset=utf-8', 'Transfer-Encoding': 'chunked', 'Connection': 'keep-alive', 'X-Powered-By': 'Express', 'Access-Control-Allow-Origin': '*', 'Cache-Control': 'no-cache', 'ETag': 'W/"4a4-wpXpmvd/CXpGSugP96CHPXovyM8"', 'Vary': 'Accept-Encoding', 'Content-Encoding': 'gzip', 'CF-Cache-Status': 'DYNAMIC', 'Report-To': '{"endpoints":[{"url":"https:\\/\\/a.nel.cloudflare.com\\/report\\/v4?s=G4R%2FGF1fcGIBkwmWf6JfDunZKnPZPXcJ2YVxcTJTU6bWiI7RfxX%2BiB76SYyhJ2ea0Yld5hHrQO7KuTRvOY1uT4bXI1LmTFAR8r6W81Au%2FUlR7pyq%2BmcQKoDWTpuMx8jv"}],"group":"cf-nel","max_age":604800}', 'NEL': '{"success_fraction":0,"report_to":"cf-nel","max_age":604800}', 'Server': 'cloudflare', 'CF-RAY': '88eaedb0e8947f56-IAD', 'alt-svc': 'h3=":443"; ma=86400'} 
 body={"results":[{"gender":"female","name":{"title":"Mrs","first":"Sanni","last":"Rinne"},"location":{"street":{"number":8024,"name":"Nordenskiöldinkatu"},"city":"Kihniö","state":"Southern Ostrobothnia","country":"Finland","postcode":51185,"coordinates":{"latitude":"-24.2125","longitude":"25.4806"},"timezone":{"offset":"-3:00","description":"Brazil, Buenos Aires, Georgetown"}},"email":"sanni.rinne@example.com","login":{"uuid":"dc75c74c-71d8-447e-b0d3-d36d3b8498f7","username":"bluesnake290","password":"sparta","salt":"e2IqC50b","md5":"94c4286ccd59080c4ba4633050983419","sha1":"54f3bf4604429ff7dc4feac86681a778db3faaa1","sha256":"3299946214480bb7df3c5114ac69abe210a7f118ba269ae7b08803ed81f3c1aa"},"dob":{"date":"1967-04-18T17:32:46.407Z","age":57},"registered":{"date":"2019-04-05T05:09:03.308Z","age":5},"phone":"07-535-594","cell":"045-721-29-05","id":{"name":"HETU","value":"NaNNA674undefined"},"picture":{"large":"https://randomuser.me/api/portraits/women/20.jpg","medium":"https://randomuser.me/api/portraits/med/women/20.jpg","thumbnail":"https://randomuser.me/api/portraits/thumb/women/20.jpg"},"nat":"FI"}],"info":{"seed":"e4cca4addd30ed0c","results":1,"page":1,"version":"1.4"}} 
 </msg>
<msg time="2024-06-04T21:13:43.896784" level="INFO">/opt/hostedtoolcache/Python/3.12.3/x64/lib/python3.12/site-packages/urllib3/connectionpool.py:1103: InsecureRequestWarning: Unverified HTTPS request is being made to host 'randomuser.me'. Adding certificate verification is strongly advised. See: https://urllib3.readthedocs.io/en/latest/advanced-usage.html#tls-warnings
  warnings.warn(</msg>
<msg time="2024-06-04T21:13:43.896929" level="INFO">${response} = &lt;Response [200]&gt;</msg>
<var>${response}</var>
<arg>consultarAPI</arg>
<arg>/api</arg>
<doc>Sends a GET request on a previously created HTTP Session.</doc>
<status status="PASS" start="2024-06-04T21:13:43.824739" elapsed="0.072232"/>
</kw>
<kw name="Set Variable" owner="BuiltIn">
<msg time="2024-06-04T21:13:43.898016" level="INFO">${json_data} = {'results': [{'gender': 'female', 'name': {'title': 'Mrs', 'first': 'Sanni', 'last': 'Rinne'}, 'location': {'street': {'number': 8024, 'name': 'Nordenskiöldinkatu'}, 'city': 'Kihniö', 'state': 'Southe...</msg>
<var>${json_data}</var>
<arg>${response.json()}</arg>
<doc>Returns the given values which can then be assigned to a variables.</doc>
<status status="PASS" start="2024-06-04T21:13:43.897482" elapsed="0.000564"/>
</kw>
<kw name="Log" owner="BuiltIn">
<msg time="2024-06-04T21:13:43.898566" level="INFO">{'results': [{'gender': 'female', 'name': {'title': 'Mrs', 'first': 'Sanni', 'last': 'Rinne'}, 'location': {'street': {'number': 8024, 'name': 'Nordenskiöldinkatu'}, 'city': 'Kihniö', 'state': 'Southern Ostrobothnia', 'country': 'Finland', 'postcode': 51185, 'coordinates': {'latitude': '-24.2125', 'longitude': '25.4806'}, 'timezone': {'offset': '-3:00', 'description': 'Brazil, Buenos Aires, Georgetown'}}, 'email': 'sanni.rinne@example.com', 'login': {'uuid': 'dc75c74c-71d8-447e-b0d3-d36d3b8498f7', 'username': 'bluesnake290', 'password': 'sparta', 'salt': 'e2IqC50b', 'md5': '94c4286ccd59080c4ba4633050983419', 'sha1': '54f3bf4604429ff7dc4feac86681a778db3faaa1', 'sha256': '3299946214480bb7df3c5114ac69abe210a7f118ba269ae7b08803ed81f3c1aa'}, 'dob': {'date': '1967-04-18T17:32:46.407Z', 'age': 57}, 'registered': {'date': '2019-04-05T05:09:03.308Z', 'age': 5}, 'phone': '07-535-594', 'cell': '045-721-29-05', 'id': {'name': 'HETU', 'value': 'NaNNA674undefined'}, 'picture': {'large': 'https://randomuser.me/api/portraits/women/20.jpg', 'medium': 'https://randomuser.me/api/portraits/med/women/20.jpg', 'thumbnail': 'https://randomuser.me/api/portraits/thumb/women/20.jpg'}, 'nat': 'FI'}], 'info': {'seed': 'e4cca4addd30ed0c', 'results': 1, 'page': 1, 'version': '1.4'}}</msg>
<arg>${json_data}</arg>
<doc>Logs the given message with the given level.</doc>
<status status="PASS" start="2024-06-04T21:13:43.898394" elapsed="0.000225"/>
</kw>
<kw name="Dictionary Should Contain Key" owner="Collections">
<msg time="2024-06-04T21:13:43.899099" level="INFO">False</msg>
<arg>${json_data}</arg>
<arg>results</arg>
<doc>Fails if ``key`` is not found from ``dictionary``.</doc>
<status status="PASS" start="2024-06-04T21:13:43.898932" elapsed="0.000204"/>
</kw>
<kw name="Should Not Be Empty" owner="BuiltIn">
<msg time="2024-06-04T21:13:43.899573" level="INFO">Length is 2.</msg>
<arg>${json_data}</arg>
<doc>Verifies that the given item is not empty.</doc>
<status status="PASS" start="2024-06-04T21:13:43.899440" elapsed="0.000172"/>
</kw>
<kw name="Create List" owner="BuiltIn">
<msg time="2024-06-04T21:13:43.900052" level="INFO">${expected_keys} = ['gender', 'name', 'location', 'email', 'login']</msg>
<var>${expected_keys}</var>
<arg>gender</arg>
<arg>name</arg>
<arg>location</arg>
<arg>email</arg>
<arg>login</arg>
<doc>Returns a list containing given items.</doc>
<status status="PASS" start="2024-06-04T21:13:43.899905" elapsed="0.000170"/>
</kw>
<for flavor="IN">
<iter>
<kw name="Dictionary Should Contain Key" owner="Collections">
<msg time="2024-06-04T21:13:43.901081" level="INFO">False</msg>
<arg>${json_data['results'][0]}</arg>
<arg>${key}</arg>
<doc>Fails if ``key`` is not found from ``dictionary``.</doc>
<status status="PASS" start="2024-06-04T21:13:43.900660" elapsed="0.000464"/>
</kw>
<kw name="Log" owner="BuiltIn">
<msg time="2024-06-04T21:13:43.901837" level="INFO">{'gender': 'female', 'name': {'title': 'Mrs', 'first': 'Sanni', 'last': 'Rinne'}, 'location': {'street': {'number': 8024, 'name': 'Nordenskiöldinkatu'}, 'city': 'Kihniö', 'state': 'Southern Ostrobothnia', 'country': 'Finland', 'postcode': 51185, 'coordinates': {'latitude': '-24.2125', 'longitude': '25.4806'}, 'timezone': {'offset': '-3:00', 'description': 'Brazil, Buenos Aires, Georgetown'}}, 'email': 'sanni.rinne@example.com', 'login': {'uuid': 'dc75c74c-71d8-447e-b0d3-d36d3b8498f7', 'username': 'bluesnake290', 'password': 'sparta', 'salt': 'e2IqC50b', 'md5': '94c4286ccd59080c4ba4633050983419', 'sha1': '54f3bf4604429ff7dc4feac86681a778db3faaa1', 'sha256': '3299946214480bb7df3c5114ac69abe210a7f118ba269ae7b08803ed81f3c1aa'}, 'dob': {'date': '1967-04-18T17:32:46.407Z', 'age': 57}, 'registered': {'date': '2019-04-05T05:09:03.308Z', 'age': 5}, 'phone': '07-535-594', 'cell': '045-721-29-05', 'id': {'name': 'HETU', 'value': 'NaNNA674undefined'}, 'picture': {'large': 'https://randomuser.me/api/portraits/women/20.jpg', 'medium': 'https://randomuser.me/api/portraits/med/women/20.jpg', 'thumbnail': 'https://randomuser.me/api/portraits/thumb/women/20.jpg'}, 'nat': 'FI'}</msg>
<arg>${json_data['results'][0]}</arg>
<doc>Logs the given message with the given level.</doc>
<status status="PASS" start="2024-06-04T21:13:43.901462" elapsed="0.000427"/>
</kw>
<kw name="Log" owner="BuiltIn">
<msg time="2024-06-04T21:13:43.902324" level="INFO">gender</msg>
<arg>${key}</arg>
<doc>Logs the given message with the given level.</doc>
<status status="PASS" start="2024-06-04T21:13:43.902194" elapsed="0.000167"/>
</kw>
<var name="${key}">gender</var>
<status status="PASS" start="2024-06-04T21:13:43.900531" elapsed="0.002044"/>
</iter>
<iter>
<kw name="Dictionary Should Contain Key" owner="Collections">
<msg time="2024-06-04T21:13:43.903271" level="INFO">False</msg>
<arg>${json_data['results'][0]}</arg>
<arg>${key}</arg>
<doc>Fails if ``key`` is not found from ``dictionary``.</doc>
<status status="PASS" start="2024-06-04T21:13:43.902882" elapsed="0.000425"/>
</kw>
<kw name="Log" owner="BuiltIn">
<msg time="2024-06-04T21:13:43.904005" level="INFO">{'gender': 'female', 'name': {'title': 'Mrs', 'first': 'Sanni', 'last': 'Rinne'}, 'location': {'street': {'number': 8024, 'name': 'Nordenskiöldinkatu'}, 'city': 'Kihniö', 'state': 'Southern Ostrobothnia', 'country': 'Finland', 'postcode': 51185, 'coordinates': {'latitude': '-24.2125', 'longitude': '25.4806'}, 'timezone': {'offset': '-3:00', 'description': 'Brazil, Buenos Aires, Georgetown'}}, 'email': 'sanni.rinne@example.com', 'login': {'uuid': 'dc75c74c-71d8-447e-b0d3-d36d3b8498f7', 'username': 'bluesnake290', 'password': 'sparta', 'salt': 'e2IqC50b', 'md5': '94c4286ccd59080c4ba4633050983419', 'sha1': '54f3bf4604429ff7dc4feac86681a778db3faaa1', 'sha256': '3299946214480bb7df3c5114ac69abe210a7f118ba269ae7b08803ed81f3c1aa'}, 'dob': {'date': '1967-04-18T17:32:46.407Z', 'age': 57}, 'registered': {'date': '2019-04-05T05:09:03.308Z', 'age': 5}, 'phone': '07-535-594', 'cell': '045-721-29-05', 'id': {'name': 'HETU', 'value': 'NaNNA674undefined'}, 'picture': {'large': 'https://randomuser.me/api/portraits/women/20.jpg', 'medium': 'https://randomuser.me/api/portraits/med/women/20.jpg', 'thumbnail': 'https://randomuser.me/api/portraits/thumb/women/20.jpg'}, 'nat': 'FI'}</msg>
<arg>${json_data['results'][0]}</arg>
<doc>Logs the given message with the given level.</doc>
<status status="PASS" start="2024-06-04T21:13:43.903632" elapsed="0.000424"/>
</kw>
<kw name="Log" owner="BuiltIn">
<msg time="2024-06-04T21:13:43.904477" level="INFO">name</msg>
<arg>${key}</arg>
<doc>Logs the given message with the given level.</doc>
<status status="PASS" start="2024-06-04T21:13:43.904349" elapsed="0.000165"/>
</kw>
<var name="${key}">name</var>
<status status="PASS" start="2024-06-04T21:13:43.902767" elapsed="0.001971"/>
</iter>
<iter>
<kw name="Dictionary Should Contain Key" owner="Collections">
<msg time="2024-06-04T21:13:43.905466" level="INFO">False</msg>
<arg>${json_data['results'][0]}</arg>
<arg>${key}</arg>
<doc>Fails if ``key`` is not found from ``dictionary``.</doc>
<status status="PASS" start="2024-06-04T21:13:43.905051" elapsed="0.000453"/>
</kw>
<kw name="Log" owner="BuiltIn">
<msg time="2024-06-04T21:13:43.906176" level="INFO">{'gender': 'female', 'name': {'title': 'Mrs', 'first': 'Sanni', 'last': 'Rinne'}, 'location': {'street': {'number': 8024, 'name': 'Nordenskiöldinkatu'}, 'city': 'Kihniö', 'state': 'Southern Ostrobothnia', 'country': 'Finland', 'postcode': 51185, 'coordinates': {'latitude': '-24.2125', 'longitude': '25.4806'}, 'timezone': {'offset': '-3:00', 'description': 'Brazil, Buenos Aires, Georgetown'}}, 'email': 'sanni.rinne@example.com', 'login': {'uuid': 'dc75c74c-71d8-447e-b0d3-d36d3b8498f7', 'username': 'bluesnake290', 'password': 'sparta', 'salt': 'e2IqC50b', 'md5': '94c4286ccd59080c4ba4633050983419', 'sha1': '54f3bf4604429ff7dc4feac86681a778db3faaa1', 'sha256': '3299946214480bb7df3c5114ac69abe210a7f118ba269ae7b08803ed81f3c1aa'}, 'dob': {'date': '1967-04-18T17:32:46.407Z', 'age': 57}, 'registered': {'date': '2019-04-05T05:09:03.308Z', 'age': 5}, 'phone': '07-535-594', 'cell': '045-721-29-05', 'id': {'name': 'HETU', 'value': 'NaNNA674undefined'}, 'picture': {'large': 'https://randomuser.me/api/portraits/women/20.jpg', 'medium': 'https://randomuser.me/api/portraits/med/women/20.jpg', 'thumbnail': 'https://randomuser.me/api/portraits/thumb/women/20.jpg'}, 'nat': 'FI'}</msg>
<arg>${json_data['results'][0]}</arg>
<doc>Logs the given message with the given level.</doc>
<status status="PASS" start="2024-06-04T21:13:43.905810" elapsed="0.000417"/>
</kw>
<kw name="Log" owner="BuiltIn">
<msg time="2024-06-04T21:13:43.906649" level="INFO">location</msg>
<arg>${key}</arg>
<doc>Logs the given message with the given level.</doc>
<status status="PASS" start="2024-06-04T21:13:43.906525" elapsed="0.000161"/>
</kw>
<var name="${key}">location</var>
<status status="PASS" start="2024-06-04T21:13:43.904919" elapsed="0.001980"/>
</iter>
<iter>
<kw name="Dictionary Should Contain Key" owner="Collections">
<msg time="2024-06-04T21:13:43.907674" level="INFO">False</msg>
<arg>${json_data['results'][0]}</arg>
<arg>${key}</arg>
<doc>Fails if ``key`` is not found from ``dictionary``.</doc>
<status status="PASS" start="2024-06-04T21:13:43.907181" elapsed="0.000530"/>
</kw>
<kw name="Log" owner="BuiltIn">
<msg time="2024-06-04T21:13:43.908371" level="INFO">{'gender': 'female', 'name': {'title': 'Mrs', 'first': 'Sanni', 'last': 'Rinne'}, 'location': {'street': {'number': 8024, 'name': 'Nordenskiöldinkatu'}, 'city': 'Kihniö', 'state': 'Southern Ostrobothnia', 'country': 'Finland', 'postcode': 51185, 'coordinates': {'latitude': '-24.2125', 'longitude': '25.4806'}, 'timezone': {'offset': '-3:00', 'description': 'Brazil, Buenos Aires, Georgetown'}}, 'email': 'sanni.rinne@example.com', 'login': {'uuid': 'dc75c74c-71d8-447e-b0d3-d36d3b8498f7', 'username': 'bluesnake290', 'password': 'sparta', 'salt': 'e2IqC50b', 'md5': '94c4286ccd59080c4ba4633050983419', 'sha1': '54f3bf4604429ff7dc4feac86681a778db3faaa1', 'sha256': '3299946214480bb7df3c5114ac69abe210a7f118ba269ae7b08803ed81f3c1aa'}, 'dob': {'date': '1967-04-18T17:32:46.407Z', 'age': 57}, 'registered': {'date': '2019-04-05T05:09:03.308Z', 'age': 5}, 'phone': '07-535-594', 'cell': '045-721-29-05', 'id': {'name': 'HETU', 'value': 'NaNNA674undefined'}, 'picture': {'large': 'https://randomuser.me/api/portraits/women/20.jpg', 'medium': 'https://randomuser.me/api/portraits/med/women/20.jpg', 'thumbnail': 'https://randomuser.me/api/portraits/thumb/women/20.jpg'}, 'nat': 'FI'}</msg>
<arg>${json_data['results'][0]}</arg>
<doc>Logs the given message with the given level.</doc>
<status status="PASS" start="2024-06-04T21:13:43.908009" elapsed="0.000412"/>
</kw>
<kw name="Log" owner="BuiltIn">
<msg time="2024-06-04T21:13:43.908843" level="INFO">email</msg>
<arg>${key}</arg>
<doc>Logs the given message with the given level.</doc>
<status status="PASS" start="2024-06-04T21:13:43.908716" elapsed="0.000165"/>
</kw>
<var name="${key}">email</var>
<status status="PASS" start="2024-06-04T21:13:43.907071" elapsed="0.002023"/>
</iter>
<iter>
<kw name="Dictionary Should Contain Key" owner="Collections">
<msg time="2024-06-04T21:13:43.909805" level="INFO">False</msg>
<arg>${json_data['results'][0]}</arg>
<arg>${key}</arg>
<doc>Fails if ``key`` is not found from ``dictionary``.</doc>
<status status="PASS" start="2024-06-04T21:13:43.909420" elapsed="0.000422"/>
</kw>
<kw name="Log" owner="BuiltIn">
<msg time="2024-06-04T21:13:43.910494" level="INFO">{'gender': 'female', 'name': {'title': 'Mrs', 'first': 'Sanni', 'last': 'Rinne'}, 'location': {'street': {'number': 8024, 'name': 'Nordenskiöldinkatu'}, 'city': 'Kihniö', 'state': 'Southern Ostrobothnia', 'country': 'Finland', 'postcode': 51185, 'coordinates': {'latitude': '-24.2125', 'longitude': '25.4806'}, 'timezone': {'offset': '-3:00', 'description': 'Brazil, Buenos Aires, Georgetown'}}, 'email': 'sanni.rinne@example.com', 'login': {'uuid': 'dc75c74c-71d8-447e-b0d3-d36d3b8498f7', 'username': 'bluesnake290', 'password': 'sparta', 'salt': 'e2IqC50b', 'md5': '94c4286ccd59080c4ba4633050983419', 'sha1': '54f3bf4604429ff7dc4feac86681a778db3faaa1', 'sha256': '3299946214480bb7df3c5114ac69abe210a7f118ba269ae7b08803ed81f3c1aa'}, 'dob': {'date': '1967-04-18T17:32:46.407Z', 'age': 57}, 'registered': {'date': '2019-04-05T05:09:03.308Z', 'age': 5}, 'phone': '07-535-594', 'cell': '045-721-29-05', 'id': {'name': 'HETU', 'value': 'NaNNA674undefined'}, 'picture': {'large': 'https://randomuser.me/api/portraits/women/20.jpg', 'medium': 'https://randomuser.me/api/portraits/med/women/20.jpg', 'thumbnail': 'https://randomuser.me/api/portraits/thumb/women/20.jpg'}, 'nat': 'FI'}</msg>
<arg>${json_data['results'][0]}</arg>
<doc>Logs the given message with the given level.</doc>
<status status="PASS" start="2024-06-04T21:13:43.910139" elapsed="0.000403"/>
</kw>
<kw name="Log" owner="BuiltIn">
<msg time="2024-06-04T21:13:43.910961" level="INFO">login</msg>
<arg>${key}</arg>
<doc>Logs the given message with the given level.</doc>
<status status="PASS" start="2024-06-04T21:13:43.910833" elapsed="0.000199"/>
</kw>
<var name="${key}">login</var>
<status status="PASS" start="2024-06-04T21:13:43.909303" elapsed="0.001948"/>
</iter>
<var>${key}</var>
<value>@{expected_keys}</value>
<status status="PASS" start="2024-06-04T21:13:43.900336" elapsed="0.011037"/>
</for>
<kw name="Create List" owner="BuiltIn">
<msg time="2024-06-04T21:13:43.911703" level="INFO">${expected_keysTwo} = ['username', 'password']</msg>
<var>${expected_keysTwo}</var>
<arg>username</arg>
<arg>password</arg>
<doc>Returns a list containing given items.</doc>
<status status="PASS" start="2024-06-04T21:13:43.911568" elapsed="0.000158"/>
</kw>
<for flavor="IN">
<iter>
<kw name="Dictionary Should Contain Key" owner="Collections">
<msg time="2024-06-04T21:13:43.912608" level="INFO">False</msg>
<arg>${json_data['results'][0]['login']}</arg>
<arg>${keyTwo}</arg>
<doc>Fails if ``key`` is not found from ``dictionary``.</doc>
<status status="PASS" start="2024-06-04T21:13:43.912225" elapsed="0.000418"/>
</kw>
<kw name="Dictionary Should Contain Key" owner="Collections">
<msg time="2024-06-04T21:13:43.913354" level="INFO">False</msg>
<arg>${json_data['results'][0]['login']}</arg>
<arg>${keyTwo}</arg>
<doc>Fails if ``key`` is not found from ``dictionary``.</doc>
<status status="PASS" start="2024-06-04T21:13:43.912935" elapsed="0.000457"/>
</kw>
<kw name="Log" owner="BuiltIn">
<msg time="2024-06-04T21:13:43.913813" level="INFO">username</msg>
<arg>${keyTwo}</arg>
<doc>Logs the given message with the given level.</doc>
<status status="PASS" start="2024-06-04T21:13:43.913687" elapsed="0.000164"/>
</kw>
<var name="${keyTwo}">username</var>
<status status="PASS" start="2024-06-04T21:13:43.912116" elapsed="0.001949"/>
</iter>
<iter>
<kw name="Dictionary Should Contain Key" owner="Collections">
<msg time="2024-06-04T21:13:43.914725" level="INFO">False</msg>
<arg>${json_data['results'][0]['login']}</arg>
<arg>${keyTwo}</arg>
<doc>Fails if ``key`` is not found from ``dictionary``.</doc>
<status status="PASS" start="2024-06-04T21:13:43.914351" elapsed="0.000410"/>
</kw>
<kw name="Dictionary Should Contain Key" owner="Collections">
<msg time="2024-06-04T21:13:43.915441" level="INFO">False</msg>
<arg>${json_data['results'][0]['login']}</arg>
<arg>${keyTwo}</arg>
<doc>Fails if ``key`` is not found from ``dictionary``.</doc>
<status status="PASS" start="2024-06-04T21:13:43.915062" elapsed="0.000415"/>
</kw>
<kw name="Log" owner="BuiltIn">
<msg time="2024-06-04T21:13:43.915894" level="INFO">password</msg>
<arg>${keyTwo}</arg>
<doc>Logs the given message with the given level.</doc>
<status status="PASS" start="2024-06-04T21:13:43.915769" elapsed="0.000162"/>
</kw>
<var name="${keyTwo}">password</var>
<status status="PASS" start="2024-06-04T21:13:43.914236" elapsed="0.001910"/>
</iter>
<var>${keyTwo}</var>
<value>@{expected_keysTwo}</value>
<status status="PASS" start="2024-06-04T21:13:43.911963" elapsed="0.004303"/>
</for>
<status status="PASS" start="2024-06-04T21:13:43.824391" elapsed="0.092016"/>
</kw>
<doc>Testa a estrutura da resposta da API.</doc>
<tag>testeEstruturaResposta</tag>
<status status="PASS" start="2024-06-04T21:13:43.823611" elapsed="0.092953"/>
</test>
<test id="s1-s1-t4" name="Validar tipos de dados" line="28">
<kw name="Teste de Tipos de Dados" owner="random-user-service">
<kw name="GET On Session" owner="RequestsLibrary">
<msg time="2024-06-04T21:13:44.018291" level="INFO">GET Request : url=https://randomuser.me/api 
 path_url=/api 
 headers={'User-Agent': 'python-requests/2.32.3', 'Accept-Encoding': 'gzip, deflate', 'Accept': '*/*', 'Connection': 'keep-alive'} 
 body=None 
 </msg>
<msg time="2024-06-04T21:13:44.018402" level="INFO">GET Response : url=https://randomuser.me/api 
 status=200, reason=OK 
 headers={'Date': 'Tue, 04 Jun 2024 21:13:44 GMT', 'Content-Type': 'application/json; charset=utf-8', 'Transfer-Encoding': 'chunked', 'Connection': 'keep-alive', 'X-Powered-By': 'Express', 'Access-Control-Allow-Origin': '*', 'Cache-Control': 'no-cache', 'ETag': 'W/"4b5-QSspRxBBZzSNKBIxvi3CUMFiCHc"', 'Vary': 'Accept-Encoding', 'Content-Encoding': 'gzip', 'CF-Cache-Status': 'DYNAMIC', 'Report-To': '{"endpoints":[{"url":"https:\\/\\/a.nel.cloudflare.com\\/report\\/v4?s=mFLB3OP6y31E75pVnQa%2BmeYagCTacrzbhv38sRng2HwQ7%2BE4Mi7u501A4R%2FDZuz5OSwbb9UgmHmO5iSmUBZ4c%2Fmw9f90eIcC%2BMEzmUikvCoJmJ%2BBRlCUZmTg93HO8cYQ"}],"group":"cf-nel","max_age":604800}', 'NEL': '{"success_fraction":0,"report_to":"cf-nel","max_age":604800}', 'Server': 'cloudflare', 'CF-RAY': '88eaedb1893d7f56-IAD', 'alt-svc': 'h3=":443"; ma=86400'} 
 body={"results":[{"gender":"female","name":{"title":"Ms","first":"Elena","last":"Danilović"},"location":{"street":{"number":5664,"name":"Jovana Jankovića Lunge "},"city":"Majdanpek","state":"Kosovo-Pomoravlje","country":"Serbia","postcode":98787,"coordinates":{"latitude":"63.7305","longitude":"76.4550"},"timezone":{"offset":"0:00","description":"Western Europe Time, London, Lisbon, Casablanca"}},"email":"elena.danilovic@example.com","login":{"uuid":"31e79573-f6fd-4e64-8b23-ed37a80fa409","username":"bluewolf884","password":"brandon1","salt":"y724AsFS","md5":"25a9dde5731d39308747be8e3f57cb14","sha1":"d2e8faf045efc24dac30d3f10b257599c6967489","sha256":"3e092fb470fd8b0a4ba1400a387cceddd64f481563cc1c22447d1da93f89bbda"},"dob":{"date":"1956-11-20T19:16:01.206Z","age":67},"registered":{"date":"2011-08-15T16:28:18.702Z","age":12},"phone":"020-9620-576","cell":"069-2518-471","id":{"name":"SID","value":"414004822"},"picture":{"large":"https://randomuser.me/api/portraits/women/61.jpg","medium":"https://randomuser.me/api/portraits/med/women/61.jpg","thumbnail":"https://randomuser.me/api/portraits/thumb/women/61.jpg"},"nat":"RS"}],"info":{"seed":"b119e7b18d3379db","results":1,"page":1,"version":"1.4"}} 
 </msg>
<msg time="2024-06-04T21:13:44.018488" level="INFO">/opt/hostedtoolcache/Python/3.12.3/x64/lib/python3.12/site-packages/urllib3/connectionpool.py:1103: InsecureRequestWarning: Unverified HTTPS request is being made to host 'randomuser.me'. Adding certificate verification is strongly advised. See: https://urllib3.readthedocs.io/en/latest/advanced-usage.html#tls-warnings
  warnings.warn(</msg>
<msg time="2024-06-04T21:13:44.018644" level="INFO">${response} = &lt;Response [200]&gt;</msg>
<var>${response}</var>
<arg>consultarAPI</arg>
<arg>/api</arg>
<doc>Sends a GET request on a previously created HTTP Session.</doc>
<status status="PASS" start="2024-06-04T21:13:43.919092" elapsed="0.099603"/>
</kw>
<kw name="Set Variable" owner="BuiltIn">
<msg time="2024-06-04T21:13:44.019740" level="INFO">${json_data} = {'results': [{'gender': 'female', 'name': {'title': 'Ms', 'first': 'Elena', 'last': 'Danilović'}, 'location': {'street': {'number': 5664, 'name': 'Jovana Jankovića Lunge '}, 'city': 'Majdanpek', 'stat...</msg>
<var>${json_data}</var>
<arg>${response.json()}</arg>
<doc>Returns the given values which can then be assigned to a variables.</doc>
<status status="PASS" start="2024-06-04T21:13:44.019215" elapsed="0.000556"/>
</kw>
<kw name="Log" owner="BuiltIn">
<msg time="2024-06-04T21:13:44.020275" level="INFO">{'results': [{'gender': 'female', 'name': {'title': 'Ms', 'first': 'Elena', 'last': 'Danilović'}, 'location': {'street': {'number': 5664, 'name': 'Jovana Jankovića Lunge '}, 'city': 'Majdanpek', 'state': 'Kosovo-Pomoravlje', 'country': 'Serbia', 'postcode': 98787, 'coordinates': {'latitude': '63.7305', 'longitude': '76.4550'}, 'timezone': {'offset': '0:00', 'description': 'Western Europe Time, London, Lisbon, Casablanca'}}, 'email': 'elena.danilovic@example.com', 'login': {'uuid': '31e79573-f6fd-4e64-8b23-ed37a80fa409', 'username': 'bluewolf884', 'password': 'brandon1', 'salt': 'y724AsFS', 'md5': '25a9dde5731d39308747be8e3f57cb14', 'sha1': 'd2e8faf045efc24dac30d3f10b257599c6967489', 'sha256': '3e092fb470fd8b0a4ba1400a387cceddd64f481563cc1c22447d1da93f89bbda'}, 'dob': {'date': '1956-11-20T19:16:01.206Z', 'age': 67}, 'registered': {'date': '2011-08-15T16:28:18.702Z', 'age': 12}, 'phone': '020-9620-576', 'cell': '069-2518-471', 'id': {'name': 'SID', 'value': '414004822'}, 'picture': {'large': 'https://randomuser.me/api/portraits/women/61.jpg', 'medium': 'https://randomuser.me/api/portraits/med/women/61.jpg', 'thumbnail': 'https://randomuser.me/api/portraits/thumb/women/61.jpg'}, 'nat': 'RS'}], 'info': {'seed': 'b119e7b18d3379db', 'results': 1, 'page': 1, 'version': '1.4'}}</msg>
<arg>${json_data}</arg>
<doc>Logs the given message with the given level.</doc>
<status status="PASS" start="2024-06-04T21:13:44.020108" elapsed="0.000262"/>
</kw>
<kw name="Should Be String" owner="String">
<arg>${json_data['results'][0]['gender']}</arg>
<doc>Fails if the given ``item`` is not a string.</doc>
<status status="PASS" start="2024-06-04T21:13:44.020680" elapsed="0.000382"/>
</kw>
<kw name="Should Match Regexp" owner="BuiltIn">
<arg>${json_data['results'][0]['email']}</arg>
<arg>^[a-zA-Z0-9._%+-]+@[a-zA-Z0-9.-]+\.[a-zA-Z]{2,}$</arg>
<doc>Fails if ``string`` does not match ``pattern`` as a regular expression.</doc>
<status status="PASS" start="2024-06-04T21:13:44.021306" elapsed="0.000785"/>
</kw>
<kw name="Should Match Regexp" owner="BuiltIn">
<arg>${json_data['results'][0]['dob']['date']}</arg>
<arg>\\d{4}-\\d{2}-\\d{2}T\\d{2}:\\d{2}:\\d{2}\\.\\d{3}Z</arg>
<doc>Fails if ``string`` does not match ``pattern`` as a regular expression.</doc>
<status status="PASS" start="2024-06-04T21:13:44.022297" elapsed="0.000491"/>
</kw>
<kw name="Should Match Regexp" owner="BuiltIn">
<arg>${json_data['results'][0]['registered']['date']}</arg>
<arg>\\d{4}-\\d{2}-\\d{2}T\\d{2}:\\d{2}:\\d{2}\\.\\d{3}Z</arg>
<doc>Fails if ``string`` does not match ``pattern`` as a regular expression.</doc>
<status status="PASS" start="2024-06-04T21:13:44.022982" elapsed="0.000368"/>
</kw>
<kw name="Should Match Regexp" owner="BuiltIn">
<arg>${json_data['results'][0]['picture']['large']}</arg>
<arg>^https?://.*\.(?:png|jpe?g|gif|bmp)$</arg>
<doc>Fails if ``string`` does not match ``pattern`` as a regular expression.</doc>
<status status="PASS" start="2024-06-04T21:13:44.023537" elapsed="0.000465"/>
</kw>
<kw name="Should Match Regexp" owner="BuiltIn">
<arg>${json_data['results'][0]['picture']['medium']}</arg>
<arg>^https?://.*\.(?:png|jpe?g|gif|bmp)$</arg>
<doc>Fails if ``string`` does not match ``pattern`` as a regular expression.</doc>
<status status="PASS" start="2024-06-04T21:13:44.024189" elapsed="0.000353"/>
</kw>
<kw name="Should Match Regexp" owner="BuiltIn">
<arg>${json_data['results'][0]['picture']['thumbnail']}</arg>
<arg>^https?://.*\.(?:png|jpe?g|gif|bmp)$</arg>
<doc>Fails if ``string`` does not match ``pattern`` as a regular expression.</doc>
<status status="PASS" start="2024-06-04T21:13:44.024726" elapsed="0.000345"/>
</kw>
<kw name="Log" owner="BuiltIn">
<msg time="2024-06-04T21:13:44.025615" level="INFO">{'large': 'https://randomuser.me/api/portraits/women/61.jpg', 'medium': 'https://randomuser.me/api/portraits/med/women/61.jpg', 'thumbnail': 'https://randomuser.me/api/portraits/thumb/women/61.jpg'}</msg>
<arg>${json_data['results'][0]['picture']}</arg>
<doc>Logs the given message with the given level.</doc>
<status status="PASS" start="2024-06-04T21:13:44.025289" elapsed="0.000367"/>
</kw>
<status status="PASS" start="2024-06-04T21:13:43.918858" elapsed="0.107057"/>
</kw>
<kw name="Teste de Tipos de Dados - Postcode" owner="random-user-service">
<kw name="GET On Session" owner="RequestsLibrary">
<msg time="2024-06-04T21:13:44.098463" level="INFO">GET Request : url=https://randomuser.me/api 
 path_url=/api 
 headers={'User-Agent': 'python-requests/2.32.3', 'Accept-Encoding': 'gzip, deflate', 'Accept': '*/*', 'Connection': 'keep-alive'} 
 body=None 
 </msg>
<msg time="2024-06-04T21:13:44.098554" level="INFO">GET Response : url=https://randomuser.me/api 
 status=200, reason=OK 
 headers={'Date': 'Tue, 04 Jun 2024 21:13:44 GMT', 'Content-Type': 'application/json; charset=utf-8', 'Transfer-Encoding': 'chunked', 'Connection': 'keep-alive', 'X-Powered-By': 'Express', 'Access-Control-Allow-Origin': '*', 'Cache-Control': 'no-cache', 'ETag': 'W/"485-YiRNYSmHO2LmmTKcmPpJoy2Dgo8"', 'Vary': 'Accept-Encoding', 'Content-Encoding': 'gzip', 'CF-Cache-Status': 'DYNAMIC', 'Report-To': '{"endpoints":[{"url":"https:\\/\\/a.nel.cloudflare.com\\/report\\/v4?s=v2UKeP8w2Zqf4%2FZIQt%2B9Ll55%2FjL0qy2HSZ74HOblqKoEilVUnia%2BO7wsjHOR9Ku4GeH61UBiUJ4WEoCo2Rl1qAn36aV4SBP6MxETkc3AyBOO6ZC06hSZb%2Bpk3aDeY%2FwD"}],"group":"cf-nel","max_age":604800}', 'NEL': '{"success_fraction":0,"report_to":"cf-nel","max_age":604800}', 'Server': 'cloudflare', 'CF-RAY': '88eaedb229ed7f56-IAD', 'alt-svc': 'h3=":443"; ma=86400'} 
 body={"results":[{"gender":"female","name":{"title":"Ms","first":"Santina","last":"Araújo"},"location":{"street":{"number":4019,"name":"Rua São Francisco "},"city":"Colatina","state":"Alagoas","country":"Brazil","postcode":81391,"coordinates":{"latitude":"-74.6900","longitude":"158.2291"},"timezone":{"offset":"-10:00","description":"Hawaii"}},"email":"santina.araujo@example.com","login":{"uuid":"d0f16b30-c4d6-446c-8f08-74fae602f8ff","username":"lazyladybug370","password":"1975","salt":"t2ArAVI7","md5":"f45fb6bb54f788d4bea48b882f3d6b37","sha1":"e2750b995f399326a7f9ca059b74cde642e19d52","sha256":"2b957751b0e024a698a2b655e3c70b210904eaaa8728d7bfe7d8c4e54cd1265a"},"dob":{"date":"2000-11-22T04:00:46.382Z","age":23},"registered":{"date":"2015-03-03T05:39:27.145Z","age":9},"phone":"(40) 1959-9217","cell":"(84) 8995-8848","id":{"name":"CPF","value":"941.646.912-59"},"picture":{"large":"https://randomuser.me/api/portraits/women/88.jpg","medium":"https://randomuser.me/api/portraits/med/women/88.jpg","thumbnail":"https://randomuser.me/api/portraits/thumb/women/88.jpg"},"nat":"BR"}],"info":{"seed":"c241aa59fbb894c0","results":1,"page":1,"version":"1.4"}} 
 </msg>
<msg time="2024-06-04T21:13:44.098624" level="INFO">/opt/hostedtoolcache/Python/3.12.3/x64/lib/python3.12/site-packages/urllib3/connectionpool.py:1103: InsecureRequestWarning: Unverified HTTPS request is being made to host 'randomuser.me'. Adding certificate verification is strongly advised. See: https://urllib3.readthedocs.io/en/latest/advanced-usage.html#tls-warnings
  warnings.warn(</msg>
<msg time="2024-06-04T21:13:44.098759" level="INFO">${response} = &lt;Response [200]&gt;</msg>
<var>${response}</var>
<arg>consultarAPI</arg>
<arg>/api</arg>
<doc>Sends a GET request on a previously created HTTP Session.</doc>
<status status="PASS" start="2024-06-04T21:13:44.026373" elapsed="0.072425"/>
</kw>
<kw name="Set Variable" owner="BuiltIn">
<msg time="2024-06-04T21:13:44.099790" level="INFO">${json_data} = {'results': [{'gender': 'female', 'name': {'title': 'Ms', 'first': 'Santina', 'last': 'Araújo'}, 'location': {'street': {'number': 4019, 'name': 'Rua São Francisco '}, 'city': 'Colatina', 'state': 'Al...</msg>
<var>${json_data}</var>
<arg>${response.json()}</arg>
<doc>Returns the given values which can then be assigned to a variables.</doc>
<status status="PASS" start="2024-06-04T21:13:44.099275" elapsed="0.000546"/>
</kw>
<kw name="Log" owner="BuiltIn">
<msg time="2024-06-04T21:13:44.100322" level="INFO">{'results': [{'gender': 'female', 'name': {'title': 'Ms', 'first': 'Santina', 'last': 'Araújo'}, 'location': {'street': {'number': 4019, 'name': 'Rua São Francisco '}, 'city': 'Colatina', 'state': 'Alagoas', 'country': 'Brazil', 'postcode': 81391, 'coordinates': {'latitude': '-74.6900', 'longitude': '158.2291'}, 'timezone': {'offset': '-10:00', 'description': 'Hawaii'}}, 'email': 'santina.araujo@example.com', 'login': {'uuid': 'd0f16b30-c4d6-446c-8f08-74fae602f8ff', 'username': 'lazyladybug370', 'password': '1975', 'salt': 't2ArAVI7', 'md5': 'f45fb6bb54f788d4bea48b882f3d6b37', 'sha1': 'e2750b995f399326a7f9ca059b74cde642e19d52', 'sha256': '2b957751b0e024a698a2b655e3c70b210904eaaa8728d7bfe7d8c4e54cd1265a'}, 'dob': {'date': '2000-11-22T04:00:46.382Z', 'age': 23}, 'registered': {'date': '2015-03-03T05:39:27.145Z', 'age': 9}, 'phone': '(40) 1959-9217', 'cell': '(84) 8995-8848', 'id': {'name': 'CPF', 'value': '941.646.912-59'}, 'picture': {'large': 'https://randomuser.me/api/portraits/women/88.jpg', 'medium': 'https://randomuser.me/api/portraits/med/women/88.jpg', 'thumbnail': 'https://randomuser.me/api/portraits/thumb/women/88.jpg'}, 'nat': 'BR'}], 'info': {'seed': 'c241aa59fbb894c0', 'results': 1, 'page': 1, 'version': '1.4'}}</msg>
<arg>${json_data}</arg>
<doc>Logs the given message with the given level.</doc>
<status status="PASS" start="2024-06-04T21:13:44.100155" elapsed="0.000252"/>
</kw>
<kw name="Should Be Equal As Numbers" owner="BuiltIn">
<arg>${json_data['results'][0]['location']['postcode']}</arg>
<arg>${json_data['results'][0]['location']['postcode']}</arg>
<doc>Fails if objects are unequal after converting them to real numbers.</doc>
<status status="PASS" start="2024-06-04T21:13:44.100725" elapsed="0.000682"/>
</kw>
<kw name="Log" owner="BuiltIn">
<msg time="2024-06-04T21:13:44.101950" level="INFO">81391</msg>
<arg>${json_data['results'][0]['location']['postcode']}</arg>
<doc>Logs the given message with the given level.</doc>
<status status="PASS" start="2024-06-04T21:13:44.101605" elapsed="0.000388"/>
</kw>
<status status="PASS" start="2024-06-04T21:13:44.026141" elapsed="0.076111"/>
</kw>
<doc>Testa se os tipos de dados na resposta da API estão corretos.</doc>
<tag>testeTiposDados</tag>
<status status="PASS" start="2024-06-04T21:13:43.918379" elapsed="0.184046"/>
</test>
<test id="s1-s1-t5" name="Validar conteudo" line="35">
<kw name="Teste de Tipos de Conteudo" owner="random-user-service">
<kw name="GET On Session" owner="RequestsLibrary">
<msg time="2024-06-04T21:13:44.198266" level="INFO">GET Request : url=https://randomuser.me/api 
 path_url=/api 
 headers={'User-Agent': 'python-requests/2.32.3', 'Accept-Encoding': 'gzip, deflate', 'Accept': '*/*', 'Connection': 'keep-alive'} 
 body=None 
 </msg>
<msg time="2024-06-04T21:13:44.198360" level="INFO">GET Response : url=https://randomuser.me/api 
 status=200, reason=OK 
 headers={'Date': 'Tue, 04 Jun 2024 21:13:44 GMT', 'Content-Type': 'application/json; charset=utf-8', 'Transfer-Encoding': 'chunked', 'Connection': 'keep-alive', 'X-Powered-By': 'Express', 'Access-Control-Allow-Origin': '*', 'Cache-Control': 'no-cache', 'ETag': 'W/"492-rv2jDJD+9ayHnveJCd8czw8TcZ8"', 'Vary': 'Accept-Encoding', 'Content-Encoding': 'gzip', 'CF-Cache-Status': 'DYNAMIC', 'Report-To': '{"endpoints":[{"url":"https:\\/\\/a.nel.cloudflare.com\\/report\\/v4?s=bAmWkTI%2FZi0v5gQFiXYg4aEsmGeyyAbtnfuKRx7HTB%2BCk5UrYfPpaEd94r0fklhHzIxB9tnJ4odtWUC0lmfD7fFWxUq29tt0nYPs2xDSI%2Buxa1anlMS29Rgh8cRefZMh"}],"group":"cf-nel","max_age":604800}', 'NEL': '{"success_fraction":0,"report_to":"cf-nel","max_age":604800}', 'Server': 'cloudflare', 'CF-RAY': '88eaedb2aa8a7f56-IAD', 'alt-svc': 'h3=":443"; ma=86400'} 
 body={"results":[{"gender":"male","name":{"title":"Mr","first":"Ulrich","last":"Bast"},"location":{"street":{"number":8783,"name":"Mühlenweg"},"city":"Dithmarschen","state":"Berlin","country":"Germany","postcode":43518,"coordinates":{"latitude":"-49.6414","longitude":"-79.5877"},"timezone":{"offset":"+5:30","description":"Bombay, Calcutta, Madras, New Delhi"}},"email":"ulrich.bast@example.com","login":{"uuid":"e0beb325-5167-4cf8-a3a3-e33245ca51ab","username":"purpleelephant923","password":"coleman","salt":"xgzDU7GP","md5":"4c9a6a611a89f2960f5a0842bc430f6c","sha1":"1905ff09ac0d43bbe80490650769e2f60bc3573b","sha256":"874e39186fb2c6dba0cd72885a67a812520837b62748b0baa3f1197a75cc70df"},"dob":{"date":"1958-01-03T06:55:55.649Z","age":66},"registered":{"date":"2006-04-19T12:55:52.590Z","age":18},"phone":"0238-6306734","cell":"0178-7087533","id":{"name":"SVNR","value":"89 030158 B 289"},"picture":{"large":"https://randomuser.me/api/portraits/men/17.jpg","medium":"https://randomuser.me/api/portraits/med/men/17.jpg","thumbnail":"https://randomuser.me/api/portraits/thumb/men/17.jpg"},"nat":"DE"}],"info":{"seed":"8a1b294cff0a4de6","results":1,"page":1,"version":"1.4"}} 
 </msg>
<msg time="2024-06-04T21:13:44.198427" level="INFO">/opt/hostedtoolcache/Python/3.12.3/x64/lib/python3.12/site-packages/urllib3/connectionpool.py:1103: InsecureRequestWarning: Unverified HTTPS request is being made to host 'randomuser.me'. Adding certificate verification is strongly advised. See: https://urllib3.readthedocs.io/en/latest/advanced-usage.html#tls-warnings
  warnings.warn(</msg>
<msg time="2024-06-04T21:13:44.198561" level="INFO">${response} = &lt;Response [200]&gt;</msg>
<var>${response}</var>
<arg>consultarAPI</arg>
<arg>/api</arg>
<doc>Sends a GET request on a previously created HTTP Session.</doc>
<status status="PASS" start="2024-06-04T21:13:44.104875" elapsed="0.093726"/>
</kw>
<kw name="Set Variable" owner="BuiltIn">
<msg time="2024-06-04T21:13:44.199552" level="INFO">${json_data} = {'results': [{'gender': 'male', 'name': {'title': 'Mr', 'first': 'Ulrich', 'last': 'Bast'}, 'location': {'street': {'number': 8783, 'name': 'Mühlenweg'}, 'city': 'Dithmarschen', 'state': 'Berlin', 'co...</msg>
<var>${json_data}</var>
<arg>${response.json()}</arg>
<doc>Returns the given values which can then be assigned to a variables.</doc>
<status status="PASS" start="2024-06-04T21:13:44.199057" elapsed="0.000525"/>
</kw>
<kw name="Set Variable" owner="BuiltIn">
<msg time="2024-06-04T21:13:44.200271" level="INFO">${name_title} = Mr</msg>
<var>${name_title}</var>
<arg>${json_data["results"][0]["name"]["title"]}</arg>
<doc>Returns the given values which can then be assigned to a variables.</doc>
<status status="PASS" start="2024-06-04T21:13:44.199889" elapsed="0.000407"/>
</kw>
<kw name="Create List" owner="BuiltIn">
<msg time="2024-06-04T21:13:44.200742" level="INFO">${allowed_titles} = ['Mr', 'Ms', 'Miss', 'Mrs', 'Madame', 'Monsieur']</msg>
<var>${allowed_titles}</var>
<arg>Mr</arg>
<arg>Ms</arg>
<arg>Miss</arg>
<arg>Mrs</arg>
<arg>Madame</arg>
<arg>Monsieur</arg>
<doc>Returns a list containing given items.</doc>
<status status="PASS" start="2024-06-04T21:13:44.200594" elapsed="0.000172"/>
</kw>
<kw name="List Should Contain Value" owner="Collections">
<msg time="2024-06-04T21:13:44.201306" level="INFO">False</msg>
<arg>${allowed_titles}</arg>
<arg>${name_title}</arg>
<doc>Fails if the ``value`` is not found from ``list``.</doc>
<status status="PASS" start="2024-06-04T21:13:44.201081" elapsed="0.000264"/>
</kw>
<kw name="Set Variable" owner="BuiltIn">
<msg time="2024-06-04T21:13:44.202229" level="INFO">${name_country} = DE</msg>
<var>${name_country}</var>
<arg>${json_data["results"][0]["nat"]}</arg>
<doc>Returns the given values which can then be assigned to a variables.</doc>
<status status="PASS" start="2024-06-04T21:13:44.201651" elapsed="0.000604"/>
</kw>
<kw name="Create List" owner="BuiltIn">
<msg time="2024-06-04T21:13:44.203176" level="INFO">${list_country} = ['AD', 'AE', 'AF', 'AG', 'AI', 'AL', 'AM', 'AO', 'AQ', 'AR', 'AS', 'AT', 'AU', 'AW', 'AX', 'AZ', 'BA', 'BB', 'BD', 'BE', 'BF', 'BG', 'BH', 'BI', 'BJ', 'BL', 'BM', 'BN', 'BO', 'BQ', 'BR', 'BS', 'BT', '...</msg>
<var>${list_country}</var>
<arg>AD</arg>
<arg>AE</arg>
<arg>AF</arg>
<arg>AG</arg>
<arg>AI</arg>
<arg>AL</arg>
<arg>AM</arg>
<arg>AO</arg>
<arg>AQ</arg>
<arg>AR</arg>
<arg>AS</arg>
<arg>AT</arg>
<arg>AU</arg>
<arg>AW</arg>
<arg>AX</arg>
<arg>AZ</arg>
<arg>BA</arg>
<arg>BB</arg>
<arg>BD</arg>
<arg>BE</arg>
<arg>BF</arg>
<arg>BG</arg>
<arg>BH</arg>
<arg>BI</arg>
<arg>BJ</arg>
<arg>BL</arg>
<arg>BM</arg>
<arg>BN</arg>
<arg>BO</arg>
<arg>BQ</arg>
<arg>BR</arg>
<arg>BS</arg>
<arg>BT</arg>
<arg>BV</arg>
<arg>BW</arg>
<arg>BY</arg>
<arg>BZ</arg>
<arg>CA</arg>
<arg>CC</arg>
<arg>CD</arg>
<arg>CF</arg>
<arg>CG</arg>
<arg>CH</arg>
<arg>CI</arg>
<arg>CK</arg>
<arg>CL</arg>
<arg>CM</arg>
<arg>CN</arg>
<arg>CO</arg>
<arg>CR</arg>
<arg>CU</arg>
<arg>CV</arg>
<arg>CW</arg>
<arg>CX</arg>
<arg>CY</arg>
<arg>CZ</arg>
<arg>DE</arg>
<arg>DJ</arg>
<arg>DK</arg>
<arg>DM</arg>
<arg>DO</arg>
<arg>DZ</arg>
<arg>EC</arg>
<arg>EE</arg>
<arg>EG</arg>
<arg>EH</arg>
<arg>ER</arg>
<arg>ES</arg>
<arg>ET</arg>
<arg>FI</arg>
<arg>FJ</arg>
<arg>FK</arg>
<arg>FM</arg>
<arg>FO</arg>
<arg>FR</arg>
<arg>GA</arg>
<arg>GB</arg>
<arg>GD</arg>
<arg>GE</arg>
<arg>GF</arg>
<arg>GG</arg>
<arg>GH</arg>
<arg>GI</arg>
<arg>GL</arg>
<arg>GM</arg>
<arg>GN</arg>
<arg>GP</arg>
<arg>GQ</arg>
<arg>GR</arg>
<arg>GS</arg>
<arg>GT</arg>
<arg>GU</arg>
<arg>GW</arg>
<arg>GY</arg>
<arg>HK</arg>
<arg>HM</arg>
<arg>HN</arg>
<arg>HR</arg>
<arg>HT</arg>
<arg>HU</arg>
<arg>ID</arg>
<arg>IE</arg>
<arg>IL</arg>
<arg>IM</arg>
<arg>IN</arg>
<arg>IO</arg>
<arg>IQ</arg>
<arg>IR</arg>
<arg>IS</arg>
<arg>IT</arg>
<arg>JE</arg>
<arg>JM</arg>
<arg>JO</arg>
<arg>JP</arg>
<arg>KE</arg>
<arg>KG</arg>
<arg>KH</arg>
<arg>KI</arg>
<arg>KM</arg>
<arg>KN</arg>
<arg>KP</arg>
<arg>KR</arg>
<arg>KW</arg>
<arg>KY</arg>
<arg>KZ</arg>
<arg>LA</arg>
<arg>LB</arg>
<arg>LC</arg>
<arg>LI</arg>
<arg>LK</arg>
<arg>LR</arg>
<arg>LS</arg>
<arg>LT</arg>
<arg>LU</arg>
<arg>LV</arg>
<arg>LY</arg>
<arg>MA</arg>
<arg>MC</arg>
<arg>MD</arg>
<arg>ME</arg>
<arg>MF</arg>
<arg>MG</arg>
<arg>MH</arg>
<arg>MK</arg>
<arg>ML</arg>
<arg>MM</arg>
<arg>MN</arg>
<arg>MO</arg>
<arg>MP</arg>
<arg>MQ</arg>
<arg>MR</arg>
<arg>MS</arg>
<arg>MT</arg>
<arg>MU</arg>
<arg>MV</arg>
<arg>MW</arg>
<arg>MX</arg>
<arg>MY</arg>
<arg>MZ</arg>
<arg>NA</arg>
<arg>NC</arg>
<arg>NE</arg>
<arg>NF</arg>
<arg>NG</arg>
<arg>NI</arg>
<arg>NL</arg>
<arg>NO</arg>
<arg>NP</arg>
<arg>NR</arg>
<arg>NU</arg>
<arg>NZ</arg>
<arg>OM</arg>
<arg>PA</arg>
<arg>PE</arg>
<arg>PF</arg>
<arg>PG</arg>
<arg>PH</arg>
<arg>PK</arg>
<arg>PL</arg>
<arg>PM</arg>
<arg>PN</arg>
<arg>PR</arg>
<arg>PS</arg>
<arg>PT</arg>
<arg>PW</arg>
<arg>PY</arg>
<arg>QA</arg>
<arg>RE</arg>
<arg>RO</arg>
<arg>RS</arg>
<arg>RU</arg>
<arg>RW</arg>
<arg>SA</arg>
<arg>SB</arg>
<arg>SC</arg>
<arg>SD</arg>
<arg>SE</arg>
<arg>SG</arg>
<arg>SH</arg>
<arg>SI</arg>
<arg>SJ</arg>
<arg>SK</arg>
<arg>SL</arg>
<arg>SM</arg>
<arg>SN</arg>
<arg>SO</arg>
<arg>SR</arg>
<arg>SS</arg>
<arg>ST</arg>
<arg>SV</arg>
<arg>SX</arg>
<arg>SY</arg>
<arg>SZ</arg>
<arg>TC</arg>
<arg>TD</arg>
<arg>TF</arg>
<arg>TG</arg>
<arg>TH</arg>
<arg>TJ</arg>
<arg>TK</arg>
<arg>TL</arg>
<arg>TM</arg>
<arg>TN</arg>
<arg>TO</arg>
<arg>TR</arg>
<arg>TT</arg>
<arg>TV</arg>
<arg>TW</arg>
<arg>TZ</arg>
<arg>UA</arg>
<arg>UG</arg>
<arg>UM</arg>
<arg>US</arg>
<arg>UY</arg>
<arg>UZ</arg>
<arg>VA</arg>
<arg>VC</arg>
<arg>VE</arg>
<arg>VG</arg>
<arg>VI</arg>
<arg>VN</arg>
<arg>VU</arg>
<arg>WF</arg>
<arg>WS</arg>
<arg>XK</arg>
<arg>YE</arg>
<arg>YT</arg>
<arg>ZA</arg>
<arg>ZM</arg>
<arg>ZW</arg>
<doc>Returns a list containing given items.</doc>
<status status="PASS" start="2024-06-04T21:13:44.202563" elapsed="0.000639"/>
</kw>
<kw name="List Should Contain Value" owner="Collections">
<msg time="2024-06-04T21:13:44.204187" level="INFO">False</msg>
<arg>${list_country}</arg>
<arg>${name_country}</arg>
<doc>Fails if the ``value`` is not found from ``list``.</doc>
<status status="PASS" start="2024-06-04T21:13:44.203982" elapsed="0.000240"/>
</kw>
<kw name="Run Keyword If" owner="BuiltIn">
<kw name="Should Be True" owner="BuiltIn">
<arg>${True}</arg>
<doc>Fails if the given condition is not true.</doc>
<status status="PASS" start="2024-06-04T21:13:44.205313" elapsed="0.000145"/>
</kw>
<arg>${json_data["results"][0]["location"]["coordinates"]["latitude"]} &gt;= -90 and ${json_data["results"][0]["location"]["coordinates"]["latitude"]} &lt;= 90</arg>
<arg>Should Be True</arg>
<arg>${True}</arg>
<doc>Runs the given keyword with the given arguments, if ``condition`` is true.</doc>
<status status="PASS" start="2024-06-04T21:13:44.204537" elapsed="0.001049"/>
</kw>
<kw name="Run Keyword If" owner="BuiltIn">
<kw name="Should Be True" owner="BuiltIn">
<arg>${True}</arg>
<doc>Fails if the given condition is not true.</doc>
<status status="PASS" start="2024-06-04T21:13:44.206469" elapsed="0.000137"/>
</kw>
<arg>${json_data["results"][0]["location"]["coordinates"]["longitude"]} &gt;= -180 and ${json_data["results"][0]["location"]["coordinates"]["longitude"]} &lt;= 180</arg>
<arg>Should Be True</arg>
<arg>${True}</arg>
<doc>Runs the given keyword with the given arguments, if ``condition`` is true.</doc>
<status status="PASS" start="2024-06-04T21:13:44.205777" elapsed="0.000953"/>
</kw>
<status status="PASS" start="2024-06-04T21:13:44.104637" elapsed="0.102222"/>
</kw>
<doc>Testa o conteúdo específico dos campos retornados pela API.</doc>
<tag>testeConteudo</tag>
<status status="PASS" start="2024-06-04T21:13:44.104188" elapsed="0.102821"/>
</test>
<status status="PASS" start="2024-06-04T21:13:43.365534" elapsed="0.843404"/>
</suite>
<status status="PASS" start="2024-06-04T21:13:43.350700" elapsed="0.863488"/>
</suite>
<statistics>
<total>
<stat pass="5" fail="0" skip="0">All Tests</stat>
</total>
<tag>
<stat pass="1" fail="0" skip="0">testeConteudo</stat>
<stat pass="1" fail="0" skip="0">testeEstruturaResposta</stat>
<stat pass="1" fail="0" skip="0">testeRequisicaoBasica</stat>
<stat pass="1" fail="0" skip="0">testeTiposDados</stat>
</tag>
<suite>
<stat pass="5" fail="0" skip="0" id="s1" name="Tests">Tests</stat>
<stat pass="5" fail="0" skip="0" id="s1-s1" name="Random-User-Test">Tests.Random-User-Test</stat>
</suite>
</statistics>
<errors>
</errors>
</robot>
