<?xml version="1.0" encoding="UTF-8"?>
<robot generator="Robot 7.0.1 (Python 3.12.3 on linux)" generated="2024-06-11T04:19:04.882504" rpa="false" schemaversion="5">
<suite id="s1" name="Tests" source="/home/runner/work/ApiRandomUser/ApiRandomUser/RamdonUser/tests">
<suite id="s1-s1" name="Random-User-Test" source="/home/runner/work/ApiRandomUser/ApiRandomUser/RamdonUser/tests/random-user-test.robot">
<test id="s1-s1-t1" name="Conectar" line="13">
<kw name="Conectar API" owner="random-user-service">
<kw name="Create Session" owner="RequestsLibrary">
<msg time="2024-06-11T04:19:05.268525" level="INFO">Creating Session using : alias=consultarAPI, url=https://randomuser.me/, headers={},                     cookies={}, auth=None, timeout=None, proxies=None, verify=False,                     debug=0 </msg>
<arg>consultarAPI</arg>
<arg>${URL}</arg>
<doc>Create Session: create a HTTP session to a server</doc>
<status status="PASS" start="2024-06-11T04:19:05.268332" elapsed="0.000368"/>
</kw>
<status status="PASS" start="2024-06-11T04:19:05.267314" elapsed="0.001765"/>
</kw>
<status status="PASS" start="2024-06-11T04:19:05.266787" elapsed="0.002495"/>
</test>
<test id="s1-s1-t2" name="Validar retorno 200 e JSON Válido" line="16">
<kw name="Teste de Requisicao Basica" owner="random-user-service">
<kw name="GET On Session" owner="RequestsLibrary">
<msg time="2024-06-11T04:19:05.361909" level="INFO">GET Request : url=https://randomuser.me/api 
 path_url=/api 
 headers={'User-Agent': 'python-requests/2.32.3', 'Accept-Encoding': 'gzip, deflate', 'Accept': '*/*', 'Connection': 'keep-alive'} 
 body=None 
 </msg>
<msg time="2024-06-11T04:19:05.362054" level="INFO">GET Response : url=https://randomuser.me/api 
 status=200, reason=OK 
 headers={'Date': 'Tue, 11 Jun 2024 04:19:05 GMT', 'Content-Type': 'application/json; charset=utf-8', 'Transfer-Encoding': 'chunked', 'Connection': 'keep-alive', 'X-Powered-By': 'Express', 'Access-Control-Allow-Origin': '*', 'Cache-Control': 'no-cache', 'ETag': 'W/"4b6-Ed52UaJfBfYFeaCCDp+cGDAYeZY"', 'Vary': 'Accept-Encoding', 'Content-Encoding': 'gzip', 'CF-Cache-Status': 'DYNAMIC', 'Report-To': '{"endpoints":[{"url":"https:\\/\\/a.nel.cloudflare.com\\/report\\/v4?s=Gj0vNXI%2FLf2myFyfvPeJvWBEzz28ef6Xi64yNS%2BXEQZPdUuRwsiqjdRimSIuIRTNz6cJhHVv6M2RwagkaL1OKifwwgEsXmAEK9gsBuFB7%2F4JqX%2F37umED%2BTS26jhG7Z0"}],"group":"cf-nel","max_age":604800}', 'NEL': '{"success_fraction":0,"report_to":"cf-nel","max_age":604800}', 'Server': 'cloudflare', 'CF-RAY': '891ecd062ea781dc-IAD', 'alt-svc': 'h3=":443"; ma=86400'} 
 body={"results":[{"gender":"male","name":{"title":"Monsieur","first":"Heiko","last":"Deschamps"},"location":{"street":{"number":9115,"name":"Rue de L'Abbé-Migne"},"city":"Saint-Sulpice (Vd)","state":"Schaffhausen","country":"Switzerland","postcode":6258,"coordinates":{"latitude":"-57.2326","longitude":"-13.9470"},"timezone":{"offset":"+4:00","description":"Abu Dhabi, Muscat, Baku, Tbilisi"}},"email":"heiko.deschamps@example.com","login":{"uuid":"639e9c9c-569d-49c5-8a93-379c94c5f6d1","username":"organicduck291","password":"perfect1","salt":"uyL2JYuU","md5":"029c1c496ca8aa511396d280b4c2bc9b","sha1":"7c46240760e1ec9fc58eb48423ecc8bc29eb065f","sha256":"cdc2f77cd41d3f7a9de4e942d7312ac5f31725788d2e65cf45cbe30ddef02a0b"},"dob":{"date":"1971-03-18T09:59:39.757Z","age":53},"registered":{"date":"2013-11-05T15:46:35.887Z","age":10},"phone":"076 839 38 09","cell":"078 741 49 29","id":{"name":"AVS","value":"756.1752.6836.20"},"picture":{"large":"https://randomuser.me/api/portraits/men/80.jpg","medium":"https://randomuser.me/api/portraits/med/men/80.jpg","thumbnail":"https://randomuser.me/api/portraits/thumb/men/80.jpg"},"nat":"CH"}],"info":{"seed":"a91bd42c5f1f67bb","results":1,"page":1,"version":"1.4"}} 
 </msg>
<msg time="2024-06-11T04:19:05.362145" level="INFO">/opt/hostedtoolcache/Python/3.12.3/x64/lib/python3.12/site-packages/urllib3/connectionpool.py:1103: InsecureRequestWarning: Unverified HTTPS request is being made to host 'randomuser.me'. Adding certificate verification is strongly advised. See: https://urllib3.readthedocs.io/en/latest/advanced-usage.html#tls-warnings
  warnings.warn(</msg>
<msg time="2024-06-11T04:19:05.362267" level="INFO">${response} = &lt;Response [200]&gt;</msg>
<var>${response}</var>
<arg>consultarAPI</arg>
<arg>/api</arg>
<doc>Sends a GET request on a previously created HTTP Session.</doc>
<status status="PASS" start="2024-06-11T04:19:05.271807" elapsed="0.090611"/>
</kw>
<kw name="Should Be Equal As Numbers" owner="BuiltIn">
<msg time="2024-06-11T04:19:05.363273" level="INFO">Argument types are:
&lt;class 'int'&gt;
&lt;class 'str'&gt;</msg>
<arg>${response.status_code}</arg>
<arg>200</arg>
<doc>Fails if objects are unequal after converting them to real numbers.</doc>
<status status="PASS" start="2024-06-11T04:19:05.362845" elapsed="0.000493"/>
</kw>
<kw name="Log" owner="BuiltIn">
<msg time="2024-06-11T04:19:05.364019" level="INFO">200</msg>
<arg>${response.status_code}</arg>
<doc>Logs the given message with the given level.</doc>
<status status="PASS" start="2024-06-11T04:19:05.363668" elapsed="0.000399"/>
</kw>
<kw name="Set Variable" owner="BuiltIn">
<msg time="2024-06-11T04:19:05.364807" level="INFO">${json_data} = {'results': [{'gender': 'male', 'name': {'title': 'Monsieur', 'first': 'Heiko', 'last': 'Deschamps'}, 'location': {'street': {'number': 9115, 'name': "Rue de L'Abbé-Migne"}, 'city': 'Saint-Sulpice (Vd...</msg>
<var>${json_data}</var>
<arg>${response.json()}</arg>
<doc>Returns the given values which can then be assigned to a variables.</doc>
<status status="PASS" start="2024-06-11T04:19:05.364373" elapsed="0.000465"/>
</kw>
<kw name="Dictionary Should Contain Key" owner="Collections">
<arg>${json_data}</arg>
<arg>results</arg>
<doc>Fails if ``key`` is not found from ``dictionary``.</doc>
<status status="PASS" start="2024-06-11T04:19:05.365189" elapsed="0.000174"/>
</kw>
<status status="PASS" start="2024-06-11T04:19:05.271571" elapsed="0.093940"/>
</kw>
<doc>Testa se a API responde corretamente e retorna um objeto JSON válido.</doc>
<tag>testeRequisicaoBasica</tag>
<status status="PASS" start="2024-06-11T04:19:05.271125" elapsed="0.094551"/>
</test>
<test id="s1-s1-t3" name="Validar estrutura de resposta" line="22">
<kw name="Teste de Estrutura de Resposta" owner="random-user-service">
<kw name="GET On Session" owner="RequestsLibrary">
<msg time="2024-06-11T04:19:05.476554" level="INFO">GET Request : url=https://randomuser.me/api 
 path_url=/api 
 headers={'User-Agent': 'python-requests/2.32.3', 'Accept-Encoding': 'gzip, deflate', 'Accept': '*/*', 'Connection': 'keep-alive'} 
 body=None 
 </msg>
<msg time="2024-06-11T04:19:05.476634" level="INFO">GET Response : url=https://randomuser.me/api 
 status=200, reason=OK 
 headers={'Date': 'Tue, 11 Jun 2024 04:19:05 GMT', 'Content-Type': 'application/json; charset=utf-8', 'Transfer-Encoding': 'chunked', 'Connection': 'keep-alive', 'X-Powered-By': 'Express', 'Access-Control-Allow-Origin': '*', 'Cache-Control': 'no-cache', 'ETag': 'W/"486-Y+homMem8CQPaVWpQGVCstOaaas"', 'Vary': 'Accept-Encoding', 'Content-Encoding': 'gzip', 'CF-Cache-Status': 'DYNAMIC', 'Report-To': '{"endpoints":[{"url":"https:\\/\\/a.nel.cloudflare.com\\/report\\/v4?s=yLS5UNiZFIup09%2FqW1qV40wNGUgQubOcsGqsdRCa6MO9Q1bCaTU6dBNGqIp7SyZOnz3U1hpHk8nOXt5tbY0vXWK99VP3UVunHMWOqU7AjZuygUh0TcTI9f6DShO6kz8n"}],"group":"cf-nel","max_age":604800}', 'NEL': '{"success_fraction":0,"report_to":"cf-nel","max_age":604800}', 'Server': 'cloudflare', 'CF-RAY': '891ecd069eef81dc-IAD', 'alt-svc': 'h3=":443"; ma=86400'} 
 body={"results":[{"gender":"male","name":{"title":"Mr","first":"Albert","last":"Rodriquez"},"location":{"street":{"number":732,"name":"Wycliff Ave"},"city":"Sydney","state":"New South Wales","country":"Australia","postcode":2260,"coordinates":{"latitude":"-83.3071","longitude":"-82.3102"},"timezone":{"offset":"+6:00","description":"Almaty, Dhaka, Colombo"}},"email":"albert.rodriquez@example.com","login":{"uuid":"0cc1fc3c-a904-4cec-a3bb-95fa68a81e86","username":"sadpanda638","password":"colorado","salt":"NMcsX6WA","md5":"2305a950554f1aa1381a68fdb2ee678e","sha1":"030c567f5f58e7aaa907e2fd83b749c74efcaaf8","sha256":"e6e3e7c55c97fb5e89df077fe495a4175ab9aca893cdc1ad663ce8526fb15877"},"dob":{"date":"1962-10-01T12:34:33.633Z","age":61},"registered":{"date":"2021-06-14T00:42:56.598Z","age":2},"phone":"03-5650-8549","cell":"0445-187-208","id":{"name":"TFN","value":"174806732"},"picture":{"large":"https://randomuser.me/api/portraits/men/63.jpg","medium":"https://randomuser.me/api/portraits/med/men/63.jpg","thumbnail":"https://randomuser.me/api/portraits/thumb/men/63.jpg"},"nat":"AU"}],"info":{"seed":"97c148cc4ba2e865","results":1,"page":1,"version":"1.4"}} 
 </msg>
<msg time="2024-06-11T04:19:05.476765" level="INFO">/opt/hostedtoolcache/Python/3.12.3/x64/lib/python3.12/site-packages/urllib3/connectionpool.py:1103: InsecureRequestWarning: Unverified HTTPS request is being made to host 'randomuser.me'. Adding certificate verification is strongly advised. See: https://urllib3.readthedocs.io/en/latest/advanced-usage.html#tls-warnings
  warnings.warn(</msg>
<msg time="2024-06-11T04:19:05.476880" level="INFO">${response} = &lt;Response [200]&gt;</msg>
<var>${response}</var>
<arg>consultarAPI</arg>
<arg>/api</arg>
<doc>Sends a GET request on a previously created HTTP Session.</doc>
<status status="PASS" start="2024-06-11T04:19:05.368596" elapsed="0.108326"/>
</kw>
<kw name="Set Variable" owner="BuiltIn">
<msg time="2024-06-11T04:19:05.477870" level="INFO">${json_data} = {'results': [{'gender': 'male', 'name': {'title': 'Mr', 'first': 'Albert', 'last': 'Rodriquez'}, 'location': {'street': {'number': 732, 'name': 'Wycliff Ave'}, 'city': 'Sydney', 'state': 'New South Wa...</msg>
<var>${json_data}</var>
<arg>${response.json()}</arg>
<doc>Returns the given values which can then be assigned to a variables.</doc>
<status status="PASS" start="2024-06-11T04:19:05.477386" elapsed="0.000514"/>
</kw>
<kw name="Log" owner="BuiltIn">
<msg time="2024-06-11T04:19:05.478368" level="INFO">{'results': [{'gender': 'male', 'name': {'title': 'Mr', 'first': 'Albert', 'last': 'Rodriquez'}, 'location': {'street': {'number': 732, 'name': 'Wycliff Ave'}, 'city': 'Sydney', 'state': 'New South Wales', 'country': 'Australia', 'postcode': 2260, 'coordinates': {'latitude': '-83.3071', 'longitude': '-82.3102'}, 'timezone': {'offset': '+6:00', 'description': 'Almaty, Dhaka, Colombo'}}, 'email': 'albert.rodriquez@example.com', 'login': {'uuid': '0cc1fc3c-a904-4cec-a3bb-95fa68a81e86', 'username': 'sadpanda638', 'password': 'colorado', 'salt': 'NMcsX6WA', 'md5': '2305a950554f1aa1381a68fdb2ee678e', 'sha1': '030c567f5f58e7aaa907e2fd83b749c74efcaaf8', 'sha256': 'e6e3e7c55c97fb5e89df077fe495a4175ab9aca893cdc1ad663ce8526fb15877'}, 'dob': {'date': '1962-10-01T12:34:33.633Z', 'age': 61}, 'registered': {'date': '2021-06-14T00:42:56.598Z', 'age': 2}, 'phone': '03-5650-8549', 'cell': '0445-187-208', 'id': {'name': 'TFN', 'value': '174806732'}, 'picture': {'large': 'https://randomuser.me/api/portraits/men/63.jpg', 'medium': 'https://randomuser.me/api/portraits/med/men/63.jpg', 'thumbnail': 'https://randomuser.me/api/portraits/thumb/men/63.jpg'}, 'nat': 'AU'}], 'info': {'seed': '97c148cc4ba2e865', 'results': 1, 'page': 1, 'version': '1.4'}}</msg>
<arg>${json_data}</arg>
<doc>Logs the given message with the given level.</doc>
<status status="PASS" start="2024-06-11T04:19:05.478209" elapsed="0.000207"/>
</kw>
<kw name="Dictionary Should Contain Key" owner="Collections">
<arg>${json_data}</arg>
<arg>results</arg>
<doc>Fails if ``key`` is not found from ``dictionary``.</doc>
<status status="PASS" start="2024-06-11T04:19:05.478710" elapsed="0.000157"/>
</kw>
<kw name="Should Not Be Empty" owner="BuiltIn">
<msg time="2024-06-11T04:19:05.479186" level="INFO">Length is 2.</msg>
<arg>${json_data}</arg>
<doc>Verifies that the given item is not empty.</doc>
<status status="PASS" start="2024-06-11T04:19:05.479062" elapsed="0.000163"/>
</kw>
<kw name="Create List" owner="BuiltIn">
<msg time="2024-06-11T04:19:05.479663" level="INFO">${expected_keys} = ['gender', 'name', 'location', 'email', 'login']</msg>
<var>${expected_keys}</var>
<arg>gender</arg>
<arg>name</arg>
<arg>location</arg>
<arg>email</arg>
<arg>login</arg>
<doc>Returns a list containing given items.</doc>
<status status="PASS" start="2024-06-11T04:19:05.479514" elapsed="0.000173"/>
</kw>
<for flavor="IN">
<iter>
<kw name="Dictionary Should Contain Key" owner="Collections">
<arg>${json_data['results'][0]}</arg>
<arg>${key}</arg>
<doc>Fails if ``key`` is not found from ``dictionary``.</doc>
<status status="PASS" start="2024-06-11T04:19:05.480271" elapsed="0.000411"/>
</kw>
<kw name="Log" owner="BuiltIn">
<msg time="2024-06-11T04:19:05.481285" level="INFO">{'gender': 'male', 'name': {'title': 'Mr', 'first': 'Albert', 'last': 'Rodriquez'}, 'location': {'street': {'number': 732, 'name': 'Wycliff Ave'}, 'city': 'Sydney', 'state': 'New South Wales', 'country': 'Australia', 'postcode': 2260, 'coordinates': {'latitude': '-83.3071', 'longitude': '-82.3102'}, 'timezone': {'offset': '+6:00', 'description': 'Almaty, Dhaka, Colombo'}}, 'email': 'albert.rodriquez@example.com', 'login': {'uuid': '0cc1fc3c-a904-4cec-a3bb-95fa68a81e86', 'username': 'sadpanda638', 'password': 'colorado', 'salt': 'NMcsX6WA', 'md5': '2305a950554f1aa1381a68fdb2ee678e', 'sha1': '030c567f5f58e7aaa907e2fd83b749c74efcaaf8', 'sha256': 'e6e3e7c55c97fb5e89df077fe495a4175ab9aca893cdc1ad663ce8526fb15877'}, 'dob': {'date': '1962-10-01T12:34:33.633Z', 'age': 61}, 'registered': {'date': '2021-06-14T00:42:56.598Z', 'age': 2}, 'phone': '03-5650-8549', 'cell': '0445-187-208', 'id': {'name': 'TFN', 'value': '174806732'}, 'picture': {'large': 'https://randomuser.me/api/portraits/men/63.jpg', 'medium': 'https://randomuser.me/api/portraits/med/men/63.jpg', 'thumbnail': 'https://randomuser.me/api/portraits/thumb/men/63.jpg'}, 'nat': 'AU'}</msg>
<arg>${json_data['results'][0]}</arg>
<doc>Logs the given message with the given level.</doc>
<status status="PASS" start="2024-06-11T04:19:05.480875" elapsed="0.000460"/>
</kw>
<kw name="Log" owner="BuiltIn">
<msg time="2024-06-11T04:19:05.481777" level="INFO">gender</msg>
<arg>${key}</arg>
<doc>Logs the given message with the given level.</doc>
<status status="PASS" start="2024-06-11T04:19:05.481648" elapsed="0.000168"/>
</kw>
<var name="${key}">gender</var>
<status status="PASS" start="2024-06-11T04:19:05.480141" elapsed="0.001900"/>
</iter>
<iter>
<kw name="Dictionary Should Contain Key" owner="Collections">
<arg>${json_data['results'][0]}</arg>
<arg>${key}</arg>
<doc>Fails if ``key`` is not found from ``dictionary``.</doc>
<status status="PASS" start="2024-06-11T04:19:05.482344" elapsed="0.000391"/>
</kw>
<kw name="Log" owner="BuiltIn">
<msg time="2024-06-11T04:19:05.483268" level="INFO">{'gender': 'male', 'name': {'title': 'Mr', 'first': 'Albert', 'last': 'Rodriquez'}, 'location': {'street': {'number': 732, 'name': 'Wycliff Ave'}, 'city': 'Sydney', 'state': 'New South Wales', 'country': 'Australia', 'postcode': 2260, 'coordinates': {'latitude': '-83.3071', 'longitude': '-82.3102'}, 'timezone': {'offset': '+6:00', 'description': 'Almaty, Dhaka, Colombo'}}, 'email': 'albert.rodriquez@example.com', 'login': {'uuid': '0cc1fc3c-a904-4cec-a3bb-95fa68a81e86', 'username': 'sadpanda638', 'password': 'colorado', 'salt': 'NMcsX6WA', 'md5': '2305a950554f1aa1381a68fdb2ee678e', 'sha1': '030c567f5f58e7aaa907e2fd83b749c74efcaaf8', 'sha256': 'e6e3e7c55c97fb5e89df077fe495a4175ab9aca893cdc1ad663ce8526fb15877'}, 'dob': {'date': '1962-10-01T12:34:33.633Z', 'age': 61}, 'registered': {'date': '2021-06-14T00:42:56.598Z', 'age': 2}, 'phone': '03-5650-8549', 'cell': '0445-187-208', 'id': {'name': 'TFN', 'value': '174806732'}, 'picture': {'large': 'https://randomuser.me/api/portraits/men/63.jpg', 'medium': 'https://randomuser.me/api/portraits/med/men/63.jpg', 'thumbnail': 'https://randomuser.me/api/portraits/thumb/men/63.jpg'}, 'nat': 'AU'}</msg>
<arg>${json_data['results'][0]}</arg>
<doc>Logs the given message with the given level.</doc>
<status status="PASS" start="2024-06-11T04:19:05.482922" elapsed="0.000426"/>
</kw>
<kw name="Log" owner="BuiltIn">
<msg time="2024-06-11T04:19:05.483785" level="INFO">name</msg>
<arg>${key}</arg>
<doc>Logs the given message with the given level.</doc>
<status status="PASS" start="2024-06-11T04:19:05.483650" elapsed="0.000174"/>
</kw>
<var name="${key}">name</var>
<status status="PASS" start="2024-06-11T04:19:05.482230" elapsed="0.001815"/>
</iter>
<iter>
<kw name="Dictionary Should Contain Key" owner="Collections">
<arg>${json_data['results'][0]}</arg>
<arg>${key}</arg>
<doc>Fails if ``key`` is not found from ``dictionary``.</doc>
<status status="PASS" start="2024-06-11T04:19:05.484336" elapsed="0.000374"/>
</kw>
<kw name="Log" owner="BuiltIn">
<msg time="2024-06-11T04:19:05.485290" level="INFO">{'gender': 'male', 'name': {'title': 'Mr', 'first': 'Albert', 'last': 'Rodriquez'}, 'location': {'street': {'number': 732, 'name': 'Wycliff Ave'}, 'city': 'Sydney', 'state': 'New South Wales', 'country': 'Australia', 'postcode': 2260, 'coordinates': {'latitude': '-83.3071', 'longitude': '-82.3102'}, 'timezone': {'offset': '+6:00', 'description': 'Almaty, Dhaka, Colombo'}}, 'email': 'albert.rodriquez@example.com', 'login': {'uuid': '0cc1fc3c-a904-4cec-a3bb-95fa68a81e86', 'username': 'sadpanda638', 'password': 'colorado', 'salt': 'NMcsX6WA', 'md5': '2305a950554f1aa1381a68fdb2ee678e', 'sha1': '030c567f5f58e7aaa907e2fd83b749c74efcaaf8', 'sha256': 'e6e3e7c55c97fb5e89df077fe495a4175ab9aca893cdc1ad663ce8526fb15877'}, 'dob': {'date': '1962-10-01T12:34:33.633Z', 'age': 61}, 'registered': {'date': '2021-06-14T00:42:56.598Z', 'age': 2}, 'phone': '03-5650-8549', 'cell': '0445-187-208', 'id': {'name': 'TFN', 'value': '174806732'}, 'picture': {'large': 'https://randomuser.me/api/portraits/men/63.jpg', 'medium': 'https://randomuser.me/api/portraits/med/men/63.jpg', 'thumbnail': 'https://randomuser.me/api/portraits/thumb/men/63.jpg'}, 'nat': 'AU'}</msg>
<arg>${json_data['results'][0]}</arg>
<doc>Logs the given message with the given level.</doc>
<status status="PASS" start="2024-06-11T04:19:05.484899" elapsed="0.000449"/>
</kw>
<kw name="Log" owner="BuiltIn">
<msg time="2024-06-11T04:19:05.485780" level="INFO">location</msg>
<arg>${key}</arg>
<doc>Logs the given message with the given level.</doc>
<status status="PASS" start="2024-06-11T04:19:05.485654" elapsed="0.000164"/>
</kw>
<var name="${key}">location</var>
<status status="PASS" start="2024-06-11T04:19:05.484226" elapsed="0.001814"/>
</iter>
<iter>
<kw name="Dictionary Should Contain Key" owner="Collections">
<arg>${json_data['results'][0]}</arg>
<arg>${key}</arg>
<doc>Fails if ``key`` is not found from ``dictionary``.</doc>
<status status="PASS" start="2024-06-11T04:19:05.486325" elapsed="0.000390"/>
</kw>
<kw name="Log" owner="BuiltIn">
<msg time="2024-06-11T04:19:05.487259" level="INFO">{'gender': 'male', 'name': {'title': 'Mr', 'first': 'Albert', 'last': 'Rodriquez'}, 'location': {'street': {'number': 732, 'name': 'Wycliff Ave'}, 'city': 'Sydney', 'state': 'New South Wales', 'country': 'Australia', 'postcode': 2260, 'coordinates': {'latitude': '-83.3071', 'longitude': '-82.3102'}, 'timezone': {'offset': '+6:00', 'description': 'Almaty, Dhaka, Colombo'}}, 'email': 'albert.rodriquez@example.com', 'login': {'uuid': '0cc1fc3c-a904-4cec-a3bb-95fa68a81e86', 'username': 'sadpanda638', 'password': 'colorado', 'salt': 'NMcsX6WA', 'md5': '2305a950554f1aa1381a68fdb2ee678e', 'sha1': '030c567f5f58e7aaa907e2fd83b749c74efcaaf8', 'sha256': 'e6e3e7c55c97fb5e89df077fe495a4175ab9aca893cdc1ad663ce8526fb15877'}, 'dob': {'date': '1962-10-01T12:34:33.633Z', 'age': 61}, 'registered': {'date': '2021-06-14T00:42:56.598Z', 'age': 2}, 'phone': '03-5650-8549', 'cell': '0445-187-208', 'id': {'name': 'TFN', 'value': '174806732'}, 'picture': {'large': 'https://randomuser.me/api/portraits/men/63.jpg', 'medium': 'https://randomuser.me/api/portraits/med/men/63.jpg', 'thumbnail': 'https://randomuser.me/api/portraits/thumb/men/63.jpg'}, 'nat': 'AU'}</msg>
<arg>${json_data['results'][0]}</arg>
<doc>Logs the given message with the given level.</doc>
<status status="PASS" start="2024-06-11T04:19:05.486899" elapsed="0.000408"/>
</kw>
<kw name="Log" owner="BuiltIn">
<msg time="2024-06-11T04:19:05.487729" level="INFO">email</msg>
<arg>${key}</arg>
<doc>Logs the given message with the given level.</doc>
<status status="PASS" start="2024-06-11T04:19:05.487601" elapsed="0.000166"/>
</kw>
<var name="${key}">email</var>
<status status="PASS" start="2024-06-11T04:19:05.486217" elapsed="0.001766"/>
</iter>
<iter>
<kw name="Dictionary Should Contain Key" owner="Collections">
<arg>${json_data['results'][0]}</arg>
<arg>${key}</arg>
<doc>Fails if ``key`` is not found from ``dictionary``.</doc>
<status status="PASS" start="2024-06-11T04:19:05.488265" elapsed="0.000385"/>
</kw>
<kw name="Log" owner="BuiltIn">
<msg time="2024-06-11T04:19:05.489232" level="INFO">{'gender': 'male', 'name': {'title': 'Mr', 'first': 'Albert', 'last': 'Rodriquez'}, 'location': {'street': {'number': 732, 'name': 'Wycliff Ave'}, 'city': 'Sydney', 'state': 'New South Wales', 'country': 'Australia', 'postcode': 2260, 'coordinates': {'latitude': '-83.3071', 'longitude': '-82.3102'}, 'timezone': {'offset': '+6:00', 'description': 'Almaty, Dhaka, Colombo'}}, 'email': 'albert.rodriquez@example.com', 'login': {'uuid': '0cc1fc3c-a904-4cec-a3bb-95fa68a81e86', 'username': 'sadpanda638', 'password': 'colorado', 'salt': 'NMcsX6WA', 'md5': '2305a950554f1aa1381a68fdb2ee678e', 'sha1': '030c567f5f58e7aaa907e2fd83b749c74efcaaf8', 'sha256': 'e6e3e7c55c97fb5e89df077fe495a4175ab9aca893cdc1ad663ce8526fb15877'}, 'dob': {'date': '1962-10-01T12:34:33.633Z', 'age': 61}, 'registered': {'date': '2021-06-14T00:42:56.598Z', 'age': 2}, 'phone': '03-5650-8549', 'cell': '0445-187-208', 'id': {'name': 'TFN', 'value': '174806732'}, 'picture': {'large': 'https://randomuser.me/api/portraits/men/63.jpg', 'medium': 'https://randomuser.me/api/portraits/med/men/63.jpg', 'thumbnail': 'https://randomuser.me/api/portraits/thumb/men/63.jpg'}, 'nat': 'AU'}</msg>
<arg>${json_data['results'][0]}</arg>
<doc>Logs the given message with the given level.</doc>
<status status="PASS" start="2024-06-11T04:19:05.488839" elapsed="0.000441"/>
</kw>
<kw name="Log" owner="BuiltIn">
<msg time="2024-06-11T04:19:05.489812" level="INFO">login</msg>
<arg>${key}</arg>
<doc>Logs the given message with the given level.</doc>
<status status="PASS" start="2024-06-11T04:19:05.489577" elapsed="0.000273"/>
</kw>
<var name="${key}">login</var>
<status status="PASS" start="2024-06-11T04:19:05.488156" elapsed="0.001914"/>
</iter>
<var>${key}</var>
<value>@{expected_keys}</value>
<status status="PASS" start="2024-06-11T04:19:05.479954" elapsed="0.010239"/>
</for>
<kw name="Create List" owner="BuiltIn">
<msg time="2024-06-11T04:19:05.490522" level="INFO">${expected_keysTwo} = ['username', 'password']</msg>
<var>${expected_keysTwo}</var>
<arg>username</arg>
<arg>password</arg>
<doc>Returns a list containing given items.</doc>
<status status="PASS" start="2024-06-11T04:19:05.490385" elapsed="0.000161"/>
</kw>
<for flavor="IN">
<iter>
<kw name="Dictionary Should Contain Key" owner="Collections">
<arg>${json_data['results'][0]['login']}</arg>
<arg>${keyTwo}</arg>
<doc>Fails if ``key`` is not found from ``dictionary``.</doc>
<status status="PASS" start="2024-06-11T04:19:05.491085" elapsed="0.000384"/>
</kw>
<kw name="Dictionary Should Contain Key" owner="Collections">
<arg>${json_data['results'][0]['login']}</arg>
<arg>${keyTwo}</arg>
<doc>Fails if ``key`` is not found from ``dictionary``.</doc>
<status status="PASS" start="2024-06-11T04:19:05.491651" elapsed="0.000369"/>
</kw>
<kw name="Log" owner="BuiltIn">
<msg time="2024-06-11T04:19:05.492316" level="INFO">username</msg>
<arg>${keyTwo}</arg>
<doc>Logs the given message with the given level.</doc>
<status status="PASS" start="2024-06-11T04:19:05.492198" elapsed="0.000155"/>
</kw>
<var name="${keyTwo}">username</var>
<status status="PASS" start="2024-06-11T04:19:05.490977" elapsed="0.001596"/>
</iter>
<iter>
<kw name="Dictionary Should Contain Key" owner="Collections">
<arg>${json_data['results'][0]['login']}</arg>
<arg>${keyTwo}</arg>
<doc>Fails if ``key`` is not found from ``dictionary``.</doc>
<status status="PASS" start="2024-06-11T04:19:05.492860" elapsed="0.000420"/>
</kw>
<kw name="Dictionary Should Contain Key" owner="Collections">
<arg>${json_data['results'][0]['login']}</arg>
<arg>${keyTwo}</arg>
<doc>Fails if ``key`` is not found from ``dictionary``.</doc>
<status status="PASS" start="2024-06-11T04:19:05.493464" elapsed="0.000367"/>
</kw>
<kw name="Log" owner="BuiltIn">
<msg time="2024-06-11T04:19:05.494132" level="INFO">password</msg>
<arg>${keyTwo}</arg>
<doc>Logs the given message with the given level.</doc>
<status status="PASS" start="2024-06-11T04:19:05.494011" elapsed="0.000158"/>
</kw>
<var name="${keyTwo}">password</var>
<status status="PASS" start="2024-06-11T04:19:05.492751" elapsed="0.001640"/>
</iter>
<var>${keyTwo}</var>
<value>@{expected_keysTwo}</value>
<status status="PASS" start="2024-06-11T04:19:05.490820" elapsed="0.003695"/>
</for>
<status status="PASS" start="2024-06-11T04:19:05.368313" elapsed="0.126345"/>
</kw>
<doc>Testa a estrutura da resposta da API.</doc>
<tag>testeEstruturaResposta</tag>
<status status="PASS" start="2024-06-11T04:19:05.367540" elapsed="0.127272"/>
</test>
<test id="s1-s1-t4" name="Validar tipos de dados" line="28">
<kw name="Teste de Tipos de Dados" owner="random-user-service">
<kw name="GET On Session" owner="RequestsLibrary">
<msg time="2024-06-11T04:19:05.976250" level="INFO">GET Request : url=https://randomuser.me/api 
 path_url=/api 
 headers={'User-Agent': 'python-requests/2.32.3', 'Accept-Encoding': 'gzip, deflate', 'Accept': '*/*', 'Connection': 'keep-alive'} 
 body=None 
 </msg>
<msg time="2024-06-11T04:19:05.976357" level="INFO">GET Response : url=https://randomuser.me/api 
 status=200, reason=OK 
 headers={'Date': 'Tue, 11 Jun 2024 04:19:05 GMT', 'Content-Type': 'application/json; charset=utf-8', 'Transfer-Encoding': 'chunked', 'Connection': 'keep-alive', 'X-Powered-By': 'Express', 'Access-Control-Allow-Origin': '*', 'Cache-Control': 'no-cache', 'ETag': 'W/"48b-uhiJsHWjmqSwaF2rgUw95wVxbSw"', 'Vary': 'Accept-Encoding', 'Content-Encoding': 'gzip', 'CF-Cache-Status': 'DYNAMIC', 'Report-To': '{"endpoints":[{"url":"https:\\/\\/a.nel.cloudflare.com\\/report\\/v4?s=w2sJuL5ESfTnRQbl%2Be4LRJJqh65MO8mU5UiGUV2NTGQIkiE3O7ohSUSYKEStsx9qWsYehMWtoOTE0lWV5fuRLZvTehl8NLgORcftzd12L8DDJOFiLYnFB6JxhUpHwRpo"}],"group":"cf-nel","max_age":604800}', 'NEL': '{"success_fraction":0,"report_to":"cf-nel","max_age":604800}', 'Server': 'cloudflare', 'CF-RAY': '891ecd076fbd81dc-IAD', 'alt-svc': 'h3=":443"; ma=86400'} 
 body={"results":[{"gender":"male","name":{"title":"Mr","first":"Louis","last":"White"},"location":{"street":{"number":7628,"name":"Hugh Watt Drive"},"city":"Porirua","state":"Bay of Plenty","country":"New Zealand","postcode":99515,"coordinates":{"latitude":"47.7138","longitude":"-38.7307"},"timezone":{"offset":"+1:00","description":"Brussels, Copenhagen, Madrid, Paris"}},"email":"louis.white@example.com","login":{"uuid":"ad7c6a1f-7c44-4f8c-a08f-e94935f0d430","username":"orangezebra924","password":"747474","salt":"EXtr7FVk","md5":"2f25e3c6daa3d12fdac923bd07790dd8","sha1":"65328917e57e5560c18f079dacfd6215d44f05ee","sha256":"5e6c10ac721bd7ca23b8bbf46388a1239e0761b3dc6a3289c2a3c8fa4e6c86f8"},"dob":{"date":"1979-12-24T20:48:35.665Z","age":44},"registered":{"date":"2008-01-03T11:52:11.751Z","age":16},"phone":"(239)-082-1069","cell":"(197)-832-7023","id":{"name":"","value":null},"picture":{"large":"https://randomuser.me/api/portraits/men/60.jpg","medium":"https://randomuser.me/api/portraits/med/men/60.jpg","thumbnail":"https://randomuser.me/api/portraits/thumb/men/60.jpg"},"nat":"NZ"}],"info":{"seed":"966f415939b3ffc6","results":1,"page":1,"version":"1.4"}} 
 </msg>
<msg time="2024-06-11T04:19:05.976425" level="INFO">/opt/hostedtoolcache/Python/3.12.3/x64/lib/python3.12/site-packages/urllib3/connectionpool.py:1103: InsecureRequestWarning: Unverified HTTPS request is being made to host 'randomuser.me'. Adding certificate verification is strongly advised. See: https://urllib3.readthedocs.io/en/latest/advanced-usage.html#tls-warnings
  warnings.warn(</msg>
<msg time="2024-06-11T04:19:05.976553" level="INFO">${response} = &lt;Response [200]&gt;</msg>
<var>${response}</var>
<arg>consultarAPI</arg>
<arg>/api</arg>
<doc>Sends a GET request on a previously created HTTP Session.</doc>
<status status="PASS" start="2024-06-11T04:19:05.497301" elapsed="0.479291"/>
</kw>
<kw name="Set Variable" owner="BuiltIn">
<msg time="2024-06-11T04:19:05.977824" level="INFO">${json_data} = {'results': [{'gender': 'male', 'name': {'title': 'Mr', 'first': 'Louis', 'last': 'White'}, 'location': {'street': {'number': 7628, 'name': 'Hugh Watt Drive'}, 'city': 'Porirua', 'state': 'Bay of Plen...</msg>
<var>${json_data}</var>
<arg>${response.json()}</arg>
<doc>Returns the given values which can then be assigned to a variables.</doc>
<status status="PASS" start="2024-06-11T04:19:05.977266" elapsed="0.000587"/>
</kw>
<kw name="Log" owner="BuiltIn">
<msg time="2024-06-11T04:19:05.978328" level="INFO">{'results': [{'gender': 'male', 'name': {'title': 'Mr', 'first': 'Louis', 'last': 'White'}, 'location': {'street': {'number': 7628, 'name': 'Hugh Watt Drive'}, 'city': 'Porirua', 'state': 'Bay of Plenty', 'country': 'New Zealand', 'postcode': 99515, 'coordinates': {'latitude': '47.7138', 'longitude': '-38.7307'}, 'timezone': {'offset': '+1:00', 'description': 'Brussels, Copenhagen, Madrid, Paris'}}, 'email': 'louis.white@example.com', 'login': {'uuid': 'ad7c6a1f-7c44-4f8c-a08f-e94935f0d430', 'username': 'orangezebra924', 'password': '747474', 'salt': 'EXtr7FVk', 'md5': '2f25e3c6daa3d12fdac923bd07790dd8', 'sha1': '65328917e57e5560c18f079dacfd6215d44f05ee', 'sha256': '5e6c10ac721bd7ca23b8bbf46388a1239e0761b3dc6a3289c2a3c8fa4e6c86f8'}, 'dob': {'date': '1979-12-24T20:48:35.665Z', 'age': 44}, 'registered': {'date': '2008-01-03T11:52:11.751Z', 'age': 16}, 'phone': '(239)-082-1069', 'cell': '(197)-832-7023', 'id': {'name': '', 'value': None}, 'picture': {'large': 'https://randomuser.me/api/portraits/men/60.jpg', 'medium': 'https://randomuser.me/api/portraits/med/men/60.jpg', 'thumbnail': 'https://randomuser.me/api/portraits/thumb/men/60.jpg'}, 'nat': 'NZ'}], 'info': {'seed': '966f415939b3ffc6', 'results': 1, 'page': 1, 'version': '1.4'}}</msg>
<arg>${json_data}</arg>
<doc>Logs the given message with the given level.</doc>
<status status="PASS" start="2024-06-11T04:19:05.978171" elapsed="0.000205"/>
</kw>
<kw name="Should Be String" owner="String">
<arg>${json_data['results'][0]['gender']}</arg>
<doc>Fails if the given ``item`` is not a string.</doc>
<status status="PASS" start="2024-06-11T04:19:05.978670" elapsed="0.000368"/>
</kw>
<kw name="Should Match Regexp" owner="BuiltIn">
<arg>${json_data['results'][0]['email']}</arg>
<arg>^[a-zA-Z0-9._%+-]+@[a-zA-Z0-9.-]+\.[a-zA-Z]{2,}$</arg>
<doc>Fails if ``string`` does not match ``pattern`` as a regular expression.</doc>
<status status="PASS" start="2024-06-11T04:19:05.979231" elapsed="0.000510"/>
</kw>
<kw name="Should Match Regexp" owner="BuiltIn">
<arg>${json_data['results'][0]['dob']['date']}</arg>
<arg>\\d{4}-\\d{2}-\\d{2}T\\d{2}:\\d{2}:\\d{2}\\.\\d{3}Z</arg>
<doc>Fails if ``string`` does not match ``pattern`` as a regular expression.</doc>
<status status="PASS" start="2024-06-11T04:19:05.979981" elapsed="0.000495"/>
</kw>
<kw name="Should Match Regexp" owner="BuiltIn">
<arg>${json_data['results'][0]['registered']['date']}</arg>
<arg>\\d{4}-\\d{2}-\\d{2}T\\d{2}:\\d{2}:\\d{2}\\.\\d{3}Z</arg>
<doc>Fails if ``string`` does not match ``pattern`` as a regular expression.</doc>
<status status="PASS" start="2024-06-11T04:19:05.980668" elapsed="0.000395"/>
</kw>
<kw name="Should Match Regexp" owner="BuiltIn">
<arg>${json_data['results'][0]['picture']['large']}</arg>
<arg>^https?://.*\.(?:png|jpe?g|gif|bmp)$</arg>
<doc>Fails if ``string`` does not match ``pattern`` as a regular expression.</doc>
<status status="PASS" start="2024-06-11T04:19:05.981258" elapsed="0.000460"/>
</kw>
<kw name="Should Match Regexp" owner="BuiltIn">
<arg>${json_data['results'][0]['picture']['medium']}</arg>
<arg>^https?://.*\.(?:png|jpe?g|gif|bmp)$</arg>
<doc>Fails if ``string`` does not match ``pattern`` as a regular expression.</doc>
<status status="PASS" start="2024-06-11T04:19:05.981911" elapsed="0.000353"/>
</kw>
<kw name="Should Match Regexp" owner="BuiltIn">
<arg>${json_data['results'][0]['picture']['thumbnail']}</arg>
<arg>^https?://.*\.(?:png|jpe?g|gif|bmp)$</arg>
<doc>Fails if ``string`` does not match ``pattern`` as a regular expression.</doc>
<status status="PASS" start="2024-06-11T04:19:05.982452" elapsed="0.000349"/>
</kw>
<kw name="Log" owner="BuiltIn">
<msg time="2024-06-11T04:19:05.983309" level="INFO">{'large': 'https://randomuser.me/api/portraits/men/60.jpg', 'medium': 'https://randomuser.me/api/portraits/med/men/60.jpg', 'thumbnail': 'https://randomuser.me/api/portraits/thumb/men/60.jpg'}</msg>
<arg>${json_data['results'][0]['picture']}</arg>
<doc>Logs the given message with the given level.</doc>
<status status="PASS" start="2024-06-11T04:19:05.982982" elapsed="0.000369"/>
</kw>
<status status="PASS" start="2024-06-11T04:19:05.497030" elapsed="0.486580"/>
</kw>
<kw name="Teste de Tipos de Dados - Postcode" owner="random-user-service">
<kw name="GET On Session" owner="RequestsLibrary">
<msg time="2024-06-11T04:19:06.126035" level="INFO">GET Request : url=https://randomuser.me/api 
 path_url=/api 
 headers={'User-Agent': 'python-requests/2.32.3', 'Accept-Encoding': 'gzip, deflate', 'Accept': '*/*', 'Connection': 'keep-alive'} 
 body=None 
 </msg>
<msg time="2024-06-11T04:19:06.126146" level="INFO">GET Response : url=https://randomuser.me/api 
 status=200, reason=OK 
 headers={'Date': 'Tue, 11 Jun 2024 04:19:06 GMT', 'Content-Type': 'application/json; charset=utf-8', 'Transfer-Encoding': 'chunked', 'Connection': 'keep-alive', 'X-Powered-By': 'Express', 'Access-Control-Allow-Origin': '*', 'Cache-Control': 'no-cache', 'ETag': 'W/"488-VwvmINM+VZ7RhqSAmubYpYuZty0"', 'Vary': 'Accept-Encoding', 'Content-Encoding': 'gzip', 'CF-Cache-Status': 'DYNAMIC', 'Report-To': '{"endpoints":[{"url":"https:\\/\\/a.nel.cloudflare.com\\/report\\/v4?s=pF3j7dIjq6ZSOWoy6K9Fh2Y5snrQ2nkFHVHxnErUhLw%2BWAb3LzgrqTlIS%2FsVIo7ZowUI2CZF06o9318edFyTFJXZ1anqfFQbJtwhjEQ%2B2cQQT7MLA96w3HqpLyAfDAH7"}],"group":"cf-nel","max_age":604800}', 'NEL': '{"success_fraction":0,"report_to":"cf-nel","max_age":604800}', 'Server': 'cloudflare', 'CF-RAY': '891ecd0a6a6b81dc-IAD', 'alt-svc': 'h3=":443"; ma=86400'} 
 body={"results":[{"gender":"male","name":{"title":"Mr","first":"Joel","last":"Lehtonen"},"location":{"street":{"number":5011,"name":"Tehtaankatu"},"city":"Savonlinna","state":"Kainuu","country":"Finland","postcode":36400,"coordinates":{"latitude":"-22.1519","longitude":"-41.4991"},"timezone":{"offset":"-1:00","description":"Azores, Cape Verde Islands"}},"email":"joel.lehtonen@example.com","login":{"uuid":"5868ec34-fec5-47ad-9bf7-08ca4936dcc2","username":"yellowkoala148","password":"pigpen","salt":"76WuEMZK","md5":"1003892222915f042e908374b68f0f85","sha1":"16e85f34e2f2d186662cfd8b27370232914ca8f3","sha256":"35261b2b2bc841e85e82010c7aaa44fe20d278c66f43da5d2ab2f9c131db0b6e"},"dob":{"date":"1975-04-11T05:25:41.792Z","age":49},"registered":{"date":"2017-06-23T00:01:30.416Z","age":6},"phone":"04-623-877","cell":"041-081-81-44","id":{"name":"HETU","value":"NaNNA925undefined"},"picture":{"large":"https://randomuser.me/api/portraits/men/63.jpg","medium":"https://randomuser.me/api/portraits/med/men/63.jpg","thumbnail":"https://randomuser.me/api/portraits/thumb/men/63.jpg"},"nat":"FI"}],"info":{"seed":"f229fc64b52b8414","results":1,"page":1,"version":"1.4"}} 
 </msg>
<msg time="2024-06-11T04:19:06.126247" level="INFO">/opt/hostedtoolcache/Python/3.12.3/x64/lib/python3.12/site-packages/urllib3/connectionpool.py:1103: InsecureRequestWarning: Unverified HTTPS request is being made to host 'randomuser.me'. Adding certificate verification is strongly advised. See: https://urllib3.readthedocs.io/en/latest/advanced-usage.html#tls-warnings
  warnings.warn(</msg>
<msg time="2024-06-11T04:19:06.126394" level="INFO">${response} = &lt;Response [200]&gt;</msg>
<var>${response}</var>
<arg>consultarAPI</arg>
<arg>/api</arg>
<doc>Sends a GET request on a previously created HTTP Session.</doc>
<status status="PASS" start="2024-06-11T04:19:05.984085" elapsed="0.142359"/>
</kw>
<kw name="Set Variable" owner="BuiltIn">
<msg time="2024-06-11T04:19:06.127663" level="INFO">${json_data} = {'results': [{'gender': 'male', 'name': {'title': 'Mr', 'first': 'Joel', 'last': 'Lehtonen'}, 'location': {'street': {'number': 5011, 'name': 'Tehtaankatu'}, 'city': 'Savonlinna', 'state': 'Kainuu', '...</msg>
<var>${json_data}</var>
<arg>${response.json()}</arg>
<doc>Returns the given values which can then be assigned to a variables.</doc>
<status status="PASS" start="2024-06-11T04:19:06.127084" elapsed="0.000608"/>
</kw>
<kw name="Log" owner="BuiltIn">
<msg time="2024-06-11T04:19:06.128161" level="INFO">{'results': [{'gender': 'male', 'name': {'title': 'Mr', 'first': 'Joel', 'last': 'Lehtonen'}, 'location': {'street': {'number': 5011, 'name': 'Tehtaankatu'}, 'city': 'Savonlinna', 'state': 'Kainuu', 'country': 'Finland', 'postcode': 36400, 'coordinates': {'latitude': '-22.1519', 'longitude': '-41.4991'}, 'timezone': {'offset': '-1:00', 'description': 'Azores, Cape Verde Islands'}}, 'email': 'joel.lehtonen@example.com', 'login': {'uuid': '5868ec34-fec5-47ad-9bf7-08ca4936dcc2', 'username': 'yellowkoala148', 'password': 'pigpen', 'salt': '76WuEMZK', 'md5': '1003892222915f042e908374b68f0f85', 'sha1': '16e85f34e2f2d186662cfd8b27370232914ca8f3', 'sha256': '35261b2b2bc841e85e82010c7aaa44fe20d278c66f43da5d2ab2f9c131db0b6e'}, 'dob': {'date': '1975-04-11T05:25:41.792Z', 'age': 49}, 'registered': {'date': '2017-06-23T00:01:30.416Z', 'age': 6}, 'phone': '04-623-877', 'cell': '041-081-81-44', 'id': {'name': 'HETU', 'value': 'NaNNA925undefined'}, 'picture': {'large': 'https://randomuser.me/api/portraits/men/63.jpg', 'medium': 'https://randomuser.me/api/portraits/med/men/63.jpg', 'thumbnail': 'https://randomuser.me/api/portraits/thumb/men/63.jpg'}, 'nat': 'FI'}], 'info': {'seed': 'f229fc64b52b8414', 'results': 1, 'page': 1, 'version': '1.4'}}</msg>
<arg>${json_data}</arg>
<doc>Logs the given message with the given level.</doc>
<status status="PASS" start="2024-06-11T04:19:06.128005" elapsed="0.000202"/>
</kw>
<kw name="Should Be Equal As Numbers" owner="BuiltIn">
<arg>${json_data['results'][0]['location']['postcode']}</arg>
<arg>${json_data['results'][0]['location']['postcode']}</arg>
<doc>Fails if objects are unequal after converting them to real numbers.</doc>
<status status="PASS" start="2024-06-11T04:19:06.128503" elapsed="0.000660"/>
</kw>
<kw name="Log" owner="BuiltIn">
<msg time="2024-06-11T04:19:06.129700" level="INFO">36400</msg>
<arg>${json_data['results'][0]['location']['postcode']}</arg>
<doc>Logs the given message with the given level.</doc>
<status status="PASS" start="2024-06-11T04:19:06.129359" elapsed="0.000382"/>
</kw>
<status status="PASS" start="2024-06-11T04:19:05.983840" elapsed="0.146190"/>
</kw>
<doc>Testa se os tipos de dados na resposta da API estão corretos.</doc>
<tag>testeTiposDados</tag>
<status status="PASS" start="2024-06-11T04:19:05.496590" elapsed="0.633612"/>
</test>
<test id="s1-s1-t5" name="Validar conteudo" line="35">
<kw name="Teste de Tipos de Conteudo" owner="random-user-service">
<kw name="GET On Session" owner="RequestsLibrary">
<msg time="2024-06-11T04:19:06.168880" level="INFO">GET Request : url=https://randomuser.me/api 
 path_url=/api 
 headers={'User-Agent': 'python-requests/2.32.3', 'Accept-Encoding': 'gzip, deflate', 'Accept': '*/*', 'Connection': 'keep-alive'} 
 body=None 
 </msg>
<msg time="2024-06-11T04:19:06.168969" level="INFO">GET Response : url=https://randomuser.me/api 
 status=200, reason=OK 
 headers={'Date': 'Tue, 11 Jun 2024 04:19:06 GMT', 'Content-Type': 'application/json; charset=utf-8', 'Transfer-Encoding': 'chunked', 'Connection': 'keep-alive', 'X-Powered-By': 'Express', 'Access-Control-Allow-Origin': '*', 'Cache-Control': 'no-cache', 'ETag': 'W/"4ad-jZFTwCn2w0K1qdg1i3J94dSj90Q"', 'Vary': 'Accept-Encoding', 'Content-Encoding': 'gzip', 'CF-Cache-Status': 'DYNAMIC', 'Report-To': '{"endpoints":[{"url":"https:\\/\\/a.nel.cloudflare.com\\/report\\/v4?s=VSbYSuiOwy9TutXhmBDbk94F02PWI2po4gZU%2Bla3sL7GmvFYIBEMfEwBTdRdZO4mZNjMGTVGo1LdaBRfH5lQBU8HafTDZfrcgmk89Ru6y1Jcby%2FNUOMAs6c%2BGhFiOGJy"}],"group":"cf-nel","max_age":604800}', 'NEL': '{"success_fraction":0,"report_to":"cf-nel","max_age":604800}', 'Server': 'cloudflare', 'CF-RAY': '891ecd0b5b8881dc-IAD', 'alt-svc': 'h3=":443"; ma=86400'} 
 body={"results":[{"gender":"female","name":{"title":"Miss","first":"Juanita","last":"Knight"},"location":{"street":{"number":492,"name":"E Pecan St"},"city":"Sacramento","state":"Oklahoma","country":"United States","postcode":50173,"coordinates":{"latitude":"83.6775","longitude":"103.4761"},"timezone":{"offset":"0:00","description":"Western Europe Time, London, Lisbon, Casablanca"}},"email":"juanita.knight@example.com","login":{"uuid":"774703cb-7f4c-4b23-ae25-6cd9df5074bb","username":"greengorilla782","password":"bonbon","salt":"0sWRjpN5","md5":"a8cb52311a979da24a1915104758c7ba","sha1":"3d77608683c95861df9bf85dd247894f122df037","sha256":"c6a1e43b61c1d1c9b23f1015201b3c25a5f721fe9106db962d48ee2f405133a5"},"dob":{"date":"1994-01-24T01:46:31.605Z","age":30},"registered":{"date":"2013-09-24T22:57:42.389Z","age":10},"phone":"(930) 537-6132","cell":"(692) 966-5359","id":{"name":"SSN","value":"062-03-0554"},"picture":{"large":"https://randomuser.me/api/portraits/women/84.jpg","medium":"https://randomuser.me/api/portraits/med/women/84.jpg","thumbnail":"https://randomuser.me/api/portraits/thumb/women/84.jpg"},"nat":"US"}],"info":{"seed":"223fd16e0b95ba04","results":1,"page":1,"version":"1.4"}} 
 </msg>
<msg time="2024-06-11T04:19:06.169068" level="INFO">/opt/hostedtoolcache/Python/3.12.3/x64/lib/python3.12/site-packages/urllib3/connectionpool.py:1103: InsecureRequestWarning: Unverified HTTPS request is being made to host 'randomuser.me'. Adding certificate verification is strongly advised. See: https://urllib3.readthedocs.io/en/latest/advanced-usage.html#tls-warnings
  warnings.warn(</msg>
<msg time="2024-06-11T04:19:06.169190" level="INFO">${response} = &lt;Response [200]&gt;</msg>
<var>${response}</var>
<arg>consultarAPI</arg>
<arg>/api</arg>
<doc>Sends a GET request on a previously created HTTP Session.</doc>
<status status="PASS" start="2024-06-11T04:19:06.132748" elapsed="0.036483"/>
</kw>
<kw name="Set Variable" owner="BuiltIn">
<msg time="2024-06-11T04:19:06.170407" level="INFO">${json_data} = {'results': [{'gender': 'female', 'name': {'title': 'Miss', 'first': 'Juanita', 'last': 'Knight'}, 'location': {'street': {'number': 492, 'name': 'E Pecan St'}, 'city': 'Sacramento', 'state': 'Oklahom...</msg>
<var>${json_data}</var>
<arg>${response.json()}</arg>
<doc>Returns the given values which can then be assigned to a variables.</doc>
<status status="PASS" start="2024-06-11T04:19:06.169827" elapsed="0.000609"/>
</kw>
<kw name="Set Variable" owner="BuiltIn">
<msg time="2024-06-11T04:19:06.171139" level="INFO">${name_title} = Miss</msg>
<var>${name_title}</var>
<arg>${json_data["results"][0]["name"]["title"]}</arg>
<doc>Returns the given values which can then be assigned to a variables.</doc>
<status status="PASS" start="2024-06-11T04:19:06.170750" elapsed="0.000414"/>
</kw>
<kw name="Create List" owner="BuiltIn">
<msg time="2024-06-11T04:19:06.171622" level="INFO">${allowed_titles} = ['Mr', 'Ms', 'Miss', 'Mrs', 'Madame', 'Monsieur']</msg>
<var>${allowed_titles}</var>
<arg>Mr</arg>
<arg>Ms</arg>
<arg>Miss</arg>
<arg>Mrs</arg>
<arg>Madame</arg>
<arg>Monsieur</arg>
<doc>Returns a list containing given items.</doc>
<status status="PASS" start="2024-06-11T04:19:06.171471" elapsed="0.000176"/>
</kw>
<kw name="List Should Contain Value" owner="Collections">
<arg>${allowed_titles}</arg>
<arg>${name_title}</arg>
<doc>Fails if the ``value`` is not found from ``list``.</doc>
<status status="PASS" start="2024-06-11T04:19:06.171946" elapsed="0.000179"/>
</kw>
<kw name="Set Variable" owner="BuiltIn">
<msg time="2024-06-11T04:19:06.172679" level="INFO">${name_country} = US</msg>
<var>${name_country}</var>
<arg>${json_data["results"][0]["nat"]}</arg>
<doc>Returns the given values which can then be assigned to a variables.</doc>
<status status="PASS" start="2024-06-11T04:19:06.172304" elapsed="0.000400"/>
</kw>
<kw name="Create List" owner="BuiltIn">
<msg time="2024-06-11T04:19:06.173632" level="INFO">${list_country} = ['AD', 'AE', 'AF', 'AG', 'AI', 'AL', 'AM', 'AO', 'AQ', 'AR', 'AS', 'AT', 'AU', 'AW', 'AX', 'AZ', 'BA', 'BB', 'BD', 'BE', 'BF', 'BG', 'BH', 'BI', 'BJ', 'BL', 'BM', 'BN', 'BO', 'BQ', 'BR', 'BS', 'BT', '...</msg>
<var>${list_country}</var>
<arg>AD</arg>
<arg>AE</arg>
<arg>AF</arg>
<arg>AG</arg>
<arg>AI</arg>
<arg>AL</arg>
<arg>AM</arg>
<arg>AO</arg>
<arg>AQ</arg>
<arg>AR</arg>
<arg>AS</arg>
<arg>AT</arg>
<arg>AU</arg>
<arg>AW</arg>
<arg>AX</arg>
<arg>AZ</arg>
<arg>BA</arg>
<arg>BB</arg>
<arg>BD</arg>
<arg>BE</arg>
<arg>BF</arg>
<arg>BG</arg>
<arg>BH</arg>
<arg>BI</arg>
<arg>BJ</arg>
<arg>BL</arg>
<arg>BM</arg>
<arg>BN</arg>
<arg>BO</arg>
<arg>BQ</arg>
<arg>BR</arg>
<arg>BS</arg>
<arg>BT</arg>
<arg>BV</arg>
<arg>BW</arg>
<arg>BY</arg>
<arg>BZ</arg>
<arg>CA</arg>
<arg>CC</arg>
<arg>CD</arg>
<arg>CF</arg>
<arg>CG</arg>
<arg>CH</arg>
<arg>CI</arg>
<arg>CK</arg>
<arg>CL</arg>
<arg>CM</arg>
<arg>CN</arg>
<arg>CO</arg>
<arg>CR</arg>
<arg>CU</arg>
<arg>CV</arg>
<arg>CW</arg>
<arg>CX</arg>
<arg>CY</arg>
<arg>CZ</arg>
<arg>DE</arg>
<arg>DJ</arg>
<arg>DK</arg>
<arg>DM</arg>
<arg>DO</arg>
<arg>DZ</arg>
<arg>EC</arg>
<arg>EE</arg>
<arg>EG</arg>
<arg>EH</arg>
<arg>ER</arg>
<arg>ES</arg>
<arg>ET</arg>
<arg>FI</arg>
<arg>FJ</arg>
<arg>FK</arg>
<arg>FM</arg>
<arg>FO</arg>
<arg>FR</arg>
<arg>GA</arg>
<arg>GB</arg>
<arg>GD</arg>
<arg>GE</arg>
<arg>GF</arg>
<arg>GG</arg>
<arg>GH</arg>
<arg>GI</arg>
<arg>GL</arg>
<arg>GM</arg>
<arg>GN</arg>
<arg>GP</arg>
<arg>GQ</arg>
<arg>GR</arg>
<arg>GS</arg>
<arg>GT</arg>
<arg>GU</arg>
<arg>GW</arg>
<arg>GY</arg>
<arg>HK</arg>
<arg>HM</arg>
<arg>HN</arg>
<arg>HR</arg>
<arg>HT</arg>
<arg>HU</arg>
<arg>ID</arg>
<arg>IE</arg>
<arg>IL</arg>
<arg>IM</arg>
<arg>IN</arg>
<arg>IO</arg>
<arg>IQ</arg>
<arg>IR</arg>
<arg>IS</arg>
<arg>IT</arg>
<arg>JE</arg>
<arg>JM</arg>
<arg>JO</arg>
<arg>JP</arg>
<arg>KE</arg>
<arg>KG</arg>
<arg>KH</arg>
<arg>KI</arg>
<arg>KM</arg>
<arg>KN</arg>
<arg>KP</arg>
<arg>KR</arg>
<arg>KW</arg>
<arg>KY</arg>
<arg>KZ</arg>
<arg>LA</arg>
<arg>LB</arg>
<arg>LC</arg>
<arg>LI</arg>
<arg>LK</arg>
<arg>LR</arg>
<arg>LS</arg>
<arg>LT</arg>
<arg>LU</arg>
<arg>LV</arg>
<arg>LY</arg>
<arg>MA</arg>
<arg>MC</arg>
<arg>MD</arg>
<arg>ME</arg>
<arg>MF</arg>
<arg>MG</arg>
<arg>MH</arg>
<arg>MK</arg>
<arg>ML</arg>
<arg>MM</arg>
<arg>MN</arg>
<arg>MO</arg>
<arg>MP</arg>
<arg>MQ</arg>
<arg>MR</arg>
<arg>MS</arg>
<arg>MT</arg>
<arg>MU</arg>
<arg>MV</arg>
<arg>MW</arg>
<arg>MX</arg>
<arg>MY</arg>
<arg>MZ</arg>
<arg>NA</arg>
<arg>NC</arg>
<arg>NE</arg>
<arg>NF</arg>
<arg>NG</arg>
<arg>NI</arg>
<arg>NL</arg>
<arg>NO</arg>
<arg>NP</arg>
<arg>NR</arg>
<arg>NU</arg>
<arg>NZ</arg>
<arg>OM</arg>
<arg>PA</arg>
<arg>PE</arg>
<arg>PF</arg>
<arg>PG</arg>
<arg>PH</arg>
<arg>PK</arg>
<arg>PL</arg>
<arg>PM</arg>
<arg>PN</arg>
<arg>PR</arg>
<arg>PS</arg>
<arg>PT</arg>
<arg>PW</arg>
<arg>PY</arg>
<arg>QA</arg>
<arg>RE</arg>
<arg>RO</arg>
<arg>RS</arg>
<arg>RU</arg>
<arg>RW</arg>
<arg>SA</arg>
<arg>SB</arg>
<arg>SC</arg>
<arg>SD</arg>
<arg>SE</arg>
<arg>SG</arg>
<arg>SH</arg>
<arg>SI</arg>
<arg>SJ</arg>
<arg>SK</arg>
<arg>SL</arg>
<arg>SM</arg>
<arg>SN</arg>
<arg>SO</arg>
<arg>SR</arg>
<arg>SS</arg>
<arg>ST</arg>
<arg>SV</arg>
<arg>SX</arg>
<arg>SY</arg>
<arg>SZ</arg>
<arg>TC</arg>
<arg>TD</arg>
<arg>TF</arg>
<arg>TG</arg>
<arg>TH</arg>
<arg>TJ</arg>
<arg>TK</arg>
<arg>TL</arg>
<arg>TM</arg>
<arg>TN</arg>
<arg>TO</arg>
<arg>TR</arg>
<arg>TT</arg>
<arg>TV</arg>
<arg>TW</arg>
<arg>TZ</arg>
<arg>UA</arg>
<arg>UG</arg>
<arg>UM</arg>
<arg>US</arg>
<arg>UY</arg>
<arg>UZ</arg>
<arg>VA</arg>
<arg>VC</arg>
<arg>VE</arg>
<arg>VG</arg>
<arg>VI</arg>
<arg>VN</arg>
<arg>VU</arg>
<arg>WF</arg>
<arg>WS</arg>
<arg>XK</arg>
<arg>YE</arg>
<arg>YT</arg>
<arg>ZA</arg>
<arg>ZM</arg>
<arg>ZW</arg>
<doc>Returns a list containing given items.</doc>
<status status="PASS" start="2024-06-11T04:19:06.173004" elapsed="0.000655"/>
</kw>
<kw name="List Should Contain Value" owner="Collections">
<arg>${list_country}</arg>
<arg>${name_country}</arg>
<doc>Fails if the ``value`` is not found from ``list``.</doc>
<status status="PASS" start="2024-06-11T04:19:06.174461" elapsed="0.000209"/>
</kw>
<kw name="Run Keyword If" owner="BuiltIn">
<kw name="Should Be True" owner="BuiltIn">
<arg>${True}</arg>
<doc>Fails if the given condition is not true.</doc>
<status status="PASS" start="2024-06-11T04:19:06.175763" elapsed="0.000145"/>
</kw>
<arg>${json_data["results"][0]["location"]["coordinates"]["latitude"]} &gt;= -90 and ${json_data["results"][0]["location"]["coordinates"]["latitude"]} &lt;= 90</arg>
<arg>Should Be True</arg>
<arg>${True}</arg>
<doc>Runs the given keyword with the given arguments, if ``condition`` is true.</doc>
<status status="PASS" start="2024-06-11T04:19:06.174873" elapsed="0.001162"/>
</kw>
<kw name="Run Keyword If" owner="BuiltIn">
<kw name="Should Be True" owner="BuiltIn">
<arg>${True}</arg>
<doc>Fails if the given condition is not true.</doc>
<status status="PASS" start="2024-06-11T04:19:06.176909" elapsed="0.000163"/>
</kw>
<arg>${json_data["results"][0]["location"]["coordinates"]["longitude"]} &gt;= -180 and ${json_data["results"][0]["location"]["coordinates"]["longitude"]} &lt;= 180</arg>
<arg>Should Be True</arg>
<arg>${True}</arg>
<doc>Runs the given keyword with the given arguments, if ``condition`` is true.</doc>
<status status="PASS" start="2024-06-11T04:19:06.176220" elapsed="0.000984"/>
</kw>
<status status="PASS" start="2024-06-11T04:19:06.132515" elapsed="0.044823"/>
</kw>
<doc>Testa o conteúdo específico dos campos retornados pela API.</doc>
<tag>testeConteudo</tag>
<status status="PASS" start="2024-06-11T04:19:06.131973" elapsed="0.045523"/>
</test>
<status status="PASS" start="2024-06-11T04:19:04.940255" elapsed="1.239241"/>
</suite>
<status status="PASS" start="2024-06-11T04:19:04.926668" elapsed="1.257969"/>
</suite>
<statistics>
<total>
<stat pass="5" fail="0" skip="0">All Tests</stat>
</total>
<tag>
<stat pass="1" fail="0" skip="0">testeConteudo</stat>
<stat pass="1" fail="0" skip="0">testeEstruturaResposta</stat>
<stat pass="1" fail="0" skip="0">testeRequisicaoBasica</stat>
<stat pass="1" fail="0" skip="0">testeTiposDados</stat>
</tag>
<suite>
<stat pass="5" fail="0" skip="0" id="s1" name="Tests">Tests</stat>
<stat pass="5" fail="0" skip="0" id="s1-s1" name="Random-User-Test">Tests.Random-User-Test</stat>
</suite>
</statistics>
<errors>
</errors>
</robot>
