<?xml version="1.0" encoding="UTF-8"?>
<robot generator="Robot 7.0 (Python 3.12.2 on linux)" generated="2024-04-04T01:56:06.308720" rpa="false" schemaversion="5">
<suite id="s1" name="Tests" source="/home/runner/work/DesafioQAItauRogerioJordao/DesafioQAItauRogerioJordao/RamdonUser/tests">
<suite id="s1-s1" name="Random-User-Test" source="/home/runner/work/DesafioQAItauRogerioJordao/DesafioQAItauRogerioJordao/RamdonUser/tests/random-user-test.robot">
<test id="s1-s1-t1" name="Conectar" line="13">
<kw name="Conectar API" owner="random-user-service">
<kw name="Create Session" owner="RequestsLibrary">
<msg time="2024-04-04T01:56:06.696539" level="INFO">Creating Session using : alias=consultarAPI, url=https://randomuser.me/, headers={},                     cookies={}, auth=None, timeout=None, proxies=None, verify=False,                     debug=0 </msg>
<arg>consultarAPI</arg>
<arg>${URL}</arg>
<doc>Create Session: create a HTTP session to a server</doc>
<status status="PASS" start="2024-04-04T01:56:06.696328" elapsed="0.000402"/>
</kw>
<status status="PASS" start="2024-04-04T01:56:06.695265" elapsed="0.001860"/>
</kw>
<status status="PASS" start="2024-04-04T01:56:06.694678" elapsed="0.002656"/>
</test>
<test id="s1-s1-t2" name="Validar retorno 200 e JSON Válido" line="16">
<kw name="Teste de Requisicao Basica" owner="random-user-service">
<kw name="GET On Session" owner="RequestsLibrary">
<msg time="2024-04-04T01:56:07.055727" level="INFO">GET Request : url=https://randomuser.me/api 
 path_url=/api 
 headers={'User-Agent': 'python-requests/2.31.0', 'Accept-Encoding': 'gzip, deflate', 'Accept': '*/*', 'Connection': 'keep-alive'} 
 body=None 
 </msg>
<msg time="2024-04-04T01:56:07.055896" level="INFO">GET Response : url=https://randomuser.me/api 
 status=200, reason=OK 
 headers={'Date': 'Thu, 04 Apr 2024 01:56:07 GMT', 'Content-Type': 'application/json; charset=utf-8', 'Transfer-Encoding': 'chunked', 'Connection': 'keep-alive', 'X-Powered-By': 'Express', 'Access-Control-Allow-Origin': '*', 'Cache-Control': 'no-cache', 'ETag': 'W/"47a-2V5iFDhifh2j9fuMZ54N/nkEiDc"', 'Vary': 'Accept-Encoding', 'Content-Encoding': 'gzip', 'CF-Cache-Status': 'DYNAMIC', 'Report-To': '{"endpoints":[{"url":"https:\\/\\/a.nel.cloudflare.com\\/report\\/v4?s=cWgU0fVTVvgJ38H8s5JCP6O8VDOjpEQ9pY61%2B9lsAsVBzNf%2BI7vxTW%2BDBYZqoyIjKdiKFaDnF%2F3Tsg8zyRfAVuE9QIV%2FlsvkeGDv9E7EfCje4EnAc%2Fov04HHuhyRz1tp"}],"group":"cf-nel","max_age":604800}', 'NEL': '{"success_fraction":0,"report_to":"cf-nel","max_age":604800}', 'Server': 'cloudflare', 'CF-RAY': '86edae160a86945c-SJC', 'alt-svc': 'h3=":443"; ma=86400'} 
 body={"results":[{"gender":"male","name":{"title":"Mr","first":"Ryder","last":"Lewis"},"location":{"street":{"number":5456,"name":"Tweed Street"},"city":"Napier","state":"Wellington","country":"New Zealand","postcode":36205,"coordinates":{"latitude":"51.9136","longitude":"-108.3859"},"timezone":{"offset":"-1:00","description":"Azores, Cape Verde Islands"}},"email":"ryder.lewis@example.com","login":{"uuid":"e768e7e4-f865-43a6-91c1-7b61f72081df","username":"smallbutterfly548","password":"bdsm","salt":"8IyulNA2","md5":"dd9acccfeface2e10257dffd0f61cf66","sha1":"7fc6b72540b7d0d45a8913253da3119456129d2e","sha256":"2ea6e69c50f3de0f832bca3e9368a084ec652cd493bbd9044970116f6ce0e56c"},"dob":{"date":"1986-10-31T06:29:53.765Z","age":37},"registered":{"date":"2010-09-22T03:28:10.600Z","age":13},"phone":"(941)-050-8951","cell":"(778)-419-2700","id":{"name":"","value":null},"picture":{"large":"https://randomuser.me/api/portraits/men/8.jpg","medium":"https://randomuser.me/api/portraits/med/men/8.jpg","thumbnail":"https://randomuser.me/api/portraits/thumb/men/8.jpg"},"nat":"NZ"}],"info":{"seed":"48dcf8ee455084c7","results":1,"page":1,"version":"1.4"}} 
 </msg>
<msg time="2024-04-04T01:56:07.056011" level="INFO">/opt/hostedtoolcache/Python/3.12.2/x64/lib/python3.12/site-packages/urllib3/connectionpool.py:1103: InsecureRequestWarning: Unverified HTTPS request is being made to host 'randomuser.me'. Adding certificate verification is strongly advised. See: https://urllib3.readthedocs.io/en/latest/advanced-usage.html#tls-warnings
  warnings.warn(</msg>
<msg time="2024-04-04T01:56:07.056161" level="INFO">${response} = &lt;Response [200]&gt;</msg>
<var>${response}</var>
<arg>consultarAPI</arg>
<arg>/api</arg>
<doc>Sends a GET request on a previously created HTTP Session.</doc>
<status status="PASS" start="2024-04-04T01:56:06.699978" elapsed="0.356223"/>
</kw>
<kw name="Should Be Equal As Numbers" owner="BuiltIn">
<msg time="2024-04-04T01:56:07.057443" level="INFO">Argument types are:
&lt;class 'int'&gt;
&lt;class 'str'&gt;</msg>
<arg>${response.status_code}</arg>
<arg>200</arg>
<doc>Fails if objects are unequal after converting them to real numbers.</doc>
<status status="PASS" start="2024-04-04T01:56:07.056928" elapsed="0.000580"/>
</kw>
<kw name="Log" owner="BuiltIn">
<msg time="2024-04-04T01:56:07.058184" level="INFO">200</msg>
<arg>${response.status_code}</arg>
<doc>Logs the given message with the given level.</doc>
<status status="PASS" start="2024-04-04T01:56:07.057834" elapsed="0.000393"/>
</kw>
<kw name="Set Variable" owner="BuiltIn">
<msg time="2024-04-04T01:56:07.059026" level="INFO">${json_data} = {'results': [{'gender': 'male', 'name': {'title': 'Mr', 'first': 'Ryder', 'last': 'Lewis'}, 'location': {'street': {'number': 5456, 'name': 'Tweed Street'}, 'city': 'Napier', 'state': 'Wellington', 'c...</msg>
<var>${json_data}</var>
<arg>${response.json()}</arg>
<doc>Returns the given values which can then be assigned to a variables.</doc>
<status status="PASS" start="2024-04-04T01:56:07.058559" elapsed="0.000497"/>
</kw>
<kw name="Dictionary Should Contain Key" owner="Collections">
<msg time="2024-04-04T01:56:07.059535" level="INFO">False</msg>
<arg>${json_data}</arg>
<arg>results</arg>
<doc>Fails if ``key`` is not found from ``dictionary``.</doc>
<status status="PASS" start="2024-04-04T01:56:07.059368" elapsed="0.000205"/>
</kw>
<status status="PASS" start="2024-04-04T01:56:06.699713" elapsed="0.360118"/>
</kw>
<doc>Testa se a API responde corretamente e retorna um objeto JSON válido.</doc>
<tag>testeRequisicaoBasica</tag>
<status status="PASS" start="2024-04-04T01:56:06.699219" elapsed="0.360799"/>
</test>
<test id="s1-s1-t3" name="Validar estrutura de resposta" line="22">
<kw name="Teste de Estrutura de Resposta" owner="random-user-service">
<kw name="GET On Session" owner="RequestsLibrary">
<msg time="2024-04-04T01:56:07.153301" level="INFO">GET Request : url=https://randomuser.me/api 
 path_url=/api 
 headers={'User-Agent': 'python-requests/2.31.0', 'Accept-Encoding': 'gzip, deflate', 'Accept': '*/*', 'Connection': 'keep-alive'} 
 body=None 
 </msg>
<msg time="2024-04-04T01:56:07.153405" level="INFO">GET Response : url=https://randomuser.me/api 
 status=200, reason=OK 
 headers={'Date': 'Thu, 04 Apr 2024 01:56:07 GMT', 'Content-Type': 'application/json; charset=utf-8', 'Transfer-Encoding': 'chunked', 'Connection': 'keep-alive', 'X-Powered-By': 'Express', 'Access-Control-Allow-Origin': '*', 'Cache-Control': 'no-cache', 'ETag': 'W/"485-82m/cV/qE3ZFxPF66XBHC+X3ico"', 'Vary': 'Accept-Encoding', 'Content-Encoding': 'gzip', 'CF-Cache-Status': 'DYNAMIC', 'Report-To': '{"endpoints":[{"url":"https:\\/\\/a.nel.cloudflare.com\\/report\\/v4?s=ZPZ1A0QMIWMvOy8A664gi3pNIdCGZ%2FN2MI%2BNhfdNMjXBlUs1p%2BWV5Zsdx2OeWtgh52JAWhoh1i3gaGvoRKyMxpJbASFD9h9CocD3ONrUe3Egb6RDckpeA0vvCyqYozuV"}],"group":"cf-nel","max_age":604800}', 'NEL': '{"success_fraction":0,"report_to":"cf-nel","max_age":604800}', 'Server': 'cloudflare', 'CF-RAY': '86edae182c94945c-SJC', 'alt-svc': 'h3=":443"; ma=86400'} 
 body={"results":[{"gender":"male","name":{"title":"Mr","first":"Harsh","last":"Sullad"},"location":{"street":{"number":1319,"name":"Sampige Rd"},"city":"Amritsar","state":"Meghalaya","country":"India","postcode":85212,"coordinates":{"latitude":"7.5350","longitude":"-162.4472"},"timezone":{"offset":"+8:00","description":"Beijing, Perth, Singapore, Hong Kong"}},"email":"harsh.sullad@example.com","login":{"uuid":"6ed2c0ad-999b-4bca-b0c3-186cc8982473","username":"smallduck201","password":"575757","salt":"LJKQUVNn","md5":"a2b9555bb6a729d83a6802cdb25ffb38","sha1":"1e512ec3eed43b1464e473b3458c57bec54e7df9","sha256":"c9d3c8ac57e0cb5cb105e8b12c95eb08c8e921f65bd08b206d9f61dd3a20e154"},"dob":{"date":"1973-08-27T13:41:25.203Z","age":50},"registered":{"date":"2010-06-13T00:42:28.796Z","age":13},"phone":"9565124204","cell":"7811570112","id":{"name":"UIDAI","value":"598717615628"},"picture":{"large":"https://randomuser.me/api/portraits/men/75.jpg","medium":"https://randomuser.me/api/portraits/med/men/75.jpg","thumbnail":"https://randomuser.me/api/portraits/thumb/men/75.jpg"},"nat":"IN"}],"info":{"seed":"c5815cadaf36bdee","results":1,"page":1,"version":"1.4"}} 
 </msg>
<msg time="2024-04-04T01:56:07.153562" level="INFO">/opt/hostedtoolcache/Python/3.12.2/x64/lib/python3.12/site-packages/urllib3/connectionpool.py:1103: InsecureRequestWarning: Unverified HTTPS request is being made to host 'randomuser.me'. Adding certificate verification is strongly advised. See: https://urllib3.readthedocs.io/en/latest/advanced-usage.html#tls-warnings
  warnings.warn(</msg>
<msg time="2024-04-04T01:56:07.153694" level="INFO">${response} = &lt;Response [200]&gt;</msg>
<var>${response}</var>
<arg>consultarAPI</arg>
<arg>/api</arg>
<doc>Sends a GET request on a previously created HTTP Session.</doc>
<status status="PASS" start="2024-04-04T01:56:07.062822" elapsed="0.090910"/>
</kw>
<kw name="Set Variable" owner="BuiltIn">
<msg time="2024-04-04T01:56:07.155031" level="INFO">${json_data} = {'results': [{'gender': 'male', 'name': {'title': 'Mr', 'first': 'Harsh', 'last': 'Sullad'}, 'location': {'street': {'number': 1319, 'name': 'Sampige Rd'}, 'city': 'Amritsar', 'state': 'Meghalaya', 'c...</msg>
<var>${json_data}</var>
<arg>${response.json()}</arg>
<doc>Returns the given values which can then be assigned to a variables.</doc>
<status status="PASS" start="2024-04-04T01:56:07.154388" elapsed="0.000675"/>
</kw>
<kw name="Log" owner="BuiltIn">
<msg time="2024-04-04T01:56:07.155550" level="INFO">{'results': [{'gender': 'male', 'name': {'title': 'Mr', 'first': 'Harsh', 'last': 'Sullad'}, 'location': {'street': {'number': 1319, 'name': 'Sampige Rd'}, 'city': 'Amritsar', 'state': 'Meghalaya', 'country': 'India', 'postcode': 85212, 'coordinates': {'latitude': '7.5350', 'longitude': '-162.4472'}, 'timezone': {'offset': '+8:00', 'description': 'Beijing, Perth, Singapore, Hong Kong'}}, 'email': 'harsh.sullad@example.com', 'login': {'uuid': '6ed2c0ad-999b-4bca-b0c3-186cc8982473', 'username': 'smallduck201', 'password': '575757', 'salt': 'LJKQUVNn', 'md5': 'a2b9555bb6a729d83a6802cdb25ffb38', 'sha1': '1e512ec3eed43b1464e473b3458c57bec54e7df9', 'sha256': 'c9d3c8ac57e0cb5cb105e8b12c95eb08c8e921f65bd08b206d9f61dd3a20e154'}, 'dob': {'date': '1973-08-27T13:41:25.203Z', 'age': 50}, 'registered': {'date': '2010-06-13T00:42:28.796Z', 'age': 13}, 'phone': '9565124204', 'cell': '7811570112', 'id': {'name': 'UIDAI', 'value': '598717615628'}, 'picture': {'large': 'https://randomuser.me/api/portraits/men/75.jpg', 'medium': 'https://randomuser.me/api/portraits/med/men/75.jpg', 'thumbnail': 'https://randomuser.me/api/portraits/thumb/men/75.jpg'}, 'nat': 'IN'}], 'info': {'seed': 'c5815cadaf36bdee', 'results': 1, 'page': 1, 'version': '1.4'}}</msg>
<arg>${json_data}</arg>
<doc>Logs the given message with the given level.</doc>
<status status="PASS" start="2024-04-04T01:56:07.155388" elapsed="0.000209"/>
</kw>
<kw name="Dictionary Should Contain Key" owner="Collections">
<msg time="2024-04-04T01:56:07.156052" level="INFO">False</msg>
<arg>${json_data}</arg>
<arg>results</arg>
<doc>Fails if ``key`` is not found from ``dictionary``.</doc>
<status status="PASS" start="2024-04-04T01:56:07.155895" elapsed="0.000193"/>
</kw>
<kw name="Should Not Be Empty" owner="BuiltIn">
<msg time="2024-04-04T01:56:07.156520" level="INFO">Length is 2.</msg>
<arg>${json_data}</arg>
<doc>Verifies that the given item is not empty.</doc>
<status status="PASS" start="2024-04-04T01:56:07.156380" elapsed="0.000178"/>
</kw>
<kw name="Create List" owner="BuiltIn">
<msg time="2024-04-04T01:56:07.156994" level="INFO">${expected_keys} = ['gender', 'name', 'location', 'email', 'login']</msg>
<var>${expected_keys}</var>
<arg>gender</arg>
<arg>name</arg>
<arg>location</arg>
<arg>email</arg>
<arg>login</arg>
<doc>Returns a list containing given items.</doc>
<status status="PASS" start="2024-04-04T01:56:07.156847" elapsed="0.000171"/>
</kw>
<for flavor="IN">
<iter>
<kw name="Dictionary Should Contain Key" owner="Collections">
<msg time="2024-04-04T01:56:07.158003" level="INFO">False</msg>
<arg>${json_data['results'][0]}</arg>
<arg>${key}</arg>
<doc>Fails if ``key`` is not found from ``dictionary``.</doc>
<status status="PASS" start="2024-04-04T01:56:07.157596" elapsed="0.000447"/>
</kw>
<kw name="Log" owner="BuiltIn">
<msg time="2024-04-04T01:56:07.158707" level="INFO">{'gender': 'male', 'name': {'title': 'Mr', 'first': 'Harsh', 'last': 'Sullad'}, 'location': {'street': {'number': 1319, 'name': 'Sampige Rd'}, 'city': 'Amritsar', 'state': 'Meghalaya', 'country': 'India', 'postcode': 85212, 'coordinates': {'latitude': '7.5350', 'longitude': '-162.4472'}, 'timezone': {'offset': '+8:00', 'description': 'Beijing, Perth, Singapore, Hong Kong'}}, 'email': 'harsh.sullad@example.com', 'login': {'uuid': '6ed2c0ad-999b-4bca-b0c3-186cc8982473', 'username': 'smallduck201', 'password': '575757', 'salt': 'LJKQUVNn', 'md5': 'a2b9555bb6a729d83a6802cdb25ffb38', 'sha1': '1e512ec3eed43b1464e473b3458c57bec54e7df9', 'sha256': 'c9d3c8ac57e0cb5cb105e8b12c95eb08c8e921f65bd08b206d9f61dd3a20e154'}, 'dob': {'date': '1973-08-27T13:41:25.203Z', 'age': 50}, 'registered': {'date': '2010-06-13T00:42:28.796Z', 'age': 13}, 'phone': '9565124204', 'cell': '7811570112', 'id': {'name': 'UIDAI', 'value': '598717615628'}, 'picture': {'large': 'https://randomuser.me/api/portraits/men/75.jpg', 'medium': 'https://randomuser.me/api/portraits/med/men/75.jpg', 'thumbnail': 'https://randomuser.me/api/portraits/thumb/men/75.jpg'}, 'nat': 'IN'}</msg>
<arg>${json_data['results'][0]}</arg>
<doc>Logs the given message with the given level.</doc>
<status status="PASS" start="2024-04-04T01:56:07.158349" elapsed="0.000412"/>
</kw>
<kw name="Log" owner="BuiltIn">
<msg time="2024-04-04T01:56:07.159215" level="INFO">gender</msg>
<arg>${key}</arg>
<doc>Logs the given message with the given level.</doc>
<status status="PASS" start="2024-04-04T01:56:07.159085" elapsed="0.000167"/>
</kw>
<var name="${key}">gender</var>
<status status="PASS" start="2024-04-04T01:56:07.157470" elapsed="0.002005"/>
</iter>
<iter>
<kw name="Dictionary Should Contain Key" owner="Collections">
<msg time="2024-04-04T01:56:07.160156" level="INFO">False</msg>
<arg>${json_data['results'][0]}</arg>
<arg>${key}</arg>
<doc>Fails if ``key`` is not found from ``dictionary``.</doc>
<status status="PASS" start="2024-04-04T01:56:07.159778" elapsed="0.000416"/>
</kw>
<kw name="Log" owner="BuiltIn">
<msg time="2024-04-04T01:56:07.160874" level="INFO">{'gender': 'male', 'name': {'title': 'Mr', 'first': 'Harsh', 'last': 'Sullad'}, 'location': {'street': {'number': 1319, 'name': 'Sampige Rd'}, 'city': 'Amritsar', 'state': 'Meghalaya', 'country': 'India', 'postcode': 85212, 'coordinates': {'latitude': '7.5350', 'longitude': '-162.4472'}, 'timezone': {'offset': '+8:00', 'description': 'Beijing, Perth, Singapore, Hong Kong'}}, 'email': 'harsh.sullad@example.com', 'login': {'uuid': '6ed2c0ad-999b-4bca-b0c3-186cc8982473', 'username': 'smallduck201', 'password': '575757', 'salt': 'LJKQUVNn', 'md5': 'a2b9555bb6a729d83a6802cdb25ffb38', 'sha1': '1e512ec3eed43b1464e473b3458c57bec54e7df9', 'sha256': 'c9d3c8ac57e0cb5cb105e8b12c95eb08c8e921f65bd08b206d9f61dd3a20e154'}, 'dob': {'date': '1973-08-27T13:41:25.203Z', 'age': 50}, 'registered': {'date': '2010-06-13T00:42:28.796Z', 'age': 13}, 'phone': '9565124204', 'cell': '7811570112', 'id': {'name': 'UIDAI', 'value': '598717615628'}, 'picture': {'large': 'https://randomuser.me/api/portraits/men/75.jpg', 'medium': 'https://randomuser.me/api/portraits/med/men/75.jpg', 'thumbnail': 'https://randomuser.me/api/portraits/thumb/men/75.jpg'}, 'nat': 'IN'}</msg>
<arg>${json_data['results'][0]}</arg>
<doc>Logs the given message with the given level.</doc>
<status status="PASS" start="2024-04-04T01:56:07.160521" elapsed="0.000400"/>
</kw>
<kw name="Log" owner="BuiltIn">
<msg time="2024-04-04T01:56:07.161346" level="INFO">name</msg>
<arg>${key}</arg>
<doc>Logs the given message with the given level.</doc>
<status status="PASS" start="2024-04-04T01:56:07.161219" elapsed="0.000164"/>
</kw>
<var name="${key}">name</var>
<status status="PASS" start="2024-04-04T01:56:07.159664" elapsed="0.001935"/>
</iter>
<iter>
<kw name="Dictionary Should Contain Key" owner="Collections">
<msg time="2024-04-04T01:56:07.162262" level="INFO">False</msg>
<arg>${json_data['results'][0]}</arg>
<arg>${key}</arg>
<doc>Fails if ``key`` is not found from ``dictionary``.</doc>
<status status="PASS" start="2024-04-04T01:56:07.161888" elapsed="0.000412"/>
</kw>
<kw name="Log" owner="BuiltIn">
<msg time="2024-04-04T01:56:07.162970" level="INFO">{'gender': 'male', 'name': {'title': 'Mr', 'first': 'Harsh', 'last': 'Sullad'}, 'location': {'street': {'number': 1319, 'name': 'Sampige Rd'}, 'city': 'Amritsar', 'state': 'Meghalaya', 'country': 'India', 'postcode': 85212, 'coordinates': {'latitude': '7.5350', 'longitude': '-162.4472'}, 'timezone': {'offset': '+8:00', 'description': 'Beijing, Perth, Singapore, Hong Kong'}}, 'email': 'harsh.sullad@example.com', 'login': {'uuid': '6ed2c0ad-999b-4bca-b0c3-186cc8982473', 'username': 'smallduck201', 'password': '575757', 'salt': 'LJKQUVNn', 'md5': 'a2b9555bb6a729d83a6802cdb25ffb38', 'sha1': '1e512ec3eed43b1464e473b3458c57bec54e7df9', 'sha256': 'c9d3c8ac57e0cb5cb105e8b12c95eb08c8e921f65bd08b206d9f61dd3a20e154'}, 'dob': {'date': '1973-08-27T13:41:25.203Z', 'age': 50}, 'registered': {'date': '2010-06-13T00:42:28.796Z', 'age': 13}, 'phone': '9565124204', 'cell': '7811570112', 'id': {'name': 'UIDAI', 'value': '598717615628'}, 'picture': {'large': 'https://randomuser.me/api/portraits/men/75.jpg', 'medium': 'https://randomuser.me/api/portraits/med/men/75.jpg', 'thumbnail': 'https://randomuser.me/api/portraits/thumb/men/75.jpg'}, 'nat': 'IN'}</msg>
<arg>${json_data['results'][0]}</arg>
<doc>Logs the given message with the given level.</doc>
<status status="PASS" start="2024-04-04T01:56:07.162602" elapsed="0.000423"/>
</kw>
<kw name="Log" owner="BuiltIn">
<msg time="2024-04-04T01:56:07.163454" level="INFO">location</msg>
<arg>${key}</arg>
<doc>Logs the given message with the given level.</doc>
<status status="PASS" start="2024-04-04T01:56:07.163327" elapsed="0.000165"/>
</kw>
<var name="${key}">location</var>
<status status="PASS" start="2024-04-04T01:56:07.161775" elapsed="0.001933"/>
</iter>
<iter>
<kw name="Dictionary Should Contain Key" owner="Collections">
<msg time="2024-04-04T01:56:07.164367" level="INFO">False</msg>
<arg>${json_data['results'][0]}</arg>
<arg>${key}</arg>
<doc>Fails if ``key`` is not found from ``dictionary``.</doc>
<status status="PASS" start="2024-04-04T01:56:07.163991" elapsed="0.000412"/>
</kw>
<kw name="Log" owner="BuiltIn">
<msg time="2024-04-04T01:56:07.165053" level="INFO">{'gender': 'male', 'name': {'title': 'Mr', 'first': 'Harsh', 'last': 'Sullad'}, 'location': {'street': {'number': 1319, 'name': 'Sampige Rd'}, 'city': 'Amritsar', 'state': 'Meghalaya', 'country': 'India', 'postcode': 85212, 'coordinates': {'latitude': '7.5350', 'longitude': '-162.4472'}, 'timezone': {'offset': '+8:00', 'description': 'Beijing, Perth, Singapore, Hong Kong'}}, 'email': 'harsh.sullad@example.com', 'login': {'uuid': '6ed2c0ad-999b-4bca-b0c3-186cc8982473', 'username': 'smallduck201', 'password': '575757', 'salt': 'LJKQUVNn', 'md5': 'a2b9555bb6a729d83a6802cdb25ffb38', 'sha1': '1e512ec3eed43b1464e473b3458c57bec54e7df9', 'sha256': 'c9d3c8ac57e0cb5cb105e8b12c95eb08c8e921f65bd08b206d9f61dd3a20e154'}, 'dob': {'date': '1973-08-27T13:41:25.203Z', 'age': 50}, 'registered': {'date': '2010-06-13T00:42:28.796Z', 'age': 13}, 'phone': '9565124204', 'cell': '7811570112', 'id': {'name': 'UIDAI', 'value': '598717615628'}, 'picture': {'large': 'https://randomuser.me/api/portraits/men/75.jpg', 'medium': 'https://randomuser.me/api/portraits/med/men/75.jpg', 'thumbnail': 'https://randomuser.me/api/portraits/thumb/men/75.jpg'}, 'nat': 'IN'}</msg>
<arg>${json_data['results'][0]}</arg>
<doc>Logs the given message with the given level.</doc>
<status status="PASS" start="2024-04-04T01:56:07.164700" elapsed="0.000399"/>
</kw>
<kw name="Log" owner="BuiltIn">
<msg time="2024-04-04T01:56:07.165513" level="INFO">email</msg>
<arg>${key}</arg>
<doc>Logs the given message with the given level.</doc>
<status status="PASS" start="2024-04-04T01:56:07.165387" elapsed="0.000163"/>
</kw>
<var name="${key}">email</var>
<status status="PASS" start="2024-04-04T01:56:07.163881" elapsed="0.001898"/>
</iter>
<iter>
<kw name="Dictionary Should Contain Key" owner="Collections">
<msg time="2024-04-04T01:56:07.166459" level="INFO">False</msg>
<arg>${json_data['results'][0]}</arg>
<arg>${key}</arg>
<doc>Fails if ``key`` is not found from ``dictionary``.</doc>
<status status="PASS" start="2024-04-04T01:56:07.166083" elapsed="0.000413"/>
</kw>
<kw name="Log" owner="BuiltIn">
<msg time="2024-04-04T01:56:07.167166" level="INFO">{'gender': 'male', 'name': {'title': 'Mr', 'first': 'Harsh', 'last': 'Sullad'}, 'location': {'street': {'number': 1319, 'name': 'Sampige Rd'}, 'city': 'Amritsar', 'state': 'Meghalaya', 'country': 'India', 'postcode': 85212, 'coordinates': {'latitude': '7.5350', 'longitude': '-162.4472'}, 'timezone': {'offset': '+8:00', 'description': 'Beijing, Perth, Singapore, Hong Kong'}}, 'email': 'harsh.sullad@example.com', 'login': {'uuid': '6ed2c0ad-999b-4bca-b0c3-186cc8982473', 'username': 'smallduck201', 'password': '575757', 'salt': 'LJKQUVNn', 'md5': 'a2b9555bb6a729d83a6802cdb25ffb38', 'sha1': '1e512ec3eed43b1464e473b3458c57bec54e7df9', 'sha256': 'c9d3c8ac57e0cb5cb105e8b12c95eb08c8e921f65bd08b206d9f61dd3a20e154'}, 'dob': {'date': '1973-08-27T13:41:25.203Z', 'age': 50}, 'registered': {'date': '2010-06-13T00:42:28.796Z', 'age': 13}, 'phone': '9565124204', 'cell': '7811570112', 'id': {'name': 'UIDAI', 'value': '598717615628'}, 'picture': {'large': 'https://randomuser.me/api/portraits/men/75.jpg', 'medium': 'https://randomuser.me/api/portraits/med/men/75.jpg', 'thumbnail': 'https://randomuser.me/api/portraits/thumb/men/75.jpg'}, 'nat': 'IN'}</msg>
<arg>${json_data['results'][0]}</arg>
<doc>Logs the given message with the given level.</doc>
<status status="PASS" start="2024-04-04T01:56:07.166787" elapsed="0.000426"/>
</kw>
<kw name="Log" owner="BuiltIn">
<msg time="2024-04-04T01:56:07.167633" level="INFO">login</msg>
<arg>${key}</arg>
<doc>Logs the given message with the given level.</doc>
<status status="PASS" start="2024-04-04T01:56:07.167506" elapsed="0.000276"/>
</kw>
<var name="${key}">login</var>
<status status="PASS" start="2024-04-04T01:56:07.165967" elapsed="0.002039"/>
</iter>
<var>${key}</var>
<value>@{expected_keys}</value>
<status status="PASS" start="2024-04-04T01:56:07.157276" elapsed="0.010882"/>
</for>
<kw name="Create List" owner="BuiltIn">
<msg time="2024-04-04T01:56:07.168503" level="INFO">${expected_keysTwo} = ['username', 'password']</msg>
<var>${expected_keysTwo}</var>
<arg>username</arg>
<arg>password</arg>
<doc>Returns a list containing given items.</doc>
<status status="PASS" start="2024-04-04T01:56:07.168363" elapsed="0.000164"/>
</kw>
<for flavor="IN">
<iter>
<kw name="Dictionary Should Contain Key" owner="Collections">
<msg time="2024-04-04T01:56:07.169412" level="INFO">False</msg>
<arg>${json_data['results'][0]['login']}</arg>
<arg>${keyTwo}</arg>
<doc>Fails if ``key`` is not found from ``dictionary``.</doc>
<status status="PASS" start="2024-04-04T01:56:07.169037" elapsed="0.000412"/>
</kw>
<kw name="Dictionary Should Contain Key" owner="Collections">
<msg time="2024-04-04T01:56:07.170121" level="INFO">False</msg>
<arg>${json_data['results'][0]['login']}</arg>
<arg>${keyTwo}</arg>
<doc>Fails if ``key`` is not found from ``dictionary``.</doc>
<status status="PASS" start="2024-04-04T01:56:07.169741" elapsed="0.000417"/>
</kw>
<kw name="Log" owner="BuiltIn">
<msg time="2024-04-04T01:56:07.170594" level="INFO">username</msg>
<arg>${keyTwo}</arg>
<doc>Logs the given message with the given level.</doc>
<status status="PASS" start="2024-04-04T01:56:07.170465" elapsed="0.000166"/>
</kw>
<var name="${keyTwo}">username</var>
<status status="PASS" start="2024-04-04T01:56:07.168925" elapsed="0.001922"/>
</iter>
<iter>
<kw name="Dictionary Should Contain Key" owner="Collections">
<msg time="2024-04-04T01:56:07.171537" level="INFO">False</msg>
<arg>${json_data['results'][0]['login']}</arg>
<arg>${keyTwo}</arg>
<doc>Fails if ``key`` is not found from ``dictionary``.</doc>
<status status="PASS" start="2024-04-04T01:56:07.171163" elapsed="0.000411"/>
</kw>
<kw name="Dictionary Should Contain Key" owner="Collections">
<msg time="2024-04-04T01:56:07.172245" level="INFO">False</msg>
<arg>${json_data['results'][0]['login']}</arg>
<arg>${keyTwo}</arg>
<doc>Fails if ``key`` is not found from ``dictionary``.</doc>
<status status="PASS" start="2024-04-04T01:56:07.171867" elapsed="0.000414"/>
</kw>
<kw name="Log" owner="BuiltIn">
<msg time="2024-04-04T01:56:07.172704" level="INFO">password</msg>
<arg>${keyTwo}</arg>
<doc>Logs the given message with the given level.</doc>
<status status="PASS" start="2024-04-04T01:56:07.172579" elapsed="0.000162"/>
</kw>
<var name="${keyTwo}">password</var>
<status status="PASS" start="2024-04-04T01:56:07.171045" elapsed="0.001912"/>
</iter>
<var>${keyTwo}</var>
<value>@{expected_keysTwo}</value>
<status status="PASS" start="2024-04-04T01:56:07.168774" elapsed="0.004304"/>
</for>
<status status="PASS" start="2024-04-04T01:56:07.062582" elapsed="0.110640"/>
</kw>
<doc>Testa a estrutura da resposta da API.</doc>
<tag>testeEstruturaResposta</tag>
<status status="PASS" start="2024-04-04T01:56:07.061823" elapsed="0.111564"/>
</test>
<test id="s1-s1-t4" name="Validar tipos de dados" line="28">
<kw name="Teste de Tipos de Dados" owner="random-user-service">
<kw name="GET On Session" owner="RequestsLibrary">
<msg time="2024-04-04T01:56:07.267249" level="INFO">GET Request : url=https://randomuser.me/api 
 path_url=/api 
 headers={'User-Agent': 'python-requests/2.31.0', 'Accept-Encoding': 'gzip, deflate', 'Accept': '*/*', 'Connection': 'keep-alive'} 
 body=None 
 </msg>
<msg time="2024-04-04T01:56:07.267349" level="INFO">GET Response : url=https://randomuser.me/api 
 status=200, reason=OK 
 headers={'Date': 'Thu, 04 Apr 2024 01:56:07 GMT', 'Content-Type': 'application/json; charset=utf-8', 'Transfer-Encoding': 'chunked', 'Connection': 'keep-alive', 'X-Powered-By': 'Express', 'Access-Control-Allow-Origin': '*', 'Cache-Control': 'no-cache', 'ETag': 'W/"488-2nc/IgsJEEFiUxsAtmiQgSxkDSM"', 'Vary': 'Accept-Encoding', 'Content-Encoding': 'gzip', 'CF-Cache-Status': 'DYNAMIC', 'Report-To': '{"endpoints":[{"url":"https:\\/\\/a.nel.cloudflare.com\\/report\\/v4?s=f12%2BccN%2F0XRR%2F791fIVrXq%2BEvFg5xpL%2BeOYHyJuC7DQkRX3z3KXjt9PcoitB2nB0WQclBkTWRt4KiUMySwAF2LT1j0rChVUAg7LttiPmTRMkYCD7N8tzbKlGmFymSYZF"}],"group":"cf-nel","max_age":604800}', 'NEL': '{"success_fraction":0,"report_to":"cf-nel","max_age":604800}', 'Server': 'cloudflare', 'CF-RAY': '86edae18dd4a945c-SJC', 'alt-svc': 'h3=":443"; ma=86400'} 
 body={"results":[{"gender":"male","name":{"title":"Mr","first":"Noah","last":"Larsen"},"location":{"street":{"number":7182,"name":"Sundtoften"},"city":"Argerskov","state":"Midtjylland","country":"Denmark","postcode":20826,"coordinates":{"latitude":"-41.3118","longitude":"-145.2483"},"timezone":{"offset":"-6:00","description":"Central Time (US &amp; Canada), Mexico City"}},"email":"noah.larsen@example.com","login":{"uuid":"b63bc161-435c-4fc2-9ec7-72ec6717061f","username":"silverkoala516","password":"travis1","salt":"pltW9Ykg","md5":"3b419f7d430abb43592ef3613d95554f","sha1":"b8e2f887fc0ea0a83a0e83f2ecd72063b894c3dc","sha256":"a6afe39491f1dbf5c0c941ef26b0e6fc39a3ac9a02b9c05c0ff1280fecf39bff"},"dob":{"date":"1952-05-06T10:59:38.267Z","age":71},"registered":{"date":"2020-02-21T15:52:21.015Z","age":4},"phone":"44140319","cell":"04267132","id":{"name":"CPR","value":"060552-3246"},"picture":{"large":"https://randomuser.me/api/portraits/men/77.jpg","medium":"https://randomuser.me/api/portraits/med/men/77.jpg","thumbnail":"https://randomuser.me/api/portraits/thumb/men/77.jpg"},"nat":"DK"}],"info":{"seed":"e777b8c8ff64ebc2","results":1,"page":1,"version":"1.4"}} 
 </msg>
<msg time="2024-04-04T01:56:07.267422" level="INFO">/opt/hostedtoolcache/Python/3.12.2/x64/lib/python3.12/site-packages/urllib3/connectionpool.py:1103: InsecureRequestWarning: Unverified HTTPS request is being made to host 'randomuser.me'. Adding certificate verification is strongly advised. See: https://urllib3.readthedocs.io/en/latest/advanced-usage.html#tls-warnings
  warnings.warn(</msg>
<msg time="2024-04-04T01:56:07.267553" level="INFO">${response} = &lt;Response [200]&gt;</msg>
<var>${response}</var>
<arg>consultarAPI</arg>
<arg>/api</arg>
<doc>Sends a GET request on a previously created HTTP Session.</doc>
<status status="PASS" start="2024-04-04T01:56:07.175962" elapsed="0.091634"/>
</kw>
<kw name="Set Variable" owner="BuiltIn">
<msg time="2024-04-04T01:56:07.268864" level="INFO">${json_data} = {'results': [{'gender': 'male', 'name': {'title': 'Mr', 'first': 'Noah', 'last': 'Larsen'}, 'location': {'street': {'number': 7182, 'name': 'Sundtoften'}, 'city': 'Argerskov', 'state': 'Midtjylland', ...</msg>
<var>${json_data}</var>
<arg>${response.json()}</arg>
<doc>Returns the given values which can then be assigned to a variables.</doc>
<status status="PASS" start="2024-04-04T01:56:07.268279" elapsed="0.000613"/>
</kw>
<kw name="Log" owner="BuiltIn">
<msg time="2024-04-04T01:56:07.269378" level="INFO">{'results': [{'gender': 'male', 'name': {'title': 'Mr', 'first': 'Noah', 'last': 'Larsen'}, 'location': {'street': {'number': 7182, 'name': 'Sundtoften'}, 'city': 'Argerskov', 'state': 'Midtjylland', 'country': 'Denmark', 'postcode': 20826, 'coordinates': {'latitude': '-41.3118', 'longitude': '-145.2483'}, 'timezone': {'offset': '-6:00', 'description': 'Central Time (US &amp; Canada), Mexico City'}}, 'email': 'noah.larsen@example.com', 'login': {'uuid': 'b63bc161-435c-4fc2-9ec7-72ec6717061f', 'username': 'silverkoala516', 'password': 'travis1', 'salt': 'pltW9Ykg', 'md5': '3b419f7d430abb43592ef3613d95554f', 'sha1': 'b8e2f887fc0ea0a83a0e83f2ecd72063b894c3dc', 'sha256': 'a6afe39491f1dbf5c0c941ef26b0e6fc39a3ac9a02b9c05c0ff1280fecf39bff'}, 'dob': {'date': '1952-05-06T10:59:38.267Z', 'age': 71}, 'registered': {'date': '2020-02-21T15:52:21.015Z', 'age': 4}, 'phone': '44140319', 'cell': '04267132', 'id': {'name': 'CPR', 'value': '060552-3246'}, 'picture': {'large': 'https://randomuser.me/api/portraits/men/77.jpg', 'medium': 'https://randomuser.me/api/portraits/med/men/77.jpg', 'thumbnail': 'https://randomuser.me/api/portraits/thumb/men/77.jpg'}, 'nat': 'DK'}], 'info': {'seed': 'e777b8c8ff64ebc2', 'results': 1, 'page': 1, 'version': '1.4'}}</msg>
<arg>${json_data}</arg>
<doc>Logs the given message with the given level.</doc>
<status status="PASS" start="2024-04-04T01:56:07.269219" elapsed="0.000247"/>
</kw>
<kw name="Should Be String" owner="String">
<arg>${json_data['results'][0]['gender']}</arg>
<doc>Fails if the given ``item`` is not a string.</doc>
<status status="PASS" start="2024-04-04T01:56:07.269774" elapsed="0.000370"/>
</kw>
<kw name="Should Match Regexp" owner="BuiltIn">
<arg>${json_data['results'][0]['email']}</arg>
<arg>^[a-zA-Z0-9._%+-]+@[a-zA-Z0-9.-]+\.[a-zA-Z]{2,}$</arg>
<doc>Fails if ``string`` does not match ``pattern`` as a regular expression.</doc>
<status status="PASS" start="2024-04-04T01:56:07.270344" elapsed="0.000526"/>
</kw>
<kw name="Should Match Regexp" owner="BuiltIn">
<arg>${json_data['results'][0]['dob']['date']}</arg>
<arg>\\d{4}-\\d{2}-\\d{2}T\\d{2}:\\d{2}:\\d{2}\\.\\d{3}Z</arg>
<doc>Fails if ``string`` does not match ``pattern`` as a regular expression.</doc>
<status status="PASS" start="2024-04-04T01:56:07.271099" elapsed="0.000490"/>
</kw>
<kw name="Should Match Regexp" owner="BuiltIn">
<arg>${json_data['results'][0]['registered']['date']}</arg>
<arg>\\d{4}-\\d{2}-\\d{2}T\\d{2}:\\d{2}:\\d{2}\\.\\d{3}Z</arg>
<doc>Fails if ``string`` does not match ``pattern`` as a regular expression.</doc>
<status status="PASS" start="2024-04-04T01:56:07.271789" elapsed="0.000373"/>
</kw>
<kw name="Should Match Regexp" owner="BuiltIn">
<arg>${json_data['results'][0]['picture']['large']}</arg>
<arg>^https?://.*\.(?:png|jpe?g|gif|bmp)$</arg>
<doc>Fails if ``string`` does not match ``pattern`` as a regular expression.</doc>
<status status="PASS" start="2024-04-04T01:56:07.272351" elapsed="0.000454"/>
</kw>
<kw name="Should Match Regexp" owner="BuiltIn">
<arg>${json_data['results'][0]['picture']['medium']}</arg>
<arg>^https?://.*\.(?:png|jpe?g|gif|bmp)$</arg>
<doc>Fails if ``string`` does not match ``pattern`` as a regular expression.</doc>
<status status="PASS" start="2024-04-04T01:56:07.272995" elapsed="0.000357"/>
</kw>
<kw name="Should Match Regexp" owner="BuiltIn">
<arg>${json_data['results'][0]['picture']['thumbnail']}</arg>
<arg>^https?://.*\.(?:png|jpe?g|gif|bmp)$</arg>
<doc>Fails if ``string`` does not match ``pattern`` as a regular expression.</doc>
<status status="PASS" start="2024-04-04T01:56:07.273546" elapsed="0.000347"/>
</kw>
<kw name="Log" owner="BuiltIn">
<msg time="2024-04-04T01:56:07.274404" level="INFO">{'large': 'https://randomuser.me/api/portraits/men/77.jpg', 'medium': 'https://randomuser.me/api/portraits/med/men/77.jpg', 'thumbnail': 'https://randomuser.me/api/portraits/thumb/men/77.jpg'}</msg>
<arg>${json_data['results'][0]['picture']}</arg>
<doc>Logs the given message with the given level.</doc>
<status status="PASS" start="2024-04-04T01:56:07.274076" elapsed="0.000376"/>
</kw>
<status status="PASS" start="2024-04-04T01:56:07.175729" elapsed="0.098988"/>
</kw>
<kw name="Teste de Tipos de Dados - Postcode" owner="random-user-service">
<kw name="GET On Session" owner="RequestsLibrary">
<msg time="2024-04-04T01:56:07.377630" level="INFO">GET Request : url=https://randomuser.me/api 
 path_url=/api 
 headers={'User-Agent': 'python-requests/2.31.0', 'Accept-Encoding': 'gzip, deflate', 'Accept': '*/*', 'Connection': 'keep-alive'} 
 body=None 
 </msg>
<msg time="2024-04-04T01:56:07.377732" level="INFO">GET Response : url=https://randomuser.me/api 
 status=200, reason=OK 
 headers={'Date': 'Thu, 04 Apr 2024 01:56:07 GMT', 'Content-Type': 'application/json; charset=utf-8', 'Transfer-Encoding': 'chunked', 'Connection': 'keep-alive', 'X-Powered-By': 'Express', 'Access-Control-Allow-Origin': '*', 'Cache-Control': 'no-cache', 'ETag': 'W/"4b3-ux/9Tfb40r1CHo/u6igYPvsIGCQ"', 'Vary': 'Accept-Encoding', 'Content-Encoding': 'gzip', 'CF-Cache-Status': 'DYNAMIC', 'Report-To': '{"endpoints":[{"url":"https:\\/\\/a.nel.cloudflare.com\\/report\\/v4?s=Nt0iFMczdoblls4ejDayfLnY5VEwjFxSZbYKvuqfY116Kh%2FucisSWXvCBPPFiVjReD29G0%2FOo8kGxdL7DvPBfApEJyU6H75GlVXayKvb4qfD6KlKdoipVsj6Jh9WMXZt"}],"group":"cf-nel","max_age":604800}', 'NEL': '{"success_fraction":0,"report_to":"cf-nel","max_age":604800}', 'Server': 'cloudflare', 'CF-RAY': '86edae197ddc945c-SJC', 'alt-svc': 'h3=":443"; ma=86400'} 
 body={"results":[{"gender":"female","name":{"title":"Mrs","first":"Hanaé","last":"Muller"},"location":{"street":{"number":9853,"name":"Avenue de la Libération"},"city":"Mulhouse","state":"Deux-Sèvres","country":"France","postcode":34749,"coordinates":{"latitude":"-13.8773","longitude":"19.5217"},"timezone":{"offset":"-4:00","description":"Atlantic Time (Canada), Caracas, La Paz"}},"email":"hanae.muller@example.com","login":{"uuid":"6b54f083-412c-4920-9310-2d5dd0e17185","username":"beautifuldog853","password":"austria","salt":"hjWKiden","md5":"6ea3e9818449eb21c4bd90f058c50428","sha1":"7be564665ce5c9a66472cf72ab2df67103bd345c","sha256":"51519d68ca0941298428142862900f613d450e1d91a1d5fd08bd58e1e62e27e4"},"dob":{"date":"1963-03-09T20:00:00.095Z","age":61},"registered":{"date":"2019-10-22T23:27:46.979Z","age":4},"phone":"01-90-40-53-40","cell":"06-62-29-85-57","id":{"name":"INSEE","value":"2630264400886 79"},"picture":{"large":"https://randomuser.me/api/portraits/women/79.jpg","medium":"https://randomuser.me/api/portraits/med/women/79.jpg","thumbnail":"https://randomuser.me/api/portraits/thumb/women/79.jpg"},"nat":"FR"}],"info":{"seed":"68dbe838e2cd2415","results":1,"page":1,"version":"1.4"}} 
 </msg>
<msg time="2024-04-04T01:56:07.377823" level="INFO">/opt/hostedtoolcache/Python/3.12.2/x64/lib/python3.12/site-packages/urllib3/connectionpool.py:1103: InsecureRequestWarning: Unverified HTTPS request is being made to host 'randomuser.me'. Adding certificate verification is strongly advised. See: https://urllib3.readthedocs.io/en/latest/advanced-usage.html#tls-warnings
  warnings.warn(</msg>
<msg time="2024-04-04T01:56:07.377946" level="INFO">${response} = &lt;Response [200]&gt;</msg>
<var>${response}</var>
<arg>consultarAPI</arg>
<arg>/api</arg>
<doc>Sends a GET request on a previously created HTTP Session.</doc>
<status status="PASS" start="2024-04-04T01:56:07.275416" elapsed="0.102563"/>
</kw>
<kw name="Set Variable" owner="BuiltIn">
<msg time="2024-04-04T01:56:07.379143" level="INFO">${json_data} = {'results': [{'gender': 'female', 'name': {'title': 'Mrs', 'first': 'Hanaé', 'last': 'Muller'}, 'location': {'street': {'number': 9853, 'name': 'Avenue de la Libération'}, 'city': 'Mulhouse', 'state':...</msg>
<var>${json_data}</var>
<arg>${response.json()}</arg>
<doc>Returns the given values which can then be assigned to a variables.</doc>
<status status="PASS" start="2024-04-04T01:56:07.378575" elapsed="0.000599"/>
</kw>
<kw name="Log" owner="BuiltIn">
<msg time="2024-04-04T01:56:07.379662" level="INFO">{'results': [{'gender': 'female', 'name': {'title': 'Mrs', 'first': 'Hanaé', 'last': 'Muller'}, 'location': {'street': {'number': 9853, 'name': 'Avenue de la Libération'}, 'city': 'Mulhouse', 'state': 'Deux-Sèvres', 'country': 'France', 'postcode': 34749, 'coordinates': {'latitude': '-13.8773', 'longitude': '19.5217'}, 'timezone': {'offset': '-4:00', 'description': 'Atlantic Time (Canada), Caracas, La Paz'}}, 'email': 'hanae.muller@example.com', 'login': {'uuid': '6b54f083-412c-4920-9310-2d5dd0e17185', 'username': 'beautifuldog853', 'password': 'austria', 'salt': 'hjWKiden', 'md5': '6ea3e9818449eb21c4bd90f058c50428', 'sha1': '7be564665ce5c9a66472cf72ab2df67103bd345c', 'sha256': '51519d68ca0941298428142862900f613d450e1d91a1d5fd08bd58e1e62e27e4'}, 'dob': {'date': '1963-03-09T20:00:00.095Z', 'age': 61}, 'registered': {'date': '2019-10-22T23:27:46.979Z', 'age': 4}, 'phone': '01-90-40-53-40', 'cell': '06-62-29-85-57', 'id': {'name': 'INSEE', 'value': '2630264400886 79'}, 'picture': {'large': 'https://randomuser.me/api/portraits/women/79.jpg', 'medium': 'https://randomuser.me/api/portraits/med/women/79.jpg', 'thumbnail': 'https://randomuser.me/api/portraits/thumb/women/79.jpg'}, 'nat': 'FR'}], 'info': {'seed': '68dbe838e2cd2415', 'results': 1, 'page': 1, 'version': '1.4'}}</msg>
<arg>${json_data}</arg>
<doc>Logs the given message with the given level.</doc>
<status status="PASS" start="2024-04-04T01:56:07.379496" elapsed="0.000257"/>
</kw>
<kw name="Should Be Equal As Numbers" owner="BuiltIn">
<arg>${json_data['results'][0]['location']['postcode']}</arg>
<arg>${json_data['results'][0]['location']['postcode']}</arg>
<doc>Fails if objects are unequal after converting them to real numbers.</doc>
<status status="PASS" start="2024-04-04T01:56:07.380065" elapsed="0.000654"/>
</kw>
<kw name="Log" owner="BuiltIn">
<msg time="2024-04-04T01:56:07.381266" level="INFO">34749</msg>
<arg>${json_data['results'][0]['location']['postcode']}</arg>
<doc>Logs the given message with the given level.</doc>
<status status="PASS" start="2024-04-04T01:56:07.380918" elapsed="0.000388"/>
</kw>
<status status="PASS" start="2024-04-04T01:56:07.274979" elapsed="0.106590"/>
</kw>
<doc>Testa se os tipos de dados na resposta da API estão corretos.</doc>
<tag>testeTiposDados</tag>
<status status="PASS" start="2024-04-04T01:56:07.175147" elapsed="0.206599"/>
</test>
<test id="s1-s1-t5" name="Validar conteudo" line="35">
<kw name="Teste de Tipos de Conteudo" owner="random-user-service">
<kw name="GET On Session" owner="RequestsLibrary">
<msg time="2024-04-04T01:56:07.474355" level="INFO">GET Request : url=https://randomuser.me/api 
 path_url=/api 
 headers={'User-Agent': 'python-requests/2.31.0', 'Accept-Encoding': 'gzip, deflate', 'Accept': '*/*', 'Connection': 'keep-alive'} 
 body=None 
 </msg>
<msg time="2024-04-04T01:56:07.474465" level="INFO">GET Response : url=https://randomuser.me/api 
 status=200, reason=OK 
 headers={'Date': 'Thu, 04 Apr 2024 01:56:07 GMT', 'Content-Type': 'application/json; charset=utf-8', 'Transfer-Encoding': 'chunked', 'Connection': 'keep-alive', 'X-Powered-By': 'Express', 'Access-Control-Allow-Origin': '*', 'Cache-Control': 'no-cache', 'ETag': 'W/"48c-3bbi2cneRbylhV5YZ0NK5H4YJ7Y"', 'Vary': 'Accept-Encoding', 'Content-Encoding': 'gzip', 'CF-Cache-Status': 'DYNAMIC', 'Report-To': '{"endpoints":[{"url":"https:\\/\\/a.nel.cloudflare.com\\/report\\/v4?s=wa7Rwh2znkGzw%2B%2BR8DeRo5FMuLTpySvRAHh8i3y%2BRAATMoGtMeZcSK6F6YVOwM6SQleIwik40P1%2FK5Ba2ijTvuNr5r4SSCFHp%2FMhRXlvzrssrw6zLJUNoGjkIviC8iMz"}],"group":"cf-nel","max_age":604800}', 'NEL': '{"success_fraction":0,"report_to":"cf-nel","max_age":604800}', 'Server': 'cloudflare', 'CF-RAY': '86edae1a2e79945c-SJC', 'alt-svc': 'h3=":443"; ma=86400'} 
 body={"results":[{"gender":"female","name":{"title":"Ms","first":"Amy","last":"Rice"},"location":{"street":{"number":1689,"name":"Valley View Ln"},"city":"Wollongong","state":"Victoria","country":"Australia","postcode":2034,"coordinates":{"latitude":"-88.5966","longitude":"88.8334"},"timezone":{"offset":"+1:00","description":"Brussels, Copenhagen, Madrid, Paris"}},"email":"amy.rice@example.com","login":{"uuid":"0cb72dfd-174d-4524-992f-e9ee44f541e4","username":"yellowtiger608","password":"bruins","salt":"Bt1vhrhM","md5":"231284bb87ac5226d3ef136d3183839c","sha1":"8cb28999fe4b5599947d82577bd7db530ddcc541","sha256":"aba5d57f9bfb523488c9d367df055ac894d3100b1a62bdbe64914f51d143921b"},"dob":{"date":"1994-05-12T03:50:35.979Z","age":29},"registered":{"date":"2019-11-15T10:40:00.262Z","age":4},"phone":"03-9321-9292","cell":"0436-148-596","id":{"name":"TFN","value":"420896978"},"picture":{"large":"https://randomuser.me/api/portraits/women/25.jpg","medium":"https://randomuser.me/api/portraits/med/women/25.jpg","thumbnail":"https://randomuser.me/api/portraits/thumb/women/25.jpg"},"nat":"AU"}],"info":{"seed":"531c9d0418b4a4a7","results":1,"page":1,"version":"1.4"}} 
 </msg>
<msg time="2024-04-04T01:56:07.474544" level="INFO">/opt/hostedtoolcache/Python/3.12.2/x64/lib/python3.12/site-packages/urllib3/connectionpool.py:1103: InsecureRequestWarning: Unverified HTTPS request is being made to host 'randomuser.me'. Adding certificate verification is strongly advised. See: https://urllib3.readthedocs.io/en/latest/advanced-usage.html#tls-warnings
  warnings.warn(</msg>
<msg time="2024-04-04T01:56:07.474667" level="INFO">${response} = &lt;Response [200]&gt;</msg>
<var>${response}</var>
<arg>consultarAPI</arg>
<arg>/api</arg>
<doc>Sends a GET request on a previously created HTTP Session.</doc>
<status status="PASS" start="2024-04-04T01:56:07.384254" elapsed="0.090453"/>
</kw>
<kw name="Set Variable" owner="BuiltIn">
<msg time="2024-04-04T01:56:07.475757" level="INFO">${json_data} = {'results': [{'gender': 'female', 'name': {'title': 'Ms', 'first': 'Amy', 'last': 'Rice'}, 'location': {'street': {'number': 1689, 'name': 'Valley View Ln'}, 'city': 'Wollongong', 'state': 'Victoria',...</msg>
<var>${json_data}</var>
<arg>${response.json()}</arg>
<doc>Returns the given values which can then be assigned to a variables.</doc>
<status status="PASS" start="2024-04-04T01:56:07.475248" elapsed="0.000537"/>
</kw>
<kw name="Set Variable" owner="BuiltIn">
<msg time="2024-04-04T01:56:07.476499" level="INFO">${name_title} = Ms</msg>
<var>${name_title}</var>
<arg>${json_data["results"][0]["name"]["title"]}</arg>
<doc>Returns the given values which can then be assigned to a variables.</doc>
<status status="PASS" start="2024-04-04T01:56:07.476098" elapsed="0.000427"/>
</kw>
<kw name="Create List" owner="BuiltIn">
<msg time="2024-04-04T01:56:07.476974" level="INFO">${allowed_titles} = ['Mr', 'Ms', 'Miss', 'Mrs', 'Madame', 'Monsieur']</msg>
<var>${allowed_titles}</var>
<arg>Mr</arg>
<arg>Ms</arg>
<arg>Miss</arg>
<arg>Mrs</arg>
<arg>Madame</arg>
<arg>Monsieur</arg>
<doc>Returns a list containing given items.</doc>
<status status="PASS" start="2024-04-04T01:56:07.476824" elapsed="0.000175"/>
</kw>
<kw name="List Should Contain Value" owner="Collections">
<msg time="2024-04-04T01:56:07.477484" level="INFO">False</msg>
<arg>${allowed_titles}</arg>
<arg>${name_title}</arg>
<doc>Fails if the ``value`` is not found from ``list``.</doc>
<status status="PASS" start="2024-04-04T01:56:07.477303" elapsed="0.000220"/>
</kw>
<kw name="Set Variable" owner="BuiltIn">
<msg time="2024-04-04T01:56:07.478205" level="INFO">${name_country} = AU</msg>
<var>${name_country}</var>
<arg>${json_data["results"][0]["nat"]}</arg>
<doc>Returns the given values which can then be assigned to a variables.</doc>
<status status="PASS" start="2024-04-04T01:56:07.477817" elapsed="0.000413"/>
</kw>
<kw name="Create List" owner="BuiltIn">
<msg time="2024-04-04T01:56:07.479255" level="INFO">${list_country} = ['AD', 'AE', 'AF', 'AG', 'AI', 'AL', 'AM', 'AO', 'AQ', 'AR', 'AS', 'AT', 'AU', 'AW', 'AX', 'AZ', 'BA', 'BB', 'BD', 'BE', 'BF', 'BG', 'BH', 'BI', 'BJ', 'BL', 'BM', 'BN', 'BO', 'BQ', 'BR', 'BS', 'BT', '...</msg>
<var>${list_country}</var>
<arg>AD</arg>
<arg>AE</arg>
<arg>AF</arg>
<arg>AG</arg>
<arg>AI</arg>
<arg>AL</arg>
<arg>AM</arg>
<arg>AO</arg>
<arg>AQ</arg>
<arg>AR</arg>
<arg>AS</arg>
<arg>AT</arg>
<arg>AU</arg>
<arg>AW</arg>
<arg>AX</arg>
<arg>AZ</arg>
<arg>BA</arg>
<arg>BB</arg>
<arg>BD</arg>
<arg>BE</arg>
<arg>BF</arg>
<arg>BG</arg>
<arg>BH</arg>
<arg>BI</arg>
<arg>BJ</arg>
<arg>BL</arg>
<arg>BM</arg>
<arg>BN</arg>
<arg>BO</arg>
<arg>BQ</arg>
<arg>BR</arg>
<arg>BS</arg>
<arg>BT</arg>
<arg>BV</arg>
<arg>BW</arg>
<arg>BY</arg>
<arg>BZ</arg>
<arg>CA</arg>
<arg>CC</arg>
<arg>CD</arg>
<arg>CF</arg>
<arg>CG</arg>
<arg>CH</arg>
<arg>CI</arg>
<arg>CK</arg>
<arg>CL</arg>
<arg>CM</arg>
<arg>CN</arg>
<arg>CO</arg>
<arg>CR</arg>
<arg>CU</arg>
<arg>CV</arg>
<arg>CW</arg>
<arg>CX</arg>
<arg>CY</arg>
<arg>CZ</arg>
<arg>DE</arg>
<arg>DJ</arg>
<arg>DK</arg>
<arg>DM</arg>
<arg>DO</arg>
<arg>DZ</arg>
<arg>EC</arg>
<arg>EE</arg>
<arg>EG</arg>
<arg>EH</arg>
<arg>ER</arg>
<arg>ES</arg>
<arg>ET</arg>
<arg>FI</arg>
<arg>FJ</arg>
<arg>FK</arg>
<arg>FM</arg>
<arg>FO</arg>
<arg>FR</arg>
<arg>GA</arg>
<arg>GB</arg>
<arg>GD</arg>
<arg>GE</arg>
<arg>GF</arg>
<arg>GG</arg>
<arg>GH</arg>
<arg>GI</arg>
<arg>GL</arg>
<arg>GM</arg>
<arg>GN</arg>
<arg>GP</arg>
<arg>GQ</arg>
<arg>GR</arg>
<arg>GS</arg>
<arg>GT</arg>
<arg>GU</arg>
<arg>GW</arg>
<arg>GY</arg>
<arg>HK</arg>
<arg>HM</arg>
<arg>HN</arg>
<arg>HR</arg>
<arg>HT</arg>
<arg>HU</arg>
<arg>ID</arg>
<arg>IE</arg>
<arg>IL</arg>
<arg>IM</arg>
<arg>IN</arg>
<arg>IO</arg>
<arg>IQ</arg>
<arg>IR</arg>
<arg>IS</arg>
<arg>IT</arg>
<arg>JE</arg>
<arg>JM</arg>
<arg>JO</arg>
<arg>JP</arg>
<arg>KE</arg>
<arg>KG</arg>
<arg>KH</arg>
<arg>KI</arg>
<arg>KM</arg>
<arg>KN</arg>
<arg>KP</arg>
<arg>KR</arg>
<arg>KW</arg>
<arg>KY</arg>
<arg>KZ</arg>
<arg>LA</arg>
<arg>LB</arg>
<arg>LC</arg>
<arg>LI</arg>
<arg>LK</arg>
<arg>LR</arg>
<arg>LS</arg>
<arg>LT</arg>
<arg>LU</arg>
<arg>LV</arg>
<arg>LY</arg>
<arg>MA</arg>
<arg>MC</arg>
<arg>MD</arg>
<arg>ME</arg>
<arg>MF</arg>
<arg>MG</arg>
<arg>MH</arg>
<arg>MK</arg>
<arg>ML</arg>
<arg>MM</arg>
<arg>MN</arg>
<arg>MO</arg>
<arg>MP</arg>
<arg>MQ</arg>
<arg>MR</arg>
<arg>MS</arg>
<arg>MT</arg>
<arg>MU</arg>
<arg>MV</arg>
<arg>MW</arg>
<arg>MX</arg>
<arg>MY</arg>
<arg>MZ</arg>
<arg>NA</arg>
<arg>NC</arg>
<arg>NE</arg>
<arg>NF</arg>
<arg>NG</arg>
<arg>NI</arg>
<arg>NL</arg>
<arg>NO</arg>
<arg>NP</arg>
<arg>NR</arg>
<arg>NU</arg>
<arg>NZ</arg>
<arg>OM</arg>
<arg>PA</arg>
<arg>PE</arg>
<arg>PF</arg>
<arg>PG</arg>
<arg>PH</arg>
<arg>PK</arg>
<arg>PL</arg>
<arg>PM</arg>
<arg>PN</arg>
<arg>PR</arg>
<arg>PS</arg>
<arg>PT</arg>
<arg>PW</arg>
<arg>PY</arg>
<arg>QA</arg>
<arg>RE</arg>
<arg>RO</arg>
<arg>RS</arg>
<arg>RU</arg>
<arg>RW</arg>
<arg>SA</arg>
<arg>SB</arg>
<arg>SC</arg>
<arg>SD</arg>
<arg>SE</arg>
<arg>SG</arg>
<arg>SH</arg>
<arg>SI</arg>
<arg>SJ</arg>
<arg>SK</arg>
<arg>SL</arg>
<arg>SM</arg>
<arg>SN</arg>
<arg>SO</arg>
<arg>SR</arg>
<arg>SS</arg>
<arg>ST</arg>
<arg>SV</arg>
<arg>SX</arg>
<arg>SY</arg>
<arg>SZ</arg>
<arg>TC</arg>
<arg>TD</arg>
<arg>TF</arg>
<arg>TG</arg>
<arg>TH</arg>
<arg>TJ</arg>
<arg>TK</arg>
<arg>TL</arg>
<arg>TM</arg>
<arg>TN</arg>
<arg>TO</arg>
<arg>TR</arg>
<arg>TT</arg>
<arg>TV</arg>
<arg>TW</arg>
<arg>TZ</arg>
<arg>UA</arg>
<arg>UG</arg>
<arg>UM</arg>
<arg>US</arg>
<arg>UY</arg>
<arg>UZ</arg>
<arg>VA</arg>
<arg>VC</arg>
<arg>VE</arg>
<arg>VG</arg>
<arg>VI</arg>
<arg>VN</arg>
<arg>VU</arg>
<arg>WF</arg>
<arg>WS</arg>
<arg>XK</arg>
<arg>YE</arg>
<arg>YT</arg>
<arg>ZA</arg>
<arg>ZM</arg>
<arg>ZW</arg>
<doc>Returns a list containing given items.</doc>
<status status="PASS" start="2024-04-04T01:56:07.478560" elapsed="0.000723"/>
</kw>
<kw name="List Should Contain Value" owner="Collections">
<msg time="2024-04-04T01:56:07.480425" level="INFO">False</msg>
<arg>${list_country}</arg>
<arg>${name_country}</arg>
<doc>Fails if the ``value`` is not found from ``list``.</doc>
<status status="PASS" start="2024-04-04T01:56:07.480216" elapsed="0.000248"/>
</kw>
<kw name="Run Keyword If" owner="BuiltIn">
<kw name="Should Be True" owner="BuiltIn">
<arg>${True}</arg>
<doc>Fails if the given condition is not true.</doc>
<status status="PASS" start="2024-04-04T01:56:07.481555" elapsed="0.000147"/>
</kw>
<arg>${json_data["results"][0]["location"]["coordinates"]["latitude"]} &gt;= -90 and ${json_data["results"][0]["location"]["coordinates"]["latitude"]} &lt;= 90</arg>
<arg>Should Be True</arg>
<arg>${True}</arg>
<doc>Runs the given keyword with the given arguments, if ``condition`` is true.</doc>
<status status="PASS" start="2024-04-04T01:56:07.480782" elapsed="0.001052"/>
</kw>
<kw name="Run Keyword If" owner="BuiltIn">
<kw name="Should Be True" owner="BuiltIn">
<arg>${True}</arg>
<doc>Fails if the given condition is not true.</doc>
<status status="PASS" start="2024-04-04T01:56:07.482726" elapsed="0.000143"/>
</kw>
<arg>${json_data["results"][0]["location"]["coordinates"]["longitude"]} &gt;= -180 and ${json_data["results"][0]["location"]["coordinates"]["longitude"]} &lt;= 180</arg>
<arg>Should Be True</arg>
<arg>${True}</arg>
<doc>Runs the given keyword with the given arguments, if ``condition`` is true.</doc>
<status status="PASS" start="2024-04-04T01:56:07.482020" elapsed="0.001010"/>
</kw>
<status status="PASS" start="2024-04-04T01:56:07.384014" elapsed="0.099156"/>
</kw>
<doc>Testa o conteúdo específico dos campos retornados pela API.</doc>
<tag>testeConteudo</tag>
<status status="PASS" start="2024-04-04T01:56:07.383525" elapsed="0.099801"/>
</test>
<status status="PASS" start="2024-04-04T01:56:06.361836" elapsed="1.123445"/>
</suite>
<status status="PASS" start="2024-04-04T01:56:06.348107" elapsed="1.142663"/>
</suite>
<statistics>
<total>
<stat pass="5" fail="0" skip="0">All Tests</stat>
</total>
<tag>
<stat pass="1" fail="0" skip="0">testeConteudo</stat>
<stat pass="1" fail="0" skip="0">testeEstruturaResposta</stat>
<stat pass="1" fail="0" skip="0">testeRequisicaoBasica</stat>
<stat pass="1" fail="0" skip="0">testeTiposDados</stat>
</tag>
<suite>
<stat pass="5" fail="0" skip="0" id="s1" name="Tests">Tests</stat>
<stat pass="5" fail="0" skip="0" id="s1-s1" name="Random-User-Test">Tests.Random-User-Test</stat>
</suite>
</statistics>
<errors>
</errors>
</robot>
