<?xml version="1.0" encoding="UTF-8"?>
<robot generator="Robot 7.0 (Python 3.12.3 on linux)" generated="2024-04-26T03:16:05.124087" rpa="false" schemaversion="5">
<suite id="s1" name="Tests" source="/home/runner/work/DesafioQAItauRogerioJordao/DesafioQAItauRogerioJordao/RamdonUser/tests">
<suite id="s1-s1" name="Random-User-Test" source="/home/runner/work/DesafioQAItauRogerioJordao/DesafioQAItauRogerioJordao/RamdonUser/tests/random-user-test.robot">
<test id="s1-s1-t1" name="Conectar" line="13">
<kw name="Conectar API" owner="random-user-service">
<kw name="Create Session" owner="RequestsLibrary">
<msg time="2024-04-26T03:16:05.487412" level="INFO">Creating Session using : alias=consultarAPI, url=https://randomuser.me/, headers={},                     cookies={}, auth=None, timeout=None, proxies=None, verify=False,                     debug=0 </msg>
<arg>consultarAPI</arg>
<arg>${URL}</arg>
<doc>Create Session: create a HTTP session to a server</doc>
<status status="PASS" start="2024-04-26T03:16:05.487219" elapsed="0.000355"/>
</kw>
<status status="PASS" start="2024-04-26T03:16:05.486311" elapsed="0.001608"/>
</kw>
<status status="PASS" start="2024-04-26T03:16:05.485714" elapsed="0.002398"/>
</test>
<test id="s1-s1-t2" name="Validar retorno 200 e JSON Válido" line="16">
<kw name="Teste de Requisicao Basica" owner="random-user-service">
<kw name="GET On Session" owner="RequestsLibrary">
<msg time="2024-04-26T03:16:05.834882" level="INFO">GET Request : url=https://randomuser.me/api 
 path_url=/api 
 headers={'User-Agent': 'python-requests/2.31.0', 'Accept-Encoding': 'gzip, deflate', 'Accept': '*/*', 'Connection': 'keep-alive'} 
 body=None 
 </msg>
<msg time="2024-04-26T03:16:05.835021" level="INFO">GET Response : url=https://randomuser.me/api 
 status=200, reason=OK 
 headers={'Date': 'Fri, 26 Apr 2024 03:16:05 GMT', 'Content-Type': 'application/json; charset=utf-8', 'Transfer-Encoding': 'chunked', 'Connection': 'keep-alive', 'X-Powered-By': 'Express', 'Access-Control-Allow-Origin': '*', 'Cache-Control': 'no-cache', 'ETag': 'W/"484-ifxw5Uuz8IXCm6JK+GwKmnxe+is"', 'Vary': 'Accept-Encoding', 'Content-Encoding': 'gzip', 'CF-Cache-Status': 'DYNAMIC', 'Report-To': '{"endpoints":[{"url":"https:\\/\\/a.nel.cloudflare.com\\/report\\/v4?s=Zc0zC95bcQmYg0REEUcz3E9arrVrAswapqgTpz2vLZRJ2eoxhukmStQbc8HmmwsrIL8nX6J4wwxzeCqvB2T%2FDq6OBvb7PjnBE1VKO0I3wjvqtp0ToXBAsDFh89YF2B%2Bn"}],"group":"cf-nel","max_age":604800}', 'NEL': '{"success_fraction":0,"report_to":"cf-nel","max_age":604800}', 'Server': 'cloudflare', 'CF-RAY': '87a3697f7d2e5830-IAD', 'alt-svc': 'h3=":443"; ma=86400'} 
 body={"results":[{"gender":"male","name":{"title":"Mr","first":"Miloš","last":"Bakić"},"location":{"street":{"number":8330,"name":"Ostružnička"},"city":"Žagubica","state":"Bor","country":"Serbia","postcode":51553,"coordinates":{"latitude":"63.4229","longitude":"-19.1776"},"timezone":{"offset":"+9:00","description":"Tokyo, Seoul, Osaka, Sapporo, Yakutsk"}},"email":"milos.bakic@example.com","login":{"uuid":"70ed9f07-b5b6-488d-a783-e5443e692a17","username":"lazyduck900","password":"impreza","salt":"TvRxIH2A","md5":"853c9469eff4a17d7eb859b49f42f1e5","sha1":"ec8513def242de24339a86cf974a88d1602eddba","sha256":"3a02545b5d660bd5473ccc360c90648f940161582f149a8f5cc9f7560799b312"},"dob":{"date":"1963-02-21T15:35:00.868Z","age":61},"registered":{"date":"2007-07-30T18:48:08.925Z","age":16},"phone":"019-3616-146","cell":"065-4476-422","id":{"name":"SID","value":"570295472"},"picture":{"large":"https://randomuser.me/api/portraits/men/28.jpg","medium":"https://randomuser.me/api/portraits/med/men/28.jpg","thumbnail":"https://randomuser.me/api/portraits/thumb/men/28.jpg"},"nat":"RS"}],"info":{"seed":"f2ef912a92ce3d0c","results":1,"page":1,"version":"1.4"}} 
 </msg>
<msg time="2024-04-26T03:16:05.835112" level="INFO">/opt/hostedtoolcache/Python/3.12.3/x64/lib/python3.12/site-packages/urllib3/connectionpool.py:1103: InsecureRequestWarning: Unverified HTTPS request is being made to host 'randomuser.me'. Adding certificate verification is strongly advised. See: https://urllib3.readthedocs.io/en/latest/advanced-usage.html#tls-warnings
  warnings.warn(</msg>
<msg time="2024-04-26T03:16:05.835283" level="INFO">${response} = &lt;Response [200]&gt;</msg>
<var>${response}</var>
<arg>consultarAPI</arg>
<arg>/api</arg>
<doc>Sends a GET request on a previously created HTTP Session.</doc>
<status status="PASS" start="2024-04-26T03:16:05.490818" elapsed="0.344525"/>
</kw>
<kw name="Should Be Equal As Numbers" owner="BuiltIn">
<msg time="2024-04-26T03:16:05.836157" level="INFO">Argument types are:
&lt;class 'int'&gt;
&lt;class 'str'&gt;</msg>
<arg>${response.status_code}</arg>
<arg>200</arg>
<doc>Fails if objects are unequal after converting them to real numbers.</doc>
<status status="PASS" start="2024-04-26T03:16:05.835758" elapsed="0.000460"/>
</kw>
<kw name="Log" owner="BuiltIn">
<msg time="2024-04-26T03:16:05.836917" level="INFO">200</msg>
<arg>${response.status_code}</arg>
<doc>Logs the given message with the given level.</doc>
<status status="PASS" start="2024-04-26T03:16:05.836540" elapsed="0.000421"/>
</kw>
<kw name="Set Variable" owner="BuiltIn">
<msg time="2024-04-26T03:16:05.837697" level="INFO">${json_data} = {'results': [{'gender': 'male', 'name': {'title': 'Mr', 'first': 'Miloš', 'last': 'Bakić'}, 'location': {'street': {'number': 8330, 'name': 'Ostružnička'}, 'city': 'Žagubica', 'state': 'Bor', 'country...</msg>
<var>${json_data}</var>
<arg>${response.json()}</arg>
<doc>Returns the given values which can then be assigned to a variables.</doc>
<status status="PASS" start="2024-04-26T03:16:05.837264" elapsed="0.000462"/>
</kw>
<kw name="Dictionary Should Contain Key" owner="Collections">
<msg time="2024-04-26T03:16:05.838185" level="INFO">False</msg>
<arg>${json_data}</arg>
<arg>results</arg>
<doc>Fails if ``key`` is not found from ``dictionary``.</doc>
<status status="PASS" start="2024-04-26T03:16:05.838022" elapsed="0.000202"/>
</kw>
<status status="PASS" start="2024-04-26T03:16:05.490576" elapsed="0.347899"/>
</kw>
<doc>Testa se a API responde corretamente e retorna um objeto JSON válido.</doc>
<tag>testeRequisicaoBasica</tag>
<status status="PASS" start="2024-04-26T03:16:05.490027" elapsed="0.348617"/>
</test>
<test id="s1-s1-t3" name="Validar estrutura de resposta" line="22">
<kw name="Teste de Estrutura de Resposta" owner="random-user-service">
<kw name="GET On Session" owner="RequestsLibrary">
<msg time="2024-04-26T03:16:05.870547" level="INFO">GET Request : url=https://randomuser.me/api 
 path_url=/api 
 headers={'User-Agent': 'python-requests/2.31.0', 'Accept-Encoding': 'gzip, deflate', 'Accept': '*/*', 'Connection': 'keep-alive'} 
 body=None 
 </msg>
<msg time="2024-04-26T03:16:05.870613" level="INFO">GET Response : url=https://randomuser.me/api 
 status=200, reason=OK 
 headers={'Date': 'Fri, 26 Apr 2024 03:16:05 GMT', 'Content-Type': 'application/json; charset=utf-8', 'Transfer-Encoding': 'chunked', 'Connection': 'keep-alive', 'X-Powered-By': 'Express', 'Access-Control-Allow-Origin': '*', 'Cache-Control': 'no-cache', 'ETag': 'W/"49d-0pMIltMKizh6GkpFtQTGKUXt9bk"', 'Vary': 'Accept-Encoding', 'Content-Encoding': 'gzip', 'CF-Cache-Status': 'DYNAMIC', 'Report-To': '{"endpoints":[{"url":"https:\\/\\/a.nel.cloudflare.com\\/report\\/v4?s=m4HDsZDWpgQZ9VqonXtPMG79VidIAwlw8vXak3GaUkzbqMlxYyAuV2B%2FHW17F%2BFuO3ZhucCNXPnS5kX4iE%2FJDWY8NCALB08umii9xRog%2BRjVz9uSTrn1C2MdWJZaMuQ%2B"}],"group":"cf-nel","max_age":604800}', 'NEL': '{"success_fraction":0,"report_to":"cf-nel","max_age":604800}', 'Server': 'cloudflare', 'CF-RAY': '87a369808e165830-IAD', 'alt-svc': 'h3=":443"; ma=86400'} 
 body={"results":[{"gender":"male","name":{"title":"Mr","first":"Sandro","last":"Reichelt"},"location":{"street":{"number":8364,"name":"Schulstraße"},"city":"Hofheim am Taunus","state":"Mecklenburg-Vorpommern","country":"Germany","postcode":64078,"coordinates":{"latitude":"-53.2454","longitude":"-12.0943"},"timezone":{"offset":"-12:00","description":"Eniwetok, Kwajalein"}},"email":"sandro.reichelt@example.com","login":{"uuid":"db0dd679-047b-4833-94f2-267f7ef3b2b7","username":"yellowcat216","password":"delight","salt":"asESInmL","md5":"91283200a6a90df893b45ac9018b3eb8","sha1":"1cba9666eef72199bc37125b32a1fec4fd534f5f","sha256":"69ff6cc7b8a00d7df56d8cf6d5561fe93815b37ed9897a1bbec4bd52055b9c16"},"dob":{"date":"1966-10-31T01:34:42.621Z","age":57},"registered":{"date":"2012-01-10T11:37:32.312Z","age":12},"phone":"0489-2717425","cell":"0171-8553381","id":{"name":"SVNR","value":"72 301066 R 498"},"picture":{"large":"https://randomuser.me/api/portraits/men/96.jpg","medium":"https://randomuser.me/api/portraits/med/men/96.jpg","thumbnail":"https://randomuser.me/api/portraits/thumb/men/96.jpg"},"nat":"DE"}],"info":{"seed":"36f49d1f93573453","results":1,"page":1,"version":"1.4"}} 
 </msg>
<msg time="2024-04-26T03:16:05.870707" level="INFO">/opt/hostedtoolcache/Python/3.12.3/x64/lib/python3.12/site-packages/urllib3/connectionpool.py:1103: InsecureRequestWarning: Unverified HTTPS request is being made to host 'randomuser.me'. Adding certificate verification is strongly advised. See: https://urllib3.readthedocs.io/en/latest/advanced-usage.html#tls-warnings
  warnings.warn(</msg>
<msg time="2024-04-26T03:16:05.870817" level="INFO">${response} = &lt;Response [200]&gt;</msg>
<var>${response}</var>
<arg>consultarAPI</arg>
<arg>/api</arg>
<doc>Sends a GET request on a previously created HTTP Session.</doc>
<status status="PASS" start="2024-04-26T03:16:05.841170" elapsed="0.029689"/>
</kw>
<kw name="Set Variable" owner="BuiltIn">
<msg time="2024-04-26T03:16:05.871697" level="INFO">${json_data} = {'results': [{'gender': 'male', 'name': {'title': 'Mr', 'first': 'Sandro', 'last': 'Reichelt'}, 'location': {'street': {'number': 8364, 'name': 'Schulstraße'}, 'city': 'Hofheim am Taunus', 'state': 'M...</msg>
<var>${json_data}</var>
<arg>${response.json()}</arg>
<doc>Returns the given values which can then be assigned to a variables.</doc>
<status status="PASS" start="2024-04-26T03:16:05.871235" elapsed="0.000492"/>
</kw>
<kw name="Log" owner="BuiltIn">
<msg time="2024-04-26T03:16:05.872189" level="INFO">{'results': [{'gender': 'male', 'name': {'title': 'Mr', 'first': 'Sandro', 'last': 'Reichelt'}, 'location': {'street': {'number': 8364, 'name': 'Schulstraße'}, 'city': 'Hofheim am Taunus', 'state': 'Mecklenburg-Vorpommern', 'country': 'Germany', 'postcode': 64078, 'coordinates': {'latitude': '-53.2454', 'longitude': '-12.0943'}, 'timezone': {'offset': '-12:00', 'description': 'Eniwetok, Kwajalein'}}, 'email': 'sandro.reichelt@example.com', 'login': {'uuid': 'db0dd679-047b-4833-94f2-267f7ef3b2b7', 'username': 'yellowcat216', 'password': 'delight', 'salt': 'asESInmL', 'md5': '91283200a6a90df893b45ac9018b3eb8', 'sha1': '1cba9666eef72199bc37125b32a1fec4fd534f5f', 'sha256': '69ff6cc7b8a00d7df56d8cf6d5561fe93815b37ed9897a1bbec4bd52055b9c16'}, 'dob': {'date': '1966-10-31T01:34:42.621Z', 'age': 57}, 'registered': {'date': '2012-01-10T11:37:32.312Z', 'age': 12}, 'phone': '0489-2717425', 'cell': '0171-8553381', 'id': {'name': 'SVNR', 'value': '72 301066 R 498'}, 'picture': {'large': 'https://randomuser.me/api/portraits/men/96.jpg', 'medium': 'https://randomuser.me/api/portraits/med/men/96.jpg', 'thumbnail': 'https://randomuser.me/api/portraits/thumb/men/96.jpg'}, 'nat': 'DE'}], 'info': {'seed': '36f49d1f93573453', 'results': 1, 'page': 1, 'version': '1.4'}}</msg>
<arg>${json_data}</arg>
<doc>Logs the given message with the given level.</doc>
<status status="PASS" start="2024-04-26T03:16:05.872033" elapsed="0.000204"/>
</kw>
<kw name="Dictionary Should Contain Key" owner="Collections">
<msg time="2024-04-26T03:16:05.872676" level="INFO">False</msg>
<arg>${json_data}</arg>
<arg>results</arg>
<doc>Fails if ``key`` is not found from ``dictionary``.</doc>
<status status="PASS" start="2024-04-26T03:16:05.872523" elapsed="0.000190"/>
</kw>
<kw name="Should Not Be Empty" owner="BuiltIn">
<msg time="2024-04-26T03:16:05.873163" level="INFO">Length is 2.</msg>
<arg>${json_data}</arg>
<doc>Verifies that the given item is not empty.</doc>
<status status="PASS" start="2024-04-26T03:16:05.873032" elapsed="0.000286"/>
</kw>
<kw name="Create List" owner="BuiltIn">
<msg time="2024-04-26T03:16:05.873757" level="INFO">${expected_keys} = ['gender', 'name', 'location', 'email', 'login']</msg>
<var>${expected_keys}</var>
<arg>gender</arg>
<arg>name</arg>
<arg>location</arg>
<arg>email</arg>
<arg>login</arg>
<doc>Returns a list containing given items.</doc>
<status status="PASS" start="2024-04-26T03:16:05.873607" elapsed="0.000173"/>
</kw>
<for flavor="IN">
<iter>
<kw name="Dictionary Should Contain Key" owner="Collections">
<msg time="2024-04-26T03:16:05.874715" level="INFO">False</msg>
<arg>${json_data['results'][0]}</arg>
<arg>${key}</arg>
<doc>Fails if ``key`` is not found from ``dictionary``.</doc>
<status status="PASS" start="2024-04-26T03:16:05.874329" elapsed="0.000423"/>
</kw>
<kw name="Log" owner="BuiltIn">
<msg time="2024-04-26T03:16:05.875416" level="INFO">{'gender': 'male', 'name': {'title': 'Mr', 'first': 'Sandro', 'last': 'Reichelt'}, 'location': {'street': {'number': 8364, 'name': 'Schulstraße'}, 'city': 'Hofheim am Taunus', 'state': 'Mecklenburg-Vorpommern', 'country': 'Germany', 'postcode': 64078, 'coordinates': {'latitude': '-53.2454', 'longitude': '-12.0943'}, 'timezone': {'offset': '-12:00', 'description': 'Eniwetok, Kwajalein'}}, 'email': 'sandro.reichelt@example.com', 'login': {'uuid': 'db0dd679-047b-4833-94f2-267f7ef3b2b7', 'username': 'yellowcat216', 'password': 'delight', 'salt': 'asESInmL', 'md5': '91283200a6a90df893b45ac9018b3eb8', 'sha1': '1cba9666eef72199bc37125b32a1fec4fd534f5f', 'sha256': '69ff6cc7b8a00d7df56d8cf6d5561fe93815b37ed9897a1bbec4bd52055b9c16'}, 'dob': {'date': '1966-10-31T01:34:42.621Z', 'age': 57}, 'registered': {'date': '2012-01-10T11:37:32.312Z', 'age': 12}, 'phone': '0489-2717425', 'cell': '0171-8553381', 'id': {'name': 'SVNR', 'value': '72 301066 R 498'}, 'picture': {'large': 'https://randomuser.me/api/portraits/men/96.jpg', 'medium': 'https://randomuser.me/api/portraits/med/men/96.jpg', 'thumbnail': 'https://randomuser.me/api/portraits/thumb/men/96.jpg'}, 'nat': 'DE'}</msg>
<arg>${json_data['results'][0]}</arg>
<doc>Logs the given message with the given level.</doc>
<status status="PASS" start="2024-04-26T03:16:05.875055" elapsed="0.000411"/>
</kw>
<kw name="Log" owner="BuiltIn">
<msg time="2024-04-26T03:16:05.875879" level="INFO">gender</msg>
<arg>${key}</arg>
<doc>Logs the given message with the given level.</doc>
<status status="PASS" start="2024-04-26T03:16:05.875754" elapsed="0.000160"/>
</kw>
<var name="${key}">gender</var>
<status status="PASS" start="2024-04-26T03:16:05.874206" elapsed="0.001916"/>
</iter>
<iter>
<kw name="Dictionary Should Contain Key" owner="Collections">
<msg time="2024-04-26T03:16:05.876801" level="INFO">False</msg>
<arg>${json_data['results'][0]}</arg>
<arg>${key}</arg>
<doc>Fails if ``key`` is not found from ``dictionary``.</doc>
<status status="PASS" start="2024-04-26T03:16:05.876416" elapsed="0.000422"/>
</kw>
<kw name="Log" owner="BuiltIn">
<msg time="2024-04-26T03:16:05.877566" level="INFO">{'gender': 'male', 'name': {'title': 'Mr', 'first': 'Sandro', 'last': 'Reichelt'}, 'location': {'street': {'number': 8364, 'name': 'Schulstraße'}, 'city': 'Hofheim am Taunus', 'state': 'Mecklenburg-Vorpommern', 'country': 'Germany', 'postcode': 64078, 'coordinates': {'latitude': '-53.2454', 'longitude': '-12.0943'}, 'timezone': {'offset': '-12:00', 'description': 'Eniwetok, Kwajalein'}}, 'email': 'sandro.reichelt@example.com', 'login': {'uuid': 'db0dd679-047b-4833-94f2-267f7ef3b2b7', 'username': 'yellowcat216', 'password': 'delight', 'salt': 'asESInmL', 'md5': '91283200a6a90df893b45ac9018b3eb8', 'sha1': '1cba9666eef72199bc37125b32a1fec4fd534f5f', 'sha256': '69ff6cc7b8a00d7df56d8cf6d5561fe93815b37ed9897a1bbec4bd52055b9c16'}, 'dob': {'date': '1966-10-31T01:34:42.621Z', 'age': 57}, 'registered': {'date': '2012-01-10T11:37:32.312Z', 'age': 12}, 'phone': '0489-2717425', 'cell': '0171-8553381', 'id': {'name': 'SVNR', 'value': '72 301066 R 498'}, 'picture': {'large': 'https://randomuser.me/api/portraits/men/96.jpg', 'medium': 'https://randomuser.me/api/portraits/med/men/96.jpg', 'thumbnail': 'https://randomuser.me/api/portraits/thumb/men/96.jpg'}, 'nat': 'DE'}</msg>
<arg>${json_data['results'][0]}</arg>
<doc>Logs the given message with the given level.</doc>
<status status="PASS" start="2024-04-26T03:16:05.877204" elapsed="0.000412"/>
</kw>
<kw name="Log" owner="BuiltIn">
<msg time="2024-04-26T03:16:05.878036" level="INFO">name</msg>
<arg>${key}</arg>
<doc>Logs the given message with the given level.</doc>
<status status="PASS" start="2024-04-26T03:16:05.877911" elapsed="0.000161"/>
</kw>
<var name="${key}">name</var>
<status status="PASS" start="2024-04-26T03:16:05.876304" elapsed="0.001977"/>
</iter>
<iter>
<kw name="Dictionary Should Contain Key" owner="Collections">
<msg time="2024-04-26T03:16:05.878946" level="INFO">False</msg>
<arg>${json_data['results'][0]}</arg>
<arg>${key}</arg>
<doc>Fails if ``key`` is not found from ``dictionary``.</doc>
<status status="PASS" start="2024-04-26T03:16:05.878565" elapsed="0.000418"/>
</kw>
<kw name="Log" owner="BuiltIn">
<msg time="2024-04-26T03:16:05.879635" level="INFO">{'gender': 'male', 'name': {'title': 'Mr', 'first': 'Sandro', 'last': 'Reichelt'}, 'location': {'street': {'number': 8364, 'name': 'Schulstraße'}, 'city': 'Hofheim am Taunus', 'state': 'Mecklenburg-Vorpommern', 'country': 'Germany', 'postcode': 64078, 'coordinates': {'latitude': '-53.2454', 'longitude': '-12.0943'}, 'timezone': {'offset': '-12:00', 'description': 'Eniwetok, Kwajalein'}}, 'email': 'sandro.reichelt@example.com', 'login': {'uuid': 'db0dd679-047b-4833-94f2-267f7ef3b2b7', 'username': 'yellowcat216', 'password': 'delight', 'salt': 'asESInmL', 'md5': '91283200a6a90df893b45ac9018b3eb8', 'sha1': '1cba9666eef72199bc37125b32a1fec4fd534f5f', 'sha256': '69ff6cc7b8a00d7df56d8cf6d5561fe93815b37ed9897a1bbec4bd52055b9c16'}, 'dob': {'date': '1966-10-31T01:34:42.621Z', 'age': 57}, 'registered': {'date': '2012-01-10T11:37:32.312Z', 'age': 12}, 'phone': '0489-2717425', 'cell': '0171-8553381', 'id': {'name': 'SVNR', 'value': '72 301066 R 498'}, 'picture': {'large': 'https://randomuser.me/api/portraits/men/96.jpg', 'medium': 'https://randomuser.me/api/portraits/med/men/96.jpg', 'thumbnail': 'https://randomuser.me/api/portraits/thumb/men/96.jpg'}, 'nat': 'DE'}</msg>
<arg>${json_data['results'][0]}</arg>
<doc>Logs the given message with the given level.</doc>
<status status="PASS" start="2024-04-26T03:16:05.879279" elapsed="0.000404"/>
</kw>
<kw name="Log" owner="BuiltIn">
<msg time="2024-04-26T03:16:05.880090" level="INFO">location</msg>
<arg>${key}</arg>
<doc>Logs the given message with the given level.</doc>
<status status="PASS" start="2024-04-26T03:16:05.879969" elapsed="0.000157"/>
</kw>
<var name="${key}">location</var>
<status status="PASS" start="2024-04-26T03:16:05.878456" elapsed="0.001877"/>
</iter>
<iter>
<kw name="Dictionary Should Contain Key" owner="Collections">
<msg time="2024-04-26T03:16:05.881029" level="INFO">False</msg>
<arg>${json_data['results'][0]}</arg>
<arg>${key}</arg>
<doc>Fails if ``key`` is not found from ``dictionary``.</doc>
<status status="PASS" start="2024-04-26T03:16:05.880610" elapsed="0.000456"/>
</kw>
<kw name="Log" owner="BuiltIn">
<msg time="2024-04-26T03:16:05.881709" level="INFO">{'gender': 'male', 'name': {'title': 'Mr', 'first': 'Sandro', 'last': 'Reichelt'}, 'location': {'street': {'number': 8364, 'name': 'Schulstraße'}, 'city': 'Hofheim am Taunus', 'state': 'Mecklenburg-Vorpommern', 'country': 'Germany', 'postcode': 64078, 'coordinates': {'latitude': '-53.2454', 'longitude': '-12.0943'}, 'timezone': {'offset': '-12:00', 'description': 'Eniwetok, Kwajalein'}}, 'email': 'sandro.reichelt@example.com', 'login': {'uuid': 'db0dd679-047b-4833-94f2-267f7ef3b2b7', 'username': 'yellowcat216', 'password': 'delight', 'salt': 'asESInmL', 'md5': '91283200a6a90df893b45ac9018b3eb8', 'sha1': '1cba9666eef72199bc37125b32a1fec4fd534f5f', 'sha256': '69ff6cc7b8a00d7df56d8cf6d5561fe93815b37ed9897a1bbec4bd52055b9c16'}, 'dob': {'date': '1966-10-31T01:34:42.621Z', 'age': 57}, 'registered': {'date': '2012-01-10T11:37:32.312Z', 'age': 12}, 'phone': '0489-2717425', 'cell': '0171-8553381', 'id': {'name': 'SVNR', 'value': '72 301066 R 498'}, 'picture': {'large': 'https://randomuser.me/api/portraits/men/96.jpg', 'medium': 'https://randomuser.me/api/portraits/med/men/96.jpg', 'thumbnail': 'https://randomuser.me/api/portraits/thumb/men/96.jpg'}, 'nat': 'DE'}</msg>
<arg>${json_data['results'][0]}</arg>
<doc>Logs the given message with the given level.</doc>
<status status="PASS" start="2024-04-26T03:16:05.881356" elapsed="0.000400"/>
</kw>
<kw name="Log" owner="BuiltIn">
<msg time="2024-04-26T03:16:05.882168" level="INFO">email</msg>
<arg>${key}</arg>
<doc>Logs the given message with the given level.</doc>
<status status="PASS" start="2024-04-26T03:16:05.882043" elapsed="0.000162"/>
</kw>
<var name="${key}">email</var>
<status status="PASS" start="2024-04-26T03:16:05.880502" elapsed="0.001907"/>
</iter>
<iter>
<kw name="Dictionary Should Contain Key" owner="Collections">
<msg time="2024-04-26T03:16:05.883060" level="INFO">False</msg>
<arg>${json_data['results'][0]}</arg>
<arg>${key}</arg>
<doc>Fails if ``key`` is not found from ``dictionary``.</doc>
<status status="PASS" start="2024-04-26T03:16:05.882686" elapsed="0.000411"/>
</kw>
<kw name="Log" owner="BuiltIn">
<msg time="2024-04-26T03:16:05.883753" level="INFO">{'gender': 'male', 'name': {'title': 'Mr', 'first': 'Sandro', 'last': 'Reichelt'}, 'location': {'street': {'number': 8364, 'name': 'Schulstraße'}, 'city': 'Hofheim am Taunus', 'state': 'Mecklenburg-Vorpommern', 'country': 'Germany', 'postcode': 64078, 'coordinates': {'latitude': '-53.2454', 'longitude': '-12.0943'}, 'timezone': {'offset': '-12:00', 'description': 'Eniwetok, Kwajalein'}}, 'email': 'sandro.reichelt@example.com', 'login': {'uuid': 'db0dd679-047b-4833-94f2-267f7ef3b2b7', 'username': 'yellowcat216', 'password': 'delight', 'salt': 'asESInmL', 'md5': '91283200a6a90df893b45ac9018b3eb8', 'sha1': '1cba9666eef72199bc37125b32a1fec4fd534f5f', 'sha256': '69ff6cc7b8a00d7df56d8cf6d5561fe93815b37ed9897a1bbec4bd52055b9c16'}, 'dob': {'date': '1966-10-31T01:34:42.621Z', 'age': 57}, 'registered': {'date': '2012-01-10T11:37:32.312Z', 'age': 12}, 'phone': '0489-2717425', 'cell': '0171-8553381', 'id': {'name': 'SVNR', 'value': '72 301066 R 498'}, 'picture': {'large': 'https://randomuser.me/api/portraits/men/96.jpg', 'medium': 'https://randomuser.me/api/portraits/med/men/96.jpg', 'thumbnail': 'https://randomuser.me/api/portraits/thumb/men/96.jpg'}, 'nat': 'DE'}</msg>
<arg>${json_data['results'][0]}</arg>
<doc>Logs the given message with the given level.</doc>
<status status="PASS" start="2024-04-26T03:16:05.883384" elapsed="0.000417"/>
</kw>
<kw name="Log" owner="BuiltIn">
<msg time="2024-04-26T03:16:05.884214" level="INFO">login</msg>
<arg>${key}</arg>
<doc>Logs the given message with the given level.</doc>
<status status="PASS" start="2024-04-26T03:16:05.884091" elapsed="0.000160"/>
</kw>
<var name="${key}">login</var>
<status status="PASS" start="2024-04-26T03:16:05.882577" elapsed="0.001908"/>
</iter>
<var>${key}</var>
<value>@{expected_keys}</value>
<status status="PASS" start="2024-04-26T03:16:05.874031" elapsed="0.010576"/>
</for>
<kw name="Create List" owner="BuiltIn">
<msg time="2024-04-26T03:16:05.884969" level="INFO">${expected_keysTwo} = ['username', 'password']</msg>
<var>${expected_keysTwo}</var>
<arg>username</arg>
<arg>password</arg>
<doc>Returns a list containing given items.</doc>
<status status="PASS" start="2024-04-26T03:16:05.884795" elapsed="0.000199"/>
</kw>
<for flavor="IN">
<iter>
<kw name="Dictionary Should Contain Key" owner="Collections">
<msg time="2024-04-26T03:16:05.885922" level="INFO">False</msg>
<arg>${json_data['results'][0]['login']}</arg>
<arg>${keyTwo}</arg>
<doc>Fails if ``key`` is not found from ``dictionary``.</doc>
<status status="PASS" start="2024-04-26T03:16:05.885535" elapsed="0.000423"/>
</kw>
<kw name="Dictionary Should Contain Key" owner="Collections">
<msg time="2024-04-26T03:16:05.886645" level="INFO">False</msg>
<arg>${json_data['results'][0]['login']}</arg>
<arg>${keyTwo}</arg>
<doc>Fails if ``key`` is not found from ``dictionary``.</doc>
<status status="PASS" start="2024-04-26T03:16:05.886267" elapsed="0.000414"/>
</kw>
<kw name="Log" owner="BuiltIn">
<msg time="2024-04-26T03:16:05.887090" level="INFO">username</msg>
<arg>${keyTwo}</arg>
<doc>Logs the given message with the given level.</doc>
<status status="PASS" start="2024-04-26T03:16:05.886967" elapsed="0.000164"/>
</kw>
<var name="${keyTwo}">username</var>
<status status="PASS" start="2024-04-26T03:16:05.885422" elapsed="0.001920"/>
</iter>
<iter>
<kw name="Dictionary Should Contain Key" owner="Collections">
<msg time="2024-04-26T03:16:05.888073" level="INFO">False</msg>
<arg>${json_data['results'][0]['login']}</arg>
<arg>${keyTwo}</arg>
<doc>Fails if ``key`` is not found from ``dictionary``.</doc>
<status status="PASS" start="2024-04-26T03:16:05.887617" elapsed="0.000501"/>
</kw>
<kw name="Dictionary Should Contain Key" owner="Collections">
<msg time="2024-04-26T03:16:05.888780" level="INFO">False</msg>
<arg>${json_data['results'][0]['login']}</arg>
<arg>${keyTwo}</arg>
<doc>Fails if ``key`` is not found from ``dictionary``.</doc>
<status status="PASS" start="2024-04-26T03:16:05.888407" elapsed="0.000409"/>
</kw>
<kw name="Log" owner="BuiltIn">
<msg time="2024-04-26T03:16:05.889268" level="INFO">password</msg>
<arg>${keyTwo}</arg>
<doc>Logs the given message with the given level.</doc>
<status status="PASS" start="2024-04-26T03:16:05.889144" elapsed="0.000160"/>
</kw>
<var name="${keyTwo}">password</var>
<status status="PASS" start="2024-04-26T03:16:05.887510" elapsed="0.002003"/>
</iter>
<var>${keyTwo}</var>
<value>@{expected_keysTwo}</value>
<status status="PASS" start="2024-04-26T03:16:05.885231" elapsed="0.004400"/>
</for>
<status status="PASS" start="2024-04-26T03:16:05.840934" elapsed="0.048830"/>
</kw>
<doc>Testa a estrutura da resposta da API.</doc>
<tag>testeEstruturaResposta</tag>
<status status="PASS" start="2024-04-26T03:16:05.840427" elapsed="0.049479"/>
</test>
<test id="s1-s1-t4" name="Validar tipos de dados" line="28">
<kw name="Teste de Tipos de Dados" owner="random-user-service">
<kw name="GET On Session" owner="RequestsLibrary">
<msg time="2024-04-26T03:16:05.972333" level="INFO">GET Request : url=https://randomuser.me/api 
 path_url=/api 
 headers={'User-Agent': 'python-requests/2.31.0', 'Accept-Encoding': 'gzip, deflate', 'Accept': '*/*', 'Connection': 'keep-alive'} 
 body=None 
 </msg>
<msg time="2024-04-26T03:16:05.972415" level="INFO">GET Response : url=https://randomuser.me/api 
 status=200, reason=OK 
 headers={'Date': 'Fri, 26 Apr 2024 03:16:05 GMT', 'Content-Type': 'application/json; charset=utf-8', 'Transfer-Encoding': 'chunked', 'Connection': 'keep-alive', 'X-Powered-By': 'Express', 'Access-Control-Allow-Origin': '*', 'Cache-Control': 'no-cache', 'ETag': 'W/"480-WrKoGguzSVXKHdIuL+x6SlLFDz8"', 'Vary': 'Accept-Encoding', 'Content-Encoding': 'gzip', 'CF-Cache-Status': 'DYNAMIC', 'Report-To': '{"endpoints":[{"url":"https:\\/\\/a.nel.cloudflare.com\\/report\\/v4?s=8%2FVYoYADgWT1ei9bCTXtaClgd%2B4Zh5HzsPOQ%2FaYQndj%2Fl6Kh2du3yI%2FLyyPIhaTzeuNsWCuykQDPK1hHxYvPb0qQZ8TWPNDJe5B%2BIrXH3BO%2FjWLjD3ejMVvZv%2BBFLoQ7"}],"group":"cf-nel","max_age":604800}', 'NEL': '{"success_fraction":0,"report_to":"cf-nel","max_age":604800}', 'Server': 'cloudflare', 'CF-RAY': '87a36980de745830-IAD', 'alt-svc': 'h3=":443"; ma=86400'} 
 body={"results":[{"gender":"male","name":{"title":"Mr","first":"Miguel","last":"Tafoya"},"location":{"street":{"number":4530,"name":"Calle Zimbabwe"},"city":"La Norteña","state":"Campeche","country":"Mexico","postcode":91156,"coordinates":{"latitude":"23.9795","longitude":"-56.6594"},"timezone":{"offset":"-2:00","description":"Mid-Atlantic"}},"email":"miguel.tafoya@example.com","login":{"uuid":"bd67361e-518c-4f86-b4d2-5aa564be4fef","username":"ticklishdog431","password":"darren","salt":"veGV9Gzp","md5":"2dfb59d135cb39d4c3afef3fea9e71c9","sha1":"8cef0382db2d3e4c61627d1a621ea2177cd0753f","sha256":"5487dd1d7941ab083d858fb506ab29b286d10b3653620a665c7bd17523dce7a9"},"dob":{"date":"1983-05-12T14:57:02.551Z","age":40},"registered":{"date":"2015-07-17T14:16:17.030Z","age":8},"phone":"(632) 792 9892","cell":"(694) 263 3978","id":{"name":"NSS","value":"91 62 47 8114 4"},"picture":{"large":"https://randomuser.me/api/portraits/men/35.jpg","medium":"https://randomuser.me/api/portraits/med/men/35.jpg","thumbnail":"https://randomuser.me/api/portraits/thumb/men/35.jpg"},"nat":"MX"}],"info":{"seed":"76288dba16ef66f8","results":1,"page":1,"version":"1.4"}} 
 </msg>
<msg time="2024-04-26T03:16:05.972488" level="INFO">/opt/hostedtoolcache/Python/3.12.3/x64/lib/python3.12/site-packages/urllib3/connectionpool.py:1103: InsecureRequestWarning: Unverified HTTPS request is being made to host 'randomuser.me'. Adding certificate verification is strongly advised. See: https://urllib3.readthedocs.io/en/latest/advanced-usage.html#tls-warnings
  warnings.warn(</msg>
<msg time="2024-04-26T03:16:05.972627" level="INFO">${response} = &lt;Response [200]&gt;</msg>
<var>${response}</var>
<arg>consultarAPI</arg>
<arg>/api</arg>
<doc>Sends a GET request on a previously created HTTP Session.</doc>
<status status="PASS" start="2024-04-26T03:16:05.892299" elapsed="0.080373"/>
</kw>
<kw name="Set Variable" owner="BuiltIn">
<msg time="2024-04-26T03:16:05.973562" level="INFO">${json_data} = {'results': [{'gender': 'male', 'name': {'title': 'Mr', 'first': 'Miguel', 'last': 'Tafoya'}, 'location': {'street': {'number': 4530, 'name': 'Calle Zimbabwe'}, 'city': 'La Norteña', 'state': 'Campech...</msg>
<var>${json_data}</var>
<arg>${response.json()}</arg>
<doc>Returns the given values which can then be assigned to a variables.</doc>
<status status="PASS" start="2024-04-26T03:16:05.973109" elapsed="0.000482"/>
</kw>
<kw name="Log" owner="BuiltIn">
<msg time="2024-04-26T03:16:05.974048" level="INFO">{'results': [{'gender': 'male', 'name': {'title': 'Mr', 'first': 'Miguel', 'last': 'Tafoya'}, 'location': {'street': {'number': 4530, 'name': 'Calle Zimbabwe'}, 'city': 'La Norteña', 'state': 'Campeche', 'country': 'Mexico', 'postcode': 91156, 'coordinates': {'latitude': '23.9795', 'longitude': '-56.6594'}, 'timezone': {'offset': '-2:00', 'description': 'Mid-Atlantic'}}, 'email': 'miguel.tafoya@example.com', 'login': {'uuid': 'bd67361e-518c-4f86-b4d2-5aa564be4fef', 'username': 'ticklishdog431', 'password': 'darren', 'salt': 'veGV9Gzp', 'md5': '2dfb59d135cb39d4c3afef3fea9e71c9', 'sha1': '8cef0382db2d3e4c61627d1a621ea2177cd0753f', 'sha256': '5487dd1d7941ab083d858fb506ab29b286d10b3653620a665c7bd17523dce7a9'}, 'dob': {'date': '1983-05-12T14:57:02.551Z', 'age': 40}, 'registered': {'date': '2015-07-17T14:16:17.030Z', 'age': 8}, 'phone': '(632) 792 9892', 'cell': '(694) 263 3978', 'id': {'name': 'NSS', 'value': '91 62 47 8114 4'}, 'picture': {'large': 'https://randomuser.me/api/portraits/men/35.jpg', 'medium': 'https://randomuser.me/api/portraits/med/men/35.jpg', 'thumbnail': 'https://randomuser.me/api/portraits/thumb/men/35.jpg'}, 'nat': 'MX'}], 'info': {'seed': '76288dba16ef66f8', 'results': 1, 'page': 1, 'version': '1.4'}}</msg>
<arg>${json_data}</arg>
<doc>Logs the given message with the given level.</doc>
<status status="PASS" start="2024-04-26T03:16:05.973895" elapsed="0.000231"/>
</kw>
<kw name="Should Be String" owner="String">
<arg>${json_data['results'][0]['gender']}</arg>
<doc>Fails if the given ``item`` is not a string.</doc>
<status status="PASS" start="2024-04-26T03:16:05.974419" elapsed="0.000350"/>
</kw>
<kw name="Should Match Regexp" owner="BuiltIn">
<arg>${json_data['results'][0]['email']}</arg>
<arg>^[a-zA-Z0-9._%+-]+@[a-zA-Z0-9.-]+\.[a-zA-Z]{2,}$</arg>
<doc>Fails if ``string`` does not match ``pattern`` as a regular expression.</doc>
<status status="PASS" start="2024-04-26T03:16:05.974957" elapsed="0.000500"/>
</kw>
<kw name="Should Match Regexp" owner="BuiltIn">
<arg>${json_data['results'][0]['dob']['date']}</arg>
<arg>\\d{4}-\\d{2}-\\d{2}T\\d{2}:\\d{2}:\\d{2}\\.\\d{3}Z</arg>
<doc>Fails if ``string`` does not match ``pattern`` as a regular expression.</doc>
<status status="PASS" start="2024-04-26T03:16:05.975652" elapsed="0.000477"/>
</kw>
<kw name="Should Match Regexp" owner="BuiltIn">
<arg>${json_data['results'][0]['registered']['date']}</arg>
<arg>\\d{4}-\\d{2}-\\d{2}T\\d{2}:\\d{2}:\\d{2}\\.\\d{3}Z</arg>
<doc>Fails if ``string`` does not match ``pattern`` as a regular expression.</doc>
<status status="PASS" start="2024-04-26T03:16:05.976317" elapsed="0.000368"/>
</kw>
<kw name="Should Match Regexp" owner="BuiltIn">
<arg>${json_data['results'][0]['picture']['large']}</arg>
<arg>^https?://.*\.(?:png|jpe?g|gif|bmp)$</arg>
<doc>Fails if ``string`` does not match ``pattern`` as a regular expression.</doc>
<status status="PASS" start="2024-04-26T03:16:05.976871" elapsed="0.000494"/>
</kw>
<kw name="Should Match Regexp" owner="BuiltIn">
<arg>${json_data['results'][0]['picture']['medium']}</arg>
<arg>^https?://.*\.(?:png|jpe?g|gif|bmp)$</arg>
<doc>Fails if ``string`` does not match ``pattern`` as a regular expression.</doc>
<status status="PASS" start="2024-04-26T03:16:05.977554" elapsed="0.000359"/>
</kw>
<kw name="Should Match Regexp" owner="BuiltIn">
<arg>${json_data['results'][0]['picture']['thumbnail']}</arg>
<arg>^https?://.*\.(?:png|jpe?g|gif|bmp)$</arg>
<doc>Fails if ``string`` does not match ``pattern`` as a regular expression.</doc>
<status status="PASS" start="2024-04-26T03:16:05.978100" elapsed="0.000346"/>
</kw>
<kw name="Log" owner="BuiltIn">
<msg time="2024-04-26T03:16:05.978937" level="INFO">{'large': 'https://randomuser.me/api/portraits/men/35.jpg', 'medium': 'https://randomuser.me/api/portraits/med/men/35.jpg', 'thumbnail': 'https://randomuser.me/api/portraits/thumb/men/35.jpg'}</msg>
<arg>${json_data['results'][0]['picture']}</arg>
<doc>Logs the given message with the given level.</doc>
<status status="PASS" start="2024-04-26T03:16:05.978621" elapsed="0.000357"/>
</kw>
<status status="PASS" start="2024-04-26T03:16:05.892078" elapsed="0.087144"/>
</kw>
<kw name="Teste de Tipos de Dados - Postcode" owner="random-user-service">
<kw name="GET On Session" owner="RequestsLibrary">
<msg time="2024-04-26T03:16:06.073412" level="INFO">GET Request : url=https://randomuser.me/api 
 path_url=/api 
 headers={'User-Agent': 'python-requests/2.31.0', 'Accept-Encoding': 'gzip, deflate', 'Accept': '*/*', 'Connection': 'keep-alive'} 
 body=None 
 </msg>
<msg time="2024-04-26T03:16:06.073498" level="INFO">GET Response : url=https://randomuser.me/api 
 status=200, reason=OK 
 headers={'Date': 'Fri, 26 Apr 2024 03:16:06 GMT', 'Content-Type': 'application/json; charset=utf-8', 'Transfer-Encoding': 'chunked', 'Connection': 'keep-alive', 'X-Powered-By': 'Express', 'Access-Control-Allow-Origin': '*', 'Cache-Control': 'no-cache', 'ETag': 'W/"468-ISG2hWgzhnsKFKR4BHK4ywG3zdk"', 'Vary': 'Accept-Encoding', 'Content-Encoding': 'gzip', 'CF-Cache-Status': 'DYNAMIC', 'Report-To': '{"endpoints":[{"url":"https:\\/\\/a.nel.cloudflare.com\\/report\\/v4?s=BfJdQptP7eRyoYCaheWP9RHTCClRHChcWMLvx%2FTBHzaXqmPR95qAz0mTSjOxn3sIkl0KX9oHoc4IMIrIS4Uo2IItbsCoLGMMK38BVZLIjFKW5wyeSP4ShCyPFYstN2uF"}],"group":"cf-nel","max_age":604800}', 'NEL': '{"success_fraction":0,"report_to":"cf-nel","max_age":604800}', 'Server': 'cloudflare', 'CF-RAY': '87a369816efb5830-IAD', 'alt-svc': 'h3=":443"; ma=86400'} 
 body={"results":[{"gender":"male","name":{"title":"Mr","first":"Ege","last":"Poyrazoğlu"},"location":{"street":{"number":1637,"name":"Maçka Cd"},"city":"Gaziantep","state":"Ordu","country":"Turkey","postcode":55537,"coordinates":{"latitude":"69.2461","longitude":"-173.7674"},"timezone":{"offset":"-2:00","description":"Mid-Atlantic"}},"email":"ege.poyrazoglu@example.com","login":{"uuid":"5a52b5a8-e31a-44fb-8cef-7e24a0866b86","username":"whitezebra504","password":"romeo","salt":"3pgPs8TF","md5":"6fda03038fcd3d3d093303a25b7617d2","sha1":"f69c0a657212d9d4ac48b55f681960c5086153b7","sha256":"de4292e7615cf3e78cc3d64a8952da2356325c9c839d7f41c74b35a66927ec35"},"dob":{"date":"1996-11-04T11:11:58.094Z","age":27},"registered":{"date":"2004-10-20T22:57:02.383Z","age":19},"phone":"(605)-337-5440","cell":"(959)-688-1029","id":{"name":"","value":null},"picture":{"large":"https://randomuser.me/api/portraits/men/27.jpg","medium":"https://randomuser.me/api/portraits/med/men/27.jpg","thumbnail":"https://randomuser.me/api/portraits/thumb/men/27.jpg"},"nat":"TR"}],"info":{"seed":"f9b51ac3cd805f6b","results":1,"page":1,"version":"1.4"}} 
 </msg>
<msg time="2024-04-26T03:16:06.073576" level="INFO">/opt/hostedtoolcache/Python/3.12.3/x64/lib/python3.12/site-packages/urllib3/connectionpool.py:1103: InsecureRequestWarning: Unverified HTTPS request is being made to host 'randomuser.me'. Adding certificate verification is strongly advised. See: https://urllib3.readthedocs.io/en/latest/advanced-usage.html#tls-warnings
  warnings.warn(</msg>
<msg time="2024-04-26T03:16:06.073700" level="INFO">${response} = &lt;Response [200]&gt;</msg>
<var>${response}</var>
<arg>consultarAPI</arg>
<arg>/api</arg>
<doc>Sends a GET request on a previously created HTTP Session.</doc>
<status status="PASS" start="2024-04-26T03:16:05.979651" elapsed="0.094101"/>
</kw>
<kw name="Set Variable" owner="BuiltIn">
<msg time="2024-04-26T03:16:06.074604" level="INFO">${json_data} = {'results': [{'gender': 'male', 'name': {'title': 'Mr', 'first': 'Ege', 'last': 'Poyrazoğlu'}, 'location': {'street': {'number': 1637, 'name': 'Maçka Cd'}, 'city': 'Gaziantep', 'state': 'Ordu', 'count...</msg>
<var>${json_data}</var>
<arg>${response.json()}</arg>
<doc>Returns the given values which can then be assigned to a variables.</doc>
<status status="PASS" start="2024-04-26T03:16:06.074146" elapsed="0.000489"/>
</kw>
<kw name="Log" owner="BuiltIn">
<msg time="2024-04-26T03:16:06.075108" level="INFO">{'results': [{'gender': 'male', 'name': {'title': 'Mr', 'first': 'Ege', 'last': 'Poyrazoğlu'}, 'location': {'street': {'number': 1637, 'name': 'Maçka Cd'}, 'city': 'Gaziantep', 'state': 'Ordu', 'country': 'Turkey', 'postcode': 55537, 'coordinates': {'latitude': '69.2461', 'longitude': '-173.7674'}, 'timezone': {'offset': '-2:00', 'description': 'Mid-Atlantic'}}, 'email': 'ege.poyrazoglu@example.com', 'login': {'uuid': '5a52b5a8-e31a-44fb-8cef-7e24a0866b86', 'username': 'whitezebra504', 'password': 'romeo', 'salt': '3pgPs8TF', 'md5': '6fda03038fcd3d3d093303a25b7617d2', 'sha1': 'f69c0a657212d9d4ac48b55f681960c5086153b7', 'sha256': 'de4292e7615cf3e78cc3d64a8952da2356325c9c839d7f41c74b35a66927ec35'}, 'dob': {'date': '1996-11-04T11:11:58.094Z', 'age': 27}, 'registered': {'date': '2004-10-20T22:57:02.383Z', 'age': 19}, 'phone': '(605)-337-5440', 'cell': '(959)-688-1029', 'id': {'name': '', 'value': None}, 'picture': {'large': 'https://randomuser.me/api/portraits/men/27.jpg', 'medium': 'https://randomuser.me/api/portraits/med/men/27.jpg', 'thumbnail': 'https://randomuser.me/api/portraits/thumb/men/27.jpg'}, 'nat': 'TR'}], 'info': {'seed': 'f9b51ac3cd805f6b', 'results': 1, 'page': 1, 'version': '1.4'}}</msg>
<arg>${json_data}</arg>
<doc>Logs the given message with the given level.</doc>
<status status="PASS" start="2024-04-26T03:16:06.074946" elapsed="0.000243"/>
</kw>
<kw name="Should Be Equal As Numbers" owner="BuiltIn">
<arg>${json_data['results'][0]['location']['postcode']}</arg>
<arg>${json_data['results'][0]['location']['postcode']}</arg>
<doc>Fails if objects are unequal after converting them to real numbers.</doc>
<status status="PASS" start="2024-04-26T03:16:06.075625" elapsed="0.000623"/>
</kw>
<kw name="Log" owner="BuiltIn">
<msg time="2024-04-26T03:16:06.076778" level="INFO">55537</msg>
<arg>${json_data['results'][0]['location']['postcode']}</arg>
<doc>Logs the given message with the given level.</doc>
<status status="PASS" start="2024-04-26T03:16:06.076441" elapsed="0.000379"/>
</kw>
<status status="PASS" start="2024-04-26T03:16:05.979430" elapsed="0.097671"/>
</kw>
<doc>Testa se os tipos de dados na resposta da API estão corretos.</doc>
<tag>testeTiposDados</tag>
<status status="PASS" start="2024-04-26T03:16:05.891669" elapsed="0.185589"/>
</test>
<test id="s1-s1-t5" name="Validar conteudo" line="35">
<kw name="Teste de Tipos de Conteudo" owner="random-user-service">
<kw name="GET On Session" owner="RequestsLibrary">
<msg time="2024-04-26T03:16:06.170606" level="INFO">GET Request : url=https://randomuser.me/api 
 path_url=/api 
 headers={'User-Agent': 'python-requests/2.31.0', 'Accept-Encoding': 'gzip, deflate', 'Accept': '*/*', 'Connection': 'keep-alive'} 
 body=None 
 </msg>
<msg time="2024-04-26T03:16:06.170689" level="INFO">GET Response : url=https://randomuser.me/api 
 status=200, reason=OK 
 headers={'Date': 'Fri, 26 Apr 2024 03:16:06 GMT', 'Content-Type': 'application/json; charset=utf-8', 'Transfer-Encoding': 'chunked', 'Connection': 'keep-alive', 'X-Powered-By': 'Express', 'Access-Control-Allow-Origin': '*', 'Cache-Control': 'no-cache', 'ETag': 'W/"492-zIJYMZ5AWD+67cueTuQ25mR4Jnk"', 'Vary': 'Accept-Encoding', 'Content-Encoding': 'gzip', 'CF-Cache-Status': 'DYNAMIC', 'Report-To': '{"endpoints":[{"url":"https:\\/\\/a.nel.cloudflare.com\\/report\\/v4?s=5%2BfJtFsggBYJ4e5cQqEiFhRbgTGZ4FEgZmm6GD0ZilAtfsiKdYvrXbdsJdpPODFiAeB04Tg0l2Am9RMIHZyiHlMmnhtHm7whTl4Zuy1jKN8FBp16s64n7OgoUGUs2%2Bll"}],"group":"cf-nel","max_age":604800}', 'NEL': '{"success_fraction":0,"report_to":"cf-nel","max_age":604800}', 'Server': 'cloudflare', 'CF-RAY': '87a369820f8b5830-IAD', 'alt-svc': 'h3=":443"; ma=86400'} 
 body={"results":[{"gender":"male","name":{"title":"Mr","first":"Fikret","last":"Brandt"},"location":{"street":{"number":6096,"name":"Kortendijksestraat"},"city":"Vianent","state":"Groningen","country":"Netherlands","postcode":"3081 SD","coordinates":{"latitude":"38.1234","longitude":"-57.4010"},"timezone":{"offset":"-7:00","description":"Mountain Time (US &amp; Canada)"}},"email":"fikret.brandt@example.com","login":{"uuid":"4129fd56-fbef-4c2f-993a-d39dceefe165","username":"brownostrich840","password":"matthew","salt":"9S50Xk8L","md5":"4524c44bd98322698290850cab2e8196","sha1":"b4081733381b3cde6cf5e29ac4c40835a776c712","sha256":"390fead92aab124ad67181c745cd6558a3844695a86bde90ebc1aabcfb60a18e"},"dob":{"date":"1957-07-17T16:17:39.672Z","age":66},"registered":{"date":"2014-07-28T03:34:22.613Z","age":9},"phone":"(078) 9991436","cell":"(06) 99885218","id":{"name":"BSN","value":"96681868"},"picture":{"large":"https://randomuser.me/api/portraits/men/86.jpg","medium":"https://randomuser.me/api/portraits/med/men/86.jpg","thumbnail":"https://randomuser.me/api/portraits/thumb/men/86.jpg"},"nat":"NL"}],"info":{"seed":"c0ac2b744de36243","results":1,"page":1,"version":"1.4"}} 
 </msg>
<msg time="2024-04-26T03:16:06.170763" level="INFO">/opt/hostedtoolcache/Python/3.12.3/x64/lib/python3.12/site-packages/urllib3/connectionpool.py:1103: InsecureRequestWarning: Unverified HTTPS request is being made to host 'randomuser.me'. Adding certificate verification is strongly advised. See: https://urllib3.readthedocs.io/en/latest/advanced-usage.html#tls-warnings
  warnings.warn(</msg>
<msg time="2024-04-26T03:16:06.170873" level="INFO">${response} = &lt;Response [200]&gt;</msg>
<var>${response}</var>
<arg>consultarAPI</arg>
<arg>/api</arg>
<doc>Sends a GET request on a previously created HTTP Session.</doc>
<status status="PASS" start="2024-04-26T03:16:06.079580" elapsed="0.091333"/>
</kw>
<kw name="Set Variable" owner="BuiltIn">
<msg time="2024-04-26T03:16:06.171738" level="INFO">${json_data} = {'results': [{'gender': 'male', 'name': {'title': 'Mr', 'first': 'Fikret', 'last': 'Brandt'}, 'location': {'street': {'number': 6096, 'name': 'Kortendijksestraat'}, 'city': 'Vianent', 'state': 'Gronin...</msg>
<var>${json_data}</var>
<arg>${response.json()}</arg>
<doc>Returns the given values which can then be assigned to a variables.</doc>
<status status="PASS" start="2024-04-26T03:16:06.171310" elapsed="0.000456"/>
</kw>
<kw name="Set Variable" owner="BuiltIn">
<msg time="2024-04-26T03:16:06.172445" level="INFO">${name_title} = Mr</msg>
<var>${name_title}</var>
<arg>${json_data["results"][0]["name"]["title"]}</arg>
<doc>Returns the given values which can then be assigned to a variables.</doc>
<status status="PASS" start="2024-04-26T03:16:06.172067" elapsed="0.000404"/>
</kw>
<kw name="Create List" owner="BuiltIn">
<msg time="2024-04-26T03:16:06.172943" level="INFO">${allowed_titles} = ['Mr', 'Ms', 'Miss', 'Mrs', 'Madame', 'Monsieur']</msg>
<var>${allowed_titles}</var>
<arg>Mr</arg>
<arg>Ms</arg>
<arg>Miss</arg>
<arg>Mrs</arg>
<arg>Madame</arg>
<arg>Monsieur</arg>
<doc>Returns a list containing given items.</doc>
<status status="PASS" start="2024-04-26T03:16:06.172763" elapsed="0.000209"/>
</kw>
<kw name="List Should Contain Value" owner="Collections">
<msg time="2024-04-26T03:16:06.173450" level="INFO">False</msg>
<arg>${allowed_titles}</arg>
<arg>${name_title}</arg>
<doc>Fails if the ``value`` is not found from ``list``.</doc>
<status status="PASS" start="2024-04-26T03:16:06.173282" elapsed="0.000205"/>
</kw>
<kw name="Set Variable" owner="BuiltIn">
<msg time="2024-04-26T03:16:06.174158" level="INFO">${name_country} = NL</msg>
<var>${name_country}</var>
<arg>${json_data["results"][0]["nat"]}</arg>
<doc>Returns the given values which can then be assigned to a variables.</doc>
<status status="PASS" start="2024-04-26T03:16:06.173776" elapsed="0.000408"/>
</kw>
<kw name="Create List" owner="BuiltIn">
<msg time="2024-04-26T03:16:06.175069" level="INFO">${list_country} = ['AD', 'AE', 'AF', 'AG', 'AI', 'AL', 'AM', 'AO', 'AQ', 'AR', 'AS', 'AT', 'AU', 'AW', 'AX', 'AZ', 'BA', 'BB', 'BD', 'BE', 'BF', 'BG', 'BH', 'BI', 'BJ', 'BL', 'BM', 'BN', 'BO', 'BQ', 'BR', 'BS', 'BT', '...</msg>
<var>${list_country}</var>
<arg>AD</arg>
<arg>AE</arg>
<arg>AF</arg>
<arg>AG</arg>
<arg>AI</arg>
<arg>AL</arg>
<arg>AM</arg>
<arg>AO</arg>
<arg>AQ</arg>
<arg>AR</arg>
<arg>AS</arg>
<arg>AT</arg>
<arg>AU</arg>
<arg>AW</arg>
<arg>AX</arg>
<arg>AZ</arg>
<arg>BA</arg>
<arg>BB</arg>
<arg>BD</arg>
<arg>BE</arg>
<arg>BF</arg>
<arg>BG</arg>
<arg>BH</arg>
<arg>BI</arg>
<arg>BJ</arg>
<arg>BL</arg>
<arg>BM</arg>
<arg>BN</arg>
<arg>BO</arg>
<arg>BQ</arg>
<arg>BR</arg>
<arg>BS</arg>
<arg>BT</arg>
<arg>BV</arg>
<arg>BW</arg>
<arg>BY</arg>
<arg>BZ</arg>
<arg>CA</arg>
<arg>CC</arg>
<arg>CD</arg>
<arg>CF</arg>
<arg>CG</arg>
<arg>CH</arg>
<arg>CI</arg>
<arg>CK</arg>
<arg>CL</arg>
<arg>CM</arg>
<arg>CN</arg>
<arg>CO</arg>
<arg>CR</arg>
<arg>CU</arg>
<arg>CV</arg>
<arg>CW</arg>
<arg>CX</arg>
<arg>CY</arg>
<arg>CZ</arg>
<arg>DE</arg>
<arg>DJ</arg>
<arg>DK</arg>
<arg>DM</arg>
<arg>DO</arg>
<arg>DZ</arg>
<arg>EC</arg>
<arg>EE</arg>
<arg>EG</arg>
<arg>EH</arg>
<arg>ER</arg>
<arg>ES</arg>
<arg>ET</arg>
<arg>FI</arg>
<arg>FJ</arg>
<arg>FK</arg>
<arg>FM</arg>
<arg>FO</arg>
<arg>FR</arg>
<arg>GA</arg>
<arg>GB</arg>
<arg>GD</arg>
<arg>GE</arg>
<arg>GF</arg>
<arg>GG</arg>
<arg>GH</arg>
<arg>GI</arg>
<arg>GL</arg>
<arg>GM</arg>
<arg>GN</arg>
<arg>GP</arg>
<arg>GQ</arg>
<arg>GR</arg>
<arg>GS</arg>
<arg>GT</arg>
<arg>GU</arg>
<arg>GW</arg>
<arg>GY</arg>
<arg>HK</arg>
<arg>HM</arg>
<arg>HN</arg>
<arg>HR</arg>
<arg>HT</arg>
<arg>HU</arg>
<arg>ID</arg>
<arg>IE</arg>
<arg>IL</arg>
<arg>IM</arg>
<arg>IN</arg>
<arg>IO</arg>
<arg>IQ</arg>
<arg>IR</arg>
<arg>IS</arg>
<arg>IT</arg>
<arg>JE</arg>
<arg>JM</arg>
<arg>JO</arg>
<arg>JP</arg>
<arg>KE</arg>
<arg>KG</arg>
<arg>KH</arg>
<arg>KI</arg>
<arg>KM</arg>
<arg>KN</arg>
<arg>KP</arg>
<arg>KR</arg>
<arg>KW</arg>
<arg>KY</arg>
<arg>KZ</arg>
<arg>LA</arg>
<arg>LB</arg>
<arg>LC</arg>
<arg>LI</arg>
<arg>LK</arg>
<arg>LR</arg>
<arg>LS</arg>
<arg>LT</arg>
<arg>LU</arg>
<arg>LV</arg>
<arg>LY</arg>
<arg>MA</arg>
<arg>MC</arg>
<arg>MD</arg>
<arg>ME</arg>
<arg>MF</arg>
<arg>MG</arg>
<arg>MH</arg>
<arg>MK</arg>
<arg>ML</arg>
<arg>MM</arg>
<arg>MN</arg>
<arg>MO</arg>
<arg>MP</arg>
<arg>MQ</arg>
<arg>MR</arg>
<arg>MS</arg>
<arg>MT</arg>
<arg>MU</arg>
<arg>MV</arg>
<arg>MW</arg>
<arg>MX</arg>
<arg>MY</arg>
<arg>MZ</arg>
<arg>NA</arg>
<arg>NC</arg>
<arg>NE</arg>
<arg>NF</arg>
<arg>NG</arg>
<arg>NI</arg>
<arg>NL</arg>
<arg>NO</arg>
<arg>NP</arg>
<arg>NR</arg>
<arg>NU</arg>
<arg>NZ</arg>
<arg>OM</arg>
<arg>PA</arg>
<arg>PE</arg>
<arg>PF</arg>
<arg>PG</arg>
<arg>PH</arg>
<arg>PK</arg>
<arg>PL</arg>
<arg>PM</arg>
<arg>PN</arg>
<arg>PR</arg>
<arg>PS</arg>
<arg>PT</arg>
<arg>PW</arg>
<arg>PY</arg>
<arg>QA</arg>
<arg>RE</arg>
<arg>RO</arg>
<arg>RS</arg>
<arg>RU</arg>
<arg>RW</arg>
<arg>SA</arg>
<arg>SB</arg>
<arg>SC</arg>
<arg>SD</arg>
<arg>SE</arg>
<arg>SG</arg>
<arg>SH</arg>
<arg>SI</arg>
<arg>SJ</arg>
<arg>SK</arg>
<arg>SL</arg>
<arg>SM</arg>
<arg>SN</arg>
<arg>SO</arg>
<arg>SR</arg>
<arg>SS</arg>
<arg>ST</arg>
<arg>SV</arg>
<arg>SX</arg>
<arg>SY</arg>
<arg>SZ</arg>
<arg>TC</arg>
<arg>TD</arg>
<arg>TF</arg>
<arg>TG</arg>
<arg>TH</arg>
<arg>TJ</arg>
<arg>TK</arg>
<arg>TL</arg>
<arg>TM</arg>
<arg>TN</arg>
<arg>TO</arg>
<arg>TR</arg>
<arg>TT</arg>
<arg>TV</arg>
<arg>TW</arg>
<arg>TZ</arg>
<arg>UA</arg>
<arg>UG</arg>
<arg>UM</arg>
<arg>US</arg>
<arg>UY</arg>
<arg>UZ</arg>
<arg>VA</arg>
<arg>VC</arg>
<arg>VE</arg>
<arg>VG</arg>
<arg>VI</arg>
<arg>VN</arg>
<arg>VU</arg>
<arg>WF</arg>
<arg>WS</arg>
<arg>XK</arg>
<arg>YE</arg>
<arg>YT</arg>
<arg>ZA</arg>
<arg>ZM</arg>
<arg>ZW</arg>
<doc>Returns a list containing given items.</doc>
<status status="PASS" start="2024-04-26T03:16:06.174483" elapsed="0.000612"/>
</kw>
<kw name="List Should Contain Value" owner="Collections">
<msg time="2024-04-26T03:16:06.176085" level="INFO">False</msg>
<arg>${list_country}</arg>
<arg>${name_country}</arg>
<doc>Fails if the ``value`` is not found from ``list``.</doc>
<status status="PASS" start="2024-04-26T03:16:06.175884" elapsed="0.000239"/>
</kw>
<kw name="Run Keyword If" owner="BuiltIn">
<kw name="Should Be True" owner="BuiltIn">
<arg>${True}</arg>
<doc>Fails if the given condition is not true.</doc>
<status status="PASS" start="2024-04-26T03:16:06.177213" elapsed="0.000247"/>
</kw>
<arg>${json_data["results"][0]["location"]["coordinates"]["latitude"]} &gt;= -90 and ${json_data["results"][0]["location"]["coordinates"]["latitude"]} &lt;= 90</arg>
<arg>Should Be True</arg>
<arg>${True}</arg>
<doc>Runs the given keyword with the given arguments, if ``condition`` is true.</doc>
<status status="PASS" start="2024-04-26T03:16:06.176433" elapsed="0.001159"/>
</kw>
<kw name="Run Keyword If" owner="BuiltIn">
<kw name="Should Be True" owner="BuiltIn">
<arg>${True}</arg>
<doc>Fails if the given condition is not true.</doc>
<status status="PASS" start="2024-04-26T03:16:06.178493" elapsed="0.000142"/>
</kw>
<arg>${json_data["results"][0]["location"]["coordinates"]["longitude"]} &gt;= -180 and ${json_data["results"][0]["location"]["coordinates"]["longitude"]} &lt;= 180</arg>
<arg>Should Be True</arg>
<arg>${True}</arg>
<doc>Runs the given keyword with the given arguments, if ``condition`` is true.</doc>
<status status="PASS" start="2024-04-26T03:16:06.177779" elapsed="0.000983"/>
</kw>
<status status="PASS" start="2024-04-26T03:16:06.079362" elapsed="0.099529"/>
</kw>
<doc>Testa o conteúdo específico dos campos retornados pela API.</doc>
<tag>testeConteudo</tag>
<status status="PASS" start="2024-04-26T03:16:06.078966" elapsed="0.100069"/>
</test>
<status status="PASS" start="2024-04-26T03:16:05.181270" elapsed="0.999653"/>
</suite>
<status status="PASS" start="2024-04-26T03:16:05.167891" elapsed="1.018043"/>
</suite>
<statistics>
<total>
<stat pass="5" fail="0" skip="0">All Tests</stat>
</total>
<tag>
<stat pass="1" fail="0" skip="0">testeConteudo</stat>
<stat pass="1" fail="0" skip="0">testeEstruturaResposta</stat>
<stat pass="1" fail="0" skip="0">testeRequisicaoBasica</stat>
<stat pass="1" fail="0" skip="0">testeTiposDados</stat>
</tag>
<suite>
<stat pass="5" fail="0" skip="0" id="s1" name="Tests">Tests</stat>
<stat pass="5" fail="0" skip="0" id="s1-s1" name="Random-User-Test">Tests.Random-User-Test</stat>
</suite>
</statistics>
<errors>
</errors>
</robot>
