<?xml version="1.0" encoding="UTF-8"?>
<robot generator="Robot 7.0 (Python 3.12.2 on linux)" generated="2024-04-05T04:18:41.698994" rpa="false" schemaversion="5">
<suite id="s1" name="Tests" source="/home/runner/work/DesafioQAItauRogerioJordao/DesafioQAItauRogerioJordao/RamdonUser/tests">
<suite id="s1-s1" name="Random-User-Test" source="/home/runner/work/DesafioQAItauRogerioJordao/DesafioQAItauRogerioJordao/RamdonUser/tests/random-user-test.robot">
<test id="s1-s1-t1" name="Conectar" line="13">
<kw name="Conectar API" owner="random-user-service">
<kw name="Create Session" owner="RequestsLibrary">
<msg time="2024-04-05T04:18:42.056813" level="INFO">Creating Session using : alias=consultarAPI, url=https://randomuser.me/, headers={},                     cookies={}, auth=None, timeout=None, proxies=None, verify=False,                     debug=0 </msg>
<arg>consultarAPI</arg>
<arg>${URL}</arg>
<doc>Create Session: create a HTTP session to a server</doc>
<status status="PASS" start="2024-04-05T04:18:42.056619" elapsed="0.000365"/>
</kw>
<status status="PASS" start="2024-04-05T04:18:42.055623" elapsed="0.001718"/>
</kw>
<status status="PASS" start="2024-04-05T04:18:42.055118" elapsed="0.002453"/>
</test>
<test id="s1-s1-t2" name="Validar retorno 200 e JSON Válido" line="16">
<kw name="Teste de Requisicao Basica" owner="random-user-service">
<kw name="GET On Session" owner="RequestsLibrary">
<msg time="2024-04-05T04:18:42.110887" level="INFO">GET Request : url=https://randomuser.me/api 
 path_url=/api 
 headers={'User-Agent': 'python-requests/2.31.0', 'Accept-Encoding': 'gzip, deflate', 'Accept': '*/*', 'Connection': 'keep-alive'} 
 body=None 
 </msg>
<msg time="2024-04-05T04:18:42.111003" level="INFO">GET Response : url=https://randomuser.me/api 
 status=200, reason=OK 
 headers={'Date': 'Fri, 05 Apr 2024 04:18:42 GMT', 'Content-Type': 'application/json; charset=utf-8', 'Transfer-Encoding': 'chunked', 'Connection': 'keep-alive', 'X-Powered-By': 'Express', 'Access-Control-Allow-Origin': '*', 'Cache-Control': 'no-cache', 'ETag': 'W/"4a0-LzEcG4QqekP13bbhomNPkLxTeKY"', 'Vary': 'Accept-Encoding', 'Content-Encoding': 'gzip', 'CF-Cache-Status': 'DYNAMIC', 'Report-To': '{"endpoints":[{"url":"https:\\/\\/a.nel.cloudflare.com\\/report\\/v4?s=M0xYTbIr1%2BZ%2B%2FVkekDAS085QtH5H9oyRxjSjjOt5i7HvuOIsQYbTXtcpfDbM2%2F0Pm6WN1qGUND11fNv05saa%2BKAD0CskuzAQoMqrCRVakcetGmrTPyqV11b0Pd64Slaq"}],"group":"cf-nel","max_age":604800}', 'NEL': '{"success_fraction":0,"report_to":"cf-nel","max_age":604800}', 'Server': 'cloudflare', 'CF-RAY': '86f6bc550a7581fd-IAD', 'alt-svc': 'h3=":443"; ma=86400'} 
 body={"results":[{"gender":"male","name":{"title":"Mr","first":"Cemil","last":"Schüttler"},"location":{"street":{"number":8076,"name":"Mühlenweg"},"city":"Mainburg","state":"Rheinland-Pfalz","country":"Germany","postcode":30789,"coordinates":{"latitude":"-54.4200","longitude":"-134.0267"},"timezone":{"offset":"-5:00","description":"Eastern Time (US &amp; Canada), Bogota, Lima"}},"email":"cemil.schuttler@example.com","login":{"uuid":"2d4cb8a3-bfc7-4614-bb20-4b6387a6e5f3","username":"blackbear343","password":"remote","salt":"T8XBygpE","md5":"7e7e74c88d0213a75c9eeff4b35618b9","sha1":"1ffb2b229138383fa97f432bcfd2712bb7b6336c","sha256":"0d8430db254080ad829c950b2ac6a6de26c3285d005bdf3739d70285a5c18949"},"dob":{"date":"1984-02-29T06:53:38.907Z","age":40},"registered":{"date":"2010-01-18T17:31:06.999Z","age":14},"phone":"0546-4939201","cell":"0176-0329075","id":{"name":"SVNR","value":"70 290284 S 075"},"picture":{"large":"https://randomuser.me/api/portraits/men/21.jpg","medium":"https://randomuser.me/api/portraits/med/men/21.jpg","thumbnail":"https://randomuser.me/api/portraits/thumb/men/21.jpg"},"nat":"DE"}],"info":{"seed":"2f37b947883a2773","results":1,"page":1,"version":"1.4"}} 
 </msg>
<msg time="2024-04-05T04:18:42.111105" level="INFO">/opt/hostedtoolcache/Python/3.12.2/x64/lib/python3.12/site-packages/urllib3/connectionpool.py:1103: InsecureRequestWarning: Unverified HTTPS request is being made to host 'randomuser.me'. Adding certificate verification is strongly advised. See: https://urllib3.readthedocs.io/en/latest/advanced-usage.html#tls-warnings
  warnings.warn(</msg>
<msg time="2024-04-05T04:18:42.111231" level="INFO">${response} = &lt;Response [200]&gt;</msg>
<var>${response}</var>
<arg>consultarAPI</arg>
<arg>/api</arg>
<doc>Sends a GET request on a previously created HTTP Session.</doc>
<status status="PASS" start="2024-04-05T04:18:42.060090" elapsed="0.051181"/>
</kw>
<kw name="Should Be Equal As Numbers" owner="BuiltIn">
<msg time="2024-04-05T04:18:42.112127" level="INFO">Argument types are:
&lt;class 'int'&gt;
&lt;class 'str'&gt;</msg>
<arg>${response.status_code}</arg>
<arg>200</arg>
<doc>Fails if objects are unequal after converting them to real numbers.</doc>
<status status="PASS" start="2024-04-05T04:18:42.111705" elapsed="0.000487"/>
</kw>
<kw name="Log" owner="BuiltIn">
<msg time="2024-04-05T04:18:42.112866" level="INFO">200</msg>
<arg>${response.status_code}</arg>
<doc>Logs the given message with the given level.</doc>
<status status="PASS" start="2024-04-05T04:18:42.112512" elapsed="0.000397"/>
</kw>
<kw name="Set Variable" owner="BuiltIn">
<msg time="2024-04-05T04:18:42.113711" level="INFO">${json_data} = {'results': [{'gender': 'male', 'name': {'title': 'Mr', 'first': 'Cemil', 'last': 'Schüttler'}, 'location': {'street': {'number': 8076, 'name': 'Mühlenweg'}, 'city': 'Mainburg', 'state': 'Rheinland-Pf...</msg>
<var>${json_data}</var>
<arg>${response.json()}</arg>
<doc>Returns the given values which can then be assigned to a variables.</doc>
<status status="PASS" start="2024-04-05T04:18:42.113237" elapsed="0.000504"/>
</kw>
<kw name="Dictionary Should Contain Key" owner="Collections">
<msg time="2024-04-05T04:18:42.114212" level="INFO">False</msg>
<arg>${json_data}</arg>
<arg>results</arg>
<doc>Fails if ``key`` is not found from ``dictionary``.</doc>
<status status="PASS" start="2024-04-05T04:18:42.114048" elapsed="0.000204"/>
</kw>
<status status="PASS" start="2024-04-05T04:18:42.059843" elapsed="0.054667"/>
</kw>
<doc>Testa se a API responde corretamente e retorna um objeto JSON válido.</doc>
<tag>testeRequisicaoBasica</tag>
<status status="PASS" start="2024-04-05T04:18:42.059400" elapsed="0.055292"/>
</test>
<test id="s1-s1-t3" name="Validar estrutura de resposta" line="22">
<kw name="Teste de Estrutura de Resposta" owner="random-user-service">
<kw name="GET On Session" owner="RequestsLibrary">
<msg time="2024-04-05T04:18:42.208671" level="INFO">GET Request : url=https://randomuser.me/api 
 path_url=/api 
 headers={'User-Agent': 'python-requests/2.31.0', 'Accept-Encoding': 'gzip, deflate', 'Accept': '*/*', 'Connection': 'keep-alive'} 
 body=None 
 </msg>
<msg time="2024-04-05T04:18:42.208775" level="INFO">GET Response : url=https://randomuser.me/api 
 status=200, reason=OK 
 headers={'Date': 'Fri, 05 Apr 2024 04:18:42 GMT', 'Content-Type': 'application/json; charset=utf-8', 'Transfer-Encoding': 'chunked', 'Connection': 'keep-alive', 'X-Powered-By': 'Express', 'Access-Control-Allow-Origin': '*', 'Cache-Control': 'no-cache', 'ETag': 'W/"484-QL5uwW+eQ9yJasNTCgBBmcdr/DQ"', 'Vary': 'Accept-Encoding', 'Content-Encoding': 'gzip', 'CF-Cache-Status': 'DYNAMIC', 'Report-To': '{"endpoints":[{"url":"https:\\/\\/a.nel.cloudflare.com\\/report\\/v4?s=1uGsy9Tk9QPO3YZFjTvT4LWhkKe0fk4gI2%2FfitKXdIGECRI6GfVHBnEEBRWe4u3uk4jwwEPFu15tIIMcTxyb%2BD7EeEi%2FsCzQF0lIcUoDgfPg2KoB6mJ7S11W7zd40jWn"}],"group":"cf-nel","max_age":604800}', 'NEL': '{"success_fraction":0,"report_to":"cf-nel","max_age":604800}', 'Server': 'cloudflare', 'CF-RAY': '86f6bc553ab681fd-IAD', 'alt-svc': 'h3=":443"; ma=86400'} 
 body={"results":[{"gender":"male","name":{"title":"Mr","first":"Deepak","last":"Dawangave"},"location":{"street":{"number":8182,"name":"Old Jail Rd"},"city":"Asansol","state":"Punjab","country":"India","postcode":76108,"coordinates":{"latitude":"9.4411","longitude":"-150.9271"},"timezone":{"offset":"+4:00","description":"Abu Dhabi, Muscat, Baku, Tbilisi"}},"email":"deepak.dawangave@example.com","login":{"uuid":"449d91cb-f20e-4e97-abc2-27aaf023977a","username":"smallcat242","password":"redhot","salt":"0jc55MB5","md5":"0c1f22e4f3532cf14eb9b468ae63a149","sha1":"d1347b646be6baccfad24e4fbe76402640863aad","sha256":"b971feb79a5ce88b0f6f19eb9add4b738de5973836a91bf8d03a1f6dfd17616e"},"dob":{"date":"1971-10-09T02:49:56.192Z","age":52},"registered":{"date":"2015-04-23T12:04:39.812Z","age":8},"phone":"9012644659","cell":"8993527207","id":{"name":"UIDAI","value":"535878580546"},"picture":{"large":"https://randomuser.me/api/portraits/men/67.jpg","medium":"https://randomuser.me/api/portraits/med/men/67.jpg","thumbnail":"https://randomuser.me/api/portraits/thumb/men/67.jpg"},"nat":"IN"}],"info":{"seed":"4d69e686d38acec1","results":1,"page":1,"version":"1.4"}} 
 </msg>
<msg time="2024-04-05T04:18:42.208920" level="INFO">/opt/hostedtoolcache/Python/3.12.2/x64/lib/python3.12/site-packages/urllib3/connectionpool.py:1103: InsecureRequestWarning: Unverified HTTPS request is being made to host 'randomuser.me'. Adding certificate verification is strongly advised. See: https://urllib3.readthedocs.io/en/latest/advanced-usage.html#tls-warnings
  warnings.warn(</msg>
<msg time="2024-04-05T04:18:42.209046" level="INFO">${response} = &lt;Response [200]&gt;</msg>
<var>${response}</var>
<arg>consultarAPI</arg>
<arg>/api</arg>
<doc>Sends a GET request on a previously created HTTP Session.</doc>
<status status="PASS" start="2024-04-05T04:18:42.117463" elapsed="0.091615"/>
</kw>
<kw name="Set Variable" owner="BuiltIn">
<msg time="2024-04-05T04:18:42.210268" level="INFO">${json_data} = {'results': [{'gender': 'male', 'name': {'title': 'Mr', 'first': 'Deepak', 'last': 'Dawangave'}, 'location': {'street': {'number': 8182, 'name': 'Old Jail Rd'}, 'city': 'Asansol', 'state': 'Punjab', '...</msg>
<var>${json_data}</var>
<arg>${response.json()}</arg>
<doc>Returns the given values which can then be assigned to a variables.</doc>
<status status="PASS" start="2024-04-05T04:18:42.209736" elapsed="0.000561"/>
</kw>
<kw name="Log" owner="BuiltIn">
<msg time="2024-04-05T04:18:42.210796" level="INFO">{'results': [{'gender': 'male', 'name': {'title': 'Mr', 'first': 'Deepak', 'last': 'Dawangave'}, 'location': {'street': {'number': 8182, 'name': 'Old Jail Rd'}, 'city': 'Asansol', 'state': 'Punjab', 'country': 'India', 'postcode': 76108, 'coordinates': {'latitude': '9.4411', 'longitude': '-150.9271'}, 'timezone': {'offset': '+4:00', 'description': 'Abu Dhabi, Muscat, Baku, Tbilisi'}}, 'email': 'deepak.dawangave@example.com', 'login': {'uuid': '449d91cb-f20e-4e97-abc2-27aaf023977a', 'username': 'smallcat242', 'password': 'redhot', 'salt': '0jc55MB5', 'md5': '0c1f22e4f3532cf14eb9b468ae63a149', 'sha1': 'd1347b646be6baccfad24e4fbe76402640863aad', 'sha256': 'b971feb79a5ce88b0f6f19eb9add4b738de5973836a91bf8d03a1f6dfd17616e'}, 'dob': {'date': '1971-10-09T02:49:56.192Z', 'age': 52}, 'registered': {'date': '2015-04-23T12:04:39.812Z', 'age': 8}, 'phone': '9012644659', 'cell': '8993527207', 'id': {'name': 'UIDAI', 'value': '535878580546'}, 'picture': {'large': 'https://randomuser.me/api/portraits/men/67.jpg', 'medium': 'https://randomuser.me/api/portraits/med/men/67.jpg', 'thumbnail': 'https://randomuser.me/api/portraits/thumb/men/67.jpg'}, 'nat': 'IN'}], 'info': {'seed': '4d69e686d38acec1', 'results': 1, 'page': 1, 'version': '1.4'}}</msg>
<arg>${json_data}</arg>
<doc>Logs the given message with the given level.</doc>
<status status="PASS" start="2024-04-05T04:18:42.210633" elapsed="0.000211"/>
</kw>
<kw name="Dictionary Should Contain Key" owner="Collections">
<msg time="2024-04-05T04:18:42.211299" level="INFO">False</msg>
<arg>${json_data}</arg>
<arg>results</arg>
<doc>Fails if ``key`` is not found from ``dictionary``.</doc>
<status status="PASS" start="2024-04-05T04:18:42.211143" elapsed="0.000195"/>
</kw>
<kw name="Should Not Be Empty" owner="BuiltIn">
<msg time="2024-04-05T04:18:42.211763" level="INFO">Length is 2.</msg>
<arg>${json_data}</arg>
<doc>Verifies that the given item is not empty.</doc>
<status status="PASS" start="2024-04-05T04:18:42.211631" elapsed="0.000171"/>
</kw>
<kw name="Create List" owner="BuiltIn">
<msg time="2024-04-05T04:18:42.212249" level="INFO">${expected_keys} = ['gender', 'name', 'location', 'email', 'login']</msg>
<var>${expected_keys}</var>
<arg>gender</arg>
<arg>name</arg>
<arg>location</arg>
<arg>email</arg>
<arg>login</arg>
<doc>Returns a list containing given items.</doc>
<status status="PASS" start="2024-04-05T04:18:42.212090" elapsed="0.000184"/>
</kw>
<for flavor="IN">
<iter>
<kw name="Dictionary Should Contain Key" owner="Collections">
<msg time="2024-04-05T04:18:42.213290" level="INFO">False</msg>
<arg>${json_data['results'][0]}</arg>
<arg>${key}</arg>
<doc>Fails if ``key`` is not found from ``dictionary``.</doc>
<status status="PASS" start="2024-04-05T04:18:42.212868" elapsed="0.000463"/>
</kw>
<kw name="Log" owner="BuiltIn">
<msg time="2024-04-05T04:18:42.214039" level="INFO">{'gender': 'male', 'name': {'title': 'Mr', 'first': 'Deepak', 'last': 'Dawangave'}, 'location': {'street': {'number': 8182, 'name': 'Old Jail Rd'}, 'city': 'Asansol', 'state': 'Punjab', 'country': 'India', 'postcode': 76108, 'coordinates': {'latitude': '9.4411', 'longitude': '-150.9271'}, 'timezone': {'offset': '+4:00', 'description': 'Abu Dhabi, Muscat, Baku, Tbilisi'}}, 'email': 'deepak.dawangave@example.com', 'login': {'uuid': '449d91cb-f20e-4e97-abc2-27aaf023977a', 'username': 'smallcat242', 'password': 'redhot', 'salt': '0jc55MB5', 'md5': '0c1f22e4f3532cf14eb9b468ae63a149', 'sha1': 'd1347b646be6baccfad24e4fbe76402640863aad', 'sha256': 'b971feb79a5ce88b0f6f19eb9add4b738de5973836a91bf8d03a1f6dfd17616e'}, 'dob': {'date': '1971-10-09T02:49:56.192Z', 'age': 52}, 'registered': {'date': '2015-04-23T12:04:39.812Z', 'age': 8}, 'phone': '9012644659', 'cell': '8993527207', 'id': {'name': 'UIDAI', 'value': '535878580546'}, 'picture': {'large': 'https://randomuser.me/api/portraits/men/67.jpg', 'medium': 'https://randomuser.me/api/portraits/med/men/67.jpg', 'thumbnail': 'https://randomuser.me/api/portraits/thumb/men/67.jpg'}, 'nat': 'IN'}</msg>
<arg>${json_data['results'][0]}</arg>
<doc>Logs the given message with the given level.</doc>
<status status="PASS" start="2024-04-05T04:18:42.213667" elapsed="0.000426"/>
</kw>
<kw name="Log" owner="BuiltIn">
<msg time="2024-04-05T04:18:42.214537" level="INFO">gender</msg>
<arg>${key}</arg>
<doc>Logs the given message with the given level.</doc>
<status status="PASS" start="2024-04-05T04:18:42.214404" elapsed="0.000172"/>
</kw>
<var name="${key}">gender</var>
<status status="PASS" start="2024-04-05T04:18:42.212739" elapsed="0.002059"/>
</iter>
<iter>
<kw name="Dictionary Should Contain Key" owner="Collections">
<msg time="2024-04-05T04:18:42.215494" level="INFO">False</msg>
<arg>${json_data['results'][0]}</arg>
<arg>${key}</arg>
<doc>Fails if ``key`` is not found from ``dictionary``.</doc>
<status status="PASS" start="2024-04-05T04:18:42.215109" elapsed="0.000423"/>
</kw>
<kw name="Log" owner="BuiltIn">
<msg time="2024-04-05T04:18:42.216235" level="INFO">{'gender': 'male', 'name': {'title': 'Mr', 'first': 'Deepak', 'last': 'Dawangave'}, 'location': {'street': {'number': 8182, 'name': 'Old Jail Rd'}, 'city': 'Asansol', 'state': 'Punjab', 'country': 'India', 'postcode': 76108, 'coordinates': {'latitude': '9.4411', 'longitude': '-150.9271'}, 'timezone': {'offset': '+4:00', 'description': 'Abu Dhabi, Muscat, Baku, Tbilisi'}}, 'email': 'deepak.dawangave@example.com', 'login': {'uuid': '449d91cb-f20e-4e97-abc2-27aaf023977a', 'username': 'smallcat242', 'password': 'redhot', 'salt': '0jc55MB5', 'md5': '0c1f22e4f3532cf14eb9b468ae63a149', 'sha1': 'd1347b646be6baccfad24e4fbe76402640863aad', 'sha256': 'b971feb79a5ce88b0f6f19eb9add4b738de5973836a91bf8d03a1f6dfd17616e'}, 'dob': {'date': '1971-10-09T02:49:56.192Z', 'age': 52}, 'registered': {'date': '2015-04-23T12:04:39.812Z', 'age': 8}, 'phone': '9012644659', 'cell': '8993527207', 'id': {'name': 'UIDAI', 'value': '535878580546'}, 'picture': {'large': 'https://randomuser.me/api/portraits/men/67.jpg', 'medium': 'https://randomuser.me/api/portraits/med/men/67.jpg', 'thumbnail': 'https://randomuser.me/api/portraits/thumb/men/67.jpg'}, 'nat': 'IN'}</msg>
<arg>${json_data['results'][0]}</arg>
<doc>Logs the given message with the given level.</doc>
<status status="PASS" start="2024-04-05T04:18:42.215871" elapsed="0.000413"/>
</kw>
<kw name="Log" owner="BuiltIn">
<msg time="2024-04-05T04:18:42.216717" level="INFO">name</msg>
<arg>${key}</arg>
<doc>Logs the given message with the given level.</doc>
<status status="PASS" start="2024-04-05T04:18:42.216586" elapsed="0.000169"/>
</kw>
<var name="${key}">name</var>
<status status="PASS" start="2024-04-05T04:18:42.214993" elapsed="0.001981"/>
</iter>
<iter>
<kw name="Dictionary Should Contain Key" owner="Collections">
<msg time="2024-04-05T04:18:42.217695" level="INFO">False</msg>
<arg>${json_data['results'][0]}</arg>
<arg>${key}</arg>
<doc>Fails if ``key`` is not found from ``dictionary``.</doc>
<status status="PASS" start="2024-04-05T04:18:42.217267" elapsed="0.000472"/>
</kw>
<kw name="Log" owner="BuiltIn">
<msg time="2024-04-05T04:18:42.218410" level="INFO">{'gender': 'male', 'name': {'title': 'Mr', 'first': 'Deepak', 'last': 'Dawangave'}, 'location': {'street': {'number': 8182, 'name': 'Old Jail Rd'}, 'city': 'Asansol', 'state': 'Punjab', 'country': 'India', 'postcode': 76108, 'coordinates': {'latitude': '9.4411', 'longitude': '-150.9271'}, 'timezone': {'offset': '+4:00', 'description': 'Abu Dhabi, Muscat, Baku, Tbilisi'}}, 'email': 'deepak.dawangave@example.com', 'login': {'uuid': '449d91cb-f20e-4e97-abc2-27aaf023977a', 'username': 'smallcat242', 'password': 'redhot', 'salt': '0jc55MB5', 'md5': '0c1f22e4f3532cf14eb9b468ae63a149', 'sha1': 'd1347b646be6baccfad24e4fbe76402640863aad', 'sha256': 'b971feb79a5ce88b0f6f19eb9add4b738de5973836a91bf8d03a1f6dfd17616e'}, 'dob': {'date': '1971-10-09T02:49:56.192Z', 'age': 52}, 'registered': {'date': '2015-04-23T12:04:39.812Z', 'age': 8}, 'phone': '9012644659', 'cell': '8993527207', 'id': {'name': 'UIDAI', 'value': '535878580546'}, 'picture': {'large': 'https://randomuser.me/api/portraits/men/67.jpg', 'medium': 'https://randomuser.me/api/portraits/med/men/67.jpg', 'thumbnail': 'https://randomuser.me/api/portraits/thumb/men/67.jpg'}, 'nat': 'IN'}</msg>
<arg>${json_data['results'][0]}</arg>
<doc>Logs the given message with the given level.</doc>
<status status="PASS" start="2024-04-05T04:18:42.218044" elapsed="0.000418"/>
</kw>
<kw name="Log" owner="BuiltIn">
<msg time="2024-04-05T04:18:42.218885" level="INFO">location</msg>
<arg>${key}</arg>
<doc>Logs the given message with the given level.</doc>
<status status="PASS" start="2024-04-05T04:18:42.218758" elapsed="0.000166"/>
</kw>
<var name="${key}">location</var>
<status status="PASS" start="2024-04-05T04:18:42.217156" elapsed="0.001983"/>
</iter>
<iter>
<kw name="Dictionary Should Contain Key" owner="Collections">
<msg time="2024-04-05T04:18:42.219801" level="INFO">False</msg>
<arg>${json_data['results'][0]}</arg>
<arg>${key}</arg>
<doc>Fails if ``key`` is not found from ``dictionary``.</doc>
<status status="PASS" start="2024-04-05T04:18:42.219426" elapsed="0.000413"/>
</kw>
<kw name="Log" owner="BuiltIn">
<msg time="2024-04-05T04:18:42.220497" level="INFO">{'gender': 'male', 'name': {'title': 'Mr', 'first': 'Deepak', 'last': 'Dawangave'}, 'location': {'street': {'number': 8182, 'name': 'Old Jail Rd'}, 'city': 'Asansol', 'state': 'Punjab', 'country': 'India', 'postcode': 76108, 'coordinates': {'latitude': '9.4411', 'longitude': '-150.9271'}, 'timezone': {'offset': '+4:00', 'description': 'Abu Dhabi, Muscat, Baku, Tbilisi'}}, 'email': 'deepak.dawangave@example.com', 'login': {'uuid': '449d91cb-f20e-4e97-abc2-27aaf023977a', 'username': 'smallcat242', 'password': 'redhot', 'salt': '0jc55MB5', 'md5': '0c1f22e4f3532cf14eb9b468ae63a149', 'sha1': 'd1347b646be6baccfad24e4fbe76402640863aad', 'sha256': 'b971feb79a5ce88b0f6f19eb9add4b738de5973836a91bf8d03a1f6dfd17616e'}, 'dob': {'date': '1971-10-09T02:49:56.192Z', 'age': 52}, 'registered': {'date': '2015-04-23T12:04:39.812Z', 'age': 8}, 'phone': '9012644659', 'cell': '8993527207', 'id': {'name': 'UIDAI', 'value': '535878580546'}, 'picture': {'large': 'https://randomuser.me/api/portraits/men/67.jpg', 'medium': 'https://randomuser.me/api/portraits/med/men/67.jpg', 'thumbnail': 'https://randomuser.me/api/portraits/thumb/men/67.jpg'}, 'nat': 'IN'}</msg>
<arg>${json_data['results'][0]}</arg>
<doc>Logs the given message with the given level.</doc>
<status status="PASS" start="2024-04-05T04:18:42.220140" elapsed="0.000404"/>
</kw>
<kw name="Log" owner="BuiltIn">
<msg time="2024-04-05T04:18:42.220961" level="INFO">email</msg>
<arg>${key}</arg>
<doc>Logs the given message with the given level.</doc>
<status status="PASS" start="2024-04-05T04:18:42.220834" elapsed="0.000165"/>
</kw>
<var name="${key}">email</var>
<status status="PASS" start="2024-04-05T04:18:42.219315" elapsed="0.001903"/>
</iter>
<iter>
<kw name="Dictionary Should Contain Key" owner="Collections">
<msg time="2024-04-05T04:18:42.221926" level="INFO">False</msg>
<arg>${json_data['results'][0]}</arg>
<arg>${key}</arg>
<doc>Fails if ``key`` is not found from ``dictionary``.</doc>
<status status="PASS" start="2024-04-05T04:18:42.221525" elapsed="0.000439"/>
</kw>
<kw name="Log" owner="BuiltIn">
<msg time="2024-04-05T04:18:42.222619" level="INFO">{'gender': 'male', 'name': {'title': 'Mr', 'first': 'Deepak', 'last': 'Dawangave'}, 'location': {'street': {'number': 8182, 'name': 'Old Jail Rd'}, 'city': 'Asansol', 'state': 'Punjab', 'country': 'India', 'postcode': 76108, 'coordinates': {'latitude': '9.4411', 'longitude': '-150.9271'}, 'timezone': {'offset': '+4:00', 'description': 'Abu Dhabi, Muscat, Baku, Tbilisi'}}, 'email': 'deepak.dawangave@example.com', 'login': {'uuid': '449d91cb-f20e-4e97-abc2-27aaf023977a', 'username': 'smallcat242', 'password': 'redhot', 'salt': '0jc55MB5', 'md5': '0c1f22e4f3532cf14eb9b468ae63a149', 'sha1': 'd1347b646be6baccfad24e4fbe76402640863aad', 'sha256': 'b971feb79a5ce88b0f6f19eb9add4b738de5973836a91bf8d03a1f6dfd17616e'}, 'dob': {'date': '1971-10-09T02:49:56.192Z', 'age': 52}, 'registered': {'date': '2015-04-23T12:04:39.812Z', 'age': 8}, 'phone': '9012644659', 'cell': '8993527207', 'id': {'name': 'UIDAI', 'value': '535878580546'}, 'picture': {'large': 'https://randomuser.me/api/portraits/men/67.jpg', 'medium': 'https://randomuser.me/api/portraits/med/men/67.jpg', 'thumbnail': 'https://randomuser.me/api/portraits/thumb/men/67.jpg'}, 'nat': 'IN'}</msg>
<arg>${json_data['results'][0]}</arg>
<doc>Logs the given message with the given level.</doc>
<status status="PASS" start="2024-04-05T04:18:42.222258" elapsed="0.000407"/>
</kw>
<kw name="Log" owner="BuiltIn">
<msg time="2024-04-05T04:18:42.223085" level="INFO">login</msg>
<arg>${key}</arg>
<doc>Logs the given message with the given level.</doc>
<status status="PASS" start="2024-04-05T04:18:42.222956" elapsed="0.000278"/>
</kw>
<var name="${key}">login</var>
<status status="PASS" start="2024-04-05T04:18:42.221393" elapsed="0.002073"/>
</iter>
<var>${key}</var>
<value>@{expected_keys}</value>
<status status="PASS" start="2024-04-05T04:18:42.212538" elapsed="0.011079"/>
</for>
<kw name="Create List" owner="BuiltIn">
<msg time="2024-04-05T04:18:42.223967" level="INFO">${expected_keysTwo} = ['username', 'password']</msg>
<var>${expected_keysTwo}</var>
<arg>username</arg>
<arg>password</arg>
<doc>Returns a list containing given items.</doc>
<status status="PASS" start="2024-04-05T04:18:42.223827" elapsed="0.000164"/>
</kw>
<for flavor="IN">
<iter>
<kw name="Dictionary Should Contain Key" owner="Collections">
<msg time="2024-04-05T04:18:42.224882" level="INFO">False</msg>
<arg>${json_data['results'][0]['login']}</arg>
<arg>${keyTwo}</arg>
<doc>Fails if ``key`` is not found from ``dictionary``.</doc>
<status status="PASS" start="2024-04-05T04:18:42.224497" elapsed="0.000422"/>
</kw>
<kw name="Dictionary Should Contain Key" owner="Collections">
<msg time="2024-04-05T04:18:42.225642" level="INFO">False</msg>
<arg>${json_data['results'][0]['login']}</arg>
<arg>${keyTwo}</arg>
<doc>Fails if ``key`` is not found from ``dictionary``.</doc>
<status status="PASS" start="2024-04-05T04:18:42.225217" elapsed="0.000465"/>
</kw>
<kw name="Log" owner="BuiltIn">
<msg time="2024-04-05T04:18:42.226118" level="INFO">username</msg>
<arg>${keyTwo}</arg>
<doc>Logs the given message with the given level.</doc>
<status status="PASS" start="2024-04-05T04:18:42.225987" elapsed="0.000169"/>
</kw>
<var name="${keyTwo}">username</var>
<status status="PASS" start="2024-04-05T04:18:42.224387" elapsed="0.001987"/>
</iter>
<iter>
<kw name="Dictionary Should Contain Key" owner="Collections">
<msg time="2024-04-05T04:18:42.227038" level="INFO">False</msg>
<arg>${json_data['results'][0]['login']}</arg>
<arg>${keyTwo}</arg>
<doc>Fails if ``key`` is not found from ``dictionary``.</doc>
<status status="PASS" start="2024-04-05T04:18:42.226660" elapsed="0.000415"/>
</kw>
<kw name="Dictionary Should Contain Key" owner="Collections">
<msg time="2024-04-05T04:18:42.227763" level="INFO">False</msg>
<arg>${json_data['results'][0]['login']}</arg>
<arg>${keyTwo}</arg>
<doc>Fails if ``key`` is not found from ``dictionary``.</doc>
<status status="PASS" start="2024-04-05T04:18:42.227376" elapsed="0.000425"/>
</kw>
<kw name="Log" owner="BuiltIn">
<msg time="2024-04-05T04:18:42.228220" level="INFO">password</msg>
<arg>${keyTwo}</arg>
<doc>Logs the given message with the given level.</doc>
<status status="PASS" start="2024-04-05T04:18:42.228093" elapsed="0.000165"/>
</kw>
<var name="${keyTwo}">password</var>
<status status="PASS" start="2024-04-05T04:18:42.226550" elapsed="0.001928"/>
</iter>
<var>${keyTwo}</var>
<value>@{expected_keysTwo}</value>
<status status="PASS" start="2024-04-05T04:18:42.224230" elapsed="0.004372"/>
</for>
<status status="PASS" start="2024-04-05T04:18:42.117217" elapsed="0.111529"/>
</kw>
<doc>Testa a estrutura da resposta da API.</doc>
<tag>testeEstruturaResposta</tag>
<status status="PASS" start="2024-04-05T04:18:42.116554" elapsed="0.112359"/>
</test>
<test id="s1-s1-t4" name="Validar tipos de dados" line="28">
<kw name="Teste de Tipos de Dados" owner="random-user-service">
<kw name="GET On Session" owner="RequestsLibrary">
<msg time="2024-04-05T04:18:42.310078" level="INFO">GET Request : url=https://randomuser.me/api 
 path_url=/api 
 headers={'User-Agent': 'python-requests/2.31.0', 'Accept-Encoding': 'gzip, deflate', 'Accept': '*/*', 'Connection': 'keep-alive'} 
 body=None 
 </msg>
<msg time="2024-04-05T04:18:42.310179" level="INFO">GET Response : url=https://randomuser.me/api 
 status=200, reason=OK 
 headers={'Date': 'Fri, 05 Apr 2024 04:18:42 GMT', 'Content-Type': 'application/json; charset=utf-8', 'Transfer-Encoding': 'chunked', 'Connection': 'keep-alive', 'X-Powered-By': 'Express', 'Access-Control-Allow-Origin': '*', 'Cache-Control': 'no-cache', 'ETag': 'W/"472-HfkJM4+5EFfH4FCUsiLtFaLY95Y"', 'Vary': 'Accept-Encoding', 'Content-Encoding': 'gzip', 'CF-Cache-Status': 'DYNAMIC', 'Report-To': '{"endpoints":[{"url":"https:\\/\\/a.nel.cloudflare.com\\/report\\/v4?s=RvQQoIpOcYbeKtciVw2ShXXcTAbSVQSpCdTYy8bx8HyZPgVVcXLSHJ6tcf4r3Af%2BzFjKhEMMnTlyxnNU4lBWQUGo81E5CveyjdOMt%2BxWLId2qZbuLwSKDfHUmAhpjwLg"}],"group":"cf-nel","max_age":604800}', 'NEL': '{"success_fraction":0,"report_to":"cf-nel","max_age":604800}', 'Server': 'cloudflare', 'CF-RAY': '86f6bc55fb4881fd-IAD', 'alt-svc': 'h3=":443"; ma=86400'} 
 body={"results":[{"gender":"female","name":{"title":"Mrs","first":"Ece","last":"Kaplangı"},"location":{"street":{"number":4177,"name":"Vatan Cd"},"city":"Şanlıurfa","state":"Sinop","country":"Turkey","postcode":53675,"coordinates":{"latitude":"65.5300","longitude":"167.3672"},"timezone":{"offset":"+9:30","description":"Adelaide, Darwin"}},"email":"ece.kaplangi@example.com","login":{"uuid":"677e6fcb-773f-43e6-a5e1-79381a4a4e64","username":"bigladybug617","password":"thunderb","salt":"Em7m5zNw","md5":"f19f802a202061277e4f438b1e29ebec","sha1":"13c7d6c1518e85634e9fd45f7563ac1eb07dc01f","sha256":"7b4dcd39ebcd54338054afde99d840448b884a6a9aa6814231a7a7a1b76a00d9"},"dob":{"date":"1958-04-01T12:43:55.584Z","age":66},"registered":{"date":"2012-04-26T08:26:22.330Z","age":11},"phone":"(626)-294-3207","cell":"(234)-088-6778","id":{"name":"","value":null},"picture":{"large":"https://randomuser.me/api/portraits/women/6.jpg","medium":"https://randomuser.me/api/portraits/med/women/6.jpg","thumbnail":"https://randomuser.me/api/portraits/thumb/women/6.jpg"},"nat":"TR"}],"info":{"seed":"a7ffd19308a6f3cd","results":1,"page":1,"version":"1.4"}} 
 </msg>
<msg time="2024-04-05T04:18:42.310252" level="INFO">/opt/hostedtoolcache/Python/3.12.2/x64/lib/python3.12/site-packages/urllib3/connectionpool.py:1103: InsecureRequestWarning: Unverified HTTPS request is being made to host 'randomuser.me'. Adding certificate verification is strongly advised. See: https://urllib3.readthedocs.io/en/latest/advanced-usage.html#tls-warnings
  warnings.warn(</msg>
<msg time="2024-04-05T04:18:42.310372" level="INFO">${response} = &lt;Response [200]&gt;</msg>
<var>${response}</var>
<arg>consultarAPI</arg>
<arg>/api</arg>
<doc>Sends a GET request on a previously created HTTP Session.</doc>
<status status="PASS" start="2024-04-05T04:18:42.231495" elapsed="0.078904"/>
</kw>
<kw name="Set Variable" owner="BuiltIn">
<msg time="2024-04-05T04:18:42.311601" level="INFO">${json_data} = {'results': [{'gender': 'female', 'name': {'title': 'Mrs', 'first': 'Ece', 'last': 'Kaplangı'}, 'location': {'street': {'number': 4177, 'name': 'Vatan Cd'}, 'city': 'Şanlıurfa', 'state': 'Sinop', 'cou...</msg>
<var>${json_data}</var>
<arg>${response.json()}</arg>
<doc>Returns the given values which can then be assigned to a variables.</doc>
<status status="PASS" start="2024-04-05T04:18:42.311050" elapsed="0.000583"/>
</kw>
<kw name="Log" owner="BuiltIn">
<msg time="2024-04-05T04:18:42.312174" level="INFO">{'results': [{'gender': 'female', 'name': {'title': 'Mrs', 'first': 'Ece', 'last': 'Kaplangı'}, 'location': {'street': {'number': 4177, 'name': 'Vatan Cd'}, 'city': 'Şanlıurfa', 'state': 'Sinop', 'country': 'Turkey', 'postcode': 53675, 'coordinates': {'latitude': '65.5300', 'longitude': '167.3672'}, 'timezone': {'offset': '+9:30', 'description': 'Adelaide, Darwin'}}, 'email': 'ece.kaplangi@example.com', 'login': {'uuid': '677e6fcb-773f-43e6-a5e1-79381a4a4e64', 'username': 'bigladybug617', 'password': 'thunderb', 'salt': 'Em7m5zNw', 'md5': 'f19f802a202061277e4f438b1e29ebec', 'sha1': '13c7d6c1518e85634e9fd45f7563ac1eb07dc01f', 'sha256': '7b4dcd39ebcd54338054afde99d840448b884a6a9aa6814231a7a7a1b76a00d9'}, 'dob': {'date': '1958-04-01T12:43:55.584Z', 'age': 66}, 'registered': {'date': '2012-04-26T08:26:22.330Z', 'age': 11}, 'phone': '(626)-294-3207', 'cell': '(234)-088-6778', 'id': {'name': '', 'value': None}, 'picture': {'large': 'https://randomuser.me/api/portraits/women/6.jpg', 'medium': 'https://randomuser.me/api/portraits/med/women/6.jpg', 'thumbnail': 'https://randomuser.me/api/portraits/thumb/women/6.jpg'}, 'nat': 'TR'}], 'info': {'seed': 'a7ffd19308a6f3cd', 'results': 1, 'page': 1, 'version': '1.4'}}</msg>
<arg>${json_data}</arg>
<doc>Logs the given message with the given level.</doc>
<status status="PASS" start="2024-04-05T04:18:42.311998" elapsed="0.000266"/>
</kw>
<kw name="Should Be String" owner="String">
<arg>${json_data['results'][0]['gender']}</arg>
<doc>Fails if the given ``item`` is not a string.</doc>
<status status="PASS" start="2024-04-05T04:18:42.312586" elapsed="0.000391"/>
</kw>
<kw name="Should Match Regexp" owner="BuiltIn">
<arg>${json_data['results'][0]['email']}</arg>
<arg>^[a-zA-Z0-9._%+-]+@[a-zA-Z0-9.-]+\.[a-zA-Z]{2,}$</arg>
<doc>Fails if ``string`` does not match ``pattern`` as a regular expression.</doc>
<status status="PASS" start="2024-04-05T04:18:42.313178" elapsed="0.000573"/>
</kw>
<kw name="Should Match Regexp" owner="BuiltIn">
<arg>${json_data['results'][0]['dob']['date']}</arg>
<arg>\\d{4}-\\d{2}-\\d{2}T\\d{2}:\\d{2}:\\d{2}\\.\\d{3}Z</arg>
<doc>Fails if ``string`` does not match ``pattern`` as a regular expression.</doc>
<status status="PASS" start="2024-04-05T04:18:42.313956" elapsed="0.000502"/>
</kw>
<kw name="Should Match Regexp" owner="BuiltIn">
<arg>${json_data['results'][0]['registered']['date']}</arg>
<arg>\\d{4}-\\d{2}-\\d{2}T\\d{2}:\\d{2}:\\d{2}\\.\\d{3}Z</arg>
<doc>Fails if ``string`` does not match ``pattern`` as a regular expression.</doc>
<status status="PASS" start="2024-04-05T04:18:42.314661" elapsed="0.000378"/>
</kw>
<kw name="Should Match Regexp" owner="BuiltIn">
<arg>${json_data['results'][0]['picture']['large']}</arg>
<arg>^https?://.*\.(?:png|jpe?g|gif|bmp)$</arg>
<doc>Fails if ``string`` does not match ``pattern`` as a regular expression.</doc>
<status status="PASS" start="2024-04-05T04:18:42.315229" elapsed="0.000463"/>
</kw>
<kw name="Should Match Regexp" owner="BuiltIn">
<arg>${json_data['results'][0]['picture']['medium']}</arg>
<arg>^https?://.*\.(?:png|jpe?g|gif|bmp)$</arg>
<doc>Fails if ``string`` does not match ``pattern`` as a regular expression.</doc>
<status status="PASS" start="2024-04-05T04:18:42.315884" elapsed="0.000357"/>
</kw>
<kw name="Should Match Regexp" owner="BuiltIn">
<arg>${json_data['results'][0]['picture']['thumbnail']}</arg>
<arg>^https?://.*\.(?:png|jpe?g|gif|bmp)$</arg>
<doc>Fails if ``string`` does not match ``pattern`` as a regular expression.</doc>
<status status="PASS" start="2024-04-05T04:18:42.316428" elapsed="0.000350"/>
</kw>
<kw name="Log" owner="BuiltIn">
<msg time="2024-04-05T04:18:42.317286" level="INFO">{'large': 'https://randomuser.me/api/portraits/women/6.jpg', 'medium': 'https://randomuser.me/api/portraits/med/women/6.jpg', 'thumbnail': 'https://randomuser.me/api/portraits/thumb/women/6.jpg'}</msg>
<arg>${json_data['results'][0]['picture']}</arg>
<doc>Logs the given message with the given level.</doc>
<status status="PASS" start="2024-04-05T04:18:42.316959" elapsed="0.000373"/>
</kw>
<status status="PASS" start="2024-04-05T04:18:42.231262" elapsed="0.086363"/>
</kw>
<kw name="Teste de Tipos de Dados - Postcode" owner="random-user-service">
<kw name="GET On Session" owner="RequestsLibrary">
<msg time="2024-04-05T04:18:42.411333" level="INFO">GET Request : url=https://randomuser.me/api 
 path_url=/api 
 headers={'User-Agent': 'python-requests/2.31.0', 'Accept-Encoding': 'gzip, deflate', 'Accept': '*/*', 'Connection': 'keep-alive'} 
 body=None 
 </msg>
<msg time="2024-04-05T04:18:42.411482" level="INFO">GET Response : url=https://randomuser.me/api 
 status=200, reason=OK 
 headers={'Date': 'Fri, 05 Apr 2024 04:18:42 GMT', 'Content-Type': 'application/json; charset=utf-8', 'Transfer-Encoding': 'chunked', 'Connection': 'keep-alive', 'X-Powered-By': 'Express', 'Access-Control-Allow-Origin': '*', 'Cache-Control': 'no-cache', 'ETag': 'W/"482-rRDifzc/nrlVAERr0eCUBKrb4RI"', 'Vary': 'Accept-Encoding', 'Content-Encoding': 'gzip', 'CF-Cache-Status': 'DYNAMIC', 'Report-To': '{"endpoints":[{"url":"https:\\/\\/a.nel.cloudflare.com\\/report\\/v4?s=N3mrZvDtPGrXDVVrdFy5MkfDsPRFXWX34Qww50DdMKakOJ1D2ieSS%2FB2IZN%2B9KfjypvdvCAtigSrTL2ksVHeyJDq1Bdm8bEKJ1HabLyFptjFZIh4TO4O1ofP5EVo1%2BNv"}],"group":"cf-nel","max_age":604800}', 'NEL': '{"success_fraction":0,"report_to":"cf-nel","max_age":604800}', 'Server': 'cloudflare', 'CF-RAY': '86f6bc567bbc81fd-IAD', 'alt-svc': 'h3=":443"; ma=86400'} 
 body={"results":[{"gender":"female","name":{"title":"Mrs","first":"Ana","last":"Tejada"},"location":{"street":{"number":6561,"name":"Calzada Sur Alva"},"city":"El Rayón","state":"Zacatecas","country":"Mexico","postcode":17362,"coordinates":{"latitude":"25.5545","longitude":"55.4573"},"timezone":{"offset":"+5:45","description":"Kathmandu"}},"email":"ana.tejada@example.com","login":{"uuid":"1d9ba44f-1e28-482d-a2f1-3c098e6a045d","username":"beautifulduck792","password":"winnie","salt":"5jGIjY4k","md5":"3f58c74a0bd604ae75d482e5763b9f69","sha1":"447890f40b65f37b537ec5dbbedd9aed52956c1d","sha256":"77764087a86f1c51e59facfe81b528860bcea09c9feae4b3a69e0b78ec233968"},"dob":{"date":"1945-08-08T01:18:21.077Z","age":78},"registered":{"date":"2014-08-27T16:03:36.887Z","age":9},"phone":"(684) 602 3837","cell":"(689) 736 5759","id":{"name":"NSS","value":"37 26 01 8086 4"},"picture":{"large":"https://randomuser.me/api/portraits/women/54.jpg","medium":"https://randomuser.me/api/portraits/med/women/54.jpg","thumbnail":"https://randomuser.me/api/portraits/thumb/women/54.jpg"},"nat":"MX"}],"info":{"seed":"75169463d1fa4624","results":1,"page":1,"version":"1.4"}} 
 </msg>
<msg time="2024-04-05T04:18:42.411626" level="INFO">/opt/hostedtoolcache/Python/3.12.2/x64/lib/python3.12/site-packages/urllib3/connectionpool.py:1103: InsecureRequestWarning: Unverified HTTPS request is being made to host 'randomuser.me'. Adding certificate verification is strongly advised. See: https://urllib3.readthedocs.io/en/latest/advanced-usage.html#tls-warnings
  warnings.warn(</msg>
<msg time="2024-04-05T04:18:42.411814" level="INFO">${response} = &lt;Response [200]&gt;</msg>
<var>${response}</var>
<arg>consultarAPI</arg>
<arg>/api</arg>
<doc>Sends a GET request on a previously created HTTP Session.</doc>
<status status="PASS" start="2024-04-05T04:18:42.318264" elapsed="0.093597"/>
</kw>
<kw name="Set Variable" owner="BuiltIn">
<msg time="2024-04-05T04:18:42.413334" level="INFO">${json_data} = {'results': [{'gender': 'female', 'name': {'title': 'Mrs', 'first': 'Ana', 'last': 'Tejada'}, 'location': {'street': {'number': 6561, 'name': 'Calzada Sur Alva'}, 'city': 'El Rayón', 'state': 'Zacatec...</msg>
<var>${json_data}</var>
<arg>${response.json()}</arg>
<doc>Returns the given values which can then be assigned to a variables.</doc>
<status status="PASS" start="2024-04-05T04:18:42.412561" elapsed="0.000818"/>
</kw>
<kw name="Log" owner="BuiltIn">
<msg time="2024-04-05T04:18:42.414193" level="INFO">{'results': [{'gender': 'female', 'name': {'title': 'Mrs', 'first': 'Ana', 'last': 'Tejada'}, 'location': {'street': {'number': 6561, 'name': 'Calzada Sur Alva'}, 'city': 'El Rayón', 'state': 'Zacatecas', 'country': 'Mexico', 'postcode': 17362, 'coordinates': {'latitude': '25.5545', 'longitude': '55.4573'}, 'timezone': {'offset': '+5:45', 'description': 'Kathmandu'}}, 'email': 'ana.tejada@example.com', 'login': {'uuid': '1d9ba44f-1e28-482d-a2f1-3c098e6a045d', 'username': 'beautifulduck792', 'password': 'winnie', 'salt': '5jGIjY4k', 'md5': '3f58c74a0bd604ae75d482e5763b9f69', 'sha1': '447890f40b65f37b537ec5dbbedd9aed52956c1d', 'sha256': '77764087a86f1c51e59facfe81b528860bcea09c9feae4b3a69e0b78ec233968'}, 'dob': {'date': '1945-08-08T01:18:21.077Z', 'age': 78}, 'registered': {'date': '2014-08-27T16:03:36.887Z', 'age': 9}, 'phone': '(684) 602 3837', 'cell': '(689) 736 5759', 'id': {'name': 'NSS', 'value': '37 26 01 8086 4'}, 'picture': {'large': 'https://randomuser.me/api/portraits/women/54.jpg', 'medium': 'https://randomuser.me/api/portraits/med/women/54.jpg', 'thumbnail': 'https://randomuser.me/api/portraits/thumb/women/54.jpg'}, 'nat': 'MX'}], 'info': {'seed': '75169463d1fa4624', 'results': 1, 'page': 1, 'version': '1.4'}}</msg>
<arg>${json_data}</arg>
<doc>Logs the given message with the given level.</doc>
<status status="PASS" start="2024-04-05T04:18:42.413947" elapsed="0.000374"/>
</kw>
<kw name="Should Be Equal As Numbers" owner="BuiltIn">
<arg>${json_data['results'][0]['location']['postcode']}</arg>
<arg>${json_data['results'][0]['location']['postcode']}</arg>
<doc>Fails if objects are unequal after converting them to real numbers.</doc>
<status status="PASS" start="2024-04-05T04:18:42.414770" elapsed="0.000683"/>
</kw>
<kw name="Log" owner="BuiltIn">
<msg time="2024-04-05T04:18:42.416002" level="INFO">17362</msg>
<arg>${json_data['results'][0]['location']['postcode']}</arg>
<doc>Logs the given message with the given level.</doc>
<status status="PASS" start="2024-04-05T04:18:42.415659" elapsed="0.000386"/>
</kw>
<status status="PASS" start="2024-04-05T04:18:42.317865" elapsed="0.098455"/>
</kw>
<doc>Testa se os tipos de dados na resposta da API estão corretos.</doc>
<tag>testeTiposDados</tag>
<status status="PASS" start="2024-04-05T04:18:42.230801" elapsed="0.185703"/>
</test>
<test id="s1-s1-t5" name="Validar conteudo" line="35">
<kw name="Teste de Tipos de Conteudo" owner="random-user-service">
<kw name="GET On Session" owner="RequestsLibrary">
<msg time="2024-04-05T04:18:42.505464" level="INFO">GET Request : url=https://randomuser.me/api 
 path_url=/api 
 headers={'User-Agent': 'python-requests/2.31.0', 'Accept-Encoding': 'gzip, deflate', 'Accept': '*/*', 'Connection': 'keep-alive'} 
 body=None 
 </msg>
<msg time="2024-04-05T04:18:42.505590" level="INFO">GET Response : url=https://randomuser.me/api 
 status=200, reason=OK 
 headers={'Date': 'Fri, 05 Apr 2024 04:18:42 GMT', 'Content-Type': 'application/json; charset=utf-8', 'Transfer-Encoding': 'chunked', 'Connection': 'keep-alive', 'X-Powered-By': 'Express', 'Access-Control-Allow-Origin': '*', 'Cache-Control': 'no-cache', 'ETag': 'W/"48a-RjosqoMPtKC3kw0wnxETunYJ2eo"', 'Vary': 'Accept-Encoding', 'Content-Encoding': 'gzip', 'CF-Cache-Status': 'DYNAMIC', 'Report-To': '{"endpoints":[{"url":"https:\\/\\/a.nel.cloudflare.com\\/report\\/v4?s=vpfAIT0iQ8YcNgZSLYvydHvYr6yh8ElusJTimttkOzY7f8TU4zuRR4qP1a16Ucy5%2Bkgv%2FdgvMApH8JF7NSXg5q%2FKMwQgbcqWnKgZsZjK966MKR7LU8%2BeqQ8qNfP7pB9I"}],"group":"cf-nel","max_age":604800}', 'NEL': '{"success_fraction":0,"report_to":"cf-nel","max_age":604800}', 'Server': 'cloudflare', 'CF-RAY': '86f6bc572c3081fd-IAD', 'alt-svc': 'h3=":443"; ma=86400'} 
 body={"results":[{"gender":"female","name":{"title":"Mrs","first":"Amy","last":"Mitchell"},"location":{"street":{"number":6482,"name":"Dundas Rd"},"city":"Westport","state":"Ontario","country":"Canada","postcode":"C4E 6P8","coordinates":{"latitude":"-67.0506","longitude":"36.4307"},"timezone":{"offset":"+1:00","description":"Brussels, Copenhagen, Madrid, Paris"}},"email":"amy.mitchell@example.com","login":{"uuid":"1a77a6fa-d4ab-4e3c-94a7-e39de60a76fa","username":"lazywolf285","password":"nope","salt":"tNU6oWLq","md5":"7f5a75e61b076c1ac38c29f19435d46d","sha1":"56ccfef10eb81134477f9640b79e9ed72212d5a8","sha256":"44fdc5842cb6e4a226fbf43ff2473b57e7f99fd1ddf71fe5b036825c89c82f62"},"dob":{"date":"1979-02-13T11:05:08.045Z","age":45},"registered":{"date":"2019-09-29T04:18:40.879Z","age":4},"phone":"J06 M49-6285","cell":"G02 M95-3619","id":{"name":"SIN","value":"000222844"},"picture":{"large":"https://randomuser.me/api/portraits/women/87.jpg","medium":"https://randomuser.me/api/portraits/med/women/87.jpg","thumbnail":"https://randomuser.me/api/portraits/thumb/women/87.jpg"},"nat":"CA"}],"info":{"seed":"cb6fbe15f0f82120","results":1,"page":1,"version":"1.4"}} 
 </msg>
<msg time="2024-04-05T04:18:42.505664" level="INFO">/opt/hostedtoolcache/Python/3.12.2/x64/lib/python3.12/site-packages/urllib3/connectionpool.py:1103: InsecureRequestWarning: Unverified HTTPS request is being made to host 'randomuser.me'. Adding certificate verification is strongly advised. See: https://urllib3.readthedocs.io/en/latest/advanced-usage.html#tls-warnings
  warnings.warn(</msg>
<msg time="2024-04-05T04:18:42.505789" level="INFO">${response} = &lt;Response [200]&gt;</msg>
<var>${response}</var>
<arg>consultarAPI</arg>
<arg>/api</arg>
<doc>Sends a GET request on a previously created HTTP Session.</doc>
<status status="PASS" start="2024-04-05T04:18:42.419074" elapsed="0.086746"/>
</kw>
<kw name="Set Variable" owner="BuiltIn">
<msg time="2024-04-05T04:18:42.506917" level="INFO">${json_data} = {'results': [{'gender': 'female', 'name': {'title': 'Mrs', 'first': 'Amy', 'last': 'Mitchell'}, 'location': {'street': {'number': 6482, 'name': 'Dundas Rd'}, 'city': 'Westport', 'state': 'Ontario', 'c...</msg>
<var>${json_data}</var>
<arg>${response.json()}</arg>
<doc>Returns the given values which can then be assigned to a variables.</doc>
<status status="PASS" start="2024-04-05T04:18:42.506389" elapsed="0.000559"/>
</kw>
<kw name="Set Variable" owner="BuiltIn">
<msg time="2024-04-05T04:18:42.507710" level="INFO">${name_title} = Mrs</msg>
<var>${name_title}</var>
<arg>${json_data["results"][0]["name"]["title"]}</arg>
<doc>Returns the given values which can then be assigned to a variables.</doc>
<status status="PASS" start="2024-04-05T04:18:42.507311" elapsed="0.000425"/>
</kw>
<kw name="Create List" owner="BuiltIn">
<msg time="2024-04-05T04:18:42.508213" level="INFO">${allowed_titles} = ['Mr', 'Ms', 'Miss', 'Mrs', 'Madame', 'Monsieur']</msg>
<var>${allowed_titles}</var>
<arg>Mr</arg>
<arg>Ms</arg>
<arg>Miss</arg>
<arg>Mrs</arg>
<arg>Madame</arg>
<arg>Monsieur</arg>
<doc>Returns a list containing given items.</doc>
<status status="PASS" start="2024-04-05T04:18:42.508057" elapsed="0.000180"/>
</kw>
<kw name="List Should Contain Value" owner="Collections">
<msg time="2024-04-05T04:18:42.508764" level="INFO">False</msg>
<arg>${allowed_titles}</arg>
<arg>${name_title}</arg>
<doc>Fails if the ``value`` is not found from ``list``.</doc>
<status status="PASS" start="2024-04-05T04:18:42.508578" elapsed="0.000225"/>
</kw>
<kw name="Set Variable" owner="BuiltIn">
<msg time="2024-04-05T04:18:42.509490" level="INFO">${name_country} = CA</msg>
<var>${name_country}</var>
<arg>${json_data["results"][0]["nat"]}</arg>
<doc>Returns the given values which can then be assigned to a variables.</doc>
<status status="PASS" start="2024-04-05T04:18:42.509102" elapsed="0.000441"/>
</kw>
<kw name="Create List" owner="BuiltIn">
<msg time="2024-04-05T04:18:42.510474" level="INFO">${list_country} = ['AD', 'AE', 'AF', 'AG', 'AI', 'AL', 'AM', 'AO', 'AQ', 'AR', 'AS', 'AT', 'AU', 'AW', 'AX', 'AZ', 'BA', 'BB', 'BD', 'BE', 'BF', 'BG', 'BH', 'BI', 'BJ', 'BL', 'BM', 'BN', 'BO', 'BQ', 'BR', 'BS', 'BT', '...</msg>
<var>${list_country}</var>
<arg>AD</arg>
<arg>AE</arg>
<arg>AF</arg>
<arg>AG</arg>
<arg>AI</arg>
<arg>AL</arg>
<arg>AM</arg>
<arg>AO</arg>
<arg>AQ</arg>
<arg>AR</arg>
<arg>AS</arg>
<arg>AT</arg>
<arg>AU</arg>
<arg>AW</arg>
<arg>AX</arg>
<arg>AZ</arg>
<arg>BA</arg>
<arg>BB</arg>
<arg>BD</arg>
<arg>BE</arg>
<arg>BF</arg>
<arg>BG</arg>
<arg>BH</arg>
<arg>BI</arg>
<arg>BJ</arg>
<arg>BL</arg>
<arg>BM</arg>
<arg>BN</arg>
<arg>BO</arg>
<arg>BQ</arg>
<arg>BR</arg>
<arg>BS</arg>
<arg>BT</arg>
<arg>BV</arg>
<arg>BW</arg>
<arg>BY</arg>
<arg>BZ</arg>
<arg>CA</arg>
<arg>CC</arg>
<arg>CD</arg>
<arg>CF</arg>
<arg>CG</arg>
<arg>CH</arg>
<arg>CI</arg>
<arg>CK</arg>
<arg>CL</arg>
<arg>CM</arg>
<arg>CN</arg>
<arg>CO</arg>
<arg>CR</arg>
<arg>CU</arg>
<arg>CV</arg>
<arg>CW</arg>
<arg>CX</arg>
<arg>CY</arg>
<arg>CZ</arg>
<arg>DE</arg>
<arg>DJ</arg>
<arg>DK</arg>
<arg>DM</arg>
<arg>DO</arg>
<arg>DZ</arg>
<arg>EC</arg>
<arg>EE</arg>
<arg>EG</arg>
<arg>EH</arg>
<arg>ER</arg>
<arg>ES</arg>
<arg>ET</arg>
<arg>FI</arg>
<arg>FJ</arg>
<arg>FK</arg>
<arg>FM</arg>
<arg>FO</arg>
<arg>FR</arg>
<arg>GA</arg>
<arg>GB</arg>
<arg>GD</arg>
<arg>GE</arg>
<arg>GF</arg>
<arg>GG</arg>
<arg>GH</arg>
<arg>GI</arg>
<arg>GL</arg>
<arg>GM</arg>
<arg>GN</arg>
<arg>GP</arg>
<arg>GQ</arg>
<arg>GR</arg>
<arg>GS</arg>
<arg>GT</arg>
<arg>GU</arg>
<arg>GW</arg>
<arg>GY</arg>
<arg>HK</arg>
<arg>HM</arg>
<arg>HN</arg>
<arg>HR</arg>
<arg>HT</arg>
<arg>HU</arg>
<arg>ID</arg>
<arg>IE</arg>
<arg>IL</arg>
<arg>IM</arg>
<arg>IN</arg>
<arg>IO</arg>
<arg>IQ</arg>
<arg>IR</arg>
<arg>IS</arg>
<arg>IT</arg>
<arg>JE</arg>
<arg>JM</arg>
<arg>JO</arg>
<arg>JP</arg>
<arg>KE</arg>
<arg>KG</arg>
<arg>KH</arg>
<arg>KI</arg>
<arg>KM</arg>
<arg>KN</arg>
<arg>KP</arg>
<arg>KR</arg>
<arg>KW</arg>
<arg>KY</arg>
<arg>KZ</arg>
<arg>LA</arg>
<arg>LB</arg>
<arg>LC</arg>
<arg>LI</arg>
<arg>LK</arg>
<arg>LR</arg>
<arg>LS</arg>
<arg>LT</arg>
<arg>LU</arg>
<arg>LV</arg>
<arg>LY</arg>
<arg>MA</arg>
<arg>MC</arg>
<arg>MD</arg>
<arg>ME</arg>
<arg>MF</arg>
<arg>MG</arg>
<arg>MH</arg>
<arg>MK</arg>
<arg>ML</arg>
<arg>MM</arg>
<arg>MN</arg>
<arg>MO</arg>
<arg>MP</arg>
<arg>MQ</arg>
<arg>MR</arg>
<arg>MS</arg>
<arg>MT</arg>
<arg>MU</arg>
<arg>MV</arg>
<arg>MW</arg>
<arg>MX</arg>
<arg>MY</arg>
<arg>MZ</arg>
<arg>NA</arg>
<arg>NC</arg>
<arg>NE</arg>
<arg>NF</arg>
<arg>NG</arg>
<arg>NI</arg>
<arg>NL</arg>
<arg>NO</arg>
<arg>NP</arg>
<arg>NR</arg>
<arg>NU</arg>
<arg>NZ</arg>
<arg>OM</arg>
<arg>PA</arg>
<arg>PE</arg>
<arg>PF</arg>
<arg>PG</arg>
<arg>PH</arg>
<arg>PK</arg>
<arg>PL</arg>
<arg>PM</arg>
<arg>PN</arg>
<arg>PR</arg>
<arg>PS</arg>
<arg>PT</arg>
<arg>PW</arg>
<arg>PY</arg>
<arg>QA</arg>
<arg>RE</arg>
<arg>RO</arg>
<arg>RS</arg>
<arg>RU</arg>
<arg>RW</arg>
<arg>SA</arg>
<arg>SB</arg>
<arg>SC</arg>
<arg>SD</arg>
<arg>SE</arg>
<arg>SG</arg>
<arg>SH</arg>
<arg>SI</arg>
<arg>SJ</arg>
<arg>SK</arg>
<arg>SL</arg>
<arg>SM</arg>
<arg>SN</arg>
<arg>SO</arg>
<arg>SR</arg>
<arg>SS</arg>
<arg>ST</arg>
<arg>SV</arg>
<arg>SX</arg>
<arg>SY</arg>
<arg>SZ</arg>
<arg>TC</arg>
<arg>TD</arg>
<arg>TF</arg>
<arg>TG</arg>
<arg>TH</arg>
<arg>TJ</arg>
<arg>TK</arg>
<arg>TL</arg>
<arg>TM</arg>
<arg>TN</arg>
<arg>TO</arg>
<arg>TR</arg>
<arg>TT</arg>
<arg>TV</arg>
<arg>TW</arg>
<arg>TZ</arg>
<arg>UA</arg>
<arg>UG</arg>
<arg>UM</arg>
<arg>US</arg>
<arg>UY</arg>
<arg>UZ</arg>
<arg>VA</arg>
<arg>VC</arg>
<arg>VE</arg>
<arg>VG</arg>
<arg>VI</arg>
<arg>VN</arg>
<arg>VU</arg>
<arg>WF</arg>
<arg>WS</arg>
<arg>XK</arg>
<arg>YE</arg>
<arg>YT</arg>
<arg>ZA</arg>
<arg>ZM</arg>
<arg>ZW</arg>
<doc>Returns a list containing given items.</doc>
<status status="PASS" start="2024-04-05T04:18:42.509870" elapsed="0.000630"/>
</kw>
<kw name="List Should Contain Value" owner="Collections">
<msg time="2024-04-05T04:18:42.511647" level="INFO">False</msg>
<arg>${list_country}</arg>
<arg>${name_country}</arg>
<doc>Fails if the ``value`` is not found from ``list``.</doc>
<status status="PASS" start="2024-04-05T04:18:42.511436" elapsed="0.000251"/>
</kw>
<kw name="Run Keyword If" owner="BuiltIn">
<kw name="Should Be True" owner="BuiltIn">
<arg>${True}</arg>
<doc>Fails if the given condition is not true.</doc>
<status status="PASS" start="2024-04-05T04:18:42.512774" elapsed="0.000149"/>
</kw>
<arg>${json_data["results"][0]["location"]["coordinates"]["latitude"]} &gt;= -90 and ${json_data["results"][0]["location"]["coordinates"]["latitude"]} &lt;= 90</arg>
<arg>Should Be True</arg>
<arg>${True}</arg>
<doc>Runs the given keyword with the given arguments, if ``condition`` is true.</doc>
<status status="PASS" start="2024-04-05T04:18:42.512005" elapsed="0.001051"/>
</kw>
<kw name="Run Keyword If" owner="BuiltIn">
<kw name="Should Be True" owner="BuiltIn">
<arg>${True}</arg>
<doc>Fails if the given condition is not true.</doc>
<status status="PASS" start="2024-04-05T04:18:42.514014" elapsed="0.000143"/>
</kw>
<arg>${json_data["results"][0]["location"]["coordinates"]["longitude"]} &gt;= -180 and ${json_data["results"][0]["location"]["coordinates"]["longitude"]} &lt;= 180</arg>
<arg>Should Be True</arg>
<arg>${True}</arg>
<doc>Runs the given keyword with the given arguments, if ``condition`` is true.</doc>
<status status="PASS" start="2024-04-05T04:18:42.513260" elapsed="0.001026"/>
</kw>
<status status="PASS" start="2024-04-05T04:18:42.418834" elapsed="0.095587"/>
</kw>
<doc>Testa o conteúdo específico dos campos retornados pela API.</doc>
<tag>testeConteudo</tag>
<status status="PASS" start="2024-04-05T04:18:42.418349" elapsed="0.096231"/>
</test>
<status status="PASS" start="2024-04-05T04:18:41.751391" elapsed="0.765209"/>
</suite>
<status status="PASS" start="2024-04-05T04:18:41.737800" elapsed="0.784307"/>
</suite>
<statistics>
<total>
<stat pass="5" fail="0" skip="0">All Tests</stat>
</total>
<tag>
<stat pass="1" fail="0" skip="0">testeConteudo</stat>
<stat pass="1" fail="0" skip="0">testeEstruturaResposta</stat>
<stat pass="1" fail="0" skip="0">testeRequisicaoBasica</stat>
<stat pass="1" fail="0" skip="0">testeTiposDados</stat>
</tag>
<suite>
<stat pass="5" fail="0" skip="0" id="s1" name="Tests">Tests</stat>
<stat pass="5" fail="0" skip="0" id="s1-s1" name="Random-User-Test">Tests.Random-User-Test</stat>
</suite>
</statistics>
<errors>
</errors>
</robot>
