<?xml version="1.0" encoding="UTF-8"?>
<robot generator="Robot 7.0.1 (Python 3.12.4 on linux)" generated="2024-07-13T13:16:07.686535" rpa="false" schemaversion="5">
<suite id="s1" name="Tests" source="/home/runner/work/ApiRandomUser/ApiRandomUser/RamdonUser/tests">
<suite id="s1-s1" name="Random-User-Test" source="/home/runner/work/ApiRandomUser/ApiRandomUser/RamdonUser/tests/random-user-test.robot">
<test id="s1-s1-t1" name="Conectar" line="13">
<kw name="Conectar API" owner="random-user-service">
<kw name="Create Session" owner="RequestsLibrary">
<msg time="2024-07-13T13:16:08.066374" level="INFO">Creating Session using : alias=consultarAPI, url=https://randomuser.me/, headers={},                     cookies={}, auth=None, timeout=None, proxies=None, verify=False,                     debug=0 </msg>
<arg>consultarAPI</arg>
<arg>${URL}</arg>
<doc>Create Session: create a HTTP session to a server</doc>
<status status="PASS" start="2024-07-13T13:16:08.066181" elapsed="0.000350"/>
</kw>
<status status="PASS" start="2024-07-13T13:16:08.065283" elapsed="0.001583"/>
</kw>
<status status="PASS" start="2024-07-13T13:16:08.064694" elapsed="0.002360"/>
</test>
<test id="s1-s1-t2" name="Validar retorno 200 e JSON Válido" line="16">
<kw name="Teste de Requisicao Basica" owner="random-user-service">
<kw name="GET On Session" owner="RequestsLibrary">
<msg time="2024-07-13T13:16:08.149191" level="INFO">GET Request : url=https://randomuser.me/api 
 path_url=/api 
 headers={'User-Agent': 'python-requests/2.32.3', 'Accept-Encoding': 'gzip, deflate', 'Accept': '*/*', 'Connection': 'keep-alive'} 
 body=None 
 </msg>
<msg time="2024-07-13T13:16:08.149289" level="INFO">GET Response : url=https://randomuser.me/api 
 status=200, reason=OK 
 headers={'Date': 'Sat, 13 Jul 2024 13:16:08 GMT', 'Content-Type': 'application/json; charset=utf-8', 'Transfer-Encoding': 'chunked', 'Connection': 'keep-alive', 'X-Powered-By': 'Express', 'Access-Control-Allow-Origin': '*', 'Cache-Control': 'no-cache', 'ETag': 'W/"499-BPM/WNw0tGF5XBaz4cVtkUmB4sA"', 'Vary': 'Accept-Encoding', 'Content-Encoding': 'gzip', 'CF-Cache-Status': 'DYNAMIC', 'Report-To': '{"endpoints":[{"url":"https:\\/\\/a.nel.cloudflare.com\\/report\\/v4?s=AEorKj8ow5iB9CXe3WSIygjylIfUqxUoSBKd5r2rQ8PEtx0FS8lxsliGiakyY33p%2F6a9%2FGk2eIFAgWxQU05meRGDgCM0338BAbLUxS%2Bmh41RuVfWmf8y7VhrH6VbNhdU"}],"group":"cf-nel","max_age":604800}', 'NEL': '{"success_fraction":0,"report_to":"cf-nel","max_age":604800}', 'Server': 'cloudflare', 'CF-RAY': '8a298bb6cad8205d-IAD', 'alt-svc': 'h3=":443"; ma=86400'} 
 body={"results":[{"gender":"female","name":{"title":"Mrs","first":"Linnea","last":"Jokela"},"location":{"street":{"number":3172,"name":"Myllypuronkatu"},"city":"Malax","state":"Päijät-Häme","country":"Finland","postcode":32846,"coordinates":{"latitude":"-25.3921","longitude":"98.6246"},"timezone":{"offset":"-8:00","description":"Pacific Time (US &amp; Canada)"}},"email":"linnea.jokela@example.com","login":{"uuid":"73925779-4a00-4156-aa24-abee4f978686","username":"crazyostrich766","password":"blessing","salt":"OachvAxP","md5":"d9475c817f50c559938d35a2530e36d5","sha1":"6be6d4bdd8858097bb33e3045b9f3036a96922d4","sha256":"bda35219f4f32b49f0bf307f52fd96ff80778319c19c3d45f934bba9a6cfac63"},"dob":{"date":"1995-08-19T05:46:01.430Z","age":28},"registered":{"date":"2020-07-14T09:48:36.896Z","age":3},"phone":"09-545-354","cell":"044-949-86-03","id":{"name":"HETU","value":"NaNNA766undefined"},"picture":{"large":"https://randomuser.me/api/portraits/women/25.jpg","medium":"https://randomuser.me/api/portraits/med/women/25.jpg","thumbnail":"https://randomuser.me/api/portraits/thumb/women/25.jpg"},"nat":"FI"}],"info":{"seed":"f779bd13a1ae50cc","results":1,"page":1,"version":"1.4"}} 
 </msg>
<msg time="2024-07-13T13:16:08.149363" level="INFO">/opt/hostedtoolcache/Python/3.12.4/x64/lib/python3.12/site-packages/urllib3/connectionpool.py:1099: InsecureRequestWarning: Unverified HTTPS request is being made to host 'randomuser.me'. Adding certificate verification is strongly advised. See: https://urllib3.readthedocs.io/en/latest/advanced-usage.html#tls-warnings
  warnings.warn(</msg>
<msg time="2024-07-13T13:16:08.149468" level="INFO">${response} = &lt;Response [200]&gt;</msg>
<var>${response}</var>
<arg>consultarAPI</arg>
<arg>/api</arg>
<doc>Sends a GET request on a previously created HTTP Session.</doc>
<status status="PASS" start="2024-07-13T13:16:08.069729" elapsed="0.079789"/>
</kw>
<kw name="Should Be Equal As Numbers" owner="BuiltIn">
<msg time="2024-07-13T13:16:08.150483" level="INFO">Argument types are:
&lt;class 'int'&gt;
&lt;class 'str'&gt;</msg>
<arg>${response.status_code}</arg>
<arg>200</arg>
<doc>Fails if objects are unequal after converting them to real numbers.</doc>
<status status="PASS" start="2024-07-13T13:16:08.149986" elapsed="0.000560"/>
</kw>
<kw name="Log" owner="BuiltIn">
<msg time="2024-07-13T13:16:08.151217" level="INFO">200</msg>
<arg>${response.status_code}</arg>
<doc>Logs the given message with the given level.</doc>
<status status="PASS" start="2024-07-13T13:16:08.150862" elapsed="0.000399"/>
</kw>
<kw name="Set Variable" owner="BuiltIn">
<msg time="2024-07-13T13:16:08.151999" level="INFO">${json_data} = {'results': [{'gender': 'female', 'name': {'title': 'Mrs', 'first': 'Linnea', 'last': 'Jokela'}, 'location': {'street': {'number': 3172, 'name': 'Myllypuronkatu'}, 'city': 'Malax', 'state': 'Päijät-Hä...</msg>
<var>${json_data}</var>
<arg>${response.json()}</arg>
<doc>Returns the given values which can then be assigned to a variables.</doc>
<status status="PASS" start="2024-07-13T13:16:08.151565" elapsed="0.000464"/>
</kw>
<kw name="Dictionary Should Contain Key" owner="Collections">
<arg>${json_data}</arg>
<arg>results</arg>
<doc>Fails if ``key`` is not found from ``dictionary``.</doc>
<status status="PASS" start="2024-07-13T13:16:08.152324" elapsed="0.000167"/>
</kw>
<status status="PASS" start="2024-07-13T13:16:08.069461" elapsed="0.083223"/>
</kw>
<doc>Testa se a API responde corretamente e retorna um objeto JSON válido.</doc>
<tag>testeRequisicaoBasica</tag>
<status status="PASS" start="2024-07-13T13:16:08.068932" elapsed="0.083917"/>
</test>
<test id="s1-s1-t3" name="Validar estrutura de resposta" line="22">
<kw name="Teste de Estrutura de Resposta" owner="random-user-service">
<kw name="GET On Session" owner="RequestsLibrary">
<msg time="2024-07-13T13:16:08.249312" level="INFO">GET Request : url=https://randomuser.me/api 
 path_url=/api 
 headers={'User-Agent': 'python-requests/2.32.3', 'Accept-Encoding': 'gzip, deflate', 'Accept': '*/*', 'Connection': 'keep-alive'} 
 body=None 
 </msg>
<msg time="2024-07-13T13:16:08.249376" level="INFO">GET Response : url=https://randomuser.me/api 
 status=200, reason=OK 
 headers={'Date': 'Sat, 13 Jul 2024 13:16:08 GMT', 'Content-Type': 'application/json; charset=utf-8', 'Transfer-Encoding': 'chunked', 'Connection': 'keep-alive', 'X-Powered-By': 'Express', 'Access-Control-Allow-Origin': '*', 'Cache-Control': 'no-cache', 'ETag': 'W/"494-QNK2V5qO3vLTNym1ZiuuCbE3v2A"', 'Vary': 'Accept-Encoding', 'Content-Encoding': 'gzip', 'CF-Cache-Status': 'DYNAMIC', 'Report-To': '{"endpoints":[{"url":"https:\\/\\/a.nel.cloudflare.com\\/report\\/v4?s=b1jhkUtzUbfjBtXHxR3pFZiFvcF2mFOcy6DTopMvGSOQhz4FFIB4x%2B0MpTLXImcu5J6QRHtrQrBgHvxSY%2FkzNB0grTuPhR0r8QTAwcZDSIjZtHdIybm6roDmLTl%2BefU4"}],"group":"cf-nel","max_age":604800}', 'NEL': '{"success_fraction":0,"report_to":"cf-nel","max_age":604800}', 'Server': 'cloudflare', 'CF-RAY': '8a298bb70b07205d-IAD', 'alt-svc': 'h3=":443"; ma=86400'} 
 body={"results":[{"gender":"female","name":{"title":"Ms","first":"Veera","last":"Rantanen"},"location":{"street":{"number":6340,"name":"Satakennankatu"},"city":"Kerava","state":"Tavastia Proper","country":"Finland","postcode":91552,"coordinates":{"latitude":"-27.4960","longitude":"174.5700"},"timezone":{"offset":"-11:00","description":"Midway Island, Samoa"}},"email":"veera.rantanen@example.com","login":{"uuid":"ecd0ac4e-e783-4b77-881c-c9973952cdad","username":"smallrabbit618","password":"bean","salt":"EHmQCCVG","md5":"aa97abed3f04473bcf91efa1db6c2c40","sha1":"b72bc8b96faa30d1aaec4329f79d876b67ea63c4","sha256":"9981f85a31e0ee07f06117399d0f25ca81878ad5a260e98c927d773a13ccb0b7"},"dob":{"date":"1979-05-16T15:16:12.299Z","age":45},"registered":{"date":"2011-02-18T23:10:08.501Z","age":13},"phone":"06-317-868","cell":"041-717-28-28","id":{"name":"HETU","value":"NaNNA054undefined"},"picture":{"large":"https://randomuser.me/api/portraits/women/21.jpg","medium":"https://randomuser.me/api/portraits/med/women/21.jpg","thumbnail":"https://randomuser.me/api/portraits/thumb/women/21.jpg"},"nat":"FI"}],"info":{"seed":"aaba9f0f39711ea4","results":1,"page":1,"version":"1.4"}} 
 </msg>
<msg time="2024-07-13T13:16:08.249471" level="INFO">/opt/hostedtoolcache/Python/3.12.4/x64/lib/python3.12/site-packages/urllib3/connectionpool.py:1099: InsecureRequestWarning: Unverified HTTPS request is being made to host 'randomuser.me'. Adding certificate verification is strongly advised. See: https://urllib3.readthedocs.io/en/latest/advanced-usage.html#tls-warnings
  warnings.warn(</msg>
<msg time="2024-07-13T13:16:08.249565" level="INFO">${response} = &lt;Response [200]&gt;</msg>
<var>${response}</var>
<arg>consultarAPI</arg>
<arg>/api</arg>
<doc>Sends a GET request on a previously created HTTP Session.</doc>
<status status="PASS" start="2024-07-13T13:16:08.155442" elapsed="0.094165"/>
</kw>
<kw name="Set Variable" owner="BuiltIn">
<msg time="2024-07-13T13:16:08.250616" level="INFO">${json_data} = {'results': [{'gender': 'female', 'name': {'title': 'Ms', 'first': 'Veera', 'last': 'Rantanen'}, 'location': {'street': {'number': 6340, 'name': 'Satakennankatu'}, 'city': 'Kerava', 'state': 'Tavastia...</msg>
<var>${json_data}</var>
<arg>${response.json()}</arg>
<doc>Returns the given values which can then be assigned to a variables.</doc>
<status status="PASS" start="2024-07-13T13:16:08.250056" elapsed="0.000590"/>
</kw>
<kw name="Log" owner="BuiltIn">
<msg time="2024-07-13T13:16:08.251109" level="INFO">{'results': [{'gender': 'female', 'name': {'title': 'Ms', 'first': 'Veera', 'last': 'Rantanen'}, 'location': {'street': {'number': 6340, 'name': 'Satakennankatu'}, 'city': 'Kerava', 'state': 'Tavastia Proper', 'country': 'Finland', 'postcode': 91552, 'coordinates': {'latitude': '-27.4960', 'longitude': '174.5700'}, 'timezone': {'offset': '-11:00', 'description': 'Midway Island, Samoa'}}, 'email': 'veera.rantanen@example.com', 'login': {'uuid': 'ecd0ac4e-e783-4b77-881c-c9973952cdad', 'username': 'smallrabbit618', 'password': 'bean', 'salt': 'EHmQCCVG', 'md5': 'aa97abed3f04473bcf91efa1db6c2c40', 'sha1': 'b72bc8b96faa30d1aaec4329f79d876b67ea63c4', 'sha256': '9981f85a31e0ee07f06117399d0f25ca81878ad5a260e98c927d773a13ccb0b7'}, 'dob': {'date': '1979-05-16T15:16:12.299Z', 'age': 45}, 'registered': {'date': '2011-02-18T23:10:08.501Z', 'age': 13}, 'phone': '06-317-868', 'cell': '041-717-28-28', 'id': {'name': 'HETU', 'value': 'NaNNA054undefined'}, 'picture': {'large': 'https://randomuser.me/api/portraits/women/21.jpg', 'medium': 'https://randomuser.me/api/portraits/med/women/21.jpg', 'thumbnail': 'https://randomuser.me/api/portraits/thumb/women/21.jpg'}, 'nat': 'FI'}], 'info': {'seed': 'aaba9f0f39711ea4', 'results': 1, 'page': 1, 'version': '1.4'}}</msg>
<arg>${json_data}</arg>
<doc>Logs the given message with the given level.</doc>
<status status="PASS" start="2024-07-13T13:16:08.250953" elapsed="0.000205"/>
</kw>
<kw name="Dictionary Should Contain Key" owner="Collections">
<arg>${json_data}</arg>
<arg>results</arg>
<doc>Fails if ``key`` is not found from ``dictionary``.</doc>
<status status="PASS" start="2024-07-13T13:16:08.251447" elapsed="0.000159"/>
</kw>
<kw name="Should Not Be Empty" owner="BuiltIn">
<msg time="2024-07-13T13:16:08.251919" level="INFO">Length is 2.</msg>
<arg>${json_data}</arg>
<doc>Verifies that the given item is not empty.</doc>
<status status="PASS" start="2024-07-13T13:16:08.251790" elapsed="0.000168"/>
</kw>
<kw name="Create List" owner="BuiltIn">
<msg time="2024-07-13T13:16:08.252522" level="INFO">${expected_keys} = ['gender', 'name', 'location', 'email', 'login']</msg>
<var>${expected_keys}</var>
<arg>gender</arg>
<arg>name</arg>
<arg>location</arg>
<arg>email</arg>
<arg>login</arg>
<doc>Returns a list containing given items.</doc>
<status status="PASS" start="2024-07-13T13:16:08.252244" elapsed="0.000340"/>
</kw>
<for flavor="IN">
<iter>
<kw name="Dictionary Should Contain Key" owner="Collections">
<arg>${json_data['results'][0]}</arg>
<arg>${key}</arg>
<doc>Fails if ``key`` is not found from ``dictionary``.</doc>
<status status="PASS" start="2024-07-13T13:16:08.253160" elapsed="0.000407"/>
</kw>
<kw name="Log" owner="BuiltIn">
<msg time="2024-07-13T13:16:08.254110" level="INFO">{'gender': 'female', 'name': {'title': 'Ms', 'first': 'Veera', 'last': 'Rantanen'}, 'location': {'street': {'number': 6340, 'name': 'Satakennankatu'}, 'city': 'Kerava', 'state': 'Tavastia Proper', 'country': 'Finland', 'postcode': 91552, 'coordinates': {'latitude': '-27.4960', 'longitude': '174.5700'}, 'timezone': {'offset': '-11:00', 'description': 'Midway Island, Samoa'}}, 'email': 'veera.rantanen@example.com', 'login': {'uuid': 'ecd0ac4e-e783-4b77-881c-c9973952cdad', 'username': 'smallrabbit618', 'password': 'bean', 'salt': 'EHmQCCVG', 'md5': 'aa97abed3f04473bcf91efa1db6c2c40', 'sha1': 'b72bc8b96faa30d1aaec4329f79d876b67ea63c4', 'sha256': '9981f85a31e0ee07f06117399d0f25ca81878ad5a260e98c927d773a13ccb0b7'}, 'dob': {'date': '1979-05-16T15:16:12.299Z', 'age': 45}, 'registered': {'date': '2011-02-18T23:10:08.501Z', 'age': 13}, 'phone': '06-317-868', 'cell': '041-717-28-28', 'id': {'name': 'HETU', 'value': 'NaNNA054undefined'}, 'picture': {'large': 'https://randomuser.me/api/portraits/women/21.jpg', 'medium': 'https://randomuser.me/api/portraits/med/women/21.jpg', 'thumbnail': 'https://randomuser.me/api/portraits/thumb/women/21.jpg'}, 'nat': 'FI'}</msg>
<arg>${json_data['results'][0]}</arg>
<doc>Logs the given message with the given level.</doc>
<status status="PASS" start="2024-07-13T13:16:08.253754" elapsed="0.000406"/>
</kw>
<kw name="Log" owner="BuiltIn">
<msg time="2024-07-13T13:16:08.254594" level="INFO">gender</msg>
<arg>${key}</arg>
<doc>Logs the given message with the given level.</doc>
<status status="PASS" start="2024-07-13T13:16:08.254464" elapsed="0.000169"/>
</kw>
<var name="${key}">gender</var>
<status status="PASS" start="2024-07-13T13:16:08.253038" elapsed="0.001812"/>
</iter>
<iter>
<kw name="Dictionary Should Contain Key" owner="Collections">
<arg>${json_data['results'][0]}</arg>
<arg>${key}</arg>
<doc>Fails if ``key`` is not found from ``dictionary``.</doc>
<status status="PASS" start="2024-07-13T13:16:08.255148" elapsed="0.000393"/>
</kw>
<kw name="Log" owner="BuiltIn">
<msg time="2024-07-13T13:16:08.256081" level="INFO">{'gender': 'female', 'name': {'title': 'Ms', 'first': 'Veera', 'last': 'Rantanen'}, 'location': {'street': {'number': 6340, 'name': 'Satakennankatu'}, 'city': 'Kerava', 'state': 'Tavastia Proper', 'country': 'Finland', 'postcode': 91552, 'coordinates': {'latitude': '-27.4960', 'longitude': '174.5700'}, 'timezone': {'offset': '-11:00', 'description': 'Midway Island, Samoa'}}, 'email': 'veera.rantanen@example.com', 'login': {'uuid': 'ecd0ac4e-e783-4b77-881c-c9973952cdad', 'username': 'smallrabbit618', 'password': 'bean', 'salt': 'EHmQCCVG', 'md5': 'aa97abed3f04473bcf91efa1db6c2c40', 'sha1': 'b72bc8b96faa30d1aaec4329f79d876b67ea63c4', 'sha256': '9981f85a31e0ee07f06117399d0f25ca81878ad5a260e98c927d773a13ccb0b7'}, 'dob': {'date': '1979-05-16T15:16:12.299Z', 'age': 45}, 'registered': {'date': '2011-02-18T23:10:08.501Z', 'age': 13}, 'phone': '06-317-868', 'cell': '041-717-28-28', 'id': {'name': 'HETU', 'value': 'NaNNA054undefined'}, 'picture': {'large': 'https://randomuser.me/api/portraits/women/21.jpg', 'medium': 'https://randomuser.me/api/portraits/med/women/21.jpg', 'thumbnail': 'https://randomuser.me/api/portraits/thumb/women/21.jpg'}, 'nat': 'FI'}</msg>
<arg>${json_data['results'][0]}</arg>
<doc>Logs the given message with the given level.</doc>
<status status="PASS" start="2024-07-13T13:16:08.255722" elapsed="0.000442"/>
</kw>
<kw name="Log" owner="BuiltIn">
<msg time="2024-07-13T13:16:08.256618" level="INFO">name</msg>
<arg>${key}</arg>
<doc>Logs the given message with the given level.</doc>
<status status="PASS" start="2024-07-13T13:16:08.256461" elapsed="0.000197"/>
</kw>
<var name="${key}">name</var>
<status status="PASS" start="2024-07-13T13:16:08.255036" elapsed="0.001843"/>
</iter>
<iter>
<kw name="Dictionary Should Contain Key" owner="Collections">
<arg>${json_data['results'][0]}</arg>
<arg>${key}</arg>
<doc>Fails if ``key`` is not found from ``dictionary``.</doc>
<status status="PASS" start="2024-07-13T13:16:08.257168" elapsed="0.000387"/>
</kw>
<kw name="Log" owner="BuiltIn">
<msg time="2024-07-13T13:16:08.258086" level="INFO">{'gender': 'female', 'name': {'title': 'Ms', 'first': 'Veera', 'last': 'Rantanen'}, 'location': {'street': {'number': 6340, 'name': 'Satakennankatu'}, 'city': 'Kerava', 'state': 'Tavastia Proper', 'country': 'Finland', 'postcode': 91552, 'coordinates': {'latitude': '-27.4960', 'longitude': '174.5700'}, 'timezone': {'offset': '-11:00', 'description': 'Midway Island, Samoa'}}, 'email': 'veera.rantanen@example.com', 'login': {'uuid': 'ecd0ac4e-e783-4b77-881c-c9973952cdad', 'username': 'smallrabbit618', 'password': 'bean', 'salt': 'EHmQCCVG', 'md5': 'aa97abed3f04473bcf91efa1db6c2c40', 'sha1': 'b72bc8b96faa30d1aaec4329f79d876b67ea63c4', 'sha256': '9981f85a31e0ee07f06117399d0f25ca81878ad5a260e98c927d773a13ccb0b7'}, 'dob': {'date': '1979-05-16T15:16:12.299Z', 'age': 45}, 'registered': {'date': '2011-02-18T23:10:08.501Z', 'age': 13}, 'phone': '06-317-868', 'cell': '041-717-28-28', 'id': {'name': 'HETU', 'value': 'NaNNA054undefined'}, 'picture': {'large': 'https://randomuser.me/api/portraits/women/21.jpg', 'medium': 'https://randomuser.me/api/portraits/med/women/21.jpg', 'thumbnail': 'https://randomuser.me/api/portraits/thumb/women/21.jpg'}, 'nat': 'FI'}</msg>
<arg>${json_data['results'][0]}</arg>
<doc>Logs the given message with the given level.</doc>
<status status="PASS" start="2024-07-13T13:16:08.257738" elapsed="0.000398"/>
</kw>
<kw name="Log" owner="BuiltIn">
<msg time="2024-07-13T13:16:08.258559" level="INFO">location</msg>
<arg>${key}</arg>
<doc>Logs the given message with the given level.</doc>
<status status="PASS" start="2024-07-13T13:16:08.258430" elapsed="0.000166"/>
</kw>
<var name="${key}">location</var>
<status status="PASS" start="2024-07-13T13:16:08.257059" elapsed="0.001751"/>
</iter>
<iter>
<kw name="Dictionary Should Contain Key" owner="Collections">
<arg>${json_data['results'][0]}</arg>
<arg>${key}</arg>
<doc>Fails if ``key`` is not found from ``dictionary``.</doc>
<status status="PASS" start="2024-07-13T13:16:08.259086" elapsed="0.000383"/>
</kw>
<kw name="Log" owner="BuiltIn">
<msg time="2024-07-13T13:16:08.260007" level="INFO">{'gender': 'female', 'name': {'title': 'Ms', 'first': 'Veera', 'last': 'Rantanen'}, 'location': {'street': {'number': 6340, 'name': 'Satakennankatu'}, 'city': 'Kerava', 'state': 'Tavastia Proper', 'country': 'Finland', 'postcode': 91552, 'coordinates': {'latitude': '-27.4960', 'longitude': '174.5700'}, 'timezone': {'offset': '-11:00', 'description': 'Midway Island, Samoa'}}, 'email': 'veera.rantanen@example.com', 'login': {'uuid': 'ecd0ac4e-e783-4b77-881c-c9973952cdad', 'username': 'smallrabbit618', 'password': 'bean', 'salt': 'EHmQCCVG', 'md5': 'aa97abed3f04473bcf91efa1db6c2c40', 'sha1': 'b72bc8b96faa30d1aaec4329f79d876b67ea63c4', 'sha256': '9981f85a31e0ee07f06117399d0f25ca81878ad5a260e98c927d773a13ccb0b7'}, 'dob': {'date': '1979-05-16T15:16:12.299Z', 'age': 45}, 'registered': {'date': '2011-02-18T23:10:08.501Z', 'age': 13}, 'phone': '06-317-868', 'cell': '041-717-28-28', 'id': {'name': 'HETU', 'value': 'NaNNA054undefined'}, 'picture': {'large': 'https://randomuser.me/api/portraits/women/21.jpg', 'medium': 'https://randomuser.me/api/portraits/med/women/21.jpg', 'thumbnail': 'https://randomuser.me/api/portraits/thumb/women/21.jpg'}, 'nat': 'FI'}</msg>
<arg>${json_data['results'][0]}</arg>
<doc>Logs the given message with the given level.</doc>
<status status="PASS" start="2024-07-13T13:16:08.259656" elapsed="0.000400"/>
</kw>
<kw name="Log" owner="BuiltIn">
<msg time="2024-07-13T13:16:08.260479" level="INFO">email</msg>
<arg>${key}</arg>
<doc>Logs the given message with the given level.</doc>
<status status="PASS" start="2024-07-13T13:16:08.260347" elapsed="0.000170"/>
</kw>
<var name="${key}">email</var>
<status status="PASS" start="2024-07-13T13:16:08.258980" elapsed="0.001801"/>
</iter>
<iter>
<kw name="Dictionary Should Contain Key" owner="Collections">
<arg>${json_data['results'][0]}</arg>
<arg>${key}</arg>
<doc>Fails if ``key`` is not found from ``dictionary``.</doc>
<status status="PASS" start="2024-07-13T13:16:08.261065" elapsed="0.000389"/>
</kw>
<kw name="Log" owner="BuiltIn">
<msg time="2024-07-13T13:16:08.261986" level="INFO">{'gender': 'female', 'name': {'title': 'Ms', 'first': 'Veera', 'last': 'Rantanen'}, 'location': {'street': {'number': 6340, 'name': 'Satakennankatu'}, 'city': 'Kerava', 'state': 'Tavastia Proper', 'country': 'Finland', 'postcode': 91552, 'coordinates': {'latitude': '-27.4960', 'longitude': '174.5700'}, 'timezone': {'offset': '-11:00', 'description': 'Midway Island, Samoa'}}, 'email': 'veera.rantanen@example.com', 'login': {'uuid': 'ecd0ac4e-e783-4b77-881c-c9973952cdad', 'username': 'smallrabbit618', 'password': 'bean', 'salt': 'EHmQCCVG', 'md5': 'aa97abed3f04473bcf91efa1db6c2c40', 'sha1': 'b72bc8b96faa30d1aaec4329f79d876b67ea63c4', 'sha256': '9981f85a31e0ee07f06117399d0f25ca81878ad5a260e98c927d773a13ccb0b7'}, 'dob': {'date': '1979-05-16T15:16:12.299Z', 'age': 45}, 'registered': {'date': '2011-02-18T23:10:08.501Z', 'age': 13}, 'phone': '06-317-868', 'cell': '041-717-28-28', 'id': {'name': 'HETU', 'value': 'NaNNA054undefined'}, 'picture': {'large': 'https://randomuser.me/api/portraits/women/21.jpg', 'medium': 'https://randomuser.me/api/portraits/med/women/21.jpg', 'thumbnail': 'https://randomuser.me/api/portraits/thumb/women/21.jpg'}, 'nat': 'FI'}</msg>
<arg>${json_data['results'][0]}</arg>
<doc>Logs the given message with the given level.</doc>
<status status="PASS" start="2024-07-13T13:16:08.261635" elapsed="0.000400"/>
</kw>
<kw name="Log" owner="BuiltIn">
<msg time="2024-07-13T13:16:08.262457" level="INFO">login</msg>
<arg>${key}</arg>
<doc>Logs the given message with the given level.</doc>
<status status="PASS" start="2024-07-13T13:16:08.262325" elapsed="0.000169"/>
</kw>
<var name="${key}">login</var>
<status status="PASS" start="2024-07-13T13:16:08.260951" elapsed="0.001757"/>
</iter>
<var>${key}</var>
<value>@{expected_keys}</value>
<status status="PASS" start="2024-07-13T13:16:08.252857" elapsed="0.009972"/>
</for>
<kw name="Create List" owner="BuiltIn">
<msg time="2024-07-13T13:16:08.263157" level="INFO">${expected_keysTwo} = ['username', 'password']</msg>
<var>${expected_keysTwo}</var>
<arg>username</arg>
<arg>password</arg>
<doc>Returns a list containing given items.</doc>
<status status="PASS" start="2024-07-13T13:16:08.263018" elapsed="0.000191"/>
</kw>
<for flavor="IN">
<iter>
<kw name="Dictionary Should Contain Key" owner="Collections">
<arg>${json_data['results'][0]['login']}</arg>
<arg>${keyTwo}</arg>
<doc>Fails if ``key`` is not found from ``dictionary``.</doc>
<status status="PASS" start="2024-07-13T13:16:08.263712" elapsed="0.000389"/>
</kw>
<kw name="Dictionary Should Contain Key" owner="Collections">
<arg>${json_data['results'][0]['login']}</arg>
<arg>${keyTwo}</arg>
<doc>Fails if ``key`` is not found from ``dictionary``.</doc>
<status status="PASS" start="2024-07-13T13:16:08.264281" elapsed="0.000413"/>
</kw>
<kw name="Log" owner="BuiltIn">
<msg time="2024-07-13T13:16:08.265003" level="INFO">username</msg>
<arg>${keyTwo}</arg>
<doc>Logs the given message with the given level.</doc>
<status status="PASS" start="2024-07-13T13:16:08.264880" elapsed="0.000160"/>
</kw>
<var name="${keyTwo}">username</var>
<status status="PASS" start="2024-07-13T13:16:08.263605" elapsed="0.001654"/>
</iter>
<iter>
<kw name="Dictionary Should Contain Key" owner="Collections">
<arg>${json_data['results'][0]['login']}</arg>
<arg>${keyTwo}</arg>
<doc>Fails if ``key`` is not found from ``dictionary``.</doc>
<status status="PASS" start="2024-07-13T13:16:08.265537" elapsed="0.000391"/>
</kw>
<kw name="Dictionary Should Contain Key" owner="Collections">
<arg>${json_data['results'][0]['login']}</arg>
<arg>${keyTwo}</arg>
<doc>Fails if ``key`` is not found from ``dictionary``.</doc>
<status status="PASS" start="2024-07-13T13:16:08.266105" elapsed="0.000367"/>
</kw>
<kw name="Log" owner="BuiltIn">
<msg time="2024-07-13T13:16:08.266763" level="INFO">password</msg>
<arg>${keyTwo}</arg>
<doc>Logs the given message with the given level.</doc>
<status status="PASS" start="2024-07-13T13:16:08.266645" elapsed="0.000159"/>
</kw>
<var name="${keyTwo}">password</var>
<status status="PASS" start="2024-07-13T13:16:08.265431" elapsed="0.001681"/>
</iter>
<var>${keyTwo}</var>
<value>@{expected_keysTwo}</value>
<status status="PASS" start="2024-07-13T13:16:08.263452" elapsed="0.003781"/>
</for>
<status status="PASS" start="2024-07-13T13:16:08.155209" elapsed="0.112160"/>
</kw>
<doc>Testa a estrutura da resposta da API.</doc>
<tag>testeEstruturaResposta</tag>
<status status="PASS" start="2024-07-13T13:16:08.154640" elapsed="0.112870"/>
</test>
<test id="s1-s1-t4" name="Validar tipos de dados" line="28">
<kw name="Teste de Tipos de Dados" owner="random-user-service">
<kw name="GET On Session" owner="RequestsLibrary">
<msg time="2024-07-13T13:16:08.377414" level="INFO">GET Request : url=https://randomuser.me/api 
 path_url=/api 
 headers={'User-Agent': 'python-requests/2.32.3', 'Accept-Encoding': 'gzip, deflate', 'Accept': '*/*', 'Connection': 'keep-alive'} 
 body=None 
 </msg>
<msg time="2024-07-13T13:16:08.377490" level="INFO">GET Response : url=https://randomuser.me/api 
 status=200, reason=OK 
 headers={'Date': 'Sat, 13 Jul 2024 13:16:08 GMT', 'Content-Type': 'application/json; charset=utf-8', 'Transfer-Encoding': 'chunked', 'Connection': 'keep-alive', 'X-Powered-By': 'Express', 'Access-Control-Allow-Origin': '*', 'Cache-Control': 'no-cache', 'ETag': 'W/"47e-IGp//hQ4sBriR+ZV+ykxTcyxCQE"', 'Vary': 'Accept-Encoding', 'Content-Encoding': 'gzip', 'CF-Cache-Status': 'DYNAMIC', 'Report-To': '{"endpoints":[{"url":"https:\\/\\/a.nel.cloudflare.com\\/report\\/v4?s=cTlTwn14ugvBe%2FB9VWKoU%2BYqAguIdFP7gOkgRY5SeSioQYLKky%2FoK3DbAkeZR4wq%2B%2FP1LOs8jBonwkpnD6wUZwSVMC6ucwJ4weWht4HFGqJkmLtnZf7zMm%2BBe%2Bfh%2FOht"}],"group":"cf-nel","max_age":604800}', 'NEL': '{"success_fraction":0,"report_to":"cf-nel","max_age":604800}', 'Server': 'cloudflare', 'CF-RAY': '8a298bb7cbc7205d-IAD', 'alt-svc': 'h3=":443"; ma=86400'} 
 body={"results":[{"gender":"female","name":{"title":"Ms","first":"Borka","last":"Novak"},"location":{"street":{"number":434,"name":"Partizanski Sastanak"},"city":"Pančevo","state":"Jablanica","country":"Serbia","postcode":26385,"coordinates":{"latitude":"63.4742","longitude":"18.4307"},"timezone":{"offset":"-3:30","description":"Newfoundland"}},"email":"borka.novak@example.com","login":{"uuid":"27f40a92-2bab-4dcb-a7e6-4600e8f949df","username":"greenelephant457","password":"teddy","salt":"UOR2WThC","md5":"9491901d9b965d5a415c48d07d7a6c2c","sha1":"d34d7afc7501d03b2348e5a51926146a931245ec","sha256":"07366d037b25bc1d7320cd6f0babe8b04e47fcd9dce32ca4411e5cfdb9a918e4"},"dob":{"date":"1947-05-09T09:31:40.302Z","age":77},"registered":{"date":"2003-04-11T02:57:52.252Z","age":21},"phone":"029-6368-943","cell":"061-8908-453","id":{"name":"SID","value":"469923509"},"picture":{"large":"https://randomuser.me/api/portraits/women/86.jpg","medium":"https://randomuser.me/api/portraits/med/women/86.jpg","thumbnail":"https://randomuser.me/api/portraits/thumb/women/86.jpg"},"nat":"RS"}],"info":{"seed":"93421a664da2ddab","results":1,"page":1,"version":"1.4"}} 
 </msg>
<msg time="2024-07-13T13:16:08.377550" level="INFO">/opt/hostedtoolcache/Python/3.12.4/x64/lib/python3.12/site-packages/urllib3/connectionpool.py:1099: InsecureRequestWarning: Unverified HTTPS request is being made to host 'randomuser.me'. Adding certificate verification is strongly advised. See: https://urllib3.readthedocs.io/en/latest/advanced-usage.html#tls-warnings
  warnings.warn(</msg>
<msg time="2024-07-13T13:16:08.377635" level="INFO">${response} = &lt;Response [200]&gt;</msg>
<var>${response}</var>
<arg>consultarAPI</arg>
<arg>/api</arg>
<doc>Sends a GET request on a previously created HTTP Session.</doc>
<status status="PASS" start="2024-07-13T13:16:08.270021" elapsed="0.107655"/>
</kw>
<kw name="Set Variable" owner="BuiltIn">
<msg time="2024-07-13T13:16:08.378695" level="INFO">${json_data} = {'results': [{'gender': 'female', 'name': {'title': 'Ms', 'first': 'Borka', 'last': 'Novak'}, 'location': {'street': {'number': 434, 'name': 'Partizanski Sastanak'}, 'city': 'Pančevo', 'state': 'Jabla...</msg>
<var>${json_data}</var>
<arg>${response.json()}</arg>
<doc>Returns the given values which can then be assigned to a variables.</doc>
<status status="PASS" start="2024-07-13T13:16:08.378130" elapsed="0.000596"/>
</kw>
<kw name="Log" owner="BuiltIn">
<msg time="2024-07-13T13:16:08.379187" level="INFO">{'results': [{'gender': 'female', 'name': {'title': 'Ms', 'first': 'Borka', 'last': 'Novak'}, 'location': {'street': {'number': 434, 'name': 'Partizanski Sastanak'}, 'city': 'Pančevo', 'state': 'Jablanica', 'country': 'Serbia', 'postcode': 26385, 'coordinates': {'latitude': '63.4742', 'longitude': '18.4307'}, 'timezone': {'offset': '-3:30', 'description': 'Newfoundland'}}, 'email': 'borka.novak@example.com', 'login': {'uuid': '27f40a92-2bab-4dcb-a7e6-4600e8f949df', 'username': 'greenelephant457', 'password': 'teddy', 'salt': 'UOR2WThC', 'md5': '9491901d9b965d5a415c48d07d7a6c2c', 'sha1': 'd34d7afc7501d03b2348e5a51926146a931245ec', 'sha256': '07366d037b25bc1d7320cd6f0babe8b04e47fcd9dce32ca4411e5cfdb9a918e4'}, 'dob': {'date': '1947-05-09T09:31:40.302Z', 'age': 77}, 'registered': {'date': '2003-04-11T02:57:52.252Z', 'age': 21}, 'phone': '029-6368-943', 'cell': '061-8908-453', 'id': {'name': 'SID', 'value': '469923509'}, 'picture': {'large': 'https://randomuser.me/api/portraits/women/86.jpg', 'medium': 'https://randomuser.me/api/portraits/med/women/86.jpg', 'thumbnail': 'https://randomuser.me/api/portraits/thumb/women/86.jpg'}, 'nat': 'RS'}], 'info': {'seed': '93421a664da2ddab', 'results': 1, 'page': 1, 'version': '1.4'}}</msg>
<arg>${json_data}</arg>
<doc>Logs the given message with the given level.</doc>
<status status="PASS" start="2024-07-13T13:16:08.379028" elapsed="0.000210"/>
</kw>
<kw name="Should Be String" owner="String">
<arg>${json_data['results'][0]['gender']}</arg>
<doc>Fails if the given ``item`` is not a string.</doc>
<status status="PASS" start="2024-07-13T13:16:08.379530" elapsed="0.000353"/>
</kw>
<kw name="Should Match Regexp" owner="BuiltIn">
<arg>${json_data['results'][0]['email']}</arg>
<arg>^[a-zA-Z0-9._%+-]+@[a-zA-Z0-9.-]+\.[a-zA-Z]{2,}$</arg>
<doc>Fails if ``string`` does not match ``pattern`` as a regular expression.</doc>
<status status="PASS" start="2024-07-13T13:16:08.380067" elapsed="0.000523"/>
</kw>
<kw name="Should Match Regexp" owner="BuiltIn">
<arg>${json_data['results'][0]['dob']['date']}</arg>
<arg>\\d{4}-\\d{2}-\\d{2}T\\d{2}:\\d{2}:\\d{2}\\.\\d{3}Z</arg>
<doc>Fails if ``string`` does not match ``pattern`` as a regular expression.</doc>
<status status="PASS" start="2024-07-13T13:16:08.380830" elapsed="0.000489"/>
</kw>
<kw name="Should Match Regexp" owner="BuiltIn">
<arg>${json_data['results'][0]['registered']['date']}</arg>
<arg>\\d{4}-\\d{2}-\\d{2}T\\d{2}:\\d{2}:\\d{2}\\.\\d{3}Z</arg>
<doc>Fails if ``string`` does not match ``pattern`` as a regular expression.</doc>
<status status="PASS" start="2024-07-13T13:16:08.381509" elapsed="0.000371"/>
</kw>
<kw name="Should Match Regexp" owner="BuiltIn">
<arg>${json_data['results'][0]['picture']['large']}</arg>
<arg>^https?://.*\.(?:png|jpe?g|gif|bmp)$</arg>
<doc>Fails if ``string`` does not match ``pattern`` as a regular expression.</doc>
<status status="PASS" start="2024-07-13T13:16:08.382065" elapsed="0.000452"/>
</kw>
<kw name="Should Match Regexp" owner="BuiltIn">
<arg>${json_data['results'][0]['picture']['medium']}</arg>
<arg>^https?://.*\.(?:png|jpe?g|gif|bmp)$</arg>
<doc>Fails if ``string`` does not match ``pattern`` as a regular expression.</doc>
<status status="PASS" start="2024-07-13T13:16:08.382701" elapsed="0.000348"/>
</kw>
<kw name="Should Match Regexp" owner="BuiltIn">
<arg>${json_data['results'][0]['picture']['thumbnail']}</arg>
<arg>^https?://.*\.(?:png|jpe?g|gif|bmp)$</arg>
<doc>Fails if ``string`` does not match ``pattern`` as a regular expression.</doc>
<status status="PASS" start="2024-07-13T13:16:08.383230" elapsed="0.000354"/>
</kw>
<kw name="Log" owner="BuiltIn">
<msg time="2024-07-13T13:16:08.384095" level="INFO">{'large': 'https://randomuser.me/api/portraits/women/86.jpg', 'medium': 'https://randomuser.me/api/portraits/med/women/86.jpg', 'thumbnail': 'https://randomuser.me/api/portraits/thumb/women/86.jpg'}</msg>
<arg>${json_data['results'][0]['picture']}</arg>
<doc>Logs the given message with the given level.</doc>
<status status="PASS" start="2024-07-13T13:16:08.383765" elapsed="0.000373"/>
</kw>
<status status="PASS" start="2024-07-13T13:16:08.269804" elapsed="0.114587"/>
</kw>
<kw name="Teste de Tipos de Dados - Postcode" owner="random-user-service">
<kw name="GET On Session" owner="RequestsLibrary">
<msg time="2024-07-13T13:16:08.452988" level="INFO">GET Request : url=https://randomuser.me/api 
 path_url=/api 
 headers={'User-Agent': 'python-requests/2.32.3', 'Accept-Encoding': 'gzip, deflate', 'Accept': '*/*', 'Connection': 'keep-alive'} 
 body=None 
 </msg>
<msg time="2024-07-13T13:16:08.453073" level="INFO">GET Response : url=https://randomuser.me/api 
 status=200, reason=OK 
 headers={'Date': 'Sat, 13 Jul 2024 13:16:08 GMT', 'Content-Type': 'application/json; charset=utf-8', 'Transfer-Encoding': 'chunked', 'Connection': 'keep-alive', 'X-Powered-By': 'Express', 'Access-Control-Allow-Origin': '*', 'Cache-Control': 'no-cache', 'ETag': 'W/"4a5-OPkKX8y+GJLETtcJWDnKMsKgLFg"', 'Vary': 'Accept-Encoding', 'Content-Encoding': 'gzip', 'CF-Cache-Status': 'DYNAMIC', 'Report-To': '{"endpoints":[{"url":"https:\\/\\/a.nel.cloudflare.com\\/report\\/v4?s=ivl1lfVAcOK%2FuLX%2BXgrsfTqr1hK90Tf1BlQ%2FIOt1MfSOxsB6lodCV0YfDtuNat3IL5%2F6nIGL4Fpa%2FKv10ABOelCLbJKeQoIbOTYH4uPJoYWKR6GQ8zNzVGioOFEW49zP"}],"group":"cf-nel","max_age":604800}', 'NEL': '{"success_fraction":0,"report_to":"cf-nel","max_age":604800}', 'Server': 'cloudflare', 'CF-RAY': '8a298bb87cfd205d-IAD', 'alt-svc': 'h3=":443"; ma=86400'} 
 body={"results":[{"gender":"male","name":{"title":"Mr","first":"Stanislav","last":"Vilotić"},"location":{"street":{"number":7603,"name":"Porodice Damnjanović"},"city":"Babušnica","state":"South Bačka","country":"Serbia","postcode":78279,"coordinates":{"latitude":"60.4170","longitude":"-119.1948"},"timezone":{"offset":"+5:30","description":"Bombay, Calcutta, Madras, New Delhi"}},"email":"stanislav.vilotic@example.com","login":{"uuid":"cebca0cc-8e34-433d-a19a-5288bea4cca6","username":"organicostrich427","password":"amelia","salt":"H5otpoZ6","md5":"ca3c3620e761f8458b37b29c5f67b58a","sha1":"f821c4099e242a4e41d407f8aa14d32184452a60","sha256":"de958ce4cdd32740051e87ce0f1511af8a72f7e97daa5a1490202bc246c12dcc"},"dob":{"date":"1952-06-13T19:19:47.619Z","age":72},"registered":{"date":"2012-10-26T06:58:06.622Z","age":11},"phone":"039-6278-633","cell":"067-6303-348","id":{"name":"SID","value":"769419199"},"picture":{"large":"https://randomuser.me/api/portraits/men/50.jpg","medium":"https://randomuser.me/api/portraits/med/men/50.jpg","thumbnail":"https://randomuser.me/api/portraits/thumb/men/50.jpg"},"nat":"RS"}],"info":{"seed":"63e199b2ca84f417","results":1,"page":1,"version":"1.4"}} 
 </msg>
<msg time="2024-07-13T13:16:08.453149" level="INFO">/opt/hostedtoolcache/Python/3.12.4/x64/lib/python3.12/site-packages/urllib3/connectionpool.py:1099: InsecureRequestWarning: Unverified HTTPS request is being made to host 'randomuser.me'. Adding certificate verification is strongly advised. See: https://urllib3.readthedocs.io/en/latest/advanced-usage.html#tls-warnings
  warnings.warn(</msg>
<msg time="2024-07-13T13:16:08.453265" level="INFO">${response} = &lt;Response [200]&gt;</msg>
<var>${response}</var>
<arg>consultarAPI</arg>
<arg>/api</arg>
<doc>Sends a GET request on a previously created HTTP Session.</doc>
<status status="PASS" start="2024-07-13T13:16:08.384841" elapsed="0.068479"/>
</kw>
<kw name="Set Variable" owner="BuiltIn">
<msg time="2024-07-13T13:16:08.454392" level="INFO">${json_data} = {'results': [{'gender': 'male', 'name': {'title': 'Mr', 'first': 'Stanislav', 'last': 'Vilotić'}, 'location': {'street': {'number': 7603, 'name': 'Porodice Damnjanović'}, 'city': 'Babušnica', 'state':...</msg>
<var>${json_data}</var>
<arg>${response.json()}</arg>
<doc>Returns the given values which can then be assigned to a variables.</doc>
<status status="PASS" start="2024-07-13T13:16:08.453829" elapsed="0.000594"/>
</kw>
<kw name="Log" owner="BuiltIn">
<msg time="2024-07-13T13:16:08.454895" level="INFO">{'results': [{'gender': 'male', 'name': {'title': 'Mr', 'first': 'Stanislav', 'last': 'Vilotić'}, 'location': {'street': {'number': 7603, 'name': 'Porodice Damnjanović'}, 'city': 'Babušnica', 'state': 'South Bačka', 'country': 'Serbia', 'postcode': 78279, 'coordinates': {'latitude': '60.4170', 'longitude': '-119.1948'}, 'timezone': {'offset': '+5:30', 'description': 'Bombay, Calcutta, Madras, New Delhi'}}, 'email': 'stanislav.vilotic@example.com', 'login': {'uuid': 'cebca0cc-8e34-433d-a19a-5288bea4cca6', 'username': 'organicostrich427', 'password': 'amelia', 'salt': 'H5otpoZ6', 'md5': 'ca3c3620e761f8458b37b29c5f67b58a', 'sha1': 'f821c4099e242a4e41d407f8aa14d32184452a60', 'sha256': 'de958ce4cdd32740051e87ce0f1511af8a72f7e97daa5a1490202bc246c12dcc'}, 'dob': {'date': '1952-06-13T19:19:47.619Z', 'age': 72}, 'registered': {'date': '2012-10-26T06:58:06.622Z', 'age': 11}, 'phone': '039-6278-633', 'cell': '067-6303-348', 'id': {'name': 'SID', 'value': '769419199'}, 'picture': {'large': 'https://randomuser.me/api/portraits/men/50.jpg', 'medium': 'https://randomuser.me/api/portraits/med/men/50.jpg', 'thumbnail': 'https://randomuser.me/api/portraits/thumb/men/50.jpg'}, 'nat': 'RS'}], 'info': {'seed': '63e199b2ca84f417', 'results': 1, 'page': 1, 'version': '1.4'}}</msg>
<arg>${json_data}</arg>
<doc>Logs the given message with the given level.</doc>
<status status="PASS" start="2024-07-13T13:16:08.454738" elapsed="0.000215"/>
</kw>
<kw name="Should Be Equal As Numbers" owner="BuiltIn">
<arg>${json_data['results'][0]['location']['postcode']}</arg>
<arg>${json_data['results'][0]['location']['postcode']}</arg>
<doc>Fails if objects are unequal after converting them to real numbers.</doc>
<status status="PASS" start="2024-07-13T13:16:08.455245" elapsed="0.000629"/>
</kw>
<kw name="Log" owner="BuiltIn">
<msg time="2024-07-13T13:16:08.456523" level="INFO">78279</msg>
<arg>${json_data['results'][0]['location']['postcode']}</arg>
<doc>Logs the given message with the given level.</doc>
<status status="PASS" start="2024-07-13T13:16:08.456063" elapsed="0.000576"/>
</kw>
<status status="PASS" start="2024-07-13T13:16:08.384622" elapsed="0.072278"/>
</kw>
<doc>Testa se os tipos de dados na resposta da API estão corretos.</doc>
<tag>testeTiposDados</tag>
<status status="PASS" start="2024-07-13T13:16:08.269285" elapsed="0.187774"/>
</test>
<test id="s1-s1-t5" name="Validar conteudo" line="35">
<kw name="Teste de Tipos de Conteudo" owner="random-user-service">
<kw name="GET On Session" owner="RequestsLibrary">
<msg time="2024-07-13T13:16:08.675701" level="INFO">GET Request : url=https://randomuser.me/api 
 path_url=/api 
 headers={'User-Agent': 'python-requests/2.32.3', 'Accept-Encoding': 'gzip, deflate', 'Accept': '*/*', 'Connection': 'keep-alive'} 
 body=None 
 </msg>
<msg time="2024-07-13T13:16:08.675779" level="INFO">GET Response : url=https://randomuser.me/api 
 status=200, reason=OK 
 headers={'Date': 'Sat, 13 Jul 2024 13:16:08 GMT', 'Content-Type': 'application/json; charset=utf-8', 'Transfer-Encoding': 'chunked', 'Connection': 'keep-alive', 'X-Powered-By': 'Express', 'Access-Control-Allow-Origin': '*', 'Cache-Control': 'no-cache', 'ETag': 'W/"486-kU/J8Q2444sANn12Z6S3NQUSfGM"', 'Vary': 'Accept-Encoding', 'Content-Encoding': 'gzip', 'CF-Cache-Status': 'DYNAMIC', 'Report-To': '{"endpoints":[{"url":"https:\\/\\/a.nel.cloudflare.com\\/report\\/v4?s=DEvWirJnk%2BhXq1sAmzouFHJXzUk0%2B%2BfBj1XQ%2FnIhukeDhxCyBK6JyhvJ%2BMW9TXI2R%2BvBGy42XJXzqBQkBLTsZeqtpWKTLWwWl9D0NdKXnYmxeeQSPPz%2B9zAJjhUWKEDk"}],"group":"cf-nel","max_age":604800}', 'NEL': '{"success_fraction":0,"report_to":"cf-nel","max_age":604800}', 'Server': 'cloudflare', 'CF-RAY': '8a298bb8edd2205d-IAD', 'alt-svc': 'h3=":443"; ma=86400'} 
 body={"results":[{"gender":"male","name":{"title":"Mr","first":"Lyam","last":"Fleury"},"location":{"street":{"number":3146,"name":"Avenue des Ternes"},"city":"Toulouse","state":"Vosges","country":"France","postcode":48235,"coordinates":{"latitude":"-17.7636","longitude":"-172.6893"},"timezone":{"offset":"+6:00","description":"Almaty, Dhaka, Colombo"}},"email":"lyam.fleury@example.com","login":{"uuid":"84c50ef6-09a8-4f7a-8832-92c6cc588dab","username":"browndog623","password":"listen","salt":"cMQI7CNF","md5":"f05ac87ea5a750e94147d8d10d552a53","sha1":"d051f19e9db469daede36e82616536f120c9f140","sha256":"edd3dbad9dcee0cf5af983d33927ba04a3757a68d64f254374933461bc9f566b"},"dob":{"date":"1953-04-27T01:11:30.283Z","age":71},"registered":{"date":"2017-09-16T08:20:16.091Z","age":6},"phone":"05-73-55-86-71","cell":"06-35-52-32-09","id":{"name":"INSEE","value":"1530337908590 97"},"picture":{"large":"https://randomuser.me/api/portraits/men/37.jpg","medium":"https://randomuser.me/api/portraits/med/men/37.jpg","thumbnail":"https://randomuser.me/api/portraits/thumb/men/37.jpg"},"nat":"FR"}],"info":{"seed":"6630f3a7d3aa2179","results":1,"page":1,"version":"1.4"}} 
 </msg>
<msg time="2024-07-13T13:16:08.675845" level="INFO">/opt/hostedtoolcache/Python/3.12.4/x64/lib/python3.12/site-packages/urllib3/connectionpool.py:1099: InsecureRequestWarning: Unverified HTTPS request is being made to host 'randomuser.me'. Adding certificate verification is strongly advised. See: https://urllib3.readthedocs.io/en/latest/advanced-usage.html#tls-warnings
  warnings.warn(</msg>
<msg time="2024-07-13T13:16:08.675956" level="INFO">${response} = &lt;Response [200]&gt;</msg>
<var>${response}</var>
<arg>consultarAPI</arg>
<arg>/api</arg>
<doc>Sends a GET request on a previously created HTTP Session.</doc>
<status status="PASS" start="2024-07-13T13:16:08.459494" elapsed="0.216510"/>
</kw>
<kw name="Set Variable" owner="BuiltIn">
<msg time="2024-07-13T13:16:08.676999" level="INFO">${json_data} = {'results': [{'gender': 'male', 'name': {'title': 'Mr', 'first': 'Lyam', 'last': 'Fleury'}, 'location': {'street': {'number': 3146, 'name': 'Avenue des Ternes'}, 'city': 'Toulouse', 'state': 'Vosges',...</msg>
<var>${json_data}</var>
<arg>${response.json()}</arg>
<doc>Returns the given values which can then be assigned to a variables.</doc>
<status status="PASS" start="2024-07-13T13:16:08.676429" elapsed="0.000599"/>
</kw>
<kw name="Set Variable" owner="BuiltIn">
<msg time="2024-07-13T13:16:08.677767" level="INFO">${name_title} = Mr</msg>
<var>${name_title}</var>
<arg>${json_data["results"][0]["name"]["title"]}</arg>
<doc>Returns the given values which can then be assigned to a variables.</doc>
<status status="PASS" start="2024-07-13T13:16:08.677329" elapsed="0.000476"/>
</kw>
<kw name="Create List" owner="BuiltIn">
<msg time="2024-07-13T13:16:08.678321" level="INFO">${allowed_titles} = ['Mr', 'Ms', 'Miss', 'Mrs', 'Madame', 'Monsieur']</msg>
<var>${allowed_titles}</var>
<arg>Mr</arg>
<arg>Ms</arg>
<arg>Miss</arg>
<arg>Mrs</arg>
<arg>Madame</arg>
<arg>Monsieur</arg>
<doc>Returns a list containing given items.</doc>
<status status="PASS" start="2024-07-13T13:16:08.678171" elapsed="0.000175"/>
</kw>
<kw name="List Should Contain Value" owner="Collections">
<arg>${allowed_titles}</arg>
<arg>${name_title}</arg>
<doc>Fails if the ``value`` is not found from ``list``.</doc>
<status status="PASS" start="2024-07-13T13:16:08.678644" elapsed="0.000168"/>
</kw>
<kw name="Set Variable" owner="BuiltIn">
<msg time="2024-07-13T13:16:08.679348" level="INFO">${name_country} = FR</msg>
<var>${name_country}</var>
<arg>${json_data["results"][0]["nat"]}</arg>
<doc>Returns the given values which can then be assigned to a variables.</doc>
<status status="PASS" start="2024-07-13T13:16:08.678985" elapsed="0.000388"/>
</kw>
<kw name="Create List" owner="BuiltIn">
<msg time="2024-07-13T13:16:08.680249" level="INFO">${list_country} = ['AD', 'AE', 'AF', 'AG', 'AI', 'AL', 'AM', 'AO', 'AQ', 'AR', 'AS', 'AT', 'AU', 'AW', 'AX', 'AZ', 'BA', 'BB', 'BD', 'BE', 'BF', 'BG', 'BH', 'BI', 'BJ', 'BL', 'BM', 'BN', 'BO', 'BQ', 'BR', 'BS', 'BT', '...</msg>
<var>${list_country}</var>
<arg>AD</arg>
<arg>AE</arg>
<arg>AF</arg>
<arg>AG</arg>
<arg>AI</arg>
<arg>AL</arg>
<arg>AM</arg>
<arg>AO</arg>
<arg>AQ</arg>
<arg>AR</arg>
<arg>AS</arg>
<arg>AT</arg>
<arg>AU</arg>
<arg>AW</arg>
<arg>AX</arg>
<arg>AZ</arg>
<arg>BA</arg>
<arg>BB</arg>
<arg>BD</arg>
<arg>BE</arg>
<arg>BF</arg>
<arg>BG</arg>
<arg>BH</arg>
<arg>BI</arg>
<arg>BJ</arg>
<arg>BL</arg>
<arg>BM</arg>
<arg>BN</arg>
<arg>BO</arg>
<arg>BQ</arg>
<arg>BR</arg>
<arg>BS</arg>
<arg>BT</arg>
<arg>BV</arg>
<arg>BW</arg>
<arg>BY</arg>
<arg>BZ</arg>
<arg>CA</arg>
<arg>CC</arg>
<arg>CD</arg>
<arg>CF</arg>
<arg>CG</arg>
<arg>CH</arg>
<arg>CI</arg>
<arg>CK</arg>
<arg>CL</arg>
<arg>CM</arg>
<arg>CN</arg>
<arg>CO</arg>
<arg>CR</arg>
<arg>CU</arg>
<arg>CV</arg>
<arg>CW</arg>
<arg>CX</arg>
<arg>CY</arg>
<arg>CZ</arg>
<arg>DE</arg>
<arg>DJ</arg>
<arg>DK</arg>
<arg>DM</arg>
<arg>DO</arg>
<arg>DZ</arg>
<arg>EC</arg>
<arg>EE</arg>
<arg>EG</arg>
<arg>EH</arg>
<arg>ER</arg>
<arg>ES</arg>
<arg>ET</arg>
<arg>FI</arg>
<arg>FJ</arg>
<arg>FK</arg>
<arg>FM</arg>
<arg>FO</arg>
<arg>FR</arg>
<arg>GA</arg>
<arg>GB</arg>
<arg>GD</arg>
<arg>GE</arg>
<arg>GF</arg>
<arg>GG</arg>
<arg>GH</arg>
<arg>GI</arg>
<arg>GL</arg>
<arg>GM</arg>
<arg>GN</arg>
<arg>GP</arg>
<arg>GQ</arg>
<arg>GR</arg>
<arg>GS</arg>
<arg>GT</arg>
<arg>GU</arg>
<arg>GW</arg>
<arg>GY</arg>
<arg>HK</arg>
<arg>HM</arg>
<arg>HN</arg>
<arg>HR</arg>
<arg>HT</arg>
<arg>HU</arg>
<arg>ID</arg>
<arg>IE</arg>
<arg>IL</arg>
<arg>IM</arg>
<arg>IN</arg>
<arg>IO</arg>
<arg>IQ</arg>
<arg>IR</arg>
<arg>IS</arg>
<arg>IT</arg>
<arg>JE</arg>
<arg>JM</arg>
<arg>JO</arg>
<arg>JP</arg>
<arg>KE</arg>
<arg>KG</arg>
<arg>KH</arg>
<arg>KI</arg>
<arg>KM</arg>
<arg>KN</arg>
<arg>KP</arg>
<arg>KR</arg>
<arg>KW</arg>
<arg>KY</arg>
<arg>KZ</arg>
<arg>LA</arg>
<arg>LB</arg>
<arg>LC</arg>
<arg>LI</arg>
<arg>LK</arg>
<arg>LR</arg>
<arg>LS</arg>
<arg>LT</arg>
<arg>LU</arg>
<arg>LV</arg>
<arg>LY</arg>
<arg>MA</arg>
<arg>MC</arg>
<arg>MD</arg>
<arg>ME</arg>
<arg>MF</arg>
<arg>MG</arg>
<arg>MH</arg>
<arg>MK</arg>
<arg>ML</arg>
<arg>MM</arg>
<arg>MN</arg>
<arg>MO</arg>
<arg>MP</arg>
<arg>MQ</arg>
<arg>MR</arg>
<arg>MS</arg>
<arg>MT</arg>
<arg>MU</arg>
<arg>MV</arg>
<arg>MW</arg>
<arg>MX</arg>
<arg>MY</arg>
<arg>MZ</arg>
<arg>NA</arg>
<arg>NC</arg>
<arg>NE</arg>
<arg>NF</arg>
<arg>NG</arg>
<arg>NI</arg>
<arg>NL</arg>
<arg>NO</arg>
<arg>NP</arg>
<arg>NR</arg>
<arg>NU</arg>
<arg>NZ</arg>
<arg>OM</arg>
<arg>PA</arg>
<arg>PE</arg>
<arg>PF</arg>
<arg>PG</arg>
<arg>PH</arg>
<arg>PK</arg>
<arg>PL</arg>
<arg>PM</arg>
<arg>PN</arg>
<arg>PR</arg>
<arg>PS</arg>
<arg>PT</arg>
<arg>PW</arg>
<arg>PY</arg>
<arg>QA</arg>
<arg>RE</arg>
<arg>RO</arg>
<arg>RS</arg>
<arg>RU</arg>
<arg>RW</arg>
<arg>SA</arg>
<arg>SB</arg>
<arg>SC</arg>
<arg>SD</arg>
<arg>SE</arg>
<arg>SG</arg>
<arg>SH</arg>
<arg>SI</arg>
<arg>SJ</arg>
<arg>SK</arg>
<arg>SL</arg>
<arg>SM</arg>
<arg>SN</arg>
<arg>SO</arg>
<arg>SR</arg>
<arg>SS</arg>
<arg>ST</arg>
<arg>SV</arg>
<arg>SX</arg>
<arg>SY</arg>
<arg>SZ</arg>
<arg>TC</arg>
<arg>TD</arg>
<arg>TF</arg>
<arg>TG</arg>
<arg>TH</arg>
<arg>TJ</arg>
<arg>TK</arg>
<arg>TL</arg>
<arg>TM</arg>
<arg>TN</arg>
<arg>TO</arg>
<arg>TR</arg>
<arg>TT</arg>
<arg>TV</arg>
<arg>TW</arg>
<arg>TZ</arg>
<arg>UA</arg>
<arg>UG</arg>
<arg>UM</arg>
<arg>US</arg>
<arg>UY</arg>
<arg>UZ</arg>
<arg>VA</arg>
<arg>VC</arg>
<arg>VE</arg>
<arg>VG</arg>
<arg>VI</arg>
<arg>VN</arg>
<arg>VU</arg>
<arg>WF</arg>
<arg>WS</arg>
<arg>XK</arg>
<arg>YE</arg>
<arg>YT</arg>
<arg>ZA</arg>
<arg>ZM</arg>
<arg>ZW</arg>
<doc>Returns a list containing given items.</doc>
<status status="PASS" start="2024-07-13T13:16:08.679660" elapsed="0.000614"/>
</kw>
<kw name="List Should Contain Value" owner="Collections">
<arg>${list_country}</arg>
<arg>${name_country}</arg>
<doc>Fails if the ``value`` is not found from ``list``.</doc>
<status status="PASS" start="2024-07-13T13:16:08.681099" elapsed="0.000201"/>
</kw>
<kw name="Run Keyword If" owner="BuiltIn">
<kw name="Should Be True" owner="BuiltIn">
<arg>${True}</arg>
<doc>Fails if the given condition is not true.</doc>
<status status="PASS" start="2024-07-13T13:16:08.682219" elapsed="0.000140"/>
</kw>
<arg>${json_data["results"][0]["location"]["coordinates"]["latitude"]} &gt;= -90 and ${json_data["results"][0]["location"]["coordinates"]["latitude"]} &lt;= 90</arg>
<arg>Should Be True</arg>
<arg>${True}</arg>
<doc>Runs the given keyword with the given arguments, if ``condition`` is true.</doc>
<status status="PASS" start="2024-07-13T13:16:08.681489" elapsed="0.000995"/>
</kw>
<kw name="Run Keyword If" owner="BuiltIn">
<kw name="Should Be True" owner="BuiltIn">
<arg>${True}</arg>
<doc>Fails if the given condition is not true.</doc>
<status status="PASS" start="2024-07-13T13:16:08.683358" elapsed="0.000234"/>
</kw>
<arg>${json_data["results"][0]["location"]["coordinates"]["longitude"]} &gt;= -180 and ${json_data["results"][0]["location"]["coordinates"]["longitude"]} &lt;= 180</arg>
<arg>Should Be True</arg>
<arg>${True}</arg>
<doc>Runs the given keyword with the given arguments, if ``condition`` is true.</doc>
<status status="PASS" start="2024-07-13T13:16:08.682659" elapsed="0.001062"/>
</kw>
<status status="PASS" start="2024-07-13T13:16:08.459279" elapsed="0.224571"/>
</kw>
<doc>Testa o conteúdo específico dos campos retornados pela API.</doc>
<tag>testeConteudo</tag>
<status status="PASS" start="2024-07-13T13:16:08.458790" elapsed="0.225200"/>
</test>
<status status="PASS" start="2024-07-13T13:16:07.744291" elapsed="0.941674"/>
</suite>
<status status="PASS" start="2024-07-13T13:16:07.730005" elapsed="0.960937"/>
</suite>
<statistics>
<total>
<stat pass="5" fail="0" skip="0">All Tests</stat>
</total>
<tag>
<stat pass="1" fail="0" skip="0">testeConteudo</stat>
<stat pass="1" fail="0" skip="0">testeEstruturaResposta</stat>
<stat pass="1" fail="0" skip="0">testeRequisicaoBasica</stat>
<stat pass="1" fail="0" skip="0">testeTiposDados</stat>
</tag>
<suite>
<stat pass="5" fail="0" skip="0" id="s1" name="Tests">Tests</stat>
<stat pass="5" fail="0" skip="0" id="s1-s1" name="Random-User-Test">Tests.Random-User-Test</stat>
</suite>
</statistics>
<errors>
</errors>
</robot>
