<?xml version="1.0" encoding="UTF-8"?>
<robot generator="Robot 7.0 (Python 3.12.3 on linux)" generated="2024-05-04T04:18:15.558912" rpa="false" schemaversion="5">
<suite id="s1" name="Tests" source="/home/runner/work/DesafioQAItauRogerioJordao/DesafioQAItauRogerioJordao/RamdonUser/tests">
<suite id="s1-s1" name="Random-User-Test" source="/home/runner/work/DesafioQAItauRogerioJordao/DesafioQAItauRogerioJordao/RamdonUser/tests/random-user-test.robot">
<test id="s1-s1-t1" name="Conectar" line="13">
<kw name="Conectar API" owner="random-user-service">
<kw name="Create Session" owner="RequestsLibrary">
<msg time="2024-05-04T04:18:15.925995" level="INFO">Creating Session using : alias=consultarAPI, url=https://randomuser.me/, headers={},                     cookies={}, auth=None, timeout=None, proxies=None, verify=False,                     debug=0 </msg>
<arg>consultarAPI</arg>
<arg>${URL}</arg>
<doc>Create Session: create a HTTP session to a server</doc>
<status status="PASS" start="2024-05-04T04:18:15.925790" elapsed="0.000403"/>
</kw>
<status status="PASS" start="2024-05-04T04:18:15.924739" elapsed="0.001830"/>
</kw>
<status status="PASS" start="2024-05-04T04:18:15.924091" elapsed="0.002677"/>
</test>
<test id="s1-s1-t2" name="Validar retorno 200 e JSON Válido" line="16">
<kw name="Teste de Requisicao Basica" owner="random-user-service">
<kw name="GET On Session" owner="RequestsLibrary">
<msg time="2024-05-04T04:18:16.016661" level="INFO">GET Request : url=https://randomuser.me/api 
 path_url=/api 
 headers={'User-Agent': 'python-requests/2.31.0', 'Accept-Encoding': 'gzip, deflate', 'Accept': '*/*', 'Connection': 'keep-alive'} 
 body=None 
 </msg>
<msg time="2024-05-04T04:18:16.016875" level="INFO">GET Response : url=https://randomuser.me/api 
 status=200, reason=OK 
 headers={'Date': 'Sat, 04 May 2024 04:18:16 GMT', 'Content-Type': 'application/json; charset=utf-8', 'Transfer-Encoding': 'chunked', 'Connection': 'keep-alive', 'X-Powered-By': 'Express', 'Access-Control-Allow-Origin': '*', 'Cache-Control': 'no-cache', 'ETag': 'W/"488-TqmqxTza3idZolPV2awoiIaNN8Q"', 'Vary': 'Accept-Encoding', 'Content-Encoding': 'gzip', 'CF-Cache-Status': 'DYNAMIC', 'Report-To': '{"endpoints":[{"url":"https:\\/\\/a.nel.cloudflare.com\\/report\\/v4?s=6hvauWVvyyuyXd4RAFQXEmC%2B2pnDvdjgrOoWCzgVjxiqF9Y%2F47qUuB5nl5SNNEJV5d%2Fx710O2dvohGw9YJhA6txrihUdqil0NbcHekIUl6y5NvrlRkloD3QVBZ9RLy3v"}],"group":"cf-nel","max_age":604800}', 'NEL': '{"success_fraction":0,"report_to":"cf-nel","max_age":604800}', 'Server': 'cloudflare', 'CF-RAY': '87e5af91cee629f1-ORD', 'alt-svc': 'h3=":443"; ma=86400'} 
 body={"results":[{"gender":"male","name":{"title":"Mr","first":"Rasmus","last":"Pedersen"},"location":{"street":{"number":3191,"name":"Bekkasinvej"},"city":"Roslev","state":"Sjælland","country":"Denmark","postcode":52709,"coordinates":{"latitude":"-42.6739","longitude":"-65.1995"},"timezone":{"offset":"+9:00","description":"Tokyo, Seoul, Osaka, Sapporo, Yakutsk"}},"email":"rasmus.pedersen@example.com","login":{"uuid":"cbd50ac7-90ae-4a0a-92cb-93f3f094cc8c","username":"silverpanda648","password":"brooke","salt":"LbO7OdQL","md5":"b153382394a8eb71add225a5727d9eff","sha1":"dd8fb9806ebddf4a097c95ae1352f9e9d98bcad0","sha256":"17bfadb8c3df9c7abd021e84b4cc227b79f2a99dd32e5a3d8b0852aed02974ea"},"dob":{"date":"1957-02-27T15:48:14.868Z","age":67},"registered":{"date":"2022-05-11T15:05:30.162Z","age":1},"phone":"90538757","cell":"73668461","id":{"name":"CPR","value":"270257-7592"},"picture":{"large":"https://randomuser.me/api/portraits/men/19.jpg","medium":"https://randomuser.me/api/portraits/med/men/19.jpg","thumbnail":"https://randomuser.me/api/portraits/thumb/men/19.jpg"},"nat":"DK"}],"info":{"seed":"09826ff72cabf15f","results":1,"page":1,"version":"1.4"}} 
 </msg>
<msg time="2024-05-04T04:18:16.016983" level="INFO">/opt/hostedtoolcache/Python/3.12.3/x64/lib/python3.12/site-packages/urllib3/connectionpool.py:1103: InsecureRequestWarning: Unverified HTTPS request is being made to host 'randomuser.me'. Adding certificate verification is strongly advised. See: https://urllib3.readthedocs.io/en/latest/advanced-usage.html#tls-warnings
  warnings.warn(</msg>
<msg time="2024-05-04T04:18:16.017162" level="INFO">${response} = &lt;Response [200]&gt;</msg>
<var>${response}</var>
<arg>consultarAPI</arg>
<arg>/api</arg>
<doc>Sends a GET request on a previously created HTTP Session.</doc>
<status status="PASS" start="2024-05-04T04:18:15.929458" elapsed="0.087747"/>
</kw>
<kw name="Should Be Equal As Numbers" owner="BuiltIn">
<msg time="2024-05-04T04:18:16.018207" level="INFO">Argument types are:
&lt;class 'int'&gt;
&lt;class 'str'&gt;</msg>
<arg>${response.status_code}</arg>
<arg>200</arg>
<doc>Fails if objects are unequal after converting them to real numbers.</doc>
<status status="PASS" start="2024-05-04T04:18:16.017731" elapsed="0.000546"/>
</kw>
<kw name="Log" owner="BuiltIn">
<msg time="2024-05-04T04:18:16.018995" level="INFO">200</msg>
<arg>${response.status_code}</arg>
<doc>Logs the given message with the given level.</doc>
<status status="PASS" start="2024-05-04T04:18:16.018638" elapsed="0.000399"/>
</kw>
<kw name="Set Variable" owner="BuiltIn">
<msg time="2024-05-04T04:18:16.019787" level="INFO">${json_data} = {'results': [{'gender': 'male', 'name': {'title': 'Mr', 'first': 'Rasmus', 'last': 'Pedersen'}, 'location': {'street': {'number': 3191, 'name': 'Bekkasinvej'}, 'city': 'Roslev', 'state': 'Sjælland', '...</msg>
<var>${json_data}</var>
<arg>${response.json()}</arg>
<doc>Returns the given values which can then be assigned to a variables.</doc>
<status status="PASS" start="2024-05-04T04:18:16.019346" elapsed="0.000470"/>
</kw>
<kw name="Dictionary Should Contain Key" owner="Collections">
<msg time="2024-05-04T04:18:16.020299" level="INFO">False</msg>
<arg>${json_data}</arg>
<arg>results</arg>
<doc>Fails if ``key`` is not found from ``dictionary``.</doc>
<status status="PASS" start="2024-05-04T04:18:16.020126" elapsed="0.000215"/>
</kw>
<status status="PASS" start="2024-05-04T04:18:15.929214" elapsed="0.091389"/>
</kw>
<doc>Testa se a API responde corretamente e retorna um objeto JSON válido.</doc>
<tag>testeRequisicaoBasica</tag>
<status status="PASS" start="2024-05-04T04:18:15.928665" elapsed="0.092169"/>
</test>
<test id="s1-s1-t3" name="Validar estrutura de resposta" line="22">
<kw name="Teste de Estrutura de Resposta" owner="random-user-service">
<kw name="GET On Session" owner="RequestsLibrary">
<msg time="2024-05-04T04:18:16.124911" level="INFO">GET Request : url=https://randomuser.me/api 
 path_url=/api 
 headers={'User-Agent': 'python-requests/2.31.0', 'Accept-Encoding': 'gzip, deflate', 'Accept': '*/*', 'Connection': 'keep-alive'} 
 body=None 
 </msg>
<msg time="2024-05-04T04:18:16.125028" level="INFO">GET Response : url=https://randomuser.me/api 
 status=200, reason=OK 
 headers={'Date': 'Sat, 04 May 2024 04:18:16 GMT', 'Content-Type': 'application/json; charset=utf-8', 'Transfer-Encoding': 'chunked', 'Connection': 'keep-alive', 'X-Powered-By': 'Express', 'Access-Control-Allow-Origin': '*', 'Cache-Control': 'no-cache', 'ETag': 'W/"48f-G9XotDHN7MtodfayXTZ5RtO/0Q8"', 'Vary': 'Accept-Encoding', 'Content-Encoding': 'gzip', 'CF-Cache-Status': 'DYNAMIC', 'Report-To': '{"endpoints":[{"url":"https:\\/\\/a.nel.cloudflare.com\\/report\\/v4?s=e79WUfcWWJLsJYVvlu30ioLRrDXVmwH8kfhWNm%2F8O6%2BHd49wW1adgxWkiQN2tITHz73lNzw9j%2F16LMRhAl8YTCrzjLIYZqSyvtJ6qVMGHsJVktPIEcE2qnt4p0QLSa4F"}],"group":"cf-nel","max_age":604800}', 'NEL': '{"success_fraction":0,"report_to":"cf-nel","max_age":604800}', 'Server': 'cloudflare', 'CF-RAY': '87e5af922f3b29f1-ORD', 'alt-svc': 'h3=":443"; ma=86400'} 
 body={"results":[{"gender":"female","name":{"title":"Miss","first":"Rose","last":"Cooper"},"location":{"street":{"number":9840,"name":"Highcliff Road"},"city":"Tauranga","state":"Northland","country":"New Zealand","postcode":53004,"coordinates":{"latitude":"51.5767","longitude":"144.3688"},"timezone":{"offset":"+9:00","description":"Tokyo, Seoul, Osaka, Sapporo, Yakutsk"}},"email":"rose.cooper@example.com","login":{"uuid":"d10ef6c8-7c27-461f-94fb-5cfad27a5fb0","username":"sadgoose830","password":"woofer","salt":"XkCzh7wr","md5":"36f337778a7bd2b68deca0845f10a31a","sha1":"5dd63e071f5bccbb404c63bab833bcd625818195","sha256":"9beb9f9e10165ae981f125d3f1c3e464a5b4df6d9ac887405f1cbe2bdf162f77"},"dob":{"date":"2000-02-01T01:47:00.884Z","age":24},"registered":{"date":"2015-04-19T07:07:01.184Z","age":9},"phone":"(146)-397-0697","cell":"(731)-851-0288","id":{"name":"","value":null},"picture":{"large":"https://randomuser.me/api/portraits/women/80.jpg","medium":"https://randomuser.me/api/portraits/med/women/80.jpg","thumbnail":"https://randomuser.me/api/portraits/thumb/women/80.jpg"},"nat":"NZ"}],"info":{"seed":"c15e5647ac5628ae","results":1,"page":1,"version":"1.4"}} 
 </msg>
<msg time="2024-05-04T04:18:16.125168" level="INFO">/opt/hostedtoolcache/Python/3.12.3/x64/lib/python3.12/site-packages/urllib3/connectionpool.py:1103: InsecureRequestWarning: Unverified HTTPS request is being made to host 'randomuser.me'. Adding certificate verification is strongly advised. See: https://urllib3.readthedocs.io/en/latest/advanced-usage.html#tls-warnings
  warnings.warn(</msg>
<msg time="2024-05-04T04:18:16.125323" level="INFO">${response} = &lt;Response [200]&gt;</msg>
<var>${response}</var>
<arg>consultarAPI</arg>
<arg>/api</arg>
<doc>Sends a GET request on a previously created HTTP Session.</doc>
<status status="PASS" start="2024-05-04T04:18:16.023589" elapsed="0.101771"/>
</kw>
<kw name="Set Variable" owner="BuiltIn">
<msg time="2024-05-04T04:18:16.126393" level="INFO">${json_data} = {'results': [{'gender': 'female', 'name': {'title': 'Miss', 'first': 'Rose', 'last': 'Cooper'}, 'location': {'street': {'number': 9840, 'name': 'Highcliff Road'}, 'city': 'Tauranga', 'state': 'Northla...</msg>
<var>${json_data}</var>
<arg>${response.json()}</arg>
<doc>Returns the given values which can then be assigned to a variables.</doc>
<status status="PASS" start="2024-05-04T04:18:16.125860" elapsed="0.000562"/>
</kw>
<kw name="Log" owner="BuiltIn">
<msg time="2024-05-04T04:18:16.126900" level="INFO">{'results': [{'gender': 'female', 'name': {'title': 'Miss', 'first': 'Rose', 'last': 'Cooper'}, 'location': {'street': {'number': 9840, 'name': 'Highcliff Road'}, 'city': 'Tauranga', 'state': 'Northland', 'country': 'New Zealand', 'postcode': 53004, 'coordinates': {'latitude': '51.5767', 'longitude': '144.3688'}, 'timezone': {'offset': '+9:00', 'description': 'Tokyo, Seoul, Osaka, Sapporo, Yakutsk'}}, 'email': 'rose.cooper@example.com', 'login': {'uuid': 'd10ef6c8-7c27-461f-94fb-5cfad27a5fb0', 'username': 'sadgoose830', 'password': 'woofer', 'salt': 'XkCzh7wr', 'md5': '36f337778a7bd2b68deca0845f10a31a', 'sha1': '5dd63e071f5bccbb404c63bab833bcd625818195', 'sha256': '9beb9f9e10165ae981f125d3f1c3e464a5b4df6d9ac887405f1cbe2bdf162f77'}, 'dob': {'date': '2000-02-01T01:47:00.884Z', 'age': 24}, 'registered': {'date': '2015-04-19T07:07:01.184Z', 'age': 9}, 'phone': '(146)-397-0697', 'cell': '(731)-851-0288', 'id': {'name': '', 'value': None}, 'picture': {'large': 'https://randomuser.me/api/portraits/women/80.jpg', 'medium': 'https://randomuser.me/api/portraits/med/women/80.jpg', 'thumbnail': 'https://randomuser.me/api/portraits/thumb/women/80.jpg'}, 'nat': 'NZ'}], 'info': {'seed': 'c15e5647ac5628ae', 'results': 1, 'page': 1, 'version': '1.4'}}</msg>
<arg>${json_data}</arg>
<doc>Logs the given message with the given level.</doc>
<status status="PASS" start="2024-05-04T04:18:16.126735" elapsed="0.000212"/>
</kw>
<kw name="Dictionary Should Contain Key" owner="Collections">
<msg time="2024-05-04T04:18:16.127406" level="INFO">False</msg>
<arg>${json_data}</arg>
<arg>results</arg>
<doc>Fails if ``key`` is not found from ``dictionary``.</doc>
<status status="PASS" start="2024-05-04T04:18:16.127244" elapsed="0.000206"/>
</kw>
<kw name="Should Not Be Empty" owner="BuiltIn">
<msg time="2024-05-04T04:18:16.127877" level="INFO">Length is 2.</msg>
<arg>${json_data}</arg>
<doc>Verifies that the given item is not empty.</doc>
<status status="PASS" start="2024-05-04T04:18:16.127742" elapsed="0.000339"/>
</kw>
<kw name="Create List" owner="BuiltIn">
<msg time="2024-05-04T04:18:16.128538" level="INFO">${expected_keys} = ['gender', 'name', 'location', 'email', 'login']</msg>
<var>${expected_keys}</var>
<arg>gender</arg>
<arg>name</arg>
<arg>location</arg>
<arg>email</arg>
<arg>login</arg>
<doc>Returns a list containing given items.</doc>
<status status="PASS" start="2024-05-04T04:18:16.128384" elapsed="0.000178"/>
</kw>
<for flavor="IN">
<iter>
<kw name="Dictionary Should Contain Key" owner="Collections">
<msg time="2024-05-04T04:18:16.129597" level="INFO">False</msg>
<arg>${json_data['results'][0]}</arg>
<arg>${key}</arg>
<doc>Fails if ``key`` is not found from ``dictionary``.</doc>
<status status="PASS" start="2024-05-04T04:18:16.129191" elapsed="0.000444"/>
</kw>
<kw name="Log" owner="BuiltIn">
<msg time="2024-05-04T04:18:16.130295" level="INFO">{'gender': 'female', 'name': {'title': 'Miss', 'first': 'Rose', 'last': 'Cooper'}, 'location': {'street': {'number': 9840, 'name': 'Highcliff Road'}, 'city': 'Tauranga', 'state': 'Northland', 'country': 'New Zealand', 'postcode': 53004, 'coordinates': {'latitude': '51.5767', 'longitude': '144.3688'}, 'timezone': {'offset': '+9:00', 'description': 'Tokyo, Seoul, Osaka, Sapporo, Yakutsk'}}, 'email': 'rose.cooper@example.com', 'login': {'uuid': 'd10ef6c8-7c27-461f-94fb-5cfad27a5fb0', 'username': 'sadgoose830', 'password': 'woofer', 'salt': 'XkCzh7wr', 'md5': '36f337778a7bd2b68deca0845f10a31a', 'sha1': '5dd63e071f5bccbb404c63bab833bcd625818195', 'sha256': '9beb9f9e10165ae981f125d3f1c3e464a5b4df6d9ac887405f1cbe2bdf162f77'}, 'dob': {'date': '2000-02-01T01:47:00.884Z', 'age': 24}, 'registered': {'date': '2015-04-19T07:07:01.184Z', 'age': 9}, 'phone': '(146)-397-0697', 'cell': '(731)-851-0288', 'id': {'name': '', 'value': None}, 'picture': {'large': 'https://randomuser.me/api/portraits/women/80.jpg', 'medium': 'https://randomuser.me/api/portraits/med/women/80.jpg', 'thumbnail': 'https://randomuser.me/api/portraits/thumb/women/80.jpg'}, 'nat': 'NZ'}</msg>
<arg>${json_data['results'][0]}</arg>
<doc>Logs the given message with the given level.</doc>
<status status="PASS" start="2024-05-04T04:18:16.129934" elapsed="0.000408"/>
</kw>
<kw name="Log" owner="BuiltIn">
<msg time="2024-05-04T04:18:16.130766" level="INFO">gender</msg>
<arg>${key}</arg>
<doc>Logs the given message with the given level.</doc>
<status status="PASS" start="2024-05-04T04:18:16.130640" elapsed="0.000163"/>
</kw>
<var name="${key}">gender</var>
<status status="PASS" start="2024-05-04T04:18:16.129064" elapsed="0.001955"/>
</iter>
<iter>
<kw name="Dictionary Should Contain Key" owner="Collections">
<msg time="2024-05-04T04:18:16.131701" level="INFO">False</msg>
<arg>${json_data['results'][0]}</arg>
<arg>${key}</arg>
<doc>Fails if ``key`` is not found from ``dictionary``.</doc>
<status status="PASS" start="2024-05-04T04:18:16.131322" elapsed="0.000415"/>
</kw>
<kw name="Log" owner="BuiltIn">
<msg time="2024-05-04T04:18:16.132413" level="INFO">{'gender': 'female', 'name': {'title': 'Miss', 'first': 'Rose', 'last': 'Cooper'}, 'location': {'street': {'number': 9840, 'name': 'Highcliff Road'}, 'city': 'Tauranga', 'state': 'Northland', 'country': 'New Zealand', 'postcode': 53004, 'coordinates': {'latitude': '51.5767', 'longitude': '144.3688'}, 'timezone': {'offset': '+9:00', 'description': 'Tokyo, Seoul, Osaka, Sapporo, Yakutsk'}}, 'email': 'rose.cooper@example.com', 'login': {'uuid': 'd10ef6c8-7c27-461f-94fb-5cfad27a5fb0', 'username': 'sadgoose830', 'password': 'woofer', 'salt': 'XkCzh7wr', 'md5': '36f337778a7bd2b68deca0845f10a31a', 'sha1': '5dd63e071f5bccbb404c63bab833bcd625818195', 'sha256': '9beb9f9e10165ae981f125d3f1c3e464a5b4df6d9ac887405f1cbe2bdf162f77'}, 'dob': {'date': '2000-02-01T01:47:00.884Z', 'age': 24}, 'registered': {'date': '2015-04-19T07:07:01.184Z', 'age': 9}, 'phone': '(146)-397-0697', 'cell': '(731)-851-0288', 'id': {'name': '', 'value': None}, 'picture': {'large': 'https://randomuser.me/api/portraits/women/80.jpg', 'medium': 'https://randomuser.me/api/portraits/med/women/80.jpg', 'thumbnail': 'https://randomuser.me/api/portraits/thumb/women/80.jpg'}, 'nat': 'NZ'}</msg>
<arg>${json_data['results'][0]}</arg>
<doc>Logs the given message with the given level.</doc>
<status status="PASS" start="2024-05-04T04:18:16.132056" elapsed="0.000403"/>
</kw>
<kw name="Log" owner="BuiltIn">
<msg time="2024-05-04T04:18:16.132901" level="INFO">name</msg>
<arg>${key}</arg>
<doc>Logs the given message with the given level.</doc>
<status status="PASS" start="2024-05-04T04:18:16.132773" elapsed="0.000165"/>
</kw>
<var name="${key}">name</var>
<status status="PASS" start="2024-05-04T04:18:16.131209" elapsed="0.001955"/>
</iter>
<iter>
<kw name="Dictionary Should Contain Key" owner="Collections">
<msg time="2024-05-04T04:18:16.133826" level="INFO">False</msg>
<arg>${json_data['results'][0]}</arg>
<arg>${key}</arg>
<doc>Fails if ``key`` is not found from ``dictionary``.</doc>
<status status="PASS" start="2024-05-04T04:18:16.133449" elapsed="0.000414"/>
</kw>
<kw name="Log" owner="BuiltIn">
<msg time="2024-05-04T04:18:16.134513" level="INFO">{'gender': 'female', 'name': {'title': 'Miss', 'first': 'Rose', 'last': 'Cooper'}, 'location': {'street': {'number': 9840, 'name': 'Highcliff Road'}, 'city': 'Tauranga', 'state': 'Northland', 'country': 'New Zealand', 'postcode': 53004, 'coordinates': {'latitude': '51.5767', 'longitude': '144.3688'}, 'timezone': {'offset': '+9:00', 'description': 'Tokyo, Seoul, Osaka, Sapporo, Yakutsk'}}, 'email': 'rose.cooper@example.com', 'login': {'uuid': 'd10ef6c8-7c27-461f-94fb-5cfad27a5fb0', 'username': 'sadgoose830', 'password': 'woofer', 'salt': 'XkCzh7wr', 'md5': '36f337778a7bd2b68deca0845f10a31a', 'sha1': '5dd63e071f5bccbb404c63bab833bcd625818195', 'sha256': '9beb9f9e10165ae981f125d3f1c3e464a5b4df6d9ac887405f1cbe2bdf162f77'}, 'dob': {'date': '2000-02-01T01:47:00.884Z', 'age': 24}, 'registered': {'date': '2015-04-19T07:07:01.184Z', 'age': 9}, 'phone': '(146)-397-0697', 'cell': '(731)-851-0288', 'id': {'name': '', 'value': None}, 'picture': {'large': 'https://randomuser.me/api/portraits/women/80.jpg', 'medium': 'https://randomuser.me/api/portraits/med/women/80.jpg', 'thumbnail': 'https://randomuser.me/api/portraits/thumb/women/80.jpg'}, 'nat': 'NZ'}</msg>
<arg>${json_data['results'][0]}</arg>
<doc>Logs the given message with the given level.</doc>
<status status="PASS" start="2024-05-04T04:18:16.134162" elapsed="0.000398"/>
</kw>
<kw name="Log" owner="BuiltIn">
<msg time="2024-05-04T04:18:16.134975" level="INFO">location</msg>
<arg>${key}</arg>
<doc>Logs the given message with the given level.</doc>
<status status="PASS" start="2024-05-04T04:18:16.134851" elapsed="0.000161"/>
</kw>
<var name="${key}">location</var>
<status status="PASS" start="2024-05-04T04:18:16.133340" elapsed="0.001893"/>
</iter>
<iter>
<kw name="Dictionary Should Contain Key" owner="Collections">
<msg time="2024-05-04T04:18:16.135892" level="INFO">False</msg>
<arg>${json_data['results'][0]}</arg>
<arg>${key}</arg>
<doc>Fails if ``key`` is not found from ``dictionary``.</doc>
<status status="PASS" start="2024-05-04T04:18:16.135511" elapsed="0.000419"/>
</kw>
<kw name="Log" owner="BuiltIn">
<msg time="2024-05-04T04:18:16.136604" level="INFO">{'gender': 'female', 'name': {'title': 'Miss', 'first': 'Rose', 'last': 'Cooper'}, 'location': {'street': {'number': 9840, 'name': 'Highcliff Road'}, 'city': 'Tauranga', 'state': 'Northland', 'country': 'New Zealand', 'postcode': 53004, 'coordinates': {'latitude': '51.5767', 'longitude': '144.3688'}, 'timezone': {'offset': '+9:00', 'description': 'Tokyo, Seoul, Osaka, Sapporo, Yakutsk'}}, 'email': 'rose.cooper@example.com', 'login': {'uuid': 'd10ef6c8-7c27-461f-94fb-5cfad27a5fb0', 'username': 'sadgoose830', 'password': 'woofer', 'salt': 'XkCzh7wr', 'md5': '36f337778a7bd2b68deca0845f10a31a', 'sha1': '5dd63e071f5bccbb404c63bab833bcd625818195', 'sha256': '9beb9f9e10165ae981f125d3f1c3e464a5b4df6d9ac887405f1cbe2bdf162f77'}, 'dob': {'date': '2000-02-01T01:47:00.884Z', 'age': 24}, 'registered': {'date': '2015-04-19T07:07:01.184Z', 'age': 9}, 'phone': '(146)-397-0697', 'cell': '(731)-851-0288', 'id': {'name': '', 'value': None}, 'picture': {'large': 'https://randomuser.me/api/portraits/women/80.jpg', 'medium': 'https://randomuser.me/api/portraits/med/women/80.jpg', 'thumbnail': 'https://randomuser.me/api/portraits/thumb/women/80.jpg'}, 'nat': 'NZ'}</msg>
<arg>${json_data['results'][0]}</arg>
<doc>Logs the given message with the given level.</doc>
<status status="PASS" start="2024-05-04T04:18:16.136230" elapsed="0.000421"/>
</kw>
<kw name="Log" owner="BuiltIn">
<msg time="2024-05-04T04:18:16.137112" level="INFO">email</msg>
<arg>${key}</arg>
<doc>Logs the given message with the given level.</doc>
<status status="PASS" start="2024-05-04T04:18:16.136981" elapsed="0.000167"/>
</kw>
<var name="${key}">email</var>
<status status="PASS" start="2024-05-04T04:18:16.135403" elapsed="0.001966"/>
</iter>
<iter>
<kw name="Dictionary Should Contain Key" owner="Collections">
<msg time="2024-05-04T04:18:16.138042" level="INFO">False</msg>
<arg>${json_data['results'][0]}</arg>
<arg>${key}</arg>
<doc>Fails if ``key`` is not found from ``dictionary``.</doc>
<status status="PASS" start="2024-05-04T04:18:16.137653" elapsed="0.000428"/>
</kw>
<kw name="Log" owner="BuiltIn">
<msg time="2024-05-04T04:18:16.138755" level="INFO">{'gender': 'female', 'name': {'title': 'Miss', 'first': 'Rose', 'last': 'Cooper'}, 'location': {'street': {'number': 9840, 'name': 'Highcliff Road'}, 'city': 'Tauranga', 'state': 'Northland', 'country': 'New Zealand', 'postcode': 53004, 'coordinates': {'latitude': '51.5767', 'longitude': '144.3688'}, 'timezone': {'offset': '+9:00', 'description': 'Tokyo, Seoul, Osaka, Sapporo, Yakutsk'}}, 'email': 'rose.cooper@example.com', 'login': {'uuid': 'd10ef6c8-7c27-461f-94fb-5cfad27a5fb0', 'username': 'sadgoose830', 'password': 'woofer', 'salt': 'XkCzh7wr', 'md5': '36f337778a7bd2b68deca0845f10a31a', 'sha1': '5dd63e071f5bccbb404c63bab833bcd625818195', 'sha256': '9beb9f9e10165ae981f125d3f1c3e464a5b4df6d9ac887405f1cbe2bdf162f77'}, 'dob': {'date': '2000-02-01T01:47:00.884Z', 'age': 24}, 'registered': {'date': '2015-04-19T07:07:01.184Z', 'age': 9}, 'phone': '(146)-397-0697', 'cell': '(731)-851-0288', 'id': {'name': '', 'value': None}, 'picture': {'large': 'https://randomuser.me/api/portraits/women/80.jpg', 'medium': 'https://randomuser.me/api/portraits/med/women/80.jpg', 'thumbnail': 'https://randomuser.me/api/portraits/thumb/women/80.jpg'}, 'nat': 'NZ'}</msg>
<arg>${json_data['results'][0]}</arg>
<doc>Logs the given message with the given level.</doc>
<status status="PASS" start="2024-05-04T04:18:16.138391" elapsed="0.000410"/>
</kw>
<kw name="Log" owner="BuiltIn">
<msg time="2024-05-04T04:18:16.139230" level="INFO">login</msg>
<arg>${key}</arg>
<doc>Logs the given message with the given level.</doc>
<status status="PASS" start="2024-05-04T04:18:16.139107" elapsed="0.000160"/>
</kw>
<var name="${key}">login</var>
<status status="PASS" start="2024-05-04T04:18:16.137544" elapsed="0.001967"/>
</iter>
<var>${key}</var>
<value>@{expected_keys}</value>
<status status="PASS" start="2024-05-04T04:18:16.128865" elapsed="0.010769"/>
</for>
<kw name="Create List" owner="BuiltIn">
<msg time="2024-05-04T04:18:16.139960" level="INFO">${expected_keysTwo} = ['username', 'password']</msg>
<var>${expected_keysTwo}</var>
<arg>username</arg>
<arg>password</arg>
<doc>Returns a list containing given items.</doc>
<status status="PASS" start="2024-05-04T04:18:16.139827" elapsed="0.000157"/>
</kw>
<for flavor="IN">
<iter>
<kw name="Dictionary Should Contain Key" owner="Collections">
<msg time="2024-05-04T04:18:16.140894" level="INFO">False</msg>
<arg>${json_data['results'][0]['login']}</arg>
<arg>${keyTwo}</arg>
<doc>Fails if ``key`` is not found from ``dictionary``.</doc>
<status status="PASS" start="2024-05-04T04:18:16.140481" elapsed="0.000450"/>
</kw>
<kw name="Dictionary Should Contain Key" owner="Collections">
<msg time="2024-05-04T04:18:16.141596" level="INFO">False</msg>
<arg>${json_data['results'][0]['login']}</arg>
<arg>${keyTwo}</arg>
<doc>Fails if ``key`` is not found from ``dictionary``.</doc>
<status status="PASS" start="2024-05-04T04:18:16.141222" elapsed="0.000410"/>
</kw>
<kw name="Log" owner="BuiltIn">
<msg time="2024-05-04T04:18:16.142043" level="INFO">username</msg>
<arg>${keyTwo}</arg>
<doc>Logs the given message with the given level.</doc>
<status status="PASS" start="2024-05-04T04:18:16.141918" elapsed="0.000166"/>
</kw>
<var name="${keyTwo}">username</var>
<status status="PASS" start="2024-05-04T04:18:16.140375" elapsed="0.001924"/>
</iter>
<iter>
<kw name="Dictionary Should Contain Key" owner="Collections">
<msg time="2024-05-04T04:18:16.143044" level="INFO">False</msg>
<arg>${json_data['results'][0]['login']}</arg>
<arg>${keyTwo}</arg>
<doc>Fails if ``key`` is not found from ``dictionary``.</doc>
<status status="PASS" start="2024-05-04T04:18:16.142581" elapsed="0.000505"/>
</kw>
<kw name="Dictionary Should Contain Key" owner="Collections">
<msg time="2024-05-04T04:18:16.143753" level="INFO">False</msg>
<arg>${json_data['results'][0]['login']}</arg>
<arg>${keyTwo}</arg>
<doc>Fails if ``key`` is not found from ``dictionary``.</doc>
<status status="PASS" start="2024-05-04T04:18:16.143379" elapsed="0.000410"/>
</kw>
<kw name="Log" owner="BuiltIn">
<msg time="2024-05-04T04:18:16.144202" level="INFO">password</msg>
<arg>${keyTwo}</arg>
<doc>Logs the given message with the given level.</doc>
<status status="PASS" start="2024-05-04T04:18:16.144076" elapsed="0.000163"/>
</kw>
<var name="${keyTwo}">password</var>
<status status="PASS" start="2024-05-04T04:18:16.142468" elapsed="0.001982"/>
</iter>
<var>${keyTwo}</var>
<value>@{expected_keysTwo}</value>
<status status="PASS" start="2024-05-04T04:18:16.140220" elapsed="0.004348"/>
</for>
<status status="PASS" start="2024-05-04T04:18:16.023349" elapsed="0.121361"/>
</kw>
<doc>Testa a estrutura da resposta da API.</doc>
<tag>testeEstruturaResposta</tag>
<status status="PASS" start="2024-05-04T04:18:16.022732" elapsed="0.122184"/>
</test>
<test id="s1-s1-t4" name="Validar tipos de dados" line="28">
<kw name="Teste de Tipos de Dados" owner="random-user-service">
<kw name="GET On Session" owner="RequestsLibrary">
<msg time="2024-05-04T04:18:16.218821" level="INFO">GET Request : url=https://randomuser.me/api 
 path_url=/api 
 headers={'User-Agent': 'python-requests/2.31.0', 'Accept-Encoding': 'gzip, deflate', 'Accept': '*/*', 'Connection': 'keep-alive'} 
 body=None 
 </msg>
<msg time="2024-05-04T04:18:16.218929" level="INFO">GET Response : url=https://randomuser.me/api 
 status=200, reason=OK 
 headers={'Date': 'Sat, 04 May 2024 04:18:16 GMT', 'Content-Type': 'application/json; charset=utf-8', 'Transfer-Encoding': 'chunked', 'Connection': 'keep-alive', 'X-Powered-By': 'Express', 'Access-Control-Allow-Origin': '*', 'Cache-Control': 'no-cache', 'ETag': 'W/"4a5-nvPu9EyumAern8WT8um7EfT+sC0"', 'Vary': 'Accept-Encoding', 'Content-Encoding': 'gzip', 'CF-Cache-Status': 'DYNAMIC', 'Report-To': '{"endpoints":[{"url":"https:\\/\\/a.nel.cloudflare.com\\/report\\/v4?s=9b7KDqyKny37G8iciCuuY%2FGldwxd2pDyKmJxR2TwoGCF8fRh66n9tOTYhcEuu9i3vJkQHKMvfFXHNOUjb2mJDcvCsj6sBM4iEzTgozUFp5ySkv6fTMAF%2FsMrT%2FaGhKj2"}],"group":"cf-nel","max_age":604800}', 'NEL': '{"success_fraction":0,"report_to":"cf-nel","max_age":604800}', 'Server': 'cloudflare', 'CF-RAY': '87e5af92ffd829f1-ORD', 'alt-svc': 'h3=":443"; ma=86400'} 
 body={"results":[{"gender":"female","name":{"title":"Miss","first":"Lotta","last":"Peltola"},"location":{"street":{"number":9893,"name":"Hatanpään Valtatie"},"city":"Pälkäne","state":"Uusimaa","country":"Finland","postcode":88554,"coordinates":{"latitude":"-25.5149","longitude":"120.5592"},"timezone":{"offset":"+10:00","description":"Eastern Australia, Guam, Vladivostok"}},"email":"lotta.peltola@example.com","login":{"uuid":"8b2ff2bf-d122-450b-af75-86fb92ca253b","username":"greenlion493","password":"jackson","salt":"ejjwbTi8","md5":"48feabef9e3a209c33a745a507721964","sha1":"c68dbd45f2aac8559f46fdf56e23853a7298a3b0","sha256":"c22d4d7f5a08fcf9e461314f3dc2e083b1f456a6acef90c3a72d6a59fd35098a"},"dob":{"date":"2000-10-25T18:36:19.092Z","age":23},"registered":{"date":"2016-09-02T22:59:12.660Z","age":7},"phone":"03-761-327","cell":"048-554-42-22","id":{"name":"HETU","value":"NaNNA422undefined"},"picture":{"large":"https://randomuser.me/api/portraits/women/55.jpg","medium":"https://randomuser.me/api/portraits/med/women/55.jpg","thumbnail":"https://randomuser.me/api/portraits/thumb/women/55.jpg"},"nat":"FI"}],"info":{"seed":"0f83c3fdfc30b49f","results":1,"page":1,"version":"1.4"}} 
 </msg>
<msg time="2024-05-04T04:18:16.219014" level="INFO">/opt/hostedtoolcache/Python/3.12.3/x64/lib/python3.12/site-packages/urllib3/connectionpool.py:1103: InsecureRequestWarning: Unverified HTTPS request is being made to host 'randomuser.me'. Adding certificate verification is strongly advised. See: https://urllib3.readthedocs.io/en/latest/advanced-usage.html#tls-warnings
  warnings.warn(</msg>
<msg time="2024-05-04T04:18:16.219150" level="INFO">${response} = &lt;Response [200]&gt;</msg>
<var>${response}</var>
<arg>consultarAPI</arg>
<arg>/api</arg>
<doc>Sends a GET request on a previously created HTTP Session.</doc>
<status status="PASS" start="2024-05-04T04:18:16.147493" elapsed="0.071711"/>
</kw>
<kw name="Set Variable" owner="BuiltIn">
<msg time="2024-05-04T04:18:16.220269" level="INFO">${json_data} = {'results': [{'gender': 'female', 'name': {'title': 'Miss', 'first': 'Lotta', 'last': 'Peltola'}, 'location': {'street': {'number': 9893, 'name': 'Hatanpään Valtatie'}, 'city': 'Pälkäne', 'state': 'Uu...</msg>
<var>${json_data}</var>
<arg>${response.json()}</arg>
<doc>Returns the given values which can then be assigned to a variables.</doc>
<status status="PASS" start="2024-05-04T04:18:16.219748" elapsed="0.000551"/>
</kw>
<kw name="Log" owner="BuiltIn">
<msg time="2024-05-04T04:18:16.220823" level="INFO">{'results': [{'gender': 'female', 'name': {'title': 'Miss', 'first': 'Lotta', 'last': 'Peltola'}, 'location': {'street': {'number': 9893, 'name': 'Hatanpään Valtatie'}, 'city': 'Pälkäne', 'state': 'Uusimaa', 'country': 'Finland', 'postcode': 88554, 'coordinates': {'latitude': '-25.5149', 'longitude': '120.5592'}, 'timezone': {'offset': '+10:00', 'description': 'Eastern Australia, Guam, Vladivostok'}}, 'email': 'lotta.peltola@example.com', 'login': {'uuid': '8b2ff2bf-d122-450b-af75-86fb92ca253b', 'username': 'greenlion493', 'password': 'jackson', 'salt': 'ejjwbTi8', 'md5': '48feabef9e3a209c33a745a507721964', 'sha1': 'c68dbd45f2aac8559f46fdf56e23853a7298a3b0', 'sha256': 'c22d4d7f5a08fcf9e461314f3dc2e083b1f456a6acef90c3a72d6a59fd35098a'}, 'dob': {'date': '2000-10-25T18:36:19.092Z', 'age': 23}, 'registered': {'date': '2016-09-02T22:59:12.660Z', 'age': 7}, 'phone': '03-761-327', 'cell': '048-554-42-22', 'id': {'name': 'HETU', 'value': 'NaNNA422undefined'}, 'picture': {'large': 'https://randomuser.me/api/portraits/women/55.jpg', 'medium': 'https://randomuser.me/api/portraits/med/women/55.jpg', 'thumbnail': 'https://randomuser.me/api/portraits/thumb/women/55.jpg'}, 'nat': 'FI'}], 'info': {'seed': '0f83c3fdfc30b49f', 'results': 1, 'page': 1, 'version': '1.4'}}</msg>
<arg>${json_data}</arg>
<doc>Logs the given message with the given level.</doc>
<status status="PASS" start="2024-05-04T04:18:16.220621" elapsed="0.000295"/>
</kw>
<kw name="Should Be String" owner="String">
<arg>${json_data['results'][0]['gender']}</arg>
<doc>Fails if the given ``item`` is not a string.</doc>
<status status="PASS" start="2024-05-04T04:18:16.221219" elapsed="0.000367"/>
</kw>
<kw name="Should Match Regexp" owner="BuiltIn">
<arg>${json_data['results'][0]['email']}</arg>
<arg>^[a-zA-Z0-9._%+-]+@[a-zA-Z0-9.-]+\.[a-zA-Z]{2,}$</arg>
<doc>Fails if ``string`` does not match ``pattern`` as a regular expression.</doc>
<status status="PASS" start="2024-05-04T04:18:16.221778" elapsed="0.000514"/>
</kw>
<kw name="Should Match Regexp" owner="BuiltIn">
<arg>${json_data['results'][0]['dob']['date']}</arg>
<arg>\\d{4}-\\d{2}-\\d{2}T\\d{2}:\\d{2}:\\d{2}\\.\\d{3}Z</arg>
<doc>Fails if ``string`` does not match ``pattern`` as a regular expression.</doc>
<status status="PASS" start="2024-05-04T04:18:16.222484" elapsed="0.000485"/>
</kw>
<kw name="Should Match Regexp" owner="BuiltIn">
<arg>${json_data['results'][0]['registered']['date']}</arg>
<arg>\\d{4}-\\d{2}-\\d{2}T\\d{2}:\\d{2}:\\d{2}\\.\\d{3}Z</arg>
<doc>Fails if ``string`` does not match ``pattern`` as a regular expression.</doc>
<status status="PASS" start="2024-05-04T04:18:16.223158" elapsed="0.000367"/>
</kw>
<kw name="Should Match Regexp" owner="BuiltIn">
<arg>${json_data['results'][0]['picture']['large']}</arg>
<arg>^https?://.*\.(?:png|jpe?g|gif|bmp)$</arg>
<doc>Fails if ``string`` does not match ``pattern`` as a regular expression.</doc>
<status status="PASS" start="2024-05-04T04:18:16.223714" elapsed="0.000462"/>
</kw>
<kw name="Should Match Regexp" owner="BuiltIn">
<arg>${json_data['results'][0]['picture']['medium']}</arg>
<arg>^https?://.*\.(?:png|jpe?g|gif|bmp)$</arg>
<doc>Fails if ``string`` does not match ``pattern`` as a regular expression.</doc>
<status status="PASS" start="2024-05-04T04:18:16.224361" elapsed="0.000347"/>
</kw>
<kw name="Should Match Regexp" owner="BuiltIn">
<arg>${json_data['results'][0]['picture']['thumbnail']}</arg>
<arg>^https?://.*\.(?:png|jpe?g|gif|bmp)$</arg>
<doc>Fails if ``string`` does not match ``pattern`` as a regular expression.</doc>
<status status="PASS" start="2024-05-04T04:18:16.224945" elapsed="0.000363"/>
</kw>
<kw name="Log" owner="BuiltIn">
<msg time="2024-05-04T04:18:16.225809" level="INFO">{'large': 'https://randomuser.me/api/portraits/women/55.jpg', 'medium': 'https://randomuser.me/api/portraits/med/women/55.jpg', 'thumbnail': 'https://randomuser.me/api/portraits/thumb/women/55.jpg'}</msg>
<arg>${json_data['results'][0]['picture']}</arg>
<doc>Logs the given message with the given level.</doc>
<status status="PASS" start="2024-05-04T04:18:16.225489" elapsed="0.000360"/>
</kw>
<status status="PASS" start="2024-05-04T04:18:16.147255" elapsed="0.078860"/>
</kw>
<kw name="Teste de Tipos de Dados - Postcode" owner="random-user-service">
<kw name="GET On Session" owner="RequestsLibrary">
<msg time="2024-05-04T04:18:16.313325" level="INFO">GET Request : url=https://randomuser.me/api 
 path_url=/api 
 headers={'User-Agent': 'python-requests/2.31.0', 'Accept-Encoding': 'gzip, deflate', 'Accept': '*/*', 'Connection': 'keep-alive'} 
 body=None 
 </msg>
<msg time="2024-05-04T04:18:16.313436" level="INFO">GET Response : url=https://randomuser.me/api 
 status=200, reason=OK 
 headers={'Date': 'Sat, 04 May 2024 04:18:16 GMT', 'Content-Type': 'application/json; charset=utf-8', 'Transfer-Encoding': 'chunked', 'Connection': 'keep-alive', 'X-Powered-By': 'Express', 'Access-Control-Allow-Origin': '*', 'Cache-Control': 'no-cache', 'ETag': 'W/"492-n05ZP1PFzTYSBA77xgMixbjTCb0"', 'Vary': 'Accept-Encoding', 'Content-Encoding': 'gzip', 'CF-Cache-Status': 'DYNAMIC', 'Report-To': '{"endpoints":[{"url":"https:\\/\\/a.nel.cloudflare.com\\/report\\/v4?s=p4H0NwA9mp%2BKzMDznwnhDNVZyZyi73NtOVHFj1vuCeZwbRsaDLcFiWW7Or4%2BoSmeyBDW2v5WxfoJKfQxehu86krbXdHi3zNyUykTA4v0ZjFL3Il5%2FbPJl%2FNKSncv%2Fqc8"}],"group":"cf-nel","max_age":604800}', 'NEL': '{"success_fraction":0,"report_to":"cf-nel","max_age":604800}', 'Server': 'cloudflare', 'CF-RAY': '87e5af93685929f1-ORD', 'alt-svc': 'h3=":443"; ma=86400'} 
 body={"results":[{"gender":"female","name":{"title":"Mrs","first":"Julia","last":"Nguyen"},"location":{"street":{"number":9306,"name":"Rue Duguesclin"},"city":"Strasbourg","state":"Charente-Maritime","country":"France","postcode":98874,"coordinates":{"latitude":"-19.4702","longitude":"53.8437"},"timezone":{"offset":"-2:00","description":"Mid-Atlantic"}},"email":"julia.nguyen@example.com","login":{"uuid":"7b65ede2-fef4-45fa-b822-768f1b4f8e90","username":"blackladybug471","password":"brewster","salt":"40rv7QEI","md5":"c0f34f5ef8c86a45aa77f6e4675fefeb","sha1":"3555287fc3d6fb4a822771d5e339f8f369e9f87a","sha256":"d310a710fc43d2d82d0d7c1bb180de8b1c41af19d16e674d271dfa2107dd5f52"},"dob":{"date":"1976-03-08T00:11:06.811Z","age":48},"registered":{"date":"2021-05-04T14:40:31.082Z","age":2},"phone":"04-29-59-50-97","cell":"06-23-84-58-33","id":{"name":"INSEE","value":"2760226023006 48"},"picture":{"large":"https://randomuser.me/api/portraits/women/6.jpg","medium":"https://randomuser.me/api/portraits/med/women/6.jpg","thumbnail":"https://randomuser.me/api/portraits/thumb/women/6.jpg"},"nat":"FR"}],"info":{"seed":"a2d847d37da3d9a0","results":1,"page":1,"version":"1.4"}} 
 </msg>
<msg time="2024-05-04T04:18:16.313519" level="INFO">/opt/hostedtoolcache/Python/3.12.3/x64/lib/python3.12/site-packages/urllib3/connectionpool.py:1103: InsecureRequestWarning: Unverified HTTPS request is being made to host 'randomuser.me'. Adding certificate verification is strongly advised. See: https://urllib3.readthedocs.io/en/latest/advanced-usage.html#tls-warnings
  warnings.warn(</msg>
<msg time="2024-05-04T04:18:16.313638" level="INFO">${response} = &lt;Response [200]&gt;</msg>
<var>${response}</var>
<arg>consultarAPI</arg>
<arg>/api</arg>
<doc>Sends a GET request on a previously created HTTP Session.</doc>
<status status="PASS" start="2024-05-04T04:18:16.226580" elapsed="0.087087"/>
</kw>
<kw name="Set Variable" owner="BuiltIn">
<msg time="2024-05-04T04:18:16.314728" level="INFO">${json_data} = {'results': [{'gender': 'female', 'name': {'title': 'Mrs', 'first': 'Julia', 'last': 'Nguyen'}, 'location': {'street': {'number': 9306, 'name': 'Rue Duguesclin'}, 'city': 'Strasbourg', 'state': 'Chare...</msg>
<var>${json_data}</var>
<arg>${response.json()}</arg>
<doc>Returns the given values which can then be assigned to a variables.</doc>
<status status="PASS" start="2024-05-04T04:18:16.314198" elapsed="0.000558"/>
</kw>
<kw name="Log" owner="BuiltIn">
<msg time="2024-05-04T04:18:16.315237" level="INFO">{'results': [{'gender': 'female', 'name': {'title': 'Mrs', 'first': 'Julia', 'last': 'Nguyen'}, 'location': {'street': {'number': 9306, 'name': 'Rue Duguesclin'}, 'city': 'Strasbourg', 'state': 'Charente-Maritime', 'country': 'France', 'postcode': 98874, 'coordinates': {'latitude': '-19.4702', 'longitude': '53.8437'}, 'timezone': {'offset': '-2:00', 'description': 'Mid-Atlantic'}}, 'email': 'julia.nguyen@example.com', 'login': {'uuid': '7b65ede2-fef4-45fa-b822-768f1b4f8e90', 'username': 'blackladybug471', 'password': 'brewster', 'salt': '40rv7QEI', 'md5': 'c0f34f5ef8c86a45aa77f6e4675fefeb', 'sha1': '3555287fc3d6fb4a822771d5e339f8f369e9f87a', 'sha256': 'd310a710fc43d2d82d0d7c1bb180de8b1c41af19d16e674d271dfa2107dd5f52'}, 'dob': {'date': '1976-03-08T00:11:06.811Z', 'age': 48}, 'registered': {'date': '2021-05-04T14:40:31.082Z', 'age': 2}, 'phone': '04-29-59-50-97', 'cell': '06-23-84-58-33', 'id': {'name': 'INSEE', 'value': '2760226023006 48'}, 'picture': {'large': 'https://randomuser.me/api/portraits/women/6.jpg', 'medium': 'https://randomuser.me/api/portraits/med/women/6.jpg', 'thumbnail': 'https://randomuser.me/api/portraits/thumb/women/6.jpg'}, 'nat': 'FR'}], 'info': {'seed': 'a2d847d37da3d9a0', 'results': 1, 'page': 1, 'version': '1.4'}}</msg>
<arg>${json_data}</arg>
<doc>Logs the given message with the given level.</doc>
<status status="PASS" start="2024-05-04T04:18:16.315079" elapsed="0.000240"/>
</kw>
<kw name="Should Be Equal As Numbers" owner="BuiltIn">
<arg>${json_data['results'][0]['location']['postcode']}</arg>
<arg>${json_data['results'][0]['location']['postcode']}</arg>
<doc>Fails if objects are unequal after converting them to real numbers.</doc>
<status status="PASS" start="2024-05-04T04:18:16.315810" elapsed="0.000645"/>
</kw>
<kw name="Log" owner="BuiltIn">
<msg time="2024-05-04T04:18:16.317023" level="INFO">98874</msg>
<arg>${json_data['results'][0]['location']['postcode']}</arg>
<doc>Logs the given message with the given level.</doc>
<status status="PASS" start="2024-05-04T04:18:16.316649" elapsed="0.000414"/>
</kw>
<status status="PASS" start="2024-05-04T04:18:16.226348" elapsed="0.090972"/>
</kw>
<doc>Testa se os tipos de dados na resposta da API estão corretos.</doc>
<tag>testeTiposDados</tag>
<status status="PASS" start="2024-05-04T04:18:16.146693" elapsed="0.170798"/>
</test>
<test id="s1-s1-t5" name="Validar conteudo" line="35">
<kw name="Teste de Tipos de Conteudo" owner="random-user-service">
<kw name="GET On Session" owner="RequestsLibrary">
<msg time="2024-05-04T04:18:16.413622" level="INFO">GET Request : url=https://randomuser.me/api 
 path_url=/api 
 headers={'User-Agent': 'python-requests/2.31.0', 'Accept-Encoding': 'gzip, deflate', 'Accept': '*/*', 'Connection': 'keep-alive'} 
 body=None 
 </msg>
<msg time="2024-05-04T04:18:16.413725" level="INFO">GET Response : url=https://randomuser.me/api 
 status=200, reason=OK 
 headers={'Date': 'Sat, 04 May 2024 04:18:16 GMT', 'Content-Type': 'application/json; charset=utf-8', 'Transfer-Encoding': 'chunked', 'Connection': 'keep-alive', 'X-Powered-By': 'Express', 'Access-Control-Allow-Origin': '*', 'Cache-Control': 'no-cache', 'ETag': 'W/"48c-fMjpkkKeqGfzjGgWpkYNAg9sQa0"', 'Vary': 'Accept-Encoding', 'Content-Encoding': 'gzip', 'CF-Cache-Status': 'DYNAMIC', 'Report-To': '{"endpoints":[{"url":"https:\\/\\/a.nel.cloudflare.com\\/report\\/v4?s=yE1JbvvDejGvqw1ztEZArldOXzCMbToFEjFGm7sJuQEAMmAcJEfb71JFkRddngJKc%2FuInMwRiYjXmwUqAZiWXs1UECjZrYcDDICtt3Fd2xg1e21iM5cRK3rqvSDk7PpC"}],"group":"cf-nel","max_age":604800}', 'NEL': '{"success_fraction":0,"report_to":"cf-nel","max_age":604800}', 'Server': 'cloudflare', 'CF-RAY': '87e5af9408e229f1-ORD', 'alt-svc': 'h3=":443"; ma=86400'} 
 body={"results":[{"gender":"female","name":{"title":"Miss","first":"Nella","last":"Mattila"},"location":{"street":{"number":2065,"name":"Verkatehtaankatu"},"city":"Urjala","state":"Tavastia Proper","country":"Finland","postcode":55445,"coordinates":{"latitude":"-26.6516","longitude":"161.4528"},"timezone":{"offset":"-9:00","description":"Alaska"}},"email":"nella.mattila@example.com","login":{"uuid":"a9213fed-8f58-467b-b01f-903ba8dd121b","username":"yellowmeercat150","password":"aviation","salt":"0vIxDTBc","md5":"a93aab5db0627cdf981b7075166b8650","sha1":"f1bc01e6f1fd40f717684f88aef8150c74026322","sha256":"b323f6024cccc1758e7b295c6ad9eb336e5deb0f3e096110c6e4f01215a737e8"},"dob":{"date":"1955-08-28T23:42:54.450Z","age":68},"registered":{"date":"2016-10-23T17:46:53.083Z","age":7},"phone":"06-881-107","cell":"047-779-82-00","id":{"name":"HETU","value":"NaNNA462undefined"},"picture":{"large":"https://randomuser.me/api/portraits/women/61.jpg","medium":"https://randomuser.me/api/portraits/med/women/61.jpg","thumbnail":"https://randomuser.me/api/portraits/thumb/women/61.jpg"},"nat":"FI"}],"info":{"seed":"15d677639c48d0e3","results":1,"page":1,"version":"1.4"}} 
 </msg>
<msg time="2024-05-04T04:18:16.413793" level="INFO">/opt/hostedtoolcache/Python/3.12.3/x64/lib/python3.12/site-packages/urllib3/connectionpool.py:1103: InsecureRequestWarning: Unverified HTTPS request is being made to host 'randomuser.me'. Adding certificate verification is strongly advised. See: https://urllib3.readthedocs.io/en/latest/advanced-usage.html#tls-warnings
  warnings.warn(</msg>
<msg time="2024-05-04T04:18:16.413910" level="INFO">${response} = &lt;Response [200]&gt;</msg>
<var>${response}</var>
<arg>consultarAPI</arg>
<arg>/api</arg>
<doc>Sends a GET request on a previously created HTTP Session.</doc>
<status status="PASS" start="2024-05-04T04:18:16.320004" elapsed="0.093935"/>
</kw>
<kw name="Set Variable" owner="BuiltIn">
<msg time="2024-05-04T04:18:16.414992" level="INFO">${json_data} = {'results': [{'gender': 'female', 'name': {'title': 'Miss', 'first': 'Nella', 'last': 'Mattila'}, 'location': {'street': {'number': 2065, 'name': 'Verkatehtaankatu'}, 'city': 'Urjala', 'state': 'Tavas...</msg>
<var>${json_data}</var>
<arg>${response.json()}</arg>
<doc>Returns the given values which can then be assigned to a variables.</doc>
<status status="PASS" start="2024-05-04T04:18:16.414475" elapsed="0.000551"/>
</kw>
<kw name="Set Variable" owner="BuiltIn">
<msg time="2024-05-04T04:18:16.415762" level="INFO">${name_title} = Miss</msg>
<var>${name_title}</var>
<arg>${json_data["results"][0]["name"]["title"]}</arg>
<doc>Returns the given values which can then be assigned to a variables.</doc>
<status status="PASS" start="2024-05-04T04:18:16.415366" elapsed="0.000422"/>
</kw>
<kw name="Create List" owner="BuiltIn">
<msg time="2024-05-04T04:18:16.416275" level="INFO">${allowed_titles} = ['Mr', 'Ms', 'Miss', 'Mrs', 'Madame', 'Monsieur']</msg>
<var>${allowed_titles}</var>
<arg>Mr</arg>
<arg>Ms</arg>
<arg>Miss</arg>
<arg>Mrs</arg>
<arg>Madame</arg>
<arg>Monsieur</arg>
<doc>Returns a list containing given items.</doc>
<status status="PASS" start="2024-05-04T04:18:16.416126" elapsed="0.000174"/>
</kw>
<kw name="List Should Contain Value" owner="Collections">
<msg time="2024-05-04T04:18:16.416848" level="INFO">False</msg>
<arg>${allowed_titles}</arg>
<arg>${name_title}</arg>
<doc>Fails if the ``value`` is not found from ``list``.</doc>
<status status="PASS" start="2024-05-04T04:18:16.416615" elapsed="0.000275"/>
</kw>
<kw name="Set Variable" owner="BuiltIn">
<msg time="2024-05-04T04:18:16.417586" level="INFO">${name_country} = FI</msg>
<var>${name_country}</var>
<arg>${json_data["results"][0]["nat"]}</arg>
<doc>Returns the given values which can then be assigned to a variables.</doc>
<status status="PASS" start="2024-05-04T04:18:16.417204" elapsed="0.000407"/>
</kw>
<kw name="Create List" owner="BuiltIn">
<msg time="2024-05-04T04:18:16.418521" level="INFO">${list_country} = ['AD', 'AE', 'AF', 'AG', 'AI', 'AL', 'AM', 'AO', 'AQ', 'AR', 'AS', 'AT', 'AU', 'AW', 'AX', 'AZ', 'BA', 'BB', 'BD', 'BE', 'BF', 'BG', 'BH', 'BI', 'BJ', 'BL', 'BM', 'BN', 'BO', 'BQ', 'BR', 'BS', 'BT', '...</msg>
<var>${list_country}</var>
<arg>AD</arg>
<arg>AE</arg>
<arg>AF</arg>
<arg>AG</arg>
<arg>AI</arg>
<arg>AL</arg>
<arg>AM</arg>
<arg>AO</arg>
<arg>AQ</arg>
<arg>AR</arg>
<arg>AS</arg>
<arg>AT</arg>
<arg>AU</arg>
<arg>AW</arg>
<arg>AX</arg>
<arg>AZ</arg>
<arg>BA</arg>
<arg>BB</arg>
<arg>BD</arg>
<arg>BE</arg>
<arg>BF</arg>
<arg>BG</arg>
<arg>BH</arg>
<arg>BI</arg>
<arg>BJ</arg>
<arg>BL</arg>
<arg>BM</arg>
<arg>BN</arg>
<arg>BO</arg>
<arg>BQ</arg>
<arg>BR</arg>
<arg>BS</arg>
<arg>BT</arg>
<arg>BV</arg>
<arg>BW</arg>
<arg>BY</arg>
<arg>BZ</arg>
<arg>CA</arg>
<arg>CC</arg>
<arg>CD</arg>
<arg>CF</arg>
<arg>CG</arg>
<arg>CH</arg>
<arg>CI</arg>
<arg>CK</arg>
<arg>CL</arg>
<arg>CM</arg>
<arg>CN</arg>
<arg>CO</arg>
<arg>CR</arg>
<arg>CU</arg>
<arg>CV</arg>
<arg>CW</arg>
<arg>CX</arg>
<arg>CY</arg>
<arg>CZ</arg>
<arg>DE</arg>
<arg>DJ</arg>
<arg>DK</arg>
<arg>DM</arg>
<arg>DO</arg>
<arg>DZ</arg>
<arg>EC</arg>
<arg>EE</arg>
<arg>EG</arg>
<arg>EH</arg>
<arg>ER</arg>
<arg>ES</arg>
<arg>ET</arg>
<arg>FI</arg>
<arg>FJ</arg>
<arg>FK</arg>
<arg>FM</arg>
<arg>FO</arg>
<arg>FR</arg>
<arg>GA</arg>
<arg>GB</arg>
<arg>GD</arg>
<arg>GE</arg>
<arg>GF</arg>
<arg>GG</arg>
<arg>GH</arg>
<arg>GI</arg>
<arg>GL</arg>
<arg>GM</arg>
<arg>GN</arg>
<arg>GP</arg>
<arg>GQ</arg>
<arg>GR</arg>
<arg>GS</arg>
<arg>GT</arg>
<arg>GU</arg>
<arg>GW</arg>
<arg>GY</arg>
<arg>HK</arg>
<arg>HM</arg>
<arg>HN</arg>
<arg>HR</arg>
<arg>HT</arg>
<arg>HU</arg>
<arg>ID</arg>
<arg>IE</arg>
<arg>IL</arg>
<arg>IM</arg>
<arg>IN</arg>
<arg>IO</arg>
<arg>IQ</arg>
<arg>IR</arg>
<arg>IS</arg>
<arg>IT</arg>
<arg>JE</arg>
<arg>JM</arg>
<arg>JO</arg>
<arg>JP</arg>
<arg>KE</arg>
<arg>KG</arg>
<arg>KH</arg>
<arg>KI</arg>
<arg>KM</arg>
<arg>KN</arg>
<arg>KP</arg>
<arg>KR</arg>
<arg>KW</arg>
<arg>KY</arg>
<arg>KZ</arg>
<arg>LA</arg>
<arg>LB</arg>
<arg>LC</arg>
<arg>LI</arg>
<arg>LK</arg>
<arg>LR</arg>
<arg>LS</arg>
<arg>LT</arg>
<arg>LU</arg>
<arg>LV</arg>
<arg>LY</arg>
<arg>MA</arg>
<arg>MC</arg>
<arg>MD</arg>
<arg>ME</arg>
<arg>MF</arg>
<arg>MG</arg>
<arg>MH</arg>
<arg>MK</arg>
<arg>ML</arg>
<arg>MM</arg>
<arg>MN</arg>
<arg>MO</arg>
<arg>MP</arg>
<arg>MQ</arg>
<arg>MR</arg>
<arg>MS</arg>
<arg>MT</arg>
<arg>MU</arg>
<arg>MV</arg>
<arg>MW</arg>
<arg>MX</arg>
<arg>MY</arg>
<arg>MZ</arg>
<arg>NA</arg>
<arg>NC</arg>
<arg>NE</arg>
<arg>NF</arg>
<arg>NG</arg>
<arg>NI</arg>
<arg>NL</arg>
<arg>NO</arg>
<arg>NP</arg>
<arg>NR</arg>
<arg>NU</arg>
<arg>NZ</arg>
<arg>OM</arg>
<arg>PA</arg>
<arg>PE</arg>
<arg>PF</arg>
<arg>PG</arg>
<arg>PH</arg>
<arg>PK</arg>
<arg>PL</arg>
<arg>PM</arg>
<arg>PN</arg>
<arg>PR</arg>
<arg>PS</arg>
<arg>PT</arg>
<arg>PW</arg>
<arg>PY</arg>
<arg>QA</arg>
<arg>RE</arg>
<arg>RO</arg>
<arg>RS</arg>
<arg>RU</arg>
<arg>RW</arg>
<arg>SA</arg>
<arg>SB</arg>
<arg>SC</arg>
<arg>SD</arg>
<arg>SE</arg>
<arg>SG</arg>
<arg>SH</arg>
<arg>SI</arg>
<arg>SJ</arg>
<arg>SK</arg>
<arg>SL</arg>
<arg>SM</arg>
<arg>SN</arg>
<arg>SO</arg>
<arg>SR</arg>
<arg>SS</arg>
<arg>ST</arg>
<arg>SV</arg>
<arg>SX</arg>
<arg>SY</arg>
<arg>SZ</arg>
<arg>TC</arg>
<arg>TD</arg>
<arg>TF</arg>
<arg>TG</arg>
<arg>TH</arg>
<arg>TJ</arg>
<arg>TK</arg>
<arg>TL</arg>
<arg>TM</arg>
<arg>TN</arg>
<arg>TO</arg>
<arg>TR</arg>
<arg>TT</arg>
<arg>TV</arg>
<arg>TW</arg>
<arg>TZ</arg>
<arg>UA</arg>
<arg>UG</arg>
<arg>UM</arg>
<arg>US</arg>
<arg>UY</arg>
<arg>UZ</arg>
<arg>VA</arg>
<arg>VC</arg>
<arg>VE</arg>
<arg>VG</arg>
<arg>VI</arg>
<arg>VN</arg>
<arg>VU</arg>
<arg>WF</arg>
<arg>WS</arg>
<arg>XK</arg>
<arg>YE</arg>
<arg>YT</arg>
<arg>ZA</arg>
<arg>ZM</arg>
<arg>ZW</arg>
<doc>Returns a list containing given items.</doc>
<status status="PASS" start="2024-05-04T04:18:16.417935" elapsed="0.000612"/>
</kw>
<kw name="List Should Contain Value" owner="Collections">
<msg time="2024-05-04T04:18:16.419577" level="INFO">False</msg>
<arg>${list_country}</arg>
<arg>${name_country}</arg>
<doc>Fails if the ``value`` is not found from ``list``.</doc>
<status status="PASS" start="2024-05-04T04:18:16.419377" elapsed="0.000238"/>
</kw>
<kw name="Run Keyword If" owner="BuiltIn">
<kw name="Should Be True" owner="BuiltIn">
<arg>${True}</arg>
<doc>Fails if the given condition is not true.</doc>
<status status="PASS" start="2024-05-04T04:18:16.420698" elapsed="0.000293"/>
</kw>
<arg>${json_data["results"][0]["location"]["coordinates"]["latitude"]} &gt;= -90 and ${json_data["results"][0]["location"]["coordinates"]["latitude"]} &lt;= 90</arg>
<arg>Should Be True</arg>
<arg>${True}</arg>
<doc>Runs the given keyword with the given arguments, if ``condition`` is true.</doc>
<status status="PASS" start="2024-05-04T04:18:16.419936" elapsed="0.001189"/>
</kw>
<kw name="Run Keyword If" owner="BuiltIn">
<kw name="Should Be True" owner="BuiltIn">
<arg>${True}</arg>
<doc>Fails if the given condition is not true.</doc>
<status status="PASS" start="2024-05-04T04:18:16.422012" elapsed="0.000137"/>
</kw>
<arg>${json_data["results"][0]["location"]["coordinates"]["longitude"]} &gt;= -180 and ${json_data["results"][0]["location"]["coordinates"]["longitude"]} &lt;= 180</arg>
<arg>Should Be True</arg>
<arg>${True}</arg>
<doc>Runs the given keyword with the given arguments, if ``condition`` is true.</doc>
<status status="PASS" start="2024-05-04T04:18:16.421311" elapsed="0.000966"/>
</kw>
<status status="PASS" start="2024-05-04T04:18:16.319773" elapsed="0.102635"/>
</kw>
<doc>Testa o conteúdo específico dos campos retornados pela API.</doc>
<tag>testeConteudo</tag>
<status status="PASS" start="2024-05-04T04:18:16.319270" elapsed="0.103291"/>
</test>
<status status="PASS" start="2024-05-04T04:18:15.619613" elapsed="0.804925"/>
</suite>
<status status="PASS" start="2024-05-04T04:18:15.605481" elapsed="0.824256"/>
</suite>
<statistics>
<total>
<stat pass="5" fail="0" skip="0">All Tests</stat>
</total>
<tag>
<stat pass="1" fail="0" skip="0">testeConteudo</stat>
<stat pass="1" fail="0" skip="0">testeEstruturaResposta</stat>
<stat pass="1" fail="0" skip="0">testeRequisicaoBasica</stat>
<stat pass="1" fail="0" skip="0">testeTiposDados</stat>
</tag>
<suite>
<stat pass="5" fail="0" skip="0" id="s1" name="Tests">Tests</stat>
<stat pass="5" fail="0" skip="0" id="s1-s1" name="Random-User-Test">Tests.Random-User-Test</stat>
</suite>
</statistics>
<errors>
</errors>
</robot>
