<?xml version="1.0" encoding="UTF-8"?>
<robot generator="Robot 7.0.1 (Python 3.12.4 on linux)" generated="2024-07-04T04:17:43.808575" rpa="false" schemaversion="5">
<suite id="s1" name="Tests" source="/home/runner/work/ApiRandomUser/ApiRandomUser/RamdonUser/tests">
<suite id="s1-s1" name="Random-User-Test" source="/home/runner/work/ApiRandomUser/ApiRandomUser/RamdonUser/tests/random-user-test.robot">
<test id="s1-s1-t1" name="Conectar" line="13">
<kw name="Conectar API" owner="random-user-service">
<kw name="Create Session" owner="RequestsLibrary">
<msg time="2024-07-04T04:17:44.213562" level="INFO">Creating Session using : alias=consultarAPI, url=https://randomuser.me/, headers={},                     cookies={}, auth=None, timeout=None, proxies=None, verify=False,                     debug=0 </msg>
<arg>consultarAPI</arg>
<arg>${URL}</arg>
<doc>Create Session: create a HTTP session to a server</doc>
<status status="PASS" start="2024-07-04T04:17:44.213343" elapsed="0.000430"/>
</kw>
<status status="PASS" start="2024-07-04T04:17:44.212307" elapsed="0.001887"/>
</kw>
<status status="PASS" start="2024-07-04T04:17:44.211645" elapsed="0.002806"/>
</test>
<test id="s1-s1-t2" name="Validar retorno 200 e JSON Válido" line="16">
<kw name="Teste de Requisicao Basica" owner="random-user-service">
<kw name="GET On Session" owner="RequestsLibrary">
<msg time="2024-07-04T04:17:44.354653" level="INFO">GET Request : url=https://randomuser.me/api 
 path_url=/api 
 headers={'User-Agent': 'python-requests/2.32.3', 'Accept-Encoding': 'gzip, deflate', 'Accept': '*/*', 'Connection': 'keep-alive'} 
 body=None 
 </msg>
<msg time="2024-07-04T04:17:44.354803" level="INFO">GET Response : url=https://randomuser.me/api 
 status=200, reason=OK 
 headers={'Date': 'Thu, 04 Jul 2024 04:17:44 GMT', 'Content-Type': 'application/json; charset=utf-8', 'Transfer-Encoding': 'chunked', 'Connection': 'keep-alive', 'X-Powered-By': 'Express', 'Access-Control-Allow-Origin': '*', 'Cache-Control': 'no-cache', 'ETag': 'W/"494-HKvlz52xv3NGWh7502R8Hh+nsBg"', 'Vary': 'Accept-Encoding', 'Content-Encoding': 'gzip', 'CF-Cache-Status': 'DYNAMIC', 'Report-To': '{"endpoints":[{"url":"https:\\/\\/a.nel.cloudflare.com\\/report\\/v4?s=Xyh4Yjy46CfMDQHbsny%2BBIJ7dlHdpMOBw6iOLxotgs1nIkLc5PzQ1ZqTudXLmNVH0DQ0AnjUjBuIyngOlMciFU%2BOwca4S5PhlQp2%2Bnpd084hhAAcv%2Bw1IxqaZRg4k2f6"}],"group":"cf-nel","max_age":604800}', 'NEL': '{"success_fraction":0,"report_to":"cf-nel","max_age":604800}', 'Server': 'cloudflare', 'CF-RAY': '89dc4eabebe9396e-IAD', 'alt-svc': 'h3=":443"; ma=86400'} 
 body={"results":[{"gender":"female","name":{"title":"Ms","first":"Chloe","last":"Daniels"},"location":{"street":{"number":5755,"name":"Church Street"},"city":"Sunderland","state":"Oxfordshire","country":"United Kingdom","postcode":"YS3 4AX","coordinates":{"latitude":"-5.8299","longitude":"132.2158"},"timezone":{"offset":"-12:00","description":"Eniwetok, Kwajalein"}},"email":"chloe.daniels@example.com","login":{"uuid":"33e092db-156e-4682-b6f8-ba60066a6a4a","username":"lazypanda679","password":"warren","salt":"wy5xHkmz","md5":"bf1470b7b7e6bc0878f6183cee5c92f5","sha1":"5edb5930ebd6ac5056ca8394cc3bdc2184e5deb4","sha256":"739f7f373a1534f2f005acd6efa8910ec2e2b9aa50384cf6a69bd28a56df04be"},"dob":{"date":"1968-09-17T03:02:28.456Z","age":55},"registered":{"date":"2003-01-22T22:04:59.844Z","age":21},"phone":"015394 52190","cell":"07914 686194","id":{"name":"NINO","value":"ZN 65 61 85 H"},"picture":{"large":"https://randomuser.me/api/portraits/women/4.jpg","medium":"https://randomuser.me/api/portraits/med/women/4.jpg","thumbnail":"https://randomuser.me/api/portraits/thumb/women/4.jpg"},"nat":"GB"}],"info":{"seed":"5ecbc7408119b581","results":1,"page":1,"version":"1.4"}} 
 </msg>
<msg time="2024-07-04T04:17:44.354888" level="INFO">/opt/hostedtoolcache/Python/3.12.4/x64/lib/python3.12/site-packages/urllib3/connectionpool.py:1099: InsecureRequestWarning: Unverified HTTPS request is being made to host 'randomuser.me'. Adding certificate verification is strongly advised. See: https://urllib3.readthedocs.io/en/latest/advanced-usage.html#tls-warnings
  warnings.warn(</msg>
<msg time="2024-07-04T04:17:44.355057" level="INFO">${response} = &lt;Response [200]&gt;</msg>
<var>${response}</var>
<arg>consultarAPI</arg>
<arg>/api</arg>
<doc>Sends a GET request on a previously created HTTP Session.</doc>
<status status="PASS" start="2024-07-04T04:17:44.217344" elapsed="0.137757"/>
</kw>
<kw name="Should Be Equal As Numbers" owner="BuiltIn">
<msg time="2024-07-04T04:17:44.356244" level="INFO">Argument types are:
&lt;class 'int'&gt;
&lt;class 'str'&gt;</msg>
<arg>${response.status_code}</arg>
<arg>200</arg>
<doc>Fails if objects are unequal after converting them to real numbers.</doc>
<status status="PASS" start="2024-07-04T04:17:44.355760" elapsed="0.000548"/>
</kw>
<kw name="Log" owner="BuiltIn">
<msg time="2024-07-04T04:17:44.356979" level="INFO">200</msg>
<arg>${response.status_code}</arg>
<doc>Logs the given message with the given level.</doc>
<status status="PASS" start="2024-07-04T04:17:44.356633" elapsed="0.000387"/>
</kw>
<kw name="Set Variable" owner="BuiltIn">
<msg time="2024-07-04T04:17:44.357752" level="INFO">${json_data} = {'results': [{'gender': 'female', 'name': {'title': 'Ms', 'first': 'Chloe', 'last': 'Daniels'}, 'location': {'street': {'number': 5755, 'name': 'Church Street'}, 'city': 'Sunderland', 'state': 'Oxford...</msg>
<var>${json_data}</var>
<arg>${response.json()}</arg>
<doc>Returns the given values which can then be assigned to a variables.</doc>
<status status="PASS" start="2024-07-04T04:17:44.357322" elapsed="0.000457"/>
</kw>
<kw name="Dictionary Should Contain Key" owner="Collections">
<arg>${json_data}</arg>
<arg>results</arg>
<doc>Fails if ``key`` is not found from ``dictionary``.</doc>
<status status="PASS" start="2024-07-04T04:17:44.358073" elapsed="0.000206"/>
</kw>
<status status="PASS" start="2024-07-04T04:17:44.217067" elapsed="0.141365"/>
</kw>
<doc>Testa se a API responde corretamente e retorna um objeto JSON válido.</doc>
<tag>testeRequisicaoBasica</tag>
<status status="PASS" start="2024-07-04T04:17:44.216497" elapsed="0.142112"/>
</test>
<test id="s1-s1-t3" name="Validar estrutura de resposta" line="22">
<kw name="Teste de Estrutura de Resposta" owner="random-user-service">
<kw name="GET On Session" owner="RequestsLibrary">
<msg time="2024-07-04T04:17:44.446376" level="INFO">GET Request : url=https://randomuser.me/api 
 path_url=/api 
 headers={'User-Agent': 'python-requests/2.32.3', 'Accept-Encoding': 'gzip, deflate', 'Accept': '*/*', 'Connection': 'keep-alive'} 
 body=None 
 </msg>
<msg time="2024-07-04T04:17:44.446488" level="INFO">GET Response : url=https://randomuser.me/api 
 status=200, reason=OK 
 headers={'Date': 'Thu, 04 Jul 2024 04:17:44 GMT', 'Content-Type': 'application/json; charset=utf-8', 'Transfer-Encoding': 'chunked', 'Connection': 'keep-alive', 'X-Powered-By': 'Express', 'Access-Control-Allow-Origin': '*', 'Cache-Control': 'no-cache', 'ETag': 'W/"4a5-CVfgqfkEC0TDXIZCEt8PJfxbKEA"', 'Vary': 'Accept-Encoding', 'Content-Encoding': 'gzip', 'CF-Cache-Status': 'DYNAMIC', 'Report-To': '{"endpoints":[{"url":"https:\\/\\/a.nel.cloudflare.com\\/report\\/v4?s=xzRRxfQgAZ8xTrDJrGgwCEHrsBNjMsqrpEwFuwcph7tIqWNDSciZrJGohnyKq6t65xByja5xx3JkDsctJ33PSPka2l2SOjICCTuHg50eTh3yqBFpWOotW2gj30m9WC9S"}],"group":"cf-nel","max_age":604800}', 'NEL': '{"success_fraction":0,"report_to":"cf-nel","max_age":604800}', 'Server': 'cloudflare', 'CF-RAY': '89dc4eac4c4a396e-IAD', 'alt-svc': 'h3=":443"; ma=86400'} 
 body={"results":[{"gender":"female","name":{"title":"Miss","first":"Viivi","last":"Joki"},"location":{"street":{"number":4321,"name":"Mannerheimintie"},"city":"Kotka","state":"Central Ostrobothnia","country":"Finland","postcode":81353,"coordinates":{"latitude":"-24.5422","longitude":"46.0212"},"timezone":{"offset":"+3:00","description":"Baghdad, Riyadh, Moscow, St. Petersburg"}},"email":"viivi.joki@example.com","login":{"uuid":"f3486651-c9b4-417d-a504-e81354b16d49","username":"crazytiger580","password":"191919","salt":"KRsgDZzw","md5":"6bada3b30e455abf7a6bf8bc25e6ac95","sha1":"2018a3ab151a962a1107a266d0a9fd1e7a4794e0","sha256":"6842d7db6bf1fec0d8d543eec5dfa62da0158daad627466deba4fff6dc073ac2"},"dob":{"date":"1950-09-28T04:57:39.214Z","age":73},"registered":{"date":"2006-07-01T19:57:08.302Z","age":18},"phone":"04-703-826","cell":"044-094-36-10","id":{"name":"HETU","value":"NaNNA964undefined"},"picture":{"large":"https://randomuser.me/api/portraits/women/36.jpg","medium":"https://randomuser.me/api/portraits/med/women/36.jpg","thumbnail":"https://randomuser.me/api/portraits/thumb/women/36.jpg"},"nat":"FI"}],"info":{"seed":"0de8a136e5350a5b","results":1,"page":1,"version":"1.4"}} 
 </msg>
<msg time="2024-07-04T04:17:44.446633" level="INFO">/opt/hostedtoolcache/Python/3.12.4/x64/lib/python3.12/site-packages/urllib3/connectionpool.py:1099: InsecureRequestWarning: Unverified HTTPS request is being made to host 'randomuser.me'. Adding certificate verification is strongly advised. See: https://urllib3.readthedocs.io/en/latest/advanced-usage.html#tls-warnings
  warnings.warn(</msg>
<msg time="2024-07-04T04:17:44.446782" level="INFO">${response} = &lt;Response [200]&gt;</msg>
<var>${response}</var>
<arg>consultarAPI</arg>
<arg>/api</arg>
<doc>Sends a GET request on a previously created HTTP Session.</doc>
<status status="PASS" start="2024-07-04T04:17:44.361281" elapsed="0.085544"/>
</kw>
<kw name="Set Variable" owner="BuiltIn">
<msg time="2024-07-04T04:17:44.447972" level="INFO">${json_data} = {'results': [{'gender': 'female', 'name': {'title': 'Miss', 'first': 'Viivi', 'last': 'Joki'}, 'location': {'street': {'number': 4321, 'name': 'Mannerheimintie'}, 'city': 'Kotka', 'state': 'Central Os...</msg>
<var>${json_data}</var>
<arg>${response.json()}</arg>
<doc>Returns the given values which can then be assigned to a variables.</doc>
<status status="PASS" start="2024-07-04T04:17:44.447421" elapsed="0.000580"/>
</kw>
<kw name="Log" owner="BuiltIn">
<msg time="2024-07-04T04:17:44.448494" level="INFO">{'results': [{'gender': 'female', 'name': {'title': 'Miss', 'first': 'Viivi', 'last': 'Joki'}, 'location': {'street': {'number': 4321, 'name': 'Mannerheimintie'}, 'city': 'Kotka', 'state': 'Central Ostrobothnia', 'country': 'Finland', 'postcode': 81353, 'coordinates': {'latitude': '-24.5422', 'longitude': '46.0212'}, 'timezone': {'offset': '+3:00', 'description': 'Baghdad, Riyadh, Moscow, St. Petersburg'}}, 'email': 'viivi.joki@example.com', 'login': {'uuid': 'f3486651-c9b4-417d-a504-e81354b16d49', 'username': 'crazytiger580', 'password': '191919', 'salt': 'KRsgDZzw', 'md5': '6bada3b30e455abf7a6bf8bc25e6ac95', 'sha1': '2018a3ab151a962a1107a266d0a9fd1e7a4794e0', 'sha256': '6842d7db6bf1fec0d8d543eec5dfa62da0158daad627466deba4fff6dc073ac2'}, 'dob': {'date': '1950-09-28T04:57:39.214Z', 'age': 73}, 'registered': {'date': '2006-07-01T19:57:08.302Z', 'age': 18}, 'phone': '04-703-826', 'cell': '044-094-36-10', 'id': {'name': 'HETU', 'value': 'NaNNA964undefined'}, 'picture': {'large': 'https://randomuser.me/api/portraits/women/36.jpg', 'medium': 'https://randomuser.me/api/portraits/med/women/36.jpg', 'thumbnail': 'https://randomuser.me/api/portraits/thumb/women/36.jpg'}, 'nat': 'FI'}], 'info': {'seed': '0de8a136e5350a5b', 'results': 1, 'page': 1, 'version': '1.4'}}</msg>
<arg>${json_data}</arg>
<doc>Logs the given message with the given level.</doc>
<status status="PASS" start="2024-07-04T04:17:44.448329" elapsed="0.000211"/>
</kw>
<kw name="Dictionary Should Contain Key" owner="Collections">
<arg>${json_data}</arg>
<arg>results</arg>
<doc>Fails if ``key`` is not found from ``dictionary``.</doc>
<status status="PASS" start="2024-07-04T04:17:44.448851" elapsed="0.000157"/>
</kw>
<kw name="Should Not Be Empty" owner="BuiltIn">
<msg time="2024-07-04T04:17:44.449324" level="INFO">Length is 2.</msg>
<arg>${json_data}</arg>
<doc>Verifies that the given item is not empty.</doc>
<status status="PASS" start="2024-07-04T04:17:44.449191" elapsed="0.000171"/>
</kw>
<kw name="Create List" owner="BuiltIn">
<msg time="2024-07-04T04:17:44.449965" level="INFO">${expected_keys} = ['gender', 'name', 'location', 'email', 'login']</msg>
<var>${expected_keys}</var>
<arg>gender</arg>
<arg>name</arg>
<arg>location</arg>
<arg>email</arg>
<arg>login</arg>
<doc>Returns a list containing given items.</doc>
<status status="PASS" start="2024-07-04T04:17:44.449660" elapsed="0.000329"/>
</kw>
<for flavor="IN">
<iter>
<kw name="Dictionary Should Contain Key" owner="Collections">
<arg>${json_data['results'][0]}</arg>
<arg>${key}</arg>
<doc>Fails if ``key`` is not found from ``dictionary``.</doc>
<status status="PASS" start="2024-07-04T04:17:44.450599" elapsed="0.000400"/>
</kw>
<kw name="Log" owner="BuiltIn">
<msg time="2024-07-04T04:17:44.451544" level="INFO">{'gender': 'female', 'name': {'title': 'Miss', 'first': 'Viivi', 'last': 'Joki'}, 'location': {'street': {'number': 4321, 'name': 'Mannerheimintie'}, 'city': 'Kotka', 'state': 'Central Ostrobothnia', 'country': 'Finland', 'postcode': 81353, 'coordinates': {'latitude': '-24.5422', 'longitude': '46.0212'}, 'timezone': {'offset': '+3:00', 'description': 'Baghdad, Riyadh, Moscow, St. Petersburg'}}, 'email': 'viivi.joki@example.com', 'login': {'uuid': 'f3486651-c9b4-417d-a504-e81354b16d49', 'username': 'crazytiger580', 'password': '191919', 'salt': 'KRsgDZzw', 'md5': '6bada3b30e455abf7a6bf8bc25e6ac95', 'sha1': '2018a3ab151a962a1107a266d0a9fd1e7a4794e0', 'sha256': '6842d7db6bf1fec0d8d543eec5dfa62da0158daad627466deba4fff6dc073ac2'}, 'dob': {'date': '1950-09-28T04:57:39.214Z', 'age': 73}, 'registered': {'date': '2006-07-01T19:57:08.302Z', 'age': 18}, 'phone': '04-703-826', 'cell': '044-094-36-10', 'id': {'name': 'HETU', 'value': 'NaNNA964undefined'}, 'picture': {'large': 'https://randomuser.me/api/portraits/women/36.jpg', 'medium': 'https://randomuser.me/api/portraits/med/women/36.jpg', 'thumbnail': 'https://randomuser.me/api/portraits/thumb/women/36.jpg'}, 'nat': 'FI'}</msg>
<arg>${json_data['results'][0]}</arg>
<doc>Logs the given message with the given level.</doc>
<status status="PASS" start="2024-07-04T04:17:44.451180" elapsed="0.000410"/>
</kw>
<kw name="Log" owner="BuiltIn">
<msg time="2024-07-04T04:17:44.452015" level="INFO">gender</msg>
<arg>${key}</arg>
<doc>Logs the given message with the given level.</doc>
<status status="PASS" start="2024-07-04T04:17:44.451889" elapsed="0.000164"/>
</kw>
<var name="${key}">gender</var>
<status status="PASS" start="2024-07-04T04:17:44.450474" elapsed="0.001794"/>
</iter>
<iter>
<kw name="Dictionary Should Contain Key" owner="Collections">
<arg>${json_data['results'][0]}</arg>
<arg>${key}</arg>
<doc>Fails if ``key`` is not found from ``dictionary``.</doc>
<status status="PASS" start="2024-07-04T04:17:44.452560" elapsed="0.000388"/>
</kw>
<kw name="Log" owner="BuiltIn">
<msg time="2024-07-04T04:17:44.453516" level="INFO">{'gender': 'female', 'name': {'title': 'Miss', 'first': 'Viivi', 'last': 'Joki'}, 'location': {'street': {'number': 4321, 'name': 'Mannerheimintie'}, 'city': 'Kotka', 'state': 'Central Ostrobothnia', 'country': 'Finland', 'postcode': 81353, 'coordinates': {'latitude': '-24.5422', 'longitude': '46.0212'}, 'timezone': {'offset': '+3:00', 'description': 'Baghdad, Riyadh, Moscow, St. Petersburg'}}, 'email': 'viivi.joki@example.com', 'login': {'uuid': 'f3486651-c9b4-417d-a504-e81354b16d49', 'username': 'crazytiger580', 'password': '191919', 'salt': 'KRsgDZzw', 'md5': '6bada3b30e455abf7a6bf8bc25e6ac95', 'sha1': '2018a3ab151a962a1107a266d0a9fd1e7a4794e0', 'sha256': '6842d7db6bf1fec0d8d543eec5dfa62da0158daad627466deba4fff6dc073ac2'}, 'dob': {'date': '1950-09-28T04:57:39.214Z', 'age': 73}, 'registered': {'date': '2006-07-01T19:57:08.302Z', 'age': 18}, 'phone': '04-703-826', 'cell': '044-094-36-10', 'id': {'name': 'HETU', 'value': 'NaNNA964undefined'}, 'picture': {'large': 'https://randomuser.me/api/portraits/women/36.jpg', 'medium': 'https://randomuser.me/api/portraits/med/women/36.jpg', 'thumbnail': 'https://randomuser.me/api/portraits/thumb/women/36.jpg'}, 'nat': 'FI'}</msg>
<arg>${json_data['results'][0]}</arg>
<doc>Logs the given message with the given level.</doc>
<status status="PASS" start="2024-07-04T04:17:44.453127" elapsed="0.000436"/>
</kw>
<kw name="Log" owner="BuiltIn">
<msg time="2024-07-04T04:17:44.453984" level="INFO">name</msg>
<arg>${key}</arg>
<doc>Logs the given message with the given level.</doc>
<status status="PASS" start="2024-07-04T04:17:44.453858" elapsed="0.000163"/>
</kw>
<var name="${key}">name</var>
<status status="PASS" start="2024-07-04T04:17:44.452450" elapsed="0.001814"/>
</iter>
<iter>
<kw name="Dictionary Should Contain Key" owner="Collections">
<arg>${json_data['results'][0]}</arg>
<arg>${key}</arg>
<doc>Fails if ``key`` is not found from ``dictionary``.</doc>
<status status="PASS" start="2024-07-04T04:17:44.454555" elapsed="0.000376"/>
</kw>
<kw name="Log" owner="BuiltIn">
<msg time="2024-07-04T04:17:44.455457" level="INFO">{'gender': 'female', 'name': {'title': 'Miss', 'first': 'Viivi', 'last': 'Joki'}, 'location': {'street': {'number': 4321, 'name': 'Mannerheimintie'}, 'city': 'Kotka', 'state': 'Central Ostrobothnia', 'country': 'Finland', 'postcode': 81353, 'coordinates': {'latitude': '-24.5422', 'longitude': '46.0212'}, 'timezone': {'offset': '+3:00', 'description': 'Baghdad, Riyadh, Moscow, St. Petersburg'}}, 'email': 'viivi.joki@example.com', 'login': {'uuid': 'f3486651-c9b4-417d-a504-e81354b16d49', 'username': 'crazytiger580', 'password': '191919', 'salt': 'KRsgDZzw', 'md5': '6bada3b30e455abf7a6bf8bc25e6ac95', 'sha1': '2018a3ab151a962a1107a266d0a9fd1e7a4794e0', 'sha256': '6842d7db6bf1fec0d8d543eec5dfa62da0158daad627466deba4fff6dc073ac2'}, 'dob': {'date': '1950-09-28T04:57:39.214Z', 'age': 73}, 'registered': {'date': '2006-07-01T19:57:08.302Z', 'age': 18}, 'phone': '04-703-826', 'cell': '044-094-36-10', 'id': {'name': 'HETU', 'value': 'NaNNA964undefined'}, 'picture': {'large': 'https://randomuser.me/api/portraits/women/36.jpg', 'medium': 'https://randomuser.me/api/portraits/med/women/36.jpg', 'thumbnail': 'https://randomuser.me/api/portraits/thumb/women/36.jpg'}, 'nat': 'FI'}</msg>
<arg>${json_data['results'][0]}</arg>
<doc>Logs the given message with the given level.</doc>
<status status="PASS" start="2024-07-04T04:17:44.455111" elapsed="0.000391"/>
</kw>
<kw name="Log" owner="BuiltIn">
<msg time="2024-07-04T04:17:44.455928" level="INFO">location</msg>
<arg>${key}</arg>
<doc>Logs the given message with the given level.</doc>
<status status="PASS" start="2024-07-04T04:17:44.455801" elapsed="0.000164"/>
</kw>
<var name="${key}">location</var>
<status status="PASS" start="2024-07-04T04:17:44.454443" elapsed="0.001740"/>
</iter>
<iter>
<kw name="Dictionary Should Contain Key" owner="Collections">
<arg>${json_data['results'][0]}</arg>
<arg>${key}</arg>
<doc>Fails if ``key`` is not found from ``dictionary``.</doc>
<status status="PASS" start="2024-07-04T04:17:44.456459" elapsed="0.000389"/>
</kw>
<kw name="Log" owner="BuiltIn">
<msg time="2024-07-04T04:17:44.457376" level="INFO">{'gender': 'female', 'name': {'title': 'Miss', 'first': 'Viivi', 'last': 'Joki'}, 'location': {'street': {'number': 4321, 'name': 'Mannerheimintie'}, 'city': 'Kotka', 'state': 'Central Ostrobothnia', 'country': 'Finland', 'postcode': 81353, 'coordinates': {'latitude': '-24.5422', 'longitude': '46.0212'}, 'timezone': {'offset': '+3:00', 'description': 'Baghdad, Riyadh, Moscow, St. Petersburg'}}, 'email': 'viivi.joki@example.com', 'login': {'uuid': 'f3486651-c9b4-417d-a504-e81354b16d49', 'username': 'crazytiger580', 'password': '191919', 'salt': 'KRsgDZzw', 'md5': '6bada3b30e455abf7a6bf8bc25e6ac95', 'sha1': '2018a3ab151a962a1107a266d0a9fd1e7a4794e0', 'sha256': '6842d7db6bf1fec0d8d543eec5dfa62da0158daad627466deba4fff6dc073ac2'}, 'dob': {'date': '1950-09-28T04:57:39.214Z', 'age': 73}, 'registered': {'date': '2006-07-01T19:57:08.302Z', 'age': 18}, 'phone': '04-703-826', 'cell': '044-094-36-10', 'id': {'name': 'HETU', 'value': 'NaNNA964undefined'}, 'picture': {'large': 'https://randomuser.me/api/portraits/women/36.jpg', 'medium': 'https://randomuser.me/api/portraits/med/women/36.jpg', 'thumbnail': 'https://randomuser.me/api/portraits/thumb/women/36.jpg'}, 'nat': 'FI'}</msg>
<arg>${json_data['results'][0]}</arg>
<doc>Logs the given message with the given level.</doc>
<status status="PASS" start="2024-07-04T04:17:44.457028" elapsed="0.000393"/>
</kw>
<kw name="Log" owner="BuiltIn">
<msg time="2024-07-04T04:17:44.457842" level="INFO">email</msg>
<arg>${key}</arg>
<doc>Logs the given message with the given level.</doc>
<status status="PASS" start="2024-07-04T04:17:44.457717" elapsed="0.000162"/>
</kw>
<var name="${key}">email</var>
<status status="PASS" start="2024-07-04T04:17:44.456353" elapsed="0.001763"/>
</iter>
<iter>
<kw name="Dictionary Should Contain Key" owner="Collections">
<arg>${json_data['results'][0]}</arg>
<arg>${key}</arg>
<doc>Fails if ``key`` is not found from ``dictionary``.</doc>
<status status="PASS" start="2024-07-04T04:17:44.458408" elapsed="0.000385"/>
</kw>
<kw name="Log" owner="BuiltIn">
<msg time="2024-07-04T04:17:44.459322" level="INFO">{'gender': 'female', 'name': {'title': 'Miss', 'first': 'Viivi', 'last': 'Joki'}, 'location': {'street': {'number': 4321, 'name': 'Mannerheimintie'}, 'city': 'Kotka', 'state': 'Central Ostrobothnia', 'country': 'Finland', 'postcode': 81353, 'coordinates': {'latitude': '-24.5422', 'longitude': '46.0212'}, 'timezone': {'offset': '+3:00', 'description': 'Baghdad, Riyadh, Moscow, St. Petersburg'}}, 'email': 'viivi.joki@example.com', 'login': {'uuid': 'f3486651-c9b4-417d-a504-e81354b16d49', 'username': 'crazytiger580', 'password': '191919', 'salt': 'KRsgDZzw', 'md5': '6bada3b30e455abf7a6bf8bc25e6ac95', 'sha1': '2018a3ab151a962a1107a266d0a9fd1e7a4794e0', 'sha256': '6842d7db6bf1fec0d8d543eec5dfa62da0158daad627466deba4fff6dc073ac2'}, 'dob': {'date': '1950-09-28T04:57:39.214Z', 'age': 73}, 'registered': {'date': '2006-07-01T19:57:08.302Z', 'age': 18}, 'phone': '04-703-826', 'cell': '044-094-36-10', 'id': {'name': 'HETU', 'value': 'NaNNA964undefined'}, 'picture': {'large': 'https://randomuser.me/api/portraits/women/36.jpg', 'medium': 'https://randomuser.me/api/portraits/med/women/36.jpg', 'thumbnail': 'https://randomuser.me/api/portraits/thumb/women/36.jpg'}, 'nat': 'FI'}</msg>
<arg>${json_data['results'][0]}</arg>
<doc>Logs the given message with the given level.</doc>
<status status="PASS" start="2024-07-04T04:17:44.458975" elapsed="0.000393"/>
</kw>
<kw name="Log" owner="BuiltIn">
<msg time="2024-07-04T04:17:44.459787" level="INFO">login</msg>
<arg>${key}</arg>
<doc>Logs the given message with the given level.</doc>
<status status="PASS" start="2024-07-04T04:17:44.459660" elapsed="0.000164"/>
</kw>
<var name="${key}">login</var>
<status status="PASS" start="2024-07-04T04:17:44.458293" elapsed="0.001746"/>
</iter>
<var>${key}</var>
<value>@{expected_keys}</value>
<status status="PASS" start="2024-07-04T04:17:44.450283" elapsed="0.009876"/>
</for>
<kw name="Create List" owner="BuiltIn">
<msg time="2024-07-04T04:17:44.460523" level="INFO">${expected_keysTwo} = ['username', 'password']</msg>
<var>${expected_keysTwo}</var>
<arg>username</arg>
<arg>password</arg>
<doc>Returns a list containing given items.</doc>
<status status="PASS" start="2024-07-04T04:17:44.460381" elapsed="0.000166"/>
</kw>
<for flavor="IN">
<iter>
<kw name="Dictionary Should Contain Key" owner="Collections">
<arg>${json_data['results'][0]['login']}</arg>
<arg>${keyTwo}</arg>
<doc>Fails if ``key`` is not found from ``dictionary``.</doc>
<status status="PASS" start="2024-07-04T04:17:44.461048" elapsed="0.000391"/>
</kw>
<kw name="Dictionary Should Contain Key" owner="Collections">
<arg>${json_data['results'][0]['login']}</arg>
<arg>${keyTwo}</arg>
<doc>Fails if ``key`` is not found from ``dictionary``.</doc>
<status status="PASS" start="2024-07-04T04:17:44.461617" elapsed="0.000371"/>
</kw>
<kw name="Log" owner="BuiltIn">
<msg time="2024-07-04T04:17:44.462314" level="INFO">username</msg>
<arg>${keyTwo}</arg>
<doc>Logs the given message with the given level.</doc>
<status status="PASS" start="2024-07-04T04:17:44.462192" elapsed="0.000159"/>
</kw>
<var name="${keyTwo}">username</var>
<status status="PASS" start="2024-07-04T04:17:44.460942" elapsed="0.001633"/>
</iter>
<iter>
<kw name="Dictionary Should Contain Key" owner="Collections">
<arg>${json_data['results'][0]['login']}</arg>
<arg>${keyTwo}</arg>
<doc>Fails if ``key`` is not found from ``dictionary``.</doc>
<status status="PASS" start="2024-07-04T04:17:44.462851" elapsed="0.000384"/>
</kw>
<kw name="Dictionary Should Contain Key" owner="Collections">
<arg>${json_data['results'][0]['login']}</arg>
<arg>${keyTwo}</arg>
<doc>Fails if ``key`` is not found from ``dictionary``.</doc>
<status status="PASS" start="2024-07-04T04:17:44.463413" elapsed="0.000367"/>
</kw>
<kw name="Log" owner="BuiltIn">
<msg time="2024-07-04T04:17:44.464069" level="INFO">password</msg>
<arg>${keyTwo}</arg>
<doc>Logs the given message with the given level.</doc>
<status status="PASS" start="2024-07-04T04:17:44.463952" elapsed="0.000158"/>
</kw>
<var name="${keyTwo}">password</var>
<status status="PASS" start="2024-07-04T04:17:44.462745" elapsed="0.001685"/>
</iter>
<var>${keyTwo}</var>
<value>@{expected_keysTwo}</value>
<status status="PASS" start="2024-07-04T04:17:44.460789" elapsed="0.003769"/>
</for>
<status status="PASS" start="2024-07-04T04:17:44.361037" elapsed="0.103661"/>
</kw>
<doc>Testa a estrutura da resposta da API.</doc>
<tag>testeEstruturaResposta</tag>
<status status="PASS" start="2024-07-04T04:17:44.360431" elapsed="0.104422"/>
</test>
<test id="s1-s1-t4" name="Validar tipos de dados" line="28">
<kw name="Teste de Tipos de Dados" owner="random-user-service">
<kw name="GET On Session" owner="RequestsLibrary">
<msg time="2024-07-04T04:17:44.540666" level="INFO">GET Request : url=https://randomuser.me/api 
 path_url=/api 
 headers={'User-Agent': 'python-requests/2.32.3', 'Accept-Encoding': 'gzip, deflate', 'Accept': '*/*', 'Connection': 'keep-alive'} 
 body=None 
 </msg>
<msg time="2024-07-04T04:17:44.540747" level="INFO">GET Response : url=https://randomuser.me/api 
 status=200, reason=OK 
 headers={'Date': 'Thu, 04 Jul 2024 04:17:44 GMT', 'Content-Type': 'application/json; charset=utf-8', 'Transfer-Encoding': 'chunked', 'Connection': 'keep-alive', 'X-Powered-By': 'Express', 'Access-Control-Allow-Origin': '*', 'Cache-Control': 'no-cache', 'ETag': 'W/"47a-bnRYlwCpE2kVNifZlMhw5Rp/P54"', 'Vary': 'Accept-Encoding', 'Content-Encoding': 'gzip', 'CF-Cache-Status': 'DYNAMIC', 'Report-To': '{"endpoints":[{"url":"https:\\/\\/a.nel.cloudflare.com\\/report\\/v4?s=n8Qsq2yjhoMJxaUDsTAX4Rsp64LUQbccMZEQQRSQWq%2BqZSCC6Y%2BYLbRxUMW8Th90ZH6epsr0z%2BpmwWhdsyq17hJilmh90V9dFD8ZVmCmJGkg75PobDGJrelJ8syLkEyT"}],"group":"cf-nel","max_age":604800}', 'NEL': '{"success_fraction":0,"report_to":"cf-nel","max_age":604800}', 'Server': 'cloudflare', 'CF-RAY': '89dc4eacfd19396e-IAD', 'alt-svc': 'h3=":443"; ma=86400'} 
 body={"results":[{"gender":"female","name":{"title":"Mrs","first":"Oya","last":"Kahveci"},"location":{"street":{"number":1487,"name":"Anafartalar Cd"},"city":"Malatya","state":"Isparta","country":"Turkey","postcode":69206,"coordinates":{"latitude":"66.1501","longitude":"102.5527"},"timezone":{"offset":"-12:00","description":"Eniwetok, Kwajalein"}},"email":"oya.kahveci@example.com","login":{"uuid":"c7902186-a6c0-4194-b2c3-1a7f92c89651","username":"bluebutterfly694","password":"seviyi","salt":"AXcfLq8k","md5":"d25207f876adc35d48b65684f677d3de","sha1":"09df7c1043a6750055ded9903a352f0b19878d4f","sha256":"7c003d86dd1eeebf99103e2ecd0ecf0fd17c4749c7ba515cdb52174866142afc"},"dob":{"date":"1970-11-07T10:06:16.451Z","age":53},"registered":{"date":"2021-04-22T19:24:16.039Z","age":3},"phone":"(175)-643-0848","cell":"(431)-783-3910","id":{"name":"","value":null},"picture":{"large":"https://randomuser.me/api/portraits/women/59.jpg","medium":"https://randomuser.me/api/portraits/med/women/59.jpg","thumbnail":"https://randomuser.me/api/portraits/thumb/women/59.jpg"},"nat":"TR"}],"info":{"seed":"177b245a1b223cac","results":1,"page":1,"version":"1.4"}} 
 </msg>
<msg time="2024-07-04T04:17:44.540818" level="INFO">/opt/hostedtoolcache/Python/3.12.4/x64/lib/python3.12/site-packages/urllib3/connectionpool.py:1099: InsecureRequestWarning: Unverified HTTPS request is being made to host 'randomuser.me'. Adding certificate verification is strongly advised. See: https://urllib3.readthedocs.io/en/latest/advanced-usage.html#tls-warnings
  warnings.warn(</msg>
<msg time="2024-07-04T04:17:44.540928" level="INFO">${response} = &lt;Response [200]&gt;</msg>
<var>${response}</var>
<arg>consultarAPI</arg>
<arg>/api</arg>
<doc>Sends a GET request on a previously created HTTP Session.</doc>
<status status="PASS" start="2024-07-04T04:17:44.467437" elapsed="0.073542"/>
</kw>
<kw name="Set Variable" owner="BuiltIn">
<msg time="2024-07-04T04:17:44.541985" level="INFO">${json_data} = {'results': [{'gender': 'female', 'name': {'title': 'Mrs', 'first': 'Oya', 'last': 'Kahveci'}, 'location': {'street': {'number': 1487, 'name': 'Anafartalar Cd'}, 'city': 'Malatya', 'state': 'Isparta',...</msg>
<var>${json_data}</var>
<arg>${response.json()}</arg>
<doc>Returns the given values which can then be assigned to a variables.</doc>
<status status="PASS" start="2024-07-04T04:17:44.541426" elapsed="0.000587"/>
</kw>
<kw name="Log" owner="BuiltIn">
<msg time="2024-07-04T04:17:44.542533" level="INFO">{'results': [{'gender': 'female', 'name': {'title': 'Mrs', 'first': 'Oya', 'last': 'Kahveci'}, 'location': {'street': {'number': 1487, 'name': 'Anafartalar Cd'}, 'city': 'Malatya', 'state': 'Isparta', 'country': 'Turkey', 'postcode': 69206, 'coordinates': {'latitude': '66.1501', 'longitude': '102.5527'}, 'timezone': {'offset': '-12:00', 'description': 'Eniwetok, Kwajalein'}}, 'email': 'oya.kahveci@example.com', 'login': {'uuid': 'c7902186-a6c0-4194-b2c3-1a7f92c89651', 'username': 'bluebutterfly694', 'password': 'seviyi', 'salt': 'AXcfLq8k', 'md5': 'd25207f876adc35d48b65684f677d3de', 'sha1': '09df7c1043a6750055ded9903a352f0b19878d4f', 'sha256': '7c003d86dd1eeebf99103e2ecd0ecf0fd17c4749c7ba515cdb52174866142afc'}, 'dob': {'date': '1970-11-07T10:06:16.451Z', 'age': 53}, 'registered': {'date': '2021-04-22T19:24:16.039Z', 'age': 3}, 'phone': '(175)-643-0848', 'cell': '(431)-783-3910', 'id': {'name': '', 'value': None}, 'picture': {'large': 'https://randomuser.me/api/portraits/women/59.jpg', 'medium': 'https://randomuser.me/api/portraits/med/women/59.jpg', 'thumbnail': 'https://randomuser.me/api/portraits/thumb/women/59.jpg'}, 'nat': 'TR'}], 'info': {'seed': '177b245a1b223cac', 'results': 1, 'page': 1, 'version': '1.4'}}</msg>
<arg>${json_data}</arg>
<doc>Logs the given message with the given level.</doc>
<status status="PASS" start="2024-07-04T04:17:44.542368" elapsed="0.000210"/>
</kw>
<kw name="Should Be String" owner="String">
<arg>${json_data['results'][0]['gender']}</arg>
<doc>Fails if the given ``item`` is not a string.</doc>
<status status="PASS" start="2024-07-04T04:17:44.542876" elapsed="0.000368"/>
</kw>
<kw name="Should Match Regexp" owner="BuiltIn">
<arg>${json_data['results'][0]['email']}</arg>
<arg>^[a-zA-Z0-9._%+-]+@[a-zA-Z0-9.-]+\.[a-zA-Z]{2,}$</arg>
<doc>Fails if ``string`` does not match ``pattern`` as a regular expression.</doc>
<status status="PASS" start="2024-07-04T04:17:44.543463" elapsed="0.000513"/>
</kw>
<kw name="Should Match Regexp" owner="BuiltIn">
<arg>${json_data['results'][0]['dob']['date']}</arg>
<arg>\\d{4}-\\d{2}-\\d{2}T\\d{2}:\\d{2}:\\d{2}\\.\\d{3}Z</arg>
<doc>Fails if ``string`` does not match ``pattern`` as a regular expression.</doc>
<status status="PASS" start="2024-07-04T04:17:44.544167" elapsed="0.000475"/>
</kw>
<kw name="Should Match Regexp" owner="BuiltIn">
<arg>${json_data['results'][0]['registered']['date']}</arg>
<arg>\\d{4}-\\d{2}-\\d{2}T\\d{2}:\\d{2}:\\d{2}\\.\\d{3}Z</arg>
<doc>Fails if ``string`` does not match ``pattern`` as a regular expression.</doc>
<status status="PASS" start="2024-07-04T04:17:44.544831" elapsed="0.000364"/>
</kw>
<kw name="Should Match Regexp" owner="BuiltIn">
<arg>${json_data['results'][0]['picture']['large']}</arg>
<arg>^https?://.*\.(?:png|jpe?g|gif|bmp)$</arg>
<doc>Fails if ``string`` does not match ``pattern`` as a regular expression.</doc>
<status status="PASS" start="2024-07-04T04:17:44.545375" elapsed="0.000455"/>
</kw>
<kw name="Should Match Regexp" owner="BuiltIn">
<arg>${json_data['results'][0]['picture']['medium']}</arg>
<arg>^https?://.*\.(?:png|jpe?g|gif|bmp)$</arg>
<doc>Fails if ``string`` does not match ``pattern`` as a regular expression.</doc>
<status status="PASS" start="2024-07-04T04:17:44.546021" elapsed="0.000381"/>
</kw>
<kw name="Should Match Regexp" owner="BuiltIn">
<arg>${json_data['results'][0]['picture']['thumbnail']}</arg>
<arg>^https?://.*\.(?:png|jpe?g|gif|bmp)$</arg>
<doc>Fails if ``string`` does not match ``pattern`` as a regular expression.</doc>
<status status="PASS" start="2024-07-04T04:17:44.546585" elapsed="0.000347"/>
</kw>
<kw name="Log" owner="BuiltIn">
<msg time="2024-07-04T04:17:44.547444" level="INFO">{'large': 'https://randomuser.me/api/portraits/women/59.jpg', 'medium': 'https://randomuser.me/api/portraits/med/women/59.jpg', 'thumbnail': 'https://randomuser.me/api/portraits/thumb/women/59.jpg'}</msg>
<arg>${json_data['results'][0]['picture']}</arg>
<doc>Logs the given message with the given level.</doc>
<status status="PASS" start="2024-07-04T04:17:44.547115" elapsed="0.000370"/>
</kw>
<status status="PASS" start="2024-07-04T04:17:44.467212" elapsed="0.080527"/>
</kw>
<kw name="Teste de Tipos de Dados - Postcode" owner="random-user-service">
<kw name="GET On Session" owner="RequestsLibrary">
<msg time="2024-07-04T04:17:44.642068" level="INFO">GET Request : url=https://randomuser.me/api 
 path_url=/api 
 headers={'User-Agent': 'python-requests/2.32.3', 'Accept-Encoding': 'gzip, deflate', 'Accept': '*/*', 'Connection': 'keep-alive'} 
 body=None 
 </msg>
<msg time="2024-07-04T04:17:44.642192" level="INFO">GET Response : url=https://randomuser.me/api 
 status=200, reason=OK 
 headers={'Date': 'Thu, 04 Jul 2024 04:17:44 GMT', 'Content-Type': 'application/json; charset=utf-8', 'Transfer-Encoding': 'chunked', 'Connection': 'keep-alive', 'X-Powered-By': 'Express', 'Access-Control-Allow-Origin': '*', 'Cache-Control': 'no-cache', 'ETag': 'W/"4ab-4GRJPHUCcl0oTOqX+W2yIm04/AA"', 'Vary': 'Accept-Encoding', 'Content-Encoding': 'gzip', 'CF-Cache-Status': 'DYNAMIC', 'Report-To': '{"endpoints":[{"url":"https:\\/\\/a.nel.cloudflare.com\\/report\\/v4?s=%2B%2Bg1M%2BC75UizrA67gfxq15zXx8cZdcJ3hur2ZIp3eG33%2Fp3wQc7DQJ8cIklZAhMEuPwx4CkRJOdKmV25EmScdbQ9djx3FOeJcamXhCDfXU9vLSPbqSmR%2Fb0Rl9xuEuau"}],"group":"cf-nel","max_age":604800}', 'NEL': '{"success_fraction":0,"report_to":"cf-nel","max_age":604800}', 'Server': 'cloudflare', 'CF-RAY': '89dc4ead7db1396e-IAD', 'alt-svc': 'h3=":443"; ma=86400'} 
 body={"results":[{"gender":"female","name":{"title":"Ms","first":"Sanni","last":"Toivonen"},"location":{"street":{"number":5082,"name":"Verkatehtaankatu"},"city":"Isojoki","state":"Päijät-Häme","country":"Finland","postcode":81698,"coordinates":{"latitude":"-29.1356","longitude":"56.1678"},"timezone":{"offset":"-6:00","description":"Central Time (US &amp; Canada), Mexico City"}},"email":"sanni.toivonen@example.com","login":{"uuid":"deb38e2a-c920-4117-99c7-343ba04c88a3","username":"heavyelephant333","password":"science","salt":"JiagfCgK","md5":"c5fd35ed9234c72747bf8b16b885fdc4","sha1":"1f242d01c230b7ef2a0e852d0bfb678b731cf9d1","sha256":"f5c189656bddf6fdab6b73da6a5d016dac3b986ea1b7ff56cd01d0f9634fc40f"},"dob":{"date":"1957-12-05T04:11:44.719Z","age":66},"registered":{"date":"2017-03-31T15:09:56.710Z","age":7},"phone":"02-275-562","cell":"043-668-14-36","id":{"name":"HETU","value":"NaNNA776undefined"},"picture":{"large":"https://randomuser.me/api/portraits/women/64.jpg","medium":"https://randomuser.me/api/portraits/med/women/64.jpg","thumbnail":"https://randomuser.me/api/portraits/thumb/women/64.jpg"},"nat":"FI"}],"info":{"seed":"295cb90530bba5cc","results":1,"page":1,"version":"1.4"}} 
 </msg>
<msg time="2024-07-04T04:17:44.642264" level="INFO">/opt/hostedtoolcache/Python/3.12.4/x64/lib/python3.12/site-packages/urllib3/connectionpool.py:1099: InsecureRequestWarning: Unverified HTTPS request is being made to host 'randomuser.me'. Adding certificate verification is strongly advised. See: https://urllib3.readthedocs.io/en/latest/advanced-usage.html#tls-warnings
  warnings.warn(</msg>
<msg time="2024-07-04T04:17:44.642378" level="INFO">${response} = &lt;Response [200]&gt;</msg>
<var>${response}</var>
<arg>consultarAPI</arg>
<arg>/api</arg>
<doc>Sends a GET request on a previously created HTTP Session.</doc>
<status status="PASS" start="2024-07-04T04:17:44.548171" elapsed="0.094247"/>
</kw>
<kw name="Set Variable" owner="BuiltIn">
<msg time="2024-07-04T04:17:44.643552" level="INFO">${json_data} = {'results': [{'gender': 'female', 'name': {'title': 'Ms', 'first': 'Sanni', 'last': 'Toivonen'}, 'location': {'street': {'number': 5082, 'name': 'Verkatehtaankatu'}, 'city': 'Isojoki', 'state': 'Päijä...</msg>
<var>${json_data}</var>
<arg>${response.json()}</arg>
<doc>Returns the given values which can then be assigned to a variables.</doc>
<status status="PASS" start="2024-07-04T04:17:44.642979" elapsed="0.000601"/>
</kw>
<kw name="Log" owner="BuiltIn">
<msg time="2024-07-04T04:17:44.644052" level="INFO">{'results': [{'gender': 'female', 'name': {'title': 'Ms', 'first': 'Sanni', 'last': 'Toivonen'}, 'location': {'street': {'number': 5082, 'name': 'Verkatehtaankatu'}, 'city': 'Isojoki', 'state': 'Päijät-Häme', 'country': 'Finland', 'postcode': 81698, 'coordinates': {'latitude': '-29.1356', 'longitude': '56.1678'}, 'timezone': {'offset': '-6:00', 'description': 'Central Time (US &amp; Canada), Mexico City'}}, 'email': 'sanni.toivonen@example.com', 'login': {'uuid': 'deb38e2a-c920-4117-99c7-343ba04c88a3', 'username': 'heavyelephant333', 'password': 'science', 'salt': 'JiagfCgK', 'md5': 'c5fd35ed9234c72747bf8b16b885fdc4', 'sha1': '1f242d01c230b7ef2a0e852d0bfb678b731cf9d1', 'sha256': 'f5c189656bddf6fdab6b73da6a5d016dac3b986ea1b7ff56cd01d0f9634fc40f'}, 'dob': {'date': '1957-12-05T04:11:44.719Z', 'age': 66}, 'registered': {'date': '2017-03-31T15:09:56.710Z', 'age': 7}, 'phone': '02-275-562', 'cell': '043-668-14-36', 'id': {'name': 'HETU', 'value': 'NaNNA776undefined'}, 'picture': {'large': 'https://randomuser.me/api/portraits/women/64.jpg', 'medium': 'https://randomuser.me/api/portraits/med/women/64.jpg', 'thumbnail': 'https://randomuser.me/api/portraits/thumb/women/64.jpg'}, 'nat': 'FI'}], 'info': {'seed': '295cb90530bba5cc', 'results': 1, 'page': 1, 'version': '1.4'}}</msg>
<arg>${json_data}</arg>
<doc>Logs the given message with the given level.</doc>
<status status="PASS" start="2024-07-04T04:17:44.643891" elapsed="0.000211"/>
</kw>
<kw name="Should Be Equal As Numbers" owner="BuiltIn">
<arg>${json_data['results'][0]['location']['postcode']}</arg>
<arg>${json_data['results'][0]['location']['postcode']}</arg>
<doc>Fails if objects are unequal after converting them to real numbers.</doc>
<status status="PASS" start="2024-07-04T04:17:44.644402" elapsed="0.000617"/>
</kw>
<kw name="Log" owner="BuiltIn">
<msg time="2024-07-04T04:17:44.645744" level="INFO">81698</msg>
<arg>${json_data['results'][0]['location']['postcode']}</arg>
<doc>Logs the given message with the given level.</doc>
<status status="PASS" start="2024-07-04T04:17:44.645243" elapsed="0.000550"/>
</kw>
<status status="PASS" start="2024-07-04T04:17:44.547951" elapsed="0.098102"/>
</kw>
<doc>Testa se os tipos de dados na resposta da API estão corretos.</doc>
<tag>testeTiposDados</tag>
<status status="PASS" start="2024-07-04T04:17:44.466655" elapsed="0.179591"/>
</test>
<test id="s1-s1-t5" name="Validar conteudo" line="35">
<kw name="Teste de Tipos de Conteudo" owner="random-user-service">
<kw name="GET On Session" owner="RequestsLibrary">
<msg time="2024-07-04T04:17:44.743249" level="INFO">GET Request : url=https://randomuser.me/api 
 path_url=/api 
 headers={'User-Agent': 'python-requests/2.32.3', 'Accept-Encoding': 'gzip, deflate', 'Accept': '*/*', 'Connection': 'keep-alive'} 
 body=None 
 </msg>
<msg time="2024-07-04T04:17:44.743358" level="INFO">GET Response : url=https://randomuser.me/api 
 status=200, reason=OK 
 headers={'Date': 'Thu, 04 Jul 2024 04:17:44 GMT', 'Content-Type': 'application/json; charset=utf-8', 'Transfer-Encoding': 'chunked', 'Connection': 'keep-alive', 'X-Powered-By': 'Express', 'Access-Control-Allow-Origin': '*', 'Cache-Control': 'no-cache', 'ETag': 'W/"489-bnOadpnoKtTtJ6ff75Y7Y5Q8GAY"', 'Vary': 'Accept-Encoding', 'Content-Encoding': 'gzip', 'CF-Cache-Status': 'DYNAMIC', 'Report-To': '{"endpoints":[{"url":"https:\\/\\/a.nel.cloudflare.com\\/report\\/v4?s=xLntKj4jUZpWh2YRzddbRC7G17khyOmVPFnYdLpoO9Mk2XIBz1agkUhoDwls3Shntr%2B5uB7KH%2B3E4gQyYtDgwJtoXtBNpBe%2B1c4HGoPqwWy6McZyvXeRG989yBnH9XOf"}],"group":"cf-nel","max_age":604800}', 'NEL': '{"success_fraction":0,"report_to":"cf-nel","max_age":604800}', 'Server': 'cloudflare', 'CF-RAY': '89dc4eae1e55396e-IAD', 'alt-svc': 'h3=":443"; ma=86400'} 
 body={"results":[{"gender":"female","name":{"title":"Miss","first":"Lucy","last":"Johnson"},"location":{"street":{"number":2981,"name":"Linwood Avenue"},"city":"Hastings","state":"Marlborough","country":"New Zealand","postcode":65459,"coordinates":{"latitude":"52.9475","longitude":"108.3381"},"timezone":{"offset":"+6:00","description":"Almaty, Dhaka, Colombo"}},"email":"lucy.johnson@example.com","login":{"uuid":"954c4756-9e77-4391-a23e-3a1c6e88e49b","username":"tinyelephant699","password":"clipper","salt":"5ECpKePj","md5":"6d58ede072d99caab2d75579e95920fc","sha1":"b391f3f18006eb5023fd95bc92f7d2bddcd5ecb2","sha256":"7d4666388b7176a88d47f4c79c0d17273663cfba1072a9864c9696ecafd0865d"},"dob":{"date":"1950-09-18T09:56:23.162Z","age":73},"registered":{"date":"2017-08-25T17:58:08.196Z","age":6},"phone":"(855)-826-7184","cell":"(054)-834-4133","id":{"name":"","value":null},"picture":{"large":"https://randomuser.me/api/portraits/women/40.jpg","medium":"https://randomuser.me/api/portraits/med/women/40.jpg","thumbnail":"https://randomuser.me/api/portraits/thumb/women/40.jpg"},"nat":"NZ"}],"info":{"seed":"3c5640d72f752e90","results":1,"page":1,"version":"1.4"}} 
 </msg>
<msg time="2024-07-04T04:17:44.743425" level="INFO">/opt/hostedtoolcache/Python/3.12.4/x64/lib/python3.12/site-packages/urllib3/connectionpool.py:1099: InsecureRequestWarning: Unverified HTTPS request is being made to host 'randomuser.me'. Adding certificate verification is strongly advised. See: https://urllib3.readthedocs.io/en/latest/advanced-usage.html#tls-warnings
  warnings.warn(</msg>
<msg time="2024-07-04T04:17:44.743552" level="INFO">${response} = &lt;Response [200]&gt;</msg>
<var>${response}</var>
<arg>consultarAPI</arg>
<arg>/api</arg>
<doc>Sends a GET request on a previously created HTTP Session.</doc>
<status status="PASS" start="2024-07-04T04:17:44.648767" elapsed="0.094824"/>
</kw>
<kw name="Set Variable" owner="BuiltIn">
<msg time="2024-07-04T04:17:44.744743" level="INFO">${json_data} = {'results': [{'gender': 'female', 'name': {'title': 'Miss', 'first': 'Lucy', 'last': 'Johnson'}, 'location': {'street': {'number': 2981, 'name': 'Linwood Avenue'}, 'city': 'Hastings', 'state': 'Marlbo...</msg>
<var>${json_data}</var>
<arg>${response.json()}</arg>
<doc>Returns the given values which can then be assigned to a variables.</doc>
<status status="PASS" start="2024-07-04T04:17:44.744195" elapsed="0.000577"/>
</kw>
<kw name="Set Variable" owner="BuiltIn">
<msg time="2024-07-04T04:17:44.745463" level="INFO">${name_title} = Miss</msg>
<var>${name_title}</var>
<arg>${json_data["results"][0]["name"]["title"]}</arg>
<doc>Returns the given values which can then be assigned to a variables.</doc>
<status status="PASS" start="2024-07-04T04:17:44.745079" elapsed="0.000409"/>
</kw>
<kw name="Create List" owner="BuiltIn">
<msg time="2024-07-04T04:17:44.745945" level="INFO">${allowed_titles} = ['Mr', 'Ms', 'Miss', 'Mrs', 'Madame', 'Monsieur']</msg>
<var>${allowed_titles}</var>
<arg>Mr</arg>
<arg>Ms</arg>
<arg>Miss</arg>
<arg>Mrs</arg>
<arg>Madame</arg>
<arg>Monsieur</arg>
<doc>Returns a list containing given items.</doc>
<status status="PASS" start="2024-07-04T04:17:44.745789" elapsed="0.000180"/>
</kw>
<kw name="List Should Contain Value" owner="Collections">
<arg>${allowed_titles}</arg>
<arg>${name_title}</arg>
<doc>Fails if the ``value`` is not found from ``list``.</doc>
<status status="PASS" start="2024-07-04T04:17:44.746312" elapsed="0.000176"/>
</kw>
<kw name="Set Variable" owner="BuiltIn">
<msg time="2024-07-04T04:17:44.747034" level="INFO">${name_country} = NZ</msg>
<var>${name_country}</var>
<arg>${json_data["results"][0]["nat"]}</arg>
<doc>Returns the given values which can then be assigned to a variables.</doc>
<status status="PASS" start="2024-07-04T04:17:44.746670" elapsed="0.000388"/>
</kw>
<kw name="Create List" owner="BuiltIn">
<msg time="2024-07-04T04:17:44.747949" level="INFO">${list_country} = ['AD', 'AE', 'AF', 'AG', 'AI', 'AL', 'AM', 'AO', 'AQ', 'AR', 'AS', 'AT', 'AU', 'AW', 'AX', 'AZ', 'BA', 'BB', 'BD', 'BE', 'BF', 'BG', 'BH', 'BI', 'BJ', 'BL', 'BM', 'BN', 'BO', 'BQ', 'BR', 'BS', 'BT', '...</msg>
<var>${list_country}</var>
<arg>AD</arg>
<arg>AE</arg>
<arg>AF</arg>
<arg>AG</arg>
<arg>AI</arg>
<arg>AL</arg>
<arg>AM</arg>
<arg>AO</arg>
<arg>AQ</arg>
<arg>AR</arg>
<arg>AS</arg>
<arg>AT</arg>
<arg>AU</arg>
<arg>AW</arg>
<arg>AX</arg>
<arg>AZ</arg>
<arg>BA</arg>
<arg>BB</arg>
<arg>BD</arg>
<arg>BE</arg>
<arg>BF</arg>
<arg>BG</arg>
<arg>BH</arg>
<arg>BI</arg>
<arg>BJ</arg>
<arg>BL</arg>
<arg>BM</arg>
<arg>BN</arg>
<arg>BO</arg>
<arg>BQ</arg>
<arg>BR</arg>
<arg>BS</arg>
<arg>BT</arg>
<arg>BV</arg>
<arg>BW</arg>
<arg>BY</arg>
<arg>BZ</arg>
<arg>CA</arg>
<arg>CC</arg>
<arg>CD</arg>
<arg>CF</arg>
<arg>CG</arg>
<arg>CH</arg>
<arg>CI</arg>
<arg>CK</arg>
<arg>CL</arg>
<arg>CM</arg>
<arg>CN</arg>
<arg>CO</arg>
<arg>CR</arg>
<arg>CU</arg>
<arg>CV</arg>
<arg>CW</arg>
<arg>CX</arg>
<arg>CY</arg>
<arg>CZ</arg>
<arg>DE</arg>
<arg>DJ</arg>
<arg>DK</arg>
<arg>DM</arg>
<arg>DO</arg>
<arg>DZ</arg>
<arg>EC</arg>
<arg>EE</arg>
<arg>EG</arg>
<arg>EH</arg>
<arg>ER</arg>
<arg>ES</arg>
<arg>ET</arg>
<arg>FI</arg>
<arg>FJ</arg>
<arg>FK</arg>
<arg>FM</arg>
<arg>FO</arg>
<arg>FR</arg>
<arg>GA</arg>
<arg>GB</arg>
<arg>GD</arg>
<arg>GE</arg>
<arg>GF</arg>
<arg>GG</arg>
<arg>GH</arg>
<arg>GI</arg>
<arg>GL</arg>
<arg>GM</arg>
<arg>GN</arg>
<arg>GP</arg>
<arg>GQ</arg>
<arg>GR</arg>
<arg>GS</arg>
<arg>GT</arg>
<arg>GU</arg>
<arg>GW</arg>
<arg>GY</arg>
<arg>HK</arg>
<arg>HM</arg>
<arg>HN</arg>
<arg>HR</arg>
<arg>HT</arg>
<arg>HU</arg>
<arg>ID</arg>
<arg>IE</arg>
<arg>IL</arg>
<arg>IM</arg>
<arg>IN</arg>
<arg>IO</arg>
<arg>IQ</arg>
<arg>IR</arg>
<arg>IS</arg>
<arg>IT</arg>
<arg>JE</arg>
<arg>JM</arg>
<arg>JO</arg>
<arg>JP</arg>
<arg>KE</arg>
<arg>KG</arg>
<arg>KH</arg>
<arg>KI</arg>
<arg>KM</arg>
<arg>KN</arg>
<arg>KP</arg>
<arg>KR</arg>
<arg>KW</arg>
<arg>KY</arg>
<arg>KZ</arg>
<arg>LA</arg>
<arg>LB</arg>
<arg>LC</arg>
<arg>LI</arg>
<arg>LK</arg>
<arg>LR</arg>
<arg>LS</arg>
<arg>LT</arg>
<arg>LU</arg>
<arg>LV</arg>
<arg>LY</arg>
<arg>MA</arg>
<arg>MC</arg>
<arg>MD</arg>
<arg>ME</arg>
<arg>MF</arg>
<arg>MG</arg>
<arg>MH</arg>
<arg>MK</arg>
<arg>ML</arg>
<arg>MM</arg>
<arg>MN</arg>
<arg>MO</arg>
<arg>MP</arg>
<arg>MQ</arg>
<arg>MR</arg>
<arg>MS</arg>
<arg>MT</arg>
<arg>MU</arg>
<arg>MV</arg>
<arg>MW</arg>
<arg>MX</arg>
<arg>MY</arg>
<arg>MZ</arg>
<arg>NA</arg>
<arg>NC</arg>
<arg>NE</arg>
<arg>NF</arg>
<arg>NG</arg>
<arg>NI</arg>
<arg>NL</arg>
<arg>NO</arg>
<arg>NP</arg>
<arg>NR</arg>
<arg>NU</arg>
<arg>NZ</arg>
<arg>OM</arg>
<arg>PA</arg>
<arg>PE</arg>
<arg>PF</arg>
<arg>PG</arg>
<arg>PH</arg>
<arg>PK</arg>
<arg>PL</arg>
<arg>PM</arg>
<arg>PN</arg>
<arg>PR</arg>
<arg>PS</arg>
<arg>PT</arg>
<arg>PW</arg>
<arg>PY</arg>
<arg>QA</arg>
<arg>RE</arg>
<arg>RO</arg>
<arg>RS</arg>
<arg>RU</arg>
<arg>RW</arg>
<arg>SA</arg>
<arg>SB</arg>
<arg>SC</arg>
<arg>SD</arg>
<arg>SE</arg>
<arg>SG</arg>
<arg>SH</arg>
<arg>SI</arg>
<arg>SJ</arg>
<arg>SK</arg>
<arg>SL</arg>
<arg>SM</arg>
<arg>SN</arg>
<arg>SO</arg>
<arg>SR</arg>
<arg>SS</arg>
<arg>ST</arg>
<arg>SV</arg>
<arg>SX</arg>
<arg>SY</arg>
<arg>SZ</arg>
<arg>TC</arg>
<arg>TD</arg>
<arg>TF</arg>
<arg>TG</arg>
<arg>TH</arg>
<arg>TJ</arg>
<arg>TK</arg>
<arg>TL</arg>
<arg>TM</arg>
<arg>TN</arg>
<arg>TO</arg>
<arg>TR</arg>
<arg>TT</arg>
<arg>TV</arg>
<arg>TW</arg>
<arg>TZ</arg>
<arg>UA</arg>
<arg>UG</arg>
<arg>UM</arg>
<arg>US</arg>
<arg>UY</arg>
<arg>UZ</arg>
<arg>VA</arg>
<arg>VC</arg>
<arg>VE</arg>
<arg>VG</arg>
<arg>VI</arg>
<arg>VN</arg>
<arg>VU</arg>
<arg>WF</arg>
<arg>WS</arg>
<arg>XK</arg>
<arg>YE</arg>
<arg>YT</arg>
<arg>ZA</arg>
<arg>ZM</arg>
<arg>ZW</arg>
<doc>Returns a list containing given items.</doc>
<status status="PASS" start="2024-07-04T04:17:44.747353" elapsed="0.000621"/>
</kw>
<kw name="List Should Contain Value" owner="Collections">
<arg>${list_country}</arg>
<arg>${name_country}</arg>
<doc>Fails if the ``value`` is not found from ``list``.</doc>
<status status="PASS" start="2024-07-04T04:17:44.748763" elapsed="0.000199"/>
</kw>
<kw name="Run Keyword If" owner="BuiltIn">
<kw name="Should Be True" owner="BuiltIn">
<arg>${True}</arg>
<doc>Fails if the given condition is not true.</doc>
<status status="PASS" start="2024-07-04T04:17:44.749889" elapsed="0.000139"/>
</kw>
<arg>${json_data["results"][0]["location"]["coordinates"]["latitude"]} &gt;= -90 and ${json_data["results"][0]["location"]["coordinates"]["latitude"]} &lt;= 90</arg>
<arg>Should Be True</arg>
<arg>${True}</arg>
<doc>Runs the given keyword with the given arguments, if ``condition`` is true.</doc>
<status status="PASS" start="2024-07-04T04:17:44.749153" elapsed="0.001023"/>
</kw>
<kw name="Run Keyword If" owner="BuiltIn">
<kw name="Should Be True" owner="BuiltIn">
<arg>${True}</arg>
<doc>Fails if the given condition is not true.</doc>
<status status="PASS" start="2024-07-04T04:17:44.751044" elapsed="0.000236"/>
</kw>
<arg>${json_data["results"][0]["location"]["coordinates"]["longitude"]} &gt;= -180 and ${json_data["results"][0]["location"]["coordinates"]["longitude"]} &lt;= 180</arg>
<arg>Should Be True</arg>
<arg>${True}</arg>
<doc>Runs the given keyword with the given arguments, if ``condition`` is true.</doc>
<status status="PASS" start="2024-07-04T04:17:44.750354" elapsed="0.001052"/>
</kw>
<status status="PASS" start="2024-07-04T04:17:44.648541" elapsed="0.102996"/>
</kw>
<doc>Testa o conteúdo específico dos campos retornados pela API.</doc>
<tag>testeConteudo</tag>
<status status="PASS" start="2024-07-04T04:17:44.648007" elapsed="0.103691"/>
</test>
<status status="PASS" start="2024-07-04T04:17:43.869129" elapsed="0.884573"/>
</suite>
<status status="PASS" start="2024-07-04T04:17:43.854208" elapsed="0.904546"/>
</suite>
<statistics>
<total>
<stat pass="5" fail="0" skip="0">All Tests</stat>
</total>
<tag>
<stat pass="1" fail="0" skip="0">testeConteudo</stat>
<stat pass="1" fail="0" skip="0">testeEstruturaResposta</stat>
<stat pass="1" fail="0" skip="0">testeRequisicaoBasica</stat>
<stat pass="1" fail="0" skip="0">testeTiposDados</stat>
</tag>
<suite>
<stat pass="5" fail="0" skip="0" id="s1" name="Tests">Tests</stat>
<stat pass="5" fail="0" skip="0" id="s1-s1" name="Random-User-Test">Tests.Random-User-Test</stat>
</suite>
</statistics>
<errors>
</errors>
</robot>
