<?xml version="1.0" encoding="UTF-8"?>
<robot generator="Robot 7.0 (Python 3.12.2 on linux)" generated="2024-04-15T00:01:20.493814" rpa="false" schemaversion="5">
<suite id="s1" name="Tests" source="/home/runner/work/DesafioQAItauRogerioJordao/DesafioQAItauRogerioJordao/RamdonUser/tests">
<suite id="s1-s1" name="Random-User-Test" source="/home/runner/work/DesafioQAItauRogerioJordao/DesafioQAItauRogerioJordao/RamdonUser/tests/random-user-test.robot">
<test id="s1-s1-t1" name="Conectar" line="13">
<kw name="Conectar API" owner="random-user-service">
<kw name="Create Session" owner="RequestsLibrary">
<msg time="2024-04-15T00:01:20.881224" level="INFO">Creating Session using : alias=consultarAPI, url=https://randomuser.me/, headers={},                     cookies={}, auth=None, timeout=None, proxies=None, verify=False,                     debug=0 </msg>
<arg>consultarAPI</arg>
<arg>${URL}</arg>
<doc>Create Session: create a HTTP session to a server</doc>
<status status="PASS" start="2024-04-15T00:01:20.881017" elapsed="0.000407"/>
</kw>
<status status="PASS" start="2024-04-15T00:01:20.879945" elapsed="0.001850"/>
</kw>
<status status="PASS" start="2024-04-15T00:01:20.879305" elapsed="0.002698"/>
</test>
<test id="s1-s1-t2" name="Validar retorno 200 e JSON Válido" line="16">
<kw name="Teste de Requisicao Basica" owner="random-user-service">
<kw name="GET On Session" owner="RequestsLibrary">
<msg time="2024-04-15T00:01:21.122981" level="INFO">GET Request : url=https://randomuser.me/api 
 path_url=/api 
 headers={'User-Agent': 'python-requests/2.31.0', 'Accept-Encoding': 'gzip, deflate', 'Accept': '*/*', 'Connection': 'keep-alive'} 
 body=None 
 </msg>
<msg time="2024-04-15T00:01:21.123138" level="INFO">GET Response : url=https://randomuser.me/api 
 status=200, reason=OK 
 headers={'Date': 'Mon, 15 Apr 2024 00:01:21 GMT', 'Content-Type': 'application/json; charset=utf-8', 'Transfer-Encoding': 'chunked', 'Connection': 'keep-alive', 'X-Powered-By': 'Express', 'Access-Control-Allow-Origin': '*', 'Cache-Control': 'no-cache', 'ETag': 'W/"48c-2o4WUJYdodeyXJXGcdeTITOO7js"', 'Vary': 'Accept-Encoding', 'Content-Encoding': 'gzip', 'CF-Cache-Status': 'DYNAMIC', 'Report-To': '{"endpoints":[{"url":"https:\\/\\/a.nel.cloudflare.com\\/report\\/v4?s=RtfSwCPfqo2XFl%2BmKZsUZEd5r5LvK5GRYsoUJ15UqiDaYGfubz9dm%2FU7QJzvFvF5%2BjuuIOp4Kwv9dXyOTSUcsFLO7jNXPzjb%2FLxflURJ5S6XRitU65axNo4TsKMkZAPY"}],"group":"cf-nel","max_age":604800}', 'NEL': '{"success_fraction":0,"report_to":"cf-nel","max_age":604800}', 'Server': 'cloudflare', 'CF-RAY': '8747a91abf9c2c48-ORD', 'alt-svc': 'h3=":443"; ma=86400'} 
 body={"results":[{"gender":"male","name":{"title":"Mr","first":"Samu","last":"Kyllo"},"location":{"street":{"number":3499,"name":"Tehtaankatu"},"city":"Sysmä","state":"Central Finland","country":"Finland","postcode":30958,"coordinates":{"latitude":"-25.3388","longitude":"-170.3209"},"timezone":{"offset":"-3:00","description":"Brazil, Buenos Aires, Georgetown"}},"email":"samu.kyllo@example.com","login":{"uuid":"d655ed03-e5ca-4944-b2b6-9ebbbc4637d5","username":"sadkoala621","password":"blazers","salt":"7uYMKsq8","md5":"b7641a11e10e646cb170779272eba99f","sha1":"90b841a42bdb47ed675014edf944f94d65baf575","sha256":"8adb365031985bcbd8f3188d1391665b11dfdeb93eb3a68e7997426b1b36bc9b"},"dob":{"date":"1996-09-02T18:41:58.747Z","age":27},"registered":{"date":"2017-04-13T00:08:25.461Z","age":7},"phone":"07-724-248","cell":"043-347-88-99","id":{"name":"HETU","value":"NaNNA415undefined"},"picture":{"large":"https://randomuser.me/api/portraits/men/71.jpg","medium":"https://randomuser.me/api/portraits/med/men/71.jpg","thumbnail":"https://randomuser.me/api/portraits/thumb/men/71.jpg"},"nat":"FI"}],"info":{"seed":"23a33ea746f39755","results":1,"page":1,"version":"1.4"}} 
 </msg>
<msg time="2024-04-15T00:01:21.123228" level="INFO">/opt/hostedtoolcache/Python/3.12.2/x64/lib/python3.12/site-packages/urllib3/connectionpool.py:1103: InsecureRequestWarning: Unverified HTTPS request is being made to host 'randomuser.me'. Adding certificate verification is strongly advised. See: https://urllib3.readthedocs.io/en/latest/advanced-usage.html#tls-warnings
  warnings.warn(</msg>
<msg time="2024-04-15T00:01:21.123390" level="INFO">${response} = &lt;Response [200]&gt;</msg>
<var>${response}</var>
<arg>consultarAPI</arg>
<arg>/api</arg>
<doc>Sends a GET request on a previously created HTTP Session.</doc>
<status status="PASS" start="2024-04-15T00:01:20.884777" elapsed="0.238658"/>
</kw>
<kw name="Should Be Equal As Numbers" owner="BuiltIn">
<msg time="2024-04-15T00:01:21.124449" level="INFO">Argument types are:
&lt;class 'int'&gt;
&lt;class 'str'&gt;</msg>
<arg>${response.status_code}</arg>
<arg>200</arg>
<doc>Fails if objects are unequal after converting them to real numbers.</doc>
<status status="PASS" start="2024-04-15T00:01:21.123969" elapsed="0.000546"/>
</kw>
<kw name="Log" owner="BuiltIn">
<msg time="2024-04-15T00:01:21.125205" level="INFO">200</msg>
<arg>${response.status_code}</arg>
<doc>Logs the given message with the given level.</doc>
<status status="PASS" start="2024-04-15T00:01:21.124848" elapsed="0.000401"/>
</kw>
<kw name="Set Variable" owner="BuiltIn">
<msg time="2024-04-15T00:01:21.126027" level="INFO">${json_data} = {'results': [{'gender': 'male', 'name': {'title': 'Mr', 'first': 'Samu', 'last': 'Kyllo'}, 'location': {'street': {'number': 3499, 'name': 'Tehtaankatu'}, 'city': 'Sysmä', 'state': 'Central Finland', ...</msg>
<var>${json_data}</var>
<arg>${response.json()}</arg>
<doc>Returns the given values which can then be assigned to a variables.</doc>
<status status="PASS" start="2024-04-15T00:01:21.125575" elapsed="0.000482"/>
</kw>
<kw name="Dictionary Should Contain Key" owner="Collections">
<msg time="2024-04-15T00:01:21.126540" level="INFO">False</msg>
<arg>${json_data}</arg>
<arg>results</arg>
<doc>Fails if ``key`` is not found from ``dictionary``.</doc>
<status status="PASS" start="2024-04-15T00:01:21.126370" elapsed="0.000215"/>
</kw>
<status status="PASS" start="2024-04-15T00:01:20.884513" elapsed="0.242391"/>
</kw>
<doc>Testa se a API responde corretamente e retorna um objeto JSON válido.</doc>
<tag>testeRequisicaoBasica</tag>
<status status="PASS" start="2024-04-15T00:01:20.883952" elapsed="0.243145"/>
</test>
<test id="s1-s1-t3" name="Validar estrutura de resposta" line="22">
<kw name="Teste de Estrutura de Resposta" owner="random-user-service">
<kw name="GET On Session" owner="RequestsLibrary">
<msg time="2024-04-15T00:01:21.231464" level="INFO">GET Request : url=https://randomuser.me/api 
 path_url=/api 
 headers={'User-Agent': 'python-requests/2.31.0', 'Accept-Encoding': 'gzip, deflate', 'Accept': '*/*', 'Connection': 'keep-alive'} 
 body=None 
 </msg>
<msg time="2024-04-15T00:01:21.231559" level="INFO">GET Response : url=https://randomuser.me/api 
 status=200, reason=OK 
 headers={'Date': 'Mon, 15 Apr 2024 00:01:21 GMT', 'Content-Type': 'application/json; charset=utf-8', 'Transfer-Encoding': 'chunked', 'Connection': 'keep-alive', 'X-Powered-By': 'Express', 'Access-Control-Allow-Origin': '*', 'Cache-Control': 'no-cache', 'ETag': 'W/"46c-wcOx1TrvVgSSdxLy8eStFItjK4g"', 'Vary': 'Accept-Encoding', 'Content-Encoding': 'gzip', 'CF-Cache-Status': 'DYNAMIC', 'Report-To': '{"endpoints":[{"url":"https:\\/\\/a.nel.cloudflare.com\\/report\\/v4?s=%2BBJ1OEun0tx6BURfGxiHUii%2BUMuA%2Fzen5T8CrpOFN%2F1buh8T1ZCgkMuS0g7AhRNqZWfUoKRKnEjN1vp%2Buw7rDYCKVBu7VZ5HkDkOPmfcsxo6LqSh0MxIr9jE6DKonNQq"}],"group":"cf-nel","max_age":604800}', 'NEL': '{"success_fraction":0,"report_to":"cf-nel","max_age":604800}', 'Server': 'cloudflare', 'CF-RAY': '8747a91b1ff12c48-ORD', 'alt-svc': 'h3=":443"; ma=86400'} 
 body={"results":[{"gender":"female","name":{"title":"Ms","first":"Vicky","last":"Ray"},"location":{"street":{"number":8647,"name":"The Avenue"},"city":"Kilkenny","state":"Cavan","country":"Ireland","postcode":93018,"coordinates":{"latitude":"3.2356","longitude":"58.8370"},"timezone":{"offset":"+9:30","description":"Adelaide, Darwin"}},"email":"vicky.ray@example.com","login":{"uuid":"fcbedd70-ea3a-4dd6-bb03-b491c0c83ab9","username":"brownpanda347","password":"1025","salt":"PlO21z7R","md5":"0284e7bdd87b3d4ce6d4be6e8f793308","sha1":"86f86fc6a91763034f6810f6023aabd4fa74a227","sha256":"e5a15b1c6ec36adb181726cd82f3fd28f025a5d41947cf432f1d8e36dbe224bf"},"dob":{"date":"1977-02-09T03:29:38.679Z","age":47},"registered":{"date":"2004-02-20T06:53:25.764Z","age":20},"phone":"011-752-6768","cell":"081-869-0263","id":{"name":"PPS","value":"0005220T"},"picture":{"large":"https://randomuser.me/api/portraits/women/74.jpg","medium":"https://randomuser.me/api/portraits/med/women/74.jpg","thumbnail":"https://randomuser.me/api/portraits/thumb/women/74.jpg"},"nat":"IE"}],"info":{"seed":"2f4717c43952152c","results":1,"page":1,"version":"1.4"}} 
 </msg>
<msg time="2024-04-15T00:01:21.231708" level="INFO">/opt/hostedtoolcache/Python/3.12.2/x64/lib/python3.12/site-packages/urllib3/connectionpool.py:1103: InsecureRequestWarning: Unverified HTTPS request is being made to host 'randomuser.me'. Adding certificate verification is strongly advised. See: https://urllib3.readthedocs.io/en/latest/advanced-usage.html#tls-warnings
  warnings.warn(</msg>
<msg time="2024-04-15T00:01:21.231852" level="INFO">${response} = &lt;Response [200]&gt;</msg>
<var>${response}</var>
<arg>consultarAPI</arg>
<arg>/api</arg>
<doc>Sends a GET request on a previously created HTTP Session.</doc>
<status status="PASS" start="2024-04-15T00:01:21.129879" elapsed="0.102019"/>
</kw>
<kw name="Set Variable" owner="BuiltIn">
<msg time="2024-04-15T00:01:21.232910" level="INFO">${json_data} = {'results': [{'gender': 'female', 'name': {'title': 'Ms', 'first': 'Vicky', 'last': 'Ray'}, 'location': {'street': {'number': 8647, 'name': 'The Avenue'}, 'city': 'Kilkenny', 'state': 'Cavan', 'countr...</msg>
<var>${json_data}</var>
<arg>${response.json()}</arg>
<doc>Returns the given values which can then be assigned to a variables.</doc>
<status status="PASS" start="2024-04-15T00:01:21.232402" elapsed="0.000537"/>
</kw>
<kw name="Log" owner="BuiltIn">
<msg time="2024-04-15T00:01:21.233411" level="INFO">{'results': [{'gender': 'female', 'name': {'title': 'Ms', 'first': 'Vicky', 'last': 'Ray'}, 'location': {'street': {'number': 8647, 'name': 'The Avenue'}, 'city': 'Kilkenny', 'state': 'Cavan', 'country': 'Ireland', 'postcode': 93018, 'coordinates': {'latitude': '3.2356', 'longitude': '58.8370'}, 'timezone': {'offset': '+9:30', 'description': 'Adelaide, Darwin'}}, 'email': 'vicky.ray@example.com', 'login': {'uuid': 'fcbedd70-ea3a-4dd6-bb03-b491c0c83ab9', 'username': 'brownpanda347', 'password': '1025', 'salt': 'PlO21z7R', 'md5': '0284e7bdd87b3d4ce6d4be6e8f793308', 'sha1': '86f86fc6a91763034f6810f6023aabd4fa74a227', 'sha256': 'e5a15b1c6ec36adb181726cd82f3fd28f025a5d41947cf432f1d8e36dbe224bf'}, 'dob': {'date': '1977-02-09T03:29:38.679Z', 'age': 47}, 'registered': {'date': '2004-02-20T06:53:25.764Z', 'age': 20}, 'phone': '011-752-6768', 'cell': '081-869-0263', 'id': {'name': 'PPS', 'value': '0005220T'}, 'picture': {'large': 'https://randomuser.me/api/portraits/women/74.jpg', 'medium': 'https://randomuser.me/api/portraits/med/women/74.jpg', 'thumbnail': 'https://randomuser.me/api/portraits/thumb/women/74.jpg'}, 'nat': 'IE'}], 'info': {'seed': '2f4717c43952152c', 'results': 1, 'page': 1, 'version': '1.4'}}</msg>
<arg>${json_data}</arg>
<doc>Logs the given message with the given level.</doc>
<status status="PASS" start="2024-04-15T00:01:21.233250" elapsed="0.000211"/>
</kw>
<kw name="Dictionary Should Contain Key" owner="Collections">
<msg time="2024-04-15T00:01:21.233919" level="INFO">False</msg>
<arg>${json_data}</arg>
<arg>results</arg>
<doc>Fails if ``key`` is not found from ``dictionary``.</doc>
<status status="PASS" start="2024-04-15T00:01:21.233759" elapsed="0.000197"/>
</kw>
<kw name="Should Not Be Empty" owner="BuiltIn">
<msg time="2024-04-15T00:01:21.234384" level="INFO">Length is 2.</msg>
<arg>${json_data}</arg>
<doc>Verifies that the given item is not empty.</doc>
<status status="PASS" start="2024-04-15T00:01:21.234250" elapsed="0.000172"/>
</kw>
<kw name="Create List" owner="BuiltIn">
<msg time="2024-04-15T00:01:21.234926" level="INFO">${expected_keys} = ['gender', 'name', 'location', 'email', 'login']</msg>
<var>${expected_keys}</var>
<arg>gender</arg>
<arg>name</arg>
<arg>location</arg>
<arg>email</arg>
<arg>login</arg>
<doc>Returns a list containing given items.</doc>
<status status="PASS" start="2024-04-15T00:01:21.234757" elapsed="0.000195"/>
</kw>
<for flavor="IN">
<iter>
<kw name="Dictionary Should Contain Key" owner="Collections">
<msg time="2024-04-15T00:01:21.235949" level="INFO">False</msg>
<arg>${json_data['results'][0]}</arg>
<arg>${key}</arg>
<doc>Fails if ``key`` is not found from ``dictionary``.</doc>
<status status="PASS" start="2024-04-15T00:01:21.235544" elapsed="0.000444"/>
</kw>
<kw name="Log" owner="BuiltIn">
<msg time="2024-04-15T00:01:21.236659" level="INFO">{'gender': 'female', 'name': {'title': 'Ms', 'first': 'Vicky', 'last': 'Ray'}, 'location': {'street': {'number': 8647, 'name': 'The Avenue'}, 'city': 'Kilkenny', 'state': 'Cavan', 'country': 'Ireland', 'postcode': 93018, 'coordinates': {'latitude': '3.2356', 'longitude': '58.8370'}, 'timezone': {'offset': '+9:30', 'description': 'Adelaide, Darwin'}}, 'email': 'vicky.ray@example.com', 'login': {'uuid': 'fcbedd70-ea3a-4dd6-bb03-b491c0c83ab9', 'username': 'brownpanda347', 'password': '1025', 'salt': 'PlO21z7R', 'md5': '0284e7bdd87b3d4ce6d4be6e8f793308', 'sha1': '86f86fc6a91763034f6810f6023aabd4fa74a227', 'sha256': 'e5a15b1c6ec36adb181726cd82f3fd28f025a5d41947cf432f1d8e36dbe224bf'}, 'dob': {'date': '1977-02-09T03:29:38.679Z', 'age': 47}, 'registered': {'date': '2004-02-20T06:53:25.764Z', 'age': 20}, 'phone': '011-752-6768', 'cell': '081-869-0263', 'id': {'name': 'PPS', 'value': '0005220T'}, 'picture': {'large': 'https://randomuser.me/api/portraits/women/74.jpg', 'medium': 'https://randomuser.me/api/portraits/med/women/74.jpg', 'thumbnail': 'https://randomuser.me/api/portraits/thumb/women/74.jpg'}, 'nat': 'IE'}</msg>
<arg>${json_data['results'][0]}</arg>
<doc>Logs the given message with the given level.</doc>
<status status="PASS" start="2024-04-15T00:01:21.236289" elapsed="0.000418"/>
</kw>
<kw name="Log" owner="BuiltIn">
<msg time="2024-04-15T00:01:21.237139" level="INFO">gender</msg>
<arg>${key}</arg>
<doc>Logs the given message with the given level.</doc>
<status status="PASS" start="2024-04-15T00:01:21.237009" elapsed="0.000169"/>
</kw>
<var name="${key}">gender</var>
<status status="PASS" start="2024-04-15T00:01:21.235419" elapsed="0.001985"/>
</iter>
<iter>
<kw name="Dictionary Should Contain Key" owner="Collections">
<msg time="2024-04-15T00:01:21.238099" level="INFO">False</msg>
<arg>${json_data['results'][0]}</arg>
<arg>${key}</arg>
<doc>Fails if ``key`` is not found from ``dictionary``.</doc>
<status status="PASS" start="2024-04-15T00:01:21.237718" elapsed="0.000419"/>
</kw>
<kw name="Log" owner="BuiltIn">
<msg time="2024-04-15T00:01:21.238882" level="INFO">{'gender': 'female', 'name': {'title': 'Ms', 'first': 'Vicky', 'last': 'Ray'}, 'location': {'street': {'number': 8647, 'name': 'The Avenue'}, 'city': 'Kilkenny', 'state': 'Cavan', 'country': 'Ireland', 'postcode': 93018, 'coordinates': {'latitude': '3.2356', 'longitude': '58.8370'}, 'timezone': {'offset': '+9:30', 'description': 'Adelaide, Darwin'}}, 'email': 'vicky.ray@example.com', 'login': {'uuid': 'fcbedd70-ea3a-4dd6-bb03-b491c0c83ab9', 'username': 'brownpanda347', 'password': '1025', 'salt': 'PlO21z7R', 'md5': '0284e7bdd87b3d4ce6d4be6e8f793308', 'sha1': '86f86fc6a91763034f6810f6023aabd4fa74a227', 'sha256': 'e5a15b1c6ec36adb181726cd82f3fd28f025a5d41947cf432f1d8e36dbe224bf'}, 'dob': {'date': '1977-02-09T03:29:38.679Z', 'age': 47}, 'registered': {'date': '2004-02-20T06:53:25.764Z', 'age': 20}, 'phone': '011-752-6768', 'cell': '081-869-0263', 'id': {'name': 'PPS', 'value': '0005220T'}, 'picture': {'large': 'https://randomuser.me/api/portraits/women/74.jpg', 'medium': 'https://randomuser.me/api/portraits/med/women/74.jpg', 'thumbnail': 'https://randomuser.me/api/portraits/thumb/women/74.jpg'}, 'nat': 'IE'}</msg>
<arg>${json_data['results'][0]}</arg>
<doc>Logs the given message with the given level.</doc>
<status status="PASS" start="2024-04-15T00:01:21.238466" elapsed="0.000470"/>
</kw>
<kw name="Log" owner="BuiltIn">
<msg time="2024-04-15T00:01:21.239379" level="INFO">name</msg>
<arg>${key}</arg>
<doc>Logs the given message with the given level.</doc>
<status status="PASS" start="2024-04-15T00:01:21.239246" elapsed="0.000171"/>
</kw>
<var name="${key}">name</var>
<status status="PASS" start="2024-04-15T00:01:21.237601" elapsed="0.002036"/>
</iter>
<iter>
<kw name="Dictionary Should Contain Key" owner="Collections">
<msg time="2024-04-15T00:01:21.240313" level="INFO">False</msg>
<arg>${json_data['results'][0]}</arg>
<arg>${key}</arg>
<doc>Fails if ``key`` is not found from ``dictionary``.</doc>
<status status="PASS" start="2024-04-15T00:01:21.239930" elapsed="0.000421"/>
</kw>
<kw name="Log" owner="BuiltIn">
<msg time="2024-04-15T00:01:21.241002" level="INFO">{'gender': 'female', 'name': {'title': 'Ms', 'first': 'Vicky', 'last': 'Ray'}, 'location': {'street': {'number': 8647, 'name': 'The Avenue'}, 'city': 'Kilkenny', 'state': 'Cavan', 'country': 'Ireland', 'postcode': 93018, 'coordinates': {'latitude': '3.2356', 'longitude': '58.8370'}, 'timezone': {'offset': '+9:30', 'description': 'Adelaide, Darwin'}}, 'email': 'vicky.ray@example.com', 'login': {'uuid': 'fcbedd70-ea3a-4dd6-bb03-b491c0c83ab9', 'username': 'brownpanda347', 'password': '1025', 'salt': 'PlO21z7R', 'md5': '0284e7bdd87b3d4ce6d4be6e8f793308', 'sha1': '86f86fc6a91763034f6810f6023aabd4fa74a227', 'sha256': 'e5a15b1c6ec36adb181726cd82f3fd28f025a5d41947cf432f1d8e36dbe224bf'}, 'dob': {'date': '1977-02-09T03:29:38.679Z', 'age': 47}, 'registered': {'date': '2004-02-20T06:53:25.764Z', 'age': 20}, 'phone': '011-752-6768', 'cell': '081-869-0263', 'id': {'name': 'PPS', 'value': '0005220T'}, 'picture': {'large': 'https://randomuser.me/api/portraits/women/74.jpg', 'medium': 'https://randomuser.me/api/portraits/med/women/74.jpg', 'thumbnail': 'https://randomuser.me/api/portraits/thumb/women/74.jpg'}, 'nat': 'IE'}</msg>
<arg>${json_data['results'][0]}</arg>
<doc>Logs the given message with the given level.</doc>
<status status="PASS" start="2024-04-15T00:01:21.240646" elapsed="0.000403"/>
</kw>
<kw name="Log" owner="BuiltIn">
<msg time="2024-04-15T00:01:21.241473" level="INFO">location</msg>
<arg>${key}</arg>
<doc>Logs the given message with the given level.</doc>
<status status="PASS" start="2024-04-15T00:01:21.241346" elapsed="0.000166"/>
</kw>
<var name="${key}">location</var>
<status status="PASS" start="2024-04-15T00:01:21.239818" elapsed="0.001908"/>
</iter>
<iter>
<kw name="Dictionary Should Contain Key" owner="Collections">
<msg time="2024-04-15T00:01:21.242396" level="INFO">False</msg>
<arg>${json_data['results'][0]}</arg>
<arg>${key}</arg>
<doc>Fails if ``key`` is not found from ``dictionary``.</doc>
<status status="PASS" start="2024-04-15T00:01:21.242017" elapsed="0.000423"/>
</kw>
<kw name="Log" owner="BuiltIn">
<msg time="2024-04-15T00:01:21.243153" level="INFO">{'gender': 'female', 'name': {'title': 'Ms', 'first': 'Vicky', 'last': 'Ray'}, 'location': {'street': {'number': 8647, 'name': 'The Avenue'}, 'city': 'Kilkenny', 'state': 'Cavan', 'country': 'Ireland', 'postcode': 93018, 'coordinates': {'latitude': '3.2356', 'longitude': '58.8370'}, 'timezone': {'offset': '+9:30', 'description': 'Adelaide, Darwin'}}, 'email': 'vicky.ray@example.com', 'login': {'uuid': 'fcbedd70-ea3a-4dd6-bb03-b491c0c83ab9', 'username': 'brownpanda347', 'password': '1025', 'salt': 'PlO21z7R', 'md5': '0284e7bdd87b3d4ce6d4be6e8f793308', 'sha1': '86f86fc6a91763034f6810f6023aabd4fa74a227', 'sha256': 'e5a15b1c6ec36adb181726cd82f3fd28f025a5d41947cf432f1d8e36dbe224bf'}, 'dob': {'date': '1977-02-09T03:29:38.679Z', 'age': 47}, 'registered': {'date': '2004-02-20T06:53:25.764Z', 'age': 20}, 'phone': '011-752-6768', 'cell': '081-869-0263', 'id': {'name': 'PPS', 'value': '0005220T'}, 'picture': {'large': 'https://randomuser.me/api/portraits/women/74.jpg', 'medium': 'https://randomuser.me/api/portraits/med/women/74.jpg', 'thumbnail': 'https://randomuser.me/api/portraits/thumb/women/74.jpg'}, 'nat': 'IE'}</msg>
<arg>${json_data['results'][0]}</arg>
<doc>Logs the given message with the given level.</doc>
<status status="PASS" start="2024-04-15T00:01:21.242791" elapsed="0.000410"/>
</kw>
<kw name="Log" owner="BuiltIn">
<msg time="2024-04-15T00:01:21.243635" level="INFO">email</msg>
<arg>${key}</arg>
<doc>Logs the given message with the given level.</doc>
<status status="PASS" start="2024-04-15T00:01:21.243505" elapsed="0.000168"/>
</kw>
<var name="${key}">email</var>
<status status="PASS" start="2024-04-15T00:01:21.241899" elapsed="0.001994"/>
</iter>
<iter>
<kw name="Dictionary Should Contain Key" owner="Collections">
<msg time="2024-04-15T00:01:21.244558" level="INFO">False</msg>
<arg>${json_data['results'][0]}</arg>
<arg>${key}</arg>
<doc>Fails if ``key`` is not found from ``dictionary``.</doc>
<status status="PASS" start="2024-04-15T00:01:21.244176" elapsed="0.000420"/>
</kw>
<kw name="Log" owner="BuiltIn">
<msg time="2024-04-15T00:01:21.245246" level="INFO">{'gender': 'female', 'name': {'title': 'Ms', 'first': 'Vicky', 'last': 'Ray'}, 'location': {'street': {'number': 8647, 'name': 'The Avenue'}, 'city': 'Kilkenny', 'state': 'Cavan', 'country': 'Ireland', 'postcode': 93018, 'coordinates': {'latitude': '3.2356', 'longitude': '58.8370'}, 'timezone': {'offset': '+9:30', 'description': 'Adelaide, Darwin'}}, 'email': 'vicky.ray@example.com', 'login': {'uuid': 'fcbedd70-ea3a-4dd6-bb03-b491c0c83ab9', 'username': 'brownpanda347', 'password': '1025', 'salt': 'PlO21z7R', 'md5': '0284e7bdd87b3d4ce6d4be6e8f793308', 'sha1': '86f86fc6a91763034f6810f6023aabd4fa74a227', 'sha256': 'e5a15b1c6ec36adb181726cd82f3fd28f025a5d41947cf432f1d8e36dbe224bf'}, 'dob': {'date': '1977-02-09T03:29:38.679Z', 'age': 47}, 'registered': {'date': '2004-02-20T06:53:25.764Z', 'age': 20}, 'phone': '011-752-6768', 'cell': '081-869-0263', 'id': {'name': 'PPS', 'value': '0005220T'}, 'picture': {'large': 'https://randomuser.me/api/portraits/women/74.jpg', 'medium': 'https://randomuser.me/api/portraits/med/women/74.jpg', 'thumbnail': 'https://randomuser.me/api/portraits/thumb/women/74.jpg'}, 'nat': 'IE'}</msg>
<arg>${json_data['results'][0]}</arg>
<doc>Logs the given message with the given level.</doc>
<status status="PASS" start="2024-04-15T00:01:21.244893" elapsed="0.000399"/>
</kw>
<kw name="Log" owner="BuiltIn">
<msg time="2024-04-15T00:01:21.245711" level="INFO">login</msg>
<arg>${key}</arg>
<doc>Logs the given message with the given level.</doc>
<status status="PASS" start="2024-04-15T00:01:21.245585" elapsed="0.000164"/>
</kw>
<var name="${key}">login</var>
<status status="PASS" start="2024-04-15T00:01:21.244066" elapsed="0.001899"/>
</iter>
<var>${key}</var>
<value>@{expected_keys}</value>
<status status="PASS" start="2024-04-15T00:01:21.235222" elapsed="0.010866"/>
</for>
<kw name="Create List" owner="BuiltIn">
<msg time="2024-04-15T00:01:21.246453" level="INFO">${expected_keysTwo} = ['username', 'password']</msg>
<var>${expected_keysTwo}</var>
<arg>username</arg>
<arg>password</arg>
<doc>Returns a list containing given items.</doc>
<status status="PASS" start="2024-04-15T00:01:21.246316" elapsed="0.000161"/>
</kw>
<for flavor="IN">
<iter>
<kw name="Dictionary Should Contain Key" owner="Collections">
<msg time="2024-04-15T00:01:21.247529" level="INFO">False</msg>
<arg>${json_data['results'][0]['login']}</arg>
<arg>${keyTwo}</arg>
<doc>Fails if ``key`` is not found from ``dictionary``.</doc>
<status status="PASS" start="2024-04-15T00:01:21.247140" elapsed="0.000428"/>
</kw>
<kw name="Dictionary Should Contain Key" owner="Collections">
<msg time="2024-04-15T00:01:21.248241" level="INFO">False</msg>
<arg>${json_data['results'][0]['login']}</arg>
<arg>${keyTwo}</arg>
<doc>Fails if ``key`` is not found from ``dictionary``.</doc>
<status status="PASS" start="2024-04-15T00:01:21.247867" elapsed="0.000412"/>
</kw>
<kw name="Log" owner="BuiltIn">
<msg time="2024-04-15T00:01:21.248702" level="INFO">username</msg>
<arg>${keyTwo}</arg>
<doc>Logs the given message with the given level.</doc>
<status status="PASS" start="2024-04-15T00:01:21.248574" elapsed="0.000165"/>
</kw>
<var name="${keyTwo}">username</var>
<status status="PASS" start="2024-04-15T00:01:21.247027" elapsed="0.001944"/>
</iter>
<iter>
<kw name="Dictionary Should Contain Key" owner="Collections">
<msg time="2024-04-15T00:01:21.249636" level="INFO">False</msg>
<arg>${json_data['results'][0]['login']}</arg>
<arg>${keyTwo}</arg>
<doc>Fails if ``key`` is not found from ``dictionary``.</doc>
<status status="PASS" start="2024-04-15T00:01:21.249261" elapsed="0.000413"/>
</kw>
<kw name="Dictionary Should Contain Key" owner="Collections">
<msg time="2024-04-15T00:01:21.250350" level="INFO">False</msg>
<arg>${json_data['results'][0]['login']}</arg>
<arg>${keyTwo}</arg>
<doc>Fails if ``key`` is not found from ``dictionary``.</doc>
<status status="PASS" start="2024-04-15T00:01:21.249970" elapsed="0.000416"/>
</kw>
<kw name="Log" owner="BuiltIn">
<msg time="2024-04-15T00:01:21.250860" level="INFO">password</msg>
<arg>${keyTwo}</arg>
<doc>Logs the given message with the given level.</doc>
<status status="PASS" start="2024-04-15T00:01:21.250720" elapsed="0.000178"/>
</kw>
<var name="${keyTwo}">password</var>
<status status="PASS" start="2024-04-15T00:01:21.249150" elapsed="0.002004"/>
</iter>
<var>${keyTwo}</var>
<value>@{expected_keysTwo}</value>
<status status="PASS" start="2024-04-15T00:01:21.246763" elapsed="0.004520"/>
</for>
<status status="PASS" start="2024-04-15T00:01:21.129637" elapsed="0.121793"/>
</kw>
<doc>Testa a estrutura da resposta da API.</doc>
<tag>testeEstruturaResposta</tag>
<status status="PASS" start="2024-04-15T00:01:21.128961" elapsed="0.122645"/>
</test>
<test id="s1-s1-t4" name="Validar tipos de dados" line="28">
<kw name="Teste de Tipos de Dados" owner="random-user-service">
<kw name="GET On Session" owner="RequestsLibrary">
<msg time="2024-04-15T00:01:21.323844" level="INFO">GET Request : url=https://randomuser.me/api 
 path_url=/api 
 headers={'User-Agent': 'python-requests/2.31.0', 'Accept-Encoding': 'gzip, deflate', 'Accept': '*/*', 'Connection': 'keep-alive'} 
 body=None 
 </msg>
<msg time="2024-04-15T00:01:21.323953" level="INFO">GET Response : url=https://randomuser.me/api 
 status=200, reason=OK 
 headers={'Date': 'Mon, 15 Apr 2024 00:01:21 GMT', 'Content-Type': 'application/json; charset=utf-8', 'Transfer-Encoding': 'chunked', 'Connection': 'keep-alive', 'X-Powered-By': 'Express', 'Access-Control-Allow-Origin': '*', 'Cache-Control': 'no-cache', 'ETag': 'W/"46c-OBxMgH5fj3qb2xaLt3a87MceTFE"', 'Vary': 'Accept-Encoding', 'Content-Encoding': 'gzip', 'CF-Cache-Status': 'DYNAMIC', 'Report-To': '{"endpoints":[{"url":"https:\\/\\/a.nel.cloudflare.com\\/report\\/v4?s=YqXRyZRe9iHtCwxIu0VYRRYR2zh5r7fv5RkAmVTUsKmzcvSdBnaENbJbo6E8dAKpJWbmgDM0aE8gMoT%2BwsaqDpEi82pixPLzKAbiUL21cNt%2F%2B40QE4KRlbA2e8kACAPx"}],"group":"cf-nel","max_age":604800}', 'NEL': '{"success_fraction":0,"report_to":"cf-nel","max_age":604800}', 'Server': 'cloudflare', 'CF-RAY': '8747a91bd8a22c48-ORD', 'alt-svc': 'h3=":443"; ma=86400'} 
 body={"results":[{"gender":"male","name":{"title":"Mr","first":"David","last":"Cole"},"location":{"street":{"number":47,"name":"North Road"},"city":"Edenderry","state":"Louth","country":"Ireland","postcode":98746,"coordinates":{"latitude":"-0.3924","longitude":"-126.0795"},"timezone":{"offset":"+9:30","description":"Adelaide, Darwin"}},"email":"david.cole@example.com","login":{"uuid":"32e0769f-a035-42ce-88a7-f0323f6e69b5","username":"redladybug974","password":"kenworth","salt":"NcnwjY5X","md5":"e04a7633dd49871bbf9709df69c90af7","sha1":"9c38fbbea79dbfd629eea103edc958a5e1f6b84c","sha256":"84a7f392c05e965fa0a4b4dacfb72cadd2e4696ea40f544698cbbbe2ca8eca79"},"dob":{"date":"1947-02-20T22:53:20.095Z","age":77},"registered":{"date":"2006-12-03T17:07:09.886Z","age":17},"phone":"021-949-3673","cell":"081-704-4999","id":{"name":"PPS","value":"4615721T"},"picture":{"large":"https://randomuser.me/api/portraits/men/15.jpg","medium":"https://randomuser.me/api/portraits/med/men/15.jpg","thumbnail":"https://randomuser.me/api/portraits/thumb/men/15.jpg"},"nat":"IE"}],"info":{"seed":"b73468e684823764","results":1,"page":1,"version":"1.4"}} 
 </msg>
<msg time="2024-04-15T00:01:21.324034" level="INFO">/opt/hostedtoolcache/Python/3.12.2/x64/lib/python3.12/site-packages/urllib3/connectionpool.py:1103: InsecureRequestWarning: Unverified HTTPS request is being made to host 'randomuser.me'. Adding certificate verification is strongly advised. See: https://urllib3.readthedocs.io/en/latest/advanced-usage.html#tls-warnings
  warnings.warn(</msg>
<msg time="2024-04-15T00:01:21.324193" level="INFO">${response} = &lt;Response [200]&gt;</msg>
<var>${response}</var>
<arg>consultarAPI</arg>
<arg>/api</arg>
<doc>Sends a GET request on a previously created HTTP Session.</doc>
<status status="PASS" start="2024-04-15T00:01:21.254113" elapsed="0.070129"/>
</kw>
<kw name="Set Variable" owner="BuiltIn">
<msg time="2024-04-15T00:01:21.325312" level="INFO">${json_data} = {'results': [{'gender': 'male', 'name': {'title': 'Mr', 'first': 'David', 'last': 'Cole'}, 'location': {'street': {'number': 47, 'name': 'North Road'}, 'city': 'Edenderry', 'state': 'Louth', 'country'...</msg>
<var>${json_data}</var>
<arg>${response.json()}</arg>
<doc>Returns the given values which can then be assigned to a variables.</doc>
<status status="PASS" start="2024-04-15T00:01:21.324782" elapsed="0.000559"/>
</kw>
<kw name="Log" owner="BuiltIn">
<msg time="2024-04-15T00:01:21.325823" level="INFO">{'results': [{'gender': 'male', 'name': {'title': 'Mr', 'first': 'David', 'last': 'Cole'}, 'location': {'street': {'number': 47, 'name': 'North Road'}, 'city': 'Edenderry', 'state': 'Louth', 'country': 'Ireland', 'postcode': 98746, 'coordinates': {'latitude': '-0.3924', 'longitude': '-126.0795'}, 'timezone': {'offset': '+9:30', 'description': 'Adelaide, Darwin'}}, 'email': 'david.cole@example.com', 'login': {'uuid': '32e0769f-a035-42ce-88a7-f0323f6e69b5', 'username': 'redladybug974', 'password': 'kenworth', 'salt': 'NcnwjY5X', 'md5': 'e04a7633dd49871bbf9709df69c90af7', 'sha1': '9c38fbbea79dbfd629eea103edc958a5e1f6b84c', 'sha256': '84a7f392c05e965fa0a4b4dacfb72cadd2e4696ea40f544698cbbbe2ca8eca79'}, 'dob': {'date': '1947-02-20T22:53:20.095Z', 'age': 77}, 'registered': {'date': '2006-12-03T17:07:09.886Z', 'age': 17}, 'phone': '021-949-3673', 'cell': '081-704-4999', 'id': {'name': 'PPS', 'value': '4615721T'}, 'picture': {'large': 'https://randomuser.me/api/portraits/men/15.jpg', 'medium': 'https://randomuser.me/api/portraits/med/men/15.jpg', 'thumbnail': 'https://randomuser.me/api/portraits/thumb/men/15.jpg'}, 'nat': 'IE'}], 'info': {'seed': 'b73468e684823764', 'results': 1, 'page': 1, 'version': '1.4'}}</msg>
<arg>${json_data}</arg>
<doc>Logs the given message with the given level.</doc>
<status status="PASS" start="2024-04-15T00:01:21.325664" elapsed="0.000207"/>
</kw>
<kw name="Should Be String" owner="String">
<arg>${json_data['results'][0]['gender']}</arg>
<doc>Fails if the given ``item`` is not a string.</doc>
<status status="PASS" start="2024-04-15T00:01:21.326203" elapsed="0.000359"/>
</kw>
<kw name="Should Match Regexp" owner="BuiltIn">
<arg>${json_data['results'][0]['email']}</arg>
<arg>^[a-zA-Z0-9._%+-]+@[a-zA-Z0-9.-]+\.[a-zA-Z]{2,}$</arg>
<doc>Fails if ``string`` does not match ``pattern`` as a regular expression.</doc>
<status status="PASS" start="2024-04-15T00:01:21.326810" elapsed="0.000538"/>
</kw>
<kw name="Should Match Regexp" owner="BuiltIn">
<arg>${json_data['results'][0]['dob']['date']}</arg>
<arg>\\d{4}-\\d{2}-\\d{2}T\\d{2}:\\d{2}:\\d{2}\\.\\d{3}Z</arg>
<doc>Fails if ``string`` does not match ``pattern`` as a regular expression.</doc>
<status status="PASS" start="2024-04-15T00:01:21.327546" elapsed="0.000492"/>
</kw>
<kw name="Should Match Regexp" owner="BuiltIn">
<arg>${json_data['results'][0]['registered']['date']}</arg>
<arg>\\d{4}-\\d{2}-\\d{2}T\\d{2}:\\d{2}:\\d{2}\\.\\d{3}Z</arg>
<doc>Fails if ``string`` does not match ``pattern`` as a regular expression.</doc>
<status status="PASS" start="2024-04-15T00:01:21.328238" elapsed="0.000364"/>
</kw>
<kw name="Should Match Regexp" owner="BuiltIn">
<arg>${json_data['results'][0]['picture']['large']}</arg>
<arg>^https?://.*\.(?:png|jpe?g|gif|bmp)$</arg>
<doc>Fails if ``string`` does not match ``pattern`` as a regular expression.</doc>
<status status="PASS" start="2024-04-15T00:01:21.328793" elapsed="0.000459"/>
</kw>
<kw name="Should Match Regexp" owner="BuiltIn">
<arg>${json_data['results'][0]['picture']['medium']}</arg>
<arg>^https?://.*\.(?:png|jpe?g|gif|bmp)$</arg>
<doc>Fails if ``string`` does not match ``pattern`` as a regular expression.</doc>
<status status="PASS" start="2024-04-15T00:01:21.329444" elapsed="0.000355"/>
</kw>
<kw name="Should Match Regexp" owner="BuiltIn">
<arg>${json_data['results'][0]['picture']['thumbnail']}</arg>
<arg>^https?://.*\.(?:png|jpe?g|gif|bmp)$</arg>
<doc>Fails if ``string`` does not match ``pattern`` as a regular expression.</doc>
<status status="PASS" start="2024-04-15T00:01:21.329986" elapsed="0.000352"/>
</kw>
<kw name="Log" owner="BuiltIn">
<msg time="2024-04-15T00:01:21.330870" level="INFO">{'large': 'https://randomuser.me/api/portraits/men/15.jpg', 'medium': 'https://randomuser.me/api/portraits/med/men/15.jpg', 'thumbnail': 'https://randomuser.me/api/portraits/thumb/men/15.jpg'}</msg>
<arg>${json_data['results'][0]['picture']}</arg>
<doc>Logs the given message with the given level.</doc>
<status status="PASS" start="2024-04-15T00:01:21.330519" elapsed="0.000395"/>
</kw>
<status status="PASS" start="2024-04-15T00:01:21.253883" elapsed="0.077295"/>
</kw>
<kw name="Teste de Tipos de Dados - Postcode" owner="random-user-service">
<kw name="GET On Session" owner="RequestsLibrary">
<msg time="2024-04-15T00:01:21.454425" level="INFO">GET Request : url=https://randomuser.me/api 
 path_url=/api 
 headers={'User-Agent': 'python-requests/2.31.0', 'Accept-Encoding': 'gzip, deflate', 'Accept': '*/*', 'Connection': 'keep-alive'} 
 body=None 
 </msg>
<msg time="2024-04-15T00:01:21.454536" level="INFO">GET Response : url=https://randomuser.me/api 
 status=200, reason=OK 
 headers={'Date': 'Mon, 15 Apr 2024 00:01:21 GMT', 'Content-Type': 'application/json; charset=utf-8', 'Transfer-Encoding': 'chunked', 'Connection': 'keep-alive', 'X-Powered-By': 'Express', 'Access-Control-Allow-Origin': '*', 'Cache-Control': 'no-cache', 'ETag': 'W/"479-NbBFuERyzDnaBPwWvqMtbpkPK2A"', 'Vary': 'Accept-Encoding', 'Content-Encoding': 'gzip', 'CF-Cache-Status': 'DYNAMIC', 'Report-To': '{"endpoints":[{"url":"https:\\/\\/a.nel.cloudflare.com\\/report\\/v4?s=8u4awzgi%2B2HavtB6u3LQZ%2FgnlQUftxYI1p%2FhkJr38%2BDnwXwTX1ZLFl8BX1jeYuwE5ym9vvVYa%2BUaQRYeOQ3PyNBaQMJXmlmqqqn39oKdFfddmpmwQCiJ5y9TZb5lnkCz"}],"group":"cf-nel","max_age":604800}', 'NEL': '{"success_fraction":0,"report_to":"cf-nel","max_age":604800}', 'Server': 'cloudflare', 'CF-RAY': '8747a91c59242c48-ORD', 'alt-svc': 'h3=":443"; ma=86400'} 
 body={"results":[{"gender":"male","name":{"title":"Mr","first":"Ryder","last":"Moore"},"location":{"street":{"number":9325,"name":"Memorial Avenue"},"city":"New Plymouth","state":"Otago","country":"New Zealand","postcode":83236,"coordinates":{"latitude":"52.4894","longitude":"-24.9243"},"timezone":{"offset":"-1:00","description":"Azores, Cape Verde Islands"}},"email":"ryder.moore@example.com","login":{"uuid":"e86e889d-c340-4213-9052-51d594607fb4","username":"greendog398","password":"1016","salt":"WnpbjflM","md5":"33ba05cdcd8735786eef30fd00da986f","sha1":"84cb52f89586d1aef0c82cfe7d8d15be5ea06dbb","sha256":"211b50c2e9dabb92241399d8e85c672c3afe8443902b3e9e7d3841319feb2e99"},"dob":{"date":"1949-06-23T16:23:08.086Z","age":74},"registered":{"date":"2019-03-05T18:46:57.992Z","age":5},"phone":"(624)-049-7225","cell":"(433)-061-0233","id":{"name":"","value":null},"picture":{"large":"https://randomuser.me/api/portraits/men/34.jpg","medium":"https://randomuser.me/api/portraits/med/men/34.jpg","thumbnail":"https://randomuser.me/api/portraits/thumb/men/34.jpg"},"nat":"NZ"}],"info":{"seed":"79e03a4726b88a8b","results":1,"page":1,"version":"1.4"}} 
 </msg>
<msg time="2024-04-15T00:01:21.454683" level="INFO">/opt/hostedtoolcache/Python/3.12.2/x64/lib/python3.12/site-packages/urllib3/connectionpool.py:1103: InsecureRequestWarning: Unverified HTTPS request is being made to host 'randomuser.me'. Adding certificate verification is strongly advised. See: https://urllib3.readthedocs.io/en/latest/advanced-usage.html#tls-warnings
  warnings.warn(</msg>
<msg time="2024-04-15T00:01:21.454834" level="INFO">${response} = &lt;Response [200]&gt;</msg>
<var>${response}</var>
<arg>consultarAPI</arg>
<arg>/api</arg>
<doc>Sends a GET request on a previously created HTTP Session.</doc>
<status status="PASS" start="2024-04-15T00:01:21.331663" elapsed="0.123215"/>
</kw>
<kw name="Set Variable" owner="BuiltIn">
<msg time="2024-04-15T00:01:21.455908" level="INFO">${json_data} = {'results': [{'gender': 'male', 'name': {'title': 'Mr', 'first': 'Ryder', 'last': 'Moore'}, 'location': {'street': {'number': 9325, 'name': 'Memorial Avenue'}, 'city': 'New Plymouth', 'state': 'Otago'...</msg>
<var>${json_data}</var>
<arg>${response.json()}</arg>
<doc>Returns the given values which can then be assigned to a variables.</doc>
<status status="PASS" start="2024-04-15T00:01:21.455387" elapsed="0.000550"/>
</kw>
<kw name="Log" owner="BuiltIn">
<msg time="2024-04-15T00:01:21.456416" level="INFO">{'results': [{'gender': 'male', 'name': {'title': 'Mr', 'first': 'Ryder', 'last': 'Moore'}, 'location': {'street': {'number': 9325, 'name': 'Memorial Avenue'}, 'city': 'New Plymouth', 'state': 'Otago', 'country': 'New Zealand', 'postcode': 83236, 'coordinates': {'latitude': '52.4894', 'longitude': '-24.9243'}, 'timezone': {'offset': '-1:00', 'description': 'Azores, Cape Verde Islands'}}, 'email': 'ryder.moore@example.com', 'login': {'uuid': 'e86e889d-c340-4213-9052-51d594607fb4', 'username': 'greendog398', 'password': '1016', 'salt': 'WnpbjflM', 'md5': '33ba05cdcd8735786eef30fd00da986f', 'sha1': '84cb52f89586d1aef0c82cfe7d8d15be5ea06dbb', 'sha256': '211b50c2e9dabb92241399d8e85c672c3afe8443902b3e9e7d3841319feb2e99'}, 'dob': {'date': '1949-06-23T16:23:08.086Z', 'age': 74}, 'registered': {'date': '2019-03-05T18:46:57.992Z', 'age': 5}, 'phone': '(624)-049-7225', 'cell': '(433)-061-0233', 'id': {'name': '', 'value': None}, 'picture': {'large': 'https://randomuser.me/api/portraits/men/34.jpg', 'medium': 'https://randomuser.me/api/portraits/med/men/34.jpg', 'thumbnail': 'https://randomuser.me/api/portraits/thumb/men/34.jpg'}, 'nat': 'NZ'}], 'info': {'seed': '79e03a4726b88a8b', 'results': 1, 'page': 1, 'version': '1.4'}}</msg>
<arg>${json_data}</arg>
<doc>Logs the given message with the given level.</doc>
<status status="PASS" start="2024-04-15T00:01:21.456248" elapsed="0.000214"/>
</kw>
<kw name="Should Be Equal As Numbers" owner="BuiltIn">
<arg>${json_data['results'][0]['location']['postcode']}</arg>
<arg>${json_data['results'][0]['location']['postcode']}</arg>
<doc>Fails if objects are unequal after converting them to real numbers.</doc>
<status status="PASS" start="2024-04-15T00:01:21.456767" elapsed="0.000616"/>
</kw>
<kw name="Log" owner="BuiltIn">
<msg time="2024-04-15T00:01:21.457947" level="INFO">83236</msg>
<arg>${json_data['results'][0]['location']['postcode']}</arg>
<doc>Logs the given message with the given level.</doc>
<status status="PASS" start="2024-04-15T00:01:21.457612" elapsed="0.000376"/>
</kw>
<status status="PASS" start="2024-04-15T00:01:21.331416" elapsed="0.126826"/>
</kw>
<doc>Testa se os tipos de dados na resposta da API estão corretos.</doc>
<tag>testeTiposDados</tag>
<status status="PASS" start="2024-04-15T00:01:21.253394" elapsed="0.205021"/>
</test>
<test id="s1-s1-t5" name="Validar conteudo" line="35">
<kw name="Teste de Tipos de Conteudo" owner="random-user-service">
<kw name="GET On Session" owner="RequestsLibrary">
<msg time="2024-04-15T00:01:21.538677" level="INFO">GET Request : url=https://randomuser.me/api 
 path_url=/api 
 headers={'User-Agent': 'python-requests/2.31.0', 'Accept-Encoding': 'gzip, deflate', 'Accept': '*/*', 'Connection': 'keep-alive'} 
 body=None 
 </msg>
<msg time="2024-04-15T00:01:21.538779" level="INFO">GET Response : url=https://randomuser.me/api 
 status=200, reason=OK 
 headers={'Date': 'Mon, 15 Apr 2024 00:01:21 GMT', 'Content-Type': 'application/json; charset=utf-8', 'Transfer-Encoding': 'chunked', 'Connection': 'keep-alive', 'X-Powered-By': 'Express', 'Access-Control-Allow-Origin': '*', 'Cache-Control': 'no-cache', 'ETag': 'W/"4a0-WYqekgAyeTSwxL/6qurUlgPVm94"', 'Vary': 'Accept-Encoding', 'Content-Encoding': 'gzip', 'CF-Cache-Status': 'DYNAMIC', 'Report-To': '{"endpoints":[{"url":"https:\\/\\/a.nel.cloudflare.com\\/report\\/v4?s=KFLmgnciDxy3s%2FcaQHYqceTE7re0xKrdcjdYI3xWBruteTiTCdp7Upmh0RJDCsNtrffsmqeznb2SYcSZLZ1rtAFu3G%2FQbfwZ375Yg1sJj7sFi2Kci3jfWP794hb6OIzs"}],"group":"cf-nel","max_age":604800}', 'NEL': '{"success_fraction":0,"report_to":"cf-nel","max_age":604800}', 'Server': 'cloudflare', 'CF-RAY': '8747a91d29f32c48-ORD', 'alt-svc': 'h3=":443"; ma=86400'} 
 body={"results":[{"gender":"female","name":{"title":"Mrs","first":"Mary","last":"Breuer"},"location":{"street":{"number":2850,"name":"Raiffeisenstraße"},"city":"Rheda-Wiedenbrück","state":"Hessen","country":"Germany","postcode":21378,"coordinates":{"latitude":"-50.6318","longitude":"104.1252"},"timezone":{"offset":"-3:00","description":"Brazil, Buenos Aires, Georgetown"}},"email":"mary.breuer@example.com","login":{"uuid":"b1754cb6-25fc-45dc-b13b-a6b04c9d77b9","username":"sadmouse481","password":"columbia","salt":"w0Xt1Xnh","md5":"025d159782e75945fc6e090b5ff8675a","sha1":"0ec15802bac1a1c2b5992837625b6512fba55c5e","sha256":"fe5ab1a8abe4cbfb9d96b718b10ba6f3fcdf2ef6aa0eda579a003096fb8a40a5"},"dob":{"date":"1983-09-02T21:04:09.287Z","age":40},"registered":{"date":"2002-12-09T10:12:15.465Z","age":21},"phone":"0758-4475545","cell":"0174-9363111","id":{"name":"SVNR","value":"49 020983 B 707"},"picture":{"large":"https://randomuser.me/api/portraits/women/27.jpg","medium":"https://randomuser.me/api/portraits/med/women/27.jpg","thumbnail":"https://randomuser.me/api/portraits/thumb/women/27.jpg"},"nat":"DE"}],"info":{"seed":"b740630cb6ef8eac","results":1,"page":1,"version":"1.4"}} 
 </msg>
<msg time="2024-04-15T00:01:21.538850" level="INFO">/opt/hostedtoolcache/Python/3.12.2/x64/lib/python3.12/site-packages/urllib3/connectionpool.py:1103: InsecureRequestWarning: Unverified HTTPS request is being made to host 'randomuser.me'. Adding certificate verification is strongly advised. See: https://urllib3.readthedocs.io/en/latest/advanced-usage.html#tls-warnings
  warnings.warn(</msg>
<msg time="2024-04-15T00:01:21.538988" level="INFO">${response} = &lt;Response [200]&gt;</msg>
<var>${response}</var>
<arg>consultarAPI</arg>
<arg>/api</arg>
<doc>Sends a GET request on a previously created HTTP Session.</doc>
<status status="PASS" start="2024-04-15T00:01:21.460912" elapsed="0.078121"/>
</kw>
<kw name="Set Variable" owner="BuiltIn">
<msg time="2024-04-15T00:01:21.540093" level="INFO">${json_data} = {'results': [{'gender': 'female', 'name': {'title': 'Mrs', 'first': 'Mary', 'last': 'Breuer'}, 'location': {'street': {'number': 2850, 'name': 'Raiffeisenstraße'}, 'city': 'Rheda-Wiedenbrück', 'state'...</msg>
<var>${json_data}</var>
<arg>${response.json()}</arg>
<doc>Returns the given values which can then be assigned to a variables.</doc>
<status status="PASS" start="2024-04-15T00:01:21.539565" elapsed="0.000557"/>
</kw>
<kw name="Set Variable" owner="BuiltIn">
<msg time="2024-04-15T00:01:21.540814" level="INFO">${name_title} = Mrs</msg>
<var>${name_title}</var>
<arg>${json_data["results"][0]["name"]["title"]}</arg>
<doc>Returns the given values which can then be assigned to a variables.</doc>
<status status="PASS" start="2024-04-15T00:01:21.540429" elapsed="0.000409"/>
</kw>
<kw name="Create List" owner="BuiltIn">
<msg time="2024-04-15T00:01:21.541294" level="INFO">${allowed_titles} = ['Mr', 'Ms', 'Miss', 'Mrs', 'Madame', 'Monsieur']</msg>
<var>${allowed_titles}</var>
<arg>Mr</arg>
<arg>Ms</arg>
<arg>Miss</arg>
<arg>Mrs</arg>
<arg>Madame</arg>
<arg>Monsieur</arg>
<doc>Returns a list containing given items.</doc>
<status status="PASS" start="2024-04-15T00:01:21.541145" elapsed="0.000174"/>
</kw>
<kw name="List Should Contain Value" owner="Collections">
<msg time="2024-04-15T00:01:21.541795" level="INFO">False</msg>
<arg>${allowed_titles}</arg>
<arg>${name_title}</arg>
<doc>Fails if the ``value`` is not found from ``list``.</doc>
<status status="PASS" start="2024-04-15T00:01:21.541619" elapsed="0.000214"/>
</kw>
<kw name="Set Variable" owner="BuiltIn">
<msg time="2024-04-15T00:01:21.542508" level="INFO">${name_country} = DE</msg>
<var>${name_country}</var>
<arg>${json_data["results"][0]["nat"]}</arg>
<doc>Returns the given values which can then be assigned to a variables.</doc>
<status status="PASS" start="2024-04-15T00:01:21.542122" elapsed="0.000411"/>
</kw>
<kw name="Create List" owner="BuiltIn">
<msg time="2024-04-15T00:01:21.543472" level="INFO">${list_country} = ['AD', 'AE', 'AF', 'AG', 'AI', 'AL', 'AM', 'AO', 'AQ', 'AR', 'AS', 'AT', 'AU', 'AW', 'AX', 'AZ', 'BA', 'BB', 'BD', 'BE', 'BF', 'BG', 'BH', 'BI', 'BJ', 'BL', 'BM', 'BN', 'BO', 'BQ', 'BR', 'BS', 'BT', '...</msg>
<var>${list_country}</var>
<arg>AD</arg>
<arg>AE</arg>
<arg>AF</arg>
<arg>AG</arg>
<arg>AI</arg>
<arg>AL</arg>
<arg>AM</arg>
<arg>AO</arg>
<arg>AQ</arg>
<arg>AR</arg>
<arg>AS</arg>
<arg>AT</arg>
<arg>AU</arg>
<arg>AW</arg>
<arg>AX</arg>
<arg>AZ</arg>
<arg>BA</arg>
<arg>BB</arg>
<arg>BD</arg>
<arg>BE</arg>
<arg>BF</arg>
<arg>BG</arg>
<arg>BH</arg>
<arg>BI</arg>
<arg>BJ</arg>
<arg>BL</arg>
<arg>BM</arg>
<arg>BN</arg>
<arg>BO</arg>
<arg>BQ</arg>
<arg>BR</arg>
<arg>BS</arg>
<arg>BT</arg>
<arg>BV</arg>
<arg>BW</arg>
<arg>BY</arg>
<arg>BZ</arg>
<arg>CA</arg>
<arg>CC</arg>
<arg>CD</arg>
<arg>CF</arg>
<arg>CG</arg>
<arg>CH</arg>
<arg>CI</arg>
<arg>CK</arg>
<arg>CL</arg>
<arg>CM</arg>
<arg>CN</arg>
<arg>CO</arg>
<arg>CR</arg>
<arg>CU</arg>
<arg>CV</arg>
<arg>CW</arg>
<arg>CX</arg>
<arg>CY</arg>
<arg>CZ</arg>
<arg>DE</arg>
<arg>DJ</arg>
<arg>DK</arg>
<arg>DM</arg>
<arg>DO</arg>
<arg>DZ</arg>
<arg>EC</arg>
<arg>EE</arg>
<arg>EG</arg>
<arg>EH</arg>
<arg>ER</arg>
<arg>ES</arg>
<arg>ET</arg>
<arg>FI</arg>
<arg>FJ</arg>
<arg>FK</arg>
<arg>FM</arg>
<arg>FO</arg>
<arg>FR</arg>
<arg>GA</arg>
<arg>GB</arg>
<arg>GD</arg>
<arg>GE</arg>
<arg>GF</arg>
<arg>GG</arg>
<arg>GH</arg>
<arg>GI</arg>
<arg>GL</arg>
<arg>GM</arg>
<arg>GN</arg>
<arg>GP</arg>
<arg>GQ</arg>
<arg>GR</arg>
<arg>GS</arg>
<arg>GT</arg>
<arg>GU</arg>
<arg>GW</arg>
<arg>GY</arg>
<arg>HK</arg>
<arg>HM</arg>
<arg>HN</arg>
<arg>HR</arg>
<arg>HT</arg>
<arg>HU</arg>
<arg>ID</arg>
<arg>IE</arg>
<arg>IL</arg>
<arg>IM</arg>
<arg>IN</arg>
<arg>IO</arg>
<arg>IQ</arg>
<arg>IR</arg>
<arg>IS</arg>
<arg>IT</arg>
<arg>JE</arg>
<arg>JM</arg>
<arg>JO</arg>
<arg>JP</arg>
<arg>KE</arg>
<arg>KG</arg>
<arg>KH</arg>
<arg>KI</arg>
<arg>KM</arg>
<arg>KN</arg>
<arg>KP</arg>
<arg>KR</arg>
<arg>KW</arg>
<arg>KY</arg>
<arg>KZ</arg>
<arg>LA</arg>
<arg>LB</arg>
<arg>LC</arg>
<arg>LI</arg>
<arg>LK</arg>
<arg>LR</arg>
<arg>LS</arg>
<arg>LT</arg>
<arg>LU</arg>
<arg>LV</arg>
<arg>LY</arg>
<arg>MA</arg>
<arg>MC</arg>
<arg>MD</arg>
<arg>ME</arg>
<arg>MF</arg>
<arg>MG</arg>
<arg>MH</arg>
<arg>MK</arg>
<arg>ML</arg>
<arg>MM</arg>
<arg>MN</arg>
<arg>MO</arg>
<arg>MP</arg>
<arg>MQ</arg>
<arg>MR</arg>
<arg>MS</arg>
<arg>MT</arg>
<arg>MU</arg>
<arg>MV</arg>
<arg>MW</arg>
<arg>MX</arg>
<arg>MY</arg>
<arg>MZ</arg>
<arg>NA</arg>
<arg>NC</arg>
<arg>NE</arg>
<arg>NF</arg>
<arg>NG</arg>
<arg>NI</arg>
<arg>NL</arg>
<arg>NO</arg>
<arg>NP</arg>
<arg>NR</arg>
<arg>NU</arg>
<arg>NZ</arg>
<arg>OM</arg>
<arg>PA</arg>
<arg>PE</arg>
<arg>PF</arg>
<arg>PG</arg>
<arg>PH</arg>
<arg>PK</arg>
<arg>PL</arg>
<arg>PM</arg>
<arg>PN</arg>
<arg>PR</arg>
<arg>PS</arg>
<arg>PT</arg>
<arg>PW</arg>
<arg>PY</arg>
<arg>QA</arg>
<arg>RE</arg>
<arg>RO</arg>
<arg>RS</arg>
<arg>RU</arg>
<arg>RW</arg>
<arg>SA</arg>
<arg>SB</arg>
<arg>SC</arg>
<arg>SD</arg>
<arg>SE</arg>
<arg>SG</arg>
<arg>SH</arg>
<arg>SI</arg>
<arg>SJ</arg>
<arg>SK</arg>
<arg>SL</arg>
<arg>SM</arg>
<arg>SN</arg>
<arg>SO</arg>
<arg>SR</arg>
<arg>SS</arg>
<arg>ST</arg>
<arg>SV</arg>
<arg>SX</arg>
<arg>SY</arg>
<arg>SZ</arg>
<arg>TC</arg>
<arg>TD</arg>
<arg>TF</arg>
<arg>TG</arg>
<arg>TH</arg>
<arg>TJ</arg>
<arg>TK</arg>
<arg>TL</arg>
<arg>TM</arg>
<arg>TN</arg>
<arg>TO</arg>
<arg>TR</arg>
<arg>TT</arg>
<arg>TV</arg>
<arg>TW</arg>
<arg>TZ</arg>
<arg>UA</arg>
<arg>UG</arg>
<arg>UM</arg>
<arg>US</arg>
<arg>UY</arg>
<arg>UZ</arg>
<arg>VA</arg>
<arg>VC</arg>
<arg>VE</arg>
<arg>VG</arg>
<arg>VI</arg>
<arg>VN</arg>
<arg>VU</arg>
<arg>WF</arg>
<arg>WS</arg>
<arg>XK</arg>
<arg>YE</arg>
<arg>YT</arg>
<arg>ZA</arg>
<arg>ZM</arg>
<arg>ZW</arg>
<doc>Returns a list containing given items.</doc>
<status status="PASS" start="2024-04-15T00:01:21.542876" elapsed="0.000621"/>
</kw>
<kw name="List Should Contain Value" owner="Collections">
<msg time="2024-04-15T00:01:21.544487" level="INFO">False</msg>
<arg>${list_country}</arg>
<arg>${name_country}</arg>
<doc>Fails if the ``value`` is not found from ``list``.</doc>
<status status="PASS" start="2024-04-15T00:01:21.544287" elapsed="0.000236"/>
</kw>
<kw name="Run Keyword If" owner="BuiltIn">
<kw name="Should Be True" owner="BuiltIn">
<arg>${True}</arg>
<doc>Fails if the given condition is not true.</doc>
<status status="PASS" start="2024-04-15T00:01:21.545744" elapsed="0.000148"/>
</kw>
<arg>${json_data["results"][0]["location"]["coordinates"]["latitude"]} &gt;= -90 and ${json_data["results"][0]["location"]["coordinates"]["latitude"]} &lt;= 90</arg>
<arg>Should Be True</arg>
<arg>${True}</arg>
<doc>Runs the given keyword with the given arguments, if ``condition`` is true.</doc>
<status status="PASS" start="2024-04-15T00:01:21.544837" elapsed="0.001184"/>
</kw>
<kw name="Run Keyword If" owner="BuiltIn">
<kw name="Should Be True" owner="BuiltIn">
<arg>${True}</arg>
<doc>Fails if the given condition is not true.</doc>
<status status="PASS" start="2024-04-15T00:01:21.546935" elapsed="0.000140"/>
</kw>
<arg>${json_data["results"][0]["location"]["coordinates"]["longitude"]} &gt;= -180 and ${json_data["results"][0]["location"]["coordinates"]["longitude"]} &lt;= 180</arg>
<arg>Should Be True</arg>
<arg>${True}</arg>
<doc>Runs the given keyword with the given arguments, if ``condition`` is true.</doc>
<status status="PASS" start="2024-04-15T00:01:21.546210" elapsed="0.000992"/>
</kw>
<status status="PASS" start="2024-04-15T00:01:21.460681" elapsed="0.086655"/>
</kw>
<doc>Testa o conteúdo específico dos campos retornados pela API.</doc>
<tag>testeConteudo</tag>
<status status="PASS" start="2024-04-15T00:01:21.460207" elapsed="0.087288"/>
</test>
<status status="PASS" start="2024-04-15T00:01:20.546790" elapsed="1.002649"/>
</suite>
<status status="PASS" start="2024-04-15T00:01:20.532852" elapsed="1.021992"/>
</suite>
<statistics>
<total>
<stat pass="5" fail="0" skip="0">All Tests</stat>
</total>
<tag>
<stat pass="1" fail="0" skip="0">testeConteudo</stat>
<stat pass="1" fail="0" skip="0">testeEstruturaResposta</stat>
<stat pass="1" fail="0" skip="0">testeRequisicaoBasica</stat>
<stat pass="1" fail="0" skip="0">testeTiposDados</stat>
</tag>
<suite>
<stat pass="5" fail="0" skip="0" id="s1" name="Tests">Tests</stat>
<stat pass="5" fail="0" skip="0" id="s1-s1" name="Random-User-Test">Tests.Random-User-Test</stat>
</suite>
</statistics>
<errors>
</errors>
</robot>
