<?xml version="1.0" encoding="UTF-8"?>
<robot generator="Robot 7.0 (Python 3.12.3 on linux)" generated="2024-04-30T17:12:44.514239" rpa="false" schemaversion="5">
<suite id="s1" name="Tests" source="/home/runner/work/DesafioQAItauRogerioJordao/DesafioQAItauRogerioJordao/RamdonUser/tests">
<suite id="s1-s1" name="Random-User-Test" source="/home/runner/work/DesafioQAItauRogerioJordao/DesafioQAItauRogerioJordao/RamdonUser/tests/random-user-test.robot">
<test id="s1-s1-t1" name="Conectar" line="13">
<kw name="Conectar API" owner="random-user-service">
<kw name="Create Session" owner="RequestsLibrary">
<msg time="2024-04-30T17:12:44.900336" level="INFO">Creating Session using : alias=consultarAPI, url=https://randomuser.me/, headers={},                     cookies={}, auth=None, timeout=None, proxies=None, verify=False,                     debug=0 </msg>
<arg>consultarAPI</arg>
<arg>${URL}</arg>
<doc>Create Session: create a HTTP session to a server</doc>
<status status="PASS" start="2024-04-30T17:12:44.900136" elapsed="0.000385"/>
</kw>
<status status="PASS" start="2024-04-30T17:12:44.899113" elapsed="0.001779"/>
</kw>
<status status="PASS" start="2024-04-30T17:12:44.898562" elapsed="0.002524"/>
</test>
<test id="s1-s1-t2" name="Validar retorno 200 e JSON Válido" line="16">
<kw name="Teste de Requisicao Basica" owner="random-user-service">
<kw name="GET On Session" owner="RequestsLibrary">
<msg time="2024-04-30T17:12:45.288523" level="INFO">GET Request : url=https://randomuser.me/api 
 path_url=/api 
 headers={'User-Agent': 'python-requests/2.31.0', 'Accept-Encoding': 'gzip, deflate', 'Accept': '*/*', 'Connection': 'keep-alive'} 
 body=None 
 </msg>
<msg time="2024-04-30T17:12:45.288673" level="INFO">GET Response : url=https://randomuser.me/api 
 status=200, reason=OK 
 headers={'Date': 'Tue, 30 Apr 2024 17:12:45 GMT', 'Content-Type': 'application/json; charset=utf-8', 'Transfer-Encoding': 'chunked', 'Connection': 'keep-alive', 'X-Powered-By': 'Express', 'Access-Control-Allow-Origin': '*', 'Cache-Control': 'no-cache', 'ETag': 'W/"496-JX7yaco+TmsUORtiETr+wD+LoLg"', 'Vary': 'Accept-Encoding', 'Content-Encoding': 'gzip', 'CF-Cache-Status': 'DYNAMIC', 'Report-To': '{"endpoints":[{"url":"https:\\/\\/a.nel.cloudflare.com\\/report\\/v4?s=UkuD%2FCkKBR%2F%2FfS7YNa3dDH4J4JdGI3WHlKjAyZiJm%2FD6nsWeC2I68%2BBOA4C05tqDPihFBToXv%2Bsv8sgaoDYowdMmtdefGwtRkhm7v6i5W%2B9cfTrHiWkpALqrcpZ05lTz"}],"group":"cf-nel","max_age":604800}', 'NEL': '{"success_fraction":0,"report_to":"cf-nel","max_age":604800}', 'Server': 'cloudflare', 'CF-RAY': '87c92890f8db1510-LAX', 'alt-svc': 'h3=":443"; ma=86400'} 
 body={"results":[{"gender":"male","name":{"title":"Mr","first":"Blake","last":"Barnes"},"location":{"street":{"number":6409,"name":"Richmond Road"},"city":"Stevenage","state":"Herefordshire","country":"United Kingdom","postcode":"Z8 4FS","coordinates":{"latitude":"-4.7942","longitude":"-96.0413"},"timezone":{"offset":"-1:00","description":"Azores, Cape Verde Islands"}},"email":"blake.barnes@example.com","login":{"uuid":"106aac74-f4b8-445e-affe-7212d6895ba5","username":"yellowtiger543","password":"village","salt":"7rRHrv3Q","md5":"616a9c760a4efa928869a77d8d5e4e71","sha1":"65fe7b8b2fbfb6bada21ec0e92accd8a5851b664","sha256":"8f42ff2ef10d3bc41891187038c118dbc93598389e36482d9be009ec214014a3"},"dob":{"date":"1953-02-12T14:29:55.411Z","age":71},"registered":{"date":"2004-03-14T15:56:19.941Z","age":20},"phone":"016974 98363","cell":"07576 568468","id":{"name":"NINO","value":"JG 18 90 44 W"},"picture":{"large":"https://randomuser.me/api/portraits/men/17.jpg","medium":"https://randomuser.me/api/portraits/med/men/17.jpg","thumbnail":"https://randomuser.me/api/portraits/thumb/men/17.jpg"},"nat":"GB"}],"info":{"seed":"adcbc5448bcd07f0","results":1,"page":1,"version":"1.4"}} 
 </msg>
<msg time="2024-04-30T17:12:45.288757" level="INFO">/opt/hostedtoolcache/Python/3.12.3/x64/lib/python3.12/site-packages/urllib3/connectionpool.py:1103: InsecureRequestWarning: Unverified HTTPS request is being made to host 'randomuser.me'. Adding certificate verification is strongly advised. See: https://urllib3.readthedocs.io/en/latest/advanced-usage.html#tls-warnings
  warnings.warn(</msg>
<msg time="2024-04-30T17:12:45.288924" level="INFO">${response} = &lt;Response [200]&gt;</msg>
<var>${response}</var>
<arg>consultarAPI</arg>
<arg>/api</arg>
<doc>Sends a GET request on a previously created HTTP Session.</doc>
<status status="PASS" start="2024-04-30T17:12:44.903648" elapsed="0.385321"/>
</kw>
<kw name="Should Be Equal As Numbers" owner="BuiltIn">
<msg time="2024-04-30T17:12:45.289987" level="INFO">Argument types are:
&lt;class 'int'&gt;
&lt;class 'str'&gt;</msg>
<arg>${response.status_code}</arg>
<arg>200</arg>
<doc>Fails if objects are unequal after converting them to real numbers.</doc>
<status status="PASS" start="2024-04-30T17:12:45.289523" elapsed="0.000529"/>
</kw>
<kw name="Log" owner="BuiltIn">
<msg time="2024-04-30T17:12:45.290742" level="INFO">200</msg>
<arg>${response.status_code}</arg>
<doc>Logs the given message with the given level.</doc>
<status status="PASS" start="2024-04-30T17:12:45.290397" elapsed="0.000385"/>
</kw>
<kw name="Set Variable" owner="BuiltIn">
<msg time="2024-04-30T17:12:45.291505" level="INFO">${json_data} = {'results': [{'gender': 'male', 'name': {'title': 'Mr', 'first': 'Blake', 'last': 'Barnes'}, 'location': {'street': {'number': 6409, 'name': 'Richmond Road'}, 'city': 'Stevenage', 'state': 'Herefordsh...</msg>
<var>${json_data}</var>
<arg>${response.json()}</arg>
<doc>Returns the given values which can then be assigned to a variables.</doc>
<status status="PASS" start="2024-04-30T17:12:45.291080" elapsed="0.000453"/>
</kw>
<kw name="Dictionary Should Contain Key" owner="Collections">
<msg time="2024-04-30T17:12:45.292032" level="INFO">False</msg>
<arg>${json_data}</arg>
<arg>results</arg>
<doc>Fails if ``key`` is not found from ``dictionary``.</doc>
<status status="PASS" start="2024-04-30T17:12:45.291853" elapsed="0.000223"/>
</kw>
<status status="PASS" start="2024-04-30T17:12:44.903409" elapsed="0.388923"/>
</kw>
<doc>Testa se a API responde corretamente e retorna um objeto JSON válido.</doc>
<tag>testeRequisicaoBasica</tag>
<status status="PASS" start="2024-04-30T17:12:44.902958" elapsed="0.389560"/>
</test>
<test id="s1-s1-t3" name="Validar estrutura de resposta" line="22">
<kw name="Teste de Estrutura de Resposta" owner="random-user-service">
<kw name="GET On Session" owner="RequestsLibrary">
<msg time="2024-04-30T17:12:45.408054" level="INFO">GET Request : url=https://randomuser.me/api 
 path_url=/api 
 headers={'User-Agent': 'python-requests/2.31.0', 'Accept-Encoding': 'gzip, deflate', 'Accept': '*/*', 'Connection': 'keep-alive'} 
 body=None 
 </msg>
<msg time="2024-04-30T17:12:45.408166" level="INFO">GET Response : url=https://randomuser.me/api 
 status=200, reason=OK 
 headers={'Date': 'Tue, 30 Apr 2024 17:12:45 GMT', 'Content-Type': 'application/json; charset=utf-8', 'Transfer-Encoding': 'chunked', 'Connection': 'keep-alive', 'X-Powered-By': 'Express', 'Access-Control-Allow-Origin': '*', 'Cache-Control': 'no-cache', 'ETag': 'W/"4a3-/DRb798kgxGp4QLa7okv8zybTbM"', 'Vary': 'Accept-Encoding', 'Content-Encoding': 'gzip', 'CF-Cache-Status': 'DYNAMIC', 'Report-To': '{"endpoints":[{"url":"https:\\/\\/a.nel.cloudflare.com\\/report\\/v4?s=uOvUMI6EoawtHgeAvxqGMUH81OQr%2FQV79uWzKpbh4uEOV5pZ0zGv9qPb09G7frJYMXapSUjURUQ53unnQ6aP6moSQSfkkSVLT3JhaGleiOV6TSP15uc3aQmjd4lWhvcy"}],"group":"cf-nel","max_age":604800}', 'NEL': '{"success_fraction":0,"report_to":"cf-nel","max_age":604800}', 'Server': 'cloudflare', 'CF-RAY': '87c928931b941510-LAX', 'alt-svc': 'h3=":443"; ma=86400'} 
 body={"results":[{"gender":"female","name":{"title":"Miss","first":"Lilou","last":"Lefevre"},"location":{"street":{"number":515,"name":"Rue des Chartreux"},"city":"Nîmes","state":"Vienne","country":"France","postcode":56223,"coordinates":{"latitude":"-18.4457","longitude":"98.6182"},"timezone":{"offset":"+11:00","description":"Magadan, Solomon Islands, New Caledonia"}},"email":"lilou.lefevre@example.com","login":{"uuid":"883f0baf-80b4-49c7-b6b4-11bd196263af","username":"brownbutterfly184","password":"qiong","salt":"cStKUBDA","md5":"d90b5a552a458c7c563e55e6d050547c","sha1":"94d26c872e22065e0f4c8d58f2e1d0e909bac4f2","sha256":"99fba6c9dde825c1c970de738a8e943450368878d45ea9de5129ba5f56f3cd04"},"dob":{"date":"1984-12-14T11:04:58.387Z","age":39},"registered":{"date":"2019-03-16T11:57:11.420Z","age":5},"phone":"04-41-42-69-45","cell":"06-78-70-19-34","id":{"name":"INSEE","value":"2841175470232 70"},"picture":{"large":"https://randomuser.me/api/portraits/women/7.jpg","medium":"https://randomuser.me/api/portraits/med/women/7.jpg","thumbnail":"https://randomuser.me/api/portraits/thumb/women/7.jpg"},"nat":"FR"}],"info":{"seed":"5dd1f07b16ea70d2","results":1,"page":1,"version":"1.4"}} 
 </msg>
<msg time="2024-04-30T17:12:45.408318" level="INFO">/opt/hostedtoolcache/Python/3.12.3/x64/lib/python3.12/site-packages/urllib3/connectionpool.py:1103: InsecureRequestWarning: Unverified HTTPS request is being made to host 'randomuser.me'. Adding certificate verification is strongly advised. See: https://urllib3.readthedocs.io/en/latest/advanced-usage.html#tls-warnings
  warnings.warn(</msg>
<msg time="2024-04-30T17:12:45.408469" level="INFO">${response} = &lt;Response [200]&gt;</msg>
<var>${response}</var>
<arg>consultarAPI</arg>
<arg>/api</arg>
<doc>Sends a GET request on a previously created HTTP Session.</doc>
<status status="PASS" start="2024-04-30T17:12:45.295184" elapsed="0.113334"/>
</kw>
<kw name="Set Variable" owner="BuiltIn">
<msg time="2024-04-30T17:12:45.409714" level="INFO">${json_data} = {'results': [{'gender': 'female', 'name': {'title': 'Miss', 'first': 'Lilou', 'last': 'Lefevre'}, 'location': {'street': {'number': 515, 'name': 'Rue des Chartreux'}, 'city': 'Nîmes', 'state': 'Vienne...</msg>
<var>${json_data}</var>
<arg>${response.json()}</arg>
<doc>Returns the given values which can then be assigned to a variables.</doc>
<status status="PASS" start="2024-04-30T17:12:45.409130" elapsed="0.000613"/>
</kw>
<kw name="Log" owner="BuiltIn">
<msg time="2024-04-30T17:12:45.410212" level="INFO">{'results': [{'gender': 'female', 'name': {'title': 'Miss', 'first': 'Lilou', 'last': 'Lefevre'}, 'location': {'street': {'number': 515, 'name': 'Rue des Chartreux'}, 'city': 'Nîmes', 'state': 'Vienne', 'country': 'France', 'postcode': 56223, 'coordinates': {'latitude': '-18.4457', 'longitude': '98.6182'}, 'timezone': {'offset': '+11:00', 'description': 'Magadan, Solomon Islands, New Caledonia'}}, 'email': 'lilou.lefevre@example.com', 'login': {'uuid': '883f0baf-80b4-49c7-b6b4-11bd196263af', 'username': 'brownbutterfly184', 'password': 'qiong', 'salt': 'cStKUBDA', 'md5': 'd90b5a552a458c7c563e55e6d050547c', 'sha1': '94d26c872e22065e0f4c8d58f2e1d0e909bac4f2', 'sha256': '99fba6c9dde825c1c970de738a8e943450368878d45ea9de5129ba5f56f3cd04'}, 'dob': {'date': '1984-12-14T11:04:58.387Z', 'age': 39}, 'registered': {'date': '2019-03-16T11:57:11.420Z', 'age': 5}, 'phone': '04-41-42-69-45', 'cell': '06-78-70-19-34', 'id': {'name': 'INSEE', 'value': '2841175470232 70'}, 'picture': {'large': 'https://randomuser.me/api/portraits/women/7.jpg', 'medium': 'https://randomuser.me/api/portraits/med/women/7.jpg', 'thumbnail': 'https://randomuser.me/api/portraits/thumb/women/7.jpg'}, 'nat': 'FR'}], 'info': {'seed': '5dd1f07b16ea70d2', 'results': 1, 'page': 1, 'version': '1.4'}}</msg>
<arg>${json_data}</arg>
<doc>Logs the given message with the given level.</doc>
<status status="PASS" start="2024-04-30T17:12:45.410052" elapsed="0.000209"/>
</kw>
<kw name="Dictionary Should Contain Key" owner="Collections">
<msg time="2024-04-30T17:12:45.410717" level="INFO">False</msg>
<arg>${json_data}</arg>
<arg>results</arg>
<doc>Fails if ``key`` is not found from ``dictionary``.</doc>
<status status="PASS" start="2024-04-30T17:12:45.410560" elapsed="0.000194"/>
</kw>
<kw name="Should Not Be Empty" owner="BuiltIn">
<msg time="2024-04-30T17:12:45.411172" level="INFO">Length is 2.</msg>
<arg>${json_data}</arg>
<doc>Verifies that the given item is not empty.</doc>
<status status="PASS" start="2024-04-30T17:12:45.411040" elapsed="0.000328"/>
</kw>
<kw name="Create List" owner="BuiltIn">
<msg time="2024-04-30T17:12:45.411801" level="INFO">${expected_keys} = ['gender', 'name', 'location', 'email', 'login']</msg>
<var>${expected_keys}</var>
<arg>gender</arg>
<arg>name</arg>
<arg>location</arg>
<arg>email</arg>
<arg>login</arg>
<doc>Returns a list containing given items.</doc>
<status status="PASS" start="2024-04-30T17:12:45.411657" elapsed="0.000194"/>
</kw>
<for flavor="IN">
<iter>
<kw name="Dictionary Should Contain Key" owner="Collections">
<msg time="2024-04-30T17:12:45.412831" level="INFO">False</msg>
<arg>${json_data['results'][0]}</arg>
<arg>${key}</arg>
<doc>Fails if ``key`` is not found from ``dictionary``.</doc>
<status status="PASS" start="2024-04-30T17:12:45.412439" elapsed="0.000430"/>
</kw>
<kw name="Log" owner="BuiltIn">
<msg time="2024-04-30T17:12:45.413524" level="INFO">{'gender': 'female', 'name': {'title': 'Miss', 'first': 'Lilou', 'last': 'Lefevre'}, 'location': {'street': {'number': 515, 'name': 'Rue des Chartreux'}, 'city': 'Nîmes', 'state': 'Vienne', 'country': 'France', 'postcode': 56223, 'coordinates': {'latitude': '-18.4457', 'longitude': '98.6182'}, 'timezone': {'offset': '+11:00', 'description': 'Magadan, Solomon Islands, New Caledonia'}}, 'email': 'lilou.lefevre@example.com', 'login': {'uuid': '883f0baf-80b4-49c7-b6b4-11bd196263af', 'username': 'brownbutterfly184', 'password': 'qiong', 'salt': 'cStKUBDA', 'md5': 'd90b5a552a458c7c563e55e6d050547c', 'sha1': '94d26c872e22065e0f4c8d58f2e1d0e909bac4f2', 'sha256': '99fba6c9dde825c1c970de738a8e943450368878d45ea9de5129ba5f56f3cd04'}, 'dob': {'date': '1984-12-14T11:04:58.387Z', 'age': 39}, 'registered': {'date': '2019-03-16T11:57:11.420Z', 'age': 5}, 'phone': '04-41-42-69-45', 'cell': '06-78-70-19-34', 'id': {'name': 'INSEE', 'value': '2841175470232 70'}, 'picture': {'large': 'https://randomuser.me/api/portraits/women/7.jpg', 'medium': 'https://randomuser.me/api/portraits/med/women/7.jpg', 'thumbnail': 'https://randomuser.me/api/portraits/thumb/women/7.jpg'}, 'nat': 'FR'}</msg>
<arg>${json_data['results'][0]}</arg>
<doc>Logs the given message with the given level.</doc>
<status status="PASS" start="2024-04-30T17:12:45.413163" elapsed="0.000410"/>
</kw>
<kw name="Log" owner="BuiltIn">
<msg time="2024-04-30T17:12:45.413984" level="INFO">gender</msg>
<arg>${key}</arg>
<doc>Logs the given message with the given level.</doc>
<status status="PASS" start="2024-04-30T17:12:45.413859" elapsed="0.000160"/>
</kw>
<var name="${key}">gender</var>
<status status="PASS" start="2024-04-30T17:12:45.412316" elapsed="0.001912"/>
</iter>
<iter>
<kw name="Dictionary Should Contain Key" owner="Collections">
<msg time="2024-04-30T17:12:45.414898" level="INFO">False</msg>
<arg>${json_data['results'][0]}</arg>
<arg>${key}</arg>
<doc>Fails if ``key`` is not found from ``dictionary``.</doc>
<status status="PASS" start="2024-04-30T17:12:45.414522" elapsed="0.000414"/>
</kw>
<kw name="Log" owner="BuiltIn">
<msg time="2024-04-30T17:12:45.415621" level="INFO">{'gender': 'female', 'name': {'title': 'Miss', 'first': 'Lilou', 'last': 'Lefevre'}, 'location': {'street': {'number': 515, 'name': 'Rue des Chartreux'}, 'city': 'Nîmes', 'state': 'Vienne', 'country': 'France', 'postcode': 56223, 'coordinates': {'latitude': '-18.4457', 'longitude': '98.6182'}, 'timezone': {'offset': '+11:00', 'description': 'Magadan, Solomon Islands, New Caledonia'}}, 'email': 'lilou.lefevre@example.com', 'login': {'uuid': '883f0baf-80b4-49c7-b6b4-11bd196263af', 'username': 'brownbutterfly184', 'password': 'qiong', 'salt': 'cStKUBDA', 'md5': 'd90b5a552a458c7c563e55e6d050547c', 'sha1': '94d26c872e22065e0f4c8d58f2e1d0e909bac4f2', 'sha256': '99fba6c9dde825c1c970de738a8e943450368878d45ea9de5129ba5f56f3cd04'}, 'dob': {'date': '1984-12-14T11:04:58.387Z', 'age': 39}, 'registered': {'date': '2019-03-16T11:57:11.420Z', 'age': 5}, 'phone': '04-41-42-69-45', 'cell': '06-78-70-19-34', 'id': {'name': 'INSEE', 'value': '2841175470232 70'}, 'picture': {'large': 'https://randomuser.me/api/portraits/women/7.jpg', 'medium': 'https://randomuser.me/api/portraits/med/women/7.jpg', 'thumbnail': 'https://randomuser.me/api/portraits/thumb/women/7.jpg'}, 'nat': 'FR'}</msg>
<arg>${json_data['results'][0]}</arg>
<doc>Logs the given message with the given level.</doc>
<status status="PASS" start="2024-04-30T17:12:45.415256" elapsed="0.000413"/>
</kw>
<kw name="Log" owner="BuiltIn">
<msg time="2024-04-30T17:12:45.416117" level="INFO">name</msg>
<arg>${key}</arg>
<doc>Logs the given message with the given level.</doc>
<status status="PASS" start="2024-04-30T17:12:45.415992" elapsed="0.000161"/>
</kw>
<var name="${key}">name</var>
<status status="PASS" start="2024-04-30T17:12:45.414410" elapsed="0.001954"/>
</iter>
<iter>
<kw name="Dictionary Should Contain Key" owner="Collections">
<msg time="2024-04-30T17:12:45.417026" level="INFO">False</msg>
<arg>${json_data['results'][0]}</arg>
<arg>${key}</arg>
<doc>Fails if ``key`` is not found from ``dictionary``.</doc>
<status status="PASS" start="2024-04-30T17:12:45.416648" elapsed="0.000414"/>
</kw>
<kw name="Log" owner="BuiltIn">
<msg time="2024-04-30T17:12:45.417707" level="INFO">{'gender': 'female', 'name': {'title': 'Miss', 'first': 'Lilou', 'last': 'Lefevre'}, 'location': {'street': {'number': 515, 'name': 'Rue des Chartreux'}, 'city': 'Nîmes', 'state': 'Vienne', 'country': 'France', 'postcode': 56223, 'coordinates': {'latitude': '-18.4457', 'longitude': '98.6182'}, 'timezone': {'offset': '+11:00', 'description': 'Magadan, Solomon Islands, New Caledonia'}}, 'email': 'lilou.lefevre@example.com', 'login': {'uuid': '883f0baf-80b4-49c7-b6b4-11bd196263af', 'username': 'brownbutterfly184', 'password': 'qiong', 'salt': 'cStKUBDA', 'md5': 'd90b5a552a458c7c563e55e6d050547c', 'sha1': '94d26c872e22065e0f4c8d58f2e1d0e909bac4f2', 'sha256': '99fba6c9dde825c1c970de738a8e943450368878d45ea9de5129ba5f56f3cd04'}, 'dob': {'date': '1984-12-14T11:04:58.387Z', 'age': 39}, 'registered': {'date': '2019-03-16T11:57:11.420Z', 'age': 5}, 'phone': '04-41-42-69-45', 'cell': '06-78-70-19-34', 'id': {'name': 'INSEE', 'value': '2841175470232 70'}, 'picture': {'large': 'https://randomuser.me/api/portraits/women/7.jpg', 'medium': 'https://randomuser.me/api/portraits/med/women/7.jpg', 'thumbnail': 'https://randomuser.me/api/portraits/thumb/women/7.jpg'}, 'nat': 'FR'}</msg>
<arg>${json_data['results'][0]}</arg>
<doc>Logs the given message with the given level.</doc>
<status status="PASS" start="2024-04-30T17:12:45.417352" elapsed="0.000402"/>
</kw>
<kw name="Log" owner="BuiltIn">
<msg time="2024-04-30T17:12:45.418161" level="INFO">location</msg>
<arg>${key}</arg>
<doc>Logs the given message with the given level.</doc>
<status status="PASS" start="2024-04-30T17:12:45.418039" elapsed="0.000158"/>
</kw>
<var name="${key}">location</var>
<status status="PASS" start="2024-04-30T17:12:45.416539" elapsed="0.001865"/>
</iter>
<iter>
<kw name="Dictionary Should Contain Key" owner="Collections">
<msg time="2024-04-30T17:12:45.419058" level="INFO">False</msg>
<arg>${json_data['results'][0]}</arg>
<arg>${key}</arg>
<doc>Fails if ``key`` is not found from ``dictionary``.</doc>
<status status="PASS" start="2024-04-30T17:12:45.418678" elapsed="0.000417"/>
</kw>
<kw name="Log" owner="BuiltIn">
<msg time="2024-04-30T17:12:45.419740" level="INFO">{'gender': 'female', 'name': {'title': 'Miss', 'first': 'Lilou', 'last': 'Lefevre'}, 'location': {'street': {'number': 515, 'name': 'Rue des Chartreux'}, 'city': 'Nîmes', 'state': 'Vienne', 'country': 'France', 'postcode': 56223, 'coordinates': {'latitude': '-18.4457', 'longitude': '98.6182'}, 'timezone': {'offset': '+11:00', 'description': 'Magadan, Solomon Islands, New Caledonia'}}, 'email': 'lilou.lefevre@example.com', 'login': {'uuid': '883f0baf-80b4-49c7-b6b4-11bd196263af', 'username': 'brownbutterfly184', 'password': 'qiong', 'salt': 'cStKUBDA', 'md5': 'd90b5a552a458c7c563e55e6d050547c', 'sha1': '94d26c872e22065e0f4c8d58f2e1d0e909bac4f2', 'sha256': '99fba6c9dde825c1c970de738a8e943450368878d45ea9de5129ba5f56f3cd04'}, 'dob': {'date': '1984-12-14T11:04:58.387Z', 'age': 39}, 'registered': {'date': '2019-03-16T11:57:11.420Z', 'age': 5}, 'phone': '04-41-42-69-45', 'cell': '06-78-70-19-34', 'id': {'name': 'INSEE', 'value': '2841175470232 70'}, 'picture': {'large': 'https://randomuser.me/api/portraits/women/7.jpg', 'medium': 'https://randomuser.me/api/portraits/med/women/7.jpg', 'thumbnail': 'https://randomuser.me/api/portraits/thumb/women/7.jpg'}, 'nat': 'FR'}</msg>
<arg>${json_data['results'][0]}</arg>
<doc>Logs the given message with the given level.</doc>
<status status="PASS" start="2024-04-30T17:12:45.419387" elapsed="0.000400"/>
</kw>
<kw name="Log" owner="BuiltIn">
<msg time="2024-04-30T17:12:45.420234" level="INFO">email</msg>
<arg>${key}</arg>
<doc>Logs the given message with the given level.</doc>
<status status="PASS" start="2024-04-30T17:12:45.420108" elapsed="0.000164"/>
</kw>
<var name="${key}">email</var>
<status status="PASS" start="2024-04-30T17:12:45.418571" elapsed="0.001908"/>
</iter>
<iter>
<kw name="Dictionary Should Contain Key" owner="Collections">
<msg time="2024-04-30T17:12:45.421130" level="INFO">False</msg>
<arg>${json_data['results'][0]}</arg>
<arg>${key}</arg>
<doc>Fails if ``key`` is not found from ``dictionary``.</doc>
<status status="PASS" start="2024-04-30T17:12:45.420755" elapsed="0.000411"/>
</kw>
<kw name="Log" owner="BuiltIn">
<msg time="2024-04-30T17:12:45.421817" level="INFO">{'gender': 'female', 'name': {'title': 'Miss', 'first': 'Lilou', 'last': 'Lefevre'}, 'location': {'street': {'number': 515, 'name': 'Rue des Chartreux'}, 'city': 'Nîmes', 'state': 'Vienne', 'country': 'France', 'postcode': 56223, 'coordinates': {'latitude': '-18.4457', 'longitude': '98.6182'}, 'timezone': {'offset': '+11:00', 'description': 'Magadan, Solomon Islands, New Caledonia'}}, 'email': 'lilou.lefevre@example.com', 'login': {'uuid': '883f0baf-80b4-49c7-b6b4-11bd196263af', 'username': 'brownbutterfly184', 'password': 'qiong', 'salt': 'cStKUBDA', 'md5': 'd90b5a552a458c7c563e55e6d050547c', 'sha1': '94d26c872e22065e0f4c8d58f2e1d0e909bac4f2', 'sha256': '99fba6c9dde825c1c970de738a8e943450368878d45ea9de5129ba5f56f3cd04'}, 'dob': {'date': '1984-12-14T11:04:58.387Z', 'age': 39}, 'registered': {'date': '2019-03-16T11:57:11.420Z', 'age': 5}, 'phone': '04-41-42-69-45', 'cell': '06-78-70-19-34', 'id': {'name': 'INSEE', 'value': '2841175470232 70'}, 'picture': {'large': 'https://randomuser.me/api/portraits/women/7.jpg', 'medium': 'https://randomuser.me/api/portraits/med/women/7.jpg', 'thumbnail': 'https://randomuser.me/api/portraits/thumb/women/7.jpg'}, 'nat': 'FR'}</msg>
<arg>${json_data['results'][0]}</arg>
<doc>Logs the given message with the given level.</doc>
<status status="PASS" start="2024-04-30T17:12:45.421451" elapsed="0.000414"/>
</kw>
<kw name="Log" owner="BuiltIn">
<msg time="2024-04-30T17:12:45.422280" level="INFO">login</msg>
<arg>${key}</arg>
<doc>Logs the given message with the given level.</doc>
<status status="PASS" start="2024-04-30T17:12:45.422157" elapsed="0.000190"/>
</kw>
<var name="${key}">login</var>
<status status="PASS" start="2024-04-30T17:12:45.420648" elapsed="0.001915"/>
</iter>
<var>${key}</var>
<value>@{expected_keys}</value>
<status status="PASS" start="2024-04-30T17:12:45.412124" elapsed="0.010556"/>
</for>
<kw name="Create List" owner="BuiltIn">
<msg time="2024-04-30T17:12:45.423001" level="INFO">${expected_keysTwo} = ['username', 'password']</msg>
<var>${expected_keysTwo}</var>
<arg>username</arg>
<arg>password</arg>
<doc>Returns a list containing given items.</doc>
<status status="PASS" start="2024-04-30T17:12:45.422866" elapsed="0.000159"/>
</kw>
<for flavor="IN">
<iter>
<kw name="Dictionary Should Contain Key" owner="Collections">
<msg time="2024-04-30T17:12:45.423943" level="INFO">False</msg>
<arg>${json_data['results'][0]['login']}</arg>
<arg>${keyTwo}</arg>
<doc>Fails if ``key`` is not found from ``dictionary``.</doc>
<status status="PASS" start="2024-04-30T17:12:45.423515" elapsed="0.000475"/>
</kw>
<kw name="Dictionary Should Contain Key" owner="Collections">
<msg time="2024-04-30T17:12:45.424665" level="INFO">False</msg>
<arg>${json_data['results'][0]['login']}</arg>
<arg>${keyTwo}</arg>
<doc>Fails if ``key`` is not found from ``dictionary``.</doc>
<status status="PASS" start="2024-04-30T17:12:45.424284" elapsed="0.000418"/>
</kw>
<kw name="Log" owner="BuiltIn">
<msg time="2024-04-30T17:12:45.425111" level="INFO">username</msg>
<arg>${keyTwo}</arg>
<doc>Logs the given message with the given level.</doc>
<status status="PASS" start="2024-04-30T17:12:45.424987" elapsed="0.000165"/>
</kw>
<var name="${keyTwo}">username</var>
<status status="PASS" start="2024-04-30T17:12:45.423407" elapsed="0.001958"/>
</iter>
<iter>
<kw name="Dictionary Should Contain Key" owner="Collections">
<msg time="2024-04-30T17:12:45.426142" level="INFO">False</msg>
<arg>${json_data['results'][0]['login']}</arg>
<arg>${keyTwo}</arg>
<doc>Fails if ``key`` is not found from ``dictionary``.</doc>
<status status="PASS" start="2024-04-30T17:12:45.425677" elapsed="0.000505"/>
</kw>
<kw name="Dictionary Should Contain Key" owner="Collections">
<msg time="2024-04-30T17:12:45.426844" level="INFO">False</msg>
<arg>${json_data['results'][0]['login']}</arg>
<arg>${keyTwo}</arg>
<doc>Fails if ``key`` is not found from ``dictionary``.</doc>
<status status="PASS" start="2024-04-30T17:12:45.426473" elapsed="0.000406"/>
</kw>
<kw name="Log" owner="BuiltIn">
<msg time="2024-04-30T17:12:45.427284" level="INFO">password</msg>
<arg>${keyTwo}</arg>
<doc>Logs the given message with the given level.</doc>
<status status="PASS" start="2024-04-30T17:12:45.427162" elapsed="0.000158"/>
</kw>
<var name="${keyTwo}">password</var>
<status status="PASS" start="2024-04-30T17:12:45.425567" elapsed="0.001961"/>
</iter>
<var>${keyTwo}</var>
<value>@{expected_keysTwo}</value>
<status status="PASS" start="2024-04-30T17:12:45.423258" elapsed="0.004389"/>
</for>
<status status="PASS" start="2024-04-30T17:12:45.294941" elapsed="0.132844"/>
</kw>
<doc>Testa a estrutura da resposta da API.</doc>
<tag>testeEstruturaResposta</tag>
<status status="PASS" start="2024-04-30T17:12:45.294330" elapsed="0.133645"/>
</test>
<test id="s1-s1-t4" name="Validar tipos de dados" line="28">
<kw name="Teste de Tipos de Dados" owner="random-user-service">
<kw name="GET On Session" owner="RequestsLibrary">
<msg time="2024-04-30T17:12:45.527176" level="INFO">GET Request : url=https://randomuser.me/api 
 path_url=/api 
 headers={'User-Agent': 'python-requests/2.31.0', 'Accept-Encoding': 'gzip, deflate', 'Accept': '*/*', 'Connection': 'keep-alive'} 
 body=None 
 </msg>
<msg time="2024-04-30T17:12:45.527284" level="INFO">GET Response : url=https://randomuser.me/api 
 status=200, reason=OK 
 headers={'Date': 'Tue, 30 Apr 2024 17:12:45 GMT', 'Content-Type': 'application/json; charset=utf-8', 'Transfer-Encoding': 'chunked', 'Connection': 'keep-alive', 'X-Powered-By': 'Express', 'Access-Control-Allow-Origin': '*', 'Cache-Control': 'no-cache', 'ETag': 'W/"481-ELV0UOXVxqcRGQlAxzfFrBRqnlg"', 'Vary': 'Accept-Encoding', 'Content-Encoding': 'gzip', 'CF-Cache-Status': 'DYNAMIC', 'Report-To': '{"endpoints":[{"url":"https:\\/\\/a.nel.cloudflare.com\\/report\\/v4?s=fbzL7xj94ipaEEPK3UEM8acVgfqk%2FJUEnfs9dIO3mt0XccCXeHxvFEBjeRm61BdOkySZN9LTNpAOMpljztSva6qw6x1zc6hFpYywjGFrL1z7OgUNxwlWEho%2B91RdpG8r"}],"group":"cf-nel","max_age":604800}', 'NEL': '{"success_fraction":0,"report_to":"cf-nel","max_age":604800}', 'Server': 'cloudflare', 'CF-RAY': '87c92893fc731510-LAX', 'alt-svc': 'h3=":443"; ma=86400'} 
 body={"results":[{"gender":"male","name":{"title":"Mr","first":"Noa","last":"Skjetne"},"location":{"street":{"number":6196,"name":"Kristine Bonnevies vei"},"city":"Straume","state":"Rogaland","country":"Norway","postcode":"1360","coordinates":{"latitude":"41.4876","longitude":"-21.0964"},"timezone":{"offset":"-3:00","description":"Brazil, Buenos Aires, Georgetown"}},"email":"noa.skjetne@example.com","login":{"uuid":"bc597cab-a2d9-4def-81c5-c85098e978ab","username":"smallgoose793","password":"annika","salt":"MiZIZ60a","md5":"dc8e55748dbe36603bbf05d836620f6a","sha1":"73a3cfe516ba17d0e7a5aaa55037f887cc28bbc6","sha256":"03a4a16a1bfca653060870ccc01eb870358b6319976fdcb1d2cf87c6138cef3e"},"dob":{"date":"1976-04-02T11:43:02.419Z","age":48},"registered":{"date":"2009-09-11T12:05:06.011Z","age":14},"phone":"65864567","cell":"45060222","id":{"name":"FN","value":"02047624927"},"picture":{"large":"https://randomuser.me/api/portraits/men/3.jpg","medium":"https://randomuser.me/api/portraits/med/men/3.jpg","thumbnail":"https://randomuser.me/api/portraits/thumb/men/3.jpg"},"nat":"NO"}],"info":{"seed":"63ac7413212131bd","results":1,"page":1,"version":"1.4"}} 
 </msg>
<msg time="2024-04-30T17:12:45.527363" level="INFO">/opt/hostedtoolcache/Python/3.12.3/x64/lib/python3.12/site-packages/urllib3/connectionpool.py:1103: InsecureRequestWarning: Unverified HTTPS request is being made to host 'randomuser.me'. Adding certificate verification is strongly advised. See: https://urllib3.readthedocs.io/en/latest/advanced-usage.html#tls-warnings
  warnings.warn(</msg>
<msg time="2024-04-30T17:12:45.527503" level="INFO">${response} = &lt;Response [200]&gt;</msg>
<var>${response}</var>
<arg>consultarAPI</arg>
<arg>/api</arg>
<doc>Sends a GET request on a previously created HTTP Session.</doc>
<status status="PASS" start="2024-04-30T17:12:45.430511" elapsed="0.097040"/>
</kw>
<kw name="Set Variable" owner="BuiltIn">
<msg time="2024-04-30T17:12:45.528822" level="INFO">${json_data} = {'results': [{'gender': 'male', 'name': {'title': 'Mr', 'first': 'Noa', 'last': 'Skjetne'}, 'location': {'street': {'number': 6196, 'name': 'Kristine Bonnevies vei'}, 'city': 'Straume', 'state': 'Roga...</msg>
<var>${json_data}</var>
<arg>${response.json()}</arg>
<doc>Returns the given values which can then be assigned to a variables.</doc>
<status status="PASS" start="2024-04-30T17:12:45.528241" elapsed="0.000609"/>
</kw>
<kw name="Log" owner="BuiltIn">
<msg time="2024-04-30T17:12:45.529303" level="INFO">{'results': [{'gender': 'male', 'name': {'title': 'Mr', 'first': 'Noa', 'last': 'Skjetne'}, 'location': {'street': {'number': 6196, 'name': 'Kristine Bonnevies vei'}, 'city': 'Straume', 'state': 'Rogaland', 'country': 'Norway', 'postcode': '1360', 'coordinates': {'latitude': '41.4876', 'longitude': '-21.0964'}, 'timezone': {'offset': '-3:00', 'description': 'Brazil, Buenos Aires, Georgetown'}}, 'email': 'noa.skjetne@example.com', 'login': {'uuid': 'bc597cab-a2d9-4def-81c5-c85098e978ab', 'username': 'smallgoose793', 'password': 'annika', 'salt': 'MiZIZ60a', 'md5': 'dc8e55748dbe36603bbf05d836620f6a', 'sha1': '73a3cfe516ba17d0e7a5aaa55037f887cc28bbc6', 'sha256': '03a4a16a1bfca653060870ccc01eb870358b6319976fdcb1d2cf87c6138cef3e'}, 'dob': {'date': '1976-04-02T11:43:02.419Z', 'age': 48}, 'registered': {'date': '2009-09-11T12:05:06.011Z', 'age': 14}, 'phone': '65864567', 'cell': '45060222', 'id': {'name': 'FN', 'value': '02047624927'}, 'picture': {'large': 'https://randomuser.me/api/portraits/men/3.jpg', 'medium': 'https://randomuser.me/api/portraits/med/men/3.jpg', 'thumbnail': 'https://randomuser.me/api/portraits/thumb/men/3.jpg'}, 'nat': 'NO'}], 'info': {'seed': '63ac7413212131bd', 'results': 1, 'page': 1, 'version': '1.4'}}</msg>
<arg>${json_data}</arg>
<doc>Logs the given message with the given level.</doc>
<status status="PASS" start="2024-04-30T17:12:45.529151" elapsed="0.000246"/>
</kw>
<kw name="Should Be String" owner="String">
<arg>${json_data['results'][0]['gender']}</arg>
<doc>Fails if the given ``item`` is not a string.</doc>
<status status="PASS" start="2024-04-30T17:12:45.529692" elapsed="0.000360"/>
</kw>
<kw name="Should Match Regexp" owner="BuiltIn">
<arg>${json_data['results'][0]['email']}</arg>
<arg>^[a-zA-Z0-9._%+-]+@[a-zA-Z0-9.-]+\.[a-zA-Z]{2,}$</arg>
<doc>Fails if ``string`` does not match ``pattern`` as a regular expression.</doc>
<status status="PASS" start="2024-04-30T17:12:45.530241" elapsed="0.000511"/>
</kw>
<kw name="Should Match Regexp" owner="BuiltIn">
<arg>${json_data['results'][0]['dob']['date']}</arg>
<arg>\\d{4}-\\d{2}-\\d{2}T\\d{2}:\\d{2}:\\d{2}\\.\\d{3}Z</arg>
<doc>Fails if ``string`` does not match ``pattern`` as a regular expression.</doc>
<status status="PASS" start="2024-04-30T17:12:45.530945" elapsed="0.000477"/>
</kw>
<kw name="Should Match Regexp" owner="BuiltIn">
<arg>${json_data['results'][0]['registered']['date']}</arg>
<arg>\\d{4}-\\d{2}-\\d{2}T\\d{2}:\\d{2}:\\d{2}\\.\\d{3}Z</arg>
<doc>Fails if ``string`` does not match ``pattern`` as a regular expression.</doc>
<status status="PASS" start="2024-04-30T17:12:45.531611" elapsed="0.000410"/>
</kw>
<kw name="Should Match Regexp" owner="BuiltIn">
<arg>${json_data['results'][0]['picture']['large']}</arg>
<arg>^https?://.*\.(?:png|jpe?g|gif|bmp)$</arg>
<doc>Fails if ``string`` does not match ``pattern`` as a regular expression.</doc>
<status status="PASS" start="2024-04-30T17:12:45.532208" elapsed="0.000461"/>
</kw>
<kw name="Should Match Regexp" owner="BuiltIn">
<arg>${json_data['results'][0]['picture']['medium']}</arg>
<arg>^https?://.*\.(?:png|jpe?g|gif|bmp)$</arg>
<doc>Fails if ``string`` does not match ``pattern`` as a regular expression.</doc>
<status status="PASS" start="2024-04-30T17:12:45.532856" elapsed="0.000357"/>
</kw>
<kw name="Should Match Regexp" owner="BuiltIn">
<arg>${json_data['results'][0]['picture']['thumbnail']}</arg>
<arg>^https?://.*\.(?:png|jpe?g|gif|bmp)$</arg>
<doc>Fails if ``string`` does not match ``pattern`` as a regular expression.</doc>
<status status="PASS" start="2024-04-30T17:12:45.533400" elapsed="0.000350"/>
</kw>
<kw name="Log" owner="BuiltIn">
<msg time="2024-04-30T17:12:45.534244" level="INFO">{'large': 'https://randomuser.me/api/portraits/men/3.jpg', 'medium': 'https://randomuser.me/api/portraits/med/men/3.jpg', 'thumbnail': 'https://randomuser.me/api/portraits/thumb/men/3.jpg'}</msg>
<arg>${json_data['results'][0]['picture']}</arg>
<doc>Logs the given message with the given level.</doc>
<status status="PASS" start="2024-04-30T17:12:45.533928" elapsed="0.000355"/>
</kw>
<status status="PASS" start="2024-04-30T17:12:45.430284" elapsed="0.104254"/>
</kw>
<kw name="Teste de Tipos de Dados - Postcode" owner="random-user-service">
<kw name="GET On Session" owner="RequestsLibrary">
<msg time="2024-04-30T17:12:45.633362" level="INFO">GET Request : url=https://randomuser.me/api 
 path_url=/api 
 headers={'User-Agent': 'python-requests/2.31.0', 'Accept-Encoding': 'gzip, deflate', 'Accept': '*/*', 'Connection': 'keep-alive'} 
 body=None 
 </msg>
<msg time="2024-04-30T17:12:45.633470" level="INFO">GET Response : url=https://randomuser.me/api 
 status=200, reason=OK 
 headers={'Date': 'Tue, 30 Apr 2024 17:12:45 GMT', 'Content-Type': 'application/json; charset=utf-8', 'Transfer-Encoding': 'chunked', 'Connection': 'keep-alive', 'X-Powered-By': 'Express', 'Access-Control-Allow-Origin': '*', 'Cache-Control': 'no-cache', 'ETag': 'W/"475-mnos45ho8XapzqShfpSnI8un+bQ"', 'Vary': 'Accept-Encoding', 'Content-Encoding': 'gzip', 'CF-Cache-Status': 'DYNAMIC', 'Report-To': '{"endpoints":[{"url":"https:\\/\\/a.nel.cloudflare.com\\/report\\/v4?s=0f3wE9L%2BuAS3IY0vQq9ADHxuy%2BWkgbecxRki6GLq3ccIqzLvGgJmphNa4l1RRZYTVvRGEgVfWA%2FiqgZLoXm8WDWc1Lu5XSZO2ZuSU2gQJVxO5nZt4L71Mjj%2FbozvbYpU"}],"group":"cf-nel","max_age":604800}', 'NEL': '{"success_fraction":0,"report_to":"cf-nel","max_age":604800}', 'Server': 'cloudflare', 'CF-RAY': '87c928949d171510-LAX', 'alt-svc': 'h3=":443"; ma=86400'} 
 body={"results":[{"gender":"female","name":{"title":"Mrs","first":"Terry","last":"Sutton"},"location":{"street":{"number":831,"name":"Green Rd"},"city":"Mackay","state":"Northern Territory","country":"Australia","postcode":5209,"coordinates":{"latitude":"-82.2218","longitude":"62.6902"},"timezone":{"offset":"-9:00","description":"Alaska"}},"email":"terry.sutton@example.com","login":{"uuid":"ee911584-4af1-44fa-bfc5-02213c903f3e","username":"greenbear218","password":"robin","salt":"O8ht9P07","md5":"06e38864a87377a76d6b41b8951348b7","sha1":"2da8d1f787350d9ce68f03f1686dfb5767cfa7c3","sha256":"263e7b9c1064db2c7bb1070207cd4a74c9407dac20411a44d73a751a850bc8b6"},"dob":{"date":"1952-06-16T06:02:17.634Z","age":71},"registered":{"date":"2004-05-20T14:49:44.809Z","age":19},"phone":"07-5019-2842","cell":"0428-653-048","id":{"name":"TFN","value":"520479786"},"picture":{"large":"https://randomuser.me/api/portraits/women/19.jpg","medium":"https://randomuser.me/api/portraits/med/women/19.jpg","thumbnail":"https://randomuser.me/api/portraits/thumb/women/19.jpg"},"nat":"AU"}],"info":{"seed":"9ec5cbd1c70971c3","results":1,"page":1,"version":"1.4"}} 
 </msg>
<msg time="2024-04-30T17:12:45.633555" level="INFO">/opt/hostedtoolcache/Python/3.12.3/x64/lib/python3.12/site-packages/urllib3/connectionpool.py:1103: InsecureRequestWarning: Unverified HTTPS request is being made to host 'randomuser.me'. Adding certificate verification is strongly advised. See: https://urllib3.readthedocs.io/en/latest/advanced-usage.html#tls-warnings
  warnings.warn(</msg>
<msg time="2024-04-30T17:12:45.633697" level="INFO">${response} = &lt;Response [200]&gt;</msg>
<var>${response}</var>
<arg>consultarAPI</arg>
<arg>/api</arg>
<doc>Sends a GET request on a previously created HTTP Session.</doc>
<status status="PASS" start="2024-04-30T17:12:45.535003" elapsed="0.098747"/>
</kw>
<kw name="Set Variable" owner="BuiltIn">
<msg time="2024-04-30T17:12:45.635021" level="INFO">${json_data} = {'results': [{'gender': 'female', 'name': {'title': 'Mrs', 'first': 'Terry', 'last': 'Sutton'}, 'location': {'street': {'number': 831, 'name': 'Green Rd'}, 'city': 'Mackay', 'state': 'Northern Territo...</msg>
<var>${json_data}</var>
<arg>${response.json()}</arg>
<doc>Returns the given values which can then be assigned to a variables.</doc>
<status status="PASS" start="2024-04-30T17:12:45.634413" elapsed="0.000637"/>
</kw>
<kw name="Log" owner="BuiltIn">
<msg time="2024-04-30T17:12:45.635518" level="INFO">{'results': [{'gender': 'female', 'name': {'title': 'Mrs', 'first': 'Terry', 'last': 'Sutton'}, 'location': {'street': {'number': 831, 'name': 'Green Rd'}, 'city': 'Mackay', 'state': 'Northern Territory', 'country': 'Australia', 'postcode': 5209, 'coordinates': {'latitude': '-82.2218', 'longitude': '62.6902'}, 'timezone': {'offset': '-9:00', 'description': 'Alaska'}}, 'email': 'terry.sutton@example.com', 'login': {'uuid': 'ee911584-4af1-44fa-bfc5-02213c903f3e', 'username': 'greenbear218', 'password': 'robin', 'salt': 'O8ht9P07', 'md5': '06e38864a87377a76d6b41b8951348b7', 'sha1': '2da8d1f787350d9ce68f03f1686dfb5767cfa7c3', 'sha256': '263e7b9c1064db2c7bb1070207cd4a74c9407dac20411a44d73a751a850bc8b6'}, 'dob': {'date': '1952-06-16T06:02:17.634Z', 'age': 71}, 'registered': {'date': '2004-05-20T14:49:44.809Z', 'age': 19}, 'phone': '07-5019-2842', 'cell': '0428-653-048', 'id': {'name': 'TFN', 'value': '520479786'}, 'picture': {'large': 'https://randomuser.me/api/portraits/women/19.jpg', 'medium': 'https://randomuser.me/api/portraits/med/women/19.jpg', 'thumbnail': 'https://randomuser.me/api/portraits/thumb/women/19.jpg'}, 'nat': 'AU'}], 'info': {'seed': '9ec5cbd1c70971c3', 'results': 1, 'page': 1, 'version': '1.4'}}</msg>
<arg>${json_data}</arg>
<doc>Logs the given message with the given level.</doc>
<status status="PASS" start="2024-04-30T17:12:45.635366" elapsed="0.000231"/>
</kw>
<kw name="Should Be Equal As Numbers" owner="BuiltIn">
<arg>${json_data['results'][0]['location']['postcode']}</arg>
<arg>${json_data['results'][0]['location']['postcode']}</arg>
<doc>Fails if objects are unequal after converting them to real numbers.</doc>
<status status="PASS" start="2024-04-30T17:12:45.636126" elapsed="0.000620"/>
</kw>
<kw name="Log" owner="BuiltIn">
<msg time="2024-04-30T17:12:45.637267" level="INFO">5209</msg>
<arg>${json_data['results'][0]['location']['postcode']}</arg>
<doc>Logs the given message with the given level.</doc>
<status status="PASS" start="2024-04-30T17:12:45.636935" elapsed="0.000371"/>
</kw>
<status status="PASS" start="2024-04-30T17:12:45.534765" elapsed="0.102790"/>
</kw>
<doc>Testa se os tipos de dados na resposta da API estão corretos.</doc>
<tag>testeTiposDados</tag>
<status status="PASS" start="2024-04-30T17:12:45.429725" elapsed="0.207997"/>
</test>
<test id="s1-s1-t5" name="Validar conteudo" line="35">
<kw name="Teste de Tipos de Conteudo" owner="random-user-service">
<kw name="GET On Session" owner="RequestsLibrary">
<msg time="2024-04-30T17:12:45.749932" level="INFO">GET Request : url=https://randomuser.me/api 
 path_url=/api 
 headers={'User-Agent': 'python-requests/2.31.0', 'Accept-Encoding': 'gzip, deflate', 'Accept': '*/*', 'Connection': 'keep-alive'} 
 body=None 
 </msg>
<msg time="2024-04-30T17:12:45.750034" level="INFO">GET Response : url=https://randomuser.me/api 
 status=200, reason=OK 
 headers={'Date': 'Tue, 30 Apr 2024 17:12:45 GMT', 'Content-Type': 'application/json; charset=utf-8', 'Transfer-Encoding': 'chunked', 'Connection': 'keep-alive', 'X-Powered-By': 'Express', 'Access-Control-Allow-Origin': '*', 'Cache-Control': 'no-cache', 'ETag': 'W/"48b-lbVW/Lc7uLyZix7vb3exPpwJ/l0"', 'Vary': 'Accept-Encoding', 'Content-Encoding': 'gzip', 'CF-Cache-Status': 'DYNAMIC', 'Report-To': '{"endpoints":[{"url":"https:\\/\\/a.nel.cloudflare.com\\/report\\/v4?s=KVSyuocD%2FnhlZVSVbCk4EZoT4NTrALgKFtrwLuoFLGHkNvJQurPkfd6Cil0t5NP2SYwAAbjGfbvFgjietPhztH8xQ4nFkQp2uILhaEC6gYXhnCdIJ668Ybu%2BoMcIhNil"}],"group":"cf-nel","max_age":604800}', 'NEL': '{"success_fraction":0,"report_to":"cf-nel","max_age":604800}', 'Server': 'cloudflare', 'CF-RAY': '87c928954dd81510-LAX', 'alt-svc': 'h3=":443"; ma=86400'} 
 body={"results":[{"gender":"male","name":{"title":"Mr","first":"Thomas","last":"Dupuis"},"location":{"street":{"number":5760,"name":"Rue de Gerland"},"city":"Le Mans","state":"Yvelines","country":"France","postcode":37267,"coordinates":{"latitude":"-16.9872","longitude":"-72.5520"},"timezone":{"offset":"-12:00","description":"Eniwetok, Kwajalein"}},"email":"thomas.dupuis@example.com","login":{"uuid":"e40986f4-697a-4faa-a006-c5ba3b81e94a","username":"beautifulgorilla778","password":"6464","salt":"AJDQ0PNk","md5":"4e6ea696fed3942230d9a07ca70e975a","sha1":"983b039b0f279d3592006441bf17acd2fa68f0a3","sha256":"c42d81ac9700b915b3d9513ed57b6d2692f6a0103e0bcff895038167ea60cc7a"},"dob":{"date":"1965-01-18T22:40:02.608Z","age":59},"registered":{"date":"2016-10-13T20:46:24.890Z","age":7},"phone":"02-65-08-62-68","cell":"06-14-44-11-52","id":{"name":"INSEE","value":"1650076719206 97"},"picture":{"large":"https://randomuser.me/api/portraits/men/66.jpg","medium":"https://randomuser.me/api/portraits/med/men/66.jpg","thumbnail":"https://randomuser.me/api/portraits/thumb/men/66.jpg"},"nat":"FR"}],"info":{"seed":"80e3aa1477c57898","results":1,"page":1,"version":"1.4"}} 
 </msg>
<msg time="2024-04-30T17:12:45.750112" level="INFO">/opt/hostedtoolcache/Python/3.12.3/x64/lib/python3.12/site-packages/urllib3/connectionpool.py:1103: InsecureRequestWarning: Unverified HTTPS request is being made to host 'randomuser.me'. Adding certificate verification is strongly advised. See: https://urllib3.readthedocs.io/en/latest/advanced-usage.html#tls-warnings
  warnings.warn(</msg>
<msg time="2024-04-30T17:12:45.750240" level="INFO">${response} = &lt;Response [200]&gt;</msg>
<var>${response}</var>
<arg>consultarAPI</arg>
<arg>/api</arg>
<doc>Sends a GET request on a previously created HTTP Session.</doc>
<status status="PASS" start="2024-04-30T17:12:45.640268" elapsed="0.110012"/>
</kw>
<kw name="Set Variable" owner="BuiltIn">
<msg time="2024-04-30T17:12:45.751560" level="INFO">${json_data} = {'results': [{'gender': 'male', 'name': {'title': 'Mr', 'first': 'Thomas', 'last': 'Dupuis'}, 'location': {'street': {'number': 5760, 'name': 'Rue de Gerland'}, 'city': 'Le Mans', 'state': 'Yvelines',...</msg>
<var>${json_data}</var>
<arg>${response.json()}</arg>
<doc>Returns the given values which can then be assigned to a variables.</doc>
<status status="PASS" start="2024-04-30T17:12:45.750924" elapsed="0.000664"/>
</kw>
<kw name="Set Variable" owner="BuiltIn">
<msg time="2024-04-30T17:12:45.752321" level="INFO">${name_title} = Mr</msg>
<var>${name_title}</var>
<arg>${json_data["results"][0]["name"]["title"]}</arg>
<doc>Returns the given values which can then be assigned to a variables.</doc>
<status status="PASS" start="2024-04-30T17:12:45.751933" elapsed="0.000414"/>
</kw>
<kw name="Create List" owner="BuiltIn">
<msg time="2024-04-30T17:12:45.752791" level="INFO">${allowed_titles} = ['Mr', 'Ms', 'Miss', 'Mrs', 'Madame', 'Monsieur']</msg>
<var>${allowed_titles}</var>
<arg>Mr</arg>
<arg>Ms</arg>
<arg>Miss</arg>
<arg>Mrs</arg>
<arg>Madame</arg>
<arg>Monsieur</arg>
<doc>Returns a list containing given items.</doc>
<status status="PASS" start="2024-04-30T17:12:45.752645" elapsed="0.000170"/>
</kw>
<kw name="List Should Contain Value" owner="Collections">
<msg time="2024-04-30T17:12:45.753289" level="INFO">False</msg>
<arg>${allowed_titles}</arg>
<arg>${name_title}</arg>
<doc>Fails if the ``value`` is not found from ``list``.</doc>
<status status="PASS" start="2024-04-30T17:12:45.753117" elapsed="0.000208"/>
</kw>
<kw name="Set Variable" owner="BuiltIn">
<msg time="2024-04-30T17:12:45.753979" level="INFO">${name_country} = FR</msg>
<var>${name_country}</var>
<arg>${json_data["results"][0]["nat"]}</arg>
<doc>Returns the given values which can then be assigned to a variables.</doc>
<status status="PASS" start="2024-04-30T17:12:45.753604" elapsed="0.000400"/>
</kw>
<kw name="Create List" owner="BuiltIn">
<msg time="2024-04-30T17:12:45.754876" level="INFO">${list_country} = ['AD', 'AE', 'AF', 'AG', 'AI', 'AL', 'AM', 'AO', 'AQ', 'AR', 'AS', 'AT', 'AU', 'AW', 'AX', 'AZ', 'BA', 'BB', 'BD', 'BE', 'BF', 'BG', 'BH', 'BI', 'BJ', 'BL', 'BM', 'BN', 'BO', 'BQ', 'BR', 'BS', 'BT', '...</msg>
<var>${list_country}</var>
<arg>AD</arg>
<arg>AE</arg>
<arg>AF</arg>
<arg>AG</arg>
<arg>AI</arg>
<arg>AL</arg>
<arg>AM</arg>
<arg>AO</arg>
<arg>AQ</arg>
<arg>AR</arg>
<arg>AS</arg>
<arg>AT</arg>
<arg>AU</arg>
<arg>AW</arg>
<arg>AX</arg>
<arg>AZ</arg>
<arg>BA</arg>
<arg>BB</arg>
<arg>BD</arg>
<arg>BE</arg>
<arg>BF</arg>
<arg>BG</arg>
<arg>BH</arg>
<arg>BI</arg>
<arg>BJ</arg>
<arg>BL</arg>
<arg>BM</arg>
<arg>BN</arg>
<arg>BO</arg>
<arg>BQ</arg>
<arg>BR</arg>
<arg>BS</arg>
<arg>BT</arg>
<arg>BV</arg>
<arg>BW</arg>
<arg>BY</arg>
<arg>BZ</arg>
<arg>CA</arg>
<arg>CC</arg>
<arg>CD</arg>
<arg>CF</arg>
<arg>CG</arg>
<arg>CH</arg>
<arg>CI</arg>
<arg>CK</arg>
<arg>CL</arg>
<arg>CM</arg>
<arg>CN</arg>
<arg>CO</arg>
<arg>CR</arg>
<arg>CU</arg>
<arg>CV</arg>
<arg>CW</arg>
<arg>CX</arg>
<arg>CY</arg>
<arg>CZ</arg>
<arg>DE</arg>
<arg>DJ</arg>
<arg>DK</arg>
<arg>DM</arg>
<arg>DO</arg>
<arg>DZ</arg>
<arg>EC</arg>
<arg>EE</arg>
<arg>EG</arg>
<arg>EH</arg>
<arg>ER</arg>
<arg>ES</arg>
<arg>ET</arg>
<arg>FI</arg>
<arg>FJ</arg>
<arg>FK</arg>
<arg>FM</arg>
<arg>FO</arg>
<arg>FR</arg>
<arg>GA</arg>
<arg>GB</arg>
<arg>GD</arg>
<arg>GE</arg>
<arg>GF</arg>
<arg>GG</arg>
<arg>GH</arg>
<arg>GI</arg>
<arg>GL</arg>
<arg>GM</arg>
<arg>GN</arg>
<arg>GP</arg>
<arg>GQ</arg>
<arg>GR</arg>
<arg>GS</arg>
<arg>GT</arg>
<arg>GU</arg>
<arg>GW</arg>
<arg>GY</arg>
<arg>HK</arg>
<arg>HM</arg>
<arg>HN</arg>
<arg>HR</arg>
<arg>HT</arg>
<arg>HU</arg>
<arg>ID</arg>
<arg>IE</arg>
<arg>IL</arg>
<arg>IM</arg>
<arg>IN</arg>
<arg>IO</arg>
<arg>IQ</arg>
<arg>IR</arg>
<arg>IS</arg>
<arg>IT</arg>
<arg>JE</arg>
<arg>JM</arg>
<arg>JO</arg>
<arg>JP</arg>
<arg>KE</arg>
<arg>KG</arg>
<arg>KH</arg>
<arg>KI</arg>
<arg>KM</arg>
<arg>KN</arg>
<arg>KP</arg>
<arg>KR</arg>
<arg>KW</arg>
<arg>KY</arg>
<arg>KZ</arg>
<arg>LA</arg>
<arg>LB</arg>
<arg>LC</arg>
<arg>LI</arg>
<arg>LK</arg>
<arg>LR</arg>
<arg>LS</arg>
<arg>LT</arg>
<arg>LU</arg>
<arg>LV</arg>
<arg>LY</arg>
<arg>MA</arg>
<arg>MC</arg>
<arg>MD</arg>
<arg>ME</arg>
<arg>MF</arg>
<arg>MG</arg>
<arg>MH</arg>
<arg>MK</arg>
<arg>ML</arg>
<arg>MM</arg>
<arg>MN</arg>
<arg>MO</arg>
<arg>MP</arg>
<arg>MQ</arg>
<arg>MR</arg>
<arg>MS</arg>
<arg>MT</arg>
<arg>MU</arg>
<arg>MV</arg>
<arg>MW</arg>
<arg>MX</arg>
<arg>MY</arg>
<arg>MZ</arg>
<arg>NA</arg>
<arg>NC</arg>
<arg>NE</arg>
<arg>NF</arg>
<arg>NG</arg>
<arg>NI</arg>
<arg>NL</arg>
<arg>NO</arg>
<arg>NP</arg>
<arg>NR</arg>
<arg>NU</arg>
<arg>NZ</arg>
<arg>OM</arg>
<arg>PA</arg>
<arg>PE</arg>
<arg>PF</arg>
<arg>PG</arg>
<arg>PH</arg>
<arg>PK</arg>
<arg>PL</arg>
<arg>PM</arg>
<arg>PN</arg>
<arg>PR</arg>
<arg>PS</arg>
<arg>PT</arg>
<arg>PW</arg>
<arg>PY</arg>
<arg>QA</arg>
<arg>RE</arg>
<arg>RO</arg>
<arg>RS</arg>
<arg>RU</arg>
<arg>RW</arg>
<arg>SA</arg>
<arg>SB</arg>
<arg>SC</arg>
<arg>SD</arg>
<arg>SE</arg>
<arg>SG</arg>
<arg>SH</arg>
<arg>SI</arg>
<arg>SJ</arg>
<arg>SK</arg>
<arg>SL</arg>
<arg>SM</arg>
<arg>SN</arg>
<arg>SO</arg>
<arg>SR</arg>
<arg>SS</arg>
<arg>ST</arg>
<arg>SV</arg>
<arg>SX</arg>
<arg>SY</arg>
<arg>SZ</arg>
<arg>TC</arg>
<arg>TD</arg>
<arg>TF</arg>
<arg>TG</arg>
<arg>TH</arg>
<arg>TJ</arg>
<arg>TK</arg>
<arg>TL</arg>
<arg>TM</arg>
<arg>TN</arg>
<arg>TO</arg>
<arg>TR</arg>
<arg>TT</arg>
<arg>TV</arg>
<arg>TW</arg>
<arg>TZ</arg>
<arg>UA</arg>
<arg>UG</arg>
<arg>UM</arg>
<arg>US</arg>
<arg>UY</arg>
<arg>UZ</arg>
<arg>VA</arg>
<arg>VC</arg>
<arg>VE</arg>
<arg>VG</arg>
<arg>VI</arg>
<arg>VN</arg>
<arg>VU</arg>
<arg>WF</arg>
<arg>WS</arg>
<arg>XK</arg>
<arg>YE</arg>
<arg>YT</arg>
<arg>ZA</arg>
<arg>ZM</arg>
<arg>ZW</arg>
<doc>Returns a list containing given items.</doc>
<status status="PASS" start="2024-04-30T17:12:45.754294" elapsed="0.000606"/>
</kw>
<kw name="List Should Contain Value" owner="Collections">
<msg time="2024-04-30T17:12:45.755904" level="INFO">False</msg>
<arg>${list_country}</arg>
<arg>${name_country}</arg>
<doc>Fails if the ``value`` is not found from ``list``.</doc>
<status status="PASS" start="2024-04-30T17:12:45.755681" elapsed="0.000262"/>
</kw>
<kw name="Run Keyword If" owner="BuiltIn">
<kw name="Should Be True" owner="BuiltIn">
<arg>${True}</arg>
<doc>Fails if the given condition is not true.</doc>
<status status="PASS" start="2024-04-30T17:12:45.757020" elapsed="0.000259"/>
</kw>
<arg>${json_data["results"][0]["location"]["coordinates"]["latitude"]} &gt;= -90 and ${json_data["results"][0]["location"]["coordinates"]["latitude"]} &lt;= 90</arg>
<arg>Should Be True</arg>
<arg>${True}</arg>
<doc>Runs the given keyword with the given arguments, if ``condition`` is true.</doc>
<status status="PASS" start="2024-04-30T17:12:45.756254" elapsed="0.001156"/>
</kw>
<kw name="Run Keyword If" owner="BuiltIn">
<kw name="Should Be True" owner="BuiltIn">
<arg>${True}</arg>
<doc>Fails if the given condition is not true.</doc>
<status status="PASS" start="2024-04-30T17:12:45.758290" elapsed="0.000137"/>
</kw>
<arg>${json_data["results"][0]["location"]["coordinates"]["longitude"]} &gt;= -180 and ${json_data["results"][0]["location"]["coordinates"]["longitude"]} &lt;= 180</arg>
<arg>Should Be True</arg>
<arg>${True}</arg>
<doc>Runs the given keyword with the given arguments, if ``condition`` is true.</doc>
<status status="PASS" start="2024-04-30T17:12:45.757597" elapsed="0.000960"/>
</kw>
<status status="PASS" start="2024-04-30T17:12:45.640039" elapsed="0.118648"/>
</kw>
<doc>Testa o conteúdo específico dos campos retornados pela API.</doc>
<tag>testeConteudo</tag>
<status status="PASS" start="2024-04-30T17:12:45.639469" elapsed="0.119368"/>
</test>
<status status="PASS" start="2024-04-30T17:12:44.572320" elapsed="1.188556"/>
</suite>
<status status="PASS" start="2024-04-30T17:12:44.558801" elapsed="1.207218"/>
</suite>
<statistics>
<total>
<stat pass="5" fail="0" skip="0">All Tests</stat>
</total>
<tag>
<stat pass="1" fail="0" skip="0">testeConteudo</stat>
<stat pass="1" fail="0" skip="0">testeEstruturaResposta</stat>
<stat pass="1" fail="0" skip="0">testeRequisicaoBasica</stat>
<stat pass="1" fail="0" skip="0">testeTiposDados</stat>
</tag>
<suite>
<stat pass="5" fail="0" skip="0" id="s1" name="Tests">Tests</stat>
<stat pass="5" fail="0" skip="0" id="s1-s1" name="Random-User-Test">Tests.Random-User-Test</stat>
</suite>
</statistics>
<errors>
</errors>
</robot>
