<?xml version="1.0" encoding="UTF-8"?>
<robot generator="Robot 7.0.1 (Python 3.12.4 on linux)" generated="2024-06-24T10:16:59.587283" rpa="false" schemaversion="5">
<suite id="s1" name="Tests" source="/home/runner/work/ApiRandomUser/ApiRandomUser/RamdonUser/tests">
<suite id="s1-s1" name="Random-User-Test" source="/home/runner/work/ApiRandomUser/ApiRandomUser/RamdonUser/tests/random-user-test.robot">
<test id="s1-s1-t1" name="Conectar" line="13">
<kw name="Conectar API" owner="random-user-service">
<kw name="Create Session" owner="RequestsLibrary">
<msg time="2024-06-24T10:16:59.997188" level="INFO">Creating Session using : alias=consultarAPI, url=https://randomuser.me/, headers={},                     cookies={}, auth=None, timeout=None, proxies=None, verify=False,                     debug=0 </msg>
<arg>consultarAPI</arg>
<arg>${URL}</arg>
<doc>Create Session: create a HTTP session to a server</doc>
<status status="PASS" start="2024-06-24T10:16:59.996983" elapsed="0.000373"/>
</kw>
<status status="PASS" start="2024-06-24T10:16:59.996030" elapsed="0.001681"/>
</kw>
<status status="PASS" start="2024-06-24T10:16:59.995414" elapsed="0.002492"/>
</test>
<test id="s1-s1-t2" name="Validar retorno 200 e JSON Válido" line="16">
<kw name="Teste de Requisicao Basica" owner="random-user-service">
<kw name="GET On Session" owner="RequestsLibrary">
<msg time="2024-06-24T10:17:00.175491" level="INFO">GET Request : url=https://randomuser.me/api 
 path_url=/api 
 headers={'User-Agent': 'python-requests/2.32.3', 'Accept-Encoding': 'gzip, deflate', 'Accept': '*/*', 'Connection': 'keep-alive'} 
 body=None 
 </msg>
<msg time="2024-06-24T10:17:00.175654" level="INFO">GET Response : url=https://randomuser.me/api 
 status=200, reason=OK 
 headers={'Date': 'Mon, 24 Jun 2024 10:17:00 GMT', 'Content-Type': 'application/json; charset=utf-8', 'Transfer-Encoding': 'chunked', 'Connection': 'keep-alive', 'X-Powered-By': 'Express', 'Access-Control-Allow-Origin': '*', 'Cache-Control': 'no-cache', 'ETag': 'W/"4ab-7J6h75QEKtH7nEcp6MSSwzGrecc"', 'Vary': 'Accept-Encoding', 'Content-Encoding': 'gzip', 'CF-Cache-Status': 'DYNAMIC', 'Report-To': '{"endpoints":[{"url":"https:\\/\\/a.nel.cloudflare.com\\/report\\/v4?s=Y2MSgn%2Fnk6cgCqExwmol2Mi%2BZgkrOywFuIAhGye1RY86aKaAI%2B5MUAsXItUYh7Vcm%2FLpcUcsLiHv2XXyxpOmJyDUW0J3Cv4TOliLeygUJ9bM%2F8LJoyukYFxFGp0gy5At"}],"group":"cf-nel","max_age":604800}', 'NEL': '{"success_fraction":0,"report_to":"cf-nel","max_age":604800}', 'Server': 'cloudflare', 'CF-RAY': '898bf72fdac2588a-IAD', 'alt-svc': 'h3=":443"; ma=86400'} 
 body={"results":[{"gender":"male","name":{"title":"Mr","first":"Tobie","last":"Van der Meiden"},"location":{"street":{"number":6003,"name":"Korte Geuzenstraat"},"city":"Ulicoten","state":"Overijssel","country":"Netherlands","postcode":"1475 MU","coordinates":{"latitude":"34.1547","longitude":"-106.0787"},"timezone":{"offset":"+11:00","description":"Magadan, Solomon Islands, New Caledonia"}},"email":"tobie.vandermeiden@example.com","login":{"uuid":"ecf9fdb9-730d-488c-a319-d570cc89cd28","username":"bigmeercat878","password":"cardinal","salt":"ClcYHFX3","md5":"35edeca0d185b1ab9f10b04c22af8c20","sha1":"3e649f8b740e397f34aeafc58b1860d12818f701","sha256":"e1ff0aba2c380894e03e22fbda5ad741e534baec97c13288758b66ae8807e22a"},"dob":{"date":"1965-03-17T04:04:58.542Z","age":59},"registered":{"date":"2012-03-16T00:51:48.899Z","age":12},"phone":"(077) 5578150","cell":"(06) 40571504","id":{"name":"BSN","value":"18335541"},"picture":{"large":"https://randomuser.me/api/portraits/men/1.jpg","medium":"https://randomuser.me/api/portraits/med/men/1.jpg","thumbnail":"https://randomuser.me/api/portraits/thumb/men/1.jpg"},"nat":"NL"}],"info":{"seed":"1b96b86f71a98623","results":1,"page":1,"version":"1.4"}} 
 </msg>
<msg time="2024-06-24T10:17:00.175743" level="INFO">/opt/hostedtoolcache/Python/3.12.4/x64/lib/python3.12/site-packages/urllib3/connectionpool.py:1099: InsecureRequestWarning: Unverified HTTPS request is being made to host 'randomuser.me'. Adding certificate verification is strongly advised. See: https://urllib3.readthedocs.io/en/latest/advanced-usage.html#tls-warnings
  warnings.warn(</msg>
<msg time="2024-06-24T10:17:00.175913" level="INFO">${response} = &lt;Response [200]&gt;</msg>
<var>${response}</var>
<arg>consultarAPI</arg>
<arg>/api</arg>
<doc>Sends a GET request on a previously created HTTP Session.</doc>
<status status="PASS" start="2024-06-24T10:17:00.000560" elapsed="0.175399"/>
</kw>
<kw name="Should Be Equal As Numbers" owner="BuiltIn">
<msg time="2024-06-24T10:17:00.177037" level="INFO">Argument types are:
&lt;class 'int'&gt;
&lt;class 'str'&gt;</msg>
<arg>${response.status_code}</arg>
<arg>200</arg>
<doc>Fails if objects are unequal after converting them to real numbers.</doc>
<status status="PASS" start="2024-06-24T10:17:00.176558" elapsed="0.000552"/>
</kw>
<kw name="Log" owner="BuiltIn">
<msg time="2024-06-24T10:17:00.177816" level="INFO">200</msg>
<arg>${response.status_code}</arg>
<doc>Logs the given message with the given level.</doc>
<status status="PASS" start="2024-06-24T10:17:00.177456" elapsed="0.000404"/>
</kw>
<kw name="Set Variable" owner="BuiltIn">
<msg time="2024-06-24T10:17:00.178625" level="INFO">${json_data} = {'results': [{'gender': 'male', 'name': {'title': 'Mr', 'first': 'Tobie', 'last': 'Van der Meiden'}, 'location': {'street': {'number': 6003, 'name': 'Korte Geuzenstraat'}, 'city': 'Ulicoten', 'state':...</msg>
<var>${json_data}</var>
<arg>${response.json()}</arg>
<doc>Returns the given values which can then be assigned to a variables.</doc>
<status status="PASS" start="2024-06-24T10:17:00.178176" elapsed="0.000478"/>
</kw>
<kw name="Dictionary Should Contain Key" owner="Collections">
<arg>${json_data}</arg>
<arg>results</arg>
<doc>Fails if ``key`` is not found from ``dictionary``.</doc>
<status status="PASS" start="2024-06-24T10:17:00.178961" elapsed="0.000174"/>
</kw>
<status status="PASS" start="2024-06-24T10:17:00.000308" elapsed="0.178984"/>
</kw>
<doc>Testa se a API responde corretamente e retorna um objeto JSON válido.</doc>
<tag>testeRequisicaoBasica</tag>
<status status="PASS" start="2024-06-24T10:16:59.999776" elapsed="0.179695"/>
</test>
<test id="s1-s1-t3" name="Validar estrutura de resposta" line="22">
<kw name="Teste de Estrutura de Resposta" owner="random-user-service">
<kw name="GET On Session" owner="RequestsLibrary">
<msg time="2024-06-24T10:17:00.265478" level="INFO">GET Request : url=https://randomuser.me/api 
 path_url=/api 
 headers={'User-Agent': 'python-requests/2.32.3', 'Accept-Encoding': 'gzip, deflate', 'Accept': '*/*', 'Connection': 'keep-alive'} 
 body=None 
 </msg>
<msg time="2024-06-24T10:17:00.265578" level="INFO">GET Response : url=https://randomuser.me/api 
 status=200, reason=OK 
 headers={'Date': 'Mon, 24 Jun 2024 10:17:00 GMT', 'Content-Type': 'application/json; charset=utf-8', 'Transfer-Encoding': 'chunked', 'Connection': 'keep-alive', 'X-Powered-By': 'Express', 'Access-Control-Allow-Origin': '*', 'Cache-Control': 'no-cache', 'ETag': 'W/"47b-g5MvthUuJ/LKwhNysxLSDK50v5A"', 'Vary': 'Accept-Encoding', 'Content-Encoding': 'gzip', 'CF-Cache-Status': 'DYNAMIC', 'Report-To': '{"endpoints":[{"url":"https:\\/\\/a.nel.cloudflare.com\\/report\\/v4?s=a1U37TpQON6DAdNnLQpPiDzKftgsTEwhNfb5ikshh06up0SwpYmLPk7rjzRnAbI3sdgm2pJfaFmr9n6s%2F2ir%2B1tU6Oa4dWo4jY7vKFG4XRjOlU49lTWEmjKWekSYZ69w"}],"group":"cf-nel","max_age":604800}', 'NEL': '{"success_fraction":0,"report_to":"cf-nel","max_age":604800}', 'Server': 'cloudflare', 'CF-RAY': '898bf7302b05588a-IAD', 'alt-svc': 'h3=":443"; ma=86400'} 
 body={"results":[{"gender":"male","name":{"title":"Mr","first":"Okan","last":"Aclan"},"location":{"street":{"number":8035,"name":"Tunalı Hilmi Cd"},"city":"Edirne","state":"Şanlıurfa","country":"Turkey","postcode":85134,"coordinates":{"latitude":"68.9813","longitude":"-54.6559"},"timezone":{"offset":"-8:00","description":"Pacific Time (US &amp; Canada)"}},"email":"okan.aclan@example.com","login":{"uuid":"c02ca4cd-fe3b-4014-abc9-af7be9337b4b","username":"silvermeercat687","password":"ravens","salt":"84nUbgs4","md5":"8ac06129e6a2d643e3e62f7d0fae8160","sha1":"b6a117427fee421bd24e0e7dce02af2a09d2ad30","sha256":"e6bcae25ede5688c03c0312826ac8235d3385540fab6738da6727ea73e2a1bcf"},"dob":{"date":"2000-05-09T23:03:16.369Z","age":24},"registered":{"date":"2011-08-23T18:41:27.647Z","age":12},"phone":"(852)-147-2703","cell":"(322)-866-3011","id":{"name":"","value":null},"picture":{"large":"https://randomuser.me/api/portraits/men/74.jpg","medium":"https://randomuser.me/api/portraits/med/men/74.jpg","thumbnail":"https://randomuser.me/api/portraits/thumb/men/74.jpg"},"nat":"TR"}],"info":{"seed":"bb68e9e1f4860cd4","results":1,"page":1,"version":"1.4"}} 
 </msg>
<msg time="2024-06-24T10:17:00.265714" level="INFO">/opt/hostedtoolcache/Python/3.12.4/x64/lib/python3.12/site-packages/urllib3/connectionpool.py:1099: InsecureRequestWarning: Unverified HTTPS request is being made to host 'randomuser.me'. Adding certificate verification is strongly advised. See: https://urllib3.readthedocs.io/en/latest/advanced-usage.html#tls-warnings
  warnings.warn(</msg>
<msg time="2024-06-24T10:17:00.265859" level="INFO">${response} = &lt;Response [200]&gt;</msg>
<var>${response}</var>
<arg>consultarAPI</arg>
<arg>/api</arg>
<doc>Sends a GET request on a previously created HTTP Session.</doc>
<status status="PASS" start="2024-06-24T10:17:00.182139" elapsed="0.083765"/>
</kw>
<kw name="Set Variable" owner="BuiltIn">
<msg time="2024-06-24T10:17:00.266937" level="INFO">${json_data} = {'results': [{'gender': 'male', 'name': {'title': 'Mr', 'first': 'Okan', 'last': 'Aclan'}, 'location': {'street': {'number': 8035, 'name': 'Tunalı Hilmi Cd'}, 'city': 'Edirne', 'state': 'Şanlıurfa', '...</msg>
<var>${json_data}</var>
<arg>${response.json()}</arg>
<doc>Returns the given values which can then be assigned to a variables.</doc>
<status status="PASS" start="2024-06-24T10:17:00.266395" elapsed="0.000573"/>
</kw>
<kw name="Log" owner="BuiltIn">
<msg time="2024-06-24T10:17:00.267497" level="INFO">{'results': [{'gender': 'male', 'name': {'title': 'Mr', 'first': 'Okan', 'last': 'Aclan'}, 'location': {'street': {'number': 8035, 'name': 'Tunalı Hilmi Cd'}, 'city': 'Edirne', 'state': 'Şanlıurfa', 'country': 'Turkey', 'postcode': 85134, 'coordinates': {'latitude': '68.9813', 'longitude': '-54.6559'}, 'timezone': {'offset': '-8:00', 'description': 'Pacific Time (US &amp; Canada)'}}, 'email': 'okan.aclan@example.com', 'login': {'uuid': 'c02ca4cd-fe3b-4014-abc9-af7be9337b4b', 'username': 'silvermeercat687', 'password': 'ravens', 'salt': '84nUbgs4', 'md5': '8ac06129e6a2d643e3e62f7d0fae8160', 'sha1': 'b6a117427fee421bd24e0e7dce02af2a09d2ad30', 'sha256': 'e6bcae25ede5688c03c0312826ac8235d3385540fab6738da6727ea73e2a1bcf'}, 'dob': {'date': '2000-05-09T23:03:16.369Z', 'age': 24}, 'registered': {'date': '2011-08-23T18:41:27.647Z', 'age': 12}, 'phone': '(852)-147-2703', 'cell': '(322)-866-3011', 'id': {'name': '', 'value': None}, 'picture': {'large': 'https://randomuser.me/api/portraits/men/74.jpg', 'medium': 'https://randomuser.me/api/portraits/med/men/74.jpg', 'thumbnail': 'https://randomuser.me/api/portraits/thumb/men/74.jpg'}, 'nat': 'TR'}], 'info': {'seed': 'bb68e9e1f4860cd4', 'results': 1, 'page': 1, 'version': '1.4'}}</msg>
<arg>${json_data}</arg>
<doc>Logs the given message with the given level.</doc>
<status status="PASS" start="2024-06-24T10:17:00.267320" elapsed="0.000231"/>
</kw>
<kw name="Dictionary Should Contain Key" owner="Collections">
<arg>${json_data}</arg>
<arg>results</arg>
<doc>Fails if ``key`` is not found from ``dictionary``.</doc>
<status status="PASS" start="2024-06-24T10:17:00.267868" elapsed="0.000164"/>
</kw>
<kw name="Should Not Be Empty" owner="BuiltIn">
<msg time="2024-06-24T10:17:00.268397" level="INFO">Length is 2.</msg>
<arg>${json_data}</arg>
<doc>Verifies that the given item is not empty.</doc>
<status status="PASS" start="2024-06-24T10:17:00.268252" elapsed="0.000192"/>
</kw>
<kw name="Create List" owner="BuiltIn">
<msg time="2024-06-24T10:17:00.269069" level="INFO">${expected_keys} = ['gender', 'name', 'location', 'email', 'login']</msg>
<var>${expected_keys}</var>
<arg>gender</arg>
<arg>name</arg>
<arg>location</arg>
<arg>email</arg>
<arg>login</arg>
<doc>Returns a list containing given items.</doc>
<status status="PASS" start="2024-06-24T10:17:00.268747" elapsed="0.000348"/>
</kw>
<for flavor="IN">
<iter>
<kw name="Dictionary Should Contain Key" owner="Collections">
<arg>${json_data['results'][0]}</arg>
<arg>${key}</arg>
<doc>Fails if ``key`` is not found from ``dictionary``.</doc>
<status status="PASS" start="2024-06-24T10:17:00.269699" elapsed="0.000415"/>
</kw>
<kw name="Log" owner="BuiltIn">
<msg time="2024-06-24T10:17:00.270672" level="INFO">{'gender': 'male', 'name': {'title': 'Mr', 'first': 'Okan', 'last': 'Aclan'}, 'location': {'street': {'number': 8035, 'name': 'Tunalı Hilmi Cd'}, 'city': 'Edirne', 'state': 'Şanlıurfa', 'country': 'Turkey', 'postcode': 85134, 'coordinates': {'latitude': '68.9813', 'longitude': '-54.6559'}, 'timezone': {'offset': '-8:00', 'description': 'Pacific Time (US &amp; Canada)'}}, 'email': 'okan.aclan@example.com', 'login': {'uuid': 'c02ca4cd-fe3b-4014-abc9-af7be9337b4b', 'username': 'silvermeercat687', 'password': 'ravens', 'salt': '84nUbgs4', 'md5': '8ac06129e6a2d643e3e62f7d0fae8160', 'sha1': 'b6a117427fee421bd24e0e7dce02af2a09d2ad30', 'sha256': 'e6bcae25ede5688c03c0312826ac8235d3385540fab6738da6727ea73e2a1bcf'}, 'dob': {'date': '2000-05-09T23:03:16.369Z', 'age': 24}, 'registered': {'date': '2011-08-23T18:41:27.647Z', 'age': 12}, 'phone': '(852)-147-2703', 'cell': '(322)-866-3011', 'id': {'name': '', 'value': None}, 'picture': {'large': 'https://randomuser.me/api/portraits/men/74.jpg', 'medium': 'https://randomuser.me/api/portraits/med/men/74.jpg', 'thumbnail': 'https://randomuser.me/api/portraits/thumb/men/74.jpg'}, 'nat': 'TR'}</msg>
<arg>${json_data['results'][0]}</arg>
<doc>Logs the given message with the given level.</doc>
<status status="PASS" start="2024-06-24T10:17:00.270306" elapsed="0.000420"/>
</kw>
<kw name="Log" owner="BuiltIn">
<msg time="2024-06-24T10:17:00.271159" level="INFO">gender</msg>
<arg>${key}</arg>
<doc>Logs the given message with the given level.</doc>
<status status="PASS" start="2024-06-24T10:17:00.271031" elapsed="0.000167"/>
</kw>
<var name="${key}">gender</var>
<status status="PASS" start="2024-06-24T10:17:00.269573" elapsed="0.001843"/>
</iter>
<iter>
<kw name="Dictionary Should Contain Key" owner="Collections">
<arg>${json_data['results'][0]}</arg>
<arg>${key}</arg>
<doc>Fails if ``key`` is not found from ``dictionary``.</doc>
<status status="PASS" start="2024-06-24T10:17:00.271725" elapsed="0.000386"/>
</kw>
<kw name="Log" owner="BuiltIn">
<msg time="2024-06-24T10:17:00.272714" level="INFO">{'gender': 'male', 'name': {'title': 'Mr', 'first': 'Okan', 'last': 'Aclan'}, 'location': {'street': {'number': 8035, 'name': 'Tunalı Hilmi Cd'}, 'city': 'Edirne', 'state': 'Şanlıurfa', 'country': 'Turkey', 'postcode': 85134, 'coordinates': {'latitude': '68.9813', 'longitude': '-54.6559'}, 'timezone': {'offset': '-8:00', 'description': 'Pacific Time (US &amp; Canada)'}}, 'email': 'okan.aclan@example.com', 'login': {'uuid': 'c02ca4cd-fe3b-4014-abc9-af7be9337b4b', 'username': 'silvermeercat687', 'password': 'ravens', 'salt': '84nUbgs4', 'md5': '8ac06129e6a2d643e3e62f7d0fae8160', 'sha1': 'b6a117427fee421bd24e0e7dce02af2a09d2ad30', 'sha256': 'e6bcae25ede5688c03c0312826ac8235d3385540fab6738da6727ea73e2a1bcf'}, 'dob': {'date': '2000-05-09T23:03:16.369Z', 'age': 24}, 'registered': {'date': '2011-08-23T18:41:27.647Z', 'age': 12}, 'phone': '(852)-147-2703', 'cell': '(322)-866-3011', 'id': {'name': '', 'value': None}, 'picture': {'large': 'https://randomuser.me/api/portraits/men/74.jpg', 'medium': 'https://randomuser.me/api/portraits/med/men/74.jpg', 'thumbnail': 'https://randomuser.me/api/portraits/thumb/men/74.jpg'}, 'nat': 'TR'}</msg>
<arg>${json_data['results'][0]}</arg>
<doc>Logs the given message with the given level.</doc>
<status status="PASS" start="2024-06-24T10:17:00.272335" elapsed="0.000488"/>
</kw>
<kw name="Log" owner="BuiltIn">
<msg time="2024-06-24T10:17:00.273276" level="INFO">name</msg>
<arg>${key}</arg>
<doc>Logs the given message with the given level.</doc>
<status status="PASS" start="2024-06-24T10:17:00.273143" elapsed="0.000172"/>
</kw>
<var name="${key}">name</var>
<status status="PASS" start="2024-06-24T10:17:00.271609" elapsed="0.001928"/>
</iter>
<iter>
<kw name="Dictionary Should Contain Key" owner="Collections">
<arg>${json_data['results'][0]}</arg>
<arg>${key}</arg>
<doc>Fails if ``key`` is not found from ``dictionary``.</doc>
<status status="PASS" start="2024-06-24T10:17:00.273828" elapsed="0.000387"/>
</kw>
<kw name="Log" owner="BuiltIn">
<msg time="2024-06-24T10:17:00.274760" level="INFO">{'gender': 'male', 'name': {'title': 'Mr', 'first': 'Okan', 'last': 'Aclan'}, 'location': {'street': {'number': 8035, 'name': 'Tunalı Hilmi Cd'}, 'city': 'Edirne', 'state': 'Şanlıurfa', 'country': 'Turkey', 'postcode': 85134, 'coordinates': {'latitude': '68.9813', 'longitude': '-54.6559'}, 'timezone': {'offset': '-8:00', 'description': 'Pacific Time (US &amp; Canada)'}}, 'email': 'okan.aclan@example.com', 'login': {'uuid': 'c02ca4cd-fe3b-4014-abc9-af7be9337b4b', 'username': 'silvermeercat687', 'password': 'ravens', 'salt': '84nUbgs4', 'md5': '8ac06129e6a2d643e3e62f7d0fae8160', 'sha1': 'b6a117427fee421bd24e0e7dce02af2a09d2ad30', 'sha256': 'e6bcae25ede5688c03c0312826ac8235d3385540fab6738da6727ea73e2a1bcf'}, 'dob': {'date': '2000-05-09T23:03:16.369Z', 'age': 24}, 'registered': {'date': '2011-08-23T18:41:27.647Z', 'age': 12}, 'phone': '(852)-147-2703', 'cell': '(322)-866-3011', 'id': {'name': '', 'value': None}, 'picture': {'large': 'https://randomuser.me/api/portraits/men/74.jpg', 'medium': 'https://randomuser.me/api/portraits/med/men/74.jpg', 'thumbnail': 'https://randomuser.me/api/portraits/thumb/men/74.jpg'}, 'nat': 'TR'}</msg>
<arg>${json_data['results'][0]}</arg>
<doc>Logs the given message with the given level.</doc>
<status status="PASS" start="2024-06-24T10:17:00.274399" elapsed="0.000416"/>
</kw>
<kw name="Log" owner="BuiltIn">
<msg time="2024-06-24T10:17:00.275244" level="INFO">location</msg>
<arg>${key}</arg>
<doc>Logs the given message with the given level.</doc>
<status status="PASS" start="2024-06-24T10:17:00.275114" elapsed="0.000168"/>
</kw>
<var name="${key}">location</var>
<status status="PASS" start="2024-06-24T10:17:00.273718" elapsed="0.001792"/>
</iter>
<iter>
<kw name="Dictionary Should Contain Key" owner="Collections">
<arg>${json_data['results'][0]}</arg>
<arg>${key}</arg>
<doc>Fails if ``key`` is not found from ``dictionary``.</doc>
<status status="PASS" start="2024-06-24T10:17:00.275798" elapsed="0.000386"/>
</kw>
<kw name="Log" owner="BuiltIn">
<msg time="2024-06-24T10:17:00.276782" level="INFO">{'gender': 'male', 'name': {'title': 'Mr', 'first': 'Okan', 'last': 'Aclan'}, 'location': {'street': {'number': 8035, 'name': 'Tunalı Hilmi Cd'}, 'city': 'Edirne', 'state': 'Şanlıurfa', 'country': 'Turkey', 'postcode': 85134, 'coordinates': {'latitude': '68.9813', 'longitude': '-54.6559'}, 'timezone': {'offset': '-8:00', 'description': 'Pacific Time (US &amp; Canada)'}}, 'email': 'okan.aclan@example.com', 'login': {'uuid': 'c02ca4cd-fe3b-4014-abc9-af7be9337b4b', 'username': 'silvermeercat687', 'password': 'ravens', 'salt': '84nUbgs4', 'md5': '8ac06129e6a2d643e3e62f7d0fae8160', 'sha1': 'b6a117427fee421bd24e0e7dce02af2a09d2ad30', 'sha256': 'e6bcae25ede5688c03c0312826ac8235d3385540fab6738da6727ea73e2a1bcf'}, 'dob': {'date': '2000-05-09T23:03:16.369Z', 'age': 24}, 'registered': {'date': '2011-08-23T18:41:27.647Z', 'age': 12}, 'phone': '(852)-147-2703', 'cell': '(322)-866-3011', 'id': {'name': '', 'value': None}, 'picture': {'large': 'https://randomuser.me/api/portraits/men/74.jpg', 'medium': 'https://randomuser.me/api/portraits/med/men/74.jpg', 'thumbnail': 'https://randomuser.me/api/portraits/thumb/men/74.jpg'}, 'nat': 'TR'}</msg>
<arg>${json_data['results'][0]}</arg>
<doc>Logs the given message with the given level.</doc>
<status status="PASS" start="2024-06-24T10:17:00.276422" elapsed="0.000420"/>
</kw>
<kw name="Log" owner="BuiltIn">
<msg time="2024-06-24T10:17:00.277273" level="INFO">email</msg>
<arg>${key}</arg>
<doc>Logs the given message with the given level.</doc>
<status status="PASS" start="2024-06-24T10:17:00.277145" elapsed="0.000167"/>
</kw>
<var name="${key}">email</var>
<status status="PASS" start="2024-06-24T10:17:00.275689" elapsed="0.001839"/>
</iter>
<iter>
<kw name="Dictionary Should Contain Key" owner="Collections">
<arg>${json_data['results'][0]}</arg>
<arg>${key}</arg>
<doc>Fails if ``key`` is not found from ``dictionary``.</doc>
<status status="PASS" start="2024-06-24T10:17:00.277807" elapsed="0.000395"/>
</kw>
<kw name="Log" owner="BuiltIn">
<msg time="2024-06-24T10:17:00.278736" level="INFO">{'gender': 'male', 'name': {'title': 'Mr', 'first': 'Okan', 'last': 'Aclan'}, 'location': {'street': {'number': 8035, 'name': 'Tunalı Hilmi Cd'}, 'city': 'Edirne', 'state': 'Şanlıurfa', 'country': 'Turkey', 'postcode': 85134, 'coordinates': {'latitude': '68.9813', 'longitude': '-54.6559'}, 'timezone': {'offset': '-8:00', 'description': 'Pacific Time (US &amp; Canada)'}}, 'email': 'okan.aclan@example.com', 'login': {'uuid': 'c02ca4cd-fe3b-4014-abc9-af7be9337b4b', 'username': 'silvermeercat687', 'password': 'ravens', 'salt': '84nUbgs4', 'md5': '8ac06129e6a2d643e3e62f7d0fae8160', 'sha1': 'b6a117427fee421bd24e0e7dce02af2a09d2ad30', 'sha256': 'e6bcae25ede5688c03c0312826ac8235d3385540fab6738da6727ea73e2a1bcf'}, 'dob': {'date': '2000-05-09T23:03:16.369Z', 'age': 24}, 'registered': {'date': '2011-08-23T18:41:27.647Z', 'age': 12}, 'phone': '(852)-147-2703', 'cell': '(322)-866-3011', 'id': {'name': '', 'value': None}, 'picture': {'large': 'https://randomuser.me/api/portraits/men/74.jpg', 'medium': 'https://randomuser.me/api/portraits/med/men/74.jpg', 'thumbnail': 'https://randomuser.me/api/portraits/thumb/men/74.jpg'}, 'nat': 'TR'}</msg>
<arg>${json_data['results'][0]}</arg>
<doc>Logs the given message with the given level.</doc>
<status status="PASS" start="2024-06-24T10:17:00.278384" elapsed="0.000405"/>
</kw>
<kw name="Log" owner="BuiltIn">
<msg time="2024-06-24T10:17:00.279219" level="INFO">login</msg>
<arg>${key}</arg>
<doc>Logs the given message with the given level.</doc>
<status status="PASS" start="2024-06-24T10:17:00.279090" elapsed="0.000166"/>
</kw>
<var name="${key}">login</var>
<status status="PASS" start="2024-06-24T10:17:00.277700" elapsed="0.001770"/>
</iter>
<var>${key}</var>
<value>@{expected_keys}</value>
<status status="PASS" start="2024-06-24T10:17:00.269368" elapsed="0.010222"/>
</for>
<kw name="Create List" owner="BuiltIn">
<msg time="2024-06-24T10:17:00.279916" level="INFO">${expected_keysTwo} = ['username', 'password']</msg>
<var>${expected_keysTwo}</var>
<arg>username</arg>
<arg>password</arg>
<doc>Returns a list containing given items.</doc>
<status status="PASS" start="2024-06-24T10:17:00.279781" elapsed="0.000159"/>
</kw>
<for flavor="IN">
<iter>
<kw name="Dictionary Should Contain Key" owner="Collections">
<arg>${json_data['results'][0]['login']}</arg>
<arg>${keyTwo}</arg>
<doc>Fails if ``key`` is not found from ``dictionary``.</doc>
<status status="PASS" start="2024-06-24T10:17:00.280491" elapsed="0.000386"/>
</kw>
<kw name="Dictionary Should Contain Key" owner="Collections">
<arg>${json_data['results'][0]['login']}</arg>
<arg>${keyTwo}</arg>
<doc>Fails if ``key`` is not found from ``dictionary``.</doc>
<status status="PASS" start="2024-06-24T10:17:00.281064" elapsed="0.000370"/>
</kw>
<kw name="Log" owner="BuiltIn">
<msg time="2024-06-24T10:17:00.281733" level="INFO">username</msg>
<arg>${keyTwo}</arg>
<doc>Logs the given message with the given level.</doc>
<status status="PASS" start="2024-06-24T10:17:00.281612" elapsed="0.000159"/>
</kw>
<var name="${keyTwo}">username</var>
<status status="PASS" start="2024-06-24T10:17:00.280382" elapsed="0.001614"/>
</iter>
<iter>
<kw name="Dictionary Should Contain Key" owner="Collections">
<arg>${json_data['results'][0]['login']}</arg>
<arg>${keyTwo}</arg>
<doc>Fails if ``key`` is not found from ``dictionary``.</doc>
<status status="PASS" start="2024-06-24T10:17:00.282274" elapsed="0.000384"/>
</kw>
<kw name="Dictionary Should Contain Key" owner="Collections">
<arg>${json_data['results'][0]['login']}</arg>
<arg>${keyTwo}</arg>
<doc>Fails if ``key`` is not found from ``dictionary``.</doc>
<status status="PASS" start="2024-06-24T10:17:00.282838" elapsed="0.000381"/>
</kw>
<kw name="Log" owner="BuiltIn">
<msg time="2024-06-24T10:17:00.283516" level="INFO">password</msg>
<arg>${keyTwo}</arg>
<doc>Logs the given message with the given level.</doc>
<status status="PASS" start="2024-06-24T10:17:00.283396" elapsed="0.000158"/>
</kw>
<var name="${keyTwo}">password</var>
<status status="PASS" start="2024-06-24T10:17:00.282168" elapsed="0.001699"/>
</iter>
<var>${keyTwo}</var>
<value>@{expected_keysTwo}</value>
<status status="PASS" start="2024-06-24T10:17:00.280200" elapsed="0.003788"/>
</for>
<status status="PASS" start="2024-06-24T10:17:00.181901" elapsed="0.102227"/>
</kw>
<doc>Testa a estrutura da resposta da API.</doc>
<tag>testeEstruturaResposta</tag>
<status status="PASS" start="2024-06-24T10:17:00.181361" elapsed="0.102962"/>
</test>
<test id="s1-s1-t4" name="Validar tipos de dados" line="28">
<kw name="Teste de Tipos de Dados" owner="random-user-service">
<kw name="GET On Session" owner="RequestsLibrary">
<msg time="2024-06-24T10:17:00.368850" level="INFO">GET Request : url=https://randomuser.me/api 
 path_url=/api 
 headers={'User-Agent': 'python-requests/2.32.3', 'Accept-Encoding': 'gzip, deflate', 'Accept': '*/*', 'Connection': 'keep-alive'} 
 body=None 
 </msg>
<msg time="2024-06-24T10:17:00.368942" level="INFO">GET Response : url=https://randomuser.me/api 
 status=200, reason=OK 
 headers={'Date': 'Mon, 24 Jun 2024 10:17:00 GMT', 'Content-Type': 'application/json; charset=utf-8', 'Transfer-Encoding': 'chunked', 'Connection': 'keep-alive', 'X-Powered-By': 'Express', 'Access-Control-Allow-Origin': '*', 'Cache-Control': 'no-cache', 'ETag': 'W/"488-4kuFzgeojd7bSwLLv6UuC0LUxOM"', 'Vary': 'Accept-Encoding', 'Content-Encoding': 'gzip', 'CF-Cache-Status': 'DYNAMIC', 'Report-To': '{"endpoints":[{"url":"https:\\/\\/a.nel.cloudflare.com\\/report\\/v4?s=7V6pOaTYXm9%2FQwIa17xBAPGA231%2FkJPv%2B5Oh4eDKQ2p6QePb42CzrdJarmDoLmsSwKfkCSp%2F0hI%2BCQdnqznk3%2F2uzWF43zbcaZN80MRCdaibO7I%2FRwF3HZ7PQ7uU%2Bd1r"}],"group":"cf-nel","max_age":604800}', 'NEL': '{"success_fraction":0,"report_to":"cf-nel","max_age":604800}', 'Server': 'cloudflare', 'CF-RAY': '898bf730cb84588a-IAD', 'alt-svc': 'h3=":443"; ma=86400'} 
 body={"results":[{"gender":"male","name":{"title":"Mr","first":"Greg","last":"Hansen"},"location":{"street":{"number":4143,"name":"Cherry St"},"city":"Perth","state":"South Australia","country":"Australia","postcode":5315,"coordinates":{"latitude":"-81.6603","longitude":"-34.4328"},"timezone":{"offset":"+9:00","description":"Tokyo, Seoul, Osaka, Sapporo, Yakutsk"}},"email":"greg.hansen@example.com","login":{"uuid":"65d61a83-bd9c-433b-b342-7dfd3364e365","username":"browncat519","password":"christy","salt":"TZKVomTn","md5":"cf0a3f6d8ee0210fc50b05dc8fa984c3","sha1":"5f8f7fffe5bde013669b46e79dc185d656c71861","sha256":"7e6a36f36fc1766c7871fc9af91106d6879d11bce7cca93656769d0d991509bc"},"dob":{"date":"1992-07-10T21:25:53.619Z","age":31},"registered":{"date":"2021-07-04T10:41:52.392Z","age":2},"phone":"02-2329-2338","cell":"0464-691-527","id":{"name":"TFN","value":"433469013"},"picture":{"large":"https://randomuser.me/api/portraits/men/82.jpg","medium":"https://randomuser.me/api/portraits/med/men/82.jpg","thumbnail":"https://randomuser.me/api/portraits/thumb/men/82.jpg"},"nat":"AU"}],"info":{"seed":"61f2289e636c4f5c","results":1,"page":1,"version":"1.4"}} 
 </msg>
<msg time="2024-06-24T10:17:00.369014" level="INFO">/opt/hostedtoolcache/Python/3.12.4/x64/lib/python3.12/site-packages/urllib3/connectionpool.py:1099: InsecureRequestWarning: Unverified HTTPS request is being made to host 'randomuser.me'. Adding certificate verification is strongly advised. See: https://urllib3.readthedocs.io/en/latest/advanced-usage.html#tls-warnings
  warnings.warn(</msg>
<msg time="2024-06-24T10:17:00.369150" level="INFO">${response} = &lt;Response [200]&gt;</msg>
<var>${response}</var>
<arg>consultarAPI</arg>
<arg>/api</arg>
<doc>Sends a GET request on a previously created HTTP Session.</doc>
<status status="PASS" start="2024-06-24T10:17:00.286823" elapsed="0.082371"/>
</kw>
<kw name="Set Variable" owner="BuiltIn">
<msg time="2024-06-24T10:17:00.370192" level="INFO">${json_data} = {'results': [{'gender': 'male', 'name': {'title': 'Mr', 'first': 'Greg', 'last': 'Hansen'}, 'location': {'street': {'number': 4143, 'name': 'Cherry St'}, 'city': 'Perth', 'state': 'South Australia', '...</msg>
<var>${json_data}</var>
<arg>${response.json()}</arg>
<doc>Returns the given values which can then be assigned to a variables.</doc>
<status status="PASS" start="2024-06-24T10:17:00.369684" elapsed="0.000537"/>
</kw>
<kw name="Log" owner="BuiltIn">
<msg time="2024-06-24T10:17:00.370717" level="INFO">{'results': [{'gender': 'male', 'name': {'title': 'Mr', 'first': 'Greg', 'last': 'Hansen'}, 'location': {'street': {'number': 4143, 'name': 'Cherry St'}, 'city': 'Perth', 'state': 'South Australia', 'country': 'Australia', 'postcode': 5315, 'coordinates': {'latitude': '-81.6603', 'longitude': '-34.4328'}, 'timezone': {'offset': '+9:00', 'description': 'Tokyo, Seoul, Osaka, Sapporo, Yakutsk'}}, 'email': 'greg.hansen@example.com', 'login': {'uuid': '65d61a83-bd9c-433b-b342-7dfd3364e365', 'username': 'browncat519', 'password': 'christy', 'salt': 'TZKVomTn', 'md5': 'cf0a3f6d8ee0210fc50b05dc8fa984c3', 'sha1': '5f8f7fffe5bde013669b46e79dc185d656c71861', 'sha256': '7e6a36f36fc1766c7871fc9af91106d6879d11bce7cca93656769d0d991509bc'}, 'dob': {'date': '1992-07-10T21:25:53.619Z', 'age': 31}, 'registered': {'date': '2021-07-04T10:41:52.392Z', 'age': 2}, 'phone': '02-2329-2338', 'cell': '0464-691-527', 'id': {'name': 'TFN', 'value': '433469013'}, 'picture': {'large': 'https://randomuser.me/api/portraits/men/82.jpg', 'medium': 'https://randomuser.me/api/portraits/med/men/82.jpg', 'thumbnail': 'https://randomuser.me/api/portraits/thumb/men/82.jpg'}, 'nat': 'AU'}], 'info': {'seed': '61f2289e636c4f5c', 'results': 1, 'page': 1, 'version': '1.4'}}</msg>
<arg>${json_data}</arg>
<doc>Logs the given message with the given level.</doc>
<status status="PASS" start="2024-06-24T10:17:00.370556" elapsed="0.000219"/>
</kw>
<kw name="Should Be String" owner="String">
<arg>${json_data['results'][0]['gender']}</arg>
<doc>Fails if the given ``item`` is not a string.</doc>
<status status="PASS" start="2024-06-24T10:17:00.371072" elapsed="0.000376"/>
</kw>
<kw name="Should Match Regexp" owner="BuiltIn">
<arg>${json_data['results'][0]['email']}</arg>
<arg>^[a-zA-Z0-9._%+-]+@[a-zA-Z0-9.-]+\.[a-zA-Z]{2,}$</arg>
<doc>Fails if ``string`` does not match ``pattern`` as a regular expression.</doc>
<status status="PASS" start="2024-06-24T10:17:00.371638" elapsed="0.000530"/>
</kw>
<kw name="Should Match Regexp" owner="BuiltIn">
<arg>${json_data['results'][0]['dob']['date']}</arg>
<arg>\\d{4}-\\d{2}-\\d{2}T\\d{2}:\\d{2}:\\d{2}\\.\\d{3}Z</arg>
<doc>Fails if ``string`` does not match ``pattern`` as a regular expression.</doc>
<status status="PASS" start="2024-06-24T10:17:00.372457" elapsed="0.000497"/>
</kw>
<kw name="Should Match Regexp" owner="BuiltIn">
<arg>${json_data['results'][0]['registered']['date']}</arg>
<arg>\\d{4}-\\d{2}-\\d{2}T\\d{2}:\\d{2}:\\d{2}\\.\\d{3}Z</arg>
<doc>Fails if ``string`` does not match ``pattern`` as a regular expression.</doc>
<status status="PASS" start="2024-06-24T10:17:00.373149" elapsed="0.000376"/>
</kw>
<kw name="Should Match Regexp" owner="BuiltIn">
<arg>${json_data['results'][0]['picture']['large']}</arg>
<arg>^https?://.*\.(?:png|jpe?g|gif|bmp)$</arg>
<doc>Fails if ``string`` does not match ``pattern`` as a regular expression.</doc>
<status status="PASS" start="2024-06-24T10:17:00.373719" elapsed="0.000461"/>
</kw>
<kw name="Should Match Regexp" owner="BuiltIn">
<arg>${json_data['results'][0]['picture']['medium']}</arg>
<arg>^https?://.*\.(?:png|jpe?g|gif|bmp)$</arg>
<doc>Fails if ``string`` does not match ``pattern`` as a regular expression.</doc>
<status status="PASS" start="2024-06-24T10:17:00.374368" elapsed="0.000354"/>
</kw>
<kw name="Should Match Regexp" owner="BuiltIn">
<arg>${json_data['results'][0]['picture']['thumbnail']}</arg>
<arg>^https?://.*\.(?:png|jpe?g|gif|bmp)$</arg>
<doc>Fails if ``string`` does not match ``pattern`` as a regular expression.</doc>
<status status="PASS" start="2024-06-24T10:17:00.374905" elapsed="0.000346"/>
</kw>
<kw name="Log" owner="BuiltIn">
<msg time="2024-06-24T10:17:00.375754" level="INFO">{'large': 'https://randomuser.me/api/portraits/men/82.jpg', 'medium': 'https://randomuser.me/api/portraits/med/men/82.jpg', 'thumbnail': 'https://randomuser.me/api/portraits/thumb/men/82.jpg'}</msg>
<arg>${json_data['results'][0]['picture']}</arg>
<doc>Logs the given message with the given level.</doc>
<status status="PASS" start="2024-06-24T10:17:00.375432" elapsed="0.000365"/>
</kw>
<status status="PASS" start="2024-06-24T10:17:00.286592" elapsed="0.089478"/>
</kw>
<kw name="Teste de Tipos de Dados - Postcode" owner="random-user-service">
<kw name="GET On Session" owner="RequestsLibrary">
<msg time="2024-06-24T10:17:00.474866" level="INFO">GET Request : url=https://randomuser.me/api 
 path_url=/api 
 headers={'User-Agent': 'python-requests/2.32.3', 'Accept-Encoding': 'gzip, deflate', 'Accept': '*/*', 'Connection': 'keep-alive'} 
 body=None 
 </msg>
<msg time="2024-06-24T10:17:00.474953" level="INFO">GET Response : url=https://randomuser.me/api 
 status=200, reason=OK 
 headers={'Date': 'Mon, 24 Jun 2024 10:17:00 GMT', 'Content-Type': 'application/json; charset=utf-8', 'Transfer-Encoding': 'chunked', 'Connection': 'keep-alive', 'X-Powered-By': 'Express', 'Access-Control-Allow-Origin': '*', 'Cache-Control': 'no-cache', 'ETag': 'W/"4a5-C5HWsg0B1ItY0tfUirq4fKwAr7A"', 'Vary': 'Accept-Encoding', 'Content-Encoding': 'gzip', 'CF-Cache-Status': 'DYNAMIC', 'Report-To': '{"endpoints":[{"url":"https:\\/\\/a.nel.cloudflare.com\\/report\\/v4?s=zvwDg2ZJGuB2A0%2FvGe8klAh2gqe0YDopUV2GZZ2kmP90iPnRF6soLsvGnnyahJlRj0qCs%2BMffwswnrTjy3otgbx7MzL50iPJKhAokIxjh1sEAa%2BGVqyXwngEFLsMn3kE"}],"group":"cf-nel","max_age":604800}', 'NEL': '{"success_fraction":0,"report_to":"cf-nel","max_age":604800}', 'Server': 'cloudflare', 'CF-RAY': '898bf7315bfc588a-IAD', 'alt-svc': 'h3=":443"; ma=86400'} 
 body={"results":[{"gender":"female","name":{"title":"Madame","first":"Susanna","last":"Guillaume"},"location":{"street":{"number":9558,"name":"Rue de L'Abbaye"},"city":"Les Clées","state":"Luzern","country":"Switzerland","postcode":3755,"coordinates":{"latitude":"-58.7355","longitude":"176.3569"},"timezone":{"offset":"+2:00","description":"Kaliningrad, South Africa"}},"email":"susanna.guillaume@example.com","login":{"uuid":"e608f876-780f-42bc-a43a-1887fb4a7bcb","username":"redbutterfly604","password":"chrome","salt":"Hc8lSWBt","md5":"e1f365c3a2dd733ff50c79b06fcdfdb7","sha1":"4c02e5ac3c91688320accdc8b400c78c5c4eba98","sha256":"4b3351f3873fa6d934a29ca8df06b212beee44731d0e2a990389798e6cfb73e4"},"dob":{"date":"1974-07-16T23:44:51.421Z","age":49},"registered":{"date":"2011-09-10T07:12:25.983Z","age":12},"phone":"078 477 63 72","cell":"077 261 24 09","id":{"name":"AVS","value":"756.0215.0872.77"},"picture":{"large":"https://randomuser.me/api/portraits/women/94.jpg","medium":"https://randomuser.me/api/portraits/med/women/94.jpg","thumbnail":"https://randomuser.me/api/portraits/thumb/women/94.jpg"},"nat":"CH"}],"info":{"seed":"017b062b532540d2","results":1,"page":1,"version":"1.4"}} 
 </msg>
<msg time="2024-06-24T10:17:00.475018" level="INFO">/opt/hostedtoolcache/Python/3.12.4/x64/lib/python3.12/site-packages/urllib3/connectionpool.py:1099: InsecureRequestWarning: Unverified HTTPS request is being made to host 'randomuser.me'. Adding certificate verification is strongly advised. See: https://urllib3.readthedocs.io/en/latest/advanced-usage.html#tls-warnings
  warnings.warn(</msg>
<msg time="2024-06-24T10:17:00.475146" level="INFO">${response} = &lt;Response [200]&gt;</msg>
<var>${response}</var>
<arg>consultarAPI</arg>
<arg>/api</arg>
<doc>Sends a GET request on a previously created HTTP Session.</doc>
<status status="PASS" start="2024-06-24T10:17:00.376579" elapsed="0.098611"/>
</kw>
<kw name="Set Variable" owner="BuiltIn">
<msg time="2024-06-24T10:17:00.476129" level="INFO">${json_data} = {'results': [{'gender': 'female', 'name': {'title': 'Madame', 'first': 'Susanna', 'last': 'Guillaume'}, 'location': {'street': {'number': 9558, 'name': "Rue de L'Abbaye"}, 'city': 'Les Clées', 'state'...</msg>
<var>${json_data}</var>
<arg>${response.json()}</arg>
<doc>Returns the given values which can then be assigned to a variables.</doc>
<status status="PASS" start="2024-06-24T10:17:00.475620" elapsed="0.000539"/>
</kw>
<kw name="Log" owner="BuiltIn">
<msg time="2024-06-24T10:17:00.476704" level="INFO">{'results': [{'gender': 'female', 'name': {'title': 'Madame', 'first': 'Susanna', 'last': 'Guillaume'}, 'location': {'street': {'number': 9558, 'name': "Rue de L'Abbaye"}, 'city': 'Les Clées', 'state': 'Luzern', 'country': 'Switzerland', 'postcode': 3755, 'coordinates': {'latitude': '-58.7355', 'longitude': '176.3569'}, 'timezone': {'offset': '+2:00', 'description': 'Kaliningrad, South Africa'}}, 'email': 'susanna.guillaume@example.com', 'login': {'uuid': 'e608f876-780f-42bc-a43a-1887fb4a7bcb', 'username': 'redbutterfly604', 'password': 'chrome', 'salt': 'Hc8lSWBt', 'md5': 'e1f365c3a2dd733ff50c79b06fcdfdb7', 'sha1': '4c02e5ac3c91688320accdc8b400c78c5c4eba98', 'sha256': '4b3351f3873fa6d934a29ca8df06b212beee44731d0e2a990389798e6cfb73e4'}, 'dob': {'date': '1974-07-16T23:44:51.421Z', 'age': 49}, 'registered': {'date': '2011-09-10T07:12:25.983Z', 'age': 12}, 'phone': '078 477 63 72', 'cell': '077 261 24 09', 'id': {'name': 'AVS', 'value': '756.0215.0872.77'}, 'picture': {'large': 'https://randomuser.me/api/portraits/women/94.jpg', 'medium': 'https://randomuser.me/api/portraits/med/women/94.jpg', 'thumbnail': 'https://randomuser.me/api/portraits/thumb/women/94.jpg'}, 'nat': 'CH'}], 'info': {'seed': '017b062b532540d2', 'results': 1, 'page': 1, 'version': '1.4'}}</msg>
<arg>${json_data}</arg>
<doc>Logs the given message with the given level.</doc>
<status status="PASS" start="2024-06-24T10:17:00.476542" elapsed="0.000213"/>
</kw>
<kw name="Should Be Equal As Numbers" owner="BuiltIn">
<arg>${json_data['results'][0]['location']['postcode']}</arg>
<arg>${json_data['results'][0]['location']['postcode']}</arg>
<doc>Fails if objects are unequal after converting them to real numbers.</doc>
<status status="PASS" start="2024-06-24T10:17:00.477067" elapsed="0.000635"/>
</kw>
<kw name="Log" owner="BuiltIn">
<msg time="2024-06-24T10:17:00.478393" level="INFO">3755</msg>
<arg>${json_data['results'][0]['location']['postcode']}</arg>
<doc>Logs the given message with the given level.</doc>
<status status="PASS" start="2024-06-24T10:17:00.477891" elapsed="0.000545"/>
</kw>
<status status="PASS" start="2024-06-24T10:17:00.376336" elapsed="0.102387"/>
</kw>
<doc>Testa se os tipos de dados na resposta da API estão corretos.</doc>
<tag>testeTiposDados</tag>
<status status="PASS" start="2024-06-24T10:17:00.286130" elapsed="0.192760"/>
</test>
<test id="s1-s1-t5" name="Validar conteudo" line="35">
<kw name="Teste de Tipos de Conteudo" owner="random-user-service">
<kw name="GET On Session" owner="RequestsLibrary">
<msg time="2024-06-24T10:17:00.571488" level="INFO">GET Request : url=https://randomuser.me/api 
 path_url=/api 
 headers={'User-Agent': 'python-requests/2.32.3', 'Accept-Encoding': 'gzip, deflate', 'Accept': '*/*', 'Connection': 'keep-alive'} 
 body=None 
 </msg>
<msg time="2024-06-24T10:17:00.571574" level="INFO">GET Response : url=https://randomuser.me/api 
 status=200, reason=OK 
 headers={'Date': 'Mon, 24 Jun 2024 10:17:00 GMT', 'Content-Type': 'application/json; charset=utf-8', 'Transfer-Encoding': 'chunked', 'Connection': 'keep-alive', 'X-Powered-By': 'Express', 'Access-Control-Allow-Origin': '*', 'Cache-Control': 'no-cache', 'ETag': 'W/"47d-OleWsOSypLk9xu3WASxe2QTNib4"', 'Vary': 'Accept-Encoding', 'Content-Encoding': 'gzip', 'CF-Cache-Status': 'DYNAMIC', 'Report-To': '{"endpoints":[{"url":"https:\\/\\/a.nel.cloudflare.com\\/report\\/v4?s=gYqwEDFq2jJTf%2B49hCblcLZnYt7dsw1CXpP16UywiHzSQ3VEaJXSI3MpAvaUoZOIyMZYKUR6UAuTQQknCCCVJA0T%2B4tm1sSAhm3YKlIw6%2Fmn7R0wsDlFhJZT8vrM3bL2"}],"group":"cf-nel","max_age":604800}', 'NEL': '{"success_fraction":0,"report_to":"cf-nel","max_age":604800}', 'Server': 'cloudflare', 'CF-RAY': '898bf7320c92588a-IAD', 'alt-svc': 'h3=":443"; ma=86400'} 
 body={"results":[{"gender":"female","name":{"title":"Mrs","first":"Emilie","last":"Andersen"},"location":{"street":{"number":3055,"name":"Læsøvej"},"city":"Randers Nv","state":"Nordjylland","country":"Denmark","postcode":26948,"coordinates":{"latitude":"-39.0359","longitude":"2.0003"},"timezone":{"offset":"+9:30","description":"Adelaide, Darwin"}},"email":"emilie.andersen@example.com","login":{"uuid":"308e48aa-3d15-4922-94c8-a2ba04833a32","username":"orangeostrich254","password":"sam123","salt":"ZguMlkus","md5":"e32582f69cb624009966dd665696cc9a","sha1":"ba06088ad5ee1b2b97fb4851dd9b3dedecacdd31","sha256":"f10bc96b82234f1db773ccdb85da285925ebaaac81ec06f229ca1fee45494e52"},"dob":{"date":"1984-08-10T01:35:47.457Z","age":39},"registered":{"date":"2014-11-28T06:30:16.204Z","age":9},"phone":"35226211","cell":"82023175","id":{"name":"CPR","value":"090884-4249"},"picture":{"large":"https://randomuser.me/api/portraits/women/0.jpg","medium":"https://randomuser.me/api/portraits/med/women/0.jpg","thumbnail":"https://randomuser.me/api/portraits/thumb/women/0.jpg"},"nat":"DK"}],"info":{"seed":"5c33bb50de307e98","results":1,"page":1,"version":"1.4"}} 
 </msg>
<msg time="2024-06-24T10:17:00.571656" level="INFO">/opt/hostedtoolcache/Python/3.12.4/x64/lib/python3.12/site-packages/urllib3/connectionpool.py:1099: InsecureRequestWarning: Unverified HTTPS request is being made to host 'randomuser.me'. Adding certificate verification is strongly advised. See: https://urllib3.readthedocs.io/en/latest/advanced-usage.html#tls-warnings
  warnings.warn(</msg>
<msg time="2024-06-24T10:17:00.571800" level="INFO">${response} = &lt;Response [200]&gt;</msg>
<var>${response}</var>
<arg>consultarAPI</arg>
<arg>/api</arg>
<doc>Sends a GET request on a previously created HTTP Session.</doc>
<status status="PASS" start="2024-06-24T10:17:00.481356" elapsed="0.090501"/>
</kw>
<kw name="Set Variable" owner="BuiltIn">
<msg time="2024-06-24T10:17:00.572735" level="INFO">${json_data} = {'results': [{'gender': 'female', 'name': {'title': 'Mrs', 'first': 'Emilie', 'last': 'Andersen'}, 'location': {'street': {'number': 3055, 'name': 'Læsøvej'}, 'city': 'Randers Nv', 'state': 'Nordjylla...</msg>
<var>${json_data}</var>
<arg>${response.json()}</arg>
<doc>Returns the given values which can then be assigned to a variables.</doc>
<status status="PASS" start="2024-06-24T10:17:00.572290" elapsed="0.000475"/>
</kw>
<kw name="Set Variable" owner="BuiltIn">
<msg time="2024-06-24T10:17:00.573451" level="INFO">${name_title} = Mrs</msg>
<var>${name_title}</var>
<arg>${json_data["results"][0]["name"]["title"]}</arg>
<doc>Returns the given values which can then be assigned to a variables.</doc>
<status status="PASS" start="2024-06-24T10:17:00.573073" elapsed="0.000403"/>
</kw>
<kw name="Create List" owner="BuiltIn">
<msg time="2024-06-24T10:17:00.573919" level="INFO">${allowed_titles} = ['Mr', 'Ms', 'Miss', 'Mrs', 'Madame', 'Monsieur']</msg>
<var>${allowed_titles}</var>
<arg>Mr</arg>
<arg>Ms</arg>
<arg>Miss</arg>
<arg>Mrs</arg>
<arg>Madame</arg>
<arg>Monsieur</arg>
<doc>Returns a list containing given items.</doc>
<status status="PASS" start="2024-06-24T10:17:00.573771" elapsed="0.000171"/>
</kw>
<kw name="List Should Contain Value" owner="Collections">
<arg>${allowed_titles}</arg>
<arg>${name_title}</arg>
<doc>Fails if the ``value`` is not found from ``list``.</doc>
<status status="PASS" start="2024-06-24T10:17:00.574247" elapsed="0.000175"/>
</kw>
<kw name="Set Variable" owner="BuiltIn">
<msg time="2024-06-24T10:17:00.574968" level="INFO">${name_country} = DK</msg>
<var>${name_country}</var>
<arg>${json_data["results"][0]["nat"]}</arg>
<doc>Returns the given values which can then be assigned to a variables.</doc>
<status status="PASS" start="2024-06-24T10:17:00.574596" elapsed="0.000397"/>
</kw>
<kw name="Create List" owner="BuiltIn">
<msg time="2024-06-24T10:17:00.575898" level="INFO">${list_country} = ['AD', 'AE', 'AF', 'AG', 'AI', 'AL', 'AM', 'AO', 'AQ', 'AR', 'AS', 'AT', 'AU', 'AW', 'AX', 'AZ', 'BA', 'BB', 'BD', 'BE', 'BF', 'BG', 'BH', 'BI', 'BJ', 'BL', 'BM', 'BN', 'BO', 'BQ', 'BR', 'BS', 'BT', '...</msg>
<var>${list_country}</var>
<arg>AD</arg>
<arg>AE</arg>
<arg>AF</arg>
<arg>AG</arg>
<arg>AI</arg>
<arg>AL</arg>
<arg>AM</arg>
<arg>AO</arg>
<arg>AQ</arg>
<arg>AR</arg>
<arg>AS</arg>
<arg>AT</arg>
<arg>AU</arg>
<arg>AW</arg>
<arg>AX</arg>
<arg>AZ</arg>
<arg>BA</arg>
<arg>BB</arg>
<arg>BD</arg>
<arg>BE</arg>
<arg>BF</arg>
<arg>BG</arg>
<arg>BH</arg>
<arg>BI</arg>
<arg>BJ</arg>
<arg>BL</arg>
<arg>BM</arg>
<arg>BN</arg>
<arg>BO</arg>
<arg>BQ</arg>
<arg>BR</arg>
<arg>BS</arg>
<arg>BT</arg>
<arg>BV</arg>
<arg>BW</arg>
<arg>BY</arg>
<arg>BZ</arg>
<arg>CA</arg>
<arg>CC</arg>
<arg>CD</arg>
<arg>CF</arg>
<arg>CG</arg>
<arg>CH</arg>
<arg>CI</arg>
<arg>CK</arg>
<arg>CL</arg>
<arg>CM</arg>
<arg>CN</arg>
<arg>CO</arg>
<arg>CR</arg>
<arg>CU</arg>
<arg>CV</arg>
<arg>CW</arg>
<arg>CX</arg>
<arg>CY</arg>
<arg>CZ</arg>
<arg>DE</arg>
<arg>DJ</arg>
<arg>DK</arg>
<arg>DM</arg>
<arg>DO</arg>
<arg>DZ</arg>
<arg>EC</arg>
<arg>EE</arg>
<arg>EG</arg>
<arg>EH</arg>
<arg>ER</arg>
<arg>ES</arg>
<arg>ET</arg>
<arg>FI</arg>
<arg>FJ</arg>
<arg>FK</arg>
<arg>FM</arg>
<arg>FO</arg>
<arg>FR</arg>
<arg>GA</arg>
<arg>GB</arg>
<arg>GD</arg>
<arg>GE</arg>
<arg>GF</arg>
<arg>GG</arg>
<arg>GH</arg>
<arg>GI</arg>
<arg>GL</arg>
<arg>GM</arg>
<arg>GN</arg>
<arg>GP</arg>
<arg>GQ</arg>
<arg>GR</arg>
<arg>GS</arg>
<arg>GT</arg>
<arg>GU</arg>
<arg>GW</arg>
<arg>GY</arg>
<arg>HK</arg>
<arg>HM</arg>
<arg>HN</arg>
<arg>HR</arg>
<arg>HT</arg>
<arg>HU</arg>
<arg>ID</arg>
<arg>IE</arg>
<arg>IL</arg>
<arg>IM</arg>
<arg>IN</arg>
<arg>IO</arg>
<arg>IQ</arg>
<arg>IR</arg>
<arg>IS</arg>
<arg>IT</arg>
<arg>JE</arg>
<arg>JM</arg>
<arg>JO</arg>
<arg>JP</arg>
<arg>KE</arg>
<arg>KG</arg>
<arg>KH</arg>
<arg>KI</arg>
<arg>KM</arg>
<arg>KN</arg>
<arg>KP</arg>
<arg>KR</arg>
<arg>KW</arg>
<arg>KY</arg>
<arg>KZ</arg>
<arg>LA</arg>
<arg>LB</arg>
<arg>LC</arg>
<arg>LI</arg>
<arg>LK</arg>
<arg>LR</arg>
<arg>LS</arg>
<arg>LT</arg>
<arg>LU</arg>
<arg>LV</arg>
<arg>LY</arg>
<arg>MA</arg>
<arg>MC</arg>
<arg>MD</arg>
<arg>ME</arg>
<arg>MF</arg>
<arg>MG</arg>
<arg>MH</arg>
<arg>MK</arg>
<arg>ML</arg>
<arg>MM</arg>
<arg>MN</arg>
<arg>MO</arg>
<arg>MP</arg>
<arg>MQ</arg>
<arg>MR</arg>
<arg>MS</arg>
<arg>MT</arg>
<arg>MU</arg>
<arg>MV</arg>
<arg>MW</arg>
<arg>MX</arg>
<arg>MY</arg>
<arg>MZ</arg>
<arg>NA</arg>
<arg>NC</arg>
<arg>NE</arg>
<arg>NF</arg>
<arg>NG</arg>
<arg>NI</arg>
<arg>NL</arg>
<arg>NO</arg>
<arg>NP</arg>
<arg>NR</arg>
<arg>NU</arg>
<arg>NZ</arg>
<arg>OM</arg>
<arg>PA</arg>
<arg>PE</arg>
<arg>PF</arg>
<arg>PG</arg>
<arg>PH</arg>
<arg>PK</arg>
<arg>PL</arg>
<arg>PM</arg>
<arg>PN</arg>
<arg>PR</arg>
<arg>PS</arg>
<arg>PT</arg>
<arg>PW</arg>
<arg>PY</arg>
<arg>QA</arg>
<arg>RE</arg>
<arg>RO</arg>
<arg>RS</arg>
<arg>RU</arg>
<arg>RW</arg>
<arg>SA</arg>
<arg>SB</arg>
<arg>SC</arg>
<arg>SD</arg>
<arg>SE</arg>
<arg>SG</arg>
<arg>SH</arg>
<arg>SI</arg>
<arg>SJ</arg>
<arg>SK</arg>
<arg>SL</arg>
<arg>SM</arg>
<arg>SN</arg>
<arg>SO</arg>
<arg>SR</arg>
<arg>SS</arg>
<arg>ST</arg>
<arg>SV</arg>
<arg>SX</arg>
<arg>SY</arg>
<arg>SZ</arg>
<arg>TC</arg>
<arg>TD</arg>
<arg>TF</arg>
<arg>TG</arg>
<arg>TH</arg>
<arg>TJ</arg>
<arg>TK</arg>
<arg>TL</arg>
<arg>TM</arg>
<arg>TN</arg>
<arg>TO</arg>
<arg>TR</arg>
<arg>TT</arg>
<arg>TV</arg>
<arg>TW</arg>
<arg>TZ</arg>
<arg>UA</arg>
<arg>UG</arg>
<arg>UM</arg>
<arg>US</arg>
<arg>UY</arg>
<arg>UZ</arg>
<arg>VA</arg>
<arg>VC</arg>
<arg>VE</arg>
<arg>VG</arg>
<arg>VI</arg>
<arg>VN</arg>
<arg>VU</arg>
<arg>WF</arg>
<arg>WS</arg>
<arg>XK</arg>
<arg>YE</arg>
<arg>YT</arg>
<arg>ZA</arg>
<arg>ZM</arg>
<arg>ZW</arg>
<doc>Returns a list containing given items.</doc>
<status status="PASS" start="2024-06-24T10:17:00.575282" elapsed="0.000643"/>
</kw>
<kw name="List Should Contain Value" owner="Collections">
<arg>${list_country}</arg>
<arg>${name_country}</arg>
<doc>Fails if the ``value`` is not found from ``list``.</doc>
<status status="PASS" start="2024-06-24T10:17:00.576753" elapsed="0.000204"/>
</kw>
<kw name="Run Keyword If" owner="BuiltIn">
<kw name="Should Be True" owner="BuiltIn">
<arg>${True}</arg>
<doc>Fails if the given condition is not true.</doc>
<status status="PASS" start="2024-06-24T10:17:00.577922" elapsed="0.000139"/>
</kw>
<arg>${json_data["results"][0]["location"]["coordinates"]["latitude"]} &gt;= -90 and ${json_data["results"][0]["location"]["coordinates"]["latitude"]} &lt;= 90</arg>
<arg>Should Be True</arg>
<arg>${True}</arg>
<doc>Runs the given keyword with the given arguments, if ``condition`` is true.</doc>
<status status="PASS" start="2024-06-24T10:17:00.577167" elapsed="0.001019"/>
</kw>
<kw name="Run Keyword If" owner="BuiltIn">
<kw name="Should Be True" owner="BuiltIn">
<arg>${True}</arg>
<doc>Fails if the given condition is not true.</doc>
<status status="PASS" start="2024-06-24T10:17:00.579065" elapsed="0.000228"/>
</kw>
<arg>${json_data["results"][0]["location"]["coordinates"]["longitude"]} &gt;= -180 and ${json_data["results"][0]["location"]["coordinates"]["longitude"]} &lt;= 180</arg>
<arg>Should Be True</arg>
<arg>${True}</arg>
<doc>Runs the given keyword with the given arguments, if ``condition`` is true.</doc>
<status status="PASS" start="2024-06-24T10:17:00.578367" elapsed="0.001055"/>
</kw>
<status status="PASS" start="2024-06-24T10:17:00.481133" elapsed="0.098419"/>
</kw>
<doc>Testa o conteúdo específico dos campos retornados pela API.</doc>
<tag>testeConteudo</tag>
<status status="PASS" start="2024-06-24T10:17:00.480681" elapsed="0.099017"/>
</test>
<status status="PASS" start="2024-06-24T10:16:59.657937" elapsed="0.923729"/>
</suite>
<status status="PASS" start="2024-06-24T10:16:59.642794" elapsed="0.943945"/>
</suite>
<statistics>
<total>
<stat pass="5" fail="0" skip="0">All Tests</stat>
</total>
<tag>
<stat pass="1" fail="0" skip="0">testeConteudo</stat>
<stat pass="1" fail="0" skip="0">testeEstruturaResposta</stat>
<stat pass="1" fail="0" skip="0">testeRequisicaoBasica</stat>
<stat pass="1" fail="0" skip="0">testeTiposDados</stat>
</tag>
<suite>
<stat pass="5" fail="0" skip="0" id="s1" name="Tests">Tests</stat>
<stat pass="5" fail="0" skip="0" id="s1-s1" name="Random-User-Test">Tests.Random-User-Test</stat>
</suite>
</statistics>
<errors>
</errors>
</robot>
