<?xml version="1.0" encoding="UTF-8"?>
<robot generator="Robot 7.0 (Python 3.12.3 on linux)" generated="2024-04-27T07:11:59.424583" rpa="false" schemaversion="5">
<suite id="s1" name="Tests" source="/home/runner/work/DesafioQAItauRogerioJordao/DesafioQAItauRogerioJordao/RamdonUser/tests">
<suite id="s1-s1" name="Random-User-Test" source="/home/runner/work/DesafioQAItauRogerioJordao/DesafioQAItauRogerioJordao/RamdonUser/tests/random-user-test.robot">
<test id="s1-s1-t1" name="Conectar" line="13">
<kw name="Conectar API" owner="random-user-service">
<kw name="Create Session" owner="RequestsLibrary">
<msg time="2024-04-27T07:11:59.784151" level="INFO">Creating Session using : alias=consultarAPI, url=https://randomuser.me/, headers={},                     cookies={}, auth=None, timeout=None, proxies=None, verify=False,                     debug=0 </msg>
<arg>consultarAPI</arg>
<arg>${URL}</arg>
<doc>Create Session: create a HTTP session to a server</doc>
<status status="PASS" start="2024-04-27T07:11:59.783953" elapsed="0.000369"/>
</kw>
<status status="PASS" start="2024-04-27T07:11:59.782986" elapsed="0.001694"/>
</kw>
<status status="PASS" start="2024-04-27T07:11:59.782409" elapsed="0.002463"/>
</test>
<test id="s1-s1-t2" name="Validar retorno 200 e JSON Válido" line="16">
<kw name="Teste de Requisicao Basica" owner="random-user-service">
<kw name="GET On Session" owner="RequestsLibrary">
<msg time="2024-04-27T07:11:59.907800" level="INFO">GET Request : url=https://randomuser.me/api 
 path_url=/api 
 headers={'User-Agent': 'python-requests/2.31.0', 'Accept-Encoding': 'gzip, deflate', 'Accept': '*/*', 'Connection': 'keep-alive'} 
 body=None 
 </msg>
<msg time="2024-04-27T07:11:59.907934" level="INFO">GET Response : url=https://randomuser.me/api 
 status=200, reason=OK 
 headers={'Date': 'Sat, 27 Apr 2024 07:11:59 GMT', 'Content-Type': 'application/json; charset=utf-8', 'Transfer-Encoding': 'chunked', 'Connection': 'keep-alive', 'X-Powered-By': 'Express', 'Access-Control-Allow-Origin': '*', 'Cache-Control': 'no-cache', 'ETag': 'W/"491-Fn/M2aKugOJZkNNO4gHYFqOBOoo"', 'Vary': 'Accept-Encoding', 'Content-Encoding': 'gzip', 'CF-Cache-Status': 'DYNAMIC', 'Report-To': '{"endpoints":[{"url":"https:\\/\\/a.nel.cloudflare.com\\/report\\/v4?s=FBQcZObNPei%2FqMekFr6NCcmEqcSuq0q0MFnFvIUNEL%2Buy26IC9iRFI7SO0npLKhlOGZhwssi3efpvS5fK5pSlX%2BKfK5Rw6l3j7KjhfY5CdDwHPAvbJTE6UgeLxZYkz8h"}],"group":"cf-nel","max_age":604800}', 'NEL': '{"success_fraction":0,"report_to":"cf-nel","max_age":604800}', 'Server': 'cloudflare', 'CF-RAY': '87ad006edeb91590-SJC', 'alt-svc': 'h3=":443"; ma=86400'} 
 body={"results":[{"gender":"male","name":{"title":"Mr","first":"Miguel","last":"Powell"},"location":{"street":{"number":3510,"name":"E Center St"},"city":"Gladstone","state":"Northern Territory","country":"Australia","postcode":5666,"coordinates":{"latitude":"-83.5432","longitude":"-97.3992"},"timezone":{"offset":"+1:00","description":"Brussels, Copenhagen, Madrid, Paris"}},"email":"miguel.powell@example.com","login":{"uuid":"bb752645-49bd-484f-a895-727083460f86","username":"organicfrog521","password":"lian","salt":"pJTZGr8k","md5":"a4f55d72bfce0869febabbee75ffb044","sha1":"c2ee0241c85a5804212b109ed9e0f592ad41b2ff","sha256":"553a62a83d9f1225e61ccd8f34707fc7e34dcf6af3c426ea62aa07f4bc1c67ba"},"dob":{"date":"1954-12-31T17:08:57.372Z","age":69},"registered":{"date":"2011-09-25T13:22:11.175Z","age":12},"phone":"05-2240-9549","cell":"0491-491-736","id":{"name":"TFN","value":"595209862"},"picture":{"large":"https://randomuser.me/api/portraits/men/4.jpg","medium":"https://randomuser.me/api/portraits/med/men/4.jpg","thumbnail":"https://randomuser.me/api/portraits/thumb/men/4.jpg"},"nat":"AU"}],"info":{"seed":"f9265a274f2fd6ab","results":1,"page":1,"version":"1.4"}} 
 </msg>
<msg time="2024-04-27T07:11:59.908025" level="INFO">/opt/hostedtoolcache/Python/3.12.3/x64/lib/python3.12/site-packages/urllib3/connectionpool.py:1103: InsecureRequestWarning: Unverified HTTPS request is being made to host 'randomuser.me'. Adding certificate verification is strongly advised. See: https://urllib3.readthedocs.io/en/latest/advanced-usage.html#tls-warnings
  warnings.warn(</msg>
<msg time="2024-04-27T07:11:59.908154" level="INFO">${response} = &lt;Response [200]&gt;</msg>
<var>${response}</var>
<arg>consultarAPI</arg>
<arg>/api</arg>
<doc>Sends a GET request on a previously created HTTP Session.</doc>
<status status="PASS" start="2024-04-27T07:11:59.787530" elapsed="0.120667"/>
</kw>
<kw name="Should Be Equal As Numbers" owner="BuiltIn">
<msg time="2024-04-27T07:11:59.908990" level="INFO">Argument types are:
&lt;class 'int'&gt;
&lt;class 'str'&gt;</msg>
<arg>${response.status_code}</arg>
<arg>200</arg>
<doc>Fails if objects are unequal after converting them to real numbers.</doc>
<status status="PASS" start="2024-04-27T07:11:59.908583" elapsed="0.000471"/>
</kw>
<kw name="Log" owner="BuiltIn">
<msg time="2024-04-27T07:11:59.909737" level="INFO">200</msg>
<arg>${response.status_code}</arg>
<doc>Logs the given message with the given level.</doc>
<status status="PASS" start="2024-04-27T07:11:59.909389" elapsed="0.000391"/>
</kw>
<kw name="Set Variable" owner="BuiltIn">
<msg time="2024-04-27T07:11:59.910526" level="INFO">${json_data} = {'results': [{'gender': 'male', 'name': {'title': 'Mr', 'first': 'Miguel', 'last': 'Powell'}, 'location': {'street': {'number': 3510, 'name': 'E Center St'}, 'city': 'Gladstone', 'state': 'Northern Te...</msg>
<var>${json_data}</var>
<arg>${response.json()}</arg>
<doc>Returns the given values which can then be assigned to a variables.</doc>
<status status="PASS" start="2024-04-27T07:11:59.910085" elapsed="0.000469"/>
</kw>
<kw name="Dictionary Should Contain Key" owner="Collections">
<msg time="2024-04-27T07:11:59.911023" level="INFO">False</msg>
<arg>${json_data}</arg>
<arg>results</arg>
<doc>Fails if ``key`` is not found from ``dictionary``.</doc>
<status status="PASS" start="2024-04-27T07:11:59.910860" elapsed="0.000201"/>
</kw>
<status status="PASS" start="2024-04-27T07:11:59.787287" elapsed="0.124085"/>
</kw>
<doc>Testa se a API responde corretamente e retorna um objeto JSON válido.</doc>
<tag>testeRequisicaoBasica</tag>
<status status="PASS" start="2024-04-27T07:11:59.786747" elapsed="0.124800"/>
</test>
<test id="s1-s1-t3" name="Validar estrutura de resposta" line="22">
<kw name="Teste de Estrutura de Resposta" owner="random-user-service">
<kw name="GET On Session" owner="RequestsLibrary">
<msg time="2024-04-27T07:12:00.009153" level="INFO">GET Request : url=https://randomuser.me/api 
 path_url=/api 
 headers={'User-Agent': 'python-requests/2.31.0', 'Accept-Encoding': 'gzip, deflate', 'Accept': '*/*', 'Connection': 'keep-alive'} 
 body=None 
 </msg>
<msg time="2024-04-27T07:12:00.009237" level="INFO">GET Response : url=https://randomuser.me/api 
 status=200, reason=OK 
 headers={'Date': 'Sat, 27 Apr 2024 07:12:00 GMT', 'Content-Type': 'application/json; charset=utf-8', 'Transfer-Encoding': 'chunked', 'Connection': 'keep-alive', 'X-Powered-By': 'Express', 'Access-Control-Allow-Origin': '*', 'Cache-Control': 'no-cache', 'ETag': 'W/"480-ZPddsp5V/LUVcgotYYE0khEMVHI"', 'Vary': 'Accept-Encoding', 'Content-Encoding': 'gzip', 'CF-Cache-Status': 'DYNAMIC', 'Report-To': '{"endpoints":[{"url":"https:\\/\\/a.nel.cloudflare.com\\/report\\/v4?s=BdcqjkmcysoOdoSJBVJFldSjMcfk3CK19ch4mLAFplVPVdHEP52QitfLlgpq7E78wI3%2Fztv0%2FuvYwaUK2YX7fIQ%2BGp0yOqXqQgv0NDDA0vzBA5X1VlZJYQ%2Froocifjyq"}],"group":"cf-nel","max_age":604800}', 'NEL': '{"success_fraction":0,"report_to":"cf-nel","max_age":604800}', 'Server': 'cloudflare', 'CF-RAY': '87ad006f7f4e1590-SJC', 'alt-svc': 'h3=":443"; ma=86400'} 
 body={"results":[{"gender":"female","name":{"title":"Miss","first":"Nicoline","last":"Nielsen"},"location":{"street":{"number":9529,"name":"Rødtjørnevej"},"city":"Ugerløse","state":"Danmark","country":"Denmark","postcode":44417,"coordinates":{"latitude":"-43.8064","longitude":"23.5564"},"timezone":{"offset":"-3:30","description":"Newfoundland"}},"email":"nicoline.nielsen@example.com","login":{"uuid":"ba24fae1-6777-4802-9471-bd87b35926a1","username":"beautifulpanda867","password":"josh","salt":"DDDHakhq","md5":"dfba13c499bb857fbfae6ec76e31dcd4","sha1":"801848112d316efa4f428c8875a70a1ae53dc4ef","sha256":"eda74df8599d907e707fec8b0f2b86cc4cd8dc06381fa2fb4dac00344d69a378"},"dob":{"date":"1974-01-27T00:03:42.912Z","age":50},"registered":{"date":"2011-10-28T20:43:40.969Z","age":12},"phone":"13514604","cell":"97612667","id":{"name":"CPR","value":"260174-3762"},"picture":{"large":"https://randomuser.me/api/portraits/women/68.jpg","medium":"https://randomuser.me/api/portraits/med/women/68.jpg","thumbnail":"https://randomuser.me/api/portraits/thumb/women/68.jpg"},"nat":"DK"}],"info":{"seed":"db5b9e7df24ec0a8","results":1,"page":1,"version":"1.4"}} 
 </msg>
<msg time="2024-04-27T07:12:00.009355" level="INFO">/opt/hostedtoolcache/Python/3.12.3/x64/lib/python3.12/site-packages/urllib3/connectionpool.py:1103: InsecureRequestWarning: Unverified HTTPS request is being made to host 'randomuser.me'. Adding certificate verification is strongly advised. See: https://urllib3.readthedocs.io/en/latest/advanced-usage.html#tls-warnings
  warnings.warn(</msg>
<msg time="2024-04-27T07:12:00.009489" level="INFO">${response} = &lt;Response [200]&gt;</msg>
<var>${response}</var>
<arg>consultarAPI</arg>
<arg>/api</arg>
<doc>Sends a GET request on a previously created HTTP Session.</doc>
<status status="PASS" start="2024-04-27T07:11:59.914215" elapsed="0.095327"/>
</kw>
<kw name="Set Variable" owner="BuiltIn">
<msg time="2024-04-27T07:12:00.010479" level="INFO">${json_data} = {'results': [{'gender': 'female', 'name': {'title': 'Miss', 'first': 'Nicoline', 'last': 'Nielsen'}, 'location': {'street': {'number': 9529, 'name': 'Rødtjørnevej'}, 'city': 'Ugerløse', 'state': 'Danm...</msg>
<var>${json_data}</var>
<arg>${response.json()}</arg>
<doc>Returns the given values which can then be assigned to a variables.</doc>
<status status="PASS" start="2024-04-27T07:12:00.009969" elapsed="0.000539"/>
</kw>
<kw name="Log" owner="BuiltIn">
<msg time="2024-04-27T07:12:00.010983" level="INFO">{'results': [{'gender': 'female', 'name': {'title': 'Miss', 'first': 'Nicoline', 'last': 'Nielsen'}, 'location': {'street': {'number': 9529, 'name': 'Rødtjørnevej'}, 'city': 'Ugerløse', 'state': 'Danmark', 'country': 'Denmark', 'postcode': 44417, 'coordinates': {'latitude': '-43.8064', 'longitude': '23.5564'}, 'timezone': {'offset': '-3:30', 'description': 'Newfoundland'}}, 'email': 'nicoline.nielsen@example.com', 'login': {'uuid': 'ba24fae1-6777-4802-9471-bd87b35926a1', 'username': 'beautifulpanda867', 'password': 'josh', 'salt': 'DDDHakhq', 'md5': 'dfba13c499bb857fbfae6ec76e31dcd4', 'sha1': '801848112d316efa4f428c8875a70a1ae53dc4ef', 'sha256': 'eda74df8599d907e707fec8b0f2b86cc4cd8dc06381fa2fb4dac00344d69a378'}, 'dob': {'date': '1974-01-27T00:03:42.912Z', 'age': 50}, 'registered': {'date': '2011-10-28T20:43:40.969Z', 'age': 12}, 'phone': '13514604', 'cell': '97612667', 'id': {'name': 'CPR', 'value': '260174-3762'}, 'picture': {'large': 'https://randomuser.me/api/portraits/women/68.jpg', 'medium': 'https://randomuser.me/api/portraits/med/women/68.jpg', 'thumbnail': 'https://randomuser.me/api/portraits/thumb/women/68.jpg'}, 'nat': 'DK'}], 'info': {'seed': 'db5b9e7df24ec0a8', 'results': 1, 'page': 1, 'version': '1.4'}}</msg>
<arg>${json_data}</arg>
<doc>Logs the given message with the given level.</doc>
<status status="PASS" start="2024-04-27T07:12:00.010820" elapsed="0.000213"/>
</kw>
<kw name="Dictionary Should Contain Key" owner="Collections">
<msg time="2024-04-27T07:12:00.011530" level="INFO">False</msg>
<arg>${json_data}</arg>
<arg>results</arg>
<doc>Fails if ``key`` is not found from ``dictionary``.</doc>
<status status="PASS" start="2024-04-27T07:12:00.011372" elapsed="0.000195"/>
</kw>
<kw name="Should Not Be Empty" owner="BuiltIn">
<msg time="2024-04-27T07:12:00.011995" level="INFO">Length is 2.</msg>
<arg>${json_data}</arg>
<doc>Verifies that the given item is not empty.</doc>
<status status="PASS" start="2024-04-27T07:12:00.011862" elapsed="0.000172"/>
</kw>
<kw name="Create List" owner="BuiltIn">
<msg time="2024-04-27T07:12:00.012645" level="INFO">${expected_keys} = ['gender', 'name', 'location', 'email', 'login']</msg>
<var>${expected_keys}</var>
<arg>gender</arg>
<arg>name</arg>
<arg>location</arg>
<arg>email</arg>
<arg>login</arg>
<doc>Returns a list containing given items.</doc>
<status status="PASS" start="2024-04-27T07:12:00.012333" elapsed="0.000339"/>
</kw>
<for flavor="IN">
<iter>
<kw name="Dictionary Should Contain Key" owner="Collections">
<msg time="2024-04-27T07:12:00.013676" level="INFO">False</msg>
<arg>${json_data['results'][0]}</arg>
<arg>${key}</arg>
<doc>Fails if ``key`` is not found from ``dictionary``.</doc>
<status status="PASS" start="2024-04-27T07:12:00.013270" elapsed="0.000446"/>
</kw>
<kw name="Log" owner="BuiltIn">
<msg time="2024-04-27T07:12:00.014392" level="INFO">{'gender': 'female', 'name': {'title': 'Miss', 'first': 'Nicoline', 'last': 'Nielsen'}, 'location': {'street': {'number': 9529, 'name': 'Rødtjørnevej'}, 'city': 'Ugerløse', 'state': 'Danmark', 'country': 'Denmark', 'postcode': 44417, 'coordinates': {'latitude': '-43.8064', 'longitude': '23.5564'}, 'timezone': {'offset': '-3:30', 'description': 'Newfoundland'}}, 'email': 'nicoline.nielsen@example.com', 'login': {'uuid': 'ba24fae1-6777-4802-9471-bd87b35926a1', 'username': 'beautifulpanda867', 'password': 'josh', 'salt': 'DDDHakhq', 'md5': 'dfba13c499bb857fbfae6ec76e31dcd4', 'sha1': '801848112d316efa4f428c8875a70a1ae53dc4ef', 'sha256': 'eda74df8599d907e707fec8b0f2b86cc4cd8dc06381fa2fb4dac00344d69a378'}, 'dob': {'date': '1974-01-27T00:03:42.912Z', 'age': 50}, 'registered': {'date': '2011-10-28T20:43:40.969Z', 'age': 12}, 'phone': '13514604', 'cell': '97612667', 'id': {'name': 'CPR', 'value': '260174-3762'}, 'picture': {'large': 'https://randomuser.me/api/portraits/women/68.jpg', 'medium': 'https://randomuser.me/api/portraits/med/women/68.jpg', 'thumbnail': 'https://randomuser.me/api/portraits/thumb/women/68.jpg'}, 'nat': 'DK'}</msg>
<arg>${json_data['results'][0]}</arg>
<doc>Logs the given message with the given level.</doc>
<status status="PASS" start="2024-04-27T07:12:00.014020" elapsed="0.000423"/>
</kw>
<kw name="Log" owner="BuiltIn">
<msg time="2024-04-27T07:12:00.014869" level="INFO">gender</msg>
<arg>${key}</arg>
<doc>Logs the given message with the given level.</doc>
<status status="PASS" start="2024-04-27T07:12:00.014742" elapsed="0.000165"/>
</kw>
<var name="${key}">gender</var>
<status status="PASS" start="2024-04-27T07:12:00.013141" elapsed="0.002011"/>
</iter>
<iter>
<kw name="Dictionary Should Contain Key" owner="Collections">
<msg time="2024-04-27T07:12:00.015855" level="INFO">False</msg>
<arg>${json_data['results'][0]}</arg>
<arg>${key}</arg>
<doc>Fails if ``key`` is not found from ``dictionary``.</doc>
<status status="PASS" start="2024-04-27T07:12:00.015462" elapsed="0.000430"/>
</kw>
<kw name="Log" owner="BuiltIn">
<msg time="2024-04-27T07:12:00.016584" level="INFO">{'gender': 'female', 'name': {'title': 'Miss', 'first': 'Nicoline', 'last': 'Nielsen'}, 'location': {'street': {'number': 9529, 'name': 'Rødtjørnevej'}, 'city': 'Ugerløse', 'state': 'Danmark', 'country': 'Denmark', 'postcode': 44417, 'coordinates': {'latitude': '-43.8064', 'longitude': '23.5564'}, 'timezone': {'offset': '-3:30', 'description': 'Newfoundland'}}, 'email': 'nicoline.nielsen@example.com', 'login': {'uuid': 'ba24fae1-6777-4802-9471-bd87b35926a1', 'username': 'beautifulpanda867', 'password': 'josh', 'salt': 'DDDHakhq', 'md5': 'dfba13c499bb857fbfae6ec76e31dcd4', 'sha1': '801848112d316efa4f428c8875a70a1ae53dc4ef', 'sha256': 'eda74df8599d907e707fec8b0f2b86cc4cd8dc06381fa2fb4dac00344d69a378'}, 'dob': {'date': '1974-01-27T00:03:42.912Z', 'age': 50}, 'registered': {'date': '2011-10-28T20:43:40.969Z', 'age': 12}, 'phone': '13514604', 'cell': '97612667', 'id': {'name': 'CPR', 'value': '260174-3762'}, 'picture': {'large': 'https://randomuser.me/api/portraits/women/68.jpg', 'medium': 'https://randomuser.me/api/portraits/med/women/68.jpg', 'thumbnail': 'https://randomuser.me/api/portraits/thumb/women/68.jpg'}, 'nat': 'DK'}</msg>
<arg>${json_data['results'][0]}</arg>
<doc>Logs the given message with the given level.</doc>
<status status="PASS" start="2024-04-27T07:12:00.016217" elapsed="0.000419"/>
</kw>
<kw name="Log" owner="BuiltIn">
<msg time="2024-04-27T07:12:00.017063" level="INFO">name</msg>
<arg>${key}</arg>
<doc>Logs the given message with the given level.</doc>
<status status="PASS" start="2024-04-27T07:12:00.016937" elapsed="0.000163"/>
</kw>
<var name="${key}">name</var>
<status status="PASS" start="2024-04-27T07:12:00.015345" elapsed="0.001974"/>
</iter>
<iter>
<kw name="Dictionary Should Contain Key" owner="Collections">
<msg time="2024-04-27T07:12:00.018004" level="INFO">False</msg>
<arg>${json_data['results'][0]}</arg>
<arg>${key}</arg>
<doc>Fails if ``key`` is not found from ``dictionary``.</doc>
<status status="PASS" start="2024-04-27T07:12:00.017613" elapsed="0.000429"/>
</kw>
<kw name="Log" owner="BuiltIn">
<msg time="2024-04-27T07:12:00.018713" level="INFO">{'gender': 'female', 'name': {'title': 'Miss', 'first': 'Nicoline', 'last': 'Nielsen'}, 'location': {'street': {'number': 9529, 'name': 'Rødtjørnevej'}, 'city': 'Ugerløse', 'state': 'Danmark', 'country': 'Denmark', 'postcode': 44417, 'coordinates': {'latitude': '-43.8064', 'longitude': '23.5564'}, 'timezone': {'offset': '-3:30', 'description': 'Newfoundland'}}, 'email': 'nicoline.nielsen@example.com', 'login': {'uuid': 'ba24fae1-6777-4802-9471-bd87b35926a1', 'username': 'beautifulpanda867', 'password': 'josh', 'salt': 'DDDHakhq', 'md5': 'dfba13c499bb857fbfae6ec76e31dcd4', 'sha1': '801848112d316efa4f428c8875a70a1ae53dc4ef', 'sha256': 'eda74df8599d907e707fec8b0f2b86cc4cd8dc06381fa2fb4dac00344d69a378'}, 'dob': {'date': '1974-01-27T00:03:42.912Z', 'age': 50}, 'registered': {'date': '2011-10-28T20:43:40.969Z', 'age': 12}, 'phone': '13514604', 'cell': '97612667', 'id': {'name': 'CPR', 'value': '260174-3762'}, 'picture': {'large': 'https://randomuser.me/api/portraits/women/68.jpg', 'medium': 'https://randomuser.me/api/portraits/med/women/68.jpg', 'thumbnail': 'https://randomuser.me/api/portraits/thumb/women/68.jpg'}, 'nat': 'DK'}</msg>
<arg>${json_data['results'][0]}</arg>
<doc>Logs the given message with the given level.</doc>
<status status="PASS" start="2024-04-27T07:12:00.018344" elapsed="0.000425"/>
</kw>
<kw name="Log" owner="BuiltIn">
<msg time="2024-04-27T07:12:00.019214" level="INFO">location</msg>
<arg>${key}</arg>
<doc>Logs the given message with the given level.</doc>
<status status="PASS" start="2024-04-27T07:12:00.019066" elapsed="0.000187"/>
</kw>
<var name="${key}">location</var>
<status status="PASS" start="2024-04-27T07:12:00.017499" elapsed="0.001974"/>
</iter>
<iter>
<kw name="Dictionary Should Contain Key" owner="Collections">
<msg time="2024-04-27T07:12:00.020144" level="INFO">False</msg>
<arg>${json_data['results'][0]}</arg>
<arg>${key}</arg>
<doc>Fails if ``key`` is not found from ``dictionary``.</doc>
<status status="PASS" start="2024-04-27T07:12:00.019759" elapsed="0.000422"/>
</kw>
<kw name="Log" owner="BuiltIn">
<msg time="2024-04-27T07:12:00.020841" level="INFO">{'gender': 'female', 'name': {'title': 'Miss', 'first': 'Nicoline', 'last': 'Nielsen'}, 'location': {'street': {'number': 9529, 'name': 'Rødtjørnevej'}, 'city': 'Ugerløse', 'state': 'Danmark', 'country': 'Denmark', 'postcode': 44417, 'coordinates': {'latitude': '-43.8064', 'longitude': '23.5564'}, 'timezone': {'offset': '-3:30', 'description': 'Newfoundland'}}, 'email': 'nicoline.nielsen@example.com', 'login': {'uuid': 'ba24fae1-6777-4802-9471-bd87b35926a1', 'username': 'beautifulpanda867', 'password': 'josh', 'salt': 'DDDHakhq', 'md5': 'dfba13c499bb857fbfae6ec76e31dcd4', 'sha1': '801848112d316efa4f428c8875a70a1ae53dc4ef', 'sha256': 'eda74df8599d907e707fec8b0f2b86cc4cd8dc06381fa2fb4dac00344d69a378'}, 'dob': {'date': '1974-01-27T00:03:42.912Z', 'age': 50}, 'registered': {'date': '2011-10-28T20:43:40.969Z', 'age': 12}, 'phone': '13514604', 'cell': '97612667', 'id': {'name': 'CPR', 'value': '260174-3762'}, 'picture': {'large': 'https://randomuser.me/api/portraits/women/68.jpg', 'medium': 'https://randomuser.me/api/portraits/med/women/68.jpg', 'thumbnail': 'https://randomuser.me/api/portraits/thumb/women/68.jpg'}, 'nat': 'DK'}</msg>
<arg>${json_data['results'][0]}</arg>
<doc>Logs the given message with the given level.</doc>
<status status="PASS" start="2024-04-27T07:12:00.020480" elapsed="0.000410"/>
</kw>
<kw name="Log" owner="BuiltIn">
<msg time="2024-04-27T07:12:00.021308" level="INFO">email</msg>
<arg>${key}</arg>
<doc>Logs the given message with the given level.</doc>
<status status="PASS" start="2024-04-27T07:12:00.021182" elapsed="0.000163"/>
</kw>
<var name="${key}">email</var>
<status status="PASS" start="2024-04-27T07:12:00.019648" elapsed="0.001910"/>
</iter>
<iter>
<kw name="Dictionary Should Contain Key" owner="Collections">
<msg time="2024-04-27T07:12:00.022231" level="INFO">False</msg>
<arg>${json_data['results'][0]}</arg>
<arg>${key}</arg>
<doc>Fails if ``key`` is not found from ``dictionary``.</doc>
<status status="PASS" start="2024-04-27T07:12:00.021843" elapsed="0.000426"/>
</kw>
<kw name="Log" owner="BuiltIn">
<msg time="2024-04-27T07:12:00.022937" level="INFO">{'gender': 'female', 'name': {'title': 'Miss', 'first': 'Nicoline', 'last': 'Nielsen'}, 'location': {'street': {'number': 9529, 'name': 'Rødtjørnevej'}, 'city': 'Ugerløse', 'state': 'Danmark', 'country': 'Denmark', 'postcode': 44417, 'coordinates': {'latitude': '-43.8064', 'longitude': '23.5564'}, 'timezone': {'offset': '-3:30', 'description': 'Newfoundland'}}, 'email': 'nicoline.nielsen@example.com', 'login': {'uuid': 'ba24fae1-6777-4802-9471-bd87b35926a1', 'username': 'beautifulpanda867', 'password': 'josh', 'salt': 'DDDHakhq', 'md5': 'dfba13c499bb857fbfae6ec76e31dcd4', 'sha1': '801848112d316efa4f428c8875a70a1ae53dc4ef', 'sha256': 'eda74df8599d907e707fec8b0f2b86cc4cd8dc06381fa2fb4dac00344d69a378'}, 'dob': {'date': '1974-01-27T00:03:42.912Z', 'age': 50}, 'registered': {'date': '2011-10-28T20:43:40.969Z', 'age': 12}, 'phone': '13514604', 'cell': '97612667', 'id': {'name': 'CPR', 'value': '260174-3762'}, 'picture': {'large': 'https://randomuser.me/api/portraits/women/68.jpg', 'medium': 'https://randomuser.me/api/portraits/med/women/68.jpg', 'thumbnail': 'https://randomuser.me/api/portraits/thumb/women/68.jpg'}, 'nat': 'DK'}</msg>
<arg>${json_data['results'][0]}</arg>
<doc>Logs the given message with the given level.</doc>
<status status="PASS" start="2024-04-27T07:12:00.022564" elapsed="0.000422"/>
</kw>
<kw name="Log" owner="BuiltIn">
<msg time="2024-04-27T07:12:00.023454" level="INFO">login</msg>
<arg>${key}</arg>
<doc>Logs the given message with the given level.</doc>
<status status="PASS" start="2024-04-27T07:12:00.023324" elapsed="0.000169"/>
</kw>
<var name="${key}">login</var>
<status status="PASS" start="2024-04-27T07:12:00.021731" elapsed="0.001978"/>
</iter>
<var>${key}</var>
<value>@{expected_keys}</value>
<status status="PASS" start="2024-04-27T07:12:00.012944" elapsed="0.010918"/>
</for>
<kw name="Create List" owner="BuiltIn">
<msg time="2024-04-27T07:12:00.024210" level="INFO">${expected_keysTwo} = ['username', 'password']</msg>
<var>${expected_keysTwo}</var>
<arg>username</arg>
<arg>password</arg>
<doc>Returns a list containing given items.</doc>
<status status="PASS" start="2024-04-27T07:12:00.024072" elapsed="0.000162"/>
</kw>
<for flavor="IN">
<iter>
<kw name="Dictionary Should Contain Key" owner="Collections">
<msg time="2024-04-27T07:12:00.025131" level="INFO">False</msg>
<arg>${json_data['results'][0]['login']}</arg>
<arg>${keyTwo}</arg>
<doc>Fails if ``key`` is not found from ``dictionary``.</doc>
<status status="PASS" start="2024-04-27T07:12:00.024742" elapsed="0.000429"/>
</kw>
<kw name="Dictionary Should Contain Key" owner="Collections">
<msg time="2024-04-27T07:12:00.025857" level="INFO">False</msg>
<arg>${json_data['results'][0]['login']}</arg>
<arg>${keyTwo}</arg>
<doc>Fails if ``key`` is not found from ``dictionary``.</doc>
<status status="PASS" start="2024-04-27T07:12:00.025465" elapsed="0.000430"/>
</kw>
<kw name="Log" owner="BuiltIn">
<msg time="2024-04-27T07:12:00.026315" level="INFO">username</msg>
<arg>${keyTwo}</arg>
<doc>Logs the given message with the given level.</doc>
<status status="PASS" start="2024-04-27T07:12:00.026188" elapsed="0.000170"/>
</kw>
<var name="${keyTwo}">username</var>
<status status="PASS" start="2024-04-27T07:12:00.024631" elapsed="0.001943"/>
</iter>
<iter>
<kw name="Dictionary Should Contain Key" owner="Collections">
<msg time="2024-04-27T07:12:00.027260" level="INFO">False</msg>
<arg>${json_data['results'][0]['login']}</arg>
<arg>${keyTwo}</arg>
<doc>Fails if ``key`` is not found from ``dictionary``.</doc>
<status status="PASS" start="2024-04-27T07:12:00.026851" elapsed="0.000452"/>
</kw>
<kw name="Dictionary Should Contain Key" owner="Collections">
<msg time="2024-04-27T07:12:00.028135" level="INFO">False</msg>
<arg>${json_data['results'][0]['login']}</arg>
<arg>${keyTwo}</arg>
<doc>Fails if ``key`` is not found from ``dictionary``.</doc>
<status status="PASS" start="2024-04-27T07:12:00.027645" elapsed="0.000529"/>
</kw>
<kw name="Log" owner="BuiltIn">
<msg time="2024-04-27T07:12:00.028601" level="INFO">password</msg>
<arg>${keyTwo}</arg>
<doc>Logs the given message with the given level.</doc>
<status status="PASS" start="2024-04-27T07:12:00.028472" elapsed="0.000167"/>
</kw>
<var name="${keyTwo}">password</var>
<status status="PASS" start="2024-04-27T07:12:00.026743" elapsed="0.002119"/>
</iter>
<var>${keyTwo}</var>
<value>@{expected_keysTwo}</value>
<status status="PASS" start="2024-04-27T07:12:00.024475" elapsed="0.004510"/>
</for>
<status status="PASS" start="2024-04-27T07:11:59.913979" elapsed="0.115150"/>
</kw>
<doc>Testa a estrutura da resposta da API.</doc>
<tag>testeEstruturaResposta</tag>
<status status="PASS" start="2024-04-27T07:11:59.913375" elapsed="0.115921"/>
</test>
<test id="s1-s1-t4" name="Validar tipos de dados" line="28">
<kw name="Teste de Tipos de Dados" owner="random-user-service">
<kw name="GET On Session" owner="RequestsLibrary">
<msg time="2024-04-27T07:12:00.321396" level="INFO">GET Request : url=https://randomuser.me/api 
 path_url=/api 
 headers={'User-Agent': 'python-requests/2.31.0', 'Accept-Encoding': 'gzip, deflate', 'Accept': '*/*', 'Connection': 'keep-alive'} 
 body=None 
 </msg>
<msg time="2024-04-27T07:12:00.321498" level="INFO">GET Response : url=https://randomuser.me/api 
 status=200, reason=OK 
 headers={'Date': 'Sat, 27 Apr 2024 07:12:00 GMT', 'Content-Type': 'application/json; charset=utf-8', 'Transfer-Encoding': 'chunked', 'Connection': 'keep-alive', 'X-Powered-By': 'Express', 'Access-Control-Allow-Origin': '*', 'Cache-Control': 'no-cache', 'ETag': 'W/"49e-IRiIt31F9zVBqaRHFPbwwkahotI"', 'Vary': 'Accept-Encoding', 'Content-Encoding': 'gzip', 'CF-Cache-Status': 'DYNAMIC', 'Report-To': '{"endpoints":[{"url":"https:\\/\\/a.nel.cloudflare.com\\/report\\/v4?s=b1c0JblPr01PP0MxGKLBVFLLY0l4hC2wBwoF1XubY6ZDtxR1ZAzFCDKTeWGS%2BVmdUe1pMDfdmgBNJA7ypyv7ZKsSTw%2B1QDwbSTbXTcXe%2Bft%2F3nttGueOQS48rQne6Rd4"}],"group":"cf-nel","max_age":604800}', 'NEL': '{"success_fraction":0,"report_to":"cf-nel","max_age":604800}', 'Server': 'cloudflare', 'CF-RAY': '87ad00703fd41590-SJC', 'alt-svc': 'h3=":443"; ma=86400'} 
 body={"results":[{"gender":"female","name":{"title":"Ms","first":"Annegret","last":"Rathmann"},"location":{"street":{"number":5523,"name":"Waldstraße"},"city":"Schkeuditz","state":"Saarland","country":"Germany","postcode":72728,"coordinates":{"latitude":"-49.5786","longitude":"23.4092"},"timezone":{"offset":"+5:30","description":"Bombay, Calcutta, Madras, New Delhi"}},"email":"annegret.rathmann@example.com","login":{"uuid":"1abb8fcb-bbe3-4606-9098-f09bcb314d12","username":"lazyzebra124","password":"marty","salt":"U6nAcALb","md5":"8206de377960a8edb9b4a32e92f0a62b","sha1":"4aad01dca70c6d80723d1b2870af6be6d546d871","sha256":"83b485e57eac3ac0b85840b682797e8ddb7ab8a21234457cae553eea0f0a2f0e"},"dob":{"date":"1977-05-05T00:04:02.371Z","age":46},"registered":{"date":"2016-12-14T11:36:54.445Z","age":7},"phone":"0620-2811823","cell":"0171-8795958","id":{"name":"SVNR","value":"15 040577 R 771"},"picture":{"large":"https://randomuser.me/api/portraits/women/76.jpg","medium":"https://randomuser.me/api/portraits/med/women/76.jpg","thumbnail":"https://randomuser.me/api/portraits/thumb/women/76.jpg"},"nat":"DE"}],"info":{"seed":"f6a4080db09f47a1","results":1,"page":1,"version":"1.4"}} 
 </msg>
<msg time="2024-04-27T07:12:00.321579" level="INFO">/opt/hostedtoolcache/Python/3.12.3/x64/lib/python3.12/site-packages/urllib3/connectionpool.py:1103: InsecureRequestWarning: Unverified HTTPS request is being made to host 'randomuser.me'. Adding certificate verification is strongly advised. See: https://urllib3.readthedocs.io/en/latest/advanced-usage.html#tls-warnings
  warnings.warn(</msg>
<msg time="2024-04-27T07:12:00.321733" level="INFO">${response} = &lt;Response [200]&gt;</msg>
<var>${response}</var>
<arg>consultarAPI</arg>
<arg>/api</arg>
<doc>Sends a GET request on a previously created HTTP Session.</doc>
<status status="PASS" start="2024-04-27T07:12:00.031908" elapsed="0.289877"/>
</kw>
<kw name="Set Variable" owner="BuiltIn">
<msg time="2024-04-27T07:12:00.322834" level="INFO">${json_data} = {'results': [{'gender': 'female', 'name': {'title': 'Ms', 'first': 'Annegret', 'last': 'Rathmann'}, 'location': {'street': {'number': 5523, 'name': 'Waldstraße'}, 'city': 'Schkeuditz', 'state': 'Saarl...</msg>
<var>${json_data}</var>
<arg>${response.json()}</arg>
<doc>Returns the given values which can then be assigned to a variables.</doc>
<status status="PASS" start="2024-04-27T07:12:00.322325" elapsed="0.000538"/>
</kw>
<kw name="Log" owner="BuiltIn">
<msg time="2024-04-27T07:12:00.323366" level="INFO">{'results': [{'gender': 'female', 'name': {'title': 'Ms', 'first': 'Annegret', 'last': 'Rathmann'}, 'location': {'street': {'number': 5523, 'name': 'Waldstraße'}, 'city': 'Schkeuditz', 'state': 'Saarland', 'country': 'Germany', 'postcode': 72728, 'coordinates': {'latitude': '-49.5786', 'longitude': '23.4092'}, 'timezone': {'offset': '+5:30', 'description': 'Bombay, Calcutta, Madras, New Delhi'}}, 'email': 'annegret.rathmann@example.com', 'login': {'uuid': '1abb8fcb-bbe3-4606-9098-f09bcb314d12', 'username': 'lazyzebra124', 'password': 'marty', 'salt': 'U6nAcALb', 'md5': '8206de377960a8edb9b4a32e92f0a62b', 'sha1': '4aad01dca70c6d80723d1b2870af6be6d546d871', 'sha256': '83b485e57eac3ac0b85840b682797e8ddb7ab8a21234457cae553eea0f0a2f0e'}, 'dob': {'date': '1977-05-05T00:04:02.371Z', 'age': 46}, 'registered': {'date': '2016-12-14T11:36:54.445Z', 'age': 7}, 'phone': '0620-2811823', 'cell': '0171-8795958', 'id': {'name': 'SVNR', 'value': '15 040577 R 771'}, 'picture': {'large': 'https://randomuser.me/api/portraits/women/76.jpg', 'medium': 'https://randomuser.me/api/portraits/med/women/76.jpg', 'thumbnail': 'https://randomuser.me/api/portraits/thumb/women/76.jpg'}, 'nat': 'DE'}], 'info': {'seed': 'f6a4080db09f47a1', 'results': 1, 'page': 1, 'version': '1.4'}}</msg>
<arg>${json_data}</arg>
<doc>Logs the given message with the given level.</doc>
<status status="PASS" start="2024-04-27T07:12:00.323205" elapsed="0.000246"/>
</kw>
<kw name="Should Be String" owner="String">
<arg>${json_data['results'][0]['gender']}</arg>
<doc>Fails if the given ``item`` is not a string.</doc>
<status status="PASS" start="2024-04-27T07:12:00.323755" elapsed="0.000355"/>
</kw>
<kw name="Should Match Regexp" owner="BuiltIn">
<arg>${json_data['results'][0]['email']}</arg>
<arg>^[a-zA-Z0-9._%+-]+@[a-zA-Z0-9.-]+\.[a-zA-Z]{2,}$</arg>
<doc>Fails if ``string`` does not match ``pattern`` as a regular expression.</doc>
<status status="PASS" start="2024-04-27T07:12:00.324306" elapsed="0.000508"/>
</kw>
<kw name="Should Match Regexp" owner="BuiltIn">
<arg>${json_data['results'][0]['dob']['date']}</arg>
<arg>\\d{4}-\\d{2}-\\d{2}T\\d{2}:\\d{2}:\\d{2}\\.\\d{3}Z</arg>
<doc>Fails if ``string`` does not match ``pattern`` as a regular expression.</doc>
<status status="PASS" start="2024-04-27T07:12:00.325035" elapsed="0.000484"/>
</kw>
<kw name="Should Match Regexp" owner="BuiltIn">
<arg>${json_data['results'][0]['registered']['date']}</arg>
<arg>\\d{4}-\\d{2}-\\d{2}T\\d{2}:\\d{2}:\\d{2}\\.\\d{3}Z</arg>
<doc>Fails if ``string`` does not match ``pattern`` as a regular expression.</doc>
<status status="PASS" start="2024-04-27T07:12:00.325707" elapsed="0.000360"/>
</kw>
<kw name="Should Match Regexp" owner="BuiltIn">
<arg>${json_data['results'][0]['picture']['large']}</arg>
<arg>^https?://.*\.(?:png|jpe?g|gif|bmp)$</arg>
<doc>Fails if ``string`` does not match ``pattern`` as a regular expression.</doc>
<status status="PASS" start="2024-04-27T07:12:00.326248" elapsed="0.000481"/>
</kw>
<kw name="Should Match Regexp" owner="BuiltIn">
<arg>${json_data['results'][0]['picture']['medium']}</arg>
<arg>^https?://.*\.(?:png|jpe?g|gif|bmp)$</arg>
<doc>Fails if ``string`` does not match ``pattern`` as a regular expression.</doc>
<status status="PASS" start="2024-04-27T07:12:00.326919" elapsed="0.000387"/>
</kw>
<kw name="Should Match Regexp" owner="BuiltIn">
<arg>${json_data['results'][0]['picture']['thumbnail']}</arg>
<arg>^https?://.*\.(?:png|jpe?g|gif|bmp)$</arg>
<doc>Fails if ``string`` does not match ``pattern`` as a regular expression.</doc>
<status status="PASS" start="2024-04-27T07:12:00.327493" elapsed="0.000357"/>
</kw>
<kw name="Log" owner="BuiltIn">
<msg time="2024-04-27T07:12:00.328347" level="INFO">{'large': 'https://randomuser.me/api/portraits/women/76.jpg', 'medium': 'https://randomuser.me/api/portraits/med/women/76.jpg', 'thumbnail': 'https://randomuser.me/api/portraits/thumb/women/76.jpg'}</msg>
<arg>${json_data['results'][0]['picture']}</arg>
<doc>Logs the given message with the given level.</doc>
<status status="PASS" start="2024-04-27T07:12:00.328028" elapsed="0.000359"/>
</kw>
<status status="PASS" start="2024-04-27T07:12:00.031674" elapsed="0.296965"/>
</kw>
<kw name="Teste de Tipos de Dados - Postcode" owner="random-user-service">
<kw name="GET On Session" owner="RequestsLibrary">
<msg time="2024-04-27T07:12:00.418772" level="INFO">GET Request : url=https://randomuser.me/api 
 path_url=/api 
 headers={'User-Agent': 'python-requests/2.31.0', 'Accept-Encoding': 'gzip, deflate', 'Accept': '*/*', 'Connection': 'keep-alive'} 
 body=None 
 </msg>
<msg time="2024-04-27T07:12:00.418843" level="INFO">GET Response : url=https://randomuser.me/api 
 status=200, reason=OK 
 headers={'Date': 'Sat, 27 Apr 2024 07:12:00 GMT', 'Content-Type': 'application/json; charset=utf-8', 'Transfer-Encoding': 'chunked', 'Connection': 'keep-alive', 'X-Powered-By': 'Express', 'Access-Control-Allow-Origin': '*', 'Cache-Control': 'no-cache', 'ETag': 'W/"476-RQsF9Y3qrt0FgmyWsyhOAgUx4QQ"', 'Vary': 'Accept-Encoding', 'Content-Encoding': 'gzip', 'CF-Cache-Status': 'DYNAMIC', 'Report-To': '{"endpoints":[{"url":"https:\\/\\/a.nel.cloudflare.com\\/report\\/v4?s=X0088jtSR3DqYKSpJYAK%2BEwWs7TwqhvH0GUKZCQkjQAusAF1BIFrduUypihLbsvPkN1AGIb6%2BtKqxiA3RbH6qSLhtrtV4P%2FIZHOWMEiL43Ty%2Fk6pjDFamQX4Blr2ZgZp"}],"group":"cf-nel","max_age":604800}', 'NEL': '{"success_fraction":0,"report_to":"cf-nel","max_age":604800}', 'Server': 'cloudflare', 'CF-RAY': '87ad007209501590-SJC', 'alt-svc': 'h3=":443"; ma=86400'} 
 body={"results":[{"gender":"male","name":{"title":"Mr","first":"Josep","last":"Carrasco"},"location":{"street":{"number":462,"name":"Calle de Arganzuela"},"city":"Pamplona","state":"Extremadura","country":"Spain","postcode":96978,"coordinates":{"latitude":"-32.3278","longitude":"-172.4420"},"timezone":{"offset":"+3:30","description":"Tehran"}},"email":"josep.carrasco@example.com","login":{"uuid":"a2904a9f-7399-4252-b860-d387c03472ff","username":"happybear861","password":"loveyou","salt":"CnLKiuiE","md5":"598616b5b5b614c3ae14c8590d53d309","sha1":"e0f7171ac599c8be6bd4796bd2c2efd8e507c111","sha256":"7aeb1f206676cba3da41d1638bbf24c687e13a351975751f1b0f41374c576c18"},"dob":{"date":"1955-08-03T20:10:15.304Z","age":68},"registered":{"date":"2012-06-09T15:20:12.596Z","age":11},"phone":"970-224-199","cell":"601-449-121","id":{"name":"DNI","value":"59454532-W"},"picture":{"large":"https://randomuser.me/api/portraits/men/46.jpg","medium":"https://randomuser.me/api/portraits/med/men/46.jpg","thumbnail":"https://randomuser.me/api/portraits/thumb/men/46.jpg"},"nat":"ES"}],"info":{"seed":"52c2f4967a67bd20","results":1,"page":1,"version":"1.4"}} 
 </msg>
<msg time="2024-04-27T07:12:00.418906" level="INFO">/opt/hostedtoolcache/Python/3.12.3/x64/lib/python3.12/site-packages/urllib3/connectionpool.py:1103: InsecureRequestWarning: Unverified HTTPS request is being made to host 'randomuser.me'. Adding certificate verification is strongly advised. See: https://urllib3.readthedocs.io/en/latest/advanced-usage.html#tls-warnings
  warnings.warn(</msg>
<msg time="2024-04-27T07:12:00.419024" level="INFO">${response} = &lt;Response [200]&gt;</msg>
<var>${response}</var>
<arg>consultarAPI</arg>
<arg>/api</arg>
<doc>Sends a GET request on a previously created HTTP Session.</doc>
<status status="PASS" start="2024-04-27T07:12:00.329104" elapsed="0.089960"/>
</kw>
<kw name="Set Variable" owner="BuiltIn">
<msg time="2024-04-27T07:12:00.419969" level="INFO">${json_data} = {'results': [{'gender': 'male', 'name': {'title': 'Mr', 'first': 'Josep', 'last': 'Carrasco'}, 'location': {'street': {'number': 462, 'name': 'Calle de Arganzuela'}, 'city': 'Pamplona', 'state': 'Extr...</msg>
<var>${json_data}</var>
<arg>${response.json()}</arg>
<doc>Returns the given values which can then be assigned to a variables.</doc>
<status status="PASS" start="2024-04-27T07:12:00.419483" elapsed="0.000515"/>
</kw>
<kw name="Log" owner="BuiltIn">
<msg time="2024-04-27T07:12:00.420465" level="INFO">{'results': [{'gender': 'male', 'name': {'title': 'Mr', 'first': 'Josep', 'last': 'Carrasco'}, 'location': {'street': {'number': 462, 'name': 'Calle de Arganzuela'}, 'city': 'Pamplona', 'state': 'Extremadura', 'country': 'Spain', 'postcode': 96978, 'coordinates': {'latitude': '-32.3278', 'longitude': '-172.4420'}, 'timezone': {'offset': '+3:30', 'description': 'Tehran'}}, 'email': 'josep.carrasco@example.com', 'login': {'uuid': 'a2904a9f-7399-4252-b860-d387c03472ff', 'username': 'happybear861', 'password': 'loveyou', 'salt': 'CnLKiuiE', 'md5': '598616b5b5b614c3ae14c8590d53d309', 'sha1': 'e0f7171ac599c8be6bd4796bd2c2efd8e507c111', 'sha256': '7aeb1f206676cba3da41d1638bbf24c687e13a351975751f1b0f41374c576c18'}, 'dob': {'date': '1955-08-03T20:10:15.304Z', 'age': 68}, 'registered': {'date': '2012-06-09T15:20:12.596Z', 'age': 11}, 'phone': '970-224-199', 'cell': '601-449-121', 'id': {'name': 'DNI', 'value': '59454532-W'}, 'picture': {'large': 'https://randomuser.me/api/portraits/men/46.jpg', 'medium': 'https://randomuser.me/api/portraits/med/men/46.jpg', 'thumbnail': 'https://randomuser.me/api/portraits/thumb/men/46.jpg'}, 'nat': 'ES'}], 'info': {'seed': '52c2f4967a67bd20', 'results': 1, 'page': 1, 'version': '1.4'}}</msg>
<arg>${json_data}</arg>
<doc>Logs the given message with the given level.</doc>
<status status="PASS" start="2024-04-27T07:12:00.420307" elapsed="0.000239"/>
</kw>
<kw name="Should Be Equal As Numbers" owner="BuiltIn">
<arg>${json_data['results'][0]['location']['postcode']}</arg>
<arg>${json_data['results'][0]['location']['postcode']}</arg>
<doc>Fails if objects are unequal after converting them to real numbers.</doc>
<status status="PASS" start="2024-04-27T07:12:00.420862" elapsed="0.000774"/>
</kw>
<kw name="Log" owner="BuiltIn">
<msg time="2024-04-27T07:12:00.422168" level="INFO">96978</msg>
<arg>${json_data['results'][0]['location']['postcode']}</arg>
<doc>Logs the given message with the given level.</doc>
<status status="PASS" start="2024-04-27T07:12:00.421830" elapsed="0.000378"/>
</kw>
<status status="PASS" start="2024-04-27T07:12:00.328867" elapsed="0.093594"/>
</kw>
<doc>Testa se os tipos de dados na resposta da API estão corretos.</doc>
<tag>testeTiposDados</tag>
<status status="PASS" start="2024-04-27T07:12:00.031107" elapsed="0.391523"/>
</test>
<test id="s1-s1-t5" name="Validar conteudo" line="35">
<kw name="Teste de Tipos de Conteudo" owner="random-user-service">
<kw name="GET On Session" owner="RequestsLibrary">
<msg time="2024-04-27T07:12:00.520643" level="INFO">GET Request : url=https://randomuser.me/api 
 path_url=/api 
 headers={'User-Agent': 'python-requests/2.31.0', 'Accept-Encoding': 'gzip, deflate', 'Accept': '*/*', 'Connection': 'keep-alive'} 
 body=None 
 </msg>
<msg time="2024-04-27T07:12:00.520748" level="INFO">GET Response : url=https://randomuser.me/api 
 status=200, reason=OK 
 headers={'Date': 'Sat, 27 Apr 2024 07:12:00 GMT', 'Content-Type': 'application/json; charset=utf-8', 'Transfer-Encoding': 'chunked', 'Connection': 'keep-alive', 'X-Powered-By': 'Express', 'Access-Control-Allow-Origin': '*', 'Cache-Control': 'no-cache', 'ETag': 'W/"4a1-W3M8i4120ukupO5fU2vZFYA1PE8"', 'Vary': 'Accept-Encoding', 'Content-Encoding': 'gzip', 'CF-Cache-Status': 'DYNAMIC', 'Report-To': '{"endpoints":[{"url":"https:\\/\\/a.nel.cloudflare.com\\/report\\/v4?s=ovcHE8PpxSDd6Mhg1HTZthWF9pWnGKDuk8vFdubw4O%2BME7jazF5gKU%2FduggAnAvbNwDcDuyWqusvcRxPFn6tbRWSFDInz27fHltOSDChoYKrwonqLvbsBll%2FQxrKNR3b"}],"group":"cf-nel","max_age":604800}', 'NEL': '{"success_fraction":0,"report_to":"cf-nel","max_age":604800}', 'Server': 'cloudflare', 'CF-RAY': '87ad0072a9e91590-SJC', 'alt-svc': 'h3=":443"; ma=86400'} 
 body={"results":[{"gender":"female","name":{"title":"Ms","first":"Alexandra","last":"Fowler"},"location":{"street":{"number":764,"name":"Kings Road"},"city":"Bangor","state":"Gloucestershire","country":"United Kingdom","postcode":"B48 8TB","coordinates":{"latitude":"-8.2540","longitude":"166.1486"},"timezone":{"offset":"+2:00","description":"Kaliningrad, South Africa"}},"email":"alexandra.fowler@example.com","login":{"uuid":"04c81506-5974-47b7-82cd-0720b010cacb","username":"ticklishbird501","password":"shells","salt":"LCsDRBGj","md5":"aa3dfd1bb16953ec9baef9f98e92acdf","sha1":"b4a15f480e2a896af05e9d1e2a307d5c8229fb8d","sha256":"5e127a01c3e4e29025193116e9242589b6d0cd44d85b25637b77389ae4ab5e15"},"dob":{"date":"1953-09-03T04:41:05.170Z","age":70},"registered":{"date":"2003-03-28T04:31:31.961Z","age":21},"phone":"015396 83515","cell":"07889 336209","id":{"name":"NINO","value":"MX 00 63 58 R"},"picture":{"large":"https://randomuser.me/api/portraits/women/69.jpg","medium":"https://randomuser.me/api/portraits/med/women/69.jpg","thumbnail":"https://randomuser.me/api/portraits/thumb/women/69.jpg"},"nat":"GB"}],"info":{"seed":"ff33f97c772313d8","results":1,"page":1,"version":"1.4"}} 
 </msg>
<msg time="2024-04-27T07:12:00.520829" level="INFO">/opt/hostedtoolcache/Python/3.12.3/x64/lib/python3.12/site-packages/urllib3/connectionpool.py:1103: InsecureRequestWarning: Unverified HTTPS request is being made to host 'randomuser.me'. Adding certificate verification is strongly advised. See: https://urllib3.readthedocs.io/en/latest/advanced-usage.html#tls-warnings
  warnings.warn(</msg>
<msg time="2024-04-27T07:12:00.520961" level="INFO">${response} = &lt;Response [200]&gt;</msg>
<var>${response}</var>
<arg>consultarAPI</arg>
<arg>/api</arg>
<doc>Sends a GET request on a previously created HTTP Session.</doc>
<status status="PASS" start="2024-04-27T07:12:00.426020" elapsed="0.094981"/>
</kw>
<kw name="Set Variable" owner="BuiltIn">
<msg time="2024-04-27T07:12:00.522037" level="INFO">${json_data} = {'results': [{'gender': 'female', 'name': {'title': 'Ms', 'first': 'Alexandra', 'last': 'Fowler'}, 'location': {'street': {'number': 764, 'name': 'Kings Road'}, 'city': 'Bangor', 'state': 'Gloucesters...</msg>
<var>${json_data}</var>
<arg>${response.json()}</arg>
<doc>Returns the given values which can then be assigned to a variables.</doc>
<status status="PASS" start="2024-04-27T07:12:00.521540" elapsed="0.000525"/>
</kw>
<kw name="Set Variable" owner="BuiltIn">
<msg time="2024-04-27T07:12:00.522751" level="INFO">${name_title} = Ms</msg>
<var>${name_title}</var>
<arg>${json_data["results"][0]["name"]["title"]}</arg>
<doc>Returns the given values which can then be assigned to a variables.</doc>
<status status="PASS" start="2024-04-27T07:12:00.522366" elapsed="0.000410"/>
</kw>
<kw name="Create List" owner="BuiltIn">
<msg time="2024-04-27T07:12:00.523262" level="INFO">${allowed_titles} = ['Mr', 'Ms', 'Miss', 'Mrs', 'Madame', 'Monsieur']</msg>
<var>${allowed_titles}</var>
<arg>Mr</arg>
<arg>Ms</arg>
<arg>Miss</arg>
<arg>Mrs</arg>
<arg>Madame</arg>
<arg>Monsieur</arg>
<doc>Returns a list containing given items.</doc>
<status status="PASS" start="2024-04-27T07:12:00.523103" elapsed="0.000183"/>
</kw>
<kw name="List Should Contain Value" owner="Collections">
<msg time="2024-04-27T07:12:00.523762" level="INFO">False</msg>
<arg>${allowed_titles}</arg>
<arg>${name_title}</arg>
<doc>Fails if the ``value`` is not found from ``list``.</doc>
<status status="PASS" start="2024-04-27T07:12:00.523588" elapsed="0.000211"/>
</kw>
<kw name="Set Variable" owner="BuiltIn">
<msg time="2024-04-27T07:12:00.524462" level="INFO">${name_country} = GB</msg>
<var>${name_country}</var>
<arg>${json_data["results"][0]["nat"]}</arg>
<doc>Returns the given values which can then be assigned to a variables.</doc>
<status status="PASS" start="2024-04-27T07:12:00.524082" elapsed="0.000405"/>
</kw>
<kw name="Create List" owner="BuiltIn">
<msg time="2024-04-27T07:12:00.525368" level="INFO">${list_country} = ['AD', 'AE', 'AF', 'AG', 'AI', 'AL', 'AM', 'AO', 'AQ', 'AR', 'AS', 'AT', 'AU', 'AW', 'AX', 'AZ', 'BA', 'BB', 'BD', 'BE', 'BF', 'BG', 'BH', 'BI', 'BJ', 'BL', 'BM', 'BN', 'BO', 'BQ', 'BR', 'BS', 'BT', '...</msg>
<var>${list_country}</var>
<arg>AD</arg>
<arg>AE</arg>
<arg>AF</arg>
<arg>AG</arg>
<arg>AI</arg>
<arg>AL</arg>
<arg>AM</arg>
<arg>AO</arg>
<arg>AQ</arg>
<arg>AR</arg>
<arg>AS</arg>
<arg>AT</arg>
<arg>AU</arg>
<arg>AW</arg>
<arg>AX</arg>
<arg>AZ</arg>
<arg>BA</arg>
<arg>BB</arg>
<arg>BD</arg>
<arg>BE</arg>
<arg>BF</arg>
<arg>BG</arg>
<arg>BH</arg>
<arg>BI</arg>
<arg>BJ</arg>
<arg>BL</arg>
<arg>BM</arg>
<arg>BN</arg>
<arg>BO</arg>
<arg>BQ</arg>
<arg>BR</arg>
<arg>BS</arg>
<arg>BT</arg>
<arg>BV</arg>
<arg>BW</arg>
<arg>BY</arg>
<arg>BZ</arg>
<arg>CA</arg>
<arg>CC</arg>
<arg>CD</arg>
<arg>CF</arg>
<arg>CG</arg>
<arg>CH</arg>
<arg>CI</arg>
<arg>CK</arg>
<arg>CL</arg>
<arg>CM</arg>
<arg>CN</arg>
<arg>CO</arg>
<arg>CR</arg>
<arg>CU</arg>
<arg>CV</arg>
<arg>CW</arg>
<arg>CX</arg>
<arg>CY</arg>
<arg>CZ</arg>
<arg>DE</arg>
<arg>DJ</arg>
<arg>DK</arg>
<arg>DM</arg>
<arg>DO</arg>
<arg>DZ</arg>
<arg>EC</arg>
<arg>EE</arg>
<arg>EG</arg>
<arg>EH</arg>
<arg>ER</arg>
<arg>ES</arg>
<arg>ET</arg>
<arg>FI</arg>
<arg>FJ</arg>
<arg>FK</arg>
<arg>FM</arg>
<arg>FO</arg>
<arg>FR</arg>
<arg>GA</arg>
<arg>GB</arg>
<arg>GD</arg>
<arg>GE</arg>
<arg>GF</arg>
<arg>GG</arg>
<arg>GH</arg>
<arg>GI</arg>
<arg>GL</arg>
<arg>GM</arg>
<arg>GN</arg>
<arg>GP</arg>
<arg>GQ</arg>
<arg>GR</arg>
<arg>GS</arg>
<arg>GT</arg>
<arg>GU</arg>
<arg>GW</arg>
<arg>GY</arg>
<arg>HK</arg>
<arg>HM</arg>
<arg>HN</arg>
<arg>HR</arg>
<arg>HT</arg>
<arg>HU</arg>
<arg>ID</arg>
<arg>IE</arg>
<arg>IL</arg>
<arg>IM</arg>
<arg>IN</arg>
<arg>IO</arg>
<arg>IQ</arg>
<arg>IR</arg>
<arg>IS</arg>
<arg>IT</arg>
<arg>JE</arg>
<arg>JM</arg>
<arg>JO</arg>
<arg>JP</arg>
<arg>KE</arg>
<arg>KG</arg>
<arg>KH</arg>
<arg>KI</arg>
<arg>KM</arg>
<arg>KN</arg>
<arg>KP</arg>
<arg>KR</arg>
<arg>KW</arg>
<arg>KY</arg>
<arg>KZ</arg>
<arg>LA</arg>
<arg>LB</arg>
<arg>LC</arg>
<arg>LI</arg>
<arg>LK</arg>
<arg>LR</arg>
<arg>LS</arg>
<arg>LT</arg>
<arg>LU</arg>
<arg>LV</arg>
<arg>LY</arg>
<arg>MA</arg>
<arg>MC</arg>
<arg>MD</arg>
<arg>ME</arg>
<arg>MF</arg>
<arg>MG</arg>
<arg>MH</arg>
<arg>MK</arg>
<arg>ML</arg>
<arg>MM</arg>
<arg>MN</arg>
<arg>MO</arg>
<arg>MP</arg>
<arg>MQ</arg>
<arg>MR</arg>
<arg>MS</arg>
<arg>MT</arg>
<arg>MU</arg>
<arg>MV</arg>
<arg>MW</arg>
<arg>MX</arg>
<arg>MY</arg>
<arg>MZ</arg>
<arg>NA</arg>
<arg>NC</arg>
<arg>NE</arg>
<arg>NF</arg>
<arg>NG</arg>
<arg>NI</arg>
<arg>NL</arg>
<arg>NO</arg>
<arg>NP</arg>
<arg>NR</arg>
<arg>NU</arg>
<arg>NZ</arg>
<arg>OM</arg>
<arg>PA</arg>
<arg>PE</arg>
<arg>PF</arg>
<arg>PG</arg>
<arg>PH</arg>
<arg>PK</arg>
<arg>PL</arg>
<arg>PM</arg>
<arg>PN</arg>
<arg>PR</arg>
<arg>PS</arg>
<arg>PT</arg>
<arg>PW</arg>
<arg>PY</arg>
<arg>QA</arg>
<arg>RE</arg>
<arg>RO</arg>
<arg>RS</arg>
<arg>RU</arg>
<arg>RW</arg>
<arg>SA</arg>
<arg>SB</arg>
<arg>SC</arg>
<arg>SD</arg>
<arg>SE</arg>
<arg>SG</arg>
<arg>SH</arg>
<arg>SI</arg>
<arg>SJ</arg>
<arg>SK</arg>
<arg>SL</arg>
<arg>SM</arg>
<arg>SN</arg>
<arg>SO</arg>
<arg>SR</arg>
<arg>SS</arg>
<arg>ST</arg>
<arg>SV</arg>
<arg>SX</arg>
<arg>SY</arg>
<arg>SZ</arg>
<arg>TC</arg>
<arg>TD</arg>
<arg>TF</arg>
<arg>TG</arg>
<arg>TH</arg>
<arg>TJ</arg>
<arg>TK</arg>
<arg>TL</arg>
<arg>TM</arg>
<arg>TN</arg>
<arg>TO</arg>
<arg>TR</arg>
<arg>TT</arg>
<arg>TV</arg>
<arg>TW</arg>
<arg>TZ</arg>
<arg>UA</arg>
<arg>UG</arg>
<arg>UM</arg>
<arg>US</arg>
<arg>UY</arg>
<arg>UZ</arg>
<arg>VA</arg>
<arg>VC</arg>
<arg>VE</arg>
<arg>VG</arg>
<arg>VI</arg>
<arg>VN</arg>
<arg>VU</arg>
<arg>WF</arg>
<arg>WS</arg>
<arg>XK</arg>
<arg>YE</arg>
<arg>YT</arg>
<arg>ZA</arg>
<arg>ZM</arg>
<arg>ZW</arg>
<doc>Returns a list containing given items.</doc>
<status status="PASS" start="2024-04-27T07:12:00.524785" elapsed="0.000608"/>
</kw>
<kw name="List Should Contain Value" owner="Collections">
<msg time="2024-04-27T07:12:00.526387" level="INFO">False</msg>
<arg>${list_country}</arg>
<arg>${name_country}</arg>
<doc>Fails if the ``value`` is not found from ``list``.</doc>
<status status="PASS" start="2024-04-27T07:12:00.526186" elapsed="0.000238"/>
</kw>
<kw name="Run Keyword If" owner="BuiltIn">
<kw name="Should Be True" owner="BuiltIn">
<arg>${True}</arg>
<doc>Fails if the given condition is not true.</doc>
<status status="PASS" start="2024-04-27T07:12:00.527518" elapsed="0.000142"/>
</kw>
<arg>${json_data["results"][0]["location"]["coordinates"]["latitude"]} &gt;= -90 and ${json_data["results"][0]["location"]["coordinates"]["latitude"]} &lt;= 90</arg>
<arg>Should Be True</arg>
<arg>${True}</arg>
<doc>Runs the given keyword with the given arguments, if ``condition`` is true.</doc>
<status status="PASS" start="2024-04-27T07:12:00.526733" elapsed="0.001054"/>
</kw>
<kw name="Run Keyword If" owner="BuiltIn">
<kw name="Should Be True" owner="BuiltIn">
<arg>${True}</arg>
<doc>Fails if the given condition is not true.</doc>
<status status="PASS" start="2024-04-27T07:12:00.528701" elapsed="0.000255"/>
</kw>
<arg>${json_data["results"][0]["location"]["coordinates"]["longitude"]} &gt;= -180 and ${json_data["results"][0]["location"]["coordinates"]["longitude"]} &lt;= 180</arg>
<arg>Should Be True</arg>
<arg>${True}</arg>
<doc>Runs the given keyword with the given arguments, if ``condition`` is true.</doc>
<status status="PASS" start="2024-04-27T07:12:00.527988" elapsed="0.001093"/>
</kw>
<status status="PASS" start="2024-04-27T07:12:00.425643" elapsed="0.103571"/>
</kw>
<doc>Testa o conteúdo específico dos campos retornados pela API.</doc>
<tag>testeConteudo</tag>
<status status="PASS" start="2024-04-27T07:12:00.424930" elapsed="0.104437"/>
</test>
<status status="PASS" start="2024-04-27T07:11:59.482207" elapsed="1.049185"/>
</suite>
<status status="PASS" start="2024-04-27T07:11:59.468696" elapsed="1.068623"/>
</suite>
<statistics>
<total>
<stat pass="5" fail="0" skip="0">All Tests</stat>
</total>
<tag>
<stat pass="1" fail="0" skip="0">testeConteudo</stat>
<stat pass="1" fail="0" skip="0">testeEstruturaResposta</stat>
<stat pass="1" fail="0" skip="0">testeRequisicaoBasica</stat>
<stat pass="1" fail="0" skip="0">testeTiposDados</stat>
</tag>
<suite>
<stat pass="5" fail="0" skip="0" id="s1" name="Tests">Tests</stat>
<stat pass="5" fail="0" skip="0" id="s1-s1" name="Random-User-Test">Tests.Random-User-Test</stat>
</suite>
</statistics>
<errors>
</errors>
</robot>
