<?xml version="1.0" encoding="UTF-8"?>
<robot generator="Robot 7.0.1 (Python 3.12.4 on linux)" generated="2024-07-21T14:13:50.627000" rpa="false" schemaversion="5">
<suite id="s1" name="Tests" source="/home/runner/work/ApiRandomUser/ApiRandomUser/RamdonUser/tests">
<suite id="s1-s1" name="Random-User-Test" source="/home/runner/work/ApiRandomUser/ApiRandomUser/RamdonUser/tests/random-user-test.robot">
<test id="s1-s1-t1" name="Conectar" line="13">
<kw name="Conectar API" owner="random-user-service">
<kw name="Create Session" owner="RequestsLibrary">
<msg time="2024-07-21T14:13:51.034798" level="INFO">Creating Session using : alias=consultarAPI, url=https://randomuser.me/, headers={},                     cookies={}, auth=None, timeout=None, proxies=None, verify=False,                     debug=0 </msg>
<arg>consultarAPI</arg>
<arg>${URL}</arg>
<doc>Create Session: create a HTTP session to a server</doc>
<status status="PASS" start="2024-07-21T14:13:51.034558" elapsed="0.000447"/>
</kw>
<status status="PASS" start="2024-07-21T14:13:51.033450" elapsed="0.001939"/>
</kw>
<status status="PASS" start="2024-07-21T14:13:51.032782" elapsed="0.002811"/>
</test>
<test id="s1-s1-t2" name="Validar retorno 200 e JSON Válido" line="16">
<kw name="Teste de Requisicao Basica" owner="random-user-service">
<kw name="GET On Session" owner="RequestsLibrary">
<msg time="2024-07-21T14:13:51.154374" level="INFO">GET Request : url=https://randomuser.me/api 
 path_url=/api 
 headers={'User-Agent': 'python-requests/2.32.3', 'Accept-Encoding': 'gzip, deflate', 'Accept': '*/*', 'Connection': 'keep-alive'} 
 body=None 
 </msg>
<msg time="2024-07-21T14:13:51.154587" level="INFO">GET Response : url=https://randomuser.me/api 
 status=200, reason=OK 
 headers={'Date': 'Sun, 21 Jul 2024 14:13:51 GMT', 'Content-Type': 'application/json; charset=utf-8', 'Transfer-Encoding': 'chunked', 'Connection': 'keep-alive', 'X-Powered-By': 'Express', 'Access-Control-Allow-Origin': '*', 'Cache-Control': 'no-cache', 'ETag': 'W/"492-QyI4cwpX7pZG+biaizMcT79Vy94"', 'Vary': 'Accept-Encoding', 'Content-Encoding': 'gzip', 'CF-Cache-Status': 'DYNAMIC', 'Report-To': '{"endpoints":[{"url":"https:\\/\\/a.nel.cloudflare.com\\/report\\/v4?s=OfCaFHbl58CvT4RCq6oG%2BCZ44xn%2Fv9pK4rwr7qTluKdk0YB3KV0Op6tGrlh9kM%2FzSR6yDvfj05OqL%2BZAOQzJJKlgyk1hnIhwurM2%2B7jBPA02xcyNu3yP5XGm3pSoD2ah"}],"group":"cf-nel","max_age":604800}', 'NEL': '{"success_fraction":0,"report_to":"cf-nel","max_age":604800}', 'Server': 'cloudflare', 'CF-RAY': '8a6bcb4288b65722-IAD', 'alt-svc': 'h3=":443"; ma=86400'} 
 body={"results":[{"gender":"male","name":{"title":"Mr","first":"Eetu","last":"Heinonen"},"location":{"street":{"number":7455,"name":"Pirkankatu"},"city":"Ylivieska","state":"Tavastia Proper","country":"Finland","postcode":81178,"coordinates":{"latitude":"-25.0592","longitude":"-15.0892"},"timezone":{"offset":"+7:00","description":"Bangkok, Hanoi, Jakarta"}},"email":"eetu.heinonen@example.com","login":{"uuid":"32db8fdc-aef6-4f77-b2a4-864e331a9d1f","username":"purpleelephant605","password":"beautifu","salt":"N69y7CD8","md5":"e9d2fac47c93c711f2e7d17a07ef1a2e","sha1":"03df9b31e9d6d69f9f00db9b66be3e2726fb17fc","sha256":"d2f2e65b258e396f36818b2963098b0f4be025e7cede582d5cc4b1356762d483"},"dob":{"date":"1968-11-01T20:04:23.764Z","age":55},"registered":{"date":"2007-10-18T11:24:12.095Z","age":16},"phone":"03-206-580","cell":"049-330-86-84","id":{"name":"HETU","value":"NaNNA099undefined"},"picture":{"large":"https://randomuser.me/api/portraits/men/91.jpg","medium":"https://randomuser.me/api/portraits/med/men/91.jpg","thumbnail":"https://randomuser.me/api/portraits/thumb/men/91.jpg"},"nat":"FI"}],"info":{"seed":"0ada2d1965d7ebfb","results":1,"page":1,"version":"1.4"}} 
 </msg>
<msg time="2024-07-21T14:13:51.154709" level="INFO">/opt/hostedtoolcache/Python/3.12.4/x64/lib/python3.12/site-packages/urllib3/connectionpool.py:1099: InsecureRequestWarning: Unverified HTTPS request is being made to host 'randomuser.me'. Adding certificate verification is strongly advised. See: https://urllib3.readthedocs.io/en/latest/advanced-usage.html#tls-warnings
  warnings.warn(</msg>
<msg time="2024-07-21T14:13:51.154917" level="INFO">${response} = &lt;Response [200]&gt;</msg>
<var>${response}</var>
<arg>consultarAPI</arg>
<arg>/api</arg>
<doc>Sends a GET request on a previously created HTTP Session.</doc>
<status status="PASS" start="2024-07-21T14:13:51.038383" elapsed="0.116585"/>
</kw>
<kw name="Should Be Equal As Numbers" owner="BuiltIn">
<msg time="2024-07-21T14:13:51.156280" level="INFO">Argument types are:
&lt;class 'int'&gt;
&lt;class 'str'&gt;</msg>
<arg>${response.status_code}</arg>
<arg>200</arg>
<doc>Fails if objects are unequal after converting them to real numbers.</doc>
<status status="PASS" start="2024-07-21T14:13:51.155637" elapsed="0.000738"/>
</kw>
<kw name="Log" owner="BuiltIn">
<msg time="2024-07-21T14:13:51.157441" level="INFO">200</msg>
<arg>${response.status_code}</arg>
<doc>Logs the given message with the given level.</doc>
<status status="PASS" start="2024-07-21T14:13:51.156874" elapsed="0.000640"/>
</kw>
<kw name="Set Variable" owner="BuiltIn">
<msg time="2024-07-21T14:13:51.158717" level="INFO">${json_data} = {'results': [{'gender': 'male', 'name': {'title': 'Mr', 'first': 'Eetu', 'last': 'Heinonen'}, 'location': {'street': {'number': 7455, 'name': 'Pirkankatu'}, 'city': 'Ylivieska', 'state': 'Tavastia Pro...</msg>
<var>${json_data}</var>
<arg>${response.json()}</arg>
<doc>Returns the given values which can then be assigned to a variables.</doc>
<status status="PASS" start="2024-07-21T14:13:51.158011" elapsed="0.000778"/>
</kw>
<kw name="Dictionary Should Contain Key" owner="Collections">
<arg>${json_data}</arg>
<arg>results</arg>
<doc>Fails if ``key`` is not found from ``dictionary``.</doc>
<status status="PASS" start="2024-07-21T14:13:51.159265" elapsed="0.000486"/>
</kw>
<status status="PASS" start="2024-07-21T14:13:51.038128" elapsed="0.121879"/>
</kw>
<doc>Testa se a API responde corretamente e retorna um objeto JSON válido.</doc>
<tag>testeRequisicaoBasica</tag>
<status status="PASS" start="2024-07-21T14:13:51.037557" elapsed="0.122732"/>
</test>
<test id="s1-s1-t3" name="Validar estrutura de resposta" line="22">
<kw name="Teste de Estrutura de Resposta" owner="random-user-service">
<kw name="GET On Session" owner="RequestsLibrary">
<msg time="2024-07-21T14:13:51.272863" level="INFO">GET Request : url=https://randomuser.me/api 
 path_url=/api 
 headers={'User-Agent': 'python-requests/2.32.3', 'Accept-Encoding': 'gzip, deflate', 'Accept': '*/*', 'Connection': 'keep-alive'} 
 body=None 
 </msg>
<msg time="2024-07-21T14:13:51.272940" level="INFO">GET Response : url=https://randomuser.me/api 
 status=200, reason=OK 
 headers={'Date': 'Sun, 21 Jul 2024 14:13:51 GMT', 'Content-Type': 'application/json; charset=utf-8', 'Transfer-Encoding': 'chunked', 'Connection': 'keep-alive', 'X-Powered-By': 'Express', 'Access-Control-Allow-Origin': '*', 'Cache-Control': 'no-cache', 'ETag': 'W/"464-cblijLHTtBwV3ChNeYBCJ0wHVDw"', 'Vary': 'Accept-Encoding', 'Content-Encoding': 'gzip', 'CF-Cache-Status': 'DYNAMIC', 'Report-To': '{"endpoints":[{"url":"https:\\/\\/a.nel.cloudflare.com\\/report\\/v4?s=B3S0b3WPhAUmAdC90B35%2BupA8dIKvVPHfwAKVrnXsBfun1EPZDxxqBDB5FT3jczAMs1yUyD8%2B3RFFjLV5gkwMZNcLQKzhkQWtBTPkmAkwLM4Sgr5TuaWgBnH9Brkv0Ds"}],"group":"cf-nel","max_age":604800}', 'NEL': '{"success_fraction":0,"report_to":"cf-nel","max_age":604800}', 'Server': 'cloudflare', 'CF-RAY': '8a6bcb42c8ec5722-IAD', 'alt-svc': 'h3=":443"; ma=86400'} 
 body={"results":[{"gender":"male","name":{"title":"Mr","first":"Ricky","last":"Murphy"},"location":{"street":{"number":1954,"name":"Rookery Road"},"city":"Athy","state":"Offaly","country":"Ireland","postcode":59652,"coordinates":{"latitude":"3.6833","longitude":"-8.8022"},"timezone":{"offset":"-2:00","description":"Mid-Atlantic"}},"email":"ricky.murphy@example.com","login":{"uuid":"ca53b0b8-b2ca-40f7-8fa2-3e049832a331","username":"redcat278","password":"woodman","salt":"SjVOa8Br","md5":"9227c5469fb945cefbfe9cf567ac182e","sha1":"7db28304413dd767534b706f1bb20e091c8d6ddb","sha256":"33dcd76a40b3e967deb82284028f9d7a697d7f1684a84a0222f063380ce5536e"},"dob":{"date":"1997-05-06T21:30:34.694Z","age":27},"registered":{"date":"2002-12-20T14:37:44.223Z","age":21},"phone":"051-521-6220","cell":"081-522-1621","id":{"name":"PPS","value":"1871783T"},"picture":{"large":"https://randomuser.me/api/portraits/men/27.jpg","medium":"https://randomuser.me/api/portraits/med/men/27.jpg","thumbnail":"https://randomuser.me/api/portraits/thumb/men/27.jpg"},"nat":"IE"}],"info":{"seed":"8db16e2f665c600f","results":1,"page":1,"version":"1.4"}} 
 </msg>
<msg time="2024-07-21T14:13:51.273045" level="INFO">/opt/hostedtoolcache/Python/3.12.4/x64/lib/python3.12/site-packages/urllib3/connectionpool.py:1099: InsecureRequestWarning: Unverified HTTPS request is being made to host 'randomuser.me'. Adding certificate verification is strongly advised. See: https://urllib3.readthedocs.io/en/latest/advanced-usage.html#tls-warnings
  warnings.warn(</msg>
<msg time="2024-07-21T14:13:51.273145" level="INFO">${response} = &lt;Response [200]&gt;</msg>
<var>${response}</var>
<arg>consultarAPI</arg>
<arg>/api</arg>
<doc>Sends a GET request on a previously created HTTP Session.</doc>
<status status="PASS" start="2024-07-21T14:13:51.164666" elapsed="0.108506"/>
</kw>
<kw name="Set Variable" owner="BuiltIn">
<msg time="2024-07-21T14:13:51.274073" level="INFO">${json_data} = {'results': [{'gender': 'male', 'name': {'title': 'Mr', 'first': 'Ricky', 'last': 'Murphy'}, 'location': {'street': {'number': 1954, 'name': 'Rookery Road'}, 'city': 'Athy', 'state': 'Offaly', 'countr...</msg>
<var>${json_data}</var>
<arg>${response.json()}</arg>
<doc>Returns the given values which can then be assigned to a variables.</doc>
<status status="PASS" start="2024-07-21T14:13:51.273590" elapsed="0.000513"/>
</kw>
<kw name="Log" owner="BuiltIn">
<msg time="2024-07-21T14:13:51.274610" level="INFO">{'results': [{'gender': 'male', 'name': {'title': 'Mr', 'first': 'Ricky', 'last': 'Murphy'}, 'location': {'street': {'number': 1954, 'name': 'Rookery Road'}, 'city': 'Athy', 'state': 'Offaly', 'country': 'Ireland', 'postcode': 59652, 'coordinates': {'latitude': '3.6833', 'longitude': '-8.8022'}, 'timezone': {'offset': '-2:00', 'description': 'Mid-Atlantic'}}, 'email': 'ricky.murphy@example.com', 'login': {'uuid': 'ca53b0b8-b2ca-40f7-8fa2-3e049832a331', 'username': 'redcat278', 'password': 'woodman', 'salt': 'SjVOa8Br', 'md5': '9227c5469fb945cefbfe9cf567ac182e', 'sha1': '7db28304413dd767534b706f1bb20e091c8d6ddb', 'sha256': '33dcd76a40b3e967deb82284028f9d7a697d7f1684a84a0222f063380ce5536e'}, 'dob': {'date': '1997-05-06T21:30:34.694Z', 'age': 27}, 'registered': {'date': '2002-12-20T14:37:44.223Z', 'age': 21}, 'phone': '051-521-6220', 'cell': '081-522-1621', 'id': {'name': 'PPS', 'value': '1871783T'}, 'picture': {'large': 'https://randomuser.me/api/portraits/men/27.jpg', 'medium': 'https://randomuser.me/api/portraits/med/men/27.jpg', 'thumbnail': 'https://randomuser.me/api/portraits/thumb/men/27.jpg'}, 'nat': 'IE'}], 'info': {'seed': '8db16e2f665c600f', 'results': 1, 'page': 1, 'version': '1.4'}}</msg>
<arg>${json_data}</arg>
<doc>Logs the given message with the given level.</doc>
<status status="PASS" start="2024-07-21T14:13:51.274435" elapsed="0.000227"/>
</kw>
<kw name="Dictionary Should Contain Key" owner="Collections">
<arg>${json_data}</arg>
<arg>results</arg>
<doc>Fails if ``key`` is not found from ``dictionary``.</doc>
<status status="PASS" start="2024-07-21T14:13:51.275017" elapsed="0.000174"/>
</kw>
<kw name="Should Not Be Empty" owner="BuiltIn">
<msg time="2024-07-21T14:13:51.275532" level="INFO">Length is 2.</msg>
<arg>${json_data}</arg>
<doc>Verifies that the given item is not empty.</doc>
<status status="PASS" start="2024-07-21T14:13:51.275391" elapsed="0.000182"/>
</kw>
<kw name="Create List" owner="BuiltIn">
<msg time="2024-07-21T14:13:51.276050" level="INFO">${expected_keys} = ['gender', 'name', 'location', 'email', 'login']</msg>
<var>${expected_keys}</var>
<arg>gender</arg>
<arg>name</arg>
<arg>location</arg>
<arg>email</arg>
<arg>login</arg>
<doc>Returns a list containing given items.</doc>
<status status="PASS" start="2024-07-21T14:13:51.275880" elapsed="0.000207"/>
</kw>
<for flavor="IN">
<iter>
<kw name="Dictionary Should Contain Key" owner="Collections">
<arg>${json_data['results'][0]}</arg>
<arg>${key}</arg>
<doc>Fails if ``key`` is not found from ``dictionary``.</doc>
<status status="PASS" start="2024-07-21T14:13:51.276709" elapsed="0.000429"/>
</kw>
<kw name="Log" owner="BuiltIn">
<msg time="2024-07-21T14:13:51.277722" level="INFO">{'gender': 'male', 'name': {'title': 'Mr', 'first': 'Ricky', 'last': 'Murphy'}, 'location': {'street': {'number': 1954, 'name': 'Rookery Road'}, 'city': 'Athy', 'state': 'Offaly', 'country': 'Ireland', 'postcode': 59652, 'coordinates': {'latitude': '3.6833', 'longitude': '-8.8022'}, 'timezone': {'offset': '-2:00', 'description': 'Mid-Atlantic'}}, 'email': 'ricky.murphy@example.com', 'login': {'uuid': 'ca53b0b8-b2ca-40f7-8fa2-3e049832a331', 'username': 'redcat278', 'password': 'woodman', 'salt': 'SjVOa8Br', 'md5': '9227c5469fb945cefbfe9cf567ac182e', 'sha1': '7db28304413dd767534b706f1bb20e091c8d6ddb', 'sha256': '33dcd76a40b3e967deb82284028f9d7a697d7f1684a84a0222f063380ce5536e'}, 'dob': {'date': '1997-05-06T21:30:34.694Z', 'age': 27}, 'registered': {'date': '2002-12-20T14:37:44.223Z', 'age': 21}, 'phone': '051-521-6220', 'cell': '081-522-1621', 'id': {'name': 'PPS', 'value': '1871783T'}, 'picture': {'large': 'https://randomuser.me/api/portraits/men/27.jpg', 'medium': 'https://randomuser.me/api/portraits/med/men/27.jpg', 'thumbnail': 'https://randomuser.me/api/portraits/thumb/men/27.jpg'}, 'nat': 'IE'}</msg>
<arg>${json_data['results'][0]}</arg>
<doc>Logs the given message with the given level.</doc>
<status status="PASS" start="2024-07-21T14:13:51.277338" elapsed="0.000437"/>
</kw>
<kw name="Log" owner="BuiltIn">
<msg time="2024-07-21T14:13:51.278234" level="INFO">gender</msg>
<arg>${key}</arg>
<doc>Logs the given message with the given level.</doc>
<status status="PASS" start="2024-07-21T14:13:51.278095" elapsed="0.000180"/>
</kw>
<var name="${key}">gender</var>
<status status="PASS" start="2024-07-21T14:13:51.276573" elapsed="0.001932"/>
</iter>
<iter>
<kw name="Dictionary Should Contain Key" owner="Collections">
<arg>${json_data['results'][0]}</arg>
<arg>${key}</arg>
<doc>Fails if ``key`` is not found from ``dictionary``.</doc>
<status status="PASS" start="2024-07-21T14:13:51.278852" elapsed="0.000413"/>
</kw>
<kw name="Log" owner="BuiltIn">
<msg time="2024-07-21T14:13:51.279840" level="INFO">{'gender': 'male', 'name': {'title': 'Mr', 'first': 'Ricky', 'last': 'Murphy'}, 'location': {'street': {'number': 1954, 'name': 'Rookery Road'}, 'city': 'Athy', 'state': 'Offaly', 'country': 'Ireland', 'postcode': 59652, 'coordinates': {'latitude': '3.6833', 'longitude': '-8.8022'}, 'timezone': {'offset': '-2:00', 'description': 'Mid-Atlantic'}}, 'email': 'ricky.murphy@example.com', 'login': {'uuid': 'ca53b0b8-b2ca-40f7-8fa2-3e049832a331', 'username': 'redcat278', 'password': 'woodman', 'salt': 'SjVOa8Br', 'md5': '9227c5469fb945cefbfe9cf567ac182e', 'sha1': '7db28304413dd767534b706f1bb20e091c8d6ddb', 'sha256': '33dcd76a40b3e967deb82284028f9d7a697d7f1684a84a0222f063380ce5536e'}, 'dob': {'date': '1997-05-06T21:30:34.694Z', 'age': 27}, 'registered': {'date': '2002-12-20T14:37:44.223Z', 'age': 21}, 'phone': '051-521-6220', 'cell': '081-522-1621', 'id': {'name': 'PPS', 'value': '1871783T'}, 'picture': {'large': 'https://randomuser.me/api/portraits/men/27.jpg', 'medium': 'https://randomuser.me/api/portraits/med/men/27.jpg', 'thumbnail': 'https://randomuser.me/api/portraits/thumb/men/27.jpg'}, 'nat': 'IE'}</msg>
<arg>${json_data['results'][0]}</arg>
<doc>Logs the given message with the given level.</doc>
<status status="PASS" start="2024-07-21T14:13:51.279464" elapsed="0.000460"/>
</kw>
<kw name="Log" owner="BuiltIn">
<msg time="2024-07-21T14:13:51.280379" level="INFO">name</msg>
<arg>${key}</arg>
<doc>Logs the given message with the given level.</doc>
<status status="PASS" start="2024-07-21T14:13:51.280241" elapsed="0.000179"/>
</kw>
<var name="${key}">name</var>
<status status="PASS" start="2024-07-21T14:13:51.278704" elapsed="0.001945"/>
</iter>
<iter>
<kw name="Dictionary Should Contain Key" owner="Collections">
<arg>${json_data['results'][0]}</arg>
<arg>${key}</arg>
<doc>Fails if ``key`` is not found from ``dictionary``.</doc>
<status status="PASS" start="2024-07-21T14:13:51.280957" elapsed="0.000410"/>
</kw>
<kw name="Log" owner="BuiltIn">
<msg time="2024-07-21T14:13:51.281936" level="INFO">{'gender': 'male', 'name': {'title': 'Mr', 'first': 'Ricky', 'last': 'Murphy'}, 'location': {'street': {'number': 1954, 'name': 'Rookery Road'}, 'city': 'Athy', 'state': 'Offaly', 'country': 'Ireland', 'postcode': 59652, 'coordinates': {'latitude': '3.6833', 'longitude': '-8.8022'}, 'timezone': {'offset': '-2:00', 'description': 'Mid-Atlantic'}}, 'email': 'ricky.murphy@example.com', 'login': {'uuid': 'ca53b0b8-b2ca-40f7-8fa2-3e049832a331', 'username': 'redcat278', 'password': 'woodman', 'salt': 'SjVOa8Br', 'md5': '9227c5469fb945cefbfe9cf567ac182e', 'sha1': '7db28304413dd767534b706f1bb20e091c8d6ddb', 'sha256': '33dcd76a40b3e967deb82284028f9d7a697d7f1684a84a0222f063380ce5536e'}, 'dob': {'date': '1997-05-06T21:30:34.694Z', 'age': 27}, 'registered': {'date': '2002-12-20T14:37:44.223Z', 'age': 21}, 'phone': '051-521-6220', 'cell': '081-522-1621', 'id': {'name': 'PPS', 'value': '1871783T'}, 'picture': {'large': 'https://randomuser.me/api/portraits/men/27.jpg', 'medium': 'https://randomuser.me/api/portraits/med/men/27.jpg', 'thumbnail': 'https://randomuser.me/api/portraits/thumb/men/27.jpg'}, 'nat': 'IE'}</msg>
<arg>${json_data['results'][0]}</arg>
<doc>Logs the given message with the given level.</doc>
<status status="PASS" start="2024-07-21T14:13:51.281568" elapsed="0.000418"/>
</kw>
<kw name="Log" owner="BuiltIn">
<msg time="2024-07-21T14:13:51.282429" level="INFO">location</msg>
<arg>${key}</arg>
<doc>Logs the given message with the given level.</doc>
<status status="PASS" start="2024-07-21T14:13:51.282295" elapsed="0.000175"/>
</kw>
<var name="${key}">location</var>
<status status="PASS" start="2024-07-21T14:13:51.280842" elapsed="0.001855"/>
</iter>
<iter>
<kw name="Dictionary Should Contain Key" owner="Collections">
<arg>${json_data['results'][0]}</arg>
<arg>${key}</arg>
<doc>Fails if ``key`` is not found from ``dictionary``.</doc>
<status status="PASS" start="2024-07-21T14:13:51.283028" elapsed="0.000413"/>
</kw>
<kw name="Log" owner="BuiltIn">
<msg time="2024-07-21T14:13:51.284140" level="INFO">{'gender': 'male', 'name': {'title': 'Mr', 'first': 'Ricky', 'last': 'Murphy'}, 'location': {'street': {'number': 1954, 'name': 'Rookery Road'}, 'city': 'Athy', 'state': 'Offaly', 'country': 'Ireland', 'postcode': 59652, 'coordinates': {'latitude': '3.6833', 'longitude': '-8.8022'}, 'timezone': {'offset': '-2:00', 'description': 'Mid-Atlantic'}}, 'email': 'ricky.murphy@example.com', 'login': {'uuid': 'ca53b0b8-b2ca-40f7-8fa2-3e049832a331', 'username': 'redcat278', 'password': 'woodman', 'salt': 'SjVOa8Br', 'md5': '9227c5469fb945cefbfe9cf567ac182e', 'sha1': '7db28304413dd767534b706f1bb20e091c8d6ddb', 'sha256': '33dcd76a40b3e967deb82284028f9d7a697d7f1684a84a0222f063380ce5536e'}, 'dob': {'date': '1997-05-06T21:30:34.694Z', 'age': 27}, 'registered': {'date': '2002-12-20T14:37:44.223Z', 'age': 21}, 'phone': '051-521-6220', 'cell': '081-522-1621', 'id': {'name': 'PPS', 'value': '1871783T'}, 'picture': {'large': 'https://randomuser.me/api/portraits/men/27.jpg', 'medium': 'https://randomuser.me/api/portraits/med/men/27.jpg', 'thumbnail': 'https://randomuser.me/api/portraits/thumb/men/27.jpg'}, 'nat': 'IE'}</msg>
<arg>${json_data['results'][0]}</arg>
<doc>Logs the given message with the given level.</doc>
<status status="PASS" start="2024-07-21T14:13:51.283763" elapsed="0.000429"/>
</kw>
<kw name="Log" owner="BuiltIn">
<msg time="2024-07-21T14:13:51.284649" level="INFO">email</msg>
<arg>${key}</arg>
<doc>Logs the given message with the given level.</doc>
<status status="PASS" start="2024-07-21T14:13:51.284510" elapsed="0.000180"/>
</kw>
<var name="${key}">email</var>
<status status="PASS" start="2024-07-21T14:13:51.282913" elapsed="0.002005"/>
</iter>
<iter>
<kw name="Dictionary Should Contain Key" owner="Collections">
<arg>${json_data['results'][0]}</arg>
<arg>${key}</arg>
<doc>Fails if ``key`` is not found from ``dictionary``.</doc>
<status status="PASS" start="2024-07-21T14:13:51.285225" elapsed="0.000400"/>
</kw>
<kw name="Log" owner="BuiltIn">
<msg time="2024-07-21T14:13:51.286186" level="INFO">{'gender': 'male', 'name': {'title': 'Mr', 'first': 'Ricky', 'last': 'Murphy'}, 'location': {'street': {'number': 1954, 'name': 'Rookery Road'}, 'city': 'Athy', 'state': 'Offaly', 'country': 'Ireland', 'postcode': 59652, 'coordinates': {'latitude': '3.6833', 'longitude': '-8.8022'}, 'timezone': {'offset': '-2:00', 'description': 'Mid-Atlantic'}}, 'email': 'ricky.murphy@example.com', 'login': {'uuid': 'ca53b0b8-b2ca-40f7-8fa2-3e049832a331', 'username': 'redcat278', 'password': 'woodman', 'salt': 'SjVOa8Br', 'md5': '9227c5469fb945cefbfe9cf567ac182e', 'sha1': '7db28304413dd767534b706f1bb20e091c8d6ddb', 'sha256': '33dcd76a40b3e967deb82284028f9d7a697d7f1684a84a0222f063380ce5536e'}, 'dob': {'date': '1997-05-06T21:30:34.694Z', 'age': 27}, 'registered': {'date': '2002-12-20T14:37:44.223Z', 'age': 21}, 'phone': '051-521-6220', 'cell': '081-522-1621', 'id': {'name': 'PPS', 'value': '1871783T'}, 'picture': {'large': 'https://randomuser.me/api/portraits/men/27.jpg', 'medium': 'https://randomuser.me/api/portraits/med/men/27.jpg', 'thumbnail': 'https://randomuser.me/api/portraits/thumb/men/27.jpg'}, 'nat': 'IE'}</msg>
<arg>${json_data['results'][0]}</arg>
<doc>Logs the given message with the given level.</doc>
<status status="PASS" start="2024-07-21T14:13:51.285819" elapsed="0.000423"/>
</kw>
<kw name="Log" owner="BuiltIn">
<msg time="2024-07-21T14:13:51.286690" level="INFO">login</msg>
<arg>${key}</arg>
<doc>Logs the given message with the given level.</doc>
<status status="PASS" start="2024-07-21T14:13:51.286554" elapsed="0.000176"/>
</kw>
<var name="${key}">login</var>
<status status="PASS" start="2024-07-21T14:13:51.285109" elapsed="0.001927"/>
</iter>
<var>${key}</var>
<value>@{expected_keys}</value>
<status status="PASS" start="2024-07-21T14:13:51.276374" elapsed="0.010796"/>
</for>
<kw name="Create List" owner="BuiltIn">
<msg time="2024-07-21T14:13:51.287523" level="INFO">${expected_keysTwo} = ['username', 'password']</msg>
<var>${expected_keysTwo}</var>
<arg>username</arg>
<arg>password</arg>
<doc>Returns a list containing given items.</doc>
<status status="PASS" start="2024-07-21T14:13:51.287374" elapsed="0.000174"/>
</kw>
<for flavor="IN">
<iter>
<kw name="Dictionary Should Contain Key" owner="Collections">
<arg>${json_data['results'][0]['login']}</arg>
<arg>${keyTwo}</arg>
<doc>Fails if ``key`` is not found from ``dictionary``.</doc>
<status status="PASS" start="2024-07-21T14:13:51.288109" elapsed="0.000418"/>
</kw>
<kw name="Dictionary Should Contain Key" owner="Collections">
<arg>${json_data['results'][0]['login']}</arg>
<arg>${keyTwo}</arg>
<doc>Fails if ``key`` is not found from ``dictionary``.</doc>
<status status="PASS" start="2024-07-21T14:13:51.288725" elapsed="0.000393"/>
</kw>
<kw name="Log" owner="BuiltIn">
<msg time="2024-07-21T14:13:51.289437" level="INFO">username</msg>
<arg>${keyTwo}</arg>
<doc>Logs the given message with the given level.</doc>
<status status="PASS" start="2024-07-21T14:13:51.289309" elapsed="0.000168"/>
</kw>
<var name="${keyTwo}">username</var>
<status status="PASS" start="2024-07-21T14:13:51.287992" elapsed="0.001717"/>
</iter>
<iter>
<kw name="Dictionary Should Contain Key" owner="Collections">
<arg>${json_data['results'][0]['login']}</arg>
<arg>${keyTwo}</arg>
<doc>Fails if ``key`` is not found from ``dictionary``.</doc>
<status status="PASS" start="2024-07-21T14:13:51.290013" elapsed="0.000404"/>
</kw>
<kw name="Dictionary Should Contain Key" owner="Collections">
<arg>${json_data['results'][0]['login']}</arg>
<arg>${keyTwo}</arg>
<doc>Fails if ``key`` is not found from ``dictionary``.</doc>
<status status="PASS" start="2024-07-21T14:13:51.290606" elapsed="0.000424"/>
</kw>
<kw name="Log" owner="BuiltIn">
<msg time="2024-07-21T14:13:51.291353" level="INFO">password</msg>
<arg>${keyTwo}</arg>
<doc>Logs the given message with the given level.</doc>
<status status="PASS" start="2024-07-21T14:13:51.291219" elapsed="0.000174"/>
</kw>
<var name="${keyTwo}">password</var>
<status status="PASS" start="2024-07-21T14:13:51.289895" elapsed="0.001734"/>
</iter>
<var>${keyTwo}</var>
<value>@{expected_keysTwo}</value>
<status status="PASS" start="2024-07-21T14:13:51.287826" elapsed="0.003946"/>
</for>
<status status="PASS" start="2024-07-21T14:13:51.164286" elapsed="0.127635"/>
</kw>
<doc>Testa a estrutura da resposta da API.</doc>
<tag>testeEstruturaResposta</tag>
<status status="PASS" start="2024-07-21T14:13:51.163520" elapsed="0.128567"/>
</test>
<test id="s1-s1-t4" name="Validar tipos de dados" line="28">
<kw name="Teste de Tipos de Dados" owner="random-user-service">
<kw name="GET On Session" owner="RequestsLibrary">
<msg time="2024-07-21T14:13:51.361846" level="INFO">GET Request : url=https://randomuser.me/api 
 path_url=/api 
 headers={'User-Agent': 'python-requests/2.32.3', 'Accept-Encoding': 'gzip, deflate', 'Accept': '*/*', 'Connection': 'keep-alive'} 
 body=None 
 </msg>
<msg time="2024-07-21T14:13:51.361919" level="INFO">GET Response : url=https://randomuser.me/api 
 status=200, reason=OK 
 headers={'Date': 'Sun, 21 Jul 2024 14:13:51 GMT', 'Content-Type': 'application/json; charset=utf-8', 'Transfer-Encoding': 'chunked', 'Connection': 'keep-alive', 'X-Powered-By': 'Express', 'Access-Control-Allow-Origin': '*', 'Cache-Control': 'no-cache', 'ETag': 'W/"496-Y3ZLYtg1iNk5P1rBJvMW8fCvWoA"', 'Vary': 'Accept-Encoding', 'Content-Encoding': 'gzip', 'CF-Cache-Status': 'DYNAMIC', 'Report-To': '{"endpoints":[{"url":"https:\\/\\/a.nel.cloudflare.com\\/report\\/v4?s=AuCHk2dKdN%2BRfLMSajRw0f5iGGCuN3KPSb1dMrYOnJeuUnW6Dy4B4Dcp3esNdxl5oGSa9XkR%2Bn7rTzgQeYi8EupASwKL60BjiuIyo3qEj9b6T8FsyPVrP1gEW0KgoRIq"}],"group":"cf-nel","max_age":604800}', 'NEL': '{"success_fraction":0,"report_to":"cf-nel","max_age":604800}', 'Server': 'cloudflare', 'CF-RAY': '8a6bcb4399b15722-IAD', 'alt-svc': 'h3=":443"; ma=86400'} 
 body={"results":[{"gender":"female","name":{"title":"Miss","first":"Nádia","last":"da Mata"},"location":{"street":{"number":8578,"name":"Rua Bela Vista "},"city":"Sete Lagoas","state":"Goiás","country":"Brazil","postcode":76126,"coordinates":{"latitude":"-76.5274","longitude":"65.6860"},"timezone":{"offset":"-8:00","description":"Pacific Time (US &amp; Canada)"}},"email":"nadia.damata@example.com","login":{"uuid":"b442d1d5-b9fb-4ecb-a4c8-7273154575cf","username":"orangeladybug234","password":"ronald","salt":"J9T4VSlq","md5":"99adb708a4df5f4c8125043c41f80a23","sha1":"b4e139b144dea51a6ec5671ad8c6a49175479ef7","sha256":"ab5e3b832a8bac2b01cc9b67a40328d1d4dedaea192d9418e908e41f3f73b048"},"dob":{"date":"1969-07-24T00:18:25.887Z","age":54},"registered":{"date":"2007-02-18T05:54:59.135Z","age":17},"phone":"(32) 3438-9193","cell":"(17) 0527-6390","id":{"name":"CPF","value":"625.472.060-95"},"picture":{"large":"https://randomuser.me/api/portraits/women/9.jpg","medium":"https://randomuser.me/api/portraits/med/women/9.jpg","thumbnail":"https://randomuser.me/api/portraits/thumb/women/9.jpg"},"nat":"BR"}],"info":{"seed":"5920265c9049bfd8","results":1,"page":1,"version":"1.4"}} 
 </msg>
<msg time="2024-07-21T14:13:51.361983" level="INFO">/opt/hostedtoolcache/Python/3.12.4/x64/lib/python3.12/site-packages/urllib3/connectionpool.py:1099: InsecureRequestWarning: Unverified HTTPS request is being made to host 'randomuser.me'. Adding certificate verification is strongly advised. See: https://urllib3.readthedocs.io/en/latest/advanced-usage.html#tls-warnings
  warnings.warn(</msg>
<msg time="2024-07-21T14:13:51.362075" level="INFO">${response} = &lt;Response [200]&gt;</msg>
<var>${response}</var>
<arg>consultarAPI</arg>
<arg>/api</arg>
<doc>Sends a GET request on a previously created HTTP Session.</doc>
<status status="PASS" start="2024-07-21T14:13:51.294620" elapsed="0.067485"/>
</kw>
<kw name="Set Variable" owner="BuiltIn">
<msg time="2024-07-21T14:13:51.363019" level="INFO">${json_data} = {'results': [{'gender': 'female', 'name': {'title': 'Miss', 'first': 'Nádia', 'last': 'da Mata'}, 'location': {'street': {'number': 8578, 'name': 'Rua Bela Vista '}, 'city': 'Sete Lagoas', 'state': 'G...</msg>
<var>${json_data}</var>
<arg>${response.json()}</arg>
<doc>Returns the given values which can then be assigned to a variables.</doc>
<status status="PASS" start="2024-07-21T14:13:51.362505" elapsed="0.000546"/>
</kw>
<kw name="Log" owner="BuiltIn">
<msg time="2024-07-21T14:13:51.363534" level="INFO">{'results': [{'gender': 'female', 'name': {'title': 'Miss', 'first': 'Nádia', 'last': 'da Mata'}, 'location': {'street': {'number': 8578, 'name': 'Rua Bela Vista '}, 'city': 'Sete Lagoas', 'state': 'Goiás', 'country': 'Brazil', 'postcode': 76126, 'coordinates': {'latitude': '-76.5274', 'longitude': '65.6860'}, 'timezone': {'offset': '-8:00', 'description': 'Pacific Time (US &amp; Canada)'}}, 'email': 'nadia.damata@example.com', 'login': {'uuid': 'b442d1d5-b9fb-4ecb-a4c8-7273154575cf', 'username': 'orangeladybug234', 'password': 'ronald', 'salt': 'J9T4VSlq', 'md5': '99adb708a4df5f4c8125043c41f80a23', 'sha1': 'b4e139b144dea51a6ec5671ad8c6a49175479ef7', 'sha256': 'ab5e3b832a8bac2b01cc9b67a40328d1d4dedaea192d9418e908e41f3f73b048'}, 'dob': {'date': '1969-07-24T00:18:25.887Z', 'age': 54}, 'registered': {'date': '2007-02-18T05:54:59.135Z', 'age': 17}, 'phone': '(32) 3438-9193', 'cell': '(17) 0527-6390', 'id': {'name': 'CPF', 'value': '625.472.060-95'}, 'picture': {'large': 'https://randomuser.me/api/portraits/women/9.jpg', 'medium': 'https://randomuser.me/api/portraits/med/women/9.jpg', 'thumbnail': 'https://randomuser.me/api/portraits/thumb/women/9.jpg'}, 'nat': 'BR'}], 'info': {'seed': '5920265c9049bfd8', 'results': 1, 'page': 1, 'version': '1.4'}}</msg>
<arg>${json_data}</arg>
<doc>Logs the given message with the given level.</doc>
<status status="PASS" start="2024-07-21T14:13:51.363369" elapsed="0.000220"/>
</kw>
<kw name="Should Be String" owner="String">
<arg>${json_data['results'][0]['gender']}</arg>
<doc>Fails if the given ``item`` is not a string.</doc>
<status status="PASS" start="2024-07-21T14:13:51.363896" elapsed="0.000386"/>
</kw>
<kw name="Should Match Regexp" owner="BuiltIn">
<arg>${json_data['results'][0]['email']}</arg>
<arg>^[a-zA-Z0-9._%+-]+@[a-zA-Z0-9.-]+\.[a-zA-Z]{2,}$</arg>
<doc>Fails if ``string`` does not match ``pattern`` as a regular expression.</doc>
<status status="PASS" start="2024-07-21T14:13:51.364480" elapsed="0.000539"/>
</kw>
<kw name="Should Match Regexp" owner="BuiltIn">
<arg>${json_data['results'][0]['dob']['date']}</arg>
<arg>\\d{4}-\\d{2}-\\d{2}T\\d{2}:\\d{2}:\\d{2}\\.\\d{3}Z</arg>
<doc>Fails if ``string`` does not match ``pattern`` as a regular expression.</doc>
<status status="PASS" start="2024-07-21T14:13:51.365257" elapsed="0.000622"/>
</kw>
<kw name="Should Match Regexp" owner="BuiltIn">
<arg>${json_data['results'][0]['registered']['date']}</arg>
<arg>\\d{4}-\\d{2}-\\d{2}T\\d{2}:\\d{2}:\\d{2}\\.\\d{3}Z</arg>
<doc>Fails if ``string`` does not match ``pattern`` as a regular expression.</doc>
<status status="PASS" start="2024-07-21T14:13:51.366086" elapsed="0.000398"/>
</kw>
<kw name="Should Match Regexp" owner="BuiltIn">
<arg>${json_data['results'][0]['picture']['large']}</arg>
<arg>^https?://.*\.(?:png|jpe?g|gif|bmp)$</arg>
<doc>Fails if ``string`` does not match ``pattern`` as a regular expression.</doc>
<status status="PASS" start="2024-07-21T14:13:51.366683" elapsed="0.000513"/>
</kw>
<kw name="Should Match Regexp" owner="BuiltIn">
<arg>${json_data['results'][0]['picture']['medium']}</arg>
<arg>^https?://.*\.(?:png|jpe?g|gif|bmp)$</arg>
<doc>Fails if ``string`` does not match ``pattern`` as a regular expression.</doc>
<status status="PASS" start="2024-07-21T14:13:51.367399" elapsed="0.000376"/>
</kw>
<kw name="Should Match Regexp" owner="BuiltIn">
<arg>${json_data['results'][0]['picture']['thumbnail']}</arg>
<arg>^https?://.*\.(?:png|jpe?g|gif|bmp)$</arg>
<doc>Fails if ``string`` does not match ``pattern`` as a regular expression.</doc>
<status status="PASS" start="2024-07-21T14:13:51.367971" elapsed="0.000371"/>
</kw>
<kw name="Log" owner="BuiltIn">
<msg time="2024-07-21T14:13:51.368878" level="INFO">{'large': 'https://randomuser.me/api/portraits/women/9.jpg', 'medium': 'https://randomuser.me/api/portraits/med/women/9.jpg', 'thumbnail': 'https://randomuser.me/api/portraits/thumb/women/9.jpg'}</msg>
<arg>${json_data['results'][0]['picture']}</arg>
<doc>Logs the given message with the given level.</doc>
<status status="PASS" start="2024-07-21T14:13:51.368533" elapsed="0.000389"/>
</kw>
<status status="PASS" start="2024-07-21T14:13:51.294389" elapsed="0.074799"/>
</kw>
<kw name="Teste de Tipos de Dados - Postcode" owner="random-user-service">
<kw name="GET On Session" owner="RequestsLibrary">
<msg time="2024-07-21T14:13:51.452905" level="INFO">GET Request : url=https://randomuser.me/api 
 path_url=/api 
 headers={'User-Agent': 'python-requests/2.32.3', 'Accept-Encoding': 'gzip, deflate', 'Accept': '*/*', 'Connection': 'keep-alive'} 
 body=None 
 </msg>
<msg time="2024-07-21T14:13:51.452987" level="INFO">GET Response : url=https://randomuser.me/api 
 status=200, reason=OK 
 headers={'Date': 'Sun, 21 Jul 2024 14:13:51 GMT', 'Content-Type': 'application/json; charset=utf-8', 'Transfer-Encoding': 'chunked', 'Connection': 'keep-alive', 'X-Powered-By': 'Express', 'Access-Control-Allow-Origin': '*', 'Cache-Control': 'no-cache', 'ETag': 'W/"47a-Pknmxy0dRjtSwVsovgFurlyg+V0"', 'Vary': 'Accept-Encoding', 'Content-Encoding': 'gzip', 'CF-Cache-Status': 'DYNAMIC', 'Report-To': '{"endpoints":[{"url":"https:\\/\\/a.nel.cloudflare.com\\/report\\/v4?s=TtjuDet78P3wMgn8%2Bj5rRBjnKr4EbmKTLtqru0YUVXe7nORYtA1Gqt7vWN7q%2BrfyQvs4PX5eDyrjL4jCRz%2BNxRCSetGzPoTOs770ohingy7R4GC6U59Pinb5yB98eYaX"}],"group":"cf-nel","max_age":604800}', 'NEL': '{"success_fraction":0,"report_to":"cf-nel","max_age":604800}', 'Server': 'cloudflare', 'CF-RAY': '8a6bcb441a115722-IAD', 'alt-svc': 'h3=":443"; ma=86400'} 
 body={"results":[{"gender":"female","name":{"title":"Ms","first":"بهار","last":"رضایی"},"location":{"street":{"number":1294,"name":"شهید کشواد"},"city":"قزوین","state":"تهران","country":"Iran","postcode":53020,"coordinates":{"latitude":"20.1461","longitude":"54.8714"},"timezone":{"offset":"+5:45","description":"Kathmandu"}},"email":"bhr.rdyy@example.com","login":{"uuid":"33bb28b4-7714-4ef3-8947-7de36c1c687b","username":"heavyladybug861","password":"darthvad","salt":"Des40ncK","md5":"2a3a47f94e5a4bd238603ddb0cf3b66d","sha1":"9497ee5a6199b3ffdc42b72bdf4ed7b51e957672","sha256":"c6b44224b41bec699a93781298f7deaef84c36c810335856d3c0d77f338800e2"},"dob":{"date":"1994-11-30T16:08:18.717Z","age":29},"registered":{"date":"2006-02-20T21:50:58.209Z","age":18},"phone":"070-74547128","cell":"0983-276-5616","id":{"name":"","value":null},"picture":{"large":"https://randomuser.me/api/portraits/women/38.jpg","medium":"https://randomuser.me/api/portraits/med/women/38.jpg","thumbnail":"https://randomuser.me/api/portraits/thumb/women/38.jpg"},"nat":"IR"}],"info":{"seed":"14ee9ce28a862fc5","results":1,"page":1,"version":"1.4"}} 
 </msg>
<msg time="2024-07-21T14:13:51.453069" level="INFO">/opt/hostedtoolcache/Python/3.12.4/x64/lib/python3.12/site-packages/urllib3/connectionpool.py:1099: InsecureRequestWarning: Unverified HTTPS request is being made to host 'randomuser.me'. Adding certificate verification is strongly advised. See: https://urllib3.readthedocs.io/en/latest/advanced-usage.html#tls-warnings
  warnings.warn(</msg>
<msg time="2024-07-21T14:13:51.453153" level="INFO">${response} = &lt;Response [200]&gt;</msg>
<var>${response}</var>
<arg>consultarAPI</arg>
<arg>/api</arg>
<doc>Sends a GET request on a previously created HTTP Session.</doc>
<status status="PASS" start="2024-07-21T14:13:51.369647" elapsed="0.083531"/>
</kw>
<kw name="Set Variable" owner="BuiltIn">
<msg time="2024-07-21T14:13:51.454030" level="INFO">${json_data} = {'results': [{'gender': 'female', 'name': {'title': 'Ms', 'first': 'بهار', 'last': 'رضایی'}, 'location': {'street': {'number': 1294, 'name': 'شهید کشواد'}, 'city': 'قزوین', 'state': 'تهران', 'country'...</msg>
<var>${json_data}</var>
<arg>${response.json()}</arg>
<doc>Returns the given values which can then be assigned to a variables.</doc>
<status status="PASS" start="2024-07-21T14:13:51.453562" elapsed="0.000498"/>
</kw>
<kw name="Log" owner="BuiltIn">
<msg time="2024-07-21T14:13:51.454521" level="INFO">{'results': [{'gender': 'female', 'name': {'title': 'Ms', 'first': 'بهار', 'last': 'رضایی'}, 'location': {'street': {'number': 1294, 'name': 'شهید کشواد'}, 'city': 'قزوین', 'state': 'تهران', 'country': 'Iran', 'postcode': 53020, 'coordinates': {'latitude': '20.1461', 'longitude': '54.8714'}, 'timezone': {'offset': '+5:45', 'description': 'Kathmandu'}}, 'email': 'bhr.rdyy@example.com', 'login': {'uuid': '33bb28b4-7714-4ef3-8947-7de36c1c687b', 'username': 'heavyladybug861', 'password': 'darthvad', 'salt': 'Des40ncK', 'md5': '2a3a47f94e5a4bd238603ddb0cf3b66d', 'sha1': '9497ee5a6199b3ffdc42b72bdf4ed7b51e957672', 'sha256': 'c6b44224b41bec699a93781298f7deaef84c36c810335856d3c0d77f338800e2'}, 'dob': {'date': '1994-11-30T16:08:18.717Z', 'age': 29}, 'registered': {'date': '2006-02-20T21:50:58.209Z', 'age': 18}, 'phone': '070-74547128', 'cell': '0983-276-5616', 'id': {'name': '', 'value': None}, 'picture': {'large': 'https://randomuser.me/api/portraits/women/38.jpg', 'medium': 'https://randomuser.me/api/portraits/med/women/38.jpg', 'thumbnail': 'https://randomuser.me/api/portraits/thumb/women/38.jpg'}, 'nat': 'IR'}], 'info': {'seed': '14ee9ce28a862fc5', 'results': 1, 'page': 1, 'version': '1.4'}}</msg>
<arg>${json_data}</arg>
<doc>Logs the given message with the given level.</doc>
<status status="PASS" start="2024-07-21T14:13:51.454368" elapsed="0.000204"/>
</kw>
<kw name="Should Be Equal As Numbers" owner="BuiltIn">
<arg>${json_data['results'][0]['location']['postcode']}</arg>
<arg>${json_data['results'][0]['location']['postcode']}</arg>
<doc>Fails if objects are unequal after converting them to real numbers.</doc>
<status status="PASS" start="2024-07-21T14:13:51.454898" elapsed="0.000625"/>
</kw>
<kw name="Log" owner="BuiltIn">
<msg time="2024-07-21T14:13:51.456051" level="INFO">53020</msg>
<arg>${json_data['results'][0]['location']['postcode']}</arg>
<doc>Logs the given message with the given level.</doc>
<status status="PASS" start="2024-07-21T14:13:51.455717" elapsed="0.000374"/>
</kw>
<status status="PASS" start="2024-07-21T14:13:51.369412" elapsed="0.086930"/>
</kw>
<doc>Testa se os tipos de dados na resposta da API estão corretos.</doc>
<tag>testeTiposDados</tag>
<status status="PASS" start="2024-07-21T14:13:51.293917" elapsed="0.162617"/>
</test>
<test id="s1-s1-t5" name="Validar conteudo" line="35">
<kw name="Teste de Tipos de Conteudo" owner="random-user-service">
<kw name="GET On Session" owner="RequestsLibrary">
<msg time="2024-07-21T14:13:51.555994" level="INFO">GET Request : url=https://randomuser.me/api 
 path_url=/api 
 headers={'User-Agent': 'python-requests/2.32.3', 'Accept-Encoding': 'gzip, deflate', 'Accept': '*/*', 'Connection': 'keep-alive'} 
 body=None 
 </msg>
<msg time="2024-07-21T14:13:51.556085" level="INFO">GET Response : url=https://randomuser.me/api 
 status=200, reason=OK 
 headers={'Date': 'Sun, 21 Jul 2024 14:13:51 GMT', 'Content-Type': 'application/json; charset=utf-8', 'Transfer-Encoding': 'chunked', 'Connection': 'keep-alive', 'X-Powered-By': 'Express', 'Access-Control-Allow-Origin': '*', 'Cache-Control': 'no-cache', 'ETag': 'W/"49d-Os1JuyYivUV3QFVVtxHKv4VKiNY"', 'Vary': 'Accept-Encoding', 'Content-Encoding': 'gzip', 'CF-Cache-Status': 'DYNAMIC', 'Report-To': '{"endpoints":[{"url":"https:\\/\\/a.nel.cloudflare.com\\/report\\/v4?s=Xq5NKNd%2Bsx5vZIBSBDEY2jler87Q1kyZ2UkIpM%2FnP0fFushoftTRkzHB3Ezvno%2FxUMqPRda1qnNbrLPVdcFKctLEEoS%2FgOjhR83bABG05o7JM2lUYZUjKGF3NFWdhJeX"}],"group":"cf-nel","max_age":604800}', 'NEL': '{"success_fraction":0,"report_to":"cf-nel","max_age":604800}', 'Server': 'cloudflare', 'CF-RAY': '8a6bcb44aaa05722-IAD', 'alt-svc': 'h3=":443"; ma=86400'} 
 body={"results":[{"gender":"female","name":{"title":"Mrs","first":"الینا","last":"سهيلي راد"},"location":{"street":{"number":7027,"name":"هویزه"},"city":"زنجان","state":"همدان","country":"Iran","postcode":77780,"coordinates":{"latitude":"15.8846","longitude":"71.9188"},"timezone":{"offset":"+11:00","description":"Magadan, Solomon Islands, New Caledonia"}},"email":"lyn.shylyrd@example.com","login":{"uuid":"356fbd7b-cfdf-45fe-8311-a8211b145586","username":"beautifulmouse554","password":"aggies","salt":"810w76so","md5":"4d3ce85df5e10826f6ecc2b59c1754ec","sha1":"4dca641700a2f515d5e4097aa340df21539f3149","sha256":"f007c2dc82c0b86459952a131ed2c36bfac6dcaeeeb929c69a453ea7c054c217"},"dob":{"date":"1951-10-28T23:17:10.070Z","age":72},"registered":{"date":"2003-07-18T14:58:59.038Z","age":21},"phone":"070-23354434","cell":"0935-967-6396","id":{"name":"","value":null},"picture":{"large":"https://randomuser.me/api/portraits/women/11.jpg","medium":"https://randomuser.me/api/portraits/med/women/11.jpg","thumbnail":"https://randomuser.me/api/portraits/thumb/women/11.jpg"},"nat":"IR"}],"info":{"seed":"9d1eda2357e8e66a","results":1,"page":1,"version":"1.4"}} 
 </msg>
<msg time="2024-07-21T14:13:51.556163" level="INFO">/opt/hostedtoolcache/Python/3.12.4/x64/lib/python3.12/site-packages/urllib3/connectionpool.py:1099: InsecureRequestWarning: Unverified HTTPS request is being made to host 'randomuser.me'. Adding certificate verification is strongly advised. See: https://urllib3.readthedocs.io/en/latest/advanced-usage.html#tls-warnings
  warnings.warn(</msg>
<msg time="2024-07-21T14:13:51.556277" level="INFO">${response} = &lt;Response [200]&gt;</msg>
<var>${response}</var>
<arg>consultarAPI</arg>
<arg>/api</arg>
<doc>Sends a GET request on a previously created HTTP Session.</doc>
<status status="PASS" start="2024-07-21T14:13:51.458959" elapsed="0.097353"/>
</kw>
<kw name="Set Variable" owner="BuiltIn">
<msg time="2024-07-21T14:13:51.557199" level="INFO">${json_data} = {'results': [{'gender': 'female', 'name': {'title': 'Mrs', 'first': 'الینا', 'last': 'سهيلي راد'}, 'location': {'street': {'number': 7027, 'name': 'هویزه'}, 'city': 'زنجان', 'state': 'همدان', 'country...</msg>
<var>${json_data}</var>
<arg>${response.json()}</arg>
<doc>Returns the given values which can then be assigned to a variables.</doc>
<status status="PASS" start="2024-07-21T14:13:51.556716" elapsed="0.000514"/>
</kw>
<kw name="Set Variable" owner="BuiltIn">
<msg time="2024-07-21T14:13:51.557939" level="INFO">${name_title} = Mrs</msg>
<var>${name_title}</var>
<arg>${json_data["results"][0]["name"]["title"]}</arg>
<doc>Returns the given values which can then be assigned to a variables.</doc>
<status status="PASS" start="2024-07-21T14:13:51.557551" elapsed="0.000414"/>
</kw>
<kw name="Create List" owner="BuiltIn">
<msg time="2024-07-21T14:13:51.558404" level="INFO">${allowed_titles} = ['Mr', 'Ms', 'Miss', 'Mrs', 'Madame', 'Monsieur']</msg>
<var>${allowed_titles}</var>
<arg>Mr</arg>
<arg>Ms</arg>
<arg>Miss</arg>
<arg>Mrs</arg>
<arg>Madame</arg>
<arg>Monsieur</arg>
<doc>Returns a list containing given items.</doc>
<status status="PASS" start="2024-07-21T14:13:51.558257" elapsed="0.000172"/>
</kw>
<kw name="List Should Contain Value" owner="Collections">
<arg>${allowed_titles}</arg>
<arg>${name_title}</arg>
<doc>Fails if the ``value`` is not found from ``list``.</doc>
<status status="PASS" start="2024-07-21T14:13:51.558721" elapsed="0.000234"/>
</kw>
<kw name="Set Variable" owner="BuiltIn">
<msg time="2024-07-21T14:13:51.559529" level="INFO">${name_country} = IR</msg>
<var>${name_country}</var>
<arg>${json_data["results"][0]["nat"]}</arg>
<doc>Returns the given values which can then be assigned to a variables.</doc>
<status status="PASS" start="2024-07-21T14:13:51.559146" elapsed="0.000408"/>
</kw>
<kw name="Create List" owner="BuiltIn">
<msg time="2024-07-21T14:13:51.560436" level="INFO">${list_country} = ['AD', 'AE', 'AF', 'AG', 'AI', 'AL', 'AM', 'AO', 'AQ', 'AR', 'AS', 'AT', 'AU', 'AW', 'AX', 'AZ', 'BA', 'BB', 'BD', 'BE', 'BF', 'BG', 'BH', 'BI', 'BJ', 'BL', 'BM', 'BN', 'BO', 'BQ', 'BR', 'BS', 'BT', '...</msg>
<var>${list_country}</var>
<arg>AD</arg>
<arg>AE</arg>
<arg>AF</arg>
<arg>AG</arg>
<arg>AI</arg>
<arg>AL</arg>
<arg>AM</arg>
<arg>AO</arg>
<arg>AQ</arg>
<arg>AR</arg>
<arg>AS</arg>
<arg>AT</arg>
<arg>AU</arg>
<arg>AW</arg>
<arg>AX</arg>
<arg>AZ</arg>
<arg>BA</arg>
<arg>BB</arg>
<arg>BD</arg>
<arg>BE</arg>
<arg>BF</arg>
<arg>BG</arg>
<arg>BH</arg>
<arg>BI</arg>
<arg>BJ</arg>
<arg>BL</arg>
<arg>BM</arg>
<arg>BN</arg>
<arg>BO</arg>
<arg>BQ</arg>
<arg>BR</arg>
<arg>BS</arg>
<arg>BT</arg>
<arg>BV</arg>
<arg>BW</arg>
<arg>BY</arg>
<arg>BZ</arg>
<arg>CA</arg>
<arg>CC</arg>
<arg>CD</arg>
<arg>CF</arg>
<arg>CG</arg>
<arg>CH</arg>
<arg>CI</arg>
<arg>CK</arg>
<arg>CL</arg>
<arg>CM</arg>
<arg>CN</arg>
<arg>CO</arg>
<arg>CR</arg>
<arg>CU</arg>
<arg>CV</arg>
<arg>CW</arg>
<arg>CX</arg>
<arg>CY</arg>
<arg>CZ</arg>
<arg>DE</arg>
<arg>DJ</arg>
<arg>DK</arg>
<arg>DM</arg>
<arg>DO</arg>
<arg>DZ</arg>
<arg>EC</arg>
<arg>EE</arg>
<arg>EG</arg>
<arg>EH</arg>
<arg>ER</arg>
<arg>ES</arg>
<arg>ET</arg>
<arg>FI</arg>
<arg>FJ</arg>
<arg>FK</arg>
<arg>FM</arg>
<arg>FO</arg>
<arg>FR</arg>
<arg>GA</arg>
<arg>GB</arg>
<arg>GD</arg>
<arg>GE</arg>
<arg>GF</arg>
<arg>GG</arg>
<arg>GH</arg>
<arg>GI</arg>
<arg>GL</arg>
<arg>GM</arg>
<arg>GN</arg>
<arg>GP</arg>
<arg>GQ</arg>
<arg>GR</arg>
<arg>GS</arg>
<arg>GT</arg>
<arg>GU</arg>
<arg>GW</arg>
<arg>GY</arg>
<arg>HK</arg>
<arg>HM</arg>
<arg>HN</arg>
<arg>HR</arg>
<arg>HT</arg>
<arg>HU</arg>
<arg>ID</arg>
<arg>IE</arg>
<arg>IL</arg>
<arg>IM</arg>
<arg>IN</arg>
<arg>IO</arg>
<arg>IQ</arg>
<arg>IR</arg>
<arg>IS</arg>
<arg>IT</arg>
<arg>JE</arg>
<arg>JM</arg>
<arg>JO</arg>
<arg>JP</arg>
<arg>KE</arg>
<arg>KG</arg>
<arg>KH</arg>
<arg>KI</arg>
<arg>KM</arg>
<arg>KN</arg>
<arg>KP</arg>
<arg>KR</arg>
<arg>KW</arg>
<arg>KY</arg>
<arg>KZ</arg>
<arg>LA</arg>
<arg>LB</arg>
<arg>LC</arg>
<arg>LI</arg>
<arg>LK</arg>
<arg>LR</arg>
<arg>LS</arg>
<arg>LT</arg>
<arg>LU</arg>
<arg>LV</arg>
<arg>LY</arg>
<arg>MA</arg>
<arg>MC</arg>
<arg>MD</arg>
<arg>ME</arg>
<arg>MF</arg>
<arg>MG</arg>
<arg>MH</arg>
<arg>MK</arg>
<arg>ML</arg>
<arg>MM</arg>
<arg>MN</arg>
<arg>MO</arg>
<arg>MP</arg>
<arg>MQ</arg>
<arg>MR</arg>
<arg>MS</arg>
<arg>MT</arg>
<arg>MU</arg>
<arg>MV</arg>
<arg>MW</arg>
<arg>MX</arg>
<arg>MY</arg>
<arg>MZ</arg>
<arg>NA</arg>
<arg>NC</arg>
<arg>NE</arg>
<arg>NF</arg>
<arg>NG</arg>
<arg>NI</arg>
<arg>NL</arg>
<arg>NO</arg>
<arg>NP</arg>
<arg>NR</arg>
<arg>NU</arg>
<arg>NZ</arg>
<arg>OM</arg>
<arg>PA</arg>
<arg>PE</arg>
<arg>PF</arg>
<arg>PG</arg>
<arg>PH</arg>
<arg>PK</arg>
<arg>PL</arg>
<arg>PM</arg>
<arg>PN</arg>
<arg>PR</arg>
<arg>PS</arg>
<arg>PT</arg>
<arg>PW</arg>
<arg>PY</arg>
<arg>QA</arg>
<arg>RE</arg>
<arg>RO</arg>
<arg>RS</arg>
<arg>RU</arg>
<arg>RW</arg>
<arg>SA</arg>
<arg>SB</arg>
<arg>SC</arg>
<arg>SD</arg>
<arg>SE</arg>
<arg>SG</arg>
<arg>SH</arg>
<arg>SI</arg>
<arg>SJ</arg>
<arg>SK</arg>
<arg>SL</arg>
<arg>SM</arg>
<arg>SN</arg>
<arg>SO</arg>
<arg>SR</arg>
<arg>SS</arg>
<arg>ST</arg>
<arg>SV</arg>
<arg>SX</arg>
<arg>SY</arg>
<arg>SZ</arg>
<arg>TC</arg>
<arg>TD</arg>
<arg>TF</arg>
<arg>TG</arg>
<arg>TH</arg>
<arg>TJ</arg>
<arg>TK</arg>
<arg>TL</arg>
<arg>TM</arg>
<arg>TN</arg>
<arg>TO</arg>
<arg>TR</arg>
<arg>TT</arg>
<arg>TV</arg>
<arg>TW</arg>
<arg>TZ</arg>
<arg>UA</arg>
<arg>UG</arg>
<arg>UM</arg>
<arg>US</arg>
<arg>UY</arg>
<arg>UZ</arg>
<arg>VA</arg>
<arg>VC</arg>
<arg>VE</arg>
<arg>VG</arg>
<arg>VI</arg>
<arg>VN</arg>
<arg>VU</arg>
<arg>WF</arg>
<arg>WS</arg>
<arg>XK</arg>
<arg>YE</arg>
<arg>YT</arg>
<arg>ZA</arg>
<arg>ZM</arg>
<arg>ZW</arg>
<doc>Returns a list containing given items.</doc>
<status status="PASS" start="2024-07-21T14:13:51.559848" elapsed="0.000613"/>
</kw>
<kw name="List Should Contain Value" owner="Collections">
<arg>${list_country}</arg>
<arg>${name_country}</arg>
<doc>Fails if the ``value`` is not found from ``list``.</doc>
<status status="PASS" start="2024-07-21T14:13:51.561392" elapsed="0.000207"/>
</kw>
<kw name="Run Keyword If" owner="BuiltIn">
<kw name="Should Be True" owner="BuiltIn">
<arg>${True}</arg>
<doc>Fails if the given condition is not true.</doc>
<status status="PASS" start="2024-07-21T14:13:51.562577" elapsed="0.000149"/>
</kw>
<arg>${json_data["results"][0]["location"]["coordinates"]["latitude"]} &gt;= -90 and ${json_data["results"][0]["location"]["coordinates"]["latitude"]} &lt;= 90</arg>
<arg>Should Be True</arg>
<arg>${True}</arg>
<doc>Runs the given keyword with the given arguments, if ``condition`` is true.</doc>
<status status="PASS" start="2024-07-21T14:13:51.561808" elapsed="0.001081"/>
</kw>
<kw name="Run Keyword If" owner="BuiltIn">
<kw name="Should Be True" owner="BuiltIn">
<arg>${True}</arg>
<doc>Fails if the given condition is not true.</doc>
<status status="PASS" start="2024-07-21T14:13:51.563807" elapsed="0.000145"/>
</kw>
<arg>${json_data["results"][0]["location"]["coordinates"]["longitude"]} &gt;= -180 and ${json_data["results"][0]["location"]["coordinates"]["longitude"]} &lt;= 180</arg>
<arg>Should Be True</arg>
<arg>${True}</arg>
<doc>Runs the given keyword with the given arguments, if ``condition`` is true.</doc>
<status status="PASS" start="2024-07-21T14:13:51.563084" elapsed="0.001002"/>
</kw>
<status status="PASS" start="2024-07-21T14:13:51.458721" elapsed="0.105503"/>
</kw>
<doc>Testa o conteúdo específico dos campos retornados pela API.</doc>
<tag>testeConteudo</tag>
<status status="PASS" start="2024-07-21T14:13:51.458287" elapsed="0.106091"/>
</test>
<status status="PASS" start="2024-07-21T14:13:50.685947" elapsed="0.880454"/>
</suite>
<status status="PASS" start="2024-07-21T14:13:50.671245" elapsed="0.900344"/>
</suite>
<statistics>
<total>
<stat pass="5" fail="0" skip="0">All Tests</stat>
</total>
<tag>
<stat pass="1" fail="0" skip="0">testeConteudo</stat>
<stat pass="1" fail="0" skip="0">testeEstruturaResposta</stat>
<stat pass="1" fail="0" skip="0">testeRequisicaoBasica</stat>
<stat pass="1" fail="0" skip="0">testeTiposDados</stat>
</tag>
<suite>
<stat pass="5" fail="0" skip="0" id="s1" name="Tests">Tests</stat>
<stat pass="5" fail="0" skip="0" id="s1-s1" name="Random-User-Test">Tests.Random-User-Test</stat>
</suite>
</statistics>
<errors>
</errors>
</robot>
