<?xml version="1.0" encoding="UTF-8"?>
<robot generator="Robot 7.0.1 (Python 3.12.4 on linux)" generated="2024-06-26T02:30:59.430698" rpa="false" schemaversion="5">
<suite id="s1" name="Tests" source="/home/runner/work/ApiRandomUser/ApiRandomUser/RamdonUser/tests">
<suite id="s1-s1" name="Random-User-Test" source="/home/runner/work/ApiRandomUser/ApiRandomUser/RamdonUser/tests/random-user-test.robot">
<test id="s1-s1-t1" name="Conectar" line="13">
<kw name="Conectar API" owner="random-user-service">
<kw name="Create Session" owner="RequestsLibrary">
<msg time="2024-06-26T02:30:59.861714" level="INFO">Creating Session using : alias=consultarAPI, url=https://randomuser.me/, headers={},                     cookies={}, auth=None, timeout=None, proxies=None, verify=False,                     debug=0 </msg>
<arg>consultarAPI</arg>
<arg>${URL}</arg>
<doc>Create Session: create a HTTP session to a server</doc>
<status status="PASS" start="2024-06-26T02:30:59.861514" elapsed="0.000409"/>
</kw>
<status status="PASS" start="2024-06-26T02:30:59.860556" elapsed="0.001725"/>
</kw>
<status status="PASS" start="2024-06-26T02:30:59.859919" elapsed="0.002556"/>
</test>
<test id="s1-s1-t2" name="Validar retorno 200 e JSON Válido" line="16">
<kw name="Teste de Requisicao Basica" owner="random-user-service">
<kw name="GET On Session" owner="RequestsLibrary">
<msg time="2024-06-26T02:31:00.204819" level="INFO">GET Request : url=https://randomuser.me/api 
 path_url=/api 
 headers={'User-Agent': 'python-requests/2.32.3', 'Accept-Encoding': 'gzip, deflate', 'Accept': '*/*', 'Connection': 'keep-alive'} 
 body=None 
 </msg>
<msg time="2024-06-26T02:31:00.204993" level="INFO">GET Response : url=https://randomuser.me/api 
 status=200, reason=OK 
 headers={'Date': 'Wed, 26 Jun 2024 02:31:00 GMT', 'Content-Type': 'application/json; charset=utf-8', 'Transfer-Encoding': 'chunked', 'Connection': 'keep-alive', 'X-Powered-By': 'Express', 'Access-Control-Allow-Origin': '*', 'Cache-Control': 'no-cache', 'ETag': 'W/"4a0-lvCailN93zctBKqypsj9prq+w7g"', 'Vary': 'Accept-Encoding', 'Content-Encoding': 'gzip', 'CF-Cache-Status': 'DYNAMIC', 'Report-To': '{"endpoints":[{"url":"https:\\/\\/a.nel.cloudflare.com\\/report\\/v4?s=GqlZioRjzJ9qHpGpxPJAm9xxCCnSfvMY20TtjWd7xsy37yrA9LUvNLWzw1oPZ0QGUySNW77XR2shqQfCaTG5zF2%2FdEm1NkHhPMXvOFYH0VTQLXb7acer%2FJ6Y15Ek6dOi"}],"group":"cf-nel","max_age":604800}', 'NEL': '{"success_fraction":0,"report_to":"cf-nel","max_age":604800}', 'Server': 'cloudflare', 'CF-RAY': '8999c7510e9867b9-SJC', 'alt-svc': 'h3=":443"; ma=86400'} 
 body={"results":[{"gender":"male","name":{"title":"Mr","first":"Engrácio","last":"Novaes"},"location":{"street":{"number":5064,"name":"Rua Carlos Gomes"},"city":"Bragança Paulista","state":"Bahia","country":"Brazil","postcode":90432,"coordinates":{"latitude":"-77.9044","longitude":"-54.0551"},"timezone":{"offset":"+9:00","description":"Tokyo, Seoul, Osaka, Sapporo, Yakutsk"}},"email":"engracio.novaes@example.com","login":{"uuid":"5be8222e-fc30-4218-b423-32d5de4f3a5f","username":"blackduck277","password":"cubs","salt":"8XnbkgI7","md5":"4c94ba54e9cadca5810e7aaf6b1c7f56","sha1":"5ad3983d7f39ffaa90999a0ba052ed65cfbfac8e","sha256":"c230c304d725826ec43641ee88cb268dc2691022907e4e379e555c93e1aad475"},"dob":{"date":"1953-04-22T07:03:56.545Z","age":71},"registered":{"date":"2019-11-05T00:08:50.608Z","age":4},"phone":"(88) 2926-3916","cell":"(98) 5803-7174","id":{"name":"CPF","value":"808.810.739-83"},"picture":{"large":"https://randomuser.me/api/portraits/men/36.jpg","medium":"https://randomuser.me/api/portraits/med/men/36.jpg","thumbnail":"https://randomuser.me/api/portraits/thumb/men/36.jpg"},"nat":"BR"}],"info":{"seed":"66eee3b7cf797faa","results":1,"page":1,"version":"1.4"}} 
 </msg>
<msg time="2024-06-26T02:31:00.205093" level="INFO">/opt/hostedtoolcache/Python/3.12.4/x64/lib/python3.12/site-packages/urllib3/connectionpool.py:1099: InsecureRequestWarning: Unverified HTTPS request is being made to host 'randomuser.me'. Adding certificate verification is strongly advised. See: https://urllib3.readthedocs.io/en/latest/advanced-usage.html#tls-warnings
  warnings.warn(</msg>
<msg time="2024-06-26T02:31:00.205251" level="INFO">${response} = &lt;Response [200]&gt;</msg>
<var>${response}</var>
<arg>consultarAPI</arg>
<arg>/api</arg>
<doc>Sends a GET request on a previously created HTTP Session.</doc>
<status status="PASS" start="2024-06-26T02:30:59.865069" elapsed="0.340226"/>
</kw>
<kw name="Should Be Equal As Numbers" owner="BuiltIn">
<msg time="2024-06-26T02:31:00.206515" level="INFO">Argument types are:
&lt;class 'int'&gt;
&lt;class 'str'&gt;</msg>
<arg>${response.status_code}</arg>
<arg>200</arg>
<doc>Fails if objects are unequal after converting them to real numbers.</doc>
<status status="PASS" start="2024-06-26T02:31:00.205964" elapsed="0.000649"/>
</kw>
<kw name="Log" owner="BuiltIn">
<msg time="2024-06-26T02:31:00.207366" level="INFO">200</msg>
<arg>${response.status_code}</arg>
<doc>Logs the given message with the given level.</doc>
<status status="PASS" start="2024-06-26T02:31:00.206991" elapsed="0.000420"/>
</kw>
<kw name="Set Variable" owner="BuiltIn">
<msg time="2024-06-26T02:31:00.208176" level="INFO">${json_data} = {'results': [{'gender': 'male', 'name': {'title': 'Mr', 'first': 'Engrácio', 'last': 'Novaes'}, 'location': {'street': {'number': 5064, 'name': 'Rua Carlos Gomes'}, 'city': 'Bragança Paulista', 'state...</msg>
<var>${json_data}</var>
<arg>${response.json()}</arg>
<doc>Returns the given values which can then be assigned to a variables.</doc>
<status status="PASS" start="2024-06-26T02:31:00.207722" elapsed="0.000483"/>
</kw>
<kw name="Dictionary Should Contain Key" owner="Collections">
<arg>${json_data}</arg>
<arg>results</arg>
<doc>Fails if ``key`` is not found from ``dictionary``.</doc>
<status status="PASS" start="2024-06-26T02:31:00.208506" elapsed="0.000167"/>
</kw>
<status status="PASS" start="2024-06-26T02:30:59.864819" elapsed="0.344006"/>
</kw>
<doc>Testa se a API responde corretamente e retorna um objeto JSON válido.</doc>
<tag>testeRequisicaoBasica</tag>
<status status="PASS" start="2024-06-26T02:30:59.864356" elapsed="0.344646"/>
</test>
<test id="s1-s1-t3" name="Validar estrutura de resposta" line="22">
<kw name="Teste de Estrutura de Resposta" owner="random-user-service">
<kw name="GET On Session" owner="RequestsLibrary">
<msg time="2024-06-26T02:31:00.306748" level="INFO">GET Request : url=https://randomuser.me/api 
 path_url=/api 
 headers={'User-Agent': 'python-requests/2.32.3', 'Accept-Encoding': 'gzip, deflate', 'Accept': '*/*', 'Connection': 'keep-alive'} 
 body=None 
 </msg>
<msg time="2024-06-26T02:31:00.306832" level="INFO">GET Response : url=https://randomuser.me/api 
 status=200, reason=OK 
 headers={'Date': 'Wed, 26 Jun 2024 02:31:00 GMT', 'Content-Type': 'application/json; charset=utf-8', 'Transfer-Encoding': 'chunked', 'Connection': 'keep-alive', 'X-Powered-By': 'Express', 'Access-Control-Allow-Origin': '*', 'Cache-Control': 'no-cache', 'ETag': 'W/"481-8THdP43POfNmlm1/pdM8z5NrC0g"', 'Vary': 'Accept-Encoding', 'Content-Encoding': 'gzip', 'CF-Cache-Status': 'DYNAMIC', 'Report-To': '{"endpoints":[{"url":"https:\\/\\/a.nel.cloudflare.com\\/report\\/v4?s=cVkH2pxlnS1ZSry5aw1ZDSXGBadXMkvXDYHgmgKhf98YZ81ysVicBJPMa57QWi4vRL7%2FMT5rQeO6o5TxRj6%2BIUA7%2FtlNqq5uOH6mpMbVRImvIrw%2FbrmI67lVmjpHuhT9"}],"group":"cf-nel","max_age":604800}', 'NEL': '{"success_fraction":0,"report_to":"cf-nel","max_age":604800}', 'Server': 'cloudflare', 'CF-RAY': '8999c7525fb367b9-SJC', 'alt-svc': 'h3=":443"; ma=86400'} 
 body={"results":[{"gender":"female","name":{"title":"Miss","first":"Sara","last":"Mora"},"location":{"street":{"number":227,"name":"Calle del Barquillo"},"city":"Fuenlabrada","state":"Comunidad de Madrid","country":"Spain","postcode":30508,"coordinates":{"latitude":"-32.2842","longitude":"71.6159"},"timezone":{"offset":"-9:00","description":"Alaska"}},"email":"sara.mora@example.com","login":{"uuid":"d9110c48-3fa2-4fa0-90c4-69955fd573b7","username":"crazygorilla627","password":"scooby","salt":"8Ok8Oc1b","md5":"dcec9068fcff0e047a460623deabcba4","sha1":"5d053efa28e24837c9945457c67ad29389dc2bd5","sha256":"0400ce8c6a82231ff992ba2273c6542da1b4cc0097367903601901ba8f231491"},"dob":{"date":"1978-05-18T02:18:03.034Z","age":46},"registered":{"date":"2009-09-20T17:18:44.514Z","age":14},"phone":"998-342-746","cell":"669-341-679","id":{"name":"DNI","value":"92337133-J"},"picture":{"large":"https://randomuser.me/api/portraits/women/33.jpg","medium":"https://randomuser.me/api/portraits/med/women/33.jpg","thumbnail":"https://randomuser.me/api/portraits/thumb/women/33.jpg"},"nat":"ES"}],"info":{"seed":"1258bad390a34a6a","results":1,"page":1,"version":"1.4"}} 
 </msg>
<msg time="2024-06-26T02:31:00.306949" level="INFO">/opt/hostedtoolcache/Python/3.12.4/x64/lib/python3.12/site-packages/urllib3/connectionpool.py:1099: InsecureRequestWarning: Unverified HTTPS request is being made to host 'randomuser.me'. Adding certificate verification is strongly advised. See: https://urllib3.readthedocs.io/en/latest/advanced-usage.html#tls-warnings
  warnings.warn(</msg>
<msg time="2024-06-26T02:31:00.307071" level="INFO">${response} = &lt;Response [200]&gt;</msg>
<var>${response}</var>
<arg>consultarAPI</arg>
<arg>/api</arg>
<doc>Sends a GET request on a previously created HTTP Session.</doc>
<status status="PASS" start="2024-06-26T02:31:00.211627" elapsed="0.095497"/>
</kw>
<kw name="Set Variable" owner="BuiltIn">
<msg time="2024-06-26T02:31:00.308180" level="INFO">${json_data} = {'results': [{'gender': 'female', 'name': {'title': 'Miss', 'first': 'Sara', 'last': 'Mora'}, 'location': {'street': {'number': 227, 'name': 'Calle del Barquillo'}, 'city': 'Fuenlabrada', 'state': 'Co...</msg>
<var>${json_data}</var>
<arg>${response.json()}</arg>
<doc>Returns the given values which can then be assigned to a variables.</doc>
<status status="PASS" start="2024-06-26T02:31:00.307621" elapsed="0.000588"/>
</kw>
<kw name="Log" owner="BuiltIn">
<msg time="2024-06-26T02:31:00.308679" level="INFO">{'results': [{'gender': 'female', 'name': {'title': 'Miss', 'first': 'Sara', 'last': 'Mora'}, 'location': {'street': {'number': 227, 'name': 'Calle del Barquillo'}, 'city': 'Fuenlabrada', 'state': 'Comunidad de Madrid', 'country': 'Spain', 'postcode': 30508, 'coordinates': {'latitude': '-32.2842', 'longitude': '71.6159'}, 'timezone': {'offset': '-9:00', 'description': 'Alaska'}}, 'email': 'sara.mora@example.com', 'login': {'uuid': 'd9110c48-3fa2-4fa0-90c4-69955fd573b7', 'username': 'crazygorilla627', 'password': 'scooby', 'salt': '8Ok8Oc1b', 'md5': 'dcec9068fcff0e047a460623deabcba4', 'sha1': '5d053efa28e24837c9945457c67ad29389dc2bd5', 'sha256': '0400ce8c6a82231ff992ba2273c6542da1b4cc0097367903601901ba8f231491'}, 'dob': {'date': '1978-05-18T02:18:03.034Z', 'age': 46}, 'registered': {'date': '2009-09-20T17:18:44.514Z', 'age': 14}, 'phone': '998-342-746', 'cell': '669-341-679', 'id': {'name': 'DNI', 'value': '92337133-J'}, 'picture': {'large': 'https://randomuser.me/api/portraits/women/33.jpg', 'medium': 'https://randomuser.me/api/portraits/med/women/33.jpg', 'thumbnail': 'https://randomuser.me/api/portraits/thumb/women/33.jpg'}, 'nat': 'ES'}], 'info': {'seed': '1258bad390a34a6a', 'results': 1, 'page': 1, 'version': '1.4'}}</msg>
<arg>${json_data}</arg>
<doc>Logs the given message with the given level.</doc>
<status status="PASS" start="2024-06-26T02:31:00.308522" elapsed="0.000206"/>
</kw>
<kw name="Dictionary Should Contain Key" owner="Collections">
<arg>${json_data}</arg>
<arg>results</arg>
<doc>Fails if ``key`` is not found from ``dictionary``.</doc>
<status status="PASS" start="2024-06-26T02:31:00.309022" elapsed="0.000159"/>
</kw>
<kw name="Should Not Be Empty" owner="BuiltIn">
<msg time="2024-06-26T02:31:00.309489" level="INFO">Length is 2.</msg>
<arg>${json_data}</arg>
<doc>Verifies that the given item is not empty.</doc>
<status status="PASS" start="2024-06-26T02:31:00.309365" elapsed="0.000168"/>
</kw>
<kw name="Create List" owner="BuiltIn">
<msg time="2024-06-26T02:31:00.310179" level="INFO">${expected_keys} = ['gender', 'name', 'location', 'email', 'login']</msg>
<var>${expected_keys}</var>
<arg>gender</arg>
<arg>name</arg>
<arg>location</arg>
<arg>email</arg>
<arg>login</arg>
<doc>Returns a list containing given items.</doc>
<status status="PASS" start="2024-06-26T02:31:00.309877" elapsed="0.000328"/>
</kw>
<for flavor="IN">
<iter>
<kw name="Dictionary Should Contain Key" owner="Collections">
<arg>${json_data['results'][0]}</arg>
<arg>${key}</arg>
<doc>Fails if ``key`` is not found from ``dictionary``.</doc>
<status status="PASS" start="2024-06-26T02:31:00.310801" elapsed="0.000408"/>
</kw>
<kw name="Log" owner="BuiltIn">
<msg time="2024-06-26T02:31:00.311761" level="INFO">{'gender': 'female', 'name': {'title': 'Miss', 'first': 'Sara', 'last': 'Mora'}, 'location': {'street': {'number': 227, 'name': 'Calle del Barquillo'}, 'city': 'Fuenlabrada', 'state': 'Comunidad de Madrid', 'country': 'Spain', 'postcode': 30508, 'coordinates': {'latitude': '-32.2842', 'longitude': '71.6159'}, 'timezone': {'offset': '-9:00', 'description': 'Alaska'}}, 'email': 'sara.mora@example.com', 'login': {'uuid': 'd9110c48-3fa2-4fa0-90c4-69955fd573b7', 'username': 'crazygorilla627', 'password': 'scooby', 'salt': '8Ok8Oc1b', 'md5': 'dcec9068fcff0e047a460623deabcba4', 'sha1': '5d053efa28e24837c9945457c67ad29389dc2bd5', 'sha256': '0400ce8c6a82231ff992ba2273c6542da1b4cc0097367903601901ba8f231491'}, 'dob': {'date': '1978-05-18T02:18:03.034Z', 'age': 46}, 'registered': {'date': '2009-09-20T17:18:44.514Z', 'age': 14}, 'phone': '998-342-746', 'cell': '669-341-679', 'id': {'name': 'DNI', 'value': '92337133-J'}, 'picture': {'large': 'https://randomuser.me/api/portraits/women/33.jpg', 'medium': 'https://randomuser.me/api/portraits/med/women/33.jpg', 'thumbnail': 'https://randomuser.me/api/portraits/thumb/women/33.jpg'}, 'nat': 'ES'}</msg>
<arg>${json_data['results'][0]}</arg>
<doc>Logs the given message with the given level.</doc>
<status status="PASS" start="2024-06-26T02:31:00.311398" elapsed="0.000413"/>
</kw>
<kw name="Log" owner="BuiltIn">
<msg time="2024-06-26T02:31:00.312248" level="INFO">gender</msg>
<arg>${key}</arg>
<doc>Logs the given message with the given level.</doc>
<status status="PASS" start="2024-06-26T02:31:00.312119" elapsed="0.000169"/>
</kw>
<var name="${key}">gender</var>
<status status="PASS" start="2024-06-26T02:31:00.310676" elapsed="0.001827"/>
</iter>
<iter>
<kw name="Dictionary Should Contain Key" owner="Collections">
<arg>${json_data['results'][0]}</arg>
<arg>${key}</arg>
<doc>Fails if ``key`` is not found from ``dictionary``.</doc>
<status status="PASS" start="2024-06-26T02:31:00.312800" elapsed="0.000398"/>
</kw>
<kw name="Log" owner="BuiltIn">
<msg time="2024-06-26T02:31:00.313736" level="INFO">{'gender': 'female', 'name': {'title': 'Miss', 'first': 'Sara', 'last': 'Mora'}, 'location': {'street': {'number': 227, 'name': 'Calle del Barquillo'}, 'city': 'Fuenlabrada', 'state': 'Comunidad de Madrid', 'country': 'Spain', 'postcode': 30508, 'coordinates': {'latitude': '-32.2842', 'longitude': '71.6159'}, 'timezone': {'offset': '-9:00', 'description': 'Alaska'}}, 'email': 'sara.mora@example.com', 'login': {'uuid': 'd9110c48-3fa2-4fa0-90c4-69955fd573b7', 'username': 'crazygorilla627', 'password': 'scooby', 'salt': '8Ok8Oc1b', 'md5': 'dcec9068fcff0e047a460623deabcba4', 'sha1': '5d053efa28e24837c9945457c67ad29389dc2bd5', 'sha256': '0400ce8c6a82231ff992ba2273c6542da1b4cc0097367903601901ba8f231491'}, 'dob': {'date': '1978-05-18T02:18:03.034Z', 'age': 46}, 'registered': {'date': '2009-09-20T17:18:44.514Z', 'age': 14}, 'phone': '998-342-746', 'cell': '669-341-679', 'id': {'name': 'DNI', 'value': '92337133-J'}, 'picture': {'large': 'https://randomuser.me/api/portraits/women/33.jpg', 'medium': 'https://randomuser.me/api/portraits/med/women/33.jpg', 'thumbnail': 'https://randomuser.me/api/portraits/thumb/women/33.jpg'}, 'nat': 'ES'}</msg>
<arg>${json_data['results'][0]}</arg>
<doc>Logs the given message with the given level.</doc>
<status status="PASS" start="2024-06-26T02:31:00.313383" elapsed="0.000455"/>
</kw>
<kw name="Log" owner="BuiltIn">
<msg time="2024-06-26T02:31:00.314270" level="INFO">name</msg>
<arg>${key}</arg>
<doc>Logs the given message with the given level.</doc>
<status status="PASS" start="2024-06-26T02:31:00.314141" elapsed="0.000167"/>
</kw>
<var name="${key}">name</var>
<status status="PASS" start="2024-06-26T02:31:00.312688" elapsed="0.001841"/>
</iter>
<iter>
<kw name="Dictionary Should Contain Key" owner="Collections">
<arg>${json_data['results'][0]}</arg>
<arg>${key}</arg>
<doc>Fails if ``key`` is not found from ``dictionary``.</doc>
<status status="PASS" start="2024-06-26T02:31:00.314814" elapsed="0.000389"/>
</kw>
<kw name="Log" owner="BuiltIn">
<msg time="2024-06-26T02:31:00.315745" level="INFO">{'gender': 'female', 'name': {'title': 'Miss', 'first': 'Sara', 'last': 'Mora'}, 'location': {'street': {'number': 227, 'name': 'Calle del Barquillo'}, 'city': 'Fuenlabrada', 'state': 'Comunidad de Madrid', 'country': 'Spain', 'postcode': 30508, 'coordinates': {'latitude': '-32.2842', 'longitude': '71.6159'}, 'timezone': {'offset': '-9:00', 'description': 'Alaska'}}, 'email': 'sara.mora@example.com', 'login': {'uuid': 'd9110c48-3fa2-4fa0-90c4-69955fd573b7', 'username': 'crazygorilla627', 'password': 'scooby', 'salt': '8Ok8Oc1b', 'md5': 'dcec9068fcff0e047a460623deabcba4', 'sha1': '5d053efa28e24837c9945457c67ad29389dc2bd5', 'sha256': '0400ce8c6a82231ff992ba2273c6542da1b4cc0097367903601901ba8f231491'}, 'dob': {'date': '1978-05-18T02:18:03.034Z', 'age': 46}, 'registered': {'date': '2009-09-20T17:18:44.514Z', 'age': 14}, 'phone': '998-342-746', 'cell': '669-341-679', 'id': {'name': 'DNI', 'value': '92337133-J'}, 'picture': {'large': 'https://randomuser.me/api/portraits/women/33.jpg', 'medium': 'https://randomuser.me/api/portraits/med/women/33.jpg', 'thumbnail': 'https://randomuser.me/api/portraits/thumb/women/33.jpg'}, 'nat': 'ES'}</msg>
<arg>${json_data['results'][0]}</arg>
<doc>Logs the given message with the given level.</doc>
<status status="PASS" start="2024-06-26T02:31:00.315388" elapsed="0.000405"/>
</kw>
<kw name="Log" owner="BuiltIn">
<msg time="2024-06-26T02:31:00.316231" level="INFO">location</msg>
<arg>${key}</arg>
<doc>Logs the given message with the given level.</doc>
<status status="PASS" start="2024-06-26T02:31:00.316105" elapsed="0.000163"/>
</kw>
<var name="${key}">location</var>
<status status="PASS" start="2024-06-26T02:31:00.314706" elapsed="0.001790"/>
</iter>
<iter>
<kw name="Dictionary Should Contain Key" owner="Collections">
<arg>${json_data['results'][0]}</arg>
<arg>${key}</arg>
<doc>Fails if ``key`` is not found from ``dictionary``.</doc>
<status status="PASS" start="2024-06-26T02:31:00.316773" elapsed="0.000388"/>
</kw>
<kw name="Log" owner="BuiltIn">
<msg time="2024-06-26T02:31:00.317689" level="INFO">{'gender': 'female', 'name': {'title': 'Miss', 'first': 'Sara', 'last': 'Mora'}, 'location': {'street': {'number': 227, 'name': 'Calle del Barquillo'}, 'city': 'Fuenlabrada', 'state': 'Comunidad de Madrid', 'country': 'Spain', 'postcode': 30508, 'coordinates': {'latitude': '-32.2842', 'longitude': '71.6159'}, 'timezone': {'offset': '-9:00', 'description': 'Alaska'}}, 'email': 'sara.mora@example.com', 'login': {'uuid': 'd9110c48-3fa2-4fa0-90c4-69955fd573b7', 'username': 'crazygorilla627', 'password': 'scooby', 'salt': '8Ok8Oc1b', 'md5': 'dcec9068fcff0e047a460623deabcba4', 'sha1': '5d053efa28e24837c9945457c67ad29389dc2bd5', 'sha256': '0400ce8c6a82231ff992ba2273c6542da1b4cc0097367903601901ba8f231491'}, 'dob': {'date': '1978-05-18T02:18:03.034Z', 'age': 46}, 'registered': {'date': '2009-09-20T17:18:44.514Z', 'age': 14}, 'phone': '998-342-746', 'cell': '669-341-679', 'id': {'name': 'DNI', 'value': '92337133-J'}, 'picture': {'large': 'https://randomuser.me/api/portraits/women/33.jpg', 'medium': 'https://randomuser.me/api/portraits/med/women/33.jpg', 'thumbnail': 'https://randomuser.me/api/portraits/thumb/women/33.jpg'}, 'nat': 'ES'}</msg>
<arg>${json_data['results'][0]}</arg>
<doc>Logs the given message with the given level.</doc>
<status status="PASS" start="2024-06-26T02:31:00.317341" elapsed="0.000396"/>
</kw>
<kw name="Log" owner="BuiltIn">
<msg time="2024-06-26T02:31:00.318196" level="INFO">email</msg>
<arg>${key}</arg>
<doc>Logs the given message with the given level.</doc>
<status status="PASS" start="2024-06-26T02:31:00.318068" elapsed="0.000167"/>
</kw>
<var name="${key}">email</var>
<status status="PASS" start="2024-06-26T02:31:00.316666" elapsed="0.001785"/>
</iter>
<iter>
<kw name="Dictionary Should Contain Key" owner="Collections">
<arg>${json_data['results'][0]}</arg>
<arg>${key}</arg>
<doc>Fails if ``key`` is not found from ``dictionary``.</doc>
<status status="PASS" start="2024-06-26T02:31:00.318733" elapsed="0.000388"/>
</kw>
<kw name="Log" owner="BuiltIn">
<msg time="2024-06-26T02:31:00.319662" level="INFO">{'gender': 'female', 'name': {'title': 'Miss', 'first': 'Sara', 'last': 'Mora'}, 'location': {'street': {'number': 227, 'name': 'Calle del Barquillo'}, 'city': 'Fuenlabrada', 'state': 'Comunidad de Madrid', 'country': 'Spain', 'postcode': 30508, 'coordinates': {'latitude': '-32.2842', 'longitude': '71.6159'}, 'timezone': {'offset': '-9:00', 'description': 'Alaska'}}, 'email': 'sara.mora@example.com', 'login': {'uuid': 'd9110c48-3fa2-4fa0-90c4-69955fd573b7', 'username': 'crazygorilla627', 'password': 'scooby', 'salt': '8Ok8Oc1b', 'md5': 'dcec9068fcff0e047a460623deabcba4', 'sha1': '5d053efa28e24837c9945457c67ad29389dc2bd5', 'sha256': '0400ce8c6a82231ff992ba2273c6542da1b4cc0097367903601901ba8f231491'}, 'dob': {'date': '1978-05-18T02:18:03.034Z', 'age': 46}, 'registered': {'date': '2009-09-20T17:18:44.514Z', 'age': 14}, 'phone': '998-342-746', 'cell': '669-341-679', 'id': {'name': 'DNI', 'value': '92337133-J'}, 'picture': {'large': 'https://randomuser.me/api/portraits/women/33.jpg', 'medium': 'https://randomuser.me/api/portraits/med/women/33.jpg', 'thumbnail': 'https://randomuser.me/api/portraits/thumb/women/33.jpg'}, 'nat': 'ES'}</msg>
<arg>${json_data['results'][0]}</arg>
<doc>Logs the given message with the given level.</doc>
<status status="PASS" start="2024-06-26T02:31:00.319307" elapsed="0.000404"/>
</kw>
<kw name="Log" owner="BuiltIn">
<msg time="2024-06-26T02:31:00.320134" level="INFO">login</msg>
<arg>${key}</arg>
<doc>Logs the given message with the given level.</doc>
<status status="PASS" start="2024-06-26T02:31:00.320003" elapsed="0.000171"/>
</kw>
<var name="${key}">login</var>
<status status="PASS" start="2024-06-26T02:31:00.318622" elapsed="0.001774"/>
</iter>
<var>${key}</var>
<value>@{expected_keys}</value>
<status status="PASS" start="2024-06-26T02:31:00.310483" elapsed="0.010034"/>
</for>
<kw name="Create List" owner="BuiltIn">
<msg time="2024-06-26T02:31:00.320846" level="INFO">${expected_keysTwo} = ['username', 'password']</msg>
<var>${expected_keysTwo}</var>
<arg>username</arg>
<arg>password</arg>
<doc>Returns a list containing given items.</doc>
<status status="PASS" start="2024-06-26T02:31:00.320713" elapsed="0.000157"/>
</kw>
<for flavor="IN">
<iter>
<kw name="Dictionary Should Contain Key" owner="Collections">
<arg>${json_data['results'][0]['login']}</arg>
<arg>${keyTwo}</arg>
<doc>Fails if ``key`` is not found from ``dictionary``.</doc>
<status status="PASS" start="2024-06-26T02:31:00.321393" elapsed="0.000387"/>
</kw>
<kw name="Dictionary Should Contain Key" owner="Collections">
<arg>${json_data['results'][0]['login']}</arg>
<arg>${keyTwo}</arg>
<doc>Fails if ``key`` is not found from ``dictionary``.</doc>
<status status="PASS" start="2024-06-26T02:31:00.321985" elapsed="0.000376"/>
</kw>
<kw name="Log" owner="BuiltIn">
<msg time="2024-06-26T02:31:00.322661" level="INFO">username</msg>
<arg>${keyTwo}</arg>
<doc>Logs the given message with the given level.</doc>
<status status="PASS" start="2024-06-26T02:31:00.322541" elapsed="0.000158"/>
</kw>
<var name="${keyTwo}">username</var>
<status status="PASS" start="2024-06-26T02:31:00.321285" elapsed="0.001638"/>
</iter>
<iter>
<kw name="Dictionary Should Contain Key" owner="Collections">
<arg>${json_data['results'][0]['login']}</arg>
<arg>${keyTwo}</arg>
<doc>Fails if ``key`` is not found from ``dictionary``.</doc>
<status status="PASS" start="2024-06-26T02:31:00.323202" elapsed="0.000380"/>
</kw>
<kw name="Dictionary Should Contain Key" owner="Collections">
<arg>${json_data['results'][0]['login']}</arg>
<arg>${keyTwo}</arg>
<doc>Fails if ``key`` is not found from ``dictionary``.</doc>
<status status="PASS" start="2024-06-26T02:31:00.323760" elapsed="0.000373"/>
</kw>
<kw name="Log" owner="BuiltIn">
<msg time="2024-06-26T02:31:00.324429" level="INFO">password</msg>
<arg>${keyTwo}</arg>
<doc>Logs the given message with the given level.</doc>
<status status="PASS" start="2024-06-26T02:31:00.324311" elapsed="0.000155"/>
</kw>
<var name="${keyTwo}">password</var>
<status status="PASS" start="2024-06-26T02:31:00.323095" elapsed="0.001677"/>
</iter>
<var>${keyTwo}</var>
<value>@{expected_keysTwo}</value>
<status status="PASS" start="2024-06-26T02:31:00.321129" elapsed="0.003762"/>
</for>
<status status="PASS" start="2024-06-26T02:31:00.211384" elapsed="0.113640"/>
</kw>
<doc>Testa a estrutura da resposta da API.</doc>
<tag>testeEstruturaResposta</tag>
<status status="PASS" start="2024-06-26T02:31:00.210874" elapsed="0.114296"/>
</test>
<test id="s1-s1-t4" name="Validar tipos de dados" line="28">
<kw name="Teste de Tipos de Dados" owner="random-user-service">
<kw name="GET On Session" owner="RequestsLibrary">
<msg time="2024-06-26T02:31:00.412072" level="INFO">GET Request : url=https://randomuser.me/api 
 path_url=/api 
 headers={'User-Agent': 'python-requests/2.32.3', 'Accept-Encoding': 'gzip, deflate', 'Accept': '*/*', 'Connection': 'keep-alive'} 
 body=None 
 </msg>
<msg time="2024-06-26T02:31:00.412149" level="INFO">GET Response : url=https://randomuser.me/api 
 status=200, reason=OK 
 headers={'Date': 'Wed, 26 Jun 2024 02:31:00 GMT', 'Content-Type': 'application/json; charset=utf-8', 'Transfer-Encoding': 'chunked', 'Connection': 'keep-alive', 'X-Powered-By': 'Express', 'Access-Control-Allow-Origin': '*', 'Cache-Control': 'no-cache', 'ETag': 'W/"474-utQQK5E5QodX9h6y3hezii4Ymsk"', 'Vary': 'Accept-Encoding', 'Content-Encoding': 'gzip', 'CF-Cache-Status': 'DYNAMIC', 'Report-To': '{"endpoints":[{"url":"https:\\/\\/a.nel.cloudflare.com\\/report\\/v4?s=bVm%2BrV4pLeYB98D77qru7goinpccwC8xgFi2bYX46zY4s7drxoU6lQm9Ne0oD3PEF%2B4M3O4OlZ2ZhLCSUUgINs0PjvUMK8fgU%2Fcs04l9hk1O4icmAOvuIFenrRnTiwpK"}],"group":"cf-nel","max_age":604800}', 'NEL': '{"success_fraction":0,"report_to":"cf-nel","max_age":604800}', 'Server': 'cloudflare', 'CF-RAY': '8999c753086b67b9-SJC', 'alt-svc': 'h3=":443"; ma=86400'} 
 body={"results":[{"gender":"female","name":{"title":"Ms","first":"Katrine","last":"Andersen"},"location":{"street":{"number":2068,"name":"Søndermarksvej"},"city":"Sørvad","state":"Danmark","country":"Denmark","postcode":37435,"coordinates":{"latitude":"-44.8966","longitude":"75.2112"},"timezone":{"offset":"+4:30","description":"Kabul"}},"email":"katrine.andersen@example.com","login":{"uuid":"70ba3dd0-4da3-4636-a687-e3cc8b332fd1","username":"heavytiger286","password":"lithium","salt":"1QnzlzNx","md5":"6e0403d0244f14368c0e42d461337f88","sha1":"9c49f5bf28f85512d893bba519ee9d699621f305","sha256":"f08bb3a1a7ddfd575d67f04cb3668c1b108e44005d36fe543a97909d499b5c32"},"dob":{"date":"1990-04-29T21:53:22.501Z","age":34},"registered":{"date":"2018-06-18T22:56:38.174Z","age":6},"phone":"72219815","cell":"64593217","id":{"name":"CPR","value":"290490-8137"},"picture":{"large":"https://randomuser.me/api/portraits/women/53.jpg","medium":"https://randomuser.me/api/portraits/med/women/53.jpg","thumbnail":"https://randomuser.me/api/portraits/thumb/women/53.jpg"},"nat":"DK"}],"info":{"seed":"4326169b5c22cb0c","results":1,"page":1,"version":"1.4"}} 
 </msg>
<msg time="2024-06-26T02:31:00.412219" level="INFO">/opt/hostedtoolcache/Python/3.12.4/x64/lib/python3.12/site-packages/urllib3/connectionpool.py:1099: InsecureRequestWarning: Unverified HTTPS request is being made to host 'randomuser.me'. Adding certificate verification is strongly advised. See: https://urllib3.readthedocs.io/en/latest/advanced-usage.html#tls-warnings
  warnings.warn(</msg>
<msg time="2024-06-26T02:31:00.412325" level="INFO">${response} = &lt;Response [200]&gt;</msg>
<var>${response}</var>
<arg>consultarAPI</arg>
<arg>/api</arg>
<doc>Sends a GET request on a previously created HTTP Session.</doc>
<status status="PASS" start="2024-06-26T02:31:00.327648" elapsed="0.084730"/>
</kw>
<kw name="Set Variable" owner="BuiltIn">
<msg time="2024-06-26T02:31:00.413404" level="INFO">${json_data} = {'results': [{'gender': 'female', 'name': {'title': 'Ms', 'first': 'Katrine', 'last': 'Andersen'}, 'location': {'street': {'number': 2068, 'name': 'Søndermarksvej'}, 'city': 'Sørvad', 'state': 'Danmar...</msg>
<var>${json_data}</var>
<arg>${response.json()}</arg>
<doc>Returns the given values which can then be assigned to a variables.</doc>
<status status="PASS" start="2024-06-26T02:31:00.412849" elapsed="0.000585"/>
</kw>
<kw name="Log" owner="BuiltIn">
<msg time="2024-06-26T02:31:00.413937" level="INFO">{'results': [{'gender': 'female', 'name': {'title': 'Ms', 'first': 'Katrine', 'last': 'Andersen'}, 'location': {'street': {'number': 2068, 'name': 'Søndermarksvej'}, 'city': 'Sørvad', 'state': 'Danmark', 'country': 'Denmark', 'postcode': 37435, 'coordinates': {'latitude': '-44.8966', 'longitude': '75.2112'}, 'timezone': {'offset': '+4:30', 'description': 'Kabul'}}, 'email': 'katrine.andersen@example.com', 'login': {'uuid': '70ba3dd0-4da3-4636-a687-e3cc8b332fd1', 'username': 'heavytiger286', 'password': 'lithium', 'salt': '1QnzlzNx', 'md5': '6e0403d0244f14368c0e42d461337f88', 'sha1': '9c49f5bf28f85512d893bba519ee9d699621f305', 'sha256': 'f08bb3a1a7ddfd575d67f04cb3668c1b108e44005d36fe543a97909d499b5c32'}, 'dob': {'date': '1990-04-29T21:53:22.501Z', 'age': 34}, 'registered': {'date': '2018-06-18T22:56:38.174Z', 'age': 6}, 'phone': '72219815', 'cell': '64593217', 'id': {'name': 'CPR', 'value': '290490-8137'}, 'picture': {'large': 'https://randomuser.me/api/portraits/women/53.jpg', 'medium': 'https://randomuser.me/api/portraits/med/women/53.jpg', 'thumbnail': 'https://randomuser.me/api/portraits/thumb/women/53.jpg'}, 'nat': 'DK'}], 'info': {'seed': '4326169b5c22cb0c', 'results': 1, 'page': 1, 'version': '1.4'}}</msg>
<arg>${json_data}</arg>
<doc>Logs the given message with the given level.</doc>
<status status="PASS" start="2024-06-26T02:31:00.413742" elapsed="0.000245"/>
</kw>
<kw name="Should Be String" owner="String">
<arg>${json_data['results'][0]['gender']}</arg>
<doc>Fails if the given ``item`` is not a string.</doc>
<status status="PASS" start="2024-06-26T02:31:00.414279" elapsed="0.000366"/>
</kw>
<kw name="Should Match Regexp" owner="BuiltIn">
<arg>${json_data['results'][0]['email']}</arg>
<arg>^[a-zA-Z0-9._%+-]+@[a-zA-Z0-9.-]+\.[a-zA-Z]{2,}$</arg>
<doc>Fails if ``string`` does not match ``pattern`` as a regular expression.</doc>
<status status="PASS" start="2024-06-26T02:31:00.414829" elapsed="0.000513"/>
</kw>
<kw name="Should Match Regexp" owner="BuiltIn">
<arg>${json_data['results'][0]['dob']['date']}</arg>
<arg>\\d{4}-\\d{2}-\\d{2}T\\d{2}:\\d{2}:\\d{2}\\.\\d{3}Z</arg>
<doc>Fails if ``string`` does not match ``pattern`` as a regular expression.</doc>
<status status="PASS" start="2024-06-26T02:31:00.415566" elapsed="0.000484"/>
</kw>
<kw name="Should Match Regexp" owner="BuiltIn">
<arg>${json_data['results'][0]['registered']['date']}</arg>
<arg>\\d{4}-\\d{2}-\\d{2}T\\d{2}:\\d{2}:\\d{2}\\.\\d{3}Z</arg>
<doc>Fails if ``string`` does not match ``pattern`` as a regular expression.</doc>
<status status="PASS" start="2024-06-26T02:31:00.416241" elapsed="0.000366"/>
</kw>
<kw name="Should Match Regexp" owner="BuiltIn">
<arg>${json_data['results'][0]['picture']['large']}</arg>
<arg>^https?://.*\.(?:png|jpe?g|gif|bmp)$</arg>
<doc>Fails if ``string`` does not match ``pattern`` as a regular expression.</doc>
<status status="PASS" start="2024-06-26T02:31:00.416792" elapsed="0.000467"/>
</kw>
<kw name="Should Match Regexp" owner="BuiltIn">
<arg>${json_data['results'][0]['picture']['medium']}</arg>
<arg>^https?://.*\.(?:png|jpe?g|gif|bmp)$</arg>
<doc>Fails if ``string`` does not match ``pattern`` as a regular expression.</doc>
<status status="PASS" start="2024-06-26T02:31:00.417457" elapsed="0.000387"/>
</kw>
<kw name="Should Match Regexp" owner="BuiltIn">
<arg>${json_data['results'][0]['picture']['thumbnail']}</arg>
<arg>^https?://.*\.(?:png|jpe?g|gif|bmp)$</arg>
<doc>Fails if ``string`` does not match ``pattern`` as a regular expression.</doc>
<status status="PASS" start="2024-06-26T02:31:00.418032" elapsed="0.000351"/>
</kw>
<kw name="Log" owner="BuiltIn">
<msg time="2024-06-26T02:31:00.418889" level="INFO">{'large': 'https://randomuser.me/api/portraits/women/53.jpg', 'medium': 'https://randomuser.me/api/portraits/med/women/53.jpg', 'thumbnail': 'https://randomuser.me/api/portraits/thumb/women/53.jpg'}</msg>
<arg>${json_data['results'][0]['picture']}</arg>
<doc>Logs the given message with the given level.</doc>
<status status="PASS" start="2024-06-26T02:31:00.418568" elapsed="0.000363"/>
</kw>
<status status="PASS" start="2024-06-26T02:31:00.327423" elapsed="0.091768"/>
</kw>
<kw name="Teste de Tipos de Dados - Postcode" owner="random-user-service">
<kw name="GET On Session" owner="RequestsLibrary">
<msg time="2024-06-26T02:31:00.519731" level="INFO">GET Request : url=https://randomuser.me/api 
 path_url=/api 
 headers={'User-Agent': 'python-requests/2.32.3', 'Accept-Encoding': 'gzip, deflate', 'Accept': '*/*', 'Connection': 'keep-alive'} 
 body=None 
 </msg>
<msg time="2024-06-26T02:31:00.519819" level="INFO">GET Response : url=https://randomuser.me/api 
 status=200, reason=OK 
 headers={'Date': 'Wed, 26 Jun 2024 02:31:00 GMT', 'Content-Type': 'application/json; charset=utf-8', 'Transfer-Encoding': 'chunked', 'Connection': 'keep-alive', 'X-Powered-By': 'Express', 'Access-Control-Allow-Origin': '*', 'Cache-Control': 'no-cache', 'ETag': 'W/"479-6IG3ZO/HuiSshScXfYzbFAAbVvc"', 'Vary': 'Accept-Encoding', 'Content-Encoding': 'gzip', 'CF-Cache-Status': 'DYNAMIC', 'Report-To': '{"endpoints":[{"url":"https:\\/\\/a.nel.cloudflare.com\\/report\\/v4?s=y2gx11R%2FboKPRNkanv4W6BD%2Bw4ir2bjtCSUhNl3LHWefBKTR4N19MoXTGwfSNsWvvxRCMDQg0GwDlRMM07CWULshsrh3FByY%2F9jgYvuisvWuiI5%2BDlPd9BdfkH6Y%2BLba"}],"group":"cf-nel","max_age":604800}', 'NEL': '{"success_fraction":0,"report_to":"cf-nel","max_age":604800}', 'Server': 'cloudflare', 'CF-RAY': '8999c753a8de67b9-SJC', 'alt-svc': 'h3=":443"; ma=86400'} 
 body={"results":[{"gender":"female","name":{"title":"Miss","first":"Ülkü","last":"Toraman"},"location":{"street":{"number":7771,"name":"Atatürk Sk"},"city":"Çorum","state":"Burdur","country":"Turkey","postcode":65378,"coordinates":{"latitude":"69.6136","longitude":"20.4109"},"timezone":{"offset":"+6:00","description":"Almaty, Dhaka, Colombo"}},"email":"ulku.toraman@example.com","login":{"uuid":"ec1cc032-9e9e-4a59-b59b-bd628e32da22","username":"sadpanda836","password":"megadeth","salt":"6J5MvMRt","md5":"31863c43c1e9c8ac55741f27a28a38c4","sha1":"a0f5c41445c35adc22b9f2239ea1e3af4b65960e","sha256":"c47fc0df26971e36c534660a29dafd70252ca1767fd9548a404e7621d73b6bae"},"dob":{"date":"1966-06-01T23:26:55.816Z","age":58},"registered":{"date":"2005-10-05T21:09:17.914Z","age":18},"phone":"(921)-861-1262","cell":"(062)-979-6731","id":{"name":"","value":null},"picture":{"large":"https://randomuser.me/api/portraits/women/50.jpg","medium":"https://randomuser.me/api/portraits/med/women/50.jpg","thumbnail":"https://randomuser.me/api/portraits/thumb/women/50.jpg"},"nat":"TR"}],"info":{"seed":"9d7e301dfa2d1653","results":1,"page":1,"version":"1.4"}} 
 </msg>
<msg time="2024-06-26T02:31:00.519881" level="INFO">/opt/hostedtoolcache/Python/3.12.4/x64/lib/python3.12/site-packages/urllib3/connectionpool.py:1099: InsecureRequestWarning: Unverified HTTPS request is being made to host 'randomuser.me'. Adding certificate verification is strongly advised. See: https://urllib3.readthedocs.io/en/latest/advanced-usage.html#tls-warnings
  warnings.warn(</msg>
<msg time="2024-06-26T02:31:00.519983" level="INFO">${response} = &lt;Response [200]&gt;</msg>
<var>${response}</var>
<arg>consultarAPI</arg>
<arg>/api</arg>
<doc>Sends a GET request on a previously created HTTP Session.</doc>
<status status="PASS" start="2024-06-26T02:31:00.419611" elapsed="0.100411"/>
</kw>
<kw name="Set Variable" owner="BuiltIn">
<msg time="2024-06-26T02:31:00.520974" level="INFO">${json_data} = {'results': [{'gender': 'female', 'name': {'title': 'Miss', 'first': 'Ülkü', 'last': 'Toraman'}, 'location': {'street': {'number': 7771, 'name': 'Atatürk Sk'}, 'city': 'Çorum', 'state': 'Burdur', 'cou...</msg>
<var>${json_data}</var>
<arg>${response.json()}</arg>
<doc>Returns the given values which can then be assigned to a variables.</doc>
<status status="PASS" start="2024-06-26T02:31:00.520472" elapsed="0.000533"/>
</kw>
<kw name="Log" owner="BuiltIn">
<msg time="2024-06-26T02:31:00.521483" level="INFO">{'results': [{'gender': 'female', 'name': {'title': 'Miss', 'first': 'Ülkü', 'last': 'Toraman'}, 'location': {'street': {'number': 7771, 'name': 'Atatürk Sk'}, 'city': 'Çorum', 'state': 'Burdur', 'country': 'Turkey', 'postcode': 65378, 'coordinates': {'latitude': '69.6136', 'longitude': '20.4109'}, 'timezone': {'offset': '+6:00', 'description': 'Almaty, Dhaka, Colombo'}}, 'email': 'ulku.toraman@example.com', 'login': {'uuid': 'ec1cc032-9e9e-4a59-b59b-bd628e32da22', 'username': 'sadpanda836', 'password': 'megadeth', 'salt': '6J5MvMRt', 'md5': '31863c43c1e9c8ac55741f27a28a38c4', 'sha1': 'a0f5c41445c35adc22b9f2239ea1e3af4b65960e', 'sha256': 'c47fc0df26971e36c534660a29dafd70252ca1767fd9548a404e7621d73b6bae'}, 'dob': {'date': '1966-06-01T23:26:55.816Z', 'age': 58}, 'registered': {'date': '2005-10-05T21:09:17.914Z', 'age': 18}, 'phone': '(921)-861-1262', 'cell': '(062)-979-6731', 'id': {'name': '', 'value': None}, 'picture': {'large': 'https://randomuser.me/api/portraits/women/50.jpg', 'medium': 'https://randomuser.me/api/portraits/med/women/50.jpg', 'thumbnail': 'https://randomuser.me/api/portraits/thumb/women/50.jpg'}, 'nat': 'TR'}], 'info': {'seed': '9d7e301dfa2d1653', 'results': 1, 'page': 1, 'version': '1.4'}}</msg>
<arg>${json_data}</arg>
<doc>Logs the given message with the given level.</doc>
<status status="PASS" start="2024-06-26T02:31:00.521322" elapsed="0.000209"/>
</kw>
<kw name="Should Be Equal As Numbers" owner="BuiltIn">
<arg>${json_data['results'][0]['location']['postcode']}</arg>
<arg>${json_data['results'][0]['location']['postcode']}</arg>
<doc>Fails if objects are unequal after converting them to real numbers.</doc>
<status status="PASS" start="2024-06-26T02:31:00.521869" elapsed="0.000647"/>
</kw>
<kw name="Log" owner="BuiltIn">
<msg time="2024-06-26T02:31:00.523192" level="INFO">65378</msg>
<arg>${json_data['results'][0]['location']['postcode']}</arg>
<doc>Logs the given message with the given level.</doc>
<status status="PASS" start="2024-06-26T02:31:00.522706" elapsed="0.000528"/>
</kw>
<status status="PASS" start="2024-06-26T02:31:00.419395" elapsed="0.104097"/>
</kw>
<doc>Testa se os tipos de dados na resposta da API estão corretos.</doc>
<tag>testeTiposDados</tag>
<status status="PASS" start="2024-06-26T02:31:00.326991" elapsed="0.196695"/>
</test>
<test id="s1-s1-t5" name="Validar conteudo" line="35">
<kw name="Teste de Tipos de Conteudo" owner="random-user-service">
<kw name="GET On Session" owner="RequestsLibrary">
<msg time="2024-06-26T02:31:00.660888" level="INFO">GET Request : url=https://randomuser.me/api 
 path_url=/api 
 headers={'User-Agent': 'python-requests/2.32.3', 'Accept-Encoding': 'gzip, deflate', 'Accept': '*/*', 'Connection': 'keep-alive'} 
 body=None 
 </msg>
<msg time="2024-06-26T02:31:00.660992" level="INFO">GET Response : url=https://randomuser.me/api 
 status=200, reason=OK 
 headers={'Date': 'Wed, 26 Jun 2024 02:31:00 GMT', 'Content-Type': 'application/json; charset=utf-8', 'Transfer-Encoding': 'chunked', 'Connection': 'keep-alive', 'X-Powered-By': 'Express', 'Access-Control-Allow-Origin': '*', 'Cache-Control': 'no-cache', 'ETag': 'W/"4a3-IrWUAsVZ2keseZGcWQoQY5iWg6s"', 'Vary': 'Accept-Encoding', 'Content-Encoding': 'gzip', 'CF-Cache-Status': 'DYNAMIC', 'Report-To': '{"endpoints":[{"url":"https:\\/\\/a.nel.cloudflare.com\\/report\\/v4?s=dUGtAMjizcPfKvtD%2FyonLQvJ90oh8%2BD%2FwLP1%2Fz4KDfcLqRdFyprY4CySvvox8eT5KJiU2ZV1tJRwbRrA33F5aBhLYNxpQls50XEEXRgjgZ1IkL4%2FzNCPKNBWiN9HOkL%2F"}],"group":"cf-nel","max_age":604800}', 'NEL': '{"success_fraction":0,"report_to":"cf-nel","max_age":604800}', 'Server': 'cloudflare', 'CF-RAY': '8999c754497267b9-SJC', 'alt-svc': 'h3=":443"; ma=86400'} 
 body={"results":[{"gender":"female","name":{"title":"Ms","first":"Daphné","last":"Petit"},"location":{"street":{"number":6197,"name":"Rue Louis-Garrand"},"city":"Roubaix","state":"Territoire De Belfort","country":"France","postcode":69549,"coordinates":{"latitude":"-17.5906","longitude":"24.7053"},"timezone":{"offset":"-12:00","description":"Eniwetok, Kwajalein"}},"email":"daphne.petit@example.com","login":{"uuid":"3ca09ece-a8e2-4ce8-8c25-65a8d1888717","username":"goldengorilla419","password":"beatrice","salt":"H5jX5GrY","md5":"726bef797736001d49ce39a175dded1f","sha1":"8f1a78a6111d072c17e7262d7888794799206b09","sha256":"306d0364cbdd994e15d48cbdd20d8309379b23d5d1358b41f27012c676293334"},"dob":{"date":"1982-10-19T19:10:41.325Z","age":41},"registered":{"date":"2013-03-31T16:11:46.041Z","age":11},"phone":"01-55-54-14-38","cell":"06-45-24-31-61","id":{"name":"INSEE","value":"2820993990675 97"},"picture":{"large":"https://randomuser.me/api/portraits/women/82.jpg","medium":"https://randomuser.me/api/portraits/med/women/82.jpg","thumbnail":"https://randomuser.me/api/portraits/thumb/women/82.jpg"},"nat":"FR"}],"info":{"seed":"4131852f0b8e2a4f","results":1,"page":1,"version":"1.4"}} 
 </msg>
<msg time="2024-06-26T02:31:00.661055" level="INFO">/opt/hostedtoolcache/Python/3.12.4/x64/lib/python3.12/site-packages/urllib3/connectionpool.py:1099: InsecureRequestWarning: Unverified HTTPS request is being made to host 'randomuser.me'. Adding certificate verification is strongly advised. See: https://urllib3.readthedocs.io/en/latest/advanced-usage.html#tls-warnings
  warnings.warn(</msg>
<msg time="2024-06-26T02:31:00.661154" level="INFO">${response} = &lt;Response [200]&gt;</msg>
<var>${response}</var>
<arg>consultarAPI</arg>
<arg>/api</arg>
<doc>Sends a GET request on a previously created HTTP Session.</doc>
<status status="PASS" start="2024-06-26T02:31:00.526593" elapsed="0.134592"/>
</kw>
<kw name="Set Variable" owner="BuiltIn">
<msg time="2024-06-26T02:31:00.662247" level="INFO">${json_data} = {'results': [{'gender': 'female', 'name': {'title': 'Ms', 'first': 'Daphné', 'last': 'Petit'}, 'location': {'street': {'number': 6197, 'name': 'Rue Louis-Garrand'}, 'city': 'Roubaix', 'state': 'Territ...</msg>
<var>${json_data}</var>
<arg>${response.json()}</arg>
<doc>Returns the given values which can then be assigned to a variables.</doc>
<status status="PASS" start="2024-06-26T02:31:00.661709" elapsed="0.000568"/>
</kw>
<kw name="Set Variable" owner="BuiltIn">
<msg time="2024-06-26T02:31:00.662962" level="INFO">${name_title} = Ms</msg>
<var>${name_title}</var>
<arg>${json_data["results"][0]["name"]["title"]}</arg>
<doc>Returns the given values which can then be assigned to a variables.</doc>
<status status="PASS" start="2024-06-26T02:31:00.662585" elapsed="0.000402"/>
</kw>
<kw name="Create List" owner="BuiltIn">
<msg time="2024-06-26T02:31:00.663427" level="INFO">${allowed_titles} = ['Mr', 'Ms', 'Miss', 'Mrs', 'Madame', 'Monsieur']</msg>
<var>${allowed_titles}</var>
<arg>Mr</arg>
<arg>Ms</arg>
<arg>Miss</arg>
<arg>Mrs</arg>
<arg>Madame</arg>
<arg>Monsieur</arg>
<doc>Returns a list containing given items.</doc>
<status status="PASS" start="2024-06-26T02:31:00.663279" elapsed="0.000172"/>
</kw>
<kw name="List Should Contain Value" owner="Collections">
<arg>${allowed_titles}</arg>
<arg>${name_title}</arg>
<doc>Fails if the ``value`` is not found from ``list``.</doc>
<status status="PASS" start="2024-06-26T02:31:00.663750" elapsed="0.000176"/>
</kw>
<kw name="Set Variable" owner="BuiltIn">
<msg time="2024-06-26T02:31:00.664471" level="INFO">${name_country} = FR</msg>
<var>${name_country}</var>
<arg>${json_data["results"][0]["nat"]}</arg>
<doc>Returns the given values which can then be assigned to a variables.</doc>
<status status="PASS" start="2024-06-26T02:31:00.664110" elapsed="0.000385"/>
</kw>
<kw name="Create List" owner="BuiltIn">
<msg time="2024-06-26T02:31:00.665377" level="INFO">${list_country} = ['AD', 'AE', 'AF', 'AG', 'AI', 'AL', 'AM', 'AO', 'AQ', 'AR', 'AS', 'AT', 'AU', 'AW', 'AX', 'AZ', 'BA', 'BB', 'BD', 'BE', 'BF', 'BG', 'BH', 'BI', 'BJ', 'BL', 'BM', 'BN', 'BO', 'BQ', 'BR', 'BS', 'BT', '...</msg>
<var>${list_country}</var>
<arg>AD</arg>
<arg>AE</arg>
<arg>AF</arg>
<arg>AG</arg>
<arg>AI</arg>
<arg>AL</arg>
<arg>AM</arg>
<arg>AO</arg>
<arg>AQ</arg>
<arg>AR</arg>
<arg>AS</arg>
<arg>AT</arg>
<arg>AU</arg>
<arg>AW</arg>
<arg>AX</arg>
<arg>AZ</arg>
<arg>BA</arg>
<arg>BB</arg>
<arg>BD</arg>
<arg>BE</arg>
<arg>BF</arg>
<arg>BG</arg>
<arg>BH</arg>
<arg>BI</arg>
<arg>BJ</arg>
<arg>BL</arg>
<arg>BM</arg>
<arg>BN</arg>
<arg>BO</arg>
<arg>BQ</arg>
<arg>BR</arg>
<arg>BS</arg>
<arg>BT</arg>
<arg>BV</arg>
<arg>BW</arg>
<arg>BY</arg>
<arg>BZ</arg>
<arg>CA</arg>
<arg>CC</arg>
<arg>CD</arg>
<arg>CF</arg>
<arg>CG</arg>
<arg>CH</arg>
<arg>CI</arg>
<arg>CK</arg>
<arg>CL</arg>
<arg>CM</arg>
<arg>CN</arg>
<arg>CO</arg>
<arg>CR</arg>
<arg>CU</arg>
<arg>CV</arg>
<arg>CW</arg>
<arg>CX</arg>
<arg>CY</arg>
<arg>CZ</arg>
<arg>DE</arg>
<arg>DJ</arg>
<arg>DK</arg>
<arg>DM</arg>
<arg>DO</arg>
<arg>DZ</arg>
<arg>EC</arg>
<arg>EE</arg>
<arg>EG</arg>
<arg>EH</arg>
<arg>ER</arg>
<arg>ES</arg>
<arg>ET</arg>
<arg>FI</arg>
<arg>FJ</arg>
<arg>FK</arg>
<arg>FM</arg>
<arg>FO</arg>
<arg>FR</arg>
<arg>GA</arg>
<arg>GB</arg>
<arg>GD</arg>
<arg>GE</arg>
<arg>GF</arg>
<arg>GG</arg>
<arg>GH</arg>
<arg>GI</arg>
<arg>GL</arg>
<arg>GM</arg>
<arg>GN</arg>
<arg>GP</arg>
<arg>GQ</arg>
<arg>GR</arg>
<arg>GS</arg>
<arg>GT</arg>
<arg>GU</arg>
<arg>GW</arg>
<arg>GY</arg>
<arg>HK</arg>
<arg>HM</arg>
<arg>HN</arg>
<arg>HR</arg>
<arg>HT</arg>
<arg>HU</arg>
<arg>ID</arg>
<arg>IE</arg>
<arg>IL</arg>
<arg>IM</arg>
<arg>IN</arg>
<arg>IO</arg>
<arg>IQ</arg>
<arg>IR</arg>
<arg>IS</arg>
<arg>IT</arg>
<arg>JE</arg>
<arg>JM</arg>
<arg>JO</arg>
<arg>JP</arg>
<arg>KE</arg>
<arg>KG</arg>
<arg>KH</arg>
<arg>KI</arg>
<arg>KM</arg>
<arg>KN</arg>
<arg>KP</arg>
<arg>KR</arg>
<arg>KW</arg>
<arg>KY</arg>
<arg>KZ</arg>
<arg>LA</arg>
<arg>LB</arg>
<arg>LC</arg>
<arg>LI</arg>
<arg>LK</arg>
<arg>LR</arg>
<arg>LS</arg>
<arg>LT</arg>
<arg>LU</arg>
<arg>LV</arg>
<arg>LY</arg>
<arg>MA</arg>
<arg>MC</arg>
<arg>MD</arg>
<arg>ME</arg>
<arg>MF</arg>
<arg>MG</arg>
<arg>MH</arg>
<arg>MK</arg>
<arg>ML</arg>
<arg>MM</arg>
<arg>MN</arg>
<arg>MO</arg>
<arg>MP</arg>
<arg>MQ</arg>
<arg>MR</arg>
<arg>MS</arg>
<arg>MT</arg>
<arg>MU</arg>
<arg>MV</arg>
<arg>MW</arg>
<arg>MX</arg>
<arg>MY</arg>
<arg>MZ</arg>
<arg>NA</arg>
<arg>NC</arg>
<arg>NE</arg>
<arg>NF</arg>
<arg>NG</arg>
<arg>NI</arg>
<arg>NL</arg>
<arg>NO</arg>
<arg>NP</arg>
<arg>NR</arg>
<arg>NU</arg>
<arg>NZ</arg>
<arg>OM</arg>
<arg>PA</arg>
<arg>PE</arg>
<arg>PF</arg>
<arg>PG</arg>
<arg>PH</arg>
<arg>PK</arg>
<arg>PL</arg>
<arg>PM</arg>
<arg>PN</arg>
<arg>PR</arg>
<arg>PS</arg>
<arg>PT</arg>
<arg>PW</arg>
<arg>PY</arg>
<arg>QA</arg>
<arg>RE</arg>
<arg>RO</arg>
<arg>RS</arg>
<arg>RU</arg>
<arg>RW</arg>
<arg>SA</arg>
<arg>SB</arg>
<arg>SC</arg>
<arg>SD</arg>
<arg>SE</arg>
<arg>SG</arg>
<arg>SH</arg>
<arg>SI</arg>
<arg>SJ</arg>
<arg>SK</arg>
<arg>SL</arg>
<arg>SM</arg>
<arg>SN</arg>
<arg>SO</arg>
<arg>SR</arg>
<arg>SS</arg>
<arg>ST</arg>
<arg>SV</arg>
<arg>SX</arg>
<arg>SY</arg>
<arg>SZ</arg>
<arg>TC</arg>
<arg>TD</arg>
<arg>TF</arg>
<arg>TG</arg>
<arg>TH</arg>
<arg>TJ</arg>
<arg>TK</arg>
<arg>TL</arg>
<arg>TM</arg>
<arg>TN</arg>
<arg>TO</arg>
<arg>TR</arg>
<arg>TT</arg>
<arg>TV</arg>
<arg>TW</arg>
<arg>TZ</arg>
<arg>UA</arg>
<arg>UG</arg>
<arg>UM</arg>
<arg>US</arg>
<arg>UY</arg>
<arg>UZ</arg>
<arg>VA</arg>
<arg>VC</arg>
<arg>VE</arg>
<arg>VG</arg>
<arg>VI</arg>
<arg>VN</arg>
<arg>VU</arg>
<arg>WF</arg>
<arg>WS</arg>
<arg>XK</arg>
<arg>YE</arg>
<arg>YT</arg>
<arg>ZA</arg>
<arg>ZM</arg>
<arg>ZW</arg>
<doc>Returns a list containing given items.</doc>
<status status="PASS" start="2024-06-26T02:31:00.664780" elapsed="0.000622"/>
</kw>
<kw name="List Should Contain Value" owner="Collections">
<arg>${list_country}</arg>
<arg>${name_country}</arg>
<doc>Fails if the ``value`` is not found from ``list``.</doc>
<status status="PASS" start="2024-06-26T02:31:00.666230" elapsed="0.000205"/>
</kw>
<kw name="Run Keyword If" owner="BuiltIn">
<kw name="Should Be True" owner="BuiltIn">
<arg>${True}</arg>
<doc>Fails if the given condition is not true.</doc>
<status status="PASS" start="2024-06-26T02:31:00.667359" elapsed="0.000140"/>
</kw>
<arg>${json_data["results"][0]["location"]["coordinates"]["latitude"]} &gt;= -90 and ${json_data["results"][0]["location"]["coordinates"]["latitude"]} &lt;= 90</arg>
<arg>Should Be True</arg>
<arg>${True}</arg>
<doc>Runs the given keyword with the given arguments, if ``condition`` is true.</doc>
<status status="PASS" start="2024-06-26T02:31:00.666629" elapsed="0.000996"/>
</kw>
<kw name="Run Keyword If" owner="BuiltIn">
<kw name="Should Be True" owner="BuiltIn">
<arg>${True}</arg>
<doc>Fails if the given condition is not true.</doc>
<status status="PASS" start="2024-06-26T02:31:00.668495" elapsed="0.000236"/>
</kw>
<arg>${json_data["results"][0]["location"]["coordinates"]["longitude"]} &gt;= -180 and ${json_data["results"][0]["location"]["coordinates"]["longitude"]} &lt;= 180</arg>
<arg>Should Be True</arg>
<arg>${True}</arg>
<doc>Runs the given keyword with the given arguments, if ``condition`` is true.</doc>
<status status="PASS" start="2024-06-26T02:31:00.667805" elapsed="0.001054"/>
</kw>
<status status="PASS" start="2024-06-26T02:31:00.526224" elapsed="0.142768"/>
</kw>
<doc>Testa o conteúdo específico dos campos retornados pela API.</doc>
<tag>testeConteudo</tag>
<status status="PASS" start="2024-06-26T02:31:00.525514" elapsed="0.143622"/>
</test>
<status status="PASS" start="2024-06-26T02:30:59.491325" elapsed="1.179759"/>
</suite>
<status status="PASS" start="2024-06-26T02:30:59.475985" elapsed="1.200134"/>
</suite>
<statistics>
<total>
<stat pass="5" fail="0" skip="0">All Tests</stat>
</total>
<tag>
<stat pass="1" fail="0" skip="0">testeConteudo</stat>
<stat pass="1" fail="0" skip="0">testeEstruturaResposta</stat>
<stat pass="1" fail="0" skip="0">testeRequisicaoBasica</stat>
<stat pass="1" fail="0" skip="0">testeTiposDados</stat>
</tag>
<suite>
<stat pass="5" fail="0" skip="0" id="s1" name="Tests">Tests</stat>
<stat pass="5" fail="0" skip="0" id="s1-s1" name="Random-User-Test">Tests.Random-User-Test</stat>
</suite>
</statistics>
<errors>
</errors>
</robot>
