<?xml version="1.0" encoding="UTF-8"?>
<robot generator="Robot 7.0.1 (Python 3.12.4 on linux)" generated="2024-08-05T12:30:30.916438" rpa="false" schemaversion="5">
<suite id="s1" name="Tests" source="/home/runner/work/ApiRandomUser/ApiRandomUser/RamdonUser/tests">
<suite id="s1-s1" name="Random-User-Test" source="/home/runner/work/ApiRandomUser/ApiRandomUser/RamdonUser/tests/random-user-test.robot">
<test id="s1-s1-t1" name="Conectar" line="13">
<kw name="Conectar API" owner="random-user-service">
<kw name="Create Session" owner="RequestsLibrary">
<msg time="2024-08-05T12:30:31.345771" level="INFO">Creating Session using : alias=consultarAPI, url=https://randomuser.me/, headers={},                     cookies={}, auth=None, timeout=None, proxies=None, verify=False,                     debug=0 </msg>
<arg>consultarAPI</arg>
<arg>${URL}</arg>
<doc>Create Session: create a HTTP session to a server</doc>
<status status="PASS" start="2024-08-05T12:30:31.345555" elapsed="0.000412"/>
</kw>
<status status="PASS" start="2024-08-05T12:30:31.344479" elapsed="0.001890"/>
</kw>
<status status="PASS" start="2024-08-05T12:30:31.343828" elapsed="0.002745"/>
</test>
<test id="s1-s1-t2" name="Validar retorno 200 e JSON Válido" line="16">
<kw name="Teste de Requisicao Basica" owner="random-user-service">
<kw name="GET On Session" owner="RequestsLibrary">
<msg time="2024-08-05T12:30:31.465578" level="INFO">GET Request : url=https://randomuser.me/api 
 path_url=/api 
 headers={'User-Agent': 'python-requests/2.32.3', 'Accept-Encoding': 'gzip, deflate', 'Accept': '*/*', 'Connection': 'keep-alive'} 
 body=None 
 </msg>
<msg time="2024-08-05T12:30:31.465741" level="INFO">GET Response : url=https://randomuser.me/api 
 status=200, reason=OK 
 headers={'Date': 'Mon, 05 Aug 2024 12:30:31 GMT', 'Content-Type': 'application/json; charset=utf-8', 'Transfer-Encoding': 'chunked', 'Connection': 'keep-alive', 'X-Powered-By': 'Express', 'Access-Control-Allow-Origin': '*', 'Cache-Control': 'no-cache', 'ETag': 'W/"47d-o5Af4ea9DfcOBqTC/ftFUyg/WPQ"', 'Vary': 'Accept-Encoding', 'Content-Encoding': 'gzip', 'CF-Cache-Status': 'DYNAMIC', 'Report-To': '{"endpoints":[{"url":"https:\\/\\/a.nel.cloudflare.com\\/report\\/v4?s=5xNGkWIMwH%2FqVVyME7uzokUVj3kFEKFZbANWSA8ouAYW9M69kjFTeZDUEuZg51IQPhCrtsOVSE9PqDxtl1aklVG5GE9anJx3%2Bxx%2BJyob7pdNufa%2FPEfuOevGnUeLZeFy"}],"group":"cf-nel","max_age":604800}', 'NEL': '{"success_fraction":0,"report_to":"cf-nel","max_age":604800}', 'Server': 'cloudflare', 'CF-RAY': '8ae6cc862f5e2d05-IAD', 'alt-svc': 'h3=":443"; ma=86400'} 
 body={"results":[{"gender":"female","name":{"title":"Ms","first":"Rosa","last":"Olsen"},"location":{"street":{"number":9819,"name":"Birkebakken"},"city":"Beder","state":"Danmark","country":"Denmark","postcode":20943,"coordinates":{"latitude":"-38.6684","longitude":"81.2090"},"timezone":{"offset":"-3:00","description":"Brazil, Buenos Aires, Georgetown"}},"email":"rosa.olsen@example.com","login":{"uuid":"cae5f020-15b0-470f-88f9-1f7177882103","username":"organicbird953","password":"wayer","salt":"xTaDc9WF","md5":"505107eea9fd2c5bca2a92bef737ad99","sha1":"9e823bd7bc4f35e38fc6091c9e663b80eb49749a","sha256":"16bce84460a76f2e2309789951ae72562f292e0e7b1f5708e941d24a23ff1e2a"},"dob":{"date":"1972-08-18T03:08:33.414Z","age":51},"registered":{"date":"2004-07-23T12:49:30.046Z","age":20},"phone":"45511022","cell":"49918810","id":{"name":"CPR","value":"170872-4033"},"picture":{"large":"https://randomuser.me/api/portraits/women/43.jpg","medium":"https://randomuser.me/api/portraits/med/women/43.jpg","thumbnail":"https://randomuser.me/api/portraits/thumb/women/43.jpg"},"nat":"DK"}],"info":{"seed":"59a021a11c94a21b","results":1,"page":1,"version":"1.4"}} 
 </msg>
<msg time="2024-08-05T12:30:31.465825" level="INFO">/opt/hostedtoolcache/Python/3.12.4/x64/lib/python3.12/site-packages/urllib3/connectionpool.py:1099: InsecureRequestWarning: Unverified HTTPS request is being made to host 'randomuser.me'. Adding certificate verification is strongly advised. See: https://urllib3.readthedocs.io/en/latest/advanced-usage.html#tls-warnings
  warnings.warn(</msg>
<msg time="2024-08-05T12:30:31.466015" level="INFO">${response} = &lt;Response [200]&gt;</msg>
<var>${response}</var>
<arg>consultarAPI</arg>
<arg>/api</arg>
<doc>Sends a GET request on a previously created HTTP Session.</doc>
<status status="PASS" start="2024-08-05T12:30:31.349221" elapsed="0.116839"/>
</kw>
<kw name="Should Be Equal As Numbers" owner="BuiltIn">
<msg time="2024-08-05T12:30:31.467098" level="INFO">Argument types are:
&lt;class 'int'&gt;
&lt;class 'str'&gt;</msg>
<arg>${response.status_code}</arg>
<arg>200</arg>
<doc>Fails if objects are unequal after converting them to real numbers.</doc>
<status status="PASS" start="2024-08-05T12:30:31.466629" elapsed="0.000540"/>
</kw>
<kw name="Log" owner="BuiltIn">
<msg time="2024-08-05T12:30:31.467886" level="INFO">200</msg>
<arg>${response.status_code}</arg>
<doc>Logs the given message with the given level.</doc>
<status status="PASS" start="2024-08-05T12:30:31.467520" elapsed="0.000410"/>
</kw>
<kw name="Set Variable" owner="BuiltIn">
<msg time="2024-08-05T12:30:31.468696" level="INFO">${json_data} = {'results': [{'gender': 'female', 'name': {'title': 'Ms', 'first': 'Rosa', 'last': 'Olsen'}, 'location': {'street': {'number': 9819, 'name': 'Birkebakken'}, 'city': 'Beder', 'state': 'Danmark', 'count...</msg>
<var>${json_data}</var>
<arg>${response.json()}</arg>
<doc>Returns the given values which can then be assigned to a variables.</doc>
<status status="PASS" start="2024-08-05T12:30:31.468249" elapsed="0.000476"/>
</kw>
<kw name="Dictionary Should Contain Key" owner="Collections">
<arg>${json_data}</arg>
<arg>results</arg>
<doc>Fails if ``key`` is not found from ``dictionary``.</doc>
<status status="PASS" start="2024-08-05T12:30:31.469031" elapsed="0.000336"/>
</kw>
<status status="PASS" start="2024-08-05T12:30:31.348968" elapsed="0.120558"/>
</kw>
<doc>Testa se a API responde corretamente e retorna um objeto JSON válido.</doc>
<tag>testeRequisicaoBasica</tag>
<status status="PASS" start="2024-08-05T12:30:31.348428" elapsed="0.121277"/>
</test>
<test id="s1-s1-t3" name="Validar estrutura de resposta" line="22">
<kw name="Teste de Estrutura de Resposta" owner="random-user-service">
<kw name="GET On Session" owner="RequestsLibrary">
<msg time="2024-08-05T12:30:31.647967" level="INFO">GET Request : url=https://randomuser.me/api 
 path_url=/api 
 headers={'User-Agent': 'python-requests/2.32.3', 'Accept-Encoding': 'gzip, deflate', 'Accept': '*/*', 'Connection': 'keep-alive'} 
 body=None 
 </msg>
<msg time="2024-08-05T12:30:31.648075" level="INFO">GET Response : url=https://randomuser.me/api 
 status=200, reason=OK 
 headers={'Date': 'Mon, 05 Aug 2024 12:30:31 GMT', 'Content-Type': 'application/json; charset=utf-8', 'Transfer-Encoding': 'chunked', 'Connection': 'keep-alive', 'X-Powered-By': 'Express', 'Access-Control-Allow-Origin': '*', 'Cache-Control': 'no-cache', 'ETag': 'W/"4b6-wiABjyxO+WTVjj2j4k7hm/U/QFM"', 'Vary': 'Accept-Encoding', 'Content-Encoding': 'gzip', 'CF-Cache-Status': 'DYNAMIC', 'Report-To': '{"endpoints":[{"url":"https:\\/\\/a.nel.cloudflare.com\\/report\\/v4?s=yAAYpTL4QXb7TqUr%2FU%2BGf4WVwETY%2BZHorlmtnGNKpH2KaBrUFhDvdPnnUv2bPa8qSSo6%2BSQiLIGKCvT3NTM6wEd46h8nYp%2FkICqbdaaUlrN5hlw7NqJ4WeLGxuBctmw%2F"}],"group":"cf-nel","max_age":604800}', 'NEL': '{"success_fraction":0,"report_to":"cf-nel","max_age":604800}', 'Server': 'cloudflare', 'CF-RAY': '8ae6cc86bfd82d05-IAD', 'alt-svc': 'h3=":443"; ma=86400'} 
 body={"results":[{"gender":"male","name":{"title":"Mr","first":"Martín","last":"Manzanares"},"location":{"street":{"number":1640,"name":"Boulevard Cabo Verde"},"city":"La Luz (Mpio. Penjamillo)","state":"Ciudad de Mexico","country":"Mexico","postcode":95142,"coordinates":{"latitude":"25.4347","longitude":"-75.2182"},"timezone":{"offset":"+1:00","description":"Brussels, Copenhagen, Madrid, Paris"}},"email":"martin.manzanares@example.com","login":{"uuid":"a872263f-7397-477b-b424-e1614bc2991e","username":"blackfish892","password":"dddd","salt":"DoJDBDTp","md5":"e8ca47358abe0a39f7eca5c223b699cb","sha1":"4f19824117a344b66a6be9b808516b414f59a5db","sha256":"207dedcdacc8610c6c299f2aba82cd9353f5440e4cbb2b5c80525c9f507a89ba"},"dob":{"date":"1950-12-21T13:36:33.177Z","age":73},"registered":{"date":"2010-04-08T18:52:59.627Z","age":14},"phone":"(627) 715 6184","cell":"(656) 883 7627","id":{"name":"NSS","value":"80 06 04 4105 0"},"picture":{"large":"https://randomuser.me/api/portraits/men/8.jpg","medium":"https://randomuser.me/api/portraits/med/men/8.jpg","thumbnail":"https://randomuser.me/api/portraits/thumb/men/8.jpg"},"nat":"MX"}],"info":{"seed":"6dac06ee03dbedd6","results":1,"page":1,"version":"1.4"}} 
 </msg>
<msg time="2024-08-05T12:30:31.648215" level="INFO">/opt/hostedtoolcache/Python/3.12.4/x64/lib/python3.12/site-packages/urllib3/connectionpool.py:1099: InsecureRequestWarning: Unverified HTTPS request is being made to host 'randomuser.me'. Adding certificate verification is strongly advised. See: https://urllib3.readthedocs.io/en/latest/advanced-usage.html#tls-warnings
  warnings.warn(</msg>
<msg time="2024-08-05T12:30:31.648368" level="INFO">${response} = &lt;Response [200]&gt;</msg>
<var>${response}</var>
<arg>consultarAPI</arg>
<arg>/api</arg>
<doc>Sends a GET request on a previously created HTTP Session.</doc>
<status status="PASS" start="2024-08-05T12:30:31.472326" elapsed="0.176074"/>
</kw>
<kw name="Set Variable" owner="BuiltIn">
<msg time="2024-08-05T12:30:31.649469" level="INFO">${json_data} = {'results': [{'gender': 'male', 'name': {'title': 'Mr', 'first': 'Martín', 'last': 'Manzanares'}, 'location': {'street': {'number': 1640, 'name': 'Boulevard Cabo Verde'}, 'city': 'La Luz (Mpio. Penjam...</msg>
<var>${json_data}</var>
<arg>${response.json()}</arg>
<doc>Returns the given values which can then be assigned to a variables.</doc>
<status status="PASS" start="2024-08-05T12:30:31.648928" elapsed="0.000572"/>
</kw>
<kw name="Log" owner="BuiltIn">
<msg time="2024-08-05T12:30:31.649993" level="INFO">{'results': [{'gender': 'male', 'name': {'title': 'Mr', 'first': 'Martín', 'last': 'Manzanares'}, 'location': {'street': {'number': 1640, 'name': 'Boulevard Cabo Verde'}, 'city': 'La Luz (Mpio. Penjamillo)', 'state': 'Ciudad de Mexico', 'country': 'Mexico', 'postcode': 95142, 'coordinates': {'latitude': '25.4347', 'longitude': '-75.2182'}, 'timezone': {'offset': '+1:00', 'description': 'Brussels, Copenhagen, Madrid, Paris'}}, 'email': 'martin.manzanares@example.com', 'login': {'uuid': 'a872263f-7397-477b-b424-e1614bc2991e', 'username': 'blackfish892', 'password': 'dddd', 'salt': 'DoJDBDTp', 'md5': 'e8ca47358abe0a39f7eca5c223b699cb', 'sha1': '4f19824117a344b66a6be9b808516b414f59a5db', 'sha256': '207dedcdacc8610c6c299f2aba82cd9353f5440e4cbb2b5c80525c9f507a89ba'}, 'dob': {'date': '1950-12-21T13:36:33.177Z', 'age': 73}, 'registered': {'date': '2010-04-08T18:52:59.627Z', 'age': 14}, 'phone': '(627) 715 6184', 'cell': '(656) 883 7627', 'id': {'name': 'NSS', 'value': '80 06 04 4105 0'}, 'picture': {'large': 'https://randomuser.me/api/portraits/men/8.jpg', 'medium': 'https://randomuser.me/api/portraits/med/men/8.jpg', 'thumbnail': 'https://randomuser.me/api/portraits/thumb/men/8.jpg'}, 'nat': 'MX'}], 'info': {'seed': '6dac06ee03dbedd6', 'results': 1, 'page': 1, 'version': '1.4'}}</msg>
<arg>${json_data}</arg>
<doc>Logs the given message with the given level.</doc>
<status status="PASS" start="2024-08-05T12:30:31.649822" elapsed="0.000223"/>
</kw>
<kw name="Dictionary Should Contain Key" owner="Collections">
<arg>${json_data}</arg>
<arg>results</arg>
<doc>Fails if ``key`` is not found from ``dictionary``.</doc>
<status status="PASS" start="2024-08-05T12:30:31.650381" elapsed="0.000174"/>
</kw>
<kw name="Should Not Be Empty" owner="BuiltIn">
<msg time="2024-08-05T12:30:31.650884" level="INFO">Length is 2.</msg>
<arg>${json_data}</arg>
<doc>Verifies that the given item is not empty.</doc>
<status status="PASS" start="2024-08-05T12:30:31.650753" elapsed="0.000171"/>
</kw>
<kw name="Create List" owner="BuiltIn">
<msg time="2024-08-05T12:30:31.651382" level="INFO">${expected_keys} = ['gender', 'name', 'location', 'email', 'login']</msg>
<var>${expected_keys}</var>
<arg>gender</arg>
<arg>name</arg>
<arg>location</arg>
<arg>email</arg>
<arg>login</arg>
<doc>Returns a list containing given items.</doc>
<status status="PASS" start="2024-08-05T12:30:31.651226" elapsed="0.000181"/>
</kw>
<for flavor="IN">
<iter>
<kw name="Dictionary Should Contain Key" owner="Collections">
<arg>${json_data['results'][0]}</arg>
<arg>${key}</arg>
<doc>Fails if ``key`` is not found from ``dictionary``.</doc>
<status status="PASS" start="2024-08-05T12:30:31.652023" elapsed="0.000420"/>
</kw>
<kw name="Log" owner="BuiltIn">
<msg time="2024-08-05T12:30:31.653006" level="INFO">{'gender': 'male', 'name': {'title': 'Mr', 'first': 'Martín', 'last': 'Manzanares'}, 'location': {'street': {'number': 1640, 'name': 'Boulevard Cabo Verde'}, 'city': 'La Luz (Mpio. Penjamillo)', 'state': 'Ciudad de Mexico', 'country': 'Mexico', 'postcode': 95142, 'coordinates': {'latitude': '25.4347', 'longitude': '-75.2182'}, 'timezone': {'offset': '+1:00', 'description': 'Brussels, Copenhagen, Madrid, Paris'}}, 'email': 'martin.manzanares@example.com', 'login': {'uuid': 'a872263f-7397-477b-b424-e1614bc2991e', 'username': 'blackfish892', 'password': 'dddd', 'salt': 'DoJDBDTp', 'md5': 'e8ca47358abe0a39f7eca5c223b699cb', 'sha1': '4f19824117a344b66a6be9b808516b414f59a5db', 'sha256': '207dedcdacc8610c6c299f2aba82cd9353f5440e4cbb2b5c80525c9f507a89ba'}, 'dob': {'date': '1950-12-21T13:36:33.177Z', 'age': 73}, 'registered': {'date': '2010-04-08T18:52:59.627Z', 'age': 14}, 'phone': '(627) 715 6184', 'cell': '(656) 883 7627', 'id': {'name': 'NSS', 'value': '80 06 04 4105 0'}, 'picture': {'large': 'https://randomuser.me/api/portraits/men/8.jpg', 'medium': 'https://randomuser.me/api/portraits/med/men/8.jpg', 'thumbnail': 'https://randomuser.me/api/portraits/thumb/men/8.jpg'}, 'nat': 'MX'}</msg>
<arg>${json_data['results'][0]}</arg>
<doc>Logs the given message with the given level.</doc>
<status status="PASS" start="2024-08-05T12:30:31.652641" elapsed="0.000418"/>
</kw>
<kw name="Log" owner="BuiltIn">
<msg time="2024-08-05T12:30:31.653504" level="INFO">gender</msg>
<arg>${key}</arg>
<doc>Logs the given message with the given level.</doc>
<status status="PASS" start="2024-08-05T12:30:31.653370" elapsed="0.000175"/>
</kw>
<var name="${key}">gender</var>
<status status="PASS" start="2024-08-05T12:30:31.651895" elapsed="0.001877"/>
</iter>
<iter>
<kw name="Dictionary Should Contain Key" owner="Collections">
<arg>${json_data['results'][0]}</arg>
<arg>${key}</arg>
<doc>Fails if ``key`` is not found from ``dictionary``.</doc>
<status status="PASS" start="2024-08-05T12:30:31.654086" elapsed="0.000433"/>
</kw>
<kw name="Log" owner="BuiltIn">
<msg time="2024-08-05T12:30:31.655127" level="INFO">{'gender': 'male', 'name': {'title': 'Mr', 'first': 'Martín', 'last': 'Manzanares'}, 'location': {'street': {'number': 1640, 'name': 'Boulevard Cabo Verde'}, 'city': 'La Luz (Mpio. Penjamillo)', 'state': 'Ciudad de Mexico', 'country': 'Mexico', 'postcode': 95142, 'coordinates': {'latitude': '25.4347', 'longitude': '-75.2182'}, 'timezone': {'offset': '+1:00', 'description': 'Brussels, Copenhagen, Madrid, Paris'}}, 'email': 'martin.manzanares@example.com', 'login': {'uuid': 'a872263f-7397-477b-b424-e1614bc2991e', 'username': 'blackfish892', 'password': 'dddd', 'salt': 'DoJDBDTp', 'md5': 'e8ca47358abe0a39f7eca5c223b699cb', 'sha1': '4f19824117a344b66a6be9b808516b414f59a5db', 'sha256': '207dedcdacc8610c6c299f2aba82cd9353f5440e4cbb2b5c80525c9f507a89ba'}, 'dob': {'date': '1950-12-21T13:36:33.177Z', 'age': 73}, 'registered': {'date': '2010-04-08T18:52:59.627Z', 'age': 14}, 'phone': '(627) 715 6184', 'cell': '(656) 883 7627', 'id': {'name': 'NSS', 'value': '80 06 04 4105 0'}, 'picture': {'large': 'https://randomuser.me/api/portraits/men/8.jpg', 'medium': 'https://randomuser.me/api/portraits/med/men/8.jpg', 'thumbnail': 'https://randomuser.me/api/portraits/thumb/men/8.jpg'}, 'nat': 'MX'}</msg>
<arg>${json_data['results'][0]}</arg>
<doc>Logs the given message with the given level.</doc>
<status status="PASS" start="2024-08-05T12:30:31.654750" elapsed="0.000429"/>
</kw>
<kw name="Log" owner="BuiltIn">
<msg time="2024-08-05T12:30:31.655620" level="INFO">name</msg>
<arg>${key}</arg>
<doc>Logs the given message with the given level.</doc>
<status status="PASS" start="2024-08-05T12:30:31.655486" elapsed="0.000174"/>
</kw>
<var name="${key}">name</var>
<status status="PASS" start="2024-08-05T12:30:31.653965" elapsed="0.001919"/>
</iter>
<iter>
<kw name="Dictionary Should Contain Key" owner="Collections">
<arg>${json_data['results'][0]}</arg>
<arg>${key}</arg>
<doc>Fails if ``key`` is not found from ``dictionary``.</doc>
<status status="PASS" start="2024-08-05T12:30:31.656178" elapsed="0.000388"/>
</kw>
<kw name="Log" owner="BuiltIn">
<msg time="2024-08-05T12:30:31.657109" level="INFO">{'gender': 'male', 'name': {'title': 'Mr', 'first': 'Martín', 'last': 'Manzanares'}, 'location': {'street': {'number': 1640, 'name': 'Boulevard Cabo Verde'}, 'city': 'La Luz (Mpio. Penjamillo)', 'state': 'Ciudad de Mexico', 'country': 'Mexico', 'postcode': 95142, 'coordinates': {'latitude': '25.4347', 'longitude': '-75.2182'}, 'timezone': {'offset': '+1:00', 'description': 'Brussels, Copenhagen, Madrid, Paris'}}, 'email': 'martin.manzanares@example.com', 'login': {'uuid': 'a872263f-7397-477b-b424-e1614bc2991e', 'username': 'blackfish892', 'password': 'dddd', 'salt': 'DoJDBDTp', 'md5': 'e8ca47358abe0a39f7eca5c223b699cb', 'sha1': '4f19824117a344b66a6be9b808516b414f59a5db', 'sha256': '207dedcdacc8610c6c299f2aba82cd9353f5440e4cbb2b5c80525c9f507a89ba'}, 'dob': {'date': '1950-12-21T13:36:33.177Z', 'age': 73}, 'registered': {'date': '2010-04-08T18:52:59.627Z', 'age': 14}, 'phone': '(627) 715 6184', 'cell': '(656) 883 7627', 'id': {'name': 'NSS', 'value': '80 06 04 4105 0'}, 'picture': {'large': 'https://randomuser.me/api/portraits/men/8.jpg', 'medium': 'https://randomuser.me/api/portraits/med/men/8.jpg', 'thumbnail': 'https://randomuser.me/api/portraits/thumb/men/8.jpg'}, 'nat': 'MX'}</msg>
<arg>${json_data['results'][0]}</arg>
<doc>Logs the given message with the given level.</doc>
<status status="PASS" start="2024-08-05T12:30:31.656753" elapsed="0.000407"/>
</kw>
<kw name="Log" owner="BuiltIn">
<msg time="2024-08-05T12:30:31.657604" level="INFO">location</msg>
<arg>${key}</arg>
<doc>Logs the given message with the given level.</doc>
<status status="PASS" start="2024-08-05T12:30:31.657470" elapsed="0.000174"/>
</kw>
<var name="${key}">location</var>
<status status="PASS" start="2024-08-05T12:30:31.656066" elapsed="0.001809"/>
</iter>
<iter>
<kw name="Dictionary Should Contain Key" owner="Collections">
<arg>${json_data['results'][0]}</arg>
<arg>${key}</arg>
<doc>Fails if ``key`` is not found from ``dictionary``.</doc>
<status status="PASS" start="2024-08-05T12:30:31.658160" elapsed="0.000415"/>
</kw>
<kw name="Log" owner="BuiltIn">
<msg time="2024-08-05T12:30:31.659246" level="INFO">{'gender': 'male', 'name': {'title': 'Mr', 'first': 'Martín', 'last': 'Manzanares'}, 'location': {'street': {'number': 1640, 'name': 'Boulevard Cabo Verde'}, 'city': 'La Luz (Mpio. Penjamillo)', 'state': 'Ciudad de Mexico', 'country': 'Mexico', 'postcode': 95142, 'coordinates': {'latitude': '25.4347', 'longitude': '-75.2182'}, 'timezone': {'offset': '+1:00', 'description': 'Brussels, Copenhagen, Madrid, Paris'}}, 'email': 'martin.manzanares@example.com', 'login': {'uuid': 'a872263f-7397-477b-b424-e1614bc2991e', 'username': 'blackfish892', 'password': 'dddd', 'salt': 'DoJDBDTp', 'md5': 'e8ca47358abe0a39f7eca5c223b699cb', 'sha1': '4f19824117a344b66a6be9b808516b414f59a5db', 'sha256': '207dedcdacc8610c6c299f2aba82cd9353f5440e4cbb2b5c80525c9f507a89ba'}, 'dob': {'date': '1950-12-21T13:36:33.177Z', 'age': 73}, 'registered': {'date': '2010-04-08T18:52:59.627Z', 'age': 14}, 'phone': '(627) 715 6184', 'cell': '(656) 883 7627', 'id': {'name': 'NSS', 'value': '80 06 04 4105 0'}, 'picture': {'large': 'https://randomuser.me/api/portraits/men/8.jpg', 'medium': 'https://randomuser.me/api/portraits/med/men/8.jpg', 'thumbnail': 'https://randomuser.me/api/portraits/thumb/men/8.jpg'}, 'nat': 'MX'}</msg>
<arg>${json_data['results'][0]}</arg>
<doc>Logs the given message with the given level.</doc>
<status status="PASS" start="2024-08-05T12:30:31.658883" elapsed="0.000415"/>
</kw>
<kw name="Log" owner="BuiltIn">
<msg time="2024-08-05T12:30:31.659740" level="INFO">email</msg>
<arg>${key}</arg>
<doc>Logs the given message with the given level.</doc>
<status status="PASS" start="2024-08-05T12:30:31.659603" elapsed="0.000177"/>
</kw>
<var name="${key}">email</var>
<status status="PASS" start="2024-08-05T12:30:31.658050" elapsed="0.001950"/>
</iter>
<iter>
<kw name="Dictionary Should Contain Key" owner="Collections">
<arg>${json_data['results'][0]}</arg>
<arg>${key}</arg>
<doc>Fails if ``key`` is not found from ``dictionary``.</doc>
<status status="PASS" start="2024-08-05T12:30:31.660284" elapsed="0.000378"/>
</kw>
<kw name="Log" owner="BuiltIn">
<msg time="2024-08-05T12:30:31.661206" level="INFO">{'gender': 'male', 'name': {'title': 'Mr', 'first': 'Martín', 'last': 'Manzanares'}, 'location': {'street': {'number': 1640, 'name': 'Boulevard Cabo Verde'}, 'city': 'La Luz (Mpio. Penjamillo)', 'state': 'Ciudad de Mexico', 'country': 'Mexico', 'postcode': 95142, 'coordinates': {'latitude': '25.4347', 'longitude': '-75.2182'}, 'timezone': {'offset': '+1:00', 'description': 'Brussels, Copenhagen, Madrid, Paris'}}, 'email': 'martin.manzanares@example.com', 'login': {'uuid': 'a872263f-7397-477b-b424-e1614bc2991e', 'username': 'blackfish892', 'password': 'dddd', 'salt': 'DoJDBDTp', 'md5': 'e8ca47358abe0a39f7eca5c223b699cb', 'sha1': '4f19824117a344b66a6be9b808516b414f59a5db', 'sha256': '207dedcdacc8610c6c299f2aba82cd9353f5440e4cbb2b5c80525c9f507a89ba'}, 'dob': {'date': '1950-12-21T13:36:33.177Z', 'age': 73}, 'registered': {'date': '2010-04-08T18:52:59.627Z', 'age': 14}, 'phone': '(627) 715 6184', 'cell': '(656) 883 7627', 'id': {'name': 'NSS', 'value': '80 06 04 4105 0'}, 'picture': {'large': 'https://randomuser.me/api/portraits/men/8.jpg', 'medium': 'https://randomuser.me/api/portraits/med/men/8.jpg', 'thumbnail': 'https://randomuser.me/api/portraits/thumb/men/8.jpg'}, 'nat': 'MX'}</msg>
<arg>${json_data['results'][0]}</arg>
<doc>Logs the given message with the given level.</doc>
<status status="PASS" start="2024-08-05T12:30:31.660846" elapsed="0.000418"/>
</kw>
<kw name="Log" owner="BuiltIn">
<msg time="2024-08-05T12:30:31.661691" level="INFO">login</msg>
<arg>${key}</arg>
<doc>Logs the given message with the given level.</doc>
<status status="PASS" start="2024-08-05T12:30:31.661562" elapsed="0.000167"/>
</kw>
<var name="${key}">login</var>
<status status="PASS" start="2024-08-05T12:30:31.660174" elapsed="0.001775"/>
</iter>
<var>${key}</var>
<value>@{expected_keys}</value>
<status status="PASS" start="2024-08-05T12:30:31.651685" elapsed="0.010417"/>
</for>
<kw name="Create List" owner="BuiltIn">
<msg time="2024-08-05T12:30:31.662472" level="INFO">${expected_keysTwo} = ['username', 'password']</msg>
<var>${expected_keysTwo}</var>
<arg>username</arg>
<arg>password</arg>
<doc>Returns a list containing given items.</doc>
<status status="PASS" start="2024-08-05T12:30:31.662333" elapsed="0.000164"/>
</kw>
<for flavor="IN">
<iter>
<kw name="Dictionary Should Contain Key" owner="Collections">
<arg>${json_data['results'][0]['login']}</arg>
<arg>${keyTwo}</arg>
<doc>Fails if ``key`` is not found from ``dictionary``.</doc>
<status status="PASS" start="2024-08-05T12:30:31.662999" elapsed="0.000387"/>
</kw>
<kw name="Dictionary Should Contain Key" owner="Collections">
<arg>${json_data['results'][0]['login']}</arg>
<arg>${keyTwo}</arg>
<doc>Fails if ``key`` is not found from ``dictionary``.</doc>
<status status="PASS" start="2024-08-05T12:30:31.663567" elapsed="0.000385"/>
</kw>
<kw name="Log" owner="BuiltIn">
<msg time="2024-08-05T12:30:31.664261" level="INFO">username</msg>
<arg>${keyTwo}</arg>
<doc>Logs the given message with the given level.</doc>
<status status="PASS" start="2024-08-05T12:30:31.664132" elapsed="0.000168"/>
</kw>
<var name="${keyTwo}">username</var>
<status status="PASS" start="2024-08-05T12:30:31.662891" elapsed="0.001643"/>
</iter>
<iter>
<kw name="Dictionary Should Contain Key" owner="Collections">
<arg>${json_data['results'][0]['login']}</arg>
<arg>${keyTwo}</arg>
<doc>Fails if ``key`` is not found from ``dictionary``.</doc>
<status status="PASS" start="2024-08-05T12:30:31.664823" elapsed="0.000386"/>
</kw>
<kw name="Dictionary Should Contain Key" owner="Collections">
<arg>${json_data['results'][0]['login']}</arg>
<arg>${keyTwo}</arg>
<doc>Fails if ``key`` is not found from ``dictionary``.</doc>
<status status="PASS" start="2024-08-05T12:30:31.665389" elapsed="0.000375"/>
</kw>
<kw name="Log" owner="BuiltIn">
<msg time="2024-08-05T12:30:31.666065" level="INFO">password</msg>
<arg>${keyTwo}</arg>
<doc>Logs the given message with the given level.</doc>
<status status="PASS" start="2024-08-05T12:30:31.665943" elapsed="0.000160"/>
</kw>
<var name="${keyTwo}">password</var>
<status status="PASS" start="2024-08-05T12:30:31.664707" elapsed="0.001640"/>
</iter>
<var>${keyTwo}</var>
<value>@{expected_keysTwo}</value>
<status status="PASS" start="2024-08-05T12:30:31.662736" elapsed="0.003734"/>
</for>
<status status="PASS" start="2024-08-05T12:30:31.472083" elapsed="0.194530"/>
</kw>
<doc>Testa a estrutura da resposta da API.</doc>
<tag>testeEstruturaResposta</tag>
<status status="PASS" start="2024-08-05T12:30:31.471579" elapsed="0.195197"/>
</test>
<test id="s1-s1-t4" name="Validar tipos de dados" line="28">
<kw name="Teste de Tipos de Dados" owner="random-user-service">
<kw name="GET On Session" owner="RequestsLibrary">
<msg time="2024-08-05T12:30:31.962298" level="INFO">GET Request : url=https://randomuser.me/api 
 path_url=/api 
 headers={'User-Agent': 'python-requests/2.32.3', 'Accept-Encoding': 'gzip, deflate', 'Accept': '*/*', 'Connection': 'keep-alive'} 
 body=None 
 </msg>
<msg time="2024-08-05T12:30:31.962413" level="INFO">GET Response : url=https://randomuser.me/api 
 status=200, reason=OK 
 headers={'Date': 'Mon, 05 Aug 2024 12:30:31 GMT', 'Content-Type': 'application/json; charset=utf-8', 'Transfer-Encoding': 'chunked', 'Connection': 'keep-alive', 'X-Powered-By': 'Express', 'Access-Control-Allow-Origin': '*', 'Cache-Control': 'no-cache', 'ETag': 'W/"48f-Uplivr+rf9QTX7Q89lnbJP84LXU"', 'Vary': 'Accept-Encoding', 'Content-Encoding': 'gzip', 'CF-Cache-Status': 'DYNAMIC', 'Report-To': '{"endpoints":[{"url":"https:\\/\\/a.nel.cloudflare.com\\/report\\/v4?s=%2BliD9poDHjH0IvyEidnBOTUgjS7w2seEtWJcpTAmGgiGs6eZlOIKTr6mS0w%2B6pNNX3MHZMOKJxWj87UBdsUO9wsWvtv6igRwc9brBg%2FV33GhPQ8JcBPMNbgfqPNq7dYK"}],"group":"cf-nel","max_age":604800}', 'NEL': '{"success_fraction":0,"report_to":"cf-nel","max_age":604800}', 'Server': 'cloudflare', 'CF-RAY': '8ae6cc87f92d2d05-IAD', 'alt-svc': 'h3=":443"; ma=86400'} 
 body={"results":[{"gender":"female","name":{"title":"Miss","first":"Lavanya","last":"Bangera"},"location":{"street":{"number":7465,"name":"Commercial St"},"city":"Bhatpara","state":"Jharkhand","country":"India","postcode":28275,"coordinates":{"latitude":"11.1039","longitude":"124.5579"},"timezone":{"offset":"-1:00","description":"Azores, Cape Verde Islands"}},"email":"lavanya.bangera@example.com","login":{"uuid":"5136b327-31bb-42c8-a2f7-77cfc28f05e8","username":"lazyladybug546","password":"vh5150","salt":"gRUjUF4i","md5":"6a5b5b5daa9da3d4f09975c303a2e28f","sha1":"7b74ce984c3aea0f2d563666106d781cd119f090","sha256":"b34d74864f209c7095699d6ad662cf93c5cd1e2ab1badd7179ca4ff50a90d0c6"},"dob":{"date":"1988-06-10T08:17:51.397Z","age":36},"registered":{"date":"2021-12-20T04:45:51.244Z","age":2},"phone":"7590385455","cell":"7804127865","id":{"name":"UIDAI","value":"042104931497"},"picture":{"large":"https://randomuser.me/api/portraits/women/76.jpg","medium":"https://randomuser.me/api/portraits/med/women/76.jpg","thumbnail":"https://randomuser.me/api/portraits/thumb/women/76.jpg"},"nat":"IN"}],"info":{"seed":"f1525bc7297e0952","results":1,"page":1,"version":"1.4"}} 
 </msg>
<msg time="2024-08-05T12:30:31.962487" level="INFO">/opt/hostedtoolcache/Python/3.12.4/x64/lib/python3.12/site-packages/urllib3/connectionpool.py:1099: InsecureRequestWarning: Unverified HTTPS request is being made to host 'randomuser.me'. Adding certificate verification is strongly advised. See: https://urllib3.readthedocs.io/en/latest/advanced-usage.html#tls-warnings
  warnings.warn(</msg>
<msg time="2024-08-05T12:30:31.962629" level="INFO">${response} = &lt;Response [200]&gt;</msg>
<var>${response}</var>
<arg>consultarAPI</arg>
<arg>/api</arg>
<doc>Sends a GET request on a previously created HTTP Session.</doc>
<status status="PASS" start="2024-08-05T12:30:31.669305" elapsed="0.293370"/>
</kw>
<kw name="Set Variable" owner="BuiltIn">
<msg time="2024-08-05T12:30:31.963797" level="INFO">${json_data} = {'results': [{'gender': 'female', 'name': {'title': 'Miss', 'first': 'Lavanya', 'last': 'Bangera'}, 'location': {'street': {'number': 7465, 'name': 'Commercial St'}, 'city': 'Bhatpara', 'state': 'Jhar...</msg>
<var>${json_data}</var>
<arg>${response.json()}</arg>
<doc>Returns the given values which can then be assigned to a variables.</doc>
<status status="PASS" start="2024-08-05T12:30:31.963243" elapsed="0.000584"/>
</kw>
<kw name="Log" owner="BuiltIn">
<msg time="2024-08-05T12:30:31.964356" level="INFO">{'results': [{'gender': 'female', 'name': {'title': 'Miss', 'first': 'Lavanya', 'last': 'Bangera'}, 'location': {'street': {'number': 7465, 'name': 'Commercial St'}, 'city': 'Bhatpara', 'state': 'Jharkhand', 'country': 'India', 'postcode': 28275, 'coordinates': {'latitude': '11.1039', 'longitude': '124.5579'}, 'timezone': {'offset': '-1:00', 'description': 'Azores, Cape Verde Islands'}}, 'email': 'lavanya.bangera@example.com', 'login': {'uuid': '5136b327-31bb-42c8-a2f7-77cfc28f05e8', 'username': 'lazyladybug546', 'password': 'vh5150', 'salt': 'gRUjUF4i', 'md5': '6a5b5b5daa9da3d4f09975c303a2e28f', 'sha1': '7b74ce984c3aea0f2d563666106d781cd119f090', 'sha256': 'b34d74864f209c7095699d6ad662cf93c5cd1e2ab1badd7179ca4ff50a90d0c6'}, 'dob': {'date': '1988-06-10T08:17:51.397Z', 'age': 36}, 'registered': {'date': '2021-12-20T04:45:51.244Z', 'age': 2}, 'phone': '7590385455', 'cell': '7804127865', 'id': {'name': 'UIDAI', 'value': '042104931497'}, 'picture': {'large': 'https://randomuser.me/api/portraits/women/76.jpg', 'medium': 'https://randomuser.me/api/portraits/med/women/76.jpg', 'thumbnail': 'https://randomuser.me/api/portraits/thumb/women/76.jpg'}, 'nat': 'IN'}], 'info': {'seed': 'f1525bc7297e0952', 'results': 1, 'page': 1, 'version': '1.4'}}</msg>
<arg>${json_data}</arg>
<doc>Logs the given message with the given level.</doc>
<status status="PASS" start="2024-08-05T12:30:31.964180" elapsed="0.000228"/>
</kw>
<kw name="Should Be String" owner="String">
<arg>${json_data['results'][0]['gender']}</arg>
<doc>Fails if the given ``item`` is not a string.</doc>
<status status="PASS" start="2024-08-05T12:30:31.964728" elapsed="0.000429"/>
</kw>
<kw name="Should Match Regexp" owner="BuiltIn">
<arg>${json_data['results'][0]['email']}</arg>
<arg>^[a-zA-Z0-9._%+-]+@[a-zA-Z0-9.-]+\.[a-zA-Z]{2,}$</arg>
<doc>Fails if ``string`` does not match ``pattern`` as a regular expression.</doc>
<status status="PASS" start="2024-08-05T12:30:31.965361" elapsed="0.000539"/>
</kw>
<kw name="Should Match Regexp" owner="BuiltIn">
<arg>${json_data['results'][0]['dob']['date']}</arg>
<arg>\\d{4}-\\d{2}-\\d{2}T\\d{2}:\\d{2}:\\d{2}\\.\\d{3}Z</arg>
<doc>Fails if ``string`` does not match ``pattern`` as a regular expression.</doc>
<status status="PASS" start="2024-08-05T12:30:31.966102" elapsed="0.000815"/>
</kw>
<kw name="Should Match Regexp" owner="BuiltIn">
<arg>${json_data['results'][0]['registered']['date']}</arg>
<arg>\\d{4}-\\d{2}-\\d{2}T\\d{2}:\\d{2}:\\d{2}\\.\\d{3}Z</arg>
<doc>Fails if ``string`` does not match ``pattern`` as a regular expression.</doc>
<status status="PASS" start="2024-08-05T12:30:31.967139" elapsed="0.000478"/>
</kw>
<kw name="Should Match Regexp" owner="BuiltIn">
<arg>${json_data['results'][0]['picture']['large']}</arg>
<arg>^https?://.*\.(?:png|jpe?g|gif|bmp)$</arg>
<doc>Fails if ``string`` does not match ``pattern`` as a regular expression.</doc>
<status status="PASS" start="2024-08-05T12:30:31.967814" elapsed="0.000477"/>
</kw>
<kw name="Should Match Regexp" owner="BuiltIn">
<arg>${json_data['results'][0]['picture']['medium']}</arg>
<arg>^https?://.*\.(?:png|jpe?g|gif|bmp)$</arg>
<doc>Fails if ``string`` does not match ``pattern`` as a regular expression.</doc>
<status status="PASS" start="2024-08-05T12:30:31.968489" elapsed="0.000374"/>
</kw>
<kw name="Should Match Regexp" owner="BuiltIn">
<arg>${json_data['results'][0]['picture']['thumbnail']}</arg>
<arg>^https?://.*\.(?:png|jpe?g|gif|bmp)$</arg>
<doc>Fails if ``string`` does not match ``pattern`` as a regular expression.</doc>
<status status="PASS" start="2024-08-05T12:30:31.969055" elapsed="0.000368"/>
</kw>
<kw name="Log" owner="BuiltIn">
<msg time="2024-08-05T12:30:31.969937" level="INFO">{'large': 'https://randomuser.me/api/portraits/women/76.jpg', 'medium': 'https://randomuser.me/api/portraits/med/women/76.jpg', 'thumbnail': 'https://randomuser.me/api/portraits/thumb/women/76.jpg'}</msg>
<arg>${json_data['results'][0]['picture']}</arg>
<doc>Logs the given message with the given level.</doc>
<status status="PASS" start="2024-08-05T12:30:31.969605" elapsed="0.000376"/>
</kw>
<status status="PASS" start="2024-08-05T12:30:31.669075" elapsed="0.301196"/>
</kw>
<kw name="Teste de Tipos de Dados - Postcode" owner="random-user-service">
<kw name="GET On Session" owner="RequestsLibrary">
<msg time="2024-08-05T12:30:32.300556" level="INFO">GET Request : url=https://randomuser.me/api 
 path_url=/api 
 headers={'User-Agent': 'python-requests/2.32.3', 'Accept-Encoding': 'gzip, deflate', 'Accept': '*/*', 'Connection': 'keep-alive'} 
 body=None 
 </msg>
<msg time="2024-08-05T12:30:32.300659" level="INFO">GET Response : url=https://randomuser.me/api 
 status=200, reason=OK 
 headers={'Date': 'Mon, 05 Aug 2024 12:30:32 GMT', 'Content-Type': 'application/json; charset=utf-8', 'Transfer-Encoding': 'chunked', 'Connection': 'keep-alive', 'X-Powered-By': 'Express', 'Access-Control-Allow-Origin': '*', 'Cache-Control': 'no-cache', 'ETag': 'W/"4a5-8F7D5wN8VAmk0RSC7PYHfns60Lg"', 'Vary': 'Accept-Encoding', 'Content-Encoding': 'gzip', 'CF-Cache-Status': 'DYNAMIC', 'Report-To': '{"endpoints":[{"url":"https:\\/\\/a.nel.cloudflare.com\\/report\\/v4?s=h%2F4sW%2FjQyCW1uq2xLQlMOeHFa6P9xQ5i0UYkHCvWa3lO3MqHzM6ZNMJbVncvnJchhgUoDUzm5mYugsDgKjByldkDB1qn03n0Gd3Kgqq3zU4hnCSfaDTix3o1%2Fdhz4N8K"}],"group":"cf-nel","max_age":604800}', 'NEL': '{"success_fraction":0,"report_to":"cf-nel","max_age":604800}', 'Server': 'cloudflare', 'CF-RAY': '8ae6cc89dadf2d05-IAD', 'alt-svc': 'h3=":443"; ma=86400'} 
 body={"results":[{"gender":"male","name":{"title":"Mr","first":"Onni","last":"Lassila"},"location":{"street":{"number":5327,"name":"Hatanpään Valtatie"},"city":"Mäntyharju","state":"Finland Proper","country":"Finland","postcode":41144,"coordinates":{"latitude":"-23.6568","longitude":"-158.4932"},"timezone":{"offset":"+8:00","description":"Beijing, Perth, Singapore, Hong Kong"}},"email":"onni.lassila@example.com","login":{"uuid":"b7d82815-2d92-44c9-9398-5eb8ae066431","username":"organiclion409","password":"close-up","salt":"kZLjqVL2","md5":"7803b73b2a1305c3a2b8fb26a18c5add","sha1":"ef6302519f057ec024ec49fc8358b2dbd572712c","sha256":"2638a7412629767092ca09ed2ba7b2fe3e10dca54bad89811c8e7bab72f2d4ec"},"dob":{"date":"1996-05-26T17:09:18.552Z","age":28},"registered":{"date":"2016-03-26T03:04:10.072Z","age":8},"phone":"07-804-422","cell":"041-535-11-74","id":{"name":"HETU","value":"NaNNA009undefined"},"picture":{"large":"https://randomuser.me/api/portraits/men/52.jpg","medium":"https://randomuser.me/api/portraits/med/men/52.jpg","thumbnail":"https://randomuser.me/api/portraits/thumb/men/52.jpg"},"nat":"FI"}],"info":{"seed":"8dcb491eeea129ae","results":1,"page":1,"version":"1.4"}} 
 </msg>
<msg time="2024-08-05T12:30:32.300733" level="INFO">/opt/hostedtoolcache/Python/3.12.4/x64/lib/python3.12/site-packages/urllib3/connectionpool.py:1099: InsecureRequestWarning: Unverified HTTPS request is being made to host 'randomuser.me'. Adding certificate verification is strongly advised. See: https://urllib3.readthedocs.io/en/latest/advanced-usage.html#tls-warnings
  warnings.warn(</msg>
<msg time="2024-08-05T12:30:32.300878" level="INFO">${response} = &lt;Response [200]&gt;</msg>
<var>${response}</var>
<arg>consultarAPI</arg>
<arg>/api</arg>
<doc>Sends a GET request on a previously created HTTP Session.</doc>
<status status="PASS" start="2024-08-05T12:30:31.970741" elapsed="0.330179"/>
</kw>
<kw name="Set Variable" owner="BuiltIn">
<msg time="2024-08-05T12:30:32.301966" level="INFO">${json_data} = {'results': [{'gender': 'male', 'name': {'title': 'Mr', 'first': 'Onni', 'last': 'Lassila'}, 'location': {'street': {'number': 5327, 'name': 'Hatanpään Valtatie'}, 'city': 'Mäntyharju', 'state': 'Finl...</msg>
<var>${json_data}</var>
<arg>${response.json()}</arg>
<doc>Returns the given values which can then be assigned to a variables.</doc>
<status status="PASS" start="2024-08-05T12:30:32.301451" elapsed="0.000544"/>
</kw>
<kw name="Log" owner="BuiltIn">
<msg time="2024-08-05T12:30:32.302501" level="INFO">{'results': [{'gender': 'male', 'name': {'title': 'Mr', 'first': 'Onni', 'last': 'Lassila'}, 'location': {'street': {'number': 5327, 'name': 'Hatanpään Valtatie'}, 'city': 'Mäntyharju', 'state': 'Finland Proper', 'country': 'Finland', 'postcode': 41144, 'coordinates': {'latitude': '-23.6568', 'longitude': '-158.4932'}, 'timezone': {'offset': '+8:00', 'description': 'Beijing, Perth, Singapore, Hong Kong'}}, 'email': 'onni.lassila@example.com', 'login': {'uuid': 'b7d82815-2d92-44c9-9398-5eb8ae066431', 'username': 'organiclion409', 'password': 'close-up', 'salt': 'kZLjqVL2', 'md5': '7803b73b2a1305c3a2b8fb26a18c5add', 'sha1': 'ef6302519f057ec024ec49fc8358b2dbd572712c', 'sha256': '2638a7412629767092ca09ed2ba7b2fe3e10dca54bad89811c8e7bab72f2d4ec'}, 'dob': {'date': '1996-05-26T17:09:18.552Z', 'age': 28}, 'registered': {'date': '2016-03-26T03:04:10.072Z', 'age': 8}, 'phone': '07-804-422', 'cell': '041-535-11-74', 'id': {'name': 'HETU', 'value': 'NaNNA009undefined'}, 'picture': {'large': 'https://randomuser.me/api/portraits/men/52.jpg', 'medium': 'https://randomuser.me/api/portraits/med/men/52.jpg', 'thumbnail': 'https://randomuser.me/api/portraits/thumb/men/52.jpg'}, 'nat': 'FI'}], 'info': {'seed': '8dcb491eeea129ae', 'results': 1, 'page': 1, 'version': '1.4'}}</msg>
<arg>${json_data}</arg>
<doc>Logs the given message with the given level.</doc>
<status status="PASS" start="2024-08-05T12:30:32.302328" elapsed="0.000221"/>
</kw>
<kw name="Should Be Equal As Numbers" owner="BuiltIn">
<arg>${json_data['results'][0]['location']['postcode']}</arg>
<arg>${json_data['results'][0]['location']['postcode']}</arg>
<doc>Fails if objects are unequal after converting them to real numbers.</doc>
<status status="PASS" start="2024-08-05T12:30:32.302845" elapsed="0.000613"/>
</kw>
<kw name="Log" owner="BuiltIn">
<msg time="2024-08-05T12:30:32.304018" level="INFO">41144</msg>
<arg>${json_data['results'][0]['location']['postcode']}</arg>
<doc>Logs the given message with the given level.</doc>
<status status="PASS" start="2024-08-05T12:30:32.303680" elapsed="0.000379"/>
</kw>
<status status="PASS" start="2024-08-05T12:30:31.970508" elapsed="0.333811"/>
</kw>
<doc>Testa se os tipos de dados na resposta da API estão corretos.</doc>
<tag>testeTiposDados</tag>
<status status="PASS" start="2024-08-05T12:30:31.668522" elapsed="0.635970"/>
</test>
<test id="s1-s1-t5" name="Validar conteudo" line="35">
<kw name="Teste de Tipos de Conteudo" owner="random-user-service">
<kw name="GET On Session" owner="RequestsLibrary">
<msg time="2024-08-05T12:30:32.660845" level="INFO">GET Request : url=https://randomuser.me/api 
 path_url=/api 
 headers={'User-Agent': 'python-requests/2.32.3', 'Accept-Encoding': 'gzip, deflate', 'Accept': '*/*', 'Connection': 'keep-alive'} 
 body=None 
 </msg>
<msg time="2024-08-05T12:30:32.660958" level="INFO">GET Response : url=https://randomuser.me/api 
 status=200, reason=OK 
 headers={'Date': 'Mon, 05 Aug 2024 12:30:32 GMT', 'Content-Type': 'application/json; charset=utf-8', 'Transfer-Encoding': 'chunked', 'Connection': 'keep-alive', 'X-Powered-By': 'Express', 'Access-Control-Allow-Origin': '*', 'Cache-Control': 'no-cache', 'ETag': 'W/"4a1-R1p77crkeS56dWOlm5EbAYkSDBM"', 'Vary': 'Accept-Encoding', 'Content-Encoding': 'gzip', 'CF-Cache-Status': 'DYNAMIC', 'Report-To': '{"endpoints":[{"url":"https:\\/\\/a.nel.cloudflare.com\\/report\\/v4?s=77m94i4n3dMqlqF7OLxBygi6hNYTjQoAc%2BQyieNjhs21n6HC2q4qPzx5tORlzbBMChqaM%2Fv2GnLmrFljWsKOzQagHpYJVZhQcUj5%2FUBFNIhVvtoJN%2FJlnln17scUk%2FU1"}],"group":"cf-nel","max_age":604800}', 'NEL': '{"success_fraction":0,"report_to":"cf-nel","max_age":604800}', 'Server': 'cloudflare', 'CF-RAY': '8ae6cc8bfcca2d05-IAD', 'alt-svc': 'h3=":443"; ma=86400'} 
 body={"results":[{"gender":"male","name":{"title":"Monsieur","first":"Franck","last":"Guillaume"},"location":{"street":{"number":2388,"name":"Rue de L'Église"},"city":"Gonten","state":"Solothurn","country":"Switzerland","postcode":2845,"coordinates":{"latitude":"-60.1714","longitude":"-63.7367"},"timezone":{"offset":"-3:00","description":"Brazil, Buenos Aires, Georgetown"}},"email":"franck.guillaume@example.com","login":{"uuid":"565395a3-b16c-4224-8884-9cb43664d2ee","username":"orangefish636","password":"keegan","salt":"UgyVijra","md5":"baecb44684f40e15cc4fd51e14456aef","sha1":"76d61c018d5ed007f8e45aa44f749133961d71a5","sha256":"ca6e19d1212434c5f8a89ff4a0b9c1cdbd6c1db3b5da47eac8858d1cf532197e"},"dob":{"date":"1988-04-23T18:07:26.647Z","age":36},"registered":{"date":"2016-02-10T15:08:58.053Z","age":8},"phone":"077 328 19 96","cell":"078 365 66 10","id":{"name":"AVS","value":"756.8042.9717.04"},"picture":{"large":"https://randomuser.me/api/portraits/men/30.jpg","medium":"https://randomuser.me/api/portraits/med/men/30.jpg","thumbnail":"https://randomuser.me/api/portraits/thumb/men/30.jpg"},"nat":"CH"}],"info":{"seed":"a13e912b1bd52c91","results":1,"page":1,"version":"1.4"}} 
 </msg>
<msg time="2024-08-05T12:30:32.661046" level="INFO">/opt/hostedtoolcache/Python/3.12.4/x64/lib/python3.12/site-packages/urllib3/connectionpool.py:1099: InsecureRequestWarning: Unverified HTTPS request is being made to host 'randomuser.me'. Adding certificate verification is strongly advised. See: https://urllib3.readthedocs.io/en/latest/advanced-usage.html#tls-warnings
  warnings.warn(</msg>
<msg time="2024-08-05T12:30:32.661207" level="INFO">${response} = &lt;Response [200]&gt;</msg>
<var>${response}</var>
<arg>consultarAPI</arg>
<arg>/api</arg>
<doc>Sends a GET request on a previously created HTTP Session.</doc>
<status status="PASS" start="2024-08-05T12:30:32.307029" elapsed="0.354215"/>
</kw>
<kw name="Set Variable" owner="BuiltIn">
<msg time="2024-08-05T12:30:32.662305" level="INFO">${json_data} = {'results': [{'gender': 'male', 'name': {'title': 'Monsieur', 'first': 'Franck', 'last': 'Guillaume'}, 'location': {'street': {'number': 2388, 'name': "Rue de L'Église"}, 'city': 'Gonten', 'state': 'S...</msg>
<var>${json_data}</var>
<arg>${response.json()}</arg>
<doc>Returns the given values which can then be assigned to a variables.</doc>
<status status="PASS" start="2024-08-05T12:30:32.661750" elapsed="0.000585"/>
</kw>
<kw name="Set Variable" owner="BuiltIn">
<msg time="2024-08-05T12:30:32.663028" level="INFO">${name_title} = Monsieur</msg>
<var>${name_title}</var>
<arg>${json_data["results"][0]["name"]["title"]}</arg>
<doc>Returns the given values which can then be assigned to a variables.</doc>
<status status="PASS" start="2024-08-05T12:30:32.662643" elapsed="0.000410"/>
</kw>
<kw name="Create List" owner="BuiltIn">
<msg time="2024-08-05T12:30:32.663499" level="INFO">${allowed_titles} = ['Mr', 'Ms', 'Miss', 'Mrs', 'Madame', 'Monsieur']</msg>
<var>${allowed_titles}</var>
<arg>Mr</arg>
<arg>Ms</arg>
<arg>Miss</arg>
<arg>Mrs</arg>
<arg>Madame</arg>
<arg>Monsieur</arg>
<doc>Returns a list containing given items.</doc>
<status status="PASS" start="2024-08-05T12:30:32.663349" elapsed="0.000174"/>
</kw>
<kw name="List Should Contain Value" owner="Collections">
<arg>${allowed_titles}</arg>
<arg>${name_title}</arg>
<doc>Fails if the ``value`` is not found from ``list``.</doc>
<status status="PASS" start="2024-08-05T12:30:32.663816" elapsed="0.000188"/>
</kw>
<kw name="Set Variable" owner="BuiltIn">
<msg time="2024-08-05T12:30:32.664554" level="INFO">${name_country} = CH</msg>
<var>${name_country}</var>
<arg>${json_data["results"][0]["nat"]}</arg>
<doc>Returns the given values which can then be assigned to a variables.</doc>
<status status="PASS" start="2024-08-05T12:30:32.664182" elapsed="0.000397"/>
</kw>
<kw name="Create List" owner="BuiltIn">
<msg time="2024-08-05T12:30:32.665468" level="INFO">${list_country} = ['AD', 'AE', 'AF', 'AG', 'AI', 'AL', 'AM', 'AO', 'AQ', 'AR', 'AS', 'AT', 'AU', 'AW', 'AX', 'AZ', 'BA', 'BB', 'BD', 'BE', 'BF', 'BG', 'BH', 'BI', 'BJ', 'BL', 'BM', 'BN', 'BO', 'BQ', 'BR', 'BS', 'BT', '...</msg>
<var>${list_country}</var>
<arg>AD</arg>
<arg>AE</arg>
<arg>AF</arg>
<arg>AG</arg>
<arg>AI</arg>
<arg>AL</arg>
<arg>AM</arg>
<arg>AO</arg>
<arg>AQ</arg>
<arg>AR</arg>
<arg>AS</arg>
<arg>AT</arg>
<arg>AU</arg>
<arg>AW</arg>
<arg>AX</arg>
<arg>AZ</arg>
<arg>BA</arg>
<arg>BB</arg>
<arg>BD</arg>
<arg>BE</arg>
<arg>BF</arg>
<arg>BG</arg>
<arg>BH</arg>
<arg>BI</arg>
<arg>BJ</arg>
<arg>BL</arg>
<arg>BM</arg>
<arg>BN</arg>
<arg>BO</arg>
<arg>BQ</arg>
<arg>BR</arg>
<arg>BS</arg>
<arg>BT</arg>
<arg>BV</arg>
<arg>BW</arg>
<arg>BY</arg>
<arg>BZ</arg>
<arg>CA</arg>
<arg>CC</arg>
<arg>CD</arg>
<arg>CF</arg>
<arg>CG</arg>
<arg>CH</arg>
<arg>CI</arg>
<arg>CK</arg>
<arg>CL</arg>
<arg>CM</arg>
<arg>CN</arg>
<arg>CO</arg>
<arg>CR</arg>
<arg>CU</arg>
<arg>CV</arg>
<arg>CW</arg>
<arg>CX</arg>
<arg>CY</arg>
<arg>CZ</arg>
<arg>DE</arg>
<arg>DJ</arg>
<arg>DK</arg>
<arg>DM</arg>
<arg>DO</arg>
<arg>DZ</arg>
<arg>EC</arg>
<arg>EE</arg>
<arg>EG</arg>
<arg>EH</arg>
<arg>ER</arg>
<arg>ES</arg>
<arg>ET</arg>
<arg>FI</arg>
<arg>FJ</arg>
<arg>FK</arg>
<arg>FM</arg>
<arg>FO</arg>
<arg>FR</arg>
<arg>GA</arg>
<arg>GB</arg>
<arg>GD</arg>
<arg>GE</arg>
<arg>GF</arg>
<arg>GG</arg>
<arg>GH</arg>
<arg>GI</arg>
<arg>GL</arg>
<arg>GM</arg>
<arg>GN</arg>
<arg>GP</arg>
<arg>GQ</arg>
<arg>GR</arg>
<arg>GS</arg>
<arg>GT</arg>
<arg>GU</arg>
<arg>GW</arg>
<arg>GY</arg>
<arg>HK</arg>
<arg>HM</arg>
<arg>HN</arg>
<arg>HR</arg>
<arg>HT</arg>
<arg>HU</arg>
<arg>ID</arg>
<arg>IE</arg>
<arg>IL</arg>
<arg>IM</arg>
<arg>IN</arg>
<arg>IO</arg>
<arg>IQ</arg>
<arg>IR</arg>
<arg>IS</arg>
<arg>IT</arg>
<arg>JE</arg>
<arg>JM</arg>
<arg>JO</arg>
<arg>JP</arg>
<arg>KE</arg>
<arg>KG</arg>
<arg>KH</arg>
<arg>KI</arg>
<arg>KM</arg>
<arg>KN</arg>
<arg>KP</arg>
<arg>KR</arg>
<arg>KW</arg>
<arg>KY</arg>
<arg>KZ</arg>
<arg>LA</arg>
<arg>LB</arg>
<arg>LC</arg>
<arg>LI</arg>
<arg>LK</arg>
<arg>LR</arg>
<arg>LS</arg>
<arg>LT</arg>
<arg>LU</arg>
<arg>LV</arg>
<arg>LY</arg>
<arg>MA</arg>
<arg>MC</arg>
<arg>MD</arg>
<arg>ME</arg>
<arg>MF</arg>
<arg>MG</arg>
<arg>MH</arg>
<arg>MK</arg>
<arg>ML</arg>
<arg>MM</arg>
<arg>MN</arg>
<arg>MO</arg>
<arg>MP</arg>
<arg>MQ</arg>
<arg>MR</arg>
<arg>MS</arg>
<arg>MT</arg>
<arg>MU</arg>
<arg>MV</arg>
<arg>MW</arg>
<arg>MX</arg>
<arg>MY</arg>
<arg>MZ</arg>
<arg>NA</arg>
<arg>NC</arg>
<arg>NE</arg>
<arg>NF</arg>
<arg>NG</arg>
<arg>NI</arg>
<arg>NL</arg>
<arg>NO</arg>
<arg>NP</arg>
<arg>NR</arg>
<arg>NU</arg>
<arg>NZ</arg>
<arg>OM</arg>
<arg>PA</arg>
<arg>PE</arg>
<arg>PF</arg>
<arg>PG</arg>
<arg>PH</arg>
<arg>PK</arg>
<arg>PL</arg>
<arg>PM</arg>
<arg>PN</arg>
<arg>PR</arg>
<arg>PS</arg>
<arg>PT</arg>
<arg>PW</arg>
<arg>PY</arg>
<arg>QA</arg>
<arg>RE</arg>
<arg>RO</arg>
<arg>RS</arg>
<arg>RU</arg>
<arg>RW</arg>
<arg>SA</arg>
<arg>SB</arg>
<arg>SC</arg>
<arg>SD</arg>
<arg>SE</arg>
<arg>SG</arg>
<arg>SH</arg>
<arg>SI</arg>
<arg>SJ</arg>
<arg>SK</arg>
<arg>SL</arg>
<arg>SM</arg>
<arg>SN</arg>
<arg>SO</arg>
<arg>SR</arg>
<arg>SS</arg>
<arg>ST</arg>
<arg>SV</arg>
<arg>SX</arg>
<arg>SY</arg>
<arg>SZ</arg>
<arg>TC</arg>
<arg>TD</arg>
<arg>TF</arg>
<arg>TG</arg>
<arg>TH</arg>
<arg>TJ</arg>
<arg>TK</arg>
<arg>TL</arg>
<arg>TM</arg>
<arg>TN</arg>
<arg>TO</arg>
<arg>TR</arg>
<arg>TT</arg>
<arg>TV</arg>
<arg>TW</arg>
<arg>TZ</arg>
<arg>UA</arg>
<arg>UG</arg>
<arg>UM</arg>
<arg>US</arg>
<arg>UY</arg>
<arg>UZ</arg>
<arg>VA</arg>
<arg>VC</arg>
<arg>VE</arg>
<arg>VG</arg>
<arg>VI</arg>
<arg>VN</arg>
<arg>VU</arg>
<arg>WF</arg>
<arg>WS</arg>
<arg>XK</arg>
<arg>YE</arg>
<arg>YT</arg>
<arg>ZA</arg>
<arg>ZM</arg>
<arg>ZW</arg>
<doc>Returns a list containing given items.</doc>
<status status="PASS" start="2024-08-05T12:30:32.664871" elapsed="0.000623"/>
</kw>
<kw name="List Should Contain Value" owner="Collections">
<arg>${list_country}</arg>
<arg>${name_country}</arg>
<doc>Fails if the ``value`` is not found from ``list``.</doc>
<status status="PASS" start="2024-08-05T12:30:32.666499" elapsed="0.000208"/>
</kw>
<kw name="Run Keyword If" owner="BuiltIn">
<kw name="Should Be True" owner="BuiltIn">
<arg>${True}</arg>
<doc>Fails if the given condition is not true.</doc>
<status status="PASS" start="2024-08-05T12:30:32.667670" elapsed="0.000143"/>
</kw>
<arg>${json_data["results"][0]["location"]["coordinates"]["latitude"]} &gt;= -90 and ${json_data["results"][0]["location"]["coordinates"]["latitude"]} &lt;= 90</arg>
<arg>Should Be True</arg>
<arg>${True}</arg>
<doc>Runs the given keyword with the given arguments, if ``condition`` is true.</doc>
<status status="PASS" start="2024-08-05T12:30:32.666903" elapsed="0.001035"/>
</kw>
<kw name="Run Keyword If" owner="BuiltIn">
<kw name="Should Be True" owner="BuiltIn">
<arg>${True}</arg>
<doc>Fails if the given condition is not true.</doc>
<status status="PASS" start="2024-08-05T12:30:32.668803" elapsed="0.000137"/>
</kw>
<arg>${json_data["results"][0]["location"]["coordinates"]["longitude"]} &gt;= -180 and ${json_data["results"][0]["location"]["coordinates"]["longitude"]} &lt;= 180</arg>
<arg>Should Be True</arg>
<arg>${True}</arg>
<doc>Runs the given keyword with the given arguments, if ``condition`` is true.</doc>
<status status="PASS" start="2024-08-05T12:30:32.668116" elapsed="0.000946"/>
</kw>
<status status="PASS" start="2024-08-05T12:30:32.306802" elapsed="0.362389"/>
</kw>
<doc>Testa o conteúdo específico dos campos retornados pela API.</doc>
<tag>testeConteudo</tag>
<status status="PASS" start="2024-08-05T12:30:32.306266" elapsed="0.363076"/>
</test>
<status status="PASS" start="2024-08-05T12:30:30.975965" elapsed="1.695381"/>
</suite>
<status status="PASS" start="2024-08-05T12:30:30.961423" elapsed="1.715057"/>
</suite>
<statistics>
<total>
<stat pass="5" fail="0" skip="0">All Tests</stat>
</total>
<tag>
<stat pass="1" fail="0" skip="0">testeConteudo</stat>
<stat pass="1" fail="0" skip="0">testeEstruturaResposta</stat>
<stat pass="1" fail="0" skip="0">testeRequisicaoBasica</stat>
<stat pass="1" fail="0" skip="0">testeTiposDados</stat>
</tag>
<suite>
<stat pass="5" fail="0" skip="0" id="s1" name="Tests">Tests</stat>
<stat pass="5" fail="0" skip="0" id="s1-s1" name="Random-User-Test">Tests.Random-User-Test</stat>
</suite>
</statistics>
<errors>
</errors>
</robot>
