<?xml version="1.0" encoding="UTF-8"?>
<robot generator="Robot 7.0.1 (Python 3.12.4 on linux)" generated="2024-07-06T20:15:06.849338" rpa="false" schemaversion="5">
<suite id="s1" name="Tests" source="/home/runner/work/ApiRandomUser/ApiRandomUser/RamdonUser/tests">
<suite id="s1-s1" name="Random-User-Test" source="/home/runner/work/ApiRandomUser/ApiRandomUser/RamdonUser/tests/random-user-test.robot">
<test id="s1-s1-t1" name="Conectar" line="13">
<kw name="Conectar API" owner="random-user-service">
<kw name="Create Session" owner="RequestsLibrary">
<msg time="2024-07-06T20:15:07.247141" level="INFO">Creating Session using : alias=consultarAPI, url=https://randomuser.me/, headers={},                     cookies={}, auth=None, timeout=None, proxies=None, verify=False,                     debug=0 </msg>
<arg>consultarAPI</arg>
<arg>${URL}</arg>
<doc>Create Session: create a HTTP session to a server</doc>
<status status="PASS" start="2024-07-06T20:15:07.246947" elapsed="0.000359"/>
</kw>
<status status="PASS" start="2024-07-06T20:15:07.246044" elapsed="0.001597"/>
</kw>
<status status="PASS" start="2024-07-06T20:15:07.245534" elapsed="0.002297"/>
</test>
<test id="s1-s1-t2" name="Validar retorno 200 e JSON Válido" line="16">
<kw name="Teste de Requisicao Basica" owner="random-user-service">
<kw name="GET On Session" owner="RequestsLibrary">
<msg time="2024-07-06T20:15:07.391200" level="INFO">GET Request : url=https://randomuser.me/api 
 path_url=/api 
 headers={'User-Agent': 'python-requests/2.32.3', 'Accept-Encoding': 'gzip, deflate', 'Accept': '*/*', 'Connection': 'keep-alive'} 
 body=None 
 </msg>
<msg time="2024-07-06T20:15:07.391324" level="INFO">GET Response : url=https://randomuser.me/api 
 status=200, reason=OK 
 headers={'Date': 'Sat, 06 Jul 2024 20:15:07 GMT', 'Content-Type': 'application/json; charset=utf-8', 'Transfer-Encoding': 'chunked', 'Connection': 'keep-alive', 'X-Powered-By': 'Express', 'Access-Control-Allow-Origin': '*', 'Cache-Control': 'no-cache', 'ETag': 'W/"482-3qS/koUBzXLD9Y91Xtl8f+SZ/cc"', 'Vary': 'Accept-Encoding', 'Content-Encoding': 'gzip', 'CF-Cache-Status': 'DYNAMIC', 'Report-To': '{"endpoints":[{"url":"https:\\/\\/a.nel.cloudflare.com\\/report\\/v4?s=dI68EQFkhXZhIDJtMqFovBtbyBlzDatpBlFCPbzqWLUrp9E8j0yubS8Khr75OGPT%2FGzydwU0YGt6KdC3bfECXkOf7OjvIfgEz23wLLfHPmQzZa4Iajf2LZUsLIjLjhPZ"}],"group":"cf-nel","max_age":604800}', 'NEL': '{"success_fraction":0,"report_to":"cf-nel","max_age":604800}', 'Server': 'cloudflare', 'CF-RAY': '89f243d6cef110cb-ORD', 'alt-svc': 'h3=":443"; ma=86400'} 
 body={"results":[{"gender":"female","name":{"title":"Ms","first":"Sofia","last":"Alonso"},"location":{"street":{"number":4149,"name":"Calle Mota"},"city":"Móstoles","state":"Asturias","country":"Spain","postcode":39782,"coordinates":{"latitude":"-31.2567","longitude":"61.2836"},"timezone":{"offset":"+7:00","description":"Bangkok, Hanoi, Jakarta"}},"email":"sofia.alonso@example.com","login":{"uuid":"e0fc6e92-5cbe-4956-b4a7-44199a3cbc94","username":"heavyelephant369","password":"music1","salt":"XS7LvyEr","md5":"b53efa223b34f24ee5ef2436ab33321a","sha1":"79fd04d968f7c1741f725e47a5ff18a938495c24","sha256":"5183a13b9d5c12c9f8399bfc0e977a7cb0f335f0c52871986fd75bdbdb4cc5d8"},"dob":{"date":"1950-03-16T10:50:00.591Z","age":74},"registered":{"date":"2014-04-10T15:36:20.687Z","age":10},"phone":"961-767-523","cell":"615-225-415","id":{"name":"DNI","value":"20664199-A"},"picture":{"large":"https://randomuser.me/api/portraits/women/59.jpg","medium":"https://randomuser.me/api/portraits/med/women/59.jpg","thumbnail":"https://randomuser.me/api/portraits/thumb/women/59.jpg"},"nat":"ES"}],"info":{"seed":"29659d40786a4eb9","results":1,"page":1,"version":"1.4"}} 
 </msg>
<msg time="2024-07-06T20:15:07.391400" level="INFO">/opt/hostedtoolcache/Python/3.12.4/x64/lib/python3.12/site-packages/urllib3/connectionpool.py:1099: InsecureRequestWarning: Unverified HTTPS request is being made to host 'randomuser.me'. Adding certificate verification is strongly advised. See: https://urllib3.readthedocs.io/en/latest/advanced-usage.html#tls-warnings
  warnings.warn(</msg>
<msg time="2024-07-06T20:15:07.391509" level="INFO">${response} = &lt;Response [200]&gt;</msg>
<var>${response}</var>
<arg>consultarAPI</arg>
<arg>/api</arg>
<doc>Sends a GET request on a previously created HTTP Session.</doc>
<status status="PASS" start="2024-07-06T20:15:07.250426" elapsed="0.141220"/>
</kw>
<kw name="Should Be Equal As Numbers" owner="BuiltIn">
<msg time="2024-07-06T20:15:07.392496" level="INFO">Argument types are:
&lt;class 'int'&gt;
&lt;class 'str'&gt;</msg>
<arg>${response.status_code}</arg>
<arg>200</arg>
<doc>Fails if objects are unequal after converting them to real numbers.</doc>
<status status="PASS" start="2024-07-06T20:15:07.392037" elapsed="0.000526"/>
</kw>
<kw name="Log" owner="BuiltIn">
<msg time="2024-07-06T20:15:07.393241" level="INFO">200</msg>
<arg>${response.status_code}</arg>
<doc>Logs the given message with the given level.</doc>
<status status="PASS" start="2024-07-06T20:15:07.392884" elapsed="0.000400"/>
</kw>
<kw name="Set Variable" owner="BuiltIn">
<msg time="2024-07-06T20:15:07.394141" level="INFO">${json_data} = {'results': [{'gender': 'female', 'name': {'title': 'Ms', 'first': 'Sofia', 'last': 'Alonso'}, 'location': {'street': {'number': 4149, 'name': 'Calle Mota'}, 'city': 'Móstoles', 'state': 'Asturias', '...</msg>
<var>${json_data}</var>
<arg>${response.json()}</arg>
<doc>Returns the given values which can then be assigned to a variables.</doc>
<status status="PASS" start="2024-07-06T20:15:07.393604" elapsed="0.000597"/>
</kw>
<kw name="Dictionary Should Contain Key" owner="Collections">
<arg>${json_data}</arg>
<arg>results</arg>
<doc>Fails if ``key`` is not found from ``dictionary``.</doc>
<status status="PASS" start="2024-07-06T20:15:07.394554" elapsed="0.000167"/>
</kw>
<status status="PASS" start="2024-07-06T20:15:07.250183" elapsed="0.144685"/>
</kw>
<doc>Testa se a API responde corretamente e retorna um objeto JSON válido.</doc>
<tag>testeRequisicaoBasica</tag>
<status status="PASS" start="2024-07-06T20:15:07.249725" elapsed="0.145309"/>
</test>
<test id="s1-s1-t3" name="Validar estrutura de resposta" line="22">
<kw name="Teste de Estrutura de Resposta" owner="random-user-service">
<kw name="GET On Session" owner="RequestsLibrary">
<msg time="2024-07-06T20:15:07.500223" level="INFO">GET Request : url=https://randomuser.me/api 
 path_url=/api 
 headers={'User-Agent': 'python-requests/2.32.3', 'Accept-Encoding': 'gzip, deflate', 'Accept': '*/*', 'Connection': 'keep-alive'} 
 body=None 
 </msg>
<msg time="2024-07-06T20:15:07.500290" level="INFO">GET Response : url=https://randomuser.me/api 
 status=200, reason=OK 
 headers={'Date': 'Sat, 06 Jul 2024 20:15:07 GMT', 'Content-Type': 'application/json; charset=utf-8', 'Transfer-Encoding': 'chunked', 'Connection': 'keep-alive', 'X-Powered-By': 'Express', 'Access-Control-Allow-Origin': '*', 'Cache-Control': 'no-cache', 'ETag': 'W/"48c-3dmMWExAieLkSaW2WH9D53g7ckk"', 'Vary': 'Accept-Encoding', 'Content-Encoding': 'gzip', 'CF-Cache-Status': 'DYNAMIC', 'Report-To': '{"endpoints":[{"url":"https:\\/\\/a.nel.cloudflare.com\\/report\\/v4?s=W%2FX8y9pp7vghviXhNUqE7KdnObfWxI2VXeJmK4ROieE4iyqL8WUCYPPRBds0E%2FK%2Btc7Zb%2B2rPnp8ncXlvH1xjhjAGLDMsyrQPEz9kZldRfIzi%2FF9CiNlZBqVoXoStG6g"}],"group":"cf-nel","max_age":604800}', 'NEL': '{"success_fraction":0,"report_to":"cf-nel","max_age":604800}', 'Server': 'cloudflare', 'CF-RAY': '89f243d73fa210cb-ORD', 'alt-svc': 'h3=":443"; ma=86400'} 
 body={"results":[{"gender":"female","name":{"title":"Ms","first":"Pistina","last":"Fursenko"},"location":{"street":{"number":516,"name":"Mistecka"},"city":"Kipuche","state":"Sumska","country":"Ukraine","postcode":67557,"coordinates":{"latitude":"75.6290","longitude":"110.3185"},"timezone":{"offset":"+1:00","description":"Brussels, Copenhagen, Madrid, Paris"}},"email":"pistina.fursenko@example.com","login":{"uuid":"aeb7096b-a130-4730-a402-9d74dab38484","username":"blackmeercat853","password":"2222222","salt":"gnaEoclq","md5":"dc55581e9238c26f291c9b9232e30158","sha1":"d82448ff7cb1de42a6ca95e5e3f59f669384394c","sha256":"62522688882b517e4f65eebb4c34545d58c1ad57373719ac08f18df9147bd9cf"},"dob":{"date":"1971-07-25T14:48:00.316Z","age":52},"registered":{"date":"2008-05-30T06:56:58.987Z","age":16},"phone":"(097) S15-2526","cell":"(098) H87-6886","id":{"name":"","value":null},"picture":{"large":"https://randomuser.me/api/portraits/women/84.jpg","medium":"https://randomuser.me/api/portraits/med/women/84.jpg","thumbnail":"https://randomuser.me/api/portraits/thumb/women/84.jpg"},"nat":"UA"}],"info":{"seed":"8922c4465b1d51d5","results":1,"page":1,"version":"1.4"}} 
 </msg>
<msg time="2024-07-06T20:15:07.500384" level="INFO">/opt/hostedtoolcache/Python/3.12.4/x64/lib/python3.12/site-packages/urllib3/connectionpool.py:1099: InsecureRequestWarning: Unverified HTTPS request is being made to host 'randomuser.me'. Adding certificate verification is strongly advised. See: https://urllib3.readthedocs.io/en/latest/advanced-usage.html#tls-warnings
  warnings.warn(</msg>
<msg time="2024-07-06T20:15:07.500517" level="INFO">${response} = &lt;Response [200]&gt;</msg>
<var>${response}</var>
<arg>consultarAPI</arg>
<arg>/api</arg>
<doc>Sends a GET request on a previously created HTTP Session.</doc>
<status status="PASS" start="2024-07-06T20:15:07.397682" elapsed="0.102879"/>
</kw>
<kw name="Set Variable" owner="BuiltIn">
<msg time="2024-07-06T20:15:07.501563" level="INFO">${json_data} = {'results': [{'gender': 'female', 'name': {'title': 'Ms', 'first': 'Pistina', 'last': 'Fursenko'}, 'location': {'street': {'number': 516, 'name': 'Mistecka'}, 'city': 'Kipuche', 'state': 'Sumska', 'co...</msg>
<var>${json_data}</var>
<arg>${response.json()}</arg>
<doc>Returns the given values which can then be assigned to a variables.</doc>
<status status="PASS" start="2024-07-06T20:15:07.501017" elapsed="0.000576"/>
</kw>
<kw name="Log" owner="BuiltIn">
<msg time="2024-07-06T20:15:07.502063" level="INFO">{'results': [{'gender': 'female', 'name': {'title': 'Ms', 'first': 'Pistina', 'last': 'Fursenko'}, 'location': {'street': {'number': 516, 'name': 'Mistecka'}, 'city': 'Kipuche', 'state': 'Sumska', 'country': 'Ukraine', 'postcode': 67557, 'coordinates': {'latitude': '75.6290', 'longitude': '110.3185'}, 'timezone': {'offset': '+1:00', 'description': 'Brussels, Copenhagen, Madrid, Paris'}}, 'email': 'pistina.fursenko@example.com', 'login': {'uuid': 'aeb7096b-a130-4730-a402-9d74dab38484', 'username': 'blackmeercat853', 'password': '2222222', 'salt': 'gnaEoclq', 'md5': 'dc55581e9238c26f291c9b9232e30158', 'sha1': 'd82448ff7cb1de42a6ca95e5e3f59f669384394c', 'sha256': '62522688882b517e4f65eebb4c34545d58c1ad57373719ac08f18df9147bd9cf'}, 'dob': {'date': '1971-07-25T14:48:00.316Z', 'age': 52}, 'registered': {'date': '2008-05-30T06:56:58.987Z', 'age': 16}, 'phone': '(097) S15-2526', 'cell': '(098) H87-6886', 'id': {'name': '', 'value': None}, 'picture': {'large': 'https://randomuser.me/api/portraits/women/84.jpg', 'medium': 'https://randomuser.me/api/portraits/med/women/84.jpg', 'thumbnail': 'https://randomuser.me/api/portraits/thumb/women/84.jpg'}, 'nat': 'UA'}], 'info': {'seed': '8922c4465b1d51d5', 'results': 1, 'page': 1, 'version': '1.4'}}</msg>
<arg>${json_data}</arg>
<doc>Logs the given message with the given level.</doc>
<status status="PASS" start="2024-07-06T20:15:07.501905" elapsed="0.000208"/>
</kw>
<kw name="Dictionary Should Contain Key" owner="Collections">
<arg>${json_data}</arg>
<arg>results</arg>
<doc>Fails if ``key`` is not found from ``dictionary``.</doc>
<status status="PASS" start="2024-07-06T20:15:07.502408" elapsed="0.000156"/>
</kw>
<kw name="Should Not Be Empty" owner="BuiltIn">
<msg time="2024-07-06T20:15:07.502884" level="INFO">Length is 2.</msg>
<arg>${json_data}</arg>
<doc>Verifies that the given item is not empty.</doc>
<status status="PASS" start="2024-07-06T20:15:07.502749" elapsed="0.000178"/>
</kw>
<kw name="Create List" owner="BuiltIn">
<msg time="2024-07-06T20:15:07.503494" level="INFO">${expected_keys} = ['gender', 'name', 'location', 'email', 'login']</msg>
<var>${expected_keys}</var>
<arg>gender</arg>
<arg>name</arg>
<arg>location</arg>
<arg>email</arg>
<arg>login</arg>
<doc>Returns a list containing given items.</doc>
<status status="PASS" start="2024-07-06T20:15:07.503221" elapsed="0.000298"/>
</kw>
<for flavor="IN">
<iter>
<kw name="Dictionary Should Contain Key" owner="Collections">
<arg>${json_data['results'][0]}</arg>
<arg>${key}</arg>
<doc>Fails if ``key`` is not found from ``dictionary``.</doc>
<status status="PASS" start="2024-07-06T20:15:07.504079" elapsed="0.000428"/>
</kw>
<kw name="Log" owner="BuiltIn">
<msg time="2024-07-06T20:15:07.505071" level="INFO">{'gender': 'female', 'name': {'title': 'Ms', 'first': 'Pistina', 'last': 'Fursenko'}, 'location': {'street': {'number': 516, 'name': 'Mistecka'}, 'city': 'Kipuche', 'state': 'Sumska', 'country': 'Ukraine', 'postcode': 67557, 'coordinates': {'latitude': '75.6290', 'longitude': '110.3185'}, 'timezone': {'offset': '+1:00', 'description': 'Brussels, Copenhagen, Madrid, Paris'}}, 'email': 'pistina.fursenko@example.com', 'login': {'uuid': 'aeb7096b-a130-4730-a402-9d74dab38484', 'username': 'blackmeercat853', 'password': '2222222', 'salt': 'gnaEoclq', 'md5': 'dc55581e9238c26f291c9b9232e30158', 'sha1': 'd82448ff7cb1de42a6ca95e5e3f59f669384394c', 'sha256': '62522688882b517e4f65eebb4c34545d58c1ad57373719ac08f18df9147bd9cf'}, 'dob': {'date': '1971-07-25T14:48:00.316Z', 'age': 52}, 'registered': {'date': '2008-05-30T06:56:58.987Z', 'age': 16}, 'phone': '(097) S15-2526', 'cell': '(098) H87-6886', 'id': {'name': '', 'value': None}, 'picture': {'large': 'https://randomuser.me/api/portraits/women/84.jpg', 'medium': 'https://randomuser.me/api/portraits/med/women/84.jpg', 'thumbnail': 'https://randomuser.me/api/portraits/thumb/women/84.jpg'}, 'nat': 'UA'}</msg>
<arg>${json_data['results'][0]}</arg>
<doc>Logs the given message with the given level.</doc>
<status status="PASS" start="2024-07-06T20:15:07.504705" elapsed="0.000417"/>
</kw>
<kw name="Log" owner="BuiltIn">
<msg time="2024-07-06T20:15:07.505551" level="INFO">gender</msg>
<arg>${key}</arg>
<doc>Logs the given message with the given level.</doc>
<status status="PASS" start="2024-07-06T20:15:07.505422" elapsed="0.000168"/>
</kw>
<var name="${key}">gender</var>
<status status="PASS" start="2024-07-06T20:15:07.503958" elapsed="0.001851"/>
</iter>
<iter>
<kw name="Dictionary Should Contain Key" owner="Collections">
<arg>${json_data['results'][0]}</arg>
<arg>${key}</arg>
<doc>Fails if ``key`` is not found from ``dictionary``.</doc>
<status status="PASS" start="2024-07-06T20:15:07.506115" elapsed="0.000394"/>
</kw>
<kw name="Log" owner="BuiltIn">
<msg time="2024-07-06T20:15:07.507039" level="INFO">{'gender': 'female', 'name': {'title': 'Ms', 'first': 'Pistina', 'last': 'Fursenko'}, 'location': {'street': {'number': 516, 'name': 'Mistecka'}, 'city': 'Kipuche', 'state': 'Sumska', 'country': 'Ukraine', 'postcode': 67557, 'coordinates': {'latitude': '75.6290', 'longitude': '110.3185'}, 'timezone': {'offset': '+1:00', 'description': 'Brussels, Copenhagen, Madrid, Paris'}}, 'email': 'pistina.fursenko@example.com', 'login': {'uuid': 'aeb7096b-a130-4730-a402-9d74dab38484', 'username': 'blackmeercat853', 'password': '2222222', 'salt': 'gnaEoclq', 'md5': 'dc55581e9238c26f291c9b9232e30158', 'sha1': 'd82448ff7cb1de42a6ca95e5e3f59f669384394c', 'sha256': '62522688882b517e4f65eebb4c34545d58c1ad57373719ac08f18df9147bd9cf'}, 'dob': {'date': '1971-07-25T14:48:00.316Z', 'age': 52}, 'registered': {'date': '2008-05-30T06:56:58.987Z', 'age': 16}, 'phone': '(097) S15-2526', 'cell': '(098) H87-6886', 'id': {'name': '', 'value': None}, 'picture': {'large': 'https://randomuser.me/api/portraits/women/84.jpg', 'medium': 'https://randomuser.me/api/portraits/med/women/84.jpg', 'thumbnail': 'https://randomuser.me/api/portraits/thumb/women/84.jpg'}, 'nat': 'UA'}</msg>
<arg>${json_data['results'][0]}</arg>
<doc>Logs the given message with the given level.</doc>
<status status="PASS" start="2024-07-06T20:15:07.506694" elapsed="0.000429"/>
</kw>
<kw name="Log" owner="BuiltIn">
<msg time="2024-07-06T20:15:07.507556" level="INFO">name</msg>
<arg>${key}</arg>
<doc>Logs the given message with the given level.</doc>
<status status="PASS" start="2024-07-06T20:15:07.507426" elapsed="0.000169"/>
</kw>
<var name="${key}">name</var>
<status status="PASS" start="2024-07-06T20:15:07.505992" elapsed="0.001846"/>
</iter>
<iter>
<kw name="Dictionary Should Contain Key" owner="Collections">
<arg>${json_data['results'][0]}</arg>
<arg>${key}</arg>
<doc>Fails if ``key`` is not found from ``dictionary``.</doc>
<status status="PASS" start="2024-07-06T20:15:07.508128" elapsed="0.000430"/>
</kw>
<kw name="Log" owner="BuiltIn">
<msg time="2024-07-06T20:15:07.509104" level="INFO">{'gender': 'female', 'name': {'title': 'Ms', 'first': 'Pistina', 'last': 'Fursenko'}, 'location': {'street': {'number': 516, 'name': 'Mistecka'}, 'city': 'Kipuche', 'state': 'Sumska', 'country': 'Ukraine', 'postcode': 67557, 'coordinates': {'latitude': '75.6290', 'longitude': '110.3185'}, 'timezone': {'offset': '+1:00', 'description': 'Brussels, Copenhagen, Madrid, Paris'}}, 'email': 'pistina.fursenko@example.com', 'login': {'uuid': 'aeb7096b-a130-4730-a402-9d74dab38484', 'username': 'blackmeercat853', 'password': '2222222', 'salt': 'gnaEoclq', 'md5': 'dc55581e9238c26f291c9b9232e30158', 'sha1': 'd82448ff7cb1de42a6ca95e5e3f59f669384394c', 'sha256': '62522688882b517e4f65eebb4c34545d58c1ad57373719ac08f18df9147bd9cf'}, 'dob': {'date': '1971-07-25T14:48:00.316Z', 'age': 52}, 'registered': {'date': '2008-05-30T06:56:58.987Z', 'age': 16}, 'phone': '(097) S15-2526', 'cell': '(098) H87-6886', 'id': {'name': '', 'value': None}, 'picture': {'large': 'https://randomuser.me/api/portraits/women/84.jpg', 'medium': 'https://randomuser.me/api/portraits/med/women/84.jpg', 'thumbnail': 'https://randomuser.me/api/portraits/thumb/women/84.jpg'}, 'nat': 'UA'}</msg>
<arg>${json_data['results'][0]}</arg>
<doc>Logs the given message with the given level.</doc>
<status status="PASS" start="2024-07-06T20:15:07.508745" elapsed="0.000408"/>
</kw>
<kw name="Log" owner="BuiltIn">
<msg time="2024-07-06T20:15:07.509585" level="INFO">location</msg>
<arg>${key}</arg>
<doc>Logs the given message with the given level.</doc>
<status status="PASS" start="2024-07-06T20:15:07.509454" elapsed="0.000169"/>
</kw>
<var name="${key}">location</var>
<status status="PASS" start="2024-07-06T20:15:07.508019" elapsed="0.001819"/>
</iter>
<iter>
<kw name="Dictionary Should Contain Key" owner="Collections">
<arg>${json_data['results'][0]}</arg>
<arg>${key}</arg>
<doc>Fails if ``key`` is not found from ``dictionary``.</doc>
<status status="PASS" start="2024-07-06T20:15:07.510116" elapsed="0.000388"/>
</kw>
<kw name="Log" owner="BuiltIn">
<msg time="2024-07-06T20:15:07.511034" level="INFO">{'gender': 'female', 'name': {'title': 'Ms', 'first': 'Pistina', 'last': 'Fursenko'}, 'location': {'street': {'number': 516, 'name': 'Mistecka'}, 'city': 'Kipuche', 'state': 'Sumska', 'country': 'Ukraine', 'postcode': 67557, 'coordinates': {'latitude': '75.6290', 'longitude': '110.3185'}, 'timezone': {'offset': '+1:00', 'description': 'Brussels, Copenhagen, Madrid, Paris'}}, 'email': 'pistina.fursenko@example.com', 'login': {'uuid': 'aeb7096b-a130-4730-a402-9d74dab38484', 'username': 'blackmeercat853', 'password': '2222222', 'salt': 'gnaEoclq', 'md5': 'dc55581e9238c26f291c9b9232e30158', 'sha1': 'd82448ff7cb1de42a6ca95e5e3f59f669384394c', 'sha256': '62522688882b517e4f65eebb4c34545d58c1ad57373719ac08f18df9147bd9cf'}, 'dob': {'date': '1971-07-25T14:48:00.316Z', 'age': 52}, 'registered': {'date': '2008-05-30T06:56:58.987Z', 'age': 16}, 'phone': '(097) S15-2526', 'cell': '(098) H87-6886', 'id': {'name': '', 'value': None}, 'picture': {'large': 'https://randomuser.me/api/portraits/women/84.jpg', 'medium': 'https://randomuser.me/api/portraits/med/women/84.jpg', 'thumbnail': 'https://randomuser.me/api/portraits/thumb/women/84.jpg'}, 'nat': 'UA'}</msg>
<arg>${json_data['results'][0]}</arg>
<doc>Logs the given message with the given level.</doc>
<status status="PASS" start="2024-07-06T20:15:07.510684" elapsed="0.000399"/>
</kw>
<kw name="Log" owner="BuiltIn">
<msg time="2024-07-06T20:15:07.511505" level="INFO">email</msg>
<arg>${key}</arg>
<doc>Logs the given message with the given level.</doc>
<status status="PASS" start="2024-07-06T20:15:07.511379" elapsed="0.000165"/>
</kw>
<var name="${key}">email</var>
<status status="PASS" start="2024-07-06T20:15:07.510008" elapsed="0.001751"/>
</iter>
<iter>
<kw name="Dictionary Should Contain Key" owner="Collections">
<arg>${json_data['results'][0]}</arg>
<arg>${key}</arg>
<doc>Fails if ``key`` is not found from ``dictionary``.</doc>
<status status="PASS" start="2024-07-06T20:15:07.512040" elapsed="0.000419"/>
</kw>
<kw name="Log" owner="BuiltIn">
<msg time="2024-07-06T20:15:07.513001" level="INFO">{'gender': 'female', 'name': {'title': 'Ms', 'first': 'Pistina', 'last': 'Fursenko'}, 'location': {'street': {'number': 516, 'name': 'Mistecka'}, 'city': 'Kipuche', 'state': 'Sumska', 'country': 'Ukraine', 'postcode': 67557, 'coordinates': {'latitude': '75.6290', 'longitude': '110.3185'}, 'timezone': {'offset': '+1:00', 'description': 'Brussels, Copenhagen, Madrid, Paris'}}, 'email': 'pistina.fursenko@example.com', 'login': {'uuid': 'aeb7096b-a130-4730-a402-9d74dab38484', 'username': 'blackmeercat853', 'password': '2222222', 'salt': 'gnaEoclq', 'md5': 'dc55581e9238c26f291c9b9232e30158', 'sha1': 'd82448ff7cb1de42a6ca95e5e3f59f669384394c', 'sha256': '62522688882b517e4f65eebb4c34545d58c1ad57373719ac08f18df9147bd9cf'}, 'dob': {'date': '1971-07-25T14:48:00.316Z', 'age': 52}, 'registered': {'date': '2008-05-30T06:56:58.987Z', 'age': 16}, 'phone': '(097) S15-2526', 'cell': '(098) H87-6886', 'id': {'name': '', 'value': None}, 'picture': {'large': 'https://randomuser.me/api/portraits/women/84.jpg', 'medium': 'https://randomuser.me/api/portraits/med/women/84.jpg', 'thumbnail': 'https://randomuser.me/api/portraits/thumb/women/84.jpg'}, 'nat': 'UA'}</msg>
<arg>${json_data['results'][0]}</arg>
<doc>Logs the given message with the given level.</doc>
<status status="PASS" start="2024-07-06T20:15:07.512652" elapsed="0.000406"/>
</kw>
<kw name="Log" owner="BuiltIn">
<msg time="2024-07-06T20:15:07.513473" level="INFO">login</msg>
<arg>${key}</arg>
<doc>Logs the given message with the given level.</doc>
<status status="PASS" start="2024-07-06T20:15:07.513346" elapsed="0.000165"/>
</kw>
<var name="${key}">login</var>
<status status="PASS" start="2024-07-06T20:15:07.511928" elapsed="0.001795"/>
</iter>
<var>${key}</var>
<value>@{expected_keys}</value>
<status status="PASS" start="2024-07-06T20:15:07.503779" elapsed="0.010064"/>
</for>
<kw name="Create List" owner="BuiltIn">
<msg time="2024-07-06T20:15:07.514169" level="INFO">${expected_keysTwo} = ['username', 'password']</msg>
<var>${expected_keysTwo}</var>
<arg>username</arg>
<arg>password</arg>
<doc>Returns a list containing given items.</doc>
<status status="PASS" start="2024-07-06T20:15:07.514029" elapsed="0.000192"/>
</kw>
<for flavor="IN">
<iter>
<kw name="Dictionary Should Contain Key" owner="Collections">
<arg>${json_data['results'][0]['login']}</arg>
<arg>${keyTwo}</arg>
<doc>Fails if ``key`` is not found from ``dictionary``.</doc>
<status status="PASS" start="2024-07-06T20:15:07.514722" elapsed="0.000384"/>
</kw>
<kw name="Dictionary Should Contain Key" owner="Collections">
<arg>${json_data['results'][0]['login']}</arg>
<arg>${keyTwo}</arg>
<doc>Fails if ``key`` is not found from ``dictionary``.</doc>
<status status="PASS" start="2024-07-06T20:15:07.515286" elapsed="0.000378"/>
</kw>
<kw name="Log" owner="BuiltIn">
<msg time="2024-07-06T20:15:07.515966" level="INFO">username</msg>
<arg>${keyTwo}</arg>
<doc>Logs the given message with the given level.</doc>
<status status="PASS" start="2024-07-06T20:15:07.515845" elapsed="0.000159"/>
</kw>
<var name="${keyTwo}">username</var>
<status status="PASS" start="2024-07-06T20:15:07.514616" elapsed="0.001606"/>
</iter>
<iter>
<kw name="Dictionary Should Contain Key" owner="Collections">
<arg>${json_data['results'][0]['login']}</arg>
<arg>${keyTwo}</arg>
<doc>Fails if ``key`` is not found from ``dictionary``.</doc>
<status status="PASS" start="2024-07-06T20:15:07.516584" elapsed="0.000621"/>
</kw>
<kw name="Dictionary Should Contain Key" owner="Collections">
<arg>${json_data['results'][0]['login']}</arg>
<arg>${keyTwo}</arg>
<doc>Fails if ``key`` is not found from ``dictionary``.</doc>
<status status="PASS" start="2024-07-06T20:15:07.517427" elapsed="0.000382"/>
</kw>
<kw name="Log" owner="BuiltIn">
<msg time="2024-07-06T20:15:07.518113" level="INFO">password</msg>
<arg>${keyTwo}</arg>
<doc>Logs the given message with the given level.</doc>
<status status="PASS" start="2024-07-06T20:15:07.517991" elapsed="0.000165"/>
</kw>
<var name="${keyTwo}">password</var>
<status status="PASS" start="2024-07-06T20:15:07.516391" elapsed="0.002081"/>
</iter>
<var>${keyTwo}</var>
<value>@{expected_keysTwo}</value>
<status status="PASS" start="2024-07-06T20:15:07.514466" elapsed="0.004128"/>
</for>
<status status="PASS" start="2024-07-06T20:15:07.397453" elapsed="0.121279"/>
</kw>
<doc>Testa a estrutura da resposta da API.</doc>
<tag>testeEstruturaResposta</tag>
<status status="PASS" start="2024-07-06T20:15:07.396890" elapsed="0.121992"/>
</test>
<test id="s1-s1-t4" name="Validar tipos de dados" line="28">
<kw name="Teste de Tipos de Dados" owner="random-user-service">
<kw name="GET On Session" owner="RequestsLibrary">
<msg time="2024-07-06T20:15:07.657449" level="INFO">GET Request : url=https://randomuser.me/api 
 path_url=/api 
 headers={'User-Agent': 'python-requests/2.32.3', 'Accept-Encoding': 'gzip, deflate', 'Accept': '*/*', 'Connection': 'keep-alive'} 
 body=None 
 </msg>
<msg time="2024-07-06T20:15:07.657533" level="INFO">GET Response : url=https://randomuser.me/api 
 status=200, reason=OK 
 headers={'Date': 'Sat, 06 Jul 2024 20:15:07 GMT', 'Content-Type': 'application/json; charset=utf-8', 'Transfer-Encoding': 'chunked', 'Connection': 'keep-alive', 'X-Powered-By': 'Express', 'Access-Control-Allow-Origin': '*', 'Cache-Control': 'no-cache', 'ETag': 'W/"468-QrBSEsZuOinIHA58+yJYEX6ZRJo"', 'Vary': 'Accept-Encoding', 'Content-Encoding': 'gzip', 'CF-Cache-Status': 'DYNAMIC', 'Report-To': '{"endpoints":[{"url":"https:\\/\\/a.nel.cloudflare.com\\/report\\/v4?s=kczZPbS8h3EtNUTjbHs%2B4G4w0hw9LSEi3cMczILSd8I8O3M%2F03741ipEyW6xtvxlsom6TyGbsHdSByE1xLGpqXY5gXZL3FdoN04D5STSV%2FkX0M3rKD8SSFL7m9xo2XFU"}],"group":"cf-nel","max_age":604800}', 'NEL': '{"success_fraction":0,"report_to":"cf-nel","max_age":604800}', 'Server': 'cloudflare', 'CF-RAY': '89f243d808a510cb-ORD', 'alt-svc': 'h3=":443"; ma=86400'} 
 body={"results":[{"gender":"male","name":{"title":"Mr","first":"Lewis","last":"Hall"},"location":{"street":{"number":9262,"name":"Samaritan Dr"},"city":"Wollongong","state":"Victoria","country":"Australia","postcode":4150,"coordinates":{"latitude":"-87.0797","longitude":"-0.9510"},"timezone":{"offset":"-9:00","description":"Alaska"}},"email":"lewis.hall@example.com","login":{"uuid":"a51ebfca-af27-4bb3-8085-d0bad2d3f150","username":"lazyfrog832","password":"55555555","salt":"Q0iBRRnW","md5":"fa24c3ef557e3fd5def43ddabedc1b04","sha1":"b6051a32b2fd8cdde368ce3f53fd91a84c61ac5a","sha256":"85d8f6db4dc9026048ea532a5bb903ca0253ea1e1d1067b21ef98b838f110618"},"dob":{"date":"1946-10-11T04:41:08.479Z","age":77},"registered":{"date":"2016-11-04T02:18:33.701Z","age":7},"phone":"08-1829-0308","cell":"0418-287-243","id":{"name":"TFN","value":"102878834"},"picture":{"large":"https://randomuser.me/api/portraits/men/64.jpg","medium":"https://randomuser.me/api/portraits/med/men/64.jpg","thumbnail":"https://randomuser.me/api/portraits/thumb/men/64.jpg"},"nat":"AU"}],"info":{"seed":"cf2d0326b07769af","results":1,"page":1,"version":"1.4"}} 
 </msg>
<msg time="2024-07-06T20:15:07.657606" level="INFO">/opt/hostedtoolcache/Python/3.12.4/x64/lib/python3.12/site-packages/urllib3/connectionpool.py:1099: InsecureRequestWarning: Unverified HTTPS request is being made to host 'randomuser.me'. Adding certificate verification is strongly advised. See: https://urllib3.readthedocs.io/en/latest/advanced-usage.html#tls-warnings
  warnings.warn(</msg>
<msg time="2024-07-06T20:15:07.657720" level="INFO">${response} = &lt;Response [200]&gt;</msg>
<var>${response}</var>
<arg>consultarAPI</arg>
<arg>/api</arg>
<doc>Sends a GET request on a previously created HTTP Session.</doc>
<status status="PASS" start="2024-07-06T20:15:07.521385" elapsed="0.136382"/>
</kw>
<kw name="Set Variable" owner="BuiltIn">
<msg time="2024-07-06T20:15:07.658789" level="INFO">${json_data} = {'results': [{'gender': 'male', 'name': {'title': 'Mr', 'first': 'Lewis', 'last': 'Hall'}, 'location': {'street': {'number': 9262, 'name': 'Samaritan Dr'}, 'city': 'Wollongong', 'state': 'Victoria', '...</msg>
<var>${json_data}</var>
<arg>${response.json()}</arg>
<doc>Returns the given values which can then be assigned to a variables.</doc>
<status status="PASS" start="2024-07-06T20:15:07.658326" elapsed="0.000492"/>
</kw>
<kw name="Log" owner="BuiltIn">
<msg time="2024-07-06T20:15:07.659293" level="INFO">{'results': [{'gender': 'male', 'name': {'title': 'Mr', 'first': 'Lewis', 'last': 'Hall'}, 'location': {'street': {'number': 9262, 'name': 'Samaritan Dr'}, 'city': 'Wollongong', 'state': 'Victoria', 'country': 'Australia', 'postcode': 4150, 'coordinates': {'latitude': '-87.0797', 'longitude': '-0.9510'}, 'timezone': {'offset': '-9:00', 'description': 'Alaska'}}, 'email': 'lewis.hall@example.com', 'login': {'uuid': 'a51ebfca-af27-4bb3-8085-d0bad2d3f150', 'username': 'lazyfrog832', 'password': '55555555', 'salt': 'Q0iBRRnW', 'md5': 'fa24c3ef557e3fd5def43ddabedc1b04', 'sha1': 'b6051a32b2fd8cdde368ce3f53fd91a84c61ac5a', 'sha256': '85d8f6db4dc9026048ea532a5bb903ca0253ea1e1d1067b21ef98b838f110618'}, 'dob': {'date': '1946-10-11T04:41:08.479Z', 'age': 77}, 'registered': {'date': '2016-11-04T02:18:33.701Z', 'age': 7}, 'phone': '08-1829-0308', 'cell': '0418-287-243', 'id': {'name': 'TFN', 'value': '102878834'}, 'picture': {'large': 'https://randomuser.me/api/portraits/men/64.jpg', 'medium': 'https://randomuser.me/api/portraits/med/men/64.jpg', 'thumbnail': 'https://randomuser.me/api/portraits/thumb/men/64.jpg'}, 'nat': 'AU'}], 'info': {'seed': 'cf2d0326b07769af', 'results': 1, 'page': 1, 'version': '1.4'}}</msg>
<arg>${json_data}</arg>
<doc>Logs the given message with the given level.</doc>
<status status="PASS" start="2024-07-06T20:15:07.659132" elapsed="0.000208"/>
</kw>
<kw name="Should Be String" owner="String">
<arg>${json_data['results'][0]['gender']}</arg>
<doc>Fails if the given ``item`` is not a string.</doc>
<status status="PASS" start="2024-07-06T20:15:07.659630" elapsed="0.000363"/>
</kw>
<kw name="Should Match Regexp" owner="BuiltIn">
<arg>${json_data['results'][0]['email']}</arg>
<arg>^[a-zA-Z0-9._%+-]+@[a-zA-Z0-9.-]+\.[a-zA-Z]{2,}$</arg>
<doc>Fails if ``string`` does not match ``pattern`` as a regular expression.</doc>
<status status="PASS" start="2024-07-06T20:15:07.660184" elapsed="0.000567"/>
</kw>
<kw name="Should Match Regexp" owner="BuiltIn">
<arg>${json_data['results'][0]['dob']['date']}</arg>
<arg>\\d{4}-\\d{2}-\\d{2}T\\d{2}:\\d{2}:\\d{2}\\.\\d{3}Z</arg>
<doc>Fails if ``string`` does not match ``pattern`` as a regular expression.</doc>
<status status="PASS" start="2024-07-06T20:15:07.660985" elapsed="0.000498"/>
</kw>
<kw name="Should Match Regexp" owner="BuiltIn">
<arg>${json_data['results'][0]['registered']['date']}</arg>
<arg>\\d{4}-\\d{2}-\\d{2}T\\d{2}:\\d{2}:\\d{2}\\.\\d{3}Z</arg>
<doc>Fails if ``string`` does not match ``pattern`` as a regular expression.</doc>
<status status="PASS" start="2024-07-06T20:15:07.661678" elapsed="0.000373"/>
</kw>
<kw name="Should Match Regexp" owner="BuiltIn">
<arg>${json_data['results'][0]['picture']['large']}</arg>
<arg>^https?://.*\.(?:png|jpe?g|gif|bmp)$</arg>
<doc>Fails if ``string`` does not match ``pattern`` as a regular expression.</doc>
<status status="PASS" start="2024-07-06T20:15:07.662239" elapsed="0.000458"/>
</kw>
<kw name="Should Match Regexp" owner="BuiltIn">
<arg>${json_data['results'][0]['picture']['medium']}</arg>
<arg>^https?://.*\.(?:png|jpe?g|gif|bmp)$</arg>
<doc>Fails if ``string`` does not match ``pattern`` as a regular expression.</doc>
<status status="PASS" start="2024-07-06T20:15:07.662885" elapsed="0.000356"/>
</kw>
<kw name="Should Match Regexp" owner="BuiltIn">
<arg>${json_data['results'][0]['picture']['thumbnail']}</arg>
<arg>^https?://.*\.(?:png|jpe?g|gif|bmp)$</arg>
<doc>Fails if ``string`` does not match ``pattern`` as a regular expression.</doc>
<status status="PASS" start="2024-07-06T20:15:07.663430" elapsed="0.000359"/>
</kw>
<kw name="Log" owner="BuiltIn">
<msg time="2024-07-06T20:15:07.664303" level="INFO">{'large': 'https://randomuser.me/api/portraits/men/64.jpg', 'medium': 'https://randomuser.me/api/portraits/med/men/64.jpg', 'thumbnail': 'https://randomuser.me/api/portraits/thumb/men/64.jpg'}</msg>
<arg>${json_data['results'][0]['picture']}</arg>
<doc>Logs the given message with the given level.</doc>
<status status="PASS" start="2024-07-06T20:15:07.663969" elapsed="0.000377"/>
</kw>
<status status="PASS" start="2024-07-06T20:15:07.521169" elapsed="0.143466"/>
</kw>
<kw name="Teste de Tipos de Dados - Postcode" owner="random-user-service">
<kw name="GET On Session" owner="RequestsLibrary">
<msg time="2024-07-06T20:15:07.728266" level="INFO">GET Request : url=https://randomuser.me/api 
 path_url=/api 
 headers={'User-Agent': 'python-requests/2.32.3', 'Accept-Encoding': 'gzip, deflate', 'Accept': '*/*', 'Connection': 'keep-alive'} 
 body=None 
 </msg>
<msg time="2024-07-06T20:15:07.728352" level="INFO">GET Response : url=https://randomuser.me/api 
 status=200, reason=OK 
 headers={'Date': 'Sat, 06 Jul 2024 20:15:07 GMT', 'Content-Type': 'application/json; charset=utf-8', 'Transfer-Encoding': 'chunked', 'Connection': 'keep-alive', 'X-Powered-By': 'Express', 'Access-Control-Allow-Origin': '*', 'Cache-Control': 'no-cache', 'ETag': 'W/"480-gmfdAshUobP80K7hjZK9nWntZaU"', 'Vary': 'Accept-Encoding', 'Content-Encoding': 'gzip', 'CF-Cache-Status': 'DYNAMIC', 'Report-To': '{"endpoints":[{"url":"https:\\/\\/a.nel.cloudflare.com\\/report\\/v4?s=0o9J7uBhHVUm2V2x93JqGVWappcVeeHlSS8YntyN%2BcE4DYvvJwOMSzmiECvtlF8z3wQbBZnhhv3mrQYwen87GYo9%2BtxrjVsYdujpXO0CKHvv%2FcfYigJN1fRFJVIP64BI"}],"group":"cf-nel","max_age":604800}', 'NEL': '{"success_fraction":0,"report_to":"cf-nel","max_age":604800}', 'Server': 'cloudflare', 'CF-RAY': '89f243d8e9e110cb-ORD', 'alt-svc': 'h3=":443"; ma=86400'} 
 body={"results":[{"gender":"female","name":{"title":"Miss","first":"Néia","last":"Porto"},"location":{"street":{"number":9890,"name":"Rua Vinte E Um"},"city":"Guaratinguetá","state":"Roraima","country":"Brazil","postcode":36696,"coordinates":{"latitude":"-75.1161","longitude":"153.0490"},"timezone":{"offset":"+3:30","description":"Tehran"}},"email":"neia.porto@example.com","login":{"uuid":"bc39ff5d-48df-4b5a-adaf-b3fba6c649ee","username":"whitepanda307","password":"native","salt":"G20QvPj2","md5":"1d98b1cd1a08eed5180fcdfad1c8af1d","sha1":"19bfd063b8fc94d5684ddfa343f0046e903daeaa","sha256":"d0c1464aa1776d70f9c20a48016b67875f0c39ac70c255eebe80c64571e30183"},"dob":{"date":"1999-02-03T09:00:21.162Z","age":25},"registered":{"date":"2017-04-26T14:22:17.883Z","age":7},"phone":"(47) 4269-9697","cell":"(83) 6826-8435","id":{"name":"CPF","value":"722.888.493-67"},"picture":{"large":"https://randomuser.me/api/portraits/women/63.jpg","medium":"https://randomuser.me/api/portraits/med/women/63.jpg","thumbnail":"https://randomuser.me/api/portraits/thumb/women/63.jpg"},"nat":"BR"}],"info":{"seed":"8242ede229e77dd4","results":1,"page":1,"version":"1.4"}} 
 </msg>
<msg time="2024-07-06T20:15:07.728465" level="INFO">/opt/hostedtoolcache/Python/3.12.4/x64/lib/python3.12/site-packages/urllib3/connectionpool.py:1099: InsecureRequestWarning: Unverified HTTPS request is being made to host 'randomuser.me'. Adding certificate verification is strongly advised. See: https://urllib3.readthedocs.io/en/latest/advanced-usage.html#tls-warnings
  warnings.warn(</msg>
<msg time="2024-07-06T20:15:07.728583" level="INFO">${response} = &lt;Response [200]&gt;</msg>
<var>${response}</var>
<arg>consultarAPI</arg>
<arg>/api</arg>
<doc>Sends a GET request on a previously created HTTP Session.</doc>
<status status="PASS" start="2024-07-06T20:15:07.665066" elapsed="0.063561"/>
</kw>
<kw name="Set Variable" owner="BuiltIn">
<msg time="2024-07-06T20:15:07.729710" level="INFO">${json_data} = {'results': [{'gender': 'female', 'name': {'title': 'Miss', 'first': 'Néia', 'last': 'Porto'}, 'location': {'street': {'number': 9890, 'name': 'Rua Vinte E Um'}, 'city': 'Guaratinguetá', 'state': 'Ror...</msg>
<var>${json_data}</var>
<arg>${response.json()}</arg>
<doc>Returns the given values which can then be assigned to a variables.</doc>
<status status="PASS" start="2024-07-06T20:15:07.729214" elapsed="0.000527"/>
</kw>
<kw name="Log" owner="BuiltIn">
<msg time="2024-07-06T20:15:07.730212" level="INFO">{'results': [{'gender': 'female', 'name': {'title': 'Miss', 'first': 'Néia', 'last': 'Porto'}, 'location': {'street': {'number': 9890, 'name': 'Rua Vinte E Um'}, 'city': 'Guaratinguetá', 'state': 'Roraima', 'country': 'Brazil', 'postcode': 36696, 'coordinates': {'latitude': '-75.1161', 'longitude': '153.0490'}, 'timezone': {'offset': '+3:30', 'description': 'Tehran'}}, 'email': 'neia.porto@example.com', 'login': {'uuid': 'bc39ff5d-48df-4b5a-adaf-b3fba6c649ee', 'username': 'whitepanda307', 'password': 'native', 'salt': 'G20QvPj2', 'md5': '1d98b1cd1a08eed5180fcdfad1c8af1d', 'sha1': '19bfd063b8fc94d5684ddfa343f0046e903daeaa', 'sha256': 'd0c1464aa1776d70f9c20a48016b67875f0c39ac70c255eebe80c64571e30183'}, 'dob': {'date': '1999-02-03T09:00:21.162Z', 'age': 25}, 'registered': {'date': '2017-04-26T14:22:17.883Z', 'age': 7}, 'phone': '(47) 4269-9697', 'cell': '(83) 6826-8435', 'id': {'name': 'CPF', 'value': '722.888.493-67'}, 'picture': {'large': 'https://randomuser.me/api/portraits/women/63.jpg', 'medium': 'https://randomuser.me/api/portraits/med/women/63.jpg', 'thumbnail': 'https://randomuser.me/api/portraits/thumb/women/63.jpg'}, 'nat': 'BR'}], 'info': {'seed': '8242ede229e77dd4', 'results': 1, 'page': 1, 'version': '1.4'}}</msg>
<arg>${json_data}</arg>
<doc>Logs the given message with the given level.</doc>
<status status="PASS" start="2024-07-06T20:15:07.730053" elapsed="0.000209"/>
</kw>
<kw name="Should Be Equal As Numbers" owner="BuiltIn">
<arg>${json_data['results'][0]['location']['postcode']}</arg>
<arg>${json_data['results'][0]['location']['postcode']}</arg>
<doc>Fails if objects are unequal after converting them to real numbers.</doc>
<status status="PASS" start="2024-07-06T20:15:07.730559" elapsed="0.000633"/>
</kw>
<kw name="Log" owner="BuiltIn">
<msg time="2024-07-06T20:15:07.731854" level="INFO">36696</msg>
<arg>${json_data['results'][0]['location']['postcode']}</arg>
<doc>Logs the given message with the given level.</doc>
<status status="PASS" start="2024-07-06T20:15:07.731391" elapsed="0.000505"/>
</kw>
<status status="PASS" start="2024-07-06T20:15:07.664851" elapsed="0.067323"/>
</kw>
<doc>Testa se os tipos de dados na resposta da API estão corretos.</doc>
<tag>testeTiposDados</tag>
<status status="PASS" start="2024-07-06T20:15:07.520649" elapsed="0.211687"/>
</test>
<test id="s1-s1-t5" name="Validar conteudo" line="35">
<kw name="Teste de Tipos de Conteudo" owner="random-user-service">
<kw name="GET On Session" owner="RequestsLibrary">
<msg time="2024-07-06T20:15:07.828885" level="INFO">GET Request : url=https://randomuser.me/api 
 path_url=/api 
 headers={'User-Agent': 'python-requests/2.32.3', 'Accept-Encoding': 'gzip, deflate', 'Accept': '*/*', 'Connection': 'keep-alive'} 
 body=None 
 </msg>
<msg time="2024-07-06T20:15:07.828961" level="INFO">GET Response : url=https://randomuser.me/api 
 status=200, reason=OK 
 headers={'Date': 'Sat, 06 Jul 2024 20:15:07 GMT', 'Content-Type': 'application/json; charset=utf-8', 'Transfer-Encoding': 'chunked', 'Connection': 'keep-alive', 'X-Powered-By': 'Express', 'Access-Control-Allow-Origin': '*', 'Cache-Control': 'no-cache', 'ETag': 'W/"485-4jksy+5cS0TOrsd+2Kp+T/XiwQg"', 'Vary': 'Accept-Encoding', 'Content-Encoding': 'gzip', 'CF-Cache-Status': 'DYNAMIC', 'Report-To': '{"endpoints":[{"url":"https:\\/\\/a.nel.cloudflare.com\\/report\\/v4?s=FzSDiTNUy4ww8ewiWhndndWSdRAvbYcGX3Of10YuIOJHgp3%2B0yQTl5j3PIoi%2BC8rvv5NcLFv4Hz1zzkuO9lOLr%2BSCTIbfPGws9ZnbY6x9ySon00nSJRf0kE106XH4FDh"}],"group":"cf-nel","max_age":604800}', 'NEL': '{"success_fraction":0,"report_to":"cf-nel","max_age":604800}', 'Server': 'cloudflare', 'CF-RAY': '89f243d95a6510cb-ORD', 'alt-svc': 'h3=":443"; ma=86400'} 
 body={"results":[{"gender":"female","name":{"title":"Miss","first":"Angelika","last":"Aanensen"},"location":{"street":{"number":3966,"name":"Hofftunet"},"city":"Folkestad","state":"Hedmark","country":"Norway","postcode":"2054","coordinates":{"latitude":"40.1027","longitude":"29.8790"},"timezone":{"offset":"-12:00","description":"Eniwetok, Kwajalein"}},"email":"angelika.aanensen@example.com","login":{"uuid":"1f006524-1886-4e79-b97a-7025d9d9d9f4","username":"purpleladybug129","password":"jackpot","salt":"GFy4DKnJ","md5":"2f5d0b366f90c69e150799df1d397b82","sha1":"96cb63b1f585df8ce480beaa39365d3679837b6a","sha256":"5ed1872d68a5226e2a286cb7ef8f5d135813039fedf4286fbd9b051c23cf86a0"},"dob":{"date":"1953-02-12T12:01:34.949Z","age":71},"registered":{"date":"2009-03-21T09:24:28.317Z","age":15},"phone":"68586926","cell":"44734971","id":{"name":"FN","value":"12025301402"},"picture":{"large":"https://randomuser.me/api/portraits/women/84.jpg","medium":"https://randomuser.me/api/portraits/med/women/84.jpg","thumbnail":"https://randomuser.me/api/portraits/thumb/women/84.jpg"},"nat":"NO"}],"info":{"seed":"bf1f1e465cb918e8","results":1,"page":1,"version":"1.4"}} 
 </msg>
<msg time="2024-07-06T20:15:07.829015" level="INFO">/opt/hostedtoolcache/Python/3.12.4/x64/lib/python3.12/site-packages/urllib3/connectionpool.py:1099: InsecureRequestWarning: Unverified HTTPS request is being made to host 'randomuser.me'. Adding certificate verification is strongly advised. See: https://urllib3.readthedocs.io/en/latest/advanced-usage.html#tls-warnings
  warnings.warn(</msg>
<msg time="2024-07-06T20:15:07.829097" level="INFO">${response} = &lt;Response [200]&gt;</msg>
<var>${response}</var>
<arg>consultarAPI</arg>
<arg>/api</arg>
<doc>Sends a GET request on a previously created HTTP Session.</doc>
<status status="PASS" start="2024-07-06T20:15:07.734831" elapsed="0.094294"/>
</kw>
<kw name="Set Variable" owner="BuiltIn">
<msg time="2024-07-06T20:15:07.829913" level="INFO">${json_data} = {'results': [{'gender': 'female', 'name': {'title': 'Miss', 'first': 'Angelika', 'last': 'Aanensen'}, 'location': {'street': {'number': 3966, 'name': 'Hofftunet'}, 'city': 'Folkestad', 'state': 'Hedma...</msg>
<var>${json_data}</var>
<arg>${response.json()}</arg>
<doc>Returns the given values which can then be assigned to a variables.</doc>
<status status="PASS" start="2024-07-06T20:15:07.829489" elapsed="0.000451"/>
</kw>
<kw name="Set Variable" owner="BuiltIn">
<msg time="2024-07-06T20:15:07.830616" level="INFO">${name_title} = Miss</msg>
<var>${name_title}</var>
<arg>${json_data["results"][0]["name"]["title"]}</arg>
<doc>Returns the given values which can then be assigned to a variables.</doc>
<status status="PASS" start="2024-07-06T20:15:07.830238" elapsed="0.000404"/>
</kw>
<kw name="Create List" owner="BuiltIn">
<msg time="2024-07-06T20:15:07.831081" level="INFO">${allowed_titles} = ['Mr', 'Ms', 'Miss', 'Mrs', 'Madame', 'Monsieur']</msg>
<var>${allowed_titles}</var>
<arg>Mr</arg>
<arg>Ms</arg>
<arg>Miss</arg>
<arg>Mrs</arg>
<arg>Madame</arg>
<arg>Monsieur</arg>
<doc>Returns a list containing given items.</doc>
<status status="PASS" start="2024-07-06T20:15:07.830934" elapsed="0.000171"/>
</kw>
<kw name="List Should Contain Value" owner="Collections">
<arg>${allowed_titles}</arg>
<arg>${name_title}</arg>
<doc>Fails if the ``value`` is not found from ``list``.</doc>
<status status="PASS" start="2024-07-06T20:15:07.831403" elapsed="0.000175"/>
</kw>
<kw name="Set Variable" owner="BuiltIn">
<msg time="2024-07-06T20:15:07.832122" level="INFO">${name_country} = NO</msg>
<var>${name_country}</var>
<arg>${json_data["results"][0]["nat"]}</arg>
<doc>Returns the given values which can then be assigned to a variables.</doc>
<status status="PASS" start="2024-07-06T20:15:07.831754" elapsed="0.000393"/>
</kw>
<kw name="Create List" owner="BuiltIn">
<msg time="2024-07-06T20:15:07.833064" level="INFO">${list_country} = ['AD', 'AE', 'AF', 'AG', 'AI', 'AL', 'AM', 'AO', 'AQ', 'AR', 'AS', 'AT', 'AU', 'AW', 'AX', 'AZ', 'BA', 'BB', 'BD', 'BE', 'BF', 'BG', 'BH', 'BI', 'BJ', 'BL', 'BM', 'BN', 'BO', 'BQ', 'BR', 'BS', 'BT', '...</msg>
<var>${list_country}</var>
<arg>AD</arg>
<arg>AE</arg>
<arg>AF</arg>
<arg>AG</arg>
<arg>AI</arg>
<arg>AL</arg>
<arg>AM</arg>
<arg>AO</arg>
<arg>AQ</arg>
<arg>AR</arg>
<arg>AS</arg>
<arg>AT</arg>
<arg>AU</arg>
<arg>AW</arg>
<arg>AX</arg>
<arg>AZ</arg>
<arg>BA</arg>
<arg>BB</arg>
<arg>BD</arg>
<arg>BE</arg>
<arg>BF</arg>
<arg>BG</arg>
<arg>BH</arg>
<arg>BI</arg>
<arg>BJ</arg>
<arg>BL</arg>
<arg>BM</arg>
<arg>BN</arg>
<arg>BO</arg>
<arg>BQ</arg>
<arg>BR</arg>
<arg>BS</arg>
<arg>BT</arg>
<arg>BV</arg>
<arg>BW</arg>
<arg>BY</arg>
<arg>BZ</arg>
<arg>CA</arg>
<arg>CC</arg>
<arg>CD</arg>
<arg>CF</arg>
<arg>CG</arg>
<arg>CH</arg>
<arg>CI</arg>
<arg>CK</arg>
<arg>CL</arg>
<arg>CM</arg>
<arg>CN</arg>
<arg>CO</arg>
<arg>CR</arg>
<arg>CU</arg>
<arg>CV</arg>
<arg>CW</arg>
<arg>CX</arg>
<arg>CY</arg>
<arg>CZ</arg>
<arg>DE</arg>
<arg>DJ</arg>
<arg>DK</arg>
<arg>DM</arg>
<arg>DO</arg>
<arg>DZ</arg>
<arg>EC</arg>
<arg>EE</arg>
<arg>EG</arg>
<arg>EH</arg>
<arg>ER</arg>
<arg>ES</arg>
<arg>ET</arg>
<arg>FI</arg>
<arg>FJ</arg>
<arg>FK</arg>
<arg>FM</arg>
<arg>FO</arg>
<arg>FR</arg>
<arg>GA</arg>
<arg>GB</arg>
<arg>GD</arg>
<arg>GE</arg>
<arg>GF</arg>
<arg>GG</arg>
<arg>GH</arg>
<arg>GI</arg>
<arg>GL</arg>
<arg>GM</arg>
<arg>GN</arg>
<arg>GP</arg>
<arg>GQ</arg>
<arg>GR</arg>
<arg>GS</arg>
<arg>GT</arg>
<arg>GU</arg>
<arg>GW</arg>
<arg>GY</arg>
<arg>HK</arg>
<arg>HM</arg>
<arg>HN</arg>
<arg>HR</arg>
<arg>HT</arg>
<arg>HU</arg>
<arg>ID</arg>
<arg>IE</arg>
<arg>IL</arg>
<arg>IM</arg>
<arg>IN</arg>
<arg>IO</arg>
<arg>IQ</arg>
<arg>IR</arg>
<arg>IS</arg>
<arg>IT</arg>
<arg>JE</arg>
<arg>JM</arg>
<arg>JO</arg>
<arg>JP</arg>
<arg>KE</arg>
<arg>KG</arg>
<arg>KH</arg>
<arg>KI</arg>
<arg>KM</arg>
<arg>KN</arg>
<arg>KP</arg>
<arg>KR</arg>
<arg>KW</arg>
<arg>KY</arg>
<arg>KZ</arg>
<arg>LA</arg>
<arg>LB</arg>
<arg>LC</arg>
<arg>LI</arg>
<arg>LK</arg>
<arg>LR</arg>
<arg>LS</arg>
<arg>LT</arg>
<arg>LU</arg>
<arg>LV</arg>
<arg>LY</arg>
<arg>MA</arg>
<arg>MC</arg>
<arg>MD</arg>
<arg>ME</arg>
<arg>MF</arg>
<arg>MG</arg>
<arg>MH</arg>
<arg>MK</arg>
<arg>ML</arg>
<arg>MM</arg>
<arg>MN</arg>
<arg>MO</arg>
<arg>MP</arg>
<arg>MQ</arg>
<arg>MR</arg>
<arg>MS</arg>
<arg>MT</arg>
<arg>MU</arg>
<arg>MV</arg>
<arg>MW</arg>
<arg>MX</arg>
<arg>MY</arg>
<arg>MZ</arg>
<arg>NA</arg>
<arg>NC</arg>
<arg>NE</arg>
<arg>NF</arg>
<arg>NG</arg>
<arg>NI</arg>
<arg>NL</arg>
<arg>NO</arg>
<arg>NP</arg>
<arg>NR</arg>
<arg>NU</arg>
<arg>NZ</arg>
<arg>OM</arg>
<arg>PA</arg>
<arg>PE</arg>
<arg>PF</arg>
<arg>PG</arg>
<arg>PH</arg>
<arg>PK</arg>
<arg>PL</arg>
<arg>PM</arg>
<arg>PN</arg>
<arg>PR</arg>
<arg>PS</arg>
<arg>PT</arg>
<arg>PW</arg>
<arg>PY</arg>
<arg>QA</arg>
<arg>RE</arg>
<arg>RO</arg>
<arg>RS</arg>
<arg>RU</arg>
<arg>RW</arg>
<arg>SA</arg>
<arg>SB</arg>
<arg>SC</arg>
<arg>SD</arg>
<arg>SE</arg>
<arg>SG</arg>
<arg>SH</arg>
<arg>SI</arg>
<arg>SJ</arg>
<arg>SK</arg>
<arg>SL</arg>
<arg>SM</arg>
<arg>SN</arg>
<arg>SO</arg>
<arg>SR</arg>
<arg>SS</arg>
<arg>ST</arg>
<arg>SV</arg>
<arg>SX</arg>
<arg>SY</arg>
<arg>SZ</arg>
<arg>TC</arg>
<arg>TD</arg>
<arg>TF</arg>
<arg>TG</arg>
<arg>TH</arg>
<arg>TJ</arg>
<arg>TK</arg>
<arg>TL</arg>
<arg>TM</arg>
<arg>TN</arg>
<arg>TO</arg>
<arg>TR</arg>
<arg>TT</arg>
<arg>TV</arg>
<arg>TW</arg>
<arg>TZ</arg>
<arg>UA</arg>
<arg>UG</arg>
<arg>UM</arg>
<arg>US</arg>
<arg>UY</arg>
<arg>UZ</arg>
<arg>VA</arg>
<arg>VC</arg>
<arg>VE</arg>
<arg>VG</arg>
<arg>VI</arg>
<arg>VN</arg>
<arg>VU</arg>
<arg>WF</arg>
<arg>WS</arg>
<arg>XK</arg>
<arg>YE</arg>
<arg>YT</arg>
<arg>ZA</arg>
<arg>ZM</arg>
<arg>ZW</arg>
<doc>Returns a list containing given items.</doc>
<status status="PASS" start="2024-07-06T20:15:07.832465" elapsed="0.000624"/>
</kw>
<kw name="List Should Contain Value" owner="Collections">
<arg>${list_country}</arg>
<arg>${name_country}</arg>
<doc>Fails if the ``value`` is not found from ``list``.</doc>
<status status="PASS" start="2024-07-06T20:15:07.833880" elapsed="0.000204"/>
</kw>
<kw name="Run Keyword If" owner="BuiltIn">
<kw name="Should Be True" owner="BuiltIn">
<arg>${True}</arg>
<doc>Fails if the given condition is not true.</doc>
<status status="PASS" start="2024-07-06T20:15:07.834991" elapsed="0.000140"/>
</kw>
<arg>${json_data["results"][0]["location"]["coordinates"]["latitude"]} &gt;= -90 and ${json_data["results"][0]["location"]["coordinates"]["latitude"]} &lt;= 90</arg>
<arg>Should Be True</arg>
<arg>${True}</arg>
<doc>Runs the given keyword with the given arguments, if ``condition`` is true.</doc>
<status status="PASS" start="2024-07-06T20:15:07.834274" elapsed="0.000980"/>
</kw>
<kw name="Run Keyword If" owner="BuiltIn">
<kw name="Should Be True" owner="BuiltIn">
<arg>${True}</arg>
<doc>Fails if the given condition is not true.</doc>
<status status="PASS" start="2024-07-06T20:15:07.836116" elapsed="0.000228"/>
</kw>
<arg>${json_data["results"][0]["location"]["coordinates"]["longitude"]} &gt;= -180 and ${json_data["results"][0]["location"]["coordinates"]["longitude"]} &lt;= 180</arg>
<arg>Should Be True</arg>
<arg>${True}</arg>
<doc>Runs the given keyword with the given arguments, if ``condition`` is true.</doc>
<status status="PASS" start="2024-07-06T20:15:07.835432" elapsed="0.001066"/>
</kw>
<status status="PASS" start="2024-07-06T20:15:07.734612" elapsed="0.102022"/>
</kw>
<doc>Testa o conteúdo específico dos campos retornados pela API.</doc>
<tag>testeConteudo</tag>
<status status="PASS" start="2024-07-06T20:15:07.734122" elapsed="0.102651"/>
</test>
<status status="PASS" start="2024-07-06T20:15:06.906415" elapsed="0.932264"/>
</suite>
<status status="PASS" start="2024-07-06T20:15:06.892400" elapsed="0.951214"/>
</suite>
<statistics>
<total>
<stat pass="5" fail="0" skip="0">All Tests</stat>
</total>
<tag>
<stat pass="1" fail="0" skip="0">testeConteudo</stat>
<stat pass="1" fail="0" skip="0">testeEstruturaResposta</stat>
<stat pass="1" fail="0" skip="0">testeRequisicaoBasica</stat>
<stat pass="1" fail="0" skip="0">testeTiposDados</stat>
</tag>
<suite>
<stat pass="5" fail="0" skip="0" id="s1" name="Tests">Tests</stat>
<stat pass="5" fail="0" skip="0" id="s1-s1" name="Random-User-Test">Tests.Random-User-Test</stat>
</suite>
</statistics>
<errors>
</errors>
</robot>
