<?xml version="1.0" encoding="UTF-8"?>
<robot generator="Robot 7.0 (Python 3.12.3 on linux)" generated="2024-05-01T20:17:18.477754" rpa="false" schemaversion="5">
<suite id="s1" name="Tests" source="/home/runner/work/DesafioQAItauRogerioJordao/DesafioQAItauRogerioJordao/RamdonUser/tests">
<suite id="s1-s1" name="Random-User-Test" source="/home/runner/work/DesafioQAItauRogerioJordao/DesafioQAItauRogerioJordao/RamdonUser/tests/random-user-test.robot">
<test id="s1-s1-t1" name="Conectar" line="13">
<kw name="Conectar API" owner="random-user-service">
<kw name="Create Session" owner="RequestsLibrary">
<msg time="2024-05-01T20:17:18.836726" level="INFO">Creating Session using : alias=consultarAPI, url=https://randomuser.me/, headers={},                     cookies={}, auth=None, timeout=None, proxies=None, verify=False,                     debug=0 </msg>
<arg>consultarAPI</arg>
<arg>${URL}</arg>
<doc>Create Session: create a HTTP session to a server</doc>
<status status="PASS" start="2024-05-01T20:17:18.836535" elapsed="0.000360"/>
</kw>
<status status="PASS" start="2024-05-01T20:17:18.835596" elapsed="0.001635"/>
</kw>
<status status="PASS" start="2024-05-01T20:17:18.835089" elapsed="0.002332"/>
</test>
<test id="s1-s1-t2" name="Validar retorno 200 e JSON Válido" line="16">
<kw name="Teste de Requisicao Basica" owner="random-user-service">
<kw name="GET On Session" owner="RequestsLibrary">
<msg time="2024-05-01T20:17:19.084793" level="INFO">GET Request : url=https://randomuser.me/api 
 path_url=/api 
 headers={'User-Agent': 'python-requests/2.31.0', 'Accept-Encoding': 'gzip, deflate', 'Accept': '*/*', 'Connection': 'keep-alive'} 
 body=None 
 </msg>
<msg time="2024-05-01T20:17:19.084931" level="INFO">GET Response : url=https://randomuser.me/api 
 status=200, reason=OK 
 headers={'Date': 'Wed, 01 May 2024 20:17:19 GMT', 'Content-Type': 'application/json; charset=utf-8', 'Transfer-Encoding': 'chunked', 'Connection': 'keep-alive', 'X-Powered-By': 'Express', 'Access-Control-Allow-Origin': '*', 'Cache-Control': 'no-cache', 'ETag': 'W/"4a1-SNBu/d+XXsm34q4rtQ+369kK0nc"', 'Vary': 'Accept-Encoding', 'Content-Encoding': 'gzip', 'CF-Cache-Status': 'DYNAMIC', 'Report-To': '{"endpoints":[{"url":"https:\\/\\/a.nel.cloudflare.com\\/report\\/v4?s=cJixs61kGb%2F5B77dmoLjWTmaFhhus%2FrvSRR76DF4S3A7mWSa6x667NYUAZMwnUihCQwFkhjmLq3fm%2BNDeQ%2B76mv9gAGlo4%2BSRdBBymtJR%2Fq7t2G7I2hMBVzeUfBmBOhx"}],"group":"cf-nel","max_age":604800}', 'NEL': '{"success_fraction":0,"report_to":"cf-nel","max_age":604800}', 'Server': 'cloudflare', 'CF-RAY': '87d2744e0acf8287-IAD', 'alt-svc': 'h3=":443"; ma=86400'} 
 body={"results":[{"gender":"male","name":{"title":"Mr","first":"Bernardo","last":"Maestas"},"location":{"street":{"number":533,"name":"Eje vial Morales"},"city":"Saric","state":"Tlaxcala","country":"Mexico","postcode":80001,"coordinates":{"latitude":"21.7448","longitude":"-7.6133"},"timezone":{"offset":"+3:00","description":"Baghdad, Riyadh, Moscow, St. Petersburg"}},"email":"bernardo.maestas@example.com","login":{"uuid":"2880acec-bf06-46c7-8298-0383ff73aca2","username":"organicleopard127","password":"bluesman","salt":"T9azzXDd","md5":"f318773490d3f7ed361f9ba553212a80","sha1":"d8bd641c7575f8c52e9eb049e0e3ae0c2a3b1641","sha256":"65e2bf9237c4325672a378b9f103ced65cedf34a15595203fdbe7919b56729d6"},"dob":{"date":"1958-03-09T11:18:28.575Z","age":66},"registered":{"date":"2012-11-29T00:22:33.263Z","age":11},"phone":"(699) 426 7614","cell":"(605) 077 0233","id":{"name":"NSS","value":"44 74 63 7095 5"},"picture":{"large":"https://randomuser.me/api/portraits/men/20.jpg","medium":"https://randomuser.me/api/portraits/med/men/20.jpg","thumbnail":"https://randomuser.me/api/portraits/thumb/men/20.jpg"},"nat":"MX"}],"info":{"seed":"3394dab17aecd263","results":1,"page":1,"version":"1.4"}} 
 </msg>
<msg time="2024-05-01T20:17:19.085009" level="INFO">/opt/hostedtoolcache/Python/3.12.3/x64/lib/python3.12/site-packages/urllib3/connectionpool.py:1103: InsecureRequestWarning: Unverified HTTPS request is being made to host 'randomuser.me'. Adding certificate verification is strongly advised. See: https://urllib3.readthedocs.io/en/latest/advanced-usage.html#tls-warnings
  warnings.warn(</msg>
<msg time="2024-05-01T20:17:19.085151" level="INFO">${response} = &lt;Response [200]&gt;</msg>
<var>${response}</var>
<arg>consultarAPI</arg>
<arg>/api</arg>
<doc>Sends a GET request on a previously created HTTP Session.</doc>
<status status="PASS" start="2024-05-01T20:17:18.840034" elapsed="0.245159"/>
</kw>
<kw name="Should Be Equal As Numbers" owner="BuiltIn">
<msg time="2024-05-01T20:17:19.086382" level="INFO">Argument types are:
&lt;class 'int'&gt;
&lt;class 'str'&gt;</msg>
<arg>${response.status_code}</arg>
<arg>200</arg>
<doc>Fails if objects are unequal after converting them to real numbers.</doc>
<status status="PASS" start="2024-05-01T20:17:19.085832" elapsed="0.000616"/>
</kw>
<kw name="Log" owner="BuiltIn">
<msg time="2024-05-01T20:17:19.087156" level="INFO">200</msg>
<arg>${response.status_code}</arg>
<doc>Logs the given message with the given level.</doc>
<status status="PASS" start="2024-05-01T20:17:19.086796" elapsed="0.000404"/>
</kw>
<kw name="Set Variable" owner="BuiltIn">
<msg time="2024-05-01T20:17:19.087997" level="INFO">${json_data} = {'results': [{'gender': 'male', 'name': {'title': 'Mr', 'first': 'Bernardo', 'last': 'Maestas'}, 'location': {'street': {'number': 533, 'name': 'Eje vial Morales'}, 'city': 'Saric', 'state': 'Tlaxcala...</msg>
<var>${json_data}</var>
<arg>${response.json()}</arg>
<doc>Returns the given values which can then be assigned to a variables.</doc>
<status status="PASS" start="2024-05-01T20:17:19.087507" elapsed="0.000519"/>
</kw>
<kw name="Dictionary Should Contain Key" owner="Collections">
<msg time="2024-05-01T20:17:19.088498" level="INFO">False</msg>
<arg>${json_data}</arg>
<arg>results</arg>
<doc>Fails if ``key`` is not found from ``dictionary``.</doc>
<status status="PASS" start="2024-05-01T20:17:19.088330" elapsed="0.000208"/>
</kw>
<status status="PASS" start="2024-05-01T20:17:18.839779" elapsed="0.249016"/>
</kw>
<doc>Testa se a API responde corretamente e retorna um objeto JSON válido.</doc>
<tag>testeRequisicaoBasica</tag>
<status status="PASS" start="2024-05-01T20:17:18.839287" elapsed="0.249698"/>
</test>
<test id="s1-s1-t3" name="Validar estrutura de resposta" line="22">
<kw name="Teste de Estrutura de Resposta" owner="random-user-service">
<kw name="GET On Session" owner="RequestsLibrary">
<msg time="2024-05-01T20:17:19.184433" level="INFO">GET Request : url=https://randomuser.me/api 
 path_url=/api 
 headers={'User-Agent': 'python-requests/2.31.0', 'Accept-Encoding': 'gzip, deflate', 'Accept': '*/*', 'Connection': 'keep-alive'} 
 body=None 
 </msg>
<msg time="2024-05-01T20:17:19.184541" level="INFO">GET Response : url=https://randomuser.me/api 
 status=200, reason=OK 
 headers={'Date': 'Wed, 01 May 2024 20:17:19 GMT', 'Content-Type': 'application/json; charset=utf-8', 'Transfer-Encoding': 'chunked', 'Connection': 'keep-alive', 'X-Powered-By': 'Express', 'Access-Control-Allow-Origin': '*', 'Cache-Control': 'no-cache', 'ETag': 'W/"49b-K0NBP7bq+/0F42jcPE+Zoha+SIc"', 'Vary': 'Accept-Encoding', 'Content-Encoding': 'gzip', 'CF-Cache-Status': 'DYNAMIC', 'Report-To': '{"endpoints":[{"url":"https:\\/\\/a.nel.cloudflare.com\\/report\\/v4?s=M5LSqRtAOrHdduMxc%2BFupmsF3n5p%2BPJP2yxkOhoJ5fjc2KCqT4fbgNEp2lohb0VLdM68JntgKCBaxVXFJwJtrb1csjN%2FSbJYTmbh7cUli%2FlxlFmZeMHdY365CiREyM03"}],"group":"cf-nel","max_age":604800}', 'NEL': '{"success_fraction":0,"report_to":"cf-nel","max_age":604800}', 'Server': 'cloudflare', 'CF-RAY': '87d2744e5b328287-IAD', 'alt-svc': 'h3=":443"; ma=86400'} 
 body={"results":[{"gender":"female","name":{"title":"Mrs","first":"Oona","last":"Perko"},"location":{"street":{"number":1339,"name":"Aleksanterinkatu"},"city":"Koski","state":"South Karelia","country":"Finland","postcode":93513,"coordinates":{"latitude":"-29.2087","longitude":"164.5726"},"timezone":{"offset":"+9:00","description":"Tokyo, Seoul, Osaka, Sapporo, Yakutsk"}},"email":"oona.perko@example.com","login":{"uuid":"bb8e205b-e83d-4cd0-a5de-d12239e5608a","username":"whitesnake186","password":"spam","salt":"In2V2dAt","md5":"84f4af5e86c726f239d8e53a1a260707","sha1":"4b2f286a4ab81b98c9af1d23f1360952e722eb14","sha256":"7eafbc18f111eb09a517731e06f5781e8f8d336508b983eeb29d818f234f24de"},"dob":{"date":"1952-12-27T08:03:42.190Z","age":71},"registered":{"date":"2004-11-19T03:30:28.367Z","age":19},"phone":"06-934-056","cell":"042-076-93-93","id":{"name":"HETU","value":"NaNNA240undefined"},"picture":{"large":"https://randomuser.me/api/portraits/women/18.jpg","medium":"https://randomuser.me/api/portraits/med/women/18.jpg","thumbnail":"https://randomuser.me/api/portraits/thumb/women/18.jpg"},"nat":"FI"}],"info":{"seed":"629f21d00c8f884d","results":1,"page":1,"version":"1.4"}} 
 </msg>
<msg time="2024-05-01T20:17:19.184673" level="INFO">/opt/hostedtoolcache/Python/3.12.3/x64/lib/python3.12/site-packages/urllib3/connectionpool.py:1103: InsecureRequestWarning: Unverified HTTPS request is being made to host 'randomuser.me'. Adding certificate verification is strongly advised. See: https://urllib3.readthedocs.io/en/latest/advanced-usage.html#tls-warnings
  warnings.warn(</msg>
<msg time="2024-05-01T20:17:19.184798" level="INFO">${response} = &lt;Response [200]&gt;</msg>
<var>${response}</var>
<arg>consultarAPI</arg>
<arg>/api</arg>
<doc>Sends a GET request on a previously created HTTP Session.</doc>
<status status="PASS" start="2024-05-01T20:17:19.091794" elapsed="0.093046"/>
</kw>
<kw name="Set Variable" owner="BuiltIn">
<msg time="2024-05-01T20:17:19.185980" level="INFO">${json_data} = {'results': [{'gender': 'female', 'name': {'title': 'Mrs', 'first': 'Oona', 'last': 'Perko'}, 'location': {'street': {'number': 1339, 'name': 'Aleksanterinkatu'}, 'city': 'Koski', 'state': 'South Kare...</msg>
<var>${json_data}</var>
<arg>${response.json()}</arg>
<doc>Returns the given values which can then be assigned to a variables.</doc>
<status status="PASS" start="2024-05-01T20:17:19.185377" elapsed="0.000631"/>
</kw>
<kw name="Log" owner="BuiltIn">
<msg time="2024-05-01T20:17:19.186477" level="INFO">{'results': [{'gender': 'female', 'name': {'title': 'Mrs', 'first': 'Oona', 'last': 'Perko'}, 'location': {'street': {'number': 1339, 'name': 'Aleksanterinkatu'}, 'city': 'Koski', 'state': 'South Karelia', 'country': 'Finland', 'postcode': 93513, 'coordinates': {'latitude': '-29.2087', 'longitude': '164.5726'}, 'timezone': {'offset': '+9:00', 'description': 'Tokyo, Seoul, Osaka, Sapporo, Yakutsk'}}, 'email': 'oona.perko@example.com', 'login': {'uuid': 'bb8e205b-e83d-4cd0-a5de-d12239e5608a', 'username': 'whitesnake186', 'password': 'spam', 'salt': 'In2V2dAt', 'md5': '84f4af5e86c726f239d8e53a1a260707', 'sha1': '4b2f286a4ab81b98c9af1d23f1360952e722eb14', 'sha256': '7eafbc18f111eb09a517731e06f5781e8f8d336508b983eeb29d818f234f24de'}, 'dob': {'date': '1952-12-27T08:03:42.190Z', 'age': 71}, 'registered': {'date': '2004-11-19T03:30:28.367Z', 'age': 19}, 'phone': '06-934-056', 'cell': '042-076-93-93', 'id': {'name': 'HETU', 'value': 'NaNNA240undefined'}, 'picture': {'large': 'https://randomuser.me/api/portraits/women/18.jpg', 'medium': 'https://randomuser.me/api/portraits/med/women/18.jpg', 'thumbnail': 'https://randomuser.me/api/portraits/thumb/women/18.jpg'}, 'nat': 'FI'}], 'info': {'seed': '629f21d00c8f884d', 'results': 1, 'page': 1, 'version': '1.4'}}</msg>
<arg>${json_data}</arg>
<doc>Logs the given message with the given level.</doc>
<status status="PASS" start="2024-05-01T20:17:19.186313" elapsed="0.000213"/>
</kw>
<kw name="Dictionary Should Contain Key" owner="Collections">
<msg time="2024-05-01T20:17:19.186978" level="INFO">False</msg>
<arg>${json_data}</arg>
<arg>results</arg>
<doc>Fails if ``key`` is not found from ``dictionary``.</doc>
<status status="PASS" start="2024-05-01T20:17:19.186821" elapsed="0.000193"/>
</kw>
<kw name="Should Not Be Empty" owner="BuiltIn">
<msg time="2024-05-01T20:17:19.187429" level="INFO">Length is 2.</msg>
<arg>${json_data}</arg>
<doc>Verifies that the given item is not empty.</doc>
<status status="PASS" start="2024-05-01T20:17:19.187300" elapsed="0.000167"/>
</kw>
<kw name="Create List" owner="BuiltIn">
<msg time="2024-05-01T20:17:19.188113" level="INFO">${expected_keys} = ['gender', 'name', 'location', 'email', 'login']</msg>
<var>${expected_keys}</var>
<arg>gender</arg>
<arg>name</arg>
<arg>location</arg>
<arg>email</arg>
<arg>login</arg>
<doc>Returns a list containing given items.</doc>
<status status="PASS" start="2024-05-01T20:17:19.187807" elapsed="0.000331"/>
</kw>
<for flavor="IN">
<iter>
<kw name="Dictionary Should Contain Key" owner="Collections">
<msg time="2024-05-01T20:17:19.189122" level="INFO">False</msg>
<arg>${json_data['results'][0]}</arg>
<arg>${key}</arg>
<doc>Fails if ``key`` is not found from ``dictionary``.</doc>
<status status="PASS" start="2024-05-01T20:17:19.188723" elapsed="0.000437"/>
</kw>
<kw name="Log" owner="BuiltIn">
<msg time="2024-05-01T20:17:19.189827" level="INFO">{'gender': 'female', 'name': {'title': 'Mrs', 'first': 'Oona', 'last': 'Perko'}, 'location': {'street': {'number': 1339, 'name': 'Aleksanterinkatu'}, 'city': 'Koski', 'state': 'South Karelia', 'country': 'Finland', 'postcode': 93513, 'coordinates': {'latitude': '-29.2087', 'longitude': '164.5726'}, 'timezone': {'offset': '+9:00', 'description': 'Tokyo, Seoul, Osaka, Sapporo, Yakutsk'}}, 'email': 'oona.perko@example.com', 'login': {'uuid': 'bb8e205b-e83d-4cd0-a5de-d12239e5608a', 'username': 'whitesnake186', 'password': 'spam', 'salt': 'In2V2dAt', 'md5': '84f4af5e86c726f239d8e53a1a260707', 'sha1': '4b2f286a4ab81b98c9af1d23f1360952e722eb14', 'sha256': '7eafbc18f111eb09a517731e06f5781e8f8d336508b983eeb29d818f234f24de'}, 'dob': {'date': '1952-12-27T08:03:42.190Z', 'age': 71}, 'registered': {'date': '2004-11-19T03:30:28.367Z', 'age': 19}, 'phone': '06-934-056', 'cell': '042-076-93-93', 'id': {'name': 'HETU', 'value': 'NaNNA240undefined'}, 'picture': {'large': 'https://randomuser.me/api/portraits/women/18.jpg', 'medium': 'https://randomuser.me/api/portraits/med/women/18.jpg', 'thumbnail': 'https://randomuser.me/api/portraits/thumb/women/18.jpg'}, 'nat': 'FI'}</msg>
<arg>${json_data['results'][0]}</arg>
<doc>Logs the given message with the given level.</doc>
<status status="PASS" start="2024-05-01T20:17:19.189457" elapsed="0.000418"/>
</kw>
<kw name="Log" owner="BuiltIn">
<msg time="2024-05-01T20:17:19.190293" level="INFO">gender</msg>
<arg>${key}</arg>
<doc>Logs the given message with the given level.</doc>
<status status="PASS" start="2024-05-01T20:17:19.190168" elapsed="0.000161"/>
</kw>
<var name="${key}">gender</var>
<status status="PASS" start="2024-05-01T20:17:19.188598" elapsed="0.001941"/>
</iter>
<iter>
<kw name="Dictionary Should Contain Key" owner="Collections">
<msg time="2024-05-01T20:17:19.191224" level="INFO">False</msg>
<arg>${json_data['results'][0]}</arg>
<arg>${key}</arg>
<doc>Fails if ``key`` is not found from ``dictionary``.</doc>
<status status="PASS" start="2024-05-01T20:17:19.190840" elapsed="0.000419"/>
</kw>
<kw name="Log" owner="BuiltIn">
<msg time="2024-05-01T20:17:19.191973" level="INFO">{'gender': 'female', 'name': {'title': 'Mrs', 'first': 'Oona', 'last': 'Perko'}, 'location': {'street': {'number': 1339, 'name': 'Aleksanterinkatu'}, 'city': 'Koski', 'state': 'South Karelia', 'country': 'Finland', 'postcode': 93513, 'coordinates': {'latitude': '-29.2087', 'longitude': '164.5726'}, 'timezone': {'offset': '+9:00', 'description': 'Tokyo, Seoul, Osaka, Sapporo, Yakutsk'}}, 'email': 'oona.perko@example.com', 'login': {'uuid': 'bb8e205b-e83d-4cd0-a5de-d12239e5608a', 'username': 'whitesnake186', 'password': 'spam', 'salt': 'In2V2dAt', 'md5': '84f4af5e86c726f239d8e53a1a260707', 'sha1': '4b2f286a4ab81b98c9af1d23f1360952e722eb14', 'sha256': '7eafbc18f111eb09a517731e06f5781e8f8d336508b983eeb29d818f234f24de'}, 'dob': {'date': '1952-12-27T08:03:42.190Z', 'age': 71}, 'registered': {'date': '2004-11-19T03:30:28.367Z', 'age': 19}, 'phone': '06-934-056', 'cell': '042-076-93-93', 'id': {'name': 'HETU', 'value': 'NaNNA240undefined'}, 'picture': {'large': 'https://randomuser.me/api/portraits/women/18.jpg', 'medium': 'https://randomuser.me/api/portraits/med/women/18.jpg', 'thumbnail': 'https://randomuser.me/api/portraits/thumb/women/18.jpg'}, 'nat': 'FI'}</msg>
<arg>${json_data['results'][0]}</arg>
<doc>Logs the given message with the given level.</doc>
<status status="PASS" start="2024-05-01T20:17:19.191576" elapsed="0.000446"/>
</kw>
<kw name="Log" owner="BuiltIn">
<msg time="2024-05-01T20:17:19.192447" level="INFO">name</msg>
<arg>${key}</arg>
<doc>Logs the given message with the given level.</doc>
<status status="PASS" start="2024-05-01T20:17:19.192322" elapsed="0.000162"/>
</kw>
<var name="${key}">name</var>
<status status="PASS" start="2024-05-01T20:17:19.190724" elapsed="0.001972"/>
</iter>
<iter>
<kw name="Dictionary Should Contain Key" owner="Collections">
<msg time="2024-05-01T20:17:19.193361" level="INFO">False</msg>
<arg>${json_data['results'][0]}</arg>
<arg>${key}</arg>
<doc>Fails if ``key`` is not found from ``dictionary``.</doc>
<status status="PASS" start="2024-05-01T20:17:19.192981" elapsed="0.000416"/>
</kw>
<kw name="Log" owner="BuiltIn">
<msg time="2024-05-01T20:17:19.194060" level="INFO">{'gender': 'female', 'name': {'title': 'Mrs', 'first': 'Oona', 'last': 'Perko'}, 'location': {'street': {'number': 1339, 'name': 'Aleksanterinkatu'}, 'city': 'Koski', 'state': 'South Karelia', 'country': 'Finland', 'postcode': 93513, 'coordinates': {'latitude': '-29.2087', 'longitude': '164.5726'}, 'timezone': {'offset': '+9:00', 'description': 'Tokyo, Seoul, Osaka, Sapporo, Yakutsk'}}, 'email': 'oona.perko@example.com', 'login': {'uuid': 'bb8e205b-e83d-4cd0-a5de-d12239e5608a', 'username': 'whitesnake186', 'password': 'spam', 'salt': 'In2V2dAt', 'md5': '84f4af5e86c726f239d8e53a1a260707', 'sha1': '4b2f286a4ab81b98c9af1d23f1360952e722eb14', 'sha256': '7eafbc18f111eb09a517731e06f5781e8f8d336508b983eeb29d818f234f24de'}, 'dob': {'date': '1952-12-27T08:03:42.190Z', 'age': 71}, 'registered': {'date': '2004-11-19T03:30:28.367Z', 'age': 19}, 'phone': '06-934-056', 'cell': '042-076-93-93', 'id': {'name': 'HETU', 'value': 'NaNNA240undefined'}, 'picture': {'large': 'https://randomuser.me/api/portraits/women/18.jpg', 'medium': 'https://randomuser.me/api/portraits/med/women/18.jpg', 'thumbnail': 'https://randomuser.me/api/portraits/thumb/women/18.jpg'}, 'nat': 'FI'}</msg>
<arg>${json_data['results'][0]}</arg>
<doc>Logs the given message with the given level.</doc>
<status status="PASS" start="2024-05-01T20:17:19.193690" elapsed="0.000416"/>
</kw>
<kw name="Log" owner="BuiltIn">
<msg time="2024-05-01T20:17:19.194518" level="INFO">location</msg>
<arg>${key}</arg>
<doc>Logs the given message with the given level.</doc>
<status status="PASS" start="2024-05-01T20:17:19.194395" elapsed="0.000159"/>
</kw>
<var name="${key}">location</var>
<status status="PASS" start="2024-05-01T20:17:19.192871" elapsed="0.001895"/>
</iter>
<iter>
<kw name="Dictionary Should Contain Key" owner="Collections">
<msg time="2024-05-01T20:17:19.195421" level="INFO">False</msg>
<arg>${json_data['results'][0]}</arg>
<arg>${key}</arg>
<doc>Fails if ``key`` is not found from ``dictionary``.</doc>
<status status="PASS" start="2024-05-01T20:17:19.195045" elapsed="0.000413"/>
</kw>
<kw name="Log" owner="BuiltIn">
<msg time="2024-05-01T20:17:19.196145" level="INFO">{'gender': 'female', 'name': {'title': 'Mrs', 'first': 'Oona', 'last': 'Perko'}, 'location': {'street': {'number': 1339, 'name': 'Aleksanterinkatu'}, 'city': 'Koski', 'state': 'South Karelia', 'country': 'Finland', 'postcode': 93513, 'coordinates': {'latitude': '-29.2087', 'longitude': '164.5726'}, 'timezone': {'offset': '+9:00', 'description': 'Tokyo, Seoul, Osaka, Sapporo, Yakutsk'}}, 'email': 'oona.perko@example.com', 'login': {'uuid': 'bb8e205b-e83d-4cd0-a5de-d12239e5608a', 'username': 'whitesnake186', 'password': 'spam', 'salt': 'In2V2dAt', 'md5': '84f4af5e86c726f239d8e53a1a260707', 'sha1': '4b2f286a4ab81b98c9af1d23f1360952e722eb14', 'sha256': '7eafbc18f111eb09a517731e06f5781e8f8d336508b983eeb29d818f234f24de'}, 'dob': {'date': '1952-12-27T08:03:42.190Z', 'age': 71}, 'registered': {'date': '2004-11-19T03:30:28.367Z', 'age': 19}, 'phone': '06-934-056', 'cell': '042-076-93-93', 'id': {'name': 'HETU', 'value': 'NaNNA240undefined'}, 'picture': {'large': 'https://randomuser.me/api/portraits/women/18.jpg', 'medium': 'https://randomuser.me/api/portraits/med/women/18.jpg', 'thumbnail': 'https://randomuser.me/api/portraits/thumb/women/18.jpg'}, 'nat': 'FI'}</msg>
<arg>${json_data['results'][0]}</arg>
<doc>Logs the given message with the given level.</doc>
<status status="PASS" start="2024-05-01T20:17:19.195779" elapsed="0.000412"/>
</kw>
<kw name="Log" owner="BuiltIn">
<msg time="2024-05-01T20:17:19.196603" level="INFO">email</msg>
<arg>${key}</arg>
<doc>Logs the given message with the given level.</doc>
<status status="PASS" start="2024-05-01T20:17:19.196480" elapsed="0.000159"/>
</kw>
<var name="${key}">email</var>
<status status="PASS" start="2024-05-01T20:17:19.194935" elapsed="0.001921"/>
</iter>
<iter>
<kw name="Dictionary Should Contain Key" owner="Collections">
<msg time="2024-05-01T20:17:19.197516" level="INFO">False</msg>
<arg>${json_data['results'][0]}</arg>
<arg>${key}</arg>
<doc>Fails if ``key`` is not found from ``dictionary``.</doc>
<status status="PASS" start="2024-05-01T20:17:19.197133" elapsed="0.000420"/>
</kw>
<kw name="Log" owner="BuiltIn">
<msg time="2024-05-01T20:17:19.198202" level="INFO">{'gender': 'female', 'name': {'title': 'Mrs', 'first': 'Oona', 'last': 'Perko'}, 'location': {'street': {'number': 1339, 'name': 'Aleksanterinkatu'}, 'city': 'Koski', 'state': 'South Karelia', 'country': 'Finland', 'postcode': 93513, 'coordinates': {'latitude': '-29.2087', 'longitude': '164.5726'}, 'timezone': {'offset': '+9:00', 'description': 'Tokyo, Seoul, Osaka, Sapporo, Yakutsk'}}, 'email': 'oona.perko@example.com', 'login': {'uuid': 'bb8e205b-e83d-4cd0-a5de-d12239e5608a', 'username': 'whitesnake186', 'password': 'spam', 'salt': 'In2V2dAt', 'md5': '84f4af5e86c726f239d8e53a1a260707', 'sha1': '4b2f286a4ab81b98c9af1d23f1360952e722eb14', 'sha256': '7eafbc18f111eb09a517731e06f5781e8f8d336508b983eeb29d818f234f24de'}, 'dob': {'date': '1952-12-27T08:03:42.190Z', 'age': 71}, 'registered': {'date': '2004-11-19T03:30:28.367Z', 'age': 19}, 'phone': '06-934-056', 'cell': '042-076-93-93', 'id': {'name': 'HETU', 'value': 'NaNNA240undefined'}, 'picture': {'large': 'https://randomuser.me/api/portraits/women/18.jpg', 'medium': 'https://randomuser.me/api/portraits/med/women/18.jpg', 'thumbnail': 'https://randomuser.me/api/portraits/thumb/women/18.jpg'}, 'nat': 'FI'}</msg>
<arg>${json_data['results'][0]}</arg>
<doc>Logs the given message with the given level.</doc>
<status status="PASS" start="2024-05-01T20:17:19.197842" elapsed="0.000406"/>
</kw>
<kw name="Log" owner="BuiltIn">
<msg time="2024-05-01T20:17:19.198663" level="INFO">login</msg>
<arg>${key}</arg>
<doc>Logs the given message with the given level.</doc>
<status status="PASS" start="2024-05-01T20:17:19.198540" elapsed="0.000159"/>
</kw>
<var name="${key}">login</var>
<status status="PASS" start="2024-05-01T20:17:19.197024" elapsed="0.001910"/>
</iter>
<var>${key}</var>
<value>@{expected_keys}</value>
<status status="PASS" start="2024-05-01T20:17:19.188407" elapsed="0.010648"/>
</for>
<kw name="Create List" owner="BuiltIn">
<msg time="2024-05-01T20:17:19.199378" level="INFO">${expected_keysTwo} = ['username', 'password']</msg>
<var>${expected_keysTwo}</var>
<arg>username</arg>
<arg>password</arg>
<doc>Returns a list containing given items.</doc>
<status status="PASS" start="2024-05-01T20:17:19.199242" elapsed="0.000159"/>
</kw>
<for flavor="IN">
<iter>
<kw name="Dictionary Should Contain Key" owner="Collections">
<msg time="2024-05-01T20:17:19.200319" level="INFO">False</msg>
<arg>${json_data['results'][0]['login']}</arg>
<arg>${keyTwo}</arg>
<doc>Fails if ``key`` is not found from ``dictionary``.</doc>
<status status="PASS" start="2024-05-01T20:17:19.199931" elapsed="0.000424"/>
</kw>
<kw name="Dictionary Should Contain Key" owner="Collections">
<msg time="2024-05-01T20:17:19.201024" level="INFO">False</msg>
<arg>${json_data['results'][0]['login']}</arg>
<arg>${keyTwo}</arg>
<doc>Fails if ``key`` is not found from ``dictionary``.</doc>
<status status="PASS" start="2024-05-01T20:17:19.200647" elapsed="0.000413"/>
</kw>
<kw name="Log" owner="BuiltIn">
<msg time="2024-05-01T20:17:19.201465" level="INFO">username</msg>
<arg>${keyTwo}</arg>
<doc>Logs the given message with the given level.</doc>
<status status="PASS" start="2024-05-01T20:17:19.201343" elapsed="0.000165"/>
</kw>
<var name="${keyTwo}">username</var>
<status status="PASS" start="2024-05-01T20:17:19.199818" elapsed="0.001899"/>
</iter>
<iter>
<kw name="Dictionary Should Contain Key" owner="Collections">
<msg time="2024-05-01T20:17:19.202369" level="INFO">False</msg>
<arg>${json_data['results'][0]['login']}</arg>
<arg>${keyTwo}</arg>
<doc>Fails if ``key`` is not found from ``dictionary``.</doc>
<status status="PASS" start="2024-05-01T20:17:19.201991" elapsed="0.000413"/>
</kw>
<kw name="Dictionary Should Contain Key" owner="Collections">
<msg time="2024-05-01T20:17:19.203152" level="INFO">False</msg>
<arg>${json_data['results'][0]['login']}</arg>
<arg>${keyTwo}</arg>
<doc>Fails if ``key`` is not found from ``dictionary``.</doc>
<status status="PASS" start="2024-05-01T20:17:19.202691" elapsed="0.000499"/>
</kw>
<kw name="Log" owner="BuiltIn">
<msg time="2024-05-01T20:17:19.203610" level="INFO">password</msg>
<arg>${keyTwo}</arg>
<doc>Logs the given message with the given level.</doc>
<status status="PASS" start="2024-05-01T20:17:19.203485" elapsed="0.000161"/>
</kw>
<var name="${keyTwo}">password</var>
<status status="PASS" start="2024-05-01T20:17:19.201883" elapsed="0.002024"/>
</iter>
<var>${keyTwo}</var>
<value>@{expected_keysTwo}</value>
<status status="PASS" start="2024-05-01T20:17:19.199632" elapsed="0.004397"/>
</for>
<status status="PASS" start="2024-05-01T20:17:19.091519" elapsed="0.112651"/>
</kw>
<doc>Testa a estrutura da resposta da API.</doc>
<tag>testeEstruturaResposta</tag>
<status status="PASS" start="2024-05-01T20:17:19.090866" elapsed="0.113461"/>
</test>
<test id="s1-s1-t4" name="Validar tipos de dados" line="28">
<kw name="Teste de Tipos de Dados" owner="random-user-service">
<kw name="GET On Session" owner="RequestsLibrary">
<msg time="2024-05-01T20:17:19.286401" level="INFO">GET Request : url=https://randomuser.me/api 
 path_url=/api 
 headers={'User-Agent': 'python-requests/2.31.0', 'Accept-Encoding': 'gzip, deflate', 'Accept': '*/*', 'Connection': 'keep-alive'} 
 body=None 
 </msg>
<msg time="2024-05-01T20:17:19.286499" level="INFO">GET Response : url=https://randomuser.me/api 
 status=200, reason=OK 
 headers={'Date': 'Wed, 01 May 2024 20:17:19 GMT', 'Content-Type': 'application/json; charset=utf-8', 'Transfer-Encoding': 'chunked', 'Connection': 'keep-alive', 'X-Powered-By': 'Express', 'Access-Control-Allow-Origin': '*', 'Cache-Control': 'no-cache', 'ETag': 'W/"497-k7eiz2cwFEQd0v2+2xa4efJqHcA"', 'Vary': 'Accept-Encoding', 'Content-Encoding': 'gzip', 'CF-Cache-Status': 'DYNAMIC', 'Report-To': '{"endpoints":[{"url":"https:\\/\\/a.nel.cloudflare.com\\/report\\/v4?s=0k%2BUdLl0QrPmeZtyzCIhukqbVgrXc6aO6wPcYC8ySDCcmlOta0xsic2VgXfkupflKXQs2R%2FcOCcbwn%2BATYtnIusJiM73NiVU2YY5DqQv0BPO4jDAosTFFp33SG%2BLl%2FQn"}],"group":"cf-nel","max_age":604800}', 'NEL': '{"success_fraction":0,"report_to":"cf-nel","max_age":604800}', 'Server': 'cloudflare', 'CF-RAY': '87d2744f1c7b8287-IAD', 'alt-svc': 'h3=":443"; ma=86400'} 
 body={"results":[{"gender":"female","name":{"title":"Mrs","first":"Bertha","last":"Watts"},"location":{"street":{"number":5397,"name":"W Pecan St"},"city":"Coffs Harbour","state":"Queensland","country":"Australia","postcode":3392,"coordinates":{"latitude":"-83.1769","longitude":"113.4402"},"timezone":{"offset":"+8:00","description":"Beijing, Perth, Singapore, Hong Kong"}},"email":"bertha.watts@example.com","login":{"uuid":"1fad8e46-e44f-420e-97dd-0ca278d672c1","username":"smallbear780","password":"squall","salt":"ps9id5JC","md5":"5e9027f515810f59e8e45dadb69c06f6","sha1":"1b0d13dc58db8883fee1a1a7ff4d4d448850f6ca","sha256":"51b1d833da5eaab83e1a2475c6d1a59d98497e31df968cedfc6096639c921160"},"dob":{"date":"1982-06-25T01:45:06.577Z","age":41},"registered":{"date":"2005-09-24T10:05:17.548Z","age":18},"phone":"05-8341-7055","cell":"0425-646-711","id":{"name":"TFN","value":"270466205"},"picture":{"large":"https://randomuser.me/api/portraits/women/47.jpg","medium":"https://randomuser.me/api/portraits/med/women/47.jpg","thumbnail":"https://randomuser.me/api/portraits/thumb/women/47.jpg"},"nat":"AU"}],"info":{"seed":"cee37efd8a49f12a","results":1,"page":1,"version":"1.4"}} 
 </msg>
<msg time="2024-05-01T20:17:19.286578" level="INFO">/opt/hostedtoolcache/Python/3.12.3/x64/lib/python3.12/site-packages/urllib3/connectionpool.py:1103: InsecureRequestWarning: Unverified HTTPS request is being made to host 'randomuser.me'. Adding certificate verification is strongly advised. See: https://urllib3.readthedocs.io/en/latest/advanced-usage.html#tls-warnings
  warnings.warn(</msg>
<msg time="2024-05-01T20:17:19.286722" level="INFO">${response} = &lt;Response [200]&gt;</msg>
<var>${response}</var>
<arg>consultarAPI</arg>
<arg>/api</arg>
<doc>Sends a GET request on a previously created HTTP Session.</doc>
<status status="PASS" start="2024-05-01T20:17:19.206930" elapsed="0.079839"/>
</kw>
<kw name="Set Variable" owner="BuiltIn">
<msg time="2024-05-01T20:17:19.287971" level="INFO">${json_data} = {'results': [{'gender': 'female', 'name': {'title': 'Mrs', 'first': 'Bertha', 'last': 'Watts'}, 'location': {'street': {'number': 5397, 'name': 'W Pecan St'}, 'city': 'Coffs Harbour', 'state': 'Queens...</msg>
<var>${json_data}</var>
<arg>${response.json()}</arg>
<doc>Returns the given values which can then be assigned to a variables.</doc>
<status status="PASS" start="2024-05-01T20:17:19.287371" elapsed="0.000628"/>
</kw>
<kw name="Log" owner="BuiltIn">
<msg time="2024-05-01T20:17:19.288463" level="INFO">{'results': [{'gender': 'female', 'name': {'title': 'Mrs', 'first': 'Bertha', 'last': 'Watts'}, 'location': {'street': {'number': 5397, 'name': 'W Pecan St'}, 'city': 'Coffs Harbour', 'state': 'Queensland', 'country': 'Australia', 'postcode': 3392, 'coordinates': {'latitude': '-83.1769', 'longitude': '113.4402'}, 'timezone': {'offset': '+8:00', 'description': 'Beijing, Perth, Singapore, Hong Kong'}}, 'email': 'bertha.watts@example.com', 'login': {'uuid': '1fad8e46-e44f-420e-97dd-0ca278d672c1', 'username': 'smallbear780', 'password': 'squall', 'salt': 'ps9id5JC', 'md5': '5e9027f515810f59e8e45dadb69c06f6', 'sha1': '1b0d13dc58db8883fee1a1a7ff4d4d448850f6ca', 'sha256': '51b1d833da5eaab83e1a2475c6d1a59d98497e31df968cedfc6096639c921160'}, 'dob': {'date': '1982-06-25T01:45:06.577Z', 'age': 41}, 'registered': {'date': '2005-09-24T10:05:17.548Z', 'age': 18}, 'phone': '05-8341-7055', 'cell': '0425-646-711', 'id': {'name': 'TFN', 'value': '270466205'}, 'picture': {'large': 'https://randomuser.me/api/portraits/women/47.jpg', 'medium': 'https://randomuser.me/api/portraits/med/women/47.jpg', 'thumbnail': 'https://randomuser.me/api/portraits/thumb/women/47.jpg'}, 'nat': 'AU'}], 'info': {'seed': 'cee37efd8a49f12a', 'results': 1, 'page': 1, 'version': '1.4'}}</msg>
<arg>${json_data}</arg>
<doc>Logs the given message with the given level.</doc>
<status status="PASS" start="2024-05-01T20:17:19.288307" elapsed="0.000244"/>
</kw>
<kw name="Should Be String" owner="String">
<arg>${json_data['results'][0]['gender']}</arg>
<doc>Fails if the given ``item`` is not a string.</doc>
<status status="PASS" start="2024-05-01T20:17:19.288846" elapsed="0.000370"/>
</kw>
<kw name="Should Match Regexp" owner="BuiltIn">
<arg>${json_data['results'][0]['email']}</arg>
<arg>^[a-zA-Z0-9._%+-]+@[a-zA-Z0-9.-]+\.[a-zA-Z]{2,}$</arg>
<doc>Fails if ``string`` does not match ``pattern`` as a regular expression.</doc>
<status status="PASS" start="2024-05-01T20:17:19.289410" elapsed="0.000510"/>
</kw>
<kw name="Should Match Regexp" owner="BuiltIn">
<arg>${json_data['results'][0]['dob']['date']}</arg>
<arg>\\d{4}-\\d{2}-\\d{2}T\\d{2}:\\d{2}:\\d{2}\\.\\d{3}Z</arg>
<doc>Fails if ``string`` does not match ``pattern`` as a regular expression.</doc>
<status status="PASS" start="2024-05-01T20:17:19.290113" elapsed="0.000485"/>
</kw>
<kw name="Should Match Regexp" owner="BuiltIn">
<arg>${json_data['results'][0]['registered']['date']}</arg>
<arg>\\d{4}-\\d{2}-\\d{2}T\\d{2}:\\d{2}:\\d{2}\\.\\d{3}Z</arg>
<doc>Fails if ``string`` does not match ``pattern`` as a regular expression.</doc>
<status status="PASS" start="2024-05-01T20:17:19.290787" elapsed="0.000369"/>
</kw>
<kw name="Should Match Regexp" owner="BuiltIn">
<arg>${json_data['results'][0]['picture']['large']}</arg>
<arg>^https?://.*\.(?:png|jpe?g|gif|bmp)$</arg>
<doc>Fails if ``string`` does not match ``pattern`` as a regular expression.</doc>
<status status="PASS" start="2024-05-01T20:17:19.291341" elapsed="0.000491"/>
</kw>
<kw name="Should Match Regexp" owner="BuiltIn">
<arg>${json_data['results'][0]['picture']['medium']}</arg>
<arg>^https?://.*\.(?:png|jpe?g|gif|bmp)$</arg>
<doc>Fails if ``string`` does not match ``pattern`` as a regular expression.</doc>
<status status="PASS" start="2024-05-01T20:17:19.292023" elapsed="0.000366"/>
</kw>
<kw name="Should Match Regexp" owner="BuiltIn">
<arg>${json_data['results'][0]['picture']['thumbnail']}</arg>
<arg>^https?://.*\.(?:png|jpe?g|gif|bmp)$</arg>
<doc>Fails if ``string`` does not match ``pattern`` as a regular expression.</doc>
<status status="PASS" start="2024-05-01T20:17:19.292576" elapsed="0.000345"/>
</kw>
<kw name="Log" owner="BuiltIn">
<msg time="2024-05-01T20:17:19.293417" level="INFO">{'large': 'https://randomuser.me/api/portraits/women/47.jpg', 'medium': 'https://randomuser.me/api/portraits/med/women/47.jpg', 'thumbnail': 'https://randomuser.me/api/portraits/thumb/women/47.jpg'}</msg>
<arg>${json_data['results'][0]['picture']}</arg>
<doc>Logs the given message with the given level.</doc>
<status status="PASS" start="2024-05-01T20:17:19.293099" elapsed="0.000359"/>
</kw>
<status status="PASS" start="2024-05-01T20:17:19.206698" elapsed="0.087016"/>
</kw>
<kw name="Teste de Tipos de Dados - Postcode" owner="random-user-service">
<kw name="GET On Session" owner="RequestsLibrary">
<msg time="2024-05-01T20:17:19.392424" level="INFO">GET Request : url=https://randomuser.me/api 
 path_url=/api 
 headers={'User-Agent': 'python-requests/2.31.0', 'Accept-Encoding': 'gzip, deflate', 'Accept': '*/*', 'Connection': 'keep-alive'} 
 body=None 
 </msg>
<msg time="2024-05-01T20:17:19.392512" level="INFO">GET Response : url=https://randomuser.me/api 
 status=200, reason=OK 
 headers={'Date': 'Wed, 01 May 2024 20:17:19 GMT', 'Content-Type': 'application/json; charset=utf-8', 'Transfer-Encoding': 'chunked', 'Connection': 'keep-alive', 'X-Powered-By': 'Express', 'Access-Control-Allow-Origin': '*', 'Cache-Control': 'no-cache', 'ETag': 'W/"4a9-WJ+TyFVnRcI2FFNlC68Y+v3lFXM"', 'Vary': 'Accept-Encoding', 'Content-Encoding': 'gzip', 'CF-Cache-Status': 'DYNAMIC', 'Report-To': '{"endpoints":[{"url":"https:\\/\\/a.nel.cloudflare.com\\/report\\/v4?s=3bn9FDyQ8%2FX3%2FD%2BHG7E%2Bg7SnGwF2F7V9c1PA71hVXNWnpT0PN85KpitDIn1baZTHWH9iRXIaW1j7OOOA%2Bi%2BweK4KcHbAe4G9cZURwL68Pga%2FIjLjcbkscHIIpgYgsbUt"}],"group":"cf-nel","max_age":604800}', 'NEL': '{"success_fraction":0,"report_to":"cf-nel","max_age":604800}', 'Server': 'cloudflare', 'CF-RAY': '87d2744f9d118287-IAD', 'alt-svc': 'h3=":443"; ma=86400'} 
 body={"results":[{"gender":"male","name":{"title":"Mr","first":"Viljami","last":"Wuollet"},"location":{"street":{"number":2854,"name":"Verkatehtaankatu"},"city":"Liminka","state":"Central Finland","country":"Finland","postcode":57044,"coordinates":{"latitude":"-24.2983","longitude":"-136.9904"},"timezone":{"offset":"+8:00","description":"Beijing, Perth, Singapore, Hong Kong"}},"email":"viljami.wuollet@example.com","login":{"uuid":"ffd4e708-5e6d-4abe-8419-b7e5eedb9b34","username":"beautifulmeercat726","password":"dragonba","salt":"w4AYNR6a","md5":"1a4071330ad618d788316ca73947d786","sha1":"b6b0224c2e051180f3257a05ad0a8a47fa47395a","sha256":"1bfd8cd7546ddd2425e918114bd8f5efefe145c0f1076ca97e3667dc3264db5d"},"dob":{"date":"1969-10-11T23:12:15.005Z","age":54},"registered":{"date":"2020-09-05T10:38:10.985Z","age":3},"phone":"09-887-561","cell":"042-042-60-84","id":{"name":"HETU","value":"NaNNA903undefined"},"picture":{"large":"https://randomuser.me/api/portraits/men/34.jpg","medium":"https://randomuser.me/api/portraits/med/men/34.jpg","thumbnail":"https://randomuser.me/api/portraits/thumb/men/34.jpg"},"nat":"FI"}],"info":{"seed":"dc9dcd801c33b093","results":1,"page":1,"version":"1.4"}} 
 </msg>
<msg time="2024-05-01T20:17:19.392581" level="INFO">/opt/hostedtoolcache/Python/3.12.3/x64/lib/python3.12/site-packages/urllib3/connectionpool.py:1103: InsecureRequestWarning: Unverified HTTPS request is being made to host 'randomuser.me'. Adding certificate verification is strongly advised. See: https://urllib3.readthedocs.io/en/latest/advanced-usage.html#tls-warnings
  warnings.warn(</msg>
<msg time="2024-05-01T20:17:19.392697" level="INFO">${response} = &lt;Response [200]&gt;</msg>
<var>${response}</var>
<arg>consultarAPI</arg>
<arg>/api</arg>
<doc>Sends a GET request on a previously created HTTP Session.</doc>
<status status="PASS" start="2024-05-01T20:17:19.294179" elapsed="0.098556"/>
</kw>
<kw name="Set Variable" owner="BuiltIn">
<msg time="2024-05-01T20:17:19.393908" level="INFO">${json_data} = {'results': [{'gender': 'male', 'name': {'title': 'Mr', 'first': 'Viljami', 'last': 'Wuollet'}, 'location': {'street': {'number': 2854, 'name': 'Verkatehtaankatu'}, 'city': 'Liminka', 'state': 'Centra...</msg>
<var>${json_data}</var>
<arg>${response.json()}</arg>
<doc>Returns the given values which can then be assigned to a variables.</doc>
<status status="PASS" start="2024-05-01T20:17:19.393331" elapsed="0.000605"/>
</kw>
<kw name="Log" owner="BuiltIn">
<msg time="2024-05-01T20:17:19.394394" level="INFO">{'results': [{'gender': 'male', 'name': {'title': 'Mr', 'first': 'Viljami', 'last': 'Wuollet'}, 'location': {'street': {'number': 2854, 'name': 'Verkatehtaankatu'}, 'city': 'Liminka', 'state': 'Central Finland', 'country': 'Finland', 'postcode': 57044, 'coordinates': {'latitude': '-24.2983', 'longitude': '-136.9904'}, 'timezone': {'offset': '+8:00', 'description': 'Beijing, Perth, Singapore, Hong Kong'}}, 'email': 'viljami.wuollet@example.com', 'login': {'uuid': 'ffd4e708-5e6d-4abe-8419-b7e5eedb9b34', 'username': 'beautifulmeercat726', 'password': 'dragonba', 'salt': 'w4AYNR6a', 'md5': '1a4071330ad618d788316ca73947d786', 'sha1': 'b6b0224c2e051180f3257a05ad0a8a47fa47395a', 'sha256': '1bfd8cd7546ddd2425e918114bd8f5efefe145c0f1076ca97e3667dc3264db5d'}, 'dob': {'date': '1969-10-11T23:12:15.005Z', 'age': 54}, 'registered': {'date': '2020-09-05T10:38:10.985Z', 'age': 3}, 'phone': '09-887-561', 'cell': '042-042-60-84', 'id': {'name': 'HETU', 'value': 'NaNNA903undefined'}, 'picture': {'large': 'https://randomuser.me/api/portraits/men/34.jpg', 'medium': 'https://randomuser.me/api/portraits/med/men/34.jpg', 'thumbnail': 'https://randomuser.me/api/portraits/thumb/men/34.jpg'}, 'nat': 'FI'}], 'info': {'seed': 'dc9dcd801c33b093', 'results': 1, 'page': 1, 'version': '1.4'}}</msg>
<arg>${json_data}</arg>
<doc>Logs the given message with the given level.</doc>
<status status="PASS" start="2024-05-01T20:17:19.394240" elapsed="0.000234"/>
</kw>
<kw name="Should Be Equal As Numbers" owner="BuiltIn">
<arg>${json_data['results'][0]['location']['postcode']}</arg>
<arg>${json_data['results'][0]['location']['postcode']}</arg>
<doc>Fails if objects are unequal after converting them to real numbers.</doc>
<status status="PASS" start="2024-05-01T20:17:19.394777" elapsed="0.000799"/>
</kw>
<kw name="Log" owner="BuiltIn">
<msg time="2024-05-01T20:17:19.396159" level="INFO">57044</msg>
<arg>${json_data['results'][0]['location']['postcode']}</arg>
<doc>Logs the given message with the given level.</doc>
<status status="PASS" start="2024-05-01T20:17:19.395814" elapsed="0.000383"/>
</kw>
<status status="PASS" start="2024-05-01T20:17:19.293944" elapsed="0.102507"/>
</kw>
<doc>Testa se os tipos de dados na resposta da API estão corretos.</doc>
<tag>testeTiposDados</tag>
<status status="PASS" start="2024-05-01T20:17:19.206104" elapsed="0.190514"/>
</test>
<test id="s1-s1-t5" name="Validar conteudo" line="35">
<kw name="Teste de Tipos de Conteudo" owner="random-user-service">
<kw name="GET On Session" owner="RequestsLibrary">
<msg time="2024-05-01T20:17:19.484604" level="INFO">GET Request : url=https://randomuser.me/api 
 path_url=/api 
 headers={'User-Agent': 'python-requests/2.31.0', 'Accept-Encoding': 'gzip, deflate', 'Accept': '*/*', 'Connection': 'keep-alive'} 
 body=None 
 </msg>
<msg time="2024-05-01T20:17:19.484683" level="INFO">GET Response : url=https://randomuser.me/api 
 status=200, reason=OK 
 headers={'Date': 'Wed, 01 May 2024 20:17:19 GMT', 'Content-Type': 'application/json; charset=utf-8', 'Transfer-Encoding': 'chunked', 'Connection': 'keep-alive', 'X-Powered-By': 'Express', 'Access-Control-Allow-Origin': '*', 'Cache-Control': 'no-cache', 'ETag': 'W/"480-CjCzJ4j3CpupL0xjwZYhSUlq2Pc"', 'Vary': 'Accept-Encoding', 'Content-Encoding': 'gzip', 'CF-Cache-Status': 'DYNAMIC', 'Report-To': '{"endpoints":[{"url":"https:\\/\\/a.nel.cloudflare.com\\/report\\/v4?s=iYbcvHaGtcaFK%2FoeEmdWsigTD6508V%2BpPM8XwjHhjPfiBuLwA91eLKaMFq0ln6q5kMPoJvpaJMFjE6Vo2vkZll%2BElcH%2FuloCkQWA94Nco9wq7Oq8idilLOJcYM3tWn1P"}],"group":"cf-nel","max_age":604800}', 'NEL': '{"success_fraction":0,"report_to":"cf-nel","max_age":604800}', 'Server': 'cloudflare', 'CF-RAY': '87d274504df88287-IAD', 'alt-svc': 'h3=":443"; ma=86400'} 
 body={"results":[{"gender":"female","name":{"title":"Mrs","first":"Anica","last":"Tomović"},"location":{"street":{"number":7721,"name":"Laze Ristovskog "},"city":"Nova Crnja","state":"Zaječar","country":"Serbia","postcode":76318,"coordinates":{"latitude":"60.1484","longitude":"59.0064"},"timezone":{"offset":"-2:00","description":"Mid-Atlantic"}},"email":"anica.tomovic@example.com","login":{"uuid":"1d65c68f-b7f5-4e60-8a2c-feb95c1cbaef","username":"silverzebra937","password":"blue22","salt":"D8u3xaXN","md5":"51a11aa07df5af4287c2df26dfcec674","sha1":"085556e04512ab5c7fd2d84733cc45a9c03ac46e","sha256":"de4e508f27ee962f6194f7d0998912b92cfbd2b45acc4dc1b23ce22b146056dc"},"dob":{"date":"1986-07-13T10:46:30.589Z","age":37},"registered":{"date":"2014-08-20T02:09:28.126Z","age":9},"phone":"030-7768-950","cell":"069-6788-304","id":{"name":"SID","value":"692616338"},"picture":{"large":"https://randomuser.me/api/portraits/women/36.jpg","medium":"https://randomuser.me/api/portraits/med/women/36.jpg","thumbnail":"https://randomuser.me/api/portraits/thumb/women/36.jpg"},"nat":"RS"}],"info":{"seed":"c9be0f9466608592","results":1,"page":1,"version":"1.4"}} 
 </msg>
<msg time="2024-05-01T20:17:19.484755" level="INFO">/opt/hostedtoolcache/Python/3.12.3/x64/lib/python3.12/site-packages/urllib3/connectionpool.py:1103: InsecureRequestWarning: Unverified HTTPS request is being made to host 'randomuser.me'. Adding certificate verification is strongly advised. See: https://urllib3.readthedocs.io/en/latest/advanced-usage.html#tls-warnings
  warnings.warn(</msg>
<msg time="2024-05-01T20:17:19.484857" level="INFO">${response} = &lt;Response [200]&gt;</msg>
<var>${response}</var>
<arg>consultarAPI</arg>
<arg>/api</arg>
<doc>Sends a GET request on a previously created HTTP Session.</doc>
<status status="PASS" start="2024-05-01T20:17:19.399149" elapsed="0.085746"/>
</kw>
<kw name="Set Variable" owner="BuiltIn">
<msg time="2024-05-01T20:17:19.485806" level="INFO">${json_data} = {'results': [{'gender': 'female', 'name': {'title': 'Mrs', 'first': 'Anica', 'last': 'Tomović'}, 'location': {'street': {'number': 7721, 'name': 'Laze Ristovskog '}, 'city': 'Nova Crnja', 'state': 'Za...</msg>
<var>${json_data}</var>
<arg>${response.json()}</arg>
<doc>Returns the given values which can then be assigned to a variables.</doc>
<status status="PASS" start="2024-05-01T20:17:19.485351" elapsed="0.000485"/>
</kw>
<kw name="Set Variable" owner="BuiltIn">
<msg time="2024-05-01T20:17:19.486523" level="INFO">${name_title} = Mrs</msg>
<var>${name_title}</var>
<arg>${json_data["results"][0]["name"]["title"]}</arg>
<doc>Returns the given values which can then be assigned to a variables.</doc>
<status status="PASS" start="2024-05-01T20:17:19.486136" elapsed="0.000412"/>
</kw>
<kw name="Create List" owner="BuiltIn">
<msg time="2024-05-01T20:17:19.486991" level="INFO">${allowed_titles} = ['Mr', 'Ms', 'Miss', 'Mrs', 'Madame', 'Monsieur']</msg>
<var>${allowed_titles}</var>
<arg>Mr</arg>
<arg>Ms</arg>
<arg>Miss</arg>
<arg>Mrs</arg>
<arg>Madame</arg>
<arg>Monsieur</arg>
<doc>Returns a list containing given items.</doc>
<status status="PASS" start="2024-05-01T20:17:19.486844" elapsed="0.000170"/>
</kw>
<kw name="List Should Contain Value" owner="Collections">
<msg time="2024-05-01T20:17:19.487477" level="INFO">False</msg>
<arg>${allowed_titles}</arg>
<arg>${name_title}</arg>
<doc>Fails if the ``value`` is not found from ``list``.</doc>
<status status="PASS" start="2024-05-01T20:17:19.487308" elapsed="0.000204"/>
</kw>
<kw name="Set Variable" owner="BuiltIn">
<msg time="2024-05-01T20:17:19.488232" level="INFO">${name_country} = RS</msg>
<var>${name_country}</var>
<arg>${json_data["results"][0]["nat"]}</arg>
<doc>Returns the given values which can then be assigned to a variables.</doc>
<status status="PASS" start="2024-05-01T20:17:19.487850" elapsed="0.000407"/>
</kw>
<kw name="Create List" owner="BuiltIn">
<msg time="2024-05-01T20:17:19.489134" level="INFO">${list_country} = ['AD', 'AE', 'AF', 'AG', 'AI', 'AL', 'AM', 'AO', 'AQ', 'AR', 'AS', 'AT', 'AU', 'AW', 'AX', 'AZ', 'BA', 'BB', 'BD', 'BE', 'BF', 'BG', 'BH', 'BI', 'BJ', 'BL', 'BM', 'BN', 'BO', 'BQ', 'BR', 'BS', 'BT', '...</msg>
<var>${list_country}</var>
<arg>AD</arg>
<arg>AE</arg>
<arg>AF</arg>
<arg>AG</arg>
<arg>AI</arg>
<arg>AL</arg>
<arg>AM</arg>
<arg>AO</arg>
<arg>AQ</arg>
<arg>AR</arg>
<arg>AS</arg>
<arg>AT</arg>
<arg>AU</arg>
<arg>AW</arg>
<arg>AX</arg>
<arg>AZ</arg>
<arg>BA</arg>
<arg>BB</arg>
<arg>BD</arg>
<arg>BE</arg>
<arg>BF</arg>
<arg>BG</arg>
<arg>BH</arg>
<arg>BI</arg>
<arg>BJ</arg>
<arg>BL</arg>
<arg>BM</arg>
<arg>BN</arg>
<arg>BO</arg>
<arg>BQ</arg>
<arg>BR</arg>
<arg>BS</arg>
<arg>BT</arg>
<arg>BV</arg>
<arg>BW</arg>
<arg>BY</arg>
<arg>BZ</arg>
<arg>CA</arg>
<arg>CC</arg>
<arg>CD</arg>
<arg>CF</arg>
<arg>CG</arg>
<arg>CH</arg>
<arg>CI</arg>
<arg>CK</arg>
<arg>CL</arg>
<arg>CM</arg>
<arg>CN</arg>
<arg>CO</arg>
<arg>CR</arg>
<arg>CU</arg>
<arg>CV</arg>
<arg>CW</arg>
<arg>CX</arg>
<arg>CY</arg>
<arg>CZ</arg>
<arg>DE</arg>
<arg>DJ</arg>
<arg>DK</arg>
<arg>DM</arg>
<arg>DO</arg>
<arg>DZ</arg>
<arg>EC</arg>
<arg>EE</arg>
<arg>EG</arg>
<arg>EH</arg>
<arg>ER</arg>
<arg>ES</arg>
<arg>ET</arg>
<arg>FI</arg>
<arg>FJ</arg>
<arg>FK</arg>
<arg>FM</arg>
<arg>FO</arg>
<arg>FR</arg>
<arg>GA</arg>
<arg>GB</arg>
<arg>GD</arg>
<arg>GE</arg>
<arg>GF</arg>
<arg>GG</arg>
<arg>GH</arg>
<arg>GI</arg>
<arg>GL</arg>
<arg>GM</arg>
<arg>GN</arg>
<arg>GP</arg>
<arg>GQ</arg>
<arg>GR</arg>
<arg>GS</arg>
<arg>GT</arg>
<arg>GU</arg>
<arg>GW</arg>
<arg>GY</arg>
<arg>HK</arg>
<arg>HM</arg>
<arg>HN</arg>
<arg>HR</arg>
<arg>HT</arg>
<arg>HU</arg>
<arg>ID</arg>
<arg>IE</arg>
<arg>IL</arg>
<arg>IM</arg>
<arg>IN</arg>
<arg>IO</arg>
<arg>IQ</arg>
<arg>IR</arg>
<arg>IS</arg>
<arg>IT</arg>
<arg>JE</arg>
<arg>JM</arg>
<arg>JO</arg>
<arg>JP</arg>
<arg>KE</arg>
<arg>KG</arg>
<arg>KH</arg>
<arg>KI</arg>
<arg>KM</arg>
<arg>KN</arg>
<arg>KP</arg>
<arg>KR</arg>
<arg>KW</arg>
<arg>KY</arg>
<arg>KZ</arg>
<arg>LA</arg>
<arg>LB</arg>
<arg>LC</arg>
<arg>LI</arg>
<arg>LK</arg>
<arg>LR</arg>
<arg>LS</arg>
<arg>LT</arg>
<arg>LU</arg>
<arg>LV</arg>
<arg>LY</arg>
<arg>MA</arg>
<arg>MC</arg>
<arg>MD</arg>
<arg>ME</arg>
<arg>MF</arg>
<arg>MG</arg>
<arg>MH</arg>
<arg>MK</arg>
<arg>ML</arg>
<arg>MM</arg>
<arg>MN</arg>
<arg>MO</arg>
<arg>MP</arg>
<arg>MQ</arg>
<arg>MR</arg>
<arg>MS</arg>
<arg>MT</arg>
<arg>MU</arg>
<arg>MV</arg>
<arg>MW</arg>
<arg>MX</arg>
<arg>MY</arg>
<arg>MZ</arg>
<arg>NA</arg>
<arg>NC</arg>
<arg>NE</arg>
<arg>NF</arg>
<arg>NG</arg>
<arg>NI</arg>
<arg>NL</arg>
<arg>NO</arg>
<arg>NP</arg>
<arg>NR</arg>
<arg>NU</arg>
<arg>NZ</arg>
<arg>OM</arg>
<arg>PA</arg>
<arg>PE</arg>
<arg>PF</arg>
<arg>PG</arg>
<arg>PH</arg>
<arg>PK</arg>
<arg>PL</arg>
<arg>PM</arg>
<arg>PN</arg>
<arg>PR</arg>
<arg>PS</arg>
<arg>PT</arg>
<arg>PW</arg>
<arg>PY</arg>
<arg>QA</arg>
<arg>RE</arg>
<arg>RO</arg>
<arg>RS</arg>
<arg>RU</arg>
<arg>RW</arg>
<arg>SA</arg>
<arg>SB</arg>
<arg>SC</arg>
<arg>SD</arg>
<arg>SE</arg>
<arg>SG</arg>
<arg>SH</arg>
<arg>SI</arg>
<arg>SJ</arg>
<arg>SK</arg>
<arg>SL</arg>
<arg>SM</arg>
<arg>SN</arg>
<arg>SO</arg>
<arg>SR</arg>
<arg>SS</arg>
<arg>ST</arg>
<arg>SV</arg>
<arg>SX</arg>
<arg>SY</arg>
<arg>SZ</arg>
<arg>TC</arg>
<arg>TD</arg>
<arg>TF</arg>
<arg>TG</arg>
<arg>TH</arg>
<arg>TJ</arg>
<arg>TK</arg>
<arg>TL</arg>
<arg>TM</arg>
<arg>TN</arg>
<arg>TO</arg>
<arg>TR</arg>
<arg>TT</arg>
<arg>TV</arg>
<arg>TW</arg>
<arg>TZ</arg>
<arg>UA</arg>
<arg>UG</arg>
<arg>UM</arg>
<arg>US</arg>
<arg>UY</arg>
<arg>UZ</arg>
<arg>VA</arg>
<arg>VC</arg>
<arg>VE</arg>
<arg>VG</arg>
<arg>VI</arg>
<arg>VN</arg>
<arg>VU</arg>
<arg>WF</arg>
<arg>WS</arg>
<arg>XK</arg>
<arg>YE</arg>
<arg>YT</arg>
<arg>ZA</arg>
<arg>ZM</arg>
<arg>ZW</arg>
<doc>Returns a list containing given items.</doc>
<status status="PASS" start="2024-05-01T20:17:19.488552" elapsed="0.000607"/>
</kw>
<kw name="List Should Contain Value" owner="Collections">
<msg time="2024-05-01T20:17:19.490145" level="INFO">False</msg>
<arg>${list_country}</arg>
<arg>${name_country}</arg>
<doc>Fails if the ``value`` is not found from ``list``.</doc>
<status status="PASS" start="2024-05-01T20:17:19.489947" elapsed="0.000234"/>
</kw>
<kw name="Run Keyword If" owner="BuiltIn">
<kw name="Should Be True" owner="BuiltIn">
<arg>${True}</arg>
<doc>Fails if the given condition is not true.</doc>
<status status="PASS" start="2024-05-01T20:17:19.491239" elapsed="0.000143"/>
</kw>
<arg>${json_data["results"][0]["location"]["coordinates"]["latitude"]} &gt;= -90 and ${json_data["results"][0]["location"]["coordinates"]["latitude"]} &lt;= 90</arg>
<arg>Should Be True</arg>
<arg>${True}</arg>
<doc>Runs the given keyword with the given arguments, if ``condition`` is true.</doc>
<status status="PASS" start="2024-05-01T20:17:19.490488" elapsed="0.001019"/>
</kw>
<kw name="Run Keyword If" owner="BuiltIn">
<kw name="Should Be True" owner="BuiltIn">
<arg>${True}</arg>
<doc>Fails if the given condition is not true.</doc>
<status status="PASS" start="2024-05-01T20:17:19.492422" elapsed="0.000241"/>
</kw>
<arg>${json_data["results"][0]["location"]["coordinates"]["longitude"]} &gt;= -180 and ${json_data["results"][0]["location"]["coordinates"]["longitude"]} &lt;= 180</arg>
<arg>Should Be True</arg>
<arg>${True}</arg>
<doc>Runs the given keyword with the given arguments, if ``condition`` is true.</doc>
<status status="PASS" start="2024-05-01T20:17:19.491714" elapsed="0.001074"/>
</kw>
<status status="PASS" start="2024-05-01T20:17:19.398922" elapsed="0.093995"/>
</kw>
<doc>Testa o conteúdo específico dos campos retornados pela API.</doc>
<tag>testeConteudo</tag>
<status status="PASS" start="2024-05-01T20:17:19.398377" elapsed="0.094682"/>
</test>
<status status="PASS" start="2024-05-01T20:17:18.536429" elapsed="0.958520"/>
</suite>
<status status="PASS" start="2024-05-01T20:17:18.522881" elapsed="0.977182"/>
</suite>
<statistics>
<total>
<stat pass="5" fail="0" skip="0">All Tests</stat>
</total>
<tag>
<stat pass="1" fail="0" skip="0">testeConteudo</stat>
<stat pass="1" fail="0" skip="0">testeEstruturaResposta</stat>
<stat pass="1" fail="0" skip="0">testeRequisicaoBasica</stat>
<stat pass="1" fail="0" skip="0">testeTiposDados</stat>
</tag>
<suite>
<stat pass="5" fail="0" skip="0" id="s1" name="Tests">Tests</stat>
<stat pass="5" fail="0" skip="0" id="s1-s1" name="Random-User-Test">Tests.Random-User-Test</stat>
</suite>
</statistics>
<errors>
</errors>
</robot>
