<?xml version="1.0" encoding="UTF-8"?>
<robot generator="Robot 7.0 (Python 3.12.3 on linux)" generated="2024-05-02T16:17:17.882935" rpa="false" schemaversion="5">
<suite id="s1" name="Tests" source="/home/runner/work/DesafioQAItauRogerioJordao/DesafioQAItauRogerioJordao/RamdonUser/tests">
<suite id="s1-s1" name="Random-User-Test" source="/home/runner/work/DesafioQAItauRogerioJordao/DesafioQAItauRogerioJordao/RamdonUser/tests/random-user-test.robot">
<test id="s1-s1-t1" name="Conectar" line="13">
<kw name="Conectar API" owner="random-user-service">
<kw name="Create Session" owner="RequestsLibrary">
<msg time="2024-05-02T16:17:18.265361" level="INFO">Creating Session using : alias=consultarAPI, url=https://randomuser.me/, headers={},                     cookies={}, auth=None, timeout=None, proxies=None, verify=False,                     debug=0 </msg>
<arg>consultarAPI</arg>
<arg>${URL}</arg>
<doc>Create Session: create a HTTP session to a server</doc>
<status status="PASS" start="2024-05-02T16:17:18.265154" elapsed="0.000407"/>
</kw>
<status status="PASS" start="2024-05-02T16:17:18.264139" elapsed="0.001806"/>
</kw>
<status status="PASS" start="2024-05-02T16:17:18.263481" elapsed="0.002659"/>
</test>
<test id="s1-s1-t2" name="Validar retorno 200 e JSON Válido" line="16">
<kw name="Teste de Requisicao Basica" owner="random-user-service">
<kw name="GET On Session" owner="RequestsLibrary">
<msg time="2024-05-02T16:17:19.162406" level="INFO">GET Request : url=https://randomuser.me/api 
 path_url=/api 
 headers={'User-Agent': 'python-requests/2.31.0', 'Accept-Encoding': 'gzip, deflate', 'Accept': '*/*', 'Connection': 'keep-alive'} 
 body=None 
 </msg>
<msg time="2024-05-02T16:17:19.162563" level="INFO">GET Response : url=https://randomuser.me/api 
 status=200, reason=OK 
 headers={'Date': 'Thu, 02 May 2024 16:17:19 GMT', 'Content-Type': 'application/json; charset=utf-8', 'Transfer-Encoding': 'chunked', 'Connection': 'keep-alive', 'X-Powered-By': 'Express', 'Access-Control-Allow-Origin': '*', 'Cache-Control': 'no-cache', 'ETag': 'W/"47e-UYPcvmxzEchzDnn1cjkpQ5dFC3Y"', 'Vary': 'Accept-Encoding', 'Content-Encoding': 'gzip', 'CF-Cache-Status': 'DYNAMIC', 'Report-To': '{"endpoints":[{"url":"https:\\/\\/a.nel.cloudflare.com\\/report\\/v4?s=VJq2fpG5LNYR4WypbV1Jr%2FwWmTDBKDf53iNo8GFXCIh8uH9G2rVnwBlaDEzsWem6iLeEvw3uwxLpwX%2BNA1vU4jesfE9uGmtbUuiH2skZDvuxnYWV%2FBsrJ2uFVs8xlD7t"}],"group":"cf-nel","max_age":604800}', 'NEL': '{"success_fraction":0,"report_to":"cf-nel","max_age":604800}', 'Server': 'cloudflare', 'CF-RAY': '87d95219786f1146-ORD', 'alt-svc': 'h3=":443"; ma=86400'} 
 body={"results":[{"gender":"male","name":{"title":"Mr","first":"Sila","last":"Valenko"},"location":{"street":{"number":500,"name":"Andriya Abolmasova"},"city":"Dzhankoy","state":"Poltavska","country":"Ukraine","postcode":50508,"coordinates":{"latitude":"74.6717","longitude":"-112.1452"},"timezone":{"offset":"-1:00","description":"Azores, Cape Verde Islands"}},"email":"sila.valenko@example.com","login":{"uuid":"c160a4a7-2e39-4946-a177-97e0eae120a9","username":"heavyladybug621","password":"augusta","salt":"h5mKJqzz","md5":"b3e143c9ff7fb0c4f5fda9ca8691e488","sha1":"64bfbc4ef9636685027933061c87777df4c45620","sha256":"76643c2702b2463f0af1d5bd329af8b50459b9756cf5231bd3ef06d767c24dda"},"dob":{"date":"1971-06-30T18:11:13.992Z","age":52},"registered":{"date":"2020-08-06T12:09:54.026Z","age":3},"phone":"(099) Q90-1066","cell":"(099) A46-2365","id":{"name":"","value":null},"picture":{"large":"https://randomuser.me/api/portraits/men/4.jpg","medium":"https://randomuser.me/api/portraits/med/men/4.jpg","thumbnail":"https://randomuser.me/api/portraits/thumb/men/4.jpg"},"nat":"UA"}],"info":{"seed":"15fda0913991834b","results":1,"page":1,"version":"1.4"}} 
 </msg>
<msg time="2024-05-02T16:17:19.162650" level="INFO">/opt/hostedtoolcache/Python/3.12.3/x64/lib/python3.12/site-packages/urllib3/connectionpool.py:1103: InsecureRequestWarning: Unverified HTTPS request is being made to host 'randomuser.me'. Adding certificate verification is strongly advised. See: https://urllib3.readthedocs.io/en/latest/advanced-usage.html#tls-warnings
  warnings.warn(</msg>
<msg time="2024-05-02T16:17:19.162817" level="INFO">${response} = &lt;Response [200]&gt;</msg>
<var>${response}</var>
<arg>consultarAPI</arg>
<arg>/api</arg>
<doc>Sends a GET request on a previously created HTTP Session.</doc>
<status status="PASS" start="2024-05-02T16:17:18.268895" elapsed="0.893968"/>
</kw>
<kw name="Should Be Equal As Numbers" owner="BuiltIn">
<msg time="2024-05-02T16:17:19.163881" level="INFO">Argument types are:
&lt;class 'int'&gt;
&lt;class 'str'&gt;</msg>
<arg>${response.status_code}</arg>
<arg>200</arg>
<doc>Fails if objects are unequal after converting them to real numbers.</doc>
<status status="PASS" start="2024-05-02T16:17:19.163424" elapsed="0.000520"/>
</kw>
<kw name="Log" owner="BuiltIn">
<msg time="2024-05-02T16:17:19.164644" level="INFO">200</msg>
<arg>${response.status_code}</arg>
<doc>Logs the given message with the given level.</doc>
<status status="PASS" start="2024-05-02T16:17:19.164299" elapsed="0.000386"/>
</kw>
<kw name="Set Variable" owner="BuiltIn">
<msg time="2024-05-02T16:17:19.165425" level="INFO">${json_data} = {'results': [{'gender': 'male', 'name': {'title': 'Mr', 'first': 'Sila', 'last': 'Valenko'}, 'location': {'street': {'number': 500, 'name': 'Andriya Abolmasova'}, 'city': 'Dzhankoy', 'state': 'Poltavs...</msg>
<var>${json_data}</var>
<arg>${response.json()}</arg>
<doc>Returns the given values which can then be assigned to a variables.</doc>
<status status="PASS" start="2024-05-02T16:17:19.164988" elapsed="0.000464"/>
</kw>
<kw name="Dictionary Should Contain Key" owner="Collections">
<msg time="2024-05-02T16:17:19.165924" level="INFO">False</msg>
<arg>${json_data}</arg>
<arg>results</arg>
<doc>Fails if ``key`` is not found from ``dictionary``.</doc>
<status status="PASS" start="2024-05-02T16:17:19.165750" elapsed="0.000214"/>
</kw>
<status status="PASS" start="2024-05-02T16:17:18.268644" elapsed="0.897578"/>
</kw>
<doc>Testa se a API responde corretamente e retorna um objeto JSON válido.</doc>
<tag>testeRequisicaoBasica</tag>
<status status="PASS" start="2024-05-02T16:17:18.268106" elapsed="0.898306"/>
</test>
<test id="s1-s1-t3" name="Validar estrutura de resposta" line="22">
<kw name="Teste de Estrutura de Resposta" owner="random-user-service">
<kw name="GET On Session" owner="RequestsLibrary">
<msg time="2024-05-02T16:17:19.334087" level="INFO">GET Request : url=https://randomuser.me/api 
 path_url=/api 
 headers={'User-Agent': 'python-requests/2.31.0', 'Accept-Encoding': 'gzip, deflate', 'Accept': '*/*', 'Connection': 'keep-alive'} 
 body=None 
 </msg>
<msg time="2024-05-02T16:17:19.334210" level="INFO">GET Response : url=https://randomuser.me/api 
 status=200, reason=OK 
 headers={'Date': 'Thu, 02 May 2024 16:17:19 GMT', 'Content-Type': 'application/json; charset=utf-8', 'Transfer-Encoding': 'chunked', 'Connection': 'keep-alive', 'X-Powered-By': 'Express', 'Access-Control-Allow-Origin': '*', 'Cache-Control': 'no-cache', 'ETag': 'W/"47b-V1Lr6oPoFWetb1kV19HKc9PVzZc"', 'Vary': 'Accept-Encoding', 'Content-Encoding': 'gzip', 'CF-Cache-Status': 'DYNAMIC', 'Report-To': '{"endpoints":[{"url":"https:\\/\\/a.nel.cloudflare.com\\/report\\/v4?s=D3LyRMTdC1i4EIMryalWA8lMIJp9ewq3trjw%2B3IOw%2BvZVsPGeFtEeaJuwWRCHTXCpozFmxvD13VD%2BRctrfASfh41MGvUqFpXiUN3lBJjYjCydLW67w2nWIXSQL9LVI8f"}],"group":"cf-nel","max_age":604800}', 'NEL': '{"success_fraction":0,"report_to":"cf-nel","max_age":604800}', 'Server': 'cloudflare', 'CF-RAY': '87d9521ed8ae1146-ORD', 'alt-svc': 'h3=":443"; ma=86400'} 
 body={"results":[{"gender":"male","name":{"title":"Mr","first":"Zvezdan","last":"Sekulić"},"location":{"street":{"number":4441,"name":"Rusalkina"},"city":"Aleksinac","state":"Toplica","country":"Serbia","postcode":54125,"coordinates":{"latitude":"61.3468","longitude":"-6.0882"},"timezone":{"offset":"+6:00","description":"Almaty, Dhaka, Colombo"}},"email":"zvezdan.sekulic@example.com","login":{"uuid":"fac7b0e7-1326-4358-8644-c7ee6ce338b8","username":"crazyfrog800","password":"hammer1","salt":"holBntHd","md5":"4c7ee4f29bc3e5fe2e8c7543e4043e48","sha1":"3ac40b38aab92bcd0d0de67c4c7c3e39e9cb7df5","sha256":"d1fabfe20226e92a1058f8e70e4cddd7d1bc657810d8ef20f2742ff9ae101d44"},"dob":{"date":"1970-11-24T08:25:27.820Z","age":53},"registered":{"date":"2020-06-26T13:31:43.158Z","age":3},"phone":"028-8225-659","cell":"065-3370-496","id":{"name":"SID","value":"971340124"},"picture":{"large":"https://randomuser.me/api/portraits/men/90.jpg","medium":"https://randomuser.me/api/portraits/med/men/90.jpg","thumbnail":"https://randomuser.me/api/portraits/thumb/men/90.jpg"},"nat":"RS"}],"info":{"seed":"951b579510ca5ad1","results":1,"page":1,"version":"1.4"}} 
 </msg>
<msg time="2024-05-02T16:17:19.334372" level="INFO">/opt/hostedtoolcache/Python/3.12.3/x64/lib/python3.12/site-packages/urllib3/connectionpool.py:1103: InsecureRequestWarning: Unverified HTTPS request is being made to host 'randomuser.me'. Adding certificate verification is strongly advised. See: https://urllib3.readthedocs.io/en/latest/advanced-usage.html#tls-warnings
  warnings.warn(</msg>
<msg time="2024-05-02T16:17:19.334541" level="INFO">${response} = &lt;Response [200]&gt;</msg>
<var>${response}</var>
<arg>consultarAPI</arg>
<arg>/api</arg>
<doc>Sends a GET request on a previously created HTTP Session.</doc>
<status status="PASS" start="2024-05-02T16:17:19.169156" elapsed="0.165430"/>
</kw>
<kw name="Set Variable" owner="BuiltIn">
<msg time="2024-05-02T16:17:19.335698" level="INFO">${json_data} = {'results': [{'gender': 'male', 'name': {'title': 'Mr', 'first': 'Zvezdan', 'last': 'Sekulić'}, 'location': {'street': {'number': 4441, 'name': 'Rusalkina'}, 'city': 'Aleksinac', 'state': 'Toplica', '...</msg>
<var>${json_data}</var>
<arg>${response.json()}</arg>
<doc>Returns the given values which can then be assigned to a variables.</doc>
<status status="PASS" start="2024-05-02T16:17:19.335151" elapsed="0.000577"/>
</kw>
<kw name="Log" owner="BuiltIn">
<msg time="2024-05-02T16:17:19.336207" level="INFO">{'results': [{'gender': 'male', 'name': {'title': 'Mr', 'first': 'Zvezdan', 'last': 'Sekulić'}, 'location': {'street': {'number': 4441, 'name': 'Rusalkina'}, 'city': 'Aleksinac', 'state': 'Toplica', 'country': 'Serbia', 'postcode': 54125, 'coordinates': {'latitude': '61.3468', 'longitude': '-6.0882'}, 'timezone': {'offset': '+6:00', 'description': 'Almaty, Dhaka, Colombo'}}, 'email': 'zvezdan.sekulic@example.com', 'login': {'uuid': 'fac7b0e7-1326-4358-8644-c7ee6ce338b8', 'username': 'crazyfrog800', 'password': 'hammer1', 'salt': 'holBntHd', 'md5': '4c7ee4f29bc3e5fe2e8c7543e4043e48', 'sha1': '3ac40b38aab92bcd0d0de67c4c7c3e39e9cb7df5', 'sha256': 'd1fabfe20226e92a1058f8e70e4cddd7d1bc657810d8ef20f2742ff9ae101d44'}, 'dob': {'date': '1970-11-24T08:25:27.820Z', 'age': 53}, 'registered': {'date': '2020-06-26T13:31:43.158Z', 'age': 3}, 'phone': '028-8225-659', 'cell': '065-3370-496', 'id': {'name': 'SID', 'value': '971340124'}, 'picture': {'large': 'https://randomuser.me/api/portraits/men/90.jpg', 'medium': 'https://randomuser.me/api/portraits/med/men/90.jpg', 'thumbnail': 'https://randomuser.me/api/portraits/thumb/men/90.jpg'}, 'nat': 'RS'}], 'info': {'seed': '951b579510ca5ad1', 'results': 1, 'page': 1, 'version': '1.4'}}</msg>
<arg>${json_data}</arg>
<doc>Logs the given message with the given level.</doc>
<status status="PASS" start="2024-05-02T16:17:19.336043" elapsed="0.000213"/>
</kw>
<kw name="Dictionary Should Contain Key" owner="Collections">
<msg time="2024-05-02T16:17:19.336725" level="INFO">False</msg>
<arg>${json_data}</arg>
<arg>results</arg>
<doc>Fails if ``key`` is not found from ``dictionary``.</doc>
<status status="PASS" start="2024-05-02T16:17:19.336562" elapsed="0.000199"/>
</kw>
<kw name="Should Not Be Empty" owner="BuiltIn">
<msg time="2024-05-02T16:17:19.337178" level="INFO">Length is 2.</msg>
<arg>${json_data}</arg>
<doc>Verifies that the given item is not empty.</doc>
<status status="PASS" start="2024-05-02T16:17:19.337049" elapsed="0.000338"/>
</kw>
<kw name="Create List" owner="BuiltIn">
<msg time="2024-05-02T16:17:19.337845" level="INFO">${expected_keys} = ['gender', 'name', 'location', 'email', 'login']</msg>
<var>${expected_keys}</var>
<arg>gender</arg>
<arg>name</arg>
<arg>location</arg>
<arg>email</arg>
<arg>login</arg>
<doc>Returns a list containing given items.</doc>
<status status="PASS" start="2024-05-02T16:17:19.337690" elapsed="0.000179"/>
</kw>
<for flavor="IN">
<iter>
<kw name="Dictionary Should Contain Key" owner="Collections">
<msg time="2024-05-02T16:17:19.338874" level="INFO">False</msg>
<arg>${json_data['results'][0]}</arg>
<arg>${key}</arg>
<doc>Fails if ``key`` is not found from ``dictionary``.</doc>
<status status="PASS" start="2024-05-02T16:17:19.338455" elapsed="0.000456"/>
</kw>
<kw name="Log" owner="BuiltIn">
<msg time="2024-05-02T16:17:19.339602" level="INFO">{'gender': 'male', 'name': {'title': 'Mr', 'first': 'Zvezdan', 'last': 'Sekulić'}, 'location': {'street': {'number': 4441, 'name': 'Rusalkina'}, 'city': 'Aleksinac', 'state': 'Toplica', 'country': 'Serbia', 'postcode': 54125, 'coordinates': {'latitude': '61.3468', 'longitude': '-6.0882'}, 'timezone': {'offset': '+6:00', 'description': 'Almaty, Dhaka, Colombo'}}, 'email': 'zvezdan.sekulic@example.com', 'login': {'uuid': 'fac7b0e7-1326-4358-8644-c7ee6ce338b8', 'username': 'crazyfrog800', 'password': 'hammer1', 'salt': 'holBntHd', 'md5': '4c7ee4f29bc3e5fe2e8c7543e4043e48', 'sha1': '3ac40b38aab92bcd0d0de67c4c7c3e39e9cb7df5', 'sha256': 'd1fabfe20226e92a1058f8e70e4cddd7d1bc657810d8ef20f2742ff9ae101d44'}, 'dob': {'date': '1970-11-24T08:25:27.820Z', 'age': 53}, 'registered': {'date': '2020-06-26T13:31:43.158Z', 'age': 3}, 'phone': '028-8225-659', 'cell': '065-3370-496', 'id': {'name': 'SID', 'value': '971340124'}, 'picture': {'large': 'https://randomuser.me/api/portraits/men/90.jpg', 'medium': 'https://randomuser.me/api/portraits/med/men/90.jpg', 'thumbnail': 'https://randomuser.me/api/portraits/thumb/men/90.jpg'}, 'nat': 'RS'}</msg>
<arg>${json_data['results'][0]}</arg>
<doc>Logs the given message with the given level.</doc>
<status status="PASS" start="2024-05-02T16:17:19.339239" elapsed="0.000412"/>
</kw>
<kw name="Log" owner="BuiltIn">
<msg time="2024-05-02T16:17:19.340078" level="INFO">gender</msg>
<arg>${key}</arg>
<doc>Logs the given message with the given level.</doc>
<status status="PASS" start="2024-05-02T16:17:19.339952" elapsed="0.000162"/>
</kw>
<var name="${key}">gender</var>
<status status="PASS" start="2024-05-02T16:17:19.338329" elapsed="0.001999"/>
</iter>
<iter>
<kw name="Dictionary Should Contain Key" owner="Collections">
<msg time="2024-05-02T16:17:19.341014" level="INFO">False</msg>
<arg>${json_data['results'][0]}</arg>
<arg>${key}</arg>
<doc>Fails if ``key`` is not found from ``dictionary``.</doc>
<status status="PASS" start="2024-05-02T16:17:19.340627" elapsed="0.000423"/>
</kw>
<kw name="Log" owner="BuiltIn">
<msg time="2024-05-02T16:17:19.341739" level="INFO">{'gender': 'male', 'name': {'title': 'Mr', 'first': 'Zvezdan', 'last': 'Sekulić'}, 'location': {'street': {'number': 4441, 'name': 'Rusalkina'}, 'city': 'Aleksinac', 'state': 'Toplica', 'country': 'Serbia', 'postcode': 54125, 'coordinates': {'latitude': '61.3468', 'longitude': '-6.0882'}, 'timezone': {'offset': '+6:00', 'description': 'Almaty, Dhaka, Colombo'}}, 'email': 'zvezdan.sekulic@example.com', 'login': {'uuid': 'fac7b0e7-1326-4358-8644-c7ee6ce338b8', 'username': 'crazyfrog800', 'password': 'hammer1', 'salt': 'holBntHd', 'md5': '4c7ee4f29bc3e5fe2e8c7543e4043e48', 'sha1': '3ac40b38aab92bcd0d0de67c4c7c3e39e9cb7df5', 'sha256': 'd1fabfe20226e92a1058f8e70e4cddd7d1bc657810d8ef20f2742ff9ae101d44'}, 'dob': {'date': '1970-11-24T08:25:27.820Z', 'age': 53}, 'registered': {'date': '2020-06-26T13:31:43.158Z', 'age': 3}, 'phone': '028-8225-659', 'cell': '065-3370-496', 'id': {'name': 'SID', 'value': '971340124'}, 'picture': {'large': 'https://randomuser.me/api/portraits/men/90.jpg', 'medium': 'https://randomuser.me/api/portraits/med/men/90.jpg', 'thumbnail': 'https://randomuser.me/api/portraits/thumb/men/90.jpg'}, 'nat': 'RS'}</msg>
<arg>${json_data['results'][0]}</arg>
<doc>Logs the given message with the given level.</doc>
<status status="PASS" start="2024-05-02T16:17:19.341378" elapsed="0.000411"/>
</kw>
<kw name="Log" owner="BuiltIn">
<msg time="2024-05-02T16:17:19.342212" level="INFO">name</msg>
<arg>${key}</arg>
<doc>Logs the given message with the given level.</doc>
<status status="PASS" start="2024-05-02T16:17:19.342083" elapsed="0.000167"/>
</kw>
<var name="${key}">name</var>
<status status="PASS" start="2024-05-02T16:17:19.340513" elapsed="0.001954"/>
</iter>
<iter>
<kw name="Dictionary Should Contain Key" owner="Collections">
<msg time="2024-05-02T16:17:19.343177" level="INFO">False</msg>
<arg>${json_data['results'][0]}</arg>
<arg>${key}</arg>
<doc>Fails if ``key`` is not found from ``dictionary``.</doc>
<status status="PASS" start="2024-05-02T16:17:19.342757" elapsed="0.000467"/>
</kw>
<kw name="Log" owner="BuiltIn">
<msg time="2024-05-02T16:17:19.343883" level="INFO">{'gender': 'male', 'name': {'title': 'Mr', 'first': 'Zvezdan', 'last': 'Sekulić'}, 'location': {'street': {'number': 4441, 'name': 'Rusalkina'}, 'city': 'Aleksinac', 'state': 'Toplica', 'country': 'Serbia', 'postcode': 54125, 'coordinates': {'latitude': '61.3468', 'longitude': '-6.0882'}, 'timezone': {'offset': '+6:00', 'description': 'Almaty, Dhaka, Colombo'}}, 'email': 'zvezdan.sekulic@example.com', 'login': {'uuid': 'fac7b0e7-1326-4358-8644-c7ee6ce338b8', 'username': 'crazyfrog800', 'password': 'hammer1', 'salt': 'holBntHd', 'md5': '4c7ee4f29bc3e5fe2e8c7543e4043e48', 'sha1': '3ac40b38aab92bcd0d0de67c4c7c3e39e9cb7df5', 'sha256': 'd1fabfe20226e92a1058f8e70e4cddd7d1bc657810d8ef20f2742ff9ae101d44'}, 'dob': {'date': '1970-11-24T08:25:27.820Z', 'age': 53}, 'registered': {'date': '2020-06-26T13:31:43.158Z', 'age': 3}, 'phone': '028-8225-659', 'cell': '065-3370-496', 'id': {'name': 'SID', 'value': '971340124'}, 'picture': {'large': 'https://randomuser.me/api/portraits/men/90.jpg', 'medium': 'https://randomuser.me/api/portraits/med/men/90.jpg', 'thumbnail': 'https://randomuser.me/api/portraits/thumb/men/90.jpg'}, 'nat': 'RS'}</msg>
<arg>${json_data['results'][0]}</arg>
<doc>Logs the given message with the given level.</doc>
<status status="PASS" start="2024-05-02T16:17:19.343525" elapsed="0.000407"/>
</kw>
<kw name="Log" owner="BuiltIn">
<msg time="2024-05-02T16:17:19.344358" level="INFO">location</msg>
<arg>${key}</arg>
<doc>Logs the given message with the given level.</doc>
<status status="PASS" start="2024-05-02T16:17:19.344226" elapsed="0.000169"/>
</kw>
<var name="${key}">location</var>
<status status="PASS" start="2024-05-02T16:17:19.342645" elapsed="0.001970"/>
</iter>
<iter>
<kw name="Dictionary Should Contain Key" owner="Collections">
<msg time="2024-05-02T16:17:19.345279" level="INFO">False</msg>
<arg>${json_data['results'][0]}</arg>
<arg>${key}</arg>
<doc>Fails if ``key`` is not found from ``dictionary``.</doc>
<status status="PASS" start="2024-05-02T16:17:19.344899" elapsed="0.000415"/>
</kw>
<kw name="Log" owner="BuiltIn">
<msg time="2024-05-02T16:17:19.345968" level="INFO">{'gender': 'male', 'name': {'title': 'Mr', 'first': 'Zvezdan', 'last': 'Sekulić'}, 'location': {'street': {'number': 4441, 'name': 'Rusalkina'}, 'city': 'Aleksinac', 'state': 'Toplica', 'country': 'Serbia', 'postcode': 54125, 'coordinates': {'latitude': '61.3468', 'longitude': '-6.0882'}, 'timezone': {'offset': '+6:00', 'description': 'Almaty, Dhaka, Colombo'}}, 'email': 'zvezdan.sekulic@example.com', 'login': {'uuid': 'fac7b0e7-1326-4358-8644-c7ee6ce338b8', 'username': 'crazyfrog800', 'password': 'hammer1', 'salt': 'holBntHd', 'md5': '4c7ee4f29bc3e5fe2e8c7543e4043e48', 'sha1': '3ac40b38aab92bcd0d0de67c4c7c3e39e9cb7df5', 'sha256': 'd1fabfe20226e92a1058f8e70e4cddd7d1bc657810d8ef20f2742ff9ae101d44'}, 'dob': {'date': '1970-11-24T08:25:27.820Z', 'age': 53}, 'registered': {'date': '2020-06-26T13:31:43.158Z', 'age': 3}, 'phone': '028-8225-659', 'cell': '065-3370-496', 'id': {'name': 'SID', 'value': '971340124'}, 'picture': {'large': 'https://randomuser.me/api/portraits/men/90.jpg', 'medium': 'https://randomuser.me/api/portraits/med/men/90.jpg', 'thumbnail': 'https://randomuser.me/api/portraits/thumb/men/90.jpg'}, 'nat': 'RS'}</msg>
<arg>${json_data['results'][0]}</arg>
<doc>Logs the given message with the given level.</doc>
<status status="PASS" start="2024-05-02T16:17:19.345612" elapsed="0.000404"/>
</kw>
<kw name="Log" owner="BuiltIn">
<msg time="2024-05-02T16:17:19.346438" level="INFO">email</msg>
<arg>${key}</arg>
<doc>Logs the given message with the given level.</doc>
<status status="PASS" start="2024-05-02T16:17:19.346311" elapsed="0.000164"/>
</kw>
<var name="${key}">email</var>
<status status="PASS" start="2024-05-02T16:17:19.344788" elapsed="0.001906"/>
</iter>
<iter>
<kw name="Dictionary Should Contain Key" owner="Collections">
<msg time="2024-05-02T16:17:19.347383" level="INFO">False</msg>
<arg>${json_data['results'][0]}</arg>
<arg>${key}</arg>
<doc>Fails if ``key`` is not found from ``dictionary``.</doc>
<status status="PASS" start="2024-05-02T16:17:19.346974" elapsed="0.000446"/>
</kw>
<kw name="Log" owner="BuiltIn">
<msg time="2024-05-02T16:17:19.348077" level="INFO">{'gender': 'male', 'name': {'title': 'Mr', 'first': 'Zvezdan', 'last': 'Sekulić'}, 'location': {'street': {'number': 4441, 'name': 'Rusalkina'}, 'city': 'Aleksinac', 'state': 'Toplica', 'country': 'Serbia', 'postcode': 54125, 'coordinates': {'latitude': '61.3468', 'longitude': '-6.0882'}, 'timezone': {'offset': '+6:00', 'description': 'Almaty, Dhaka, Colombo'}}, 'email': 'zvezdan.sekulic@example.com', 'login': {'uuid': 'fac7b0e7-1326-4358-8644-c7ee6ce338b8', 'username': 'crazyfrog800', 'password': 'hammer1', 'salt': 'holBntHd', 'md5': '4c7ee4f29bc3e5fe2e8c7543e4043e48', 'sha1': '3ac40b38aab92bcd0d0de67c4c7c3e39e9cb7df5', 'sha256': 'd1fabfe20226e92a1058f8e70e4cddd7d1bc657810d8ef20f2742ff9ae101d44'}, 'dob': {'date': '1970-11-24T08:25:27.820Z', 'age': 53}, 'registered': {'date': '2020-06-26T13:31:43.158Z', 'age': 3}, 'phone': '028-8225-659', 'cell': '065-3370-496', 'id': {'name': 'SID', 'value': '971340124'}, 'picture': {'large': 'https://randomuser.me/api/portraits/men/90.jpg', 'medium': 'https://randomuser.me/api/portraits/med/men/90.jpg', 'thumbnail': 'https://randomuser.me/api/portraits/thumb/men/90.jpg'}, 'nat': 'RS'}</msg>
<arg>${json_data['results'][0]}</arg>
<doc>Logs the given message with the given level.</doc>
<status status="PASS" start="2024-05-02T16:17:19.347715" elapsed="0.000410"/>
</kw>
<kw name="Log" owner="BuiltIn">
<msg time="2024-05-02T16:17:19.348546" level="INFO">login</msg>
<arg>${key}</arg>
<doc>Logs the given message with the given level.</doc>
<status status="PASS" start="2024-05-02T16:17:19.348421" elapsed="0.000163"/>
</kw>
<var name="${key}">login</var>
<status status="PASS" start="2024-05-02T16:17:19.346863" elapsed="0.001939"/>
</iter>
<var>${key}</var>
<value>@{expected_keys}</value>
<status status="PASS" start="2024-05-02T16:17:19.338133" elapsed="0.010818"/>
</for>
<kw name="Create List" owner="BuiltIn">
<msg time="2024-05-02T16:17:19.349295" level="INFO">${expected_keysTwo} = ['username', 'password']</msg>
<var>${expected_keysTwo}</var>
<arg>username</arg>
<arg>password</arg>
<doc>Returns a list containing given items.</doc>
<status status="PASS" start="2024-05-02T16:17:19.349154" elapsed="0.000164"/>
</kw>
<for flavor="IN">
<iter>
<kw name="Dictionary Should Contain Key" owner="Collections">
<msg time="2024-05-02T16:17:19.350239" level="INFO">False</msg>
<arg>${json_data['results'][0]['login']}</arg>
<arg>${keyTwo}</arg>
<doc>Fails if ``key`` is not found from ``dictionary``.</doc>
<status status="PASS" start="2024-05-02T16:17:19.349828" elapsed="0.000450"/>
</kw>
<kw name="Dictionary Should Contain Key" owner="Collections">
<msg time="2024-05-02T16:17:19.350954" level="INFO">False</msg>
<arg>${json_data['results'][0]['login']}</arg>
<arg>${keyTwo}</arg>
<doc>Fails if ``key`` is not found from ``dictionary``.</doc>
<status status="PASS" start="2024-05-02T16:17:19.350573" elapsed="0.000418"/>
</kw>
<kw name="Log" owner="BuiltIn">
<msg time="2024-05-02T16:17:19.351462" level="INFO">username</msg>
<arg>${keyTwo}</arg>
<doc>Logs the given message with the given level.</doc>
<status status="PASS" start="2024-05-02T16:17:19.351334" elapsed="0.000169"/>
</kw>
<var name="${keyTwo}">username</var>
<status status="PASS" start="2024-05-02T16:17:19.349714" elapsed="0.002003"/>
</iter>
<iter>
<kw name="Dictionary Should Contain Key" owner="Collections">
<msg time="2024-05-02T16:17:19.352463" level="INFO">False</msg>
<arg>${json_data['results'][0]['login']}</arg>
<arg>${keyTwo}</arg>
<doc>Fails if ``key`` is not found from ``dictionary``.</doc>
<status status="PASS" start="2024-05-02T16:17:19.351997" elapsed="0.000505"/>
</kw>
<kw name="Dictionary Should Contain Key" owner="Collections">
<msg time="2024-05-02T16:17:19.353170" level="INFO">False</msg>
<arg>${json_data['results'][0]['login']}</arg>
<arg>${keyTwo}</arg>
<doc>Fails if ``key`` is not found from ``dictionary``.</doc>
<status status="PASS" start="2024-05-02T16:17:19.352796" elapsed="0.000410"/>
</kw>
<kw name="Log" owner="BuiltIn">
<msg time="2024-05-02T16:17:19.353623" level="INFO">password</msg>
<arg>${keyTwo}</arg>
<doc>Logs the given message with the given level.</doc>
<status status="PASS" start="2024-05-02T16:17:19.353497" elapsed="0.000163"/>
</kw>
<var name="${keyTwo}">password</var>
<status status="PASS" start="2024-05-02T16:17:19.351887" elapsed="0.001986"/>
</iter>
<var>${keyTwo}</var>
<value>@{expected_keysTwo}</value>
<status status="PASS" start="2024-05-02T16:17:19.349557" elapsed="0.004434"/>
</for>
<status status="PASS" start="2024-05-02T16:17:19.168918" elapsed="0.185213"/>
</kw>
<doc>Testa a estrutura da resposta da API.</doc>
<tag>testeEstruturaResposta</tag>
<status status="PASS" start="2024-05-02T16:17:19.168287" elapsed="0.186005"/>
</test>
<test id="s1-s1-t4" name="Validar tipos de dados" line="28">
<kw name="Teste de Tipos de Dados" owner="random-user-service">
<kw name="GET On Session" owner="RequestsLibrary">
<msg time="2024-05-02T16:17:19.452182" level="INFO">GET Request : url=https://randomuser.me/api 
 path_url=/api 
 headers={'User-Agent': 'python-requests/2.31.0', 'Accept-Encoding': 'gzip, deflate', 'Accept': '*/*', 'Connection': 'keep-alive'} 
 body=None 
 </msg>
<msg time="2024-05-02T16:17:19.452295" level="INFO">GET Response : url=https://randomuser.me/api 
 status=200, reason=OK 
 headers={'Date': 'Thu, 02 May 2024 16:17:19 GMT', 'Content-Type': 'application/json; charset=utf-8', 'Transfer-Encoding': 'chunked', 'Connection': 'keep-alive', 'X-Powered-By': 'Express', 'Access-Control-Allow-Origin': '*', 'Cache-Control': 'no-cache', 'ETag': 'W/"48b-+nn4F7eAiqx0XvQqc/CnJOfnWnc"', 'Vary': 'Accept-Encoding', 'Content-Encoding': 'gzip', 'CF-Cache-Status': 'DYNAMIC', 'Report-To': '{"endpoints":[{"url":"https:\\/\\/a.nel.cloudflare.com\\/report\\/v4?s=obosVk6TLRz1IeqHfvwKZ3qFusbXybF4pp%2FaOmI4PEQZHLIng6diETEP6Y%2BE0So4ggG7%2BuVZdiOr5%2FKERavILD2FM09f2y9bnyA5isOB%2BLS0IBpVrVF7Mp3oSv23OiQ2"}],"group":"cf-nel","max_age":604800}', 'NEL': '{"success_fraction":0,"report_to":"cf-nel","max_age":604800}', 'Server': 'cloudflare', 'CF-RAY': '87d952200a8d1146-ORD', 'alt-svc': 'h3=":443"; ma=86400'} 
 body={"results":[{"gender":"female","name":{"title":"Ms","first":"Marie","last":"Thomsen"},"location":{"street":{"number":1491,"name":"Skolegade"},"city":"Nimtofte","state":"Danmark","country":"Denmark","postcode":68521,"coordinates":{"latitude":"-42.0731","longitude":"53.2280"},"timezone":{"offset":"-6:00","description":"Central Time (US &amp; Canada), Mexico City"}},"email":"marie.thomsen@example.com","login":{"uuid":"aff32b80-a907-425a-9b36-cc2eaa9980c7","username":"happyrabbit775","password":"climax","salt":"KbChvNgR","md5":"5af560e91a0136cc2ab4a5c0998b72e8","sha1":"77858b3e53dfbf7114838b5cc8b6d1004783d0ee","sha256":"90d0354046601f211295b1e8a8387b4882cde937a9d082ec1b1471f9b3e63b9b"},"dob":{"date":"1954-10-28T09:23:36.963Z","age":69},"registered":{"date":"2020-12-21T09:42:55.002Z","age":3},"phone":"65650842","cell":"76315577","id":{"name":"CPR","value":"281054-5666"},"picture":{"large":"https://randomuser.me/api/portraits/women/61.jpg","medium":"https://randomuser.me/api/portraits/med/women/61.jpg","thumbnail":"https://randomuser.me/api/portraits/thumb/women/61.jpg"},"nat":"DK"}],"info":{"seed":"1b972f9448e974c3","results":1,"page":1,"version":"1.4"}} 
 </msg>
<msg time="2024-05-02T16:17:19.452381" level="INFO">/opt/hostedtoolcache/Python/3.12.3/x64/lib/python3.12/site-packages/urllib3/connectionpool.py:1103: InsecureRequestWarning: Unverified HTTPS request is being made to host 'randomuser.me'. Adding certificate verification is strongly advised. See: https://urllib3.readthedocs.io/en/latest/advanced-usage.html#tls-warnings
  warnings.warn(</msg>
<msg time="2024-05-02T16:17:19.452554" level="INFO">${response} = &lt;Response [200]&gt;</msg>
<var>${response}</var>
<arg>consultarAPI</arg>
<arg>/api</arg>
<doc>Sends a GET request on a previously created HTTP Session.</doc>
<status status="PASS" start="2024-05-02T16:17:19.356893" elapsed="0.095713"/>
</kw>
<kw name="Set Variable" owner="BuiltIn">
<msg time="2024-05-02T16:17:19.453759" level="INFO">${json_data} = {'results': [{'gender': 'female', 'name': {'title': 'Ms', 'first': 'Marie', 'last': 'Thomsen'}, 'location': {'street': {'number': 1491, 'name': 'Skolegade'}, 'city': 'Nimtofte', 'state': 'Danmark', 'c...</msg>
<var>${json_data}</var>
<arg>${response.json()}</arg>
<doc>Returns the given values which can then be assigned to a variables.</doc>
<status status="PASS" start="2024-05-02T16:17:19.453204" elapsed="0.000583"/>
</kw>
<kw name="Log" owner="BuiltIn">
<msg time="2024-05-02T16:17:19.454260" level="INFO">{'results': [{'gender': 'female', 'name': {'title': 'Ms', 'first': 'Marie', 'last': 'Thomsen'}, 'location': {'street': {'number': 1491, 'name': 'Skolegade'}, 'city': 'Nimtofte', 'state': 'Danmark', 'country': 'Denmark', 'postcode': 68521, 'coordinates': {'latitude': '-42.0731', 'longitude': '53.2280'}, 'timezone': {'offset': '-6:00', 'description': 'Central Time (US &amp; Canada), Mexico City'}}, 'email': 'marie.thomsen@example.com', 'login': {'uuid': 'aff32b80-a907-425a-9b36-cc2eaa9980c7', 'username': 'happyrabbit775', 'password': 'climax', 'salt': 'KbChvNgR', 'md5': '5af560e91a0136cc2ab4a5c0998b72e8', 'sha1': '77858b3e53dfbf7114838b5cc8b6d1004783d0ee', 'sha256': '90d0354046601f211295b1e8a8387b4882cde937a9d082ec1b1471f9b3e63b9b'}, 'dob': {'date': '1954-10-28T09:23:36.963Z', 'age': 69}, 'registered': {'date': '2020-12-21T09:42:55.002Z', 'age': 3}, 'phone': '65650842', 'cell': '76315577', 'id': {'name': 'CPR', 'value': '281054-5666'}, 'picture': {'large': 'https://randomuser.me/api/portraits/women/61.jpg', 'medium': 'https://randomuser.me/api/portraits/med/women/61.jpg', 'thumbnail': 'https://randomuser.me/api/portraits/thumb/women/61.jpg'}, 'nat': 'DK'}], 'info': {'seed': '1b972f9448e974c3', 'results': 1, 'page': 1, 'version': '1.4'}}</msg>
<arg>${json_data}</arg>
<doc>Logs the given message with the given level.</doc>
<status status="PASS" start="2024-05-02T16:17:19.454103" elapsed="0.000241"/>
</kw>
<kw name="Should Be String" owner="String">
<arg>${json_data['results'][0]['gender']}</arg>
<doc>Fails if the given ``item`` is not a string.</doc>
<status status="PASS" start="2024-05-02T16:17:19.454644" elapsed="0.000363"/>
</kw>
<kw name="Should Match Regexp" owner="BuiltIn">
<arg>${json_data['results'][0]['email']}</arg>
<arg>^[a-zA-Z0-9._%+-]+@[a-zA-Z0-9.-]+\.[a-zA-Z]{2,}$</arg>
<doc>Fails if ``string`` does not match ``pattern`` as a regular expression.</doc>
<status status="PASS" start="2024-05-02T16:17:19.455269" elapsed="0.000517"/>
</kw>
<kw name="Should Match Regexp" owner="BuiltIn">
<arg>${json_data['results'][0]['dob']['date']}</arg>
<arg>\\d{4}-\\d{2}-\\d{2}T\\d{2}:\\d{2}:\\d{2}\\.\\d{3}Z</arg>
<doc>Fails if ``string`` does not match ``pattern`` as a regular expression.</doc>
<status status="PASS" start="2024-05-02T16:17:19.455980" elapsed="0.000481"/>
</kw>
<kw name="Should Match Regexp" owner="BuiltIn">
<arg>${json_data['results'][0]['registered']['date']}</arg>
<arg>\\d{4}-\\d{2}-\\d{2}T\\d{2}:\\d{2}:\\d{2}\\.\\d{3}Z</arg>
<doc>Fails if ``string`` does not match ``pattern`` as a regular expression.</doc>
<status status="PASS" start="2024-05-02T16:17:19.456651" elapsed="0.000367"/>
</kw>
<kw name="Should Match Regexp" owner="BuiltIn">
<arg>${json_data['results'][0]['picture']['large']}</arg>
<arg>^https?://.*\.(?:png|jpe?g|gif|bmp)$</arg>
<doc>Fails if ``string`` does not match ``pattern`` as a regular expression.</doc>
<status status="PASS" start="2024-05-02T16:17:19.457207" elapsed="0.000459"/>
</kw>
<kw name="Should Match Regexp" owner="BuiltIn">
<arg>${json_data['results'][0]['picture']['medium']}</arg>
<arg>^https?://.*\.(?:png|jpe?g|gif|bmp)$</arg>
<doc>Fails if ``string`` does not match ``pattern`` as a regular expression.</doc>
<status status="PASS" start="2024-05-02T16:17:19.457851" elapsed="0.000354"/>
</kw>
<kw name="Should Match Regexp" owner="BuiltIn">
<arg>${json_data['results'][0]['picture']['thumbnail']}</arg>
<arg>^https?://.*\.(?:png|jpe?g|gif|bmp)$</arg>
<doc>Fails if ``string`` does not match ``pattern`` as a regular expression.</doc>
<status status="PASS" start="2024-05-02T16:17:19.458389" elapsed="0.000344"/>
</kw>
<kw name="Log" owner="BuiltIn">
<msg time="2024-05-02T16:17:19.459291" level="INFO">{'large': 'https://randomuser.me/api/portraits/women/61.jpg', 'medium': 'https://randomuser.me/api/portraits/med/women/61.jpg', 'thumbnail': 'https://randomuser.me/api/portraits/thumb/women/61.jpg'}</msg>
<arg>${json_data['results'][0]['picture']}</arg>
<doc>Logs the given message with the given level.</doc>
<status status="PASS" start="2024-05-02T16:17:19.458909" elapsed="0.000424"/>
</kw>
<status status="PASS" start="2024-05-02T16:17:19.356662" elapsed="0.102957"/>
</kw>
<kw name="Teste de Tipos de Dados - Postcode" owner="random-user-service">
<kw name="GET On Session" owner="RequestsLibrary">
<msg time="2024-05-02T16:17:19.543733" level="INFO">GET Request : url=https://randomuser.me/api 
 path_url=/api 
 headers={'User-Agent': 'python-requests/2.31.0', 'Accept-Encoding': 'gzip, deflate', 'Accept': '*/*', 'Connection': 'keep-alive'} 
 body=None 
 </msg>
<msg time="2024-05-02T16:17:19.543874" level="INFO">GET Response : url=https://randomuser.me/api 
 status=200, reason=OK 
 headers={'Date': 'Thu, 02 May 2024 16:17:19 GMT', 'Content-Type': 'application/json; charset=utf-8', 'Transfer-Encoding': 'chunked', 'Connection': 'keep-alive', 'X-Powered-By': 'Express', 'Access-Control-Allow-Origin': '*', 'Cache-Control': 'no-cache', 'ETag': 'W/"484-D6wCmHnKsassjw+CBdCTJWwoK+Q"', 'Vary': 'Accept-Encoding', 'Content-Encoding': 'gzip', 'CF-Cache-Status': 'DYNAMIC', 'Report-To': '{"endpoints":[{"url":"https:\\/\\/a.nel.cloudflare.com\\/report\\/v4?s=RxF1Z00alOGhk0X%2BXIeMPOWIe842%2BfksTOTDREzDCrbMLmFR1cA3S1M4ZtchHhYm0aFm7xuV5rkXdPbTxkraCbFLs8Aaa%2BoM4ExOlf3ANT7omJi2agU62jCqnGnQJmxA"}],"group":"cf-nel","max_age":604800}', 'NEL': '{"success_fraction":0,"report_to":"cf-nel","max_age":604800}', 'Server': 'cloudflare', 'CF-RAY': '87d95220abbf1146-ORD', 'alt-svc': 'h3=":443"; ma=86400'} 
 body={"results":[{"gender":"male","name":{"title":"Mr","first":"Larry","last":"Hughes"},"location":{"street":{"number":555,"name":"New Road"},"city":"Portmarnock","state":"Kilkenny","country":"Ireland","postcode":91360,"coordinates":{"latitude":"2.2622","longitude":"-41.5900"},"timezone":{"offset":"-3:00","description":"Brazil, Buenos Aires, Georgetown"}},"email":"larry.hughes@example.com","login":{"uuid":"97507c6e-5d95-48c2-91c4-f45f04106d3b","username":"silverelephant952","password":"apples","salt":"t1KwHYkv","md5":"564b7c3c402c567984534cc8f5dc5f4f","sha1":"9578dd7971157e765f6fb2534ba1ec651cd7574f","sha256":"ae72e701f4c2c12e97cf1c96e82588413f4ab2cd677579a1925c668d8fa80c90"},"dob":{"date":"1961-08-15T19:29:12.886Z","age":62},"registered":{"date":"2009-03-17T02:05:23.501Z","age":15},"phone":"011-200-4817","cell":"081-275-7468","id":{"name":"PPS","value":"6806813T"},"picture":{"large":"https://randomuser.me/api/portraits/men/97.jpg","medium":"https://randomuser.me/api/portraits/med/men/97.jpg","thumbnail":"https://randomuser.me/api/portraits/thumb/men/97.jpg"},"nat":"IE"}],"info":{"seed":"e39085632c11b17e","results":1,"page":1,"version":"1.4"}} 
 </msg>
<msg time="2024-05-02T16:17:19.543963" level="INFO">/opt/hostedtoolcache/Python/3.12.3/x64/lib/python3.12/site-packages/urllib3/connectionpool.py:1103: InsecureRequestWarning: Unverified HTTPS request is being made to host 'randomuser.me'. Adding certificate verification is strongly advised. See: https://urllib3.readthedocs.io/en/latest/advanced-usage.html#tls-warnings
  warnings.warn(</msg>
<msg time="2024-05-02T16:17:19.544119" level="INFO">${response} = &lt;Response [200]&gt;</msg>
<var>${response}</var>
<arg>consultarAPI</arg>
<arg>/api</arg>
<doc>Sends a GET request on a previously created HTTP Session.</doc>
<status status="PASS" start="2024-05-02T16:17:19.460120" elapsed="0.084047"/>
</kw>
<kw name="Set Variable" owner="BuiltIn">
<msg time="2024-05-02T16:17:19.545243" level="INFO">${json_data} = {'results': [{'gender': 'male', 'name': {'title': 'Mr', 'first': 'Larry', 'last': 'Hughes'}, 'location': {'street': {'number': 555, 'name': 'New Road'}, 'city': 'Portmarnock', 'state': 'Kilkenny', 'co...</msg>
<var>${json_data}</var>
<arg>${response.json()}</arg>
<doc>Returns the given values which can then be assigned to a variables.</doc>
<status status="PASS" start="2024-05-02T16:17:19.544699" elapsed="0.000572"/>
</kw>
<kw name="Log" owner="BuiltIn">
<msg time="2024-05-02T16:17:19.545811" level="INFO">{'results': [{'gender': 'male', 'name': {'title': 'Mr', 'first': 'Larry', 'last': 'Hughes'}, 'location': {'street': {'number': 555, 'name': 'New Road'}, 'city': 'Portmarnock', 'state': 'Kilkenny', 'country': 'Ireland', 'postcode': 91360, 'coordinates': {'latitude': '2.2622', 'longitude': '-41.5900'}, 'timezone': {'offset': '-3:00', 'description': 'Brazil, Buenos Aires, Georgetown'}}, 'email': 'larry.hughes@example.com', 'login': {'uuid': '97507c6e-5d95-48c2-91c4-f45f04106d3b', 'username': 'silverelephant952', 'password': 'apples', 'salt': 't1KwHYkv', 'md5': '564b7c3c402c567984534cc8f5dc5f4f', 'sha1': '9578dd7971157e765f6fb2534ba1ec651cd7574f', 'sha256': 'ae72e701f4c2c12e97cf1c96e82588413f4ab2cd677579a1925c668d8fa80c90'}, 'dob': {'date': '1961-08-15T19:29:12.886Z', 'age': 62}, 'registered': {'date': '2009-03-17T02:05:23.501Z', 'age': 15}, 'phone': '011-200-4817', 'cell': '081-275-7468', 'id': {'name': 'PPS', 'value': '6806813T'}, 'picture': {'large': 'https://randomuser.me/api/portraits/men/97.jpg', 'medium': 'https://randomuser.me/api/portraits/med/men/97.jpg', 'thumbnail': 'https://randomuser.me/api/portraits/thumb/men/97.jpg'}, 'nat': 'IE'}], 'info': {'seed': 'e39085632c11b17e', 'results': 1, 'page': 1, 'version': '1.4'}}</msg>
<arg>${json_data}</arg>
<doc>Logs the given message with the given level.</doc>
<status status="PASS" start="2024-05-02T16:17:19.545648" elapsed="0.000249"/>
</kw>
<kw name="Should Be Equal As Numbers" owner="BuiltIn">
<arg>${json_data['results'][0]['location']['postcode']}</arg>
<arg>${json_data['results'][0]['location']['postcode']}</arg>
<doc>Fails if objects are unequal after converting them to real numbers.</doc>
<status status="PASS" start="2024-05-02T16:17:19.546477" elapsed="0.000677"/>
</kw>
<kw name="Log" owner="BuiltIn">
<msg time="2024-05-02T16:17:19.547690" level="INFO">91360</msg>
<arg>${json_data['results'][0]['location']['postcode']}</arg>
<doc>Logs the given message with the given level.</doc>
<status status="PASS" start="2024-05-02T16:17:19.547349" elapsed="0.000380"/>
</kw>
<status status="PASS" start="2024-05-02T16:17:19.459849" elapsed="0.088143"/>
</kw>
<doc>Testa se os tipos de dados na resposta da API estão corretos.</doc>
<tag>testeTiposDados</tag>
<status status="PASS" start="2024-05-02T16:17:19.356083" elapsed="0.192080"/>
</test>
<test id="s1-s1-t5" name="Validar conteudo" line="35">
<kw name="Teste de Tipos de Conteudo" owner="random-user-service">
<kw name="GET On Session" owner="RequestsLibrary">
<msg time="2024-05-02T16:17:19.638969" level="INFO">GET Request : url=https://randomuser.me/api 
 path_url=/api 
 headers={'User-Agent': 'python-requests/2.31.0', 'Accept-Encoding': 'gzip, deflate', 'Accept': '*/*', 'Connection': 'keep-alive'} 
 body=None 
 </msg>
<msg time="2024-05-02T16:17:19.639118" level="INFO">GET Response : url=https://randomuser.me/api 
 status=200, reason=OK 
 headers={'Date': 'Thu, 02 May 2024 16:17:19 GMT', 'Content-Type': 'application/json; charset=utf-8', 'Transfer-Encoding': 'chunked', 'Connection': 'keep-alive', 'X-Powered-By': 'Express', 'Access-Control-Allow-Origin': '*', 'Cache-Control': 'no-cache', 'ETag': 'W/"46f-8V9IUAh633AIXbwdr5AFAHIZuFs"', 'Vary': 'Accept-Encoding', 'Content-Encoding': 'gzip', 'CF-Cache-Status': 'DYNAMIC', 'Report-To': '{"endpoints":[{"url":"https:\\/\\/a.nel.cloudflare.com\\/report\\/v4?s=r287QmvcxXYEtRp%2Fngn4za2gRqnplCA%2Brnu6zjLs5JfrIgB8zbUPe2eE10dEzenpqtzY%2FplqjoJspowqdntouDtkjNGws6YXIG02FFQdGP3ZOwPK27ZvCFOnnH7Loa1W"}],"group":"cf-nel","max_age":604800}', 'NEL': '{"success_fraction":0,"report_to":"cf-nel","max_age":604800}', 'Server': 'cloudflare', 'CF-RAY': '87d952213cad1146-ORD', 'alt-svc': 'h3=":443"; ma=86400'} 
 body={"results":[{"gender":"male","name":{"title":"Mr","first":"Ivica","last":"Šarović"},"location":{"street":{"number":5276,"name":"Bobska"},"city":"Rekovac","state":"Raška","country":"Serbia","postcode":24213,"coordinates":{"latitude":"62.8830","longitude":"-135.5373"},"timezone":{"offset":"-3:30","description":"Newfoundland"}},"email":"ivica.sarovic@example.com","login":{"uuid":"5a581bb2-6720-4d4f-888c-b657d88be6fc","username":"orangepeacock720","password":"limited","salt":"xDjdYq7W","md5":"70a17e0503fdceb7fc06148b3457f85f","sha1":"f6a2d9126d3bbcc799e65fed0283f16f11be5786","sha256":"d41ef0d88f34d30c4bee1289b058be37fb54a88d422bf3ffe430eae4ad35ed65"},"dob":{"date":"1969-05-30T12:25:22.459Z","age":54},"registered":{"date":"2008-08-02T08:09:51.298Z","age":15},"phone":"035-5783-989","cell":"064-0311-516","id":{"name":"SID","value":"591876587"},"picture":{"large":"https://randomuser.me/api/portraits/men/45.jpg","medium":"https://randomuser.me/api/portraits/med/men/45.jpg","thumbnail":"https://randomuser.me/api/portraits/thumb/men/45.jpg"},"nat":"RS"}],"info":{"seed":"85b3a6b8a18b69d8","results":1,"page":1,"version":"1.4"}} 
 </msg>
<msg time="2024-05-02T16:17:19.639200" level="INFO">/opt/hostedtoolcache/Python/3.12.3/x64/lib/python3.12/site-packages/urllib3/connectionpool.py:1103: InsecureRequestWarning: Unverified HTTPS request is being made to host 'randomuser.me'. Adding certificate verification is strongly advised. See: https://urllib3.readthedocs.io/en/latest/advanced-usage.html#tls-warnings
  warnings.warn(</msg>
<msg time="2024-05-02T16:17:19.639339" level="INFO">${response} = &lt;Response [200]&gt;</msg>
<var>${response}</var>
<arg>consultarAPI</arg>
<arg>/api</arg>
<doc>Sends a GET request on a previously created HTTP Session.</doc>
<status status="PASS" start="2024-05-02T16:17:19.550779" elapsed="0.088607"/>
</kw>
<kw name="Set Variable" owner="BuiltIn">
<msg time="2024-05-02T16:17:19.640485" level="INFO">${json_data} = {'results': [{'gender': 'male', 'name': {'title': 'Mr', 'first': 'Ivica', 'last': 'Šarović'}, 'location': {'street': {'number': 5276, 'name': 'Bobska'}, 'city': 'Rekovac', 'state': 'Raška', 'country':...</msg>
<var>${json_data}</var>
<arg>${response.json()}</arg>
<doc>Returns the given values which can then be assigned to a variables.</doc>
<status status="PASS" start="2024-05-02T16:17:19.639951" elapsed="0.000564"/>
</kw>
<kw name="Set Variable" owner="BuiltIn">
<msg time="2024-05-02T16:17:19.641220" level="INFO">${name_title} = Mr</msg>
<var>${name_title}</var>
<arg>${json_data["results"][0]["name"]["title"]}</arg>
<doc>Returns the given values which can then be assigned to a variables.</doc>
<status status="PASS" start="2024-05-02T16:17:19.640828" elapsed="0.000417"/>
</kw>
<kw name="Create List" owner="BuiltIn">
<msg time="2024-05-02T16:17:19.641691" level="INFO">${allowed_titles} = ['Mr', 'Ms', 'Miss', 'Mrs', 'Madame', 'Monsieur']</msg>
<var>${allowed_titles}</var>
<arg>Mr</arg>
<arg>Ms</arg>
<arg>Miss</arg>
<arg>Mrs</arg>
<arg>Madame</arg>
<arg>Monsieur</arg>
<doc>Returns a list containing given items.</doc>
<status status="PASS" start="2024-05-02T16:17:19.641543" elapsed="0.000172"/>
</kw>
<kw name="List Should Contain Value" owner="Collections">
<msg time="2024-05-02T16:17:19.642189" level="INFO">False</msg>
<arg>${allowed_titles}</arg>
<arg>${name_title}</arg>
<doc>Fails if the ``value`` is not found from ``list``.</doc>
<status status="PASS" start="2024-05-02T16:17:19.642015" elapsed="0.000209"/>
</kw>
<kw name="Set Variable" owner="BuiltIn">
<msg time="2024-05-02T16:17:19.642901" level="INFO">${name_country} = RS</msg>
<var>${name_country}</var>
<arg>${json_data["results"][0]["nat"]}</arg>
<doc>Returns the given values which can then be assigned to a variables.</doc>
<status status="PASS" start="2024-05-02T16:17:19.642521" elapsed="0.000405"/>
</kw>
<kw name="Create List" owner="BuiltIn">
<msg time="2024-05-02T16:17:19.643855" level="INFO">${list_country} = ['AD', 'AE', 'AF', 'AG', 'AI', 'AL', 'AM', 'AO', 'AQ', 'AR', 'AS', 'AT', 'AU', 'AW', 'AX', 'AZ', 'BA', 'BB', 'BD', 'BE', 'BF', 'BG', 'BH', 'BI', 'BJ', 'BL', 'BM', 'BN', 'BO', 'BQ', 'BR', 'BS', 'BT', '...</msg>
<var>${list_country}</var>
<arg>AD</arg>
<arg>AE</arg>
<arg>AF</arg>
<arg>AG</arg>
<arg>AI</arg>
<arg>AL</arg>
<arg>AM</arg>
<arg>AO</arg>
<arg>AQ</arg>
<arg>AR</arg>
<arg>AS</arg>
<arg>AT</arg>
<arg>AU</arg>
<arg>AW</arg>
<arg>AX</arg>
<arg>AZ</arg>
<arg>BA</arg>
<arg>BB</arg>
<arg>BD</arg>
<arg>BE</arg>
<arg>BF</arg>
<arg>BG</arg>
<arg>BH</arg>
<arg>BI</arg>
<arg>BJ</arg>
<arg>BL</arg>
<arg>BM</arg>
<arg>BN</arg>
<arg>BO</arg>
<arg>BQ</arg>
<arg>BR</arg>
<arg>BS</arg>
<arg>BT</arg>
<arg>BV</arg>
<arg>BW</arg>
<arg>BY</arg>
<arg>BZ</arg>
<arg>CA</arg>
<arg>CC</arg>
<arg>CD</arg>
<arg>CF</arg>
<arg>CG</arg>
<arg>CH</arg>
<arg>CI</arg>
<arg>CK</arg>
<arg>CL</arg>
<arg>CM</arg>
<arg>CN</arg>
<arg>CO</arg>
<arg>CR</arg>
<arg>CU</arg>
<arg>CV</arg>
<arg>CW</arg>
<arg>CX</arg>
<arg>CY</arg>
<arg>CZ</arg>
<arg>DE</arg>
<arg>DJ</arg>
<arg>DK</arg>
<arg>DM</arg>
<arg>DO</arg>
<arg>DZ</arg>
<arg>EC</arg>
<arg>EE</arg>
<arg>EG</arg>
<arg>EH</arg>
<arg>ER</arg>
<arg>ES</arg>
<arg>ET</arg>
<arg>FI</arg>
<arg>FJ</arg>
<arg>FK</arg>
<arg>FM</arg>
<arg>FO</arg>
<arg>FR</arg>
<arg>GA</arg>
<arg>GB</arg>
<arg>GD</arg>
<arg>GE</arg>
<arg>GF</arg>
<arg>GG</arg>
<arg>GH</arg>
<arg>GI</arg>
<arg>GL</arg>
<arg>GM</arg>
<arg>GN</arg>
<arg>GP</arg>
<arg>GQ</arg>
<arg>GR</arg>
<arg>GS</arg>
<arg>GT</arg>
<arg>GU</arg>
<arg>GW</arg>
<arg>GY</arg>
<arg>HK</arg>
<arg>HM</arg>
<arg>HN</arg>
<arg>HR</arg>
<arg>HT</arg>
<arg>HU</arg>
<arg>ID</arg>
<arg>IE</arg>
<arg>IL</arg>
<arg>IM</arg>
<arg>IN</arg>
<arg>IO</arg>
<arg>IQ</arg>
<arg>IR</arg>
<arg>IS</arg>
<arg>IT</arg>
<arg>JE</arg>
<arg>JM</arg>
<arg>JO</arg>
<arg>JP</arg>
<arg>KE</arg>
<arg>KG</arg>
<arg>KH</arg>
<arg>KI</arg>
<arg>KM</arg>
<arg>KN</arg>
<arg>KP</arg>
<arg>KR</arg>
<arg>KW</arg>
<arg>KY</arg>
<arg>KZ</arg>
<arg>LA</arg>
<arg>LB</arg>
<arg>LC</arg>
<arg>LI</arg>
<arg>LK</arg>
<arg>LR</arg>
<arg>LS</arg>
<arg>LT</arg>
<arg>LU</arg>
<arg>LV</arg>
<arg>LY</arg>
<arg>MA</arg>
<arg>MC</arg>
<arg>MD</arg>
<arg>ME</arg>
<arg>MF</arg>
<arg>MG</arg>
<arg>MH</arg>
<arg>MK</arg>
<arg>ML</arg>
<arg>MM</arg>
<arg>MN</arg>
<arg>MO</arg>
<arg>MP</arg>
<arg>MQ</arg>
<arg>MR</arg>
<arg>MS</arg>
<arg>MT</arg>
<arg>MU</arg>
<arg>MV</arg>
<arg>MW</arg>
<arg>MX</arg>
<arg>MY</arg>
<arg>MZ</arg>
<arg>NA</arg>
<arg>NC</arg>
<arg>NE</arg>
<arg>NF</arg>
<arg>NG</arg>
<arg>NI</arg>
<arg>NL</arg>
<arg>NO</arg>
<arg>NP</arg>
<arg>NR</arg>
<arg>NU</arg>
<arg>NZ</arg>
<arg>OM</arg>
<arg>PA</arg>
<arg>PE</arg>
<arg>PF</arg>
<arg>PG</arg>
<arg>PH</arg>
<arg>PK</arg>
<arg>PL</arg>
<arg>PM</arg>
<arg>PN</arg>
<arg>PR</arg>
<arg>PS</arg>
<arg>PT</arg>
<arg>PW</arg>
<arg>PY</arg>
<arg>QA</arg>
<arg>RE</arg>
<arg>RO</arg>
<arg>RS</arg>
<arg>RU</arg>
<arg>RW</arg>
<arg>SA</arg>
<arg>SB</arg>
<arg>SC</arg>
<arg>SD</arg>
<arg>SE</arg>
<arg>SG</arg>
<arg>SH</arg>
<arg>SI</arg>
<arg>SJ</arg>
<arg>SK</arg>
<arg>SL</arg>
<arg>SM</arg>
<arg>SN</arg>
<arg>SO</arg>
<arg>SR</arg>
<arg>SS</arg>
<arg>ST</arg>
<arg>SV</arg>
<arg>SX</arg>
<arg>SY</arg>
<arg>SZ</arg>
<arg>TC</arg>
<arg>TD</arg>
<arg>TF</arg>
<arg>TG</arg>
<arg>TH</arg>
<arg>TJ</arg>
<arg>TK</arg>
<arg>TL</arg>
<arg>TM</arg>
<arg>TN</arg>
<arg>TO</arg>
<arg>TR</arg>
<arg>TT</arg>
<arg>TV</arg>
<arg>TW</arg>
<arg>TZ</arg>
<arg>UA</arg>
<arg>UG</arg>
<arg>UM</arg>
<arg>US</arg>
<arg>UY</arg>
<arg>UZ</arg>
<arg>VA</arg>
<arg>VC</arg>
<arg>VE</arg>
<arg>VG</arg>
<arg>VI</arg>
<arg>VN</arg>
<arg>VU</arg>
<arg>WF</arg>
<arg>WS</arg>
<arg>XK</arg>
<arg>YE</arg>
<arg>YT</arg>
<arg>ZA</arg>
<arg>ZM</arg>
<arg>ZW</arg>
<doc>Returns a list containing given items.</doc>
<status status="PASS" start="2024-05-02T16:17:19.643269" elapsed="0.000613"/>
</kw>
<kw name="List Should Contain Value" owner="Collections">
<msg time="2024-05-02T16:17:19.644913" level="INFO">False</msg>
<arg>${list_country}</arg>
<arg>${name_country}</arg>
<doc>Fails if the ``value`` is not found from ``list``.</doc>
<status status="PASS" start="2024-05-02T16:17:19.644700" elapsed="0.000250"/>
</kw>
<kw name="Run Keyword If" owner="BuiltIn">
<kw name="Should Be True" owner="BuiltIn">
<arg>${True}</arg>
<doc>Fails if the given condition is not true.</doc>
<status status="PASS" start="2024-05-02T16:17:19.646028" elapsed="0.000275"/>
</kw>
<arg>${json_data["results"][0]["location"]["coordinates"]["latitude"]} &gt;= -90 and ${json_data["results"][0]["location"]["coordinates"]["latitude"]} &lt;= 90</arg>
<arg>Should Be True</arg>
<arg>${True}</arg>
<doc>Runs the given keyword with the given arguments, if ``condition`` is true.</doc>
<status status="PASS" start="2024-05-02T16:17:19.645261" elapsed="0.001182"/>
</kw>
<kw name="Run Keyword If" owner="BuiltIn">
<kw name="Should Be True" owner="BuiltIn">
<arg>${True}</arg>
<doc>Fails if the given condition is not true.</doc>
<status status="PASS" start="2024-05-02T16:17:19.647366" elapsed="0.000139"/>
</kw>
<arg>${json_data["results"][0]["location"]["coordinates"]["longitude"]} &gt;= -180 and ${json_data["results"][0]["location"]["coordinates"]["longitude"]} &lt;= 180</arg>
<arg>Should Be True</arg>
<arg>${True}</arg>
<doc>Runs the given keyword with the given arguments, if ``condition`` is true.</doc>
<status status="PASS" start="2024-05-02T16:17:19.646631" elapsed="0.000997"/>
</kw>
<status status="PASS" start="2024-05-02T16:17:19.550532" elapsed="0.097228"/>
</kw>
<doc>Testa o conteúdo específico dos campos retornados pela API.</doc>
<tag>testeConteudo</tag>
<status status="PASS" start="2024-05-02T16:17:19.549932" elapsed="0.097983"/>
</test>
<status status="PASS" start="2024-05-02T16:17:17.944067" elapsed="1.705781"/>
</suite>
<status status="PASS" start="2024-05-02T16:17:17.929944" elapsed="1.725146"/>
</suite>
<statistics>
<total>
<stat pass="5" fail="0" skip="0">All Tests</stat>
</total>
<tag>
<stat pass="1" fail="0" skip="0">testeConteudo</stat>
<stat pass="1" fail="0" skip="0">testeEstruturaResposta</stat>
<stat pass="1" fail="0" skip="0">testeRequisicaoBasica</stat>
<stat pass="1" fail="0" skip="0">testeTiposDados</stat>
</tag>
<suite>
<stat pass="5" fail="0" skip="0" id="s1" name="Tests">Tests</stat>
<stat pass="5" fail="0" skip="0" id="s1-s1" name="Random-User-Test">Tests.Random-User-Test</stat>
</suite>
</statistics>
<errors>
</errors>
</robot>
