<?xml version="1.0" encoding="UTF-8"?>
<robot generator="Robot 7.0 (Python 3.12.3 on linux)" generated="2024-05-27T07:15:29.685915" rpa="false" schemaversion="5">
<suite id="s1" name="Tests" source="/home/runner/work/ApiRandomUser/ApiRandomUser/RamdonUser/tests">
<suite id="s1-s1" name="Random-User-Test" source="/home/runner/work/ApiRandomUser/ApiRandomUser/RamdonUser/tests/random-user-test.robot">
<test id="s1-s1-t1" name="Conectar" line="13">
<kw name="Conectar API" owner="random-user-service">
<kw name="Create Session" owner="RequestsLibrary">
<msg time="2024-05-27T07:15:30.171038" level="INFO">Creating Session using : alias=consultarAPI, url=https://randomuser.me/, headers={},                     cookies={}, auth=None, timeout=None, proxies=None, verify=False,                     debug=0 </msg>
<arg>consultarAPI</arg>
<arg>${URL}</arg>
<doc>Create Session: create a HTTP session to a server</doc>
<status status="PASS" start="2024-05-27T07:15:30.170758" elapsed="0.000544"/>
</kw>
<status status="PASS" start="2024-05-27T07:15:30.169518" elapsed="0.002296"/>
</kw>
<status status="PASS" start="2024-05-27T07:15:30.168889" elapsed="0.003239"/>
</test>
<test id="s1-s1-t2" name="Validar retorno 200 e JSON Válido" line="16">
<kw name="Teste de Requisicao Basica" owner="random-user-service">
<kw name="GET On Session" owner="RequestsLibrary">
<msg time="2024-05-27T07:15:30.226459" level="INFO">GET Request : url=https://randomuser.me/api 
 path_url=/api 
 headers={'User-Agent': 'python-requests/2.32.2', 'Accept-Encoding': 'gzip, deflate', 'Accept': '*/*', 'Connection': 'keep-alive'} 
 body=None 
 </msg>
<msg time="2024-05-27T07:15:30.226678" level="INFO">GET Response : url=https://randomuser.me/api 
 status=200, reason=OK 
 headers={'Date': 'Mon, 27 May 2024 07:15:30 GMT', 'Content-Type': 'application/json; charset=utf-8', 'Transfer-Encoding': 'chunked', 'Connection': 'keep-alive', 'X-Powered-By': 'Express', 'Access-Control-Allow-Origin': '*', 'Cache-Control': 'no-cache', 'ETag': 'W/"478-dBeDmFmEpoIxMqpYn2EPWQ0J0bU"', 'Vary': 'Accept-Encoding', 'Content-Encoding': 'gzip', 'CF-Cache-Status': 'DYNAMIC', 'Report-To': '{"endpoints":[{"url":"https:\\/\\/a.nel.cloudflare.com\\/report\\/v4?s=EqAbw7qcLpRXWMV52dWFNUyPPkR3XbKp9RMuQ6XeYfrYKLSSLzp32yohntEk4pYnttROCODxCstVuZ8s%2FcwGfmGA8giZdAjBknMDrYAc8%2FJ4spIUFirTQIlwOhNfQPeO"}],"group":"cf-nel","max_age":604800}', 'NEL': '{"success_fraction":0,"report_to":"cf-nel","max_age":604800}', 'Server': 'cloudflare', 'CF-RAY': '88a436d1b9608281-IAD', 'alt-svc': 'h3=":443"; ma=86400'} 
 body={"results":[{"gender":"female","name":{"title":"Ms","first":"Tone","last":"Øynes"},"location":{"street":{"number":7371,"name":"Christopher Hansteens vei"},"city":"Ågotnes","state":"Oslo","country":"Norway","postcode":"6511","coordinates":{"latitude":"40.0377","longitude":"116.7544"},"timezone":{"offset":"+9:30","description":"Adelaide, Darwin"}},"email":"tone.oynes@example.com","login":{"uuid":"efbeb2f9-3dc8-4bad-8ede-5a3ba6207034","username":"tinyfrog676","password":"sixty9","salt":"1VGSOZq6","md5":"86ffd6425a3e450a11fc2daba55314ba","sha1":"60d05256bb1df0ed0844949566dae19022839b7c","sha256":"cdaab05e08ca37467a69f75c77110d232328d5e7958d3c40715bc6be43e4e19f"},"dob":{"date":"1956-03-16T21:29:33.379Z","age":68},"registered":{"date":"2017-03-31T10:59:44.416Z","age":7},"phone":"51040237","cell":"44215213","id":{"name":"FN","value":"16035612681"},"picture":{"large":"https://randomuser.me/api/portraits/women/62.jpg","medium":"https://randomuser.me/api/portraits/med/women/62.jpg","thumbnail":"https://randomuser.me/api/portraits/thumb/women/62.jpg"},"nat":"NO"}],"info":{"seed":"32647a89bee24480","results":1,"page":1,"version":"1.4"}} 
 </msg>
<msg time="2024-05-27T07:15:30.226777" level="INFO">/opt/hostedtoolcache/Python/3.12.3/x64/lib/python3.12/site-packages/urllib3/connectionpool.py:1103: InsecureRequestWarning: Unverified HTTPS request is being made to host 'randomuser.me'. Adding certificate verification is strongly advised. See: https://urllib3.readthedocs.io/en/latest/advanced-usage.html#tls-warnings
  warnings.warn(</msg>
<msg time="2024-05-27T07:15:30.226943" level="INFO">${response} = &lt;Response [200]&gt;</msg>
<var>${response}</var>
<arg>consultarAPI</arg>
<arg>/api</arg>
<doc>Sends a GET request on a previously created HTTP Session.</doc>
<status status="PASS" start="2024-05-27T07:15:30.175040" elapsed="0.051946"/>
</kw>
<kw name="Should Be Equal As Numbers" owner="BuiltIn">
<msg time="2024-05-27T07:15:30.228038" level="INFO">Argument types are:
&lt;class 'int'&gt;
&lt;class 'str'&gt;</msg>
<arg>${response.status_code}</arg>
<arg>200</arg>
<doc>Fails if objects are unequal after converting them to real numbers.</doc>
<status status="PASS" start="2024-05-27T07:15:30.227574" elapsed="0.000563"/>
</kw>
<kw name="Log" owner="BuiltIn">
<msg time="2024-05-27T07:15:30.228868" level="INFO">200</msg>
<arg>${response.status_code}</arg>
<doc>Logs the given message with the given level.</doc>
<status status="PASS" start="2024-05-27T07:15:30.228504" elapsed="0.000415"/>
</kw>
<kw name="Set Variable" owner="BuiltIn">
<msg time="2024-05-27T07:15:30.229687" level="INFO">${json_data} = {'results': [{'gender': 'female', 'name': {'title': 'Ms', 'first': 'Tone', 'last': 'Øynes'}, 'location': {'street': {'number': 7371, 'name': 'Christopher Hansteens vei'}, 'city': 'Ågotnes', 'state': '...</msg>
<var>${json_data}</var>
<arg>${response.json()}</arg>
<doc>Returns the given values which can then be assigned to a variables.</doc>
<status status="PASS" start="2024-05-27T07:15:30.229244" elapsed="0.000473"/>
</kw>
<kw name="Dictionary Should Contain Key" owner="Collections">
<msg time="2024-05-27T07:15:30.230202" level="INFO">False</msg>
<arg>${json_data}</arg>
<arg>results</arg>
<doc>Fails if ``key`` is not found from ``dictionary``.</doc>
<status status="PASS" start="2024-05-27T07:15:30.230028" elapsed="0.000379"/>
</kw>
<status status="PASS" start="2024-05-27T07:15:30.174791" elapsed="0.055896"/>
</kw>
<doc>Testa se a API responde corretamente e retorna um objeto JSON válido.</doc>
<tag>testeRequisicaoBasica</tag>
<status status="PASS" start="2024-05-27T07:15:30.174253" elapsed="0.056629"/>
</test>
<test id="s1-s1-t3" name="Validar estrutura de resposta" line="22">
<kw name="Teste de Estrutura de Resposta" owner="random-user-service">
<kw name="GET On Session" owner="RequestsLibrary">
<msg time="2024-05-27T07:15:30.330956" level="INFO">GET Request : url=https://randomuser.me/api 
 path_url=/api 
 headers={'User-Agent': 'python-requests/2.32.2', 'Accept-Encoding': 'gzip, deflate', 'Accept': '*/*', 'Connection': 'keep-alive'} 
 body=None 
 </msg>
<msg time="2024-05-27T07:15:30.331100" level="INFO">GET Response : url=https://randomuser.me/api 
 status=200, reason=OK 
 headers={'Date': 'Mon, 27 May 2024 07:15:30 GMT', 'Content-Type': 'application/json; charset=utf-8', 'Transfer-Encoding': 'chunked', 'Connection': 'keep-alive', 'X-Powered-By': 'Express', 'Access-Control-Allow-Origin': '*', 'Cache-Control': 'no-cache', 'ETag': 'W/"4aa-xNMl0mOAZZmSliMF3msON8QJpX8"', 'Vary': 'Accept-Encoding', 'Content-Encoding': 'gzip', 'CF-Cache-Status': 'DYNAMIC', 'Report-To': '{"endpoints":[{"url":"https:\\/\\/a.nel.cloudflare.com\\/report\\/v4?s=23rBqRAsfy5ChSgtzbAUtdGG7ChPyen3nQy1tLardncJWfI8A8NA2sEc6x5AZ9LYwm6DrLH2eLVewvBQSpEQuOkX12w%2F0k4di6WExjEuWMGeCDBQoJadH%2Fsf3D4e%2Fdsv"}],"group":"cf-nel","max_age":604800}', 'NEL': '{"success_fraction":0,"report_to":"cf-nel","max_age":604800}', 'Server': 'cloudflare', 'CF-RAY': '88a436d1f9848281-IAD', 'alt-svc': 'h3=":443"; ma=86400'} 
 body={"results":[{"gender":"male","name":{"title":"Mr","first":"Wilfrido","last":"Miranda"},"location":{"street":{"number":8180,"name":"Prolongación Norte Serna"},"city":"Guanajuato","state":"Sonora","country":"Mexico","postcode":22065,"coordinates":{"latitude":"25.0430","longitude":"-102.3019"},"timezone":{"offset":"-6:00","description":"Central Time (US &amp; Canada), Mexico City"}},"email":"wilfrido.miranda@example.com","login":{"uuid":"f93de5c2-5de5-4d3a-b11b-a04f2c874089","username":"bigpanda685","password":"alphabet","salt":"tZ4w1oOC","md5":"80d72264d1efcebdeb05cc911781d2a3","sha1":"cfc4b90a9fd98419847d42f98f97c80acc607278","sha256":"27ba79e55536f97ace5b09abf92c3b5eafc9a194f5244aa93dca9e3ae3dedac0"},"dob":{"date":"1947-11-10T21:43:47.925Z","age":76},"registered":{"date":"2007-08-23T22:03:45.801Z","age":16},"phone":"(617) 542 0551","cell":"(691) 042 0788","id":{"name":"NSS","value":"30 53 24 5609 2"},"picture":{"large":"https://randomuser.me/api/portraits/men/97.jpg","medium":"https://randomuser.me/api/portraits/med/men/97.jpg","thumbnail":"https://randomuser.me/api/portraits/thumb/men/97.jpg"},"nat":"MX"}],"info":{"seed":"4790a6533aa85f3f","results":1,"page":1,"version":"1.4"}} 
 </msg>
<msg time="2024-05-27T07:15:30.331289" level="INFO">/opt/hostedtoolcache/Python/3.12.3/x64/lib/python3.12/site-packages/urllib3/connectionpool.py:1103: InsecureRequestWarning: Unverified HTTPS request is being made to host 'randomuser.me'. Adding certificate verification is strongly advised. See: https://urllib3.readthedocs.io/en/latest/advanced-usage.html#tls-warnings
  warnings.warn(</msg>
<msg time="2024-05-27T07:15:30.331457" level="INFO">${response} = &lt;Response [200]&gt;</msg>
<var>${response}</var>
<arg>consultarAPI</arg>
<arg>/api</arg>
<doc>Sends a GET request on a previously created HTTP Session.</doc>
<status status="PASS" start="2024-05-27T07:15:30.233649" elapsed="0.097847"/>
</kw>
<kw name="Set Variable" owner="BuiltIn">
<msg time="2024-05-27T07:15:30.332963" level="INFO">${json_data} = {'results': [{'gender': 'male', 'name': {'title': 'Mr', 'first': 'Wilfrido', 'last': 'Miranda'}, 'location': {'street': {'number': 8180, 'name': 'Prolongación Norte Serna'}, 'city': 'Guanajuato', 'sta...</msg>
<var>${json_data}</var>
<arg>${response.json()}</arg>
<doc>Returns the given values which can then be assigned to a variables.</doc>
<status status="PASS" start="2024-05-27T07:15:30.332174" elapsed="0.000834"/>
</kw>
<kw name="Log" owner="BuiltIn">
<msg time="2024-05-27T07:15:30.333727" level="INFO">{'results': [{'gender': 'male', 'name': {'title': 'Mr', 'first': 'Wilfrido', 'last': 'Miranda'}, 'location': {'street': {'number': 8180, 'name': 'Prolongación Norte Serna'}, 'city': 'Guanajuato', 'state': 'Sonora', 'country': 'Mexico', 'postcode': 22065, 'coordinates': {'latitude': '25.0430', 'longitude': '-102.3019'}, 'timezone': {'offset': '-6:00', 'description': 'Central Time (US &amp; Canada), Mexico City'}}, 'email': 'wilfrido.miranda@example.com', 'login': {'uuid': 'f93de5c2-5de5-4d3a-b11b-a04f2c874089', 'username': 'bigpanda685', 'password': 'alphabet', 'salt': 'tZ4w1oOC', 'md5': '80d72264d1efcebdeb05cc911781d2a3', 'sha1': 'cfc4b90a9fd98419847d42f98f97c80acc607278', 'sha256': '27ba79e55536f97ace5b09abf92c3b5eafc9a194f5244aa93dca9e3ae3dedac0'}, 'dob': {'date': '1947-11-10T21:43:47.925Z', 'age': 76}, 'registered': {'date': '2007-08-23T22:03:45.801Z', 'age': 16}, 'phone': '(617) 542 0551', 'cell': '(691) 042 0788', 'id': {'name': 'NSS', 'value': '30 53 24 5609 2'}, 'picture': {'large': 'https://randomuser.me/api/portraits/men/97.jpg', 'medium': 'https://randomuser.me/api/portraits/med/men/97.jpg', 'thumbnail': 'https://randomuser.me/api/portraits/thumb/men/97.jpg'}, 'nat': 'MX'}], 'info': {'seed': '4790a6533aa85f3f', 'results': 1, 'page': 1, 'version': '1.4'}}</msg>
<arg>${json_data}</arg>
<doc>Logs the given message with the given level.</doc>
<status status="PASS" start="2024-05-27T07:15:30.333467" elapsed="0.000354"/>
</kw>
<kw name="Dictionary Should Contain Key" owner="Collections">
<msg time="2024-05-27T07:15:30.334561" level="INFO">False</msg>
<arg>${json_data}</arg>
<arg>results</arg>
<doc>Fails if ``key`` is not found from ``dictionary``.</doc>
<status status="PASS" start="2024-05-27T07:15:30.334314" elapsed="0.000316"/>
</kw>
<kw name="Should Not Be Empty" owner="BuiltIn">
<msg time="2024-05-27T07:15:30.335359" level="INFO">Length is 2.</msg>
<arg>${json_data}</arg>
<doc>Verifies that the given item is not empty.</doc>
<status status="PASS" start="2024-05-27T07:15:30.335130" elapsed="0.000301"/>
</kw>
<kw name="Create List" owner="BuiltIn">
<msg time="2024-05-27T07:15:30.336193" level="INFO">${expected_keys} = ['gender', 'name', 'location', 'email', 'login']</msg>
<var>${expected_keys}</var>
<arg>gender</arg>
<arg>name</arg>
<arg>location</arg>
<arg>email</arg>
<arg>login</arg>
<doc>Returns a list containing given items.</doc>
<status status="PASS" start="2024-05-27T07:15:30.335898" elapsed="0.000344"/>
</kw>
<for flavor="IN">
<iter>
<kw name="Dictionary Should Contain Key" owner="Collections">
<msg time="2024-05-27T07:15:30.338053" level="INFO">False</msg>
<arg>${json_data['results'][0]}</arg>
<arg>${key}</arg>
<doc>Fails if ``key`` is not found from ``dictionary``.</doc>
<status status="PASS" start="2024-05-27T07:15:30.337322" elapsed="0.000801"/>
</kw>
<kw name="Log" owner="BuiltIn">
<msg time="2024-05-27T07:15:30.339169" level="INFO">{'gender': 'male', 'name': {'title': 'Mr', 'first': 'Wilfrido', 'last': 'Miranda'}, 'location': {'street': {'number': 8180, 'name': 'Prolongación Norte Serna'}, 'city': 'Guanajuato', 'state': 'Sonora', 'country': 'Mexico', 'postcode': 22065, 'coordinates': {'latitude': '25.0430', 'longitude': '-102.3019'}, 'timezone': {'offset': '-6:00', 'description': 'Central Time (US &amp; Canada), Mexico City'}}, 'email': 'wilfrido.miranda@example.com', 'login': {'uuid': 'f93de5c2-5de5-4d3a-b11b-a04f2c874089', 'username': 'bigpanda685', 'password': 'alphabet', 'salt': 'tZ4w1oOC', 'md5': '80d72264d1efcebdeb05cc911781d2a3', 'sha1': 'cfc4b90a9fd98419847d42f98f97c80acc607278', 'sha256': '27ba79e55536f97ace5b09abf92c3b5eafc9a194f5244aa93dca9e3ae3dedac0'}, 'dob': {'date': '1947-11-10T21:43:47.925Z', 'age': 76}, 'registered': {'date': '2007-08-23T22:03:45.801Z', 'age': 16}, 'phone': '(617) 542 0551', 'cell': '(691) 042 0788', 'id': {'name': 'NSS', 'value': '30 53 24 5609 2'}, 'picture': {'large': 'https://randomuser.me/api/portraits/men/97.jpg', 'medium': 'https://randomuser.me/api/portraits/med/men/97.jpg', 'thumbnail': 'https://randomuser.me/api/portraits/thumb/men/97.jpg'}, 'nat': 'MX'}</msg>
<arg>${json_data['results'][0]}</arg>
<doc>Logs the given message with the given level.</doc>
<status status="PASS" start="2024-05-27T07:15:30.338588" elapsed="0.000668"/>
</kw>
<kw name="Log" owner="BuiltIn">
<msg time="2024-05-27T07:15:30.339951" level="INFO">gender</msg>
<arg>${key}</arg>
<doc>Logs the given message with the given level.</doc>
<status status="PASS" start="2024-05-27T07:15:30.339756" elapsed="0.000256"/>
</kw>
<var name="${key}">gender</var>
<status status="PASS" start="2024-05-27T07:15:30.337083" elapsed="0.003320"/>
</iter>
<iter>
<kw name="Dictionary Should Contain Key" owner="Collections">
<msg time="2024-05-27T07:15:30.341590" level="INFO">False</msg>
<arg>${json_data['results'][0]}</arg>
<arg>${key}</arg>
<doc>Fails if ``key`` is not found from ``dictionary``.</doc>
<status status="PASS" start="2024-05-27T07:15:30.340945" elapsed="0.000754"/>
</kw>
<kw name="Log" owner="BuiltIn">
<msg time="2024-05-27T07:15:30.342820" level="INFO">{'gender': 'male', 'name': {'title': 'Mr', 'first': 'Wilfrido', 'last': 'Miranda'}, 'location': {'street': {'number': 8180, 'name': 'Prolongación Norte Serna'}, 'city': 'Guanajuato', 'state': 'Sonora', 'country': 'Mexico', 'postcode': 22065, 'coordinates': {'latitude': '25.0430', 'longitude': '-102.3019'}, 'timezone': {'offset': '-6:00', 'description': 'Central Time (US &amp; Canada), Mexico City'}}, 'email': 'wilfrido.miranda@example.com', 'login': {'uuid': 'f93de5c2-5de5-4d3a-b11b-a04f2c874089', 'username': 'bigpanda685', 'password': 'alphabet', 'salt': 'tZ4w1oOC', 'md5': '80d72264d1efcebdeb05cc911781d2a3', 'sha1': 'cfc4b90a9fd98419847d42f98f97c80acc607278', 'sha256': '27ba79e55536f97ace5b09abf92c3b5eafc9a194f5244aa93dca9e3ae3dedac0'}, 'dob': {'date': '1947-11-10T21:43:47.925Z', 'age': 76}, 'registered': {'date': '2007-08-23T22:03:45.801Z', 'age': 16}, 'phone': '(617) 542 0551', 'cell': '(691) 042 0788', 'id': {'name': 'NSS', 'value': '30 53 24 5609 2'}, 'picture': {'large': 'https://randomuser.me/api/portraits/men/97.jpg', 'medium': 'https://randomuser.me/api/portraits/med/men/97.jpg', 'thumbnail': 'https://randomuser.me/api/portraits/thumb/men/97.jpg'}, 'nat': 'MX'}</msg>
<arg>${json_data['results'][0]}</arg>
<doc>Logs the given message with the given level.</doc>
<status status="PASS" start="2024-05-27T07:15:30.342194" elapsed="0.000718"/>
</kw>
<kw name="Log" owner="BuiltIn">
<msg time="2024-05-27T07:15:30.343577" level="INFO">name</msg>
<arg>${key}</arg>
<doc>Logs the given message with the given level.</doc>
<status status="PASS" start="2024-05-27T07:15:30.343380" elapsed="0.000270"/>
</kw>
<var name="${key}">name</var>
<status status="PASS" start="2024-05-27T07:15:30.340736" elapsed="0.003295"/>
</iter>
<iter>
<kw name="Dictionary Should Contain Key" owner="Collections">
<msg time="2024-05-27T07:15:30.345230" level="INFO">False</msg>
<arg>${json_data['results'][0]}</arg>
<arg>${key}</arg>
<doc>Fails if ``key`` is not found from ``dictionary``.</doc>
<status status="PASS" start="2024-05-27T07:15:30.344591" elapsed="0.000707"/>
</kw>
<kw name="Log" owner="BuiltIn">
<msg time="2024-05-27T07:15:30.346433" level="INFO">{'gender': 'male', 'name': {'title': 'Mr', 'first': 'Wilfrido', 'last': 'Miranda'}, 'location': {'street': {'number': 8180, 'name': 'Prolongación Norte Serna'}, 'city': 'Guanajuato', 'state': 'Sonora', 'country': 'Mexico', 'postcode': 22065, 'coordinates': {'latitude': '25.0430', 'longitude': '-102.3019'}, 'timezone': {'offset': '-6:00', 'description': 'Central Time (US &amp; Canada), Mexico City'}}, 'email': 'wilfrido.miranda@example.com', 'login': {'uuid': 'f93de5c2-5de5-4d3a-b11b-a04f2c874089', 'username': 'bigpanda685', 'password': 'alphabet', 'salt': 'tZ4w1oOC', 'md5': '80d72264d1efcebdeb05cc911781d2a3', 'sha1': 'cfc4b90a9fd98419847d42f98f97c80acc607278', 'sha256': '27ba79e55536f97ace5b09abf92c3b5eafc9a194f5244aa93dca9e3ae3dedac0'}, 'dob': {'date': '1947-11-10T21:43:47.925Z', 'age': 76}, 'registered': {'date': '2007-08-23T22:03:45.801Z', 'age': 16}, 'phone': '(617) 542 0551', 'cell': '(691) 042 0788', 'id': {'name': 'NSS', 'value': '30 53 24 5609 2'}, 'picture': {'large': 'https://randomuser.me/api/portraits/men/97.jpg', 'medium': 'https://randomuser.me/api/portraits/med/men/97.jpg', 'thumbnail': 'https://randomuser.me/api/portraits/thumb/men/97.jpg'}, 'nat': 'MX'}</msg>
<arg>${json_data['results'][0]}</arg>
<doc>Logs the given message with the given level.</doc>
<status status="PASS" start="2024-05-27T07:15:30.345812" elapsed="0.000707"/>
</kw>
<kw name="Log" owner="BuiltIn">
<msg time="2024-05-27T07:15:30.347118" level="INFO">location</msg>
<arg>${key}</arg>
<doc>Logs the given message with the given level.</doc>
<status status="PASS" start="2024-05-27T07:15:30.346975" elapsed="0.000185"/>
</kw>
<var name="${key}">location</var>
<status status="PASS" start="2024-05-27T07:15:30.344397" elapsed="0.003000"/>
</iter>
<iter>
<kw name="Dictionary Should Contain Key" owner="Collections">
<msg time="2024-05-27T07:15:30.348281" level="INFO">False</msg>
<arg>${json_data['results'][0]}</arg>
<arg>${key}</arg>
<doc>Fails if ``key`` is not found from ``dictionary``.</doc>
<status status="PASS" start="2024-05-27T07:15:30.347711" elapsed="0.000612"/>
</kw>
<kw name="Log" owner="BuiltIn">
<msg time="2024-05-27T07:15:30.349015" level="INFO">{'gender': 'male', 'name': {'title': 'Mr', 'first': 'Wilfrido', 'last': 'Miranda'}, 'location': {'street': {'number': 8180, 'name': 'Prolongación Norte Serna'}, 'city': 'Guanajuato', 'state': 'Sonora', 'country': 'Mexico', 'postcode': 22065, 'coordinates': {'latitude': '25.0430', 'longitude': '-102.3019'}, 'timezone': {'offset': '-6:00', 'description': 'Central Time (US &amp; Canada), Mexico City'}}, 'email': 'wilfrido.miranda@example.com', 'login': {'uuid': 'f93de5c2-5de5-4d3a-b11b-a04f2c874089', 'username': 'bigpanda685', 'password': 'alphabet', 'salt': 'tZ4w1oOC', 'md5': '80d72264d1efcebdeb05cc911781d2a3', 'sha1': 'cfc4b90a9fd98419847d42f98f97c80acc607278', 'sha256': '27ba79e55536f97ace5b09abf92c3b5eafc9a194f5244aa93dca9e3ae3dedac0'}, 'dob': {'date': '1947-11-10T21:43:47.925Z', 'age': 76}, 'registered': {'date': '2007-08-23T22:03:45.801Z', 'age': 16}, 'phone': '(617) 542 0551', 'cell': '(691) 042 0788', 'id': {'name': 'NSS', 'value': '30 53 24 5609 2'}, 'picture': {'large': 'https://randomuser.me/api/portraits/men/97.jpg', 'medium': 'https://randomuser.me/api/portraits/med/men/97.jpg', 'thumbnail': 'https://randomuser.me/api/portraits/thumb/men/97.jpg'}, 'nat': 'MX'}</msg>
<arg>${json_data['results'][0]}</arg>
<doc>Logs the given message with the given level.</doc>
<status status="PASS" start="2024-05-27T07:15:30.348640" elapsed="0.000429"/>
</kw>
<kw name="Log" owner="BuiltIn">
<msg time="2024-05-27T07:15:30.349511" level="INFO">email</msg>
<arg>${key}</arg>
<doc>Logs the given message with the given level.</doc>
<status status="PASS" start="2024-05-27T07:15:30.349378" elapsed="0.000173"/>
</kw>
<var name="${key}">email</var>
<status status="PASS" start="2024-05-27T07:15:30.347592" elapsed="0.002193"/>
</iter>
<iter>
<kw name="Dictionary Should Contain Key" owner="Collections">
<msg time="2024-05-27T07:15:30.350476" level="INFO">False</msg>
<arg>${json_data['results'][0]}</arg>
<arg>${key}</arg>
<doc>Fails if ``key`` is not found from ``dictionary``.</doc>
<status status="PASS" start="2024-05-27T07:15:30.350087" elapsed="0.000427"/>
</kw>
<kw name="Log" owner="BuiltIn">
<msg time="2024-05-27T07:15:30.351199" level="INFO">{'gender': 'male', 'name': {'title': 'Mr', 'first': 'Wilfrido', 'last': 'Miranda'}, 'location': {'street': {'number': 8180, 'name': 'Prolongación Norte Serna'}, 'city': 'Guanajuato', 'state': 'Sonora', 'country': 'Mexico', 'postcode': 22065, 'coordinates': {'latitude': '25.0430', 'longitude': '-102.3019'}, 'timezone': {'offset': '-6:00', 'description': 'Central Time (US &amp; Canada), Mexico City'}}, 'email': 'wilfrido.miranda@example.com', 'login': {'uuid': 'f93de5c2-5de5-4d3a-b11b-a04f2c874089', 'username': 'bigpanda685', 'password': 'alphabet', 'salt': 'tZ4w1oOC', 'md5': '80d72264d1efcebdeb05cc911781d2a3', 'sha1': 'cfc4b90a9fd98419847d42f98f97c80acc607278', 'sha256': '27ba79e55536f97ace5b09abf92c3b5eafc9a194f5244aa93dca9e3ae3dedac0'}, 'dob': {'date': '1947-11-10T21:43:47.925Z', 'age': 76}, 'registered': {'date': '2007-08-23T22:03:45.801Z', 'age': 16}, 'phone': '(617) 542 0551', 'cell': '(691) 042 0788', 'id': {'name': 'NSS', 'value': '30 53 24 5609 2'}, 'picture': {'large': 'https://randomuser.me/api/portraits/men/97.jpg', 'medium': 'https://randomuser.me/api/portraits/med/men/97.jpg', 'thumbnail': 'https://randomuser.me/api/portraits/thumb/men/97.jpg'}, 'nat': 'MX'}</msg>
<arg>${json_data['results'][0]}</arg>
<doc>Logs the given message with the given level.</doc>
<status status="PASS" start="2024-05-27T07:15:30.350818" elapsed="0.000434"/>
</kw>
<kw name="Log" owner="BuiltIn">
<msg time="2024-05-27T07:15:30.351741" level="INFO">login</msg>
<arg>${key}</arg>
<doc>Logs the given message with the given level.</doc>
<status status="PASS" start="2024-05-27T07:15:30.351600" elapsed="0.000188"/>
</kw>
<var name="${key}">login</var>
<status status="PASS" start="2024-05-27T07:15:30.349970" elapsed="0.002046"/>
</iter>
<var>${key}</var>
<value>@{expected_keys}</value>
<status status="PASS" start="2024-05-27T07:15:30.336739" elapsed="0.015447"/>
</for>
<kw name="Create List" owner="BuiltIn">
<msg time="2024-05-27T07:15:30.352548" level="INFO">${expected_keysTwo} = ['username', 'password']</msg>
<var>${expected_keysTwo}</var>
<arg>username</arg>
<arg>password</arg>
<doc>Returns a list containing given items.</doc>
<status status="PASS" start="2024-05-27T07:15:30.352401" elapsed="0.000171"/>
</kw>
<for flavor="IN">
<iter>
<kw name="Dictionary Should Contain Key" owner="Collections">
<msg time="2024-05-27T07:15:30.353485" level="INFO">False</msg>
<arg>${json_data['results'][0]['login']}</arg>
<arg>${keyTwo}</arg>
<doc>Fails if ``key`` is not found from ``dictionary``.</doc>
<status status="PASS" start="2024-05-27T07:15:30.353102" elapsed="0.000422"/>
</kw>
<kw name="Dictionary Should Contain Key" owner="Collections">
<msg time="2024-05-27T07:15:30.354210" level="INFO">False</msg>
<arg>${json_data['results'][0]['login']}</arg>
<arg>${keyTwo}</arg>
<doc>Fails if ``key`` is not found from ``dictionary``.</doc>
<status status="PASS" start="2024-05-27T07:15:30.353828" elapsed="0.000421"/>
</kw>
<kw name="Log" owner="BuiltIn">
<msg time="2024-05-27T07:15:30.354681" level="INFO">username</msg>
<arg>${keyTwo}</arg>
<doc>Logs the given message with the given level.</doc>
<status status="PASS" start="2024-05-27T07:15:30.354552" elapsed="0.000167"/>
</kw>
<var name="${keyTwo}">username</var>
<status status="PASS" start="2024-05-27T07:15:30.352991" elapsed="0.001948"/>
</iter>
<iter>
<kw name="Dictionary Should Contain Key" owner="Collections">
<msg time="2024-05-27T07:15:30.355617" level="INFO">False</msg>
<arg>${json_data['results'][0]['login']}</arg>
<arg>${keyTwo}</arg>
<doc>Fails if ``key`` is not found from ``dictionary``.</doc>
<status status="PASS" start="2024-05-27T07:15:30.355235" elapsed="0.000421"/>
</kw>
<kw name="Dictionary Should Contain Key" owner="Collections">
<msg time="2024-05-27T07:15:30.356383" level="INFO">False</msg>
<arg>${json_data['results'][0]['login']}</arg>
<arg>${keyTwo}</arg>
<doc>Fails if ``key`` is not found from ``dictionary``.</doc>
<status status="PASS" start="2024-05-27T07:15:30.355954" elapsed="0.000468"/>
</kw>
<kw name="Log" owner="BuiltIn">
<msg time="2024-05-27T07:15:30.356856" level="INFO">password</msg>
<arg>${keyTwo}</arg>
<doc>Logs the given message with the given level.</doc>
<status status="PASS" start="2024-05-27T07:15:30.356727" elapsed="0.000167"/>
</kw>
<var name="${keyTwo}">password</var>
<status status="PASS" start="2024-05-27T07:15:30.355125" elapsed="0.001996"/>
</iter>
<var>${keyTwo}</var>
<value>@{expected_keysTwo}</value>
<status status="PASS" start="2024-05-27T07:15:30.352828" elapsed="0.004420"/>
</for>
<status status="PASS" start="2024-05-27T07:15:30.233400" elapsed="0.124002"/>
</kw>
<doc>Testa a estrutura da resposta da API.</doc>
<tag>testeEstruturaResposta</tag>
<status status="PASS" start="2024-05-27T07:15:30.232780" elapsed="0.124791"/>
</test>
<test id="s1-s1-t4" name="Validar tipos de dados" line="28">
<kw name="Teste de Tipos de Dados" owner="random-user-service">
<kw name="GET On Session" owner="RequestsLibrary">
<msg time="2024-05-27T07:15:30.430718" level="INFO">GET Request : url=https://randomuser.me/api 
 path_url=/api 
 headers={'User-Agent': 'python-requests/2.32.2', 'Accept-Encoding': 'gzip, deflate', 'Accept': '*/*', 'Connection': 'keep-alive'} 
 body=None 
 </msg>
<msg time="2024-05-27T07:15:30.430827" level="INFO">GET Response : url=https://randomuser.me/api 
 status=200, reason=OK 
 headers={'Date': 'Mon, 27 May 2024 07:15:30 GMT', 'Content-Type': 'application/json; charset=utf-8', 'Transfer-Encoding': 'chunked', 'Connection': 'keep-alive', 'X-Powered-By': 'Express', 'Access-Control-Allow-Origin': '*', 'Cache-Control': 'no-cache', 'ETag': 'W/"485-mkS5pdch9P6w32R1K1M71QC8TKA"', 'Vary': 'Accept-Encoding', 'Content-Encoding': 'gzip', 'CF-Cache-Status': 'DYNAMIC', 'Report-To': '{"endpoints":[{"url":"https:\\/\\/a.nel.cloudflare.com\\/report\\/v4?s=1MTLlTLoVvRdwQMyn2SN0s4kbP308tVPhLZghfvORFhEyscaj7Fh1jZx%2FDGl68BXvdXO%2BxGwTgu91Y%2FIVylTqkPk%2Ft8bcfVqND2fFdOxufgT2%2Bq5x3FRQYPaR%2FMyiVty"}],"group":"cf-nel","max_age":604800}', 'NEL': '{"success_fraction":0,"report_to":"cf-nel","max_age":604800}', 'Server': 'cloudflare', 'CF-RAY': '88a436d2c9ef8281-IAD', 'alt-svc': 'h3=":443"; ma=86400'} 
 body={"results":[{"gender":"male","name":{"title":"Mr","first":"Jose","last":"Shaw"},"location":{"street":{"number":3786,"name":"Lakeview St"},"city":"Geelong","state":"Northern Territory","country":"Australia","postcode":6370,"coordinates":{"latitude":"-87.7785","longitude":"-8.9221"},"timezone":{"offset":"-7:00","description":"Mountain Time (US &amp; Canada)"}},"email":"jose.shaw@example.com","login":{"uuid":"8d266643-f097-46a5-b79e-be9c2e9ec951","username":"organictiger728","password":"journey","salt":"7bLDzPv0","md5":"b4392f5da1c9c862830ff279f09458f7","sha1":"daa37172a1a4cf1377095c3a2654a112c7ba01cd","sha256":"f56bb6ca36c030008241641129fab14458826f715c5aee67a7dc93ca1c53c1c1"},"dob":{"date":"1997-05-14T07:39:33.837Z","age":27},"registered":{"date":"2014-02-12T01:13:59.322Z","age":10},"phone":"01-9697-6308","cell":"0430-348-652","id":{"name":"TFN","value":"753342990"},"picture":{"large":"https://randomuser.me/api/portraits/men/76.jpg","medium":"https://randomuser.me/api/portraits/med/men/76.jpg","thumbnail":"https://randomuser.me/api/portraits/thumb/men/76.jpg"},"nat":"AU"}],"info":{"seed":"623ff5ae18e04736","results":1,"page":1,"version":"1.4"}} 
 </msg>
<msg time="2024-05-27T07:15:30.430913" level="INFO">/opt/hostedtoolcache/Python/3.12.3/x64/lib/python3.12/site-packages/urllib3/connectionpool.py:1103: InsecureRequestWarning: Unverified HTTPS request is being made to host 'randomuser.me'. Adding certificate verification is strongly advised. See: https://urllib3.readthedocs.io/en/latest/advanced-usage.html#tls-warnings
  warnings.warn(</msg>
<msg time="2024-05-27T07:15:30.431047" level="INFO">${response} = &lt;Response [200]&gt;</msg>
<var>${response}</var>
<arg>consultarAPI</arg>
<arg>/api</arg>
<doc>Sends a GET request on a previously created HTTP Session.</doc>
<status status="PASS" start="2024-05-27T07:15:30.360192" elapsed="0.070902"/>
</kw>
<kw name="Set Variable" owner="BuiltIn">
<msg time="2024-05-27T07:15:30.432393" level="INFO">${json_data} = {'results': [{'gender': 'male', 'name': {'title': 'Mr', 'first': 'Jose', 'last': 'Shaw'}, 'location': {'street': {'number': 3786, 'name': 'Lakeview St'}, 'city': 'Geelong', 'state': 'Northern Territor...</msg>
<var>${json_data}</var>
<arg>${response.json()}</arg>
<doc>Returns the given values which can then be assigned to a variables.</doc>
<status status="PASS" start="2024-05-27T07:15:30.431764" elapsed="0.000659"/>
</kw>
<kw name="Log" owner="BuiltIn">
<msg time="2024-05-27T07:15:30.432919" level="INFO">{'results': [{'gender': 'male', 'name': {'title': 'Mr', 'first': 'Jose', 'last': 'Shaw'}, 'location': {'street': {'number': 3786, 'name': 'Lakeview St'}, 'city': 'Geelong', 'state': 'Northern Territory', 'country': 'Australia', 'postcode': 6370, 'coordinates': {'latitude': '-87.7785', 'longitude': '-8.9221'}, 'timezone': {'offset': '-7:00', 'description': 'Mountain Time (US &amp; Canada)'}}, 'email': 'jose.shaw@example.com', 'login': {'uuid': '8d266643-f097-46a5-b79e-be9c2e9ec951', 'username': 'organictiger728', 'password': 'journey', 'salt': '7bLDzPv0', 'md5': 'b4392f5da1c9c862830ff279f09458f7', 'sha1': 'daa37172a1a4cf1377095c3a2654a112c7ba01cd', 'sha256': 'f56bb6ca36c030008241641129fab14458826f715c5aee67a7dc93ca1c53c1c1'}, 'dob': {'date': '1997-05-14T07:39:33.837Z', 'age': 27}, 'registered': {'date': '2014-02-12T01:13:59.322Z', 'age': 10}, 'phone': '01-9697-6308', 'cell': '0430-348-652', 'id': {'name': 'TFN', 'value': '753342990'}, 'picture': {'large': 'https://randomuser.me/api/portraits/men/76.jpg', 'medium': 'https://randomuser.me/api/portraits/med/men/76.jpg', 'thumbnail': 'https://randomuser.me/api/portraits/thumb/men/76.jpg'}, 'nat': 'AU'}], 'info': {'seed': '623ff5ae18e04736', 'results': 1, 'page': 1, 'version': '1.4'}}</msg>
<arg>${json_data}</arg>
<doc>Logs the given message with the given level.</doc>
<status status="PASS" start="2024-05-27T07:15:30.432757" elapsed="0.000251"/>
</kw>
<kw name="Should Be String" owner="String">
<arg>${json_data['results'][0]['gender']}</arg>
<doc>Fails if the given ``item`` is not a string.</doc>
<status status="PASS" start="2024-05-27T07:15:30.433324" elapsed="0.000366"/>
</kw>
<kw name="Should Match Regexp" owner="BuiltIn">
<arg>${json_data['results'][0]['email']}</arg>
<arg>^[a-zA-Z0-9._%+-]+@[a-zA-Z0-9.-]+\.[a-zA-Z]{2,}$</arg>
<doc>Fails if ``string`` does not match ``pattern`` as a regular expression.</doc>
<status status="PASS" start="2024-05-27T07:15:30.433888" elapsed="0.000682"/>
</kw>
<kw name="Should Match Regexp" owner="BuiltIn">
<arg>${json_data['results'][0]['dob']['date']}</arg>
<arg>\\d{4}-\\d{2}-\\d{2}T\\d{2}:\\d{2}:\\d{2}\\.\\d{3}Z</arg>
<doc>Fails if ``string`` does not match ``pattern`` as a regular expression.</doc>
<status status="PASS" start="2024-05-27T07:15:30.434776" elapsed="0.000494"/>
</kw>
<kw name="Should Match Regexp" owner="BuiltIn">
<arg>${json_data['results'][0]['registered']['date']}</arg>
<arg>\\d{4}-\\d{2}-\\d{2}T\\d{2}:\\d{2}:\\d{2}\\.\\d{3}Z</arg>
<doc>Fails if ``string`` does not match ``pattern`` as a regular expression.</doc>
<status status="PASS" start="2024-05-27T07:15:30.435471" elapsed="0.000367"/>
</kw>
<kw name="Should Match Regexp" owner="BuiltIn">
<arg>${json_data['results'][0]['picture']['large']}</arg>
<arg>^https?://.*\.(?:png|jpe?g|gif|bmp)$</arg>
<doc>Fails if ``string`` does not match ``pattern`` as a regular expression.</doc>
<status status="PASS" start="2024-05-27T07:15:30.436032" elapsed="0.000497"/>
</kw>
<kw name="Should Match Regexp" owner="BuiltIn">
<arg>${json_data['results'][0]['picture']['medium']}</arg>
<arg>^https?://.*\.(?:png|jpe?g|gif|bmp)$</arg>
<doc>Fails if ``string`` does not match ``pattern`` as a regular expression.</doc>
<status status="PASS" start="2024-05-27T07:15:30.436731" elapsed="0.000355"/>
</kw>
<kw name="Should Match Regexp" owner="BuiltIn">
<arg>${json_data['results'][0]['picture']['thumbnail']}</arg>
<arg>^https?://.*\.(?:png|jpe?g|gif|bmp)$</arg>
<doc>Fails if ``string`` does not match ``pattern`` as a regular expression.</doc>
<status status="PASS" start="2024-05-27T07:15:30.437282" elapsed="0.000351"/>
</kw>
<kw name="Log" owner="BuiltIn">
<msg time="2024-05-27T07:15:30.438151" level="INFO">{'large': 'https://randomuser.me/api/portraits/men/76.jpg', 'medium': 'https://randomuser.me/api/portraits/med/men/76.jpg', 'thumbnail': 'https://randomuser.me/api/portraits/thumb/men/76.jpg'}</msg>
<arg>${json_data['results'][0]['picture']}</arg>
<doc>Logs the given message with the given level.</doc>
<status status="PASS" start="2024-05-27T07:15:30.437825" elapsed="0.000369"/>
</kw>
<status status="PASS" start="2024-05-27T07:15:30.359919" elapsed="0.078569"/>
</kw>
<kw name="Teste de Tipos de Dados - Postcode" owner="random-user-service">
<kw name="GET On Session" owner="RequestsLibrary">
<msg time="2024-05-27T07:15:30.526507" level="INFO">GET Request : url=https://randomuser.me/api 
 path_url=/api 
 headers={'User-Agent': 'python-requests/2.32.2', 'Accept-Encoding': 'gzip, deflate', 'Accept': '*/*', 'Connection': 'keep-alive'} 
 body=None 
 </msg>
<msg time="2024-05-27T07:15:30.526603" level="INFO">GET Response : url=https://randomuser.me/api 
 status=200, reason=OK 
 headers={'Date': 'Mon, 27 May 2024 07:15:30 GMT', 'Content-Type': 'application/json; charset=utf-8', 'Transfer-Encoding': 'chunked', 'Connection': 'keep-alive', 'X-Powered-By': 'Express', 'Access-Control-Allow-Origin': '*', 'Cache-Control': 'no-cache', 'ETag': 'W/"4c1-PAGFLMwtnTP2FrfjsxM9yl3D88w"', 'Vary': 'Accept-Encoding', 'Content-Encoding': 'gzip', 'CF-Cache-Status': 'DYNAMIC', 'Report-To': '{"endpoints":[{"url":"https:\\/\\/a.nel.cloudflare.com\\/report\\/v4?s=eHE5DcSAY4q1PHqV6AXWaKFspiSg7ugIUH2A%2BUMKiN%2FwF9M%2BeHwJW6unmhhM1PGSxBcd4ZSR%2B5LjXhBMykyhVohaudvoLBkmTbVuv04QrFSaUDYCxsJ2mkb3151vUW0f"}],"group":"cf-nel","max_age":604800}', 'NEL': '{"success_fraction":0,"report_to":"cf-nel","max_age":604800}', 'Server': 'cloudflare', 'CF-RAY': '88a436d33a2a8281-IAD', 'alt-svc': 'h3=":443"; ma=86400'} 
 body={"results":[{"gender":"female","name":{"title":"Madame","first":"Annick","last":"Renard"},"location":{"street":{"number":9877,"name":"Rue Pierre-Delore"},"city":"Anières","state":"Appenzell Ausserrhoden","country":"Switzerland","postcode":9492,"coordinates":{"latitude":"-57.1717","longitude":"70.4694"},"timezone":{"offset":"-4:00","description":"Atlantic Time (Canada), Caracas, La Paz"}},"email":"annick.renard@example.com","login":{"uuid":"1d44ff01-8a3a-46c5-b1e1-40656ff2392d","username":"beautifulelephant105","password":"trustno1","salt":"QpOzXvnh","md5":"037db084e21f8a38aa04f7662a89ab4b","sha1":"782d96f5a3431dda934067810d9c794fa13f5a00","sha256":"d46b4a0c8b0732c3d691f011ba1d276a75998a7dd6dc32a7d5fb6d0369210238"},"dob":{"date":"1968-03-22T11:25:02.304Z","age":56},"registered":{"date":"2009-08-02T14:42:30.580Z","age":14},"phone":"075 151 81 14","cell":"076 903 06 01","id":{"name":"AVS","value":"756.8203.5437.47"},"picture":{"large":"https://randomuser.me/api/portraits/women/37.jpg","medium":"https://randomuser.me/api/portraits/med/women/37.jpg","thumbnail":"https://randomuser.me/api/portraits/thumb/women/37.jpg"},"nat":"CH"}],"info":{"seed":"1c3903efed68f1f3","results":1,"page":1,"version":"1.4"}} 
 </msg>
<msg time="2024-05-27T07:15:30.526673" level="INFO">/opt/hostedtoolcache/Python/3.12.3/x64/lib/python3.12/site-packages/urllib3/connectionpool.py:1103: InsecureRequestWarning: Unverified HTTPS request is being made to host 'randomuser.me'. Adding certificate verification is strongly advised. See: https://urllib3.readthedocs.io/en/latest/advanced-usage.html#tls-warnings
  warnings.warn(</msg>
<msg time="2024-05-27T07:15:30.526799" level="INFO">${response} = &lt;Response [200]&gt;</msg>
<var>${response}</var>
<arg>consultarAPI</arg>
<arg>/api</arg>
<doc>Sends a GET request on a previously created HTTP Session.</doc>
<status status="PASS" start="2024-05-27T07:15:30.438971" elapsed="0.087867"/>
</kw>
<kw name="Set Variable" owner="BuiltIn">
<msg time="2024-05-27T07:15:30.528023" level="INFO">${json_data} = {'results': [{'gender': 'female', 'name': {'title': 'Madame', 'first': 'Annick', 'last': 'Renard'}, 'location': {'street': {'number': 9877, 'name': 'Rue Pierre-Delore'}, 'city': 'Anières', 'state': 'A...</msg>
<var>${json_data}</var>
<arg>${response.json()}</arg>
<doc>Returns the given values which can then be assigned to a variables.</doc>
<status status="PASS" start="2024-05-27T07:15:30.527468" elapsed="0.000586"/>
</kw>
<kw name="Log" owner="BuiltIn">
<msg time="2024-05-27T07:15:30.528590" level="INFO">{'results': [{'gender': 'female', 'name': {'title': 'Madame', 'first': 'Annick', 'last': 'Renard'}, 'location': {'street': {'number': 9877, 'name': 'Rue Pierre-Delore'}, 'city': 'Anières', 'state': 'Appenzell Ausserrhoden', 'country': 'Switzerland', 'postcode': 9492, 'coordinates': {'latitude': '-57.1717', 'longitude': '70.4694'}, 'timezone': {'offset': '-4:00', 'description': 'Atlantic Time (Canada), Caracas, La Paz'}}, 'email': 'annick.renard@example.com', 'login': {'uuid': '1d44ff01-8a3a-46c5-b1e1-40656ff2392d', 'username': 'beautifulelephant105', 'password': 'trustno1', 'salt': 'QpOzXvnh', 'md5': '037db084e21f8a38aa04f7662a89ab4b', 'sha1': '782d96f5a3431dda934067810d9c794fa13f5a00', 'sha256': 'd46b4a0c8b0732c3d691f011ba1d276a75998a7dd6dc32a7d5fb6d0369210238'}, 'dob': {'date': '1968-03-22T11:25:02.304Z', 'age': 56}, 'registered': {'date': '2009-08-02T14:42:30.580Z', 'age': 14}, 'phone': '075 151 81 14', 'cell': '076 903 06 01', 'id': {'name': 'AVS', 'value': '756.8203.5437.47'}, 'picture': {'large': 'https://randomuser.me/api/portraits/women/37.jpg', 'medium': 'https://randomuser.me/api/portraits/med/women/37.jpg', 'thumbnail': 'https://randomuser.me/api/portraits/thumb/women/37.jpg'}, 'nat': 'CH'}], 'info': {'seed': '1c3903efed68f1f3', 'results': 1, 'page': 1, 'version': '1.4'}}</msg>
<arg>${json_data}</arg>
<doc>Logs the given message with the given level.</doc>
<status status="PASS" start="2024-05-27T07:15:30.528424" elapsed="0.000254"/>
</kw>
<kw name="Should Be Equal As Numbers" owner="BuiltIn">
<arg>${json_data['results'][0]['location']['postcode']}</arg>
<arg>${json_data['results'][0]['location']['postcode']}</arg>
<doc>Fails if objects are unequal after converting them to real numbers.</doc>
<status status="PASS" start="2024-05-27T07:15:30.528990" elapsed="0.000631"/>
</kw>
<kw name="Log" owner="BuiltIn">
<msg time="2024-05-27T07:15:30.530151" level="INFO">9492</msg>
<arg>${json_data['results'][0]['location']['postcode']}</arg>
<doc>Logs the given message with the given level.</doc>
<status status="PASS" start="2024-05-27T07:15:30.529822" elapsed="0.000371"/>
</kw>
<status status="PASS" start="2024-05-27T07:15:30.438729" elapsed="0.091730"/>
</kw>
<doc>Testa se os tipos de dados na resposta da API estão corretos.</doc>
<tag>testeTiposDados</tag>
<status status="PASS" start="2024-05-27T07:15:30.359342" elapsed="0.171305"/>
</test>
<test id="s1-s1-t5" name="Validar conteudo" line="35">
<kw name="Teste de Tipos de Conteudo" owner="random-user-service">
<kw name="GET On Session" owner="RequestsLibrary">
<msg time="2024-05-27T07:15:30.623617" level="INFO">GET Request : url=https://randomuser.me/api 
 path_url=/api 
 headers={'User-Agent': 'python-requests/2.32.2', 'Accept-Encoding': 'gzip, deflate', 'Accept': '*/*', 'Connection': 'keep-alive'} 
 body=None 
 </msg>
<msg time="2024-05-27T07:15:30.623714" level="INFO">GET Response : url=https://randomuser.me/api 
 status=200, reason=OK 
 headers={'Date': 'Mon, 27 May 2024 07:15:30 GMT', 'Content-Type': 'application/json; charset=utf-8', 'Transfer-Encoding': 'chunked', 'Connection': 'keep-alive', 'X-Powered-By': 'Express', 'Access-Control-Allow-Origin': '*', 'Cache-Control': 'no-cache', 'ETag': 'W/"4ab-SndDRdujb1o5Ea5UWnIqtYReEDw"', 'Vary': 'Accept-Encoding', 'Content-Encoding': 'gzip', 'CF-Cache-Status': 'DYNAMIC', 'Report-To': '{"endpoints":[{"url":"https:\\/\\/a.nel.cloudflare.com\\/report\\/v4?s=ZRC9PIaiZXmi0hS%2BIApcNSmmZxlisEfYRsFwE%2F5jUlvJLpA2%2FCf%2FK3I8ZRkXRWFIUgX6imQ2xFnoBZjkfsIHv2ezJUTBK5PnbfUrYvdAuxhZruPVerAjhJlWA18Xm56A"}],"group":"cf-nel","max_age":604800}', 'NEL': '{"success_fraction":0,"report_to":"cf-nel","max_age":604800}', 'Server': 'cloudflare', 'CF-RAY': '88a436d3da838281-IAD', 'alt-svc': 'h3=":443"; ma=86400'} 
 body={"results":[{"gender":"female","name":{"title":"Ms","first":"Corinna","last":"Fuhrmann"},"location":{"street":{"number":1963,"name":"Lessingstraße"},"city":"Idar-Oberstein","state":"Sachsen-Anhalt","country":"Germany","postcode":80434,"coordinates":{"latitude":"-50.0526","longitude":"16.2631"},"timezone":{"offset":"+9:00","description":"Tokyo, Seoul, Osaka, Sapporo, Yakutsk"}},"email":"corinna.fuhrmann@example.com","login":{"uuid":"33ce396d-ca5a-4622-a4ec-b6680384a54b","username":"smallpanda439","password":"thewho","salt":"PvMxklyr","md5":"3e20f6d2fa1f46517ce1d07db62fd026","sha1":"8d13d3abf2296366aa2aba964e453a529a99e8be","sha256":"1dd771032d57058943c2f08e6b138717aac364775413f5e2f27b291dd373099d"},"dob":{"date":"1968-02-15T20:29:50.524Z","age":56},"registered":{"date":"2012-11-09T08:02:13.960Z","age":11},"phone":"0252-6327192","cell":"0170-0179021","id":{"name":"SVNR","value":"77 150268 F 929"},"picture":{"large":"https://randomuser.me/api/portraits/women/2.jpg","medium":"https://randomuser.me/api/portraits/med/women/2.jpg","thumbnail":"https://randomuser.me/api/portraits/thumb/women/2.jpg"},"nat":"DE"}],"info":{"seed":"f29b26c25bd9f50d","results":1,"page":1,"version":"1.4"}} 
 </msg>
<msg time="2024-05-27T07:15:30.623785" level="INFO">/opt/hostedtoolcache/Python/3.12.3/x64/lib/python3.12/site-packages/urllib3/connectionpool.py:1103: InsecureRequestWarning: Unverified HTTPS request is being made to host 'randomuser.me'. Adding certificate verification is strongly advised. See: https://urllib3.readthedocs.io/en/latest/advanced-usage.html#tls-warnings
  warnings.warn(</msg>
<msg time="2024-05-27T07:15:30.623903" level="INFO">${response} = &lt;Response [200]&gt;</msg>
<var>${response}</var>
<arg>consultarAPI</arg>
<arg>/api</arg>
<doc>Sends a GET request on a previously created HTTP Session.</doc>
<status status="PASS" start="2024-05-27T07:15:30.533223" elapsed="0.090721"/>
</kw>
<kw name="Set Variable" owner="BuiltIn">
<msg time="2024-05-27T07:15:30.625161" level="INFO">${json_data} = {'results': [{'gender': 'female', 'name': {'title': 'Ms', 'first': 'Corinna', 'last': 'Fuhrmann'}, 'location': {'street': {'number': 1963, 'name': 'Lessingstraße'}, 'city': 'Idar-Oberstein', 'state': ...</msg>
<var>${json_data}</var>
<arg>${response.json()}</arg>
<doc>Returns the given values which can then be assigned to a variables.</doc>
<status status="PASS" start="2024-05-27T07:15:30.624594" elapsed="0.000596"/>
</kw>
<kw name="Set Variable" owner="BuiltIn">
<msg time="2024-05-27T07:15:30.625886" level="INFO">${name_title} = Ms</msg>
<var>${name_title}</var>
<arg>${json_data["results"][0]["name"]["title"]}</arg>
<doc>Returns the given values which can then be assigned to a variables.</doc>
<status status="PASS" start="2024-05-27T07:15:30.625506" elapsed="0.000406"/>
</kw>
<kw name="Create List" owner="BuiltIn">
<msg time="2024-05-27T07:15:30.626363" level="INFO">${allowed_titles} = ['Mr', 'Ms', 'Miss', 'Mrs', 'Madame', 'Monsieur']</msg>
<var>${allowed_titles}</var>
<arg>Mr</arg>
<arg>Ms</arg>
<arg>Miss</arg>
<arg>Mrs</arg>
<arg>Madame</arg>
<arg>Monsieur</arg>
<doc>Returns a list containing given items.</doc>
<status status="PASS" start="2024-05-27T07:15:30.626214" elapsed="0.000173"/>
</kw>
<kw name="List Should Contain Value" owner="Collections">
<msg time="2024-05-27T07:15:30.626878" level="INFO">False</msg>
<arg>${allowed_titles}</arg>
<arg>${name_title}</arg>
<doc>Fails if the ``value`` is not found from ``list``.</doc>
<status status="PASS" start="2024-05-27T07:15:30.626699" elapsed="0.000217"/>
</kw>
<kw name="Set Variable" owner="BuiltIn">
<msg time="2024-05-27T07:15:30.627781" level="INFO">${name_country} = DE</msg>
<var>${name_country}</var>
<arg>${json_data["results"][0]["nat"]}</arg>
<doc>Returns the given values which can then be assigned to a variables.</doc>
<status status="PASS" start="2024-05-27T07:15:30.627216" elapsed="0.000590"/>
</kw>
<kw name="Create List" owner="BuiltIn">
<msg time="2024-05-27T07:15:30.628749" level="INFO">${list_country} = ['AD', 'AE', 'AF', 'AG', 'AI', 'AL', 'AM', 'AO', 'AQ', 'AR', 'AS', 'AT', 'AU', 'AW', 'AX', 'AZ', 'BA', 'BB', 'BD', 'BE', 'BF', 'BG', 'BH', 'BI', 'BJ', 'BL', 'BM', 'BN', 'BO', 'BQ', 'BR', 'BS', 'BT', '...</msg>
<var>${list_country}</var>
<arg>AD</arg>
<arg>AE</arg>
<arg>AF</arg>
<arg>AG</arg>
<arg>AI</arg>
<arg>AL</arg>
<arg>AM</arg>
<arg>AO</arg>
<arg>AQ</arg>
<arg>AR</arg>
<arg>AS</arg>
<arg>AT</arg>
<arg>AU</arg>
<arg>AW</arg>
<arg>AX</arg>
<arg>AZ</arg>
<arg>BA</arg>
<arg>BB</arg>
<arg>BD</arg>
<arg>BE</arg>
<arg>BF</arg>
<arg>BG</arg>
<arg>BH</arg>
<arg>BI</arg>
<arg>BJ</arg>
<arg>BL</arg>
<arg>BM</arg>
<arg>BN</arg>
<arg>BO</arg>
<arg>BQ</arg>
<arg>BR</arg>
<arg>BS</arg>
<arg>BT</arg>
<arg>BV</arg>
<arg>BW</arg>
<arg>BY</arg>
<arg>BZ</arg>
<arg>CA</arg>
<arg>CC</arg>
<arg>CD</arg>
<arg>CF</arg>
<arg>CG</arg>
<arg>CH</arg>
<arg>CI</arg>
<arg>CK</arg>
<arg>CL</arg>
<arg>CM</arg>
<arg>CN</arg>
<arg>CO</arg>
<arg>CR</arg>
<arg>CU</arg>
<arg>CV</arg>
<arg>CW</arg>
<arg>CX</arg>
<arg>CY</arg>
<arg>CZ</arg>
<arg>DE</arg>
<arg>DJ</arg>
<arg>DK</arg>
<arg>DM</arg>
<arg>DO</arg>
<arg>DZ</arg>
<arg>EC</arg>
<arg>EE</arg>
<arg>EG</arg>
<arg>EH</arg>
<arg>ER</arg>
<arg>ES</arg>
<arg>ET</arg>
<arg>FI</arg>
<arg>FJ</arg>
<arg>FK</arg>
<arg>FM</arg>
<arg>FO</arg>
<arg>FR</arg>
<arg>GA</arg>
<arg>GB</arg>
<arg>GD</arg>
<arg>GE</arg>
<arg>GF</arg>
<arg>GG</arg>
<arg>GH</arg>
<arg>GI</arg>
<arg>GL</arg>
<arg>GM</arg>
<arg>GN</arg>
<arg>GP</arg>
<arg>GQ</arg>
<arg>GR</arg>
<arg>GS</arg>
<arg>GT</arg>
<arg>GU</arg>
<arg>GW</arg>
<arg>GY</arg>
<arg>HK</arg>
<arg>HM</arg>
<arg>HN</arg>
<arg>HR</arg>
<arg>HT</arg>
<arg>HU</arg>
<arg>ID</arg>
<arg>IE</arg>
<arg>IL</arg>
<arg>IM</arg>
<arg>IN</arg>
<arg>IO</arg>
<arg>IQ</arg>
<arg>IR</arg>
<arg>IS</arg>
<arg>IT</arg>
<arg>JE</arg>
<arg>JM</arg>
<arg>JO</arg>
<arg>JP</arg>
<arg>KE</arg>
<arg>KG</arg>
<arg>KH</arg>
<arg>KI</arg>
<arg>KM</arg>
<arg>KN</arg>
<arg>KP</arg>
<arg>KR</arg>
<arg>KW</arg>
<arg>KY</arg>
<arg>KZ</arg>
<arg>LA</arg>
<arg>LB</arg>
<arg>LC</arg>
<arg>LI</arg>
<arg>LK</arg>
<arg>LR</arg>
<arg>LS</arg>
<arg>LT</arg>
<arg>LU</arg>
<arg>LV</arg>
<arg>LY</arg>
<arg>MA</arg>
<arg>MC</arg>
<arg>MD</arg>
<arg>ME</arg>
<arg>MF</arg>
<arg>MG</arg>
<arg>MH</arg>
<arg>MK</arg>
<arg>ML</arg>
<arg>MM</arg>
<arg>MN</arg>
<arg>MO</arg>
<arg>MP</arg>
<arg>MQ</arg>
<arg>MR</arg>
<arg>MS</arg>
<arg>MT</arg>
<arg>MU</arg>
<arg>MV</arg>
<arg>MW</arg>
<arg>MX</arg>
<arg>MY</arg>
<arg>MZ</arg>
<arg>NA</arg>
<arg>NC</arg>
<arg>NE</arg>
<arg>NF</arg>
<arg>NG</arg>
<arg>NI</arg>
<arg>NL</arg>
<arg>NO</arg>
<arg>NP</arg>
<arg>NR</arg>
<arg>NU</arg>
<arg>NZ</arg>
<arg>OM</arg>
<arg>PA</arg>
<arg>PE</arg>
<arg>PF</arg>
<arg>PG</arg>
<arg>PH</arg>
<arg>PK</arg>
<arg>PL</arg>
<arg>PM</arg>
<arg>PN</arg>
<arg>PR</arg>
<arg>PS</arg>
<arg>PT</arg>
<arg>PW</arg>
<arg>PY</arg>
<arg>QA</arg>
<arg>RE</arg>
<arg>RO</arg>
<arg>RS</arg>
<arg>RU</arg>
<arg>RW</arg>
<arg>SA</arg>
<arg>SB</arg>
<arg>SC</arg>
<arg>SD</arg>
<arg>SE</arg>
<arg>SG</arg>
<arg>SH</arg>
<arg>SI</arg>
<arg>SJ</arg>
<arg>SK</arg>
<arg>SL</arg>
<arg>SM</arg>
<arg>SN</arg>
<arg>SO</arg>
<arg>SR</arg>
<arg>SS</arg>
<arg>ST</arg>
<arg>SV</arg>
<arg>SX</arg>
<arg>SY</arg>
<arg>SZ</arg>
<arg>TC</arg>
<arg>TD</arg>
<arg>TF</arg>
<arg>TG</arg>
<arg>TH</arg>
<arg>TJ</arg>
<arg>TK</arg>
<arg>TL</arg>
<arg>TM</arg>
<arg>TN</arg>
<arg>TO</arg>
<arg>TR</arg>
<arg>TT</arg>
<arg>TV</arg>
<arg>TW</arg>
<arg>TZ</arg>
<arg>UA</arg>
<arg>UG</arg>
<arg>UM</arg>
<arg>US</arg>
<arg>UY</arg>
<arg>UZ</arg>
<arg>VA</arg>
<arg>VC</arg>
<arg>VE</arg>
<arg>VG</arg>
<arg>VI</arg>
<arg>VN</arg>
<arg>VU</arg>
<arg>WF</arg>
<arg>WS</arg>
<arg>XK</arg>
<arg>YE</arg>
<arg>YT</arg>
<arg>ZA</arg>
<arg>ZM</arg>
<arg>ZW</arg>
<doc>Returns a list containing given items.</doc>
<status status="PASS" start="2024-05-27T07:15:30.628151" elapsed="0.000624"/>
</kw>
<kw name="List Should Contain Value" owner="Collections">
<msg time="2024-05-27T07:15:30.629779" level="INFO">False</msg>
<arg>${list_country}</arg>
<arg>${name_country}</arg>
<doc>Fails if the ``value`` is not found from ``list``.</doc>
<status status="PASS" start="2024-05-27T07:15:30.629575" elapsed="0.000240"/>
</kw>
<kw name="Run Keyword If" owner="BuiltIn">
<kw name="Should Be True" owner="BuiltIn">
<arg>${True}</arg>
<doc>Fails if the given condition is not true.</doc>
<status status="PASS" start="2024-05-27T07:15:30.630887" elapsed="0.000145"/>
</kw>
<arg>${json_data["results"][0]["location"]["coordinates"]["latitude"]} &gt;= -90 and ${json_data["results"][0]["location"]["coordinates"]["latitude"]} &lt;= 90</arg>
<arg>Should Be True</arg>
<arg>${True}</arg>
<doc>Runs the given keyword with the given arguments, if ``condition`` is true.</doc>
<status status="PASS" start="2024-05-27T07:15:30.630135" elapsed="0.001025"/>
</kw>
<kw name="Run Keyword If" owner="BuiltIn">
<kw name="Should Be True" owner="BuiltIn">
<arg>${True}</arg>
<doc>Fails if the given condition is not true.</doc>
<status status="PASS" start="2024-05-27T07:15:30.632041" elapsed="0.000185"/>
</kw>
<arg>${json_data["results"][0]["location"]["coordinates"]["longitude"]} &gt;= -180 and ${json_data["results"][0]["location"]["coordinates"]["longitude"]} &lt;= 180</arg>
<arg>Should Be True</arg>
<arg>${True}</arg>
<doc>Runs the given keyword with the given arguments, if ``condition`` is true.</doc>
<status status="PASS" start="2024-05-27T07:15:30.631352" elapsed="0.001003"/>
</kw>
<status status="PASS" start="2024-05-27T07:15:30.532990" elapsed="0.099508"/>
</kw>
<doc>Testa o conteúdo específico dos campos retornados pela API.</doc>
<tag>testeConteudo</tag>
<status status="PASS" start="2024-05-27T07:15:30.532439" elapsed="0.100216"/>
</test>
<status status="PASS" start="2024-05-27T07:15:29.752267" elapsed="0.882366"/>
</suite>
<status status="PASS" start="2024-05-27T07:15:29.737284" elapsed="0.902697"/>
</suite>
<statistics>
<total>
<stat pass="5" fail="0" skip="0">All Tests</stat>
</total>
<tag>
<stat pass="1" fail="0" skip="0">testeConteudo</stat>
<stat pass="1" fail="0" skip="0">testeEstruturaResposta</stat>
<stat pass="1" fail="0" skip="0">testeRequisicaoBasica</stat>
<stat pass="1" fail="0" skip="0">testeTiposDados</stat>
</tag>
<suite>
<stat pass="5" fail="0" skip="0" id="s1" name="Tests">Tests</stat>
<stat pass="5" fail="0" skip="0" id="s1-s1" name="Random-User-Test">Tests.Random-User-Test</stat>
</suite>
</statistics>
<errors>
</errors>
</robot>
