<?xml version="1.0" encoding="UTF-8"?>
<robot generator="Robot 7.0.1 (Python 3.12.4 on linux)" generated="2024-07-11T02:34:42.847537" rpa="false" schemaversion="5">
<suite id="s1" name="Tests" source="/home/runner/work/ApiRandomUser/ApiRandomUser/RamdonUser/tests">
<suite id="s1-s1" name="Random-User-Test" source="/home/runner/work/ApiRandomUser/ApiRandomUser/RamdonUser/tests/random-user-test.robot">
<test id="s1-s1-t1" name="Conectar" line="13">
<kw name="Conectar API" owner="random-user-service">
<kw name="Create Session" owner="RequestsLibrary">
<msg time="2024-07-11T02:34:43.242666" level="INFO">Creating Session using : alias=consultarAPI, url=https://randomuser.me/, headers={},                     cookies={}, auth=None, timeout=None, proxies=None, verify=False,                     debug=0 </msg>
<arg>consultarAPI</arg>
<arg>${URL}</arg>
<doc>Create Session: create a HTTP session to a server</doc>
<status status="PASS" start="2024-07-11T02:34:43.242438" elapsed="0.000403"/>
</kw>
<status status="PASS" start="2024-07-11T02:34:43.241473" elapsed="0.001721"/>
</kw>
<status status="PASS" start="2024-07-11T02:34:43.240866" elapsed="0.002518"/>
</test>
<test id="s1-s1-t2" name="Validar retorno 200 e JSON Válido" line="16">
<kw name="Teste de Requisicao Basica" owner="random-user-service">
<kw name="GET On Session" owner="RequestsLibrary">
<msg time="2024-07-11T02:34:43.335300" level="INFO">GET Request : url=https://randomuser.me/api 
 path_url=/api 
 headers={'User-Agent': 'python-requests/2.32.3', 'Accept-Encoding': 'gzip, deflate', 'Accept': '*/*', 'Connection': 'keep-alive'} 
 body=None 
 </msg>
<msg time="2024-07-11T02:34:43.335416" level="INFO">GET Response : url=https://randomuser.me/api 
 status=200, reason=OK 
 headers={'Date': 'Thu, 11 Jul 2024 02:34:43 GMT', 'Content-Type': 'application/json; charset=utf-8', 'Transfer-Encoding': 'chunked', 'Connection': 'keep-alive', 'X-Powered-By': 'Express', 'Access-Control-Allow-Origin': '*', 'Cache-Control': 'no-cache', 'ETag': 'W/"49d-RvwF9NumR6oUxy4yULl6+gXGrto"', 'Vary': 'Accept-Encoding', 'Content-Encoding': 'gzip', 'CF-Cache-Status': 'DYNAMIC', 'Report-To': '{"endpoints":[{"url":"https:\\/\\/a.nel.cloudflare.com\\/report\\/v4?s=K7%2BSCXG9lVa6%2FNGPo%2BMGrik%2BVoy94iU%2FC7xim7v%2BwtIyU9IwJRQEqDK4TzA8lDzs%2FoNl0qVrW4RE99ActaxRwLHQqnQYseCCvZeA5iNoVOSkkdWbd6iSY8CqGOJ3asbW"}],"group":"cf-nel","max_age":604800}', 'NEL': '{"success_fraction":0,"report_to":"cf-nel","max_age":604800}', 'Server': 'cloudflare', 'CF-RAY': '8a1565647ecf10db-ORD', 'alt-svc': 'h3=":443"; ma=86400'} 
 body={"results":[{"gender":"female","name":{"title":"Miss","first":"Lucie","last":"Hubert"},"location":{"street":{"number":8226,"name":"Rue Paul-Duvivier"},"city":"Lyon","state":"Meuse","country":"France","postcode":10987,"coordinates":{"latitude":"-18.9744","longitude":"105.5999"},"timezone":{"offset":"+1:00","description":"Brussels, Copenhagen, Madrid, Paris"}},"email":"lucie.hubert@example.com","login":{"uuid":"a717df7b-0e0c-4f68-90d2-69e05f66b726","username":"biggorilla651","password":"sixpack","salt":"3cX0xFwb","md5":"c74ce0a65212f9c90794ae0f6214042f","sha1":"07a521d87b69ce28bfc5777c79c5fb62ca1d6977","sha256":"70fcd125bd57dd289fd254f4c488d474e2072bf9f653fb0182974975df6bd4aa"},"dob":{"date":"1994-05-20T18:59:41.138Z","age":30},"registered":{"date":"2003-05-05T02:32:23.612Z","age":21},"phone":"05-34-64-13-25","cell":"06-92-92-49-33","id":{"name":"INSEE","value":"2940442978512 68"},"picture":{"large":"https://randomuser.me/api/portraits/women/30.jpg","medium":"https://randomuser.me/api/portraits/med/women/30.jpg","thumbnail":"https://randomuser.me/api/portraits/thumb/women/30.jpg"},"nat":"FR"}],"info":{"seed":"77dd2dd2db094f27","results":1,"page":1,"version":"1.4"}} 
 </msg>
<msg time="2024-07-11T02:34:43.335490" level="INFO">/opt/hostedtoolcache/Python/3.12.4/x64/lib/python3.12/site-packages/urllib3/connectionpool.py:1099: InsecureRequestWarning: Unverified HTTPS request is being made to host 'randomuser.me'. Adding certificate verification is strongly advised. See: https://urllib3.readthedocs.io/en/latest/advanced-usage.html#tls-warnings
  warnings.warn(</msg>
<msg time="2024-07-11T02:34:43.335623" level="INFO">${response} = &lt;Response [200]&gt;</msg>
<var>${response}</var>
<arg>consultarAPI</arg>
<arg>/api</arg>
<doc>Sends a GET request on a previously created HTTP Session.</doc>
<status status="PASS" start="2024-07-11T02:34:43.246057" elapsed="0.089614"/>
</kw>
<kw name="Should Be Equal As Numbers" owner="BuiltIn">
<msg time="2024-07-11T02:34:43.336848" level="INFO">Argument types are:
&lt;class 'int'&gt;
&lt;class 'str'&gt;</msg>
<arg>${response.status_code}</arg>
<arg>200</arg>
<doc>Fails if objects are unequal after converting them to real numbers.</doc>
<status status="PASS" start="2024-07-11T02:34:43.336251" elapsed="0.000664"/>
</kw>
<kw name="Log" owner="BuiltIn">
<msg time="2024-07-11T02:34:43.337616" level="INFO">200</msg>
<arg>${response.status_code}</arg>
<doc>Logs the given message with the given level.</doc>
<status status="PASS" start="2024-07-11T02:34:43.337250" elapsed="0.000410"/>
</kw>
<kw name="Set Variable" owner="BuiltIn">
<msg time="2024-07-11T02:34:43.338402" level="INFO">${json_data} = {'results': [{'gender': 'female', 'name': {'title': 'Miss', 'first': 'Lucie', 'last': 'Hubert'}, 'location': {'street': {'number': 8226, 'name': 'Rue Paul-Duvivier'}, 'city': 'Lyon', 'state': 'Meuse',...</msg>
<var>${json_data}</var>
<arg>${response.json()}</arg>
<doc>Returns the given values which can then be assigned to a variables.</doc>
<status status="PASS" start="2024-07-11T02:34:43.337967" elapsed="0.000464"/>
</kw>
<kw name="Dictionary Should Contain Key" owner="Collections">
<arg>${json_data}</arg>
<arg>results</arg>
<doc>Fails if ``key`` is not found from ``dictionary``.</doc>
<status status="PASS" start="2024-07-11T02:34:43.338761" elapsed="0.000166"/>
</kw>
<status status="PASS" start="2024-07-11T02:34:43.245815" elapsed="0.093261"/>
</kw>
<doc>Testa se a API responde corretamente e retorna um objeto JSON válido.</doc>
<tag>testeRequisicaoBasica</tag>
<status status="PASS" start="2024-07-11T02:34:43.245283" elapsed="0.093968"/>
</test>
<test id="s1-s1-t3" name="Validar estrutura de resposta" line="22">
<kw name="Teste de Estrutura de Resposta" owner="random-user-service">
<kw name="GET On Session" owner="RequestsLibrary">
<msg time="2024-07-11T02:34:43.473854" level="INFO">GET Request : url=https://randomuser.me/api 
 path_url=/api 
 headers={'User-Agent': 'python-requests/2.32.3', 'Accept-Encoding': 'gzip, deflate', 'Accept': '*/*', 'Connection': 'keep-alive'} 
 body=None 
 </msg>
<msg time="2024-07-11T02:34:43.473942" level="INFO">GET Response : url=https://randomuser.me/api 
 status=200, reason=OK 
 headers={'Date': 'Thu, 11 Jul 2024 02:34:43 GMT', 'Content-Type': 'application/json; charset=utf-8', 'Transfer-Encoding': 'chunked', 'Connection': 'keep-alive', 'X-Powered-By': 'Express', 'Access-Control-Allow-Origin': '*', 'Cache-Control': 'no-cache', 'ETag': 'W/"4b0-RNY98TYniyW0ZXJ8B/PaVF+KO/8"', 'Vary': 'Accept-Encoding', 'Content-Encoding': 'gzip', 'CF-Cache-Status': 'DYNAMIC', 'Report-To': '{"endpoints":[{"url":"https:\\/\\/a.nel.cloudflare.com\\/report\\/v4?s=moX9Q0iJC%2BLeum38hXKEAev07a8XvBpbwXUXeFvHgV0VNBxf%2BrewahMvOUMFHDMcicJDdIGWm72A0hRe4e%2FZxOG9IhLrTvcHq6uHeQnvQU%2FuQThQapUnwCntKvP9Q9TT"}],"group":"cf-nel","max_age":604800}', 'NEL': '{"success_fraction":0,"report_to":"cf-nel","max_age":604800}', 'Server': 'cloudflare', 'CF-RAY': '8a156564ef5110db-ORD', 'alt-svc': 'h3=":443"; ma=86400'} 
 body={"results":[{"gender":"female","name":{"title":"Miss","first":"Carla","last":"Calvillo"},"location":{"street":{"number":5904,"name":"Pasaje Irlanda"},"city":"Agua Prieta","state":"Baja California Sur","country":"Mexico","postcode":24139,"coordinates":{"latitude":"21.9621","longitude":"119.7166"},"timezone":{"offset":"+8:00","description":"Beijing, Perth, Singapore, Hong Kong"}},"email":"carla.calvillo@example.com","login":{"uuid":"220d9a01-2750-4bdc-9be9-bb2ffcf08326","username":"organicpanda769","password":"tongue","salt":"EvcS1U2U","md5":"130330879220d5459967bd505614875c","sha1":"b8b019855fff4a5918251519dfb733acb446176c","sha256":"65f583c7b19dcaee430d38ad540be9a3700a4cba73d31c96a98f321a032eaf4b"},"dob":{"date":"1953-05-18T11:31:19.225Z","age":71},"registered":{"date":"2021-12-26T07:21:29.350Z","age":2},"phone":"(679) 051 1379","cell":"(652) 171 9371","id":{"name":"NSS","value":"59 84 64 0626 7"},"picture":{"large":"https://randomuser.me/api/portraits/women/93.jpg","medium":"https://randomuser.me/api/portraits/med/women/93.jpg","thumbnail":"https://randomuser.me/api/portraits/thumb/women/93.jpg"},"nat":"MX"}],"info":{"seed":"7d01d74ab82c6d1f","results":1,"page":1,"version":"1.4"}} 
 </msg>
<msg time="2024-07-11T02:34:43.474074" level="INFO">/opt/hostedtoolcache/Python/3.12.4/x64/lib/python3.12/site-packages/urllib3/connectionpool.py:1099: InsecureRequestWarning: Unverified HTTPS request is being made to host 'randomuser.me'. Adding certificate verification is strongly advised. See: https://urllib3.readthedocs.io/en/latest/advanced-usage.html#tls-warnings
  warnings.warn(</msg>
<msg time="2024-07-11T02:34:43.474209" level="INFO">${response} = &lt;Response [200]&gt;</msg>
<var>${response}</var>
<arg>consultarAPI</arg>
<arg>/api</arg>
<doc>Sends a GET request on a previously created HTTP Session.</doc>
<status status="PASS" start="2024-07-11T02:34:43.341811" elapsed="0.132450"/>
</kw>
<kw name="Set Variable" owner="BuiltIn">
<msg time="2024-07-11T02:34:43.475268" level="INFO">${json_data} = {'results': [{'gender': 'female', 'name': {'title': 'Miss', 'first': 'Carla', 'last': 'Calvillo'}, 'location': {'street': {'number': 5904, 'name': 'Pasaje Irlanda'}, 'city': 'Agua Prieta', 'state': 'B...</msg>
<var>${json_data}</var>
<arg>${response.json()}</arg>
<doc>Returns the given values which can then be assigned to a variables.</doc>
<status status="PASS" start="2024-07-11T02:34:43.474786" elapsed="0.000511"/>
</kw>
<kw name="Log" owner="BuiltIn">
<msg time="2024-07-11T02:34:43.475768" level="INFO">{'results': [{'gender': 'female', 'name': {'title': 'Miss', 'first': 'Carla', 'last': 'Calvillo'}, 'location': {'street': {'number': 5904, 'name': 'Pasaje Irlanda'}, 'city': 'Agua Prieta', 'state': 'Baja California Sur', 'country': 'Mexico', 'postcode': 24139, 'coordinates': {'latitude': '21.9621', 'longitude': '119.7166'}, 'timezone': {'offset': '+8:00', 'description': 'Beijing, Perth, Singapore, Hong Kong'}}, 'email': 'carla.calvillo@example.com', 'login': {'uuid': '220d9a01-2750-4bdc-9be9-bb2ffcf08326', 'username': 'organicpanda769', 'password': 'tongue', 'salt': 'EvcS1U2U', 'md5': '130330879220d5459967bd505614875c', 'sha1': 'b8b019855fff4a5918251519dfb733acb446176c', 'sha256': '65f583c7b19dcaee430d38ad540be9a3700a4cba73d31c96a98f321a032eaf4b'}, 'dob': {'date': '1953-05-18T11:31:19.225Z', 'age': 71}, 'registered': {'date': '2021-12-26T07:21:29.350Z', 'age': 2}, 'phone': '(679) 051 1379', 'cell': '(652) 171 9371', 'id': {'name': 'NSS', 'value': '59 84 64 0626 7'}, 'picture': {'large': 'https://randomuser.me/api/portraits/women/93.jpg', 'medium': 'https://randomuser.me/api/portraits/med/women/93.jpg', 'thumbnail': 'https://randomuser.me/api/portraits/thumb/women/93.jpg'}, 'nat': 'MX'}], 'info': {'seed': '7d01d74ab82c6d1f', 'results': 1, 'page': 1, 'version': '1.4'}}</msg>
<arg>${json_data}</arg>
<doc>Logs the given message with the given level.</doc>
<status status="PASS" start="2024-07-11T02:34:43.475613" elapsed="0.000205"/>
</kw>
<kw name="Dictionary Should Contain Key" owner="Collections">
<arg>${json_data}</arg>
<arg>results</arg>
<doc>Fails if ``key`` is not found from ``dictionary``.</doc>
<status status="PASS" start="2024-07-11T02:34:43.476115" elapsed="0.000160"/>
</kw>
<kw name="Should Not Be Empty" owner="BuiltIn">
<msg time="2024-07-11T02:34:43.476592" level="INFO">Length is 2.</msg>
<arg>${json_data}</arg>
<doc>Verifies that the given item is not empty.</doc>
<status status="PASS" start="2024-07-11T02:34:43.476460" elapsed="0.000170"/>
</kw>
<kw name="Create List" owner="BuiltIn">
<msg time="2024-07-11T02:34:43.477070" level="INFO">${expected_keys} = ['gender', 'name', 'location', 'email', 'login']</msg>
<var>${expected_keys}</var>
<arg>gender</arg>
<arg>name</arg>
<arg>location</arg>
<arg>email</arg>
<arg>login</arg>
<doc>Returns a list containing given items.</doc>
<status status="PASS" start="2024-07-11T02:34:43.476923" elapsed="0.000171"/>
</kw>
<for flavor="IN">
<iter>
<kw name="Dictionary Should Contain Key" owner="Collections">
<arg>${json_data['results'][0]}</arg>
<arg>${key}</arg>
<doc>Fails if ``key`` is not found from ``dictionary``.</doc>
<status status="PASS" start="2024-07-11T02:34:43.477809" elapsed="0.000402"/>
</kw>
<kw name="Log" owner="BuiltIn">
<msg time="2024-07-11T02:34:43.478797" level="INFO">{'gender': 'female', 'name': {'title': 'Miss', 'first': 'Carla', 'last': 'Calvillo'}, 'location': {'street': {'number': 5904, 'name': 'Pasaje Irlanda'}, 'city': 'Agua Prieta', 'state': 'Baja California Sur', 'country': 'Mexico', 'postcode': 24139, 'coordinates': {'latitude': '21.9621', 'longitude': '119.7166'}, 'timezone': {'offset': '+8:00', 'description': 'Beijing, Perth, Singapore, Hong Kong'}}, 'email': 'carla.calvillo@example.com', 'login': {'uuid': '220d9a01-2750-4bdc-9be9-bb2ffcf08326', 'username': 'organicpanda769', 'password': 'tongue', 'salt': 'EvcS1U2U', 'md5': '130330879220d5459967bd505614875c', 'sha1': 'b8b019855fff4a5918251519dfb733acb446176c', 'sha256': '65f583c7b19dcaee430d38ad540be9a3700a4cba73d31c96a98f321a032eaf4b'}, 'dob': {'date': '1953-05-18T11:31:19.225Z', 'age': 71}, 'registered': {'date': '2021-12-26T07:21:29.350Z', 'age': 2}, 'phone': '(679) 051 1379', 'cell': '(652) 171 9371', 'id': {'name': 'NSS', 'value': '59 84 64 0626 7'}, 'picture': {'large': 'https://randomuser.me/api/portraits/women/93.jpg', 'medium': 'https://randomuser.me/api/portraits/med/women/93.jpg', 'thumbnail': 'https://randomuser.me/api/portraits/thumb/women/93.jpg'}, 'nat': 'MX'}</msg>
<arg>${json_data['results'][0]}</arg>
<doc>Logs the given message with the given level.</doc>
<status status="PASS" start="2024-07-11T02:34:43.478407" elapsed="0.000441"/>
</kw>
<kw name="Log" owner="BuiltIn">
<msg time="2024-07-11T02:34:43.479279" level="INFO">gender</msg>
<arg>${key}</arg>
<doc>Logs the given message with the given level.</doc>
<status status="PASS" start="2024-07-11T02:34:43.479151" elapsed="0.000167"/>
</kw>
<var name="${key}">gender</var>
<status status="PASS" start="2024-07-11T02:34:43.477687" elapsed="0.001849"/>
</iter>
<iter>
<kw name="Dictionary Should Contain Key" owner="Collections">
<arg>${json_data['results'][0]}</arg>
<arg>${key}</arg>
<doc>Fails if ``key`` is not found from ``dictionary``.</doc>
<status status="PASS" start="2024-07-11T02:34:43.479834" elapsed="0.000394"/>
</kw>
<kw name="Log" owner="BuiltIn">
<msg time="2024-07-11T02:34:43.480803" level="INFO">{'gender': 'female', 'name': {'title': 'Miss', 'first': 'Carla', 'last': 'Calvillo'}, 'location': {'street': {'number': 5904, 'name': 'Pasaje Irlanda'}, 'city': 'Agua Prieta', 'state': 'Baja California Sur', 'country': 'Mexico', 'postcode': 24139, 'coordinates': {'latitude': '21.9621', 'longitude': '119.7166'}, 'timezone': {'offset': '+8:00', 'description': 'Beijing, Perth, Singapore, Hong Kong'}}, 'email': 'carla.calvillo@example.com', 'login': {'uuid': '220d9a01-2750-4bdc-9be9-bb2ffcf08326', 'username': 'organicpanda769', 'password': 'tongue', 'salt': 'EvcS1U2U', 'md5': '130330879220d5459967bd505614875c', 'sha1': 'b8b019855fff4a5918251519dfb733acb446176c', 'sha256': '65f583c7b19dcaee430d38ad540be9a3700a4cba73d31c96a98f321a032eaf4b'}, 'dob': {'date': '1953-05-18T11:31:19.225Z', 'age': 71}, 'registered': {'date': '2021-12-26T07:21:29.350Z', 'age': 2}, 'phone': '(679) 051 1379', 'cell': '(652) 171 9371', 'id': {'name': 'NSS', 'value': '59 84 64 0626 7'}, 'picture': {'large': 'https://randomuser.me/api/portraits/women/93.jpg', 'medium': 'https://randomuser.me/api/portraits/med/women/93.jpg', 'thumbnail': 'https://randomuser.me/api/portraits/thumb/women/93.jpg'}, 'nat': 'MX'}</msg>
<arg>${json_data['results'][0]}</arg>
<doc>Logs the given message with the given level.</doc>
<status status="PASS" start="2024-07-11T02:34:43.480444" elapsed="0.000410"/>
</kw>
<kw name="Log" owner="BuiltIn">
<msg time="2024-07-11T02:34:43.481280" level="INFO">name</msg>
<arg>${key}</arg>
<doc>Logs the given message with the given level.</doc>
<status status="PASS" start="2024-07-11T02:34:43.481151" elapsed="0.000167"/>
</kw>
<var name="${key}">name</var>
<status status="PASS" start="2024-07-11T02:34:43.479723" elapsed="0.001815"/>
</iter>
<iter>
<kw name="Dictionary Should Contain Key" owner="Collections">
<arg>${json_data['results'][0]}</arg>
<arg>${key}</arg>
<doc>Fails if ``key`` is not found from ``dictionary``.</doc>
<status status="PASS" start="2024-07-11T02:34:43.481830" elapsed="0.000384"/>
</kw>
<kw name="Log" owner="BuiltIn">
<msg time="2024-07-11T02:34:43.482782" level="INFO">{'gender': 'female', 'name': {'title': 'Miss', 'first': 'Carla', 'last': 'Calvillo'}, 'location': {'street': {'number': 5904, 'name': 'Pasaje Irlanda'}, 'city': 'Agua Prieta', 'state': 'Baja California Sur', 'country': 'Mexico', 'postcode': 24139, 'coordinates': {'latitude': '21.9621', 'longitude': '119.7166'}, 'timezone': {'offset': '+8:00', 'description': 'Beijing, Perth, Singapore, Hong Kong'}}, 'email': 'carla.calvillo@example.com', 'login': {'uuid': '220d9a01-2750-4bdc-9be9-bb2ffcf08326', 'username': 'organicpanda769', 'password': 'tongue', 'salt': 'EvcS1U2U', 'md5': '130330879220d5459967bd505614875c', 'sha1': 'b8b019855fff4a5918251519dfb733acb446176c', 'sha256': '65f583c7b19dcaee430d38ad540be9a3700a4cba73d31c96a98f321a032eaf4b'}, 'dob': {'date': '1953-05-18T11:31:19.225Z', 'age': 71}, 'registered': {'date': '2021-12-26T07:21:29.350Z', 'age': 2}, 'phone': '(679) 051 1379', 'cell': '(652) 171 9371', 'id': {'name': 'NSS', 'value': '59 84 64 0626 7'}, 'picture': {'large': 'https://randomuser.me/api/portraits/women/93.jpg', 'medium': 'https://randomuser.me/api/portraits/med/women/93.jpg', 'thumbnail': 'https://randomuser.me/api/portraits/thumb/women/93.jpg'}, 'nat': 'MX'}</msg>
<arg>${json_data['results'][0]}</arg>
<doc>Logs the given message with the given level.</doc>
<status status="PASS" start="2024-07-11T02:34:43.482403" elapsed="0.000428"/>
</kw>
<kw name="Log" owner="BuiltIn">
<msg time="2024-07-11T02:34:43.483252" level="INFO">location</msg>
<arg>${key}</arg>
<doc>Logs the given message with the given level.</doc>
<status status="PASS" start="2024-07-11T02:34:43.483125" elapsed="0.000165"/>
</kw>
<var name="${key}">location</var>
<status status="PASS" start="2024-07-11T02:34:43.481721" elapsed="0.001784"/>
</iter>
<iter>
<kw name="Dictionary Should Contain Key" owner="Collections">
<arg>${json_data['results'][0]}</arg>
<arg>${key}</arg>
<doc>Fails if ``key`` is not found from ``dictionary``.</doc>
<status status="PASS" start="2024-07-11T02:34:43.483797" elapsed="0.000423"/>
</kw>
<kw name="Log" owner="BuiltIn">
<msg time="2024-07-11T02:34:43.484766" level="INFO">{'gender': 'female', 'name': {'title': 'Miss', 'first': 'Carla', 'last': 'Calvillo'}, 'location': {'street': {'number': 5904, 'name': 'Pasaje Irlanda'}, 'city': 'Agua Prieta', 'state': 'Baja California Sur', 'country': 'Mexico', 'postcode': 24139, 'coordinates': {'latitude': '21.9621', 'longitude': '119.7166'}, 'timezone': {'offset': '+8:00', 'description': 'Beijing, Perth, Singapore, Hong Kong'}}, 'email': 'carla.calvillo@example.com', 'login': {'uuid': '220d9a01-2750-4bdc-9be9-bb2ffcf08326', 'username': 'organicpanda769', 'password': 'tongue', 'salt': 'EvcS1U2U', 'md5': '130330879220d5459967bd505614875c', 'sha1': 'b8b019855fff4a5918251519dfb733acb446176c', 'sha256': '65f583c7b19dcaee430d38ad540be9a3700a4cba73d31c96a98f321a032eaf4b'}, 'dob': {'date': '1953-05-18T11:31:19.225Z', 'age': 71}, 'registered': {'date': '2021-12-26T07:21:29.350Z', 'age': 2}, 'phone': '(679) 051 1379', 'cell': '(652) 171 9371', 'id': {'name': 'NSS', 'value': '59 84 64 0626 7'}, 'picture': {'large': 'https://randomuser.me/api/portraits/women/93.jpg', 'medium': 'https://randomuser.me/api/portraits/med/women/93.jpg', 'thumbnail': 'https://randomuser.me/api/portraits/thumb/women/93.jpg'}, 'nat': 'MX'}</msg>
<arg>${json_data['results'][0]}</arg>
<doc>Logs the given message with the given level.</doc>
<status status="PASS" start="2024-07-11T02:34:43.484412" elapsed="0.000403"/>
</kw>
<kw name="Log" owner="BuiltIn">
<msg time="2024-07-11T02:34:43.485236" level="INFO">email</msg>
<arg>${key}</arg>
<doc>Logs the given message with the given level.</doc>
<status status="PASS" start="2024-07-11T02:34:43.485112" elapsed="0.000162"/>
</kw>
<var name="${key}">email</var>
<status status="PASS" start="2024-07-11T02:34:43.483689" elapsed="0.001809"/>
</iter>
<iter>
<kw name="Dictionary Should Contain Key" owner="Collections">
<arg>${json_data['results'][0]}</arg>
<arg>${key}</arg>
<doc>Fails if ``key`` is not found from ``dictionary``.</doc>
<status status="PASS" start="2024-07-11T02:34:43.485790" elapsed="0.000392"/>
</kw>
<kw name="Log" owner="BuiltIn">
<msg time="2024-07-11T02:34:43.486750" level="INFO">{'gender': 'female', 'name': {'title': 'Miss', 'first': 'Carla', 'last': 'Calvillo'}, 'location': {'street': {'number': 5904, 'name': 'Pasaje Irlanda'}, 'city': 'Agua Prieta', 'state': 'Baja California Sur', 'country': 'Mexico', 'postcode': 24139, 'coordinates': {'latitude': '21.9621', 'longitude': '119.7166'}, 'timezone': {'offset': '+8:00', 'description': 'Beijing, Perth, Singapore, Hong Kong'}}, 'email': 'carla.calvillo@example.com', 'login': {'uuid': '220d9a01-2750-4bdc-9be9-bb2ffcf08326', 'username': 'organicpanda769', 'password': 'tongue', 'salt': 'EvcS1U2U', 'md5': '130330879220d5459967bd505614875c', 'sha1': 'b8b019855fff4a5918251519dfb733acb446176c', 'sha256': '65f583c7b19dcaee430d38ad540be9a3700a4cba73d31c96a98f321a032eaf4b'}, 'dob': {'date': '1953-05-18T11:31:19.225Z', 'age': 71}, 'registered': {'date': '2021-12-26T07:21:29.350Z', 'age': 2}, 'phone': '(679) 051 1379', 'cell': '(652) 171 9371', 'id': {'name': 'NSS', 'value': '59 84 64 0626 7'}, 'picture': {'large': 'https://randomuser.me/api/portraits/women/93.jpg', 'medium': 'https://randomuser.me/api/portraits/med/women/93.jpg', 'thumbnail': 'https://randomuser.me/api/portraits/thumb/women/93.jpg'}, 'nat': 'MX'}</msg>
<arg>${json_data['results'][0]}</arg>
<doc>Logs the given message with the given level.</doc>
<status status="PASS" start="2024-07-11T02:34:43.486363" elapsed="0.000437"/>
</kw>
<kw name="Log" owner="BuiltIn">
<msg time="2024-07-11T02:34:43.487223" level="INFO">login</msg>
<arg>${key}</arg>
<doc>Logs the given message with the given level.</doc>
<status status="PASS" start="2024-07-11T02:34:43.487096" elapsed="0.000165"/>
</kw>
<var name="${key}">login</var>
<status status="PASS" start="2024-07-11T02:34:43.485675" elapsed="0.001808"/>
</iter>
<var>${key}</var>
<value>@{expected_keys}</value>
<status status="PASS" start="2024-07-11T02:34:43.477498" elapsed="0.010135"/>
</for>
<kw name="Create List" owner="BuiltIn">
<msg time="2024-07-11T02:34:43.487967" level="INFO">${expected_keysTwo} = ['username', 'password']</msg>
<var>${expected_keysTwo}</var>
<arg>username</arg>
<arg>password</arg>
<doc>Returns a list containing given items.</doc>
<status status="PASS" start="2024-07-11T02:34:43.487832" elapsed="0.000159"/>
</kw>
<for flavor="IN">
<iter>
<kw name="Dictionary Should Contain Key" owner="Collections">
<arg>${json_data['results'][0]['login']}</arg>
<arg>${keyTwo}</arg>
<doc>Fails if ``key`` is not found from ``dictionary``.</doc>
<status status="PASS" start="2024-07-11T02:34:43.488489" elapsed="0.000390"/>
</kw>
<kw name="Dictionary Should Contain Key" owner="Collections">
<arg>${json_data['results'][0]['login']}</arg>
<arg>${keyTwo}</arg>
<doc>Fails if ``key`` is not found from ``dictionary``.</doc>
<status status="PASS" start="2024-07-11T02:34:43.489060" elapsed="0.000371"/>
</kw>
<kw name="Log" owner="BuiltIn">
<msg time="2024-07-11T02:34:43.489740" level="INFO">username</msg>
<arg>${keyTwo}</arg>
<doc>Logs the given message with the given level.</doc>
<status status="PASS" start="2024-07-11T02:34:43.489617" elapsed="0.000161"/>
</kw>
<var name="${keyTwo}">username</var>
<status status="PASS" start="2024-07-11T02:34:43.488382" elapsed="0.001619"/>
</iter>
<iter>
<kw name="Dictionary Should Contain Key" owner="Collections">
<arg>${json_data['results'][0]['login']}</arg>
<arg>${keyTwo}</arg>
<doc>Fails if ``key`` is not found from ``dictionary``.</doc>
<status status="PASS" start="2024-07-11T02:34:43.490280" elapsed="0.000413"/>
</kw>
<kw name="Dictionary Should Contain Key" owner="Collections">
<arg>${json_data['results'][0]['login']}</arg>
<arg>${keyTwo}</arg>
<doc>Fails if ``key`` is not found from ``dictionary``.</doc>
<status status="PASS" start="2024-07-11T02:34:43.490876" elapsed="0.000378"/>
</kw>
<kw name="Log" owner="BuiltIn">
<msg time="2024-07-11T02:34:43.491549" level="INFO">password</msg>
<arg>${keyTwo}</arg>
<doc>Logs the given message with the given level.</doc>
<status status="PASS" start="2024-07-11T02:34:43.491430" elapsed="0.000162"/>
</kw>
<var name="${keyTwo}">password</var>
<status status="PASS" start="2024-07-11T02:34:43.490173" elapsed="0.001642"/>
</iter>
<var>${keyTwo}</var>
<value>@{expected_keysTwo}</value>
<status status="PASS" start="2024-07-11T02:34:43.488228" elapsed="0.003707"/>
</for>
<status status="PASS" start="2024-07-11T02:34:43.341580" elapsed="0.150493"/>
</kw>
<doc>Testa a estrutura da resposta da API.</doc>
<tag>testeEstruturaResposta</tag>
<status status="PASS" start="2024-07-11T02:34:43.341089" elapsed="0.151134"/>
</test>
<test id="s1-s1-t4" name="Validar tipos de dados" line="28">
<kw name="Teste de Tipos de Dados" owner="random-user-service">
<kw name="GET On Session" owner="RequestsLibrary">
<msg time="2024-07-11T02:34:43.536203" level="INFO">GET Request : url=https://randomuser.me/api 
 path_url=/api 
 headers={'User-Agent': 'python-requests/2.32.3', 'Accept-Encoding': 'gzip, deflate', 'Accept': '*/*', 'Connection': 'keep-alive'} 
 body=None 
 </msg>
<msg time="2024-07-11T02:34:43.536266" level="INFO">GET Response : url=https://randomuser.me/api 
 status=200, reason=OK 
 headers={'Date': 'Thu, 11 Jul 2024 02:34:43 GMT', 'Content-Type': 'application/json; charset=utf-8', 'Transfer-Encoding': 'chunked', 'Connection': 'keep-alive', 'X-Powered-By': 'Express', 'Access-Control-Allow-Origin': '*', 'Cache-Control': 'no-cache', 'ETag': 'W/"47d-FAUmLGnRzIEsg5SLoFOIwqTdKb4"', 'Vary': 'Accept-Encoding', 'Content-Encoding': 'gzip', 'CF-Cache-Status': 'DYNAMIC', 'Report-To': '{"endpoints":[{"url":"https:\\/\\/a.nel.cloudflare.com\\/report\\/v4?s=O1bMzurCRE8Lb%2B9ple8WiOl%2BbzXBQ%2B2L8zqVzXzrqarw3tsVPZOTN00tg9jXlOOiZLjhisgslmHAUFCeIKvifLzSOUj7wh62G03ewF3GC62zyZgUg8ghjjypQlPiJcu1"}],"group":"cf-nel","max_age":604800}', 'NEL': '{"success_fraction":0,"report_to":"cf-nel","max_age":604800}', 'Server': 'cloudflare', 'CF-RAY': '8a156565d8e610db-ORD', 'alt-svc': 'h3=":443"; ma=86400'} 
 body={"results":[{"gender":"female","name":{"title":"Miss","first":"Andrea","last":"Serrano"},"location":{"street":{"number":2578,"name":"Calle del Arenal"},"city":"Oviedo","state":"Ceuta","country":"Spain","postcode":52110,"coordinates":{"latitude":"-34.5485","longitude":"42.5004"},"timezone":{"offset":"+9:30","description":"Adelaide, Darwin"}},"email":"andrea.serrano@example.com","login":{"uuid":"0e1e4ca7-7f3e-433d-a0c6-b41eb71fa237","username":"greenpanda377","password":"sanity","salt":"8n5mmY3b","md5":"015e321469128f20beb8516d62731bd9","sha1":"6a0322fbcb91f1e4c43230fb64d89c12a242cbb7","sha256":"dc8538a23d624aa8caaf9d5eacaf7f91f91b0844dc729dd7c2bec934c73d3919"},"dob":{"date":"1948-11-30T14:39:00.745Z","age":75},"registered":{"date":"2020-12-18T16:20:29.826Z","age":3},"phone":"940-961-241","cell":"652-875-218","id":{"name":"DNI","value":"99311740-G"},"picture":{"large":"https://randomuser.me/api/portraits/women/71.jpg","medium":"https://randomuser.me/api/portraits/med/women/71.jpg","thumbnail":"https://randomuser.me/api/portraits/thumb/women/71.jpg"},"nat":"ES"}],"info":{"seed":"0517e10e0743ca6e","results":1,"page":1,"version":"1.4"}} 
 </msg>
<msg time="2024-07-11T02:34:43.536321" level="INFO">/opt/hostedtoolcache/Python/3.12.4/x64/lib/python3.12/site-packages/urllib3/connectionpool.py:1099: InsecureRequestWarning: Unverified HTTPS request is being made to host 'randomuser.me'. Adding certificate verification is strongly advised. See: https://urllib3.readthedocs.io/en/latest/advanced-usage.html#tls-warnings
  warnings.warn(</msg>
<msg time="2024-07-11T02:34:43.536411" level="INFO">${response} = &lt;Response [200]&gt;</msg>
<var>${response}</var>
<arg>consultarAPI</arg>
<arg>/api</arg>
<doc>Sends a GET request on a previously created HTTP Session.</doc>
<status status="PASS" start="2024-07-11T02:34:43.494747" elapsed="0.041701"/>
</kw>
<kw name="Set Variable" owner="BuiltIn">
<msg time="2024-07-11T02:34:43.537253" level="INFO">${json_data} = {'results': [{'gender': 'female', 'name': {'title': 'Miss', 'first': 'Andrea', 'last': 'Serrano'}, 'location': {'street': {'number': 2578, 'name': 'Calle del Arenal'}, 'city': 'Oviedo', 'state': 'Ceut...</msg>
<var>${json_data}</var>
<arg>${response.json()}</arg>
<doc>Returns the given values which can then be assigned to a variables.</doc>
<status status="PASS" start="2024-07-11T02:34:43.536806" elapsed="0.000477"/>
</kw>
<kw name="Log" owner="BuiltIn">
<msg time="2024-07-11T02:34:43.537742" level="INFO">{'results': [{'gender': 'female', 'name': {'title': 'Miss', 'first': 'Andrea', 'last': 'Serrano'}, 'location': {'street': {'number': 2578, 'name': 'Calle del Arenal'}, 'city': 'Oviedo', 'state': 'Ceuta', 'country': 'Spain', 'postcode': 52110, 'coordinates': {'latitude': '-34.5485', 'longitude': '42.5004'}, 'timezone': {'offset': '+9:30', 'description': 'Adelaide, Darwin'}}, 'email': 'andrea.serrano@example.com', 'login': {'uuid': '0e1e4ca7-7f3e-433d-a0c6-b41eb71fa237', 'username': 'greenpanda377', 'password': 'sanity', 'salt': '8n5mmY3b', 'md5': '015e321469128f20beb8516d62731bd9', 'sha1': '6a0322fbcb91f1e4c43230fb64d89c12a242cbb7', 'sha256': 'dc8538a23d624aa8caaf9d5eacaf7f91f91b0844dc729dd7c2bec934c73d3919'}, 'dob': {'date': '1948-11-30T14:39:00.745Z', 'age': 75}, 'registered': {'date': '2020-12-18T16:20:29.826Z', 'age': 3}, 'phone': '940-961-241', 'cell': '652-875-218', 'id': {'name': 'DNI', 'value': '99311740-G'}, 'picture': {'large': 'https://randomuser.me/api/portraits/women/71.jpg', 'medium': 'https://randomuser.me/api/portraits/med/women/71.jpg', 'thumbnail': 'https://randomuser.me/api/portraits/thumb/women/71.jpg'}, 'nat': 'ES'}], 'info': {'seed': '0517e10e0743ca6e', 'results': 1, 'page': 1, 'version': '1.4'}}</msg>
<arg>${json_data}</arg>
<doc>Logs the given message with the given level.</doc>
<status status="PASS" start="2024-07-11T02:34:43.537591" elapsed="0.000198"/>
</kw>
<kw name="Should Be String" owner="String">
<arg>${json_data['results'][0]['gender']}</arg>
<doc>Fails if the given ``item`` is not a string.</doc>
<status status="PASS" start="2024-07-11T02:34:43.538083" elapsed="0.000366"/>
</kw>
<kw name="Should Match Regexp" owner="BuiltIn">
<arg>${json_data['results'][0]['email']}</arg>
<arg>^[a-zA-Z0-9._%+-]+@[a-zA-Z0-9.-]+\.[a-zA-Z]{2,}$</arg>
<doc>Fails if ``string`` does not match ``pattern`` as a regular expression.</doc>
<status status="PASS" start="2024-07-11T02:34:43.538709" elapsed="0.000532"/>
</kw>
<kw name="Should Match Regexp" owner="BuiltIn">
<arg>${json_data['results'][0]['dob']['date']}</arg>
<arg>\\d{4}-\\d{2}-\\d{2}T\\d{2}:\\d{2}:\\d{2}\\.\\d{3}Z</arg>
<doc>Fails if ``string`` does not match ``pattern`` as a regular expression.</doc>
<status status="PASS" start="2024-07-11T02:34:43.539439" elapsed="0.000484"/>
</kw>
<kw name="Should Match Regexp" owner="BuiltIn">
<arg>${json_data['results'][0]['registered']['date']}</arg>
<arg>\\d{4}-\\d{2}-\\d{2}T\\d{2}:\\d{2}:\\d{2}\\.\\d{3}Z</arg>
<doc>Fails if ``string`` does not match ``pattern`` as a regular expression.</doc>
<status status="PASS" start="2024-07-11T02:34:43.540115" elapsed="0.000371"/>
</kw>
<kw name="Should Match Regexp" owner="BuiltIn">
<arg>${json_data['results'][0]['picture']['large']}</arg>
<arg>^https?://.*\.(?:png|jpe?g|gif|bmp)$</arg>
<doc>Fails if ``string`` does not match ``pattern`` as a regular expression.</doc>
<status status="PASS" start="2024-07-11T02:34:43.540671" elapsed="0.000477"/>
</kw>
<kw name="Should Match Regexp" owner="BuiltIn">
<arg>${json_data['results'][0]['picture']['medium']}</arg>
<arg>^https?://.*\.(?:png|jpe?g|gif|bmp)$</arg>
<doc>Fails if ``string`` does not match ``pattern`` as a regular expression.</doc>
<status status="PASS" start="2024-07-11T02:34:43.541340" elapsed="0.000356"/>
</kw>
<kw name="Should Match Regexp" owner="BuiltIn">
<arg>${json_data['results'][0]['picture']['thumbnail']}</arg>
<arg>^https?://.*\.(?:png|jpe?g|gif|bmp)$</arg>
<doc>Fails if ``string`` does not match ``pattern`` as a regular expression.</doc>
<status status="PASS" start="2024-07-11T02:34:43.541882" elapsed="0.000352"/>
</kw>
<kw name="Log" owner="BuiltIn">
<msg time="2024-07-11T02:34:43.542784" level="INFO">{'large': 'https://randomuser.me/api/portraits/women/71.jpg', 'medium': 'https://randomuser.me/api/portraits/med/women/71.jpg', 'thumbnail': 'https://randomuser.me/api/portraits/thumb/women/71.jpg'}</msg>
<arg>${json_data['results'][0]['picture']}</arg>
<doc>Logs the given message with the given level.</doc>
<status status="PASS" start="2024-07-11T02:34:43.542414" elapsed="0.000415"/>
</kw>
<status status="PASS" start="2024-07-11T02:34:43.494475" elapsed="0.048614"/>
</kw>
<kw name="Teste de Tipos de Dados - Postcode" owner="random-user-service">
<kw name="GET On Session" owner="RequestsLibrary">
<msg time="2024-07-11T02:34:43.658181" level="INFO">GET Request : url=https://randomuser.me/api 
 path_url=/api 
 headers={'User-Agent': 'python-requests/2.32.3', 'Accept-Encoding': 'gzip, deflate', 'Accept': '*/*', 'Connection': 'keep-alive'} 
 body=None 
 </msg>
<msg time="2024-07-11T02:34:43.658264" level="INFO">GET Response : url=https://randomuser.me/api 
 status=200, reason=OK 
 headers={'Date': 'Thu, 11 Jul 2024 02:34:43 GMT', 'Content-Type': 'application/json; charset=utf-8', 'Transfer-Encoding': 'chunked', 'Connection': 'keep-alive', 'X-Powered-By': 'Express', 'Access-Control-Allow-Origin': '*', 'Cache-Control': 'no-cache', 'ETag': 'W/"48e-PoFqpzH1MRvy0vVeP1bDZyRaU3A"', 'Vary': 'Accept-Encoding', 'Content-Encoding': 'gzip', 'CF-Cache-Status': 'DYNAMIC', 'Report-To': '{"endpoints":[{"url":"https:\\/\\/a.nel.cloudflare.com\\/report\\/v4?s=GTwga5eW%2Fg5QFebrKiJNMG2lzmwIzLBtdF8dBbxMyXXP5hD4uC0KocRYnIsH71l8GXjvPGCuqCjgumWzEzawPFe%2B8clM5g4EjPVupSe%2B0Dfm2xxvTQnFXk2acppE15Gz"}],"group":"cf-nel","max_age":604800}', 'NEL': '{"success_fraction":0,"report_to":"cf-nel","max_age":604800}', 'Server': 'cloudflare', 'CF-RAY': '8a156566295f10db-ORD', 'alt-svc': 'h3=":443"; ma=86400'} 
 body={"results":[{"gender":"female","name":{"title":"Ms","first":"Geetha","last":"Sullad"},"location":{"street":{"number":2236,"name":"Sampige Rd"},"city":"Vijayawada","state":"Punjab","country":"India","postcode":76915,"coordinates":{"latitude":"6.4257","longitude":"6.4264"},"timezone":{"offset":"+1:00","description":"Brussels, Copenhagen, Madrid, Paris"}},"email":"geetha.sullad@example.com","login":{"uuid":"3ed73cfc-b76b-4f1e-bcdd-eabc6d95b2b5","username":"ticklishswan694","password":"slipknot","salt":"CxQ0e3pV","md5":"3af6711ffe1d9e3b042198a0a058c338","sha1":"7de0d99ba3db9358a664795a1fc7b3989d503e17","sha256":"2a3d98de8976799b3717d47951e09f65ade6fdbb08033f1893aba50523d98b62"},"dob":{"date":"1984-02-15T16:13:08.953Z","age":40},"registered":{"date":"2018-05-01T14:34:04.008Z","age":6},"phone":"9636173782","cell":"8677533859","id":{"name":"UIDAI","value":"379887043387"},"picture":{"large":"https://randomuser.me/api/portraits/women/42.jpg","medium":"https://randomuser.me/api/portraits/med/women/42.jpg","thumbnail":"https://randomuser.me/api/portraits/thumb/women/42.jpg"},"nat":"IN"}],"info":{"seed":"1a6ec06618539206","results":1,"page":1,"version":"1.4"}} 
 </msg>
<msg time="2024-07-11T02:34:43.658338" level="INFO">/opt/hostedtoolcache/Python/3.12.4/x64/lib/python3.12/site-packages/urllib3/connectionpool.py:1099: InsecureRequestWarning: Unverified HTTPS request is being made to host 'randomuser.me'. Adding certificate verification is strongly advised. See: https://urllib3.readthedocs.io/en/latest/advanced-usage.html#tls-warnings
  warnings.warn(</msg>
<msg time="2024-07-11T02:34:43.658449" level="INFO">${response} = &lt;Response [200]&gt;</msg>
<var>${response}</var>
<arg>consultarAPI</arg>
<arg>/api</arg>
<doc>Sends a GET request on a previously created HTTP Session.</doc>
<status status="PASS" start="2024-07-11T02:34:43.543520" elapsed="0.114970"/>
</kw>
<kw name="Set Variable" owner="BuiltIn">
<msg time="2024-07-11T02:34:43.659361" level="INFO">${json_data} = {'results': [{'gender': 'female', 'name': {'title': 'Ms', 'first': 'Geetha', 'last': 'Sullad'}, 'location': {'street': {'number': 2236, 'name': 'Sampige Rd'}, 'city': 'Vijayawada', 'state': 'Punjab', ...</msg>
<var>${json_data}</var>
<arg>${response.json()}</arg>
<doc>Returns the given values which can then be assigned to a variables.</doc>
<status status="PASS" start="2024-07-11T02:34:43.658928" elapsed="0.000461"/>
</kw>
<kw name="Log" owner="BuiltIn">
<msg time="2024-07-11T02:34:43.659844" level="INFO">{'results': [{'gender': 'female', 'name': {'title': 'Ms', 'first': 'Geetha', 'last': 'Sullad'}, 'location': {'street': {'number': 2236, 'name': 'Sampige Rd'}, 'city': 'Vijayawada', 'state': 'Punjab', 'country': 'India', 'postcode': 76915, 'coordinates': {'latitude': '6.4257', 'longitude': '6.4264'}, 'timezone': {'offset': '+1:00', 'description': 'Brussels, Copenhagen, Madrid, Paris'}}, 'email': 'geetha.sullad@example.com', 'login': {'uuid': '3ed73cfc-b76b-4f1e-bcdd-eabc6d95b2b5', 'username': 'ticklishswan694', 'password': 'slipknot', 'salt': 'CxQ0e3pV', 'md5': '3af6711ffe1d9e3b042198a0a058c338', 'sha1': '7de0d99ba3db9358a664795a1fc7b3989d503e17', 'sha256': '2a3d98de8976799b3717d47951e09f65ade6fdbb08033f1893aba50523d98b62'}, 'dob': {'date': '1984-02-15T16:13:08.953Z', 'age': 40}, 'registered': {'date': '2018-05-01T14:34:04.008Z', 'age': 6}, 'phone': '9636173782', 'cell': '8677533859', 'id': {'name': 'UIDAI', 'value': '379887043387'}, 'picture': {'large': 'https://randomuser.me/api/portraits/women/42.jpg', 'medium': 'https://randomuser.me/api/portraits/med/women/42.jpg', 'thumbnail': 'https://randomuser.me/api/portraits/thumb/women/42.jpg'}, 'nat': 'IN'}], 'info': {'seed': '1a6ec06618539206', 'results': 1, 'page': 1, 'version': '1.4'}}</msg>
<arg>${json_data}</arg>
<doc>Logs the given message with the given level.</doc>
<status status="PASS" start="2024-07-11T02:34:43.659690" elapsed="0.000203"/>
</kw>
<kw name="Should Be Equal As Numbers" owner="BuiltIn">
<arg>${json_data['results'][0]['location']['postcode']}</arg>
<arg>${json_data['results'][0]['location']['postcode']}</arg>
<doc>Fails if objects are unequal after converting them to real numbers.</doc>
<status status="PASS" start="2024-07-11T02:34:43.660180" elapsed="0.000619"/>
</kw>
<kw name="Log" owner="BuiltIn">
<msg time="2024-07-11T02:34:43.661360" level="INFO">76915</msg>
<arg>${json_data['results'][0]['location']['postcode']}</arg>
<doc>Logs the given message with the given level.</doc>
<status status="PASS" start="2024-07-11T02:34:43.661023" elapsed="0.000378"/>
</kw>
<status status="PASS" start="2024-07-11T02:34:43.543305" elapsed="0.118344"/>
</kw>
<doc>Testa se os tipos de dados na resposta da API estão corretos.</doc>
<tag>testeTiposDados</tag>
<status status="PASS" start="2024-07-11T02:34:43.493963" elapsed="0.167845"/>
</test>
<test id="s1-s1-t5" name="Validar conteudo" line="35">
<kw name="Teste de Tipos de Conteudo" owner="random-user-service">
<kw name="GET On Session" owner="RequestsLibrary">
<msg time="2024-07-11T02:34:43.741080" level="INFO">GET Request : url=https://randomuser.me/api 
 path_url=/api 
 headers={'User-Agent': 'python-requests/2.32.3', 'Accept-Encoding': 'gzip, deflate', 'Accept': '*/*', 'Connection': 'keep-alive'} 
 body=None 
 </msg>
<msg time="2024-07-11T02:34:43.741163" level="INFO">GET Response : url=https://randomuser.me/api 
 status=200, reason=OK 
 headers={'Date': 'Thu, 11 Jul 2024 02:34:43 GMT', 'Content-Type': 'application/json; charset=utf-8', 'Transfer-Encoding': 'chunked', 'Connection': 'keep-alive', 'X-Powered-By': 'Express', 'Access-Control-Allow-Origin': '*', 'Cache-Control': 'no-cache', 'ETag': 'W/"46a-tDHI3drcpmhax4J/tzUG4y6qUoE"', 'Vary': 'Accept-Encoding', 'Content-Encoding': 'gzip', 'CF-Cache-Status': 'DYNAMIC', 'Report-To': '{"endpoints":[{"url":"https:\\/\\/a.nel.cloudflare.com\\/report\\/v4?s=sAwsHPC6Ls7L5qpw%2Fdg4e58mCzqeifcVXDkuITJQwx0a0sex39sbdAPleWS96I0IXa2QjXzfrovBGXSAtXJBcaOTnjop75r0HXC4%2FyizAofw3bo42F70diju30a5wQM%2F"}],"group":"cf-nel","max_age":604800}', 'NEL': '{"success_fraction":0,"report_to":"cf-nel","max_age":604800}', 'Server': 'cloudflare', 'CF-RAY': '8a156566ea7e10db-ORD', 'alt-svc': 'h3=":443"; ma=86400'} 
 body={"results":[{"gender":"male","name":{"title":"Mr","first":"Vic","last":"Poos"},"location":{"street":{"number":8302,"name":"Hagheweide"},"city":"Heelweg","state":"Overijssel","country":"Netherlands","postcode":"6365 ZS","coordinates":{"latitude":"34.3870","longitude":"-100.3504"},"timezone":{"offset":"+5:45","description":"Kathmandu"}},"email":"vic.poos@example.com","login":{"uuid":"e8bda5b7-1379-4ea0-8a82-aaa3f7cd8321","username":"orangedog670","password":"ning","salt":"enDJ3QaU","md5":"f41c77050ae85669b40c075464c47cdb","sha1":"6f411c6c61be24f353fffc8eea00bc31488a6a3d","sha256":"b81a840c81310a0c87b0db23a1321374bcc31cb731b6ee1eda06915b9ad63e61"},"dob":{"date":"1980-03-19T03:30:06.490Z","age":44},"registered":{"date":"2015-03-14T12:12:13.162Z","age":9},"phone":"(094) 8852104","cell":"(06) 03115303","id":{"name":"BSN","value":"55418991"},"picture":{"large":"https://randomuser.me/api/portraits/men/24.jpg","medium":"https://randomuser.me/api/portraits/med/men/24.jpg","thumbnail":"https://randomuser.me/api/portraits/thumb/men/24.jpg"},"nat":"NL"}],"info":{"seed":"d06c7656e3d82425","results":1,"page":1,"version":"1.4"}} 
 </msg>
<msg time="2024-07-11T02:34:43.741251" level="INFO">/opt/hostedtoolcache/Python/3.12.4/x64/lib/python3.12/site-packages/urllib3/connectionpool.py:1099: InsecureRequestWarning: Unverified HTTPS request is being made to host 'randomuser.me'. Adding certificate verification is strongly advised. See: https://urllib3.readthedocs.io/en/latest/advanced-usage.html#tls-warnings
  warnings.warn(</msg>
<msg time="2024-07-11T02:34:43.741372" level="INFO">${response} = &lt;Response [200]&gt;</msg>
<var>${response}</var>
<arg>consultarAPI</arg>
<arg>/api</arg>
<doc>Sends a GET request on a previously created HTTP Session.</doc>
<status status="PASS" start="2024-07-11T02:34:43.664395" elapsed="0.077034"/>
</kw>
<kw name="Set Variable" owner="BuiltIn">
<msg time="2024-07-11T02:34:43.742533" level="INFO">${json_data} = {'results': [{'gender': 'male', 'name': {'title': 'Mr', 'first': 'Vic', 'last': 'Poos'}, 'location': {'street': {'number': 8302, 'name': 'Hagheweide'}, 'city': 'Heelweg', 'state': 'Overijssel', 'count...</msg>
<var>${json_data}</var>
<arg>${response.json()}</arg>
<doc>Returns the given values which can then be assigned to a variables.</doc>
<status status="PASS" start="2024-07-11T02:34:43.741963" elapsed="0.000600"/>
</kw>
<kw name="Set Variable" owner="BuiltIn">
<msg time="2024-07-11T02:34:43.743281" level="INFO">${name_title} = Mr</msg>
<var>${name_title}</var>
<arg>${json_data["results"][0]["name"]["title"]}</arg>
<doc>Returns the given values which can then be assigned to a variables.</doc>
<status status="PASS" start="2024-07-11T02:34:43.742907" elapsed="0.000401"/>
</kw>
<kw name="Create List" owner="BuiltIn">
<msg time="2024-07-11T02:34:43.743754" level="INFO">${allowed_titles} = ['Mr', 'Ms', 'Miss', 'Mrs', 'Madame', 'Monsieur']</msg>
<var>${allowed_titles}</var>
<arg>Mr</arg>
<arg>Ms</arg>
<arg>Miss</arg>
<arg>Mrs</arg>
<arg>Madame</arg>
<arg>Monsieur</arg>
<doc>Returns a list containing given items.</doc>
<status status="PASS" start="2024-07-11T02:34:43.743605" elapsed="0.000174"/>
</kw>
<kw name="List Should Contain Value" owner="Collections">
<arg>${allowed_titles}</arg>
<arg>${name_title}</arg>
<doc>Fails if the ``value`` is not found from ``list``.</doc>
<status status="PASS" start="2024-07-11T02:34:43.744088" elapsed="0.000174"/>
</kw>
<kw name="Set Variable" owner="BuiltIn">
<msg time="2024-07-11T02:34:43.744805" level="INFO">${name_country} = NL</msg>
<var>${name_country}</var>
<arg>${json_data["results"][0]["nat"]}</arg>
<doc>Returns the given values which can then be assigned to a variables.</doc>
<status status="PASS" start="2024-07-11T02:34:43.744442" elapsed="0.000388"/>
</kw>
<kw name="Create List" owner="BuiltIn">
<msg time="2024-07-11T02:34:43.745740" level="INFO">${list_country} = ['AD', 'AE', 'AF', 'AG', 'AI', 'AL', 'AM', 'AO', 'AQ', 'AR', 'AS', 'AT', 'AU', 'AW', 'AX', 'AZ', 'BA', 'BB', 'BD', 'BE', 'BF', 'BG', 'BH', 'BI', 'BJ', 'BL', 'BM', 'BN', 'BO', 'BQ', 'BR', 'BS', 'BT', '...</msg>
<var>${list_country}</var>
<arg>AD</arg>
<arg>AE</arg>
<arg>AF</arg>
<arg>AG</arg>
<arg>AI</arg>
<arg>AL</arg>
<arg>AM</arg>
<arg>AO</arg>
<arg>AQ</arg>
<arg>AR</arg>
<arg>AS</arg>
<arg>AT</arg>
<arg>AU</arg>
<arg>AW</arg>
<arg>AX</arg>
<arg>AZ</arg>
<arg>BA</arg>
<arg>BB</arg>
<arg>BD</arg>
<arg>BE</arg>
<arg>BF</arg>
<arg>BG</arg>
<arg>BH</arg>
<arg>BI</arg>
<arg>BJ</arg>
<arg>BL</arg>
<arg>BM</arg>
<arg>BN</arg>
<arg>BO</arg>
<arg>BQ</arg>
<arg>BR</arg>
<arg>BS</arg>
<arg>BT</arg>
<arg>BV</arg>
<arg>BW</arg>
<arg>BY</arg>
<arg>BZ</arg>
<arg>CA</arg>
<arg>CC</arg>
<arg>CD</arg>
<arg>CF</arg>
<arg>CG</arg>
<arg>CH</arg>
<arg>CI</arg>
<arg>CK</arg>
<arg>CL</arg>
<arg>CM</arg>
<arg>CN</arg>
<arg>CO</arg>
<arg>CR</arg>
<arg>CU</arg>
<arg>CV</arg>
<arg>CW</arg>
<arg>CX</arg>
<arg>CY</arg>
<arg>CZ</arg>
<arg>DE</arg>
<arg>DJ</arg>
<arg>DK</arg>
<arg>DM</arg>
<arg>DO</arg>
<arg>DZ</arg>
<arg>EC</arg>
<arg>EE</arg>
<arg>EG</arg>
<arg>EH</arg>
<arg>ER</arg>
<arg>ES</arg>
<arg>ET</arg>
<arg>FI</arg>
<arg>FJ</arg>
<arg>FK</arg>
<arg>FM</arg>
<arg>FO</arg>
<arg>FR</arg>
<arg>GA</arg>
<arg>GB</arg>
<arg>GD</arg>
<arg>GE</arg>
<arg>GF</arg>
<arg>GG</arg>
<arg>GH</arg>
<arg>GI</arg>
<arg>GL</arg>
<arg>GM</arg>
<arg>GN</arg>
<arg>GP</arg>
<arg>GQ</arg>
<arg>GR</arg>
<arg>GS</arg>
<arg>GT</arg>
<arg>GU</arg>
<arg>GW</arg>
<arg>GY</arg>
<arg>HK</arg>
<arg>HM</arg>
<arg>HN</arg>
<arg>HR</arg>
<arg>HT</arg>
<arg>HU</arg>
<arg>ID</arg>
<arg>IE</arg>
<arg>IL</arg>
<arg>IM</arg>
<arg>IN</arg>
<arg>IO</arg>
<arg>IQ</arg>
<arg>IR</arg>
<arg>IS</arg>
<arg>IT</arg>
<arg>JE</arg>
<arg>JM</arg>
<arg>JO</arg>
<arg>JP</arg>
<arg>KE</arg>
<arg>KG</arg>
<arg>KH</arg>
<arg>KI</arg>
<arg>KM</arg>
<arg>KN</arg>
<arg>KP</arg>
<arg>KR</arg>
<arg>KW</arg>
<arg>KY</arg>
<arg>KZ</arg>
<arg>LA</arg>
<arg>LB</arg>
<arg>LC</arg>
<arg>LI</arg>
<arg>LK</arg>
<arg>LR</arg>
<arg>LS</arg>
<arg>LT</arg>
<arg>LU</arg>
<arg>LV</arg>
<arg>LY</arg>
<arg>MA</arg>
<arg>MC</arg>
<arg>MD</arg>
<arg>ME</arg>
<arg>MF</arg>
<arg>MG</arg>
<arg>MH</arg>
<arg>MK</arg>
<arg>ML</arg>
<arg>MM</arg>
<arg>MN</arg>
<arg>MO</arg>
<arg>MP</arg>
<arg>MQ</arg>
<arg>MR</arg>
<arg>MS</arg>
<arg>MT</arg>
<arg>MU</arg>
<arg>MV</arg>
<arg>MW</arg>
<arg>MX</arg>
<arg>MY</arg>
<arg>MZ</arg>
<arg>NA</arg>
<arg>NC</arg>
<arg>NE</arg>
<arg>NF</arg>
<arg>NG</arg>
<arg>NI</arg>
<arg>NL</arg>
<arg>NO</arg>
<arg>NP</arg>
<arg>NR</arg>
<arg>NU</arg>
<arg>NZ</arg>
<arg>OM</arg>
<arg>PA</arg>
<arg>PE</arg>
<arg>PF</arg>
<arg>PG</arg>
<arg>PH</arg>
<arg>PK</arg>
<arg>PL</arg>
<arg>PM</arg>
<arg>PN</arg>
<arg>PR</arg>
<arg>PS</arg>
<arg>PT</arg>
<arg>PW</arg>
<arg>PY</arg>
<arg>QA</arg>
<arg>RE</arg>
<arg>RO</arg>
<arg>RS</arg>
<arg>RU</arg>
<arg>RW</arg>
<arg>SA</arg>
<arg>SB</arg>
<arg>SC</arg>
<arg>SD</arg>
<arg>SE</arg>
<arg>SG</arg>
<arg>SH</arg>
<arg>SI</arg>
<arg>SJ</arg>
<arg>SK</arg>
<arg>SL</arg>
<arg>SM</arg>
<arg>SN</arg>
<arg>SO</arg>
<arg>SR</arg>
<arg>SS</arg>
<arg>ST</arg>
<arg>SV</arg>
<arg>SX</arg>
<arg>SY</arg>
<arg>SZ</arg>
<arg>TC</arg>
<arg>TD</arg>
<arg>TF</arg>
<arg>TG</arg>
<arg>TH</arg>
<arg>TJ</arg>
<arg>TK</arg>
<arg>TL</arg>
<arg>TM</arg>
<arg>TN</arg>
<arg>TO</arg>
<arg>TR</arg>
<arg>TT</arg>
<arg>TV</arg>
<arg>TW</arg>
<arg>TZ</arg>
<arg>UA</arg>
<arg>UG</arg>
<arg>UM</arg>
<arg>US</arg>
<arg>UY</arg>
<arg>UZ</arg>
<arg>VA</arg>
<arg>VC</arg>
<arg>VE</arg>
<arg>VG</arg>
<arg>VI</arg>
<arg>VN</arg>
<arg>VU</arg>
<arg>WF</arg>
<arg>WS</arg>
<arg>XK</arg>
<arg>YE</arg>
<arg>YT</arg>
<arg>ZA</arg>
<arg>ZM</arg>
<arg>ZW</arg>
<doc>Returns a list containing given items.</doc>
<status status="PASS" start="2024-07-11T02:34:43.745148" elapsed="0.000618"/>
</kw>
<kw name="List Should Contain Value" owner="Collections">
<arg>${list_country}</arg>
<arg>${name_country}</arg>
<doc>Fails if the ``value`` is not found from ``list``.</doc>
<status status="PASS" start="2024-07-11T02:34:43.746554" elapsed="0.000230"/>
</kw>
<kw name="Run Keyword If" owner="BuiltIn">
<kw name="Should Be True" owner="BuiltIn">
<arg>${True}</arg>
<doc>Fails if the given condition is not true.</doc>
<status status="PASS" start="2024-07-11T02:34:43.747721" elapsed="0.000139"/>
</kw>
<arg>${json_data["results"][0]["location"]["coordinates"]["latitude"]} &gt;= -90 and ${json_data["results"][0]["location"]["coordinates"]["latitude"]} &lt;= 90</arg>
<arg>Should Be True</arg>
<arg>${True}</arg>
<doc>Runs the given keyword with the given arguments, if ``condition`` is true.</doc>
<status status="PASS" start="2024-07-11T02:34:43.746981" elapsed="0.001005"/>
</kw>
<kw name="Run Keyword If" owner="BuiltIn">
<kw name="Should Be True" owner="BuiltIn">
<arg>${True}</arg>
<doc>Fails if the given condition is not true.</doc>
<status status="PASS" start="2024-07-11T02:34:43.748869" elapsed="0.000135"/>
</kw>
<arg>${json_data["results"][0]["location"]["coordinates"]["longitude"]} &gt;= -180 and ${json_data["results"][0]["location"]["coordinates"]["longitude"]} &lt;= 180</arg>
<arg>Should Be True</arg>
<arg>${True}</arg>
<doc>Runs the given keyword with the given arguments, if ``condition`` is true.</doc>
<status status="PASS" start="2024-07-11T02:34:43.748174" elapsed="0.000954"/>
</kw>
<status status="PASS" start="2024-07-11T02:34:43.664038" elapsed="0.085219"/>
</kw>
<doc>Testa o conteúdo específico dos campos retornados pela API.</doc>
<tag>testeConteudo</tag>
<status status="PASS" start="2024-07-11T02:34:43.663602" elapsed="0.085799"/>
</test>
<status status="PASS" start="2024-07-11T02:34:42.916227" elapsed="0.835202"/>
</suite>
<status status="PASS" start="2024-07-11T02:34:42.901949" elapsed="0.854597"/>
</suite>
<statistics>
<total>
<stat pass="5" fail="0" skip="0">All Tests</stat>
</total>
<tag>
<stat pass="1" fail="0" skip="0">testeConteudo</stat>
<stat pass="1" fail="0" skip="0">testeEstruturaResposta</stat>
<stat pass="1" fail="0" skip="0">testeRequisicaoBasica</stat>
<stat pass="1" fail="0" skip="0">testeTiposDados</stat>
</tag>
<suite>
<stat pass="5" fail="0" skip="0" id="s1" name="Tests">Tests</stat>
<stat pass="5" fail="0" skip="0" id="s1-s1" name="Random-User-Test">Tests.Random-User-Test</stat>
</suite>
</statistics>
<errors>
</errors>
</robot>
