<?xml version="1.0" encoding="UTF-8"?>
<robot generator="Robot 7.0 (Python 3.12.3 on linux)" generated="2024-05-10T04:16:46.966236" rpa="false" schemaversion="5">
<suite id="s1" name="Tests" source="/home/runner/work/DesafioQAItauRogerioJordao/DesafioQAItauRogerioJordao/RamdonUser/tests">
<suite id="s1-s1" name="Random-User-Test" source="/home/runner/work/DesafioQAItauRogerioJordao/DesafioQAItauRogerioJordao/RamdonUser/tests/random-user-test.robot">
<test id="s1-s1-t1" name="Conectar" line="13">
<kw name="Conectar API" owner="random-user-service">
<kw name="Create Session" owner="RequestsLibrary">
<msg time="2024-05-10T04:16:47.331290" level="INFO">Creating Session using : alias=consultarAPI, url=https://randomuser.me/, headers={},                     cookies={}, auth=None, timeout=None, proxies=None, verify=False,                     debug=0 </msg>
<arg>consultarAPI</arg>
<arg>${URL}</arg>
<doc>Create Session: create a HTTP session to a server</doc>
<status status="PASS" start="2024-05-10T04:16:47.331092" elapsed="0.000370"/>
</kw>
<status status="PASS" start="2024-05-10T04:16:47.330130" elapsed="0.001683"/>
</kw>
<status status="PASS" start="2024-05-10T04:16:47.329524" elapsed="0.002482"/>
</test>
<test id="s1-s1-t2" name="Validar retorno 200 e JSON Válido" line="16">
<kw name="Teste de Requisicao Basica" owner="random-user-service">
<kw name="GET On Session" owner="RequestsLibrary">
<msg time="2024-05-10T04:16:47.424526" level="INFO">GET Request : url=https://randomuser.me/api 
 path_url=/api 
 headers={'User-Agent': 'python-requests/2.31.0', 'Accept-Encoding': 'gzip, deflate', 'Accept': '*/*', 'Connection': 'keep-alive'} 
 body=None 
 </msg>
<msg time="2024-05-10T04:16:47.424711" level="INFO">GET Response : url=https://randomuser.me/api 
 status=200, reason=OK 
 headers={'Date': 'Fri, 10 May 2024 04:16:47 GMT', 'Content-Type': 'application/json; charset=utf-8', 'Transfer-Encoding': 'chunked', 'Connection': 'keep-alive', 'X-Powered-By': 'Express', 'Access-Control-Allow-Origin': '*', 'Cache-Control': 'no-cache', 'ETag': 'W/"499-QKscxW1rxsA/c4IJFaxX2xSxtQo"', 'Vary': 'Accept-Encoding', 'Content-Encoding': 'gzip', 'CF-Cache-Status': 'DYNAMIC', 'Report-To': '{"endpoints":[{"url":"https:\\/\\/a.nel.cloudflare.com\\/report\\/v4?s=xpNJP5inbxwRDFL1%2FxveoTcPLUMQmdzAE9qJUWqBWpdUozChvbSWmsfmfOx%2BL96EP9yUxARZumm%2F%2BNMeX2B%2BDksyQBgwXk3Pt%2BW5rEwTAj6qkvnt5s2XlScZc9%2BbZ8MU"}],"group":"cf-nel","max_age":604800}', 'NEL': '{"success_fraction":0,"report_to":"cf-nel","max_age":604800}', 'Server': 'cloudflare', 'CF-RAY': '88171da81a482300-ORD', 'alt-svc': 'h3=":443"; ma=86400'} 
 body={"results":[{"gender":"male","name":{"title":"Mr","first":"Mario","last":"Alexander"},"location":{"street":{"number":8513,"name":"First Street"},"city":"Hervey Bay","state":"Australian Capital Territory","country":"Australia","postcode":478,"coordinates":{"latitude":"-86.8510","longitude":"-26.3959"},"timezone":{"offset":"+6:00","description":"Almaty, Dhaka, Colombo"}},"email":"mario.alexander@example.com","login":{"uuid":"a0cd4709-6cdf-4df6-8d3f-e66dad76161a","username":"brownzebra888","password":"springer","salt":"zUZ9Y7ys","md5":"714c449900e4b40a67adf8bfd5f1dba3","sha1":"4dfeca8505d394626395e59c90df1518b769a684","sha256":"5fb4504643c597d402d57fe291f787df1c60921db24a3fec897f3c0758706e7e"},"dob":{"date":"1968-03-14T18:09:44.809Z","age":56},"registered":{"date":"2010-04-01T06:32:46.239Z","age":14},"phone":"06-8430-3065","cell":"0457-039-798","id":{"name":"TFN","value":"742083055"},"picture":{"large":"https://randomuser.me/api/portraits/men/86.jpg","medium":"https://randomuser.me/api/portraits/med/men/86.jpg","thumbnail":"https://randomuser.me/api/portraits/thumb/men/86.jpg"},"nat":"AU"}],"info":{"seed":"015933148b3b9a87","results":1,"page":1,"version":"1.4"}} 
 </msg>
<msg time="2024-05-10T04:16:47.424833" level="INFO">/opt/hostedtoolcache/Python/3.12.3/x64/lib/python3.12/site-packages/urllib3/connectionpool.py:1103: InsecureRequestWarning: Unverified HTTPS request is being made to host 'randomuser.me'. Adding certificate verification is strongly advised. See: https://urllib3.readthedocs.io/en/latest/advanced-usage.html#tls-warnings
  warnings.warn(</msg>
<msg time="2024-05-10T04:16:47.425179" level="INFO">${response} = &lt;Response [200]&gt;</msg>
<var>${response}</var>
<arg>consultarAPI</arg>
<arg>/api</arg>
<doc>Sends a GET request on a previously created HTTP Session.</doc>
<status status="PASS" start="2024-05-10T04:16:47.334719" elapsed="0.090510"/>
</kw>
<kw name="Should Be Equal As Numbers" owner="BuiltIn">
<msg time="2024-05-10T04:16:47.426534" level="INFO">Argument types are:
&lt;class 'int'&gt;
&lt;class 'str'&gt;</msg>
<arg>${response.status_code}</arg>
<arg>200</arg>
<doc>Fails if objects are unequal after converting them to real numbers.</doc>
<status status="PASS" start="2024-05-10T04:16:47.425869" elapsed="0.000755"/>
</kw>
<kw name="Log" owner="BuiltIn">
<msg time="2024-05-10T04:16:47.427698" level="INFO">200</msg>
<arg>${response.status_code}</arg>
<doc>Logs the given message with the given level.</doc>
<status status="PASS" start="2024-05-10T04:16:47.427131" elapsed="0.000640"/>
</kw>
<kw name="Set Variable" owner="BuiltIn">
<msg time="2024-05-10T04:16:47.429008" level="INFO">${json_data} = {'results': [{'gender': 'male', 'name': {'title': 'Mr', 'first': 'Mario', 'last': 'Alexander'}, 'location': {'street': {'number': 8513, 'name': 'First Street'}, 'city': 'Hervey Bay', 'state': 'Austral...</msg>
<var>${json_data}</var>
<arg>${response.json()}</arg>
<doc>Returns the given values which can then be assigned to a variables.</doc>
<status status="PASS" start="2024-05-10T04:16:47.428266" elapsed="0.000784"/>
</kw>
<kw name="Dictionary Should Contain Key" owner="Collections">
<msg time="2024-05-10T04:16:47.429753" level="INFO">False</msg>
<arg>${json_data}</arg>
<arg>results</arg>
<doc>Fails if ``key`` is not found from ``dictionary``.</doc>
<status status="PASS" start="2024-05-10T04:16:47.429515" elapsed="0.000299"/>
</kw>
<status status="PASS" start="2024-05-10T04:16:47.334479" elapsed="0.095705"/>
</kw>
<doc>Testa se a API responde corretamente e retorna um objeto JSON válido.</doc>
<tag>testeRequisicaoBasica</tag>
<status status="PASS" start="2024-05-10T04:16:47.333932" elapsed="0.096516"/>
</test>
<test id="s1-s1-t3" name="Validar estrutura de resposta" line="22">
<kw name="Teste de Estrutura de Resposta" owner="random-user-service">
<kw name="GET On Session" owner="RequestsLibrary">
<msg time="2024-05-10T04:16:47.523599" level="INFO">GET Request : url=https://randomuser.me/api 
 path_url=/api 
 headers={'User-Agent': 'python-requests/2.31.0', 'Accept-Encoding': 'gzip, deflate', 'Accept': '*/*', 'Connection': 'keep-alive'} 
 body=None 
 </msg>
<msg time="2024-05-10T04:16:47.523692" level="INFO">GET Response : url=https://randomuser.me/api 
 status=200, reason=OK 
 headers={'Date': 'Fri, 10 May 2024 04:16:47 GMT', 'Content-Type': 'application/json; charset=utf-8', 'Transfer-Encoding': 'chunked', 'Connection': 'keep-alive', 'X-Powered-By': 'Express', 'Access-Control-Allow-Origin': '*', 'Cache-Control': 'no-cache', 'ETag': 'W/"4a5-z1Q5bn/apUTrU+zRfIGn7DvDNJM"', 'Vary': 'Accept-Encoding', 'Content-Encoding': 'gzip', 'CF-Cache-Status': 'DYNAMIC', 'Report-To': '{"endpoints":[{"url":"https:\\/\\/a.nel.cloudflare.com\\/report\\/v4?s=9dwWF07cKsIkmzXoJdCawN65KXc3nAKqMaS1Y6kKjCf5diCOB%2B7s7Ong8zwKHdQmvpi8y5Dx6j805orob16A6J8TIqFtzBn5lf3HqUldv4Lv3IW4FIdTNWizEyybmLIJ"}],"group":"cf-nel","max_age":604800}', 'NEL': '{"success_fraction":0,"report_to":"cf-nel","max_age":604800}', 'Server': 'cloudflare', 'CF-RAY': '88171da87ac32300-ORD', 'alt-svc': 'h3=":443"; ma=86400'} 
 body={"results":[{"gender":"male","name":{"title":"Mr","first":"Edward","last":"Morales"},"location":{"street":{"number":4713,"name":"North Road"},"city":"Exeter","state":"Nottinghamshire","country":"United Kingdom","postcode":"BW1Q 9WX","coordinates":{"latitude":"-7.3833","longitude":"-98.8720"},"timezone":{"offset":"+5:00","description":"Ekaterinburg, Islamabad, Karachi, Tashkent"}},"email":"edward.morales@example.com","login":{"uuid":"49a785b1-c827-44af-8e2d-9bce05fe4aaf","username":"blueswan646","password":"tennesse","salt":"VHjCqN8X","md5":"917df46ba14e252d90326e9bb79204da","sha1":"4d97d2b728ddd53c37ea05fe82075abe7ee31a88","sha256":"329e0fe0becd84f3961b4b4f7cc770cef33acc8f3ffa3dc60e379e49f6da51cf"},"dob":{"date":"1985-08-28T14:12:53.147Z","age":38},"registered":{"date":"2017-08-31T19:08:45.901Z","age":6},"phone":"01863 656302","cell":"07660 203497","id":{"name":"NINO","value":"YS 38 09 33 Q"},"picture":{"large":"https://randomuser.me/api/portraits/men/92.jpg","medium":"https://randomuser.me/api/portraits/med/men/92.jpg","thumbnail":"https://randomuser.me/api/portraits/thumb/men/92.jpg"},"nat":"GB"}],"info":{"seed":"446770c4237495a5","results":1,"page":1,"version":"1.4"}} 
 </msg>
<msg time="2024-05-10T04:16:47.523823" level="INFO">/opt/hostedtoolcache/Python/3.12.3/x64/lib/python3.12/site-packages/urllib3/connectionpool.py:1103: InsecureRequestWarning: Unverified HTTPS request is being made to host 'randomuser.me'. Adding certificate verification is strongly advised. See: https://urllib3.readthedocs.io/en/latest/advanced-usage.html#tls-warnings
  warnings.warn(</msg>
<msg time="2024-05-10T04:16:47.523953" level="INFO">${response} = &lt;Response [200]&gt;</msg>
<var>${response}</var>
<arg>consultarAPI</arg>
<arg>/api</arg>
<doc>Sends a GET request on a previously created HTTP Session.</doc>
<status status="PASS" start="2024-05-10T04:16:47.434814" elapsed="0.089329"/>
</kw>
<kw name="Set Variable" owner="BuiltIn">
<msg time="2024-05-10T04:16:47.525235" level="INFO">${json_data} = {'results': [{'gender': 'male', 'name': {'title': 'Mr', 'first': 'Edward', 'last': 'Morales'}, 'location': {'street': {'number': 4713, 'name': 'North Road'}, 'city': 'Exeter', 'state': 'Nottinghamshir...</msg>
<var>${json_data}</var>
<arg>${response.json()}</arg>
<doc>Returns the given values which can then be assigned to a variables.</doc>
<status status="PASS" start="2024-05-10T04:16:47.524662" elapsed="0.000603"/>
</kw>
<kw name="Log" owner="BuiltIn">
<msg time="2024-05-10T04:16:47.525736" level="INFO">{'results': [{'gender': 'male', 'name': {'title': 'Mr', 'first': 'Edward', 'last': 'Morales'}, 'location': {'street': {'number': 4713, 'name': 'North Road'}, 'city': 'Exeter', 'state': 'Nottinghamshire', 'country': 'United Kingdom', 'postcode': 'BW1Q 9WX', 'coordinates': {'latitude': '-7.3833', 'longitude': '-98.8720'}, 'timezone': {'offset': '+5:00', 'description': 'Ekaterinburg, Islamabad, Karachi, Tashkent'}}, 'email': 'edward.morales@example.com', 'login': {'uuid': '49a785b1-c827-44af-8e2d-9bce05fe4aaf', 'username': 'blueswan646', 'password': 'tennesse', 'salt': 'VHjCqN8X', 'md5': '917df46ba14e252d90326e9bb79204da', 'sha1': '4d97d2b728ddd53c37ea05fe82075abe7ee31a88', 'sha256': '329e0fe0becd84f3961b4b4f7cc770cef33acc8f3ffa3dc60e379e49f6da51cf'}, 'dob': {'date': '1985-08-28T14:12:53.147Z', 'age': 38}, 'registered': {'date': '2017-08-31T19:08:45.901Z', 'age': 6}, 'phone': '01863 656302', 'cell': '07660 203497', 'id': {'name': 'NINO', 'value': 'YS 38 09 33 Q'}, 'picture': {'large': 'https://randomuser.me/api/portraits/men/92.jpg', 'medium': 'https://randomuser.me/api/portraits/med/men/92.jpg', 'thumbnail': 'https://randomuser.me/api/portraits/thumb/men/92.jpg'}, 'nat': 'GB'}], 'info': {'seed': '446770c4237495a5', 'results': 1, 'page': 1, 'version': '1.4'}}</msg>
<arg>${json_data}</arg>
<doc>Logs the given message with the given level.</doc>
<status status="PASS" start="2024-05-10T04:16:47.525579" elapsed="0.000206"/>
</kw>
<kw name="Dictionary Should Contain Key" owner="Collections">
<msg time="2024-05-10T04:16:47.526249" level="INFO">False</msg>
<arg>${json_data}</arg>
<arg>results</arg>
<doc>Fails if ``key`` is not found from ``dictionary``.</doc>
<status status="PASS" start="2024-05-10T04:16:47.526089" elapsed="0.000196"/>
</kw>
<kw name="Should Not Be Empty" owner="BuiltIn">
<msg time="2024-05-10T04:16:47.526745" level="INFO">Length is 2.</msg>
<arg>${json_data}</arg>
<doc>Verifies that the given item is not empty.</doc>
<status status="PASS" start="2024-05-10T04:16:47.526602" elapsed="0.000323"/>
</kw>
<kw name="Create List" owner="BuiltIn">
<msg time="2024-05-10T04:16:47.527385" level="INFO">${expected_keys} = ['gender', 'name', 'location', 'email', 'login']</msg>
<var>${expected_keys}</var>
<arg>gender</arg>
<arg>name</arg>
<arg>location</arg>
<arg>email</arg>
<arg>login</arg>
<doc>Returns a list containing given items.</doc>
<status status="PASS" start="2024-05-10T04:16:47.527231" elapsed="0.000178"/>
</kw>
<for flavor="IN">
<iter>
<kw name="Dictionary Should Contain Key" owner="Collections">
<msg time="2024-05-10T04:16:47.528378" level="INFO">False</msg>
<arg>${json_data['results'][0]}</arg>
<arg>${key}</arg>
<doc>Fails if ``key`` is not found from ``dictionary``.</doc>
<status status="PASS" start="2024-05-10T04:16:47.527976" elapsed="0.000440"/>
</kw>
<kw name="Log" owner="BuiltIn">
<msg time="2024-05-10T04:16:47.529114" level="INFO">{'gender': 'male', 'name': {'title': 'Mr', 'first': 'Edward', 'last': 'Morales'}, 'location': {'street': {'number': 4713, 'name': 'North Road'}, 'city': 'Exeter', 'state': 'Nottinghamshire', 'country': 'United Kingdom', 'postcode': 'BW1Q 9WX', 'coordinates': {'latitude': '-7.3833', 'longitude': '-98.8720'}, 'timezone': {'offset': '+5:00', 'description': 'Ekaterinburg, Islamabad, Karachi, Tashkent'}}, 'email': 'edward.morales@example.com', 'login': {'uuid': '49a785b1-c827-44af-8e2d-9bce05fe4aaf', 'username': 'blueswan646', 'password': 'tennesse', 'salt': 'VHjCqN8X', 'md5': '917df46ba14e252d90326e9bb79204da', 'sha1': '4d97d2b728ddd53c37ea05fe82075abe7ee31a88', 'sha256': '329e0fe0becd84f3961b4b4f7cc770cef33acc8f3ffa3dc60e379e49f6da51cf'}, 'dob': {'date': '1985-08-28T14:12:53.147Z', 'age': 38}, 'registered': {'date': '2017-08-31T19:08:45.901Z', 'age': 6}, 'phone': '01863 656302', 'cell': '07660 203497', 'id': {'name': 'NINO', 'value': 'YS 38 09 33 Q'}, 'picture': {'large': 'https://randomuser.me/api/portraits/men/92.jpg', 'medium': 'https://randomuser.me/api/portraits/med/men/92.jpg', 'thumbnail': 'https://randomuser.me/api/portraits/thumb/men/92.jpg'}, 'nat': 'GB'}</msg>
<arg>${json_data['results'][0]}</arg>
<doc>Logs the given message with the given level.</doc>
<status status="PASS" start="2024-05-10T04:16:47.528713" elapsed="0.000453"/>
</kw>
<kw name="Log" owner="BuiltIn">
<msg time="2024-05-10T04:16:47.529615" level="INFO">gender</msg>
<arg>${key}</arg>
<doc>Logs the given message with the given level.</doc>
<status status="PASS" start="2024-05-10T04:16:47.529484" elapsed="0.000168"/>
</kw>
<var name="${key}">gender</var>
<status status="PASS" start="2024-05-10T04:16:47.527851" elapsed="0.002030"/>
</iter>
<iter>
<kw name="Dictionary Should Contain Key" owner="Collections">
<msg time="2024-05-10T04:16:47.530574" level="INFO">False</msg>
<arg>${json_data['results'][0]}</arg>
<arg>${key}</arg>
<doc>Fails if ``key`` is not found from ``dictionary``.</doc>
<status status="PASS" start="2024-05-10T04:16:47.530182" elapsed="0.000429"/>
</kw>
<kw name="Log" owner="BuiltIn">
<msg time="2024-05-10T04:16:47.531290" level="INFO">{'gender': 'male', 'name': {'title': 'Mr', 'first': 'Edward', 'last': 'Morales'}, 'location': {'street': {'number': 4713, 'name': 'North Road'}, 'city': 'Exeter', 'state': 'Nottinghamshire', 'country': 'United Kingdom', 'postcode': 'BW1Q 9WX', 'coordinates': {'latitude': '-7.3833', 'longitude': '-98.8720'}, 'timezone': {'offset': '+5:00', 'description': 'Ekaterinburg, Islamabad, Karachi, Tashkent'}}, 'email': 'edward.morales@example.com', 'login': {'uuid': '49a785b1-c827-44af-8e2d-9bce05fe4aaf', 'username': 'blueswan646', 'password': 'tennesse', 'salt': 'VHjCqN8X', 'md5': '917df46ba14e252d90326e9bb79204da', 'sha1': '4d97d2b728ddd53c37ea05fe82075abe7ee31a88', 'sha256': '329e0fe0becd84f3961b4b4f7cc770cef33acc8f3ffa3dc60e379e49f6da51cf'}, 'dob': {'date': '1985-08-28T14:12:53.147Z', 'age': 38}, 'registered': {'date': '2017-08-31T19:08:45.901Z', 'age': 6}, 'phone': '01863 656302', 'cell': '07660 203497', 'id': {'name': 'NINO', 'value': 'YS 38 09 33 Q'}, 'picture': {'large': 'https://randomuser.me/api/portraits/men/92.jpg', 'medium': 'https://randomuser.me/api/portraits/med/men/92.jpg', 'thumbnail': 'https://randomuser.me/api/portraits/thumb/men/92.jpg'}, 'nat': 'GB'}</msg>
<arg>${json_data['results'][0]}</arg>
<doc>Logs the given message with the given level.</doc>
<status status="PASS" start="2024-05-10T04:16:47.530932" elapsed="0.000404"/>
</kw>
<kw name="Log" owner="BuiltIn">
<msg time="2024-05-10T04:16:47.531754" level="INFO">name</msg>
<arg>${key}</arg>
<doc>Logs the given message with the given level.</doc>
<status status="PASS" start="2024-05-10T04:16:47.531630" elapsed="0.000159"/>
</kw>
<var name="${key}">name</var>
<status status="PASS" start="2024-05-10T04:16:47.530067" elapsed="0.001933"/>
</iter>
<iter>
<kw name="Dictionary Should Contain Key" owner="Collections">
<msg time="2024-05-10T04:16:47.532677" level="INFO">False</msg>
<arg>${json_data['results'][0]}</arg>
<arg>${key}</arg>
<doc>Fails if ``key`` is not found from ``dictionary``.</doc>
<status status="PASS" start="2024-05-10T04:16:47.532298" elapsed="0.000416"/>
</kw>
<kw name="Log" owner="BuiltIn">
<msg time="2024-05-10T04:16:47.533430" level="INFO">{'gender': 'male', 'name': {'title': 'Mr', 'first': 'Edward', 'last': 'Morales'}, 'location': {'street': {'number': 4713, 'name': 'North Road'}, 'city': 'Exeter', 'state': 'Nottinghamshire', 'country': 'United Kingdom', 'postcode': 'BW1Q 9WX', 'coordinates': {'latitude': '-7.3833', 'longitude': '-98.8720'}, 'timezone': {'offset': '+5:00', 'description': 'Ekaterinburg, Islamabad, Karachi, Tashkent'}}, 'email': 'edward.morales@example.com', 'login': {'uuid': '49a785b1-c827-44af-8e2d-9bce05fe4aaf', 'username': 'blueswan646', 'password': 'tennesse', 'salt': 'VHjCqN8X', 'md5': '917df46ba14e252d90326e9bb79204da', 'sha1': '4d97d2b728ddd53c37ea05fe82075abe7ee31a88', 'sha256': '329e0fe0becd84f3961b4b4f7cc770cef33acc8f3ffa3dc60e379e49f6da51cf'}, 'dob': {'date': '1985-08-28T14:12:53.147Z', 'age': 38}, 'registered': {'date': '2017-08-31T19:08:45.901Z', 'age': 6}, 'phone': '01863 656302', 'cell': '07660 203497', 'id': {'name': 'NINO', 'value': 'YS 38 09 33 Q'}, 'picture': {'large': 'https://randomuser.me/api/portraits/men/92.jpg', 'medium': 'https://randomuser.me/api/portraits/med/men/92.jpg', 'thumbnail': 'https://randomuser.me/api/portraits/thumb/men/92.jpg'}, 'nat': 'GB'}</msg>
<arg>${json_data['results'][0]}</arg>
<doc>Logs the given message with the given level.</doc>
<status status="PASS" start="2024-05-10T04:16:47.533008" elapsed="0.000470"/>
</kw>
<kw name="Log" owner="BuiltIn">
<msg time="2024-05-10T04:16:47.533898" level="INFO">location</msg>
<arg>${key}</arg>
<doc>Logs the given message with the given level.</doc>
<status status="PASS" start="2024-05-10T04:16:47.533773" elapsed="0.000161"/>
</kw>
<var name="${key}">location</var>
<status status="PASS" start="2024-05-10T04:16:47.532175" elapsed="0.001970"/>
</iter>
<iter>
<kw name="Dictionary Should Contain Key" owner="Collections">
<msg time="2024-05-10T04:16:47.534829" level="INFO">False</msg>
<arg>${json_data['results'][0]}</arg>
<arg>${key}</arg>
<doc>Fails if ``key`` is not found from ``dictionary``.</doc>
<status status="PASS" start="2024-05-10T04:16:47.534428" elapsed="0.000438"/>
</kw>
<kw name="Log" owner="BuiltIn">
<msg time="2024-05-10T04:16:47.535526" level="INFO">{'gender': 'male', 'name': {'title': 'Mr', 'first': 'Edward', 'last': 'Morales'}, 'location': {'street': {'number': 4713, 'name': 'North Road'}, 'city': 'Exeter', 'state': 'Nottinghamshire', 'country': 'United Kingdom', 'postcode': 'BW1Q 9WX', 'coordinates': {'latitude': '-7.3833', 'longitude': '-98.8720'}, 'timezone': {'offset': '+5:00', 'description': 'Ekaterinburg, Islamabad, Karachi, Tashkent'}}, 'email': 'edward.morales@example.com', 'login': {'uuid': '49a785b1-c827-44af-8e2d-9bce05fe4aaf', 'username': 'blueswan646', 'password': 'tennesse', 'salt': 'VHjCqN8X', 'md5': '917df46ba14e252d90326e9bb79204da', 'sha1': '4d97d2b728ddd53c37ea05fe82075abe7ee31a88', 'sha256': '329e0fe0becd84f3961b4b4f7cc770cef33acc8f3ffa3dc60e379e49f6da51cf'}, 'dob': {'date': '1985-08-28T14:12:53.147Z', 'age': 38}, 'registered': {'date': '2017-08-31T19:08:45.901Z', 'age': 6}, 'phone': '01863 656302', 'cell': '07660 203497', 'id': {'name': 'NINO', 'value': 'YS 38 09 33 Q'}, 'picture': {'large': 'https://randomuser.me/api/portraits/men/92.jpg', 'medium': 'https://randomuser.me/api/portraits/med/men/92.jpg', 'thumbnail': 'https://randomuser.me/api/portraits/thumb/men/92.jpg'}, 'nat': 'GB'}</msg>
<arg>${json_data['results'][0]}</arg>
<doc>Logs the given message with the given level.</doc>
<status status="PASS" start="2024-05-10T04:16:47.535169" elapsed="0.000403"/>
</kw>
<kw name="Log" owner="BuiltIn">
<msg time="2024-05-10T04:16:47.535990" level="INFO">email</msg>
<arg>${key}</arg>
<doc>Logs the given message with the given level.</doc>
<status status="PASS" start="2024-05-10T04:16:47.535866" elapsed="0.000162"/>
</kw>
<var name="${key}">email</var>
<status status="PASS" start="2024-05-10T04:16:47.534318" elapsed="0.001920"/>
</iter>
<iter>
<kw name="Dictionary Should Contain Key" owner="Collections">
<msg time="2024-05-10T04:16:47.536914" level="INFO">False</msg>
<arg>${json_data['results'][0]}</arg>
<arg>${key}</arg>
<doc>Fails if ``key`` is not found from ``dictionary``.</doc>
<status status="PASS" start="2024-05-10T04:16:47.536520" elapsed="0.000430"/>
</kw>
<kw name="Log" owner="BuiltIn">
<msg time="2024-05-10T04:16:47.537643" level="INFO">{'gender': 'male', 'name': {'title': 'Mr', 'first': 'Edward', 'last': 'Morales'}, 'location': {'street': {'number': 4713, 'name': 'North Road'}, 'city': 'Exeter', 'state': 'Nottinghamshire', 'country': 'United Kingdom', 'postcode': 'BW1Q 9WX', 'coordinates': {'latitude': '-7.3833', 'longitude': '-98.8720'}, 'timezone': {'offset': '+5:00', 'description': 'Ekaterinburg, Islamabad, Karachi, Tashkent'}}, 'email': 'edward.morales@example.com', 'login': {'uuid': '49a785b1-c827-44af-8e2d-9bce05fe4aaf', 'username': 'blueswan646', 'password': 'tennesse', 'salt': 'VHjCqN8X', 'md5': '917df46ba14e252d90326e9bb79204da', 'sha1': '4d97d2b728ddd53c37ea05fe82075abe7ee31a88', 'sha256': '329e0fe0becd84f3961b4b4f7cc770cef33acc8f3ffa3dc60e379e49f6da51cf'}, 'dob': {'date': '1985-08-28T14:12:53.147Z', 'age': 38}, 'registered': {'date': '2017-08-31T19:08:45.901Z', 'age': 6}, 'phone': '01863 656302', 'cell': '07660 203497', 'id': {'name': 'NINO', 'value': 'YS 38 09 33 Q'}, 'picture': {'large': 'https://randomuser.me/api/portraits/men/92.jpg', 'medium': 'https://randomuser.me/api/portraits/med/men/92.jpg', 'thumbnail': 'https://randomuser.me/api/portraits/thumb/men/92.jpg'}, 'nat': 'GB'}</msg>
<arg>${json_data['results'][0]}</arg>
<doc>Logs the given message with the given level.</doc>
<status status="PASS" start="2024-05-10T04:16:47.537276" elapsed="0.000413"/>
</kw>
<kw name="Log" owner="BuiltIn">
<msg time="2024-05-10T04:16:47.538110" level="INFO">login</msg>
<arg>${key}</arg>
<doc>Logs the given message with the given level.</doc>
<status status="PASS" start="2024-05-10T04:16:47.537984" elapsed="0.000198"/>
</kw>
<var name="${key}">login</var>
<status status="PASS" start="2024-05-10T04:16:47.536410" elapsed="0.002004"/>
</iter>
<var>${key}</var>
<value>@{expected_keys}</value>
<status status="PASS" start="2024-05-10T04:16:47.527664" elapsed="0.010869"/>
</for>
<kw name="Create List" owner="BuiltIn">
<msg time="2024-05-10T04:16:47.538855" level="INFO">${expected_keysTwo} = ['username', 'password']</msg>
<var>${expected_keysTwo}</var>
<arg>username</arg>
<arg>password</arg>
<doc>Returns a list containing given items.</doc>
<status status="PASS" start="2024-05-10T04:16:47.538720" elapsed="0.000159"/>
</kw>
<for flavor="IN">
<iter>
<kw name="Dictionary Should Contain Key" owner="Collections">
<msg time="2024-05-10T04:16:47.539760" level="INFO">False</msg>
<arg>${json_data['results'][0]['login']}</arg>
<arg>${keyTwo}</arg>
<doc>Fails if ``key`` is not found from ``dictionary``.</doc>
<status status="PASS" start="2024-05-10T04:16:47.539373" elapsed="0.000424"/>
</kw>
<kw name="Dictionary Should Contain Key" owner="Collections">
<msg time="2024-05-10T04:16:47.540474" level="INFO">False</msg>
<arg>${json_data['results'][0]['login']}</arg>
<arg>${keyTwo}</arg>
<doc>Fails if ``key`` is not found from ``dictionary``.</doc>
<status status="PASS" start="2024-05-10T04:16:47.540087" elapsed="0.000433"/>
</kw>
<kw name="Log" owner="BuiltIn">
<msg time="2024-05-10T04:16:47.540935" level="INFO">username</msg>
<arg>${keyTwo}</arg>
<doc>Logs the given message with the given level.</doc>
<status status="PASS" start="2024-05-10T04:16:47.540809" elapsed="0.000168"/>
</kw>
<var name="${keyTwo}">username</var>
<status status="PASS" start="2024-05-10T04:16:47.539264" elapsed="0.001986"/>
</iter>
<iter>
<kw name="Dictionary Should Contain Key" owner="Collections">
<msg time="2024-05-10T04:16:47.542001" level="INFO">False</msg>
<arg>${json_data['results'][0]['login']}</arg>
<arg>${keyTwo}</arg>
<doc>Fails if ``key`` is not found from ``dictionary``.</doc>
<status status="PASS" start="2024-05-10T04:16:47.541544" elapsed="0.000497"/>
</kw>
<kw name="Dictionary Should Contain Key" owner="Collections">
<msg time="2024-05-10T04:16:47.542724" level="INFO">False</msg>
<arg>${json_data['results'][0]['login']}</arg>
<arg>${keyTwo}</arg>
<doc>Fails if ``key`` is not found from ``dictionary``.</doc>
<status status="PASS" start="2024-05-10T04:16:47.542347" elapsed="0.000412"/>
</kw>
<kw name="Log" owner="BuiltIn">
<msg time="2024-05-10T04:16:47.543176" level="INFO">password</msg>
<arg>${keyTwo}</arg>
<doc>Logs the given message with the given level.</doc>
<status status="PASS" start="2024-05-10T04:16:47.543049" elapsed="0.000164"/>
</kw>
<var name="${keyTwo}">password</var>
<status status="PASS" start="2024-05-10T04:16:47.541434" elapsed="0.001993"/>
</iter>
<var>${keyTwo}</var>
<value>@{expected_keysTwo}</value>
<status status="PASS" start="2024-05-10T04:16:47.539111" elapsed="0.004436"/>
</for>
<status status="PASS" start="2024-05-10T04:16:47.434563" elapsed="0.109120"/>
</kw>
<doc>Testa a estrutura da resposta da API.</doc>
<tag>testeEstruturaResposta</tag>
<status status="PASS" start="2024-05-10T04:16:47.433825" elapsed="0.110007"/>
</test>
<test id="s1-s1-t4" name="Validar tipos de dados" line="28">
<kw name="Teste de Tipos de Dados" owner="random-user-service">
<kw name="GET On Session" owner="RequestsLibrary">
<msg time="2024-05-10T04:16:47.623935" level="INFO">GET Request : url=https://randomuser.me/api 
 path_url=/api 
 headers={'User-Agent': 'python-requests/2.31.0', 'Accept-Encoding': 'gzip, deflate', 'Accept': '*/*', 'Connection': 'keep-alive'} 
 body=None 
 </msg>
<msg time="2024-05-10T04:16:47.624025" level="INFO">GET Response : url=https://randomuser.me/api 
 status=200, reason=OK 
 headers={'Date': 'Fri, 10 May 2024 04:16:47 GMT', 'Content-Type': 'application/json; charset=utf-8', 'Transfer-Encoding': 'chunked', 'Connection': 'keep-alive', 'X-Powered-By': 'Express', 'Access-Control-Allow-Origin': '*', 'Cache-Control': 'no-cache', 'ETag': 'W/"472-PrMeGqQz3Koz0qfy9B5TucMwd5Q"', 'Vary': 'Accept-Encoding', 'Content-Encoding': 'gzip', 'CF-Cache-Status': 'DYNAMIC', 'Report-To': '{"endpoints":[{"url":"https:\\/\\/a.nel.cloudflare.com\\/report\\/v4?s=%2F%2Fb4joGzZ5yK77IYWJjaMdj%2FIAan4y1qu5HZTZfINvGZZFmdATVjUNg0wf5vg%2FzwSMQXcisDnyiSH6kW5tiH8ztJl5nPVdCv3PEO4kFn8Mn3Fsf%2BtaXjFijNxXlSjv6M"}],"group":"cf-nel","max_age":604800}', 'NEL': '{"success_fraction":0,"report_to":"cf-nel","max_age":604800}', 'Server': 'cloudflare', 'CF-RAY': '88171da92b912300-ORD', 'alt-svc': 'h3=":443"; ma=86400'} 
 body={"results":[{"gender":"female","name":{"title":"Miss","first":"Amalie","last":"Sørensen"},"location":{"street":{"number":8557,"name":"Bogensevej"},"city":"Bælum","state":"Syddanmark","country":"Denmark","postcode":41044,"coordinates":{"latitude":"-46.2469","longitude":"19.9317"},"timezone":{"offset":"+3:30","description":"Tehran"}},"email":"amalie.sorensen@example.com","login":{"uuid":"0e09d12e-5117-40b6-acc6-05b44eef2eab","username":"happybear396","password":"sabine","salt":"gfBdTyzW","md5":"5ba9f65fcee5f17d57d610cdefd73021","sha1":"c7c70a2616b965ca3326570b5be965df27337c2a","sha256":"1907ac94f3300fdb1fd1ff8a7eeb9f744977fe752a7453c42c9e0a139ff2022a"},"dob":{"date":"1986-12-06T23:52:20.869Z","age":37},"registered":{"date":"2007-10-31T03:06:49.387Z","age":16},"phone":"88918677","cell":"46189664","id":{"name":"CPR","value":"061286-7507"},"picture":{"large":"https://randomuser.me/api/portraits/women/29.jpg","medium":"https://randomuser.me/api/portraits/med/women/29.jpg","thumbnail":"https://randomuser.me/api/portraits/thumb/women/29.jpg"},"nat":"DK"}],"info":{"seed":"7c765d85b42a4875","results":1,"page":1,"version":"1.4"}} 
 </msg>
<msg time="2024-05-10T04:16:47.624100" level="INFO">/opt/hostedtoolcache/Python/3.12.3/x64/lib/python3.12/site-packages/urllib3/connectionpool.py:1103: InsecureRequestWarning: Unverified HTTPS request is being made to host 'randomuser.me'. Adding certificate verification is strongly advised. See: https://urllib3.readthedocs.io/en/latest/advanced-usage.html#tls-warnings
  warnings.warn(</msg>
<msg time="2024-05-10T04:16:47.624234" level="INFO">${response} = &lt;Response [200]&gt;</msg>
<var>${response}</var>
<arg>consultarAPI</arg>
<arg>/api</arg>
<doc>Sends a GET request on a previously created HTTP Session.</doc>
<status status="PASS" start="2024-05-10T04:16:47.546284" elapsed="0.077999"/>
</kw>
<kw name="Set Variable" owner="BuiltIn">
<msg time="2024-05-10T04:16:47.625409" level="INFO">${json_data} = {'results': [{'gender': 'female', 'name': {'title': 'Miss', 'first': 'Amalie', 'last': 'Sørensen'}, 'location': {'street': {'number': 8557, 'name': 'Bogensevej'}, 'city': 'Bælum', 'state': 'Syddanmark...</msg>
<var>${json_data}</var>
<arg>${response.json()}</arg>
<doc>Returns the given values which can then be assigned to a variables.</doc>
<status status="PASS" start="2024-05-10T04:16:47.624800" elapsed="0.000639"/>
</kw>
<kw name="Log" owner="BuiltIn">
<msg time="2024-05-10T04:16:47.625910" level="INFO">{'results': [{'gender': 'female', 'name': {'title': 'Miss', 'first': 'Amalie', 'last': 'Sørensen'}, 'location': {'street': {'number': 8557, 'name': 'Bogensevej'}, 'city': 'Bælum', 'state': 'Syddanmark', 'country': 'Denmark', 'postcode': 41044, 'coordinates': {'latitude': '-46.2469', 'longitude': '19.9317'}, 'timezone': {'offset': '+3:30', 'description': 'Tehran'}}, 'email': 'amalie.sorensen@example.com', 'login': {'uuid': '0e09d12e-5117-40b6-acc6-05b44eef2eab', 'username': 'happybear396', 'password': 'sabine', 'salt': 'gfBdTyzW', 'md5': '5ba9f65fcee5f17d57d610cdefd73021', 'sha1': 'c7c70a2616b965ca3326570b5be965df27337c2a', 'sha256': '1907ac94f3300fdb1fd1ff8a7eeb9f744977fe752a7453c42c9e0a139ff2022a'}, 'dob': {'date': '1986-12-06T23:52:20.869Z', 'age': 37}, 'registered': {'date': '2007-10-31T03:06:49.387Z', 'age': 16}, 'phone': '88918677', 'cell': '46189664', 'id': {'name': 'CPR', 'value': '061286-7507'}, 'picture': {'large': 'https://randomuser.me/api/portraits/women/29.jpg', 'medium': 'https://randomuser.me/api/portraits/med/women/29.jpg', 'thumbnail': 'https://randomuser.me/api/portraits/thumb/women/29.jpg'}, 'nat': 'DK'}], 'info': {'seed': '7c765d85b42a4875', 'results': 1, 'page': 1, 'version': '1.4'}}</msg>
<arg>${json_data}</arg>
<doc>Logs the given message with the given level.</doc>
<status status="PASS" start="2024-05-10T04:16:47.625750" elapsed="0.000243"/>
</kw>
<kw name="Should Be String" owner="String">
<arg>${json_data['results'][0]['gender']}</arg>
<doc>Fails if the given ``item`` is not a string.</doc>
<status status="PASS" start="2024-05-10T04:16:47.626298" elapsed="0.000375"/>
</kw>
<kw name="Should Match Regexp" owner="BuiltIn">
<arg>${json_data['results'][0]['email']}</arg>
<arg>^[a-zA-Z0-9._%+-]+@[a-zA-Z0-9.-]+\.[a-zA-Z]{2,}$</arg>
<doc>Fails if ``string`` does not match ``pattern`` as a regular expression.</doc>
<status status="PASS" start="2024-05-10T04:16:47.626867" elapsed="0.000522"/>
</kw>
<kw name="Should Match Regexp" owner="BuiltIn">
<arg>${json_data['results'][0]['dob']['date']}</arg>
<arg>\\d{4}-\\d{2}-\\d{2}T\\d{2}:\\d{2}:\\d{2}\\.\\d{3}Z</arg>
<doc>Fails if ``string`` does not match ``pattern`` as a regular expression.</doc>
<status status="PASS" start="2024-05-10T04:16:47.627584" elapsed="0.000494"/>
</kw>
<kw name="Should Match Regexp" owner="BuiltIn">
<arg>${json_data['results'][0]['registered']['date']}</arg>
<arg>\\d{4}-\\d{2}-\\d{2}T\\d{2}:\\d{2}:\\d{2}\\.\\d{3}Z</arg>
<doc>Fails if ``string`` does not match ``pattern`` as a regular expression.</doc>
<status status="PASS" start="2024-05-10T04:16:47.628271" elapsed="0.000372"/>
</kw>
<kw name="Should Match Regexp" owner="BuiltIn">
<arg>${json_data['results'][0]['picture']['large']}</arg>
<arg>^https?://.*\.(?:png|jpe?g|gif|bmp)$</arg>
<doc>Fails if ``string`` does not match ``pattern`` as a regular expression.</doc>
<status status="PASS" start="2024-05-10T04:16:47.628832" elapsed="0.000500"/>
</kw>
<kw name="Should Match Regexp" owner="BuiltIn">
<arg>${json_data['results'][0]['picture']['medium']}</arg>
<arg>^https?://.*\.(?:png|jpe?g|gif|bmp)$</arg>
<doc>Fails if ``string`` does not match ``pattern`` as a regular expression.</doc>
<status status="PASS" start="2024-05-10T04:16:47.629526" elapsed="0.000356"/>
</kw>
<kw name="Should Match Regexp" owner="BuiltIn">
<arg>${json_data['results'][0]['picture']['thumbnail']}</arg>
<arg>^https?://.*\.(?:png|jpe?g|gif|bmp)$</arg>
<doc>Fails if ``string`` does not match ``pattern`` as a regular expression.</doc>
<status status="PASS" start="2024-05-10T04:16:47.630073" elapsed="0.000360"/>
</kw>
<kw name="Log" owner="BuiltIn">
<msg time="2024-05-10T04:16:47.630950" level="INFO">{'large': 'https://randomuser.me/api/portraits/women/29.jpg', 'medium': 'https://randomuser.me/api/portraits/med/women/29.jpg', 'thumbnail': 'https://randomuser.me/api/portraits/thumb/women/29.jpg'}</msg>
<arg>${json_data['results'][0]['picture']}</arg>
<doc>Logs the given message with the given level.</doc>
<status status="PASS" start="2024-05-10T04:16:47.630622" elapsed="0.000369"/>
</kw>
<status status="PASS" start="2024-05-10T04:16:47.546061" elapsed="0.085186"/>
</kw>
<kw name="Teste de Tipos de Dados - Postcode" owner="random-user-service">
<kw name="GET On Session" owner="RequestsLibrary">
<msg time="2024-05-10T04:16:47.722281" level="INFO">GET Request : url=https://randomuser.me/api 
 path_url=/api 
 headers={'User-Agent': 'python-requests/2.31.0', 'Accept-Encoding': 'gzip, deflate', 'Accept': '*/*', 'Connection': 'keep-alive'} 
 body=None 
 </msg>
<msg time="2024-05-10T04:16:47.722346" level="INFO">GET Response : url=https://randomuser.me/api 
 status=200, reason=OK 
 headers={'Date': 'Fri, 10 May 2024 04:16:47 GMT', 'Content-Type': 'application/json; charset=utf-8', 'Transfer-Encoding': 'chunked', 'Connection': 'keep-alive', 'X-Powered-By': 'Express', 'Access-Control-Allow-Origin': '*', 'Cache-Control': 'no-cache', 'ETag': 'W/"492-jPaukQAS/XjewT0BD9tejY0HXAk"', 'Vary': 'Accept-Encoding', 'Content-Encoding': 'gzip', 'CF-Cache-Status': 'DYNAMIC', 'Report-To': '{"endpoints":[{"url":"https:\\/\\/a.nel.cloudflare.com\\/report\\/v4?s=ExbA5vS2y03uXAG4cqYHL%2Bpc4kZCkt9mszGhrWa%2FfuEu73M4bB%2F00Oh8twMKpJaWvAaRyKHvWnoPwPQyVoTbqGeqg2T%2Bc8a3NWZd9ZmhjbWdsz1MDcKktfm9OpjhSL9j"}],"group":"cf-nel","max_age":604800}', 'NEL': '{"success_fraction":0,"report_to":"cf-nel","max_age":604800}', 'Server': 'cloudflare', 'CF-RAY': '88171da9bc2d2300-ORD', 'alt-svc': 'h3=":443"; ma=86400'} 
 body={"results":[{"gender":"male","name":{"title":"Mr","first":"Lee","last":"Armstrong"},"location":{"street":{"number":331,"name":"Rochestown Road"},"city":"Tullamore","state":"Galway City","country":"Ireland","postcode":99106,"coordinates":{"latitude":"-2.7200","longitude":"-36.5147"},"timezone":{"offset":"+5:00","description":"Ekaterinburg, Islamabad, Karachi, Tashkent"}},"email":"lee.armstrong@example.com","login":{"uuid":"90a0bf5f-48e9-4858-afa5-cf35e7e22ba4","username":"redfrog804","password":"winger","salt":"rF3KFwHl","md5":"d32151681210ebe8cdf1f5c84a57c6ee","sha1":"48423cd8787bd823830d1c682e7956bf8fb92442","sha256":"86879b58440373d9a5002c5cf84bbf3e619a241d91a9cabe6b705291218f1902"},"dob":{"date":"2000-01-15T15:36:19.489Z","age":24},"registered":{"date":"2006-01-28T03:25:23.382Z","age":18},"phone":"071-491-1663","cell":"081-424-4883","id":{"name":"PPS","value":"9726667T"},"picture":{"large":"https://randomuser.me/api/portraits/men/36.jpg","medium":"https://randomuser.me/api/portraits/med/men/36.jpg","thumbnail":"https://randomuser.me/api/portraits/thumb/men/36.jpg"},"nat":"IE"}],"info":{"seed":"e8690345fe8f925d","results":1,"page":1,"version":"1.4"}} 
 </msg>
<msg time="2024-05-10T04:16:47.722402" level="INFO">/opt/hostedtoolcache/Python/3.12.3/x64/lib/python3.12/site-packages/urllib3/connectionpool.py:1103: InsecureRequestWarning: Unverified HTTPS request is being made to host 'randomuser.me'. Adding certificate verification is strongly advised. See: https://urllib3.readthedocs.io/en/latest/advanced-usage.html#tls-warnings
  warnings.warn(</msg>
<msg time="2024-05-10T04:16:47.722512" level="INFO">${response} = &lt;Response [200]&gt;</msg>
<var>${response}</var>
<arg>consultarAPI</arg>
<arg>/api</arg>
<doc>Sends a GET request on a previously created HTTP Session.</doc>
<status status="PASS" start="2024-05-10T04:16:47.631690" elapsed="0.090863"/>
</kw>
<kw name="Set Variable" owner="BuiltIn">
<msg time="2024-05-10T04:16:47.723364" level="INFO">${json_data} = {'results': [{'gender': 'male', 'name': {'title': 'Mr', 'first': 'Lee', 'last': 'Armstrong'}, 'location': {'street': {'number': 331, 'name': 'Rochestown Road'}, 'city': 'Tullamore', 'state': 'Galway C...</msg>
<var>${json_data}</var>
<arg>${response.json()}</arg>
<doc>Returns the given values which can then be assigned to a variables.</doc>
<status status="PASS" start="2024-05-10T04:16:47.722907" elapsed="0.000485"/>
</kw>
<kw name="Log" owner="BuiltIn">
<msg time="2024-05-10T04:16:47.723855" level="INFO">{'results': [{'gender': 'male', 'name': {'title': 'Mr', 'first': 'Lee', 'last': 'Armstrong'}, 'location': {'street': {'number': 331, 'name': 'Rochestown Road'}, 'city': 'Tullamore', 'state': 'Galway City', 'country': 'Ireland', 'postcode': 99106, 'coordinates': {'latitude': '-2.7200', 'longitude': '-36.5147'}, 'timezone': {'offset': '+5:00', 'description': 'Ekaterinburg, Islamabad, Karachi, Tashkent'}}, 'email': 'lee.armstrong@example.com', 'login': {'uuid': '90a0bf5f-48e9-4858-afa5-cf35e7e22ba4', 'username': 'redfrog804', 'password': 'winger', 'salt': 'rF3KFwHl', 'md5': 'd32151681210ebe8cdf1f5c84a57c6ee', 'sha1': '48423cd8787bd823830d1c682e7956bf8fb92442', 'sha256': '86879b58440373d9a5002c5cf84bbf3e619a241d91a9cabe6b705291218f1902'}, 'dob': {'date': '2000-01-15T15:36:19.489Z', 'age': 24}, 'registered': {'date': '2006-01-28T03:25:23.382Z', 'age': 18}, 'phone': '071-491-1663', 'cell': '081-424-4883', 'id': {'name': 'PPS', 'value': '9726667T'}, 'picture': {'large': 'https://randomuser.me/api/portraits/men/36.jpg', 'medium': 'https://randomuser.me/api/portraits/med/men/36.jpg', 'thumbnail': 'https://randomuser.me/api/portraits/thumb/men/36.jpg'}, 'nat': 'IE'}], 'info': {'seed': 'e8690345fe8f925d', 'results': 1, 'page': 1, 'version': '1.4'}}</msg>
<arg>${json_data}</arg>
<doc>Logs the given message with the given level.</doc>
<status status="PASS" start="2024-05-10T04:16:47.723703" elapsed="0.000230"/>
</kw>
<kw name="Should Be Equal As Numbers" owner="BuiltIn">
<arg>${json_data['results'][0]['location']['postcode']}</arg>
<arg>${json_data['results'][0]['location']['postcode']}</arg>
<doc>Fails if objects are unequal after converting them to real numbers.</doc>
<status status="PASS" start="2024-05-10T04:16:47.724373" elapsed="0.000626"/>
</kw>
<kw name="Log" owner="BuiltIn">
<msg time="2024-05-10T04:16:47.725586" level="INFO">99106</msg>
<arg>${json_data['results'][0]['location']['postcode']}</arg>
<doc>Logs the given message with the given level.</doc>
<status status="PASS" start="2024-05-10T04:16:47.725236" elapsed="0.000390"/>
</kw>
<status status="PASS" start="2024-05-10T04:16:47.631464" elapsed="0.094415"/>
</kw>
<doc>Testa se os tipos de dados na resposta da API estão corretos.</doc>
<tag>testeTiposDados</tag>
<status status="PASS" start="2024-05-10T04:16:47.545616" elapsed="0.180426"/>
</test>
<test id="s1-s1-t5" name="Validar conteudo" line="35">
<kw name="Teste de Tipos de Conteudo" owner="random-user-service">
<kw name="GET On Session" owner="RequestsLibrary">
<msg time="2024-05-10T04:16:47.822541" level="INFO">GET Request : url=https://randomuser.me/api 
 path_url=/api 
 headers={'User-Agent': 'python-requests/2.31.0', 'Accept-Encoding': 'gzip, deflate', 'Accept': '*/*', 'Connection': 'keep-alive'} 
 body=None 
 </msg>
<msg time="2024-05-10T04:16:47.822617" level="INFO">GET Response : url=https://randomuser.me/api 
 status=200, reason=OK 
 headers={'Date': 'Fri, 10 May 2024 04:16:47 GMT', 'Content-Type': 'application/json; charset=utf-8', 'Transfer-Encoding': 'chunked', 'Connection': 'keep-alive', 'X-Powered-By': 'Express', 'Access-Control-Allow-Origin': '*', 'Cache-Control': 'no-cache', 'ETag': 'W/"472-JSqiYj8mW6PTitnQi3fHul/z+tc"', 'Vary': 'Accept-Encoding', 'Content-Encoding': 'gzip', 'CF-Cache-Status': 'DYNAMIC', 'Report-To': '{"endpoints":[{"url":"https:\\/\\/a.nel.cloudflare.com\\/report\\/v4?s=cyZwozwUyhwoKDKI2tzfZMGbxkSBBenLobZmIfwkVHHlyJ50W7hlpzyxKXix2ZpRtqi78z1iDqe3vvGTKf615PNfA3BWgqusJ9%2B8vTa5diEky%2B0tnjup%2F%2BI4nUMn5FJA"}],"group":"cf-nel","max_age":604800}', 'NEL': '{"success_fraction":0,"report_to":"cf-nel","max_age":604800}', 'Server': 'cloudflare', 'CF-RAY': '88171daa4cbe2300-ORD', 'alt-svc': 'h3=":443"; ma=86400'} 
 body={"results":[{"gender":"male","name":{"title":"Mr","first":"Jacob","last":"Jensen"},"location":{"street":{"number":109,"name":"Sønderkær"},"city":"Assens","state":"Hovedstaden","country":"Denmark","postcode":26585,"coordinates":{"latitude":"-40.7615","longitude":"-101.3258"},"timezone":{"offset":"+6:00","description":"Almaty, Dhaka, Colombo"}},"email":"jacob.jensen@example.com","login":{"uuid":"53c0d152-a62e-4c50-a41c-b42d32f2d2a1","username":"bigrabbit740","password":"data","salt":"Qyj3Xudy","md5":"5739415069e7a889e6816be0bee1063d","sha1":"082c571545569f982eef890d5f42ed6e2182e4c6","sha256":"0d4ea22c91edb20c16b9c000fc361982e36921ddd49bd185b0382cefc4a3c5c0"},"dob":{"date":"1961-05-25T14:25:59.727Z","age":62},"registered":{"date":"2005-03-18T10:52:33.946Z","age":19},"phone":"21918161","cell":"84355263","id":{"name":"CPR","value":"250561-5165"},"picture":{"large":"https://randomuser.me/api/portraits/men/86.jpg","medium":"https://randomuser.me/api/portraits/med/men/86.jpg","thumbnail":"https://randomuser.me/api/portraits/thumb/men/86.jpg"},"nat":"DK"}],"info":{"seed":"83e0a118db3a6d3c","results":1,"page":1,"version":"1.4"}} 
 </msg>
<msg time="2024-05-10T04:16:47.822677" level="INFO">/opt/hostedtoolcache/Python/3.12.3/x64/lib/python3.12/site-packages/urllib3/connectionpool.py:1103: InsecureRequestWarning: Unverified HTTPS request is being made to host 'randomuser.me'. Adding certificate verification is strongly advised. See: https://urllib3.readthedocs.io/en/latest/advanced-usage.html#tls-warnings
  warnings.warn(</msg>
<msg time="2024-05-10T04:16:47.822794" level="INFO">${response} = &lt;Response [200]&gt;</msg>
<var>${response}</var>
<arg>consultarAPI</arg>
<arg>/api</arg>
<doc>Sends a GET request on a previously created HTTP Session.</doc>
<status status="PASS" start="2024-05-10T04:16:47.728445" elapsed="0.094389"/>
</kw>
<kw name="Set Variable" owner="BuiltIn">
<msg time="2024-05-10T04:16:47.823737" level="INFO">${json_data} = {'results': [{'gender': 'male', 'name': {'title': 'Mr', 'first': 'Jacob', 'last': 'Jensen'}, 'location': {'street': {'number': 109, 'name': 'Sønderkær'}, 'city': 'Assens', 'state': 'Hovedstaden', 'cou...</msg>
<var>${json_data}</var>
<arg>${response.json()}</arg>
<doc>Returns the given values which can then be assigned to a variables.</doc>
<status status="PASS" start="2024-05-10T04:16:47.823244" elapsed="0.000522"/>
</kw>
<kw name="Set Variable" owner="BuiltIn">
<msg time="2024-05-10T04:16:47.824476" level="INFO">${name_title} = Mr</msg>
<var>${name_title}</var>
<arg>${json_data["results"][0]["name"]["title"]}</arg>
<doc>Returns the given values which can then be assigned to a variables.</doc>
<status status="PASS" start="2024-05-10T04:16:47.824081" elapsed="0.000421"/>
</kw>
<kw name="Create List" owner="BuiltIn">
<msg time="2024-05-10T04:16:47.824953" level="INFO">${allowed_titles} = ['Mr', 'Ms', 'Miss', 'Mrs', 'Madame', 'Monsieur']</msg>
<var>${allowed_titles}</var>
<arg>Mr</arg>
<arg>Ms</arg>
<arg>Miss</arg>
<arg>Mrs</arg>
<arg>Madame</arg>
<arg>Monsieur</arg>
<doc>Returns a list containing given items.</doc>
<status status="PASS" start="2024-05-10T04:16:47.824802" elapsed="0.000176"/>
</kw>
<kw name="List Should Contain Value" owner="Collections">
<msg time="2024-05-10T04:16:47.825487" level="INFO">False</msg>
<arg>${allowed_titles}</arg>
<arg>${name_title}</arg>
<doc>Fails if the ``value`` is not found from ``list``.</doc>
<status status="PASS" start="2024-05-10T04:16:47.825310" elapsed="0.000215"/>
</kw>
<kw name="Set Variable" owner="BuiltIn">
<msg time="2024-05-10T04:16:47.826205" level="INFO">${name_country} = DK</msg>
<var>${name_country}</var>
<arg>${json_data["results"][0]["nat"]}</arg>
<doc>Returns the given values which can then be assigned to a variables.</doc>
<status status="PASS" start="2024-05-10T04:16:47.825824" elapsed="0.000406"/>
</kw>
<kw name="Create List" owner="BuiltIn">
<msg time="2024-05-10T04:16:47.827119" level="INFO">${list_country} = ['AD', 'AE', 'AF', 'AG', 'AI', 'AL', 'AM', 'AO', 'AQ', 'AR', 'AS', 'AT', 'AU', 'AW', 'AX', 'AZ', 'BA', 'BB', 'BD', 'BE', 'BF', 'BG', 'BH', 'BI', 'BJ', 'BL', 'BM', 'BN', 'BO', 'BQ', 'BR', 'BS', 'BT', '...</msg>
<var>${list_country}</var>
<arg>AD</arg>
<arg>AE</arg>
<arg>AF</arg>
<arg>AG</arg>
<arg>AI</arg>
<arg>AL</arg>
<arg>AM</arg>
<arg>AO</arg>
<arg>AQ</arg>
<arg>AR</arg>
<arg>AS</arg>
<arg>AT</arg>
<arg>AU</arg>
<arg>AW</arg>
<arg>AX</arg>
<arg>AZ</arg>
<arg>BA</arg>
<arg>BB</arg>
<arg>BD</arg>
<arg>BE</arg>
<arg>BF</arg>
<arg>BG</arg>
<arg>BH</arg>
<arg>BI</arg>
<arg>BJ</arg>
<arg>BL</arg>
<arg>BM</arg>
<arg>BN</arg>
<arg>BO</arg>
<arg>BQ</arg>
<arg>BR</arg>
<arg>BS</arg>
<arg>BT</arg>
<arg>BV</arg>
<arg>BW</arg>
<arg>BY</arg>
<arg>BZ</arg>
<arg>CA</arg>
<arg>CC</arg>
<arg>CD</arg>
<arg>CF</arg>
<arg>CG</arg>
<arg>CH</arg>
<arg>CI</arg>
<arg>CK</arg>
<arg>CL</arg>
<arg>CM</arg>
<arg>CN</arg>
<arg>CO</arg>
<arg>CR</arg>
<arg>CU</arg>
<arg>CV</arg>
<arg>CW</arg>
<arg>CX</arg>
<arg>CY</arg>
<arg>CZ</arg>
<arg>DE</arg>
<arg>DJ</arg>
<arg>DK</arg>
<arg>DM</arg>
<arg>DO</arg>
<arg>DZ</arg>
<arg>EC</arg>
<arg>EE</arg>
<arg>EG</arg>
<arg>EH</arg>
<arg>ER</arg>
<arg>ES</arg>
<arg>ET</arg>
<arg>FI</arg>
<arg>FJ</arg>
<arg>FK</arg>
<arg>FM</arg>
<arg>FO</arg>
<arg>FR</arg>
<arg>GA</arg>
<arg>GB</arg>
<arg>GD</arg>
<arg>GE</arg>
<arg>GF</arg>
<arg>GG</arg>
<arg>GH</arg>
<arg>GI</arg>
<arg>GL</arg>
<arg>GM</arg>
<arg>GN</arg>
<arg>GP</arg>
<arg>GQ</arg>
<arg>GR</arg>
<arg>GS</arg>
<arg>GT</arg>
<arg>GU</arg>
<arg>GW</arg>
<arg>GY</arg>
<arg>HK</arg>
<arg>HM</arg>
<arg>HN</arg>
<arg>HR</arg>
<arg>HT</arg>
<arg>HU</arg>
<arg>ID</arg>
<arg>IE</arg>
<arg>IL</arg>
<arg>IM</arg>
<arg>IN</arg>
<arg>IO</arg>
<arg>IQ</arg>
<arg>IR</arg>
<arg>IS</arg>
<arg>IT</arg>
<arg>JE</arg>
<arg>JM</arg>
<arg>JO</arg>
<arg>JP</arg>
<arg>KE</arg>
<arg>KG</arg>
<arg>KH</arg>
<arg>KI</arg>
<arg>KM</arg>
<arg>KN</arg>
<arg>KP</arg>
<arg>KR</arg>
<arg>KW</arg>
<arg>KY</arg>
<arg>KZ</arg>
<arg>LA</arg>
<arg>LB</arg>
<arg>LC</arg>
<arg>LI</arg>
<arg>LK</arg>
<arg>LR</arg>
<arg>LS</arg>
<arg>LT</arg>
<arg>LU</arg>
<arg>LV</arg>
<arg>LY</arg>
<arg>MA</arg>
<arg>MC</arg>
<arg>MD</arg>
<arg>ME</arg>
<arg>MF</arg>
<arg>MG</arg>
<arg>MH</arg>
<arg>MK</arg>
<arg>ML</arg>
<arg>MM</arg>
<arg>MN</arg>
<arg>MO</arg>
<arg>MP</arg>
<arg>MQ</arg>
<arg>MR</arg>
<arg>MS</arg>
<arg>MT</arg>
<arg>MU</arg>
<arg>MV</arg>
<arg>MW</arg>
<arg>MX</arg>
<arg>MY</arg>
<arg>MZ</arg>
<arg>NA</arg>
<arg>NC</arg>
<arg>NE</arg>
<arg>NF</arg>
<arg>NG</arg>
<arg>NI</arg>
<arg>NL</arg>
<arg>NO</arg>
<arg>NP</arg>
<arg>NR</arg>
<arg>NU</arg>
<arg>NZ</arg>
<arg>OM</arg>
<arg>PA</arg>
<arg>PE</arg>
<arg>PF</arg>
<arg>PG</arg>
<arg>PH</arg>
<arg>PK</arg>
<arg>PL</arg>
<arg>PM</arg>
<arg>PN</arg>
<arg>PR</arg>
<arg>PS</arg>
<arg>PT</arg>
<arg>PW</arg>
<arg>PY</arg>
<arg>QA</arg>
<arg>RE</arg>
<arg>RO</arg>
<arg>RS</arg>
<arg>RU</arg>
<arg>RW</arg>
<arg>SA</arg>
<arg>SB</arg>
<arg>SC</arg>
<arg>SD</arg>
<arg>SE</arg>
<arg>SG</arg>
<arg>SH</arg>
<arg>SI</arg>
<arg>SJ</arg>
<arg>SK</arg>
<arg>SL</arg>
<arg>SM</arg>
<arg>SN</arg>
<arg>SO</arg>
<arg>SR</arg>
<arg>SS</arg>
<arg>ST</arg>
<arg>SV</arg>
<arg>SX</arg>
<arg>SY</arg>
<arg>SZ</arg>
<arg>TC</arg>
<arg>TD</arg>
<arg>TF</arg>
<arg>TG</arg>
<arg>TH</arg>
<arg>TJ</arg>
<arg>TK</arg>
<arg>TL</arg>
<arg>TM</arg>
<arg>TN</arg>
<arg>TO</arg>
<arg>TR</arg>
<arg>TT</arg>
<arg>TV</arg>
<arg>TW</arg>
<arg>TZ</arg>
<arg>UA</arg>
<arg>UG</arg>
<arg>UM</arg>
<arg>US</arg>
<arg>UY</arg>
<arg>UZ</arg>
<arg>VA</arg>
<arg>VC</arg>
<arg>VE</arg>
<arg>VG</arg>
<arg>VI</arg>
<arg>VN</arg>
<arg>VU</arg>
<arg>WF</arg>
<arg>WS</arg>
<arg>XK</arg>
<arg>YE</arg>
<arg>YT</arg>
<arg>ZA</arg>
<arg>ZM</arg>
<arg>ZW</arg>
<doc>Returns a list containing given items.</doc>
<status status="PASS" start="2024-05-10T04:16:47.826531" elapsed="0.000614"/>
</kw>
<kw name="List Should Contain Value" owner="Collections">
<msg time="2024-05-10T04:16:47.828149" level="INFO">False</msg>
<arg>${list_country}</arg>
<arg>${name_country}</arg>
<doc>Fails if the ``value`` is not found from ``list``.</doc>
<status status="PASS" start="2024-05-10T04:16:47.827948" elapsed="0.000238"/>
</kw>
<kw name="Run Keyword If" owner="BuiltIn">
<kw name="Should Be True" owner="BuiltIn">
<arg>${True}</arg>
<doc>Fails if the given condition is not true.</doc>
<status status="PASS" start="2024-05-10T04:16:47.829295" elapsed="0.000252"/>
</kw>
<arg>${json_data["results"][0]["location"]["coordinates"]["latitude"]} &gt;= -90 and ${json_data["results"][0]["location"]["coordinates"]["latitude"]} &lt;= 90</arg>
<arg>Should Be True</arg>
<arg>${True}</arg>
<doc>Runs the given keyword with the given arguments, if ``condition`` is true.</doc>
<status status="PASS" start="2024-05-10T04:16:47.828502" elapsed="0.001181"/>
</kw>
<kw name="Run Keyword If" owner="BuiltIn">
<kw name="Should Be True" owner="BuiltIn">
<arg>${True}</arg>
<doc>Fails if the given condition is not true.</doc>
<status status="PASS" start="2024-05-10T04:16:47.830577" elapsed="0.000137"/>
</kw>
<arg>${json_data["results"][0]["location"]["coordinates"]["longitude"]} &gt;= -180 and ${json_data["results"][0]["location"]["coordinates"]["longitude"]} &lt;= 180</arg>
<arg>Should Be True</arg>
<arg>${True}</arg>
<doc>Runs the given keyword with the given arguments, if ``condition`` is true.</doc>
<status status="PASS" start="2024-05-10T04:16:47.829870" elapsed="0.000970"/>
</kw>
<status status="PASS" start="2024-05-10T04:16:47.728222" elapsed="0.102750"/>
</kw>
<doc>Testa o conteúdo específico dos campos retornados pela API.</doc>
<tag>testeConteudo</tag>
<status status="PASS" start="2024-05-10T04:16:47.727795" elapsed="0.103324"/>
</test>
<status status="PASS" start="2024-05-10T04:16:47.023853" elapsed="0.809171"/>
</suite>
<status status="PASS" start="2024-05-10T04:16:47.010268" elapsed="0.827943"/>
</suite>
<statistics>
<total>
<stat pass="5" fail="0" skip="0">All Tests</stat>
</total>
<tag>
<stat pass="1" fail="0" skip="0">testeConteudo</stat>
<stat pass="1" fail="0" skip="0">testeEstruturaResposta</stat>
<stat pass="1" fail="0" skip="0">testeRequisicaoBasica</stat>
<stat pass="1" fail="0" skip="0">testeTiposDados</stat>
</tag>
<suite>
<stat pass="5" fail="0" skip="0" id="s1" name="Tests">Tests</stat>
<stat pass="5" fail="0" skip="0" id="s1-s1" name="Random-User-Test">Tests.Random-User-Test</stat>
</suite>
</statistics>
<errors>
</errors>
</robot>
