<?xml version="1.0" encoding="UTF-8"?>
<robot generator="Robot 7.0.1 (Python 3.12.4 on linux)" generated="2024-06-21T04:18:01.352648" rpa="false" schemaversion="5">
<suite id="s1" name="Tests" source="/home/runner/work/ApiRandomUser/ApiRandomUser/RamdonUser/tests">
<suite id="s1-s1" name="Random-User-Test" source="/home/runner/work/ApiRandomUser/ApiRandomUser/RamdonUser/tests/random-user-test.robot">
<test id="s1-s1-t1" name="Conectar" line="13">
<kw name="Conectar API" owner="random-user-service">
<kw name="Create Session" owner="RequestsLibrary">
<msg time="2024-06-21T04:18:01.743902" level="INFO">Creating Session using : alias=consultarAPI, url=https://randomuser.me/, headers={},                     cookies={}, auth=None, timeout=None, proxies=None, verify=False,                     debug=0 </msg>
<arg>consultarAPI</arg>
<arg>${URL}</arg>
<doc>Create Session: create a HTTP session to a server</doc>
<status status="PASS" start="2024-06-21T04:18:01.743694" elapsed="0.000382"/>
</kw>
<status status="PASS" start="2024-06-21T04:18:01.742724" elapsed="0.001713"/>
</kw>
<status status="PASS" start="2024-06-21T04:18:01.742081" elapsed="0.002582"/>
</test>
<test id="s1-s1-t2" name="Validar retorno 200 e JSON Válido" line="16">
<kw name="Teste de Requisicao Basica" owner="random-user-service">
<kw name="GET On Session" owner="RequestsLibrary">
<msg time="2024-06-21T04:18:03.664463" level="INFO">GET Request : url=https://randomuser.me/api 
 path_url=/api 
 headers={'User-Agent': 'python-requests/2.32.3', 'Accept-Encoding': 'gzip, deflate', 'Accept': '*/*', 'Connection': 'keep-alive'} 
 body=None 
 </msg>
<msg time="2024-06-21T04:18:03.664674" level="INFO">GET Response : url=https://randomuser.me/api 
 status=200, reason=OK 
 headers={'Date': 'Fri, 21 Jun 2024 04:18:03 GMT', 'Content-Type': 'application/json; charset=utf-8', 'Transfer-Encoding': 'chunked', 'Connection': 'keep-alive', 'X-Powered-By': 'Express', 'Access-Control-Allow-Origin': '*', 'Cache-Control': 'no-cache', 'ETag': 'W/"492-HPjIg1oAI9dgXv2i0ZKnbikcipM"', 'Vary': 'Accept-Encoding', 'Content-Encoding': 'gzip', 'CF-Cache-Status': 'DYNAMIC', 'Report-To': '{"endpoints":[{"url":"https:\\/\\/a.nel.cloudflare.com\\/report\\/v4?s=wFPYKgsZxynx3jFVFe6dpArgl7T9hvtSBPx3aYT%2B%2FcRjcBtjc4WWENLfu%2BFOr1e3Rl4TBnVEJfa5VTjO8DHGaq7pdbYM79sHxizXj9W34cQ4XmIGMmxaVlhmCKZqLUFQ"}],"group":"cf-nel","max_age":604800}', 'NEL': '{"success_fraction":0,"report_to":"cf-nel","max_age":604800}', 'Server': 'cloudflare', 'CF-RAY': '89713139c97d37f3-IAD', 'alt-svc': 'h3=":443"; ma=86400'} 
 body={"results":[{"gender":"male","name":{"title":"Mr","first":"محمدطاها","last":"کامروا"},"location":{"street":{"number":5587,"name":"استاد نجات‌اللهی"},"city":"سبزوار","state":"خراسان جنوبی","country":"Iran","postcode":38262,"coordinates":{"latitude":"13.1989","longitude":"-26.7555"},"timezone":{"offset":"+3:30","description":"Tehran"}},"email":"mhmdth.khmrw@example.com","login":{"uuid":"cd981845-6a33-4925-bb38-bb9033db8335","username":"blueleopard756","password":"rambo","salt":"AOmmKium","md5":"d66e1388fb6c9ca820a25cf30ef96712","sha1":"101b6bfa074d6e154b63037220cbe05ecdd19311","sha256":"4a12af9a5dd57432f190be755aa72484238d6bb0fbbf16ff64f475b50028da16"},"dob":{"date":"1983-12-28T12:10:43.214Z","age":40},"registered":{"date":"2014-09-18T11:25:54.790Z","age":9},"phone":"022-87521382","cell":"0990-122-5601","id":{"name":"","value":null},"picture":{"large":"https://randomuser.me/api/portraits/men/3.jpg","medium":"https://randomuser.me/api/portraits/med/men/3.jpg","thumbnail":"https://randomuser.me/api/portraits/thumb/men/3.jpg"},"nat":"IR"}],"info":{"seed":"07b58a0ae5365201","results":1,"page":1,"version":"1.4"}} 
 </msg>
<msg time="2024-06-21T04:18:03.664767" level="INFO">/opt/hostedtoolcache/Python/3.12.4/x64/lib/python3.12/site-packages/urllib3/connectionpool.py:1099: InsecureRequestWarning: Unverified HTTPS request is being made to host 'randomuser.me'. Adding certificate verification is strongly advised. See: https://urllib3.readthedocs.io/en/latest/advanced-usage.html#tls-warnings
  warnings.warn(</msg>
<msg time="2024-06-21T04:18:03.664911" level="INFO">${response} = &lt;Response [200]&gt;</msg>
<var>${response}</var>
<arg>consultarAPI</arg>
<arg>/api</arg>
<doc>Sends a GET request on a previously created HTTP Session.</doc>
<status status="PASS" start="2024-06-21T04:18:01.747333" elapsed="1.917618"/>
</kw>
<kw name="Should Be Equal As Numbers" owner="BuiltIn">
<msg time="2024-06-21T04:18:03.666098" level="INFO">Argument types are:
&lt;class 'int'&gt;
&lt;class 'str'&gt;</msg>
<arg>${response.status_code}</arg>
<arg>200</arg>
<doc>Fails if objects are unequal after converting them to real numbers.</doc>
<status status="PASS" start="2024-06-21T04:18:03.665614" elapsed="0.000551"/>
</kw>
<kw name="Log" owner="BuiltIn">
<msg time="2024-06-21T04:18:03.666839" level="INFO">200</msg>
<arg>${response.status_code}</arg>
<doc>Logs the given message with the given level.</doc>
<status status="PASS" start="2024-06-21T04:18:03.666484" elapsed="0.000396"/>
</kw>
<kw name="Set Variable" owner="BuiltIn">
<msg time="2024-06-21T04:18:03.667638" level="INFO">${json_data} = {'results': [{'gender': 'male', 'name': {'title': 'Mr', 'first': 'محمدطاها', 'last': 'کامروا'}, 'location': {'street': {'number': 5587, 'name': 'استاد نجات\u200cاللهی'}, 'city': 'سبزوار', 'state': 'خر...</msg>
<var>${json_data}</var>
<arg>${response.json()}</arg>
<doc>Returns the given values which can then be assigned to a variables.</doc>
<status status="PASS" start="2024-06-21T04:18:03.667198" elapsed="0.000470"/>
</kw>
<kw name="Dictionary Should Contain Key" owner="Collections">
<arg>${json_data}</arg>
<arg>results</arg>
<doc>Fails if ``key`` is not found from ``dictionary``.</doc>
<status status="PASS" start="2024-06-21T04:18:03.667972" elapsed="0.000163"/>
</kw>
<status status="PASS" start="2024-06-21T04:18:01.747090" elapsed="1.921190"/>
</kw>
<doc>Testa se a API responde corretamente e retorna um objeto JSON válido.</doc>
<tag>testeRequisicaoBasica</tag>
<status status="PASS" start="2024-06-21T04:18:01.746560" elapsed="1.921892"/>
</test>
<test id="s1-s1-t3" name="Validar estrutura de resposta" line="22">
<kw name="Teste de Estrutura de Resposta" owner="random-user-service">
<kw name="GET On Session" owner="RequestsLibrary">
<msg time="2024-06-21T04:18:06.356475" level="INFO">GET Request : url=https://randomuser.me/api 
 path_url=/api 
 headers={'User-Agent': 'python-requests/2.32.3', 'Accept-Encoding': 'gzip, deflate', 'Accept': '*/*', 'Connection': 'keep-alive'} 
 body=None 
 </msg>
<msg time="2024-06-21T04:18:06.356626" level="INFO">GET Response : url=https://randomuser.me/api 
 status=200, reason=OK 
 headers={'Date': 'Fri, 21 Jun 2024 04:18:06 GMT', 'Content-Type': 'application/json; charset=utf-8', 'Transfer-Encoding': 'chunked', 'Connection': 'keep-alive', 'X-Powered-By': 'Express', 'Access-Control-Allow-Origin': '*', 'Cache-Control': 'no-cache', 'ETag': 'W/"476-q+HYgz/H0fhCkSqw56jTEpW1jW0"', 'Vary': 'Accept-Encoding', 'Content-Encoding': 'gzip', 'CF-Cache-Status': 'DYNAMIC', 'Report-To': '{"endpoints":[{"url":"https:\\/\\/a.nel.cloudflare.com\\/report\\/v4?s=5D1bKWzxrx9G%2BEkS8cP4GdvzMvLf8Kh09m9DPu2wvmnmh%2FUebpOgqjP%2B2iNqIrqzOv51UegbnMGCQOUuVNPzax8TNHSXwk6Ff4YOyDDz2s2%2FwA4eMAFpIlF%2FBbG0st1%2F"}],"group":"cf-nel","max_age":604800}', 'NEL': '{"success_fraction":0,"report_to":"cf-nel","max_age":604800}', 'Server': 'cloudflare', 'CF-RAY': '89713144f82b37f3-IAD', 'alt-svc': 'h3=":443"; ma=86400'} 
 body={"results":[{"gender":"male","name":{"title":"Mr","first":"Draško","last":"Glavaš"},"location":{"street":{"number":3088,"name":"Obrenovića"},"city":"Zaječar","state":"North Banat","country":"Serbia","postcode":70507,"coordinates":{"latitude":"58.8465","longitude":"-72.0952"},"timezone":{"offset":"-2:00","description":"Mid-Atlantic"}},"email":"drasko.glavas@example.com","login":{"uuid":"42649f6a-ce70-4445-9d81-f31bdefb384d","username":"orangecat990","password":"speakers","salt":"W4Ddprw3","md5":"6c67a5ef7be08f8812b0edf275148f1c","sha1":"52c299994a808828e25078b41a880d9e8412d807","sha256":"9e32c3c410fbe2299ddd07b44695dbf7fe486971e9a2e44c09513abb94ecc106"},"dob":{"date":"1956-04-18T06:20:51.065Z","age":68},"registered":{"date":"2004-05-20T19:20:53.970Z","age":20},"phone":"038-9725-288","cell":"069-5430-813","id":{"name":"SID","value":"725631633"},"picture":{"large":"https://randomuser.me/api/portraits/men/71.jpg","medium":"https://randomuser.me/api/portraits/med/men/71.jpg","thumbnail":"https://randomuser.me/api/portraits/thumb/men/71.jpg"},"nat":"RS"}],"info":{"seed":"1d67157ba89ee929","results":1,"page":1,"version":"1.4"}} 
 </msg>
<msg time="2024-06-21T04:18:06.356782" level="INFO">/opt/hostedtoolcache/Python/3.12.4/x64/lib/python3.12/site-packages/urllib3/connectionpool.py:1099: InsecureRequestWarning: Unverified HTTPS request is being made to host 'randomuser.me'. Adding certificate verification is strongly advised. See: https://urllib3.readthedocs.io/en/latest/advanced-usage.html#tls-warnings
  warnings.warn(</msg>
<msg time="2024-06-21T04:18:06.356911" level="INFO">${response} = &lt;Response [200]&gt;</msg>
<var>${response}</var>
<arg>consultarAPI</arg>
<arg>/api</arg>
<doc>Sends a GET request on a previously created HTTP Session.</doc>
<status status="PASS" start="2024-06-21T04:18:03.671110" elapsed="2.685841"/>
</kw>
<kw name="Set Variable" owner="BuiltIn">
<msg time="2024-06-21T04:18:06.358138" level="INFO">${json_data} = {'results': [{'gender': 'male', 'name': {'title': 'Mr', 'first': 'Draško', 'last': 'Glavaš'}, 'location': {'street': {'number': 3088, 'name': 'Obrenovića'}, 'city': 'Zaječar', 'state': 'North Banat', ...</msg>
<var>${json_data}</var>
<arg>${response.json()}</arg>
<doc>Returns the given values which can then be assigned to a variables.</doc>
<status status="PASS" start="2024-06-21T04:18:06.357562" elapsed="0.000608"/>
</kw>
<kw name="Log" owner="BuiltIn">
<msg time="2024-06-21T04:18:06.358646" level="INFO">{'results': [{'gender': 'male', 'name': {'title': 'Mr', 'first': 'Draško', 'last': 'Glavaš'}, 'location': {'street': {'number': 3088, 'name': 'Obrenovića'}, 'city': 'Zaječar', 'state': 'North Banat', 'country': 'Serbia', 'postcode': 70507, 'coordinates': {'latitude': '58.8465', 'longitude': '-72.0952'}, 'timezone': {'offset': '-2:00', 'description': 'Mid-Atlantic'}}, 'email': 'drasko.glavas@example.com', 'login': {'uuid': '42649f6a-ce70-4445-9d81-f31bdefb384d', 'username': 'orangecat990', 'password': 'speakers', 'salt': 'W4Ddprw3', 'md5': '6c67a5ef7be08f8812b0edf275148f1c', 'sha1': '52c299994a808828e25078b41a880d9e8412d807', 'sha256': '9e32c3c410fbe2299ddd07b44695dbf7fe486971e9a2e44c09513abb94ecc106'}, 'dob': {'date': '1956-04-18T06:20:51.065Z', 'age': 68}, 'registered': {'date': '2004-05-20T19:20:53.970Z', 'age': 20}, 'phone': '038-9725-288', 'cell': '069-5430-813', 'id': {'name': 'SID', 'value': '725631633'}, 'picture': {'large': 'https://randomuser.me/api/portraits/men/71.jpg', 'medium': 'https://randomuser.me/api/portraits/med/men/71.jpg', 'thumbnail': 'https://randomuser.me/api/portraits/thumb/men/71.jpg'}, 'nat': 'RS'}], 'info': {'seed': '1d67157ba89ee929', 'results': 1, 'page': 1, 'version': '1.4'}}</msg>
<arg>${json_data}</arg>
<doc>Logs the given message with the given level.</doc>
<status status="PASS" start="2024-06-21T04:18:06.358484" elapsed="0.000211"/>
</kw>
<kw name="Dictionary Should Contain Key" owner="Collections">
<arg>${json_data}</arg>
<arg>results</arg>
<doc>Fails if ``key`` is not found from ``dictionary``.</doc>
<status status="PASS" start="2024-06-21T04:18:06.359013" elapsed="0.000167"/>
</kw>
<kw name="Should Not Be Empty" owner="BuiltIn">
<msg time="2024-06-21T04:18:06.359492" level="INFO">Length is 2.</msg>
<arg>${json_data}</arg>
<doc>Verifies that the given item is not empty.</doc>
<status status="PASS" start="2024-06-21T04:18:06.359367" elapsed="0.000163"/>
</kw>
<kw name="Create List" owner="BuiltIn">
<msg time="2024-06-21T04:18:06.360122" level="INFO">${expected_keys} = ['gender', 'name', 'location', 'email', 'login']</msg>
<var>${expected_keys}</var>
<arg>gender</arg>
<arg>name</arg>
<arg>location</arg>
<arg>email</arg>
<arg>login</arg>
<doc>Returns a list containing given items.</doc>
<status status="PASS" start="2024-06-21T04:18:06.359817" elapsed="0.000330"/>
</kw>
<for flavor="IN">
<iter>
<kw name="Dictionary Should Contain Key" owner="Collections">
<arg>${json_data['results'][0]}</arg>
<arg>${key}</arg>
<doc>Fails if ``key`` is not found from ``dictionary``.</doc>
<status status="PASS" start="2024-06-21T04:18:06.360770" elapsed="0.000409"/>
</kw>
<kw name="Log" owner="BuiltIn">
<msg time="2024-06-21T04:18:06.361723" level="INFO">{'gender': 'male', 'name': {'title': 'Mr', 'first': 'Draško', 'last': 'Glavaš'}, 'location': {'street': {'number': 3088, 'name': 'Obrenovića'}, 'city': 'Zaječar', 'state': 'North Banat', 'country': 'Serbia', 'postcode': 70507, 'coordinates': {'latitude': '58.8465', 'longitude': '-72.0952'}, 'timezone': {'offset': '-2:00', 'description': 'Mid-Atlantic'}}, 'email': 'drasko.glavas@example.com', 'login': {'uuid': '42649f6a-ce70-4445-9d81-f31bdefb384d', 'username': 'orangecat990', 'password': 'speakers', 'salt': 'W4Ddprw3', 'md5': '6c67a5ef7be08f8812b0edf275148f1c', 'sha1': '52c299994a808828e25078b41a880d9e8412d807', 'sha256': '9e32c3c410fbe2299ddd07b44695dbf7fe486971e9a2e44c09513abb94ecc106'}, 'dob': {'date': '1956-04-18T06:20:51.065Z', 'age': 68}, 'registered': {'date': '2004-05-20T19:20:53.970Z', 'age': 20}, 'phone': '038-9725-288', 'cell': '069-5430-813', 'id': {'name': 'SID', 'value': '725631633'}, 'picture': {'large': 'https://randomuser.me/api/portraits/men/71.jpg', 'medium': 'https://randomuser.me/api/portraits/med/men/71.jpg', 'thumbnail': 'https://randomuser.me/api/portraits/thumb/men/71.jpg'}, 'nat': 'RS'}</msg>
<arg>${json_data['results'][0]}</arg>
<doc>Logs the given message with the given level.</doc>
<status status="PASS" start="2024-06-21T04:18:06.361366" elapsed="0.000408"/>
</kw>
<kw name="Log" owner="BuiltIn">
<msg time="2024-06-21T04:18:06.362202" level="INFO">gender</msg>
<arg>${key}</arg>
<doc>Logs the given message with the given level.</doc>
<status status="PASS" start="2024-06-21T04:18:06.362075" elapsed="0.000165"/>
</kw>
<var name="${key}">gender</var>
<status status="PASS" start="2024-06-21T04:18:06.360640" elapsed="0.001814"/>
</iter>
<iter>
<kw name="Dictionary Should Contain Key" owner="Collections">
<arg>${json_data['results'][0]}</arg>
<arg>${key}</arg>
<doc>Fails if ``key`` is not found from ``dictionary``.</doc>
<status status="PASS" start="2024-06-21T04:18:06.362742" elapsed="0.000386"/>
</kw>
<kw name="Log" owner="BuiltIn">
<msg time="2024-06-21T04:18:06.363682" level="INFO">{'gender': 'male', 'name': {'title': 'Mr', 'first': 'Draško', 'last': 'Glavaš'}, 'location': {'street': {'number': 3088, 'name': 'Obrenovića'}, 'city': 'Zaječar', 'state': 'North Banat', 'country': 'Serbia', 'postcode': 70507, 'coordinates': {'latitude': '58.8465', 'longitude': '-72.0952'}, 'timezone': {'offset': '-2:00', 'description': 'Mid-Atlantic'}}, 'email': 'drasko.glavas@example.com', 'login': {'uuid': '42649f6a-ce70-4445-9d81-f31bdefb384d', 'username': 'orangecat990', 'password': 'speakers', 'salt': 'W4Ddprw3', 'md5': '6c67a5ef7be08f8812b0edf275148f1c', 'sha1': '52c299994a808828e25078b41a880d9e8412d807', 'sha256': '9e32c3c410fbe2299ddd07b44695dbf7fe486971e9a2e44c09513abb94ecc106'}, 'dob': {'date': '1956-04-18T06:20:51.065Z', 'age': 68}, 'registered': {'date': '2004-05-20T19:20:53.970Z', 'age': 20}, 'phone': '038-9725-288', 'cell': '069-5430-813', 'id': {'name': 'SID', 'value': '725631633'}, 'picture': {'large': 'https://randomuser.me/api/portraits/men/71.jpg', 'medium': 'https://randomuser.me/api/portraits/med/men/71.jpg', 'thumbnail': 'https://randomuser.me/api/portraits/thumb/men/71.jpg'}, 'nat': 'RS'}</msg>
<arg>${json_data['results'][0]}</arg>
<doc>Logs the given message with the given level.</doc>
<status status="PASS" start="2024-06-21T04:18:06.363314" elapsed="0.000450"/>
</kw>
<kw name="Log" owner="BuiltIn">
<msg time="2024-06-21T04:18:06.364198" level="INFO">name</msg>
<arg>${key}</arg>
<doc>Logs the given message with the given level.</doc>
<status status="PASS" start="2024-06-21T04:18:06.364072" elapsed="0.000162"/>
</kw>
<var name="${key}">name</var>
<status status="PASS" start="2024-06-21T04:18:06.362634" elapsed="0.001816"/>
</iter>
<iter>
<kw name="Dictionary Should Contain Key" owner="Collections">
<arg>${json_data['results'][0]}</arg>
<arg>${key}</arg>
<doc>Fails if ``key`` is not found from ``dictionary``.</doc>
<status status="PASS" start="2024-06-21T04:18:06.364762" elapsed="0.000392"/>
</kw>
<kw name="Log" owner="BuiltIn">
<msg time="2024-06-21T04:18:06.365689" level="INFO">{'gender': 'male', 'name': {'title': 'Mr', 'first': 'Draško', 'last': 'Glavaš'}, 'location': {'street': {'number': 3088, 'name': 'Obrenovića'}, 'city': 'Zaječar', 'state': 'North Banat', 'country': 'Serbia', 'postcode': 70507, 'coordinates': {'latitude': '58.8465', 'longitude': '-72.0952'}, 'timezone': {'offset': '-2:00', 'description': 'Mid-Atlantic'}}, 'email': 'drasko.glavas@example.com', 'login': {'uuid': '42649f6a-ce70-4445-9d81-f31bdefb384d', 'username': 'orangecat990', 'password': 'speakers', 'salt': 'W4Ddprw3', 'md5': '6c67a5ef7be08f8812b0edf275148f1c', 'sha1': '52c299994a808828e25078b41a880d9e8412d807', 'sha256': '9e32c3c410fbe2299ddd07b44695dbf7fe486971e9a2e44c09513abb94ecc106'}, 'dob': {'date': '1956-04-18T06:20:51.065Z', 'age': 68}, 'registered': {'date': '2004-05-20T19:20:53.970Z', 'age': 20}, 'phone': '038-9725-288', 'cell': '069-5430-813', 'id': {'name': 'SID', 'value': '725631633'}, 'picture': {'large': 'https://randomuser.me/api/portraits/men/71.jpg', 'medium': 'https://randomuser.me/api/portraits/med/men/71.jpg', 'thumbnail': 'https://randomuser.me/api/portraits/thumb/men/71.jpg'}, 'nat': 'RS'}</msg>
<arg>${json_data['results'][0]}</arg>
<doc>Logs the given message with the given level.</doc>
<status status="PASS" start="2024-06-21T04:18:06.365338" elapsed="0.000401"/>
</kw>
<kw name="Log" owner="BuiltIn">
<msg time="2024-06-21T04:18:06.366158" level="INFO">location</msg>
<arg>${key}</arg>
<doc>Logs the given message with the given level.</doc>
<status status="PASS" start="2024-06-21T04:18:06.366032" elapsed="0.000162"/>
</kw>
<var name="${key}">location</var>
<status status="PASS" start="2024-06-21T04:18:06.364651" elapsed="0.001756"/>
</iter>
<iter>
<kw name="Dictionary Should Contain Key" owner="Collections">
<arg>${json_data['results'][0]}</arg>
<arg>${key}</arg>
<doc>Fails if ``key`` is not found from ``dictionary``.</doc>
<status status="PASS" start="2024-06-21T04:18:06.366681" elapsed="0.000373"/>
</kw>
<kw name="Log" owner="BuiltIn">
<msg time="2024-06-21T04:18:06.367590" level="INFO">{'gender': 'male', 'name': {'title': 'Mr', 'first': 'Draško', 'last': 'Glavaš'}, 'location': {'street': {'number': 3088, 'name': 'Obrenovića'}, 'city': 'Zaječar', 'state': 'North Banat', 'country': 'Serbia', 'postcode': 70507, 'coordinates': {'latitude': '58.8465', 'longitude': '-72.0952'}, 'timezone': {'offset': '-2:00', 'description': 'Mid-Atlantic'}}, 'email': 'drasko.glavas@example.com', 'login': {'uuid': '42649f6a-ce70-4445-9d81-f31bdefb384d', 'username': 'orangecat990', 'password': 'speakers', 'salt': 'W4Ddprw3', 'md5': '6c67a5ef7be08f8812b0edf275148f1c', 'sha1': '52c299994a808828e25078b41a880d9e8412d807', 'sha256': '9e32c3c410fbe2299ddd07b44695dbf7fe486971e9a2e44c09513abb94ecc106'}, 'dob': {'date': '1956-04-18T06:20:51.065Z', 'age': 68}, 'registered': {'date': '2004-05-20T19:20:53.970Z', 'age': 20}, 'phone': '038-9725-288', 'cell': '069-5430-813', 'id': {'name': 'SID', 'value': '725631633'}, 'picture': {'large': 'https://randomuser.me/api/portraits/men/71.jpg', 'medium': 'https://randomuser.me/api/portraits/med/men/71.jpg', 'thumbnail': 'https://randomuser.me/api/portraits/thumb/men/71.jpg'}, 'nat': 'RS'}</msg>
<arg>${json_data['results'][0]}</arg>
<doc>Logs the given message with the given level.</doc>
<status status="PASS" start="2024-06-21T04:18:06.367236" elapsed="0.000408"/>
</kw>
<kw name="Log" owner="BuiltIn">
<msg time="2024-06-21T04:18:06.368058" level="INFO">email</msg>
<arg>${key}</arg>
<doc>Logs the given message with the given level.</doc>
<status status="PASS" start="2024-06-21T04:18:06.367933" elapsed="0.000162"/>
</kw>
<var name="${key}">email</var>
<status status="PASS" start="2024-06-21T04:18:06.366577" elapsed="0.001727"/>
</iter>
<iter>
<kw name="Dictionary Should Contain Key" owner="Collections">
<arg>${json_data['results'][0]}</arg>
<arg>${key}</arg>
<doc>Fails if ``key`` is not found from ``dictionary``.</doc>
<status status="PASS" start="2024-06-21T04:18:06.368573" elapsed="0.000421"/>
</kw>
<kw name="Log" owner="BuiltIn">
<msg time="2024-06-21T04:18:06.369522" level="INFO">{'gender': 'male', 'name': {'title': 'Mr', 'first': 'Draško', 'last': 'Glavaš'}, 'location': {'street': {'number': 3088, 'name': 'Obrenovića'}, 'city': 'Zaječar', 'state': 'North Banat', 'country': 'Serbia', 'postcode': 70507, 'coordinates': {'latitude': '58.8465', 'longitude': '-72.0952'}, 'timezone': {'offset': '-2:00', 'description': 'Mid-Atlantic'}}, 'email': 'drasko.glavas@example.com', 'login': {'uuid': '42649f6a-ce70-4445-9d81-f31bdefb384d', 'username': 'orangecat990', 'password': 'speakers', 'salt': 'W4Ddprw3', 'md5': '6c67a5ef7be08f8812b0edf275148f1c', 'sha1': '52c299994a808828e25078b41a880d9e8412d807', 'sha256': '9e32c3c410fbe2299ddd07b44695dbf7fe486971e9a2e44c09513abb94ecc106'}, 'dob': {'date': '1956-04-18T06:20:51.065Z', 'age': 68}, 'registered': {'date': '2004-05-20T19:20:53.970Z', 'age': 20}, 'phone': '038-9725-288', 'cell': '069-5430-813', 'id': {'name': 'SID', 'value': '725631633'}, 'picture': {'large': 'https://randomuser.me/api/portraits/men/71.jpg', 'medium': 'https://randomuser.me/api/portraits/med/men/71.jpg', 'thumbnail': 'https://randomuser.me/api/portraits/thumb/men/71.jpg'}, 'nat': 'RS'}</msg>
<arg>${json_data['results'][0]}</arg>
<doc>Logs the given message with the given level.</doc>
<status status="PASS" start="2024-06-21T04:18:06.369172" elapsed="0.000400"/>
</kw>
<kw name="Log" owner="BuiltIn">
<msg time="2024-06-21T04:18:06.369999" level="INFO">login</msg>
<arg>${key}</arg>
<doc>Logs the given message with the given level.</doc>
<status status="PASS" start="2024-06-21T04:18:06.369874" elapsed="0.000163"/>
</kw>
<var name="${key}">login</var>
<status status="PASS" start="2024-06-21T04:18:06.368470" elapsed="0.001780"/>
</iter>
<var>${key}</var>
<value>@{expected_keys}</value>
<status status="PASS" start="2024-06-21T04:18:06.360410" elapsed="0.009958"/>
</for>
<kw name="Create List" owner="BuiltIn">
<msg time="2024-06-21T04:18:06.370693" level="INFO">${expected_keysTwo} = ['username', 'password']</msg>
<var>${expected_keysTwo}</var>
<arg>username</arg>
<arg>password</arg>
<doc>Returns a list containing given items.</doc>
<status status="PASS" start="2024-06-21T04:18:06.370561" elapsed="0.000156"/>
</kw>
<for flavor="IN">
<iter>
<kw name="Dictionary Should Contain Key" owner="Collections">
<arg>${json_data['results'][0]['login']}</arg>
<arg>${keyTwo}</arg>
<doc>Fails if ``key`` is not found from ``dictionary``.</doc>
<status status="PASS" start="2024-06-21T04:18:06.371231" elapsed="0.000381"/>
</kw>
<kw name="Dictionary Should Contain Key" owner="Collections">
<arg>${json_data['results'][0]['login']}</arg>
<arg>${keyTwo}</arg>
<doc>Fails if ``key`` is not found from ``dictionary``.</doc>
<status status="PASS" start="2024-06-21T04:18:06.371796" elapsed="0.000365"/>
</kw>
<kw name="Log" owner="BuiltIn">
<msg time="2024-06-21T04:18:06.372455" level="INFO">username</msg>
<arg>${keyTwo}</arg>
<doc>Logs the given message with the given level.</doc>
<status status="PASS" start="2024-06-21T04:18:06.372336" elapsed="0.000155"/>
</kw>
<var name="${keyTwo}">username</var>
<status status="PASS" start="2024-06-21T04:18:06.371126" elapsed="0.001627"/>
</iter>
<iter>
<kw name="Dictionary Should Contain Key" owner="Collections">
<arg>${json_data['results'][0]['login']}</arg>
<arg>${keyTwo}</arg>
<doc>Fails if ``key`` is not found from ``dictionary``.</doc>
<status status="PASS" start="2024-06-21T04:18:06.373029" elapsed="0.000388"/>
</kw>
<kw name="Dictionary Should Contain Key" owner="Collections">
<arg>${json_data['results'][0]['login']}</arg>
<arg>${keyTwo}</arg>
<doc>Fails if ``key`` is not found from ``dictionary``.</doc>
<status status="PASS" start="2024-06-21T04:18:06.373595" elapsed="0.000387"/>
</kw>
<kw name="Log" owner="BuiltIn">
<msg time="2024-06-21T04:18:06.374278" level="INFO">password</msg>
<arg>${keyTwo}</arg>
<doc>Logs the given message with the given level.</doc>
<status status="PASS" start="2024-06-21T04:18:06.374158" elapsed="0.000156"/>
</kw>
<var name="${keyTwo}">password</var>
<status status="PASS" start="2024-06-21T04:18:06.372924" elapsed="0.001703"/>
</iter>
<var>${keyTwo}</var>
<value>@{expected_keysTwo}</value>
<status status="PASS" start="2024-06-21T04:18:06.370976" elapsed="0.003771"/>
</for>
<status status="PASS" start="2024-06-21T04:18:03.670872" elapsed="2.704013"/>
</kw>
<doc>Testa a estrutura da resposta da API.</doc>
<tag>testeEstruturaResposta</tag>
<status status="PASS" start="2024-06-21T04:18:03.670279" elapsed="2.704760"/>
</test>
<test id="s1-s1-t4" name="Validar tipos de dados" line="28">
<kw name="Teste de Tipos de Dados" owner="random-user-service">
<kw name="GET On Session" owner="RequestsLibrary">
<msg time="2024-06-21T04:18:08.141043" level="INFO">GET Request : url=https://randomuser.me/api 
 path_url=/api 
 headers={'User-Agent': 'python-requests/2.32.3', 'Accept-Encoding': 'gzip, deflate', 'Accept': '*/*', 'Connection': 'keep-alive'} 
 body=None 
 </msg>
<msg time="2024-06-21T04:18:08.141148" level="INFO">GET Response : url=https://randomuser.me/api 
 status=200, reason=OK 
 headers={'Date': 'Fri, 21 Jun 2024 04:18:08 GMT', 'Content-Type': 'application/json; charset=utf-8', 'Transfer-Encoding': 'chunked', 'Connection': 'keep-alive', 'X-Powered-By': 'Express', 'Access-Control-Allow-Origin': '*', 'Cache-Control': 'no-cache', 'ETag': 'W/"47c-H09/DEVFi45zW0BPtJ+iwR2gdwA"', 'Vary': 'Accept-Encoding', 'Content-Encoding': 'gzip', 'CF-Cache-Status': 'DYNAMIC', 'Report-To': '{"endpoints":[{"url":"https:\\/\\/a.nel.cloudflare.com\\/report\\/v4?s=lReXmobh6HstTMVqaNn3LgzkX0v7IH6AQ7czZnSwxmlYAOVP5wiHz1Jdf%2FEZJrAz%2BlqUBqIsfHW8vuUGJ8mFUYHZr7irP4Fb1Y8E7XtgkAak1xqR%2B2Qw5UU%2BxbvNp%2BHn"}],"group":"cf-nel","max_age":604800}', 'NEL': '{"success_fraction":0,"report_to":"cf-nel","max_age":604800}', 'Server': 'cloudflare', 'CF-RAY': '89713155ea1037f3-IAD', 'alt-svc': 'h3=":443"; ma=86400'} 
 body={"results":[{"gender":"female","name":{"title":"Ms","first":"Ömür","last":"Poyrazoğlu"},"location":{"street":{"number":5433,"name":"Kushimoto Sk"},"city":"Uşak","state":"Rize","country":"Turkey","postcode":26486,"coordinates":{"latitude":"67.8706","longitude":"126.8289"},"timezone":{"offset":"-11:00","description":"Midway Island, Samoa"}},"email":"omur.poyrazoglu@example.com","login":{"uuid":"dab083ca-297a-43c2-b130-31f4ae745707","username":"angryduck181","password":"celeste","salt":"KDOnWhoe","md5":"477f4bac42da94fe3ea50ccfd6828997","sha1":"cbf7d703daabf6ddcb6d5d0270fabdd4afa64aaa","sha256":"ec003299c5372d28710600f013ffdaa9a497b9926f4109009e21a8fd9ee055ef"},"dob":{"date":"2000-05-17T09:43:01.244Z","age":24},"registered":{"date":"2007-05-13T17:52:01.534Z","age":17},"phone":"(842)-340-4724","cell":"(287)-639-1325","id":{"name":"","value":null},"picture":{"large":"https://randomuser.me/api/portraits/women/66.jpg","medium":"https://randomuser.me/api/portraits/med/women/66.jpg","thumbnail":"https://randomuser.me/api/portraits/thumb/women/66.jpg"},"nat":"TR"}],"info":{"seed":"bdca63aac2ebe30a","results":1,"page":1,"version":"1.4"}} 
 </msg>
<msg time="2024-06-21T04:18:08.141223" level="INFO">/opt/hostedtoolcache/Python/3.12.4/x64/lib/python3.12/site-packages/urllib3/connectionpool.py:1099: InsecureRequestWarning: Unverified HTTPS request is being made to host 'randomuser.me'. Adding certificate verification is strongly advised. See: https://urllib3.readthedocs.io/en/latest/advanced-usage.html#tls-warnings
  warnings.warn(</msg>
<msg time="2024-06-21T04:18:08.141345" level="INFO">${response} = &lt;Response [200]&gt;</msg>
<var>${response}</var>
<arg>consultarAPI</arg>
<arg>/api</arg>
<doc>Sends a GET request on a previously created HTTP Session.</doc>
<status status="PASS" start="2024-06-21T04:18:06.377651" elapsed="1.763734"/>
</kw>
<kw name="Set Variable" owner="BuiltIn">
<msg time="2024-06-21T04:18:08.142430" level="INFO">${json_data} = {'results': [{'gender': 'female', 'name': {'title': 'Ms', 'first': 'Ömür', 'last': 'Poyrazoğlu'}, 'location': {'street': {'number': 5433, 'name': 'Kushimoto Sk'}, 'city': 'Uşak', 'state': 'Rize', 'cou...</msg>
<var>${json_data}</var>
<arg>${response.json()}</arg>
<doc>Returns the given values which can then be assigned to a variables.</doc>
<status status="PASS" start="2024-06-21T04:18:08.141901" elapsed="0.000559"/>
</kw>
<kw name="Log" owner="BuiltIn">
<msg time="2024-06-21T04:18:08.142926" level="INFO">{'results': [{'gender': 'female', 'name': {'title': 'Ms', 'first': 'Ömür', 'last': 'Poyrazoğlu'}, 'location': {'street': {'number': 5433, 'name': 'Kushimoto Sk'}, 'city': 'Uşak', 'state': 'Rize', 'country': 'Turkey', 'postcode': 26486, 'coordinates': {'latitude': '67.8706', 'longitude': '126.8289'}, 'timezone': {'offset': '-11:00', 'description': 'Midway Island, Samoa'}}, 'email': 'omur.poyrazoglu@example.com', 'login': {'uuid': 'dab083ca-297a-43c2-b130-31f4ae745707', 'username': 'angryduck181', 'password': 'celeste', 'salt': 'KDOnWhoe', 'md5': '477f4bac42da94fe3ea50ccfd6828997', 'sha1': 'cbf7d703daabf6ddcb6d5d0270fabdd4afa64aaa', 'sha256': 'ec003299c5372d28710600f013ffdaa9a497b9926f4109009e21a8fd9ee055ef'}, 'dob': {'date': '2000-05-17T09:43:01.244Z', 'age': 24}, 'registered': {'date': '2007-05-13T17:52:01.534Z', 'age': 17}, 'phone': '(842)-340-4724', 'cell': '(287)-639-1325', 'id': {'name': '', 'value': None}, 'picture': {'large': 'https://randomuser.me/api/portraits/women/66.jpg', 'medium': 'https://randomuser.me/api/portraits/med/women/66.jpg', 'thumbnail': 'https://randomuser.me/api/portraits/thumb/women/66.jpg'}, 'nat': 'TR'}], 'info': {'seed': 'bdca63aac2ebe30a', 'results': 1, 'page': 1, 'version': '1.4'}}</msg>
<arg>${json_data}</arg>
<doc>Logs the given message with the given level.</doc>
<status status="PASS" start="2024-06-21T04:18:08.142764" elapsed="0.000212"/>
</kw>
<kw name="Should Be String" owner="String">
<arg>${json_data['results'][0]['gender']}</arg>
<doc>Fails if the given ``item`` is not a string.</doc>
<status status="PASS" start="2024-06-21T04:18:08.143266" elapsed="0.000369"/>
</kw>
<kw name="Should Match Regexp" owner="BuiltIn">
<arg>${json_data['results'][0]['email']}</arg>
<arg>^[a-zA-Z0-9._%+-]+@[a-zA-Z0-9.-]+\.[a-zA-Z]{2,}$</arg>
<doc>Fails if ``string`` does not match ``pattern`` as a regular expression.</doc>
<status status="PASS" start="2024-06-21T04:18:08.143819" elapsed="0.000520"/>
</kw>
<kw name="Should Match Regexp" owner="BuiltIn">
<arg>${json_data['results'][0]['dob']['date']}</arg>
<arg>\\d{4}-\\d{2}-\\d{2}T\\d{2}:\\d{2}:\\d{2}\\.\\d{3}Z</arg>
<doc>Fails if ``string`` does not match ``pattern`` as a regular expression.</doc>
<status status="PASS" start="2024-06-21T04:18:08.144566" elapsed="0.000528"/>
</kw>
<kw name="Should Match Regexp" owner="BuiltIn">
<arg>${json_data['results'][0]['registered']['date']}</arg>
<arg>\\d{4}-\\d{2}-\\d{2}T\\d{2}:\\d{2}:\\d{2}\\.\\d{3}Z</arg>
<doc>Fails if ``string`` does not match ``pattern`` as a regular expression.</doc>
<status status="PASS" start="2024-06-21T04:18:08.145284" elapsed="0.000372"/>
</kw>
<kw name="Should Match Regexp" owner="BuiltIn">
<arg>${json_data['results'][0]['picture']['large']}</arg>
<arg>^https?://.*\.(?:png|jpe?g|gif|bmp)$</arg>
<doc>Fails if ``string`` does not match ``pattern`` as a regular expression.</doc>
<status status="PASS" start="2024-06-21T04:18:08.145839" elapsed="0.000461"/>
</kw>
<kw name="Should Match Regexp" owner="BuiltIn">
<arg>${json_data['results'][0]['picture']['medium']}</arg>
<arg>^https?://.*\.(?:png|jpe?g|gif|bmp)$</arg>
<doc>Fails if ``string`` does not match ``pattern`` as a regular expression.</doc>
<status status="PASS" start="2024-06-21T04:18:08.146484" elapsed="0.000354"/>
</kw>
<kw name="Should Match Regexp" owner="BuiltIn">
<arg>${json_data['results'][0]['picture']['thumbnail']}</arg>
<arg>^https?://.*\.(?:png|jpe?g|gif|bmp)$</arg>
<doc>Fails if ``string`` does not match ``pattern`` as a regular expression.</doc>
<status status="PASS" start="2024-06-21T04:18:08.147016" elapsed="0.000350"/>
</kw>
<kw name="Log" owner="BuiltIn">
<msg time="2024-06-21T04:18:08.147864" level="INFO">{'large': 'https://randomuser.me/api/portraits/women/66.jpg', 'medium': 'https://randomuser.me/api/portraits/med/women/66.jpg', 'thumbnail': 'https://randomuser.me/api/portraits/thumb/women/66.jpg'}</msg>
<arg>${json_data['results'][0]['picture']}</arg>
<doc>Logs the given message with the given level.</doc>
<status status="PASS" start="2024-06-21T04:18:08.147544" elapsed="0.000363"/>
</kw>
<status status="PASS" start="2024-06-21T04:18:06.377425" elapsed="1.770741"/>
</kw>
<kw name="Teste de Tipos de Dados - Postcode" owner="random-user-service">
<kw name="GET On Session" owner="RequestsLibrary">
<msg time="2024-06-21T04:18:08.948981" level="INFO">GET Request : url=https://randomuser.me/api 
 path_url=/api 
 headers={'User-Agent': 'python-requests/2.32.3', 'Accept-Encoding': 'gzip, deflate', 'Accept': '*/*', 'Connection': 'keep-alive'} 
 body=None 
 </msg>
<msg time="2024-06-21T04:18:08.949075" level="INFO">GET Response : url=https://randomuser.me/api 
 status=200, reason=OK 
 headers={'Date': 'Fri, 21 Jun 2024 04:18:08 GMT', 'Content-Type': 'application/json; charset=utf-8', 'Transfer-Encoding': 'chunked', 'Connection': 'keep-alive', 'X-Powered-By': 'Express', 'Access-Control-Allow-Origin': '*', 'Cache-Control': 'no-cache', 'ETag': 'W/"49a-K56uKgnnM96JSZXqckhKCvflndg"', 'Vary': 'Accept-Encoding', 'Content-Encoding': 'gzip', 'CF-Cache-Status': 'DYNAMIC', 'Report-To': '{"endpoints":[{"url":"https:\\/\\/a.nel.cloudflare.com\\/report\\/v4?s=Ke0WbIZonY0FU7opc6qdBvzXB%2FXk1Wk1bxSa%2FTfpry9cGgKe0At4Fm%2BXbY7NSBvTPFZAIk3WY73sFMK6d9RQqGx4aJVVJvWIhg6n5h0wud8HNyTh5IsnxSrmKo%2BpEpd6"}],"group":"cf-nel","max_age":604800}', 'NEL': '{"success_fraction":0,"report_to":"cf-nel","max_age":604800}', 'Server': 'cloudflare', 'CF-RAY': '89713160f87e37f3-IAD', 'alt-svc': 'h3=":443"; ma=86400'} 
 body={"results":[{"gender":"male","name":{"title":"Mr","first":"Tom","last":"Lefebvre"},"location":{"street":{"number":3979,"name":"Rue Docteur-Bonhomme"},"city":"Lille","state":"Haute-Corse","country":"France","postcode":23882,"coordinates":{"latitude":"-19.6142","longitude":"-61.0259"},"timezone":{"offset":"-3:00","description":"Brazil, Buenos Aires, Georgetown"}},"email":"tom.lefebvre@example.com","login":{"uuid":"f856b652-426b-4287-ad6e-36eff783dba1","username":"happytiger293","password":"steelers","salt":"slyTjGCO","md5":"ef31bd70fe72d7e0a198f6a16d3f378f","sha1":"c418856fb7eeb9f9dc91513a5921cc6cbdce3121","sha256":"7d43d64ab3fd3a68dfeeabfd46277e62bff46972ee16f454aac509a067626c03"},"dob":{"date":"1968-09-19T17:58:03.846Z","age":55},"registered":{"date":"2019-12-01T10:52:57.604Z","age":4},"phone":"05-45-18-76-12","cell":"06-59-73-02-78","id":{"name":"INSEE","value":"1680835905440 27"},"picture":{"large":"https://randomuser.me/api/portraits/men/99.jpg","medium":"https://randomuser.me/api/portraits/med/men/99.jpg","thumbnail":"https://randomuser.me/api/portraits/thumb/men/99.jpg"},"nat":"FR"}],"info":{"seed":"a8411598d4ec57de","results":1,"page":1,"version":"1.4"}} 
 </msg>
<msg time="2024-06-21T04:18:08.949144" level="INFO">/opt/hostedtoolcache/Python/3.12.4/x64/lib/python3.12/site-packages/urllib3/connectionpool.py:1099: InsecureRequestWarning: Unverified HTTPS request is being made to host 'randomuser.me'. Adding certificate verification is strongly advised. See: https://urllib3.readthedocs.io/en/latest/advanced-usage.html#tls-warnings
  warnings.warn(</msg>
<msg time="2024-06-21T04:18:08.949258" level="INFO">${response} = &lt;Response [200]&gt;</msg>
<var>${response}</var>
<arg>consultarAPI</arg>
<arg>/api</arg>
<doc>Sends a GET request on a previously created HTTP Session.</doc>
<status status="PASS" start="2024-06-21T04:18:08.148641" elapsed="0.800650"/>
</kw>
<kw name="Set Variable" owner="BuiltIn">
<msg time="2024-06-21T04:18:08.950376" level="INFO">${json_data} = {'results': [{'gender': 'male', 'name': {'title': 'Mr', 'first': 'Tom', 'last': 'Lefebvre'}, 'location': {'street': {'number': 3979, 'name': 'Rue Docteur-Bonhomme'}, 'city': 'Lille', 'state': 'Haute-C...</msg>
<var>${json_data}</var>
<arg>${response.json()}</arg>
<doc>Returns the given values which can then be assigned to a variables.</doc>
<status status="PASS" start="2024-06-21T04:18:08.949866" elapsed="0.000541"/>
</kw>
<kw name="Log" owner="BuiltIn">
<msg time="2024-06-21T04:18:08.950863" level="INFO">{'results': [{'gender': 'male', 'name': {'title': 'Mr', 'first': 'Tom', 'last': 'Lefebvre'}, 'location': {'street': {'number': 3979, 'name': 'Rue Docteur-Bonhomme'}, 'city': 'Lille', 'state': 'Haute-Corse', 'country': 'France', 'postcode': 23882, 'coordinates': {'latitude': '-19.6142', 'longitude': '-61.0259'}, 'timezone': {'offset': '-3:00', 'description': 'Brazil, Buenos Aires, Georgetown'}}, 'email': 'tom.lefebvre@example.com', 'login': {'uuid': 'f856b652-426b-4287-ad6e-36eff783dba1', 'username': 'happytiger293', 'password': 'steelers', 'salt': 'slyTjGCO', 'md5': 'ef31bd70fe72d7e0a198f6a16d3f378f', 'sha1': 'c418856fb7eeb9f9dc91513a5921cc6cbdce3121', 'sha256': '7d43d64ab3fd3a68dfeeabfd46277e62bff46972ee16f454aac509a067626c03'}, 'dob': {'date': '1968-09-19T17:58:03.846Z', 'age': 55}, 'registered': {'date': '2019-12-01T10:52:57.604Z', 'age': 4}, 'phone': '05-45-18-76-12', 'cell': '06-59-73-02-78', 'id': {'name': 'INSEE', 'value': '1680835905440 27'}, 'picture': {'large': 'https://randomuser.me/api/portraits/men/99.jpg', 'medium': 'https://randomuser.me/api/portraits/med/men/99.jpg', 'thumbnail': 'https://randomuser.me/api/portraits/thumb/men/99.jpg'}, 'nat': 'FR'}], 'info': {'seed': 'a8411598d4ec57de', 'results': 1, 'page': 1, 'version': '1.4'}}</msg>
<arg>${json_data}</arg>
<doc>Logs the given message with the given level.</doc>
<status status="PASS" start="2024-06-21T04:18:08.950709" elapsed="0.000201"/>
</kw>
<kw name="Should Be Equal As Numbers" owner="BuiltIn">
<arg>${json_data['results'][0]['location']['postcode']}</arg>
<arg>${json_data['results'][0]['location']['postcode']}</arg>
<doc>Fails if objects are unequal after converting them to real numbers.</doc>
<status status="PASS" start="2024-06-21T04:18:08.951205" elapsed="0.000615"/>
</kw>
<kw name="Log" owner="BuiltIn">
<msg time="2024-06-21T04:18:08.952506" level="INFO">23882</msg>
<arg>${json_data['results'][0]['location']['postcode']}</arg>
<doc>Logs the given message with the given level.</doc>
<status status="PASS" start="2024-06-21T04:18:08.952004" elapsed="0.000542"/>
</kw>
<status status="PASS" start="2024-06-21T04:18:08.148393" elapsed="0.804485"/>
</kw>
<doc>Testa se os tipos de dados na resposta da API estão corretos.</doc>
<tag>testeTiposDados</tag>
<status status="PASS" start="2024-06-21T04:18:06.376858" elapsed="2.576187"/>
</test>
<test id="s1-s1-t5" name="Validar conteudo" line="35">
<kw name="Teste de Tipos de Conteudo" owner="random-user-service">
<kw name="GET On Session" owner="RequestsLibrary">
<msg time="2024-06-21T04:18:09.362027" level="INFO">GET Request : url=https://randomuser.me/api 
 path_url=/api 
 headers={'User-Agent': 'python-requests/2.32.3', 'Accept-Encoding': 'gzip, deflate', 'Accept': '*/*', 'Connection': 'keep-alive'} 
 body=None 
 </msg>
<msg time="2024-06-21T04:18:09.362123" level="INFO">GET Response : url=https://randomuser.me/api 
 status=200, reason=OK 
 headers={'Date': 'Fri, 21 Jun 2024 04:18:09 GMT', 'Content-Type': 'application/json; charset=utf-8', 'Transfer-Encoding': 'chunked', 'Connection': 'keep-alive', 'X-Powered-By': 'Express', 'Access-Control-Allow-Origin': '*', 'Cache-Control': 'no-cache', 'ETag': 'W/"4a1-cTQgN5D+LoWqYhwH4BFacB4GD34"', 'Vary': 'Accept-Encoding', 'Content-Encoding': 'gzip', 'CF-Cache-Status': 'DYNAMIC', 'Report-To': '{"endpoints":[{"url":"https:\\/\\/a.nel.cloudflare.com\\/report\\/v4?s=a%2FITmwq5Wma3X6xoeLcKqLYnNjn1GsJbRUQ2cmLA0a7Kz0IijAobeDogL%2Fv2nTRoBYGwS4YhG%2BRyrbYdhvn5ozRe%2B5pMfsmLsmORTUor8eP00W8MEx%2B0K3O3BMoLLjUU"}],"group":"cf-nel","max_age":604800}', 'NEL': '{"success_fraction":0,"report_to":"cf-nel","max_age":604800}', 'Server': 'cloudflare', 'CF-RAY': '89713165fb1d37f3-IAD', 'alt-svc': 'h3=":443"; ma=86400'} 
 body={"results":[{"gender":"female","name":{"title":"Mrs","first":"Dionésia","last":"Rezende"},"location":{"street":{"number":3984,"name":"Rua Rui Barbosa "},"city":"Itaquaquecetuba","state":"Rondônia","country":"Brazil","postcode":97207,"coordinates":{"latitude":"-80.5274","longitude":"106.6855"},"timezone":{"offset":"-11:00","description":"Midway Island, Samoa"}},"email":"dionesia.rezende@example.com","login":{"uuid":"3da0696c-f414-4254-b807-53bd352e6a69","username":"heavygoose304","password":"50spanks","salt":"pfrjvsQG","md5":"b4364b03a856409d7d65d800e5414764","sha1":"f49d4b11f5beee107f238afe11eab72004ab7465","sha256":"4a75e86769eb300d5b8b025a748f855e942dd9df6c0e8f18fba2d7d77bc79961"},"dob":{"date":"1986-12-06T12:42:51.397Z","age":37},"registered":{"date":"2018-11-11T22:23:51.696Z","age":5},"phone":"(31) 8363-5507","cell":"(97) 4264-7769","id":{"name":"CPF","value":"612.240.378-07"},"picture":{"large":"https://randomuser.me/api/portraits/women/21.jpg","medium":"https://randomuser.me/api/portraits/med/women/21.jpg","thumbnail":"https://randomuser.me/api/portraits/thumb/women/21.jpg"},"nat":"BR"}],"info":{"seed":"ffcc1313523a9f96","results":1,"page":1,"version":"1.4"}} 
 </msg>
<msg time="2024-06-21T04:18:09.362194" level="INFO">/opt/hostedtoolcache/Python/3.12.4/x64/lib/python3.12/site-packages/urllib3/connectionpool.py:1099: InsecureRequestWarning: Unverified HTTPS request is being made to host 'randomuser.me'. Adding certificate verification is strongly advised. See: https://urllib3.readthedocs.io/en/latest/advanced-usage.html#tls-warnings
  warnings.warn(</msg>
<msg time="2024-06-21T04:18:09.362318" level="INFO">${response} = &lt;Response [200]&gt;</msg>
<var>${response}</var>
<arg>consultarAPI</arg>
<arg>/api</arg>
<doc>Sends a GET request on a previously created HTTP Session.</doc>
<status status="PASS" start="2024-06-21T04:18:08.955572" elapsed="0.406785"/>
</kw>
<kw name="Set Variable" owner="BuiltIn">
<msg time="2024-06-21T04:18:09.363498" level="INFO">${json_data} = {'results': [{'gender': 'female', 'name': {'title': 'Mrs', 'first': 'Dionésia', 'last': 'Rezende'}, 'location': {'street': {'number': 3984, 'name': 'Rua Rui Barbosa '}, 'city': 'Itaquaquecetuba', 'sta...</msg>
<var>${json_data}</var>
<arg>${response.json()}</arg>
<doc>Returns the given values which can then be assigned to a variables.</doc>
<status status="PASS" start="2024-06-21T04:18:09.362955" elapsed="0.000573"/>
</kw>
<kw name="Set Variable" owner="BuiltIn">
<msg time="2024-06-21T04:18:09.364206" level="INFO">${name_title} = Mrs</msg>
<var>${name_title}</var>
<arg>${json_data["results"][0]["name"]["title"]}</arg>
<doc>Returns the given values which can then be assigned to a variables.</doc>
<status status="PASS" start="2024-06-21T04:18:09.363829" elapsed="0.000402"/>
</kw>
<kw name="Create List" owner="BuiltIn">
<msg time="2024-06-21T04:18:09.364718" level="INFO">${allowed_titles} = ['Mr', 'Ms', 'Miss', 'Mrs', 'Madame', 'Monsieur']</msg>
<var>${allowed_titles}</var>
<arg>Mr</arg>
<arg>Ms</arg>
<arg>Miss</arg>
<arg>Mrs</arg>
<arg>Madame</arg>
<arg>Monsieur</arg>
<doc>Returns a list containing given items.</doc>
<status status="PASS" start="2024-06-21T04:18:09.364525" elapsed="0.000219"/>
</kw>
<kw name="List Should Contain Value" owner="Collections">
<arg>${allowed_titles}</arg>
<arg>${name_title}</arg>
<doc>Fails if the ``value`` is not found from ``list``.</doc>
<status status="PASS" start="2024-06-21T04:18:09.365054" elapsed="0.000178"/>
</kw>
<kw name="Set Variable" owner="BuiltIn">
<msg time="2024-06-21T04:18:09.365773" level="INFO">${name_country} = BR</msg>
<var>${name_country}</var>
<arg>${json_data["results"][0]["nat"]}</arg>
<doc>Returns the given values which can then be assigned to a variables.</doc>
<status status="PASS" start="2024-06-21T04:18:09.365407" elapsed="0.000390"/>
</kw>
<kw name="Create List" owner="BuiltIn">
<msg time="2024-06-21T04:18:09.366678" level="INFO">${list_country} = ['AD', 'AE', 'AF', 'AG', 'AI', 'AL', 'AM', 'AO', 'AQ', 'AR', 'AS', 'AT', 'AU', 'AW', 'AX', 'AZ', 'BA', 'BB', 'BD', 'BE', 'BF', 'BG', 'BH', 'BI', 'BJ', 'BL', 'BM', 'BN', 'BO', 'BQ', 'BR', 'BS', 'BT', '...</msg>
<var>${list_country}</var>
<arg>AD</arg>
<arg>AE</arg>
<arg>AF</arg>
<arg>AG</arg>
<arg>AI</arg>
<arg>AL</arg>
<arg>AM</arg>
<arg>AO</arg>
<arg>AQ</arg>
<arg>AR</arg>
<arg>AS</arg>
<arg>AT</arg>
<arg>AU</arg>
<arg>AW</arg>
<arg>AX</arg>
<arg>AZ</arg>
<arg>BA</arg>
<arg>BB</arg>
<arg>BD</arg>
<arg>BE</arg>
<arg>BF</arg>
<arg>BG</arg>
<arg>BH</arg>
<arg>BI</arg>
<arg>BJ</arg>
<arg>BL</arg>
<arg>BM</arg>
<arg>BN</arg>
<arg>BO</arg>
<arg>BQ</arg>
<arg>BR</arg>
<arg>BS</arg>
<arg>BT</arg>
<arg>BV</arg>
<arg>BW</arg>
<arg>BY</arg>
<arg>BZ</arg>
<arg>CA</arg>
<arg>CC</arg>
<arg>CD</arg>
<arg>CF</arg>
<arg>CG</arg>
<arg>CH</arg>
<arg>CI</arg>
<arg>CK</arg>
<arg>CL</arg>
<arg>CM</arg>
<arg>CN</arg>
<arg>CO</arg>
<arg>CR</arg>
<arg>CU</arg>
<arg>CV</arg>
<arg>CW</arg>
<arg>CX</arg>
<arg>CY</arg>
<arg>CZ</arg>
<arg>DE</arg>
<arg>DJ</arg>
<arg>DK</arg>
<arg>DM</arg>
<arg>DO</arg>
<arg>DZ</arg>
<arg>EC</arg>
<arg>EE</arg>
<arg>EG</arg>
<arg>EH</arg>
<arg>ER</arg>
<arg>ES</arg>
<arg>ET</arg>
<arg>FI</arg>
<arg>FJ</arg>
<arg>FK</arg>
<arg>FM</arg>
<arg>FO</arg>
<arg>FR</arg>
<arg>GA</arg>
<arg>GB</arg>
<arg>GD</arg>
<arg>GE</arg>
<arg>GF</arg>
<arg>GG</arg>
<arg>GH</arg>
<arg>GI</arg>
<arg>GL</arg>
<arg>GM</arg>
<arg>GN</arg>
<arg>GP</arg>
<arg>GQ</arg>
<arg>GR</arg>
<arg>GS</arg>
<arg>GT</arg>
<arg>GU</arg>
<arg>GW</arg>
<arg>GY</arg>
<arg>HK</arg>
<arg>HM</arg>
<arg>HN</arg>
<arg>HR</arg>
<arg>HT</arg>
<arg>HU</arg>
<arg>ID</arg>
<arg>IE</arg>
<arg>IL</arg>
<arg>IM</arg>
<arg>IN</arg>
<arg>IO</arg>
<arg>IQ</arg>
<arg>IR</arg>
<arg>IS</arg>
<arg>IT</arg>
<arg>JE</arg>
<arg>JM</arg>
<arg>JO</arg>
<arg>JP</arg>
<arg>KE</arg>
<arg>KG</arg>
<arg>KH</arg>
<arg>KI</arg>
<arg>KM</arg>
<arg>KN</arg>
<arg>KP</arg>
<arg>KR</arg>
<arg>KW</arg>
<arg>KY</arg>
<arg>KZ</arg>
<arg>LA</arg>
<arg>LB</arg>
<arg>LC</arg>
<arg>LI</arg>
<arg>LK</arg>
<arg>LR</arg>
<arg>LS</arg>
<arg>LT</arg>
<arg>LU</arg>
<arg>LV</arg>
<arg>LY</arg>
<arg>MA</arg>
<arg>MC</arg>
<arg>MD</arg>
<arg>ME</arg>
<arg>MF</arg>
<arg>MG</arg>
<arg>MH</arg>
<arg>MK</arg>
<arg>ML</arg>
<arg>MM</arg>
<arg>MN</arg>
<arg>MO</arg>
<arg>MP</arg>
<arg>MQ</arg>
<arg>MR</arg>
<arg>MS</arg>
<arg>MT</arg>
<arg>MU</arg>
<arg>MV</arg>
<arg>MW</arg>
<arg>MX</arg>
<arg>MY</arg>
<arg>MZ</arg>
<arg>NA</arg>
<arg>NC</arg>
<arg>NE</arg>
<arg>NF</arg>
<arg>NG</arg>
<arg>NI</arg>
<arg>NL</arg>
<arg>NO</arg>
<arg>NP</arg>
<arg>NR</arg>
<arg>NU</arg>
<arg>NZ</arg>
<arg>OM</arg>
<arg>PA</arg>
<arg>PE</arg>
<arg>PF</arg>
<arg>PG</arg>
<arg>PH</arg>
<arg>PK</arg>
<arg>PL</arg>
<arg>PM</arg>
<arg>PN</arg>
<arg>PR</arg>
<arg>PS</arg>
<arg>PT</arg>
<arg>PW</arg>
<arg>PY</arg>
<arg>QA</arg>
<arg>RE</arg>
<arg>RO</arg>
<arg>RS</arg>
<arg>RU</arg>
<arg>RW</arg>
<arg>SA</arg>
<arg>SB</arg>
<arg>SC</arg>
<arg>SD</arg>
<arg>SE</arg>
<arg>SG</arg>
<arg>SH</arg>
<arg>SI</arg>
<arg>SJ</arg>
<arg>SK</arg>
<arg>SL</arg>
<arg>SM</arg>
<arg>SN</arg>
<arg>SO</arg>
<arg>SR</arg>
<arg>SS</arg>
<arg>ST</arg>
<arg>SV</arg>
<arg>SX</arg>
<arg>SY</arg>
<arg>SZ</arg>
<arg>TC</arg>
<arg>TD</arg>
<arg>TF</arg>
<arg>TG</arg>
<arg>TH</arg>
<arg>TJ</arg>
<arg>TK</arg>
<arg>TL</arg>
<arg>TM</arg>
<arg>TN</arg>
<arg>TO</arg>
<arg>TR</arg>
<arg>TT</arg>
<arg>TV</arg>
<arg>TW</arg>
<arg>TZ</arg>
<arg>UA</arg>
<arg>UG</arg>
<arg>UM</arg>
<arg>US</arg>
<arg>UY</arg>
<arg>UZ</arg>
<arg>VA</arg>
<arg>VC</arg>
<arg>VE</arg>
<arg>VG</arg>
<arg>VI</arg>
<arg>VN</arg>
<arg>VU</arg>
<arg>WF</arg>
<arg>WS</arg>
<arg>XK</arg>
<arg>YE</arg>
<arg>YT</arg>
<arg>ZA</arg>
<arg>ZM</arg>
<arg>ZW</arg>
<doc>Returns a list containing given items.</doc>
<status status="PASS" start="2024-06-21T04:18:09.366082" elapsed="0.000620"/>
</kw>
<kw name="List Should Contain Value" owner="Collections">
<arg>${list_country}</arg>
<arg>${name_country}</arg>
<doc>Fails if the ``value`` is not found from ``list``.</doc>
<status status="PASS" start="2024-06-21T04:18:09.367507" elapsed="0.000198"/>
</kw>
<kw name="Run Keyword If" owner="BuiltIn">
<kw name="Should Be True" owner="BuiltIn">
<arg>${True}</arg>
<doc>Fails if the given condition is not true.</doc>
<status status="PASS" start="2024-06-21T04:18:09.368667" elapsed="0.000142"/>
</kw>
<arg>${json_data["results"][0]["location"]["coordinates"]["latitude"]} &gt;= -90 and ${json_data["results"][0]["location"]["coordinates"]["latitude"]} &lt;= 90</arg>
<arg>Should Be True</arg>
<arg>${True}</arg>
<doc>Runs the given keyword with the given arguments, if ``condition`` is true.</doc>
<status status="PASS" start="2024-06-21T04:18:09.367912" elapsed="0.001021"/>
</kw>
<kw name="Run Keyword If" owner="BuiltIn">
<kw name="Should Be True" owner="BuiltIn">
<arg>${True}</arg>
<doc>Fails if the given condition is not true.</doc>
<status status="PASS" start="2024-06-21T04:18:09.369786" elapsed="0.000236"/>
</kw>
<arg>${json_data["results"][0]["location"]["coordinates"]["longitude"]} &gt;= -180 and ${json_data["results"][0]["location"]["coordinates"]["longitude"]} &lt;= 180</arg>
<arg>Should Be True</arg>
<arg>${True}</arg>
<doc>Runs the given keyword with the given arguments, if ``condition`` is true.</doc>
<status status="PASS" start="2024-06-21T04:18:09.369110" elapsed="0.001039"/>
</kw>
<status status="PASS" start="2024-06-21T04:18:08.955345" elapsed="0.414948"/>
</kw>
<doc>Testa o conteúdo específico dos campos retornados pela API.</doc>
<tag>testeConteudo</tag>
<status status="PASS" start="2024-06-21T04:18:08.954771" elapsed="0.415671"/>
</test>
<status status="PASS" start="2024-06-21T04:18:01.410948" elapsed="7.961470"/>
</suite>
<status status="PASS" start="2024-06-21T04:18:01.396701" elapsed="7.980867"/>
</suite>
<statistics>
<total>
<stat pass="5" fail="0" skip="0">All Tests</stat>
</total>
<tag>
<stat pass="1" fail="0" skip="0">testeConteudo</stat>
<stat pass="1" fail="0" skip="0">testeEstruturaResposta</stat>
<stat pass="1" fail="0" skip="0">testeRequisicaoBasica</stat>
<stat pass="1" fail="0" skip="0">testeTiposDados</stat>
</tag>
<suite>
<stat pass="5" fail="0" skip="0" id="s1" name="Tests">Tests</stat>
<stat pass="5" fail="0" skip="0" id="s1-s1" name="Random-User-Test">Tests.Random-User-Test</stat>
</suite>
</statistics>
<errors>
</errors>
</robot>
