<?xml version="1.0" encoding="UTF-8"?>
<robot generator="Robot 7.0 (Python 3.12.2 on linux)" generated="2024-03-24T02:23:20.906515" rpa="false" schemaversion="5">
<suite id="s1" name="Tests" source="/home/runner/work/DesafioQAItauRogerioJordao/DesafioQAItauRogerioJordao/RamdonUser/tests">
<suite id="s1-s1" name="Random-User-Test" source="/home/runner/work/DesafioQAItauRogerioJordao/DesafioQAItauRogerioJordao/RamdonUser/tests/random-user-test.robot">
<test id="s1-s1-t1" name="Conectar" line="13">
<kw name="Conectar API" owner="random-user-service">
<kw name="Create Session" owner="RequestsLibrary">
<msg time="2024-03-24T02:23:21.275034" level="INFO">Creating Session using : alias=consultarAPI, url=https://randomuser.me/, headers={},                     cookies={}, auth=None, timeout=None, proxies=None, verify=False,                     debug=0 </msg>
<arg>consultarAPI</arg>
<arg>${URL}</arg>
<doc>Create Session: create a HTTP session to a server</doc>
<status status="PASS" start="2024-03-24T02:23:21.274827" elapsed="0.000405"/>
</kw>
<status status="PASS" start="2024-03-24T02:23:21.273787" elapsed="0.001818"/>
</kw>
<status status="PASS" start="2024-03-24T02:23:21.273247" elapsed="0.002564"/>
</test>
<test id="s1-s1-t2" name="Validar retorno 200 e JSON Válido" line="16">
<kw name="Teste de Requisicao Basica" owner="random-user-service">
<kw name="GET On Session" owner="RequestsLibrary">
<msg time="2024-03-24T02:23:21.367490" level="INFO">GET Request : url=https://randomuser.me/api 
 path_url=/api 
 headers={'User-Agent': 'python-requests/2.31.0', 'Accept-Encoding': 'gzip, deflate', 'Accept': '*/*', 'Connection': 'keep-alive'} 
 body=None 
 </msg>
<msg time="2024-03-24T02:23:21.367623" level="INFO">GET Response : url=https://randomuser.me/api 
 status=200, reason=OK 
 headers={'Date': 'Sun, 24 Mar 2024 02:23:21 GMT', 'Content-Type': 'application/json; charset=utf-8', 'Transfer-Encoding': 'chunked', 'Connection': 'keep-alive', 'X-Powered-By': 'Express', 'Access-Control-Allow-Origin': '*', 'Cache-Control': 'no-cache', 'ETag': 'W/"484-FkwrsUuq88UsQQpZ/DvQI37w15Q"', 'Vary': 'Accept-Encoding', 'Content-Encoding': 'gzip', 'CF-Cache-Status': 'DYNAMIC', 'Report-To': '{"endpoints":[{"url":"https:\\/\\/a.nel.cloudflare.com\\/report\\/v4?s=g0lxLCEDcLqO75a43bEOjvrAYCnlJ2cBe%2FvnMnp5jnrVsH825drtNXcdF%2FmjnoWkFVjWLxXKY2FqXZcJbZYIizmW7xnH79BEV97IA1F8wczhzbQX0%2BsgS1DihuJVoaBR"}],"group":"cf-nel","max_age":604800}', 'NEL': '{"success_fraction":0,"report_to":"cf-nel","max_age":604800}', 'Server': 'cloudflare', 'CF-RAY': '869332de3a8f113e-ORD', 'alt-svc': 'h3=":443"; ma=86400'} 
 body={"results":[{"gender":"male","name":{"title":"Mr","first":"Aléxio","last":"Lima"},"location":{"street":{"number":2673,"name":"Rua Treze "},"city":"Tatuí","state":"São Paulo","country":"Brazil","postcode":80991,"coordinates":{"latitude":"-75.5537","longitude":"-149.1831"},"timezone":{"offset":"-1:00","description":"Azores, Cape Verde Islands"}},"email":"alexio.lima@example.com","login":{"uuid":"1864deec-5a7b-42cf-b9b7-9d25b3b06f34","username":"redladybug646","password":"marie","salt":"vNCQhU08","md5":"e8e25b10a75993aa1fcfc87a0ae4ab41","sha1":"ea3e117e53c9a655e13d7e85923569a3f46039d6","sha256":"8e31dab01f9bfefa4b29d983d3fe7ed63f127c847dbcf4e06a119ab788fd73e2"},"dob":{"date":"1993-12-30T02:51:16.153Z","age":30},"registered":{"date":"2005-01-03T03:24:01.344Z","age":19},"phone":"(72) 7039-2249","cell":"(11) 1316-6641","id":{"name":"CPF","value":"413.460.582-22"},"picture":{"large":"https://randomuser.me/api/portraits/men/36.jpg","medium":"https://randomuser.me/api/portraits/med/men/36.jpg","thumbnail":"https://randomuser.me/api/portraits/thumb/men/36.jpg"},"nat":"BR"}],"info":{"seed":"cc97b8526308be7a","results":1,"page":1,"version":"1.4"}} 
 </msg>
<msg time="2024-03-24T02:23:21.367729" level="INFO">/opt/hostedtoolcache/Python/3.12.2/x64/lib/python3.12/site-packages/urllib3/connectionpool.py:1103: InsecureRequestWarning: Unverified HTTPS request is being made to host 'randomuser.me'. Adding certificate verification is strongly advised. See: https://urllib3.readthedocs.io/en/latest/advanced-usage.html#tls-warnings
  warnings.warn(</msg>
<msg time="2024-03-24T02:23:21.367878" level="INFO">${response} = &lt;Response [200]&gt;</msg>
<var>${response}</var>
<arg>consultarAPI</arg>
<arg>/api</arg>
<doc>Sends a GET request on a previously created HTTP Session.</doc>
<status status="PASS" start="2024-03-24T02:23:21.278390" elapsed="0.089531"/>
</kw>
<kw name="Should Be Equal As Numbers" owner="BuiltIn">
<msg time="2024-03-24T02:23:21.369004" level="INFO">Argument types are:
&lt;class 'int'&gt;
&lt;class 'str'&gt;</msg>
<arg>${response.status_code}</arg>
<arg>200</arg>
<doc>Fails if objects are unequal after converting them to real numbers.</doc>
<status status="PASS" start="2024-03-24T02:23:21.368520" elapsed="0.000551"/>
</kw>
<kw name="Log" owner="BuiltIn">
<msg time="2024-03-24T02:23:21.369757" level="INFO">200</msg>
<arg>${response.status_code}</arg>
<doc>Logs the given message with the given level.</doc>
<status status="PASS" start="2024-03-24T02:23:21.369395" elapsed="0.000406"/>
</kw>
<kw name="Set Variable" owner="BuiltIn">
<msg time="2024-03-24T02:23:21.370561" level="INFO">${json_data} = {'results': [{'gender': 'male', 'name': {'title': 'Mr', 'first': 'Aléxio', 'last': 'Lima'}, 'location': {'street': {'number': 2673, 'name': 'Rua Treze '}, 'city': 'Tatuí', 'state': 'São Paulo', 'count...</msg>
<var>${json_data}</var>
<arg>${response.json()}</arg>
<doc>Returns the given values which can then be assigned to a variables.</doc>
<status status="PASS" start="2024-03-24T02:23:21.370108" elapsed="0.000482"/>
</kw>
<kw name="Dictionary Should Contain Key" owner="Collections">
<msg time="2024-03-24T02:23:21.371069" level="INFO">False</msg>
<arg>${json_data}</arg>
<arg>results</arg>
<doc>Fails if ``key`` is not found from ``dictionary``.</doc>
<status status="PASS" start="2024-03-24T02:23:21.370897" elapsed="0.000246"/>
</kw>
<status status="PASS" start="2024-03-24T02:23:21.278136" elapsed="0.093275"/>
</kw>
<doc>Testa se a API responde corretamente e retorna um objeto JSON válido.</doc>
<tag>testeRequisicaoBasica</tag>
<status status="PASS" start="2024-03-24T02:23:21.277665" elapsed="0.093935"/>
</test>
<test id="s1-s1-t3" name="Validar estrutura de resposta" line="22">
<kw name="Teste de Estrutura de Resposta" owner="random-user-service">
<kw name="GET On Session" owner="RequestsLibrary">
<msg time="2024-03-24T02:23:21.495144" level="INFO">GET Request : url=https://randomuser.me/api 
 path_url=/api 
 headers={'User-Agent': 'python-requests/2.31.0', 'Accept-Encoding': 'gzip, deflate', 'Accept': '*/*', 'Connection': 'keep-alive'} 
 body=None 
 </msg>
<msg time="2024-03-24T02:23:21.495229" level="INFO">GET Response : url=https://randomuser.me/api 
 status=200, reason=OK 
 headers={'Date': 'Sun, 24 Mar 2024 02:23:21 GMT', 'Content-Type': 'application/json; charset=utf-8', 'Transfer-Encoding': 'chunked', 'Connection': 'keep-alive', 'X-Powered-By': 'Express', 'Access-Control-Allow-Origin': '*', 'Cache-Control': 'no-cache', 'ETag': 'W/"486-7D7dWu/5ck5RWCDaxh3Pxrgx0X4"', 'Vary': 'Accept-Encoding', 'Content-Encoding': 'gzip', 'CF-Cache-Status': 'DYNAMIC', 'Report-To': '{"endpoints":[{"url":"https:\\/\\/a.nel.cloudflare.com\\/report\\/v4?s=%2BEYeXgei3Ouvj%2BM3g3P%2FbAdA49XSL5KJvuEwcoISAUeiqS4xrTb9VqVBxr4KfmBSSt8r6xCBJNGkUbaaX%2BTCcqM943iP7xwUH7lJkrM3uVX8gO1I3XyYyHOIAOAXNt1j"}],"group":"cf-nel","max_age":604800}', 'NEL': '{"success_fraction":0,"report_to":"cf-nel","max_age":604800}', 'Server': 'cloudflare', 'CF-RAY': '869332de9b03113e-ORD', 'alt-svc': 'h3=":443"; ma=86400'} 
 body={"results":[{"gender":"female","name":{"title":"Mrs","first":"Ulita","last":"Bobal"},"location":{"street":{"number":9685,"name":"Lisnicka"},"city":"Vishneve","state":"Harkivska","country":"Ukraine","postcode":88097,"coordinates":{"latitude":"74.0800","longitude":"108.2652"},"timezone":{"offset":"+1:00","description":"Brussels, Copenhagen, Madrid, Paris"}},"email":"ulita.bobal@example.com","login":{"uuid":"e187f82d-d15a-4b49-956c-99f659b73c16","username":"smallmeercat631","password":"hippo","salt":"exOSrMLu","md5":"6777411cd4a958b9a35b6c82b1263983","sha1":"4bdd72995cc601a7cbb093c58bc23e68533bd68d","sha256":"d96051b87e5c3dc921d8aed7abfd61f62b96b7313b2a6e8c685fe4b49d7aff9d"},"dob":{"date":"1999-07-28T20:23:38.803Z","age":24},"registered":{"date":"2011-01-10T08:56:06.153Z","age":13},"phone":"(097) S42-7040","cell":"(096) Q00-8239","id":{"name":"","value":null},"picture":{"large":"https://randomuser.me/api/portraits/women/32.jpg","medium":"https://randomuser.me/api/portraits/med/women/32.jpg","thumbnail":"https://randomuser.me/api/portraits/thumb/women/32.jpg"},"nat":"UA"}],"info":{"seed":"f64cb33dd9b0fc0d","results":1,"page":1,"version":"1.4"}} 
 </msg>
<msg time="2024-03-24T02:23:21.495345" level="INFO">/opt/hostedtoolcache/Python/3.12.2/x64/lib/python3.12/site-packages/urllib3/connectionpool.py:1103: InsecureRequestWarning: Unverified HTTPS request is being made to host 'randomuser.me'. Adding certificate verification is strongly advised. See: https://urllib3.readthedocs.io/en/latest/advanced-usage.html#tls-warnings
  warnings.warn(</msg>
<msg time="2024-03-24T02:23:21.495454" level="INFO">${response} = &lt;Response [200]&gt;</msg>
<var>${response}</var>
<arg>consultarAPI</arg>
<arg>/api</arg>
<doc>Sends a GET request on a previously created HTTP Session.</doc>
<status status="PASS" start="2024-03-24T02:23:21.374378" elapsed="0.121117"/>
</kw>
<kw name="Set Variable" owner="BuiltIn">
<msg time="2024-03-24T02:23:21.496546" level="INFO">${json_data} = {'results': [{'gender': 'female', 'name': {'title': 'Mrs', 'first': 'Ulita', 'last': 'Bobal'}, 'location': {'street': {'number': 9685, 'name': 'Lisnicka'}, 'city': 'Vishneve', 'state': 'Harkivska', 'c...</msg>
<var>${json_data}</var>
<arg>${response.json()}</arg>
<doc>Returns the given values which can then be assigned to a variables.</doc>
<status status="PASS" start="2024-03-24T02:23:21.495985" elapsed="0.000591"/>
</kw>
<kw name="Log" owner="BuiltIn">
<msg time="2024-03-24T02:23:21.497052" level="INFO">{'results': [{'gender': 'female', 'name': {'title': 'Mrs', 'first': 'Ulita', 'last': 'Bobal'}, 'location': {'street': {'number': 9685, 'name': 'Lisnicka'}, 'city': 'Vishneve', 'state': 'Harkivska', 'country': 'Ukraine', 'postcode': 88097, 'coordinates': {'latitude': '74.0800', 'longitude': '108.2652'}, 'timezone': {'offset': '+1:00', 'description': 'Brussels, Copenhagen, Madrid, Paris'}}, 'email': 'ulita.bobal@example.com', 'login': {'uuid': 'e187f82d-d15a-4b49-956c-99f659b73c16', 'username': 'smallmeercat631', 'password': 'hippo', 'salt': 'exOSrMLu', 'md5': '6777411cd4a958b9a35b6c82b1263983', 'sha1': '4bdd72995cc601a7cbb093c58bc23e68533bd68d', 'sha256': 'd96051b87e5c3dc921d8aed7abfd61f62b96b7313b2a6e8c685fe4b49d7aff9d'}, 'dob': {'date': '1999-07-28T20:23:38.803Z', 'age': 24}, 'registered': {'date': '2011-01-10T08:56:06.153Z', 'age': 13}, 'phone': '(097) S42-7040', 'cell': '(096) Q00-8239', 'id': {'name': '', 'value': None}, 'picture': {'large': 'https://randomuser.me/api/portraits/women/32.jpg', 'medium': 'https://randomuser.me/api/portraits/med/women/32.jpg', 'thumbnail': 'https://randomuser.me/api/portraits/thumb/women/32.jpg'}, 'nat': 'UA'}], 'info': {'seed': 'f64cb33dd9b0fc0d', 'results': 1, 'page': 1, 'version': '1.4'}}</msg>
<arg>${json_data}</arg>
<doc>Logs the given message with the given level.</doc>
<status status="PASS" start="2024-03-24T02:23:21.496891" elapsed="0.000209"/>
</kw>
<kw name="Dictionary Should Contain Key" owner="Collections">
<msg time="2024-03-24T02:23:21.497557" level="INFO">False</msg>
<arg>${json_data}</arg>
<arg>results</arg>
<doc>Fails if ``key`` is not found from ``dictionary``.</doc>
<status status="PASS" start="2024-03-24T02:23:21.497401" elapsed="0.000194"/>
</kw>
<kw name="Should Not Be Empty" owner="BuiltIn">
<msg time="2024-03-24T02:23:21.498026" level="INFO">Length is 2.</msg>
<arg>${json_data}</arg>
<doc>Verifies that the given item is not empty.</doc>
<status status="PASS" start="2024-03-24T02:23:21.497892" elapsed="0.000173"/>
</kw>
<kw name="Create List" owner="BuiltIn">
<msg time="2024-03-24T02:23:21.498507" level="INFO">${expected_keys} = ['gender', 'name', 'location', 'email', 'login']</msg>
<var>${expected_keys}</var>
<arg>gender</arg>
<arg>name</arg>
<arg>location</arg>
<arg>email</arg>
<arg>login</arg>
<doc>Returns a list containing given items.</doc>
<status status="PASS" start="2024-03-24T02:23:21.498356" elapsed="0.000175"/>
</kw>
<for flavor="IN">
<iter>
<kw name="Dictionary Should Contain Key" owner="Collections">
<msg time="2024-03-24T02:23:21.499554" level="INFO">False</msg>
<arg>${json_data['results'][0]}</arg>
<arg>${key}</arg>
<doc>Fails if ``key`` is not found from ``dictionary``.</doc>
<status status="PASS" start="2024-03-24T02:23:21.499133" elapsed="0.000461"/>
</kw>
<kw name="Log" owner="BuiltIn">
<msg time="2024-03-24T02:23:21.500271" level="INFO">{'gender': 'female', 'name': {'title': 'Mrs', 'first': 'Ulita', 'last': 'Bobal'}, 'location': {'street': {'number': 9685, 'name': 'Lisnicka'}, 'city': 'Vishneve', 'state': 'Harkivska', 'country': 'Ukraine', 'postcode': 88097, 'coordinates': {'latitude': '74.0800', 'longitude': '108.2652'}, 'timezone': {'offset': '+1:00', 'description': 'Brussels, Copenhagen, Madrid, Paris'}}, 'email': 'ulita.bobal@example.com', 'login': {'uuid': 'e187f82d-d15a-4b49-956c-99f659b73c16', 'username': 'smallmeercat631', 'password': 'hippo', 'salt': 'exOSrMLu', 'md5': '6777411cd4a958b9a35b6c82b1263983', 'sha1': '4bdd72995cc601a7cbb093c58bc23e68533bd68d', 'sha256': 'd96051b87e5c3dc921d8aed7abfd61f62b96b7313b2a6e8c685fe4b49d7aff9d'}, 'dob': {'date': '1999-07-28T20:23:38.803Z', 'age': 24}, 'registered': {'date': '2011-01-10T08:56:06.153Z', 'age': 13}, 'phone': '(097) S42-7040', 'cell': '(096) Q00-8239', 'id': {'name': '', 'value': None}, 'picture': {'large': 'https://randomuser.me/api/portraits/women/32.jpg', 'medium': 'https://randomuser.me/api/portraits/med/women/32.jpg', 'thumbnail': 'https://randomuser.me/api/portraits/thumb/women/32.jpg'}, 'nat': 'UA'}</msg>
<arg>${json_data['results'][0]}</arg>
<doc>Logs the given message with the given level.</doc>
<status status="PASS" start="2024-03-24T02:23:21.499903" elapsed="0.000422"/>
</kw>
<kw name="Log" owner="BuiltIn">
<msg time="2024-03-24T02:23:21.500766" level="INFO">gender</msg>
<arg>${key}</arg>
<doc>Logs the given message with the given level.</doc>
<status status="PASS" start="2024-03-24T02:23:21.500632" elapsed="0.000172"/>
</kw>
<var name="${key}">gender</var>
<status status="PASS" start="2024-03-24T02:23:21.498975" elapsed="0.002054"/>
</iter>
<iter>
<kw name="Dictionary Should Contain Key" owner="Collections">
<msg time="2024-03-24T02:23:21.501727" level="INFO">False</msg>
<arg>${json_data['results'][0]}</arg>
<arg>${key}</arg>
<doc>Fails if ``key`` is not found from ``dictionary``.</doc>
<status status="PASS" start="2024-03-24T02:23:21.501334" elapsed="0.000432"/>
</kw>
<kw name="Log" owner="BuiltIn">
<msg time="2024-03-24T02:23:21.502468" level="INFO">{'gender': 'female', 'name': {'title': 'Mrs', 'first': 'Ulita', 'last': 'Bobal'}, 'location': {'street': {'number': 9685, 'name': 'Lisnicka'}, 'city': 'Vishneve', 'state': 'Harkivska', 'country': 'Ukraine', 'postcode': 88097, 'coordinates': {'latitude': '74.0800', 'longitude': '108.2652'}, 'timezone': {'offset': '+1:00', 'description': 'Brussels, Copenhagen, Madrid, Paris'}}, 'email': 'ulita.bobal@example.com', 'login': {'uuid': 'e187f82d-d15a-4b49-956c-99f659b73c16', 'username': 'smallmeercat631', 'password': 'hippo', 'salt': 'exOSrMLu', 'md5': '6777411cd4a958b9a35b6c82b1263983', 'sha1': '4bdd72995cc601a7cbb093c58bc23e68533bd68d', 'sha256': 'd96051b87e5c3dc921d8aed7abfd61f62b96b7313b2a6e8c685fe4b49d7aff9d'}, 'dob': {'date': '1999-07-28T20:23:38.803Z', 'age': 24}, 'registered': {'date': '2011-01-10T08:56:06.153Z', 'age': 13}, 'phone': '(097) S42-7040', 'cell': '(096) Q00-8239', 'id': {'name': '', 'value': None}, 'picture': {'large': 'https://randomuser.me/api/portraits/women/32.jpg', 'medium': 'https://randomuser.me/api/portraits/med/women/32.jpg', 'thumbnail': 'https://randomuser.me/api/portraits/thumb/women/32.jpg'}, 'nat': 'UA'}</msg>
<arg>${json_data['results'][0]}</arg>
<doc>Logs the given message with the given level.</doc>
<status status="PASS" start="2024-03-24T02:23:21.502103" elapsed="0.000413"/>
</kw>
<kw name="Log" owner="BuiltIn">
<msg time="2024-03-24T02:23:21.502947" level="INFO">name</msg>
<arg>${key}</arg>
<doc>Logs the given message with the given level.</doc>
<status status="PASS" start="2024-03-24T02:23:21.502816" elapsed="0.000169"/>
</kw>
<var name="${key}">name</var>
<status status="PASS" start="2024-03-24T02:23:21.501218" elapsed="0.002056"/>
</iter>
<iter>
<kw name="Dictionary Should Contain Key" owner="Collections">
<msg time="2024-03-24T02:23:21.503960" level="INFO">False</msg>
<arg>${json_data['results'][0]}</arg>
<arg>${key}</arg>
<doc>Fails if ``key`` is not found from ``dictionary``.</doc>
<status status="PASS" start="2024-03-24T02:23:21.503579" elapsed="0.000420"/>
</kw>
<kw name="Log" owner="BuiltIn">
<msg time="2024-03-24T02:23:21.504668" level="INFO">{'gender': 'female', 'name': {'title': 'Mrs', 'first': 'Ulita', 'last': 'Bobal'}, 'location': {'street': {'number': 9685, 'name': 'Lisnicka'}, 'city': 'Vishneve', 'state': 'Harkivska', 'country': 'Ukraine', 'postcode': 88097, 'coordinates': {'latitude': '74.0800', 'longitude': '108.2652'}, 'timezone': {'offset': '+1:00', 'description': 'Brussels, Copenhagen, Madrid, Paris'}}, 'email': 'ulita.bobal@example.com', 'login': {'uuid': 'e187f82d-d15a-4b49-956c-99f659b73c16', 'username': 'smallmeercat631', 'password': 'hippo', 'salt': 'exOSrMLu', 'md5': '6777411cd4a958b9a35b6c82b1263983', 'sha1': '4bdd72995cc601a7cbb093c58bc23e68533bd68d', 'sha256': 'd96051b87e5c3dc921d8aed7abfd61f62b96b7313b2a6e8c685fe4b49d7aff9d'}, 'dob': {'date': '1999-07-28T20:23:38.803Z', 'age': 24}, 'registered': {'date': '2011-01-10T08:56:06.153Z', 'age': 13}, 'phone': '(097) S42-7040', 'cell': '(096) Q00-8239', 'id': {'name': '', 'value': None}, 'picture': {'large': 'https://randomuser.me/api/portraits/women/32.jpg', 'medium': 'https://randomuser.me/api/portraits/med/women/32.jpg', 'thumbnail': 'https://randomuser.me/api/portraits/thumb/women/32.jpg'}, 'nat': 'UA'}</msg>
<arg>${json_data['results'][0]}</arg>
<doc>Logs the given message with the given level.</doc>
<status status="PASS" start="2024-03-24T02:23:21.504302" elapsed="0.000418"/>
</kw>
<kw name="Log" owner="BuiltIn">
<msg time="2024-03-24T02:23:21.505142" level="INFO">location</msg>
<arg>${key}</arg>
<doc>Logs the given message with the given level.</doc>
<status status="PASS" start="2024-03-24T02:23:21.505015" elapsed="0.000165"/>
</kw>
<var name="${key}">location</var>
<status status="PASS" start="2024-03-24T02:23:21.503463" elapsed="0.001932"/>
</iter>
<iter>
<kw name="Dictionary Should Contain Key" owner="Collections">
<msg time="2024-03-24T02:23:21.506060" level="INFO">False</msg>
<arg>${json_data['results'][0]}</arg>
<arg>${key}</arg>
<doc>Fails if ``key`` is not found from ``dictionary``.</doc>
<status status="PASS" start="2024-03-24T02:23:21.505678" elapsed="0.000420"/>
</kw>
<kw name="Log" owner="BuiltIn">
<msg time="2024-03-24T02:23:21.506751" level="INFO">{'gender': 'female', 'name': {'title': 'Mrs', 'first': 'Ulita', 'last': 'Bobal'}, 'location': {'street': {'number': 9685, 'name': 'Lisnicka'}, 'city': 'Vishneve', 'state': 'Harkivska', 'country': 'Ukraine', 'postcode': 88097, 'coordinates': {'latitude': '74.0800', 'longitude': '108.2652'}, 'timezone': {'offset': '+1:00', 'description': 'Brussels, Copenhagen, Madrid, Paris'}}, 'email': 'ulita.bobal@example.com', 'login': {'uuid': 'e187f82d-d15a-4b49-956c-99f659b73c16', 'username': 'smallmeercat631', 'password': 'hippo', 'salt': 'exOSrMLu', 'md5': '6777411cd4a958b9a35b6c82b1263983', 'sha1': '4bdd72995cc601a7cbb093c58bc23e68533bd68d', 'sha256': 'd96051b87e5c3dc921d8aed7abfd61f62b96b7313b2a6e8c685fe4b49d7aff9d'}, 'dob': {'date': '1999-07-28T20:23:38.803Z', 'age': 24}, 'registered': {'date': '2011-01-10T08:56:06.153Z', 'age': 13}, 'phone': '(097) S42-7040', 'cell': '(096) Q00-8239', 'id': {'name': '', 'value': None}, 'picture': {'large': 'https://randomuser.me/api/portraits/women/32.jpg', 'medium': 'https://randomuser.me/api/portraits/med/women/32.jpg', 'thumbnail': 'https://randomuser.me/api/portraits/thumb/women/32.jpg'}, 'nat': 'UA'}</msg>
<arg>${json_data['results'][0]}</arg>
<doc>Logs the given message with the given level.</doc>
<status status="PASS" start="2024-03-24T02:23:21.506396" elapsed="0.000403"/>
</kw>
<kw name="Log" owner="BuiltIn">
<msg time="2024-03-24T02:23:21.507273" level="INFO">email</msg>
<arg>${key}</arg>
<doc>Logs the given message with the given level.</doc>
<status status="PASS" start="2024-03-24T02:23:21.507129" elapsed="0.000183"/>
</kw>
<var name="${key}">email</var>
<status status="PASS" start="2024-03-24T02:23:21.505569" elapsed="0.001960"/>
</iter>
<iter>
<kw name="Dictionary Should Contain Key" owner="Collections">
<msg time="2024-03-24T02:23:21.508222" level="INFO">False</msg>
<arg>${json_data['results'][0]}</arg>
<arg>${key}</arg>
<doc>Fails if ``key`` is not found from ``dictionary``.</doc>
<status status="PASS" start="2024-03-24T02:23:21.507830" elapsed="0.000430"/>
</kw>
<kw name="Log" owner="BuiltIn">
<msg time="2024-03-24T02:23:21.508914" level="INFO">{'gender': 'female', 'name': {'title': 'Mrs', 'first': 'Ulita', 'last': 'Bobal'}, 'location': {'street': {'number': 9685, 'name': 'Lisnicka'}, 'city': 'Vishneve', 'state': 'Harkivska', 'country': 'Ukraine', 'postcode': 88097, 'coordinates': {'latitude': '74.0800', 'longitude': '108.2652'}, 'timezone': {'offset': '+1:00', 'description': 'Brussels, Copenhagen, Madrid, Paris'}}, 'email': 'ulita.bobal@example.com', 'login': {'uuid': 'e187f82d-d15a-4b49-956c-99f659b73c16', 'username': 'smallmeercat631', 'password': 'hippo', 'salt': 'exOSrMLu', 'md5': '6777411cd4a958b9a35b6c82b1263983', 'sha1': '4bdd72995cc601a7cbb093c58bc23e68533bd68d', 'sha256': 'd96051b87e5c3dc921d8aed7abfd61f62b96b7313b2a6e8c685fe4b49d7aff9d'}, 'dob': {'date': '1999-07-28T20:23:38.803Z', 'age': 24}, 'registered': {'date': '2011-01-10T08:56:06.153Z', 'age': 13}, 'phone': '(097) S42-7040', 'cell': '(096) Q00-8239', 'id': {'name': '', 'value': None}, 'picture': {'large': 'https://randomuser.me/api/portraits/women/32.jpg', 'medium': 'https://randomuser.me/api/portraits/med/women/32.jpg', 'thumbnail': 'https://randomuser.me/api/portraits/thumb/women/32.jpg'}, 'nat': 'UA'}</msg>
<arg>${json_data['results'][0]}</arg>
<doc>Logs the given message with the given level.</doc>
<status status="PASS" start="2024-03-24T02:23:21.508555" elapsed="0.000407"/>
</kw>
<kw name="Log" owner="BuiltIn">
<msg time="2024-03-24T02:23:21.509383" level="INFO">login</msg>
<arg>${key}</arg>
<doc>Logs the given message with the given level.</doc>
<status status="PASS" start="2024-03-24T02:23:21.509254" elapsed="0.000275"/>
</kw>
<var name="${key}">login</var>
<status status="PASS" start="2024-03-24T02:23:21.507703" elapsed="0.002052"/>
</iter>
<var>${key}</var>
<value>@{expected_keys}</value>
<status status="PASS" start="2024-03-24T02:23:21.498785" elapsed="0.011125"/>
</for>
<kw name="Create List" owner="BuiltIn">
<msg time="2024-03-24T02:23:21.510254" level="INFO">${expected_keysTwo} = ['username', 'password']</msg>
<var>${expected_keysTwo}</var>
<arg>username</arg>
<arg>password</arg>
<doc>Returns a list containing given items.</doc>
<status status="PASS" start="2024-03-24T02:23:21.510115" elapsed="0.000164"/>
</kw>
<for flavor="IN">
<iter>
<kw name="Dictionary Should Contain Key" owner="Collections">
<msg time="2024-03-24T02:23:21.511208" level="INFO">False</msg>
<arg>${json_data['results'][0]['login']}</arg>
<arg>${keyTwo}</arg>
<doc>Fails if ``key`` is not found from ``dictionary``.</doc>
<status status="PASS" start="2024-03-24T02:23:21.510782" elapsed="0.000466"/>
</kw>
<kw name="Dictionary Should Contain Key" owner="Collections">
<msg time="2024-03-24T02:23:21.511950" level="INFO">False</msg>
<arg>${json_data['results'][0]['login']}</arg>
<arg>${keyTwo}</arg>
<doc>Fails if ``key`` is not found from ``dictionary``.</doc>
<status status="PASS" start="2024-03-24T02:23:21.511554" elapsed="0.000434"/>
</kw>
<kw name="Log" owner="BuiltIn">
<msg time="2024-03-24T02:23:21.512414" level="INFO">username</msg>
<arg>${keyTwo}</arg>
<doc>Logs the given message with the given level.</doc>
<status status="PASS" start="2024-03-24T02:23:21.512285" elapsed="0.000167"/>
</kw>
<var name="${keyTwo}">username</var>
<status status="PASS" start="2024-03-24T02:23:21.510670" elapsed="0.001997"/>
</iter>
<iter>
<kw name="Dictionary Should Contain Key" owner="Collections">
<msg time="2024-03-24T02:23:21.513348" level="INFO">False</msg>
<arg>${json_data['results'][0]['login']}</arg>
<arg>${keyTwo}</arg>
<doc>Fails if ``key`` is not found from ``dictionary``.</doc>
<status status="PASS" start="2024-03-24T02:23:21.512952" elapsed="0.000437"/>
</kw>
<kw name="Dictionary Should Contain Key" owner="Collections">
<msg time="2024-03-24T02:23:21.514076" level="INFO">False</msg>
<arg>${json_data['results'][0]['login']}</arg>
<arg>${keyTwo}</arg>
<doc>Fails if ``key`` is not found from ``dictionary``.</doc>
<status status="PASS" start="2024-03-24T02:23:21.513688" elapsed="0.000427"/>
</kw>
<kw name="Log" owner="BuiltIn">
<msg time="2024-03-24T02:23:21.514540" level="INFO">password</msg>
<arg>${keyTwo}</arg>
<doc>Logs the given message with the given level.</doc>
<status status="PASS" start="2024-03-24T02:23:21.514410" elapsed="0.000168"/>
</kw>
<var name="${keyTwo}">password</var>
<status status="PASS" start="2024-03-24T02:23:21.512841" elapsed="0.001954"/>
</iter>
<var>${keyTwo}</var>
<value>@{expected_keysTwo}</value>
<status status="PASS" start="2024-03-24T02:23:21.510517" elapsed="0.004401"/>
</for>
<status status="PASS" start="2024-03-24T02:23:21.374134" elapsed="0.140925"/>
</kw>
<doc>Testa a estrutura da resposta da API.</doc>
<tag>testeEstruturaResposta</tag>
<status status="PASS" start="2024-03-24T02:23:21.373486" elapsed="0.141766"/>
</test>
<test id="s1-s1-t4" name="Validar tipos de dados" line="28">
<kw name="Teste de Tipos de Dados" owner="random-user-service">
<kw name="GET On Session" owner="RequestsLibrary">
<msg time="2024-03-24T02:23:21.599508" level="INFO">GET Request : url=https://randomuser.me/api 
 path_url=/api 
 headers={'User-Agent': 'python-requests/2.31.0', 'Accept-Encoding': 'gzip, deflate', 'Accept': '*/*', 'Connection': 'keep-alive'} 
 body=None 
 </msg>
<msg time="2024-03-24T02:23:21.599621" level="INFO">GET Response : url=https://randomuser.me/api 
 status=200, reason=OK 
 headers={'Date': 'Sun, 24 Mar 2024 02:23:21 GMT', 'Content-Type': 'application/json; charset=utf-8', 'Transfer-Encoding': 'chunked', 'Connection': 'keep-alive', 'X-Powered-By': 'Express', 'Access-Control-Allow-Origin': '*', 'Cache-Control': 'no-cache', 'ETag': 'W/"496-Veb4K2e2X2H2dknkPNsFQv9Evos"', 'Vary': 'Accept-Encoding', 'Content-Encoding': 'gzip', 'CF-Cache-Status': 'DYNAMIC', 'Report-To': '{"endpoints":[{"url":"https:\\/\\/a.nel.cloudflare.com\\/report\\/v4?s=cnwOo1Nh5qNES2lymOn4yyBKsrgmIjyQxGwdhjsaKkbuDrtJT6NQVUZtYPe9obR9nFzgyanen9Bvbi3V3Ezvk3asnEOGm660zDRRqXWRSaAMfiMfEamDnOMg%2BYA0Ct56"}],"group":"cf-nel","max_age":604800}', 'NEL': '{"success_fraction":0,"report_to":"cf-nel","max_age":604800}', 'Server': 'cloudflare', 'CF-RAY': '869332df7c3b113e-ORD', 'alt-svc': 'h3=":443"; ma=86400'} 
 body={"results":[{"gender":"male","name":{"title":"Mr","first":"Leo","last":"Steeves "},"location":{"street":{"number":4124,"name":"Samaritan Dr"},"city":"Newark","state":"Arizona","country":"United States","postcode":58872,"coordinates":{"latitude":"83.4174","longitude":"-107.6884"},"timezone":{"offset":"-4:00","description":"Atlantic Time (Canada), Caracas, La Paz"}},"email":"leo.steeves@example.com","login":{"uuid":"9d46b908-923c-4d14-b87f-8b8c54c40ca8","username":"heavyzebra583","password":"kittykat","salt":"LlnU2es8","md5":"912b930bc4c5e95bcd5bff72be367403","sha1":"e0f594e3e69a8ff3bef0f29820907a918637e038","sha256":"1c5c5534e1c241b4aa1588b9dcaf1beaa9f91d45f8923f4c3f323ceb3b77a405"},"dob":{"date":"1986-12-06T12:25:35.936Z","age":37},"registered":{"date":"2012-08-07T01:16:15.588Z","age":11},"phone":"(427) 408-6597","cell":"(264) 214-6782","id":{"name":"SSN","value":"814-43-2489"},"picture":{"large":"https://randomuser.me/api/portraits/men/80.jpg","medium":"https://randomuser.me/api/portraits/med/men/80.jpg","thumbnail":"https://randomuser.me/api/portraits/thumb/men/80.jpg"},"nat":"US"}],"info":{"seed":"15e50e8f92ff3008","results":1,"page":1,"version":"1.4"}} 
 </msg>
<msg time="2024-03-24T02:23:21.599689" level="INFO">/opt/hostedtoolcache/Python/3.12.2/x64/lib/python3.12/site-packages/urllib3/connectionpool.py:1103: InsecureRequestWarning: Unverified HTTPS request is being made to host 'randomuser.me'. Adding certificate verification is strongly advised. See: https://urllib3.readthedocs.io/en/latest/advanced-usage.html#tls-warnings
  warnings.warn(</msg>
<msg time="2024-03-24T02:23:21.599814" level="INFO">${response} = &lt;Response [200]&gt;</msg>
<var>${response}</var>
<arg>consultarAPI</arg>
<arg>/api</arg>
<doc>Sends a GET request on a previously created HTTP Session.</doc>
<status status="PASS" start="2024-03-24T02:23:21.517696" elapsed="0.082159"/>
</kw>
<kw name="Set Variable" owner="BuiltIn">
<msg time="2024-03-24T02:23:21.601068" level="INFO">${json_data} = {'results': [{'gender': 'male', 'name': {'title': 'Mr', 'first': 'Leo', 'last': 'Steeves '}, 'location': {'street': {'number': 4124, 'name': 'Samaritan Dr'}, 'city': 'Newark', 'state': 'Arizona', 'cou...</msg>
<var>${json_data}</var>
<arg>${response.json()}</arg>
<doc>Returns the given values which can then be assigned to a variables.</doc>
<status status="PASS" start="2024-03-24T02:23:21.600487" elapsed="0.000611"/>
</kw>
<kw name="Log" owner="BuiltIn">
<msg time="2024-03-24T02:23:21.601580" level="INFO">{'results': [{'gender': 'male', 'name': {'title': 'Mr', 'first': 'Leo', 'last': 'Steeves '}, 'location': {'street': {'number': 4124, 'name': 'Samaritan Dr'}, 'city': 'Newark', 'state': 'Arizona', 'country': 'United States', 'postcode': 58872, 'coordinates': {'latitude': '83.4174', 'longitude': '-107.6884'}, 'timezone': {'offset': '-4:00', 'description': 'Atlantic Time (Canada), Caracas, La Paz'}}, 'email': 'leo.steeves@example.com', 'login': {'uuid': '9d46b908-923c-4d14-b87f-8b8c54c40ca8', 'username': 'heavyzebra583', 'password': 'kittykat', 'salt': 'LlnU2es8', 'md5': '912b930bc4c5e95bcd5bff72be367403', 'sha1': 'e0f594e3e69a8ff3bef0f29820907a918637e038', 'sha256': '1c5c5534e1c241b4aa1588b9dcaf1beaa9f91d45f8923f4c3f323ceb3b77a405'}, 'dob': {'date': '1986-12-06T12:25:35.936Z', 'age': 37}, 'registered': {'date': '2012-08-07T01:16:15.588Z', 'age': 11}, 'phone': '(427) 408-6597', 'cell': '(264) 214-6782', 'id': {'name': 'SSN', 'value': '814-43-2489'}, 'picture': {'large': 'https://randomuser.me/api/portraits/men/80.jpg', 'medium': 'https://randomuser.me/api/portraits/med/men/80.jpg', 'thumbnail': 'https://randomuser.me/api/portraits/thumb/men/80.jpg'}, 'nat': 'US'}], 'info': {'seed': '15e50e8f92ff3008', 'results': 1, 'page': 1, 'version': '1.4'}}</msg>
<arg>${json_data}</arg>
<doc>Logs the given message with the given level.</doc>
<status status="PASS" start="2024-03-24T02:23:21.601419" elapsed="0.000248"/>
</kw>
<kw name="Should Be String" owner="String">
<arg>${json_data['results'][0]['gender']}</arg>
<doc>Fails if the given ``item`` is not a string.</doc>
<status status="PASS" start="2024-03-24T02:23:21.601974" elapsed="0.000380"/>
</kw>
<kw name="Should Match Regexp" owner="BuiltIn">
<arg>${json_data['results'][0]['email']}</arg>
<arg>^[a-zA-Z0-9._%+-]+@[a-zA-Z0-9.-]+\.[a-zA-Z]{2,}$</arg>
<doc>Fails if ``string`` does not match ``pattern`` as a regular expression.</doc>
<status status="PASS" start="2024-03-24T02:23:21.602560" elapsed="0.000559"/>
</kw>
<kw name="Should Match Regexp" owner="BuiltIn">
<arg>${json_data['results'][0]['dob']['date']}</arg>
<arg>\\d{4}-\\d{2}-\\d{2}T\\d{2}:\\d{2}:\\d{2}\\.\\d{3}Z</arg>
<doc>Fails if ``string`` does not match ``pattern`` as a regular expression.</doc>
<status status="PASS" start="2024-03-24T02:23:21.603334" elapsed="0.000502"/>
</kw>
<kw name="Should Match Regexp" owner="BuiltIn">
<arg>${json_data['results'][0]['registered']['date']}</arg>
<arg>\\d{4}-\\d{2}-\\d{2}T\\d{2}:\\d{2}:\\d{2}\\.\\d{3}Z</arg>
<doc>Fails if ``string`` does not match ``pattern`` as a regular expression.</doc>
<status status="PASS" start="2024-03-24T02:23:21.604051" elapsed="0.000386"/>
</kw>
<kw name="Should Match Regexp" owner="BuiltIn">
<arg>${json_data['results'][0]['picture']['large']}</arg>
<arg>^https?://.*\.(?:png|jpe?g|gif|bmp)$</arg>
<doc>Fails if ``string`` does not match ``pattern`` as a regular expression.</doc>
<status status="PASS" start="2024-03-24T02:23:21.604629" elapsed="0.000466"/>
</kw>
<kw name="Should Match Regexp" owner="BuiltIn">
<arg>${json_data['results'][0]['picture']['medium']}</arg>
<arg>^https?://.*\.(?:png|jpe?g|gif|bmp)$</arg>
<doc>Fails if ``string`` does not match ``pattern`` as a regular expression.</doc>
<status status="PASS" start="2024-03-24T02:23:21.605289" elapsed="0.000364"/>
</kw>
<kw name="Should Match Regexp" owner="BuiltIn">
<arg>${json_data['results'][0]['picture']['thumbnail']}</arg>
<arg>^https?://.*\.(?:png|jpe?g|gif|bmp)$</arg>
<doc>Fails if ``string`` does not match ``pattern`` as a regular expression.</doc>
<status status="PASS" start="2024-03-24T02:23:21.605840" elapsed="0.000357"/>
</kw>
<kw name="Log" owner="BuiltIn">
<msg time="2024-03-24T02:23:21.606714" level="INFO">{'large': 'https://randomuser.me/api/portraits/men/80.jpg', 'medium': 'https://randomuser.me/api/portraits/med/men/80.jpg', 'thumbnail': 'https://randomuser.me/api/portraits/thumb/men/80.jpg'}</msg>
<arg>${json_data['results'][0]['picture']}</arg>
<doc>Logs the given message with the given level.</doc>
<status status="PASS" start="2024-03-24T02:23:21.606378" elapsed="0.000383"/>
</kw>
<status status="PASS" start="2024-03-24T02:23:21.517467" elapsed="0.089557"/>
</kw>
<kw name="Teste de Tipos de Dados - Postcode" owner="random-user-service">
<kw name="GET On Session" owner="RequestsLibrary">
<msg time="2024-03-24T02:23:21.668183" level="INFO">GET Request : url=https://randomuser.me/api 
 path_url=/api 
 headers={'User-Agent': 'python-requests/2.31.0', 'Accept-Encoding': 'gzip, deflate', 'Accept': '*/*', 'Connection': 'keep-alive'} 
 body=None 
 </msg>
<msg time="2024-03-24T02:23:21.668267" level="INFO">GET Response : url=https://randomuser.me/api 
 status=200, reason=OK 
 headers={'Date': 'Sun, 24 Mar 2024 02:23:21 GMT', 'Content-Type': 'application/json; charset=utf-8', 'Transfer-Encoding': 'chunked', 'Connection': 'keep-alive', 'X-Powered-By': 'Express', 'Access-Control-Allow-Origin': '*', 'Cache-Control': 'no-cache', 'ETag': 'W/"46f-csaqOLebkxXebef8U3uMyNrybyM"', 'Vary': 'Accept-Encoding', 'Content-Encoding': 'gzip', 'CF-Cache-Status': 'DYNAMIC', 'Report-To': '{"endpoints":[{"url":"https:\\/\\/a.nel.cloudflare.com\\/report\\/v4?s=laRpHQwHeGQ6pQXqSbZlAk76wLTJpLMaZkOACmt9p57DPoIFuhXVf5aOwAf9qo9OehkECD5HaL48ylxrWKR35BaYf0Cbr5b3xzQbi2mX31Gwsu4JUr8FoiSP0JxAUEl1"}],"group":"cf-nel","max_age":604800}', 'NEL': '{"success_fraction":0,"report_to":"cf-nel","max_age":604800}', 'Server': 'cloudflare', 'CF-RAY': '869332e00d45113e-ORD', 'alt-svc': 'h3=":443"; ma=86400'} 
 body={"results":[{"gender":"male","name":{"title":"Mr","first":"David","last":"Arnold"},"location":{"street":{"number":9173,"name":"Nowlin Rd"},"city":"Coffs Harbour","state":"Victoria","country":"Australia","postcode":9210,"coordinates":{"latitude":"-82.9347","longitude":"-154.2132"},"timezone":{"offset":"-9:00","description":"Alaska"}},"email":"david.arnold@example.com","login":{"uuid":"301e84d5-1e5e-46a9-9167-25bcfd91c72f","username":"happyladybug221","password":"aaaaa","salt":"d5t4xOMM","md5":"b8f83af554be04f94d7a14d9472fcfc1","sha1":"1c509529e1dea114dee63a81c4cc47caca7d81e4","sha256":"5aff877ae080095a751d179f062c8da378d6b0215a609997278b6b997612c3a3"},"dob":{"date":"1963-01-10T10:36:34.195Z","age":61},"registered":{"date":"2017-02-02T03:18:20.669Z","age":7},"phone":"09-8507-4193","cell":"0431-150-869","id":{"name":"TFN","value":"117082562"},"picture":{"large":"https://randomuser.me/api/portraits/men/76.jpg","medium":"https://randomuser.me/api/portraits/med/men/76.jpg","thumbnail":"https://randomuser.me/api/portraits/thumb/men/76.jpg"},"nat":"AU"}],"info":{"seed":"127503ff669f955f","results":1,"page":1,"version":"1.4"}} 
 </msg>
<msg time="2024-03-24T02:23:21.668344" level="INFO">/opt/hostedtoolcache/Python/3.12.2/x64/lib/python3.12/site-packages/urllib3/connectionpool.py:1103: InsecureRequestWarning: Unverified HTTPS request is being made to host 'randomuser.me'. Adding certificate verification is strongly advised. See: https://urllib3.readthedocs.io/en/latest/advanced-usage.html#tls-warnings
  warnings.warn(</msg>
<msg time="2024-03-24T02:23:21.668456" level="INFO">${response} = &lt;Response [200]&gt;</msg>
<var>${response}</var>
<arg>consultarAPI</arg>
<arg>/api</arg>
<doc>Sends a GET request on a previously created HTTP Session.</doc>
<status status="PASS" start="2024-03-24T02:23:21.607682" elapsed="0.060824"/>
</kw>
<kw name="Set Variable" owner="BuiltIn">
<msg time="2024-03-24T02:23:21.669552" level="INFO">${json_data} = {'results': [{'gender': 'male', 'name': {'title': 'Mr', 'first': 'David', 'last': 'Arnold'}, 'location': {'street': {'number': 9173, 'name': 'Nowlin Rd'}, 'city': 'Coffs Harbour', 'state': 'Victoria',...</msg>
<var>${json_data}</var>
<arg>${response.json()}</arg>
<doc>Returns the given values which can then be assigned to a variables.</doc>
<status status="PASS" start="2024-03-24T02:23:21.668991" elapsed="0.000590"/>
</kw>
<kw name="Log" owner="BuiltIn">
<msg time="2024-03-24T02:23:21.670044" level="INFO">{'results': [{'gender': 'male', 'name': {'title': 'Mr', 'first': 'David', 'last': 'Arnold'}, 'location': {'street': {'number': 9173, 'name': 'Nowlin Rd'}, 'city': 'Coffs Harbour', 'state': 'Victoria', 'country': 'Australia', 'postcode': 9210, 'coordinates': {'latitude': '-82.9347', 'longitude': '-154.2132'}, 'timezone': {'offset': '-9:00', 'description': 'Alaska'}}, 'email': 'david.arnold@example.com', 'login': {'uuid': '301e84d5-1e5e-46a9-9167-25bcfd91c72f', 'username': 'happyladybug221', 'password': 'aaaaa', 'salt': 'd5t4xOMM', 'md5': 'b8f83af554be04f94d7a14d9472fcfc1', 'sha1': '1c509529e1dea114dee63a81c4cc47caca7d81e4', 'sha256': '5aff877ae080095a751d179f062c8da378d6b0215a609997278b6b997612c3a3'}, 'dob': {'date': '1963-01-10T10:36:34.195Z', 'age': 61}, 'registered': {'date': '2017-02-02T03:18:20.669Z', 'age': 7}, 'phone': '09-8507-4193', 'cell': '0431-150-869', 'id': {'name': 'TFN', 'value': '117082562'}, 'picture': {'large': 'https://randomuser.me/api/portraits/men/76.jpg', 'medium': 'https://randomuser.me/api/portraits/med/men/76.jpg', 'thumbnail': 'https://randomuser.me/api/portraits/thumb/men/76.jpg'}, 'nat': 'AU'}], 'info': {'seed': '127503ff669f955f', 'results': 1, 'page': 1, 'version': '1.4'}}</msg>
<arg>${json_data}</arg>
<doc>Logs the given message with the given level.</doc>
<status status="PASS" start="2024-03-24T02:23:21.669890" elapsed="0.000232"/>
</kw>
<kw name="Should Be Equal As Numbers" owner="BuiltIn">
<arg>${json_data['results'][0]['location']['postcode']}</arg>
<arg>${json_data['results'][0]['location']['postcode']}</arg>
<doc>Fails if objects are unequal after converting them to real numbers.</doc>
<status status="PASS" start="2024-03-24T02:23:21.670429" elapsed="0.000634"/>
</kw>
<kw name="Log" owner="BuiltIn">
<msg time="2024-03-24T02:23:21.671653" level="INFO">9210</msg>
<arg>${json_data['results'][0]['location']['postcode']}</arg>
<doc>Logs the given message with the given level.</doc>
<status status="PASS" start="2024-03-24T02:23:21.671310" elapsed="0.000384"/>
</kw>
<status status="PASS" start="2024-03-24T02:23:21.607290" elapsed="0.064663"/>
</kw>
<doc>Testa se os tipos de dados na resposta da API estão corretos.</doc>
<tag>testeTiposDados</tag>
<status status="PASS" start="2024-03-24T02:23:21.517010" elapsed="0.155114"/>
</test>
<test id="s1-s1-t5" name="Validar conteudo" line="35">
<kw name="Teste de Tipos de Conteudo" owner="random-user-service">
<kw name="GET On Session" owner="RequestsLibrary">
<msg time="2024-03-24T02:23:21.792742" level="INFO">GET Request : url=https://randomuser.me/api 
 path_url=/api 
 headers={'User-Agent': 'python-requests/2.31.0', 'Accept-Encoding': 'gzip, deflate', 'Accept': '*/*', 'Connection': 'keep-alive'} 
 body=None 
 </msg>
<msg time="2024-03-24T02:23:21.792835" level="INFO">GET Response : url=https://randomuser.me/api 
 status=200, reason=OK 
 headers={'Date': 'Sun, 24 Mar 2024 02:23:21 GMT', 'Content-Type': 'application/json; charset=utf-8', 'Transfer-Encoding': 'chunked', 'Connection': 'keep-alive', 'X-Powered-By': 'Express', 'Access-Control-Allow-Origin': '*', 'Cache-Control': 'no-cache', 'ETag': 'W/"4bf-OZezcS/h+SYU1FGEfofXh3dWjcQ"', 'Vary': 'Accept-Encoding', 'Content-Encoding': 'gzip', 'CF-Cache-Status': 'DYNAMIC', 'Report-To': '{"endpoints":[{"url":"https:\\/\\/a.nel.cloudflare.com\\/report\\/v4?s=ZFHQTgl%2BiXSBQ77v5exycKjNV6Lv39D9axvJRz%2F3gUjJgGuBYMgwbsvEpvfgw3zP%2FhukVWUpK1OPVuo4GC7yvHwYANWLsD0izUZBU3uZ7dfwLTXE%2BEbGTSxBHrAjRWXa"}],"group":"cf-nel","max_age":604800}', 'NEL': '{"success_fraction":0,"report_to":"cf-nel","max_age":604800}', 'Server': 'cloudflare', 'CF-RAY': '869332e07df5113e-ORD', 'alt-svc': 'h3=":443"; ma=86400'} 
 body={"results":[{"gender":"female","name":{"title":"Miss","first":"Trinidad","last":"Saldivar"},"location":{"street":{"number":9107,"name":"Andador Bangladesh"},"city":"Cárdenas","state":"San Luis Potosí","country":"Mexico","postcode":33409,"coordinates":{"latitude":"27.7884","longitude":"48.7546"},"timezone":{"offset":"0:00","description":"Western Europe Time, London, Lisbon, Casablanca"}},"email":"trinidad.saldivar@example.com","login":{"uuid":"fd47e01b-4c81-446f-a0fd-f645842a437c","username":"ticklishwolf493","password":"wesley","salt":"XHfty8Oa","md5":"2d83deb87e77a9c3d4d77d4dfe5cbd46","sha1":"9aa7655db604d34dccf756cd77f88193d330446d","sha256":"d7d22ffe608f906d4c4041d6a09c86ba384a084328594280b3857a4f698af854"},"dob":{"date":"1961-04-23T09:28:15.171Z","age":62},"registered":{"date":"2008-12-15T06:41:45.943Z","age":15},"phone":"(621) 622 4734","cell":"(609) 284 8677","id":{"name":"NSS","value":"42 84 63 2520 8"},"picture":{"large":"https://randomuser.me/api/portraits/women/53.jpg","medium":"https://randomuser.me/api/portraits/med/women/53.jpg","thumbnail":"https://randomuser.me/api/portraits/thumb/women/53.jpg"},"nat":"MX"}],"info":{"seed":"95326bbd40c3c873","results":1,"page":1,"version":"1.4"}} 
 </msg>
<msg time="2024-03-24T02:23:21.792908" level="INFO">/opt/hostedtoolcache/Python/3.12.2/x64/lib/python3.12/site-packages/urllib3/connectionpool.py:1103: InsecureRequestWarning: Unverified HTTPS request is being made to host 'randomuser.me'. Adding certificate verification is strongly advised. See: https://urllib3.readthedocs.io/en/latest/advanced-usage.html#tls-warnings
  warnings.warn(</msg>
<msg time="2024-03-24T02:23:21.793015" level="INFO">${response} = &lt;Response [200]&gt;</msg>
<var>${response}</var>
<arg>consultarAPI</arg>
<arg>/api</arg>
<doc>Sends a GET request on a previously created HTTP Session.</doc>
<status status="PASS" start="2024-03-24T02:23:21.675450" elapsed="0.117605"/>
</kw>
<kw name="Set Variable" owner="BuiltIn">
<msg time="2024-03-24T02:23:21.793986" level="INFO">${json_data} = {'results': [{'gender': 'female', 'name': {'title': 'Miss', 'first': 'Trinidad', 'last': 'Saldivar'}, 'location': {'street': {'number': 9107, 'name': 'Andador Bangladesh'}, 'city': 'Cárdenas', 'state'...</msg>
<var>${json_data}</var>
<arg>${response.json()}</arg>
<doc>Returns the given values which can then be assigned to a variables.</doc>
<status status="PASS" start="2024-03-24T02:23:21.793496" elapsed="0.000519"/>
</kw>
<kw name="Set Variable" owner="BuiltIn">
<msg time="2024-03-24T02:23:21.794699" level="INFO">${name_title} = Miss</msg>
<var>${name_title}</var>
<arg>${json_data["results"][0]["name"]["title"]}</arg>
<doc>Returns the given values which can then be assigned to a variables.</doc>
<status status="PASS" start="2024-03-24T02:23:21.794317" elapsed="0.000407"/>
</kw>
<kw name="Create List" owner="BuiltIn">
<msg time="2024-03-24T02:23:21.795214" level="INFO">${allowed_titles} = ['Mr', 'Ms', 'Miss', 'Mrs', 'Madame', 'Monsieur']</msg>
<var>${allowed_titles}</var>
<arg>Mr</arg>
<arg>Ms</arg>
<arg>Miss</arg>
<arg>Mrs</arg>
<arg>Madame</arg>
<arg>Monsieur</arg>
<doc>Returns a list containing given items.</doc>
<status status="PASS" start="2024-03-24T02:23:21.795023" elapsed="0.000217"/>
</kw>
<kw name="List Should Contain Value" owner="Collections">
<msg time="2024-03-24T02:23:21.795737" level="INFO">False</msg>
<arg>${allowed_titles}</arg>
<arg>${name_title}</arg>
<doc>Fails if the ``value`` is not found from ``list``.</doc>
<status status="PASS" start="2024-03-24T02:23:21.795555" elapsed="0.000219"/>
</kw>
<kw name="Set Variable" owner="BuiltIn">
<msg time="2024-03-24T02:23:21.796445" level="INFO">${name_country} = MX</msg>
<var>${name_country}</var>
<arg>${json_data["results"][0]["nat"]}</arg>
<doc>Returns the given values which can then be assigned to a variables.</doc>
<status status="PASS" start="2024-03-24T02:23:21.796065" elapsed="0.000406"/>
</kw>
<kw name="Create List" owner="BuiltIn">
<msg time="2024-03-24T02:23:21.797382" level="INFO">${list_country} = ['AD', 'AE', 'AF', 'AG', 'AI', 'AL', 'AM', 'AO', 'AQ', 'AR', 'AS', 'AT', 'AU', 'AW', 'AX', 'AZ', 'BA', 'BB', 'BD', 'BE', 'BF', 'BG', 'BH', 'BI', 'BJ', 'BL', 'BM', 'BN', 'BO', 'BQ', 'BR', 'BS', 'BT', '...</msg>
<var>${list_country}</var>
<arg>AD</arg>
<arg>AE</arg>
<arg>AF</arg>
<arg>AG</arg>
<arg>AI</arg>
<arg>AL</arg>
<arg>AM</arg>
<arg>AO</arg>
<arg>AQ</arg>
<arg>AR</arg>
<arg>AS</arg>
<arg>AT</arg>
<arg>AU</arg>
<arg>AW</arg>
<arg>AX</arg>
<arg>AZ</arg>
<arg>BA</arg>
<arg>BB</arg>
<arg>BD</arg>
<arg>BE</arg>
<arg>BF</arg>
<arg>BG</arg>
<arg>BH</arg>
<arg>BI</arg>
<arg>BJ</arg>
<arg>BL</arg>
<arg>BM</arg>
<arg>BN</arg>
<arg>BO</arg>
<arg>BQ</arg>
<arg>BR</arg>
<arg>BS</arg>
<arg>BT</arg>
<arg>BV</arg>
<arg>BW</arg>
<arg>BY</arg>
<arg>BZ</arg>
<arg>CA</arg>
<arg>CC</arg>
<arg>CD</arg>
<arg>CF</arg>
<arg>CG</arg>
<arg>CH</arg>
<arg>CI</arg>
<arg>CK</arg>
<arg>CL</arg>
<arg>CM</arg>
<arg>CN</arg>
<arg>CO</arg>
<arg>CR</arg>
<arg>CU</arg>
<arg>CV</arg>
<arg>CW</arg>
<arg>CX</arg>
<arg>CY</arg>
<arg>CZ</arg>
<arg>DE</arg>
<arg>DJ</arg>
<arg>DK</arg>
<arg>DM</arg>
<arg>DO</arg>
<arg>DZ</arg>
<arg>EC</arg>
<arg>EE</arg>
<arg>EG</arg>
<arg>EH</arg>
<arg>ER</arg>
<arg>ES</arg>
<arg>ET</arg>
<arg>FI</arg>
<arg>FJ</arg>
<arg>FK</arg>
<arg>FM</arg>
<arg>FO</arg>
<arg>FR</arg>
<arg>GA</arg>
<arg>GB</arg>
<arg>GD</arg>
<arg>GE</arg>
<arg>GF</arg>
<arg>GG</arg>
<arg>GH</arg>
<arg>GI</arg>
<arg>GL</arg>
<arg>GM</arg>
<arg>GN</arg>
<arg>GP</arg>
<arg>GQ</arg>
<arg>GR</arg>
<arg>GS</arg>
<arg>GT</arg>
<arg>GU</arg>
<arg>GW</arg>
<arg>GY</arg>
<arg>HK</arg>
<arg>HM</arg>
<arg>HN</arg>
<arg>HR</arg>
<arg>HT</arg>
<arg>HU</arg>
<arg>ID</arg>
<arg>IE</arg>
<arg>IL</arg>
<arg>IM</arg>
<arg>IN</arg>
<arg>IO</arg>
<arg>IQ</arg>
<arg>IR</arg>
<arg>IS</arg>
<arg>IT</arg>
<arg>JE</arg>
<arg>JM</arg>
<arg>JO</arg>
<arg>JP</arg>
<arg>KE</arg>
<arg>KG</arg>
<arg>KH</arg>
<arg>KI</arg>
<arg>KM</arg>
<arg>KN</arg>
<arg>KP</arg>
<arg>KR</arg>
<arg>KW</arg>
<arg>KY</arg>
<arg>KZ</arg>
<arg>LA</arg>
<arg>LB</arg>
<arg>LC</arg>
<arg>LI</arg>
<arg>LK</arg>
<arg>LR</arg>
<arg>LS</arg>
<arg>LT</arg>
<arg>LU</arg>
<arg>LV</arg>
<arg>LY</arg>
<arg>MA</arg>
<arg>MC</arg>
<arg>MD</arg>
<arg>ME</arg>
<arg>MF</arg>
<arg>MG</arg>
<arg>MH</arg>
<arg>MK</arg>
<arg>ML</arg>
<arg>MM</arg>
<arg>MN</arg>
<arg>MO</arg>
<arg>MP</arg>
<arg>MQ</arg>
<arg>MR</arg>
<arg>MS</arg>
<arg>MT</arg>
<arg>MU</arg>
<arg>MV</arg>
<arg>MW</arg>
<arg>MX</arg>
<arg>MY</arg>
<arg>MZ</arg>
<arg>NA</arg>
<arg>NC</arg>
<arg>NE</arg>
<arg>NF</arg>
<arg>NG</arg>
<arg>NI</arg>
<arg>NL</arg>
<arg>NO</arg>
<arg>NP</arg>
<arg>NR</arg>
<arg>NU</arg>
<arg>NZ</arg>
<arg>OM</arg>
<arg>PA</arg>
<arg>PE</arg>
<arg>PF</arg>
<arg>PG</arg>
<arg>PH</arg>
<arg>PK</arg>
<arg>PL</arg>
<arg>PM</arg>
<arg>PN</arg>
<arg>PR</arg>
<arg>PS</arg>
<arg>PT</arg>
<arg>PW</arg>
<arg>PY</arg>
<arg>QA</arg>
<arg>RE</arg>
<arg>RO</arg>
<arg>RS</arg>
<arg>RU</arg>
<arg>RW</arg>
<arg>SA</arg>
<arg>SB</arg>
<arg>SC</arg>
<arg>SD</arg>
<arg>SE</arg>
<arg>SG</arg>
<arg>SH</arg>
<arg>SI</arg>
<arg>SJ</arg>
<arg>SK</arg>
<arg>SL</arg>
<arg>SM</arg>
<arg>SN</arg>
<arg>SO</arg>
<arg>SR</arg>
<arg>SS</arg>
<arg>ST</arg>
<arg>SV</arg>
<arg>SX</arg>
<arg>SY</arg>
<arg>SZ</arg>
<arg>TC</arg>
<arg>TD</arg>
<arg>TF</arg>
<arg>TG</arg>
<arg>TH</arg>
<arg>TJ</arg>
<arg>TK</arg>
<arg>TL</arg>
<arg>TM</arg>
<arg>TN</arg>
<arg>TO</arg>
<arg>TR</arg>
<arg>TT</arg>
<arg>TV</arg>
<arg>TW</arg>
<arg>TZ</arg>
<arg>UA</arg>
<arg>UG</arg>
<arg>UM</arg>
<arg>US</arg>
<arg>UY</arg>
<arg>UZ</arg>
<arg>VA</arg>
<arg>VC</arg>
<arg>VE</arg>
<arg>VG</arg>
<arg>VI</arg>
<arg>VN</arg>
<arg>VU</arg>
<arg>WF</arg>
<arg>WS</arg>
<arg>XK</arg>
<arg>YE</arg>
<arg>YT</arg>
<arg>ZA</arg>
<arg>ZM</arg>
<arg>ZW</arg>
<doc>Returns a list containing given items.</doc>
<status status="PASS" start="2024-03-24T02:23:21.796779" elapsed="0.000628"/>
</kw>
<kw name="List Should Contain Value" owner="Collections">
<msg time="2024-03-24T02:23:21.798540" level="INFO">False</msg>
<arg>${list_country}</arg>
<arg>${name_country}</arg>
<doc>Fails if the ``value`` is not found from ``list``.</doc>
<status status="PASS" start="2024-03-24T02:23:21.798320" elapsed="0.000257"/>
</kw>
<kw name="Run Keyword If" owner="BuiltIn">
<kw name="Should Be True" owner="BuiltIn">
<arg>${True}</arg>
<doc>Fails if the given condition is not true.</doc>
<status status="PASS" start="2024-03-24T02:23:21.799690" elapsed="0.000150"/>
</kw>
<arg>${json_data["results"][0]["location"]["coordinates"]["latitude"]} &gt;= -90 and ${json_data["results"][0]["location"]["coordinates"]["latitude"]} &lt;= 90</arg>
<arg>Should Be True</arg>
<arg>${True}</arg>
<doc>Runs the given keyword with the given arguments, if ``condition`` is true.</doc>
<status status="PASS" start="2024-03-24T02:23:21.798890" elapsed="0.001080"/>
</kw>
<kw name="Run Keyword If" owner="BuiltIn">
<kw name="Should Be True" owner="BuiltIn">
<arg>${True}</arg>
<doc>Fails if the given condition is not true.</doc>
<status status="PASS" start="2024-03-24T02:23:21.800858" elapsed="0.000141"/>
</kw>
<arg>${json_data["results"][0]["location"]["coordinates"]["longitude"]} &gt;= -180 and ${json_data["results"][0]["location"]["coordinates"]["longitude"]} &lt;= 180</arg>
<arg>Should Be True</arg>
<arg>${True}</arg>
<doc>Runs the given keyword with the given arguments, if ``condition`` is true.</doc>
<status status="PASS" start="2024-03-24T02:23:21.800157" elapsed="0.000967"/>
</kw>
<status status="PASS" start="2024-03-24T02:23:21.675041" elapsed="0.126216"/>
</kw>
<doc>Testa o conteúdo específico dos campos retornados pela API.</doc>
<tag>testeConteudo</tag>
<status status="PASS" start="2024-03-24T02:23:21.674282" elapsed="0.127125"/>
</test>
<status status="PASS" start="2024-03-24T02:23:20.958989" elapsed="0.844351"/>
</suite>
<status status="PASS" start="2024-03-24T02:23:20.945267" elapsed="0.863406"/>
</suite>
<statistics>
<total>
<stat pass="5" fail="0" skip="0">All Tests</stat>
</total>
<tag>
<stat pass="1" fail="0" skip="0">testeConteudo</stat>
<stat pass="1" fail="0" skip="0">testeEstruturaResposta</stat>
<stat pass="1" fail="0" skip="0">testeRequisicaoBasica</stat>
<stat pass="1" fail="0" skip="0">testeTiposDados</stat>
</tag>
<suite>
<stat pass="5" fail="0" skip="0" id="s1" name="Tests">Tests</stat>
<stat pass="5" fail="0" skip="0" id="s1-s1" name="Random-User-Test">Tests.Random-User-Test</stat>
</suite>
</statistics>
<errors>
</errors>
</robot>
