<?xml version="1.0" encoding="UTF-8"?>
<robot generator="Robot 7.0 (Python 3.12.3 on linux)" generated="2024-04-29T11:13:17.509833" rpa="false" schemaversion="5">
<suite id="s1" name="Tests" source="/home/runner/work/DesafioQAItauRogerioJordao/DesafioQAItauRogerioJordao/RamdonUser/tests">
<suite id="s1-s1" name="Random-User-Test" source="/home/runner/work/DesafioQAItauRogerioJordao/DesafioQAItauRogerioJordao/RamdonUser/tests/random-user-test.robot">
<test id="s1-s1-t1" name="Conectar" line="13">
<kw name="Conectar API" owner="random-user-service">
<kw name="Create Session" owner="RequestsLibrary">
<msg time="2024-04-29T11:13:17.893567" level="INFO">Creating Session using : alias=consultarAPI, url=https://randomuser.me/, headers={},                     cookies={}, auth=None, timeout=None, proxies=None, verify=False,                     debug=0 </msg>
<arg>consultarAPI</arg>
<arg>${URL}</arg>
<doc>Create Session: create a HTTP session to a server</doc>
<status status="PASS" start="2024-04-29T11:13:17.893358" elapsed="0.000398"/>
</kw>
<status status="PASS" start="2024-04-29T11:13:17.892320" elapsed="0.001802"/>
</kw>
<status status="PASS" start="2024-04-29T11:13:17.891690" elapsed="0.002625"/>
</test>
<test id="s1-s1-t2" name="Validar retorno 200 e JSON Válido" line="16">
<kw name="Teste de Requisicao Basica" owner="random-user-service">
<kw name="GET On Session" owner="RequestsLibrary">
<msg time="2024-04-29T11:13:18.143326" level="INFO">GET Request : url=https://randomuser.me/api 
 path_url=/api 
 headers={'User-Agent': 'python-requests/2.31.0', 'Accept-Encoding': 'gzip, deflate', 'Accept': '*/*', 'Connection': 'keep-alive'} 
 body=None 
 </msg>
<msg time="2024-04-29T11:13:18.143476" level="INFO">GET Response : url=https://randomuser.me/api 
 status=200, reason=OK 
 headers={'Date': 'Mon, 29 Apr 2024 11:13:18 GMT', 'Content-Type': 'application/json; charset=utf-8', 'Transfer-Encoding': 'chunked', 'Connection': 'keep-alive', 'X-Powered-By': 'Express', 'Access-Control-Allow-Origin': '*', 'Cache-Control': 'no-cache', 'ETag': 'W/"490-LR3g3qHjxWzwMsVyy5DBHHkNWW4"', 'Vary': 'Accept-Encoding', 'Content-Encoding': 'gzip', 'CF-Cache-Status': 'DYNAMIC', 'Report-To': '{"endpoints":[{"url":"https:\\/\\/a.nel.cloudflare.com\\/report\\/v4?s=iIZmnbJYQT3UHuNFEEiW1rxOz%2BlnjFrA%2FN4i%2BvFJMqzdwZjTpRg15TH6sGFRY25I15R4Yrwjs5u7BIvgfzUiTHqW2ecBr7vVlg91tZmHZ4zpsybDmznkfWExJvMkZXp1"}],"group":"cf-nel","max_age":604800}', 'NEL': '{"success_fraction":0,"report_to":"cf-nel","max_age":604800}', 'Server': 'cloudflare', 'CF-RAY': '87bedca82c643937-IAD', 'alt-svc': 'h3=":443"; ma=86400'} 
 body={"results":[{"gender":"male","name":{"title":"Mr","first":"Çetin","last":"Barbarosoğlu"},"location":{"street":{"number":7687,"name":"Doktorlar Cd"},"city":"Aksaray","state":"Ağrı","country":"Turkey","postcode":66406,"coordinates":{"latitude":"72.3678","longitude":"-64.9032"},"timezone":{"offset":"-5:00","description":"Eastern Time (US &amp; Canada), Bogota, Lima"}},"email":"cetin.barbarosoglu@example.com","login":{"uuid":"334c2d0a-825a-4f92-8f3e-4e4e2082597a","username":"bluewolf343","password":"zzzzzzzz","salt":"IitO8KjF","md5":"3cfd25bb30042ad66fe6e12598d79421","sha1":"3df2e7fd6847f433fd2e654284a608b948fec8d5","sha256":"2f3763e1dde655f8a1369a3b8e65be38b55e75d2f28d7797d304094fa57bc757"},"dob":{"date":"1994-11-18T10:09:31.469Z","age":29},"registered":{"date":"2007-09-26T08:35:48.358Z","age":16},"phone":"(105)-136-4661","cell":"(620)-954-0006","id":{"name":"","value":null},"picture":{"large":"https://randomuser.me/api/portraits/men/90.jpg","medium":"https://randomuser.me/api/portraits/med/men/90.jpg","thumbnail":"https://randomuser.me/api/portraits/thumb/men/90.jpg"},"nat":"TR"}],"info":{"seed":"dbad55bebe772f4e","results":1,"page":1,"version":"1.4"}} 
 </msg>
<msg time="2024-04-29T11:13:18.143562" level="INFO">/opt/hostedtoolcache/Python/3.12.3/x64/lib/python3.12/site-packages/urllib3/connectionpool.py:1103: InsecureRequestWarning: Unverified HTTPS request is being made to host 'randomuser.me'. Adding certificate verification is strongly advised. See: https://urllib3.readthedocs.io/en/latest/advanced-usage.html#tls-warnings
  warnings.warn(</msg>
<msg time="2024-04-29T11:13:18.143702" level="INFO">${response} = &lt;Response [200]&gt;</msg>
<var>${response}</var>
<arg>consultarAPI</arg>
<arg>/api</arg>
<doc>Sends a GET request on a previously created HTTP Session.</doc>
<status status="PASS" start="2024-04-29T11:13:17.897019" elapsed="0.246727"/>
</kw>
<kw name="Should Be Equal As Numbers" owner="BuiltIn">
<msg time="2024-04-29T11:13:18.144802" level="INFO">Argument types are:
&lt;class 'int'&gt;
&lt;class 'str'&gt;</msg>
<arg>${response.status_code}</arg>
<arg>200</arg>
<doc>Fails if objects are unequal after converting them to real numbers.</doc>
<status status="PASS" start="2024-04-29T11:13:18.144293" elapsed="0.000582"/>
</kw>
<kw name="Log" owner="BuiltIn">
<msg time="2024-04-29T11:13:18.145586" level="INFO">200</msg>
<arg>${response.status_code}</arg>
<doc>Logs the given message with the given level.</doc>
<status status="PASS" start="2024-04-29T11:13:18.145230" elapsed="0.000398"/>
</kw>
<kw name="Set Variable" owner="BuiltIn">
<msg time="2024-04-29T11:13:18.146381" level="INFO">${json_data} = {'results': [{'gender': 'male', 'name': {'title': 'Mr', 'first': 'Çetin', 'last': 'Barbarosoğlu'}, 'location': {'street': {'number': 7687, 'name': 'Doktorlar Cd'}, 'city': 'Aksaray', 'state': 'Ağrı', ...</msg>
<var>${json_data}</var>
<arg>${response.json()}</arg>
<doc>Returns the given values which can then be assigned to a variables.</doc>
<status status="PASS" start="2024-04-29T11:13:18.145933" elapsed="0.000478"/>
</kw>
<kw name="Dictionary Should Contain Key" owner="Collections">
<msg time="2024-04-29T11:13:18.146882" level="INFO">False</msg>
<arg>${json_data}</arg>
<arg>results</arg>
<doc>Fails if ``key`` is not found from ``dictionary``.</doc>
<status status="PASS" start="2024-04-29T11:13:18.146712" elapsed="0.000215"/>
</kw>
<status status="PASS" start="2024-04-29T11:13:17.896724" elapsed="0.250460"/>
</kw>
<doc>Testa se a API responde corretamente e retorna um objeto JSON válido.</doc>
<tag>testeRequisicaoBasica</tag>
<status status="PASS" start="2024-04-29T11:13:17.896188" elapsed="0.251180"/>
</test>
<test id="s1-s1-t3" name="Validar estrutura de resposta" line="22">
<kw name="Teste de Estrutura de Resposta" owner="random-user-service">
<kw name="GET On Session" owner="RequestsLibrary">
<msg time="2024-04-29T11:13:18.240608" level="INFO">GET Request : url=https://randomuser.me/api 
 path_url=/api 
 headers={'User-Agent': 'python-requests/2.31.0', 'Accept-Encoding': 'gzip, deflate', 'Accept': '*/*', 'Connection': 'keep-alive'} 
 body=None 
 </msg>
<msg time="2024-04-29T11:13:18.240752" level="INFO">GET Response : url=https://randomuser.me/api 
 status=200, reason=OK 
 headers={'Date': 'Mon, 29 Apr 2024 11:13:18 GMT', 'Content-Type': 'application/json; charset=utf-8', 'Transfer-Encoding': 'chunked', 'Connection': 'keep-alive', 'X-Powered-By': 'Express', 'Access-Control-Allow-Origin': '*', 'Cache-Control': 'no-cache', 'ETag': 'W/"4a5-rvTpF7cfkmQlOIh9SrL1z7ZbF04"', 'Vary': 'Accept-Encoding', 'Content-Encoding': 'gzip', 'CF-Cache-Status': 'DYNAMIC', 'Report-To': '{"endpoints":[{"url":"https:\\/\\/a.nel.cloudflare.com\\/report\\/v4?s=NBaW4V7IERk2CF1AhksAuGTobYEw5hO7noUXgjrLRUGaCC3Belcm0UDK%2FSKuO%2F%2FkdVaThqJDN3CoqSUO4kxmeN60UwPwIDdr0WpbInyAKAA1ykhHfCy%2BHe0OY9YO%2FY7Y"}],"group":"cf-nel","max_age":604800}', 'NEL': '{"success_fraction":0,"report_to":"cf-nel","max_age":604800}', 'Server': 'cloudflare', 'CF-RAY': '87bedca87ca83937-IAD', 'alt-svc': 'h3=":443"; ma=86400'} 
 body={"results":[{"gender":"female","name":{"title":"Ms","first":"Sophie","last":"Gonzalez"},"location":{"street":{"number":8486,"name":"Railroad St"},"city":"Roseburg","state":"Arkansas","country":"United States","postcode":19710,"coordinates":{"latitude":"83.2861","longitude":"105.1065"},"timezone":{"offset":"-6:00","description":"Central Time (US &amp; Canada), Mexico City"}},"email":"sophie.gonzalez@example.com","login":{"uuid":"d5d3dac1-135f-4be8-b025-7a2a956ce14c","username":"greenkoala703","password":"beautifu","salt":"pw8T6GUb","md5":"be9ed81bc3db327441f3bf0b3b6b8731","sha1":"76a840b692cc2d67b811af29328a40cee2eb7e4f","sha256":"3854a24bed2b6d1c27b8dee0fc6947d45466f613e410478c1772d4708b786b9a"},"dob":{"date":"1952-09-05T05:28:56.256Z","age":71},"registered":{"date":"2015-03-07T03:36:04.652Z","age":9},"phone":"(447) 902-8939","cell":"(590) 707-7320","id":{"name":"SSN","value":"202-53-2668"},"picture":{"large":"https://randomuser.me/api/portraits/women/55.jpg","medium":"https://randomuser.me/api/portraits/med/women/55.jpg","thumbnail":"https://randomuser.me/api/portraits/thumb/women/55.jpg"},"nat":"US"}],"info":{"seed":"7cfac5ea18698b94","results":1,"page":1,"version":"1.4"}} 
 </msg>
<msg time="2024-04-29T11:13:18.240986" level="INFO">/opt/hostedtoolcache/Python/3.12.3/x64/lib/python3.12/site-packages/urllib3/connectionpool.py:1103: InsecureRequestWarning: Unverified HTTPS request is being made to host 'randomuser.me'. Adding certificate verification is strongly advised. See: https://urllib3.readthedocs.io/en/latest/advanced-usage.html#tls-warnings
  warnings.warn(</msg>
<msg time="2024-04-29T11:13:18.241173" level="INFO">${response} = &lt;Response [200]&gt;</msg>
<var>${response}</var>
<arg>consultarAPI</arg>
<arg>/api</arg>
<doc>Sends a GET request on a previously created HTTP Session.</doc>
<status status="PASS" start="2024-04-29T11:13:18.150110" elapsed="0.091112"/>
</kw>
<kw name="Set Variable" owner="BuiltIn">
<msg time="2024-04-29T11:13:18.242681" level="INFO">${json_data} = {'results': [{'gender': 'female', 'name': {'title': 'Ms', 'first': 'Sophie', 'last': 'Gonzalez'}, 'location': {'street': {'number': 8486, 'name': 'Railroad St'}, 'city': 'Roseburg', 'state': 'Arkansas...</msg>
<var>${json_data}</var>
<arg>${response.json()}</arg>
<doc>Returns the given values which can then be assigned to a variables.</doc>
<status status="PASS" start="2024-04-29T11:13:18.241919" elapsed="0.000813"/>
</kw>
<kw name="Log" owner="BuiltIn">
<msg time="2024-04-29T11:13:18.243440" level="INFO">{'results': [{'gender': 'female', 'name': {'title': 'Ms', 'first': 'Sophie', 'last': 'Gonzalez'}, 'location': {'street': {'number': 8486, 'name': 'Railroad St'}, 'city': 'Roseburg', 'state': 'Arkansas', 'country': 'United States', 'postcode': 19710, 'coordinates': {'latitude': '83.2861', 'longitude': '105.1065'}, 'timezone': {'offset': '-6:00', 'description': 'Central Time (US &amp; Canada), Mexico City'}}, 'email': 'sophie.gonzalez@example.com', 'login': {'uuid': 'd5d3dac1-135f-4be8-b025-7a2a956ce14c', 'username': 'greenkoala703', 'password': 'beautifu', 'salt': 'pw8T6GUb', 'md5': 'be9ed81bc3db327441f3bf0b3b6b8731', 'sha1': '76a840b692cc2d67b811af29328a40cee2eb7e4f', 'sha256': '3854a24bed2b6d1c27b8dee0fc6947d45466f613e410478c1772d4708b786b9a'}, 'dob': {'date': '1952-09-05T05:28:56.256Z', 'age': 71}, 'registered': {'date': '2015-03-07T03:36:04.652Z', 'age': 9}, 'phone': '(447) 902-8939', 'cell': '(590) 707-7320', 'id': {'name': 'SSN', 'value': '202-53-2668'}, 'picture': {'large': 'https://randomuser.me/api/portraits/women/55.jpg', 'medium': 'https://randomuser.me/api/portraits/med/women/55.jpg', 'thumbnail': 'https://randomuser.me/api/portraits/thumb/women/55.jpg'}, 'nat': 'US'}], 'info': {'seed': '7cfac5ea18698b94', 'results': 1, 'page': 1, 'version': '1.4'}}</msg>
<arg>${json_data}</arg>
<doc>Logs the given message with the given level.</doc>
<status status="PASS" start="2024-04-29T11:13:18.243207" elapsed="0.000314"/>
</kw>
<kw name="Dictionary Should Contain Key" owner="Collections">
<msg time="2024-04-29T11:13:18.244232" level="INFO">False</msg>
<arg>${json_data}</arg>
<arg>results</arg>
<doc>Fails if ``key`` is not found from ``dictionary``.</doc>
<status status="PASS" start="2024-04-29T11:13:18.243986" elapsed="0.000304"/>
</kw>
<kw name="Should Not Be Empty" owner="BuiltIn">
<msg time="2024-04-29T11:13:18.245010" level="INFO">Length is 2.</msg>
<arg>${json_data}</arg>
<doc>Verifies that the given item is not empty.</doc>
<status status="PASS" start="2024-04-29T11:13:18.244750" elapsed="0.000539"/>
</kw>
<kw name="Create List" owner="BuiltIn">
<msg time="2024-04-29T11:13:18.245961" level="INFO">${expected_keys} = ['gender', 'name', 'location', 'email', 'login']</msg>
<var>${expected_keys}</var>
<arg>gender</arg>
<arg>name</arg>
<arg>location</arg>
<arg>email</arg>
<arg>login</arg>
<doc>Returns a list containing given items.</doc>
<status status="PASS" start="2024-04-29T11:13:18.245756" elapsed="0.000233"/>
</kw>
<for flavor="IN">
<iter>
<kw name="Dictionary Should Contain Key" owner="Collections">
<msg time="2024-04-29T11:13:18.247056" level="INFO">False</msg>
<arg>${json_data['results'][0]}</arg>
<arg>${key}</arg>
<doc>Fails if ``key`` is not found from ``dictionary``.</doc>
<status status="PASS" start="2024-04-29T11:13:18.246652" elapsed="0.000443"/>
</kw>
<kw name="Log" owner="BuiltIn">
<msg time="2024-04-29T11:13:18.247775" level="INFO">{'gender': 'female', 'name': {'title': 'Ms', 'first': 'Sophie', 'last': 'Gonzalez'}, 'location': {'street': {'number': 8486, 'name': 'Railroad St'}, 'city': 'Roseburg', 'state': 'Arkansas', 'country': 'United States', 'postcode': 19710, 'coordinates': {'latitude': '83.2861', 'longitude': '105.1065'}, 'timezone': {'offset': '-6:00', 'description': 'Central Time (US &amp; Canada), Mexico City'}}, 'email': 'sophie.gonzalez@example.com', 'login': {'uuid': 'd5d3dac1-135f-4be8-b025-7a2a956ce14c', 'username': 'greenkoala703', 'password': 'beautifu', 'salt': 'pw8T6GUb', 'md5': 'be9ed81bc3db327441f3bf0b3b6b8731', 'sha1': '76a840b692cc2d67b811af29328a40cee2eb7e4f', 'sha256': '3854a24bed2b6d1c27b8dee0fc6947d45466f613e410478c1772d4708b786b9a'}, 'dob': {'date': '1952-09-05T05:28:56.256Z', 'age': 71}, 'registered': {'date': '2015-03-07T03:36:04.652Z', 'age': 9}, 'phone': '(447) 902-8939', 'cell': '(590) 707-7320', 'id': {'name': 'SSN', 'value': '202-53-2668'}, 'picture': {'large': 'https://randomuser.me/api/portraits/women/55.jpg', 'medium': 'https://randomuser.me/api/portraits/med/women/55.jpg', 'thumbnail': 'https://randomuser.me/api/portraits/thumb/women/55.jpg'}, 'nat': 'US'}</msg>
<arg>${json_data['results'][0]}</arg>
<doc>Logs the given message with the given level.</doc>
<status status="PASS" start="2024-04-29T11:13:18.247406" elapsed="0.000421"/>
</kw>
<kw name="Log" owner="BuiltIn">
<msg time="2024-04-29T11:13:18.248252" level="INFO">gender</msg>
<arg>${key}</arg>
<doc>Logs the given message with the given level.</doc>
<status status="PASS" start="2024-04-29T11:13:18.248123" elapsed="0.000177"/>
</kw>
<var name="${key}">gender</var>
<status status="PASS" start="2024-04-29T11:13:18.246522" elapsed="0.001992"/>
</iter>
<iter>
<kw name="Dictionary Should Contain Key" owner="Collections">
<msg time="2024-04-29T11:13:18.249248" level="INFO">False</msg>
<arg>${json_data['results'][0]}</arg>
<arg>${key}</arg>
<doc>Fails if ``key`` is not found from ``dictionary``.</doc>
<status status="PASS" start="2024-04-29T11:13:18.248854" elapsed="0.000463"/>
</kw>
<kw name="Log" owner="BuiltIn">
<msg time="2024-04-29T11:13:18.249970" level="INFO">{'gender': 'female', 'name': {'title': 'Ms', 'first': 'Sophie', 'last': 'Gonzalez'}, 'location': {'street': {'number': 8486, 'name': 'Railroad St'}, 'city': 'Roseburg', 'state': 'Arkansas', 'country': 'United States', 'postcode': 19710, 'coordinates': {'latitude': '83.2861', 'longitude': '105.1065'}, 'timezone': {'offset': '-6:00', 'description': 'Central Time (US &amp; Canada), Mexico City'}}, 'email': 'sophie.gonzalez@example.com', 'login': {'uuid': 'd5d3dac1-135f-4be8-b025-7a2a956ce14c', 'username': 'greenkoala703', 'password': 'beautifu', 'salt': 'pw8T6GUb', 'md5': 'be9ed81bc3db327441f3bf0b3b6b8731', 'sha1': '76a840b692cc2d67b811af29328a40cee2eb7e4f', 'sha256': '3854a24bed2b6d1c27b8dee0fc6947d45466f613e410478c1772d4708b786b9a'}, 'dob': {'date': '1952-09-05T05:28:56.256Z', 'age': 71}, 'registered': {'date': '2015-03-07T03:36:04.652Z', 'age': 9}, 'phone': '(447) 902-8939', 'cell': '(590) 707-7320', 'id': {'name': 'SSN', 'value': '202-53-2668'}, 'picture': {'large': 'https://randomuser.me/api/portraits/women/55.jpg', 'medium': 'https://randomuser.me/api/portraits/med/women/55.jpg', 'thumbnail': 'https://randomuser.me/api/portraits/thumb/women/55.jpg'}, 'nat': 'US'}</msg>
<arg>${json_data['results'][0]}</arg>
<doc>Logs the given message with the given level.</doc>
<status status="PASS" start="2024-04-29T11:13:18.249615" elapsed="0.000403"/>
</kw>
<kw name="Log" owner="BuiltIn">
<msg time="2024-04-29T11:13:18.250434" level="INFO">name</msg>
<arg>${key}</arg>
<doc>Logs the given message with the given level.</doc>
<status status="PASS" start="2024-04-29T11:13:18.250309" elapsed="0.000161"/>
</kw>
<var name="${key}">name</var>
<status status="PASS" start="2024-04-29T11:13:18.248710" elapsed="0.001971"/>
</iter>
<iter>
<kw name="Dictionary Should Contain Key" owner="Collections">
<msg time="2024-04-29T11:13:18.251343" level="INFO">False</msg>
<arg>${json_data['results'][0]}</arg>
<arg>${key}</arg>
<doc>Fails if ``key`` is not found from ``dictionary``.</doc>
<status status="PASS" start="2024-04-29T11:13:18.250967" elapsed="0.000413"/>
</kw>
<kw name="Log" owner="BuiltIn">
<msg time="2024-04-29T11:13:18.252045" level="INFO">{'gender': 'female', 'name': {'title': 'Ms', 'first': 'Sophie', 'last': 'Gonzalez'}, 'location': {'street': {'number': 8486, 'name': 'Railroad St'}, 'city': 'Roseburg', 'state': 'Arkansas', 'country': 'United States', 'postcode': 19710, 'coordinates': {'latitude': '83.2861', 'longitude': '105.1065'}, 'timezone': {'offset': '-6:00', 'description': 'Central Time (US &amp; Canada), Mexico City'}}, 'email': 'sophie.gonzalez@example.com', 'login': {'uuid': 'd5d3dac1-135f-4be8-b025-7a2a956ce14c', 'username': 'greenkoala703', 'password': 'beautifu', 'salt': 'pw8T6GUb', 'md5': 'be9ed81bc3db327441f3bf0b3b6b8731', 'sha1': '76a840b692cc2d67b811af29328a40cee2eb7e4f', 'sha256': '3854a24bed2b6d1c27b8dee0fc6947d45466f613e410478c1772d4708b786b9a'}, 'dob': {'date': '1952-09-05T05:28:56.256Z', 'age': 71}, 'registered': {'date': '2015-03-07T03:36:04.652Z', 'age': 9}, 'phone': '(447) 902-8939', 'cell': '(590) 707-7320', 'id': {'name': 'SSN', 'value': '202-53-2668'}, 'picture': {'large': 'https://randomuser.me/api/portraits/women/55.jpg', 'medium': 'https://randomuser.me/api/portraits/med/women/55.jpg', 'thumbnail': 'https://randomuser.me/api/portraits/thumb/women/55.jpg'}, 'nat': 'US'}</msg>
<arg>${json_data['results'][0]}</arg>
<doc>Logs the given message with the given level.</doc>
<status status="PASS" start="2024-04-29T11:13:18.251684" elapsed="0.000408"/>
</kw>
<kw name="Log" owner="BuiltIn">
<msg time="2024-04-29T11:13:18.252506" level="INFO">location</msg>
<arg>${key}</arg>
<doc>Logs the given message with the given level.</doc>
<status status="PASS" start="2024-04-29T11:13:18.252384" elapsed="0.000160"/>
</kw>
<var name="${key}">location</var>
<status status="PASS" start="2024-04-29T11:13:18.250856" elapsed="0.001896"/>
</iter>
<iter>
<kw name="Dictionary Should Contain Key" owner="Collections">
<msg time="2024-04-29T11:13:18.253450" level="INFO">False</msg>
<arg>${json_data['results'][0]}</arg>
<arg>${key}</arg>
<doc>Fails if ``key`` is not found from ``dictionary``.</doc>
<status status="PASS" start="2024-04-29T11:13:18.253069" elapsed="0.000418"/>
</kw>
<kw name="Log" owner="BuiltIn">
<msg time="2024-04-29T11:13:18.254135" level="INFO">{'gender': 'female', 'name': {'title': 'Ms', 'first': 'Sophie', 'last': 'Gonzalez'}, 'location': {'street': {'number': 8486, 'name': 'Railroad St'}, 'city': 'Roseburg', 'state': 'Arkansas', 'country': 'United States', 'postcode': 19710, 'coordinates': {'latitude': '83.2861', 'longitude': '105.1065'}, 'timezone': {'offset': '-6:00', 'description': 'Central Time (US &amp; Canada), Mexico City'}}, 'email': 'sophie.gonzalez@example.com', 'login': {'uuid': 'd5d3dac1-135f-4be8-b025-7a2a956ce14c', 'username': 'greenkoala703', 'password': 'beautifu', 'salt': 'pw8T6GUb', 'md5': 'be9ed81bc3db327441f3bf0b3b6b8731', 'sha1': '76a840b692cc2d67b811af29328a40cee2eb7e4f', 'sha256': '3854a24bed2b6d1c27b8dee0fc6947d45466f613e410478c1772d4708b786b9a'}, 'dob': {'date': '1952-09-05T05:28:56.256Z', 'age': 71}, 'registered': {'date': '2015-03-07T03:36:04.652Z', 'age': 9}, 'phone': '(447) 902-8939', 'cell': '(590) 707-7320', 'id': {'name': 'SSN', 'value': '202-53-2668'}, 'picture': {'large': 'https://randomuser.me/api/portraits/women/55.jpg', 'medium': 'https://randomuser.me/api/portraits/med/women/55.jpg', 'thumbnail': 'https://randomuser.me/api/portraits/thumb/women/55.jpg'}, 'nat': 'US'}</msg>
<arg>${json_data['results'][0]}</arg>
<doc>Logs the given message with the given level.</doc>
<status status="PASS" start="2024-04-29T11:13:18.253780" elapsed="0.000403"/>
</kw>
<kw name="Log" owner="BuiltIn">
<msg time="2024-04-29T11:13:18.254592" level="INFO">email</msg>
<arg>${key}</arg>
<doc>Logs the given message with the given level.</doc>
<status status="PASS" start="2024-04-29T11:13:18.254468" elapsed="0.000161"/>
</kw>
<var name="${key}">email</var>
<status status="PASS" start="2024-04-29T11:13:18.252958" elapsed="0.001877"/>
</iter>
<iter>
<kw name="Dictionary Should Contain Key" owner="Collections">
<msg time="2024-04-29T11:13:18.255492" level="INFO">False</msg>
<arg>${json_data['results'][0]}</arg>
<arg>${key}</arg>
<doc>Fails if ``key`` is not found from ``dictionary``.</doc>
<status status="PASS" start="2024-04-29T11:13:18.255113" elapsed="0.000415"/>
</kw>
<kw name="Log" owner="BuiltIn">
<msg time="2024-04-29T11:13:18.256177" level="INFO">{'gender': 'female', 'name': {'title': 'Ms', 'first': 'Sophie', 'last': 'Gonzalez'}, 'location': {'street': {'number': 8486, 'name': 'Railroad St'}, 'city': 'Roseburg', 'state': 'Arkansas', 'country': 'United States', 'postcode': 19710, 'coordinates': {'latitude': '83.2861', 'longitude': '105.1065'}, 'timezone': {'offset': '-6:00', 'description': 'Central Time (US &amp; Canada), Mexico City'}}, 'email': 'sophie.gonzalez@example.com', 'login': {'uuid': 'd5d3dac1-135f-4be8-b025-7a2a956ce14c', 'username': 'greenkoala703', 'password': 'beautifu', 'salt': 'pw8T6GUb', 'md5': 'be9ed81bc3db327441f3bf0b3b6b8731', 'sha1': '76a840b692cc2d67b811af29328a40cee2eb7e4f', 'sha256': '3854a24bed2b6d1c27b8dee0fc6947d45466f613e410478c1772d4708b786b9a'}, 'dob': {'date': '1952-09-05T05:28:56.256Z', 'age': 71}, 'registered': {'date': '2015-03-07T03:36:04.652Z', 'age': 9}, 'phone': '(447) 902-8939', 'cell': '(590) 707-7320', 'id': {'name': 'SSN', 'value': '202-53-2668'}, 'picture': {'large': 'https://randomuser.me/api/portraits/women/55.jpg', 'medium': 'https://randomuser.me/api/portraits/med/women/55.jpg', 'thumbnail': 'https://randomuser.me/api/portraits/thumb/women/55.jpg'}, 'nat': 'US'}</msg>
<arg>${json_data['results'][0]}</arg>
<doc>Logs the given message with the given level.</doc>
<status status="PASS" start="2024-04-29T11:13:18.255813" elapsed="0.000411"/>
</kw>
<kw name="Log" owner="BuiltIn">
<msg time="2024-04-29T11:13:18.256637" level="INFO">login</msg>
<arg>${key}</arg>
<doc>Logs the given message with the given level.</doc>
<status status="PASS" start="2024-04-29T11:13:18.256513" elapsed="0.000193"/>
</kw>
<var name="${key}">login</var>
<status status="PASS" start="2024-04-29T11:13:18.255004" elapsed="0.001957"/>
</iter>
<var>${key}</var>
<value>@{expected_keys}</value>
<status status="PASS" start="2024-04-29T11:13:18.246307" elapsed="0.010774"/>
</for>
<kw name="Create List" owner="BuiltIn">
<msg time="2024-04-29T11:13:18.257408" level="INFO">${expected_keysTwo} = ['username', 'password']</msg>
<var>${expected_keysTwo}</var>
<arg>username</arg>
<arg>password</arg>
<doc>Returns a list containing given items.</doc>
<status status="PASS" start="2024-04-29T11:13:18.257271" elapsed="0.000160"/>
</kw>
<for flavor="IN">
<iter>
<kw name="Dictionary Should Contain Key" owner="Collections">
<msg time="2024-04-29T11:13:18.258306" level="INFO">False</msg>
<arg>${json_data['results'][0]['login']}</arg>
<arg>${keyTwo}</arg>
<doc>Fails if ``key`` is not found from ``dictionary``.</doc>
<status status="PASS" start="2024-04-29T11:13:18.257919" elapsed="0.000424"/>
</kw>
<kw name="Dictionary Should Contain Key" owner="Collections">
<msg time="2024-04-29T11:13:18.259011" level="INFO">False</msg>
<arg>${json_data['results'][0]['login']}</arg>
<arg>${keyTwo}</arg>
<doc>Fails if ``key`` is not found from ``dictionary``.</doc>
<status status="PASS" start="2024-04-29T11:13:18.258629" elapsed="0.000418"/>
</kw>
<kw name="Log" owner="BuiltIn">
<msg time="2024-04-29T11:13:18.259455" level="INFO">username</msg>
<arg>${keyTwo}</arg>
<doc>Logs the given message with the given level.</doc>
<status status="PASS" start="2024-04-29T11:13:18.259332" elapsed="0.000164"/>
</kw>
<var name="${keyTwo}">username</var>
<status status="PASS" start="2024-04-29T11:13:18.257811" elapsed="0.001899"/>
</iter>
<iter>
<kw name="Dictionary Should Contain Key" owner="Collections">
<msg time="2024-04-29T11:13:18.260440" level="INFO">False</msg>
<arg>${json_data['results'][0]['login']}</arg>
<arg>${keyTwo}</arg>
<doc>Fails if ``key`` is not found from ``dictionary``.</doc>
<status status="PASS" start="2024-04-29T11:13:18.259986" elapsed="0.000493"/>
</kw>
<kw name="Dictionary Should Contain Key" owner="Collections">
<msg time="2024-04-29T11:13:18.261186" level="INFO">False</msg>
<arg>${json_data['results'][0]['login']}</arg>
<arg>${keyTwo}</arg>
<doc>Fails if ``key`` is not found from ``dictionary``.</doc>
<status status="PASS" start="2024-04-29T11:13:18.260796" elapsed="0.000426"/>
</kw>
<kw name="Log" owner="BuiltIn">
<msg time="2024-04-29T11:13:18.261642" level="INFO">password</msg>
<arg>${keyTwo}</arg>
<doc>Logs the given message with the given level.</doc>
<status status="PASS" start="2024-04-29T11:13:18.261517" elapsed="0.000162"/>
</kw>
<var name="${keyTwo}">password</var>
<status status="PASS" start="2024-04-29T11:13:18.259879" elapsed="0.002009"/>
</iter>
<var>${keyTwo}</var>
<value>@{expected_keysTwo}</value>
<status status="PASS" start="2024-04-29T11:13:18.257662" elapsed="0.004344"/>
</for>
<status status="PASS" start="2024-04-29T11:13:18.149870" elapsed="0.112273"/>
</kw>
<doc>Testa a estrutura da resposta da API.</doc>
<tag>testeEstruturaResposta</tag>
<status status="PASS" start="2024-04-29T11:13:18.149251" elapsed="0.113046"/>
</test>
<test id="s1-s1-t4" name="Validar tipos de dados" line="28">
<kw name="Teste de Tipos de Dados" owner="random-user-service">
<kw name="GET On Session" owner="RequestsLibrary">
<msg time="2024-04-29T11:13:18.334668" level="INFO">GET Request : url=https://randomuser.me/api 
 path_url=/api 
 headers={'User-Agent': 'python-requests/2.31.0', 'Accept-Encoding': 'gzip, deflate', 'Accept': '*/*', 'Connection': 'keep-alive'} 
 body=None 
 </msg>
<msg time="2024-04-29T11:13:18.334756" level="INFO">GET Response : url=https://randomuser.me/api 
 status=200, reason=OK 
 headers={'Date': 'Mon, 29 Apr 2024 11:13:18 GMT', 'Content-Type': 'application/json; charset=utf-8', 'Transfer-Encoding': 'chunked', 'Connection': 'keep-alive', 'X-Powered-By': 'Express', 'Access-Control-Allow-Origin': '*', 'Cache-Control': 'no-cache', 'ETag': 'W/"491-l5KGn9smJ+fBp41VUm5WlIEOHIs"', 'Vary': 'Accept-Encoding', 'Content-Encoding': 'gzip', 'CF-Cache-Status': 'DYNAMIC', 'Report-To': '{"endpoints":[{"url":"https:\\/\\/a.nel.cloudflare.com\\/report\\/v4?s=NQDECW4PBb0s5OM5B99n69dNVYeQKC7WKCywMx5%2FimrSxq2JxXbmg1xv%2FcE8sA%2Bad2bLLxIt4lSIkWAuzZs3SVXN2R%2Bm4lwPpokFgYmM8G7FZUxqYit1YpX1QK7EXrYs"}],"group":"cf-nel","max_age":604800}', 'NEL': '{"success_fraction":0,"report_to":"cf-nel","max_age":604800}', 'Server': 'cloudflare', 'CF-RAY': '87bedca92d493937-IAD', 'alt-svc': 'h3=":443"; ma=86400'} 
 body={"results":[{"gender":"male","name":{"title":"Mr","first":"Raymond","last":"Willems"},"location":{"street":{"number":7147,"name":"Bachstraße"},"city":"Borken","state":"Saarland","country":"Germany","postcode":93672,"coordinates":{"latitude":"-53.4587","longitude":"-63.8026"},"timezone":{"offset":"+5:30","description":"Bombay, Calcutta, Madras, New Delhi"}},"email":"raymond.willems@example.com","login":{"uuid":"cfbb02be-ba10-47fa-b91a-3b8aff35606f","username":"bigmouse322","password":"magical","salt":"SOgcB8QE","md5":"006c03ce85e057b3c974d5103c9d9ed6","sha1":"0ddfdeeb00a5c14e9dbf2d75403628b076ce5522","sha256":"1bb71d9b3d79c156de82664aed0069bb55493aa33d6c0e63f46db07298e5bf99"},"dob":{"date":"1984-07-26T17:31:39.416Z","age":39},"registered":{"date":"2012-07-29T19:58:10.812Z","age":11},"phone":"0992-3303998","cell":"0176-0492737","id":{"name":"SVNR","value":"47 260784 W 359"},"picture":{"large":"https://randomuser.me/api/portraits/men/68.jpg","medium":"https://randomuser.me/api/portraits/med/men/68.jpg","thumbnail":"https://randomuser.me/api/portraits/thumb/men/68.jpg"},"nat":"DE"}],"info":{"seed":"695a2ddd16623646","results":1,"page":1,"version":"1.4"}} 
 </msg>
<msg time="2024-04-29T11:13:18.334833" level="INFO">/opt/hostedtoolcache/Python/3.12.3/x64/lib/python3.12/site-packages/urllib3/connectionpool.py:1103: InsecureRequestWarning: Unverified HTTPS request is being made to host 'randomuser.me'. Adding certificate verification is strongly advised. See: https://urllib3.readthedocs.io/en/latest/advanced-usage.html#tls-warnings
  warnings.warn(</msg>
<msg time="2024-04-29T11:13:18.334943" level="INFO">${response} = &lt;Response [200]&gt;</msg>
<var>${response}</var>
<arg>consultarAPI</arg>
<arg>/api</arg>
<doc>Sends a GET request on a previously created HTTP Session.</doc>
<status status="PASS" start="2024-04-29T11:13:18.264728" elapsed="0.070255"/>
</kw>
<kw name="Set Variable" owner="BuiltIn">
<msg time="2024-04-29T11:13:18.335885" level="INFO">${json_data} = {'results': [{'gender': 'male', 'name': {'title': 'Mr', 'first': 'Raymond', 'last': 'Willems'}, 'location': {'street': {'number': 7147, 'name': 'Bachstraße'}, 'city': 'Borken', 'state': 'Saarland', 'c...</msg>
<var>${json_data}</var>
<arg>${response.json()}</arg>
<doc>Returns the given values which can then be assigned to a variables.</doc>
<status status="PASS" start="2024-04-29T11:13:18.335405" elapsed="0.000509"/>
</kw>
<kw name="Log" owner="BuiltIn">
<msg time="2024-04-29T11:13:18.336367" level="INFO">{'results': [{'gender': 'male', 'name': {'title': 'Mr', 'first': 'Raymond', 'last': 'Willems'}, 'location': {'street': {'number': 7147, 'name': 'Bachstraße'}, 'city': 'Borken', 'state': 'Saarland', 'country': 'Germany', 'postcode': 93672, 'coordinates': {'latitude': '-53.4587', 'longitude': '-63.8026'}, 'timezone': {'offset': '+5:30', 'description': 'Bombay, Calcutta, Madras, New Delhi'}}, 'email': 'raymond.willems@example.com', 'login': {'uuid': 'cfbb02be-ba10-47fa-b91a-3b8aff35606f', 'username': 'bigmouse322', 'password': 'magical', 'salt': 'SOgcB8QE', 'md5': '006c03ce85e057b3c974d5103c9d9ed6', 'sha1': '0ddfdeeb00a5c14e9dbf2d75403628b076ce5522', 'sha256': '1bb71d9b3d79c156de82664aed0069bb55493aa33d6c0e63f46db07298e5bf99'}, 'dob': {'date': '1984-07-26T17:31:39.416Z', 'age': 39}, 'registered': {'date': '2012-07-29T19:58:10.812Z', 'age': 11}, 'phone': '0992-3303998', 'cell': '0176-0492737', 'id': {'name': 'SVNR', 'value': '47 260784 W 359'}, 'picture': {'large': 'https://randomuser.me/api/portraits/men/68.jpg', 'medium': 'https://randomuser.me/api/portraits/med/men/68.jpg', 'thumbnail': 'https://randomuser.me/api/portraits/thumb/men/68.jpg'}, 'nat': 'DE'}], 'info': {'seed': '695a2ddd16623646', 'results': 1, 'page': 1, 'version': '1.4'}}</msg>
<arg>${json_data}</arg>
<doc>Logs the given message with the given level.</doc>
<status status="PASS" start="2024-04-29T11:13:18.336214" elapsed="0.000237"/>
</kw>
<kw name="Should Be String" owner="String">
<arg>${json_data['results'][0]['gender']}</arg>
<doc>Fails if the given ``item`` is not a string.</doc>
<status status="PASS" start="2024-04-29T11:13:18.336746" elapsed="0.000399"/>
</kw>
<kw name="Should Match Regexp" owner="BuiltIn">
<arg>${json_data['results'][0]['email']}</arg>
<arg>^[a-zA-Z0-9._%+-]+@[a-zA-Z0-9.-]+\.[a-zA-Z]{2,}$</arg>
<doc>Fails if ``string`` does not match ``pattern`` as a regular expression.</doc>
<status status="PASS" start="2024-04-29T11:13:18.337334" elapsed="0.000513"/>
</kw>
<kw name="Should Match Regexp" owner="BuiltIn">
<arg>${json_data['results'][0]['dob']['date']}</arg>
<arg>\\d{4}-\\d{2}-\\d{2}T\\d{2}:\\d{2}:\\d{2}\\.\\d{3}Z</arg>
<doc>Fails if ``string`` does not match ``pattern`` as a regular expression.</doc>
<status status="PASS" start="2024-04-29T11:13:18.338038" elapsed="0.000479"/>
</kw>
<kw name="Should Match Regexp" owner="BuiltIn">
<arg>${json_data['results'][0]['registered']['date']}</arg>
<arg>\\d{4}-\\d{2}-\\d{2}T\\d{2}:\\d{2}:\\d{2}\\.\\d{3}Z</arg>
<doc>Fails if ``string`` does not match ``pattern`` as a regular expression.</doc>
<status status="PASS" start="2024-04-29T11:13:18.338703" elapsed="0.000363"/>
</kw>
<kw name="Should Match Regexp" owner="BuiltIn">
<arg>${json_data['results'][0]['picture']['large']}</arg>
<arg>^https?://.*\.(?:png|jpe?g|gif|bmp)$</arg>
<doc>Fails if ``string`` does not match ``pattern`` as a regular expression.</doc>
<status status="PASS" start="2024-04-29T11:13:18.339248" elapsed="0.000459"/>
</kw>
<kw name="Should Match Regexp" owner="BuiltIn">
<arg>${json_data['results'][0]['picture']['medium']}</arg>
<arg>^https?://.*\.(?:png|jpe?g|gif|bmp)$</arg>
<doc>Fails if ``string`` does not match ``pattern`` as a regular expression.</doc>
<status status="PASS" start="2024-04-29T11:13:18.339890" elapsed="0.000349"/>
</kw>
<kw name="Should Match Regexp" owner="BuiltIn">
<arg>${json_data['results'][0]['picture']['thumbnail']}</arg>
<arg>^https?://.*\.(?:png|jpe?g|gif|bmp)$</arg>
<doc>Fails if ``string`` does not match ``pattern`` as a regular expression.</doc>
<status status="PASS" start="2024-04-29T11:13:18.340422" elapsed="0.000345"/>
</kw>
<kw name="Log" owner="BuiltIn">
<msg time="2024-04-29T11:13:18.341285" level="INFO">{'large': 'https://randomuser.me/api/portraits/men/68.jpg', 'medium': 'https://randomuser.me/api/portraits/med/men/68.jpg', 'thumbnail': 'https://randomuser.me/api/portraits/thumb/men/68.jpg'}</msg>
<arg>${json_data['results'][0]['picture']}</arg>
<doc>Logs the given message with the given level.</doc>
<status status="PASS" start="2024-04-29T11:13:18.340965" elapsed="0.000361"/>
</kw>
<status status="PASS" start="2024-04-29T11:13:18.264504" elapsed="0.077069"/>
</kw>
<kw name="Teste de Tipos de Dados - Postcode" owner="random-user-service">
<kw name="GET On Session" owner="RequestsLibrary">
<msg time="2024-04-29T11:13:18.436053" level="INFO">GET Request : url=https://randomuser.me/api 
 path_url=/api 
 headers={'User-Agent': 'python-requests/2.31.0', 'Accept-Encoding': 'gzip, deflate', 'Accept': '*/*', 'Connection': 'keep-alive'} 
 body=None 
 </msg>
<msg time="2024-04-29T11:13:18.436130" level="INFO">GET Response : url=https://randomuser.me/api 
 status=200, reason=OK 
 headers={'Date': 'Mon, 29 Apr 2024 11:13:18 GMT', 'Content-Type': 'application/json; charset=utf-8', 'Transfer-Encoding': 'chunked', 'Connection': 'keep-alive', 'X-Powered-By': 'Express', 'Access-Control-Allow-Origin': '*', 'Cache-Control': 'no-cache', 'ETag': 'W/"48f-5tP5qDQaQTq4azkhRRSm3ofirl0"', 'Vary': 'Accept-Encoding', 'Content-Encoding': 'gzip', 'CF-Cache-Status': 'DYNAMIC', 'Report-To': '{"endpoints":[{"url":"https:\\/\\/a.nel.cloudflare.com\\/report\\/v4?s=1IggkQ7wkLIf3LTkjw%2BuaMJYveiYMH22p1GXlXqAeA16neJLT0oTALYJ6WL%2Bxrf%2B%2FTDJSrxuZ0VCbt%2F0NPt649QmQZPkHKzJS414i0bnv5pqFU3dNN7OS9cA0eTwDXIw"}],"group":"cf-nel","max_age":604800}', 'NEL': '{"success_fraction":0,"report_to":"cf-nel","max_age":604800}', 'Server': 'cloudflare', 'CF-RAY': '87bedca9adc03937-IAD', 'alt-svc': 'h3=":443"; ma=86400'} 
 body={"results":[{"gender":"male","name":{"title":"Mr","first":"Kenneth","last":"Reed"},"location":{"street":{"number":4160,"name":"Sunset St"},"city":"Orange","state":"Arizona","country":"United States","postcode":92942,"coordinates":{"latitude":"89.5334","longitude":"-169.6787"},"timezone":{"offset":"+9:00","description":"Tokyo, Seoul, Osaka, Sapporo, Yakutsk"}},"email":"kenneth.reed@example.com","login":{"uuid":"9be6ca0e-c884-487a-908d-e9a7e8fc122d","username":"orangeswan897","password":"654321","salt":"VGGtICOe","md5":"6fe8e2054d46797dbe21cd7838157a3f","sha1":"ae7e4f8aa281b5c69847ea33e18b7238eb2fa520","sha256":"499b308a882a1d3efec1006ebda831d9387968d2336244af9d1488c820ad03eb"},"dob":{"date":"1977-08-17T19:04:55.887Z","age":46},"registered":{"date":"2015-08-18T21:12:05.543Z","age":8},"phone":"(959) 811-1843","cell":"(297) 635-3325","id":{"name":"SSN","value":"136-39-4560"},"picture":{"large":"https://randomuser.me/api/portraits/men/46.jpg","medium":"https://randomuser.me/api/portraits/med/men/46.jpg","thumbnail":"https://randomuser.me/api/portraits/thumb/men/46.jpg"},"nat":"US"}],"info":{"seed":"f503cd391f7a2e1e","results":1,"page":1,"version":"1.4"}} 
 </msg>
<msg time="2024-04-29T11:13:18.436191" level="INFO">/opt/hostedtoolcache/Python/3.12.3/x64/lib/python3.12/site-packages/urllib3/connectionpool.py:1103: InsecureRequestWarning: Unverified HTTPS request is being made to host 'randomuser.me'. Adding certificate verification is strongly advised. See: https://urllib3.readthedocs.io/en/latest/advanced-usage.html#tls-warnings
  warnings.warn(</msg>
<msg time="2024-04-29T11:13:18.436290" level="INFO">${response} = &lt;Response [200]&gt;</msg>
<var>${response}</var>
<arg>consultarAPI</arg>
<arg>/api</arg>
<doc>Sends a GET request on a previously created HTTP Session.</doc>
<status status="PASS" start="2024-04-29T11:13:18.342028" elapsed="0.094303"/>
</kw>
<kw name="Set Variable" owner="BuiltIn">
<msg time="2024-04-29T11:13:18.437275" level="INFO">${json_data} = {'results': [{'gender': 'male', 'name': {'title': 'Mr', 'first': 'Kenneth', 'last': 'Reed'}, 'location': {'street': {'number': 4160, 'name': 'Sunset St'}, 'city': 'Orange', 'state': 'Arizona', 'countr...</msg>
<var>${json_data}</var>
<arg>${response.json()}</arg>
<doc>Returns the given values which can then be assigned to a variables.</doc>
<status status="PASS" start="2024-04-29T11:13:18.436749" elapsed="0.000554"/>
</kw>
<kw name="Log" owner="BuiltIn">
<msg time="2024-04-29T11:13:18.437771" level="INFO">{'results': [{'gender': 'male', 'name': {'title': 'Mr', 'first': 'Kenneth', 'last': 'Reed'}, 'location': {'street': {'number': 4160, 'name': 'Sunset St'}, 'city': 'Orange', 'state': 'Arizona', 'country': 'United States', 'postcode': 92942, 'coordinates': {'latitude': '89.5334', 'longitude': '-169.6787'}, 'timezone': {'offset': '+9:00', 'description': 'Tokyo, Seoul, Osaka, Sapporo, Yakutsk'}}, 'email': 'kenneth.reed@example.com', 'login': {'uuid': '9be6ca0e-c884-487a-908d-e9a7e8fc122d', 'username': 'orangeswan897', 'password': '654321', 'salt': 'VGGtICOe', 'md5': '6fe8e2054d46797dbe21cd7838157a3f', 'sha1': 'ae7e4f8aa281b5c69847ea33e18b7238eb2fa520', 'sha256': '499b308a882a1d3efec1006ebda831d9387968d2336244af9d1488c820ad03eb'}, 'dob': {'date': '1977-08-17T19:04:55.887Z', 'age': 46}, 'registered': {'date': '2015-08-18T21:12:05.543Z', 'age': 8}, 'phone': '(959) 811-1843', 'cell': '(297) 635-3325', 'id': {'name': 'SSN', 'value': '136-39-4560'}, 'picture': {'large': 'https://randomuser.me/api/portraits/men/46.jpg', 'medium': 'https://randomuser.me/api/portraits/med/men/46.jpg', 'thumbnail': 'https://randomuser.me/api/portraits/thumb/men/46.jpg'}, 'nat': 'US'}], 'info': {'seed': 'f503cd391f7a2e1e', 'results': 1, 'page': 1, 'version': '1.4'}}</msg>
<arg>${json_data}</arg>
<doc>Logs the given message with the given level.</doc>
<status status="PASS" start="2024-04-29T11:13:18.437614" elapsed="0.000237"/>
</kw>
<kw name="Should Be Equal As Numbers" owner="BuiltIn">
<arg>${json_data['results'][0]['location']['postcode']}</arg>
<arg>${json_data['results'][0]['location']['postcode']}</arg>
<doc>Fails if objects are unequal after converting them to real numbers.</doc>
<status status="PASS" start="2024-04-29T11:13:18.438311" elapsed="0.000634"/>
</kw>
<kw name="Log" owner="BuiltIn">
<msg time="2024-04-29T11:13:18.439480" level="INFO">92942</msg>
<arg>${json_data['results'][0]['location']['postcode']}</arg>
<doc>Logs the given message with the given level.</doc>
<status status="PASS" start="2024-04-29T11:13:18.439134" elapsed="0.000386"/>
</kw>
<status status="PASS" start="2024-04-29T11:13:18.341801" elapsed="0.097970"/>
</kw>
<doc>Testa se os tipos de dados na resposta da API estão corretos.</doc>
<tag>testeTiposDados</tag>
<status status="PASS" start="2024-04-29T11:13:18.264064" elapsed="0.175874"/>
</test>
<test id="s1-s1-t5" name="Validar conteudo" line="35">
<kw name="Teste de Tipos de Conteudo" owner="random-user-service">
<kw name="GET On Session" owner="RequestsLibrary">
<msg time="2024-04-29T11:13:18.534301" level="INFO">GET Request : url=https://randomuser.me/api 
 path_url=/api 
 headers={'User-Agent': 'python-requests/2.31.0', 'Accept-Encoding': 'gzip, deflate', 'Accept': '*/*', 'Connection': 'keep-alive'} 
 body=None 
 </msg>
<msg time="2024-04-29T11:13:18.534393" level="INFO">GET Response : url=https://randomuser.me/api 
 status=200, reason=OK 
 headers={'Date': 'Mon, 29 Apr 2024 11:13:18 GMT', 'Content-Type': 'application/json; charset=utf-8', 'Transfer-Encoding': 'chunked', 'Connection': 'keep-alive', 'X-Powered-By': 'Express', 'Access-Control-Allow-Origin': '*', 'Cache-Control': 'no-cache', 'ETag': 'W/"47f-3lZ0GndvwuwYmCkuQpIxySUfRFM"', 'Vary': 'Accept-Encoding', 'Content-Encoding': 'gzip', 'CF-Cache-Status': 'DYNAMIC', 'Report-To': '{"endpoints":[{"url":"https:\\/\\/a.nel.cloudflare.com\\/report\\/v4?s=lQ9C4WFVP8fwVhRmHFd%2FOwon5AXFpnP8lSr95O7WFv2FvANJIGk5cqbn8COCXh5xbcOvoxoij6xWU%2BU0QdLDWgi0jzgY8MEC%2FyvZsS37OUIntdY58ymy%2FOLtSR3nbHQT"}],"group":"cf-nel","max_age":604800}', 'NEL': '{"success_fraction":0,"report_to":"cf-nel","max_age":604800}', 'Server': 'cloudflare', 'CF-RAY': '87bedcaa4e5b3937-IAD', 'alt-svc': 'h3=":443"; ma=86400'} 
 body={"results":[{"gender":"male","name":{"title":"Mr","first":"Benoît","last":"Luimes"},"location":{"street":{"number":4996,"name":"Kastanjehof"},"city":"Schermerhorn","state":"Utrecht","country":"Netherlands","postcode":"8380 AM","coordinates":{"latitude":"32.0756","longitude":"-154.0448"},"timezone":{"offset":"+9:30","description":"Adelaide, Darwin"}},"email":"benoit.luimes@example.com","login":{"uuid":"17e7ebc9-5ca8-4ba8-a7bb-7c974c356abd","username":"sadpanda512","password":"iiii","salt":"tXQIUOGA","md5":"d0cbf997d3f1db47e67890d38aed6a7c","sha1":"3cdf7210bfcaa3a3c2a1743dc283cd6af4d5e84c","sha256":"0d07dafd0453ec1008b1be245e856fdc12588265f6f49fcf52a1068248c7e85f"},"dob":{"date":"1987-11-14T08:40:30.004Z","age":36},"registered":{"date":"2013-12-20T13:05:11.248Z","age":10},"phone":"(0318) 369537","cell":"(06) 77094818","id":{"name":"BSN","value":"79481268"},"picture":{"large":"https://randomuser.me/api/portraits/men/45.jpg","medium":"https://randomuser.me/api/portraits/med/men/45.jpg","thumbnail":"https://randomuser.me/api/portraits/thumb/men/45.jpg"},"nat":"NL"}],"info":{"seed":"824d357be0e9a576","results":1,"page":1,"version":"1.4"}} 
 </msg>
<msg time="2024-04-29T11:13:18.534462" level="INFO">/opt/hostedtoolcache/Python/3.12.3/x64/lib/python3.12/site-packages/urllib3/connectionpool.py:1103: InsecureRequestWarning: Unverified HTTPS request is being made to host 'randomuser.me'. Adding certificate verification is strongly advised. See: https://urllib3.readthedocs.io/en/latest/advanced-usage.html#tls-warnings
  warnings.warn(</msg>
<msg time="2024-04-29T11:13:18.534563" level="INFO">${response} = &lt;Response [200]&gt;</msg>
<var>${response}</var>
<arg>consultarAPI</arg>
<arg>/api</arg>
<doc>Sends a GET request on a previously created HTTP Session.</doc>
<status status="PASS" start="2024-04-29T11:13:18.442528" elapsed="0.092073"/>
</kw>
<kw name="Set Variable" owner="BuiltIn">
<msg time="2024-04-29T11:13:18.535613" level="INFO">${json_data} = {'results': [{'gender': 'male', 'name': {'title': 'Mr', 'first': 'Benoît', 'last': 'Luimes'}, 'location': {'street': {'number': 4996, 'name': 'Kastanjehof'}, 'city': 'Schermerhorn', 'state': 'Utrecht'...</msg>
<var>${json_data}</var>
<arg>${response.json()}</arg>
<doc>Returns the given values which can then be assigned to a variables.</doc>
<status status="PASS" start="2024-04-29T11:13:18.535035" elapsed="0.000612"/>
</kw>
<kw name="Set Variable" owner="BuiltIn">
<msg time="2024-04-29T11:13:18.536479" level="INFO">${name_title} = Mr</msg>
<var>${name_title}</var>
<arg>${json_data["results"][0]["name"]["title"]}</arg>
<doc>Returns the given values which can then be assigned to a variables.</doc>
<status status="PASS" start="2024-04-29T11:13:18.536010" elapsed="0.000507"/>
</kw>
<kw name="Create List" owner="BuiltIn">
<msg time="2024-04-29T11:13:18.537081" level="INFO">${allowed_titles} = ['Mr', 'Ms', 'Miss', 'Mrs', 'Madame', 'Monsieur']</msg>
<var>${allowed_titles}</var>
<arg>Mr</arg>
<arg>Ms</arg>
<arg>Miss</arg>
<arg>Mrs</arg>
<arg>Madame</arg>
<arg>Monsieur</arg>
<doc>Returns a list containing given items.</doc>
<status status="PASS" start="2024-04-29T11:13:18.536898" elapsed="0.000211"/>
</kw>
<kw name="List Should Contain Value" owner="Collections">
<msg time="2024-04-29T11:13:18.537689" level="INFO">False</msg>
<arg>${allowed_titles}</arg>
<arg>${name_title}</arg>
<doc>Fails if the ``value`` is not found from ``list``.</doc>
<status status="PASS" start="2024-04-29T11:13:18.537471" elapsed="0.000271"/>
</kw>
<kw name="Set Variable" owner="BuiltIn">
<msg time="2024-04-29T11:13:18.538506" level="INFO">${name_country} = NL</msg>
<var>${name_country}</var>
<arg>${json_data["results"][0]["nat"]}</arg>
<doc>Returns the given values which can then be assigned to a variables.</doc>
<status status="PASS" start="2024-04-29T11:13:18.538094" elapsed="0.000438"/>
</kw>
<kw name="Create List" owner="BuiltIn">
<msg time="2024-04-29T11:13:18.539430" level="INFO">${list_country} = ['AD', 'AE', 'AF', 'AG', 'AI', 'AL', 'AM', 'AO', 'AQ', 'AR', 'AS', 'AT', 'AU', 'AW', 'AX', 'AZ', 'BA', 'BB', 'BD', 'BE', 'BF', 'BG', 'BH', 'BI', 'BJ', 'BL', 'BM', 'BN', 'BO', 'BQ', 'BR', 'BS', 'BT', '...</msg>
<var>${list_country}</var>
<arg>AD</arg>
<arg>AE</arg>
<arg>AF</arg>
<arg>AG</arg>
<arg>AI</arg>
<arg>AL</arg>
<arg>AM</arg>
<arg>AO</arg>
<arg>AQ</arg>
<arg>AR</arg>
<arg>AS</arg>
<arg>AT</arg>
<arg>AU</arg>
<arg>AW</arg>
<arg>AX</arg>
<arg>AZ</arg>
<arg>BA</arg>
<arg>BB</arg>
<arg>BD</arg>
<arg>BE</arg>
<arg>BF</arg>
<arg>BG</arg>
<arg>BH</arg>
<arg>BI</arg>
<arg>BJ</arg>
<arg>BL</arg>
<arg>BM</arg>
<arg>BN</arg>
<arg>BO</arg>
<arg>BQ</arg>
<arg>BR</arg>
<arg>BS</arg>
<arg>BT</arg>
<arg>BV</arg>
<arg>BW</arg>
<arg>BY</arg>
<arg>BZ</arg>
<arg>CA</arg>
<arg>CC</arg>
<arg>CD</arg>
<arg>CF</arg>
<arg>CG</arg>
<arg>CH</arg>
<arg>CI</arg>
<arg>CK</arg>
<arg>CL</arg>
<arg>CM</arg>
<arg>CN</arg>
<arg>CO</arg>
<arg>CR</arg>
<arg>CU</arg>
<arg>CV</arg>
<arg>CW</arg>
<arg>CX</arg>
<arg>CY</arg>
<arg>CZ</arg>
<arg>DE</arg>
<arg>DJ</arg>
<arg>DK</arg>
<arg>DM</arg>
<arg>DO</arg>
<arg>DZ</arg>
<arg>EC</arg>
<arg>EE</arg>
<arg>EG</arg>
<arg>EH</arg>
<arg>ER</arg>
<arg>ES</arg>
<arg>ET</arg>
<arg>FI</arg>
<arg>FJ</arg>
<arg>FK</arg>
<arg>FM</arg>
<arg>FO</arg>
<arg>FR</arg>
<arg>GA</arg>
<arg>GB</arg>
<arg>GD</arg>
<arg>GE</arg>
<arg>GF</arg>
<arg>GG</arg>
<arg>GH</arg>
<arg>GI</arg>
<arg>GL</arg>
<arg>GM</arg>
<arg>GN</arg>
<arg>GP</arg>
<arg>GQ</arg>
<arg>GR</arg>
<arg>GS</arg>
<arg>GT</arg>
<arg>GU</arg>
<arg>GW</arg>
<arg>GY</arg>
<arg>HK</arg>
<arg>HM</arg>
<arg>HN</arg>
<arg>HR</arg>
<arg>HT</arg>
<arg>HU</arg>
<arg>ID</arg>
<arg>IE</arg>
<arg>IL</arg>
<arg>IM</arg>
<arg>IN</arg>
<arg>IO</arg>
<arg>IQ</arg>
<arg>IR</arg>
<arg>IS</arg>
<arg>IT</arg>
<arg>JE</arg>
<arg>JM</arg>
<arg>JO</arg>
<arg>JP</arg>
<arg>KE</arg>
<arg>KG</arg>
<arg>KH</arg>
<arg>KI</arg>
<arg>KM</arg>
<arg>KN</arg>
<arg>KP</arg>
<arg>KR</arg>
<arg>KW</arg>
<arg>KY</arg>
<arg>KZ</arg>
<arg>LA</arg>
<arg>LB</arg>
<arg>LC</arg>
<arg>LI</arg>
<arg>LK</arg>
<arg>LR</arg>
<arg>LS</arg>
<arg>LT</arg>
<arg>LU</arg>
<arg>LV</arg>
<arg>LY</arg>
<arg>MA</arg>
<arg>MC</arg>
<arg>MD</arg>
<arg>ME</arg>
<arg>MF</arg>
<arg>MG</arg>
<arg>MH</arg>
<arg>MK</arg>
<arg>ML</arg>
<arg>MM</arg>
<arg>MN</arg>
<arg>MO</arg>
<arg>MP</arg>
<arg>MQ</arg>
<arg>MR</arg>
<arg>MS</arg>
<arg>MT</arg>
<arg>MU</arg>
<arg>MV</arg>
<arg>MW</arg>
<arg>MX</arg>
<arg>MY</arg>
<arg>MZ</arg>
<arg>NA</arg>
<arg>NC</arg>
<arg>NE</arg>
<arg>NF</arg>
<arg>NG</arg>
<arg>NI</arg>
<arg>NL</arg>
<arg>NO</arg>
<arg>NP</arg>
<arg>NR</arg>
<arg>NU</arg>
<arg>NZ</arg>
<arg>OM</arg>
<arg>PA</arg>
<arg>PE</arg>
<arg>PF</arg>
<arg>PG</arg>
<arg>PH</arg>
<arg>PK</arg>
<arg>PL</arg>
<arg>PM</arg>
<arg>PN</arg>
<arg>PR</arg>
<arg>PS</arg>
<arg>PT</arg>
<arg>PW</arg>
<arg>PY</arg>
<arg>QA</arg>
<arg>RE</arg>
<arg>RO</arg>
<arg>RS</arg>
<arg>RU</arg>
<arg>RW</arg>
<arg>SA</arg>
<arg>SB</arg>
<arg>SC</arg>
<arg>SD</arg>
<arg>SE</arg>
<arg>SG</arg>
<arg>SH</arg>
<arg>SI</arg>
<arg>SJ</arg>
<arg>SK</arg>
<arg>SL</arg>
<arg>SM</arg>
<arg>SN</arg>
<arg>SO</arg>
<arg>SR</arg>
<arg>SS</arg>
<arg>ST</arg>
<arg>SV</arg>
<arg>SX</arg>
<arg>SY</arg>
<arg>SZ</arg>
<arg>TC</arg>
<arg>TD</arg>
<arg>TF</arg>
<arg>TG</arg>
<arg>TH</arg>
<arg>TJ</arg>
<arg>TK</arg>
<arg>TL</arg>
<arg>TM</arg>
<arg>TN</arg>
<arg>TO</arg>
<arg>TR</arg>
<arg>TT</arg>
<arg>TV</arg>
<arg>TW</arg>
<arg>TZ</arg>
<arg>UA</arg>
<arg>UG</arg>
<arg>UM</arg>
<arg>US</arg>
<arg>UY</arg>
<arg>UZ</arg>
<arg>VA</arg>
<arg>VC</arg>
<arg>VE</arg>
<arg>VG</arg>
<arg>VI</arg>
<arg>VN</arg>
<arg>VU</arg>
<arg>WF</arg>
<arg>WS</arg>
<arg>XK</arg>
<arg>YE</arg>
<arg>YT</arg>
<arg>ZA</arg>
<arg>ZM</arg>
<arg>ZW</arg>
<doc>Returns a list containing given items.</doc>
<status status="PASS" start="2024-04-29T11:13:18.538839" elapsed="0.000617"/>
</kw>
<kw name="List Should Contain Value" owner="Collections">
<msg time="2024-04-29T11:13:18.540457" level="INFO">False</msg>
<arg>${list_country}</arg>
<arg>${name_country}</arg>
<doc>Fails if the ``value`` is not found from ``list``.</doc>
<status status="PASS" start="2024-04-29T11:13:18.540255" elapsed="0.000239"/>
</kw>
<kw name="Run Keyword If" owner="BuiltIn">
<kw name="Should Be True" owner="BuiltIn">
<arg>${True}</arg>
<doc>Fails if the given condition is not true.</doc>
<status status="PASS" start="2024-04-29T11:13:18.541604" elapsed="0.000257"/>
</kw>
<arg>${json_data["results"][0]["location"]["coordinates"]["latitude"]} &gt;= -90 and ${json_data["results"][0]["location"]["coordinates"]["latitude"]} &lt;= 90</arg>
<arg>Should Be True</arg>
<arg>${True}</arg>
<doc>Runs the given keyword with the given arguments, if ``condition`` is true.</doc>
<status status="PASS" start="2024-04-29T11:13:18.540833" elapsed="0.001160"/>
</kw>
<kw name="Run Keyword If" owner="BuiltIn">
<kw name="Should Be True" owner="BuiltIn">
<arg>${True}</arg>
<doc>Fails if the given condition is not true.</doc>
<status status="PASS" start="2024-04-29T11:13:18.542887" elapsed="0.000136"/>
</kw>
<arg>${json_data["results"][0]["location"]["coordinates"]["longitude"]} &gt;= -180 and ${json_data["results"][0]["location"]["coordinates"]["longitude"]} &lt;= 180</arg>
<arg>Should Be True</arg>
<arg>${True}</arg>
<doc>Runs the given keyword with the given arguments, if ``condition`` is true.</doc>
<status status="PASS" start="2024-04-29T11:13:18.542180" elapsed="0.000966"/>
</kw>
<status status="PASS" start="2024-04-29T11:13:18.442304" elapsed="0.100973"/>
</kw>
<doc>Testa o conteúdo específico dos campos retornados pela API.</doc>
<tag>testeConteudo</tag>
<status status="PASS" start="2024-04-29T11:13:18.441776" elapsed="0.101649"/>
</test>
<status status="PASS" start="2024-04-29T11:13:17.567754" elapsed="0.977653"/>
</suite>
<status status="PASS" start="2024-04-29T11:13:17.554221" elapsed="0.996307"/>
</suite>
<statistics>
<total>
<stat pass="5" fail="0" skip="0">All Tests</stat>
</total>
<tag>
<stat pass="1" fail="0" skip="0">testeConteudo</stat>
<stat pass="1" fail="0" skip="0">testeEstruturaResposta</stat>
<stat pass="1" fail="0" skip="0">testeRequisicaoBasica</stat>
<stat pass="1" fail="0" skip="0">testeTiposDados</stat>
</tag>
<suite>
<stat pass="5" fail="0" skip="0" id="s1" name="Tests">Tests</stat>
<stat pass="5" fail="0" skip="0" id="s1-s1" name="Random-User-Test">Tests.Random-User-Test</stat>
</suite>
</statistics>
<errors>
</errors>
</robot>
