<?xml version="1.0" encoding="UTF-8"?>
<robot generator="Robot 7.0.1 (Python 3.12.4 on linux)" generated="2024-07-04T16:18:03.648806" rpa="false" schemaversion="5">
<suite id="s1" name="Tests" source="/home/runner/work/ApiRandomUser/ApiRandomUser/RamdonUser/tests">
<suite id="s1-s1" name="Random-User-Test" source="/home/runner/work/ApiRandomUser/ApiRandomUser/RamdonUser/tests/random-user-test.robot">
<test id="s1-s1-t1" name="Conectar" line="13">
<kw name="Conectar API" owner="random-user-service">
<kw name="Create Session" owner="RequestsLibrary">
<msg time="2024-07-04T16:18:04.066085" level="INFO">Creating Session using : alias=consultarAPI, url=https://randomuser.me/, headers={},                     cookies={}, auth=None, timeout=None, proxies=None, verify=False,                     debug=0 </msg>
<arg>consultarAPI</arg>
<arg>${URL}</arg>
<doc>Create Session: create a HTTP session to a server</doc>
<status status="PASS" start="2024-07-04T16:18:04.065880" elapsed="0.000387"/>
</kw>
<status status="PASS" start="2024-07-04T16:18:04.064889" elapsed="0.001727"/>
</kw>
<status status="PASS" start="2024-07-04T16:18:04.064335" elapsed="0.002472"/>
</test>
<test id="s1-s1-t2" name="Validar retorno 200 e JSON Válido" line="16">
<kw name="Teste de Requisicao Basica" owner="random-user-service">
<kw name="GET On Session" owner="RequestsLibrary">
<msg time="2024-07-04T16:18:04.727793" level="INFO">GET Request : url=https://randomuser.me/api 
 path_url=/api 
 headers={'User-Agent': 'python-requests/2.32.3', 'Accept-Encoding': 'gzip, deflate', 'Accept': '*/*', 'Connection': 'keep-alive'} 
 body=None 
 </msg>
<msg time="2024-07-04T16:18:04.727937" level="INFO">GET Response : url=https://randomuser.me/api 
 status=200, reason=OK 
 headers={'Date': 'Thu, 04 Jul 2024 16:18:04 GMT', 'Content-Type': 'application/json; charset=utf-8', 'Transfer-Encoding': 'chunked', 'Connection': 'keep-alive', 'X-Powered-By': 'Express', 'Access-Control-Allow-Origin': '*', 'Cache-Control': 'no-cache', 'ETag': 'W/"46d-Y0c9lFAQPGbVpkM4CQwA0FHzBhY"', 'Vary': 'Accept-Encoding', 'Content-Encoding': 'gzip', 'CF-Cache-Status': 'DYNAMIC', 'Report-To': '{"endpoints":[{"url":"https:\\/\\/a.nel.cloudflare.com\\/report\\/v4?s=BDzDl7i4E4CbHxgE1N9L6GdzYMQz1yMaVZD0pnGmufOrh0tTLwceSqoohsefzQ%2FXC1V6ulWlN9FHv4rf25wtO4mbGiI4DryR5kESN4e9Swk3%2Fa3hHtN%2FHVcRFRBeY%2BDy"}],"group":"cf-nel","max_age":604800}', 'NEL': '{"success_fraction":0,"report_to":"cf-nel","max_age":604800}', 'Server': 'cloudflare', 'CF-RAY': '89e06ddb0984159a-SJC', 'alt-svc': 'h3=":443"; ma=86400'} 
 body={"results":[{"gender":"male","name":{"title":"Mr","first":"Hakan","last":"Weigelt"},"location":{"street":{"number":9366,"name":"Mühlenweg"},"city":"Landstuhl","state":"Hamburg","country":"Germany","postcode":21586,"coordinates":{"latitude":"-49.9782","longitude":"-72.8418"},"timezone":{"offset":"+4:30","description":"Kabul"}},"email":"hakan.weigelt@example.com","login":{"uuid":"5eaeb752-14e6-4e67-a18b-9febfecf63bb","username":"lazypanda653","password":"anne","salt":"fr3y3xEz","md5":"cc2f3fbeadc443d38e539227bd1a477a","sha1":"7aea95a2586ae9d8ccae5c16765af44358d49841","sha256":"73f729628af4c62930c9378fdb048d428f9e9a195f05abeb91c319cd2773d2b7"},"dob":{"date":"1998-06-05T22:53:45.935Z","age":26},"registered":{"date":"2021-01-26T11:57:48.503Z","age":3},"phone":"0987-9426716","cell":"0179-0613388","id":{"name":"SVNR","value":"55 050698 W 296"},"picture":{"large":"https://randomuser.me/api/portraits/men/70.jpg","medium":"https://randomuser.me/api/portraits/med/men/70.jpg","thumbnail":"https://randomuser.me/api/portraits/thumb/men/70.jpg"},"nat":"DE"}],"info":{"seed":"ac4206cee58ed283","results":1,"page":1,"version":"1.4"}} 
 </msg>
<msg time="2024-07-04T16:18:04.728017" level="INFO">/opt/hostedtoolcache/Python/3.12.4/x64/lib/python3.12/site-packages/urllib3/connectionpool.py:1099: InsecureRequestWarning: Unverified HTTPS request is being made to host 'randomuser.me'. Adding certificate verification is strongly advised. See: https://urllib3.readthedocs.io/en/latest/advanced-usage.html#tls-warnings
  warnings.warn(</msg>
<msg time="2024-07-04T16:18:04.728157" level="INFO">${response} = &lt;Response [200]&gt;</msg>
<var>${response}</var>
<arg>consultarAPI</arg>
<arg>/api</arg>
<doc>Sends a GET request on a previously created HTTP Session.</doc>
<status status="PASS" start="2024-07-04T16:18:04.069490" elapsed="0.658710"/>
</kw>
<kw name="Should Be Equal As Numbers" owner="BuiltIn">
<msg time="2024-07-04T16:18:04.729369" level="INFO">Argument types are:
&lt;class 'int'&gt;
&lt;class 'str'&gt;</msg>
<arg>${response.status_code}</arg>
<arg>200</arg>
<doc>Fails if objects are unequal after converting them to real numbers.</doc>
<status status="PASS" start="2024-07-04T16:18:04.728828" elapsed="0.000606"/>
</kw>
<kw name="Log" owner="BuiltIn">
<msg time="2024-07-04T16:18:04.730111" level="INFO">200</msg>
<arg>${response.status_code}</arg>
<doc>Logs the given message with the given level.</doc>
<status status="PASS" start="2024-07-04T16:18:04.729754" elapsed="0.000399"/>
</kw>
<kw name="Set Variable" owner="BuiltIn">
<msg time="2024-07-04T16:18:04.730886" level="INFO">${json_data} = {'results': [{'gender': 'male', 'name': {'title': 'Mr', 'first': 'Hakan', 'last': 'Weigelt'}, 'location': {'street': {'number': 9366, 'name': 'Mühlenweg'}, 'city': 'Landstuhl', 'state': 'Hamburg', 'co...</msg>
<var>${json_data}</var>
<arg>${response.json()}</arg>
<doc>Returns the given values which can then be assigned to a variables.</doc>
<status status="PASS" start="2024-07-04T16:18:04.730450" elapsed="0.000464"/>
</kw>
<kw name="Dictionary Should Contain Key" owner="Collections">
<arg>${json_data}</arg>
<arg>results</arg>
<doc>Fails if ``key`` is not found from ``dictionary``.</doc>
<status status="PASS" start="2024-07-04T16:18:04.731206" elapsed="0.000169"/>
</kw>
<status status="PASS" start="2024-07-04T16:18:04.069237" elapsed="0.662286"/>
</kw>
<doc>Testa se a API responde corretamente e retorna um objeto JSON válido.</doc>
<tag>testeRequisicaoBasica</tag>
<status status="PASS" start="2024-07-04T16:18:04.068670" elapsed="0.663024"/>
</test>
<test id="s1-s1-t3" name="Validar estrutura de resposta" line="22">
<kw name="Teste de Estrutura de Resposta" owner="random-user-service">
<kw name="GET On Session" owner="RequestsLibrary">
<msg time="2024-07-04T16:18:04.832392" level="INFO">GET Request : url=https://randomuser.me/api 
 path_url=/api 
 headers={'User-Agent': 'python-requests/2.32.3', 'Accept-Encoding': 'gzip, deflate', 'Accept': '*/*', 'Connection': 'keep-alive'} 
 body=None 
 </msg>
<msg time="2024-07-04T16:18:04.832481" level="INFO">GET Response : url=https://randomuser.me/api 
 status=200, reason=OK 
 headers={'Date': 'Thu, 04 Jul 2024 16:18:04 GMT', 'Content-Type': 'application/json; charset=utf-8', 'Transfer-Encoding': 'chunked', 'Connection': 'keep-alive', 'X-Powered-By': 'Express', 'Access-Control-Allow-Origin': '*', 'Cache-Control': 'no-cache', 'ETag': 'W/"4ab-xORLX7saX30uQlTALruc6AaixSo"', 'Vary': 'Accept-Encoding', 'Content-Encoding': 'gzip', 'CF-Cache-Status': 'DYNAMIC', 'Report-To': '{"endpoints":[{"url":"https:\\/\\/a.nel.cloudflare.com\\/report\\/v4?s=DKSOA%2FPgj19NYnTuBl9t2Jez16UpivSf5P9LTdV2IFsgcmigaUCTB0ZgugsoO2u5GuXah4WxIi6DAa8kpnwfLWZQhOYrpdCURyYtrR5cIVlIvviVjktT2Sg8CmQs79zi"}],"group":"cf-nel","max_age":604800}', 'NEL': '{"success_fraction":0,"report_to":"cf-nel","max_age":604800}', 'Server': 'cloudflare', 'CF-RAY': '89e06ddb99e0159a-SJC', 'alt-svc': 'h3=":443"; ma=86400'} 
 body={"results":[{"gender":"female","name":{"title":"Miss","first":"Lyna","last":"Philippe"},"location":{"street":{"number":7020,"name":"Route de Genas"},"city":"Colombes","state":"Lot","country":"France","postcode":95763,"coordinates":{"latitude":"-12.9100","longitude":"14.4552"},"timezone":{"offset":"0:00","description":"Western Europe Time, London, Lisbon, Casablanca"}},"email":"lyna.philippe@example.com","login":{"uuid":"ac17b549-fdeb-41f8-a79d-ceffd60a3e7c","username":"ticklishsnake891","password":"marjorie","salt":"24Se8HOC","md5":"19f905f4c3945f013124f8e8ccec0098","sha1":"d8bd4fb1206dab47946488918b5749e3a732f0bf","sha256":"b8e7674c60f33832e0c95f2fe1a74ca8d8849a51ae22b126153fbc1f3c5db943"},"dob":{"date":"1999-01-11T08:17:52.172Z","age":25},"registered":{"date":"2021-06-20T14:46:28.541Z","age":3},"phone":"02-06-28-47-54","cell":"06-03-03-14-95","id":{"name":"INSEE","value":"2990097071499 83"},"picture":{"large":"https://randomuser.me/api/portraits/women/81.jpg","medium":"https://randomuser.me/api/portraits/med/women/81.jpg","thumbnail":"https://randomuser.me/api/portraits/thumb/women/81.jpg"},"nat":"FR"}],"info":{"seed":"6817f5fdde94e666","results":1,"page":1,"version":"1.4"}} 
 </msg>
<msg time="2024-07-04T16:18:04.832601" level="INFO">/opt/hostedtoolcache/Python/3.12.4/x64/lib/python3.12/site-packages/urllib3/connectionpool.py:1099: InsecureRequestWarning: Unverified HTTPS request is being made to host 'randomuser.me'. Adding certificate verification is strongly advised. See: https://urllib3.readthedocs.io/en/latest/advanced-usage.html#tls-warnings
  warnings.warn(</msg>
<msg time="2024-07-04T16:18:04.832726" level="INFO">${response} = &lt;Response [200]&gt;</msg>
<var>${response}</var>
<arg>consultarAPI</arg>
<arg>/api</arg>
<doc>Sends a GET request on a previously created HTTP Session.</doc>
<status status="PASS" start="2024-07-04T16:18:04.734371" elapsed="0.098408"/>
</kw>
<kw name="Set Variable" owner="BuiltIn">
<msg time="2024-07-04T16:18:04.833962" level="INFO">${json_data} = {'results': [{'gender': 'female', 'name': {'title': 'Miss', 'first': 'Lyna', 'last': 'Philippe'}, 'location': {'street': {'number': 7020, 'name': 'Route de Genas'}, 'city': 'Colombes', 'state': 'Lot',...</msg>
<var>${json_data}</var>
<arg>${response.json()}</arg>
<doc>Returns the given values which can then be assigned to a variables.</doc>
<status status="PASS" start="2024-07-04T16:18:04.833392" elapsed="0.000598"/>
</kw>
<kw name="Log" owner="BuiltIn">
<msg time="2024-07-04T16:18:04.834445" level="INFO">{'results': [{'gender': 'female', 'name': {'title': 'Miss', 'first': 'Lyna', 'last': 'Philippe'}, 'location': {'street': {'number': 7020, 'name': 'Route de Genas'}, 'city': 'Colombes', 'state': 'Lot', 'country': 'France', 'postcode': 95763, 'coordinates': {'latitude': '-12.9100', 'longitude': '14.4552'}, 'timezone': {'offset': '0:00', 'description': 'Western Europe Time, London, Lisbon, Casablanca'}}, 'email': 'lyna.philippe@example.com', 'login': {'uuid': 'ac17b549-fdeb-41f8-a79d-ceffd60a3e7c', 'username': 'ticklishsnake891', 'password': 'marjorie', 'salt': '24Se8HOC', 'md5': '19f905f4c3945f013124f8e8ccec0098', 'sha1': 'd8bd4fb1206dab47946488918b5749e3a732f0bf', 'sha256': 'b8e7674c60f33832e0c95f2fe1a74ca8d8849a51ae22b126153fbc1f3c5db943'}, 'dob': {'date': '1999-01-11T08:17:52.172Z', 'age': 25}, 'registered': {'date': '2021-06-20T14:46:28.541Z', 'age': 3}, 'phone': '02-06-28-47-54', 'cell': '06-03-03-14-95', 'id': {'name': 'INSEE', 'value': '2990097071499 83'}, 'picture': {'large': 'https://randomuser.me/api/portraits/women/81.jpg', 'medium': 'https://randomuser.me/api/portraits/med/women/81.jpg', 'thumbnail': 'https://randomuser.me/api/portraits/thumb/women/81.jpg'}, 'nat': 'FR'}], 'info': {'seed': '6817f5fdde94e666', 'results': 1, 'page': 1, 'version': '1.4'}}</msg>
<arg>${json_data}</arg>
<doc>Logs the given message with the given level.</doc>
<status status="PASS" start="2024-07-04T16:18:04.834289" elapsed="0.000203"/>
</kw>
<kw name="Dictionary Should Contain Key" owner="Collections">
<arg>${json_data}</arg>
<arg>results</arg>
<doc>Fails if ``key`` is not found from ``dictionary``.</doc>
<status status="PASS" start="2024-07-04T16:18:04.834777" elapsed="0.000162"/>
</kw>
<kw name="Should Not Be Empty" owner="BuiltIn">
<msg time="2024-07-04T16:18:04.835245" level="INFO">Length is 2.</msg>
<arg>${json_data}</arg>
<doc>Verifies that the given item is not empty.</doc>
<status status="PASS" start="2024-07-04T16:18:04.835121" elapsed="0.000161"/>
</kw>
<kw name="Create List" owner="BuiltIn">
<msg time="2024-07-04T16:18:04.835721" level="INFO">${expected_keys} = ['gender', 'name', 'location', 'email', 'login']</msg>
<var>${expected_keys}</var>
<arg>gender</arg>
<arg>name</arg>
<arg>location</arg>
<arg>email</arg>
<arg>login</arg>
<doc>Returns a list containing given items.</doc>
<status status="PASS" start="2024-07-04T16:18:04.835576" elapsed="0.000169"/>
</kw>
<for flavor="IN">
<iter>
<kw name="Dictionary Should Contain Key" owner="Collections">
<arg>${json_data['results'][0]}</arg>
<arg>${key}</arg>
<doc>Fails if ``key`` is not found from ``dictionary``.</doc>
<status status="PASS" start="2024-07-04T16:18:04.836445" elapsed="0.000388"/>
</kw>
<kw name="Log" owner="BuiltIn">
<msg time="2024-07-04T16:18:04.837416" level="INFO">{'gender': 'female', 'name': {'title': 'Miss', 'first': 'Lyna', 'last': 'Philippe'}, 'location': {'street': {'number': 7020, 'name': 'Route de Genas'}, 'city': 'Colombes', 'state': 'Lot', 'country': 'France', 'postcode': 95763, 'coordinates': {'latitude': '-12.9100', 'longitude': '14.4552'}, 'timezone': {'offset': '0:00', 'description': 'Western Europe Time, London, Lisbon, Casablanca'}}, 'email': 'lyna.philippe@example.com', 'login': {'uuid': 'ac17b549-fdeb-41f8-a79d-ceffd60a3e7c', 'username': 'ticklishsnake891', 'password': 'marjorie', 'salt': '24Se8HOC', 'md5': '19f905f4c3945f013124f8e8ccec0098', 'sha1': 'd8bd4fb1206dab47946488918b5749e3a732f0bf', 'sha256': 'b8e7674c60f33832e0c95f2fe1a74ca8d8849a51ae22b126153fbc1f3c5db943'}, 'dob': {'date': '1999-01-11T08:17:52.172Z', 'age': 25}, 'registered': {'date': '2021-06-20T14:46:28.541Z', 'age': 3}, 'phone': '02-06-28-47-54', 'cell': '06-03-03-14-95', 'id': {'name': 'INSEE', 'value': '2990097071499 83'}, 'picture': {'large': 'https://randomuser.me/api/portraits/women/81.jpg', 'medium': 'https://randomuser.me/api/portraits/med/women/81.jpg', 'thumbnail': 'https://randomuser.me/api/portraits/thumb/women/81.jpg'}, 'nat': 'FR'}</msg>
<arg>${json_data['results'][0]}</arg>
<doc>Logs the given message with the given level.</doc>
<status status="PASS" start="2024-07-04T16:18:04.837022" elapsed="0.000452"/>
</kw>
<kw name="Log" owner="BuiltIn">
<msg time="2024-07-04T16:18:04.837896" level="INFO">gender</msg>
<arg>${key}</arg>
<doc>Logs the given message with the given level.</doc>
<status status="PASS" start="2024-07-04T16:18:04.837768" elapsed="0.000166"/>
</kw>
<var name="${key}">gender</var>
<status status="PASS" start="2024-07-04T16:18:04.836324" elapsed="0.001827"/>
</iter>
<iter>
<kw name="Dictionary Should Contain Key" owner="Collections">
<arg>${json_data['results'][0]}</arg>
<arg>${key}</arg>
<doc>Fails if ``key`` is not found from ``dictionary``.</doc>
<status status="PASS" start="2024-07-04T16:18:04.838448" elapsed="0.000389"/>
</kw>
<kw name="Log" owner="BuiltIn">
<msg time="2024-07-04T16:18:04.839411" level="INFO">{'gender': 'female', 'name': {'title': 'Miss', 'first': 'Lyna', 'last': 'Philippe'}, 'location': {'street': {'number': 7020, 'name': 'Route de Genas'}, 'city': 'Colombes', 'state': 'Lot', 'country': 'France', 'postcode': 95763, 'coordinates': {'latitude': '-12.9100', 'longitude': '14.4552'}, 'timezone': {'offset': '0:00', 'description': 'Western Europe Time, London, Lisbon, Casablanca'}}, 'email': 'lyna.philippe@example.com', 'login': {'uuid': 'ac17b549-fdeb-41f8-a79d-ceffd60a3e7c', 'username': 'ticklishsnake891', 'password': 'marjorie', 'salt': '24Se8HOC', 'md5': '19f905f4c3945f013124f8e8ccec0098', 'sha1': 'd8bd4fb1206dab47946488918b5749e3a732f0bf', 'sha256': 'b8e7674c60f33832e0c95f2fe1a74ca8d8849a51ae22b126153fbc1f3c5db943'}, 'dob': {'date': '1999-01-11T08:17:52.172Z', 'age': 25}, 'registered': {'date': '2021-06-20T14:46:28.541Z', 'age': 3}, 'phone': '02-06-28-47-54', 'cell': '06-03-03-14-95', 'id': {'name': 'INSEE', 'value': '2990097071499 83'}, 'picture': {'large': 'https://randomuser.me/api/portraits/women/81.jpg', 'medium': 'https://randomuser.me/api/portraits/med/women/81.jpg', 'thumbnail': 'https://randomuser.me/api/portraits/thumb/women/81.jpg'}, 'nat': 'FR'}</msg>
<arg>${json_data['results'][0]}</arg>
<doc>Logs the given message with the given level.</doc>
<status status="PASS" start="2024-07-04T16:18:04.839051" elapsed="0.000408"/>
</kw>
<kw name="Log" owner="BuiltIn">
<msg time="2024-07-04T16:18:04.839878" level="INFO">name</msg>
<arg>${key}</arg>
<doc>Logs the given message with the given level.</doc>
<status status="PASS" start="2024-07-04T16:18:04.839752" elapsed="0.000163"/>
</kw>
<var name="${key}">name</var>
<status status="PASS" start="2024-07-04T16:18:04.838333" elapsed="0.001798"/>
</iter>
<iter>
<kw name="Dictionary Should Contain Key" owner="Collections">
<arg>${json_data['results'][0]}</arg>
<arg>${key}</arg>
<doc>Fails if ``key`` is not found from ``dictionary``.</doc>
<status status="PASS" start="2024-07-04T16:18:04.840410" elapsed="0.000394"/>
</kw>
<kw name="Log" owner="BuiltIn">
<msg time="2024-07-04T16:18:04.841377" level="INFO">{'gender': 'female', 'name': {'title': 'Miss', 'first': 'Lyna', 'last': 'Philippe'}, 'location': {'street': {'number': 7020, 'name': 'Route de Genas'}, 'city': 'Colombes', 'state': 'Lot', 'country': 'France', 'postcode': 95763, 'coordinates': {'latitude': '-12.9100', 'longitude': '14.4552'}, 'timezone': {'offset': '0:00', 'description': 'Western Europe Time, London, Lisbon, Casablanca'}}, 'email': 'lyna.philippe@example.com', 'login': {'uuid': 'ac17b549-fdeb-41f8-a79d-ceffd60a3e7c', 'username': 'ticklishsnake891', 'password': 'marjorie', 'salt': '24Se8HOC', 'md5': '19f905f4c3945f013124f8e8ccec0098', 'sha1': 'd8bd4fb1206dab47946488918b5749e3a732f0bf', 'sha256': 'b8e7674c60f33832e0c95f2fe1a74ca8d8849a51ae22b126153fbc1f3c5db943'}, 'dob': {'date': '1999-01-11T08:17:52.172Z', 'age': 25}, 'registered': {'date': '2021-06-20T14:46:28.541Z', 'age': 3}, 'phone': '02-06-28-47-54', 'cell': '06-03-03-14-95', 'id': {'name': 'INSEE', 'value': '2990097071499 83'}, 'picture': {'large': 'https://randomuser.me/api/portraits/women/81.jpg', 'medium': 'https://randomuser.me/api/portraits/med/women/81.jpg', 'thumbnail': 'https://randomuser.me/api/portraits/thumb/women/81.jpg'}, 'nat': 'FR'}</msg>
<arg>${json_data['results'][0]}</arg>
<doc>Logs the given message with the given level.</doc>
<status status="PASS" start="2024-07-04T16:18:04.840984" elapsed="0.000442"/>
</kw>
<kw name="Log" owner="BuiltIn">
<msg time="2024-07-04T16:18:04.841855" level="INFO">location</msg>
<arg>${key}</arg>
<doc>Logs the given message with the given level.</doc>
<status status="PASS" start="2024-07-04T16:18:04.841725" elapsed="0.000166"/>
</kw>
<var name="${key}">location</var>
<status status="PASS" start="2024-07-04T16:18:04.840305" elapsed="0.001802"/>
</iter>
<iter>
<kw name="Dictionary Should Contain Key" owner="Collections">
<arg>${json_data['results'][0]}</arg>
<arg>${key}</arg>
<doc>Fails if ``key`` is not found from ``dictionary``.</doc>
<status status="PASS" start="2024-07-04T16:18:04.842387" elapsed="0.000380"/>
</kw>
<kw name="Log" owner="BuiltIn">
<msg time="2024-07-04T16:18:04.843297" level="INFO">{'gender': 'female', 'name': {'title': 'Miss', 'first': 'Lyna', 'last': 'Philippe'}, 'location': {'street': {'number': 7020, 'name': 'Route de Genas'}, 'city': 'Colombes', 'state': 'Lot', 'country': 'France', 'postcode': 95763, 'coordinates': {'latitude': '-12.9100', 'longitude': '14.4552'}, 'timezone': {'offset': '0:00', 'description': 'Western Europe Time, London, Lisbon, Casablanca'}}, 'email': 'lyna.philippe@example.com', 'login': {'uuid': 'ac17b549-fdeb-41f8-a79d-ceffd60a3e7c', 'username': 'ticklishsnake891', 'password': 'marjorie', 'salt': '24Se8HOC', 'md5': '19f905f4c3945f013124f8e8ccec0098', 'sha1': 'd8bd4fb1206dab47946488918b5749e3a732f0bf', 'sha256': 'b8e7674c60f33832e0c95f2fe1a74ca8d8849a51ae22b126153fbc1f3c5db943'}, 'dob': {'date': '1999-01-11T08:17:52.172Z', 'age': 25}, 'registered': {'date': '2021-06-20T14:46:28.541Z', 'age': 3}, 'phone': '02-06-28-47-54', 'cell': '06-03-03-14-95', 'id': {'name': 'INSEE', 'value': '2990097071499 83'}, 'picture': {'large': 'https://randomuser.me/api/portraits/women/81.jpg', 'medium': 'https://randomuser.me/api/portraits/med/women/81.jpg', 'thumbnail': 'https://randomuser.me/api/portraits/thumb/women/81.jpg'}, 'nat': 'FR'}</msg>
<arg>${json_data['results'][0]}</arg>
<doc>Logs the given message with the given level.</doc>
<status status="PASS" start="2024-07-04T16:18:04.842947" elapsed="0.000408"/>
</kw>
<kw name="Log" owner="BuiltIn">
<msg time="2024-07-04T16:18:04.843779" level="INFO">email</msg>
<arg>${key}</arg>
<doc>Logs the given message with the given level.</doc>
<status status="PASS" start="2024-07-04T16:18:04.843651" elapsed="0.000166"/>
</kw>
<var name="${key}">email</var>
<status status="PASS" start="2024-07-04T16:18:04.842280" elapsed="0.001758"/>
</iter>
<iter>
<kw name="Dictionary Should Contain Key" owner="Collections">
<arg>${json_data['results'][0]}</arg>
<arg>${key}</arg>
<doc>Fails if ``key`` is not found from ``dictionary``.</doc>
<status status="PASS" start="2024-07-04T16:18:04.844323" elapsed="0.000386"/>
</kw>
<kw name="Log" owner="BuiltIn">
<msg time="2024-07-04T16:18:04.845277" level="INFO">{'gender': 'female', 'name': {'title': 'Miss', 'first': 'Lyna', 'last': 'Philippe'}, 'location': {'street': {'number': 7020, 'name': 'Route de Genas'}, 'city': 'Colombes', 'state': 'Lot', 'country': 'France', 'postcode': 95763, 'coordinates': {'latitude': '-12.9100', 'longitude': '14.4552'}, 'timezone': {'offset': '0:00', 'description': 'Western Europe Time, London, Lisbon, Casablanca'}}, 'email': 'lyna.philippe@example.com', 'login': {'uuid': 'ac17b549-fdeb-41f8-a79d-ceffd60a3e7c', 'username': 'ticklishsnake891', 'password': 'marjorie', 'salt': '24Se8HOC', 'md5': '19f905f4c3945f013124f8e8ccec0098', 'sha1': 'd8bd4fb1206dab47946488918b5749e3a732f0bf', 'sha256': 'b8e7674c60f33832e0c95f2fe1a74ca8d8849a51ae22b126153fbc1f3c5db943'}, 'dob': {'date': '1999-01-11T08:17:52.172Z', 'age': 25}, 'registered': {'date': '2021-06-20T14:46:28.541Z', 'age': 3}, 'phone': '02-06-28-47-54', 'cell': '06-03-03-14-95', 'id': {'name': 'INSEE', 'value': '2990097071499 83'}, 'picture': {'large': 'https://randomuser.me/api/portraits/women/81.jpg', 'medium': 'https://randomuser.me/api/portraits/med/women/81.jpg', 'thumbnail': 'https://randomuser.me/api/portraits/thumb/women/81.jpg'}, 'nat': 'FR'}</msg>
<arg>${json_data['results'][0]}</arg>
<doc>Logs the given message with the given level.</doc>
<status status="PASS" start="2024-07-04T16:18:04.844888" elapsed="0.000447"/>
</kw>
<kw name="Log" owner="BuiltIn">
<msg time="2024-07-04T16:18:04.845762" level="INFO">login</msg>
<arg>${key}</arg>
<doc>Logs the given message with the given level.</doc>
<status status="PASS" start="2024-07-04T16:18:04.845634" elapsed="0.000166"/>
</kw>
<var name="${key}">login</var>
<status status="PASS" start="2024-07-04T16:18:04.844211" elapsed="0.001812"/>
</iter>
<var>${key}</var>
<value>@{expected_keys}</value>
<status status="PASS" start="2024-07-04T16:18:04.836141" elapsed="0.010029"/>
</for>
<kw name="Create List" owner="BuiltIn">
<msg time="2024-07-04T16:18:04.846495" level="INFO">${expected_keysTwo} = ['username', 'password']</msg>
<var>${expected_keysTwo}</var>
<arg>username</arg>
<arg>password</arg>
<doc>Returns a list containing given items.</doc>
<status status="PASS" start="2024-07-04T16:18:04.846361" elapsed="0.000158"/>
</kw>
<for flavor="IN">
<iter>
<kw name="Dictionary Should Contain Key" owner="Collections">
<arg>${json_data['results'][0]['login']}</arg>
<arg>${keyTwo}</arg>
<doc>Fails if ``key`` is not found from ``dictionary``.</doc>
<status status="PASS" start="2024-07-04T16:18:04.847020" elapsed="0.000383"/>
</kw>
<kw name="Dictionary Should Contain Key" owner="Collections">
<arg>${json_data['results'][0]['login']}</arg>
<arg>${keyTwo}</arg>
<doc>Fails if ``key`` is not found from ``dictionary``.</doc>
<status status="PASS" start="2024-07-04T16:18:04.847580" elapsed="0.000377"/>
</kw>
<kw name="Log" owner="BuiltIn">
<msg time="2024-07-04T16:18:04.848271" level="INFO">username</msg>
<arg>${keyTwo}</arg>
<doc>Logs the given message with the given level.</doc>
<status status="PASS" start="2024-07-04T16:18:04.848146" elapsed="0.000163"/>
</kw>
<var name="${keyTwo}">username</var>
<status status="PASS" start="2024-07-04T16:18:04.846915" elapsed="0.001614"/>
</iter>
<iter>
<kw name="Dictionary Should Contain Key" owner="Collections">
<arg>${json_data['results'][0]['login']}</arg>
<arg>${keyTwo}</arg>
<doc>Fails if ``key`` is not found from ``dictionary``.</doc>
<status status="PASS" start="2024-07-04T16:18:04.848806" elapsed="0.000418"/>
</kw>
<kw name="Dictionary Should Contain Key" owner="Collections">
<arg>${json_data['results'][0]['login']}</arg>
<arg>${keyTwo}</arg>
<doc>Fails if ``key`` is not found from ``dictionary``.</doc>
<status status="PASS" start="2024-07-04T16:18:04.849413" elapsed="0.000369"/>
</kw>
<kw name="Log" owner="BuiltIn">
<msg time="2024-07-04T16:18:04.850072" level="INFO">password</msg>
<arg>${keyTwo}</arg>
<doc>Logs the given message with the given level.</doc>
<status status="PASS" start="2024-07-04T16:18:04.849955" elapsed="0.000160"/>
</kw>
<var name="${keyTwo}">password</var>
<status status="PASS" start="2024-07-04T16:18:04.848700" elapsed="0.001639"/>
</iter>
<var>${keyTwo}</var>
<value>@{expected_keysTwo}</value>
<status status="PASS" start="2024-07-04T16:18:04.846755" elapsed="0.003724"/>
</for>
<status status="PASS" start="2024-07-04T16:18:04.734142" elapsed="0.116484"/>
</kw>
<doc>Testa a estrutura da resposta da API.</doc>
<tag>testeEstruturaResposta</tag>
<status status="PASS" start="2024-07-04T16:18:04.733539" elapsed="0.117236"/>
</test>
<test id="s1-s1-t4" name="Validar tipos de dados" line="28">
<kw name="Teste de Tipos de Dados" owner="random-user-service">
<kw name="GET On Session" owner="RequestsLibrary">
<msg time="2024-07-04T16:18:04.942992" level="INFO">GET Request : url=https://randomuser.me/api 
 path_url=/api 
 headers={'User-Agent': 'python-requests/2.32.3', 'Accept-Encoding': 'gzip, deflate', 'Accept': '*/*', 'Connection': 'keep-alive'} 
 body=None 
 </msg>
<msg time="2024-07-04T16:18:04.943074" level="INFO">GET Response : url=https://randomuser.me/api 
 status=200, reason=OK 
 headers={'Date': 'Thu, 04 Jul 2024 16:18:04 GMT', 'Content-Type': 'application/json; charset=utf-8', 'Transfer-Encoding': 'chunked', 'Connection': 'keep-alive', 'X-Powered-By': 'Express', 'Access-Control-Allow-Origin': '*', 'Cache-Control': 'no-cache', 'ETag': 'W/"48a-CZXKA3Im2i/IOX+JAJHpC1160jM"', 'Vary': 'Accept-Encoding', 'Content-Encoding': 'gzip', 'CF-Cache-Status': 'DYNAMIC', 'Report-To': '{"endpoints":[{"url":"https:\\/\\/a.nel.cloudflare.com\\/report\\/v4?s=xVVOiSz2ujbcRbkr71zAh5aAneC8Svxib09pgRaGtPHMEIiZ%2FRGCQ3PZghG5CSsxlccS00lQ6JjNS1CTVvBbOMM9rCI7j30g4XDxmyWGRQiE5B5IKrf1xele8MIRyC%2Bw"}],"group":"cf-nel","max_age":604800}', 'NEL': '{"success_fraction":0,"report_to":"cf-nel","max_age":604800}', 'Server': 'cloudflare', 'CF-RAY': '89e06ddc5a83159a-SJC', 'alt-svc': 'h3=":443"; ma=86400'} 
 body={"results":[{"gender":"female","name":{"title":"Ms","first":"Olja","last":"Ninković"},"location":{"street":{"number":7348,"name":"Lukarska"},"city":"Lajkovac","state":"Raška","country":"Serbia","postcode":14598,"coordinates":{"latitude":"56.4435","longitude":"6.6236"},"timezone":{"offset":"+5:30","description":"Bombay, Calcutta, Madras, New Delhi"}},"email":"olja.ninkovic@example.com","login":{"uuid":"b7bbb76b-09b5-4368-8585-d4d64c7e4877","username":"goldensnake372","password":"kisses","salt":"KTumzIYu","md5":"60c0a33d5b4436b8126ffcbf20ab02d8","sha1":"10cc8027c245aca81099d1b91d0b4a79633bf5a6","sha256":"34ba3a74670b694ef8b4f138c8002828e54ab07be6ef43d78c404099670a926f"},"dob":{"date":"1991-03-28T01:40:47.591Z","age":33},"registered":{"date":"2010-05-27T22:54:06.846Z","age":14},"phone":"034-8254-458","cell":"061-0356-718","id":{"name":"SID","value":"085533796"},"picture":{"large":"https://randomuser.me/api/portraits/women/24.jpg","medium":"https://randomuser.me/api/portraits/med/women/24.jpg","thumbnail":"https://randomuser.me/api/portraits/thumb/women/24.jpg"},"nat":"RS"}],"info":{"seed":"ede0877e02e6e08d","results":1,"page":1,"version":"1.4"}} 
 </msg>
<msg time="2024-07-04T16:18:04.943148" level="INFO">/opt/hostedtoolcache/Python/3.12.4/x64/lib/python3.12/site-packages/urllib3/connectionpool.py:1099: InsecureRequestWarning: Unverified HTTPS request is being made to host 'randomuser.me'. Adding certificate verification is strongly advised. See: https://urllib3.readthedocs.io/en/latest/advanced-usage.html#tls-warnings
  warnings.warn(</msg>
<msg time="2024-07-04T16:18:04.943261" level="INFO">${response} = &lt;Response [200]&gt;</msg>
<var>${response}</var>
<arg>consultarAPI</arg>
<arg>/api</arg>
<doc>Sends a GET request on a previously created HTTP Session.</doc>
<status status="PASS" start="2024-07-04T16:18:04.853395" elapsed="0.089917"/>
</kw>
<kw name="Set Variable" owner="BuiltIn">
<msg time="2024-07-04T16:18:04.944421" level="INFO">${json_data} = {'results': [{'gender': 'female', 'name': {'title': 'Ms', 'first': 'Olja', 'last': 'Ninković'}, 'location': {'street': {'number': 7348, 'name': 'Lukarska'}, 'city': 'Lajkovac', 'state': 'Raška', 'coun...</msg>
<var>${json_data}</var>
<arg>${response.json()}</arg>
<doc>Returns the given values which can then be assigned to a variables.</doc>
<status status="PASS" start="2024-07-04T16:18:04.943860" elapsed="0.000596"/>
</kw>
<kw name="Log" owner="BuiltIn">
<msg time="2024-07-04T16:18:04.944928" level="INFO">{'results': [{'gender': 'female', 'name': {'title': 'Ms', 'first': 'Olja', 'last': 'Ninković'}, 'location': {'street': {'number': 7348, 'name': 'Lukarska'}, 'city': 'Lajkovac', 'state': 'Raška', 'country': 'Serbia', 'postcode': 14598, 'coordinates': {'latitude': '56.4435', 'longitude': '6.6236'}, 'timezone': {'offset': '+5:30', 'description': 'Bombay, Calcutta, Madras, New Delhi'}}, 'email': 'olja.ninkovic@example.com', 'login': {'uuid': 'b7bbb76b-09b5-4368-8585-d4d64c7e4877', 'username': 'goldensnake372', 'password': 'kisses', 'salt': 'KTumzIYu', 'md5': '60c0a33d5b4436b8126ffcbf20ab02d8', 'sha1': '10cc8027c245aca81099d1b91d0b4a79633bf5a6', 'sha256': '34ba3a74670b694ef8b4f138c8002828e54ab07be6ef43d78c404099670a926f'}, 'dob': {'date': '1991-03-28T01:40:47.591Z', 'age': 33}, 'registered': {'date': '2010-05-27T22:54:06.846Z', 'age': 14}, 'phone': '034-8254-458', 'cell': '061-0356-718', 'id': {'name': 'SID', 'value': '085533796'}, 'picture': {'large': 'https://randomuser.me/api/portraits/women/24.jpg', 'medium': 'https://randomuser.me/api/portraits/med/women/24.jpg', 'thumbnail': 'https://randomuser.me/api/portraits/thumb/women/24.jpg'}, 'nat': 'RS'}], 'info': {'seed': 'ede0877e02e6e08d', 'results': 1, 'page': 1, 'version': '1.4'}}</msg>
<arg>${json_data}</arg>
<doc>Logs the given message with the given level.</doc>
<status status="PASS" start="2024-07-04T16:18:04.944766" elapsed="0.000212"/>
</kw>
<kw name="Should Be String" owner="String">
<arg>${json_data['results'][0]['gender']}</arg>
<doc>Fails if the given ``item`` is not a string.</doc>
<status status="PASS" start="2024-07-04T16:18:04.945318" elapsed="0.000399"/>
</kw>
<kw name="Should Match Regexp" owner="BuiltIn">
<arg>${json_data['results'][0]['email']}</arg>
<arg>^[a-zA-Z0-9._%+-]+@[a-zA-Z0-9.-]+\.[a-zA-Z]{2,}$</arg>
<doc>Fails if ``string`` does not match ``pattern`` as a regular expression.</doc>
<status status="PASS" start="2024-07-04T16:18:04.945907" elapsed="0.000523"/>
</kw>
<kw name="Should Match Regexp" owner="BuiltIn">
<arg>${json_data['results'][0]['dob']['date']}</arg>
<arg>\\d{4}-\\d{2}-\\d{2}T\\d{2}:\\d{2}:\\d{2}\\.\\d{3}Z</arg>
<doc>Fails if ``string`` does not match ``pattern`` as a regular expression.</doc>
<status status="PASS" start="2024-07-04T16:18:04.946620" elapsed="0.000480"/>
</kw>
<kw name="Should Match Regexp" owner="BuiltIn">
<arg>${json_data['results'][0]['registered']['date']}</arg>
<arg>\\d{4}-\\d{2}-\\d{2}T\\d{2}:\\d{2}:\\d{2}\\.\\d{3}Z</arg>
<doc>Fails if ``string`` does not match ``pattern`` as a regular expression.</doc>
<status status="PASS" start="2024-07-04T16:18:04.947287" elapsed="0.000367"/>
</kw>
<kw name="Should Match Regexp" owner="BuiltIn">
<arg>${json_data['results'][0]['picture']['large']}</arg>
<arg>^https?://.*\.(?:png|jpe?g|gif|bmp)$</arg>
<doc>Fails if ``string`` does not match ``pattern`` as a regular expression.</doc>
<status status="PASS" start="2024-07-04T16:18:04.947837" elapsed="0.000448"/>
</kw>
<kw name="Should Match Regexp" owner="BuiltIn">
<arg>${json_data['results'][0]['picture']['medium']}</arg>
<arg>^https?://.*\.(?:png|jpe?g|gif|bmp)$</arg>
<doc>Fails if ``string`` does not match ``pattern`` as a regular expression.</doc>
<status status="PASS" start="2024-07-04T16:18:04.948468" elapsed="0.000357"/>
</kw>
<kw name="Should Match Regexp" owner="BuiltIn">
<arg>${json_data['results'][0]['picture']['thumbnail']}</arg>
<arg>^https?://.*\.(?:png|jpe?g|gif|bmp)$</arg>
<doc>Fails if ``string`` does not match ``pattern`` as a regular expression.</doc>
<status status="PASS" start="2024-07-04T16:18:04.949008" elapsed="0.000379"/>
</kw>
<kw name="Log" owner="BuiltIn">
<msg time="2024-07-04T16:18:04.949906" level="INFO">{'large': 'https://randomuser.me/api/portraits/women/24.jpg', 'medium': 'https://randomuser.me/api/portraits/med/women/24.jpg', 'thumbnail': 'https://randomuser.me/api/portraits/thumb/women/24.jpg'}</msg>
<arg>${json_data['results'][0]['picture']}</arg>
<doc>Logs the given message with the given level.</doc>
<status status="PASS" start="2024-07-04T16:18:04.949580" elapsed="0.000370"/>
</kw>
<status status="PASS" start="2024-07-04T16:18:04.853129" elapsed="0.097074"/>
</kw>
<kw name="Teste de Tipos de Dados - Postcode" owner="random-user-service">
<kw name="GET On Session" owner="RequestsLibrary">
<msg time="2024-07-04T16:18:05.041456" level="INFO">GET Request : url=https://randomuser.me/api 
 path_url=/api 
 headers={'User-Agent': 'python-requests/2.32.3', 'Accept-Encoding': 'gzip, deflate', 'Accept': '*/*', 'Connection': 'keep-alive'} 
 body=None 
 </msg>
<msg time="2024-07-04T16:18:05.041533" level="INFO">GET Response : url=https://randomuser.me/api 
 status=200, reason=OK 
 headers={'Date': 'Thu, 04 Jul 2024 16:18:05 GMT', 'Content-Type': 'application/json; charset=utf-8', 'Transfer-Encoding': 'chunked', 'Connection': 'keep-alive', 'X-Powered-By': 'Express', 'Access-Control-Allow-Origin': '*', 'Cache-Control': 'no-cache', 'ETag': 'W/"494-UyvzuGlxArcNxDSKkTBQYoiCAh0"', 'Vary': 'Accept-Encoding', 'Content-Encoding': 'gzip', 'CF-Cache-Status': 'DYNAMIC', 'Report-To': '{"endpoints":[{"url":"https:\\/\\/a.nel.cloudflare.com\\/report\\/v4?s=q06lBO%2B%2Fw4S%2BonEaa7x7L7PD8g%2B4wxo8VCWEdELKjPRV2eMvr3poViLhA3zM7ZnwT8boNC2qgc9WWi%2BtCoh%2F2x8vtFrvasbr5VINLDOwJ2hpr1L9sGdTH9Pn0GQF%2BJhA"}],"group":"cf-nel","max_age":604800}', 'NEL': '{"success_fraction":0,"report_to":"cf-nel","max_age":604800}', 'Server': 'cloudflare', 'CF-RAY': '89e06ddcfb03159a-SJC', 'alt-svc': 'h3=":443"; ma=86400'} 
 body={"results":[{"gender":"female","name":{"title":"Miss","first":"Oriyanka","last":"Gavrish"},"location":{"street":{"number":9008,"name":"Vasilivska"},"city":"Zhmerinka","state":"Donecka","country":"Ukraine","postcode":43967,"coordinates":{"latitude":"78.4061","longitude":"122.3474"},"timezone":{"offset":"+9:00","description":"Tokyo, Seoul, Osaka, Sapporo, Yakutsk"}},"email":"oriyanka.gavrish@example.com","login":{"uuid":"a23ee142-663e-4a6e-a977-ea91f8d6abdb","username":"heavytiger688","password":"javelin","salt":"An3Oz3iK","md5":"9893e72d31d0fbd829da1bfa80aeda43","sha1":"617712fabab5163d086ce497e81d0b27a2e24a9f","sha256":"5b56e92b88b9aae3668781713b18a002cbc19a1793e680a7b8806d5cd76345f1"},"dob":{"date":"1976-08-08T13:36:53.353Z","age":47},"registered":{"date":"2004-07-09T04:08:04.342Z","age":19},"phone":"(096) W36-7860","cell":"(099) F87-4088","id":{"name":"","value":null},"picture":{"large":"https://randomuser.me/api/portraits/women/93.jpg","medium":"https://randomuser.me/api/portraits/med/women/93.jpg","thumbnail":"https://randomuser.me/api/portraits/thumb/women/93.jpg"},"nat":"UA"}],"info":{"seed":"c46402d50f6b427a","results":1,"page":1,"version":"1.4"}} 
 </msg>
<msg time="2024-07-04T16:18:05.041595" level="INFO">/opt/hostedtoolcache/Python/3.12.4/x64/lib/python3.12/site-packages/urllib3/connectionpool.py:1099: InsecureRequestWarning: Unverified HTTPS request is being made to host 'randomuser.me'. Adding certificate verification is strongly advised. See: https://urllib3.readthedocs.io/en/latest/advanced-usage.html#tls-warnings
  warnings.warn(</msg>
<msg time="2024-07-04T16:18:05.041698" level="INFO">${response} = &lt;Response [200]&gt;</msg>
<var>${response}</var>
<arg>consultarAPI</arg>
<arg>/api</arg>
<doc>Sends a GET request on a previously created HTTP Session.</doc>
<status status="PASS" start="2024-07-04T16:18:04.950635" elapsed="0.091102"/>
</kw>
<kw name="Set Variable" owner="BuiltIn">
<msg time="2024-07-04T16:18:05.042814" level="INFO">${json_data} = {'results': [{'gender': 'female', 'name': {'title': 'Miss', 'first': 'Oriyanka', 'last': 'Gavrish'}, 'location': {'street': {'number': 9008, 'name': 'Vasilivska'}, 'city': 'Zhmerinka', 'state': 'Donec...</msg>
<var>${json_data}</var>
<arg>${response.json()}</arg>
<doc>Returns the given values which can then be assigned to a variables.</doc>
<status status="PASS" start="2024-07-04T16:18:05.042262" elapsed="0.000580"/>
</kw>
<kw name="Log" owner="BuiltIn">
<msg time="2024-07-04T16:18:05.043309" level="INFO">{'results': [{'gender': 'female', 'name': {'title': 'Miss', 'first': 'Oriyanka', 'last': 'Gavrish'}, 'location': {'street': {'number': 9008, 'name': 'Vasilivska'}, 'city': 'Zhmerinka', 'state': 'Donecka', 'country': 'Ukraine', 'postcode': 43967, 'coordinates': {'latitude': '78.4061', 'longitude': '122.3474'}, 'timezone': {'offset': '+9:00', 'description': 'Tokyo, Seoul, Osaka, Sapporo, Yakutsk'}}, 'email': 'oriyanka.gavrish@example.com', 'login': {'uuid': 'a23ee142-663e-4a6e-a977-ea91f8d6abdb', 'username': 'heavytiger688', 'password': 'javelin', 'salt': 'An3Oz3iK', 'md5': '9893e72d31d0fbd829da1bfa80aeda43', 'sha1': '617712fabab5163d086ce497e81d0b27a2e24a9f', 'sha256': '5b56e92b88b9aae3668781713b18a002cbc19a1793e680a7b8806d5cd76345f1'}, 'dob': {'date': '1976-08-08T13:36:53.353Z', 'age': 47}, 'registered': {'date': '2004-07-09T04:08:04.342Z', 'age': 19}, 'phone': '(096) W36-7860', 'cell': '(099) F87-4088', 'id': {'name': '', 'value': None}, 'picture': {'large': 'https://randomuser.me/api/portraits/women/93.jpg', 'medium': 'https://randomuser.me/api/portraits/med/women/93.jpg', 'thumbnail': 'https://randomuser.me/api/portraits/thumb/women/93.jpg'}, 'nat': 'UA'}], 'info': {'seed': 'c46402d50f6b427a', 'results': 1, 'page': 1, 'version': '1.4'}}</msg>
<arg>${json_data}</arg>
<doc>Logs the given message with the given level.</doc>
<status status="PASS" start="2024-07-04T16:18:05.043155" elapsed="0.000199"/>
</kw>
<kw name="Should Be Equal As Numbers" owner="BuiltIn">
<arg>${json_data['results'][0]['location']['postcode']}</arg>
<arg>${json_data['results'][0]['location']['postcode']}</arg>
<doc>Fails if objects are unequal after converting them to real numbers.</doc>
<status status="PASS" start="2024-07-04T16:18:05.043646" elapsed="0.000621"/>
</kw>
<kw name="Log" owner="BuiltIn">
<msg time="2024-07-04T16:18:05.044830" level="INFO">43967</msg>
<arg>${json_data['results'][0]['location']['postcode']}</arg>
<doc>Logs the given message with the given level.</doc>
<status status="PASS" start="2024-07-04T16:18:05.044488" elapsed="0.000383"/>
</kw>
<status status="PASS" start="2024-07-04T16:18:04.950418" elapsed="0.094705"/>
</kw>
<doc>Testa se os tipos de dados na resposta da API estão corretos.</doc>
<tag>testeTiposDados</tag>
<status status="PASS" start="2024-07-04T16:18:04.852493" elapsed="0.192837"/>
</test>
<test id="s1-s1-t5" name="Validar conteudo" line="35">
<kw name="Teste de Tipos de Conteudo" owner="random-user-service">
<kw name="GET On Session" owner="RequestsLibrary">
<msg time="2024-07-04T16:18:05.145453" level="INFO">GET Request : url=https://randomuser.me/api 
 path_url=/api 
 headers={'User-Agent': 'python-requests/2.32.3', 'Accept-Encoding': 'gzip, deflate', 'Accept': '*/*', 'Connection': 'keep-alive'} 
 body=None 
 </msg>
<msg time="2024-07-04T16:18:05.145562" level="INFO">GET Response : url=https://randomuser.me/api 
 status=200, reason=OK 
 headers={'Date': 'Thu, 04 Jul 2024 16:18:05 GMT', 'Content-Type': 'application/json; charset=utf-8', 'Transfer-Encoding': 'chunked', 'Connection': 'keep-alive', 'X-Powered-By': 'Express', 'Access-Control-Allow-Origin': '*', 'Cache-Control': 'no-cache', 'ETag': 'W/"477-ld//4rcN5QIgGBun+pUCNMrz5iA"', 'Vary': 'Accept-Encoding', 'Content-Encoding': 'gzip', 'CF-Cache-Status': 'DYNAMIC', 'Report-To': '{"endpoints":[{"url":"https:\\/\\/a.nel.cloudflare.com\\/report\\/v4?s=71AwiIRd3mcwSEIKFXzW6jpQeHBTReDzsUHBK3kdqawkyJJyjlcORpDpSc%2Fn6s%2BImXEieGdGefiepqtMPaHfXXY5%2B3Nbvw2M44qntgqv7WkZ6r%2BcDUTREnAp8UcQWvBb"}],"group":"cf-nel","max_age":604800}', 'NEL': '{"success_fraction":0,"report_to":"cf-nel","max_age":604800}', 'Server': 'cloudflare', 'CF-RAY': '89e06ddd9b7b159a-SJC', 'alt-svc': 'h3=":443"; ma=86400'} 
 body={"results":[{"gender":"female","name":{"title":"Mrs","first":"Cathy","last":"Dean"},"location":{"street":{"number":6399,"name":"Albert Road"},"city":"Carrigtwohill","state":"Clare","country":"Ireland","postcode":50626,"coordinates":{"latitude":"1.7105","longitude":"144.5707"},"timezone":{"offset":"-3:30","description":"Newfoundland"}},"email":"cathy.dean@example.com","login":{"uuid":"3355a031-739a-48bd-af07-7abcb3ed471f","username":"heavyladybug715","password":"12345678","salt":"pKNGRZy7","md5":"58f44627f434c3d6dcf929d770b54c1e","sha1":"965271bc993d713a866d0f2f9fc3d3c602bc3d52","sha256":"406619ebc6637e32ff9cbb4d56d95d21273219500636cda69ddefbe92ca6f273"},"dob":{"date":"1986-07-31T07:15:11.253Z","age":37},"registered":{"date":"2017-05-14T02:07:36.429Z","age":7},"phone":"021-982-4090","cell":"081-177-6153","id":{"name":"PPS","value":"5228554T"},"picture":{"large":"https://randomuser.me/api/portraits/women/68.jpg","medium":"https://randomuser.me/api/portraits/med/women/68.jpg","thumbnail":"https://randomuser.me/api/portraits/thumb/women/68.jpg"},"nat":"IE"}],"info":{"seed":"c746190d63333cc5","results":1,"page":1,"version":"1.4"}} 
 </msg>
<msg time="2024-07-04T16:18:05.145659" level="INFO">/opt/hostedtoolcache/Python/3.12.4/x64/lib/python3.12/site-packages/urllib3/connectionpool.py:1099: InsecureRequestWarning: Unverified HTTPS request is being made to host 'randomuser.me'. Adding certificate verification is strongly advised. See: https://urllib3.readthedocs.io/en/latest/advanced-usage.html#tls-warnings
  warnings.warn(</msg>
<msg time="2024-07-04T16:18:05.145811" level="INFO">${response} = &lt;Response [200]&gt;</msg>
<var>${response}</var>
<arg>consultarAPI</arg>
<arg>/api</arg>
<doc>Sends a GET request on a previously created HTTP Session.</doc>
<status status="PASS" start="2024-07-04T16:18:05.047980" elapsed="0.097881"/>
</kw>
<kw name="Set Variable" owner="BuiltIn">
<msg time="2024-07-04T16:18:05.147035" level="INFO">${json_data} = {'results': [{'gender': 'female', 'name': {'title': 'Mrs', 'first': 'Cathy', 'last': 'Dean'}, 'location': {'street': {'number': 6399, 'name': 'Albert Road'}, 'city': 'Carrigtwohill', 'state': 'Clare',...</msg>
<var>${json_data}</var>
<arg>${response.json()}</arg>
<doc>Returns the given values which can then be assigned to a variables.</doc>
<status status="PASS" start="2024-07-04T16:18:05.146477" elapsed="0.000586"/>
</kw>
<kw name="Set Variable" owner="BuiltIn">
<msg time="2024-07-04T16:18:05.147745" level="INFO">${name_title} = Mrs</msg>
<var>${name_title}</var>
<arg>${json_data["results"][0]["name"]["title"]}</arg>
<doc>Returns the given values which can then be assigned to a variables.</doc>
<status status="PASS" start="2024-07-04T16:18:05.147365" elapsed="0.000405"/>
</kw>
<kw name="Create List" owner="BuiltIn">
<msg time="2024-07-04T16:18:05.148215" level="INFO">${allowed_titles} = ['Mr', 'Ms', 'Miss', 'Mrs', 'Madame', 'Monsieur']</msg>
<var>${allowed_titles}</var>
<arg>Mr</arg>
<arg>Ms</arg>
<arg>Miss</arg>
<arg>Mrs</arg>
<arg>Madame</arg>
<arg>Monsieur</arg>
<doc>Returns a list containing given items.</doc>
<status status="PASS" start="2024-07-04T16:18:05.148062" elapsed="0.000177"/>
</kw>
<kw name="List Should Contain Value" owner="Collections">
<arg>${allowed_titles}</arg>
<arg>${name_title}</arg>
<doc>Fails if the ``value`` is not found from ``list``.</doc>
<status status="PASS" start="2024-07-04T16:18:05.148538" elapsed="0.000178"/>
</kw>
<kw name="Set Variable" owner="BuiltIn">
<msg time="2024-07-04T16:18:05.149311" level="INFO">${name_country} = IE</msg>
<var>${name_country}</var>
<arg>${json_data["results"][0]["nat"]}</arg>
<doc>Returns the given values which can then be assigned to a variables.</doc>
<status status="PASS" start="2024-07-04T16:18:05.148896" elapsed="0.000447"/>
</kw>
<kw name="Create List" owner="BuiltIn">
<msg time="2024-07-04T16:18:05.150242" level="INFO">${list_country} = ['AD', 'AE', 'AF', 'AG', 'AI', 'AL', 'AM', 'AO', 'AQ', 'AR', 'AS', 'AT', 'AU', 'AW', 'AX', 'AZ', 'BA', 'BB', 'BD', 'BE', 'BF', 'BG', 'BH', 'BI', 'BJ', 'BL', 'BM', 'BN', 'BO', 'BQ', 'BR', 'BS', 'BT', '...</msg>
<var>${list_country}</var>
<arg>AD</arg>
<arg>AE</arg>
<arg>AF</arg>
<arg>AG</arg>
<arg>AI</arg>
<arg>AL</arg>
<arg>AM</arg>
<arg>AO</arg>
<arg>AQ</arg>
<arg>AR</arg>
<arg>AS</arg>
<arg>AT</arg>
<arg>AU</arg>
<arg>AW</arg>
<arg>AX</arg>
<arg>AZ</arg>
<arg>BA</arg>
<arg>BB</arg>
<arg>BD</arg>
<arg>BE</arg>
<arg>BF</arg>
<arg>BG</arg>
<arg>BH</arg>
<arg>BI</arg>
<arg>BJ</arg>
<arg>BL</arg>
<arg>BM</arg>
<arg>BN</arg>
<arg>BO</arg>
<arg>BQ</arg>
<arg>BR</arg>
<arg>BS</arg>
<arg>BT</arg>
<arg>BV</arg>
<arg>BW</arg>
<arg>BY</arg>
<arg>BZ</arg>
<arg>CA</arg>
<arg>CC</arg>
<arg>CD</arg>
<arg>CF</arg>
<arg>CG</arg>
<arg>CH</arg>
<arg>CI</arg>
<arg>CK</arg>
<arg>CL</arg>
<arg>CM</arg>
<arg>CN</arg>
<arg>CO</arg>
<arg>CR</arg>
<arg>CU</arg>
<arg>CV</arg>
<arg>CW</arg>
<arg>CX</arg>
<arg>CY</arg>
<arg>CZ</arg>
<arg>DE</arg>
<arg>DJ</arg>
<arg>DK</arg>
<arg>DM</arg>
<arg>DO</arg>
<arg>DZ</arg>
<arg>EC</arg>
<arg>EE</arg>
<arg>EG</arg>
<arg>EH</arg>
<arg>ER</arg>
<arg>ES</arg>
<arg>ET</arg>
<arg>FI</arg>
<arg>FJ</arg>
<arg>FK</arg>
<arg>FM</arg>
<arg>FO</arg>
<arg>FR</arg>
<arg>GA</arg>
<arg>GB</arg>
<arg>GD</arg>
<arg>GE</arg>
<arg>GF</arg>
<arg>GG</arg>
<arg>GH</arg>
<arg>GI</arg>
<arg>GL</arg>
<arg>GM</arg>
<arg>GN</arg>
<arg>GP</arg>
<arg>GQ</arg>
<arg>GR</arg>
<arg>GS</arg>
<arg>GT</arg>
<arg>GU</arg>
<arg>GW</arg>
<arg>GY</arg>
<arg>HK</arg>
<arg>HM</arg>
<arg>HN</arg>
<arg>HR</arg>
<arg>HT</arg>
<arg>HU</arg>
<arg>ID</arg>
<arg>IE</arg>
<arg>IL</arg>
<arg>IM</arg>
<arg>IN</arg>
<arg>IO</arg>
<arg>IQ</arg>
<arg>IR</arg>
<arg>IS</arg>
<arg>IT</arg>
<arg>JE</arg>
<arg>JM</arg>
<arg>JO</arg>
<arg>JP</arg>
<arg>KE</arg>
<arg>KG</arg>
<arg>KH</arg>
<arg>KI</arg>
<arg>KM</arg>
<arg>KN</arg>
<arg>KP</arg>
<arg>KR</arg>
<arg>KW</arg>
<arg>KY</arg>
<arg>KZ</arg>
<arg>LA</arg>
<arg>LB</arg>
<arg>LC</arg>
<arg>LI</arg>
<arg>LK</arg>
<arg>LR</arg>
<arg>LS</arg>
<arg>LT</arg>
<arg>LU</arg>
<arg>LV</arg>
<arg>LY</arg>
<arg>MA</arg>
<arg>MC</arg>
<arg>MD</arg>
<arg>ME</arg>
<arg>MF</arg>
<arg>MG</arg>
<arg>MH</arg>
<arg>MK</arg>
<arg>ML</arg>
<arg>MM</arg>
<arg>MN</arg>
<arg>MO</arg>
<arg>MP</arg>
<arg>MQ</arg>
<arg>MR</arg>
<arg>MS</arg>
<arg>MT</arg>
<arg>MU</arg>
<arg>MV</arg>
<arg>MW</arg>
<arg>MX</arg>
<arg>MY</arg>
<arg>MZ</arg>
<arg>NA</arg>
<arg>NC</arg>
<arg>NE</arg>
<arg>NF</arg>
<arg>NG</arg>
<arg>NI</arg>
<arg>NL</arg>
<arg>NO</arg>
<arg>NP</arg>
<arg>NR</arg>
<arg>NU</arg>
<arg>NZ</arg>
<arg>OM</arg>
<arg>PA</arg>
<arg>PE</arg>
<arg>PF</arg>
<arg>PG</arg>
<arg>PH</arg>
<arg>PK</arg>
<arg>PL</arg>
<arg>PM</arg>
<arg>PN</arg>
<arg>PR</arg>
<arg>PS</arg>
<arg>PT</arg>
<arg>PW</arg>
<arg>PY</arg>
<arg>QA</arg>
<arg>RE</arg>
<arg>RO</arg>
<arg>RS</arg>
<arg>RU</arg>
<arg>RW</arg>
<arg>SA</arg>
<arg>SB</arg>
<arg>SC</arg>
<arg>SD</arg>
<arg>SE</arg>
<arg>SG</arg>
<arg>SH</arg>
<arg>SI</arg>
<arg>SJ</arg>
<arg>SK</arg>
<arg>SL</arg>
<arg>SM</arg>
<arg>SN</arg>
<arg>SO</arg>
<arg>SR</arg>
<arg>SS</arg>
<arg>ST</arg>
<arg>SV</arg>
<arg>SX</arg>
<arg>SY</arg>
<arg>SZ</arg>
<arg>TC</arg>
<arg>TD</arg>
<arg>TF</arg>
<arg>TG</arg>
<arg>TH</arg>
<arg>TJ</arg>
<arg>TK</arg>
<arg>TL</arg>
<arg>TM</arg>
<arg>TN</arg>
<arg>TO</arg>
<arg>TR</arg>
<arg>TT</arg>
<arg>TV</arg>
<arg>TW</arg>
<arg>TZ</arg>
<arg>UA</arg>
<arg>UG</arg>
<arg>UM</arg>
<arg>US</arg>
<arg>UY</arg>
<arg>UZ</arg>
<arg>VA</arg>
<arg>VC</arg>
<arg>VE</arg>
<arg>VG</arg>
<arg>VI</arg>
<arg>VN</arg>
<arg>VU</arg>
<arg>WF</arg>
<arg>WS</arg>
<arg>XK</arg>
<arg>YE</arg>
<arg>YT</arg>
<arg>ZA</arg>
<arg>ZM</arg>
<arg>ZW</arg>
<doc>Returns a list containing given items.</doc>
<status status="PASS" start="2024-07-04T16:18:05.149638" elapsed="0.000633"/>
</kw>
<kw name="List Should Contain Value" owner="Collections">
<arg>${list_country}</arg>
<arg>${name_country}</arg>
<doc>Fails if the ``value`` is not found from ``list``.</doc>
<status status="PASS" start="2024-07-04T16:18:05.151106" elapsed="0.000206"/>
</kw>
<kw name="Run Keyword If" owner="BuiltIn">
<kw name="Should Be True" owner="BuiltIn">
<arg>${True}</arg>
<doc>Fails if the given condition is not true.</doc>
<status status="PASS" start="2024-07-04T16:18:05.152252" elapsed="0.000143"/>
</kw>
<arg>${json_data["results"][0]["location"]["coordinates"]["latitude"]} &gt;= -90 and ${json_data["results"][0]["location"]["coordinates"]["latitude"]} &lt;= 90</arg>
<arg>Should Be True</arg>
<arg>${True}</arg>
<doc>Runs the given keyword with the given arguments, if ``condition`` is true.</doc>
<status status="PASS" start="2024-07-04T16:18:05.151512" elapsed="0.001008"/>
</kw>
<kw name="Run Keyword If" owner="BuiltIn">
<kw name="Should Be True" owner="BuiltIn">
<arg>${True}</arg>
<doc>Fails if the given condition is not true.</doc>
<status status="PASS" start="2024-07-04T16:18:05.153421" elapsed="0.000139"/>
</kw>
<arg>${json_data["results"][0]["location"]["coordinates"]["longitude"]} &gt;= -180 and ${json_data["results"][0]["location"]["coordinates"]["longitude"]} &lt;= 180</arg>
<arg>Should Be True</arg>
<arg>${True}</arg>
<doc>Runs the given keyword with the given arguments, if ``condition`` is true.</doc>
<status status="PASS" start="2024-07-04T16:18:05.152702" elapsed="0.000983"/>
</kw>
<status status="PASS" start="2024-07-04T16:18:05.047613" elapsed="0.106207"/>
</kw>
<doc>Testa o conteúdo específico dos campos retornados pela API.</doc>
<tag>testeConteudo</tag>
<status status="PASS" start="2024-07-04T16:18:05.047083" elapsed="0.106890"/>
</test>
<status status="PASS" start="2024-07-04T16:18:03.707535" elapsed="1.448497"/>
</suite>
<status status="PASS" start="2024-07-04T16:18:03.693113" elapsed="1.468094"/>
</suite>
<statistics>
<total>
<stat pass="5" fail="0" skip="0">All Tests</stat>
</total>
<tag>
<stat pass="1" fail="0" skip="0">testeConteudo</stat>
<stat pass="1" fail="0" skip="0">testeEstruturaResposta</stat>
<stat pass="1" fail="0" skip="0">testeRequisicaoBasica</stat>
<stat pass="1" fail="0" skip="0">testeTiposDados</stat>
</tag>
<suite>
<stat pass="5" fail="0" skip="0" id="s1" name="Tests">Tests</stat>
<stat pass="5" fail="0" skip="0" id="s1-s1" name="Random-User-Test">Tests.Random-User-Test</stat>
</suite>
</statistics>
<errors>
</errors>
</robot>
