<?xml version="1.0" encoding="UTF-8"?>
<robot generator="Robot 7.0 (Python 3.12.3 on linux)" generated="2024-05-21T05:14:48.630420" rpa="false" schemaversion="5">
<suite id="s1" name="Tests" source="/home/runner/work/DesafioQAItauRogerioJordao/DesafioQAItauRogerioJordao/RamdonUser/tests">
<suite id="s1-s1" name="Random-User-Test" source="/home/runner/work/DesafioQAItauRogerioJordao/DesafioQAItauRogerioJordao/RamdonUser/tests/random-user-test.robot">
<test id="s1-s1-t1" name="Conectar" line="13">
<kw name="Conectar API" owner="random-user-service">
<kw name="Create Session" owner="RequestsLibrary">
<msg time="2024-05-21T05:14:49.012641" level="INFO">Creating Session using : alias=consultarAPI, url=https://randomuser.me/, headers={},                     cookies={}, auth=None, timeout=None, proxies=None, verify=False,                     debug=0 </msg>
<arg>consultarAPI</arg>
<arg>${URL}</arg>
<doc>Create Session: create a HTTP session to a server</doc>
<status status="PASS" start="2024-05-21T05:14:49.012431" elapsed="0.000402"/>
</kw>
<status status="PASS" start="2024-05-21T05:14:49.011446" elapsed="0.001753"/>
</kw>
<status status="PASS" start="2024-05-21T05:14:49.010883" elapsed="0.002514"/>
</test>
<test id="s1-s1-t2" name="Validar retorno 200 e JSON Válido" line="16">
<kw name="Teste de Requisicao Basica" owner="random-user-service">
<kw name="GET On Session" owner="RequestsLibrary">
<msg time="2024-05-21T05:14:49.115830" level="INFO">GET Request : url=https://randomuser.me/api 
 path_url=/api 
 headers={'User-Agent': 'python-requests/2.32.1', 'Accept-Encoding': 'gzip, deflate', 'Accept': '*/*', 'Connection': 'keep-alive'} 
 body=None 
 </msg>
<msg time="2024-05-21T05:14:49.115968" level="INFO">GET Response : url=https://randomuser.me/api 
 status=200, reason=OK 
 headers={'Date': 'Tue, 21 May 2024 05:14:49 GMT', 'Content-Type': 'application/json; charset=utf-8', 'Transfer-Encoding': 'chunked', 'Connection': 'keep-alive', 'X-Powered-By': 'Express', 'Access-Control-Allow-Origin': '*', 'Cache-Control': 'no-cache', 'ETag': 'W/"496-+d1h3J+NdA0gBOvolPwxxOfLPEg"', 'Vary': 'Accept-Encoding', 'Content-Encoding': 'gzip', 'CF-Cache-Status': 'DYNAMIC', 'Report-To': '{"endpoints":[{"url":"https:\\/\\/a.nel.cloudflare.com\\/report\\/v4?s=9VU2Hre5iTXjYqynbDZdWmLHcURi%2Fd9kO%2BngiKy4Hhf5tI3XFeeYlurg1I%2BCcanmZGkiaB4ffZSZtk2WeDVZl6R20lne4fd%2BKzNu8PNT1%2F8u1YBl%2FF4igRfJbkej3K5s"}],"group":"cf-nel","max_age":604800}', 'NEL': '{"success_fraction":0,"report_to":"cf-nel","max_age":604800}', 'Server': 'cloudflare', 'CF-RAY': '887215c8ce225a46-IAD', 'alt-svc': 'h3=":443"; ma=86400'} 
 body={"results":[{"gender":"male","name":{"title":"Mr","first":"Bruce","last":"Turner"},"location":{"street":{"number":6883,"name":"Taylor St"},"city":"Nowra","state":"Northern Territory","country":"Australia","postcode":3490,"coordinates":{"latitude":"-85.8446","longitude":"-28.8744"},"timezone":{"offset":"+11:00","description":"Magadan, Solomon Islands, New Caledonia"}},"email":"bruce.turner@example.com","login":{"uuid":"2efbda4a-9f9a-445d-abea-e5661e7e82bc","username":"whiteostrich924","password":"plastics","salt":"J0KPst2k","md5":"3b4d071738cd4aba5c36db7a8cc940d7","sha1":"9b0b3161a17e75cd876e9b783ca5b7846e4e1a2f","sha256":"726235c8f25e0e63064a6f5d12b565642942365a1f14cc05a51e6965383a712b"},"dob":{"date":"1965-02-27T01:26:10.301Z","age":59},"registered":{"date":"2010-02-28T14:58:00.457Z","age":14},"phone":"00-8485-1786","cell":"0419-700-631","id":{"name":"TFN","value":"893416373"},"picture":{"large":"https://randomuser.me/api/portraits/men/40.jpg","medium":"https://randomuser.me/api/portraits/med/men/40.jpg","thumbnail":"https://randomuser.me/api/portraits/thumb/men/40.jpg"},"nat":"AU"}],"info":{"seed":"14710204e400be38","results":1,"page":1,"version":"1.4"}} 
 </msg>
<msg time="2024-05-21T05:14:49.116048" level="INFO">/opt/hostedtoolcache/Python/3.12.3/x64/lib/python3.12/site-packages/urllib3/connectionpool.py:1103: InsecureRequestWarning: Unverified HTTPS request is being made to host 'randomuser.me'. Adding certificate verification is strongly advised. See: https://urllib3.readthedocs.io/en/latest/advanced-usage.html#tls-warnings
  warnings.warn(</msg>
<msg time="2024-05-21T05:14:49.116197" level="INFO">${response} = &lt;Response [200]&gt;</msg>
<var>${response}</var>
<arg>consultarAPI</arg>
<arg>/api</arg>
<doc>Sends a GET request on a previously created HTTP Session.</doc>
<status status="PASS" start="2024-05-21T05:14:49.015990" elapsed="0.100239"/>
</kw>
<kw name="Should Be Equal As Numbers" owner="BuiltIn">
<msg time="2024-05-21T05:14:49.117189" level="INFO">Argument types are:
&lt;class 'int'&gt;
&lt;class 'str'&gt;</msg>
<arg>${response.status_code}</arg>
<arg>200</arg>
<doc>Fails if objects are unequal after converting them to real numbers.</doc>
<status status="PASS" start="2024-05-21T05:14:49.116724" elapsed="0.000536"/>
</kw>
<kw name="Log" owner="BuiltIn">
<msg time="2024-05-21T05:14:49.118039" level="INFO">200</msg>
<arg>${response.status_code}</arg>
<doc>Logs the given message with the given level.</doc>
<status status="PASS" start="2024-05-21T05:14:49.117657" elapsed="0.000428"/>
</kw>
<kw name="Set Variable" owner="BuiltIn">
<msg time="2024-05-21T05:14:49.118885" level="INFO">${json_data} = {'results': [{'gender': 'male', 'name': {'title': 'Mr', 'first': 'Bruce', 'last': 'Turner'}, 'location': {'street': {'number': 6883, 'name': 'Taylor St'}, 'city': 'Nowra', 'state': 'Northern Territory...</msg>
<var>${json_data}</var>
<arg>${response.json()}</arg>
<doc>Returns the given values which can then be assigned to a variables.</doc>
<status status="PASS" start="2024-05-21T05:14:49.118431" elapsed="0.000483"/>
</kw>
<kw name="Dictionary Should Contain Key" owner="Collections">
<msg time="2024-05-21T05:14:49.119399" level="INFO">False</msg>
<arg>${json_data}</arg>
<arg>results</arg>
<doc>Fails if ``key`` is not found from ``dictionary``.</doc>
<status status="PASS" start="2024-05-21T05:14:49.119225" elapsed="0.000215"/>
</kw>
<status status="PASS" start="2024-05-21T05:14:49.015744" elapsed="0.103976"/>
</kw>
<doc>Testa se a API responde corretamente e retorna um objeto JSON válido.</doc>
<tag>testeRequisicaoBasica</tag>
<status status="PASS" start="2024-05-21T05:14:49.015270" elapsed="0.104641"/>
</test>
<test id="s1-s1-t3" name="Validar estrutura de resposta" line="22">
<kw name="Teste de Estrutura de Resposta" owner="random-user-service">
<kw name="GET On Session" owner="RequestsLibrary">
<msg time="2024-05-21T05:14:49.236209" level="INFO">GET Request : url=https://randomuser.me/api 
 path_url=/api 
 headers={'User-Agent': 'python-requests/2.32.1', 'Accept-Encoding': 'gzip, deflate', 'Accept': '*/*', 'Connection': 'keep-alive'} 
 body=None 
 </msg>
<msg time="2024-05-21T05:14:49.236309" level="INFO">GET Response : url=https://randomuser.me/api 
 status=200, reason=OK 
 headers={'Date': 'Tue, 21 May 2024 05:14:49 GMT', 'Content-Type': 'application/json; charset=utf-8', 'Transfer-Encoding': 'chunked', 'Connection': 'keep-alive', 'X-Powered-By': 'Express', 'Access-Control-Allow-Origin': '*', 'Cache-Control': 'no-cache', 'ETag': 'W/"493-r9CQpIF0g3IIKCcKgN5vuOGxkXI"', 'Vary': 'Accept-Encoding', 'Content-Encoding': 'gzip', 'CF-Cache-Status': 'DYNAMIC', 'Report-To': '{"endpoints":[{"url":"https:\\/\\/a.nel.cloudflare.com\\/report\\/v4?s=y%2B%2BSh81onblZkGXpP5HyERe5sBxwjrVe0gTgo0pyAY49liq6tQ8Z%2BLdLg0UhxZjCRcfA%2BLlR1DY9J2V8SgagI9uvXy00gfJTK0ropQDgCj8U4atS4RbwmU%2Fuh9Hmj2yU"}],"group":"cf-nel","max_age":604800}', 'NEL': '{"success_fraction":0,"report_to":"cf-nel","max_age":604800}', 'Server': 'cloudflare', 'CF-RAY': '887215c90e605a46-IAD', 'alt-svc': 'h3=":443"; ma=86400'} 
 body={"results":[{"gender":"male","name":{"title":"Mr","first":"Friedbert","last":"Mildner"},"location":{"street":{"number":2055,"name":"Dorfstraße"},"city":"Rabenau","state":"Thüringen","country":"Germany","postcode":88950,"coordinates":{"latitude":"-49.7258","longitude":"-48.0532"},"timezone":{"offset":"+2:00","description":"Kaliningrad, South Africa"}},"email":"friedbert.mildner@example.com","login":{"uuid":"49833bfe-2a26-43e4-9bac-b273f80bd94b","username":"purplepeacock754","password":"pontiac","salt":"hNjyn4qv","md5":"46c4ce617f73bc412078f4345e77ac28","sha1":"9acffdce7859b7e35cddde745d3ff0305846f5a1","sha256":"1240fcf0bcd6302a14f97bd3916536af9c6be5cc514960734b41ee388a88a101"},"dob":{"date":"1954-05-27T08:26:24.832Z","age":69},"registered":{"date":"2011-04-30T08:44:20.118Z","age":13},"phone":"0950-7862762","cell":"0172-6250602","id":{"name":"SVNR","value":"49 270554 M 280"},"picture":{"large":"https://randomuser.me/api/portraits/men/24.jpg","medium":"https://randomuser.me/api/portraits/med/men/24.jpg","thumbnail":"https://randomuser.me/api/portraits/thumb/men/24.jpg"},"nat":"DE"}],"info":{"seed":"8fc72bf7b23868bb","results":1,"page":1,"version":"1.4"}} 
 </msg>
<msg time="2024-05-21T05:14:49.236445" level="INFO">/opt/hostedtoolcache/Python/3.12.3/x64/lib/python3.12/site-packages/urllib3/connectionpool.py:1103: InsecureRequestWarning: Unverified HTTPS request is being made to host 'randomuser.me'. Adding certificate verification is strongly advised. See: https://urllib3.readthedocs.io/en/latest/advanced-usage.html#tls-warnings
  warnings.warn(</msg>
<msg time="2024-05-21T05:14:49.236603" level="INFO">${response} = &lt;Response [200]&gt;</msg>
<var>${response}</var>
<arg>consultarAPI</arg>
<arg>/api</arg>
<doc>Sends a GET request on a previously created HTTP Session.</doc>
<status status="PASS" start="2024-05-21T05:14:49.122934" elapsed="0.113722"/>
</kw>
<kw name="Set Variable" owner="BuiltIn">
<msg time="2024-05-21T05:14:49.237648" level="INFO">${json_data} = {'results': [{'gender': 'male', 'name': {'title': 'Mr', 'first': 'Friedbert', 'last': 'Mildner'}, 'location': {'street': {'number': 2055, 'name': 'Dorfstraße'}, 'city': 'Rabenau', 'state': 'Thüringen'...</msg>
<var>${json_data}</var>
<arg>${response.json()}</arg>
<doc>Returns the given values which can then be assigned to a variables.</doc>
<status status="PASS" start="2024-05-21T05:14:49.237133" elapsed="0.000546"/>
</kw>
<kw name="Log" owner="BuiltIn">
<msg time="2024-05-21T05:14:49.238191" level="INFO">{'results': [{'gender': 'male', 'name': {'title': 'Mr', 'first': 'Friedbert', 'last': 'Mildner'}, 'location': {'street': {'number': 2055, 'name': 'Dorfstraße'}, 'city': 'Rabenau', 'state': 'Thüringen', 'country': 'Germany', 'postcode': 88950, 'coordinates': {'latitude': '-49.7258', 'longitude': '-48.0532'}, 'timezone': {'offset': '+2:00', 'description': 'Kaliningrad, South Africa'}}, 'email': 'friedbert.mildner@example.com', 'login': {'uuid': '49833bfe-2a26-43e4-9bac-b273f80bd94b', 'username': 'purplepeacock754', 'password': 'pontiac', 'salt': 'hNjyn4qv', 'md5': '46c4ce617f73bc412078f4345e77ac28', 'sha1': '9acffdce7859b7e35cddde745d3ff0305846f5a1', 'sha256': '1240fcf0bcd6302a14f97bd3916536af9c6be5cc514960734b41ee388a88a101'}, 'dob': {'date': '1954-05-27T08:26:24.832Z', 'age': 69}, 'registered': {'date': '2011-04-30T08:44:20.118Z', 'age': 13}, 'phone': '0950-7862762', 'cell': '0172-6250602', 'id': {'name': 'SVNR', 'value': '49 270554 M 280'}, 'picture': {'large': 'https://randomuser.me/api/portraits/men/24.jpg', 'medium': 'https://randomuser.me/api/portraits/med/men/24.jpg', 'thumbnail': 'https://randomuser.me/api/portraits/thumb/men/24.jpg'}, 'nat': 'DE'}], 'info': {'seed': '8fc72bf7b23868bb', 'results': 1, 'page': 1, 'version': '1.4'}}</msg>
<arg>${json_data}</arg>
<doc>Logs the given message with the given level.</doc>
<status status="PASS" start="2024-05-21T05:14:49.238019" elapsed="0.000224"/>
</kw>
<kw name="Dictionary Should Contain Key" owner="Collections">
<msg time="2024-05-21T05:14:49.238763" level="INFO">False</msg>
<arg>${json_data}</arg>
<arg>results</arg>
<doc>Fails if ``key`` is not found from ``dictionary``.</doc>
<status status="PASS" start="2024-05-21T05:14:49.238595" elapsed="0.000207"/>
</kw>
<kw name="Should Not Be Empty" owner="BuiltIn">
<msg time="2024-05-21T05:14:49.239240" level="INFO">Length is 2.</msg>
<arg>${json_data}</arg>
<doc>Verifies that the given item is not empty.</doc>
<status status="PASS" start="2024-05-21T05:14:49.239103" elapsed="0.000182"/>
</kw>
<kw name="Create List" owner="BuiltIn">
<msg time="2024-05-21T05:14:49.239900" level="INFO">${expected_keys} = ['gender', 'name', 'location', 'email', 'login']</msg>
<var>${expected_keys}</var>
<arg>gender</arg>
<arg>name</arg>
<arg>location</arg>
<arg>email</arg>
<arg>login</arg>
<doc>Returns a list containing given items.</doc>
<status status="PASS" start="2024-05-21T05:14:49.239591" elapsed="0.000335"/>
</kw>
<for flavor="IN">
<iter>
<kw name="Dictionary Should Contain Key" owner="Collections">
<msg time="2024-05-21T05:14:49.240948" level="INFO">False</msg>
<arg>${json_data['results'][0]}</arg>
<arg>${key}</arg>
<doc>Fails if ``key`` is not found from ``dictionary``.</doc>
<status status="PASS" start="2024-05-21T05:14:49.240527" elapsed="0.000460"/>
</kw>
<kw name="Log" owner="BuiltIn">
<msg time="2024-05-21T05:14:49.241673" level="INFO">{'gender': 'male', 'name': {'title': 'Mr', 'first': 'Friedbert', 'last': 'Mildner'}, 'location': {'street': {'number': 2055, 'name': 'Dorfstraße'}, 'city': 'Rabenau', 'state': 'Thüringen', 'country': 'Germany', 'postcode': 88950, 'coordinates': {'latitude': '-49.7258', 'longitude': '-48.0532'}, 'timezone': {'offset': '+2:00', 'description': 'Kaliningrad, South Africa'}}, 'email': 'friedbert.mildner@example.com', 'login': {'uuid': '49833bfe-2a26-43e4-9bac-b273f80bd94b', 'username': 'purplepeacock754', 'password': 'pontiac', 'salt': 'hNjyn4qv', 'md5': '46c4ce617f73bc412078f4345e77ac28', 'sha1': '9acffdce7859b7e35cddde745d3ff0305846f5a1', 'sha256': '1240fcf0bcd6302a14f97bd3916536af9c6be5cc514960734b41ee388a88a101'}, 'dob': {'date': '1954-05-27T08:26:24.832Z', 'age': 69}, 'registered': {'date': '2011-04-30T08:44:20.118Z', 'age': 13}, 'phone': '0950-7862762', 'cell': '0172-6250602', 'id': {'name': 'SVNR', 'value': '49 270554 M 280'}, 'picture': {'large': 'https://randomuser.me/api/portraits/men/24.jpg', 'medium': 'https://randomuser.me/api/portraits/med/men/24.jpg', 'thumbnail': 'https://randomuser.me/api/portraits/thumb/men/24.jpg'}, 'nat': 'DE'}</msg>
<arg>${json_data['results'][0]}</arg>
<doc>Logs the given message with the given level.</doc>
<status status="PASS" start="2024-05-21T05:14:49.241293" elapsed="0.000432"/>
</kw>
<kw name="Log" owner="BuiltIn">
<msg time="2024-05-21T05:14:49.242157" level="INFO">gender</msg>
<arg>${key}</arg>
<doc>Logs the given message with the given level.</doc>
<status status="PASS" start="2024-05-21T05:14:49.242028" elapsed="0.000167"/>
</kw>
<var name="${key}">gender</var>
<status status="PASS" start="2024-05-21T05:14:49.240398" elapsed="0.002035"/>
</iter>
<iter>
<kw name="Dictionary Should Contain Key" owner="Collections">
<msg time="2024-05-21T05:14:49.243132" level="INFO">False</msg>
<arg>${json_data['results'][0]}</arg>
<arg>${key}</arg>
<doc>Fails if ``key`` is not found from ``dictionary``.</doc>
<status status="PASS" start="2024-05-21T05:14:49.242745" elapsed="0.000425"/>
</kw>
<kw name="Log" owner="BuiltIn">
<msg time="2024-05-21T05:14:49.243873" level="INFO">{'gender': 'male', 'name': {'title': 'Mr', 'first': 'Friedbert', 'last': 'Mildner'}, 'location': {'street': {'number': 2055, 'name': 'Dorfstraße'}, 'city': 'Rabenau', 'state': 'Thüringen', 'country': 'Germany', 'postcode': 88950, 'coordinates': {'latitude': '-49.7258', 'longitude': '-48.0532'}, 'timezone': {'offset': '+2:00', 'description': 'Kaliningrad, South Africa'}}, 'email': 'friedbert.mildner@example.com', 'login': {'uuid': '49833bfe-2a26-43e4-9bac-b273f80bd94b', 'username': 'purplepeacock754', 'password': 'pontiac', 'salt': 'hNjyn4qv', 'md5': '46c4ce617f73bc412078f4345e77ac28', 'sha1': '9acffdce7859b7e35cddde745d3ff0305846f5a1', 'sha256': '1240fcf0bcd6302a14f97bd3916536af9c6be5cc514960734b41ee388a88a101'}, 'dob': {'date': '1954-05-27T08:26:24.832Z', 'age': 69}, 'registered': {'date': '2011-04-30T08:44:20.118Z', 'age': 13}, 'phone': '0950-7862762', 'cell': '0172-6250602', 'id': {'name': 'SVNR', 'value': '49 270554 M 280'}, 'picture': {'large': 'https://randomuser.me/api/portraits/men/24.jpg', 'medium': 'https://randomuser.me/api/portraits/med/men/24.jpg', 'thumbnail': 'https://randomuser.me/api/portraits/thumb/men/24.jpg'}, 'nat': 'DE'}</msg>
<arg>${json_data['results'][0]}</arg>
<doc>Logs the given message with the given level.</doc>
<status status="PASS" start="2024-05-21T05:14:49.243499" elapsed="0.000427"/>
</kw>
<kw name="Log" owner="BuiltIn">
<msg time="2024-05-21T05:14:49.244364" level="INFO">name</msg>
<arg>${key}</arg>
<doc>Logs the given message with the given level.</doc>
<status status="PASS" start="2024-05-21T05:14:49.244230" elapsed="0.000173"/>
</kw>
<var name="${key}">name</var>
<status status="PASS" start="2024-05-21T05:14:49.242627" elapsed="0.001998"/>
</iter>
<iter>
<kw name="Dictionary Should Contain Key" owner="Collections">
<msg time="2024-05-21T05:14:49.245308" level="INFO">False</msg>
<arg>${json_data['results'][0]}</arg>
<arg>${key}</arg>
<doc>Fails if ``key`` is not found from ``dictionary``.</doc>
<status status="PASS" start="2024-05-21T05:14:49.244921" elapsed="0.000425"/>
</kw>
<kw name="Log" owner="BuiltIn">
<msg time="2024-05-21T05:14:49.246015" level="INFO">{'gender': 'male', 'name': {'title': 'Mr', 'first': 'Friedbert', 'last': 'Mildner'}, 'location': {'street': {'number': 2055, 'name': 'Dorfstraße'}, 'city': 'Rabenau', 'state': 'Thüringen', 'country': 'Germany', 'postcode': 88950, 'coordinates': {'latitude': '-49.7258', 'longitude': '-48.0532'}, 'timezone': {'offset': '+2:00', 'description': 'Kaliningrad, South Africa'}}, 'email': 'friedbert.mildner@example.com', 'login': {'uuid': '49833bfe-2a26-43e4-9bac-b273f80bd94b', 'username': 'purplepeacock754', 'password': 'pontiac', 'salt': 'hNjyn4qv', 'md5': '46c4ce617f73bc412078f4345e77ac28', 'sha1': '9acffdce7859b7e35cddde745d3ff0305846f5a1', 'sha256': '1240fcf0bcd6302a14f97bd3916536af9c6be5cc514960734b41ee388a88a101'}, 'dob': {'date': '1954-05-27T08:26:24.832Z', 'age': 69}, 'registered': {'date': '2011-04-30T08:44:20.118Z', 'age': 13}, 'phone': '0950-7862762', 'cell': '0172-6250602', 'id': {'name': 'SVNR', 'value': '49 270554 M 280'}, 'picture': {'large': 'https://randomuser.me/api/portraits/men/24.jpg', 'medium': 'https://randomuser.me/api/portraits/med/men/24.jpg', 'thumbnail': 'https://randomuser.me/api/portraits/thumb/men/24.jpg'}, 'nat': 'DE'}</msg>
<arg>${json_data['results'][0]}</arg>
<doc>Logs the given message with the given level.</doc>
<status status="PASS" start="2024-05-21T05:14:49.245651" elapsed="0.000416"/>
</kw>
<kw name="Log" owner="BuiltIn">
<msg time="2024-05-21T05:14:49.246535" level="INFO">location</msg>
<arg>${key}</arg>
<doc>Logs the given message with the given level.</doc>
<status status="PASS" start="2024-05-21T05:14:49.246398" elapsed="0.000175"/>
</kw>
<var name="${key}">location</var>
<status status="PASS" start="2024-05-21T05:14:49.244808" elapsed="0.001992"/>
</iter>
<iter>
<kw name="Dictionary Should Contain Key" owner="Collections">
<msg time="2024-05-21T05:14:49.247477" level="INFO">False</msg>
<arg>${json_data['results'][0]}</arg>
<arg>${key}</arg>
<doc>Fails if ``key`` is not found from ``dictionary``.</doc>
<status status="PASS" start="2024-05-21T05:14:49.247087" elapsed="0.000428"/>
</kw>
<kw name="Log" owner="BuiltIn">
<msg time="2024-05-21T05:14:49.248189" level="INFO">{'gender': 'male', 'name': {'title': 'Mr', 'first': 'Friedbert', 'last': 'Mildner'}, 'location': {'street': {'number': 2055, 'name': 'Dorfstraße'}, 'city': 'Rabenau', 'state': 'Thüringen', 'country': 'Germany', 'postcode': 88950, 'coordinates': {'latitude': '-49.7258', 'longitude': '-48.0532'}, 'timezone': {'offset': '+2:00', 'description': 'Kaliningrad, South Africa'}}, 'email': 'friedbert.mildner@example.com', 'login': {'uuid': '49833bfe-2a26-43e4-9bac-b273f80bd94b', 'username': 'purplepeacock754', 'password': 'pontiac', 'salt': 'hNjyn4qv', 'md5': '46c4ce617f73bc412078f4345e77ac28', 'sha1': '9acffdce7859b7e35cddde745d3ff0305846f5a1', 'sha256': '1240fcf0bcd6302a14f97bd3916536af9c6be5cc514960734b41ee388a88a101'}, 'dob': {'date': '1954-05-27T08:26:24.832Z', 'age': 69}, 'registered': {'date': '2011-04-30T08:44:20.118Z', 'age': 13}, 'phone': '0950-7862762', 'cell': '0172-6250602', 'id': {'name': 'SVNR', 'value': '49 270554 M 280'}, 'picture': {'large': 'https://randomuser.me/api/portraits/men/24.jpg', 'medium': 'https://randomuser.me/api/portraits/med/men/24.jpg', 'thumbnail': 'https://randomuser.me/api/portraits/thumb/men/24.jpg'}, 'nat': 'DE'}</msg>
<arg>${json_data['results'][0]}</arg>
<doc>Logs the given message with the given level.</doc>
<status status="PASS" start="2024-05-21T05:14:49.247817" elapsed="0.000425"/>
</kw>
<kw name="Log" owner="BuiltIn">
<msg time="2024-05-21T05:14:49.248678" level="INFO">email</msg>
<arg>${key}</arg>
<doc>Logs the given message with the given level.</doc>
<status status="PASS" start="2024-05-21T05:14:49.248541" elapsed="0.000181"/>
</kw>
<var name="${key}">email</var>
<status status="PASS" start="2024-05-21T05:14:49.246975" elapsed="0.001971"/>
</iter>
<iter>
<kw name="Dictionary Should Contain Key" owner="Collections">
<msg time="2024-05-21T05:14:49.249614" level="INFO">False</msg>
<arg>${json_data['results'][0]}</arg>
<arg>${key}</arg>
<doc>Fails if ``key`` is not found from ``dictionary``.</doc>
<status status="PASS" start="2024-05-21T05:14:49.249233" elapsed="0.000419"/>
</kw>
<kw name="Log" owner="BuiltIn">
<msg time="2024-05-21T05:14:49.250332" level="INFO">{'gender': 'male', 'name': {'title': 'Mr', 'first': 'Friedbert', 'last': 'Mildner'}, 'location': {'street': {'number': 2055, 'name': 'Dorfstraße'}, 'city': 'Rabenau', 'state': 'Thüringen', 'country': 'Germany', 'postcode': 88950, 'coordinates': {'latitude': '-49.7258', 'longitude': '-48.0532'}, 'timezone': {'offset': '+2:00', 'description': 'Kaliningrad, South Africa'}}, 'email': 'friedbert.mildner@example.com', 'login': {'uuid': '49833bfe-2a26-43e4-9bac-b273f80bd94b', 'username': 'purplepeacock754', 'password': 'pontiac', 'salt': 'hNjyn4qv', 'md5': '46c4ce617f73bc412078f4345e77ac28', 'sha1': '9acffdce7859b7e35cddde745d3ff0305846f5a1', 'sha256': '1240fcf0bcd6302a14f97bd3916536af9c6be5cc514960734b41ee388a88a101'}, 'dob': {'date': '1954-05-27T08:26:24.832Z', 'age': 69}, 'registered': {'date': '2011-04-30T08:44:20.118Z', 'age': 13}, 'phone': '0950-7862762', 'cell': '0172-6250602', 'id': {'name': 'SVNR', 'value': '49 270554 M 280'}, 'picture': {'large': 'https://randomuser.me/api/portraits/men/24.jpg', 'medium': 'https://randomuser.me/api/portraits/med/men/24.jpg', 'thumbnail': 'https://randomuser.me/api/portraits/thumb/men/24.jpg'}, 'nat': 'DE'}</msg>
<arg>${json_data['results'][0]}</arg>
<doc>Logs the given message with the given level.</doc>
<status status="PASS" start="2024-05-21T05:14:49.249947" elapsed="0.000445"/>
</kw>
<kw name="Log" owner="BuiltIn">
<msg time="2024-05-21T05:14:49.250823" level="INFO">login</msg>
<arg>${key}</arg>
<doc>Logs the given message with the given level.</doc>
<status status="PASS" start="2024-05-21T05:14:49.250697" elapsed="0.000164"/>
</kw>
<var name="${key}">login</var>
<status status="PASS" start="2024-05-21T05:14:49.249121" elapsed="0.001978"/>
</iter>
<var>${key}</var>
<value>@{expected_keys}</value>
<status status="PASS" start="2024-05-21T05:14:49.240199" elapsed="0.011028"/>
</for>
<kw name="Create List" owner="BuiltIn">
<msg time="2024-05-21T05:14:49.251568" level="INFO">${expected_keysTwo} = ['username', 'password']</msg>
<var>${expected_keysTwo}</var>
<arg>username</arg>
<arg>password</arg>
<doc>Returns a list containing given items.</doc>
<status status="PASS" start="2024-05-21T05:14:49.251432" elapsed="0.000160"/>
</kw>
<for flavor="IN">
<iter>
<kw name="Dictionary Should Contain Key" owner="Collections">
<msg time="2024-05-21T05:14:49.252485" level="INFO">False</msg>
<arg>${json_data['results'][0]['login']}</arg>
<arg>${keyTwo}</arg>
<doc>Fails if ``key`` is not found from ``dictionary``.</doc>
<status status="PASS" start="2024-05-21T05:14:49.252098" elapsed="0.000425"/>
</kw>
<kw name="Dictionary Should Contain Key" owner="Collections">
<msg time="2024-05-21T05:14:49.253213" level="INFO">False</msg>
<arg>${json_data['results'][0]['login']}</arg>
<arg>${keyTwo}</arg>
<doc>Fails if ``key`` is not found from ``dictionary``.</doc>
<status status="PASS" start="2024-05-21T05:14:49.252825" elapsed="0.000427"/>
</kw>
<kw name="Log" owner="BuiltIn">
<msg time="2024-05-21T05:14:49.253678" level="INFO">username</msg>
<arg>${keyTwo}</arg>
<doc>Logs the given message with the given level.</doc>
<status status="PASS" start="2024-05-21T05:14:49.253551" elapsed="0.000165"/>
</kw>
<var name="${keyTwo}">username</var>
<status status="PASS" start="2024-05-21T05:14:49.251988" elapsed="0.001945"/>
</iter>
<iter>
<kw name="Dictionary Should Contain Key" owner="Collections">
<msg time="2024-05-21T05:14:49.254621" level="INFO">False</msg>
<arg>${json_data['results'][0]['login']}</arg>
<arg>${keyTwo}</arg>
<doc>Fails if ``key`` is not found from ``dictionary``.</doc>
<status status="PASS" start="2024-05-21T05:14:49.254216" elapsed="0.000444"/>
</kw>
<kw name="Dictionary Should Contain Key" owner="Collections">
<msg time="2024-05-21T05:14:49.255429" level="INFO">False</msg>
<arg>${json_data['results'][0]['login']}</arg>
<arg>${keyTwo}</arg>
<doc>Fails if ``key`` is not found from ``dictionary``.</doc>
<status status="PASS" start="2024-05-21T05:14:49.254967" elapsed="0.000502"/>
</kw>
<kw name="Log" owner="BuiltIn">
<msg time="2024-05-21T05:14:49.255897" level="INFO">password</msg>
<arg>${keyTwo}</arg>
<doc>Logs the given message with the given level.</doc>
<status status="PASS" start="2024-05-21T05:14:49.255769" elapsed="0.000165"/>
</kw>
<var name="${keyTwo}">password</var>
<status status="PASS" start="2024-05-21T05:14:49.254106" elapsed="0.002043"/>
</iter>
<var>${keyTwo}</var>
<value>@{expected_keysTwo}</value>
<status status="PASS" start="2024-05-21T05:14:49.251830" elapsed="0.004444"/>
</for>
<status status="PASS" start="2024-05-21T05:14:49.122591" elapsed="0.133827"/>
</kw>
<doc>Testa a estrutura da resposta da API.</doc>
<tag>testeEstruturaResposta</tag>
<status status="PASS" start="2024-05-21T05:14:49.121786" elapsed="0.134788"/>
</test>
<test id="s1-s1-t4" name="Validar tipos de dados" line="28">
<kw name="Teste de Tipos de Dados" owner="random-user-service">
<kw name="GET On Session" owner="RequestsLibrary">
<msg time="2024-05-21T05:14:49.314184" level="INFO">GET Request : url=https://randomuser.me/api 
 path_url=/api 
 headers={'User-Agent': 'python-requests/2.32.1', 'Accept-Encoding': 'gzip, deflate', 'Accept': '*/*', 'Connection': 'keep-alive'} 
 body=None 
 </msg>
<msg time="2024-05-21T05:14:49.314293" level="INFO">GET Response : url=https://randomuser.me/api 
 status=200, reason=OK 
 headers={'Date': 'Tue, 21 May 2024 05:14:49 GMT', 'Content-Type': 'application/json; charset=utf-8', 'Transfer-Encoding': 'chunked', 'Connection': 'keep-alive', 'X-Powered-By': 'Express', 'Access-Control-Allow-Origin': '*', 'Cache-Control': 'no-cache', 'ETag': 'W/"492-bn6gmeRlIzFz1wHSBkRze7OW6XQ"', 'Vary': 'Accept-Encoding', 'Content-Encoding': 'gzip', 'CF-Cache-Status': 'DYNAMIC', 'Report-To': '{"endpoints":[{"url":"https:\\/\\/a.nel.cloudflare.com\\/report\\/v4?s=QGmLERvghpHZAAQbrvKW4C1ZNBb44UB3rs%2FDd3oGCRyLqH6gSRdJRIZW%2FdyohFPCB3S6Xi6HHFBeak6UFSIE9vM08memkaW6qsmjZZZDCfiKScGHpXSAJ6LLPPBH8zKv"}],"group":"cf-nel","max_age":604800}', 'NEL': '{"success_fraction":0,"report_to":"cf-nel","max_age":604800}', 'Server': 'cloudflare', 'CF-RAY': '887215c9eefc5a46-IAD', 'alt-svc': 'h3=":443"; ma=86400'} 
 body={"results":[{"gender":"female","name":{"title":"Ms","first":"Ashley","last":"Carlson"},"location":{"street":{"number":2173,"name":"O'Connell Street"},"city":"Dunboyne","state":"Kilkenny","country":"Ireland","postcode":81944,"coordinates":{"latitude":"3.4466","longitude":"133.3714"},"timezone":{"offset":"+3:00","description":"Baghdad, Riyadh, Moscow, St. Petersburg"}},"email":"ashley.carlson@example.com","login":{"uuid":"11f83857-cb4f-4a80-a6b1-f9251d628623","username":"bigwolf610","password":"point","salt":"Ts9NHb5z","md5":"33a3fc823ad3d8269529d8b075ea8c3f","sha1":"49dea4ef1c89ec0efae585db7f90394af1a3ee5f","sha256":"44bd769c3e6c7f598e4541ebce62d1d28febd9afb7ce361104ff8fd6475cbebd"},"dob":{"date":"1954-09-20T07:22:13.962Z","age":69},"registered":{"date":"2008-10-20T05:04:41.768Z","age":15},"phone":"061-415-4123","cell":"081-641-7314","id":{"name":"PPS","value":"7487200T"},"picture":{"large":"https://randomuser.me/api/portraits/women/6.jpg","medium":"https://randomuser.me/api/portraits/med/women/6.jpg","thumbnail":"https://randomuser.me/api/portraits/thumb/women/6.jpg"},"nat":"IE"}],"info":{"seed":"18d27625464462ab","results":1,"page":1,"version":"1.4"}} 
 </msg>
<msg time="2024-05-21T05:14:49.314375" level="INFO">/opt/hostedtoolcache/Python/3.12.3/x64/lib/python3.12/site-packages/urllib3/connectionpool.py:1103: InsecureRequestWarning: Unverified HTTPS request is being made to host 'randomuser.me'. Adding certificate verification is strongly advised. See: https://urllib3.readthedocs.io/en/latest/advanced-usage.html#tls-warnings
  warnings.warn(</msg>
<msg time="2024-05-21T05:14:49.314509" level="INFO">${response} = &lt;Response [200]&gt;</msg>
<var>${response}</var>
<arg>consultarAPI</arg>
<arg>/api</arg>
<doc>Sends a GET request on a previously created HTTP Session.</doc>
<status status="PASS" start="2024-05-21T05:14:49.259036" elapsed="0.055529"/>
</kw>
<kw name="Set Variable" owner="BuiltIn">
<msg time="2024-05-21T05:14:49.315479" level="INFO">${json_data} = {'results': [{'gender': 'female', 'name': {'title': 'Ms', 'first': 'Ashley', 'last': 'Carlson'}, 'location': {'street': {'number': 2173, 'name': "O'Connell Street"}, 'city': 'Dunboyne', 'state': 'Kilk...</msg>
<var>${json_data}</var>
<arg>${response.json()}</arg>
<doc>Returns the given values which can then be assigned to a variables.</doc>
<status status="PASS" start="2024-05-21T05:14:49.315014" elapsed="0.000493"/>
</kw>
<kw name="Log" owner="BuiltIn">
<msg time="2024-05-21T05:14:49.315976" level="INFO">{'results': [{'gender': 'female', 'name': {'title': 'Ms', 'first': 'Ashley', 'last': 'Carlson'}, 'location': {'street': {'number': 2173, 'name': "O'Connell Street"}, 'city': 'Dunboyne', 'state': 'Kilkenny', 'country': 'Ireland', 'postcode': 81944, 'coordinates': {'latitude': '3.4466', 'longitude': '133.3714'}, 'timezone': {'offset': '+3:00', 'description': 'Baghdad, Riyadh, Moscow, St. Petersburg'}}, 'email': 'ashley.carlson@example.com', 'login': {'uuid': '11f83857-cb4f-4a80-a6b1-f9251d628623', 'username': 'bigwolf610', 'password': 'point', 'salt': 'Ts9NHb5z', 'md5': '33a3fc823ad3d8269529d8b075ea8c3f', 'sha1': '49dea4ef1c89ec0efae585db7f90394af1a3ee5f', 'sha256': '44bd769c3e6c7f598e4541ebce62d1d28febd9afb7ce361104ff8fd6475cbebd'}, 'dob': {'date': '1954-09-20T07:22:13.962Z', 'age': 69}, 'registered': {'date': '2008-10-20T05:04:41.768Z', 'age': 15}, 'phone': '061-415-4123', 'cell': '081-641-7314', 'id': {'name': 'PPS', 'value': '7487200T'}, 'picture': {'large': 'https://randomuser.me/api/portraits/women/6.jpg', 'medium': 'https://randomuser.me/api/portraits/med/women/6.jpg', 'thumbnail': 'https://randomuser.me/api/portraits/thumb/women/6.jpg'}, 'nat': 'IE'}], 'info': {'seed': '18d27625464462ab', 'results': 1, 'page': 1, 'version': '1.4'}}</msg>
<arg>${json_data}</arg>
<doc>Logs the given message with the given level.</doc>
<status status="PASS" start="2024-05-21T05:14:49.315820" elapsed="0.000242"/>
</kw>
<kw name="Should Be String" owner="String">
<arg>${json_data['results'][0]['gender']}</arg>
<doc>Fails if the given ``item`` is not a string.</doc>
<status status="PASS" start="2024-05-21T05:14:49.316365" elapsed="0.000369"/>
</kw>
<kw name="Should Match Regexp" owner="BuiltIn">
<arg>${json_data['results'][0]['email']}</arg>
<arg>^[a-zA-Z0-9._%+-]+@[a-zA-Z0-9.-]+\.[a-zA-Z]{2,}$</arg>
<doc>Fails if ``string`` does not match ``pattern`` as a regular expression.</doc>
<status status="PASS" start="2024-05-21T05:14:49.316933" elapsed="0.000519"/>
</kw>
<kw name="Should Match Regexp" owner="BuiltIn">
<arg>${json_data['results'][0]['dob']['date']}</arg>
<arg>\\d{4}-\\d{2}-\\d{2}T\\d{2}:\\d{2}:\\d{2}\\.\\d{3}Z</arg>
<doc>Fails if ``string`` does not match ``pattern`` as a regular expression.</doc>
<status status="PASS" start="2024-05-21T05:14:49.317651" elapsed="0.000481"/>
</kw>
<kw name="Should Match Regexp" owner="BuiltIn">
<arg>${json_data['results'][0]['registered']['date']}</arg>
<arg>\\d{4}-\\d{2}-\\d{2}T\\d{2}:\\d{2}:\\d{2}\\.\\d{3}Z</arg>
<doc>Fails if ``string`` does not match ``pattern`` as a regular expression.</doc>
<status status="PASS" start="2024-05-21T05:14:49.318353" elapsed="0.000377"/>
</kw>
<kw name="Should Match Regexp" owner="BuiltIn">
<arg>${json_data['results'][0]['picture']['large']}</arg>
<arg>^https?://.*\.(?:png|jpe?g|gif|bmp)$</arg>
<doc>Fails if ``string`` does not match ``pattern`` as a regular expression.</doc>
<status status="PASS" start="2024-05-21T05:14:49.318923" elapsed="0.000460"/>
</kw>
<kw name="Should Match Regexp" owner="BuiltIn">
<arg>${json_data['results'][0]['picture']['medium']}</arg>
<arg>^https?://.*\.(?:png|jpe?g|gif|bmp)$</arg>
<doc>Fails if ``string`` does not match ``pattern`` as a regular expression.</doc>
<status status="PASS" start="2024-05-21T05:14:49.319574" elapsed="0.000365"/>
</kw>
<kw name="Should Match Regexp" owner="BuiltIn">
<arg>${json_data['results'][0]['picture']['thumbnail']}</arg>
<arg>^https?://.*\.(?:png|jpe?g|gif|bmp)$</arg>
<doc>Fails if ``string`` does not match ``pattern`` as a regular expression.</doc>
<status status="PASS" start="2024-05-21T05:14:49.320129" elapsed="0.000349"/>
</kw>
<kw name="Log" owner="BuiltIn">
<msg time="2024-05-21T05:14:49.321001" level="INFO">{'large': 'https://randomuser.me/api/portraits/women/6.jpg', 'medium': 'https://randomuser.me/api/portraits/med/women/6.jpg', 'thumbnail': 'https://randomuser.me/api/portraits/thumb/women/6.jpg'}</msg>
<arg>${json_data['results'][0]['picture']}</arg>
<doc>Logs the given message with the given level.</doc>
<status status="PASS" start="2024-05-21T05:14:49.320675" elapsed="0.000368"/>
</kw>
<status status="PASS" start="2024-05-21T05:14:49.258803" elapsed="0.062496"/>
</kw>
<kw name="Teste de Tipos de Dados - Postcode" owner="random-user-service">
<kw name="GET On Session" owner="RequestsLibrary">
<msg time="2024-05-21T05:14:49.428042" level="INFO">GET Request : url=https://randomuser.me/api 
 path_url=/api 
 headers={'User-Agent': 'python-requests/2.32.1', 'Accept-Encoding': 'gzip, deflate', 'Accept': '*/*', 'Connection': 'keep-alive'} 
 body=None 
 </msg>
<msg time="2024-05-21T05:14:49.428107" level="INFO">GET Response : url=https://randomuser.me/api 
 status=200, reason=OK 
 headers={'Date': 'Tue, 21 May 2024 05:14:49 GMT', 'Content-Type': 'application/json; charset=utf-8', 'Transfer-Encoding': 'chunked', 'Connection': 'keep-alive', 'X-Powered-By': 'Express', 'Access-Control-Allow-Origin': '*', 'Cache-Control': 'no-cache', 'ETag': 'W/"45c-etkfObKBxDCqHKvRPEtw89vo0z0"', 'Vary': 'Accept-Encoding', 'Content-Encoding': 'gzip', 'CF-Cache-Status': 'DYNAMIC', 'Report-To': '{"endpoints":[{"url":"https:\\/\\/a.nel.cloudflare.com\\/report\\/v4?s=gzSJm5e48%2BZrjqa%2BNwYKPij8PkW06dn99bqPJSDuJWUS9E9BoN4ubhb074fj%2FauXYkMfWweeNUoPArtPYcWqrdJreBKEeh6Mls8OTaeq0ukV1qC1oX3NZDDLyynnZGGM"}],"group":"cf-nel","max_age":604800}', 'NEL': '{"success_fraction":0,"report_to":"cf-nel","max_age":604800}', 'Server': 'cloudflare', 'CF-RAY': '887215ca4f2c5a46-IAD', 'alt-svc': 'h3=":443"; ma=86400'} 
 body={"results":[{"gender":"male","name":{"title":"Mr","first":"Kurt","last":"Boyd"},"location":{"street":{"number":1308,"name":"Mill Road"},"city":"Kildare","state":"Meath","country":"Ireland","postcode":12427,"coordinates":{"latitude":"-1.8384","longitude":"-68.8021"},"timezone":{"offset":"+3:30","description":"Tehran"}},"email":"kurt.boyd@example.com","login":{"uuid":"919277a0-dd32-4add-a710-f7e82efa8acd","username":"beautifulbear969","password":"huan","salt":"ZZnlN216","md5":"751efe6e499a43f684671cbd37c2b7ed","sha1":"ebbb5c03b4d020c504c52697d7383db11a126ea3","sha256":"4d1d2c9aef57ac2676b4098edb8be7b4112492cb082c74af2b0ebc5aa39f8fbb"},"dob":{"date":"1970-12-05T17:53:44.558Z","age":53},"registered":{"date":"2020-02-08T18:28:37.791Z","age":4},"phone":"021-996-5678","cell":"081-599-2101","id":{"name":"PPS","value":"8588782T"},"picture":{"large":"https://randomuser.me/api/portraits/men/51.jpg","medium":"https://randomuser.me/api/portraits/med/men/51.jpg","thumbnail":"https://randomuser.me/api/portraits/thumb/men/51.jpg"},"nat":"IE"}],"info":{"seed":"26b87ecbeb469e64","results":1,"page":1,"version":"1.4"}} 
 </msg>
<msg time="2024-05-21T05:14:49.428163" level="INFO">/opt/hostedtoolcache/Python/3.12.3/x64/lib/python3.12/site-packages/urllib3/connectionpool.py:1103: InsecureRequestWarning: Unverified HTTPS request is being made to host 'randomuser.me'. Adding certificate verification is strongly advised. See: https://urllib3.readthedocs.io/en/latest/advanced-usage.html#tls-warnings
  warnings.warn(</msg>
<msg time="2024-05-21T05:14:49.428273" level="INFO">${response} = &lt;Response [200]&gt;</msg>
<var>${response}</var>
<arg>consultarAPI</arg>
<arg>/api</arg>
<doc>Sends a GET request on a previously created HTTP Session.</doc>
<status status="PASS" start="2024-05-21T05:14:49.321752" elapsed="0.106552"/>
</kw>
<kw name="Set Variable" owner="BuiltIn">
<msg time="2024-05-21T05:14:49.429116" level="INFO">${json_data} = {'results': [{'gender': 'male', 'name': {'title': 'Mr', 'first': 'Kurt', 'last': 'Boyd'}, 'location': {'street': {'number': 1308, 'name': 'Mill Road'}, 'city': 'Kildare', 'state': 'Meath', 'country': ...</msg>
<var>${json_data}</var>
<arg>${response.json()}</arg>
<doc>Returns the given values which can then be assigned to a variables.</doc>
<status status="PASS" start="2024-05-21T05:14:49.428666" elapsed="0.000478"/>
</kw>
<kw name="Log" owner="BuiltIn">
<msg time="2024-05-21T05:14:49.429619" level="INFO">{'results': [{'gender': 'male', 'name': {'title': 'Mr', 'first': 'Kurt', 'last': 'Boyd'}, 'location': {'street': {'number': 1308, 'name': 'Mill Road'}, 'city': 'Kildare', 'state': 'Meath', 'country': 'Ireland', 'postcode': 12427, 'coordinates': {'latitude': '-1.8384', 'longitude': '-68.8021'}, 'timezone': {'offset': '+3:30', 'description': 'Tehran'}}, 'email': 'kurt.boyd@example.com', 'login': {'uuid': '919277a0-dd32-4add-a710-f7e82efa8acd', 'username': 'beautifulbear969', 'password': 'huan', 'salt': 'ZZnlN216', 'md5': '751efe6e499a43f684671cbd37c2b7ed', 'sha1': 'ebbb5c03b4d020c504c52697d7383db11a126ea3', 'sha256': '4d1d2c9aef57ac2676b4098edb8be7b4112492cb082c74af2b0ebc5aa39f8fbb'}, 'dob': {'date': '1970-12-05T17:53:44.558Z', 'age': 53}, 'registered': {'date': '2020-02-08T18:28:37.791Z', 'age': 4}, 'phone': '021-996-5678', 'cell': '081-599-2101', 'id': {'name': 'PPS', 'value': '8588782T'}, 'picture': {'large': 'https://randomuser.me/api/portraits/men/51.jpg', 'medium': 'https://randomuser.me/api/portraits/med/men/51.jpg', 'thumbnail': 'https://randomuser.me/api/portraits/thumb/men/51.jpg'}, 'nat': 'IE'}], 'info': {'seed': '26b87ecbeb469e64', 'results': 1, 'page': 1, 'version': '1.4'}}</msg>
<arg>${json_data}</arg>
<doc>Logs the given message with the given level.</doc>
<status status="PASS" start="2024-05-21T05:14:49.429465" elapsed="0.000232"/>
</kw>
<kw name="Should Be Equal As Numbers" owner="BuiltIn">
<arg>${json_data['results'][0]['location']['postcode']}</arg>
<arg>${json_data['results'][0]['location']['postcode']}</arg>
<doc>Fails if objects are unequal after converting them to real numbers.</doc>
<status status="PASS" start="2024-05-21T05:14:49.430001" elapsed="0.000801"/>
</kw>
<kw name="Log" owner="BuiltIn">
<msg time="2024-05-21T05:14:49.431335" level="INFO">12427</msg>
<arg>${json_data['results'][0]['location']['postcode']}</arg>
<doc>Logs the given message with the given level.</doc>
<status status="PASS" start="2024-05-21T05:14:49.430997" elapsed="0.000379"/>
</kw>
<status status="PASS" start="2024-05-21T05:14:49.321523" elapsed="0.110108"/>
</kw>
<doc>Testa se os tipos de dados na resposta da API estão corretos.</doc>
<tag>testeTiposDados</tag>
<status status="PASS" start="2024-05-21T05:14:49.258337" elapsed="0.173463"/>
</test>
<test id="s1-s1-t5" name="Validar conteudo" line="35">
<kw name="Teste de Tipos de Conteudo" owner="random-user-service">
<kw name="GET On Session" owner="RequestsLibrary">
<msg time="2024-05-21T05:14:49.508842" level="INFO">GET Request : url=https://randomuser.me/api 
 path_url=/api 
 headers={'User-Agent': 'python-requests/2.32.1', 'Accept-Encoding': 'gzip, deflate', 'Accept': '*/*', 'Connection': 'keep-alive'} 
 body=None 
 </msg>
<msg time="2024-05-21T05:14:49.508922" level="INFO">GET Response : url=https://randomuser.me/api 
 status=200, reason=OK 
 headers={'Date': 'Tue, 21 May 2024 05:14:49 GMT', 'Content-Type': 'application/json; charset=utf-8', 'Transfer-Encoding': 'chunked', 'Connection': 'keep-alive', 'X-Powered-By': 'Express', 'Access-Control-Allow-Origin': '*', 'Cache-Control': 'no-cache', 'ETag': 'W/"470-u1R/nt0ehiWwpuKuOOxafe2nHsg"', 'Vary': 'Accept-Encoding', 'Content-Encoding': 'gzip', 'CF-Cache-Status': 'DYNAMIC', 'Report-To': '{"endpoints":[{"url":"https:\\/\\/a.nel.cloudflare.com\\/report\\/v4?s=jPMkNtnw1RRKR1oDlSEp447ZUUzOoPNK4b1eOU3sSl%2BhWqpqqVRqfXa0J%2FWloPPLdAXgmQjB9xp7jB2kjJRt8W0boS4QXTMzfky7scy2Sh%2BGfExoCF0SKVei97L4Hjv7"}],"group":"cf-nel","max_age":604800}', 'NEL': '{"success_fraction":0,"report_to":"cf-nel","max_age":604800}', 'Server': 'cloudflare', 'CF-RAY': '887215caffa75a46-IAD', 'alt-svc': 'h3=":443"; ma=86400'} 
 body={"results":[{"gender":"male","name":{"title":"Mr","first":"سینا","last":"صدر"},"location":{"street":{"number":5281,"name":"دیباجی"},"city":"تبریز","state":"ایلام","country":"Iran","postcode":56007,"coordinates":{"latitude":"16.1904","longitude":"-129.5603"},"timezone":{"offset":"-12:00","description":"Eniwetok, Kwajalein"}},"email":"syn.sdr@example.com","login":{"uuid":"86085528-dc30-4f16-a54a-add316ad54bc","username":"crazymouse710","password":"freepass","salt":"1Vmd8fyi","md5":"1ad3569bf4e9f7425332fca6f6f7adca","sha1":"de91d422539819e3e2b3820362df23141f20b008","sha256":"c33a7c96c39794f372a230ef67f1083c912df1ccfb4bb3c7a44adb227b6f0270"},"dob":{"date":"1994-04-01T14:57:42.922Z","age":30},"registered":{"date":"2019-05-19T01:25:11.533Z","age":5},"phone":"004-68327807","cell":"0933-288-9987","id":{"name":"","value":null},"picture":{"large":"https://randomuser.me/api/portraits/men/19.jpg","medium":"https://randomuser.me/api/portraits/med/men/19.jpg","thumbnail":"https://randomuser.me/api/portraits/thumb/men/19.jpg"},"nat":"IR"}],"info":{"seed":"26e76b4b193baf4c","results":1,"page":1,"version":"1.4"}} 
 </msg>
<msg time="2024-05-21T05:14:49.508995" level="INFO">/opt/hostedtoolcache/Python/3.12.3/x64/lib/python3.12/site-packages/urllib3/connectionpool.py:1103: InsecureRequestWarning: Unverified HTTPS request is being made to host 'randomuser.me'. Adding certificate verification is strongly advised. See: https://urllib3.readthedocs.io/en/latest/advanced-usage.html#tls-warnings
  warnings.warn(</msg>
<msg time="2024-05-21T05:14:49.509123" level="INFO">${response} = &lt;Response [200]&gt;</msg>
<var>${response}</var>
<arg>consultarAPI</arg>
<arg>/api</arg>
<doc>Sends a GET request on a previously created HTTP Session.</doc>
<status status="PASS" start="2024-05-21T05:14:49.434321" elapsed="0.074856"/>
</kw>
<kw name="Set Variable" owner="BuiltIn">
<msg time="2024-05-21T05:14:49.510037" level="INFO">${json_data} = {'results': [{'gender': 'male', 'name': {'title': 'Mr', 'first': 'سینا', 'last': 'صدر'}, 'location': {'street': {'number': 5281, 'name': 'دیباجی'}, 'city': 'تبریز', 'state': 'ایلام', 'country': 'Iran'...</msg>
<var>${json_data}</var>
<arg>${response.json()}</arg>
<doc>Returns the given values which can then be assigned to a variables.</doc>
<status status="PASS" start="2024-05-21T05:14:49.509573" elapsed="0.000495"/>
</kw>
<kw name="Set Variable" owner="BuiltIn">
<msg time="2024-05-21T05:14:49.510817" level="INFO">${name_title} = Mr</msg>
<var>${name_title}</var>
<arg>${json_data["results"][0]["name"]["title"]}</arg>
<doc>Returns the given values which can then be assigned to a variables.</doc>
<status status="PASS" start="2024-05-21T05:14:49.510426" elapsed="0.000417"/>
</kw>
<kw name="Create List" owner="BuiltIn">
<msg time="2024-05-21T05:14:49.511300" level="INFO">${allowed_titles} = ['Mr', 'Ms', 'Miss', 'Mrs', 'Madame', 'Monsieur']</msg>
<var>${allowed_titles}</var>
<arg>Mr</arg>
<arg>Ms</arg>
<arg>Miss</arg>
<arg>Mrs</arg>
<arg>Madame</arg>
<arg>Monsieur</arg>
<doc>Returns a list containing given items.</doc>
<status status="PASS" start="2024-05-21T05:14:49.511149" elapsed="0.000176"/>
</kw>
<kw name="List Should Contain Value" owner="Collections">
<msg time="2024-05-21T05:14:49.511801" level="INFO">False</msg>
<arg>${allowed_titles}</arg>
<arg>${name_title}</arg>
<doc>Fails if the ``value`` is not found from ``list``.</doc>
<status status="PASS" start="2024-05-21T05:14:49.511626" elapsed="0.000212"/>
</kw>
<kw name="Set Variable" owner="BuiltIn">
<msg time="2024-05-21T05:14:49.512515" level="INFO">${name_country} = IR</msg>
<var>${name_country}</var>
<arg>${json_data["results"][0]["nat"]}</arg>
<doc>Returns the given values which can then be assigned to a variables.</doc>
<status status="PASS" start="2024-05-21T05:14:49.512132" elapsed="0.000409"/>
</kw>
<kw name="Create List" owner="BuiltIn">
<msg time="2024-05-21T05:14:49.513442" level="INFO">${list_country} = ['AD', 'AE', 'AF', 'AG', 'AI', 'AL', 'AM', 'AO', 'AQ', 'AR', 'AS', 'AT', 'AU', 'AW', 'AX', 'AZ', 'BA', 'BB', 'BD', 'BE', 'BF', 'BG', 'BH', 'BI', 'BJ', 'BL', 'BM', 'BN', 'BO', 'BQ', 'BR', 'BS', 'BT', '...</msg>
<var>${list_country}</var>
<arg>AD</arg>
<arg>AE</arg>
<arg>AF</arg>
<arg>AG</arg>
<arg>AI</arg>
<arg>AL</arg>
<arg>AM</arg>
<arg>AO</arg>
<arg>AQ</arg>
<arg>AR</arg>
<arg>AS</arg>
<arg>AT</arg>
<arg>AU</arg>
<arg>AW</arg>
<arg>AX</arg>
<arg>AZ</arg>
<arg>BA</arg>
<arg>BB</arg>
<arg>BD</arg>
<arg>BE</arg>
<arg>BF</arg>
<arg>BG</arg>
<arg>BH</arg>
<arg>BI</arg>
<arg>BJ</arg>
<arg>BL</arg>
<arg>BM</arg>
<arg>BN</arg>
<arg>BO</arg>
<arg>BQ</arg>
<arg>BR</arg>
<arg>BS</arg>
<arg>BT</arg>
<arg>BV</arg>
<arg>BW</arg>
<arg>BY</arg>
<arg>BZ</arg>
<arg>CA</arg>
<arg>CC</arg>
<arg>CD</arg>
<arg>CF</arg>
<arg>CG</arg>
<arg>CH</arg>
<arg>CI</arg>
<arg>CK</arg>
<arg>CL</arg>
<arg>CM</arg>
<arg>CN</arg>
<arg>CO</arg>
<arg>CR</arg>
<arg>CU</arg>
<arg>CV</arg>
<arg>CW</arg>
<arg>CX</arg>
<arg>CY</arg>
<arg>CZ</arg>
<arg>DE</arg>
<arg>DJ</arg>
<arg>DK</arg>
<arg>DM</arg>
<arg>DO</arg>
<arg>DZ</arg>
<arg>EC</arg>
<arg>EE</arg>
<arg>EG</arg>
<arg>EH</arg>
<arg>ER</arg>
<arg>ES</arg>
<arg>ET</arg>
<arg>FI</arg>
<arg>FJ</arg>
<arg>FK</arg>
<arg>FM</arg>
<arg>FO</arg>
<arg>FR</arg>
<arg>GA</arg>
<arg>GB</arg>
<arg>GD</arg>
<arg>GE</arg>
<arg>GF</arg>
<arg>GG</arg>
<arg>GH</arg>
<arg>GI</arg>
<arg>GL</arg>
<arg>GM</arg>
<arg>GN</arg>
<arg>GP</arg>
<arg>GQ</arg>
<arg>GR</arg>
<arg>GS</arg>
<arg>GT</arg>
<arg>GU</arg>
<arg>GW</arg>
<arg>GY</arg>
<arg>HK</arg>
<arg>HM</arg>
<arg>HN</arg>
<arg>HR</arg>
<arg>HT</arg>
<arg>HU</arg>
<arg>ID</arg>
<arg>IE</arg>
<arg>IL</arg>
<arg>IM</arg>
<arg>IN</arg>
<arg>IO</arg>
<arg>IQ</arg>
<arg>IR</arg>
<arg>IS</arg>
<arg>IT</arg>
<arg>JE</arg>
<arg>JM</arg>
<arg>JO</arg>
<arg>JP</arg>
<arg>KE</arg>
<arg>KG</arg>
<arg>KH</arg>
<arg>KI</arg>
<arg>KM</arg>
<arg>KN</arg>
<arg>KP</arg>
<arg>KR</arg>
<arg>KW</arg>
<arg>KY</arg>
<arg>KZ</arg>
<arg>LA</arg>
<arg>LB</arg>
<arg>LC</arg>
<arg>LI</arg>
<arg>LK</arg>
<arg>LR</arg>
<arg>LS</arg>
<arg>LT</arg>
<arg>LU</arg>
<arg>LV</arg>
<arg>LY</arg>
<arg>MA</arg>
<arg>MC</arg>
<arg>MD</arg>
<arg>ME</arg>
<arg>MF</arg>
<arg>MG</arg>
<arg>MH</arg>
<arg>MK</arg>
<arg>ML</arg>
<arg>MM</arg>
<arg>MN</arg>
<arg>MO</arg>
<arg>MP</arg>
<arg>MQ</arg>
<arg>MR</arg>
<arg>MS</arg>
<arg>MT</arg>
<arg>MU</arg>
<arg>MV</arg>
<arg>MW</arg>
<arg>MX</arg>
<arg>MY</arg>
<arg>MZ</arg>
<arg>NA</arg>
<arg>NC</arg>
<arg>NE</arg>
<arg>NF</arg>
<arg>NG</arg>
<arg>NI</arg>
<arg>NL</arg>
<arg>NO</arg>
<arg>NP</arg>
<arg>NR</arg>
<arg>NU</arg>
<arg>NZ</arg>
<arg>OM</arg>
<arg>PA</arg>
<arg>PE</arg>
<arg>PF</arg>
<arg>PG</arg>
<arg>PH</arg>
<arg>PK</arg>
<arg>PL</arg>
<arg>PM</arg>
<arg>PN</arg>
<arg>PR</arg>
<arg>PS</arg>
<arg>PT</arg>
<arg>PW</arg>
<arg>PY</arg>
<arg>QA</arg>
<arg>RE</arg>
<arg>RO</arg>
<arg>RS</arg>
<arg>RU</arg>
<arg>RW</arg>
<arg>SA</arg>
<arg>SB</arg>
<arg>SC</arg>
<arg>SD</arg>
<arg>SE</arg>
<arg>SG</arg>
<arg>SH</arg>
<arg>SI</arg>
<arg>SJ</arg>
<arg>SK</arg>
<arg>SL</arg>
<arg>SM</arg>
<arg>SN</arg>
<arg>SO</arg>
<arg>SR</arg>
<arg>SS</arg>
<arg>ST</arg>
<arg>SV</arg>
<arg>SX</arg>
<arg>SY</arg>
<arg>SZ</arg>
<arg>TC</arg>
<arg>TD</arg>
<arg>TF</arg>
<arg>TG</arg>
<arg>TH</arg>
<arg>TJ</arg>
<arg>TK</arg>
<arg>TL</arg>
<arg>TM</arg>
<arg>TN</arg>
<arg>TO</arg>
<arg>TR</arg>
<arg>TT</arg>
<arg>TV</arg>
<arg>TW</arg>
<arg>TZ</arg>
<arg>UA</arg>
<arg>UG</arg>
<arg>UM</arg>
<arg>US</arg>
<arg>UY</arg>
<arg>UZ</arg>
<arg>VA</arg>
<arg>VC</arg>
<arg>VE</arg>
<arg>VG</arg>
<arg>VI</arg>
<arg>VN</arg>
<arg>VU</arg>
<arg>WF</arg>
<arg>WS</arg>
<arg>XK</arg>
<arg>YE</arg>
<arg>YT</arg>
<arg>ZA</arg>
<arg>ZM</arg>
<arg>ZW</arg>
<doc>Returns a list containing given items.</doc>
<status status="PASS" start="2024-05-21T05:14:49.512846" elapsed="0.000622"/>
</kw>
<kw name="List Should Contain Value" owner="Collections">
<msg time="2024-05-21T05:14:49.514506" level="INFO">False</msg>
<arg>${list_country}</arg>
<arg>${name_country}</arg>
<doc>Fails if the ``value`` is not found from ``list``.</doc>
<status status="PASS" start="2024-05-21T05:14:49.514289" elapsed="0.000255"/>
</kw>
<kw name="Run Keyword If" owner="BuiltIn">
<kw name="Should Be True" owner="BuiltIn">
<arg>${True}</arg>
<doc>Fails if the given condition is not true.</doc>
<status status="PASS" start="2024-05-21T05:14:49.515623" elapsed="0.000147"/>
</kw>
<arg>${json_data["results"][0]["location"]["coordinates"]["latitude"]} &gt;= -90 and ${json_data["results"][0]["location"]["coordinates"]["latitude"]} &lt;= 90</arg>
<arg>Should Be True</arg>
<arg>${True}</arg>
<doc>Runs the given keyword with the given arguments, if ``condition`` is true.</doc>
<status status="PASS" start="2024-05-21T05:14:49.514862" elapsed="0.001036"/>
</kw>
<kw name="Run Keyword If" owner="BuiltIn">
<kw name="Should Be True" owner="BuiltIn">
<arg>${True}</arg>
<doc>Fails if the given condition is not true.</doc>
<status status="PASS" start="2024-05-21T05:14:49.516783" elapsed="0.000256"/>
</kw>
<arg>${json_data["results"][0]["location"]["coordinates"]["longitude"]} &gt;= -180 and ${json_data["results"][0]["location"]["coordinates"]["longitude"]} &lt;= 180</arg>
<arg>Should Be True</arg>
<arg>${True}</arg>
<doc>Runs the given keyword with the given arguments, if ``condition`` is true.</doc>
<status status="PASS" start="2024-05-21T05:14:49.516087" elapsed="0.001080"/>
</kw>
<status status="PASS" start="2024-05-21T05:14:49.434078" elapsed="0.083220"/>
</kw>
<doc>Testa o conteúdo específico dos campos retornados pela API.</doc>
<tag>testeConteudo</tag>
<status status="PASS" start="2024-05-21T05:14:49.433561" elapsed="0.083882"/>
</test>
<status status="PASS" start="2024-05-21T05:14:48.687418" elapsed="0.831978"/>
</suite>
<status status="PASS" start="2024-05-21T05:14:48.673955" elapsed="0.850552"/>
</suite>
<statistics>
<total>
<stat pass="5" fail="0" skip="0">All Tests</stat>
</total>
<tag>
<stat pass="1" fail="0" skip="0">testeConteudo</stat>
<stat pass="1" fail="0" skip="0">testeEstruturaResposta</stat>
<stat pass="1" fail="0" skip="0">testeRequisicaoBasica</stat>
<stat pass="1" fail="0" skip="0">testeTiposDados</stat>
</tag>
<suite>
<stat pass="5" fail="0" skip="0" id="s1" name="Tests">Tests</stat>
<stat pass="5" fail="0" skip="0" id="s1-s1" name="Random-User-Test">Tests.Random-User-Test</stat>
</suite>
</statistics>
<errors>
</errors>
</robot>
