<?xml version="1.0" encoding="UTF-8"?>
<robot generator="Robot 7.0 (Python 3.12.3 on linux)" generated="2024-04-21T16:16:52.783411" rpa="false" schemaversion="5">
<suite id="s1" name="Tests" source="/home/runner/work/DesafioQAItauRogerioJordao/DesafioQAItauRogerioJordao/RamdonUser/tests">
<suite id="s1-s1" name="Random-User-Test" source="/home/runner/work/DesafioQAItauRogerioJordao/DesafioQAItauRogerioJordao/RamdonUser/tests/random-user-test.robot">
<test id="s1-s1-t1" name="Conectar" line="13">
<kw name="Conectar API" owner="random-user-service">
<kw name="Create Session" owner="RequestsLibrary">
<msg time="2024-04-21T16:16:53.143934" level="INFO">Creating Session using : alias=consultarAPI, url=https://randomuser.me/, headers={},                     cookies={}, auth=None, timeout=None, proxies=None, verify=False,                     debug=0 </msg>
<arg>consultarAPI</arg>
<arg>${URL}</arg>
<doc>Create Session: create a HTTP session to a server</doc>
<status status="PASS" start="2024-04-21T16:16:53.143729" elapsed="0.000395"/>
</kw>
<status status="PASS" start="2024-04-21T16:16:53.142735" elapsed="0.001758"/>
</kw>
<status status="PASS" start="2024-04-21T16:16:53.142063" elapsed="0.002674"/>
</test>
<test id="s1-s1-t2" name="Validar retorno 200 e JSON Válido" line="16">
<kw name="Teste de Requisicao Basica" owner="random-user-service">
<kw name="GET On Session" owner="RequestsLibrary">
<msg time="2024-04-21T16:16:53.381428" level="INFO">GET Request : url=https://randomuser.me/api 
 path_url=/api 
 headers={'User-Agent': 'python-requests/2.31.0', 'Accept-Encoding': 'gzip, deflate', 'Accept': '*/*', 'Connection': 'keep-alive'} 
 body=None 
 </msg>
<msg time="2024-04-21T16:16:53.381589" level="INFO">GET Response : url=https://randomuser.me/api 
 status=200, reason=OK 
 headers={'Date': 'Sun, 21 Apr 2024 16:16:53 GMT', 'Content-Type': 'application/json; charset=utf-8', 'Transfer-Encoding': 'chunked', 'Connection': 'keep-alive', 'X-Powered-By': 'Express', 'Access-Control-Allow-Origin': '*', 'Cache-Control': 'no-cache', 'ETag': 'W/"493-ycd4E42IOehQFsfv1VymasI76GU"', 'Vary': 'Accept-Encoding', 'Content-Encoding': 'gzip', 'CF-Cache-Status': 'DYNAMIC', 'Report-To': '{"endpoints":[{"url":"https:\\/\\/a.nel.cloudflare.com\\/report\\/v4?s=1moYTD%2FVkkh%2F12G2MXIIb1kVW6Mf9ioWI0NrF7D%2BKQnTFQmle563kBLQL2qVL306gx80IFMK%2BOh7ALFEtVV18H6uC%2FfBAGJTTHldM5yLBppHyFXLiINiQ8YOqEsc3feM"}],"group":"cf-nel","max_age":604800}', 'NEL': '{"success_fraction":0,"report_to":"cf-nel","max_age":604800}', 'Server': 'cloudflare', 'CF-RAY': '877eae5d0fa2fa72-SJC', 'alt-svc': 'h3=":443"; ma=86400'} 
 body={"results":[{"gender":"male","name":{"title":"Mr","first":"Dragutin","last":"Šakić"},"location":{"street":{"number":3809,"name":"Dragutina Tomaševića"},"city":"Rača","state":"Pirot","country":"Serbia","postcode":16379,"coordinates":{"latitude":"64.1761","longitude":"-175.5565"},"timezone":{"offset":"0:00","description":"Western Europe Time, London, Lisbon, Casablanca"}},"email":"dragutin.sakic@example.com","login":{"uuid":"4a763a81-7a99-47b3-8de2-70a07f787e8b","username":"tinydog526","password":"sony","salt":"DOLLBRoc","md5":"62d1aabbcfec30d7668e52bdf96fa5ce","sha1":"75312a1757379b06c7f79f86447861c21c1ecd97","sha256":"ac523a5f6165ac2b0c8a1ce3f2c91104a802651951152cac444a0d6527173703"},"dob":{"date":"1944-09-13T02:17:15.302Z","age":79},"registered":{"date":"2015-09-19T13:00:52.695Z","age":8},"phone":"029-4549-575","cell":"067-9230-678","id":{"name":"SID","value":"204103033"},"picture":{"large":"https://randomuser.me/api/portraits/men/5.jpg","medium":"https://randomuser.me/api/portraits/med/men/5.jpg","thumbnail":"https://randomuser.me/api/portraits/thumb/men/5.jpg"},"nat":"RS"}],"info":{"seed":"89f35db6f7e9c5a9","results":1,"page":1,"version":"1.4"}} 
 </msg>
<msg time="2024-04-21T16:16:53.381684" level="INFO">/opt/hostedtoolcache/Python/3.12.3/x64/lib/python3.12/site-packages/urllib3/connectionpool.py:1103: InsecureRequestWarning: Unverified HTTPS request is being made to host 'randomuser.me'. Adding certificate verification is strongly advised. See: https://urllib3.readthedocs.io/en/latest/advanced-usage.html#tls-warnings
  warnings.warn(</msg>
<msg time="2024-04-21T16:16:53.381853" level="INFO">${response} = &lt;Response [200]&gt;</msg>
<var>${response}</var>
<arg>consultarAPI</arg>
<arg>/api</arg>
<doc>Sends a GET request on a previously created HTTP Session.</doc>
<status status="PASS" start="2024-04-21T16:16:53.147486" elapsed="0.234439"/>
</kw>
<kw name="Should Be Equal As Numbers" owner="BuiltIn">
<msg time="2024-04-21T16:16:53.382984" level="INFO">Argument types are:
&lt;class 'int'&gt;
&lt;class 'str'&gt;</msg>
<arg>${response.status_code}</arg>
<arg>200</arg>
<doc>Fails if objects are unequal after converting them to real numbers.</doc>
<status status="PASS" start="2024-04-21T16:16:53.382508" elapsed="0.000546"/>
</kw>
<kw name="Log" owner="BuiltIn">
<msg time="2024-04-21T16:16:53.383818" level="INFO">200</msg>
<arg>${response.status_code}</arg>
<doc>Logs the given message with the given level.</doc>
<status status="PASS" start="2024-04-21T16:16:53.383439" elapsed="0.000423"/>
</kw>
<kw name="Set Variable" owner="BuiltIn">
<msg time="2024-04-21T16:16:53.384698" level="INFO">${json_data} = {'results': [{'gender': 'male', 'name': {'title': 'Mr', 'first': 'Dragutin', 'last': 'Šakić'}, 'location': {'street': {'number': 3809, 'name': 'Dragutina Tomaševića'}, 'city': 'Rača', 'state': 'Pirot'...</msg>
<var>${json_data}</var>
<arg>${response.json()}</arg>
<doc>Returns the given values which can then be assigned to a variables.</doc>
<status status="PASS" start="2024-04-21T16:16:53.384190" elapsed="0.000539"/>
</kw>
<kw name="Dictionary Should Contain Key" owner="Collections">
<msg time="2024-04-21T16:16:53.385232" level="INFO">False</msg>
<arg>${json_data}</arg>
<arg>results</arg>
<doc>Fails if ``key`` is not found from ``dictionary``.</doc>
<status status="PASS" start="2024-04-21T16:16:53.385056" elapsed="0.000217"/>
</kw>
<status status="PASS" start="2024-04-21T16:16:53.147232" elapsed="0.238309"/>
</kw>
<doc>Testa se a API responde corretamente e retorna um objeto JSON válido.</doc>
<tag>testeRequisicaoBasica</tag>
<status status="PASS" start="2024-04-21T16:16:53.146652" elapsed="0.239078"/>
</test>
<test id="s1-s1-t3" name="Validar estrutura de resposta" line="22">
<kw name="Teste de Estrutura de Resposta" owner="random-user-service">
<kw name="GET On Session" owner="RequestsLibrary">
<msg time="2024-04-21T16:16:53.480993" level="INFO">GET Request : url=https://randomuser.me/api 
 path_url=/api 
 headers={'User-Agent': 'python-requests/2.31.0', 'Accept-Encoding': 'gzip, deflate', 'Accept': '*/*', 'Connection': 'keep-alive'} 
 body=None 
 </msg>
<msg time="2024-04-21T16:16:53.481108" level="INFO">GET Response : url=https://randomuser.me/api 
 status=200, reason=OK 
 headers={'Date': 'Sun, 21 Apr 2024 16:16:53 GMT', 'Content-Type': 'application/json; charset=utf-8', 'Transfer-Encoding': 'chunked', 'Connection': 'keep-alive', 'X-Powered-By': 'Express', 'Access-Control-Allow-Origin': '*', 'Cache-Control': 'no-cache', 'ETag': 'W/"4a3-BXiwKaI2/H9qR9xG+CQ+ij8wtE8"', 'Vary': 'Accept-Encoding', 'Content-Encoding': 'gzip', 'CF-Cache-Status': 'DYNAMIC', 'Report-To': '{"endpoints":[{"url":"https:\\/\\/a.nel.cloudflare.com\\/report\\/v4?s=dJuaGfbgPivAqlegoxjVY3a9la%2BHfE1Gjsp%2FTfIoTcKFyJ6T3shlmfrjolvtvwnt8NsyF8wOlYEVlRhyTToDB0qSfK4D8l8LnvybGYLVoS5iTdimtE1dHZcnQ4xbtWRx"}],"group":"cf-nel","max_age":604800}', 'NEL': '{"success_fraction":0,"report_to":"cf-nel","max_age":604800}', 'Server': 'cloudflare', 'CF-RAY': '877eae5db84dfa72-SJC', 'alt-svc': 'h3=":443"; ma=86400'} 
 body={"results":[{"gender":"male","name":{"title":"Mr","first":"Freddy","last":"Seinstra"},"location":{"street":{"number":8188,"name":"Aan de Drie Heren"},"city":"Gasselterboerveen","state":"Groningen","country":"Netherlands","postcode":"3334 LO","coordinates":{"latitude":"32.6248","longitude":"-55.5920"},"timezone":{"offset":"+5:30","description":"Bombay, Calcutta, Madras, New Delhi"}},"email":"freddy.seinstra@example.com","login":{"uuid":"4abd0459-08e7-413d-8af2-843803244f20","username":"yellowcat593","password":"omega","salt":"bG6Ehn3b","md5":"5e1561b8cc81affd6a37bbd6981355a1","sha1":"f7475b86c17e865d156e59e3512113362b47bd1e","sha256":"f279c6b04fb72f5b1da9ff7d88a2b29b93bc14c4745b8d63d512a7ec7459dca4"},"dob":{"date":"1960-03-01T07:24:39.212Z","age":64},"registered":{"date":"2006-05-11T03:19:18.456Z","age":17},"phone":"(0461) 803682","cell":"(06) 87132149","id":{"name":"BSN","value":"47373493"},"picture":{"large":"https://randomuser.me/api/portraits/men/50.jpg","medium":"https://randomuser.me/api/portraits/med/men/50.jpg","thumbnail":"https://randomuser.me/api/portraits/thumb/men/50.jpg"},"nat":"NL"}],"info":{"seed":"5792b4d5e5a8faa7","results":1,"page":1,"version":"1.4"}} 
 </msg>
<msg time="2024-04-21T16:16:53.481261" level="INFO">/opt/hostedtoolcache/Python/3.12.3/x64/lib/python3.12/site-packages/urllib3/connectionpool.py:1103: InsecureRequestWarning: Unverified HTTPS request is being made to host 'randomuser.me'. Adding certificate verification is strongly advised. See: https://urllib3.readthedocs.io/en/latest/advanced-usage.html#tls-warnings
  warnings.warn(</msg>
<msg time="2024-04-21T16:16:53.481421" level="INFO">${response} = &lt;Response [200]&gt;</msg>
<var>${response}</var>
<arg>consultarAPI</arg>
<arg>/api</arg>
<doc>Sends a GET request on a previously created HTTP Session.</doc>
<status status="PASS" start="2024-04-21T16:16:53.388353" elapsed="0.093112"/>
</kw>
<kw name="Set Variable" owner="BuiltIn">
<msg time="2024-04-21T16:16:53.482647" level="INFO">${json_data} = {'results': [{'gender': 'male', 'name': {'title': 'Mr', 'first': 'Freddy', 'last': 'Seinstra'}, 'location': {'street': {'number': 8188, 'name': 'Aan de Drie Heren'}, 'city': 'Gasselterboerveen', 'stat...</msg>
<var>${json_data}</var>
<arg>${response.json()}</arg>
<doc>Returns the given values which can then be assigned to a variables.</doc>
<status status="PASS" start="2024-04-21T16:16:53.481977" elapsed="0.000715"/>
</kw>
<kw name="Log" owner="BuiltIn">
<msg time="2024-04-21T16:16:53.483324" level="INFO">{'results': [{'gender': 'male', 'name': {'title': 'Mr', 'first': 'Freddy', 'last': 'Seinstra'}, 'location': {'street': {'number': 8188, 'name': 'Aan de Drie Heren'}, 'city': 'Gasselterboerveen', 'state': 'Groningen', 'country': 'Netherlands', 'postcode': '3334 LO', 'coordinates': {'latitude': '32.6248', 'longitude': '-55.5920'}, 'timezone': {'offset': '+5:30', 'description': 'Bombay, Calcutta, Madras, New Delhi'}}, 'email': 'freddy.seinstra@example.com', 'login': {'uuid': '4abd0459-08e7-413d-8af2-843803244f20', 'username': 'yellowcat593', 'password': 'omega', 'salt': 'bG6Ehn3b', 'md5': '5e1561b8cc81affd6a37bbd6981355a1', 'sha1': 'f7475b86c17e865d156e59e3512113362b47bd1e', 'sha256': 'f279c6b04fb72f5b1da9ff7d88a2b29b93bc14c4745b8d63d512a7ec7459dca4'}, 'dob': {'date': '1960-03-01T07:24:39.212Z', 'age': 64}, 'registered': {'date': '2006-05-11T03:19:18.456Z', 'age': 17}, 'phone': '(0461) 803682', 'cell': '(06) 87132149', 'id': {'name': 'BSN', 'value': '47373493'}, 'picture': {'large': 'https://randomuser.me/api/portraits/men/50.jpg', 'medium': 'https://randomuser.me/api/portraits/med/men/50.jpg', 'thumbnail': 'https://randomuser.me/api/portraits/thumb/men/50.jpg'}, 'nat': 'NL'}], 'info': {'seed': '5792b4d5e5a8faa7', 'results': 1, 'page': 1, 'version': '1.4'}}</msg>
<arg>${json_data}</arg>
<doc>Logs the given message with the given level.</doc>
<status status="PASS" start="2024-04-21T16:16:53.483143" elapsed="0.000234"/>
</kw>
<kw name="Dictionary Should Contain Key" owner="Collections">
<msg time="2024-04-21T16:16:53.483882" level="INFO">False</msg>
<arg>${json_data}</arg>
<arg>results</arg>
<doc>Fails if ``key`` is not found from ``dictionary``.</doc>
<status status="PASS" start="2024-04-21T16:16:53.483709" elapsed="0.000212"/>
</kw>
<kw name="Should Not Be Empty" owner="BuiltIn">
<msg time="2024-04-21T16:16:53.484366" level="INFO">Length is 2.</msg>
<arg>${json_data}</arg>
<doc>Verifies that the given item is not empty.</doc>
<status status="PASS" start="2024-04-21T16:16:53.484228" elapsed="0.000178"/>
</kw>
<kw name="Create List" owner="BuiltIn">
<msg time="2024-04-21T16:16:53.485103" level="INFO">${expected_keys} = ['gender', 'name', 'location', 'email', 'login']</msg>
<var>${expected_keys}</var>
<arg>gender</arg>
<arg>name</arg>
<arg>location</arg>
<arg>email</arg>
<arg>login</arg>
<doc>Returns a list containing given items.</doc>
<status status="PASS" start="2024-04-21T16:16:53.484742" elapsed="0.000391"/>
</kw>
<for flavor="IN">
<iter>
<kw name="Dictionary Should Contain Key" owner="Collections">
<msg time="2024-04-21T16:16:53.486197" level="INFO">False</msg>
<arg>${json_data['results'][0]}</arg>
<arg>${key}</arg>
<doc>Fails if ``key`` is not found from ``dictionary``.</doc>
<status status="PASS" start="2024-04-21T16:16:53.485764" elapsed="0.000472"/>
</kw>
<kw name="Log" owner="BuiltIn">
<msg time="2024-04-21T16:16:53.486915" level="INFO">{'gender': 'male', 'name': {'title': 'Mr', 'first': 'Freddy', 'last': 'Seinstra'}, 'location': {'street': {'number': 8188, 'name': 'Aan de Drie Heren'}, 'city': 'Gasselterboerveen', 'state': 'Groningen', 'country': 'Netherlands', 'postcode': '3334 LO', 'coordinates': {'latitude': '32.6248', 'longitude': '-55.5920'}, 'timezone': {'offset': '+5:30', 'description': 'Bombay, Calcutta, Madras, New Delhi'}}, 'email': 'freddy.seinstra@example.com', 'login': {'uuid': '4abd0459-08e7-413d-8af2-843803244f20', 'username': 'yellowcat593', 'password': 'omega', 'salt': 'bG6Ehn3b', 'md5': '5e1561b8cc81affd6a37bbd6981355a1', 'sha1': 'f7475b86c17e865d156e59e3512113362b47bd1e', 'sha256': 'f279c6b04fb72f5b1da9ff7d88a2b29b93bc14c4745b8d63d512a7ec7459dca4'}, 'dob': {'date': '1960-03-01T07:24:39.212Z', 'age': 64}, 'registered': {'date': '2006-05-11T03:19:18.456Z', 'age': 17}, 'phone': '(0461) 803682', 'cell': '(06) 87132149', 'id': {'name': 'BSN', 'value': '47373493'}, 'picture': {'large': 'https://randomuser.me/api/portraits/men/50.jpg', 'medium': 'https://randomuser.me/api/portraits/med/men/50.jpg', 'thumbnail': 'https://randomuser.me/api/portraits/thumb/men/50.jpg'}, 'nat': 'NL'}</msg>
<arg>${json_data['results'][0]}</arg>
<doc>Logs the given message with the given level.</doc>
<status status="PASS" start="2024-04-21T16:16:53.486545" elapsed="0.000418"/>
</kw>
<kw name="Log" owner="BuiltIn">
<msg time="2024-04-21T16:16:53.487386" level="INFO">gender</msg>
<arg>${key}</arg>
<doc>Logs the given message with the given level.</doc>
<status status="PASS" start="2024-04-21T16:16:53.487259" elapsed="0.000165"/>
</kw>
<var name="${key}">gender</var>
<status status="PASS" start="2024-04-21T16:16:53.485634" elapsed="0.002005"/>
</iter>
<iter>
<kw name="Dictionary Should Contain Key" owner="Collections">
<msg time="2024-04-21T16:16:53.488339" level="INFO">False</msg>
<arg>${json_data['results'][0]}</arg>
<arg>${key}</arg>
<doc>Fails if ``key`` is not found from ``dictionary``.</doc>
<status status="PASS" start="2024-04-21T16:16:53.487950" elapsed="0.000428"/>
</kw>
<kw name="Log" owner="BuiltIn">
<msg time="2024-04-21T16:16:53.489106" level="INFO">{'gender': 'male', 'name': {'title': 'Mr', 'first': 'Freddy', 'last': 'Seinstra'}, 'location': {'street': {'number': 8188, 'name': 'Aan de Drie Heren'}, 'city': 'Gasselterboerveen', 'state': 'Groningen', 'country': 'Netherlands', 'postcode': '3334 LO', 'coordinates': {'latitude': '32.6248', 'longitude': '-55.5920'}, 'timezone': {'offset': '+5:30', 'description': 'Bombay, Calcutta, Madras, New Delhi'}}, 'email': 'freddy.seinstra@example.com', 'login': {'uuid': '4abd0459-08e7-413d-8af2-843803244f20', 'username': 'yellowcat593', 'password': 'omega', 'salt': 'bG6Ehn3b', 'md5': '5e1561b8cc81affd6a37bbd6981355a1', 'sha1': 'f7475b86c17e865d156e59e3512113362b47bd1e', 'sha256': 'f279c6b04fb72f5b1da9ff7d88a2b29b93bc14c4745b8d63d512a7ec7459dca4'}, 'dob': {'date': '1960-03-01T07:24:39.212Z', 'age': 64}, 'registered': {'date': '2006-05-11T03:19:18.456Z', 'age': 17}, 'phone': '(0461) 803682', 'cell': '(06) 87132149', 'id': {'name': 'BSN', 'value': '47373493'}, 'picture': {'large': 'https://randomuser.me/api/portraits/men/50.jpg', 'medium': 'https://randomuser.me/api/portraits/med/men/50.jpg', 'thumbnail': 'https://randomuser.me/api/portraits/thumb/men/50.jpg'}, 'nat': 'NL'}</msg>
<arg>${json_data['results'][0]}</arg>
<doc>Logs the given message with the given level.</doc>
<status status="PASS" start="2024-04-21T16:16:53.488736" elapsed="0.000418"/>
</kw>
<kw name="Log" owner="BuiltIn">
<msg time="2024-04-21T16:16:53.489593" level="INFO">name</msg>
<arg>${key}</arg>
<doc>Logs the given message with the given level.</doc>
<status status="PASS" start="2024-04-21T16:16:53.489466" elapsed="0.000165"/>
</kw>
<var name="${key}">name</var>
<status status="PASS" start="2024-04-21T16:16:53.487832" elapsed="0.002016"/>
</iter>
<iter>
<kw name="Dictionary Should Contain Key" owner="Collections">
<msg time="2024-04-21T16:16:53.490537" level="INFO">False</msg>
<arg>${json_data['results'][0]}</arg>
<arg>${key}</arg>
<doc>Fails if ``key`` is not found from ``dictionary``.</doc>
<status status="PASS" start="2024-04-21T16:16:53.490146" elapsed="0.000428"/>
</kw>
<kw name="Log" owner="BuiltIn">
<msg time="2024-04-21T16:16:53.491232" level="INFO">{'gender': 'male', 'name': {'title': 'Mr', 'first': 'Freddy', 'last': 'Seinstra'}, 'location': {'street': {'number': 8188, 'name': 'Aan de Drie Heren'}, 'city': 'Gasselterboerveen', 'state': 'Groningen', 'country': 'Netherlands', 'postcode': '3334 LO', 'coordinates': {'latitude': '32.6248', 'longitude': '-55.5920'}, 'timezone': {'offset': '+5:30', 'description': 'Bombay, Calcutta, Madras, New Delhi'}}, 'email': 'freddy.seinstra@example.com', 'login': {'uuid': '4abd0459-08e7-413d-8af2-843803244f20', 'username': 'yellowcat593', 'password': 'omega', 'salt': 'bG6Ehn3b', 'md5': '5e1561b8cc81affd6a37bbd6981355a1', 'sha1': 'f7475b86c17e865d156e59e3512113362b47bd1e', 'sha256': 'f279c6b04fb72f5b1da9ff7d88a2b29b93bc14c4745b8d63d512a7ec7459dca4'}, 'dob': {'date': '1960-03-01T07:24:39.212Z', 'age': 64}, 'registered': {'date': '2006-05-11T03:19:18.456Z', 'age': 17}, 'phone': '(0461) 803682', 'cell': '(06) 87132149', 'id': {'name': 'BSN', 'value': '47373493'}, 'picture': {'large': 'https://randomuser.me/api/portraits/men/50.jpg', 'medium': 'https://randomuser.me/api/portraits/med/men/50.jpg', 'thumbnail': 'https://randomuser.me/api/portraits/thumb/men/50.jpg'}, 'nat': 'NL'}</msg>
<arg>${json_data['results'][0]}</arg>
<doc>Logs the given message with the given level.</doc>
<status status="PASS" start="2024-04-21T16:16:53.490868" elapsed="0.000412"/>
</kw>
<kw name="Log" owner="BuiltIn">
<msg time="2024-04-21T16:16:53.491707" level="INFO">location</msg>
<arg>${key}</arg>
<doc>Logs the given message with the given level.</doc>
<status status="PASS" start="2024-04-21T16:16:53.491576" elapsed="0.000169"/>
</kw>
<var name="${key}">location</var>
<status status="PASS" start="2024-04-21T16:16:53.490034" elapsed="0.001943"/>
</iter>
<iter>
<kw name="Dictionary Should Contain Key" owner="Collections">
<msg time="2024-04-21T16:16:53.492712" level="INFO">False</msg>
<arg>${json_data['results'][0]}</arg>
<arg>${key}</arg>
<doc>Fails if ``key`` is not found from ``dictionary``.</doc>
<status status="PASS" start="2024-04-21T16:16:53.492294" elapsed="0.000457"/>
</kw>
<kw name="Log" owner="BuiltIn">
<msg time="2024-04-21T16:16:53.493411" level="INFO">{'gender': 'male', 'name': {'title': 'Mr', 'first': 'Freddy', 'last': 'Seinstra'}, 'location': {'street': {'number': 8188, 'name': 'Aan de Drie Heren'}, 'city': 'Gasselterboerveen', 'state': 'Groningen', 'country': 'Netherlands', 'postcode': '3334 LO', 'coordinates': {'latitude': '32.6248', 'longitude': '-55.5920'}, 'timezone': {'offset': '+5:30', 'description': 'Bombay, Calcutta, Madras, New Delhi'}}, 'email': 'freddy.seinstra@example.com', 'login': {'uuid': '4abd0459-08e7-413d-8af2-843803244f20', 'username': 'yellowcat593', 'password': 'omega', 'salt': 'bG6Ehn3b', 'md5': '5e1561b8cc81affd6a37bbd6981355a1', 'sha1': 'f7475b86c17e865d156e59e3512113362b47bd1e', 'sha256': 'f279c6b04fb72f5b1da9ff7d88a2b29b93bc14c4745b8d63d512a7ec7459dca4'}, 'dob': {'date': '1960-03-01T07:24:39.212Z', 'age': 64}, 'registered': {'date': '2006-05-11T03:19:18.456Z', 'age': 17}, 'phone': '(0461) 803682', 'cell': '(06) 87132149', 'id': {'name': 'BSN', 'value': '47373493'}, 'picture': {'large': 'https://randomuser.me/api/portraits/men/50.jpg', 'medium': 'https://randomuser.me/api/portraits/med/men/50.jpg', 'thumbnail': 'https://randomuser.me/api/portraits/thumb/men/50.jpg'}, 'nat': 'NL'}</msg>
<arg>${json_data['results'][0]}</arg>
<doc>Logs the given message with the given level.</doc>
<status status="PASS" start="2024-04-21T16:16:53.493051" elapsed="0.000406"/>
</kw>
<kw name="Log" owner="BuiltIn">
<msg time="2024-04-21T16:16:53.493875" level="INFO">email</msg>
<arg>${key}</arg>
<doc>Logs the given message with the given level.</doc>
<status status="PASS" start="2024-04-21T16:16:53.493749" elapsed="0.000165"/>
</kw>
<var name="${key}">email</var>
<status status="PASS" start="2024-04-21T16:16:53.492166" elapsed="0.001967"/>
</iter>
<iter>
<kw name="Dictionary Should Contain Key" owner="Collections">
<msg time="2024-04-21T16:16:53.494797" level="INFO">False</msg>
<arg>${json_data['results'][0]}</arg>
<arg>${key}</arg>
<doc>Fails if ``key`` is not found from ``dictionary``.</doc>
<status status="PASS" start="2024-04-21T16:16:53.494416" elapsed="0.000419"/>
</kw>
<kw name="Log" owner="BuiltIn">
<msg time="2024-04-21T16:16:53.495485" level="INFO">{'gender': 'male', 'name': {'title': 'Mr', 'first': 'Freddy', 'last': 'Seinstra'}, 'location': {'street': {'number': 8188, 'name': 'Aan de Drie Heren'}, 'city': 'Gasselterboerveen', 'state': 'Groningen', 'country': 'Netherlands', 'postcode': '3334 LO', 'coordinates': {'latitude': '32.6248', 'longitude': '-55.5920'}, 'timezone': {'offset': '+5:30', 'description': 'Bombay, Calcutta, Madras, New Delhi'}}, 'email': 'freddy.seinstra@example.com', 'login': {'uuid': '4abd0459-08e7-413d-8af2-843803244f20', 'username': 'yellowcat593', 'password': 'omega', 'salt': 'bG6Ehn3b', 'md5': '5e1561b8cc81affd6a37bbd6981355a1', 'sha1': 'f7475b86c17e865d156e59e3512113362b47bd1e', 'sha256': 'f279c6b04fb72f5b1da9ff7d88a2b29b93bc14c4745b8d63d512a7ec7459dca4'}, 'dob': {'date': '1960-03-01T07:24:39.212Z', 'age': 64}, 'registered': {'date': '2006-05-11T03:19:18.456Z', 'age': 17}, 'phone': '(0461) 803682', 'cell': '(06) 87132149', 'id': {'name': 'BSN', 'value': '47373493'}, 'picture': {'large': 'https://randomuser.me/api/portraits/men/50.jpg', 'medium': 'https://randomuser.me/api/portraits/med/men/50.jpg', 'thumbnail': 'https://randomuser.me/api/portraits/thumb/men/50.jpg'}, 'nat': 'NL'}</msg>
<arg>${json_data['results'][0]}</arg>
<doc>Logs the given message with the given level.</doc>
<status status="PASS" start="2024-04-21T16:16:53.495126" elapsed="0.000413"/>
</kw>
<kw name="Log" owner="BuiltIn">
<msg time="2024-04-21T16:16:53.495957" level="INFO">login</msg>
<arg>${key}</arg>
<doc>Logs the given message with the given level.</doc>
<status status="PASS" start="2024-04-21T16:16:53.495834" elapsed="0.000191"/>
</kw>
<var name="${key}">login</var>
<status status="PASS" start="2024-04-21T16:16:53.494306" elapsed="0.001936"/>
</iter>
<var>${key}</var>
<value>@{expected_keys}</value>
<status status="PASS" start="2024-04-21T16:16:53.485425" elapsed="0.010937"/>
</for>
<kw name="Create List" owner="BuiltIn">
<msg time="2024-04-21T16:16:53.496735" level="INFO">${expected_keysTwo} = ['username', 'password']</msg>
<var>${expected_keysTwo}</var>
<arg>username</arg>
<arg>password</arg>
<doc>Returns a list containing given items.</doc>
<status status="PASS" start="2024-04-21T16:16:53.496583" elapsed="0.000176"/>
</kw>
<for flavor="IN">
<iter>
<kw name="Dictionary Should Contain Key" owner="Collections">
<msg time="2024-04-21T16:16:53.497710" level="INFO">False</msg>
<arg>${json_data['results'][0]['login']}</arg>
<arg>${keyTwo}</arg>
<doc>Fails if ``key`` is not found from ``dictionary``.</doc>
<status status="PASS" start="2024-04-21T16:16:53.497314" elapsed="0.000433"/>
</kw>
<kw name="Dictionary Should Contain Key" owner="Collections">
<msg time="2024-04-21T16:16:53.498433" level="INFO">False</msg>
<arg>${json_data['results'][0]['login']}</arg>
<arg>${keyTwo}</arg>
<doc>Fails if ``key`` is not found from ``dictionary``.</doc>
<status status="PASS" start="2024-04-21T16:16:53.498055" elapsed="0.000414"/>
</kw>
<kw name="Log" owner="BuiltIn">
<msg time="2024-04-21T16:16:53.498886" level="INFO">username</msg>
<arg>${keyTwo}</arg>
<doc>Logs the given message with the given level.</doc>
<status status="PASS" start="2024-04-21T16:16:53.498760" elapsed="0.000168"/>
</kw>
<var name="${keyTwo}">username</var>
<status status="PASS" start="2024-04-21T16:16:53.497163" elapsed="0.001977"/>
</iter>
<iter>
<kw name="Dictionary Should Contain Key" owner="Collections">
<msg time="2024-04-21T16:16:53.499805" level="INFO">False</msg>
<arg>${json_data['results'][0]['login']}</arg>
<arg>${keyTwo}</arg>
<doc>Fails if ``key`` is not found from ``dictionary``.</doc>
<status status="PASS" start="2024-04-21T16:16:53.499423" elapsed="0.000424"/>
</kw>
<kw name="Dictionary Should Contain Key" owner="Collections">
<msg time="2024-04-21T16:16:53.500631" level="INFO">False</msg>
<arg>${json_data['results'][0]['login']}</arg>
<arg>${keyTwo}</arg>
<doc>Fails if ``key`` is not found from ``dictionary``.</doc>
<status status="PASS" start="2024-04-21T16:16:53.500141" elapsed="0.000539"/>
</kw>
<kw name="Log" owner="BuiltIn">
<msg time="2024-04-21T16:16:53.501104" level="INFO">password</msg>
<arg>${keyTwo}</arg>
<doc>Logs the given message with the given level.</doc>
<status status="PASS" start="2024-04-21T16:16:53.500976" elapsed="0.000165"/>
</kw>
<var name="${keyTwo}">password</var>
<status status="PASS" start="2024-04-21T16:16:53.499312" elapsed="0.002045"/>
</iter>
<var>${keyTwo}</var>
<value>@{expected_keysTwo}</value>
<status status="PASS" start="2024-04-21T16:16:53.496998" elapsed="0.004478"/>
</for>
<status status="PASS" start="2024-04-21T16:16:53.388105" elapsed="0.113514"/>
</kw>
<doc>Testa a estrutura da resposta da API.</doc>
<tag>testeEstruturaResposta</tag>
<status status="PASS" start="2024-04-21T16:16:53.387583" elapsed="0.114196"/>
</test>
<test id="s1-s1-t4" name="Validar tipos de dados" line="28">
<kw name="Teste de Tipos de Dados" owner="random-user-service">
<kw name="GET On Session" owner="RequestsLibrary">
<msg time="2024-04-21T16:16:53.594169" level="INFO">GET Request : url=https://randomuser.me/api 
 path_url=/api 
 headers={'User-Agent': 'python-requests/2.31.0', 'Accept-Encoding': 'gzip, deflate', 'Accept': '*/*', 'Connection': 'keep-alive'} 
 body=None 
 </msg>
<msg time="2024-04-21T16:16:53.594299" level="INFO">GET Response : url=https://randomuser.me/api 
 status=200, reason=OK 
 headers={'Date': 'Sun, 21 Apr 2024 16:16:53 GMT', 'Content-Type': 'application/json; charset=utf-8', 'Transfer-Encoding': 'chunked', 'Connection': 'keep-alive', 'X-Powered-By': 'Express', 'Access-Control-Allow-Origin': '*', 'Cache-Control': 'no-cache', 'ETag': 'W/"48b-OPkUVVhzI7ymU5vZAXA5DQW6mxw"', 'Vary': 'Accept-Encoding', 'Content-Encoding': 'gzip', 'CF-Cache-Status': 'DYNAMIC', 'Report-To': '{"endpoints":[{"url":"https:\\/\\/a.nel.cloudflare.com\\/report\\/v4?s=V5mBbRNEv6%2BtIhP46tjnNgm%2FvfVfmdS65f6TzMDOJO70B9h%2Bm1ykxuQ0ED63k%2FKlylYBOMExR5kRu3HVy9DQH1weJX%2Bj2aqh30CTFMpLiymKNIjUhynmjWDiCRO8iVHf"}],"group":"cf-nel","max_age":604800}', 'NEL': '{"success_fraction":0,"report_to":"cf-nel","max_age":604800}', 'Server': 'cloudflare', 'CF-RAY': '877eae5e68dffa72-SJC', 'alt-svc': 'h3=":443"; ma=86400'} 
 body={"results":[{"gender":"female","name":{"title":"Miss","first":"Lucille","last":"Rogers"},"location":{"street":{"number":1653,"name":"Locust Rd"},"city":"Hervey Bay","state":"Western Australia","country":"Australia","postcode":4183,"coordinates":{"latitude":"-85.2313","longitude":"155.5235"},"timezone":{"offset":"+9:30","description":"Adelaide, Darwin"}},"email":"lucille.rogers@example.com","login":{"uuid":"9c5e277f-a71e-4e83-a055-2c242e10e6d6","username":"goldendog813","password":"filter","salt":"De53FnNd","md5":"57f4bbde701ee1d727b427b50e378514","sha1":"a160224abcd312237f2496c70502c7b50018901e","sha256":"6e519ac9bdcb0156f7559a1d66ac4632a6cf085d36a511bb2620ad06706d42d8"},"dob":{"date":"1952-10-06T16:00:11.193Z","age":71},"registered":{"date":"2008-02-09T06:29:36.612Z","age":16},"phone":"09-0094-8430","cell":"0429-865-321","id":{"name":"TFN","value":"281134109"},"picture":{"large":"https://randomuser.me/api/portraits/women/13.jpg","medium":"https://randomuser.me/api/portraits/med/women/13.jpg","thumbnail":"https://randomuser.me/api/portraits/thumb/women/13.jpg"},"nat":"AU"}],"info":{"seed":"4c46e90140322df5","results":1,"page":1,"version":"1.4"}} 
 </msg>
<msg time="2024-04-21T16:16:53.594412" level="INFO">/opt/hostedtoolcache/Python/3.12.3/x64/lib/python3.12/site-packages/urllib3/connectionpool.py:1103: InsecureRequestWarning: Unverified HTTPS request is being made to host 'randomuser.me'. Adding certificate verification is strongly advised. See: https://urllib3.readthedocs.io/en/latest/advanced-usage.html#tls-warnings
  warnings.warn(</msg>
<msg time="2024-04-21T16:16:53.594579" level="INFO">${response} = &lt;Response [200]&gt;</msg>
<var>${response}</var>
<arg>consultarAPI</arg>
<arg>/api</arg>
<doc>Sends a GET request on a previously created HTTP Session.</doc>
<status status="PASS" start="2024-04-21T16:16:53.504249" elapsed="0.090368"/>
</kw>
<kw name="Set Variable" owner="BuiltIn">
<msg time="2024-04-21T16:16:53.596041" level="INFO">${json_data} = {'results': [{'gender': 'female', 'name': {'title': 'Miss', 'first': 'Lucille', 'last': 'Rogers'}, 'location': {'street': {'number': 1653, 'name': 'Locust Rd'}, 'city': 'Hervey Bay', 'state': 'Western...</msg>
<var>${json_data}</var>
<arg>${response.json()}</arg>
<doc>Returns the given values which can then be assigned to a variables.</doc>
<status status="PASS" start="2024-04-21T16:16:53.595275" elapsed="0.000811"/>
</kw>
<kw name="Log" owner="BuiltIn">
<msg time="2024-04-21T16:16:53.596934" level="INFO">{'results': [{'gender': 'female', 'name': {'title': 'Miss', 'first': 'Lucille', 'last': 'Rogers'}, 'location': {'street': {'number': 1653, 'name': 'Locust Rd'}, 'city': 'Hervey Bay', 'state': 'Western Australia', 'country': 'Australia', 'postcode': 4183, 'coordinates': {'latitude': '-85.2313', 'longitude': '155.5235'}, 'timezone': {'offset': '+9:30', 'description': 'Adelaide, Darwin'}}, 'email': 'lucille.rogers@example.com', 'login': {'uuid': '9c5e277f-a71e-4e83-a055-2c242e10e6d6', 'username': 'goldendog813', 'password': 'filter', 'salt': 'De53FnNd', 'md5': '57f4bbde701ee1d727b427b50e378514', 'sha1': 'a160224abcd312237f2496c70502c7b50018901e', 'sha256': '6e519ac9bdcb0156f7559a1d66ac4632a6cf085d36a511bb2620ad06706d42d8'}, 'dob': {'date': '1952-10-06T16:00:11.193Z', 'age': 71}, 'registered': {'date': '2008-02-09T06:29:36.612Z', 'age': 16}, 'phone': '09-0094-8430', 'cell': '0429-865-321', 'id': {'name': 'TFN', 'value': '281134109'}, 'picture': {'large': 'https://randomuser.me/api/portraits/women/13.jpg', 'medium': 'https://randomuser.me/api/portraits/med/women/13.jpg', 'thumbnail': 'https://randomuser.me/api/portraits/thumb/women/13.jpg'}, 'nat': 'AU'}], 'info': {'seed': '4c46e90140322df5', 'results': 1, 'page': 1, 'version': '1.4'}}</msg>
<arg>${json_data}</arg>
<doc>Logs the given message with the given level.</doc>
<status status="PASS" start="2024-04-21T16:16:53.596655" elapsed="0.000425"/>
</kw>
<kw name="Should Be String" owner="String">
<arg>${json_data['results'][0]['gender']}</arg>
<doc>Fails if the given ``item`` is not a string.</doc>
<status status="PASS" start="2024-04-21T16:16:53.597545" elapsed="0.000622"/>
</kw>
<kw name="Should Match Regexp" owner="BuiltIn">
<arg>${json_data['results'][0]['email']}</arg>
<arg>^[a-zA-Z0-9._%+-]+@[a-zA-Z0-9.-]+\.[a-zA-Z]{2,}$</arg>
<doc>Fails if ``string`` does not match ``pattern`` as a regular expression.</doc>
<status status="PASS" start="2024-04-21T16:16:53.598468" elapsed="0.000855"/>
</kw>
<kw name="Should Match Regexp" owner="BuiltIn">
<arg>${json_data['results'][0]['dob']['date']}</arg>
<arg>\\d{4}-\\d{2}-\\d{2}T\\d{2}:\\d{2}:\\d{2}\\.\\d{3}Z</arg>
<doc>Fails if ``string`` does not match ``pattern`` as a regular expression.</doc>
<status status="PASS" start="2024-04-21T16:16:53.599672" elapsed="0.000791"/>
</kw>
<kw name="Should Match Regexp" owner="BuiltIn">
<arg>${json_data['results'][0]['registered']['date']}</arg>
<arg>\\d{4}-\\d{2}-\\d{2}T\\d{2}:\\d{2}:\\d{2}\\.\\d{3}Z</arg>
<doc>Fails if ``string`` does not match ``pattern`` as a regular expression.</doc>
<status status="PASS" start="2024-04-21T16:16:53.600812" elapsed="0.000595"/>
</kw>
<kw name="Should Match Regexp" owner="BuiltIn">
<arg>${json_data['results'][0]['picture']['large']}</arg>
<arg>^https?://.*\.(?:png|jpe?g|gif|bmp)$</arg>
<doc>Fails if ``string`` does not match ``pattern`` as a regular expression.</doc>
<status status="PASS" start="2024-04-21T16:16:53.601698" elapsed="0.000747"/>
</kw>
<kw name="Should Match Regexp" owner="BuiltIn">
<arg>${json_data['results'][0]['picture']['medium']}</arg>
<arg>^https?://.*\.(?:png|jpe?g|gif|bmp)$</arg>
<doc>Fails if ``string`` does not match ``pattern`` as a regular expression.</doc>
<status status="PASS" start="2024-04-21T16:16:53.602786" elapsed="0.000586"/>
</kw>
<kw name="Should Match Regexp" owner="BuiltIn">
<arg>${json_data['results'][0]['picture']['thumbnail']}</arg>
<arg>^https?://.*\.(?:png|jpe?g|gif|bmp)$</arg>
<doc>Fails if ``string`` does not match ``pattern`` as a regular expression.</doc>
<status status="PASS" start="2024-04-21T16:16:53.603692" elapsed="0.000619"/>
</kw>
<kw name="Log" owner="BuiltIn">
<msg time="2024-04-21T16:16:53.605237" level="INFO">{'large': 'https://randomuser.me/api/portraits/women/13.jpg', 'medium': 'https://randomuser.me/api/portraits/med/women/13.jpg', 'thumbnail': 'https://randomuser.me/api/portraits/thumb/women/13.jpg'}</msg>
<arg>${json_data['results'][0]['picture']}</arg>
<doc>Logs the given message with the given level.</doc>
<status status="PASS" start="2024-04-21T16:16:53.604650" elapsed="0.000653"/>
</kw>
<status status="PASS" start="2024-04-21T16:16:53.504016" elapsed="0.101669"/>
</kw>
<kw name="Teste de Tipos de Dados - Postcode" owner="random-user-service">
<kw name="GET On Session" owner="RequestsLibrary">
<msg time="2024-04-21T16:16:53.692092" level="INFO">GET Request : url=https://randomuser.me/api 
 path_url=/api 
 headers={'User-Agent': 'python-requests/2.31.0', 'Accept-Encoding': 'gzip, deflate', 'Accept': '*/*', 'Connection': 'keep-alive'} 
 body=None 
 </msg>
<msg time="2024-04-21T16:16:53.692195" level="INFO">GET Response : url=https://randomuser.me/api 
 status=200, reason=OK 
 headers={'Date': 'Sun, 21 Apr 2024 16:16:53 GMT', 'Content-Type': 'application/json; charset=utf-8', 'Transfer-Encoding': 'chunked', 'Connection': 'keep-alive', 'X-Powered-By': 'Express', 'Access-Control-Allow-Origin': '*', 'Cache-Control': 'no-cache', 'ETag': 'W/"4a4-oTtJ6hxicJc8bthKux2IqLi0dcA"', 'Vary': 'Accept-Encoding', 'Content-Encoding': 'gzip', 'CF-Cache-Status': 'DYNAMIC', 'Report-To': '{"endpoints":[{"url":"https:\\/\\/a.nel.cloudflare.com\\/report\\/v4?s=46PnOfrKSYQ1C8FBczBBOflUJ%2FTs4DQHxC4sNhu7pudQfAMHyY57dWuiO%2Fe%2By0as%2BoA16rSOgmza85R6aE7fB8Bm1PQO%2BAM9c119qu7W1B%2F7M9L%2FoZuuIbcqCpt87uLh"}],"group":"cf-nel","max_age":604800}', 'NEL': '{"success_fraction":0,"report_to":"cf-nel","max_age":604800}', 'Server': 'cloudflare', 'CF-RAY': '877eae5f0976fa72-SJC', 'alt-svc': 'h3=":443"; ma=86400'} 
 body={"results":[{"gender":"male","name":{"title":"Monsieur","first":"Petar","last":"Legrand"},"location":{"street":{"number":5836,"name":"Rue de la Charité"},"city":"Chavannes-le-Veyron","state":"Valais","country":"Switzerland","postcode":3663,"coordinates":{"latitude":"-56.5595","longitude":"-170.4397"},"timezone":{"offset":"+7:00","description":"Bangkok, Hanoi, Jakarta"}},"email":"petar.legrand@example.com","login":{"uuid":"c8d9a2eb-9ab2-4941-b688-e7394c4bc25e","username":"orangeleopard923","password":"glasses","salt":"JNRlJqeU","md5":"0ecd9dc43799613a33a8b89ed97dbbc2","sha1":"20a7388bbf9757ca399b7fbeceac6b0608e53d2c","sha256":"e9f1bba99192870cc6a32143286c079e563aeee9931988e2c812d23d2bd00d7a"},"dob":{"date":"1972-07-22T15:04:02.481Z","age":51},"registered":{"date":"2006-06-09T22:50:08.582Z","age":17},"phone":"078 277 13 98","cell":"075 522 19 26","id":{"name":"AVS","value":"756.7504.0696.92"},"picture":{"large":"https://randomuser.me/api/portraits/men/62.jpg","medium":"https://randomuser.me/api/portraits/med/men/62.jpg","thumbnail":"https://randomuser.me/api/portraits/thumb/men/62.jpg"},"nat":"CH"}],"info":{"seed":"7ecb2259f1958133","results":1,"page":1,"version":"1.4"}} 
 </msg>
<msg time="2024-04-21T16:16:53.692281" level="INFO">/opt/hostedtoolcache/Python/3.12.3/x64/lib/python3.12/site-packages/urllib3/connectionpool.py:1103: InsecureRequestWarning: Unverified HTTPS request is being made to host 'randomuser.me'. Adding certificate verification is strongly advised. See: https://urllib3.readthedocs.io/en/latest/advanced-usage.html#tls-warnings
  warnings.warn(</msg>
<msg time="2024-04-21T16:16:53.692415" level="INFO">${response} = &lt;Response [200]&gt;</msg>
<var>${response}</var>
<arg>consultarAPI</arg>
<arg>/api</arg>
<doc>Sends a GET request on a previously created HTTP Session.</doc>
<status status="PASS" start="2024-04-21T16:16:53.606430" elapsed="0.086044"/>
</kw>
<kw name="Set Variable" owner="BuiltIn">
<msg time="2024-04-21T16:16:53.693527" level="INFO">${json_data} = {'results': [{'gender': 'male', 'name': {'title': 'Monsieur', 'first': 'Petar', 'last': 'Legrand'}, 'location': {'street': {'number': 5836, 'name': 'Rue de la Charité'}, 'city': 'Chavannes-le-Veyron',...</msg>
<var>${json_data}</var>
<arg>${response.json()}</arg>
<doc>Returns the given values which can then be assigned to a variables.</doc>
<status status="PASS" start="2024-04-21T16:16:53.693017" elapsed="0.000540"/>
</kw>
<kw name="Log" owner="BuiltIn">
<msg time="2024-04-21T16:16:53.694047" level="INFO">{'results': [{'gender': 'male', 'name': {'title': 'Monsieur', 'first': 'Petar', 'last': 'Legrand'}, 'location': {'street': {'number': 5836, 'name': 'Rue de la Charité'}, 'city': 'Chavannes-le-Veyron', 'state': 'Valais', 'country': 'Switzerland', 'postcode': 3663, 'coordinates': {'latitude': '-56.5595', 'longitude': '-170.4397'}, 'timezone': {'offset': '+7:00', 'description': 'Bangkok, Hanoi, Jakarta'}}, 'email': 'petar.legrand@example.com', 'login': {'uuid': 'c8d9a2eb-9ab2-4941-b688-e7394c4bc25e', 'username': 'orangeleopard923', 'password': 'glasses', 'salt': 'JNRlJqeU', 'md5': '0ecd9dc43799613a33a8b89ed97dbbc2', 'sha1': '20a7388bbf9757ca399b7fbeceac6b0608e53d2c', 'sha256': 'e9f1bba99192870cc6a32143286c079e563aeee9931988e2c812d23d2bd00d7a'}, 'dob': {'date': '1972-07-22T15:04:02.481Z', 'age': 51}, 'registered': {'date': '2006-06-09T22:50:08.582Z', 'age': 17}, 'phone': '078 277 13 98', 'cell': '075 522 19 26', 'id': {'name': 'AVS', 'value': '756.7504.0696.92'}, 'picture': {'large': 'https://randomuser.me/api/portraits/men/62.jpg', 'medium': 'https://randomuser.me/api/portraits/med/men/62.jpg', 'thumbnail': 'https://randomuser.me/api/portraits/thumb/men/62.jpg'}, 'nat': 'CH'}], 'info': {'seed': '7ecb2259f1958133', 'results': 1, 'page': 1, 'version': '1.4'}}</msg>
<arg>${json_data}</arg>
<doc>Logs the given message with the given level.</doc>
<status status="PASS" start="2024-04-21T16:16:53.693881" elapsed="0.000249"/>
</kw>
<kw name="Should Be Equal As Numbers" owner="BuiltIn">
<arg>${json_data['results'][0]['location']['postcode']}</arg>
<arg>${json_data['results'][0]['location']['postcode']}</arg>
<doc>Fails if objects are unequal after converting them to real numbers.</doc>
<status status="PASS" start="2024-04-21T16:16:53.694443" elapsed="0.000791"/>
</kw>
<kw name="Log" owner="BuiltIn">
<msg time="2024-04-21T16:16:53.695765" level="INFO">3663</msg>
<arg>${json_data['results'][0]['location']['postcode']}</arg>
<doc>Logs the given message with the given level.</doc>
<status status="PASS" start="2024-04-21T16:16:53.695429" elapsed="0.000376"/>
</kw>
<status status="PASS" start="2024-04-21T16:16:53.606042" elapsed="0.090018"/>
</kw>
<doc>Testa se os tipos de dados na resposta da API estão corretos.</doc>
<tag>testeTiposDados</tag>
<status status="PASS" start="2024-04-21T16:16:53.503551" elapsed="0.192677"/>
</test>
<test id="s1-s1-t5" name="Validar conteudo" line="35">
<kw name="Teste de Tipos de Conteudo" owner="random-user-service">
<kw name="GET On Session" owner="RequestsLibrary">
<msg time="2024-04-21T16:16:53.788738" level="INFO">GET Request : url=https://randomuser.me/api 
 path_url=/api 
 headers={'User-Agent': 'python-requests/2.31.0', 'Accept-Encoding': 'gzip, deflate', 'Accept': '*/*', 'Connection': 'keep-alive'} 
 body=None 
 </msg>
<msg time="2024-04-21T16:16:53.788834" level="INFO">GET Response : url=https://randomuser.me/api 
 status=200, reason=OK 
 headers={'Date': 'Sun, 21 Apr 2024 16:16:53 GMT', 'Content-Type': 'application/json; charset=utf-8', 'Transfer-Encoding': 'chunked', 'Connection': 'keep-alive', 'X-Powered-By': 'Express', 'Access-Control-Allow-Origin': '*', 'Cache-Control': 'no-cache', 'ETag': 'W/"462-M3CUUgWNW25xU3Y8+8dSH7+0aho"', 'Vary': 'Accept-Encoding', 'Content-Encoding': 'gzip', 'CF-Cache-Status': 'DYNAMIC', 'Report-To': '{"endpoints":[{"url":"https:\\/\\/a.nel.cloudflare.com\\/report\\/v4?s=IkollPjFh65rr9Ma5t8%2FgrLmaW0%2FMu2B8wqG0DF87kRjGpXK8eljNHeMryIfCC2vymdl8NYUqG6Yr39G4e9azIBYCqCmV95AHf31Kgz7tYIl1Ksr0zlj3gA2qohW7m52"}],"group":"cf-nel","max_age":604800}', 'NEL': '{"success_fraction":0,"report_to":"cf-nel","max_age":604800}', 'Server': 'cloudflare', 'CF-RAY': '877eae5fa9e5fa72-SJC', 'alt-svc': 'h3=":443"; ma=86400'} 
 body={"results":[{"gender":"male","name":{"title":"Mr","first":"Markas","last":"Loe"},"location":{"street":{"number":5260,"name":"Olaves Hvervens vei"},"city":"Mehamn","state":"Description","country":"Norway","postcode":"6947","coordinates":{"latitude":"42.0222","longitude":"-109.9614"},"timezone":{"offset":"+4:30","description":"Kabul"}},"email":"markas.loe@example.com","login":{"uuid":"97a8a83e-fb9b-473f-9ea8-e3c788f374b0","username":"redlion917","password":"tribe","salt":"0QJUCp7J","md5":"25ea0853cf11ce1837afb7a362fd55f1","sha1":"0022b3ccf13af018649ce02627ed2b26f9ea4a32","sha256":"9fb2fa79e3c0d93776d9d2144a2c43d7d6e81f9a197a7633bb0cd4b1499fd673"},"dob":{"date":"1957-08-08T12:47:25.890Z","age":66},"registered":{"date":"2018-06-10T16:47:42.764Z","age":5},"phone":"65924370","cell":"96515366","id":{"name":"FN","value":"08085703995"},"picture":{"large":"https://randomuser.me/api/portraits/men/46.jpg","medium":"https://randomuser.me/api/portraits/med/men/46.jpg","thumbnail":"https://randomuser.me/api/portraits/thumb/men/46.jpg"},"nat":"NO"}],"info":{"seed":"8f8628edcb0fe062","results":1,"page":1,"version":"1.4"}} 
 </msg>
<msg time="2024-04-21T16:16:53.788915" level="INFO">/opt/hostedtoolcache/Python/3.12.3/x64/lib/python3.12/site-packages/urllib3/connectionpool.py:1103: InsecureRequestWarning: Unverified HTTPS request is being made to host 'randomuser.me'. Adding certificate verification is strongly advised. See: https://urllib3.readthedocs.io/en/latest/advanced-usage.html#tls-warnings
  warnings.warn(</msg>
<msg time="2024-04-21T16:16:53.789014" level="INFO">${response} = &lt;Response [200]&gt;</msg>
<var>${response}</var>
<arg>consultarAPI</arg>
<arg>/api</arg>
<doc>Sends a GET request on a previously created HTTP Session.</doc>
<status status="PASS" start="2024-04-21T16:16:53.699092" elapsed="0.089954"/>
</kw>
<kw name="Set Variable" owner="BuiltIn">
<msg time="2024-04-21T16:16:53.789942" level="INFO">${json_data} = {'results': [{'gender': 'male', 'name': {'title': 'Mr', 'first': 'Markas', 'last': 'Loe'}, 'location': {'street': {'number': 5260, 'name': 'Olaves Hvervens vei'}, 'city': 'Mehamn', 'state': 'Descripti...</msg>
<var>${json_data}</var>
<arg>${response.json()}</arg>
<doc>Returns the given values which can then be assigned to a variables.</doc>
<status status="PASS" start="2024-04-21T16:16:53.789468" elapsed="0.000503"/>
</kw>
<kw name="Set Variable" owner="BuiltIn">
<msg time="2024-04-21T16:16:53.790684" level="INFO">${name_title} = Mr</msg>
<var>${name_title}</var>
<arg>${json_data["results"][0]["name"]["title"]}</arg>
<doc>Returns the given values which can then be assigned to a variables.</doc>
<status status="PASS" start="2024-04-21T16:16:53.790286" elapsed="0.000424"/>
</kw>
<kw name="Create List" owner="BuiltIn">
<msg time="2024-04-21T16:16:53.791226" level="INFO">${allowed_titles} = ['Mr', 'Ms', 'Miss', 'Mrs', 'Madame', 'Monsieur']</msg>
<var>${allowed_titles}</var>
<arg>Mr</arg>
<arg>Ms</arg>
<arg>Miss</arg>
<arg>Mrs</arg>
<arg>Madame</arg>
<arg>Monsieur</arg>
<doc>Returns a list containing given items.</doc>
<status status="PASS" start="2024-04-21T16:16:53.791073" elapsed="0.000178"/>
</kw>
<kw name="List Should Contain Value" owner="Collections">
<msg time="2024-04-21T16:16:53.791735" level="INFO">False</msg>
<arg>${allowed_titles}</arg>
<arg>${name_title}</arg>
<doc>Fails if the ``value`` is not found from ``list``.</doc>
<status status="PASS" start="2024-04-21T16:16:53.791557" elapsed="0.000215"/>
</kw>
<kw name="Set Variable" owner="BuiltIn">
<msg time="2024-04-21T16:16:53.792453" level="INFO">${name_country} = NO</msg>
<var>${name_country}</var>
<arg>${json_data["results"][0]["nat"]}</arg>
<doc>Returns the given values which can then be assigned to a variables.</doc>
<status status="PASS" start="2024-04-21T16:16:53.792065" elapsed="0.000414"/>
</kw>
<kw name="Create List" owner="BuiltIn">
<msg time="2024-04-21T16:16:53.793413" level="INFO">${list_country} = ['AD', 'AE', 'AF', 'AG', 'AI', 'AL', 'AM', 'AO', 'AQ', 'AR', 'AS', 'AT', 'AU', 'AW', 'AX', 'AZ', 'BA', 'BB', 'BD', 'BE', 'BF', 'BG', 'BH', 'BI', 'BJ', 'BL', 'BM', 'BN', 'BO', 'BQ', 'BR', 'BS', 'BT', '...</msg>
<var>${list_country}</var>
<arg>AD</arg>
<arg>AE</arg>
<arg>AF</arg>
<arg>AG</arg>
<arg>AI</arg>
<arg>AL</arg>
<arg>AM</arg>
<arg>AO</arg>
<arg>AQ</arg>
<arg>AR</arg>
<arg>AS</arg>
<arg>AT</arg>
<arg>AU</arg>
<arg>AW</arg>
<arg>AX</arg>
<arg>AZ</arg>
<arg>BA</arg>
<arg>BB</arg>
<arg>BD</arg>
<arg>BE</arg>
<arg>BF</arg>
<arg>BG</arg>
<arg>BH</arg>
<arg>BI</arg>
<arg>BJ</arg>
<arg>BL</arg>
<arg>BM</arg>
<arg>BN</arg>
<arg>BO</arg>
<arg>BQ</arg>
<arg>BR</arg>
<arg>BS</arg>
<arg>BT</arg>
<arg>BV</arg>
<arg>BW</arg>
<arg>BY</arg>
<arg>BZ</arg>
<arg>CA</arg>
<arg>CC</arg>
<arg>CD</arg>
<arg>CF</arg>
<arg>CG</arg>
<arg>CH</arg>
<arg>CI</arg>
<arg>CK</arg>
<arg>CL</arg>
<arg>CM</arg>
<arg>CN</arg>
<arg>CO</arg>
<arg>CR</arg>
<arg>CU</arg>
<arg>CV</arg>
<arg>CW</arg>
<arg>CX</arg>
<arg>CY</arg>
<arg>CZ</arg>
<arg>DE</arg>
<arg>DJ</arg>
<arg>DK</arg>
<arg>DM</arg>
<arg>DO</arg>
<arg>DZ</arg>
<arg>EC</arg>
<arg>EE</arg>
<arg>EG</arg>
<arg>EH</arg>
<arg>ER</arg>
<arg>ES</arg>
<arg>ET</arg>
<arg>FI</arg>
<arg>FJ</arg>
<arg>FK</arg>
<arg>FM</arg>
<arg>FO</arg>
<arg>FR</arg>
<arg>GA</arg>
<arg>GB</arg>
<arg>GD</arg>
<arg>GE</arg>
<arg>GF</arg>
<arg>GG</arg>
<arg>GH</arg>
<arg>GI</arg>
<arg>GL</arg>
<arg>GM</arg>
<arg>GN</arg>
<arg>GP</arg>
<arg>GQ</arg>
<arg>GR</arg>
<arg>GS</arg>
<arg>GT</arg>
<arg>GU</arg>
<arg>GW</arg>
<arg>GY</arg>
<arg>HK</arg>
<arg>HM</arg>
<arg>HN</arg>
<arg>HR</arg>
<arg>HT</arg>
<arg>HU</arg>
<arg>ID</arg>
<arg>IE</arg>
<arg>IL</arg>
<arg>IM</arg>
<arg>IN</arg>
<arg>IO</arg>
<arg>IQ</arg>
<arg>IR</arg>
<arg>IS</arg>
<arg>IT</arg>
<arg>JE</arg>
<arg>JM</arg>
<arg>JO</arg>
<arg>JP</arg>
<arg>KE</arg>
<arg>KG</arg>
<arg>KH</arg>
<arg>KI</arg>
<arg>KM</arg>
<arg>KN</arg>
<arg>KP</arg>
<arg>KR</arg>
<arg>KW</arg>
<arg>KY</arg>
<arg>KZ</arg>
<arg>LA</arg>
<arg>LB</arg>
<arg>LC</arg>
<arg>LI</arg>
<arg>LK</arg>
<arg>LR</arg>
<arg>LS</arg>
<arg>LT</arg>
<arg>LU</arg>
<arg>LV</arg>
<arg>LY</arg>
<arg>MA</arg>
<arg>MC</arg>
<arg>MD</arg>
<arg>ME</arg>
<arg>MF</arg>
<arg>MG</arg>
<arg>MH</arg>
<arg>MK</arg>
<arg>ML</arg>
<arg>MM</arg>
<arg>MN</arg>
<arg>MO</arg>
<arg>MP</arg>
<arg>MQ</arg>
<arg>MR</arg>
<arg>MS</arg>
<arg>MT</arg>
<arg>MU</arg>
<arg>MV</arg>
<arg>MW</arg>
<arg>MX</arg>
<arg>MY</arg>
<arg>MZ</arg>
<arg>NA</arg>
<arg>NC</arg>
<arg>NE</arg>
<arg>NF</arg>
<arg>NG</arg>
<arg>NI</arg>
<arg>NL</arg>
<arg>NO</arg>
<arg>NP</arg>
<arg>NR</arg>
<arg>NU</arg>
<arg>NZ</arg>
<arg>OM</arg>
<arg>PA</arg>
<arg>PE</arg>
<arg>PF</arg>
<arg>PG</arg>
<arg>PH</arg>
<arg>PK</arg>
<arg>PL</arg>
<arg>PM</arg>
<arg>PN</arg>
<arg>PR</arg>
<arg>PS</arg>
<arg>PT</arg>
<arg>PW</arg>
<arg>PY</arg>
<arg>QA</arg>
<arg>RE</arg>
<arg>RO</arg>
<arg>RS</arg>
<arg>RU</arg>
<arg>RW</arg>
<arg>SA</arg>
<arg>SB</arg>
<arg>SC</arg>
<arg>SD</arg>
<arg>SE</arg>
<arg>SG</arg>
<arg>SH</arg>
<arg>SI</arg>
<arg>SJ</arg>
<arg>SK</arg>
<arg>SL</arg>
<arg>SM</arg>
<arg>SN</arg>
<arg>SO</arg>
<arg>SR</arg>
<arg>SS</arg>
<arg>ST</arg>
<arg>SV</arg>
<arg>SX</arg>
<arg>SY</arg>
<arg>SZ</arg>
<arg>TC</arg>
<arg>TD</arg>
<arg>TF</arg>
<arg>TG</arg>
<arg>TH</arg>
<arg>TJ</arg>
<arg>TK</arg>
<arg>TL</arg>
<arg>TM</arg>
<arg>TN</arg>
<arg>TO</arg>
<arg>TR</arg>
<arg>TT</arg>
<arg>TV</arg>
<arg>TW</arg>
<arg>TZ</arg>
<arg>UA</arg>
<arg>UG</arg>
<arg>UM</arg>
<arg>US</arg>
<arg>UY</arg>
<arg>UZ</arg>
<arg>VA</arg>
<arg>VC</arg>
<arg>VE</arg>
<arg>VG</arg>
<arg>VI</arg>
<arg>VN</arg>
<arg>VU</arg>
<arg>WF</arg>
<arg>WS</arg>
<arg>XK</arg>
<arg>YE</arg>
<arg>YT</arg>
<arg>ZA</arg>
<arg>ZM</arg>
<arg>ZW</arg>
<doc>Returns a list containing given items.</doc>
<status status="PASS" start="2024-04-21T16:16:53.792825" elapsed="0.000615"/>
</kw>
<kw name="List Should Contain Value" owner="Collections">
<msg time="2024-04-21T16:16:53.794442" level="INFO">False</msg>
<arg>${list_country}</arg>
<arg>${name_country}</arg>
<doc>Fails if the ``value`` is not found from ``list``.</doc>
<status status="PASS" start="2024-04-21T16:16:53.794238" elapsed="0.000241"/>
</kw>
<kw name="Run Keyword If" owner="BuiltIn">
<kw name="Should Be True" owner="BuiltIn">
<arg>${True}</arg>
<doc>Fails if the given condition is not true.</doc>
<status status="PASS" start="2024-04-21T16:16:53.795553" elapsed="0.000147"/>
</kw>
<arg>${json_data["results"][0]["location"]["coordinates"]["latitude"]} &gt;= -90 and ${json_data["results"][0]["location"]["coordinates"]["latitude"]} &lt;= 90</arg>
<arg>Should Be True</arg>
<arg>${True}</arg>
<doc>Runs the given keyword with the given arguments, if ``condition`` is true.</doc>
<status status="PASS" start="2024-04-21T16:16:53.794793" elapsed="0.001036"/>
</kw>
<kw name="Run Keyword If" owner="BuiltIn">
<kw name="Should Be True" owner="BuiltIn">
<arg>${True}</arg>
<doc>Fails if the given condition is not true.</doc>
<status status="PASS" start="2024-04-21T16:16:53.796761" elapsed="0.000254"/>
</kw>
<arg>${json_data["results"][0]["location"]["coordinates"]["longitude"]} &gt;= -180 and ${json_data["results"][0]["location"]["coordinates"]["longitude"]} &lt;= 180</arg>
<arg>Should Be True</arg>
<arg>${True}</arg>
<doc>Runs the given keyword with the given arguments, if ``condition`` is true.</doc>
<status status="PASS" start="2024-04-21T16:16:53.796021" elapsed="0.001122"/>
</kw>
<status status="PASS" start="2024-04-21T16:16:53.698716" elapsed="0.098557"/>
</kw>
<doc>Testa o conteúdo específico dos campos retornados pela API.</doc>
<tag>testeConteudo</tag>
<status status="PASS" start="2024-04-21T16:16:53.698039" elapsed="0.099381"/>
</test>
<status status="PASS" start="2024-04-21T16:16:52.840903" elapsed="0.958428"/>
</suite>
<status status="PASS" start="2024-04-21T16:16:52.827253" elapsed="0.977199"/>
</suite>
<statistics>
<total>
<stat pass="5" fail="0" skip="0">All Tests</stat>
</total>
<tag>
<stat pass="1" fail="0" skip="0">testeConteudo</stat>
<stat pass="1" fail="0" skip="0">testeEstruturaResposta</stat>
<stat pass="1" fail="0" skip="0">testeRequisicaoBasica</stat>
<stat pass="1" fail="0" skip="0">testeTiposDados</stat>
</tag>
<suite>
<stat pass="5" fail="0" skip="0" id="s1" name="Tests">Tests</stat>
<stat pass="5" fail="0" skip="0" id="s1-s1" name="Random-User-Test">Tests.Random-User-Test</stat>
</suite>
</statistics>
<errors>
</errors>
</robot>
