<?xml version="1.0" encoding="UTF-8"?>
<robot generator="Robot 7.0 (Python 3.12.3 on linux)" generated="2024-06-09T10:14:41.093073" rpa="false" schemaversion="5">
<suite id="s1" name="Tests" source="/home/runner/work/ApiRandomUser/ApiRandomUser/RamdonUser/tests">
<suite id="s1-s1" name="Random-User-Test" source="/home/runner/work/ApiRandomUser/ApiRandomUser/RamdonUser/tests/random-user-test.robot">
<test id="s1-s1-t1" name="Conectar" line="13">
<kw name="Conectar API" owner="random-user-service">
<kw name="Create Session" owner="RequestsLibrary">
<msg time="2024-06-09T10:14:41.529858" level="INFO">Creating Session using : alias=consultarAPI, url=https://randomuser.me/, headers={},                     cookies={}, auth=None, timeout=None, proxies=None, verify=False,                     debug=0 </msg>
<arg>consultarAPI</arg>
<arg>${URL}</arg>
<doc>Create Session: create a HTTP session to a server</doc>
<status status="PASS" start="2024-06-09T10:14:41.529656" elapsed="0.000377"/>
</kw>
<status status="PASS" start="2024-06-09T10:14:41.528625" elapsed="0.001769"/>
</kw>
<status status="PASS" start="2024-06-09T10:14:41.528057" elapsed="0.002533"/>
</test>
<test id="s1-s1-t2" name="Validar retorno 200 e JSON Válido" line="16">
<kw name="Teste de Requisicao Basica" owner="random-user-service">
<kw name="GET On Session" owner="RequestsLibrary">
<msg time="2024-06-09T10:14:41.742198" level="INFO">GET Request : url=https://randomuser.me/api 
 path_url=/api 
 headers={'User-Agent': 'python-requests/2.32.3', 'Accept-Encoding': 'gzip, deflate', 'Accept': '*/*', 'Connection': 'keep-alive'} 
 body=None 
 </msg>
<msg time="2024-06-09T10:14:41.742338" level="INFO">GET Response : url=https://randomuser.me/api 
 status=200, reason=OK 
 headers={'Date': 'Sun, 09 Jun 2024 10:14:41 GMT', 'Content-Type': 'application/json; charset=utf-8', 'Transfer-Encoding': 'chunked', 'Connection': 'keep-alive', 'X-Powered-By': 'Express', 'Access-Control-Allow-Origin': '*', 'Cache-Control': 'no-cache', 'ETag': 'W/"4b5-/4seggjJfbSYzoEkp6bPvHovBuA"', 'Vary': 'Accept-Encoding', 'Content-Encoding': 'gzip', 'CF-Cache-Status': 'DYNAMIC', 'Report-To': '{"endpoints":[{"url":"https:\\/\\/a.nel.cloudflare.com\\/report\\/v4?s=531foK5O9T82pE%2BXaCOHt4Wt3fDCmp0vM0sVfT3%2F5ZBCmmQD7JZ77YkMADjvtV9Vq%2FXVhQld3X3NGT%2FuQWbOyqNSu%2BOBOhfRChhMf9I1z6MC2CxKV3vxWojg%2F8V0F2dz"}],"group":"cf-nel","max_age":604800}', 'NEL': '{"success_fraction":0,"report_to":"cf-nel","max_age":604800}', 'Server': 'cloudflare', 'CF-RAY': '89105b2ec804206c-IAD', 'alt-svc': 'h3=":443"; ma=86400'} 
 body={"results":[{"gender":"female","name":{"title":"Mrs","first":"Albertje","last":"Van Lagen"},"location":{"street":{"number":7807,"name":"De Verlenging"},"city":"Wormerland","state":"Gelderland","country":"Netherlands","postcode":"8556 RB","coordinates":{"latitude":"35.8962","longitude":"47.6795"},"timezone":{"offset":"+5:00","description":"Ekaterinburg, Islamabad, Karachi, Tashkent"}},"email":"albertje.vanlagen@example.com","login":{"uuid":"0d7bc6f5-b233-440e-aca5-3d67e5f86697","username":"goldenelephant867","password":"pathfind","salt":"impsa3zY","md5":"e2919cb69500caf5a04554bbf14d1199","sha1":"112941b5014afa1e1f8b98b845755b77030edde6","sha256":"a2983967efeb45df740801c6fc7662e9ddaa01c66459b28f1d4ee286b7859579"},"dob":{"date":"1968-12-08T07:16:30.363Z","age":55},"registered":{"date":"2011-01-20T16:11:27.011Z","age":13},"phone":"(039) 5335496","cell":"(06) 95013259","id":{"name":"BSN","value":"02815570"},"picture":{"large":"https://randomuser.me/api/portraits/women/85.jpg","medium":"https://randomuser.me/api/portraits/med/women/85.jpg","thumbnail":"https://randomuser.me/api/portraits/thumb/women/85.jpg"},"nat":"NL"}],"info":{"seed":"5c84a23f4fef27d3","results":1,"page":1,"version":"1.4"}} 
 </msg>
<msg time="2024-06-09T10:14:41.742416" level="INFO">/opt/hostedtoolcache/Python/3.12.3/x64/lib/python3.12/site-packages/urllib3/connectionpool.py:1103: InsecureRequestWarning: Unverified HTTPS request is being made to host 'randomuser.me'. Adding certificate verification is strongly advised. See: https://urllib3.readthedocs.io/en/latest/advanced-usage.html#tls-warnings
  warnings.warn(</msg>
<msg time="2024-06-09T10:14:41.742542" level="INFO">${response} = &lt;Response [200]&gt;</msg>
<var>${response}</var>
<arg>consultarAPI</arg>
<arg>/api</arg>
<doc>Sends a GET request on a previously created HTTP Session.</doc>
<status status="PASS" start="2024-06-09T10:14:41.533207" elapsed="0.209379"/>
</kw>
<kw name="Should Be Equal As Numbers" owner="BuiltIn">
<msg time="2024-06-09T10:14:41.743533" level="INFO">Argument types are:
&lt;class 'int'&gt;
&lt;class 'str'&gt;</msg>
<arg>${response.status_code}</arg>
<arg>200</arg>
<doc>Fails if objects are unequal after converting them to real numbers.</doc>
<status status="PASS" start="2024-06-09T10:14:41.743084" elapsed="0.000515"/>
</kw>
<kw name="Log" owner="BuiltIn">
<msg time="2024-06-09T10:14:41.744334" level="INFO">200</msg>
<arg>${response.status_code}</arg>
<doc>Logs the given message with the given level.</doc>
<status status="PASS" start="2024-06-09T10:14:41.743944" elapsed="0.000438"/>
</kw>
<kw name="Set Variable" owner="BuiltIn">
<msg time="2024-06-09T10:14:41.745114" level="INFO">${json_data} = {'results': [{'gender': 'female', 'name': {'title': 'Mrs', 'first': 'Albertje', 'last': 'Van Lagen'}, 'location': {'street': {'number': 7807, 'name': 'De Verlenging'}, 'city': 'Wormerland', 'state': '...</msg>
<var>${json_data}</var>
<arg>${response.json()}</arg>
<doc>Returns the given values which can then be assigned to a variables.</doc>
<status status="PASS" start="2024-06-09T10:14:41.744689" elapsed="0.000454"/>
</kw>
<kw name="Dictionary Should Contain Key" owner="Collections">
<msg time="2024-06-09T10:14:41.745615" level="INFO">False</msg>
<arg>${json_data}</arg>
<arg>results</arg>
<doc>Fails if ``key`` is not found from ``dictionary``.</doc>
<status status="PASS" start="2024-06-09T10:14:41.745443" elapsed="0.000359"/>
</kw>
<status status="PASS" start="2024-06-09T10:14:41.532963" elapsed="0.213112"/>
</kw>
<doc>Testa se a API responde corretamente e retorna um objeto JSON válido.</doc>
<tag>testeRequisicaoBasica</tag>
<status status="PASS" start="2024-06-09T10:14:41.532489" elapsed="0.213776"/>
</test>
<test id="s1-s1-t3" name="Validar estrutura de resposta" line="22">
<kw name="Teste de Estrutura de Resposta" owner="random-user-service">
<kw name="GET On Session" owner="RequestsLibrary">
<msg time="2024-06-09T10:14:41.840690" level="INFO">GET Request : url=https://randomuser.me/api 
 path_url=/api 
 headers={'User-Agent': 'python-requests/2.32.3', 'Accept-Encoding': 'gzip, deflate', 'Accept': '*/*', 'Connection': 'keep-alive'} 
 body=None 
 </msg>
<msg time="2024-06-09T10:14:41.840774" level="INFO">GET Response : url=https://randomuser.me/api 
 status=200, reason=OK 
 headers={'Date': 'Sun, 09 Jun 2024 10:14:41 GMT', 'Content-Type': 'application/json; charset=utf-8', 'Transfer-Encoding': 'chunked', 'Connection': 'keep-alive', 'X-Powered-By': 'Express', 'Access-Control-Allow-Origin': '*', 'Cache-Control': 'no-cache', 'ETag': 'W/"4a2-yuAidSFGw1Q3pIMh+JE/Y1WOE1o"', 'Vary': 'Accept-Encoding', 'Content-Encoding': 'gzip', 'CF-Cache-Status': 'DYNAMIC', 'Report-To': '{"endpoints":[{"url":"https:\\/\\/a.nel.cloudflare.com\\/report\\/v4?s=Wg6hOCH7A6Uk3wnRoOrfsSnfndv8P9DwrvqLFDWFjepO8TmILI0j9j7WHgT3K7N0K3ysMvC%2FRc2RFSrjJ7D0CyQOP1Tas9jrk0B0s5K2y864BounlfUlrM7N6HR4vqM%2B"}],"group":"cf-nel","max_age":604800}', 'NEL': '{"success_fraction":0,"report_to":"cf-nel","max_age":604800}', 'Server': 'cloudflare', 'CF-RAY': '89105b2ef82c206c-IAD', 'alt-svc': 'h3=":443"; ma=86400'} 
 body={"results":[{"gender":"female","name":{"title":"Ms","first":"Felicity","last":"Elderhorst"},"location":{"street":{"number":9714,"name":"L.J.A. Hoogenboomstraat"},"city":"Loenersloot","state":"Zeeland","country":"Netherlands","postcode":"6825 OE","coordinates":{"latitude":"37.9816","longitude":"56.0976"},"timezone":{"offset":"-1:00","description":"Azores, Cape Verde Islands"}},"email":"felicity.elderhorst@example.com","login":{"uuid":"43b6ff7e-1984-4d41-9f8c-39b50e81349e","username":"smalldog633","password":"lobo","salt":"KIq1pht7","md5":"0572bdf9950273e1b7c6883f32520f5f","sha1":"38ff0ffb8d74a4c92230f2ff0dfd95c3ac37bec3","sha256":"bacdeb6146dc7dff272b10ca06e5ce5012ef52913054dc04742c0a325d63e72e"},"dob":{"date":"1983-11-19T06:16:36.375Z","age":40},"registered":{"date":"2008-10-19T15:44:56.979Z","age":15},"phone":"(095) 0125880","cell":"(06) 28905118","id":{"name":"BSN","value":"11886110"},"picture":{"large":"https://randomuser.me/api/portraits/women/4.jpg","medium":"https://randomuser.me/api/portraits/med/women/4.jpg","thumbnail":"https://randomuser.me/api/portraits/thumb/women/4.jpg"},"nat":"NL"}],"info":{"seed":"ba2f08dc8b2cb4d2","results":1,"page":1,"version":"1.4"}} 
 </msg>
<msg time="2024-06-09T10:14:41.840888" level="INFO">/opt/hostedtoolcache/Python/3.12.3/x64/lib/python3.12/site-packages/urllib3/connectionpool.py:1103: InsecureRequestWarning: Unverified HTTPS request is being made to host 'randomuser.me'. Adding certificate verification is strongly advised. See: https://urllib3.readthedocs.io/en/latest/advanced-usage.html#tls-warnings
  warnings.warn(</msg>
<msg time="2024-06-09T10:14:41.841004" level="INFO">${response} = &lt;Response [200]&gt;</msg>
<var>${response}</var>
<arg>consultarAPI</arg>
<arg>/api</arg>
<doc>Sends a GET request on a previously created HTTP Session.</doc>
<status status="PASS" start="2024-06-09T10:14:41.748844" elapsed="0.092206"/>
</kw>
<kw name="Set Variable" owner="BuiltIn">
<msg time="2024-06-09T10:14:41.841928" level="INFO">${json_data} = {'results': [{'gender': 'female', 'name': {'title': 'Ms', 'first': 'Felicity', 'last': 'Elderhorst'}, 'location': {'street': {'number': 9714, 'name': 'L.J.A. Hoogenboomstraat'}, 'city': 'Loenersloot',...</msg>
<var>${json_data}</var>
<arg>${response.json()}</arg>
<doc>Returns the given values which can then be assigned to a variables.</doc>
<status status="PASS" start="2024-06-09T10:14:41.841467" elapsed="0.000492"/>
</kw>
<kw name="Log" owner="BuiltIn">
<msg time="2024-06-09T10:14:41.842429" level="INFO">{'results': [{'gender': 'female', 'name': {'title': 'Ms', 'first': 'Felicity', 'last': 'Elderhorst'}, 'location': {'street': {'number': 9714, 'name': 'L.J.A. Hoogenboomstraat'}, 'city': 'Loenersloot', 'state': 'Zeeland', 'country': 'Netherlands', 'postcode': '6825 OE', 'coordinates': {'latitude': '37.9816', 'longitude': '56.0976'}, 'timezone': {'offset': '-1:00', 'description': 'Azores, Cape Verde Islands'}}, 'email': 'felicity.elderhorst@example.com', 'login': {'uuid': '43b6ff7e-1984-4d41-9f8c-39b50e81349e', 'username': 'smalldog633', 'password': 'lobo', 'salt': 'KIq1pht7', 'md5': '0572bdf9950273e1b7c6883f32520f5f', 'sha1': '38ff0ffb8d74a4c92230f2ff0dfd95c3ac37bec3', 'sha256': 'bacdeb6146dc7dff272b10ca06e5ce5012ef52913054dc04742c0a325d63e72e'}, 'dob': {'date': '1983-11-19T06:16:36.375Z', 'age': 40}, 'registered': {'date': '2008-10-19T15:44:56.979Z', 'age': 15}, 'phone': '(095) 0125880', 'cell': '(06) 28905118', 'id': {'name': 'BSN', 'value': '11886110'}, 'picture': {'large': 'https://randomuser.me/api/portraits/women/4.jpg', 'medium': 'https://randomuser.me/api/portraits/med/women/4.jpg', 'thumbnail': 'https://randomuser.me/api/portraits/thumb/women/4.jpg'}, 'nat': 'NL'}], 'info': {'seed': 'ba2f08dc8b2cb4d2', 'results': 1, 'page': 1, 'version': '1.4'}}</msg>
<arg>${json_data}</arg>
<doc>Logs the given message with the given level.</doc>
<status status="PASS" start="2024-06-09T10:14:41.842272" elapsed="0.000205"/>
</kw>
<kw name="Dictionary Should Contain Key" owner="Collections">
<msg time="2024-06-09T10:14:41.842937" level="INFO">False</msg>
<arg>${json_data}</arg>
<arg>results</arg>
<doc>Fails if ``key`` is not found from ``dictionary``.</doc>
<status status="PASS" start="2024-06-09T10:14:41.842781" elapsed="0.000193"/>
</kw>
<kw name="Should Not Be Empty" owner="BuiltIn">
<msg time="2024-06-09T10:14:41.843405" level="INFO">Length is 2.</msg>
<arg>${json_data}</arg>
<doc>Verifies that the given item is not empty.</doc>
<status status="PASS" start="2024-06-09T10:14:41.843272" elapsed="0.000170"/>
</kw>
<kw name="Create List" owner="BuiltIn">
<msg time="2024-06-09T10:14:41.843877" level="INFO">${expected_keys} = ['gender', 'name', 'location', 'email', 'login']</msg>
<var>${expected_keys}</var>
<arg>gender</arg>
<arg>name</arg>
<arg>location</arg>
<arg>email</arg>
<arg>login</arg>
<doc>Returns a list containing given items.</doc>
<status status="PASS" start="2024-06-09T10:14:41.843731" elapsed="0.000170"/>
</kw>
<for flavor="IN">
<iter>
<kw name="Dictionary Should Contain Key" owner="Collections">
<msg time="2024-06-09T10:14:41.844913" level="INFO">False</msg>
<arg>${json_data['results'][0]}</arg>
<arg>${key}</arg>
<doc>Fails if ``key`` is not found from ``dictionary``.</doc>
<status status="PASS" start="2024-06-09T10:14:41.844503" elapsed="0.000454"/>
</kw>
<kw name="Log" owner="BuiltIn">
<msg time="2024-06-09T10:14:41.845624" level="INFO">{'gender': 'female', 'name': {'title': 'Ms', 'first': 'Felicity', 'last': 'Elderhorst'}, 'location': {'street': {'number': 9714, 'name': 'L.J.A. Hoogenboomstraat'}, 'city': 'Loenersloot', 'state': 'Zeeland', 'country': 'Netherlands', 'postcode': '6825 OE', 'coordinates': {'latitude': '37.9816', 'longitude': '56.0976'}, 'timezone': {'offset': '-1:00', 'description': 'Azores, Cape Verde Islands'}}, 'email': 'felicity.elderhorst@example.com', 'login': {'uuid': '43b6ff7e-1984-4d41-9f8c-39b50e81349e', 'username': 'smalldog633', 'password': 'lobo', 'salt': 'KIq1pht7', 'md5': '0572bdf9950273e1b7c6883f32520f5f', 'sha1': '38ff0ffb8d74a4c92230f2ff0dfd95c3ac37bec3', 'sha256': 'bacdeb6146dc7dff272b10ca06e5ce5012ef52913054dc04742c0a325d63e72e'}, 'dob': {'date': '1983-11-19T06:16:36.375Z', 'age': 40}, 'registered': {'date': '2008-10-19T15:44:56.979Z', 'age': 15}, 'phone': '(095) 0125880', 'cell': '(06) 28905118', 'id': {'name': 'BSN', 'value': '11886110'}, 'picture': {'large': 'https://randomuser.me/api/portraits/women/4.jpg', 'medium': 'https://randomuser.me/api/portraits/med/women/4.jpg', 'thumbnail': 'https://randomuser.me/api/portraits/thumb/women/4.jpg'}, 'nat': 'NL'}</msg>
<arg>${json_data['results'][0]}</arg>
<doc>Logs the given message with the given level.</doc>
<status status="PASS" start="2024-06-09T10:14:41.845262" elapsed="0.000412"/>
</kw>
<kw name="Log" owner="BuiltIn">
<msg time="2024-06-09T10:14:41.846113" level="INFO">gender</msg>
<arg>${key}</arg>
<doc>Logs the given message with the given level.</doc>
<status status="PASS" start="2024-06-09T10:14:41.845982" elapsed="0.000169"/>
</kw>
<var name="${key}">gender</var>
<status status="PASS" start="2024-06-09T10:14:41.844376" elapsed="0.001990"/>
</iter>
<iter>
<kw name="Dictionary Should Contain Key" owner="Collections">
<msg time="2024-06-09T10:14:41.847052" level="INFO">False</msg>
<arg>${json_data['results'][0]}</arg>
<arg>${key}</arg>
<doc>Fails if ``key`` is not found from ``dictionary``.</doc>
<status status="PASS" start="2024-06-09T10:14:41.846665" elapsed="0.000424"/>
</kw>
<kw name="Log" owner="BuiltIn">
<msg time="2024-06-09T10:14:41.847770" level="INFO">{'gender': 'female', 'name': {'title': 'Ms', 'first': 'Felicity', 'last': 'Elderhorst'}, 'location': {'street': {'number': 9714, 'name': 'L.J.A. Hoogenboomstraat'}, 'city': 'Loenersloot', 'state': 'Zeeland', 'country': 'Netherlands', 'postcode': '6825 OE', 'coordinates': {'latitude': '37.9816', 'longitude': '56.0976'}, 'timezone': {'offset': '-1:00', 'description': 'Azores, Cape Verde Islands'}}, 'email': 'felicity.elderhorst@example.com', 'login': {'uuid': '43b6ff7e-1984-4d41-9f8c-39b50e81349e', 'username': 'smalldog633', 'password': 'lobo', 'salt': 'KIq1pht7', 'md5': '0572bdf9950273e1b7c6883f32520f5f', 'sha1': '38ff0ffb8d74a4c92230f2ff0dfd95c3ac37bec3', 'sha256': 'bacdeb6146dc7dff272b10ca06e5ce5012ef52913054dc04742c0a325d63e72e'}, 'dob': {'date': '1983-11-19T06:16:36.375Z', 'age': 40}, 'registered': {'date': '2008-10-19T15:44:56.979Z', 'age': 15}, 'phone': '(095) 0125880', 'cell': '(06) 28905118', 'id': {'name': 'BSN', 'value': '11886110'}, 'picture': {'large': 'https://randomuser.me/api/portraits/women/4.jpg', 'medium': 'https://randomuser.me/api/portraits/med/women/4.jpg', 'thumbnail': 'https://randomuser.me/api/portraits/thumb/women/4.jpg'}, 'nat': 'NL'}</msg>
<arg>${json_data['results'][0]}</arg>
<doc>Logs the given message with the given level.</doc>
<status status="PASS" start="2024-06-09T10:14:41.847411" elapsed="0.000416"/>
</kw>
<kw name="Log" owner="BuiltIn">
<msg time="2024-06-09T10:14:41.848277" level="INFO">name</msg>
<arg>${key}</arg>
<doc>Logs the given message with the given level.</doc>
<status status="PASS" start="2024-06-09T10:14:41.848121" elapsed="0.000193"/>
</kw>
<var name="${key}">name</var>
<status status="PASS" start="2024-06-09T10:14:41.846549" elapsed="0.001987"/>
</iter>
<iter>
<kw name="Dictionary Should Contain Key" owner="Collections">
<msg time="2024-06-09T10:14:41.849202" level="INFO">False</msg>
<arg>${json_data['results'][0]}</arg>
<arg>${key}</arg>
<doc>Fails if ``key`` is not found from ``dictionary``.</doc>
<status status="PASS" start="2024-06-09T10:14:41.848826" elapsed="0.000414"/>
</kw>
<kw name="Log" owner="BuiltIn">
<msg time="2024-06-09T10:14:41.849905" level="INFO">{'gender': 'female', 'name': {'title': 'Ms', 'first': 'Felicity', 'last': 'Elderhorst'}, 'location': {'street': {'number': 9714, 'name': 'L.J.A. Hoogenboomstraat'}, 'city': 'Loenersloot', 'state': 'Zeeland', 'country': 'Netherlands', 'postcode': '6825 OE', 'coordinates': {'latitude': '37.9816', 'longitude': '56.0976'}, 'timezone': {'offset': '-1:00', 'description': 'Azores, Cape Verde Islands'}}, 'email': 'felicity.elderhorst@example.com', 'login': {'uuid': '43b6ff7e-1984-4d41-9f8c-39b50e81349e', 'username': 'smalldog633', 'password': 'lobo', 'salt': 'KIq1pht7', 'md5': '0572bdf9950273e1b7c6883f32520f5f', 'sha1': '38ff0ffb8d74a4c92230f2ff0dfd95c3ac37bec3', 'sha256': 'bacdeb6146dc7dff272b10ca06e5ce5012ef52913054dc04742c0a325d63e72e'}, 'dob': {'date': '1983-11-19T06:16:36.375Z', 'age': 40}, 'registered': {'date': '2008-10-19T15:44:56.979Z', 'age': 15}, 'phone': '(095) 0125880', 'cell': '(06) 28905118', 'id': {'name': 'BSN', 'value': '11886110'}, 'picture': {'large': 'https://randomuser.me/api/portraits/women/4.jpg', 'medium': 'https://randomuser.me/api/portraits/med/women/4.jpg', 'thumbnail': 'https://randomuser.me/api/portraits/thumb/women/4.jpg'}, 'nat': 'NL'}</msg>
<arg>${json_data['results'][0]}</arg>
<doc>Logs the given message with the given level.</doc>
<status status="PASS" start="2024-06-09T10:14:41.849540" elapsed="0.000421"/>
</kw>
<kw name="Log" owner="BuiltIn">
<msg time="2024-06-09T10:14:41.850379" level="INFO">location</msg>
<arg>${key}</arg>
<doc>Logs the given message with the given level.</doc>
<status status="PASS" start="2024-06-09T10:14:41.850255" elapsed="0.000161"/>
</kw>
<var name="${key}">location</var>
<status status="PASS" start="2024-06-09T10:14:41.848714" elapsed="0.001914"/>
</iter>
<iter>
<kw name="Dictionary Should Contain Key" owner="Collections">
<msg time="2024-06-09T10:14:41.851384" level="INFO">False</msg>
<arg>${json_data['results'][0]}</arg>
<arg>${key}</arg>
<doc>Fails if ``key`` is not found from ``dictionary``.</doc>
<status status="PASS" start="2024-06-09T10:14:41.850908" elapsed="0.000514"/>
</kw>
<kw name="Log" owner="BuiltIn">
<msg time="2024-06-09T10:14:41.852077" level="INFO">{'gender': 'female', 'name': {'title': 'Ms', 'first': 'Felicity', 'last': 'Elderhorst'}, 'location': {'street': {'number': 9714, 'name': 'L.J.A. Hoogenboomstraat'}, 'city': 'Loenersloot', 'state': 'Zeeland', 'country': 'Netherlands', 'postcode': '6825 OE', 'coordinates': {'latitude': '37.9816', 'longitude': '56.0976'}, 'timezone': {'offset': '-1:00', 'description': 'Azores, Cape Verde Islands'}}, 'email': 'felicity.elderhorst@example.com', 'login': {'uuid': '43b6ff7e-1984-4d41-9f8c-39b50e81349e', 'username': 'smalldog633', 'password': 'lobo', 'salt': 'KIq1pht7', 'md5': '0572bdf9950273e1b7c6883f32520f5f', 'sha1': '38ff0ffb8d74a4c92230f2ff0dfd95c3ac37bec3', 'sha256': 'bacdeb6146dc7dff272b10ca06e5ce5012ef52913054dc04742c0a325d63e72e'}, 'dob': {'date': '1983-11-19T06:16:36.375Z', 'age': 40}, 'registered': {'date': '2008-10-19T15:44:56.979Z', 'age': 15}, 'phone': '(095) 0125880', 'cell': '(06) 28905118', 'id': {'name': 'BSN', 'value': '11886110'}, 'picture': {'large': 'https://randomuser.me/api/portraits/women/4.jpg', 'medium': 'https://randomuser.me/api/portraits/med/women/4.jpg', 'thumbnail': 'https://randomuser.me/api/portraits/thumb/women/4.jpg'}, 'nat': 'NL'}</msg>
<arg>${json_data['results'][0]}</arg>
<doc>Logs the given message with the given level.</doc>
<status status="PASS" start="2024-06-09T10:14:41.851721" elapsed="0.000413"/>
</kw>
<kw name="Log" owner="BuiltIn">
<msg time="2024-06-09T10:14:41.852583" level="INFO">email</msg>
<arg>${key}</arg>
<doc>Logs the given message with the given level.</doc>
<status status="PASS" start="2024-06-09T10:14:41.852457" elapsed="0.000163"/>
</kw>
<var name="${key}">email</var>
<status status="PASS" start="2024-06-09T10:14:41.850797" elapsed="0.002038"/>
</iter>
<iter>
<kw name="Dictionary Should Contain Key" owner="Collections">
<msg time="2024-06-09T10:14:41.853496" level="INFO">False</msg>
<arg>${json_data['results'][0]}</arg>
<arg>${key}</arg>
<doc>Fails if ``key`` is not found from ``dictionary``.</doc>
<status status="PASS" start="2024-06-09T10:14:41.853120" elapsed="0.000412"/>
</kw>
<kw name="Log" owner="BuiltIn">
<msg time="2024-06-09T10:14:41.854171" level="INFO">{'gender': 'female', 'name': {'title': 'Ms', 'first': 'Felicity', 'last': 'Elderhorst'}, 'location': {'street': {'number': 9714, 'name': 'L.J.A. Hoogenboomstraat'}, 'city': 'Loenersloot', 'state': 'Zeeland', 'country': 'Netherlands', 'postcode': '6825 OE', 'coordinates': {'latitude': '37.9816', 'longitude': '56.0976'}, 'timezone': {'offset': '-1:00', 'description': 'Azores, Cape Verde Islands'}}, 'email': 'felicity.elderhorst@example.com', 'login': {'uuid': '43b6ff7e-1984-4d41-9f8c-39b50e81349e', 'username': 'smalldog633', 'password': 'lobo', 'salt': 'KIq1pht7', 'md5': '0572bdf9950273e1b7c6883f32520f5f', 'sha1': '38ff0ffb8d74a4c92230f2ff0dfd95c3ac37bec3', 'sha256': 'bacdeb6146dc7dff272b10ca06e5ce5012ef52913054dc04742c0a325d63e72e'}, 'dob': {'date': '1983-11-19T06:16:36.375Z', 'age': 40}, 'registered': {'date': '2008-10-19T15:44:56.979Z', 'age': 15}, 'phone': '(095) 0125880', 'cell': '(06) 28905118', 'id': {'name': 'BSN', 'value': '11886110'}, 'picture': {'large': 'https://randomuser.me/api/portraits/women/4.jpg', 'medium': 'https://randomuser.me/api/portraits/med/women/4.jpg', 'thumbnail': 'https://randomuser.me/api/portraits/thumb/women/4.jpg'}, 'nat': 'NL'}</msg>
<arg>${json_data['results'][0]}</arg>
<doc>Logs the given message with the given level.</doc>
<status status="PASS" start="2024-06-09T10:14:41.853823" elapsed="0.000395"/>
</kw>
<kw name="Log" owner="BuiltIn">
<msg time="2024-06-09T10:14:41.854632" level="INFO">login</msg>
<arg>${key}</arg>
<doc>Logs the given message with the given level.</doc>
<status status="PASS" start="2024-06-09T10:14:41.854506" elapsed="0.000194"/>
</kw>
<var name="${key}">login</var>
<status status="PASS" start="2024-06-09T10:14:41.853007" elapsed="0.001912"/>
</iter>
<var>${key}</var>
<value>@{expected_keys}</value>
<status status="PASS" start="2024-06-09T10:14:41.844156" elapsed="0.010882"/>
</for>
<kw name="Create List" owner="BuiltIn">
<msg time="2024-06-09T10:14:41.855361" level="INFO">${expected_keysTwo} = ['username', 'password']</msg>
<var>${expected_keysTwo}</var>
<arg>username</arg>
<arg>password</arg>
<doc>Returns a list containing given items.</doc>
<status status="PASS" start="2024-06-09T10:14:41.855226" elapsed="0.000158"/>
</kw>
<for flavor="IN">
<iter>
<kw name="Dictionary Should Contain Key" owner="Collections">
<msg time="2024-06-09T10:14:41.856308" level="INFO">False</msg>
<arg>${json_data['results'][0]['login']}</arg>
<arg>${keyTwo}</arg>
<doc>Fails if ``key`` is not found from ``dictionary``.</doc>
<status status="PASS" start="2024-06-09T10:14:41.855896" elapsed="0.000456"/>
</kw>
<kw name="Dictionary Should Contain Key" owner="Collections">
<msg time="2024-06-09T10:14:41.857066" level="INFO">False</msg>
<arg>${json_data['results'][0]['login']}</arg>
<arg>${keyTwo}</arg>
<doc>Fails if ``key`` is not found from ``dictionary``.</doc>
<status status="PASS" start="2024-06-09T10:14:41.856647" elapsed="0.000456"/>
</kw>
<kw name="Log" owner="BuiltIn">
<msg time="2024-06-09T10:14:41.857526" level="INFO">username</msg>
<arg>${keyTwo}</arg>
<doc>Logs the given message with the given level.</doc>
<status status="PASS" start="2024-06-09T10:14:41.857398" elapsed="0.000165"/>
</kw>
<var name="${keyTwo}">username</var>
<status status="PASS" start="2024-06-09T10:14:41.855787" elapsed="0.001988"/>
</iter>
<iter>
<kw name="Dictionary Should Contain Key" owner="Collections">
<msg time="2024-06-09T10:14:41.858433" level="INFO">False</msg>
<arg>${json_data['results'][0]['login']}</arg>
<arg>${keyTwo}</arg>
<doc>Fails if ``key`` is not found from ``dictionary``.</doc>
<status status="PASS" start="2024-06-09T10:14:41.858056" elapsed="0.000414"/>
</kw>
<kw name="Dictionary Should Contain Key" owner="Collections">
<msg time="2024-06-09T10:14:41.859144" level="INFO">False</msg>
<arg>${json_data['results'][0]['login']}</arg>
<arg>${keyTwo}</arg>
<doc>Fails if ``key`` is not found from ``dictionary``.</doc>
<status status="PASS" start="2024-06-09T10:14:41.858760" elapsed="0.000419"/>
</kw>
<kw name="Log" owner="BuiltIn">
<msg time="2024-06-09T10:14:41.859593" level="INFO">password</msg>
<arg>${keyTwo}</arg>
<doc>Logs the given message with the given level.</doc>
<status status="PASS" start="2024-06-09T10:14:41.859467" elapsed="0.000162"/>
</kw>
<var name="${keyTwo}">password</var>
<status status="PASS" start="2024-06-09T10:14:41.857946" elapsed="0.001893"/>
</iter>
<var>${keyTwo}</var>
<value>@{expected_keysTwo}</value>
<status status="PASS" start="2024-06-09T10:14:41.855629" elapsed="0.004327"/>
</for>
<status status="PASS" start="2024-06-09T10:14:41.748608" elapsed="0.111481"/>
</kw>
<doc>Testa a estrutura da resposta da API.</doc>
<tag>testeEstruturaResposta</tag>
<status status="PASS" start="2024-06-09T10:14:41.748092" elapsed="0.112167"/>
</test>
<test id="s1-s1-t4" name="Validar tipos de dados" line="28">
<kw name="Teste de Tipos de Dados" owner="random-user-service">
<kw name="GET On Session" owner="RequestsLibrary">
<msg time="2024-06-09T10:14:41.942353" level="INFO">GET Request : url=https://randomuser.me/api 
 path_url=/api 
 headers={'User-Agent': 'python-requests/2.32.3', 'Accept-Encoding': 'gzip, deflate', 'Accept': '*/*', 'Connection': 'keep-alive'} 
 body=None 
 </msg>
<msg time="2024-06-09T10:14:41.942437" level="INFO">GET Response : url=https://randomuser.me/api 
 status=200, reason=OK 
 headers={'Date': 'Sun, 09 Jun 2024 10:14:41 GMT', 'Content-Type': 'application/json; charset=utf-8', 'Transfer-Encoding': 'chunked', 'Connection': 'keep-alive', 'X-Powered-By': 'Express', 'Access-Control-Allow-Origin': '*', 'Cache-Control': 'no-cache', 'ETag': 'W/"4af-jBtQER36Qb2sxQhG6KE6jDpk3ks"', 'Vary': 'Accept-Encoding', 'Content-Encoding': 'gzip', 'CF-Cache-Status': 'DYNAMIC', 'Report-To': '{"endpoints":[{"url":"https:\\/\\/a.nel.cloudflare.com\\/report\\/v4?s=Y0uCMvH6MPxO0VW%2BolE8LirK9mJIEZBaZvFihgzL7KC9a5PYV2GxUbiQZL2q7mF2UBWzbzg6yq%2FBlpwp55Is7otcM7P7XT6WxODYzJz0gqNOo%2BD8Ys9IZQ%2FPeYyrweFw"}],"group":"cf-nel","max_age":604800}', 'NEL': '{"success_fraction":0,"report_to":"cf-nel","max_age":604800}', 'Server': 'cloudflare', 'CF-RAY': '89105b2fb8bf206c-IAD', 'alt-svc': 'h3=":443"; ma=86400'} 
 body={"results":[{"gender":"male","name":{"title":"Mr","first":"Arthur","last":"Montgomery"},"location":{"street":{"number":6818,"name":"N Stelling Rd"},"city":"Busselton","state":"Australian Capital Territory","country":"Australia","postcode":248,"coordinates":{"latitude":"-85.0475","longitude":"-165.3160"},"timezone":{"offset":"-5:00","description":"Eastern Time (US &amp; Canada), Bogota, Lima"}},"email":"arthur.montgomery@example.com","login":{"uuid":"194a830d-5c55-4d30-ae9f-50b2dfc915ef","username":"organiczebra391","password":"taichi","salt":"tVtv2laN","md5":"88293571d97f933f31750b806909f52e","sha1":"f76b07142e1a2d11da6a8a2ad957e25641c7f214","sha256":"63553714948a0e43ec85db60efc590535ff3b3248d8b64503c5bba86dba96dbe"},"dob":{"date":"1946-03-26T21:40:45.716Z","age":78},"registered":{"date":"2017-01-24T09:08:06.273Z","age":7},"phone":"08-9750-3890","cell":"0405-167-659","id":{"name":"TFN","value":"881495076"},"picture":{"large":"https://randomuser.me/api/portraits/men/16.jpg","medium":"https://randomuser.me/api/portraits/med/men/16.jpg","thumbnail":"https://randomuser.me/api/portraits/thumb/men/16.jpg"},"nat":"AU"}],"info":{"seed":"21452e29f1ef2991","results":1,"page":1,"version":"1.4"}} 
 </msg>
<msg time="2024-06-09T10:14:41.942512" level="INFO">/opt/hostedtoolcache/Python/3.12.3/x64/lib/python3.12/site-packages/urllib3/connectionpool.py:1103: InsecureRequestWarning: Unverified HTTPS request is being made to host 'randomuser.me'. Adding certificate verification is strongly advised. See: https://urllib3.readthedocs.io/en/latest/advanced-usage.html#tls-warnings
  warnings.warn(</msg>
<msg time="2024-06-09T10:14:41.942596" level="INFO">${response} = &lt;Response [200]&gt;</msg>
<var>${response}</var>
<arg>consultarAPI</arg>
<arg>/api</arg>
<doc>Sends a GET request on a previously created HTTP Session.</doc>
<status status="PASS" start="2024-06-09T10:14:41.862657" elapsed="0.079968"/>
</kw>
<kw name="Set Variable" owner="BuiltIn">
<msg time="2024-06-09T10:14:41.943407" level="INFO">${json_data} = {'results': [{'gender': 'male', 'name': {'title': 'Mr', 'first': 'Arthur', 'last': 'Montgomery'}, 'location': {'street': {'number': 6818, 'name': 'N Stelling Rd'}, 'city': 'Busselton', 'state': 'Austr...</msg>
<var>${json_data}</var>
<arg>${response.json()}</arg>
<doc>Returns the given values which can then be assigned to a variables.</doc>
<status status="PASS" start="2024-06-09T10:14:41.942972" elapsed="0.000462"/>
</kw>
<kw name="Log" owner="BuiltIn">
<msg time="2024-06-09T10:14:41.943896" level="INFO">{'results': [{'gender': 'male', 'name': {'title': 'Mr', 'first': 'Arthur', 'last': 'Montgomery'}, 'location': {'street': {'number': 6818, 'name': 'N Stelling Rd'}, 'city': 'Busselton', 'state': 'Australian Capital Territory', 'country': 'Australia', 'postcode': 248, 'coordinates': {'latitude': '-85.0475', 'longitude': '-165.3160'}, 'timezone': {'offset': '-5:00', 'description': 'Eastern Time (US &amp; Canada), Bogota, Lima'}}, 'email': 'arthur.montgomery@example.com', 'login': {'uuid': '194a830d-5c55-4d30-ae9f-50b2dfc915ef', 'username': 'organiczebra391', 'password': 'taichi', 'salt': 'tVtv2laN', 'md5': '88293571d97f933f31750b806909f52e', 'sha1': 'f76b07142e1a2d11da6a8a2ad957e25641c7f214', 'sha256': '63553714948a0e43ec85db60efc590535ff3b3248d8b64503c5bba86dba96dbe'}, 'dob': {'date': '1946-03-26T21:40:45.716Z', 'age': 78}, 'registered': {'date': '2017-01-24T09:08:06.273Z', 'age': 7}, 'phone': '08-9750-3890', 'cell': '0405-167-659', 'id': {'name': 'TFN', 'value': '881495076'}, 'picture': {'large': 'https://randomuser.me/api/portraits/men/16.jpg', 'medium': 'https://randomuser.me/api/portraits/med/men/16.jpg', 'thumbnail': 'https://randomuser.me/api/portraits/thumb/men/16.jpg'}, 'nat': 'AU'}], 'info': {'seed': '21452e29f1ef2991', 'results': 1, 'page': 1, 'version': '1.4'}}</msg>
<arg>${json_data}</arg>
<doc>Logs the given message with the given level.</doc>
<status status="PASS" start="2024-06-09T10:14:41.943746" elapsed="0.000232"/>
</kw>
<kw name="Should Be String" owner="String">
<arg>${json_data['results'][0]['gender']}</arg>
<doc>Fails if the given ``item`` is not a string.</doc>
<status status="PASS" start="2024-06-09T10:14:41.944333" elapsed="0.000363"/>
</kw>
<kw name="Should Match Regexp" owner="BuiltIn">
<arg>${json_data['results'][0]['email']}</arg>
<arg>^[a-zA-Z0-9._%+-]+@[a-zA-Z0-9.-]+\.[a-zA-Z]{2,}$</arg>
<doc>Fails if ``string`` does not match ``pattern`` as a regular expression.</doc>
<status status="PASS" start="2024-06-09T10:14:41.944888" elapsed="0.000610"/>
</kw>
<kw name="Should Match Regexp" owner="BuiltIn">
<arg>${json_data['results'][0]['dob']['date']}</arg>
<arg>\\d{4}-\\d{2}-\\d{2}T\\d{2}:\\d{2}:\\d{2}\\.\\d{3}Z</arg>
<doc>Fails if ``string`` does not match ``pattern`` as a regular expression.</doc>
<status status="PASS" start="2024-06-09T10:14:41.945696" elapsed="0.000477"/>
</kw>
<kw name="Should Match Regexp" owner="BuiltIn">
<arg>${json_data['results'][0]['registered']['date']}</arg>
<arg>\\d{4}-\\d{2}-\\d{2}T\\d{2}:\\d{2}:\\d{2}\\.\\d{3}Z</arg>
<doc>Fails if ``string`` does not match ``pattern`` as a regular expression.</doc>
<status status="PASS" start="2024-06-09T10:14:41.946364" elapsed="0.000359"/>
</kw>
<kw name="Should Match Regexp" owner="BuiltIn">
<arg>${json_data['results'][0]['picture']['large']}</arg>
<arg>^https?://.*\.(?:png|jpe?g|gif|bmp)$</arg>
<doc>Fails if ``string`` does not match ``pattern`` as a regular expression.</doc>
<status status="PASS" start="2024-06-09T10:14:41.946906" elapsed="0.000446"/>
</kw>
<kw name="Should Match Regexp" owner="BuiltIn">
<arg>${json_data['results'][0]['picture']['medium']}</arg>
<arg>^https?://.*\.(?:png|jpe?g|gif|bmp)$</arg>
<doc>Fails if ``string`` does not match ``pattern`` as a regular expression.</doc>
<status status="PASS" start="2024-06-09T10:14:41.947540" elapsed="0.000348"/>
</kw>
<kw name="Should Match Regexp" owner="BuiltIn">
<arg>${json_data['results'][0]['picture']['thumbnail']}</arg>
<arg>^https?://.*\.(?:png|jpe?g|gif|bmp)$</arg>
<doc>Fails if ``string`` does not match ``pattern`` as a regular expression.</doc>
<status status="PASS" start="2024-06-09T10:14:41.948073" elapsed="0.000360"/>
</kw>
<kw name="Log" owner="BuiltIn">
<msg time="2024-06-09T10:14:41.948932" level="INFO">{'large': 'https://randomuser.me/api/portraits/men/16.jpg', 'medium': 'https://randomuser.me/api/portraits/med/men/16.jpg', 'thumbnail': 'https://randomuser.me/api/portraits/thumb/men/16.jpg'}</msg>
<arg>${json_data['results'][0]['picture']}</arg>
<doc>Logs the given message with the given level.</doc>
<status status="PASS" start="2024-06-09T10:14:41.948616" elapsed="0.000357"/>
</kw>
<status status="PASS" start="2024-06-09T10:14:41.862430" elapsed="0.086791"/>
</kw>
<kw name="Teste de Tipos de Dados - Postcode" owner="random-user-service">
<kw name="GET On Session" owner="RequestsLibrary">
<msg time="2024-06-09T10:14:42.053357" level="INFO">GET Request : url=https://randomuser.me/api 
 path_url=/api 
 headers={'User-Agent': 'python-requests/2.32.3', 'Accept-Encoding': 'gzip, deflate', 'Accept': '*/*', 'Connection': 'keep-alive'} 
 body=None 
 </msg>
<msg time="2024-06-09T10:14:42.053441" level="INFO">GET Response : url=https://randomuser.me/api 
 status=200, reason=OK 
 headers={'Date': 'Sun, 09 Jun 2024 10:14:42 GMT', 'Content-Type': 'application/json; charset=utf-8', 'Transfer-Encoding': 'chunked', 'Connection': 'keep-alive', 'X-Powered-By': 'Express', 'Access-Control-Allow-Origin': '*', 'Cache-Control': 'no-cache', 'ETag': 'W/"480-PU2rrKhZ9TwJGvbpvFSYX69fLRE"', 'Vary': 'Accept-Encoding', 'Content-Encoding': 'gzip', 'CF-Cache-Status': 'DYNAMIC', 'Report-To': '{"endpoints":[{"url":"https:\\/\\/a.nel.cloudflare.com\\/report\\/v4?s=OYF74vmqLPOO2mxZMsINp0QmI1tyPaXwAnp%2BN0JPQgUx8dmji%2BRHpPaB7%2FsymjiZ0uz97U8yWixfZDyR3MmNiC736FBB9VhLgo%2BWzRxKsrehjj9o2VeTPd6ZcV%2ByVEwS"}],"group":"cf-nel","max_age":604800}', 'NEL': '{"success_fraction":0,"report_to":"cf-nel","max_age":604800}', 'Server': 'cloudflare', 'CF-RAY': '89105b303939206c-IAD', 'alt-svc': 'h3=":443"; ma=86400'} 
 body={"results":[{"gender":"male","name":{"title":"Mr","first":"Ege","last":"Evliyaoğlu"},"location":{"street":{"number":6406,"name":"Kushimoto Sk"},"city":"Sivas","state":"Çorum","country":"Turkey","postcode":90172,"coordinates":{"latitude":"65.8277","longitude":"-139.8233"},"timezone":{"offset":"+8:00","description":"Beijing, Perth, Singapore, Hong Kong"}},"email":"ege.evliyaoglu@example.com","login":{"uuid":"56da3b3e-37c1-49f4-ab7e-f19196ba3ec9","username":"heavytiger986","password":"rasputin","salt":"oDVeM7sj","md5":"8a9aaccf448cc65a7b6ec0793ba1e604","sha1":"cc6032db6dc13ebd402b64b5db48f7950587210b","sha256":"2dcd9f61dfa1eec67d8448bb6aa666ea7119cbe961591aa43c41af72ac6a2cf8"},"dob":{"date":"1949-05-10T18:58:11.732Z","age":75},"registered":{"date":"2014-10-18T09:06:29.370Z","age":9},"phone":"(647)-629-7672","cell":"(702)-461-1306","id":{"name":"","value":null},"picture":{"large":"https://randomuser.me/api/portraits/men/9.jpg","medium":"https://randomuser.me/api/portraits/med/men/9.jpg","thumbnail":"https://randomuser.me/api/portraits/thumb/men/9.jpg"},"nat":"TR"}],"info":{"seed":"7bcb051e16eb5e82","results":1,"page":1,"version":"1.4"}} 
 </msg>
<msg time="2024-06-09T10:14:42.053516" level="INFO">/opt/hostedtoolcache/Python/3.12.3/x64/lib/python3.12/site-packages/urllib3/connectionpool.py:1103: InsecureRequestWarning: Unverified HTTPS request is being made to host 'randomuser.me'. Adding certificate verification is strongly advised. See: https://urllib3.readthedocs.io/en/latest/advanced-usage.html#tls-warnings
  warnings.warn(</msg>
<msg time="2024-06-09T10:14:42.053626" level="INFO">${response} = &lt;Response [200]&gt;</msg>
<var>${response}</var>
<arg>consultarAPI</arg>
<arg>/api</arg>
<doc>Sends a GET request on a previously created HTTP Session.</doc>
<status status="PASS" start="2024-06-09T10:14:41.949652" elapsed="0.104013"/>
</kw>
<kw name="Set Variable" owner="BuiltIn">
<msg time="2024-06-09T10:14:42.054585" level="INFO">${json_data} = {'results': [{'gender': 'male', 'name': {'title': 'Mr', 'first': 'Ege', 'last': 'Evliyaoğlu'}, 'location': {'street': {'number': 6406, 'name': 'Kushimoto Sk'}, 'city': 'Sivas', 'state': 'Çorum', 'coun...</msg>
<var>${json_data}</var>
<arg>${response.json()}</arg>
<doc>Returns the given values which can then be assigned to a variables.</doc>
<status status="PASS" start="2024-06-09T10:14:42.054131" elapsed="0.000485"/>
</kw>
<kw name="Log" owner="BuiltIn">
<msg time="2024-06-09T10:14:42.055076" level="INFO">{'results': [{'gender': 'male', 'name': {'title': 'Mr', 'first': 'Ege', 'last': 'Evliyaoğlu'}, 'location': {'street': {'number': 6406, 'name': 'Kushimoto Sk'}, 'city': 'Sivas', 'state': 'Çorum', 'country': 'Turkey', 'postcode': 90172, 'coordinates': {'latitude': '65.8277', 'longitude': '-139.8233'}, 'timezone': {'offset': '+8:00', 'description': 'Beijing, Perth, Singapore, Hong Kong'}}, 'email': 'ege.evliyaoglu@example.com', 'login': {'uuid': '56da3b3e-37c1-49f4-ab7e-f19196ba3ec9', 'username': 'heavytiger986', 'password': 'rasputin', 'salt': 'oDVeM7sj', 'md5': '8a9aaccf448cc65a7b6ec0793ba1e604', 'sha1': 'cc6032db6dc13ebd402b64b5db48f7950587210b', 'sha256': '2dcd9f61dfa1eec67d8448bb6aa666ea7119cbe961591aa43c41af72ac6a2cf8'}, 'dob': {'date': '1949-05-10T18:58:11.732Z', 'age': 75}, 'registered': {'date': '2014-10-18T09:06:29.370Z', 'age': 9}, 'phone': '(647)-629-7672', 'cell': '(702)-461-1306', 'id': {'name': '', 'value': None}, 'picture': {'large': 'https://randomuser.me/api/portraits/men/9.jpg', 'medium': 'https://randomuser.me/api/portraits/med/men/9.jpg', 'thumbnail': 'https://randomuser.me/api/portraits/thumb/men/9.jpg'}, 'nat': 'TR'}], 'info': {'seed': '7bcb051e16eb5e82', 'results': 1, 'page': 1, 'version': '1.4'}}</msg>
<arg>${json_data}</arg>
<doc>Logs the given message with the given level.</doc>
<status status="PASS" start="2024-06-09T10:14:42.054922" elapsed="0.000232"/>
</kw>
<kw name="Should Be Equal As Numbers" owner="BuiltIn">
<arg>${json_data['results'][0]['location']['postcode']}</arg>
<arg>${json_data['results'][0]['location']['postcode']}</arg>
<doc>Fails if objects are unequal after converting them to real numbers.</doc>
<status status="PASS" start="2024-06-09T10:14:42.055451" elapsed="0.000610"/>
</kw>
<kw name="Log" owner="BuiltIn">
<msg time="2024-06-09T10:14:42.056629" level="INFO">90172</msg>
<arg>${json_data['results'][0]['location']['postcode']}</arg>
<doc>Logs the given message with the given level.</doc>
<status status="PASS" start="2024-06-09T10:14:42.056283" elapsed="0.000385"/>
</kw>
<status status="PASS" start="2024-06-09T10:14:41.949438" elapsed="0.107475"/>
</kw>
<doc>Testa se os tipos de dados na resposta da API estão corretos.</doc>
<tag>testeTiposDados</tag>
<status status="PASS" start="2024-06-09T10:14:41.861978" elapsed="0.195090"/>
</test>
<test id="s1-s1-t5" name="Validar conteudo" line="35">
<kw name="Teste de Tipos de Conteudo" owner="random-user-service">
<kw name="GET On Session" owner="RequestsLibrary">
<msg time="2024-06-09T10:14:42.141158" level="INFO">GET Request : url=https://randomuser.me/api 
 path_url=/api 
 headers={'User-Agent': 'python-requests/2.32.3', 'Accept-Encoding': 'gzip, deflate', 'Accept': '*/*', 'Connection': 'keep-alive'} 
 body=None 
 </msg>
<msg time="2024-06-09T10:14:42.141221" level="INFO">GET Response : url=https://randomuser.me/api 
 status=200, reason=OK 
 headers={'Date': 'Sun, 09 Jun 2024 10:14:42 GMT', 'Content-Type': 'application/json; charset=utf-8', 'Transfer-Encoding': 'chunked', 'Connection': 'keep-alive', 'X-Powered-By': 'Express', 'Access-Control-Allow-Origin': '*', 'Cache-Control': 'no-cache', 'ETag': 'W/"477-QQunsTKm3FusxCdhZOICDtUwr3I"', 'Vary': 'Accept-Encoding', 'Content-Encoding': 'gzip', 'CF-Cache-Status': 'DYNAMIC', 'Report-To': '{"endpoints":[{"url":"https:\\/\\/a.nel.cloudflare.com\\/report\\/v4?s=i5UTs2MaIS1IpQFtmSISIG7jwmDEIIUdGzax1bQoAhtEJst9RexiSGtdHa0rifAMvnr7gDue3EQQfW7QBvIMLlSi%2FXBvgy8BoNnGw7yc%2FlZYozwDtbT9Qw9N2lkV3BuV"}],"group":"cf-nel","max_age":604800}', 'NEL': '{"success_fraction":0,"report_to":"cf-nel","max_age":604800}', 'Server': 'cloudflare', 'CF-RAY': '89105b30e9c7206c-IAD', 'alt-svc': 'h3=":443"; ma=86400'} 
 body={"results":[{"gender":"male","name":{"title":"Mr","first":"Deepak","last":"Chiplunkar"},"location":{"street":{"number":228,"name":"Rajpur Rd"},"city":"Sikar","state":"Uttarakhand","country":"India","postcode":67548,"coordinates":{"latitude":"5.1082","longitude":"-12.4895"},"timezone":{"offset":"+9:30","description":"Adelaide, Darwin"}},"email":"deepak.chiplunkar@example.com","login":{"uuid":"43e0bdfa-57fb-4dba-aa7a-cc5faeb781e0","username":"lazymouse784","password":"people","salt":"vD7SZSNP","md5":"b2d04fae031dbddd2b41d794e16b1a72","sha1":"053a55cfdd6df8a0393aefbbe2f26c6e10a2ac8d","sha256":"6579118a068625b0c3d76014f8cabfc381df9ff8517956cb699b9aaf5b4489e3"},"dob":{"date":"1987-08-14T22:10:32.644Z","age":36},"registered":{"date":"2009-08-26T06:47:51.853Z","age":14},"phone":"9964509001","cell":"8357863956","id":{"name":"UIDAI","value":"227668439813"},"picture":{"large":"https://randomuser.me/api/portraits/men/94.jpg","medium":"https://randomuser.me/api/portraits/med/men/94.jpg","thumbnail":"https://randomuser.me/api/portraits/thumb/men/94.jpg"},"nat":"IN"}],"info":{"seed":"279aeec817987fa4","results":1,"page":1,"version":"1.4"}} 
 </msg>
<msg time="2024-06-09T10:14:42.141276" level="INFO">/opt/hostedtoolcache/Python/3.12.3/x64/lib/python3.12/site-packages/urllib3/connectionpool.py:1103: InsecureRequestWarning: Unverified HTTPS request is being made to host 'randomuser.me'. Adding certificate verification is strongly advised. See: https://urllib3.readthedocs.io/en/latest/advanced-usage.html#tls-warnings
  warnings.warn(</msg>
<msg time="2024-06-09T10:14:42.141366" level="INFO">${response} = &lt;Response [200]&gt;</msg>
<var>${response}</var>
<arg>consultarAPI</arg>
<arg>/api</arg>
<doc>Sends a GET request on a previously created HTTP Session.</doc>
<status status="PASS" start="2024-06-09T10:14:42.060257" elapsed="0.081144"/>
</kw>
<kw name="Set Variable" owner="BuiltIn">
<msg time="2024-06-09T10:14:42.142410" level="INFO">${json_data} = {'results': [{'gender': 'male', 'name': {'title': 'Mr', 'first': 'Deepak', 'last': 'Chiplunkar'}, 'location': {'street': {'number': 228, 'name': 'Rajpur Rd'}, 'city': 'Sikar', 'state': 'Uttarakhand', ...</msg>
<var>${json_data}</var>
<arg>${response.json()}</arg>
<doc>Returns the given values which can then be assigned to a variables.</doc>
<status status="PASS" start="2024-06-09T10:14:42.141859" elapsed="0.000579"/>
</kw>
<kw name="Set Variable" owner="BuiltIn">
<msg time="2024-06-09T10:14:42.143133" level="INFO">${name_title} = Mr</msg>
<var>${name_title}</var>
<arg>${json_data["results"][0]["name"]["title"]}</arg>
<doc>Returns the given values which can then be assigned to a variables.</doc>
<status status="PASS" start="2024-06-09T10:14:42.142742" elapsed="0.000418"/>
</kw>
<kw name="Create List" owner="BuiltIn">
<msg time="2024-06-09T10:14:42.143609" level="INFO">${allowed_titles} = ['Mr', 'Ms', 'Miss', 'Mrs', 'Madame', 'Monsieur']</msg>
<var>${allowed_titles}</var>
<arg>Mr</arg>
<arg>Ms</arg>
<arg>Miss</arg>
<arg>Mrs</arg>
<arg>Madame</arg>
<arg>Monsieur</arg>
<doc>Returns a list containing given items.</doc>
<status status="PASS" start="2024-06-09T10:14:42.143460" elapsed="0.000174"/>
</kw>
<kw name="List Should Contain Value" owner="Collections">
<msg time="2024-06-09T10:14:42.144115" level="INFO">False</msg>
<arg>${allowed_titles}</arg>
<arg>${name_title}</arg>
<doc>Fails if the ``value`` is not found from ``list``.</doc>
<status status="PASS" start="2024-06-09T10:14:42.143945" elapsed="0.000207"/>
</kw>
<kw name="Set Variable" owner="BuiltIn">
<msg time="2024-06-09T10:14:42.145003" level="INFO">${name_country} = IN</msg>
<var>${name_country}</var>
<arg>${json_data["results"][0]["nat"]}</arg>
<doc>Returns the given values which can then be assigned to a variables.</doc>
<status status="PASS" start="2024-06-09T10:14:42.144494" elapsed="0.000535"/>
</kw>
<kw name="Create List" owner="BuiltIn">
<msg time="2024-06-09T10:14:42.145934" level="INFO">${list_country} = ['AD', 'AE', 'AF', 'AG', 'AI', 'AL', 'AM', 'AO', 'AQ', 'AR', 'AS', 'AT', 'AU', 'AW', 'AX', 'AZ', 'BA', 'BB', 'BD', 'BE', 'BF', 'BG', 'BH', 'BI', 'BJ', 'BL', 'BM', 'BN', 'BO', 'BQ', 'BR', 'BS', 'BT', '...</msg>
<var>${list_country}</var>
<arg>AD</arg>
<arg>AE</arg>
<arg>AF</arg>
<arg>AG</arg>
<arg>AI</arg>
<arg>AL</arg>
<arg>AM</arg>
<arg>AO</arg>
<arg>AQ</arg>
<arg>AR</arg>
<arg>AS</arg>
<arg>AT</arg>
<arg>AU</arg>
<arg>AW</arg>
<arg>AX</arg>
<arg>AZ</arg>
<arg>BA</arg>
<arg>BB</arg>
<arg>BD</arg>
<arg>BE</arg>
<arg>BF</arg>
<arg>BG</arg>
<arg>BH</arg>
<arg>BI</arg>
<arg>BJ</arg>
<arg>BL</arg>
<arg>BM</arg>
<arg>BN</arg>
<arg>BO</arg>
<arg>BQ</arg>
<arg>BR</arg>
<arg>BS</arg>
<arg>BT</arg>
<arg>BV</arg>
<arg>BW</arg>
<arg>BY</arg>
<arg>BZ</arg>
<arg>CA</arg>
<arg>CC</arg>
<arg>CD</arg>
<arg>CF</arg>
<arg>CG</arg>
<arg>CH</arg>
<arg>CI</arg>
<arg>CK</arg>
<arg>CL</arg>
<arg>CM</arg>
<arg>CN</arg>
<arg>CO</arg>
<arg>CR</arg>
<arg>CU</arg>
<arg>CV</arg>
<arg>CW</arg>
<arg>CX</arg>
<arg>CY</arg>
<arg>CZ</arg>
<arg>DE</arg>
<arg>DJ</arg>
<arg>DK</arg>
<arg>DM</arg>
<arg>DO</arg>
<arg>DZ</arg>
<arg>EC</arg>
<arg>EE</arg>
<arg>EG</arg>
<arg>EH</arg>
<arg>ER</arg>
<arg>ES</arg>
<arg>ET</arg>
<arg>FI</arg>
<arg>FJ</arg>
<arg>FK</arg>
<arg>FM</arg>
<arg>FO</arg>
<arg>FR</arg>
<arg>GA</arg>
<arg>GB</arg>
<arg>GD</arg>
<arg>GE</arg>
<arg>GF</arg>
<arg>GG</arg>
<arg>GH</arg>
<arg>GI</arg>
<arg>GL</arg>
<arg>GM</arg>
<arg>GN</arg>
<arg>GP</arg>
<arg>GQ</arg>
<arg>GR</arg>
<arg>GS</arg>
<arg>GT</arg>
<arg>GU</arg>
<arg>GW</arg>
<arg>GY</arg>
<arg>HK</arg>
<arg>HM</arg>
<arg>HN</arg>
<arg>HR</arg>
<arg>HT</arg>
<arg>HU</arg>
<arg>ID</arg>
<arg>IE</arg>
<arg>IL</arg>
<arg>IM</arg>
<arg>IN</arg>
<arg>IO</arg>
<arg>IQ</arg>
<arg>IR</arg>
<arg>IS</arg>
<arg>IT</arg>
<arg>JE</arg>
<arg>JM</arg>
<arg>JO</arg>
<arg>JP</arg>
<arg>KE</arg>
<arg>KG</arg>
<arg>KH</arg>
<arg>KI</arg>
<arg>KM</arg>
<arg>KN</arg>
<arg>KP</arg>
<arg>KR</arg>
<arg>KW</arg>
<arg>KY</arg>
<arg>KZ</arg>
<arg>LA</arg>
<arg>LB</arg>
<arg>LC</arg>
<arg>LI</arg>
<arg>LK</arg>
<arg>LR</arg>
<arg>LS</arg>
<arg>LT</arg>
<arg>LU</arg>
<arg>LV</arg>
<arg>LY</arg>
<arg>MA</arg>
<arg>MC</arg>
<arg>MD</arg>
<arg>ME</arg>
<arg>MF</arg>
<arg>MG</arg>
<arg>MH</arg>
<arg>MK</arg>
<arg>ML</arg>
<arg>MM</arg>
<arg>MN</arg>
<arg>MO</arg>
<arg>MP</arg>
<arg>MQ</arg>
<arg>MR</arg>
<arg>MS</arg>
<arg>MT</arg>
<arg>MU</arg>
<arg>MV</arg>
<arg>MW</arg>
<arg>MX</arg>
<arg>MY</arg>
<arg>MZ</arg>
<arg>NA</arg>
<arg>NC</arg>
<arg>NE</arg>
<arg>NF</arg>
<arg>NG</arg>
<arg>NI</arg>
<arg>NL</arg>
<arg>NO</arg>
<arg>NP</arg>
<arg>NR</arg>
<arg>NU</arg>
<arg>NZ</arg>
<arg>OM</arg>
<arg>PA</arg>
<arg>PE</arg>
<arg>PF</arg>
<arg>PG</arg>
<arg>PH</arg>
<arg>PK</arg>
<arg>PL</arg>
<arg>PM</arg>
<arg>PN</arg>
<arg>PR</arg>
<arg>PS</arg>
<arg>PT</arg>
<arg>PW</arg>
<arg>PY</arg>
<arg>QA</arg>
<arg>RE</arg>
<arg>RO</arg>
<arg>RS</arg>
<arg>RU</arg>
<arg>RW</arg>
<arg>SA</arg>
<arg>SB</arg>
<arg>SC</arg>
<arg>SD</arg>
<arg>SE</arg>
<arg>SG</arg>
<arg>SH</arg>
<arg>SI</arg>
<arg>SJ</arg>
<arg>SK</arg>
<arg>SL</arg>
<arg>SM</arg>
<arg>SN</arg>
<arg>SO</arg>
<arg>SR</arg>
<arg>SS</arg>
<arg>ST</arg>
<arg>SV</arg>
<arg>SX</arg>
<arg>SY</arg>
<arg>SZ</arg>
<arg>TC</arg>
<arg>TD</arg>
<arg>TF</arg>
<arg>TG</arg>
<arg>TH</arg>
<arg>TJ</arg>
<arg>TK</arg>
<arg>TL</arg>
<arg>TM</arg>
<arg>TN</arg>
<arg>TO</arg>
<arg>TR</arg>
<arg>TT</arg>
<arg>TV</arg>
<arg>TW</arg>
<arg>TZ</arg>
<arg>UA</arg>
<arg>UG</arg>
<arg>UM</arg>
<arg>US</arg>
<arg>UY</arg>
<arg>UZ</arg>
<arg>VA</arg>
<arg>VC</arg>
<arg>VE</arg>
<arg>VG</arg>
<arg>VI</arg>
<arg>VN</arg>
<arg>VU</arg>
<arg>WF</arg>
<arg>WS</arg>
<arg>XK</arg>
<arg>YE</arg>
<arg>YT</arg>
<arg>ZA</arg>
<arg>ZM</arg>
<arg>ZW</arg>
<doc>Returns a list containing given items.</doc>
<status status="PASS" start="2024-06-09T10:14:42.145338" elapsed="0.000622"/>
</kw>
<kw name="List Should Contain Value" owner="Collections">
<msg time="2024-06-09T10:14:42.147310" level="INFO">False</msg>
<arg>${list_country}</arg>
<arg>${name_country}</arg>
<doc>Fails if the ``value`` is not found from ``list``.</doc>
<status status="PASS" start="2024-06-09T10:14:42.146990" elapsed="0.000369"/>
</kw>
<kw name="Run Keyword If" owner="BuiltIn">
<kw name="Should Be True" owner="BuiltIn">
<arg>${True}</arg>
<doc>Fails if the given condition is not true.</doc>
<status status="PASS" start="2024-06-09T10:14:42.148480" elapsed="0.000147"/>
</kw>
<arg>${json_data["results"][0]["location"]["coordinates"]["latitude"]} &gt;= -90 and ${json_data["results"][0]["location"]["coordinates"]["latitude"]} &lt;= 90</arg>
<arg>Should Be True</arg>
<arg>${True}</arg>
<doc>Runs the given keyword with the given arguments, if ``condition`` is true.</doc>
<status status="PASS" start="2024-06-09T10:14:42.147688" elapsed="0.001071"/>
</kw>
<kw name="Run Keyword If" owner="BuiltIn">
<kw name="Should Be True" owner="BuiltIn">
<arg>${True}</arg>
<doc>Fails if the given condition is not true.</doc>
<status status="PASS" start="2024-06-09T10:14:42.149662" elapsed="0.000140"/>
</kw>
<arg>${json_data["results"][0]["location"]["coordinates"]["longitude"]} &gt;= -180 and ${json_data["results"][0]["location"]["coordinates"]["longitude"]} &lt;= 180</arg>
<arg>Should Be True</arg>
<arg>${True}</arg>
<doc>Runs the given keyword with the given arguments, if ``condition`` is true.</doc>
<status status="PASS" start="2024-06-09T10:14:42.148958" elapsed="0.000970"/>
</kw>
<status status="PASS" start="2024-06-09T10:14:42.059853" elapsed="0.090202"/>
</kw>
<doc>Testa o conteúdo específico dos campos retornados pela API.</doc>
<tag>testeConteudo</tag>
<status status="PASS" start="2024-06-09T10:14:42.059176" elapsed="0.091019"/>
</test>
<status status="PASS" start="2024-06-09T10:14:41.150398" elapsed="1.001707"/>
</suite>
<status status="PASS" start="2024-06-09T10:14:41.137042" elapsed="1.020255"/>
</suite>
<statistics>
<total>
<stat pass="5" fail="0" skip="0">All Tests</stat>
</total>
<tag>
<stat pass="1" fail="0" skip="0">testeConteudo</stat>
<stat pass="1" fail="0" skip="0">testeEstruturaResposta</stat>
<stat pass="1" fail="0" skip="0">testeRequisicaoBasica</stat>
<stat pass="1" fail="0" skip="0">testeTiposDados</stat>
</tag>
<suite>
<stat pass="5" fail="0" skip="0" id="s1" name="Tests">Tests</stat>
<stat pass="5" fail="0" skip="0" id="s1-s1" name="Random-User-Test">Tests.Random-User-Test</stat>
</suite>
</statistics>
<errors>
</errors>
</robot>
