<?xml version="1.0" encoding="UTF-8"?>
<robot generator="Robot 7.0 (Python 3.12.2 on linux)" generated="2024-04-13T22:11:55.617642" rpa="false" schemaversion="5">
<suite id="s1" name="Tests" source="/home/runner/work/DesafioQAItauRogerioJordao/DesafioQAItauRogerioJordao/RamdonUser/tests">
<suite id="s1-s1" name="Random-User-Test" source="/home/runner/work/DesafioQAItauRogerioJordao/DesafioQAItauRogerioJordao/RamdonUser/tests/random-user-test.robot">
<test id="s1-s1-t1" name="Conectar" line="13">
<kw name="Conectar API" owner="random-user-service">
<kw name="Create Session" owner="RequestsLibrary">
<msg time="2024-04-13T22:11:55.994880" level="INFO">Creating Session using : alias=consultarAPI, url=https://randomuser.me/, headers={},                     cookies={}, auth=None, timeout=None, proxies=None, verify=False,                     debug=0 </msg>
<arg>consultarAPI</arg>
<arg>${URL}</arg>
<doc>Create Session: create a HTTP session to a server</doc>
<status status="PASS" start="2024-04-13T22:11:55.994694" elapsed="0.000352"/>
</kw>
<status status="PASS" start="2024-04-13T22:11:55.993797" elapsed="0.001582"/>
</kw>
<status status="PASS" start="2024-04-13T22:11:55.993290" elapsed="0.002301"/>
</test>
<test id="s1-s1-t2" name="Validar retorno 200 e JSON Válido" line="16">
<kw name="Teste de Requisicao Basica" owner="random-user-service">
<kw name="GET On Session" owner="RequestsLibrary">
<msg time="2024-04-13T22:11:56.212585" level="INFO">GET Request : url=https://randomuser.me/api 
 path_url=/api 
 headers={'User-Agent': 'python-requests/2.31.0', 'Accept-Encoding': 'gzip, deflate', 'Accept': '*/*', 'Connection': 'keep-alive'} 
 body=None 
 </msg>
<msg time="2024-04-13T22:11:56.212698" level="INFO">GET Response : url=https://randomuser.me/api 
 status=200, reason=OK 
 headers={'Date': 'Sat, 13 Apr 2024 22:11:56 GMT', 'Content-Type': 'application/json; charset=utf-8', 'Transfer-Encoding': 'chunked', 'Connection': 'keep-alive', 'X-Powered-By': 'Express', 'Access-Control-Allow-Origin': '*', 'Cache-Control': 'no-cache', 'ETag': 'W/"499-voW0l6BwIX6DRMqSNfF9K/FsSps"', 'Vary': 'Accept-Encoding', 'Content-Encoding': 'gzip', 'CF-Cache-Status': 'DYNAMIC', 'Report-To': '{"endpoints":[{"url":"https:\\/\\/a.nel.cloudflare.com\\/report\\/v4?s=WJBMs7PO%2BOHMALtiHnubVwo%2FiXrfU5lx%2F9%2FKuUO1gctIBp92v6U946GEjo0a9vv0E1mbc6kLDKcSg6KQ2X019mQx9sWPd5ZcKt8JGk9ZT2gY0mIbCtMAgn17QR3amiw5"}],"group":"cf-nel","max_age":604800}', 'NEL': '{"success_fraction":0,"report_to":"cf-nel","max_age":604800}', 'Server': 'cloudflare', 'CF-RAY': '873ecb73ce81945e-SJC', 'alt-svc': 'h3=":443"; ma=86400'} 
 body={"results":[{"gender":"female","name":{"title":"Mrs","first":"Mackenzie","last":"Anderson"},"location":{"street":{"number":2160,"name":"Anglesea Street"},"city":"Whanganui","state":"West Coast","country":"New Zealand","postcode":36552,"coordinates":{"latitude":"55.2290","longitude":"147.2724"},"timezone":{"offset":"-1:00","description":"Azores, Cape Verde Islands"}},"email":"mackenzie.anderson@example.com","login":{"uuid":"906630ff-47fc-4875-a628-16441501d049","username":"orangebutterfly476","password":"bookie","salt":"B8XHCwNz","md5":"204c4cfaa61fc59fa71302306b7e69d5","sha1":"0b81e689b5fb7bf1ed4e053ab04dc42593eb2844","sha256":"0329582a72e154fdf647bca91884e0d32ac1edc268926934d50055674aad5d1a"},"dob":{"date":"1959-07-06T20:40:57.180Z","age":64},"registered":{"date":"2007-12-26T23:45:58.252Z","age":16},"phone":"(301)-802-6111","cell":"(166)-651-0813","id":{"name":"","value":null},"picture":{"large":"https://randomuser.me/api/portraits/women/9.jpg","medium":"https://randomuser.me/api/portraits/med/women/9.jpg","thumbnail":"https://randomuser.me/api/portraits/thumb/women/9.jpg"},"nat":"NZ"}],"info":{"seed":"570836c8588cd9ef","results":1,"page":1,"version":"1.4"}} 
 </msg>
<msg time="2024-04-13T22:11:56.212768" level="INFO">/opt/hostedtoolcache/Python/3.12.2/x64/lib/python3.12/site-packages/urllib3/connectionpool.py:1103: InsecureRequestWarning: Unverified HTTPS request is being made to host 'randomuser.me'. Adding certificate verification is strongly advised. See: https://urllib3.readthedocs.io/en/latest/advanced-usage.html#tls-warnings
  warnings.warn(</msg>
<msg time="2024-04-13T22:11:56.212889" level="INFO">${response} = &lt;Response [200]&gt;</msg>
<var>${response}</var>
<arg>consultarAPI</arg>
<arg>/api</arg>
<doc>Sends a GET request on a previously created HTTP Session.</doc>
<status status="PASS" start="2024-04-13T22:11:55.998171" elapsed="0.214758"/>
</kw>
<kw name="Should Be Equal As Numbers" owner="BuiltIn">
<msg time="2024-04-13T22:11:56.213916" level="INFO">Argument types are:
&lt;class 'int'&gt;
&lt;class 'str'&gt;</msg>
<arg>${response.status_code}</arg>
<arg>200</arg>
<doc>Fails if objects are unequal after converting them to real numbers.</doc>
<status status="PASS" start="2024-04-13T22:11:56.213436" elapsed="0.000544"/>
</kw>
<kw name="Log" owner="BuiltIn">
<msg time="2024-04-13T22:11:56.214668" level="INFO">200</msg>
<arg>${response.status_code}</arg>
<doc>Logs the given message with the given level.</doc>
<status status="PASS" start="2024-04-13T22:11:56.214306" elapsed="0.000405"/>
</kw>
<kw name="Set Variable" owner="BuiltIn">
<msg time="2024-04-13T22:11:56.215472" level="INFO">${json_data} = {'results': [{'gender': 'female', 'name': {'title': 'Mrs', 'first': 'Mackenzie', 'last': 'Anderson'}, 'location': {'street': {'number': 2160, 'name': 'Anglesea Street'}, 'city': 'Whanganui', 'state': ...</msg>
<var>${json_data}</var>
<arg>${response.json()}</arg>
<doc>Returns the given values which can then be assigned to a variables.</doc>
<status status="PASS" start="2024-04-13T22:11:56.215034" elapsed="0.000466"/>
</kw>
<kw name="Dictionary Should Contain Key" owner="Collections">
<msg time="2024-04-13T22:11:56.215974" level="INFO">False</msg>
<arg>${json_data}</arg>
<arg>results</arg>
<doc>Fails if ``key`` is not found from ``dictionary``.</doc>
<status status="PASS" start="2024-04-13T22:11:56.215807" elapsed="0.000207"/>
</kw>
<status status="PASS" start="2024-04-13T22:11:55.997913" elapsed="0.218364"/>
</kw>
<doc>Testa se a API responde corretamente e retorna um objeto JSON válido.</doc>
<tag>testeRequisicaoBasica</tag>
<status status="PASS" start="2024-04-13T22:11:55.997452" elapsed="0.219037"/>
</test>
<test id="s1-s1-t3" name="Validar estrutura de resposta" line="22">
<kw name="Teste de Estrutura de Resposta" owner="random-user-service">
<kw name="GET On Session" owner="RequestsLibrary">
<msg time="2024-04-13T22:11:56.312968" level="INFO">GET Request : url=https://randomuser.me/api 
 path_url=/api 
 headers={'User-Agent': 'python-requests/2.31.0', 'Accept-Encoding': 'gzip, deflate', 'Accept': '*/*', 'Connection': 'keep-alive'} 
 body=None 
 </msg>
<msg time="2024-04-13T22:11:56.313055" level="INFO">GET Response : url=https://randomuser.me/api 
 status=200, reason=OK 
 headers={'Date': 'Sat, 13 Apr 2024 22:11:56 GMT', 'Content-Type': 'application/json; charset=utf-8', 'Transfer-Encoding': 'chunked', 'Connection': 'keep-alive', 'X-Powered-By': 'Express', 'Access-Control-Allow-Origin': '*', 'Cache-Control': 'no-cache', 'ETag': 'W/"48d-YuNyPRHCTjR0r1tb7mxQSx1uv5k"', 'Vary': 'Accept-Encoding', 'Content-Encoding': 'gzip', 'CF-Cache-Status': 'DYNAMIC', 'Report-To': '{"endpoints":[{"url":"https:\\/\\/a.nel.cloudflare.com\\/report\\/v4?s=AZR%2FB4c%2FVYNclWGYQvyaiBsiRnxPS31eI2PyDh%2FDvXs49Gz40lh%2BzqQpxN0kX8FlfvOrct2pWVC8sxXYTtEO1U74zj%2BY0SthTuog94JSpi6i03Lgpw946MFzS1LL33KS"}],"group":"cf-nel","max_age":604800}', 'NEL': '{"success_fraction":0,"report_to":"cf-nel","max_age":604800}', 'Server': 'cloudflare', 'CF-RAY': '873ecb745eec945e-SJC', 'alt-svc': 'h3=":443"; ma=86400'} 
 body={"results":[{"gender":"female","name":{"title":"Miss","first":"Zoe","last":"Abraham"},"location":{"street":{"number":1616,"name":"Oak St"},"city":"Brockton","state":"Ontario","country":"Canada","postcode":"B3H 5T8","coordinates":{"latitude":"-69.8287","longitude":"129.3173"},"timezone":{"offset":"+10:00","description":"Eastern Australia, Guam, Vladivostok"}},"email":"zoe.abraham@example.com","login":{"uuid":"f03f2a19-1238-4c8b-a246-cc1a058c2f98","username":"happyrabbit779","password":"csfbr5yy","salt":"koGXHSyj","md5":"b2f86cf6d87e7df7fc972e3fc11fb24a","sha1":"00a0d9a1f1acfed9ec38bc66fdc59a89fecc6496","sha256":"a2256c1ee4aba2e09b81996e536e6bec5bd6092fa5cb2d990de64df5c9106f0c"},"dob":{"date":"1950-06-25T21:52:42.115Z","age":73},"registered":{"date":"2015-08-31T12:56:42.607Z","age":8},"phone":"I58 E96-5990","cell":"G43 N39-0644","id":{"name":"SIN","value":"420184152"},"picture":{"large":"https://randomuser.me/api/portraits/women/4.jpg","medium":"https://randomuser.me/api/portraits/med/women/4.jpg","thumbnail":"https://randomuser.me/api/portraits/thumb/women/4.jpg"},"nat":"CA"}],"info":{"seed":"d5f6239e5007bcec","results":1,"page":1,"version":"1.4"}} 
 </msg>
<msg time="2024-04-13T22:11:56.313176" level="INFO">/opt/hostedtoolcache/Python/3.12.2/x64/lib/python3.12/site-packages/urllib3/connectionpool.py:1103: InsecureRequestWarning: Unverified HTTPS request is being made to host 'randomuser.me'. Adding certificate verification is strongly advised. See: https://urllib3.readthedocs.io/en/latest/advanced-usage.html#tls-warnings
  warnings.warn(</msg>
<msg time="2024-04-13T22:11:56.313303" level="INFO">${response} = &lt;Response [200]&gt;</msg>
<var>${response}</var>
<arg>consultarAPI</arg>
<arg>/api</arg>
<doc>Sends a GET request on a previously created HTTP Session.</doc>
<status status="PASS" start="2024-04-13T22:11:56.219140" elapsed="0.094220"/>
</kw>
<kw name="Set Variable" owner="BuiltIn">
<msg time="2024-04-13T22:11:56.314392" level="INFO">${json_data} = {'results': [{'gender': 'female', 'name': {'title': 'Miss', 'first': 'Zoe', 'last': 'Abraham'}, 'location': {'street': {'number': 1616, 'name': 'Oak St'}, 'city': 'Brockton', 'state': 'Ontario', 'coun...</msg>
<var>${json_data}</var>
<arg>${response.json()}</arg>
<doc>Returns the given values which can then be assigned to a variables.</doc>
<status status="PASS" start="2024-04-13T22:11:56.313844" elapsed="0.000576"/>
</kw>
<kw name="Log" owner="BuiltIn">
<msg time="2024-04-13T22:11:56.314899" level="INFO">{'results': [{'gender': 'female', 'name': {'title': 'Miss', 'first': 'Zoe', 'last': 'Abraham'}, 'location': {'street': {'number': 1616, 'name': 'Oak St'}, 'city': 'Brockton', 'state': 'Ontario', 'country': 'Canada', 'postcode': 'B3H 5T8', 'coordinates': {'latitude': '-69.8287', 'longitude': '129.3173'}, 'timezone': {'offset': '+10:00', 'description': 'Eastern Australia, Guam, Vladivostok'}}, 'email': 'zoe.abraham@example.com', 'login': {'uuid': 'f03f2a19-1238-4c8b-a246-cc1a058c2f98', 'username': 'happyrabbit779', 'password': 'csfbr5yy', 'salt': 'koGXHSyj', 'md5': 'b2f86cf6d87e7df7fc972e3fc11fb24a', 'sha1': '00a0d9a1f1acfed9ec38bc66fdc59a89fecc6496', 'sha256': 'a2256c1ee4aba2e09b81996e536e6bec5bd6092fa5cb2d990de64df5c9106f0c'}, 'dob': {'date': '1950-06-25T21:52:42.115Z', 'age': 73}, 'registered': {'date': '2015-08-31T12:56:42.607Z', 'age': 8}, 'phone': 'I58 E96-5990', 'cell': 'G43 N39-0644', 'id': {'name': 'SIN', 'value': '420184152'}, 'picture': {'large': 'https://randomuser.me/api/portraits/women/4.jpg', 'medium': 'https://randomuser.me/api/portraits/med/women/4.jpg', 'thumbnail': 'https://randomuser.me/api/portraits/thumb/women/4.jpg'}, 'nat': 'CA'}], 'info': {'seed': 'd5f6239e5007bcec', 'results': 1, 'page': 1, 'version': '1.4'}}</msg>
<arg>${json_data}</arg>
<doc>Logs the given message with the given level.</doc>
<status status="PASS" start="2024-04-13T22:11:56.314736" elapsed="0.000212"/>
</kw>
<kw name="Dictionary Should Contain Key" owner="Collections">
<msg time="2024-04-13T22:11:56.315423" level="INFO">False</msg>
<arg>${json_data}</arg>
<arg>results</arg>
<doc>Fails if ``key`` is not found from ``dictionary``.</doc>
<status status="PASS" start="2024-04-13T22:11:56.315262" elapsed="0.000200"/>
</kw>
<kw name="Should Not Be Empty" owner="BuiltIn">
<msg time="2024-04-13T22:11:56.315907" level="INFO">Length is 2.</msg>
<arg>${json_data}</arg>
<doc>Verifies that the given item is not empty.</doc>
<status status="PASS" start="2024-04-13T22:11:56.315767" elapsed="0.000182"/>
</kw>
<kw name="Create List" owner="BuiltIn">
<msg time="2024-04-13T22:11:56.316562" level="INFO">${expected_keys} = ['gender', 'name', 'location', 'email', 'login']</msg>
<var>${expected_keys}</var>
<arg>gender</arg>
<arg>name</arg>
<arg>location</arg>
<arg>email</arg>
<arg>login</arg>
<doc>Returns a list containing given items.</doc>
<status status="PASS" start="2024-04-13T22:11:56.316249" elapsed="0.000340"/>
</kw>
<for flavor="IN">
<iter>
<kw name="Dictionary Should Contain Key" owner="Collections">
<msg time="2024-04-13T22:11:56.317709" level="INFO">False</msg>
<arg>${json_data['results'][0]}</arg>
<arg>${key}</arg>
<doc>Fails if ``key`` is not found from ``dictionary``.</doc>
<status status="PASS" start="2024-04-13T22:11:56.317170" elapsed="0.000579"/>
</kw>
<kw name="Log" owner="BuiltIn">
<msg time="2024-04-13T22:11:56.318428" level="INFO">{'gender': 'female', 'name': {'title': 'Miss', 'first': 'Zoe', 'last': 'Abraham'}, 'location': {'street': {'number': 1616, 'name': 'Oak St'}, 'city': 'Brockton', 'state': 'Ontario', 'country': 'Canada', 'postcode': 'B3H 5T8', 'coordinates': {'latitude': '-69.8287', 'longitude': '129.3173'}, 'timezone': {'offset': '+10:00', 'description': 'Eastern Australia, Guam, Vladivostok'}}, 'email': 'zoe.abraham@example.com', 'login': {'uuid': 'f03f2a19-1238-4c8b-a246-cc1a058c2f98', 'username': 'happyrabbit779', 'password': 'csfbr5yy', 'salt': 'koGXHSyj', 'md5': 'b2f86cf6d87e7df7fc972e3fc11fb24a', 'sha1': '00a0d9a1f1acfed9ec38bc66fdc59a89fecc6496', 'sha256': 'a2256c1ee4aba2e09b81996e536e6bec5bd6092fa5cb2d990de64df5c9106f0c'}, 'dob': {'date': '1950-06-25T21:52:42.115Z', 'age': 73}, 'registered': {'date': '2015-08-31T12:56:42.607Z', 'age': 8}, 'phone': 'I58 E96-5990', 'cell': 'G43 N39-0644', 'id': {'name': 'SIN', 'value': '420184152'}, 'picture': {'large': 'https://randomuser.me/api/portraits/women/4.jpg', 'medium': 'https://randomuser.me/api/portraits/med/women/4.jpg', 'thumbnail': 'https://randomuser.me/api/portraits/thumb/women/4.jpg'}, 'nat': 'CA'}</msg>
<arg>${json_data['results'][0]}</arg>
<doc>Logs the given message with the given level.</doc>
<status status="PASS" start="2024-04-13T22:11:56.318059" elapsed="0.000418"/>
</kw>
<kw name="Log" owner="BuiltIn">
<msg time="2024-04-13T22:11:56.318915" level="INFO">gender</msg>
<arg>${key}</arg>
<doc>Logs the given message with the given level.</doc>
<status status="PASS" start="2024-04-13T22:11:56.318784" elapsed="0.000170"/>
</kw>
<var name="${key}">gender</var>
<status status="PASS" start="2024-04-13T22:11:56.317043" elapsed="0.002128"/>
</iter>
<iter>
<kw name="Dictionary Should Contain Key" owner="Collections">
<msg time="2024-04-13T22:11:56.319866" level="INFO">False</msg>
<arg>${json_data['results'][0]}</arg>
<arg>${key}</arg>
<doc>Fails if ``key`` is not found from ``dictionary``.</doc>
<status status="PASS" start="2024-04-13T22:11:56.319479" elapsed="0.000425"/>
</kw>
<kw name="Log" owner="BuiltIn">
<msg time="2024-04-13T22:11:56.320631" level="INFO">{'gender': 'female', 'name': {'title': 'Miss', 'first': 'Zoe', 'last': 'Abraham'}, 'location': {'street': {'number': 1616, 'name': 'Oak St'}, 'city': 'Brockton', 'state': 'Ontario', 'country': 'Canada', 'postcode': 'B3H 5T8', 'coordinates': {'latitude': '-69.8287', 'longitude': '129.3173'}, 'timezone': {'offset': '+10:00', 'description': 'Eastern Australia, Guam, Vladivostok'}}, 'email': 'zoe.abraham@example.com', 'login': {'uuid': 'f03f2a19-1238-4c8b-a246-cc1a058c2f98', 'username': 'happyrabbit779', 'password': 'csfbr5yy', 'salt': 'koGXHSyj', 'md5': 'b2f86cf6d87e7df7fc972e3fc11fb24a', 'sha1': '00a0d9a1f1acfed9ec38bc66fdc59a89fecc6496', 'sha256': 'a2256c1ee4aba2e09b81996e536e6bec5bd6092fa5cb2d990de64df5c9106f0c'}, 'dob': {'date': '1950-06-25T21:52:42.115Z', 'age': 73}, 'registered': {'date': '2015-08-31T12:56:42.607Z', 'age': 8}, 'phone': 'I58 E96-5990', 'cell': 'G43 N39-0644', 'id': {'name': 'SIN', 'value': '420184152'}, 'picture': {'large': 'https://randomuser.me/api/portraits/women/4.jpg', 'medium': 'https://randomuser.me/api/portraits/med/women/4.jpg', 'thumbnail': 'https://randomuser.me/api/portraits/thumb/women/4.jpg'}, 'nat': 'CA'}</msg>
<arg>${json_data['results'][0]}</arg>
<doc>Logs the given message with the given level.</doc>
<status status="PASS" start="2024-04-13T22:11:56.320236" elapsed="0.000444"/>
</kw>
<kw name="Log" owner="BuiltIn">
<msg time="2024-04-13T22:11:56.321112" level="INFO">name</msg>
<arg>${key}</arg>
<doc>Logs the given message with the given level.</doc>
<status status="PASS" start="2024-04-13T22:11:56.320984" elapsed="0.000167"/>
</kw>
<var name="${key}">name</var>
<status status="PASS" start="2024-04-13T22:11:56.319357" elapsed="0.002010"/>
</iter>
<iter>
<kw name="Dictionary Should Contain Key" owner="Collections">
<msg time="2024-04-13T22:11:56.322044" level="INFO">False</msg>
<arg>${json_data['results'][0]}</arg>
<arg>${key}</arg>
<doc>Fails if ``key`` is not found from ``dictionary``.</doc>
<status status="PASS" start="2024-04-13T22:11:56.321659" elapsed="0.000423"/>
</kw>
<kw name="Log" owner="BuiltIn">
<msg time="2024-04-13T22:11:56.322742" level="INFO">{'gender': 'female', 'name': {'title': 'Miss', 'first': 'Zoe', 'last': 'Abraham'}, 'location': {'street': {'number': 1616, 'name': 'Oak St'}, 'city': 'Brockton', 'state': 'Ontario', 'country': 'Canada', 'postcode': 'B3H 5T8', 'coordinates': {'latitude': '-69.8287', 'longitude': '129.3173'}, 'timezone': {'offset': '+10:00', 'description': 'Eastern Australia, Guam, Vladivostok'}}, 'email': 'zoe.abraham@example.com', 'login': {'uuid': 'f03f2a19-1238-4c8b-a246-cc1a058c2f98', 'username': 'happyrabbit779', 'password': 'csfbr5yy', 'salt': 'koGXHSyj', 'md5': 'b2f86cf6d87e7df7fc972e3fc11fb24a', 'sha1': '00a0d9a1f1acfed9ec38bc66fdc59a89fecc6496', 'sha256': 'a2256c1ee4aba2e09b81996e536e6bec5bd6092fa5cb2d990de64df5c9106f0c'}, 'dob': {'date': '1950-06-25T21:52:42.115Z', 'age': 73}, 'registered': {'date': '2015-08-31T12:56:42.607Z', 'age': 8}, 'phone': 'I58 E96-5990', 'cell': 'G43 N39-0644', 'id': {'name': 'SIN', 'value': '420184152'}, 'picture': {'large': 'https://randomuser.me/api/portraits/women/4.jpg', 'medium': 'https://randomuser.me/api/portraits/med/women/4.jpg', 'thumbnail': 'https://randomuser.me/api/portraits/thumb/women/4.jpg'}, 'nat': 'CA'}</msg>
<arg>${json_data['results'][0]}</arg>
<doc>Logs the given message with the given level.</doc>
<status status="PASS" start="2024-04-13T22:11:56.322382" elapsed="0.000407"/>
</kw>
<kw name="Log" owner="BuiltIn">
<msg time="2024-04-13T22:11:56.323214" level="INFO">location</msg>
<arg>${key}</arg>
<doc>Logs the given message with the given level.</doc>
<status status="PASS" start="2024-04-13T22:11:56.323088" elapsed="0.000164"/>
</kw>
<var name="${key}">location</var>
<status status="PASS" start="2024-04-13T22:11:56.321547" elapsed="0.001922"/>
</iter>
<iter>
<kw name="Dictionary Should Contain Key" owner="Collections">
<msg time="2024-04-13T22:11:56.324131" level="INFO">False</msg>
<arg>${json_data['results'][0]}</arg>
<arg>${key}</arg>
<doc>Fails if ``key`` is not found from ``dictionary``.</doc>
<status status="PASS" start="2024-04-13T22:11:56.323755" elapsed="0.000414"/>
</kw>
<kw name="Log" owner="BuiltIn">
<msg time="2024-04-13T22:11:56.324866" level="INFO">{'gender': 'female', 'name': {'title': 'Miss', 'first': 'Zoe', 'last': 'Abraham'}, 'location': {'street': {'number': 1616, 'name': 'Oak St'}, 'city': 'Brockton', 'state': 'Ontario', 'country': 'Canada', 'postcode': 'B3H 5T8', 'coordinates': {'latitude': '-69.8287', 'longitude': '129.3173'}, 'timezone': {'offset': '+10:00', 'description': 'Eastern Australia, Guam, Vladivostok'}}, 'email': 'zoe.abraham@example.com', 'login': {'uuid': 'f03f2a19-1238-4c8b-a246-cc1a058c2f98', 'username': 'happyrabbit779', 'password': 'csfbr5yy', 'salt': 'koGXHSyj', 'md5': 'b2f86cf6d87e7df7fc972e3fc11fb24a', 'sha1': '00a0d9a1f1acfed9ec38bc66fdc59a89fecc6496', 'sha256': 'a2256c1ee4aba2e09b81996e536e6bec5bd6092fa5cb2d990de64df5c9106f0c'}, 'dob': {'date': '1950-06-25T21:52:42.115Z', 'age': 73}, 'registered': {'date': '2015-08-31T12:56:42.607Z', 'age': 8}, 'phone': 'I58 E96-5990', 'cell': 'G43 N39-0644', 'id': {'name': 'SIN', 'value': '420184152'}, 'picture': {'large': 'https://randomuser.me/api/portraits/women/4.jpg', 'medium': 'https://randomuser.me/api/portraits/med/women/4.jpg', 'thumbnail': 'https://randomuser.me/api/portraits/thumb/women/4.jpg'}, 'nat': 'CA'}</msg>
<arg>${json_data['results'][0]}</arg>
<doc>Logs the given message with the given level.</doc>
<status status="PASS" start="2024-04-13T22:11:56.324498" elapsed="0.000415"/>
</kw>
<kw name="Log" owner="BuiltIn">
<msg time="2024-04-13T22:11:56.325343" level="INFO">email</msg>
<arg>${key}</arg>
<doc>Logs the given message with the given level.</doc>
<status status="PASS" start="2024-04-13T22:11:56.325208" elapsed="0.000173"/>
</kw>
<var name="${key}">email</var>
<status status="PASS" start="2024-04-13T22:11:56.323645" elapsed="0.001951"/>
</iter>
<iter>
<kw name="Dictionary Should Contain Key" owner="Collections">
<msg time="2024-04-13T22:11:56.326264" level="INFO">False</msg>
<arg>${json_data['results'][0]}</arg>
<arg>${key}</arg>
<doc>Fails if ``key`` is not found from ``dictionary``.</doc>
<status status="PASS" start="2024-04-13T22:11:56.325886" elapsed="0.000414"/>
</kw>
<kw name="Log" owner="BuiltIn">
<msg time="2024-04-13T22:11:56.326957" level="INFO">{'gender': 'female', 'name': {'title': 'Miss', 'first': 'Zoe', 'last': 'Abraham'}, 'location': {'street': {'number': 1616, 'name': 'Oak St'}, 'city': 'Brockton', 'state': 'Ontario', 'country': 'Canada', 'postcode': 'B3H 5T8', 'coordinates': {'latitude': '-69.8287', 'longitude': '129.3173'}, 'timezone': {'offset': '+10:00', 'description': 'Eastern Australia, Guam, Vladivostok'}}, 'email': 'zoe.abraham@example.com', 'login': {'uuid': 'f03f2a19-1238-4c8b-a246-cc1a058c2f98', 'username': 'happyrabbit779', 'password': 'csfbr5yy', 'salt': 'koGXHSyj', 'md5': 'b2f86cf6d87e7df7fc972e3fc11fb24a', 'sha1': '00a0d9a1f1acfed9ec38bc66fdc59a89fecc6496', 'sha256': 'a2256c1ee4aba2e09b81996e536e6bec5bd6092fa5cb2d990de64df5c9106f0c'}, 'dob': {'date': '1950-06-25T21:52:42.115Z', 'age': 73}, 'registered': {'date': '2015-08-31T12:56:42.607Z', 'age': 8}, 'phone': 'I58 E96-5990', 'cell': 'G43 N39-0644', 'id': {'name': 'SIN', 'value': '420184152'}, 'picture': {'large': 'https://randomuser.me/api/portraits/women/4.jpg', 'medium': 'https://randomuser.me/api/portraits/med/women/4.jpg', 'thumbnail': 'https://randomuser.me/api/portraits/thumb/women/4.jpg'}, 'nat': 'CA'}</msg>
<arg>${json_data['results'][0]}</arg>
<doc>Logs the given message with the given level.</doc>
<status status="PASS" start="2024-04-13T22:11:56.326592" elapsed="0.000412"/>
</kw>
<kw name="Log" owner="BuiltIn">
<msg time="2024-04-13T22:11:56.327425" level="INFO">login</msg>
<arg>${key}</arg>
<doc>Logs the given message with the given level.</doc>
<status status="PASS" start="2024-04-13T22:11:56.327298" elapsed="0.000165"/>
</kw>
<var name="${key}">login</var>
<status status="PASS" start="2024-04-13T22:11:56.325769" elapsed="0.001933"/>
</iter>
<var>${key}</var>
<value>@{expected_keys}</value>
<status status="PASS" start="2024-04-13T22:11:56.316857" elapsed="0.010972"/>
</for>
<kw name="Create List" owner="BuiltIn">
<msg time="2024-04-13T22:11:56.328169" level="INFO">${expected_keysTwo} = ['username', 'password']</msg>
<var>${expected_keysTwo}</var>
<arg>username</arg>
<arg>password</arg>
<doc>Returns a list containing given items.</doc>
<status status="PASS" start="2024-04-13T22:11:56.328034" elapsed="0.000159"/>
</kw>
<for flavor="IN">
<iter>
<kw name="Dictionary Should Contain Key" owner="Collections">
<msg time="2024-04-13T22:11:56.329108" level="INFO">False</msg>
<arg>${json_data['results'][0]['login']}</arg>
<arg>${keyTwo}</arg>
<doc>Fails if ``key`` is not found from ``dictionary``.</doc>
<status status="PASS" start="2024-04-13T22:11:56.328722" elapsed="0.000422"/>
</kw>
<kw name="Dictionary Should Contain Key" owner="Collections">
<msg time="2024-04-13T22:11:56.329826" level="INFO">False</msg>
<arg>${json_data['results'][0]['login']}</arg>
<arg>${keyTwo}</arg>
<doc>Fails if ``key`` is not found from ``dictionary``.</doc>
<status status="PASS" start="2024-04-13T22:11:56.329438" elapsed="0.000426"/>
</kw>
<kw name="Log" owner="BuiltIn">
<msg time="2024-04-13T22:11:56.330280" level="INFO">username</msg>
<arg>${keyTwo}</arg>
<doc>Logs the given message with the given level.</doc>
<status status="PASS" start="2024-04-13T22:11:56.330156" elapsed="0.000161"/>
</kw>
<var name="${keyTwo}">username</var>
<status status="PASS" start="2024-04-13T22:11:56.328612" elapsed="0.001918"/>
</iter>
<iter>
<kw name="Dictionary Should Contain Key" owner="Collections">
<msg time="2024-04-13T22:11:56.331197" level="INFO">False</msg>
<arg>${json_data['results'][0]['login']}</arg>
<arg>${keyTwo}</arg>
<doc>Fails if ``key`` is not found from ``dictionary``.</doc>
<status status="PASS" start="2024-04-13T22:11:56.330811" elapsed="0.000423"/>
</kw>
<kw name="Dictionary Should Contain Key" owner="Collections">
<msg time="2024-04-13T22:11:56.331988" level="INFO">False</msg>
<arg>${json_data['results'][0]['login']}</arg>
<arg>${keyTwo}</arg>
<doc>Fails if ``key`` is not found from ``dictionary``.</doc>
<status status="PASS" start="2024-04-13T22:11:56.331532" elapsed="0.000494"/>
</kw>
<kw name="Log" owner="BuiltIn">
<msg time="2024-04-13T22:11:56.332471" level="INFO">password</msg>
<arg>${keyTwo}</arg>
<doc>Logs the given message with the given level.</doc>
<status status="PASS" start="2024-04-13T22:11:56.332322" elapsed="0.000201"/>
</kw>
<var name="${keyTwo}">password</var>
<status status="PASS" start="2024-04-13T22:11:56.330702" elapsed="0.002044"/>
</iter>
<var>${keyTwo}</var>
<value>@{expected_keysTwo}</value>
<status status="PASS" start="2024-04-13T22:11:56.328429" elapsed="0.004439"/>
</for>
<status status="PASS" start="2024-04-13T22:11:56.218897" elapsed="0.114110"/>
</kw>
<doc>Testa a estrutura da resposta da API.</doc>
<tag>testeEstruturaResposta</tag>
<status status="PASS" start="2024-04-13T22:11:56.218316" elapsed="0.114844"/>
</test>
<test id="s1-s1-t4" name="Validar tipos de dados" line="28">
<kw name="Teste de Tipos de Dados" owner="random-user-service">
<kw name="GET On Session" owner="RequestsLibrary">
<msg time="2024-04-13T22:11:56.421754" level="INFO">GET Request : url=https://randomuser.me/api 
 path_url=/api 
 headers={'User-Agent': 'python-requests/2.31.0', 'Accept-Encoding': 'gzip, deflate', 'Accept': '*/*', 'Connection': 'keep-alive'} 
 body=None 
 </msg>
<msg time="2024-04-13T22:11:56.421816" level="INFO">GET Response : url=https://randomuser.me/api 
 status=200, reason=OK 
 headers={'Date': 'Sat, 13 Apr 2024 22:11:56 GMT', 'Content-Type': 'application/json; charset=utf-8', 'Transfer-Encoding': 'chunked', 'Connection': 'keep-alive', 'X-Powered-By': 'Express', 'Access-Control-Allow-Origin': '*', 'Cache-Control': 'no-cache', 'ETag': 'W/"4a1-TYnVW+qSknWmdpUZRhhlmIrxNP0"', 'Vary': 'Accept-Encoding', 'Content-Encoding': 'gzip', 'CF-Cache-Status': 'DYNAMIC', 'Report-To': '{"endpoints":[{"url":"https:\\/\\/a.nel.cloudflare.com\\/report\\/v4?s=9VaTIkDZ9hOBf0D18xkC5dURDViqtYTnahrt3LkuHExkgVwtyKo34uVC8I2Y8NpCoGCkXdqlN4N%2BqKVQA9sJz77OvxwmcxmtOlLPTq1klvVcwN0FXnqOwwqwdKbhjX%2Fh"}],"group":"cf-nel","max_age":604800}', 'NEL': '{"success_fraction":0,"report_to":"cf-nel","max_age":604800}', 'Server': 'cloudflare', 'CF-RAY': '873ecb751f59945e-SJC', 'alt-svc': 'h3=":443"; ma=86400'} 
 body={"results":[{"gender":"female","name":{"title":"Ms","first":"Hannah","last":"Walker"},"location":{"street":{"number":7375,"name":"Lakeshore Rd"},"city":"Norfolk","state":"Colorado","country":"United States","postcode":56256,"coordinates":{"latitude":"83.7138","longitude":"105.5088"},"timezone":{"offset":"+10:00","description":"Eastern Australia, Guam, Vladivostok"}},"email":"hannah.walker@example.com","login":{"uuid":"6effb691-8fbd-4cc3-ae4b-869d4ecfa46e","username":"silverleopard488","password":"doubled","salt":"8T2WUoy3","md5":"356ca67e9a5a069c9fe66cc8527b9918","sha1":"5f46f72808081b0a133ce8ff700269f73a575564","sha256":"52629e8bb40f9d3553909a268828888e642248b8202a3558d20396e6e9d3023b"},"dob":{"date":"1977-11-10T23:08:17.417Z","age":46},"registered":{"date":"2019-07-22T22:49:46.628Z","age":4},"phone":"(979) 723-9983","cell":"(910) 333-8672","id":{"name":"SSN","value":"014-67-9871"},"picture":{"large":"https://randomuser.me/api/portraits/women/29.jpg","medium":"https://randomuser.me/api/portraits/med/women/29.jpg","thumbnail":"https://randomuser.me/api/portraits/thumb/women/29.jpg"},"nat":"US"}],"info":{"seed":"28abd2d485f2303b","results":1,"page":1,"version":"1.4"}} 
 </msg>
<msg time="2024-04-13T22:11:56.421870" level="INFO">/opt/hostedtoolcache/Python/3.12.2/x64/lib/python3.12/site-packages/urllib3/connectionpool.py:1103: InsecureRequestWarning: Unverified HTTPS request is being made to host 'randomuser.me'. Adding certificate verification is strongly advised. See: https://urllib3.readthedocs.io/en/latest/advanced-usage.html#tls-warnings
  warnings.warn(</msg>
<msg time="2024-04-13T22:11:56.421956" level="INFO">${response} = &lt;Response [200]&gt;</msg>
<var>${response}</var>
<arg>consultarAPI</arg>
<arg>/api</arg>
<doc>Sends a GET request on a previously created HTTP Session.</doc>
<status status="PASS" start="2024-04-13T22:11:56.335687" elapsed="0.086310"/>
</kw>
<kw name="Set Variable" owner="BuiltIn">
<msg time="2024-04-13T22:11:56.422988" level="INFO">${json_data} = {'results': [{'gender': 'female', 'name': {'title': 'Ms', 'first': 'Hannah', 'last': 'Walker'}, 'location': {'street': {'number': 7375, 'name': 'Lakeshore Rd'}, 'city': 'Norfolk', 'state': 'Colorado',...</msg>
<var>${json_data}</var>
<arg>${response.json()}</arg>
<doc>Returns the given values which can then be assigned to a variables.</doc>
<status status="PASS" start="2024-04-13T22:11:56.422438" elapsed="0.000578"/>
</kw>
<kw name="Log" owner="BuiltIn">
<msg time="2024-04-13T22:11:56.423485" level="INFO">{'results': [{'gender': 'female', 'name': {'title': 'Ms', 'first': 'Hannah', 'last': 'Walker'}, 'location': {'street': {'number': 7375, 'name': 'Lakeshore Rd'}, 'city': 'Norfolk', 'state': 'Colorado', 'country': 'United States', 'postcode': 56256, 'coordinates': {'latitude': '83.7138', 'longitude': '105.5088'}, 'timezone': {'offset': '+10:00', 'description': 'Eastern Australia, Guam, Vladivostok'}}, 'email': 'hannah.walker@example.com', 'login': {'uuid': '6effb691-8fbd-4cc3-ae4b-869d4ecfa46e', 'username': 'silverleopard488', 'password': 'doubled', 'salt': '8T2WUoy3', 'md5': '356ca67e9a5a069c9fe66cc8527b9918', 'sha1': '5f46f72808081b0a133ce8ff700269f73a575564', 'sha256': '52629e8bb40f9d3553909a268828888e642248b8202a3558d20396e6e9d3023b'}, 'dob': {'date': '1977-11-10T23:08:17.417Z', 'age': 46}, 'registered': {'date': '2019-07-22T22:49:46.628Z', 'age': 4}, 'phone': '(979) 723-9983', 'cell': '(910) 333-8672', 'id': {'name': 'SSN', 'value': '014-67-9871'}, 'picture': {'large': 'https://randomuser.me/api/portraits/women/29.jpg', 'medium': 'https://randomuser.me/api/portraits/med/women/29.jpg', 'thumbnail': 'https://randomuser.me/api/portraits/thumb/women/29.jpg'}, 'nat': 'US'}], 'info': {'seed': '28abd2d485f2303b', 'results': 1, 'page': 1, 'version': '1.4'}}</msg>
<arg>${json_data}</arg>
<doc>Logs the given message with the given level.</doc>
<status status="PASS" start="2024-04-13T22:11:56.423323" elapsed="0.000241"/>
</kw>
<kw name="Should Be String" owner="String">
<arg>${json_data['results'][0]['gender']}</arg>
<doc>Fails if the given ``item`` is not a string.</doc>
<status status="PASS" start="2024-04-13T22:11:56.423870" elapsed="0.000366"/>
</kw>
<kw name="Should Match Regexp" owner="BuiltIn">
<arg>${json_data['results'][0]['email']}</arg>
<arg>^[a-zA-Z0-9._%+-]+@[a-zA-Z0-9.-]+\.[a-zA-Z]{2,}$</arg>
<doc>Fails if ``string`` does not match ``pattern`` as a regular expression.</doc>
<status status="PASS" start="2024-04-13T22:11:56.424429" elapsed="0.000545"/>
</kw>
<kw name="Should Match Regexp" owner="BuiltIn">
<arg>${json_data['results'][0]['dob']['date']}</arg>
<arg>\\d{4}-\\d{2}-\\d{2}T\\d{2}:\\d{2}:\\d{2}\\.\\d{3}Z</arg>
<doc>Fails if ``string`` does not match ``pattern`` as a regular expression.</doc>
<status status="PASS" start="2024-04-13T22:11:56.425174" elapsed="0.000483"/>
</kw>
<kw name="Should Match Regexp" owner="BuiltIn">
<arg>${json_data['results'][0]['registered']['date']}</arg>
<arg>\\d{4}-\\d{2}-\\d{2}T\\d{2}:\\d{2}:\\d{2}\\.\\d{3}Z</arg>
<doc>Fails if ``string`` does not match ``pattern`` as a regular expression.</doc>
<status status="PASS" start="2024-04-13T22:11:56.425850" elapsed="0.000372"/>
</kw>
<kw name="Should Match Regexp" owner="BuiltIn">
<arg>${json_data['results'][0]['picture']['large']}</arg>
<arg>^https?://.*\.(?:png|jpe?g|gif|bmp)$</arg>
<doc>Fails if ``string`` does not match ``pattern`` as a regular expression.</doc>
<status status="PASS" start="2024-04-13T22:11:56.426406" elapsed="0.000451"/>
</kw>
<kw name="Should Match Regexp" owner="BuiltIn">
<arg>${json_data['results'][0]['picture']['medium']}</arg>
<arg>^https?://.*\.(?:png|jpe?g|gif|bmp)$</arg>
<doc>Fails if ``string`` does not match ``pattern`` as a regular expression.</doc>
<status status="PASS" start="2024-04-13T22:11:56.427047" elapsed="0.000350"/>
</kw>
<kw name="Should Match Regexp" owner="BuiltIn">
<arg>${json_data['results'][0]['picture']['thumbnail']}</arg>
<arg>^https?://.*\.(?:png|jpe?g|gif|bmp)$</arg>
<doc>Fails if ``string`` does not match ``pattern`` as a regular expression.</doc>
<status status="PASS" start="2024-04-13T22:11:56.427586" elapsed="0.000356"/>
</kw>
<kw name="Log" owner="BuiltIn">
<msg time="2024-04-13T22:11:56.428467" level="INFO">{'large': 'https://randomuser.me/api/portraits/women/29.jpg', 'medium': 'https://randomuser.me/api/portraits/med/women/29.jpg', 'thumbnail': 'https://randomuser.me/api/portraits/thumb/women/29.jpg'}</msg>
<arg>${json_data['results'][0]['picture']}</arg>
<doc>Logs the given message with the given level.</doc>
<status status="PASS" start="2024-04-13T22:11:56.428123" elapsed="0.000393"/>
</kw>
<status status="PASS" start="2024-04-13T22:11:56.335464" elapsed="0.093313"/>
</kw>
<kw name="Teste de Tipos de Dados - Postcode" owner="random-user-service">
<kw name="GET On Session" owner="RequestsLibrary">
<msg time="2024-04-13T22:11:56.590906" level="INFO">GET Request : url=https://randomuser.me/api 
 path_url=/api 
 headers={'User-Agent': 'python-requests/2.31.0', 'Accept-Encoding': 'gzip, deflate', 'Accept': '*/*', 'Connection': 'keep-alive'} 
 body=None 
 </msg>
<msg time="2024-04-13T22:11:56.590993" level="INFO">GET Response : url=https://randomuser.me/api 
 status=200, reason=OK 
 headers={'Date': 'Sat, 13 Apr 2024 22:11:56 GMT', 'Content-Type': 'application/json; charset=utf-8', 'Transfer-Encoding': 'chunked', 'Connection': 'keep-alive', 'X-Powered-By': 'Express', 'Access-Control-Allow-Origin': '*', 'Cache-Control': 'no-cache', 'ETag': 'W/"4a1-q+jkGbCm/VPztUeb6KX6U1Hfzzo"', 'Vary': 'Accept-Encoding', 'Content-Encoding': 'gzip', 'CF-Cache-Status': 'DYNAMIC', 'Report-To': '{"endpoints":[{"url":"https:\\/\\/a.nel.cloudflare.com\\/report\\/v4?s=CP6Hq452ynXjgHibjnxysSUa3ehGtAHq%2FI6rl44zJ80MMUEtN2e2Al%2BSUS%2FwV83YuC8iI41scmbPJ9XyxpOsewGr%2FhzYrq6pjLarj8ZpVNkPS%2F6M4NoVrVCa%2BdT8DZ5K"}],"group":"cf-nel","max_age":604800}', 'NEL': '{"success_fraction":0,"report_to":"cf-nel","max_age":604800}', 'Server': 'cloudflare', 'CF-RAY': '873ecb75afdc945e-SJC', 'alt-svc': 'h3=":443"; ma=86400'} 
 body={"results":[{"gender":"female","name":{"title":"Mrs","first":"Rosenei","last":"Nunes"},"location":{"street":{"number":438,"name":"Rua Vinte E Um"},"city":"Governador Valadares","state":"Rondônia","country":"Brazil","postcode":21804,"coordinates":{"latitude":"-80.2073","longitude":"129.8038"},"timezone":{"offset":"-7:00","description":"Mountain Time (US &amp; Canada)"}},"email":"rosenei.nunes@example.com","login":{"uuid":"db620f5c-2b74-47f1-be0c-d186248fd396","username":"silverswan198","password":"112233","salt":"RDrD0f94","md5":"d390c0f0881a4173f79f3cefd8f6956c","sha1":"50720b8f2c9ecab43ecd14b709b01e11a9ad0083","sha256":"4d6814a00d53d5fefd75beb39fd71663376dc4d03996d1e9a975d8ea823f04f8"},"dob":{"date":"1976-01-05T19:13:23.928Z","age":48},"registered":{"date":"2010-12-28T08:51:04.353Z","age":13},"phone":"(25) 9825-3779","cell":"(04) 1390-7154","id":{"name":"CPF","value":"669.443.152-10"},"picture":{"large":"https://randomuser.me/api/portraits/women/15.jpg","medium":"https://randomuser.me/api/portraits/med/women/15.jpg","thumbnail":"https://randomuser.me/api/portraits/thumb/women/15.jpg"},"nat":"BR"}],"info":{"seed":"b17038407f783562","results":1,"page":1,"version":"1.4"}} 
 </msg>
<msg time="2024-04-13T22:11:56.591056" level="INFO">/opt/hostedtoolcache/Python/3.12.2/x64/lib/python3.12/site-packages/urllib3/connectionpool.py:1103: InsecureRequestWarning: Unverified HTTPS request is being made to host 'randomuser.me'. Adding certificate verification is strongly advised. See: https://urllib3.readthedocs.io/en/latest/advanced-usage.html#tls-warnings
  warnings.warn(</msg>
<msg time="2024-04-13T22:11:56.591141" level="INFO">${response} = &lt;Response [200]&gt;</msg>
<var>${response}</var>
<arg>consultarAPI</arg>
<arg>/api</arg>
<doc>Sends a GET request on a previously created HTTP Session.</doc>
<status status="PASS" start="2024-04-13T22:11:56.429223" elapsed="0.162045"/>
</kw>
<kw name="Set Variable" owner="BuiltIn">
<msg time="2024-04-13T22:11:56.592086" level="INFO">${json_data} = {'results': [{'gender': 'female', 'name': {'title': 'Mrs', 'first': 'Rosenei', 'last': 'Nunes'}, 'location': {'street': {'number': 438, 'name': 'Rua Vinte E Um'}, 'city': 'Governador Valadares', 'stat...</msg>
<var>${json_data}</var>
<arg>${response.json()}</arg>
<doc>Returns the given values which can then be assigned to a variables.</doc>
<status status="PASS" start="2024-04-13T22:11:56.591621" elapsed="0.000493"/>
</kw>
<kw name="Log" owner="BuiltIn">
<msg time="2024-04-13T22:11:56.592625" level="INFO">{'results': [{'gender': 'female', 'name': {'title': 'Mrs', 'first': 'Rosenei', 'last': 'Nunes'}, 'location': {'street': {'number': 438, 'name': 'Rua Vinte E Um'}, 'city': 'Governador Valadares', 'state': 'Rondônia', 'country': 'Brazil', 'postcode': 21804, 'coordinates': {'latitude': '-80.2073', 'longitude': '129.8038'}, 'timezone': {'offset': '-7:00', 'description': 'Mountain Time (US &amp; Canada)'}}, 'email': 'rosenei.nunes@example.com', 'login': {'uuid': 'db620f5c-2b74-47f1-be0c-d186248fd396', 'username': 'silverswan198', 'password': '112233', 'salt': 'RDrD0f94', 'md5': 'd390c0f0881a4173f79f3cefd8f6956c', 'sha1': '50720b8f2c9ecab43ecd14b709b01e11a9ad0083', 'sha256': '4d6814a00d53d5fefd75beb39fd71663376dc4d03996d1e9a975d8ea823f04f8'}, 'dob': {'date': '1976-01-05T19:13:23.928Z', 'age': 48}, 'registered': {'date': '2010-12-28T08:51:04.353Z', 'age': 13}, 'phone': '(25) 9825-3779', 'cell': '(04) 1390-7154', 'id': {'name': 'CPF', 'value': '669.443.152-10'}, 'picture': {'large': 'https://randomuser.me/api/portraits/women/15.jpg', 'medium': 'https://randomuser.me/api/portraits/med/women/15.jpg', 'thumbnail': 'https://randomuser.me/api/portraits/thumb/women/15.jpg'}, 'nat': 'BR'}], 'info': {'seed': 'b17038407f783562', 'results': 1, 'page': 1, 'version': '1.4'}}</msg>
<arg>${json_data}</arg>
<doc>Logs the given message with the given level.</doc>
<status status="PASS" start="2024-04-13T22:11:56.592426" elapsed="0.000282"/>
</kw>
<kw name="Should Be Equal As Numbers" owner="BuiltIn">
<arg>${json_data['results'][0]['location']['postcode']}</arg>
<arg>${json_data['results'][0]['location']['postcode']}</arg>
<doc>Fails if objects are unequal after converting them to real numbers.</doc>
<status status="PASS" start="2024-04-13T22:11:56.593016" elapsed="0.000739"/>
</kw>
<kw name="Log" owner="BuiltIn">
<msg time="2024-04-13T22:11:56.594289" level="INFO">21804</msg>
<arg>${json_data['results'][0]['location']['postcode']}</arg>
<doc>Logs the given message with the given level.</doc>
<status status="PASS" start="2024-04-13T22:11:56.593951" elapsed="0.000378"/>
</kw>
<status status="PASS" start="2024-04-13T22:11:56.428993" elapsed="0.165589"/>
</kw>
<doc>Testa se os tipos de dados na resposta da API estão corretos.</doc>
<tag>testeTiposDados</tag>
<status status="PASS" start="2024-04-13T22:11:56.334925" elapsed="0.259818"/>
</test>
<test id="s1-s1-t5" name="Validar conteudo" line="35">
<kw name="Teste de Tipos de Conteudo" owner="random-user-service">
<kw name="GET On Session" owner="RequestsLibrary">
<msg time="2024-04-13T22:11:56.917229" level="INFO">GET Request : url=https://randomuser.me/api 
 path_url=/api 
 headers={'User-Agent': 'python-requests/2.31.0', 'Accept-Encoding': 'gzip, deflate', 'Accept': '*/*', 'Connection': 'keep-alive'} 
 body=None 
 </msg>
<msg time="2024-04-13T22:11:56.917317" level="INFO">GET Response : url=https://randomuser.me/api 
 status=200, reason=OK 
 headers={'Date': 'Sat, 13 Apr 2024 22:11:56 GMT', 'Content-Type': 'application/json; charset=utf-8', 'Transfer-Encoding': 'chunked', 'Connection': 'keep-alive', 'X-Powered-By': 'Express', 'Access-Control-Allow-Origin': '*', 'Cache-Control': 'no-cache', 'ETag': 'W/"491-3YlpBXnvvFgfrTSa/Tt4fYwjaZU"', 'Vary': 'Accept-Encoding', 'Content-Encoding': 'gzip', 'CF-Cache-Status': 'DYNAMIC', 'Report-To': '{"endpoints":[{"url":"https:\\/\\/a.nel.cloudflare.com\\/report\\/v4?s=JCZACrO9NOFX7puoOfU887KDPRbZ1bYcGcaWSXlfRJJ8N9zJ5nAHuueAQWgtvPTApQo2sWIBkJ2BjhDeyC0NZIRv2YRy1nbEBAPmsLopx%2BCOmzyi%2BLEg2vge8oJ6xnTK"}],"group":"cf-nel","max_age":604800}', 'NEL': '{"success_fraction":0,"report_to":"cf-nel","max_age":604800}', 'Server': 'cloudflare', 'CF-RAY': '873ecb76b8a6945e-SJC', 'alt-svc': 'h3=":443"; ma=86400'} 
 body={"results":[{"gender":"female","name":{"title":"Ms","first":"Vlatka","last":"Anđelić"},"location":{"street":{"number":8922,"name":"Nepoljska"},"city":"Kovin","state":"Moravica","country":"Serbia","postcode":44882,"coordinates":{"latitude":"61.1803","longitude":"112.2295"},"timezone":{"offset":"+1:00","description":"Brussels, Copenhagen, Madrid, Paris"}},"email":"vlatka.andelic@example.com","login":{"uuid":"f0f7e955-6109-47a8-a274-39d963fad095","username":"crazyelephant630","password":"joe123","salt":"haLEPFPh","md5":"bb3eacaa6d964b4b2aef218df812e33e","sha1":"f54de28462c2cf332185366ab9111960c62314fd","sha256":"4cade959ce495b220fd27a21259e7d98cf34e1f8541f2a8971a2f909dd1e46a8"},"dob":{"date":"1993-05-11T17:55:34.947Z","age":30},"registered":{"date":"2013-11-05T19:49:44.827Z","age":10},"phone":"019-6805-337","cell":"061-8842-773","id":{"name":"SID","value":"094377221"},"picture":{"large":"https://randomuser.me/api/portraits/women/38.jpg","medium":"https://randomuser.me/api/portraits/med/women/38.jpg","thumbnail":"https://randomuser.me/api/portraits/thumb/women/38.jpg"},"nat":"RS"}],"info":{"seed":"9c6375aee4c401c7","results":1,"page":1,"version":"1.4"}} 
 </msg>
<msg time="2024-04-13T22:11:56.917396" level="INFO">/opt/hostedtoolcache/Python/3.12.2/x64/lib/python3.12/site-packages/urllib3/connectionpool.py:1103: InsecureRequestWarning: Unverified HTTPS request is being made to host 'randomuser.me'. Adding certificate verification is strongly advised. See: https://urllib3.readthedocs.io/en/latest/advanced-usage.html#tls-warnings
  warnings.warn(</msg>
<msg time="2024-04-13T22:11:56.917512" level="INFO">${response} = &lt;Response [200]&gt;</msg>
<var>${response}</var>
<arg>consultarAPI</arg>
<arg>/api</arg>
<doc>Sends a GET request on a previously created HTTP Session.</doc>
<status status="PASS" start="2024-04-13T22:11:56.597493" elapsed="0.320054"/>
</kw>
<kw name="Set Variable" owner="BuiltIn">
<msg time="2024-04-13T22:11:56.918423" level="INFO">${json_data} = {'results': [{'gender': 'female', 'name': {'title': 'Ms', 'first': 'Vlatka', 'last': 'Anđelić'}, 'location': {'street': {'number': 8922, 'name': 'Nepoljska'}, 'city': 'Kovin', 'state': 'Moravica', 'co...</msg>
<var>${json_data}</var>
<arg>${response.json()}</arg>
<doc>Returns the given values which can then be assigned to a variables.</doc>
<status status="PASS" start="2024-04-13T22:11:56.917978" elapsed="0.000474"/>
</kw>
<kw name="Set Variable" owner="BuiltIn">
<msg time="2024-04-13T22:11:56.919153" level="INFO">${name_title} = Ms</msg>
<var>${name_title}</var>
<arg>${json_data["results"][0]["name"]["title"]}</arg>
<doc>Returns the given values which can then be assigned to a variables.</doc>
<status status="PASS" start="2024-04-13T22:11:56.918772" elapsed="0.000407"/>
</kw>
<kw name="Create List" owner="BuiltIn">
<msg time="2024-04-13T22:11:56.919623" level="INFO">${allowed_titles} = ['Mr', 'Ms', 'Miss', 'Mrs', 'Madame', 'Monsieur']</msg>
<var>${allowed_titles}</var>
<arg>Mr</arg>
<arg>Ms</arg>
<arg>Miss</arg>
<arg>Mrs</arg>
<arg>Madame</arg>
<arg>Monsieur</arg>
<doc>Returns a list containing given items.</doc>
<status status="PASS" start="2024-04-13T22:11:56.919475" elapsed="0.000172"/>
</kw>
<kw name="List Should Contain Value" owner="Collections">
<msg time="2024-04-13T22:11:56.920115" level="INFO">False</msg>
<arg>${allowed_titles}</arg>
<arg>${name_title}</arg>
<doc>Fails if the ``value`` is not found from ``list``.</doc>
<status status="PASS" start="2024-04-13T22:11:56.919948" elapsed="0.000203"/>
</kw>
<kw name="Set Variable" owner="BuiltIn">
<msg time="2024-04-13T22:11:56.920873" level="INFO">${name_country} = RS</msg>
<var>${name_country}</var>
<arg>${json_data["results"][0]["nat"]}</arg>
<doc>Returns the given values which can then be assigned to a variables.</doc>
<status status="PASS" start="2024-04-13T22:11:56.920438" elapsed="0.000460"/>
</kw>
<kw name="Create List" owner="BuiltIn">
<msg time="2024-04-13T22:11:56.921804" level="INFO">${list_country} = ['AD', 'AE', 'AF', 'AG', 'AI', 'AL', 'AM', 'AO', 'AQ', 'AR', 'AS', 'AT', 'AU', 'AW', 'AX', 'AZ', 'BA', 'BB', 'BD', 'BE', 'BF', 'BG', 'BH', 'BI', 'BJ', 'BL', 'BM', 'BN', 'BO', 'BQ', 'BR', 'BS', 'BT', '...</msg>
<var>${list_country}</var>
<arg>AD</arg>
<arg>AE</arg>
<arg>AF</arg>
<arg>AG</arg>
<arg>AI</arg>
<arg>AL</arg>
<arg>AM</arg>
<arg>AO</arg>
<arg>AQ</arg>
<arg>AR</arg>
<arg>AS</arg>
<arg>AT</arg>
<arg>AU</arg>
<arg>AW</arg>
<arg>AX</arg>
<arg>AZ</arg>
<arg>BA</arg>
<arg>BB</arg>
<arg>BD</arg>
<arg>BE</arg>
<arg>BF</arg>
<arg>BG</arg>
<arg>BH</arg>
<arg>BI</arg>
<arg>BJ</arg>
<arg>BL</arg>
<arg>BM</arg>
<arg>BN</arg>
<arg>BO</arg>
<arg>BQ</arg>
<arg>BR</arg>
<arg>BS</arg>
<arg>BT</arg>
<arg>BV</arg>
<arg>BW</arg>
<arg>BY</arg>
<arg>BZ</arg>
<arg>CA</arg>
<arg>CC</arg>
<arg>CD</arg>
<arg>CF</arg>
<arg>CG</arg>
<arg>CH</arg>
<arg>CI</arg>
<arg>CK</arg>
<arg>CL</arg>
<arg>CM</arg>
<arg>CN</arg>
<arg>CO</arg>
<arg>CR</arg>
<arg>CU</arg>
<arg>CV</arg>
<arg>CW</arg>
<arg>CX</arg>
<arg>CY</arg>
<arg>CZ</arg>
<arg>DE</arg>
<arg>DJ</arg>
<arg>DK</arg>
<arg>DM</arg>
<arg>DO</arg>
<arg>DZ</arg>
<arg>EC</arg>
<arg>EE</arg>
<arg>EG</arg>
<arg>EH</arg>
<arg>ER</arg>
<arg>ES</arg>
<arg>ET</arg>
<arg>FI</arg>
<arg>FJ</arg>
<arg>FK</arg>
<arg>FM</arg>
<arg>FO</arg>
<arg>FR</arg>
<arg>GA</arg>
<arg>GB</arg>
<arg>GD</arg>
<arg>GE</arg>
<arg>GF</arg>
<arg>GG</arg>
<arg>GH</arg>
<arg>GI</arg>
<arg>GL</arg>
<arg>GM</arg>
<arg>GN</arg>
<arg>GP</arg>
<arg>GQ</arg>
<arg>GR</arg>
<arg>GS</arg>
<arg>GT</arg>
<arg>GU</arg>
<arg>GW</arg>
<arg>GY</arg>
<arg>HK</arg>
<arg>HM</arg>
<arg>HN</arg>
<arg>HR</arg>
<arg>HT</arg>
<arg>HU</arg>
<arg>ID</arg>
<arg>IE</arg>
<arg>IL</arg>
<arg>IM</arg>
<arg>IN</arg>
<arg>IO</arg>
<arg>IQ</arg>
<arg>IR</arg>
<arg>IS</arg>
<arg>IT</arg>
<arg>JE</arg>
<arg>JM</arg>
<arg>JO</arg>
<arg>JP</arg>
<arg>KE</arg>
<arg>KG</arg>
<arg>KH</arg>
<arg>KI</arg>
<arg>KM</arg>
<arg>KN</arg>
<arg>KP</arg>
<arg>KR</arg>
<arg>KW</arg>
<arg>KY</arg>
<arg>KZ</arg>
<arg>LA</arg>
<arg>LB</arg>
<arg>LC</arg>
<arg>LI</arg>
<arg>LK</arg>
<arg>LR</arg>
<arg>LS</arg>
<arg>LT</arg>
<arg>LU</arg>
<arg>LV</arg>
<arg>LY</arg>
<arg>MA</arg>
<arg>MC</arg>
<arg>MD</arg>
<arg>ME</arg>
<arg>MF</arg>
<arg>MG</arg>
<arg>MH</arg>
<arg>MK</arg>
<arg>ML</arg>
<arg>MM</arg>
<arg>MN</arg>
<arg>MO</arg>
<arg>MP</arg>
<arg>MQ</arg>
<arg>MR</arg>
<arg>MS</arg>
<arg>MT</arg>
<arg>MU</arg>
<arg>MV</arg>
<arg>MW</arg>
<arg>MX</arg>
<arg>MY</arg>
<arg>MZ</arg>
<arg>NA</arg>
<arg>NC</arg>
<arg>NE</arg>
<arg>NF</arg>
<arg>NG</arg>
<arg>NI</arg>
<arg>NL</arg>
<arg>NO</arg>
<arg>NP</arg>
<arg>NR</arg>
<arg>NU</arg>
<arg>NZ</arg>
<arg>OM</arg>
<arg>PA</arg>
<arg>PE</arg>
<arg>PF</arg>
<arg>PG</arg>
<arg>PH</arg>
<arg>PK</arg>
<arg>PL</arg>
<arg>PM</arg>
<arg>PN</arg>
<arg>PR</arg>
<arg>PS</arg>
<arg>PT</arg>
<arg>PW</arg>
<arg>PY</arg>
<arg>QA</arg>
<arg>RE</arg>
<arg>RO</arg>
<arg>RS</arg>
<arg>RU</arg>
<arg>RW</arg>
<arg>SA</arg>
<arg>SB</arg>
<arg>SC</arg>
<arg>SD</arg>
<arg>SE</arg>
<arg>SG</arg>
<arg>SH</arg>
<arg>SI</arg>
<arg>SJ</arg>
<arg>SK</arg>
<arg>SL</arg>
<arg>SM</arg>
<arg>SN</arg>
<arg>SO</arg>
<arg>SR</arg>
<arg>SS</arg>
<arg>ST</arg>
<arg>SV</arg>
<arg>SX</arg>
<arg>SY</arg>
<arg>SZ</arg>
<arg>TC</arg>
<arg>TD</arg>
<arg>TF</arg>
<arg>TG</arg>
<arg>TH</arg>
<arg>TJ</arg>
<arg>TK</arg>
<arg>TL</arg>
<arg>TM</arg>
<arg>TN</arg>
<arg>TO</arg>
<arg>TR</arg>
<arg>TT</arg>
<arg>TV</arg>
<arg>TW</arg>
<arg>TZ</arg>
<arg>UA</arg>
<arg>UG</arg>
<arg>UM</arg>
<arg>US</arg>
<arg>UY</arg>
<arg>UZ</arg>
<arg>VA</arg>
<arg>VC</arg>
<arg>VE</arg>
<arg>VG</arg>
<arg>VI</arg>
<arg>VN</arg>
<arg>VU</arg>
<arg>WF</arg>
<arg>WS</arg>
<arg>XK</arg>
<arg>YE</arg>
<arg>YT</arg>
<arg>ZA</arg>
<arg>ZM</arg>
<arg>ZW</arg>
<doc>Returns a list containing given items.</doc>
<status status="PASS" start="2024-04-13T22:11:56.921202" elapsed="0.000628"/>
</kw>
<kw name="List Should Contain Value" owner="Collections">
<msg time="2024-04-13T22:11:56.922814" level="INFO">False</msg>
<arg>${list_country}</arg>
<arg>${name_country}</arg>
<doc>Fails if the ``value`` is not found from ``list``.</doc>
<status status="PASS" start="2024-04-13T22:11:56.922614" elapsed="0.000237"/>
</kw>
<kw name="Run Keyword If" owner="BuiltIn">
<kw name="Should Be True" owner="BuiltIn">
<arg>${True}</arg>
<doc>Fails if the given condition is not true.</doc>
<status status="PASS" start="2024-04-13T22:11:56.923902" elapsed="0.000143"/>
</kw>
<arg>${json_data["results"][0]["location"]["coordinates"]["latitude"]} &gt;= -90 and ${json_data["results"][0]["location"]["coordinates"]["latitude"]} &lt;= 90</arg>
<arg>Should Be True</arg>
<arg>${True}</arg>
<doc>Runs the given keyword with the given arguments, if ``condition`` is true.</doc>
<status status="PASS" start="2024-04-13T22:11:56.923164" elapsed="0.001009"/>
</kw>
<kw name="Run Keyword If" owner="BuiltIn">
<kw name="Should Be True" owner="BuiltIn">
<arg>${True}</arg>
<doc>Fails if the given condition is not true.</doc>
<status status="PASS" start="2024-04-13T22:11:56.925097" elapsed="0.000241"/>
</kw>
<arg>${json_data["results"][0]["location"]["coordinates"]["longitude"]} &gt;= -180 and ${json_data["results"][0]["location"]["coordinates"]["longitude"]} &lt;= 180</arg>
<arg>Should Be True</arg>
<arg>${True}</arg>
<doc>Runs the given keyword with the given arguments, if ``condition`` is true.</doc>
<status status="PASS" start="2024-04-13T22:11:56.924363" elapsed="0.001102"/>
</kw>
<status status="PASS" start="2024-04-13T22:11:56.597122" elapsed="0.328473"/>
</kw>
<doc>Testa o conteúdo específico dos campos retornados pela API.</doc>
<tag>testeConteudo</tag>
<status status="PASS" start="2024-04-13T22:11:56.596437" elapsed="0.329303"/>
</test>
<status status="PASS" start="2024-04-13T22:11:55.670454" elapsed="1.257153"/>
</suite>
<status status="PASS" start="2024-04-13T22:11:55.656897" elapsed="1.275937"/>
</suite>
<statistics>
<total>
<stat pass="5" fail="0" skip="0">All Tests</stat>
</total>
<tag>
<stat pass="1" fail="0" skip="0">testeConteudo</stat>
<stat pass="1" fail="0" skip="0">testeEstruturaResposta</stat>
<stat pass="1" fail="0" skip="0">testeRequisicaoBasica</stat>
<stat pass="1" fail="0" skip="0">testeTiposDados</stat>
</tag>
<suite>
<stat pass="5" fail="0" skip="0" id="s1" name="Tests">Tests</stat>
<stat pass="5" fail="0" skip="0" id="s1-s1" name="Random-User-Test">Tests.Random-User-Test</stat>
</suite>
</statistics>
<errors>
</errors>
</robot>
