<?xml version="1.0" encoding="UTF-8"?>
<robot generator="Robot 7.0.1 (Python 3.12.4 on linux)" generated="2024-07-01T22:15:01.681097" rpa="false" schemaversion="5">
<suite id="s1" name="Tests" source="/home/runner/work/ApiRandomUser/ApiRandomUser/RamdonUser/tests">
<suite id="s1-s1" name="Random-User-Test" source="/home/runner/work/ApiRandomUser/ApiRandomUser/RamdonUser/tests/random-user-test.robot">
<test id="s1-s1-t1" name="Conectar" line="13">
<kw name="Conectar API" owner="random-user-service">
<kw name="Create Session" owner="RequestsLibrary">
<msg time="2024-07-01T22:15:02.071982" level="INFO">Creating Session using : alias=consultarAPI, url=https://randomuser.me/, headers={},                     cookies={}, auth=None, timeout=None, proxies=None, verify=False,                     debug=0 </msg>
<arg>consultarAPI</arg>
<arg>${URL}</arg>
<doc>Create Session: create a HTTP session to a server</doc>
<status status="PASS" start="2024-07-01T22:15:02.071762" elapsed="0.000396"/>
</kw>
<status status="PASS" start="2024-07-01T22:15:02.070756" elapsed="0.001755"/>
</kw>
<status status="PASS" start="2024-07-01T22:15:02.070122" elapsed="0.002578"/>
</test>
<test id="s1-s1-t2" name="Validar retorno 200 e JSON Válido" line="16">
<kw name="Teste de Requisicao Basica" owner="random-user-service">
<kw name="GET On Session" owner="RequestsLibrary">
<msg time="2024-07-01T22:15:02.382810" level="INFO">GET Request : url=https://randomuser.me/api 
 path_url=/api 
 headers={'User-Agent': 'python-requests/2.32.3', 'Accept-Encoding': 'gzip, deflate', 'Accept': '*/*', 'Connection': 'keep-alive'} 
 body=None 
 </msg>
<msg time="2024-07-01T22:15:02.382958" level="INFO">GET Response : url=https://randomuser.me/api 
 status=200, reason=OK 
 headers={'Date': 'Mon, 01 Jul 2024 22:15:02 GMT', 'Content-Type': 'application/json; charset=utf-8', 'Transfer-Encoding': 'chunked', 'Connection': 'keep-alive', 'X-Powered-By': 'Express', 'Access-Control-Allow-Origin': '*', 'Cache-Control': 'no-cache', 'ETag': 'W/"484-HyK4UnM/m36f/JZIFwTrSxiaPNs"', 'Vary': 'Accept-Encoding', 'Content-Encoding': 'gzip', 'CF-Cache-Status': 'DYNAMIC', 'Report-To': '{"endpoints":[{"url":"https:\\/\\/a.nel.cloudflare.com\\/report\\/v4?s=aWL1KQFBi9O6Dm0UUasFnEvteNDRruFmqvP05A83ta2DnxDBW2vc0%2FTXbqjQE3RHjRjZcaerECeiastB1rosjmkljUcdhO2VnJC%2FfpJOLoYbqRZRcDrE%2FLlxp9FBMDBW"}],"group":"cf-nel","max_age":604800}', 'NEL': '{"success_fraction":0,"report_to":"cf-nel","max_age":604800}', 'Server': 'cloudflare', 'CF-RAY': '89c9c09ee8492099-IAD', 'alt-svc': 'h3=":443"; ma=86400'} 
 body={"results":[{"gender":"female","name":{"title":"Ms","first":"Sanchitha","last":"Kavser"},"location":{"street":{"number":7475,"name":"Bhootnath Rd"},"city":"Mathura","state":"Kerala","country":"India","postcode":55042,"coordinates":{"latitude":"5.3369","longitude":"64.1026"},"timezone":{"offset":"-12:00","description":"Eniwetok, Kwajalein"}},"email":"sanchitha.kavser@example.com","login":{"uuid":"a6a0b197-8ce8-4000-9bde-72d1d21d01dc","username":"whiteladybug255","password":"steve1","salt":"W3GdccuS","md5":"b3f1692c4b21e5e1310a1f6a211a2e43","sha1":"d7edd2a7417d6cd5422932034f3f836ed31acee4","sha256":"17ae92d88f491dba248e9fd50695736920822002d95d7407965bdbb7359cd511"},"dob":{"date":"1992-09-17T22:57:37.106Z","age":31},"registered":{"date":"2003-12-31T12:15:33.233Z","age":20},"phone":"7080187415","cell":"7169582958","id":{"name":"UIDAI","value":"834576736922"},"picture":{"large":"https://randomuser.me/api/portraits/women/82.jpg","medium":"https://randomuser.me/api/portraits/med/women/82.jpg","thumbnail":"https://randomuser.me/api/portraits/thumb/women/82.jpg"},"nat":"IN"}],"info":{"seed":"3c04083a676f0aa9","results":1,"page":1,"version":"1.4"}} 
 </msg>
<msg time="2024-07-01T22:15:02.383048" level="INFO">/opt/hostedtoolcache/Python/3.12.4/x64/lib/python3.12/site-packages/urllib3/connectionpool.py:1099: InsecureRequestWarning: Unverified HTTPS request is being made to host 'randomuser.me'. Adding certificate verification is strongly advised. See: https://urllib3.readthedocs.io/en/latest/advanced-usage.html#tls-warnings
  warnings.warn(</msg>
<msg time="2024-07-01T22:15:02.383195" level="INFO">${response} = &lt;Response [200]&gt;</msg>
<var>${response}</var>
<arg>consultarAPI</arg>
<arg>/api</arg>
<doc>Sends a GET request on a previously created HTTP Session.</doc>
<status status="PASS" start="2024-07-01T22:15:02.075340" elapsed="0.307895"/>
</kw>
<kw name="Should Be Equal As Numbers" owner="BuiltIn">
<msg time="2024-07-01T22:15:02.384210" level="INFO">Argument types are:
&lt;class 'int'&gt;
&lt;class 'str'&gt;</msg>
<arg>${response.status_code}</arg>
<arg>200</arg>
<doc>Fails if objects are unequal after converting them to real numbers.</doc>
<status status="PASS" start="2024-07-01T22:15:02.383758" elapsed="0.000516"/>
</kw>
<kw name="Log" owner="BuiltIn">
<msg time="2024-07-01T22:15:02.384925" level="INFO">200</msg>
<arg>${response.status_code}</arg>
<doc>Logs the given message with the given level.</doc>
<status status="PASS" start="2024-07-01T22:15:02.384584" elapsed="0.000383"/>
</kw>
<kw name="Set Variable" owner="BuiltIn">
<msg time="2024-07-01T22:15:02.385697" level="INFO">${json_data} = {'results': [{'gender': 'female', 'name': {'title': 'Ms', 'first': 'Sanchitha', 'last': 'Kavser'}, 'location': {'street': {'number': 7475, 'name': 'Bhootnath Rd'}, 'city': 'Mathura', 'state': 'Kerala'...</msg>
<var>${json_data}</var>
<arg>${response.json()}</arg>
<doc>Returns the given values which can then be assigned to a variables.</doc>
<status status="PASS" start="2024-07-01T22:15:02.385267" elapsed="0.000457"/>
</kw>
<kw name="Dictionary Should Contain Key" owner="Collections">
<arg>${json_data}</arg>
<arg>results</arg>
<doc>Fails if ``key`` is not found from ``dictionary``.</doc>
<status status="PASS" start="2024-07-01T22:15:02.386027" elapsed="0.000164"/>
</kw>
<status status="PASS" start="2024-07-01T22:15:02.075095" elapsed="0.311244"/>
</kw>
<doc>Testa se a API responde corretamente e retorna um objeto JSON válido.</doc>
<tag>testeRequisicaoBasica</tag>
<status status="PASS" start="2024-07-01T22:15:02.074558" elapsed="0.311954"/>
</test>
<test id="s1-s1-t3" name="Validar estrutura de resposta" line="22">
<kw name="Teste de Estrutura de Resposta" owner="random-user-service">
<kw name="GET On Session" owner="RequestsLibrary">
<msg time="2024-07-01T22:15:02.474179" level="INFO">GET Request : url=https://randomuser.me/api 
 path_url=/api 
 headers={'User-Agent': 'python-requests/2.32.3', 'Accept-Encoding': 'gzip, deflate', 'Accept': '*/*', 'Connection': 'keep-alive'} 
 body=None 
 </msg>
<msg time="2024-07-01T22:15:02.474281" level="INFO">GET Response : url=https://randomuser.me/api 
 status=200, reason=OK 
 headers={'Date': 'Mon, 01 Jul 2024 22:15:02 GMT', 'Content-Type': 'application/json; charset=utf-8', 'Transfer-Encoding': 'chunked', 'Connection': 'keep-alive', 'X-Powered-By': 'Express', 'Access-Control-Allow-Origin': '*', 'Cache-Control': 'no-cache', 'ETag': 'W/"492-2td6Do81X3NY4Kv16Ts4hWc+LNQ"', 'Vary': 'Accept-Encoding', 'Content-Encoding': 'gzip', 'CF-Cache-Status': 'DYNAMIC', 'Report-To': '{"endpoints":[{"url":"https:\\/\\/a.nel.cloudflare.com\\/report\\/v4?s=7Go2%2BTvANqJcQGKY50gGJfzGczvQvWkRgErRSgCSbc1NHmtzgTX9RJmEYADooPaNg59a1yb8F7oNZfz0BLICNAyGZ9trjkUolPRS%2B5Q%2FtQgV0Ir%2FTKVkTNxM1558xlaQ"}],"group":"cf-nel","max_age":604800}', 'NEL': '{"success_fraction":0,"report_to":"cf-nel","max_age":604800}', 'Server': 'cloudflare', 'CF-RAY': '89c9c09ff9702099-IAD', 'alt-svc': 'h3=":443"; ma=86400'} 
 body={"results":[{"gender":"male","name":{"title":"Mr","first":"Carko","last":"Andriievskiy"},"location":{"street":{"number":6449,"name":"Yuriya Lipi"},"city":"Chervonograd","state":"Hersonska","country":"Ukraine","postcode":98454,"coordinates":{"latitude":"75.6355","longitude":"-105.6580"},"timezone":{"offset":"+3:00","description":"Baghdad, Riyadh, Moscow, St. Petersburg"}},"email":"carko.andriievskiy@example.com","login":{"uuid":"e09a8fdf-2785-456d-af3f-4b513dfc76ef","username":"bluezebra337","password":"virgil","salt":"jEIuuA24","md5":"bda6a8364587ba34b70ba0d7a98b06ca","sha1":"89a1541943b3d5441f3c0be9b4a5522355d18482","sha256":"abac5ba827872227b8396e78a56c3e02440405941569eae3bc2a4d097971b613"},"dob":{"date":"1987-02-10T05:41:11.102Z","age":37},"registered":{"date":"2009-08-20T14:06:39.339Z","age":14},"phone":"(067) W98-4399","cell":"(068) H01-3031","id":{"name":"","value":null},"picture":{"large":"https://randomuser.me/api/portraits/men/8.jpg","medium":"https://randomuser.me/api/portraits/med/men/8.jpg","thumbnail":"https://randomuser.me/api/portraits/thumb/men/8.jpg"},"nat":"UA"}],"info":{"seed":"769e142d84b4399f","results":1,"page":1,"version":"1.4"}} 
 </msg>
<msg time="2024-07-01T22:15:02.474411" level="INFO">/opt/hostedtoolcache/Python/3.12.4/x64/lib/python3.12/site-packages/urllib3/connectionpool.py:1099: InsecureRequestWarning: Unverified HTTPS request is being made to host 'randomuser.me'. Adding certificate verification is strongly advised. See: https://urllib3.readthedocs.io/en/latest/advanced-usage.html#tls-warnings
  warnings.warn(</msg>
<msg time="2024-07-01T22:15:02.474549" level="INFO">${response} = &lt;Response [200]&gt;</msg>
<var>${response}</var>
<arg>consultarAPI</arg>
<arg>/api</arg>
<doc>Sends a GET request on a previously created HTTP Session.</doc>
<status status="PASS" start="2024-07-01T22:15:02.389092" elapsed="0.085508"/>
</kw>
<kw name="Set Variable" owner="BuiltIn">
<msg time="2024-07-01T22:15:02.475822" level="INFO">${json_data} = {'results': [{'gender': 'male', 'name': {'title': 'Mr', 'first': 'Carko', 'last': 'Andriievskiy'}, 'location': {'street': {'number': 6449, 'name': 'Yuriya Lipi'}, 'city': 'Chervonograd', 'state': 'Her...</msg>
<var>${json_data}</var>
<arg>${response.json()}</arg>
<doc>Returns the given values which can then be assigned to a variables.</doc>
<status status="PASS" start="2024-07-01T22:15:02.475195" elapsed="0.000656"/>
</kw>
<kw name="Log" owner="BuiltIn">
<msg time="2024-07-01T22:15:02.476317" level="INFO">{'results': [{'gender': 'male', 'name': {'title': 'Mr', 'first': 'Carko', 'last': 'Andriievskiy'}, 'location': {'street': {'number': 6449, 'name': 'Yuriya Lipi'}, 'city': 'Chervonograd', 'state': 'Hersonska', 'country': 'Ukraine', 'postcode': 98454, 'coordinates': {'latitude': '75.6355', 'longitude': '-105.6580'}, 'timezone': {'offset': '+3:00', 'description': 'Baghdad, Riyadh, Moscow, St. Petersburg'}}, 'email': 'carko.andriievskiy@example.com', 'login': {'uuid': 'e09a8fdf-2785-456d-af3f-4b513dfc76ef', 'username': 'bluezebra337', 'password': 'virgil', 'salt': 'jEIuuA24', 'md5': 'bda6a8364587ba34b70ba0d7a98b06ca', 'sha1': '89a1541943b3d5441f3c0be9b4a5522355d18482', 'sha256': 'abac5ba827872227b8396e78a56c3e02440405941569eae3bc2a4d097971b613'}, 'dob': {'date': '1987-02-10T05:41:11.102Z', 'age': 37}, 'registered': {'date': '2009-08-20T14:06:39.339Z', 'age': 14}, 'phone': '(067) W98-4399', 'cell': '(068) H01-3031', 'id': {'name': '', 'value': None}, 'picture': {'large': 'https://randomuser.me/api/portraits/men/8.jpg', 'medium': 'https://randomuser.me/api/portraits/med/men/8.jpg', 'thumbnail': 'https://randomuser.me/api/portraits/thumb/men/8.jpg'}, 'nat': 'UA'}], 'info': {'seed': '769e142d84b4399f', 'results': 1, 'page': 1, 'version': '1.4'}}</msg>
<arg>${json_data}</arg>
<doc>Logs the given message with the given level.</doc>
<status status="PASS" start="2024-07-01T22:15:02.476161" elapsed="0.000204"/>
</kw>
<kw name="Dictionary Should Contain Key" owner="Collections">
<arg>${json_data}</arg>
<arg>results</arg>
<doc>Fails if ``key`` is not found from ``dictionary``.</doc>
<status status="PASS" start="2024-07-01T22:15:02.476655" elapsed="0.000163"/>
</kw>
<kw name="Should Not Be Empty" owner="BuiltIn">
<msg time="2024-07-01T22:15:02.477120" level="INFO">Length is 2.</msg>
<arg>${json_data}</arg>
<doc>Verifies that the given item is not empty.</doc>
<status status="PASS" start="2024-07-01T22:15:02.476997" elapsed="0.000160"/>
</kw>
<kw name="Create List" owner="BuiltIn">
<msg time="2024-07-01T22:15:02.477598" level="INFO">${expected_keys} = ['gender', 'name', 'location', 'email', 'login']</msg>
<var>${expected_keys}</var>
<arg>gender</arg>
<arg>name</arg>
<arg>location</arg>
<arg>email</arg>
<arg>login</arg>
<doc>Returns a list containing given items.</doc>
<status status="PASS" start="2024-07-01T22:15:02.477447" elapsed="0.000175"/>
</kw>
<for flavor="IN">
<iter>
<kw name="Dictionary Should Contain Key" owner="Collections">
<arg>${json_data['results'][0]}</arg>
<arg>${key}</arg>
<doc>Fails if ``key`` is not found from ``dictionary``.</doc>
<status status="PASS" start="2024-07-01T22:15:02.478342" elapsed="0.000394"/>
</kw>
<kw name="Log" owner="BuiltIn">
<msg time="2024-07-01T22:15:02.479282" level="INFO">{'gender': 'male', 'name': {'title': 'Mr', 'first': 'Carko', 'last': 'Andriievskiy'}, 'location': {'street': {'number': 6449, 'name': 'Yuriya Lipi'}, 'city': 'Chervonograd', 'state': 'Hersonska', 'country': 'Ukraine', 'postcode': 98454, 'coordinates': {'latitude': '75.6355', 'longitude': '-105.6580'}, 'timezone': {'offset': '+3:00', 'description': 'Baghdad, Riyadh, Moscow, St. Petersburg'}}, 'email': 'carko.andriievskiy@example.com', 'login': {'uuid': 'e09a8fdf-2785-456d-af3f-4b513dfc76ef', 'username': 'bluezebra337', 'password': 'virgil', 'salt': 'jEIuuA24', 'md5': 'bda6a8364587ba34b70ba0d7a98b06ca', 'sha1': '89a1541943b3d5441f3c0be9b4a5522355d18482', 'sha256': 'abac5ba827872227b8396e78a56c3e02440405941569eae3bc2a4d097971b613'}, 'dob': {'date': '1987-02-10T05:41:11.102Z', 'age': 37}, 'registered': {'date': '2009-08-20T14:06:39.339Z', 'age': 14}, 'phone': '(067) W98-4399', 'cell': '(068) H01-3031', 'id': {'name': '', 'value': None}, 'picture': {'large': 'https://randomuser.me/api/portraits/men/8.jpg', 'medium': 'https://randomuser.me/api/portraits/med/men/8.jpg', 'thumbnail': 'https://randomuser.me/api/portraits/thumb/men/8.jpg'}, 'nat': 'UA'}</msg>
<arg>${json_data['results'][0]}</arg>
<doc>Logs the given message with the given level.</doc>
<status status="PASS" start="2024-07-01T22:15:02.478923" elapsed="0.000407"/>
</kw>
<kw name="Log" owner="BuiltIn">
<msg time="2024-07-01T22:15:02.479784" level="INFO">gender</msg>
<arg>${key}</arg>
<doc>Logs the given message with the given level.</doc>
<status status="PASS" start="2024-07-01T22:15:02.479627" elapsed="0.000195"/>
</kw>
<var name="${key}">gender</var>
<status status="PASS" start="2024-07-01T22:15:02.478221" elapsed="0.001817"/>
</iter>
<iter>
<kw name="Dictionary Should Contain Key" owner="Collections">
<arg>${json_data['results'][0]}</arg>
<arg>${key}</arg>
<doc>Fails if ``key`` is not found from ``dictionary``.</doc>
<status status="PASS" start="2024-07-01T22:15:02.480331" elapsed="0.000388"/>
</kw>
<kw name="Log" owner="BuiltIn">
<msg time="2024-07-01T22:15:02.481248" level="INFO">{'gender': 'male', 'name': {'title': 'Mr', 'first': 'Carko', 'last': 'Andriievskiy'}, 'location': {'street': {'number': 6449, 'name': 'Yuriya Lipi'}, 'city': 'Chervonograd', 'state': 'Hersonska', 'country': 'Ukraine', 'postcode': 98454, 'coordinates': {'latitude': '75.6355', 'longitude': '-105.6580'}, 'timezone': {'offset': '+3:00', 'description': 'Baghdad, Riyadh, Moscow, St. Petersburg'}}, 'email': 'carko.andriievskiy@example.com', 'login': {'uuid': 'e09a8fdf-2785-456d-af3f-4b513dfc76ef', 'username': 'bluezebra337', 'password': 'virgil', 'salt': 'jEIuuA24', 'md5': 'bda6a8364587ba34b70ba0d7a98b06ca', 'sha1': '89a1541943b3d5441f3c0be9b4a5522355d18482', 'sha256': 'abac5ba827872227b8396e78a56c3e02440405941569eae3bc2a4d097971b613'}, 'dob': {'date': '1987-02-10T05:41:11.102Z', 'age': 37}, 'registered': {'date': '2009-08-20T14:06:39.339Z', 'age': 14}, 'phone': '(067) W98-4399', 'cell': '(068) H01-3031', 'id': {'name': '', 'value': None}, 'picture': {'large': 'https://randomuser.me/api/portraits/men/8.jpg', 'medium': 'https://randomuser.me/api/portraits/med/men/8.jpg', 'thumbnail': 'https://randomuser.me/api/portraits/thumb/men/8.jpg'}, 'nat': 'UA'}</msg>
<arg>${json_data['results'][0]}</arg>
<doc>Logs the given message with the given level.</doc>
<status status="PASS" start="2024-07-01T22:15:02.480899" elapsed="0.000426"/>
</kw>
<kw name="Log" owner="BuiltIn">
<msg time="2024-07-01T22:15:02.481742" level="INFO">name</msg>
<arg>${key}</arg>
<doc>Logs the given message with the given level.</doc>
<status status="PASS" start="2024-07-01T22:15:02.481616" elapsed="0.000163"/>
</kw>
<var name="${key}">name</var>
<status status="PASS" start="2024-07-01T22:15:02.480217" elapsed="0.001775"/>
</iter>
<iter>
<kw name="Dictionary Should Contain Key" owner="Collections">
<arg>${json_data['results'][0]}</arg>
<arg>${key}</arg>
<doc>Fails if ``key`` is not found from ``dictionary``.</doc>
<status status="PASS" start="2024-07-01T22:15:02.482267" elapsed="0.000374"/>
</kw>
<kw name="Log" owner="BuiltIn">
<msg time="2024-07-01T22:15:02.483167" level="INFO">{'gender': 'male', 'name': {'title': 'Mr', 'first': 'Carko', 'last': 'Andriievskiy'}, 'location': {'street': {'number': 6449, 'name': 'Yuriya Lipi'}, 'city': 'Chervonograd', 'state': 'Hersonska', 'country': 'Ukraine', 'postcode': 98454, 'coordinates': {'latitude': '75.6355', 'longitude': '-105.6580'}, 'timezone': {'offset': '+3:00', 'description': 'Baghdad, Riyadh, Moscow, St. Petersburg'}}, 'email': 'carko.andriievskiy@example.com', 'login': {'uuid': 'e09a8fdf-2785-456d-af3f-4b513dfc76ef', 'username': 'bluezebra337', 'password': 'virgil', 'salt': 'jEIuuA24', 'md5': 'bda6a8364587ba34b70ba0d7a98b06ca', 'sha1': '89a1541943b3d5441f3c0be9b4a5522355d18482', 'sha256': 'abac5ba827872227b8396e78a56c3e02440405941569eae3bc2a4d097971b613'}, 'dob': {'date': '1987-02-10T05:41:11.102Z', 'age': 37}, 'registered': {'date': '2009-08-20T14:06:39.339Z', 'age': 14}, 'phone': '(067) W98-4399', 'cell': '(068) H01-3031', 'id': {'name': '', 'value': None}, 'picture': {'large': 'https://randomuser.me/api/portraits/men/8.jpg', 'medium': 'https://randomuser.me/api/portraits/med/men/8.jpg', 'thumbnail': 'https://randomuser.me/api/portraits/thumb/men/8.jpg'}, 'nat': 'UA'}</msg>
<arg>${json_data['results'][0]}</arg>
<doc>Logs the given message with the given level.</doc>
<status status="PASS" start="2024-07-01T22:15:02.482820" elapsed="0.000392"/>
</kw>
<kw name="Log" owner="BuiltIn">
<msg time="2024-07-01T22:15:02.483629" level="INFO">location</msg>
<arg>${key}</arg>
<doc>Logs the given message with the given level.</doc>
<status status="PASS" start="2024-07-01T22:15:02.483506" elapsed="0.000192"/>
</kw>
<var name="${key}">location</var>
<status status="PASS" start="2024-07-01T22:15:02.482163" elapsed="0.001754"/>
</iter>
<iter>
<kw name="Dictionary Should Contain Key" owner="Collections">
<arg>${json_data['results'][0]}</arg>
<arg>${key}</arg>
<doc>Fails if ``key`` is not found from ``dictionary``.</doc>
<status status="PASS" start="2024-07-01T22:15:02.484188" elapsed="0.000382"/>
</kw>
<kw name="Log" owner="BuiltIn">
<msg time="2024-07-01T22:15:02.485091" level="INFO">{'gender': 'male', 'name': {'title': 'Mr', 'first': 'Carko', 'last': 'Andriievskiy'}, 'location': {'street': {'number': 6449, 'name': 'Yuriya Lipi'}, 'city': 'Chervonograd', 'state': 'Hersonska', 'country': 'Ukraine', 'postcode': 98454, 'coordinates': {'latitude': '75.6355', 'longitude': '-105.6580'}, 'timezone': {'offset': '+3:00', 'description': 'Baghdad, Riyadh, Moscow, St. Petersburg'}}, 'email': 'carko.andriievskiy@example.com', 'login': {'uuid': 'e09a8fdf-2785-456d-af3f-4b513dfc76ef', 'username': 'bluezebra337', 'password': 'virgil', 'salt': 'jEIuuA24', 'md5': 'bda6a8364587ba34b70ba0d7a98b06ca', 'sha1': '89a1541943b3d5441f3c0be9b4a5522355d18482', 'sha256': 'abac5ba827872227b8396e78a56c3e02440405941569eae3bc2a4d097971b613'}, 'dob': {'date': '1987-02-10T05:41:11.102Z', 'age': 37}, 'registered': {'date': '2009-08-20T14:06:39.339Z', 'age': 14}, 'phone': '(067) W98-4399', 'cell': '(068) H01-3031', 'id': {'name': '', 'value': None}, 'picture': {'large': 'https://randomuser.me/api/portraits/men/8.jpg', 'medium': 'https://randomuser.me/api/portraits/med/men/8.jpg', 'thumbnail': 'https://randomuser.me/api/portraits/thumb/men/8.jpg'}, 'nat': 'UA'}</msg>
<arg>${json_data['results'][0]}</arg>
<doc>Logs the given message with the given level.</doc>
<status status="PASS" start="2024-07-01T22:15:02.484749" elapsed="0.000388"/>
</kw>
<kw name="Log" owner="BuiltIn">
<msg time="2024-07-01T22:15:02.485551" level="INFO">email</msg>
<arg>${key}</arg>
<doc>Logs the given message with the given level.</doc>
<status status="PASS" start="2024-07-01T22:15:02.485426" elapsed="0.000162"/>
</kw>
<var name="${key}">email</var>
<status status="PASS" start="2024-07-01T22:15:02.484083" elapsed="0.001720"/>
</iter>
<iter>
<kw name="Dictionary Should Contain Key" owner="Collections">
<arg>${json_data['results'][0]}</arg>
<arg>${key}</arg>
<doc>Fails if ``key`` is not found from ``dictionary``.</doc>
<status status="PASS" start="2024-07-01T22:15:02.486083" elapsed="0.000393"/>
</kw>
<kw name="Log" owner="BuiltIn">
<msg time="2024-07-01T22:15:02.487000" level="INFO">{'gender': 'male', 'name': {'title': 'Mr', 'first': 'Carko', 'last': 'Andriievskiy'}, 'location': {'street': {'number': 6449, 'name': 'Yuriya Lipi'}, 'city': 'Chervonograd', 'state': 'Hersonska', 'country': 'Ukraine', 'postcode': 98454, 'coordinates': {'latitude': '75.6355', 'longitude': '-105.6580'}, 'timezone': {'offset': '+3:00', 'description': 'Baghdad, Riyadh, Moscow, St. Petersburg'}}, 'email': 'carko.andriievskiy@example.com', 'login': {'uuid': 'e09a8fdf-2785-456d-af3f-4b513dfc76ef', 'username': 'bluezebra337', 'password': 'virgil', 'salt': 'jEIuuA24', 'md5': 'bda6a8364587ba34b70ba0d7a98b06ca', 'sha1': '89a1541943b3d5441f3c0be9b4a5522355d18482', 'sha256': 'abac5ba827872227b8396e78a56c3e02440405941569eae3bc2a4d097971b613'}, 'dob': {'date': '1987-02-10T05:41:11.102Z', 'age': 37}, 'registered': {'date': '2009-08-20T14:06:39.339Z', 'age': 14}, 'phone': '(067) W98-4399', 'cell': '(068) H01-3031', 'id': {'name': '', 'value': None}, 'picture': {'large': 'https://randomuser.me/api/portraits/men/8.jpg', 'medium': 'https://randomuser.me/api/portraits/med/men/8.jpg', 'thumbnail': 'https://randomuser.me/api/portraits/thumb/men/8.jpg'}, 'nat': 'UA'}</msg>
<arg>${json_data['results'][0]}</arg>
<doc>Logs the given message with the given level.</doc>
<status status="PASS" start="2024-07-01T22:15:02.486654" elapsed="0.000391"/>
</kw>
<kw name="Log" owner="BuiltIn">
<msg time="2024-07-01T22:15:02.487456" level="INFO">login</msg>
<arg>${key}</arg>
<doc>Logs the given message with the given level.</doc>
<status status="PASS" start="2024-07-01T22:15:02.487331" elapsed="0.000161"/>
</kw>
<var name="${key}">login</var>
<status status="PASS" start="2024-07-01T22:15:02.485972" elapsed="0.001765"/>
</iter>
<var>${key}</var>
<value>@{expected_keys}</value>
<status status="PASS" start="2024-07-01T22:15:02.478029" elapsed="0.009832"/>
</for>
<kw name="Create List" owner="BuiltIn">
<msg time="2024-07-01T22:15:02.488180" level="INFO">${expected_keysTwo} = ['username', 'password']</msg>
<var>${expected_keysTwo}</var>
<arg>username</arg>
<arg>password</arg>
<doc>Returns a list containing given items.</doc>
<status status="PASS" start="2024-07-01T22:15:02.488047" elapsed="0.000186"/>
</kw>
<for flavor="IN">
<iter>
<kw name="Dictionary Should Contain Key" owner="Collections">
<arg>${json_data['results'][0]['login']}</arg>
<arg>${keyTwo}</arg>
<doc>Fails if ``key`` is not found from ``dictionary``.</doc>
<status status="PASS" start="2024-07-01T22:15:02.488732" elapsed="0.000384"/>
</kw>
<kw name="Dictionary Should Contain Key" owner="Collections">
<arg>${json_data['results'][0]['login']}</arg>
<arg>${keyTwo}</arg>
<doc>Fails if ``key`` is not found from ``dictionary``.</doc>
<status status="PASS" start="2024-07-01T22:15:02.489292" elapsed="0.000373"/>
</kw>
<kw name="Log" owner="BuiltIn">
<msg time="2024-07-01T22:15:02.489970" level="INFO">username</msg>
<arg>${keyTwo}</arg>
<doc>Logs the given message with the given level.</doc>
<status status="PASS" start="2024-07-01T22:15:02.489845" elapsed="0.000183"/>
</kw>
<var name="${keyTwo}">username</var>
<status status="PASS" start="2024-07-01T22:15:02.488628" elapsed="0.001703"/>
</iter>
<iter>
<kw name="Dictionary Should Contain Key" owner="Collections">
<arg>${json_data['results'][0]['login']}</arg>
<arg>${keyTwo}</arg>
<doc>Fails if ``key`` is not found from ``dictionary``.</doc>
<status status="PASS" start="2024-07-01T22:15:02.490637" elapsed="0.000421"/>
</kw>
<kw name="Dictionary Should Contain Key" owner="Collections">
<arg>${json_data['results'][0]['login']}</arg>
<arg>${keyTwo}</arg>
<doc>Fails if ``key`` is not found from ``dictionary``.</doc>
<status status="PASS" start="2024-07-01T22:15:02.491237" elapsed="0.000368"/>
</kw>
<kw name="Log" owner="BuiltIn">
<msg time="2024-07-01T22:15:02.491966" level="INFO">password</msg>
<arg>${keyTwo}</arg>
<doc>Logs the given message with the given level.</doc>
<status status="PASS" start="2024-07-01T22:15:02.491844" elapsed="0.000164"/>
</kw>
<var name="${keyTwo}">password</var>
<status status="PASS" start="2024-07-01T22:15:02.490528" elapsed="0.001700"/>
</iter>
<var>${keyTwo}</var>
<value>@{expected_keysTwo}</value>
<status status="PASS" start="2024-07-01T22:15:02.488480" elapsed="0.003868"/>
</for>
<status status="PASS" start="2024-07-01T22:15:02.388864" elapsed="0.103632"/>
</kw>
<doc>Testa a estrutura da resposta da API.</doc>
<tag>testeEstruturaResposta</tag>
<status status="PASS" start="2024-07-01T22:15:02.388378" elapsed="0.104302"/>
</test>
<test id="s1-s1-t4" name="Validar tipos de dados" line="28">
<kw name="Teste de Tipos de Dados" owner="random-user-service">
<kw name="GET On Session" owner="RequestsLibrary">
<msg time="2024-07-01T22:15:02.547225" level="INFO">GET Request : url=https://randomuser.me/api 
 path_url=/api 
 headers={'User-Agent': 'python-requests/2.32.3', 'Accept-Encoding': 'gzip, deflate', 'Accept': '*/*', 'Connection': 'keep-alive'} 
 body=None 
 </msg>
<msg time="2024-07-01T22:15:02.547311" level="INFO">GET Response : url=https://randomuser.me/api 
 status=200, reason=OK 
 headers={'Date': 'Mon, 01 Jul 2024 22:15:02 GMT', 'Content-Type': 'application/json; charset=utf-8', 'Transfer-Encoding': 'chunked', 'Connection': 'keep-alive', 'X-Powered-By': 'Express', 'Access-Control-Allow-Origin': '*', 'Cache-Control': 'no-cache', 'ETag': 'W/"495-yEOI+M1r+WCvKbbns39gpcgbb0s"', 'Vary': 'Accept-Encoding', 'Content-Encoding': 'gzip', 'CF-Cache-Status': 'DYNAMIC', 'Report-To': '{"endpoints":[{"url":"https:\\/\\/a.nel.cloudflare.com\\/report\\/v4?s=W3ImkYsuY8iPUKHS%2FsR6GwbnlpOHjOLUhqbtOFCbpmfnt81sD7KrUvTrsTqcqrM%2FUKTg2EMJ8FjZIov9Zmh2PFj6hcvnfWbtCc67MRcF15vpKph26C0UMoikzckmXgnq"}],"group":"cf-nel","max_age":604800}', 'NEL': '{"success_fraction":0,"report_to":"cf-nel","max_age":604800}', 'Server': 'cloudflare', 'CF-RAY': '89c9c0a09a1d2099-IAD', 'alt-svc': 'h3=":443"; ma=86400'} 
 body={"results":[{"gender":"male","name":{"title":"Mr","first":"Raul","last":"Campbell"},"location":{"street":{"number":9964,"name":"Walnut Hill Ln"},"city":"Nowra","state":"Northern Territory","country":"Australia","postcode":3208,"coordinates":{"latitude":"-89.9089","longitude":"-110.9454"},"timezone":{"offset":"+1:00","description":"Brussels, Copenhagen, Madrid, Paris"}},"email":"raul.campbell@example.com","login":{"uuid":"c17fe942-d050-4240-b7bf-d003b2c59887","username":"sadzebra881","password":"insanity","salt":"1awbksbE","md5":"c937ca7b8c51f65423d1872e269d7585","sha1":"3d9000e3d3df8de15f13acc8c51c9fb795bc481c","sha256":"fa8e3426c139b5a6cd9cef82c40db0bd09a409749364a810fa4d4b34164cc2a6"},"dob":{"date":"1944-09-13T19:12:47.377Z","age":79},"registered":{"date":"2003-01-09T09:34:56.616Z","age":21},"phone":"06-1736-5540","cell":"0483-826-291","id":{"name":"TFN","value":"213719014"},"picture":{"large":"https://randomuser.me/api/portraits/men/24.jpg","medium":"https://randomuser.me/api/portraits/med/men/24.jpg","thumbnail":"https://randomuser.me/api/portraits/thumb/men/24.jpg"},"nat":"AU"}],"info":{"seed":"f3c2ba6f9aa68670","results":1,"page":1,"version":"1.4"}} 
 </msg>
<msg time="2024-07-01T22:15:02.547383" level="INFO">/opt/hostedtoolcache/Python/3.12.4/x64/lib/python3.12/site-packages/urllib3/connectionpool.py:1099: InsecureRequestWarning: Unverified HTTPS request is being made to host 'randomuser.me'. Adding certificate verification is strongly advised. See: https://urllib3.readthedocs.io/en/latest/advanced-usage.html#tls-warnings
  warnings.warn(</msg>
<msg time="2024-07-01T22:15:02.547491" level="INFO">${response} = &lt;Response [200]&gt;</msg>
<var>${response}</var>
<arg>consultarAPI</arg>
<arg>/api</arg>
<doc>Sends a GET request on a previously created HTTP Session.</doc>
<status status="PASS" start="2024-07-01T22:15:02.495237" elapsed="0.052304"/>
</kw>
<kw name="Set Variable" owner="BuiltIn">
<msg time="2024-07-01T22:15:02.548505" level="INFO">${json_data} = {'results': [{'gender': 'male', 'name': {'title': 'Mr', 'first': 'Raul', 'last': 'Campbell'}, 'location': {'street': {'number': 9964, 'name': 'Walnut Hill Ln'}, 'city': 'Nowra', 'state': 'Northern Ter...</msg>
<var>${json_data}</var>
<arg>${response.json()}</arg>
<doc>Returns the given values which can then be assigned to a variables.</doc>
<status status="PASS" start="2024-07-01T22:15:02.548038" elapsed="0.000495"/>
</kw>
<kw name="Log" owner="BuiltIn">
<msg time="2024-07-01T22:15:02.549001" level="INFO">{'results': [{'gender': 'male', 'name': {'title': 'Mr', 'first': 'Raul', 'last': 'Campbell'}, 'location': {'street': {'number': 9964, 'name': 'Walnut Hill Ln'}, 'city': 'Nowra', 'state': 'Northern Territory', 'country': 'Australia', 'postcode': 3208, 'coordinates': {'latitude': '-89.9089', 'longitude': '-110.9454'}, 'timezone': {'offset': '+1:00', 'description': 'Brussels, Copenhagen, Madrid, Paris'}}, 'email': 'raul.campbell@example.com', 'login': {'uuid': 'c17fe942-d050-4240-b7bf-d003b2c59887', 'username': 'sadzebra881', 'password': 'insanity', 'salt': '1awbksbE', 'md5': 'c937ca7b8c51f65423d1872e269d7585', 'sha1': '3d9000e3d3df8de15f13acc8c51c9fb795bc481c', 'sha256': 'fa8e3426c139b5a6cd9cef82c40db0bd09a409749364a810fa4d4b34164cc2a6'}, 'dob': {'date': '1944-09-13T19:12:47.377Z', 'age': 79}, 'registered': {'date': '2003-01-09T09:34:56.616Z', 'age': 21}, 'phone': '06-1736-5540', 'cell': '0483-826-291', 'id': {'name': 'TFN', 'value': '213719014'}, 'picture': {'large': 'https://randomuser.me/api/portraits/men/24.jpg', 'medium': 'https://randomuser.me/api/portraits/med/men/24.jpg', 'thumbnail': 'https://randomuser.me/api/portraits/thumb/men/24.jpg'}, 'nat': 'AU'}], 'info': {'seed': 'f3c2ba6f9aa68670', 'results': 1, 'page': 1, 'version': '1.4'}}</msg>
<arg>${json_data}</arg>
<doc>Logs the given message with the given level.</doc>
<status status="PASS" start="2024-07-01T22:15:02.548847" elapsed="0.000201"/>
</kw>
<kw name="Should Be String" owner="String">
<arg>${json_data['results'][0]['gender']}</arg>
<doc>Fails if the given ``item`` is not a string.</doc>
<status status="PASS" start="2024-07-01T22:15:02.549339" elapsed="0.000361"/>
</kw>
<kw name="Should Match Regexp" owner="BuiltIn">
<arg>${json_data['results'][0]['email']}</arg>
<arg>^[a-zA-Z0-9._%+-]+@[a-zA-Z0-9.-]+\.[a-zA-Z]{2,}$</arg>
<doc>Fails if ``string`` does not match ``pattern`` as a regular expression.</doc>
<status status="PASS" start="2024-07-01T22:15:02.549884" elapsed="0.000547"/>
</kw>
<kw name="Should Match Regexp" owner="BuiltIn">
<arg>${json_data['results'][0]['dob']['date']}</arg>
<arg>\\d{4}-\\d{2}-\\d{2}T\\d{2}:\\d{2}:\\d{2}\\.\\d{3}Z</arg>
<doc>Fails if ``string`` does not match ``pattern`` as a regular expression.</doc>
<status status="PASS" start="2024-07-01T22:15:02.550627" elapsed="0.000481"/>
</kw>
<kw name="Should Match Regexp" owner="BuiltIn">
<arg>${json_data['results'][0]['registered']['date']}</arg>
<arg>\\d{4}-\\d{2}-\\d{2}T\\d{2}:\\d{2}:\\d{2}\\.\\d{3}Z</arg>
<doc>Fails if ``string`` does not match ``pattern`` as a regular expression.</doc>
<status status="PASS" start="2024-07-01T22:15:02.551295" elapsed="0.000391"/>
</kw>
<kw name="Should Match Regexp" owner="BuiltIn">
<arg>${json_data['results'][0]['picture']['large']}</arg>
<arg>^https?://.*\.(?:png|jpe?g|gif|bmp)$</arg>
<doc>Fails if ``string`` does not match ``pattern`` as a regular expression.</doc>
<status status="PASS" start="2024-07-01T22:15:02.551875" elapsed="0.000448"/>
</kw>
<kw name="Should Match Regexp" owner="BuiltIn">
<arg>${json_data['results'][0]['picture']['medium']}</arg>
<arg>^https?://.*\.(?:png|jpe?g|gif|bmp)$</arg>
<doc>Fails if ``string`` does not match ``pattern`` as a regular expression.</doc>
<status status="PASS" start="2024-07-01T22:15:02.552504" elapsed="0.000346"/>
</kw>
<kw name="Should Match Regexp" owner="BuiltIn">
<arg>${json_data['results'][0]['picture']['thumbnail']}</arg>
<arg>^https?://.*\.(?:png|jpe?g|gif|bmp)$</arg>
<doc>Fails if ``string`` does not match ``pattern`` as a regular expression.</doc>
<status status="PASS" start="2024-07-01T22:15:02.553030" elapsed="0.000350"/>
</kw>
<kw name="Log" owner="BuiltIn">
<msg time="2024-07-01T22:15:02.553883" level="INFO">{'large': 'https://randomuser.me/api/portraits/men/24.jpg', 'medium': 'https://randomuser.me/api/portraits/med/men/24.jpg', 'thumbnail': 'https://randomuser.me/api/portraits/thumb/men/24.jpg'}</msg>
<arg>${json_data['results'][0]['picture']}</arg>
<doc>Logs the given message with the given level.</doc>
<status status="PASS" start="2024-07-01T22:15:02.553560" elapsed="0.000365"/>
</kw>
<status status="PASS" start="2024-07-01T22:15:02.495014" elapsed="0.059168"/>
</kw>
<kw name="Teste de Tipos de Dados - Postcode" owner="random-user-service">
<kw name="GET On Session" owner="RequestsLibrary">
<msg time="2024-07-01T22:15:02.697228" level="INFO">GET Request : url=https://randomuser.me/api 
 path_url=/api 
 headers={'User-Agent': 'python-requests/2.32.3', 'Accept-Encoding': 'gzip, deflate', 'Accept': '*/*', 'Connection': 'keep-alive'} 
 body=None 
 </msg>
<msg time="2024-07-01T22:15:02.697322" level="INFO">GET Response : url=https://randomuser.me/api 
 status=200, reason=OK 
 headers={'Date': 'Mon, 01 Jul 2024 22:15:02 GMT', 'Content-Type': 'application/json; charset=utf-8', 'Transfer-Encoding': 'chunked', 'Connection': 'keep-alive', 'X-Powered-By': 'Express', 'Access-Control-Allow-Origin': '*', 'Cache-Control': 'no-cache', 'ETag': 'W/"47e-eGiszl45Puh7HkFuax9PvprZKb8"', 'Vary': 'Accept-Encoding', 'Content-Encoding': 'gzip', 'CF-Cache-Status': 'DYNAMIC', 'Report-To': '{"endpoints":[{"url":"https:\\/\\/a.nel.cloudflare.com\\/report\\/v4?s=2DrhINs8vQX5k0jQu%2FelxeHI0%2FA1Co1Hf7lYBqxtHvu%2Bco2cZq71DuV2UB%2FVCbzpKpcr1%2FiHTYYQUiD3UIubTZkf8stuBjTkOFdfLm7FqgJZwqp5zVsWoqvAi8qRRanW"}],"group":"cf-nel","max_age":604800}', 'NEL': '{"success_fraction":0,"report_to":"cf-nel","max_age":604800}', 'Server': 'cloudflare', 'CF-RAY': '89c9c0a0fa982099-IAD', 'alt-svc': 'h3=":443"; ma=86400'} 
 body={"results":[{"gender":"male","name":{"title":"Mr","first":"Ray","last":"Pierce"},"location":{"street":{"number":330,"name":"O'Connell Street"},"city":"Letterkenny","state":"Cork City","country":"Ireland","postcode":29214,"coordinates":{"latitude":"4.1638","longitude":"-139.3689"},"timezone":{"offset":"-1:00","description":"Azores, Cape Verde Islands"}},"email":"ray.pierce@example.com","login":{"uuid":"cb609823-dba7-4808-8639-4cde614a9824","username":"bluemeercat373","password":"hans","salt":"ZRPDFbGb","md5":"53c6373b59c17729136a6d2c3e5a4599","sha1":"9377202aee07f2bf20701c0fe8d62ca05e529cce","sha256":"1176e9d9943fc20c24074d9f0dcf5421cdf137c84266aa681182a2690282bcd2"},"dob":{"date":"1990-03-25T13:20:49.352Z","age":34},"registered":{"date":"2019-11-08T15:16:16.438Z","age":4},"phone":"031-026-5512","cell":"081-346-8621","id":{"name":"PPS","value":"7109482T"},"picture":{"large":"https://randomuser.me/api/portraits/men/88.jpg","medium":"https://randomuser.me/api/portraits/med/men/88.jpg","thumbnail":"https://randomuser.me/api/portraits/thumb/men/88.jpg"},"nat":"IE"}],"info":{"seed":"46cf4da97d91cc2e","results":1,"page":1,"version":"1.4"}} 
 </msg>
<msg time="2024-07-01T22:15:02.697388" level="INFO">/opt/hostedtoolcache/Python/3.12.4/x64/lib/python3.12/site-packages/urllib3/connectionpool.py:1099: InsecureRequestWarning: Unverified HTTPS request is being made to host 'randomuser.me'. Adding certificate verification is strongly advised. See: https://urllib3.readthedocs.io/en/latest/advanced-usage.html#tls-warnings
  warnings.warn(</msg>
<msg time="2024-07-01T22:15:02.697510" level="INFO">${response} = &lt;Response [200]&gt;</msg>
<var>${response}</var>
<arg>consultarAPI</arg>
<arg>/api</arg>
<doc>Sends a GET request on a previously created HTTP Session.</doc>
<status status="PASS" start="2024-07-01T22:15:02.554618" elapsed="0.142935"/>
</kw>
<kw name="Set Variable" owner="BuiltIn">
<msg time="2024-07-01T22:15:02.698747" level="INFO">${json_data} = {'results': [{'gender': 'male', 'name': {'title': 'Mr', 'first': 'Ray', 'last': 'Pierce'}, 'location': {'street': {'number': 330, 'name': "O'Connell Street"}, 'city': 'Letterkenny', 'state': 'Cork Cit...</msg>
<var>${json_data}</var>
<arg>${response.json()}</arg>
<doc>Returns the given values which can then be assigned to a variables.</doc>
<status status="PASS" start="2024-07-01T22:15:02.698162" elapsed="0.000614"/>
</kw>
<kw name="Log" owner="BuiltIn">
<msg time="2024-07-01T22:15:02.699260" level="INFO">{'results': [{'gender': 'male', 'name': {'title': 'Mr', 'first': 'Ray', 'last': 'Pierce'}, 'location': {'street': {'number': 330, 'name': "O'Connell Street"}, 'city': 'Letterkenny', 'state': 'Cork City', 'country': 'Ireland', 'postcode': 29214, 'coordinates': {'latitude': '4.1638', 'longitude': '-139.3689'}, 'timezone': {'offset': '-1:00', 'description': 'Azores, Cape Verde Islands'}}, 'email': 'ray.pierce@example.com', 'login': {'uuid': 'cb609823-dba7-4808-8639-4cde614a9824', 'username': 'bluemeercat373', 'password': 'hans', 'salt': 'ZRPDFbGb', 'md5': '53c6373b59c17729136a6d2c3e5a4599', 'sha1': '9377202aee07f2bf20701c0fe8d62ca05e529cce', 'sha256': '1176e9d9943fc20c24074d9f0dcf5421cdf137c84266aa681182a2690282bcd2'}, 'dob': {'date': '1990-03-25T13:20:49.352Z', 'age': 34}, 'registered': {'date': '2019-11-08T15:16:16.438Z', 'age': 4}, 'phone': '031-026-5512', 'cell': '081-346-8621', 'id': {'name': 'PPS', 'value': '7109482T'}, 'picture': {'large': 'https://randomuser.me/api/portraits/men/88.jpg', 'medium': 'https://randomuser.me/api/portraits/med/men/88.jpg', 'thumbnail': 'https://randomuser.me/api/portraits/thumb/men/88.jpg'}, 'nat': 'IE'}], 'info': {'seed': '46cf4da97d91cc2e', 'results': 1, 'page': 1, 'version': '1.4'}}</msg>
<arg>${json_data}</arg>
<doc>Logs the given message with the given level.</doc>
<status status="PASS" start="2024-07-01T22:15:02.699090" elapsed="0.000217"/>
</kw>
<kw name="Should Be Equal As Numbers" owner="BuiltIn">
<arg>${json_data['results'][0]['location']['postcode']}</arg>
<arg>${json_data['results'][0]['location']['postcode']}</arg>
<doc>Fails if objects are unequal after converting them to real numbers.</doc>
<status status="PASS" start="2024-07-01T22:15:02.699594" elapsed="0.000652"/>
</kw>
<kw name="Log" owner="BuiltIn">
<msg time="2024-07-01T22:15:02.700772" level="INFO">29214</msg>
<arg>${json_data['results'][0]['location']['postcode']}</arg>
<doc>Logs the given message with the given level.</doc>
<status status="PASS" start="2024-07-01T22:15:02.700434" elapsed="0.000378"/>
</kw>
<status status="PASS" start="2024-07-01T22:15:02.554397" elapsed="0.146699"/>
</kw>
<doc>Testa se os tipos de dados na resposta da API estão corretos.</doc>
<tag>testeTiposDados</tag>
<status status="PASS" start="2024-07-01T22:15:02.494460" elapsed="0.206805"/>
</test>
<test id="s1-s1-t5" name="Validar conteudo" line="35">
<kw name="Teste de Tipos de Conteudo" owner="random-user-service">
<kw name="GET On Session" owner="RequestsLibrary">
<msg time="2024-07-01T22:15:02.858771" level="INFO">GET Request : url=https://randomuser.me/api 
 path_url=/api 
 headers={'User-Agent': 'python-requests/2.32.3', 'Accept-Encoding': 'gzip, deflate', 'Accept': '*/*', 'Connection': 'keep-alive'} 
 body=None 
 </msg>
<msg time="2024-07-01T22:15:02.858869" level="INFO">GET Response : url=https://randomuser.me/api 
 status=200, reason=OK 
 headers={'Date': 'Mon, 01 Jul 2024 22:15:02 GMT', 'Content-Type': 'application/json; charset=utf-8', 'Transfer-Encoding': 'chunked', 'Connection': 'keep-alive', 'X-Powered-By': 'Express', 'Access-Control-Allow-Origin': '*', 'Cache-Control': 'no-cache', 'ETag': 'W/"4ad-9RiKckADktbBylPb+Cqh7LiNeqY"', 'Vary': 'Accept-Encoding', 'Content-Encoding': 'gzip', 'CF-Cache-Status': 'DYNAMIC', 'Report-To': '{"endpoints":[{"url":"https:\\/\\/a.nel.cloudflare.com\\/report\\/v4?s=oDWJqWc4oqnCFmCEypKJUkkC2qubvVf8Kc2oYDuFBgfqYR5UwAMR6OdNKfBlFgDmXYOpaBs%2BCPoLD3zsfSDv8hLFU9mdRY%2Fz1%2FgRqW7eXIbjrHrLhizS0FcGDTa%2BdUwj"}],"group":"cf-nel","max_age":604800}', 'NEL': '{"success_fraction":0,"report_to":"cf-nel","max_age":604800}', 'Server': 'cloudflare', 'CF-RAY': '89c9c0a1eb952099-IAD', 'alt-svc': 'h3=":443"; ma=86400'} 
 body={"results":[{"gender":"male","name":{"title":"Monsieur","first":"Ismail","last":"Gerard"},"location":{"street":{"number":2617,"name":"Rue de la Baleine"},"city":"Richterswil","state":"Graubünden","country":"Switzerland","postcode":2363,"coordinates":{"latitude":"-55.9298","longitude":"-62.4968"},"timezone":{"offset":"+3:00","description":"Baghdad, Riyadh, Moscow, St. Petersburg"}},"email":"ismail.gerard@example.com","login":{"uuid":"66849b5a-6347-4a78-8e1e-5de32ce7e747","username":"beautifulwolf402","password":"trauma","salt":"ApsBOEIH","md5":"5cdcc3f019369afb6a3bbbd890902753","sha1":"ce28961a25b9551a888162ec9c0b135ae86c3407","sha256":"7b5505e554757f175405a8fc791731bedbed031eeb547d00e7e4fca40271cbd3"},"dob":{"date":"1992-05-14T12:20:29.386Z","age":32},"registered":{"date":"2020-03-05T13:45:25.544Z","age":4},"phone":"078 948 42 43","cell":"076 241 57 99","id":{"name":"AVS","value":"756.4212.2144.22"},"picture":{"large":"https://randomuser.me/api/portraits/men/21.jpg","medium":"https://randomuser.me/api/portraits/med/men/21.jpg","thumbnail":"https://randomuser.me/api/portraits/thumb/men/21.jpg"},"nat":"CH"}],"info":{"seed":"6fcf13732e2c0daf","results":1,"page":1,"version":"1.4"}} 
 </msg>
<msg time="2024-07-01T22:15:02.858958" level="INFO">/opt/hostedtoolcache/Python/3.12.4/x64/lib/python3.12/site-packages/urllib3/connectionpool.py:1099: InsecureRequestWarning: Unverified HTTPS request is being made to host 'randomuser.me'. Adding certificate verification is strongly advised. See: https://urllib3.readthedocs.io/en/latest/advanced-usage.html#tls-warnings
  warnings.warn(</msg>
<msg time="2024-07-01T22:15:02.859101" level="INFO">${response} = &lt;Response [200]&gt;</msg>
<var>${response}</var>
<arg>consultarAPI</arg>
<arg>/api</arg>
<doc>Sends a GET request on a previously created HTTP Session.</doc>
<status status="PASS" start="2024-07-01T22:15:02.703951" elapsed="0.155189"/>
</kw>
<kw name="Set Variable" owner="BuiltIn">
<msg time="2024-07-01T22:15:02.860207" level="INFO">${json_data} = {'results': [{'gender': 'male', 'name': {'title': 'Monsieur', 'first': 'Ismail', 'last': 'Gerard'}, 'location': {'street': {'number': 2617, 'name': 'Rue de la Baleine'}, 'city': 'Richterswil', 'state'...</msg>
<var>${json_data}</var>
<arg>${response.json()}</arg>
<doc>Returns the given values which can then be assigned to a variables.</doc>
<status status="PASS" start="2024-07-01T22:15:02.859695" elapsed="0.000540"/>
</kw>
<kw name="Set Variable" owner="BuiltIn">
<msg time="2024-07-01T22:15:02.860920" level="INFO">${name_title} = Monsieur</msg>
<var>${name_title}</var>
<arg>${json_data["results"][0]["name"]["title"]}</arg>
<doc>Returns the given values which can then be assigned to a variables.</doc>
<status status="PASS" start="2024-07-01T22:15:02.860536" elapsed="0.000417"/>
</kw>
<kw name="Create List" owner="BuiltIn">
<msg time="2024-07-01T22:15:02.861391" level="INFO">${allowed_titles} = ['Mr', 'Ms', 'Miss', 'Mrs', 'Madame', 'Monsieur']</msg>
<var>${allowed_titles}</var>
<arg>Mr</arg>
<arg>Ms</arg>
<arg>Miss</arg>
<arg>Mrs</arg>
<arg>Madame</arg>
<arg>Monsieur</arg>
<doc>Returns a list containing given items.</doc>
<status status="PASS" start="2024-07-01T22:15:02.861242" elapsed="0.000172"/>
</kw>
<kw name="List Should Contain Value" owner="Collections">
<arg>${allowed_titles}</arg>
<arg>${name_title}</arg>
<doc>Fails if the ``value`` is not found from ``list``.</doc>
<status status="PASS" start="2024-07-01T22:15:02.861714" elapsed="0.000175"/>
</kw>
<kw name="Set Variable" owner="BuiltIn">
<msg time="2024-07-01T22:15:02.862425" level="INFO">${name_country} = CH</msg>
<var>${name_country}</var>
<arg>${json_data["results"][0]["nat"]}</arg>
<doc>Returns the given values which can then be assigned to a variables.</doc>
<status status="PASS" start="2024-07-01T22:15:02.862066" elapsed="0.000383"/>
</kw>
<kw name="Create List" owner="BuiltIn">
<msg time="2024-07-01T22:15:02.863325" level="INFO">${list_country} = ['AD', 'AE', 'AF', 'AG', 'AI', 'AL', 'AM', 'AO', 'AQ', 'AR', 'AS', 'AT', 'AU', 'AW', 'AX', 'AZ', 'BA', 'BB', 'BD', 'BE', 'BF', 'BG', 'BH', 'BI', 'BJ', 'BL', 'BM', 'BN', 'BO', 'BQ', 'BR', 'BS', 'BT', '...</msg>
<var>${list_country}</var>
<arg>AD</arg>
<arg>AE</arg>
<arg>AF</arg>
<arg>AG</arg>
<arg>AI</arg>
<arg>AL</arg>
<arg>AM</arg>
<arg>AO</arg>
<arg>AQ</arg>
<arg>AR</arg>
<arg>AS</arg>
<arg>AT</arg>
<arg>AU</arg>
<arg>AW</arg>
<arg>AX</arg>
<arg>AZ</arg>
<arg>BA</arg>
<arg>BB</arg>
<arg>BD</arg>
<arg>BE</arg>
<arg>BF</arg>
<arg>BG</arg>
<arg>BH</arg>
<arg>BI</arg>
<arg>BJ</arg>
<arg>BL</arg>
<arg>BM</arg>
<arg>BN</arg>
<arg>BO</arg>
<arg>BQ</arg>
<arg>BR</arg>
<arg>BS</arg>
<arg>BT</arg>
<arg>BV</arg>
<arg>BW</arg>
<arg>BY</arg>
<arg>BZ</arg>
<arg>CA</arg>
<arg>CC</arg>
<arg>CD</arg>
<arg>CF</arg>
<arg>CG</arg>
<arg>CH</arg>
<arg>CI</arg>
<arg>CK</arg>
<arg>CL</arg>
<arg>CM</arg>
<arg>CN</arg>
<arg>CO</arg>
<arg>CR</arg>
<arg>CU</arg>
<arg>CV</arg>
<arg>CW</arg>
<arg>CX</arg>
<arg>CY</arg>
<arg>CZ</arg>
<arg>DE</arg>
<arg>DJ</arg>
<arg>DK</arg>
<arg>DM</arg>
<arg>DO</arg>
<arg>DZ</arg>
<arg>EC</arg>
<arg>EE</arg>
<arg>EG</arg>
<arg>EH</arg>
<arg>ER</arg>
<arg>ES</arg>
<arg>ET</arg>
<arg>FI</arg>
<arg>FJ</arg>
<arg>FK</arg>
<arg>FM</arg>
<arg>FO</arg>
<arg>FR</arg>
<arg>GA</arg>
<arg>GB</arg>
<arg>GD</arg>
<arg>GE</arg>
<arg>GF</arg>
<arg>GG</arg>
<arg>GH</arg>
<arg>GI</arg>
<arg>GL</arg>
<arg>GM</arg>
<arg>GN</arg>
<arg>GP</arg>
<arg>GQ</arg>
<arg>GR</arg>
<arg>GS</arg>
<arg>GT</arg>
<arg>GU</arg>
<arg>GW</arg>
<arg>GY</arg>
<arg>HK</arg>
<arg>HM</arg>
<arg>HN</arg>
<arg>HR</arg>
<arg>HT</arg>
<arg>HU</arg>
<arg>ID</arg>
<arg>IE</arg>
<arg>IL</arg>
<arg>IM</arg>
<arg>IN</arg>
<arg>IO</arg>
<arg>IQ</arg>
<arg>IR</arg>
<arg>IS</arg>
<arg>IT</arg>
<arg>JE</arg>
<arg>JM</arg>
<arg>JO</arg>
<arg>JP</arg>
<arg>KE</arg>
<arg>KG</arg>
<arg>KH</arg>
<arg>KI</arg>
<arg>KM</arg>
<arg>KN</arg>
<arg>KP</arg>
<arg>KR</arg>
<arg>KW</arg>
<arg>KY</arg>
<arg>KZ</arg>
<arg>LA</arg>
<arg>LB</arg>
<arg>LC</arg>
<arg>LI</arg>
<arg>LK</arg>
<arg>LR</arg>
<arg>LS</arg>
<arg>LT</arg>
<arg>LU</arg>
<arg>LV</arg>
<arg>LY</arg>
<arg>MA</arg>
<arg>MC</arg>
<arg>MD</arg>
<arg>ME</arg>
<arg>MF</arg>
<arg>MG</arg>
<arg>MH</arg>
<arg>MK</arg>
<arg>ML</arg>
<arg>MM</arg>
<arg>MN</arg>
<arg>MO</arg>
<arg>MP</arg>
<arg>MQ</arg>
<arg>MR</arg>
<arg>MS</arg>
<arg>MT</arg>
<arg>MU</arg>
<arg>MV</arg>
<arg>MW</arg>
<arg>MX</arg>
<arg>MY</arg>
<arg>MZ</arg>
<arg>NA</arg>
<arg>NC</arg>
<arg>NE</arg>
<arg>NF</arg>
<arg>NG</arg>
<arg>NI</arg>
<arg>NL</arg>
<arg>NO</arg>
<arg>NP</arg>
<arg>NR</arg>
<arg>NU</arg>
<arg>NZ</arg>
<arg>OM</arg>
<arg>PA</arg>
<arg>PE</arg>
<arg>PF</arg>
<arg>PG</arg>
<arg>PH</arg>
<arg>PK</arg>
<arg>PL</arg>
<arg>PM</arg>
<arg>PN</arg>
<arg>PR</arg>
<arg>PS</arg>
<arg>PT</arg>
<arg>PW</arg>
<arg>PY</arg>
<arg>QA</arg>
<arg>RE</arg>
<arg>RO</arg>
<arg>RS</arg>
<arg>RU</arg>
<arg>RW</arg>
<arg>SA</arg>
<arg>SB</arg>
<arg>SC</arg>
<arg>SD</arg>
<arg>SE</arg>
<arg>SG</arg>
<arg>SH</arg>
<arg>SI</arg>
<arg>SJ</arg>
<arg>SK</arg>
<arg>SL</arg>
<arg>SM</arg>
<arg>SN</arg>
<arg>SO</arg>
<arg>SR</arg>
<arg>SS</arg>
<arg>ST</arg>
<arg>SV</arg>
<arg>SX</arg>
<arg>SY</arg>
<arg>SZ</arg>
<arg>TC</arg>
<arg>TD</arg>
<arg>TF</arg>
<arg>TG</arg>
<arg>TH</arg>
<arg>TJ</arg>
<arg>TK</arg>
<arg>TL</arg>
<arg>TM</arg>
<arg>TN</arg>
<arg>TO</arg>
<arg>TR</arg>
<arg>TT</arg>
<arg>TV</arg>
<arg>TW</arg>
<arg>TZ</arg>
<arg>UA</arg>
<arg>UG</arg>
<arg>UM</arg>
<arg>US</arg>
<arg>UY</arg>
<arg>UZ</arg>
<arg>VA</arg>
<arg>VC</arg>
<arg>VE</arg>
<arg>VG</arg>
<arg>VI</arg>
<arg>VN</arg>
<arg>VU</arg>
<arg>WF</arg>
<arg>WS</arg>
<arg>XK</arg>
<arg>YE</arg>
<arg>YT</arg>
<arg>ZA</arg>
<arg>ZM</arg>
<arg>ZW</arg>
<doc>Returns a list containing given items.</doc>
<status status="PASS" start="2024-07-01T22:15:02.862732" elapsed="0.000618"/>
</kw>
<kw name="List Should Contain Value" owner="Collections">
<arg>${list_country}</arg>
<arg>${name_country}</arg>
<doc>Fails if the ``value`` is not found from ``list``.</doc>
<status status="PASS" start="2024-07-01T22:15:02.864205" elapsed="0.000241"/>
</kw>
<kw name="Run Keyword If" owner="BuiltIn">
<kw name="Should Be True" owner="BuiltIn">
<arg>${True}</arg>
<doc>Fails if the given condition is not true.</doc>
<status status="PASS" start="2024-07-01T22:15:02.865432" elapsed="0.000145"/>
</kw>
<arg>${json_data["results"][0]["location"]["coordinates"]["latitude"]} &gt;= -90 and ${json_data["results"][0]["location"]["coordinates"]["latitude"]} &lt;= 90</arg>
<arg>Should Be True</arg>
<arg>${True}</arg>
<doc>Runs the given keyword with the given arguments, if ``condition`` is true.</doc>
<status status="PASS" start="2024-07-01T22:15:02.864683" elapsed="0.001016"/>
</kw>
<kw name="Run Keyword If" owner="BuiltIn">
<kw name="Should Be True" owner="BuiltIn">
<arg>${True}</arg>
<doc>Fails if the given condition is not true.</doc>
<status status="PASS" start="2024-07-01T22:15:02.866554" elapsed="0.000135"/>
</kw>
<arg>${json_data["results"][0]["location"]["coordinates"]["longitude"]} &gt;= -180 and ${json_data["results"][0]["location"]["coordinates"]["longitude"]} &lt;= 180</arg>
<arg>Should Be True</arg>
<arg>${True}</arg>
<doc>Runs the given keyword with the given arguments, if ``condition`` is true.</doc>
<status status="PASS" start="2024-07-01T22:15:02.865876" elapsed="0.000932"/>
</kw>
<status status="PASS" start="2024-07-01T22:15:02.703538" elapsed="0.163408"/>
</kw>
<doc>Testa o conteúdo específico dos campos retornados pela API.</doc>
<tag>testeConteudo</tag>
<status status="PASS" start="2024-07-01T22:15:02.703012" elapsed="0.164086"/>
</test>
<status status="PASS" start="2024-07-01T22:15:01.739051" elapsed="1.130102"/>
</suite>
<status status="PASS" start="2024-07-01T22:15:01.724819" elapsed="1.149491"/>
</suite>
<statistics>
<total>
<stat pass="5" fail="0" skip="0">All Tests</stat>
</total>
<tag>
<stat pass="1" fail="0" skip="0">testeConteudo</stat>
<stat pass="1" fail="0" skip="0">testeEstruturaResposta</stat>
<stat pass="1" fail="0" skip="0">testeRequisicaoBasica</stat>
<stat pass="1" fail="0" skip="0">testeTiposDados</stat>
</tag>
<suite>
<stat pass="5" fail="0" skip="0" id="s1" name="Tests">Tests</stat>
<stat pass="5" fail="0" skip="0" id="s1-s1" name="Random-User-Test">Tests.Random-User-Test</stat>
</suite>
</statistics>
<errors>
</errors>
</robot>
