<?xml version="1.0" encoding="UTF-8"?>
<robot generator="Robot 7.0.1 (Python 3.12.4 on linux)" generated="2024-06-30T08:17:31.332155" rpa="false" schemaversion="5">
<suite id="s1" name="Tests" source="/home/runner/work/ApiRandomUser/ApiRandomUser/RamdonUser/tests">
<suite id="s1-s1" name="Random-User-Test" source="/home/runner/work/ApiRandomUser/ApiRandomUser/RamdonUser/tests/random-user-test.robot">
<test id="s1-s1-t1" name="Conectar" line="13">
<kw name="Conectar API" owner="random-user-service">
<kw name="Create Session" owner="RequestsLibrary">
<msg time="2024-06-30T08:17:31.728825" level="INFO">Creating Session using : alias=consultarAPI, url=https://randomuser.me/, headers={},                     cookies={}, auth=None, timeout=None, proxies=None, verify=False,                     debug=0 </msg>
<arg>consultarAPI</arg>
<arg>${URL}</arg>
<doc>Create Session: create a HTTP session to a server</doc>
<status status="PASS" start="2024-06-30T08:17:31.728614" elapsed="0.000400"/>
</kw>
<status status="PASS" start="2024-06-30T08:17:31.727640" elapsed="0.001745"/>
</kw>
<status status="PASS" start="2024-06-30T08:17:31.727005" elapsed="0.002572"/>
</test>
<test id="s1-s1-t2" name="Validar retorno 200 e JSON Válido" line="16">
<kw name="Teste de Requisicao Basica" owner="random-user-service">
<kw name="GET On Session" owner="RequestsLibrary">
<msg time="2024-06-30T08:17:31.974576" level="INFO">GET Request : url=https://randomuser.me/api 
 path_url=/api 
 headers={'User-Agent': 'python-requests/2.32.3', 'Accept-Encoding': 'gzip, deflate', 'Accept': '*/*', 'Connection': 'keep-alive'} 
 body=None 
 </msg>
<msg time="2024-06-30T08:17:31.974725" level="INFO">GET Response : url=https://randomuser.me/api 
 status=200, reason=OK 
 headers={'Date': 'Sun, 30 Jun 2024 08:17:31 GMT', 'Content-Type': 'application/json; charset=utf-8', 'Transfer-Encoding': 'chunked', 'Connection': 'keep-alive', 'X-Powered-By': 'Express', 'Access-Control-Allow-Origin': '*', 'Cache-Control': 'no-cache', 'ETag': 'W/"49b-P6XdZWsIZVrDDIicdvfY7n6WE8s"', 'Vary': 'Accept-Encoding', 'Content-Encoding': 'gzip', 'CF-Cache-Status': 'DYNAMIC', 'Report-To': '{"endpoints":[{"url":"https:\\/\\/a.nel.cloudflare.com\\/report\\/v4?s=945RMYLJ6x6cYB1%2FnSHKE6ukvMtJ4xSGTklXWcXecKLDOOSMTXQsB0znhLMHGucnNtbHnSxFKeMzWlvMaYF%2Fb7Z5rtI%2FaunOIyf29cHxw17%2Ff7uFMFwhfLwYkbpBrwTA"}],"group":"cf-nel","max_age":604800}', 'NEL': '{"success_fraction":0,"report_to":"cf-nel","max_age":604800}', 'Server': 'cloudflare', 'CF-RAY': '89bcb86e88ea104c-ORD', 'alt-svc': 'h3=":443"; ma=86400'} 
 body={"results":[{"gender":"female","name":{"title":"Miss","first":"Cristina","last":"Román"},"location":{"street":{"number":9805,"name":"Calle Mota"},"city":"Pontevedra","state":"Castilla y León","country":"Spain","postcode":12082,"coordinates":{"latitude":"-31.9891","longitude":"10.3283"},"timezone":{"offset":"+1:00","description":"Brussels, Copenhagen, Madrid, Paris"}},"email":"cristina.roman@example.com","login":{"uuid":"4c27fdb5-0001-4584-bcb4-5b93a8887a5d","username":"crazygoose758","password":"pigeon","salt":"ccgxGsQW","md5":"03517cc450c1eec574b0a9909dda7efe","sha1":"66c4dc5cadb39353f127bffa79eaec8a25022a5c","sha256":"4aa098d029c880dcffb2c8fe344b519802d468bc39861e293969117885f75da5"},"dob":{"date":"1979-11-16T10:21:54.461Z","age":44},"registered":{"date":"2006-01-24T03:45:53.898Z","age":18},"phone":"955-546-383","cell":"643-623-948","id":{"name":"DNI","value":"90102104-N"},"picture":{"large":"https://randomuser.me/api/portraits/women/66.jpg","medium":"https://randomuser.me/api/portraits/med/women/66.jpg","thumbnail":"https://randomuser.me/api/portraits/thumb/women/66.jpg"},"nat":"ES"}],"info":{"seed":"8e97072bee164c8c","results":1,"page":1,"version":"1.4"}} 
 </msg>
<msg time="2024-06-30T08:17:31.974813" level="INFO">/opt/hostedtoolcache/Python/3.12.4/x64/lib/python3.12/site-packages/urllib3/connectionpool.py:1099: InsecureRequestWarning: Unverified HTTPS request is being made to host 'randomuser.me'. Adding certificate verification is strongly advised. See: https://urllib3.readthedocs.io/en/latest/advanced-usage.html#tls-warnings
  warnings.warn(</msg>
<msg time="2024-06-30T08:17:31.974980" level="INFO">${response} = &lt;Response [200]&gt;</msg>
<var>${response}</var>
<arg>consultarAPI</arg>
<arg>/api</arg>
<doc>Sends a GET request on a previously created HTTP Session.</doc>
<status status="PASS" start="2024-06-30T08:17:31.732268" elapsed="0.242746"/>
</kw>
<kw name="Should Be Equal As Numbers" owner="BuiltIn">
<msg time="2024-06-30T08:17:31.975998" level="INFO">Argument types are:
&lt;class 'int'&gt;
&lt;class 'str'&gt;</msg>
<arg>${response.status_code}</arg>
<arg>200</arg>
<doc>Fails if objects are unequal after converting them to real numbers.</doc>
<status status="PASS" start="2024-06-30T08:17:31.975537" elapsed="0.000525"/>
</kw>
<kw name="Log" owner="BuiltIn">
<msg time="2024-06-30T08:17:31.976741" level="INFO">200</msg>
<arg>${response.status_code}</arg>
<doc>Logs the given message with the given level.</doc>
<status status="PASS" start="2024-06-30T08:17:31.976386" elapsed="0.000398"/>
</kw>
<kw name="Set Variable" owner="BuiltIn">
<msg time="2024-06-30T08:17:31.977535" level="INFO">${json_data} = {'results': [{'gender': 'female', 'name': {'title': 'Miss', 'first': 'Cristina', 'last': 'Román'}, 'location': {'street': {'number': 9805, 'name': 'Calle Mota'}, 'city': 'Pontevedra', 'state': 'Castil...</msg>
<var>${json_data}</var>
<arg>${response.json()}</arg>
<doc>Returns the given values which can then be assigned to a variables.</doc>
<status status="PASS" start="2024-06-30T08:17:31.977086" elapsed="0.000489"/>
</kw>
<kw name="Dictionary Should Contain Key" owner="Collections">
<arg>${json_data}</arg>
<arg>results</arg>
<doc>Fails if ``key`` is not found from ``dictionary``.</doc>
<status status="PASS" start="2024-06-30T08:17:31.977872" elapsed="0.000165"/>
</kw>
<status status="PASS" start="2024-06-30T08:17:31.732025" elapsed="0.246160"/>
</kw>
<doc>Testa se a API responde corretamente e retorna um objeto JSON válido.</doc>
<tag>testeRequisicaoBasica</tag>
<status status="PASS" start="2024-06-30T08:17:31.731492" elapsed="0.246874"/>
</test>
<test id="s1-s1-t3" name="Validar estrutura de resposta" line="22">
<kw name="Teste de Estrutura de Resposta" owner="random-user-service">
<kw name="GET On Session" owner="RequestsLibrary">
<msg time="2024-06-30T08:17:32.077750" level="INFO">GET Request : url=https://randomuser.me/api 
 path_url=/api 
 headers={'User-Agent': 'python-requests/2.32.3', 'Accept-Encoding': 'gzip, deflate', 'Accept': '*/*', 'Connection': 'keep-alive'} 
 body=None 
 </msg>
<msg time="2024-06-30T08:17:32.077841" level="INFO">GET Response : url=https://randomuser.me/api 
 status=200, reason=OK 
 headers={'Date': 'Sun, 30 Jun 2024 08:17:32 GMT', 'Content-Type': 'application/json; charset=utf-8', 'Transfer-Encoding': 'chunked', 'Connection': 'keep-alive', 'X-Powered-By': 'Express', 'Access-Control-Allow-Origin': '*', 'Cache-Control': 'no-cache', 'ETag': 'W/"49e-H/8yffZMwmRf7y09NiZ6X97kLqk"', 'Vary': 'Accept-Encoding', 'Content-Encoding': 'gzip', 'CF-Cache-Status': 'DYNAMIC', 'Report-To': '{"endpoints":[{"url":"https:\\/\\/a.nel.cloudflare.com\\/report\\/v4?s=thnDPlqI4nFo1i07OJDhlMRd1lJKSWC7BC6piHJpoX6Ukrp1izwfRLgCyOF%2FDOMM1HhJcH2tM5avGVJbcbhiZhNB8ftRlCyTxvNFIwKGVdV68jWiE6Oo6NunEJXF58Dm"}],"group":"cf-nel","max_age":604800}', 'NEL': '{"success_fraction":0,"report_to":"cf-nel","max_age":604800}', 'Server': 'cloudflare', 'CF-RAY': '89bcb86ee925104c-ORD', 'alt-svc': 'h3=":443"; ma=86400'} 
 body={"results":[{"gender":"female","name":{"title":"Ms","first":"Sowjanya","last":"Bharanya"},"location":{"street":{"number":7944,"name":"Bhavani Peth"},"city":"Rampur","state":"Delhi","country":"India","postcode":23029,"coordinates":{"latitude":"5.5961","longitude":"41.4010"},"timezone":{"offset":"0:00","description":"Western Europe Time, London, Lisbon, Casablanca"}},"email":"sowjanya.bharanya@example.com","login":{"uuid":"d2f7c1c4-24b5-42b1-b86c-5a00ab25fef5","username":"silvergoose686","password":"hampton","salt":"qSwjRgmI","md5":"40c43fd265d807084eaface7ac72881d","sha1":"92e5107914cee4406c106a0ebe4daebb28febebc","sha256":"e823067a3cd33263647b32d9d7a7230d9b7257b15d74059ef3bad282a4eeafc7"},"dob":{"date":"1945-10-17T02:26:21.607Z","age":78},"registered":{"date":"2002-09-21T03:07:34.874Z","age":21},"phone":"9139993932","cell":"9108484673","id":{"name":"UIDAI","value":"898178527577"},"picture":{"large":"https://randomuser.me/api/portraits/women/65.jpg","medium":"https://randomuser.me/api/portraits/med/women/65.jpg","thumbnail":"https://randomuser.me/api/portraits/thumb/women/65.jpg"},"nat":"IN"}],"info":{"seed":"07609a9e58761b67","results":1,"page":1,"version":"1.4"}} 
 </msg>
<msg time="2024-06-30T08:17:32.077963" level="INFO">/opt/hostedtoolcache/Python/3.12.4/x64/lib/python3.12/site-packages/urllib3/connectionpool.py:1099: InsecureRequestWarning: Unverified HTTPS request is being made to host 'randomuser.me'. Adding certificate verification is strongly advised. See: https://urllib3.readthedocs.io/en/latest/advanced-usage.html#tls-warnings
  warnings.warn(</msg>
<msg time="2024-06-30T08:17:32.078097" level="INFO">${response} = &lt;Response [200]&gt;</msg>
<var>${response}</var>
<arg>consultarAPI</arg>
<arg>/api</arg>
<doc>Sends a GET request on a previously created HTTP Session.</doc>
<status status="PASS" start="2024-06-30T08:17:31.981000" elapsed="0.097163"/>
</kw>
<kw name="Set Variable" owner="BuiltIn">
<msg time="2024-06-30T08:17:32.079150" level="INFO">${json_data} = {'results': [{'gender': 'female', 'name': {'title': 'Ms', 'first': 'Sowjanya', 'last': 'Bharanya'}, 'location': {'street': {'number': 7944, 'name': 'Bhavani Peth'}, 'city': 'Rampur', 'state': 'Delhi',...</msg>
<var>${json_data}</var>
<arg>${response.json()}</arg>
<doc>Returns the given values which can then be assigned to a variables.</doc>
<status status="PASS" start="2024-06-30T08:17:32.078659" elapsed="0.000519"/>
</kw>
<kw name="Log" owner="BuiltIn">
<msg time="2024-06-30T08:17:32.079641" level="INFO">{'results': [{'gender': 'female', 'name': {'title': 'Ms', 'first': 'Sowjanya', 'last': 'Bharanya'}, 'location': {'street': {'number': 7944, 'name': 'Bhavani Peth'}, 'city': 'Rampur', 'state': 'Delhi', 'country': 'India', 'postcode': 23029, 'coordinates': {'latitude': '5.5961', 'longitude': '41.4010'}, 'timezone': {'offset': '0:00', 'description': 'Western Europe Time, London, Lisbon, Casablanca'}}, 'email': 'sowjanya.bharanya@example.com', 'login': {'uuid': 'd2f7c1c4-24b5-42b1-b86c-5a00ab25fef5', 'username': 'silvergoose686', 'password': 'hampton', 'salt': 'qSwjRgmI', 'md5': '40c43fd265d807084eaface7ac72881d', 'sha1': '92e5107914cee4406c106a0ebe4daebb28febebc', 'sha256': 'e823067a3cd33263647b32d9d7a7230d9b7257b15d74059ef3bad282a4eeafc7'}, 'dob': {'date': '1945-10-17T02:26:21.607Z', 'age': 78}, 'registered': {'date': '2002-09-21T03:07:34.874Z', 'age': 21}, 'phone': '9139993932', 'cell': '9108484673', 'id': {'name': 'UIDAI', 'value': '898178527577'}, 'picture': {'large': 'https://randomuser.me/api/portraits/women/65.jpg', 'medium': 'https://randomuser.me/api/portraits/med/women/65.jpg', 'thumbnail': 'https://randomuser.me/api/portraits/thumb/women/65.jpg'}, 'nat': 'IN'}], 'info': {'seed': '07609a9e58761b67', 'results': 1, 'page': 1, 'version': '1.4'}}</msg>
<arg>${json_data}</arg>
<doc>Logs the given message with the given level.</doc>
<status status="PASS" start="2024-06-30T08:17:32.079482" elapsed="0.000206"/>
</kw>
<kw name="Dictionary Should Contain Key" owner="Collections">
<arg>${json_data}</arg>
<arg>results</arg>
<doc>Fails if ``key`` is not found from ``dictionary``.</doc>
<status status="PASS" start="2024-06-30T08:17:32.079969" elapsed="0.000156"/>
</kw>
<kw name="Should Not Be Empty" owner="BuiltIn">
<msg time="2024-06-30T08:17:32.080432" level="INFO">Length is 2.</msg>
<arg>${json_data}</arg>
<doc>Verifies that the given item is not empty.</doc>
<status status="PASS" start="2024-06-30T08:17:32.080302" elapsed="0.000168"/>
</kw>
<kw name="Create List" owner="BuiltIn">
<msg time="2024-06-30T08:17:32.081058" level="INFO">${expected_keys} = ['gender', 'name', 'location', 'email', 'login']</msg>
<var>${expected_keys}</var>
<arg>gender</arg>
<arg>name</arg>
<arg>location</arg>
<arg>email</arg>
<arg>login</arg>
<doc>Returns a list containing given items.</doc>
<status status="PASS" start="2024-06-30T08:17:32.080763" elapsed="0.000320"/>
</kw>
<for flavor="IN">
<iter>
<kw name="Dictionary Should Contain Key" owner="Collections">
<arg>${json_data['results'][0]}</arg>
<arg>${key}</arg>
<doc>Fails if ``key`` is not found from ``dictionary``.</doc>
<status status="PASS" start="2024-06-30T08:17:32.081656" elapsed="0.000390"/>
</kw>
<kw name="Log" owner="BuiltIn">
<msg time="2024-06-30T08:17:32.082648" level="INFO">{'gender': 'female', 'name': {'title': 'Ms', 'first': 'Sowjanya', 'last': 'Bharanya'}, 'location': {'street': {'number': 7944, 'name': 'Bhavani Peth'}, 'city': 'Rampur', 'state': 'Delhi', 'country': 'India', 'postcode': 23029, 'coordinates': {'latitude': '5.5961', 'longitude': '41.4010'}, 'timezone': {'offset': '0:00', 'description': 'Western Europe Time, London, Lisbon, Casablanca'}}, 'email': 'sowjanya.bharanya@example.com', 'login': {'uuid': 'd2f7c1c4-24b5-42b1-b86c-5a00ab25fef5', 'username': 'silvergoose686', 'password': 'hampton', 'salt': 'qSwjRgmI', 'md5': '40c43fd265d807084eaface7ac72881d', 'sha1': '92e5107914cee4406c106a0ebe4daebb28febebc', 'sha256': 'e823067a3cd33263647b32d9d7a7230d9b7257b15d74059ef3bad282a4eeafc7'}, 'dob': {'date': '1945-10-17T02:26:21.607Z', 'age': 78}, 'registered': {'date': '2002-09-21T03:07:34.874Z', 'age': 21}, 'phone': '9139993932', 'cell': '9108484673', 'id': {'name': 'UIDAI', 'value': '898178527577'}, 'picture': {'large': 'https://randomuser.me/api/portraits/women/65.jpg', 'medium': 'https://randomuser.me/api/portraits/med/women/65.jpg', 'thumbnail': 'https://randomuser.me/api/portraits/thumb/women/65.jpg'}, 'nat': 'IN'}</msg>
<arg>${json_data['results'][0]}</arg>
<doc>Logs the given message with the given level.</doc>
<status status="PASS" start="2024-06-30T08:17:32.082235" elapsed="0.000461"/>
</kw>
<kw name="Log" owner="BuiltIn">
<msg time="2024-06-30T08:17:32.083122" level="INFO">gender</msg>
<arg>${key}</arg>
<doc>Logs the given message with the given level.</doc>
<status status="PASS" start="2024-06-30T08:17:32.082994" elapsed="0.000166"/>
</kw>
<var name="${key}">gender</var>
<status status="PASS" start="2024-06-30T08:17:32.081533" elapsed="0.001844"/>
</iter>
<iter>
<kw name="Dictionary Should Contain Key" owner="Collections">
<arg>${json_data['results'][0]}</arg>
<arg>${key}</arg>
<doc>Fails if ``key`` is not found from ``dictionary``.</doc>
<status status="PASS" start="2024-06-30T08:17:32.083669" elapsed="0.000386"/>
</kw>
<kw name="Log" owner="BuiltIn">
<msg time="2024-06-30T08:17:32.084628" level="INFO">{'gender': 'female', 'name': {'title': 'Ms', 'first': 'Sowjanya', 'last': 'Bharanya'}, 'location': {'street': {'number': 7944, 'name': 'Bhavani Peth'}, 'city': 'Rampur', 'state': 'Delhi', 'country': 'India', 'postcode': 23029, 'coordinates': {'latitude': '5.5961', 'longitude': '41.4010'}, 'timezone': {'offset': '0:00', 'description': 'Western Europe Time, London, Lisbon, Casablanca'}}, 'email': 'sowjanya.bharanya@example.com', 'login': {'uuid': 'd2f7c1c4-24b5-42b1-b86c-5a00ab25fef5', 'username': 'silvergoose686', 'password': 'hampton', 'salt': 'qSwjRgmI', 'md5': '40c43fd265d807084eaface7ac72881d', 'sha1': '92e5107914cee4406c106a0ebe4daebb28febebc', 'sha256': 'e823067a3cd33263647b32d9d7a7230d9b7257b15d74059ef3bad282a4eeafc7'}, 'dob': {'date': '1945-10-17T02:26:21.607Z', 'age': 78}, 'registered': {'date': '2002-09-21T03:07:34.874Z', 'age': 21}, 'phone': '9139993932', 'cell': '9108484673', 'id': {'name': 'UIDAI', 'value': '898178527577'}, 'picture': {'large': 'https://randomuser.me/api/portraits/women/65.jpg', 'medium': 'https://randomuser.me/api/portraits/med/women/65.jpg', 'thumbnail': 'https://randomuser.me/api/portraits/thumb/women/65.jpg'}, 'nat': 'IN'}</msg>
<arg>${json_data['results'][0]}</arg>
<doc>Logs the given message with the given level.</doc>
<status status="PASS" start="2024-06-30T08:17:32.084240" elapsed="0.000435"/>
</kw>
<kw name="Log" owner="BuiltIn">
<msg time="2024-06-30T08:17:32.085100" level="INFO">name</msg>
<arg>${key}</arg>
<doc>Logs the given message with the given level.</doc>
<status status="PASS" start="2024-06-30T08:17:32.084965" elapsed="0.000172"/>
</kw>
<var name="${key}">name</var>
<status status="PASS" start="2024-06-30T08:17:32.083559" elapsed="0.001793"/>
</iter>
<iter>
<kw name="Dictionary Should Contain Key" owner="Collections">
<arg>${json_data['results'][0]}</arg>
<arg>${key}</arg>
<doc>Fails if ``key`` is not found from ``dictionary``.</doc>
<status status="PASS" start="2024-06-30T08:17:32.085631" elapsed="0.000373"/>
</kw>
<kw name="Log" owner="BuiltIn">
<msg time="2024-06-30T08:17:32.086571" level="INFO">{'gender': 'female', 'name': {'title': 'Ms', 'first': 'Sowjanya', 'last': 'Bharanya'}, 'location': {'street': {'number': 7944, 'name': 'Bhavani Peth'}, 'city': 'Rampur', 'state': 'Delhi', 'country': 'India', 'postcode': 23029, 'coordinates': {'latitude': '5.5961', 'longitude': '41.4010'}, 'timezone': {'offset': '0:00', 'description': 'Western Europe Time, London, Lisbon, Casablanca'}}, 'email': 'sowjanya.bharanya@example.com', 'login': {'uuid': 'd2f7c1c4-24b5-42b1-b86c-5a00ab25fef5', 'username': 'silvergoose686', 'password': 'hampton', 'salt': 'qSwjRgmI', 'md5': '40c43fd265d807084eaface7ac72881d', 'sha1': '92e5107914cee4406c106a0ebe4daebb28febebc', 'sha256': 'e823067a3cd33263647b32d9d7a7230d9b7257b15d74059ef3bad282a4eeafc7'}, 'dob': {'date': '1945-10-17T02:26:21.607Z', 'age': 78}, 'registered': {'date': '2002-09-21T03:07:34.874Z', 'age': 21}, 'phone': '9139993932', 'cell': '9108484673', 'id': {'name': 'UIDAI', 'value': '898178527577'}, 'picture': {'large': 'https://randomuser.me/api/portraits/women/65.jpg', 'medium': 'https://randomuser.me/api/portraits/med/women/65.jpg', 'thumbnail': 'https://randomuser.me/api/portraits/thumb/women/65.jpg'}, 'nat': 'IN'}</msg>
<arg>${json_data['results'][0]}</arg>
<doc>Logs the given message with the given level.</doc>
<status status="PASS" start="2024-06-30T08:17:32.086181" elapsed="0.000437"/>
</kw>
<kw name="Log" owner="BuiltIn">
<msg time="2024-06-30T08:17:32.087038" level="INFO">location</msg>
<arg>${key}</arg>
<doc>Logs the given message with the given level.</doc>
<status status="PASS" start="2024-06-30T08:17:32.086912" elapsed="0.000163"/>
</kw>
<var name="${key}">location</var>
<status status="PASS" start="2024-06-30T08:17:32.085525" elapsed="0.001764"/>
</iter>
<iter>
<kw name="Dictionary Should Contain Key" owner="Collections">
<arg>${json_data['results'][0]}</arg>
<arg>${key}</arg>
<doc>Fails if ``key`` is not found from ``dictionary``.</doc>
<status status="PASS" start="2024-06-30T08:17:32.087565" elapsed="0.000388"/>
</kw>
<kw name="Log" owner="BuiltIn">
<msg time="2024-06-30T08:17:32.088482" level="INFO">{'gender': 'female', 'name': {'title': 'Ms', 'first': 'Sowjanya', 'last': 'Bharanya'}, 'location': {'street': {'number': 7944, 'name': 'Bhavani Peth'}, 'city': 'Rampur', 'state': 'Delhi', 'country': 'India', 'postcode': 23029, 'coordinates': {'latitude': '5.5961', 'longitude': '41.4010'}, 'timezone': {'offset': '0:00', 'description': 'Western Europe Time, London, Lisbon, Casablanca'}}, 'email': 'sowjanya.bharanya@example.com', 'login': {'uuid': 'd2f7c1c4-24b5-42b1-b86c-5a00ab25fef5', 'username': 'silvergoose686', 'password': 'hampton', 'salt': 'qSwjRgmI', 'md5': '40c43fd265d807084eaface7ac72881d', 'sha1': '92e5107914cee4406c106a0ebe4daebb28febebc', 'sha256': 'e823067a3cd33263647b32d9d7a7230d9b7257b15d74059ef3bad282a4eeafc7'}, 'dob': {'date': '1945-10-17T02:26:21.607Z', 'age': 78}, 'registered': {'date': '2002-09-21T03:07:34.874Z', 'age': 21}, 'phone': '9139993932', 'cell': '9108484673', 'id': {'name': 'UIDAI', 'value': '898178527577'}, 'picture': {'large': 'https://randomuser.me/api/portraits/women/65.jpg', 'medium': 'https://randomuser.me/api/portraits/med/women/65.jpg', 'thumbnail': 'https://randomuser.me/api/portraits/thumb/women/65.jpg'}, 'nat': 'IN'}</msg>
<arg>${json_data['results'][0]}</arg>
<doc>Logs the given message with the given level.</doc>
<status status="PASS" start="2024-06-30T08:17:32.088134" elapsed="0.000394"/>
</kw>
<kw name="Log" owner="BuiltIn">
<msg time="2024-06-30T08:17:32.088945" level="INFO">email</msg>
<arg>${key}</arg>
<doc>Logs the given message with the given level.</doc>
<status status="PASS" start="2024-06-30T08:17:32.088820" elapsed="0.000163"/>
</kw>
<var name="${key}">email</var>
<status status="PASS" start="2024-06-30T08:17:32.087459" elapsed="0.001738"/>
</iter>
<iter>
<kw name="Dictionary Should Contain Key" owner="Collections">
<arg>${json_data['results'][0]}</arg>
<arg>${key}</arg>
<doc>Fails if ``key`` is not found from ``dictionary``.</doc>
<status status="PASS" start="2024-06-30T08:17:32.089480" elapsed="0.000378"/>
</kw>
<kw name="Log" owner="BuiltIn">
<msg time="2024-06-30T08:17:32.090388" level="INFO">{'gender': 'female', 'name': {'title': 'Ms', 'first': 'Sowjanya', 'last': 'Bharanya'}, 'location': {'street': {'number': 7944, 'name': 'Bhavani Peth'}, 'city': 'Rampur', 'state': 'Delhi', 'country': 'India', 'postcode': 23029, 'coordinates': {'latitude': '5.5961', 'longitude': '41.4010'}, 'timezone': {'offset': '0:00', 'description': 'Western Europe Time, London, Lisbon, Casablanca'}}, 'email': 'sowjanya.bharanya@example.com', 'login': {'uuid': 'd2f7c1c4-24b5-42b1-b86c-5a00ab25fef5', 'username': 'silvergoose686', 'password': 'hampton', 'salt': 'qSwjRgmI', 'md5': '40c43fd265d807084eaface7ac72881d', 'sha1': '92e5107914cee4406c106a0ebe4daebb28febebc', 'sha256': 'e823067a3cd33263647b32d9d7a7230d9b7257b15d74059ef3bad282a4eeafc7'}, 'dob': {'date': '1945-10-17T02:26:21.607Z', 'age': 78}, 'registered': {'date': '2002-09-21T03:07:34.874Z', 'age': 21}, 'phone': '9139993932', 'cell': '9108484673', 'id': {'name': 'UIDAI', 'value': '898178527577'}, 'picture': {'large': 'https://randomuser.me/api/portraits/women/65.jpg', 'medium': 'https://randomuser.me/api/portraits/med/women/65.jpg', 'thumbnail': 'https://randomuser.me/api/portraits/thumb/women/65.jpg'}, 'nat': 'IN'}</msg>
<arg>${json_data['results'][0]}</arg>
<doc>Logs the given message with the given level.</doc>
<status status="PASS" start="2024-06-30T08:17:32.090039" elapsed="0.000436"/>
</kw>
<kw name="Log" owner="BuiltIn">
<msg time="2024-06-30T08:17:32.090899" level="INFO">login</msg>
<arg>${key}</arg>
<doc>Logs the given message with the given level.</doc>
<status status="PASS" start="2024-06-30T08:17:32.090775" elapsed="0.000161"/>
</kw>
<var name="${key}">login</var>
<status status="PASS" start="2024-06-30T08:17:32.089363" elapsed="0.001786"/>
</iter>
<var>${key}</var>
<value>@{expected_keys}</value>
<status status="PASS" start="2024-06-30T08:17:32.081342" elapsed="0.009924"/>
</for>
<kw name="Create List" owner="BuiltIn">
<msg time="2024-06-30T08:17:32.091620" level="INFO">${expected_keysTwo} = ['username', 'password']</msg>
<var>${expected_keysTwo}</var>
<arg>username</arg>
<arg>password</arg>
<doc>Returns a list containing given items.</doc>
<status status="PASS" start="2024-06-30T08:17:32.091476" elapsed="0.000168"/>
</kw>
<for flavor="IN">
<iter>
<kw name="Dictionary Should Contain Key" owner="Collections">
<arg>${json_data['results'][0]['login']}</arg>
<arg>${keyTwo}</arg>
<doc>Fails if ``key`` is not found from ``dictionary``.</doc>
<status status="PASS" start="2024-06-30T08:17:32.092129" elapsed="0.000390"/>
</kw>
<kw name="Dictionary Should Contain Key" owner="Collections">
<arg>${json_data['results'][0]['login']}</arg>
<arg>${keyTwo}</arg>
<doc>Fails if ``key`` is not found from ``dictionary``.</doc>
<status status="PASS" start="2024-06-30T08:17:32.092696" elapsed="0.000368"/>
</kw>
<kw name="Log" owner="BuiltIn">
<msg time="2024-06-30T08:17:32.093361" level="INFO">username</msg>
<arg>${keyTwo}</arg>
<doc>Logs the given message with the given level.</doc>
<status status="PASS" start="2024-06-30T08:17:32.093242" elapsed="0.000156"/>
</kw>
<var name="${keyTwo}">username</var>
<status status="PASS" start="2024-06-30T08:17:32.092025" elapsed="0.001594"/>
</iter>
<iter>
<kw name="Dictionary Should Contain Key" owner="Collections">
<arg>${json_data['results'][0]['login']}</arg>
<arg>${keyTwo}</arg>
<doc>Fails if ``key`` is not found from ``dictionary``.</doc>
<status status="PASS" start="2024-06-30T08:17:32.093893" elapsed="0.000376"/>
</kw>
<kw name="Dictionary Should Contain Key" owner="Collections">
<arg>${json_data['results'][0]['login']}</arg>
<arg>${keyTwo}</arg>
<doc>Fails if ``key`` is not found from ``dictionary``.</doc>
<status status="PASS" start="2024-06-30T08:17:32.094465" elapsed="0.000379"/>
</kw>
<kw name="Log" owner="BuiltIn">
<msg time="2024-06-30T08:17:32.095134" level="INFO">password</msg>
<arg>${keyTwo}</arg>
<doc>Logs the given message with the given level.</doc>
<status status="PASS" start="2024-06-30T08:17:32.095018" elapsed="0.000157"/>
</kw>
<var name="${keyTwo}">password</var>
<status status="PASS" start="2024-06-30T08:17:32.093789" elapsed="0.001693"/>
</iter>
<var>${keyTwo}</var>
<value>@{expected_keysTwo}</value>
<status status="PASS" start="2024-06-30T08:17:32.091876" elapsed="0.003724"/>
</for>
<status status="PASS" start="2024-06-30T08:17:31.980767" elapsed="0.114971"/>
</kw>
<doc>Testa a estrutura da resposta da API.</doc>
<tag>testeEstruturaResposta</tag>
<status status="PASS" start="2024-06-30T08:17:31.980256" elapsed="0.115634"/>
</test>
<test id="s1-s1-t4" name="Validar tipos de dados" line="28">
<kw name="Teste de Tipos de Dados" owner="random-user-service">
<kw name="GET On Session" owner="RequestsLibrary">
<msg time="2024-06-30T08:17:32.302738" level="INFO">GET Request : url=https://randomuser.me/api 
 path_url=/api 
 headers={'User-Agent': 'python-requests/2.32.3', 'Accept-Encoding': 'gzip, deflate', 'Accept': '*/*', 'Connection': 'keep-alive'} 
 body=None 
 </msg>
<msg time="2024-06-30T08:17:32.302849" level="INFO">GET Response : url=https://randomuser.me/api 
 status=200, reason=OK 
 headers={'Date': 'Sun, 30 Jun 2024 08:17:32 GMT', 'Content-Type': 'application/json; charset=utf-8', 'Transfer-Encoding': 'chunked', 'Connection': 'keep-alive', 'X-Powered-By': 'Express', 'Access-Control-Allow-Origin': '*', 'Cache-Control': 'no-cache', 'ETag': 'W/"48c-ZrWTKEQ8tz6qv2c3S79RtmsyMR0"', 'Vary': 'Accept-Encoding', 'Content-Encoding': 'gzip', 'CF-Cache-Status': 'DYNAMIC', 'Report-To': '{"endpoints":[{"url":"https:\\/\\/a.nel.cloudflare.com\\/report\\/v4?s=%2F%2BmKlU55l%2BMl3kTSWGn4qcISKqRiY1rUEkeohTuqvrPxichZLwfay4qbLOdRVs85%2BP%2BqSWWYqP95jQW8k6LBrwELzwj1eTXYh0zPRoCjjpoY88oQiK1sAeDtMnb8OFAL"}],"group":"cf-nel","max_age":604800}', 'NEL': '{"success_fraction":0,"report_to":"cf-nel","max_age":604800}', 'Server': 'cloudflare', 'CF-RAY': '89bcb86f99b4104c-ORD', 'alt-svc': 'h3=":443"; ma=86400'} 
 body={"results":[{"gender":"male","name":{"title":"Mr","first":"Alexis","last":"Novak"},"location":{"street":{"number":5715,"name":"College Ave"},"city":"Field","state":"Alberta","country":"Canada","postcode":"C2Y 9V6","coordinates":{"latitude":"-66.0743","longitude":"-113.1182"},"timezone":{"offset":"+3:00","description":"Baghdad, Riyadh, Moscow, St. Petersburg"}},"email":"alexis.novak@example.com","login":{"uuid":"1b89450e-4f46-4b9f-bb70-6f4949c38a72","username":"heavybear441","password":"reginald","salt":"p0qzRM7R","md5":"9477b35fd9595ec4ace494cd6f53e87d","sha1":"271d546effaa768554f2cb126ecfc2cb81351133","sha256":"410a00a03ee8fc5813280022f8c223ac5532e97199c777e6aea723780db76ffe"},"dob":{"date":"1998-08-22T04:23:55.882Z","age":25},"registered":{"date":"2008-06-07T21:11:56.119Z","age":16},"phone":"H57 F56-4187","cell":"Q97 Y72-1084","id":{"name":"SIN","value":"862201852"},"picture":{"large":"https://randomuser.me/api/portraits/men/58.jpg","medium":"https://randomuser.me/api/portraits/med/men/58.jpg","thumbnail":"https://randomuser.me/api/portraits/thumb/men/58.jpg"},"nat":"CA"}],"info":{"seed":"67385559f6c0aed1","results":1,"page":1,"version":"1.4"}} 
 </msg>
<msg time="2024-06-30T08:17:32.302942" level="INFO">/opt/hostedtoolcache/Python/3.12.4/x64/lib/python3.12/site-packages/urllib3/connectionpool.py:1099: InsecureRequestWarning: Unverified HTTPS request is being made to host 'randomuser.me'. Adding certificate verification is strongly advised. See: https://urllib3.readthedocs.io/en/latest/advanced-usage.html#tls-warnings
  warnings.warn(</msg>
<msg time="2024-06-30T08:17:32.303087" level="INFO">${response} = &lt;Response [200]&gt;</msg>
<var>${response}</var>
<arg>consultarAPI</arg>
<arg>/api</arg>
<doc>Sends a GET request on a previously created HTTP Session.</doc>
<status status="PASS" start="2024-06-30T08:17:32.098299" elapsed="0.204845"/>
</kw>
<kw name="Set Variable" owner="BuiltIn">
<msg time="2024-06-30T08:17:32.304285" level="INFO">${json_data} = {'results': [{'gender': 'male', 'name': {'title': 'Mr', 'first': 'Alexis', 'last': 'Novak'}, 'location': {'street': {'number': 5715, 'name': 'College Ave'}, 'city': 'Field', 'state': 'Alberta', 'count...</msg>
<var>${json_data}</var>
<arg>${response.json()}</arg>
<doc>Returns the given values which can then be assigned to a variables.</doc>
<status status="PASS" start="2024-06-30T08:17:32.303730" elapsed="0.000587"/>
</kw>
<kw name="Log" owner="BuiltIn">
<msg time="2024-06-30T08:17:32.304787" level="INFO">{'results': [{'gender': 'male', 'name': {'title': 'Mr', 'first': 'Alexis', 'last': 'Novak'}, 'location': {'street': {'number': 5715, 'name': 'College Ave'}, 'city': 'Field', 'state': 'Alberta', 'country': 'Canada', 'postcode': 'C2Y 9V6', 'coordinates': {'latitude': '-66.0743', 'longitude': '-113.1182'}, 'timezone': {'offset': '+3:00', 'description': 'Baghdad, Riyadh, Moscow, St. Petersburg'}}, 'email': 'alexis.novak@example.com', 'login': {'uuid': '1b89450e-4f46-4b9f-bb70-6f4949c38a72', 'username': 'heavybear441', 'password': 'reginald', 'salt': 'p0qzRM7R', 'md5': '9477b35fd9595ec4ace494cd6f53e87d', 'sha1': '271d546effaa768554f2cb126ecfc2cb81351133', 'sha256': '410a00a03ee8fc5813280022f8c223ac5532e97199c777e6aea723780db76ffe'}, 'dob': {'date': '1998-08-22T04:23:55.882Z', 'age': 25}, 'registered': {'date': '2008-06-07T21:11:56.119Z', 'age': 16}, 'phone': 'H57 F56-4187', 'cell': 'Q97 Y72-1084', 'id': {'name': 'SIN', 'value': '862201852'}, 'picture': {'large': 'https://randomuser.me/api/portraits/men/58.jpg', 'medium': 'https://randomuser.me/api/portraits/med/men/58.jpg', 'thumbnail': 'https://randomuser.me/api/portraits/thumb/men/58.jpg'}, 'nat': 'CA'}], 'info': {'seed': '67385559f6c0aed1', 'results': 1, 'page': 1, 'version': '1.4'}}</msg>
<arg>${json_data}</arg>
<doc>Logs the given message with the given level.</doc>
<status status="PASS" start="2024-06-30T08:17:32.304620" elapsed="0.000214"/>
</kw>
<kw name="Should Be String" owner="String">
<arg>${json_data['results'][0]['gender']}</arg>
<doc>Fails if the given ``item`` is not a string.</doc>
<status status="PASS" start="2024-06-30T08:17:32.305128" elapsed="0.000358"/>
</kw>
<kw name="Should Match Regexp" owner="BuiltIn">
<arg>${json_data['results'][0]['email']}</arg>
<arg>^[a-zA-Z0-9._%+-]+@[a-zA-Z0-9.-]+\.[a-zA-Z]{2,}$</arg>
<doc>Fails if ``string`` does not match ``pattern`` as a regular expression.</doc>
<status status="PASS" start="2024-06-30T08:17:32.305704" elapsed="0.000509"/>
</kw>
<kw name="Should Match Regexp" owner="BuiltIn">
<arg>${json_data['results'][0]['dob']['date']}</arg>
<arg>\\d{4}-\\d{2}-\\d{2}T\\d{2}:\\d{2}:\\d{2}\\.\\d{3}Z</arg>
<doc>Fails if ``string`` does not match ``pattern`` as a regular expression.</doc>
<status status="PASS" start="2024-06-30T08:17:32.306401" elapsed="0.000512"/>
</kw>
<kw name="Should Match Regexp" owner="BuiltIn">
<arg>${json_data['results'][0]['registered']['date']}</arg>
<arg>\\d{4}-\\d{2}-\\d{2}T\\d{2}:\\d{2}:\\d{2}\\.\\d{3}Z</arg>
<doc>Fails if ``string`` does not match ``pattern`` as a regular expression.</doc>
<status status="PASS" start="2024-06-30T08:17:32.307099" elapsed="0.000360"/>
</kw>
<kw name="Should Match Regexp" owner="BuiltIn">
<arg>${json_data['results'][0]['picture']['large']}</arg>
<arg>^https?://.*\.(?:png|jpe?g|gif|bmp)$</arg>
<doc>Fails if ``string`` does not match ``pattern`` as a regular expression.</doc>
<status status="PASS" start="2024-06-30T08:17:32.307636" elapsed="0.000446"/>
</kw>
<kw name="Should Match Regexp" owner="BuiltIn">
<arg>${json_data['results'][0]['picture']['medium']}</arg>
<arg>^https?://.*\.(?:png|jpe?g|gif|bmp)$</arg>
<doc>Fails if ``string`` does not match ``pattern`` as a regular expression.</doc>
<status status="PASS" start="2024-06-30T08:17:32.308263" elapsed="0.000343"/>
</kw>
<kw name="Should Match Regexp" owner="BuiltIn">
<arg>${json_data['results'][0]['picture']['thumbnail']}</arg>
<arg>^https?://.*\.(?:png|jpe?g|gif|bmp)$</arg>
<doc>Fails if ``string`` does not match ``pattern`` as a regular expression.</doc>
<status status="PASS" start="2024-06-30T08:17:32.308782" elapsed="0.000341"/>
</kw>
<kw name="Log" owner="BuiltIn">
<msg time="2024-06-30T08:17:32.309628" level="INFO">{'large': 'https://randomuser.me/api/portraits/men/58.jpg', 'medium': 'https://randomuser.me/api/portraits/med/men/58.jpg', 'thumbnail': 'https://randomuser.me/api/portraits/thumb/men/58.jpg'}</msg>
<arg>${json_data['results'][0]['picture']}</arg>
<doc>Logs the given message with the given level.</doc>
<status status="PASS" start="2024-06-30T08:17:32.309303" elapsed="0.000366"/>
</kw>
<status status="PASS" start="2024-06-30T08:17:32.098082" elapsed="0.211846"/>
</kw>
<kw name="Teste de Tipos de Dados - Postcode" owner="random-user-service">
<kw name="GET On Session" owner="RequestsLibrary">
<msg time="2024-06-30T08:17:32.392646" level="INFO">GET Request : url=https://randomuser.me/api 
 path_url=/api 
 headers={'User-Agent': 'python-requests/2.32.3', 'Accept-Encoding': 'gzip, deflate', 'Accept': '*/*', 'Connection': 'keep-alive'} 
 body=None 
 </msg>
<msg time="2024-06-30T08:17:32.392732" level="INFO">GET Response : url=https://randomuser.me/api 
 status=200, reason=OK 
 headers={'Date': 'Sun, 30 Jun 2024 08:17:32 GMT', 'Content-Type': 'application/json; charset=utf-8', 'Transfer-Encoding': 'chunked', 'Connection': 'keep-alive', 'X-Powered-By': 'Express', 'Access-Control-Allow-Origin': '*', 'Cache-Control': 'no-cache', 'ETag': 'W/"49a-PziKfTKq3V9z2qXEAHlsE+jarmM"', 'Vary': 'Accept-Encoding', 'Content-Encoding': 'gzip', 'CF-Cache-Status': 'DYNAMIC', 'Report-To': '{"endpoints":[{"url":"https:\\/\\/a.nel.cloudflare.com\\/report\\/v4?s=Wc93JRdblwd1MrrYOp7MZC3gmUgXdJ47iJMhgP%2BMl49Db%2F10WIqABAacicf5rivEMUutJOmwxwAeO4clkad6P9N0KTIjecwtGcTxe%2F6wXqRyI7K83goWy%2Blkpxi6%2Bzkm"}],"group":"cf-nel","max_age":604800}', 'NEL': '{"success_fraction":0,"report_to":"cf-nel","max_age":604800}', 'Server': 'cloudflare', 'CF-RAY': '89bcb870ea9d104c-ORD', 'alt-svc': 'h3=":443"; ma=86400'} 
 body={"results":[{"gender":"male","name":{"title":"Mr","first":"Gualdim","last":"Fogaça"},"location":{"street":{"number":8338,"name":"Rua João Xxiii"},"city":"Rio Claro","state":"Paraná","country":"Brazil","postcode":53355,"coordinates":{"latitude":"-75.0894","longitude":"-20.6121"},"timezone":{"offset":"+9:00","description":"Tokyo, Seoul, Osaka, Sapporo, Yakutsk"}},"email":"gualdim.fogaca@example.com","login":{"uuid":"77dd6b87-5a9b-405e-bef9-ba4185be5982","username":"yellowmouse736","password":"tomas","salt":"uQMRdw6R","md5":"35b2a9c03c416bfae21158a45c9f00cb","sha1":"d6893d80be03f66a44edcae7510c76989b94024e","sha256":"2ffdebd2dff47d8f3f5ff6f5d65bf0920fc9e4a1ee439e547232e54d404a30ce"},"dob":{"date":"1983-08-20T10:13:42.286Z","age":40},"registered":{"date":"2007-07-11T17:03:52.883Z","age":16},"phone":"(53) 6835-5155","cell":"(92) 8270-8600","id":{"name":"CPF","value":"881.703.795-24"},"picture":{"large":"https://randomuser.me/api/portraits/men/11.jpg","medium":"https://randomuser.me/api/portraits/med/men/11.jpg","thumbnail":"https://randomuser.me/api/portraits/thumb/men/11.jpg"},"nat":"BR"}],"info":{"seed":"601cd9c7d6a78a14","results":1,"page":1,"version":"1.4"}} 
 </msg>
<msg time="2024-06-30T08:17:32.392807" level="INFO">/opt/hostedtoolcache/Python/3.12.4/x64/lib/python3.12/site-packages/urllib3/connectionpool.py:1099: InsecureRequestWarning: Unverified HTTPS request is being made to host 'randomuser.me'. Adding certificate verification is strongly advised. See: https://urllib3.readthedocs.io/en/latest/advanced-usage.html#tls-warnings
  warnings.warn(</msg>
<msg time="2024-06-30T08:17:32.392927" level="INFO">${response} = &lt;Response [200]&gt;</msg>
<var>${response}</var>
<arg>consultarAPI</arg>
<arg>/api</arg>
<doc>Sends a GET request on a previously created HTTP Session.</doc>
<status status="PASS" start="2024-06-30T08:17:32.310369" elapsed="0.082613"/>
</kw>
<kw name="Set Variable" owner="BuiltIn">
<msg time="2024-06-30T08:17:32.394064" level="INFO">${json_data} = {'results': [{'gender': 'male', 'name': {'title': 'Mr', 'first': 'Gualdim', 'last': 'Fogaça'}, 'location': {'street': {'number': 8338, 'name': 'Rua João Xxiii'}, 'city': 'Rio Claro', 'state': 'Paraná'...</msg>
<var>${json_data}</var>
<arg>${response.json()}</arg>
<doc>Returns the given values which can then be assigned to a variables.</doc>
<status status="PASS" start="2024-06-30T08:17:32.393484" elapsed="0.000609"/>
</kw>
<kw name="Log" owner="BuiltIn">
<msg time="2024-06-30T08:17:32.394610" level="INFO">{'results': [{'gender': 'male', 'name': {'title': 'Mr', 'first': 'Gualdim', 'last': 'Fogaça'}, 'location': {'street': {'number': 8338, 'name': 'Rua João Xxiii'}, 'city': 'Rio Claro', 'state': 'Paraná', 'country': 'Brazil', 'postcode': 53355, 'coordinates': {'latitude': '-75.0894', 'longitude': '-20.6121'}, 'timezone': {'offset': '+9:00', 'description': 'Tokyo, Seoul, Osaka, Sapporo, Yakutsk'}}, 'email': 'gualdim.fogaca@example.com', 'login': {'uuid': '77dd6b87-5a9b-405e-bef9-ba4185be5982', 'username': 'yellowmouse736', 'password': 'tomas', 'salt': 'uQMRdw6R', 'md5': '35b2a9c03c416bfae21158a45c9f00cb', 'sha1': 'd6893d80be03f66a44edcae7510c76989b94024e', 'sha256': '2ffdebd2dff47d8f3f5ff6f5d65bf0920fc9e4a1ee439e547232e54d404a30ce'}, 'dob': {'date': '1983-08-20T10:13:42.286Z', 'age': 40}, 'registered': {'date': '2007-07-11T17:03:52.883Z', 'age': 16}, 'phone': '(53) 6835-5155', 'cell': '(92) 8270-8600', 'id': {'name': 'CPF', 'value': '881.703.795-24'}, 'picture': {'large': 'https://randomuser.me/api/portraits/men/11.jpg', 'medium': 'https://randomuser.me/api/portraits/med/men/11.jpg', 'thumbnail': 'https://randomuser.me/api/portraits/thumb/men/11.jpg'}, 'nat': 'BR'}], 'info': {'seed': '601cd9c7d6a78a14', 'results': 1, 'page': 1, 'version': '1.4'}}</msg>
<arg>${json_data}</arg>
<doc>Logs the given message with the given level.</doc>
<status status="PASS" start="2024-06-30T08:17:32.394398" elapsed="0.000261"/>
</kw>
<kw name="Should Be Equal As Numbers" owner="BuiltIn">
<arg>${json_data['results'][0]['location']['postcode']}</arg>
<arg>${json_data['results'][0]['location']['postcode']}</arg>
<doc>Fails if objects are unequal after converting them to real numbers.</doc>
<status status="PASS" start="2024-06-30T08:17:32.394949" elapsed="0.000612"/>
</kw>
<kw name="Log" owner="BuiltIn">
<msg time="2024-06-30T08:17:32.396245" level="INFO">53355</msg>
<arg>${json_data['results'][0]['location']['postcode']}</arg>
<doc>Logs the given message with the given level.</doc>
<status status="PASS" start="2024-06-30T08:17:32.395781" elapsed="0.000504"/>
</kw>
<status status="PASS" start="2024-06-30T08:17:32.310149" elapsed="0.086394"/>
</kw>
<doc>Testa se os tipos de dados na resposta da API estão corretos.</doc>
<tag>testeTiposDados</tag>
<status status="PASS" start="2024-06-30T08:17:32.097629" elapsed="0.299074"/>
</test>
<test id="s1-s1-t5" name="Validar conteudo" line="35">
<kw name="Teste de Tipos de Conteudo" owner="random-user-service">
<kw name="GET On Session" owner="RequestsLibrary">
<msg time="2024-06-30T08:17:32.459717" level="INFO">GET Request : url=https://randomuser.me/api 
 path_url=/api 
 headers={'User-Agent': 'python-requests/2.32.3', 'Accept-Encoding': 'gzip, deflate', 'Accept': '*/*', 'Connection': 'keep-alive'} 
 body=None 
 </msg>
<msg time="2024-06-30T08:17:32.459800" level="INFO">GET Response : url=https://randomuser.me/api 
 status=200, reason=OK 
 headers={'Date': 'Sun, 30 Jun 2024 08:17:32 GMT', 'Content-Type': 'application/json; charset=utf-8', 'Transfer-Encoding': 'chunked', 'Connection': 'keep-alive', 'X-Powered-By': 'Express', 'Access-Control-Allow-Origin': '*', 'Cache-Control': 'no-cache', 'ETag': 'W/"46f-lfWZUjVA8fHTAy6dKtBC0nIZFAE"', 'Vary': 'Accept-Encoding', 'Content-Encoding': 'gzip', 'CF-Cache-Status': 'DYNAMIC', 'Report-To': '{"endpoints":[{"url":"https:\\/\\/a.nel.cloudflare.com\\/report\\/v4?s=HRcb6HrHb1j8LEyk%2BcQ88cWJVMnwLUReAJKCdSc2xGPQgflXNzI9j2I%2ByfGs40VO3PNQu3E7Dh7RzmBKIX7R%2BGFnPw1rCvc9OfwT3C3q4BCaUxMb1ua8gbFmDVMgVQbK"}],"group":"cf-nel","max_age":604800}', 'NEL': '{"success_fraction":0,"report_to":"cf-nel","max_age":604800}', 'Server': 'cloudflare', 'CF-RAY': '89bcb8717b1a104c-ORD', 'alt-svc': 'h3=":443"; ma=86400'} 
 body={"results":[{"gender":"female","name":{"title":"Ms","first":"Donna","last":"Ivanovskiy"},"location":{"street":{"number":3097,"name":"Kornyakta"},"city":"Toreck","state":"Zakarpatska","country":"Ukraine","postcode":55279,"coordinates":{"latitude":"80.6077","longitude":"91.7703"},"timezone":{"offset":"-9:00","description":"Alaska"}},"email":"donna.ivanovskiy@example.com","login":{"uuid":"35e147e4-8655-4b06-b1b0-5b1e6e30b315","username":"angryfrog759","password":"potter","salt":"xttRayCf","md5":"3f18e7b1d7e60d77c588ab00a2ab7716","sha1":"7626c35f760b51957cfc46f918cfe61a34e1ea31","sha256":"4bce702662351a6b51cf24410560c12e20aa5374bdab8346e782ac5e8787424b"},"dob":{"date":"1951-09-20T13:51:02.362Z","age":72},"registered":{"date":"2019-12-02T15:33:04.508Z","age":4},"phone":"(099) G07-2034","cell":"(099) J94-6986","id":{"name":"","value":null},"picture":{"large":"https://randomuser.me/api/portraits/women/39.jpg","medium":"https://randomuser.me/api/portraits/med/women/39.jpg","thumbnail":"https://randomuser.me/api/portraits/thumb/women/39.jpg"},"nat":"UA"}],"info":{"seed":"60cfd1b9219a1a5a","results":1,"page":1,"version":"1.4"}} 
 </msg>
<msg time="2024-06-30T08:17:32.459868" level="INFO">/opt/hostedtoolcache/Python/3.12.4/x64/lib/python3.12/site-packages/urllib3/connectionpool.py:1099: InsecureRequestWarning: Unverified HTTPS request is being made to host 'randomuser.me'. Adding certificate verification is strongly advised. See: https://urllib3.readthedocs.io/en/latest/advanced-usage.html#tls-warnings
  warnings.warn(</msg>
<msg time="2024-06-30T08:17:32.459976" level="INFO">${response} = &lt;Response [200]&gt;</msg>
<var>${response}</var>
<arg>consultarAPI</arg>
<arg>/api</arg>
<doc>Sends a GET request on a previously created HTTP Session.</doc>
<status status="PASS" start="2024-06-30T08:17:32.399190" elapsed="0.060837"/>
</kw>
<kw name="Set Variable" owner="BuiltIn">
<msg time="2024-06-30T08:17:32.461068" level="INFO">${json_data} = {'results': [{'gender': 'female', 'name': {'title': 'Ms', 'first': 'Donna', 'last': 'Ivanovskiy'}, 'location': {'street': {'number': 3097, 'name': 'Kornyakta'}, 'city': 'Toreck', 'state': 'Zakarpatska...</msg>
<var>${json_data}</var>
<arg>${response.json()}</arg>
<doc>Returns the given values which can then be assigned to a variables.</doc>
<status status="PASS" start="2024-06-30T08:17:32.460514" elapsed="0.000583"/>
</kw>
<kw name="Set Variable" owner="BuiltIn">
<msg time="2024-06-30T08:17:32.461773" level="INFO">${name_title} = Ms</msg>
<var>${name_title}</var>
<arg>${json_data["results"][0]["name"]["title"]}</arg>
<doc>Returns the given values which can then be assigned to a variables.</doc>
<status status="PASS" start="2024-06-30T08:17:32.461397" elapsed="0.000401"/>
</kw>
<kw name="Create List" owner="BuiltIn">
<msg time="2024-06-30T08:17:32.462232" level="INFO">${allowed_titles} = ['Mr', 'Ms', 'Miss', 'Mrs', 'Madame', 'Monsieur']</msg>
<var>${allowed_titles}</var>
<arg>Mr</arg>
<arg>Ms</arg>
<arg>Miss</arg>
<arg>Mrs</arg>
<arg>Madame</arg>
<arg>Monsieur</arg>
<doc>Returns a list containing given items.</doc>
<status status="PASS" start="2024-06-30T08:17:32.462086" elapsed="0.000172"/>
</kw>
<kw name="List Should Contain Value" owner="Collections">
<arg>${allowed_titles}</arg>
<arg>${name_title}</arg>
<doc>Fails if the ``value`` is not found from ``list``.</doc>
<status status="PASS" start="2024-06-30T08:17:32.462596" elapsed="0.000181"/>
</kw>
<kw name="Set Variable" owner="BuiltIn">
<msg time="2024-06-30T08:17:32.463321" level="INFO">${name_country} = UA</msg>
<var>${name_country}</var>
<arg>${json_data["results"][0]["nat"]}</arg>
<doc>Returns the given values which can then be assigned to a variables.</doc>
<status status="PASS" start="2024-06-30T08:17:32.462959" elapsed="0.000386"/>
</kw>
<kw name="Create List" owner="BuiltIn">
<msg time="2024-06-30T08:17:32.464226" level="INFO">${list_country} = ['AD', 'AE', 'AF', 'AG', 'AI', 'AL', 'AM', 'AO', 'AQ', 'AR', 'AS', 'AT', 'AU', 'AW', 'AX', 'AZ', 'BA', 'BB', 'BD', 'BE', 'BF', 'BG', 'BH', 'BI', 'BJ', 'BL', 'BM', 'BN', 'BO', 'BQ', 'BR', 'BS', 'BT', '...</msg>
<var>${list_country}</var>
<arg>AD</arg>
<arg>AE</arg>
<arg>AF</arg>
<arg>AG</arg>
<arg>AI</arg>
<arg>AL</arg>
<arg>AM</arg>
<arg>AO</arg>
<arg>AQ</arg>
<arg>AR</arg>
<arg>AS</arg>
<arg>AT</arg>
<arg>AU</arg>
<arg>AW</arg>
<arg>AX</arg>
<arg>AZ</arg>
<arg>BA</arg>
<arg>BB</arg>
<arg>BD</arg>
<arg>BE</arg>
<arg>BF</arg>
<arg>BG</arg>
<arg>BH</arg>
<arg>BI</arg>
<arg>BJ</arg>
<arg>BL</arg>
<arg>BM</arg>
<arg>BN</arg>
<arg>BO</arg>
<arg>BQ</arg>
<arg>BR</arg>
<arg>BS</arg>
<arg>BT</arg>
<arg>BV</arg>
<arg>BW</arg>
<arg>BY</arg>
<arg>BZ</arg>
<arg>CA</arg>
<arg>CC</arg>
<arg>CD</arg>
<arg>CF</arg>
<arg>CG</arg>
<arg>CH</arg>
<arg>CI</arg>
<arg>CK</arg>
<arg>CL</arg>
<arg>CM</arg>
<arg>CN</arg>
<arg>CO</arg>
<arg>CR</arg>
<arg>CU</arg>
<arg>CV</arg>
<arg>CW</arg>
<arg>CX</arg>
<arg>CY</arg>
<arg>CZ</arg>
<arg>DE</arg>
<arg>DJ</arg>
<arg>DK</arg>
<arg>DM</arg>
<arg>DO</arg>
<arg>DZ</arg>
<arg>EC</arg>
<arg>EE</arg>
<arg>EG</arg>
<arg>EH</arg>
<arg>ER</arg>
<arg>ES</arg>
<arg>ET</arg>
<arg>FI</arg>
<arg>FJ</arg>
<arg>FK</arg>
<arg>FM</arg>
<arg>FO</arg>
<arg>FR</arg>
<arg>GA</arg>
<arg>GB</arg>
<arg>GD</arg>
<arg>GE</arg>
<arg>GF</arg>
<arg>GG</arg>
<arg>GH</arg>
<arg>GI</arg>
<arg>GL</arg>
<arg>GM</arg>
<arg>GN</arg>
<arg>GP</arg>
<arg>GQ</arg>
<arg>GR</arg>
<arg>GS</arg>
<arg>GT</arg>
<arg>GU</arg>
<arg>GW</arg>
<arg>GY</arg>
<arg>HK</arg>
<arg>HM</arg>
<arg>HN</arg>
<arg>HR</arg>
<arg>HT</arg>
<arg>HU</arg>
<arg>ID</arg>
<arg>IE</arg>
<arg>IL</arg>
<arg>IM</arg>
<arg>IN</arg>
<arg>IO</arg>
<arg>IQ</arg>
<arg>IR</arg>
<arg>IS</arg>
<arg>IT</arg>
<arg>JE</arg>
<arg>JM</arg>
<arg>JO</arg>
<arg>JP</arg>
<arg>KE</arg>
<arg>KG</arg>
<arg>KH</arg>
<arg>KI</arg>
<arg>KM</arg>
<arg>KN</arg>
<arg>KP</arg>
<arg>KR</arg>
<arg>KW</arg>
<arg>KY</arg>
<arg>KZ</arg>
<arg>LA</arg>
<arg>LB</arg>
<arg>LC</arg>
<arg>LI</arg>
<arg>LK</arg>
<arg>LR</arg>
<arg>LS</arg>
<arg>LT</arg>
<arg>LU</arg>
<arg>LV</arg>
<arg>LY</arg>
<arg>MA</arg>
<arg>MC</arg>
<arg>MD</arg>
<arg>ME</arg>
<arg>MF</arg>
<arg>MG</arg>
<arg>MH</arg>
<arg>MK</arg>
<arg>ML</arg>
<arg>MM</arg>
<arg>MN</arg>
<arg>MO</arg>
<arg>MP</arg>
<arg>MQ</arg>
<arg>MR</arg>
<arg>MS</arg>
<arg>MT</arg>
<arg>MU</arg>
<arg>MV</arg>
<arg>MW</arg>
<arg>MX</arg>
<arg>MY</arg>
<arg>MZ</arg>
<arg>NA</arg>
<arg>NC</arg>
<arg>NE</arg>
<arg>NF</arg>
<arg>NG</arg>
<arg>NI</arg>
<arg>NL</arg>
<arg>NO</arg>
<arg>NP</arg>
<arg>NR</arg>
<arg>NU</arg>
<arg>NZ</arg>
<arg>OM</arg>
<arg>PA</arg>
<arg>PE</arg>
<arg>PF</arg>
<arg>PG</arg>
<arg>PH</arg>
<arg>PK</arg>
<arg>PL</arg>
<arg>PM</arg>
<arg>PN</arg>
<arg>PR</arg>
<arg>PS</arg>
<arg>PT</arg>
<arg>PW</arg>
<arg>PY</arg>
<arg>QA</arg>
<arg>RE</arg>
<arg>RO</arg>
<arg>RS</arg>
<arg>RU</arg>
<arg>RW</arg>
<arg>SA</arg>
<arg>SB</arg>
<arg>SC</arg>
<arg>SD</arg>
<arg>SE</arg>
<arg>SG</arg>
<arg>SH</arg>
<arg>SI</arg>
<arg>SJ</arg>
<arg>SK</arg>
<arg>SL</arg>
<arg>SM</arg>
<arg>SN</arg>
<arg>SO</arg>
<arg>SR</arg>
<arg>SS</arg>
<arg>ST</arg>
<arg>SV</arg>
<arg>SX</arg>
<arg>SY</arg>
<arg>SZ</arg>
<arg>TC</arg>
<arg>TD</arg>
<arg>TF</arg>
<arg>TG</arg>
<arg>TH</arg>
<arg>TJ</arg>
<arg>TK</arg>
<arg>TL</arg>
<arg>TM</arg>
<arg>TN</arg>
<arg>TO</arg>
<arg>TR</arg>
<arg>TT</arg>
<arg>TV</arg>
<arg>TW</arg>
<arg>TZ</arg>
<arg>UA</arg>
<arg>UG</arg>
<arg>UM</arg>
<arg>US</arg>
<arg>UY</arg>
<arg>UZ</arg>
<arg>VA</arg>
<arg>VC</arg>
<arg>VE</arg>
<arg>VG</arg>
<arg>VI</arg>
<arg>VN</arg>
<arg>VU</arg>
<arg>WF</arg>
<arg>WS</arg>
<arg>XK</arg>
<arg>YE</arg>
<arg>YT</arg>
<arg>ZA</arg>
<arg>ZM</arg>
<arg>ZW</arg>
<doc>Returns a list containing given items.</doc>
<status status="PASS" start="2024-06-30T08:17:32.463629" elapsed="0.000622"/>
</kw>
<kw name="List Should Contain Value" owner="Collections">
<arg>${list_country}</arg>
<arg>${name_country}</arg>
<doc>Fails if the ``value`` is not found from ``list``.</doc>
<status status="PASS" start="2024-06-30T08:17:32.465036" elapsed="0.000198"/>
</kw>
<kw name="Run Keyword If" owner="BuiltIn">
<kw name="Should Be True" owner="BuiltIn">
<arg>${True}</arg>
<doc>Fails if the given condition is not true.</doc>
<status status="PASS" start="2024-06-30T08:17:32.466160" elapsed="0.000141"/>
</kw>
<arg>${json_data["results"][0]["location"]["coordinates"]["latitude"]} &gt;= -90 and ${json_data["results"][0]["location"]["coordinates"]["latitude"]} &lt;= 90</arg>
<arg>Should Be True</arg>
<arg>${True}</arg>
<doc>Runs the given keyword with the given arguments, if ``condition`` is true.</doc>
<status status="PASS" start="2024-06-30T08:17:32.465423" elapsed="0.001042"/>
</kw>
<kw name="Run Keyword If" owner="BuiltIn">
<kw name="Should Be True" owner="BuiltIn">
<arg>${True}</arg>
<doc>Fails if the given condition is not true.</doc>
<status status="PASS" start="2024-06-30T08:17:32.467387" elapsed="0.000239"/>
</kw>
<arg>${json_data["results"][0]["location"]["coordinates"]["longitude"]} &gt;= -180 and ${json_data["results"][0]["location"]["coordinates"]["longitude"]} &lt;= 180</arg>
<arg>Should Be True</arg>
<arg>${True}</arg>
<doc>Runs the given keyword with the given arguments, if ``condition`` is true.</doc>
<status status="PASS" start="2024-06-30T08:17:32.466665" elapsed="0.001089"/>
</kw>
<status status="PASS" start="2024-06-30T08:17:32.398976" elapsed="0.068904"/>
</kw>
<doc>Testa o conteúdo específico dos campos retornados pela API.</doc>
<tag>testeConteudo</tag>
<status status="PASS" start="2024-06-30T08:17:32.398451" elapsed="0.069570"/>
</test>
<status status="PASS" start="2024-06-30T08:17:31.391115" elapsed="1.078859"/>
</suite>
<status status="PASS" start="2024-06-30T08:17:31.376748" elapsed="1.098289"/>
</suite>
<statistics>
<total>
<stat pass="5" fail="0" skip="0">All Tests</stat>
</total>
<tag>
<stat pass="1" fail="0" skip="0">testeConteudo</stat>
<stat pass="1" fail="0" skip="0">testeEstruturaResposta</stat>
<stat pass="1" fail="0" skip="0">testeRequisicaoBasica</stat>
<stat pass="1" fail="0" skip="0">testeTiposDados</stat>
</tag>
<suite>
<stat pass="5" fail="0" skip="0" id="s1" name="Tests">Tests</stat>
<stat pass="5" fail="0" skip="0" id="s1-s1" name="Random-User-Test">Tests.Random-User-Test</stat>
</suite>
</statistics>
<errors>
</errors>
</robot>
