<?xml version="1.0" encoding="UTF-8"?>
<robot generator="Robot 7.0 (Python 3.12.3 on linux)" generated="2024-05-11T02:23:33.127449" rpa="false" schemaversion="5">
<suite id="s1" name="Tests" source="/home/runner/work/DesafioQAItauRogerioJordao/DesafioQAItauRogerioJordao/RamdonUser/tests">
<suite id="s1-s1" name="Random-User-Test" source="/home/runner/work/DesafioQAItauRogerioJordao/DesafioQAItauRogerioJordao/RamdonUser/tests/random-user-test.robot">
<test id="s1-s1-t1" name="Conectar" line="13">
<kw name="Conectar API" owner="random-user-service">
<kw name="Create Session" owner="RequestsLibrary">
<msg time="2024-05-11T02:23:33.482157" level="INFO">Creating Session using : alias=consultarAPI, url=https://randomuser.me/, headers={},                     cookies={}, auth=None, timeout=None, proxies=None, verify=False,                     debug=0 </msg>
<arg>consultarAPI</arg>
<arg>${URL}</arg>
<doc>Create Session: create a HTTP session to a server</doc>
<status status="PASS" start="2024-05-11T02:23:33.481962" elapsed="0.000365"/>
</kw>
<status status="PASS" start="2024-05-11T02:23:33.481005" elapsed="0.001670"/>
</kw>
<status status="PASS" start="2024-05-11T02:23:33.480488" elapsed="0.002377"/>
</test>
<test id="s1-s1-t2" name="Validar retorno 200 e JSON Válido" line="16">
<kw name="Teste de Requisicao Basica" owner="random-user-service">
<kw name="GET On Session" owner="RequestsLibrary">
<msg time="2024-05-11T02:23:33.601509" level="INFO">GET Request : url=https://randomuser.me/api 
 path_url=/api 
 headers={'User-Agent': 'python-requests/2.31.0', 'Accept-Encoding': 'gzip, deflate', 'Accept': '*/*', 'Connection': 'keep-alive'} 
 body=None 
 </msg>
<msg time="2024-05-11T02:23:33.601621" level="INFO">GET Response : url=https://randomuser.me/api 
 status=200, reason=OK 
 headers={'Date': 'Sat, 11 May 2024 02:23:33 GMT', 'Content-Type': 'application/json; charset=utf-8', 'Transfer-Encoding': 'chunked', 'Connection': 'keep-alive', 'X-Powered-By': 'Express', 'Access-Control-Allow-Origin': '*', 'Cache-Control': 'no-cache', 'ETag': 'W/"4a9-ml3CmpIjY2buItE/ow5aKL1u2ZA"', 'Vary': 'Accept-Encoding', 'Content-Encoding': 'gzip', 'CF-Cache-Status': 'DYNAMIC', 'Report-To': '{"endpoints":[{"url":"https:\\/\\/a.nel.cloudflare.com\\/report\\/v4?s=ID6AVs8n7cNcJTmRyQ%2FA8%2Fu1cfq1qrxw46%2BH94lMaIom6HysdOt3gjRQBFiODZJ8YaQHQkWsaVhA6kHoH6hWMx0BjvlYoIvx75aRb8WljH%2BDcs1PCy6vGSvnTDDFmnuE"}],"group":"cf-nel","max_age":604800}', 'NEL': '{"success_fraction":0,"report_to":"cf-nel","max_age":604800}', 'Server': 'cloudflare', 'CF-RAY': '881eb52a7a2d96b9-SJC', 'alt-svc': 'h3=":443"; ma=86400'} 
 body={"results":[{"gender":"female","name":{"title":"Mrs","first":"Axelle","last":"Riviere"},"location":{"street":{"number":3545,"name":"Rue de L'Abbé-Roger-Derry"},"city":"Lyon","state":"Aube","country":"France","postcode":39000,"coordinates":{"latitude":"-16.4132","longitude":"168.6113"},"timezone":{"offset":"+11:00","description":"Magadan, Solomon Islands, New Caledonia"}},"email":"axelle.riviere@example.com","login":{"uuid":"2d6f5971-5336-4fc2-9cc1-74cdccd3a39c","username":"bigkoala349","password":"sahara","salt":"noA0UlLW","md5":"f4cdd3bb1b19327cba2b17e8949f7f96","sha1":"e5ce711ab178df6e42b51cf911e79c9d620191f0","sha256":"35f6cbb75a9fb0bacb3e3a2ce9ce6d613eb52ff7084ad8fd8b6dacfde0cb2986"},"dob":{"date":"1988-07-14T11:20:57.454Z","age":35},"registered":{"date":"2019-08-12T07:28:08.397Z","age":4},"phone":"04-82-61-57-89","cell":"06-70-03-61-51","id":{"name":"INSEE","value":"2880657935548 79"},"picture":{"large":"https://randomuser.me/api/portraits/women/72.jpg","medium":"https://randomuser.me/api/portraits/med/women/72.jpg","thumbnail":"https://randomuser.me/api/portraits/thumb/women/72.jpg"},"nat":"FR"}],"info":{"seed":"3d3c1d0e1d5bf98e","results":1,"page":1,"version":"1.4"}} 
 </msg>
<msg time="2024-05-11T02:23:33.601694" level="INFO">/opt/hostedtoolcache/Python/3.12.3/x64/lib/python3.12/site-packages/urllib3/connectionpool.py:1103: InsecureRequestWarning: Unverified HTTPS request is being made to host 'randomuser.me'. Adding certificate verification is strongly advised. See: https://urllib3.readthedocs.io/en/latest/advanced-usage.html#tls-warnings
  warnings.warn(</msg>
<msg time="2024-05-11T02:23:33.601832" level="INFO">${response} = &lt;Response [200]&gt;</msg>
<var>${response}</var>
<arg>consultarAPI</arg>
<arg>/api</arg>
<doc>Sends a GET request on a previously created HTTP Session.</doc>
<status status="PASS" start="2024-05-11T02:23:33.485530" elapsed="0.116345"/>
</kw>
<kw name="Should Be Equal As Numbers" owner="BuiltIn">
<msg time="2024-05-11T02:23:33.602710" level="INFO">Argument types are:
&lt;class 'int'&gt;
&lt;class 'str'&gt;</msg>
<arg>${response.status_code}</arg>
<arg>200</arg>
<doc>Fails if objects are unequal after converting them to real numbers.</doc>
<status status="PASS" start="2024-05-11T02:23:33.602297" elapsed="0.000476"/>
</kw>
<kw name="Log" owner="BuiltIn">
<msg time="2024-05-11T02:23:33.603470" level="INFO">200</msg>
<arg>${response.status_code}</arg>
<doc>Logs the given message with the given level.</doc>
<status status="PASS" start="2024-05-11T02:23:33.603117" elapsed="0.000395"/>
</kw>
<kw name="Set Variable" owner="BuiltIn">
<msg time="2024-05-11T02:23:33.604324" level="INFO">${json_data} = {'results': [{'gender': 'female', 'name': {'title': 'Mrs', 'first': 'Axelle', 'last': 'Riviere'}, 'location': {'street': {'number': 3545, 'name': "Rue de L'Abbé-Roger-Derry"}, 'city': 'Lyon', 'state':...</msg>
<var>${json_data}</var>
<arg>${response.json()}</arg>
<doc>Returns the given values which can then be assigned to a variables.</doc>
<status status="PASS" start="2024-05-11T02:23:33.603869" elapsed="0.000484"/>
</kw>
<kw name="Dictionary Should Contain Key" owner="Collections">
<msg time="2024-05-11T02:23:33.604834" level="INFO">False</msg>
<arg>${json_data}</arg>
<arg>results</arg>
<doc>Fails if ``key`` is not found from ``dictionary``.</doc>
<status status="PASS" start="2024-05-11T02:23:33.604664" elapsed="0.000211"/>
</kw>
<status status="PASS" start="2024-05-11T02:23:33.485287" elapsed="0.119841"/>
</kw>
<doc>Testa se a API responde corretamente e retorna um objeto JSON válido.</doc>
<tag>testeRequisicaoBasica</tag>
<status status="PASS" start="2024-05-11T02:23:33.484831" elapsed="0.120475"/>
</test>
<test id="s1-s1-t3" name="Validar estrutura de resposta" line="22">
<kw name="Teste de Estrutura de Resposta" owner="random-user-service">
<kw name="GET On Session" owner="RequestsLibrary">
<msg time="2024-05-11T02:23:33.704234" level="INFO">GET Request : url=https://randomuser.me/api 
 path_url=/api 
 headers={'User-Agent': 'python-requests/2.31.0', 'Accept-Encoding': 'gzip, deflate', 'Accept': '*/*', 'Connection': 'keep-alive'} 
 body=None 
 </msg>
<msg time="2024-05-11T02:23:33.704323" level="INFO">GET Response : url=https://randomuser.me/api 
 status=200, reason=OK 
 headers={'Date': 'Sat, 11 May 2024 02:23:33 GMT', 'Content-Type': 'application/json; charset=utf-8', 'Transfer-Encoding': 'chunked', 'Connection': 'keep-alive', 'X-Powered-By': 'Express', 'Access-Control-Allow-Origin': '*', 'Cache-Control': 'no-cache', 'ETag': 'W/"489-ETKX9HxJoCGqDpAd5fbBHqa4VCs"', 'Vary': 'Accept-Encoding', 'Content-Encoding': 'gzip', 'CF-Cache-Status': 'DYNAMIC', 'Report-To': '{"endpoints":[{"url":"https:\\/\\/a.nel.cloudflare.com\\/report\\/v4?s=IM97L%2F7OC5ww8evOFVQNtL8xEbFh%2B4zgt9xTAcWfwkOzkjwBze1gSXevGPl6uAlesgJTuf9Ws6Uu%2FYnPCfdfuZ1a3i21vCcSmDOzOtDmpB%2Fz44uE2QXK%2BAToSsYQNfxz"}],"group":"cf-nel","max_age":604800}', 'NEL': '{"success_fraction":0,"report_to":"cf-nel","max_age":604800}', 'Server': 'cloudflare', 'CF-RAY': '881eb52b1acb96b9-SJC', 'alt-svc': 'h3=":443"; ma=86400'} 
 body={"results":[{"gender":"female","name":{"title":"Mrs","first":"Jesús","last":"Ramírez"},"location":{"street":{"number":9569,"name":"Avenida de América"},"city":"Torrevieja","state":"Castilla la Mancha","country":"Spain","postcode":35084,"coordinates":{"latitude":"-31.0493","longitude":"176.2327"},"timezone":{"offset":"-10:00","description":"Hawaii"}},"email":"jesus.ramirez@example.com","login":{"uuid":"7b71f0e4-448f-41af-b8d7-a3f72729b2fe","username":"heavymouse318","password":"smiles","salt":"qH8gN0RH","md5":"ef151b3ce3ec8c56dccde81f0f674d99","sha1":"17b1b02be71a34491e5eeefd9e65ce2db0b2cdf8","sha256":"2cf2ac3dc6f0a7f70a3c81981b9f4bf5b04b1935d4ba943c6d50a97e7cecd666"},"dob":{"date":"2000-02-27T18:46:09.721Z","age":24},"registered":{"date":"2011-08-12T01:19:14.890Z","age":12},"phone":"941-571-996","cell":"616-005-458","id":{"name":"DNI","value":"04813749-Q"},"picture":{"large":"https://randomuser.me/api/portraits/women/16.jpg","medium":"https://randomuser.me/api/portraits/med/women/16.jpg","thumbnail":"https://randomuser.me/api/portraits/thumb/women/16.jpg"},"nat":"ES"}],"info":{"seed":"72099aca6e7bebe8","results":1,"page":1,"version":"1.4"}} 
 </msg>
<msg time="2024-05-11T02:23:33.704448" level="INFO">/opt/hostedtoolcache/Python/3.12.3/x64/lib/python3.12/site-packages/urllib3/connectionpool.py:1103: InsecureRequestWarning: Unverified HTTPS request is being made to host 'randomuser.me'. Adding certificate verification is strongly advised. See: https://urllib3.readthedocs.io/en/latest/advanced-usage.html#tls-warnings
  warnings.warn(</msg>
<msg time="2024-05-11T02:23:33.704597" level="INFO">${response} = &lt;Response [200]&gt;</msg>
<var>${response}</var>
<arg>consultarAPI</arg>
<arg>/api</arg>
<doc>Sends a GET request on a previously created HTTP Session.</doc>
<status status="PASS" start="2024-05-11T02:23:33.607995" elapsed="0.096652"/>
</kw>
<kw name="Set Variable" owner="BuiltIn">
<msg time="2024-05-11T02:23:33.705489" level="INFO">${json_data} = {'results': [{'gender': 'female', 'name': {'title': 'Mrs', 'first': 'Jesús', 'last': 'Ramírez'}, 'location': {'street': {'number': 9569, 'name': 'Avenida de América'}, 'city': 'Torrevieja', 'state': '...</msg>
<var>${json_data}</var>
<arg>${response.json()}</arg>
<doc>Returns the given values which can then be assigned to a variables.</doc>
<status status="PASS" start="2024-05-11T02:23:33.705009" elapsed="0.000511"/>
</kw>
<kw name="Log" owner="BuiltIn">
<msg time="2024-05-11T02:23:33.705997" level="INFO">{'results': [{'gender': 'female', 'name': {'title': 'Mrs', 'first': 'Jesús', 'last': 'Ramírez'}, 'location': {'street': {'number': 9569, 'name': 'Avenida de América'}, 'city': 'Torrevieja', 'state': 'Castilla la Mancha', 'country': 'Spain', 'postcode': 35084, 'coordinates': {'latitude': '-31.0493', 'longitude': '176.2327'}, 'timezone': {'offset': '-10:00', 'description': 'Hawaii'}}, 'email': 'jesus.ramirez@example.com', 'login': {'uuid': '7b71f0e4-448f-41af-b8d7-a3f72729b2fe', 'username': 'heavymouse318', 'password': 'smiles', 'salt': 'qH8gN0RH', 'md5': 'ef151b3ce3ec8c56dccde81f0f674d99', 'sha1': '17b1b02be71a34491e5eeefd9e65ce2db0b2cdf8', 'sha256': '2cf2ac3dc6f0a7f70a3c81981b9f4bf5b04b1935d4ba943c6d50a97e7cecd666'}, 'dob': {'date': '2000-02-27T18:46:09.721Z', 'age': 24}, 'registered': {'date': '2011-08-12T01:19:14.890Z', 'age': 12}, 'phone': '941-571-996', 'cell': '616-005-458', 'id': {'name': 'DNI', 'value': '04813749-Q'}, 'picture': {'large': 'https://randomuser.me/api/portraits/women/16.jpg', 'medium': 'https://randomuser.me/api/portraits/med/women/16.jpg', 'thumbnail': 'https://randomuser.me/api/portraits/thumb/women/16.jpg'}, 'nat': 'ES'}], 'info': {'seed': '72099aca6e7bebe8', 'results': 1, 'page': 1, 'version': '1.4'}}</msg>
<arg>${json_data}</arg>
<doc>Logs the given message with the given level.</doc>
<status status="PASS" start="2024-05-11T02:23:33.705826" elapsed="0.000221"/>
</kw>
<kw name="Dictionary Should Contain Key" owner="Collections">
<msg time="2024-05-11T02:23:33.706503" level="INFO">False</msg>
<arg>${json_data}</arg>
<arg>results</arg>
<doc>Fails if ``key`` is not found from ``dictionary``.</doc>
<status status="PASS" start="2024-05-11T02:23:33.706341" elapsed="0.000203"/>
</kw>
<kw name="Should Not Be Empty" owner="BuiltIn">
<msg time="2024-05-11T02:23:33.706976" level="INFO">Length is 2.</msg>
<arg>${json_data}</arg>
<doc>Verifies that the given item is not empty.</doc>
<status status="PASS" start="2024-05-11T02:23:33.706839" elapsed="0.000303"/>
</kw>
<kw name="Create List" owner="BuiltIn">
<msg time="2024-05-11T02:23:33.707591" level="INFO">${expected_keys} = ['gender', 'name', 'location', 'email', 'login']</msg>
<var>${expected_keys}</var>
<arg>gender</arg>
<arg>name</arg>
<arg>location</arg>
<arg>email</arg>
<arg>login</arg>
<doc>Returns a list containing given items.</doc>
<status status="PASS" start="2024-05-11T02:23:33.707438" elapsed="0.000177"/>
</kw>
<for flavor="IN">
<iter>
<kw name="Dictionary Should Contain Key" owner="Collections">
<msg time="2024-05-11T02:23:33.708616" level="INFO">False</msg>
<arg>${json_data['results'][0]}</arg>
<arg>${key}</arg>
<doc>Fails if ``key`` is not found from ``dictionary``.</doc>
<status status="PASS" start="2024-05-11T02:23:33.708217" elapsed="0.000438"/>
</kw>
<kw name="Log" owner="BuiltIn">
<msg time="2024-05-11T02:23:33.709330" level="INFO">{'gender': 'female', 'name': {'title': 'Mrs', 'first': 'Jesús', 'last': 'Ramírez'}, 'location': {'street': {'number': 9569, 'name': 'Avenida de América'}, 'city': 'Torrevieja', 'state': 'Castilla la Mancha', 'country': 'Spain', 'postcode': 35084, 'coordinates': {'latitude': '-31.0493', 'longitude': '176.2327'}, 'timezone': {'offset': '-10:00', 'description': 'Hawaii'}}, 'email': 'jesus.ramirez@example.com', 'login': {'uuid': '7b71f0e4-448f-41af-b8d7-a3f72729b2fe', 'username': 'heavymouse318', 'password': 'smiles', 'salt': 'qH8gN0RH', 'md5': 'ef151b3ce3ec8c56dccde81f0f674d99', 'sha1': '17b1b02be71a34491e5eeefd9e65ce2db0b2cdf8', 'sha256': '2cf2ac3dc6f0a7f70a3c81981b9f4bf5b04b1935d4ba943c6d50a97e7cecd666'}, 'dob': {'date': '2000-02-27T18:46:09.721Z', 'age': 24}, 'registered': {'date': '2011-08-12T01:19:14.890Z', 'age': 12}, 'phone': '941-571-996', 'cell': '616-005-458', 'id': {'name': 'DNI', 'value': '04813749-Q'}, 'picture': {'large': 'https://randomuser.me/api/portraits/women/16.jpg', 'medium': 'https://randomuser.me/api/portraits/med/women/16.jpg', 'thumbnail': 'https://randomuser.me/api/portraits/thumb/women/16.jpg'}, 'nat': 'ES'}</msg>
<arg>${json_data['results'][0]}</arg>
<doc>Logs the given message with the given level.</doc>
<status status="PASS" start="2024-05-11T02:23:33.708957" elapsed="0.000421"/>
</kw>
<kw name="Log" owner="BuiltIn">
<msg time="2024-05-11T02:23:33.709808" level="INFO">gender</msg>
<arg>${key}</arg>
<doc>Logs the given message with the given level.</doc>
<status status="PASS" start="2024-05-11T02:23:33.709680" elapsed="0.000165"/>
</kw>
<var name="${key}">gender</var>
<status status="PASS" start="2024-05-11T02:23:33.708091" elapsed="0.002004"/>
</iter>
<iter>
<kw name="Dictionary Should Contain Key" owner="Collections">
<msg time="2024-05-11T02:23:33.710783" level="INFO">False</msg>
<arg>${json_data['results'][0]}</arg>
<arg>${key}</arg>
<doc>Fails if ``key`` is not found from ``dictionary``.</doc>
<status status="PASS" start="2024-05-11T02:23:33.710403" elapsed="0.000418"/>
</kw>
<kw name="Log" owner="BuiltIn">
<msg time="2024-05-11T02:23:33.711507" level="INFO">{'gender': 'female', 'name': {'title': 'Mrs', 'first': 'Jesús', 'last': 'Ramírez'}, 'location': {'street': {'number': 9569, 'name': 'Avenida de América'}, 'city': 'Torrevieja', 'state': 'Castilla la Mancha', 'country': 'Spain', 'postcode': 35084, 'coordinates': {'latitude': '-31.0493', 'longitude': '176.2327'}, 'timezone': {'offset': '-10:00', 'description': 'Hawaii'}}, 'email': 'jesus.ramirez@example.com', 'login': {'uuid': '7b71f0e4-448f-41af-b8d7-a3f72729b2fe', 'username': 'heavymouse318', 'password': 'smiles', 'salt': 'qH8gN0RH', 'md5': 'ef151b3ce3ec8c56dccde81f0f674d99', 'sha1': '17b1b02be71a34491e5eeefd9e65ce2db0b2cdf8', 'sha256': '2cf2ac3dc6f0a7f70a3c81981b9f4bf5b04b1935d4ba943c6d50a97e7cecd666'}, 'dob': {'date': '2000-02-27T18:46:09.721Z', 'age': 24}, 'registered': {'date': '2011-08-12T01:19:14.890Z', 'age': 12}, 'phone': '941-571-996', 'cell': '616-005-458', 'id': {'name': 'DNI', 'value': '04813749-Q'}, 'picture': {'large': 'https://randomuser.me/api/portraits/women/16.jpg', 'medium': 'https://randomuser.me/api/portraits/med/women/16.jpg', 'thumbnail': 'https://randomuser.me/api/portraits/thumb/women/16.jpg'}, 'nat': 'ES'}</msg>
<arg>${json_data['results'][0]}</arg>
<doc>Logs the given message with the given level.</doc>
<status status="PASS" start="2024-05-11T02:23:33.711144" elapsed="0.000412"/>
</kw>
<kw name="Log" owner="BuiltIn">
<msg time="2024-05-11T02:23:33.711999" level="INFO">name</msg>
<arg>${key}</arg>
<doc>Logs the given message with the given level.</doc>
<status status="PASS" start="2024-05-11T02:23:33.711871" elapsed="0.000165"/>
</kw>
<var name="${key}">name</var>
<status status="PASS" start="2024-05-11T02:23:33.710281" elapsed="0.001969"/>
</iter>
<iter>
<kw name="Dictionary Should Contain Key" owner="Collections">
<msg time="2024-05-11T02:23:33.712927" level="INFO">False</msg>
<arg>${json_data['results'][0]}</arg>
<arg>${key}</arg>
<doc>Fails if ``key`` is not found from ``dictionary``.</doc>
<status status="PASS" start="2024-05-11T02:23:33.712538" elapsed="0.000426"/>
</kw>
<kw name="Log" owner="BuiltIn">
<msg time="2024-05-11T02:23:33.713615" level="INFO">{'gender': 'female', 'name': {'title': 'Mrs', 'first': 'Jesús', 'last': 'Ramírez'}, 'location': {'street': {'number': 9569, 'name': 'Avenida de América'}, 'city': 'Torrevieja', 'state': 'Castilla la Mancha', 'country': 'Spain', 'postcode': 35084, 'coordinates': {'latitude': '-31.0493', 'longitude': '176.2327'}, 'timezone': {'offset': '-10:00', 'description': 'Hawaii'}}, 'email': 'jesus.ramirez@example.com', 'login': {'uuid': '7b71f0e4-448f-41af-b8d7-a3f72729b2fe', 'username': 'heavymouse318', 'password': 'smiles', 'salt': 'qH8gN0RH', 'md5': 'ef151b3ce3ec8c56dccde81f0f674d99', 'sha1': '17b1b02be71a34491e5eeefd9e65ce2db0b2cdf8', 'sha256': '2cf2ac3dc6f0a7f70a3c81981b9f4bf5b04b1935d4ba943c6d50a97e7cecd666'}, 'dob': {'date': '2000-02-27T18:46:09.721Z', 'age': 24}, 'registered': {'date': '2011-08-12T01:19:14.890Z', 'age': 12}, 'phone': '941-571-996', 'cell': '616-005-458', 'id': {'name': 'DNI', 'value': '04813749-Q'}, 'picture': {'large': 'https://randomuser.me/api/portraits/women/16.jpg', 'medium': 'https://randomuser.me/api/portraits/med/women/16.jpg', 'thumbnail': 'https://randomuser.me/api/portraits/thumb/women/16.jpg'}, 'nat': 'ES'}</msg>
<arg>${json_data['results'][0]}</arg>
<doc>Logs the given message with the given level.</doc>
<status status="PASS" start="2024-05-11T02:23:33.713256" elapsed="0.000408"/>
</kw>
<kw name="Log" owner="BuiltIn">
<msg time="2024-05-11T02:23:33.714084" level="INFO">location</msg>
<arg>${key}</arg>
<doc>Logs the given message with the given level.</doc>
<status status="PASS" start="2024-05-11T02:23:33.713952" elapsed="0.000168"/>
</kw>
<var name="${key}">location</var>
<status status="PASS" start="2024-05-11T02:23:33.712427" elapsed="0.001903"/>
</iter>
<iter>
<kw name="Dictionary Should Contain Key" owner="Collections">
<msg time="2024-05-11T02:23:33.715048" level="INFO">False</msg>
<arg>${json_data['results'][0]}</arg>
<arg>${key}</arg>
<doc>Fails if ``key`` is not found from ``dictionary``.</doc>
<status status="PASS" start="2024-05-11T02:23:33.714657" elapsed="0.000429"/>
</kw>
<kw name="Log" owner="BuiltIn">
<msg time="2024-05-11T02:23:33.715752" level="INFO">{'gender': 'female', 'name': {'title': 'Mrs', 'first': 'Jesús', 'last': 'Ramírez'}, 'location': {'street': {'number': 9569, 'name': 'Avenida de América'}, 'city': 'Torrevieja', 'state': 'Castilla la Mancha', 'country': 'Spain', 'postcode': 35084, 'coordinates': {'latitude': '-31.0493', 'longitude': '176.2327'}, 'timezone': {'offset': '-10:00', 'description': 'Hawaii'}}, 'email': 'jesus.ramirez@example.com', 'login': {'uuid': '7b71f0e4-448f-41af-b8d7-a3f72729b2fe', 'username': 'heavymouse318', 'password': 'smiles', 'salt': 'qH8gN0RH', 'md5': 'ef151b3ce3ec8c56dccde81f0f674d99', 'sha1': '17b1b02be71a34491e5eeefd9e65ce2db0b2cdf8', 'sha256': '2cf2ac3dc6f0a7f70a3c81981b9f4bf5b04b1935d4ba943c6d50a97e7cecd666'}, 'dob': {'date': '2000-02-27T18:46:09.721Z', 'age': 24}, 'registered': {'date': '2011-08-12T01:19:14.890Z', 'age': 12}, 'phone': '941-571-996', 'cell': '616-005-458', 'id': {'name': 'DNI', 'value': '04813749-Q'}, 'picture': {'large': 'https://randomuser.me/api/portraits/women/16.jpg', 'medium': 'https://randomuser.me/api/portraits/med/women/16.jpg', 'thumbnail': 'https://randomuser.me/api/portraits/thumb/women/16.jpg'}, 'nat': 'ES'}</msg>
<arg>${json_data['results'][0]}</arg>
<doc>Logs the given message with the given level.</doc>
<status status="PASS" start="2024-05-11T02:23:33.715386" elapsed="0.000453"/>
</kw>
<kw name="Log" owner="BuiltIn">
<msg time="2024-05-11T02:23:33.716282" level="INFO">email</msg>
<arg>${key}</arg>
<doc>Logs the given message with the given level.</doc>
<status status="PASS" start="2024-05-11T02:23:33.716153" elapsed="0.000167"/>
</kw>
<var name="${key}">email</var>
<status status="PASS" start="2024-05-11T02:23:33.714501" elapsed="0.002033"/>
</iter>
<iter>
<kw name="Dictionary Should Contain Key" owner="Collections">
<msg time="2024-05-11T02:23:33.717211" level="INFO">False</msg>
<arg>${json_data['results'][0]}</arg>
<arg>${key}</arg>
<doc>Fails if ``key`` is not found from ``dictionary``.</doc>
<status status="PASS" start="2024-05-11T02:23:33.716825" elapsed="0.000424"/>
</kw>
<kw name="Log" owner="BuiltIn">
<msg time="2024-05-11T02:23:33.717917" level="INFO">{'gender': 'female', 'name': {'title': 'Mrs', 'first': 'Jesús', 'last': 'Ramírez'}, 'location': {'street': {'number': 9569, 'name': 'Avenida de América'}, 'city': 'Torrevieja', 'state': 'Castilla la Mancha', 'country': 'Spain', 'postcode': 35084, 'coordinates': {'latitude': '-31.0493', 'longitude': '176.2327'}, 'timezone': {'offset': '-10:00', 'description': 'Hawaii'}}, 'email': 'jesus.ramirez@example.com', 'login': {'uuid': '7b71f0e4-448f-41af-b8d7-a3f72729b2fe', 'username': 'heavymouse318', 'password': 'smiles', 'salt': 'qH8gN0RH', 'md5': 'ef151b3ce3ec8c56dccde81f0f674d99', 'sha1': '17b1b02be71a34491e5eeefd9e65ce2db0b2cdf8', 'sha256': '2cf2ac3dc6f0a7f70a3c81981b9f4bf5b04b1935d4ba943c6d50a97e7cecd666'}, 'dob': {'date': '2000-02-27T18:46:09.721Z', 'age': 24}, 'registered': {'date': '2011-08-12T01:19:14.890Z', 'age': 12}, 'phone': '941-571-996', 'cell': '616-005-458', 'id': {'name': 'DNI', 'value': '04813749-Q'}, 'picture': {'large': 'https://randomuser.me/api/portraits/women/16.jpg', 'medium': 'https://randomuser.me/api/portraits/med/women/16.jpg', 'thumbnail': 'https://randomuser.me/api/portraits/thumb/women/16.jpg'}, 'nat': 'ES'}</msg>
<arg>${json_data['results'][0]}</arg>
<doc>Logs the given message with the given level.</doc>
<status status="PASS" start="2024-05-11T02:23:33.717544" elapsed="0.000422"/>
</kw>
<kw name="Log" owner="BuiltIn">
<msg time="2024-05-11T02:23:33.718382" level="INFO">login</msg>
<arg>${key}</arg>
<doc>Logs the given message with the given level.</doc>
<status status="PASS" start="2024-05-11T02:23:33.718259" elapsed="0.000161"/>
</kw>
<var name="${key}">login</var>
<status status="PASS" start="2024-05-11T02:23:33.716708" elapsed="0.001955"/>
</iter>
<var>${key}</var>
<value>@{expected_keys}</value>
<status status="PASS" start="2024-05-11T02:23:33.707905" elapsed="0.010882"/>
</for>
<kw name="Create List" owner="BuiltIn">
<msg time="2024-05-11T02:23:33.719113" level="INFO">${expected_keysTwo} = ['username', 'password']</msg>
<var>${expected_keysTwo}</var>
<arg>username</arg>
<arg>password</arg>
<doc>Returns a list containing given items.</doc>
<status status="PASS" start="2024-05-11T02:23:33.718977" elapsed="0.000160"/>
</kw>
<for flavor="IN">
<iter>
<kw name="Dictionary Should Contain Key" owner="Collections">
<msg time="2024-05-11T02:23:33.720040" level="INFO">False</msg>
<arg>${json_data['results'][0]['login']}</arg>
<arg>${keyTwo}</arg>
<doc>Fails if ``key`` is not found from ``dictionary``.</doc>
<status status="PASS" start="2024-05-11T02:23:33.719630" elapsed="0.000447"/>
</kw>
<kw name="Dictionary Should Contain Key" owner="Collections">
<msg time="2024-05-11T02:23:33.720753" level="INFO">False</msg>
<arg>${json_data['results'][0]['login']}</arg>
<arg>${keyTwo}</arg>
<doc>Fails if ``key`` is not found from ``dictionary``.</doc>
<status status="PASS" start="2024-05-11T02:23:33.720373" elapsed="0.000417"/>
</kw>
<kw name="Log" owner="BuiltIn">
<msg time="2024-05-11T02:23:33.721201" level="INFO">username</msg>
<arg>${keyTwo}</arg>
<doc>Logs the given message with the given level.</doc>
<status status="PASS" start="2024-05-11T02:23:33.721077" elapsed="0.000165"/>
</kw>
<var name="${keyTwo}">username</var>
<status status="PASS" start="2024-05-11T02:23:33.719521" elapsed="0.001932"/>
</iter>
<iter>
<kw name="Dictionary Should Contain Key" owner="Collections">
<msg time="2024-05-11T02:23:33.722200" level="INFO">False</msg>
<arg>${json_data['results'][0]['login']}</arg>
<arg>${keyTwo}</arg>
<doc>Fails if ``key`` is not found from ``dictionary``.</doc>
<status status="PASS" start="2024-05-11T02:23:33.721736" elapsed="0.000506"/>
</kw>
<kw name="Dictionary Should Contain Key" owner="Collections">
<msg time="2024-05-11T02:23:33.722913" level="INFO">False</msg>
<arg>${json_data['results'][0]['login']}</arg>
<arg>${keyTwo}</arg>
<doc>Fails if ``key`` is not found from ``dictionary``.</doc>
<status status="PASS" start="2024-05-11T02:23:33.722537" elapsed="0.000412"/>
</kw>
<kw name="Log" owner="BuiltIn">
<msg time="2024-05-11T02:23:33.723364" level="INFO">password</msg>
<arg>${keyTwo}</arg>
<doc>Logs the given message with the given level.</doc>
<status status="PASS" start="2024-05-11T02:23:33.723239" elapsed="0.000162"/>
</kw>
<var name="${keyTwo}">password</var>
<status status="PASS" start="2024-05-11T02:23:33.721622" elapsed="0.001992"/>
</iter>
<var>${keyTwo}</var>
<value>@{expected_keysTwo}</value>
<status status="PASS" start="2024-05-11T02:23:33.719370" elapsed="0.004364"/>
</for>
<status status="PASS" start="2024-05-11T02:23:33.607732" elapsed="0.116185"/>
</kw>
<doc>Testa a estrutura da resposta da API.</doc>
<tag>testeEstruturaResposta</tag>
<status status="PASS" start="2024-05-11T02:23:33.607148" elapsed="0.116917"/>
</test>
<test id="s1-s1-t4" name="Validar tipos de dados" line="28">
<kw name="Teste de Tipos de Dados" owner="random-user-service">
<kw name="GET On Session" owner="RequestsLibrary">
<msg time="2024-05-11T02:23:33.824915" level="INFO">GET Request : url=https://randomuser.me/api 
 path_url=/api 
 headers={'User-Agent': 'python-requests/2.31.0', 'Accept-Encoding': 'gzip, deflate', 'Accept': '*/*', 'Connection': 'keep-alive'} 
 body=None 
 </msg>
<msg time="2024-05-11T02:23:33.824982" level="INFO">GET Response : url=https://randomuser.me/api 
 status=200, reason=OK 
 headers={'Date': 'Sat, 11 May 2024 02:23:33 GMT', 'Content-Type': 'application/json; charset=utf-8', 'Transfer-Encoding': 'chunked', 'Connection': 'keep-alive', 'X-Powered-By': 'Express', 'Access-Control-Allow-Origin': '*', 'Cache-Control': 'no-cache', 'ETag': 'W/"45f-jUTyCSvG22bGz/kWzMblmEYNlGU"', 'Vary': 'Accept-Encoding', 'Content-Encoding': 'gzip', 'CF-Cache-Status': 'DYNAMIC', 'Report-To': '{"endpoints":[{"url":"https:\\/\\/a.nel.cloudflare.com\\/report\\/v4?s=WHH%2BDQ0R8Czg09tWI0CFDTbpZQlosfyEbCo5AvDu1wWpdsArdvUbJrNgHWqS0dU%2BBRz1MPomgQQjtlqeq0BZKjPT%2FWqRias%2FJfpyyyzjCt5GI7Kt8nrZS3SBhtBIa1RP"}],"group":"cf-nel","max_age":604800}', 'NEL': '{"success_fraction":0,"report_to":"cf-nel","max_age":604800}', 'Server': 'cloudflare', 'CF-RAY': '881eb52bdba596b9-SJC', 'alt-svc': 'h3=":443"; ma=86400'} 
 body={"results":[{"gender":"male","name":{"title":"Mr","first":"Kadir","last":"Taşçı"},"location":{"street":{"number":550,"name":"Necatibey Cd"},"city":"Sivas","state":"Kocaeli","country":"Turkey","postcode":88041,"coordinates":{"latitude":"71.6675","longitude":"-3.8942"},"timezone":{"offset":"-10:00","description":"Hawaii"}},"email":"kadir.tasci@example.com","login":{"uuid":"7c108b8d-3a05-40f2-8d96-e13cd65b73ff","username":"purplekoala890","password":"sssss","salt":"pQbta8iI","md5":"c91897324368811a9ea784daa75a11cf","sha1":"2c6b8eecbd1c22197fd15e1889673e2cd8d6eaa8","sha256":"0a8f345ed444ccdbc3019657f8b3a0aba455b23515084e37b35d5a8410c493b8"},"dob":{"date":"1951-06-30T01:56:59.139Z","age":72},"registered":{"date":"2006-02-25T14:16:43.719Z","age":18},"phone":"(843)-642-9927","cell":"(911)-960-4648","id":{"name":"","value":null},"picture":{"large":"https://randomuser.me/api/portraits/men/75.jpg","medium":"https://randomuser.me/api/portraits/med/men/75.jpg","thumbnail":"https://randomuser.me/api/portraits/thumb/men/75.jpg"},"nat":"TR"}],"info":{"seed":"b26a50b3b7d366fc","results":1,"page":1,"version":"1.4"}} 
 </msg>
<msg time="2024-05-11T02:23:33.825050" level="INFO">/opt/hostedtoolcache/Python/3.12.3/x64/lib/python3.12/site-packages/urllib3/connectionpool.py:1103: InsecureRequestWarning: Unverified HTTPS request is being made to host 'randomuser.me'. Adding certificate verification is strongly advised. See: https://urllib3.readthedocs.io/en/latest/advanced-usage.html#tls-warnings
  warnings.warn(</msg>
<msg time="2024-05-11T02:23:33.825159" level="INFO">${response} = &lt;Response [200]&gt;</msg>
<var>${response}</var>
<arg>consultarAPI</arg>
<arg>/api</arg>
<doc>Sends a GET request on a previously created HTTP Session.</doc>
<status status="PASS" start="2024-05-11T02:23:33.726575" elapsed="0.098626"/>
</kw>
<kw name="Set Variable" owner="BuiltIn">
<msg time="2024-05-11T02:23:33.826039" level="INFO">${json_data} = {'results': [{'gender': 'male', 'name': {'title': 'Mr', 'first': 'Kadir', 'last': 'Taşçı'}, 'location': {'street': {'number': 550, 'name': 'Necatibey Cd'}, 'city': 'Sivas', 'state': 'Kocaeli', 'countr...</msg>
<var>${json_data}</var>
<arg>${response.json()}</arg>
<doc>Returns the given values which can then be assigned to a variables.</doc>
<status status="PASS" start="2024-05-11T02:23:33.825572" elapsed="0.000499"/>
</kw>
<kw name="Log" owner="BuiltIn">
<msg time="2024-05-11T02:23:33.826543" level="INFO">{'results': [{'gender': 'male', 'name': {'title': 'Mr', 'first': 'Kadir', 'last': 'Taşçı'}, 'location': {'street': {'number': 550, 'name': 'Necatibey Cd'}, 'city': 'Sivas', 'state': 'Kocaeli', 'country': 'Turkey', 'postcode': 88041, 'coordinates': {'latitude': '71.6675', 'longitude': '-3.8942'}, 'timezone': {'offset': '-10:00', 'description': 'Hawaii'}}, 'email': 'kadir.tasci@example.com', 'login': {'uuid': '7c108b8d-3a05-40f2-8d96-e13cd65b73ff', 'username': 'purplekoala890', 'password': 'sssss', 'salt': 'pQbta8iI', 'md5': 'c91897324368811a9ea784daa75a11cf', 'sha1': '2c6b8eecbd1c22197fd15e1889673e2cd8d6eaa8', 'sha256': '0a8f345ed444ccdbc3019657f8b3a0aba455b23515084e37b35d5a8410c493b8'}, 'dob': {'date': '1951-06-30T01:56:59.139Z', 'age': 72}, 'registered': {'date': '2006-02-25T14:16:43.719Z', 'age': 18}, 'phone': '(843)-642-9927', 'cell': '(911)-960-4648', 'id': {'name': '', 'value': None}, 'picture': {'large': 'https://randomuser.me/api/portraits/men/75.jpg', 'medium': 'https://randomuser.me/api/portraits/med/men/75.jpg', 'thumbnail': 'https://randomuser.me/api/portraits/thumb/men/75.jpg'}, 'nat': 'TR'}], 'info': {'seed': 'b26a50b3b7d366fc', 'results': 1, 'page': 1, 'version': '1.4'}}</msg>
<arg>${json_data}</arg>
<doc>Logs the given message with the given level.</doc>
<status status="PASS" start="2024-05-11T02:23:33.826383" elapsed="0.000241"/>
</kw>
<kw name="Should Be String" owner="String">
<arg>${json_data['results'][0]['gender']}</arg>
<doc>Fails if the given ``item`` is not a string.</doc>
<status status="PASS" start="2024-05-11T02:23:33.826933" elapsed="0.000369"/>
</kw>
<kw name="Should Match Regexp" owner="BuiltIn">
<arg>${json_data['results'][0]['email']}</arg>
<arg>^[a-zA-Z0-9._%+-]+@[a-zA-Z0-9.-]+\.[a-zA-Z]{2,}$</arg>
<doc>Fails if ``string`` does not match ``pattern`` as a regular expression.</doc>
<status status="PASS" start="2024-05-11T02:23:33.827498" elapsed="0.000547"/>
</kw>
<kw name="Should Match Regexp" owner="BuiltIn">
<arg>${json_data['results'][0]['dob']['date']}</arg>
<arg>\\d{4}-\\d{2}-\\d{2}T\\d{2}:\\d{2}:\\d{2}\\.\\d{3}Z</arg>
<doc>Fails if ``string`` does not match ``pattern`` as a regular expression.</doc>
<status status="PASS" start="2024-05-11T02:23:33.828245" elapsed="0.000500"/>
</kw>
<kw name="Should Match Regexp" owner="BuiltIn">
<arg>${json_data['results'][0]['registered']['date']}</arg>
<arg>\\d{4}-\\d{2}-\\d{2}T\\d{2}:\\d{2}:\\d{2}\\.\\d{3}Z</arg>
<doc>Fails if ``string`` does not match ``pattern`` as a regular expression.</doc>
<status status="PASS" start="2024-05-11T02:23:33.828939" elapsed="0.000371"/>
</kw>
<kw name="Should Match Regexp" owner="BuiltIn">
<arg>${json_data['results'][0]['picture']['large']}</arg>
<arg>^https?://.*\.(?:png|jpe?g|gif|bmp)$</arg>
<doc>Fails if ``string`` does not match ``pattern`` as a regular expression.</doc>
<status status="PASS" start="2024-05-11T02:23:33.829505" elapsed="0.000470"/>
</kw>
<kw name="Should Match Regexp" owner="BuiltIn">
<arg>${json_data['results'][0]['picture']['medium']}</arg>
<arg>^https?://.*\.(?:png|jpe?g|gif|bmp)$</arg>
<doc>Fails if ``string`` does not match ``pattern`` as a regular expression.</doc>
<status status="PASS" start="2024-05-11T02:23:33.830165" elapsed="0.000356"/>
</kw>
<kw name="Should Match Regexp" owner="BuiltIn">
<arg>${json_data['results'][0]['picture']['thumbnail']}</arg>
<arg>^https?://.*\.(?:png|jpe?g|gif|bmp)$</arg>
<doc>Fails if ``string`` does not match ``pattern`` as a regular expression.</doc>
<status status="PASS" start="2024-05-11T02:23:33.830719" elapsed="0.000353"/>
</kw>
<kw name="Log" owner="BuiltIn">
<msg time="2024-05-11T02:23:33.831588" level="INFO">{'large': 'https://randomuser.me/api/portraits/men/75.jpg', 'medium': 'https://randomuser.me/api/portraits/med/men/75.jpg', 'thumbnail': 'https://randomuser.me/api/portraits/thumb/men/75.jpg'}</msg>
<arg>${json_data['results'][0]['picture']}</arg>
<doc>Logs the given message with the given level.</doc>
<status status="PASS" start="2024-05-11T02:23:33.831263" elapsed="0.000366"/>
</kw>
<status status="PASS" start="2024-05-11T02:23:33.726351" elapsed="0.105555"/>
</kw>
<kw name="Teste de Tipos de Dados - Postcode" owner="random-user-service">
<kw name="GET On Session" owner="RequestsLibrary">
<msg time="2024-05-11T02:23:33.922847" level="INFO">GET Request : url=https://randomuser.me/api 
 path_url=/api 
 headers={'User-Agent': 'python-requests/2.31.0', 'Accept-Encoding': 'gzip, deflate', 'Accept': '*/*', 'Connection': 'keep-alive'} 
 body=None 
 </msg>
<msg time="2024-05-11T02:23:33.922911" level="INFO">GET Response : url=https://randomuser.me/api 
 status=200, reason=OK 
 headers={'Date': 'Sat, 11 May 2024 02:23:33 GMT', 'Content-Type': 'application/json; charset=utf-8', 'Transfer-Encoding': 'chunked', 'Connection': 'keep-alive', 'X-Powered-By': 'Express', 'Access-Control-Allow-Origin': '*', 'Cache-Control': 'no-cache', 'ETag': 'W/"49c-DVQ8h25lLGhA6488thJxIxd7vdE"', 'Vary': 'Accept-Encoding', 'Content-Encoding': 'gzip', 'CF-Cache-Status': 'DYNAMIC', 'Report-To': '{"endpoints":[{"url":"https:\\/\\/a.nel.cloudflare.com\\/report\\/v4?s=eDsxTNu1F4Z1NPxkRfCK%2FWtmYtZyYoighflsPrgNZH%2FMjfG4pCVwe0cXsrRJJBTFDsz07ytZyz3Z3EnjzraZYDCmfXjOuiAMshpPqBFujiPC4NtQD0BUt24Kx1YlVANG"}],"group":"cf-nel","max_age":604800}', 'NEL': '{"success_fraction":0,"report_to":"cf-nel","max_age":604800}', 'Server': 'cloudflare', 'CF-RAY': '881eb52c7c7596b9-SJC', 'alt-svc': 'h3=":443"; ma=86400'} 
 body={"results":[{"gender":"male","name":{"title":"Mr","first":"آرش","last":"سهيلي راد"},"location":{"street":{"number":3131,"name":"اجاره دار"},"city":"ملارد","state":"چهارمحال و بختیاری","country":"Iran","postcode":46165,"coordinates":{"latitude":"21.0481","longitude":"-148.8689"},"timezone":{"offset":"-12:00","description":"Eniwetok, Kwajalein"}},"email":"arsh.shylyrd@example.com","login":{"uuid":"15051bc6-ee0f-4b0c-b4c5-0536ee2f6170","username":"smallgoose117","password":"cowboys1","salt":"44d8RbU9","md5":"ba520e299a2dd99d151c7c717c7d7128","sha1":"2d59142403e368ee05a6818a7c9286b6b28f1ebd","sha256":"5ee467c75b3c87ed3398f43c7cb0bc99245b8e91390725dafa1ed365435caedc"},"dob":{"date":"1963-06-13T09:26:53.622Z","age":60},"registered":{"date":"2007-02-15T07:11:26.490Z","age":17},"phone":"088-19304001","cell":"0992-389-7082","id":{"name":"","value":null},"picture":{"large":"https://randomuser.me/api/portraits/men/37.jpg","medium":"https://randomuser.me/api/portraits/med/men/37.jpg","thumbnail":"https://randomuser.me/api/portraits/thumb/men/37.jpg"},"nat":"IR"}],"info":{"seed":"4869b5c0829f9558","results":1,"page":1,"version":"1.4"}} 
 </msg>
<msg time="2024-05-11T02:23:33.922970" level="INFO">/opt/hostedtoolcache/Python/3.12.3/x64/lib/python3.12/site-packages/urllib3/connectionpool.py:1103: InsecureRequestWarning: Unverified HTTPS request is being made to host 'randomuser.me'. Adding certificate verification is strongly advised. See: https://urllib3.readthedocs.io/en/latest/advanced-usage.html#tls-warnings
  warnings.warn(</msg>
<msg time="2024-05-11T02:23:33.923065" level="INFO">${response} = &lt;Response [200]&gt;</msg>
<var>${response}</var>
<arg>consultarAPI</arg>
<arg>/api</arg>
<doc>Sends a GET request on a previously created HTTP Session.</doc>
<status status="PASS" start="2024-05-11T02:23:33.832352" elapsed="0.090753"/>
</kw>
<kw name="Set Variable" owner="BuiltIn">
<msg time="2024-05-11T02:23:33.924133" level="INFO">${json_data} = {'results': [{'gender': 'male', 'name': {'title': 'Mr', 'first': 'آرش', 'last': 'سهيلي راد'}, 'location': {'street': {'number': 3131, 'name': 'اجاره دار'}, 'city': 'ملارد', 'state': 'چهارمحال و بختیار...</msg>
<var>${json_data}</var>
<arg>${response.json()}</arg>
<doc>Returns the given values which can then be assigned to a variables.</doc>
<status status="PASS" start="2024-05-11T02:23:33.923538" elapsed="0.000626"/>
</kw>
<kw name="Log" owner="BuiltIn">
<msg time="2024-05-11T02:23:33.924635" level="INFO">{'results': [{'gender': 'male', 'name': {'title': 'Mr', 'first': 'آرش', 'last': 'سهيلي راد'}, 'location': {'street': {'number': 3131, 'name': 'اجاره دار'}, 'city': 'ملارد', 'state': 'چهارمحال و بختیاری', 'country': 'Iran', 'postcode': 46165, 'coordinates': {'latitude': '21.0481', 'longitude': '-148.8689'}, 'timezone': {'offset': '-12:00', 'description': 'Eniwetok, Kwajalein'}}, 'email': 'arsh.shylyrd@example.com', 'login': {'uuid': '15051bc6-ee0f-4b0c-b4c5-0536ee2f6170', 'username': 'smallgoose117', 'password': 'cowboys1', 'salt': '44d8RbU9', 'md5': 'ba520e299a2dd99d151c7c717c7d7128', 'sha1': '2d59142403e368ee05a6818a7c9286b6b28f1ebd', 'sha256': '5ee467c75b3c87ed3398f43c7cb0bc99245b8e91390725dafa1ed365435caedc'}, 'dob': {'date': '1963-06-13T09:26:53.622Z', 'age': 60}, 'registered': {'date': '2007-02-15T07:11:26.490Z', 'age': 17}, 'phone': '088-19304001', 'cell': '0992-389-7082', 'id': {'name': '', 'value': None}, 'picture': {'large': 'https://randomuser.me/api/portraits/men/37.jpg', 'medium': 'https://randomuser.me/api/portraits/med/men/37.jpg', 'thumbnail': 'https://randomuser.me/api/portraits/thumb/men/37.jpg'}, 'nat': 'IR'}], 'info': {'seed': '4869b5c0829f9558', 'results': 1, 'page': 1, 'version': '1.4'}}</msg>
<arg>${json_data}</arg>
<doc>Logs the given message with the given level.</doc>
<status status="PASS" start="2024-05-11T02:23:33.924478" elapsed="0.000237"/>
</kw>
<kw name="Should Be Equal As Numbers" owner="BuiltIn">
<arg>${json_data['results'][0]['location']['postcode']}</arg>
<arg>${json_data['results'][0]['location']['postcode']}</arg>
<doc>Fails if objects are unequal after converting them to real numbers.</doc>
<status status="PASS" start="2024-05-11T02:23:33.925273" elapsed="0.000627"/>
</kw>
<kw name="Log" owner="BuiltIn">
<msg time="2024-05-11T02:23:33.926435" level="INFO">46165</msg>
<arg>${json_data['results'][0]['location']['postcode']}</arg>
<doc>Logs the given message with the given level.</doc>
<status status="PASS" start="2024-05-11T02:23:33.926094" elapsed="0.000381"/>
</kw>
<status status="PASS" start="2024-05-11T02:23:33.832123" elapsed="0.094612"/>
</kw>
<doc>Testa se os tipos de dados na resposta da API estão corretos.</doc>
<tag>testeTiposDados</tag>
<status status="PASS" start="2024-05-11T02:23:33.725814" elapsed="0.201078"/>
</test>
<test id="s1-s1-t5" name="Validar conteudo" line="35">
<kw name="Teste de Tipos de Conteudo" owner="random-user-service">
<kw name="GET On Session" owner="RequestsLibrary">
<msg time="2024-05-11T02:23:34.020956" level="INFO">GET Request : url=https://randomuser.me/api 
 path_url=/api 
 headers={'User-Agent': 'python-requests/2.31.0', 'Accept-Encoding': 'gzip, deflate', 'Accept': '*/*', 'Connection': 'keep-alive'} 
 body=None 
 </msg>
<msg time="2024-05-11T02:23:34.021043" level="INFO">GET Response : url=https://randomuser.me/api 
 status=200, reason=OK 
 headers={'Date': 'Sat, 11 May 2024 02:23:34 GMT', 'Content-Type': 'application/json; charset=utf-8', 'Transfer-Encoding': 'chunked', 'Connection': 'keep-alive', 'X-Powered-By': 'Express', 'Access-Control-Allow-Origin': '*', 'Cache-Control': 'no-cache', 'ETag': 'W/"493-6cgO2yvY6xppIjHXfibrMyk8M0s"', 'Vary': 'Accept-Encoding', 'Content-Encoding': 'gzip', 'CF-Cache-Status': 'DYNAMIC', 'Report-To': '{"endpoints":[{"url":"https:\\/\\/a.nel.cloudflare.com\\/report\\/v4?s=ziSK1395bBmb0JggnzynUcbJa4YBMdt3Uk9DexGoeyZbstavyyOv9L6hDLfi6k4jBOoJh5Q128tB29jQD7c%2BGei2UWkR914N7iB1qN7MKXXOORV%2FTnaWQrc8BOXeA%2Fo8"}],"group":"cf-nel","max_age":604800}', 'NEL': '{"success_fraction":0,"report_to":"cf-nel","max_age":604800}', 'Server': 'cloudflare', 'CF-RAY': '881eb52d1cf596b9-SJC', 'alt-svc': 'h3=":443"; ma=86400'} 
 body={"results":[{"gender":"male","name":{"title":"Mr","first":"Đorđe","last":"Danilović"},"location":{"street":{"number":1304,"name":"Pionirska"},"city":"Babušnica","state":"Toplica","country":"Serbia","postcode":75033,"coordinates":{"latitude":"62.6494","longitude":"-46.6191"},"timezone":{"offset":"-5:00","description":"Eastern Time (US &amp; Canada), Bogota, Lima"}},"email":"dorde.danilovic@example.com","login":{"uuid":"3142a0eb-24ca-4f15-9b1a-335e748f0e8b","username":"bigostrich320","password":"pinhead","salt":"jsWN8gwf","md5":"15a1342995f8476d4b534322bd583fa9","sha1":"1ff9d643c9c6b85eb2ce7437f63227baffa05903","sha256":"05ff23cf71310a5bbeb50c68e09388483a08141b75062ec653f96fd8dd3ee953"},"dob":{"date":"1958-06-19T17:37:47.684Z","age":65},"registered":{"date":"2009-03-23T22:33:03.742Z","age":15},"phone":"023-5908-577","cell":"069-9663-814","id":{"name":"SID","value":"309981247"},"picture":{"large":"https://randomuser.me/api/portraits/men/92.jpg","medium":"https://randomuser.me/api/portraits/med/men/92.jpg","thumbnail":"https://randomuser.me/api/portraits/thumb/men/92.jpg"},"nat":"RS"}],"info":{"seed":"b867e76a245250e2","results":1,"page":1,"version":"1.4"}} 
 </msg>
<msg time="2024-05-11T02:23:34.021123" level="INFO">/opt/hostedtoolcache/Python/3.12.3/x64/lib/python3.12/site-packages/urllib3/connectionpool.py:1103: InsecureRequestWarning: Unverified HTTPS request is being made to host 'randomuser.me'. Adding certificate verification is strongly advised. See: https://urllib3.readthedocs.io/en/latest/advanced-usage.html#tls-warnings
  warnings.warn(</msg>
<msg time="2024-05-11T02:23:34.021242" level="INFO">${response} = &lt;Response [200]&gt;</msg>
<var>${response}</var>
<arg>consultarAPI</arg>
<arg>/api</arg>
<doc>Sends a GET request on a previously created HTTP Session.</doc>
<status status="PASS" start="2024-05-11T02:23:33.929722" elapsed="0.091568"/>
</kw>
<kw name="Set Variable" owner="BuiltIn">
<msg time="2024-05-11T02:23:34.022292" level="INFO">${json_data} = {'results': [{'gender': 'male', 'name': {'title': 'Mr', 'first': 'Đorđe', 'last': 'Danilović'}, 'location': {'street': {'number': 1304, 'name': 'Pionirska'}, 'city': 'Babušnica', 'state': 'Toplica', '...</msg>
<var>${json_data}</var>
<arg>${response.json()}</arg>
<doc>Returns the given values which can then be assigned to a variables.</doc>
<status status="PASS" start="2024-05-11T02:23:34.021741" elapsed="0.000581"/>
</kw>
<kw name="Set Variable" owner="BuiltIn">
<msg time="2024-05-11T02:23:34.023016" level="INFO">${name_title} = Mr</msg>
<var>${name_title}</var>
<arg>${json_data["results"][0]["name"]["title"]}</arg>
<doc>Returns the given values which can then be assigned to a variables.</doc>
<status status="PASS" start="2024-05-11T02:23:34.022632" elapsed="0.000409"/>
</kw>
<kw name="Create List" owner="BuiltIn">
<msg time="2024-05-11T02:23:34.023487" level="INFO">${allowed_titles} = ['Mr', 'Ms', 'Miss', 'Mrs', 'Madame', 'Monsieur']</msg>
<var>${allowed_titles}</var>
<arg>Mr</arg>
<arg>Ms</arg>
<arg>Miss</arg>
<arg>Mrs</arg>
<arg>Madame</arg>
<arg>Monsieur</arg>
<doc>Returns a list containing given items.</doc>
<status status="PASS" start="2024-05-11T02:23:34.023340" elapsed="0.000172"/>
</kw>
<kw name="List Should Contain Value" owner="Collections">
<msg time="2024-05-11T02:23:34.024026" level="INFO">False</msg>
<arg>${allowed_titles}</arg>
<arg>${name_title}</arg>
<doc>Fails if the ``value`` is not found from ``list``.</doc>
<status status="PASS" start="2024-05-11T02:23:34.023846" elapsed="0.000217"/>
</kw>
<kw name="Set Variable" owner="BuiltIn">
<msg time="2024-05-11T02:23:34.024752" level="INFO">${name_country} = RS</msg>
<var>${name_country}</var>
<arg>${json_data["results"][0]["nat"]}</arg>
<doc>Returns the given values which can then be assigned to a variables.</doc>
<status status="PASS" start="2024-05-11T02:23:34.024366" elapsed="0.000411"/>
</kw>
<kw name="Create List" owner="BuiltIn">
<msg time="2024-05-11T02:23:34.025659" level="INFO">${list_country} = ['AD', 'AE', 'AF', 'AG', 'AI', 'AL', 'AM', 'AO', 'AQ', 'AR', 'AS', 'AT', 'AU', 'AW', 'AX', 'AZ', 'BA', 'BB', 'BD', 'BE', 'BF', 'BG', 'BH', 'BI', 'BJ', 'BL', 'BM', 'BN', 'BO', 'BQ', 'BR', 'BS', 'BT', '...</msg>
<var>${list_country}</var>
<arg>AD</arg>
<arg>AE</arg>
<arg>AF</arg>
<arg>AG</arg>
<arg>AI</arg>
<arg>AL</arg>
<arg>AM</arg>
<arg>AO</arg>
<arg>AQ</arg>
<arg>AR</arg>
<arg>AS</arg>
<arg>AT</arg>
<arg>AU</arg>
<arg>AW</arg>
<arg>AX</arg>
<arg>AZ</arg>
<arg>BA</arg>
<arg>BB</arg>
<arg>BD</arg>
<arg>BE</arg>
<arg>BF</arg>
<arg>BG</arg>
<arg>BH</arg>
<arg>BI</arg>
<arg>BJ</arg>
<arg>BL</arg>
<arg>BM</arg>
<arg>BN</arg>
<arg>BO</arg>
<arg>BQ</arg>
<arg>BR</arg>
<arg>BS</arg>
<arg>BT</arg>
<arg>BV</arg>
<arg>BW</arg>
<arg>BY</arg>
<arg>BZ</arg>
<arg>CA</arg>
<arg>CC</arg>
<arg>CD</arg>
<arg>CF</arg>
<arg>CG</arg>
<arg>CH</arg>
<arg>CI</arg>
<arg>CK</arg>
<arg>CL</arg>
<arg>CM</arg>
<arg>CN</arg>
<arg>CO</arg>
<arg>CR</arg>
<arg>CU</arg>
<arg>CV</arg>
<arg>CW</arg>
<arg>CX</arg>
<arg>CY</arg>
<arg>CZ</arg>
<arg>DE</arg>
<arg>DJ</arg>
<arg>DK</arg>
<arg>DM</arg>
<arg>DO</arg>
<arg>DZ</arg>
<arg>EC</arg>
<arg>EE</arg>
<arg>EG</arg>
<arg>EH</arg>
<arg>ER</arg>
<arg>ES</arg>
<arg>ET</arg>
<arg>FI</arg>
<arg>FJ</arg>
<arg>FK</arg>
<arg>FM</arg>
<arg>FO</arg>
<arg>FR</arg>
<arg>GA</arg>
<arg>GB</arg>
<arg>GD</arg>
<arg>GE</arg>
<arg>GF</arg>
<arg>GG</arg>
<arg>GH</arg>
<arg>GI</arg>
<arg>GL</arg>
<arg>GM</arg>
<arg>GN</arg>
<arg>GP</arg>
<arg>GQ</arg>
<arg>GR</arg>
<arg>GS</arg>
<arg>GT</arg>
<arg>GU</arg>
<arg>GW</arg>
<arg>GY</arg>
<arg>HK</arg>
<arg>HM</arg>
<arg>HN</arg>
<arg>HR</arg>
<arg>HT</arg>
<arg>HU</arg>
<arg>ID</arg>
<arg>IE</arg>
<arg>IL</arg>
<arg>IM</arg>
<arg>IN</arg>
<arg>IO</arg>
<arg>IQ</arg>
<arg>IR</arg>
<arg>IS</arg>
<arg>IT</arg>
<arg>JE</arg>
<arg>JM</arg>
<arg>JO</arg>
<arg>JP</arg>
<arg>KE</arg>
<arg>KG</arg>
<arg>KH</arg>
<arg>KI</arg>
<arg>KM</arg>
<arg>KN</arg>
<arg>KP</arg>
<arg>KR</arg>
<arg>KW</arg>
<arg>KY</arg>
<arg>KZ</arg>
<arg>LA</arg>
<arg>LB</arg>
<arg>LC</arg>
<arg>LI</arg>
<arg>LK</arg>
<arg>LR</arg>
<arg>LS</arg>
<arg>LT</arg>
<arg>LU</arg>
<arg>LV</arg>
<arg>LY</arg>
<arg>MA</arg>
<arg>MC</arg>
<arg>MD</arg>
<arg>ME</arg>
<arg>MF</arg>
<arg>MG</arg>
<arg>MH</arg>
<arg>MK</arg>
<arg>ML</arg>
<arg>MM</arg>
<arg>MN</arg>
<arg>MO</arg>
<arg>MP</arg>
<arg>MQ</arg>
<arg>MR</arg>
<arg>MS</arg>
<arg>MT</arg>
<arg>MU</arg>
<arg>MV</arg>
<arg>MW</arg>
<arg>MX</arg>
<arg>MY</arg>
<arg>MZ</arg>
<arg>NA</arg>
<arg>NC</arg>
<arg>NE</arg>
<arg>NF</arg>
<arg>NG</arg>
<arg>NI</arg>
<arg>NL</arg>
<arg>NO</arg>
<arg>NP</arg>
<arg>NR</arg>
<arg>NU</arg>
<arg>NZ</arg>
<arg>OM</arg>
<arg>PA</arg>
<arg>PE</arg>
<arg>PF</arg>
<arg>PG</arg>
<arg>PH</arg>
<arg>PK</arg>
<arg>PL</arg>
<arg>PM</arg>
<arg>PN</arg>
<arg>PR</arg>
<arg>PS</arg>
<arg>PT</arg>
<arg>PW</arg>
<arg>PY</arg>
<arg>QA</arg>
<arg>RE</arg>
<arg>RO</arg>
<arg>RS</arg>
<arg>RU</arg>
<arg>RW</arg>
<arg>SA</arg>
<arg>SB</arg>
<arg>SC</arg>
<arg>SD</arg>
<arg>SE</arg>
<arg>SG</arg>
<arg>SH</arg>
<arg>SI</arg>
<arg>SJ</arg>
<arg>SK</arg>
<arg>SL</arg>
<arg>SM</arg>
<arg>SN</arg>
<arg>SO</arg>
<arg>SR</arg>
<arg>SS</arg>
<arg>ST</arg>
<arg>SV</arg>
<arg>SX</arg>
<arg>SY</arg>
<arg>SZ</arg>
<arg>TC</arg>
<arg>TD</arg>
<arg>TF</arg>
<arg>TG</arg>
<arg>TH</arg>
<arg>TJ</arg>
<arg>TK</arg>
<arg>TL</arg>
<arg>TM</arg>
<arg>TN</arg>
<arg>TO</arg>
<arg>TR</arg>
<arg>TT</arg>
<arg>TV</arg>
<arg>TW</arg>
<arg>TZ</arg>
<arg>UA</arg>
<arg>UG</arg>
<arg>UM</arg>
<arg>US</arg>
<arg>UY</arg>
<arg>UZ</arg>
<arg>VA</arg>
<arg>VC</arg>
<arg>VE</arg>
<arg>VG</arg>
<arg>VI</arg>
<arg>VN</arg>
<arg>VU</arg>
<arg>WF</arg>
<arg>WS</arg>
<arg>XK</arg>
<arg>YE</arg>
<arg>YT</arg>
<arg>ZA</arg>
<arg>ZM</arg>
<arg>ZW</arg>
<doc>Returns a list containing given items.</doc>
<status status="PASS" start="2024-05-11T02:23:34.025076" elapsed="0.000608"/>
</kw>
<kw name="List Should Contain Value" owner="Collections">
<msg time="2024-05-11T02:23:34.026673" level="INFO">False</msg>
<arg>${list_country}</arg>
<arg>${name_country}</arg>
<doc>Fails if the ``value`` is not found from ``list``.</doc>
<status status="PASS" start="2024-05-11T02:23:34.026473" elapsed="0.000236"/>
</kw>
<kw name="Run Keyword If" owner="BuiltIn">
<kw name="Should Be True" owner="BuiltIn">
<arg>${True}</arg>
<doc>Fails if the given condition is not true.</doc>
<status status="PASS" start="2024-05-11T02:23:34.027787" elapsed="0.000289"/>
</kw>
<arg>${json_data["results"][0]["location"]["coordinates"]["latitude"]} &gt;= -90 and ${json_data["results"][0]["location"]["coordinates"]["latitude"]} &lt;= 90</arg>
<arg>Should Be True</arg>
<arg>${True}</arg>
<doc>Runs the given keyword with the given arguments, if ``condition`` is true.</doc>
<status status="PASS" start="2024-05-11T02:23:34.027021" elapsed="0.001196"/>
</kw>
<kw name="Run Keyword If" owner="BuiltIn">
<kw name="Should Be True" owner="BuiltIn">
<arg>${True}</arg>
<doc>Fails if the given condition is not true.</doc>
<status status="PASS" start="2024-05-11T02:23:34.029120" elapsed="0.000139"/>
</kw>
<arg>${json_data["results"][0]["location"]["coordinates"]["longitude"]} &gt;= -180 and ${json_data["results"][0]["location"]["coordinates"]["longitude"]} &lt;= 180</arg>
<arg>Should Be True</arg>
<arg>${True}</arg>
<doc>Runs the given keyword with the given arguments, if ``condition`` is true.</doc>
<status status="PASS" start="2024-05-11T02:23:34.028414" elapsed="0.000967"/>
</kw>
<status status="PASS" start="2024-05-11T02:23:33.929346" elapsed="0.100163"/>
</kw>
<doc>Testa o conteúdo específico dos campos retornados pela API.</doc>
<tag>testeConteudo</tag>
<status status="PASS" start="2024-05-11T02:23:33.928697" elapsed="0.100954"/>
</test>
<status status="PASS" start="2024-05-11T02:23:33.184970" elapsed="0.846629"/>
</suite>
<status status="PASS" start="2024-05-11T02:23:33.171536" elapsed="0.865204"/>
</suite>
<statistics>
<total>
<stat pass="5" fail="0" skip="0">All Tests</stat>
</total>
<tag>
<stat pass="1" fail="0" skip="0">testeConteudo</stat>
<stat pass="1" fail="0" skip="0">testeEstruturaResposta</stat>
<stat pass="1" fail="0" skip="0">testeRequisicaoBasica</stat>
<stat pass="1" fail="0" skip="0">testeTiposDados</stat>
</tag>
<suite>
<stat pass="5" fail="0" skip="0" id="s1" name="Tests">Tests</stat>
<stat pass="5" fail="0" skip="0" id="s1-s1" name="Random-User-Test">Tests.Random-User-Test</stat>
</suite>
</statistics>
<errors>
</errors>
</robot>
