<?xml version="1.0" encoding="UTF-8"?>
<robot generator="Robot 7.0 (Python 3.12.3 on linux)" generated="2024-05-21T06:20:24.052201" rpa="false" schemaversion="5">
<suite id="s1" name="Tests" source="/home/runner/work/DesafioQAItauRogerioJordao/DesafioQAItauRogerioJordao/RamdonUser/tests">
<suite id="s1-s1" name="Random-User-Test" source="/home/runner/work/DesafioQAItauRogerioJordao/DesafioQAItauRogerioJordao/RamdonUser/tests/random-user-test.robot">
<test id="s1-s1-t1" name="Conectar" line="13">
<kw name="Conectar API" owner="random-user-service">
<kw name="Create Session" owner="RequestsLibrary">
<msg time="2024-05-21T06:20:24.523369" level="INFO">Creating Session using : alias=consultarAPI, url=https://randomuser.me/, headers={},                     cookies={}, auth=None, timeout=None, proxies=None, verify=False,                     debug=0 </msg>
<arg>consultarAPI</arg>
<arg>${URL}</arg>
<doc>Create Session: create a HTTP session to a server</doc>
<status status="PASS" start="2024-05-21T06:20:24.523163" elapsed="0.000400"/>
</kw>
<status status="PASS" start="2024-05-21T06:20:24.522180" elapsed="0.001766"/>
</kw>
<status status="PASS" start="2024-05-21T06:20:24.521610" elapsed="0.002539"/>
</test>
<test id="s1-s1-t2" name="Validar retorno 200 e JSON Válido" line="16">
<kw name="Teste de Requisicao Basica" owner="random-user-service">
<kw name="GET On Session" owner="RequestsLibrary">
<msg time="2024-05-21T06:20:24.791963" level="INFO">GET Request : url=https://randomuser.me/api 
 path_url=/api 
 headers={'User-Agent': 'python-requests/2.32.1', 'Accept-Encoding': 'gzip, deflate', 'Accept': '*/*', 'Connection': 'keep-alive'} 
 body=None 
 </msg>
<msg time="2024-05-21T06:20:24.792115" level="INFO">GET Response : url=https://randomuser.me/api 
 status=200, reason=OK 
 headers={'Date': 'Tue, 21 May 2024 06:20:24 GMT', 'Content-Type': 'application/json; charset=utf-8', 'Transfer-Encoding': 'chunked', 'Connection': 'keep-alive', 'X-Powered-By': 'Express', 'Access-Control-Allow-Origin': '*', 'Cache-Control': 'no-cache', 'ETag': 'W/"479-/hAgPj21l6iAisyqpX7wMRGomPA"', 'Vary': 'Accept-Encoding', 'Content-Encoding': 'gzip', 'CF-Cache-Status': 'DYNAMIC', 'Report-To': '{"endpoints":[{"url":"https:\\/\\/a.nel.cloudflare.com\\/report\\/v4?s=MXfUI4mutHPXnxvxle%2Fu6Z5XWl22FGeAr0L0Q4lgpli57B0faL0hOmWYVYwfUdRZYww%2BnTghXjBqbv77rJSCKANtg0Mp2XNjnuMHvo%2Fu6UYJuSMWHm%2BwgMXDVlbLHGLO"}],"group":"cf-nel","max_age":604800}', 'NEL': '{"success_fraction":0,"report_to":"cf-nel","max_age":604800}', 'Server': 'cloudflare', 'CF-RAY': '887275de59342542-SJC', 'alt-svc': 'h3=":443"; ma=86400'} 
 body={"results":[{"gender":"female","name":{"title":"Miss","first":"Ester","last":"Aarsand"},"location":{"street":{"number":6578,"name":"Agdergata"},"city":"Hareid","state":"Akershus","country":"Norway","postcode":"4902","coordinates":{"latitude":"44.5117","longitude":"165.6413"},"timezone":{"offset":"-11:00","description":"Midway Island, Samoa"}},"email":"ester.aarsand@example.com","login":{"uuid":"4f30a040-b79f-46c9-8062-9b48545a8acd","username":"bigmeercat743","password":"gratis","salt":"CJ0zVLba","md5":"33ccec989319a42885c966f28fae8716","sha1":"79d5d6a40ea61e576a63febae4d566a454656c00","sha256":"62782af958c71a3d7c6247e0a0e5bf8ec19bf76427e85217a3f5f48b3b209860"},"dob":{"date":"1958-11-29T09:05:57.201Z","age":65},"registered":{"date":"2012-06-11T15:24:00.783Z","age":11},"phone":"33656889","cell":"94906642","id":{"name":"FN","value":"29115811604"},"picture":{"large":"https://randomuser.me/api/portraits/women/33.jpg","medium":"https://randomuser.me/api/portraits/med/women/33.jpg","thumbnail":"https://randomuser.me/api/portraits/thumb/women/33.jpg"},"nat":"NO"}],"info":{"seed":"ac65cce238948eeb","results":1,"page":1,"version":"1.4"}} 
 </msg>
<msg time="2024-05-21T06:20:24.792195" level="INFO">/opt/hostedtoolcache/Python/3.12.3/x64/lib/python3.12/site-packages/urllib3/connectionpool.py:1103: InsecureRequestWarning: Unverified HTTPS request is being made to host 'randomuser.me'. Adding certificate verification is strongly advised. See: https://urllib3.readthedocs.io/en/latest/advanced-usage.html#tls-warnings
  warnings.warn(</msg>
<msg time="2024-05-21T06:20:24.792348" level="INFO">${response} = &lt;Response [200]&gt;</msg>
<var>${response}</var>
<arg>consultarAPI</arg>
<arg>/api</arg>
<doc>Sends a GET request on a previously created HTTP Session.</doc>
<status status="PASS" start="2024-05-21T06:20:24.526739" elapsed="0.265652"/>
</kw>
<kw name="Should Be Equal As Numbers" owner="BuiltIn">
<msg time="2024-05-21T06:20:24.793777" level="INFO">Argument types are:
&lt;class 'int'&gt;
&lt;class 'str'&gt;</msg>
<arg>${response.status_code}</arg>
<arg>200</arg>
<doc>Fails if objects are unequal after converting them to real numbers.</doc>
<status status="PASS" start="2024-05-21T06:20:24.793112" elapsed="0.000735"/>
</kw>
<kw name="Log" owner="BuiltIn">
<msg time="2024-05-21T06:20:24.794552" level="INFO">200</msg>
<arg>${response.status_code}</arg>
<doc>Logs the given message with the given level.</doc>
<status status="PASS" start="2024-05-21T06:20:24.794190" elapsed="0.000405"/>
</kw>
<kw name="Set Variable" owner="BuiltIn">
<msg time="2024-05-21T06:20:24.795342" level="INFO">${json_data} = {'results': [{'gender': 'female', 'name': {'title': 'Miss', 'first': 'Ester', 'last': 'Aarsand'}, 'location': {'street': {'number': 6578, 'name': 'Agdergata'}, 'city': 'Hareid', 'state': 'Akershus', '...</msg>
<var>${json_data}</var>
<arg>${response.json()}</arg>
<doc>Returns the given values which can then be assigned to a variables.</doc>
<status status="PASS" start="2024-05-21T06:20:24.794902" elapsed="0.000469"/>
</kw>
<kw name="Dictionary Should Contain Key" owner="Collections">
<msg time="2024-05-21T06:20:24.795846" level="INFO">False</msg>
<arg>${json_data}</arg>
<arg>results</arg>
<doc>Fails if ``key`` is not found from ``dictionary``.</doc>
<status status="PASS" start="2024-05-21T06:20:24.795677" elapsed="0.000208"/>
</kw>
<status status="PASS" start="2024-05-21T06:20:24.526498" elapsed="0.269649"/>
</kw>
<doc>Testa se a API responde corretamente e retorna um objeto JSON válido.</doc>
<tag>testeRequisicaoBasica</tag>
<status status="PASS" start="2024-05-21T06:20:24.526042" elapsed="0.270291"/>
</test>
<test id="s1-s1-t3" name="Validar estrutura de resposta" line="22">
<kw name="Teste de Estrutura de Resposta" owner="random-user-service">
<kw name="GET On Session" owner="RequestsLibrary">
<msg time="2024-05-21T06:20:24.890226" level="INFO">GET Request : url=https://randomuser.me/api 
 path_url=/api 
 headers={'User-Agent': 'python-requests/2.32.1', 'Accept-Encoding': 'gzip, deflate', 'Accept': '*/*', 'Connection': 'keep-alive'} 
 body=None 
 </msg>
<msg time="2024-05-21T06:20:24.890340" level="INFO">GET Response : url=https://randomuser.me/api 
 status=200, reason=OK 
 headers={'Date': 'Tue, 21 May 2024 06:20:24 GMT', 'Content-Type': 'application/json; charset=utf-8', 'Transfer-Encoding': 'chunked', 'Connection': 'keep-alive', 'X-Powered-By': 'Express', 'Access-Control-Allow-Origin': '*', 'Cache-Control': 'no-cache', 'ETag': 'W/"46d-85YwjEsv8zXGVk5N5OT/NLGNpOM"', 'Vary': 'Accept-Encoding', 'Content-Encoding': 'gzip', 'CF-Cache-Status': 'DYNAMIC', 'Report-To': '{"endpoints":[{"url":"https:\\/\\/a.nel.cloudflare.com\\/report\\/v4?s=6c79KGd9oKN%2Bizr42t9fVB8Scp5wGxE45cU568RjsjH6ytfI9xYGfbrEJgj%2B2hC42NHbJz4mf%2BEhrXAk9dPGX6Tc5lsWvAB%2BnS%2FT6kYejiA19KRBd4GAZstxjUok%2FsPn"}],"group":"cf-nel","max_age":604800}', 'NEL': '{"success_fraction":0,"report_to":"cf-nel","max_age":604800}', 'Server': 'cloudflare', 'CF-RAY': '887275df09d62542-SJC', 'alt-svc': 'h3=":443"; ma=86400'} 
 body={"results":[{"gender":"male","name":{"title":"Mr","first":"Manthan","last":"Taj"},"location":{"street":{"number":1915,"name":"Gandhi Maidan Marg"},"city":"Begusarai","state":"Assam","country":"India","postcode":49739,"coordinates":{"latitude":"8.2847","longitude":"-85.1153"},"timezone":{"offset":"+5:45","description":"Kathmandu"}},"email":"manthan.taj@example.com","login":{"uuid":"9fb35117-d674-4133-8b5d-06a36299bb8c","username":"goldensnake135","password":"potato","salt":"2xBphmpt","md5":"ebb0ef8bbb58d6cd535148c0882dde04","sha1":"4086824d08e46c879130d04c4dcc851e1c38938d","sha256":"27b06dbf06a33313d8f2d84c5393c2ef02fb55f464c6843daeb89e721cace522"},"dob":{"date":"1967-07-15T14:02:50.879Z","age":56},"registered":{"date":"2016-01-28T10:53:35.807Z","age":8},"phone":"8166675898","cell":"7323401542","id":{"name":"UIDAI","value":"980928576634"},"picture":{"large":"https://randomuser.me/api/portraits/men/19.jpg","medium":"https://randomuser.me/api/portraits/med/men/19.jpg","thumbnail":"https://randomuser.me/api/portraits/thumb/men/19.jpg"},"nat":"IN"}],"info":{"seed":"b1025115d628725a","results":1,"page":1,"version":"1.4"}} 
 </msg>
<msg time="2024-05-21T06:20:24.890477" level="INFO">/opt/hostedtoolcache/Python/3.12.3/x64/lib/python3.12/site-packages/urllib3/connectionpool.py:1103: InsecureRequestWarning: Unverified HTTPS request is being made to host 'randomuser.me'. Adding certificate verification is strongly advised. See: https://urllib3.readthedocs.io/en/latest/advanced-usage.html#tls-warnings
  warnings.warn(</msg>
<msg time="2024-05-21T06:20:24.890604" level="INFO">${response} = &lt;Response [200]&gt;</msg>
<var>${response}</var>
<arg>consultarAPI</arg>
<arg>/api</arg>
<doc>Sends a GET request on a previously created HTTP Session.</doc>
<status status="PASS" start="2024-05-21T06:20:24.798929" elapsed="0.091717"/>
</kw>
<kw name="Set Variable" owner="BuiltIn">
<msg time="2024-05-21T06:20:24.891687" level="INFO">${json_data} = {'results': [{'gender': 'male', 'name': {'title': 'Mr', 'first': 'Manthan', 'last': 'Taj'}, 'location': {'street': {'number': 1915, 'name': 'Gandhi Maidan Marg'}, 'city': 'Begusarai', 'state': 'Assam'...</msg>
<var>${json_data}</var>
<arg>${response.json()}</arg>
<doc>Returns the given values which can then be assigned to a variables.</doc>
<status status="PASS" start="2024-05-21T06:20:24.891164" elapsed="0.000554"/>
</kw>
<kw name="Log" owner="BuiltIn">
<msg time="2024-05-21T06:20:24.892191" level="INFO">{'results': [{'gender': 'male', 'name': {'title': 'Mr', 'first': 'Manthan', 'last': 'Taj'}, 'location': {'street': {'number': 1915, 'name': 'Gandhi Maidan Marg'}, 'city': 'Begusarai', 'state': 'Assam', 'country': 'India', 'postcode': 49739, 'coordinates': {'latitude': '8.2847', 'longitude': '-85.1153'}, 'timezone': {'offset': '+5:45', 'description': 'Kathmandu'}}, 'email': 'manthan.taj@example.com', 'login': {'uuid': '9fb35117-d674-4133-8b5d-06a36299bb8c', 'username': 'goldensnake135', 'password': 'potato', 'salt': '2xBphmpt', 'md5': 'ebb0ef8bbb58d6cd535148c0882dde04', 'sha1': '4086824d08e46c879130d04c4dcc851e1c38938d', 'sha256': '27b06dbf06a33313d8f2d84c5393c2ef02fb55f464c6843daeb89e721cace522'}, 'dob': {'date': '1967-07-15T14:02:50.879Z', 'age': 56}, 'registered': {'date': '2016-01-28T10:53:35.807Z', 'age': 8}, 'phone': '8166675898', 'cell': '7323401542', 'id': {'name': 'UIDAI', 'value': '980928576634'}, 'picture': {'large': 'https://randomuser.me/api/portraits/men/19.jpg', 'medium': 'https://randomuser.me/api/portraits/med/men/19.jpg', 'thumbnail': 'https://randomuser.me/api/portraits/thumb/men/19.jpg'}, 'nat': 'IN'}], 'info': {'seed': 'b1025115d628725a', 'results': 1, 'page': 1, 'version': '1.4'}}</msg>
<arg>${json_data}</arg>
<doc>Logs the given message with the given level.</doc>
<status status="PASS" start="2024-05-21T06:20:24.892030" elapsed="0.000209"/>
</kw>
<kw name="Dictionary Should Contain Key" owner="Collections">
<msg time="2024-05-21T06:20:24.892698" level="INFO">False</msg>
<arg>${json_data}</arg>
<arg>results</arg>
<doc>Fails if ``key`` is not found from ``dictionary``.</doc>
<status status="PASS" start="2024-05-21T06:20:24.892538" elapsed="0.000197"/>
</kw>
<kw name="Should Not Be Empty" owner="BuiltIn">
<msg time="2024-05-21T06:20:24.893220" level="INFO">Length is 2.</msg>
<arg>${json_data}</arg>
<doc>Verifies that the given item is not empty.</doc>
<status status="PASS" start="2024-05-21T06:20:24.893077" elapsed="0.000183"/>
</kw>
<kw name="Create List" owner="BuiltIn">
<msg time="2024-05-21T06:20:24.893944" level="INFO">${expected_keys} = ['gender', 'name', 'location', 'email', 'login']</msg>
<var>${expected_keys}</var>
<arg>gender</arg>
<arg>name</arg>
<arg>location</arg>
<arg>email</arg>
<arg>login</arg>
<doc>Returns a list containing given items.</doc>
<status status="PASS" start="2024-05-21T06:20:24.893568" elapsed="0.000405"/>
</kw>
<for flavor="IN">
<iter>
<kw name="Dictionary Should Contain Key" owner="Collections">
<msg time="2024-05-21T06:20:24.895007" level="INFO">False</msg>
<arg>${json_data['results'][0]}</arg>
<arg>${key}</arg>
<doc>Fails if ``key`` is not found from ``dictionary``.</doc>
<status status="PASS" start="2024-05-21T06:20:24.894580" elapsed="0.000466"/>
</kw>
<kw name="Log" owner="BuiltIn">
<msg time="2024-05-21T06:20:24.895714" level="INFO">{'gender': 'male', 'name': {'title': 'Mr', 'first': 'Manthan', 'last': 'Taj'}, 'location': {'street': {'number': 1915, 'name': 'Gandhi Maidan Marg'}, 'city': 'Begusarai', 'state': 'Assam', 'country': 'India', 'postcode': 49739, 'coordinates': {'latitude': '8.2847', 'longitude': '-85.1153'}, 'timezone': {'offset': '+5:45', 'description': 'Kathmandu'}}, 'email': 'manthan.taj@example.com', 'login': {'uuid': '9fb35117-d674-4133-8b5d-06a36299bb8c', 'username': 'goldensnake135', 'password': 'potato', 'salt': '2xBphmpt', 'md5': 'ebb0ef8bbb58d6cd535148c0882dde04', 'sha1': '4086824d08e46c879130d04c4dcc851e1c38938d', 'sha256': '27b06dbf06a33313d8f2d84c5393c2ef02fb55f464c6843daeb89e721cace522'}, 'dob': {'date': '1967-07-15T14:02:50.879Z', 'age': 56}, 'registered': {'date': '2016-01-28T10:53:35.807Z', 'age': 8}, 'phone': '8166675898', 'cell': '7323401542', 'id': {'name': 'UIDAI', 'value': '980928576634'}, 'picture': {'large': 'https://randomuser.me/api/portraits/men/19.jpg', 'medium': 'https://randomuser.me/api/portraits/med/men/19.jpg', 'thumbnail': 'https://randomuser.me/api/portraits/thumb/men/19.jpg'}, 'nat': 'IN'}</msg>
<arg>${json_data['results'][0]}</arg>
<doc>Logs the given message with the given level.</doc>
<status status="PASS" start="2024-05-21T06:20:24.895348" elapsed="0.000415"/>
</kw>
<kw name="Log" owner="BuiltIn">
<msg time="2024-05-21T06:20:24.896195" level="INFO">gender</msg>
<arg>${key}</arg>
<doc>Logs the given message with the given level.</doc>
<status status="PASS" start="2024-05-21T06:20:24.896064" elapsed="0.000168"/>
</kw>
<var name="${key}">gender</var>
<status status="PASS" start="2024-05-21T06:20:24.894451" elapsed="0.001998"/>
</iter>
<iter>
<kw name="Dictionary Should Contain Key" owner="Collections">
<msg time="2024-05-21T06:20:24.897180" level="INFO">False</msg>
<arg>${json_data['results'][0]}</arg>
<arg>${key}</arg>
<doc>Fails if ``key`` is not found from ``dictionary``.</doc>
<status status="PASS" start="2024-05-21T06:20:24.896756" elapsed="0.000461"/>
</kw>
<kw name="Log" owner="BuiltIn">
<msg time="2024-05-21T06:20:24.897902" level="INFO">{'gender': 'male', 'name': {'title': 'Mr', 'first': 'Manthan', 'last': 'Taj'}, 'location': {'street': {'number': 1915, 'name': 'Gandhi Maidan Marg'}, 'city': 'Begusarai', 'state': 'Assam', 'country': 'India', 'postcode': 49739, 'coordinates': {'latitude': '8.2847', 'longitude': '-85.1153'}, 'timezone': {'offset': '+5:45', 'description': 'Kathmandu'}}, 'email': 'manthan.taj@example.com', 'login': {'uuid': '9fb35117-d674-4133-8b5d-06a36299bb8c', 'username': 'goldensnake135', 'password': 'potato', 'salt': '2xBphmpt', 'md5': 'ebb0ef8bbb58d6cd535148c0882dde04', 'sha1': '4086824d08e46c879130d04c4dcc851e1c38938d', 'sha256': '27b06dbf06a33313d8f2d84c5393c2ef02fb55f464c6843daeb89e721cace522'}, 'dob': {'date': '1967-07-15T14:02:50.879Z', 'age': 56}, 'registered': {'date': '2016-01-28T10:53:35.807Z', 'age': 8}, 'phone': '8166675898', 'cell': '7323401542', 'id': {'name': 'UIDAI', 'value': '980928576634'}, 'picture': {'large': 'https://randomuser.me/api/portraits/men/19.jpg', 'medium': 'https://randomuser.me/api/portraits/med/men/19.jpg', 'thumbnail': 'https://randomuser.me/api/portraits/thumb/men/19.jpg'}, 'nat': 'IN'}</msg>
<arg>${json_data['results'][0]}</arg>
<doc>Logs the given message with the given level.</doc>
<status status="PASS" start="2024-05-21T06:20:24.897539" elapsed="0.000420"/>
</kw>
<kw name="Log" owner="BuiltIn">
<msg time="2024-05-21T06:20:24.898381" level="INFO">name</msg>
<arg>${key}</arg>
<doc>Logs the given message with the given level.</doc>
<status status="PASS" start="2024-05-21T06:20:24.898256" elapsed="0.000161"/>
</kw>
<var name="${key}">name</var>
<status status="PASS" start="2024-05-21T06:20:24.896640" elapsed="0.001991"/>
</iter>
<iter>
<kw name="Dictionary Should Contain Key" owner="Collections">
<msg time="2024-05-21T06:20:24.899301" level="INFO">False</msg>
<arg>${json_data['results'][0]}</arg>
<arg>${key}</arg>
<doc>Fails if ``key`` is not found from ``dictionary``.</doc>
<status status="PASS" start="2024-05-21T06:20:24.898921" elapsed="0.000418"/>
</kw>
<kw name="Log" owner="BuiltIn">
<msg time="2024-05-21T06:20:24.899996" level="INFO">{'gender': 'male', 'name': {'title': 'Mr', 'first': 'Manthan', 'last': 'Taj'}, 'location': {'street': {'number': 1915, 'name': 'Gandhi Maidan Marg'}, 'city': 'Begusarai', 'state': 'Assam', 'country': 'India', 'postcode': 49739, 'coordinates': {'latitude': '8.2847', 'longitude': '-85.1153'}, 'timezone': {'offset': '+5:45', 'description': 'Kathmandu'}}, 'email': 'manthan.taj@example.com', 'login': {'uuid': '9fb35117-d674-4133-8b5d-06a36299bb8c', 'username': 'goldensnake135', 'password': 'potato', 'salt': '2xBphmpt', 'md5': 'ebb0ef8bbb58d6cd535148c0882dde04', 'sha1': '4086824d08e46c879130d04c4dcc851e1c38938d', 'sha256': '27b06dbf06a33313d8f2d84c5393c2ef02fb55f464c6843daeb89e721cace522'}, 'dob': {'date': '1967-07-15T14:02:50.879Z', 'age': 56}, 'registered': {'date': '2016-01-28T10:53:35.807Z', 'age': 8}, 'phone': '8166675898', 'cell': '7323401542', 'id': {'name': 'UIDAI', 'value': '980928576634'}, 'picture': {'large': 'https://randomuser.me/api/portraits/men/19.jpg', 'medium': 'https://randomuser.me/api/portraits/med/men/19.jpg', 'thumbnail': 'https://randomuser.me/api/portraits/thumb/men/19.jpg'}, 'nat': 'IN'}</msg>
<arg>${json_data['results'][0]}</arg>
<doc>Logs the given message with the given level.</doc>
<status status="PASS" start="2024-05-21T06:20:24.899643" elapsed="0.000400"/>
</kw>
<kw name="Log" owner="BuiltIn">
<msg time="2024-05-21T06:20:24.900459" level="INFO">location</msg>
<arg>${key}</arg>
<doc>Logs the given message with the given level.</doc>
<status status="PASS" start="2024-05-21T06:20:24.900334" elapsed="0.000162"/>
</kw>
<var name="${key}">location</var>
<status status="PASS" start="2024-05-21T06:20:24.898810" elapsed="0.001899"/>
</iter>
<iter>
<kw name="Dictionary Should Contain Key" owner="Collections">
<msg time="2024-05-21T06:20:24.901447" level="INFO">False</msg>
<arg>${json_data['results'][0]}</arg>
<arg>${key}</arg>
<doc>Fails if ``key`` is not found from ``dictionary``.</doc>
<status status="PASS" start="2024-05-21T06:20:24.901036" elapsed="0.000448"/>
</kw>
<kw name="Log" owner="BuiltIn">
<msg time="2024-05-21T06:20:24.902144" level="INFO">{'gender': 'male', 'name': {'title': 'Mr', 'first': 'Manthan', 'last': 'Taj'}, 'location': {'street': {'number': 1915, 'name': 'Gandhi Maidan Marg'}, 'city': 'Begusarai', 'state': 'Assam', 'country': 'India', 'postcode': 49739, 'coordinates': {'latitude': '8.2847', 'longitude': '-85.1153'}, 'timezone': {'offset': '+5:45', 'description': 'Kathmandu'}}, 'email': 'manthan.taj@example.com', 'login': {'uuid': '9fb35117-d674-4133-8b5d-06a36299bb8c', 'username': 'goldensnake135', 'password': 'potato', 'salt': '2xBphmpt', 'md5': 'ebb0ef8bbb58d6cd535148c0882dde04', 'sha1': '4086824d08e46c879130d04c4dcc851e1c38938d', 'sha256': '27b06dbf06a33313d8f2d84c5393c2ef02fb55f464c6843daeb89e721cace522'}, 'dob': {'date': '1967-07-15T14:02:50.879Z', 'age': 56}, 'registered': {'date': '2016-01-28T10:53:35.807Z', 'age': 8}, 'phone': '8166675898', 'cell': '7323401542', 'id': {'name': 'UIDAI', 'value': '980928576634'}, 'picture': {'large': 'https://randomuser.me/api/portraits/men/19.jpg', 'medium': 'https://randomuser.me/api/portraits/med/men/19.jpg', 'thumbnail': 'https://randomuser.me/api/portraits/thumb/men/19.jpg'}, 'nat': 'IN'}</msg>
<arg>${json_data['results'][0]}</arg>
<doc>Logs the given message with the given level.</doc>
<status status="PASS" start="2024-05-21T06:20:24.901783" elapsed="0.000408"/>
</kw>
<kw name="Log" owner="BuiltIn">
<msg time="2024-05-21T06:20:24.902611" level="INFO">email</msg>
<arg>${key}</arg>
<doc>Logs the given message with the given level.</doc>
<status status="PASS" start="2024-05-21T06:20:24.902485" elapsed="0.000163"/>
</kw>
<var name="${key}">email</var>
<status status="PASS" start="2024-05-21T06:20:24.900918" elapsed="0.001949"/>
</iter>
<iter>
<kw name="Dictionary Should Contain Key" owner="Collections">
<msg time="2024-05-21T06:20:24.903605" level="INFO">False</msg>
<arg>${json_data['results'][0]}</arg>
<arg>${key}</arg>
<doc>Fails if ``key`` is not found from ``dictionary``.</doc>
<status status="PASS" start="2024-05-21T06:20:24.903178" elapsed="0.000464"/>
</kw>
<kw name="Log" owner="BuiltIn">
<msg time="2024-05-21T06:20:24.904295" level="INFO">{'gender': 'male', 'name': {'title': 'Mr', 'first': 'Manthan', 'last': 'Taj'}, 'location': {'street': {'number': 1915, 'name': 'Gandhi Maidan Marg'}, 'city': 'Begusarai', 'state': 'Assam', 'country': 'India', 'postcode': 49739, 'coordinates': {'latitude': '8.2847', 'longitude': '-85.1153'}, 'timezone': {'offset': '+5:45', 'description': 'Kathmandu'}}, 'email': 'manthan.taj@example.com', 'login': {'uuid': '9fb35117-d674-4133-8b5d-06a36299bb8c', 'username': 'goldensnake135', 'password': 'potato', 'salt': '2xBphmpt', 'md5': 'ebb0ef8bbb58d6cd535148c0882dde04', 'sha1': '4086824d08e46c879130d04c4dcc851e1c38938d', 'sha256': '27b06dbf06a33313d8f2d84c5393c2ef02fb55f464c6843daeb89e721cace522'}, 'dob': {'date': '1967-07-15T14:02:50.879Z', 'age': 56}, 'registered': {'date': '2016-01-28T10:53:35.807Z', 'age': 8}, 'phone': '8166675898', 'cell': '7323401542', 'id': {'name': 'UIDAI', 'value': '980928576634'}, 'picture': {'large': 'https://randomuser.me/api/portraits/men/19.jpg', 'medium': 'https://randomuser.me/api/portraits/med/men/19.jpg', 'thumbnail': 'https://randomuser.me/api/portraits/thumb/men/19.jpg'}, 'nat': 'IN'}</msg>
<arg>${json_data['results'][0]}</arg>
<doc>Logs the given message with the given level.</doc>
<status status="PASS" start="2024-05-21T06:20:24.903937" elapsed="0.000405"/>
</kw>
<kw name="Log" owner="BuiltIn">
<msg time="2024-05-21T06:20:24.904770" level="INFO">login</msg>
<arg>${key}</arg>
<doc>Logs the given message with the given level.</doc>
<status status="PASS" start="2024-05-21T06:20:24.904642" elapsed="0.000165"/>
</kw>
<var name="${key}">login</var>
<status status="PASS" start="2024-05-21T06:20:24.903040" elapsed="0.002008"/>
</iter>
<var>${key}</var>
<value>@{expected_keys}</value>
<status status="PASS" start="2024-05-21T06:20:24.894256" elapsed="0.010910"/>
</for>
<kw name="Create List" owner="BuiltIn">
<msg time="2024-05-21T06:20:24.905532" level="INFO">${expected_keysTwo} = ['username', 'password']</msg>
<var>${expected_keysTwo}</var>
<arg>username</arg>
<arg>password</arg>
<doc>Returns a list containing given items.</doc>
<status status="PASS" start="2024-05-21T06:20:24.905394" elapsed="0.000161"/>
</kw>
<for flavor="IN">
<iter>
<kw name="Dictionary Should Contain Key" owner="Collections">
<msg time="2024-05-21T06:20:24.906435" level="INFO">False</msg>
<arg>${json_data['results'][0]['login']}</arg>
<arg>${keyTwo}</arg>
<doc>Fails if ``key`` is not found from ``dictionary``.</doc>
<status status="PASS" start="2024-05-21T06:20:24.906053" elapsed="0.000420"/>
</kw>
<kw name="Dictionary Should Contain Key" owner="Collections">
<msg time="2024-05-21T06:20:24.907139" level="INFO">False</msg>
<arg>${json_data['results'][0]['login']}</arg>
<arg>${keyTwo}</arg>
<doc>Fails if ``key`` is not found from ``dictionary``.</doc>
<status status="PASS" start="2024-05-21T06:20:24.906763" elapsed="0.000413"/>
</kw>
<kw name="Log" owner="BuiltIn">
<msg time="2024-05-21T06:20:24.907585" level="INFO">username</msg>
<arg>${keyTwo}</arg>
<doc>Logs the given message with the given level.</doc>
<status status="PASS" start="2024-05-21T06:20:24.907462" elapsed="0.000159"/>
</kw>
<var name="${keyTwo}">username</var>
<status status="PASS" start="2024-05-21T06:20:24.905944" elapsed="0.001888"/>
</iter>
<iter>
<kw name="Dictionary Should Contain Key" owner="Collections">
<msg time="2024-05-21T06:20:24.908484" level="INFO">False</msg>
<arg>${json_data['results'][0]['login']}</arg>
<arg>${keyTwo}</arg>
<doc>Fails if ``key`` is not found from ``dictionary``.</doc>
<status status="PASS" start="2024-05-21T06:20:24.908115" elapsed="0.000404"/>
</kw>
<kw name="Dictionary Should Contain Key" owner="Collections">
<msg time="2024-05-21T06:20:24.909297" level="INFO">False</msg>
<arg>${json_data['results'][0]['login']}</arg>
<arg>${keyTwo}</arg>
<doc>Fails if ``key`` is not found from ``dictionary``.</doc>
<status status="PASS" start="2024-05-21T06:20:24.908807" elapsed="0.000529"/>
</kw>
<kw name="Log" owner="BuiltIn">
<msg time="2024-05-21T06:20:24.909764" level="INFO">password</msg>
<arg>${keyTwo}</arg>
<doc>Logs the given message with the given level.</doc>
<status status="PASS" start="2024-05-21T06:20:24.909636" elapsed="0.000164"/>
</kw>
<var name="${keyTwo}">password</var>
<status status="PASS" start="2024-05-21T06:20:24.908002" elapsed="0.002008"/>
</iter>
<var>${keyTwo}</var>
<value>@{expected_keysTwo}</value>
<status status="PASS" start="2024-05-21T06:20:24.905792" elapsed="0.004337"/>
</for>
<status status="PASS" start="2024-05-21T06:20:24.798691" elapsed="0.111577"/>
</kw>
<doc>Testa a estrutura da resposta da API.</doc>
<tag>testeEstruturaResposta</tag>
<status status="PASS" start="2024-05-21T06:20:24.798186" elapsed="0.112239"/>
</test>
<test id="s1-s1-t4" name="Validar tipos de dados" line="28">
<kw name="Teste de Tipos de Dados" owner="random-user-service">
<kw name="GET On Session" owner="RequestsLibrary">
<msg time="2024-05-21T06:20:24.997820" level="INFO">GET Request : url=https://randomuser.me/api 
 path_url=/api 
 headers={'User-Agent': 'python-requests/2.32.1', 'Accept-Encoding': 'gzip, deflate', 'Accept': '*/*', 'Connection': 'keep-alive'} 
 body=None 
 </msg>
<msg time="2024-05-21T06:20:24.997917" level="INFO">GET Response : url=https://randomuser.me/api 
 status=200, reason=OK 
 headers={'Date': 'Tue, 21 May 2024 06:20:24 GMT', 'Content-Type': 'application/json; charset=utf-8', 'Transfer-Encoding': 'chunked', 'Connection': 'keep-alive', 'X-Powered-By': 'Express', 'Access-Control-Allow-Origin': '*', 'Cache-Control': 'no-cache', 'ETag': 'W/"493-OQs2wKAYGBSy7XnlGaXJvQeMiZ4"', 'Vary': 'Accept-Encoding', 'Content-Encoding': 'gzip', 'CF-Cache-Status': 'DYNAMIC', 'Report-To': '{"endpoints":[{"url":"https:\\/\\/a.nel.cloudflare.com\\/report\\/v4?s=kMQBQJMTZ4HvYF4j1s2Pe1z8xIWCObrSa1VAljsq8r0fE0mBNz2RM0GcPfzQ%2BIW7OZfLmqqUuH0PYtRqQL%2F0b8nizStE41Eq3JtLXVTknhky%2FLL811wxe4WP%2F9xMxRiw"}],"group":"cf-nel","max_age":604800}', 'NEL': '{"success_fraction":0,"report_to":"cf-nel","max_age":604800}', 'Server': 'cloudflare', 'CF-RAY': '887275dfba352542-SJC', 'alt-svc': 'h3=":443"; ma=86400'} 
 body={"results":[{"gender":"male","name":{"title":"Mr","first":"Máximo","last":"Peixoto"},"location":{"street":{"number":2811,"name":"Rua Das Flores "},"city":"Joinville","state":"Pará","country":"Brazil","postcode":29764,"coordinates":{"latitude":"-73.1038","longitude":"-104.2113"},"timezone":{"offset":"-3:00","description":"Brazil, Buenos Aires, Georgetown"}},"email":"maximo.peixoto@example.com","login":{"uuid":"ab543793-e23a-4dba-8245-cf370ae4cfef","username":"crazyfrog800","password":"beater","salt":"5jnQ1SOt","md5":"76ebae628bda6bed677373859b08b9d1","sha1":"a2b5b1cdda6c32535f27f14d6f32e3631e2b1b87","sha256":"87bbc25bea66f5f54184c72b839f8dbe57674ab65a2bfd24c088868b9b0b84f9"},"dob":{"date":"2000-01-14T11:10:51.902Z","age":24},"registered":{"date":"2006-10-03T23:45:42.214Z","age":17},"phone":"(06) 8279-8910","cell":"(12) 6950-7564","id":{"name":"CPF","value":"454.176.882-43"},"picture":{"large":"https://randomuser.me/api/portraits/men/49.jpg","medium":"https://randomuser.me/api/portraits/med/men/49.jpg","thumbnail":"https://randomuser.me/api/portraits/thumb/men/49.jpg"},"nat":"BR"}],"info":{"seed":"ae1873de9b6f5ead","results":1,"page":1,"version":"1.4"}} 
 </msg>
<msg time="2024-05-21T06:20:24.997987" level="INFO">/opt/hostedtoolcache/Python/3.12.3/x64/lib/python3.12/site-packages/urllib3/connectionpool.py:1103: InsecureRequestWarning: Unverified HTTPS request is being made to host 'randomuser.me'. Adding certificate verification is strongly advised. See: https://urllib3.readthedocs.io/en/latest/advanced-usage.html#tls-warnings
  warnings.warn(</msg>
<msg time="2024-05-21T06:20:24.998106" level="INFO">${response} = &lt;Response [200]&gt;</msg>
<var>${response}</var>
<arg>consultarAPI</arg>
<arg>/api</arg>
<doc>Sends a GET request on a previously created HTTP Session.</doc>
<status status="PASS" start="2024-05-21T06:20:24.912885" elapsed="0.085257"/>
</kw>
<kw name="Set Variable" owner="BuiltIn">
<msg time="2024-05-21T06:20:24.999198" level="INFO">${json_data} = {'results': [{'gender': 'male', 'name': {'title': 'Mr', 'first': 'Máximo', 'last': 'Peixoto'}, 'location': {'street': {'number': 2811, 'name': 'Rua Das Flores '}, 'city': 'Joinville', 'state': 'Pará',...</msg>
<var>${json_data}</var>
<arg>${response.json()}</arg>
<doc>Returns the given values which can then be assigned to a variables.</doc>
<status status="PASS" start="2024-05-21T06:20:24.998668" elapsed="0.000561"/>
</kw>
<kw name="Log" owner="BuiltIn">
<msg time="2024-05-21T06:20:24.999702" level="INFO">{'results': [{'gender': 'male', 'name': {'title': 'Mr', 'first': 'Máximo', 'last': 'Peixoto'}, 'location': {'street': {'number': 2811, 'name': 'Rua Das Flores '}, 'city': 'Joinville', 'state': 'Pará', 'country': 'Brazil', 'postcode': 29764, 'coordinates': {'latitude': '-73.1038', 'longitude': '-104.2113'}, 'timezone': {'offset': '-3:00', 'description': 'Brazil, Buenos Aires, Georgetown'}}, 'email': 'maximo.peixoto@example.com', 'login': {'uuid': 'ab543793-e23a-4dba-8245-cf370ae4cfef', 'username': 'crazyfrog800', 'password': 'beater', 'salt': '5jnQ1SOt', 'md5': '76ebae628bda6bed677373859b08b9d1', 'sha1': 'a2b5b1cdda6c32535f27f14d6f32e3631e2b1b87', 'sha256': '87bbc25bea66f5f54184c72b839f8dbe57674ab65a2bfd24c088868b9b0b84f9'}, 'dob': {'date': '2000-01-14T11:10:51.902Z', 'age': 24}, 'registered': {'date': '2006-10-03T23:45:42.214Z', 'age': 17}, 'phone': '(06) 8279-8910', 'cell': '(12) 6950-7564', 'id': {'name': 'CPF', 'value': '454.176.882-43'}, 'picture': {'large': 'https://randomuser.me/api/portraits/men/49.jpg', 'medium': 'https://randomuser.me/api/portraits/med/men/49.jpg', 'thumbnail': 'https://randomuser.me/api/portraits/thumb/men/49.jpg'}, 'nat': 'BR'}], 'info': {'seed': 'ae1873de9b6f5ead', 'results': 1, 'page': 1, 'version': '1.4'}}</msg>
<arg>${json_data}</arg>
<doc>Logs the given message with the given level.</doc>
<status status="PASS" start="2024-05-21T06:20:24.999541" elapsed="0.000209"/>
</kw>
<kw name="Should Be String" owner="String">
<arg>${json_data['results'][0]['gender']}</arg>
<doc>Fails if the given ``item`` is not a string.</doc>
<status status="PASS" start="2024-05-21T06:20:25.000073" elapsed="0.000364"/>
</kw>
<kw name="Should Match Regexp" owner="BuiltIn">
<arg>${json_data['results'][0]['email']}</arg>
<arg>^[a-zA-Z0-9._%+-]+@[a-zA-Z0-9.-]+\.[a-zA-Z]{2,}$</arg>
<doc>Fails if ``string`` does not match ``pattern`` as a regular expression.</doc>
<status status="PASS" start="2024-05-21T06:20:25.000630" elapsed="0.000583"/>
</kw>
<kw name="Should Match Regexp" owner="BuiltIn">
<arg>${json_data['results'][0]['dob']['date']}</arg>
<arg>\\d{4}-\\d{2}-\\d{2}T\\d{2}:\\d{2}:\\d{2}\\.\\d{3}Z</arg>
<doc>Fails if ``string`` does not match ``pattern`` as a regular expression.</doc>
<status status="PASS" start="2024-05-21T06:20:25.001411" elapsed="0.000480"/>
</kw>
<kw name="Should Match Regexp" owner="BuiltIn">
<arg>${json_data['results'][0]['registered']['date']}</arg>
<arg>\\d{4}-\\d{2}-\\d{2}T\\d{2}:\\d{2}:\\d{2}\\.\\d{3}Z</arg>
<doc>Fails if ``string`` does not match ``pattern`` as a regular expression.</doc>
<status status="PASS" start="2024-05-21T06:20:25.002084" elapsed="0.000362"/>
</kw>
<kw name="Should Match Regexp" owner="BuiltIn">
<arg>${json_data['results'][0]['picture']['large']}</arg>
<arg>^https?://.*\.(?:png|jpe?g|gif|bmp)$</arg>
<doc>Fails if ``string`` does not match ``pattern`` as a regular expression.</doc>
<status status="PASS" start="2024-05-21T06:20:25.002640" elapsed="0.000465"/>
</kw>
<kw name="Should Match Regexp" owner="BuiltIn">
<arg>${json_data['results'][0]['picture']['medium']}</arg>
<arg>^https?://.*\.(?:png|jpe?g|gif|bmp)$</arg>
<doc>Fails if ``string`` does not match ``pattern`` as a regular expression.</doc>
<status status="PASS" start="2024-05-21T06:20:25.003294" elapsed="0.000361"/>
</kw>
<kw name="Should Match Regexp" owner="BuiltIn">
<arg>${json_data['results'][0]['picture']['thumbnail']}</arg>
<arg>^https?://.*\.(?:png|jpe?g|gif|bmp)$</arg>
<doc>Fails if ``string`` does not match ``pattern`` as a regular expression.</doc>
<status status="PASS" start="2024-05-21T06:20:25.003844" elapsed="0.000340"/>
</kw>
<kw name="Log" owner="BuiltIn">
<msg time="2024-05-21T06:20:25.004680" level="INFO">{'large': 'https://randomuser.me/api/portraits/men/49.jpg', 'medium': 'https://randomuser.me/api/portraits/med/men/49.jpg', 'thumbnail': 'https://randomuser.me/api/portraits/thumb/men/49.jpg'}</msg>
<arg>${json_data['results'][0]['picture']}</arg>
<doc>Logs the given message with the given level.</doc>
<status status="PASS" start="2024-05-21T06:20:25.004364" elapsed="0.000357"/>
</kw>
<status status="PASS" start="2024-05-21T06:20:24.912635" elapsed="0.092373"/>
</kw>
<kw name="Teste de Tipos de Dados - Postcode" owner="random-user-service">
<kw name="GET On Session" owner="RequestsLibrary">
<msg time="2024-05-21T06:20:25.105119" level="INFO">GET Request : url=https://randomuser.me/api 
 path_url=/api 
 headers={'User-Agent': 'python-requests/2.32.1', 'Accept-Encoding': 'gzip, deflate', 'Accept': '*/*', 'Connection': 'keep-alive'} 
 body=None 
 </msg>
<msg time="2024-05-21T06:20:25.105192" level="INFO">GET Response : url=https://randomuser.me/api 
 status=200, reason=OK 
 headers={'Date': 'Tue, 21 May 2024 06:20:25 GMT', 'Content-Type': 'application/json; charset=utf-8', 'Transfer-Encoding': 'chunked', 'Connection': 'keep-alive', 'X-Powered-By': 'Express', 'Access-Control-Allow-Origin': '*', 'Cache-Control': 'no-cache', 'ETag': 'W/"47b-WcCn5ELB6KwiCJFeKHyGWbYDeP8"', 'Vary': 'Accept-Encoding', 'Content-Encoding': 'gzip', 'CF-Cache-Status': 'DYNAMIC', 'Report-To': '{"endpoints":[{"url":"https:\\/\\/a.nel.cloudflare.com\\/report\\/v4?s=%2Bc8kJCK0NrsqZNWf8EWGhXS1XodGEuXo774UfMYLtieCZ5em%2BJSlom5gKT%2BsH581fbet%2FgqXWG24PexuiwOPJylPgpCFWcJ3zcvxyBi6TripKxq18k2opfzoDQKWyhEZ"}],"group":"cf-nel","max_age":604800}', 'NEL': '{"success_fraction":0,"report_to":"cf-nel","max_age":604800}', 'Server': 'cloudflare', 'CF-RAY': '887275e04a6e2542-SJC', 'alt-svc': 'h3=":443"; ma=86400'} 
 body={"results":[{"gender":"male","name":{"title":"Mr","first":"Samu","last":"Rantanen"},"location":{"street":{"number":6415,"name":"Satakennankatu"},"city":"Vårdö","state":"Uusimaa","country":"Finland","postcode":91885,"coordinates":{"latitude":"-29.2591","longitude":"-55.7767"},"timezone":{"offset":"-2:00","description":"Mid-Atlantic"}},"email":"samu.rantanen@example.com","login":{"uuid":"dc6acfee-a6e4-485a-ae51-4ea622f03740","username":"greenbird352","password":"trustno1","salt":"QA4rIwQB","md5":"a663e8518d0214b5c5bdeb4c4ee3e3d9","sha1":"7cbc6b1f688a9108b59dc54dd9fed71d07c1e99c","sha256":"3a937dab54bd6d7c2a0451a7affd5dae60fb53b43521ac05cdd6ac10b19ce1df"},"dob":{"date":"1996-06-10T19:45:10.227Z","age":27},"registered":{"date":"2015-10-01T10:00:14.537Z","age":8},"phone":"03-190-142","cell":"040-314-18-36","id":{"name":"HETU","value":"NaNNA287undefined"},"picture":{"large":"https://randomuser.me/api/portraits/men/42.jpg","medium":"https://randomuser.me/api/portraits/med/men/42.jpg","thumbnail":"https://randomuser.me/api/portraits/thumb/men/42.jpg"},"nat":"FI"}],"info":{"seed":"dac712378eddc98e","results":1,"page":1,"version":"1.4"}} 
 </msg>
<msg time="2024-05-21T06:20:25.105253" level="INFO">/opt/hostedtoolcache/Python/3.12.3/x64/lib/python3.12/site-packages/urllib3/connectionpool.py:1103: InsecureRequestWarning: Unverified HTTPS request is being made to host 'randomuser.me'. Adding certificate verification is strongly advised. See: https://urllib3.readthedocs.io/en/latest/advanced-usage.html#tls-warnings
  warnings.warn(</msg>
<msg time="2024-05-21T06:20:25.105346" level="INFO">${response} = &lt;Response [200]&gt;</msg>
<var>${response}</var>
<arg>consultarAPI</arg>
<arg>/api</arg>
<doc>Sends a GET request on a previously created HTTP Session.</doc>
<status status="PASS" start="2024-05-21T06:20:25.005485" elapsed="0.099889"/>
</kw>
<kw name="Set Variable" owner="BuiltIn">
<msg time="2024-05-21T06:20:25.106247" level="INFO">${json_data} = {'results': [{'gender': 'male', 'name': {'title': 'Mr', 'first': 'Samu', 'last': 'Rantanen'}, 'location': {'street': {'number': 6415, 'name': 'Satakennankatu'}, 'city': 'Vårdö', 'state': 'Uusimaa', 'c...</msg>
<var>${json_data}</var>
<arg>${response.json()}</arg>
<doc>Returns the given values which can then be assigned to a variables.</doc>
<status status="PASS" start="2024-05-21T06:20:25.105771" elapsed="0.000507"/>
</kw>
<kw name="Log" owner="BuiltIn">
<msg time="2024-05-21T06:20:25.106748" level="INFO">{'results': [{'gender': 'male', 'name': {'title': 'Mr', 'first': 'Samu', 'last': 'Rantanen'}, 'location': {'street': {'number': 6415, 'name': 'Satakennankatu'}, 'city': 'Vårdö', 'state': 'Uusimaa', 'country': 'Finland', 'postcode': 91885, 'coordinates': {'latitude': '-29.2591', 'longitude': '-55.7767'}, 'timezone': {'offset': '-2:00', 'description': 'Mid-Atlantic'}}, 'email': 'samu.rantanen@example.com', 'login': {'uuid': 'dc6acfee-a6e4-485a-ae51-4ea622f03740', 'username': 'greenbird352', 'password': 'trustno1', 'salt': 'QA4rIwQB', 'md5': 'a663e8518d0214b5c5bdeb4c4ee3e3d9', 'sha1': '7cbc6b1f688a9108b59dc54dd9fed71d07c1e99c', 'sha256': '3a937dab54bd6d7c2a0451a7affd5dae60fb53b43521ac05cdd6ac10b19ce1df'}, 'dob': {'date': '1996-06-10T19:45:10.227Z', 'age': 27}, 'registered': {'date': '2015-10-01T10:00:14.537Z', 'age': 8}, 'phone': '03-190-142', 'cell': '040-314-18-36', 'id': {'name': 'HETU', 'value': 'NaNNA287undefined'}, 'picture': {'large': 'https://randomuser.me/api/portraits/men/42.jpg', 'medium': 'https://randomuser.me/api/portraits/med/men/42.jpg', 'thumbnail': 'https://randomuser.me/api/portraits/thumb/men/42.jpg'}, 'nat': 'FI'}], 'info': {'seed': 'dac712378eddc98e', 'results': 1, 'page': 1, 'version': '1.4'}}</msg>
<arg>${json_data}</arg>
<doc>Logs the given message with the given level.</doc>
<status status="PASS" start="2024-05-21T06:20:25.106584" elapsed="0.000213"/>
</kw>
<kw name="Should Be Equal As Numbers" owner="BuiltIn">
<arg>${json_data['results'][0]['location']['postcode']}</arg>
<arg>${json_data['results'][0]['location']['postcode']}</arg>
<doc>Fails if objects are unequal after converting them to real numbers.</doc>
<status status="PASS" start="2024-05-21T06:20:25.107091" elapsed="0.000779"/>
</kw>
<kw name="Log" owner="BuiltIn">
<msg time="2024-05-21T06:20:25.108432" level="INFO">91885</msg>
<arg>${json_data['results'][0]['location']['postcode']}</arg>
<doc>Logs the given message with the given level.</doc>
<status status="PASS" start="2024-05-21T06:20:25.108097" elapsed="0.000375"/>
</kw>
<status status="PASS" start="2024-05-21T06:20:25.005242" elapsed="0.103478"/>
</kw>
<doc>Testa se os tipos de dados na resposta da API estão corretos.</doc>
<tag>testeTiposDados</tag>
<status status="PASS" start="2024-05-21T06:20:24.912173" elapsed="0.196750"/>
</test>
<test id="s1-s1-t5" name="Validar conteudo" line="35">
<kw name="Teste de Tipos de Conteudo" owner="random-user-service">
<kw name="GET On Session" owner="RequestsLibrary">
<msg time="2024-05-21T06:20:25.199229" level="INFO">GET Request : url=https://randomuser.me/api 
 path_url=/api 
 headers={'User-Agent': 'python-requests/2.32.1', 'Accept-Encoding': 'gzip, deflate', 'Accept': '*/*', 'Connection': 'keep-alive'} 
 body=None 
 </msg>
<msg time="2024-05-21T06:20:25.199309" level="INFO">GET Response : url=https://randomuser.me/api 
 status=200, reason=OK 
 headers={'Date': 'Tue, 21 May 2024 06:20:25 GMT', 'Content-Type': 'application/json; charset=utf-8', 'Transfer-Encoding': 'chunked', 'Connection': 'keep-alive', 'X-Powered-By': 'Express', 'Access-Control-Allow-Origin': '*', 'Cache-Control': 'no-cache', 'ETag': 'W/"493-vVPIoxPGHYhBAYqoSmJKvuoloTI"', 'Vary': 'Accept-Encoding', 'Content-Encoding': 'gzip', 'CF-Cache-Status': 'DYNAMIC', 'Report-To': '{"endpoints":[{"url":"https:\\/\\/a.nel.cloudflare.com\\/report\\/v4?s=kO01VufNwPgVCWuxE7%2F1E5lIrK7i4ZcCYoy1xKKyuFRgo%2Bxfa4D5itrWgJTU6%2BxrxR6g%2BZk8X4sToBfuyt2CauVgscMlK7siTVhBDr3tk%2FnNbGww%2FZNo0fxoRoL5%2FOfY"}],"group":"cf-nel","max_age":604800}', 'NEL': '{"success_fraction":0,"report_to":"cf-nel","max_age":604800}', 'Server': 'cloudflare', 'CF-RAY': '887275e0fabc2542-SJC', 'alt-svc': 'h3=":443"; ma=86400'} 
 body={"results":[{"gender":"female","name":{"title":"Miss","first":"Nandita","last":"Hiremath"},"location":{"street":{"number":1372,"name":"Bhootnath Rd"},"city":"Mira-Bhayandar","state":"Punjab","country":"India","postcode":57086,"coordinates":{"latitude":"10.7615","longitude":"162.8407"},"timezone":{"offset":"-1:00","description":"Azores, Cape Verde Islands"}},"email":"nandita.hiremath@example.com","login":{"uuid":"7526219c-8117-492f-b7cc-ece738f63071","username":"silverswan825","password":"rommel","salt":"feCMh8oC","md5":"349f8cb012a1ed7c13c3e1cf1b67b96a","sha1":"87b3cc2f9f054afe1f0e202ed965b1fcd60f5aec","sha256":"8f3a4b9f7f5167831dbbec6bf589bf63b62e4cf0557c70ae3eec095ec089e703"},"dob":{"date":"1996-03-06T10:24:55.580Z","age":28},"registered":{"date":"2011-06-13T22:18:04.261Z","age":12},"phone":"8932041825","cell":"7134494947","id":{"name":"UIDAI","value":"158492725913"},"picture":{"large":"https://randomuser.me/api/portraits/women/20.jpg","medium":"https://randomuser.me/api/portraits/med/women/20.jpg","thumbnail":"https://randomuser.me/api/portraits/thumb/women/20.jpg"},"nat":"IN"}],"info":{"seed":"1b969b3dd0237b70","results":1,"page":1,"version":"1.4"}} 
 </msg>
<msg time="2024-05-21T06:20:25.199375" level="INFO">/opt/hostedtoolcache/Python/3.12.3/x64/lib/python3.12/site-packages/urllib3/connectionpool.py:1103: InsecureRequestWarning: Unverified HTTPS request is being made to host 'randomuser.me'. Adding certificate verification is strongly advised. See: https://urllib3.readthedocs.io/en/latest/advanced-usage.html#tls-warnings
  warnings.warn(</msg>
<msg time="2024-05-21T06:20:25.199479" level="INFO">${response} = &lt;Response [200]&gt;</msg>
<var>${response}</var>
<arg>consultarAPI</arg>
<arg>/api</arg>
<doc>Sends a GET request on a previously created HTTP Session.</doc>
<status status="PASS" start="2024-05-21T06:20:25.111725" elapsed="0.087795"/>
</kw>
<kw name="Set Variable" owner="BuiltIn">
<msg time="2024-05-21T06:20:25.200603" level="INFO">${json_data} = {'results': [{'gender': 'female', 'name': {'title': 'Miss', 'first': 'Nandita', 'last': 'Hiremath'}, 'location': {'street': {'number': 1372, 'name': 'Bhootnath Rd'}, 'city': 'Mira-Bhayandar', 'state':...</msg>
<var>${json_data}</var>
<arg>${response.json()}</arg>
<doc>Returns the given values which can then be assigned to a variables.</doc>
<status status="PASS" start="2024-05-21T06:20:25.200061" elapsed="0.000570"/>
</kw>
<kw name="Set Variable" owner="BuiltIn">
<msg time="2024-05-21T06:20:25.201361" level="INFO">${name_title} = Miss</msg>
<var>${name_title}</var>
<arg>${json_data["results"][0]["name"]["title"]}</arg>
<doc>Returns the given values which can then be assigned to a variables.</doc>
<status status="PASS" start="2024-05-21T06:20:25.200974" elapsed="0.000412"/>
</kw>
<kw name="Create List" owner="BuiltIn">
<msg time="2024-05-21T06:20:25.201825" level="INFO">${allowed_titles} = ['Mr', 'Ms', 'Miss', 'Mrs', 'Madame', 'Monsieur']</msg>
<var>${allowed_titles}</var>
<arg>Mr</arg>
<arg>Ms</arg>
<arg>Miss</arg>
<arg>Mrs</arg>
<arg>Madame</arg>
<arg>Monsieur</arg>
<doc>Returns a list containing given items.</doc>
<status status="PASS" start="2024-05-21T06:20:25.201680" elapsed="0.000168"/>
</kw>
<kw name="List Should Contain Value" owner="Collections">
<msg time="2024-05-21T06:20:25.202314" level="INFO">False</msg>
<arg>${allowed_titles}</arg>
<arg>${name_title}</arg>
<doc>Fails if the ``value`` is not found from ``list``.</doc>
<status status="PASS" start="2024-05-21T06:20:25.202143" elapsed="0.000207"/>
</kw>
<kw name="Set Variable" owner="BuiltIn">
<msg time="2024-05-21T06:20:25.203006" level="INFO">${name_country} = IN</msg>
<var>${name_country}</var>
<arg>${json_data["results"][0]["nat"]}</arg>
<doc>Returns the given values which can then be assigned to a variables.</doc>
<status status="PASS" start="2024-05-21T06:20:25.202636" elapsed="0.000394"/>
</kw>
<kw name="Create List" owner="BuiltIn">
<msg time="2024-05-21T06:20:25.203926" level="INFO">${list_country} = ['AD', 'AE', 'AF', 'AG', 'AI', 'AL', 'AM', 'AO', 'AQ', 'AR', 'AS', 'AT', 'AU', 'AW', 'AX', 'AZ', 'BA', 'BB', 'BD', 'BE', 'BF', 'BG', 'BH', 'BI', 'BJ', 'BL', 'BM', 'BN', 'BO', 'BQ', 'BR', 'BS', 'BT', '...</msg>
<var>${list_country}</var>
<arg>AD</arg>
<arg>AE</arg>
<arg>AF</arg>
<arg>AG</arg>
<arg>AI</arg>
<arg>AL</arg>
<arg>AM</arg>
<arg>AO</arg>
<arg>AQ</arg>
<arg>AR</arg>
<arg>AS</arg>
<arg>AT</arg>
<arg>AU</arg>
<arg>AW</arg>
<arg>AX</arg>
<arg>AZ</arg>
<arg>BA</arg>
<arg>BB</arg>
<arg>BD</arg>
<arg>BE</arg>
<arg>BF</arg>
<arg>BG</arg>
<arg>BH</arg>
<arg>BI</arg>
<arg>BJ</arg>
<arg>BL</arg>
<arg>BM</arg>
<arg>BN</arg>
<arg>BO</arg>
<arg>BQ</arg>
<arg>BR</arg>
<arg>BS</arg>
<arg>BT</arg>
<arg>BV</arg>
<arg>BW</arg>
<arg>BY</arg>
<arg>BZ</arg>
<arg>CA</arg>
<arg>CC</arg>
<arg>CD</arg>
<arg>CF</arg>
<arg>CG</arg>
<arg>CH</arg>
<arg>CI</arg>
<arg>CK</arg>
<arg>CL</arg>
<arg>CM</arg>
<arg>CN</arg>
<arg>CO</arg>
<arg>CR</arg>
<arg>CU</arg>
<arg>CV</arg>
<arg>CW</arg>
<arg>CX</arg>
<arg>CY</arg>
<arg>CZ</arg>
<arg>DE</arg>
<arg>DJ</arg>
<arg>DK</arg>
<arg>DM</arg>
<arg>DO</arg>
<arg>DZ</arg>
<arg>EC</arg>
<arg>EE</arg>
<arg>EG</arg>
<arg>EH</arg>
<arg>ER</arg>
<arg>ES</arg>
<arg>ET</arg>
<arg>FI</arg>
<arg>FJ</arg>
<arg>FK</arg>
<arg>FM</arg>
<arg>FO</arg>
<arg>FR</arg>
<arg>GA</arg>
<arg>GB</arg>
<arg>GD</arg>
<arg>GE</arg>
<arg>GF</arg>
<arg>GG</arg>
<arg>GH</arg>
<arg>GI</arg>
<arg>GL</arg>
<arg>GM</arg>
<arg>GN</arg>
<arg>GP</arg>
<arg>GQ</arg>
<arg>GR</arg>
<arg>GS</arg>
<arg>GT</arg>
<arg>GU</arg>
<arg>GW</arg>
<arg>GY</arg>
<arg>HK</arg>
<arg>HM</arg>
<arg>HN</arg>
<arg>HR</arg>
<arg>HT</arg>
<arg>HU</arg>
<arg>ID</arg>
<arg>IE</arg>
<arg>IL</arg>
<arg>IM</arg>
<arg>IN</arg>
<arg>IO</arg>
<arg>IQ</arg>
<arg>IR</arg>
<arg>IS</arg>
<arg>IT</arg>
<arg>JE</arg>
<arg>JM</arg>
<arg>JO</arg>
<arg>JP</arg>
<arg>KE</arg>
<arg>KG</arg>
<arg>KH</arg>
<arg>KI</arg>
<arg>KM</arg>
<arg>KN</arg>
<arg>KP</arg>
<arg>KR</arg>
<arg>KW</arg>
<arg>KY</arg>
<arg>KZ</arg>
<arg>LA</arg>
<arg>LB</arg>
<arg>LC</arg>
<arg>LI</arg>
<arg>LK</arg>
<arg>LR</arg>
<arg>LS</arg>
<arg>LT</arg>
<arg>LU</arg>
<arg>LV</arg>
<arg>LY</arg>
<arg>MA</arg>
<arg>MC</arg>
<arg>MD</arg>
<arg>ME</arg>
<arg>MF</arg>
<arg>MG</arg>
<arg>MH</arg>
<arg>MK</arg>
<arg>ML</arg>
<arg>MM</arg>
<arg>MN</arg>
<arg>MO</arg>
<arg>MP</arg>
<arg>MQ</arg>
<arg>MR</arg>
<arg>MS</arg>
<arg>MT</arg>
<arg>MU</arg>
<arg>MV</arg>
<arg>MW</arg>
<arg>MX</arg>
<arg>MY</arg>
<arg>MZ</arg>
<arg>NA</arg>
<arg>NC</arg>
<arg>NE</arg>
<arg>NF</arg>
<arg>NG</arg>
<arg>NI</arg>
<arg>NL</arg>
<arg>NO</arg>
<arg>NP</arg>
<arg>NR</arg>
<arg>NU</arg>
<arg>NZ</arg>
<arg>OM</arg>
<arg>PA</arg>
<arg>PE</arg>
<arg>PF</arg>
<arg>PG</arg>
<arg>PH</arg>
<arg>PK</arg>
<arg>PL</arg>
<arg>PM</arg>
<arg>PN</arg>
<arg>PR</arg>
<arg>PS</arg>
<arg>PT</arg>
<arg>PW</arg>
<arg>PY</arg>
<arg>QA</arg>
<arg>RE</arg>
<arg>RO</arg>
<arg>RS</arg>
<arg>RU</arg>
<arg>RW</arg>
<arg>SA</arg>
<arg>SB</arg>
<arg>SC</arg>
<arg>SD</arg>
<arg>SE</arg>
<arg>SG</arg>
<arg>SH</arg>
<arg>SI</arg>
<arg>SJ</arg>
<arg>SK</arg>
<arg>SL</arg>
<arg>SM</arg>
<arg>SN</arg>
<arg>SO</arg>
<arg>SR</arg>
<arg>SS</arg>
<arg>ST</arg>
<arg>SV</arg>
<arg>SX</arg>
<arg>SY</arg>
<arg>SZ</arg>
<arg>TC</arg>
<arg>TD</arg>
<arg>TF</arg>
<arg>TG</arg>
<arg>TH</arg>
<arg>TJ</arg>
<arg>TK</arg>
<arg>TL</arg>
<arg>TM</arg>
<arg>TN</arg>
<arg>TO</arg>
<arg>TR</arg>
<arg>TT</arg>
<arg>TV</arg>
<arg>TW</arg>
<arg>TZ</arg>
<arg>UA</arg>
<arg>UG</arg>
<arg>UM</arg>
<arg>US</arg>
<arg>UY</arg>
<arg>UZ</arg>
<arg>VA</arg>
<arg>VC</arg>
<arg>VE</arg>
<arg>VG</arg>
<arg>VI</arg>
<arg>VN</arg>
<arg>VU</arg>
<arg>WF</arg>
<arg>WS</arg>
<arg>XK</arg>
<arg>YE</arg>
<arg>YT</arg>
<arg>ZA</arg>
<arg>ZM</arg>
<arg>ZW</arg>
<doc>Returns a list containing given items.</doc>
<status status="PASS" start="2024-05-21T06:20:25.203335" elapsed="0.000616"/>
</kw>
<kw name="List Should Contain Value" owner="Collections">
<msg time="2024-05-21T06:20:25.204956" level="INFO">False</msg>
<arg>${list_country}</arg>
<arg>${name_country}</arg>
<doc>Fails if the ``value`` is not found from ``list``.</doc>
<status status="PASS" start="2024-05-21T06:20:25.204730" elapsed="0.000264"/>
</kw>
<kw name="Run Keyword If" owner="BuiltIn">
<kw name="Should Be True" owner="BuiltIn">
<arg>${True}</arg>
<doc>Fails if the given condition is not true.</doc>
<status status="PASS" start="2024-05-21T06:20:25.206043" elapsed="0.000140"/>
</kw>
<arg>${json_data["results"][0]["location"]["coordinates"]["latitude"]} &gt;= -90 and ${json_data["results"][0]["location"]["coordinates"]["latitude"]} &lt;= 90</arg>
<arg>Should Be True</arg>
<arg>${True}</arg>
<doc>Runs the given keyword with the given arguments, if ``condition`` is true.</doc>
<status status="PASS" start="2024-05-21T06:20:25.205312" elapsed="0.000996"/>
</kw>
<kw name="Run Keyword If" owner="BuiltIn">
<kw name="Should Be True" owner="BuiltIn">
<arg>${True}</arg>
<doc>Fails if the given condition is not true.</doc>
<status status="PASS" start="2024-05-21T06:20:25.207164" elapsed="0.000248"/>
</kw>
<arg>${json_data["results"][0]["location"]["coordinates"]["longitude"]} &gt;= -180 and ${json_data["results"][0]["location"]["coordinates"]["longitude"]} &lt;= 180</arg>
<arg>Should Be True</arg>
<arg>${True}</arg>
<doc>Runs the given keyword with the given arguments, if ``condition`` is true.</doc>
<status status="PASS" start="2024-05-21T06:20:25.206489" elapsed="0.001047"/>
</kw>
<status status="PASS" start="2024-05-21T06:20:25.111352" elapsed="0.096314"/>
</kw>
<doc>Testa o conteúdo específico dos campos retornados pela API.</doc>
<tag>testeConteudo</tag>
<status status="PASS" start="2024-05-21T06:20:25.110690" elapsed="0.097125"/>
</test>
<status status="PASS" start="2024-05-21T06:20:24.108771" elapsed="1.101098"/>
</suite>
<status status="PASS" start="2024-05-21T06:20:24.095468" elapsed="1.119742"/>
</suite>
<statistics>
<total>
<stat pass="5" fail="0" skip="0">All Tests</stat>
</total>
<tag>
<stat pass="1" fail="0" skip="0">testeConteudo</stat>
<stat pass="1" fail="0" skip="0">testeEstruturaResposta</stat>
<stat pass="1" fail="0" skip="0">testeRequisicaoBasica</stat>
<stat pass="1" fail="0" skip="0">testeTiposDados</stat>
</tag>
<suite>
<stat pass="5" fail="0" skip="0" id="s1" name="Tests">Tests</stat>
<stat pass="5" fail="0" skip="0" id="s1-s1" name="Random-User-Test">Tests.Random-User-Test</stat>
</suite>
</statistics>
<errors>
</errors>
</robot>
