<?xml version="1.0" encoding="UTF-8"?>
<robot generator="Robot 7.0.1 (Python 3.12.4 on linux)" generated="2024-07-21T07:13:01.634563" rpa="false" schemaversion="5">
<suite id="s1" name="Tests" source="/home/runner/work/ApiRandomUser/ApiRandomUser/RamdonUser/tests">
<suite id="s1-s1" name="Random-User-Test" source="/home/runner/work/ApiRandomUser/ApiRandomUser/RamdonUser/tests/random-user-test.robot">
<test id="s1-s1-t1" name="Conectar" line="13">
<kw name="Conectar API" owner="random-user-service">
<kw name="Create Session" owner="RequestsLibrary">
<msg time="2024-07-21T07:13:02.053117" level="INFO">Creating Session using : alias=consultarAPI, url=https://randomuser.me/, headers={},                     cookies={}, auth=None, timeout=None, proxies=None, verify=False,                     debug=0 </msg>
<arg>consultarAPI</arg>
<arg>${URL}</arg>
<doc>Create Session: create a HTTP session to a server</doc>
<status status="PASS" start="2024-07-21T07:13:02.052918" elapsed="0.000394"/>
</kw>
<status status="PASS" start="2024-07-21T07:13:02.051867" elapsed="0.001837"/>
</kw>
<status status="PASS" start="2024-07-21T07:13:02.051314" elapsed="0.002580"/>
</test>
<test id="s1-s1-t2" name="Validar retorno 200 e JSON Válido" line="16">
<kw name="Teste de Requisicao Basica" owner="random-user-service">
<kw name="GET On Session" owner="RequestsLibrary">
<msg time="2024-07-21T07:13:02.189137" level="INFO">GET Request : url=https://randomuser.me/api 
 path_url=/api 
 headers={'User-Agent': 'python-requests/2.32.3', 'Accept-Encoding': 'gzip, deflate', 'Accept': '*/*', 'Connection': 'keep-alive'} 
 body=None 
 </msg>
<msg time="2024-07-21T07:13:02.189293" level="INFO">GET Response : url=https://randomuser.me/api 
 status=200, reason=OK 
 headers={'Date': 'Sun, 21 Jul 2024 07:13:02 GMT', 'Content-Type': 'application/json; charset=utf-8', 'Transfer-Encoding': 'chunked', 'Connection': 'keep-alive', 'X-Powered-By': 'Express', 'Access-Control-Allow-Origin': '*', 'Cache-Control': 'no-cache', 'ETag': 'W/"491-l8ZfYI/Q1NIBSgKW45vwX8mf7L8"', 'Vary': 'Accept-Encoding', 'Content-Encoding': 'gzip', 'CF-Cache-Status': 'DYNAMIC', 'Report-To': '{"endpoints":[{"url":"https:\\/\\/a.nel.cloudflare.com\\/report\\/v4?s=64V3YwNjQOx97BtUgNbteOSB34epdJvO7xui0%2BYkKgAFzMc65JoPXqVs3HkvMSxWW1EoWB74A5WsMENikx3YVFGFMiEVDN0%2FGM2knlbU9IISXY9s%2BF6o4Z1IHPWZuhXJ"}],"group":"cf-nel","max_age":604800}', 'NEL': '{"success_fraction":0,"report_to":"cf-nel","max_age":604800}', 'Server': 'cloudflare', 'CF-RAY': '8a6962d46e9307b5-IAD', 'alt-svc': 'h3=":443"; ma=86400'} 
 body={"results":[{"gender":"male","name":{"title":"Mr","first":"Miroslav","last":"Nađ"},"location":{"street":{"number":5723,"name":"Ogoštanska"},"city":"Inđija","state":"North Bačka","country":"Serbia","postcode":51565,"coordinates":{"latitude":"57.5788","longitude":"-95.7828"},"timezone":{"offset":"+9:00","description":"Tokyo, Seoul, Osaka, Sapporo, Yakutsk"}},"email":"miroslav.nad@example.com","login":{"uuid":"87e99477-6a38-4482-9106-c45cbc63ca12","username":"beautifulgorilla775","password":"arnold","salt":"APlHtHjw","md5":"6c92246fe41a146353bb365e906081b6","sha1":"f4673d7ad6de45ad899bf13f0fecc78ebd3c132f","sha256":"03ce7aa30426707df3318f3ca3ec28e064a22e4f472da0dd8ad730153ff405d6"},"dob":{"date":"1962-01-10T18:26:39.426Z","age":62},"registered":{"date":"2009-08-24T20:10:23.792Z","age":14},"phone":"037-4186-115","cell":"060-2586-747","id":{"name":"SID","value":"056517202"},"picture":{"large":"https://randomuser.me/api/portraits/men/80.jpg","medium":"https://randomuser.me/api/portraits/med/men/80.jpg","thumbnail":"https://randomuser.me/api/portraits/thumb/men/80.jpg"},"nat":"RS"}],"info":{"seed":"b86ad2bc203c593a","results":1,"page":1,"version":"1.4"}} 
 </msg>
<msg time="2024-07-21T07:13:02.189376" level="INFO">/opt/hostedtoolcache/Python/3.12.4/x64/lib/python3.12/site-packages/urllib3/connectionpool.py:1099: InsecureRequestWarning: Unverified HTTPS request is being made to host 'randomuser.me'. Adding certificate verification is strongly advised. See: https://urllib3.readthedocs.io/en/latest/advanced-usage.html#tls-warnings
  warnings.warn(</msg>
<msg time="2024-07-21T07:13:02.189517" level="INFO">${response} = &lt;Response [200]&gt;</msg>
<var>${response}</var>
<arg>consultarAPI</arg>
<arg>/api</arg>
<doc>Sends a GET request on a previously created HTTP Session.</doc>
<status status="PASS" start="2024-07-21T07:13:02.056458" elapsed="0.133122"/>
</kw>
<kw name="Should Be Equal As Numbers" owner="BuiltIn">
<msg time="2024-07-21T07:13:02.190590" level="INFO">Argument types are:
&lt;class 'int'&gt;
&lt;class 'str'&gt;</msg>
<arg>${response.status_code}</arg>
<arg>200</arg>
<doc>Fails if objects are unequal after converting them to real numbers.</doc>
<status status="PASS" start="2024-07-21T07:13:02.190134" elapsed="0.000521"/>
</kw>
<kw name="Log" owner="BuiltIn">
<msg time="2024-07-21T07:13:02.191386" level="INFO">200</msg>
<arg>${response.status_code}</arg>
<doc>Logs the given message with the given level.</doc>
<status status="PASS" start="2024-07-21T07:13:02.191008" elapsed="0.000422"/>
</kw>
<kw name="Set Variable" owner="BuiltIn">
<msg time="2024-07-21T07:13:02.192194" level="INFO">${json_data} = {'results': [{'gender': 'male', 'name': {'title': 'Mr', 'first': 'Miroslav', 'last': 'Nađ'}, 'location': {'street': {'number': 5723, 'name': 'Ogoštanska'}, 'city': 'Inđija', 'state': 'North Bačka', 'c...</msg>
<var>${json_data}</var>
<arg>${response.json()}</arg>
<doc>Returns the given values which can then be assigned to a variables.</doc>
<status status="PASS" start="2024-07-21T07:13:02.191747" elapsed="0.000477"/>
</kw>
<kw name="Dictionary Should Contain Key" owner="Collections">
<arg>${json_data}</arg>
<arg>results</arg>
<doc>Fails if ``key`` is not found from ``dictionary``.</doc>
<status status="PASS" start="2024-07-21T07:13:02.192529" elapsed="0.000320"/>
</kw>
<status status="PASS" start="2024-07-21T07:13:02.056209" elapsed="0.136795"/>
</kw>
<doc>Testa se a API responde corretamente e retorna um objeto JSON válido.</doc>
<tag>testeRequisicaoBasica</tag>
<status status="PASS" start="2024-07-21T07:13:02.055755" elapsed="0.137424"/>
</test>
<test id="s1-s1-t3" name="Validar estrutura de resposta" line="22">
<kw name="Teste de Estrutura de Resposta" owner="random-user-service">
<kw name="GET On Session" owner="RequestsLibrary">
<msg time="2024-07-21T07:13:02.275338" level="INFO">GET Request : url=https://randomuser.me/api 
 path_url=/api 
 headers={'User-Agent': 'python-requests/2.32.3', 'Accept-Encoding': 'gzip, deflate', 'Accept': '*/*', 'Connection': 'keep-alive'} 
 body=None 
 </msg>
<msg time="2024-07-21T07:13:02.275440" level="INFO">GET Response : url=https://randomuser.me/api 
 status=200, reason=OK 
 headers={'Date': 'Sun, 21 Jul 2024 07:13:02 GMT', 'Content-Type': 'application/json; charset=utf-8', 'Transfer-Encoding': 'chunked', 'Connection': 'keep-alive', 'X-Powered-By': 'Express', 'Access-Control-Allow-Origin': '*', 'Cache-Control': 'no-cache', 'ETag': 'W/"495-Z+1KHtDEkrGTDFQC6Cm+Uka4Vbc"', 'Vary': 'Accept-Encoding', 'Content-Encoding': 'gzip', 'CF-Cache-Status': 'DYNAMIC', 'Report-To': '{"endpoints":[{"url":"https:\\/\\/a.nel.cloudflare.com\\/report\\/v4?s=H94l2w9Ag0JQoCmSQIMpHrIqLbj9UBbl7sGJFqxM6RDLdmSNNPWxgc7gVVGsWIUaGoRhld8Cg%2FHbc7ZLj24UBBH8GhXtbZR4yBW8s3Iu3qpwjWF5Ohf574CMIQzYe0xZ"}],"group":"cf-nel","max_age":604800}', 'NEL': '{"success_fraction":0,"report_to":"cf-nel","max_age":604800}', 'Server': 'cloudflare', 'CF-RAY': '8a6962d4cee407b5-IAD', 'alt-svc': 'h3=":443"; ma=86400'} 
 body={"results":[{"gender":"male","name":{"title":"Mr","first":"Roy","last":"Hicks"},"location":{"street":{"number":8658,"name":"South Street"},"city":"Exeter","state":"County Antrim","country":"United Kingdom","postcode":"CK12 0QY","coordinates":{"latitude":"-7.6404","longitude":"-0.7207"},"timezone":{"offset":"+10:00","description":"Eastern Australia, Guam, Vladivostok"}},"email":"roy.hicks@example.com","login":{"uuid":"d6fdb525-a530-469c-8c1f-7d3083a614b5","username":"beautifulwolf519","password":"ryan","salt":"MuoczLVq","md5":"3bd3f454ff401022d2e9491c54e874ec","sha1":"a814c87180389dec8fb036c112098f990091a592","sha256":"07d6bac5efbd65493d7e97daed63de9506dd47a997ff08052cf682aa33c5342d"},"dob":{"date":"1991-03-19T21:29:46.323Z","age":33},"registered":{"date":"2006-12-04T01:59:49.209Z","age":17},"phone":"026 8286 3694","cell":"07495 328487","id":{"name":"NINO","value":"GT 02 02 06 A"},"picture":{"large":"https://randomuser.me/api/portraits/men/1.jpg","medium":"https://randomuser.me/api/portraits/med/men/1.jpg","thumbnail":"https://randomuser.me/api/portraits/thumb/men/1.jpg"},"nat":"GB"}],"info":{"seed":"daefea40a92dbd12","results":1,"page":1,"version":"1.4"}} 
 </msg>
<msg time="2024-07-21T07:13:02.275571" level="INFO">/opt/hostedtoolcache/Python/3.12.4/x64/lib/python3.12/site-packages/urllib3/connectionpool.py:1099: InsecureRequestWarning: Unverified HTTPS request is being made to host 'randomuser.me'. Adding certificate verification is strongly advised. See: https://urllib3.readthedocs.io/en/latest/advanced-usage.html#tls-warnings
  warnings.warn(</msg>
<msg time="2024-07-21T07:13:02.275698" level="INFO">${response} = &lt;Response [200]&gt;</msg>
<var>${response}</var>
<arg>consultarAPI</arg>
<arg>/api</arg>
<doc>Sends a GET request on a previously created HTTP Session.</doc>
<status status="PASS" start="2024-07-21T07:13:02.195784" elapsed="0.079956"/>
</kw>
<kw name="Set Variable" owner="BuiltIn">
<msg time="2024-07-21T07:13:02.276822" level="INFO">${json_data} = {'results': [{'gender': 'male', 'name': {'title': 'Mr', 'first': 'Roy', 'last': 'Hicks'}, 'location': {'street': {'number': 8658, 'name': 'South Street'}, 'city': 'Exeter', 'state': 'County Antrim', '...</msg>
<var>${json_data}</var>
<arg>${response.json()}</arg>
<doc>Returns the given values which can then be assigned to a variables.</doc>
<status status="PASS" start="2024-07-21T07:13:02.276276" elapsed="0.000576"/>
</kw>
<kw name="Log" owner="BuiltIn">
<msg time="2024-07-21T07:13:02.277345" level="INFO">{'results': [{'gender': 'male', 'name': {'title': 'Mr', 'first': 'Roy', 'last': 'Hicks'}, 'location': {'street': {'number': 8658, 'name': 'South Street'}, 'city': 'Exeter', 'state': 'County Antrim', 'country': 'United Kingdom', 'postcode': 'CK12 0QY', 'coordinates': {'latitude': '-7.6404', 'longitude': '-0.7207'}, 'timezone': {'offset': '+10:00', 'description': 'Eastern Australia, Guam, Vladivostok'}}, 'email': 'roy.hicks@example.com', 'login': {'uuid': 'd6fdb525-a530-469c-8c1f-7d3083a614b5', 'username': 'beautifulwolf519', 'password': 'ryan', 'salt': 'MuoczLVq', 'md5': '3bd3f454ff401022d2e9491c54e874ec', 'sha1': 'a814c87180389dec8fb036c112098f990091a592', 'sha256': '07d6bac5efbd65493d7e97daed63de9506dd47a997ff08052cf682aa33c5342d'}, 'dob': {'date': '1991-03-19T21:29:46.323Z', 'age': 33}, 'registered': {'date': '2006-12-04T01:59:49.209Z', 'age': 17}, 'phone': '026 8286 3694', 'cell': '07495 328487', 'id': {'name': 'NINO', 'value': 'GT 02 02 06 A'}, 'picture': {'large': 'https://randomuser.me/api/portraits/men/1.jpg', 'medium': 'https://randomuser.me/api/portraits/med/men/1.jpg', 'thumbnail': 'https://randomuser.me/api/portraits/thumb/men/1.jpg'}, 'nat': 'GB'}], 'info': {'seed': 'daefea40a92dbd12', 'results': 1, 'page': 1, 'version': '1.4'}}</msg>
<arg>${json_data}</arg>
<doc>Logs the given message with the given level.</doc>
<status status="PASS" start="2024-07-21T07:13:02.277176" elapsed="0.000218"/>
</kw>
<kw name="Dictionary Should Contain Key" owner="Collections">
<arg>${json_data}</arg>
<arg>results</arg>
<doc>Fails if ``key`` is not found from ``dictionary``.</doc>
<status status="PASS" start="2024-07-21T07:13:02.277718" elapsed="0.000168"/>
</kw>
<kw name="Should Not Be Empty" owner="BuiltIn">
<msg time="2024-07-21T07:13:02.278206" level="INFO">Length is 2.</msg>
<arg>${json_data}</arg>
<doc>Verifies that the given item is not empty.</doc>
<status status="PASS" start="2024-07-21T07:13:02.278074" elapsed="0.000171"/>
</kw>
<kw name="Create List" owner="BuiltIn">
<msg time="2024-07-21T07:13:02.278688" level="INFO">${expected_keys} = ['gender', 'name', 'location', 'email', 'login']</msg>
<var>${expected_keys}</var>
<arg>gender</arg>
<arg>name</arg>
<arg>location</arg>
<arg>email</arg>
<arg>login</arg>
<doc>Returns a list containing given items.</doc>
<status status="PASS" start="2024-07-21T07:13:02.278537" elapsed="0.000176"/>
</kw>
<for flavor="IN">
<iter>
<kw name="Dictionary Should Contain Key" owner="Collections">
<arg>${json_data['results'][0]}</arg>
<arg>${key}</arg>
<doc>Fails if ``key`` is not found from ``dictionary``.</doc>
<status status="PASS" start="2024-07-21T07:13:02.279313" elapsed="0.000425"/>
</kw>
<kw name="Log" owner="BuiltIn">
<msg time="2024-07-21T07:13:02.280290" level="INFO">{'gender': 'male', 'name': {'title': 'Mr', 'first': 'Roy', 'last': 'Hicks'}, 'location': {'street': {'number': 8658, 'name': 'South Street'}, 'city': 'Exeter', 'state': 'County Antrim', 'country': 'United Kingdom', 'postcode': 'CK12 0QY', 'coordinates': {'latitude': '-7.6404', 'longitude': '-0.7207'}, 'timezone': {'offset': '+10:00', 'description': 'Eastern Australia, Guam, Vladivostok'}}, 'email': 'roy.hicks@example.com', 'login': {'uuid': 'd6fdb525-a530-469c-8c1f-7d3083a614b5', 'username': 'beautifulwolf519', 'password': 'ryan', 'salt': 'MuoczLVq', 'md5': '3bd3f454ff401022d2e9491c54e874ec', 'sha1': 'a814c87180389dec8fb036c112098f990091a592', 'sha256': '07d6bac5efbd65493d7e97daed63de9506dd47a997ff08052cf682aa33c5342d'}, 'dob': {'date': '1991-03-19T21:29:46.323Z', 'age': 33}, 'registered': {'date': '2006-12-04T01:59:49.209Z', 'age': 17}, 'phone': '026 8286 3694', 'cell': '07495 328487', 'id': {'name': 'NINO', 'value': 'GT 02 02 06 A'}, 'picture': {'large': 'https://randomuser.me/api/portraits/men/1.jpg', 'medium': 'https://randomuser.me/api/portraits/med/men/1.jpg', 'thumbnail': 'https://randomuser.me/api/portraits/thumb/men/1.jpg'}, 'nat': 'GB'}</msg>
<arg>${json_data['results'][0]}</arg>
<doc>Logs the given message with the given level.</doc>
<status status="PASS" start="2024-07-21T07:13:02.279925" elapsed="0.000418"/>
</kw>
<kw name="Log" owner="BuiltIn">
<msg time="2024-07-21T07:13:02.280782" level="INFO">gender</msg>
<arg>${key}</arg>
<doc>Logs the given message with the given level.</doc>
<status status="PASS" start="2024-07-21T07:13:02.280652" elapsed="0.000170"/>
</kw>
<var name="${key}">gender</var>
<status status="PASS" start="2024-07-21T07:13:02.279185" elapsed="0.001856"/>
</iter>
<iter>
<kw name="Dictionary Should Contain Key" owner="Collections">
<arg>${json_data['results'][0]}</arg>
<arg>${key}</arg>
<doc>Fails if ``key`` is not found from ``dictionary``.</doc>
<status status="PASS" start="2024-07-21T07:13:02.281343" elapsed="0.000412"/>
</kw>
<kw name="Log" owner="BuiltIn">
<msg time="2024-07-21T07:13:02.282298" level="INFO">{'gender': 'male', 'name': {'title': 'Mr', 'first': 'Roy', 'last': 'Hicks'}, 'location': {'street': {'number': 8658, 'name': 'South Street'}, 'city': 'Exeter', 'state': 'County Antrim', 'country': 'United Kingdom', 'postcode': 'CK12 0QY', 'coordinates': {'latitude': '-7.6404', 'longitude': '-0.7207'}, 'timezone': {'offset': '+10:00', 'description': 'Eastern Australia, Guam, Vladivostok'}}, 'email': 'roy.hicks@example.com', 'login': {'uuid': 'd6fdb525-a530-469c-8c1f-7d3083a614b5', 'username': 'beautifulwolf519', 'password': 'ryan', 'salt': 'MuoczLVq', 'md5': '3bd3f454ff401022d2e9491c54e874ec', 'sha1': 'a814c87180389dec8fb036c112098f990091a592', 'sha256': '07d6bac5efbd65493d7e97daed63de9506dd47a997ff08052cf682aa33c5342d'}, 'dob': {'date': '1991-03-19T21:29:46.323Z', 'age': 33}, 'registered': {'date': '2006-12-04T01:59:49.209Z', 'age': 17}, 'phone': '026 8286 3694', 'cell': '07495 328487', 'id': {'name': 'NINO', 'value': 'GT 02 02 06 A'}, 'picture': {'large': 'https://randomuser.me/api/portraits/men/1.jpg', 'medium': 'https://randomuser.me/api/portraits/med/men/1.jpg', 'thumbnail': 'https://randomuser.me/api/portraits/thumb/men/1.jpg'}, 'nat': 'GB'}</msg>
<arg>${json_data['results'][0]}</arg>
<doc>Logs the given message with the given level.</doc>
<status status="PASS" start="2024-07-21T07:13:02.281941" elapsed="0.000441"/>
</kw>
<kw name="Log" owner="BuiltIn">
<msg time="2024-07-21T07:13:02.282823" level="INFO">name</msg>
<arg>${key}</arg>
<doc>Logs the given message with the given level.</doc>
<status status="PASS" start="2024-07-21T07:13:02.282695" elapsed="0.000166"/>
</kw>
<var name="${key}">name</var>
<status status="PASS" start="2024-07-21T07:13:02.281230" elapsed="0.001845"/>
</iter>
<iter>
<kw name="Dictionary Should Contain Key" owner="Collections">
<arg>${json_data['results'][0]}</arg>
<arg>${key}</arg>
<doc>Fails if ``key`` is not found from ``dictionary``.</doc>
<status status="PASS" start="2024-07-21T07:13:02.283362" elapsed="0.000384"/>
</kw>
<kw name="Log" owner="BuiltIn">
<msg time="2024-07-21T07:13:02.284280" level="INFO">{'gender': 'male', 'name': {'title': 'Mr', 'first': 'Roy', 'last': 'Hicks'}, 'location': {'street': {'number': 8658, 'name': 'South Street'}, 'city': 'Exeter', 'state': 'County Antrim', 'country': 'United Kingdom', 'postcode': 'CK12 0QY', 'coordinates': {'latitude': '-7.6404', 'longitude': '-0.7207'}, 'timezone': {'offset': '+10:00', 'description': 'Eastern Australia, Guam, Vladivostok'}}, 'email': 'roy.hicks@example.com', 'login': {'uuid': 'd6fdb525-a530-469c-8c1f-7d3083a614b5', 'username': 'beautifulwolf519', 'password': 'ryan', 'salt': 'MuoczLVq', 'md5': '3bd3f454ff401022d2e9491c54e874ec', 'sha1': 'a814c87180389dec8fb036c112098f990091a592', 'sha256': '07d6bac5efbd65493d7e97daed63de9506dd47a997ff08052cf682aa33c5342d'}, 'dob': {'date': '1991-03-19T21:29:46.323Z', 'age': 33}, 'registered': {'date': '2006-12-04T01:59:49.209Z', 'age': 17}, 'phone': '026 8286 3694', 'cell': '07495 328487', 'id': {'name': 'NINO', 'value': 'GT 02 02 06 A'}, 'picture': {'large': 'https://randomuser.me/api/portraits/men/1.jpg', 'medium': 'https://randomuser.me/api/portraits/med/men/1.jpg', 'thumbnail': 'https://randomuser.me/api/portraits/thumb/men/1.jpg'}, 'nat': 'GB'}</msg>
<arg>${json_data['results'][0]}</arg>
<doc>Logs the given message with the given level.</doc>
<status status="PASS" start="2024-07-21T07:13:02.283931" elapsed="0.000398"/>
</kw>
<kw name="Log" owner="BuiltIn">
<msg time="2024-07-21T07:13:02.284751" level="INFO">location</msg>
<arg>${key}</arg>
<doc>Logs the given message with the given level.</doc>
<status status="PASS" start="2024-07-21T07:13:02.284628" elapsed="0.000160"/>
</kw>
<var name="${key}">location</var>
<status status="PASS" start="2024-07-21T07:13:02.283255" elapsed="0.001750"/>
</iter>
<iter>
<kw name="Dictionary Should Contain Key" owner="Collections">
<arg>${json_data['results'][0]}</arg>
<arg>${key}</arg>
<doc>Fails if ``key`` is not found from ``dictionary``.</doc>
<status status="PASS" start="2024-07-21T07:13:02.285291" elapsed="0.000422"/>
</kw>
<kw name="Log" owner="BuiltIn">
<msg time="2024-07-21T07:13:02.286389" level="INFO">{'gender': 'male', 'name': {'title': 'Mr', 'first': 'Roy', 'last': 'Hicks'}, 'location': {'street': {'number': 8658, 'name': 'South Street'}, 'city': 'Exeter', 'state': 'County Antrim', 'country': 'United Kingdom', 'postcode': 'CK12 0QY', 'coordinates': {'latitude': '-7.6404', 'longitude': '-0.7207'}, 'timezone': {'offset': '+10:00', 'description': 'Eastern Australia, Guam, Vladivostok'}}, 'email': 'roy.hicks@example.com', 'login': {'uuid': 'd6fdb525-a530-469c-8c1f-7d3083a614b5', 'username': 'beautifulwolf519', 'password': 'ryan', 'salt': 'MuoczLVq', 'md5': '3bd3f454ff401022d2e9491c54e874ec', 'sha1': 'a814c87180389dec8fb036c112098f990091a592', 'sha256': '07d6bac5efbd65493d7e97daed63de9506dd47a997ff08052cf682aa33c5342d'}, 'dob': {'date': '1991-03-19T21:29:46.323Z', 'age': 33}, 'registered': {'date': '2006-12-04T01:59:49.209Z', 'age': 17}, 'phone': '026 8286 3694', 'cell': '07495 328487', 'id': {'name': 'NINO', 'value': 'GT 02 02 06 A'}, 'picture': {'large': 'https://randomuser.me/api/portraits/men/1.jpg', 'medium': 'https://randomuser.me/api/portraits/med/men/1.jpg', 'thumbnail': 'https://randomuser.me/api/portraits/thumb/men/1.jpg'}, 'nat': 'GB'}</msg>
<arg>${json_data['results'][0]}</arg>
<doc>Logs the given message with the given level.</doc>
<status status="PASS" start="2024-07-21T07:13:02.286040" elapsed="0.000397"/>
</kw>
<kw name="Log" owner="BuiltIn">
<msg time="2024-07-21T07:13:02.286865" level="INFO">email</msg>
<arg>${key}</arg>
<doc>Logs the given message with the given level.</doc>
<status status="PASS" start="2024-07-21T07:13:02.286739" elapsed="0.000165"/>
</kw>
<var name="${key}">email</var>
<status status="PASS" start="2024-07-21T07:13:02.285185" elapsed="0.001931"/>
</iter>
<iter>
<kw name="Dictionary Should Contain Key" owner="Collections">
<arg>${json_data['results'][0]}</arg>
<arg>${key}</arg>
<doc>Fails if ``key`` is not found from ``dictionary``.</doc>
<status status="PASS" start="2024-07-21T07:13:02.287400" elapsed="0.000379"/>
</kw>
<kw name="Log" owner="BuiltIn">
<msg time="2024-07-21T07:13:02.288316" level="INFO">{'gender': 'male', 'name': {'title': 'Mr', 'first': 'Roy', 'last': 'Hicks'}, 'location': {'street': {'number': 8658, 'name': 'South Street'}, 'city': 'Exeter', 'state': 'County Antrim', 'country': 'United Kingdom', 'postcode': 'CK12 0QY', 'coordinates': {'latitude': '-7.6404', 'longitude': '-0.7207'}, 'timezone': {'offset': '+10:00', 'description': 'Eastern Australia, Guam, Vladivostok'}}, 'email': 'roy.hicks@example.com', 'login': {'uuid': 'd6fdb525-a530-469c-8c1f-7d3083a614b5', 'username': 'beautifulwolf519', 'password': 'ryan', 'salt': 'MuoczLVq', 'md5': '3bd3f454ff401022d2e9491c54e874ec', 'sha1': 'a814c87180389dec8fb036c112098f990091a592', 'sha256': '07d6bac5efbd65493d7e97daed63de9506dd47a997ff08052cf682aa33c5342d'}, 'dob': {'date': '1991-03-19T21:29:46.323Z', 'age': 33}, 'registered': {'date': '2006-12-04T01:59:49.209Z', 'age': 17}, 'phone': '026 8286 3694', 'cell': '07495 328487', 'id': {'name': 'NINO', 'value': 'GT 02 02 06 A'}, 'picture': {'large': 'https://randomuser.me/api/portraits/men/1.jpg', 'medium': 'https://randomuser.me/api/portraits/med/men/1.jpg', 'thumbnail': 'https://randomuser.me/api/portraits/thumb/men/1.jpg'}, 'nat': 'GB'}</msg>
<arg>${json_data['results'][0]}</arg>
<doc>Logs the given message with the given level.</doc>
<status status="PASS" start="2024-07-21T07:13:02.287960" elapsed="0.000405"/>
</kw>
<kw name="Log" owner="BuiltIn">
<msg time="2024-07-21T07:13:02.288782" level="INFO">login</msg>
<arg>${key}</arg>
<doc>Logs the given message with the given level.</doc>
<status status="PASS" start="2024-07-21T07:13:02.288656" elapsed="0.000165"/>
</kw>
<var name="${key}">login</var>
<status status="PASS" start="2024-07-21T07:13:02.287291" elapsed="0.001752"/>
</iter>
<var>${key}</var>
<value>@{expected_keys}</value>
<status status="PASS" start="2024-07-21T07:13:02.278983" elapsed="0.010180"/>
</for>
<kw name="Create List" owner="BuiltIn">
<msg time="2024-07-21T07:13:02.289494" level="INFO">${expected_keysTwo} = ['username', 'password']</msg>
<var>${expected_keysTwo}</var>
<arg>username</arg>
<arg>password</arg>
<doc>Returns a list containing given items.</doc>
<status status="PASS" start="2024-07-21T07:13:02.289358" elapsed="0.000189"/>
</kw>
<for flavor="IN">
<iter>
<kw name="Dictionary Should Contain Key" owner="Collections">
<arg>${json_data['results'][0]['login']}</arg>
<arg>${keyTwo}</arg>
<doc>Fails if ``key`` is not found from ``dictionary``.</doc>
<status status="PASS" start="2024-07-21T07:13:02.290092" elapsed="0.000393"/>
</kw>
<kw name="Dictionary Should Contain Key" owner="Collections">
<arg>${json_data['results'][0]['login']}</arg>
<arg>${keyTwo}</arg>
<doc>Fails if ``key`` is not found from ``dictionary``.</doc>
<status status="PASS" start="2024-07-21T07:13:02.290669" elapsed="0.000378"/>
</kw>
<kw name="Log" owner="BuiltIn">
<msg time="2024-07-21T07:13:02.291344" level="INFO">username</msg>
<arg>${keyTwo}</arg>
<doc>Logs the given message with the given level.</doc>
<status status="PASS" start="2024-07-21T07:13:02.291225" elapsed="0.000156"/>
</kw>
<var name="${keyTwo}">username</var>
<status status="PASS" start="2024-07-21T07:13:02.289985" elapsed="0.001614"/>
</iter>
<iter>
<kw name="Dictionary Should Contain Key" owner="Collections">
<arg>${json_data['results'][0]['login']}</arg>
<arg>${keyTwo}</arg>
<doc>Fails if ``key`` is not found from ``dictionary``.</doc>
<status status="PASS" start="2024-07-21T07:13:02.291878" elapsed="0.000382"/>
</kw>
<kw name="Dictionary Should Contain Key" owner="Collections">
<arg>${json_data['results'][0]['login']}</arg>
<arg>${keyTwo}</arg>
<doc>Fails if ``key`` is not found from ``dictionary``.</doc>
<status status="PASS" start="2024-07-21T07:13:02.292438" elapsed="0.000366"/>
</kw>
<kw name="Log" owner="BuiltIn">
<msg time="2024-07-21T07:13:02.293104" level="INFO">password</msg>
<arg>${keyTwo}</arg>
<doc>Logs the given message with the given level.</doc>
<status status="PASS" start="2024-07-21T07:13:02.292976" elapsed="0.000168"/>
</kw>
<var name="${keyTwo}">password</var>
<status status="PASS" start="2024-07-21T07:13:02.291769" elapsed="0.001597"/>
</iter>
<var>${keyTwo}</var>
<value>@{expected_keysTwo}</value>
<status status="PASS" start="2024-07-21T07:13:02.289828" elapsed="0.003656"/>
</for>
<status status="PASS" start="2024-07-21T07:13:02.195550" elapsed="0.098106"/>
</kw>
<doc>Testa a estrutura da resposta da API.</doc>
<tag>testeEstruturaResposta</tag>
<status status="PASS" start="2024-07-21T07:13:02.195053" elapsed="0.098765"/>
</test>
<test id="s1-s1-t4" name="Validar tipos de dados" line="28">
<kw name="Teste de Tipos de Dados" owner="random-user-service">
<kw name="GET On Session" owner="RequestsLibrary">
<msg time="2024-07-21T07:13:02.376722" level="INFO">GET Request : url=https://randomuser.me/api 
 path_url=/api 
 headers={'User-Agent': 'python-requests/2.32.3', 'Accept-Encoding': 'gzip, deflate', 'Accept': '*/*', 'Connection': 'keep-alive'} 
 body=None 
 </msg>
<msg time="2024-07-21T07:13:02.376825" level="INFO">GET Response : url=https://randomuser.me/api 
 status=200, reason=OK 
 headers={'Date': 'Sun, 21 Jul 2024 07:13:02 GMT', 'Content-Type': 'application/json; charset=utf-8', 'Transfer-Encoding': 'chunked', 'Connection': 'keep-alive', 'X-Powered-By': 'Express', 'Access-Control-Allow-Origin': '*', 'Cache-Control': 'no-cache', 'ETag': 'W/"496-7LNbI1W3vDxWSdA95pourxvsssE"', 'Vary': 'Accept-Encoding', 'Content-Encoding': 'gzip', 'CF-Cache-Status': 'DYNAMIC', 'Report-To': '{"endpoints":[{"url":"https:\\/\\/a.nel.cloudflare.com\\/report\\/v4?s=x0ddzvhG6w9bXWSBsrjPqNgXi59%2B4h82a8pmpw5nM9tCr45DOr2RclERI0F%2F20CU4aZE4R3RPZiMdbWvtaLNppEpQn5u%2BLK8ODzLKuSMBt2wDrOJbt4nUlMPpUcC570w"}],"group":"cf-nel","max_age":604800}', 'NEL': '{"success_fraction":0,"report_to":"cf-nel","max_age":604800}', 'Server': 'cloudflare', 'CF-RAY': '8a6962d56f6707b5-IAD', 'alt-svc': 'h3=":443"; ma=86400'} 
 body={"results":[{"gender":"male","name":{"title":"Mr","first":"Javier","last":"Espinoza"},"location":{"street":{"number":6523,"name":"Calzada Hidalgo"},"city":"Soto La Marina","state":"Campeche","country":"Mexico","postcode":49351,"coordinates":{"latitude":"29.3054","longitude":"-153.1335"},"timezone":{"offset":"-11:00","description":"Midway Island, Samoa"}},"email":"javier.espinoza@example.com","login":{"uuid":"750a4d16-d074-4d96-b2da-852c11daf0cd","username":"smallostrich571","password":"broncos1","salt":"YbCr1Ly0","md5":"6933b2403fd4957b7ddcf398ece0e7da","sha1":"18e28d307acd2f4beb2e66f8d6d2d6df55b5846c","sha256":"fd45208414978339cd32ba6622296bcec80e05c75a0762e433a68220ecf68c7c"},"dob":{"date":"1963-03-12T08:33:45.770Z","age":61},"registered":{"date":"2005-12-05T12:58:54.581Z","age":18},"phone":"(600) 869 0784","cell":"(690) 755 1438","id":{"name":"NSS","value":"55 74 09 6757 8"},"picture":{"large":"https://randomuser.me/api/portraits/men/77.jpg","medium":"https://randomuser.me/api/portraits/med/men/77.jpg","thumbnail":"https://randomuser.me/api/portraits/thumb/men/77.jpg"},"nat":"MX"}],"info":{"seed":"16c964528781d6e8","results":1,"page":1,"version":"1.4"}} 
 </msg>
<msg time="2024-07-21T07:13:02.376894" level="INFO">/opt/hostedtoolcache/Python/3.12.4/x64/lib/python3.12/site-packages/urllib3/connectionpool.py:1099: InsecureRequestWarning: Unverified HTTPS request is being made to host 'randomuser.me'. Adding certificate verification is strongly advised. See: https://urllib3.readthedocs.io/en/latest/advanced-usage.html#tls-warnings
  warnings.warn(</msg>
<msg time="2024-07-21T07:13:02.377014" level="INFO">${response} = &lt;Response [200]&gt;</msg>
<var>${response}</var>
<arg>consultarAPI</arg>
<arg>/api</arg>
<doc>Sends a GET request on a previously created HTTP Session.</doc>
<status status="PASS" start="2024-07-21T07:13:02.296340" elapsed="0.080702"/>
</kw>
<kw name="Set Variable" owner="BuiltIn">
<msg time="2024-07-21T07:13:02.378179" level="INFO">${json_data} = {'results': [{'gender': 'male', 'name': {'title': 'Mr', 'first': 'Javier', 'last': 'Espinoza'}, 'location': {'street': {'number': 6523, 'name': 'Calzada Hidalgo'}, 'city': 'Soto La Marina', 'state': '...</msg>
<var>${json_data}</var>
<arg>${response.json()}</arg>
<doc>Returns the given values which can then be assigned to a variables.</doc>
<status status="PASS" start="2024-07-21T07:13:02.377639" elapsed="0.000569"/>
</kw>
<kw name="Log" owner="BuiltIn">
<msg time="2024-07-21T07:13:02.378732" level="INFO">{'results': [{'gender': 'male', 'name': {'title': 'Mr', 'first': 'Javier', 'last': 'Espinoza'}, 'location': {'street': {'number': 6523, 'name': 'Calzada Hidalgo'}, 'city': 'Soto La Marina', 'state': 'Campeche', 'country': 'Mexico', 'postcode': 49351, 'coordinates': {'latitude': '29.3054', 'longitude': '-153.1335'}, 'timezone': {'offset': '-11:00', 'description': 'Midway Island, Samoa'}}, 'email': 'javier.espinoza@example.com', 'login': {'uuid': '750a4d16-d074-4d96-b2da-852c11daf0cd', 'username': 'smallostrich571', 'password': 'broncos1', 'salt': 'YbCr1Ly0', 'md5': '6933b2403fd4957b7ddcf398ece0e7da', 'sha1': '18e28d307acd2f4beb2e66f8d6d2d6df55b5846c', 'sha256': 'fd45208414978339cd32ba6622296bcec80e05c75a0762e433a68220ecf68c7c'}, 'dob': {'date': '1963-03-12T08:33:45.770Z', 'age': 61}, 'registered': {'date': '2005-12-05T12:58:54.581Z', 'age': 18}, 'phone': '(600) 869 0784', 'cell': '(690) 755 1438', 'id': {'name': 'NSS', 'value': '55 74 09 6757 8'}, 'picture': {'large': 'https://randomuser.me/api/portraits/men/77.jpg', 'medium': 'https://randomuser.me/api/portraits/med/men/77.jpg', 'thumbnail': 'https://randomuser.me/api/portraits/thumb/men/77.jpg'}, 'nat': 'MX'}], 'info': {'seed': '16c964528781d6e8', 'results': 1, 'page': 1, 'version': '1.4'}}</msg>
<arg>${json_data}</arg>
<doc>Logs the given message with the given level.</doc>
<status status="PASS" start="2024-07-21T07:13:02.378564" elapsed="0.000219"/>
</kw>
<kw name="Should Be String" owner="String">
<arg>${json_data['results'][0]['gender']}</arg>
<doc>Fails if the given ``item`` is not a string.</doc>
<status status="PASS" start="2024-07-21T07:13:02.379086" elapsed="0.000382"/>
</kw>
<kw name="Should Match Regexp" owner="BuiltIn">
<arg>${json_data['results'][0]['email']}</arg>
<arg>^[a-zA-Z0-9._%+-]+@[a-zA-Z0-9.-]+\.[a-zA-Z]{2,}$</arg>
<doc>Fails if ``string`` does not match ``pattern`` as a regular expression.</doc>
<status status="PASS" start="2024-07-21T07:13:02.379664" elapsed="0.000568"/>
</kw>
<kw name="Should Match Regexp" owner="BuiltIn">
<arg>${json_data['results'][0]['dob']['date']}</arg>
<arg>\\d{4}-\\d{2}-\\d{2}T\\d{2}:\\d{2}:\\d{2}\\.\\d{3}Z</arg>
<doc>Fails if ``string`` does not match ``pattern`` as a regular expression.</doc>
<status status="PASS" start="2024-07-21T07:13:02.380433" elapsed="0.000660"/>
</kw>
<kw name="Should Match Regexp" owner="BuiltIn">
<arg>${json_data['results'][0]['registered']['date']}</arg>
<arg>\\d{4}-\\d{2}-\\d{2}T\\d{2}:\\d{2}:\\d{2}\\.\\d{3}Z</arg>
<doc>Fails if ``string`` does not match ``pattern`` as a regular expression.</doc>
<status status="PASS" start="2024-07-21T07:13:02.381291" elapsed="0.000411"/>
</kw>
<kw name="Should Match Regexp" owner="BuiltIn">
<arg>${json_data['results'][0]['picture']['large']}</arg>
<arg>^https?://.*\.(?:png|jpe?g|gif|bmp)$</arg>
<doc>Fails if ``string`` does not match ``pattern`` as a regular expression.</doc>
<status status="PASS" start="2024-07-21T07:13:02.381897" elapsed="0.000472"/>
</kw>
<kw name="Should Match Regexp" owner="BuiltIn">
<arg>${json_data['results'][0]['picture']['medium']}</arg>
<arg>^https?://.*\.(?:png|jpe?g|gif|bmp)$</arg>
<doc>Fails if ``string`` does not match ``pattern`` as a regular expression.</doc>
<status status="PASS" start="2024-07-21T07:13:02.382562" elapsed="0.000359"/>
</kw>
<kw name="Should Match Regexp" owner="BuiltIn">
<arg>${json_data['results'][0]['picture']['thumbnail']}</arg>
<arg>^https?://.*\.(?:png|jpe?g|gif|bmp)$</arg>
<doc>Fails if ``string`` does not match ``pattern`` as a regular expression.</doc>
<status status="PASS" start="2024-07-21T07:13:02.383109" elapsed="0.000351"/>
</kw>
<kw name="Log" owner="BuiltIn">
<msg time="2024-07-21T07:13:02.383970" level="INFO">{'large': 'https://randomuser.me/api/portraits/men/77.jpg', 'medium': 'https://randomuser.me/api/portraits/med/men/77.jpg', 'thumbnail': 'https://randomuser.me/api/portraits/thumb/men/77.jpg'}</msg>
<arg>${json_data['results'][0]['picture']}</arg>
<doc>Logs the given message with the given level.</doc>
<status status="PASS" start="2024-07-21T07:13:02.383643" elapsed="0.000369"/>
</kw>
<status status="PASS" start="2024-07-21T07:13:02.296095" elapsed="0.088185"/>
</kw>
<kw name="Teste de Tipos de Dados - Postcode" owner="random-user-service">
<kw name="GET On Session" owner="RequestsLibrary">
<msg time="2024-07-21T07:13:02.496087" level="INFO">GET Request : url=https://randomuser.me/api 
 path_url=/api 
 headers={'User-Agent': 'python-requests/2.32.3', 'Accept-Encoding': 'gzip, deflate', 'Accept': '*/*', 'Connection': 'keep-alive'} 
 body=None 
 </msg>
<msg time="2024-07-21T07:13:02.496194" level="INFO">GET Response : url=https://randomuser.me/api 
 status=200, reason=OK 
 headers={'Date': 'Sun, 21 Jul 2024 07:13:02 GMT', 'Content-Type': 'application/json; charset=utf-8', 'Transfer-Encoding': 'chunked', 'Connection': 'keep-alive', 'X-Powered-By': 'Express', 'Access-Control-Allow-Origin': '*', 'Cache-Control': 'no-cache', 'ETag': 'W/"486-VAV1rJ2x8QK/78qQ3WUH0kMJE58"', 'Vary': 'Accept-Encoding', 'Content-Encoding': 'gzip', 'CF-Cache-Status': 'DYNAMIC', 'Report-To': '{"endpoints":[{"url":"https:\\/\\/a.nel.cloudflare.com\\/report\\/v4?s=91JfJj0N%2FBZzz2Ovca1VW%2FM%2Bsgxm1tJ33Hhr49D3%2F2JSI1L4nizw3qlG1v1dedk6nlgwlpY%2FixqU1d%2BcxI1tb3tO0ybLEESB%2FB2qiCeLOH8e%2Bu0afdqzs%2Bi%2BBHZaD8kW"}],"group":"cf-nel","max_age":604800}', 'NEL': '{"success_fraction":0,"report_to":"cf-nel","max_age":604800}', 'Server': 'cloudflare', 'CF-RAY': '8a6962d5ffd907b5-IAD', 'alt-svc': 'h3=":443"; ma=86400'} 
 body={"results":[{"gender":"female","name":{"title":"Mrs","first":"Begüm","last":"Kunter"},"location":{"street":{"number":3398,"name":"Necatibey Cd"},"city":"Kayseri","state":"Hatay","country":"Turkey","postcode":66093,"coordinates":{"latitude":"72.4222","longitude":"0.4698"},"timezone":{"offset":"+5:00","description":"Ekaterinburg, Islamabad, Karachi, Tashkent"}},"email":"begum.kunter@example.com","login":{"uuid":"296a5876-9c16-4d9a-a2cb-5442ef9598cf","username":"sadfrog361","password":"shen","salt":"UhxYKNOk","md5":"c96f2359a5f0e639e3f2e0a19fa26b7c","sha1":"afe0deaaaf45367441ca8a29dceaa2bc29072659","sha256":"9e7da6cd63a7bbc27eb27b6232752d5b14708f32e8321a00b53553919bc67caa"},"dob":{"date":"1960-12-29T21:45:57.301Z","age":63},"registered":{"date":"2005-08-14T18:15:48.117Z","age":18},"phone":"(953)-558-9797","cell":"(583)-038-9089","id":{"name":"","value":null},"picture":{"large":"https://randomuser.me/api/portraits/women/90.jpg","medium":"https://randomuser.me/api/portraits/med/women/90.jpg","thumbnail":"https://randomuser.me/api/portraits/thumb/women/90.jpg"},"nat":"TR"}],"info":{"seed":"6d906cfc37a80fb5","results":1,"page":1,"version":"1.4"}} 
 </msg>
<msg time="2024-07-21T07:13:02.496268" level="INFO">/opt/hostedtoolcache/Python/3.12.4/x64/lib/python3.12/site-packages/urllib3/connectionpool.py:1099: InsecureRequestWarning: Unverified HTTPS request is being made to host 'randomuser.me'. Adding certificate verification is strongly advised. See: https://urllib3.readthedocs.io/en/latest/advanced-usage.html#tls-warnings
  warnings.warn(</msg>
<msg time="2024-07-21T07:13:02.496393" level="INFO">${response} = &lt;Response [200]&gt;</msg>
<var>${response}</var>
<arg>consultarAPI</arg>
<arg>/api</arg>
<doc>Sends a GET request on a previously created HTTP Session.</doc>
<status status="PASS" start="2024-07-21T07:13:02.384742" elapsed="0.111679"/>
</kw>
<kw name="Set Variable" owner="BuiltIn">
<msg time="2024-07-21T07:13:02.497648" level="INFO">${json_data} = {'results': [{'gender': 'female', 'name': {'title': 'Mrs', 'first': 'Begüm', 'last': 'Kunter'}, 'location': {'street': {'number': 3398, 'name': 'Necatibey Cd'}, 'city': 'Kayseri', 'state': 'Hatay', 'c...</msg>
<var>${json_data}</var>
<arg>${response.json()}</arg>
<doc>Returns the given values which can then be assigned to a variables.</doc>
<status status="PASS" start="2024-07-21T07:13:02.497015" elapsed="0.000674"/>
</kw>
<kw name="Log" owner="BuiltIn">
<msg time="2024-07-21T07:13:02.498322" level="INFO">{'results': [{'gender': 'female', 'name': {'title': 'Mrs', 'first': 'Begüm', 'last': 'Kunter'}, 'location': {'street': {'number': 3398, 'name': 'Necatibey Cd'}, 'city': 'Kayseri', 'state': 'Hatay', 'country': 'Turkey', 'postcode': 66093, 'coordinates': {'latitude': '72.4222', 'longitude': '0.4698'}, 'timezone': {'offset': '+5:00', 'description': 'Ekaterinburg, Islamabad, Karachi, Tashkent'}}, 'email': 'begum.kunter@example.com', 'login': {'uuid': '296a5876-9c16-4d9a-a2cb-5442ef9598cf', 'username': 'sadfrog361', 'password': 'shen', 'salt': 'UhxYKNOk', 'md5': 'c96f2359a5f0e639e3f2e0a19fa26b7c', 'sha1': 'afe0deaaaf45367441ca8a29dceaa2bc29072659', 'sha256': '9e7da6cd63a7bbc27eb27b6232752d5b14708f32e8321a00b53553919bc67caa'}, 'dob': {'date': '1960-12-29T21:45:57.301Z', 'age': 63}, 'registered': {'date': '2005-08-14T18:15:48.117Z', 'age': 18}, 'phone': '(953)-558-9797', 'cell': '(583)-038-9089', 'id': {'name': '', 'value': None}, 'picture': {'large': 'https://randomuser.me/api/portraits/women/90.jpg', 'medium': 'https://randomuser.me/api/portraits/med/women/90.jpg', 'thumbnail': 'https://randomuser.me/api/portraits/thumb/women/90.jpg'}, 'nat': 'TR'}], 'info': {'seed': '6d906cfc37a80fb5', 'results': 1, 'page': 1, 'version': '1.4'}}</msg>
<arg>${json_data}</arg>
<doc>Logs the given message with the given level.</doc>
<status status="PASS" start="2024-07-21T07:13:02.498123" elapsed="0.000263"/>
</kw>
<kw name="Should Be Equal As Numbers" owner="BuiltIn">
<arg>${json_data['results'][0]['location']['postcode']}</arg>
<arg>${json_data['results'][0]['location']['postcode']}</arg>
<doc>Fails if objects are unequal after converting them to real numbers.</doc>
<status status="PASS" start="2024-07-21T07:13:02.498737" elapsed="0.000698"/>
</kw>
<kw name="Log" owner="BuiltIn">
<msg time="2024-07-21T07:13:02.500010" level="INFO">66093</msg>
<arg>${json_data['results'][0]['location']['postcode']}</arg>
<doc>Logs the given message with the given level.</doc>
<status status="PASS" start="2024-07-21T07:13:02.499651" elapsed="0.000446"/>
</kw>
<status status="PASS" start="2024-07-21T07:13:02.384511" elapsed="0.115879"/>
</kw>
<doc>Testa se os tipos de dados na resposta da API estão corretos.</doc>
<tag>testeTiposDados</tag>
<status status="PASS" start="2024-07-21T07:13:02.295580" elapsed="0.204991"/>
</test>
<test id="s1-s1-t5" name="Validar conteudo" line="35">
<kw name="Teste de Tipos de Conteudo" owner="random-user-service">
<kw name="GET On Session" owner="RequestsLibrary">
<msg time="2024-07-21T07:13:02.593147" level="INFO">GET Request : url=https://randomuser.me/api 
 path_url=/api 
 headers={'User-Agent': 'python-requests/2.32.3', 'Accept-Encoding': 'gzip, deflate', 'Accept': '*/*', 'Connection': 'keep-alive'} 
 body=None 
 </msg>
<msg time="2024-07-21T07:13:02.593246" level="INFO">GET Response : url=https://randomuser.me/api 
 status=200, reason=OK 
 headers={'Date': 'Sun, 21 Jul 2024 07:13:02 GMT', 'Content-Type': 'application/json; charset=utf-8', 'Transfer-Encoding': 'chunked', 'Connection': 'keep-alive', 'X-Powered-By': 'Express', 'Access-Control-Allow-Origin': '*', 'Cache-Control': 'no-cache', 'ETag': 'W/"4a8-Ej/fSGmDItcliH5kaOv/ySIMDcY"', 'Vary': 'Accept-Encoding', 'Content-Encoding': 'gzip', 'CF-Cache-Status': 'DYNAMIC', 'Report-To': '{"endpoints":[{"url":"https:\\/\\/a.nel.cloudflare.com\\/report\\/v4?s=w0FBES5%2F0GSyniMCLPTlNFNxvoUli5U4ZwmxakSleCfM%2B0BZ4Skp4xjjuymgge%2BCWFQE5p1elSLqkp51cQ709rhF8gqKJ7ijS46857gtYUml%2F17m%2Fumv2ObZSxky0jLR"}],"group":"cf-nel","max_age":604800}', 'NEL': '{"success_fraction":0,"report_to":"cf-nel","max_age":604800}', 'Server': 'cloudflare', 'CF-RAY': '8a6962d6a85a07b5-IAD', 'alt-svc': 'h3=":443"; ma=86400'} 
 body={"results":[{"gender":"male","name":{"title":"Mr","first":"Flenn","last":"Williamson"},"location":{"street":{"number":5657,"name":"Highfield Road"},"city":"Aberdeen","state":"Lancashire","country":"United Kingdom","postcode":"JO9J 4LW","coordinates":{"latitude":"-10.9645","longitude":"-89.7417"},"timezone":{"offset":"+9:00","description":"Tokyo, Seoul, Osaka, Sapporo, Yakutsk"}},"email":"flenn.williamson@example.com","login":{"uuid":"5fe94091-c5a4-4975-952d-6d3d448e04b0","username":"bigswan491","password":"elwood","salt":"WwPsMCu1","md5":"f62286935cf97b6f321c91ca8aa5982c","sha1":"7e1edc9fc7a2c5311f6d890976f9024b199a90f5","sha256":"e1d13daa2d3203d7dcafc3edb3ec767eb15247f915f9812a41ce87f37c4ec4d6"},"dob":{"date":"1991-11-30T03:47:18.813Z","age":32},"registered":{"date":"2006-08-30T15:12:18.590Z","age":17},"phone":"0113134 257 8641","cell":"07737 295010","id":{"name":"NINO","value":"AJ 82 40 46 Q"},"picture":{"large":"https://randomuser.me/api/portraits/men/84.jpg","medium":"https://randomuser.me/api/portraits/med/men/84.jpg","thumbnail":"https://randomuser.me/api/portraits/thumb/men/84.jpg"},"nat":"GB"}],"info":{"seed":"8e0e506f661cccc3","results":1,"page":1,"version":"1.4"}} 
 </msg>
<msg time="2024-07-21T07:13:02.593316" level="INFO">/opt/hostedtoolcache/Python/3.12.4/x64/lib/python3.12/site-packages/urllib3/connectionpool.py:1099: InsecureRequestWarning: Unverified HTTPS request is being made to host 'randomuser.me'. Adding certificate verification is strongly advised. See: https://urllib3.readthedocs.io/en/latest/advanced-usage.html#tls-warnings
  warnings.warn(</msg>
<msg time="2024-07-21T07:13:02.593447" level="INFO">${response} = &lt;Response [200]&gt;</msg>
<var>${response}</var>
<arg>consultarAPI</arg>
<arg>/api</arg>
<doc>Sends a GET request on a previously created HTTP Session.</doc>
<status status="PASS" start="2024-07-21T07:13:02.503127" elapsed="0.090362"/>
</kw>
<kw name="Set Variable" owner="BuiltIn">
<msg time="2024-07-21T07:13:02.594558" level="INFO">${json_data} = {'results': [{'gender': 'male', 'name': {'title': 'Mr', 'first': 'Flenn', 'last': 'Williamson'}, 'location': {'street': {'number': 5657, 'name': 'Highfield Road'}, 'city': 'Aberdeen', 'state': 'Lancas...</msg>
<var>${json_data}</var>
<arg>${response.json()}</arg>
<doc>Returns the given values which can then be assigned to a variables.</doc>
<status status="PASS" start="2024-07-21T07:13:02.594038" elapsed="0.000550"/>
</kw>
<kw name="Set Variable" owner="BuiltIn">
<msg time="2024-07-21T07:13:02.595287" level="INFO">${name_title} = Mr</msg>
<var>${name_title}</var>
<arg>${json_data["results"][0]["name"]["title"]}</arg>
<doc>Returns the given values which can then be assigned to a variables.</doc>
<status status="PASS" start="2024-07-21T07:13:02.594901" elapsed="0.000412"/>
</kw>
<kw name="Create List" owner="BuiltIn">
<msg time="2024-07-21T07:13:02.595762" level="INFO">${allowed_titles} = ['Mr', 'Ms', 'Miss', 'Mrs', 'Madame', 'Monsieur']</msg>
<var>${allowed_titles}</var>
<arg>Mr</arg>
<arg>Ms</arg>
<arg>Miss</arg>
<arg>Mrs</arg>
<arg>Madame</arg>
<arg>Monsieur</arg>
<doc>Returns a list containing given items.</doc>
<status status="PASS" start="2024-07-21T07:13:02.595612" elapsed="0.000175"/>
</kw>
<kw name="List Should Contain Value" owner="Collections">
<arg>${allowed_titles}</arg>
<arg>${name_title}</arg>
<doc>Fails if the ``value`` is not found from ``list``.</doc>
<status status="PASS" start="2024-07-21T07:13:02.596086" elapsed="0.000183"/>
</kw>
<kw name="Set Variable" owner="BuiltIn">
<msg time="2024-07-21T07:13:02.596823" level="INFO">${name_country} = GB</msg>
<var>${name_country}</var>
<arg>${json_data["results"][0]["nat"]}</arg>
<doc>Returns the given values which can then be assigned to a variables.</doc>
<status status="PASS" start="2024-07-21T07:13:02.596450" elapsed="0.000398"/>
</kw>
<kw name="Create List" owner="BuiltIn">
<msg time="2024-07-21T07:13:02.597765" level="INFO">${list_country} = ['AD', 'AE', 'AF', 'AG', 'AI', 'AL', 'AM', 'AO', 'AQ', 'AR', 'AS', 'AT', 'AU', 'AW', 'AX', 'AZ', 'BA', 'BB', 'BD', 'BE', 'BF', 'BG', 'BH', 'BI', 'BJ', 'BL', 'BM', 'BN', 'BO', 'BQ', 'BR', 'BS', 'BT', '...</msg>
<var>${list_country}</var>
<arg>AD</arg>
<arg>AE</arg>
<arg>AF</arg>
<arg>AG</arg>
<arg>AI</arg>
<arg>AL</arg>
<arg>AM</arg>
<arg>AO</arg>
<arg>AQ</arg>
<arg>AR</arg>
<arg>AS</arg>
<arg>AT</arg>
<arg>AU</arg>
<arg>AW</arg>
<arg>AX</arg>
<arg>AZ</arg>
<arg>BA</arg>
<arg>BB</arg>
<arg>BD</arg>
<arg>BE</arg>
<arg>BF</arg>
<arg>BG</arg>
<arg>BH</arg>
<arg>BI</arg>
<arg>BJ</arg>
<arg>BL</arg>
<arg>BM</arg>
<arg>BN</arg>
<arg>BO</arg>
<arg>BQ</arg>
<arg>BR</arg>
<arg>BS</arg>
<arg>BT</arg>
<arg>BV</arg>
<arg>BW</arg>
<arg>BY</arg>
<arg>BZ</arg>
<arg>CA</arg>
<arg>CC</arg>
<arg>CD</arg>
<arg>CF</arg>
<arg>CG</arg>
<arg>CH</arg>
<arg>CI</arg>
<arg>CK</arg>
<arg>CL</arg>
<arg>CM</arg>
<arg>CN</arg>
<arg>CO</arg>
<arg>CR</arg>
<arg>CU</arg>
<arg>CV</arg>
<arg>CW</arg>
<arg>CX</arg>
<arg>CY</arg>
<arg>CZ</arg>
<arg>DE</arg>
<arg>DJ</arg>
<arg>DK</arg>
<arg>DM</arg>
<arg>DO</arg>
<arg>DZ</arg>
<arg>EC</arg>
<arg>EE</arg>
<arg>EG</arg>
<arg>EH</arg>
<arg>ER</arg>
<arg>ES</arg>
<arg>ET</arg>
<arg>FI</arg>
<arg>FJ</arg>
<arg>FK</arg>
<arg>FM</arg>
<arg>FO</arg>
<arg>FR</arg>
<arg>GA</arg>
<arg>GB</arg>
<arg>GD</arg>
<arg>GE</arg>
<arg>GF</arg>
<arg>GG</arg>
<arg>GH</arg>
<arg>GI</arg>
<arg>GL</arg>
<arg>GM</arg>
<arg>GN</arg>
<arg>GP</arg>
<arg>GQ</arg>
<arg>GR</arg>
<arg>GS</arg>
<arg>GT</arg>
<arg>GU</arg>
<arg>GW</arg>
<arg>GY</arg>
<arg>HK</arg>
<arg>HM</arg>
<arg>HN</arg>
<arg>HR</arg>
<arg>HT</arg>
<arg>HU</arg>
<arg>ID</arg>
<arg>IE</arg>
<arg>IL</arg>
<arg>IM</arg>
<arg>IN</arg>
<arg>IO</arg>
<arg>IQ</arg>
<arg>IR</arg>
<arg>IS</arg>
<arg>IT</arg>
<arg>JE</arg>
<arg>JM</arg>
<arg>JO</arg>
<arg>JP</arg>
<arg>KE</arg>
<arg>KG</arg>
<arg>KH</arg>
<arg>KI</arg>
<arg>KM</arg>
<arg>KN</arg>
<arg>KP</arg>
<arg>KR</arg>
<arg>KW</arg>
<arg>KY</arg>
<arg>KZ</arg>
<arg>LA</arg>
<arg>LB</arg>
<arg>LC</arg>
<arg>LI</arg>
<arg>LK</arg>
<arg>LR</arg>
<arg>LS</arg>
<arg>LT</arg>
<arg>LU</arg>
<arg>LV</arg>
<arg>LY</arg>
<arg>MA</arg>
<arg>MC</arg>
<arg>MD</arg>
<arg>ME</arg>
<arg>MF</arg>
<arg>MG</arg>
<arg>MH</arg>
<arg>MK</arg>
<arg>ML</arg>
<arg>MM</arg>
<arg>MN</arg>
<arg>MO</arg>
<arg>MP</arg>
<arg>MQ</arg>
<arg>MR</arg>
<arg>MS</arg>
<arg>MT</arg>
<arg>MU</arg>
<arg>MV</arg>
<arg>MW</arg>
<arg>MX</arg>
<arg>MY</arg>
<arg>MZ</arg>
<arg>NA</arg>
<arg>NC</arg>
<arg>NE</arg>
<arg>NF</arg>
<arg>NG</arg>
<arg>NI</arg>
<arg>NL</arg>
<arg>NO</arg>
<arg>NP</arg>
<arg>NR</arg>
<arg>NU</arg>
<arg>NZ</arg>
<arg>OM</arg>
<arg>PA</arg>
<arg>PE</arg>
<arg>PF</arg>
<arg>PG</arg>
<arg>PH</arg>
<arg>PK</arg>
<arg>PL</arg>
<arg>PM</arg>
<arg>PN</arg>
<arg>PR</arg>
<arg>PS</arg>
<arg>PT</arg>
<arg>PW</arg>
<arg>PY</arg>
<arg>QA</arg>
<arg>RE</arg>
<arg>RO</arg>
<arg>RS</arg>
<arg>RU</arg>
<arg>RW</arg>
<arg>SA</arg>
<arg>SB</arg>
<arg>SC</arg>
<arg>SD</arg>
<arg>SE</arg>
<arg>SG</arg>
<arg>SH</arg>
<arg>SI</arg>
<arg>SJ</arg>
<arg>SK</arg>
<arg>SL</arg>
<arg>SM</arg>
<arg>SN</arg>
<arg>SO</arg>
<arg>SR</arg>
<arg>SS</arg>
<arg>ST</arg>
<arg>SV</arg>
<arg>SX</arg>
<arg>SY</arg>
<arg>SZ</arg>
<arg>TC</arg>
<arg>TD</arg>
<arg>TF</arg>
<arg>TG</arg>
<arg>TH</arg>
<arg>TJ</arg>
<arg>TK</arg>
<arg>TL</arg>
<arg>TM</arg>
<arg>TN</arg>
<arg>TO</arg>
<arg>TR</arg>
<arg>TT</arg>
<arg>TV</arg>
<arg>TW</arg>
<arg>TZ</arg>
<arg>UA</arg>
<arg>UG</arg>
<arg>UM</arg>
<arg>US</arg>
<arg>UY</arg>
<arg>UZ</arg>
<arg>VA</arg>
<arg>VC</arg>
<arg>VE</arg>
<arg>VG</arg>
<arg>VI</arg>
<arg>VN</arg>
<arg>VU</arg>
<arg>WF</arg>
<arg>WS</arg>
<arg>XK</arg>
<arg>YE</arg>
<arg>YT</arg>
<arg>ZA</arg>
<arg>ZM</arg>
<arg>ZW</arg>
<doc>Returns a list containing given items.</doc>
<status status="PASS" start="2024-07-21T07:13:02.597141" elapsed="0.000651"/>
</kw>
<kw name="List Should Contain Value" owner="Collections">
<arg>${list_country}</arg>
<arg>${name_country}</arg>
<doc>Fails if the ``value`` is not found from ``list``.</doc>
<status status="PASS" start="2024-07-21T07:13:02.598775" elapsed="0.000207"/>
</kw>
<kw name="Run Keyword If" owner="BuiltIn">
<kw name="Should Be True" owner="BuiltIn">
<arg>${True}</arg>
<doc>Fails if the given condition is not true.</doc>
<status status="PASS" start="2024-07-21T07:13:02.599950" elapsed="0.000141"/>
</kw>
<arg>${json_data["results"][0]["location"]["coordinates"]["latitude"]} &gt;= -90 and ${json_data["results"][0]["location"]["coordinates"]["latitude"]} &lt;= 90</arg>
<arg>Should Be True</arg>
<arg>${True}</arg>
<doc>Runs the given keyword with the given arguments, if ``condition`` is true.</doc>
<status status="PASS" start="2024-07-21T07:13:02.599182" elapsed="0.001036"/>
</kw>
<kw name="Run Keyword If" owner="BuiltIn">
<kw name="Should Be True" owner="BuiltIn">
<arg>${True}</arg>
<doc>Fails if the given condition is not true.</doc>
<status status="PASS" start="2024-07-21T07:13:02.601103" elapsed="0.000136"/>
</kw>
<arg>${json_data["results"][0]["location"]["coordinates"]["longitude"]} &gt;= -180 and ${json_data["results"][0]["location"]["coordinates"]["longitude"]} &lt;= 180</arg>
<arg>Should Be True</arg>
<arg>${True}</arg>
<doc>Runs the given keyword with the given arguments, if ``condition`` is true.</doc>
<status status="PASS" start="2024-07-21T07:13:02.600405" elapsed="0.000958"/>
</kw>
<status status="PASS" start="2024-07-21T07:13:02.502882" elapsed="0.098613"/>
</kw>
<doc>Testa o conteúdo específico dos campos retornados pela API.</doc>
<tag>testeConteudo</tag>
<status status="PASS" start="2024-07-21T07:13:02.502386" elapsed="0.099299"/>
</test>
<status status="PASS" start="2024-07-21T07:13:01.696634" elapsed="0.907065"/>
</suite>
<status status="PASS" start="2024-07-21T07:13:01.681698" elapsed="0.927119"/>
</suite>
<statistics>
<total>
<stat pass="5" fail="0" skip="0">All Tests</stat>
</total>
<tag>
<stat pass="1" fail="0" skip="0">testeConteudo</stat>
<stat pass="1" fail="0" skip="0">testeEstruturaResposta</stat>
<stat pass="1" fail="0" skip="0">testeRequisicaoBasica</stat>
<stat pass="1" fail="0" skip="0">testeTiposDados</stat>
</tag>
<suite>
<stat pass="5" fail="0" skip="0" id="s1" name="Tests">Tests</stat>
<stat pass="5" fail="0" skip="0" id="s1-s1" name="Random-User-Test">Tests.Random-User-Test</stat>
</suite>
</statistics>
<errors>
</errors>
</robot>
