<?xml version="1.0" encoding="UTF-8"?>
<robot generator="Robot 7.0 (Python 3.12.3 on linux)" generated="2024-04-25T07:14:06.648914" rpa="false" schemaversion="5">
<suite id="s1" name="Tests" source="/home/runner/work/DesafioQAItauRogerioJordao/DesafioQAItauRogerioJordao/RamdonUser/tests">
<suite id="s1-s1" name="Random-User-Test" source="/home/runner/work/DesafioQAItauRogerioJordao/DesafioQAItauRogerioJordao/RamdonUser/tests/random-user-test.robot">
<test id="s1-s1-t1" name="Conectar" line="13">
<kw name="Conectar API" owner="random-user-service">
<kw name="Create Session" owner="RequestsLibrary">
<msg time="2024-04-25T07:14:07.018573" level="INFO">Creating Session using : alias=consultarAPI, url=https://randomuser.me/, headers={},                     cookies={}, auth=None, timeout=None, proxies=None, verify=False,                     debug=0 </msg>
<arg>consultarAPI</arg>
<arg>${URL}</arg>
<doc>Create Session: create a HTTP session to a server</doc>
<status status="PASS" start="2024-04-25T07:14:07.018366" elapsed="0.000393"/>
</kw>
<status status="PASS" start="2024-04-25T07:14:07.017370" elapsed="0.001757"/>
</kw>
<status status="PASS" start="2024-04-25T07:14:07.016762" elapsed="0.002560"/>
</test>
<test id="s1-s1-t2" name="Validar retorno 200 e JSON Válido" line="16">
<kw name="Teste de Requisicao Basica" owner="random-user-service">
<kw name="GET On Session" owner="RequestsLibrary">
<msg time="2024-04-25T07:14:07.262824" level="INFO">GET Request : url=https://randomuser.me/api 
 path_url=/api 
 headers={'User-Agent': 'python-requests/2.31.0', 'Accept-Encoding': 'gzip, deflate', 'Accept': '*/*', 'Connection': 'keep-alive'} 
 body=None 
 </msg>
<msg time="2024-04-25T07:14:07.262969" level="INFO">GET Response : url=https://randomuser.me/api 
 status=200, reason=OK 
 headers={'Date': 'Thu, 25 Apr 2024 07:14:07 GMT', 'Content-Type': 'application/json; charset=utf-8', 'Transfer-Encoding': 'chunked', 'Connection': 'keep-alive', 'X-Powered-By': 'Express', 'Access-Control-Allow-Origin': '*', 'Cache-Control': 'no-cache', 'ETag': 'W/"49f-D/u9+wU5iNdfhZyTQPVbpSXvbi4"', 'Vary': 'Accept-Encoding', 'Content-Encoding': 'gzip', 'CF-Cache-Status': 'DYNAMIC', 'Report-To': '{"endpoints":[{"url":"https:\\/\\/a.nel.cloudflare.com\\/report\\/v4?s=yjvm%2FoGKqf44%2FwHHd0r46C9zTyt6jvM5SmNaOAEkcP4QwygJWBbkdGFuvhRDVda37oxWWnlzS2%2BE2241WLtulhzc91vL2zzZ%2ButnfoXXJyizDGinU%2BNlX1zvAP6F7qlH"}],"group":"cf-nel","max_age":604800}', 'NEL': '{"success_fraction":0,"report_to":"cf-nel","max_age":604800}', 'Server': 'cloudflare', 'CF-RAY': '879c88ca0b83068c-IAD', 'alt-svc': 'h3=":443"; ma=86400'} 
 body={"results":[{"gender":"female","name":{"title":"Mademoiselle","first":"Morena","last":"Simon"},"location":{"street":{"number":8679,"name":"Rue du 8 Mai 1945"},"city":"Gams","state":"Luzern","country":"Switzerland","postcode":9770,"coordinates":{"latitude":"-56.6414","longitude":"79.2209"},"timezone":{"offset":"-3:00","description":"Brazil, Buenos Aires, Georgetown"}},"email":"morena.simon@example.com","login":{"uuid":"bfb5dc56-b8a3-4f84-8e13-b63df3f7a31b","username":"brownpanda479","password":"anita","salt":"FQn8Gss3","md5":"d018d8bf189177b4cf4c9fc04ddbe542","sha1":"ed2ae8598a91a2a90d943e3e5f5c010d7bbc3e53","sha256":"f0ec8b1d9e6f839896d352a823e1100da4b3547a49b7e4994f864212d90d069f"},"dob":{"date":"1957-06-10T13:26:31.556Z","age":66},"registered":{"date":"2019-01-26T15:23:31.266Z","age":5},"phone":"077 610 79 34","cell":"078 526 36 48","id":{"name":"AVS","value":"756.1473.8411.61"},"picture":{"large":"https://randomuser.me/api/portraits/women/96.jpg","medium":"https://randomuser.me/api/portraits/med/women/96.jpg","thumbnail":"https://randomuser.me/api/portraits/thumb/women/96.jpg"},"nat":"CH"}],"info":{"seed":"b64f394abb0c06b4","results":1,"page":1,"version":"1.4"}} 
 </msg>
<msg time="2024-04-25T07:14:07.263051" level="INFO">/opt/hostedtoolcache/Python/3.12.3/x64/lib/python3.12/site-packages/urllib3/connectionpool.py:1103: InsecureRequestWarning: Unverified HTTPS request is being made to host 'randomuser.me'. Adding certificate verification is strongly advised. See: https://urllib3.readthedocs.io/en/latest/advanced-usage.html#tls-warnings
  warnings.warn(</msg>
<msg time="2024-04-25T07:14:07.263199" level="INFO">${response} = &lt;Response [200]&gt;</msg>
<var>${response}</var>
<arg>consultarAPI</arg>
<arg>/api</arg>
<doc>Sends a GET request on a previously created HTTP Session.</doc>
<status status="PASS" start="2024-04-25T07:14:07.021992" elapsed="0.241250"/>
</kw>
<kw name="Should Be Equal As Numbers" owner="BuiltIn">
<msg time="2024-04-25T07:14:07.264359" level="INFO">Argument types are:
&lt;class 'int'&gt;
&lt;class 'str'&gt;</msg>
<arg>${response.status_code}</arg>
<arg>200</arg>
<doc>Fails if objects are unequal after converting them to real numbers.</doc>
<status status="PASS" start="2024-04-25T07:14:07.263875" elapsed="0.000553"/>
</kw>
<kw name="Log" owner="BuiltIn">
<msg time="2024-04-25T07:14:07.265212" level="INFO">200</msg>
<arg>${response.status_code}</arg>
<doc>Logs the given message with the given level.</doc>
<status status="PASS" start="2024-04-25T07:14:07.264789" elapsed="0.000468"/>
</kw>
<kw name="Set Variable" owner="BuiltIn">
<msg time="2024-04-25T07:14:07.266031" level="INFO">${json_data} = {'results': [{'gender': 'female', 'name': {'title': 'Mademoiselle', 'first': 'Morena', 'last': 'Simon'}, 'location': {'street': {'number': 8679, 'name': 'Rue du 8 Mai 1945'}, 'city': 'Gams', 'state': ...</msg>
<var>${json_data}</var>
<arg>${response.json()}</arg>
<doc>Returns the given values which can then be assigned to a variables.</doc>
<status status="PASS" start="2024-04-25T07:14:07.265576" elapsed="0.000484"/>
</kw>
<kw name="Dictionary Should Contain Key" owner="Collections">
<msg time="2024-04-25T07:14:07.266536" level="INFO">False</msg>
<arg>${json_data}</arg>
<arg>results</arg>
<doc>Fails if ``key`` is not found from ``dictionary``.</doc>
<status status="PASS" start="2024-04-25T07:14:07.266367" elapsed="0.000214"/>
</kw>
<status status="PASS" start="2024-04-25T07:14:07.021745" elapsed="0.245114"/>
</kw>
<doc>Testa se a API responde corretamente e retorna um objeto JSON válido.</doc>
<tag>testeRequisicaoBasica</tag>
<status status="PASS" start="2024-04-25T07:14:07.021260" elapsed="0.245783"/>
</test>
<test id="s1-s1-t3" name="Validar estrutura de resposta" line="22">
<kw name="Teste de Estrutura de Resposta" owner="random-user-service">
<kw name="GET On Session" owner="RequestsLibrary">
<msg time="2024-04-25T07:14:07.299206" level="INFO">GET Request : url=https://randomuser.me/api 
 path_url=/api 
 headers={'User-Agent': 'python-requests/2.31.0', 'Accept-Encoding': 'gzip, deflate', 'Accept': '*/*', 'Connection': 'keep-alive'} 
 body=None 
 </msg>
<msg time="2024-04-25T07:14:07.299298" level="INFO">GET Response : url=https://randomuser.me/api 
 status=200, reason=OK 
 headers={'Date': 'Thu, 25 Apr 2024 07:14:07 GMT', 'Content-Type': 'application/json; charset=utf-8', 'Transfer-Encoding': 'chunked', 'Connection': 'keep-alive', 'X-Powered-By': 'Express', 'Access-Control-Allow-Origin': '*', 'Cache-Control': 'no-cache', 'ETag': 'W/"49c-736MDRIkD+JPxAhyWmYUvGTKg1A"', 'Vary': 'Accept-Encoding', 'Content-Encoding': 'gzip', 'CF-Cache-Status': 'DYNAMIC', 'Report-To': '{"endpoints":[{"url":"https:\\/\\/a.nel.cloudflare.com\\/report\\/v4?s=BUwFhpig01H0oSnpzD3izcJYrs4rPEYFX4U2%2B0AZPlVan3sSgqkz1nBZMn8bgYVGHGCkBImDkl3Zt8kUY96xDTb3S8Nju4DqcWn2WZYeMG0kUwKwNGGF9e03tCD3YWY5"}],"group":"cf-nel","max_age":604800}', 'NEL': '{"success_fraction":0,"report_to":"cf-nel","max_age":604800}', 'Server': 'cloudflare', 'CF-RAY': '879c88cb7c6c068c-IAD', 'alt-svc': 'h3=":443"; ma=86400'} 
 body={"results":[{"gender":"female","name":{"title":"Miss","first":"Nuria","last":"Sanz"},"location":{"street":{"number":2320,"name":"Calle del Pez"},"city":"Torrevieja","state":"País Vasco","country":"Spain","postcode":58720,"coordinates":{"latitude":"-36.0775","longitude":"134.4375"},"timezone":{"offset":"0:00","description":"Western Europe Time, London, Lisbon, Casablanca"}},"email":"nuria.sanz@example.com","login":{"uuid":"be373cee-8e44-4ef2-85ac-52a03c1a9b05","username":"silverfrog232","password":"orchid","salt":"4rq37kHt","md5":"d97a6144bd16a65562f741c8ab5bec49","sha1":"58fbacdee7c6b12265d62b3b934c17fa15dfe080","sha256":"a743b65ea94f72c19a6f3bd002e583f81b8cd2bbb1136f3a25408f84aadb920e"},"dob":{"date":"1980-09-01T06:20:04.605Z","age":43},"registered":{"date":"2002-11-26T09:35:16.716Z","age":21},"phone":"970-666-037","cell":"660-483-486","id":{"name":"DNI","value":"56123483-W"},"picture":{"large":"https://randomuser.me/api/portraits/women/18.jpg","medium":"https://randomuser.me/api/portraits/med/women/18.jpg","thumbnail":"https://randomuser.me/api/portraits/thumb/women/18.jpg"},"nat":"ES"}],"info":{"seed":"3f0e345df44cc5c6","results":1,"page":1,"version":"1.4"}} 
 </msg>
<msg time="2024-04-25T07:14:07.299429" level="INFO">/opt/hostedtoolcache/Python/3.12.3/x64/lib/python3.12/site-packages/urllib3/connectionpool.py:1103: InsecureRequestWarning: Unverified HTTPS request is being made to host 'randomuser.me'. Adding certificate verification is strongly advised. See: https://urllib3.readthedocs.io/en/latest/advanced-usage.html#tls-warnings
  warnings.warn(</msg>
<msg time="2024-04-25T07:14:07.299543" level="INFO">${response} = &lt;Response [200]&gt;</msg>
<var>${response}</var>
<arg>consultarAPI</arg>
<arg>/api</arg>
<doc>Sends a GET request on a previously created HTTP Session.</doc>
<status status="PASS" start="2024-04-25T07:14:07.269699" elapsed="0.029888"/>
</kw>
<kw name="Set Variable" owner="BuiltIn">
<msg time="2024-04-25T07:14:07.300611" level="INFO">${json_data} = {'results': [{'gender': 'female', 'name': {'title': 'Miss', 'first': 'Nuria', 'last': 'Sanz'}, 'location': {'street': {'number': 2320, 'name': 'Calle del Pez'}, 'city': 'Torrevieja', 'state': 'País Va...</msg>
<var>${json_data}</var>
<arg>${response.json()}</arg>
<doc>Returns the given values which can then be assigned to a variables.</doc>
<status status="PASS" start="2024-04-25T07:14:07.300035" elapsed="0.000606"/>
</kw>
<kw name="Log" owner="BuiltIn">
<msg time="2024-04-25T07:14:07.301158" level="INFO">{'results': [{'gender': 'female', 'name': {'title': 'Miss', 'first': 'Nuria', 'last': 'Sanz'}, 'location': {'street': {'number': 2320, 'name': 'Calle del Pez'}, 'city': 'Torrevieja', 'state': 'País Vasco', 'country': 'Spain', 'postcode': 58720, 'coordinates': {'latitude': '-36.0775', 'longitude': '134.4375'}, 'timezone': {'offset': '0:00', 'description': 'Western Europe Time, London, Lisbon, Casablanca'}}, 'email': 'nuria.sanz@example.com', 'login': {'uuid': 'be373cee-8e44-4ef2-85ac-52a03c1a9b05', 'username': 'silverfrog232', 'password': 'orchid', 'salt': '4rq37kHt', 'md5': 'd97a6144bd16a65562f741c8ab5bec49', 'sha1': '58fbacdee7c6b12265d62b3b934c17fa15dfe080', 'sha256': 'a743b65ea94f72c19a6f3bd002e583f81b8cd2bbb1136f3a25408f84aadb920e'}, 'dob': {'date': '1980-09-01T06:20:04.605Z', 'age': 43}, 'registered': {'date': '2002-11-26T09:35:16.716Z', 'age': 21}, 'phone': '970-666-037', 'cell': '660-483-486', 'id': {'name': 'DNI', 'value': '56123483-W'}, 'picture': {'large': 'https://randomuser.me/api/portraits/women/18.jpg', 'medium': 'https://randomuser.me/api/portraits/med/women/18.jpg', 'thumbnail': 'https://randomuser.me/api/portraits/thumb/women/18.jpg'}, 'nat': 'ES'}], 'info': {'seed': '3f0e345df44cc5c6', 'results': 1, 'page': 1, 'version': '1.4'}}</msg>
<arg>${json_data}</arg>
<doc>Logs the given message with the given level.</doc>
<status status="PASS" start="2024-04-25T07:14:07.300985" elapsed="0.000223"/>
</kw>
<kw name="Dictionary Should Contain Key" owner="Collections">
<msg time="2024-04-25T07:14:07.301661" level="INFO">False</msg>
<arg>${json_data}</arg>
<arg>results</arg>
<doc>Fails if ``key`` is not found from ``dictionary``.</doc>
<status status="PASS" start="2024-04-25T07:14:07.301505" elapsed="0.000194"/>
</kw>
<kw name="Should Not Be Empty" owner="BuiltIn">
<msg time="2024-04-25T07:14:07.302133" level="INFO">Length is 2.</msg>
<arg>${json_data}</arg>
<doc>Verifies that the given item is not empty.</doc>
<status status="PASS" start="2024-04-25T07:14:07.302002" elapsed="0.000309"/>
</kw>
<kw name="Create List" owner="BuiltIn">
<msg time="2024-04-25T07:14:07.302810" level="INFO">${expected_keys} = ['gender', 'name', 'location', 'email', 'login']</msg>
<var>${expected_keys}</var>
<arg>gender</arg>
<arg>name</arg>
<arg>location</arg>
<arg>email</arg>
<arg>login</arg>
<doc>Returns a list containing given items.</doc>
<status status="PASS" start="2024-04-25T07:14:07.302655" elapsed="0.000180"/>
</kw>
<for flavor="IN">
<iter>
<kw name="Dictionary Should Contain Key" owner="Collections">
<msg time="2024-04-25T07:14:07.303833" level="INFO">False</msg>
<arg>${json_data['results'][0]}</arg>
<arg>${key}</arg>
<doc>Fails if ``key`` is not found from ``dictionary``.</doc>
<status status="PASS" start="2024-04-25T07:14:07.303426" elapsed="0.000447"/>
</kw>
<kw name="Log" owner="BuiltIn">
<msg time="2024-04-25T07:14:07.304553" level="INFO">{'gender': 'female', 'name': {'title': 'Miss', 'first': 'Nuria', 'last': 'Sanz'}, 'location': {'street': {'number': 2320, 'name': 'Calle del Pez'}, 'city': 'Torrevieja', 'state': 'País Vasco', 'country': 'Spain', 'postcode': 58720, 'coordinates': {'latitude': '-36.0775', 'longitude': '134.4375'}, 'timezone': {'offset': '0:00', 'description': 'Western Europe Time, London, Lisbon, Casablanca'}}, 'email': 'nuria.sanz@example.com', 'login': {'uuid': 'be373cee-8e44-4ef2-85ac-52a03c1a9b05', 'username': 'silverfrog232', 'password': 'orchid', 'salt': '4rq37kHt', 'md5': 'd97a6144bd16a65562f741c8ab5bec49', 'sha1': '58fbacdee7c6b12265d62b3b934c17fa15dfe080', 'sha256': 'a743b65ea94f72c19a6f3bd002e583f81b8cd2bbb1136f3a25408f84aadb920e'}, 'dob': {'date': '1980-09-01T06:20:04.605Z', 'age': 43}, 'registered': {'date': '2002-11-26T09:35:16.716Z', 'age': 21}, 'phone': '970-666-037', 'cell': '660-483-486', 'id': {'name': 'DNI', 'value': '56123483-W'}, 'picture': {'large': 'https://randomuser.me/api/portraits/women/18.jpg', 'medium': 'https://randomuser.me/api/portraits/med/women/18.jpg', 'thumbnail': 'https://randomuser.me/api/portraits/thumb/women/18.jpg'}, 'nat': 'ES'}</msg>
<arg>${json_data['results'][0]}</arg>
<doc>Logs the given message with the given level.</doc>
<status status="PASS" start="2024-04-25T07:14:07.304180" elapsed="0.000425"/>
</kw>
<kw name="Log" owner="BuiltIn">
<msg time="2024-04-25T07:14:07.305070" level="INFO">gender</msg>
<arg>${key}</arg>
<doc>Logs the given message with the given level.</doc>
<status status="PASS" start="2024-04-25T07:14:07.304902" elapsed="0.000208"/>
</kw>
<var name="${key}">gender</var>
<status status="PASS" start="2024-04-25T07:14:07.303302" elapsed="0.002030"/>
</iter>
<iter>
<kw name="Dictionary Should Contain Key" owner="Collections">
<msg time="2024-04-25T07:14:07.306029" level="INFO">False</msg>
<arg>${json_data['results'][0]}</arg>
<arg>${key}</arg>
<doc>Fails if ``key`` is not found from ``dictionary``.</doc>
<status status="PASS" start="2024-04-25T07:14:07.305637" elapsed="0.000430"/>
</kw>
<kw name="Log" owner="BuiltIn">
<msg time="2024-04-25T07:14:07.306761" level="INFO">{'gender': 'female', 'name': {'title': 'Miss', 'first': 'Nuria', 'last': 'Sanz'}, 'location': {'street': {'number': 2320, 'name': 'Calle del Pez'}, 'city': 'Torrevieja', 'state': 'País Vasco', 'country': 'Spain', 'postcode': 58720, 'coordinates': {'latitude': '-36.0775', 'longitude': '134.4375'}, 'timezone': {'offset': '0:00', 'description': 'Western Europe Time, London, Lisbon, Casablanca'}}, 'email': 'nuria.sanz@example.com', 'login': {'uuid': 'be373cee-8e44-4ef2-85ac-52a03c1a9b05', 'username': 'silverfrog232', 'password': 'orchid', 'salt': '4rq37kHt', 'md5': 'd97a6144bd16a65562f741c8ab5bec49', 'sha1': '58fbacdee7c6b12265d62b3b934c17fa15dfe080', 'sha256': 'a743b65ea94f72c19a6f3bd002e583f81b8cd2bbb1136f3a25408f84aadb920e'}, 'dob': {'date': '1980-09-01T06:20:04.605Z', 'age': 43}, 'registered': {'date': '2002-11-26T09:35:16.716Z', 'age': 21}, 'phone': '970-666-037', 'cell': '660-483-486', 'id': {'name': 'DNI', 'value': '56123483-W'}, 'picture': {'large': 'https://randomuser.me/api/portraits/women/18.jpg', 'medium': 'https://randomuser.me/api/portraits/med/women/18.jpg', 'thumbnail': 'https://randomuser.me/api/portraits/thumb/women/18.jpg'}, 'nat': 'ES'}</msg>
<arg>${json_data['results'][0]}</arg>
<doc>Logs the given message with the given level.</doc>
<status status="PASS" start="2024-04-25T07:14:07.306394" elapsed="0.000419"/>
</kw>
<kw name="Log" owner="BuiltIn">
<msg time="2024-04-25T07:14:07.307234" level="INFO">name</msg>
<arg>${key}</arg>
<doc>Logs the given message with the given level.</doc>
<status status="PASS" start="2024-04-25T07:14:07.307110" elapsed="0.000162"/>
</kw>
<var name="${key}">name</var>
<status status="PASS" start="2024-04-25T07:14:07.305522" elapsed="0.001962"/>
</iter>
<iter>
<kw name="Dictionary Should Contain Key" owner="Collections">
<msg time="2024-04-25T07:14:07.308154" level="INFO">False</msg>
<arg>${json_data['results'][0]}</arg>
<arg>${key}</arg>
<doc>Fails if ``key`` is not found from ``dictionary``.</doc>
<status status="PASS" start="2024-04-25T07:14:07.307781" elapsed="0.000411"/>
</kw>
<kw name="Log" owner="BuiltIn">
<msg time="2024-04-25T07:14:07.308860" level="INFO">{'gender': 'female', 'name': {'title': 'Miss', 'first': 'Nuria', 'last': 'Sanz'}, 'location': {'street': {'number': 2320, 'name': 'Calle del Pez'}, 'city': 'Torrevieja', 'state': 'País Vasco', 'country': 'Spain', 'postcode': 58720, 'coordinates': {'latitude': '-36.0775', 'longitude': '134.4375'}, 'timezone': {'offset': '0:00', 'description': 'Western Europe Time, London, Lisbon, Casablanca'}}, 'email': 'nuria.sanz@example.com', 'login': {'uuid': 'be373cee-8e44-4ef2-85ac-52a03c1a9b05', 'username': 'silverfrog232', 'password': 'orchid', 'salt': '4rq37kHt', 'md5': 'd97a6144bd16a65562f741c8ab5bec49', 'sha1': '58fbacdee7c6b12265d62b3b934c17fa15dfe080', 'sha256': 'a743b65ea94f72c19a6f3bd002e583f81b8cd2bbb1136f3a25408f84aadb920e'}, 'dob': {'date': '1980-09-01T06:20:04.605Z', 'age': 43}, 'registered': {'date': '2002-11-26T09:35:16.716Z', 'age': 21}, 'phone': '970-666-037', 'cell': '660-483-486', 'id': {'name': 'DNI', 'value': '56123483-W'}, 'picture': {'large': 'https://randomuser.me/api/portraits/women/18.jpg', 'medium': 'https://randomuser.me/api/portraits/med/women/18.jpg', 'thumbnail': 'https://randomuser.me/api/portraits/thumb/women/18.jpg'}, 'nat': 'ES'}</msg>
<arg>${json_data['results'][0]}</arg>
<doc>Logs the given message with the given level.</doc>
<status status="PASS" start="2024-04-25T07:14:07.308494" elapsed="0.000451"/>
</kw>
<kw name="Log" owner="BuiltIn">
<msg time="2024-04-25T07:14:07.309380" level="INFO">location</msg>
<arg>${key}</arg>
<doc>Logs the given message with the given level.</doc>
<status status="PASS" start="2024-04-25T07:14:07.309255" elapsed="0.000164"/>
</kw>
<var name="${key}">location</var>
<status status="PASS" start="2024-04-25T07:14:07.307670" elapsed="0.001963"/>
</iter>
<iter>
<kw name="Dictionary Should Contain Key" owner="Collections">
<msg time="2024-04-25T07:14:07.310307" level="INFO">False</msg>
<arg>${json_data['results'][0]}</arg>
<arg>${key}</arg>
<doc>Fails if ``key`` is not found from ``dictionary``.</doc>
<status status="PASS" start="2024-04-25T07:14:07.309918" elapsed="0.000427"/>
</kw>
<kw name="Log" owner="BuiltIn">
<msg time="2024-04-25T07:14:07.310997" level="INFO">{'gender': 'female', 'name': {'title': 'Miss', 'first': 'Nuria', 'last': 'Sanz'}, 'location': {'street': {'number': 2320, 'name': 'Calle del Pez'}, 'city': 'Torrevieja', 'state': 'País Vasco', 'country': 'Spain', 'postcode': 58720, 'coordinates': {'latitude': '-36.0775', 'longitude': '134.4375'}, 'timezone': {'offset': '0:00', 'description': 'Western Europe Time, London, Lisbon, Casablanca'}}, 'email': 'nuria.sanz@example.com', 'login': {'uuid': 'be373cee-8e44-4ef2-85ac-52a03c1a9b05', 'username': 'silverfrog232', 'password': 'orchid', 'salt': '4rq37kHt', 'md5': 'd97a6144bd16a65562f741c8ab5bec49', 'sha1': '58fbacdee7c6b12265d62b3b934c17fa15dfe080', 'sha256': 'a743b65ea94f72c19a6f3bd002e583f81b8cd2bbb1136f3a25408f84aadb920e'}, 'dob': {'date': '1980-09-01T06:20:04.605Z', 'age': 43}, 'registered': {'date': '2002-11-26T09:35:16.716Z', 'age': 21}, 'phone': '970-666-037', 'cell': '660-483-486', 'id': {'name': 'DNI', 'value': '56123483-W'}, 'picture': {'large': 'https://randomuser.me/api/portraits/women/18.jpg', 'medium': 'https://randomuser.me/api/portraits/med/women/18.jpg', 'thumbnail': 'https://randomuser.me/api/portraits/thumb/women/18.jpg'}, 'nat': 'ES'}</msg>
<arg>${json_data['results'][0]}</arg>
<doc>Logs the given message with the given level.</doc>
<status status="PASS" start="2024-04-25T07:14:07.310638" elapsed="0.000407"/>
</kw>
<kw name="Log" owner="BuiltIn">
<msg time="2024-04-25T07:14:07.311467" level="INFO">email</msg>
<arg>${key}</arg>
<doc>Logs the given message with the given level.</doc>
<status status="PASS" start="2024-04-25T07:14:07.311341" elapsed="0.000165"/>
</kw>
<var name="${key}">email</var>
<status status="PASS" start="2024-04-25T07:14:07.309807" elapsed="0.001913"/>
</iter>
<iter>
<kw name="Dictionary Should Contain Key" owner="Collections">
<msg time="2024-04-25T07:14:07.312396" level="INFO">False</msg>
<arg>${json_data['results'][0]}</arg>
<arg>${key}</arg>
<doc>Fails if ``key`` is not found from ``dictionary``.</doc>
<status status="PASS" start="2024-04-25T07:14:07.312002" elapsed="0.000437"/>
</kw>
<kw name="Log" owner="BuiltIn">
<msg time="2024-04-25T07:14:07.313144" level="INFO">{'gender': 'female', 'name': {'title': 'Miss', 'first': 'Nuria', 'last': 'Sanz'}, 'location': {'street': {'number': 2320, 'name': 'Calle del Pez'}, 'city': 'Torrevieja', 'state': 'País Vasco', 'country': 'Spain', 'postcode': 58720, 'coordinates': {'latitude': '-36.0775', 'longitude': '134.4375'}, 'timezone': {'offset': '0:00', 'description': 'Western Europe Time, London, Lisbon, Casablanca'}}, 'email': 'nuria.sanz@example.com', 'login': {'uuid': 'be373cee-8e44-4ef2-85ac-52a03c1a9b05', 'username': 'silverfrog232', 'password': 'orchid', 'salt': '4rq37kHt', 'md5': 'd97a6144bd16a65562f741c8ab5bec49', 'sha1': '58fbacdee7c6b12265d62b3b934c17fa15dfe080', 'sha256': 'a743b65ea94f72c19a6f3bd002e583f81b8cd2bbb1136f3a25408f84aadb920e'}, 'dob': {'date': '1980-09-01T06:20:04.605Z', 'age': 43}, 'registered': {'date': '2002-11-26T09:35:16.716Z', 'age': 21}, 'phone': '970-666-037', 'cell': '660-483-486', 'id': {'name': 'DNI', 'value': '56123483-W'}, 'picture': {'large': 'https://randomuser.me/api/portraits/women/18.jpg', 'medium': 'https://randomuser.me/api/portraits/med/women/18.jpg', 'thumbnail': 'https://randomuser.me/api/portraits/thumb/women/18.jpg'}, 'nat': 'ES'}</msg>
<arg>${json_data['results'][0]}</arg>
<doc>Logs the given message with the given level.</doc>
<status status="PASS" start="2024-04-25T07:14:07.312732" elapsed="0.000463"/>
</kw>
<kw name="Log" owner="BuiltIn">
<msg time="2024-04-25T07:14:07.313621" level="INFO">login</msg>
<arg>${key}</arg>
<doc>Logs the given message with the given level.</doc>
<status status="PASS" start="2024-04-25T07:14:07.313494" elapsed="0.000166"/>
</kw>
<var name="${key}">login</var>
<status status="PASS" start="2024-04-25T07:14:07.311892" elapsed="0.002011"/>
</iter>
<var>${key}</var>
<value>@{expected_keys}</value>
<status status="PASS" start="2024-04-25T07:14:07.303095" elapsed="0.010932"/>
</for>
<kw name="Create List" owner="BuiltIn">
<msg time="2024-04-25T07:14:07.314358" level="INFO">${expected_keysTwo} = ['username', 'password']</msg>
<var>${expected_keysTwo}</var>
<arg>username</arg>
<arg>password</arg>
<doc>Returns a list containing given items.</doc>
<status status="PASS" start="2024-04-25T07:14:07.314220" elapsed="0.000162"/>
</kw>
<for flavor="IN">
<iter>
<kw name="Dictionary Should Contain Key" owner="Collections">
<msg time="2024-04-25T07:14:07.315278" level="INFO">False</msg>
<arg>${json_data['results'][0]['login']}</arg>
<arg>${keyTwo}</arg>
<doc>Fails if ``key`` is not found from ``dictionary``.</doc>
<status status="PASS" start="2024-04-25T07:14:07.314885" elapsed="0.000430"/>
</kw>
<kw name="Dictionary Should Contain Key" owner="Collections">
<msg time="2024-04-25T07:14:07.316003" level="INFO">False</msg>
<arg>${json_data['results'][0]['login']}</arg>
<arg>${keyTwo}</arg>
<doc>Fails if ``key`` is not found from ``dictionary``.</doc>
<status status="PASS" start="2024-04-25T07:14:07.315612" elapsed="0.000429"/>
</kw>
<kw name="Log" owner="BuiltIn">
<msg time="2024-04-25T07:14:07.316458" level="INFO">username</msg>
<arg>${keyTwo}</arg>
<doc>Logs the given message with the given level.</doc>
<status status="PASS" start="2024-04-25T07:14:07.316332" elapsed="0.000163"/>
</kw>
<var name="${keyTwo}">username</var>
<status status="PASS" start="2024-04-25T07:14:07.314775" elapsed="0.001934"/>
</iter>
<iter>
<kw name="Dictionary Should Contain Key" owner="Collections">
<msg time="2024-04-25T07:14:07.317503" level="INFO">False</msg>
<arg>${json_data['results'][0]['login']}</arg>
<arg>${keyTwo}</arg>
<doc>Fails if ``key`` is not found from ``dictionary``.</doc>
<status status="PASS" start="2024-04-25T07:14:07.317013" elapsed="0.000535"/>
</kw>
<kw name="Dictionary Should Contain Key" owner="Collections">
<msg time="2024-04-25T07:14:07.318227" level="INFO">False</msg>
<arg>${json_data['results'][0]['login']}</arg>
<arg>${keyTwo}</arg>
<doc>Fails if ``key`` is not found from ``dictionary``.</doc>
<status status="PASS" start="2024-04-25T07:14:07.317847" elapsed="0.000416"/>
</kw>
<kw name="Log" owner="BuiltIn">
<msg time="2024-04-25T07:14:07.318683" level="INFO">password</msg>
<arg>${keyTwo}</arg>
<doc>Logs the given message with the given level.</doc>
<status status="PASS" start="2024-04-25T07:14:07.318556" elapsed="0.000164"/>
</kw>
<var name="${keyTwo}">password</var>
<status status="PASS" start="2024-04-25T07:14:07.316879" elapsed="0.002055"/>
</iter>
<var>${keyTwo}</var>
<value>@{expected_keysTwo}</value>
<status status="PASS" start="2024-04-25T07:14:07.314621" elapsed="0.004434"/>
</for>
<status status="PASS" start="2024-04-25T07:14:07.269457" elapsed="0.049736"/>
</kw>
<doc>Testa a estrutura da resposta da API.</doc>
<tag>testeEstruturaResposta</tag>
<status status="PASS" start="2024-04-25T07:14:07.268944" elapsed="0.050401"/>
</test>
<test id="s1-s1-t4" name="Validar tipos de dados" line="28">
<kw name="Teste de Tipos de Dados" owner="random-user-service">
<kw name="GET On Session" owner="RequestsLibrary">
<msg time="2024-04-25T07:14:07.400400" level="INFO">GET Request : url=https://randomuser.me/api 
 path_url=/api 
 headers={'User-Agent': 'python-requests/2.31.0', 'Accept-Encoding': 'gzip, deflate', 'Accept': '*/*', 'Connection': 'keep-alive'} 
 body=None 
 </msg>
<msg time="2024-04-25T07:14:07.400497" level="INFO">GET Response : url=https://randomuser.me/api 
 status=200, reason=OK 
 headers={'Date': 'Thu, 25 Apr 2024 07:14:07 GMT', 'Content-Type': 'application/json; charset=utf-8', 'Transfer-Encoding': 'chunked', 'Connection': 'keep-alive', 'X-Powered-By': 'Express', 'Access-Control-Allow-Origin': '*', 'Cache-Control': 'no-cache', 'ETag': 'W/"493-yQeqpz3Jm5CLRj9V370TV+GHXv0"', 'Vary': 'Accept-Encoding', 'Content-Encoding': 'gzip', 'CF-Cache-Status': 'DYNAMIC', 'Report-To': '{"endpoints":[{"url":"https:\\/\\/a.nel.cloudflare.com\\/report\\/v4?s=UZnKOAuV9hhBLhW3OiwbZdUFa4g3HlALuWBktjMCmc%2FqXh2XI0fbW%2FLNBEl6bWoo2ZAJV1bsQe4iPC81xFHdoslVhtLT76%2BjZGZcOmbUfj27Rkq0nV9o6ZE8fYWbv1BD"}],"group":"cf-nel","max_age":604800}', 'NEL': '{"success_fraction":0,"report_to":"cf-nel","max_age":604800}', 'Server': 'cloudflare', 'CF-RAY': '879c88cbcca5068c-IAD', 'alt-svc': 'h3=":443"; ma=86400'} 
 body={"results":[{"gender":"male","name":{"title":"Mr","first":"Beau","last":"Hughes"},"location":{"street":{"number":801,"name":"Courtenay Place"},"city":"Lower Hutt","state":"Hawke'S Bay","country":"New Zealand","postcode":74008,"coordinates":{"latitude":"52.5721","longitude":"-95.2046"},"timezone":{"offset":"-6:00","description":"Central Time (US &amp; Canada), Mexico City"}},"email":"beau.hughes@example.com","login":{"uuid":"2431264b-60bc-4e87-8499-1c2f18304890","username":"organicmeercat197","password":"contact","salt":"zcTV5IEV","md5":"05232988ad319e9cbd51225cf3140a5e","sha1":"484c822b0fee63b258b020b02b39dcdfc21ab3bf","sha256":"125478a0eae3fe0f891e3d73569f5d9477cce5effcc132fda4cf1e9359412355"},"dob":{"date":"1989-07-31T15:31:14.948Z","age":34},"registered":{"date":"2005-10-30T12:08:45.916Z","age":18},"phone":"(052)-025-5034","cell":"(870)-129-4880","id":{"name":"","value":null},"picture":{"large":"https://randomuser.me/api/portraits/men/97.jpg","medium":"https://randomuser.me/api/portraits/med/men/97.jpg","thumbnail":"https://randomuser.me/api/portraits/thumb/men/97.jpg"},"nat":"NZ"}],"info":{"seed":"eaa156ac59db182d","results":1,"page":1,"version":"1.4"}} 
 </msg>
<msg time="2024-04-25T07:14:07.400577" level="INFO">/opt/hostedtoolcache/Python/3.12.3/x64/lib/python3.12/site-packages/urllib3/connectionpool.py:1103: InsecureRequestWarning: Unverified HTTPS request is being made to host 'randomuser.me'. Adding certificate verification is strongly advised. See: https://urllib3.readthedocs.io/en/latest/advanced-usage.html#tls-warnings
  warnings.warn(</msg>
<msg time="2024-04-25T07:14:07.400711" level="INFO">${response} = &lt;Response [200]&gt;</msg>
<var>${response}</var>
<arg>consultarAPI</arg>
<arg>/api</arg>
<doc>Sends a GET request on a previously created HTTP Session.</doc>
<status status="PASS" start="2024-04-25T07:14:07.321783" elapsed="0.078966"/>
</kw>
<kw name="Set Variable" owner="BuiltIn">
<msg time="2024-04-25T07:14:07.401815" level="INFO">${json_data} = {'results': [{'gender': 'male', 'name': {'title': 'Mr', 'first': 'Beau', 'last': 'Hughes'}, 'location': {'street': {'number': 801, 'name': 'Courtenay Place'}, 'city': 'Lower Hutt', 'state': "Hawke'S B...</msg>
<var>${json_data}</var>
<arg>${response.json()}</arg>
<doc>Returns the given values which can then be assigned to a variables.</doc>
<status status="PASS" start="2024-04-25T07:14:07.401266" elapsed="0.000579"/>
</kw>
<kw name="Log" owner="BuiltIn">
<msg time="2024-04-25T07:14:07.402322" level="INFO">{'results': [{'gender': 'male', 'name': {'title': 'Mr', 'first': 'Beau', 'last': 'Hughes'}, 'location': {'street': {'number': 801, 'name': 'Courtenay Place'}, 'city': 'Lower Hutt', 'state': "Hawke'S Bay", 'country': 'New Zealand', 'postcode': 74008, 'coordinates': {'latitude': '52.5721', 'longitude': '-95.2046'}, 'timezone': {'offset': '-6:00', 'description': 'Central Time (US &amp; Canada), Mexico City'}}, 'email': 'beau.hughes@example.com', 'login': {'uuid': '2431264b-60bc-4e87-8499-1c2f18304890', 'username': 'organicmeercat197', 'password': 'contact', 'salt': 'zcTV5IEV', 'md5': '05232988ad319e9cbd51225cf3140a5e', 'sha1': '484c822b0fee63b258b020b02b39dcdfc21ab3bf', 'sha256': '125478a0eae3fe0f891e3d73569f5d9477cce5effcc132fda4cf1e9359412355'}, 'dob': {'date': '1989-07-31T15:31:14.948Z', 'age': 34}, 'registered': {'date': '2005-10-30T12:08:45.916Z', 'age': 18}, 'phone': '(052)-025-5034', 'cell': '(870)-129-4880', 'id': {'name': '', 'value': None}, 'picture': {'large': 'https://randomuser.me/api/portraits/men/97.jpg', 'medium': 'https://randomuser.me/api/portraits/med/men/97.jpg', 'thumbnail': 'https://randomuser.me/api/portraits/thumb/men/97.jpg'}, 'nat': 'NZ'}], 'info': {'seed': 'eaa156ac59db182d', 'results': 1, 'page': 1, 'version': '1.4'}}</msg>
<arg>${json_data}</arg>
<doc>Logs the given message with the given level.</doc>
<status status="PASS" start="2024-04-25T07:14:07.402160" elapsed="0.000246"/>
</kw>
<kw name="Should Be String" owner="String">
<arg>${json_data['results'][0]['gender']}</arg>
<doc>Fails if the given ``item`` is not a string.</doc>
<status status="PASS" start="2024-04-25T07:14:07.402711" elapsed="0.000367"/>
</kw>
<kw name="Should Match Regexp" owner="BuiltIn">
<arg>${json_data['results'][0]['email']}</arg>
<arg>^[a-zA-Z0-9._%+-]+@[a-zA-Z0-9.-]+\.[a-zA-Z]{2,}$</arg>
<doc>Fails if ``string`` does not match ``pattern`` as a regular expression.</doc>
<status status="PASS" start="2024-04-25T07:14:07.403275" elapsed="0.000546"/>
</kw>
<kw name="Should Match Regexp" owner="BuiltIn">
<arg>${json_data['results'][0]['dob']['date']}</arg>
<arg>\\d{4}-\\d{2}-\\d{2}T\\d{2}:\\d{2}:\\d{2}\\.\\d{3}Z</arg>
<doc>Fails if ``string`` does not match ``pattern`` as a regular expression.</doc>
<status status="PASS" start="2024-04-25T07:14:07.404020" elapsed="0.000495"/>
</kw>
<kw name="Should Match Regexp" owner="BuiltIn">
<arg>${json_data['results'][0]['registered']['date']}</arg>
<arg>\\d{4}-\\d{2}-\\d{2}T\\d{2}:\\d{2}:\\d{2}\\.\\d{3}Z</arg>
<doc>Fails if ``string`` does not match ``pattern`` as a regular expression.</doc>
<status status="PASS" start="2024-04-25T07:14:07.404711" elapsed="0.000415"/>
</kw>
<kw name="Should Match Regexp" owner="BuiltIn">
<arg>${json_data['results'][0]['picture']['large']}</arg>
<arg>^https?://.*\.(?:png|jpe?g|gif|bmp)$</arg>
<doc>Fails if ``string`` does not match ``pattern`` as a regular expression.</doc>
<status status="PASS" start="2024-04-25T07:14:07.405319" elapsed="0.000474"/>
</kw>
<kw name="Should Match Regexp" owner="BuiltIn">
<arg>${json_data['results'][0]['picture']['medium']}</arg>
<arg>^https?://.*\.(?:png|jpe?g|gif|bmp)$</arg>
<doc>Fails if ``string`` does not match ``pattern`` as a regular expression.</doc>
<status status="PASS" start="2024-04-25T07:14:07.405988" elapsed="0.000364"/>
</kw>
<kw name="Should Match Regexp" owner="BuiltIn">
<arg>${json_data['results'][0]['picture']['thumbnail']}</arg>
<arg>^https?://.*\.(?:png|jpe?g|gif|bmp)$</arg>
<doc>Fails if ``string`` does not match ``pattern`` as a regular expression.</doc>
<status status="PASS" start="2024-04-25T07:14:07.406541" elapsed="0.000360"/>
</kw>
<kw name="Log" owner="BuiltIn">
<msg time="2024-04-25T07:14:07.407410" level="INFO">{'large': 'https://randomuser.me/api/portraits/men/97.jpg', 'medium': 'https://randomuser.me/api/portraits/med/men/97.jpg', 'thumbnail': 'https://randomuser.me/api/portraits/thumb/men/97.jpg'}</msg>
<arg>${json_data['results'][0]['picture']}</arg>
<doc>Logs the given message with the given level.</doc>
<status status="PASS" start="2024-04-25T07:14:07.407084" elapsed="0.000369"/>
</kw>
<status status="PASS" start="2024-04-25T07:14:07.321558" elapsed="0.086181"/>
</kw>
<kw name="Teste de Tipos de Dados - Postcode" owner="random-user-service">
<kw name="GET On Session" owner="RequestsLibrary">
<msg time="2024-04-25T07:14:07.507419" level="INFO">GET Request : url=https://randomuser.me/api 
 path_url=/api 
 headers={'User-Agent': 'python-requests/2.31.0', 'Accept-Encoding': 'gzip, deflate', 'Accept': '*/*', 'Connection': 'keep-alive'} 
 body=None 
 </msg>
<msg time="2024-04-25T07:14:07.507503" level="INFO">GET Response : url=https://randomuser.me/api 
 status=200, reason=OK 
 headers={'Date': 'Thu, 25 Apr 2024 07:14:07 GMT', 'Content-Type': 'application/json; charset=utf-8', 'Transfer-Encoding': 'chunked', 'Connection': 'keep-alive', 'X-Powered-By': 'Express', 'Access-Control-Allow-Origin': '*', 'Cache-Control': 'no-cache', 'ETag': 'W/"4b3-TUuYSJK/t+F78z5rLHSEO1rVhaE"', 'Vary': 'Accept-Encoding', 'Content-Encoding': 'gzip', 'CF-Cache-Status': 'DYNAMIC', 'Report-To': '{"endpoints":[{"url":"https:\\/\\/a.nel.cloudflare.com\\/report\\/v4?s=wWT6RQWV7xJS4ZWuZqEhah%2BNrlNDHTYpfoK%2BCPeQB9f%2FT5uAeQop4ZedUFWsHeyOitnccf6MvTbBM0IuYa9n2kAmgPh%2FlBajuFhWv%2F8MmQYqC6SWO8zs3JZyN62B7ow8"}],"group":"cf-nel","max_age":604800}', 'NEL': '{"success_fraction":0,"report_to":"cf-nel","max_age":604800}', 'Server': 'cloudflare', 'CF-RAY': '879c88cc4d0e068c-IAD', 'alt-svc': 'h3=":443"; ma=86400'} 
 body={"results":[{"gender":"female","name":{"title":"Miss","first":"Gertrude","last":"Harvey"},"location":{"street":{"number":5294,"name":"Woodland St"},"city":"Mildura","state":"Australian Capital Territory","country":"Australia","postcode":6321,"coordinates":{"latitude":"-87.6503","longitude":"117.0072"},"timezone":{"offset":"-4:00","description":"Atlantic Time (Canada), Caracas, La Paz"}},"email":"gertrude.harvey@example.com","login":{"uuid":"56248f90-60f0-4d74-95d8-78c1748e75c1","username":"orangeladybug572","password":"sluttey","salt":"d8dZEqew","md5":"6e95fe547076192bd7b12fa0fff24c15","sha1":"8d0ed1f53d7557a830ee747f62756941ba4de27e","sha256":"8265ba6fed146ecaf734ea7c775c67e03e9fe4bfbd780af81fcab6623cc83f07"},"dob":{"date":"1990-09-10T22:23:07.406Z","age":33},"registered":{"date":"2004-07-06T17:43:54.710Z","age":19},"phone":"02-5943-7051","cell":"0480-359-415","id":{"name":"TFN","value":"661419665"},"picture":{"large":"https://randomuser.me/api/portraits/women/44.jpg","medium":"https://randomuser.me/api/portraits/med/women/44.jpg","thumbnail":"https://randomuser.me/api/portraits/thumb/women/44.jpg"},"nat":"AU"}],"info":{"seed":"e246e6e16925de99","results":1,"page":1,"version":"1.4"}} 
 </msg>
<msg time="2024-04-25T07:14:07.507574" level="INFO">/opt/hostedtoolcache/Python/3.12.3/x64/lib/python3.12/site-packages/urllib3/connectionpool.py:1103: InsecureRequestWarning: Unverified HTTPS request is being made to host 'randomuser.me'. Adding certificate verification is strongly advised. See: https://urllib3.readthedocs.io/en/latest/advanced-usage.html#tls-warnings
  warnings.warn(</msg>
<msg time="2024-04-25T07:14:07.507690" level="INFO">${response} = &lt;Response [200]&gt;</msg>
<var>${response}</var>
<arg>consultarAPI</arg>
<arg>/api</arg>
<doc>Sends a GET request on a previously created HTTP Session.</doc>
<status status="PASS" start="2024-04-25T07:14:07.408213" elapsed="0.099531"/>
</kw>
<kw name="Set Variable" owner="BuiltIn">
<msg time="2024-04-25T07:14:07.508992" level="INFO">${json_data} = {'results': [{'gender': 'female', 'name': {'title': 'Miss', 'first': 'Gertrude', 'last': 'Harvey'}, 'location': {'street': {'number': 5294, 'name': 'Woodland St'}, 'city': 'Mildura', 'state': 'Austral...</msg>
<var>${json_data}</var>
<arg>${response.json()}</arg>
<doc>Returns the given values which can then be assigned to a variables.</doc>
<status status="PASS" start="2024-04-25T07:14:07.508349" elapsed="0.000681"/>
</kw>
<kw name="Log" owner="BuiltIn">
<msg time="2024-04-25T07:14:07.509508" level="INFO">{'results': [{'gender': 'female', 'name': {'title': 'Miss', 'first': 'Gertrude', 'last': 'Harvey'}, 'location': {'street': {'number': 5294, 'name': 'Woodland St'}, 'city': 'Mildura', 'state': 'Australian Capital Territory', 'country': 'Australia', 'postcode': 6321, 'coordinates': {'latitude': '-87.6503', 'longitude': '117.0072'}, 'timezone': {'offset': '-4:00', 'description': 'Atlantic Time (Canada), Caracas, La Paz'}}, 'email': 'gertrude.harvey@example.com', 'login': {'uuid': '56248f90-60f0-4d74-95d8-78c1748e75c1', 'username': 'orangeladybug572', 'password': 'sluttey', 'salt': 'd8dZEqew', 'md5': '6e95fe547076192bd7b12fa0fff24c15', 'sha1': '8d0ed1f53d7557a830ee747f62756941ba4de27e', 'sha256': '8265ba6fed146ecaf734ea7c775c67e03e9fe4bfbd780af81fcab6623cc83f07'}, 'dob': {'date': '1990-09-10T22:23:07.406Z', 'age': 33}, 'registered': {'date': '2004-07-06T17:43:54.710Z', 'age': 19}, 'phone': '02-5943-7051', 'cell': '0480-359-415', 'id': {'name': 'TFN', 'value': '661419665'}, 'picture': {'large': 'https://randomuser.me/api/portraits/women/44.jpg', 'medium': 'https://randomuser.me/api/portraits/med/women/44.jpg', 'thumbnail': 'https://randomuser.me/api/portraits/thumb/women/44.jpg'}, 'nat': 'AU'}], 'info': {'seed': 'e246e6e16925de99', 'results': 1, 'page': 1, 'version': '1.4'}}</msg>
<arg>${json_data}</arg>
<doc>Logs the given message with the given level.</doc>
<status status="PASS" start="2024-04-25T07:14:07.509354" elapsed="0.000232"/>
</kw>
<kw name="Should Be Equal As Numbers" owner="BuiltIn">
<arg>${json_data['results'][0]['location']['postcode']}</arg>
<arg>${json_data['results'][0]['location']['postcode']}</arg>
<doc>Fails if objects are unequal after converting them to real numbers.</doc>
<status status="PASS" start="2024-04-25T07:14:07.510032" elapsed="0.000628"/>
</kw>
<kw name="Log" owner="BuiltIn">
<msg time="2024-04-25T07:14:07.511432" level="INFO">6321</msg>
<arg>${json_data['results'][0]['location']['postcode']}</arg>
<doc>Logs the given message with the given level.</doc>
<status status="PASS" start="2024-04-25T07:14:07.510954" elapsed="0.000521"/>
</kw>
<status status="PASS" start="2024-04-25T07:14:07.407968" elapsed="0.103766"/>
</kw>
<doc>Testa se os tipos de dados na resposta da API estão corretos.</doc>
<tag>testeTiposDados</tag>
<status status="PASS" start="2024-04-25T07:14:07.321116" elapsed="0.190786"/>
</test>
<test id="s1-s1-t5" name="Validar conteudo" line="35">
<kw name="Teste de Tipos de Conteudo" owner="random-user-service">
<kw name="GET On Session" owner="RequestsLibrary">
<msg time="2024-04-25T07:14:07.621171" level="INFO">GET Request : url=https://randomuser.me/api 
 path_url=/api 
 headers={'User-Agent': 'python-requests/2.31.0', 'Accept-Encoding': 'gzip, deflate', 'Accept': '*/*', 'Connection': 'keep-alive'} 
 body=None 
 </msg>
<msg time="2024-04-25T07:14:07.621236" level="INFO">GET Response : url=https://randomuser.me/api 
 status=200, reason=OK 
 headers={'Date': 'Thu, 25 Apr 2024 07:14:07 GMT', 'Content-Type': 'application/json; charset=utf-8', 'Transfer-Encoding': 'chunked', 'Connection': 'keep-alive', 'X-Powered-By': 'Express', 'Access-Control-Allow-Origin': '*', 'Cache-Control': 'no-cache', 'ETag': 'W/"481-DaByKqeVC8BghyqRQ1+vBjjuH18"', 'Vary': 'Accept-Encoding', 'Content-Encoding': 'gzip', 'CF-Cache-Status': 'DYNAMIC', 'Report-To': '{"endpoints":[{"url":"https:\\/\\/a.nel.cloudflare.com\\/report\\/v4?s=XPTmtUBhkPXiA692PmmhzkLbs32vFwoXi%2Bj90r3RIOoYCF5OpAkVHw6y6ihIm%2BE47%2B6aisWT1CNt1d8DLe9OBLd%2BdlCkk%2B91DD7TX5nNEIqde1VdYZUPkvzIBZHgf2JI"}],"group":"cf-nel","max_age":604800}', 'NEL': '{"success_fraction":0,"report_to":"cf-nel","max_age":604800}', 'Server': 'cloudflare', 'CF-RAY': '879c88ccfd7b068c-IAD', 'alt-svc': 'h3=":443"; ma=86400'} 
 body={"results":[{"gender":"female","name":{"title":"Miss","first":"Evie","last":"Jones"},"location":{"street":{"number":7306,"name":"Anzac Drive"},"city":"Masterton","state":"Northland","country":"New Zealand","postcode":59551,"coordinates":{"latitude":"53.0721","longitude":"61.2681"},"timezone":{"offset":"-8:00","description":"Pacific Time (US &amp; Canada)"}},"email":"evie.jones@example.com","login":{"uuid":"4512b078-8841-4e9d-a150-f5e4a8d4d5ac","username":"angryzebra417","password":"duffy","salt":"Fqe5K1jf","md5":"ff26c1acc17a14af4dbf807f5abd0336","sha1":"3575b2e627c4bdded5b11f307bb0c06d9c7de407","sha256":"f2f11844819668280679c9a7935e536a35e97ce113a3e93d4dbf369fecf3718b"},"dob":{"date":"1996-03-01T02:30:50.632Z","age":28},"registered":{"date":"2008-03-21T00:48:25.095Z","age":16},"phone":"(583)-836-7108","cell":"(935)-473-9689","id":{"name":"","value":null},"picture":{"large":"https://randomuser.me/api/portraits/women/63.jpg","medium":"https://randomuser.me/api/portraits/med/women/63.jpg","thumbnail":"https://randomuser.me/api/portraits/thumb/women/63.jpg"},"nat":"NZ"}],"info":{"seed":"967142493662f737","results":1,"page":1,"version":"1.4"}} 
 </msg>
<msg time="2024-04-25T07:14:07.621292" level="INFO">/opt/hostedtoolcache/Python/3.12.3/x64/lib/python3.12/site-packages/urllib3/connectionpool.py:1103: InsecureRequestWarning: Unverified HTTPS request is being made to host 'randomuser.me'. Adding certificate verification is strongly advised. See: https://urllib3.readthedocs.io/en/latest/advanced-usage.html#tls-warnings
  warnings.warn(</msg>
<msg time="2024-04-25T07:14:07.621384" level="INFO">${response} = &lt;Response [200]&gt;</msg>
<var>${response}</var>
<arg>consultarAPI</arg>
<arg>/api</arg>
<doc>Sends a GET request on a previously created HTTP Session.</doc>
<status status="PASS" start="2024-04-25T07:14:07.514460" elapsed="0.106965"/>
</kw>
<kw name="Set Variable" owner="BuiltIn">
<msg time="2024-04-25T07:14:07.622411" level="INFO">${json_data} = {'results': [{'gender': 'female', 'name': {'title': 'Miss', 'first': 'Evie', 'last': 'Jones'}, 'location': {'street': {'number': 7306, 'name': 'Anzac Drive'}, 'city': 'Masterton', 'state': 'Northland'...</msg>
<var>${json_data}</var>
<arg>${response.json()}</arg>
<doc>Returns the given values which can then be assigned to a variables.</doc>
<status status="PASS" start="2024-04-25T07:14:07.621860" elapsed="0.000580"/>
</kw>
<kw name="Set Variable" owner="BuiltIn">
<msg time="2024-04-25T07:14:07.623120" level="INFO">${name_title} = Miss</msg>
<var>${name_title}</var>
<arg>${json_data["results"][0]["name"]["title"]}</arg>
<doc>Returns the given values which can then be assigned to a variables.</doc>
<status status="PASS" start="2024-04-25T07:14:07.622744" elapsed="0.000401"/>
</kw>
<kw name="Create List" owner="BuiltIn">
<msg time="2024-04-25T07:14:07.623589" level="INFO">${allowed_titles} = ['Mr', 'Ms', 'Miss', 'Mrs', 'Madame', 'Monsieur']</msg>
<var>${allowed_titles}</var>
<arg>Mr</arg>
<arg>Ms</arg>
<arg>Miss</arg>
<arg>Mrs</arg>
<arg>Madame</arg>
<arg>Monsieur</arg>
<doc>Returns a list containing given items.</doc>
<status status="PASS" start="2024-04-25T07:14:07.623442" elapsed="0.000171"/>
</kw>
<kw name="List Should Contain Value" owner="Collections">
<msg time="2024-04-25T07:14:07.624085" level="INFO">False</msg>
<arg>${allowed_titles}</arg>
<arg>${name_title}</arg>
<doc>Fails if the ``value`` is not found from ``list``.</doc>
<status status="PASS" start="2024-04-25T07:14:07.623915" elapsed="0.000206"/>
</kw>
<kw name="Set Variable" owner="BuiltIn">
<msg time="2024-04-25T07:14:07.624792" level="INFO">${name_country} = NZ</msg>
<var>${name_country}</var>
<arg>${json_data["results"][0]["nat"]}</arg>
<doc>Returns the given values which can then be assigned to a variables.</doc>
<status status="PASS" start="2024-04-25T07:14:07.624410" elapsed="0.000407"/>
</kw>
<kw name="Create List" owner="BuiltIn">
<msg time="2024-04-25T07:14:07.625745" level="INFO">${list_country} = ['AD', 'AE', 'AF', 'AG', 'AI', 'AL', 'AM', 'AO', 'AQ', 'AR', 'AS', 'AT', 'AU', 'AW', 'AX', 'AZ', 'BA', 'BB', 'BD', 'BE', 'BF', 'BG', 'BH', 'BI', 'BJ', 'BL', 'BM', 'BN', 'BO', 'BQ', 'BR', 'BS', 'BT', '...</msg>
<var>${list_country}</var>
<arg>AD</arg>
<arg>AE</arg>
<arg>AF</arg>
<arg>AG</arg>
<arg>AI</arg>
<arg>AL</arg>
<arg>AM</arg>
<arg>AO</arg>
<arg>AQ</arg>
<arg>AR</arg>
<arg>AS</arg>
<arg>AT</arg>
<arg>AU</arg>
<arg>AW</arg>
<arg>AX</arg>
<arg>AZ</arg>
<arg>BA</arg>
<arg>BB</arg>
<arg>BD</arg>
<arg>BE</arg>
<arg>BF</arg>
<arg>BG</arg>
<arg>BH</arg>
<arg>BI</arg>
<arg>BJ</arg>
<arg>BL</arg>
<arg>BM</arg>
<arg>BN</arg>
<arg>BO</arg>
<arg>BQ</arg>
<arg>BR</arg>
<arg>BS</arg>
<arg>BT</arg>
<arg>BV</arg>
<arg>BW</arg>
<arg>BY</arg>
<arg>BZ</arg>
<arg>CA</arg>
<arg>CC</arg>
<arg>CD</arg>
<arg>CF</arg>
<arg>CG</arg>
<arg>CH</arg>
<arg>CI</arg>
<arg>CK</arg>
<arg>CL</arg>
<arg>CM</arg>
<arg>CN</arg>
<arg>CO</arg>
<arg>CR</arg>
<arg>CU</arg>
<arg>CV</arg>
<arg>CW</arg>
<arg>CX</arg>
<arg>CY</arg>
<arg>CZ</arg>
<arg>DE</arg>
<arg>DJ</arg>
<arg>DK</arg>
<arg>DM</arg>
<arg>DO</arg>
<arg>DZ</arg>
<arg>EC</arg>
<arg>EE</arg>
<arg>EG</arg>
<arg>EH</arg>
<arg>ER</arg>
<arg>ES</arg>
<arg>ET</arg>
<arg>FI</arg>
<arg>FJ</arg>
<arg>FK</arg>
<arg>FM</arg>
<arg>FO</arg>
<arg>FR</arg>
<arg>GA</arg>
<arg>GB</arg>
<arg>GD</arg>
<arg>GE</arg>
<arg>GF</arg>
<arg>GG</arg>
<arg>GH</arg>
<arg>GI</arg>
<arg>GL</arg>
<arg>GM</arg>
<arg>GN</arg>
<arg>GP</arg>
<arg>GQ</arg>
<arg>GR</arg>
<arg>GS</arg>
<arg>GT</arg>
<arg>GU</arg>
<arg>GW</arg>
<arg>GY</arg>
<arg>HK</arg>
<arg>HM</arg>
<arg>HN</arg>
<arg>HR</arg>
<arg>HT</arg>
<arg>HU</arg>
<arg>ID</arg>
<arg>IE</arg>
<arg>IL</arg>
<arg>IM</arg>
<arg>IN</arg>
<arg>IO</arg>
<arg>IQ</arg>
<arg>IR</arg>
<arg>IS</arg>
<arg>IT</arg>
<arg>JE</arg>
<arg>JM</arg>
<arg>JO</arg>
<arg>JP</arg>
<arg>KE</arg>
<arg>KG</arg>
<arg>KH</arg>
<arg>KI</arg>
<arg>KM</arg>
<arg>KN</arg>
<arg>KP</arg>
<arg>KR</arg>
<arg>KW</arg>
<arg>KY</arg>
<arg>KZ</arg>
<arg>LA</arg>
<arg>LB</arg>
<arg>LC</arg>
<arg>LI</arg>
<arg>LK</arg>
<arg>LR</arg>
<arg>LS</arg>
<arg>LT</arg>
<arg>LU</arg>
<arg>LV</arg>
<arg>LY</arg>
<arg>MA</arg>
<arg>MC</arg>
<arg>MD</arg>
<arg>ME</arg>
<arg>MF</arg>
<arg>MG</arg>
<arg>MH</arg>
<arg>MK</arg>
<arg>ML</arg>
<arg>MM</arg>
<arg>MN</arg>
<arg>MO</arg>
<arg>MP</arg>
<arg>MQ</arg>
<arg>MR</arg>
<arg>MS</arg>
<arg>MT</arg>
<arg>MU</arg>
<arg>MV</arg>
<arg>MW</arg>
<arg>MX</arg>
<arg>MY</arg>
<arg>MZ</arg>
<arg>NA</arg>
<arg>NC</arg>
<arg>NE</arg>
<arg>NF</arg>
<arg>NG</arg>
<arg>NI</arg>
<arg>NL</arg>
<arg>NO</arg>
<arg>NP</arg>
<arg>NR</arg>
<arg>NU</arg>
<arg>NZ</arg>
<arg>OM</arg>
<arg>PA</arg>
<arg>PE</arg>
<arg>PF</arg>
<arg>PG</arg>
<arg>PH</arg>
<arg>PK</arg>
<arg>PL</arg>
<arg>PM</arg>
<arg>PN</arg>
<arg>PR</arg>
<arg>PS</arg>
<arg>PT</arg>
<arg>PW</arg>
<arg>PY</arg>
<arg>QA</arg>
<arg>RE</arg>
<arg>RO</arg>
<arg>RS</arg>
<arg>RU</arg>
<arg>RW</arg>
<arg>SA</arg>
<arg>SB</arg>
<arg>SC</arg>
<arg>SD</arg>
<arg>SE</arg>
<arg>SG</arg>
<arg>SH</arg>
<arg>SI</arg>
<arg>SJ</arg>
<arg>SK</arg>
<arg>SL</arg>
<arg>SM</arg>
<arg>SN</arg>
<arg>SO</arg>
<arg>SR</arg>
<arg>SS</arg>
<arg>ST</arg>
<arg>SV</arg>
<arg>SX</arg>
<arg>SY</arg>
<arg>SZ</arg>
<arg>TC</arg>
<arg>TD</arg>
<arg>TF</arg>
<arg>TG</arg>
<arg>TH</arg>
<arg>TJ</arg>
<arg>TK</arg>
<arg>TL</arg>
<arg>TM</arg>
<arg>TN</arg>
<arg>TO</arg>
<arg>TR</arg>
<arg>TT</arg>
<arg>TV</arg>
<arg>TW</arg>
<arg>TZ</arg>
<arg>UA</arg>
<arg>UG</arg>
<arg>UM</arg>
<arg>US</arg>
<arg>UY</arg>
<arg>UZ</arg>
<arg>VA</arg>
<arg>VC</arg>
<arg>VE</arg>
<arg>VG</arg>
<arg>VI</arg>
<arg>VN</arg>
<arg>VU</arg>
<arg>WF</arg>
<arg>WS</arg>
<arg>XK</arg>
<arg>YE</arg>
<arg>YT</arg>
<arg>ZA</arg>
<arg>ZM</arg>
<arg>ZW</arg>
<doc>Returns a list containing given items.</doc>
<status status="PASS" start="2024-04-25T07:14:07.625160" elapsed="0.000610"/>
</kw>
<kw name="List Should Contain Value" owner="Collections">
<msg time="2024-04-25T07:14:07.626761" level="INFO">False</msg>
<arg>${list_country}</arg>
<arg>${name_country}</arg>
<doc>Fails if the ``value`` is not found from ``list``.</doc>
<status status="PASS" start="2024-04-25T07:14:07.626562" elapsed="0.000236"/>
</kw>
<kw name="Run Keyword If" owner="BuiltIn">
<kw name="Should Be True" owner="BuiltIn">
<arg>${True}</arg>
<doc>Fails if the given condition is not true.</doc>
<status status="PASS" start="2024-04-25T07:14:07.627858" elapsed="0.000243"/>
</kw>
<arg>${json_data["results"][0]["location"]["coordinates"]["latitude"]} &gt;= -90 and ${json_data["results"][0]["location"]["coordinates"]["latitude"]} &lt;= 90</arg>
<arg>Should Be True</arg>
<arg>${True}</arg>
<doc>Runs the given keyword with the given arguments, if ``condition`` is true.</doc>
<status status="PASS" start="2024-04-25T07:14:07.627108" elapsed="0.001126"/>
</kw>
<kw name="Run Keyword If" owner="BuiltIn">
<kw name="Should Be True" owner="BuiltIn">
<arg>${True}</arg>
<doc>Fails if the given condition is not true.</doc>
<status status="PASS" start="2024-04-25T07:14:07.629175" elapsed="0.000140"/>
</kw>
<arg>${json_data["results"][0]["location"]["coordinates"]["longitude"]} &gt;= -180 and ${json_data["results"][0]["location"]["coordinates"]["longitude"]} &lt;= 180</arg>
<arg>Should Be True</arg>
<arg>${True}</arg>
<doc>Runs the given keyword with the given arguments, if ``condition`` is true.</doc>
<status status="PASS" start="2024-04-25T07:14:07.628423" elapsed="0.001021"/>
</kw>
<status status="PASS" start="2024-04-25T07:14:07.514236" elapsed="0.115342"/>
</kw>
<doc>Testa o conteúdo específico dos campos retornados pela API.</doc>
<tag>testeConteudo</tag>
<status status="PASS" start="2024-04-25T07:14:07.513705" elapsed="0.116017"/>
</test>
<status status="PASS" start="2024-04-25T07:14:06.705959" elapsed="0.925742"/>
</suite>
<status status="PASS" start="2024-04-25T07:14:06.692538" elapsed="0.944539"/>
</suite>
<statistics>
<total>
<stat pass="5" fail="0" skip="0">All Tests</stat>
</total>
<tag>
<stat pass="1" fail="0" skip="0">testeConteudo</stat>
<stat pass="1" fail="0" skip="0">testeEstruturaResposta</stat>
<stat pass="1" fail="0" skip="0">testeRequisicaoBasica</stat>
<stat pass="1" fail="0" skip="0">testeTiposDados</stat>
</tag>
<suite>
<stat pass="5" fail="0" skip="0" id="s1" name="Tests">Tests</stat>
<stat pass="5" fail="0" skip="0" id="s1-s1" name="Random-User-Test">Tests.Random-User-Test</stat>
</suite>
</statistics>
<errors>
</errors>
</robot>
