<?xml version="1.0" encoding="UTF-8"?>
<robot generator="Robot 7.0.1 (Python 3.12.3 on linux)" generated="2024-06-12T19:13:02.581468" rpa="false" schemaversion="5">
<suite id="s1" name="Tests" source="/home/runner/work/ApiRandomUser/ApiRandomUser/RamdonUser/tests">
<suite id="s1-s1" name="Random-User-Test" source="/home/runner/work/ApiRandomUser/ApiRandomUser/RamdonUser/tests/random-user-test.robot">
<test id="s1-s1-t1" name="Conectar" line="13">
<kw name="Conectar API" owner="random-user-service">
<kw name="Create Session" owner="RequestsLibrary">
<msg time="2024-06-12T19:13:02.997113" level="INFO">Creating Session using : alias=consultarAPI, url=https://randomuser.me/, headers={},                     cookies={}, auth=None, timeout=None, proxies=None, verify=False,                     debug=0 </msg>
<arg>consultarAPI</arg>
<arg>${URL}</arg>
<doc>Create Session: create a HTTP session to a server</doc>
<status status="PASS" start="2024-06-12T19:13:02.996901" elapsed="0.000386"/>
</kw>
<status status="PASS" start="2024-06-12T19:13:02.995871" elapsed="0.001777"/>
</kw>
<status status="PASS" start="2024-06-12T19:13:02.995331" elapsed="0.002556"/>
</test>
<test id="s1-s1-t2" name="Validar retorno 200 e JSON Válido" line="16">
<kw name="Teste de Requisicao Basica" owner="random-user-service">
<kw name="GET On Session" owner="RequestsLibrary">
<msg time="2024-06-12T19:13:03.660576" level="INFO">GET Request : url=https://randomuser.me/api 
 path_url=/api 
 headers={'User-Agent': 'python-requests/2.32.3', 'Accept-Encoding': 'gzip, deflate', 'Accept': '*/*', 'Connection': 'keep-alive'} 
 body=None 
 </msg>
<msg time="2024-06-12T19:13:03.660746" level="INFO">GET Response : url=https://randomuser.me/api 
 status=200, reason=OK 
 headers={'Date': 'Wed, 12 Jun 2024 19:13:03 GMT', 'Content-Type': 'application/json; charset=utf-8', 'Transfer-Encoding': 'chunked', 'Connection': 'keep-alive', 'X-Powered-By': 'Express', 'Access-Control-Allow-Origin': '*', 'Cache-Control': 'no-cache', 'ETag': 'W/"48a-x37gOgG51JqwuMLHoP/dZ6AkwYo"', 'Vary': 'Accept-Encoding', 'Content-Encoding': 'gzip', 'CF-Cache-Status': 'DYNAMIC', 'Report-To': '{"endpoints":[{"url":"https:\\/\\/a.nel.cloudflare.com\\/report\\/v4?s=B0dawNGGtF5SI1o1Tnui2ade2eUpyqQW6wMmO583Ngx8jvb4H21WvIdJLCxDQysNefe2sSM92Ii1gWEeXOkC7ovfqbeujyIgM%2BemQVulnxq5Q9EwReUYj9CMbRnvRDNT"}],"group":"cf-nel","max_age":604800}', 'NEL': '{"success_fraction":0,"report_to":"cf-nel","max_age":604800}', 'Server': 'cloudflare', 'CF-RAY': '892c27e9fc6915ed-SJC', 'alt-svc': 'h3=":443"; ma=86400'} 
 body={"results":[{"gender":"female","name":{"title":"Miss","first":"Javeria","last":"Shroff"},"location":{"street":{"number":608,"name":"Shakespeare Sarani"},"city":"Nadiad","state":"Meghalaya","country":"India","postcode":19153,"coordinates":{"latitude":"6.0955","longitude":"166.6672"},"timezone":{"offset":"+2:00","description":"Kaliningrad, South Africa"}},"email":"javeria.shroff@example.com","login":{"uuid":"4e180daa-1050-48b2-8ce9-fcdf024aec83","username":"organicwolf799","password":"titten","salt":"cvdGQksV","md5":"c496d83e9cd1583353695ca40b986db3","sha1":"a277db2d95e3a594ec4d1dd63dd5bc22425a12f5","sha256":"6bb954141670b9c9512bc2a8043cd002dea8fe9e35613bf4c698452615ab28d6"},"dob":{"date":"1994-02-15T15:37:31.622Z","age":30},"registered":{"date":"2021-03-08T04:41:38.170Z","age":3},"phone":"7269752069","cell":"8773243403","id":{"name":"UIDAI","value":"705784564881"},"picture":{"large":"https://randomuser.me/api/portraits/women/4.jpg","medium":"https://randomuser.me/api/portraits/med/women/4.jpg","thumbnail":"https://randomuser.me/api/portraits/thumb/women/4.jpg"},"nat":"IN"}],"info":{"seed":"5122627fa01d3271","results":1,"page":1,"version":"1.4"}} 
 </msg>
<msg time="2024-06-12T19:13:03.660828" level="INFO">/opt/hostedtoolcache/Python/3.12.3/x64/lib/python3.12/site-packages/urllib3/connectionpool.py:1103: InsecureRequestWarning: Unverified HTTPS request is being made to host 'randomuser.me'. Adding certificate verification is strongly advised. See: https://urllib3.readthedocs.io/en/latest/advanced-usage.html#tls-warnings
  warnings.warn(</msg>
<msg time="2024-06-12T19:13:03.660968" level="INFO">${response} = &lt;Response [200]&gt;</msg>
<var>${response}</var>
<arg>consultarAPI</arg>
<arg>/api</arg>
<doc>Sends a GET request on a previously created HTTP Session.</doc>
<status status="PASS" start="2024-06-12T19:13:03.000497" elapsed="0.660606"/>
</kw>
<kw name="Should Be Equal As Numbers" owner="BuiltIn">
<msg time="2024-06-12T19:13:03.662116" level="INFO">Argument types are:
&lt;class 'int'&gt;
&lt;class 'str'&gt;</msg>
<arg>${response.status_code}</arg>
<arg>200</arg>
<doc>Fails if objects are unequal after converting them to real numbers.</doc>
<status status="PASS" start="2024-06-12T19:13:03.661622" elapsed="0.000556"/>
</kw>
<kw name="Log" owner="BuiltIn">
<msg time="2024-06-12T19:13:03.662836" level="INFO">200</msg>
<arg>${response.status_code}</arg>
<doc>Logs the given message with the given level.</doc>
<status status="PASS" start="2024-06-12T19:13:03.662498" elapsed="0.000384"/>
</kw>
<kw name="Set Variable" owner="BuiltIn">
<msg time="2024-06-12T19:13:03.663606" level="INFO">${json_data} = {'results': [{'gender': 'female', 'name': {'title': 'Miss', 'first': 'Javeria', 'last': 'Shroff'}, 'location': {'street': {'number': 608, 'name': 'Shakespeare Sarani'}, 'city': 'Nadiad', 'state': 'Meg...</msg>
<var>${json_data}</var>
<arg>${response.json()}</arg>
<doc>Returns the given values which can then be assigned to a variables.</doc>
<status status="PASS" start="2024-06-12T19:13:03.663182" elapsed="0.000454"/>
</kw>
<kw name="Dictionary Should Contain Key" owner="Collections">
<arg>${json_data}</arg>
<arg>results</arg>
<doc>Fails if ``key`` is not found from ``dictionary``.</doc>
<status status="PASS" start="2024-06-12T19:13:03.663933" elapsed="0.000163"/>
</kw>
<status status="PASS" start="2024-06-12T19:13:03.000257" elapsed="0.663989"/>
</kw>
<doc>Testa se a API responde corretamente e retorna um objeto JSON válido.</doc>
<tag>testeRequisicaoBasica</tag>
<status status="PASS" start="2024-06-12T19:13:02.999772" elapsed="0.664644"/>
</test>
<test id="s1-s1-t3" name="Validar estrutura de resposta" line="22">
<kw name="Teste de Estrutura de Resposta" owner="random-user-service">
<kw name="GET On Session" owner="RequestsLibrary">
<msg time="2024-06-12T19:13:03.830677" level="INFO">GET Request : url=https://randomuser.me/api 
 path_url=/api 
 headers={'User-Agent': 'python-requests/2.32.3', 'Accept-Encoding': 'gzip, deflate', 'Accept': '*/*', 'Connection': 'keep-alive'} 
 body=None 
 </msg>
<msg time="2024-06-12T19:13:03.830761" level="INFO">GET Response : url=https://randomuser.me/api 
 status=200, reason=OK 
 headers={'Date': 'Wed, 12 Jun 2024 19:13:03 GMT', 'Content-Type': 'application/json; charset=utf-8', 'Transfer-Encoding': 'chunked', 'Connection': 'keep-alive', 'X-Powered-By': 'Express', 'Access-Control-Allow-Origin': '*', 'Cache-Control': 'no-cache', 'ETag': 'W/"499-nn0qDRWnILzWxNlA048Er5A8eDU"', 'Vary': 'Accept-Encoding', 'Content-Encoding': 'gzip', 'CF-Cache-Status': 'DYNAMIC', 'Report-To': '{"endpoints":[{"url":"https:\\/\\/a.nel.cloudflare.com\\/report\\/v4?s=rcDIFAA98yDzdt8oE5sZCd8gpjeiRFkVDV9woTVsSPOhauQCVV4TeOx5cijvMpEUpyZIvLmLTegbfzzEskN7ivLV4sRJCfEIohIuj%2BCRAYGRWm88qLntgQhh7lUlIEwV"}],"group":"cf-nel","max_age":604800}', 'NEL': '{"success_fraction":0,"report_to":"cf-nel","max_age":604800}', 'Server': 'cloudflare', 'CF-RAY': '892c27ede83915ed-SJC', 'alt-svc': 'h3=":443"; ma=86400'} 
 body={"results":[{"gender":"male","name":{"title":"Mr","first":"Marinko","last":"Vasić"},"location":{"street":{"number":3542,"name":"Milorada ćirića"},"city":"Kosovo Polje","state":"Moravica","country":"Serbia","postcode":78101,"coordinates":{"latitude":"59.0506","longitude":"-143.3749"},"timezone":{"offset":"-4:00","description":"Atlantic Time (Canada), Caracas, La Paz"}},"email":"marinko.vasic@example.com","login":{"uuid":"6e45855c-7924-4b97-80f6-ee38e797ab7d","username":"whitegorilla938","password":"159357","salt":"DLiqUKBs","md5":"25476d70b0cadd96021e8588904d361f","sha1":"9baa0adb8c6dd0e33bff47866e1216de5ee97526","sha256":"74b5ad18b355d45f77524d4d2e024d09dfa64f9f97f9398e8ee2972dfc892c44"},"dob":{"date":"1996-01-10T17:14:57.782Z","age":28},"registered":{"date":"2007-03-11T12:39:00.785Z","age":17},"phone":"034-6466-485","cell":"065-4221-527","id":{"name":"SID","value":"371695492"},"picture":{"large":"https://randomuser.me/api/portraits/men/53.jpg","medium":"https://randomuser.me/api/portraits/med/men/53.jpg","thumbnail":"https://randomuser.me/api/portraits/thumb/men/53.jpg"},"nat":"RS"}],"info":{"seed":"4c0005ac2a307d23","results":1,"page":1,"version":"1.4"}} 
 </msg>
<msg time="2024-06-12T19:13:03.830894" level="INFO">/opt/hostedtoolcache/Python/3.12.3/x64/lib/python3.12/site-packages/urllib3/connectionpool.py:1103: InsecureRequestWarning: Unverified HTTPS request is being made to host 'randomuser.me'. Adding certificate verification is strongly advised. See: https://urllib3.readthedocs.io/en/latest/advanced-usage.html#tls-warnings
  warnings.warn(</msg>
<msg time="2024-06-12T19:13:03.831007" level="INFO">${response} = &lt;Response [200]&gt;</msg>
<var>${response}</var>
<arg>consultarAPI</arg>
<arg>/api</arg>
<doc>Sends a GET request on a previously created HTTP Session.</doc>
<status status="PASS" start="2024-06-12T19:13:03.667268" elapsed="0.163785"/>
</kw>
<kw name="Set Variable" owner="BuiltIn">
<msg time="2024-06-12T19:13:03.832203" level="INFO">${json_data} = {'results': [{'gender': 'male', 'name': {'title': 'Mr', 'first': 'Marinko', 'last': 'Vasić'}, 'location': {'street': {'number': 3542, 'name': 'Milorada ćirića'}, 'city': 'Kosovo Polje', 'state': 'Mora...</msg>
<var>${json_data}</var>
<arg>${response.json()}</arg>
<doc>Returns the given values which can then be assigned to a variables.</doc>
<status status="PASS" start="2024-06-12T19:13:03.831612" elapsed="0.000623"/>
</kw>
<kw name="Log" owner="BuiltIn">
<msg time="2024-06-12T19:13:03.832725" level="INFO">{'results': [{'gender': 'male', 'name': {'title': 'Mr', 'first': 'Marinko', 'last': 'Vasić'}, 'location': {'street': {'number': 3542, 'name': 'Milorada ćirića'}, 'city': 'Kosovo Polje', 'state': 'Moravica', 'country': 'Serbia', 'postcode': 78101, 'coordinates': {'latitude': '59.0506', 'longitude': '-143.3749'}, 'timezone': {'offset': '-4:00', 'description': 'Atlantic Time (Canada), Caracas, La Paz'}}, 'email': 'marinko.vasic@example.com', 'login': {'uuid': '6e45855c-7924-4b97-80f6-ee38e797ab7d', 'username': 'whitegorilla938', 'password': '159357', 'salt': 'DLiqUKBs', 'md5': '25476d70b0cadd96021e8588904d361f', 'sha1': '9baa0adb8c6dd0e33bff47866e1216de5ee97526', 'sha256': '74b5ad18b355d45f77524d4d2e024d09dfa64f9f97f9398e8ee2972dfc892c44'}, 'dob': {'date': '1996-01-10T17:14:57.782Z', 'age': 28}, 'registered': {'date': '2007-03-11T12:39:00.785Z', 'age': 17}, 'phone': '034-6466-485', 'cell': '065-4221-527', 'id': {'name': 'SID', 'value': '371695492'}, 'picture': {'large': 'https://randomuser.me/api/portraits/men/53.jpg', 'medium': 'https://randomuser.me/api/portraits/med/men/53.jpg', 'thumbnail': 'https://randomuser.me/api/portraits/thumb/men/53.jpg'}, 'nat': 'RS'}], 'info': {'seed': '4c0005ac2a307d23', 'results': 1, 'page': 1, 'version': '1.4'}}</msg>
<arg>${json_data}</arg>
<doc>Logs the given message with the given level.</doc>
<status status="PASS" start="2024-06-12T19:13:03.832566" elapsed="0.000210"/>
</kw>
<kw name="Dictionary Should Contain Key" owner="Collections">
<arg>${json_data}</arg>
<arg>results</arg>
<doc>Fails if ``key`` is not found from ``dictionary``.</doc>
<status status="PASS" start="2024-06-12T19:13:03.833075" elapsed="0.000156"/>
</kw>
<kw name="Should Not Be Empty" owner="BuiltIn">
<msg time="2024-06-12T19:13:03.833537" level="INFO">Length is 2.</msg>
<arg>${json_data}</arg>
<doc>Verifies that the given item is not empty.</doc>
<status status="PASS" start="2024-06-12T19:13:03.833414" elapsed="0.000160"/>
</kw>
<kw name="Create List" owner="BuiltIn">
<msg time="2024-06-12T19:13:03.834055" level="INFO">${expected_keys} = ['gender', 'name', 'location', 'email', 'login']</msg>
<var>${expected_keys}</var>
<arg>gender</arg>
<arg>name</arg>
<arg>location</arg>
<arg>email</arg>
<arg>login</arg>
<doc>Returns a list containing given items.</doc>
<status status="PASS" start="2024-06-12T19:13:03.833908" elapsed="0.000171"/>
</kw>
<for flavor="IN">
<iter>
<kw name="Dictionary Should Contain Key" owner="Collections">
<arg>${json_data['results'][0]}</arg>
<arg>${key}</arg>
<doc>Fails if ``key`` is not found from ``dictionary``.</doc>
<status status="PASS" start="2024-06-12T19:13:03.834644" elapsed="0.000398"/>
</kw>
<kw name="Log" owner="BuiltIn">
<msg time="2024-06-12T19:13:03.835582" level="INFO">{'gender': 'male', 'name': {'title': 'Mr', 'first': 'Marinko', 'last': 'Vasić'}, 'location': {'street': {'number': 3542, 'name': 'Milorada ćirića'}, 'city': 'Kosovo Polje', 'state': 'Moravica', 'country': 'Serbia', 'postcode': 78101, 'coordinates': {'latitude': '59.0506', 'longitude': '-143.3749'}, 'timezone': {'offset': '-4:00', 'description': 'Atlantic Time (Canada), Caracas, La Paz'}}, 'email': 'marinko.vasic@example.com', 'login': {'uuid': '6e45855c-7924-4b97-80f6-ee38e797ab7d', 'username': 'whitegorilla938', 'password': '159357', 'salt': 'DLiqUKBs', 'md5': '25476d70b0cadd96021e8588904d361f', 'sha1': '9baa0adb8c6dd0e33bff47866e1216de5ee97526', 'sha256': '74b5ad18b355d45f77524d4d2e024d09dfa64f9f97f9398e8ee2972dfc892c44'}, 'dob': {'date': '1996-01-10T17:14:57.782Z', 'age': 28}, 'registered': {'date': '2007-03-11T12:39:00.785Z', 'age': 17}, 'phone': '034-6466-485', 'cell': '065-4221-527', 'id': {'name': 'SID', 'value': '371695492'}, 'picture': {'large': 'https://randomuser.me/api/portraits/men/53.jpg', 'medium': 'https://randomuser.me/api/portraits/med/men/53.jpg', 'thumbnail': 'https://randomuser.me/api/portraits/thumb/men/53.jpg'}, 'nat': 'RS'}</msg>
<arg>${json_data['results'][0]}</arg>
<doc>Logs the given message with the given level.</doc>
<status status="PASS" start="2024-06-12T19:13:03.835230" elapsed="0.000403"/>
</kw>
<kw name="Log" owner="BuiltIn">
<msg time="2024-06-12T19:13:03.836054" level="INFO">gender</msg>
<arg>${key}</arg>
<doc>Logs the given message with the given level.</doc>
<status status="PASS" start="2024-06-12T19:13:03.835927" elapsed="0.000166"/>
</kw>
<var name="${key}">gender</var>
<status status="PASS" start="2024-06-12T19:13:03.834524" elapsed="0.001794"/>
</iter>
<iter>
<kw name="Dictionary Should Contain Key" owner="Collections">
<arg>${json_data['results'][0]}</arg>
<arg>${key}</arg>
<doc>Fails if ``key`` is not found from ``dictionary``.</doc>
<status status="PASS" start="2024-06-12T19:13:03.836614" elapsed="0.000391"/>
</kw>
<kw name="Log" owner="BuiltIn">
<msg time="2024-06-12T19:13:03.837527" level="INFO">{'gender': 'male', 'name': {'title': 'Mr', 'first': 'Marinko', 'last': 'Vasić'}, 'location': {'street': {'number': 3542, 'name': 'Milorada ćirića'}, 'city': 'Kosovo Polje', 'state': 'Moravica', 'country': 'Serbia', 'postcode': 78101, 'coordinates': {'latitude': '59.0506', 'longitude': '-143.3749'}, 'timezone': {'offset': '-4:00', 'description': 'Atlantic Time (Canada), Caracas, La Paz'}}, 'email': 'marinko.vasic@example.com', 'login': {'uuid': '6e45855c-7924-4b97-80f6-ee38e797ab7d', 'username': 'whitegorilla938', 'password': '159357', 'salt': 'DLiqUKBs', 'md5': '25476d70b0cadd96021e8588904d361f', 'sha1': '9baa0adb8c6dd0e33bff47866e1216de5ee97526', 'sha256': '74b5ad18b355d45f77524d4d2e024d09dfa64f9f97f9398e8ee2972dfc892c44'}, 'dob': {'date': '1996-01-10T17:14:57.782Z', 'age': 28}, 'registered': {'date': '2007-03-11T12:39:00.785Z', 'age': 17}, 'phone': '034-6466-485', 'cell': '065-4221-527', 'id': {'name': 'SID', 'value': '371695492'}, 'picture': {'large': 'https://randomuser.me/api/portraits/men/53.jpg', 'medium': 'https://randomuser.me/api/portraits/med/men/53.jpg', 'thumbnail': 'https://randomuser.me/api/portraits/thumb/men/53.jpg'}, 'nat': 'RS'}</msg>
<arg>${json_data['results'][0]}</arg>
<doc>Logs the given message with the given level.</doc>
<status status="PASS" start="2024-06-12T19:13:03.837185" elapsed="0.000425"/>
</kw>
<kw name="Log" owner="BuiltIn">
<msg time="2024-06-12T19:13:03.838070" level="INFO">name</msg>
<arg>${key}</arg>
<doc>Logs the given message with the given level.</doc>
<status status="PASS" start="2024-06-12T19:13:03.837939" elapsed="0.000169"/>
</kw>
<var name="${key}">name</var>
<status status="PASS" start="2024-06-12T19:13:03.836504" elapsed="0.001821"/>
</iter>
<iter>
<kw name="Dictionary Should Contain Key" owner="Collections">
<arg>${json_data['results'][0]}</arg>
<arg>${key}</arg>
<doc>Fails if ``key`` is not found from ``dictionary``.</doc>
<status status="PASS" start="2024-06-12T19:13:03.838613" elapsed="0.000373"/>
</kw>
<kw name="Log" owner="BuiltIn">
<msg time="2024-06-12T19:13:03.839523" level="INFO">{'gender': 'male', 'name': {'title': 'Mr', 'first': 'Marinko', 'last': 'Vasić'}, 'location': {'street': {'number': 3542, 'name': 'Milorada ćirića'}, 'city': 'Kosovo Polje', 'state': 'Moravica', 'country': 'Serbia', 'postcode': 78101, 'coordinates': {'latitude': '59.0506', 'longitude': '-143.3749'}, 'timezone': {'offset': '-4:00', 'description': 'Atlantic Time (Canada), Caracas, La Paz'}}, 'email': 'marinko.vasic@example.com', 'login': {'uuid': '6e45855c-7924-4b97-80f6-ee38e797ab7d', 'username': 'whitegorilla938', 'password': '159357', 'salt': 'DLiqUKBs', 'md5': '25476d70b0cadd96021e8588904d361f', 'sha1': '9baa0adb8c6dd0e33bff47866e1216de5ee97526', 'sha256': '74b5ad18b355d45f77524d4d2e024d09dfa64f9f97f9398e8ee2972dfc892c44'}, 'dob': {'date': '1996-01-10T17:14:57.782Z', 'age': 28}, 'registered': {'date': '2007-03-11T12:39:00.785Z', 'age': 17}, 'phone': '034-6466-485', 'cell': '065-4221-527', 'id': {'name': 'SID', 'value': '371695492'}, 'picture': {'large': 'https://randomuser.me/api/portraits/men/53.jpg', 'medium': 'https://randomuser.me/api/portraits/med/men/53.jpg', 'thumbnail': 'https://randomuser.me/api/portraits/thumb/men/53.jpg'}, 'nat': 'RS'}</msg>
<arg>${json_data['results'][0]}</arg>
<doc>Logs the given message with the given level.</doc>
<status status="PASS" start="2024-06-12T19:13:03.839171" elapsed="0.000403"/>
</kw>
<kw name="Log" owner="BuiltIn">
<msg time="2024-06-12T19:13:03.839987" level="INFO">location</msg>
<arg>${key}</arg>
<doc>Logs the given message with the given level.</doc>
<status status="PASS" start="2024-06-12T19:13:03.839863" elapsed="0.000170"/>
</kw>
<var name="${key}">location</var>
<status status="PASS" start="2024-06-12T19:13:03.838505" elapsed="0.001746"/>
</iter>
<iter>
<kw name="Dictionary Should Contain Key" owner="Collections">
<arg>${json_data['results'][0]}</arg>
<arg>${key}</arg>
<doc>Fails if ``key`` is not found from ``dictionary``.</doc>
<status status="PASS" start="2024-06-12T19:13:03.840529" elapsed="0.000380"/>
</kw>
<kw name="Log" owner="BuiltIn">
<msg time="2024-06-12T19:13:03.841494" level="INFO">{'gender': 'male', 'name': {'title': 'Mr', 'first': 'Marinko', 'last': 'Vasić'}, 'location': {'street': {'number': 3542, 'name': 'Milorada ćirića'}, 'city': 'Kosovo Polje', 'state': 'Moravica', 'country': 'Serbia', 'postcode': 78101, 'coordinates': {'latitude': '59.0506', 'longitude': '-143.3749'}, 'timezone': {'offset': '-4:00', 'description': 'Atlantic Time (Canada), Caracas, La Paz'}}, 'email': 'marinko.vasic@example.com', 'login': {'uuid': '6e45855c-7924-4b97-80f6-ee38e797ab7d', 'username': 'whitegorilla938', 'password': '159357', 'salt': 'DLiqUKBs', 'md5': '25476d70b0cadd96021e8588904d361f', 'sha1': '9baa0adb8c6dd0e33bff47866e1216de5ee97526', 'sha256': '74b5ad18b355d45f77524d4d2e024d09dfa64f9f97f9398e8ee2972dfc892c44'}, 'dob': {'date': '1996-01-10T17:14:57.782Z', 'age': 28}, 'registered': {'date': '2007-03-11T12:39:00.785Z', 'age': 17}, 'phone': '034-6466-485', 'cell': '065-4221-527', 'id': {'name': 'SID', 'value': '371695492'}, 'picture': {'large': 'https://randomuser.me/api/portraits/men/53.jpg', 'medium': 'https://randomuser.me/api/portraits/med/men/53.jpg', 'thumbnail': 'https://randomuser.me/api/portraits/thumb/men/53.jpg'}, 'nat': 'RS'}</msg>
<arg>${json_data['results'][0]}</arg>
<doc>Logs the given message with the given level.</doc>
<status status="PASS" start="2024-06-12T19:13:03.841089" elapsed="0.000456"/>
</kw>
<kw name="Log" owner="BuiltIn">
<msg time="2024-06-12T19:13:03.842029" level="INFO">email</msg>
<arg>${key}</arg>
<doc>Logs the given message with the given level.</doc>
<status status="PASS" start="2024-06-12T19:13:03.841892" elapsed="0.000175"/>
</kw>
<var name="${key}">email</var>
<status status="PASS" start="2024-06-12T19:13:03.840424" elapsed="0.001857"/>
</iter>
<iter>
<kw name="Dictionary Should Contain Key" owner="Collections">
<arg>${json_data['results'][0]}</arg>
<arg>${key}</arg>
<doc>Fails if ``key`` is not found from ``dictionary``.</doc>
<status status="PASS" start="2024-06-12T19:13:03.842560" elapsed="0.000389"/>
</kw>
<kw name="Log" owner="BuiltIn">
<msg time="2024-06-12T19:13:03.843480" level="INFO">{'gender': 'male', 'name': {'title': 'Mr', 'first': 'Marinko', 'last': 'Vasić'}, 'location': {'street': {'number': 3542, 'name': 'Milorada ćirića'}, 'city': 'Kosovo Polje', 'state': 'Moravica', 'country': 'Serbia', 'postcode': 78101, 'coordinates': {'latitude': '59.0506', 'longitude': '-143.3749'}, 'timezone': {'offset': '-4:00', 'description': 'Atlantic Time (Canada), Caracas, La Paz'}}, 'email': 'marinko.vasic@example.com', 'login': {'uuid': '6e45855c-7924-4b97-80f6-ee38e797ab7d', 'username': 'whitegorilla938', 'password': '159357', 'salt': 'DLiqUKBs', 'md5': '25476d70b0cadd96021e8588904d361f', 'sha1': '9baa0adb8c6dd0e33bff47866e1216de5ee97526', 'sha256': '74b5ad18b355d45f77524d4d2e024d09dfa64f9f97f9398e8ee2972dfc892c44'}, 'dob': {'date': '1996-01-10T17:14:57.782Z', 'age': 28}, 'registered': {'date': '2007-03-11T12:39:00.785Z', 'age': 17}, 'phone': '034-6466-485', 'cell': '065-4221-527', 'id': {'name': 'SID', 'value': '371695492'}, 'picture': {'large': 'https://randomuser.me/api/portraits/men/53.jpg', 'medium': 'https://randomuser.me/api/portraits/med/men/53.jpg', 'thumbnail': 'https://randomuser.me/api/portraits/thumb/men/53.jpg'}, 'nat': 'RS'}</msg>
<arg>${json_data['results'][0]}</arg>
<doc>Logs the given message with the given level.</doc>
<status status="PASS" start="2024-06-12T19:13:03.843131" elapsed="0.000398"/>
</kw>
<kw name="Log" owner="BuiltIn">
<msg time="2024-06-12T19:13:03.844050" level="INFO">login</msg>
<arg>${key}</arg>
<doc>Logs the given message with the given level.</doc>
<status status="PASS" start="2024-06-12T19:13:03.843818" elapsed="0.000270"/>
</kw>
<var name="${key}">login</var>
<status status="PASS" start="2024-06-12T19:13:03.842453" elapsed="0.001848"/>
</iter>
<var>${key}</var>
<value>@{expected_keys}</value>
<status status="PASS" start="2024-06-12T19:13:03.834336" elapsed="0.010092"/>
</for>
<kw name="Create List" owner="BuiltIn">
<msg time="2024-06-12T19:13:03.844789" level="INFO">${expected_keysTwo} = ['username', 'password']</msg>
<var>${expected_keysTwo}</var>
<arg>username</arg>
<arg>password</arg>
<doc>Returns a list containing given items.</doc>
<status status="PASS" start="2024-06-12T19:13:03.844623" elapsed="0.000190"/>
</kw>
<for flavor="IN">
<iter>
<kw name="Dictionary Should Contain Key" owner="Collections">
<arg>${json_data['results'][0]['login']}</arg>
<arg>${keyTwo}</arg>
<doc>Fails if ``key`` is not found from ``dictionary``.</doc>
<status status="PASS" start="2024-06-12T19:13:03.845304" elapsed="0.000403"/>
</kw>
<kw name="Dictionary Should Contain Key" owner="Collections">
<arg>${json_data['results'][0]['login']}</arg>
<arg>${keyTwo}</arg>
<doc>Fails if ``key`` is not found from ``dictionary``.</doc>
<status status="PASS" start="2024-06-12T19:13:03.845911" elapsed="0.000368"/>
</kw>
<kw name="Log" owner="BuiltIn">
<msg time="2024-06-12T19:13:03.846571" level="INFO">username</msg>
<arg>${keyTwo}</arg>
<doc>Logs the given message with the given level.</doc>
<status status="PASS" start="2024-06-12T19:13:03.846454" elapsed="0.000152"/>
</kw>
<var name="${keyTwo}">username</var>
<status status="PASS" start="2024-06-12T19:13:03.845198" elapsed="0.001627"/>
</iter>
<iter>
<kw name="Dictionary Should Contain Key" owner="Collections">
<arg>${json_data['results'][0]['login']}</arg>
<arg>${keyTwo}</arg>
<doc>Fails if ``key`` is not found from ``dictionary``.</doc>
<status status="PASS" start="2024-06-12T19:13:03.847106" elapsed="0.000383"/>
</kw>
<kw name="Dictionary Should Contain Key" owner="Collections">
<arg>${json_data['results'][0]['login']}</arg>
<arg>${keyTwo}</arg>
<doc>Fails if ``key`` is not found from ``dictionary``.</doc>
<status status="PASS" start="2024-06-12T19:13:03.847666" elapsed="0.000359"/>
</kw>
<kw name="Log" owner="BuiltIn">
<msg time="2024-06-12T19:13:03.848314" level="INFO">password</msg>
<arg>${keyTwo}</arg>
<doc>Logs the given message with the given level.</doc>
<status status="PASS" start="2024-06-12T19:13:03.848199" elapsed="0.000151"/>
</kw>
<var name="${keyTwo}">password</var>
<status status="PASS" start="2024-06-12T19:13:03.847001" elapsed="0.001567"/>
</iter>
<var>${keyTwo}</var>
<value>@{expected_keysTwo}</value>
<status status="PASS" start="2024-06-12T19:13:03.845049" elapsed="0.003639"/>
</for>
<status status="PASS" start="2024-06-12T19:13:03.667020" elapsed="0.181806"/>
</kw>
<doc>Testa a estrutura da resposta da API.</doc>
<tag>testeEstruturaResposta</tag>
<status status="PASS" start="2024-06-12T19:13:03.666283" elapsed="0.182693"/>
</test>
<test id="s1-s1-t4" name="Validar tipos de dados" line="28">
<kw name="Teste de Tipos de Dados" owner="random-user-service">
<kw name="GET On Session" owner="RequestsLibrary">
<msg time="2024-06-12T19:13:03.941466" level="INFO">GET Request : url=https://randomuser.me/api 
 path_url=/api 
 headers={'User-Agent': 'python-requests/2.32.3', 'Accept-Encoding': 'gzip, deflate', 'Accept': '*/*', 'Connection': 'keep-alive'} 
 body=None 
 </msg>
<msg time="2024-06-12T19:13:03.941546" level="INFO">GET Response : url=https://randomuser.me/api 
 status=200, reason=OK 
 headers={'Date': 'Wed, 12 Jun 2024 19:13:03 GMT', 'Content-Type': 'application/json; charset=utf-8', 'Transfer-Encoding': 'chunked', 'Connection': 'keep-alive', 'X-Powered-By': 'Express', 'Access-Control-Allow-Origin': '*', 'Cache-Control': 'no-cache', 'ETag': 'W/"493-XixFAj5up+erP2EWMSIyTHaWiEc"', 'Vary': 'Accept-Encoding', 'Content-Encoding': 'gzip', 'CF-Cache-Status': 'DYNAMIC', 'Report-To': '{"endpoints":[{"url":"https:\\/\\/a.nel.cloudflare.com\\/report\\/v4?s=skp%2FzI%2BExvxlsbTNvgjcrKM9hfRrmaLHfNxX3WG4NY1SPqwDhSa2DcKbrwMWj0GAJ5atQVACf3XZwMDYlWn9mzEU4isd1rkQyZivHvNH86hfaSfb7U%2BgEsJ1ao76juoa"}],"group":"cf-nel","max_age":604800}', 'NEL': '{"success_fraction":0,"report_to":"cf-nel","max_age":604800}', 'Server': 'cloudflare', 'CF-RAY': '892c27ef193915ed-SJC', 'alt-svc': 'h3=":443"; ma=86400'} 
 body={"results":[{"gender":"male","name":{"title":"Mr","first":"Corey","last":"Nelson"},"location":{"street":{"number":8445,"name":"Queen Street"},"city":"Truro","state":"Avon","country":"United Kingdom","postcode":"UH4Z 0LG","coordinates":{"latitude":"-9.2090","longitude":"-84.0176"},"timezone":{"offset":"+1:00","description":"Brussels, Copenhagen, Madrid, Paris"}},"email":"corey.nelson@example.com","login":{"uuid":"3a7dae00-a197-477c-b5ae-02959a8fbbf2","username":"purpletiger132","password":"eastern","salt":"PgLBBCVR","md5":"a43d6c56481bdfc593d5494f25d92c57","sha1":"30a4319478ced1281ea85eb71013765e7f6c039a","sha256":"40a6160b65de07e286c0a61ed97825ec83e083948a282a0475904c80ce767462"},"dob":{"date":"1952-07-13T02:23:14.653Z","age":71},"registered":{"date":"2014-07-17T23:23:38.612Z","age":9},"phone":"024 4818 1941","cell":"07902 126178","id":{"name":"NINO","value":"AM 67 09 71 M"},"picture":{"large":"https://randomuser.me/api/portraits/men/34.jpg","medium":"https://randomuser.me/api/portraits/med/men/34.jpg","thumbnail":"https://randomuser.me/api/portraits/thumb/men/34.jpg"},"nat":"GB"}],"info":{"seed":"0425bd588a5bdc76","results":1,"page":1,"version":"1.4"}} 
 </msg>
<msg time="2024-06-12T19:13:03.941609" level="INFO">/opt/hostedtoolcache/Python/3.12.3/x64/lib/python3.12/site-packages/urllib3/connectionpool.py:1103: InsecureRequestWarning: Unverified HTTPS request is being made to host 'randomuser.me'. Adding certificate verification is strongly advised. See: https://urllib3.readthedocs.io/en/latest/advanced-usage.html#tls-warnings
  warnings.warn(</msg>
<msg time="2024-06-12T19:13:03.941747" level="INFO">${response} = &lt;Response [200]&gt;</msg>
<var>${response}</var>
<arg>consultarAPI</arg>
<arg>/api</arg>
<doc>Sends a GET request on a previously created HTTP Session.</doc>
<status status="PASS" start="2024-06-12T19:13:03.851485" elapsed="0.090303"/>
</kw>
<kw name="Set Variable" owner="BuiltIn">
<msg time="2024-06-12T19:13:03.942853" level="INFO">${json_data} = {'results': [{'gender': 'male', 'name': {'title': 'Mr', 'first': 'Corey', 'last': 'Nelson'}, 'location': {'street': {'number': 8445, 'name': 'Queen Street'}, 'city': 'Truro', 'state': 'Avon', 'country...</msg>
<var>${json_data}</var>
<arg>${response.json()}</arg>
<doc>Returns the given values which can then be assigned to a variables.</doc>
<status status="PASS" start="2024-06-12T19:13:03.942322" elapsed="0.000561"/>
</kw>
<kw name="Log" owner="BuiltIn">
<msg time="2024-06-12T19:13:03.943338" level="INFO">{'results': [{'gender': 'male', 'name': {'title': 'Mr', 'first': 'Corey', 'last': 'Nelson'}, 'location': {'street': {'number': 8445, 'name': 'Queen Street'}, 'city': 'Truro', 'state': 'Avon', 'country': 'United Kingdom', 'postcode': 'UH4Z 0LG', 'coordinates': {'latitude': '-9.2090', 'longitude': '-84.0176'}, 'timezone': {'offset': '+1:00', 'description': 'Brussels, Copenhagen, Madrid, Paris'}}, 'email': 'corey.nelson@example.com', 'login': {'uuid': '3a7dae00-a197-477c-b5ae-02959a8fbbf2', 'username': 'purpletiger132', 'password': 'eastern', 'salt': 'PgLBBCVR', 'md5': 'a43d6c56481bdfc593d5494f25d92c57', 'sha1': '30a4319478ced1281ea85eb71013765e7f6c039a', 'sha256': '40a6160b65de07e286c0a61ed97825ec83e083948a282a0475904c80ce767462'}, 'dob': {'date': '1952-07-13T02:23:14.653Z', 'age': 71}, 'registered': {'date': '2014-07-17T23:23:38.612Z', 'age': 9}, 'phone': '024 4818 1941', 'cell': '07902 126178', 'id': {'name': 'NINO', 'value': 'AM 67 09 71 M'}, 'picture': {'large': 'https://randomuser.me/api/portraits/men/34.jpg', 'medium': 'https://randomuser.me/api/portraits/med/men/34.jpg', 'thumbnail': 'https://randomuser.me/api/portraits/thumb/men/34.jpg'}, 'nat': 'GB'}], 'info': {'seed': '0425bd588a5bdc76', 'results': 1, 'page': 1, 'version': '1.4'}}</msg>
<arg>${json_data}</arg>
<doc>Logs the given message with the given level.</doc>
<status status="PASS" start="2024-06-12T19:13:03.943187" elapsed="0.000197"/>
</kw>
<kw name="Should Be String" owner="String">
<arg>${json_data['results'][0]['gender']}</arg>
<doc>Fails if the given ``item`` is not a string.</doc>
<status status="PASS" start="2024-06-12T19:13:03.943669" elapsed="0.000359"/>
</kw>
<kw name="Should Match Regexp" owner="BuiltIn">
<arg>${json_data['results'][0]['email']}</arg>
<arg>^[a-zA-Z0-9._%+-]+@[a-zA-Z0-9.-]+\.[a-zA-Z]{2,}$</arg>
<doc>Fails if ``string`` does not match ``pattern`` as a regular expression.</doc>
<status status="PASS" start="2024-06-12T19:13:03.944214" elapsed="0.000548"/>
</kw>
<kw name="Should Match Regexp" owner="BuiltIn">
<arg>${json_data['results'][0]['dob']['date']}</arg>
<arg>\\d{4}-\\d{2}-\\d{2}T\\d{2}:\\d{2}:\\d{2}\\.\\d{3}Z</arg>
<doc>Fails if ``string`` does not match ``pattern`` as a regular expression.</doc>
<status status="PASS" start="2024-06-12T19:13:03.944957" elapsed="0.000481"/>
</kw>
<kw name="Should Match Regexp" owner="BuiltIn">
<arg>${json_data['results'][0]['registered']['date']}</arg>
<arg>\\d{4}-\\d{2}-\\d{2}T\\d{2}:\\d{2}:\\d{2}\\.\\d{3}Z</arg>
<doc>Fails if ``string`` does not match ``pattern`` as a regular expression.</doc>
<status status="PASS" start="2024-06-12T19:13:03.945625" elapsed="0.000402"/>
</kw>
<kw name="Should Match Regexp" owner="BuiltIn">
<arg>${json_data['results'][0]['picture']['large']}</arg>
<arg>^https?://.*\.(?:png|jpe?g|gif|bmp)$</arg>
<doc>Fails if ``string`` does not match ``pattern`` as a regular expression.</doc>
<status status="PASS" start="2024-06-12T19:13:03.946213" elapsed="0.000450"/>
</kw>
<kw name="Should Match Regexp" owner="BuiltIn">
<arg>${json_data['results'][0]['picture']['medium']}</arg>
<arg>^https?://.*\.(?:png|jpe?g|gif|bmp)$</arg>
<doc>Fails if ``string`` does not match ``pattern`` as a regular expression.</doc>
<status status="PASS" start="2024-06-12T19:13:03.946851" elapsed="0.000346"/>
</kw>
<kw name="Should Match Regexp" owner="BuiltIn">
<arg>${json_data['results'][0]['picture']['thumbnail']}</arg>
<arg>^https?://.*\.(?:png|jpe?g|gif|bmp)$</arg>
<doc>Fails if ``string`` does not match ``pattern`` as a regular expression.</doc>
<status status="PASS" start="2024-06-12T19:13:03.947383" elapsed="0.000338"/>
</kw>
<kw name="Log" owner="BuiltIn">
<msg time="2024-06-12T19:13:03.948222" level="INFO">{'large': 'https://randomuser.me/api/portraits/men/34.jpg', 'medium': 'https://randomuser.me/api/portraits/med/men/34.jpg', 'thumbnail': 'https://randomuser.me/api/portraits/thumb/men/34.jpg'}</msg>
<arg>${json_data['results'][0]['picture']}</arg>
<doc>Logs the given message with the given level.</doc>
<status status="PASS" start="2024-06-12T19:13:03.947897" elapsed="0.000366"/>
</kw>
<status status="PASS" start="2024-06-12T19:13:03.851256" elapsed="0.097277"/>
</kw>
<kw name="Teste de Tipos de Dados - Postcode" owner="random-user-service">
<kw name="GET On Session" owner="RequestsLibrary">
<msg time="2024-06-12T19:13:04.041486" level="INFO">GET Request : url=https://randomuser.me/api 
 path_url=/api 
 headers={'User-Agent': 'python-requests/2.32.3', 'Accept-Encoding': 'gzip, deflate', 'Accept': '*/*', 'Connection': 'keep-alive'} 
 body=None 
 </msg>
<msg time="2024-06-12T19:13:04.041563" level="INFO">GET Response : url=https://randomuser.me/api 
 status=200, reason=OK 
 headers={'Date': 'Wed, 12 Jun 2024 19:13:04 GMT', 'Content-Type': 'application/json; charset=utf-8', 'Transfer-Encoding': 'chunked', 'Connection': 'keep-alive', 'X-Powered-By': 'Express', 'Access-Control-Allow-Origin': '*', 'Cache-Control': 'no-cache', 'ETag': 'W/"46c-meZu1zP/KZCVtc0/+UGq90UviXI"', 'Vary': 'Accept-Encoding', 'Content-Encoding': 'gzip', 'CF-Cache-Status': 'DYNAMIC', 'Report-To': '{"endpoints":[{"url":"https:\\/\\/a.nel.cloudflare.com\\/report\\/v4?s=dnMVy5wSZkHaqHs9zcgbe40oT2ELFyOrkUfAbTVNYJ1ei4LyAYnAbfWnPwjqfesGf9L8CTuwBo%2Bj8VvGQlpXH6DTAcOamN1rn0dGGHKePKy2N0OGdXVoDigVtd0Gkudv"}],"group":"cf-nel","max_age":604800}', 'NEL': '{"success_fraction":0,"report_to":"cf-nel","max_age":604800}', 'Server': 'cloudflare', 'CF-RAY': '892c27efb9c615ed-SJC', 'alt-svc': 'h3=":443"; ma=86400'} 
 body={"results":[{"gender":"male","name":{"title":"Mr","first":"Vidar","last":"Huseby"},"location":{"street":{"number":2456,"name":"C. A. Pihls gate"},"city":"Kirkenes","state":"Hordaland","country":"Norway","postcode":"8064","coordinates":{"latitude":"45.5343","longitude":"-166.9932"},"timezone":{"offset":"-2:00","description":"Mid-Atlantic"}},"email":"vidar.huseby@example.com","login":{"uuid":"f553165c-8130-444c-8ac2-7abd7d5fec39","username":"smalldog513","password":"ninja1","salt":"FemdsqWV","md5":"6a80f3160b678346ba573a8d0da2a176","sha1":"dbb98f68726be26ae9c846284fae99c3f361e5f2","sha256":"1a08a155c6a65458f8b423a52c7b37e58f7deddc5cc3f3cf7bf99782dfb731fa"},"dob":{"date":"1983-03-20T09:50:38.475Z","age":41},"registered":{"date":"2017-02-18T15:06:44.403Z","age":7},"phone":"58398726","cell":"40360233","id":{"name":"FN","value":"20038307321"},"picture":{"large":"https://randomuser.me/api/portraits/men/84.jpg","medium":"https://randomuser.me/api/portraits/med/men/84.jpg","thumbnail":"https://randomuser.me/api/portraits/thumb/men/84.jpg"},"nat":"NO"}],"info":{"seed":"5e6916a13cb6f771","results":1,"page":1,"version":"1.4"}} 
 </msg>
<msg time="2024-06-12T19:13:04.041630" level="INFO">/opt/hostedtoolcache/Python/3.12.3/x64/lib/python3.12/site-packages/urllib3/connectionpool.py:1103: InsecureRequestWarning: Unverified HTTPS request is being made to host 'randomuser.me'. Adding certificate verification is strongly advised. See: https://urllib3.readthedocs.io/en/latest/advanced-usage.html#tls-warnings
  warnings.warn(</msg>
<msg time="2024-06-12T19:13:04.041755" level="INFO">${response} = &lt;Response [200]&gt;</msg>
<var>${response}</var>
<arg>consultarAPI</arg>
<arg>/api</arg>
<doc>Sends a GET request on a previously created HTTP Session.</doc>
<status status="PASS" start="2024-06-12T19:13:03.948980" elapsed="0.092817"/>
</kw>
<kw name="Set Variable" owner="BuiltIn">
<msg time="2024-06-12T19:13:04.042598" level="INFO">${json_data} = {'results': [{'gender': 'male', 'name': {'title': 'Mr', 'first': 'Vidar', 'last': 'Huseby'}, 'location': {'street': {'number': 2456, 'name': 'C. A. Pihls gate'}, 'city': 'Kirkenes', 'state': 'Hordalan...</msg>
<var>${json_data}</var>
<arg>${response.json()}</arg>
<doc>Returns the given values which can then be assigned to a variables.</doc>
<status status="PASS" start="2024-06-12T19:13:04.042175" elapsed="0.000453"/>
</kw>
<kw name="Log" owner="BuiltIn">
<msg time="2024-06-12T19:13:04.043074" level="INFO">{'results': [{'gender': 'male', 'name': {'title': 'Mr', 'first': 'Vidar', 'last': 'Huseby'}, 'location': {'street': {'number': 2456, 'name': 'C. A. Pihls gate'}, 'city': 'Kirkenes', 'state': 'Hordaland', 'country': 'Norway', 'postcode': '8064', 'coordinates': {'latitude': '45.5343', 'longitude': '-166.9932'}, 'timezone': {'offset': '-2:00', 'description': 'Mid-Atlantic'}}, 'email': 'vidar.huseby@example.com', 'login': {'uuid': 'f553165c-8130-444c-8ac2-7abd7d5fec39', 'username': 'smalldog513', 'password': 'ninja1', 'salt': 'FemdsqWV', 'md5': '6a80f3160b678346ba573a8d0da2a176', 'sha1': 'dbb98f68726be26ae9c846284fae99c3f361e5f2', 'sha256': '1a08a155c6a65458f8b423a52c7b37e58f7deddc5cc3f3cf7bf99782dfb731fa'}, 'dob': {'date': '1983-03-20T09:50:38.475Z', 'age': 41}, 'registered': {'date': '2017-02-18T15:06:44.403Z', 'age': 7}, 'phone': '58398726', 'cell': '40360233', 'id': {'name': 'FN', 'value': '20038307321'}, 'picture': {'large': 'https://randomuser.me/api/portraits/men/84.jpg', 'medium': 'https://randomuser.me/api/portraits/med/men/84.jpg', 'thumbnail': 'https://randomuser.me/api/portraits/thumb/men/84.jpg'}, 'nat': 'NO'}], 'info': {'seed': '5e6916a13cb6f771', 'results': 1, 'page': 1, 'version': '1.4'}}</msg>
<arg>${json_data}</arg>
<doc>Logs the given message with the given level.</doc>
<status status="PASS" start="2024-06-12T19:13:04.042925" elapsed="0.000195"/>
</kw>
<kw name="Should Be Equal As Numbers" owner="BuiltIn">
<arg>${json_data['results'][0]['location']['postcode']}</arg>
<arg>${json_data['results'][0]['location']['postcode']}</arg>
<doc>Fails if objects are unequal after converting them to real numbers.</doc>
<status status="PASS" start="2024-06-12T19:13:04.043411" elapsed="0.000613"/>
</kw>
<kw name="Log" owner="BuiltIn">
<msg time="2024-06-12T19:13:04.044542" level="INFO">8064</msg>
<arg>${json_data['results'][0]['location']['postcode']}</arg>
<doc>Logs the given message with the given level.</doc>
<status status="PASS" start="2024-06-12T19:13:04.044212" elapsed="0.000369"/>
</kw>
<status status="PASS" start="2024-06-12T19:13:03.948748" elapsed="0.096107"/>
</kw>
<doc>Testa se os tipos de dados na resposta da API estão corretos.</doc>
<tag>testeTiposDados</tag>
<status status="PASS" start="2024-06-12T19:13:03.850738" elapsed="0.194279"/>
</test>
<test id="s1-s1-t5" name="Validar conteudo" line="35">
<kw name="Teste de Tipos de Conteudo" owner="random-user-service">
<kw name="GET On Session" owner="RequestsLibrary">
<msg time="2024-06-12T19:13:04.235726" level="INFO">GET Request : url=https://randomuser.me/api 
 path_url=/api 
 headers={'User-Agent': 'python-requests/2.32.3', 'Accept-Encoding': 'gzip, deflate', 'Accept': '*/*', 'Connection': 'keep-alive'} 
 body=None 
 </msg>
<msg time="2024-06-12T19:13:04.235853" level="INFO">GET Response : url=https://randomuser.me/api 
 status=200, reason=OK 
 headers={'Date': 'Wed, 12 Jun 2024 19:13:04 GMT', 'Content-Type': 'application/json; charset=utf-8', 'Transfer-Encoding': 'chunked', 'Connection': 'keep-alive', 'X-Powered-By': 'Express', 'Access-Control-Allow-Origin': '*', 'Cache-Control': 'no-cache', 'ETag': 'W/"489-qK/9CZZ6zO/ZTiVjcTqRyTc9y9o"', 'Vary': 'Accept-Encoding', 'Content-Encoding': 'gzip', 'CF-Cache-Status': 'DYNAMIC', 'Report-To': '{"endpoints":[{"url":"https:\\/\\/a.nel.cloudflare.com\\/report\\/v4?s=oGXv6U0BIpA6TbtJ8cIF4eV5TQcoomQ%2FmdHc9QT704wtFKy0AQGJ%2FTjSV%2BckoFoZg3yQFSByY5Q8n1RnI8KJ9%2BD6sT8pC2xCsWutKBbyj4dlQjOkTgVAhrdgeV7hoXpQ"}],"group":"cf-nel","max_age":604800}', 'NEL': '{"success_fraction":0,"report_to":"cf-nel","max_age":604800}', 'Server': 'cloudflare', 'CF-RAY': '892c27f04a5e15ed-SJC', 'alt-svc': 'h3=":443"; ma=86400'} 
 body={"results":[{"gender":"female","name":{"title":"Mrs","first":"Sarah","last":"Carr"},"location":{"street":{"number":8465,"name":"Manchester Road"},"city":"Armagh","state":"Derbyshire","country":"United Kingdom","postcode":"V0K 3GE","coordinates":{"latitude":"-8.0207","longitude":"37.9304"},"timezone":{"offset":"-3:30","description":"Newfoundland"}},"email":"sarah.carr@example.com","login":{"uuid":"d154d604-3004-4492-8c32-7f59c76b6aef","username":"blueladybug950","password":"butterfly","salt":"cdppKkYY","md5":"d49dc4fc5ec939e9df00959f966b5a1b","sha1":"0e7417c4a7a1af52f6f786eb7105e45e56b3ccfc","sha256":"c89a616729a90917d5167cf1bebc1784cfd92d62fdbd51d39cc1143ae3c0e9f7"},"dob":{"date":"1963-11-08T04:16:57.995Z","age":60},"registered":{"date":"2014-09-24T08:26:54.889Z","age":9},"phone":"016977 2880","cell":"07400 381658","id":{"name":"NINO","value":"CC 24 07 70 Y"},"picture":{"large":"https://randomuser.me/api/portraits/women/76.jpg","medium":"https://randomuser.me/api/portraits/med/women/76.jpg","thumbnail":"https://randomuser.me/api/portraits/thumb/women/76.jpg"},"nat":"GB"}],"info":{"seed":"82269c45687b1f00","results":1,"page":1,"version":"1.4"}} 
 </msg>
<msg time="2024-06-12T19:13:04.235946" level="INFO">/opt/hostedtoolcache/Python/3.12.3/x64/lib/python3.12/site-packages/urllib3/connectionpool.py:1103: InsecureRequestWarning: Unverified HTTPS request is being made to host 'randomuser.me'. Adding certificate verification is strongly advised. See: https://urllib3.readthedocs.io/en/latest/advanced-usage.html#tls-warnings
  warnings.warn(</msg>
<msg time="2024-06-12T19:13:04.236061" level="INFO">${response} = &lt;Response [200]&gt;</msg>
<var>${response}</var>
<arg>consultarAPI</arg>
<arg>/api</arg>
<doc>Sends a GET request on a previously created HTTP Session.</doc>
<status status="PASS" start="2024-06-12T19:13:04.047427" elapsed="0.188675"/>
</kw>
<kw name="Set Variable" owner="BuiltIn">
<msg time="2024-06-12T19:13:04.237144" level="INFO">${json_data} = {'results': [{'gender': 'female', 'name': {'title': 'Mrs', 'first': 'Sarah', 'last': 'Carr'}, 'location': {'street': {'number': 8465, 'name': 'Manchester Road'}, 'city': 'Armagh', 'state': 'Derbyshire...</msg>
<var>${json_data}</var>
<arg>${response.json()}</arg>
<doc>Returns the given values which can then be assigned to a variables.</doc>
<status status="PASS" start="2024-06-12T19:13:04.236580" elapsed="0.000592"/>
</kw>
<kw name="Set Variable" owner="BuiltIn">
<msg time="2024-06-12T19:13:04.237924" level="INFO">${name_title} = Mrs</msg>
<var>${name_title}</var>
<arg>${json_data["results"][0]["name"]["title"]}</arg>
<doc>Returns the given values which can then be assigned to a variables.</doc>
<status status="PASS" start="2024-06-12T19:13:04.237473" elapsed="0.000477"/>
</kw>
<kw name="Create List" owner="BuiltIn">
<msg time="2024-06-12T19:13:04.238413" level="INFO">${allowed_titles} = ['Mr', 'Ms', 'Miss', 'Mrs', 'Madame', 'Monsieur']</msg>
<var>${allowed_titles}</var>
<arg>Mr</arg>
<arg>Ms</arg>
<arg>Miss</arg>
<arg>Mrs</arg>
<arg>Madame</arg>
<arg>Monsieur</arg>
<doc>Returns a list containing given items.</doc>
<status status="PASS" start="2024-06-12T19:13:04.238264" elapsed="0.000174"/>
</kw>
<kw name="List Should Contain Value" owner="Collections">
<arg>${allowed_titles}</arg>
<arg>${name_title}</arg>
<doc>Fails if the ``value`` is not found from ``list``.</doc>
<status status="PASS" start="2024-06-12T19:13:04.238729" elapsed="0.000174"/>
</kw>
<kw name="Set Variable" owner="BuiltIn">
<msg time="2024-06-12T19:13:04.239447" level="INFO">${name_country} = GB</msg>
<var>${name_country}</var>
<arg>${json_data["results"][0]["nat"]}</arg>
<doc>Returns the given values which can then be assigned to a variables.</doc>
<status status="PASS" start="2024-06-12T19:13:04.239084" elapsed="0.000387"/>
</kw>
<kw name="Create List" owner="BuiltIn">
<msg time="2024-06-12T19:13:04.240386" level="INFO">${list_country} = ['AD', 'AE', 'AF', 'AG', 'AI', 'AL', 'AM', 'AO', 'AQ', 'AR', 'AS', 'AT', 'AU', 'AW', 'AX', 'AZ', 'BA', 'BB', 'BD', 'BE', 'BF', 'BG', 'BH', 'BI', 'BJ', 'BL', 'BM', 'BN', 'BO', 'BQ', 'BR', 'BS', 'BT', '...</msg>
<var>${list_country}</var>
<arg>AD</arg>
<arg>AE</arg>
<arg>AF</arg>
<arg>AG</arg>
<arg>AI</arg>
<arg>AL</arg>
<arg>AM</arg>
<arg>AO</arg>
<arg>AQ</arg>
<arg>AR</arg>
<arg>AS</arg>
<arg>AT</arg>
<arg>AU</arg>
<arg>AW</arg>
<arg>AX</arg>
<arg>AZ</arg>
<arg>BA</arg>
<arg>BB</arg>
<arg>BD</arg>
<arg>BE</arg>
<arg>BF</arg>
<arg>BG</arg>
<arg>BH</arg>
<arg>BI</arg>
<arg>BJ</arg>
<arg>BL</arg>
<arg>BM</arg>
<arg>BN</arg>
<arg>BO</arg>
<arg>BQ</arg>
<arg>BR</arg>
<arg>BS</arg>
<arg>BT</arg>
<arg>BV</arg>
<arg>BW</arg>
<arg>BY</arg>
<arg>BZ</arg>
<arg>CA</arg>
<arg>CC</arg>
<arg>CD</arg>
<arg>CF</arg>
<arg>CG</arg>
<arg>CH</arg>
<arg>CI</arg>
<arg>CK</arg>
<arg>CL</arg>
<arg>CM</arg>
<arg>CN</arg>
<arg>CO</arg>
<arg>CR</arg>
<arg>CU</arg>
<arg>CV</arg>
<arg>CW</arg>
<arg>CX</arg>
<arg>CY</arg>
<arg>CZ</arg>
<arg>DE</arg>
<arg>DJ</arg>
<arg>DK</arg>
<arg>DM</arg>
<arg>DO</arg>
<arg>DZ</arg>
<arg>EC</arg>
<arg>EE</arg>
<arg>EG</arg>
<arg>EH</arg>
<arg>ER</arg>
<arg>ES</arg>
<arg>ET</arg>
<arg>FI</arg>
<arg>FJ</arg>
<arg>FK</arg>
<arg>FM</arg>
<arg>FO</arg>
<arg>FR</arg>
<arg>GA</arg>
<arg>GB</arg>
<arg>GD</arg>
<arg>GE</arg>
<arg>GF</arg>
<arg>GG</arg>
<arg>GH</arg>
<arg>GI</arg>
<arg>GL</arg>
<arg>GM</arg>
<arg>GN</arg>
<arg>GP</arg>
<arg>GQ</arg>
<arg>GR</arg>
<arg>GS</arg>
<arg>GT</arg>
<arg>GU</arg>
<arg>GW</arg>
<arg>GY</arg>
<arg>HK</arg>
<arg>HM</arg>
<arg>HN</arg>
<arg>HR</arg>
<arg>HT</arg>
<arg>HU</arg>
<arg>ID</arg>
<arg>IE</arg>
<arg>IL</arg>
<arg>IM</arg>
<arg>IN</arg>
<arg>IO</arg>
<arg>IQ</arg>
<arg>IR</arg>
<arg>IS</arg>
<arg>IT</arg>
<arg>JE</arg>
<arg>JM</arg>
<arg>JO</arg>
<arg>JP</arg>
<arg>KE</arg>
<arg>KG</arg>
<arg>KH</arg>
<arg>KI</arg>
<arg>KM</arg>
<arg>KN</arg>
<arg>KP</arg>
<arg>KR</arg>
<arg>KW</arg>
<arg>KY</arg>
<arg>KZ</arg>
<arg>LA</arg>
<arg>LB</arg>
<arg>LC</arg>
<arg>LI</arg>
<arg>LK</arg>
<arg>LR</arg>
<arg>LS</arg>
<arg>LT</arg>
<arg>LU</arg>
<arg>LV</arg>
<arg>LY</arg>
<arg>MA</arg>
<arg>MC</arg>
<arg>MD</arg>
<arg>ME</arg>
<arg>MF</arg>
<arg>MG</arg>
<arg>MH</arg>
<arg>MK</arg>
<arg>ML</arg>
<arg>MM</arg>
<arg>MN</arg>
<arg>MO</arg>
<arg>MP</arg>
<arg>MQ</arg>
<arg>MR</arg>
<arg>MS</arg>
<arg>MT</arg>
<arg>MU</arg>
<arg>MV</arg>
<arg>MW</arg>
<arg>MX</arg>
<arg>MY</arg>
<arg>MZ</arg>
<arg>NA</arg>
<arg>NC</arg>
<arg>NE</arg>
<arg>NF</arg>
<arg>NG</arg>
<arg>NI</arg>
<arg>NL</arg>
<arg>NO</arg>
<arg>NP</arg>
<arg>NR</arg>
<arg>NU</arg>
<arg>NZ</arg>
<arg>OM</arg>
<arg>PA</arg>
<arg>PE</arg>
<arg>PF</arg>
<arg>PG</arg>
<arg>PH</arg>
<arg>PK</arg>
<arg>PL</arg>
<arg>PM</arg>
<arg>PN</arg>
<arg>PR</arg>
<arg>PS</arg>
<arg>PT</arg>
<arg>PW</arg>
<arg>PY</arg>
<arg>QA</arg>
<arg>RE</arg>
<arg>RO</arg>
<arg>RS</arg>
<arg>RU</arg>
<arg>RW</arg>
<arg>SA</arg>
<arg>SB</arg>
<arg>SC</arg>
<arg>SD</arg>
<arg>SE</arg>
<arg>SG</arg>
<arg>SH</arg>
<arg>SI</arg>
<arg>SJ</arg>
<arg>SK</arg>
<arg>SL</arg>
<arg>SM</arg>
<arg>SN</arg>
<arg>SO</arg>
<arg>SR</arg>
<arg>SS</arg>
<arg>ST</arg>
<arg>SV</arg>
<arg>SX</arg>
<arg>SY</arg>
<arg>SZ</arg>
<arg>TC</arg>
<arg>TD</arg>
<arg>TF</arg>
<arg>TG</arg>
<arg>TH</arg>
<arg>TJ</arg>
<arg>TK</arg>
<arg>TL</arg>
<arg>TM</arg>
<arg>TN</arg>
<arg>TO</arg>
<arg>TR</arg>
<arg>TT</arg>
<arg>TV</arg>
<arg>TW</arg>
<arg>TZ</arg>
<arg>UA</arg>
<arg>UG</arg>
<arg>UM</arg>
<arg>US</arg>
<arg>UY</arg>
<arg>UZ</arg>
<arg>VA</arg>
<arg>VC</arg>
<arg>VE</arg>
<arg>VG</arg>
<arg>VI</arg>
<arg>VN</arg>
<arg>VU</arg>
<arg>WF</arg>
<arg>WS</arg>
<arg>XK</arg>
<arg>YE</arg>
<arg>YT</arg>
<arg>ZA</arg>
<arg>ZM</arg>
<arg>ZW</arg>
<doc>Returns a list containing given items.</doc>
<status status="PASS" start="2024-06-12T19:13:04.239761" elapsed="0.000651"/>
</kw>
<kw name="List Should Contain Value" owner="Collections">
<arg>${list_country}</arg>
<arg>${name_country}</arg>
<doc>Fails if the ``value`` is not found from ``list``.</doc>
<status status="PASS" start="2024-06-12T19:13:04.241209" elapsed="0.000200"/>
</kw>
<kw name="Run Keyword If" owner="BuiltIn">
<kw name="Should Be True" owner="BuiltIn">
<arg>${True}</arg>
<doc>Fails if the given condition is not true.</doc>
<status status="PASS" start="2024-06-12T19:13:04.242512" elapsed="0.000142"/>
</kw>
<arg>${json_data["results"][0]["location"]["coordinates"]["latitude"]} &gt;= -90 and ${json_data["results"][0]["location"]["coordinates"]["latitude"]} &lt;= 90</arg>
<arg>Should Be True</arg>
<arg>${True}</arg>
<doc>Runs the given keyword with the given arguments, if ``condition`` is true.</doc>
<status status="PASS" start="2024-06-12T19:13:04.241605" elapsed="0.001172"/>
</kw>
<kw name="Run Keyword If" owner="BuiltIn">
<kw name="Should Be True" owner="BuiltIn">
<arg>${True}</arg>
<doc>Fails if the given condition is not true.</doc>
<status status="PASS" start="2024-06-12T19:13:04.243631" elapsed="0.000135"/>
</kw>
<arg>${json_data["results"][0]["location"]["coordinates"]["longitude"]} &gt;= -180 and ${json_data["results"][0]["location"]["coordinates"]["longitude"]} &lt;= 180</arg>
<arg>Should Be True</arg>
<arg>${True}</arg>
<doc>Runs the given keyword with the given arguments, if ``condition`` is true.</doc>
<status status="PASS" start="2024-06-12T19:13:04.242957" elapsed="0.000928"/>
</kw>
<status status="PASS" start="2024-06-12T19:13:04.047211" elapsed="0.196828"/>
</kw>
<doc>Testa o conteúdo específico dos campos retornados pela API.</doc>
<tag>testeConteudo</tag>
<status status="PASS" start="2024-06-12T19:13:04.046779" elapsed="0.197478"/>
</test>
<status status="PASS" start="2024-06-12T19:13:02.639232" elapsed="1.607080"/>
</suite>
<status status="PASS" start="2024-06-12T19:13:02.625630" elapsed="1.625773"/>
</suite>
<statistics>
<total>
<stat pass="5" fail="0" skip="0">All Tests</stat>
</total>
<tag>
<stat pass="1" fail="0" skip="0">testeConteudo</stat>
<stat pass="1" fail="0" skip="0">testeEstruturaResposta</stat>
<stat pass="1" fail="0" skip="0">testeRequisicaoBasica</stat>
<stat pass="1" fail="0" skip="0">testeTiposDados</stat>
</tag>
<suite>
<stat pass="5" fail="0" skip="0" id="s1" name="Tests">Tests</stat>
<stat pass="5" fail="0" skip="0" id="s1-s1" name="Random-User-Test">Tests.Random-User-Test</stat>
</suite>
</statistics>
<errors>
</errors>
</robot>
