<?xml version="1.0" encoding="UTF-8"?>
<robot generator="Robot 7.0.1 (Python 3.12.4 on linux)" generated="2024-07-12T21:15:17.727492" rpa="false" schemaversion="5">
<suite id="s1" name="Tests" source="/home/runner/work/ApiRandomUser/ApiRandomUser/RamdonUser/tests">
<suite id="s1-s1" name="Random-User-Test" source="/home/runner/work/ApiRandomUser/ApiRandomUser/RamdonUser/tests/random-user-test.robot">
<test id="s1-s1-t1" name="Conectar" line="13">
<kw name="Conectar API" owner="random-user-service">
<kw name="Create Session" owner="RequestsLibrary">
<msg time="2024-07-12T21:15:18.145821" level="INFO">Creating Session using : alias=consultarAPI, url=https://randomuser.me/, headers={},                     cookies={}, auth=None, timeout=None, proxies=None, verify=False,                     debug=0 </msg>
<arg>consultarAPI</arg>
<arg>${URL}</arg>
<doc>Create Session: create a HTTP session to a server</doc>
<status status="PASS" start="2024-07-12T21:15:18.145583" elapsed="0.000424"/>
</kw>
<status status="PASS" start="2024-07-12T21:15:18.144548" elapsed="0.001831"/>
</kw>
<status status="PASS" start="2024-07-12T21:15:18.143926" elapsed="0.002646"/>
</test>
<test id="s1-s1-t2" name="Validar retorno 200 e JSON Válido" line="16">
<kw name="Teste de Requisicao Basica" owner="random-user-service">
<kw name="GET On Session" owner="RequestsLibrary">
<msg time="2024-07-12T21:15:18.226073" level="INFO">GET Request : url=https://randomuser.me/api 
 path_url=/api 
 headers={'User-Agent': 'python-requests/2.32.3', 'Accept-Encoding': 'gzip, deflate', 'Accept': '*/*', 'Connection': 'keep-alive'} 
 body=None 
 </msg>
<msg time="2024-07-12T21:15:18.226222" level="INFO">GET Response : url=https://randomuser.me/api 
 status=200, reason=OK 
 headers={'Date': 'Fri, 12 Jul 2024 21:15:18 GMT', 'Content-Type': 'application/json; charset=utf-8', 'Transfer-Encoding': 'chunked', 'Connection': 'keep-alive', 'X-Powered-By': 'Express', 'Access-Control-Allow-Origin': '*', 'Cache-Control': 'no-cache', 'ETag': 'W/"476-ncp5TrTExWPjCtFNcTHFXJ4wVXg"', 'Vary': 'Accept-Encoding', 'Content-Encoding': 'gzip', 'CF-Cache-Status': 'DYNAMIC', 'Report-To': '{"endpoints":[{"url":"https:\\/\\/a.nel.cloudflare.com\\/report\\/v4?s=QxQNOFoX%2FT3SujlBpU7vqR%2FJElsNS6sDooGaWFGYNrDUb88fdhOmclP6HKBG8zAFYio7HJSPL2g6aKPkFn%2BWpdI42W3A1yREsSZmVM1IZqzCwyBxdc3sDGl2lRbZXh8t"}],"group":"cf-nel","max_age":604800}', 'NEL': '{"success_fraction":0,"report_to":"cf-nel","max_age":604800}', 'Server': 'cloudflare', 'CF-RAY': '8a240c3e9b6005f3-IAD', 'alt-svc': 'h3=":443"; ma=86400'} 
 body={"results":[{"gender":"male","name":{"title":"Mr","first":"Onni","last":"Salo"},"location":{"street":{"number":7345,"name":"Hämeenkatu"},"city":"Kannus","state":"Lapland","country":"Finland","postcode":94160,"coordinates":{"latitude":"-28.2853","longitude":"-122.3436"},"timezone":{"offset":"-3:30","description":"Newfoundland"}},"email":"onni.salo@example.com","login":{"uuid":"bd5b335e-914d-472d-8641-4e92b43414ee","username":"brownbutterfly342","password":"gandalf1","salt":"Mgs1Cj1V","md5":"7e20cd30032b5a827da09330b6a8b8a6","sha1":"07b04353d8248aeb17a103bbb8f8531f9b67e9a1","sha256":"cf8342955ec87fb9441d35e3bf7cd956510c473d1e96731d45b3d588c9f83174"},"dob":{"date":"1994-08-17T17:04:00.320Z","age":29},"registered":{"date":"2014-01-13T10:47:14.450Z","age":10},"phone":"07-322-029","cell":"048-359-16-62","id":{"name":"HETU","value":"NaNNA773undefined"},"picture":{"large":"https://randomuser.me/api/portraits/men/15.jpg","medium":"https://randomuser.me/api/portraits/med/men/15.jpg","thumbnail":"https://randomuser.me/api/portraits/thumb/men/15.jpg"},"nat":"FI"}],"info":{"seed":"314d70100a5a05dd","results":1,"page":1,"version":"1.4"}} 
 </msg>
<msg time="2024-07-12T21:15:18.226319" level="INFO">/opt/hostedtoolcache/Python/3.12.4/x64/lib/python3.12/site-packages/urllib3/connectionpool.py:1099: InsecureRequestWarning: Unverified HTTPS request is being made to host 'randomuser.me'. Adding certificate verification is strongly advised. See: https://urllib3.readthedocs.io/en/latest/advanced-usage.html#tls-warnings
  warnings.warn(</msg>
<msg time="2024-07-12T21:15:18.226480" level="INFO">${response} = &lt;Response [200]&gt;</msg>
<var>${response}</var>
<arg>consultarAPI</arg>
<arg>/api</arg>
<doc>Sends a GET request on a previously created HTTP Session.</doc>
<status status="PASS" start="2024-07-12T21:15:18.149174" elapsed="0.077357"/>
</kw>
<kw name="Should Be Equal As Numbers" owner="BuiltIn">
<msg time="2024-07-12T21:15:18.227658" level="INFO">Argument types are:
&lt;class 'int'&gt;
&lt;class 'str'&gt;</msg>
<arg>${response.status_code}</arg>
<arg>200</arg>
<doc>Fails if objects are unequal after converting them to real numbers.</doc>
<status status="PASS" start="2024-07-12T21:15:18.227140" elapsed="0.000585"/>
</kw>
<kw name="Log" owner="BuiltIn">
<msg time="2024-07-12T21:15:18.228391" level="INFO">200</msg>
<arg>${response.status_code}</arg>
<doc>Logs the given message with the given level.</doc>
<status status="PASS" start="2024-07-12T21:15:18.228044" elapsed="0.000389"/>
</kw>
<kw name="Set Variable" owner="BuiltIn">
<msg time="2024-07-12T21:15:18.229174" level="INFO">${json_data} = {'results': [{'gender': 'male', 'name': {'title': 'Mr', 'first': 'Onni', 'last': 'Salo'}, 'location': {'street': {'number': 7345, 'name': 'Hämeenkatu'}, 'city': 'Kannus', 'state': 'Lapland', 'country'...</msg>
<var>${json_data}</var>
<arg>${response.json()}</arg>
<doc>Returns the given values which can then be assigned to a variables.</doc>
<status status="PASS" start="2024-07-12T21:15:18.228737" elapsed="0.000466"/>
</kw>
<kw name="Dictionary Should Contain Key" owner="Collections">
<arg>${json_data}</arg>
<arg>results</arg>
<doc>Fails if ``key`` is not found from ``dictionary``.</doc>
<status status="PASS" start="2024-07-12T21:15:18.229499" elapsed="0.000195"/>
</kw>
<status status="PASS" start="2024-07-12T21:15:18.148927" elapsed="0.080930"/>
</kw>
<doc>Testa se a API responde corretamente e retorna um objeto JSON válido.</doc>
<tag>testeRequisicaoBasica</tag>
<status status="PASS" start="2024-07-12T21:15:18.148440" elapsed="0.081599"/>
</test>
<test id="s1-s1-t3" name="Validar estrutura de resposta" line="22">
<kw name="Teste de Estrutura de Resposta" owner="random-user-service">
<kw name="GET On Session" owner="RequestsLibrary">
<msg time="2024-07-12T21:15:18.328404" level="INFO">GET Request : url=https://randomuser.me/api 
 path_url=/api 
 headers={'User-Agent': 'python-requests/2.32.3', 'Accept-Encoding': 'gzip, deflate', 'Accept': '*/*', 'Connection': 'keep-alive'} 
 body=None 
 </msg>
<msg time="2024-07-12T21:15:18.328501" level="INFO">GET Response : url=https://randomuser.me/api 
 status=200, reason=OK 
 headers={'Date': 'Fri, 12 Jul 2024 21:15:18 GMT', 'Content-Type': 'application/json; charset=utf-8', 'Transfer-Encoding': 'chunked', 'Connection': 'keep-alive', 'X-Powered-By': 'Express', 'Access-Control-Allow-Origin': '*', 'Cache-Control': 'no-cache', 'ETag': 'W/"481-s2g6lFxtoOntdTaoWk3/UoP+rw0"', 'Vary': 'Accept-Encoding', 'Content-Encoding': 'gzip', 'CF-Cache-Status': 'DYNAMIC', 'Report-To': '{"endpoints":[{"url":"https:\\/\\/a.nel.cloudflare.com\\/report\\/v4?s=v%2BVGWqFMVMrBrG4aNEW3aut3sHIv5IT5RpJAWqm2KSw03WkGVNapli%2BDFDi%2FpY2CCoNBir86z1kDJMgcSArzGlNaImUhtebC%2FfaxGtWbeDeSZfuS%2BTg1KZgYSHX2JWb9"}],"group":"cf-nel","max_age":604800}', 'NEL': '{"success_fraction":0,"report_to":"cf-nel","max_age":604800}', 'Server': 'cloudflare', 'CF-RAY': '8a240c3efbbd05f3-IAD', 'alt-svc': 'h3=":443"; ma=86400'} 
 body={"results":[{"gender":"female","name":{"title":"Mrs","first":"Eloïse","last":"Lefevre"},"location":{"street":{"number":2936,"name":"Avenue Paul Eluard"},"city":"Nancy","state":"Gers","country":"France","postcode":91926,"coordinates":{"latitude":"-13.0526","longitude":"141.9671"},"timezone":{"offset":"+3:30","description":"Tehran"}},"email":"eloise.lefevre@example.com","login":{"uuid":"48994185-e64c-4a62-9a7c-212d265b07cf","username":"smallcat161","password":"jaguar","salt":"xqVNAlKQ","md5":"af78769a6406ba5d21edfd9a4a3e3247","sha1":"dbd642ed902053db3beb8d8e2a4e6102f42824b7","sha256":"ea5e4784b18fc640f5a93744d21289a56fbc086b6a8f6836d727e110a93aeb28"},"dob":{"date":"1954-04-19T17:49:24.144Z","age":70},"registered":{"date":"2019-10-28T14:29:45.863Z","age":4},"phone":"02-36-04-79-27","cell":"06-84-88-27-14","id":{"name":"INSEE","value":"2540307592298 07"},"picture":{"large":"https://randomuser.me/api/portraits/women/13.jpg","medium":"https://randomuser.me/api/portraits/med/women/13.jpg","thumbnail":"https://randomuser.me/api/portraits/thumb/women/13.jpg"},"nat":"FR"}],"info":{"seed":"de445d4142c32e44","results":1,"page":1,"version":"1.4"}} 
 </msg>
<msg time="2024-07-12T21:15:18.328635" level="INFO">/opt/hostedtoolcache/Python/3.12.4/x64/lib/python3.12/site-packages/urllib3/connectionpool.py:1099: InsecureRequestWarning: Unverified HTTPS request is being made to host 'randomuser.me'. Adding certificate verification is strongly advised. See: https://urllib3.readthedocs.io/en/latest/advanced-usage.html#tls-warnings
  warnings.warn(</msg>
<msg time="2024-07-12T21:15:18.328772" level="INFO">${response} = &lt;Response [200]&gt;</msg>
<var>${response}</var>
<arg>consultarAPI</arg>
<arg>/api</arg>
<doc>Sends a GET request on a previously created HTTP Session.</doc>
<status status="PASS" start="2024-07-12T21:15:18.232637" elapsed="0.096175"/>
</kw>
<kw name="Set Variable" owner="BuiltIn">
<msg time="2024-07-12T21:15:18.329929" level="INFO">${json_data} = {'results': [{'gender': 'female', 'name': {'title': 'Mrs', 'first': 'Eloïse', 'last': 'Lefevre'}, 'location': {'street': {'number': 2936, 'name': 'Avenue Paul Eluard'}, 'city': 'Nancy', 'state': 'Gers...</msg>
<var>${json_data}</var>
<arg>${response.json()}</arg>
<doc>Returns the given values which can then be assigned to a variables.</doc>
<status status="PASS" start="2024-07-12T21:15:18.329335" elapsed="0.000624"/>
</kw>
<kw name="Log" owner="BuiltIn">
<msg time="2024-07-12T21:15:18.330425" level="INFO">{'results': [{'gender': 'female', 'name': {'title': 'Mrs', 'first': 'Eloïse', 'last': 'Lefevre'}, 'location': {'street': {'number': 2936, 'name': 'Avenue Paul Eluard'}, 'city': 'Nancy', 'state': 'Gers', 'country': 'France', 'postcode': 91926, 'coordinates': {'latitude': '-13.0526', 'longitude': '141.9671'}, 'timezone': {'offset': '+3:30', 'description': 'Tehran'}}, 'email': 'eloise.lefevre@example.com', 'login': {'uuid': '48994185-e64c-4a62-9a7c-212d265b07cf', 'username': 'smallcat161', 'password': 'jaguar', 'salt': 'xqVNAlKQ', 'md5': 'af78769a6406ba5d21edfd9a4a3e3247', 'sha1': 'dbd642ed902053db3beb8d8e2a4e6102f42824b7', 'sha256': 'ea5e4784b18fc640f5a93744d21289a56fbc086b6a8f6836d727e110a93aeb28'}, 'dob': {'date': '1954-04-19T17:49:24.144Z', 'age': 70}, 'registered': {'date': '2019-10-28T14:29:45.863Z', 'age': 4}, 'phone': '02-36-04-79-27', 'cell': '06-84-88-27-14', 'id': {'name': 'INSEE', 'value': '2540307592298 07'}, 'picture': {'large': 'https://randomuser.me/api/portraits/women/13.jpg', 'medium': 'https://randomuser.me/api/portraits/med/women/13.jpg', 'thumbnail': 'https://randomuser.me/api/portraits/thumb/women/13.jpg'}, 'nat': 'FR'}], 'info': {'seed': 'de445d4142c32e44', 'results': 1, 'page': 1, 'version': '1.4'}}</msg>
<arg>${json_data}</arg>
<doc>Logs the given message with the given level.</doc>
<status status="PASS" start="2024-07-12T21:15:18.330268" elapsed="0.000207"/>
</kw>
<kw name="Dictionary Should Contain Key" owner="Collections">
<arg>${json_data}</arg>
<arg>results</arg>
<doc>Fails if ``key`` is not found from ``dictionary``.</doc>
<status status="PASS" start="2024-07-12T21:15:18.330765" elapsed="0.000160"/>
</kw>
<kw name="Should Not Be Empty" owner="BuiltIn">
<msg time="2024-07-12T21:15:18.331251" level="INFO">Length is 2.</msg>
<arg>${json_data}</arg>
<doc>Verifies that the given item is not empty.</doc>
<status status="PASS" start="2024-07-12T21:15:18.331109" elapsed="0.000181"/>
</kw>
<kw name="Create List" owner="BuiltIn">
<msg time="2024-07-12T21:15:18.331870" level="INFO">${expected_keys} = ['gender', 'name', 'location', 'email', 'login']</msg>
<var>${expected_keys}</var>
<arg>gender</arg>
<arg>name</arg>
<arg>location</arg>
<arg>email</arg>
<arg>login</arg>
<doc>Returns a list containing given items.</doc>
<status status="PASS" start="2024-07-12T21:15:18.331575" elapsed="0.000320"/>
</kw>
<for flavor="IN">
<iter>
<kw name="Dictionary Should Contain Key" owner="Collections">
<arg>${json_data['results'][0]}</arg>
<arg>${key}</arg>
<doc>Fails if ``key`` is not found from ``dictionary``.</doc>
<status status="PASS" start="2024-07-12T21:15:18.332478" elapsed="0.000390"/>
</kw>
<kw name="Log" owner="BuiltIn">
<msg time="2024-07-12T21:15:18.333423" level="INFO">{'gender': 'female', 'name': {'title': 'Mrs', 'first': 'Eloïse', 'last': 'Lefevre'}, 'location': {'street': {'number': 2936, 'name': 'Avenue Paul Eluard'}, 'city': 'Nancy', 'state': 'Gers', 'country': 'France', 'postcode': 91926, 'coordinates': {'latitude': '-13.0526', 'longitude': '141.9671'}, 'timezone': {'offset': '+3:30', 'description': 'Tehran'}}, 'email': 'eloise.lefevre@example.com', 'login': {'uuid': '48994185-e64c-4a62-9a7c-212d265b07cf', 'username': 'smallcat161', 'password': 'jaguar', 'salt': 'xqVNAlKQ', 'md5': 'af78769a6406ba5d21edfd9a4a3e3247', 'sha1': 'dbd642ed902053db3beb8d8e2a4e6102f42824b7', 'sha256': 'ea5e4784b18fc640f5a93744d21289a56fbc086b6a8f6836d727e110a93aeb28'}, 'dob': {'date': '1954-04-19T17:49:24.144Z', 'age': 70}, 'registered': {'date': '2019-10-28T14:29:45.863Z', 'age': 4}, 'phone': '02-36-04-79-27', 'cell': '06-84-88-27-14', 'id': {'name': 'INSEE', 'value': '2540307592298 07'}, 'picture': {'large': 'https://randomuser.me/api/portraits/women/13.jpg', 'medium': 'https://randomuser.me/api/portraits/med/women/13.jpg', 'thumbnail': 'https://randomuser.me/api/portraits/thumb/women/13.jpg'}, 'nat': 'FR'}</msg>
<arg>${json_data['results'][0]}</arg>
<doc>Logs the given message with the given level.</doc>
<status status="PASS" start="2024-07-12T21:15:18.333054" elapsed="0.000419"/>
</kw>
<kw name="Log" owner="BuiltIn">
<msg time="2024-07-12T21:15:18.333924" level="INFO">gender</msg>
<arg>${key}</arg>
<doc>Logs the given message with the given level.</doc>
<status status="PASS" start="2024-07-12T21:15:18.333796" elapsed="0.000167"/>
</kw>
<var name="${key}">gender</var>
<status status="PASS" start="2024-07-12T21:15:18.332354" elapsed="0.001825"/>
</iter>
<iter>
<kw name="Dictionary Should Contain Key" owner="Collections">
<arg>${json_data['results'][0]}</arg>
<arg>${key}</arg>
<doc>Fails if ``key`` is not found from ``dictionary``.</doc>
<status status="PASS" start="2024-07-12T21:15:18.334474" elapsed="0.000383"/>
</kw>
<kw name="Log" owner="BuiltIn">
<msg time="2024-07-12T21:15:18.335389" level="INFO">{'gender': 'female', 'name': {'title': 'Mrs', 'first': 'Eloïse', 'last': 'Lefevre'}, 'location': {'street': {'number': 2936, 'name': 'Avenue Paul Eluard'}, 'city': 'Nancy', 'state': 'Gers', 'country': 'France', 'postcode': 91926, 'coordinates': {'latitude': '-13.0526', 'longitude': '141.9671'}, 'timezone': {'offset': '+3:30', 'description': 'Tehran'}}, 'email': 'eloise.lefevre@example.com', 'login': {'uuid': '48994185-e64c-4a62-9a7c-212d265b07cf', 'username': 'smallcat161', 'password': 'jaguar', 'salt': 'xqVNAlKQ', 'md5': 'af78769a6406ba5d21edfd9a4a3e3247', 'sha1': 'dbd642ed902053db3beb8d8e2a4e6102f42824b7', 'sha256': 'ea5e4784b18fc640f5a93744d21289a56fbc086b6a8f6836d727e110a93aeb28'}, 'dob': {'date': '1954-04-19T17:49:24.144Z', 'age': 70}, 'registered': {'date': '2019-10-28T14:29:45.863Z', 'age': 4}, 'phone': '02-36-04-79-27', 'cell': '06-84-88-27-14', 'id': {'name': 'INSEE', 'value': '2540307592298 07'}, 'picture': {'large': 'https://randomuser.me/api/portraits/women/13.jpg', 'medium': 'https://randomuser.me/api/portraits/med/women/13.jpg', 'thumbnail': 'https://randomuser.me/api/portraits/thumb/women/13.jpg'}, 'nat': 'FR'}</msg>
<arg>${json_data['results'][0]}</arg>
<doc>Logs the given message with the given level.</doc>
<status status="PASS" start="2024-07-12T21:15:18.335038" elapsed="0.000435"/>
</kw>
<kw name="Log" owner="BuiltIn">
<msg time="2024-07-12T21:15:18.335905" level="INFO">name</msg>
<arg>${key}</arg>
<doc>Logs the given message with the given level.</doc>
<status status="PASS" start="2024-07-12T21:15:18.335778" elapsed="0.000165"/>
</kw>
<var name="${key}">name</var>
<status status="PASS" start="2024-07-12T21:15:18.334364" elapsed="0.001795"/>
</iter>
<iter>
<kw name="Dictionary Should Contain Key" owner="Collections">
<arg>${json_data['results'][0]}</arg>
<arg>${key}</arg>
<doc>Fails if ``key`` is not found from ``dictionary``.</doc>
<status status="PASS" start="2024-07-12T21:15:18.336445" elapsed="0.000378"/>
</kw>
<kw name="Log" owner="BuiltIn">
<msg time="2024-07-12T21:15:18.337361" level="INFO">{'gender': 'female', 'name': {'title': 'Mrs', 'first': 'Eloïse', 'last': 'Lefevre'}, 'location': {'street': {'number': 2936, 'name': 'Avenue Paul Eluard'}, 'city': 'Nancy', 'state': 'Gers', 'country': 'France', 'postcode': 91926, 'coordinates': {'latitude': '-13.0526', 'longitude': '141.9671'}, 'timezone': {'offset': '+3:30', 'description': 'Tehran'}}, 'email': 'eloise.lefevre@example.com', 'login': {'uuid': '48994185-e64c-4a62-9a7c-212d265b07cf', 'username': 'smallcat161', 'password': 'jaguar', 'salt': 'xqVNAlKQ', 'md5': 'af78769a6406ba5d21edfd9a4a3e3247', 'sha1': 'dbd642ed902053db3beb8d8e2a4e6102f42824b7', 'sha256': 'ea5e4784b18fc640f5a93744d21289a56fbc086b6a8f6836d727e110a93aeb28'}, 'dob': {'date': '1954-04-19T17:49:24.144Z', 'age': 70}, 'registered': {'date': '2019-10-28T14:29:45.863Z', 'age': 4}, 'phone': '02-36-04-79-27', 'cell': '06-84-88-27-14', 'id': {'name': 'INSEE', 'value': '2540307592298 07'}, 'picture': {'large': 'https://randomuser.me/api/portraits/women/13.jpg', 'medium': 'https://randomuser.me/api/portraits/med/women/13.jpg', 'thumbnail': 'https://randomuser.me/api/portraits/thumb/women/13.jpg'}, 'nat': 'FR'}</msg>
<arg>${json_data['results'][0]}</arg>
<doc>Logs the given message with the given level.</doc>
<status status="PASS" start="2024-07-12T21:15:18.337010" elapsed="0.000402"/>
</kw>
<kw name="Log" owner="BuiltIn">
<msg time="2024-07-12T21:15:18.337873" level="INFO">location</msg>
<arg>${key}</arg>
<doc>Logs the given message with the given level.</doc>
<status status="PASS" start="2024-07-12T21:15:18.337742" elapsed="0.000168"/>
</kw>
<var name="${key}">location</var>
<status status="PASS" start="2024-07-12T21:15:18.336337" elapsed="0.001793"/>
</iter>
<iter>
<kw name="Dictionary Should Contain Key" owner="Collections">
<arg>${json_data['results'][0]}</arg>
<arg>${key}</arg>
<doc>Fails if ``key`` is not found from ``dictionary``.</doc>
<status status="PASS" start="2024-07-12T21:15:18.338416" elapsed="0.000388"/>
</kw>
<kw name="Log" owner="BuiltIn">
<msg time="2024-07-12T21:15:18.339356" level="INFO">{'gender': 'female', 'name': {'title': 'Mrs', 'first': 'Eloïse', 'last': 'Lefevre'}, 'location': {'street': {'number': 2936, 'name': 'Avenue Paul Eluard'}, 'city': 'Nancy', 'state': 'Gers', 'country': 'France', 'postcode': 91926, 'coordinates': {'latitude': '-13.0526', 'longitude': '141.9671'}, 'timezone': {'offset': '+3:30', 'description': 'Tehran'}}, 'email': 'eloise.lefevre@example.com', 'login': {'uuid': '48994185-e64c-4a62-9a7c-212d265b07cf', 'username': 'smallcat161', 'password': 'jaguar', 'salt': 'xqVNAlKQ', 'md5': 'af78769a6406ba5d21edfd9a4a3e3247', 'sha1': 'dbd642ed902053db3beb8d8e2a4e6102f42824b7', 'sha256': 'ea5e4784b18fc640f5a93744d21289a56fbc086b6a8f6836d727e110a93aeb28'}, 'dob': {'date': '1954-04-19T17:49:24.144Z', 'age': 70}, 'registered': {'date': '2019-10-28T14:29:45.863Z', 'age': 4}, 'phone': '02-36-04-79-27', 'cell': '06-84-88-27-14', 'id': {'name': 'INSEE', 'value': '2540307592298 07'}, 'picture': {'large': 'https://randomuser.me/api/portraits/women/13.jpg', 'medium': 'https://randomuser.me/api/portraits/med/women/13.jpg', 'thumbnail': 'https://randomuser.me/api/portraits/thumb/women/13.jpg'}, 'nat': 'FR'}</msg>
<arg>${json_data['results'][0]}</arg>
<doc>Logs the given message with the given level.</doc>
<status status="PASS" start="2024-07-12T21:15:18.338992" elapsed="0.000415"/>
</kw>
<kw name="Log" owner="BuiltIn">
<msg time="2024-07-12T21:15:18.339839" level="INFO">email</msg>
<arg>${key}</arg>
<doc>Logs the given message with the given level.</doc>
<status status="PASS" start="2024-07-12T21:15:18.339708" elapsed="0.000170"/>
</kw>
<var name="${key}">email</var>
<status status="PASS" start="2024-07-12T21:15:18.338302" elapsed="0.001792"/>
</iter>
<iter>
<kw name="Dictionary Should Contain Key" owner="Collections">
<arg>${json_data['results'][0]}</arg>
<arg>${key}</arg>
<doc>Fails if ``key`` is not found from ``dictionary``.</doc>
<status status="PASS" start="2024-07-12T21:15:18.340379" elapsed="0.000383"/>
</kw>
<kw name="Log" owner="BuiltIn">
<msg time="2024-07-12T21:15:18.341295" level="INFO">{'gender': 'female', 'name': {'title': 'Mrs', 'first': 'Eloïse', 'last': 'Lefevre'}, 'location': {'street': {'number': 2936, 'name': 'Avenue Paul Eluard'}, 'city': 'Nancy', 'state': 'Gers', 'country': 'France', 'postcode': 91926, 'coordinates': {'latitude': '-13.0526', 'longitude': '141.9671'}, 'timezone': {'offset': '+3:30', 'description': 'Tehran'}}, 'email': 'eloise.lefevre@example.com', 'login': {'uuid': '48994185-e64c-4a62-9a7c-212d265b07cf', 'username': 'smallcat161', 'password': 'jaguar', 'salt': 'xqVNAlKQ', 'md5': 'af78769a6406ba5d21edfd9a4a3e3247', 'sha1': 'dbd642ed902053db3beb8d8e2a4e6102f42824b7', 'sha256': 'ea5e4784b18fc640f5a93744d21289a56fbc086b6a8f6836d727e110a93aeb28'}, 'dob': {'date': '1954-04-19T17:49:24.144Z', 'age': 70}, 'registered': {'date': '2019-10-28T14:29:45.863Z', 'age': 4}, 'phone': '02-36-04-79-27', 'cell': '06-84-88-27-14', 'id': {'name': 'INSEE', 'value': '2540307592298 07'}, 'picture': {'large': 'https://randomuser.me/api/portraits/women/13.jpg', 'medium': 'https://randomuser.me/api/portraits/med/women/13.jpg', 'thumbnail': 'https://randomuser.me/api/portraits/thumb/women/13.jpg'}, 'nat': 'FR'}</msg>
<arg>${json_data['results'][0]}</arg>
<doc>Logs the given message with the given level.</doc>
<status status="PASS" start="2024-07-12T21:15:18.340944" elapsed="0.000401"/>
</kw>
<kw name="Log" owner="BuiltIn">
<msg time="2024-07-12T21:15:18.341788" level="INFO">login</msg>
<arg>${key}</arg>
<doc>Logs the given message with the given level.</doc>
<status status="PASS" start="2024-07-12T21:15:18.341658" elapsed="0.000167"/>
</kw>
<var name="${key}">login</var>
<status status="PASS" start="2024-07-12T21:15:18.340266" elapsed="0.001773"/>
</iter>
<var>${key}</var>
<value>@{expected_keys}</value>
<status status="PASS" start="2024-07-12T21:15:18.332160" elapsed="0.009999"/>
</for>
<kw name="Create List" owner="BuiltIn">
<msg time="2024-07-12T21:15:18.342488" level="INFO">${expected_keysTwo} = ['username', 'password']</msg>
<var>${expected_keysTwo}</var>
<arg>username</arg>
<arg>password</arg>
<doc>Returns a list containing given items.</doc>
<status status="PASS" start="2024-07-12T21:15:18.342349" elapsed="0.000163"/>
</kw>
<for flavor="IN">
<iter>
<kw name="Dictionary Should Contain Key" owner="Collections">
<arg>${json_data['results'][0]['login']}</arg>
<arg>${keyTwo}</arg>
<doc>Fails if ``key`` is not found from ``dictionary``.</doc>
<status status="PASS" start="2024-07-12T21:15:18.343032" elapsed="0.000390"/>
</kw>
<kw name="Dictionary Should Contain Key" owner="Collections">
<arg>${json_data['results'][0]['login']}</arg>
<arg>${keyTwo}</arg>
<doc>Fails if ``key`` is not found from ``dictionary``.</doc>
<status status="PASS" start="2024-07-12T21:15:18.343603" elapsed="0.000374"/>
</kw>
<kw name="Log" owner="BuiltIn">
<msg time="2024-07-12T21:15:18.344280" level="INFO">username</msg>
<arg>${keyTwo}</arg>
<doc>Logs the given message with the given level.</doc>
<status status="PASS" start="2024-07-12T21:15:18.344160" elapsed="0.000157"/>
</kw>
<var name="${keyTwo}">username</var>
<status status="PASS" start="2024-07-12T21:15:18.342927" elapsed="0.001608"/>
</iter>
<iter>
<kw name="Dictionary Should Contain Key" owner="Collections">
<arg>${json_data['results'][0]['login']}</arg>
<arg>${keyTwo}</arg>
<doc>Fails if ``key`` is not found from ``dictionary``.</doc>
<status status="PASS" start="2024-07-12T21:15:18.344853" elapsed="0.000389"/>
</kw>
<kw name="Dictionary Should Contain Key" owner="Collections">
<arg>${json_data['results'][0]['login']}</arg>
<arg>${keyTwo}</arg>
<doc>Fails if ``key`` is not found from ``dictionary``.</doc>
<status status="PASS" start="2024-07-12T21:15:18.345421" elapsed="0.000405"/>
</kw>
<kw name="Log" owner="BuiltIn">
<msg time="2024-07-12T21:15:18.346124" level="INFO">password</msg>
<arg>${keyTwo}</arg>
<doc>Logs the given message with the given level.</doc>
<status status="PASS" start="2024-07-12T21:15:18.346005" elapsed="0.000160"/>
</kw>
<var name="${keyTwo}">password</var>
<status status="PASS" start="2024-07-12T21:15:18.344744" elapsed="0.001731"/>
</iter>
<var>${keyTwo}</var>
<value>@{expected_keysTwo}</value>
<status status="PASS" start="2024-07-12T21:15:18.342774" elapsed="0.003823"/>
</for>
<status status="PASS" start="2024-07-12T21:15:18.232404" elapsed="0.114392"/>
</kw>
<doc>Testa a estrutura da resposta da API.</doc>
<tag>testeEstruturaResposta</tag>
<status status="PASS" start="2024-07-12T21:15:18.231881" elapsed="0.115081"/>
</test>
<test id="s1-s1-t4" name="Validar tipos de dados" line="28">
<kw name="Teste de Tipos de Dados" owner="random-user-service">
<kw name="GET On Session" owner="RequestsLibrary">
<msg time="2024-07-12T21:15:18.439205" level="INFO">GET Request : url=https://randomuser.me/api 
 path_url=/api 
 headers={'User-Agent': 'python-requests/2.32.3', 'Accept-Encoding': 'gzip, deflate', 'Accept': '*/*', 'Connection': 'keep-alive'} 
 body=None 
 </msg>
<msg time="2024-07-12T21:15:18.439296" level="INFO">GET Response : url=https://randomuser.me/api 
 status=200, reason=OK 
 headers={'Date': 'Fri, 12 Jul 2024 21:15:18 GMT', 'Content-Type': 'application/json; charset=utf-8', 'Transfer-Encoding': 'chunked', 'Connection': 'keep-alive', 'X-Powered-By': 'Express', 'Access-Control-Allow-Origin': '*', 'Cache-Control': 'no-cache', 'ETag': 'W/"48e-McWkEDxpoZtYNarnsy6RBy/uHmA"', 'Vary': 'Accept-Encoding', 'Content-Encoding': 'gzip', 'CF-Cache-Status': 'DYNAMIC', 'Report-To': '{"endpoints":[{"url":"https:\\/\\/a.nel.cloudflare.com\\/report\\/v4?s=Sl6gm7RntubPI1bASRUxC0ZGUX4Y02ucyr9m4kuQjEPTSAgVMP9n%2Bth7rkKbyo39a5ESix4cIOGZEZeFtw2bmfZ1lNkoNQs3jJ3rdASSKwjSZ%2F6A3h2oZnWSri%2FfmGvG"}],"group":"cf-nel","max_age":604800}', 'NEL': '{"success_fraction":0,"report_to":"cf-nel","max_age":604800}', 'Server': 'cloudflare', 'CF-RAY': '8a240c3fbca305f3-IAD', 'alt-svc': 'h3=":443"; ma=86400'} 
 body={"results":[{"gender":"male","name":{"title":"Mr","first":"Hitesh","last":"Gamskar"},"location":{"street":{"number":1612,"name":"Raviwar Peth"},"city":"Gurgaon","state":"Delhi","country":"India","postcode":65939,"coordinates":{"latitude":"9.4716","longitude":"-115.6858"},"timezone":{"offset":"0:00","description":"Western Europe Time, London, Lisbon, Casablanca"}},"email":"hitesh.gamskar@example.com","login":{"uuid":"7472c549-52dc-4456-828a-4d4fbbe58ae5","username":"lazymouse360","password":"bite","salt":"wh3VsuzF","md5":"2a5b422ef7dd0fa3c1aad3b9aa3dbe9c","sha1":"1af93970ec35a82bb627fd551922edfe4bbf8a5c","sha256":"de095e8132ba85434f6a059f06ed56b0cceea9640af65e2f7db1c2ec48ceaf7f"},"dob":{"date":"1992-03-19T12:50:51.025Z","age":32},"registered":{"date":"2008-06-20T13:08:22.479Z","age":16},"phone":"9783568332","cell":"9604492713","id":{"name":"UIDAI","value":"023163265026"},"picture":{"large":"https://randomuser.me/api/portraits/men/98.jpg","medium":"https://randomuser.me/api/portraits/med/men/98.jpg","thumbnail":"https://randomuser.me/api/portraits/thumb/men/98.jpg"},"nat":"IN"}],"info":{"seed":"7ee060f028ecd9c0","results":1,"page":1,"version":"1.4"}} 
 </msg>
<msg time="2024-07-12T21:15:18.439371" level="INFO">/opt/hostedtoolcache/Python/3.12.4/x64/lib/python3.12/site-packages/urllib3/connectionpool.py:1099: InsecureRequestWarning: Unverified HTTPS request is being made to host 'randomuser.me'. Adding certificate verification is strongly advised. See: https://urllib3.readthedocs.io/en/latest/advanced-usage.html#tls-warnings
  warnings.warn(</msg>
<msg time="2024-07-12T21:15:18.439496" level="INFO">${response} = &lt;Response [200]&gt;</msg>
<var>${response}</var>
<arg>consultarAPI</arg>
<arg>/api</arg>
<doc>Sends a GET request on a previously created HTTP Session.</doc>
<status status="PASS" start="2024-07-12T21:15:18.349446" elapsed="0.090097"/>
</kw>
<kw name="Set Variable" owner="BuiltIn">
<msg time="2024-07-12T21:15:18.440527" level="INFO">${json_data} = {'results': [{'gender': 'male', 'name': {'title': 'Mr', 'first': 'Hitesh', 'last': 'Gamskar'}, 'location': {'street': {'number': 1612, 'name': 'Raviwar Peth'}, 'city': 'Gurgaon', 'state': 'Delhi', 'co...</msg>
<var>${json_data}</var>
<arg>${response.json()}</arg>
<doc>Returns the given values which can then be assigned to a variables.</doc>
<status status="PASS" start="2024-07-12T21:15:18.440046" elapsed="0.000509"/>
</kw>
<kw name="Log" owner="BuiltIn">
<msg time="2024-07-12T21:15:18.441016" level="INFO">{'results': [{'gender': 'male', 'name': {'title': 'Mr', 'first': 'Hitesh', 'last': 'Gamskar'}, 'location': {'street': {'number': 1612, 'name': 'Raviwar Peth'}, 'city': 'Gurgaon', 'state': 'Delhi', 'country': 'India', 'postcode': 65939, 'coordinates': {'latitude': '9.4716', 'longitude': '-115.6858'}, 'timezone': {'offset': '0:00', 'description': 'Western Europe Time, London, Lisbon, Casablanca'}}, 'email': 'hitesh.gamskar@example.com', 'login': {'uuid': '7472c549-52dc-4456-828a-4d4fbbe58ae5', 'username': 'lazymouse360', 'password': 'bite', 'salt': 'wh3VsuzF', 'md5': '2a5b422ef7dd0fa3c1aad3b9aa3dbe9c', 'sha1': '1af93970ec35a82bb627fd551922edfe4bbf8a5c', 'sha256': 'de095e8132ba85434f6a059f06ed56b0cceea9640af65e2f7db1c2ec48ceaf7f'}, 'dob': {'date': '1992-03-19T12:50:51.025Z', 'age': 32}, 'registered': {'date': '2008-06-20T13:08:22.479Z', 'age': 16}, 'phone': '9783568332', 'cell': '9604492713', 'id': {'name': 'UIDAI', 'value': '023163265026'}, 'picture': {'large': 'https://randomuser.me/api/portraits/men/98.jpg', 'medium': 'https://randomuser.me/api/portraits/med/men/98.jpg', 'thumbnail': 'https://randomuser.me/api/portraits/thumb/men/98.jpg'}, 'nat': 'IN'}], 'info': {'seed': '7ee060f028ecd9c0', 'results': 1, 'page': 1, 'version': '1.4'}}</msg>
<arg>${json_data}</arg>
<doc>Logs the given message with the given level.</doc>
<status status="PASS" start="2024-07-12T21:15:18.440863" elapsed="0.000201"/>
</kw>
<kw name="Should Be String" owner="String">
<arg>${json_data['results'][0]['gender']}</arg>
<doc>Fails if the given ``item`` is not a string.</doc>
<status status="PASS" start="2024-07-12T21:15:18.441353" elapsed="0.000396"/>
</kw>
<kw name="Should Match Regexp" owner="BuiltIn">
<arg>${json_data['results'][0]['email']}</arg>
<arg>^[a-zA-Z0-9._%+-]+@[a-zA-Z0-9.-]+\.[a-zA-Z]{2,}$</arg>
<doc>Fails if ``string`` does not match ``pattern`` as a regular expression.</doc>
<status status="PASS" start="2024-07-12T21:15:18.441948" elapsed="0.000514"/>
</kw>
<kw name="Should Match Regexp" owner="BuiltIn">
<arg>${json_data['results'][0]['dob']['date']}</arg>
<arg>\\d{4}-\\d{2}-\\d{2}T\\d{2}:\\d{2}:\\d{2}\\.\\d{3}Z</arg>
<doc>Fails if ``string`` does not match ``pattern`` as a regular expression.</doc>
<status status="PASS" start="2024-07-12T21:15:18.442696" elapsed="0.000498"/>
</kw>
<kw name="Should Match Regexp" owner="BuiltIn">
<arg>${json_data['results'][0]['registered']['date']}</arg>
<arg>\\d{4}-\\d{2}-\\d{2}T\\d{2}:\\d{2}:\\d{2}\\.\\d{3}Z</arg>
<doc>Fails if ``string`` does not match ``pattern`` as a regular expression.</doc>
<status status="PASS" start="2024-07-12T21:15:18.443386" elapsed="0.000372"/>
</kw>
<kw name="Should Match Regexp" owner="BuiltIn">
<arg>${json_data['results'][0]['picture']['large']}</arg>
<arg>^https?://.*\.(?:png|jpe?g|gif|bmp)$</arg>
<doc>Fails if ``string`` does not match ``pattern`` as a regular expression.</doc>
<status status="PASS" start="2024-07-12T21:15:18.443945" elapsed="0.000452"/>
</kw>
<kw name="Should Match Regexp" owner="BuiltIn">
<arg>${json_data['results'][0]['picture']['medium']}</arg>
<arg>^https?://.*\.(?:png|jpe?g|gif|bmp)$</arg>
<doc>Fails if ``string`` does not match ``pattern`` as a regular expression.</doc>
<status status="PASS" start="2024-07-12T21:15:18.444582" elapsed="0.000343"/>
</kw>
<kw name="Should Match Regexp" owner="BuiltIn">
<arg>${json_data['results'][0]['picture']['thumbnail']}</arg>
<arg>^https?://.*\.(?:png|jpe?g|gif|bmp)$</arg>
<doc>Fails if ``string`` does not match ``pattern`` as a regular expression.</doc>
<status status="PASS" start="2024-07-12T21:15:18.445106" elapsed="0.000340"/>
</kw>
<kw name="Log" owner="BuiltIn">
<msg time="2024-07-12T21:15:18.445975" level="INFO">{'large': 'https://randomuser.me/api/portraits/men/98.jpg', 'medium': 'https://randomuser.me/api/portraits/med/men/98.jpg', 'thumbnail': 'https://randomuser.me/api/portraits/thumb/men/98.jpg'}</msg>
<arg>${json_data['results'][0]['picture']}</arg>
<doc>Logs the given message with the given level.</doc>
<status status="PASS" start="2024-07-12T21:15:18.445644" elapsed="0.000374"/>
</kw>
<status status="PASS" start="2024-07-12T21:15:18.349225" elapsed="0.097045"/>
</kw>
<kw name="Teste de Tipos de Dados - Postcode" owner="random-user-service">
<kw name="GET On Session" owner="RequestsLibrary">
<msg time="2024-07-12T21:15:18.531912" level="INFO">GET Request : url=https://randomuser.me/api 
 path_url=/api 
 headers={'User-Agent': 'python-requests/2.32.3', 'Accept-Encoding': 'gzip, deflate', 'Accept': '*/*', 'Connection': 'keep-alive'} 
 body=None 
 </msg>
<msg time="2024-07-12T21:15:18.531992" level="INFO">GET Response : url=https://randomuser.me/api 
 status=200, reason=OK 
 headers={'Date': 'Fri, 12 Jul 2024 21:15:18 GMT', 'Content-Type': 'application/json; charset=utf-8', 'Transfer-Encoding': 'chunked', 'Connection': 'keep-alive', 'X-Powered-By': 'Express', 'Access-Control-Allow-Origin': '*', 'Cache-Control': 'no-cache', 'ETag': 'W/"4a0-6nAmd2V/QUiGjM+F1i0RmBRUphE"', 'Vary': 'Accept-Encoding', 'Content-Encoding': 'gzip', 'CF-Cache-Status': 'DYNAMIC', 'Report-To': '{"endpoints":[{"url":"https:\\/\\/a.nel.cloudflare.com\\/report\\/v4?s=zT76rRQB47fLBipwwi3uONockOflRFrW%2BEAJ%2BIee3j6pzf4AqSwSSke6VNOUmkg5ZCX6ijjcMmPcqwAOqUSQsdHXj1Pz6Sp%2BzpX7SjhuzSy9yXGL7StUJ5IPZuqUTevN"}],"group":"cf-nel","max_age":604800}', 'NEL': '{"success_fraction":0,"report_to":"cf-nel","max_age":604800}', 'Server': 'cloudflare', 'CF-RAY': '8a240c404d5205f3-IAD', 'alt-svc': 'h3=":443"; ma=86400'} 
 body={"results":[{"gender":"female","name":{"title":"Ms","first":"Ashwini","last":"Vernekar"},"location":{"street":{"number":4745,"name":"Maharanipeta"},"city":"Singrauli","state":"Andaman and Nicobar Islands","country":"India","postcode":95349,"coordinates":{"latitude":"8.8281","longitude":"62.4048"},"timezone":{"offset":"-7:00","description":"Mountain Time (US &amp; Canada)"}},"email":"ashwini.vernekar@example.com","login":{"uuid":"2ff377d0-f2d9-4439-a187-7bf143f013f2","username":"heavykoala723","password":"longer","salt":"j2KspJQg","md5":"588686002fd4c1244e67551381f48bd4","sha1":"d9b2f25ab0c43fcf471b6e02721f7a9dbf50c4e6","sha256":"cb068f543042bda55221e19186550eca81c80c5b55bef185ef7aa3e23f77384d"},"dob":{"date":"1999-09-16T04:12:13.546Z","age":24},"registered":{"date":"2004-09-18T22:57:38.832Z","age":19},"phone":"7900291300","cell":"8143247101","id":{"name":"UIDAI","value":"965872918130"},"picture":{"large":"https://randomuser.me/api/portraits/women/28.jpg","medium":"https://randomuser.me/api/portraits/med/women/28.jpg","thumbnail":"https://randomuser.me/api/portraits/thumb/women/28.jpg"},"nat":"IN"}],"info":{"seed":"1679f1415fa3c2ee","results":1,"page":1,"version":"1.4"}} 
 </msg>
<msg time="2024-07-12T21:15:18.532067" level="INFO">/opt/hostedtoolcache/Python/3.12.4/x64/lib/python3.12/site-packages/urllib3/connectionpool.py:1099: InsecureRequestWarning: Unverified HTTPS request is being made to host 'randomuser.me'. Adding certificate verification is strongly advised. See: https://urllib3.readthedocs.io/en/latest/advanced-usage.html#tls-warnings
  warnings.warn(</msg>
<msg time="2024-07-12T21:15:18.532172" level="INFO">${response} = &lt;Response [200]&gt;</msg>
<var>${response}</var>
<arg>consultarAPI</arg>
<arg>/api</arg>
<doc>Sends a GET request on a previously created HTTP Session.</doc>
<status status="PASS" start="2024-07-12T21:15:18.446715" elapsed="0.085486"/>
</kw>
<kw name="Set Variable" owner="BuiltIn">
<msg time="2024-07-12T21:15:18.533039" level="INFO">${json_data} = {'results': [{'gender': 'female', 'name': {'title': 'Ms', 'first': 'Ashwini', 'last': 'Vernekar'}, 'location': {'street': {'number': 4745, 'name': 'Maharanipeta'}, 'city': 'Singrauli', 'state': 'Andam...</msg>
<var>${json_data}</var>
<arg>${response.json()}</arg>
<doc>Returns the given values which can then be assigned to a variables.</doc>
<status status="PASS" start="2024-07-12T21:15:18.532586" elapsed="0.000481"/>
</kw>
<kw name="Log" owner="BuiltIn">
<msg time="2024-07-12T21:15:18.533524" level="INFO">{'results': [{'gender': 'female', 'name': {'title': 'Ms', 'first': 'Ashwini', 'last': 'Vernekar'}, 'location': {'street': {'number': 4745, 'name': 'Maharanipeta'}, 'city': 'Singrauli', 'state': 'Andaman and Nicobar Islands', 'country': 'India', 'postcode': 95349, 'coordinates': {'latitude': '8.8281', 'longitude': '62.4048'}, 'timezone': {'offset': '-7:00', 'description': 'Mountain Time (US &amp; Canada)'}}, 'email': 'ashwini.vernekar@example.com', 'login': {'uuid': '2ff377d0-f2d9-4439-a187-7bf143f013f2', 'username': 'heavykoala723', 'password': 'longer', 'salt': 'j2KspJQg', 'md5': '588686002fd4c1244e67551381f48bd4', 'sha1': 'd9b2f25ab0c43fcf471b6e02721f7a9dbf50c4e6', 'sha256': 'cb068f543042bda55221e19186550eca81c80c5b55bef185ef7aa3e23f77384d'}, 'dob': {'date': '1999-09-16T04:12:13.546Z', 'age': 24}, 'registered': {'date': '2004-09-18T22:57:38.832Z', 'age': 19}, 'phone': '7900291300', 'cell': '8143247101', 'id': {'name': 'UIDAI', 'value': '965872918130'}, 'picture': {'large': 'https://randomuser.me/api/portraits/women/28.jpg', 'medium': 'https://randomuser.me/api/portraits/med/women/28.jpg', 'thumbnail': 'https://randomuser.me/api/portraits/thumb/women/28.jpg'}, 'nat': 'IN'}], 'info': {'seed': '1679f1415fa3c2ee', 'results': 1, 'page': 1, 'version': '1.4'}}</msg>
<arg>${json_data}</arg>
<doc>Logs the given message with the given level.</doc>
<status status="PASS" start="2024-07-12T21:15:18.533371" elapsed="0.000203"/>
</kw>
<kw name="Should Be Equal As Numbers" owner="BuiltIn">
<arg>${json_data['results'][0]['location']['postcode']}</arg>
<arg>${json_data['results'][0]['location']['postcode']}</arg>
<doc>Fails if objects are unequal after converting them to real numbers.</doc>
<status status="PASS" start="2024-07-12T21:15:18.533922" elapsed="0.000621"/>
</kw>
<kw name="Log" owner="BuiltIn">
<msg time="2024-07-12T21:15:18.535212" level="INFO">95349</msg>
<arg>${json_data['results'][0]['location']['postcode']}</arg>
<doc>Logs the given message with the given level.</doc>
<status status="PASS" start="2024-07-12T21:15:18.534731" elapsed="0.000531"/>
</kw>
<status status="PASS" start="2024-07-12T21:15:18.446492" elapsed="0.089059"/>
</kw>
<doc>Testa se os tipos de dados na resposta da API estão corretos.</doc>
<tag>testeTiposDados</tag>
<status status="PASS" start="2024-07-12T21:15:18.348771" elapsed="0.186959"/>
</test>
<test id="s1-s1-t5" name="Validar conteudo" line="35">
<kw name="Teste de Tipos de Conteudo" owner="random-user-service">
<kw name="GET On Session" owner="RequestsLibrary">
<msg time="2024-07-12T21:15:18.626312" level="INFO">GET Request : url=https://randomuser.me/api 
 path_url=/api 
 headers={'User-Agent': 'python-requests/2.32.3', 'Accept-Encoding': 'gzip, deflate', 'Accept': '*/*', 'Connection': 'keep-alive'} 
 body=None 
 </msg>
<msg time="2024-07-12T21:15:18.626392" level="INFO">GET Response : url=https://randomuser.me/api 
 status=200, reason=OK 
 headers={'Date': 'Fri, 12 Jul 2024 21:15:18 GMT', 'Content-Type': 'application/json; charset=utf-8', 'Transfer-Encoding': 'chunked', 'Connection': 'keep-alive', 'X-Powered-By': 'Express', 'Access-Control-Allow-Origin': '*', 'Cache-Control': 'no-cache', 'ETag': 'W/"4a7-QVMSGiRxdg5l5opp81cYNn6nBJM"', 'Vary': 'Accept-Encoding', 'Content-Encoding': 'gzip', 'CF-Cache-Status': 'DYNAMIC', 'Report-To': '{"endpoints":[{"url":"https:\\/\\/a.nel.cloudflare.com\\/report\\/v4?s=5WCdR2HJBLhlm%2FjZW3ERgS6sbIxHoSfDYuBB9rXo4yf8U9Sr7FAT%2Fn9zUstZaBtuApA%2B83TO%2FOkcBQrSsvYb08wuyyeyNnVRYxhzC%2FkntYPts7nOws%2BExZ6wiMTvKBJf"}],"group":"cf-nel","max_age":604800}', 'NEL': '{"success_fraction":0,"report_to":"cf-nel","max_age":604800}', 'Server': 'cloudflare', 'CF-RAY': '8a240c40de1b05f3-IAD', 'alt-svc': 'h3=":443"; ma=86400'} 
 body={"results":[{"gender":"female","name":{"title":"Ms","first":"Stèphanie","last":"Immers"},"location":{"street":{"number":9124,"name":"Boumare"},"city":"Nieuw Heeten","state":"Noord-Brabant","country":"Netherlands","postcode":"0696 RN","coordinates":{"latitude":"31.0578","longitude":"84.3186"},"timezone":{"offset":"+10:00","description":"Eastern Australia, Guam, Vladivostok"}},"email":"stephanie.immers@example.com","login":{"uuid":"e5ffe398-ec30-49a6-835a-308d38f94233","username":"redelephant140","password":"forever","salt":"UobJNyap","md5":"211f5e56ba21850fa460a54453fdb485","sha1":"c2bf141d0b8e2a4bf9eacdd566f50d4d6ad49d60","sha256":"ef4be981fbe82a49226bf51faf5d5feebf25cb0ef2bdc6fd63a80a1b656aa98c"},"dob":{"date":"1975-06-27T12:08:52.953Z","age":49},"registered":{"date":"2018-08-29T20:30:55.949Z","age":5},"phone":"(0832) 277951","cell":"(06) 45333250","id":{"name":"BSN","value":"78468867"},"picture":{"large":"https://randomuser.me/api/portraits/women/18.jpg","medium":"https://randomuser.me/api/portraits/med/women/18.jpg","thumbnail":"https://randomuser.me/api/portraits/thumb/women/18.jpg"},"nat":"NL"}],"info":{"seed":"57ea174c6df072bf","results":1,"page":1,"version":"1.4"}} 
 </msg>
<msg time="2024-07-12T21:15:18.626458" level="INFO">/opt/hostedtoolcache/Python/3.12.4/x64/lib/python3.12/site-packages/urllib3/connectionpool.py:1099: InsecureRequestWarning: Unverified HTTPS request is being made to host 'randomuser.me'. Adding certificate verification is strongly advised. See: https://urllib3.readthedocs.io/en/latest/advanced-usage.html#tls-warnings
  warnings.warn(</msg>
<msg time="2024-07-12T21:15:18.626565" level="INFO">${response} = &lt;Response [200]&gt;</msg>
<var>${response}</var>
<arg>consultarAPI</arg>
<arg>/api</arg>
<doc>Sends a GET request on a previously created HTTP Session.</doc>
<status status="PASS" start="2024-07-12T21:15:18.538327" elapsed="0.088279"/>
</kw>
<kw name="Set Variable" owner="BuiltIn">
<msg time="2024-07-12T21:15:18.627723" level="INFO">${json_data} = {'results': [{'gender': 'female', 'name': {'title': 'Ms', 'first': 'Stèphanie', 'last': 'Immers'}, 'location': {'street': {'number': 9124, 'name': 'Boumare'}, 'city': 'Nieuw Heeten', 'state': 'Noord-B...</msg>
<var>${json_data}</var>
<arg>${response.json()}</arg>
<doc>Returns the given values which can then be assigned to a variables.</doc>
<status status="PASS" start="2024-07-12T21:15:18.627159" elapsed="0.000594"/>
</kw>
<kw name="Set Variable" owner="BuiltIn">
<msg time="2024-07-12T21:15:18.628444" level="INFO">${name_title} = Ms</msg>
<var>${name_title}</var>
<arg>${json_data["results"][0]["name"]["title"]}</arg>
<doc>Returns the given values which can then be assigned to a variables.</doc>
<status status="PASS" start="2024-07-12T21:15:18.628058" elapsed="0.000412"/>
</kw>
<kw name="Create List" owner="BuiltIn">
<msg time="2024-07-12T21:15:18.628918" level="INFO">${allowed_titles} = ['Mr', 'Ms', 'Miss', 'Mrs', 'Madame', 'Monsieur']</msg>
<var>${allowed_titles}</var>
<arg>Mr</arg>
<arg>Ms</arg>
<arg>Miss</arg>
<arg>Mrs</arg>
<arg>Madame</arg>
<arg>Monsieur</arg>
<doc>Returns a list containing given items.</doc>
<status status="PASS" start="2024-07-12T21:15:18.628770" elapsed="0.000172"/>
</kw>
<kw name="List Should Contain Value" owner="Collections">
<arg>${allowed_titles}</arg>
<arg>${name_title}</arg>
<doc>Fails if the ``value`` is not found from ``list``.</doc>
<status status="PASS" start="2024-07-12T21:15:18.629236" elapsed="0.000182"/>
</kw>
<kw name="Set Variable" owner="BuiltIn">
<msg time="2024-07-12T21:15:18.630019" level="INFO">${name_country} = NL</msg>
<var>${name_country}</var>
<arg>${json_data["results"][0]["nat"]}</arg>
<doc>Returns the given values which can then be assigned to a variables.</doc>
<status status="PASS" start="2024-07-12T21:15:18.629599" elapsed="0.000446"/>
</kw>
<kw name="Create List" owner="BuiltIn">
<msg time="2024-07-12T21:15:18.630927" level="INFO">${list_country} = ['AD', 'AE', 'AF', 'AG', 'AI', 'AL', 'AM', 'AO', 'AQ', 'AR', 'AS', 'AT', 'AU', 'AW', 'AX', 'AZ', 'BA', 'BB', 'BD', 'BE', 'BF', 'BG', 'BH', 'BI', 'BJ', 'BL', 'BM', 'BN', 'BO', 'BQ', 'BR', 'BS', 'BT', '...</msg>
<var>${list_country}</var>
<arg>AD</arg>
<arg>AE</arg>
<arg>AF</arg>
<arg>AG</arg>
<arg>AI</arg>
<arg>AL</arg>
<arg>AM</arg>
<arg>AO</arg>
<arg>AQ</arg>
<arg>AR</arg>
<arg>AS</arg>
<arg>AT</arg>
<arg>AU</arg>
<arg>AW</arg>
<arg>AX</arg>
<arg>AZ</arg>
<arg>BA</arg>
<arg>BB</arg>
<arg>BD</arg>
<arg>BE</arg>
<arg>BF</arg>
<arg>BG</arg>
<arg>BH</arg>
<arg>BI</arg>
<arg>BJ</arg>
<arg>BL</arg>
<arg>BM</arg>
<arg>BN</arg>
<arg>BO</arg>
<arg>BQ</arg>
<arg>BR</arg>
<arg>BS</arg>
<arg>BT</arg>
<arg>BV</arg>
<arg>BW</arg>
<arg>BY</arg>
<arg>BZ</arg>
<arg>CA</arg>
<arg>CC</arg>
<arg>CD</arg>
<arg>CF</arg>
<arg>CG</arg>
<arg>CH</arg>
<arg>CI</arg>
<arg>CK</arg>
<arg>CL</arg>
<arg>CM</arg>
<arg>CN</arg>
<arg>CO</arg>
<arg>CR</arg>
<arg>CU</arg>
<arg>CV</arg>
<arg>CW</arg>
<arg>CX</arg>
<arg>CY</arg>
<arg>CZ</arg>
<arg>DE</arg>
<arg>DJ</arg>
<arg>DK</arg>
<arg>DM</arg>
<arg>DO</arg>
<arg>DZ</arg>
<arg>EC</arg>
<arg>EE</arg>
<arg>EG</arg>
<arg>EH</arg>
<arg>ER</arg>
<arg>ES</arg>
<arg>ET</arg>
<arg>FI</arg>
<arg>FJ</arg>
<arg>FK</arg>
<arg>FM</arg>
<arg>FO</arg>
<arg>FR</arg>
<arg>GA</arg>
<arg>GB</arg>
<arg>GD</arg>
<arg>GE</arg>
<arg>GF</arg>
<arg>GG</arg>
<arg>GH</arg>
<arg>GI</arg>
<arg>GL</arg>
<arg>GM</arg>
<arg>GN</arg>
<arg>GP</arg>
<arg>GQ</arg>
<arg>GR</arg>
<arg>GS</arg>
<arg>GT</arg>
<arg>GU</arg>
<arg>GW</arg>
<arg>GY</arg>
<arg>HK</arg>
<arg>HM</arg>
<arg>HN</arg>
<arg>HR</arg>
<arg>HT</arg>
<arg>HU</arg>
<arg>ID</arg>
<arg>IE</arg>
<arg>IL</arg>
<arg>IM</arg>
<arg>IN</arg>
<arg>IO</arg>
<arg>IQ</arg>
<arg>IR</arg>
<arg>IS</arg>
<arg>IT</arg>
<arg>JE</arg>
<arg>JM</arg>
<arg>JO</arg>
<arg>JP</arg>
<arg>KE</arg>
<arg>KG</arg>
<arg>KH</arg>
<arg>KI</arg>
<arg>KM</arg>
<arg>KN</arg>
<arg>KP</arg>
<arg>KR</arg>
<arg>KW</arg>
<arg>KY</arg>
<arg>KZ</arg>
<arg>LA</arg>
<arg>LB</arg>
<arg>LC</arg>
<arg>LI</arg>
<arg>LK</arg>
<arg>LR</arg>
<arg>LS</arg>
<arg>LT</arg>
<arg>LU</arg>
<arg>LV</arg>
<arg>LY</arg>
<arg>MA</arg>
<arg>MC</arg>
<arg>MD</arg>
<arg>ME</arg>
<arg>MF</arg>
<arg>MG</arg>
<arg>MH</arg>
<arg>MK</arg>
<arg>ML</arg>
<arg>MM</arg>
<arg>MN</arg>
<arg>MO</arg>
<arg>MP</arg>
<arg>MQ</arg>
<arg>MR</arg>
<arg>MS</arg>
<arg>MT</arg>
<arg>MU</arg>
<arg>MV</arg>
<arg>MW</arg>
<arg>MX</arg>
<arg>MY</arg>
<arg>MZ</arg>
<arg>NA</arg>
<arg>NC</arg>
<arg>NE</arg>
<arg>NF</arg>
<arg>NG</arg>
<arg>NI</arg>
<arg>NL</arg>
<arg>NO</arg>
<arg>NP</arg>
<arg>NR</arg>
<arg>NU</arg>
<arg>NZ</arg>
<arg>OM</arg>
<arg>PA</arg>
<arg>PE</arg>
<arg>PF</arg>
<arg>PG</arg>
<arg>PH</arg>
<arg>PK</arg>
<arg>PL</arg>
<arg>PM</arg>
<arg>PN</arg>
<arg>PR</arg>
<arg>PS</arg>
<arg>PT</arg>
<arg>PW</arg>
<arg>PY</arg>
<arg>QA</arg>
<arg>RE</arg>
<arg>RO</arg>
<arg>RS</arg>
<arg>RU</arg>
<arg>RW</arg>
<arg>SA</arg>
<arg>SB</arg>
<arg>SC</arg>
<arg>SD</arg>
<arg>SE</arg>
<arg>SG</arg>
<arg>SH</arg>
<arg>SI</arg>
<arg>SJ</arg>
<arg>SK</arg>
<arg>SL</arg>
<arg>SM</arg>
<arg>SN</arg>
<arg>SO</arg>
<arg>SR</arg>
<arg>SS</arg>
<arg>ST</arg>
<arg>SV</arg>
<arg>SX</arg>
<arg>SY</arg>
<arg>SZ</arg>
<arg>TC</arg>
<arg>TD</arg>
<arg>TF</arg>
<arg>TG</arg>
<arg>TH</arg>
<arg>TJ</arg>
<arg>TK</arg>
<arg>TL</arg>
<arg>TM</arg>
<arg>TN</arg>
<arg>TO</arg>
<arg>TR</arg>
<arg>TT</arg>
<arg>TV</arg>
<arg>TW</arg>
<arg>TZ</arg>
<arg>UA</arg>
<arg>UG</arg>
<arg>UM</arg>
<arg>US</arg>
<arg>UY</arg>
<arg>UZ</arg>
<arg>VA</arg>
<arg>VC</arg>
<arg>VE</arg>
<arg>VG</arg>
<arg>VI</arg>
<arg>VN</arg>
<arg>VU</arg>
<arg>WF</arg>
<arg>WS</arg>
<arg>XK</arg>
<arg>YE</arg>
<arg>YT</arg>
<arg>ZA</arg>
<arg>ZM</arg>
<arg>ZW</arg>
<doc>Returns a list containing given items.</doc>
<status status="PASS" start="2024-07-12T21:15:18.630338" elapsed="0.000615"/>
</kw>
<kw name="List Should Contain Value" owner="Collections">
<arg>${list_country}</arg>
<arg>${name_country}</arg>
<doc>Fails if the ``value`` is not found from ``list``.</doc>
<status status="PASS" start="2024-07-12T21:15:18.631743" elapsed="0.000203"/>
</kw>
<kw name="Run Keyword If" owner="BuiltIn">
<kw name="Should Be True" owner="BuiltIn">
<arg>${True}</arg>
<doc>Fails if the given condition is not true.</doc>
<status status="PASS" start="2024-07-12T21:15:18.632869" elapsed="0.000140"/>
</kw>
<arg>${json_data["results"][0]["location"]["coordinates"]["latitude"]} &gt;= -90 and ${json_data["results"][0]["location"]["coordinates"]["latitude"]} &lt;= 90</arg>
<arg>Should Be True</arg>
<arg>${True}</arg>
<doc>Runs the given keyword with the given arguments, if ``condition`` is true.</doc>
<status status="PASS" start="2024-07-12T21:15:18.632142" elapsed="0.000994"/>
</kw>
<kw name="Run Keyword If" owner="BuiltIn">
<kw name="Should Be True" owner="BuiltIn">
<arg>${True}</arg>
<doc>Fails if the given condition is not true.</doc>
<status status="PASS" start="2024-07-12T21:15:18.634038" elapsed="0.000240"/>
</kw>
<arg>${json_data["results"][0]["location"]["coordinates"]["longitude"]} &gt;= -180 and ${json_data["results"][0]["location"]["coordinates"]["longitude"]} &lt;= 180</arg>
<arg>Should Be True</arg>
<arg>${True}</arg>
<doc>Runs the given keyword with the given arguments, if ``condition`` is true.</doc>
<status status="PASS" start="2024-07-12T21:15:18.633317" elapsed="0.001092"/>
</kw>
<status status="PASS" start="2024-07-12T21:15:18.538107" elapsed="0.096437"/>
</kw>
<doc>Testa o conteúdo específico dos campos retornados pela API.</doc>
<tag>testeConteudo</tag>
<status status="PASS" start="2024-07-12T21:15:18.537541" elapsed="0.097154"/>
</test>
<status status="PASS" start="2024-07-12T21:15:17.795696" elapsed="0.840993"/>
</suite>
<status status="PASS" start="2024-07-12T21:15:17.781193" elapsed="0.860600"/>
</suite>
<statistics>
<total>
<stat pass="5" fail="0" skip="0">All Tests</stat>
</total>
<tag>
<stat pass="1" fail="0" skip="0">testeConteudo</stat>
<stat pass="1" fail="0" skip="0">testeEstruturaResposta</stat>
<stat pass="1" fail="0" skip="0">testeRequisicaoBasica</stat>
<stat pass="1" fail="0" skip="0">testeTiposDados</stat>
</tag>
<suite>
<stat pass="5" fail="0" skip="0" id="s1" name="Tests">Tests</stat>
<stat pass="5" fail="0" skip="0" id="s1-s1" name="Random-User-Test">Tests.Random-User-Test</stat>
</suite>
</statistics>
<errors>
</errors>
</robot>
