<?xml version="1.0" encoding="UTF-8"?>
<robot generator="Robot 7.0 (Python 3.12.2 on linux)" generated="2024-03-29T21:12:59.643674" rpa="false" schemaversion="5">
<suite id="s1" name="Tests" source="/home/runner/work/DesafioQAItauRogerioJordao/DesafioQAItauRogerioJordao/RamdonUser/tests">
<suite id="s1-s1" name="Random-User-Test" source="/home/runner/work/DesafioQAItauRogerioJordao/DesafioQAItauRogerioJordao/RamdonUser/tests/random-user-test.robot">
<test id="s1-s1-t1" name="Conectar" line="13">
<kw name="Conectar API" owner="random-user-service">
<kw name="Create Session" owner="RequestsLibrary">
<msg time="2024-03-29T21:13:00.009070" level="INFO">Creating Session using : alias=consultarAPI, url=https://randomuser.me/, headers={},                     cookies={}, auth=None, timeout=None, proxies=None, verify=False,                     debug=0 </msg>
<arg>consultarAPI</arg>
<arg>${URL}</arg>
<doc>Create Session: create a HTTP session to a server</doc>
<status status="PASS" start="2024-03-29T21:13:00.008860" elapsed="0.000400"/>
</kw>
<status status="PASS" start="2024-03-29T21:13:00.007787" elapsed="0.001856"/>
</kw>
<status status="PASS" start="2024-03-29T21:13:00.007103" elapsed="0.002747"/>
</test>
<test id="s1-s1-t2" name="Validar retorno 200 e JSON Válido" line="16">
<kw name="Teste de Requisicao Basica" owner="random-user-service">
<kw name="GET On Session" owner="RequestsLibrary">
<msg time="2024-03-29T21:13:00.089401" level="INFO">GET Request : url=https://randomuser.me/api 
 path_url=/api 
 headers={'User-Agent': 'python-requests/2.31.0', 'Accept-Encoding': 'gzip, deflate', 'Accept': '*/*', 'Connection': 'keep-alive'} 
 body=None 
 </msg>
<msg time="2024-03-29T21:13:00.089557" level="INFO">GET Response : url=https://randomuser.me/api 
 status=200, reason=OK 
 headers={'Date': 'Fri, 29 Mar 2024 21:13:00 GMT', 'Content-Type': 'application/json; charset=utf-8', 'Transfer-Encoding': 'chunked', 'Connection': 'keep-alive', 'X-Powered-By': 'Express', 'Access-Control-Allow-Origin': '*', 'Cache-Control': 'no-cache', 'ETag': 'W/"47b-iApXxaYccpy8DVLa0moHmnLlCPs"', 'Vary': 'Accept-Encoding', 'Content-Encoding': 'gzip', 'CF-Cache-Status': 'DYNAMIC', 'Report-To': '{"endpoints":[{"url":"https:\\/\\/a.nel.cloudflare.com\\/report\\/v4?s=vZOe7XHdWgycxqttssGyPPI63G3YTxMuMcxMfxPvO4A74xqqTqcvbIRhp7C4igGGCONZ3XmBRtf3xditOzp3CiITyMUEoYgPq5jRudJ5lSGYiN3Uu66RS%2BQULOm2Ha4A"}],"group":"cf-nel","max_age":604800}', 'NEL': '{"success_fraction":0,"report_to":"cf-nel","max_age":604800}', 'Server': 'cloudflare', 'CF-RAY': '86c2dc7f3cc681d0-IAD', 'alt-svc': 'h3=":443"; ma=86400'} 
 body={"results":[{"gender":"male","name":{"title":"Mr","first":"Luca","last":"Thomas"},"location":{"street":{"number":4244,"name":"Waipuna Road"},"city":"Dunedin","state":"Tasman","country":"New Zealand","postcode":24032,"coordinates":{"latitude":"51.1845","longitude":"-116.6165"},"timezone":{"offset":"+2:00","description":"Kaliningrad, South Africa"}},"email":"luca.thomas@example.com","login":{"uuid":"ab86f2c2-fcfe-4a45-bf34-cf05b1d3c42f","username":"blueelephant806","password":"wrestler","salt":"0X95OqvE","md5":"0c69098ee374e6f7eb57c0f1bec869d4","sha1":"fab3f9a92210ec66db6384e2f64df1c986f4d25e","sha256":"2079267d7575fabeb941e1e45341b626b47745023e1181c8df7eb5652b68d803"},"dob":{"date":"1998-04-09T11:12:35.445Z","age":25},"registered":{"date":"2003-03-09T20:04:49.612Z","age":21},"phone":"(718)-172-1965","cell":"(941)-977-4885","id":{"name":"","value":null},"picture":{"large":"https://randomuser.me/api/portraits/men/31.jpg","medium":"https://randomuser.me/api/portraits/med/men/31.jpg","thumbnail":"https://randomuser.me/api/portraits/thumb/men/31.jpg"},"nat":"NZ"}],"info":{"seed":"0979e15b4973872e","results":1,"page":1,"version":"1.4"}} 
 </msg>
<msg time="2024-03-29T21:13:00.089666" level="INFO">/opt/hostedtoolcache/Python/3.12.2/x64/lib/python3.12/site-packages/urllib3/connectionpool.py:1103: InsecureRequestWarning: Unverified HTTPS request is being made to host 'randomuser.me'. Adding certificate verification is strongly advised. See: https://urllib3.readthedocs.io/en/latest/advanced-usage.html#tls-warnings
  warnings.warn(</msg>
<msg time="2024-03-29T21:13:00.089830" level="INFO">${response} = &lt;Response [200]&gt;</msg>
<var>${response}</var>
<arg>consultarAPI</arg>
<arg>/api</arg>
<doc>Sends a GET request on a previously created HTTP Session.</doc>
<status status="PASS" start="2024-03-29T21:13:00.012526" elapsed="0.077348"/>
</kw>
<kw name="Should Be Equal As Numbers" owner="BuiltIn">
<msg time="2024-03-29T21:13:00.090914" level="INFO">Argument types are:
&lt;class 'int'&gt;
&lt;class 'str'&gt;</msg>
<arg>${response.status_code}</arg>
<arg>200</arg>
<doc>Fails if objects are unequal after converting them to real numbers.</doc>
<status status="PASS" start="2024-03-29T21:13:00.090445" elapsed="0.000539"/>
</kw>
<kw name="Log" owner="BuiltIn">
<msg time="2024-03-29T21:13:00.091707" level="INFO">200</msg>
<arg>${response.status_code}</arg>
<doc>Logs the given message with the given level.</doc>
<status status="PASS" start="2024-03-29T21:13:00.091316" elapsed="0.000436"/>
</kw>
<kw name="Set Variable" owner="BuiltIn">
<msg time="2024-03-29T21:13:00.092549" level="INFO">${json_data} = {'results': [{'gender': 'male', 'name': {'title': 'Mr', 'first': 'Luca', 'last': 'Thomas'}, 'location': {'street': {'number': 4244, 'name': 'Waipuna Road'}, 'city': 'Dunedin', 'state': 'Tasman', 'coun...</msg>
<var>${json_data}</var>
<arg>${response.json()}</arg>
<doc>Returns the given values which can then be assigned to a variables.</doc>
<status status="PASS" start="2024-03-29T21:13:00.092097" elapsed="0.000483"/>
</kw>
<kw name="Dictionary Should Contain Key" owner="Collections">
<msg time="2024-03-29T21:13:00.093062" level="INFO">False</msg>
<arg>${json_data}</arg>
<arg>results</arg>
<doc>Fails if ``key`` is not found from ``dictionary``.</doc>
<status status="PASS" start="2024-03-29T21:13:00.092891" elapsed="0.000211"/>
</kw>
<status status="PASS" start="2024-03-29T21:13:00.012271" elapsed="0.081096"/>
</kw>
<doc>Testa se a API responde corretamente e retorna um objeto JSON válido.</doc>
<tag>testeRequisicaoBasica</tag>
<status status="PASS" start="2024-03-29T21:13:00.011747" elapsed="0.081816"/>
</test>
<test id="s1-s1-t3" name="Validar estrutura de resposta" line="22">
<kw name="Teste de Estrutura de Resposta" owner="random-user-service">
<kw name="GET On Session" owner="RequestsLibrary">
<msg time="2024-03-29T21:13:00.183103" level="INFO">GET Request : url=https://randomuser.me/api 
 path_url=/api 
 headers={'User-Agent': 'python-requests/2.31.0', 'Accept-Encoding': 'gzip, deflate', 'Accept': '*/*', 'Connection': 'keep-alive'} 
 body=None 
 </msg>
<msg time="2024-03-29T21:13:00.183208" level="INFO">GET Response : url=https://randomuser.me/api 
 status=200, reason=OK 
 headers={'Date': 'Fri, 29 Mar 2024 21:13:00 GMT', 'Content-Type': 'application/json; charset=utf-8', 'Transfer-Encoding': 'chunked', 'Connection': 'keep-alive', 'X-Powered-By': 'Express', 'Access-Control-Allow-Origin': '*', 'Cache-Control': 'no-cache', 'ETag': 'W/"48f-4iu7eKXP0ZotUPT9wE+gVdmd7YU"', 'Vary': 'Accept-Encoding', 'Content-Encoding': 'gzip', 'CF-Cache-Status': 'DYNAMIC', 'Report-To': '{"endpoints":[{"url":"https:\\/\\/a.nel.cloudflare.com\\/report\\/v4?s=VFDb3e9WX3Olp47JMid4zZAD8XbnRLCB3l7XogzhG9Xh2xfhbutCaGkZPW7c%2BrMcZKgSwVAo%2FcaGi7%2BwjljcoiGfOhGB3S0vN%2FWoJquFRq8W4fPFkrFXpOAnN8MqXycr"}],"group":"cf-nel","max_age":604800}', 'NEL': '{"success_fraction":0,"report_to":"cf-nel","max_age":604800}', 'Server': 'cloudflare', 'CF-RAY': '86c2dc7f9d4381d0-IAD', 'alt-svc': 'h3=":443"; ma=86400'} 
 body={"results":[{"gender":"female","name":{"title":"Miss","first":"Ava","last":"Clark"},"location":{"street":{"number":423,"name":"Elgin St"},"city":"Waterloo","state":"Alberta","country":"Canada","postcode":"L1Y 9N0","coordinates":{"latitude":"-64.9932","longitude":"82.7656"},"timezone":{"offset":"+11:00","description":"Magadan, Solomon Islands, New Caledonia"}},"email":"ava.clark@example.com","login":{"uuid":"334f07e1-240c-4074-a0b8-91146bdaf006","username":"orangelion203","password":"qqqqqqqq","salt":"qaWdEpzd","md5":"2ae0d7dabb2c37a2e71fa8c0debe15e3","sha1":"1b778318489f6f85a9733df9d3917642f0ce64c2","sha256":"6b6a220d95a256961317f2931d19a31e2d76910a4a6c749795822954ea2fa544"},"dob":{"date":"1949-11-24T17:02:38.067Z","age":74},"registered":{"date":"2007-11-30T19:34:42.075Z","age":16},"phone":"S86 Y00-3214","cell":"A46 D67-4263","id":{"name":"SIN","value":"401011085"},"picture":{"large":"https://randomuser.me/api/portraits/women/41.jpg","medium":"https://randomuser.me/api/portraits/med/women/41.jpg","thumbnail":"https://randomuser.me/api/portraits/thumb/women/41.jpg"},"nat":"CA"}],"info":{"seed":"4e39ec10c6f9a35f","results":1,"page":1,"version":"1.4"}} 
 </msg>
<msg time="2024-03-29T21:13:00.183356" level="INFO">/opt/hostedtoolcache/Python/3.12.2/x64/lib/python3.12/site-packages/urllib3/connectionpool.py:1103: InsecureRequestWarning: Unverified HTTPS request is being made to host 'randomuser.me'. Adding certificate verification is strongly advised. See: https://urllib3.readthedocs.io/en/latest/advanced-usage.html#tls-warnings
  warnings.warn(</msg>
<msg time="2024-03-29T21:13:00.183541" level="INFO">${response} = &lt;Response [200]&gt;</msg>
<var>${response}</var>
<arg>consultarAPI</arg>
<arg>/api</arg>
<doc>Sends a GET request on a previously created HTTP Session.</doc>
<status status="PASS" start="2024-03-29T21:13:00.096752" elapsed="0.086836"/>
</kw>
<kw name="Set Variable" owner="BuiltIn">
<msg time="2024-03-29T21:13:00.184677" level="INFO">${json_data} = {'results': [{'gender': 'female', 'name': {'title': 'Miss', 'first': 'Ava', 'last': 'Clark'}, 'location': {'street': {'number': 423, 'name': 'Elgin St'}, 'city': 'Waterloo', 'state': 'Alberta', 'count...</msg>
<var>${json_data}</var>
<arg>${response.json()}</arg>
<doc>Returns the given values which can then be assigned to a variables.</doc>
<status status="PASS" start="2024-03-29T21:13:00.184133" elapsed="0.000574"/>
</kw>
<kw name="Log" owner="BuiltIn">
<msg time="2024-03-29T21:13:00.185208" level="INFO">{'results': [{'gender': 'female', 'name': {'title': 'Miss', 'first': 'Ava', 'last': 'Clark'}, 'location': {'street': {'number': 423, 'name': 'Elgin St'}, 'city': 'Waterloo', 'state': 'Alberta', 'country': 'Canada', 'postcode': 'L1Y 9N0', 'coordinates': {'latitude': '-64.9932', 'longitude': '82.7656'}, 'timezone': {'offset': '+11:00', 'description': 'Magadan, Solomon Islands, New Caledonia'}}, 'email': 'ava.clark@example.com', 'login': {'uuid': '334f07e1-240c-4074-a0b8-91146bdaf006', 'username': 'orangelion203', 'password': 'qqqqqqqq', 'salt': 'qaWdEpzd', 'md5': '2ae0d7dabb2c37a2e71fa8c0debe15e3', 'sha1': '1b778318489f6f85a9733df9d3917642f0ce64c2', 'sha256': '6b6a220d95a256961317f2931d19a31e2d76910a4a6c749795822954ea2fa544'}, 'dob': {'date': '1949-11-24T17:02:38.067Z', 'age': 74}, 'registered': {'date': '2007-11-30T19:34:42.075Z', 'age': 16}, 'phone': 'S86 Y00-3214', 'cell': 'A46 D67-4263', 'id': {'name': 'SIN', 'value': '401011085'}, 'picture': {'large': 'https://randomuser.me/api/portraits/women/41.jpg', 'medium': 'https://randomuser.me/api/portraits/med/women/41.jpg', 'thumbnail': 'https://randomuser.me/api/portraits/thumb/women/41.jpg'}, 'nat': 'CA'}], 'info': {'seed': '4e39ec10c6f9a35f', 'results': 1, 'page': 1, 'version': '1.4'}}</msg>
<arg>${json_data}</arg>
<doc>Logs the given message with the given level.</doc>
<status status="PASS" start="2024-03-29T21:13:00.185039" elapsed="0.000218"/>
</kw>
<kw name="Dictionary Should Contain Key" owner="Collections">
<msg time="2024-03-29T21:13:00.185724" level="INFO">False</msg>
<arg>${json_data}</arg>
<arg>results</arg>
<doc>Fails if ``key`` is not found from ``dictionary``.</doc>
<status status="PASS" start="2024-03-29T21:13:00.185561" elapsed="0.000202"/>
</kw>
<kw name="Should Not Be Empty" owner="BuiltIn">
<msg time="2024-03-29T21:13:00.186207" level="INFO">Length is 2.</msg>
<arg>${json_data}</arg>
<doc>Verifies that the given item is not empty.</doc>
<status status="PASS" start="2024-03-29T21:13:00.186066" elapsed="0.000182"/>
</kw>
<kw name="Create List" owner="BuiltIn">
<msg time="2024-03-29T21:13:00.186701" level="INFO">${expected_keys} = ['gender', 'name', 'location', 'email', 'login']</msg>
<var>${expected_keys}</var>
<arg>gender</arg>
<arg>name</arg>
<arg>location</arg>
<arg>email</arg>
<arg>login</arg>
<doc>Returns a list containing given items.</doc>
<status status="PASS" start="2024-03-29T21:13:00.186547" elapsed="0.000179"/>
</kw>
<for flavor="IN">
<iter>
<kw name="Dictionary Should Contain Key" owner="Collections">
<msg time="2024-03-29T21:13:00.187781" level="INFO">False</msg>
<arg>${json_data['results'][0]}</arg>
<arg>${key}</arg>
<doc>Fails if ``key`` is not found from ``dictionary``.</doc>
<status status="PASS" start="2024-03-29T21:13:00.187329" elapsed="0.000492"/>
</kw>
<kw name="Log" owner="BuiltIn">
<msg time="2024-03-29T21:13:00.188521" level="INFO">{'gender': 'female', 'name': {'title': 'Miss', 'first': 'Ava', 'last': 'Clark'}, 'location': {'street': {'number': 423, 'name': 'Elgin St'}, 'city': 'Waterloo', 'state': 'Alberta', 'country': 'Canada', 'postcode': 'L1Y 9N0', 'coordinates': {'latitude': '-64.9932', 'longitude': '82.7656'}, 'timezone': {'offset': '+11:00', 'description': 'Magadan, Solomon Islands, New Caledonia'}}, 'email': 'ava.clark@example.com', 'login': {'uuid': '334f07e1-240c-4074-a0b8-91146bdaf006', 'username': 'orangelion203', 'password': 'qqqqqqqq', 'salt': 'qaWdEpzd', 'md5': '2ae0d7dabb2c37a2e71fa8c0debe15e3', 'sha1': '1b778318489f6f85a9733df9d3917642f0ce64c2', 'sha256': '6b6a220d95a256961317f2931d19a31e2d76910a4a6c749795822954ea2fa544'}, 'dob': {'date': '1949-11-24T17:02:38.067Z', 'age': 74}, 'registered': {'date': '2007-11-30T19:34:42.075Z', 'age': 16}, 'phone': 'S86 Y00-3214', 'cell': 'A46 D67-4263', 'id': {'name': 'SIN', 'value': '401011085'}, 'picture': {'large': 'https://randomuser.me/api/portraits/women/41.jpg', 'medium': 'https://randomuser.me/api/portraits/med/women/41.jpg', 'thumbnail': 'https://randomuser.me/api/portraits/thumb/women/41.jpg'}, 'nat': 'CA'}</msg>
<arg>${json_data['results'][0]}</arg>
<doc>Logs the given message with the given level.</doc>
<status status="PASS" start="2024-03-29T21:13:00.188139" elapsed="0.000438"/>
</kw>
<kw name="Log" owner="BuiltIn">
<msg time="2024-03-29T21:13:00.189023" level="INFO">gender</msg>
<arg>${key}</arg>
<doc>Logs the given message with the given level.</doc>
<status status="PASS" start="2024-03-29T21:13:00.188887" elapsed="0.000177"/>
</kw>
<var name="${key}">gender</var>
<status status="PASS" start="2024-03-29T21:13:00.187200" elapsed="0.002092"/>
</iter>
<iter>
<kw name="Dictionary Should Contain Key" owner="Collections">
<msg time="2024-03-29T21:13:00.190002" level="INFO">False</msg>
<arg>${json_data['results'][0]}</arg>
<arg>${key}</arg>
<doc>Fails if ``key`` is not found from ``dictionary``.</doc>
<status status="PASS" start="2024-03-29T21:13:00.189604" elapsed="0.000437"/>
</kw>
<kw name="Log" owner="BuiltIn">
<msg time="2024-03-29T21:13:00.190752" level="INFO">{'gender': 'female', 'name': {'title': 'Miss', 'first': 'Ava', 'last': 'Clark'}, 'location': {'street': {'number': 423, 'name': 'Elgin St'}, 'city': 'Waterloo', 'state': 'Alberta', 'country': 'Canada', 'postcode': 'L1Y 9N0', 'coordinates': {'latitude': '-64.9932', 'longitude': '82.7656'}, 'timezone': {'offset': '+11:00', 'description': 'Magadan, Solomon Islands, New Caledonia'}}, 'email': 'ava.clark@example.com', 'login': {'uuid': '334f07e1-240c-4074-a0b8-91146bdaf006', 'username': 'orangelion203', 'password': 'qqqqqqqq', 'salt': 'qaWdEpzd', 'md5': '2ae0d7dabb2c37a2e71fa8c0debe15e3', 'sha1': '1b778318489f6f85a9733df9d3917642f0ce64c2', 'sha256': '6b6a220d95a256961317f2931d19a31e2d76910a4a6c749795822954ea2fa544'}, 'dob': {'date': '1949-11-24T17:02:38.067Z', 'age': 74}, 'registered': {'date': '2007-11-30T19:34:42.075Z', 'age': 16}, 'phone': 'S86 Y00-3214', 'cell': 'A46 D67-4263', 'id': {'name': 'SIN', 'value': '401011085'}, 'picture': {'large': 'https://randomuser.me/api/portraits/women/41.jpg', 'medium': 'https://randomuser.me/api/portraits/med/women/41.jpg', 'thumbnail': 'https://randomuser.me/api/portraits/thumb/women/41.jpg'}, 'nat': 'CA'}</msg>
<arg>${json_data['results'][0]}</arg>
<doc>Logs the given message with the given level.</doc>
<status status="PASS" start="2024-03-29T21:13:00.190385" elapsed="0.000415"/>
</kw>
<kw name="Log" owner="BuiltIn">
<msg time="2024-03-29T21:13:00.191244" level="INFO">name</msg>
<arg>${key}</arg>
<doc>Logs the given message with the given level.</doc>
<status status="PASS" start="2024-03-29T21:13:00.191108" elapsed="0.000177"/>
</kw>
<var name="${key}">name</var>
<status status="PASS" start="2024-03-29T21:13:00.189486" elapsed="0.002060"/>
</iter>
<iter>
<kw name="Dictionary Should Contain Key" owner="Collections">
<msg time="2024-03-29T21:13:00.192226" level="INFO">False</msg>
<arg>${json_data['results'][0]}</arg>
<arg>${key}</arg>
<doc>Fails if ``key`` is not found from ``dictionary``.</doc>
<status status="PASS" start="2024-03-29T21:13:00.191843" elapsed="0.000422"/>
</kw>
<kw name="Log" owner="BuiltIn">
<msg time="2024-03-29T21:13:00.192943" level="INFO">{'gender': 'female', 'name': {'title': 'Miss', 'first': 'Ava', 'last': 'Clark'}, 'location': {'street': {'number': 423, 'name': 'Elgin St'}, 'city': 'Waterloo', 'state': 'Alberta', 'country': 'Canada', 'postcode': 'L1Y 9N0', 'coordinates': {'latitude': '-64.9932', 'longitude': '82.7656'}, 'timezone': {'offset': '+11:00', 'description': 'Magadan, Solomon Islands, New Caledonia'}}, 'email': 'ava.clark@example.com', 'login': {'uuid': '334f07e1-240c-4074-a0b8-91146bdaf006', 'username': 'orangelion203', 'password': 'qqqqqqqq', 'salt': 'qaWdEpzd', 'md5': '2ae0d7dabb2c37a2e71fa8c0debe15e3', 'sha1': '1b778318489f6f85a9733df9d3917642f0ce64c2', 'sha256': '6b6a220d95a256961317f2931d19a31e2d76910a4a6c749795822954ea2fa544'}, 'dob': {'date': '1949-11-24T17:02:38.067Z', 'age': 74}, 'registered': {'date': '2007-11-30T19:34:42.075Z', 'age': 16}, 'phone': 'S86 Y00-3214', 'cell': 'A46 D67-4263', 'id': {'name': 'SIN', 'value': '401011085'}, 'picture': {'large': 'https://randomuser.me/api/portraits/women/41.jpg', 'medium': 'https://randomuser.me/api/portraits/med/women/41.jpg', 'thumbnail': 'https://randomuser.me/api/portraits/thumb/women/41.jpg'}, 'nat': 'CA'}</msg>
<arg>${json_data['results'][0]}</arg>
<doc>Logs the given message with the given level.</doc>
<status status="PASS" start="2024-03-29T21:13:00.192571" elapsed="0.000426"/>
</kw>
<kw name="Log" owner="BuiltIn">
<msg time="2024-03-29T21:13:00.193430" level="INFO">location</msg>
<arg>${key}</arg>
<doc>Logs the given message with the given level.</doc>
<status status="PASS" start="2024-03-29T21:13:00.193299" elapsed="0.000172"/>
</kw>
<var name="${key}">location</var>
<status status="PASS" start="2024-03-29T21:13:00.191730" elapsed="0.001962"/>
</iter>
<iter>
<kw name="Dictionary Should Contain Key" owner="Collections">
<msg time="2024-03-29T21:13:00.194379" level="INFO">False</msg>
<arg>${json_data['results'][0]}</arg>
<arg>${key}</arg>
<doc>Fails if ``key`` is not found from ``dictionary``.</doc>
<status status="PASS" start="2024-03-29T21:13:00.193987" elapsed="0.000431"/>
</kw>
<kw name="Log" owner="BuiltIn">
<msg time="2024-03-29T21:13:00.195091" level="INFO">{'gender': 'female', 'name': {'title': 'Miss', 'first': 'Ava', 'last': 'Clark'}, 'location': {'street': {'number': 423, 'name': 'Elgin St'}, 'city': 'Waterloo', 'state': 'Alberta', 'country': 'Canada', 'postcode': 'L1Y 9N0', 'coordinates': {'latitude': '-64.9932', 'longitude': '82.7656'}, 'timezone': {'offset': '+11:00', 'description': 'Magadan, Solomon Islands, New Caledonia'}}, 'email': 'ava.clark@example.com', 'login': {'uuid': '334f07e1-240c-4074-a0b8-91146bdaf006', 'username': 'orangelion203', 'password': 'qqqqqqqq', 'salt': 'qaWdEpzd', 'md5': '2ae0d7dabb2c37a2e71fa8c0debe15e3', 'sha1': '1b778318489f6f85a9733df9d3917642f0ce64c2', 'sha256': '6b6a220d95a256961317f2931d19a31e2d76910a4a6c749795822954ea2fa544'}, 'dob': {'date': '1949-11-24T17:02:38.067Z', 'age': 74}, 'registered': {'date': '2007-11-30T19:34:42.075Z', 'age': 16}, 'phone': 'S86 Y00-3214', 'cell': 'A46 D67-4263', 'id': {'name': 'SIN', 'value': '401011085'}, 'picture': {'large': 'https://randomuser.me/api/portraits/women/41.jpg', 'medium': 'https://randomuser.me/api/portraits/med/women/41.jpg', 'thumbnail': 'https://randomuser.me/api/portraits/thumb/women/41.jpg'}, 'nat': 'CA'}</msg>
<arg>${json_data['results'][0]}</arg>
<doc>Logs the given message with the given level.</doc>
<status status="PASS" start="2024-03-29T21:13:00.194728" elapsed="0.000412"/>
</kw>
<kw name="Log" owner="BuiltIn">
<msg time="2024-03-29T21:13:00.195608" level="INFO">email</msg>
<arg>${key}</arg>
<doc>Logs the given message with the given level.</doc>
<status status="PASS" start="2024-03-29T21:13:00.195473" elapsed="0.000175"/>
</kw>
<var name="${key}">email</var>
<status status="PASS" start="2024-03-29T21:13:00.193871" elapsed="0.001998"/>
</iter>
<iter>
<kw name="Dictionary Should Contain Key" owner="Collections">
<msg time="2024-03-29T21:13:00.196556" level="INFO">False</msg>
<arg>${json_data['results'][0]}</arg>
<arg>${key}</arg>
<doc>Fails if ``key`` is not found from ``dictionary``.</doc>
<status status="PASS" start="2024-03-29T21:13:00.196163" elapsed="0.000433"/>
</kw>
<kw name="Log" owner="BuiltIn">
<msg time="2024-03-29T21:13:00.197270" level="INFO">{'gender': 'female', 'name': {'title': 'Miss', 'first': 'Ava', 'last': 'Clark'}, 'location': {'street': {'number': 423, 'name': 'Elgin St'}, 'city': 'Waterloo', 'state': 'Alberta', 'country': 'Canada', 'postcode': 'L1Y 9N0', 'coordinates': {'latitude': '-64.9932', 'longitude': '82.7656'}, 'timezone': {'offset': '+11:00', 'description': 'Magadan, Solomon Islands, New Caledonia'}}, 'email': 'ava.clark@example.com', 'login': {'uuid': '334f07e1-240c-4074-a0b8-91146bdaf006', 'username': 'orangelion203', 'password': 'qqqqqqqq', 'salt': 'qaWdEpzd', 'md5': '2ae0d7dabb2c37a2e71fa8c0debe15e3', 'sha1': '1b778318489f6f85a9733df9d3917642f0ce64c2', 'sha256': '6b6a220d95a256961317f2931d19a31e2d76910a4a6c749795822954ea2fa544'}, 'dob': {'date': '1949-11-24T17:02:38.067Z', 'age': 74}, 'registered': {'date': '2007-11-30T19:34:42.075Z', 'age': 16}, 'phone': 'S86 Y00-3214', 'cell': 'A46 D67-4263', 'id': {'name': 'SIN', 'value': '401011085'}, 'picture': {'large': 'https://randomuser.me/api/portraits/women/41.jpg', 'medium': 'https://randomuser.me/api/portraits/med/women/41.jpg', 'thumbnail': 'https://randomuser.me/api/portraits/thumb/women/41.jpg'}, 'nat': 'CA'}</msg>
<arg>${json_data['results'][0]}</arg>
<doc>Logs the given message with the given level.</doc>
<status status="PASS" start="2024-03-29T21:13:00.196897" elapsed="0.000421"/>
</kw>
<kw name="Log" owner="BuiltIn">
<msg time="2024-03-29T21:13:00.197750" level="INFO">login</msg>
<arg>${key}</arg>
<doc>Logs the given message with the given level.</doc>
<status status="PASS" start="2024-03-29T21:13:00.197619" elapsed="0.000288"/>
</kw>
<var name="${key}">login</var>
<status status="PASS" start="2024-03-29T21:13:00.196045" elapsed="0.002123"/>
</iter>
<var>${key}</var>
<value>@{expected_keys}</value>
<status status="PASS" start="2024-03-29T21:13:00.187002" elapsed="0.011297"/>
</for>
<kw name="Create List" owner="BuiltIn">
<msg time="2024-03-29T21:13:00.198648" level="INFO">${expected_keysTwo} = ['username', 'password']</msg>
<var>${expected_keysTwo}</var>
<arg>username</arg>
<arg>password</arg>
<doc>Returns a list containing given items.</doc>
<status status="PASS" start="2024-03-29T21:13:00.198502" elapsed="0.000172"/>
</kw>
<for flavor="IN">
<iter>
<kw name="Dictionary Should Contain Key" owner="Collections">
<msg time="2024-03-29T21:13:00.199641" level="INFO">False</msg>
<arg>${json_data['results'][0]['login']}</arg>
<arg>${keyTwo}</arg>
<doc>Fails if ``key`` is not found from ``dictionary``.</doc>
<status status="PASS" start="2024-03-29T21:13:00.199190" elapsed="0.000489"/>
</kw>
<kw name="Dictionary Should Contain Key" owner="Collections">
<msg time="2024-03-29T21:13:00.200375" level="INFO">False</msg>
<arg>${json_data['results'][0]['login']}</arg>
<arg>${keyTwo}</arg>
<doc>Fails if ``key`` is not found from ``dictionary``.</doc>
<status status="PASS" start="2024-03-29T21:13:00.199984" elapsed="0.000430"/>
</kw>
<kw name="Log" owner="BuiltIn">
<msg time="2024-03-29T21:13:00.200850" level="INFO">username</msg>
<arg>${keyTwo}</arg>
<doc>Logs the given message with the given level.</doc>
<status status="PASS" start="2024-03-29T21:13:00.200716" elapsed="0.000172"/>
</kw>
<var name="${keyTwo}">username</var>
<status status="PASS" start="2024-03-29T21:13:00.199076" elapsed="0.002034"/>
</iter>
<iter>
<kw name="Dictionary Should Contain Key" owner="Collections">
<msg time="2024-03-29T21:13:00.201789" level="INFO">False</msg>
<arg>${json_data['results'][0]['login']}</arg>
<arg>${keyTwo}</arg>
<doc>Fails if ``key`` is not found from ``dictionary``.</doc>
<status status="PASS" start="2024-03-29T21:13:00.201401" elapsed="0.000427"/>
</kw>
<kw name="Dictionary Should Contain Key" owner="Collections">
<msg time="2024-03-29T21:13:00.202518" level="INFO">False</msg>
<arg>${json_data['results'][0]['login']}</arg>
<arg>${keyTwo}</arg>
<doc>Fails if ``key`` is not found from ``dictionary``.</doc>
<status status="PASS" start="2024-03-29T21:13:00.202127" elapsed="0.000429"/>
</kw>
<kw name="Log" owner="BuiltIn">
<msg time="2024-03-29T21:13:00.202988" level="INFO">password</msg>
<arg>${keyTwo}</arg>
<doc>Logs the given message with the given level.</doc>
<status status="PASS" start="2024-03-29T21:13:00.202859" elapsed="0.000168"/>
</kw>
<var name="${keyTwo}">password</var>
<status status="PASS" start="2024-03-29T21:13:00.201288" elapsed="0.001965"/>
</iter>
<var>${keyTwo}</var>
<value>@{expected_keysTwo}</value>
<status status="PASS" start="2024-03-29T21:13:00.198920" elapsed="0.004482"/>
</for>
<status status="PASS" start="2024-03-29T21:13:00.096411" elapsed="0.107157"/>
</kw>
<doc>Testa a estrutura da resposta da API.</doc>
<tag>testeEstruturaResposta</tag>
<status status="PASS" start="2024-03-29T21:13:00.095431" elapsed="0.108307"/>
</test>
<test id="s1-s1-t4" name="Validar tipos de dados" line="28">
<kw name="Teste de Tipos de Dados" owner="random-user-service">
<kw name="GET On Session" owner="RequestsLibrary">
<msg time="2024-03-29T21:13:00.294294" level="INFO">GET Request : url=https://randomuser.me/api 
 path_url=/api 
 headers={'User-Agent': 'python-requests/2.31.0', 'Accept-Encoding': 'gzip, deflate', 'Accept': '*/*', 'Connection': 'keep-alive'} 
 body=None 
 </msg>
<msg time="2024-03-29T21:13:00.294393" level="INFO">GET Response : url=https://randomuser.me/api 
 status=200, reason=OK 
 headers={'Date': 'Fri, 29 Mar 2024 21:13:00 GMT', 'Content-Type': 'application/json; charset=utf-8', 'Transfer-Encoding': 'chunked', 'Connection': 'keep-alive', 'X-Powered-By': 'Express', 'Access-Control-Allow-Origin': '*', 'Cache-Control': 'no-cache', 'ETag': 'W/"47c-NL0piX0Zfr3pzibiuZMXENvQBss"', 'Vary': 'Accept-Encoding', 'Content-Encoding': 'gzip', 'CF-Cache-Status': 'DYNAMIC', 'Report-To': '{"endpoints":[{"url":"https:\\/\\/a.nel.cloudflare.com\\/report\\/v4?s=jadNxWlgxHntQKAcSV9qUDwigNc70SkMrU0tEZ6oWz2KbKLB%2BtoR0YwbGi6%2BklzsplugkkZtHKBTRim%2FrOx%2Bu0YPdsUL1DSwo%2BElClLrb7KVFBlUqs%2Bcz3IOZeD8LyrY"}],"group":"cf-nel","max_age":604800}', 'NEL': '{"success_fraction":0,"report_to":"cf-nel","max_age":604800}', 'Server': 'cloudflare', 'CF-RAY': '86c2dc804e1081d0-IAD', 'alt-svc': 'h3=":443"; ma=86400'} 
 body={"results":[{"gender":"male","name":{"title":"Mr","first":"Deniz","last":"Okur"},"location":{"street":{"number":1904,"name":"Filistin Cd"},"city":"Hatay","state":"Erzurum","country":"Turkey","postcode":84851,"coordinates":{"latitude":"67.9868","longitude":"-163.2268"},"timezone":{"offset":"+10:00","description":"Eastern Australia, Guam, Vladivostok"}},"email":"deniz.okur@example.com","login":{"uuid":"3af3964d-ac05-4703-9d6e-7f25d914e78a","username":"happytiger509","password":"snoopdog","salt":"NUawBan1","md5":"8c4204c5a58b1a6ae01aab79cb2abe1b","sha1":"cfd9eea3a62da2c0a04b353c1119ecb526b820d8","sha256":"9b2d748750a3074e4bf92b00f32a3c8d4be0ccb17f6134429a3fead443386d0f"},"dob":{"date":"2001-02-06T18:37:40.891Z","age":23},"registered":{"date":"2005-03-02T01:02:21.084Z","age":19},"phone":"(851)-294-5694","cell":"(466)-056-4300","id":{"name":"","value":null},"picture":{"large":"https://randomuser.me/api/portraits/men/32.jpg","medium":"https://randomuser.me/api/portraits/med/men/32.jpg","thumbnail":"https://randomuser.me/api/portraits/thumb/men/32.jpg"},"nat":"TR"}],"info":{"seed":"3cf3f221f2b09db5","results":1,"page":1,"version":"1.4"}} 
 </msg>
<msg time="2024-03-29T21:13:00.294463" level="INFO">/opt/hostedtoolcache/Python/3.12.2/x64/lib/python3.12/site-packages/urllib3/connectionpool.py:1103: InsecureRequestWarning: Unverified HTTPS request is being made to host 'randomuser.me'. Adding certificate verification is strongly advised. See: https://urllib3.readthedocs.io/en/latest/advanced-usage.html#tls-warnings
  warnings.warn(</msg>
<msg time="2024-03-29T21:13:00.294609" level="INFO">${response} = &lt;Response [200]&gt;</msg>
<var>${response}</var>
<arg>consultarAPI</arg>
<arg>/api</arg>
<doc>Sends a GET request on a previously created HTTP Session.</doc>
<status status="PASS" start="2024-03-29T21:13:00.206249" elapsed="0.088401"/>
</kw>
<kw name="Set Variable" owner="BuiltIn">
<msg time="2024-03-29T21:13:00.295748" level="INFO">${json_data} = {'results': [{'gender': 'male', 'name': {'title': 'Mr', 'first': 'Deniz', 'last': 'Okur'}, 'location': {'street': {'number': 1904, 'name': 'Filistin Cd'}, 'city': 'Hatay', 'state': 'Erzurum', 'country...</msg>
<var>${json_data}</var>
<arg>${response.json()}</arg>
<doc>Returns the given values which can then be assigned to a variables.</doc>
<status status="PASS" start="2024-03-29T21:13:00.295182" elapsed="0.000595"/>
</kw>
<kw name="Log" owner="BuiltIn">
<msg time="2024-03-29T21:13:00.296264" level="INFO">{'results': [{'gender': 'male', 'name': {'title': 'Mr', 'first': 'Deniz', 'last': 'Okur'}, 'location': {'street': {'number': 1904, 'name': 'Filistin Cd'}, 'city': 'Hatay', 'state': 'Erzurum', 'country': 'Turkey', 'postcode': 84851, 'coordinates': {'latitude': '67.9868', 'longitude': '-163.2268'}, 'timezone': {'offset': '+10:00', 'description': 'Eastern Australia, Guam, Vladivostok'}}, 'email': 'deniz.okur@example.com', 'login': {'uuid': '3af3964d-ac05-4703-9d6e-7f25d914e78a', 'username': 'happytiger509', 'password': 'snoopdog', 'salt': 'NUawBan1', 'md5': '8c4204c5a58b1a6ae01aab79cb2abe1b', 'sha1': 'cfd9eea3a62da2c0a04b353c1119ecb526b820d8', 'sha256': '9b2d748750a3074e4bf92b00f32a3c8d4be0ccb17f6134429a3fead443386d0f'}, 'dob': {'date': '2001-02-06T18:37:40.891Z', 'age': 23}, 'registered': {'date': '2005-03-02T01:02:21.084Z', 'age': 19}, 'phone': '(851)-294-5694', 'cell': '(466)-056-4300', 'id': {'name': '', 'value': None}, 'picture': {'large': 'https://randomuser.me/api/portraits/men/32.jpg', 'medium': 'https://randomuser.me/api/portraits/med/men/32.jpg', 'thumbnail': 'https://randomuser.me/api/portraits/thumb/men/32.jpg'}, 'nat': 'TR'}], 'info': {'seed': '3cf3f221f2b09db5', 'results': 1, 'page': 1, 'version': '1.4'}}</msg>
<arg>${json_data}</arg>
<doc>Logs the given message with the given level.</doc>
<status status="PASS" start="2024-03-29T21:13:00.296102" elapsed="0.000251"/>
</kw>
<kw name="Should Be String" owner="String">
<arg>${json_data['results'][0]['gender']}</arg>
<doc>Fails if the given ``item`` is not a string.</doc>
<status status="PASS" start="2024-03-29T21:13:00.296664" elapsed="0.000372"/>
</kw>
<kw name="Should Match Regexp" owner="BuiltIn">
<arg>${json_data['results'][0]['email']}</arg>
<arg>^[a-zA-Z0-9._%+-]+@[a-zA-Z0-9.-]+\.[a-zA-Z]{2,}$</arg>
<doc>Fails if ``string`` does not match ``pattern`` as a regular expression.</doc>
<status status="PASS" start="2024-03-29T21:13:00.297236" elapsed="0.000538"/>
</kw>
<kw name="Should Match Regexp" owner="BuiltIn">
<arg>${json_data['results'][0]['dob']['date']}</arg>
<arg>\\d{4}-\\d{2}-\\d{2}T\\d{2}:\\d{2}:\\d{2}\\.\\d{3}Z</arg>
<doc>Fails if ``string`` does not match ``pattern`` as a regular expression.</doc>
<status status="PASS" start="2024-03-29T21:13:00.297976" elapsed="0.000512"/>
</kw>
<kw name="Should Match Regexp" owner="BuiltIn">
<arg>${json_data['results'][0]['registered']['date']}</arg>
<arg>\\d{4}-\\d{2}-\\d{2}T\\d{2}:\\d{2}:\\d{2}\\.\\d{3}Z</arg>
<doc>Fails if ``string`` does not match ``pattern`` as a regular expression.</doc>
<status status="PASS" start="2024-03-29T21:13:00.298695" elapsed="0.000374"/>
</kw>
<kw name="Should Match Regexp" owner="BuiltIn">
<arg>${json_data['results'][0]['picture']['large']}</arg>
<arg>^https?://.*\.(?:png|jpe?g|gif|bmp)$</arg>
<doc>Fails if ``string`` does not match ``pattern`` as a regular expression.</doc>
<status status="PASS" start="2024-03-29T21:13:00.299260" elapsed="0.000497"/>
</kw>
<kw name="Should Match Regexp" owner="BuiltIn">
<arg>${json_data['results'][0]['picture']['medium']}</arg>
<arg>^https?://.*\.(?:png|jpe?g|gif|bmp)$</arg>
<doc>Fails if ``string`` does not match ``pattern`` as a regular expression.</doc>
<status status="PASS" start="2024-03-29T21:13:00.299957" elapsed="0.000365"/>
</kw>
<kw name="Should Match Regexp" owner="BuiltIn">
<arg>${json_data['results'][0]['picture']['thumbnail']}</arg>
<arg>^https?://.*\.(?:png|jpe?g|gif|bmp)$</arg>
<doc>Fails if ``string`` does not match ``pattern`` as a regular expression.</doc>
<status status="PASS" start="2024-03-29T21:13:00.300514" elapsed="0.000360"/>
</kw>
<kw name="Log" owner="BuiltIn">
<msg time="2024-03-29T21:13:00.301396" level="INFO">{'large': 'https://randomuser.me/api/portraits/men/32.jpg', 'medium': 'https://randomuser.me/api/portraits/med/men/32.jpg', 'thumbnail': 'https://randomuser.me/api/portraits/thumb/men/32.jpg'}</msg>
<arg>${json_data['results'][0]['picture']}</arg>
<doc>Logs the given message with the given level.</doc>
<status status="PASS" start="2024-03-29T21:13:00.301056" elapsed="0.000389"/>
</kw>
<status status="PASS" start="2024-03-29T21:13:00.206013" elapsed="0.095694"/>
</kw>
<kw name="Teste de Tipos de Dados - Postcode" owner="random-user-service">
<kw name="GET On Session" owner="RequestsLibrary">
<msg time="2024-03-29T21:13:00.382172" level="INFO">GET Request : url=https://randomuser.me/api 
 path_url=/api 
 headers={'User-Agent': 'python-requests/2.31.0', 'Accept-Encoding': 'gzip, deflate', 'Accept': '*/*', 'Connection': 'keep-alive'} 
 body=None 
 </msg>
<msg time="2024-03-29T21:13:00.382283" level="INFO">GET Response : url=https://randomuser.me/api 
 status=200, reason=OK 
 headers={'Date': 'Fri, 29 Mar 2024 21:13:00 GMT', 'Content-Type': 'application/json; charset=utf-8', 'Transfer-Encoding': 'chunked', 'Connection': 'keep-alive', 'X-Powered-By': 'Express', 'Access-Control-Allow-Origin': '*', 'Cache-Control': 'no-cache', 'ETag': 'W/"4a3-C8/RFZOMkizmjdVUU60cDyRzJNc"', 'Vary': 'Accept-Encoding', 'Content-Encoding': 'gzip', 'CF-Cache-Status': 'DYNAMIC', 'Report-To': '{"endpoints":[{"url":"https:\\/\\/a.nel.cloudflare.com\\/report\\/v4?s=TAxxdCsEjv67%2FUhhzoULTgM8S3W%2F%2Bb%2FBRnwBg16EeOLn4RwQ%2FPbSbqYFxWpvbEydH7unkq775fo4%2F%2Bf%2BbDJiF9Otk20FQ7yMK8xSsdFmMAMTTXjz6zTY0Ea5VrF8AvDZ"}],"group":"cf-nel","max_age":604800}', 'NEL': '{"success_fraction":0,"report_to":"cf-nel","max_age":604800}', 'Server': 'cloudflare', 'CF-RAY': '86c2dc80eea881d0-IAD', 'alt-svc': 'h3=":443"; ma=86400'} 
 body={"results":[{"gender":"female","name":{"title":"Mrs","first":"Helmi","last":"Rintala"},"location":{"street":{"number":4217,"name":"Itsenäisyydenkatu"},"city":"Mariehamn","state":"Satakunta","country":"Finland","postcode":30667,"coordinates":{"latitude":"-29.8669","longitude":"44.5362"},"timezone":{"offset":"-6:00","description":"Central Time (US &amp; Canada), Mexico City"}},"email":"helmi.rintala@example.com","login":{"uuid":"4c83647a-3311-4cc1-82d5-e06a1b9ed868","username":"greentiger100","password":"spanish","salt":"medXXgXl","md5":"9e214f4059e5c7fd90814d525ff4aa2f","sha1":"43d64cd97a0e6340288c9dbdc935816472f3e585","sha256":"7847c3026a499fd13dcd2eacf0da12d10eba1b048d9f6d3a6acb7c4aefc6e510"},"dob":{"date":"1965-12-18T12:20:56.970Z","age":58},"registered":{"date":"2014-11-18T10:31:13.378Z","age":9},"phone":"07-598-545","cell":"046-308-47-34","id":{"name":"HETU","value":"NaNNA318undefined"},"picture":{"large":"https://randomuser.me/api/portraits/women/6.jpg","medium":"https://randomuser.me/api/portraits/med/women/6.jpg","thumbnail":"https://randomuser.me/api/portraits/thumb/women/6.jpg"},"nat":"FI"}],"info":{"seed":"a2a755fc9ce8f214","results":1,"page":1,"version":"1.4"}} 
 </msg>
<msg time="2024-03-29T21:13:00.382388" level="INFO">/opt/hostedtoolcache/Python/3.12.2/x64/lib/python3.12/site-packages/urllib3/connectionpool.py:1103: InsecureRequestWarning: Unverified HTTPS request is being made to host 'randomuser.me'. Adding certificate verification is strongly advised. See: https://urllib3.readthedocs.io/en/latest/advanced-usage.html#tls-warnings
  warnings.warn(</msg>
<msg time="2024-03-29T21:13:00.382540" level="INFO">${response} = &lt;Response [200]&gt;</msg>
<var>${response}</var>
<arg>consultarAPI</arg>
<arg>/api</arg>
<doc>Sends a GET request on a previously created HTTP Session.</doc>
<status status="PASS" start="2024-03-29T21:13:00.302333" elapsed="0.080250"/>
</kw>
<kw name="Set Variable" owner="BuiltIn">
<msg time="2024-03-29T21:13:00.383659" level="INFO">${json_data} = {'results': [{'gender': 'female', 'name': {'title': 'Mrs', 'first': 'Helmi', 'last': 'Rintala'}, 'location': {'street': {'number': 4217, 'name': 'Itsenäisyydenkatu'}, 'city': 'Mariehamn', 'state': 'Sa...</msg>
<var>${json_data}</var>
<arg>${response.json()}</arg>
<doc>Returns the given values which can then be assigned to a variables.</doc>
<status status="PASS" start="2024-03-29T21:13:00.383094" elapsed="0.000595"/>
</kw>
<kw name="Log" owner="BuiltIn">
<msg time="2024-03-29T21:13:00.384176" level="INFO">{'results': [{'gender': 'female', 'name': {'title': 'Mrs', 'first': 'Helmi', 'last': 'Rintala'}, 'location': {'street': {'number': 4217, 'name': 'Itsenäisyydenkatu'}, 'city': 'Mariehamn', 'state': 'Satakunta', 'country': 'Finland', 'postcode': 30667, 'coordinates': {'latitude': '-29.8669', 'longitude': '44.5362'}, 'timezone': {'offset': '-6:00', 'description': 'Central Time (US &amp; Canada), Mexico City'}}, 'email': 'helmi.rintala@example.com', 'login': {'uuid': '4c83647a-3311-4cc1-82d5-e06a1b9ed868', 'username': 'greentiger100', 'password': 'spanish', 'salt': 'medXXgXl', 'md5': '9e214f4059e5c7fd90814d525ff4aa2f', 'sha1': '43d64cd97a0e6340288c9dbdc935816472f3e585', 'sha256': '7847c3026a499fd13dcd2eacf0da12d10eba1b048d9f6d3a6acb7c4aefc6e510'}, 'dob': {'date': '1965-12-18T12:20:56.970Z', 'age': 58}, 'registered': {'date': '2014-11-18T10:31:13.378Z', 'age': 9}, 'phone': '07-598-545', 'cell': '046-308-47-34', 'id': {'name': 'HETU', 'value': 'NaNNA318undefined'}, 'picture': {'large': 'https://randomuser.me/api/portraits/women/6.jpg', 'medium': 'https://randomuser.me/api/portraits/med/women/6.jpg', 'thumbnail': 'https://randomuser.me/api/portraits/thumb/women/6.jpg'}, 'nat': 'FI'}], 'info': {'seed': 'a2a755fc9ce8f214', 'results': 1, 'page': 1, 'version': '1.4'}}</msg>
<arg>${json_data}</arg>
<doc>Logs the given message with the given level.</doc>
<status status="PASS" start="2024-03-29T21:13:00.384013" elapsed="0.000248"/>
</kw>
<kw name="Should Be Equal As Numbers" owner="BuiltIn">
<arg>${json_data['results'][0]['location']['postcode']}</arg>
<arg>${json_data['results'][0]['location']['postcode']}</arg>
<doc>Fails if objects are unequal after converting them to real numbers.</doc>
<status status="PASS" start="2024-03-29T21:13:00.384573" elapsed="0.000639"/>
</kw>
<kw name="Log" owner="BuiltIn">
<msg time="2024-03-29T21:13:00.385744" level="INFO">30667</msg>
<arg>${json_data['results'][0]['location']['postcode']}</arg>
<doc>Logs the given message with the given level.</doc>
<status status="PASS" start="2024-03-29T21:13:00.385407" elapsed="0.000379"/>
</kw>
<status status="PASS" start="2024-03-29T21:13:00.301944" elapsed="0.084105"/>
</kw>
<doc>Testa se os tipos de dados na resposta da API estão corretos.</doc>
<tag>testeTiposDados</tag>
<status status="PASS" start="2024-03-29T21:13:00.205519" elapsed="0.180707"/>
</test>
<test id="s1-s1-t5" name="Validar conteudo" line="35">
<kw name="Teste de Tipos de Conteudo" owner="random-user-service">
<kw name="GET On Session" owner="RequestsLibrary">
<msg time="2024-03-29T21:13:00.480913" level="INFO">GET Request : url=https://randomuser.me/api 
 path_url=/api 
 headers={'User-Agent': 'python-requests/2.31.0', 'Accept-Encoding': 'gzip, deflate', 'Accept': '*/*', 'Connection': 'keep-alive'} 
 body=None 
 </msg>
<msg time="2024-03-29T21:13:00.481015" level="INFO">GET Response : url=https://randomuser.me/api 
 status=200, reason=OK 
 headers={'Date': 'Fri, 29 Mar 2024 21:13:00 GMT', 'Content-Type': 'application/json; charset=utf-8', 'Transfer-Encoding': 'chunked', 'Connection': 'keep-alive', 'X-Powered-By': 'Express', 'Access-Control-Allow-Origin': '*', 'Cache-Control': 'no-cache', 'ETag': 'W/"48e-UcxDVJIuY6pDG49AZ1+HzTQSZQ8"', 'Vary': 'Accept-Encoding', 'Content-Encoding': 'gzip', 'CF-Cache-Status': 'DYNAMIC', 'Report-To': '{"endpoints":[{"url":"https:\\/\\/a.nel.cloudflare.com\\/report\\/v4?s=CuvcTFWRj5gC4y5APsQ74f4bHRu72h6W75um8zL7mYkepOHB1cSQP7MwA%2FpF%2B4faSXVDb6xq3zqTHsvUgTdISCnZ8JCqI0VLHmBcPA8IWoswCJwru5hlqoCTgINfm%2BBc"}],"group":"cf-nel","max_age":604800}', 'NEL': '{"success_fraction":0,"report_to":"cf-nel","max_age":604800}', 'Server': 'cloudflare', 'CF-RAY': '86c2dc817f5481d0-IAD', 'alt-svc': 'h3=":443"; ma=86400'} 
 body={"results":[{"gender":"female","name":{"title":"Miss","first":"باران","last":"نكو نظر"},"location":{"street":{"number":667,"name":"فلسطین"},"city":"آبادان","state":"سیستان و بلوچستان","country":"Iran","postcode":85826,"coordinates":{"latitude":"14.4898","longitude":"132.2488"},"timezone":{"offset":"-9:00","description":"Alaska"}},"email":"brn.nkwnzr@example.com","login":{"uuid":"3b011907-d585-4b77-8aac-798047f5125d","username":"silverladybug638","password":"nong","salt":"vGuUCCcP","md5":"dc5e735f76813895906dc76f97d88b21","sha1":"7a2b0711f46bf6fad70b9d681fab339ecfe1401f","sha256":"a427d10c0b66556a5927987c78dbe18e777ddfd48bf22b2773dd38366bec54b9"},"dob":{"date":"1976-04-01T19:06:54.665Z","age":47},"registered":{"date":"2003-05-08T11:44:59.630Z","age":20},"phone":"049-30138410","cell":"0976-780-0605","id":{"name":"","value":null},"picture":{"large":"https://randomuser.me/api/portraits/women/25.jpg","medium":"https://randomuser.me/api/portraits/med/women/25.jpg","thumbnail":"https://randomuser.me/api/portraits/thumb/women/25.jpg"},"nat":"IR"}],"info":{"seed":"d77e408b33ae9fd2","results":1,"page":1,"version":"1.4"}} 
 </msg>
<msg time="2024-03-29T21:13:00.481090" level="INFO">/opt/hostedtoolcache/Python/3.12.2/x64/lib/python3.12/site-packages/urllib3/connectionpool.py:1103: InsecureRequestWarning: Unverified HTTPS request is being made to host 'randomuser.me'. Adding certificate verification is strongly advised. See: https://urllib3.readthedocs.io/en/latest/advanced-usage.html#tls-warnings
  warnings.warn(</msg>
<msg time="2024-03-29T21:13:00.481234" level="INFO">${response} = &lt;Response [200]&gt;</msg>
<var>${response}</var>
<arg>consultarAPI</arg>
<arg>/api</arg>
<doc>Sends a GET request on a previously created HTTP Session.</doc>
<status status="PASS" start="2024-03-29T21:13:00.388859" elapsed="0.092414"/>
</kw>
<kw name="Set Variable" owner="BuiltIn">
<msg time="2024-03-29T21:13:00.482365" level="INFO">${json_data} = {'results': [{'gender': 'female', 'name': {'title': 'Miss', 'first': 'باران', 'last': 'نكو نظر'}, 'location': {'street': {'number': 667, 'name': 'فلسطین'}, 'city': 'آبادان', 'state': 'سیستان و بلوچستا...</msg>
<var>${json_data}</var>
<arg>${response.json()}</arg>
<doc>Returns the given values which can then be assigned to a variables.</doc>
<status status="PASS" start="2024-03-29T21:13:00.481825" elapsed="0.000571"/>
</kw>
<kw name="Set Variable" owner="BuiltIn">
<msg time="2024-03-29T21:13:00.483107" level="INFO">${name_title} = Miss</msg>
<var>${name_title}</var>
<arg>${json_data["results"][0]["name"]["title"]}</arg>
<doc>Returns the given values which can then be assigned to a variables.</doc>
<status status="PASS" start="2024-03-29T21:13:00.482713" elapsed="0.000420"/>
</kw>
<kw name="Create List" owner="BuiltIn">
<msg time="2024-03-29T21:13:00.483635" level="INFO">${allowed_titles} = ['Mr', 'Ms', 'Miss', 'Mrs', 'Madame', 'Monsieur']</msg>
<var>${allowed_titles}</var>
<arg>Mr</arg>
<arg>Ms</arg>
<arg>Miss</arg>
<arg>Mrs</arg>
<arg>Madame</arg>
<arg>Monsieur</arg>
<doc>Returns a list containing given items.</doc>
<status status="PASS" start="2024-03-29T21:13:00.483474" elapsed="0.000185"/>
</kw>
<kw name="List Should Contain Value" owner="Collections">
<msg time="2024-03-29T21:13:00.484138" level="INFO">False</msg>
<arg>${allowed_titles}</arg>
<arg>${name_title}</arg>
<doc>Fails if the ``value`` is not found from ``list``.</doc>
<status status="PASS" start="2024-03-29T21:13:00.483963" elapsed="0.000212"/>
</kw>
<kw name="Set Variable" owner="BuiltIn">
<msg time="2024-03-29T21:13:00.484860" level="INFO">${name_country} = IR</msg>
<var>${name_country}</var>
<arg>${json_data["results"][0]["nat"]}</arg>
<doc>Returns the given values which can then be assigned to a variables.</doc>
<status status="PASS" start="2024-03-29T21:13:00.484474" elapsed="0.000412"/>
</kw>
<kw name="Create List" owner="BuiltIn">
<msg time="2024-03-29T21:13:00.485803" level="INFO">${list_country} = ['AD', 'AE', 'AF', 'AG', 'AI', 'AL', 'AM', 'AO', 'AQ', 'AR', 'AS', 'AT', 'AU', 'AW', 'AX', 'AZ', 'BA', 'BB', 'BD', 'BE', 'BF', 'BG', 'BH', 'BI', 'BJ', 'BL', 'BM', 'BN', 'BO', 'BQ', 'BR', 'BS', 'BT', '...</msg>
<var>${list_country}</var>
<arg>AD</arg>
<arg>AE</arg>
<arg>AF</arg>
<arg>AG</arg>
<arg>AI</arg>
<arg>AL</arg>
<arg>AM</arg>
<arg>AO</arg>
<arg>AQ</arg>
<arg>AR</arg>
<arg>AS</arg>
<arg>AT</arg>
<arg>AU</arg>
<arg>AW</arg>
<arg>AX</arg>
<arg>AZ</arg>
<arg>BA</arg>
<arg>BB</arg>
<arg>BD</arg>
<arg>BE</arg>
<arg>BF</arg>
<arg>BG</arg>
<arg>BH</arg>
<arg>BI</arg>
<arg>BJ</arg>
<arg>BL</arg>
<arg>BM</arg>
<arg>BN</arg>
<arg>BO</arg>
<arg>BQ</arg>
<arg>BR</arg>
<arg>BS</arg>
<arg>BT</arg>
<arg>BV</arg>
<arg>BW</arg>
<arg>BY</arg>
<arg>BZ</arg>
<arg>CA</arg>
<arg>CC</arg>
<arg>CD</arg>
<arg>CF</arg>
<arg>CG</arg>
<arg>CH</arg>
<arg>CI</arg>
<arg>CK</arg>
<arg>CL</arg>
<arg>CM</arg>
<arg>CN</arg>
<arg>CO</arg>
<arg>CR</arg>
<arg>CU</arg>
<arg>CV</arg>
<arg>CW</arg>
<arg>CX</arg>
<arg>CY</arg>
<arg>CZ</arg>
<arg>DE</arg>
<arg>DJ</arg>
<arg>DK</arg>
<arg>DM</arg>
<arg>DO</arg>
<arg>DZ</arg>
<arg>EC</arg>
<arg>EE</arg>
<arg>EG</arg>
<arg>EH</arg>
<arg>ER</arg>
<arg>ES</arg>
<arg>ET</arg>
<arg>FI</arg>
<arg>FJ</arg>
<arg>FK</arg>
<arg>FM</arg>
<arg>FO</arg>
<arg>FR</arg>
<arg>GA</arg>
<arg>GB</arg>
<arg>GD</arg>
<arg>GE</arg>
<arg>GF</arg>
<arg>GG</arg>
<arg>GH</arg>
<arg>GI</arg>
<arg>GL</arg>
<arg>GM</arg>
<arg>GN</arg>
<arg>GP</arg>
<arg>GQ</arg>
<arg>GR</arg>
<arg>GS</arg>
<arg>GT</arg>
<arg>GU</arg>
<arg>GW</arg>
<arg>GY</arg>
<arg>HK</arg>
<arg>HM</arg>
<arg>HN</arg>
<arg>HR</arg>
<arg>HT</arg>
<arg>HU</arg>
<arg>ID</arg>
<arg>IE</arg>
<arg>IL</arg>
<arg>IM</arg>
<arg>IN</arg>
<arg>IO</arg>
<arg>IQ</arg>
<arg>IR</arg>
<arg>IS</arg>
<arg>IT</arg>
<arg>JE</arg>
<arg>JM</arg>
<arg>JO</arg>
<arg>JP</arg>
<arg>KE</arg>
<arg>KG</arg>
<arg>KH</arg>
<arg>KI</arg>
<arg>KM</arg>
<arg>KN</arg>
<arg>KP</arg>
<arg>KR</arg>
<arg>KW</arg>
<arg>KY</arg>
<arg>KZ</arg>
<arg>LA</arg>
<arg>LB</arg>
<arg>LC</arg>
<arg>LI</arg>
<arg>LK</arg>
<arg>LR</arg>
<arg>LS</arg>
<arg>LT</arg>
<arg>LU</arg>
<arg>LV</arg>
<arg>LY</arg>
<arg>MA</arg>
<arg>MC</arg>
<arg>MD</arg>
<arg>ME</arg>
<arg>MF</arg>
<arg>MG</arg>
<arg>MH</arg>
<arg>MK</arg>
<arg>ML</arg>
<arg>MM</arg>
<arg>MN</arg>
<arg>MO</arg>
<arg>MP</arg>
<arg>MQ</arg>
<arg>MR</arg>
<arg>MS</arg>
<arg>MT</arg>
<arg>MU</arg>
<arg>MV</arg>
<arg>MW</arg>
<arg>MX</arg>
<arg>MY</arg>
<arg>MZ</arg>
<arg>NA</arg>
<arg>NC</arg>
<arg>NE</arg>
<arg>NF</arg>
<arg>NG</arg>
<arg>NI</arg>
<arg>NL</arg>
<arg>NO</arg>
<arg>NP</arg>
<arg>NR</arg>
<arg>NU</arg>
<arg>NZ</arg>
<arg>OM</arg>
<arg>PA</arg>
<arg>PE</arg>
<arg>PF</arg>
<arg>PG</arg>
<arg>PH</arg>
<arg>PK</arg>
<arg>PL</arg>
<arg>PM</arg>
<arg>PN</arg>
<arg>PR</arg>
<arg>PS</arg>
<arg>PT</arg>
<arg>PW</arg>
<arg>PY</arg>
<arg>QA</arg>
<arg>RE</arg>
<arg>RO</arg>
<arg>RS</arg>
<arg>RU</arg>
<arg>RW</arg>
<arg>SA</arg>
<arg>SB</arg>
<arg>SC</arg>
<arg>SD</arg>
<arg>SE</arg>
<arg>SG</arg>
<arg>SH</arg>
<arg>SI</arg>
<arg>SJ</arg>
<arg>SK</arg>
<arg>SL</arg>
<arg>SM</arg>
<arg>SN</arg>
<arg>SO</arg>
<arg>SR</arg>
<arg>SS</arg>
<arg>ST</arg>
<arg>SV</arg>
<arg>SX</arg>
<arg>SY</arg>
<arg>SZ</arg>
<arg>TC</arg>
<arg>TD</arg>
<arg>TF</arg>
<arg>TG</arg>
<arg>TH</arg>
<arg>TJ</arg>
<arg>TK</arg>
<arg>TL</arg>
<arg>TM</arg>
<arg>TN</arg>
<arg>TO</arg>
<arg>TR</arg>
<arg>TT</arg>
<arg>TV</arg>
<arg>TW</arg>
<arg>TZ</arg>
<arg>UA</arg>
<arg>UG</arg>
<arg>UM</arg>
<arg>US</arg>
<arg>UY</arg>
<arg>UZ</arg>
<arg>VA</arg>
<arg>VC</arg>
<arg>VE</arg>
<arg>VG</arg>
<arg>VI</arg>
<arg>VN</arg>
<arg>VU</arg>
<arg>WF</arg>
<arg>WS</arg>
<arg>XK</arg>
<arg>YE</arg>
<arg>YT</arg>
<arg>ZA</arg>
<arg>ZM</arg>
<arg>ZW</arg>
<doc>Returns a list containing given items.</doc>
<status status="PASS" start="2024-03-29T21:13:00.485200" elapsed="0.000629"/>
</kw>
<kw name="List Should Contain Value" owner="Collections">
<msg time="2024-03-29T21:13:00.486968" level="INFO">False</msg>
<arg>${list_country}</arg>
<arg>${name_country}</arg>
<doc>Fails if the ``value`` is not found from ``list``.</doc>
<status status="PASS" start="2024-03-29T21:13:00.486761" elapsed="0.000245"/>
</kw>
<kw name="Run Keyword If" owner="BuiltIn">
<kw name="Should Be True" owner="BuiltIn">
<arg>${True}</arg>
<doc>Fails if the given condition is not true.</doc>
<status status="PASS" start="2024-03-29T21:13:00.488108" elapsed="0.000147"/>
</kw>
<arg>${json_data["results"][0]["location"]["coordinates"]["latitude"]} &gt;= -90 and ${json_data["results"][0]["location"]["coordinates"]["latitude"]} &lt;= 90</arg>
<arg>Should Be True</arg>
<arg>${True}</arg>
<doc>Runs the given keyword with the given arguments, if ``condition`` is true.</doc>
<status status="PASS" start="2024-03-29T21:13:00.487321" elapsed="0.001065"/>
</kw>
<kw name="Run Keyword If" owner="BuiltIn">
<kw name="Should Be True" owner="BuiltIn">
<arg>${True}</arg>
<doc>Fails if the given condition is not true.</doc>
<status status="PASS" start="2024-03-29T21:13:00.489282" elapsed="0.000145"/>
</kw>
<arg>${json_data["results"][0]["location"]["coordinates"]["longitude"]} &gt;= -180 and ${json_data["results"][0]["location"]["coordinates"]["longitude"]} &lt;= 180</arg>
<arg>Should Be True</arg>
<arg>${True}</arg>
<doc>Runs the given keyword with the given arguments, if ``condition`` is true.</doc>
<status status="PASS" start="2024-03-29T21:13:00.488574" elapsed="0.000978"/>
</kw>
<status status="PASS" start="2024-03-29T21:13:00.388611" elapsed="0.101075"/>
</kw>
<doc>Testa o conteúdo específico dos campos retornados pela API.</doc>
<tag>testeConteudo</tag>
<status status="PASS" start="2024-03-29T21:13:00.388042" elapsed="0.101802"/>
</test>
<status status="PASS" start="2024-03-29T21:12:59.698204" elapsed="0.793568"/>
</suite>
<status status="PASS" start="2024-03-29T21:12:59.684132" elapsed="0.812987"/>
</suite>
<statistics>
<total>
<stat pass="5" fail="0" skip="0">All Tests</stat>
</total>
<tag>
<stat pass="1" fail="0" skip="0">testeConteudo</stat>
<stat pass="1" fail="0" skip="0">testeEstruturaResposta</stat>
<stat pass="1" fail="0" skip="0">testeRequisicaoBasica</stat>
<stat pass="1" fail="0" skip="0">testeTiposDados</stat>
</tag>
<suite>
<stat pass="5" fail="0" skip="0" id="s1" name="Tests">Tests</stat>
<stat pass="5" fail="0" skip="0" id="s1-s1" name="Random-User-Test">Tests.Random-User-Test</stat>
</suite>
</statistics>
<errors>
</errors>
</robot>
