<?xml version="1.0" encoding="UTF-8"?>
<robot generator="Robot 7.0 (Python 3.12.3 on linux)" generated="2024-05-09T06:19:09.968876" rpa="false" schemaversion="5">
<suite id="s1" name="Tests" source="/home/runner/work/DesafioQAItauRogerioJordao/DesafioQAItauRogerioJordao/RamdonUser/tests">
<suite id="s1-s1" name="Random-User-Test" source="/home/runner/work/DesafioQAItauRogerioJordao/DesafioQAItauRogerioJordao/RamdonUser/tests/random-user-test.robot">
<test id="s1-s1-t1" name="Conectar" line="13">
<kw name="Conectar API" owner="random-user-service">
<kw name="Create Session" owner="RequestsLibrary">
<msg time="2024-05-09T06:19:10.334058" level="INFO">Creating Session using : alias=consultarAPI, url=https://randomuser.me/, headers={},                     cookies={}, auth=None, timeout=None, proxies=None, verify=False,                     debug=0 </msg>
<arg>consultarAPI</arg>
<arg>${URL}</arg>
<doc>Create Session: create a HTTP session to a server</doc>
<status status="PASS" start="2024-05-09T06:19:10.333854" elapsed="0.000415"/>
</kw>
<status status="PASS" start="2024-05-09T06:19:10.332833" elapsed="0.001798"/>
</kw>
<status status="PASS" start="2024-05-09T06:19:10.332194" elapsed="0.002630"/>
</test>
<test id="s1-s1-t2" name="Validar retorno 200 e JSON Válido" line="16">
<kw name="Teste de Requisicao Basica" owner="random-user-service">
<kw name="GET On Session" owner="RequestsLibrary">
<msg time="2024-05-09T06:19:10.426708" level="INFO">GET Request : url=https://randomuser.me/api 
 path_url=/api 
 headers={'User-Agent': 'python-requests/2.31.0', 'Accept-Encoding': 'gzip, deflate', 'Accept': '*/*', 'Connection': 'keep-alive'} 
 body=None 
 </msg>
<msg time="2024-05-09T06:19:10.426890" level="INFO">GET Response : url=https://randomuser.me/api 
 status=200, reason=OK 
 headers={'Date': 'Thu, 09 May 2024 06:19:10 GMT', 'Content-Type': 'application/json; charset=utf-8', 'Transfer-Encoding': 'chunked', 'Connection': 'keep-alive', 'X-Powered-By': 'Express', 'Access-Control-Allow-Origin': '*', 'Cache-Control': 'no-cache', 'ETag': 'W/"49b-U4wMYn0xaUVG44KdgVvzA4iWb7E"', 'Vary': 'Accept-Encoding', 'Content-Encoding': 'gzip', 'CF-Cache-Status': 'DYNAMIC', 'Report-To': '{"endpoints":[{"url":"https:\\/\\/a.nel.cloudflare.com\\/report\\/v4?s=sJWv4mkp9m0YVGEqLBitsL2yD16DjNGgGn8Jw4gcxf%2F0o4IppDoqcQ2%2F%2BhCto7YPF5ddfG1lXWxD%2BS6H0Akbrmb6b3KKcFCGp5ATm2uFcyavEo%2BQewMacXFxpZ6Z620u"}],"group":"cf-nel","max_age":604800}', 'NEL': '{"success_fraction":0,"report_to":"cf-nel","max_age":604800}', 'Server': 'cloudflare', 'CF-RAY': '880f938ddc826206-ORD', 'alt-svc': 'h3=":443"; ma=86400'} 
 body={"results":[{"gender":"female","name":{"title":"Mrs","first":"Josefina","last":"Blanco"},"location":{"street":{"number":865,"name":"Calle del Prado"},"city":"Burgos","state":"País Vasco","country":"Spain","postcode":20292,"coordinates":{"latitude":"-35.1973","longitude":"111.9026"},"timezone":{"offset":"+5:00","description":"Ekaterinburg, Islamabad, Karachi, Tashkent"}},"email":"josefina.blanco@example.com","login":{"uuid":"70aa1d2e-1ecf-4521-8b0f-0069cb19e8c5","username":"yellowbird104","password":"1112","salt":"4Y0vihsS","md5":"6d93ed9b1011c342de4216569d58a2e2","sha1":"980000c0777acd411aca349c270dbf19cf7436c1","sha256":"090f5ec3af203808483810483375caaac1455bc65ae6ebd14e7213ec1bb20df4"},"dob":{"date":"1967-08-02T15:44:52.065Z","age":56},"registered":{"date":"2014-08-30T03:58:08.436Z","age":9},"phone":"971-595-735","cell":"689-966-424","id":{"name":"DNI","value":"48048294-R"},"picture":{"large":"https://randomuser.me/api/portraits/women/74.jpg","medium":"https://randomuser.me/api/portraits/med/women/74.jpg","thumbnail":"https://randomuser.me/api/portraits/thumb/women/74.jpg"},"nat":"ES"}],"info":{"seed":"2396bf954f7d6d7e","results":1,"page":1,"version":"1.4"}} 
 </msg>
<msg time="2024-05-09T06:19:10.426996" level="INFO">/opt/hostedtoolcache/Python/3.12.3/x64/lib/python3.12/site-packages/urllib3/connectionpool.py:1103: InsecureRequestWarning: Unverified HTTPS request is being made to host 'randomuser.me'. Adding certificate verification is strongly advised. See: https://urllib3.readthedocs.io/en/latest/advanced-usage.html#tls-warnings
  warnings.warn(</msg>
<msg time="2024-05-09T06:19:10.427343" level="INFO">${response} = &lt;Response [200]&gt;</msg>
<var>${response}</var>
<arg>consultarAPI</arg>
<arg>/api</arg>
<doc>Sends a GET request on a previously created HTTP Session.</doc>
<status status="PASS" start="2024-05-09T06:19:10.337486" elapsed="0.089914"/>
</kw>
<kw name="Should Be Equal As Numbers" owner="BuiltIn">
<msg time="2024-05-09T06:19:10.428620" level="INFO">Argument types are:
&lt;class 'int'&gt;
&lt;class 'str'&gt;</msg>
<arg>${response.status_code}</arg>
<arg>200</arg>
<doc>Fails if objects are unequal after converting them to real numbers.</doc>
<status status="PASS" start="2024-05-09T06:19:10.428139" elapsed="0.000547"/>
</kw>
<kw name="Log" owner="BuiltIn">
<msg time="2024-05-09T06:19:10.429412" level="INFO">200</msg>
<arg>${response.status_code}</arg>
<doc>Logs the given message with the given level.</doc>
<status status="PASS" start="2024-05-09T06:19:10.429043" elapsed="0.000411"/>
</kw>
<kw name="Set Variable" owner="BuiltIn">
<msg time="2024-05-09T06:19:10.430258" level="INFO">${json_data} = {'results': [{'gender': 'female', 'name': {'title': 'Mrs', 'first': 'Josefina', 'last': 'Blanco'}, 'location': {'street': {'number': 865, 'name': 'Calle del Prado'}, 'city': 'Burgos', 'state': 'País V...</msg>
<var>${json_data}</var>
<arg>${response.json()}</arg>
<doc>Returns the given values which can then be assigned to a variables.</doc>
<status status="PASS" start="2024-05-09T06:19:10.429804" elapsed="0.000483"/>
</kw>
<kw name="Dictionary Should Contain Key" owner="Collections">
<msg time="2024-05-09T06:19:10.430764" level="INFO">False</msg>
<arg>${json_data}</arg>
<arg>results</arg>
<doc>Fails if ``key`` is not found from ``dictionary``.</doc>
<status status="PASS" start="2024-05-09T06:19:10.430593" elapsed="0.000211"/>
</kw>
<status status="PASS" start="2024-05-09T06:19:10.337246" elapsed="0.093816"/>
</kw>
<doc>Testa se a API responde corretamente e retorna um objeto JSON válido.</doc>
<tag>testeRequisicaoBasica</tag>
<status status="PASS" start="2024-05-09T06:19:10.336692" elapsed="0.094553"/>
</test>
<test id="s1-s1-t3" name="Validar estrutura de resposta" line="22">
<kw name="Teste de Estrutura de Resposta" owner="random-user-service">
<kw name="GET On Session" owner="RequestsLibrary">
<msg time="2024-05-09T06:19:10.533495" level="INFO">GET Request : url=https://randomuser.me/api 
 path_url=/api 
 headers={'User-Agent': 'python-requests/2.31.0', 'Accept-Encoding': 'gzip, deflate', 'Accept': '*/*', 'Connection': 'keep-alive'} 
 body=None 
 </msg>
<msg time="2024-05-09T06:19:10.533617" level="INFO">GET Response : url=https://randomuser.me/api 
 status=200, reason=OK 
 headers={'Date': 'Thu, 09 May 2024 06:19:10 GMT', 'Content-Type': 'application/json; charset=utf-8', 'Transfer-Encoding': 'chunked', 'Connection': 'keep-alive', 'X-Powered-By': 'Express', 'Access-Control-Allow-Origin': '*', 'Cache-Control': 'no-cache', 'ETag': 'W/"4a5-LleJqMicPVd6AZ2JatLE0COVZso"', 'Vary': 'Accept-Encoding', 'Content-Encoding': 'gzip', 'CF-Cache-Status': 'DYNAMIC', 'Report-To': '{"endpoints":[{"url":"https:\\/\\/a.nel.cloudflare.com\\/report\\/v4?s=3ruxJcjmEK50XeWm%2Ft7dmqEeSSLaMxauDIGOTJfI%2Ffcvs8yIZLZKFRl6cxuYWmUZDIP4zvkc7ptBGLaZFrbGVnMqUyHTH9NO%2Frjm6JHlZtlnSAiMvE9bhtALODZjUSgt"}],"group":"cf-nel","max_age":604800}', 'NEL': '{"success_fraction":0,"report_to":"cf-nel","max_age":604800}', 'Server': 'cloudflare', 'CF-RAY': '880f938e3cc06206-ORD', 'alt-svc': 'h3=":443"; ma=86400'} 
 body={"results":[{"gender":"male","name":{"title":"Mr","first":"Georgius","last":"Witvoet"},"location":{"street":{"number":9506,"name":"Breetuinenweg"},"city":"Dedgum","state":"Noord-Holland","country":"Netherlands","postcode":"3598 LM","coordinates":{"latitude":"34.8899","longitude":"-97.4399"},"timezone":{"offset":"+8:00","description":"Beijing, Perth, Singapore, Hong Kong"}},"email":"georgius.witvoet@example.com","login":{"uuid":"5fdf32a2-d488-46c3-88d1-caabcf620c74","username":"ticklishbutterfly794","password":"luckyone","salt":"YsFFBYnG","md5":"38333842ef7e8065525d78adceeb66f5","sha1":"1f48f25305a0aefc5f96760ff4ce97566f8a25e1","sha256":"77607f5f174912d3f3e0f1160c169bd0a492aaa1c0a1f0b57991cb64b6a8b51f"},"dob":{"date":"1980-04-23T13:47:31.223Z","age":44},"registered":{"date":"2015-07-04T00:36:02.058Z","age":8},"phone":"(0259) 473559","cell":"(06) 17678962","id":{"name":"BSN","value":"27061825"},"picture":{"large":"https://randomuser.me/api/portraits/men/72.jpg","medium":"https://randomuser.me/api/portraits/med/men/72.jpg","thumbnail":"https://randomuser.me/api/portraits/thumb/men/72.jpg"},"nat":"NL"}],"info":{"seed":"65563ffdb3cb0533","results":1,"page":1,"version":"1.4"}} 
 </msg>
<msg time="2024-05-09T06:19:10.533801" level="INFO">/opt/hostedtoolcache/Python/3.12.3/x64/lib/python3.12/site-packages/urllib3/connectionpool.py:1103: InsecureRequestWarning: Unverified HTTPS request is being made to host 'randomuser.me'. Adding certificate verification is strongly advised. See: https://urllib3.readthedocs.io/en/latest/advanced-usage.html#tls-warnings
  warnings.warn(</msg>
<msg time="2024-05-09T06:19:10.533947" level="INFO">${response} = &lt;Response [200]&gt;</msg>
<var>${response}</var>
<arg>consultarAPI</arg>
<arg>/api</arg>
<doc>Sends a GET request on a previously created HTTP Session.</doc>
<status status="PASS" start="2024-05-09T06:19:10.434075" elapsed="0.099923"/>
</kw>
<kw name="Set Variable" owner="BuiltIn">
<msg time="2024-05-09T06:19:10.535342" level="INFO">${json_data} = {'results': [{'gender': 'male', 'name': {'title': 'Mr', 'first': 'Georgius', 'last': 'Witvoet'}, 'location': {'street': {'number': 9506, 'name': 'Breetuinenweg'}, 'city': 'Dedgum', 'state': 'Noord-Hol...</msg>
<var>${json_data}</var>
<arg>${response.json()}</arg>
<doc>Returns the given values which can then be assigned to a variables.</doc>
<status status="PASS" start="2024-05-09T06:19:10.534707" elapsed="0.000666"/>
</kw>
<kw name="Log" owner="BuiltIn">
<msg time="2024-05-09T06:19:10.535848" level="INFO">{'results': [{'gender': 'male', 'name': {'title': 'Mr', 'first': 'Georgius', 'last': 'Witvoet'}, 'location': {'street': {'number': 9506, 'name': 'Breetuinenweg'}, 'city': 'Dedgum', 'state': 'Noord-Holland', 'country': 'Netherlands', 'postcode': '3598 LM', 'coordinates': {'latitude': '34.8899', 'longitude': '-97.4399'}, 'timezone': {'offset': '+8:00', 'description': 'Beijing, Perth, Singapore, Hong Kong'}}, 'email': 'georgius.witvoet@example.com', 'login': {'uuid': '5fdf32a2-d488-46c3-88d1-caabcf620c74', 'username': 'ticklishbutterfly794', 'password': 'luckyone', 'salt': 'YsFFBYnG', 'md5': '38333842ef7e8065525d78adceeb66f5', 'sha1': '1f48f25305a0aefc5f96760ff4ce97566f8a25e1', 'sha256': '77607f5f174912d3f3e0f1160c169bd0a492aaa1c0a1f0b57991cb64b6a8b51f'}, 'dob': {'date': '1980-04-23T13:47:31.223Z', 'age': 44}, 'registered': {'date': '2015-07-04T00:36:02.058Z', 'age': 8}, 'phone': '(0259) 473559', 'cell': '(06) 17678962', 'id': {'name': 'BSN', 'value': '27061825'}, 'picture': {'large': 'https://randomuser.me/api/portraits/men/72.jpg', 'medium': 'https://randomuser.me/api/portraits/med/men/72.jpg', 'thumbnail': 'https://randomuser.me/api/portraits/thumb/men/72.jpg'}, 'nat': 'NL'}], 'info': {'seed': '65563ffdb3cb0533', 'results': 1, 'page': 1, 'version': '1.4'}}</msg>
<arg>${json_data}</arg>
<doc>Logs the given message with the given level.</doc>
<status status="PASS" start="2024-05-09T06:19:10.535686" elapsed="0.000210"/>
</kw>
<kw name="Dictionary Should Contain Key" owner="Collections">
<msg time="2024-05-09T06:19:10.536348" level="INFO">False</msg>
<arg>${json_data}</arg>
<arg>results</arg>
<doc>Fails if ``key`` is not found from ``dictionary``.</doc>
<status status="PASS" start="2024-05-09T06:19:10.536192" elapsed="0.000197"/>
</kw>
<kw name="Should Not Be Empty" owner="BuiltIn">
<msg time="2024-05-09T06:19:10.536822" level="INFO">Length is 2.</msg>
<arg>${json_data}</arg>
<doc>Verifies that the given item is not empty.</doc>
<status status="PASS" start="2024-05-09T06:19:10.536685" elapsed="0.000176"/>
</kw>
<kw name="Create List" owner="BuiltIn">
<msg time="2024-05-09T06:19:10.537457" level="INFO">${expected_keys} = ['gender', 'name', 'location', 'email', 'login']</msg>
<var>${expected_keys}</var>
<arg>gender</arg>
<arg>name</arg>
<arg>location</arg>
<arg>email</arg>
<arg>login</arg>
<doc>Returns a list containing given items.</doc>
<status status="PASS" start="2024-05-09T06:19:10.537149" elapsed="0.000333"/>
</kw>
<for flavor="IN">
<iter>
<kw name="Dictionary Should Contain Key" owner="Collections">
<msg time="2024-05-09T06:19:10.538519" level="INFO">False</msg>
<arg>${json_data['results'][0]}</arg>
<arg>${key}</arg>
<doc>Fails if ``key`` is not found from ``dictionary``.</doc>
<status status="PASS" start="2024-05-09T06:19:10.538121" elapsed="0.000437"/>
</kw>
<kw name="Log" owner="BuiltIn">
<msg time="2024-05-09T06:19:10.539251" level="INFO">{'gender': 'male', 'name': {'title': 'Mr', 'first': 'Georgius', 'last': 'Witvoet'}, 'location': {'street': {'number': 9506, 'name': 'Breetuinenweg'}, 'city': 'Dedgum', 'state': 'Noord-Holland', 'country': 'Netherlands', 'postcode': '3598 LM', 'coordinates': {'latitude': '34.8899', 'longitude': '-97.4399'}, 'timezone': {'offset': '+8:00', 'description': 'Beijing, Perth, Singapore, Hong Kong'}}, 'email': 'georgius.witvoet@example.com', 'login': {'uuid': '5fdf32a2-d488-46c3-88d1-caabcf620c74', 'username': 'ticklishbutterfly794', 'password': 'luckyone', 'salt': 'YsFFBYnG', 'md5': '38333842ef7e8065525d78adceeb66f5', 'sha1': '1f48f25305a0aefc5f96760ff4ce97566f8a25e1', 'sha256': '77607f5f174912d3f3e0f1160c169bd0a492aaa1c0a1f0b57991cb64b6a8b51f'}, 'dob': {'date': '1980-04-23T13:47:31.223Z', 'age': 44}, 'registered': {'date': '2015-07-04T00:36:02.058Z', 'age': 8}, 'phone': '(0259) 473559', 'cell': '(06) 17678962', 'id': {'name': 'BSN', 'value': '27061825'}, 'picture': {'large': 'https://randomuser.me/api/portraits/men/72.jpg', 'medium': 'https://randomuser.me/api/portraits/med/men/72.jpg', 'thumbnail': 'https://randomuser.me/api/portraits/thumb/men/72.jpg'}, 'nat': 'NL'}</msg>
<arg>${json_data['results'][0]}</arg>
<doc>Logs the given message with the given level.</doc>
<status status="PASS" start="2024-05-09T06:19:10.538860" elapsed="0.000437"/>
</kw>
<kw name="Log" owner="BuiltIn">
<msg time="2024-05-09T06:19:10.539725" level="INFO">gender</msg>
<arg>${key}</arg>
<doc>Logs the given message with the given level.</doc>
<status status="PASS" start="2024-05-09T06:19:10.539598" elapsed="0.000165"/>
</kw>
<var name="${key}">gender</var>
<status status="PASS" start="2024-05-09T06:19:10.537991" elapsed="0.001984"/>
</iter>
<iter>
<kw name="Dictionary Should Contain Key" owner="Collections">
<msg time="2024-05-09T06:19:10.540660" level="INFO">False</msg>
<arg>${json_data['results'][0]}</arg>
<arg>${key}</arg>
<doc>Fails if ``key`` is not found from ``dictionary``.</doc>
<status status="PASS" start="2024-05-09T06:19:10.540282" elapsed="0.000414"/>
</kw>
<kw name="Log" owner="BuiltIn">
<msg time="2024-05-09T06:19:10.541382" level="INFO">{'gender': 'male', 'name': {'title': 'Mr', 'first': 'Georgius', 'last': 'Witvoet'}, 'location': {'street': {'number': 9506, 'name': 'Breetuinenweg'}, 'city': 'Dedgum', 'state': 'Noord-Holland', 'country': 'Netherlands', 'postcode': '3598 LM', 'coordinates': {'latitude': '34.8899', 'longitude': '-97.4399'}, 'timezone': {'offset': '+8:00', 'description': 'Beijing, Perth, Singapore, Hong Kong'}}, 'email': 'georgius.witvoet@example.com', 'login': {'uuid': '5fdf32a2-d488-46c3-88d1-caabcf620c74', 'username': 'ticklishbutterfly794', 'password': 'luckyone', 'salt': 'YsFFBYnG', 'md5': '38333842ef7e8065525d78adceeb66f5', 'sha1': '1f48f25305a0aefc5f96760ff4ce97566f8a25e1', 'sha256': '77607f5f174912d3f3e0f1160c169bd0a492aaa1c0a1f0b57991cb64b6a8b51f'}, 'dob': {'date': '1980-04-23T13:47:31.223Z', 'age': 44}, 'registered': {'date': '2015-07-04T00:36:02.058Z', 'age': 8}, 'phone': '(0259) 473559', 'cell': '(06) 17678962', 'id': {'name': 'BSN', 'value': '27061825'}, 'picture': {'large': 'https://randomuser.me/api/portraits/men/72.jpg', 'medium': 'https://randomuser.me/api/portraits/med/men/72.jpg', 'thumbnail': 'https://randomuser.me/api/portraits/thumb/men/72.jpg'}, 'nat': 'NL'}</msg>
<arg>${json_data['results'][0]}</arg>
<doc>Logs the given message with the given level.</doc>
<status status="PASS" start="2024-05-09T06:19:10.541020" elapsed="0.000409"/>
</kw>
<kw name="Log" owner="BuiltIn">
<msg time="2024-05-09T06:19:10.541886" level="INFO">name</msg>
<arg>${key}</arg>
<doc>Logs the given message with the given level.</doc>
<status status="PASS" start="2024-05-09T06:19:10.541756" elapsed="0.000167"/>
</kw>
<var name="${key}">name</var>
<status status="PASS" start="2024-05-09T06:19:10.540164" elapsed="0.001990"/>
</iter>
<iter>
<kw name="Dictionary Should Contain Key" owner="Collections">
<msg time="2024-05-09T06:19:10.542834" level="INFO">False</msg>
<arg>${json_data['results'][0]}</arg>
<arg>${key}</arg>
<doc>Fails if ``key`` is not found from ``dictionary``.</doc>
<status status="PASS" start="2024-05-09T06:19:10.542447" elapsed="0.000423"/>
</kw>
<kw name="Log" owner="BuiltIn">
<msg time="2024-05-09T06:19:10.543525" level="INFO">{'gender': 'male', 'name': {'title': 'Mr', 'first': 'Georgius', 'last': 'Witvoet'}, 'location': {'street': {'number': 9506, 'name': 'Breetuinenweg'}, 'city': 'Dedgum', 'state': 'Noord-Holland', 'country': 'Netherlands', 'postcode': '3598 LM', 'coordinates': {'latitude': '34.8899', 'longitude': '-97.4399'}, 'timezone': {'offset': '+8:00', 'description': 'Beijing, Perth, Singapore, Hong Kong'}}, 'email': 'georgius.witvoet@example.com', 'login': {'uuid': '5fdf32a2-d488-46c3-88d1-caabcf620c74', 'username': 'ticklishbutterfly794', 'password': 'luckyone', 'salt': 'YsFFBYnG', 'md5': '38333842ef7e8065525d78adceeb66f5', 'sha1': '1f48f25305a0aefc5f96760ff4ce97566f8a25e1', 'sha256': '77607f5f174912d3f3e0f1160c169bd0a492aaa1c0a1f0b57991cb64b6a8b51f'}, 'dob': {'date': '1980-04-23T13:47:31.223Z', 'age': 44}, 'registered': {'date': '2015-07-04T00:36:02.058Z', 'age': 8}, 'phone': '(0259) 473559', 'cell': '(06) 17678962', 'id': {'name': 'BSN', 'value': '27061825'}, 'picture': {'large': 'https://randomuser.me/api/portraits/men/72.jpg', 'medium': 'https://randomuser.me/api/portraits/med/men/72.jpg', 'thumbnail': 'https://randomuser.me/api/portraits/thumb/men/72.jpg'}, 'nat': 'NL'}</msg>
<arg>${json_data['results'][0]}</arg>
<doc>Logs the given message with the given level.</doc>
<status status="PASS" start="2024-05-09T06:19:10.543170" elapsed="0.000403"/>
</kw>
<kw name="Log" owner="BuiltIn">
<msg time="2024-05-09T06:19:10.543993" level="INFO">location</msg>
<arg>${key}</arg>
<doc>Logs the given message with the given level.</doc>
<status status="PASS" start="2024-05-09T06:19:10.543866" elapsed="0.000164"/>
</kw>
<var name="${key}">location</var>
<status status="PASS" start="2024-05-09T06:19:10.542333" elapsed="0.001910"/>
</iter>
<iter>
<kw name="Dictionary Should Contain Key" owner="Collections">
<msg time="2024-05-09T06:19:10.544919" level="INFO">False</msg>
<arg>${json_data['results'][0]}</arg>
<arg>${key}</arg>
<doc>Fails if ``key`` is not found from ``dictionary``.</doc>
<status status="PASS" start="2024-05-09T06:19:10.544532" elapsed="0.000425"/>
</kw>
<kw name="Log" owner="BuiltIn">
<msg time="2024-05-09T06:19:10.545623" level="INFO">{'gender': 'male', 'name': {'title': 'Mr', 'first': 'Georgius', 'last': 'Witvoet'}, 'location': {'street': {'number': 9506, 'name': 'Breetuinenweg'}, 'city': 'Dedgum', 'state': 'Noord-Holland', 'country': 'Netherlands', 'postcode': '3598 LM', 'coordinates': {'latitude': '34.8899', 'longitude': '-97.4399'}, 'timezone': {'offset': '+8:00', 'description': 'Beijing, Perth, Singapore, Hong Kong'}}, 'email': 'georgius.witvoet@example.com', 'login': {'uuid': '5fdf32a2-d488-46c3-88d1-caabcf620c74', 'username': 'ticklishbutterfly794', 'password': 'luckyone', 'salt': 'YsFFBYnG', 'md5': '38333842ef7e8065525d78adceeb66f5', 'sha1': '1f48f25305a0aefc5f96760ff4ce97566f8a25e1', 'sha256': '77607f5f174912d3f3e0f1160c169bd0a492aaa1c0a1f0b57991cb64b6a8b51f'}, 'dob': {'date': '1980-04-23T13:47:31.223Z', 'age': 44}, 'registered': {'date': '2015-07-04T00:36:02.058Z', 'age': 8}, 'phone': '(0259) 473559', 'cell': '(06) 17678962', 'id': {'name': 'BSN', 'value': '27061825'}, 'picture': {'large': 'https://randomuser.me/api/portraits/men/72.jpg', 'medium': 'https://randomuser.me/api/portraits/med/men/72.jpg', 'thumbnail': 'https://randomuser.me/api/portraits/thumb/men/72.jpg'}, 'nat': 'NL'}</msg>
<arg>${json_data['results'][0]}</arg>
<doc>Logs the given message with the given level.</doc>
<status status="PASS" start="2024-05-09T06:19:10.545262" elapsed="0.000443"/>
</kw>
<kw name="Log" owner="BuiltIn">
<msg time="2024-05-09T06:19:10.546137" level="INFO">email</msg>
<arg>${key}</arg>
<doc>Logs the given message with the given level.</doc>
<status status="PASS" start="2024-05-09T06:19:10.546009" elapsed="0.000165"/>
</kw>
<var name="${key}">email</var>
<status status="PASS" start="2024-05-09T06:19:10.544420" elapsed="0.001976"/>
</iter>
<iter>
<kw name="Dictionary Should Contain Key" owner="Collections">
<msg time="2024-05-09T06:19:10.547069" level="INFO">False</msg>
<arg>${json_data['results'][0]}</arg>
<arg>${key}</arg>
<doc>Fails if ``key`` is not found from ``dictionary``.</doc>
<status status="PASS" start="2024-05-09T06:19:10.546683" elapsed="0.000423"/>
</kw>
<kw name="Log" owner="BuiltIn">
<msg time="2024-05-09T06:19:10.547763" level="INFO">{'gender': 'male', 'name': {'title': 'Mr', 'first': 'Georgius', 'last': 'Witvoet'}, 'location': {'street': {'number': 9506, 'name': 'Breetuinenweg'}, 'city': 'Dedgum', 'state': 'Noord-Holland', 'country': 'Netherlands', 'postcode': '3598 LM', 'coordinates': {'latitude': '34.8899', 'longitude': '-97.4399'}, 'timezone': {'offset': '+8:00', 'description': 'Beijing, Perth, Singapore, Hong Kong'}}, 'email': 'georgius.witvoet@example.com', 'login': {'uuid': '5fdf32a2-d488-46c3-88d1-caabcf620c74', 'username': 'ticklishbutterfly794', 'password': 'luckyone', 'salt': 'YsFFBYnG', 'md5': '38333842ef7e8065525d78adceeb66f5', 'sha1': '1f48f25305a0aefc5f96760ff4ce97566f8a25e1', 'sha256': '77607f5f174912d3f3e0f1160c169bd0a492aaa1c0a1f0b57991cb64b6a8b51f'}, 'dob': {'date': '1980-04-23T13:47:31.223Z', 'age': 44}, 'registered': {'date': '2015-07-04T00:36:02.058Z', 'age': 8}, 'phone': '(0259) 473559', 'cell': '(06) 17678962', 'id': {'name': 'BSN', 'value': '27061825'}, 'picture': {'large': 'https://randomuser.me/api/portraits/men/72.jpg', 'medium': 'https://randomuser.me/api/portraits/med/men/72.jpg', 'thumbnail': 'https://randomuser.me/api/portraits/thumb/men/72.jpg'}, 'nat': 'NL'}</msg>
<arg>${json_data['results'][0]}</arg>
<doc>Logs the given message with the given level.</doc>
<status status="PASS" start="2024-05-09T06:19:10.547399" elapsed="0.000411"/>
</kw>
<kw name="Log" owner="BuiltIn">
<msg time="2024-05-09T06:19:10.548234" level="INFO">login</msg>
<arg>${key}</arg>
<doc>Logs the given message with the given level.</doc>
<status status="PASS" start="2024-05-09T06:19:10.548107" elapsed="0.000195"/>
</kw>
<var name="${key}">login</var>
<status status="PASS" start="2024-05-09T06:19:10.546571" elapsed="0.001952"/>
</iter>
<var>${key}</var>
<value>@{expected_keys}</value>
<status status="PASS" start="2024-05-09T06:19:10.537788" elapsed="0.010865"/>
</for>
<kw name="Create List" owner="BuiltIn">
<msg time="2024-05-09T06:19:10.548983" level="INFO">${expected_keysTwo} = ['username', 'password']</msg>
<var>${expected_keysTwo}</var>
<arg>username</arg>
<arg>password</arg>
<doc>Returns a list containing given items.</doc>
<status status="PASS" start="2024-05-09T06:19:10.548847" elapsed="0.000160"/>
</kw>
<for flavor="IN">
<iter>
<kw name="Dictionary Should Contain Key" owner="Collections">
<msg time="2024-05-09T06:19:10.549935" level="INFO">False</msg>
<arg>${json_data['results'][0]['login']}</arg>
<arg>${keyTwo}</arg>
<doc>Fails if ``key`` is not found from ``dictionary``.</doc>
<status status="PASS" start="2024-05-09T06:19:10.549508" elapsed="0.000464"/>
</kw>
<kw name="Dictionary Should Contain Key" owner="Collections">
<msg time="2024-05-09T06:19:10.550645" level="INFO">False</msg>
<arg>${json_data['results'][0]['login']}</arg>
<arg>${keyTwo}</arg>
<doc>Fails if ``key`` is not found from ``dictionary``.</doc>
<status status="PASS" start="2024-05-09T06:19:10.550267" elapsed="0.000415"/>
</kw>
<kw name="Log" owner="BuiltIn">
<msg time="2024-05-09T06:19:10.551099" level="INFO">username</msg>
<arg>${keyTwo}</arg>
<doc>Logs the given message with the given level.</doc>
<status status="PASS" start="2024-05-09T06:19:10.550972" elapsed="0.000168"/>
</kw>
<var name="${keyTwo}">username</var>
<status status="PASS" start="2024-05-09T06:19:10.549399" elapsed="0.001952"/>
</iter>
<iter>
<kw name="Dictionary Should Contain Key" owner="Collections">
<msg time="2024-05-09T06:19:10.552015" level="INFO">False</msg>
<arg>${json_data['results'][0]['login']}</arg>
<arg>${keyTwo}</arg>
<doc>Fails if ``key`` is not found from ``dictionary``.</doc>
<status status="PASS" start="2024-05-09T06:19:10.551635" elapsed="0.000416"/>
</kw>
<kw name="Dictionary Should Contain Key" owner="Collections">
<msg time="2024-05-09T06:19:10.552810" level="INFO">False</msg>
<arg>${json_data['results'][0]['login']}</arg>
<arg>${keyTwo}</arg>
<doc>Fails if ``key`` is not found from ``dictionary``.</doc>
<status status="PASS" start="2024-05-09T06:19:10.552341" elapsed="0.000507"/>
</kw>
<kw name="Log" owner="BuiltIn">
<msg time="2024-05-09T06:19:10.553268" level="INFO">password</msg>
<arg>${keyTwo}</arg>
<doc>Logs the given message with the given level.</doc>
<status status="PASS" start="2024-05-09T06:19:10.553143" elapsed="0.000163"/>
</kw>
<var name="${keyTwo}">password</var>
<status status="PASS" start="2024-05-09T06:19:10.551523" elapsed="0.001996"/>
</iter>
<var>${keyTwo}</var>
<value>@{expected_keysTwo}</value>
<status status="PASS" start="2024-05-09T06:19:10.549243" elapsed="0.004399"/>
</for>
<status status="PASS" start="2024-05-09T06:19:10.433830" elapsed="0.119998"/>
</kw>
<doc>Testa a estrutura da resposta da API.</doc>
<tag>testeEstruturaResposta</tag>
<status status="PASS" start="2024-05-09T06:19:10.433199" elapsed="0.120790"/>
</test>
<test id="s1-s1-t4" name="Validar tipos de dados" line="28">
<kw name="Teste de Tipos de Dados" owner="random-user-service">
<kw name="GET On Session" owner="RequestsLibrary">
<msg time="2024-05-09T06:19:10.635887" level="INFO">GET Request : url=https://randomuser.me/api 
 path_url=/api 
 headers={'User-Agent': 'python-requests/2.31.0', 'Accept-Encoding': 'gzip, deflate', 'Accept': '*/*', 'Connection': 'keep-alive'} 
 body=None 
 </msg>
<msg time="2024-05-09T06:19:10.635978" level="INFO">GET Response : url=https://randomuser.me/api 
 status=200, reason=OK 
 headers={'Date': 'Thu, 09 May 2024 06:19:10 GMT', 'Content-Type': 'application/json; charset=utf-8', 'Transfer-Encoding': 'chunked', 'Connection': 'keep-alive', 'X-Powered-By': 'Express', 'Access-Control-Allow-Origin': '*', 'Cache-Control': 'no-cache', 'ETag': 'W/"4a0-t8PC3zJ2THuL1eNWoee+5hPBa+Q"', 'Vary': 'Accept-Encoding', 'Content-Encoding': 'gzip', 'CF-Cache-Status': 'DYNAMIC', 'Report-To': '{"endpoints":[{"url":"https:\\/\\/a.nel.cloudflare.com\\/report\\/v4?s=EwGCs99O3HONEBHH5Jvaakmow9zJCmajjXzWNY83jhbuuqJgpwxL6%2FEiaKeWfiQIO5CUrogg2PYhEM94bemkZi3iHUE0ze%2FXDp1HiFdBUdTVWHCnJCfa1jwD0V2ie0iT"}],"group":"cf-nel","max_age":604800}', 'NEL': '{"success_fraction":0,"report_to":"cf-nel","max_age":604800}', 'Server': 'cloudflare', 'CF-RAY': '880f938efd416206-ORD', 'alt-svc': 'h3=":443"; ma=86400'} 
 body={"results":[{"gender":"female","name":{"title":"Mrs","first":"Shannon","last":"Lane"},"location":{"street":{"number":1786,"name":"Mockingbird Hill"},"city":"Paterson","state":"New Mexico","country":"United States","postcode":36536,"coordinates":{"latitude":"84.8840","longitude":"5.6701"},"timezone":{"offset":"-3:00","description":"Brazil, Buenos Aires, Georgetown"}},"email":"shannon.lane@example.com","login":{"uuid":"d87528a9-460d-467a-b0a8-b6853ddc6f09","username":"orangepeacock468","password":"pacers","salt":"zb1zBODc","md5":"6f9868eb0b4584d41069513dbea3be7b","sha1":"3eb5cba1cf18534e7eceba4ede27c32cfb2a5479","sha256":"7c6286dbd80a3f6ebdba4008873975635f980bdbf4f5a36dde34f02b4a2ef4b3"},"dob":{"date":"1975-01-14T11:15:18.926Z","age":49},"registered":{"date":"2008-09-16T07:28:20.701Z","age":15},"phone":"(887) 590-5328","cell":"(350) 642-2609","id":{"name":"SSN","value":"252-01-3374"},"picture":{"large":"https://randomuser.me/api/portraits/women/18.jpg","medium":"https://randomuser.me/api/portraits/med/women/18.jpg","thumbnail":"https://randomuser.me/api/portraits/thumb/women/18.jpg"},"nat":"US"}],"info":{"seed":"2a82804d92f99545","results":1,"page":1,"version":"1.4"}} 
 </msg>
<msg time="2024-05-09T06:19:10.636051" level="INFO">/opt/hostedtoolcache/Python/3.12.3/x64/lib/python3.12/site-packages/urllib3/connectionpool.py:1103: InsecureRequestWarning: Unverified HTTPS request is being made to host 'randomuser.me'. Adding certificate verification is strongly advised. See: https://urllib3.readthedocs.io/en/latest/advanced-usage.html#tls-warnings
  warnings.warn(</msg>
<msg time="2024-05-09T06:19:10.636160" level="INFO">${response} = &lt;Response [200]&gt;</msg>
<var>${response}</var>
<arg>consultarAPI</arg>
<arg>/api</arg>
<doc>Sends a GET request on a previously created HTTP Session.</doc>
<status status="PASS" start="2024-05-09T06:19:10.556554" elapsed="0.079647"/>
</kw>
<kw name="Set Variable" owner="BuiltIn">
<msg time="2024-05-09T06:19:10.637490" level="INFO">${json_data} = {'results': [{'gender': 'female', 'name': {'title': 'Mrs', 'first': 'Shannon', 'last': 'Lane'}, 'location': {'street': {'number': 1786, 'name': 'Mockingbird Hill'}, 'city': 'Paterson', 'state': 'New M...</msg>
<var>${json_data}</var>
<arg>${response.json()}</arg>
<doc>Returns the given values which can then be assigned to a variables.</doc>
<status status="PASS" start="2024-05-09T06:19:10.636851" elapsed="0.000668"/>
</kw>
<kw name="Log" owner="BuiltIn">
<msg time="2024-05-09T06:19:10.638054" level="INFO">{'results': [{'gender': 'female', 'name': {'title': 'Mrs', 'first': 'Shannon', 'last': 'Lane'}, 'location': {'street': {'number': 1786, 'name': 'Mockingbird Hill'}, 'city': 'Paterson', 'state': 'New Mexico', 'country': 'United States', 'postcode': 36536, 'coordinates': {'latitude': '84.8840', 'longitude': '5.6701'}, 'timezone': {'offset': '-3:00', 'description': 'Brazil, Buenos Aires, Georgetown'}}, 'email': 'shannon.lane@example.com', 'login': {'uuid': 'd87528a9-460d-467a-b0a8-b6853ddc6f09', 'username': 'orangepeacock468', 'password': 'pacers', 'salt': 'zb1zBODc', 'md5': '6f9868eb0b4584d41069513dbea3be7b', 'sha1': '3eb5cba1cf18534e7eceba4ede27c32cfb2a5479', 'sha256': '7c6286dbd80a3f6ebdba4008873975635f980bdbf4f5a36dde34f02b4a2ef4b3'}, 'dob': {'date': '1975-01-14T11:15:18.926Z', 'age': 49}, 'registered': {'date': '2008-09-16T07:28:20.701Z', 'age': 15}, 'phone': '(887) 590-5328', 'cell': '(350) 642-2609', 'id': {'name': 'SSN', 'value': '252-01-3374'}, 'picture': {'large': 'https://randomuser.me/api/portraits/women/18.jpg', 'medium': 'https://randomuser.me/api/portraits/med/women/18.jpg', 'thumbnail': 'https://randomuser.me/api/portraits/thumb/women/18.jpg'}, 'nat': 'US'}], 'info': {'seed': '2a82804d92f99545', 'results': 1, 'page': 1, 'version': '1.4'}}</msg>
<arg>${json_data}</arg>
<doc>Logs the given message with the given level.</doc>
<status status="PASS" start="2024-05-09T06:19:10.637891" elapsed="0.000248"/>
</kw>
<kw name="Should Be String" owner="String">
<arg>${json_data['results'][0]['gender']}</arg>
<doc>Fails if the given ``item`` is not a string.</doc>
<status status="PASS" start="2024-05-09T06:19:10.638448" elapsed="0.000379"/>
</kw>
<kw name="Should Match Regexp" owner="BuiltIn">
<arg>${json_data['results'][0]['email']}</arg>
<arg>^[a-zA-Z0-9._%+-]+@[a-zA-Z0-9.-]+\.[a-zA-Z]{2,}$</arg>
<doc>Fails if ``string`` does not match ``pattern`` as a regular expression.</doc>
<status status="PASS" start="2024-05-09T06:19:10.639021" elapsed="0.000522"/>
</kw>
<kw name="Should Match Regexp" owner="BuiltIn">
<arg>${json_data['results'][0]['dob']['date']}</arg>
<arg>\\d{4}-\\d{2}-\\d{2}T\\d{2}:\\d{2}:\\d{2}\\.\\d{3}Z</arg>
<doc>Fails if ``string`` does not match ``pattern`` as a regular expression.</doc>
<status status="PASS" start="2024-05-09T06:19:10.639738" elapsed="0.000496"/>
</kw>
<kw name="Should Match Regexp" owner="BuiltIn">
<arg>${json_data['results'][0]['registered']['date']}</arg>
<arg>\\d{4}-\\d{2}-\\d{2}T\\d{2}:\\d{2}:\\d{2}\\.\\d{3}Z</arg>
<doc>Fails if ``string`` does not match ``pattern`` as a regular expression.</doc>
<status status="PASS" start="2024-05-09T06:19:10.640424" elapsed="0.000365"/>
</kw>
<kw name="Should Match Regexp" owner="BuiltIn">
<arg>${json_data['results'][0]['picture']['large']}</arg>
<arg>^https?://.*\.(?:png|jpe?g|gif|bmp)$</arg>
<doc>Fails if ``string`` does not match ``pattern`` as a regular expression.</doc>
<status status="PASS" start="2024-05-09T06:19:10.640976" elapsed="0.000460"/>
</kw>
<kw name="Should Match Regexp" owner="BuiltIn">
<arg>${json_data['results'][0]['picture']['medium']}</arg>
<arg>^https?://.*\.(?:png|jpe?g|gif|bmp)$</arg>
<doc>Fails if ``string`` does not match ``pattern`` as a regular expression.</doc>
<status status="PASS" start="2024-05-09T06:19:10.641622" elapsed="0.000391"/>
</kw>
<kw name="Should Match Regexp" owner="BuiltIn">
<arg>${json_data['results'][0]['picture']['thumbnail']}</arg>
<arg>^https?://.*\.(?:png|jpe?g|gif|bmp)$</arg>
<doc>Fails if ``string`` does not match ``pattern`` as a regular expression.</doc>
<status status="PASS" start="2024-05-09T06:19:10.642203" elapsed="0.000348"/>
</kw>
<kw name="Log" owner="BuiltIn">
<msg time="2024-05-09T06:19:10.643061" level="INFO">{'large': 'https://randomuser.me/api/portraits/women/18.jpg', 'medium': 'https://randomuser.me/api/portraits/med/women/18.jpg', 'thumbnail': 'https://randomuser.me/api/portraits/thumb/women/18.jpg'}</msg>
<arg>${json_data['results'][0]['picture']}</arg>
<doc>Logs the given message with the given level.</doc>
<status status="PASS" start="2024-05-09T06:19:10.642731" elapsed="0.000371"/>
</kw>
<status status="PASS" start="2024-05-09T06:19:10.556325" elapsed="0.087033"/>
</kw>
<kw name="Teste de Tipos de Dados - Postcode" owner="random-user-service">
<kw name="GET On Session" owner="RequestsLibrary">
<msg time="2024-05-09T06:19:11.946417" level="INFO">GET Request : url=https://randomuser.me/api 
 path_url=/api 
 headers={'User-Agent': 'python-requests/2.31.0', 'Accept-Encoding': 'gzip, deflate', 'Accept': '*/*', 'Connection': 'keep-alive'} 
 body=None 
 </msg>
<msg time="2024-05-09T06:19:11.946522" level="INFO">GET Response : url=https://randomuser.me/api 
 status=200, reason=OK 
 headers={'Date': 'Thu, 09 May 2024 06:19:11 GMT', 'Content-Type': 'application/json; charset=utf-8', 'Transfer-Encoding': 'chunked', 'Connection': 'keep-alive', 'X-Powered-By': 'Express', 'Access-Control-Allow-Origin': '*', 'Cache-Control': 'no-cache', 'ETag': 'W/"488-bTAtGkdHDG4t0UxLmCLYapzql2U"', 'Vary': 'Accept-Encoding', 'Content-Encoding': 'gzip', 'CF-Cache-Status': 'DYNAMIC', 'Report-To': '{"endpoints":[{"url":"https:\\/\\/a.nel.cloudflare.com\\/report\\/v4?s=2mlvfjxesnXIlL2o5FmMs5CsiPOyjgi6xcRbX1%2BHq5f0yhAaoZPkA14bVKEMmqP%2BUyqK%2BxMuWVjc1bmobNcXBFQ8KdogNhrvwOJ9x1TkehaxLnbv7BpO8r2NWjrOiKi9"}],"group":"cf-nel","max_age":604800}', 'NEL': '{"success_fraction":0,"report_to":"cf-nel","max_age":604800}', 'Server': 'cloudflare', 'CF-RAY': '880f938f8d976206-ORD', 'alt-svc': 'h3=":443"; ma=86400'} 
 body={"results":[{"gender":"male","name":{"title":"Mr","first":"Jamie","last":"Cox"},"location":{"street":{"number":5413,"name":"The Avenue"},"city":"Limerick","state":"Monaghan","country":"Ireland","postcode":86245,"coordinates":{"latitude":"0.9075","longitude":"-140.6452"},"timezone":{"offset":"+11:00","description":"Magadan, Solomon Islands, New Caledonia"}},"email":"jamie.cox@example.com","login":{"uuid":"72f8d8bd-9d31-4951-aa0d-c47e480aa951","username":"beautifulsnake805","password":"officer","salt":"JYmhMwf4","md5":"444fba515eeecff36417f2fde3d95292","sha1":"f6e67a2b8aa650dee62fdb1281a8dec19e7fbbe7","sha256":"e3184ca55da6bef446b958cabf8703b65eda83c14027c5141d9a7d72e9e106c6"},"dob":{"date":"1960-01-25T18:03:17.622Z","age":64},"registered":{"date":"2011-07-31T22:20:01.389Z","age":12},"phone":"031-506-6531","cell":"081-243-4203","id":{"name":"PPS","value":"8383397T"},"picture":{"large":"https://randomuser.me/api/portraits/men/92.jpg","medium":"https://randomuser.me/api/portraits/med/men/92.jpg","thumbnail":"https://randomuser.me/api/portraits/thumb/men/92.jpg"},"nat":"IE"}],"info":{"seed":"26d2d098bc9d4f36","results":1,"page":1,"version":"1.4"}} 
 </msg>
<msg time="2024-05-09T06:19:11.946600" level="INFO">/opt/hostedtoolcache/Python/3.12.3/x64/lib/python3.12/site-packages/urllib3/connectionpool.py:1103: InsecureRequestWarning: Unverified HTTPS request is being made to host 'randomuser.me'. Adding certificate verification is strongly advised. See: https://urllib3.readthedocs.io/en/latest/advanced-usage.html#tls-warnings
  warnings.warn(</msg>
<msg time="2024-05-09T06:19:11.946724" level="INFO">${response} = &lt;Response [200]&gt;</msg>
<var>${response}</var>
<arg>consultarAPI</arg>
<arg>/api</arg>
<doc>Sends a GET request on a previously created HTTP Session.</doc>
<status status="PASS" start="2024-05-09T06:19:10.643819" elapsed="1.302935"/>
</kw>
<kw name="Set Variable" owner="BuiltIn">
<msg time="2024-05-09T06:19:11.947820" level="INFO">${json_data} = {'results': [{'gender': 'male', 'name': {'title': 'Mr', 'first': 'Jamie', 'last': 'Cox'}, 'location': {'street': {'number': 5413, 'name': 'The Avenue'}, 'city': 'Limerick', 'state': 'Monaghan', 'count...</msg>
<var>${json_data}</var>
<arg>${response.json()}</arg>
<doc>Returns the given values which can then be assigned to a variables.</doc>
<status status="PASS" start="2024-05-09T06:19:11.947297" elapsed="0.000551"/>
</kw>
<kw name="Log" owner="BuiltIn">
<msg time="2024-05-09T06:19:11.948317" level="INFO">{'results': [{'gender': 'male', 'name': {'title': 'Mr', 'first': 'Jamie', 'last': 'Cox'}, 'location': {'street': {'number': 5413, 'name': 'The Avenue'}, 'city': 'Limerick', 'state': 'Monaghan', 'country': 'Ireland', 'postcode': 86245, 'coordinates': {'latitude': '0.9075', 'longitude': '-140.6452'}, 'timezone': {'offset': '+11:00', 'description': 'Magadan, Solomon Islands, New Caledonia'}}, 'email': 'jamie.cox@example.com', 'login': {'uuid': '72f8d8bd-9d31-4951-aa0d-c47e480aa951', 'username': 'beautifulsnake805', 'password': 'officer', 'salt': 'JYmhMwf4', 'md5': '444fba515eeecff36417f2fde3d95292', 'sha1': 'f6e67a2b8aa650dee62fdb1281a8dec19e7fbbe7', 'sha256': 'e3184ca55da6bef446b958cabf8703b65eda83c14027c5141d9a7d72e9e106c6'}, 'dob': {'date': '1960-01-25T18:03:17.622Z', 'age': 64}, 'registered': {'date': '2011-07-31T22:20:01.389Z', 'age': 12}, 'phone': '031-506-6531', 'cell': '081-243-4203', 'id': {'name': 'PPS', 'value': '8383397T'}, 'picture': {'large': 'https://randomuser.me/api/portraits/men/92.jpg', 'medium': 'https://randomuser.me/api/portraits/med/men/92.jpg', 'thumbnail': 'https://randomuser.me/api/portraits/thumb/men/92.jpg'}, 'nat': 'IE'}], 'info': {'seed': '26d2d098bc9d4f36', 'results': 1, 'page': 1, 'version': '1.4'}}</msg>
<arg>${json_data}</arg>
<doc>Logs the given message with the given level.</doc>
<status status="PASS" start="2024-05-09T06:19:11.948163" elapsed="0.000237"/>
</kw>
<kw name="Should Be Equal As Numbers" owner="BuiltIn">
<arg>${json_data['results'][0]['location']['postcode']}</arg>
<arg>${json_data['results'][0]['location']['postcode']}</arg>
<doc>Fails if objects are unequal after converting them to real numbers.</doc>
<status status="PASS" start="2024-05-09T06:19:11.948700" elapsed="0.000812"/>
</kw>
<kw name="Log" owner="BuiltIn">
<msg time="2024-05-09T06:19:11.950101" level="INFO">86245</msg>
<arg>${json_data['results'][0]['location']['postcode']}</arg>
<doc>Logs the given message with the given level.</doc>
<status status="PASS" start="2024-05-09T06:19:11.949754" elapsed="0.000397"/>
</kw>
<status status="PASS" start="2024-05-09T06:19:10.643588" elapsed="1.306816"/>
</kw>
<doc>Testa se os tipos de dados na resposta da API estão corretos.</doc>
<tag>testeTiposDados</tag>
<status status="PASS" start="2024-05-09T06:19:10.555769" elapsed="1.394806"/>
</test>
<test id="s1-s1-t5" name="Validar conteudo" line="35">
<kw name="Teste de Tipos de Conteudo" owner="random-user-service">
<kw name="GET On Session" owner="RequestsLibrary">
<msg time="2024-05-09T06:19:12.133967" level="INFO">GET Request : url=https://randomuser.me/api 
 path_url=/api 
 headers={'User-Agent': 'python-requests/2.31.0', 'Accept-Encoding': 'gzip, deflate', 'Accept': '*/*', 'Connection': 'keep-alive'} 
 body=None 
 </msg>
<msg time="2024-05-09T06:19:12.134071" level="INFO">GET Response : url=https://randomuser.me/api 
 status=200, reason=OK 
 headers={'Date': 'Thu, 09 May 2024 06:19:12 GMT', 'Content-Type': 'application/json; charset=utf-8', 'Transfer-Encoding': 'chunked', 'Connection': 'keep-alive', 'X-Powered-By': 'Express', 'Access-Control-Allow-Origin': '*', 'Cache-Control': 'no-cache', 'ETag': 'W/"49b-89NE4bdQOv1wYgt6au4XqnhLuuI"', 'Vary': 'Accept-Encoding', 'Content-Encoding': 'gzip', 'CF-Cache-Status': 'DYNAMIC', 'Report-To': '{"endpoints":[{"url":"https:\\/\\/a.nel.cloudflare.com\\/report\\/v4?s=vf%2BTOMHC9ZdP9twu%2FLFipsu4En88TD14Iz3qw2c70QUB4%2Be0xlZr5tVEU9h%2Bunj8DictCjsgq52gV8d23p%2BW0X4muWxYTAA2YcwiauaUYDsbVmaZ%2FrRw5pySqLghq6cN"}],"group":"cf-nel","max_age":604800}', 'NEL': '{"success_fraction":0,"report_to":"cf-nel","max_age":604800}', 'Server': 'cloudflare', 'CF-RAY': '880f9397bbc96206-ORD', 'alt-svc': 'h3=":443"; ma=86400'} 
 body={"results":[{"gender":"female","name":{"title":"Ms","first":"Sophie","last":"Boyd"},"location":{"street":{"number":4930,"name":"Fairview Road"},"city":"Kingston upon Hull","state":"Central","country":"United Kingdom","postcode":"IN0 6QE","coordinates":{"latitude":"-10.6564","longitude":"153.8442"},"timezone":{"offset":"-11:00","description":"Midway Island, Samoa"}},"email":"sophie.boyd@example.com","login":{"uuid":"e1c07261-bc7b-47e1-a4af-bc242c5fe265","username":"whitepanda822","password":"pegasus","salt":"VETC3h3r","md5":"960e6a10ab97df17fff68b804b55a896","sha1":"caa213435911939fc85293e273c7c12f76178515","sha256":"e5d4f467b3762eba2d1ccfac02bed77554ae972666707d2de906a817637b6d7b"},"dob":{"date":"1954-07-22T00:53:39.207Z","age":69},"registered":{"date":"2007-10-31T13:15:12.495Z","age":16},"phone":"017687 98313","cell":"07085 165848","id":{"name":"NINO","value":"YL 53 97 34 Z"},"picture":{"large":"https://randomuser.me/api/portraits/women/13.jpg","medium":"https://randomuser.me/api/portraits/med/women/13.jpg","thumbnail":"https://randomuser.me/api/portraits/thumb/women/13.jpg"},"nat":"GB"}],"info":{"seed":"ec4a91791498b6bd","results":1,"page":1,"version":"1.4"}} 
 </msg>
<msg time="2024-05-09T06:19:12.134148" level="INFO">/opt/hostedtoolcache/Python/3.12.3/x64/lib/python3.12/site-packages/urllib3/connectionpool.py:1103: InsecureRequestWarning: Unverified HTTPS request is being made to host 'randomuser.me'. Adding certificate verification is strongly advised. See: https://urllib3.readthedocs.io/en/latest/advanced-usage.html#tls-warnings
  warnings.warn(</msg>
<msg time="2024-05-09T06:19:12.134274" level="INFO">${response} = &lt;Response [200]&gt;</msg>
<var>${response}</var>
<arg>consultarAPI</arg>
<arg>/api</arg>
<doc>Sends a GET request on a previously created HTTP Session.</doc>
<status status="PASS" start="2024-05-09T06:19:11.953167" elapsed="0.181149"/>
</kw>
<kw name="Set Variable" owner="BuiltIn">
<msg time="2024-05-09T06:19:12.135690" level="INFO">${json_data} = {'results': [{'gender': 'female', 'name': {'title': 'Ms', 'first': 'Sophie', 'last': 'Boyd'}, 'location': {'street': {'number': 4930, 'name': 'Fairview Road'}, 'city': 'Kingston upon Hull', 'state': '...</msg>
<var>${json_data}</var>
<arg>${response.json()}</arg>
<doc>Returns the given values which can then be assigned to a variables.</doc>
<status status="PASS" start="2024-05-09T06:19:12.135027" elapsed="0.000692"/>
</kw>
<kw name="Set Variable" owner="BuiltIn">
<msg time="2024-05-09T06:19:12.136420" level="INFO">${name_title} = Ms</msg>
<var>${name_title}</var>
<arg>${json_data["results"][0]["name"]["title"]}</arg>
<doc>Returns the given values which can then be assigned to a variables.</doc>
<status status="PASS" start="2024-05-09T06:19:12.136025" elapsed="0.000420"/>
</kw>
<kw name="Create List" owner="BuiltIn">
<msg time="2024-05-09T06:19:12.136893" level="INFO">${allowed_titles} = ['Mr', 'Ms', 'Miss', 'Mrs', 'Madame', 'Monsieur']</msg>
<var>${allowed_titles}</var>
<arg>Mr</arg>
<arg>Ms</arg>
<arg>Miss</arg>
<arg>Mrs</arg>
<arg>Madame</arg>
<arg>Monsieur</arg>
<doc>Returns a list containing given items.</doc>
<status status="PASS" start="2024-05-09T06:19:12.136747" elapsed="0.000170"/>
</kw>
<kw name="List Should Contain Value" owner="Collections">
<msg time="2024-05-09T06:19:12.137390" level="INFO">False</msg>
<arg>${allowed_titles}</arg>
<arg>${name_title}</arg>
<doc>Fails if the ``value`` is not found from ``list``.</doc>
<status status="PASS" start="2024-05-09T06:19:12.137215" elapsed="0.000211"/>
</kw>
<kw name="Set Variable" owner="BuiltIn">
<msg time="2024-05-09T06:19:12.138135" level="INFO">${name_country} = GB</msg>
<var>${name_country}</var>
<arg>${json_data["results"][0]["nat"]}</arg>
<doc>Returns the given values which can then be assigned to a variables.</doc>
<status status="PASS" start="2024-05-09T06:19:12.137752" elapsed="0.000408"/>
</kw>
<kw name="Create List" owner="BuiltIn">
<msg time="2024-05-09T06:19:12.139049" level="INFO">${list_country} = ['AD', 'AE', 'AF', 'AG', 'AI', 'AL', 'AM', 'AO', 'AQ', 'AR', 'AS', 'AT', 'AU', 'AW', 'AX', 'AZ', 'BA', 'BB', 'BD', 'BE', 'BF', 'BG', 'BH', 'BI', 'BJ', 'BL', 'BM', 'BN', 'BO', 'BQ', 'BR', 'BS', 'BT', '...</msg>
<var>${list_country}</var>
<arg>AD</arg>
<arg>AE</arg>
<arg>AF</arg>
<arg>AG</arg>
<arg>AI</arg>
<arg>AL</arg>
<arg>AM</arg>
<arg>AO</arg>
<arg>AQ</arg>
<arg>AR</arg>
<arg>AS</arg>
<arg>AT</arg>
<arg>AU</arg>
<arg>AW</arg>
<arg>AX</arg>
<arg>AZ</arg>
<arg>BA</arg>
<arg>BB</arg>
<arg>BD</arg>
<arg>BE</arg>
<arg>BF</arg>
<arg>BG</arg>
<arg>BH</arg>
<arg>BI</arg>
<arg>BJ</arg>
<arg>BL</arg>
<arg>BM</arg>
<arg>BN</arg>
<arg>BO</arg>
<arg>BQ</arg>
<arg>BR</arg>
<arg>BS</arg>
<arg>BT</arg>
<arg>BV</arg>
<arg>BW</arg>
<arg>BY</arg>
<arg>BZ</arg>
<arg>CA</arg>
<arg>CC</arg>
<arg>CD</arg>
<arg>CF</arg>
<arg>CG</arg>
<arg>CH</arg>
<arg>CI</arg>
<arg>CK</arg>
<arg>CL</arg>
<arg>CM</arg>
<arg>CN</arg>
<arg>CO</arg>
<arg>CR</arg>
<arg>CU</arg>
<arg>CV</arg>
<arg>CW</arg>
<arg>CX</arg>
<arg>CY</arg>
<arg>CZ</arg>
<arg>DE</arg>
<arg>DJ</arg>
<arg>DK</arg>
<arg>DM</arg>
<arg>DO</arg>
<arg>DZ</arg>
<arg>EC</arg>
<arg>EE</arg>
<arg>EG</arg>
<arg>EH</arg>
<arg>ER</arg>
<arg>ES</arg>
<arg>ET</arg>
<arg>FI</arg>
<arg>FJ</arg>
<arg>FK</arg>
<arg>FM</arg>
<arg>FO</arg>
<arg>FR</arg>
<arg>GA</arg>
<arg>GB</arg>
<arg>GD</arg>
<arg>GE</arg>
<arg>GF</arg>
<arg>GG</arg>
<arg>GH</arg>
<arg>GI</arg>
<arg>GL</arg>
<arg>GM</arg>
<arg>GN</arg>
<arg>GP</arg>
<arg>GQ</arg>
<arg>GR</arg>
<arg>GS</arg>
<arg>GT</arg>
<arg>GU</arg>
<arg>GW</arg>
<arg>GY</arg>
<arg>HK</arg>
<arg>HM</arg>
<arg>HN</arg>
<arg>HR</arg>
<arg>HT</arg>
<arg>HU</arg>
<arg>ID</arg>
<arg>IE</arg>
<arg>IL</arg>
<arg>IM</arg>
<arg>IN</arg>
<arg>IO</arg>
<arg>IQ</arg>
<arg>IR</arg>
<arg>IS</arg>
<arg>IT</arg>
<arg>JE</arg>
<arg>JM</arg>
<arg>JO</arg>
<arg>JP</arg>
<arg>KE</arg>
<arg>KG</arg>
<arg>KH</arg>
<arg>KI</arg>
<arg>KM</arg>
<arg>KN</arg>
<arg>KP</arg>
<arg>KR</arg>
<arg>KW</arg>
<arg>KY</arg>
<arg>KZ</arg>
<arg>LA</arg>
<arg>LB</arg>
<arg>LC</arg>
<arg>LI</arg>
<arg>LK</arg>
<arg>LR</arg>
<arg>LS</arg>
<arg>LT</arg>
<arg>LU</arg>
<arg>LV</arg>
<arg>LY</arg>
<arg>MA</arg>
<arg>MC</arg>
<arg>MD</arg>
<arg>ME</arg>
<arg>MF</arg>
<arg>MG</arg>
<arg>MH</arg>
<arg>MK</arg>
<arg>ML</arg>
<arg>MM</arg>
<arg>MN</arg>
<arg>MO</arg>
<arg>MP</arg>
<arg>MQ</arg>
<arg>MR</arg>
<arg>MS</arg>
<arg>MT</arg>
<arg>MU</arg>
<arg>MV</arg>
<arg>MW</arg>
<arg>MX</arg>
<arg>MY</arg>
<arg>MZ</arg>
<arg>NA</arg>
<arg>NC</arg>
<arg>NE</arg>
<arg>NF</arg>
<arg>NG</arg>
<arg>NI</arg>
<arg>NL</arg>
<arg>NO</arg>
<arg>NP</arg>
<arg>NR</arg>
<arg>NU</arg>
<arg>NZ</arg>
<arg>OM</arg>
<arg>PA</arg>
<arg>PE</arg>
<arg>PF</arg>
<arg>PG</arg>
<arg>PH</arg>
<arg>PK</arg>
<arg>PL</arg>
<arg>PM</arg>
<arg>PN</arg>
<arg>PR</arg>
<arg>PS</arg>
<arg>PT</arg>
<arg>PW</arg>
<arg>PY</arg>
<arg>QA</arg>
<arg>RE</arg>
<arg>RO</arg>
<arg>RS</arg>
<arg>RU</arg>
<arg>RW</arg>
<arg>SA</arg>
<arg>SB</arg>
<arg>SC</arg>
<arg>SD</arg>
<arg>SE</arg>
<arg>SG</arg>
<arg>SH</arg>
<arg>SI</arg>
<arg>SJ</arg>
<arg>SK</arg>
<arg>SL</arg>
<arg>SM</arg>
<arg>SN</arg>
<arg>SO</arg>
<arg>SR</arg>
<arg>SS</arg>
<arg>ST</arg>
<arg>SV</arg>
<arg>SX</arg>
<arg>SY</arg>
<arg>SZ</arg>
<arg>TC</arg>
<arg>TD</arg>
<arg>TF</arg>
<arg>TG</arg>
<arg>TH</arg>
<arg>TJ</arg>
<arg>TK</arg>
<arg>TL</arg>
<arg>TM</arg>
<arg>TN</arg>
<arg>TO</arg>
<arg>TR</arg>
<arg>TT</arg>
<arg>TV</arg>
<arg>TW</arg>
<arg>TZ</arg>
<arg>UA</arg>
<arg>UG</arg>
<arg>UM</arg>
<arg>US</arg>
<arg>UY</arg>
<arg>UZ</arg>
<arg>VA</arg>
<arg>VC</arg>
<arg>VE</arg>
<arg>VG</arg>
<arg>VI</arg>
<arg>VN</arg>
<arg>VU</arg>
<arg>WF</arg>
<arg>WS</arg>
<arg>XK</arg>
<arg>YE</arg>
<arg>YT</arg>
<arg>ZA</arg>
<arg>ZM</arg>
<arg>ZW</arg>
<doc>Returns a list containing given items.</doc>
<status status="PASS" start="2024-05-09T06:19:12.138459" elapsed="0.000615"/>
</kw>
<kw name="List Should Contain Value" owner="Collections">
<msg time="2024-05-09T06:19:12.140057" level="INFO">False</msg>
<arg>${list_country}</arg>
<arg>${name_country}</arg>
<doc>Fails if the ``value`` is not found from ``list``.</doc>
<status status="PASS" start="2024-05-09T06:19:12.139863" elapsed="0.000230"/>
</kw>
<kw name="Run Keyword If" owner="BuiltIn">
<kw name="Should Be True" owner="BuiltIn">
<arg>${True}</arg>
<doc>Fails if the given condition is not true.</doc>
<status status="PASS" start="2024-05-09T06:19:12.141154" elapsed="0.000142"/>
</kw>
<arg>${json_data["results"][0]["location"]["coordinates"]["latitude"]} &gt;= -90 and ${json_data["results"][0]["location"]["coordinates"]["latitude"]} &lt;= 90</arg>
<arg>Should Be True</arg>
<arg>${True}</arg>
<doc>Runs the given keyword with the given arguments, if ``condition`` is true.</doc>
<status status="PASS" start="2024-05-09T06:19:12.140400" elapsed="0.001021"/>
</kw>
<kw name="Run Keyword If" owner="BuiltIn">
<kw name="Should Be True" owner="BuiltIn">
<arg>${True}</arg>
<doc>Fails if the given condition is not true.</doc>
<status status="PASS" start="2024-05-09T06:19:12.142354" elapsed="0.000258"/>
</kw>
<arg>${json_data["results"][0]["location"]["coordinates"]["longitude"]} &gt;= -180 and ${json_data["results"][0]["location"]["coordinates"]["longitude"]} &lt;= 180</arg>
<arg>Should Be True</arg>
<arg>${True}</arg>
<doc>Runs the given keyword with the given arguments, if ``condition`` is true.</doc>
<status status="PASS" start="2024-05-09T06:19:12.141604" elapsed="0.001136"/>
</kw>
<status status="PASS" start="2024-05-09T06:19:11.952932" elapsed="0.189941"/>
</kw>
<doc>Testa o conteúdo específico dos campos retornados pela API.</doc>
<tag>testeConteudo</tag>
<status status="PASS" start="2024-05-09T06:19:11.952323" elapsed="0.190703"/>
</test>
<status status="PASS" start="2024-05-09T06:19:10.027755" elapsed="2.117299"/>
</suite>
<status status="PASS" start="2024-05-09T06:19:10.014176" elapsed="2.136127"/>
</suite>
<statistics>
<total>
<stat pass="5" fail="0" skip="0">All Tests</stat>
</total>
<tag>
<stat pass="1" fail="0" skip="0">testeConteudo</stat>
<stat pass="1" fail="0" skip="0">testeEstruturaResposta</stat>
<stat pass="1" fail="0" skip="0">testeRequisicaoBasica</stat>
<stat pass="1" fail="0" skip="0">testeTiposDados</stat>
</tag>
<suite>
<stat pass="5" fail="0" skip="0" id="s1" name="Tests">Tests</stat>
<stat pass="5" fail="0" skip="0" id="s1-s1" name="Random-User-Test">Tests.Random-User-Test</stat>
</suite>
</statistics>
<errors>
</errors>
</robot>
