<?xml version="1.0" encoding="UTF-8"?>
<robot generator="Robot 7.0.1 (Python 3.12.4 on linux)" generated="2024-08-06T14:14:32.148487" rpa="false" schemaversion="5">
<suite id="s1" name="Tests" source="/home/runner/work/ApiRandomUser/ApiRandomUser/RamdonUser/tests">
<suite id="s1-s1" name="Random-User-Test" source="/home/runner/work/ApiRandomUser/ApiRandomUser/RamdonUser/tests/random-user-test.robot">
<test id="s1-s1-t1" name="Conectar" line="13">
<kw name="Conectar API" owner="random-user-service">
<kw name="Create Session" owner="RequestsLibrary">
<msg time="2024-08-06T14:14:32.576532" level="INFO">Creating Session using : alias=consultarAPI, url=https://randomuser.me/, headers={},                     cookies={}, auth=None, timeout=None, proxies=None, verify=False,                     debug=0 </msg>
<arg>consultarAPI</arg>
<arg>${URL}</arg>
<doc>Create Session: create a HTTP session to a server</doc>
<status status="PASS" start="2024-08-06T14:14:32.576306" elapsed="0.000433"/>
</kw>
<status status="PASS" start="2024-08-06T14:14:32.575186" elapsed="0.001953"/>
</kw>
<status status="PASS" start="2024-08-06T14:14:32.574455" elapsed="0.002890"/>
</test>
<test id="s1-s1-t2" name="Validar retorno 200 e JSON Válido" line="16">
<kw name="Teste de Requisicao Basica" owner="random-user-service">
<kw name="GET On Session" owner="RequestsLibrary">
<msg time="2024-08-06T14:14:32.833648" level="INFO">GET Request : url=https://randomuser.me/api 
 path_url=/api 
 headers={'User-Agent': 'python-requests/2.32.3', 'Accept-Encoding': 'gzip, deflate', 'Accept': '*/*', 'Connection': 'keep-alive'} 
 body=None 
 </msg>
<msg time="2024-08-06T14:14:32.833852" level="INFO">GET Response : url=https://randomuser.me/api 
 status=200, reason=OK 
 headers={'Date': 'Tue, 06 Aug 2024 14:14:32 GMT', 'Content-Type': 'application/json; charset=utf-8', 'Transfer-Encoding': 'chunked', 'Connection': 'keep-alive', 'X-Powered-By': 'Express', 'Access-Control-Allow-Origin': '*', 'Cache-Control': 'no-cache', 'ETag': 'W/"496-2izi5/FbU5BrHU5T0jxoeaEZHfY"', 'Vary': 'Accept-Encoding', 'Content-Encoding': 'gzip', 'CF-Cache-Status': 'DYNAMIC', 'Report-To': '{"endpoints":[{"url":"https:\\/\\/a.nel.cloudflare.com\\/report\\/v4?s=gYve7E7K33naWJNfTd7MMExB5mlC2UMYjviMVmZlR2eo%2BhAfTAltUkruW%2Flp2EAlpLHJrxKQfNL1Q%2FY4prKoVyAQMmpwd9BLyUB%2FdB7WMiGHPDK5hA8Qi4%2Bjz0sfTpey"}],"group":"cf-nel","max_age":604800}', 'NEL': '{"success_fraction":0,"report_to":"cf-nel","max_age":604800}', 'Server': 'cloudflare', 'CF-RAY': '8aefa246cbe1820f-IAD', 'alt-svc': 'h3=":443"; ma=86400'} 
 body={"results":[{"gender":"female","name":{"title":"Miss","first":"Edinalva","last":"Araújo"},"location":{"street":{"number":6193,"name":"Rua São Francisco "},"city":"Valparaíso de Goiás","state":"Paraná","country":"Brazil","postcode":75071,"coordinates":{"latitude":"-79.9042","longitude":"141.1284"},"timezone":{"offset":"-9:00","description":"Alaska"}},"email":"edinalva.araujo@example.com","login":{"uuid":"40229bf7-b24d-4427-860e-ebdb87039ef3","username":"whitetiger746","password":"1a2b3c","salt":"jq1qiCcy","md5":"e303863640f187a912ad6917b4e38405","sha1":"3f329cf5960c2cf2285eba577cfc8b4e32582c9b","sha256":"0f98061571faabe23078c1d7ae8d22d3ad20e324a021579ab7ae3baf0090f1bf"},"dob":{"date":"1991-04-11T06:12:22.736Z","age":33},"registered":{"date":"2016-12-18T15:18:03.780Z","age":7},"phone":"(40) 2699-2887","cell":"(11) 1700-3901","id":{"name":"CPF","value":"521.699.263-52"},"picture":{"large":"https://randomuser.me/api/portraits/women/54.jpg","medium":"https://randomuser.me/api/portraits/med/women/54.jpg","thumbnail":"https://randomuser.me/api/portraits/thumb/women/54.jpg"},"nat":"BR"}],"info":{"seed":"cdd91f95c1210812","results":1,"page":1,"version":"1.4"}} 
 </msg>
<msg time="2024-08-06T14:14:32.833969" level="INFO">/opt/hostedtoolcache/Python/3.12.4/x64/lib/python3.12/site-packages/urllib3/connectionpool.py:1099: InsecureRequestWarning: Unverified HTTPS request is being made to host 'randomuser.me'. Adding certificate verification is strongly advised. See: https://urllib3.readthedocs.io/en/latest/advanced-usage.html#tls-warnings
  warnings.warn(</msg>
<msg time="2024-08-06T14:14:32.834172" level="INFO">${response} = &lt;Response [200]&gt;</msg>
<var>${response}</var>
<arg>consultarAPI</arg>
<arg>/api</arg>
<doc>Sends a GET request on a previously created HTTP Session.</doc>
<status status="PASS" start="2024-08-06T14:14:32.580051" elapsed="0.254177"/>
</kw>
<kw name="Should Be Equal As Numbers" owner="BuiltIn">
<msg time="2024-08-06T14:14:32.835612" level="INFO">Argument types are:
&lt;class 'int'&gt;
&lt;class 'str'&gt;</msg>
<arg>${response.status_code}</arg>
<arg>200</arg>
<doc>Fails if objects are unequal after converting them to real numbers.</doc>
<status status="PASS" start="2024-08-06T14:14:32.834969" elapsed="0.000724"/>
</kw>
<kw name="Log" owner="BuiltIn">
<msg time="2024-08-06T14:14:32.836781" level="INFO">200</msg>
<arg>${response.status_code}</arg>
<doc>Logs the given message with the given level.</doc>
<status status="PASS" start="2024-08-06T14:14:32.836210" elapsed="0.000629"/>
</kw>
<kw name="Set Variable" owner="BuiltIn">
<msg time="2024-08-06T14:14:32.837804" level="INFO">${json_data} = {'results': [{'gender': 'female', 'name': {'title': 'Miss', 'first': 'Edinalva', 'last': 'Araújo'}, 'location': {'street': {'number': 6193, 'name': 'Rua São Francisco '}, 'city': 'Valparaíso de Goiás'...</msg>
<var>${json_data}</var>
<arg>${response.json()}</arg>
<doc>Returns the given values which can then be assigned to a variables.</doc>
<status status="PASS" start="2024-08-06T14:14:32.837274" elapsed="0.000564"/>
</kw>
<kw name="Dictionary Should Contain Key" owner="Collections">
<arg>${json_data}</arg>
<arg>results</arg>
<doc>Fails if ``key`` is not found from ``dictionary``.</doc>
<status status="PASS" start="2024-08-06T14:14:32.838225" elapsed="0.000422"/>
</kw>
<status status="PASS" start="2024-08-06T14:14:32.579794" elapsed="0.259033"/>
</kw>
<doc>Testa se a API responde corretamente e retorna um objeto JSON válido.</doc>
<tag>testeRequisicaoBasica</tag>
<status status="PASS" start="2024-08-06T14:14:32.579240" elapsed="0.259792"/>
</test>
<test id="s1-s1-t3" name="Validar estrutura de resposta" line="22">
<kw name="Teste de Estrutura de Resposta" owner="random-user-service">
<kw name="GET On Session" owner="RequestsLibrary">
<msg time="2024-08-06T14:14:32.915270" level="INFO">GET Request : url=https://randomuser.me/api 
 path_url=/api 
 headers={'User-Agent': 'python-requests/2.32.3', 'Accept-Encoding': 'gzip, deflate', 'Accept': '*/*', 'Connection': 'keep-alive'} 
 body=None 
 </msg>
<msg time="2024-08-06T14:14:32.915402" level="INFO">GET Response : url=https://randomuser.me/api 
 status=200, reason=OK 
 headers={'Date': 'Tue, 06 Aug 2024 14:14:32 GMT', 'Content-Type': 'application/json; charset=utf-8', 'Transfer-Encoding': 'chunked', 'Connection': 'keep-alive', 'X-Powered-By': 'Express', 'Access-Control-Allow-Origin': '*', 'Cache-Control': 'no-cache', 'ETag': 'W/"49e-oxOu3n46KPktLZCWL78ckrEM1lA"', 'Vary': 'Accept-Encoding', 'Content-Encoding': 'gzip', 'CF-Cache-Status': 'DYNAMIC', 'Report-To': '{"endpoints":[{"url":"https:\\/\\/a.nel.cloudflare.com\\/report\\/v4?s=2LmuyvadM15IBOYQs7GdEFfoGIMo4EruTG7SanOxJSgCwntbPz9adumhUpvCjTOzgFnD%2BiQXss5Z2rk4neLFfD%2BPnWCu0ZXxX7s1f5HYC1OM9XZJiFuCWmEbxbRNBiWg"}],"group":"cf-nel","max_age":604800}', 'NEL': '{"success_fraction":0,"report_to":"cf-nel","max_age":604800}', 'Server': 'cloudflare', 'CF-RAY': '8aefa2474c72820f-IAD', 'alt-svc': 'h3=":443"; ma=86400'} 
 body={"results":[{"gender":"male","name":{"title":"Mr","first":"Wolf-Rüdiger","last":"Haase"},"location":{"street":{"number":9277,"name":"Lerchenweg"},"city":"Erftstadt","state":"Hessen","country":"Germany","postcode":89930,"coordinates":{"latitude":"-53.2361","longitude":"-11.4407"},"timezone":{"offset":"+3:00","description":"Baghdad, Riyadh, Moscow, St. Petersburg"}},"email":"wolf-rudiger.haase@example.com","login":{"uuid":"f48e936e-feb2-46cb-925e-f268c02cd048","username":"greentiger984","password":"blessed","salt":"85ThyUTw","md5":"720f49f936b708cc58cea4b31e3ce50f","sha1":"bd7978fbd1022d5c08defc7663255fc2abf2f1ce","sha256":"1f2fd0f7096e2d02c6ca726617edd1fd650b1c514a71398bc72c609ab7c51d7a"},"dob":{"date":"1954-10-23T15:04:20.546Z","age":69},"registered":{"date":"2010-12-12T15:45:31.166Z","age":13},"phone":"0701-7802582","cell":"0170-7006622","id":{"name":"SVNR","value":"51 231054 H 336"},"picture":{"large":"https://randomuser.me/api/portraits/men/54.jpg","medium":"https://randomuser.me/api/portraits/med/men/54.jpg","thumbnail":"https://randomuser.me/api/portraits/thumb/men/54.jpg"},"nat":"DE"}],"info":{"seed":"eaea236c105826b4","results":1,"page":1,"version":"1.4"}} 
 </msg>
<msg time="2024-08-06T14:14:32.915573" level="INFO">/opt/hostedtoolcache/Python/3.12.4/x64/lib/python3.12/site-packages/urllib3/connectionpool.py:1099: InsecureRequestWarning: Unverified HTTPS request is being made to host 'randomuser.me'. Adding certificate verification is strongly advised. See: https://urllib3.readthedocs.io/en/latest/advanced-usage.html#tls-warnings
  warnings.warn(</msg>
<msg time="2024-08-06T14:14:32.915743" level="INFO">${response} = &lt;Response [200]&gt;</msg>
<var>${response}</var>
<arg>consultarAPI</arg>
<arg>/api</arg>
<doc>Sends a GET request on a previously created HTTP Session.</doc>
<status status="PASS" start="2024-08-06T14:14:32.842550" elapsed="0.073242"/>
</kw>
<kw name="Set Variable" owner="BuiltIn">
<msg time="2024-08-06T14:14:32.917045" level="INFO">${json_data} = {'results': [{'gender': 'male', 'name': {'title': 'Mr', 'first': 'Wolf-Rüdiger', 'last': 'Haase'}, 'location': {'street': {'number': 9277, 'name': 'Lerchenweg'}, 'city': 'Erftstadt', 'state': 'Hessen'...</msg>
<var>${json_data}</var>
<arg>${response.json()}</arg>
<doc>Returns the given values which can then be assigned to a variables.</doc>
<status status="PASS" start="2024-08-06T14:14:32.916420" elapsed="0.000657"/>
</kw>
<kw name="Log" owner="BuiltIn">
<msg time="2024-08-06T14:14:32.917693" level="INFO">{'results': [{'gender': 'male', 'name': {'title': 'Mr', 'first': 'Wolf-Rüdiger', 'last': 'Haase'}, 'location': {'street': {'number': 9277, 'name': 'Lerchenweg'}, 'city': 'Erftstadt', 'state': 'Hessen', 'country': 'Germany', 'postcode': 89930, 'coordinates': {'latitude': '-53.2361', 'longitude': '-11.4407'}, 'timezone': {'offset': '+3:00', 'description': 'Baghdad, Riyadh, Moscow, St. Petersburg'}}, 'email': 'wolf-rudiger.haase@example.com', 'login': {'uuid': 'f48e936e-feb2-46cb-925e-f268c02cd048', 'username': 'greentiger984', 'password': 'blessed', 'salt': '85ThyUTw', 'md5': '720f49f936b708cc58cea4b31e3ce50f', 'sha1': 'bd7978fbd1022d5c08defc7663255fc2abf2f1ce', 'sha256': '1f2fd0f7096e2d02c6ca726617edd1fd650b1c514a71398bc72c609ab7c51d7a'}, 'dob': {'date': '1954-10-23T15:04:20.546Z', 'age': 69}, 'registered': {'date': '2010-12-12T15:45:31.166Z', 'age': 13}, 'phone': '0701-7802582', 'cell': '0170-7006622', 'id': {'name': 'SVNR', 'value': '51 231054 H 336'}, 'picture': {'large': 'https://randomuser.me/api/portraits/men/54.jpg', 'medium': 'https://randomuser.me/api/portraits/med/men/54.jpg', 'thumbnail': 'https://randomuser.me/api/portraits/thumb/men/54.jpg'}, 'nat': 'DE'}], 'info': {'seed': 'eaea236c105826b4', 'results': 1, 'page': 1, 'version': '1.4'}}</msg>
<arg>${json_data}</arg>
<doc>Logs the given message with the given level.</doc>
<status status="PASS" start="2024-08-06T14:14:32.917482" elapsed="0.000268"/>
</kw>
<kw name="Dictionary Should Contain Key" owner="Collections">
<arg>${json_data}</arg>
<arg>results</arg>
<doc>Fails if ``key`` is not found from ``dictionary``.</doc>
<status status="PASS" start="2024-08-06T14:14:32.918103" elapsed="0.000187"/>
</kw>
<kw name="Should Not Be Empty" owner="BuiltIn">
<msg time="2024-08-06T14:14:32.918619" level="INFO">Length is 2.</msg>
<arg>${json_data}</arg>
<doc>Verifies that the given item is not empty.</doc>
<status status="PASS" start="2024-08-06T14:14:32.918489" elapsed="0.000170"/>
</kw>
<kw name="Create List" owner="BuiltIn">
<msg time="2024-08-06T14:14:32.919173" level="INFO">${expected_keys} = ['gender', 'name', 'location', 'email', 'login']</msg>
<var>${expected_keys}</var>
<arg>gender</arg>
<arg>name</arg>
<arg>location</arg>
<arg>email</arg>
<arg>login</arg>
<doc>Returns a list containing given items.</doc>
<status status="PASS" start="2024-08-06T14:14:32.918967" elapsed="0.000233"/>
</kw>
<for flavor="IN">
<iter>
<kw name="Dictionary Should Contain Key" owner="Collections">
<arg>${json_data['results'][0]}</arg>
<arg>${key}</arg>
<doc>Fails if ``key`` is not found from ``dictionary``.</doc>
<status status="PASS" start="2024-08-06T14:14:32.919874" elapsed="0.000455"/>
</kw>
<kw name="Log" owner="BuiltIn">
<msg time="2024-08-06T14:14:32.920897" level="INFO">{'gender': 'male', 'name': {'title': 'Mr', 'first': 'Wolf-Rüdiger', 'last': 'Haase'}, 'location': {'street': {'number': 9277, 'name': 'Lerchenweg'}, 'city': 'Erftstadt', 'state': 'Hessen', 'country': 'Germany', 'postcode': 89930, 'coordinates': {'latitude': '-53.2361', 'longitude': '-11.4407'}, 'timezone': {'offset': '+3:00', 'description': 'Baghdad, Riyadh, Moscow, St. Petersburg'}}, 'email': 'wolf-rudiger.haase@example.com', 'login': {'uuid': 'f48e936e-feb2-46cb-925e-f268c02cd048', 'username': 'greentiger984', 'password': 'blessed', 'salt': '85ThyUTw', 'md5': '720f49f936b708cc58cea4b31e3ce50f', 'sha1': 'bd7978fbd1022d5c08defc7663255fc2abf2f1ce', 'sha256': '1f2fd0f7096e2d02c6ca726617edd1fd650b1c514a71398bc72c609ab7c51d7a'}, 'dob': {'date': '1954-10-23T15:04:20.546Z', 'age': 69}, 'registered': {'date': '2010-12-12T15:45:31.166Z', 'age': 13}, 'phone': '0701-7802582', 'cell': '0170-7006622', 'id': {'name': 'SVNR', 'value': '51 231054 H 336'}, 'picture': {'large': 'https://randomuser.me/api/portraits/men/54.jpg', 'medium': 'https://randomuser.me/api/portraits/med/men/54.jpg', 'thumbnail': 'https://randomuser.me/api/portraits/thumb/men/54.jpg'}, 'nat': 'DE'}</msg>
<arg>${json_data['results'][0]}</arg>
<doc>Logs the given message with the given level.</doc>
<status status="PASS" start="2024-08-06T14:14:32.920524" elapsed="0.000424"/>
</kw>
<kw name="Log" owner="BuiltIn">
<msg time="2024-08-06T14:14:32.921396" level="INFO">gender</msg>
<arg>${key}</arg>
<doc>Logs the given message with the given level.</doc>
<status status="PASS" start="2024-08-06T14:14:32.921266" elapsed="0.000168"/>
</kw>
<var name="${key}">gender</var>
<status status="PASS" start="2024-08-06T14:14:32.919728" elapsed="0.001934"/>
</iter>
<iter>
<kw name="Dictionary Should Contain Key" owner="Collections">
<arg>${json_data['results'][0]}</arg>
<arg>${key}</arg>
<doc>Fails if ``key`` is not found from ``dictionary``.</doc>
<status status="PASS" start="2024-08-06T14:14:32.921993" elapsed="0.000409"/>
</kw>
<kw name="Log" owner="BuiltIn">
<msg time="2024-08-06T14:14:32.922984" level="INFO">{'gender': 'male', 'name': {'title': 'Mr', 'first': 'Wolf-Rüdiger', 'last': 'Haase'}, 'location': {'street': {'number': 9277, 'name': 'Lerchenweg'}, 'city': 'Erftstadt', 'state': 'Hessen', 'country': 'Germany', 'postcode': 89930, 'coordinates': {'latitude': '-53.2361', 'longitude': '-11.4407'}, 'timezone': {'offset': '+3:00', 'description': 'Baghdad, Riyadh, Moscow, St. Petersburg'}}, 'email': 'wolf-rudiger.haase@example.com', 'login': {'uuid': 'f48e936e-feb2-46cb-925e-f268c02cd048', 'username': 'greentiger984', 'password': 'blessed', 'salt': '85ThyUTw', 'md5': '720f49f936b708cc58cea4b31e3ce50f', 'sha1': 'bd7978fbd1022d5c08defc7663255fc2abf2f1ce', 'sha256': '1f2fd0f7096e2d02c6ca726617edd1fd650b1c514a71398bc72c609ab7c51d7a'}, 'dob': {'date': '1954-10-23T15:04:20.546Z', 'age': 69}, 'registered': {'date': '2010-12-12T15:45:31.166Z', 'age': 13}, 'phone': '0701-7802582', 'cell': '0170-7006622', 'id': {'name': 'SVNR', 'value': '51 231054 H 336'}, 'picture': {'large': 'https://randomuser.me/api/portraits/men/54.jpg', 'medium': 'https://randomuser.me/api/portraits/med/men/54.jpg', 'thumbnail': 'https://randomuser.me/api/portraits/thumb/men/54.jpg'}, 'nat': 'DE'}</msg>
<arg>${json_data['results'][0]}</arg>
<doc>Logs the given message with the given level.</doc>
<status status="PASS" start="2024-08-06T14:14:32.922587" elapsed="0.000459"/>
</kw>
<kw name="Log" owner="BuiltIn">
<msg time="2024-08-06T14:14:32.923498" level="INFO">name</msg>
<arg>${key}</arg>
<doc>Logs the given message with the given level.</doc>
<status status="PASS" start="2024-08-06T14:14:32.923369" elapsed="0.000167"/>
</kw>
<var name="${key}">name</var>
<status status="PASS" start="2024-08-06T14:14:32.921872" elapsed="0.001886"/>
</iter>
<iter>
<kw name="Dictionary Should Contain Key" owner="Collections">
<arg>${json_data['results'][0]}</arg>
<arg>${key}</arg>
<doc>Fails if ``key`` is not found from ``dictionary``.</doc>
<status status="PASS" start="2024-08-06T14:14:32.924060" elapsed="0.000395"/>
</kw>
<kw name="Log" owner="BuiltIn">
<msg time="2024-08-06T14:14:32.925054" level="INFO">{'gender': 'male', 'name': {'title': 'Mr', 'first': 'Wolf-Rüdiger', 'last': 'Haase'}, 'location': {'street': {'number': 9277, 'name': 'Lerchenweg'}, 'city': 'Erftstadt', 'state': 'Hessen', 'country': 'Germany', 'postcode': 89930, 'coordinates': {'latitude': '-53.2361', 'longitude': '-11.4407'}, 'timezone': {'offset': '+3:00', 'description': 'Baghdad, Riyadh, Moscow, St. Petersburg'}}, 'email': 'wolf-rudiger.haase@example.com', 'login': {'uuid': 'f48e936e-feb2-46cb-925e-f268c02cd048', 'username': 'greentiger984', 'password': 'blessed', 'salt': '85ThyUTw', 'md5': '720f49f936b708cc58cea4b31e3ce50f', 'sha1': 'bd7978fbd1022d5c08defc7663255fc2abf2f1ce', 'sha256': '1f2fd0f7096e2d02c6ca726617edd1fd650b1c514a71398bc72c609ab7c51d7a'}, 'dob': {'date': '1954-10-23T15:04:20.546Z', 'age': 69}, 'registered': {'date': '2010-12-12T15:45:31.166Z', 'age': 13}, 'phone': '0701-7802582', 'cell': '0170-7006622', 'id': {'name': 'SVNR', 'value': '51 231054 H 336'}, 'picture': {'large': 'https://randomuser.me/api/portraits/men/54.jpg', 'medium': 'https://randomuser.me/api/portraits/med/men/54.jpg', 'thumbnail': 'https://randomuser.me/api/portraits/thumb/men/54.jpg'}, 'nat': 'DE'}</msg>
<arg>${json_data['results'][0]}</arg>
<doc>Logs the given message with the given level.</doc>
<status status="PASS" start="2024-08-06T14:14:32.924664" elapsed="0.000446"/>
</kw>
<kw name="Log" owner="BuiltIn">
<msg time="2024-08-06T14:14:32.925575" level="INFO">location</msg>
<arg>${key}</arg>
<doc>Logs the given message with the given level.</doc>
<status status="PASS" start="2024-08-06T14:14:32.925444" elapsed="0.000169"/>
</kw>
<var name="${key}">location</var>
<status status="PASS" start="2024-08-06T14:14:32.923948" elapsed="0.001896"/>
</iter>
<iter>
<kw name="Dictionary Should Contain Key" owner="Collections">
<arg>${json_data['results'][0]}</arg>
<arg>${key}</arg>
<doc>Fails if ``key`` is not found from ``dictionary``.</doc>
<status status="PASS" start="2024-08-06T14:14:32.926133" elapsed="0.000379"/>
</kw>
<kw name="Log" owner="BuiltIn">
<msg time="2024-08-06T14:14:32.927212" level="INFO">{'gender': 'male', 'name': {'title': 'Mr', 'first': 'Wolf-Rüdiger', 'last': 'Haase'}, 'location': {'street': {'number': 9277, 'name': 'Lerchenweg'}, 'city': 'Erftstadt', 'state': 'Hessen', 'country': 'Germany', 'postcode': 89930, 'coordinates': {'latitude': '-53.2361', 'longitude': '-11.4407'}, 'timezone': {'offset': '+3:00', 'description': 'Baghdad, Riyadh, Moscow, St. Petersburg'}}, 'email': 'wolf-rudiger.haase@example.com', 'login': {'uuid': 'f48e936e-feb2-46cb-925e-f268c02cd048', 'username': 'greentiger984', 'password': 'blessed', 'salt': '85ThyUTw', 'md5': '720f49f936b708cc58cea4b31e3ce50f', 'sha1': 'bd7978fbd1022d5c08defc7663255fc2abf2f1ce', 'sha256': '1f2fd0f7096e2d02c6ca726617edd1fd650b1c514a71398bc72c609ab7c51d7a'}, 'dob': {'date': '1954-10-23T15:04:20.546Z', 'age': 69}, 'registered': {'date': '2010-12-12T15:45:31.166Z', 'age': 13}, 'phone': '0701-7802582', 'cell': '0170-7006622', 'id': {'name': 'SVNR', 'value': '51 231054 H 336'}, 'picture': {'large': 'https://randomuser.me/api/portraits/men/54.jpg', 'medium': 'https://randomuser.me/api/portraits/med/men/54.jpg', 'thumbnail': 'https://randomuser.me/api/portraits/thumb/men/54.jpg'}, 'nat': 'DE'}</msg>
<arg>${json_data['results'][0]}</arg>
<doc>Logs the given message with the given level.</doc>
<status status="PASS" start="2024-08-06T14:14:32.926834" elapsed="0.000429"/>
</kw>
<kw name="Log" owner="BuiltIn">
<msg time="2024-08-06T14:14:32.927692" level="INFO">email</msg>
<arg>${key}</arg>
<doc>Logs the given message with the given level.</doc>
<status status="PASS" start="2024-08-06T14:14:32.927563" elapsed="0.000168"/>
</kw>
<var name="${key}">email</var>
<status status="PASS" start="2024-08-06T14:14:32.926024" elapsed="0.001925"/>
</iter>
<iter>
<kw name="Dictionary Should Contain Key" owner="Collections">
<arg>${json_data['results'][0]}</arg>
<arg>${key}</arg>
<doc>Fails if ``key`` is not found from ``dictionary``.</doc>
<status status="PASS" start="2024-08-06T14:14:32.928249" elapsed="0.000379"/>
</kw>
<kw name="Log" owner="BuiltIn">
<msg time="2024-08-06T14:14:32.929171" level="INFO">{'gender': 'male', 'name': {'title': 'Mr', 'first': 'Wolf-Rüdiger', 'last': 'Haase'}, 'location': {'street': {'number': 9277, 'name': 'Lerchenweg'}, 'city': 'Erftstadt', 'state': 'Hessen', 'country': 'Germany', 'postcode': 89930, 'coordinates': {'latitude': '-53.2361', 'longitude': '-11.4407'}, 'timezone': {'offset': '+3:00', 'description': 'Baghdad, Riyadh, Moscow, St. Petersburg'}}, 'email': 'wolf-rudiger.haase@example.com', 'login': {'uuid': 'f48e936e-feb2-46cb-925e-f268c02cd048', 'username': 'greentiger984', 'password': 'blessed', 'salt': '85ThyUTw', 'md5': '720f49f936b708cc58cea4b31e3ce50f', 'sha1': 'bd7978fbd1022d5c08defc7663255fc2abf2f1ce', 'sha256': '1f2fd0f7096e2d02c6ca726617edd1fd650b1c514a71398bc72c609ab7c51d7a'}, 'dob': {'date': '1954-10-23T15:04:20.546Z', 'age': 69}, 'registered': {'date': '2010-12-12T15:45:31.166Z', 'age': 13}, 'phone': '0701-7802582', 'cell': '0170-7006622', 'id': {'name': 'SVNR', 'value': '51 231054 H 336'}, 'picture': {'large': 'https://randomuser.me/api/portraits/men/54.jpg', 'medium': 'https://randomuser.me/api/portraits/med/men/54.jpg', 'thumbnail': 'https://randomuser.me/api/portraits/thumb/men/54.jpg'}, 'nat': 'DE'}</msg>
<arg>${json_data['results'][0]}</arg>
<doc>Logs the given message with the given level.</doc>
<status status="PASS" start="2024-08-06T14:14:32.928813" elapsed="0.000417"/>
</kw>
<kw name="Log" owner="BuiltIn">
<msg time="2024-08-06T14:14:32.929654" level="INFO">login</msg>
<arg>${key}</arg>
<doc>Logs the given message with the given level.</doc>
<status status="PASS" start="2024-08-06T14:14:32.929526" elapsed="0.000166"/>
</kw>
<var name="${key}">login</var>
<status status="PASS" start="2024-08-06T14:14:32.928135" elapsed="0.001770"/>
</iter>
<var>${key}</var>
<value>@{expected_keys}</value>
<status status="PASS" start="2024-08-06T14:14:32.919497" elapsed="0.010531"/>
</for>
<kw name="Create List" owner="BuiltIn">
<msg time="2024-08-06T14:14:32.930411" level="INFO">${expected_keysTwo} = ['username', 'password']</msg>
<var>${expected_keysTwo}</var>
<arg>username</arg>
<arg>password</arg>
<doc>Returns a list containing given items.</doc>
<status status="PASS" start="2024-08-06T14:14:32.930263" elapsed="0.000176"/>
</kw>
<for flavor="IN">
<iter>
<kw name="Dictionary Should Contain Key" owner="Collections">
<arg>${json_data['results'][0]['login']}</arg>
<arg>${keyTwo}</arg>
<doc>Fails if ``key`` is not found from ``dictionary``.</doc>
<status status="PASS" start="2024-08-06T14:14:32.930975" elapsed="0.000410"/>
</kw>
<kw name="Dictionary Should Contain Key" owner="Collections">
<arg>${json_data['results'][0]['login']}</arg>
<arg>${keyTwo}</arg>
<doc>Fails if ``key`` is not found from ``dictionary``.</doc>
<status status="PASS" start="2024-08-06T14:14:32.931573" elapsed="0.000381"/>
</kw>
<kw name="Log" owner="BuiltIn">
<msg time="2024-08-06T14:14:32.932248" level="INFO">username</msg>
<arg>${keyTwo}</arg>
<doc>Logs the given message with the given level.</doc>
<status status="PASS" start="2024-08-06T14:14:32.932129" elapsed="0.000157"/>
</kw>
<var name="${keyTwo}">username</var>
<status status="PASS" start="2024-08-06T14:14:32.930866" elapsed="0.001639"/>
</iter>
<iter>
<kw name="Dictionary Should Contain Key" owner="Collections">
<arg>${json_data['results'][0]['login']}</arg>
<arg>${keyTwo}</arg>
<doc>Fails if ``key`` is not found from ``dictionary``.</doc>
<status status="PASS" start="2024-08-06T14:14:32.932785" elapsed="0.000387"/>
</kw>
<kw name="Dictionary Should Contain Key" owner="Collections">
<arg>${json_data['results'][0]['login']}</arg>
<arg>${keyTwo}</arg>
<doc>Fails if ``key`` is not found from ``dictionary``.</doc>
<status status="PASS" start="2024-08-06T14:14:32.933350" elapsed="0.000365"/>
</kw>
<kw name="Log" owner="BuiltIn">
<msg time="2024-08-06T14:14:32.934007" level="INFO">password</msg>
<arg>${keyTwo}</arg>
<doc>Logs the given message with the given level.</doc>
<status status="PASS" start="2024-08-06T14:14:32.933889" elapsed="0.000156"/>
</kw>
<var name="${keyTwo}">password</var>
<status status="PASS" start="2024-08-06T14:14:32.932680" elapsed="0.001588"/>
</iter>
<var>${keyTwo}</var>
<value>@{expected_keysTwo}</value>
<status status="PASS" start="2024-08-06T14:14:32.930698" elapsed="0.003692"/>
</for>
<status status="PASS" start="2024-08-06T14:14:32.842237" elapsed="0.092300"/>
</kw>
<doc>Testa a estrutura da resposta da API.</doc>
<tag>testeEstruturaResposta</tag>
<status status="PASS" start="2024-08-06T14:14:32.841526" elapsed="0.093174"/>
</test>
<test id="s1-s1-t4" name="Validar tipos de dados" line="28">
<kw name="Teste de Tipos de Dados" owner="random-user-service">
<kw name="GET On Session" owner="RequestsLibrary">
<msg time="2024-08-06T14:14:33.071241" level="INFO">GET Request : url=https://randomuser.me/api 
 path_url=/api 
 headers={'User-Agent': 'python-requests/2.32.3', 'Accept-Encoding': 'gzip, deflate', 'Accept': '*/*', 'Connection': 'keep-alive'} 
 body=None 
 </msg>
<msg time="2024-08-06T14:14:33.071346" level="INFO">GET Response : url=https://randomuser.me/api 
 status=200, reason=OK 
 headers={'Date': 'Tue, 06 Aug 2024 14:14:33 GMT', 'Content-Type': 'application/json; charset=utf-8', 'Transfer-Encoding': 'chunked', 'Connection': 'keep-alive', 'X-Powered-By': 'Express', 'Access-Control-Allow-Origin': '*', 'Cache-Control': 'no-cache', 'ETag': 'W/"496-PL5TaHxE7B05jDokuzM+MNDMq7g"', 'Vary': 'Accept-Encoding', 'Content-Encoding': 'gzip', 'CF-Cache-Status': 'DYNAMIC', 'Report-To': '{"endpoints":[{"url":"https:\\/\\/a.nel.cloudflare.com\\/report\\/v4?s=pogrlaGAzFNPcUGLQb3Xz9MKI%2BmYQtk0lyhkMkt85mHOtlwtoB8h6SdbXSx6LYO6EMd2s%2Bm0YSSo4KKmtS26DUhF4IbGXZBpoT%2FTx6iltp02q9NFlbL31fRw8d%2BdsTjZ"}],"group":"cf-nel","max_age":604800}', 'NEL': '{"success_fraction":0,"report_to":"cf-nel","max_age":604800}', 'Server': 'cloudflare', 'CF-RAY': '8aefa247dcff820f-IAD', 'alt-svc': 'h3=":443"; ma=86400'} 
 body={"results":[{"gender":"female","name":{"title":"Ms","first":"Sophia","last":"Anderson"},"location":{"street":{"number":458,"name":"Grand Ave"},"city":"Trout Lake","state":"Alberta","country":"Canada","postcode":"P1K 2I1","coordinates":{"latitude":"-66.0305","longitude":"108.5213"},"timezone":{"offset":"-6:00","description":"Central Time (US &amp; Canada), Mexico City"}},"email":"sophia.anderson@example.com","login":{"uuid":"e0f308e0-fec4-4a83-97bb-09f8ddf3e268","username":"sadbear613","password":"puppy","salt":"6VtMHlZB","md5":"d1e4608d839cf66aaf88b216cdee5c97","sha1":"4544563ac25bbd4e9600392d6414cfe76960bef1","sha256":"d1e5616746e1356a70d1bb1cd8abee5e430ada60ed53ab15a7a03d58f30dac6c"},"dob":{"date":"1998-01-05T09:23:15.234Z","age":26},"registered":{"date":"2013-06-02T21:21:02.217Z","age":11},"phone":"W92 Y13-5957","cell":"B17 A65-4381","id":{"name":"SIN","value":"083068130"},"picture":{"large":"https://randomuser.me/api/portraits/women/79.jpg","medium":"https://randomuser.me/api/portraits/med/women/79.jpg","thumbnail":"https://randomuser.me/api/portraits/thumb/women/79.jpg"},"nat":"CA"}],"info":{"seed":"a47f23b5d3fdd505","results":1,"page":1,"version":"1.4"}} 
 </msg>
<msg time="2024-08-06T14:14:33.071426" level="INFO">/opt/hostedtoolcache/Python/3.12.4/x64/lib/python3.12/site-packages/urllib3/connectionpool.py:1099: InsecureRequestWarning: Unverified HTTPS request is being made to host 'randomuser.me'. Adding certificate verification is strongly advised. See: https://urllib3.readthedocs.io/en/latest/advanced-usage.html#tls-warnings
  warnings.warn(</msg>
<msg time="2024-08-06T14:14:33.071574" level="INFO">${response} = &lt;Response [200]&gt;</msg>
<var>${response}</var>
<arg>consultarAPI</arg>
<arg>/api</arg>
<doc>Sends a GET request on a previously created HTTP Session.</doc>
<status status="PASS" start="2024-08-06T14:14:32.937362" elapsed="0.134255"/>
</kw>
<kw name="Set Variable" owner="BuiltIn">
<msg time="2024-08-06T14:14:33.072723" level="INFO">${json_data} = {'results': [{'gender': 'female', 'name': {'title': 'Ms', 'first': 'Sophia', 'last': 'Anderson'}, 'location': {'street': {'number': 458, 'name': 'Grand Ave'}, 'city': 'Trout Lake', 'state': 'Alberta',...</msg>
<var>${json_data}</var>
<arg>${response.json()}</arg>
<doc>Returns the given values which can then be assigned to a variables.</doc>
<status status="PASS" start="2024-08-06T14:14:33.072169" elapsed="0.000583"/>
</kw>
<kw name="Log" owner="BuiltIn">
<msg time="2024-08-06T14:14:33.073275" level="INFO">{'results': [{'gender': 'female', 'name': {'title': 'Ms', 'first': 'Sophia', 'last': 'Anderson'}, 'location': {'street': {'number': 458, 'name': 'Grand Ave'}, 'city': 'Trout Lake', 'state': 'Alberta', 'country': 'Canada', 'postcode': 'P1K 2I1', 'coordinates': {'latitude': '-66.0305', 'longitude': '108.5213'}, 'timezone': {'offset': '-6:00', 'description': 'Central Time (US &amp; Canada), Mexico City'}}, 'email': 'sophia.anderson@example.com', 'login': {'uuid': 'e0f308e0-fec4-4a83-97bb-09f8ddf3e268', 'username': 'sadbear613', 'password': 'puppy', 'salt': '6VtMHlZB', 'md5': 'd1e4608d839cf66aaf88b216cdee5c97', 'sha1': '4544563ac25bbd4e9600392d6414cfe76960bef1', 'sha256': 'd1e5616746e1356a70d1bb1cd8abee5e430ada60ed53ab15a7a03d58f30dac6c'}, 'dob': {'date': '1998-01-05T09:23:15.234Z', 'age': 26}, 'registered': {'date': '2013-06-02T21:21:02.217Z', 'age': 11}, 'phone': 'W92 Y13-5957', 'cell': 'B17 A65-4381', 'id': {'name': 'SIN', 'value': '083068130'}, 'picture': {'large': 'https://randomuser.me/api/portraits/women/79.jpg', 'medium': 'https://randomuser.me/api/portraits/med/women/79.jpg', 'thumbnail': 'https://randomuser.me/api/portraits/thumb/women/79.jpg'}, 'nat': 'CA'}], 'info': {'seed': 'a47f23b5d3fdd505', 'results': 1, 'page': 1, 'version': '1.4'}}</msg>
<arg>${json_data}</arg>
<doc>Logs the given message with the given level.</doc>
<status status="PASS" start="2024-08-06T14:14:33.073104" elapsed="0.000224"/>
</kw>
<kw name="Should Be String" owner="String">
<arg>${json_data['results'][0]['gender']}</arg>
<doc>Fails if the given ``item`` is not a string.</doc>
<status status="PASS" start="2024-08-06T14:14:33.073652" elapsed="0.000376"/>
</kw>
<kw name="Should Match Regexp" owner="BuiltIn">
<arg>${json_data['results'][0]['email']}</arg>
<arg>^[a-zA-Z0-9._%+-]+@[a-zA-Z0-9.-]+\.[a-zA-Z]{2,}$</arg>
<doc>Fails if ``string`` does not match ``pattern`` as a regular expression.</doc>
<status status="PASS" start="2024-08-06T14:14:33.074265" elapsed="0.000534"/>
</kw>
<kw name="Should Match Regexp" owner="BuiltIn">
<arg>${json_data['results'][0]['dob']['date']}</arg>
<arg>\\d{4}-\\d{2}-\\d{2}T\\d{2}:\\d{2}:\\d{2}\\.\\d{3}Z</arg>
<doc>Fails if ``string`` does not match ``pattern`` as a regular expression.</doc>
<status status="PASS" start="2024-08-06T14:14:33.075000" elapsed="0.000717"/>
</kw>
<kw name="Should Match Regexp" owner="BuiltIn">
<arg>${json_data['results'][0]['registered']['date']}</arg>
<arg>\\d{4}-\\d{2}-\\d{2}T\\d{2}:\\d{2}:\\d{2}\\.\\d{3}Z</arg>
<doc>Fails if ``string`` does not match ``pattern`` as a regular expression.</doc>
<status status="PASS" start="2024-08-06T14:14:33.075920" elapsed="0.000375"/>
</kw>
<kw name="Should Match Regexp" owner="BuiltIn">
<arg>${json_data['results'][0]['picture']['large']}</arg>
<arg>^https?://.*\.(?:png|jpe?g|gif|bmp)$</arg>
<doc>Fails if ``string`` does not match ``pattern`` as a regular expression.</doc>
<status status="PASS" start="2024-08-06T14:14:33.076480" elapsed="0.000459"/>
</kw>
<kw name="Should Match Regexp" owner="BuiltIn">
<arg>${json_data['results'][0]['picture']['medium']}</arg>
<arg>^https?://.*\.(?:png|jpe?g|gif|bmp)$</arg>
<doc>Fails if ``string`` does not match ``pattern`` as a regular expression.</doc>
<status status="PASS" start="2024-08-06T14:14:33.077126" elapsed="0.000361"/>
</kw>
<kw name="Should Match Regexp" owner="BuiltIn">
<arg>${json_data['results'][0]['picture']['thumbnail']}</arg>
<arg>^https?://.*\.(?:png|jpe?g|gif|bmp)$</arg>
<doc>Fails if ``string`` does not match ``pattern`` as a regular expression.</doc>
<status status="PASS" start="2024-08-06T14:14:33.077670" elapsed="0.000346"/>
</kw>
<kw name="Log" owner="BuiltIn">
<msg time="2024-08-06T14:14:33.078518" level="INFO">{'large': 'https://randomuser.me/api/portraits/women/79.jpg', 'medium': 'https://randomuser.me/api/portraits/med/women/79.jpg', 'thumbnail': 'https://randomuser.me/api/portraits/thumb/women/79.jpg'}</msg>
<arg>${json_data['results'][0]['picture']}</arg>
<doc>Logs the given message with the given level.</doc>
<status status="PASS" start="2024-08-06T14:14:33.078197" elapsed="0.000364"/>
</kw>
<status status="PASS" start="2024-08-06T14:14:32.937109" elapsed="0.141720"/>
</kw>
<kw name="Teste de Tipos de Dados - Postcode" owner="random-user-service">
<kw name="GET On Session" owner="RequestsLibrary">
<msg time="2024-08-06T14:14:33.208607" level="INFO">GET Request : url=https://randomuser.me/api 
 path_url=/api 
 headers={'User-Agent': 'python-requests/2.32.3', 'Accept-Encoding': 'gzip, deflate', 'Accept': '*/*', 'Connection': 'keep-alive'} 
 body=None 
 </msg>
<msg time="2024-08-06T14:14:33.208726" level="INFO">GET Response : url=https://randomuser.me/api 
 status=200, reason=OK 
 headers={'Date': 'Tue, 06 Aug 2024 14:14:33 GMT', 'Content-Type': 'application/json; charset=utf-8', 'Transfer-Encoding': 'chunked', 'Connection': 'keep-alive', 'X-Powered-By': 'Express', 'Access-Control-Allow-Origin': '*', 'Cache-Control': 'no-cache', 'ETag': 'W/"49e-86fnQRSWSEnZ6LcGtB7xAMLY728"', 'Vary': 'Accept-Encoding', 'Content-Encoding': 'gzip', 'CF-Cache-Status': 'DYNAMIC', 'Report-To': '{"endpoints":[{"url":"https:\\/\\/a.nel.cloudflare.com\\/report\\/v4?s=MGHmjm7xcydHLBpl0NnihJwh%2FYpe%2BAvDuETGXuNNHvj6EZkTmMUkRvKdHI7%2FFA6PMtEACqjpdSCq38hvE7%2BashnOU91GPVOp2IfXYfN5Bgw6J2%2BpUQITLmOKf10vGnnF"}],"group":"cf-nel","max_age":604800}', 'NEL': '{"success_fraction":0,"report_to":"cf-nel","max_age":604800}', 'Server': 'cloudflare', 'CF-RAY': '8aefa248cdf3820f-IAD', 'alt-svc': 'h3=":443"; ma=86400'} 
 body={"results":[{"gender":"female","name":{"title":"Mrs","first":"Angélica","last":"Cardoso"},"location":{"street":{"number":2129,"name":"Avenida Vinícius de Morais"},"city":"Criciúma","state":"Espírito Santo","country":"Brazil","postcode":76685,"coordinates":{"latitude":"-75.0870","longitude":"3.3869"},"timezone":{"offset":"-10:00","description":"Hawaii"}},"email":"angelica.cardoso@example.com","login":{"uuid":"12913144-b9f0-433a-860d-0d6687ef3e4b","username":"ticklishbear884","password":"426hemi","salt":"K7dplPbz","md5":"c9d1ca18bf3cb5a911d87096fdaf2b01","sha1":"94cc25ceaadf9f2d50ac35487154bb5e98a8fee4","sha256":"d6ab130d44cb3da1c24f32fd367b0d415a65d2a11f1e2bbe79e677608261e581"},"dob":{"date":"1968-01-24T15:44:25.343Z","age":56},"registered":{"date":"2010-03-13T04:44:37.915Z","age":14},"phone":"(48) 9292-6530","cell":"(17) 5315-8898","id":{"name":"CPF","value":"136.762.545-66"},"picture":{"large":"https://randomuser.me/api/portraits/women/50.jpg","medium":"https://randomuser.me/api/portraits/med/women/50.jpg","thumbnail":"https://randomuser.me/api/portraits/thumb/women/50.jpg"},"nat":"BR"}],"info":{"seed":"670d59781bf5174a","results":1,"page":1,"version":"1.4"}} 
 </msg>
<msg time="2024-08-06T14:14:33.208812" level="INFO">/opt/hostedtoolcache/Python/3.12.4/x64/lib/python3.12/site-packages/urllib3/connectionpool.py:1099: InsecureRequestWarning: Unverified HTTPS request is being made to host 'randomuser.me'. Adding certificate verification is strongly advised. See: https://urllib3.readthedocs.io/en/latest/advanced-usage.html#tls-warnings
  warnings.warn(</msg>
<msg time="2024-08-06T14:14:33.208975" level="INFO">${response} = &lt;Response [200]&gt;</msg>
<var>${response}</var>
<arg>consultarAPI</arg>
<arg>/api</arg>
<doc>Sends a GET request on a previously created HTTP Session.</doc>
<status status="PASS" start="2024-08-06T14:14:33.079320" elapsed="0.129703"/>
</kw>
<kw name="Set Variable" owner="BuiltIn">
<msg time="2024-08-06T14:14:33.210182" level="INFO">${json_data} = {'results': [{'gender': 'female', 'name': {'title': 'Mrs', 'first': 'Angélica', 'last': 'Cardoso'}, 'location': {'street': {'number': 2129, 'name': 'Avenida Vinícius de Morais'}, 'city': 'Criciúma', '...</msg>
<var>${json_data}</var>
<arg>${response.json()}</arg>
<doc>Returns the given values which can then be assigned to a variables.</doc>
<status status="PASS" start="2024-08-06T14:14:33.209622" elapsed="0.000590"/>
</kw>
<kw name="Log" owner="BuiltIn">
<msg time="2024-08-06T14:14:33.210679" level="INFO">{'results': [{'gender': 'female', 'name': {'title': 'Mrs', 'first': 'Angélica', 'last': 'Cardoso'}, 'location': {'street': {'number': 2129, 'name': 'Avenida Vinícius de Morais'}, 'city': 'Criciúma', 'state': 'Espírito Santo', 'country': 'Brazil', 'postcode': 76685, 'coordinates': {'latitude': '-75.0870', 'longitude': '3.3869'}, 'timezone': {'offset': '-10:00', 'description': 'Hawaii'}}, 'email': 'angelica.cardoso@example.com', 'login': {'uuid': '12913144-b9f0-433a-860d-0d6687ef3e4b', 'username': 'ticklishbear884', 'password': '426hemi', 'salt': 'K7dplPbz', 'md5': 'c9d1ca18bf3cb5a911d87096fdaf2b01', 'sha1': '94cc25ceaadf9f2d50ac35487154bb5e98a8fee4', 'sha256': 'd6ab130d44cb3da1c24f32fd367b0d415a65d2a11f1e2bbe79e677608261e581'}, 'dob': {'date': '1968-01-24T15:44:25.343Z', 'age': 56}, 'registered': {'date': '2010-03-13T04:44:37.915Z', 'age': 14}, 'phone': '(48) 9292-6530', 'cell': '(17) 5315-8898', 'id': {'name': 'CPF', 'value': '136.762.545-66'}, 'picture': {'large': 'https://randomuser.me/api/portraits/women/50.jpg', 'medium': 'https://randomuser.me/api/portraits/med/women/50.jpg', 'thumbnail': 'https://randomuser.me/api/portraits/thumb/women/50.jpg'}, 'nat': 'BR'}], 'info': {'seed': '670d59781bf5174a', 'results': 1, 'page': 1, 'version': '1.4'}}</msg>
<arg>${json_data}</arg>
<doc>Logs the given message with the given level.</doc>
<status status="PASS" start="2024-08-06T14:14:33.210518" elapsed="0.000211"/>
</kw>
<kw name="Should Be Equal As Numbers" owner="BuiltIn">
<arg>${json_data['results'][0]['location']['postcode']}</arg>
<arg>${json_data['results'][0]['location']['postcode']}</arg>
<doc>Fails if objects are unequal after converting them to real numbers.</doc>
<status status="PASS" start="2024-08-06T14:14:33.211029" elapsed="0.000682"/>
</kw>
<kw name="Log" owner="BuiltIn">
<msg time="2024-08-06T14:14:33.212275" level="INFO">76685</msg>
<arg>${json_data['results'][0]['location']['postcode']}</arg>
<doc>Logs the given message with the given level.</doc>
<status status="PASS" start="2024-08-06T14:14:33.211937" elapsed="0.000379"/>
</kw>
<status status="PASS" start="2024-08-06T14:14:33.079083" elapsed="0.133493"/>
</kw>
<doc>Testa se os tipos de dados na resposta da API estão corretos.</doc>
<tag>testeTiposDados</tag>
<status status="PASS" start="2024-08-06T14:14:32.936505" elapsed="0.276247"/>
</test>
<test id="s1-s1-t5" name="Validar conteudo" line="35">
<kw name="Teste de Tipos de Conteudo" owner="random-user-service">
<kw name="GET On Session" owner="RequestsLibrary">
<msg time="2024-08-06T14:14:33.295764" level="INFO">GET Request : url=https://randomuser.me/api 
 path_url=/api 
 headers={'User-Agent': 'python-requests/2.32.3', 'Accept-Encoding': 'gzip, deflate', 'Accept': '*/*', 'Connection': 'keep-alive'} 
 body=None 
 </msg>
<msg time="2024-08-06T14:14:33.295865" level="INFO">GET Response : url=https://randomuser.me/api 
 status=200, reason=OK 
 headers={'Date': 'Tue, 06 Aug 2024 14:14:33 GMT', 'Content-Type': 'application/json; charset=utf-8', 'Transfer-Encoding': 'chunked', 'Connection': 'keep-alive', 'X-Powered-By': 'Express', 'Access-Control-Allow-Origin': '*', 'Cache-Control': 'no-cache', 'ETag': 'W/"4a0-iQ/0tmdX5wl/RvaPJU/2ATh/rk0"', 'Vary': 'Accept-Encoding', 'Content-Encoding': 'gzip', 'CF-Cache-Status': 'DYNAMIC', 'Report-To': '{"endpoints":[{"url":"https:\\/\\/a.nel.cloudflare.com\\/report\\/v4?s=wLGsBjdtS4OsSji%2FM47BY4L%2FG3fA%2FBneDMkoICKZtVA81ea05XeAstAX4l0wmErLepxjbEeN3xsI59LLb2hyF48nYOAJMtL4PYTYIrOOlcYbuZu%2FjdyrlDeBMUnbsDlm"}],"group":"cf-nel","max_age":604800}', 'NEL': '{"success_fraction":0,"report_to":"cf-nel","max_age":604800}', 'Server': 'cloudflare', 'CF-RAY': '8aefa2499ef2820f-IAD', 'alt-svc': 'h3=":443"; ma=86400'} 
 body={"results":[{"gender":"male","name":{"title":"Mr","first":"Lance","last":"Hanson"},"location":{"street":{"number":525,"name":"Brick Kiln Road"},"city":"Chichester","state":"Borders","country":"United Kingdom","postcode":"N0 2TU","coordinates":{"latitude":"-8.1826","longitude":"-58.9387"},"timezone":{"offset":"-5:00","description":"Eastern Time (US &amp; Canada), Bogota, Lima"}},"email":"lance.hanson@example.com","login":{"uuid":"95301304-2f0b-4cf9-ac4d-ec8e358b36f9","username":"goldensnake942","password":"roberta","salt":"j0cUW0IA","md5":"14089747c6e300918cc6f8073a27b5ad","sha1":"af437ec6c10ec46ae1f19ac585f9c7d7478a96ba","sha256":"83279cac977281d3d266fc1c9599ffc73828d376fc5728e4aacb7f7be6ddb2f7"},"dob":{"date":"1990-01-16T20:51:25.036Z","age":34},"registered":{"date":"2013-03-04T08:11:01.440Z","age":11},"phone":"019467 48160","cell":"07227 952136","id":{"name":"NINO","value":"XE 76 41 75 N"},"picture":{"large":"https://randomuser.me/api/portraits/men/88.jpg","medium":"https://randomuser.me/api/portraits/med/men/88.jpg","thumbnail":"https://randomuser.me/api/portraits/thumb/men/88.jpg"},"nat":"GB"}],"info":{"seed":"e7ee3171387cad52","results":1,"page":1,"version":"1.4"}} 
 </msg>
<msg time="2024-08-06T14:14:33.295944" level="INFO">/opt/hostedtoolcache/Python/3.12.4/x64/lib/python3.12/site-packages/urllib3/connectionpool.py:1099: InsecureRequestWarning: Unverified HTTPS request is being made to host 'randomuser.me'. Adding certificate verification is strongly advised. See: https://urllib3.readthedocs.io/en/latest/advanced-usage.html#tls-warnings
  warnings.warn(</msg>
<msg time="2024-08-06T14:14:33.296089" level="INFO">${response} = &lt;Response [200]&gt;</msg>
<var>${response}</var>
<arg>consultarAPI</arg>
<arg>/api</arg>
<doc>Sends a GET request on a previously created HTTP Session.</doc>
<status status="PASS" start="2024-08-06T14:14:33.215320" elapsed="0.080823"/>
</kw>
<kw name="Set Variable" owner="BuiltIn">
<msg time="2024-08-06T14:14:33.297225" level="INFO">${json_data} = {'results': [{'gender': 'male', 'name': {'title': 'Mr', 'first': 'Lance', 'last': 'Hanson'}, 'location': {'street': {'number': 525, 'name': 'Brick Kiln Road'}, 'city': 'Chichester', 'state': 'Borders'...</msg>
<var>${json_data}</var>
<arg>${response.json()}</arg>
<doc>Returns the given values which can then be assigned to a variables.</doc>
<status status="PASS" start="2024-08-06T14:14:33.296697" elapsed="0.000557"/>
</kw>
<kw name="Set Variable" owner="BuiltIn">
<msg time="2024-08-06T14:14:33.297934" level="INFO">${name_title} = Mr</msg>
<var>${name_title}</var>
<arg>${json_data["results"][0]["name"]["title"]}</arg>
<doc>Returns the given values which can then be assigned to a variables.</doc>
<status status="PASS" start="2024-08-06T14:14:33.297560" elapsed="0.000401"/>
</kw>
<kw name="Create List" owner="BuiltIn">
<msg time="2024-08-06T14:14:33.298412" level="INFO">${allowed_titles} = ['Mr', 'Ms', 'Miss', 'Mrs', 'Madame', 'Monsieur']</msg>
<var>${allowed_titles}</var>
<arg>Mr</arg>
<arg>Ms</arg>
<arg>Miss</arg>
<arg>Mrs</arg>
<arg>Madame</arg>
<arg>Monsieur</arg>
<doc>Returns a list containing given items.</doc>
<status status="PASS" start="2024-08-06T14:14:33.298262" elapsed="0.000175"/>
</kw>
<kw name="List Should Contain Value" owner="Collections">
<arg>${allowed_titles}</arg>
<arg>${name_title}</arg>
<doc>Fails if the ``value`` is not found from ``list``.</doc>
<status status="PASS" start="2024-08-06T14:14:33.298743" elapsed="0.000183"/>
</kw>
<kw name="Set Variable" owner="BuiltIn">
<msg time="2024-08-06T14:14:33.299537" level="INFO">${name_country} = GB</msg>
<var>${name_country}</var>
<arg>${json_data["results"][0]["nat"]}</arg>
<doc>Returns the given values which can then be assigned to a variables.</doc>
<status status="PASS" start="2024-08-06T14:14:33.299159" elapsed="0.000403"/>
</kw>
<kw name="Create List" owner="BuiltIn">
<msg time="2024-08-06T14:14:33.300456" level="INFO">${list_country} = ['AD', 'AE', 'AF', 'AG', 'AI', 'AL', 'AM', 'AO', 'AQ', 'AR', 'AS', 'AT', 'AU', 'AW', 'AX', 'AZ', 'BA', 'BB', 'BD', 'BE', 'BF', 'BG', 'BH', 'BI', 'BJ', 'BL', 'BM', 'BN', 'BO', 'BQ', 'BR', 'BS', 'BT', '...</msg>
<var>${list_country}</var>
<arg>AD</arg>
<arg>AE</arg>
<arg>AF</arg>
<arg>AG</arg>
<arg>AI</arg>
<arg>AL</arg>
<arg>AM</arg>
<arg>AO</arg>
<arg>AQ</arg>
<arg>AR</arg>
<arg>AS</arg>
<arg>AT</arg>
<arg>AU</arg>
<arg>AW</arg>
<arg>AX</arg>
<arg>AZ</arg>
<arg>BA</arg>
<arg>BB</arg>
<arg>BD</arg>
<arg>BE</arg>
<arg>BF</arg>
<arg>BG</arg>
<arg>BH</arg>
<arg>BI</arg>
<arg>BJ</arg>
<arg>BL</arg>
<arg>BM</arg>
<arg>BN</arg>
<arg>BO</arg>
<arg>BQ</arg>
<arg>BR</arg>
<arg>BS</arg>
<arg>BT</arg>
<arg>BV</arg>
<arg>BW</arg>
<arg>BY</arg>
<arg>BZ</arg>
<arg>CA</arg>
<arg>CC</arg>
<arg>CD</arg>
<arg>CF</arg>
<arg>CG</arg>
<arg>CH</arg>
<arg>CI</arg>
<arg>CK</arg>
<arg>CL</arg>
<arg>CM</arg>
<arg>CN</arg>
<arg>CO</arg>
<arg>CR</arg>
<arg>CU</arg>
<arg>CV</arg>
<arg>CW</arg>
<arg>CX</arg>
<arg>CY</arg>
<arg>CZ</arg>
<arg>DE</arg>
<arg>DJ</arg>
<arg>DK</arg>
<arg>DM</arg>
<arg>DO</arg>
<arg>DZ</arg>
<arg>EC</arg>
<arg>EE</arg>
<arg>EG</arg>
<arg>EH</arg>
<arg>ER</arg>
<arg>ES</arg>
<arg>ET</arg>
<arg>FI</arg>
<arg>FJ</arg>
<arg>FK</arg>
<arg>FM</arg>
<arg>FO</arg>
<arg>FR</arg>
<arg>GA</arg>
<arg>GB</arg>
<arg>GD</arg>
<arg>GE</arg>
<arg>GF</arg>
<arg>GG</arg>
<arg>GH</arg>
<arg>GI</arg>
<arg>GL</arg>
<arg>GM</arg>
<arg>GN</arg>
<arg>GP</arg>
<arg>GQ</arg>
<arg>GR</arg>
<arg>GS</arg>
<arg>GT</arg>
<arg>GU</arg>
<arg>GW</arg>
<arg>GY</arg>
<arg>HK</arg>
<arg>HM</arg>
<arg>HN</arg>
<arg>HR</arg>
<arg>HT</arg>
<arg>HU</arg>
<arg>ID</arg>
<arg>IE</arg>
<arg>IL</arg>
<arg>IM</arg>
<arg>IN</arg>
<arg>IO</arg>
<arg>IQ</arg>
<arg>IR</arg>
<arg>IS</arg>
<arg>IT</arg>
<arg>JE</arg>
<arg>JM</arg>
<arg>JO</arg>
<arg>JP</arg>
<arg>KE</arg>
<arg>KG</arg>
<arg>KH</arg>
<arg>KI</arg>
<arg>KM</arg>
<arg>KN</arg>
<arg>KP</arg>
<arg>KR</arg>
<arg>KW</arg>
<arg>KY</arg>
<arg>KZ</arg>
<arg>LA</arg>
<arg>LB</arg>
<arg>LC</arg>
<arg>LI</arg>
<arg>LK</arg>
<arg>LR</arg>
<arg>LS</arg>
<arg>LT</arg>
<arg>LU</arg>
<arg>LV</arg>
<arg>LY</arg>
<arg>MA</arg>
<arg>MC</arg>
<arg>MD</arg>
<arg>ME</arg>
<arg>MF</arg>
<arg>MG</arg>
<arg>MH</arg>
<arg>MK</arg>
<arg>ML</arg>
<arg>MM</arg>
<arg>MN</arg>
<arg>MO</arg>
<arg>MP</arg>
<arg>MQ</arg>
<arg>MR</arg>
<arg>MS</arg>
<arg>MT</arg>
<arg>MU</arg>
<arg>MV</arg>
<arg>MW</arg>
<arg>MX</arg>
<arg>MY</arg>
<arg>MZ</arg>
<arg>NA</arg>
<arg>NC</arg>
<arg>NE</arg>
<arg>NF</arg>
<arg>NG</arg>
<arg>NI</arg>
<arg>NL</arg>
<arg>NO</arg>
<arg>NP</arg>
<arg>NR</arg>
<arg>NU</arg>
<arg>NZ</arg>
<arg>OM</arg>
<arg>PA</arg>
<arg>PE</arg>
<arg>PF</arg>
<arg>PG</arg>
<arg>PH</arg>
<arg>PK</arg>
<arg>PL</arg>
<arg>PM</arg>
<arg>PN</arg>
<arg>PR</arg>
<arg>PS</arg>
<arg>PT</arg>
<arg>PW</arg>
<arg>PY</arg>
<arg>QA</arg>
<arg>RE</arg>
<arg>RO</arg>
<arg>RS</arg>
<arg>RU</arg>
<arg>RW</arg>
<arg>SA</arg>
<arg>SB</arg>
<arg>SC</arg>
<arg>SD</arg>
<arg>SE</arg>
<arg>SG</arg>
<arg>SH</arg>
<arg>SI</arg>
<arg>SJ</arg>
<arg>SK</arg>
<arg>SL</arg>
<arg>SM</arg>
<arg>SN</arg>
<arg>SO</arg>
<arg>SR</arg>
<arg>SS</arg>
<arg>ST</arg>
<arg>SV</arg>
<arg>SX</arg>
<arg>SY</arg>
<arg>SZ</arg>
<arg>TC</arg>
<arg>TD</arg>
<arg>TF</arg>
<arg>TG</arg>
<arg>TH</arg>
<arg>TJ</arg>
<arg>TK</arg>
<arg>TL</arg>
<arg>TM</arg>
<arg>TN</arg>
<arg>TO</arg>
<arg>TR</arg>
<arg>TT</arg>
<arg>TV</arg>
<arg>TW</arg>
<arg>TZ</arg>
<arg>UA</arg>
<arg>UG</arg>
<arg>UM</arg>
<arg>US</arg>
<arg>UY</arg>
<arg>UZ</arg>
<arg>VA</arg>
<arg>VC</arg>
<arg>VE</arg>
<arg>VG</arg>
<arg>VI</arg>
<arg>VN</arg>
<arg>VU</arg>
<arg>WF</arg>
<arg>WS</arg>
<arg>XK</arg>
<arg>YE</arg>
<arg>YT</arg>
<arg>ZA</arg>
<arg>ZM</arg>
<arg>ZW</arg>
<doc>Returns a list containing given items.</doc>
<status status="PASS" start="2024-08-06T14:14:33.299860" elapsed="0.000623"/>
</kw>
<kw name="List Should Contain Value" owner="Collections">
<arg>${list_country}</arg>
<arg>${name_country}</arg>
<doc>Fails if the ``value`` is not found from ``list``.</doc>
<status status="PASS" start="2024-08-06T14:14:33.301481" elapsed="0.000208"/>
</kw>
<kw name="Run Keyword If" owner="BuiltIn">
<kw name="Should Be True" owner="BuiltIn">
<arg>${True}</arg>
<doc>Fails if the given condition is not true.</doc>
<status status="PASS" start="2024-08-06T14:14:33.302649" elapsed="0.000143"/>
</kw>
<arg>${json_data["results"][0]["location"]["coordinates"]["latitude"]} &gt;= -90 and ${json_data["results"][0]["location"]["coordinates"]["latitude"]} &lt;= 90</arg>
<arg>Should Be True</arg>
<arg>${True}</arg>
<doc>Runs the given keyword with the given arguments, if ``condition`` is true.</doc>
<status status="PASS" start="2024-08-06T14:14:33.301891" elapsed="0.001029"/>
</kw>
<kw name="Run Keyword If" owner="BuiltIn">
<kw name="Should Be True" owner="BuiltIn">
<arg>${True}</arg>
<doc>Fails if the given condition is not true.</doc>
<status status="PASS" start="2024-08-06T14:14:33.303832" elapsed="0.000137"/>
</kw>
<arg>${json_data["results"][0]["location"]["coordinates"]["longitude"]} &gt;= -180 and ${json_data["results"][0]["location"]["coordinates"]["longitude"]} &lt;= 180</arg>
<arg>Should Be True</arg>
<arg>${True}</arg>
<doc>Runs the given keyword with the given arguments, if ``condition`` is true.</doc>
<status status="PASS" start="2024-08-06T14:14:33.303130" elapsed="0.000960"/>
</kw>
<status status="PASS" start="2024-08-06T14:14:33.215087" elapsed="0.089137"/>
</kw>
<doc>Testa o conteúdo específico dos campos retornados pela API.</doc>
<tag>testeConteudo</tag>
<status status="PASS" start="2024-08-06T14:14:33.214497" elapsed="0.089884"/>
</test>
<status status="PASS" start="2024-08-06T14:14:32.217367" elapsed="1.088957"/>
</suite>
<status status="PASS" start="2024-08-06T14:14:32.202356" elapsed="1.109171"/>
</suite>
<statistics>
<total>
<stat pass="5" fail="0" skip="0">All Tests</stat>
</total>
<tag>
<stat pass="1" fail="0" skip="0">testeConteudo</stat>
<stat pass="1" fail="0" skip="0">testeEstruturaResposta</stat>
<stat pass="1" fail="0" skip="0">testeRequisicaoBasica</stat>
<stat pass="1" fail="0" skip="0">testeTiposDados</stat>
</tag>
<suite>
<stat pass="5" fail="0" skip="0" id="s1" name="Tests">Tests</stat>
<stat pass="5" fail="0" skip="0" id="s1-s1" name="Random-User-Test">Tests.Random-User-Test</stat>
</suite>
</statistics>
<errors>
</errors>
</robot>
