<?xml version="1.0" encoding="UTF-8"?>
<robot generator="Robot 7.0 (Python 3.12.3 on linux)" generated="2024-05-13T11:12:07.915309" rpa="false" schemaversion="5">
<suite id="s1" name="Tests" source="/home/runner/work/DesafioQAItauRogerioJordao/DesafioQAItauRogerioJordao/RamdonUser/tests">
<suite id="s1-s1" name="Random-User-Test" source="/home/runner/work/DesafioQAItauRogerioJordao/DesafioQAItauRogerioJordao/RamdonUser/tests/random-user-test.robot">
<test id="s1-s1-t1" name="Conectar" line="13">
<kw name="Conectar API" owner="random-user-service">
<kw name="Create Session" owner="RequestsLibrary">
<msg time="2024-05-13T11:12:08.316467" level="INFO">Creating Session using : alias=consultarAPI, url=https://randomuser.me/, headers={},                     cookies={}, auth=None, timeout=None, proxies=None, verify=False,                     debug=0 </msg>
<arg>consultarAPI</arg>
<arg>${URL}</arg>
<doc>Create Session: create a HTTP session to a server</doc>
<status status="PASS" start="2024-05-13T11:12:08.316243" elapsed="0.000426"/>
</kw>
<status status="PASS" start="2024-05-13T11:12:08.315209" elapsed="0.001846"/>
</kw>
<status status="PASS" start="2024-05-13T11:12:08.314571" elapsed="0.002684"/>
</test>
<test id="s1-s1-t2" name="Validar retorno 200 e JSON Válido" line="16">
<kw name="Teste de Requisicao Basica" owner="random-user-service">
<kw name="GET On Session" owner="RequestsLibrary">
<msg time="2024-05-13T11:12:09.054856" level="INFO">GET Request : url=https://randomuser.me/api 
 path_url=/api 
 headers={'User-Agent': 'python-requests/2.31.0', 'Accept-Encoding': 'gzip, deflate', 'Accept': '*/*', 'Connection': 'keep-alive'} 
 body=None 
 </msg>
<msg time="2024-05-13T11:12:09.055030" level="INFO">GET Response : url=https://randomuser.me/api 
 status=200, reason=OK 
 headers={'Date': 'Mon, 13 May 2024 11:12:09 GMT', 'Content-Type': 'application/json; charset=utf-8', 'Transfer-Encoding': 'chunked', 'Connection': 'keep-alive', 'X-Powered-By': 'Express', 'Access-Control-Allow-Origin': '*', 'Cache-Control': 'no-cache', 'ETag': 'W/"4a9-ASROK0/+GQl1Zz6qWOXYr6tNkkI"', 'Vary': 'Accept-Encoding', 'Content-Encoding': 'gzip', 'CF-Cache-Status': 'DYNAMIC', 'Report-To': '{"endpoints":[{"url":"https:\\/\\/a.nel.cloudflare.com\\/report\\/v4?s=jnHRPwoYNYhMO4y%2F5N6tj0AERsNszOYycBhJf9L8fKmMdptATnobyrPTkvCb8Z4epX7pXkY997lAW0G5XxwG7T%2FPtoA5OPBZ5%2FDAqDWg0I12h2BVDj4ncPuJFnoU1tDm"}],"group":"cf-nel","max_age":604800}', 'NEL': '{"success_fraction":0,"report_to":"cf-nel","max_age":604800}', 'Server': 'cloudflare', 'CF-RAY': '88323634eb752012-IAD', 'alt-svc': 'h3=":443"; ma=86400'} 
 body={"results":[{"gender":"female","name":{"title":"Ms","first":"Aurélia","last":"Sales"},"location":{"street":{"number":1057,"name":"Avenida Brasil "},"city":"Joinville","state":"Mato Grosso","country":"Brazil","postcode":27106,"coordinates":{"latitude":"-80.6097","longitude":"168.8979"},"timezone":{"offset":"+9:00","description":"Tokyo, Seoul, Osaka, Sapporo, Yakutsk"}},"email":"aurelia.sales@example.com","login":{"uuid":"1ecd1076-3483-459f-824d-6cbf2ea63db6","username":"ticklishgorilla804","password":"cookies","salt":"pHotL9Vi","md5":"5cc2faa6ff95e47facbe9b0a038a78ef","sha1":"0f4bf642260a099cf762cc07b82cdb218a58935e","sha256":"24fcf0aab28ce3aae5aeb0e364455a62c07dfda6fdab0bfa84cad46921c3c2b9"},"dob":{"date":"1984-05-30T22:52:48.847Z","age":39},"registered":{"date":"2021-10-03T18:16:25.014Z","age":2},"phone":"(86) 4287-4934","cell":"(95) 0347-0782","id":{"name":"CPF","value":"985.996.841-80"},"picture":{"large":"https://randomuser.me/api/portraits/women/17.jpg","medium":"https://randomuser.me/api/portraits/med/women/17.jpg","thumbnail":"https://randomuser.me/api/portraits/thumb/women/17.jpg"},"nat":"BR"}],"info":{"seed":"9dd50d95c8160061","results":1,"page":1,"version":"1.4"}} 
 </msg>
<msg time="2024-05-13T11:12:09.055138" level="INFO">/opt/hostedtoolcache/Python/3.12.3/x64/lib/python3.12/site-packages/urllib3/connectionpool.py:1103: InsecureRequestWarning: Unverified HTTPS request is being made to host 'randomuser.me'. Adding certificate verification is strongly advised. See: https://urllib3.readthedocs.io/en/latest/advanced-usage.html#tls-warnings
  warnings.warn(</msg>
<msg time="2024-05-13T11:12:09.055280" level="INFO">${response} = &lt;Response [200]&gt;</msg>
<var>${response}</var>
<arg>consultarAPI</arg>
<arg>/api</arg>
<doc>Sends a GET request on a previously created HTTP Session.</doc>
<status status="PASS" start="2024-05-13T11:12:08.319964" elapsed="0.735356"/>
</kw>
<kw name="Should Be Equal As Numbers" owner="BuiltIn">
<msg time="2024-05-13T11:12:09.056382" level="INFO">Argument types are:
&lt;class 'int'&gt;
&lt;class 'str'&gt;</msg>
<arg>${response.status_code}</arg>
<arg>200</arg>
<doc>Fails if objects are unequal after converting them to real numbers.</doc>
<status status="PASS" start="2024-05-13T11:12:09.055898" elapsed="0.000549"/>
</kw>
<kw name="Log" owner="BuiltIn">
<msg time="2024-05-13T11:12:09.057131" level="INFO">200</msg>
<arg>${response.status_code}</arg>
<doc>Logs the given message with the given level.</doc>
<status status="PASS" start="2024-05-13T11:12:09.056766" elapsed="0.000407"/>
</kw>
<kw name="Set Variable" owner="BuiltIn">
<msg time="2024-05-13T11:12:09.057929" level="INFO">${json_data} = {'results': [{'gender': 'female', 'name': {'title': 'Ms', 'first': 'Aurélia', 'last': 'Sales'}, 'location': {'street': {'number': 1057, 'name': 'Avenida Brasil '}, 'city': 'Joinville', 'state': 'Mato ...</msg>
<var>${json_data}</var>
<arg>${response.json()}</arg>
<doc>Returns the given values which can then be assigned to a variables.</doc>
<status status="PASS" start="2024-05-13T11:12:09.057476" elapsed="0.000482"/>
</kw>
<kw name="Dictionary Should Contain Key" owner="Collections">
<msg time="2024-05-13T11:12:09.058433" level="INFO">False</msg>
<arg>${json_data}</arg>
<arg>results</arg>
<doc>Fails if ``key`` is not found from ``dictionary``.</doc>
<status status="PASS" start="2024-05-13T11:12:09.058262" elapsed="0.000212"/>
</kw>
<status status="PASS" start="2024-05-13T11:12:08.319703" elapsed="0.739080"/>
</kw>
<doc>Testa se a API responde corretamente e retorna um objeto JSON válido.</doc>
<tag>testeRequisicaoBasica</tag>
<status status="PASS" start="2024-05-13T11:12:08.319206" elapsed="0.739760"/>
</test>
<test id="s1-s1-t3" name="Validar estrutura de resposta" line="22">
<kw name="Teste de Estrutura de Resposta" owner="random-user-service">
<kw name="GET On Session" owner="RequestsLibrary">
<msg time="2024-05-13T11:12:09.222014" level="INFO">GET Request : url=https://randomuser.me/api 
 path_url=/api 
 headers={'User-Agent': 'python-requests/2.31.0', 'Accept-Encoding': 'gzip, deflate', 'Accept': '*/*', 'Connection': 'keep-alive'} 
 body=None 
 </msg>
<msg time="2024-05-13T11:12:09.222130" level="INFO">GET Response : url=https://randomuser.me/api 
 status=200, reason=OK 
 headers={'Date': 'Mon, 13 May 2024 11:12:09 GMT', 'Content-Type': 'application/json; charset=utf-8', 'Transfer-Encoding': 'chunked', 'Connection': 'keep-alive', 'X-Powered-By': 'Express', 'Access-Control-Allow-Origin': '*', 'Cache-Control': 'no-cache', 'ETag': 'W/"47a-mf3LQ0T8K0Ip8r3UWEOy9agiono"', 'Vary': 'Accept-Encoding', 'Content-Encoding': 'gzip', 'CF-Cache-Status': 'DYNAMIC', 'Report-To': '{"endpoints":[{"url":"https:\\/\\/a.nel.cloudflare.com\\/report\\/v4?s=ANuJAZQqqz4FRKUtxVFcE8JoMEtV0ah%2BxsCLSmZ7xyXxNyh4ycSl0rU3%2FSUweEnKY0TFkwS9uV1sIxNtcqDtpGc95HiTf4T%2B%2FfIzdGauHEvZR7MW2tNttRXPlNsm3hg2"}],"group":"cf-nel","max_age":604800}', 'NEL': '{"success_fraction":0,"report_to":"cf-nel","max_age":604800}', 'Server': 'cloudflare', 'CF-RAY': '88323638a8782012-IAD', 'alt-svc': 'h3=":443"; ma=86400'} 
 body={"results":[{"gender":"male","name":{"title":"Mr","first":"Logan","last":"Boyer"},"location":{"street":{"number":3911,"name":"Avenue du Château"},"city":"Toulouse","state":"Ardennes","country":"France","postcode":42196,"coordinates":{"latitude":"-19.2296","longitude":"-27.6761"},"timezone":{"offset":"+3:30","description":"Tehran"}},"email":"logan.boyer@example.com","login":{"uuid":"71960e05-35de-4636-b16d-8109b563012b","username":"happyswan602","password":"avatar","salt":"ovZ4ynAR","md5":"f575a949fd2672e68d25c5e0b49c0cea","sha1":"9f7b2bc3c8ca8103a4c405ec5a08f74dbabd4701","sha256":"b67ba581c3b9e78676b90763c406cfafaaccd7eaf28261ade39dc88f391110bd"},"dob":{"date":"1951-07-02T21:30:39.507Z","age":72},"registered":{"date":"2003-02-27T00:03:00.515Z","age":21},"phone":"04-33-20-01-79","cell":"06-58-26-10-85","id":{"name":"INSEE","value":"1510621339819 56"},"picture":{"large":"https://randomuser.me/api/portraits/men/62.jpg","medium":"https://randomuser.me/api/portraits/med/men/62.jpg","thumbnail":"https://randomuser.me/api/portraits/thumb/men/62.jpg"},"nat":"FR"}],"info":{"seed":"e2bbf7e27da1c5f1","results":1,"page":1,"version":"1.4"}} 
 </msg>
<msg time="2024-05-13T11:12:09.222283" level="INFO">/opt/hostedtoolcache/Python/3.12.3/x64/lib/python3.12/site-packages/urllib3/connectionpool.py:1103: InsecureRequestWarning: Unverified HTTPS request is being made to host 'randomuser.me'. Adding certificate verification is strongly advised. See: https://urllib3.readthedocs.io/en/latest/advanced-usage.html#tls-warnings
  warnings.warn(</msg>
<msg time="2024-05-13T11:12:09.222427" level="INFO">${response} = &lt;Response [200]&gt;</msg>
<var>${response}</var>
<arg>consultarAPI</arg>
<arg>/api</arg>
<doc>Sends a GET request on a previously created HTTP Session.</doc>
<status status="PASS" start="2024-05-13T11:12:09.061932" elapsed="0.160534"/>
</kw>
<kw name="Set Variable" owner="BuiltIn">
<msg time="2024-05-13T11:12:09.223595" level="INFO">${json_data} = {'results': [{'gender': 'male', 'name': {'title': 'Mr', 'first': 'Logan', 'last': 'Boyer'}, 'location': {'street': {'number': 3911, 'name': 'Avenue du Château'}, 'city': 'Toulouse', 'state': 'Ardennes...</msg>
<var>${json_data}</var>
<arg>${response.json()}</arg>
<doc>Returns the given values which can then be assigned to a variables.</doc>
<status status="PASS" start="2024-05-13T11:12:09.223043" elapsed="0.000582"/>
</kw>
<kw name="Log" owner="BuiltIn">
<msg time="2024-05-13T11:12:09.224115" level="INFO">{'results': [{'gender': 'male', 'name': {'title': 'Mr', 'first': 'Logan', 'last': 'Boyer'}, 'location': {'street': {'number': 3911, 'name': 'Avenue du Château'}, 'city': 'Toulouse', 'state': 'Ardennes', 'country': 'France', 'postcode': 42196, 'coordinates': {'latitude': '-19.2296', 'longitude': '-27.6761'}, 'timezone': {'offset': '+3:30', 'description': 'Tehran'}}, 'email': 'logan.boyer@example.com', 'login': {'uuid': '71960e05-35de-4636-b16d-8109b563012b', 'username': 'happyswan602', 'password': 'avatar', 'salt': 'ovZ4ynAR', 'md5': 'f575a949fd2672e68d25c5e0b49c0cea', 'sha1': '9f7b2bc3c8ca8103a4c405ec5a08f74dbabd4701', 'sha256': 'b67ba581c3b9e78676b90763c406cfafaaccd7eaf28261ade39dc88f391110bd'}, 'dob': {'date': '1951-07-02T21:30:39.507Z', 'age': 72}, 'registered': {'date': '2003-02-27T00:03:00.515Z', 'age': 21}, 'phone': '04-33-20-01-79', 'cell': '06-58-26-10-85', 'id': {'name': 'INSEE', 'value': '1510621339819 56'}, 'picture': {'large': 'https://randomuser.me/api/portraits/men/62.jpg', 'medium': 'https://randomuser.me/api/portraits/med/men/62.jpg', 'thumbnail': 'https://randomuser.me/api/portraits/thumb/men/62.jpg'}, 'nat': 'FR'}], 'info': {'seed': 'e2bbf7e27da1c5f1', 'results': 1, 'page': 1, 'version': '1.4'}}</msg>
<arg>${json_data}</arg>
<doc>Logs the given message with the given level.</doc>
<status status="PASS" start="2024-05-13T11:12:09.223946" elapsed="0.000219"/>
</kw>
<kw name="Dictionary Should Contain Key" owner="Collections">
<msg time="2024-05-13T11:12:09.224632" level="INFO">False</msg>
<arg>${json_data}</arg>
<arg>results</arg>
<doc>Fails if ``key`` is not found from ``dictionary``.</doc>
<status status="PASS" start="2024-05-13T11:12:09.224466" elapsed="0.000204"/>
</kw>
<kw name="Should Not Be Empty" owner="BuiltIn">
<msg time="2024-05-13T11:12:09.225096" level="INFO">Length is 2.</msg>
<arg>${json_data}</arg>
<doc>Verifies that the given item is not empty.</doc>
<status status="PASS" start="2024-05-13T11:12:09.224965" elapsed="0.000332"/>
</kw>
<kw name="Create List" owner="BuiltIn">
<msg time="2024-05-13T11:12:09.225748" level="INFO">${expected_keys} = ['gender', 'name', 'location', 'email', 'login']</msg>
<var>${expected_keys}</var>
<arg>gender</arg>
<arg>name</arg>
<arg>location</arg>
<arg>email</arg>
<arg>login</arg>
<doc>Returns a list containing given items.</doc>
<status status="PASS" start="2024-05-13T11:12:09.225595" elapsed="0.000178"/>
</kw>
<for flavor="IN">
<iter>
<kw name="Dictionary Should Contain Key" owner="Collections">
<msg time="2024-05-13T11:12:09.226870" level="INFO">False</msg>
<arg>${json_data['results'][0]}</arg>
<arg>${key}</arg>
<doc>Fails if ``key`` is not found from ``dictionary``.</doc>
<status status="PASS" start="2024-05-13T11:12:09.226368" elapsed="0.000541"/>
</kw>
<kw name="Log" owner="BuiltIn">
<msg time="2024-05-13T11:12:09.227598" level="INFO">{'gender': 'male', 'name': {'title': 'Mr', 'first': 'Logan', 'last': 'Boyer'}, 'location': {'street': {'number': 3911, 'name': 'Avenue du Château'}, 'city': 'Toulouse', 'state': 'Ardennes', 'country': 'France', 'postcode': 42196, 'coordinates': {'latitude': '-19.2296', 'longitude': '-27.6761'}, 'timezone': {'offset': '+3:30', 'description': 'Tehran'}}, 'email': 'logan.boyer@example.com', 'login': {'uuid': '71960e05-35de-4636-b16d-8109b563012b', 'username': 'happyswan602', 'password': 'avatar', 'salt': 'ovZ4ynAR', 'md5': 'f575a949fd2672e68d25c5e0b49c0cea', 'sha1': '9f7b2bc3c8ca8103a4c405ec5a08f74dbabd4701', 'sha256': 'b67ba581c3b9e78676b90763c406cfafaaccd7eaf28261ade39dc88f391110bd'}, 'dob': {'date': '1951-07-02T21:30:39.507Z', 'age': 72}, 'registered': {'date': '2003-02-27T00:03:00.515Z', 'age': 21}, 'phone': '04-33-20-01-79', 'cell': '06-58-26-10-85', 'id': {'name': 'INSEE', 'value': '1510621339819 56'}, 'picture': {'large': 'https://randomuser.me/api/portraits/men/62.jpg', 'medium': 'https://randomuser.me/api/portraits/med/men/62.jpg', 'thumbnail': 'https://randomuser.me/api/portraits/thumb/men/62.jpg'}, 'nat': 'FR'}</msg>
<arg>${json_data['results'][0]}</arg>
<doc>Logs the given message with the given level.</doc>
<status status="PASS" start="2024-05-13T11:12:09.227215" elapsed="0.000432"/>
</kw>
<kw name="Log" owner="BuiltIn">
<msg time="2024-05-13T11:12:09.228080" level="INFO">gender</msg>
<arg>${key}</arg>
<doc>Logs the given message with the given level.</doc>
<status status="PASS" start="2024-05-13T11:12:09.227949" elapsed="0.000168"/>
</kw>
<var name="${key}">gender</var>
<status status="PASS" start="2024-05-13T11:12:09.226237" elapsed="0.002096"/>
</iter>
<iter>
<kw name="Dictionary Should Contain Key" owner="Collections">
<msg time="2024-05-13T11:12:09.229036" level="INFO">False</msg>
<arg>${json_data['results'][0]}</arg>
<arg>${key}</arg>
<doc>Fails if ``key`` is not found from ``dictionary``.</doc>
<status status="PASS" start="2024-05-13T11:12:09.228637" elapsed="0.000436"/>
</kw>
<kw name="Log" owner="BuiltIn">
<msg time="2024-05-13T11:12:09.229806" level="INFO">{'gender': 'male', 'name': {'title': 'Mr', 'first': 'Logan', 'last': 'Boyer'}, 'location': {'street': {'number': 3911, 'name': 'Avenue du Château'}, 'city': 'Toulouse', 'state': 'Ardennes', 'country': 'France', 'postcode': 42196, 'coordinates': {'latitude': '-19.2296', 'longitude': '-27.6761'}, 'timezone': {'offset': '+3:30', 'description': 'Tehran'}}, 'email': 'logan.boyer@example.com', 'login': {'uuid': '71960e05-35de-4636-b16d-8109b563012b', 'username': 'happyswan602', 'password': 'avatar', 'salt': 'ovZ4ynAR', 'md5': 'f575a949fd2672e68d25c5e0b49c0cea', 'sha1': '9f7b2bc3c8ca8103a4c405ec5a08f74dbabd4701', 'sha256': 'b67ba581c3b9e78676b90763c406cfafaaccd7eaf28261ade39dc88f391110bd'}, 'dob': {'date': '1951-07-02T21:30:39.507Z', 'age': 72}, 'registered': {'date': '2003-02-27T00:03:00.515Z', 'age': 21}, 'phone': '04-33-20-01-79', 'cell': '06-58-26-10-85', 'id': {'name': 'INSEE', 'value': '1510621339819 56'}, 'picture': {'large': 'https://randomuser.me/api/portraits/men/62.jpg', 'medium': 'https://randomuser.me/api/portraits/med/men/62.jpg', 'thumbnail': 'https://randomuser.me/api/portraits/thumb/men/62.jpg'}, 'nat': 'FR'}</msg>
<arg>${json_data['results'][0]}</arg>
<doc>Logs the given message with the given level.</doc>
<status status="PASS" start="2024-05-13T11:12:09.229417" elapsed="0.000438"/>
</kw>
<kw name="Log" owner="BuiltIn">
<msg time="2024-05-13T11:12:09.230284" level="INFO">name</msg>
<arg>${key}</arg>
<doc>Logs the given message with the given level.</doc>
<status status="PASS" start="2024-05-13T11:12:09.230157" elapsed="0.000163"/>
</kw>
<var name="${key}">name</var>
<status status="PASS" start="2024-05-13T11:12:09.228518" elapsed="0.002042"/>
</iter>
<iter>
<kw name="Dictionary Should Contain Key" owner="Collections">
<msg time="2024-05-13T11:12:09.231263" level="INFO">False</msg>
<arg>${json_data['results'][0]}</arg>
<arg>${key}</arg>
<doc>Fails if ``key`` is not found from ``dictionary``.</doc>
<status status="PASS" start="2024-05-13T11:12:09.230864" elapsed="0.000437"/>
</kw>
<kw name="Log" owner="BuiltIn">
<msg time="2024-05-13T11:12:09.231978" level="INFO">{'gender': 'male', 'name': {'title': 'Mr', 'first': 'Logan', 'last': 'Boyer'}, 'location': {'street': {'number': 3911, 'name': 'Avenue du Château'}, 'city': 'Toulouse', 'state': 'Ardennes', 'country': 'France', 'postcode': 42196, 'coordinates': {'latitude': '-19.2296', 'longitude': '-27.6761'}, 'timezone': {'offset': '+3:30', 'description': 'Tehran'}}, 'email': 'logan.boyer@example.com', 'login': {'uuid': '71960e05-35de-4636-b16d-8109b563012b', 'username': 'happyswan602', 'password': 'avatar', 'salt': 'ovZ4ynAR', 'md5': 'f575a949fd2672e68d25c5e0b49c0cea', 'sha1': '9f7b2bc3c8ca8103a4c405ec5a08f74dbabd4701', 'sha256': 'b67ba581c3b9e78676b90763c406cfafaaccd7eaf28261ade39dc88f391110bd'}, 'dob': {'date': '1951-07-02T21:30:39.507Z', 'age': 72}, 'registered': {'date': '2003-02-27T00:03:00.515Z', 'age': 21}, 'phone': '04-33-20-01-79', 'cell': '06-58-26-10-85', 'id': {'name': 'INSEE', 'value': '1510621339819 56'}, 'picture': {'large': 'https://randomuser.me/api/portraits/men/62.jpg', 'medium': 'https://randomuser.me/api/portraits/med/men/62.jpg', 'thumbnail': 'https://randomuser.me/api/portraits/thumb/men/62.jpg'}, 'nat': 'FR'}</msg>
<arg>${json_data['results'][0]}</arg>
<doc>Logs the given message with the given level.</doc>
<status status="PASS" start="2024-05-13T11:12:09.231603" elapsed="0.000424"/>
</kw>
<kw name="Log" owner="BuiltIn">
<msg time="2024-05-13T11:12:09.232454" level="INFO">location</msg>
<arg>${key}</arg>
<doc>Logs the given message with the given level.</doc>
<status status="PASS" start="2024-05-13T11:12:09.232325" elapsed="0.000167"/>
</kw>
<var name="${key}">location</var>
<status status="PASS" start="2024-05-13T11:12:09.230747" elapsed="0.001955"/>
</iter>
<iter>
<kw name="Dictionary Should Contain Key" owner="Collections">
<msg time="2024-05-13T11:12:09.233392" level="INFO">False</msg>
<arg>${json_data['results'][0]}</arg>
<arg>${key}</arg>
<doc>Fails if ``key`` is not found from ``dictionary``.</doc>
<status status="PASS" start="2024-05-13T11:12:09.232992" elapsed="0.000437"/>
</kw>
<kw name="Log" owner="BuiltIn">
<msg time="2024-05-13T11:12:09.234109" level="INFO">{'gender': 'male', 'name': {'title': 'Mr', 'first': 'Logan', 'last': 'Boyer'}, 'location': {'street': {'number': 3911, 'name': 'Avenue du Château'}, 'city': 'Toulouse', 'state': 'Ardennes', 'country': 'France', 'postcode': 42196, 'coordinates': {'latitude': '-19.2296', 'longitude': '-27.6761'}, 'timezone': {'offset': '+3:30', 'description': 'Tehran'}}, 'email': 'logan.boyer@example.com', 'login': {'uuid': '71960e05-35de-4636-b16d-8109b563012b', 'username': 'happyswan602', 'password': 'avatar', 'salt': 'ovZ4ynAR', 'md5': 'f575a949fd2672e68d25c5e0b49c0cea', 'sha1': '9f7b2bc3c8ca8103a4c405ec5a08f74dbabd4701', 'sha256': 'b67ba581c3b9e78676b90763c406cfafaaccd7eaf28261ade39dc88f391110bd'}, 'dob': {'date': '1951-07-02T21:30:39.507Z', 'age': 72}, 'registered': {'date': '2003-02-27T00:03:00.515Z', 'age': 21}, 'phone': '04-33-20-01-79', 'cell': '06-58-26-10-85', 'id': {'name': 'INSEE', 'value': '1510621339819 56'}, 'picture': {'large': 'https://randomuser.me/api/portraits/men/62.jpg', 'medium': 'https://randomuser.me/api/portraits/med/men/62.jpg', 'thumbnail': 'https://randomuser.me/api/portraits/thumb/men/62.jpg'}, 'nat': 'FR'}</msg>
<arg>${json_data['results'][0]}</arg>
<doc>Logs the given message with the given level.</doc>
<status status="PASS" start="2024-05-13T11:12:09.233734" elapsed="0.000423"/>
</kw>
<kw name="Log" owner="BuiltIn">
<msg time="2024-05-13T11:12:09.234609" level="INFO">email</msg>
<arg>${key}</arg>
<doc>Logs the given message with the given level.</doc>
<status status="PASS" start="2024-05-13T11:12:09.234458" elapsed="0.000197"/>
</kw>
<var name="${key}">email</var>
<status status="PASS" start="2024-05-13T11:12:09.232875" elapsed="0.001995"/>
</iter>
<iter>
<kw name="Dictionary Should Contain Key" owner="Collections">
<msg time="2024-05-13T11:12:09.235558" level="INFO">False</msg>
<arg>${json_data['results'][0]}</arg>
<arg>${key}</arg>
<doc>Fails if ``key`` is not found from ``dictionary``.</doc>
<status status="PASS" start="2024-05-13T11:12:09.235156" elapsed="0.000441"/>
</kw>
<kw name="Log" owner="BuiltIn">
<msg time="2024-05-13T11:12:09.236282" level="INFO">{'gender': 'male', 'name': {'title': 'Mr', 'first': 'Logan', 'last': 'Boyer'}, 'location': {'street': {'number': 3911, 'name': 'Avenue du Château'}, 'city': 'Toulouse', 'state': 'Ardennes', 'country': 'France', 'postcode': 42196, 'coordinates': {'latitude': '-19.2296', 'longitude': '-27.6761'}, 'timezone': {'offset': '+3:30', 'description': 'Tehran'}}, 'email': 'logan.boyer@example.com', 'login': {'uuid': '71960e05-35de-4636-b16d-8109b563012b', 'username': 'happyswan602', 'password': 'avatar', 'salt': 'ovZ4ynAR', 'md5': 'f575a949fd2672e68d25c5e0b49c0cea', 'sha1': '9f7b2bc3c8ca8103a4c405ec5a08f74dbabd4701', 'sha256': 'b67ba581c3b9e78676b90763c406cfafaaccd7eaf28261ade39dc88f391110bd'}, 'dob': {'date': '1951-07-02T21:30:39.507Z', 'age': 72}, 'registered': {'date': '2003-02-27T00:03:00.515Z', 'age': 21}, 'phone': '04-33-20-01-79', 'cell': '06-58-26-10-85', 'id': {'name': 'INSEE', 'value': '1510621339819 56'}, 'picture': {'large': 'https://randomuser.me/api/portraits/men/62.jpg', 'medium': 'https://randomuser.me/api/portraits/med/men/62.jpg', 'thumbnail': 'https://randomuser.me/api/portraits/thumb/men/62.jpg'}, 'nat': 'FR'}</msg>
<arg>${json_data['results'][0]}</arg>
<doc>Logs the given message with the given level.</doc>
<status status="PASS" start="2024-05-13T11:12:09.235898" elapsed="0.000432"/>
</kw>
<kw name="Log" owner="BuiltIn">
<msg time="2024-05-13T11:12:09.236758" level="INFO">login</msg>
<arg>${key}</arg>
<doc>Logs the given message with the given level.</doc>
<status status="PASS" start="2024-05-13T11:12:09.236631" elapsed="0.000164"/>
</kw>
<var name="${key}">login</var>
<status status="PASS" start="2024-05-13T11:12:09.235041" elapsed="0.001971"/>
</iter>
<var>${key}</var>
<value>@{expected_keys}</value>
<status status="PASS" start="2024-05-13T11:12:09.226040" elapsed="0.011120"/>
</for>
<kw name="Create List" owner="BuiltIn">
<msg time="2024-05-13T11:12:09.237512" level="INFO">${expected_keysTwo} = ['username', 'password']</msg>
<var>${expected_keysTwo}</var>
<arg>username</arg>
<arg>password</arg>
<doc>Returns a list containing given items.</doc>
<status status="PASS" start="2024-05-13T11:12:09.237370" elapsed="0.000166"/>
</kw>
<for flavor="IN">
<iter>
<kw name="Dictionary Should Contain Key" owner="Collections">
<msg time="2024-05-13T11:12:09.238456" level="INFO">False</msg>
<arg>${json_data['results'][0]['login']}</arg>
<arg>${keyTwo}</arg>
<doc>Fails if ``key`` is not found from ``dictionary``.</doc>
<status status="PASS" start="2024-05-13T11:12:09.238049" elapsed="0.000444"/>
</kw>
<kw name="Dictionary Should Contain Key" owner="Collections">
<msg time="2024-05-13T11:12:09.239217" level="INFO">False</msg>
<arg>${json_data['results'][0]['login']}</arg>
<arg>${keyTwo}</arg>
<doc>Fails if ``key`` is not found from ``dictionary``.</doc>
<status status="PASS" start="2024-05-13T11:12:09.238817" elapsed="0.000436"/>
</kw>
<kw name="Log" owner="BuiltIn">
<msg time="2024-05-13T11:12:09.239674" level="INFO">username</msg>
<arg>${keyTwo}</arg>
<doc>Logs the given message with the given level.</doc>
<status status="PASS" start="2024-05-13T11:12:09.239546" elapsed="0.000177"/>
</kw>
<var name="${keyTwo}">username</var>
<status status="PASS" start="2024-05-13T11:12:09.237933" elapsed="0.002007"/>
</iter>
<iter>
<kw name="Dictionary Should Contain Key" owner="Collections">
<msg time="2024-05-13T11:12:09.240709" level="INFO">False</msg>
<arg>${json_data['results'][0]['login']}</arg>
<arg>${keyTwo}</arg>
<doc>Fails if ``key`` is not found from ``dictionary``.</doc>
<status status="PASS" start="2024-05-13T11:12:09.240225" elapsed="0.000524"/>
</kw>
<kw name="Dictionary Should Contain Key" owner="Collections">
<msg time="2024-05-13T11:12:09.241444" level="INFO">False</msg>
<arg>${json_data['results'][0]['login']}</arg>
<arg>${keyTwo}</arg>
<doc>Fails if ``key`` is not found from ``dictionary``.</doc>
<status status="PASS" start="2024-05-13T11:12:09.241048" elapsed="0.000432"/>
</kw>
<kw name="Log" owner="BuiltIn">
<msg time="2024-05-13T11:12:09.241911" level="INFO">password</msg>
<arg>${keyTwo}</arg>
<doc>Logs the given message with the given level.</doc>
<status status="PASS" start="2024-05-13T11:12:09.241779" elapsed="0.000169"/>
</kw>
<var name="${keyTwo}">password</var>
<status status="PASS" start="2024-05-13T11:12:09.240110" elapsed="0.002055"/>
</iter>
<var>${keyTwo}</var>
<value>@{expected_keysTwo}</value>
<status status="PASS" start="2024-05-13T11:12:09.237776" elapsed="0.004535"/>
</for>
<status status="PASS" start="2024-05-13T11:12:09.061588" elapsed="0.180874"/>
</kw>
<doc>Testa a estrutura da resposta da API.</doc>
<tag>testeEstruturaResposta</tag>
<status status="PASS" start="2024-05-13T11:12:09.060804" elapsed="0.181845"/>
</test>
<test id="s1-s1-t4" name="Validar tipos de dados" line="28">
<kw name="Teste de Tipos de Dados" owner="random-user-service">
<kw name="GET On Session" owner="RequestsLibrary">
<msg time="2024-05-13T11:12:09.294330" level="INFO">GET Request : url=https://randomuser.me/api 
 path_url=/api 
 headers={'User-Agent': 'python-requests/2.31.0', 'Accept-Encoding': 'gzip, deflate', 'Accept': '*/*', 'Connection': 'keep-alive'} 
 body=None 
 </msg>
<msg time="2024-05-13T11:12:09.294453" level="INFO">GET Response : url=https://randomuser.me/api 
 status=200, reason=OK 
 headers={'Date': 'Mon, 13 May 2024 11:12:09 GMT', 'Content-Type': 'application/json; charset=utf-8', 'Transfer-Encoding': 'chunked', 'Connection': 'keep-alive', 'X-Powered-By': 'Express', 'Access-Control-Allow-Origin': '*', 'Cache-Control': 'no-cache', 'ETag': 'W/"499-gY8A03tc1A730BfeqMefHnQ7PI0"', 'Vary': 'Accept-Encoding', 'Content-Encoding': 'gzip', 'CF-Cache-Status': 'DYNAMIC', 'Report-To': '{"endpoints":[{"url":"https:\\/\\/a.nel.cloudflare.com\\/report\\/v4?s=2qGXLEKSJxGkZ32nGhgBxqSrPwYhzwGb5jUazq%2Fby%2FYu%2BTDueBsm0LdPU51EKIHrNI5ZA1orwMQdMT91OSvsWurZSY6%2Fqz1N71H9Qu6%2FF222xvgLrZ9e7Tr9CBkOHeX%2F"}],"group":"cf-nel","max_age":604800}', 'NEL': '{"success_fraction":0,"report_to":"cf-nel","max_age":604800}', 'Server': 'cloudflare', 'CF-RAY': '88323639c9a62012-IAD', 'alt-svc': 'h3=":443"; ma=86400'} 
 body={"results":[{"gender":"male","name":{"title":"Mr","first":"Nikolaj","last":"Kristensen"},"location":{"street":{"number":3209,"name":"Æblehaven"},"city":"Nørre Sundby","state":"Danmark","country":"Denmark","postcode":31919,"coordinates":{"latitude":"-41.7949","longitude":"-89.3758"},"timezone":{"offset":"-4:00","description":"Atlantic Time (Canada), Caracas, La Paz"}},"email":"nikolaj.kristensen@example.com","login":{"uuid":"a645f813-1999-4f63-b71d-ac561db766ec","username":"beautifulsnake687","password":"hogtied","salt":"gMLJ8zmR","md5":"6c70e6c38fa328d3b2e825100f817044","sha1":"8c737ed8f1722e6163050a8fc28188ede7ccfb4d","sha256":"88b5a0d8232868649e0bc0825216f326a15b78547a98b11a7f3339dc0ea8e429"},"dob":{"date":"1987-05-22T08:31:18.403Z","age":36},"registered":{"date":"2009-09-01T16:06:39.947Z","age":14},"phone":"08744497","cell":"05528138","id":{"name":"CPR","value":"220587-1554"},"picture":{"large":"https://randomuser.me/api/portraits/men/40.jpg","medium":"https://randomuser.me/api/portraits/med/men/40.jpg","thumbnail":"https://randomuser.me/api/portraits/thumb/men/40.jpg"},"nat":"DK"}],"info":{"seed":"b42e45adf762f057","results":1,"page":1,"version":"1.4"}} 
 </msg>
<msg time="2024-05-13T11:12:09.294571" level="INFO">/opt/hostedtoolcache/Python/3.12.3/x64/lib/python3.12/site-packages/urllib3/connectionpool.py:1103: InsecureRequestWarning: Unverified HTTPS request is being made to host 'randomuser.me'. Adding certificate verification is strongly advised. See: https://urllib3.readthedocs.io/en/latest/advanced-usage.html#tls-warnings
  warnings.warn(</msg>
<msg time="2024-05-13T11:12:09.294704" level="INFO">${response} = &lt;Response [200]&gt;</msg>
<var>${response}</var>
<arg>consultarAPI</arg>
<arg>/api</arg>
<doc>Sends a GET request on a previously created HTTP Session.</doc>
<status status="PASS" start="2024-05-13T11:12:09.245178" elapsed="0.049561"/>
</kw>
<kw name="Set Variable" owner="BuiltIn">
<msg time="2024-05-13T11:12:09.295893" level="INFO">${json_data} = {'results': [{'gender': 'male', 'name': {'title': 'Mr', 'first': 'Nikolaj', 'last': 'Kristensen'}, 'location': {'street': {'number': 3209, 'name': 'Æblehaven'}, 'city': 'Nørre Sundby', 'state': 'Danma...</msg>
<var>${json_data}</var>
<arg>${response.json()}</arg>
<doc>Returns the given values which can then be assigned to a variables.</doc>
<status status="PASS" start="2024-05-13T11:12:09.295310" elapsed="0.000614"/>
</kw>
<kw name="Log" owner="BuiltIn">
<msg time="2024-05-13T11:12:09.296493" level="INFO">{'results': [{'gender': 'male', 'name': {'title': 'Mr', 'first': 'Nikolaj', 'last': 'Kristensen'}, 'location': {'street': {'number': 3209, 'name': 'Æblehaven'}, 'city': 'Nørre Sundby', 'state': 'Danmark', 'country': 'Denmark', 'postcode': 31919, 'coordinates': {'latitude': '-41.7949', 'longitude': '-89.3758'}, 'timezone': {'offset': '-4:00', 'description': 'Atlantic Time (Canada), Caracas, La Paz'}}, 'email': 'nikolaj.kristensen@example.com', 'login': {'uuid': 'a645f813-1999-4f63-b71d-ac561db766ec', 'username': 'beautifulsnake687', 'password': 'hogtied', 'salt': 'gMLJ8zmR', 'md5': '6c70e6c38fa328d3b2e825100f817044', 'sha1': '8c737ed8f1722e6163050a8fc28188ede7ccfb4d', 'sha256': '88b5a0d8232868649e0bc0825216f326a15b78547a98b11a7f3339dc0ea8e429'}, 'dob': {'date': '1987-05-22T08:31:18.403Z', 'age': 36}, 'registered': {'date': '2009-09-01T16:06:39.947Z', 'age': 14}, 'phone': '08744497', 'cell': '05528138', 'id': {'name': 'CPR', 'value': '220587-1554'}, 'picture': {'large': 'https://randomuser.me/api/portraits/men/40.jpg', 'medium': 'https://randomuser.me/api/portraits/med/men/40.jpg', 'thumbnail': 'https://randomuser.me/api/portraits/thumb/men/40.jpg'}, 'nat': 'DK'}], 'info': {'seed': 'b42e45adf762f057', 'results': 1, 'page': 1, 'version': '1.4'}}</msg>
<arg>${json_data}</arg>
<doc>Logs the given message with the given level.</doc>
<status status="PASS" start="2024-05-13T11:12:09.296306" elapsed="0.000278"/>
</kw>
<kw name="Should Be String" owner="String">
<arg>${json_data['results'][0]['gender']}</arg>
<doc>Fails if the given ``item`` is not a string.</doc>
<status status="PASS" start="2024-05-13T11:12:09.296928" elapsed="0.000423"/>
</kw>
<kw name="Should Match Regexp" owner="BuiltIn">
<arg>${json_data['results'][0]['email']}</arg>
<arg>^[a-zA-Z0-9._%+-]+@[a-zA-Z0-9.-]+\.[a-zA-Z]{2,}$</arg>
<doc>Fails if ``string`` does not match ``pattern`` as a regular expression.</doc>
<status status="PASS" start="2024-05-13T11:12:09.297564" elapsed="0.000550"/>
</kw>
<kw name="Should Match Regexp" owner="BuiltIn">
<arg>${json_data['results'][0]['dob']['date']}</arg>
<arg>\\d{4}-\\d{2}-\\d{2}T\\d{2}:\\d{2}:\\d{2}\\.\\d{3}Z</arg>
<doc>Fails if ``string`` does not match ``pattern`` as a regular expression.</doc>
<status status="PASS" start="2024-05-13T11:12:09.298322" elapsed="0.000580"/>
</kw>
<kw name="Should Match Regexp" owner="BuiltIn">
<arg>${json_data['results'][0]['registered']['date']}</arg>
<arg>\\d{4}-\\d{2}-\\d{2}T\\d{2}:\\d{2}:\\d{2}\\.\\d{3}Z</arg>
<doc>Fails if ``string`` does not match ``pattern`` as a regular expression.</doc>
<status status="PASS" start="2024-05-13T11:12:09.299106" elapsed="0.000397"/>
</kw>
<kw name="Should Match Regexp" owner="BuiltIn">
<arg>${json_data['results'][0]['picture']['large']}</arg>
<arg>^https?://.*\.(?:png|jpe?g|gif|bmp)$</arg>
<doc>Fails if ``string`` does not match ``pattern`` as a regular expression.</doc>
<status status="PASS" start="2024-05-13T11:12:09.299703" elapsed="0.000487"/>
</kw>
<kw name="Should Match Regexp" owner="BuiltIn">
<arg>${json_data['results'][0]['picture']['medium']}</arg>
<arg>^https?://.*\.(?:png|jpe?g|gif|bmp)$</arg>
<doc>Fails if ``string`` does not match ``pattern`` as a regular expression.</doc>
<status status="PASS" start="2024-05-13T11:12:09.300382" elapsed="0.000374"/>
</kw>
<kw name="Should Match Regexp" owner="BuiltIn">
<arg>${json_data['results'][0]['picture']['thumbnail']}</arg>
<arg>^https?://.*\.(?:png|jpe?g|gif|bmp)$</arg>
<doc>Fails if ``string`` does not match ``pattern`` as a regular expression.</doc>
<status status="PASS" start="2024-05-13T11:12:09.300951" elapsed="0.000370"/>
</kw>
<kw name="Log" owner="BuiltIn">
<msg time="2024-05-13T11:12:09.301845" level="INFO">{'large': 'https://randomuser.me/api/portraits/men/40.jpg', 'medium': 'https://randomuser.me/api/portraits/med/men/40.jpg', 'thumbnail': 'https://randomuser.me/api/portraits/thumb/men/40.jpg'}</msg>
<arg>${json_data['results'][0]['picture']}</arg>
<doc>Logs the given message with the given level.</doc>
<status status="PASS" start="2024-05-13T11:12:09.301505" elapsed="0.000381"/>
</kw>
<status status="PASS" start="2024-05-13T11:12:09.244929" elapsed="0.057226"/>
</kw>
<kw name="Teste de Tipos de Dados - Postcode" owner="random-user-service">
<kw name="GET On Session" owner="RequestsLibrary">
<msg time="2024-05-13T11:12:09.463504" level="INFO">GET Request : url=https://randomuser.me/api 
 path_url=/api 
 headers={'User-Agent': 'python-requests/2.31.0', 'Accept-Encoding': 'gzip, deflate', 'Accept': '*/*', 'Connection': 'keep-alive'} 
 body=None 
 </msg>
<msg time="2024-05-13T11:12:09.463620" level="INFO">GET Response : url=https://randomuser.me/api 
 status=200, reason=OK 
 headers={'Date': 'Mon, 13 May 2024 11:12:09 GMT', 'Content-Type': 'application/json; charset=utf-8', 'Transfer-Encoding': 'chunked', 'Connection': 'keep-alive', 'X-Powered-By': 'Express', 'Access-Control-Allow-Origin': '*', 'Cache-Control': 'no-cache', 'ETag': 'W/"478-v0SZxtbF2onMGjxAqVqfdEZrBEM"', 'Vary': 'Accept-Encoding', 'Content-Encoding': 'gzip', 'CF-Cache-Status': 'DYNAMIC', 'Report-To': '{"endpoints":[{"url":"https:\\/\\/a.nel.cloudflare.com\\/report\\/v4?s=JxFgdvKu3YjABp7To6lR8OAov4vPQX%2BGE7kbYt3jFwmlZDkPqKilR1%2BjxKS0yNZ%2F5C%2F9hIAGhtxEbdNul04L0SgKgKmrMWmh7rfixM6Q4xZwuPW%2B8EqjXJZl88nYX3jq"}],"group":"cf-nel","max_age":604800}', 'NEL': '{"success_fraction":0,"report_to":"cf-nel","max_age":604800}', 'Server': 'cloudflare', 'CF-RAY': '8832363a29f72012-IAD', 'alt-svc': 'h3=":443"; ma=86400'} 
 body={"results":[{"gender":"male","name":{"title":"Mr","first":"Goran","last":"Aleksić"},"location":{"street":{"number":6310,"name":"Bistražinska"},"city":"Aleksinac","state":"South Banat","country":"Serbia","postcode":24308,"coordinates":{"latitude":"62.7470","longitude":"-37.0418"},"timezone":{"offset":"-2:00","description":"Mid-Atlantic"}},"email":"goran.aleksic@example.com","login":{"uuid":"406a10c2-076e-446b-97f0-c73b3e374fb8","username":"yellowbear825","password":"junior1","salt":"aEA5qARh","md5":"8631309f198e23141d92871550e2c6de","sha1":"fd8254eae1a6827d8f237a7f1fbd122c1761ff25","sha256":"4dbeed70454fd98213d79522206af97b69cd942b41493e9dd31ed06c99e53a04"},"dob":{"date":"1969-12-27T17:56:18.336Z","age":54},"registered":{"date":"2007-02-18T21:39:45.495Z","age":17},"phone":"018-2429-758","cell":"060-6161-238","id":{"name":"SID","value":"613093863"},"picture":{"large":"https://randomuser.me/api/portraits/men/70.jpg","medium":"https://randomuser.me/api/portraits/med/men/70.jpg","thumbnail":"https://randomuser.me/api/portraits/thumb/men/70.jpg"},"nat":"RS"}],"info":{"seed":"646a711cc47d86be","results":1,"page":1,"version":"1.4"}} 
 </msg>
<msg time="2024-05-13T11:12:09.463708" level="INFO">/opt/hostedtoolcache/Python/3.12.3/x64/lib/python3.12/site-packages/urllib3/connectionpool.py:1103: InsecureRequestWarning: Unverified HTTPS request is being made to host 'randomuser.me'. Adding certificate verification is strongly advised. See: https://urllib3.readthedocs.io/en/latest/advanced-usage.html#tls-warnings
  warnings.warn(</msg>
<msg time="2024-05-13T11:12:09.463857" level="INFO">${response} = &lt;Response [200]&gt;</msg>
<var>${response}</var>
<arg>consultarAPI</arg>
<arg>/api</arg>
<doc>Sends a GET request on a previously created HTTP Session.</doc>
<status status="PASS" start="2024-05-13T11:12:09.302679" elapsed="0.161213"/>
</kw>
<kw name="Set Variable" owner="BuiltIn">
<msg time="2024-05-13T11:12:09.464998" level="INFO">${json_data} = {'results': [{'gender': 'male', 'name': {'title': 'Mr', 'first': 'Goran', 'last': 'Aleksić'}, 'location': {'street': {'number': 6310, 'name': 'Bistražinska'}, 'city': 'Aleksinac', 'state': 'South Bana...</msg>
<var>${json_data}</var>
<arg>${response.json()}</arg>
<doc>Returns the given values which can then be assigned to a variables.</doc>
<status status="PASS" start="2024-05-13T11:12:09.464442" elapsed="0.000587"/>
</kw>
<kw name="Log" owner="BuiltIn">
<msg time="2024-05-13T11:12:09.465519" level="INFO">{'results': [{'gender': 'male', 'name': {'title': 'Mr', 'first': 'Goran', 'last': 'Aleksić'}, 'location': {'street': {'number': 6310, 'name': 'Bistražinska'}, 'city': 'Aleksinac', 'state': 'South Banat', 'country': 'Serbia', 'postcode': 24308, 'coordinates': {'latitude': '62.7470', 'longitude': '-37.0418'}, 'timezone': {'offset': '-2:00', 'description': 'Mid-Atlantic'}}, 'email': 'goran.aleksic@example.com', 'login': {'uuid': '406a10c2-076e-446b-97f0-c73b3e374fb8', 'username': 'yellowbear825', 'password': 'junior1', 'salt': 'aEA5qARh', 'md5': '8631309f198e23141d92871550e2c6de', 'sha1': 'fd8254eae1a6827d8f237a7f1fbd122c1761ff25', 'sha256': '4dbeed70454fd98213d79522206af97b69cd942b41493e9dd31ed06c99e53a04'}, 'dob': {'date': '1969-12-27T17:56:18.336Z', 'age': 54}, 'registered': {'date': '2007-02-18T21:39:45.495Z', 'age': 17}, 'phone': '018-2429-758', 'cell': '060-6161-238', 'id': {'name': 'SID', 'value': '613093863'}, 'picture': {'large': 'https://randomuser.me/api/portraits/men/70.jpg', 'medium': 'https://randomuser.me/api/portraits/med/men/70.jpg', 'thumbnail': 'https://randomuser.me/api/portraits/thumb/men/70.jpg'}, 'nat': 'RS'}], 'info': {'seed': '646a711cc47d86be', 'results': 1, 'page': 1, 'version': '1.4'}}</msg>
<arg>${json_data}</arg>
<doc>Logs the given message with the given level.</doc>
<status status="PASS" start="2024-05-13T11:12:09.465351" elapsed="0.000264"/>
</kw>
<kw name="Should Be Equal As Numbers" owner="BuiltIn">
<arg>${json_data['results'][0]['location']['postcode']}</arg>
<arg>${json_data['results'][0]['location']['postcode']}</arg>
<doc>Fails if objects are unequal after converting them to real numbers.</doc>
<status status="PASS" start="2024-05-13T11:12:09.466134" elapsed="0.000712"/>
</kw>
<kw name="Log" owner="BuiltIn">
<msg time="2024-05-13T11:12:09.467401" level="INFO">24308</msg>
<arg>${json_data['results'][0]['location']['postcode']}</arg>
<doc>Logs the given message with the given level.</doc>
<status status="PASS" start="2024-05-13T11:12:09.467045" elapsed="0.000397"/>
</kw>
<status status="PASS" start="2024-05-13T11:12:09.302392" elapsed="0.165314"/>
</kw>
<doc>Testa se os tipos de dados na resposta da API estão corretos.</doc>
<tag>testeTiposDados</tag>
<status status="PASS" start="2024-05-13T11:12:09.244434" elapsed="0.223444"/>
</test>
<test id="s1-s1-t5" name="Validar conteudo" line="35">
<kw name="Teste de Tipos de Conteudo" owner="random-user-service">
<kw name="GET On Session" owner="RequestsLibrary">
<msg time="2024-05-13T11:12:09.551865" level="INFO">GET Request : url=https://randomuser.me/api 
 path_url=/api 
 headers={'User-Agent': 'python-requests/2.31.0', 'Accept-Encoding': 'gzip, deflate', 'Accept': '*/*', 'Connection': 'keep-alive'} 
 body=None 
 </msg>
<msg time="2024-05-13T11:12:09.551979" level="INFO">GET Response : url=https://randomuser.me/api 
 status=200, reason=OK 
 headers={'Date': 'Mon, 13 May 2024 11:12:09 GMT', 'Content-Type': 'application/json; charset=utf-8', 'Transfer-Encoding': 'chunked', 'Connection': 'keep-alive', 'X-Powered-By': 'Express', 'Access-Control-Allow-Origin': '*', 'Cache-Control': 'no-cache', 'ETag': 'W/"47e-Qth4T3CObDPuQQvXYXy8MZoExBw"', 'Vary': 'Accept-Encoding', 'Content-Encoding': 'gzip', 'CF-Cache-Status': 'DYNAMIC', 'Report-To': '{"endpoints":[{"url":"https:\\/\\/a.nel.cloudflare.com\\/report\\/v4?s=5Q%2FHQMCbaO9PTnS%2F0dOO4KBI9y32wrLD4DSdONvOWBvrjwyXHOJAFscrnyS%2B9f5WV9C3onOYCJcUXLi%2BH8h0GAnAX4zCqvcYOs8W%2BxJjCWGXPGosCc8fXvpnjGkD3S04"}],"group":"cf-nel","max_age":604800}', 'NEL': '{"success_fraction":0,"report_to":"cf-nel","max_age":604800}', 'Server': 'cloudflare', 'CF-RAY': '8832363b3b6c2012-IAD', 'alt-svc': 'h3=":443"; ma=86400'} 
 body={"results":[{"gender":"male","name":{"title":"Mr","first":"Daryl","last":"Graham"},"location":{"street":{"number":3645,"name":"Karen Dr"},"city":"Townsville","state":"Tasmania","country":"Australia","postcode":3614,"coordinates":{"latitude":"-82.5569","longitude":"-45.1774"},"timezone":{"offset":"-1:00","description":"Azores, Cape Verde Islands"}},"email":"daryl.graham@example.com","login":{"uuid":"35656dab-4ace-4b16-8568-eab3e735a314","username":"happylion938","password":"elephant","salt":"sPV6TeAG","md5":"2e9fa56c0202a729e83942593c101f4d","sha1":"86d581621c52d1184efc319f70a61f6de897f047","sha256":"b73eac4bc46dc8d32117cb21e7ec76f751a9b8c6bd57d3fc2f02bf1150fd2bb7"},"dob":{"date":"1981-07-29T16:33:26.076Z","age":42},"registered":{"date":"2017-04-01T06:56:05.191Z","age":7},"phone":"09-4236-2121","cell":"0407-919-046","id":{"name":"TFN","value":"393283015"},"picture":{"large":"https://randomuser.me/api/portraits/men/21.jpg","medium":"https://randomuser.me/api/portraits/med/men/21.jpg","thumbnail":"https://randomuser.me/api/portraits/thumb/men/21.jpg"},"nat":"AU"}],"info":{"seed":"f634e2364e8f8a62","results":1,"page":1,"version":"1.4"}} 
 </msg>
<msg time="2024-05-13T11:12:09.552060" level="INFO">/opt/hostedtoolcache/Python/3.12.3/x64/lib/python3.12/site-packages/urllib3/connectionpool.py:1103: InsecureRequestWarning: Unverified HTTPS request is being made to host 'randomuser.me'. Adding certificate verification is strongly advised. See: https://urllib3.readthedocs.io/en/latest/advanced-usage.html#tls-warnings
  warnings.warn(</msg>
<msg time="2024-05-13T11:12:09.552180" level="INFO">${response} = &lt;Response [200]&gt;</msg>
<var>${response}</var>
<arg>consultarAPI</arg>
<arg>/api</arg>
<doc>Sends a GET request on a previously created HTTP Session.</doc>
<status status="PASS" start="2024-05-13T11:12:09.470687" elapsed="0.081520"/>
</kw>
<kw name="Set Variable" owner="BuiltIn">
<msg time="2024-05-13T11:12:09.553333" level="INFO">${json_data} = {'results': [{'gender': 'male', 'name': {'title': 'Mr', 'first': 'Daryl', 'last': 'Graham'}, 'location': {'street': {'number': 3645, 'name': 'Karen Dr'}, 'city': 'Townsville', 'state': 'Tasmania', 'co...</msg>
<var>${json_data}</var>
<arg>${response.json()}</arg>
<doc>Returns the given values which can then be assigned to a variables.</doc>
<status status="PASS" start="2024-05-13T11:12:09.552766" elapsed="0.000596"/>
</kw>
<kw name="Set Variable" owner="BuiltIn">
<msg time="2024-05-13T11:12:09.554085" level="INFO">${name_title} = Mr</msg>
<var>${name_title}</var>
<arg>${json_data["results"][0]["name"]["title"]}</arg>
<doc>Returns the given values which can then be assigned to a variables.</doc>
<status status="PASS" start="2024-05-13T11:12:09.553680" elapsed="0.000430"/>
</kw>
<kw name="Create List" owner="BuiltIn">
<msg time="2024-05-13T11:12:09.554606" level="INFO">${allowed_titles} = ['Mr', 'Ms', 'Miss', 'Mrs', 'Madame', 'Monsieur']</msg>
<var>${allowed_titles}</var>
<arg>Mr</arg>
<arg>Ms</arg>
<arg>Miss</arg>
<arg>Mrs</arg>
<arg>Madame</arg>
<arg>Monsieur</arg>
<doc>Returns a list containing given items.</doc>
<status status="PASS" start="2024-05-13T11:12:09.554412" elapsed="0.000223"/>
</kw>
<kw name="List Should Contain Value" owner="Collections">
<msg time="2024-05-13T11:12:09.555137" level="INFO">False</msg>
<arg>${allowed_titles}</arg>
<arg>${name_title}</arg>
<doc>Fails if the ``value`` is not found from ``list``.</doc>
<status status="PASS" start="2024-05-13T11:12:09.554955" elapsed="0.000220"/>
</kw>
<kw name="Set Variable" owner="BuiltIn">
<msg time="2024-05-13T11:12:09.555872" level="INFO">${name_country} = AU</msg>
<var>${name_country}</var>
<arg>${json_data["results"][0]["nat"]}</arg>
<doc>Returns the given values which can then be assigned to a variables.</doc>
<status status="PASS" start="2024-05-13T11:12:09.555471" elapsed="0.000426"/>
</kw>
<kw name="Create List" owner="BuiltIn">
<msg time="2024-05-13T11:12:09.556879" level="INFO">${list_country} = ['AD', 'AE', 'AF', 'AG', 'AI', 'AL', 'AM', 'AO', 'AQ', 'AR', 'AS', 'AT', 'AU', 'AW', 'AX', 'AZ', 'BA', 'BB', 'BD', 'BE', 'BF', 'BG', 'BH', 'BI', 'BJ', 'BL', 'BM', 'BN', 'BO', 'BQ', 'BR', 'BS', 'BT', '...</msg>
<var>${list_country}</var>
<arg>AD</arg>
<arg>AE</arg>
<arg>AF</arg>
<arg>AG</arg>
<arg>AI</arg>
<arg>AL</arg>
<arg>AM</arg>
<arg>AO</arg>
<arg>AQ</arg>
<arg>AR</arg>
<arg>AS</arg>
<arg>AT</arg>
<arg>AU</arg>
<arg>AW</arg>
<arg>AX</arg>
<arg>AZ</arg>
<arg>BA</arg>
<arg>BB</arg>
<arg>BD</arg>
<arg>BE</arg>
<arg>BF</arg>
<arg>BG</arg>
<arg>BH</arg>
<arg>BI</arg>
<arg>BJ</arg>
<arg>BL</arg>
<arg>BM</arg>
<arg>BN</arg>
<arg>BO</arg>
<arg>BQ</arg>
<arg>BR</arg>
<arg>BS</arg>
<arg>BT</arg>
<arg>BV</arg>
<arg>BW</arg>
<arg>BY</arg>
<arg>BZ</arg>
<arg>CA</arg>
<arg>CC</arg>
<arg>CD</arg>
<arg>CF</arg>
<arg>CG</arg>
<arg>CH</arg>
<arg>CI</arg>
<arg>CK</arg>
<arg>CL</arg>
<arg>CM</arg>
<arg>CN</arg>
<arg>CO</arg>
<arg>CR</arg>
<arg>CU</arg>
<arg>CV</arg>
<arg>CW</arg>
<arg>CX</arg>
<arg>CY</arg>
<arg>CZ</arg>
<arg>DE</arg>
<arg>DJ</arg>
<arg>DK</arg>
<arg>DM</arg>
<arg>DO</arg>
<arg>DZ</arg>
<arg>EC</arg>
<arg>EE</arg>
<arg>EG</arg>
<arg>EH</arg>
<arg>ER</arg>
<arg>ES</arg>
<arg>ET</arg>
<arg>FI</arg>
<arg>FJ</arg>
<arg>FK</arg>
<arg>FM</arg>
<arg>FO</arg>
<arg>FR</arg>
<arg>GA</arg>
<arg>GB</arg>
<arg>GD</arg>
<arg>GE</arg>
<arg>GF</arg>
<arg>GG</arg>
<arg>GH</arg>
<arg>GI</arg>
<arg>GL</arg>
<arg>GM</arg>
<arg>GN</arg>
<arg>GP</arg>
<arg>GQ</arg>
<arg>GR</arg>
<arg>GS</arg>
<arg>GT</arg>
<arg>GU</arg>
<arg>GW</arg>
<arg>GY</arg>
<arg>HK</arg>
<arg>HM</arg>
<arg>HN</arg>
<arg>HR</arg>
<arg>HT</arg>
<arg>HU</arg>
<arg>ID</arg>
<arg>IE</arg>
<arg>IL</arg>
<arg>IM</arg>
<arg>IN</arg>
<arg>IO</arg>
<arg>IQ</arg>
<arg>IR</arg>
<arg>IS</arg>
<arg>IT</arg>
<arg>JE</arg>
<arg>JM</arg>
<arg>JO</arg>
<arg>JP</arg>
<arg>KE</arg>
<arg>KG</arg>
<arg>KH</arg>
<arg>KI</arg>
<arg>KM</arg>
<arg>KN</arg>
<arg>KP</arg>
<arg>KR</arg>
<arg>KW</arg>
<arg>KY</arg>
<arg>KZ</arg>
<arg>LA</arg>
<arg>LB</arg>
<arg>LC</arg>
<arg>LI</arg>
<arg>LK</arg>
<arg>LR</arg>
<arg>LS</arg>
<arg>LT</arg>
<arg>LU</arg>
<arg>LV</arg>
<arg>LY</arg>
<arg>MA</arg>
<arg>MC</arg>
<arg>MD</arg>
<arg>ME</arg>
<arg>MF</arg>
<arg>MG</arg>
<arg>MH</arg>
<arg>MK</arg>
<arg>ML</arg>
<arg>MM</arg>
<arg>MN</arg>
<arg>MO</arg>
<arg>MP</arg>
<arg>MQ</arg>
<arg>MR</arg>
<arg>MS</arg>
<arg>MT</arg>
<arg>MU</arg>
<arg>MV</arg>
<arg>MW</arg>
<arg>MX</arg>
<arg>MY</arg>
<arg>MZ</arg>
<arg>NA</arg>
<arg>NC</arg>
<arg>NE</arg>
<arg>NF</arg>
<arg>NG</arg>
<arg>NI</arg>
<arg>NL</arg>
<arg>NO</arg>
<arg>NP</arg>
<arg>NR</arg>
<arg>NU</arg>
<arg>NZ</arg>
<arg>OM</arg>
<arg>PA</arg>
<arg>PE</arg>
<arg>PF</arg>
<arg>PG</arg>
<arg>PH</arg>
<arg>PK</arg>
<arg>PL</arg>
<arg>PM</arg>
<arg>PN</arg>
<arg>PR</arg>
<arg>PS</arg>
<arg>PT</arg>
<arg>PW</arg>
<arg>PY</arg>
<arg>QA</arg>
<arg>RE</arg>
<arg>RO</arg>
<arg>RS</arg>
<arg>RU</arg>
<arg>RW</arg>
<arg>SA</arg>
<arg>SB</arg>
<arg>SC</arg>
<arg>SD</arg>
<arg>SE</arg>
<arg>SG</arg>
<arg>SH</arg>
<arg>SI</arg>
<arg>SJ</arg>
<arg>SK</arg>
<arg>SL</arg>
<arg>SM</arg>
<arg>SN</arg>
<arg>SO</arg>
<arg>SR</arg>
<arg>SS</arg>
<arg>ST</arg>
<arg>SV</arg>
<arg>SX</arg>
<arg>SY</arg>
<arg>SZ</arg>
<arg>TC</arg>
<arg>TD</arg>
<arg>TF</arg>
<arg>TG</arg>
<arg>TH</arg>
<arg>TJ</arg>
<arg>TK</arg>
<arg>TL</arg>
<arg>TM</arg>
<arg>TN</arg>
<arg>TO</arg>
<arg>TR</arg>
<arg>TT</arg>
<arg>TV</arg>
<arg>TW</arg>
<arg>TZ</arg>
<arg>UA</arg>
<arg>UG</arg>
<arg>UM</arg>
<arg>US</arg>
<arg>UY</arg>
<arg>UZ</arg>
<arg>VA</arg>
<arg>VC</arg>
<arg>VE</arg>
<arg>VG</arg>
<arg>VI</arg>
<arg>VN</arg>
<arg>VU</arg>
<arg>WF</arg>
<arg>WS</arg>
<arg>XK</arg>
<arg>YE</arg>
<arg>YT</arg>
<arg>ZA</arg>
<arg>ZM</arg>
<arg>ZW</arg>
<doc>Returns a list containing given items.</doc>
<status status="PASS" start="2024-05-13T11:12:09.556202" elapsed="0.000704"/>
</kw>
<kw name="List Should Contain Value" owner="Collections">
<msg time="2024-05-13T11:12:09.557921" level="INFO">False</msg>
<arg>${list_country}</arg>
<arg>${name_country}</arg>
<doc>Fails if the ``value`` is not found from ``list``.</doc>
<status status="PASS" start="2024-05-13T11:12:09.557714" elapsed="0.000244"/>
</kw>
<kw name="Run Keyword If" owner="BuiltIn">
<kw name="Should Be True" owner="BuiltIn">
<arg>${True}</arg>
<doc>Fails if the given condition is not true.</doc>
<status status="PASS" start="2024-05-13T11:12:09.559106" elapsed="0.000264"/>
</kw>
<arg>${json_data["results"][0]["location"]["coordinates"]["latitude"]} &gt;= -90 and ${json_data["results"][0]["location"]["coordinates"]["latitude"]} &lt;= 90</arg>
<arg>Should Be True</arg>
<arg>${True}</arg>
<doc>Runs the given keyword with the given arguments, if ``condition`` is true.</doc>
<status status="PASS" start="2024-05-13T11:12:09.558274" elapsed="0.001229"/>
</kw>
<kw name="Run Keyword If" owner="BuiltIn">
<kw name="Should Be True" owner="BuiltIn">
<arg>${True}</arg>
<doc>Fails if the given condition is not true.</doc>
<status status="PASS" start="2024-05-13T11:12:09.560438" elapsed="0.000137"/>
</kw>
<arg>${json_data["results"][0]["location"]["coordinates"]["longitude"]} &gt;= -180 and ${json_data["results"][0]["location"]["coordinates"]["longitude"]} &lt;= 180</arg>
<arg>Should Be True</arg>
<arg>${True}</arg>
<doc>Runs the given keyword with the given arguments, if ``condition`` is true.</doc>
<status status="PASS" start="2024-05-13T11:12:09.559701" elapsed="0.000999"/>
</kw>
<status status="PASS" start="2024-05-13T11:12:09.470268" elapsed="0.090565"/>
</kw>
<doc>Testa o conteúdo específico dos campos retornados pela API.</doc>
<tag>testeConteudo</tag>
<status status="PASS" start="2024-05-13T11:12:09.469612" elapsed="0.091377"/>
</test>
<status status="PASS" start="2024-05-13T11:12:07.978230" elapsed="1.584748"/>
</suite>
<status status="PASS" start="2024-05-13T11:12:07.962419" elapsed="1.605700"/>
</suite>
<statistics>
<total>
<stat pass="5" fail="0" skip="0">All Tests</stat>
</total>
<tag>
<stat pass="1" fail="0" skip="0">testeConteudo</stat>
<stat pass="1" fail="0" skip="0">testeEstruturaResposta</stat>
<stat pass="1" fail="0" skip="0">testeRequisicaoBasica</stat>
<stat pass="1" fail="0" skip="0">testeTiposDados</stat>
</tag>
<suite>
<stat pass="5" fail="0" skip="0" id="s1" name="Tests">Tests</stat>
<stat pass="5" fail="0" skip="0" id="s1-s1" name="Random-User-Test">Tests.Random-User-Test</stat>
</suite>
</statistics>
<errors>
</errors>
</robot>
