<?xml version="1.0" encoding="UTF-8"?>
<robot generator="Robot 7.0 (Python 3.12.2 on linux)" generated="2024-04-01T01:04:53.145526" rpa="false" schemaversion="5">
<suite id="s1" name="Tests" source="/home/runner/work/DesafioQAItauRogerioJordao/DesafioQAItauRogerioJordao/RamdonUser/tests">
<suite id="s1-s1" name="Random-User-Test" source="/home/runner/work/DesafioQAItauRogerioJordao/DesafioQAItauRogerioJordao/RamdonUser/tests/random-user-test.robot">
<test id="s1-s1-t1" name="Conectar" line="13">
<kw name="Conectar API" owner="random-user-service">
<kw name="Create Session" owner="RequestsLibrary">
<msg time="2024-04-01T01:04:53.612764" level="INFO">Creating Session using : alias=consultarAPI, url=https://randomuser.me/, headers={},                     cookies={}, auth=None, timeout=None, proxies=None, verify=False,                     debug=0 </msg>
<arg>consultarAPI</arg>
<arg>${URL}</arg>
<doc>Create Session: create a HTTP session to a server</doc>
<status status="PASS" start="2024-04-01T01:04:53.610478" elapsed="0.002551"/>
</kw>
<status status="PASS" start="2024-04-01T01:04:53.609388" elapsed="0.004241"/>
</kw>
<status status="PASS" start="2024-04-01T01:04:53.608700" elapsed="0.005158"/>
</test>
<test id="s1-s1-t2" name="Validar retorno 200 e JSON Válido" line="16">
<kw name="Teste de Requisicao Basica" owner="random-user-service">
<kw name="GET On Session" owner="RequestsLibrary">
<msg time="2024-04-01T01:04:53.702779" level="INFO">GET Request : url=https://randomuser.me/api 
 path_url=/api 
 headers={'User-Agent': 'python-requests/2.31.0', 'Accept-Encoding': 'gzip, deflate', 'Accept': '*/*', 'Connection': 'keep-alive'} 
 body=None 
 </msg>
<msg time="2024-04-01T01:04:53.702929" level="INFO">GET Response : url=https://randomuser.me/api 
 status=200, reason=OK 
 headers={'Date': 'Mon, 01 Apr 2024 01:04:53 GMT', 'Content-Type': 'application/json; charset=utf-8', 'Transfer-Encoding': 'chunked', 'Connection': 'keep-alive', 'X-Powered-By': 'Express', 'Access-Control-Allow-Origin': '*', 'Cache-Control': 'no-cache', 'ETag': 'W/"487-OrigZZKCEhNZ4FXFF96ULs8ob90"', 'Vary': 'Accept-Encoding', 'Content-Encoding': 'gzip', 'CF-Cache-Status': 'DYNAMIC', 'Report-To': '{"endpoints":[{"url":"https:\\/\\/a.nel.cloudflare.com\\/report\\/v4?s=fjdiy9EUWSuiJ1nxSC8r3BzvzldihnbArLr4%2BlIfFJy34ht4ym9RS6X28Z8lzu1rYe9KuYvlxDHkVPJqOh49pbo7aUXbFTJ3ICK0l6UsB8LhF%2F30ZpXZx9H%2BO5okaY82"}],"group":"cf-nel","max_age":604800}', 'NEL': '{"success_fraction":0,"report_to":"cf-nel","max_age":604800}', 'Server': 'cloudflare', 'CF-RAY': '86d4aaef5b812a90-ORD', 'alt-svc': 'h3=":443"; ma=86400'} 
 body={"results":[{"gender":"female","name":{"title":"Ms","first":"Reina","last":"Moya"},"location":{"street":{"number":4342,"name":"Circuito Arroyo"},"city":"Huixtla","state":"Guerrero","country":"Mexico","postcode":39559,"coordinates":{"latitude":"26.6135","longitude":"110.3633"},"timezone":{"offset":"+9:30","description":"Adelaide, Darwin"}},"email":"reina.moya@example.com","login":{"uuid":"d9ee6556-5c8f-4e24-b3d9-c0b4eddd00fd","username":"organicpeacock103","password":"smiths","salt":"VF73kt8n","md5":"eaa4e55f1afdef6ed35d7b319f28059a","sha1":"02eea1231c8c35f93b1ce2196e79d61a87d6a3e6","sha256":"332d3dc8faf8baa9de221fab1b273d4a428cd8fcbb795292671f2abaf34d87a5"},"dob":{"date":"1985-04-21T22:02:28.225Z","age":38},"registered":{"date":"2008-04-27T16:14:49.575Z","age":15},"phone":"(688) 800 9867","cell":"(638) 156 3943","id":{"name":"NSS","value":"36 84 49 5191 8"},"picture":{"large":"https://randomuser.me/api/portraits/women/90.jpg","medium":"https://randomuser.me/api/portraits/med/women/90.jpg","thumbnail":"https://randomuser.me/api/portraits/thumb/women/90.jpg"},"nat":"MX"}],"info":{"seed":"1c63895f2ed4af2f","results":1,"page":1,"version":"1.4"}} 
 </msg>
<msg time="2024-04-01T01:04:53.703031" level="INFO">/opt/hostedtoolcache/Python/3.12.2/x64/lib/python3.12/site-packages/urllib3/connectionpool.py:1103: InsecureRequestWarning: Unverified HTTPS request is being made to host 'randomuser.me'. Adding certificate verification is strongly advised. See: https://urllib3.readthedocs.io/en/latest/advanced-usage.html#tls-warnings
  warnings.warn(</msg>
<msg time="2024-04-01T01:04:53.703196" level="INFO">${response} = &lt;Response [200]&gt;</msg>
<var>${response}</var>
<arg>consultarAPI</arg>
<arg>/api</arg>
<doc>Sends a GET request on a previously created HTTP Session.</doc>
<status status="PASS" start="2024-04-01T01:04:53.616893" elapsed="0.086344"/>
</kw>
<kw name="Should Be Equal As Numbers" owner="BuiltIn">
<msg time="2024-04-01T01:04:53.704210" level="INFO">Argument types are:
&lt;class 'int'&gt;
&lt;class 'str'&gt;</msg>
<arg>${response.status_code}</arg>
<arg>200</arg>
<doc>Fails if objects are unequal after converting them to real numbers.</doc>
<status status="PASS" start="2024-04-01T01:04:53.703748" elapsed="0.000526"/>
</kw>
<kw name="Log" owner="BuiltIn">
<msg time="2024-04-01T01:04:53.704957" level="INFO">200</msg>
<arg>${response.status_code}</arg>
<doc>Logs the given message with the given level.</doc>
<status status="PASS" start="2024-04-01T01:04:53.704600" elapsed="0.000400"/>
</kw>
<kw name="Set Variable" owner="BuiltIn">
<msg time="2024-04-01T01:04:53.705860" level="INFO">${json_data} = {'results': [{'gender': 'female', 'name': {'title': 'Ms', 'first': 'Reina', 'last': 'Moya'}, 'location': {'street': {'number': 4342, 'name': 'Circuito Arroyo'}, 'city': 'Huixtla', 'state': 'Guerrero',...</msg>
<var>${json_data}</var>
<arg>${response.json()}</arg>
<doc>Returns the given values which can then be assigned to a variables.</doc>
<status status="PASS" start="2024-04-01T01:04:53.705409" elapsed="0.000480"/>
</kw>
<kw name="Dictionary Should Contain Key" owner="Collections">
<msg time="2024-04-01T01:04:53.706365" level="INFO">False</msg>
<arg>${json_data}</arg>
<arg>results</arg>
<doc>Fails if ``key`` is not found from ``dictionary``.</doc>
<status status="PASS" start="2024-04-01T01:04:53.706194" elapsed="0.000211"/>
</kw>
<status status="PASS" start="2024-04-01T01:04:53.616582" elapsed="0.090079"/>
</kw>
<doc>Testa se a API responde corretamente e retorna um objeto JSON válido.</doc>
<tag>testeRequisicaoBasica</tag>
<status status="PASS" start="2024-04-01T01:04:53.615916" elapsed="0.091306"/>
</test>
<test id="s1-s1-t3" name="Validar estrutura de resposta" line="22">
<kw name="Teste de Estrutura de Resposta" owner="random-user-service">
<kw name="GET On Session" owner="RequestsLibrary">
<msg time="2024-04-01T01:04:53.805998" level="INFO">GET Request : url=https://randomuser.me/api 
 path_url=/api 
 headers={'User-Agent': 'python-requests/2.31.0', 'Accept-Encoding': 'gzip, deflate', 'Accept': '*/*', 'Connection': 'keep-alive'} 
 body=None 
 </msg>
<msg time="2024-04-01T01:04:53.806102" level="INFO">GET Response : url=https://randomuser.me/api 
 status=200, reason=OK 
 headers={'Date': 'Mon, 01 Apr 2024 01:04:53 GMT', 'Content-Type': 'application/json; charset=utf-8', 'Transfer-Encoding': 'chunked', 'Connection': 'keep-alive', 'X-Powered-By': 'Express', 'Access-Control-Allow-Origin': '*', 'Cache-Control': 'no-cache', 'ETag': 'W/"48d-JKGDMQj4K6GmfxIFe8z9T0nOCp8"', 'Vary': 'Accept-Encoding', 'Content-Encoding': 'gzip', 'CF-Cache-Status': 'DYNAMIC', 'Report-To': '{"endpoints":[{"url":"https:\\/\\/a.nel.cloudflare.com\\/report\\/v4?s=PVgWQS51N2vScSwkXSXoL%2B6rbgBu00US8e0AhualVrnPu0xOW0ZiHjK4s6xqlECrNYX4uw6zZznIAt%2B14vFooI8k3%2By%2B5tTPsf4lx7bF2fr%2BXjZgkVxLM1u90V3zrMrl"}],"group":"cf-nel","max_age":604800}', 'NEL': '{"success_fraction":0,"report_to":"cf-nel","max_age":604800}', 'Server': 'cloudflare', 'CF-RAY': '86d4aaefabda2a90-ORD', 'alt-svc': 'h3=":443"; ma=86400'} 
 body={"results":[{"gender":"male","name":{"title":"Mr","first":"Valdemar","last":"Mortensen"},"location":{"street":{"number":4916,"name":"Agervej"},"city":"Samsø","state":"Hovedstaden","country":"Denmark","postcode":33976,"coordinates":{"latitude":"-45.9005","longitude":"-19.9009"},"timezone":{"offset":"-5:00","description":"Eastern Time (US &amp; Canada), Bogota, Lima"}},"email":"valdemar.mortensen@example.com","login":{"uuid":"f8470b44-8adc-4076-9860-a1a9cedc266b","username":"greenbear665","password":"m5wkqf","salt":"FO3YaBy2","md5":"b8cd7575c182108d1e9cd2b596aaeeb1","sha1":"f7102527e4d013487110e88cc77d90f601e7557f","sha256":"18af08eb9a31bdfeaa26eaadf188b35fb94be048778f0f69931a6c95a480c090"},"dob":{"date":"1950-03-06T11:47:17.256Z","age":74},"registered":{"date":"2015-03-17T12:59:16.270Z","age":9},"phone":"79871347","cell":"20854215","id":{"name":"CPR","value":"060350-2611"},"picture":{"large":"https://randomuser.me/api/portraits/men/58.jpg","medium":"https://randomuser.me/api/portraits/med/men/58.jpg","thumbnail":"https://randomuser.me/api/portraits/thumb/men/58.jpg"},"nat":"DK"}],"info":{"seed":"d1e5140bd8b825dc","results":1,"page":1,"version":"1.4"}} 
 </msg>
<msg time="2024-04-01T01:04:53.806251" level="INFO">/opt/hostedtoolcache/Python/3.12.2/x64/lib/python3.12/site-packages/urllib3/connectionpool.py:1103: InsecureRequestWarning: Unverified HTTPS request is being made to host 'randomuser.me'. Adding certificate verification is strongly advised. See: https://urllib3.readthedocs.io/en/latest/advanced-usage.html#tls-warnings
  warnings.warn(</msg>
<msg time="2024-04-01T01:04:53.806405" level="INFO">${response} = &lt;Response [200]&gt;</msg>
<var>${response}</var>
<arg>consultarAPI</arg>
<arg>/api</arg>
<doc>Sends a GET request on a previously created HTTP Session.</doc>
<status status="PASS" start="2024-04-01T01:04:53.710046" elapsed="0.096393"/>
</kw>
<kw name="Set Variable" owner="BuiltIn">
<msg time="2024-04-01T01:04:53.807571" level="INFO">${json_data} = {'results': [{'gender': 'male', 'name': {'title': 'Mr', 'first': 'Valdemar', 'last': 'Mortensen'}, 'location': {'street': {'number': 4916, 'name': 'Agervej'}, 'city': 'Samsø', 'state': 'Hovedstaden', ...</msg>
<var>${json_data}</var>
<arg>${response.json()}</arg>
<doc>Returns the given values which can then be assigned to a variables.</doc>
<status status="PASS" start="2024-04-01T01:04:53.806927" elapsed="0.000675"/>
</kw>
<kw name="Log" owner="BuiltIn">
<msg time="2024-04-01T01:04:53.808092" level="INFO">{'results': [{'gender': 'male', 'name': {'title': 'Mr', 'first': 'Valdemar', 'last': 'Mortensen'}, 'location': {'street': {'number': 4916, 'name': 'Agervej'}, 'city': 'Samsø', 'state': 'Hovedstaden', 'country': 'Denmark', 'postcode': 33976, 'coordinates': {'latitude': '-45.9005', 'longitude': '-19.9009'}, 'timezone': {'offset': '-5:00', 'description': 'Eastern Time (US &amp; Canada), Bogota, Lima'}}, 'email': 'valdemar.mortensen@example.com', 'login': {'uuid': 'f8470b44-8adc-4076-9860-a1a9cedc266b', 'username': 'greenbear665', 'password': 'm5wkqf', 'salt': 'FO3YaBy2', 'md5': 'b8cd7575c182108d1e9cd2b596aaeeb1', 'sha1': 'f7102527e4d013487110e88cc77d90f601e7557f', 'sha256': '18af08eb9a31bdfeaa26eaadf188b35fb94be048778f0f69931a6c95a480c090'}, 'dob': {'date': '1950-03-06T11:47:17.256Z', 'age': 74}, 'registered': {'date': '2015-03-17T12:59:16.270Z', 'age': 9}, 'phone': '79871347', 'cell': '20854215', 'id': {'name': 'CPR', 'value': '060350-2611'}, 'picture': {'large': 'https://randomuser.me/api/portraits/men/58.jpg', 'medium': 'https://randomuser.me/api/portraits/med/men/58.jpg', 'thumbnail': 'https://randomuser.me/api/portraits/thumb/men/58.jpg'}, 'nat': 'DK'}], 'info': {'seed': 'd1e5140bd8b825dc', 'results': 1, 'page': 1, 'version': '1.4'}}</msg>
<arg>${json_data}</arg>
<doc>Logs the given message with the given level.</doc>
<status status="PASS" start="2024-04-01T01:04:53.807923" elapsed="0.000220"/>
</kw>
<kw name="Dictionary Should Contain Key" owner="Collections">
<msg time="2024-04-01T01:04:53.808754" level="INFO">False</msg>
<arg>${json_data}</arg>
<arg>results</arg>
<doc>Fails if ``key`` is not found from ``dictionary``.</doc>
<status status="PASS" start="2024-04-01T01:04:53.808580" elapsed="0.000213"/>
</kw>
<kw name="Should Not Be Empty" owner="BuiltIn">
<msg time="2024-04-01T01:04:53.809234" level="INFO">Length is 2.</msg>
<arg>${json_data}</arg>
<doc>Verifies that the given item is not empty.</doc>
<status status="PASS" start="2024-04-01T01:04:53.809097" elapsed="0.000176"/>
</kw>
<kw name="Create List" owner="BuiltIn">
<msg time="2024-04-01T01:04:53.809767" level="INFO">${expected_keys} = ['gender', 'name', 'location', 'email', 'login']</msg>
<var>${expected_keys}</var>
<arg>gender</arg>
<arg>name</arg>
<arg>location</arg>
<arg>email</arg>
<arg>login</arg>
<doc>Returns a list containing given items.</doc>
<status status="PASS" start="2024-04-01T01:04:53.809611" elapsed="0.000182"/>
</kw>
<for flavor="IN">
<iter>
<kw name="Dictionary Should Contain Key" owner="Collections">
<msg time="2024-04-01T01:04:53.811130" level="INFO">False</msg>
<arg>${json_data['results'][0]}</arg>
<arg>${key}</arg>
<doc>Fails if ``key`` is not found from ``dictionary``.</doc>
<status status="PASS" start="2024-04-01T01:04:53.810722" elapsed="0.000448"/>
</kw>
<kw name="Log" owner="BuiltIn">
<msg time="2024-04-01T01:04:53.811907" level="INFO">{'gender': 'male', 'name': {'title': 'Mr', 'first': 'Valdemar', 'last': 'Mortensen'}, 'location': {'street': {'number': 4916, 'name': 'Agervej'}, 'city': 'Samsø', 'state': 'Hovedstaden', 'country': 'Denmark', 'postcode': 33976, 'coordinates': {'latitude': '-45.9005', 'longitude': '-19.9009'}, 'timezone': {'offset': '-5:00', 'description': 'Eastern Time (US &amp; Canada), Bogota, Lima'}}, 'email': 'valdemar.mortensen@example.com', 'login': {'uuid': 'f8470b44-8adc-4076-9860-a1a9cedc266b', 'username': 'greenbear665', 'password': 'm5wkqf', 'salt': 'FO3YaBy2', 'md5': 'b8cd7575c182108d1e9cd2b596aaeeb1', 'sha1': 'f7102527e4d013487110e88cc77d90f601e7557f', 'sha256': '18af08eb9a31bdfeaa26eaadf188b35fb94be048778f0f69931a6c95a480c090'}, 'dob': {'date': '1950-03-06T11:47:17.256Z', 'age': 74}, 'registered': {'date': '2015-03-17T12:59:16.270Z', 'age': 9}, 'phone': '79871347', 'cell': '20854215', 'id': {'name': 'CPR', 'value': '060350-2611'}, 'picture': {'large': 'https://randomuser.me/api/portraits/men/58.jpg', 'medium': 'https://randomuser.me/api/portraits/med/men/58.jpg', 'thumbnail': 'https://randomuser.me/api/portraits/thumb/men/58.jpg'}, 'nat': 'DK'}</msg>
<arg>${json_data['results'][0]}</arg>
<doc>Logs the given message with the given level.</doc>
<status status="PASS" start="2024-04-01T01:04:53.811527" elapsed="0.000439"/>
</kw>
<kw name="Log" owner="BuiltIn">
<msg time="2024-04-01T01:04:53.812412" level="INFO">gender</msg>
<arg>${key}</arg>
<doc>Logs the given message with the given level.</doc>
<status status="PASS" start="2024-04-01T01:04:53.812278" elapsed="0.000173"/>
</kw>
<var name="${key}">gender</var>
<status status="PASS" start="2024-04-01T01:04:53.810587" elapsed="0.002109"/>
</iter>
<iter>
<kw name="Dictionary Should Contain Key" owner="Collections">
<msg time="2024-04-01T01:04:53.813518" level="INFO">False</msg>
<arg>${json_data['results'][0]}</arg>
<arg>${key}</arg>
<doc>Fails if ``key`` is not found from ``dictionary``.</doc>
<status status="PASS" start="2024-04-01T01:04:53.813004" elapsed="0.000556"/>
</kw>
<kw name="Log" owner="BuiltIn">
<msg time="2024-04-01T01:04:53.814425" level="INFO">{'gender': 'male', 'name': {'title': 'Mr', 'first': 'Valdemar', 'last': 'Mortensen'}, 'location': {'street': {'number': 4916, 'name': 'Agervej'}, 'city': 'Samsø', 'state': 'Hovedstaden', 'country': 'Denmark', 'postcode': 33976, 'coordinates': {'latitude': '-45.9005', 'longitude': '-19.9009'}, 'timezone': {'offset': '-5:00', 'description': 'Eastern Time (US &amp; Canada), Bogota, Lima'}}, 'email': 'valdemar.mortensen@example.com', 'login': {'uuid': 'f8470b44-8adc-4076-9860-a1a9cedc266b', 'username': 'greenbear665', 'password': 'm5wkqf', 'salt': 'FO3YaBy2', 'md5': 'b8cd7575c182108d1e9cd2b596aaeeb1', 'sha1': 'f7102527e4d013487110e88cc77d90f601e7557f', 'sha256': '18af08eb9a31bdfeaa26eaadf188b35fb94be048778f0f69931a6c95a480c090'}, 'dob': {'date': '1950-03-06T11:47:17.256Z', 'age': 74}, 'registered': {'date': '2015-03-17T12:59:16.270Z', 'age': 9}, 'phone': '79871347', 'cell': '20854215', 'id': {'name': 'CPR', 'value': '060350-2611'}, 'picture': {'large': 'https://randomuser.me/api/portraits/men/58.jpg', 'medium': 'https://randomuser.me/api/portraits/med/men/58.jpg', 'thumbnail': 'https://randomuser.me/api/portraits/thumb/men/58.jpg'}, 'nat': 'DK'}</msg>
<arg>${json_data['results'][0]}</arg>
<doc>Logs the given message with the given level.</doc>
<status status="PASS" start="2024-04-01T01:04:53.814055" elapsed="0.000422"/>
</kw>
<kw name="Log" owner="BuiltIn">
<msg time="2024-04-01T01:04:53.814921" level="INFO">name</msg>
<arg>${key}</arg>
<doc>Logs the given message with the given level.</doc>
<status status="PASS" start="2024-04-01T01:04:53.814783" elapsed="0.000177"/>
</kw>
<var name="${key}">name</var>
<status status="PASS" start="2024-04-01T01:04:53.812888" elapsed="0.002375"/>
</iter>
<iter>
<kw name="Dictionary Should Contain Key" owner="Collections">
<msg time="2024-04-01T01:04:53.816303" level="INFO">False</msg>
<arg>${json_data['results'][0]}</arg>
<arg>${key}</arg>
<doc>Fails if ``key`` is not found from ``dictionary``.</doc>
<status status="PASS" start="2024-04-01T01:04:53.815661" elapsed="0.000683"/>
</kw>
<kw name="Log" owner="BuiltIn">
<msg time="2024-04-01T01:04:53.817033" level="INFO">{'gender': 'male', 'name': {'title': 'Mr', 'first': 'Valdemar', 'last': 'Mortensen'}, 'location': {'street': {'number': 4916, 'name': 'Agervej'}, 'city': 'Samsø', 'state': 'Hovedstaden', 'country': 'Denmark', 'postcode': 33976, 'coordinates': {'latitude': '-45.9005', 'longitude': '-19.9009'}, 'timezone': {'offset': '-5:00', 'description': 'Eastern Time (US &amp; Canada), Bogota, Lima'}}, 'email': 'valdemar.mortensen@example.com', 'login': {'uuid': 'f8470b44-8adc-4076-9860-a1a9cedc266b', 'username': 'greenbear665', 'password': 'm5wkqf', 'salt': 'FO3YaBy2', 'md5': 'b8cd7575c182108d1e9cd2b596aaeeb1', 'sha1': 'f7102527e4d013487110e88cc77d90f601e7557f', 'sha256': '18af08eb9a31bdfeaa26eaadf188b35fb94be048778f0f69931a6c95a480c090'}, 'dob': {'date': '1950-03-06T11:47:17.256Z', 'age': 74}, 'registered': {'date': '2015-03-17T12:59:16.270Z', 'age': 9}, 'phone': '79871347', 'cell': '20854215', 'id': {'name': 'CPR', 'value': '060350-2611'}, 'picture': {'large': 'https://randomuser.me/api/portraits/men/58.jpg', 'medium': 'https://randomuser.me/api/portraits/med/men/58.jpg', 'thumbnail': 'https://randomuser.me/api/portraits/thumb/men/58.jpg'}, 'nat': 'DK'}</msg>
<arg>${json_data['results'][0]}</arg>
<doc>Logs the given message with the given level.</doc>
<status status="PASS" start="2024-04-01T01:04:53.816660" elapsed="0.000429"/>
</kw>
<kw name="Log" owner="BuiltIn">
<msg time="2024-04-01T01:04:53.817623" level="INFO">location</msg>
<arg>${key}</arg>
<doc>Logs the given message with the given level.</doc>
<status status="PASS" start="2024-04-01T01:04:53.817481" elapsed="0.000182"/>
</kw>
<var name="${key}">location</var>
<status status="PASS" start="2024-04-01T01:04:53.815491" elapsed="0.002395"/>
</iter>
<iter>
<kw name="Dictionary Should Contain Key" owner="Collections">
<msg time="2024-04-01T01:04:53.818656" level="INFO">False</msg>
<arg>${json_data['results'][0]}</arg>
<arg>${key}</arg>
<doc>Fails if ``key`` is not found from ``dictionary``.</doc>
<status status="PASS" start="2024-04-01T01:04:53.818172" elapsed="0.000526"/>
</kw>
<kw name="Log" owner="BuiltIn">
<msg time="2024-04-01T01:04:53.819759" level="INFO">{'gender': 'male', 'name': {'title': 'Mr', 'first': 'Valdemar', 'last': 'Mortensen'}, 'location': {'street': {'number': 4916, 'name': 'Agervej'}, 'city': 'Samsø', 'state': 'Hovedstaden', 'country': 'Denmark', 'postcode': 33976, 'coordinates': {'latitude': '-45.9005', 'longitude': '-19.9009'}, 'timezone': {'offset': '-5:00', 'description': 'Eastern Time (US &amp; Canada), Bogota, Lima'}}, 'email': 'valdemar.mortensen@example.com', 'login': {'uuid': 'f8470b44-8adc-4076-9860-a1a9cedc266b', 'username': 'greenbear665', 'password': 'm5wkqf', 'salt': 'FO3YaBy2', 'md5': 'b8cd7575c182108d1e9cd2b596aaeeb1', 'sha1': 'f7102527e4d013487110e88cc77d90f601e7557f', 'sha256': '18af08eb9a31bdfeaa26eaadf188b35fb94be048778f0f69931a6c95a480c090'}, 'dob': {'date': '1950-03-06T11:47:17.256Z', 'age': 74}, 'registered': {'date': '2015-03-17T12:59:16.270Z', 'age': 9}, 'phone': '79871347', 'cell': '20854215', 'id': {'name': 'CPR', 'value': '060350-2611'}, 'picture': {'large': 'https://randomuser.me/api/portraits/men/58.jpg', 'medium': 'https://randomuser.me/api/portraits/med/men/58.jpg', 'thumbnail': 'https://randomuser.me/api/portraits/thumb/men/58.jpg'}, 'nat': 'DK'}</msg>
<arg>${json_data['results'][0]}</arg>
<doc>Logs the given message with the given level.</doc>
<status status="PASS" start="2024-04-01T01:04:53.819014" elapsed="0.000919"/>
</kw>
<kw name="Log" owner="BuiltIn">
<msg time="2024-04-01T01:04:53.820767" level="INFO">email</msg>
<arg>${key}</arg>
<doc>Logs the given message with the given level.</doc>
<status status="PASS" start="2024-04-01T01:04:53.820520" elapsed="0.000297"/>
</kw>
<var name="${key}">email</var>
<status status="PASS" start="2024-04-01T01:04:53.818059" elapsed="0.003052"/>
</iter>
<iter>
<kw name="Dictionary Should Contain Key" owner="Collections">
<msg time="2024-04-01T01:04:53.821841" level="INFO">False</msg>
<arg>${json_data['results'][0]}</arg>
<arg>${key}</arg>
<doc>Fails if ``key`` is not found from ``dictionary``.</doc>
<status status="PASS" start="2024-04-01T01:04:53.821442" elapsed="0.000514"/>
</kw>
<kw name="Log" owner="BuiltIn">
<msg time="2024-04-01T01:04:53.822668" level="INFO">{'gender': 'male', 'name': {'title': 'Mr', 'first': 'Valdemar', 'last': 'Mortensen'}, 'location': {'street': {'number': 4916, 'name': 'Agervej'}, 'city': 'Samsø', 'state': 'Hovedstaden', 'country': 'Denmark', 'postcode': 33976, 'coordinates': {'latitude': '-45.9005', 'longitude': '-19.9009'}, 'timezone': {'offset': '-5:00', 'description': 'Eastern Time (US &amp; Canada), Bogota, Lima'}}, 'email': 'valdemar.mortensen@example.com', 'login': {'uuid': 'f8470b44-8adc-4076-9860-a1a9cedc266b', 'username': 'greenbear665', 'password': 'm5wkqf', 'salt': 'FO3YaBy2', 'md5': 'b8cd7575c182108d1e9cd2b596aaeeb1', 'sha1': 'f7102527e4d013487110e88cc77d90f601e7557f', 'sha256': '18af08eb9a31bdfeaa26eaadf188b35fb94be048778f0f69931a6c95a480c090'}, 'dob': {'date': '1950-03-06T11:47:17.256Z', 'age': 74}, 'registered': {'date': '2015-03-17T12:59:16.270Z', 'age': 9}, 'phone': '79871347', 'cell': '20854215', 'id': {'name': 'CPR', 'value': '060350-2611'}, 'picture': {'large': 'https://randomuser.me/api/portraits/men/58.jpg', 'medium': 'https://randomuser.me/api/portraits/med/men/58.jpg', 'thumbnail': 'https://randomuser.me/api/portraits/thumb/men/58.jpg'}, 'nat': 'DK'}</msg>
<arg>${json_data['results'][0]}</arg>
<doc>Logs the given message with the given level.</doc>
<status status="PASS" start="2024-04-01T01:04:53.822291" elapsed="0.000430"/>
</kw>
<kw name="Log" owner="BuiltIn">
<msg time="2024-04-01T01:04:53.823255" level="INFO">login</msg>
<arg>${key}</arg>
<doc>Logs the given message with the given level.</doc>
<status status="PASS" start="2024-04-01T01:04:53.823114" elapsed="0.000299"/>
</kw>
<var name="${key}">login</var>
<status status="PASS" start="2024-04-01T01:04:53.821298" elapsed="0.002371"/>
</iter>
<var>${key}</var>
<value>@{expected_keys}</value>
<status status="PASS" start="2024-04-01T01:04:53.810381" elapsed="0.013418"/>
</for>
<kw name="Create List" owner="BuiltIn">
<msg time="2024-04-01T01:04:53.824141" level="INFO">${expected_keysTwo} = ['username', 'password']</msg>
<var>${expected_keysTwo}</var>
<arg>username</arg>
<arg>password</arg>
<doc>Returns a list containing given items.</doc>
<status status="PASS" start="2024-04-01T01:04:53.823999" elapsed="0.000166"/>
</kw>
<for flavor="IN">
<iter>
<kw name="Dictionary Should Contain Key" owner="Collections">
<msg time="2024-04-01T01:04:53.825187" level="INFO">False</msg>
<arg>${json_data['results'][0]['login']}</arg>
<arg>${keyTwo}</arg>
<doc>Fails if ``key`` is not found from ``dictionary``.</doc>
<status status="PASS" start="2024-04-01T01:04:53.824781" elapsed="0.000445"/>
</kw>
<kw name="Dictionary Should Contain Key" owner="Collections">
<msg time="2024-04-01T01:04:53.826105" level="INFO">False</msg>
<arg>${json_data['results'][0]['login']}</arg>
<arg>${keyTwo}</arg>
<doc>Fails if ``key`` is not found from ``dictionary``.</doc>
<status status="PASS" start="2024-04-01T01:04:53.825629" elapsed="0.000517"/>
</kw>
<kw name="Log" owner="BuiltIn">
<msg time="2024-04-01T01:04:53.826614" level="INFO">username</msg>
<arg>${keyTwo}</arg>
<doc>Logs the given message with the given level.</doc>
<status status="PASS" start="2024-04-01T01:04:53.826475" elapsed="0.000177"/>
</kw>
<var name="${keyTwo}">username</var>
<status status="PASS" start="2024-04-01T01:04:53.824646" elapsed="0.002228"/>
</iter>
<iter>
<kw name="Dictionary Should Contain Key" owner="Collections">
<msg time="2024-04-01T01:04:53.827551" level="INFO">False</msg>
<arg>${json_data['results'][0]['login']}</arg>
<arg>${keyTwo}</arg>
<doc>Fails if ``key`` is not found from ``dictionary``.</doc>
<status status="PASS" start="2024-04-01T01:04:53.827161" elapsed="0.000429"/>
</kw>
<kw name="Dictionary Should Contain Key" owner="Collections">
<msg time="2024-04-01T01:04:53.828413" level="INFO">False</msg>
<arg>${json_data['results'][0]['login']}</arg>
<arg>${keyTwo}</arg>
<doc>Fails if ``key`` is not found from ``dictionary``.</doc>
<status status="PASS" start="2024-04-01T01:04:53.828023" elapsed="0.000429"/>
</kw>
<kw name="Log" owner="BuiltIn">
<msg time="2024-04-01T01:04:53.828882" level="INFO">password</msg>
<arg>${keyTwo}</arg>
<doc>Logs the given message with the given level.</doc>
<status status="PASS" start="2024-04-01T01:04:53.828750" elapsed="0.000173"/>
</kw>
<var name="${keyTwo}">password</var>
<status status="PASS" start="2024-04-01T01:04:53.827048" elapsed="0.002095"/>
</iter>
<var>${keyTwo}</var>
<value>@{expected_keysTwo}</value>
<status status="PASS" start="2024-04-01T01:04:53.824410" elapsed="0.004853"/>
</for>
<status status="PASS" start="2024-04-01T01:04:53.709807" elapsed="0.119719"/>
</kw>
<doc>Testa a estrutura da resposta da API.</doc>
<tag>testeEstruturaResposta</tag>
<status status="PASS" start="2024-04-01T01:04:53.709040" elapsed="0.120745"/>
</test>
<test id="s1-s1-t4" name="Validar tipos de dados" line="28">
<kw name="Teste de Tipos de Dados" owner="random-user-service">
<kw name="GET On Session" owner="RequestsLibrary">
<msg time="2024-04-01T01:04:53.904221" level="INFO">GET Request : url=https://randomuser.me/api 
 path_url=/api 
 headers={'User-Agent': 'python-requests/2.31.0', 'Accept-Encoding': 'gzip, deflate', 'Accept': '*/*', 'Connection': 'keep-alive'} 
 body=None 
 </msg>
<msg time="2024-04-01T01:04:53.904331" level="INFO">GET Response : url=https://randomuser.me/api 
 status=200, reason=OK 
 headers={'Date': 'Mon, 01 Apr 2024 01:04:53 GMT', 'Content-Type': 'application/json; charset=utf-8', 'Transfer-Encoding': 'chunked', 'Connection': 'keep-alive', 'X-Powered-By': 'Express', 'Access-Control-Allow-Origin': '*', 'Cache-Control': 'no-cache', 'ETag': 'W/"48c-z4ly/OpccCebhgJmT/r+AP+81OQ"', 'Vary': 'Accept-Encoding', 'Content-Encoding': 'gzip', 'CF-Cache-Status': 'DYNAMIC', 'Report-To': '{"endpoints":[{"url":"https:\\/\\/a.nel.cloudflare.com\\/report\\/v4?s=STLSDLF1so07u%2BjSSGJqEQC2ijXB%2Bj7%2FH1q78Po97ALHN19DmdhaM2%2F2bbRNH6q6FMCCaSz9Z1HRJ%2BRXlTU6%2BoXc6VRECTj6PIwTk7aeJCEcSM8H9ntovEhFfToa8Hia"}],"group":"cf-nel","max_age":604800}', 'NEL': '{"success_fraction":0,"report_to":"cf-nel","max_age":604800}', 'Server': 'cloudflare', 'CF-RAY': '86d4aaf07cbd2a90-ORD', 'alt-svc': 'h3=":443"; ma=86400'} 
 body={"results":[{"gender":"female","name":{"title":"Ms","first":"Anujna","last":"Mathew"},"location":{"street":{"number":8405,"name":"Kasturba Rd"},"city":"Kochi","state":"Delhi","country":"India","postcode":27524,"coordinates":{"latitude":"12.0682","longitude":"134.0314"},"timezone":{"offset":"+5:30","description":"Bombay, Calcutta, Madras, New Delhi"}},"email":"anujna.mathew@example.com","login":{"uuid":"18ebd684-304f-43e9-b511-071172971280","username":"beautifulbear514","password":"alissa","salt":"bs9m5KBu","md5":"ed8890f018b1bee587a7c0dbee633ac3","sha1":"b790cff7365fc6e74eaea2178fac830c32c2de53","sha256":"e4227d294b203b0aab0ec897bd2bd8165619dc777379358ab654304b84d5470f"},"dob":{"date":"1951-07-09T12:46:43.521Z","age":72},"registered":{"date":"2003-08-27T02:23:27.121Z","age":20},"phone":"7541150243","cell":"7373362809","id":{"name":"UIDAI","value":"897850367167"},"picture":{"large":"https://randomuser.me/api/portraits/women/45.jpg","medium":"https://randomuser.me/api/portraits/med/women/45.jpg","thumbnail":"https://randomuser.me/api/portraits/thumb/women/45.jpg"},"nat":"IN"}],"info":{"seed":"e554cff90d3bd4c7","results":1,"page":1,"version":"1.4"}} 
 </msg>
<msg time="2024-04-01T01:04:53.904402" level="INFO">/opt/hostedtoolcache/Python/3.12.2/x64/lib/python3.12/site-packages/urllib3/connectionpool.py:1103: InsecureRequestWarning: Unverified HTTPS request is being made to host 'randomuser.me'. Adding certificate verification is strongly advised. See: https://urllib3.readthedocs.io/en/latest/advanced-usage.html#tls-warnings
  warnings.warn(</msg>
<msg time="2024-04-01T01:04:53.904547" level="INFO">${response} = &lt;Response [200]&gt;</msg>
<var>${response}</var>
<arg>consultarAPI</arg>
<arg>/api</arg>
<doc>Sends a GET request on a previously created HTTP Session.</doc>
<status status="PASS" start="2024-04-01T01:04:53.832227" elapsed="0.072365"/>
</kw>
<kw name="Set Variable" owner="BuiltIn">
<msg time="2024-04-01T01:04:53.905693" level="INFO">${json_data} = {'results': [{'gender': 'female', 'name': {'title': 'Ms', 'first': 'Anujna', 'last': 'Mathew'}, 'location': {'street': {'number': 8405, 'name': 'Kasturba Rd'}, 'city': 'Kochi', 'state': 'Delhi', 'coun...</msg>
<var>${json_data}</var>
<arg>${response.json()}</arg>
<doc>Returns the given values which can then be assigned to a variables.</doc>
<status status="PASS" start="2024-04-01T01:04:53.905110" elapsed="0.000613"/>
</kw>
<kw name="Log" owner="BuiltIn">
<msg time="2024-04-01T01:04:53.906267" level="INFO">{'results': [{'gender': 'female', 'name': {'title': 'Ms', 'first': 'Anujna', 'last': 'Mathew'}, 'location': {'street': {'number': 8405, 'name': 'Kasturba Rd'}, 'city': 'Kochi', 'state': 'Delhi', 'country': 'India', 'postcode': 27524, 'coordinates': {'latitude': '12.0682', 'longitude': '134.0314'}, 'timezone': {'offset': '+5:30', 'description': 'Bombay, Calcutta, Madras, New Delhi'}}, 'email': 'anujna.mathew@example.com', 'login': {'uuid': '18ebd684-304f-43e9-b511-071172971280', 'username': 'beautifulbear514', 'password': 'alissa', 'salt': 'bs9m5KBu', 'md5': 'ed8890f018b1bee587a7c0dbee633ac3', 'sha1': 'b790cff7365fc6e74eaea2178fac830c32c2de53', 'sha256': 'e4227d294b203b0aab0ec897bd2bd8165619dc777379358ab654304b84d5470f'}, 'dob': {'date': '1951-07-09T12:46:43.521Z', 'age': 72}, 'registered': {'date': '2003-08-27T02:23:27.121Z', 'age': 20}, 'phone': '7541150243', 'cell': '7373362809', 'id': {'name': 'UIDAI', 'value': '897850367167'}, 'picture': {'large': 'https://randomuser.me/api/portraits/women/45.jpg', 'medium': 'https://randomuser.me/api/portraits/med/women/45.jpg', 'thumbnail': 'https://randomuser.me/api/portraits/thumb/women/45.jpg'}, 'nat': 'IN'}], 'info': {'seed': 'e554cff90d3bd4c7', 'results': 1, 'page': 1, 'version': '1.4'}}</msg>
<arg>${json_data}</arg>
<doc>Logs the given message with the given level.</doc>
<status status="PASS" start="2024-04-01T01:04:53.906094" elapsed="0.000261"/>
</kw>
<kw name="Should Be String" owner="String">
<arg>${json_data['results'][0]['gender']}</arg>
<doc>Fails if the given ``item`` is not a string.</doc>
<status status="PASS" start="2024-04-01T01:04:53.906676" elapsed="0.000381"/>
</kw>
<kw name="Should Match Regexp" owner="BuiltIn">
<arg>${json_data['results'][0]['email']}</arg>
<arg>^[a-zA-Z0-9._%+-]+@[a-zA-Z0-9.-]+\.[a-zA-Z]{2,}$</arg>
<doc>Fails if ``string`` does not match ``pattern`` as a regular expression.</doc>
<status status="PASS" start="2024-04-01T01:04:53.907256" elapsed="0.000650"/>
</kw>
<kw name="Should Match Regexp" owner="BuiltIn">
<arg>${json_data['results'][0]['dob']['date']}</arg>
<arg>\\d{4}-\\d{2}-\\d{2}T\\d{2}:\\d{2}:\\d{2}\\.\\d{3}Z</arg>
<doc>Fails if ``string`` does not match ``pattern`` as a regular expression.</doc>
<status status="PASS" start="2024-04-01T01:04:53.908129" elapsed="0.000510"/>
</kw>
<kw name="Should Match Regexp" owner="BuiltIn">
<arg>${json_data['results'][0]['registered']['date']}</arg>
<arg>\\d{4}-\\d{2}-\\d{2}T\\d{2}:\\d{2}:\\d{2}\\.\\d{3}Z</arg>
<doc>Fails if ``string`` does not match ``pattern`` as a regular expression.</doc>
<status status="PASS" start="2024-04-01T01:04:53.908840" elapsed="0.000439"/>
</kw>
<kw name="Should Match Regexp" owner="BuiltIn">
<arg>${json_data['results'][0]['picture']['large']}</arg>
<arg>^https?://.*\.(?:png|jpe?g|gif|bmp)$</arg>
<doc>Fails if ``string`` does not match ``pattern`` as a regular expression.</doc>
<status status="PASS" start="2024-04-01T01:04:53.909524" elapsed="0.000473"/>
</kw>
<kw name="Should Match Regexp" owner="BuiltIn">
<arg>${json_data['results'][0]['picture']['medium']}</arg>
<arg>^https?://.*\.(?:png|jpe?g|gif|bmp)$</arg>
<doc>Fails if ``string`` does not match ``pattern`` as a regular expression.</doc>
<status status="PASS" start="2024-04-01T01:04:53.910194" elapsed="0.000456"/>
</kw>
<kw name="Should Match Regexp" owner="BuiltIn">
<arg>${json_data['results'][0]['picture']['thumbnail']}</arg>
<arg>^https?://.*\.(?:png|jpe?g|gif|bmp)$</arg>
<doc>Fails if ``string`` does not match ``pattern`` as a regular expression.</doc>
<status status="PASS" start="2024-04-01T01:04:53.910852" elapsed="0.000368"/>
</kw>
<kw name="Log" owner="BuiltIn">
<msg time="2024-04-01T01:04:53.911753" level="INFO">{'large': 'https://randomuser.me/api/portraits/women/45.jpg', 'medium': 'https://randomuser.me/api/portraits/med/women/45.jpg', 'thumbnail': 'https://randomuser.me/api/portraits/thumb/women/45.jpg'}</msg>
<arg>${json_data['results'][0]['picture']}</arg>
<doc>Logs the given message with the given level.</doc>
<status status="PASS" start="2024-04-01T01:04:53.911407" elapsed="0.000396"/>
</kw>
<status status="PASS" start="2024-04-01T01:04:53.831988" elapsed="0.080104"/>
</kw>
<kw name="Teste de Tipos de Dados - Postcode" owner="random-user-service">
<kw name="GET On Session" owner="RequestsLibrary">
<msg time="2024-04-01T01:04:54.002937" level="INFO">GET Request : url=https://randomuser.me/api 
 path_url=/api 
 headers={'User-Agent': 'python-requests/2.31.0', 'Accept-Encoding': 'gzip, deflate', 'Accept': '*/*', 'Connection': 'keep-alive'} 
 body=None 
 </msg>
<msg time="2024-04-01T01:04:54.003040" level="INFO">GET Response : url=https://randomuser.me/api 
 status=200, reason=OK 
 headers={'Date': 'Mon, 01 Apr 2024 01:04:53 GMT', 'Content-Type': 'application/json; charset=utf-8', 'Transfer-Encoding': 'chunked', 'Connection': 'keep-alive', 'X-Powered-By': 'Express', 'Access-Control-Allow-Origin': '*', 'Cache-Control': 'no-cache', 'ETag': 'W/"499-RSs9YQ8m/H40E51gpiEBjFIk8Ec"', 'Vary': 'Accept-Encoding', 'Content-Encoding': 'gzip', 'CF-Cache-Status': 'DYNAMIC', 'Report-To': '{"endpoints":[{"url":"https:\\/\\/a.nel.cloudflare.com\\/report\\/v4?s=BMsBrM7OZoBuKydDyZlmdgLtBo71n%2BPgRzI3kpkUMH7xCdLZRT%2Ftsi80zKEtGUdJTSmMg13m9VOJkupKnmXHm0mEcQqE3DQp2RL%2BPn54%2ByNl3eXDREQKijQvFE78DkNO"}],"group":"cf-nel","max_age":604800}', 'NEL': '{"success_fraction":0,"report_to":"cf-nel","max_age":604800}', 'Server': 'cloudflare', 'CF-RAY': '86d4aaf0fd522a90-ORD', 'alt-svc': 'h3=":443"; ma=86400'} 
 body={"results":[{"gender":"male","name":{"title":"Mr","first":"آرسین","last":"جعفری"},"location":{"street":{"number":9287,"name":"مجاهدین اسلام"},"city":"پاکدشت","state":"زنجان","country":"Iran","postcode":46763,"coordinates":{"latitude":"19.1373","longitude":"-55.5369"},"timezone":{"offset":"+5:30","description":"Bombay, Calcutta, Madras, New Delhi"}},"email":"arsyn.jaafry@example.com","login":{"uuid":"10be9d66-e01d-4d5f-b82f-18768ea29768","username":"blackzebra176","password":"lifetime","salt":"4dgZZu9Q","md5":"43054d9353897f886746c374f4959155","sha1":"73acce07bbf9f3c037df1e0194c6cebd9df4a154","sha256":"72e2399e08f68bf967a1ab931c0c147308488bd8364900150aeabf4b8a6c10f9"},"dob":{"date":"1973-01-14T04:27:09.968Z","age":51},"registered":{"date":"2011-12-02T10:39:07.945Z","age":12},"phone":"059-61644553","cell":"0921-392-4096","id":{"name":"","value":null},"picture":{"large":"https://randomuser.me/api/portraits/men/41.jpg","medium":"https://randomuser.me/api/portraits/med/men/41.jpg","thumbnail":"https://randomuser.me/api/portraits/thumb/men/41.jpg"},"nat":"IR"}],"info":{"seed":"02889096001827bc","results":1,"page":1,"version":"1.4"}} 
 </msg>
<msg time="2024-04-01T01:04:54.003133" level="INFO">/opt/hostedtoolcache/Python/3.12.2/x64/lib/python3.12/site-packages/urllib3/connectionpool.py:1103: InsecureRequestWarning: Unverified HTTPS request is being made to host 'randomuser.me'. Adding certificate verification is strongly advised. See: https://urllib3.readthedocs.io/en/latest/advanced-usage.html#tls-warnings
  warnings.warn(</msg>
<msg time="2024-04-01T01:04:54.003278" level="INFO">${response} = &lt;Response [200]&gt;</msg>
<var>${response}</var>
<arg>consultarAPI</arg>
<arg>/api</arg>
<doc>Sends a GET request on a previously created HTTP Session.</doc>
<status status="PASS" start="2024-04-01T01:04:53.912710" elapsed="0.090611"/>
</kw>
<kw name="Set Variable" owner="BuiltIn">
<msg time="2024-04-01T01:04:54.004343" level="INFO">${json_data} = {'results': [{'gender': 'male', 'name': {'title': 'Mr', 'first': 'آرسین', 'last': 'جعفری'}, 'location': {'street': {'number': 9287, 'name': 'مجاهدین اسلام'}, 'city': 'پاکدشت', 'state': 'زنجان', 'count...</msg>
<var>${json_data}</var>
<arg>${response.json()}</arg>
<doc>Returns the given values which can then be assigned to a variables.</doc>
<status status="PASS" start="2024-04-01T01:04:54.003829" elapsed="0.000545"/>
</kw>
<kw name="Log" owner="BuiltIn">
<msg time="2024-04-01T01:04:54.005111" level="INFO">{'results': [{'gender': 'male', 'name': {'title': 'Mr', 'first': 'آرسین', 'last': 'جعفری'}, 'location': {'street': {'number': 9287, 'name': 'مجاهدین اسلام'}, 'city': 'پاکدشت', 'state': 'زنجان', 'country': 'Iran', 'postcode': 46763, 'coordinates': {'latitude': '19.1373', 'longitude': '-55.5369'}, 'timezone': {'offset': '+5:30', 'description': 'Bombay, Calcutta, Madras, New Delhi'}}, 'email': 'arsyn.jaafry@example.com', 'login': {'uuid': '10be9d66-e01d-4d5f-b82f-18768ea29768', 'username': 'blackzebra176', 'password': 'lifetime', 'salt': '4dgZZu9Q', 'md5': '43054d9353897f886746c374f4959155', 'sha1': '73acce07bbf9f3c037df1e0194c6cebd9df4a154', 'sha256': '72e2399e08f68bf967a1ab931c0c147308488bd8364900150aeabf4b8a6c10f9'}, 'dob': {'date': '1973-01-14T04:27:09.968Z', 'age': 51}, 'registered': {'date': '2011-12-02T10:39:07.945Z', 'age': 12}, 'phone': '059-61644553', 'cell': '0921-392-4096', 'id': {'name': '', 'value': None}, 'picture': {'large': 'https://randomuser.me/api/portraits/men/41.jpg', 'medium': 'https://randomuser.me/api/portraits/med/men/41.jpg', 'thumbnail': 'https://randomuser.me/api/portraits/thumb/men/41.jpg'}, 'nat': 'IR'}], 'info': {'seed': '02889096001827bc', 'results': 1, 'page': 1, 'version': '1.4'}}</msg>
<arg>${json_data}</arg>
<doc>Logs the given message with the given level.</doc>
<status status="PASS" start="2024-04-01T01:04:54.004926" elapsed="0.000280"/>
</kw>
<kw name="Should Be Equal As Numbers" owner="BuiltIn">
<arg>${json_data['results'][0]['location']['postcode']}</arg>
<arg>${json_data['results'][0]['location']['postcode']}</arg>
<doc>Fails if objects are unequal after converting them to real numbers.</doc>
<status status="PASS" start="2024-04-01T01:04:54.005692" elapsed="0.000920"/>
</kw>
<kw name="Log" owner="BuiltIn">
<msg time="2024-04-01T01:04:54.007635" level="INFO">46763</msg>
<arg>${json_data['results'][0]['location']['postcode']}</arg>
<doc>Logs the given message with the given level.</doc>
<status status="PASS" start="2024-04-01T01:04:54.006943" elapsed="0.000742"/>
</kw>
<status status="PASS" start="2024-04-01T01:04:53.912325" elapsed="0.095798"/>
</kw>
<doc>Testa se os tipos de dados na resposta da API estão corretos.</doc>
<tag>testeTiposDados</tag>
<status status="PASS" start="2024-04-01T01:04:53.831526" elapsed="0.176836"/>
</test>
<test id="s1-s1-t5" name="Validar conteudo" line="35">
<kw name="Teste de Tipos de Conteudo" owner="random-user-service">
<kw name="GET On Session" owner="RequestsLibrary">
<msg time="2024-04-01T01:04:54.105137" level="INFO">GET Request : url=https://randomuser.me/api 
 path_url=/api 
 headers={'User-Agent': 'python-requests/2.31.0', 'Accept-Encoding': 'gzip, deflate', 'Accept': '*/*', 'Connection': 'keep-alive'} 
 body=None 
 </msg>
<msg time="2024-04-01T01:04:54.105375" level="INFO">GET Response : url=https://randomuser.me/api 
 status=200, reason=OK 
 headers={'Date': 'Mon, 01 Apr 2024 01:04:54 GMT', 'Content-Type': 'application/json; charset=utf-8', 'Transfer-Encoding': 'chunked', 'Connection': 'keep-alive', 'X-Powered-By': 'Express', 'Access-Control-Allow-Origin': '*', 'Cache-Control': 'no-cache', 'ETag': 'W/"491-sxOkf1uvqh7i7bJztscdWWsu2x8"', 'Vary': 'Accept-Encoding', 'Content-Encoding': 'gzip', 'CF-Cache-Status': 'DYNAMIC', 'Report-To': '{"endpoints":[{"url":"https:\\/\\/a.nel.cloudflare.com\\/report\\/v4?s=gxQkFOkcPGCKdEnpHRfuf4ImBRwWW2%2BnELBqWiVDGhHLx7HlJH8qjfZQonMCntTrMGt06KzKZMKiSa2RBe5kkedFsCUE9txoULjwJFo3980OkNOVX4lhS1Lpdx5qh8mx"}],"group":"cf-nel","max_age":604800}', 'NEL': '{"success_fraction":0,"report_to":"cf-nel","max_age":604800}', 'Server': 'cloudflare', 'CF-RAY': '86d4aaf19de82a90-ORD', 'alt-svc': 'h3=":443"; ma=86400'} 
 body={"results":[{"gender":"male","name":{"title":"Mr","first":"William","last":"Hansen"},"location":{"street":{"number":4191,"name":"Gasværksvej"},"city":"Branderup J","state":"Hovedstaden","country":"Denmark","postcode":10823,"coordinates":{"latitude":"-45.5048","longitude":"-26.0359"},"timezone":{"offset":"+5:00","description":"Ekaterinburg, Islamabad, Karachi, Tashkent"}},"email":"william.hansen@example.com","login":{"uuid":"f2a63240-d584-4deb-9ebe-1e3892d110bb","username":"sadwolf174","password":"trumpet","salt":"1vFs34Rw","md5":"3f55eb4132e4645bb59827129070f5de","sha1":"8d35748537796081b0b28b3bcb63dc4bbcff3053","sha256":"69fb1d2dfdee790d576d89fea8d2f052be03fc6708d2ebc479e8e07f6f83c668"},"dob":{"date":"1997-01-02T13:45:39.317Z","age":27},"registered":{"date":"2006-03-08T07:09:58.046Z","age":18},"phone":"61800077","cell":"69399084","id":{"name":"CPR","value":"020197-3652"},"picture":{"large":"https://randomuser.me/api/portraits/men/50.jpg","medium":"https://randomuser.me/api/portraits/med/men/50.jpg","thumbnail":"https://randomuser.me/api/portraits/thumb/men/50.jpg"},"nat":"DK"}],"info":{"seed":"c8b2234b23d393ee","results":1,"page":1,"version":"1.4"}} 
 </msg>
<msg time="2024-04-01T01:04:54.105595" level="INFO">/opt/hostedtoolcache/Python/3.12.2/x64/lib/python3.12/site-packages/urllib3/connectionpool.py:1103: InsecureRequestWarning: Unverified HTTPS request is being made to host 'randomuser.me'. Adding certificate verification is strongly advised. See: https://urllib3.readthedocs.io/en/latest/advanced-usage.html#tls-warnings
  warnings.warn(</msg>
<msg time="2024-04-01T01:04:54.105973" level="INFO">${response} = &lt;Response [200]&gt;</msg>
<var>${response}</var>
<arg>consultarAPI</arg>
<arg>/api</arg>
<doc>Sends a GET request on a previously created HTTP Session.</doc>
<status status="PASS" start="2024-04-01T01:04:54.012871" elapsed="0.093201"/>
</kw>
<kw name="Set Variable" owner="BuiltIn">
<msg time="2024-04-01T01:04:54.109179" level="INFO">${json_data} = {'results': [{'gender': 'male', 'name': {'title': 'Mr', 'first': 'William', 'last': 'Hansen'}, 'location': {'street': {'number': 4191, 'name': 'Gasværksvej'}, 'city': 'Branderup J', 'state': 'Hovedsta...</msg>
<var>${json_data}</var>
<arg>${response.json()}</arg>
<doc>Returns the given values which can then be assigned to a variables.</doc>
<status status="PASS" start="2024-04-01T01:04:54.107143" elapsed="0.002078"/>
</kw>
<kw name="Set Variable" owner="BuiltIn">
<msg time="2024-04-01T01:04:54.111695" level="INFO">${name_title} = Mr</msg>
<var>${name_title}</var>
<arg>${json_data["results"][0]["name"]["title"]}</arg>
<doc>Returns the given values which can then be assigned to a variables.</doc>
<status status="PASS" start="2024-04-01T01:04:54.109980" elapsed="0.001749"/>
</kw>
<kw name="Create List" owner="BuiltIn">
<msg time="2024-04-01T01:04:54.114004" level="INFO">${allowed_titles} = ['Mr', 'Ms', 'Miss', 'Mrs', 'Madame', 'Monsieur']</msg>
<var>${allowed_titles}</var>
<arg>Mr</arg>
<arg>Ms</arg>
<arg>Miss</arg>
<arg>Mrs</arg>
<arg>Madame</arg>
<arg>Monsieur</arg>
<doc>Returns a list containing given items.</doc>
<status status="PASS" start="2024-04-01T01:04:54.113092" elapsed="0.000984"/>
</kw>
<kw name="List Should Contain Value" owner="Collections">
<msg time="2024-04-01T01:04:54.115096" level="INFO">False</msg>
<arg>${allowed_titles}</arg>
<arg>${name_title}</arg>
<doc>Fails if the ``value`` is not found from ``list``.</doc>
<status status="PASS" start="2024-04-01T01:04:54.114729" elapsed="0.000455"/>
</kw>
<kw name="Set Variable" owner="BuiltIn">
<msg time="2024-04-01T01:04:54.116803" level="INFO">${name_country} = DK</msg>
<var>${name_country}</var>
<arg>${json_data["results"][0]["nat"]}</arg>
<doc>Returns the given values which can then be assigned to a variables.</doc>
<status status="PASS" start="2024-04-01T01:04:54.116158" elapsed="0.000707"/>
</kw>
<kw name="Create List" owner="BuiltIn">
<msg time="2024-04-01T01:04:54.118293" level="INFO">${list_country} = ['AD', 'AE', 'AF', 'AG', 'AI', 'AL', 'AM', 'AO', 'AQ', 'AR', 'AS', 'AT', 'AU', 'AW', 'AX', 'AZ', 'BA', 'BB', 'BD', 'BE', 'BF', 'BG', 'BH', 'BI', 'BJ', 'BL', 'BM', 'BN', 'BO', 'BQ', 'BR', 'BS', 'BT', '...</msg>
<var>${list_country}</var>
<arg>AD</arg>
<arg>AE</arg>
<arg>AF</arg>
<arg>AG</arg>
<arg>AI</arg>
<arg>AL</arg>
<arg>AM</arg>
<arg>AO</arg>
<arg>AQ</arg>
<arg>AR</arg>
<arg>AS</arg>
<arg>AT</arg>
<arg>AU</arg>
<arg>AW</arg>
<arg>AX</arg>
<arg>AZ</arg>
<arg>BA</arg>
<arg>BB</arg>
<arg>BD</arg>
<arg>BE</arg>
<arg>BF</arg>
<arg>BG</arg>
<arg>BH</arg>
<arg>BI</arg>
<arg>BJ</arg>
<arg>BL</arg>
<arg>BM</arg>
<arg>BN</arg>
<arg>BO</arg>
<arg>BQ</arg>
<arg>BR</arg>
<arg>BS</arg>
<arg>BT</arg>
<arg>BV</arg>
<arg>BW</arg>
<arg>BY</arg>
<arg>BZ</arg>
<arg>CA</arg>
<arg>CC</arg>
<arg>CD</arg>
<arg>CF</arg>
<arg>CG</arg>
<arg>CH</arg>
<arg>CI</arg>
<arg>CK</arg>
<arg>CL</arg>
<arg>CM</arg>
<arg>CN</arg>
<arg>CO</arg>
<arg>CR</arg>
<arg>CU</arg>
<arg>CV</arg>
<arg>CW</arg>
<arg>CX</arg>
<arg>CY</arg>
<arg>CZ</arg>
<arg>DE</arg>
<arg>DJ</arg>
<arg>DK</arg>
<arg>DM</arg>
<arg>DO</arg>
<arg>DZ</arg>
<arg>EC</arg>
<arg>EE</arg>
<arg>EG</arg>
<arg>EH</arg>
<arg>ER</arg>
<arg>ES</arg>
<arg>ET</arg>
<arg>FI</arg>
<arg>FJ</arg>
<arg>FK</arg>
<arg>FM</arg>
<arg>FO</arg>
<arg>FR</arg>
<arg>GA</arg>
<arg>GB</arg>
<arg>GD</arg>
<arg>GE</arg>
<arg>GF</arg>
<arg>GG</arg>
<arg>GH</arg>
<arg>GI</arg>
<arg>GL</arg>
<arg>GM</arg>
<arg>GN</arg>
<arg>GP</arg>
<arg>GQ</arg>
<arg>GR</arg>
<arg>GS</arg>
<arg>GT</arg>
<arg>GU</arg>
<arg>GW</arg>
<arg>GY</arg>
<arg>HK</arg>
<arg>HM</arg>
<arg>HN</arg>
<arg>HR</arg>
<arg>HT</arg>
<arg>HU</arg>
<arg>ID</arg>
<arg>IE</arg>
<arg>IL</arg>
<arg>IM</arg>
<arg>IN</arg>
<arg>IO</arg>
<arg>IQ</arg>
<arg>IR</arg>
<arg>IS</arg>
<arg>IT</arg>
<arg>JE</arg>
<arg>JM</arg>
<arg>JO</arg>
<arg>JP</arg>
<arg>KE</arg>
<arg>KG</arg>
<arg>KH</arg>
<arg>KI</arg>
<arg>KM</arg>
<arg>KN</arg>
<arg>KP</arg>
<arg>KR</arg>
<arg>KW</arg>
<arg>KY</arg>
<arg>KZ</arg>
<arg>LA</arg>
<arg>LB</arg>
<arg>LC</arg>
<arg>LI</arg>
<arg>LK</arg>
<arg>LR</arg>
<arg>LS</arg>
<arg>LT</arg>
<arg>LU</arg>
<arg>LV</arg>
<arg>LY</arg>
<arg>MA</arg>
<arg>MC</arg>
<arg>MD</arg>
<arg>ME</arg>
<arg>MF</arg>
<arg>MG</arg>
<arg>MH</arg>
<arg>MK</arg>
<arg>ML</arg>
<arg>MM</arg>
<arg>MN</arg>
<arg>MO</arg>
<arg>MP</arg>
<arg>MQ</arg>
<arg>MR</arg>
<arg>MS</arg>
<arg>MT</arg>
<arg>MU</arg>
<arg>MV</arg>
<arg>MW</arg>
<arg>MX</arg>
<arg>MY</arg>
<arg>MZ</arg>
<arg>NA</arg>
<arg>NC</arg>
<arg>NE</arg>
<arg>NF</arg>
<arg>NG</arg>
<arg>NI</arg>
<arg>NL</arg>
<arg>NO</arg>
<arg>NP</arg>
<arg>NR</arg>
<arg>NU</arg>
<arg>NZ</arg>
<arg>OM</arg>
<arg>PA</arg>
<arg>PE</arg>
<arg>PF</arg>
<arg>PG</arg>
<arg>PH</arg>
<arg>PK</arg>
<arg>PL</arg>
<arg>PM</arg>
<arg>PN</arg>
<arg>PR</arg>
<arg>PS</arg>
<arg>PT</arg>
<arg>PW</arg>
<arg>PY</arg>
<arg>QA</arg>
<arg>RE</arg>
<arg>RO</arg>
<arg>RS</arg>
<arg>RU</arg>
<arg>RW</arg>
<arg>SA</arg>
<arg>SB</arg>
<arg>SC</arg>
<arg>SD</arg>
<arg>SE</arg>
<arg>SG</arg>
<arg>SH</arg>
<arg>SI</arg>
<arg>SJ</arg>
<arg>SK</arg>
<arg>SL</arg>
<arg>SM</arg>
<arg>SN</arg>
<arg>SO</arg>
<arg>SR</arg>
<arg>SS</arg>
<arg>ST</arg>
<arg>SV</arg>
<arg>SX</arg>
<arg>SY</arg>
<arg>SZ</arg>
<arg>TC</arg>
<arg>TD</arg>
<arg>TF</arg>
<arg>TG</arg>
<arg>TH</arg>
<arg>TJ</arg>
<arg>TK</arg>
<arg>TL</arg>
<arg>TM</arg>
<arg>TN</arg>
<arg>TO</arg>
<arg>TR</arg>
<arg>TT</arg>
<arg>TV</arg>
<arg>TW</arg>
<arg>TZ</arg>
<arg>UA</arg>
<arg>UG</arg>
<arg>UM</arg>
<arg>US</arg>
<arg>UY</arg>
<arg>UZ</arg>
<arg>VA</arg>
<arg>VC</arg>
<arg>VE</arg>
<arg>VG</arg>
<arg>VI</arg>
<arg>VN</arg>
<arg>VU</arg>
<arg>WF</arg>
<arg>WS</arg>
<arg>XK</arg>
<arg>YE</arg>
<arg>YT</arg>
<arg>ZA</arg>
<arg>ZM</arg>
<arg>ZW</arg>
<doc>Returns a list containing given items.</doc>
<status status="PASS" start="2024-04-01T01:04:54.117428" elapsed="0.001076"/>
</kw>
<kw name="List Should Contain Value" owner="Collections">
<msg time="2024-04-01T01:04:54.120394" level="INFO">False</msg>
<arg>${list_country}</arg>
<arg>${name_country}</arg>
<doc>Fails if the ``value`` is not found from ``list``.</doc>
<status status="PASS" start="2024-04-01T01:04:54.120055" elapsed="0.000431"/>
</kw>
<kw name="Run Keyword If" owner="BuiltIn">
<kw name="Should Be True" owner="BuiltIn">
<arg>${True}</arg>
<doc>Fails if the given condition is not true.</doc>
<status status="PASS" start="2024-04-01T01:04:54.122929" elapsed="0.000255"/>
</kw>
<arg>${json_data["results"][0]["location"]["coordinates"]["latitude"]} &gt;= -90 and ${json_data["results"][0]["location"]["coordinates"]["latitude"]} &lt;= 90</arg>
<arg>Should Be True</arg>
<arg>${True}</arg>
<doc>Runs the given keyword with the given arguments, if ``condition`` is true.</doc>
<status status="PASS" start="2024-04-01T01:04:54.121182" elapsed="0.002265"/>
</kw>
<kw name="Run Keyword If" owner="BuiltIn">
<kw name="Should Be True" owner="BuiltIn">
<arg>${True}</arg>
<doc>Fails if the given condition is not true.</doc>
<status status="PASS" start="2024-04-01T01:04:54.126165" elapsed="0.000339"/>
</kw>
<arg>${json_data["results"][0]["location"]["coordinates"]["longitude"]} &gt;= -180 and ${json_data["results"][0]["location"]["coordinates"]["longitude"]} &lt;= 180</arg>
<arg>Should Be True</arg>
<arg>${True}</arg>
<doc>Runs the given keyword with the given arguments, if ``condition`` is true.</doc>
<status status="PASS" start="2024-04-01T01:04:54.124035" elapsed="0.002735"/>
</kw>
<status status="PASS" start="2024-04-01T01:04:54.012386" elapsed="0.114612"/>
</kw>
<doc>Testa o conteúdo específico dos campos retornados pela API.</doc>
<tag>testeConteudo</tag>
<status status="PASS" start="2024-04-01T01:04:54.011337" elapsed="0.116090"/>
</test>
<status status="PASS" start="2024-04-01T01:04:53.214796" elapsed="0.917359"/>
</suite>
<status status="PASS" start="2024-04-01T01:04:53.196576" elapsed="0.941510"/>
</suite>
<statistics>
<total>
<stat pass="5" fail="0" skip="0">All Tests</stat>
</total>
<tag>
<stat pass="1" fail="0" skip="0">testeConteudo</stat>
<stat pass="1" fail="0" skip="0">testeEstruturaResposta</stat>
<stat pass="1" fail="0" skip="0">testeRequisicaoBasica</stat>
<stat pass="1" fail="0" skip="0">testeTiposDados</stat>
</tag>
<suite>
<stat pass="5" fail="0" skip="0" id="s1" name="Tests">Tests</stat>
<stat pass="5" fail="0" skip="0" id="s1-s1" name="Random-User-Test">Tests.Random-User-Test</stat>
</suite>
</statistics>
<errors>
</errors>
</robot>
