<?xml version="1.0" encoding="UTF-8"?>
<robot generator="Robot 7.0 (Python 3.12.3 on linux)" generated="2024-04-26T04:16:07.008994" rpa="false" schemaversion="5">
<suite id="s1" name="Tests" source="/home/runner/work/DesafioQAItauRogerioJordao/DesafioQAItauRogerioJordao/RamdonUser/tests">
<suite id="s1-s1" name="Random-User-Test" source="/home/runner/work/DesafioQAItauRogerioJordao/DesafioQAItauRogerioJordao/RamdonUser/tests/random-user-test.robot">
<test id="s1-s1-t1" name="Conectar" line="13">
<kw name="Conectar API" owner="random-user-service">
<kw name="Create Session" owner="RequestsLibrary">
<msg time="2024-04-26T04:16:07.367275" level="INFO">Creating Session using : alias=consultarAPI, url=https://randomuser.me/, headers={},                     cookies={}, auth=None, timeout=None, proxies=None, verify=False,                     debug=0 </msg>
<arg>consultarAPI</arg>
<arg>${URL}</arg>
<doc>Create Session: create a HTTP session to a server</doc>
<status status="PASS" start="2024-04-26T04:16:07.367080" elapsed="0.000366"/>
</kw>
<status status="PASS" start="2024-04-26T04:16:07.366144" elapsed="0.001655"/>
</kw>
<status status="PASS" start="2024-04-26T04:16:07.365559" elapsed="0.002430"/>
</test>
<test id="s1-s1-t2" name="Validar retorno 200 e JSON Válido" line="16">
<kw name="Teste de Requisicao Basica" owner="random-user-service">
<kw name="GET On Session" owner="RequestsLibrary">
<msg time="2024-04-26T04:16:07.812398" level="INFO">GET Request : url=https://randomuser.me/api 
 path_url=/api 
 headers={'User-Agent': 'python-requests/2.31.0', 'Accept-Encoding': 'gzip, deflate', 'Accept': '*/*', 'Connection': 'keep-alive'} 
 body=None 
 </msg>
<msg time="2024-04-26T04:16:07.812521" level="INFO">GET Response : url=https://randomuser.me/api 
 status=200, reason=OK 
 headers={'Date': 'Fri, 26 Apr 2024 04:16:07 GMT', 'Content-Type': 'application/json; charset=utf-8', 'Transfer-Encoding': 'chunked', 'Connection': 'keep-alive', 'X-Powered-By': 'Express', 'Access-Control-Allow-Origin': '*', 'Cache-Control': 'no-cache', 'ETag': 'W/"4ae-LtRFPha3pk4+gHrEV7S6c4zZ8OM"', 'Vary': 'Accept-Encoding', 'Content-Encoding': 'gzip', 'CF-Cache-Status': 'DYNAMIC', 'Report-To': '{"endpoints":[{"url":"https:\\/\\/a.nel.cloudflare.com\\/report\\/v4?s=gyo0jZUO0a4nrJWojkvyIw1%2BSKovu5Ok5C8V2MBP3YGK%2BHd27pm5o1TXOVhAUMd0zdEsqJg0%2FGpqcrFwSULDCFJKhubHelwm4MhJR%2FPXfuviCFd7WF1dgvp%2F8De91nM%2F"}],"group":"cf-nel","max_age":604800}', 'NEL': '{"success_fraction":0,"report_to":"cf-nel","max_age":604800}', 'Server': 'cloudflare', 'CF-RAY': '87a3c16e2a5f5a46-IAD', 'alt-svc': 'h3=":443"; ma=86400'} 
 body={"results":[{"gender":"male","name":{"title":"Mr","first":"John","last":"Heider"},"location":{"street":{"number":1110,"name":"Talstraße"},"city":"Buckow (Märkische Schweiz)","state":"Baden-Württemberg","country":"Germany","postcode":86483,"coordinates":{"latitude":"-52.3207","longitude":"-105.7096"},"timezone":{"offset":"+5:00","description":"Ekaterinburg, Islamabad, Karachi, Tashkent"}},"email":"john.heider@example.com","login":{"uuid":"84a1e20d-07b5-4f6b-a372-b19a58603f05","username":"lazydog771","password":"chandra","salt":"aCTw8zSk","md5":"42b7da7df32552943522c4658a3851aa","sha1":"1659efc1bb8504ab59d6bb8f7edcdc767548b0be","sha256":"9e01b098adc8ad8dd8305487e6430ea4a14a602c0a052ae0483a1e7d6b0bca24"},"dob":{"date":"1948-11-08T16:11:59.395Z","age":75},"registered":{"date":"2014-04-20T15:03:28.137Z","age":10},"phone":"0354-0290363","cell":"0176-3532747","id":{"name":"SVNR","value":"64 081148 H 457"},"picture":{"large":"https://randomuser.me/api/portraits/men/66.jpg","medium":"https://randomuser.me/api/portraits/med/men/66.jpg","thumbnail":"https://randomuser.me/api/portraits/thumb/men/66.jpg"},"nat":"DE"}],"info":{"seed":"952cc957a6c5b6fd","results":1,"page":1,"version":"1.4"}} 
 </msg>
<msg time="2024-04-26T04:16:07.812599" level="INFO">/opt/hostedtoolcache/Python/3.12.3/x64/lib/python3.12/site-packages/urllib3/connectionpool.py:1103: InsecureRequestWarning: Unverified HTTPS request is being made to host 'randomuser.me'. Adding certificate verification is strongly advised. See: https://urllib3.readthedocs.io/en/latest/advanced-usage.html#tls-warnings
  warnings.warn(</msg>
<msg time="2024-04-26T04:16:07.812738" level="INFO">${response} = &lt;Response [200]&gt;</msg>
<var>${response}</var>
<arg>consultarAPI</arg>
<arg>/api</arg>
<doc>Sends a GET request on a previously created HTTP Session.</doc>
<status status="PASS" start="2024-04-26T04:16:07.370683" elapsed="0.442099"/>
</kw>
<kw name="Should Be Equal As Numbers" owner="BuiltIn">
<msg time="2024-04-26T04:16:07.813665" level="INFO">Argument types are:
&lt;class 'int'&gt;
&lt;class 'str'&gt;</msg>
<arg>${response.status_code}</arg>
<arg>200</arg>
<doc>Fails if objects are unequal after converting them to real numbers.</doc>
<status status="PASS" start="2024-04-26T04:16:07.813240" elapsed="0.000488"/>
</kw>
<kw name="Log" owner="BuiltIn">
<msg time="2024-04-26T04:16:07.814417" level="INFO">200</msg>
<arg>${response.status_code}</arg>
<doc>Logs the given message with the given level.</doc>
<status status="PASS" start="2024-04-26T04:16:07.814074" elapsed="0.000383"/>
</kw>
<kw name="Set Variable" owner="BuiltIn">
<msg time="2024-04-26T04:16:07.815190" level="INFO">${json_data} = {'results': [{'gender': 'male', 'name': {'title': 'Mr', 'first': 'John', 'last': 'Heider'}, 'location': {'street': {'number': 1110, 'name': 'Talstraße'}, 'city': 'Buckow (Märkische Schweiz)', 'state':...</msg>
<var>${json_data}</var>
<arg>${response.json()}</arg>
<doc>Returns the given values which can then be assigned to a variables.</doc>
<status status="PASS" start="2024-04-26T04:16:07.814757" elapsed="0.000461"/>
</kw>
<kw name="Dictionary Should Contain Key" owner="Collections">
<msg time="2024-04-26T04:16:07.815684" level="INFO">False</msg>
<arg>${json_data}</arg>
<arg>results</arg>
<doc>Fails if ``key`` is not found from ``dictionary``.</doc>
<status status="PASS" start="2024-04-26T04:16:07.815516" elapsed="0.000212"/>
</kw>
<status status="PASS" start="2024-04-26T04:16:07.370424" elapsed="0.445557"/>
</kw>
<doc>Testa se a API responde corretamente e retorna um objeto JSON válido.</doc>
<tag>testeRequisicaoBasica</tag>
<status status="PASS" start="2024-04-26T04:16:07.369910" elapsed="0.446300"/>
</test>
<test id="s1-s1-t3" name="Validar estrutura de resposta" line="22">
<kw name="Teste de Estrutura de Resposta" owner="random-user-service">
<kw name="GET On Session" owner="RequestsLibrary">
<msg time="2024-04-26T04:16:07.869787" level="INFO">GET Request : url=https://randomuser.me/api 
 path_url=/api 
 headers={'User-Agent': 'python-requests/2.31.0', 'Accept-Encoding': 'gzip, deflate', 'Accept': '*/*', 'Connection': 'keep-alive'} 
 body=None 
 </msg>
<msg time="2024-04-26T04:16:07.869854" level="INFO">GET Response : url=https://randomuser.me/api 
 status=200, reason=OK 
 headers={'Date': 'Fri, 26 Apr 2024 04:16:07 GMT', 'Content-Type': 'application/json; charset=utf-8', 'Transfer-Encoding': 'chunked', 'Connection': 'keep-alive', 'X-Powered-By': 'Express', 'Access-Control-Allow-Origin': '*', 'Cache-Control': 'no-cache', 'ETag': 'W/"47a-tRt39PX0/mbak8UvBkyLsdZ8RRk"', 'Vary': 'Accept-Encoding', 'Content-Encoding': 'gzip', 'CF-Cache-Status': 'DYNAMIC', 'Report-To': '{"endpoints":[{"url":"https:\\/\\/a.nel.cloudflare.com\\/report\\/v4?s=ZAttrfR8cQ1j0y%2BMmZXXPtb6%2FOxshY5jv5d6C2UbQtX5iO59SSoUzwUh1kTR2K3MTj9ykU4iojHcPdeJirc11rhJANWULw%2Fi%2F7dYByxO7PsWJmPTmHnUF6XKi3gr9TGQ"}],"group":"cf-nel","max_age":604800}', 'NEL': '{"success_fraction":0,"report_to":"cf-nel","max_age":604800}', 'Server': 'cloudflare', 'CF-RAY': '87a3c170dc655a46-IAD', 'alt-svc': 'h3=":443"; ma=86400'} 
 body={"results":[{"gender":"female","name":{"title":"Mrs","first":"یلدا","last":"یاسمی"},"location":{"street":{"number":4049,"name":"شهید شواخ"},"city":"خمینی‌شهر","state":"فارس","country":"Iran","postcode":98754,"coordinates":{"latitude":"15.2065","longitude":"8.8429"},"timezone":{"offset":"+3:30","description":"Tehran"}},"email":"yld.ysmy@example.com","login":{"uuid":"ff796757-f6a3-49cb-96fb-9c262fc5a159","username":"silverlion776","password":"whitesox","salt":"yOmKXUhA","md5":"ade83802b746e00e53cfa3398b7c056f","sha1":"11336ce102bdf96f374962c3fa92f002185ca9e5","sha256":"99f4709de3a75e1f2c1f7498b0f441a23a31c84aa54b0b6792b3498396e0023f"},"dob":{"date":"1953-11-20T15:15:48.442Z","age":70},"registered":{"date":"2011-01-02T18:54:48.999Z","age":13},"phone":"098-36136068","cell":"0927-703-8380","id":{"name":"","value":null},"picture":{"large":"https://randomuser.me/api/portraits/women/17.jpg","medium":"https://randomuser.me/api/portraits/med/women/17.jpg","thumbnail":"https://randomuser.me/api/portraits/thumb/women/17.jpg"},"nat":"IR"}],"info":{"seed":"97f4b7324472d6fd","results":1,"page":1,"version":"1.4"}} 
 </msg>
<msg time="2024-04-26T04:16:07.869952" level="INFO">/opt/hostedtoolcache/Python/3.12.3/x64/lib/python3.12/site-packages/urllib3/connectionpool.py:1103: InsecureRequestWarning: Unverified HTTPS request is being made to host 'randomuser.me'. Adding certificate verification is strongly advised. See: https://urllib3.readthedocs.io/en/latest/advanced-usage.html#tls-warnings
  warnings.warn(</msg>
<msg time="2024-04-26T04:16:07.870060" level="INFO">${response} = &lt;Response [200]&gt;</msg>
<var>${response}</var>
<arg>consultarAPI</arg>
<arg>/api</arg>
<doc>Sends a GET request on a previously created HTTP Session.</doc>
<status status="PASS" start="2024-04-26T04:16:07.818824" elapsed="0.051276"/>
</kw>
<kw name="Set Variable" owner="BuiltIn">
<msg time="2024-04-26T04:16:07.870908" level="INFO">${json_data} = {'results': [{'gender': 'female', 'name': {'title': 'Mrs', 'first': 'یلدا', 'last': 'یاسمی'}, 'location': {'street': {'number': 4049, 'name': 'شهید شواخ'}, 'city': 'خمینی\u200cشهر', 'state': 'فارس', '...</msg>
<var>${json_data}</var>
<arg>${response.json()}</arg>
<doc>Returns the given values which can then be assigned to a variables.</doc>
<status status="PASS" start="2024-04-26T04:16:07.870449" elapsed="0.000488"/>
</kw>
<kw name="Log" owner="BuiltIn">
<msg time="2024-04-26T04:16:07.871400" level="INFO">{'results': [{'gender': 'female', 'name': {'title': 'Mrs', 'first': 'یلدا', 'last': 'یاسمی'}, 'location': {'street': {'number': 4049, 'name': 'شهید شواخ'}, 'city': 'خمینی\u200cشهر', 'state': 'فارس', 'country': 'Iran', 'postcode': 98754, 'coordinates': {'latitude': '15.2065', 'longitude': '8.8429'}, 'timezone': {'offset': '+3:30', 'description': 'Tehran'}}, 'email': 'yld.ysmy@example.com', 'login': {'uuid': 'ff796757-f6a3-49cb-96fb-9c262fc5a159', 'username': 'silverlion776', 'password': 'whitesox', 'salt': 'yOmKXUhA', 'md5': 'ade83802b746e00e53cfa3398b7c056f', 'sha1': '11336ce102bdf96f374962c3fa92f002185ca9e5', 'sha256': '99f4709de3a75e1f2c1f7498b0f441a23a31c84aa54b0b6792b3498396e0023f'}, 'dob': {'date': '1953-11-20T15:15:48.442Z', 'age': 70}, 'registered': {'date': '2011-01-02T18:54:48.999Z', 'age': 13}, 'phone': '098-36136068', 'cell': '0927-703-8380', 'id': {'name': '', 'value': None}, 'picture': {'large': 'https://randomuser.me/api/portraits/women/17.jpg', 'medium': 'https://randomuser.me/api/portraits/med/women/17.jpg', 'thumbnail': 'https://randomuser.me/api/portraits/thumb/women/17.jpg'}, 'nat': 'IR'}], 'info': {'seed': '97f4b7324472d6fd', 'results': 1, 'page': 1, 'version': '1.4'}}</msg>
<arg>${json_data}</arg>
<doc>Logs the given message with the given level.</doc>
<status status="PASS" start="2024-04-26T04:16:07.871240" elapsed="0.000209"/>
</kw>
<kw name="Dictionary Should Contain Key" owner="Collections">
<msg time="2024-04-26T04:16:07.871894" level="INFO">False</msg>
<arg>${json_data}</arg>
<arg>results</arg>
<doc>Fails if ``key`` is not found from ``dictionary``.</doc>
<status status="PASS" start="2024-04-26T04:16:07.871741" elapsed="0.000189"/>
</kw>
<kw name="Should Not Be Empty" owner="BuiltIn">
<msg time="2024-04-26T04:16:07.872400" level="INFO">Length is 2.</msg>
<arg>${json_data}</arg>
<doc>Verifies that the given item is not empty.</doc>
<status status="PASS" start="2024-04-26T04:16:07.872266" elapsed="0.000300"/>
</kw>
<kw name="Create List" owner="BuiltIn">
<msg time="2024-04-26T04:16:07.873009" level="INFO">${expected_keys} = ['gender', 'name', 'location', 'email', 'login']</msg>
<var>${expected_keys}</var>
<arg>gender</arg>
<arg>name</arg>
<arg>location</arg>
<arg>email</arg>
<arg>login</arg>
<doc>Returns a list containing given items.</doc>
<status status="PASS" start="2024-04-26T04:16:07.872857" elapsed="0.000176"/>
</kw>
<for flavor="IN">
<iter>
<kw name="Dictionary Should Contain Key" owner="Collections">
<msg time="2024-04-26T04:16:07.873995" level="INFO">False</msg>
<arg>${json_data['results'][0]}</arg>
<arg>${key}</arg>
<doc>Fails if ``key`` is not found from ``dictionary``.</doc>
<status status="PASS" start="2024-04-26T04:16:07.873592" elapsed="0.000441"/>
</kw>
<kw name="Log" owner="BuiltIn">
<msg time="2024-04-26T04:16:07.874696" level="INFO">{'gender': 'female', 'name': {'title': 'Mrs', 'first': 'یلدا', 'last': 'یاسمی'}, 'location': {'street': {'number': 4049, 'name': 'شهید شواخ'}, 'city': 'خمینی\u200cشهر', 'state': 'فارس', 'country': 'Iran', 'postcode': 98754, 'coordinates': {'latitude': '15.2065', 'longitude': '8.8429'}, 'timezone': {'offset': '+3:30', 'description': 'Tehran'}}, 'email': 'yld.ysmy@example.com', 'login': {'uuid': 'ff796757-f6a3-49cb-96fb-9c262fc5a159', 'username': 'silverlion776', 'password': 'whitesox', 'salt': 'yOmKXUhA', 'md5': 'ade83802b746e00e53cfa3398b7c056f', 'sha1': '11336ce102bdf96f374962c3fa92f002185ca9e5', 'sha256': '99f4709de3a75e1f2c1f7498b0f441a23a31c84aa54b0b6792b3498396e0023f'}, 'dob': {'date': '1953-11-20T15:15:48.442Z', 'age': 70}, 'registered': {'date': '2011-01-02T18:54:48.999Z', 'age': 13}, 'phone': '098-36136068', 'cell': '0927-703-8380', 'id': {'name': '', 'value': None}, 'picture': {'large': 'https://randomuser.me/api/portraits/women/17.jpg', 'medium': 'https://randomuser.me/api/portraits/med/women/17.jpg', 'thumbnail': 'https://randomuser.me/api/portraits/thumb/women/17.jpg'}, 'nat': 'IR'}</msg>
<arg>${json_data['results'][0]}</arg>
<doc>Logs the given message with the given level.</doc>
<status status="PASS" start="2024-04-26T04:16:07.874331" elapsed="0.000415"/>
</kw>
<kw name="Log" owner="BuiltIn">
<msg time="2024-04-26T04:16:07.875163" level="INFO">gender</msg>
<arg>${key}</arg>
<doc>Logs the given message with the given level.</doc>
<status status="PASS" start="2024-04-26T04:16:07.875037" elapsed="0.000161"/>
</kw>
<var name="${key}">gender</var>
<status status="PASS" start="2024-04-26T04:16:07.873470" elapsed="0.001937"/>
</iter>
<iter>
<kw name="Dictionary Should Contain Key" owner="Collections">
<msg time="2024-04-26T04:16:07.876117" level="INFO">False</msg>
<arg>${json_data['results'][0]}</arg>
<arg>${key}</arg>
<doc>Fails if ``key`` is not found from ``dictionary``.</doc>
<status status="PASS" start="2024-04-26T04:16:07.875706" elapsed="0.000449"/>
</kw>
<kw name="Log" owner="BuiltIn">
<msg time="2024-04-26T04:16:07.876841" level="INFO">{'gender': 'female', 'name': {'title': 'Mrs', 'first': 'یلدا', 'last': 'یاسمی'}, 'location': {'street': {'number': 4049, 'name': 'شهید شواخ'}, 'city': 'خمینی\u200cشهر', 'state': 'فارس', 'country': 'Iran', 'postcode': 98754, 'coordinates': {'latitude': '15.2065', 'longitude': '8.8429'}, 'timezone': {'offset': '+3:30', 'description': 'Tehran'}}, 'email': 'yld.ysmy@example.com', 'login': {'uuid': 'ff796757-f6a3-49cb-96fb-9c262fc5a159', 'username': 'silverlion776', 'password': 'whitesox', 'salt': 'yOmKXUhA', 'md5': 'ade83802b746e00e53cfa3398b7c056f', 'sha1': '11336ce102bdf96f374962c3fa92f002185ca9e5', 'sha256': '99f4709de3a75e1f2c1f7498b0f441a23a31c84aa54b0b6792b3498396e0023f'}, 'dob': {'date': '1953-11-20T15:15:48.442Z', 'age': 70}, 'registered': {'date': '2011-01-02T18:54:48.999Z', 'age': 13}, 'phone': '098-36136068', 'cell': '0927-703-8380', 'id': {'name': '', 'value': None}, 'picture': {'large': 'https://randomuser.me/api/portraits/women/17.jpg', 'medium': 'https://randomuser.me/api/portraits/med/women/17.jpg', 'thumbnail': 'https://randomuser.me/api/portraits/thumb/women/17.jpg'}, 'nat': 'IR'}</msg>
<arg>${json_data['results'][0]}</arg>
<doc>Logs the given message with the given level.</doc>
<status status="PASS" start="2024-04-26T04:16:07.876473" elapsed="0.000418"/>
</kw>
<kw name="Log" owner="BuiltIn">
<msg time="2024-04-26T04:16:07.877311" level="INFO">name</msg>
<arg>${key}</arg>
<doc>Logs the given message with the given level.</doc>
<status status="PASS" start="2024-04-26T04:16:07.877187" elapsed="0.000160"/>
</kw>
<var name="${key}">name</var>
<status status="PASS" start="2024-04-26T04:16:07.875591" elapsed="0.001967"/>
</iter>
<iter>
<kw name="Dictionary Should Contain Key" owner="Collections">
<msg time="2024-04-26T04:16:07.878219" level="INFO">False</msg>
<arg>${json_data['results'][0]}</arg>
<arg>${key}</arg>
<doc>Fails if ``key`` is not found from ``dictionary``.</doc>
<status status="PASS" start="2024-04-26T04:16:07.877839" elapsed="0.000416"/>
</kw>
<kw name="Log" owner="BuiltIn">
<msg time="2024-04-26T04:16:07.878895" level="INFO">{'gender': 'female', 'name': {'title': 'Mrs', 'first': 'یلدا', 'last': 'یاسمی'}, 'location': {'street': {'number': 4049, 'name': 'شهید شواخ'}, 'city': 'خمینی\u200cشهر', 'state': 'فارس', 'country': 'Iran', 'postcode': 98754, 'coordinates': {'latitude': '15.2065', 'longitude': '8.8429'}, 'timezone': {'offset': '+3:30', 'description': 'Tehran'}}, 'email': 'yld.ysmy@example.com', 'login': {'uuid': 'ff796757-f6a3-49cb-96fb-9c262fc5a159', 'username': 'silverlion776', 'password': 'whitesox', 'salt': 'yOmKXUhA', 'md5': 'ade83802b746e00e53cfa3398b7c056f', 'sha1': '11336ce102bdf96f374962c3fa92f002185ca9e5', 'sha256': '99f4709de3a75e1f2c1f7498b0f441a23a31c84aa54b0b6792b3498396e0023f'}, 'dob': {'date': '1953-11-20T15:15:48.442Z', 'age': 70}, 'registered': {'date': '2011-01-02T18:54:48.999Z', 'age': 13}, 'phone': '098-36136068', 'cell': '0927-703-8380', 'id': {'name': '', 'value': None}, 'picture': {'large': 'https://randomuser.me/api/portraits/women/17.jpg', 'medium': 'https://randomuser.me/api/portraits/med/women/17.jpg', 'thumbnail': 'https://randomuser.me/api/portraits/thumb/women/17.jpg'}, 'nat': 'IR'}</msg>
<arg>${json_data['results'][0]}</arg>
<doc>Logs the given message with the given level.</doc>
<status status="PASS" start="2024-04-26T04:16:07.878540" elapsed="0.000404"/>
</kw>
<kw name="Log" owner="BuiltIn">
<msg time="2024-04-26T04:16:07.879350" level="INFO">location</msg>
<arg>${key}</arg>
<doc>Logs the given message with the given level.</doc>
<status status="PASS" start="2024-04-26T04:16:07.879230" elapsed="0.000157"/>
</kw>
<var name="${key}">location</var>
<status status="PASS" start="2024-04-26T04:16:07.877730" elapsed="0.001864"/>
</iter>
<iter>
<kw name="Dictionary Should Contain Key" owner="Collections">
<msg time="2024-04-26T04:16:07.880298" level="INFO">False</msg>
<arg>${json_data['results'][0]}</arg>
<arg>${key}</arg>
<doc>Fails if ``key`` is not found from ``dictionary``.</doc>
<status status="PASS" start="2024-04-26T04:16:07.879869" elapsed="0.000466"/>
</kw>
<kw name="Log" owner="BuiltIn">
<msg time="2024-04-26T04:16:07.881001" level="INFO">{'gender': 'female', 'name': {'title': 'Mrs', 'first': 'یلدا', 'last': 'یاسمی'}, 'location': {'street': {'number': 4049, 'name': 'شهید شواخ'}, 'city': 'خمینی\u200cشهر', 'state': 'فارس', 'country': 'Iran', 'postcode': 98754, 'coordinates': {'latitude': '15.2065', 'longitude': '8.8429'}, 'timezone': {'offset': '+3:30', 'description': 'Tehran'}}, 'email': 'yld.ysmy@example.com', 'login': {'uuid': 'ff796757-f6a3-49cb-96fb-9c262fc5a159', 'username': 'silverlion776', 'password': 'whitesox', 'salt': 'yOmKXUhA', 'md5': 'ade83802b746e00e53cfa3398b7c056f', 'sha1': '11336ce102bdf96f374962c3fa92f002185ca9e5', 'sha256': '99f4709de3a75e1f2c1f7498b0f441a23a31c84aa54b0b6792b3498396e0023f'}, 'dob': {'date': '1953-11-20T15:15:48.442Z', 'age': 70}, 'registered': {'date': '2011-01-02T18:54:48.999Z', 'age': 13}, 'phone': '098-36136068', 'cell': '0927-703-8380', 'id': {'name': '', 'value': None}, 'picture': {'large': 'https://randomuser.me/api/portraits/women/17.jpg', 'medium': 'https://randomuser.me/api/portraits/med/women/17.jpg', 'thumbnail': 'https://randomuser.me/api/portraits/thumb/women/17.jpg'}, 'nat': 'IR'}</msg>
<arg>${json_data['results'][0]}</arg>
<doc>Logs the given message with the given level.</doc>
<status status="PASS" start="2024-04-26T04:16:07.880632" elapsed="0.000419"/>
</kw>
<kw name="Log" owner="BuiltIn">
<msg time="2024-04-26T04:16:07.881466" level="INFO">email</msg>
<arg>${key}</arg>
<doc>Logs the given message with the given level.</doc>
<status status="PASS" start="2024-04-26T04:16:07.881342" elapsed="0.000160"/>
</kw>
<var name="${key}">email</var>
<status status="PASS" start="2024-04-26T04:16:07.879762" elapsed="0.001951"/>
</iter>
<iter>
<kw name="Dictionary Should Contain Key" owner="Collections">
<msg time="2024-04-26T04:16:07.882373" level="INFO">False</msg>
<arg>${json_data['results'][0]}</arg>
<arg>${key}</arg>
<doc>Fails if ``key`` is not found from ``dictionary``.</doc>
<status status="PASS" start="2024-04-26T04:16:07.881989" elapsed="0.000420"/>
</kw>
<kw name="Log" owner="BuiltIn">
<msg time="2024-04-26T04:16:07.883066" level="INFO">{'gender': 'female', 'name': {'title': 'Mrs', 'first': 'یلدا', 'last': 'یاسمی'}, 'location': {'street': {'number': 4049, 'name': 'شهید شواخ'}, 'city': 'خمینی\u200cشهر', 'state': 'فارس', 'country': 'Iran', 'postcode': 98754, 'coordinates': {'latitude': '15.2065', 'longitude': '8.8429'}, 'timezone': {'offset': '+3:30', 'description': 'Tehran'}}, 'email': 'yld.ysmy@example.com', 'login': {'uuid': 'ff796757-f6a3-49cb-96fb-9c262fc5a159', 'username': 'silverlion776', 'password': 'whitesox', 'salt': 'yOmKXUhA', 'md5': 'ade83802b746e00e53cfa3398b7c056f', 'sha1': '11336ce102bdf96f374962c3fa92f002185ca9e5', 'sha256': '99f4709de3a75e1f2c1f7498b0f441a23a31c84aa54b0b6792b3498396e0023f'}, 'dob': {'date': '1953-11-20T15:15:48.442Z', 'age': 70}, 'registered': {'date': '2011-01-02T18:54:48.999Z', 'age': 13}, 'phone': '098-36136068', 'cell': '0927-703-8380', 'id': {'name': '', 'value': None}, 'picture': {'large': 'https://randomuser.me/api/portraits/women/17.jpg', 'medium': 'https://randomuser.me/api/portraits/med/women/17.jpg', 'thumbnail': 'https://randomuser.me/api/portraits/thumb/women/17.jpg'}, 'nat': 'IR'}</msg>
<arg>${json_data['results'][0]}</arg>
<doc>Logs the given message with the given level.</doc>
<status status="PASS" start="2024-04-26T04:16:07.882699" elapsed="0.000418"/>
</kw>
<kw name="Log" owner="BuiltIn">
<msg time="2024-04-26T04:16:07.883533" level="INFO">login</msg>
<arg>${key}</arg>
<doc>Logs the given message with the given level.</doc>
<status status="PASS" start="2024-04-26T04:16:07.883409" elapsed="0.000161"/>
</kw>
<var name="${key}">login</var>
<status status="PASS" start="2024-04-26T04:16:07.881882" elapsed="0.001897"/>
</iter>
<var>${key}</var>
<value>@{expected_keys}</value>
<status status="PASS" start="2024-04-26T04:16:07.873287" elapsed="0.010637"/>
</for>
<kw name="Create List" owner="BuiltIn">
<msg time="2024-04-26T04:16:07.884288" level="INFO">${expected_keysTwo} = ['username', 'password']</msg>
<var>${expected_keysTwo}</var>
<arg>username</arg>
<arg>password</arg>
<doc>Returns a list containing given items.</doc>
<status status="PASS" start="2024-04-26T04:16:07.884152" elapsed="0.000159"/>
</kw>
<for flavor="IN">
<iter>
<kw name="Dictionary Should Contain Key" owner="Collections">
<msg time="2024-04-26T04:16:07.885182" level="INFO">False</msg>
<arg>${json_data['results'][0]['login']}</arg>
<arg>${keyTwo}</arg>
<doc>Fails if ``key`` is not found from ``dictionary``.</doc>
<status status="PASS" start="2024-04-26T04:16:07.884800" elapsed="0.000419"/>
</kw>
<kw name="Dictionary Should Contain Key" owner="Collections">
<msg time="2024-04-26T04:16:07.885892" level="INFO">False</msg>
<arg>${json_data['results'][0]['login']}</arg>
<arg>${keyTwo}</arg>
<doc>Fails if ``key`` is not found from ``dictionary``.</doc>
<status status="PASS" start="2024-04-26T04:16:07.885507" elapsed="0.000423"/>
</kw>
<kw name="Log" owner="BuiltIn">
<msg time="2024-04-26T04:16:07.886347" level="INFO">username</msg>
<arg>${keyTwo}</arg>
<doc>Logs the given message with the given level.</doc>
<status status="PASS" start="2024-04-26T04:16:07.886224" elapsed="0.000164"/>
</kw>
<var name="${keyTwo}">username</var>
<status status="PASS" start="2024-04-26T04:16:07.884692" elapsed="0.001908"/>
</iter>
<iter>
<kw name="Dictionary Should Contain Key" owner="Collections">
<msg time="2024-04-26T04:16:07.887337" level="INFO">False</msg>
<arg>${json_data['results'][0]['login']}</arg>
<arg>${keyTwo}</arg>
<doc>Fails if ``key`` is not found from ``dictionary``.</doc>
<status status="PASS" start="2024-04-26T04:16:07.886877" elapsed="0.000499"/>
</kw>
<kw name="Dictionary Should Contain Key" owner="Collections">
<msg time="2024-04-26T04:16:07.888074" level="INFO">False</msg>
<arg>${json_data['results'][0]['login']}</arg>
<arg>${keyTwo}</arg>
<doc>Fails if ``key`` is not found from ``dictionary``.</doc>
<status status="PASS" start="2024-04-26T04:16:07.887664" elapsed="0.000449"/>
</kw>
<kw name="Log" owner="BuiltIn">
<msg time="2024-04-26T04:16:07.888536" level="INFO">password</msg>
<arg>${keyTwo}</arg>
<doc>Logs the given message with the given level.</doc>
<status status="PASS" start="2024-04-26T04:16:07.888410" elapsed="0.000161"/>
</kw>
<var name="${keyTwo}">password</var>
<status status="PASS" start="2024-04-26T04:16:07.886769" elapsed="0.002013"/>
</iter>
<var>${keyTwo}</var>
<value>@{expected_keysTwo}</value>
<status status="PASS" start="2024-04-26T04:16:07.884543" elapsed="0.004358"/>
</for>
<status status="PASS" start="2024-04-26T04:16:07.818588" elapsed="0.070446"/>
</kw>
<doc>Testa a estrutura da resposta da API.</doc>
<tag>testeEstruturaResposta</tag>
<status status="PASS" start="2024-04-26T04:16:07.817997" elapsed="0.071180"/>
</test>
<test id="s1-s1-t4" name="Validar tipos de dados" line="28">
<kw name="Teste de Tipos de Dados" owner="random-user-service">
<kw name="GET On Session" owner="RequestsLibrary">
<msg time="2024-04-26T04:16:07.948124" level="INFO">GET Request : url=https://randomuser.me/api 
 path_url=/api 
 headers={'User-Agent': 'python-requests/2.31.0', 'Accept-Encoding': 'gzip, deflate', 'Accept': '*/*', 'Connection': 'keep-alive'} 
 body=None 
 </msg>
<msg time="2024-04-26T04:16:07.948205" level="INFO">GET Response : url=https://randomuser.me/api 
 status=200, reason=OK 
 headers={'Date': 'Fri, 26 Apr 2024 04:16:07 GMT', 'Content-Type': 'application/json; charset=utf-8', 'Transfer-Encoding': 'chunked', 'Connection': 'keep-alive', 'X-Powered-By': 'Express', 'Access-Control-Allow-Origin': '*', 'Cache-Control': 'no-cache', 'ETag': 'W/"49f-pEePlJsFxdkMLpJ1OVSqHGApocg"', 'Vary': 'Accept-Encoding', 'Content-Encoding': 'gzip', 'CF-Cache-Status': 'DYNAMIC', 'Report-To': '{"endpoints":[{"url":"https:\\/\\/a.nel.cloudflare.com\\/report\\/v4?s=Aetw1sfY202P8c6wQ4lopUwSoL2diDuWDzzNKZ5ObOSpeg7FbPnbP0CPJ1lITdL%2BIc3doB6sK%2FCOvUBv8%2Fj8p%2Fr9S0XJ35V1fR5c7RrmQuUiiRhMOhyiYDcb7EfqQqCA"}],"group":"cf-nel","max_age":604800}', 'NEL': '{"success_fraction":0,"report_to":"cf-nel","max_age":604800}', 'Server': 'cloudflare', 'CF-RAY': '87a3c1715cbf5a46-IAD', 'alt-svc': 'h3=":443"; ma=86400'} 
 body={"results":[{"gender":"female","name":{"title":"Mrs","first":"Elvia","last":"Llamas"},"location":{"street":{"number":9305,"name":"Periférico Ocasio"},"city":"General Enrique Estrada","state":"Zacatecas","country":"Mexico","postcode":42525,"coordinates":{"latitude":"28.5812","longitude":"70.0352"},"timezone":{"offset":"+9:30","description":"Adelaide, Darwin"}},"email":"elvia.llamas@example.com","login":{"uuid":"575eec5f-522f-414c-957f-9309279b9fe7","username":"yellowmeercat285","password":"juniper","salt":"jl0gsXvv","md5":"75122905780cff6c11860cc32c78382b","sha1":"ff4e893d1826b5a33ab5f9244cca1896f83e25d8","sha256":"1e9978e2028f5824f4ec985ad7ad0b665490869146e7ac94310cee78ca7843ce"},"dob":{"date":"1945-06-02T06:21:14.581Z","age":78},"registered":{"date":"2014-01-16T02:21:10.273Z","age":10},"phone":"(645) 759 9473","cell":"(684) 838 7099","id":{"name":"NSS","value":"38 77 19 9603 3"},"picture":{"large":"https://randomuser.me/api/portraits/women/12.jpg","medium":"https://randomuser.me/api/portraits/med/women/12.jpg","thumbnail":"https://randomuser.me/api/portraits/thumb/women/12.jpg"},"nat":"MX"}],"info":{"seed":"7fe50f035ed93ea4","results":1,"page":1,"version":"1.4"}} 
 </msg>
<msg time="2024-04-26T04:16:07.948266" level="INFO">/opt/hostedtoolcache/Python/3.12.3/x64/lib/python3.12/site-packages/urllib3/connectionpool.py:1103: InsecureRequestWarning: Unverified HTTPS request is being made to host 'randomuser.me'. Adding certificate verification is strongly advised. See: https://urllib3.readthedocs.io/en/latest/advanced-usage.html#tls-warnings
  warnings.warn(</msg>
<msg time="2024-04-26T04:16:07.948368" level="INFO">${response} = &lt;Response [200]&gt;</msg>
<var>${response}</var>
<arg>consultarAPI</arg>
<arg>/api</arg>
<doc>Sends a GET request on a previously created HTTP Session.</doc>
<status status="PASS" start="2024-04-26T04:16:07.891524" elapsed="0.056885"/>
</kw>
<kw name="Set Variable" owner="BuiltIn">
<msg time="2024-04-26T04:16:07.949220" level="INFO">${json_data} = {'results': [{'gender': 'female', 'name': {'title': 'Mrs', 'first': 'Elvia', 'last': 'Llamas'}, 'location': {'street': {'number': 9305, 'name': 'Periférico Ocasio'}, 'city': 'General Enrique Estrada',...</msg>
<var>${json_data}</var>
<arg>${response.json()}</arg>
<doc>Returns the given values which can then be assigned to a variables.</doc>
<status status="PASS" start="2024-04-26T04:16:07.948772" elapsed="0.000477"/>
</kw>
<kw name="Log" owner="BuiltIn">
<msg time="2024-04-26T04:16:07.949702" level="INFO">{'results': [{'gender': 'female', 'name': {'title': 'Mrs', 'first': 'Elvia', 'last': 'Llamas'}, 'location': {'street': {'number': 9305, 'name': 'Periférico Ocasio'}, 'city': 'General Enrique Estrada', 'state': 'Zacatecas', 'country': 'Mexico', 'postcode': 42525, 'coordinates': {'latitude': '28.5812', 'longitude': '70.0352'}, 'timezone': {'offset': '+9:30', 'description': 'Adelaide, Darwin'}}, 'email': 'elvia.llamas@example.com', 'login': {'uuid': '575eec5f-522f-414c-957f-9309279b9fe7', 'username': 'yellowmeercat285', 'password': 'juniper', 'salt': 'jl0gsXvv', 'md5': '75122905780cff6c11860cc32c78382b', 'sha1': 'ff4e893d1826b5a33ab5f9244cca1896f83e25d8', 'sha256': '1e9978e2028f5824f4ec985ad7ad0b665490869146e7ac94310cee78ca7843ce'}, 'dob': {'date': '1945-06-02T06:21:14.581Z', 'age': 78}, 'registered': {'date': '2014-01-16T02:21:10.273Z', 'age': 10}, 'phone': '(645) 759 9473', 'cell': '(684) 838 7099', 'id': {'name': 'NSS', 'value': '38 77 19 9603 3'}, 'picture': {'large': 'https://randomuser.me/api/portraits/women/12.jpg', 'medium': 'https://randomuser.me/api/portraits/med/women/12.jpg', 'thumbnail': 'https://randomuser.me/api/portraits/thumb/women/12.jpg'}, 'nat': 'MX'}], 'info': {'seed': '7fe50f035ed93ea4', 'results': 1, 'page': 1, 'version': '1.4'}}</msg>
<arg>${json_data}</arg>
<doc>Logs the given message with the given level.</doc>
<status status="PASS" start="2024-04-26T04:16:07.949545" elapsed="0.000238"/>
</kw>
<kw name="Should Be String" owner="String">
<arg>${json_data['results'][0]['gender']}</arg>
<doc>Fails if the given ``item`` is not a string.</doc>
<status status="PASS" start="2024-04-26T04:16:07.950075" elapsed="0.000348"/>
</kw>
<kw name="Should Match Regexp" owner="BuiltIn">
<arg>${json_data['results'][0]['email']}</arg>
<arg>^[a-zA-Z0-9._%+-]+@[a-zA-Z0-9.-]+\.[a-zA-Z]{2,}$</arg>
<doc>Fails if ``string`` does not match ``pattern`` as a regular expression.</doc>
<status status="PASS" start="2024-04-26T04:16:07.950608" elapsed="0.000498"/>
</kw>
<kw name="Should Match Regexp" owner="BuiltIn">
<arg>${json_data['results'][0]['dob']['date']}</arg>
<arg>\\d{4}-\\d{2}-\\d{2}T\\d{2}:\\d{2}:\\d{2}\\.\\d{3}Z</arg>
<doc>Fails if ``string`` does not match ``pattern`` as a regular expression.</doc>
<status status="PASS" start="2024-04-26T04:16:07.951293" elapsed="0.000482"/>
</kw>
<kw name="Should Match Regexp" owner="BuiltIn">
<arg>${json_data['results'][0]['registered']['date']}</arg>
<arg>\\d{4}-\\d{2}-\\d{2}T\\d{2}:\\d{2}:\\d{2}\\.\\d{3}Z</arg>
<doc>Fails if ``string`` does not match ``pattern`` as a regular expression.</doc>
<status status="PASS" start="2024-04-26T04:16:07.951960" elapsed="0.000410"/>
</kw>
<kw name="Should Match Regexp" owner="BuiltIn">
<arg>${json_data['results'][0]['picture']['large']}</arg>
<arg>^https?://.*\.(?:png|jpe?g|gif|bmp)$</arg>
<doc>Fails if ``string`` does not match ``pattern`` as a regular expression.</doc>
<status status="PASS" start="2024-04-26T04:16:07.952554" elapsed="0.000456"/>
</kw>
<kw name="Should Match Regexp" owner="BuiltIn">
<arg>${json_data['results'][0]['picture']['medium']}</arg>
<arg>^https?://.*\.(?:png|jpe?g|gif|bmp)$</arg>
<doc>Fails if ``string`` does not match ``pattern`` as a regular expression.</doc>
<status status="PASS" start="2024-04-26T04:16:07.953199" elapsed="0.000357"/>
</kw>
<kw name="Should Match Regexp" owner="BuiltIn">
<arg>${json_data['results'][0]['picture']['thumbnail']}</arg>
<arg>^https?://.*\.(?:png|jpe?g|gif|bmp)$</arg>
<doc>Fails if ``string`` does not match ``pattern`` as a regular expression.</doc>
<status status="PASS" start="2024-04-26T04:16:07.953739" elapsed="0.000348"/>
</kw>
<kw name="Log" owner="BuiltIn">
<msg time="2024-04-26T04:16:07.954584" level="INFO">{'large': 'https://randomuser.me/api/portraits/women/12.jpg', 'medium': 'https://randomuser.me/api/portraits/med/women/12.jpg', 'thumbnail': 'https://randomuser.me/api/portraits/thumb/women/12.jpg'}</msg>
<arg>${json_data['results'][0]['picture']}</arg>
<doc>Logs the given message with the given level.</doc>
<status status="PASS" start="2024-04-26T04:16:07.954262" elapsed="0.000362"/>
</kw>
<status status="PASS" start="2024-04-26T04:16:07.891307" elapsed="0.063562"/>
</kw>
<kw name="Teste de Tipos de Dados - Postcode" owner="random-user-service">
<kw name="GET On Session" owner="RequestsLibrary">
<msg time="2024-04-26T04:16:08.052134" level="INFO">GET Request : url=https://randomuser.me/api 
 path_url=/api 
 headers={'User-Agent': 'python-requests/2.31.0', 'Accept-Encoding': 'gzip, deflate', 'Accept': '*/*', 'Connection': 'keep-alive'} 
 body=None 
 </msg>
<msg time="2024-04-26T04:16:08.052197" level="INFO">GET Response : url=https://randomuser.me/api 
 status=200, reason=OK 
 headers={'Date': 'Fri, 26 Apr 2024 04:16:08 GMT', 'Content-Type': 'application/json; charset=utf-8', 'Transfer-Encoding': 'chunked', 'Connection': 'keep-alive', 'X-Powered-By': 'Express', 'Access-Control-Allow-Origin': '*', 'Cache-Control': 'no-cache', 'ETag': 'W/"498-VJ5wxS+TefiU4QcWm7It5QLszC8"', 'Vary': 'Accept-Encoding', 'Content-Encoding': 'gzip', 'CF-Cache-Status': 'DYNAMIC', 'Report-To': '{"endpoints":[{"url":"https:\\/\\/a.nel.cloudflare.com\\/report\\/v4?s=FGf9vynVc0gtAxiihDbkXCtDSzkpApof5DI0bThrvn22WGJD8QNIq6IaBvVPhDUqbspnvYEEW0FBaIynM5FAZcbrhku4z%2F72crs4t%2BxZfmHBRtZKoNvEyttBnR3%2FoaWk"}],"group":"cf-nel","max_age":604800}', 'NEL': '{"success_fraction":0,"report_to":"cf-nel","max_age":604800}', 'Server': 'cloudflare', 'CF-RAY': '87a3c171bd075a46-IAD', 'alt-svc': 'h3=":443"; ma=86400'} 
 body={"results":[{"gender":"female","name":{"title":"Mrs","first":"Dina","last":"Balanovskiy"},"location":{"street":{"number":5784,"name":"Magistratska"},"city":"Belz","state":"Dnipropetrovska","country":"Ukraine","postcode":75548,"coordinates":{"latitude":"76.9075","longitude":"138.1934"},"timezone":{"offset":"+8:00","description":"Beijing, Perth, Singapore, Hong Kong"}},"email":"dina.balanovskiy@example.com","login":{"uuid":"306d9802-b342-43ab-a4f2-a494f35fb246","username":"blackostrich380","password":"vision","salt":"lsjnPTAq","md5":"8c663ebab4e0b1e1820944215e9c5c2c","sha1":"8923eeaf37fa883d0c68c6f0f32eb68b54dccb77","sha256":"25552fc5e6be0f4d83c3681b983ba78a06a9482438fe711573a022c09e8bdafd"},"dob":{"date":"1979-01-13T18:50:16.795Z","age":45},"registered":{"date":"2008-06-13T23:08:13.170Z","age":15},"phone":"(067) I97-1247","cell":"(067) C17-5473","id":{"name":"","value":null},"picture":{"large":"https://randomuser.me/api/portraits/women/93.jpg","medium":"https://randomuser.me/api/portraits/med/women/93.jpg","thumbnail":"https://randomuser.me/api/portraits/thumb/women/93.jpg"},"nat":"UA"}],"info":{"seed":"9a71d9887bf7e90f","results":1,"page":1,"version":"1.4"}} 
 </msg>
<msg time="2024-04-26T04:16:08.052254" level="INFO">/opt/hostedtoolcache/Python/3.12.3/x64/lib/python3.12/site-packages/urllib3/connectionpool.py:1103: InsecureRequestWarning: Unverified HTTPS request is being made to host 'randomuser.me'. Adding certificate verification is strongly advised. See: https://urllib3.readthedocs.io/en/latest/advanced-usage.html#tls-warnings
  warnings.warn(</msg>
<msg time="2024-04-26T04:16:08.052340" level="INFO">${response} = &lt;Response [200]&gt;</msg>
<var>${response}</var>
<arg>consultarAPI</arg>
<arg>/api</arg>
<doc>Sends a GET request on a previously created HTTP Session.</doc>
<status status="PASS" start="2024-04-26T04:16:07.955294" elapsed="0.097092"/>
</kw>
<kw name="Set Variable" owner="BuiltIn">
<msg time="2024-04-26T04:16:08.053439" level="INFO">${json_data} = {'results': [{'gender': 'female', 'name': {'title': 'Mrs', 'first': 'Dina', 'last': 'Balanovskiy'}, 'location': {'street': {'number': 5784, 'name': 'Magistratska'}, 'city': 'Belz', 'state': 'Dnipropet...</msg>
<var>${json_data}</var>
<arg>${response.json()}</arg>
<doc>Returns the given values which can then be assigned to a variables.</doc>
<status status="PASS" start="2024-04-26T04:16:08.052851" elapsed="0.000616"/>
</kw>
<kw name="Log" owner="BuiltIn">
<msg time="2024-04-26T04:16:08.053921" level="INFO">{'results': [{'gender': 'female', 'name': {'title': 'Mrs', 'first': 'Dina', 'last': 'Balanovskiy'}, 'location': {'street': {'number': 5784, 'name': 'Magistratska'}, 'city': 'Belz', 'state': 'Dnipropetrovska', 'country': 'Ukraine', 'postcode': 75548, 'coordinates': {'latitude': '76.9075', 'longitude': '138.1934'}, 'timezone': {'offset': '+8:00', 'description': 'Beijing, Perth, Singapore, Hong Kong'}}, 'email': 'dina.balanovskiy@example.com', 'login': {'uuid': '306d9802-b342-43ab-a4f2-a494f35fb246', 'username': 'blackostrich380', 'password': 'vision', 'salt': 'lsjnPTAq', 'md5': '8c663ebab4e0b1e1820944215e9c5c2c', 'sha1': '8923eeaf37fa883d0c68c6f0f32eb68b54dccb77', 'sha256': '25552fc5e6be0f4d83c3681b983ba78a06a9482438fe711573a022c09e8bdafd'}, 'dob': {'date': '1979-01-13T18:50:16.795Z', 'age': 45}, 'registered': {'date': '2008-06-13T23:08:13.170Z', 'age': 15}, 'phone': '(067) I97-1247', 'cell': '(067) C17-5473', 'id': {'name': '', 'value': None}, 'picture': {'large': 'https://randomuser.me/api/portraits/women/93.jpg', 'medium': 'https://randomuser.me/api/portraits/med/women/93.jpg', 'thumbnail': 'https://randomuser.me/api/portraits/thumb/women/93.jpg'}, 'nat': 'UA'}], 'info': {'seed': '9a71d9887bf7e90f', 'results': 1, 'page': 1, 'version': '1.4'}}</msg>
<arg>${json_data}</arg>
<doc>Logs the given message with the given level.</doc>
<status status="PASS" start="2024-04-26T04:16:08.053769" elapsed="0.000227"/>
</kw>
<kw name="Should Be Equal As Numbers" owner="BuiltIn">
<arg>${json_data['results'][0]['location']['postcode']}</arg>
<arg>${json_data['results'][0]['location']['postcode']}</arg>
<doc>Fails if objects are unequal after converting them to real numbers.</doc>
<status status="PASS" start="2024-04-26T04:16:08.054425" elapsed="0.000613"/>
</kw>
<kw name="Log" owner="BuiltIn">
<msg time="2024-04-26T04:16:08.055561" level="INFO">75548</msg>
<arg>${json_data['results'][0]['location']['postcode']}</arg>
<doc>Logs the given message with the given level.</doc>
<status status="PASS" start="2024-04-26T04:16:08.055225" elapsed="0.000375"/>
</kw>
<status status="PASS" start="2024-04-26T04:16:07.955076" elapsed="0.100772"/>
</kw>
<doc>Testa se os tipos de dados na resposta da API estão corretos.</doc>
<tag>testeTiposDados</tag>
<status status="PASS" start="2024-04-26T04:16:07.890878" elapsed="0.165162"/>
</test>
<test id="s1-s1-t5" name="Validar conteudo" line="35">
<kw name="Teste de Tipos de Conteudo" owner="random-user-service">
<kw name="GET On Session" owner="RequestsLibrary">
<msg time="2024-04-26T04:16:08.150384" level="INFO">GET Request : url=https://randomuser.me/api 
 path_url=/api 
 headers={'User-Agent': 'python-requests/2.31.0', 'Accept-Encoding': 'gzip, deflate', 'Accept': '*/*', 'Connection': 'keep-alive'} 
 body=None 
 </msg>
<msg time="2024-04-26T04:16:08.150467" level="INFO">GET Response : url=https://randomuser.me/api 
 status=200, reason=OK 
 headers={'Date': 'Fri, 26 Apr 2024 04:16:08 GMT', 'Content-Type': 'application/json; charset=utf-8', 'Transfer-Encoding': 'chunked', 'Connection': 'keep-alive', 'X-Powered-By': 'Express', 'Access-Control-Allow-Origin': '*', 'Cache-Control': 'no-cache', 'ETag': 'W/"478-W/RTI06EL42qWWMhuKnKjtmrSc0"', 'Vary': 'Accept-Encoding', 'Content-Encoding': 'gzip', 'CF-Cache-Status': 'DYNAMIC', 'Report-To': '{"endpoints":[{"url":"https:\\/\\/a.nel.cloudflare.com\\/report\\/v4?s=lPVHE2bIKmNVVZOwH%2BJ32yJblkEeiK78jQyirSu101Rs084zftf4tj%2FeIJzyk7UcJi7cVS62VKlpvGTJ7SVPGisYJXCm9huyw%2FCZ9%2FnYOqJpMK3hchWGL1FLWl3bfRpi"}],"group":"cf-nel","max_age":604800}', 'NEL': '{"success_fraction":0,"report_to":"cf-nel","max_age":604800}', 'Server': 'cloudflare', 'CF-RAY': '87a3c1725d935a46-IAD', 'alt-svc': 'h3=":443"; ma=86400'} 
 body={"results":[{"gender":"male","name":{"title":"Mr","first":"Niklas","last":"Perko"},"location":{"street":{"number":7816,"name":"Tahmelantie"},"city":"Kärsämäki","state":"Kainuu","country":"Finland","postcode":62000,"coordinates":{"latitude":"-28.5214","longitude":"-59.0351"},"timezone":{"offset":"+4:30","description":"Kabul"}},"email":"niklas.perko@example.com","login":{"uuid":"abacd639-8406-4de5-99db-9a7a5ef4842f","username":"ticklishpeacock631","password":"misfit","salt":"Itdx25vu","md5":"1df92968b3d8c908afbb3ea571d7f3a3","sha1":"e8cbfd347b0454324157bf4a3888a04138acf31c","sha256":"2a15aa7b0de8e57f7a675776164b01c2db56fc7f60c7d8d329f60a96f57cb749"},"dob":{"date":"1980-10-05T04:33:25.507Z","age":43},"registered":{"date":"2012-01-13T23:41:45.037Z","age":12},"phone":"04-992-521","cell":"049-652-18-10","id":{"name":"HETU","value":"NaNNA481undefined"},"picture":{"large":"https://randomuser.me/api/portraits/men/67.jpg","medium":"https://randomuser.me/api/portraits/med/men/67.jpg","thumbnail":"https://randomuser.me/api/portraits/thumb/men/67.jpg"},"nat":"FI"}],"info":{"seed":"ca9dc43a44abc9e5","results":1,"page":1,"version":"1.4"}} 
 </msg>
<msg time="2024-04-26T04:16:08.150541" level="INFO">/opt/hostedtoolcache/Python/3.12.3/x64/lib/python3.12/site-packages/urllib3/connectionpool.py:1103: InsecureRequestWarning: Unverified HTTPS request is being made to host 'randomuser.me'. Adding certificate verification is strongly advised. See: https://urllib3.readthedocs.io/en/latest/advanced-usage.html#tls-warnings
  warnings.warn(</msg>
<msg time="2024-04-26T04:16:08.150640" level="INFO">${response} = &lt;Response [200]&gt;</msg>
<var>${response}</var>
<arg>consultarAPI</arg>
<arg>/api</arg>
<doc>Sends a GET request on a previously created HTTP Session.</doc>
<status status="PASS" start="2024-04-26T04:16:08.058466" elapsed="0.092215"/>
</kw>
<kw name="Set Variable" owner="BuiltIn">
<msg time="2024-04-26T04:16:08.151748" level="INFO">${json_data} = {'results': [{'gender': 'male', 'name': {'title': 'Mr', 'first': 'Niklas', 'last': 'Perko'}, 'location': {'street': {'number': 7816, 'name': 'Tahmelantie'}, 'city': 'Kärsämäki', 'state': 'Kainuu', 'co...</msg>
<var>${json_data}</var>
<arg>${response.json()}</arg>
<doc>Returns the given values which can then be assigned to a variables.</doc>
<status status="PASS" start="2024-04-26T04:16:08.151170" elapsed="0.000607"/>
</kw>
<kw name="Set Variable" owner="BuiltIn">
<msg time="2024-04-26T04:16:08.152511" level="INFO">${name_title} = Mr</msg>
<var>${name_title}</var>
<arg>${json_data["results"][0]["name"]["title"]}</arg>
<doc>Returns the given values which can then be assigned to a variables.</doc>
<status status="PASS" start="2024-04-26T04:16:08.152122" elapsed="0.000432"/>
</kw>
<kw name="Create List" owner="BuiltIn">
<msg time="2024-04-26T04:16:08.152994" level="INFO">${allowed_titles} = ['Mr', 'Ms', 'Miss', 'Mrs', 'Madame', 'Monsieur']</msg>
<var>${allowed_titles}</var>
<arg>Mr</arg>
<arg>Ms</arg>
<arg>Miss</arg>
<arg>Mrs</arg>
<arg>Madame</arg>
<arg>Monsieur</arg>
<doc>Returns a list containing given items.</doc>
<status status="PASS" start="2024-04-26T04:16:08.152848" elapsed="0.000170"/>
</kw>
<kw name="List Should Contain Value" owner="Collections">
<msg time="2024-04-26T04:16:08.153480" level="INFO">False</msg>
<arg>${allowed_titles}</arg>
<arg>${name_title}</arg>
<doc>Fails if the ``value`` is not found from ``list``.</doc>
<status status="PASS" start="2024-04-26T04:16:08.153310" elapsed="0.000205"/>
</kw>
<kw name="Set Variable" owner="BuiltIn">
<msg time="2024-04-26T04:16:08.154176" level="INFO">${name_country} = FI</msg>
<var>${name_country}</var>
<arg>${json_data["results"][0]["nat"]}</arg>
<doc>Returns the given values which can then be assigned to a variables.</doc>
<status status="PASS" start="2024-04-26T04:16:08.153798" elapsed="0.000403"/>
</kw>
<kw name="Create List" owner="BuiltIn">
<msg time="2024-04-26T04:16:08.155077" level="INFO">${list_country} = ['AD', 'AE', 'AF', 'AG', 'AI', 'AL', 'AM', 'AO', 'AQ', 'AR', 'AS', 'AT', 'AU', 'AW', 'AX', 'AZ', 'BA', 'BB', 'BD', 'BE', 'BF', 'BG', 'BH', 'BI', 'BJ', 'BL', 'BM', 'BN', 'BO', 'BQ', 'BR', 'BS', 'BT', '...</msg>
<var>${list_country}</var>
<arg>AD</arg>
<arg>AE</arg>
<arg>AF</arg>
<arg>AG</arg>
<arg>AI</arg>
<arg>AL</arg>
<arg>AM</arg>
<arg>AO</arg>
<arg>AQ</arg>
<arg>AR</arg>
<arg>AS</arg>
<arg>AT</arg>
<arg>AU</arg>
<arg>AW</arg>
<arg>AX</arg>
<arg>AZ</arg>
<arg>BA</arg>
<arg>BB</arg>
<arg>BD</arg>
<arg>BE</arg>
<arg>BF</arg>
<arg>BG</arg>
<arg>BH</arg>
<arg>BI</arg>
<arg>BJ</arg>
<arg>BL</arg>
<arg>BM</arg>
<arg>BN</arg>
<arg>BO</arg>
<arg>BQ</arg>
<arg>BR</arg>
<arg>BS</arg>
<arg>BT</arg>
<arg>BV</arg>
<arg>BW</arg>
<arg>BY</arg>
<arg>BZ</arg>
<arg>CA</arg>
<arg>CC</arg>
<arg>CD</arg>
<arg>CF</arg>
<arg>CG</arg>
<arg>CH</arg>
<arg>CI</arg>
<arg>CK</arg>
<arg>CL</arg>
<arg>CM</arg>
<arg>CN</arg>
<arg>CO</arg>
<arg>CR</arg>
<arg>CU</arg>
<arg>CV</arg>
<arg>CW</arg>
<arg>CX</arg>
<arg>CY</arg>
<arg>CZ</arg>
<arg>DE</arg>
<arg>DJ</arg>
<arg>DK</arg>
<arg>DM</arg>
<arg>DO</arg>
<arg>DZ</arg>
<arg>EC</arg>
<arg>EE</arg>
<arg>EG</arg>
<arg>EH</arg>
<arg>ER</arg>
<arg>ES</arg>
<arg>ET</arg>
<arg>FI</arg>
<arg>FJ</arg>
<arg>FK</arg>
<arg>FM</arg>
<arg>FO</arg>
<arg>FR</arg>
<arg>GA</arg>
<arg>GB</arg>
<arg>GD</arg>
<arg>GE</arg>
<arg>GF</arg>
<arg>GG</arg>
<arg>GH</arg>
<arg>GI</arg>
<arg>GL</arg>
<arg>GM</arg>
<arg>GN</arg>
<arg>GP</arg>
<arg>GQ</arg>
<arg>GR</arg>
<arg>GS</arg>
<arg>GT</arg>
<arg>GU</arg>
<arg>GW</arg>
<arg>GY</arg>
<arg>HK</arg>
<arg>HM</arg>
<arg>HN</arg>
<arg>HR</arg>
<arg>HT</arg>
<arg>HU</arg>
<arg>ID</arg>
<arg>IE</arg>
<arg>IL</arg>
<arg>IM</arg>
<arg>IN</arg>
<arg>IO</arg>
<arg>IQ</arg>
<arg>IR</arg>
<arg>IS</arg>
<arg>IT</arg>
<arg>JE</arg>
<arg>JM</arg>
<arg>JO</arg>
<arg>JP</arg>
<arg>KE</arg>
<arg>KG</arg>
<arg>KH</arg>
<arg>KI</arg>
<arg>KM</arg>
<arg>KN</arg>
<arg>KP</arg>
<arg>KR</arg>
<arg>KW</arg>
<arg>KY</arg>
<arg>KZ</arg>
<arg>LA</arg>
<arg>LB</arg>
<arg>LC</arg>
<arg>LI</arg>
<arg>LK</arg>
<arg>LR</arg>
<arg>LS</arg>
<arg>LT</arg>
<arg>LU</arg>
<arg>LV</arg>
<arg>LY</arg>
<arg>MA</arg>
<arg>MC</arg>
<arg>MD</arg>
<arg>ME</arg>
<arg>MF</arg>
<arg>MG</arg>
<arg>MH</arg>
<arg>MK</arg>
<arg>ML</arg>
<arg>MM</arg>
<arg>MN</arg>
<arg>MO</arg>
<arg>MP</arg>
<arg>MQ</arg>
<arg>MR</arg>
<arg>MS</arg>
<arg>MT</arg>
<arg>MU</arg>
<arg>MV</arg>
<arg>MW</arg>
<arg>MX</arg>
<arg>MY</arg>
<arg>MZ</arg>
<arg>NA</arg>
<arg>NC</arg>
<arg>NE</arg>
<arg>NF</arg>
<arg>NG</arg>
<arg>NI</arg>
<arg>NL</arg>
<arg>NO</arg>
<arg>NP</arg>
<arg>NR</arg>
<arg>NU</arg>
<arg>NZ</arg>
<arg>OM</arg>
<arg>PA</arg>
<arg>PE</arg>
<arg>PF</arg>
<arg>PG</arg>
<arg>PH</arg>
<arg>PK</arg>
<arg>PL</arg>
<arg>PM</arg>
<arg>PN</arg>
<arg>PR</arg>
<arg>PS</arg>
<arg>PT</arg>
<arg>PW</arg>
<arg>PY</arg>
<arg>QA</arg>
<arg>RE</arg>
<arg>RO</arg>
<arg>RS</arg>
<arg>RU</arg>
<arg>RW</arg>
<arg>SA</arg>
<arg>SB</arg>
<arg>SC</arg>
<arg>SD</arg>
<arg>SE</arg>
<arg>SG</arg>
<arg>SH</arg>
<arg>SI</arg>
<arg>SJ</arg>
<arg>SK</arg>
<arg>SL</arg>
<arg>SM</arg>
<arg>SN</arg>
<arg>SO</arg>
<arg>SR</arg>
<arg>SS</arg>
<arg>ST</arg>
<arg>SV</arg>
<arg>SX</arg>
<arg>SY</arg>
<arg>SZ</arg>
<arg>TC</arg>
<arg>TD</arg>
<arg>TF</arg>
<arg>TG</arg>
<arg>TH</arg>
<arg>TJ</arg>
<arg>TK</arg>
<arg>TL</arg>
<arg>TM</arg>
<arg>TN</arg>
<arg>TO</arg>
<arg>TR</arg>
<arg>TT</arg>
<arg>TV</arg>
<arg>TW</arg>
<arg>TZ</arg>
<arg>UA</arg>
<arg>UG</arg>
<arg>UM</arg>
<arg>US</arg>
<arg>UY</arg>
<arg>UZ</arg>
<arg>VA</arg>
<arg>VC</arg>
<arg>VE</arg>
<arg>VG</arg>
<arg>VI</arg>
<arg>VN</arg>
<arg>VU</arg>
<arg>WF</arg>
<arg>WS</arg>
<arg>XK</arg>
<arg>YE</arg>
<arg>YT</arg>
<arg>ZA</arg>
<arg>ZM</arg>
<arg>ZW</arg>
<doc>Returns a list containing given items.</doc>
<status status="PASS" start="2024-04-26T04:16:08.154496" elapsed="0.000605"/>
</kw>
<kw name="List Should Contain Value" owner="Collections">
<msg time="2024-04-26T04:16:08.156105" level="INFO">False</msg>
<arg>${list_country}</arg>
<arg>${name_country}</arg>
<doc>Fails if the ``value`` is not found from ``list``.</doc>
<status status="PASS" start="2024-04-26T04:16:08.155885" elapsed="0.000258"/>
</kw>
<kw name="Run Keyword If" owner="BuiltIn">
<kw name="Should Be True" owner="BuiltIn">
<arg>${True}</arg>
<doc>Fails if the given condition is not true.</doc>
<status status="PASS" start="2024-04-26T04:16:08.157201" elapsed="0.000246"/>
</kw>
<arg>${json_data["results"][0]["location"]["coordinates"]["latitude"]} &gt;= -90 and ${json_data["results"][0]["location"]["coordinates"]["latitude"]} &lt;= 90</arg>
<arg>Should Be True</arg>
<arg>${True}</arg>
<doc>Runs the given keyword with the given arguments, if ``condition`` is true.</doc>
<status status="PASS" start="2024-04-26T04:16:08.156453" elapsed="0.001126"/>
</kw>
<kw name="Run Keyword If" owner="BuiltIn">
<kw name="Should Be True" owner="BuiltIn">
<arg>${True}</arg>
<doc>Fails if the given condition is not true.</doc>
<status status="PASS" start="2024-04-26T04:16:08.158461" elapsed="0.000138"/>
</kw>
<arg>${json_data["results"][0]["location"]["coordinates"]["longitude"]} &gt;= -180 and ${json_data["results"][0]["location"]["coordinates"]["longitude"]} &lt;= 180</arg>
<arg>Should Be True</arg>
<arg>${True}</arg>
<doc>Runs the given keyword with the given arguments, if ``condition`` is true.</doc>
<status status="PASS" start="2024-04-26T04:16:08.157764" elapsed="0.000956"/>
</kw>
<status status="PASS" start="2024-04-26T04:16:08.058247" elapsed="0.100601"/>
</kw>
<doc>Testa o conteúdo específico dos campos retornados pela API.</doc>
<tag>testeConteudo</tag>
<status status="PASS" start="2024-04-26T04:16:08.057751" elapsed="0.101236"/>
</test>
<status status="PASS" start="2024-04-26T04:16:07.067610" elapsed="1.093366"/>
</suite>
<status status="PASS" start="2024-04-26T04:16:07.054050" elapsed="1.112070"/>
</suite>
<statistics>
<total>
<stat pass="5" fail="0" skip="0">All Tests</stat>
</total>
<tag>
<stat pass="1" fail="0" skip="0">testeConteudo</stat>
<stat pass="1" fail="0" skip="0">testeEstruturaResposta</stat>
<stat pass="1" fail="0" skip="0">testeRequisicaoBasica</stat>
<stat pass="1" fail="0" skip="0">testeTiposDados</stat>
</tag>
<suite>
<stat pass="5" fail="0" skip="0" id="s1" name="Tests">Tests</stat>
<stat pass="5" fail="0" skip="0" id="s1-s1" name="Random-User-Test">Tests.Random-User-Test</stat>
</suite>
</statistics>
<errors>
</errors>
</robot>
