<?xml version="1.0" encoding="UTF-8"?>
<robot generator="Robot 7.0.1 (Python 3.12.4 on linux)" generated="2024-07-25T06:22:07.349188" rpa="false" schemaversion="5">
<suite id="s1" name="Tests" source="/home/runner/work/ApiRandomUser/ApiRandomUser/RamdonUser/tests">
<suite id="s1-s1" name="Random-User-Test" source="/home/runner/work/ApiRandomUser/ApiRandomUser/RamdonUser/tests/random-user-test.robot">
<test id="s1-s1-t1" name="Conectar" line="13">
<kw name="Conectar API" owner="random-user-service">
<kw name="Create Session" owner="RequestsLibrary">
<msg time="2024-07-25T06:22:07.772009" level="INFO">Creating Session using : alias=consultarAPI, url=https://randomuser.me/, headers={},                     cookies={}, auth=None, timeout=None, proxies=None, verify=False,                     debug=0 </msg>
<arg>consultarAPI</arg>
<arg>${URL}</arg>
<doc>Create Session: create a HTTP session to a server</doc>
<status status="PASS" start="2024-07-25T06:22:07.771803" elapsed="0.000389"/>
</kw>
<status status="PASS" start="2024-07-25T06:22:07.770706" elapsed="0.001858"/>
</kw>
<status status="PASS" start="2024-07-25T06:22:07.770166" elapsed="0.002597"/>
</test>
<test id="s1-s1-t2" name="Validar retorno 200 e JSON Válido" line="16">
<kw name="Teste de Requisicao Basica" owner="random-user-service">
<kw name="GET On Session" owner="RequestsLibrary">
<msg time="2024-07-25T06:22:07.950098" level="INFO">GET Request : url=https://randomuser.me/api 
 path_url=/api 
 headers={'User-Agent': 'python-requests/2.32.3', 'Accept-Encoding': 'gzip, deflate', 'Accept': '*/*', 'Connection': 'keep-alive'} 
 body=None 
 </msg>
<msg time="2024-07-25T06:22:07.950242" level="INFO">GET Response : url=https://randomuser.me/api 
 status=200, reason=OK 
 headers={'Date': 'Thu, 25 Jul 2024 06:22:07 GMT', 'Content-Type': 'application/json; charset=utf-8', 'Transfer-Encoding': 'chunked', 'Connection': 'keep-alive', 'X-Powered-By': 'Express', 'Access-Control-Allow-Origin': '*', 'Cache-Control': 'no-cache', 'ETag': 'W/"4a4-G9CSeQglamD28w6x8XxKc9oJ9j0"', 'Vary': 'Accept-Encoding', 'Content-Encoding': 'gzip', 'CF-Cache-Status': 'DYNAMIC', 'Report-To': '{"endpoints":[{"url":"https:\\/\\/a.nel.cloudflare.com\\/report\\/v4?s=0%2BA1zz4rIu%2B6meGF%2FmyxL9ic8C3dqK9yG7iIpKwAq4foOEzKzXaIR7XHDQhkG29Bp8IJRR%2B1MXDwt1xT%2F3cUhizjxRYhjJbcpq%2BxY9Wh4Ooe3Nh%2F%2BqnEfirVxWk5%2Fc9p"}],"group":"cf-nel","max_age":604800}', 'NEL': '{"success_fraction":0,"report_to":"cf-nel","max_age":604800}', 'Server': 'cloudflare', 'CF-RAY': '8a8a0dc37cca9c3d-IAD', 'alt-svc': 'h3=":443"; ma=86400'} 
 body={"results":[{"gender":"female","name":{"title":"Miss","first":"Noemie","last":"Fleury"},"location":{"street":{"number":2144,"name":"Avenue Debourg"},"city":"Poitiers","state":"Puy-de-Dôme","country":"France","postcode":15177,"coordinates":{"latitude":"-16.8049","longitude":"36.0237"},"timezone":{"offset":"+1:00","description":"Brussels, Copenhagen, Madrid, Paris"}},"email":"noemie.fleury@example.com","login":{"uuid":"d43730bc-0e90-4b2d-a9f2-1ef5601ddf05","username":"blackcat891","password":"young1","salt":"5JcRk2OL","md5":"10b48d108b02f5be676e32f7e79348ff","sha1":"2c672710824a132e740e219893720816ce988bab","sha256":"4a2a0f0fb56b6e247ed05937c99a9cfa01a403e0f2cba1eae22f4db660d7ee1c"},"dob":{"date":"2000-02-06T07:19:27.377Z","age":24},"registered":{"date":"2009-05-02T17:02:22.410Z","age":15},"phone":"01-08-89-03-41","cell":"06-88-07-99-00","id":{"name":"INSEE","value":"21000166354489 43"},"picture":{"large":"https://randomuser.me/api/portraits/women/41.jpg","medium":"https://randomuser.me/api/portraits/med/women/41.jpg","thumbnail":"https://randomuser.me/api/portraits/thumb/women/41.jpg"},"nat":"FR"}],"info":{"seed":"5488d211179f2ddf","results":1,"page":1,"version":"1.4"}} 
 </msg>
<msg time="2024-07-25T06:22:07.950322" level="INFO">/opt/hostedtoolcache/Python/3.12.4/x64/lib/python3.12/site-packages/urllib3/connectionpool.py:1099: InsecureRequestWarning: Unverified HTTPS request is being made to host 'randomuser.me'. Adding certificate verification is strongly advised. See: https://urllib3.readthedocs.io/en/latest/advanced-usage.html#tls-warnings
  warnings.warn(</msg>
<msg time="2024-07-25T06:22:07.950480" level="INFO">${response} = &lt;Response [200]&gt;</msg>
<var>${response}</var>
<arg>consultarAPI</arg>
<arg>/api</arg>
<doc>Sends a GET request on a previously created HTTP Session.</doc>
<status status="PASS" start="2024-07-25T06:22:07.775379" elapsed="0.175148"/>
</kw>
<kw name="Should Be Equal As Numbers" owner="BuiltIn">
<msg time="2024-07-25T06:22:07.951553" level="INFO">Argument types are:
&lt;class 'int'&gt;
&lt;class 'str'&gt;</msg>
<arg>${response.status_code}</arg>
<arg>200</arg>
<doc>Fails if objects are unequal after converting them to real numbers.</doc>
<status status="PASS" start="2024-07-25T06:22:07.951043" elapsed="0.000576"/>
</kw>
<kw name="Log" owner="BuiltIn">
<msg time="2024-07-25T06:22:07.952326" level="INFO">200</msg>
<arg>${response.status_code}</arg>
<doc>Logs the given message with the given level.</doc>
<status status="PASS" start="2024-07-25T06:22:07.951966" elapsed="0.000404"/>
</kw>
<kw name="Set Variable" owner="BuiltIn">
<msg time="2024-07-25T06:22:07.953139" level="INFO">${json_data} = {'results': [{'gender': 'female', 'name': {'title': 'Miss', 'first': 'Noemie', 'last': 'Fleury'}, 'location': {'street': {'number': 2144, 'name': 'Avenue Debourg'}, 'city': 'Poitiers', 'state': 'Puy-d...</msg>
<var>${json_data}</var>
<arg>${response.json()}</arg>
<doc>Returns the given values which can then be assigned to a variables.</doc>
<status status="PASS" start="2024-07-25T06:22:07.952684" elapsed="0.000484"/>
</kw>
<kw name="Dictionary Should Contain Key" owner="Collections">
<arg>${json_data}</arg>
<arg>results</arg>
<doc>Fails if ``key`` is not found from ``dictionary``.</doc>
<status status="PASS" start="2024-07-25T06:22:07.953477" elapsed="0.000327"/>
</kw>
<status status="PASS" start="2024-07-25T06:22:07.775123" elapsed="0.178840"/>
</kw>
<doc>Testa se a API responde corretamente e retorna um objeto JSON válido.</doc>
<tag>testeRequisicaoBasica</tag>
<status status="PASS" start="2024-07-25T06:22:07.774637" elapsed="0.179505"/>
</test>
<test id="s1-s1-t3" name="Validar estrutura de resposta" line="22">
<kw name="Teste de Estrutura de Resposta" owner="random-user-service">
<kw name="GET On Session" owner="RequestsLibrary">
<msg time="2024-07-25T06:22:08.086587" level="INFO">GET Request : url=https://randomuser.me/api 
 path_url=/api 
 headers={'User-Agent': 'python-requests/2.32.3', 'Accept-Encoding': 'gzip, deflate', 'Accept': '*/*', 'Connection': 'keep-alive'} 
 body=None 
 </msg>
<msg time="2024-07-25T06:22:08.086681" level="INFO">GET Response : url=https://randomuser.me/api 
 status=200, reason=OK 
 headers={'Date': 'Thu, 25 Jul 2024 06:22:08 GMT', 'Content-Type': 'application/json; charset=utf-8', 'Transfer-Encoding': 'chunked', 'Connection': 'keep-alive', 'X-Powered-By': 'Express', 'Access-Control-Allow-Origin': '*', 'Cache-Control': 'no-cache', 'ETag': 'W/"49d-CgUkIx3biubJB+Lh3l621AEfwsw"', 'Vary': 'Accept-Encoding', 'Content-Encoding': 'gzip', 'CF-Cache-Status': 'DYNAMIC', 'Report-To': '{"endpoints":[{"url":"https:\\/\\/a.nel.cloudflare.com\\/report\\/v4?s=7pEoaPWeXACQwTK82xm5Z%2BhCMV6kfD6DQasUdmHPfgoLDIzaH86QakeTvpHDe8L%2FoXgF7AkVRLmlvVCupN7%2BuLaBm%2BHmOTcFD8eiOGdjaAxFhF12z12966a8VpjscZK5"}],"group":"cf-nel","max_age":604800}', 'NEL': '{"success_fraction":0,"report_to":"cf-nel","max_age":604800}', 'Server': 'cloudflare', 'CF-RAY': '8a8a0dc3bcf69c3d-IAD', 'alt-svc': 'h3=":443"; ma=86400'} 
 body={"results":[{"gender":"female","name":{"title":"Mrs","first":"Ömür","last":"Kavaklıoğlu"},"location":{"street":{"number":6031,"name":"Mevlana Cd"},"city":"Bingöl","state":"Eskişehir","country":"Turkey","postcode":89827,"coordinates":{"latitude":"68.9467","longitude":"122.9753"},"timezone":{"offset":"+11:00","description":"Magadan, Solomon Islands, New Caledonia"}},"email":"omur.kavaklioglu@example.com","login":{"uuid":"d77f9e25-e983-460f-9713-1237f14d7f6a","username":"brownbutterfly239","password":"adults","salt":"MGpAa7YE","md5":"57e8241b91860f2672a51f760ad60eea","sha1":"0d061eeb467221ac2240d91cfdbe39a3cf292857","sha256":"5ae391caae42a5342080b5027d731ab96edf882633610ee073f90dede60e8063"},"dob":{"date":"1957-09-15T05:10:10.290Z","age":66},"registered":{"date":"2011-11-05T04:02:54.838Z","age":12},"phone":"(028)-494-6770","cell":"(571)-331-1750","id":{"name":"","value":null},"picture":{"large":"https://randomuser.me/api/portraits/women/96.jpg","medium":"https://randomuser.me/api/portraits/med/women/96.jpg","thumbnail":"https://randomuser.me/api/portraits/thumb/women/96.jpg"},"nat":"TR"}],"info":{"seed":"8dd4fd3f433cc960","results":1,"page":1,"version":"1.4"}} 
 </msg>
<msg time="2024-07-25T06:22:08.086813" level="INFO">/opt/hostedtoolcache/Python/3.12.4/x64/lib/python3.12/site-packages/urllib3/connectionpool.py:1099: InsecureRequestWarning: Unverified HTTPS request is being made to host 'randomuser.me'. Adding certificate verification is strongly advised. See: https://urllib3.readthedocs.io/en/latest/advanced-usage.html#tls-warnings
  warnings.warn(</msg>
<msg time="2024-07-25T06:22:08.086962" level="INFO">${response} = &lt;Response [200]&gt;</msg>
<var>${response}</var>
<arg>consultarAPI</arg>
<arg>/api</arg>
<doc>Sends a GET request on a previously created HTTP Session.</doc>
<status status="PASS" start="2024-07-25T06:22:07.956794" elapsed="0.130221"/>
</kw>
<kw name="Set Variable" owner="BuiltIn">
<msg time="2024-07-25T06:22:08.087962" level="INFO">${json_data} = {'results': [{'gender': 'female', 'name': {'title': 'Mrs', 'first': 'Ömür', 'last': 'Kavaklıoğlu'}, 'location': {'street': {'number': 6031, 'name': 'Mevlana Cd'}, 'city': 'Bingöl', 'state': 'Eskişehir...</msg>
<var>${json_data}</var>
<arg>${response.json()}</arg>
<doc>Returns the given values which can then be assigned to a variables.</doc>
<status status="PASS" start="2024-07-25T06:22:08.087480" elapsed="0.000512"/>
</kw>
<kw name="Log" owner="BuiltIn">
<msg time="2024-07-25T06:22:08.088462" level="INFO">{'results': [{'gender': 'female', 'name': {'title': 'Mrs', 'first': 'Ömür', 'last': 'Kavaklıoğlu'}, 'location': {'street': {'number': 6031, 'name': 'Mevlana Cd'}, 'city': 'Bingöl', 'state': 'Eskişehir', 'country': 'Turkey', 'postcode': 89827, 'coordinates': {'latitude': '68.9467', 'longitude': '122.9753'}, 'timezone': {'offset': '+11:00', 'description': 'Magadan, Solomon Islands, New Caledonia'}}, 'email': 'omur.kavaklioglu@example.com', 'login': {'uuid': 'd77f9e25-e983-460f-9713-1237f14d7f6a', 'username': 'brownbutterfly239', 'password': 'adults', 'salt': 'MGpAa7YE', 'md5': '57e8241b91860f2672a51f760ad60eea', 'sha1': '0d061eeb467221ac2240d91cfdbe39a3cf292857', 'sha256': '5ae391caae42a5342080b5027d731ab96edf882633610ee073f90dede60e8063'}, 'dob': {'date': '1957-09-15T05:10:10.290Z', 'age': 66}, 'registered': {'date': '2011-11-05T04:02:54.838Z', 'age': 12}, 'phone': '(028)-494-6770', 'cell': '(571)-331-1750', 'id': {'name': '', 'value': None}, 'picture': {'large': 'https://randomuser.me/api/portraits/women/96.jpg', 'medium': 'https://randomuser.me/api/portraits/med/women/96.jpg', 'thumbnail': 'https://randomuser.me/api/portraits/thumb/women/96.jpg'}, 'nat': 'TR'}], 'info': {'seed': '8dd4fd3f433cc960', 'results': 1, 'page': 1, 'version': '1.4'}}</msg>
<arg>${json_data}</arg>
<doc>Logs the given message with the given level.</doc>
<status status="PASS" start="2024-07-25T06:22:08.088296" elapsed="0.000216"/>
</kw>
<kw name="Dictionary Should Contain Key" owner="Collections">
<arg>${json_data}</arg>
<arg>results</arg>
<doc>Fails if ``key`` is not found from ``dictionary``.</doc>
<status status="PASS" start="2024-07-25T06:22:08.088803" elapsed="0.000168"/>
</kw>
<kw name="Should Not Be Empty" owner="BuiltIn">
<msg time="2024-07-25T06:22:08.089275" level="INFO">Length is 2.</msg>
<arg>${json_data}</arg>
<doc>Verifies that the given item is not empty.</doc>
<status status="PASS" start="2024-07-25T06:22:08.089152" elapsed="0.000160"/>
</kw>
<kw name="Create List" owner="BuiltIn">
<msg time="2024-07-25T06:22:08.089748" level="INFO">${expected_keys} = ['gender', 'name', 'location', 'email', 'login']</msg>
<var>${expected_keys}</var>
<arg>gender</arg>
<arg>name</arg>
<arg>location</arg>
<arg>email</arg>
<arg>login</arg>
<doc>Returns a list containing given items.</doc>
<status status="PASS" start="2024-07-25T06:22:08.089596" elapsed="0.000176"/>
</kw>
<for flavor="IN">
<iter>
<kw name="Dictionary Should Contain Key" owner="Collections">
<arg>${json_data['results'][0]}</arg>
<arg>${key}</arg>
<doc>Fails if ``key`` is not found from ``dictionary``.</doc>
<status status="PASS" start="2024-07-25T06:22:08.090343" elapsed="0.000393"/>
</kw>
<kw name="Log" owner="BuiltIn">
<msg time="2024-07-25T06:22:08.091334" level="INFO">{'gender': 'female', 'name': {'title': 'Mrs', 'first': 'Ömür', 'last': 'Kavaklıoğlu'}, 'location': {'street': {'number': 6031, 'name': 'Mevlana Cd'}, 'city': 'Bingöl', 'state': 'Eskişehir', 'country': 'Turkey', 'postcode': 89827, 'coordinates': {'latitude': '68.9467', 'longitude': '122.9753'}, 'timezone': {'offset': '+11:00', 'description': 'Magadan, Solomon Islands, New Caledonia'}}, 'email': 'omur.kavaklioglu@example.com', 'login': {'uuid': 'd77f9e25-e983-460f-9713-1237f14d7f6a', 'username': 'brownbutterfly239', 'password': 'adults', 'salt': 'MGpAa7YE', 'md5': '57e8241b91860f2672a51f760ad60eea', 'sha1': '0d061eeb467221ac2240d91cfdbe39a3cf292857', 'sha256': '5ae391caae42a5342080b5027d731ab96edf882633610ee073f90dede60e8063'}, 'dob': {'date': '1957-09-15T05:10:10.290Z', 'age': 66}, 'registered': {'date': '2011-11-05T04:02:54.838Z', 'age': 12}, 'phone': '(028)-494-6770', 'cell': '(571)-331-1750', 'id': {'name': '', 'value': None}, 'picture': {'large': 'https://randomuser.me/api/portraits/women/96.jpg', 'medium': 'https://randomuser.me/api/portraits/med/women/96.jpg', 'thumbnail': 'https://randomuser.me/api/portraits/thumb/women/96.jpg'}, 'nat': 'TR'}</msg>
<arg>${json_data['results'][0]}</arg>
<doc>Logs the given message with the given level.</doc>
<status status="PASS" start="2024-07-25T06:22:08.090925" elapsed="0.000460"/>
</kw>
<kw name="Log" owner="BuiltIn">
<msg time="2024-07-25T06:22:08.091811" level="INFO">gender</msg>
<arg>${key}</arg>
<doc>Logs the given message with the given level.</doc>
<status status="PASS" start="2024-07-25T06:22:08.091682" elapsed="0.000168"/>
</kw>
<var name="${key}">gender</var>
<status status="PASS" start="2024-07-25T06:22:08.090218" elapsed="0.001849"/>
</iter>
<iter>
<kw name="Dictionary Should Contain Key" owner="Collections">
<arg>${json_data['results'][0]}</arg>
<arg>${key}</arg>
<doc>Fails if ``key`` is not found from ``dictionary``.</doc>
<status status="PASS" start="2024-07-25T06:22:08.092363" elapsed="0.000382"/>
</kw>
<kw name="Log" owner="BuiltIn">
<msg time="2024-07-25T06:22:08.093319" level="INFO">{'gender': 'female', 'name': {'title': 'Mrs', 'first': 'Ömür', 'last': 'Kavaklıoğlu'}, 'location': {'street': {'number': 6031, 'name': 'Mevlana Cd'}, 'city': 'Bingöl', 'state': 'Eskişehir', 'country': 'Turkey', 'postcode': 89827, 'coordinates': {'latitude': '68.9467', 'longitude': '122.9753'}, 'timezone': {'offset': '+11:00', 'description': 'Magadan, Solomon Islands, New Caledonia'}}, 'email': 'omur.kavaklioglu@example.com', 'login': {'uuid': 'd77f9e25-e983-460f-9713-1237f14d7f6a', 'username': 'brownbutterfly239', 'password': 'adults', 'salt': 'MGpAa7YE', 'md5': '57e8241b91860f2672a51f760ad60eea', 'sha1': '0d061eeb467221ac2240d91cfdbe39a3cf292857', 'sha256': '5ae391caae42a5342080b5027d731ab96edf882633610ee073f90dede60e8063'}, 'dob': {'date': '1957-09-15T05:10:10.290Z', 'age': 66}, 'registered': {'date': '2011-11-05T04:02:54.838Z', 'age': 12}, 'phone': '(028)-494-6770', 'cell': '(571)-331-1750', 'id': {'name': '', 'value': None}, 'picture': {'large': 'https://randomuser.me/api/portraits/women/96.jpg', 'medium': 'https://randomuser.me/api/portraits/med/women/96.jpg', 'thumbnail': 'https://randomuser.me/api/portraits/thumb/women/96.jpg'}, 'nat': 'TR'}</msg>
<arg>${json_data['results'][0]}</arg>
<doc>Logs the given message with the given level.</doc>
<status status="PASS" start="2024-07-25T06:22:08.092926" elapsed="0.000444"/>
</kw>
<kw name="Log" owner="BuiltIn">
<msg time="2024-07-25T06:22:08.093792" level="INFO">name</msg>
<arg>${key}</arg>
<doc>Logs the given message with the given level.</doc>
<status status="PASS" start="2024-07-25T06:22:08.093665" elapsed="0.000163"/>
</kw>
<var name="${key}">name</var>
<status status="PASS" start="2024-07-25T06:22:08.092255" elapsed="0.001787"/>
</iter>
<iter>
<kw name="Dictionary Should Contain Key" owner="Collections">
<arg>${json_data['results'][0]}</arg>
<arg>${key}</arg>
<doc>Fails if ``key`` is not found from ``dictionary``.</doc>
<status status="PASS" start="2024-07-25T06:22:08.094321" elapsed="0.000384"/>
</kw>
<kw name="Log" owner="BuiltIn">
<msg time="2024-07-25T06:22:08.095271" level="INFO">{'gender': 'female', 'name': {'title': 'Mrs', 'first': 'Ömür', 'last': 'Kavaklıoğlu'}, 'location': {'street': {'number': 6031, 'name': 'Mevlana Cd'}, 'city': 'Bingöl', 'state': 'Eskişehir', 'country': 'Turkey', 'postcode': 89827, 'coordinates': {'latitude': '68.9467', 'longitude': '122.9753'}, 'timezone': {'offset': '+11:00', 'description': 'Magadan, Solomon Islands, New Caledonia'}}, 'email': 'omur.kavaklioglu@example.com', 'login': {'uuid': 'd77f9e25-e983-460f-9713-1237f14d7f6a', 'username': 'brownbutterfly239', 'password': 'adults', 'salt': 'MGpAa7YE', 'md5': '57e8241b91860f2672a51f760ad60eea', 'sha1': '0d061eeb467221ac2240d91cfdbe39a3cf292857', 'sha256': '5ae391caae42a5342080b5027d731ab96edf882633610ee073f90dede60e8063'}, 'dob': {'date': '1957-09-15T05:10:10.290Z', 'age': 66}, 'registered': {'date': '2011-11-05T04:02:54.838Z', 'age': 12}, 'phone': '(028)-494-6770', 'cell': '(571)-331-1750', 'id': {'name': '', 'value': None}, 'picture': {'large': 'https://randomuser.me/api/portraits/women/96.jpg', 'medium': 'https://randomuser.me/api/portraits/med/women/96.jpg', 'thumbnail': 'https://randomuser.me/api/portraits/thumb/women/96.jpg'}, 'nat': 'TR'}</msg>
<arg>${json_data['results'][0]}</arg>
<doc>Logs the given message with the given level.</doc>
<status status="PASS" start="2024-07-25T06:22:08.094889" elapsed="0.000433"/>
</kw>
<kw name="Log" owner="BuiltIn">
<msg time="2024-07-25T06:22:08.095744" level="INFO">location</msg>
<arg>${key}</arg>
<doc>Logs the given message with the given level.</doc>
<status status="PASS" start="2024-07-25T06:22:08.095617" elapsed="0.000164"/>
</kw>
<var name="${key}">location</var>
<status status="PASS" start="2024-07-25T06:22:08.094214" elapsed="0.001781"/>
</iter>
<iter>
<kw name="Dictionary Should Contain Key" owner="Collections">
<arg>${json_data['results'][0]}</arg>
<arg>${key}</arg>
<doc>Fails if ``key`` is not found from ``dictionary``.</doc>
<status status="PASS" start="2024-07-25T06:22:08.096271" elapsed="0.000380"/>
</kw>
<kw name="Log" owner="BuiltIn">
<msg time="2024-07-25T06:22:08.097301" level="INFO">{'gender': 'female', 'name': {'title': 'Mrs', 'first': 'Ömür', 'last': 'Kavaklıoğlu'}, 'location': {'street': {'number': 6031, 'name': 'Mevlana Cd'}, 'city': 'Bingöl', 'state': 'Eskişehir', 'country': 'Turkey', 'postcode': 89827, 'coordinates': {'latitude': '68.9467', 'longitude': '122.9753'}, 'timezone': {'offset': '+11:00', 'description': 'Magadan, Solomon Islands, New Caledonia'}}, 'email': 'omur.kavaklioglu@example.com', 'login': {'uuid': 'd77f9e25-e983-460f-9713-1237f14d7f6a', 'username': 'brownbutterfly239', 'password': 'adults', 'salt': 'MGpAa7YE', 'md5': '57e8241b91860f2672a51f760ad60eea', 'sha1': '0d061eeb467221ac2240d91cfdbe39a3cf292857', 'sha256': '5ae391caae42a5342080b5027d731ab96edf882633610ee073f90dede60e8063'}, 'dob': {'date': '1957-09-15T05:10:10.290Z', 'age': 66}, 'registered': {'date': '2011-11-05T04:02:54.838Z', 'age': 12}, 'phone': '(028)-494-6770', 'cell': '(571)-331-1750', 'id': {'name': '', 'value': None}, 'picture': {'large': 'https://randomuser.me/api/portraits/women/96.jpg', 'medium': 'https://randomuser.me/api/portraits/med/women/96.jpg', 'thumbnail': 'https://randomuser.me/api/portraits/thumb/women/96.jpg'}, 'nat': 'TR'}</msg>
<arg>${json_data['results'][0]}</arg>
<doc>Logs the given message with the given level.</doc>
<status status="PASS" start="2024-07-25T06:22:08.096946" elapsed="0.000405"/>
</kw>
<kw name="Log" owner="BuiltIn">
<msg time="2024-07-25T06:22:08.097772" level="INFO">email</msg>
<arg>${key}</arg>
<doc>Logs the given message with the given level.</doc>
<status status="PASS" start="2024-07-25T06:22:08.097645" elapsed="0.000163"/>
</kw>
<var name="${key}">email</var>
<status status="PASS" start="2024-07-25T06:22:08.096166" elapsed="0.001857"/>
</iter>
<iter>
<kw name="Dictionary Should Contain Key" owner="Collections">
<arg>${json_data['results'][0]}</arg>
<arg>${key}</arg>
<doc>Fails if ``key`` is not found from ``dictionary``.</doc>
<status status="PASS" start="2024-07-25T06:22:08.098317" elapsed="0.000382"/>
</kw>
<kw name="Log" owner="BuiltIn">
<msg time="2024-07-25T06:22:08.099285" level="INFO">{'gender': 'female', 'name': {'title': 'Mrs', 'first': 'Ömür', 'last': 'Kavaklıoğlu'}, 'location': {'street': {'number': 6031, 'name': 'Mevlana Cd'}, 'city': 'Bingöl', 'state': 'Eskişehir', 'country': 'Turkey', 'postcode': 89827, 'coordinates': {'latitude': '68.9467', 'longitude': '122.9753'}, 'timezone': {'offset': '+11:00', 'description': 'Magadan, Solomon Islands, New Caledonia'}}, 'email': 'omur.kavaklioglu@example.com', 'login': {'uuid': 'd77f9e25-e983-460f-9713-1237f14d7f6a', 'username': 'brownbutterfly239', 'password': 'adults', 'salt': 'MGpAa7YE', 'md5': '57e8241b91860f2672a51f760ad60eea', 'sha1': '0d061eeb467221ac2240d91cfdbe39a3cf292857', 'sha256': '5ae391caae42a5342080b5027d731ab96edf882633610ee073f90dede60e8063'}, 'dob': {'date': '1957-09-15T05:10:10.290Z', 'age': 66}, 'registered': {'date': '2011-11-05T04:02:54.838Z', 'age': 12}, 'phone': '(028)-494-6770', 'cell': '(571)-331-1750', 'id': {'name': '', 'value': None}, 'picture': {'large': 'https://randomuser.me/api/portraits/women/96.jpg', 'medium': 'https://randomuser.me/api/portraits/med/women/96.jpg', 'thumbnail': 'https://randomuser.me/api/portraits/thumb/women/96.jpg'}, 'nat': 'TR'}</msg>
<arg>${json_data['results'][0]}</arg>
<doc>Logs the given message with the given level.</doc>
<status status="PASS" start="2024-07-25T06:22:08.098877" elapsed="0.000458"/>
</kw>
<kw name="Log" owner="BuiltIn">
<msg time="2024-07-25T06:22:08.099755" level="INFO">login</msg>
<arg>${key}</arg>
<doc>Logs the given message with the given level.</doc>
<status status="PASS" start="2024-07-25T06:22:08.099629" elapsed="0.000163"/>
</kw>
<var name="${key}">login</var>
<status status="PASS" start="2024-07-25T06:22:08.098198" elapsed="0.001807"/>
</iter>
<var>${key}</var>
<value>@{expected_keys}</value>
<status status="PASS" start="2024-07-25T06:22:08.090031" elapsed="0.010093"/>
</for>
<kw name="Create List" owner="BuiltIn">
<msg time="2024-07-25T06:22:08.100474" level="INFO">${expected_keysTwo} = ['username', 'password']</msg>
<var>${expected_keysTwo}</var>
<arg>username</arg>
<arg>password</arg>
<doc>Returns a list containing given items.</doc>
<status status="PASS" start="2024-07-25T06:22:08.100338" elapsed="0.000160"/>
</kw>
<for flavor="IN">
<iter>
<kw name="Dictionary Should Contain Key" owner="Collections">
<arg>${json_data['results'][0]['login']}</arg>
<arg>${keyTwo}</arg>
<doc>Fails if ``key`` is not found from ``dictionary``.</doc>
<status status="PASS" start="2024-07-25T06:22:08.100988" elapsed="0.000379"/>
</kw>
<kw name="Dictionary Should Contain Key" owner="Collections">
<arg>${json_data['results'][0]['login']}</arg>
<arg>${keyTwo}</arg>
<doc>Fails if ``key`` is not found from ``dictionary``.</doc>
<status status="PASS" start="2024-07-25T06:22:08.101547" elapsed="0.000367"/>
</kw>
<kw name="Log" owner="BuiltIn">
<msg time="2024-07-25T06:22:08.102208" level="INFO">username</msg>
<arg>${keyTwo}</arg>
<doc>Logs the given message with the given level.</doc>
<status status="PASS" start="2024-07-25T06:22:08.102088" elapsed="0.000157"/>
</kw>
<var name="${keyTwo}">username</var>
<status status="PASS" start="2024-07-25T06:22:08.100882" elapsed="0.001578"/>
</iter>
<iter>
<kw name="Dictionary Should Contain Key" owner="Collections">
<arg>${json_data['results'][0]['login']}</arg>
<arg>${keyTwo}</arg>
<doc>Fails if ``key`` is not found from ``dictionary``.</doc>
<status status="PASS" start="2024-07-25T06:22:08.102742" elapsed="0.000404"/>
</kw>
<kw name="Dictionary Should Contain Key" owner="Collections">
<arg>${json_data['results'][0]['login']}</arg>
<arg>${keyTwo}</arg>
<doc>Fails if ``key`` is not found from ``dictionary``.</doc>
<status status="PASS" start="2024-07-25T06:22:08.103331" elapsed="0.000363"/>
</kw>
<kw name="Log" owner="BuiltIn">
<msg time="2024-07-25T06:22:08.103991" level="INFO">password</msg>
<arg>${keyTwo}</arg>
<doc>Logs the given message with the given level.</doc>
<status status="PASS" start="2024-07-25T06:22:08.103867" elapsed="0.000160"/>
</kw>
<var name="${keyTwo}">password</var>
<status status="PASS" start="2024-07-25T06:22:08.102630" elapsed="0.001616"/>
</iter>
<var>${keyTwo}</var>
<value>@{expected_keysTwo}</value>
<status status="PASS" start="2024-07-25T06:22:08.100734" elapsed="0.003630"/>
</for>
<status status="PASS" start="2024-07-25T06:22:07.956554" elapsed="0.147948"/>
</kw>
<doc>Testa a estrutura da resposta da API.</doc>
<tag>testeEstruturaResposta</tag>
<status status="PASS" start="2024-07-25T06:22:07.956019" elapsed="0.148635"/>
</test>
<test id="s1-s1-t4" name="Validar tipos de dados" line="28">
<kw name="Teste de Tipos de Dados" owner="random-user-service">
<kw name="GET On Session" owner="RequestsLibrary">
<msg time="2024-07-25T06:22:08.148591" level="INFO">GET Request : url=https://randomuser.me/api 
 path_url=/api 
 headers={'User-Agent': 'python-requests/2.32.3', 'Accept-Encoding': 'gzip, deflate', 'Accept': '*/*', 'Connection': 'keep-alive'} 
 body=None 
 </msg>
<msg time="2024-07-25T06:22:08.148667" level="INFO">GET Response : url=https://randomuser.me/api 
 status=200, reason=OK 
 headers={'Date': 'Thu, 25 Jul 2024 06:22:08 GMT', 'Content-Type': 'application/json; charset=utf-8', 'Transfer-Encoding': 'chunked', 'Connection': 'keep-alive', 'X-Powered-By': 'Express', 'Access-Control-Allow-Origin': '*', 'Cache-Control': 'no-cache', 'ETag': 'W/"481-UjO2CI1Oz0ysUfJVn2blads9xH8"', 'Vary': 'Accept-Encoding', 'Content-Encoding': 'gzip', 'CF-Cache-Status': 'DYNAMIC', 'Report-To': '{"endpoints":[{"url":"https:\\/\\/a.nel.cloudflare.com\\/report\\/v4?s=udm4QPdGlige1VlDjqPL%2F%2BYXU1wByE83LzgqRMjI1lChB%2ByRSh7ovwDSCOaA6rY2Xhlj43VmfqvI2uTidAdZNLbN7ALmt%2B%2BSlpfLa0A9dyKTblMi0tzkFHjiqho1zFbB"}],"group":"cf-nel","max_age":604800}', 'NEL': '{"success_fraction":0,"report_to":"cf-nel","max_age":604800}', 'Server': 'cloudflare', 'CF-RAY': '8a8a0dc4bdba9c3d-IAD', 'alt-svc': 'h3=":443"; ma=86400'} 
 body={"results":[{"gender":"female","name":{"title":"Miss","first":"Melodie","last":"Gagné"},"location":{"street":{"number":3978,"name":"Duke St"},"city":"Russell","state":"Québec","country":"Canada","postcode":"X2M 5U9","coordinates":{"latitude":"-69.8609","longitude":"105.1117"},"timezone":{"offset":"-12:00","description":"Eniwetok, Kwajalein"}},"email":"melodie.gagne@example.com","login":{"uuid":"d51066bc-6e95-411f-8a54-5c6641aa6279","username":"brownfrog798","password":"freaks","salt":"3Ltgh7sO","md5":"9a5354434eda7bebba14d1bef5f81e28","sha1":"95e47cb87a2ce828c202439a43b4b2b6049170ce","sha256":"c1c8b65bff3a0958a47381440639d2b6eb77e85e8ec535463544a95de431e863"},"dob":{"date":"1967-09-30T09:33:01.139Z","age":56},"registered":{"date":"2010-10-05T08:33:45.087Z","age":13},"phone":"B66 K14-6127","cell":"R06 M91-6507","id":{"name":"SIN","value":"009054289"},"picture":{"large":"https://randomuser.me/api/portraits/women/28.jpg","medium":"https://randomuser.me/api/portraits/med/women/28.jpg","thumbnail":"https://randomuser.me/api/portraits/thumb/women/28.jpg"},"nat":"CA"}],"info":{"seed":"c7d14d9e96bf2e3d","results":1,"page":1,"version":"1.4"}} 
 </msg>
<msg time="2024-07-25T06:22:08.148735" level="INFO">/opt/hostedtoolcache/Python/3.12.4/x64/lib/python3.12/site-packages/urllib3/connectionpool.py:1099: InsecureRequestWarning: Unverified HTTPS request is being made to host 'randomuser.me'. Adding certificate verification is strongly advised. See: https://urllib3.readthedocs.io/en/latest/advanced-usage.html#tls-warnings
  warnings.warn(</msg>
<msg time="2024-07-25T06:22:08.148859" level="INFO">${response} = &lt;Response [200]&gt;</msg>
<var>${response}</var>
<arg>consultarAPI</arg>
<arg>/api</arg>
<doc>Sends a GET request on a previously created HTTP Session.</doc>
<status status="PASS" start="2024-07-25T06:22:08.107126" elapsed="0.041784"/>
</kw>
<kw name="Set Variable" owner="BuiltIn">
<msg time="2024-07-25T06:22:08.149755" level="INFO">${json_data} = {'results': [{'gender': 'female', 'name': {'title': 'Miss', 'first': 'Melodie', 'last': 'Gagné'}, 'location': {'street': {'number': 3978, 'name': 'Duke St'}, 'city': 'Russell', 'state': 'Québec', 'cou...</msg>
<var>${json_data}</var>
<arg>${response.json()}</arg>
<doc>Returns the given values which can then be assigned to a variables.</doc>
<status status="PASS" start="2024-07-25T06:22:08.149306" elapsed="0.000478"/>
</kw>
<kw name="Log" owner="BuiltIn">
<msg time="2024-07-25T06:22:08.150236" level="INFO">{'results': [{'gender': 'female', 'name': {'title': 'Miss', 'first': 'Melodie', 'last': 'Gagné'}, 'location': {'street': {'number': 3978, 'name': 'Duke St'}, 'city': 'Russell', 'state': 'Québec', 'country': 'Canada', 'postcode': 'X2M 5U9', 'coordinates': {'latitude': '-69.8609', 'longitude': '105.1117'}, 'timezone': {'offset': '-12:00', 'description': 'Eniwetok, Kwajalein'}}, 'email': 'melodie.gagne@example.com', 'login': {'uuid': 'd51066bc-6e95-411f-8a54-5c6641aa6279', 'username': 'brownfrog798', 'password': 'freaks', 'salt': '3Ltgh7sO', 'md5': '9a5354434eda7bebba14d1bef5f81e28', 'sha1': '95e47cb87a2ce828c202439a43b4b2b6049170ce', 'sha256': 'c1c8b65bff3a0958a47381440639d2b6eb77e85e8ec535463544a95de431e863'}, 'dob': {'date': '1967-09-30T09:33:01.139Z', 'age': 56}, 'registered': {'date': '2010-10-05T08:33:45.087Z', 'age': 13}, 'phone': 'B66 K14-6127', 'cell': 'R06 M91-6507', 'id': {'name': 'SIN', 'value': '009054289'}, 'picture': {'large': 'https://randomuser.me/api/portraits/women/28.jpg', 'medium': 'https://randomuser.me/api/portraits/med/women/28.jpg', 'thumbnail': 'https://randomuser.me/api/portraits/thumb/women/28.jpg'}, 'nat': 'CA'}], 'info': {'seed': 'c7d14d9e96bf2e3d', 'results': 1, 'page': 1, 'version': '1.4'}}</msg>
<arg>${json_data}</arg>
<doc>Logs the given message with the given level.</doc>
<status status="PASS" start="2024-07-25T06:22:08.150082" elapsed="0.000201"/>
</kw>
<kw name="Should Be String" owner="String">
<arg>${json_data['results'][0]['gender']}</arg>
<doc>Fails if the given ``item`` is not a string.</doc>
<status status="PASS" start="2024-07-25T06:22:08.150576" elapsed="0.000360"/>
</kw>
<kw name="Should Match Regexp" owner="BuiltIn">
<arg>${json_data['results'][0]['email']}</arg>
<arg>^[a-zA-Z0-9._%+-]+@[a-zA-Z0-9.-]+\.[a-zA-Z]{2,}$</arg>
<doc>Fails if ``string`` does not match ``pattern`` as a regular expression.</doc>
<status status="PASS" start="2024-07-25T06:22:08.151176" elapsed="0.000738"/>
</kw>
<kw name="Should Match Regexp" owner="BuiltIn">
<arg>${json_data['results'][0]['dob']['date']}</arg>
<arg>\\d{4}-\\d{2}-\\d{2}T\\d{2}:\\d{2}:\\d{2}\\.\\d{3}Z</arg>
<doc>Fails if ``string`` does not match ``pattern`` as a regular expression.</doc>
<status status="PASS" start="2024-07-25T06:22:08.152167" elapsed="0.000795"/>
</kw>
<kw name="Should Match Regexp" owner="BuiltIn">
<arg>${json_data['results'][0]['registered']['date']}</arg>
<arg>\\d{4}-\\d{2}-\\d{2}T\\d{2}:\\d{2}:\\d{2}\\.\\d{3}Z</arg>
<doc>Fails if ``string`` does not match ``pattern`` as a regular expression.</doc>
<status status="PASS" start="2024-07-25T06:22:08.153211" elapsed="0.000507"/>
</kw>
<kw name="Should Match Regexp" owner="BuiltIn">
<arg>${json_data['results'][0]['picture']['large']}</arg>
<arg>^https?://.*\.(?:png|jpe?g|gif|bmp)$</arg>
<doc>Fails if ``string`` does not match ``pattern`` as a regular expression.</doc>
<status status="PASS" start="2024-07-25T06:22:08.153960" elapsed="0.000619"/>
</kw>
<kw name="Should Match Regexp" owner="BuiltIn">
<arg>${json_data['results'][0]['picture']['medium']}</arg>
<arg>^https?://.*\.(?:png|jpe?g|gif|bmp)$</arg>
<doc>Fails if ``string`` does not match ``pattern`` as a regular expression.</doc>
<status status="PASS" start="2024-07-25T06:22:08.154820" elapsed="0.000522"/>
</kw>
<kw name="Should Match Regexp" owner="BuiltIn">
<arg>${json_data['results'][0]['picture']['thumbnail']}</arg>
<arg>^https?://.*\.(?:png|jpe?g|gif|bmp)$</arg>
<doc>Fails if ``string`` does not match ``pattern`` as a regular expression.</doc>
<status status="PASS" start="2024-07-25T06:22:08.155589" elapsed="0.000480"/>
</kw>
<kw name="Log" owner="BuiltIn">
<msg time="2024-07-25T06:22:08.156747" level="INFO">{'large': 'https://randomuser.me/api/portraits/women/28.jpg', 'medium': 'https://randomuser.me/api/portraits/med/women/28.jpg', 'thumbnail': 'https://randomuser.me/api/portraits/thumb/women/28.jpg'}</msg>
<arg>${json_data['results'][0]['picture']}</arg>
<doc>Logs the given message with the given level.</doc>
<status status="PASS" start="2024-07-25T06:22:08.156304" elapsed="0.000496"/>
</kw>
<status status="PASS" start="2024-07-25T06:22:08.106874" elapsed="0.050233"/>
</kw>
<kw name="Teste de Tipos de Dados - Postcode" owner="random-user-service">
<kw name="GET On Session" owner="RequestsLibrary">
<msg time="2024-07-25T06:22:08.263700" level="INFO">GET Request : url=https://randomuser.me/api 
 path_url=/api 
 headers={'User-Agent': 'python-requests/2.32.3', 'Accept-Encoding': 'gzip, deflate', 'Accept': '*/*', 'Connection': 'keep-alive'} 
 body=None 
 </msg>
<msg time="2024-07-25T06:22:08.263785" level="INFO">GET Response : url=https://randomuser.me/api 
 status=200, reason=OK 
 headers={'Date': 'Thu, 25 Jul 2024 06:22:08 GMT', 'Content-Type': 'application/json; charset=utf-8', 'Transfer-Encoding': 'chunked', 'Connection': 'keep-alive', 'X-Powered-By': 'Express', 'Access-Control-Allow-Origin': '*', 'Cache-Control': 'no-cache', 'ETag': 'W/"48d-a+AavRwundJzgbbLsXtiRdOwUb8"', 'Vary': 'Accept-Encoding', 'Content-Encoding': 'gzip', 'CF-Cache-Status': 'DYNAMIC', 'Report-To': '{"endpoints":[{"url":"https:\\/\\/a.nel.cloudflare.com\\/report\\/v4?s=nP4Y834e4pWE2cP5JaCNSAmBTjB7RmXlz%2BxdHS9ndNoGSWACsgh6YDbPjNjwMcP14ywg5GkKcZm61iu5JzB4xCNyPi4A2Ifh4gcoDBJM727F3jCCFHmMN%2Fq2gk6%2FEeHt"}],"group":"cf-nel","max_age":604800}', 'NEL': '{"success_fraction":0,"report_to":"cf-nel","max_age":604800}', 'Server': 'cloudflare', 'CF-RAY': '8a8a0dc50dfc9c3d-IAD', 'alt-svc': 'h3=":443"; ma=86400'} 
 body={"results":[{"gender":"female","name":{"title":"Mademoiselle","first":"Mia","last":"Duval"},"location":{"street":{"number":5665,"name":"Rue Chazière"},"city":"Schattenhalb","state":"St. Gallen","country":"Switzerland","postcode":3065,"coordinates":{"latitude":"-64.0893","longitude":"117.1686"},"timezone":{"offset":"-10:00","description":"Hawaii"}},"email":"mia.duval@example.com","login":{"uuid":"b4c197cb-1199-4861-84ff-d78d8737ab83","username":"yellowsnake500","password":"victoria","salt":"gLLGAhWr","md5":"394be6e6f735e8b907558bcdf235e678","sha1":"0c2b990186adeb37e6454bacc7a9a565237cef47","sha256":"b243a2b8c63f28652df2c6b908b11dfc43eae2afcc229301b451934aae7449d6"},"dob":{"date":"1974-06-25T08:53:28.666Z","age":50},"registered":{"date":"2019-04-03T02:20:41.916Z","age":5},"phone":"077 675 15 29","cell":"078 081 73 74","id":{"name":"AVS","value":"756.2234.5420.89"},"picture":{"large":"https://randomuser.me/api/portraits/women/50.jpg","medium":"https://randomuser.me/api/portraits/med/women/50.jpg","thumbnail":"https://randomuser.me/api/portraits/thumb/women/50.jpg"},"nat":"CH"}],"info":{"seed":"17fbd5429a060f4d","results":1,"page":1,"version":"1.4"}} 
 </msg>
<msg time="2024-07-25T06:22:08.263855" level="INFO">/opt/hostedtoolcache/Python/3.12.4/x64/lib/python3.12/site-packages/urllib3/connectionpool.py:1099: InsecureRequestWarning: Unverified HTTPS request is being made to host 'randomuser.me'. Adding certificate verification is strongly advised. See: https://urllib3.readthedocs.io/en/latest/advanced-usage.html#tls-warnings
  warnings.warn(</msg>
<msg time="2024-07-25T06:22:08.263991" level="INFO">${response} = &lt;Response [200]&gt;</msg>
<var>${response}</var>
<arg>consultarAPI</arg>
<arg>/api</arg>
<doc>Sends a GET request on a previously created HTTP Session.</doc>
<status status="PASS" start="2024-07-25T06:22:08.157598" elapsed="0.106443"/>
</kw>
<kw name="Set Variable" owner="BuiltIn">
<msg time="2024-07-25T06:22:08.264958" level="INFO">${json_data} = {'results': [{'gender': 'female', 'name': {'title': 'Mademoiselle', 'first': 'Mia', 'last': 'Duval'}, 'location': {'street': {'number': 5665, 'name': 'Rue Chazière'}, 'city': 'Schattenhalb', 'state': ...</msg>
<var>${json_data}</var>
<arg>${response.json()}</arg>
<doc>Returns the given values which can then be assigned to a variables.</doc>
<status status="PASS" start="2024-07-25T06:22:08.264508" elapsed="0.000480"/>
</kw>
<kw name="Log" owner="BuiltIn">
<msg time="2024-07-25T06:22:08.265460" level="INFO">{'results': [{'gender': 'female', 'name': {'title': 'Mademoiselle', 'first': 'Mia', 'last': 'Duval'}, 'location': {'street': {'number': 5665, 'name': 'Rue Chazière'}, 'city': 'Schattenhalb', 'state': 'St. Gallen', 'country': 'Switzerland', 'postcode': 3065, 'coordinates': {'latitude': '-64.0893', 'longitude': '117.1686'}, 'timezone': {'offset': '-10:00', 'description': 'Hawaii'}}, 'email': 'mia.duval@example.com', 'login': {'uuid': 'b4c197cb-1199-4861-84ff-d78d8737ab83', 'username': 'yellowsnake500', 'password': 'victoria', 'salt': 'gLLGAhWr', 'md5': '394be6e6f735e8b907558bcdf235e678', 'sha1': '0c2b990186adeb37e6454bacc7a9a565237cef47', 'sha256': 'b243a2b8c63f28652df2c6b908b11dfc43eae2afcc229301b451934aae7449d6'}, 'dob': {'date': '1974-06-25T08:53:28.666Z', 'age': 50}, 'registered': {'date': '2019-04-03T02:20:41.916Z', 'age': 5}, 'phone': '077 675 15 29', 'cell': '078 081 73 74', 'id': {'name': 'AVS', 'value': '756.2234.5420.89'}, 'picture': {'large': 'https://randomuser.me/api/portraits/women/50.jpg', 'medium': 'https://randomuser.me/api/portraits/med/women/50.jpg', 'thumbnail': 'https://randomuser.me/api/portraits/thumb/women/50.jpg'}, 'nat': 'CH'}], 'info': {'seed': '17fbd5429a060f4d', 'results': 1, 'page': 1, 'version': '1.4'}}</msg>
<arg>${json_data}</arg>
<doc>Logs the given message with the given level.</doc>
<status status="PASS" start="2024-07-25T06:22:08.265292" elapsed="0.000220"/>
</kw>
<kw name="Should Be Equal As Numbers" owner="BuiltIn">
<arg>${json_data['results'][0]['location']['postcode']}</arg>
<arg>${json_data['results'][0]['location']['postcode']}</arg>
<doc>Fails if objects are unequal after converting them to real numbers.</doc>
<status status="PASS" start="2024-07-25T06:22:08.265802" elapsed="0.000615"/>
</kw>
<kw name="Log" owner="BuiltIn">
<msg time="2024-07-25T06:22:08.266944" level="INFO">3065</msg>
<arg>${json_data['results'][0]['location']['postcode']}</arg>
<doc>Logs the given message with the given level.</doc>
<status status="PASS" start="2024-07-25T06:22:08.266609" elapsed="0.000410"/>
</kw>
<status status="PASS" start="2024-07-25T06:22:08.157373" elapsed="0.109962"/>
</kw>
<doc>Testa se os tipos de dados na resposta da API estão corretos.</doc>
<tag>testeTiposDados</tag>
<status status="PASS" start="2024-07-25T06:22:08.106417" elapsed="0.161084"/>
</test>
<test id="s1-s1-t5" name="Validar conteudo" line="35">
<kw name="Teste de Tipos de Conteudo" owner="random-user-service">
<kw name="GET On Session" owner="RequestsLibrary">
<msg time="2024-07-25T06:22:08.345296" level="INFO">GET Request : url=https://randomuser.me/api 
 path_url=/api 
 headers={'User-Agent': 'python-requests/2.32.3', 'Accept-Encoding': 'gzip, deflate', 'Accept': '*/*', 'Connection': 'keep-alive'} 
 body=None 
 </msg>
<msg time="2024-07-25T06:22:08.345373" level="INFO">GET Response : url=https://randomuser.me/api 
 status=200, reason=OK 
 headers={'Date': 'Thu, 25 Jul 2024 06:22:08 GMT', 'Content-Type': 'application/json; charset=utf-8', 'Transfer-Encoding': 'chunked', 'Connection': 'keep-alive', 'X-Powered-By': 'Express', 'Access-Control-Allow-Origin': '*', 'Cache-Control': 'no-cache', 'ETag': 'W/"491-Wukp5juXYLJYIM2H1RkSM8HvXds"', 'Vary': 'Accept-Encoding', 'Content-Encoding': 'gzip', 'CF-Cache-Status': 'DYNAMIC', 'Report-To': '{"endpoints":[{"url":"https:\\/\\/a.nel.cloudflare.com\\/report\\/v4?s=Q%2Ft4HSped4YGtg1Nw21K57fRnQFlCKqT9AZXryX6AgqIb%2BOYixvSjYTilEkz%2B62QMp5r2sr6bilWn%2F%2FT%2FbhP0bVhJ4ojXklP3czmpBALV%2FQqjNjF08i6HF4m1jELjrPg"}],"group":"cf-nel","max_age":604800}', 'NEL': '{"success_fraction":0,"report_to":"cf-nel","max_age":604800}', 'Server': 'cloudflare', 'CF-RAY': '8a8a0dc5be959c3d-IAD', 'alt-svc': 'h3=":443"; ma=86400'} 
 body={"results":[{"gender":"male","name":{"title":"Mr","first":"Eddie","last":"Carter"},"location":{"street":{"number":1288,"name":"Locust Rd"},"city":"Geelong","state":"South Australia","country":"Australia","postcode":3577,"coordinates":{"latitude":"-85.5306","longitude":"-163.1727"},"timezone":{"offset":"-4:00","description":"Atlantic Time (Canada), Caracas, La Paz"}},"email":"eddie.carter@example.com","login":{"uuid":"42427681-1893-4fbb-b69a-7ff31cee0d99","username":"organicmouse533","password":"goose","salt":"eHLo7UQp","md5":"ae5fccbc8365c5d39edc9f3cd727b2f6","sha1":"978e515f6e445506272e55e0d74c1215c5f4e9a8","sha256":"d92c25170997871f402188ec5646ed33874d572c1fe4b9ff87f02b445b638adf"},"dob":{"date":"1998-03-23T02:38:19.038Z","age":26},"registered":{"date":"2021-08-22T01:51:51.063Z","age":2},"phone":"00-7990-8564","cell":"0447-903-503","id":{"name":"TFN","value":"398524645"},"picture":{"large":"https://randomuser.me/api/portraits/men/21.jpg","medium":"https://randomuser.me/api/portraits/med/men/21.jpg","thumbnail":"https://randomuser.me/api/portraits/thumb/men/21.jpg"},"nat":"AU"}],"info":{"seed":"ae7a5c6879613b77","results":1,"page":1,"version":"1.4"}} 
 </msg>
<msg time="2024-07-25T06:22:08.345441" level="INFO">/opt/hostedtoolcache/Python/3.12.4/x64/lib/python3.12/site-packages/urllib3/connectionpool.py:1099: InsecureRequestWarning: Unverified HTTPS request is being made to host 'randomuser.me'. Adding certificate verification is strongly advised. See: https://urllib3.readthedocs.io/en/latest/advanced-usage.html#tls-warnings
  warnings.warn(</msg>
<msg time="2024-07-25T06:22:08.345567" level="INFO">${response} = &lt;Response [200]&gt;</msg>
<var>${response}</var>
<arg>consultarAPI</arg>
<arg>/api</arg>
<doc>Sends a GET request on a previously created HTTP Session.</doc>
<status status="PASS" start="2024-07-25T06:22:08.269924" elapsed="0.075691"/>
</kw>
<kw name="Set Variable" owner="BuiltIn">
<msg time="2024-07-25T06:22:08.346426" level="INFO">${json_data} = {'results': [{'gender': 'male', 'name': {'title': 'Mr', 'first': 'Eddie', 'last': 'Carter'}, 'location': {'street': {'number': 1288, 'name': 'Locust Rd'}, 'city': 'Geelong', 'state': 'South Australia'...</msg>
<var>${json_data}</var>
<arg>${response.json()}</arg>
<doc>Returns the given values which can then be assigned to a variables.</doc>
<status status="PASS" start="2024-07-25T06:22:08.345982" elapsed="0.000472"/>
</kw>
<kw name="Set Variable" owner="BuiltIn">
<msg time="2024-07-25T06:22:08.347167" level="INFO">${name_title} = Mr</msg>
<var>${name_title}</var>
<arg>${json_data["results"][0]["name"]["title"]}</arg>
<doc>Returns the given values which can then be assigned to a variables.</doc>
<status status="PASS" start="2024-07-25T06:22:08.346756" elapsed="0.000438"/>
</kw>
<kw name="Create List" owner="BuiltIn">
<msg time="2024-07-25T06:22:08.347642" level="INFO">${allowed_titles} = ['Mr', 'Ms', 'Miss', 'Mrs', 'Madame', 'Monsieur']</msg>
<var>${allowed_titles}</var>
<arg>Mr</arg>
<arg>Ms</arg>
<arg>Miss</arg>
<arg>Mrs</arg>
<arg>Madame</arg>
<arg>Monsieur</arg>
<doc>Returns a list containing given items.</doc>
<status status="PASS" start="2024-07-25T06:22:08.347496" elapsed="0.000170"/>
</kw>
<kw name="List Should Contain Value" owner="Collections">
<arg>${allowed_titles}</arg>
<arg>${name_title}</arg>
<doc>Fails if the ``value`` is not found from ``list``.</doc>
<status status="PASS" start="2024-07-25T06:22:08.347959" elapsed="0.000183"/>
</kw>
<kw name="Set Variable" owner="BuiltIn">
<msg time="2024-07-25T06:22:08.348691" level="INFO">${name_country} = AU</msg>
<var>${name_country}</var>
<arg>${json_data["results"][0]["nat"]}</arg>
<doc>Returns the given values which can then be assigned to a variables.</doc>
<status status="PASS" start="2024-07-25T06:22:08.348321" elapsed="0.000395"/>
</kw>
<kw name="Create List" owner="BuiltIn">
<msg time="2024-07-25T06:22:08.349612" level="INFO">${list_country} = ['AD', 'AE', 'AF', 'AG', 'AI', 'AL', 'AM', 'AO', 'AQ', 'AR', 'AS', 'AT', 'AU', 'AW', 'AX', 'AZ', 'BA', 'BB', 'BD', 'BE', 'BF', 'BG', 'BH', 'BI', 'BJ', 'BL', 'BM', 'BN', 'BO', 'BQ', 'BR', 'BS', 'BT', '...</msg>
<var>${list_country}</var>
<arg>AD</arg>
<arg>AE</arg>
<arg>AF</arg>
<arg>AG</arg>
<arg>AI</arg>
<arg>AL</arg>
<arg>AM</arg>
<arg>AO</arg>
<arg>AQ</arg>
<arg>AR</arg>
<arg>AS</arg>
<arg>AT</arg>
<arg>AU</arg>
<arg>AW</arg>
<arg>AX</arg>
<arg>AZ</arg>
<arg>BA</arg>
<arg>BB</arg>
<arg>BD</arg>
<arg>BE</arg>
<arg>BF</arg>
<arg>BG</arg>
<arg>BH</arg>
<arg>BI</arg>
<arg>BJ</arg>
<arg>BL</arg>
<arg>BM</arg>
<arg>BN</arg>
<arg>BO</arg>
<arg>BQ</arg>
<arg>BR</arg>
<arg>BS</arg>
<arg>BT</arg>
<arg>BV</arg>
<arg>BW</arg>
<arg>BY</arg>
<arg>BZ</arg>
<arg>CA</arg>
<arg>CC</arg>
<arg>CD</arg>
<arg>CF</arg>
<arg>CG</arg>
<arg>CH</arg>
<arg>CI</arg>
<arg>CK</arg>
<arg>CL</arg>
<arg>CM</arg>
<arg>CN</arg>
<arg>CO</arg>
<arg>CR</arg>
<arg>CU</arg>
<arg>CV</arg>
<arg>CW</arg>
<arg>CX</arg>
<arg>CY</arg>
<arg>CZ</arg>
<arg>DE</arg>
<arg>DJ</arg>
<arg>DK</arg>
<arg>DM</arg>
<arg>DO</arg>
<arg>DZ</arg>
<arg>EC</arg>
<arg>EE</arg>
<arg>EG</arg>
<arg>EH</arg>
<arg>ER</arg>
<arg>ES</arg>
<arg>ET</arg>
<arg>FI</arg>
<arg>FJ</arg>
<arg>FK</arg>
<arg>FM</arg>
<arg>FO</arg>
<arg>FR</arg>
<arg>GA</arg>
<arg>GB</arg>
<arg>GD</arg>
<arg>GE</arg>
<arg>GF</arg>
<arg>GG</arg>
<arg>GH</arg>
<arg>GI</arg>
<arg>GL</arg>
<arg>GM</arg>
<arg>GN</arg>
<arg>GP</arg>
<arg>GQ</arg>
<arg>GR</arg>
<arg>GS</arg>
<arg>GT</arg>
<arg>GU</arg>
<arg>GW</arg>
<arg>GY</arg>
<arg>HK</arg>
<arg>HM</arg>
<arg>HN</arg>
<arg>HR</arg>
<arg>HT</arg>
<arg>HU</arg>
<arg>ID</arg>
<arg>IE</arg>
<arg>IL</arg>
<arg>IM</arg>
<arg>IN</arg>
<arg>IO</arg>
<arg>IQ</arg>
<arg>IR</arg>
<arg>IS</arg>
<arg>IT</arg>
<arg>JE</arg>
<arg>JM</arg>
<arg>JO</arg>
<arg>JP</arg>
<arg>KE</arg>
<arg>KG</arg>
<arg>KH</arg>
<arg>KI</arg>
<arg>KM</arg>
<arg>KN</arg>
<arg>KP</arg>
<arg>KR</arg>
<arg>KW</arg>
<arg>KY</arg>
<arg>KZ</arg>
<arg>LA</arg>
<arg>LB</arg>
<arg>LC</arg>
<arg>LI</arg>
<arg>LK</arg>
<arg>LR</arg>
<arg>LS</arg>
<arg>LT</arg>
<arg>LU</arg>
<arg>LV</arg>
<arg>LY</arg>
<arg>MA</arg>
<arg>MC</arg>
<arg>MD</arg>
<arg>ME</arg>
<arg>MF</arg>
<arg>MG</arg>
<arg>MH</arg>
<arg>MK</arg>
<arg>ML</arg>
<arg>MM</arg>
<arg>MN</arg>
<arg>MO</arg>
<arg>MP</arg>
<arg>MQ</arg>
<arg>MR</arg>
<arg>MS</arg>
<arg>MT</arg>
<arg>MU</arg>
<arg>MV</arg>
<arg>MW</arg>
<arg>MX</arg>
<arg>MY</arg>
<arg>MZ</arg>
<arg>NA</arg>
<arg>NC</arg>
<arg>NE</arg>
<arg>NF</arg>
<arg>NG</arg>
<arg>NI</arg>
<arg>NL</arg>
<arg>NO</arg>
<arg>NP</arg>
<arg>NR</arg>
<arg>NU</arg>
<arg>NZ</arg>
<arg>OM</arg>
<arg>PA</arg>
<arg>PE</arg>
<arg>PF</arg>
<arg>PG</arg>
<arg>PH</arg>
<arg>PK</arg>
<arg>PL</arg>
<arg>PM</arg>
<arg>PN</arg>
<arg>PR</arg>
<arg>PS</arg>
<arg>PT</arg>
<arg>PW</arg>
<arg>PY</arg>
<arg>QA</arg>
<arg>RE</arg>
<arg>RO</arg>
<arg>RS</arg>
<arg>RU</arg>
<arg>RW</arg>
<arg>SA</arg>
<arg>SB</arg>
<arg>SC</arg>
<arg>SD</arg>
<arg>SE</arg>
<arg>SG</arg>
<arg>SH</arg>
<arg>SI</arg>
<arg>SJ</arg>
<arg>SK</arg>
<arg>SL</arg>
<arg>SM</arg>
<arg>SN</arg>
<arg>SO</arg>
<arg>SR</arg>
<arg>SS</arg>
<arg>ST</arg>
<arg>SV</arg>
<arg>SX</arg>
<arg>SY</arg>
<arg>SZ</arg>
<arg>TC</arg>
<arg>TD</arg>
<arg>TF</arg>
<arg>TG</arg>
<arg>TH</arg>
<arg>TJ</arg>
<arg>TK</arg>
<arg>TL</arg>
<arg>TM</arg>
<arg>TN</arg>
<arg>TO</arg>
<arg>TR</arg>
<arg>TT</arg>
<arg>TV</arg>
<arg>TW</arg>
<arg>TZ</arg>
<arg>UA</arg>
<arg>UG</arg>
<arg>UM</arg>
<arg>US</arg>
<arg>UY</arg>
<arg>UZ</arg>
<arg>VA</arg>
<arg>VC</arg>
<arg>VE</arg>
<arg>VG</arg>
<arg>VI</arg>
<arg>VN</arg>
<arg>VU</arg>
<arg>WF</arg>
<arg>WS</arg>
<arg>XK</arg>
<arg>YE</arg>
<arg>YT</arg>
<arg>ZA</arg>
<arg>ZM</arg>
<arg>ZW</arg>
<doc>Returns a list containing given items.</doc>
<status status="PASS" start="2024-07-25T06:22:08.349024" elapsed="0.000616"/>
</kw>
<kw name="List Should Contain Value" owner="Collections">
<arg>${list_country}</arg>
<arg>${name_country}</arg>
<doc>Fails if the ``value`` is not found from ``list``.</doc>
<status status="PASS" start="2024-07-25T06:22:08.350573" elapsed="0.000208"/>
</kw>
<kw name="Run Keyword If" owner="BuiltIn">
<kw name="Should Be True" owner="BuiltIn">
<arg>${True}</arg>
<doc>Fails if the given condition is not true.</doc>
<status status="PASS" start="2024-07-25T06:22:08.351767" elapsed="0.000142"/>
</kw>
<arg>${json_data["results"][0]["location"]["coordinates"]["latitude"]} &gt;= -90 and ${json_data["results"][0]["location"]["coordinates"]["latitude"]} &lt;= 90</arg>
<arg>Should Be True</arg>
<arg>${True}</arg>
<doc>Runs the given keyword with the given arguments, if ``condition`` is true.</doc>
<status status="PASS" start="2024-07-25T06:22:08.350982" elapsed="0.001051"/>
</kw>
<kw name="Run Keyword If" owner="BuiltIn">
<kw name="Should Be True" owner="BuiltIn">
<arg>${True}</arg>
<doc>Fails if the given condition is not true.</doc>
<status status="PASS" start="2024-07-25T06:22:08.352902" elapsed="0.000138"/>
</kw>
<arg>${json_data["results"][0]["location"]["coordinates"]["longitude"]} &gt;= -180 and ${json_data["results"][0]["location"]["coordinates"]["longitude"]} &lt;= 180</arg>
<arg>Should Be True</arg>
<arg>${True}</arg>
<doc>Runs the given keyword with the given arguments, if ``condition`` is true.</doc>
<status status="PASS" start="2024-07-25T06:22:08.352214" elapsed="0.000949"/>
</kw>
<status status="PASS" start="2024-07-25T06:22:08.269701" elapsed="0.083590"/>
</kw>
<doc>Testa o conteúdo específico dos campos retornados pela API.</doc>
<tag>testeConteudo</tag>
<status status="PASS" start="2024-07-25T06:22:08.269257" elapsed="0.084184"/>
</test>
<status status="PASS" start="2024-07-25T06:22:07.416949" elapsed="0.938414"/>
</suite>
<status status="PASS" start="2024-07-25T06:22:07.402528" elapsed="0.957933"/>
</suite>
<statistics>
<total>
<stat pass="5" fail="0" skip="0">All Tests</stat>
</total>
<tag>
<stat pass="1" fail="0" skip="0">testeConteudo</stat>
<stat pass="1" fail="0" skip="0">testeEstruturaResposta</stat>
<stat pass="1" fail="0" skip="0">testeRequisicaoBasica</stat>
<stat pass="1" fail="0" skip="0">testeTiposDados</stat>
</tag>
<suite>
<stat pass="5" fail="0" skip="0" id="s1" name="Tests">Tests</stat>
<stat pass="5" fail="0" skip="0" id="s1-s1" name="Random-User-Test">Tests.Random-User-Test</stat>
</suite>
</statistics>
<errors>
</errors>
</robot>
