<?xml version="1.0" encoding="UTF-8"?>
<robot generator="Robot 7.0 (Python 3.12.2 on linux)" generated="2024-04-04T17:12:16.268821" rpa="false" schemaversion="5">
<suite id="s1" name="Tests" source="/home/runner/work/DesafioQAItauRogerioJordao/DesafioQAItauRogerioJordao/RamdonUser/tests">
<suite id="s1-s1" name="Random-User-Test" source="/home/runner/work/DesafioQAItauRogerioJordao/DesafioQAItauRogerioJordao/RamdonUser/tests/random-user-test.robot">
<test id="s1-s1-t1" name="Conectar" line="13">
<kw name="Conectar API" owner="random-user-service">
<kw name="Create Session" owner="RequestsLibrary">
<msg time="2024-04-04T17:12:16.642532" level="INFO">Creating Session using : alias=consultarAPI, url=https://randomuser.me/, headers={},                     cookies={}, auth=None, timeout=None, proxies=None, verify=False,                     debug=0 </msg>
<arg>consultarAPI</arg>
<arg>${URL}</arg>
<doc>Create Session: create a HTTP session to a server</doc>
<status status="PASS" start="2024-04-04T17:12:16.642308" elapsed="0.000416"/>
</kw>
<status status="PASS" start="2024-04-04T17:12:16.641172" elapsed="0.001941"/>
</kw>
<status status="PASS" start="2024-04-04T17:12:16.640599" elapsed="0.002734"/>
</test>
<test id="s1-s1-t2" name="Validar retorno 200 e JSON Válido" line="16">
<kw name="Teste de Requisicao Basica" owner="random-user-service">
<kw name="GET On Session" owner="RequestsLibrary">
<msg time="2024-04-04T17:12:16.720331" level="INFO">GET Request : url=https://randomuser.me/api 
 path_url=/api 
 headers={'User-Agent': 'python-requests/2.31.0', 'Accept-Encoding': 'gzip, deflate', 'Accept': '*/*', 'Connection': 'keep-alive'} 
 body=None 
 </msg>
<msg time="2024-04-04T17:12:16.720459" level="INFO">GET Response : url=https://randomuser.me/api 
 status=200, reason=OK 
 headers={'Date': 'Thu, 04 Apr 2024 17:12:16 GMT', 'Content-Type': 'application/json; charset=utf-8', 'Transfer-Encoding': 'chunked', 'Connection': 'keep-alive', 'X-Powered-By': 'Express', 'Access-Control-Allow-Origin': '*', 'Cache-Control': 'no-cache', 'ETag': 'W/"477-zSi1ALpxFMHrbrnCrQrbObHvq+w"', 'Vary': 'Accept-Encoding', 'Content-Encoding': 'gzip', 'CF-Cache-Status': 'DYNAMIC', 'Report-To': '{"endpoints":[{"url":"https:\\/\\/a.nel.cloudflare.com\\/report\\/v4?s=mpznccWgtK%2Ffik2WwKFZyXxIVyIAjZT8ULxVTwFeb95xHUzjUkVrspdyTQsqA%2BAHVc9FxcYzewLxRgrInX3aIOTHcH0NG4hKl6jHGc8CQj3wFlrN5NYyevN62HurkMV8"}],"group":"cf-nel","max_age":604800}', 'NEL': '{"success_fraction":0,"report_to":"cf-nel","max_age":604800}', 'Server': 'cloudflare', 'CF-RAY': '86f2ec20487f2daa-ORD', 'alt-svc': 'h3=":443"; ma=86400'} 
 body={"results":[{"gender":"female","name":{"title":"Mrs","first":"Ege","last":"Babacan"},"location":{"street":{"number":5281,"name":"Filistin Cd"},"city":"Çorum","state":"Mersin","country":"Turkey","postcode":26537,"coordinates":{"latitude":"66.6193","longitude":"105.5725"},"timezone":{"offset":"-8:00","description":"Pacific Time (US &amp; Canada)"}},"email":"ege.babacan@example.com","login":{"uuid":"42a28936-2779-4ddf-8f49-2f3dd30298c9","username":"purplecat959","password":"daemon","salt":"ECJ1Z0b0","md5":"82f1b99423072b77f9aa3cbe5554e6c5","sha1":"671034327e99b14aafa53ddb43946be13779fd47","sha256":"da7c744040c7cde106d306852b0c31bd143cb4a4c65da579a2df2da27734d014"},"dob":{"date":"1957-03-30T21:21:44.660Z","age":67},"registered":{"date":"2019-04-22T17:06:15.892Z","age":4},"phone":"(201)-557-6906","cell":"(587)-383-1546","id":{"name":"","value":null},"picture":{"large":"https://randomuser.me/api/portraits/women/83.jpg","medium":"https://randomuser.me/api/portraits/med/women/83.jpg","thumbnail":"https://randomuser.me/api/portraits/thumb/women/83.jpg"},"nat":"TR"}],"info":{"seed":"c3c67ee67a9301a0","results":1,"page":1,"version":"1.4"}} 
 </msg>
<msg time="2024-04-04T17:12:16.720571" level="INFO">/opt/hostedtoolcache/Python/3.12.2/x64/lib/python3.12/site-packages/urllib3/connectionpool.py:1103: InsecureRequestWarning: Unverified HTTPS request is being made to host 'randomuser.me'. Adding certificate verification is strongly advised. See: https://urllib3.readthedocs.io/en/latest/advanced-usage.html#tls-warnings
  warnings.warn(</msg>
<msg time="2024-04-04T17:12:16.720702" level="INFO">${response} = &lt;Response [200]&gt;</msg>
<var>${response}</var>
<arg>consultarAPI</arg>
<arg>/api</arg>
<doc>Sends a GET request on a previously created HTTP Session.</doc>
<status status="PASS" start="2024-04-04T17:12:16.646089" elapsed="0.074658"/>
</kw>
<kw name="Should Be Equal As Numbers" owner="BuiltIn">
<msg time="2024-04-04T17:12:16.721946" level="INFO">Argument types are:
&lt;class 'int'&gt;
&lt;class 'str'&gt;</msg>
<arg>${response.status_code}</arg>
<arg>200</arg>
<doc>Fails if objects are unequal after converting them to real numbers.</doc>
<status status="PASS" start="2024-04-04T17:12:16.721372" elapsed="0.000646"/>
</kw>
<kw name="Log" owner="BuiltIn">
<msg time="2024-04-04T17:12:16.722724" level="INFO">200</msg>
<arg>${response.status_code}</arg>
<doc>Logs the given message with the given level.</doc>
<status status="PASS" start="2024-04-04T17:12:16.722354" elapsed="0.000414"/>
</kw>
<kw name="Set Variable" owner="BuiltIn">
<msg time="2024-04-04T17:12:16.723540" level="INFO">${json_data} = {'results': [{'gender': 'female', 'name': {'title': 'Mrs', 'first': 'Ege', 'last': 'Babacan'}, 'location': {'street': {'number': 5281, 'name': 'Filistin Cd'}, 'city': 'Çorum', 'state': 'Mersin', 'coun...</msg>
<var>${json_data}</var>
<arg>${response.json()}</arg>
<doc>Returns the given values which can then be assigned to a variables.</doc>
<status status="PASS" start="2024-04-04T17:12:16.723092" elapsed="0.000477"/>
</kw>
<kw name="Dictionary Should Contain Key" owner="Collections">
<msg time="2024-04-04T17:12:16.724045" level="INFO">False</msg>
<arg>${json_data}</arg>
<arg>results</arg>
<doc>Fails if ``key`` is not found from ``dictionary``.</doc>
<status status="PASS" start="2024-04-04T17:12:16.723875" elapsed="0.000210"/>
</kw>
<status status="PASS" start="2024-04-04T17:12:16.645776" elapsed="0.078565"/>
</kw>
<doc>Testa se a API responde corretamente e retorna um objeto JSON válido.</doc>
<tag>testeRequisicaoBasica</tag>
<status status="PASS" start="2024-04-04T17:12:16.645286" elapsed="0.079240"/>
</test>
<test id="s1-s1-t3" name="Validar estrutura de resposta" line="22">
<kw name="Teste de Estrutura de Resposta" owner="random-user-service">
<kw name="GET On Session" owner="RequestsLibrary">
<msg time="2024-04-04T17:12:16.827206" level="INFO">GET Request : url=https://randomuser.me/api 
 path_url=/api 
 headers={'User-Agent': 'python-requests/2.31.0', 'Accept-Encoding': 'gzip, deflate', 'Accept': '*/*', 'Connection': 'keep-alive'} 
 body=None 
 </msg>
<msg time="2024-04-04T17:12:16.827296" level="INFO">GET Response : url=https://randomuser.me/api 
 status=200, reason=OK 
 headers={'Date': 'Thu, 04 Apr 2024 17:12:16 GMT', 'Content-Type': 'application/json; charset=utf-8', 'Transfer-Encoding': 'chunked', 'Connection': 'keep-alive', 'X-Powered-By': 'Express', 'Access-Control-Allow-Origin': '*', 'Cache-Control': 'no-cache', 'ETag': 'W/"481-Ge3Ud0NHt8Sg7oUnqvTfBSXYBOg"', 'Vary': 'Accept-Encoding', 'Content-Encoding': 'gzip', 'CF-Cache-Status': 'DYNAMIC', 'Report-To': '{"endpoints":[{"url":"https:\\/\\/a.nel.cloudflare.com\\/report\\/v4?s=rD3Tu1goqcVZz10jzbu36erKkeuKg%2B0vCL%2F6pDNfGFFGneIlzSjsh3d9j9SBqrVssgyXCjjJGH%2FSnzALfTj0VHYnMMMBjP5RdSBrwGe6geZW5VYJXo5X6tt3yYerfu4f"}],"group":"cf-nel","max_age":604800}', 'NEL': '{"success_fraction":0,"report_to":"cf-nel","max_age":604800}', 'Server': 'cloudflare', 'CF-RAY': '86f2ec2098da2daa-ORD', 'alt-svc': 'h3=":443"; ma=86400'} 
 body={"results":[{"gender":"male","name":{"title":"Mr","first":"Pahal","last":"Prajapati"},"location":{"street":{"number":7342,"name":"Santhekatte"},"city":"Srinagar","state":"Bihar","country":"India","postcode":75916,"coordinates":{"latitude":"8.8768","longitude":"-9.0705"},"timezone":{"offset":"+2:00","description":"Kaliningrad, South Africa"}},"email":"pahal.prajapati@example.com","login":{"uuid":"aa8bde1b-52fa-48d5-9994-c17a2e18c700","username":"organicelephant810","password":"meagan","salt":"ui0NIZxw","md5":"48c90ee14d5af9aa0192b6017e8da397","sha1":"ee7a7e7143b46ded3112e568061e4872af1fc51c","sha256":"71a3efeedc2ad74befbb04bcad40c15f189f7660748872dd71426d6e1c5512d0"},"dob":{"date":"1951-08-15T13:33:28.225Z","age":72},"registered":{"date":"2011-11-09T08:30:56.597Z","age":12},"phone":"7815740076","cell":"8105470577","id":{"name":"UIDAI","value":"502533179172"},"picture":{"large":"https://randomuser.me/api/portraits/men/68.jpg","medium":"https://randomuser.me/api/portraits/med/men/68.jpg","thumbnail":"https://randomuser.me/api/portraits/thumb/men/68.jpg"},"nat":"IN"}],"info":{"seed":"2edac03b7954bb25","results":1,"page":1,"version":"1.4"}} 
 </msg>
<msg time="2024-04-04T17:12:16.827436" level="INFO">/opt/hostedtoolcache/Python/3.12.2/x64/lib/python3.12/site-packages/urllib3/connectionpool.py:1103: InsecureRequestWarning: Unverified HTTPS request is being made to host 'randomuser.me'. Adding certificate verification is strongly advised. See: https://urllib3.readthedocs.io/en/latest/advanced-usage.html#tls-warnings
  warnings.warn(</msg>
<msg time="2024-04-04T17:12:16.827564" level="INFO">${response} = &lt;Response [200]&gt;</msg>
<var>${response}</var>
<arg>consultarAPI</arg>
<arg>/api</arg>
<doc>Sends a GET request on a previously created HTTP Session.</doc>
<status status="PASS" start="2024-04-04T17:12:16.727409" elapsed="0.100196"/>
</kw>
<kw name="Set Variable" owner="BuiltIn">
<msg time="2024-04-04T17:12:16.828890" level="INFO">${json_data} = {'results': [{'gender': 'male', 'name': {'title': 'Mr', 'first': 'Pahal', 'last': 'Prajapati'}, 'location': {'street': {'number': 7342, 'name': 'Santhekatte'}, 'city': 'Srinagar', 'state': 'Bihar', 'c...</msg>
<var>${json_data}</var>
<arg>${response.json()}</arg>
<doc>Returns the given values which can then be assigned to a variables.</doc>
<status status="PASS" start="2024-04-04T17:12:16.828236" elapsed="0.000684"/>
</kw>
<kw name="Log" owner="BuiltIn">
<msg time="2024-04-04T17:12:16.829472" level="INFO">{'results': [{'gender': 'male', 'name': {'title': 'Mr', 'first': 'Pahal', 'last': 'Prajapati'}, 'location': {'street': {'number': 7342, 'name': 'Santhekatte'}, 'city': 'Srinagar', 'state': 'Bihar', 'country': 'India', 'postcode': 75916, 'coordinates': {'latitude': '8.8768', 'longitude': '-9.0705'}, 'timezone': {'offset': '+2:00', 'description': 'Kaliningrad, South Africa'}}, 'email': 'pahal.prajapati@example.com', 'login': {'uuid': 'aa8bde1b-52fa-48d5-9994-c17a2e18c700', 'username': 'organicelephant810', 'password': 'meagan', 'salt': 'ui0NIZxw', 'md5': '48c90ee14d5af9aa0192b6017e8da397', 'sha1': 'ee7a7e7143b46ded3112e568061e4872af1fc51c', 'sha256': '71a3efeedc2ad74befbb04bcad40c15f189f7660748872dd71426d6e1c5512d0'}, 'dob': {'date': '1951-08-15T13:33:28.225Z', 'age': 72}, 'registered': {'date': '2011-11-09T08:30:56.597Z', 'age': 12}, 'phone': '7815740076', 'cell': '8105470577', 'id': {'name': 'UIDAI', 'value': '502533179172'}, 'picture': {'large': 'https://randomuser.me/api/portraits/men/68.jpg', 'medium': 'https://randomuser.me/api/portraits/med/men/68.jpg', 'thumbnail': 'https://randomuser.me/api/portraits/thumb/men/68.jpg'}, 'nat': 'IN'}], 'info': {'seed': '2edac03b7954bb25', 'results': 1, 'page': 1, 'version': '1.4'}}</msg>
<arg>${json_data}</arg>
<doc>Logs the given message with the given level.</doc>
<status status="PASS" start="2024-04-04T17:12:16.829283" elapsed="0.000239"/>
</kw>
<kw name="Dictionary Should Contain Key" owner="Collections">
<msg time="2024-04-04T17:12:16.830038" level="INFO">False</msg>
<arg>${json_data}</arg>
<arg>results</arg>
<doc>Fails if ``key`` is not found from ``dictionary``.</doc>
<status status="PASS" start="2024-04-04T17:12:16.829832" elapsed="0.000246"/>
</kw>
<kw name="Should Not Be Empty" owner="BuiltIn">
<msg time="2024-04-04T17:12:16.830520" level="INFO">Length is 2.</msg>
<arg>${json_data}</arg>
<doc>Verifies that the given item is not empty.</doc>
<status status="PASS" start="2024-04-04T17:12:16.830384" elapsed="0.000174"/>
</kw>
<kw name="Create List" owner="BuiltIn">
<msg time="2024-04-04T17:12:16.831007" level="INFO">${expected_keys} = ['gender', 'name', 'location', 'email', 'login']</msg>
<var>${expected_keys}</var>
<arg>gender</arg>
<arg>name</arg>
<arg>location</arg>
<arg>email</arg>
<arg>login</arg>
<doc>Returns a list containing given items.</doc>
<status status="PASS" start="2024-04-04T17:12:16.830855" elapsed="0.000177"/>
</kw>
<for flavor="IN">
<iter>
<kw name="Dictionary Should Contain Key" owner="Collections">
<msg time="2024-04-04T17:12:16.832052" level="INFO">False</msg>
<arg>${json_data['results'][0]}</arg>
<arg>${key}</arg>
<doc>Fails if ``key`` is not found from ``dictionary``.</doc>
<status status="PASS" start="2024-04-04T17:12:16.831630" elapsed="0.000462"/>
</kw>
<kw name="Log" owner="BuiltIn">
<msg time="2024-04-04T17:12:16.832768" level="INFO">{'gender': 'male', 'name': {'title': 'Mr', 'first': 'Pahal', 'last': 'Prajapati'}, 'location': {'street': {'number': 7342, 'name': 'Santhekatte'}, 'city': 'Srinagar', 'state': 'Bihar', 'country': 'India', 'postcode': 75916, 'coordinates': {'latitude': '8.8768', 'longitude': '-9.0705'}, 'timezone': {'offset': '+2:00', 'description': 'Kaliningrad, South Africa'}}, 'email': 'pahal.prajapati@example.com', 'login': {'uuid': 'aa8bde1b-52fa-48d5-9994-c17a2e18c700', 'username': 'organicelephant810', 'password': 'meagan', 'salt': 'ui0NIZxw', 'md5': '48c90ee14d5af9aa0192b6017e8da397', 'sha1': 'ee7a7e7143b46ded3112e568061e4872af1fc51c', 'sha256': '71a3efeedc2ad74befbb04bcad40c15f189f7660748872dd71426d6e1c5512d0'}, 'dob': {'date': '1951-08-15T13:33:28.225Z', 'age': 72}, 'registered': {'date': '2011-11-09T08:30:56.597Z', 'age': 12}, 'phone': '7815740076', 'cell': '8105470577', 'id': {'name': 'UIDAI', 'value': '502533179172'}, 'picture': {'large': 'https://randomuser.me/api/portraits/men/68.jpg', 'medium': 'https://randomuser.me/api/portraits/med/men/68.jpg', 'thumbnail': 'https://randomuser.me/api/portraits/thumb/men/68.jpg'}, 'nat': 'IN'}</msg>
<arg>${json_data['results'][0]}</arg>
<doc>Logs the given message with the given level.</doc>
<status status="PASS" start="2024-04-04T17:12:16.832402" elapsed="0.000420"/>
</kw>
<kw name="Log" owner="BuiltIn">
<msg time="2024-04-04T17:12:16.833263" level="INFO">gender</msg>
<arg>${key}</arg>
<doc>Logs the given message with the given level.</doc>
<status status="PASS" start="2024-04-04T17:12:16.833130" elapsed="0.000172"/>
</kw>
<var name="${key}">gender</var>
<status status="PASS" start="2024-04-04T17:12:16.831496" elapsed="0.002029"/>
</iter>
<iter>
<kw name="Dictionary Should Contain Key" owner="Collections">
<msg time="2024-04-04T17:12:16.834272" level="INFO">False</msg>
<arg>${json_data['results'][0]}</arg>
<arg>${key}</arg>
<doc>Fails if ``key`` is not found from ``dictionary``.</doc>
<status status="PASS" start="2024-04-04T17:12:16.833837" elapsed="0.000474"/>
</kw>
<kw name="Log" owner="BuiltIn">
<msg time="2024-04-04T17:12:16.835015" level="INFO">{'gender': 'male', 'name': {'title': 'Mr', 'first': 'Pahal', 'last': 'Prajapati'}, 'location': {'street': {'number': 7342, 'name': 'Santhekatte'}, 'city': 'Srinagar', 'state': 'Bihar', 'country': 'India', 'postcode': 75916, 'coordinates': {'latitude': '8.8768', 'longitude': '-9.0705'}, 'timezone': {'offset': '+2:00', 'description': 'Kaliningrad, South Africa'}}, 'email': 'pahal.prajapati@example.com', 'login': {'uuid': 'aa8bde1b-52fa-48d5-9994-c17a2e18c700', 'username': 'organicelephant810', 'password': 'meagan', 'salt': 'ui0NIZxw', 'md5': '48c90ee14d5af9aa0192b6017e8da397', 'sha1': 'ee7a7e7143b46ded3112e568061e4872af1fc51c', 'sha256': '71a3efeedc2ad74befbb04bcad40c15f189f7660748872dd71426d6e1c5512d0'}, 'dob': {'date': '1951-08-15T13:33:28.225Z', 'age': 72}, 'registered': {'date': '2011-11-09T08:30:56.597Z', 'age': 12}, 'phone': '7815740076', 'cell': '8105470577', 'id': {'name': 'UIDAI', 'value': '502533179172'}, 'picture': {'large': 'https://randomuser.me/api/portraits/men/68.jpg', 'medium': 'https://randomuser.me/api/portraits/med/men/68.jpg', 'thumbnail': 'https://randomuser.me/api/portraits/thumb/men/68.jpg'}, 'nat': 'IN'}</msg>
<arg>${json_data['results'][0]}</arg>
<doc>Logs the given message with the given level.</doc>
<status status="PASS" start="2024-04-04T17:12:16.834650" elapsed="0.000412"/>
</kw>
<kw name="Log" owner="BuiltIn">
<msg time="2024-04-04T17:12:16.835507" level="INFO">name</msg>
<arg>${key}</arg>
<doc>Logs the given message with the given level.</doc>
<status status="PASS" start="2024-04-04T17:12:16.835375" elapsed="0.000170"/>
</kw>
<var name="${key}">name</var>
<status status="PASS" start="2024-04-04T17:12:16.833721" elapsed="0.002045"/>
</iter>
<iter>
<kw name="Dictionary Should Contain Key" owner="Collections">
<msg time="2024-04-04T17:12:16.836449" level="INFO">False</msg>
<arg>${json_data['results'][0]}</arg>
<arg>${key}</arg>
<doc>Fails if ``key`` is not found from ``dictionary``.</doc>
<status status="PASS" start="2024-04-04T17:12:16.836063" elapsed="0.000425"/>
</kw>
<kw name="Log" owner="BuiltIn">
<msg time="2024-04-04T17:12:16.837151" level="INFO">{'gender': 'male', 'name': {'title': 'Mr', 'first': 'Pahal', 'last': 'Prajapati'}, 'location': {'street': {'number': 7342, 'name': 'Santhekatte'}, 'city': 'Srinagar', 'state': 'Bihar', 'country': 'India', 'postcode': 75916, 'coordinates': {'latitude': '8.8768', 'longitude': '-9.0705'}, 'timezone': {'offset': '+2:00', 'description': 'Kaliningrad, South Africa'}}, 'email': 'pahal.prajapati@example.com', 'login': {'uuid': 'aa8bde1b-52fa-48d5-9994-c17a2e18c700', 'username': 'organicelephant810', 'password': 'meagan', 'salt': 'ui0NIZxw', 'md5': '48c90ee14d5af9aa0192b6017e8da397', 'sha1': 'ee7a7e7143b46ded3112e568061e4872af1fc51c', 'sha256': '71a3efeedc2ad74befbb04bcad40c15f189f7660748872dd71426d6e1c5512d0'}, 'dob': {'date': '1951-08-15T13:33:28.225Z', 'age': 72}, 'registered': {'date': '2011-11-09T08:30:56.597Z', 'age': 12}, 'phone': '7815740076', 'cell': '8105470577', 'id': {'name': 'UIDAI', 'value': '502533179172'}, 'picture': {'large': 'https://randomuser.me/api/portraits/men/68.jpg', 'medium': 'https://randomuser.me/api/portraits/med/men/68.jpg', 'thumbnail': 'https://randomuser.me/api/portraits/thumb/men/68.jpg'}, 'nat': 'IN'}</msg>
<arg>${json_data['results'][0]}</arg>
<doc>Logs the given message with the given level.</doc>
<status status="PASS" start="2024-04-04T17:12:16.836793" elapsed="0.000410"/>
</kw>
<kw name="Log" owner="BuiltIn">
<msg time="2024-04-04T17:12:16.837629" level="INFO">location</msg>
<arg>${key}</arg>
<doc>Logs the given message with the given level.</doc>
<status status="PASS" start="2024-04-04T17:12:16.837499" elapsed="0.000169"/>
</kw>
<var name="${key}">location</var>
<status status="PASS" start="2024-04-04T17:12:16.835950" elapsed="0.001940"/>
</iter>
<iter>
<kw name="Dictionary Should Contain Key" owner="Collections">
<msg time="2024-04-04T17:12:16.838598" level="INFO">False</msg>
<arg>${json_data['results'][0]}</arg>
<arg>${key}</arg>
<doc>Fails if ``key`` is not found from ``dictionary``.</doc>
<status status="PASS" start="2024-04-04T17:12:16.838215" elapsed="0.000420"/>
</kw>
<kw name="Log" owner="BuiltIn">
<msg time="2024-04-04T17:12:16.839303" level="INFO">{'gender': 'male', 'name': {'title': 'Mr', 'first': 'Pahal', 'last': 'Prajapati'}, 'location': {'street': {'number': 7342, 'name': 'Santhekatte'}, 'city': 'Srinagar', 'state': 'Bihar', 'country': 'India', 'postcode': 75916, 'coordinates': {'latitude': '8.8768', 'longitude': '-9.0705'}, 'timezone': {'offset': '+2:00', 'description': 'Kaliningrad, South Africa'}}, 'email': 'pahal.prajapati@example.com', 'login': {'uuid': 'aa8bde1b-52fa-48d5-9994-c17a2e18c700', 'username': 'organicelephant810', 'password': 'meagan', 'salt': 'ui0NIZxw', 'md5': '48c90ee14d5af9aa0192b6017e8da397', 'sha1': 'ee7a7e7143b46ded3112e568061e4872af1fc51c', 'sha256': '71a3efeedc2ad74befbb04bcad40c15f189f7660748872dd71426d6e1c5512d0'}, 'dob': {'date': '1951-08-15T13:33:28.225Z', 'age': 72}, 'registered': {'date': '2011-11-09T08:30:56.597Z', 'age': 12}, 'phone': '7815740076', 'cell': '8105470577', 'id': {'name': 'UIDAI', 'value': '502533179172'}, 'picture': {'large': 'https://randomuser.me/api/portraits/men/68.jpg', 'medium': 'https://randomuser.me/api/portraits/med/men/68.jpg', 'thumbnail': 'https://randomuser.me/api/portraits/thumb/men/68.jpg'}, 'nat': 'IN'}</msg>
<arg>${json_data['results'][0]}</arg>
<doc>Logs the given message with the given level.</doc>
<status status="PASS" start="2024-04-04T17:12:16.838939" elapsed="0.000411"/>
</kw>
<kw name="Log" owner="BuiltIn">
<msg time="2024-04-04T17:12:16.839786" level="INFO">email</msg>
<arg>${key}</arg>
<doc>Logs the given message with the given level.</doc>
<status status="PASS" start="2024-04-04T17:12:16.839646" elapsed="0.000178"/>
</kw>
<var name="${key}">email</var>
<status status="PASS" start="2024-04-04T17:12:16.838101" elapsed="0.001947"/>
</iter>
<iter>
<kw name="Dictionary Should Contain Key" owner="Collections">
<msg time="2024-04-04T17:12:16.840722" level="INFO">False</msg>
<arg>${json_data['results'][0]}</arg>
<arg>${key}</arg>
<doc>Fails if ``key`` is not found from ``dictionary``.</doc>
<status status="PASS" start="2024-04-04T17:12:16.840341" elapsed="0.000418"/>
</kw>
<kw name="Log" owner="BuiltIn">
<msg time="2024-04-04T17:12:16.841425" level="INFO">{'gender': 'male', 'name': {'title': 'Mr', 'first': 'Pahal', 'last': 'Prajapati'}, 'location': {'street': {'number': 7342, 'name': 'Santhekatte'}, 'city': 'Srinagar', 'state': 'Bihar', 'country': 'India', 'postcode': 75916, 'coordinates': {'latitude': '8.8768', 'longitude': '-9.0705'}, 'timezone': {'offset': '+2:00', 'description': 'Kaliningrad, South Africa'}}, 'email': 'pahal.prajapati@example.com', 'login': {'uuid': 'aa8bde1b-52fa-48d5-9994-c17a2e18c700', 'username': 'organicelephant810', 'password': 'meagan', 'salt': 'ui0NIZxw', 'md5': '48c90ee14d5af9aa0192b6017e8da397', 'sha1': 'ee7a7e7143b46ded3112e568061e4872af1fc51c', 'sha256': '71a3efeedc2ad74befbb04bcad40c15f189f7660748872dd71426d6e1c5512d0'}, 'dob': {'date': '1951-08-15T13:33:28.225Z', 'age': 72}, 'registered': {'date': '2011-11-09T08:30:56.597Z', 'age': 12}, 'phone': '7815740076', 'cell': '8105470577', 'id': {'name': 'UIDAI', 'value': '502533179172'}, 'picture': {'large': 'https://randomuser.me/api/portraits/men/68.jpg', 'medium': 'https://randomuser.me/api/portraits/med/men/68.jpg', 'thumbnail': 'https://randomuser.me/api/portraits/thumb/men/68.jpg'}, 'nat': 'IN'}</msg>
<arg>${json_data['results'][0]}</arg>
<doc>Logs the given message with the given level.</doc>
<status status="PASS" start="2024-04-04T17:12:16.841054" elapsed="0.000418"/>
</kw>
<kw name="Log" owner="BuiltIn">
<msg time="2024-04-04T17:12:16.841892" level="INFO">login</msg>
<arg>${key}</arg>
<doc>Logs the given message with the given level.</doc>
<status status="PASS" start="2024-04-04T17:12:16.841764" elapsed="0.000309"/>
</kw>
<var name="${key}">login</var>
<status status="PASS" start="2024-04-04T17:12:16.840225" elapsed="0.002083"/>
</iter>
<var>${key}</var>
<value>@{expected_keys}</value>
<status status="PASS" start="2024-04-04T17:12:16.831298" elapsed="0.011161"/>
</for>
<kw name="Create List" owner="BuiltIn">
<msg time="2024-04-04T17:12:16.842810" level="INFO">${expected_keysTwo} = ['username', 'password']</msg>
<var>${expected_keysTwo}</var>
<arg>username</arg>
<arg>password</arg>
<doc>Returns a list containing given items.</doc>
<status status="PASS" start="2024-04-04T17:12:16.842669" elapsed="0.000165"/>
</kw>
<for flavor="IN">
<iter>
<kw name="Dictionary Should Contain Key" owner="Collections">
<msg time="2024-04-04T17:12:16.843723" level="INFO">False</msg>
<arg>${json_data['results'][0]['login']}</arg>
<arg>${keyTwo}</arg>
<doc>Fails if ``key`` is not found from ``dictionary``.</doc>
<status status="PASS" start="2024-04-04T17:12:16.843342" elapsed="0.000418"/>
</kw>
<kw name="Dictionary Should Contain Key" owner="Collections">
<msg time="2024-04-04T17:12:16.844442" level="INFO">False</msg>
<arg>${json_data['results'][0]['login']}</arg>
<arg>${keyTwo}</arg>
<doc>Fails if ``key`` is not found from ``dictionary``.</doc>
<status status="PASS" start="2024-04-04T17:12:16.844055" elapsed="0.000425"/>
</kw>
<kw name="Log" owner="BuiltIn">
<msg time="2024-04-04T17:12:16.844906" level="INFO">username</msg>
<arg>${keyTwo}</arg>
<doc>Logs the given message with the given level.</doc>
<status status="PASS" start="2024-04-04T17:12:16.844777" elapsed="0.000167"/>
</kw>
<var name="${keyTwo}">username</var>
<status status="PASS" start="2024-04-04T17:12:16.843231" elapsed="0.001929"/>
</iter>
<iter>
<kw name="Dictionary Should Contain Key" owner="Collections">
<msg time="2024-04-04T17:12:16.845830" level="INFO">False</msg>
<arg>${json_data['results'][0]['login']}</arg>
<arg>${keyTwo}</arg>
<doc>Fails if ``key`` is not found from ``dictionary``.</doc>
<status status="PASS" start="2024-04-04T17:12:16.845448" elapsed="0.000420"/>
</kw>
<kw name="Dictionary Should Contain Key" owner="Collections">
<msg time="2024-04-04T17:12:16.846583" level="INFO">False</msg>
<arg>${json_data['results'][0]['login']}</arg>
<arg>${keyTwo}</arg>
<doc>Fails if ``key`` is not found from ``dictionary``.</doc>
<status status="PASS" start="2024-04-04T17:12:16.846204" elapsed="0.000416"/>
</kw>
<kw name="Log" owner="BuiltIn">
<msg time="2024-04-04T17:12:16.847048" level="INFO">password</msg>
<arg>${keyTwo}</arg>
<doc>Logs the given message with the given level.</doc>
<status status="PASS" start="2024-04-04T17:12:16.846917" elapsed="0.000169"/>
</kw>
<var name="${keyTwo}">password</var>
<status status="PASS" start="2024-04-04T17:12:16.845337" elapsed="0.001970"/>
</iter>
<var>${keyTwo}</var>
<value>@{expected_keysTwo}</value>
<status status="PASS" start="2024-04-04T17:12:16.843075" elapsed="0.004357"/>
</for>
<status status="PASS" start="2024-04-04T17:12:16.727118" elapsed="0.120462"/>
</kw>
<doc>Testa a estrutura da resposta da API.</doc>
<tag>testeEstruturaResposta</tag>
<status status="PASS" start="2024-04-04T17:12:16.726384" elapsed="0.121366"/>
</test>
<test id="s1-s1-t4" name="Validar tipos de dados" line="28">
<kw name="Teste de Tipos de Dados" owner="random-user-service">
<kw name="GET On Session" owner="RequestsLibrary">
<msg time="2024-04-04T17:12:16.961998" level="INFO">GET Request : url=https://randomuser.me/api 
 path_url=/api 
 headers={'User-Agent': 'python-requests/2.31.0', 'Accept-Encoding': 'gzip, deflate', 'Accept': '*/*', 'Connection': 'keep-alive'} 
 body=None 
 </msg>
<msg time="2024-04-04T17:12:16.962089" level="INFO">GET Response : url=https://randomuser.me/api 
 status=200, reason=OK 
 headers={'Date': 'Thu, 04 Apr 2024 17:12:16 GMT', 'Content-Type': 'application/json; charset=utf-8', 'Transfer-Encoding': 'chunked', 'Connection': 'keep-alive', 'X-Powered-By': 'Express', 'Access-Control-Allow-Origin': '*', 'Cache-Control': 'no-cache', 'ETag': 'W/"48c-Kyfnw68hPTg5Wg5aVsq/Btv23q0"', 'Vary': 'Accept-Encoding', 'Content-Encoding': 'gzip', 'CF-Cache-Status': 'DYNAMIC', 'Report-To': '{"endpoints":[{"url":"https:\\/\\/a.nel.cloudflare.com\\/report\\/v4?s=5pC1Xscp0qXyKhYvfSATpImkc30Dn%2FQxvjuWp7VxrnWlzzzbfm9YzJtu3VPIwbqmn7NBNNcpCaJJSgjlCkjnTkyDIoJkGVFDNxxvlRfXhLoj3Xzozxmrg1%2FT%2B%2FS4Mgs%2B"}],"group":"cf-nel","max_age":604800}', 'NEL': '{"success_fraction":0,"report_to":"cf-nel","max_age":604800}', 'Server': 'cloudflare', 'CF-RAY': '86f2ec2159be2daa-ORD', 'alt-svc': 'h3=":443"; ma=86400'} 
 body={"results":[{"gender":"female","name":{"title":"Miss","first":"Viivi","last":"Polon"},"location":{"street":{"number":134,"name":"Reijolankatu"},"city":"Pyhäranta","state":"Satakunta","country":"Finland","postcode":31948,"coordinates":{"latitude":"-26.4122","longitude":"114.8542"},"timezone":{"offset":"-12:00","description":"Eniwetok, Kwajalein"}},"email":"viivi.polon@example.com","login":{"uuid":"fb400bba-3a0c-4b5b-832d-40b49feca2ca","username":"tinyelephant123","password":"brain","salt":"PcVQtRIo","md5":"98bd3bc28fc583a368e8989efd81e83b","sha1":"894dd0962b9650584a613ae2506cf07369b387fb","sha256":"949ac861174b6f9745a1afdb733c045d52643c40c7ccfabef11e2d7feb8d1c0e"},"dob":{"date":"1985-11-14T06:56:54.455Z","age":38},"registered":{"date":"2007-05-03T11:52:07.118Z","age":16},"phone":"09-876-176","cell":"040-106-16-42","id":{"name":"HETU","value":"NaNNA768undefined"},"picture":{"large":"https://randomuser.me/api/portraits/women/54.jpg","medium":"https://randomuser.me/api/portraits/med/women/54.jpg","thumbnail":"https://randomuser.me/api/portraits/thumb/women/54.jpg"},"nat":"FI"}],"info":{"seed":"ef5bae6597c06989","results":1,"page":1,"version":"1.4"}} 
 </msg>
<msg time="2024-04-04T17:12:16.962158" level="INFO">/opt/hostedtoolcache/Python/3.12.2/x64/lib/python3.12/site-packages/urllib3/connectionpool.py:1103: InsecureRequestWarning: Unverified HTTPS request is being made to host 'randomuser.me'. Adding certificate verification is strongly advised. See: https://urllib3.readthedocs.io/en/latest/advanced-usage.html#tls-warnings
  warnings.warn(</msg>
<msg time="2024-04-04T17:12:16.962272" level="INFO">${response} = &lt;Response [200]&gt;</msg>
<var>${response}</var>
<arg>consultarAPI</arg>
<arg>/api</arg>
<doc>Sends a GET request on a previously created HTTP Session.</doc>
<status status="PASS" start="2024-04-04T17:12:16.850357" elapsed="0.111956"/>
</kw>
<kw name="Set Variable" owner="BuiltIn">
<msg time="2024-04-04T17:12:16.963292" level="INFO">${json_data} = {'results': [{'gender': 'female', 'name': {'title': 'Miss', 'first': 'Viivi', 'last': 'Polon'}, 'location': {'street': {'number': 134, 'name': 'Reijolankatu'}, 'city': 'Pyhäranta', 'state': 'Satakunta...</msg>
<var>${json_data}</var>
<arg>${response.json()}</arg>
<doc>Returns the given values which can then be assigned to a variables.</doc>
<status status="PASS" start="2024-04-04T17:12:16.962779" elapsed="0.000543"/>
</kw>
<kw name="Log" owner="BuiltIn">
<msg time="2024-04-04T17:12:16.963823" level="INFO">{'results': [{'gender': 'female', 'name': {'title': 'Miss', 'first': 'Viivi', 'last': 'Polon'}, 'location': {'street': {'number': 134, 'name': 'Reijolankatu'}, 'city': 'Pyhäranta', 'state': 'Satakunta', 'country': 'Finland', 'postcode': 31948, 'coordinates': {'latitude': '-26.4122', 'longitude': '114.8542'}, 'timezone': {'offset': '-12:00', 'description': 'Eniwetok, Kwajalein'}}, 'email': 'viivi.polon@example.com', 'login': {'uuid': 'fb400bba-3a0c-4b5b-832d-40b49feca2ca', 'username': 'tinyelephant123', 'password': 'brain', 'salt': 'PcVQtRIo', 'md5': '98bd3bc28fc583a368e8989efd81e83b', 'sha1': '894dd0962b9650584a613ae2506cf07369b387fb', 'sha256': '949ac861174b6f9745a1afdb733c045d52643c40c7ccfabef11e2d7feb8d1c0e'}, 'dob': {'date': '1985-11-14T06:56:54.455Z', 'age': 38}, 'registered': {'date': '2007-05-03T11:52:07.118Z', 'age': 16}, 'phone': '09-876-176', 'cell': '040-106-16-42', 'id': {'name': 'HETU', 'value': 'NaNNA768undefined'}, 'picture': {'large': 'https://randomuser.me/api/portraits/women/54.jpg', 'medium': 'https://randomuser.me/api/portraits/med/women/54.jpg', 'thumbnail': 'https://randomuser.me/api/portraits/thumb/women/54.jpg'}, 'nat': 'FI'}], 'info': {'seed': 'ef5bae6597c06989', 'results': 1, 'page': 1, 'version': '1.4'}}</msg>
<arg>${json_data}</arg>
<doc>Logs the given message with the given level.</doc>
<status status="PASS" start="2024-04-04T17:12:16.963654" elapsed="0.000255"/>
</kw>
<kw name="Should Be String" owner="String">
<arg>${json_data['results'][0]['gender']}</arg>
<doc>Fails if the given ``item`` is not a string.</doc>
<status status="PASS" start="2024-04-04T17:12:16.964222" elapsed="0.000369"/>
</kw>
<kw name="Should Match Regexp" owner="BuiltIn">
<arg>${json_data['results'][0]['email']}</arg>
<arg>^[a-zA-Z0-9._%+-]+@[a-zA-Z0-9.-]+\.[a-zA-Z]{2,}$</arg>
<doc>Fails if ``string`` does not match ``pattern`` as a regular expression.</doc>
<status status="PASS" start="2024-04-04T17:12:16.964797" elapsed="0.000530"/>
</kw>
<kw name="Should Match Regexp" owner="BuiltIn">
<arg>${json_data['results'][0]['dob']['date']}</arg>
<arg>\\d{4}-\\d{2}-\\d{2}T\\d{2}:\\d{2}:\\d{2}\\.\\d{3}Z</arg>
<doc>Fails if ``string`` does not match ``pattern`` as a regular expression.</doc>
<status status="PASS" start="2024-04-04T17:12:16.965528" elapsed="0.000537"/>
</kw>
<kw name="Should Match Regexp" owner="BuiltIn">
<arg>${json_data['results'][0]['registered']['date']}</arg>
<arg>\\d{4}-\\d{2}-\\d{2}T\\d{2}:\\d{2}:\\d{2}\\.\\d{3}Z</arg>
<doc>Fails if ``string`` does not match ``pattern`` as a regular expression.</doc>
<status status="PASS" start="2024-04-04T17:12:16.966265" elapsed="0.000382"/>
</kw>
<kw name="Should Match Regexp" owner="BuiltIn">
<arg>${json_data['results'][0]['picture']['large']}</arg>
<arg>^https?://.*\.(?:png|jpe?g|gif|bmp)$</arg>
<doc>Fails if ``string`` does not match ``pattern`` as a regular expression.</doc>
<status status="PASS" start="2024-04-04T17:12:16.966840" elapsed="0.000475"/>
</kw>
<kw name="Should Match Regexp" owner="BuiltIn">
<arg>${json_data['results'][0]['picture']['medium']}</arg>
<arg>^https?://.*\.(?:png|jpe?g|gif|bmp)$</arg>
<doc>Fails if ``string`` does not match ``pattern`` as a regular expression.</doc>
<status status="PASS" start="2024-04-04T17:12:16.967508" elapsed="0.000360"/>
</kw>
<kw name="Should Match Regexp" owner="BuiltIn">
<arg>${json_data['results'][0]['picture']['thumbnail']}</arg>
<arg>^https?://.*\.(?:png|jpe?g|gif|bmp)$</arg>
<doc>Fails if ``string`` does not match ``pattern`` as a regular expression.</doc>
<status status="PASS" start="2024-04-04T17:12:16.968135" elapsed="0.000367"/>
</kw>
<kw name="Log" owner="BuiltIn">
<msg time="2024-04-04T17:12:16.969028" level="INFO">{'large': 'https://randomuser.me/api/portraits/women/54.jpg', 'medium': 'https://randomuser.me/api/portraits/med/women/54.jpg', 'thumbnail': 'https://randomuser.me/api/portraits/thumb/women/54.jpg'}</msg>
<arg>${json_data['results'][0]['picture']}</arg>
<doc>Logs the given message with the given level.</doc>
<status status="PASS" start="2024-04-04T17:12:16.968690" elapsed="0.000385"/>
</kw>
<status status="PASS" start="2024-04-04T17:12:16.850112" elapsed="0.119225"/>
</kw>
<kw name="Teste de Tipos de Dados - Postcode" owner="random-user-service">
<kw name="GET On Session" owner="RequestsLibrary">
<msg time="2024-04-04T17:12:17.023984" level="INFO">GET Request : url=https://randomuser.me/api 
 path_url=/api 
 headers={'User-Agent': 'python-requests/2.31.0', 'Accept-Encoding': 'gzip, deflate', 'Accept': '*/*', 'Connection': 'keep-alive'} 
 body=None 
 </msg>
<msg time="2024-04-04T17:12:17.024050" level="INFO">GET Response : url=https://randomuser.me/api 
 status=200, reason=OK 
 headers={'Date': 'Thu, 04 Apr 2024 17:12:17 GMT', 'Content-Type': 'application/json; charset=utf-8', 'Transfer-Encoding': 'chunked', 'Connection': 'keep-alive', 'X-Powered-By': 'Express', 'Access-Control-Allow-Origin': '*', 'Cache-Control': 'no-cache', 'ETag': 'W/"48a-MJFoDKS6NwaAGTE65Kb0mv/QlgI"', 'Vary': 'Accept-Encoding', 'Content-Encoding': 'gzip', 'CF-Cache-Status': 'DYNAMIC', 'Report-To': '{"endpoints":[{"url":"https:\\/\\/a.nel.cloudflare.com\\/report\\/v4?s=yTG%2BGNqk%2FNnmI0IEEuRcZiH0Pt68sySpgZwmHhkCrDTqaQjjyTAawnQhY9Msu%2FU%2FEpz19Tvz2SOjSH%2BZT2vkFZA3hMvN%2FhFcax8uHfaC5YpwMULlcsu%2F54eC%2FNTO8bH%2B"}],"group":"cf-nel","max_age":604800}', 'NEL': '{"success_fraction":0,"report_to":"cf-nel","max_age":604800}', 'Server': 'cloudflare', 'CF-RAY': '86f2ec221acd2daa-ORD', 'alt-svc': 'h3=":443"; ma=86400'} 
 body={"results":[{"gender":"female","name":{"title":"Ms","first":"Ines","last":"Brunstad"},"location":{"street":{"number":3680,"name":"Sehesteds gate"},"city":"Rostadneset","state":"Vestfold","country":"Norway","postcode":"5113","coordinates":{"latitude":"44.9796","longitude":"87.6432"},"timezone":{"offset":"+1:00","description":"Brussels, Copenhagen, Madrid, Paris"}},"email":"ines.brunstad@example.com","login":{"uuid":"61f75baf-3fd4-48ff-82c1-8eef279198d5","username":"biglion902","password":"ronnie","salt":"92sF77tj","md5":"229631485143b7619d05294919c1f101","sha1":"3a6e84d3476c43cd8b7f2ce1b1718e3194b27ab0","sha256":"da96fde106c1143799258901a7dc6dfce9cbe448595ceaafe99d693d8c55d65f"},"dob":{"date":"1997-09-08T01:31:51.194Z","age":26},"registered":{"date":"2021-04-10T22:30:02.522Z","age":2},"phone":"55055834","cell":"96305628","id":{"name":"FN","value":"08099742055"},"picture":{"large":"https://randomuser.me/api/portraits/women/15.jpg","medium":"https://randomuser.me/api/portraits/med/women/15.jpg","thumbnail":"https://randomuser.me/api/portraits/thumb/women/15.jpg"},"nat":"NO"}],"info":{"seed":"2cfda269ee9dbaf2","results":1,"page":1,"version":"1.4"}} 
 </msg>
<msg time="2024-04-04T17:12:17.024121" level="INFO">/opt/hostedtoolcache/Python/3.12.2/x64/lib/python3.12/site-packages/urllib3/connectionpool.py:1103: InsecureRequestWarning: Unverified HTTPS request is being made to host 'randomuser.me'. Adding certificate verification is strongly advised. See: https://urllib3.readthedocs.io/en/latest/advanced-usage.html#tls-warnings
  warnings.warn(</msg>
<msg time="2024-04-04T17:12:17.024213" level="INFO">${response} = &lt;Response [200]&gt;</msg>
<var>${response}</var>
<arg>consultarAPI</arg>
<arg>/api</arg>
<doc>Sends a GET request on a previously created HTTP Session.</doc>
<status status="PASS" start="2024-04-04T17:12:16.969958" elapsed="0.054294"/>
</kw>
<kw name="Set Variable" owner="BuiltIn">
<msg time="2024-04-04T17:12:17.025383" level="INFO">${json_data} = {'results': [{'gender': 'female', 'name': {'title': 'Ms', 'first': 'Ines', 'last': 'Brunstad'}, 'location': {'street': {'number': 3680, 'name': 'Sehesteds gate'}, 'city': 'Rostadneset', 'state': 'Vest...</msg>
<var>${json_data}</var>
<arg>${response.json()}</arg>
<doc>Returns the given values which can then be assigned to a variables.</doc>
<status status="PASS" start="2024-04-04T17:12:17.024777" elapsed="0.000634"/>
</kw>
<kw name="Log" owner="BuiltIn">
<msg time="2024-04-04T17:12:17.025871" level="INFO">{'results': [{'gender': 'female', 'name': {'title': 'Ms', 'first': 'Ines', 'last': 'Brunstad'}, 'location': {'street': {'number': 3680, 'name': 'Sehesteds gate'}, 'city': 'Rostadneset', 'state': 'Vestfold', 'country': 'Norway', 'postcode': '5113', 'coordinates': {'latitude': '44.9796', 'longitude': '87.6432'}, 'timezone': {'offset': '+1:00', 'description': 'Brussels, Copenhagen, Madrid, Paris'}}, 'email': 'ines.brunstad@example.com', 'login': {'uuid': '61f75baf-3fd4-48ff-82c1-8eef279198d5', 'username': 'biglion902', 'password': 'ronnie', 'salt': '92sF77tj', 'md5': '229631485143b7619d05294919c1f101', 'sha1': '3a6e84d3476c43cd8b7f2ce1b1718e3194b27ab0', 'sha256': 'da96fde106c1143799258901a7dc6dfce9cbe448595ceaafe99d693d8c55d65f'}, 'dob': {'date': '1997-09-08T01:31:51.194Z', 'age': 26}, 'registered': {'date': '2021-04-10T22:30:02.522Z', 'age': 2}, 'phone': '55055834', 'cell': '96305628', 'id': {'name': 'FN', 'value': '08099742055'}, 'picture': {'large': 'https://randomuser.me/api/portraits/women/15.jpg', 'medium': 'https://randomuser.me/api/portraits/med/women/15.jpg', 'thumbnail': 'https://randomuser.me/api/portraits/thumb/women/15.jpg'}, 'nat': 'NO'}], 'info': {'seed': '2cfda269ee9dbaf2', 'results': 1, 'page': 1, 'version': '1.4'}}</msg>
<arg>${json_data}</arg>
<doc>Logs the given message with the given level.</doc>
<status status="PASS" start="2024-04-04T17:12:17.025718" elapsed="0.000265"/>
</kw>
<kw name="Should Be Equal As Numbers" owner="BuiltIn">
<arg>${json_data['results'][0]['location']['postcode']}</arg>
<arg>${json_data['results'][0]['location']['postcode']}</arg>
<doc>Fails if objects are unequal after converting them to real numbers.</doc>
<status status="PASS" start="2024-04-04T17:12:17.026305" elapsed="0.000625"/>
</kw>
<kw name="Log" owner="BuiltIn">
<msg time="2024-04-04T17:12:17.027476" level="INFO">5113</msg>
<arg>${json_data['results'][0]['location']['postcode']}</arg>
<doc>Logs the given message with the given level.</doc>
<status status="PASS" start="2024-04-04T17:12:17.027126" elapsed="0.000390"/>
</kw>
<status status="PASS" start="2024-04-04T17:12:16.969566" elapsed="0.058207"/>
</kw>
<doc>Testa se os tipos de dados na resposta da API estão corretos.</doc>
<tag>testeTiposDados</tag>
<status status="PASS" start="2024-04-04T17:12:16.849513" elapsed="0.178428"/>
</test>
<test id="s1-s1-t5" name="Validar conteudo" line="35">
<kw name="Teste de Tipos de Conteudo" owner="random-user-service">
<kw name="GET On Session" owner="RequestsLibrary">
<msg time="2024-04-04T17:12:17.128391" level="INFO">GET Request : url=https://randomuser.me/api 
 path_url=/api 
 headers={'User-Agent': 'python-requests/2.31.0', 'Accept-Encoding': 'gzip, deflate', 'Accept': '*/*', 'Connection': 'keep-alive'} 
 body=None 
 </msg>
<msg time="2024-04-04T17:12:17.128485" level="INFO">GET Response : url=https://randomuser.me/api 
 status=200, reason=OK 
 headers={'Date': 'Thu, 04 Apr 2024 17:12:17 GMT', 'Content-Type': 'application/json; charset=utf-8', 'Transfer-Encoding': 'chunked', 'Connection': 'keep-alive', 'X-Powered-By': 'Express', 'Access-Control-Allow-Origin': '*', 'Cache-Control': 'no-cache', 'ETag': 'W/"47f-cuK2sWVbv8E2VOD5voBQAoLbqVI"', 'Vary': 'Accept-Encoding', 'Content-Encoding': 'gzip', 'CF-Cache-Status': 'DYNAMIC', 'Report-To': '{"endpoints":[{"url":"https:\\/\\/a.nel.cloudflare.com\\/report\\/v4?s=oohodlpq0Pl3Rh7FHRoAGBPVPe1F3c%2FfDEa12Wi0Y%2B%2B2yqQDOijnbRTih7VGkSM4ZUrEJoQaDWgg3YKU37f8gJUnkDHUwvnZeJBtc4F8DOgTx9JZPSi86KNdKvlwPONF"}],"group":"cf-nel","max_age":604800}', 'NEL': '{"success_fraction":0,"report_to":"cf-nel","max_age":604800}', 'Server': 'cloudflare', 'CF-RAY': '86f2ec227b3f2daa-ORD', 'alt-svc': 'h3=":443"; ma=86400'} 
 body={"results":[{"gender":"male","name":{"title":"Mr","first":"میلاد","last":"محمدخان"},"location":{"street":{"number":3524,"name":"مالک اشتر"},"city":"اردبیل","state":"اصفهان","country":"Iran","postcode":87180,"coordinates":{"latitude":"20.4143","longitude":"-133.1807"},"timezone":{"offset":"-3:30","description":"Newfoundland"}},"email":"myld.mhmdkhn@example.com","login":{"uuid":"e955911d-4267-405b-989e-465b01f52bc1","username":"purplewolf361","password":"lamont","salt":"qiACdvRw","md5":"537a7629258ee23bd46536bd17966b58","sha1":"1d32bf526858f49338025e3d33a77e5937a227f0","sha256":"4cde3febb31c36310b06d21f4ab2e4dcd4ad3746306194b93b528f9b23fb30e7"},"dob":{"date":"1968-08-15T22:47:55.681Z","age":55},"registered":{"date":"2008-10-16T04:55:33.044Z","age":15},"phone":"000-93177072","cell":"0984-107-3774","id":{"name":"","value":null},"picture":{"large":"https://randomuser.me/api/portraits/men/69.jpg","medium":"https://randomuser.me/api/portraits/med/men/69.jpg","thumbnail":"https://randomuser.me/api/portraits/thumb/men/69.jpg"},"nat":"IR"}],"info":{"seed":"2683e702d0fe3a8b","results":1,"page":1,"version":"1.4"}} 
 </msg>
<msg time="2024-04-04T17:12:17.128561" level="INFO">/opt/hostedtoolcache/Python/3.12.2/x64/lib/python3.12/site-packages/urllib3/connectionpool.py:1103: InsecureRequestWarning: Unverified HTTPS request is being made to host 'randomuser.me'. Adding certificate verification is strongly advised. See: https://urllib3.readthedocs.io/en/latest/advanced-usage.html#tls-warnings
  warnings.warn(</msg>
<msg time="2024-04-04T17:12:17.128681" level="INFO">${response} = &lt;Response [200]&gt;</msg>
<var>${response}</var>
<arg>consultarAPI</arg>
<arg>/api</arg>
<doc>Sends a GET request on a previously created HTTP Session.</doc>
<status status="PASS" start="2024-04-04T17:12:17.030508" elapsed="0.098215"/>
</kw>
<kw name="Set Variable" owner="BuiltIn">
<msg time="2024-04-04T17:12:17.130027" level="INFO">${json_data} = {'results': [{'gender': 'male', 'name': {'title': 'Mr', 'first': 'میلاد', 'last': 'محمدخان'}, 'location': {'street': {'number': 3524, 'name': 'مالک اشتر'}, 'city': 'اردبیل', 'state': 'اصفهان', 'countr...</msg>
<var>${json_data}</var>
<arg>${response.json()}</arg>
<doc>Returns the given values which can then be assigned to a variables.</doc>
<status status="PASS" start="2024-04-04T17:12:17.129386" elapsed="0.000675"/>
</kw>
<kw name="Set Variable" owner="BuiltIn">
<msg time="2024-04-04T17:12:17.130776" level="INFO">${name_title} = Mr</msg>
<var>${name_title}</var>
<arg>${json_data["results"][0]["name"]["title"]}</arg>
<doc>Returns the given values which can then be assigned to a variables.</doc>
<status status="PASS" start="2024-04-04T17:12:17.130386" elapsed="0.000416"/>
</kw>
<kw name="Create List" owner="BuiltIn">
<msg time="2024-04-04T17:12:17.131265" level="INFO">${allowed_titles} = ['Mr', 'Ms', 'Miss', 'Mrs', 'Madame', 'Monsieur']</msg>
<var>${allowed_titles}</var>
<arg>Mr</arg>
<arg>Ms</arg>
<arg>Miss</arg>
<arg>Mrs</arg>
<arg>Madame</arg>
<arg>Monsieur</arg>
<doc>Returns a list containing given items.</doc>
<status status="PASS" start="2024-04-04T17:12:17.131109" elapsed="0.000182"/>
</kw>
<kw name="List Should Contain Value" owner="Collections">
<msg time="2024-04-04T17:12:17.131794" level="INFO">False</msg>
<arg>${allowed_titles}</arg>
<arg>${name_title}</arg>
<doc>Fails if the ``value`` is not found from ``list``.</doc>
<status status="PASS" start="2024-04-04T17:12:17.131608" elapsed="0.000225"/>
</kw>
<kw name="Set Variable" owner="BuiltIn">
<msg time="2024-04-04T17:12:17.132529" level="INFO">${name_country} = IR</msg>
<var>${name_country}</var>
<arg>${json_data["results"][0]["nat"]}</arg>
<doc>Returns the given values which can then be assigned to a variables.</doc>
<status status="PASS" start="2024-04-04T17:12:17.132133" elapsed="0.000422"/>
</kw>
<kw name="Create List" owner="BuiltIn">
<msg time="2024-04-04T17:12:17.133470" level="INFO">${list_country} = ['AD', 'AE', 'AF', 'AG', 'AI', 'AL', 'AM', 'AO', 'AQ', 'AR', 'AS', 'AT', 'AU', 'AW', 'AX', 'AZ', 'BA', 'BB', 'BD', 'BE', 'BF', 'BG', 'BH', 'BI', 'BJ', 'BL', 'BM', 'BN', 'BO', 'BQ', 'BR', 'BS', 'BT', '...</msg>
<var>${list_country}</var>
<arg>AD</arg>
<arg>AE</arg>
<arg>AF</arg>
<arg>AG</arg>
<arg>AI</arg>
<arg>AL</arg>
<arg>AM</arg>
<arg>AO</arg>
<arg>AQ</arg>
<arg>AR</arg>
<arg>AS</arg>
<arg>AT</arg>
<arg>AU</arg>
<arg>AW</arg>
<arg>AX</arg>
<arg>AZ</arg>
<arg>BA</arg>
<arg>BB</arg>
<arg>BD</arg>
<arg>BE</arg>
<arg>BF</arg>
<arg>BG</arg>
<arg>BH</arg>
<arg>BI</arg>
<arg>BJ</arg>
<arg>BL</arg>
<arg>BM</arg>
<arg>BN</arg>
<arg>BO</arg>
<arg>BQ</arg>
<arg>BR</arg>
<arg>BS</arg>
<arg>BT</arg>
<arg>BV</arg>
<arg>BW</arg>
<arg>BY</arg>
<arg>BZ</arg>
<arg>CA</arg>
<arg>CC</arg>
<arg>CD</arg>
<arg>CF</arg>
<arg>CG</arg>
<arg>CH</arg>
<arg>CI</arg>
<arg>CK</arg>
<arg>CL</arg>
<arg>CM</arg>
<arg>CN</arg>
<arg>CO</arg>
<arg>CR</arg>
<arg>CU</arg>
<arg>CV</arg>
<arg>CW</arg>
<arg>CX</arg>
<arg>CY</arg>
<arg>CZ</arg>
<arg>DE</arg>
<arg>DJ</arg>
<arg>DK</arg>
<arg>DM</arg>
<arg>DO</arg>
<arg>DZ</arg>
<arg>EC</arg>
<arg>EE</arg>
<arg>EG</arg>
<arg>EH</arg>
<arg>ER</arg>
<arg>ES</arg>
<arg>ET</arg>
<arg>FI</arg>
<arg>FJ</arg>
<arg>FK</arg>
<arg>FM</arg>
<arg>FO</arg>
<arg>FR</arg>
<arg>GA</arg>
<arg>GB</arg>
<arg>GD</arg>
<arg>GE</arg>
<arg>GF</arg>
<arg>GG</arg>
<arg>GH</arg>
<arg>GI</arg>
<arg>GL</arg>
<arg>GM</arg>
<arg>GN</arg>
<arg>GP</arg>
<arg>GQ</arg>
<arg>GR</arg>
<arg>GS</arg>
<arg>GT</arg>
<arg>GU</arg>
<arg>GW</arg>
<arg>GY</arg>
<arg>HK</arg>
<arg>HM</arg>
<arg>HN</arg>
<arg>HR</arg>
<arg>HT</arg>
<arg>HU</arg>
<arg>ID</arg>
<arg>IE</arg>
<arg>IL</arg>
<arg>IM</arg>
<arg>IN</arg>
<arg>IO</arg>
<arg>IQ</arg>
<arg>IR</arg>
<arg>IS</arg>
<arg>IT</arg>
<arg>JE</arg>
<arg>JM</arg>
<arg>JO</arg>
<arg>JP</arg>
<arg>KE</arg>
<arg>KG</arg>
<arg>KH</arg>
<arg>KI</arg>
<arg>KM</arg>
<arg>KN</arg>
<arg>KP</arg>
<arg>KR</arg>
<arg>KW</arg>
<arg>KY</arg>
<arg>KZ</arg>
<arg>LA</arg>
<arg>LB</arg>
<arg>LC</arg>
<arg>LI</arg>
<arg>LK</arg>
<arg>LR</arg>
<arg>LS</arg>
<arg>LT</arg>
<arg>LU</arg>
<arg>LV</arg>
<arg>LY</arg>
<arg>MA</arg>
<arg>MC</arg>
<arg>MD</arg>
<arg>ME</arg>
<arg>MF</arg>
<arg>MG</arg>
<arg>MH</arg>
<arg>MK</arg>
<arg>ML</arg>
<arg>MM</arg>
<arg>MN</arg>
<arg>MO</arg>
<arg>MP</arg>
<arg>MQ</arg>
<arg>MR</arg>
<arg>MS</arg>
<arg>MT</arg>
<arg>MU</arg>
<arg>MV</arg>
<arg>MW</arg>
<arg>MX</arg>
<arg>MY</arg>
<arg>MZ</arg>
<arg>NA</arg>
<arg>NC</arg>
<arg>NE</arg>
<arg>NF</arg>
<arg>NG</arg>
<arg>NI</arg>
<arg>NL</arg>
<arg>NO</arg>
<arg>NP</arg>
<arg>NR</arg>
<arg>NU</arg>
<arg>NZ</arg>
<arg>OM</arg>
<arg>PA</arg>
<arg>PE</arg>
<arg>PF</arg>
<arg>PG</arg>
<arg>PH</arg>
<arg>PK</arg>
<arg>PL</arg>
<arg>PM</arg>
<arg>PN</arg>
<arg>PR</arg>
<arg>PS</arg>
<arg>PT</arg>
<arg>PW</arg>
<arg>PY</arg>
<arg>QA</arg>
<arg>RE</arg>
<arg>RO</arg>
<arg>RS</arg>
<arg>RU</arg>
<arg>RW</arg>
<arg>SA</arg>
<arg>SB</arg>
<arg>SC</arg>
<arg>SD</arg>
<arg>SE</arg>
<arg>SG</arg>
<arg>SH</arg>
<arg>SI</arg>
<arg>SJ</arg>
<arg>SK</arg>
<arg>SL</arg>
<arg>SM</arg>
<arg>SN</arg>
<arg>SO</arg>
<arg>SR</arg>
<arg>SS</arg>
<arg>ST</arg>
<arg>SV</arg>
<arg>SX</arg>
<arg>SY</arg>
<arg>SZ</arg>
<arg>TC</arg>
<arg>TD</arg>
<arg>TF</arg>
<arg>TG</arg>
<arg>TH</arg>
<arg>TJ</arg>
<arg>TK</arg>
<arg>TL</arg>
<arg>TM</arg>
<arg>TN</arg>
<arg>TO</arg>
<arg>TR</arg>
<arg>TT</arg>
<arg>TV</arg>
<arg>TW</arg>
<arg>TZ</arg>
<arg>UA</arg>
<arg>UG</arg>
<arg>UM</arg>
<arg>US</arg>
<arg>UY</arg>
<arg>UZ</arg>
<arg>VA</arg>
<arg>VC</arg>
<arg>VE</arg>
<arg>VG</arg>
<arg>VI</arg>
<arg>VN</arg>
<arg>VU</arg>
<arg>WF</arg>
<arg>WS</arg>
<arg>XK</arg>
<arg>YE</arg>
<arg>YT</arg>
<arg>ZA</arg>
<arg>ZM</arg>
<arg>ZW</arg>
<doc>Returns a list containing given items.</doc>
<status status="PASS" start="2024-04-04T17:12:17.132869" elapsed="0.000628"/>
</kw>
<kw name="List Should Contain Value" owner="Collections">
<msg time="2024-04-04T17:12:17.134684" level="INFO">False</msg>
<arg>${list_country}</arg>
<arg>${name_country}</arg>
<doc>Fails if the ``value`` is not found from ``list``.</doc>
<status status="PASS" start="2024-04-04T17:12:17.134465" elapsed="0.000258"/>
</kw>
<kw name="Run Keyword If" owner="BuiltIn">
<kw name="Should Be True" owner="BuiltIn">
<arg>${True}</arg>
<doc>Fails if the given condition is not true.</doc>
<status status="PASS" start="2024-04-04T17:12:17.135827" elapsed="0.000150"/>
</kw>
<arg>${json_data["results"][0]["location"]["coordinates"]["latitude"]} &gt;= -90 and ${json_data["results"][0]["location"]["coordinates"]["latitude"]} &lt;= 90</arg>
<arg>Should Be True</arg>
<arg>${True}</arg>
<doc>Runs the given keyword with the given arguments, if ``condition`` is true.</doc>
<status status="PASS" start="2024-04-04T17:12:17.135047" elapsed="0.001065"/>
</kw>
<kw name="Run Keyword If" owner="BuiltIn">
<kw name="Should Be True" owner="BuiltIn">
<arg>${True}</arg>
<doc>Fails if the given condition is not true.</doc>
<status status="PASS" start="2024-04-04T17:12:17.137008" elapsed="0.000141"/>
</kw>
<arg>${json_data["results"][0]["location"]["coordinates"]["longitude"]} &gt;= -180 and ${json_data["results"][0]["location"]["coordinates"]["longitude"]} &lt;= 180</arg>
<arg>Should Be True</arg>
<arg>${True}</arg>
<doc>Runs the given keyword with the given arguments, if ``condition`` is true.</doc>
<status status="PASS" start="2024-04-04T17:12:17.136301" elapsed="0.000976"/>
</kw>
<status status="PASS" start="2024-04-04T17:12:17.030276" elapsed="0.107135"/>
</kw>
<doc>Testa o conteúdo específico dos campos retornados pela API.</doc>
<tag>testeConteudo</tag>
<status status="PASS" start="2024-04-04T17:12:17.029697" elapsed="0.107872"/>
</test>
<status status="PASS" start="2024-04-04T17:12:16.326148" elapsed="0.813500"/>
</suite>
<status status="PASS" start="2024-04-04T17:12:16.312244" elapsed="0.832821"/>
</suite>
<statistics>
<total>
<stat pass="5" fail="0" skip="0">All Tests</stat>
</total>
<tag>
<stat pass="1" fail="0" skip="0">testeConteudo</stat>
<stat pass="1" fail="0" skip="0">testeEstruturaResposta</stat>
<stat pass="1" fail="0" skip="0">testeRequisicaoBasica</stat>
<stat pass="1" fail="0" skip="0">testeTiposDados</stat>
</tag>
<suite>
<stat pass="5" fail="0" skip="0" id="s1" name="Tests">Tests</stat>
<stat pass="5" fail="0" skip="0" id="s1-s1" name="Random-User-Test">Tests.Random-User-Test</stat>
</suite>
</statistics>
<errors>
</errors>
</robot>
