<?xml version="1.0" encoding="UTF-8"?>
<robot generator="Robot 7.0 (Python 3.12.3 on linux)" generated="2024-05-17T05:15:16.604436" rpa="false" schemaversion="5">
<suite id="s1" name="Tests" source="/home/runner/work/DesafioQAItauRogerioJordao/DesafioQAItauRogerioJordao/RamdonUser/tests">
<suite id="s1-s1" name="Random-User-Test" source="/home/runner/work/DesafioQAItauRogerioJordao/DesafioQAItauRogerioJordao/RamdonUser/tests/random-user-test.robot">
<test id="s1-s1-t1" name="Conectar" line="13">
<kw name="Conectar API" owner="random-user-service">
<kw name="Create Session" owner="RequestsLibrary">
<msg time="2024-05-17T05:15:16.995698" level="INFO">Creating Session using : alias=consultarAPI, url=https://randomuser.me/, headers={},                     cookies={}, auth=None, timeout=None, proxies=None, verify=False,                     debug=0 </msg>
<arg>consultarAPI</arg>
<arg>${URL}</arg>
<doc>Create Session: create a HTTP session to a server</doc>
<status status="PASS" start="2024-05-17T05:15:16.995490" elapsed="0.000398"/>
</kw>
<status status="PASS" start="2024-05-17T05:15:16.994482" elapsed="0.001770"/>
</kw>
<status status="PASS" start="2024-05-17T05:15:16.993827" elapsed="0.002620"/>
</test>
<test id="s1-s1-t2" name="Validar retorno 200 e JSON Válido" line="16">
<kw name="Teste de Requisicao Basica" owner="random-user-service">
<kw name="GET On Session" owner="RequestsLibrary">
<msg time="2024-05-17T05:15:17.274662" level="INFO">GET Request : url=https://randomuser.me/api 
 path_url=/api 
 headers={'User-Agent': 'python-requests/2.31.0', 'Accept-Encoding': 'gzip, deflate', 'Accept': '*/*', 'Connection': 'keep-alive'} 
 body=None 
 </msg>
<msg time="2024-05-17T05:15:17.274815" level="INFO">GET Response : url=https://randomuser.me/api 
 status=200, reason=OK 
 headers={'Date': 'Fri, 17 May 2024 05:15:17 GMT', 'Content-Type': 'application/json; charset=utf-8', 'Transfer-Encoding': 'chunked', 'Connection': 'keep-alive', 'X-Powered-By': 'Express', 'Access-Control-Allow-Origin': '*', 'Cache-Control': 'no-cache', 'ETag': 'W/"486-O1WcP4AQrl1lwFlCS35sgu8OqEk"', 'Vary': 'Accept-Encoding', 'Content-Encoding': 'gzip', 'CF-Cache-Status': 'DYNAMIC', 'Report-To': '{"endpoints":[{"url":"https:\\/\\/a.nel.cloudflare.com\\/report\\/v4?s=INQHakEOLECZ6yjFNgBhIP%2FUvjNDeajNzEnhcZ6uzZc6%2F%2BDrIRbD0u1MskxRxE9UA2EnfPtbejJHSGSjicQ6OlW1dmSEjZtYAXb84IKMUYF9QbHxHZMGbo%2B97BLs2lam"}],"group":"cf-nel","max_age":604800}', 'NEL': '{"success_fraction":0,"report_to":"cf-nel","max_age":604800}', 'Server': 'cloudflare', 'CF-RAY': '885120f85981cf35-SJC', 'alt-svc': 'h3=":443"; ma=86400'} 
 body={"results":[{"gender":"female","name":{"title":"Miss","first":"Sam","last":"Cox"},"location":{"street":{"number":311,"name":"The Drive"},"city":"Celbridge","state":"Clare","country":"Ireland","postcode":65546,"coordinates":{"latitude":"-1.3321","longitude":"132.7140"},"timezone":{"offset":"+1:00","description":"Brussels, Copenhagen, Madrid, Paris"}},"email":"sam.cox@example.com","login":{"uuid":"d2570d31-922b-4a88-971d-b8439bc67319","username":"ticklishpeacock561","password":"antonio","salt":"kiUPIHgB","md5":"9489eff11e2ce86c6b631b5f199d8f5e","sha1":"a626f95fcd0da687864f47cfb74c36581300076c","sha256":"692fbe7f3769d9426b35f09e713aacd33f40d8baddbe2d9d5d4fa48cbef0c9e1"},"dob":{"date":"1962-04-05T02:30:04.084Z","age":62},"registered":{"date":"2006-09-12T10:40:05.538Z","age":17},"phone":"051-744-1057","cell":"081-987-0803","id":{"name":"PPS","value":"5136597T"},"picture":{"large":"https://randomuser.me/api/portraits/women/59.jpg","medium":"https://randomuser.me/api/portraits/med/women/59.jpg","thumbnail":"https://randomuser.me/api/portraits/thumb/women/59.jpg"},"nat":"IE"}],"info":{"seed":"e902f96ad7d134fe","results":1,"page":1,"version":"1.4"}} 
 </msg>
<msg time="2024-05-17T05:15:17.274898" level="INFO">/opt/hostedtoolcache/Python/3.12.3/x64/lib/python3.12/site-packages/urllib3/connectionpool.py:1103: InsecureRequestWarning: Unverified HTTPS request is being made to host 'randomuser.me'. Adding certificate verification is strongly advised. See: https://urllib3.readthedocs.io/en/latest/advanced-usage.html#tls-warnings
  warnings.warn(</msg>
<msg time="2024-05-17T05:15:17.275038" level="INFO">${response} = &lt;Response [200]&gt;</msg>
<var>${response}</var>
<arg>consultarAPI</arg>
<arg>/api</arg>
<doc>Sends a GET request on a previously created HTTP Session.</doc>
<status status="PASS" start="2024-05-17T05:15:16.999147" elapsed="0.275935"/>
</kw>
<kw name="Should Be Equal As Numbers" owner="BuiltIn">
<msg time="2024-05-17T05:15:17.276125" level="INFO">Argument types are:
&lt;class 'int'&gt;
&lt;class 'str'&gt;</msg>
<arg>${response.status_code}</arg>
<arg>200</arg>
<doc>Fails if objects are unequal after converting them to real numbers.</doc>
<status status="PASS" start="2024-05-17T05:15:17.275640" elapsed="0.000556"/>
</kw>
<kw name="Log" owner="BuiltIn">
<msg time="2024-05-17T05:15:17.276952" level="INFO">200</msg>
<arg>${response.status_code}</arg>
<doc>Logs the given message with the given level.</doc>
<status status="PASS" start="2024-05-17T05:15:17.276580" elapsed="0.000416"/>
</kw>
<kw name="Set Variable" owner="BuiltIn">
<msg time="2024-05-17T05:15:17.277756" level="INFO">${json_data} = {'results': [{'gender': 'female', 'name': {'title': 'Miss', 'first': 'Sam', 'last': 'Cox'}, 'location': {'street': {'number': 311, 'name': 'The Drive'}, 'city': 'Celbridge', 'state': 'Clare', 'country...</msg>
<var>${json_data}</var>
<arg>${response.json()}</arg>
<doc>Returns the given values which can then be assigned to a variables.</doc>
<status status="PASS" start="2024-05-17T05:15:17.277315" elapsed="0.000470"/>
</kw>
<kw name="Dictionary Should Contain Key" owner="Collections">
<msg time="2024-05-17T05:15:17.278308" level="INFO">False</msg>
<arg>${json_data}</arg>
<arg>results</arg>
<doc>Fails if ``key`` is not found from ``dictionary``.</doc>
<status status="PASS" start="2024-05-17T05:15:17.278129" elapsed="0.000219"/>
</kw>
<status status="PASS" start="2024-05-17T05:15:16.998898" elapsed="0.279715"/>
</kw>
<doc>Testa se a API responde corretamente e retorna um objeto JSON válido.</doc>
<tag>testeRequisicaoBasica</tag>
<status status="PASS" start="2024-05-17T05:15:16.998366" elapsed="0.280434"/>
</test>
<test id="s1-s1-t3" name="Validar estrutura de resposta" line="22">
<kw name="Teste de Estrutura de Resposta" owner="random-user-service">
<kw name="GET On Session" owner="RequestsLibrary">
<msg time="2024-05-17T05:15:17.375820" level="INFO">GET Request : url=https://randomuser.me/api 
 path_url=/api 
 headers={'User-Agent': 'python-requests/2.31.0', 'Accept-Encoding': 'gzip, deflate', 'Accept': '*/*', 'Connection': 'keep-alive'} 
 body=None 
 </msg>
<msg time="2024-05-17T05:15:17.375927" level="INFO">GET Response : url=https://randomuser.me/api 
 status=200, reason=OK 
 headers={'Date': 'Fri, 17 May 2024 05:15:17 GMT', 'Content-Type': 'application/json; charset=utf-8', 'Transfer-Encoding': 'chunked', 'Connection': 'keep-alive', 'X-Powered-By': 'Express', 'Access-Control-Allow-Origin': '*', 'Cache-Control': 'no-cache', 'ETag': 'W/"491-DsiggxmOwqdS1EUdHkwTO+7OAiM"', 'Vary': 'Accept-Encoding', 'Content-Encoding': 'gzip', 'CF-Cache-Status': 'DYNAMIC', 'Report-To': '{"endpoints":[{"url":"https:\\/\\/a.nel.cloudflare.com\\/report\\/v4?s=InVazVZynBOJWN6QrP2H5tKeQZYYH7ndgWGEAdrv4Rncq5yIPjBUpeZ90uw4EffQ682EsvW%2BGxmCmKp2rOldGgxD99NiFlt%2FHNTA7qWwcDxwoqmI3j1zaJnLWxgsOBiW"}],"group":"cf-nel","max_age":604800}', 'NEL': '{"success_fraction":0,"report_to":"cf-nel","max_age":604800}', 'Server': 'cloudflare', 'CF-RAY': '885120f90a15cf35-SJC', 'alt-svc': 'h3=":443"; ma=86400'} 
 body={"results":[{"gender":"female","name":{"title":"Ms","first":"Rosalyn","last":"Castro"},"location":{"street":{"number":7904,"name":"Victoria Street"},"city":"Bradford","state":"Gloucestershire","country":"United Kingdom","postcode":"Y4O 8RD","coordinates":{"latitude":"-12.8301","longitude":"21.2609"},"timezone":{"offset":"+3:30","description":"Tehran"}},"email":"rosalyn.castro@example.com","login":{"uuid":"c2d9cf16-e563-4a11-ad09-229a460f6f08","username":"organiccat215","password":"1269","salt":"uxlOhhiZ","md5":"bfad45858dcc5ef575d2aa626829cb6a","sha1":"2bc0ed2998ceebb217d34ba68c9fd4f42482b65b","sha256":"15d4c3544975a81c9171009f61236bbfe8765d66fe7b969511956d44a63d3117"},"dob":{"date":"1978-01-31T14:34:17.338Z","age":46},"registered":{"date":"2015-05-17T19:19:03.403Z","age":8},"phone":"0114420 902 9576","cell":"07021 404511","id":{"name":"NINO","value":"NB 97 45 12 S"},"picture":{"large":"https://randomuser.me/api/portraits/women/26.jpg","medium":"https://randomuser.me/api/portraits/med/women/26.jpg","thumbnail":"https://randomuser.me/api/portraits/thumb/women/26.jpg"},"nat":"GB"}],"info":{"seed":"a7d2b6eb93aec02d","results":1,"page":1,"version":"1.4"}} 
 </msg>
<msg time="2024-05-17T05:15:17.376064" level="INFO">/opt/hostedtoolcache/Python/3.12.3/x64/lib/python3.12/site-packages/urllib3/connectionpool.py:1103: InsecureRequestWarning: Unverified HTTPS request is being made to host 'randomuser.me'. Adding certificate verification is strongly advised. See: https://urllib3.readthedocs.io/en/latest/advanced-usage.html#tls-warnings
  warnings.warn(</msg>
<msg time="2024-05-17T05:15:17.376196" level="INFO">${response} = &lt;Response [200]&gt;</msg>
<var>${response}</var>
<arg>consultarAPI</arg>
<arg>/api</arg>
<doc>Sends a GET request on a previously created HTTP Session.</doc>
<status status="PASS" start="2024-05-17T05:15:17.281406" elapsed="0.094830"/>
</kw>
<kw name="Set Variable" owner="BuiltIn">
<msg time="2024-05-17T05:15:17.377277" level="INFO">${json_data} = {'results': [{'gender': 'female', 'name': {'title': 'Ms', 'first': 'Rosalyn', 'last': 'Castro'}, 'location': {'street': {'number': 7904, 'name': 'Victoria Street'}, 'city': 'Bradford', 'state': 'Glouc...</msg>
<var>${json_data}</var>
<arg>${response.json()}</arg>
<doc>Returns the given values which can then be assigned to a variables.</doc>
<status status="PASS" start="2024-05-17T05:15:17.376768" elapsed="0.000538"/>
</kw>
<kw name="Log" owner="BuiltIn">
<msg time="2024-05-17T05:15:17.377775" level="INFO">{'results': [{'gender': 'female', 'name': {'title': 'Ms', 'first': 'Rosalyn', 'last': 'Castro'}, 'location': {'street': {'number': 7904, 'name': 'Victoria Street'}, 'city': 'Bradford', 'state': 'Gloucestershire', 'country': 'United Kingdom', 'postcode': 'Y4O 8RD', 'coordinates': {'latitude': '-12.8301', 'longitude': '21.2609'}, 'timezone': {'offset': '+3:30', 'description': 'Tehran'}}, 'email': 'rosalyn.castro@example.com', 'login': {'uuid': 'c2d9cf16-e563-4a11-ad09-229a460f6f08', 'username': 'organiccat215', 'password': '1269', 'salt': 'uxlOhhiZ', 'md5': 'bfad45858dcc5ef575d2aa626829cb6a', 'sha1': '2bc0ed2998ceebb217d34ba68c9fd4f42482b65b', 'sha256': '15d4c3544975a81c9171009f61236bbfe8765d66fe7b969511956d44a63d3117'}, 'dob': {'date': '1978-01-31T14:34:17.338Z', 'age': 46}, 'registered': {'date': '2015-05-17T19:19:03.403Z', 'age': 8}, 'phone': '0114420 902 9576', 'cell': '07021 404511', 'id': {'name': 'NINO', 'value': 'NB 97 45 12 S'}, 'picture': {'large': 'https://randomuser.me/api/portraits/women/26.jpg', 'medium': 'https://randomuser.me/api/portraits/med/women/26.jpg', 'thumbnail': 'https://randomuser.me/api/portraits/thumb/women/26.jpg'}, 'nat': 'GB'}], 'info': {'seed': 'a7d2b6eb93aec02d', 'results': 1, 'page': 1, 'version': '1.4'}}</msg>
<arg>${json_data}</arg>
<doc>Logs the given message with the given level.</doc>
<status status="PASS" start="2024-05-17T05:15:17.377612" elapsed="0.000211"/>
</kw>
<kw name="Dictionary Should Contain Key" owner="Collections">
<msg time="2024-05-17T05:15:17.378325" level="INFO">False</msg>
<arg>${json_data}</arg>
<arg>results</arg>
<doc>Fails if ``key`` is not found from ``dictionary``.</doc>
<status status="PASS" start="2024-05-17T05:15:17.378166" elapsed="0.000197"/>
</kw>
<kw name="Should Not Be Empty" owner="BuiltIn">
<msg time="2024-05-17T05:15:17.378799" level="INFO">Length is 2.</msg>
<arg>${json_data}</arg>
<doc>Verifies that the given item is not empty.</doc>
<status status="PASS" start="2024-05-17T05:15:17.378660" elapsed="0.000177"/>
</kw>
<kw name="Create List" owner="BuiltIn">
<msg time="2024-05-17T05:15:17.379435" level="INFO">${expected_keys} = ['gender', 'name', 'location', 'email', 'login']</msg>
<var>${expected_keys}</var>
<arg>gender</arg>
<arg>name</arg>
<arg>location</arg>
<arg>email</arg>
<arg>login</arg>
<doc>Returns a list containing given items.</doc>
<status status="PASS" start="2024-05-17T05:15:17.379127" elapsed="0.000333"/>
</kw>
<for flavor="IN">
<iter>
<kw name="Dictionary Should Contain Key" owner="Collections">
<msg time="2024-05-17T05:15:17.380461" level="INFO">False</msg>
<arg>${json_data['results'][0]}</arg>
<arg>${key}</arg>
<doc>Fails if ``key`` is not found from ``dictionary``.</doc>
<status status="PASS" start="2024-05-17T05:15:17.380056" elapsed="0.000443"/>
</kw>
<kw name="Log" owner="BuiltIn">
<msg time="2024-05-17T05:15:17.381163" level="INFO">{'gender': 'female', 'name': {'title': 'Ms', 'first': 'Rosalyn', 'last': 'Castro'}, 'location': {'street': {'number': 7904, 'name': 'Victoria Street'}, 'city': 'Bradford', 'state': 'Gloucestershire', 'country': 'United Kingdom', 'postcode': 'Y4O 8RD', 'coordinates': {'latitude': '-12.8301', 'longitude': '21.2609'}, 'timezone': {'offset': '+3:30', 'description': 'Tehran'}}, 'email': 'rosalyn.castro@example.com', 'login': {'uuid': 'c2d9cf16-e563-4a11-ad09-229a460f6f08', 'username': 'organiccat215', 'password': '1269', 'salt': 'uxlOhhiZ', 'md5': 'bfad45858dcc5ef575d2aa626829cb6a', 'sha1': '2bc0ed2998ceebb217d34ba68c9fd4f42482b65b', 'sha256': '15d4c3544975a81c9171009f61236bbfe8765d66fe7b969511956d44a63d3117'}, 'dob': {'date': '1978-01-31T14:34:17.338Z', 'age': 46}, 'registered': {'date': '2015-05-17T19:19:03.403Z', 'age': 8}, 'phone': '0114420 902 9576', 'cell': '07021 404511', 'id': {'name': 'NINO', 'value': 'NB 97 45 12 S'}, 'picture': {'large': 'https://randomuser.me/api/portraits/women/26.jpg', 'medium': 'https://randomuser.me/api/portraits/med/women/26.jpg', 'thumbnail': 'https://randomuser.me/api/portraits/thumb/women/26.jpg'}, 'nat': 'GB'}</msg>
<arg>${json_data['results'][0]}</arg>
<doc>Logs the given message with the given level.</doc>
<status status="PASS" start="2024-05-17T05:15:17.380797" elapsed="0.000423"/>
</kw>
<kw name="Log" owner="BuiltIn">
<msg time="2024-05-17T05:15:17.381658" level="INFO">gender</msg>
<arg>${key}</arg>
<doc>Logs the given message with the given level.</doc>
<status status="PASS" start="2024-05-17T05:15:17.381530" elapsed="0.000165"/>
</kw>
<var name="${key}">gender</var>
<status status="PASS" start="2024-05-17T05:15:17.379927" elapsed="0.001999"/>
</iter>
<iter>
<kw name="Dictionary Should Contain Key" owner="Collections">
<msg time="2024-05-17T05:15:17.382606" level="INFO">False</msg>
<arg>${json_data['results'][0]}</arg>
<arg>${key}</arg>
<doc>Fails if ``key`` is not found from ``dictionary``.</doc>
<status status="PASS" start="2024-05-17T05:15:17.382233" elapsed="0.000410"/>
</kw>
<kw name="Log" owner="BuiltIn">
<msg time="2024-05-17T05:15:17.383332" level="INFO">{'gender': 'female', 'name': {'title': 'Ms', 'first': 'Rosalyn', 'last': 'Castro'}, 'location': {'street': {'number': 7904, 'name': 'Victoria Street'}, 'city': 'Bradford', 'state': 'Gloucestershire', 'country': 'United Kingdom', 'postcode': 'Y4O 8RD', 'coordinates': {'latitude': '-12.8301', 'longitude': '21.2609'}, 'timezone': {'offset': '+3:30', 'description': 'Tehran'}}, 'email': 'rosalyn.castro@example.com', 'login': {'uuid': 'c2d9cf16-e563-4a11-ad09-229a460f6f08', 'username': 'organiccat215', 'password': '1269', 'salt': 'uxlOhhiZ', 'md5': 'bfad45858dcc5ef575d2aa626829cb6a', 'sha1': '2bc0ed2998ceebb217d34ba68c9fd4f42482b65b', 'sha256': '15d4c3544975a81c9171009f61236bbfe8765d66fe7b969511956d44a63d3117'}, 'dob': {'date': '1978-01-31T14:34:17.338Z', 'age': 46}, 'registered': {'date': '2015-05-17T19:19:03.403Z', 'age': 8}, 'phone': '0114420 902 9576', 'cell': '07021 404511', 'id': {'name': 'NINO', 'value': 'NB 97 45 12 S'}, 'picture': {'large': 'https://randomuser.me/api/portraits/women/26.jpg', 'medium': 'https://randomuser.me/api/portraits/med/women/26.jpg', 'thumbnail': 'https://randomuser.me/api/portraits/thumb/women/26.jpg'}, 'nat': 'GB'}</msg>
<arg>${json_data['results'][0]}</arg>
<doc>Logs the given message with the given level.</doc>
<status status="PASS" start="2024-05-17T05:15:17.382975" elapsed="0.000406"/>
</kw>
<kw name="Log" owner="BuiltIn">
<msg time="2024-05-17T05:15:17.383811" level="INFO">name</msg>
<arg>${key}</arg>
<doc>Logs the given message with the given level.</doc>
<status status="PASS" start="2024-05-17T05:15:17.383679" elapsed="0.000169"/>
</kw>
<var name="${key}">name</var>
<status status="PASS" start="2024-05-17T05:15:17.382117" elapsed="0.001946"/>
</iter>
<iter>
<kw name="Dictionary Should Contain Key" owner="Collections">
<msg time="2024-05-17T05:15:17.384729" level="INFO">False</msg>
<arg>${json_data['results'][0]}</arg>
<arg>${key}</arg>
<doc>Fails if ``key`` is not found from ``dictionary``.</doc>
<status status="PASS" start="2024-05-17T05:15:17.384352" elapsed="0.000415"/>
</kw>
<kw name="Log" owner="BuiltIn">
<msg time="2024-05-17T05:15:17.385419" level="INFO">{'gender': 'female', 'name': {'title': 'Ms', 'first': 'Rosalyn', 'last': 'Castro'}, 'location': {'street': {'number': 7904, 'name': 'Victoria Street'}, 'city': 'Bradford', 'state': 'Gloucestershire', 'country': 'United Kingdom', 'postcode': 'Y4O 8RD', 'coordinates': {'latitude': '-12.8301', 'longitude': '21.2609'}, 'timezone': {'offset': '+3:30', 'description': 'Tehran'}}, 'email': 'rosalyn.castro@example.com', 'login': {'uuid': 'c2d9cf16-e563-4a11-ad09-229a460f6f08', 'username': 'organiccat215', 'password': '1269', 'salt': 'uxlOhhiZ', 'md5': 'bfad45858dcc5ef575d2aa626829cb6a', 'sha1': '2bc0ed2998ceebb217d34ba68c9fd4f42482b65b', 'sha256': '15d4c3544975a81c9171009f61236bbfe8765d66fe7b969511956d44a63d3117'}, 'dob': {'date': '1978-01-31T14:34:17.338Z', 'age': 46}, 'registered': {'date': '2015-05-17T19:19:03.403Z', 'age': 8}, 'phone': '0114420 902 9576', 'cell': '07021 404511', 'id': {'name': 'NINO', 'value': 'NB 97 45 12 S'}, 'picture': {'large': 'https://randomuser.me/api/portraits/women/26.jpg', 'medium': 'https://randomuser.me/api/portraits/med/women/26.jpg', 'thumbnail': 'https://randomuser.me/api/portraits/thumb/women/26.jpg'}, 'nat': 'GB'}</msg>
<arg>${json_data['results'][0]}</arg>
<doc>Logs the given message with the given level.</doc>
<status status="PASS" start="2024-05-17T05:15:17.385062" elapsed="0.000414"/>
</kw>
<kw name="Log" owner="BuiltIn">
<msg time="2024-05-17T05:15:17.385894" level="INFO">location</msg>
<arg>${key}</arg>
<doc>Logs the given message with the given level.</doc>
<status status="PASS" start="2024-05-17T05:15:17.385769" elapsed="0.000189"/>
</kw>
<var name="${key}">location</var>
<status status="PASS" start="2024-05-17T05:15:17.384239" elapsed="0.001944"/>
</iter>
<iter>
<kw name="Dictionary Should Contain Key" owner="Collections">
<msg time="2024-05-17T05:15:17.386844" level="INFO">False</msg>
<arg>${json_data['results'][0]}</arg>
<arg>${key}</arg>
<doc>Fails if ``key`` is not found from ``dictionary``.</doc>
<status status="PASS" start="2024-05-17T05:15:17.386467" elapsed="0.000413"/>
</kw>
<kw name="Log" owner="BuiltIn">
<msg time="2024-05-17T05:15:17.387522" level="INFO">{'gender': 'female', 'name': {'title': 'Ms', 'first': 'Rosalyn', 'last': 'Castro'}, 'location': {'street': {'number': 7904, 'name': 'Victoria Street'}, 'city': 'Bradford', 'state': 'Gloucestershire', 'country': 'United Kingdom', 'postcode': 'Y4O 8RD', 'coordinates': {'latitude': '-12.8301', 'longitude': '21.2609'}, 'timezone': {'offset': '+3:30', 'description': 'Tehran'}}, 'email': 'rosalyn.castro@example.com', 'login': {'uuid': 'c2d9cf16-e563-4a11-ad09-229a460f6f08', 'username': 'organiccat215', 'password': '1269', 'salt': 'uxlOhhiZ', 'md5': 'bfad45858dcc5ef575d2aa626829cb6a', 'sha1': '2bc0ed2998ceebb217d34ba68c9fd4f42482b65b', 'sha256': '15d4c3544975a81c9171009f61236bbfe8765d66fe7b969511956d44a63d3117'}, 'dob': {'date': '1978-01-31T14:34:17.338Z', 'age': 46}, 'registered': {'date': '2015-05-17T19:19:03.403Z', 'age': 8}, 'phone': '0114420 902 9576', 'cell': '07021 404511', 'id': {'name': 'NINO', 'value': 'NB 97 45 12 S'}, 'picture': {'large': 'https://randomuser.me/api/portraits/women/26.jpg', 'medium': 'https://randomuser.me/api/portraits/med/women/26.jpg', 'thumbnail': 'https://randomuser.me/api/portraits/thumb/women/26.jpg'}, 'nat': 'GB'}</msg>
<arg>${json_data['results'][0]}</arg>
<doc>Logs the given message with the given level.</doc>
<status status="PASS" start="2024-05-17T05:15:17.387173" elapsed="0.000397"/>
</kw>
<kw name="Log" owner="BuiltIn">
<msg time="2024-05-17T05:15:17.387986" level="INFO">email</msg>
<arg>${key}</arg>
<doc>Logs the given message with the given level.</doc>
<status status="PASS" start="2024-05-17T05:15:17.387860" elapsed="0.000162"/>
</kw>
<var name="${key}">email</var>
<status status="PASS" start="2024-05-17T05:15:17.386355" elapsed="0.001886"/>
</iter>
<iter>
<kw name="Dictionary Should Contain Key" owner="Collections">
<msg time="2024-05-17T05:15:17.388917" level="INFO">False</msg>
<arg>${json_data['results'][0]}</arg>
<arg>${key}</arg>
<doc>Fails if ``key`` is not found from ``dictionary``.</doc>
<status status="PASS" start="2024-05-17T05:15:17.388524" elapsed="0.000430"/>
</kw>
<kw name="Log" owner="BuiltIn">
<msg time="2024-05-17T05:15:17.389603" level="INFO">{'gender': 'female', 'name': {'title': 'Ms', 'first': 'Rosalyn', 'last': 'Castro'}, 'location': {'street': {'number': 7904, 'name': 'Victoria Street'}, 'city': 'Bradford', 'state': 'Gloucestershire', 'country': 'United Kingdom', 'postcode': 'Y4O 8RD', 'coordinates': {'latitude': '-12.8301', 'longitude': '21.2609'}, 'timezone': {'offset': '+3:30', 'description': 'Tehran'}}, 'email': 'rosalyn.castro@example.com', 'login': {'uuid': 'c2d9cf16-e563-4a11-ad09-229a460f6f08', 'username': 'organiccat215', 'password': '1269', 'salt': 'uxlOhhiZ', 'md5': 'bfad45858dcc5ef575d2aa626829cb6a', 'sha1': '2bc0ed2998ceebb217d34ba68c9fd4f42482b65b', 'sha256': '15d4c3544975a81c9171009f61236bbfe8765d66fe7b969511956d44a63d3117'}, 'dob': {'date': '1978-01-31T14:34:17.338Z', 'age': 46}, 'registered': {'date': '2015-05-17T19:19:03.403Z', 'age': 8}, 'phone': '0114420 902 9576', 'cell': '07021 404511', 'id': {'name': 'NINO', 'value': 'NB 97 45 12 S'}, 'picture': {'large': 'https://randomuser.me/api/portraits/women/26.jpg', 'medium': 'https://randomuser.me/api/portraits/med/women/26.jpg', 'thumbnail': 'https://randomuser.me/api/portraits/thumb/women/26.jpg'}, 'nat': 'GB'}</msg>
<arg>${json_data['results'][0]}</arg>
<doc>Logs the given message with the given level.</doc>
<status status="PASS" start="2024-05-17T05:15:17.389247" elapsed="0.000403"/>
</kw>
<kw name="Log" owner="BuiltIn">
<msg time="2024-05-17T05:15:17.390097" level="INFO">login</msg>
<arg>${key}</arg>
<doc>Logs the given message with the given level.</doc>
<status status="PASS" start="2024-05-17T05:15:17.389968" elapsed="0.000167"/>
</kw>
<var name="${key}">login</var>
<status status="PASS" start="2024-05-17T05:15:17.388411" elapsed="0.001965"/>
</iter>
<var>${key}</var>
<value>@{expected_keys}</value>
<status status="PASS" start="2024-05-17T05:15:17.379729" elapsed="0.010772"/>
</for>
<kw name="Create List" owner="BuiltIn">
<msg time="2024-05-17T05:15:17.390835" level="INFO">${expected_keysTwo} = ['username', 'password']</msg>
<var>${expected_keysTwo}</var>
<arg>username</arg>
<arg>password</arg>
<doc>Returns a list containing given items.</doc>
<status status="PASS" start="2024-05-17T05:15:17.390698" elapsed="0.000160"/>
</kw>
<for flavor="IN">
<iter>
<kw name="Dictionary Should Contain Key" owner="Collections">
<msg time="2024-05-17T05:15:17.391756" level="INFO">False</msg>
<arg>${json_data['results'][0]['login']}</arg>
<arg>${keyTwo}</arg>
<doc>Fails if ``key`` is not found from ``dictionary``.</doc>
<status status="PASS" start="2024-05-17T05:15:17.391370" elapsed="0.000422"/>
</kw>
<kw name="Dictionary Should Contain Key" owner="Collections">
<msg time="2024-05-17T05:15:17.392464" level="INFO">False</msg>
<arg>${json_data['results'][0]['login']}</arg>
<arg>${keyTwo}</arg>
<doc>Fails if ``key`` is not found from ``dictionary``.</doc>
<status status="PASS" start="2024-05-17T05:15:17.392087" elapsed="0.000414"/>
</kw>
<kw name="Log" owner="BuiltIn">
<msg time="2024-05-17T05:15:17.392930" level="INFO">username</msg>
<arg>${keyTwo}</arg>
<doc>Logs the given message with the given level.</doc>
<status status="PASS" start="2024-05-17T05:15:17.392798" elapsed="0.000179"/>
</kw>
<var name="${keyTwo}">username</var>
<status status="PASS" start="2024-05-17T05:15:17.391260" elapsed="0.001930"/>
</iter>
<iter>
<kw name="Dictionary Should Contain Key" owner="Collections">
<msg time="2024-05-17T05:15:17.393857" level="INFO">False</msg>
<arg>${json_data['results'][0]['login']}</arg>
<arg>${keyTwo}</arg>
<doc>Fails if ``key`` is not found from ``dictionary``.</doc>
<status status="PASS" start="2024-05-17T05:15:17.393478" elapsed="0.000416"/>
</kw>
<kw name="Dictionary Should Contain Key" owner="Collections">
<msg time="2024-05-17T05:15:17.394672" level="INFO">False</msg>
<arg>${json_data['results'][0]['login']}</arg>
<arg>${keyTwo}</arg>
<doc>Fails if ``key`` is not found from ``dictionary``.</doc>
<status status="PASS" start="2024-05-17T05:15:17.394212" elapsed="0.000503"/>
</kw>
<kw name="Log" owner="BuiltIn">
<msg time="2024-05-17T05:15:17.395141" level="INFO">password</msg>
<arg>${keyTwo}</arg>
<doc>Logs the given message with the given level.</doc>
<status status="PASS" start="2024-05-17T05:15:17.395013" elapsed="0.000166"/>
</kw>
<var name="${keyTwo}">password</var>
<status status="PASS" start="2024-05-17T05:15:17.393359" elapsed="0.002036"/>
</iter>
<var>${keyTwo}</var>
<value>@{expected_keysTwo}</value>
<status status="PASS" start="2024-05-17T05:15:17.391095" elapsed="0.004421"/>
</for>
<status status="PASS" start="2024-05-17T05:15:17.281167" elapsed="0.114492"/>
</kw>
<doc>Testa a estrutura da resposta da API.</doc>
<tag>testeEstruturaResposta</tag>
<status status="PASS" start="2024-05-17T05:15:17.280645" elapsed="0.115173"/>
</test>
<test id="s1-s1-t4" name="Validar tipos de dados" line="28">
<kw name="Teste de Tipos de Dados" owner="random-user-service">
<kw name="GET On Session" owner="RequestsLibrary">
<msg time="2024-05-17T05:15:17.487792" level="INFO">GET Request : url=https://randomuser.me/api 
 path_url=/api 
 headers={'User-Agent': 'python-requests/2.31.0', 'Accept-Encoding': 'gzip, deflate', 'Accept': '*/*', 'Connection': 'keep-alive'} 
 body=None 
 </msg>
<msg time="2024-05-17T05:15:17.487909" level="INFO">GET Response : url=https://randomuser.me/api 
 status=200, reason=OK 
 headers={'Date': 'Fri, 17 May 2024 05:15:17 GMT', 'Content-Type': 'application/json; charset=utf-8', 'Transfer-Encoding': 'chunked', 'Connection': 'keep-alive', 'X-Powered-By': 'Express', 'Access-Control-Allow-Origin': '*', 'Cache-Control': 'no-cache', 'ETag': 'W/"495-IWDPfYdIr2p4eBH6H50d+4UaL+k"', 'Vary': 'Accept-Encoding', 'Content-Encoding': 'gzip', 'CF-Cache-Status': 'DYNAMIC', 'Report-To': '{"endpoints":[{"url":"https:\\/\\/a.nel.cloudflare.com\\/report\\/v4?s=iQ1AmKieUMNlTjXgJnqBoDBIDlQKy%2F5E7IoINxZy%2Fba5sG19iCme6akH3NcIoyzdpMIBBY3m1wO35SLqGcbdcMv48GHqVUaBvU1oEbJaJU3eEfE6igK0Mw3QQcfXtByl"}],"group":"cf-nel","max_age":604800}', 'NEL': '{"success_fraction":0,"report_to":"cf-nel","max_age":604800}', 'Server': 'cloudflare', 'CF-RAY': '885120f9ca91cf35-SJC', 'alt-svc': 'h3=":443"; ma=86400'} 
 body={"results":[{"gender":"female","name":{"title":"Ms","first":"Vladana","last":"Lončarević"},"location":{"street":{"number":4391,"name":"Grnčarska"},"city":"Srbobran","state":"Pomoravlje","country":"Serbia","postcode":12774,"coordinates":{"latitude":"60.5362","longitude":"146.5863"},"timezone":{"offset":"-8:00","description":"Pacific Time (US &amp; Canada)"}},"email":"vladana.loncarevic@example.com","login":{"uuid":"f5d274c9-0d4d-41db-ac8d-d73e20b92820","username":"ticklishswan542","password":"loretta","salt":"2s2h1SkX","md5":"dd829ded6afa3ac12078ff6019990f34","sha1":"52fd2d226e53638d95ece49835b8d104b7d715c8","sha256":"4f96d5dbdd0721d7e6e9fecdc9a2369f943c6ca33e022338881d31f11520ed83"},"dob":{"date":"1956-06-22T11:55:40.168Z","age":67},"registered":{"date":"2020-04-24T11:27:14.807Z","age":4},"phone":"016-6151-079","cell":"062-6178-113","id":{"name":"SID","value":"530951043"},"picture":{"large":"https://randomuser.me/api/portraits/women/13.jpg","medium":"https://randomuser.me/api/portraits/med/women/13.jpg","thumbnail":"https://randomuser.me/api/portraits/thumb/women/13.jpg"},"nat":"RS"}],"info":{"seed":"1e10c1d0073e8e55","results":1,"page":1,"version":"1.4"}} 
 </msg>
<msg time="2024-05-17T05:15:17.488000" level="INFO">/opt/hostedtoolcache/Python/3.12.3/x64/lib/python3.12/site-packages/urllib3/connectionpool.py:1103: InsecureRequestWarning: Unverified HTTPS request is being made to host 'randomuser.me'. Adding certificate verification is strongly advised. See: https://urllib3.readthedocs.io/en/latest/advanced-usage.html#tls-warnings
  warnings.warn(</msg>
<msg time="2024-05-17T05:15:17.488147" level="INFO">${response} = &lt;Response [200]&gt;</msg>
<var>${response}</var>
<arg>consultarAPI</arg>
<arg>/api</arg>
<doc>Sends a GET request on a previously created HTTP Session.</doc>
<status status="PASS" start="2024-05-17T05:15:17.398284" elapsed="0.089905"/>
</kw>
<kw name="Set Variable" owner="BuiltIn">
<msg time="2024-05-17T05:15:17.489355" level="INFO">${json_data} = {'results': [{'gender': 'female', 'name': {'title': 'Ms', 'first': 'Vladana', 'last': 'Lončarević'}, 'location': {'street': {'number': 4391, 'name': 'Grnčarska'}, 'city': 'Srbobran', 'state': 'Pomorav...</msg>
<var>${json_data}</var>
<arg>${response.json()}</arg>
<doc>Returns the given values which can then be assigned to a variables.</doc>
<status status="PASS" start="2024-05-17T05:15:17.488789" elapsed="0.000596"/>
</kw>
<kw name="Log" owner="BuiltIn">
<msg time="2024-05-17T05:15:17.489965" level="INFO">{'results': [{'gender': 'female', 'name': {'title': 'Ms', 'first': 'Vladana', 'last': 'Lončarević'}, 'location': {'street': {'number': 4391, 'name': 'Grnčarska'}, 'city': 'Srbobran', 'state': 'Pomoravlje', 'country': 'Serbia', 'postcode': 12774, 'coordinates': {'latitude': '60.5362', 'longitude': '146.5863'}, 'timezone': {'offset': '-8:00', 'description': 'Pacific Time (US &amp; Canada)'}}, 'email': 'vladana.loncarevic@example.com', 'login': {'uuid': 'f5d274c9-0d4d-41db-ac8d-d73e20b92820', 'username': 'ticklishswan542', 'password': 'loretta', 'salt': '2s2h1SkX', 'md5': 'dd829ded6afa3ac12078ff6019990f34', 'sha1': '52fd2d226e53638d95ece49835b8d104b7d715c8', 'sha256': '4f96d5dbdd0721d7e6e9fecdc9a2369f943c6ca33e022338881d31f11520ed83'}, 'dob': {'date': '1956-06-22T11:55:40.168Z', 'age': 67}, 'registered': {'date': '2020-04-24T11:27:14.807Z', 'age': 4}, 'phone': '016-6151-079', 'cell': '062-6178-113', 'id': {'name': 'SID', 'value': '530951043'}, 'picture': {'large': 'https://randomuser.me/api/portraits/women/13.jpg', 'medium': 'https://randomuser.me/api/portraits/med/women/13.jpg', 'thumbnail': 'https://randomuser.me/api/portraits/thumb/women/13.jpg'}, 'nat': 'RS'}], 'info': {'seed': '1e10c1d0073e8e55', 'results': 1, 'page': 1, 'version': '1.4'}}</msg>
<arg>${json_data}</arg>
<doc>Logs the given message with the given level.</doc>
<status status="PASS" start="2024-05-17T05:15:17.489751" elapsed="0.000320"/>
</kw>
<kw name="Should Be String" owner="String">
<arg>${json_data['results'][0]['gender']}</arg>
<doc>Fails if the given ``item`` is not a string.</doc>
<status status="PASS" start="2024-05-17T05:15:17.490410" elapsed="0.000403"/>
</kw>
<kw name="Should Match Regexp" owner="BuiltIn">
<arg>${json_data['results'][0]['email']}</arg>
<arg>^[a-zA-Z0-9._%+-]+@[a-zA-Z0-9.-]+\.[a-zA-Z]{2,}$</arg>
<doc>Fails if ``string`` does not match ``pattern`` as a regular expression.</doc>
<status status="PASS" start="2024-05-17T05:15:17.491017" elapsed="0.000532"/>
</kw>
<kw name="Should Match Regexp" owner="BuiltIn">
<arg>${json_data['results'][0]['dob']['date']}</arg>
<arg>\\d{4}-\\d{2}-\\d{2}T\\d{2}:\\d{2}:\\d{2}\\.\\d{3}Z</arg>
<doc>Fails if ``string`` does not match ``pattern`` as a regular expression.</doc>
<status status="PASS" start="2024-05-17T05:15:17.491748" elapsed="0.000502"/>
</kw>
<kw name="Should Match Regexp" owner="BuiltIn">
<arg>${json_data['results'][0]['registered']['date']}</arg>
<arg>\\d{4}-\\d{2}-\\d{2}T\\d{2}:\\d{2}:\\d{2}\\.\\d{3}Z</arg>
<doc>Fails if ``string`` does not match ``pattern`` as a regular expression.</doc>
<status status="PASS" start="2024-05-17T05:15:17.492445" elapsed="0.000368"/>
</kw>
<kw name="Should Match Regexp" owner="BuiltIn">
<arg>${json_data['results'][0]['picture']['large']}</arg>
<arg>^https?://.*\.(?:png|jpe?g|gif|bmp)$</arg>
<doc>Fails if ``string`` does not match ``pattern`` as a regular expression.</doc>
<status status="PASS" start="2024-05-17T05:15:17.493002" elapsed="0.000458"/>
</kw>
<kw name="Should Match Regexp" owner="BuiltIn">
<arg>${json_data['results'][0]['picture']['medium']}</arg>
<arg>^https?://.*\.(?:png|jpe?g|gif|bmp)$</arg>
<doc>Fails if ``string`` does not match ``pattern`` as a regular expression.</doc>
<status status="PASS" start="2024-05-17T05:15:17.493647" elapsed="0.000429"/>
</kw>
<kw name="Should Match Regexp" owner="BuiltIn">
<arg>${json_data['results'][0]['picture']['thumbnail']}</arg>
<arg>^https?://.*\.(?:png|jpe?g|gif|bmp)$</arg>
<doc>Fails if ``string`` does not match ``pattern`` as a regular expression.</doc>
<status status="PASS" start="2024-05-17T05:15:17.494284" elapsed="0.000370"/>
</kw>
<kw name="Log" owner="BuiltIn">
<msg time="2024-05-17T05:15:17.495185" level="INFO">{'large': 'https://randomuser.me/api/portraits/women/13.jpg', 'medium': 'https://randomuser.me/api/portraits/med/women/13.jpg', 'thumbnail': 'https://randomuser.me/api/portraits/thumb/women/13.jpg'}</msg>
<arg>${json_data['results'][0]['picture']}</arg>
<doc>Logs the given message with the given level.</doc>
<status status="PASS" start="2024-05-17T05:15:17.494850" elapsed="0.000377"/>
</kw>
<status status="PASS" start="2024-05-17T05:15:17.398053" elapsed="0.097447"/>
</kw>
<kw name="Teste de Tipos de Dados - Postcode" owner="random-user-service">
<kw name="GET On Session" owner="RequestsLibrary">
<msg time="2024-05-17T05:15:17.587748" level="INFO">GET Request : url=https://randomuser.me/api 
 path_url=/api 
 headers={'User-Agent': 'python-requests/2.31.0', 'Accept-Encoding': 'gzip, deflate', 'Accept': '*/*', 'Connection': 'keep-alive'} 
 body=None 
 </msg>
<msg time="2024-05-17T05:15:17.587849" level="INFO">GET Response : url=https://randomuser.me/api 
 status=200, reason=OK 
 headers={'Date': 'Fri, 17 May 2024 05:15:17 GMT', 'Content-Type': 'application/json; charset=utf-8', 'Transfer-Encoding': 'chunked', 'Connection': 'keep-alive', 'X-Powered-By': 'Express', 'Access-Control-Allow-Origin': '*', 'Cache-Control': 'no-cache', 'ETag': 'W/"494-2zmjtx1ptNc+P7M2JRwM66BUY1s"', 'Vary': 'Accept-Encoding', 'Content-Encoding': 'gzip', 'CF-Cache-Status': 'DYNAMIC', 'Report-To': '{"endpoints":[{"url":"https:\\/\\/a.nel.cloudflare.com\\/report\\/v4?s=H9i8ZOiwCPTiAENJa2FRc7G5Lj%2BMh%2Fgxnwm8ml4y3VFX0LO9JDSbThmQZMkNByM2j36seoLZf2Pywdm%2Bs02X%2FdPPTWFrMiF4ZSHTGyKz6MBw2lbmDhqcP9CWAdE9r8ih"}],"group":"cf-nel","max_age":604800}', 'NEL': '{"success_fraction":0,"report_to":"cf-nel","max_age":604800}', 'Server': 'cloudflare', 'CF-RAY': '885120fa6adecf35-SJC', 'alt-svc': 'h3=":443"; ma=86400'} 
 body={"results":[{"gender":"male","name":{"title":"Mr","first":"Gleb","last":"Chernihivskiy"},"location":{"street":{"number":7405,"name":"Provulok Racionalizatoriv"},"city":"Zhmerinka","state":"Zaporizka","country":"Ukraine","postcode":81897,"coordinates":{"latitude":"75.6718","longitude":"-39.2335"},"timezone":{"offset":"-8:00","description":"Pacific Time (US &amp; Canada)"}},"email":"gleb.chernihivskiy@example.com","login":{"uuid":"3e2bc44c-474a-4535-bc9f-c59f1bc88ef0","username":"organiczebra807","password":"scuba","salt":"sEtNuovB","md5":"5742c0b004a54682855379360630d089","sha1":"8fa6e20d9a0cc3e8c667f6a71e673a8c8219670f","sha256":"237f503f0dbf75e027038607bc3a803f70107fd74991c75aa27db126369c27d9"},"dob":{"date":"1963-09-28T07:03:52.410Z","age":60},"registered":{"date":"2014-04-20T15:19:34.320Z","age":10},"phone":"(066) T75-5890","cell":"(096) A77-8773","id":{"name":"","value":null},"picture":{"large":"https://randomuser.me/api/portraits/men/94.jpg","medium":"https://randomuser.me/api/portraits/med/men/94.jpg","thumbnail":"https://randomuser.me/api/portraits/thumb/men/94.jpg"},"nat":"UA"}],"info":{"seed":"047b1d8a3cfcfff0","results":1,"page":1,"version":"1.4"}} 
 </msg>
<msg time="2024-05-17T05:15:17.587920" level="INFO">/opt/hostedtoolcache/Python/3.12.3/x64/lib/python3.12/site-packages/urllib3/connectionpool.py:1103: InsecureRequestWarning: Unverified HTTPS request is being made to host 'randomuser.me'. Adding certificate verification is strongly advised. See: https://urllib3.readthedocs.io/en/latest/advanced-usage.html#tls-warnings
  warnings.warn(</msg>
<msg time="2024-05-17T05:15:17.588040" level="INFO">${response} = &lt;Response [200]&gt;</msg>
<var>${response}</var>
<arg>consultarAPI</arg>
<arg>/api</arg>
<doc>Sends a GET request on a previously created HTTP Session.</doc>
<status status="PASS" start="2024-05-17T05:15:17.495972" elapsed="0.092103"/>
</kw>
<kw name="Set Variable" owner="BuiltIn">
<msg time="2024-05-17T05:15:17.589208" level="INFO">${json_data} = {'results': [{'gender': 'male', 'name': {'title': 'Mr', 'first': 'Gleb', 'last': 'Chernihivskiy'}, 'location': {'street': {'number': 7405, 'name': 'Provulok Racionalizatoriv'}, 'city': 'Zhmerinka', 's...</msg>
<var>${json_data}</var>
<arg>${response.json()}</arg>
<doc>Returns the given values which can then be assigned to a variables.</doc>
<status status="PASS" start="2024-05-17T05:15:17.588694" elapsed="0.000544"/>
</kw>
<kw name="Log" owner="BuiltIn">
<msg time="2024-05-17T05:15:17.589699" level="INFO">{'results': [{'gender': 'male', 'name': {'title': 'Mr', 'first': 'Gleb', 'last': 'Chernihivskiy'}, 'location': {'street': {'number': 7405, 'name': 'Provulok Racionalizatoriv'}, 'city': 'Zhmerinka', 'state': 'Zaporizka', 'country': 'Ukraine', 'postcode': 81897, 'coordinates': {'latitude': '75.6718', 'longitude': '-39.2335'}, 'timezone': {'offset': '-8:00', 'description': 'Pacific Time (US &amp; Canada)'}}, 'email': 'gleb.chernihivskiy@example.com', 'login': {'uuid': '3e2bc44c-474a-4535-bc9f-c59f1bc88ef0', 'username': 'organiczebra807', 'password': 'scuba', 'salt': 'sEtNuovB', 'md5': '5742c0b004a54682855379360630d089', 'sha1': '8fa6e20d9a0cc3e8c667f6a71e673a8c8219670f', 'sha256': '237f503f0dbf75e027038607bc3a803f70107fd74991c75aa27db126369c27d9'}, 'dob': {'date': '1963-09-28T07:03:52.410Z', 'age': 60}, 'registered': {'date': '2014-04-20T15:19:34.320Z', 'age': 10}, 'phone': '(066) T75-5890', 'cell': '(096) A77-8773', 'id': {'name': '', 'value': None}, 'picture': {'large': 'https://randomuser.me/api/portraits/men/94.jpg', 'medium': 'https://randomuser.me/api/portraits/med/men/94.jpg', 'thumbnail': 'https://randomuser.me/api/portraits/thumb/men/94.jpg'}, 'nat': 'UA'}], 'info': {'seed': '047b1d8a3cfcfff0', 'results': 1, 'page': 1, 'version': '1.4'}}</msg>
<arg>${json_data}</arg>
<doc>Logs the given message with the given level.</doc>
<status status="PASS" start="2024-05-17T05:15:17.589543" elapsed="0.000244"/>
</kw>
<kw name="Should Be Equal As Numbers" owner="BuiltIn">
<arg>${json_data['results'][0]['location']['postcode']}</arg>
<arg>${json_data['results'][0]['location']['postcode']}</arg>
<doc>Fails if objects are unequal after converting them to real numbers.</doc>
<status status="PASS" start="2024-05-17T05:15:17.590131" elapsed="0.000809"/>
</kw>
<kw name="Log" owner="BuiltIn">
<msg time="2024-05-17T05:15:17.591472" level="INFO">81897</msg>
<arg>${json_data['results'][0]['location']['postcode']}</arg>
<doc>Logs the given message with the given level.</doc>
<status status="PASS" start="2024-05-17T05:15:17.591136" elapsed="0.000378"/>
</kw>
<status status="PASS" start="2024-05-17T05:15:17.495730" elapsed="0.096041"/>
</kw>
<doc>Testa se os tipos de dados na resposta da API estão corretos.</doc>
<tag>testeTiposDados</tag>
<status status="PASS" start="2024-05-17T05:15:17.397558" elapsed="0.194384"/>
</test>
<test id="s1-s1-t5" name="Validar conteudo" line="35">
<kw name="Teste de Tipos de Conteudo" owner="random-user-service">
<kw name="GET On Session" owner="RequestsLibrary">
<msg time="2024-05-17T05:15:17.690319" level="INFO">GET Request : url=https://randomuser.me/api 
 path_url=/api 
 headers={'User-Agent': 'python-requests/2.31.0', 'Accept-Encoding': 'gzip, deflate', 'Accept': '*/*', 'Connection': 'keep-alive'} 
 body=None 
 </msg>
<msg time="2024-05-17T05:15:17.690411" level="INFO">GET Response : url=https://randomuser.me/api 
 status=200, reason=OK 
 headers={'Date': 'Fri, 17 May 2024 05:15:17 GMT', 'Content-Type': 'application/json; charset=utf-8', 'Transfer-Encoding': 'chunked', 'Connection': 'keep-alive', 'X-Powered-By': 'Express', 'Access-Control-Allow-Origin': '*', 'Cache-Control': 'no-cache', 'ETag': 'W/"493-Q8VCkmwGCdekfQz9mCcZb4oZRY8"', 'Vary': 'Accept-Encoding', 'Content-Encoding': 'gzip', 'CF-Cache-Status': 'DYNAMIC', 'Report-To': '{"endpoints":[{"url":"https:\\/\\/a.nel.cloudflare.com\\/report\\/v4?s=2RO9dpRCVITqQmV6zOkz3nX8FzdHAYTzcnxwaL9lJMedtIGJHVltaDUFmI0xEBwmH7mOolZkKeUaQcOtIzbmZ3EwEADc1ncS%2BOWAxCdro7V%2FkZ4DugcNpOARlFSsulGl"}],"group":"cf-nel","max_age":604800}', 'NEL': '{"success_fraction":0,"report_to":"cf-nel","max_age":604800}', 'Server': 'cloudflare', 'CF-RAY': '885120fafb2ecf35-SJC', 'alt-svc': 'h3=":443"; ma=86400'} 
 body={"results":[{"gender":"female","name":{"title":"Miss","first":"Isabella","last":"Mcdonalid"},"location":{"street":{"number":3705,"name":"Fairview St"},"city":"Tweed","state":"Queensland","country":"Australia","postcode":4796,"coordinates":{"latitude":"-83.5828","longitude":"120.5214"},"timezone":{"offset":"-1:00","description":"Azores, Cape Verde Islands"}},"email":"isabella.mcdonalid@example.com","login":{"uuid":"690654e7-a889-455f-ba1a-6b28b699fd83","username":"purplegoose734","password":"bass","salt":"HILww0BO","md5":"f8b0b442de48bff1ebc2a6a442ae6aba","sha1":"624c88a9256610da6ee42e3a504b981a0dec32a8","sha256":"bac63b8af7c2e94a42749a48c07379290d77b31199395581a289d0a4f0b4027e"},"dob":{"date":"1953-03-12T08:09:33.724Z","age":71},"registered":{"date":"2012-07-04T13:41:48.814Z","age":11},"phone":"03-5698-5206","cell":"0407-448-460","id":{"name":"TFN","value":"205241186"},"picture":{"large":"https://randomuser.me/api/portraits/women/66.jpg","medium":"https://randomuser.me/api/portraits/med/women/66.jpg","thumbnail":"https://randomuser.me/api/portraits/thumb/women/66.jpg"},"nat":"AU"}],"info":{"seed":"cb93e48e013a328c","results":1,"page":1,"version":"1.4"}} 
 </msg>
<msg time="2024-05-17T05:15:17.690486" level="INFO">/opt/hostedtoolcache/Python/3.12.3/x64/lib/python3.12/site-packages/urllib3/connectionpool.py:1103: InsecureRequestWarning: Unverified HTTPS request is being made to host 'randomuser.me'. Adding certificate verification is strongly advised. See: https://urllib3.readthedocs.io/en/latest/advanced-usage.html#tls-warnings
  warnings.warn(</msg>
<msg time="2024-05-17T05:15:17.690601" level="INFO">${response} = &lt;Response [200]&gt;</msg>
<var>${response}</var>
<arg>consultarAPI</arg>
<arg>/api</arg>
<doc>Sends a GET request on a previously created HTTP Session.</doc>
<status status="PASS" start="2024-05-17T05:15:17.594460" elapsed="0.096183"/>
</kw>
<kw name="Set Variable" owner="BuiltIn">
<msg time="2024-05-17T05:15:17.691606" level="INFO">${json_data} = {'results': [{'gender': 'female', 'name': {'title': 'Miss', 'first': 'Isabella', 'last': 'Mcdonalid'}, 'location': {'street': {'number': 3705, 'name': 'Fairview St'}, 'city': 'Tweed', 'state': 'Queens...</msg>
<var>${json_data}</var>
<arg>${response.json()}</arg>
<doc>Returns the given values which can then be assigned to a variables.</doc>
<status status="PASS" start="2024-05-17T05:15:17.691139" elapsed="0.000496"/>
</kw>
<kw name="Set Variable" owner="BuiltIn">
<msg time="2024-05-17T05:15:17.692321" level="INFO">${name_title} = Miss</msg>
<var>${name_title}</var>
<arg>${json_data["results"][0]["name"]["title"]}</arg>
<doc>Returns the given values which can then be assigned to a variables.</doc>
<status status="PASS" start="2024-05-17T05:15:17.691938" elapsed="0.000408"/>
</kw>
<kw name="Create List" owner="BuiltIn">
<msg time="2024-05-17T05:15:17.692801" level="INFO">${allowed_titles} = ['Mr', 'Ms', 'Miss', 'Mrs', 'Madame', 'Monsieur']</msg>
<var>${allowed_titles}</var>
<arg>Mr</arg>
<arg>Ms</arg>
<arg>Miss</arg>
<arg>Mrs</arg>
<arg>Madame</arg>
<arg>Monsieur</arg>
<doc>Returns a list containing given items.</doc>
<status status="PASS" start="2024-05-17T05:15:17.692648" elapsed="0.000178"/>
</kw>
<kw name="List Should Contain Value" owner="Collections">
<msg time="2024-05-17T05:15:17.693303" level="INFO">False</msg>
<arg>${allowed_titles}</arg>
<arg>${name_title}</arg>
<doc>Fails if the ``value`` is not found from ``list``.</doc>
<status status="PASS" start="2024-05-17T05:15:17.693129" elapsed="0.000211"/>
</kw>
<kw name="Set Variable" owner="BuiltIn">
<msg time="2024-05-17T05:15:17.694055" level="INFO">${name_country} = AU</msg>
<var>${name_country}</var>
<arg>${json_data["results"][0]["nat"]}</arg>
<doc>Returns the given values which can then be assigned to a variables.</doc>
<status status="PASS" start="2024-05-17T05:15:17.693634" elapsed="0.000446"/>
</kw>
<kw name="Create List" owner="BuiltIn">
<msg time="2024-05-17T05:15:17.694987" level="INFO">${list_country} = ['AD', 'AE', 'AF', 'AG', 'AI', 'AL', 'AM', 'AO', 'AQ', 'AR', 'AS', 'AT', 'AU', 'AW', 'AX', 'AZ', 'BA', 'BB', 'BD', 'BE', 'BF', 'BG', 'BH', 'BI', 'BJ', 'BL', 'BM', 'BN', 'BO', 'BQ', 'BR', 'BS', 'BT', '...</msg>
<var>${list_country}</var>
<arg>AD</arg>
<arg>AE</arg>
<arg>AF</arg>
<arg>AG</arg>
<arg>AI</arg>
<arg>AL</arg>
<arg>AM</arg>
<arg>AO</arg>
<arg>AQ</arg>
<arg>AR</arg>
<arg>AS</arg>
<arg>AT</arg>
<arg>AU</arg>
<arg>AW</arg>
<arg>AX</arg>
<arg>AZ</arg>
<arg>BA</arg>
<arg>BB</arg>
<arg>BD</arg>
<arg>BE</arg>
<arg>BF</arg>
<arg>BG</arg>
<arg>BH</arg>
<arg>BI</arg>
<arg>BJ</arg>
<arg>BL</arg>
<arg>BM</arg>
<arg>BN</arg>
<arg>BO</arg>
<arg>BQ</arg>
<arg>BR</arg>
<arg>BS</arg>
<arg>BT</arg>
<arg>BV</arg>
<arg>BW</arg>
<arg>BY</arg>
<arg>BZ</arg>
<arg>CA</arg>
<arg>CC</arg>
<arg>CD</arg>
<arg>CF</arg>
<arg>CG</arg>
<arg>CH</arg>
<arg>CI</arg>
<arg>CK</arg>
<arg>CL</arg>
<arg>CM</arg>
<arg>CN</arg>
<arg>CO</arg>
<arg>CR</arg>
<arg>CU</arg>
<arg>CV</arg>
<arg>CW</arg>
<arg>CX</arg>
<arg>CY</arg>
<arg>CZ</arg>
<arg>DE</arg>
<arg>DJ</arg>
<arg>DK</arg>
<arg>DM</arg>
<arg>DO</arg>
<arg>DZ</arg>
<arg>EC</arg>
<arg>EE</arg>
<arg>EG</arg>
<arg>EH</arg>
<arg>ER</arg>
<arg>ES</arg>
<arg>ET</arg>
<arg>FI</arg>
<arg>FJ</arg>
<arg>FK</arg>
<arg>FM</arg>
<arg>FO</arg>
<arg>FR</arg>
<arg>GA</arg>
<arg>GB</arg>
<arg>GD</arg>
<arg>GE</arg>
<arg>GF</arg>
<arg>GG</arg>
<arg>GH</arg>
<arg>GI</arg>
<arg>GL</arg>
<arg>GM</arg>
<arg>GN</arg>
<arg>GP</arg>
<arg>GQ</arg>
<arg>GR</arg>
<arg>GS</arg>
<arg>GT</arg>
<arg>GU</arg>
<arg>GW</arg>
<arg>GY</arg>
<arg>HK</arg>
<arg>HM</arg>
<arg>HN</arg>
<arg>HR</arg>
<arg>HT</arg>
<arg>HU</arg>
<arg>ID</arg>
<arg>IE</arg>
<arg>IL</arg>
<arg>IM</arg>
<arg>IN</arg>
<arg>IO</arg>
<arg>IQ</arg>
<arg>IR</arg>
<arg>IS</arg>
<arg>IT</arg>
<arg>JE</arg>
<arg>JM</arg>
<arg>JO</arg>
<arg>JP</arg>
<arg>KE</arg>
<arg>KG</arg>
<arg>KH</arg>
<arg>KI</arg>
<arg>KM</arg>
<arg>KN</arg>
<arg>KP</arg>
<arg>KR</arg>
<arg>KW</arg>
<arg>KY</arg>
<arg>KZ</arg>
<arg>LA</arg>
<arg>LB</arg>
<arg>LC</arg>
<arg>LI</arg>
<arg>LK</arg>
<arg>LR</arg>
<arg>LS</arg>
<arg>LT</arg>
<arg>LU</arg>
<arg>LV</arg>
<arg>LY</arg>
<arg>MA</arg>
<arg>MC</arg>
<arg>MD</arg>
<arg>ME</arg>
<arg>MF</arg>
<arg>MG</arg>
<arg>MH</arg>
<arg>MK</arg>
<arg>ML</arg>
<arg>MM</arg>
<arg>MN</arg>
<arg>MO</arg>
<arg>MP</arg>
<arg>MQ</arg>
<arg>MR</arg>
<arg>MS</arg>
<arg>MT</arg>
<arg>MU</arg>
<arg>MV</arg>
<arg>MW</arg>
<arg>MX</arg>
<arg>MY</arg>
<arg>MZ</arg>
<arg>NA</arg>
<arg>NC</arg>
<arg>NE</arg>
<arg>NF</arg>
<arg>NG</arg>
<arg>NI</arg>
<arg>NL</arg>
<arg>NO</arg>
<arg>NP</arg>
<arg>NR</arg>
<arg>NU</arg>
<arg>NZ</arg>
<arg>OM</arg>
<arg>PA</arg>
<arg>PE</arg>
<arg>PF</arg>
<arg>PG</arg>
<arg>PH</arg>
<arg>PK</arg>
<arg>PL</arg>
<arg>PM</arg>
<arg>PN</arg>
<arg>PR</arg>
<arg>PS</arg>
<arg>PT</arg>
<arg>PW</arg>
<arg>PY</arg>
<arg>QA</arg>
<arg>RE</arg>
<arg>RO</arg>
<arg>RS</arg>
<arg>RU</arg>
<arg>RW</arg>
<arg>SA</arg>
<arg>SB</arg>
<arg>SC</arg>
<arg>SD</arg>
<arg>SE</arg>
<arg>SG</arg>
<arg>SH</arg>
<arg>SI</arg>
<arg>SJ</arg>
<arg>SK</arg>
<arg>SL</arg>
<arg>SM</arg>
<arg>SN</arg>
<arg>SO</arg>
<arg>SR</arg>
<arg>SS</arg>
<arg>ST</arg>
<arg>SV</arg>
<arg>SX</arg>
<arg>SY</arg>
<arg>SZ</arg>
<arg>TC</arg>
<arg>TD</arg>
<arg>TF</arg>
<arg>TG</arg>
<arg>TH</arg>
<arg>TJ</arg>
<arg>TK</arg>
<arg>TL</arg>
<arg>TM</arg>
<arg>TN</arg>
<arg>TO</arg>
<arg>TR</arg>
<arg>TT</arg>
<arg>TV</arg>
<arg>TW</arg>
<arg>TZ</arg>
<arg>UA</arg>
<arg>UG</arg>
<arg>UM</arg>
<arg>US</arg>
<arg>UY</arg>
<arg>UZ</arg>
<arg>VA</arg>
<arg>VC</arg>
<arg>VE</arg>
<arg>VG</arg>
<arg>VI</arg>
<arg>VN</arg>
<arg>VU</arg>
<arg>WF</arg>
<arg>WS</arg>
<arg>XK</arg>
<arg>YE</arg>
<arg>YT</arg>
<arg>ZA</arg>
<arg>ZM</arg>
<arg>ZW</arg>
<doc>Returns a list containing given items.</doc>
<status status="PASS" start="2024-05-17T05:15:17.694391" elapsed="0.000621"/>
</kw>
<kw name="List Should Contain Value" owner="Collections">
<msg time="2024-05-17T05:15:17.695996" level="INFO">False</msg>
<arg>${list_country}</arg>
<arg>${name_country}</arg>
<doc>Fails if the ``value`` is not found from ``list``.</doc>
<status status="PASS" start="2024-05-17T05:15:17.695796" elapsed="0.000235"/>
</kw>
<kw name="Run Keyword If" owner="BuiltIn">
<kw name="Should Be True" owner="BuiltIn">
<arg>${True}</arg>
<doc>Fails if the given condition is not true.</doc>
<status status="PASS" start="2024-05-17T05:15:17.697103" elapsed="0.000149"/>
</kw>
<arg>${json_data["results"][0]["location"]["coordinates"]["latitude"]} &gt;= -90 and ${json_data["results"][0]["location"]["coordinates"]["latitude"]} &lt;= 90</arg>
<arg>Should Be True</arg>
<arg>${True}</arg>
<doc>Runs the given keyword with the given arguments, if ``condition`` is true.</doc>
<status status="PASS" start="2024-05-17T05:15:17.696344" elapsed="0.001036"/>
</kw>
<kw name="Run Keyword If" owner="BuiltIn">
<kw name="Should Be True" owner="BuiltIn">
<arg>${True}</arg>
<doc>Fails if the given condition is not true.</doc>
<status status="PASS" start="2024-05-17T05:15:17.698288" elapsed="0.000254"/>
</kw>
<arg>${json_data["results"][0]["location"]["coordinates"]["longitude"]} &gt;= -180 and ${json_data["results"][0]["location"]["coordinates"]["longitude"]} &lt;= 180</arg>
<arg>Should Be True</arg>
<arg>${True}</arg>
<doc>Runs the given keyword with the given arguments, if ``condition`` is true.</doc>
<status status="PASS" start="2024-05-17T05:15:17.697572" elapsed="0.001096"/>
</kw>
<status status="PASS" start="2024-05-17T05:15:17.594235" elapsed="0.104565"/>
</kw>
<doc>Testa o conteúdo específico dos campos retornados pela API.</doc>
<tag>testeConteudo</tag>
<status status="PASS" start="2024-05-17T05:15:17.593679" elapsed="0.105272"/>
</test>
<status status="PASS" start="2024-05-17T05:15:16.663334" elapsed="1.037545"/>
</suite>
<status status="PASS" start="2024-05-17T05:15:16.649572" elapsed="1.056571"/>
</suite>
<statistics>
<total>
<stat pass="5" fail="0" skip="0">All Tests</stat>
</total>
<tag>
<stat pass="1" fail="0" skip="0">testeConteudo</stat>
<stat pass="1" fail="0" skip="0">testeEstruturaResposta</stat>
<stat pass="1" fail="0" skip="0">testeRequisicaoBasica</stat>
<stat pass="1" fail="0" skip="0">testeTiposDados</stat>
</tag>
<suite>
<stat pass="5" fail="0" skip="0" id="s1" name="Tests">Tests</stat>
<stat pass="5" fail="0" skip="0" id="s1-s1" name="Random-User-Test">Tests.Random-User-Test</stat>
</suite>
</statistics>
<errors>
</errors>
</robot>
