<?xml version="1.0" encoding="UTF-8"?>
<robot generator="Robot 7.0 (Python 3.12.2 on linux)" generated="2024-04-09T06:18:05.069634" rpa="false" schemaversion="5">
<suite id="s1" name="Tests" source="/home/runner/work/DesafioQAItauRogerioJordao/DesafioQAItauRogerioJordao/RamdonUser/tests">
<suite id="s1-s1" name="Random-User-Test" source="/home/runner/work/DesafioQAItauRogerioJordao/DesafioQAItauRogerioJordao/RamdonUser/tests/random-user-test.robot">
<test id="s1-s1-t1" name="Conectar" line="13">
<kw name="Conectar API" owner="random-user-service">
<kw name="Create Session" owner="RequestsLibrary">
<msg time="2024-04-09T06:18:05.440597" level="INFO">Creating Session using : alias=consultarAPI, url=https://randomuser.me/, headers={},                     cookies={}, auth=None, timeout=None, proxies=None, verify=False,                     debug=0 </msg>
<arg>consultarAPI</arg>
<arg>${URL}</arg>
<doc>Create Session: create a HTTP session to a server</doc>
<status status="PASS" start="2024-04-09T06:18:05.440390" elapsed="0.000407"/>
</kw>
<status status="PASS" start="2024-04-09T06:18:05.439292" elapsed="0.001887"/>
</kw>
<status status="PASS" start="2024-04-09T06:18:05.438544" elapsed="0.002849"/>
</test>
<test id="s1-s1-t2" name="Validar retorno 200 e JSON Válido" line="16">
<kw name="Teste de Requisicao Basica" owner="random-user-service">
<kw name="GET On Session" owner="RequestsLibrary">
<msg time="2024-04-09T06:18:05.545612" level="INFO">GET Request : url=https://randomuser.me/api 
 path_url=/api 
 headers={'User-Agent': 'python-requests/2.31.0', 'Accept-Encoding': 'gzip, deflate', 'Accept': '*/*', 'Connection': 'keep-alive'} 
 body=None 
 </msg>
<msg time="2024-04-09T06:18:05.545768" level="INFO">GET Response : url=https://randomuser.me/api 
 status=200, reason=OK 
 headers={'Date': 'Tue, 09 Apr 2024 06:18:05 GMT', 'Content-Type': 'application/json; charset=utf-8', 'Transfer-Encoding': 'chunked', 'Connection': 'keep-alive', 'X-Powered-By': 'Express', 'Access-Control-Allow-Origin': '*', 'Cache-Control': 'no-cache', 'ETag': 'W/"478-m9q3FmCaezVrzWGOpbOca16B3I0"', 'Vary': 'Accept-Encoding', 'Content-Encoding': 'gzip', 'CF-Cache-Status': 'DYNAMIC', 'Report-To': '{"endpoints":[{"url":"https:\\/\\/a.nel.cloudflare.com\\/report\\/v4?s=Bgf09lAb9qKEHyiU6h%2B4WAORqIcvnALBUuxECWCOzZi3QJlOaUOsUo4875nbYUrzxXMZdIrE%2FPPjYlOF3oxuOEyaKWbfj9ixNOebXbggOgjWbRL3SylNb2OWzYF43DQr"}],"group":"cf-nel","max_age":604800}', 'NEL': '{"success_fraction":0,"report_to":"cf-nel","max_age":604800}', 'Server': 'cloudflare', 'CF-RAY': '871860b84f8e2af2-ORD', 'alt-svc': 'h3=":443"; ma=86400'} 
 body={"results":[{"gender":"male","name":{"title":"Mr","first":"Finn","last":"King"},"location":{"street":{"number":7781,"name":"West Coast Road"},"city":"Dunedin","state":"Auckland","country":"New Zealand","postcode":59763,"coordinates":{"latitude":"49.7886","longitude":"-0.9779"},"timezone":{"offset":"+6:00","description":"Almaty, Dhaka, Colombo"}},"email":"finn.king@example.com","login":{"uuid":"56ccf208-ccfa-4e6a-87ea-9812276ece5d","username":"whiteostrich628","password":"iloveyou2","salt":"YX9M4BPq","md5":"4cfe6220ea52e0383721066c797b7d4f","sha1":"d65070d2ca2aba44eba850f7ec2cc17faa717f70","sha256":"10e9177d568eefff279e1bbd9b47d7cf1f67a19f7c820b0859d70fb1d73a6eb4"},"dob":{"date":"1976-04-26T09:02:39.757Z","age":47},"registered":{"date":"2004-01-15T13:18:29.225Z","age":20},"phone":"(144)-978-3843","cell":"(126)-397-3907","id":{"name":"","value":null},"picture":{"large":"https://randomuser.me/api/portraits/men/13.jpg","medium":"https://randomuser.me/api/portraits/med/men/13.jpg","thumbnail":"https://randomuser.me/api/portraits/thumb/men/13.jpg"},"nat":"NZ"}],"info":{"seed":"bb25c0356c95f4b2","results":1,"page":1,"version":"1.4"}} 
 </msg>
<msg time="2024-04-09T06:18:05.545851" level="INFO">/opt/hostedtoolcache/Python/3.12.2/x64/lib/python3.12/site-packages/urllib3/connectionpool.py:1103: InsecureRequestWarning: Unverified HTTPS request is being made to host 'randomuser.me'. Adding certificate verification is strongly advised. See: https://urllib3.readthedocs.io/en/latest/advanced-usage.html#tls-warnings
  warnings.warn(</msg>
<msg time="2024-04-09T06:18:05.545997" level="INFO">${response} = &lt;Response [200]&gt;</msg>
<var>${response}</var>
<arg>consultarAPI</arg>
<arg>/api</arg>
<doc>Sends a GET request on a previously created HTTP Session.</doc>
<status status="PASS" start="2024-04-09T06:18:05.444108" elapsed="0.101931"/>
</kw>
<kw name="Should Be Equal As Numbers" owner="BuiltIn">
<msg time="2024-04-09T06:18:05.547239" level="INFO">Argument types are:
&lt;class 'int'&gt;
&lt;class 'str'&gt;</msg>
<arg>${response.status_code}</arg>
<arg>200</arg>
<doc>Fails if objects are unequal after converting them to real numbers.</doc>
<status status="PASS" start="2024-04-09T06:18:05.546731" elapsed="0.000576"/>
</kw>
<kw name="Log" owner="BuiltIn">
<msg time="2024-04-09T06:18:05.547994" level="INFO">200</msg>
<arg>${response.status_code}</arg>
<doc>Logs the given message with the given level.</doc>
<status status="PASS" start="2024-04-09T06:18:05.547636" elapsed="0.000402"/>
</kw>
<kw name="Set Variable" owner="BuiltIn">
<msg time="2024-04-09T06:18:05.548820" level="INFO">${json_data} = {'results': [{'gender': 'male', 'name': {'title': 'Mr', 'first': 'Finn', 'last': 'King'}, 'location': {'street': {'number': 7781, 'name': 'West Coast Road'}, 'city': 'Dunedin', 'state': 'Auckland', 'c...</msg>
<var>${json_data}</var>
<arg>${response.json()}</arg>
<doc>Returns the given values which can then be assigned to a variables.</doc>
<status status="PASS" start="2024-04-09T06:18:05.548380" elapsed="0.000469"/>
</kw>
<kw name="Dictionary Should Contain Key" owner="Collections">
<msg time="2024-04-09T06:18:05.549327" level="INFO">False</msg>
<arg>${json_data}</arg>
<arg>results</arg>
<doc>Fails if ``key`` is not found from ``dictionary``.</doc>
<status status="PASS" start="2024-04-09T06:18:05.549154" elapsed="0.000215"/>
</kw>
<status status="PASS" start="2024-04-09T06:18:05.443850" elapsed="0.105780"/>
</kw>
<doc>Testa se a API responde corretamente e retorna um objeto JSON válido.</doc>
<tag>testeRequisicaoBasica</tag>
<status status="PASS" start="2024-04-09T06:18:05.443299" elapsed="0.106525"/>
</test>
<test id="s1-s1-t3" name="Validar estrutura de resposta" line="22">
<kw name="Teste de Estrutura de Resposta" owner="random-user-service">
<kw name="GET On Session" owner="RequestsLibrary">
<msg time="2024-04-09T06:18:05.636116" level="INFO">GET Request : url=https://randomuser.me/api 
 path_url=/api 
 headers={'User-Agent': 'python-requests/2.31.0', 'Accept-Encoding': 'gzip, deflate', 'Accept': '*/*', 'Connection': 'keep-alive'} 
 body=None 
 </msg>
<msg time="2024-04-09T06:18:05.636230" level="INFO">GET Response : url=https://randomuser.me/api 
 status=200, reason=OK 
 headers={'Date': 'Tue, 09 Apr 2024 06:18:05 GMT', 'Content-Type': 'application/json; charset=utf-8', 'Transfer-Encoding': 'chunked', 'Connection': 'keep-alive', 'X-Powered-By': 'Express', 'Access-Control-Allow-Origin': '*', 'Cache-Control': 'no-cache', 'ETag': 'W/"46d-dQd2QoBqeX6v1GHD+TZDTssW/yo"', 'Vary': 'Accept-Encoding', 'Content-Encoding': 'gzip', 'CF-Cache-Status': 'DYNAMIC', 'Report-To': '{"endpoints":[{"url":"https:\\/\\/a.nel.cloudflare.com\\/report\\/v4?s=WPxS6RKNoCuwocOF0JD7gfHlimmjJtP9n1n%2BOydBOknPEGhM5qfAuOhWORT45McTVa6cSIg1FIzmD%2FqRHJNBiQz7PctrmvISn7t759SFrNnkB2c481O9rk4olPMpDcxg"}],"group":"cf-nel","max_age":604800}', 'NEL': '{"success_fraction":0,"report_to":"cf-nel","max_age":604800}', 'Server': 'cloudflare', 'CF-RAY': '871860b8bfc72af2-ORD', 'alt-svc': 'h3=":443"; ma=86400'} 
 body={"results":[{"gender":"male","name":{"title":"Mr","first":"Yatin","last":"Bal"},"location":{"street":{"number":2691,"name":"Car St"},"city":"Rajahmundry","state":"Meghalaya","country":"India","postcode":62471,"coordinates":{"latitude":"10.5721","longitude":"-75.8930"},"timezone":{"offset":"-12:00","description":"Eniwetok, Kwajalein"}},"email":"yatin.bal@example.com","login":{"uuid":"f1041ca9-2388-472b-821e-1897c9f7239f","username":"bigtiger178","password":"blue32","salt":"hpGIClQa","md5":"84cd62a200311dda988c0110413b150b","sha1":"24d1f4421084280158a40062f064369bd511d32f","sha256":"089ef481e46a702a3e0450528500ad27ccb05b6d48fb2ad905d3eab38f8c7ba0"},"dob":{"date":"1973-06-28T23:13:27.646Z","age":50},"registered":{"date":"2013-11-07T07:40:18.805Z","age":10},"phone":"9594125927","cell":"8180636151","id":{"name":"UIDAI","value":"301448508176"},"picture":{"large":"https://randomuser.me/api/portraits/men/49.jpg","medium":"https://randomuser.me/api/portraits/med/men/49.jpg","thumbnail":"https://randomuser.me/api/portraits/thumb/men/49.jpg"},"nat":"IN"}],"info":{"seed":"e22335b570629c98","results":1,"page":1,"version":"1.4"}} 
 </msg>
<msg time="2024-04-09T06:18:05.636389" level="INFO">/opt/hostedtoolcache/Python/3.12.2/x64/lib/python3.12/site-packages/urllib3/connectionpool.py:1103: InsecureRequestWarning: Unverified HTTPS request is being made to host 'randomuser.me'. Adding certificate verification is strongly advised. See: https://urllib3.readthedocs.io/en/latest/advanced-usage.html#tls-warnings
  warnings.warn(</msg>
<msg time="2024-04-09T06:18:05.636530" level="INFO">${response} = &lt;Response [200]&gt;</msg>
<var>${response}</var>
<arg>consultarAPI</arg>
<arg>/api</arg>
<doc>Sends a GET request on a previously created HTTP Session.</doc>
<status status="PASS" start="2024-04-09T06:18:05.552739" elapsed="0.083826"/>
</kw>
<kw name="Set Variable" owner="BuiltIn">
<msg time="2024-04-09T06:18:05.637676" level="INFO">${json_data} = {'results': [{'gender': 'male', 'name': {'title': 'Mr', 'first': 'Yatin', 'last': 'Bal'}, 'location': {'street': {'number': 2691, 'name': 'Car St'}, 'city': 'Rajahmundry', 'state': 'Meghalaya', 'count...</msg>
<var>${json_data}</var>
<arg>${response.json()}</arg>
<doc>Returns the given values which can then be assigned to a variables.</doc>
<status status="PASS" start="2024-04-09T06:18:05.637121" elapsed="0.000586"/>
</kw>
<kw name="Log" owner="BuiltIn">
<msg time="2024-04-09T06:18:05.638212" level="INFO">{'results': [{'gender': 'male', 'name': {'title': 'Mr', 'first': 'Yatin', 'last': 'Bal'}, 'location': {'street': {'number': 2691, 'name': 'Car St'}, 'city': 'Rajahmundry', 'state': 'Meghalaya', 'country': 'India', 'postcode': 62471, 'coordinates': {'latitude': '10.5721', 'longitude': '-75.8930'}, 'timezone': {'offset': '-12:00', 'description': 'Eniwetok, Kwajalein'}}, 'email': 'yatin.bal@example.com', 'login': {'uuid': 'f1041ca9-2388-472b-821e-1897c9f7239f', 'username': 'bigtiger178', 'password': 'blue32', 'salt': 'hpGIClQa', 'md5': '84cd62a200311dda988c0110413b150b', 'sha1': '24d1f4421084280158a40062f064369bd511d32f', 'sha256': '089ef481e46a702a3e0450528500ad27ccb05b6d48fb2ad905d3eab38f8c7ba0'}, 'dob': {'date': '1973-06-28T23:13:27.646Z', 'age': 50}, 'registered': {'date': '2013-11-07T07:40:18.805Z', 'age': 10}, 'phone': '9594125927', 'cell': '8180636151', 'id': {'name': 'UIDAI', 'value': '301448508176'}, 'picture': {'large': 'https://randomuser.me/api/portraits/men/49.jpg', 'medium': 'https://randomuser.me/api/portraits/med/men/49.jpg', 'thumbnail': 'https://randomuser.me/api/portraits/thumb/men/49.jpg'}, 'nat': 'IN'}], 'info': {'seed': 'e22335b570629c98', 'results': 1, 'page': 1, 'version': '1.4'}}</msg>
<arg>${json_data}</arg>
<doc>Logs the given message with the given level.</doc>
<status status="PASS" start="2024-04-09T06:18:05.638037" elapsed="0.000226"/>
</kw>
<kw name="Dictionary Should Contain Key" owner="Collections">
<msg time="2024-04-09T06:18:05.638793" level="INFO">False</msg>
<arg>${json_data}</arg>
<arg>results</arg>
<doc>Fails if ``key`` is not found from ``dictionary``.</doc>
<status status="PASS" start="2024-04-09T06:18:05.638582" elapsed="0.000252"/>
</kw>
<kw name="Should Not Be Empty" owner="BuiltIn">
<msg time="2024-04-09T06:18:05.639286" level="INFO">Length is 2.</msg>
<arg>${json_data}</arg>
<doc>Verifies that the given item is not empty.</doc>
<status status="PASS" start="2024-04-09T06:18:05.639144" elapsed="0.000183"/>
</kw>
<kw name="Create List" owner="BuiltIn">
<msg time="2024-04-09T06:18:05.639783" level="INFO">${expected_keys} = ['gender', 'name', 'location', 'email', 'login']</msg>
<var>${expected_keys}</var>
<arg>gender</arg>
<arg>name</arg>
<arg>location</arg>
<arg>email</arg>
<arg>login</arg>
<doc>Returns a list containing given items.</doc>
<status status="PASS" start="2024-04-09T06:18:05.639628" elapsed="0.000180"/>
</kw>
<for flavor="IN">
<iter>
<kw name="Dictionary Should Contain Key" owner="Collections">
<msg time="2024-04-09T06:18:05.640828" level="INFO">False</msg>
<arg>${json_data['results'][0]}</arg>
<arg>${key}</arg>
<doc>Fails if ``key`` is not found from ``dictionary``.</doc>
<status status="PASS" start="2024-04-09T06:18:05.640410" elapsed="0.000459"/>
</kw>
<kw name="Log" owner="BuiltIn">
<msg time="2024-04-09T06:18:05.641562" level="INFO">{'gender': 'male', 'name': {'title': 'Mr', 'first': 'Yatin', 'last': 'Bal'}, 'location': {'street': {'number': 2691, 'name': 'Car St'}, 'city': 'Rajahmundry', 'state': 'Meghalaya', 'country': 'India', 'postcode': 62471, 'coordinates': {'latitude': '10.5721', 'longitude': '-75.8930'}, 'timezone': {'offset': '-12:00', 'description': 'Eniwetok, Kwajalein'}}, 'email': 'yatin.bal@example.com', 'login': {'uuid': 'f1041ca9-2388-472b-821e-1897c9f7239f', 'username': 'bigtiger178', 'password': 'blue32', 'salt': 'hpGIClQa', 'md5': '84cd62a200311dda988c0110413b150b', 'sha1': '24d1f4421084280158a40062f064369bd511d32f', 'sha256': '089ef481e46a702a3e0450528500ad27ccb05b6d48fb2ad905d3eab38f8c7ba0'}, 'dob': {'date': '1973-06-28T23:13:27.646Z', 'age': 50}, 'registered': {'date': '2013-11-07T07:40:18.805Z', 'age': 10}, 'phone': '9594125927', 'cell': '8180636151', 'id': {'name': 'UIDAI', 'value': '301448508176'}, 'picture': {'large': 'https://randomuser.me/api/portraits/men/49.jpg', 'medium': 'https://randomuser.me/api/portraits/med/men/49.jpg', 'thumbnail': 'https://randomuser.me/api/portraits/thumb/men/49.jpg'}, 'nat': 'IN'}</msg>
<arg>${json_data['results'][0]}</arg>
<doc>Logs the given message with the given level.</doc>
<status status="PASS" start="2024-04-09T06:18:05.641189" elapsed="0.000427"/>
</kw>
<kw name="Log" owner="BuiltIn">
<msg time="2024-04-09T06:18:05.642057" level="INFO">gender</msg>
<arg>${key}</arg>
<doc>Logs the given message with the given level.</doc>
<status status="PASS" start="2024-04-09T06:18:05.641924" elapsed="0.000173"/>
</kw>
<var name="${key}">gender</var>
<status status="PASS" start="2024-04-09T06:18:05.640283" elapsed="0.002044"/>
</iter>
<iter>
<kw name="Dictionary Should Contain Key" owner="Collections">
<msg time="2024-04-09T06:18:05.643078" level="INFO">False</msg>
<arg>${json_data['results'][0]}</arg>
<arg>${key}</arg>
<doc>Fails if ``key`` is not found from ``dictionary``.</doc>
<status status="PASS" start="2024-04-09T06:18:05.642677" elapsed="0.000440"/>
</kw>
<kw name="Log" owner="BuiltIn">
<msg time="2024-04-09T06:18:05.643826" level="INFO">{'gender': 'male', 'name': {'title': 'Mr', 'first': 'Yatin', 'last': 'Bal'}, 'location': {'street': {'number': 2691, 'name': 'Car St'}, 'city': 'Rajahmundry', 'state': 'Meghalaya', 'country': 'India', 'postcode': 62471, 'coordinates': {'latitude': '10.5721', 'longitude': '-75.8930'}, 'timezone': {'offset': '-12:00', 'description': 'Eniwetok, Kwajalein'}}, 'email': 'yatin.bal@example.com', 'login': {'uuid': 'f1041ca9-2388-472b-821e-1897c9f7239f', 'username': 'bigtiger178', 'password': 'blue32', 'salt': 'hpGIClQa', 'md5': '84cd62a200311dda988c0110413b150b', 'sha1': '24d1f4421084280158a40062f064369bd511d32f', 'sha256': '089ef481e46a702a3e0450528500ad27ccb05b6d48fb2ad905d3eab38f8c7ba0'}, 'dob': {'date': '1973-06-28T23:13:27.646Z', 'age': 50}, 'registered': {'date': '2013-11-07T07:40:18.805Z', 'age': 10}, 'phone': '9594125927', 'cell': '8180636151', 'id': {'name': 'UIDAI', 'value': '301448508176'}, 'picture': {'large': 'https://randomuser.me/api/portraits/men/49.jpg', 'medium': 'https://randomuser.me/api/portraits/med/men/49.jpg', 'thumbnail': 'https://randomuser.me/api/portraits/thumb/men/49.jpg'}, 'nat': 'IN'}</msg>
<arg>${json_data['results'][0]}</arg>
<doc>Logs the given message with the given level.</doc>
<status status="PASS" start="2024-04-09T06:18:05.643454" elapsed="0.000422"/>
</kw>
<kw name="Log" owner="BuiltIn">
<msg time="2024-04-09T06:18:05.644316" level="INFO">name</msg>
<arg>${key}</arg>
<doc>Logs the given message with the given level.</doc>
<status status="PASS" start="2024-04-09T06:18:05.644183" elapsed="0.000171"/>
</kw>
<var name="${key}">name</var>
<status status="PASS" start="2024-04-09T06:18:05.642524" elapsed="0.002048"/>
</iter>
<iter>
<kw name="Dictionary Should Contain Key" owner="Collections">
<msg time="2024-04-09T06:18:05.645249" level="INFO">False</msg>
<arg>${json_data['results'][0]}</arg>
<arg>${key}</arg>
<doc>Fails if ``key`` is not found from ``dictionary``.</doc>
<status status="PASS" start="2024-04-09T06:18:05.644868" elapsed="0.000420"/>
</kw>
<kw name="Log" owner="BuiltIn">
<msg time="2024-04-09T06:18:05.645952" level="INFO">{'gender': 'male', 'name': {'title': 'Mr', 'first': 'Yatin', 'last': 'Bal'}, 'location': {'street': {'number': 2691, 'name': 'Car St'}, 'city': 'Rajahmundry', 'state': 'Meghalaya', 'country': 'India', 'postcode': 62471, 'coordinates': {'latitude': '10.5721', 'longitude': '-75.8930'}, 'timezone': {'offset': '-12:00', 'description': 'Eniwetok, Kwajalein'}}, 'email': 'yatin.bal@example.com', 'login': {'uuid': 'f1041ca9-2388-472b-821e-1897c9f7239f', 'username': 'bigtiger178', 'password': 'blue32', 'salt': 'hpGIClQa', 'md5': '84cd62a200311dda988c0110413b150b', 'sha1': '24d1f4421084280158a40062f064369bd511d32f', 'sha256': '089ef481e46a702a3e0450528500ad27ccb05b6d48fb2ad905d3eab38f8c7ba0'}, 'dob': {'date': '1973-06-28T23:13:27.646Z', 'age': 50}, 'registered': {'date': '2013-11-07T07:40:18.805Z', 'age': 10}, 'phone': '9594125927', 'cell': '8180636151', 'id': {'name': 'UIDAI', 'value': '301448508176'}, 'picture': {'large': 'https://randomuser.me/api/portraits/men/49.jpg', 'medium': 'https://randomuser.me/api/portraits/med/men/49.jpg', 'thumbnail': 'https://randomuser.me/api/portraits/thumb/men/49.jpg'}, 'nat': 'IN'}</msg>
<arg>${json_data['results'][0]}</arg>
<doc>Logs the given message with the given level.</doc>
<status status="PASS" start="2024-04-09T06:18:05.645591" elapsed="0.000414"/>
</kw>
<kw name="Log" owner="BuiltIn">
<msg time="2024-04-09T06:18:05.646439" level="INFO">location</msg>
<arg>${key}</arg>
<doc>Logs the given message with the given level.</doc>
<status status="PASS" start="2024-04-09T06:18:05.646309" elapsed="0.000170"/>
</kw>
<var name="${key}">location</var>
<status status="PASS" start="2024-04-09T06:18:05.644755" elapsed="0.001960"/>
</iter>
<iter>
<kw name="Dictionary Should Contain Key" owner="Collections">
<msg time="2024-04-09T06:18:05.647400" level="INFO">False</msg>
<arg>${json_data['results'][0]}</arg>
<arg>${key}</arg>
<doc>Fails if ``key`` is not found from ``dictionary``.</doc>
<status status="PASS" start="2024-04-09T06:18:05.647010" elapsed="0.000429"/>
</kw>
<kw name="Log" owner="BuiltIn">
<msg time="2024-04-09T06:18:05.648115" level="INFO">{'gender': 'male', 'name': {'title': 'Mr', 'first': 'Yatin', 'last': 'Bal'}, 'location': {'street': {'number': 2691, 'name': 'Car St'}, 'city': 'Rajahmundry', 'state': 'Meghalaya', 'country': 'India', 'postcode': 62471, 'coordinates': {'latitude': '10.5721', 'longitude': '-75.8930'}, 'timezone': {'offset': '-12:00', 'description': 'Eniwetok, Kwajalein'}}, 'email': 'yatin.bal@example.com', 'login': {'uuid': 'f1041ca9-2388-472b-821e-1897c9f7239f', 'username': 'bigtiger178', 'password': 'blue32', 'salt': 'hpGIClQa', 'md5': '84cd62a200311dda988c0110413b150b', 'sha1': '24d1f4421084280158a40062f064369bd511d32f', 'sha256': '089ef481e46a702a3e0450528500ad27ccb05b6d48fb2ad905d3eab38f8c7ba0'}, 'dob': {'date': '1973-06-28T23:13:27.646Z', 'age': 50}, 'registered': {'date': '2013-11-07T07:40:18.805Z', 'age': 10}, 'phone': '9594125927', 'cell': '8180636151', 'id': {'name': 'UIDAI', 'value': '301448508176'}, 'picture': {'large': 'https://randomuser.me/api/portraits/men/49.jpg', 'medium': 'https://randomuser.me/api/portraits/med/men/49.jpg', 'thumbnail': 'https://randomuser.me/api/portraits/thumb/men/49.jpg'}, 'nat': 'IN'}</msg>
<arg>${json_data['results'][0]}</arg>
<doc>Logs the given message with the given level.</doc>
<status status="PASS" start="2024-04-09T06:18:05.647745" elapsed="0.000419"/>
</kw>
<kw name="Log" owner="BuiltIn">
<msg time="2024-04-09T06:18:05.648600" level="INFO">email</msg>
<arg>${key}</arg>
<doc>Logs the given message with the given level.</doc>
<status status="PASS" start="2024-04-09T06:18:05.648467" elapsed="0.000173"/>
</kw>
<var name="${key}">email</var>
<status status="PASS" start="2024-04-09T06:18:05.646896" elapsed="0.001963"/>
</iter>
<iter>
<kw name="Dictionary Should Contain Key" owner="Collections">
<msg time="2024-04-09T06:18:05.649525" level="INFO">False</msg>
<arg>${json_data['results'][0]}</arg>
<arg>${key}</arg>
<doc>Fails if ``key`` is not found from ``dictionary``.</doc>
<status status="PASS" start="2024-04-09T06:18:05.649148" elapsed="0.000416"/>
</kw>
<kw name="Log" owner="BuiltIn">
<msg time="2024-04-09T06:18:05.650219" level="INFO">{'gender': 'male', 'name': {'title': 'Mr', 'first': 'Yatin', 'last': 'Bal'}, 'location': {'street': {'number': 2691, 'name': 'Car St'}, 'city': 'Rajahmundry', 'state': 'Meghalaya', 'country': 'India', 'postcode': 62471, 'coordinates': {'latitude': '10.5721', 'longitude': '-75.8930'}, 'timezone': {'offset': '-12:00', 'description': 'Eniwetok, Kwajalein'}}, 'email': 'yatin.bal@example.com', 'login': {'uuid': 'f1041ca9-2388-472b-821e-1897c9f7239f', 'username': 'bigtiger178', 'password': 'blue32', 'salt': 'hpGIClQa', 'md5': '84cd62a200311dda988c0110413b150b', 'sha1': '24d1f4421084280158a40062f064369bd511d32f', 'sha256': '089ef481e46a702a3e0450528500ad27ccb05b6d48fb2ad905d3eab38f8c7ba0'}, 'dob': {'date': '1973-06-28T23:13:27.646Z', 'age': 50}, 'registered': {'date': '2013-11-07T07:40:18.805Z', 'age': 10}, 'phone': '9594125927', 'cell': '8180636151', 'id': {'name': 'UIDAI', 'value': '301448508176'}, 'picture': {'large': 'https://randomuser.me/api/portraits/men/49.jpg', 'medium': 'https://randomuser.me/api/portraits/med/men/49.jpg', 'thumbnail': 'https://randomuser.me/api/portraits/thumb/men/49.jpg'}, 'nat': 'IN'}</msg>
<arg>${json_data['results'][0]}</arg>
<doc>Logs the given message with the given level.</doc>
<status status="PASS" start="2024-04-09T06:18:05.649861" elapsed="0.000406"/>
</kw>
<kw name="Log" owner="BuiltIn">
<msg time="2024-04-09T06:18:05.650724" level="INFO">login</msg>
<arg>${key}</arg>
<doc>Logs the given message with the given level.</doc>
<status status="PASS" start="2024-04-09T06:18:05.650567" elapsed="0.000202"/>
</kw>
<var name="${key}">login</var>
<status status="PASS" start="2024-04-09T06:18:05.649036" elapsed="0.001954"/>
</iter>
<var>${key}</var>
<value>@{expected_keys}</value>
<status status="PASS" start="2024-04-09T06:18:05.640079" elapsed="0.011034"/>
</for>
<kw name="Create List" owner="BuiltIn">
<msg time="2024-04-09T06:18:05.651489" level="INFO">${expected_keysTwo} = ['username', 'password']</msg>
<var>${expected_keysTwo}</var>
<arg>username</arg>
<arg>password</arg>
<doc>Returns a list containing given items.</doc>
<status status="PASS" start="2024-04-09T06:18:05.651348" elapsed="0.000165"/>
</kw>
<for flavor="IN">
<iter>
<kw name="Dictionary Should Contain Key" owner="Collections">
<msg time="2024-04-09T06:18:05.652545" level="INFO">False</msg>
<arg>${json_data['results'][0]['login']}</arg>
<arg>${keyTwo}</arg>
<doc>Fails if ``key`` is not found from ``dictionary``.</doc>
<status status="PASS" start="2024-04-09T06:18:05.652153" elapsed="0.000431"/>
</kw>
<kw name="Dictionary Should Contain Key" owner="Collections">
<msg time="2024-04-09T06:18:05.653265" level="INFO">False</msg>
<arg>${json_data['results'][0]['login']}</arg>
<arg>${keyTwo}</arg>
<doc>Fails if ``key`` is not found from ``dictionary``.</doc>
<status status="PASS" start="2024-04-09T06:18:05.652887" elapsed="0.000417"/>
</kw>
<kw name="Log" owner="BuiltIn">
<msg time="2024-04-09T06:18:05.653735" level="INFO">username</msg>
<arg>${keyTwo}</arg>
<doc>Logs the given message with the given level.</doc>
<status status="PASS" start="2024-04-09T06:18:05.653604" elapsed="0.000171"/>
</kw>
<var name="${keyTwo}">username</var>
<status status="PASS" start="2024-04-09T06:18:05.652035" elapsed="0.001961"/>
</iter>
<iter>
<kw name="Dictionary Should Contain Key" owner="Collections">
<msg time="2024-04-09T06:18:05.654708" level="INFO">False</msg>
<arg>${json_data['results'][0]['login']}</arg>
<arg>${keyTwo}</arg>
<doc>Fails if ``key`` is not found from ``dictionary``.</doc>
<status status="PASS" start="2024-04-09T06:18:05.654283" elapsed="0.000466"/>
</kw>
<kw name="Dictionary Should Contain Key" owner="Collections">
<msg time="2024-04-09T06:18:05.655426" level="INFO">False</msg>
<arg>${json_data['results'][0]['login']}</arg>
<arg>${keyTwo}</arg>
<doc>Fails if ``key`` is not found from ``dictionary``.</doc>
<status status="PASS" start="2024-04-09T06:18:05.655046" elapsed="0.000419"/>
</kw>
<kw name="Log" owner="BuiltIn">
<msg time="2024-04-09T06:18:05.655891" level="INFO">password</msg>
<arg>${keyTwo}</arg>
<doc>Logs the given message with the given level.</doc>
<status status="PASS" start="2024-04-09T06:18:05.655762" elapsed="0.000167"/>
</kw>
<var name="${keyTwo}">password</var>
<status status="PASS" start="2024-04-09T06:18:05.654173" elapsed="0.001976"/>
</iter>
<var>${keyTwo}</var>
<value>@{expected_keysTwo}</value>
<status status="PASS" start="2024-04-09T06:18:05.651757" elapsed="0.004524"/>
</for>
<status status="PASS" start="2024-04-09T06:18:05.552497" elapsed="0.103935"/>
</kw>
<doc>Testa a estrutura da resposta da API.</doc>
<tag>testeEstruturaResposta</tag>
<status status="PASS" start="2024-04-09T06:18:05.551719" elapsed="0.104879"/>
</test>
<test id="s1-s1-t4" name="Validar tipos de dados" line="28">
<kw name="Teste de Tipos de Dados" owner="random-user-service">
<kw name="GET On Session" owner="RequestsLibrary">
<msg time="2024-04-09T06:18:05.736458" level="INFO">GET Request : url=https://randomuser.me/api 
 path_url=/api 
 headers={'User-Agent': 'python-requests/2.31.0', 'Accept-Encoding': 'gzip, deflate', 'Accept': '*/*', 'Connection': 'keep-alive'} 
 body=None 
 </msg>
<msg time="2024-04-09T06:18:05.736558" level="INFO">GET Response : url=https://randomuser.me/api 
 status=200, reason=OK 
 headers={'Date': 'Tue, 09 Apr 2024 06:18:05 GMT', 'Content-Type': 'application/json; charset=utf-8', 'Transfer-Encoding': 'chunked', 'Connection': 'keep-alive', 'X-Powered-By': 'Express', 'Access-Control-Allow-Origin': '*', 'Cache-Control': 'no-cache', 'ETag': 'W/"497-678xS6WvnJOK2C7llia8FZ57Nag"', 'Vary': 'Accept-Encoding', 'Content-Encoding': 'gzip', 'CF-Cache-Status': 'DYNAMIC', 'Report-To': '{"endpoints":[{"url":"https:\\/\\/a.nel.cloudflare.com\\/report\\/v4?s=yZrB2gdwm2nMpAjBSX89Lk1xx4uGO4NkcefsrCbee%2BAbJttXvFTKXAPdKp3Oou4DtBQZJ2HSM2tnGZN0fEVpMkxMXXBEcQWgjZJpVo1njIZgay7cCIA8POMHJtCH46SJ"}],"group":"cf-nel","max_age":604800}', 'NEL': '{"success_fraction":0,"report_to":"cf-nel","max_age":604800}', 'Server': 'cloudflare', 'CF-RAY': '871860b9682b2af2-ORD', 'alt-svc': 'h3=":443"; ma=86400'} 
 body={"results":[{"gender":"female","name":{"title":"Mademoiselle","first":"Katja","last":"Roussel"},"location":{"street":{"number":900,"name":"Rue Pierre-Delore"},"city":"Villars-Sainte-Croix","state":"Schwyz","country":"Switzerland","postcode":3242,"coordinates":{"latitude":"-57.8924","longitude":"73.4553"},"timezone":{"offset":"+4:30","description":"Kabul"}},"email":"katja.roussel@example.com","login":{"uuid":"8eea1fea-2763-4ed7-8abc-1ca82537edcb","username":"smallbird785","password":"pointer","salt":"Ezp32EsO","md5":"3c83fd545ddf96ae44512356f20e8ff9","sha1":"ab80cdb754a795a88c0afa6111fb87240428e6ab","sha256":"9d266e18076eee73d7b255de93b7042469d0620bc1e7b5e9f04a045dd59265b3"},"dob":{"date":"1981-06-22T18:49:07.319Z","age":42},"registered":{"date":"2013-01-09T16:42:31.399Z","age":11},"phone":"077 988 71 96","cell":"078 884 42 99","id":{"name":"AVS","value":"756.2935.0931.69"},"picture":{"large":"https://randomuser.me/api/portraits/women/16.jpg","medium":"https://randomuser.me/api/portraits/med/women/16.jpg","thumbnail":"https://randomuser.me/api/portraits/thumb/women/16.jpg"},"nat":"CH"}],"info":{"seed":"a8141d01f14a2c13","results":1,"page":1,"version":"1.4"}} 
 </msg>
<msg time="2024-04-09T06:18:05.736627" level="INFO">/opt/hostedtoolcache/Python/3.12.2/x64/lib/python3.12/site-packages/urllib3/connectionpool.py:1103: InsecureRequestWarning: Unverified HTTPS request is being made to host 'randomuser.me'. Adding certificate verification is strongly advised. See: https://urllib3.readthedocs.io/en/latest/advanced-usage.html#tls-warnings
  warnings.warn(</msg>
<msg time="2024-04-09T06:18:05.736748" level="INFO">${response} = &lt;Response [200]&gt;</msg>
<var>${response}</var>
<arg>consultarAPI</arg>
<arg>/api</arg>
<doc>Sends a GET request on a previously created HTTP Session.</doc>
<status status="PASS" start="2024-04-09T06:18:05.659165" elapsed="0.077610"/>
</kw>
<kw name="Set Variable" owner="BuiltIn">
<msg time="2024-04-09T06:18:05.737912" level="INFO">${json_data} = {'results': [{'gender': 'female', 'name': {'title': 'Mademoiselle', 'first': 'Katja', 'last': 'Roussel'}, 'location': {'street': {'number': 900, 'name': 'Rue Pierre-Delore'}, 'city': 'Villars-Sainte-C...</msg>
<var>${json_data}</var>
<arg>${response.json()}</arg>
<doc>Returns the given values which can then be assigned to a variables.</doc>
<status status="PASS" start="2024-04-09T06:18:05.737353" elapsed="0.000602"/>
</kw>
<kw name="Log" owner="BuiltIn">
<msg time="2024-04-09T06:18:05.738713" level="INFO">{'results': [{'gender': 'female', 'name': {'title': 'Mademoiselle', 'first': 'Katja', 'last': 'Roussel'}, 'location': {'street': {'number': 900, 'name': 'Rue Pierre-Delore'}, 'city': 'Villars-Sainte-Croix', 'state': 'Schwyz', 'country': 'Switzerland', 'postcode': 3242, 'coordinates': {'latitude': '-57.8924', 'longitude': '73.4553'}, 'timezone': {'offset': '+4:30', 'description': 'Kabul'}}, 'email': 'katja.roussel@example.com', 'login': {'uuid': '8eea1fea-2763-4ed7-8abc-1ca82537edcb', 'username': 'smallbird785', 'password': 'pointer', 'salt': 'Ezp32EsO', 'md5': '3c83fd545ddf96ae44512356f20e8ff9', 'sha1': 'ab80cdb754a795a88c0afa6111fb87240428e6ab', 'sha256': '9d266e18076eee73d7b255de93b7042469d0620bc1e7b5e9f04a045dd59265b3'}, 'dob': {'date': '1981-06-22T18:49:07.319Z', 'age': 42}, 'registered': {'date': '2013-01-09T16:42:31.399Z', 'age': 11}, 'phone': '077 988 71 96', 'cell': '078 884 42 99', 'id': {'name': 'AVS', 'value': '756.2935.0931.69'}, 'picture': {'large': 'https://randomuser.me/api/portraits/women/16.jpg', 'medium': 'https://randomuser.me/api/portraits/med/women/16.jpg', 'thumbnail': 'https://randomuser.me/api/portraits/thumb/women/16.jpg'}, 'nat': 'CH'}], 'info': {'seed': 'a8141d01f14a2c13', 'results': 1, 'page': 1, 'version': '1.4'}}</msg>
<arg>${json_data}</arg>
<doc>Logs the given message with the given level.</doc>
<status status="PASS" start="2024-04-09T06:18:05.738419" elapsed="0.000373"/>
</kw>
<kw name="Should Be String" owner="String">
<arg>${json_data['results'][0]['gender']}</arg>
<doc>Fails if the given ``item`` is not a string.</doc>
<status status="PASS" start="2024-04-09T06:18:05.739315" elapsed="0.000584"/>
</kw>
<kw name="Should Match Regexp" owner="BuiltIn">
<arg>${json_data['results'][0]['email']}</arg>
<arg>^[a-zA-Z0-9._%+-]+@[a-zA-Z0-9.-]+\.[a-zA-Z]{2,}$</arg>
<doc>Fails if ``string`` does not match ``pattern`` as a regular expression.</doc>
<status status="PASS" start="2024-04-09T06:18:05.740198" elapsed="0.000874"/>
</kw>
<kw name="Should Match Regexp" owner="BuiltIn">
<arg>${json_data['results'][0]['dob']['date']}</arg>
<arg>\\d{4}-\\d{2}-\\d{2}T\\d{2}:\\d{2}:\\d{2}\\.\\d{3}Z</arg>
<doc>Fails if ``string`` does not match ``pattern`` as a regular expression.</doc>
<status status="PASS" start="2024-04-09T06:18:05.741412" elapsed="0.000765"/>
</kw>
<kw name="Should Match Regexp" owner="BuiltIn">
<arg>${json_data['results'][0]['registered']['date']}</arg>
<arg>\\d{4}-\\d{2}-\\d{2}T\\d{2}:\\d{2}:\\d{2}\\.\\d{3}Z</arg>
<doc>Fails if ``string`` does not match ``pattern`` as a regular expression.</doc>
<status status="PASS" start="2024-04-09T06:18:05.742479" elapsed="0.000603"/>
</kw>
<kw name="Should Match Regexp" owner="BuiltIn">
<arg>${json_data['results'][0]['picture']['large']}</arg>
<arg>^https?://.*\.(?:png|jpe?g|gif|bmp)$</arg>
<doc>Fails if ``string`` does not match ``pattern`` as a regular expression.</doc>
<status status="PASS" start="2024-04-09T06:18:05.743381" elapsed="0.000739"/>
</kw>
<kw name="Should Match Regexp" owner="BuiltIn">
<arg>${json_data['results'][0]['picture']['medium']}</arg>
<arg>^https?://.*\.(?:png|jpe?g|gif|bmp)$</arg>
<doc>Fails if ``string`` does not match ``pattern`` as a regular expression.</doc>
<status status="PASS" start="2024-04-09T06:18:05.744437" elapsed="0.000533"/>
</kw>
<kw name="Should Match Regexp" owner="BuiltIn">
<arg>${json_data['results'][0]['picture']['thumbnail']}</arg>
<arg>^https?://.*\.(?:png|jpe?g|gif|bmp)$</arg>
<doc>Fails if ``string`` does not match ``pattern`` as a regular expression.</doc>
<status status="PASS" start="2024-04-09T06:18:05.745177" elapsed="0.000375"/>
</kw>
<kw name="Log" owner="BuiltIn">
<msg time="2024-04-09T06:18:05.746076" level="INFO">{'large': 'https://randomuser.me/api/portraits/women/16.jpg', 'medium': 'https://randomuser.me/api/portraits/med/women/16.jpg', 'thumbnail': 'https://randomuser.me/api/portraits/thumb/women/16.jpg'}</msg>
<arg>${json_data['results'][0]['picture']}</arg>
<doc>Logs the given message with the given level.</doc>
<status status="PASS" start="2024-04-09T06:18:05.745741" elapsed="0.000380"/>
</kw>
<status status="PASS" start="2024-04-09T06:18:05.658911" elapsed="0.087496"/>
</kw>
<kw name="Teste de Tipos de Dados - Postcode" owner="random-user-service">
<kw name="GET On Session" owner="RequestsLibrary">
<msg time="2024-04-09T06:18:05.840093" level="INFO">GET Request : url=https://randomuser.me/api 
 path_url=/api 
 headers={'User-Agent': 'python-requests/2.31.0', 'Accept-Encoding': 'gzip, deflate', 'Accept': '*/*', 'Connection': 'keep-alive'} 
 body=None 
 </msg>
<msg time="2024-04-09T06:18:05.840215" level="INFO">GET Response : url=https://randomuser.me/api 
 status=200, reason=OK 
 headers={'Date': 'Tue, 09 Apr 2024 06:18:05 GMT', 'Content-Type': 'application/json; charset=utf-8', 'Transfer-Encoding': 'chunked', 'Connection': 'keep-alive', 'X-Powered-By': 'Express', 'Access-Control-Allow-Origin': '*', 'Cache-Control': 'no-cache', 'ETag': 'W/"477-BGJb6jHqqxdRe4k+JaQnGcc8j0Y"', 'Vary': 'Accept-Encoding', 'Content-Encoding': 'gzip', 'CF-Cache-Status': 'DYNAMIC', 'Report-To': '{"endpoints":[{"url":"https:\\/\\/a.nel.cloudflare.com\\/report\\/v4?s=gKFVzldQcZl7koj%2Fmp3TAW997VH33%2F9vdGFa2DYiPbM1knpP74czlBe1QJiRtq7xnGEeHTpTx2V5siRViJBKy6%2BS%2BrtNYlUP4YDrlZXI%2Ff7dfRPyFHCm54JCO277854X"}],"group":"cf-nel","max_age":604800}', 'NEL': '{"success_fraction":0,"report_to":"cf-nel","max_age":604800}', 'Server': 'cloudflare', 'CF-RAY': '871860b9e8972af2-ORD', 'alt-svc': 'h3=":443"; ma=86400'} 
 body={"results":[{"gender":"male","name":{"title":"Mr","first":"Ludvig","last":"Hafstad"},"location":{"street":{"number":9418,"name":"Gabbi Lunds vei"},"city":"Aursmoen","state":"Troms - Romsa","country":"Norway","postcode":"5852","coordinates":{"latitude":"42.2781","longitude":"-83.2374"},"timezone":{"offset":"-12:00","description":"Eniwetok, Kwajalein"}},"email":"ludvig.hafstad@example.com","login":{"uuid":"840f30d1-a6f2-4966-9e52-6850c251cba4","username":"greendog457","password":"uuuuu","salt":"Qz0kJAzu","md5":"9ce26037219174c69c279f7ff9a01adc","sha1":"02961081775503c5a25ee51df249c94eb774d31f","sha256":"23fb109b59690dbc4595838b1b9738e047273b2d0602da5d0373701e1d077d5c"},"dob":{"date":"1976-04-08T07:58:31.748Z","age":48},"registered":{"date":"2008-09-27T12:08:24.923Z","age":15},"phone":"71307762","cell":"97852420","id":{"name":"FN","value":"08047638764"},"picture":{"large":"https://randomuser.me/api/portraits/men/4.jpg","medium":"https://randomuser.me/api/portraits/med/men/4.jpg","thumbnail":"https://randomuser.me/api/portraits/thumb/men/4.jpg"},"nat":"NO"}],"info":{"seed":"05b7aaa0175c1cef","results":1,"page":1,"version":"1.4"}} 
 </msg>
<msg time="2024-04-09T06:18:05.840320" level="INFO">/opt/hostedtoolcache/Python/3.12.2/x64/lib/python3.12/site-packages/urllib3/connectionpool.py:1103: InsecureRequestWarning: Unverified HTTPS request is being made to host 'randomuser.me'. Adding certificate verification is strongly advised. See: https://urllib3.readthedocs.io/en/latest/advanced-usage.html#tls-warnings
  warnings.warn(</msg>
<msg time="2024-04-09T06:18:05.840474" level="INFO">${response} = &lt;Response [200]&gt;</msg>
<var>${response}</var>
<arg>consultarAPI</arg>
<arg>/api</arg>
<doc>Sends a GET request on a previously created HTTP Session.</doc>
<status status="PASS" start="2024-04-09T06:18:05.746947" elapsed="0.093579"/>
</kw>
<kw name="Set Variable" owner="BuiltIn">
<msg time="2024-04-09T06:18:05.841696" level="INFO">${json_data} = {'results': [{'gender': 'male', 'name': {'title': 'Mr', 'first': 'Ludvig', 'last': 'Hafstad'}, 'location': {'street': {'number': 9418, 'name': 'Gabbi Lunds vei'}, 'city': 'Aursmoen', 'state': 'Troms -...</msg>
<var>${json_data}</var>
<arg>${response.json()}</arg>
<doc>Returns the given values which can then be assigned to a variables.</doc>
<status status="PASS" start="2024-04-09T06:18:05.841165" elapsed="0.000561"/>
</kw>
<kw name="Log" owner="BuiltIn">
<msg time="2024-04-09T06:18:05.842236" level="INFO">{'results': [{'gender': 'male', 'name': {'title': 'Mr', 'first': 'Ludvig', 'last': 'Hafstad'}, 'location': {'street': {'number': 9418, 'name': 'Gabbi Lunds vei'}, 'city': 'Aursmoen', 'state': 'Troms - Romsa', 'country': 'Norway', 'postcode': '5852', 'coordinates': {'latitude': '42.2781', 'longitude': '-83.2374'}, 'timezone': {'offset': '-12:00', 'description': 'Eniwetok, Kwajalein'}}, 'email': 'ludvig.hafstad@example.com', 'login': {'uuid': '840f30d1-a6f2-4966-9e52-6850c251cba4', 'username': 'greendog457', 'password': 'uuuuu', 'salt': 'Qz0kJAzu', 'md5': '9ce26037219174c69c279f7ff9a01adc', 'sha1': '02961081775503c5a25ee51df249c94eb774d31f', 'sha256': '23fb109b59690dbc4595838b1b9738e047273b2d0602da5d0373701e1d077d5c'}, 'dob': {'date': '1976-04-08T07:58:31.748Z', 'age': 48}, 'registered': {'date': '2008-09-27T12:08:24.923Z', 'age': 15}, 'phone': '71307762', 'cell': '97852420', 'id': {'name': 'FN', 'value': '08047638764'}, 'picture': {'large': 'https://randomuser.me/api/portraits/men/4.jpg', 'medium': 'https://randomuser.me/api/portraits/med/men/4.jpg', 'thumbnail': 'https://randomuser.me/api/portraits/thumb/men/4.jpg'}, 'nat': 'NO'}], 'info': {'seed': '05b7aaa0175c1cef', 'results': 1, 'page': 1, 'version': '1.4'}}</msg>
<arg>${json_data}</arg>
<doc>Logs the given message with the given level.</doc>
<status status="PASS" start="2024-04-09T06:18:05.842070" elapsed="0.000216"/>
</kw>
<kw name="Should Be Equal As Numbers" owner="BuiltIn">
<arg>${json_data['results'][0]['location']['postcode']}</arg>
<arg>${json_data['results'][0]['location']['postcode']}</arg>
<doc>Fails if objects are unequal after converting them to real numbers.</doc>
<status status="PASS" start="2024-04-09T06:18:05.842625" elapsed="0.000683"/>
</kw>
<kw name="Log" owner="BuiltIn">
<msg time="2024-04-09T06:18:05.843895" level="INFO">5852</msg>
<arg>${json_data['results'][0]['location']['postcode']}</arg>
<doc>Logs the given message with the given level.</doc>
<status status="PASS" start="2024-04-09T06:18:05.843544" elapsed="0.000395"/>
</kw>
<status status="PASS" start="2024-04-09T06:18:05.746688" elapsed="0.097522"/>
</kw>
<doc>Testa se os tipos de dados na resposta da API estão corretos.</doc>
<tag>testeTiposDados</tag>
<status status="PASS" start="2024-04-09T06:18:05.658380" elapsed="0.186014"/>
</test>
<test id="s1-s1-t5" name="Validar conteudo" line="35">
<kw name="Teste de Tipos de Conteudo" owner="random-user-service">
<kw name="GET On Session" owner="RequestsLibrary">
<msg time="2024-04-09T06:18:05.939682" level="INFO">GET Request : url=https://randomuser.me/api 
 path_url=/api 
 headers={'User-Agent': 'python-requests/2.31.0', 'Accept-Encoding': 'gzip, deflate', 'Accept': '*/*', 'Connection': 'keep-alive'} 
 body=None 
 </msg>
<msg time="2024-04-09T06:18:05.939803" level="INFO">GET Response : url=https://randomuser.me/api 
 status=200, reason=OK 
 headers={'Date': 'Tue, 09 Apr 2024 06:18:05 GMT', 'Content-Type': 'application/json; charset=utf-8', 'Transfer-Encoding': 'chunked', 'Connection': 'keep-alive', 'X-Powered-By': 'Express', 'Access-Control-Allow-Origin': '*', 'Cache-Control': 'no-cache', 'ETag': 'W/"482-8Q/AlRt0/FlcXvTWxXp1CYJc7d0"', 'Vary': 'Accept-Encoding', 'Content-Encoding': 'gzip', 'CF-Cache-Status': 'DYNAMIC', 'Report-To': '{"endpoints":[{"url":"https:\\/\\/a.nel.cloudflare.com\\/report\\/v4?s=imW6rh8wpt4%2F5kFMSuoV9Os8b7mbxCWR%2BF5Hg1KpPjj3HY51kGxiCAtssxXqWrtTiJT2CiOpvM%2Bv4ZM0i8xOHMlUCXI92Tf4uu1mGLrLyTnEj2bXI%2FSUXA%2FKPDq0vHIx"}],"group":"cf-nel","max_age":604800}', 'NEL': '{"success_fraction":0,"report_to":"cf-nel","max_age":604800}', 'Server': 'cloudflare', 'CF-RAY': '871860ba89042af2-ORD', 'alt-svc': 'h3=":443"; ma=86400'} 
 body={"results":[{"gender":"female","name":{"title":"Ms","first":"Michele","last":"Cook"},"location":{"street":{"number":3652,"name":"Pecan Acres Ln"},"city":"Launceston","state":"South Australia","country":"Australia","postcode":7688,"coordinates":{"latitude":"-84.0600","longitude":"60.9399"},"timezone":{"offset":"-3:30","description":"Newfoundland"}},"email":"michele.cook@example.com","login":{"uuid":"b2d55989-4a07-47b3-bb66-9c4893f37812","username":"happymouse801","password":"heng","salt":"PbEDSmnT","md5":"da5a15b909bd51151f1d97fdccc36b20","sha1":"fe80d83a3d39fbaf0eb283cfb86b0089e254bfe1","sha256":"edd88c698d3828beabc6549fd3d6a0f13f4e6cfd21aec196f2f9ea647c7a113e"},"dob":{"date":"1961-10-25T09:53:35.175Z","age":62},"registered":{"date":"2012-07-17T01:05:16.172Z","age":11},"phone":"02-9245-1119","cell":"0463-102-678","id":{"name":"TFN","value":"116538525"},"picture":{"large":"https://randomuser.me/api/portraits/women/55.jpg","medium":"https://randomuser.me/api/portraits/med/women/55.jpg","thumbnail":"https://randomuser.me/api/portraits/thumb/women/55.jpg"},"nat":"AU"}],"info":{"seed":"6818b7b4b2d31bec","results":1,"page":1,"version":"1.4"}} 
 </msg>
<msg time="2024-04-09T06:18:05.939880" level="INFO">/opt/hostedtoolcache/Python/3.12.2/x64/lib/python3.12/site-packages/urllib3/connectionpool.py:1103: InsecureRequestWarning: Unverified HTTPS request is being made to host 'randomuser.me'. Adding certificate verification is strongly advised. See: https://urllib3.readthedocs.io/en/latest/advanced-usage.html#tls-warnings
  warnings.warn(</msg>
<msg time="2024-04-09T06:18:05.940013" level="INFO">${response} = &lt;Response [200]&gt;</msg>
<var>${response}</var>
<arg>consultarAPI</arg>
<arg>/api</arg>
<doc>Sends a GET request on a previously created HTTP Session.</doc>
<status status="PASS" start="2024-04-09T06:18:05.847019" elapsed="0.093027"/>
</kw>
<kw name="Set Variable" owner="BuiltIn">
<msg time="2024-04-09T06:18:05.941238" level="INFO">${json_data} = {'results': [{'gender': 'female', 'name': {'title': 'Ms', 'first': 'Michele', 'last': 'Cook'}, 'location': {'street': {'number': 3652, 'name': 'Pecan Acres Ln'}, 'city': 'Launceston', 'state': 'South ...</msg>
<var>${json_data}</var>
<arg>${response.json()}</arg>
<doc>Returns the given values which can then be assigned to a variables.</doc>
<status status="PASS" start="2024-04-09T06:18:05.940712" elapsed="0.000555"/>
</kw>
<kw name="Set Variable" owner="BuiltIn">
<msg time="2024-04-09T06:18:05.941970" level="INFO">${name_title} = Ms</msg>
<var>${name_title}</var>
<arg>${json_data["results"][0]["name"]["title"]}</arg>
<doc>Returns the given values which can then be assigned to a variables.</doc>
<status status="PASS" start="2024-04-09T06:18:05.941578" elapsed="0.000418"/>
</kw>
<kw name="Create List" owner="BuiltIn">
<msg time="2024-04-09T06:18:05.942460" level="INFO">${allowed_titles} = ['Mr', 'Ms', 'Miss', 'Mrs', 'Madame', 'Monsieur']</msg>
<var>${allowed_titles}</var>
<arg>Mr</arg>
<arg>Ms</arg>
<arg>Miss</arg>
<arg>Mrs</arg>
<arg>Madame</arg>
<arg>Monsieur</arg>
<doc>Returns a list containing given items.</doc>
<status status="PASS" start="2024-04-09T06:18:05.942307" elapsed="0.000179"/>
</kw>
<kw name="List Should Contain Value" owner="Collections">
<msg time="2024-04-09T06:18:05.943057" level="INFO">False</msg>
<arg>${allowed_titles}</arg>
<arg>${name_title}</arg>
<doc>Fails if the ``value`` is not found from ``list``.</doc>
<status status="PASS" start="2024-04-09T06:18:05.942867" elapsed="0.000229"/>
</kw>
<kw name="Set Variable" owner="BuiltIn">
<msg time="2024-04-09T06:18:05.943780" level="INFO">${name_country} = AU</msg>
<var>${name_country}</var>
<arg>${json_data["results"][0]["nat"]}</arg>
<doc>Returns the given values which can then be assigned to a variables.</doc>
<status status="PASS" start="2024-04-09T06:18:05.943402" elapsed="0.000403"/>
</kw>
<kw name="Create List" owner="BuiltIn">
<msg time="2024-04-09T06:18:05.944736" level="INFO">${list_country} = ['AD', 'AE', 'AF', 'AG', 'AI', 'AL', 'AM', 'AO', 'AQ', 'AR', 'AS', 'AT', 'AU', 'AW', 'AX', 'AZ', 'BA', 'BB', 'BD', 'BE', 'BF', 'BG', 'BH', 'BI', 'BJ', 'BL', 'BM', 'BN', 'BO', 'BQ', 'BR', 'BS', 'BT', '...</msg>
<var>${list_country}</var>
<arg>AD</arg>
<arg>AE</arg>
<arg>AF</arg>
<arg>AG</arg>
<arg>AI</arg>
<arg>AL</arg>
<arg>AM</arg>
<arg>AO</arg>
<arg>AQ</arg>
<arg>AR</arg>
<arg>AS</arg>
<arg>AT</arg>
<arg>AU</arg>
<arg>AW</arg>
<arg>AX</arg>
<arg>AZ</arg>
<arg>BA</arg>
<arg>BB</arg>
<arg>BD</arg>
<arg>BE</arg>
<arg>BF</arg>
<arg>BG</arg>
<arg>BH</arg>
<arg>BI</arg>
<arg>BJ</arg>
<arg>BL</arg>
<arg>BM</arg>
<arg>BN</arg>
<arg>BO</arg>
<arg>BQ</arg>
<arg>BR</arg>
<arg>BS</arg>
<arg>BT</arg>
<arg>BV</arg>
<arg>BW</arg>
<arg>BY</arg>
<arg>BZ</arg>
<arg>CA</arg>
<arg>CC</arg>
<arg>CD</arg>
<arg>CF</arg>
<arg>CG</arg>
<arg>CH</arg>
<arg>CI</arg>
<arg>CK</arg>
<arg>CL</arg>
<arg>CM</arg>
<arg>CN</arg>
<arg>CO</arg>
<arg>CR</arg>
<arg>CU</arg>
<arg>CV</arg>
<arg>CW</arg>
<arg>CX</arg>
<arg>CY</arg>
<arg>CZ</arg>
<arg>DE</arg>
<arg>DJ</arg>
<arg>DK</arg>
<arg>DM</arg>
<arg>DO</arg>
<arg>DZ</arg>
<arg>EC</arg>
<arg>EE</arg>
<arg>EG</arg>
<arg>EH</arg>
<arg>ER</arg>
<arg>ES</arg>
<arg>ET</arg>
<arg>FI</arg>
<arg>FJ</arg>
<arg>FK</arg>
<arg>FM</arg>
<arg>FO</arg>
<arg>FR</arg>
<arg>GA</arg>
<arg>GB</arg>
<arg>GD</arg>
<arg>GE</arg>
<arg>GF</arg>
<arg>GG</arg>
<arg>GH</arg>
<arg>GI</arg>
<arg>GL</arg>
<arg>GM</arg>
<arg>GN</arg>
<arg>GP</arg>
<arg>GQ</arg>
<arg>GR</arg>
<arg>GS</arg>
<arg>GT</arg>
<arg>GU</arg>
<arg>GW</arg>
<arg>GY</arg>
<arg>HK</arg>
<arg>HM</arg>
<arg>HN</arg>
<arg>HR</arg>
<arg>HT</arg>
<arg>HU</arg>
<arg>ID</arg>
<arg>IE</arg>
<arg>IL</arg>
<arg>IM</arg>
<arg>IN</arg>
<arg>IO</arg>
<arg>IQ</arg>
<arg>IR</arg>
<arg>IS</arg>
<arg>IT</arg>
<arg>JE</arg>
<arg>JM</arg>
<arg>JO</arg>
<arg>JP</arg>
<arg>KE</arg>
<arg>KG</arg>
<arg>KH</arg>
<arg>KI</arg>
<arg>KM</arg>
<arg>KN</arg>
<arg>KP</arg>
<arg>KR</arg>
<arg>KW</arg>
<arg>KY</arg>
<arg>KZ</arg>
<arg>LA</arg>
<arg>LB</arg>
<arg>LC</arg>
<arg>LI</arg>
<arg>LK</arg>
<arg>LR</arg>
<arg>LS</arg>
<arg>LT</arg>
<arg>LU</arg>
<arg>LV</arg>
<arg>LY</arg>
<arg>MA</arg>
<arg>MC</arg>
<arg>MD</arg>
<arg>ME</arg>
<arg>MF</arg>
<arg>MG</arg>
<arg>MH</arg>
<arg>MK</arg>
<arg>ML</arg>
<arg>MM</arg>
<arg>MN</arg>
<arg>MO</arg>
<arg>MP</arg>
<arg>MQ</arg>
<arg>MR</arg>
<arg>MS</arg>
<arg>MT</arg>
<arg>MU</arg>
<arg>MV</arg>
<arg>MW</arg>
<arg>MX</arg>
<arg>MY</arg>
<arg>MZ</arg>
<arg>NA</arg>
<arg>NC</arg>
<arg>NE</arg>
<arg>NF</arg>
<arg>NG</arg>
<arg>NI</arg>
<arg>NL</arg>
<arg>NO</arg>
<arg>NP</arg>
<arg>NR</arg>
<arg>NU</arg>
<arg>NZ</arg>
<arg>OM</arg>
<arg>PA</arg>
<arg>PE</arg>
<arg>PF</arg>
<arg>PG</arg>
<arg>PH</arg>
<arg>PK</arg>
<arg>PL</arg>
<arg>PM</arg>
<arg>PN</arg>
<arg>PR</arg>
<arg>PS</arg>
<arg>PT</arg>
<arg>PW</arg>
<arg>PY</arg>
<arg>QA</arg>
<arg>RE</arg>
<arg>RO</arg>
<arg>RS</arg>
<arg>RU</arg>
<arg>RW</arg>
<arg>SA</arg>
<arg>SB</arg>
<arg>SC</arg>
<arg>SD</arg>
<arg>SE</arg>
<arg>SG</arg>
<arg>SH</arg>
<arg>SI</arg>
<arg>SJ</arg>
<arg>SK</arg>
<arg>SL</arg>
<arg>SM</arg>
<arg>SN</arg>
<arg>SO</arg>
<arg>SR</arg>
<arg>SS</arg>
<arg>ST</arg>
<arg>SV</arg>
<arg>SX</arg>
<arg>SY</arg>
<arg>SZ</arg>
<arg>TC</arg>
<arg>TD</arg>
<arg>TF</arg>
<arg>TG</arg>
<arg>TH</arg>
<arg>TJ</arg>
<arg>TK</arg>
<arg>TL</arg>
<arg>TM</arg>
<arg>TN</arg>
<arg>TO</arg>
<arg>TR</arg>
<arg>TT</arg>
<arg>TV</arg>
<arg>TW</arg>
<arg>TZ</arg>
<arg>UA</arg>
<arg>UG</arg>
<arg>UM</arg>
<arg>US</arg>
<arg>UY</arg>
<arg>UZ</arg>
<arg>VA</arg>
<arg>VC</arg>
<arg>VE</arg>
<arg>VG</arg>
<arg>VI</arg>
<arg>VN</arg>
<arg>VU</arg>
<arg>WF</arg>
<arg>WS</arg>
<arg>XK</arg>
<arg>YE</arg>
<arg>YT</arg>
<arg>ZA</arg>
<arg>ZM</arg>
<arg>ZW</arg>
<doc>Returns a list containing given items.</doc>
<status status="PASS" start="2024-04-09T06:18:05.944131" elapsed="0.000631"/>
</kw>
<kw name="List Should Contain Value" owner="Collections">
<msg time="2024-04-09T06:18:05.945760" level="INFO">False</msg>
<arg>${list_country}</arg>
<arg>${name_country}</arg>
<doc>Fails if the ``value`` is not found from ``list``.</doc>
<status status="PASS" start="2024-04-09T06:18:05.945555" elapsed="0.000246"/>
</kw>
<kw name="Run Keyword If" owner="BuiltIn">
<kw name="Should Be True" owner="BuiltIn">
<arg>${True}</arg>
<doc>Fails if the given condition is not true.</doc>
<status status="PASS" start="2024-04-09T06:18:05.947108" elapsed="0.000154"/>
</kw>
<arg>${json_data["results"][0]["location"]["coordinates"]["latitude"]} &gt;= -90 and ${json_data["results"][0]["location"]["coordinates"]["latitude"]} &lt;= 90</arg>
<arg>Should Be True</arg>
<arg>${True}</arg>
<doc>Runs the given keyword with the given arguments, if ``condition`` is true.</doc>
<status status="PASS" start="2024-04-09T06:18:05.946140" elapsed="0.001255"/>
</kw>
<kw name="Run Keyword If" owner="BuiltIn">
<kw name="Should Be True" owner="BuiltIn">
<arg>${True}</arg>
<doc>Fails if the given condition is not true.</doc>
<status status="PASS" start="2024-04-09T06:18:05.948307" elapsed="0.000148"/>
</kw>
<arg>${json_data["results"][0]["location"]["coordinates"]["longitude"]} &gt;= -180 and ${json_data["results"][0]["location"]["coordinates"]["longitude"]} &lt;= 180</arg>
<arg>Should Be True</arg>
<arg>${True}</arg>
<doc>Runs the given keyword with the given arguments, if ``condition`` is true.</doc>
<status status="PASS" start="2024-04-09T06:18:05.947590" elapsed="0.000995"/>
</kw>
<status status="PASS" start="2024-04-09T06:18:05.846776" elapsed="0.101952"/>
</kw>
<doc>Testa o conteúdo específico dos campos retornados pela API.</doc>
<tag>testeConteudo</tag>
<status status="PASS" start="2024-04-09T06:18:05.846177" elapsed="0.102715"/>
</test>
<status status="PASS" start="2024-04-09T06:18:05.123726" elapsed="0.827163"/>
</suite>
<status status="PASS" start="2024-04-09T06:18:05.109747" elapsed="0.846605"/>
</suite>
<statistics>
<total>
<stat pass="5" fail="0" skip="0">All Tests</stat>
</total>
<tag>
<stat pass="1" fail="0" skip="0">testeConteudo</stat>
<stat pass="1" fail="0" skip="0">testeEstruturaResposta</stat>
<stat pass="1" fail="0" skip="0">testeRequisicaoBasica</stat>
<stat pass="1" fail="0" skip="0">testeTiposDados</stat>
</tag>
<suite>
<stat pass="5" fail="0" skip="0" id="s1" name="Tests">Tests</stat>
<stat pass="5" fail="0" skip="0" id="s1-s1" name="Random-User-Test">Tests.Random-User-Test</stat>
</suite>
</statistics>
<errors>
</errors>
</robot>
