<?xml version="1.0" encoding="UTF-8"?>
<robot generator="Robot 7.0.1 (Python 3.12.4 on linux)" generated="2024-07-06T19:11:56.304113" rpa="false" schemaversion="5">
<suite id="s1" name="Tests" source="/home/runner/work/ApiRandomUser/ApiRandomUser/RamdonUser/tests">
<suite id="s1-s1" name="Random-User-Test" source="/home/runner/work/ApiRandomUser/ApiRandomUser/RamdonUser/tests/random-user-test.robot">
<test id="s1-s1-t1" name="Conectar" line="13">
<kw name="Conectar API" owner="random-user-service">
<kw name="Create Session" owner="RequestsLibrary">
<msg time="2024-07-06T19:11:56.722859" level="INFO">Creating Session using : alias=consultarAPI, url=https://randomuser.me/, headers={},                     cookies={}, auth=None, timeout=None, proxies=None, verify=False,                     debug=0 </msg>
<arg>consultarAPI</arg>
<arg>${URL}</arg>
<doc>Create Session: create a HTTP session to a server</doc>
<status status="PASS" start="2024-07-06T19:11:56.722569" elapsed="0.000538"/>
</kw>
<status status="PASS" start="2024-07-06T19:11:56.720873" elapsed="0.002773"/>
</kw>
<status status="PASS" start="2024-07-06T19:11:56.720140" elapsed="0.003812"/>
</test>
<test id="s1-s1-t2" name="Validar retorno 200 e JSON Válido" line="16">
<kw name="Teste de Requisicao Basica" owner="random-user-service">
<kw name="GET On Session" owner="RequestsLibrary">
<msg time="2024-07-06T19:11:56.911219" level="INFO">GET Request : url=https://randomuser.me/api 
 path_url=/api 
 headers={'User-Agent': 'python-requests/2.32.3', 'Accept-Encoding': 'gzip, deflate', 'Accept': '*/*', 'Connection': 'keep-alive'} 
 body=None 
 </msg>
<msg time="2024-07-06T19:11:56.911372" level="INFO">GET Response : url=https://randomuser.me/api 
 status=200, reason=OK 
 headers={'Date': 'Sat, 06 Jul 2024 19:11:56 GMT', 'Content-Type': 'application/json; charset=utf-8', 'Transfer-Encoding': 'chunked', 'Connection': 'keep-alive', 'X-Powered-By': 'Express', 'Access-Control-Allow-Origin': '*', 'Cache-Control': 'no-cache', 'ETag': 'W/"474-XJ3obtVypi5u0+N+Bdlt70J8eqs"', 'Vary': 'Accept-Encoding', 'Content-Encoding': 'gzip', 'CF-Cache-Status': 'DYNAMIC', 'Report-To': '{"endpoints":[{"url":"https:\\/\\/a.nel.cloudflare.com\\/report\\/v4?s=X2MqpZcrNiadwTzXhA61JNYnBa1w5cSXeOm%2BunC7%2BSKazvVsdK8Sp054GWoIPJgentCYmchsbbs2Xdn5gh4MC2FrRicaFI3Y9zDOh4spkURWzY3V7FbQEk1mtUMMHjt1"}],"group":"cf-nel","max_age":604800}', 'NEL': '{"success_fraction":0,"report_to":"cf-nel","max_age":604800}', 'Server': 'cloudflare', 'CF-RAY': '89f1e74c7ca107ff-IAD', 'alt-svc': 'h3=":443"; ma=86400'} 
 body={"results":[{"gender":"female","name":{"title":"Mrs","first":"Sofia","last":"Walker"},"location":{"street":{"number":1972,"name":"Royal Road"},"city":"Masterton","state":"Tasman","country":"New Zealand","postcode":51044,"coordinates":{"latitude":"55.5139","longitude":"111.9864"},"timezone":{"offset":"-3:30","description":"Newfoundland"}},"email":"sofia.walker@example.com","login":{"uuid":"ec853c7c-76b5-4697-9368-cc4be7e46fa3","username":"orangepeacock811","password":"gang","salt":"ASuAKBJn","md5":"906b445b25e479e6f70daf29f323e086","sha1":"497450e91b84104672fe17ab8d5a96005f04dfd1","sha256":"3981b558acf3e35a020c92af902704fbdbc23990af49d8c0e675c6395b85cbf6"},"dob":{"date":"1960-01-27T15:05:48.426Z","age":64},"registered":{"date":"2016-06-06T13:54:22.875Z","age":8},"phone":"(492)-496-2053","cell":"(808)-560-7677","id":{"name":"","value":null},"picture":{"large":"https://randomuser.me/api/portraits/women/90.jpg","medium":"https://randomuser.me/api/portraits/med/women/90.jpg","thumbnail":"https://randomuser.me/api/portraits/thumb/women/90.jpg"},"nat":"NZ"}],"info":{"seed":"eda257b4fcf3b328","results":1,"page":1,"version":"1.4"}} 
 </msg>
<msg time="2024-07-06T19:11:56.911456" level="INFO">/opt/hostedtoolcache/Python/3.12.4/x64/lib/python3.12/site-packages/urllib3/connectionpool.py:1099: InsecureRequestWarning: Unverified HTTPS request is being made to host 'randomuser.me'. Adding certificate verification is strongly advised. See: https://urllib3.readthedocs.io/en/latest/advanced-usage.html#tls-warnings
  warnings.warn(</msg>
<msg time="2024-07-06T19:11:56.911585" level="INFO">${response} = &lt;Response [200]&gt;</msg>
<var>${response}</var>
<arg>consultarAPI</arg>
<arg>/api</arg>
<doc>Sends a GET request on a previously created HTTP Session.</doc>
<status status="PASS" start="2024-07-06T19:11:56.728428" elapsed="0.183198"/>
</kw>
<kw name="Should Be Equal As Numbers" owner="BuiltIn">
<msg time="2024-07-06T19:11:56.912618" level="INFO">Argument types are:
&lt;class 'int'&gt;
&lt;class 'str'&gt;</msg>
<arg>${response.status_code}</arg>
<arg>200</arg>
<doc>Fails if objects are unequal after converting them to real numbers.</doc>
<status status="PASS" start="2024-07-06T19:11:56.912154" elapsed="0.000530"/>
</kw>
<kw name="Log" owner="BuiltIn">
<msg time="2024-07-06T19:11:56.913349" level="INFO">200</msg>
<arg>${response.status_code}</arg>
<doc>Logs the given message with the given level.</doc>
<status status="PASS" start="2024-07-06T19:11:56.913002" elapsed="0.000389"/>
</kw>
<kw name="Set Variable" owner="BuiltIn">
<msg time="2024-07-06T19:11:56.914122" level="INFO">${json_data} = {'results': [{'gender': 'female', 'name': {'title': 'Mrs', 'first': 'Sofia', 'last': 'Walker'}, 'location': {'street': {'number': 1972, 'name': 'Royal Road'}, 'city': 'Masterton', 'state': 'Tasman', '...</msg>
<var>${json_data}</var>
<arg>${response.json()}</arg>
<doc>Returns the given values which can then be assigned to a variables.</doc>
<status status="PASS" start="2024-07-06T19:11:56.913688" elapsed="0.000471"/>
</kw>
<kw name="Dictionary Should Contain Key" owner="Collections">
<arg>${json_data}</arg>
<arg>results</arg>
<doc>Fails if ``key`` is not found from ``dictionary``.</doc>
<status status="PASS" start="2024-07-06T19:11:56.914458" elapsed="0.000160"/>
</kw>
<status status="PASS" start="2024-07-06T19:11:56.728059" elapsed="0.186706"/>
</kw>
<doc>Testa se a API responde corretamente e retorna um objeto JSON válido.</doc>
<tag>testeRequisicaoBasica</tag>
<status status="PASS" start="2024-07-06T19:11:56.727303" elapsed="0.187637"/>
</test>
<test id="s1-s1-t3" name="Validar estrutura de resposta" line="22">
<kw name="Teste de Estrutura de Resposta" owner="random-user-service">
<kw name="GET On Session" owner="RequestsLibrary">
<msg time="2024-07-06T19:11:57.009921" level="INFO">GET Request : url=https://randomuser.me/api 
 path_url=/api 
 headers={'User-Agent': 'python-requests/2.32.3', 'Accept-Encoding': 'gzip, deflate', 'Accept': '*/*', 'Connection': 'keep-alive'} 
 body=None 
 </msg>
<msg time="2024-07-06T19:11:57.010006" level="INFO">GET Response : url=https://randomuser.me/api 
 status=200, reason=OK 
 headers={'Date': 'Sat, 06 Jul 2024 19:11:57 GMT', 'Content-Type': 'application/json; charset=utf-8', 'Transfer-Encoding': 'chunked', 'Connection': 'keep-alive', 'X-Powered-By': 'Express', 'Access-Control-Allow-Origin': '*', 'Cache-Control': 'no-cache', 'ETag': 'W/"482-TltlbD2O/ZCzPGDlp6KS5a255KQ"', 'Vary': 'Accept-Encoding', 'Content-Encoding': 'gzip', 'CF-Cache-Status': 'DYNAMIC', 'Report-To': '{"endpoints":[{"url":"https:\\/\\/a.nel.cloudflare.com\\/report\\/v4?s=Ex5el6Ot%2BC1N5PNVAm3LOy3eKJ4mjo3LpFuGhwI0sqI8d72Vwil7lGYNTb%2BRop2dvUfGy9tdwPud1sRRl70swmZDXcUuHHXdBJm7HyUeRHv47a%2Bpmm9pFqdAw1bv9Ixj"}],"group":"cf-nel","max_age":604800}', 'NEL': '{"success_fraction":0,"report_to":"cf-nel","max_age":604800}', 'Server': 'cloudflare', 'CF-RAY': '89f1e74ccd0e07ff-IAD', 'alt-svc': 'h3=":443"; ma=86400'} 
 body={"results":[{"gender":"male","name":{"title":"Mr","first":"Dhanush","last":"Chavare"},"location":{"street":{"number":4181,"name":"Mirza Ghalib St"},"city":"Jalna","state":"Daman and Diu","country":"India","postcode":88548,"coordinates":{"latitude":"7.7465","longitude":"-161.1563"},"timezone":{"offset":"+2:00","description":"Kaliningrad, South Africa"}},"email":"dhanush.chavare@example.com","login":{"uuid":"4386863d-7faa-4ed1-ab3a-44815d5d1f47","username":"bluemouse355","password":"picks","salt":"C9NO31g4","md5":"f02b6130933d0d60c19e4b64ca3b907b","sha1":"979cf37d2b6b0f320a101432c0d5365f461f60aa","sha256":"b7009857d1c1f30d52e1e064f32b8ee1dea44a4d826a72272e218ebb0e06cf49"},"dob":{"date":"1959-04-08T09:13:09.626Z","age":65},"registered":{"date":"2012-10-27T03:36:31.953Z","age":11},"phone":"7838092400","cell":"9832467300","id":{"name":"UIDAI","value":"104578767427"},"picture":{"large":"https://randomuser.me/api/portraits/men/9.jpg","medium":"https://randomuser.me/api/portraits/med/men/9.jpg","thumbnail":"https://randomuser.me/api/portraits/thumb/men/9.jpg"},"nat":"IN"}],"info":{"seed":"65381a9ef796896e","results":1,"page":1,"version":"1.4"}} 
 </msg>
<msg time="2024-07-06T19:11:57.010123" level="INFO">/opt/hostedtoolcache/Python/3.12.4/x64/lib/python3.12/site-packages/urllib3/connectionpool.py:1099: InsecureRequestWarning: Unverified HTTPS request is being made to host 'randomuser.me'. Adding certificate verification is strongly advised. See: https://urllib3.readthedocs.io/en/latest/advanced-usage.html#tls-warnings
  warnings.warn(</msg>
<msg time="2024-07-06T19:11:57.010237" level="INFO">${response} = &lt;Response [200]&gt;</msg>
<var>${response}</var>
<arg>consultarAPI</arg>
<arg>/api</arg>
<doc>Sends a GET request on a previously created HTTP Session.</doc>
<status status="PASS" start="2024-07-06T19:11:56.917538" elapsed="0.092739"/>
</kw>
<kw name="Set Variable" owner="BuiltIn">
<msg time="2024-07-06T19:11:57.011120" level="INFO">${json_data} = {'results': [{'gender': 'male', 'name': {'title': 'Mr', 'first': 'Dhanush', 'last': 'Chavare'}, 'location': {'street': {'number': 4181, 'name': 'Mirza Ghalib St'}, 'city': 'Jalna', 'state': 'Daman and...</msg>
<var>${json_data}</var>
<arg>${response.json()}</arg>
<doc>Returns the given values which can then be assigned to a variables.</doc>
<status status="PASS" start="2024-07-06T19:11:57.010672" elapsed="0.000476"/>
</kw>
<kw name="Log" owner="BuiltIn">
<msg time="2024-07-06T19:11:57.011642" level="INFO">{'results': [{'gender': 'male', 'name': {'title': 'Mr', 'first': 'Dhanush', 'last': 'Chavare'}, 'location': {'street': {'number': 4181, 'name': 'Mirza Ghalib St'}, 'city': 'Jalna', 'state': 'Daman and Diu', 'country': 'India', 'postcode': 88548, 'coordinates': {'latitude': '7.7465', 'longitude': '-161.1563'}, 'timezone': {'offset': '+2:00', 'description': 'Kaliningrad, South Africa'}}, 'email': 'dhanush.chavare@example.com', 'login': {'uuid': '4386863d-7faa-4ed1-ab3a-44815d5d1f47', 'username': 'bluemouse355', 'password': 'picks', 'salt': 'C9NO31g4', 'md5': 'f02b6130933d0d60c19e4b64ca3b907b', 'sha1': '979cf37d2b6b0f320a101432c0d5365f461f60aa', 'sha256': 'b7009857d1c1f30d52e1e064f32b8ee1dea44a4d826a72272e218ebb0e06cf49'}, 'dob': {'date': '1959-04-08T09:13:09.626Z', 'age': 65}, 'registered': {'date': '2012-10-27T03:36:31.953Z', 'age': 11}, 'phone': '7838092400', 'cell': '9832467300', 'id': {'name': 'UIDAI', 'value': '104578767427'}, 'picture': {'large': 'https://randomuser.me/api/portraits/men/9.jpg', 'medium': 'https://randomuser.me/api/portraits/med/men/9.jpg', 'thumbnail': 'https://randomuser.me/api/portraits/thumb/men/9.jpg'}, 'nat': 'IN'}], 'info': {'seed': '65381a9ef796896e', 'results': 1, 'page': 1, 'version': '1.4'}}</msg>
<arg>${json_data}</arg>
<doc>Logs the given message with the given level.</doc>
<status status="PASS" start="2024-07-06T19:11:57.011489" elapsed="0.000199"/>
</kw>
<kw name="Dictionary Should Contain Key" owner="Collections">
<arg>${json_data}</arg>
<arg>results</arg>
<doc>Fails if ``key`` is not found from ``dictionary``.</doc>
<status status="PASS" start="2024-07-06T19:11:57.011973" elapsed="0.000154"/>
</kw>
<kw name="Should Not Be Empty" owner="BuiltIn">
<msg time="2024-07-06T19:11:57.012468" level="INFO">Length is 2.</msg>
<arg>${json_data}</arg>
<doc>Verifies that the given item is not empty.</doc>
<status status="PASS" start="2024-07-06T19:11:57.012333" elapsed="0.000177"/>
</kw>
<kw name="Create List" owner="BuiltIn">
<msg time="2024-07-06T19:11:57.013098" level="INFO">${expected_keys} = ['gender', 'name', 'location', 'email', 'login']</msg>
<var>${expected_keys}</var>
<arg>gender</arg>
<arg>name</arg>
<arg>location</arg>
<arg>email</arg>
<arg>login</arg>
<doc>Returns a list containing given items.</doc>
<status status="PASS" start="2024-07-06T19:11:57.012807" elapsed="0.000316"/>
</kw>
<for flavor="IN">
<iter>
<kw name="Dictionary Should Contain Key" owner="Collections">
<arg>${json_data['results'][0]}</arg>
<arg>${key}</arg>
<doc>Fails if ``key`` is not found from ``dictionary``.</doc>
<status status="PASS" start="2024-07-06T19:11:57.013696" elapsed="0.000393"/>
</kw>
<kw name="Log" owner="BuiltIn">
<msg time="2024-07-06T19:11:57.014647" level="INFO">{'gender': 'male', 'name': {'title': 'Mr', 'first': 'Dhanush', 'last': 'Chavare'}, 'location': {'street': {'number': 4181, 'name': 'Mirza Ghalib St'}, 'city': 'Jalna', 'state': 'Daman and Diu', 'country': 'India', 'postcode': 88548, 'coordinates': {'latitude': '7.7465', 'longitude': '-161.1563'}, 'timezone': {'offset': '+2:00', 'description': 'Kaliningrad, South Africa'}}, 'email': 'dhanush.chavare@example.com', 'login': {'uuid': '4386863d-7faa-4ed1-ab3a-44815d5d1f47', 'username': 'bluemouse355', 'password': 'picks', 'salt': 'C9NO31g4', 'md5': 'f02b6130933d0d60c19e4b64ca3b907b', 'sha1': '979cf37d2b6b0f320a101432c0d5365f461f60aa', 'sha256': 'b7009857d1c1f30d52e1e064f32b8ee1dea44a4d826a72272e218ebb0e06cf49'}, 'dob': {'date': '1959-04-08T09:13:09.626Z', 'age': 65}, 'registered': {'date': '2012-10-27T03:36:31.953Z', 'age': 11}, 'phone': '7838092400', 'cell': '9832467300', 'id': {'name': 'UIDAI', 'value': '104578767427'}, 'picture': {'large': 'https://randomuser.me/api/portraits/men/9.jpg', 'medium': 'https://randomuser.me/api/portraits/med/men/9.jpg', 'thumbnail': 'https://randomuser.me/api/portraits/thumb/men/9.jpg'}, 'nat': 'IN'}</msg>
<arg>${json_data['results'][0]}</arg>
<doc>Logs the given message with the given level.</doc>
<status status="PASS" start="2024-07-06T19:11:57.014282" elapsed="0.000414"/>
</kw>
<kw name="Log" owner="BuiltIn">
<msg time="2024-07-06T19:11:57.015119" level="INFO">gender</msg>
<arg>${key}</arg>
<doc>Logs the given message with the given level.</doc>
<status status="PASS" start="2024-07-06T19:11:57.014991" elapsed="0.000190"/>
</kw>
<var name="${key}">gender</var>
<status status="PASS" start="2024-07-06T19:11:57.013573" elapsed="0.001838"/>
</iter>
<iter>
<kw name="Dictionary Should Contain Key" owner="Collections">
<arg>${json_data['results'][0]}</arg>
<arg>${key}</arg>
<doc>Fails if ``key`` is not found from ``dictionary``.</doc>
<status status="PASS" start="2024-07-06T19:11:57.015714" elapsed="0.000384"/>
</kw>
<kw name="Log" owner="BuiltIn">
<msg time="2024-07-06T19:11:57.016625" level="INFO">{'gender': 'male', 'name': {'title': 'Mr', 'first': 'Dhanush', 'last': 'Chavare'}, 'location': {'street': {'number': 4181, 'name': 'Mirza Ghalib St'}, 'city': 'Jalna', 'state': 'Daman and Diu', 'country': 'India', 'postcode': 88548, 'coordinates': {'latitude': '7.7465', 'longitude': '-161.1563'}, 'timezone': {'offset': '+2:00', 'description': 'Kaliningrad, South Africa'}}, 'email': 'dhanush.chavare@example.com', 'login': {'uuid': '4386863d-7faa-4ed1-ab3a-44815d5d1f47', 'username': 'bluemouse355', 'password': 'picks', 'salt': 'C9NO31g4', 'md5': 'f02b6130933d0d60c19e4b64ca3b907b', 'sha1': '979cf37d2b6b0f320a101432c0d5365f461f60aa', 'sha256': 'b7009857d1c1f30d52e1e064f32b8ee1dea44a4d826a72272e218ebb0e06cf49'}, 'dob': {'date': '1959-04-08T09:13:09.626Z', 'age': 65}, 'registered': {'date': '2012-10-27T03:36:31.953Z', 'age': 11}, 'phone': '7838092400', 'cell': '9832467300', 'id': {'name': 'UIDAI', 'value': '104578767427'}, 'picture': {'large': 'https://randomuser.me/api/portraits/men/9.jpg', 'medium': 'https://randomuser.me/api/portraits/med/men/9.jpg', 'thumbnail': 'https://randomuser.me/api/portraits/thumb/men/9.jpg'}, 'nat': 'IN'}</msg>
<arg>${json_data['results'][0]}</arg>
<doc>Logs the given message with the given level.</doc>
<status status="PASS" start="2024-07-06T19:11:57.016279" elapsed="0.000428"/>
</kw>
<kw name="Log" owner="BuiltIn">
<msg time="2024-07-06T19:11:57.017131" level="INFO">name</msg>
<arg>${key}</arg>
<doc>Logs the given message with the given level.</doc>
<status status="PASS" start="2024-07-06T19:11:57.017004" elapsed="0.000165"/>
</kw>
<var name="${key}">name</var>
<status status="PASS" start="2024-07-06T19:11:57.015597" elapsed="0.001793"/>
</iter>
<iter>
<kw name="Dictionary Should Contain Key" owner="Collections">
<arg>${json_data['results'][0]}</arg>
<arg>${key}</arg>
<doc>Fails if ``key`` is not found from ``dictionary``.</doc>
<status status="PASS" start="2024-07-06T19:11:57.017675" elapsed="0.000376"/>
</kw>
<kw name="Log" owner="BuiltIn">
<msg time="2024-07-06T19:11:57.018583" level="INFO">{'gender': 'male', 'name': {'title': 'Mr', 'first': 'Dhanush', 'last': 'Chavare'}, 'location': {'street': {'number': 4181, 'name': 'Mirza Ghalib St'}, 'city': 'Jalna', 'state': 'Daman and Diu', 'country': 'India', 'postcode': 88548, 'coordinates': {'latitude': '7.7465', 'longitude': '-161.1563'}, 'timezone': {'offset': '+2:00', 'description': 'Kaliningrad, South Africa'}}, 'email': 'dhanush.chavare@example.com', 'login': {'uuid': '4386863d-7faa-4ed1-ab3a-44815d5d1f47', 'username': 'bluemouse355', 'password': 'picks', 'salt': 'C9NO31g4', 'md5': 'f02b6130933d0d60c19e4b64ca3b907b', 'sha1': '979cf37d2b6b0f320a101432c0d5365f461f60aa', 'sha256': 'b7009857d1c1f30d52e1e064f32b8ee1dea44a4d826a72272e218ebb0e06cf49'}, 'dob': {'date': '1959-04-08T09:13:09.626Z', 'age': 65}, 'registered': {'date': '2012-10-27T03:36:31.953Z', 'age': 11}, 'phone': '7838092400', 'cell': '9832467300', 'id': {'name': 'UIDAI', 'value': '104578767427'}, 'picture': {'large': 'https://randomuser.me/api/portraits/men/9.jpg', 'medium': 'https://randomuser.me/api/portraits/med/men/9.jpg', 'thumbnail': 'https://randomuser.me/api/portraits/thumb/men/9.jpg'}, 'nat': 'IN'}</msg>
<arg>${json_data['results'][0]}</arg>
<doc>Logs the given message with the given level.</doc>
<status status="PASS" start="2024-07-06T19:11:57.018234" elapsed="0.000398"/>
</kw>
<kw name="Log" owner="BuiltIn">
<msg time="2024-07-06T19:11:57.019056" level="INFO">location</msg>
<arg>${key}</arg>
<doc>Logs the given message with the given level.</doc>
<status status="PASS" start="2024-07-06T19:11:57.018929" elapsed="0.000164"/>
</kw>
<var name="${key}">location</var>
<status status="PASS" start="2024-07-06T19:11:57.017566" elapsed="0.001781"/>
</iter>
<iter>
<kw name="Dictionary Should Contain Key" owner="Collections">
<arg>${json_data['results'][0]}</arg>
<arg>${key}</arg>
<doc>Fails if ``key`` is not found from ``dictionary``.</doc>
<status status="PASS" start="2024-07-06T19:11:57.019635" elapsed="0.000390"/>
</kw>
<kw name="Log" owner="BuiltIn">
<msg time="2024-07-06T19:11:57.020564" level="INFO">{'gender': 'male', 'name': {'title': 'Mr', 'first': 'Dhanush', 'last': 'Chavare'}, 'location': {'street': {'number': 4181, 'name': 'Mirza Ghalib St'}, 'city': 'Jalna', 'state': 'Daman and Diu', 'country': 'India', 'postcode': 88548, 'coordinates': {'latitude': '7.7465', 'longitude': '-161.1563'}, 'timezone': {'offset': '+2:00', 'description': 'Kaliningrad, South Africa'}}, 'email': 'dhanush.chavare@example.com', 'login': {'uuid': '4386863d-7faa-4ed1-ab3a-44815d5d1f47', 'username': 'bluemouse355', 'password': 'picks', 'salt': 'C9NO31g4', 'md5': 'f02b6130933d0d60c19e4b64ca3b907b', 'sha1': '979cf37d2b6b0f320a101432c0d5365f461f60aa', 'sha256': 'b7009857d1c1f30d52e1e064f32b8ee1dea44a4d826a72272e218ebb0e06cf49'}, 'dob': {'date': '1959-04-08T09:13:09.626Z', 'age': 65}, 'registered': {'date': '2012-10-27T03:36:31.953Z', 'age': 11}, 'phone': '7838092400', 'cell': '9832467300', 'id': {'name': 'UIDAI', 'value': '104578767427'}, 'picture': {'large': 'https://randomuser.me/api/portraits/men/9.jpg', 'medium': 'https://randomuser.me/api/portraits/med/men/9.jpg', 'thumbnail': 'https://randomuser.me/api/portraits/thumb/men/9.jpg'}, 'nat': 'IN'}</msg>
<arg>${json_data['results'][0]}</arg>
<doc>Logs the given message with the given level.</doc>
<status status="PASS" start="2024-07-06T19:11:57.020214" elapsed="0.000400"/>
</kw>
<kw name="Log" owner="BuiltIn">
<msg time="2024-07-06T19:11:57.021038" level="INFO">email</msg>
<arg>${key}</arg>
<doc>Logs the given message with the given level.</doc>
<status status="PASS" start="2024-07-06T19:11:57.020911" elapsed="0.000166"/>
</kw>
<var name="${key}">email</var>
<status status="PASS" start="2024-07-06T19:11:57.019522" elapsed="0.001770"/>
</iter>
<iter>
<kw name="Dictionary Should Contain Key" owner="Collections">
<arg>${json_data['results'][0]}</arg>
<arg>${key}</arg>
<doc>Fails if ``key`` is not found from ``dictionary``.</doc>
<status status="PASS" start="2024-07-06T19:11:57.021578" elapsed="0.000387"/>
</kw>
<kw name="Log" owner="BuiltIn">
<msg time="2024-07-06T19:11:57.022499" level="INFO">{'gender': 'male', 'name': {'title': 'Mr', 'first': 'Dhanush', 'last': 'Chavare'}, 'location': {'street': {'number': 4181, 'name': 'Mirza Ghalib St'}, 'city': 'Jalna', 'state': 'Daman and Diu', 'country': 'India', 'postcode': 88548, 'coordinates': {'latitude': '7.7465', 'longitude': '-161.1563'}, 'timezone': {'offset': '+2:00', 'description': 'Kaliningrad, South Africa'}}, 'email': 'dhanush.chavare@example.com', 'login': {'uuid': '4386863d-7faa-4ed1-ab3a-44815d5d1f47', 'username': 'bluemouse355', 'password': 'picks', 'salt': 'C9NO31g4', 'md5': 'f02b6130933d0d60c19e4b64ca3b907b', 'sha1': '979cf37d2b6b0f320a101432c0d5365f461f60aa', 'sha256': 'b7009857d1c1f30d52e1e064f32b8ee1dea44a4d826a72272e218ebb0e06cf49'}, 'dob': {'date': '1959-04-08T09:13:09.626Z', 'age': 65}, 'registered': {'date': '2012-10-27T03:36:31.953Z', 'age': 11}, 'phone': '7838092400', 'cell': '9832467300', 'id': {'name': 'UIDAI', 'value': '104578767427'}, 'picture': {'large': 'https://randomuser.me/api/portraits/men/9.jpg', 'medium': 'https://randomuser.me/api/portraits/med/men/9.jpg', 'thumbnail': 'https://randomuser.me/api/portraits/thumb/men/9.jpg'}, 'nat': 'IN'}</msg>
<arg>${json_data['results'][0]}</arg>
<doc>Logs the given message with the given level.</doc>
<status status="PASS" start="2024-07-06T19:11:57.022148" elapsed="0.000400"/>
</kw>
<kw name="Log" owner="BuiltIn">
<msg time="2024-07-06T19:11:57.022965" level="INFO">login</msg>
<arg>${key}</arg>
<doc>Logs the given message with the given level.</doc>
<status status="PASS" start="2024-07-06T19:11:57.022837" elapsed="0.000166"/>
</kw>
<var name="${key}">login</var>
<status status="PASS" start="2024-07-06T19:11:57.021463" elapsed="0.001790"/>
</iter>
<var>${key}</var>
<value>@{expected_keys}</value>
<status status="PASS" start="2024-07-06T19:11:57.013385" elapsed="0.009994"/>
</for>
<kw name="Create List" owner="BuiltIn">
<msg time="2024-07-06T19:11:57.023711" level="INFO">${expected_keysTwo} = ['username', 'password']</msg>
<var>${expected_keysTwo}</var>
<arg>username</arg>
<arg>password</arg>
<doc>Returns a list containing given items.</doc>
<status status="PASS" start="2024-07-06T19:11:57.023570" elapsed="0.000166"/>
</kw>
<for flavor="IN">
<iter>
<kw name="Dictionary Should Contain Key" owner="Collections">
<arg>${json_data['results'][0]['login']}</arg>
<arg>${keyTwo}</arg>
<doc>Fails if ``key`` is not found from ``dictionary``.</doc>
<status status="PASS" start="2024-07-06T19:11:57.024261" elapsed="0.000390"/>
</kw>
<kw name="Dictionary Should Contain Key" owner="Collections">
<arg>${json_data['results'][0]['login']}</arg>
<arg>${keyTwo}</arg>
<doc>Fails if ``key`` is not found from ``dictionary``.</doc>
<status status="PASS" start="2024-07-06T19:11:57.024832" elapsed="0.000377"/>
</kw>
<kw name="Log" owner="BuiltIn">
<msg time="2024-07-06T19:11:57.025521" level="INFO">username</msg>
<arg>${keyTwo}</arg>
<doc>Logs the given message with the given level.</doc>
<status status="PASS" start="2024-07-06T19:11:57.025399" elapsed="0.000160"/>
</kw>
<var name="${keyTwo}">username</var>
<status status="PASS" start="2024-07-06T19:11:57.024153" elapsed="0.001628"/>
</iter>
<iter>
<kw name="Dictionary Should Contain Key" owner="Collections">
<arg>${json_data['results'][0]['login']}</arg>
<arg>${keyTwo}</arg>
<doc>Fails if ``key`` is not found from ``dictionary``.</doc>
<status status="PASS" start="2024-07-06T19:11:57.026060" elapsed="0.000405"/>
</kw>
<kw name="Dictionary Should Contain Key" owner="Collections">
<arg>${json_data['results'][0]['login']}</arg>
<arg>${keyTwo}</arg>
<doc>Fails if ``key`` is not found from ``dictionary``.</doc>
<status status="PASS" start="2024-07-06T19:11:57.026645" elapsed="0.000373"/>
</kw>
<kw name="Log" owner="BuiltIn">
<msg time="2024-07-06T19:11:57.027406" level="INFO">password</msg>
<arg>${keyTwo}</arg>
<doc>Logs the given message with the given level.</doc>
<status status="PASS" start="2024-07-06T19:11:57.027247" elapsed="0.000229"/>
</kw>
<var name="${keyTwo}">password</var>
<status status="PASS" start="2024-07-06T19:11:57.025954" elapsed="0.001836"/>
</iter>
<var>${keyTwo}</var>
<value>@{expected_keysTwo}</value>
<status status="PASS" start="2024-07-06T19:11:57.024000" elapsed="0.003913"/>
</for>
<status status="PASS" start="2024-07-06T19:11:56.917307" elapsed="0.110747"/>
</kw>
<doc>Testa a estrutura da resposta da API.</doc>
<tag>testeEstruturaResposta</tag>
<status status="PASS" start="2024-07-06T19:11:56.916804" elapsed="0.111401"/>
</test>
<test id="s1-s1-t4" name="Validar tipos de dados" line="28">
<kw name="Teste de Tipos de Dados" owner="random-user-service">
<kw name="GET On Session" owner="RequestsLibrary">
<msg time="2024-07-06T19:11:57.107180" level="INFO">GET Request : url=https://randomuser.me/api 
 path_url=/api 
 headers={'User-Agent': 'python-requests/2.32.3', 'Accept-Encoding': 'gzip, deflate', 'Accept': '*/*', 'Connection': 'keep-alive'} 
 body=None 
 </msg>
<msg time="2024-07-06T19:11:57.107297" level="INFO">GET Response : url=https://randomuser.me/api 
 status=200, reason=OK 
 headers={'Date': 'Sat, 06 Jul 2024 19:11:57 GMT', 'Content-Type': 'application/json; charset=utf-8', 'Transfer-Encoding': 'chunked', 'Connection': 'keep-alive', 'X-Powered-By': 'Express', 'Access-Control-Allow-Origin': '*', 'Cache-Control': 'no-cache', 'ETag': 'W/"476-hsS4PC6DoN32EVTwdEQfNyPi2l8"', 'Vary': 'Accept-Encoding', 'Content-Encoding': 'gzip', 'CF-Cache-Status': 'DYNAMIC', 'Report-To': '{"endpoints":[{"url":"https:\\/\\/a.nel.cloudflare.com\\/report\\/v4?s=6lGhkLzg%2BoxN80Cydb8psPim1M7TWleLVIvzXcE3aRsiQBD8t%2BTebQ87KlyPpKWcfgGf5uCLcFOunooccZCmp79ER3MmBkTATSC6xTcz6I50x2ty9KDulAuxyZhshCBN"}],"group":"cf-nel","max_age":604800}', 'NEL': '{"success_fraction":0,"report_to":"cf-nel","max_age":604800}', 'Server': 'cloudflare', 'CF-RAY': '89f1e74d7e0107ff-IAD', 'alt-svc': 'h3=":443"; ma=86400'} 
 body={"results":[{"gender":"male","name":{"title":"Mr","first":"Laksh","last":"Rajesh"},"location":{"street":{"number":2315,"name":"Dadabhai Naoroji Rd"},"city":"Kolkata","state":"Mizoram","country":"India","postcode":30144,"coordinates":{"latitude":"8.3753","longitude":"-39.0162"},"timezone":{"offset":"+9:30","description":"Adelaide, Darwin"}},"email":"laksh.rajesh@example.com","login":{"uuid":"9be348a3-8738-4c93-aabd-7a5d57a0c87a","username":"sadswan518","password":"penguins","salt":"ICmGYLlQ","md5":"1b3971ee95726c553dfb1b3715c3b41b","sha1":"e6b97573ba2e537b18a4c38e4ed981f4d25df701","sha256":"fee0f00404fb728af32be7320b58e63486be2d7a4113fd78107587266acdc72a"},"dob":{"date":"1981-10-07T11:54:51.059Z","age":42},"registered":{"date":"2009-06-15T00:34:15.509Z","age":15},"phone":"8460754652","cell":"9147799737","id":{"name":"UIDAI","value":"206075239265"},"picture":{"large":"https://randomuser.me/api/portraits/men/86.jpg","medium":"https://randomuser.me/api/portraits/med/men/86.jpg","thumbnail":"https://randomuser.me/api/portraits/thumb/men/86.jpg"},"nat":"IN"}],"info":{"seed":"43ebea7b356bc8a0","results":1,"page":1,"version":"1.4"}} 
 </msg>
<msg time="2024-07-06T19:11:57.107373" level="INFO">/opt/hostedtoolcache/Python/3.12.4/x64/lib/python3.12/site-packages/urllib3/connectionpool.py:1099: InsecureRequestWarning: Unverified HTTPS request is being made to host 'randomuser.me'. Adding certificate verification is strongly advised. See: https://urllib3.readthedocs.io/en/latest/advanced-usage.html#tls-warnings
  warnings.warn(</msg>
<msg time="2024-07-06T19:11:57.107495" level="INFO">${response} = &lt;Response [200]&gt;</msg>
<var>${response}</var>
<arg>consultarAPI</arg>
<arg>/api</arg>
<doc>Sends a GET request on a previously created HTTP Session.</doc>
<status status="PASS" start="2024-07-06T19:11:57.030627" elapsed="0.076903"/>
</kw>
<kw name="Set Variable" owner="BuiltIn">
<msg time="2024-07-06T19:11:57.108529" level="INFO">${json_data} = {'results': [{'gender': 'male', 'name': {'title': 'Mr', 'first': 'Laksh', 'last': 'Rajesh'}, 'location': {'street': {'number': 2315, 'name': 'Dadabhai Naoroji Rd'}, 'city': 'Kolkata', 'state': 'Mizora...</msg>
<var>${json_data}</var>
<arg>${response.json()}</arg>
<doc>Returns the given values which can then be assigned to a variables.</doc>
<status status="PASS" start="2024-07-06T19:11:57.108031" elapsed="0.000528"/>
</kw>
<kw name="Log" owner="BuiltIn">
<msg time="2024-07-06T19:11:57.109064" level="INFO">{'results': [{'gender': 'male', 'name': {'title': 'Mr', 'first': 'Laksh', 'last': 'Rajesh'}, 'location': {'street': {'number': 2315, 'name': 'Dadabhai Naoroji Rd'}, 'city': 'Kolkata', 'state': 'Mizoram', 'country': 'India', 'postcode': 30144, 'coordinates': {'latitude': '8.3753', 'longitude': '-39.0162'}, 'timezone': {'offset': '+9:30', 'description': 'Adelaide, Darwin'}}, 'email': 'laksh.rajesh@example.com', 'login': {'uuid': '9be348a3-8738-4c93-aabd-7a5d57a0c87a', 'username': 'sadswan518', 'password': 'penguins', 'salt': 'ICmGYLlQ', 'md5': '1b3971ee95726c553dfb1b3715c3b41b', 'sha1': 'e6b97573ba2e537b18a4c38e4ed981f4d25df701', 'sha256': 'fee0f00404fb728af32be7320b58e63486be2d7a4113fd78107587266acdc72a'}, 'dob': {'date': '1981-10-07T11:54:51.059Z', 'age': 42}, 'registered': {'date': '2009-06-15T00:34:15.509Z', 'age': 15}, 'phone': '8460754652', 'cell': '9147799737', 'id': {'name': 'UIDAI', 'value': '206075239265'}, 'picture': {'large': 'https://randomuser.me/api/portraits/men/86.jpg', 'medium': 'https://randomuser.me/api/portraits/med/men/86.jpg', 'thumbnail': 'https://randomuser.me/api/portraits/thumb/men/86.jpg'}, 'nat': 'IN'}], 'info': {'seed': '43ebea7b356bc8a0', 'results': 1, 'page': 1, 'version': '1.4'}}</msg>
<arg>${json_data}</arg>
<doc>Logs the given message with the given level.</doc>
<status status="PASS" start="2024-07-06T19:11:57.108900" elapsed="0.000215"/>
</kw>
<kw name="Should Be String" owner="String">
<arg>${json_data['results'][0]['gender']}</arg>
<doc>Fails if the given ``item`` is not a string.</doc>
<status status="PASS" start="2024-07-06T19:11:57.109416" elapsed="0.000371"/>
</kw>
<kw name="Should Match Regexp" owner="BuiltIn">
<arg>${json_data['results'][0]['email']}</arg>
<arg>^[a-zA-Z0-9._%+-]+@[a-zA-Z0-9.-]+\.[a-zA-Z]{2,}$</arg>
<doc>Fails if ``string`` does not match ``pattern`` as a regular expression.</doc>
<status status="PASS" start="2024-07-06T19:11:57.109979" elapsed="0.000511"/>
</kw>
<kw name="Should Match Regexp" owner="BuiltIn">
<arg>${json_data['results'][0]['dob']['date']}</arg>
<arg>\\d{4}-\\d{2}-\\d{2}T\\d{2}:\\d{2}:\\d{2}\\.\\d{3}Z</arg>
<doc>Fails if ``string`` does not match ``pattern`` as a regular expression.</doc>
<status status="PASS" start="2024-07-06T19:11:57.110721" elapsed="0.000519"/>
</kw>
<kw name="Should Match Regexp" owner="BuiltIn">
<arg>${json_data['results'][0]['registered']['date']}</arg>
<arg>\\d{4}-\\d{2}-\\d{2}T\\d{2}:\\d{2}:\\d{2}\\.\\d{3}Z</arg>
<doc>Fails if ``string`` does not match ``pattern`` as a regular expression.</doc>
<status status="PASS" start="2024-07-06T19:11:57.111444" elapsed="0.000382"/>
</kw>
<kw name="Should Match Regexp" owner="BuiltIn">
<arg>${json_data['results'][0]['picture']['large']}</arg>
<arg>^https?://.*\.(?:png|jpe?g|gif|bmp)$</arg>
<doc>Fails if ``string`` does not match ``pattern`` as a regular expression.</doc>
<status status="PASS" start="2024-07-06T19:11:57.112013" elapsed="0.000606"/>
</kw>
<kw name="Should Match Regexp" owner="BuiltIn">
<arg>${json_data['results'][0]['picture']['medium']}</arg>
<arg>^https?://.*\.(?:png|jpe?g|gif|bmp)$</arg>
<doc>Fails if ``string`` does not match ``pattern`` as a regular expression.</doc>
<status status="PASS" start="2024-07-06T19:11:57.112951" elapsed="0.000557"/>
</kw>
<kw name="Should Match Regexp" owner="BuiltIn">
<arg>${json_data['results'][0]['picture']['thumbnail']}</arg>
<arg>^https?://.*\.(?:png|jpe?g|gif|bmp)$</arg>
<doc>Fails if ``string`` does not match ``pattern`` as a regular expression.</doc>
<status status="PASS" start="2024-07-06T19:11:57.113790" elapsed="0.000380"/>
</kw>
<kw name="Log" owner="BuiltIn">
<msg time="2024-07-06T19:11:57.114705" level="INFO">{'large': 'https://randomuser.me/api/portraits/men/86.jpg', 'medium': 'https://randomuser.me/api/portraits/med/men/86.jpg', 'thumbnail': 'https://randomuser.me/api/portraits/thumb/men/86.jpg'}</msg>
<arg>${json_data['results'][0]['picture']}</arg>
<doc>Logs the given message with the given level.</doc>
<status status="PASS" start="2024-07-06T19:11:57.114359" elapsed="0.000389"/>
</kw>
<status status="PASS" start="2024-07-06T19:11:57.030408" elapsed="0.084603"/>
</kw>
<kw name="Teste de Tipos de Dados - Postcode" owner="random-user-service">
<kw name="GET On Session" owner="RequestsLibrary">
<msg time="2024-07-06T19:11:57.209150" level="INFO">GET Request : url=https://randomuser.me/api 
 path_url=/api 
 headers={'User-Agent': 'python-requests/2.32.3', 'Accept-Encoding': 'gzip, deflate', 'Accept': '*/*', 'Connection': 'keep-alive'} 
 body=None 
 </msg>
<msg time="2024-07-06T19:11:57.209236" level="INFO">GET Response : url=https://randomuser.me/api 
 status=200, reason=OK 
 headers={'Date': 'Sat, 06 Jul 2024 19:11:57 GMT', 'Content-Type': 'application/json; charset=utf-8', 'Transfer-Encoding': 'chunked', 'Connection': 'keep-alive', 'X-Powered-By': 'Express', 'Access-Control-Allow-Origin': '*', 'Cache-Control': 'no-cache', 'ETag': 'W/"47f-NGpBYJBamKsUlKaHSfMKGMSKWVA"', 'Vary': 'Accept-Encoding', 'Content-Encoding': 'gzip', 'CF-Cache-Status': 'DYNAMIC', 'Report-To': '{"endpoints":[{"url":"https:\\/\\/a.nel.cloudflare.com\\/report\\/v4?s=%2BW%2FWgokhbl%2BK3C%2BzAHEvrRWyzykgpw67zsCjLW186qCw84IBXIvd8a3lYViHUm0%2FtlHaRkwCbMnPtuhRwvQdj9U%2B2bVUipoMfWbiZKPsJvBG4xX9x0sGu%2BXkDAZZxVhp"}],"group":"cf-nel","max_age":604800}', 'NEL': '{"success_fraction":0,"report_to":"cf-nel","max_age":604800}', 'Server': 'cloudflare', 'CF-RAY': '89f1e74dfe9207ff-IAD', 'alt-svc': 'h3=":443"; ma=86400'} 
 body={"results":[{"gender":"female","name":{"title":"Miss","first":"Norma","last":"Hernandez"},"location":{"street":{"number":3504,"name":"Forest Ln"},"city":"Albury","state":"South Australia","country":"Australia","postcode":5921,"coordinates":{"latitude":"-87.2712","longitude":"43.0931"},"timezone":{"offset":"-10:00","description":"Hawaii"}},"email":"norma.hernandez@example.com","login":{"uuid":"b6015408-b765-4606-afa5-e3ceabe122d3","username":"goldentiger287","password":"nipples","salt":"BxuAbyy0","md5":"45a9acca2e2c4d87f18f55d754f121ae","sha1":"28595254cd502a585e8ff5cdc10888768a26cac6","sha256":"9d3f061ca19c2705ab2a3a405c1e6300a72426ace1933b6cf682d92b4d3ddb17"},"dob":{"date":"1989-01-14T05:34:10.279Z","age":35},"registered":{"date":"2020-06-13T03:13:30.826Z","age":4},"phone":"07-8111-8229","cell":"0453-444-334","id":{"name":"TFN","value":"620068456"},"picture":{"large":"https://randomuser.me/api/portraits/women/64.jpg","medium":"https://randomuser.me/api/portraits/med/women/64.jpg","thumbnail":"https://randomuser.me/api/portraits/thumb/women/64.jpg"},"nat":"AU"}],"info":{"seed":"40b4d42c465733f5","results":1,"page":1,"version":"1.4"}} 
 </msg>
<msg time="2024-07-06T19:11:57.209306" level="INFO">/opt/hostedtoolcache/Python/3.12.4/x64/lib/python3.12/site-packages/urllib3/connectionpool.py:1099: InsecureRequestWarning: Unverified HTTPS request is being made to host 'randomuser.me'. Adding certificate verification is strongly advised. See: https://urllib3.readthedocs.io/en/latest/advanced-usage.html#tls-warnings
  warnings.warn(</msg>
<msg time="2024-07-06T19:11:57.209416" level="INFO">${response} = &lt;Response [200]&gt;</msg>
<var>${response}</var>
<arg>consultarAPI</arg>
<arg>/api</arg>
<doc>Sends a GET request on a previously created HTTP Session.</doc>
<status status="PASS" start="2024-07-06T19:11:57.115505" elapsed="0.093949"/>
</kw>
<kw name="Set Variable" owner="BuiltIn">
<msg time="2024-07-06T19:11:57.210427" level="INFO">${json_data} = {'results': [{'gender': 'female', 'name': {'title': 'Miss', 'first': 'Norma', 'last': 'Hernandez'}, 'location': {'street': {'number': 3504, 'name': 'Forest Ln'}, 'city': 'Albury', 'state': 'South Aust...</msg>
<var>${json_data}</var>
<arg>${response.json()}</arg>
<doc>Returns the given values which can then be assigned to a variables.</doc>
<status status="PASS" start="2024-07-06T19:11:57.209964" elapsed="0.000491"/>
</kw>
<kw name="Log" owner="BuiltIn">
<msg time="2024-07-06T19:11:57.210931" level="INFO">{'results': [{'gender': 'female', 'name': {'title': 'Miss', 'first': 'Norma', 'last': 'Hernandez'}, 'location': {'street': {'number': 3504, 'name': 'Forest Ln'}, 'city': 'Albury', 'state': 'South Australia', 'country': 'Australia', 'postcode': 5921, 'coordinates': {'latitude': '-87.2712', 'longitude': '43.0931'}, 'timezone': {'offset': '-10:00', 'description': 'Hawaii'}}, 'email': 'norma.hernandez@example.com', 'login': {'uuid': 'b6015408-b765-4606-afa5-e3ceabe122d3', 'username': 'goldentiger287', 'password': 'nipples', 'salt': 'BxuAbyy0', 'md5': '45a9acca2e2c4d87f18f55d754f121ae', 'sha1': '28595254cd502a585e8ff5cdc10888768a26cac6', 'sha256': '9d3f061ca19c2705ab2a3a405c1e6300a72426ace1933b6cf682d92b4d3ddb17'}, 'dob': {'date': '1989-01-14T05:34:10.279Z', 'age': 35}, 'registered': {'date': '2020-06-13T03:13:30.826Z', 'age': 4}, 'phone': '07-8111-8229', 'cell': '0453-444-334', 'id': {'name': 'TFN', 'value': '620068456'}, 'picture': {'large': 'https://randomuser.me/api/portraits/women/64.jpg', 'medium': 'https://randomuser.me/api/portraits/med/women/64.jpg', 'thumbnail': 'https://randomuser.me/api/portraits/thumb/women/64.jpg'}, 'nat': 'AU'}], 'info': {'seed': '40b4d42c465733f5', 'results': 1, 'page': 1, 'version': '1.4'}}</msg>
<arg>${json_data}</arg>
<doc>Logs the given message with the given level.</doc>
<status status="PASS" start="2024-07-06T19:11:57.210775" elapsed="0.000204"/>
</kw>
<kw name="Should Be Equal As Numbers" owner="BuiltIn">
<arg>${json_data['results'][0]['location']['postcode']}</arg>
<arg>${json_data['results'][0]['location']['postcode']}</arg>
<doc>Fails if objects are unequal after converting them to real numbers.</doc>
<status status="PASS" start="2024-07-06T19:11:57.211311" elapsed="0.000619"/>
</kw>
<kw name="Log" owner="BuiltIn">
<msg time="2024-07-06T19:11:57.212607" level="INFO">5921</msg>
<arg>${json_data['results'][0]['location']['postcode']}</arg>
<doc>Logs the given message with the given level.</doc>
<status status="PASS" start="2024-07-06T19:11:57.212124" elapsed="0.000524"/>
</kw>
<status status="PASS" start="2024-07-06T19:11:57.115268" elapsed="0.097649"/>
</kw>
<doc>Testa se os tipos de dados na resposta da API estão corretos.</doc>
<tag>testeTiposDados</tag>
<status status="PASS" start="2024-07-06T19:11:57.029957" elapsed="0.183157"/>
</test>
<test id="s1-s1-t5" name="Validar conteudo" line="35">
<kw name="Teste de Tipos de Conteudo" owner="random-user-service">
<kw name="GET On Session" owner="RequestsLibrary">
<msg time="2024-07-06T19:11:57.308313" level="INFO">GET Request : url=https://randomuser.me/api 
 path_url=/api 
 headers={'User-Agent': 'python-requests/2.32.3', 'Accept-Encoding': 'gzip, deflate', 'Accept': '*/*', 'Connection': 'keep-alive'} 
 body=None 
 </msg>
<msg time="2024-07-06T19:11:57.308416" level="INFO">GET Response : url=https://randomuser.me/api 
 status=200, reason=OK 
 headers={'Date': 'Sat, 06 Jul 2024 19:11:57 GMT', 'Content-Type': 'application/json; charset=utf-8', 'Transfer-Encoding': 'chunked', 'Connection': 'keep-alive', 'X-Powered-By': 'Express', 'Access-Control-Allow-Origin': '*', 'Cache-Control': 'no-cache', 'ETag': 'W/"49c-OcKjnHlErcSMG7dz0FUFjUaHwYk"', 'Vary': 'Accept-Encoding', 'Content-Encoding': 'gzip', 'CF-Cache-Status': 'DYNAMIC', 'Report-To': '{"endpoints":[{"url":"https:\\/\\/a.nel.cloudflare.com\\/report\\/v4?s=um0WolyDNIXaFzpzwEqzT1y4HovGGF6yQzybL0gVb1UEsFwqeNYfocbSx4jqUFqCAalzrMqNqsLmLhgSmWzU9cSb4Q7qOHwbht7ukdsIniaru2%2FyaN2sTicLIBI2cvmL"}],"group":"cf-nel","max_age":604800}', 'NEL': '{"success_fraction":0,"report_to":"cf-nel","max_age":604800}', 'Server': 'cloudflare', 'CF-RAY': '89f1e74e9f4207ff-IAD', 'alt-svc': 'h3=":443"; ma=86400'} 
 body={"results":[{"gender":"female","name":{"title":"Miss","first":"مارال","last":"سلطانی نژاد"},"location":{"street":{"number":3591,"name":"میدان انقلاب"},"city":"گلستان","state":"خراسان شمالی","country":"Iran","postcode":61103,"coordinates":{"latitude":"12.8589","longitude":"176.1158"},"timezone":{"offset":"-2:00","description":"Mid-Atlantic"}},"email":"mrl.sltnynjd@example.com","login":{"uuid":"95265af5-95be-45f6-b43b-3bfccd483e96","username":"sadduck749","password":"climax","salt":"xR3v8xmr","md5":"b1b1c258f44d9269d4dfaaa8485c52ae","sha1":"ee98dd9710cd219bb11b371b7053fdd66864c0d0","sha256":"d4fadecaec18ee8dfa3cd1ccb8f218667639bfe93f65f9307a144785d0993f87"},"dob":{"date":"1999-04-14T06:07:50.707Z","age":25},"registered":{"date":"2017-11-04T05:00:34.250Z","age":6},"phone":"082-52964984","cell":"0924-861-7922","id":{"name":"","value":null},"picture":{"large":"https://randomuser.me/api/portraits/women/77.jpg","medium":"https://randomuser.me/api/portraits/med/women/77.jpg","thumbnail":"https://randomuser.me/api/portraits/thumb/women/77.jpg"},"nat":"IR"}],"info":{"seed":"0acab36de9dcd174","results":1,"page":1,"version":"1.4"}} 
 </msg>
<msg time="2024-07-06T19:11:57.308498" level="INFO">/opt/hostedtoolcache/Python/3.12.4/x64/lib/python3.12/site-packages/urllib3/connectionpool.py:1099: InsecureRequestWarning: Unverified HTTPS request is being made to host 'randomuser.me'. Adding certificate verification is strongly advised. See: https://urllib3.readthedocs.io/en/latest/advanced-usage.html#tls-warnings
  warnings.warn(</msg>
<msg time="2024-07-06T19:11:57.308618" level="INFO">${response} = &lt;Response [200]&gt;</msg>
<var>${response}</var>
<arg>consultarAPI</arg>
<arg>/api</arg>
<doc>Sends a GET request on a previously created HTTP Session.</doc>
<status status="PASS" start="2024-07-06T19:11:57.215656" elapsed="0.093006"/>
</kw>
<kw name="Set Variable" owner="BuiltIn">
<msg time="2024-07-06T19:11:57.309703" level="INFO">${json_data} = {'results': [{'gender': 'female', 'name': {'title': 'Miss', 'first': 'مارال', 'last': 'سلطانی نژاد'}, 'location': {'street': {'number': 3591, 'name': 'میدان انقلاب'}, 'city': 'گلستان', 'state': 'خراسا...</msg>
<var>${json_data}</var>
<arg>${response.json()}</arg>
<doc>Returns the given values which can then be assigned to a variables.</doc>
<status status="PASS" start="2024-07-06T19:11:57.309208" elapsed="0.000526"/>
</kw>
<kw name="Set Variable" owner="BuiltIn">
<msg time="2024-07-06T19:11:57.310425" level="INFO">${name_title} = Miss</msg>
<var>${name_title}</var>
<arg>${json_data["results"][0]["name"]["title"]}</arg>
<doc>Returns the given values which can then be assigned to a variables.</doc>
<status status="PASS" start="2024-07-06T19:11:57.310037" elapsed="0.000413"/>
</kw>
<kw name="Create List" owner="BuiltIn">
<msg time="2024-07-06T19:11:57.310888" level="INFO">${allowed_titles} = ['Mr', 'Ms', 'Miss', 'Mrs', 'Madame', 'Monsieur']</msg>
<var>${allowed_titles}</var>
<arg>Mr</arg>
<arg>Ms</arg>
<arg>Miss</arg>
<arg>Mrs</arg>
<arg>Madame</arg>
<arg>Monsieur</arg>
<doc>Returns a list containing given items.</doc>
<status status="PASS" start="2024-07-06T19:11:57.310743" elapsed="0.000177"/>
</kw>
<kw name="List Should Contain Value" owner="Collections">
<arg>${allowed_titles}</arg>
<arg>${name_title}</arg>
<doc>Fails if the ``value`` is not found from ``list``.</doc>
<status status="PASS" start="2024-07-06T19:11:57.311241" elapsed="0.000192"/>
</kw>
<kw name="Set Variable" owner="BuiltIn">
<msg time="2024-07-06T19:11:57.311987" level="INFO">${name_country} = IR</msg>
<var>${name_country}</var>
<arg>${json_data["results"][0]["nat"]}</arg>
<doc>Returns the given values which can then be assigned to a variables.</doc>
<status status="PASS" start="2024-07-06T19:11:57.311615" elapsed="0.000397"/>
</kw>
<kw name="Create List" owner="BuiltIn">
<msg time="2024-07-06T19:11:57.312888" level="INFO">${list_country} = ['AD', 'AE', 'AF', 'AG', 'AI', 'AL', 'AM', 'AO', 'AQ', 'AR', 'AS', 'AT', 'AU', 'AW', 'AX', 'AZ', 'BA', 'BB', 'BD', 'BE', 'BF', 'BG', 'BH', 'BI', 'BJ', 'BL', 'BM', 'BN', 'BO', 'BQ', 'BR', 'BS', 'BT', '...</msg>
<var>${list_country}</var>
<arg>AD</arg>
<arg>AE</arg>
<arg>AF</arg>
<arg>AG</arg>
<arg>AI</arg>
<arg>AL</arg>
<arg>AM</arg>
<arg>AO</arg>
<arg>AQ</arg>
<arg>AR</arg>
<arg>AS</arg>
<arg>AT</arg>
<arg>AU</arg>
<arg>AW</arg>
<arg>AX</arg>
<arg>AZ</arg>
<arg>BA</arg>
<arg>BB</arg>
<arg>BD</arg>
<arg>BE</arg>
<arg>BF</arg>
<arg>BG</arg>
<arg>BH</arg>
<arg>BI</arg>
<arg>BJ</arg>
<arg>BL</arg>
<arg>BM</arg>
<arg>BN</arg>
<arg>BO</arg>
<arg>BQ</arg>
<arg>BR</arg>
<arg>BS</arg>
<arg>BT</arg>
<arg>BV</arg>
<arg>BW</arg>
<arg>BY</arg>
<arg>BZ</arg>
<arg>CA</arg>
<arg>CC</arg>
<arg>CD</arg>
<arg>CF</arg>
<arg>CG</arg>
<arg>CH</arg>
<arg>CI</arg>
<arg>CK</arg>
<arg>CL</arg>
<arg>CM</arg>
<arg>CN</arg>
<arg>CO</arg>
<arg>CR</arg>
<arg>CU</arg>
<arg>CV</arg>
<arg>CW</arg>
<arg>CX</arg>
<arg>CY</arg>
<arg>CZ</arg>
<arg>DE</arg>
<arg>DJ</arg>
<arg>DK</arg>
<arg>DM</arg>
<arg>DO</arg>
<arg>DZ</arg>
<arg>EC</arg>
<arg>EE</arg>
<arg>EG</arg>
<arg>EH</arg>
<arg>ER</arg>
<arg>ES</arg>
<arg>ET</arg>
<arg>FI</arg>
<arg>FJ</arg>
<arg>FK</arg>
<arg>FM</arg>
<arg>FO</arg>
<arg>FR</arg>
<arg>GA</arg>
<arg>GB</arg>
<arg>GD</arg>
<arg>GE</arg>
<arg>GF</arg>
<arg>GG</arg>
<arg>GH</arg>
<arg>GI</arg>
<arg>GL</arg>
<arg>GM</arg>
<arg>GN</arg>
<arg>GP</arg>
<arg>GQ</arg>
<arg>GR</arg>
<arg>GS</arg>
<arg>GT</arg>
<arg>GU</arg>
<arg>GW</arg>
<arg>GY</arg>
<arg>HK</arg>
<arg>HM</arg>
<arg>HN</arg>
<arg>HR</arg>
<arg>HT</arg>
<arg>HU</arg>
<arg>ID</arg>
<arg>IE</arg>
<arg>IL</arg>
<arg>IM</arg>
<arg>IN</arg>
<arg>IO</arg>
<arg>IQ</arg>
<arg>IR</arg>
<arg>IS</arg>
<arg>IT</arg>
<arg>JE</arg>
<arg>JM</arg>
<arg>JO</arg>
<arg>JP</arg>
<arg>KE</arg>
<arg>KG</arg>
<arg>KH</arg>
<arg>KI</arg>
<arg>KM</arg>
<arg>KN</arg>
<arg>KP</arg>
<arg>KR</arg>
<arg>KW</arg>
<arg>KY</arg>
<arg>KZ</arg>
<arg>LA</arg>
<arg>LB</arg>
<arg>LC</arg>
<arg>LI</arg>
<arg>LK</arg>
<arg>LR</arg>
<arg>LS</arg>
<arg>LT</arg>
<arg>LU</arg>
<arg>LV</arg>
<arg>LY</arg>
<arg>MA</arg>
<arg>MC</arg>
<arg>MD</arg>
<arg>ME</arg>
<arg>MF</arg>
<arg>MG</arg>
<arg>MH</arg>
<arg>MK</arg>
<arg>ML</arg>
<arg>MM</arg>
<arg>MN</arg>
<arg>MO</arg>
<arg>MP</arg>
<arg>MQ</arg>
<arg>MR</arg>
<arg>MS</arg>
<arg>MT</arg>
<arg>MU</arg>
<arg>MV</arg>
<arg>MW</arg>
<arg>MX</arg>
<arg>MY</arg>
<arg>MZ</arg>
<arg>NA</arg>
<arg>NC</arg>
<arg>NE</arg>
<arg>NF</arg>
<arg>NG</arg>
<arg>NI</arg>
<arg>NL</arg>
<arg>NO</arg>
<arg>NP</arg>
<arg>NR</arg>
<arg>NU</arg>
<arg>NZ</arg>
<arg>OM</arg>
<arg>PA</arg>
<arg>PE</arg>
<arg>PF</arg>
<arg>PG</arg>
<arg>PH</arg>
<arg>PK</arg>
<arg>PL</arg>
<arg>PM</arg>
<arg>PN</arg>
<arg>PR</arg>
<arg>PS</arg>
<arg>PT</arg>
<arg>PW</arg>
<arg>PY</arg>
<arg>QA</arg>
<arg>RE</arg>
<arg>RO</arg>
<arg>RS</arg>
<arg>RU</arg>
<arg>RW</arg>
<arg>SA</arg>
<arg>SB</arg>
<arg>SC</arg>
<arg>SD</arg>
<arg>SE</arg>
<arg>SG</arg>
<arg>SH</arg>
<arg>SI</arg>
<arg>SJ</arg>
<arg>SK</arg>
<arg>SL</arg>
<arg>SM</arg>
<arg>SN</arg>
<arg>SO</arg>
<arg>SR</arg>
<arg>SS</arg>
<arg>ST</arg>
<arg>SV</arg>
<arg>SX</arg>
<arg>SY</arg>
<arg>SZ</arg>
<arg>TC</arg>
<arg>TD</arg>
<arg>TF</arg>
<arg>TG</arg>
<arg>TH</arg>
<arg>TJ</arg>
<arg>TK</arg>
<arg>TL</arg>
<arg>TM</arg>
<arg>TN</arg>
<arg>TO</arg>
<arg>TR</arg>
<arg>TT</arg>
<arg>TV</arg>
<arg>TW</arg>
<arg>TZ</arg>
<arg>UA</arg>
<arg>UG</arg>
<arg>UM</arg>
<arg>US</arg>
<arg>UY</arg>
<arg>UZ</arg>
<arg>VA</arg>
<arg>VC</arg>
<arg>VE</arg>
<arg>VG</arg>
<arg>VI</arg>
<arg>VN</arg>
<arg>VU</arg>
<arg>WF</arg>
<arg>WS</arg>
<arg>XK</arg>
<arg>YE</arg>
<arg>YT</arg>
<arg>ZA</arg>
<arg>ZM</arg>
<arg>ZW</arg>
<doc>Returns a list containing given items.</doc>
<status status="PASS" start="2024-07-06T19:11:57.312299" elapsed="0.000615"/>
</kw>
<kw name="List Should Contain Value" owner="Collections">
<arg>${list_country}</arg>
<arg>${name_country}</arg>
<doc>Fails if the ``value`` is not found from ``list``.</doc>
<status status="PASS" start="2024-07-06T19:11:57.313705" elapsed="0.000202"/>
</kw>
<kw name="Run Keyword If" owner="BuiltIn">
<kw name="Should Be True" owner="BuiltIn">
<arg>${True}</arg>
<doc>Fails if the given condition is not true.</doc>
<status status="PASS" start="2024-07-06T19:11:57.314824" elapsed="0.000139"/>
</kw>
<arg>${json_data["results"][0]["location"]["coordinates"]["latitude"]} &gt;= -90 and ${json_data["results"][0]["location"]["coordinates"]["latitude"]} &lt;= 90</arg>
<arg>Should Be True</arg>
<arg>${True}</arg>
<doc>Runs the given keyword with the given arguments, if ``condition`` is true.</doc>
<status status="PASS" start="2024-07-06T19:11:57.314101" elapsed="0.000984"/>
</kw>
<kw name="Run Keyword If" owner="BuiltIn">
<kw name="Should Be True" owner="BuiltIn">
<arg>${True}</arg>
<doc>Fails if the given condition is not true.</doc>
<status status="PASS" start="2024-07-06T19:11:57.315972" elapsed="0.000235"/>
</kw>
<arg>${json_data["results"][0]["location"]["coordinates"]["longitude"]} &gt;= -180 and ${json_data["results"][0]["location"]["coordinates"]["longitude"]} &lt;= 180</arg>
<arg>Should Be True</arg>
<arg>${True}</arg>
<doc>Runs the given keyword with the given arguments, if ``condition`` is true.</doc>
<status status="PASS" start="2024-07-06T19:11:57.315293" elapsed="0.001040"/>
</kw>
<status status="PASS" start="2024-07-06T19:11:57.215433" elapsed="0.101031"/>
</kw>
<doc>Testa o conteúdo específico dos campos retornados pela API.</doc>
<tag>testeConteudo</tag>
<status status="PASS" start="2024-07-06T19:11:57.214877" elapsed="0.101733"/>
</test>
<status status="PASS" start="2024-07-06T19:11:56.373502" elapsed="0.945063"/>
</suite>
<status status="PASS" start="2024-07-06T19:11:56.359042" elapsed="0.964553"/>
</suite>
<statistics>
<total>
<stat pass="5" fail="0" skip="0">All Tests</stat>
</total>
<tag>
<stat pass="1" fail="0" skip="0">testeConteudo</stat>
<stat pass="1" fail="0" skip="0">testeEstruturaResposta</stat>
<stat pass="1" fail="0" skip="0">testeRequisicaoBasica</stat>
<stat pass="1" fail="0" skip="0">testeTiposDados</stat>
</tag>
<suite>
<stat pass="5" fail="0" skip="0" id="s1" name="Tests">Tests</stat>
<stat pass="5" fail="0" skip="0" id="s1-s1" name="Random-User-Test">Tests.Random-User-Test</stat>
</suite>
</statistics>
<errors>
</errors>
</robot>
