<?xml version="1.0" encoding="UTF-8"?>
<robot generator="Robot 7.0.1 (Python 3.12.4 on linux)" generated="2024-06-21T12:27:51.339457" rpa="false" schemaversion="5">
<suite id="s1" name="Tests" source="/home/runner/work/ApiRandomUser/ApiRandomUser/RamdonUser/tests">
<suite id="s1-s1" name="Random-User-Test" source="/home/runner/work/ApiRandomUser/ApiRandomUser/RamdonUser/tests/random-user-test.robot">
<test id="s1-s1-t1" name="Conectar" line="13">
<kw name="Conectar API" owner="random-user-service">
<kw name="Create Session" owner="RequestsLibrary">
<msg time="2024-06-21T12:27:51.786351" level="INFO">Creating Session using : alias=consultarAPI, url=https://randomuser.me/, headers={},                     cookies={}, auth=None, timeout=None, proxies=None, verify=False,                     debug=0 </msg>
<arg>consultarAPI</arg>
<arg>${URL}</arg>
<doc>Create Session: create a HTTP session to a server</doc>
<status status="PASS" start="2024-06-21T12:27:51.786119" elapsed="0.000434"/>
</kw>
<status status="PASS" start="2024-06-21T12:27:51.785016" elapsed="0.001936"/>
</kw>
<status status="PASS" start="2024-06-21T12:27:51.784230" elapsed="0.002928"/>
</test>
<test id="s1-s1-t2" name="Validar retorno 200 e JSON Válido" line="16">
<kw name="Teste de Requisicao Basica" owner="random-user-service">
<kw name="GET On Session" owner="RequestsLibrary">
<msg time="2024-06-21T12:27:52.062484" level="INFO">GET Request : url=https://randomuser.me/api 
 path_url=/api 
 headers={'User-Agent': 'python-requests/2.32.3', 'Accept-Encoding': 'gzip, deflate', 'Accept': '*/*', 'Connection': 'keep-alive'} 
 body=None 
 </msg>
<msg time="2024-06-21T12:27:52.062677" level="INFO">GET Response : url=https://randomuser.me/api 
 status=200, reason=OK 
 headers={'Date': 'Fri, 21 Jun 2024 12:27:52 GMT', 'Content-Type': 'application/json; charset=utf-8', 'Transfer-Encoding': 'chunked', 'Connection': 'keep-alive', 'X-Powered-By': 'Express', 'Access-Control-Allow-Origin': '*', 'Cache-Control': 'no-cache', 'ETag': 'W/"4a5-r+o8e4Z77xYuD3mPcbrMNNRKc/I"', 'Vary': 'Accept-Encoding', 'Content-Encoding': 'gzip', 'CF-Cache-Status': 'DYNAMIC', 'Report-To': '{"endpoints":[{"url":"https:\\/\\/a.nel.cloudflare.com\\/report\\/v4?s=fJY9%2ByntEYIgTa7A%2B9cN1tAevMCiUcyPV3zhakm9LoQUXCr8ZMLqzPVSZmXir6pAGyaJaxcPcgrigX42CqICG5Q4Fw%2BlXBp%2BGmVZo0N%2BVE3hb0GtiPZE4nCUlV%2FbY5vh"}],"group":"cf-nel","max_age":604800}', 'NEL': '{"success_fraction":0,"report_to":"cf-nel","max_age":604800}', 'Server': 'cloudflare', 'CF-RAY': '8973fec1bbdfcf87-SJC', 'alt-svc': 'h3=":443"; ma=86400'} 
 body={"results":[{"gender":"male","name":{"title":"Mr","first":"Justin","last":"Lavoie"},"location":{"street":{"number":6984,"name":"St. Catherine St"},"city":"Belmont","state":"Newfoundland and Labrador","country":"Canada","postcode":"F2B 5N7","coordinates":{"latitude":"-71.3994","longitude":"-103.6171"},"timezone":{"offset":"+10:00","description":"Eastern Australia, Guam, Vladivostok"}},"email":"justin.lavoie@example.com","login":{"uuid":"88fbd057-582d-4a63-9538-9d41d65ee9cc","username":"brownleopard618","password":"fishbone","salt":"uFlZNzmt","md5":"640929907c52b01b3de7fd0af663c1d8","sha1":"3cb17a98477013da770b2ba5b4deb1e21b8927ac","sha256":"ff37e04d438001230b6d762f9714da3736297b0cdc17d58db11ac66bff9721a4"},"dob":{"date":"1993-09-22T01:17:36.324Z","age":30},"registered":{"date":"2007-10-27T13:37:41.154Z","age":16},"phone":"V43 X85-7737","cell":"U47 O96-3404","id":{"name":"SIN","value":"485800999"},"picture":{"large":"https://randomuser.me/api/portraits/men/7.jpg","medium":"https://randomuser.me/api/portraits/med/men/7.jpg","thumbnail":"https://randomuser.me/api/portraits/thumb/men/7.jpg"},"nat":"CA"}],"info":{"seed":"c94430361f35a665","results":1,"page":1,"version":"1.4"}} 
 </msg>
<msg time="2024-06-21T12:27:52.062781" level="INFO">/opt/hostedtoolcache/Python/3.12.4/x64/lib/python3.12/site-packages/urllib3/connectionpool.py:1099: InsecureRequestWarning: Unverified HTTPS request is being made to host 'randomuser.me'. Adding certificate verification is strongly advised. See: https://urllib3.readthedocs.io/en/latest/advanced-usage.html#tls-warnings
  warnings.warn(</msg>
<msg time="2024-06-21T12:27:52.062940" level="INFO">${response} = &lt;Response [200]&gt;</msg>
<var>${response}</var>
<arg>consultarAPI</arg>
<arg>/api</arg>
<doc>Sends a GET request on a previously created HTTP Session.</doc>
<status status="PASS" start="2024-06-21T12:27:51.789889" elapsed="0.273096"/>
</kw>
<kw name="Should Be Equal As Numbers" owner="BuiltIn">
<msg time="2024-06-21T12:27:52.064128" level="INFO">Argument types are:
&lt;class 'int'&gt;
&lt;class 'str'&gt;</msg>
<arg>${response.status_code}</arg>
<arg>200</arg>
<doc>Fails if objects are unequal after converting them to real numbers.</doc>
<status status="PASS" start="2024-06-21T12:27:52.063615" elapsed="0.000588"/>
</kw>
<kw name="Log" owner="BuiltIn">
<msg time="2024-06-21T12:27:52.065000" level="INFO">200</msg>
<arg>${response.status_code}</arg>
<doc>Logs the given message with the given level.</doc>
<status status="PASS" start="2024-06-21T12:27:52.064603" elapsed="0.000444"/>
</kw>
<kw name="Set Variable" owner="BuiltIn">
<msg time="2024-06-21T12:27:52.065955" level="INFO">${json_data} = {'results': [{'gender': 'male', 'name': {'title': 'Mr', 'first': 'Justin', 'last': 'Lavoie'}, 'location': {'street': {'number': 6984, 'name': 'St. Catherine St'}, 'city': 'Belmont', 'state': 'Newfound...</msg>
<var>${json_data}</var>
<arg>${response.json()}</arg>
<doc>Returns the given values which can then be assigned to a variables.</doc>
<status status="PASS" start="2024-06-21T12:27:52.065412" elapsed="0.000572"/>
</kw>
<kw name="Dictionary Should Contain Key" owner="Collections">
<arg>${json_data}</arg>
<arg>results</arg>
<doc>Fails if ``key`` is not found from ``dictionary``.</doc>
<status status="PASS" start="2024-06-21T12:27:52.066317" elapsed="0.000185"/>
</kw>
<status status="PASS" start="2024-06-21T12:27:51.789593" elapsed="0.277068"/>
</kw>
<doc>Testa se a API responde corretamente e retorna um objeto JSON válido.</doc>
<tag>testeRequisicaoBasica</tag>
<status status="PASS" start="2024-06-21T12:27:51.789066" elapsed="0.277779"/>
</test>
<test id="s1-s1-t3" name="Validar estrutura de resposta" line="22">
<kw name="Teste de Estrutura de Resposta" owner="random-user-service">
<kw name="GET On Session" owner="RequestsLibrary">
<msg time="2024-06-21T12:27:52.367273" level="INFO">GET Request : url=https://randomuser.me/api 
 path_url=/api 
 headers={'User-Agent': 'python-requests/2.32.3', 'Accept-Encoding': 'gzip, deflate', 'Accept': '*/*', 'Connection': 'keep-alive'} 
 body=None 
 </msg>
<msg time="2024-06-21T12:27:52.367396" level="INFO">GET Response : url=https://randomuser.me/api 
 status=200, reason=OK 
 headers={'Date': 'Fri, 21 Jun 2024 12:27:52 GMT', 'Content-Type': 'application/json; charset=utf-8', 'Transfer-Encoding': 'chunked', 'Connection': 'keep-alive', 'X-Powered-By': 'Express', 'Access-Control-Allow-Origin': '*', 'Cache-Control': 'no-cache', 'ETag': 'W/"47e-kycGk41+4+FCa3Met04tDcEIQbQ"', 'Vary': 'Accept-Encoding', 'Content-Encoding': 'gzip', 'CF-Cache-Status': 'DYNAMIC', 'Report-To': '{"endpoints":[{"url":"https:\\/\\/a.nel.cloudflare.com\\/report\\/v4?s=7fP36H0I%2BeNl7vhOteg5X%2FAonDYRWIPvLQtItLuHL7r84MhJnLYrLT%2BUN91qaq2DMr9Fll%2FZgZPgl9E7jAZicEMAS8uz4y8BhnU%2FzNPbPwONtlkeROcoXMP98MqBhcvG"}],"group":"cf-nel","max_age":604800}', 'NEL': '{"success_fraction":0,"report_to":"cf-nel","max_age":604800}', 'Server': 'cloudflare', 'CF-RAY': '8973fec27c87cf87-SJC', 'alt-svc': 'h3=":443"; ma=86400'} 
 body={"results":[{"gender":"male","name":{"title":"Mr","first":"Jakob","last":"Young"},"location":{"street":{"number":248,"name":"London Road"},"city":"Sheffield","state":"Northumberland","country":"United Kingdom","postcode":"OY3Q 0LY","coordinates":{"latitude":"-7.1362","longitude":"-58.7132"},"timezone":{"offset":"+4:30","description":"Kabul"}},"email":"jakob.young@example.com","login":{"uuid":"7fa05cb6-e301-470d-9eec-3788a660637b","username":"tinypeacock308","password":"tattoo","salt":"5nbfBb2v","md5":"df13dc0f8036f0503a48848fd4f84d9d","sha1":"0e51399f40e693b496da0e84441c2c3a64d1643c","sha256":"a63aee40d239bde1b701c7c05c9fff8758eff13dde1b7207f898a0a5b09002c5"},"dob":{"date":"1972-01-14T14:04:20.313Z","age":52},"registered":{"date":"2013-01-30T17:21:40.522Z","age":11},"phone":"015395 68017","cell":"07017 731054","id":{"name":"NINO","value":"AZ 04 73 56 F"},"picture":{"large":"https://randomuser.me/api/portraits/men/54.jpg","medium":"https://randomuser.me/api/portraits/med/men/54.jpg","thumbnail":"https://randomuser.me/api/portraits/thumb/men/54.jpg"},"nat":"GB"}],"info":{"seed":"08d4cda83b945f2b","results":1,"page":1,"version":"1.4"}} 
 </msg>
<msg time="2024-06-21T12:27:52.367540" level="INFO">/opt/hostedtoolcache/Python/3.12.4/x64/lib/python3.12/site-packages/urllib3/connectionpool.py:1099: InsecureRequestWarning: Unverified HTTPS request is being made to host 'randomuser.me'. Adding certificate verification is strongly advised. See: https://urllib3.readthedocs.io/en/latest/advanced-usage.html#tls-warnings
  warnings.warn(</msg>
<msg time="2024-06-21T12:27:52.367684" level="INFO">${response} = &lt;Response [200]&gt;</msg>
<var>${response}</var>
<arg>consultarAPI</arg>
<arg>/api</arg>
<doc>Sends a GET request on a previously created HTTP Session.</doc>
<status status="PASS" start="2024-06-21T12:27:52.069519" elapsed="0.298207"/>
</kw>
<kw name="Set Variable" owner="BuiltIn">
<msg time="2024-06-21T12:27:52.369010" level="INFO">${json_data} = {'results': [{'gender': 'male', 'name': {'title': 'Mr', 'first': 'Jakob', 'last': 'Young'}, 'location': {'street': {'number': 248, 'name': 'London Road'}, 'city': 'Sheffield', 'state': 'Northumberland...</msg>
<var>${json_data}</var>
<arg>${response.json()}</arg>
<doc>Returns the given values which can then be assigned to a variables.</doc>
<status status="PASS" start="2024-06-21T12:27:52.368399" elapsed="0.000640"/>
</kw>
<kw name="Log" owner="BuiltIn">
<msg time="2024-06-21T12:27:52.369511" level="INFO">{'results': [{'gender': 'male', 'name': {'title': 'Mr', 'first': 'Jakob', 'last': 'Young'}, 'location': {'street': {'number': 248, 'name': 'London Road'}, 'city': 'Sheffield', 'state': 'Northumberland', 'country': 'United Kingdom', 'postcode': 'OY3Q 0LY', 'coordinates': {'latitude': '-7.1362', 'longitude': '-58.7132'}, 'timezone': {'offset': '+4:30', 'description': 'Kabul'}}, 'email': 'jakob.young@example.com', 'login': {'uuid': '7fa05cb6-e301-470d-9eec-3788a660637b', 'username': 'tinypeacock308', 'password': 'tattoo', 'salt': '5nbfBb2v', 'md5': 'df13dc0f8036f0503a48848fd4f84d9d', 'sha1': '0e51399f40e693b496da0e84441c2c3a64d1643c', 'sha256': 'a63aee40d239bde1b701c7c05c9fff8758eff13dde1b7207f898a0a5b09002c5'}, 'dob': {'date': '1972-01-14T14:04:20.313Z', 'age': 52}, 'registered': {'date': '2013-01-30T17:21:40.522Z', 'age': 11}, 'phone': '015395 68017', 'cell': '07017 731054', 'id': {'name': 'NINO', 'value': 'AZ 04 73 56 F'}, 'picture': {'large': 'https://randomuser.me/api/portraits/men/54.jpg', 'medium': 'https://randomuser.me/api/portraits/med/men/54.jpg', 'thumbnail': 'https://randomuser.me/api/portraits/thumb/men/54.jpg'}, 'nat': 'GB'}], 'info': {'seed': '08d4cda83b945f2b', 'results': 1, 'page': 1, 'version': '1.4'}}</msg>
<arg>${json_data}</arg>
<doc>Logs the given message with the given level.</doc>
<status status="PASS" start="2024-06-21T12:27:52.369353" elapsed="0.000248"/>
</kw>
<kw name="Dictionary Should Contain Key" owner="Collections">
<arg>${json_data}</arg>
<arg>results</arg>
<doc>Fails if ``key`` is not found from ``dictionary``.</doc>
<status status="PASS" start="2024-06-21T12:27:52.369919" elapsed="0.000163"/>
</kw>
<kw name="Should Not Be Empty" owner="BuiltIn">
<msg time="2024-06-21T12:27:52.370399" level="INFO">Length is 2.</msg>
<arg>${json_data}</arg>
<doc>Verifies that the given item is not empty.</doc>
<status status="PASS" start="2024-06-21T12:27:52.370267" elapsed="0.000170"/>
</kw>
<kw name="Create List" owner="BuiltIn">
<msg time="2024-06-21T12:27:52.371040" level="INFO">${expected_keys} = ['gender', 'name', 'location', 'email', 'login']</msg>
<var>${expected_keys}</var>
<arg>gender</arg>
<arg>name</arg>
<arg>location</arg>
<arg>email</arg>
<arg>login</arg>
<doc>Returns a list containing given items.</doc>
<status status="PASS" start="2024-06-21T12:27:52.370727" elapsed="0.000338"/>
</kw>
<for flavor="IN">
<iter>
<kw name="Dictionary Should Contain Key" owner="Collections">
<arg>${json_data['results'][0]}</arg>
<arg>${key}</arg>
<doc>Fails if ``key`` is not found from ``dictionary``.</doc>
<status status="PASS" start="2024-06-21T12:27:52.371652" elapsed="0.000431"/>
</kw>
<kw name="Log" owner="BuiltIn">
<msg time="2024-06-21T12:27:52.372633" level="INFO">{'gender': 'male', 'name': {'title': 'Mr', 'first': 'Jakob', 'last': 'Young'}, 'location': {'street': {'number': 248, 'name': 'London Road'}, 'city': 'Sheffield', 'state': 'Northumberland', 'country': 'United Kingdom', 'postcode': 'OY3Q 0LY', 'coordinates': {'latitude': '-7.1362', 'longitude': '-58.7132'}, 'timezone': {'offset': '+4:30', 'description': 'Kabul'}}, 'email': 'jakob.young@example.com', 'login': {'uuid': '7fa05cb6-e301-470d-9eec-3788a660637b', 'username': 'tinypeacock308', 'password': 'tattoo', 'salt': '5nbfBb2v', 'md5': 'df13dc0f8036f0503a48848fd4f84d9d', 'sha1': '0e51399f40e693b496da0e84441c2c3a64d1643c', 'sha256': 'a63aee40d239bde1b701c7c05c9fff8758eff13dde1b7207f898a0a5b09002c5'}, 'dob': {'date': '1972-01-14T14:04:20.313Z', 'age': 52}, 'registered': {'date': '2013-01-30T17:21:40.522Z', 'age': 11}, 'phone': '015395 68017', 'cell': '07017 731054', 'id': {'name': 'NINO', 'value': 'AZ 04 73 56 F'}, 'picture': {'large': 'https://randomuser.me/api/portraits/men/54.jpg', 'medium': 'https://randomuser.me/api/portraits/med/men/54.jpg', 'thumbnail': 'https://randomuser.me/api/portraits/thumb/men/54.jpg'}, 'nat': 'GB'}</msg>
<arg>${json_data['results'][0]}</arg>
<doc>Logs the given message with the given level.</doc>
<status status="PASS" start="2024-06-21T12:27:52.372268" elapsed="0.000413"/>
</kw>
<kw name="Log" owner="BuiltIn">
<msg time="2024-06-21T12:27:52.373108" level="INFO">gender</msg>
<arg>${key}</arg>
<doc>Logs the given message with the given level.</doc>
<status status="PASS" start="2024-06-21T12:27:52.372980" elapsed="0.000166"/>
</kw>
<var name="${key}">gender</var>
<status status="PASS" start="2024-06-21T12:27:52.371523" elapsed="0.001833"/>
</iter>
<iter>
<kw name="Dictionary Should Contain Key" owner="Collections">
<arg>${json_data['results'][0]}</arg>
<arg>${key}</arg>
<doc>Fails if ``key`` is not found from ``dictionary``.</doc>
<status status="PASS" start="2024-06-21T12:27:52.373676" elapsed="0.000423"/>
</kw>
<kw name="Log" owner="BuiltIn">
<msg time="2024-06-21T12:27:52.374644" level="INFO">{'gender': 'male', 'name': {'title': 'Mr', 'first': 'Jakob', 'last': 'Young'}, 'location': {'street': {'number': 248, 'name': 'London Road'}, 'city': 'Sheffield', 'state': 'Northumberland', 'country': 'United Kingdom', 'postcode': 'OY3Q 0LY', 'coordinates': {'latitude': '-7.1362', 'longitude': '-58.7132'}, 'timezone': {'offset': '+4:30', 'description': 'Kabul'}}, 'email': 'jakob.young@example.com', 'login': {'uuid': '7fa05cb6-e301-470d-9eec-3788a660637b', 'username': 'tinypeacock308', 'password': 'tattoo', 'salt': '5nbfBb2v', 'md5': 'df13dc0f8036f0503a48848fd4f84d9d', 'sha1': '0e51399f40e693b496da0e84441c2c3a64d1643c', 'sha256': 'a63aee40d239bde1b701c7c05c9fff8758eff13dde1b7207f898a0a5b09002c5'}, 'dob': {'date': '1972-01-14T14:04:20.313Z', 'age': 52}, 'registered': {'date': '2013-01-30T17:21:40.522Z', 'age': 11}, 'phone': '015395 68017', 'cell': '07017 731054', 'id': {'name': 'NINO', 'value': 'AZ 04 73 56 F'}, 'picture': {'large': 'https://randomuser.me/api/portraits/men/54.jpg', 'medium': 'https://randomuser.me/api/portraits/med/men/54.jpg', 'thumbnail': 'https://randomuser.me/api/portraits/thumb/men/54.jpg'}, 'nat': 'GB'}</msg>
<arg>${json_data['results'][0]}</arg>
<doc>Logs the given message with the given level.</doc>
<status status="PASS" start="2024-06-21T12:27:52.374286" elapsed="0.000438"/>
</kw>
<kw name="Log" owner="BuiltIn">
<msg time="2024-06-21T12:27:52.375144" level="INFO">name</msg>
<arg>${key}</arg>
<doc>Logs the given message with the given level.</doc>
<status status="PASS" start="2024-06-21T12:27:52.375018" elapsed="0.000163"/>
</kw>
<var name="${key}">name</var>
<status status="PASS" start="2024-06-21T12:27:52.373563" elapsed="0.001832"/>
</iter>
<iter>
<kw name="Dictionary Should Contain Key" owner="Collections">
<arg>${json_data['results'][0]}</arg>
<arg>${key}</arg>
<doc>Fails if ``key`` is not found from ``dictionary``.</doc>
<status status="PASS" start="2024-06-21T12:27:52.375677" elapsed="0.000385"/>
</kw>
<kw name="Log" owner="BuiltIn">
<msg time="2024-06-21T12:27:52.376592" level="INFO">{'gender': 'male', 'name': {'title': 'Mr', 'first': 'Jakob', 'last': 'Young'}, 'location': {'street': {'number': 248, 'name': 'London Road'}, 'city': 'Sheffield', 'state': 'Northumberland', 'country': 'United Kingdom', 'postcode': 'OY3Q 0LY', 'coordinates': {'latitude': '-7.1362', 'longitude': '-58.7132'}, 'timezone': {'offset': '+4:30', 'description': 'Kabul'}}, 'email': 'jakob.young@example.com', 'login': {'uuid': '7fa05cb6-e301-470d-9eec-3788a660637b', 'username': 'tinypeacock308', 'password': 'tattoo', 'salt': '5nbfBb2v', 'md5': 'df13dc0f8036f0503a48848fd4f84d9d', 'sha1': '0e51399f40e693b496da0e84441c2c3a64d1643c', 'sha256': 'a63aee40d239bde1b701c7c05c9fff8758eff13dde1b7207f898a0a5b09002c5'}, 'dob': {'date': '1972-01-14T14:04:20.313Z', 'age': 52}, 'registered': {'date': '2013-01-30T17:21:40.522Z', 'age': 11}, 'phone': '015395 68017', 'cell': '07017 731054', 'id': {'name': 'NINO', 'value': 'AZ 04 73 56 F'}, 'picture': {'large': 'https://randomuser.me/api/portraits/men/54.jpg', 'medium': 'https://randomuser.me/api/portraits/med/men/54.jpg', 'thumbnail': 'https://randomuser.me/api/portraits/thumb/men/54.jpg'}, 'nat': 'GB'}</msg>
<arg>${json_data['results'][0]}</arg>
<doc>Logs the given message with the given level.</doc>
<status status="PASS" start="2024-06-21T12:27:52.376240" elapsed="0.000399"/>
</kw>
<kw name="Log" owner="BuiltIn">
<msg time="2024-06-21T12:27:52.377061" level="INFO">location</msg>
<arg>${key}</arg>
<doc>Logs the given message with the given level.</doc>
<status status="PASS" start="2024-06-21T12:27:52.376934" elapsed="0.000164"/>
</kw>
<var name="${key}">location</var>
<status status="PASS" start="2024-06-21T12:27:52.375567" elapsed="0.001742"/>
</iter>
<iter>
<kw name="Dictionary Should Contain Key" owner="Collections">
<arg>${json_data['results'][0]}</arg>
<arg>${key}</arg>
<doc>Fails if ``key`` is not found from ``dictionary``.</doc>
<status status="PASS" start="2024-06-21T12:27:52.377604" elapsed="0.000380"/>
</kw>
<kw name="Log" owner="BuiltIn">
<msg time="2024-06-21T12:27:52.378533" level="INFO">{'gender': 'male', 'name': {'title': 'Mr', 'first': 'Jakob', 'last': 'Young'}, 'location': {'street': {'number': 248, 'name': 'London Road'}, 'city': 'Sheffield', 'state': 'Northumberland', 'country': 'United Kingdom', 'postcode': 'OY3Q 0LY', 'coordinates': {'latitude': '-7.1362', 'longitude': '-58.7132'}, 'timezone': {'offset': '+4:30', 'description': 'Kabul'}}, 'email': 'jakob.young@example.com', 'login': {'uuid': '7fa05cb6-e301-470d-9eec-3788a660637b', 'username': 'tinypeacock308', 'password': 'tattoo', 'salt': '5nbfBb2v', 'md5': 'df13dc0f8036f0503a48848fd4f84d9d', 'sha1': '0e51399f40e693b496da0e84441c2c3a64d1643c', 'sha256': 'a63aee40d239bde1b701c7c05c9fff8758eff13dde1b7207f898a0a5b09002c5'}, 'dob': {'date': '1972-01-14T14:04:20.313Z', 'age': 52}, 'registered': {'date': '2013-01-30T17:21:40.522Z', 'age': 11}, 'phone': '015395 68017', 'cell': '07017 731054', 'id': {'name': 'NINO', 'value': 'AZ 04 73 56 F'}, 'picture': {'large': 'https://randomuser.me/api/portraits/men/54.jpg', 'medium': 'https://randomuser.me/api/portraits/med/men/54.jpg', 'thumbnail': 'https://randomuser.me/api/portraits/thumb/men/54.jpg'}, 'nat': 'GB'}</msg>
<arg>${json_data['results'][0]}</arg>
<doc>Logs the given message with the given level.</doc>
<status status="PASS" start="2024-06-21T12:27:52.378169" elapsed="0.000411"/>
</kw>
<kw name="Log" owner="BuiltIn">
<msg time="2024-06-21T12:27:52.378993" level="INFO">email</msg>
<arg>${key}</arg>
<doc>Logs the given message with the given level.</doc>
<status status="PASS" start="2024-06-21T12:27:52.378868" elapsed="0.000167"/>
</kw>
<var name="${key}">email</var>
<status status="PASS" start="2024-06-21T12:27:52.377476" elapsed="0.001771"/>
</iter>
<iter>
<kw name="Dictionary Should Contain Key" owner="Collections">
<arg>${json_data['results'][0]}</arg>
<arg>${key}</arg>
<doc>Fails if ``key`` is not found from ``dictionary``.</doc>
<status status="PASS" start="2024-06-21T12:27:52.379519" elapsed="0.000383"/>
</kw>
<kw name="Log" owner="BuiltIn">
<msg time="2024-06-21T12:27:52.380423" level="INFO">{'gender': 'male', 'name': {'title': 'Mr', 'first': 'Jakob', 'last': 'Young'}, 'location': {'street': {'number': 248, 'name': 'London Road'}, 'city': 'Sheffield', 'state': 'Northumberland', 'country': 'United Kingdom', 'postcode': 'OY3Q 0LY', 'coordinates': {'latitude': '-7.1362', 'longitude': '-58.7132'}, 'timezone': {'offset': '+4:30', 'description': 'Kabul'}}, 'email': 'jakob.young@example.com', 'login': {'uuid': '7fa05cb6-e301-470d-9eec-3788a660637b', 'username': 'tinypeacock308', 'password': 'tattoo', 'salt': '5nbfBb2v', 'md5': 'df13dc0f8036f0503a48848fd4f84d9d', 'sha1': '0e51399f40e693b496da0e84441c2c3a64d1643c', 'sha256': 'a63aee40d239bde1b701c7c05c9fff8758eff13dde1b7207f898a0a5b09002c5'}, 'dob': {'date': '1972-01-14T14:04:20.313Z', 'age': 52}, 'registered': {'date': '2013-01-30T17:21:40.522Z', 'age': 11}, 'phone': '015395 68017', 'cell': '07017 731054', 'id': {'name': 'NINO', 'value': 'AZ 04 73 56 F'}, 'picture': {'large': 'https://randomuser.me/api/portraits/men/54.jpg', 'medium': 'https://randomuser.me/api/portraits/med/men/54.jpg', 'thumbnail': 'https://randomuser.me/api/portraits/thumb/men/54.jpg'}, 'nat': 'GB'}</msg>
<arg>${json_data['results'][0]}</arg>
<doc>Logs the given message with the given level.</doc>
<status status="PASS" start="2024-06-21T12:27:52.380081" elapsed="0.000387"/>
</kw>
<kw name="Log" owner="BuiltIn">
<msg time="2024-06-21T12:27:52.380889" level="INFO">login</msg>
<arg>${key}</arg>
<doc>Logs the given message with the given level.</doc>
<status status="PASS" start="2024-06-21T12:27:52.380760" elapsed="0.000167"/>
</kw>
<var name="${key}">login</var>
<status status="PASS" start="2024-06-21T12:27:52.379413" elapsed="0.001725"/>
</iter>
<var>${key}</var>
<value>@{expected_keys}</value>
<status status="PASS" start="2024-06-21T12:27:52.371327" elapsed="0.009926"/>
</for>
<kw name="Create List" owner="BuiltIn">
<msg time="2024-06-21T12:27:52.381596" level="INFO">${expected_keysTwo} = ['username', 'password']</msg>
<var>${expected_keysTwo}</var>
<arg>username</arg>
<arg>password</arg>
<doc>Returns a list containing given items.</doc>
<status status="PASS" start="2024-06-21T12:27:52.381442" elapsed="0.000179"/>
</kw>
<for flavor="IN">
<iter>
<kw name="Dictionary Should Contain Key" owner="Collections">
<arg>${json_data['results'][0]['login']}</arg>
<arg>${keyTwo}</arg>
<doc>Fails if ``key`` is not found from ``dictionary``.</doc>
<status status="PASS" start="2024-06-21T12:27:52.382142" elapsed="0.000382"/>
</kw>
<kw name="Dictionary Should Contain Key" owner="Collections">
<arg>${json_data['results'][0]['login']}</arg>
<arg>${keyTwo}</arg>
<doc>Fails if ``key`` is not found from ``dictionary``.</doc>
<status status="PASS" start="2024-06-21T12:27:52.382703" elapsed="0.000374"/>
</kw>
<kw name="Log" owner="BuiltIn">
<msg time="2024-06-21T12:27:52.383375" level="INFO">username</msg>
<arg>${keyTwo}</arg>
<doc>Logs the given message with the given level.</doc>
<status status="PASS" start="2024-06-21T12:27:52.383255" elapsed="0.000156"/>
</kw>
<var name="${keyTwo}">username</var>
<status status="PASS" start="2024-06-21T12:27:52.382035" elapsed="0.001603"/>
</iter>
<iter>
<kw name="Dictionary Should Contain Key" owner="Collections">
<arg>${json_data['results'][0]['login']}</arg>
<arg>${keyTwo}</arg>
<doc>Fails if ``key`` is not found from ``dictionary``.</doc>
<status status="PASS" start="2024-06-21T12:27:52.383906" elapsed="0.000385"/>
</kw>
<kw name="Dictionary Should Contain Key" owner="Collections">
<arg>${json_data['results'][0]['login']}</arg>
<arg>${keyTwo}</arg>
<doc>Fails if ``key`` is not found from ``dictionary``.</doc>
<status status="PASS" start="2024-06-21T12:27:52.384466" elapsed="0.000364"/>
</kw>
<kw name="Log" owner="BuiltIn">
<msg time="2024-06-21T12:27:52.385128" level="INFO">password</msg>
<arg>${keyTwo}</arg>
<doc>Logs the given message with the given level.</doc>
<status status="PASS" start="2024-06-21T12:27:52.385009" elapsed="0.000154"/>
</kw>
<var name="${keyTwo}">password</var>
<status status="PASS" start="2024-06-21T12:27:52.383803" elapsed="0.001667"/>
</iter>
<var>${keyTwo}</var>
<value>@{expected_keysTwo}</value>
<status status="PASS" start="2024-06-21T12:27:52.381882" elapsed="0.003734"/>
</for>
<status status="PASS" start="2024-06-21T12:27:52.069264" elapsed="0.316494"/>
</kw>
<doc>Testa a estrutura da resposta da API.</doc>
<tag>testeEstruturaResposta</tag>
<status status="PASS" start="2024-06-21T12:27:52.068713" elapsed="0.317204"/>
</test>
<test id="s1-s1-t4" name="Validar tipos de dados" line="28">
<kw name="Teste de Tipos de Dados" owner="random-user-service">
<kw name="GET On Session" owner="RequestsLibrary">
<msg time="2024-06-21T12:27:52.478609" level="INFO">GET Request : url=https://randomuser.me/api 
 path_url=/api 
 headers={'User-Agent': 'python-requests/2.32.3', 'Accept-Encoding': 'gzip, deflate', 'Accept': '*/*', 'Connection': 'keep-alive'} 
 body=None 
 </msg>
<msg time="2024-06-21T12:27:52.478710" level="INFO">GET Response : url=https://randomuser.me/api 
 status=200, reason=OK 
 headers={'Date': 'Fri, 21 Jun 2024 12:27:52 GMT', 'Content-Type': 'application/json; charset=utf-8', 'Transfer-Encoding': 'chunked', 'Connection': 'keep-alive', 'X-Powered-By': 'Express', 'Access-Control-Allow-Origin': '*', 'Cache-Control': 'no-cache', 'ETag': 'W/"49e-jiSu75silRKvsNVKspDlY6C86fg"', 'Vary': 'Accept-Encoding', 'Content-Encoding': 'gzip', 'CF-Cache-Status': 'DYNAMIC', 'Report-To': '{"endpoints":[{"url":"https:\\/\\/a.nel.cloudflare.com\\/report\\/v4?s=Mn%2BWgW6Mr01lwTQ2gKU1SQqz1OK0JKSN5KV1OhecSxSWCSXkgrJwSjCKu%2FywCzdJj%2BdMlV3gbrlz9mhrNuTKaD3YdyHxql%2BkDVaqhV%2BG0rr4zg%2F1pCw8nzuXlwckksm1"}],"group":"cf-nel","max_age":604800}', 'NEL': '{"success_fraction":0,"report_to":"cf-nel","max_age":604800}', 'Server': 'cloudflare', 'CF-RAY': '8973fec47dbacf87-SJC', 'alt-svc': 'h3=":443"; ma=86400'} 
 body={"results":[{"gender":"male","name":{"title":"Mr","first":"Erique","last":"Caldeira"},"location":{"street":{"number":9627,"name":"Rua Dezessete "},"city":"Barueri","state":"Distrito Federal","country":"Brazil","postcode":38910,"coordinates":{"latitude":"-76.6046","longitude":"-31.5934"},"timezone":{"offset":"+4:00","description":"Abu Dhabi, Muscat, Baku, Tbilisi"}},"email":"erique.caldeira@example.com","login":{"uuid":"519f4135-9139-4bc9-a949-4edf2af19962","username":"crazymeercat340","password":"martine","salt":"MglJSWLi","md5":"6924c10ef4f97feabf123729d34113c7","sha1":"53d08d26e33752e66b56e96511a026694b6c0f65","sha256":"7b98211c06be9bef787c81f8a1a2c83b5141e00e72e4756ac75f2b7747f53533"},"dob":{"date":"1996-11-06T07:32:49.279Z","age":27},"registered":{"date":"2019-07-24T13:29:20.778Z","age":4},"phone":"(16) 9065-3138","cell":"(13) 4302-0324","id":{"name":"CPF","value":"274.697.493-55"},"picture":{"large":"https://randomuser.me/api/portraits/men/98.jpg","medium":"https://randomuser.me/api/portraits/med/men/98.jpg","thumbnail":"https://randomuser.me/api/portraits/thumb/men/98.jpg"},"nat":"BR"}],"info":{"seed":"41ef1a8135a78e7f","results":1,"page":1,"version":"1.4"}} 
 </msg>
<msg time="2024-06-21T12:27:52.478783" level="INFO">/opt/hostedtoolcache/Python/3.12.4/x64/lib/python3.12/site-packages/urllib3/connectionpool.py:1099: InsecureRequestWarning: Unverified HTTPS request is being made to host 'randomuser.me'. Adding certificate verification is strongly advised. See: https://urllib3.readthedocs.io/en/latest/advanced-usage.html#tls-warnings
  warnings.warn(</msg>
<msg time="2024-06-21T12:27:52.478915" level="INFO">${response} = &lt;Response [200]&gt;</msg>
<var>${response}</var>
<arg>consultarAPI</arg>
<arg>/api</arg>
<doc>Sends a GET request on a previously created HTTP Session.</doc>
<status status="PASS" start="2024-06-21T12:27:52.388363" elapsed="0.090594"/>
</kw>
<kw name="Set Variable" owner="BuiltIn">
<msg time="2024-06-21T12:27:52.480232" level="INFO">${json_data} = {'results': [{'gender': 'male', 'name': {'title': 'Mr', 'first': 'Erique', 'last': 'Caldeira'}, 'location': {'street': {'number': 9627, 'name': 'Rua Dezessete '}, 'city': 'Barueri', 'state': 'Distrito...</msg>
<var>${json_data}</var>
<arg>${response.json()}</arg>
<doc>Returns the given values which can then be assigned to a variables.</doc>
<status status="PASS" start="2024-06-21T12:27:52.479640" elapsed="0.000620"/>
</kw>
<kw name="Log" owner="BuiltIn">
<msg time="2024-06-21T12:27:52.480741" level="INFO">{'results': [{'gender': 'male', 'name': {'title': 'Mr', 'first': 'Erique', 'last': 'Caldeira'}, 'location': {'street': {'number': 9627, 'name': 'Rua Dezessete '}, 'city': 'Barueri', 'state': 'Distrito Federal', 'country': 'Brazil', 'postcode': 38910, 'coordinates': {'latitude': '-76.6046', 'longitude': '-31.5934'}, 'timezone': {'offset': '+4:00', 'description': 'Abu Dhabi, Muscat, Baku, Tbilisi'}}, 'email': 'erique.caldeira@example.com', 'login': {'uuid': '519f4135-9139-4bc9-a949-4edf2af19962', 'username': 'crazymeercat340', 'password': 'martine', 'salt': 'MglJSWLi', 'md5': '6924c10ef4f97feabf123729d34113c7', 'sha1': '53d08d26e33752e66b56e96511a026694b6c0f65', 'sha256': '7b98211c06be9bef787c81f8a1a2c83b5141e00e72e4756ac75f2b7747f53533'}, 'dob': {'date': '1996-11-06T07:32:49.279Z', 'age': 27}, 'registered': {'date': '2019-07-24T13:29:20.778Z', 'age': 4}, 'phone': '(16) 9065-3138', 'cell': '(13) 4302-0324', 'id': {'name': 'CPF', 'value': '274.697.493-55'}, 'picture': {'large': 'https://randomuser.me/api/portraits/men/98.jpg', 'medium': 'https://randomuser.me/api/portraits/med/men/98.jpg', 'thumbnail': 'https://randomuser.me/api/portraits/thumb/men/98.jpg'}, 'nat': 'BR'}], 'info': {'seed': '41ef1a8135a78e7f', 'results': 1, 'page': 1, 'version': '1.4'}}</msg>
<arg>${json_data}</arg>
<doc>Logs the given message with the given level.</doc>
<status status="PASS" start="2024-06-21T12:27:52.480580" elapsed="0.000209"/>
</kw>
<kw name="Should Be String" owner="String">
<arg>${json_data['results'][0]['gender']}</arg>
<doc>Fails if the given ``item`` is not a string.</doc>
<status status="PASS" start="2024-06-21T12:27:52.481083" elapsed="0.000380"/>
</kw>
<kw name="Should Match Regexp" owner="BuiltIn">
<arg>${json_data['results'][0]['email']}</arg>
<arg>^[a-zA-Z0-9._%+-]+@[a-zA-Z0-9.-]+\.[a-zA-Z]{2,}$</arg>
<doc>Fails if ``string`` does not match ``pattern`` as a regular expression.</doc>
<status status="PASS" start="2024-06-21T12:27:52.481702" elapsed="0.000542"/>
</kw>
<kw name="Should Match Regexp" owner="BuiltIn">
<arg>${json_data['results'][0]['dob']['date']}</arg>
<arg>\\d{4}-\\d{2}-\\d{2}T\\d{2}:\\d{2}:\\d{2}\\.\\d{3}Z</arg>
<doc>Fails if ``string`` does not match ``pattern`` as a regular expression.</doc>
<status status="PASS" start="2024-06-21T12:27:52.482480" elapsed="0.000492"/>
</kw>
<kw name="Should Match Regexp" owner="BuiltIn">
<arg>${json_data['results'][0]['registered']['date']}</arg>
<arg>\\d{4}-\\d{2}-\\d{2}T\\d{2}:\\d{2}:\\d{2}\\.\\d{3}Z</arg>
<doc>Fails if ``string`` does not match ``pattern`` as a regular expression.</doc>
<status status="PASS" start="2024-06-21T12:27:52.483166" elapsed="0.000375"/>
</kw>
<kw name="Should Match Regexp" owner="BuiltIn">
<arg>${json_data['results'][0]['picture']['large']}</arg>
<arg>^https?://.*\.(?:png|jpe?g|gif|bmp)$</arg>
<doc>Fails if ``string`` does not match ``pattern`` as a regular expression.</doc>
<status status="PASS" start="2024-06-21T12:27:52.483728" elapsed="0.000466"/>
</kw>
<kw name="Should Match Regexp" owner="BuiltIn">
<arg>${json_data['results'][0]['picture']['medium']}</arg>
<arg>^https?://.*\.(?:png|jpe?g|gif|bmp)$</arg>
<doc>Fails if ``string`` does not match ``pattern`` as a regular expression.</doc>
<status status="PASS" start="2024-06-21T12:27:52.484380" elapsed="0.000349"/>
</kw>
<kw name="Should Match Regexp" owner="BuiltIn">
<arg>${json_data['results'][0]['picture']['thumbnail']}</arg>
<arg>^https?://.*\.(?:png|jpe?g|gif|bmp)$</arg>
<doc>Fails if ``string`` does not match ``pattern`` as a regular expression.</doc>
<status status="PASS" start="2024-06-21T12:27:52.484914" elapsed="0.000360"/>
</kw>
<kw name="Log" owner="BuiltIn">
<msg time="2024-06-21T12:27:52.485827" level="INFO">{'large': 'https://randomuser.me/api/portraits/men/98.jpg', 'medium': 'https://randomuser.me/api/portraits/med/men/98.jpg', 'thumbnail': 'https://randomuser.me/api/portraits/thumb/men/98.jpg'}</msg>
<arg>${json_data['results'][0]['picture']}</arg>
<doc>Logs the given message with the given level.</doc>
<status status="PASS" start="2024-06-21T12:27:52.485457" elapsed="0.000412"/>
</kw>
<status status="PASS" start="2024-06-21T12:27:52.388129" elapsed="0.098012"/>
</kw>
<kw name="Teste de Tipos de Dados - Postcode" owner="random-user-service">
<kw name="GET On Session" owner="RequestsLibrary">
<msg time="2024-06-21T12:27:52.574529" level="INFO">GET Request : url=https://randomuser.me/api 
 path_url=/api 
 headers={'User-Agent': 'python-requests/2.32.3', 'Accept-Encoding': 'gzip, deflate', 'Accept': '*/*', 'Connection': 'keep-alive'} 
 body=None 
 </msg>
<msg time="2024-06-21T12:27:52.574640" level="INFO">GET Response : url=https://randomuser.me/api 
 status=200, reason=OK 
 headers={'Date': 'Fri, 21 Jun 2024 12:27:52 GMT', 'Content-Type': 'application/json; charset=utf-8', 'Transfer-Encoding': 'chunked', 'Connection': 'keep-alive', 'X-Powered-By': 'Express', 'Access-Control-Allow-Origin': '*', 'Cache-Control': 'no-cache', 'ETag': 'W/"481-eae0u9NNxk7cvt5OMz3YJFwgQss"', 'Vary': 'Accept-Encoding', 'Content-Encoding': 'gzip', 'CF-Cache-Status': 'DYNAMIC', 'Report-To': '{"endpoints":[{"url":"https:\\/\\/a.nel.cloudflare.com\\/report\\/v4?s=Yf1kEL3gB0sou0cZ%2BxJGrDqTe2wMt5IeOoHlhKi1J4u0YfDKzDEtScLtdRE7U63vY9nXhORJUkoMXhuVFz12bx0jNzJOWDl59Ad0%2FnokhUDqsrXomQG0vLP1xMIqkzCa"}],"group":"cf-nel","max_age":604800}', 'NEL': '{"success_fraction":0,"report_to":"cf-nel","max_age":604800}', 'Server': 'cloudflare', 'CF-RAY': '8973fec50e22cf87-SJC', 'alt-svc': 'h3=":443"; ma=86400'} 
 body={"results":[{"gender":"female","name":{"title":"Ms","first":"Arianna","last":"Barnett"},"location":{"street":{"number":1862,"name":"Smokey Ln"},"city":"Warrnambool","state":"Tasmania","country":"Australia","postcode":4353,"coordinates":{"latitude":"-86.9835","longitude":"95.6524"},"timezone":{"offset":"-3:30","description":"Newfoundland"}},"email":"arianna.barnett@example.com","login":{"uuid":"10f52cfa-9f3b-4578-8d75-1dbedbdd8b4a","username":"greenbutterfly887","password":"invis","salt":"9oSwBFFZ","md5":"d3c0c9ff8fccef023435e3bda508d733","sha1":"23a4479f6dadaf6ecdf4f07ed9426e9dec3e939f","sha256":"531bd0d8fcdba590df5e744dd270305ea7b3fc8f51e58ddfd84318e594328de1"},"dob":{"date":"1986-01-15T01:05:53.922Z","age":38},"registered":{"date":"2020-02-28T09:23:36.979Z","age":4},"phone":"06-8857-2678","cell":"0431-781-179","id":{"name":"TFN","value":"696588773"},"picture":{"large":"https://randomuser.me/api/portraits/women/84.jpg","medium":"https://randomuser.me/api/portraits/med/women/84.jpg","thumbnail":"https://randomuser.me/api/portraits/thumb/women/84.jpg"},"nat":"AU"}],"info":{"seed":"2d42fa1ac6b6aea2","results":1,"page":1,"version":"1.4"}} 
 </msg>
<msg time="2024-06-21T12:27:52.574712" level="INFO">/opt/hostedtoolcache/Python/3.12.4/x64/lib/python3.12/site-packages/urllib3/connectionpool.py:1099: InsecureRequestWarning: Unverified HTTPS request is being made to host 'randomuser.me'. Adding certificate verification is strongly advised. See: https://urllib3.readthedocs.io/en/latest/advanced-usage.html#tls-warnings
  warnings.warn(</msg>
<msg time="2024-06-21T12:27:52.574834" level="INFO">${response} = &lt;Response [200]&gt;</msg>
<var>${response}</var>
<arg>consultarAPI</arg>
<arg>/api</arg>
<doc>Sends a GET request on a previously created HTTP Session.</doc>
<status status="PASS" start="2024-06-21T12:27:52.486604" elapsed="0.088269"/>
</kw>
<kw name="Set Variable" owner="BuiltIn">
<msg time="2024-06-21T12:27:52.576115" level="INFO">${json_data} = {'results': [{'gender': 'female', 'name': {'title': 'Ms', 'first': 'Arianna', 'last': 'Barnett'}, 'location': {'street': {'number': 1862, 'name': 'Smokey Ln'}, 'city': 'Warrnambool', 'state': 'Tasmani...</msg>
<var>${json_data}</var>
<arg>${response.json()}</arg>
<doc>Returns the given values which can then be assigned to a variables.</doc>
<status status="PASS" start="2024-06-21T12:27:52.575517" elapsed="0.000627"/>
</kw>
<kw name="Log" owner="BuiltIn">
<msg time="2024-06-21T12:27:52.576623" level="INFO">{'results': [{'gender': 'female', 'name': {'title': 'Ms', 'first': 'Arianna', 'last': 'Barnett'}, 'location': {'street': {'number': 1862, 'name': 'Smokey Ln'}, 'city': 'Warrnambool', 'state': 'Tasmania', 'country': 'Australia', 'postcode': 4353, 'coordinates': {'latitude': '-86.9835', 'longitude': '95.6524'}, 'timezone': {'offset': '-3:30', 'description': 'Newfoundland'}}, 'email': 'arianna.barnett@example.com', 'login': {'uuid': '10f52cfa-9f3b-4578-8d75-1dbedbdd8b4a', 'username': 'greenbutterfly887', 'password': 'invis', 'salt': '9oSwBFFZ', 'md5': 'd3c0c9ff8fccef023435e3bda508d733', 'sha1': '23a4479f6dadaf6ecdf4f07ed9426e9dec3e939f', 'sha256': '531bd0d8fcdba590df5e744dd270305ea7b3fc8f51e58ddfd84318e594328de1'}, 'dob': {'date': '1986-01-15T01:05:53.922Z', 'age': 38}, 'registered': {'date': '2020-02-28T09:23:36.979Z', 'age': 4}, 'phone': '06-8857-2678', 'cell': '0431-781-179', 'id': {'name': 'TFN', 'value': '696588773'}, 'picture': {'large': 'https://randomuser.me/api/portraits/women/84.jpg', 'medium': 'https://randomuser.me/api/portraits/med/women/84.jpg', 'thumbnail': 'https://randomuser.me/api/portraits/thumb/women/84.jpg'}, 'nat': 'AU'}], 'info': {'seed': '2d42fa1ac6b6aea2', 'results': 1, 'page': 1, 'version': '1.4'}}</msg>
<arg>${json_data}</arg>
<doc>Logs the given message with the given level.</doc>
<status status="PASS" start="2024-06-21T12:27:52.576459" elapsed="0.000210"/>
</kw>
<kw name="Should Be Equal As Numbers" owner="BuiltIn">
<arg>${json_data['results'][0]['location']['postcode']}</arg>
<arg>${json_data['results'][0]['location']['postcode']}</arg>
<doc>Fails if objects are unequal after converting them to real numbers.</doc>
<status status="PASS" start="2024-06-21T12:27:52.576961" elapsed="0.000667"/>
</kw>
<kw name="Log" owner="BuiltIn">
<msg time="2024-06-21T12:27:52.578339" level="INFO">4353</msg>
<arg>${json_data['results'][0]['location']['postcode']}</arg>
<doc>Logs the given message with the given level.</doc>
<status status="PASS" start="2024-06-21T12:27:52.577824" elapsed="0.000556"/>
</kw>
<status status="PASS" start="2024-06-21T12:27:52.486373" elapsed="0.092298"/>
</kw>
<doc>Testa se os tipos de dados na resposta da API estão corretos.</doc>
<tag>testeTiposDados</tag>
<status status="PASS" start="2024-06-21T12:27:52.387672" elapsed="0.191171"/>
</test>
<test id="s1-s1-t5" name="Validar conteudo" line="35">
<kw name="Teste de Tipos de Conteudo" owner="random-user-service">
<kw name="GET On Session" owner="RequestsLibrary">
<msg time="2024-06-21T12:27:52.675716" level="INFO">GET Request : url=https://randomuser.me/api 
 path_url=/api 
 headers={'User-Agent': 'python-requests/2.32.3', 'Accept-Encoding': 'gzip, deflate', 'Accept': '*/*', 'Connection': 'keep-alive'} 
 body=None 
 </msg>
<msg time="2024-06-21T12:27:52.675830" level="INFO">GET Response : url=https://randomuser.me/api 
 status=200, reason=OK 
 headers={'Date': 'Fri, 21 Jun 2024 12:27:52 GMT', 'Content-Type': 'application/json; charset=utf-8', 'Transfer-Encoding': 'chunked', 'Connection': 'keep-alive', 'X-Powered-By': 'Express', 'Access-Control-Allow-Origin': '*', 'Cache-Control': 'no-cache', 'ETag': 'W/"499-Cl1D8x/5Sp2N9PYZWO6qP0oLYs8"', 'Vary': 'Accept-Encoding', 'Content-Encoding': 'gzip', 'CF-Cache-Status': 'DYNAMIC', 'Report-To': '{"endpoints":[{"url":"https:\\/\\/a.nel.cloudflare.com\\/report\\/v4?s=Dt9MfMkoqPwrBcInHx2brOrD%2F6Lz8QCc3XnJZepe4Dnk3GA2aFwCnDRTMDUknG6U6PT3PhJG4qv7P%2BVUIO4D32TulKUzPqIVEf3f5Tsd4vVvcUvU4ZJL6Jm1Kqol%2BxeJ"}],"group":"cf-nel","max_age":604800}', 'NEL': '{"success_fraction":0,"report_to":"cf-nel","max_age":604800}', 'Server': 'cloudflare', 'CF-RAY': '8973fec5aeaccf87-SJC', 'alt-svc': 'h3=":443"; ma=86400'} 
 body={"results":[{"gender":"male","name":{"title":"Mr","first":"Nikolai","last":"Schüssler"},"location":{"street":{"number":5727,"name":"Kiefernweg"},"city":"Neukirchen","state":"Bayern","country":"Germany","postcode":90174,"coordinates":{"latitude":"-50.0485","longitude":"-97.2875"},"timezone":{"offset":"-4:00","description":"Atlantic Time (Canada), Caracas, La Paz"}},"email":"nikolai.schussler@example.com","login":{"uuid":"bd49791e-1273-43d3-b160-a3d40104419a","username":"happybear695","password":"aside","salt":"ekDmn2n7","md5":"28358c9f2a0832b03f938ad7e526eb0c","sha1":"712538b8a945b2c261597b0e050be091858fc6c6","sha256":"4e0a5825345983520f0d9507d33c438c8506c069467ed019deef8c21ff7f0df8"},"dob":{"date":"1956-11-22T07:58:42.836Z","age":67},"registered":{"date":"2019-10-19T01:47:14.913Z","age":4},"phone":"0010-3205663","cell":"0171-5008928","id":{"name":"SVNR","value":"09 221156 S 119"},"picture":{"large":"https://randomuser.me/api/portraits/men/26.jpg","medium":"https://randomuser.me/api/portraits/med/men/26.jpg","thumbnail":"https://randomuser.me/api/portraits/thumb/men/26.jpg"},"nat":"DE"}],"info":{"seed":"9484b3b3c85365c9","results":1,"page":1,"version":"1.4"}} 
 </msg>
<msg time="2024-06-21T12:27:52.675920" level="INFO">/opt/hostedtoolcache/Python/3.12.4/x64/lib/python3.12/site-packages/urllib3/connectionpool.py:1099: InsecureRequestWarning: Unverified HTTPS request is being made to host 'randomuser.me'. Adding certificate verification is strongly advised. See: https://urllib3.readthedocs.io/en/latest/advanced-usage.html#tls-warnings
  warnings.warn(</msg>
<msg time="2024-06-21T12:27:52.676056" level="INFO">${response} = &lt;Response [200]&gt;</msg>
<var>${response}</var>
<arg>consultarAPI</arg>
<arg>/api</arg>
<doc>Sends a GET request on a previously created HTTP Session.</doc>
<status status="PASS" start="2024-06-21T12:27:52.581424" elapsed="0.094661"/>
</kw>
<kw name="Set Variable" owner="BuiltIn">
<msg time="2024-06-21T12:27:52.677168" level="INFO">${json_data} = {'results': [{'gender': 'male', 'name': {'title': 'Mr', 'first': 'Nikolai', 'last': 'Schüssler'}, 'location': {'street': {'number': 5727, 'name': 'Kiefernweg'}, 'city': 'Neukirchen', 'state': 'Bayern'...</msg>
<var>${json_data}</var>
<arg>${response.json()}</arg>
<doc>Returns the given values which can then be assigned to a variables.</doc>
<status status="PASS" start="2024-06-21T12:27:52.676639" elapsed="0.000558"/>
</kw>
<kw name="Set Variable" owner="BuiltIn">
<msg time="2024-06-21T12:27:52.677959" level="INFO">${name_title} = Mr</msg>
<var>${name_title}</var>
<arg>${json_data["results"][0]["name"]["title"]}</arg>
<doc>Returns the given values which can then be assigned to a variables.</doc>
<status status="PASS" start="2024-06-21T12:27:52.677509" elapsed="0.000475"/>
</kw>
<kw name="Create List" owner="BuiltIn">
<msg time="2024-06-21T12:27:52.678435" level="INFO">${allowed_titles} = ['Mr', 'Ms', 'Miss', 'Mrs', 'Madame', 'Monsieur']</msg>
<var>${allowed_titles}</var>
<arg>Mr</arg>
<arg>Ms</arg>
<arg>Miss</arg>
<arg>Mrs</arg>
<arg>Madame</arg>
<arg>Monsieur</arg>
<doc>Returns a list containing given items.</doc>
<status status="PASS" start="2024-06-21T12:27:52.678284" elapsed="0.000175"/>
</kw>
<kw name="List Should Contain Value" owner="Collections">
<arg>${allowed_titles}</arg>
<arg>${name_title}</arg>
<doc>Fails if the ``value`` is not found from ``list``.</doc>
<status status="PASS" start="2024-06-21T12:27:52.678766" elapsed="0.000181"/>
</kw>
<kw name="Set Variable" owner="BuiltIn">
<msg time="2024-06-21T12:27:52.679494" level="INFO">${name_country} = DE</msg>
<var>${name_country}</var>
<arg>${json_data["results"][0]["nat"]}</arg>
<doc>Returns the given values which can then be assigned to a variables.</doc>
<status status="PASS" start="2024-06-21T12:27:52.679126" elapsed="0.000393"/>
</kw>
<kw name="Create List" owner="BuiltIn">
<msg time="2024-06-21T12:27:52.680409" level="INFO">${list_country} = ['AD', 'AE', 'AF', 'AG', 'AI', 'AL', 'AM', 'AO', 'AQ', 'AR', 'AS', 'AT', 'AU', 'AW', 'AX', 'AZ', 'BA', 'BB', 'BD', 'BE', 'BF', 'BG', 'BH', 'BI', 'BJ', 'BL', 'BM', 'BN', 'BO', 'BQ', 'BR', 'BS', 'BT', '...</msg>
<var>${list_country}</var>
<arg>AD</arg>
<arg>AE</arg>
<arg>AF</arg>
<arg>AG</arg>
<arg>AI</arg>
<arg>AL</arg>
<arg>AM</arg>
<arg>AO</arg>
<arg>AQ</arg>
<arg>AR</arg>
<arg>AS</arg>
<arg>AT</arg>
<arg>AU</arg>
<arg>AW</arg>
<arg>AX</arg>
<arg>AZ</arg>
<arg>BA</arg>
<arg>BB</arg>
<arg>BD</arg>
<arg>BE</arg>
<arg>BF</arg>
<arg>BG</arg>
<arg>BH</arg>
<arg>BI</arg>
<arg>BJ</arg>
<arg>BL</arg>
<arg>BM</arg>
<arg>BN</arg>
<arg>BO</arg>
<arg>BQ</arg>
<arg>BR</arg>
<arg>BS</arg>
<arg>BT</arg>
<arg>BV</arg>
<arg>BW</arg>
<arg>BY</arg>
<arg>BZ</arg>
<arg>CA</arg>
<arg>CC</arg>
<arg>CD</arg>
<arg>CF</arg>
<arg>CG</arg>
<arg>CH</arg>
<arg>CI</arg>
<arg>CK</arg>
<arg>CL</arg>
<arg>CM</arg>
<arg>CN</arg>
<arg>CO</arg>
<arg>CR</arg>
<arg>CU</arg>
<arg>CV</arg>
<arg>CW</arg>
<arg>CX</arg>
<arg>CY</arg>
<arg>CZ</arg>
<arg>DE</arg>
<arg>DJ</arg>
<arg>DK</arg>
<arg>DM</arg>
<arg>DO</arg>
<arg>DZ</arg>
<arg>EC</arg>
<arg>EE</arg>
<arg>EG</arg>
<arg>EH</arg>
<arg>ER</arg>
<arg>ES</arg>
<arg>ET</arg>
<arg>FI</arg>
<arg>FJ</arg>
<arg>FK</arg>
<arg>FM</arg>
<arg>FO</arg>
<arg>FR</arg>
<arg>GA</arg>
<arg>GB</arg>
<arg>GD</arg>
<arg>GE</arg>
<arg>GF</arg>
<arg>GG</arg>
<arg>GH</arg>
<arg>GI</arg>
<arg>GL</arg>
<arg>GM</arg>
<arg>GN</arg>
<arg>GP</arg>
<arg>GQ</arg>
<arg>GR</arg>
<arg>GS</arg>
<arg>GT</arg>
<arg>GU</arg>
<arg>GW</arg>
<arg>GY</arg>
<arg>HK</arg>
<arg>HM</arg>
<arg>HN</arg>
<arg>HR</arg>
<arg>HT</arg>
<arg>HU</arg>
<arg>ID</arg>
<arg>IE</arg>
<arg>IL</arg>
<arg>IM</arg>
<arg>IN</arg>
<arg>IO</arg>
<arg>IQ</arg>
<arg>IR</arg>
<arg>IS</arg>
<arg>IT</arg>
<arg>JE</arg>
<arg>JM</arg>
<arg>JO</arg>
<arg>JP</arg>
<arg>KE</arg>
<arg>KG</arg>
<arg>KH</arg>
<arg>KI</arg>
<arg>KM</arg>
<arg>KN</arg>
<arg>KP</arg>
<arg>KR</arg>
<arg>KW</arg>
<arg>KY</arg>
<arg>KZ</arg>
<arg>LA</arg>
<arg>LB</arg>
<arg>LC</arg>
<arg>LI</arg>
<arg>LK</arg>
<arg>LR</arg>
<arg>LS</arg>
<arg>LT</arg>
<arg>LU</arg>
<arg>LV</arg>
<arg>LY</arg>
<arg>MA</arg>
<arg>MC</arg>
<arg>MD</arg>
<arg>ME</arg>
<arg>MF</arg>
<arg>MG</arg>
<arg>MH</arg>
<arg>MK</arg>
<arg>ML</arg>
<arg>MM</arg>
<arg>MN</arg>
<arg>MO</arg>
<arg>MP</arg>
<arg>MQ</arg>
<arg>MR</arg>
<arg>MS</arg>
<arg>MT</arg>
<arg>MU</arg>
<arg>MV</arg>
<arg>MW</arg>
<arg>MX</arg>
<arg>MY</arg>
<arg>MZ</arg>
<arg>NA</arg>
<arg>NC</arg>
<arg>NE</arg>
<arg>NF</arg>
<arg>NG</arg>
<arg>NI</arg>
<arg>NL</arg>
<arg>NO</arg>
<arg>NP</arg>
<arg>NR</arg>
<arg>NU</arg>
<arg>NZ</arg>
<arg>OM</arg>
<arg>PA</arg>
<arg>PE</arg>
<arg>PF</arg>
<arg>PG</arg>
<arg>PH</arg>
<arg>PK</arg>
<arg>PL</arg>
<arg>PM</arg>
<arg>PN</arg>
<arg>PR</arg>
<arg>PS</arg>
<arg>PT</arg>
<arg>PW</arg>
<arg>PY</arg>
<arg>QA</arg>
<arg>RE</arg>
<arg>RO</arg>
<arg>RS</arg>
<arg>RU</arg>
<arg>RW</arg>
<arg>SA</arg>
<arg>SB</arg>
<arg>SC</arg>
<arg>SD</arg>
<arg>SE</arg>
<arg>SG</arg>
<arg>SH</arg>
<arg>SI</arg>
<arg>SJ</arg>
<arg>SK</arg>
<arg>SL</arg>
<arg>SM</arg>
<arg>SN</arg>
<arg>SO</arg>
<arg>SR</arg>
<arg>SS</arg>
<arg>ST</arg>
<arg>SV</arg>
<arg>SX</arg>
<arg>SY</arg>
<arg>SZ</arg>
<arg>TC</arg>
<arg>TD</arg>
<arg>TF</arg>
<arg>TG</arg>
<arg>TH</arg>
<arg>TJ</arg>
<arg>TK</arg>
<arg>TL</arg>
<arg>TM</arg>
<arg>TN</arg>
<arg>TO</arg>
<arg>TR</arg>
<arg>TT</arg>
<arg>TV</arg>
<arg>TW</arg>
<arg>TZ</arg>
<arg>UA</arg>
<arg>UG</arg>
<arg>UM</arg>
<arg>US</arg>
<arg>UY</arg>
<arg>UZ</arg>
<arg>VA</arg>
<arg>VC</arg>
<arg>VE</arg>
<arg>VG</arg>
<arg>VI</arg>
<arg>VN</arg>
<arg>VU</arg>
<arg>WF</arg>
<arg>WS</arg>
<arg>XK</arg>
<arg>YE</arg>
<arg>YT</arg>
<arg>ZA</arg>
<arg>ZM</arg>
<arg>ZW</arg>
<doc>Returns a list containing given items.</doc>
<status status="PASS" start="2024-06-21T12:27:52.679806" elapsed="0.000628"/>
</kw>
<kw name="List Should Contain Value" owner="Collections">
<arg>${list_country}</arg>
<arg>${name_country}</arg>
<doc>Fails if the ``value`` is not found from ``list``.</doc>
<status status="PASS" start="2024-06-21T12:27:52.681236" elapsed="0.000206"/>
</kw>
<kw name="Run Keyword If" owner="BuiltIn">
<kw name="Should Be True" owner="BuiltIn">
<arg>${True}</arg>
<doc>Fails if the given condition is not true.</doc>
<status status="PASS" start="2024-06-21T12:27:52.682423" elapsed="0.000142"/>
</kw>
<arg>${json_data["results"][0]["location"]["coordinates"]["latitude"]} &gt;= -90 and ${json_data["results"][0]["location"]["coordinates"]["latitude"]} &lt;= 90</arg>
<arg>Should Be True</arg>
<arg>${True}</arg>
<doc>Runs the given keyword with the given arguments, if ``condition`` is true.</doc>
<status status="PASS" start="2024-06-21T12:27:52.681669" elapsed="0.001019"/>
</kw>
<kw name="Run Keyword If" owner="BuiltIn">
<kw name="Should Be True" owner="BuiltIn">
<arg>${True}</arg>
<doc>Fails if the given condition is not true.</doc>
<status status="PASS" start="2024-06-21T12:27:52.683555" elapsed="0.000250"/>
</kw>
<arg>${json_data["results"][0]["location"]["coordinates"]["longitude"]} &gt;= -180 and ${json_data["results"][0]["location"]["coordinates"]["longitude"]} &lt;= 180</arg>
<arg>Should Be True</arg>
<arg>${True}</arg>
<doc>Runs the given keyword with the given arguments, if ``condition`` is true.</doc>
<status status="PASS" start="2024-06-21T12:27:52.682866" elapsed="0.001065"/>
</kw>
<status status="PASS" start="2024-06-21T12:27:52.581183" elapsed="0.102883"/>
</kw>
<doc>Testa o conteúdo específico dos campos retornados pela API.</doc>
<tag>testeConteudo</tag>
<status status="PASS" start="2024-06-21T12:27:52.580616" elapsed="0.103604"/>
</test>
<status status="PASS" start="2024-06-21T12:27:51.402576" elapsed="1.283627"/>
</suite>
<status status="PASS" start="2024-06-21T12:27:51.387400" elapsed="1.303952"/>
</suite>
<statistics>
<total>
<stat pass="5" fail="0" skip="0">All Tests</stat>
</total>
<tag>
<stat pass="1" fail="0" skip="0">testeConteudo</stat>
<stat pass="1" fail="0" skip="0">testeEstruturaResposta</stat>
<stat pass="1" fail="0" skip="0">testeRequisicaoBasica</stat>
<stat pass="1" fail="0" skip="0">testeTiposDados</stat>
</tag>
<suite>
<stat pass="5" fail="0" skip="0" id="s1" name="Tests">Tests</stat>
<stat pass="5" fail="0" skip="0" id="s1-s1" name="Random-User-Test">Tests.Random-User-Test</stat>
</suite>
</statistics>
<errors>
</errors>
</robot>
