<?xml version="1.0" encoding="UTF-8"?>
<robot generator="Robot 7.0 (Python 3.12.2 on linux)" generated="2024-03-26T19:11:49.620952" rpa="false" schemaversion="5">
<suite id="s1" name="Tests" source="/home/runner/work/DesafioQAItauRogerioJordao/DesafioQAItauRogerioJordao/RamdonUser/tests">
<suite id="s1-s1" name="Random-User-Test" source="/home/runner/work/DesafioQAItauRogerioJordao/DesafioQAItauRogerioJordao/RamdonUser/tests/random-user-test.robot">
<test id="s1-s1-t1" name="Conectar" line="13">
<kw name="Conectar API" owner="random-user-service">
<kw name="Create Session" owner="RequestsLibrary">
<msg time="2024-03-26T19:11:50.003140" level="INFO">Creating Session using : alias=consultarAPI, url=https://randomuser.me/, headers={},                     cookies={}, auth=None, timeout=None, proxies=None, verify=False,                     debug=0 </msg>
<arg>consultarAPI</arg>
<arg>${URL}</arg>
<doc>Create Session: create a HTTP session to a server</doc>
<status status="PASS" start="2024-03-26T19:11:50.002942" elapsed="0.000363"/>
</kw>
<status status="PASS" start="2024-03-26T19:11:50.001921" elapsed="0.001744"/>
</kw>
<status status="PASS" start="2024-03-26T19:11:50.001318" elapsed="0.002553"/>
</test>
<test id="s1-s1-t2" name="Validar retorno 200 e JSON Válido" line="16">
<kw name="Teste de Requisicao Basica" owner="random-user-service">
<kw name="GET On Session" owner="RequestsLibrary">
<msg time="2024-03-26T19:11:50.307203" level="INFO">GET Request : url=https://randomuser.me/api 
 path_url=/api 
 headers={'User-Agent': 'python-requests/2.31.0', 'Accept-Encoding': 'gzip, deflate', 'Accept': '*/*', 'Connection': 'keep-alive'} 
 body=None 
 </msg>
<msg time="2024-03-26T19:11:50.307361" level="INFO">GET Response : url=https://randomuser.me/api 
 status=200, reason=OK 
 headers={'Date': 'Tue, 26 Mar 2024 19:11:50 GMT', 'Content-Type': 'application/json; charset=utf-8', 'Transfer-Encoding': 'chunked', 'Connection': 'keep-alive', 'X-Powered-By': 'Express', 'Access-Control-Allow-Origin': '*', 'Cache-Control': 'no-cache', 'ETag': 'W/"4a2-z43vEy7dymlD3lW8xpJYQkI2A8k"', 'Vary': 'Accept-Encoding', 'Content-Encoding': 'gzip', 'CF-Cache-Status': 'DYNAMIC', 'Report-To': '{"endpoints":[{"url":"https:\\/\\/a.nel.cloudflare.com\\/report\\/v4?s=qEdPshNS5FNoShHshxLzU10t0n1FKSoDRDBFg6B0ECOhpmGytnLNEsxnFXyCs0zELwfrU3JstGwF1LNp%2Bt9wOZchHWOrZVGNIP%2Fro8q1Sjf0EZiwkpwPPmVT771ruKu8"}],"group":"cf-nel","max_age":604800}', 'NEL': '{"success_fraction":0,"report_to":"cf-nel","max_age":604800}', 'Server': 'cloudflare', 'CF-RAY': '86a972e2bac27d1f-LAX', 'alt-svc': 'h3=":443"; ma=86400'} 
 body={"results":[{"gender":"male","name":{"title":"Mr","first":"Emil","last":"Heino"},"location":{"street":{"number":7001,"name":"Myllypuronkatu"},"city":"Laitila","state":"Northern Ostrobothnia","country":"Finland","postcode":37312,"coordinates":{"latitude":"-26.1990","longitude":"-147.4915"},"timezone":{"offset":"+5:00","description":"Ekaterinburg, Islamabad, Karachi, Tashkent"}},"email":"emil.heino@example.com","login":{"uuid":"42ab7664-0e09-42d9-b313-d25e76a2a61b","username":"bigelephant858","password":"clock","salt":"c5aKh1LB","md5":"b79624d410711e050373de9625eaa576","sha1":"569342eb31b9318ba1bb85f6c7911b9ea283e950","sha256":"53031cf4d8c8b04f8c0dd08f3cf894858acec3c4c42d219da26316875ab49ac8"},"dob":{"date":"1953-11-19T13:11:40.545Z","age":70},"registered":{"date":"2008-10-16T08:30:19.973Z","age":15},"phone":"05-361-640","cell":"047-280-13-36","id":{"name":"HETU","value":"NaNNA353undefined"},"picture":{"large":"https://randomuser.me/api/portraits/men/88.jpg","medium":"https://randomuser.me/api/portraits/med/men/88.jpg","thumbnail":"https://randomuser.me/api/portraits/thumb/men/88.jpg"},"nat":"FI"}],"info":{"seed":"c85105291e00dbe8","results":1,"page":1,"version":"1.4"}} 
 </msg>
<msg time="2024-03-26T19:11:50.307472" level="INFO">/opt/hostedtoolcache/Python/3.12.2/x64/lib/python3.12/site-packages/urllib3/connectionpool.py:1103: InsecureRequestWarning: Unverified HTTPS request is being made to host 'randomuser.me'. Adding certificate verification is strongly advised. See: https://urllib3.readthedocs.io/en/latest/advanced-usage.html#tls-warnings
  warnings.warn(</msg>
<msg time="2024-03-26T19:11:50.307627" level="INFO">${response} = &lt;Response [200]&gt;</msg>
<var>${response}</var>
<arg>consultarAPI</arg>
<arg>/api</arg>
<doc>Sends a GET request on a previously created HTTP Session.</doc>
<status status="PASS" start="2024-03-26T19:11:50.006598" elapsed="0.301072"/>
</kw>
<kw name="Should Be Equal As Numbers" owner="BuiltIn">
<msg time="2024-03-26T19:11:50.308884" level="INFO">Argument types are:
&lt;class 'int'&gt;
&lt;class 'str'&gt;</msg>
<arg>${response.status_code}</arg>
<arg>200</arg>
<doc>Fails if objects are unequal after converting them to real numbers.</doc>
<status status="PASS" start="2024-03-26T19:11:50.308358" elapsed="0.000594"/>
</kw>
<kw name="Log" owner="BuiltIn">
<msg time="2024-03-26T19:11:50.309647" level="INFO">200</msg>
<arg>${response.status_code}</arg>
<doc>Logs the given message with the given level.</doc>
<status status="PASS" start="2024-03-26T19:11:50.309280" elapsed="0.000411"/>
</kw>
<kw name="Set Variable" owner="BuiltIn">
<msg time="2024-03-26T19:11:50.310444" level="INFO">${json_data} = {'results': [{'gender': 'male', 'name': {'title': 'Mr', 'first': 'Emil', 'last': 'Heino'}, 'location': {'street': {'number': 7001, 'name': 'Myllypuronkatu'}, 'city': 'Laitila', 'state': 'Northern Ostr...</msg>
<var>${json_data}</var>
<arg>${response.json()}</arg>
<doc>Returns the given values which can then be assigned to a variables.</doc>
<status status="PASS" start="2024-03-26T19:11:50.310002" elapsed="0.000471"/>
</kw>
<kw name="Dictionary Should Contain Key" owner="Collections">
<msg time="2024-03-26T19:11:50.310948" level="INFO">False</msg>
<arg>${json_data}</arg>
<arg>results</arg>
<doc>Fails if ``key`` is not found from ``dictionary``.</doc>
<status status="PASS" start="2024-03-26T19:11:50.310779" elapsed="0.000209"/>
</kw>
<status status="PASS" start="2024-03-26T19:11:50.006340" elapsed="0.304907"/>
</kw>
<doc>Testa se a API responde corretamente e retorna um objeto JSON válido.</doc>
<tag>testeRequisicaoBasica</tag>
<status status="PASS" start="2024-03-26T19:11:50.005787" elapsed="0.305652"/>
</test>
<test id="s1-s1-t3" name="Validar estrutura de resposta" line="22">
<kw name="Teste de Estrutura de Resposta" owner="random-user-service">
<kw name="GET On Session" owner="RequestsLibrary">
<msg time="2024-03-26T19:11:50.415336" level="INFO">GET Request : url=https://randomuser.me/api 
 path_url=/api 
 headers={'User-Agent': 'python-requests/2.31.0', 'Accept-Encoding': 'gzip, deflate', 'Accept': '*/*', 'Connection': 'keep-alive'} 
 body=None 
 </msg>
<msg time="2024-03-26T19:11:50.415406" level="INFO">GET Response : url=https://randomuser.me/api 
 status=200, reason=OK 
 headers={'Date': 'Tue, 26 Mar 2024 19:11:50 GMT', 'Content-Type': 'application/json; charset=utf-8', 'Transfer-Encoding': 'chunked', 'Connection': 'keep-alive', 'X-Powered-By': 'Express', 'Access-Control-Allow-Origin': '*', 'Cache-Control': 'no-cache', 'ETag': 'W/"494-XYJkoajBgAyK7gO2QTwQEFC7ku8"', 'Vary': 'Accept-Encoding', 'Content-Encoding': 'gzip', 'CF-Cache-Status': 'DYNAMIC', 'Report-To': '{"endpoints":[{"url":"https:\\/\\/a.nel.cloudflare.com\\/report\\/v4?s=9XNnWgfScQOWoI2Qks3CJFAJ6oErq5c1%2Bq2Glest%2F1CO2pMcHuBsPC1UPYF3vEuxZywLXf0RYfWFaqv3eC6Jo2pFNXYw6f4uJDdtYwTCm8IAuxyA9AM4HaJnoOn%2BaS5d"}],"group":"cf-nel","max_age":604800}', 'NEL': '{"success_fraction":0,"report_to":"cf-nel","max_age":604800}', 'Server': 'cloudflare', 'CF-RAY': '86a972e37b917d1f-LAX', 'alt-svc': 'h3=":443"; ma=86400'} 
 body={"results":[{"gender":"female","name":{"title":"Miss","first":"Lascívia","last":"Barros"},"location":{"street":{"number":8096,"name":"Rua da Paz "},"city":"Boa Vista","state":"Minas Gerais","country":"Brazil","postcode":75511,"coordinates":{"latitude":"-73.7461","longitude":"41.2426"},"timezone":{"offset":"-3:30","description":"Newfoundland"}},"email":"lascivia.barros@example.com","login":{"uuid":"8134c327-ba83-4c01-bb7d-9f56de75ff7f","username":"ticklishmeercat967","password":"isabelle","salt":"PIpWahDT","md5":"1eac57c1592de13dbd8a3e93a7338a05","sha1":"6ca7f75ef926482c8e3f072ab51de90b5ed2143c","sha256":"fa334f4965d932a221370c0f79698b9f73d6e6421d9f7aef97a60c533a17fdfc"},"dob":{"date":"1965-02-24T22:24:59.168Z","age":59},"registered":{"date":"2010-05-21T13:25:18.260Z","age":13},"phone":"(94) 3994-9601","cell":"(69) 7946-8649","id":{"name":"CPF","value":"166.017.861-73"},"picture":{"large":"https://randomuser.me/api/portraits/women/80.jpg","medium":"https://randomuser.me/api/portraits/med/women/80.jpg","thumbnail":"https://randomuser.me/api/portraits/thumb/women/80.jpg"},"nat":"BR"}],"info":{"seed":"2ef1ca09eaecb5ec","results":1,"page":1,"version":"1.4"}} 
 </msg>
<msg time="2024-03-26T19:11:50.415511" level="INFO">/opt/hostedtoolcache/Python/3.12.2/x64/lib/python3.12/site-packages/urllib3/connectionpool.py:1103: InsecureRequestWarning: Unverified HTTPS request is being made to host 'randomuser.me'. Adding certificate verification is strongly advised. See: https://urllib3.readthedocs.io/en/latest/advanced-usage.html#tls-warnings
  warnings.warn(</msg>
<msg time="2024-03-26T19:11:50.415615" level="INFO">${response} = &lt;Response [200]&gt;</msg>
<var>${response}</var>
<arg>consultarAPI</arg>
<arg>/api</arg>
<doc>Sends a GET request on a previously created HTTP Session.</doc>
<status status="PASS" start="2024-03-26T19:11:50.314403" elapsed="0.101254"/>
</kw>
<kw name="Set Variable" owner="BuiltIn">
<msg time="2024-03-26T19:11:50.416733" level="INFO">${json_data} = {'results': [{'gender': 'female', 'name': {'title': 'Miss', 'first': 'Lascívia', 'last': 'Barros'}, 'location': {'street': {'number': 8096, 'name': 'Rua da Paz '}, 'city': 'Boa Vista', 'state': 'Minas...</msg>
<var>${json_data}</var>
<arg>${response.json()}</arg>
<doc>Returns the given values which can then be assigned to a variables.</doc>
<status status="PASS" start="2024-03-26T19:11:50.416125" elapsed="0.000639"/>
</kw>
<kw name="Log" owner="BuiltIn">
<msg time="2024-03-26T19:11:50.417240" level="INFO">{'results': [{'gender': 'female', 'name': {'title': 'Miss', 'first': 'Lascívia', 'last': 'Barros'}, 'location': {'street': {'number': 8096, 'name': 'Rua da Paz '}, 'city': 'Boa Vista', 'state': 'Minas Gerais', 'country': 'Brazil', 'postcode': 75511, 'coordinates': {'latitude': '-73.7461', 'longitude': '41.2426'}, 'timezone': {'offset': '-3:30', 'description': 'Newfoundland'}}, 'email': 'lascivia.barros@example.com', 'login': {'uuid': '8134c327-ba83-4c01-bb7d-9f56de75ff7f', 'username': 'ticklishmeercat967', 'password': 'isabelle', 'salt': 'PIpWahDT', 'md5': '1eac57c1592de13dbd8a3e93a7338a05', 'sha1': '6ca7f75ef926482c8e3f072ab51de90b5ed2143c', 'sha256': 'fa334f4965d932a221370c0f79698b9f73d6e6421d9f7aef97a60c533a17fdfc'}, 'dob': {'date': '1965-02-24T22:24:59.168Z', 'age': 59}, 'registered': {'date': '2010-05-21T13:25:18.260Z', 'age': 13}, 'phone': '(94) 3994-9601', 'cell': '(69) 7946-8649', 'id': {'name': 'CPF', 'value': '166.017.861-73'}, 'picture': {'large': 'https://randomuser.me/api/portraits/women/80.jpg', 'medium': 'https://randomuser.me/api/portraits/med/women/80.jpg', 'thumbnail': 'https://randomuser.me/api/portraits/thumb/women/80.jpg'}, 'nat': 'BR'}], 'info': {'seed': '2ef1ca09eaecb5ec', 'results': 1, 'page': 1, 'version': '1.4'}}</msg>
<arg>${json_data}</arg>
<doc>Logs the given message with the given level.</doc>
<status status="PASS" start="2024-03-26T19:11:50.417078" elapsed="0.000212"/>
</kw>
<kw name="Dictionary Should Contain Key" owner="Collections">
<msg time="2024-03-26T19:11:50.417744" level="INFO">False</msg>
<arg>${json_data}</arg>
<arg>results</arg>
<doc>Fails if ``key`` is not found from ``dictionary``.</doc>
<status status="PASS" start="2024-03-26T19:11:50.417590" elapsed="0.000192"/>
</kw>
<kw name="Should Not Be Empty" owner="BuiltIn">
<msg time="2024-03-26T19:11:50.418213" level="INFO">Length is 2.</msg>
<arg>${json_data}</arg>
<doc>Verifies that the given item is not empty.</doc>
<status status="PASS" start="2024-03-26T19:11:50.418080" elapsed="0.000173"/>
</kw>
<kw name="Create List" owner="BuiltIn">
<msg time="2024-03-26T19:11:50.418698" level="INFO">${expected_keys} = ['gender', 'name', 'location', 'email', 'login']</msg>
<var>${expected_keys}</var>
<arg>gender</arg>
<arg>name</arg>
<arg>location</arg>
<arg>email</arg>
<arg>login</arg>
<doc>Returns a list containing given items.</doc>
<status status="PASS" start="2024-03-26T19:11:50.418548" elapsed="0.000174"/>
</kw>
<for flavor="IN">
<iter>
<kw name="Dictionary Should Contain Key" owner="Collections">
<msg time="2024-03-26T19:11:50.419709" level="INFO">False</msg>
<arg>${json_data['results'][0]}</arg>
<arg>${key}</arg>
<doc>Fails if ``key`` is not found from ``dictionary``.</doc>
<status status="PASS" start="2024-03-26T19:11:50.419296" elapsed="0.000454"/>
</kw>
<kw name="Log" owner="BuiltIn">
<msg time="2024-03-26T19:11:50.420432" level="INFO">{'gender': 'female', 'name': {'title': 'Miss', 'first': 'Lascívia', 'last': 'Barros'}, 'location': {'street': {'number': 8096, 'name': 'Rua da Paz '}, 'city': 'Boa Vista', 'state': 'Minas Gerais', 'country': 'Brazil', 'postcode': 75511, 'coordinates': {'latitude': '-73.7461', 'longitude': '41.2426'}, 'timezone': {'offset': '-3:30', 'description': 'Newfoundland'}}, 'email': 'lascivia.barros@example.com', 'login': {'uuid': '8134c327-ba83-4c01-bb7d-9f56de75ff7f', 'username': 'ticklishmeercat967', 'password': 'isabelle', 'salt': 'PIpWahDT', 'md5': '1eac57c1592de13dbd8a3e93a7338a05', 'sha1': '6ca7f75ef926482c8e3f072ab51de90b5ed2143c', 'sha256': 'fa334f4965d932a221370c0f79698b9f73d6e6421d9f7aef97a60c533a17fdfc'}, 'dob': {'date': '1965-02-24T22:24:59.168Z', 'age': 59}, 'registered': {'date': '2010-05-21T13:25:18.260Z', 'age': 13}, 'phone': '(94) 3994-9601', 'cell': '(69) 7946-8649', 'id': {'name': 'CPF', 'value': '166.017.861-73'}, 'picture': {'large': 'https://randomuser.me/api/portraits/women/80.jpg', 'medium': 'https://randomuser.me/api/portraits/med/women/80.jpg', 'thumbnail': 'https://randomuser.me/api/portraits/thumb/women/80.jpg'}, 'nat': 'BR'}</msg>
<arg>${json_data['results'][0]}</arg>
<doc>Logs the given message with the given level.</doc>
<status status="PASS" start="2024-03-26T19:11:50.420060" elapsed="0.000429"/>
</kw>
<kw name="Log" owner="BuiltIn">
<msg time="2024-03-26T19:11:50.420951" level="INFO">gender</msg>
<arg>${key}</arg>
<doc>Logs the given message with the given level.</doc>
<status status="PASS" start="2024-03-26T19:11:50.420818" elapsed="0.000174"/>
</kw>
<var name="${key}">gender</var>
<status status="PASS" start="2024-03-26T19:11:50.419168" elapsed="0.002048"/>
</iter>
<iter>
<kw name="Dictionary Should Contain Key" owner="Collections">
<msg time="2024-03-26T19:11:50.421916" level="INFO">False</msg>
<arg>${json_data['results'][0]}</arg>
<arg>${key}</arg>
<doc>Fails if ``key`` is not found from ``dictionary``.</doc>
<status status="PASS" start="2024-03-26T19:11:50.421524" elapsed="0.000431"/>
</kw>
<kw name="Log" owner="BuiltIn">
<msg time="2024-03-26T19:11:50.422664" level="INFO">{'gender': 'female', 'name': {'title': 'Miss', 'first': 'Lascívia', 'last': 'Barros'}, 'location': {'street': {'number': 8096, 'name': 'Rua da Paz '}, 'city': 'Boa Vista', 'state': 'Minas Gerais', 'country': 'Brazil', 'postcode': 75511, 'coordinates': {'latitude': '-73.7461', 'longitude': '41.2426'}, 'timezone': {'offset': '-3:30', 'description': 'Newfoundland'}}, 'email': 'lascivia.barros@example.com', 'login': {'uuid': '8134c327-ba83-4c01-bb7d-9f56de75ff7f', 'username': 'ticklishmeercat967', 'password': 'isabelle', 'salt': 'PIpWahDT', 'md5': '1eac57c1592de13dbd8a3e93a7338a05', 'sha1': '6ca7f75ef926482c8e3f072ab51de90b5ed2143c', 'sha256': 'fa334f4965d932a221370c0f79698b9f73d6e6421d9f7aef97a60c533a17fdfc'}, 'dob': {'date': '1965-02-24T22:24:59.168Z', 'age': 59}, 'registered': {'date': '2010-05-21T13:25:18.260Z', 'age': 13}, 'phone': '(94) 3994-9601', 'cell': '(69) 7946-8649', 'id': {'name': 'CPF', 'value': '166.017.861-73'}, 'picture': {'large': 'https://randomuser.me/api/portraits/women/80.jpg', 'medium': 'https://randomuser.me/api/portraits/med/women/80.jpg', 'thumbnail': 'https://randomuser.me/api/portraits/thumb/women/80.jpg'}, 'nat': 'BR'}</msg>
<arg>${json_data['results'][0]}</arg>
<doc>Logs the given message with the given level.</doc>
<status status="PASS" start="2024-03-26T19:11:50.422289" elapsed="0.000426"/>
</kw>
<kw name="Log" owner="BuiltIn">
<msg time="2024-03-26T19:11:50.423193" level="INFO">name</msg>
<arg>${key}</arg>
<doc>Logs the given message with the given level.</doc>
<status status="PASS" start="2024-03-26T19:11:50.423020" elapsed="0.000217"/>
</kw>
<var name="${key}">name</var>
<status status="PASS" start="2024-03-26T19:11:50.421408" elapsed="0.002062"/>
</iter>
<iter>
<kw name="Dictionary Should Contain Key" owner="Collections">
<msg time="2024-03-26T19:11:50.424153" level="INFO">False</msg>
<arg>${json_data['results'][0]}</arg>
<arg>${key}</arg>
<doc>Fails if ``key`` is not found from ``dictionary``.</doc>
<status status="PASS" start="2024-03-26T19:11:50.423769" elapsed="0.000423"/>
</kw>
<kw name="Log" owner="BuiltIn">
<msg time="2024-03-26T19:11:50.424888" level="INFO">{'gender': 'female', 'name': {'title': 'Miss', 'first': 'Lascívia', 'last': 'Barros'}, 'location': {'street': {'number': 8096, 'name': 'Rua da Paz '}, 'city': 'Boa Vista', 'state': 'Minas Gerais', 'country': 'Brazil', 'postcode': 75511, 'coordinates': {'latitude': '-73.7461', 'longitude': '41.2426'}, 'timezone': {'offset': '-3:30', 'description': 'Newfoundland'}}, 'email': 'lascivia.barros@example.com', 'login': {'uuid': '8134c327-ba83-4c01-bb7d-9f56de75ff7f', 'username': 'ticklishmeercat967', 'password': 'isabelle', 'salt': 'PIpWahDT', 'md5': '1eac57c1592de13dbd8a3e93a7338a05', 'sha1': '6ca7f75ef926482c8e3f072ab51de90b5ed2143c', 'sha256': 'fa334f4965d932a221370c0f79698b9f73d6e6421d9f7aef97a60c533a17fdfc'}, 'dob': {'date': '1965-02-24T22:24:59.168Z', 'age': 59}, 'registered': {'date': '2010-05-21T13:25:18.260Z', 'age': 13}, 'phone': '(94) 3994-9601', 'cell': '(69) 7946-8649', 'id': {'name': 'CPF', 'value': '166.017.861-73'}, 'picture': {'large': 'https://randomuser.me/api/portraits/women/80.jpg', 'medium': 'https://randomuser.me/api/portraits/med/women/80.jpg', 'thumbnail': 'https://randomuser.me/api/portraits/thumb/women/80.jpg'}, 'nat': 'BR'}</msg>
<arg>${json_data['results'][0]}</arg>
<doc>Logs the given message with the given level.</doc>
<status status="PASS" start="2024-03-26T19:11:50.424495" elapsed="0.000449"/>
</kw>
<kw name="Log" owner="BuiltIn">
<msg time="2024-03-26T19:11:50.425414" level="INFO">location</msg>
<arg>${key}</arg>
<doc>Logs the given message with the given level.</doc>
<status status="PASS" start="2024-03-26T19:11:50.425266" elapsed="0.000188"/>
</kw>
<var name="${key}">location</var>
<status status="PASS" start="2024-03-26T19:11:50.423655" elapsed="0.002031"/>
</iter>
<iter>
<kw name="Dictionary Should Contain Key" owner="Collections">
<msg time="2024-03-26T19:11:50.426377" level="INFO">False</msg>
<arg>${json_data['results'][0]}</arg>
<arg>${key}</arg>
<doc>Fails if ``key`` is not found from ``dictionary``.</doc>
<status status="PASS" start="2024-03-26T19:11:50.425979" elapsed="0.000437"/>
</kw>
<kw name="Log" owner="BuiltIn">
<msg time="2024-03-26T19:11:50.427082" level="INFO">{'gender': 'female', 'name': {'title': 'Miss', 'first': 'Lascívia', 'last': 'Barros'}, 'location': {'street': {'number': 8096, 'name': 'Rua da Paz '}, 'city': 'Boa Vista', 'state': 'Minas Gerais', 'country': 'Brazil', 'postcode': 75511, 'coordinates': {'latitude': '-73.7461', 'longitude': '41.2426'}, 'timezone': {'offset': '-3:30', 'description': 'Newfoundland'}}, 'email': 'lascivia.barros@example.com', 'login': {'uuid': '8134c327-ba83-4c01-bb7d-9f56de75ff7f', 'username': 'ticklishmeercat967', 'password': 'isabelle', 'salt': 'PIpWahDT', 'md5': '1eac57c1592de13dbd8a3e93a7338a05', 'sha1': '6ca7f75ef926482c8e3f072ab51de90b5ed2143c', 'sha256': 'fa334f4965d932a221370c0f79698b9f73d6e6421d9f7aef97a60c533a17fdfc'}, 'dob': {'date': '1965-02-24T22:24:59.168Z', 'age': 59}, 'registered': {'date': '2010-05-21T13:25:18.260Z', 'age': 13}, 'phone': '(94) 3994-9601', 'cell': '(69) 7946-8649', 'id': {'name': 'CPF', 'value': '166.017.861-73'}, 'picture': {'large': 'https://randomuser.me/api/portraits/women/80.jpg', 'medium': 'https://randomuser.me/api/portraits/med/women/80.jpg', 'thumbnail': 'https://randomuser.me/api/portraits/thumb/women/80.jpg'}, 'nat': 'BR'}</msg>
<arg>${json_data['results'][0]}</arg>
<doc>Logs the given message with the given level.</doc>
<status status="PASS" start="2024-03-26T19:11:50.426715" elapsed="0.000419"/>
</kw>
<kw name="Log" owner="BuiltIn">
<msg time="2024-03-26T19:11:50.427556" level="INFO">email</msg>
<arg>${key}</arg>
<doc>Logs the given message with the given level.</doc>
<status status="PASS" start="2024-03-26T19:11:50.427428" elapsed="0.000167"/>
</kw>
<var name="${key}">email</var>
<status status="PASS" start="2024-03-26T19:11:50.425866" elapsed="0.001949"/>
</iter>
<iter>
<kw name="Dictionary Should Contain Key" owner="Collections">
<msg time="2024-03-26T19:11:50.428483" level="INFO">False</msg>
<arg>${json_data['results'][0]}</arg>
<arg>${key}</arg>
<doc>Fails if ``key`` is not found from ``dictionary``.</doc>
<status status="PASS" start="2024-03-26T19:11:50.428108" elapsed="0.000413"/>
</kw>
<kw name="Log" owner="BuiltIn">
<msg time="2024-03-26T19:11:50.429228" level="INFO">{'gender': 'female', 'name': {'title': 'Miss', 'first': 'Lascívia', 'last': 'Barros'}, 'location': {'street': {'number': 8096, 'name': 'Rua da Paz '}, 'city': 'Boa Vista', 'state': 'Minas Gerais', 'country': 'Brazil', 'postcode': 75511, 'coordinates': {'latitude': '-73.7461', 'longitude': '41.2426'}, 'timezone': {'offset': '-3:30', 'description': 'Newfoundland'}}, 'email': 'lascivia.barros@example.com', 'login': {'uuid': '8134c327-ba83-4c01-bb7d-9f56de75ff7f', 'username': 'ticklishmeercat967', 'password': 'isabelle', 'salt': 'PIpWahDT', 'md5': '1eac57c1592de13dbd8a3e93a7338a05', 'sha1': '6ca7f75ef926482c8e3f072ab51de90b5ed2143c', 'sha256': 'fa334f4965d932a221370c0f79698b9f73d6e6421d9f7aef97a60c533a17fdfc'}, 'dob': {'date': '1965-02-24T22:24:59.168Z', 'age': 59}, 'registered': {'date': '2010-05-21T13:25:18.260Z', 'age': 13}, 'phone': '(94) 3994-9601', 'cell': '(69) 7946-8649', 'id': {'name': 'CPF', 'value': '166.017.861-73'}, 'picture': {'large': 'https://randomuser.me/api/portraits/women/80.jpg', 'medium': 'https://randomuser.me/api/portraits/med/women/80.jpg', 'thumbnail': 'https://randomuser.me/api/portraits/thumb/women/80.jpg'}, 'nat': 'BR'}</msg>
<arg>${json_data['results'][0]}</arg>
<doc>Logs the given message with the given level.</doc>
<status status="PASS" start="2024-03-26T19:11:50.428857" elapsed="0.000421"/>
</kw>
<kw name="Log" owner="BuiltIn">
<msg time="2024-03-26T19:11:50.429700" level="INFO">login</msg>
<arg>${key}</arg>
<doc>Logs the given message with the given level.</doc>
<status status="PASS" start="2024-03-26T19:11:50.429572" elapsed="0.000273"/>
</kw>
<var name="${key}">login</var>
<status status="PASS" start="2024-03-26T19:11:50.427991" elapsed="0.002105"/>
</iter>
<var>${key}</var>
<value>@{expected_keys}</value>
<status status="PASS" start="2024-03-26T19:11:50.418977" elapsed="0.011251"/>
</for>
<kw name="Create List" owner="BuiltIn">
<msg time="2024-03-26T19:11:50.430567" level="INFO">${expected_keysTwo} = ['username', 'password']</msg>
<var>${expected_keysTwo}</var>
<arg>username</arg>
<arg>password</arg>
<doc>Returns a list containing given items.</doc>
<status status="PASS" start="2024-03-26T19:11:50.430427" elapsed="0.000164"/>
</kw>
<for flavor="IN">
<iter>
<kw name="Dictionary Should Contain Key" owner="Collections">
<msg time="2024-03-26T19:11:50.431488" level="INFO">False</msg>
<arg>${json_data['results'][0]['login']}</arg>
<arg>${keyTwo}</arg>
<doc>Fails if ``key`` is not found from ``dictionary``.</doc>
<status status="PASS" start="2024-03-26T19:11:50.431109" elapsed="0.000417"/>
</kw>
<kw name="Dictionary Should Contain Key" owner="Collections">
<msg time="2024-03-26T19:11:50.432210" level="INFO">False</msg>
<arg>${json_data['results'][0]['login']}</arg>
<arg>${keyTwo}</arg>
<doc>Fails if ``key`` is not found from ``dictionary``.</doc>
<status status="PASS" start="2024-03-26T19:11:50.431823" elapsed="0.000425"/>
</kw>
<kw name="Log" owner="BuiltIn">
<msg time="2024-03-26T19:11:50.432702" level="INFO">username</msg>
<arg>${keyTwo}</arg>
<doc>Logs the given message with the given level.</doc>
<status status="PASS" start="2024-03-26T19:11:50.432539" elapsed="0.000202"/>
</kw>
<var name="${keyTwo}">username</var>
<status status="PASS" start="2024-03-26T19:11:50.430997" elapsed="0.001961"/>
</iter>
<iter>
<kw name="Dictionary Should Contain Key" owner="Collections">
<msg time="2024-03-26T19:11:50.433635" level="INFO">False</msg>
<arg>${json_data['results'][0]['login']}</arg>
<arg>${keyTwo}</arg>
<doc>Fails if ``key`` is not found from ``dictionary``.</doc>
<status status="PASS" start="2024-03-26T19:11:50.433244" elapsed="0.000430"/>
</kw>
<kw name="Dictionary Should Contain Key" owner="Collections">
<msg time="2024-03-26T19:11:50.434349" level="INFO">False</msg>
<arg>${json_data['results'][0]['login']}</arg>
<arg>${keyTwo}</arg>
<doc>Fails if ``key`` is not found from ``dictionary``.</doc>
<status status="PASS" start="2024-03-26T19:11:50.433970" elapsed="0.000417"/>
</kw>
<kw name="Log" owner="BuiltIn">
<msg time="2024-03-26T19:11:50.434811" level="INFO">password</msg>
<arg>${keyTwo}</arg>
<doc>Logs the given message with the given level.</doc>
<status status="PASS" start="2024-03-26T19:11:50.434682" elapsed="0.000168"/>
</kw>
<var name="${keyTwo}">password</var>
<status status="PASS" start="2024-03-26T19:11:50.433134" elapsed="0.001931"/>
</iter>
<var>${keyTwo}</var>
<value>@{expected_keysTwo}</value>
<status status="PASS" start="2024-03-26T19:11:50.430831" elapsed="0.004357"/>
</for>
<status status="PASS" start="2024-03-26T19:11:50.314150" elapsed="0.121178"/>
</kw>
<doc>Testa a estrutura da resposta da API.</doc>
<tag>testeEstruturaResposta</tag>
<status status="PASS" start="2024-03-26T19:11:50.313374" elapsed="0.122110"/>
</test>
<test id="s1-s1-t4" name="Validar tipos de dados" line="28">
<kw name="Teste de Tipos de Dados" owner="random-user-service">
<kw name="GET On Session" owner="RequestsLibrary">
<msg time="2024-03-26T19:11:50.530290" level="INFO">GET Request : url=https://randomuser.me/api 
 path_url=/api 
 headers={'User-Agent': 'python-requests/2.31.0', 'Accept-Encoding': 'gzip, deflate', 'Accept': '*/*', 'Connection': 'keep-alive'} 
 body=None 
 </msg>
<msg time="2024-03-26T19:11:50.530376" level="INFO">GET Response : url=https://randomuser.me/api 
 status=200, reason=OK 
 headers={'Date': 'Tue, 26 Mar 2024 19:11:50 GMT', 'Content-Type': 'application/json; charset=utf-8', 'Transfer-Encoding': 'chunked', 'Connection': 'keep-alive', 'X-Powered-By': 'Express', 'Access-Control-Allow-Origin': '*', 'Cache-Control': 'no-cache', 'ETag': 'W/"47a-D7NnyK/Wh0h6Txj2m1hZh62tpn4"', 'Vary': 'Accept-Encoding', 'Content-Encoding': 'gzip', 'CF-Cache-Status': 'DYNAMIC', 'Report-To': '{"endpoints":[{"url":"https:\\/\\/a.nel.cloudflare.com\\/report\\/v4?s=6x%2FqXGpTGVVT7nT2%2FazoadN4Np6tczDmXXZagYbxeJ6Duc6sGChXUTvBleCaotheRZnEXwhBUW8HQESEYY5NkreMWfMRtBapgrC7CPXO%2FpyTr7xK%2FuIlRUykKn8ETpxa"}],"group":"cf-nel","max_age":604800}', 'NEL': '{"success_fraction":0,"report_to":"cf-nel","max_age":604800}', 'Server': 'cloudflare', 'CF-RAY': '86a972e44c547d1f-LAX', 'alt-svc': 'h3=":443"; ma=86400'} 
 body={"results":[{"gender":"male","name":{"title":"Mr","first":"Mustafa","last":"Aybar"},"location":{"street":{"number":947,"name":"Mevlana Cd"},"city":"Bartın","state":"Iğdır","country":"Turkey","postcode":53227,"coordinates":{"latitude":"70.4438","longitude":"-56.3245"},"timezone":{"offset":"-3:00","description":"Brazil, Buenos Aires, Georgetown"}},"email":"mustafa.aybar@example.com","login":{"uuid":"a251eef7-0f59-4df6-8eb8-178e2510b0a1","username":"sadleopard173","password":"topher","salt":"b9uK18AX","md5":"e8bb0b0a1ca66a0939951de47d9ac80c","sha1":"ebaa1d9a4f9a242e918ac73a6dc1c1e58c468479","sha256":"e4004a64f8a1c2f0603ddcef67dca5d02516865c6c595527ec5b34423a7a671b"},"dob":{"date":"1970-06-10T01:13:34.799Z","age":53},"registered":{"date":"2012-12-01T00:15:27.002Z","age":11},"phone":"(131)-070-6013","cell":"(943)-861-0742","id":{"name":"","value":null},"picture":{"large":"https://randomuser.me/api/portraits/men/90.jpg","medium":"https://randomuser.me/api/portraits/med/men/90.jpg","thumbnail":"https://randomuser.me/api/portraits/thumb/men/90.jpg"},"nat":"TR"}],"info":{"seed":"6f52c546decf0efd","results":1,"page":1,"version":"1.4"}} 
 </msg>
<msg time="2024-03-26T19:11:50.530452" level="INFO">/opt/hostedtoolcache/Python/3.12.2/x64/lib/python3.12/site-packages/urllib3/connectionpool.py:1103: InsecureRequestWarning: Unverified HTTPS request is being made to host 'randomuser.me'. Adding certificate verification is strongly advised. See: https://urllib3.readthedocs.io/en/latest/advanced-usage.html#tls-warnings
  warnings.warn(</msg>
<msg time="2024-03-26T19:11:50.530559" level="INFO">${response} = &lt;Response [200]&gt;</msg>
<var>${response}</var>
<arg>consultarAPI</arg>
<arg>/api</arg>
<doc>Sends a GET request on a previously created HTTP Session.</doc>
<status status="PASS" start="2024-03-26T19:11:50.438042" elapsed="0.092548"/>
</kw>
<kw name="Set Variable" owner="BuiltIn">
<msg time="2024-03-26T19:11:50.531508" level="INFO">${json_data} = {'results': [{'gender': 'male', 'name': {'title': 'Mr', 'first': 'Mustafa', 'last': 'Aybar'}, 'location': {'street': {'number': 947, 'name': 'Mevlana Cd'}, 'city': 'Bartın', 'state': 'Iğdır', 'country...</msg>
<var>${json_data}</var>
<arg>${response.json()}</arg>
<doc>Returns the given values which can then be assigned to a variables.</doc>
<status status="PASS" start="2024-03-26T19:11:50.531017" elapsed="0.000522"/>
</kw>
<kw name="Log" owner="BuiltIn">
<msg time="2024-03-26T19:11:50.532036" level="INFO">{'results': [{'gender': 'male', 'name': {'title': 'Mr', 'first': 'Mustafa', 'last': 'Aybar'}, 'location': {'street': {'number': 947, 'name': 'Mevlana Cd'}, 'city': 'Bartın', 'state': 'Iğdır', 'country': 'Turkey', 'postcode': 53227, 'coordinates': {'latitude': '70.4438', 'longitude': '-56.3245'}, 'timezone': {'offset': '-3:00', 'description': 'Brazil, Buenos Aires, Georgetown'}}, 'email': 'mustafa.aybar@example.com', 'login': {'uuid': 'a251eef7-0f59-4df6-8eb8-178e2510b0a1', 'username': 'sadleopard173', 'password': 'topher', 'salt': 'b9uK18AX', 'md5': 'e8bb0b0a1ca66a0939951de47d9ac80c', 'sha1': 'ebaa1d9a4f9a242e918ac73a6dc1c1e58c468479', 'sha256': 'e4004a64f8a1c2f0603ddcef67dca5d02516865c6c595527ec5b34423a7a671b'}, 'dob': {'date': '1970-06-10T01:13:34.799Z', 'age': 53}, 'registered': {'date': '2012-12-01T00:15:27.002Z', 'age': 11}, 'phone': '(131)-070-6013', 'cell': '(943)-861-0742', 'id': {'name': '', 'value': None}, 'picture': {'large': 'https://randomuser.me/api/portraits/men/90.jpg', 'medium': 'https://randomuser.me/api/portraits/med/men/90.jpg', 'thumbnail': 'https://randomuser.me/api/portraits/thumb/men/90.jpg'}, 'nat': 'TR'}], 'info': {'seed': '6f52c546decf0efd', 'results': 1, 'page': 1, 'version': '1.4'}}</msg>
<arg>${json_data}</arg>
<doc>Logs the given message with the given level.</doc>
<status status="PASS" start="2024-03-26T19:11:50.531873" elapsed="0.000252"/>
</kw>
<kw name="Should Be String" owner="String">
<arg>${json_data['results'][0]['gender']}</arg>
<doc>Fails if the given ``item`` is not a string.</doc>
<status status="PASS" start="2024-03-26T19:11:50.532438" elapsed="0.000426"/>
</kw>
<kw name="Should Match Regexp" owner="BuiltIn">
<arg>${json_data['results'][0]['email']}</arg>
<arg>^[a-zA-Z0-9._%+-]+@[a-zA-Z0-9.-]+\.[a-zA-Z]{2,}$</arg>
<doc>Fails if ``string`` does not match ``pattern`` as a regular expression.</doc>
<status status="PASS" start="2024-03-26T19:11:50.533065" elapsed="0.000529"/>
</kw>
<kw name="Should Match Regexp" owner="BuiltIn">
<arg>${json_data['results'][0]['dob']['date']}</arg>
<arg>\\d{4}-\\d{2}-\\d{2}T\\d{2}:\\d{2}:\\d{2}\\.\\d{3}Z</arg>
<doc>Fails if ``string`` does not match ``pattern`` as a regular expression.</doc>
<status status="PASS" start="2024-03-26T19:11:50.533797" elapsed="0.000498"/>
</kw>
<kw name="Should Match Regexp" owner="BuiltIn">
<arg>${json_data['results'][0]['registered']['date']}</arg>
<arg>\\d{4}-\\d{2}-\\d{2}T\\d{2}:\\d{2}:\\d{2}\\.\\d{3}Z</arg>
<doc>Fails if ``string`` does not match ``pattern`` as a regular expression.</doc>
<status status="PASS" start="2024-03-26T19:11:50.534492" elapsed="0.000386"/>
</kw>
<kw name="Should Match Regexp" owner="BuiltIn">
<arg>${json_data['results'][0]['picture']['large']}</arg>
<arg>^https?://.*\.(?:png|jpe?g|gif|bmp)$</arg>
<doc>Fails if ``string`` does not match ``pattern`` as a regular expression.</doc>
<status status="PASS" start="2024-03-26T19:11:50.535070" elapsed="0.000459"/>
</kw>
<kw name="Should Match Regexp" owner="BuiltIn">
<arg>${json_data['results'][0]['picture']['medium']}</arg>
<arg>^https?://.*\.(?:png|jpe?g|gif|bmp)$</arg>
<doc>Fails if ``string`` does not match ``pattern`` as a regular expression.</doc>
<status status="PASS" start="2024-03-26T19:11:50.535721" elapsed="0.000361"/>
</kw>
<kw name="Should Match Regexp" owner="BuiltIn">
<arg>${json_data['results'][0]['picture']['thumbnail']}</arg>
<arg>^https?://.*\.(?:png|jpe?g|gif|bmp)$</arg>
<doc>Fails if ``string`` does not match ``pattern`` as a regular expression.</doc>
<status status="PASS" start="2024-03-26T19:11:50.536270" elapsed="0.000373"/>
</kw>
<kw name="Log" owner="BuiltIn">
<msg time="2024-03-26T19:11:50.537161" level="INFO">{'large': 'https://randomuser.me/api/portraits/men/90.jpg', 'medium': 'https://randomuser.me/api/portraits/med/men/90.jpg', 'thumbnail': 'https://randomuser.me/api/portraits/thumb/men/90.jpg'}</msg>
<arg>${json_data['results'][0]['picture']}</arg>
<doc>Logs the given message with the given level.</doc>
<status status="PASS" start="2024-03-26T19:11:50.536831" elapsed="0.000377"/>
</kw>
<status status="PASS" start="2024-03-26T19:11:50.437807" elapsed="0.099662"/>
</kw>
<kw name="Teste de Tipos de Dados - Postcode" owner="random-user-service">
<kw name="GET On Session" owner="RequestsLibrary">
<msg time="2024-03-26T19:11:50.634819" level="INFO">GET Request : url=https://randomuser.me/api 
 path_url=/api 
 headers={'User-Agent': 'python-requests/2.31.0', 'Accept-Encoding': 'gzip, deflate', 'Accept': '*/*', 'Connection': 'keep-alive'} 
 body=None 
 </msg>
<msg time="2024-03-26T19:11:50.634882" level="INFO">GET Response : url=https://randomuser.me/api 
 status=200, reason=OK 
 headers={'Date': 'Tue, 26 Mar 2024 19:11:50 GMT', 'Content-Type': 'application/json; charset=utf-8', 'Transfer-Encoding': 'chunked', 'Connection': 'keep-alive', 'X-Powered-By': 'Express', 'Access-Control-Allow-Origin': '*', 'Cache-Control': 'no-cache', 'ETag': 'W/"4a0-80dGDeKUAlQLWUnIuWDhM43CBaQ"', 'Vary': 'Accept-Encoding', 'Content-Encoding': 'gzip', 'CF-Cache-Status': 'DYNAMIC', 'Report-To': '{"endpoints":[{"url":"https:\\/\\/a.nel.cloudflare.com\\/report\\/v4?s=%2F5y9%2FFm%2BO79z0M4uvdLdPHu%2FK6HLpzQhtChU93khyxv4b%2Bvo2M8HOmrjpf11GfWD2zlNR%2Fo2BcH9JIhq3rEgwVQOIWblzcuOyx2aqQvKk8%2FELPX0TEKhbrQsQSIZQ5E%2F"}],"group":"cf-nel","max_age":604800}', 'NEL': '{"success_fraction":0,"report_to":"cf-nel","max_age":604800}', 'Server': 'cloudflare', 'CF-RAY': '86a972e4ecde7d1f-LAX', 'alt-svc': 'h3=":443"; ma=86400'} 
 body={"results":[{"gender":"female","name":{"title":"Mrs","first":"Tammy","last":"White"},"location":{"street":{"number":7516,"name":"W Belt Line Rd"},"city":"Santa Maria","state":"Kansas","country":"United States","postcode":24149,"coordinates":{"latitude":"83.4448","longitude":"80.5075"},"timezone":{"offset":"-6:00","description":"Central Time (US &amp; Canada), Mexico City"}},"email":"tammy.white@example.com","login":{"uuid":"ef53cdc4-2553-4ea4-8e56-864df923c711","username":"happyleopard462","password":"dummy","salt":"vvn4Prs6","md5":"2ccbe497cd39c1d6d6c94443768b1b6f","sha1":"231ea0b9fd2d843a7083ca4c1ee04a55af745fd2","sha256":"fd40b26087a6929e341af3c6ccd60dd1ac4c92d6102724ec5ef458799843442c"},"dob":{"date":"1961-07-17T11:28:12.090Z","age":62},"registered":{"date":"2019-03-22T04:55:46.011Z","age":5},"phone":"(612) 840-1049","cell":"(882) 241-0724","id":{"name":"SSN","value":"899-05-3234"},"picture":{"large":"https://randomuser.me/api/portraits/women/91.jpg","medium":"https://randomuser.me/api/portraits/med/women/91.jpg","thumbnail":"https://randomuser.me/api/portraits/thumb/women/91.jpg"},"nat":"US"}],"info":{"seed":"a1d1c64c6eafd8ca","results":1,"page":1,"version":"1.4"}} 
 </msg>
<msg time="2024-03-26T19:11:50.634949" level="INFO">/opt/hostedtoolcache/Python/3.12.2/x64/lib/python3.12/site-packages/urllib3/connectionpool.py:1103: InsecureRequestWarning: Unverified HTTPS request is being made to host 'randomuser.me'. Adding certificate verification is strongly advised. See: https://urllib3.readthedocs.io/en/latest/advanced-usage.html#tls-warnings
  warnings.warn(</msg>
<msg time="2024-03-26T19:11:50.635037" level="INFO">${response} = &lt;Response [200]&gt;</msg>
<var>${response}</var>
<arg>consultarAPI</arg>
<arg>/api</arg>
<doc>Sends a GET request on a previously created HTTP Session.</doc>
<status status="PASS" start="2024-03-26T19:11:50.538042" elapsed="0.097036"/>
</kw>
<kw name="Set Variable" owner="BuiltIn">
<msg time="2024-03-26T19:11:50.636103" level="INFO">${json_data} = {'results': [{'gender': 'female', 'name': {'title': 'Mrs', 'first': 'Tammy', 'last': 'White'}, 'location': {'street': {'number': 7516, 'name': 'W Belt Line Rd'}, 'city': 'Santa Maria', 'state': 'Kansa...</msg>
<var>${json_data}</var>
<arg>${response.json()}</arg>
<doc>Returns the given values which can then be assigned to a variables.</doc>
<status status="PASS" start="2024-03-26T19:11:50.635558" elapsed="0.000573"/>
</kw>
<kw name="Log" owner="BuiltIn">
<msg time="2024-03-26T19:11:50.636631" level="INFO">{'results': [{'gender': 'female', 'name': {'title': 'Mrs', 'first': 'Tammy', 'last': 'White'}, 'location': {'street': {'number': 7516, 'name': 'W Belt Line Rd'}, 'city': 'Santa Maria', 'state': 'Kansas', 'country': 'United States', 'postcode': 24149, 'coordinates': {'latitude': '83.4448', 'longitude': '80.5075'}, 'timezone': {'offset': '-6:00', 'description': 'Central Time (US &amp; Canada), Mexico City'}}, 'email': 'tammy.white@example.com', 'login': {'uuid': 'ef53cdc4-2553-4ea4-8e56-864df923c711', 'username': 'happyleopard462', 'password': 'dummy', 'salt': 'vvn4Prs6', 'md5': '2ccbe497cd39c1d6d6c94443768b1b6f', 'sha1': '231ea0b9fd2d843a7083ca4c1ee04a55af745fd2', 'sha256': 'fd40b26087a6929e341af3c6ccd60dd1ac4c92d6102724ec5ef458799843442c'}, 'dob': {'date': '1961-07-17T11:28:12.090Z', 'age': 62}, 'registered': {'date': '2019-03-22T04:55:46.011Z', 'age': 5}, 'phone': '(612) 840-1049', 'cell': '(882) 241-0724', 'id': {'name': 'SSN', 'value': '899-05-3234'}, 'picture': {'large': 'https://randomuser.me/api/portraits/women/91.jpg', 'medium': 'https://randomuser.me/api/portraits/med/women/91.jpg', 'thumbnail': 'https://randomuser.me/api/portraits/thumb/women/91.jpg'}, 'nat': 'US'}], 'info': {'seed': 'a1d1c64c6eafd8ca', 'results': 1, 'page': 1, 'version': '1.4'}}</msg>
<arg>${json_data}</arg>
<doc>Logs the given message with the given level.</doc>
<status status="PASS" start="2024-03-26T19:11:50.636436" elapsed="0.000289"/>
</kw>
<kw name="Should Be Equal As Numbers" owner="BuiltIn">
<arg>${json_data['results'][0]['location']['postcode']}</arg>
<arg>${json_data['results'][0]['location']['postcode']}</arg>
<doc>Fails if objects are unequal after converting them to real numbers.</doc>
<status status="PASS" start="2024-03-26T19:11:50.637033" elapsed="0.000623"/>
</kw>
<kw name="Log" owner="BuiltIn">
<msg time="2024-03-26T19:11:50.638189" level="INFO">24149</msg>
<arg>${json_data['results'][0]['location']['postcode']}</arg>
<doc>Logs the given message with the given level.</doc>
<status status="PASS" start="2024-03-26T19:11:50.637850" elapsed="0.000380"/>
</kw>
<status status="PASS" start="2024-03-26T19:11:50.537694" elapsed="0.100786"/>
</kw>
<doc>Testa se os tipos de dados na resposta da API estão corretos.</doc>
<tag>testeTiposDados</tag>
<status status="PASS" start="2024-03-26T19:11:50.437260" elapsed="0.201383"/>
</test>
<test id="s1-s1-t5" name="Validar conteudo" line="35">
<kw name="Teste de Tipos de Conteudo" owner="random-user-service">
<kw name="GET On Session" owner="RequestsLibrary">
<msg time="2024-03-26T19:11:50.737998" level="INFO">GET Request : url=https://randomuser.me/api 
 path_url=/api 
 headers={'User-Agent': 'python-requests/2.31.0', 'Accept-Encoding': 'gzip, deflate', 'Accept': '*/*', 'Connection': 'keep-alive'} 
 body=None 
 </msg>
<msg time="2024-03-26T19:11:50.738072" level="INFO">GET Response : url=https://randomuser.me/api 
 status=200, reason=OK 
 headers={'Date': 'Tue, 26 Mar 2024 19:11:50 GMT', 'Content-Type': 'application/json; charset=utf-8', 'Transfer-Encoding': 'chunked', 'Connection': 'keep-alive', 'X-Powered-By': 'Express', 'Access-Control-Allow-Origin': '*', 'Cache-Control': 'no-cache', 'ETag': 'W/"495-G5ck6zwFS2kiDdFr8bJe/GB7zVw"', 'Vary': 'Accept-Encoding', 'Content-Encoding': 'gzip', 'CF-Cache-Status': 'DYNAMIC', 'Report-To': '{"endpoints":[{"url":"https:\\/\\/a.nel.cloudflare.com\\/report\\/v4?s=sV5x7y6av8I81Qc%2B9xgeP1d9ecx%2Fdz9kTEvGzO8h6CHpKZhxNbGL7Rj4hHMGesFjXYbrwPkLa9qeSAhEn%2FsjS4NOcMJ3VZkEHfPAukd3%2Fs%2BdNJkYmmbfEASrbJMsyiff"}],"group":"cf-nel","max_age":604800}', 'NEL': '{"success_fraction":0,"report_to":"cf-nel","max_age":604800}', 'Server': 'cloudflare', 'CF-RAY': '86a972e58d6b7d1f-LAX', 'alt-svc': 'h3=":443"; ma=86400'} 
 body={"results":[{"gender":"female","name":{"title":"Mrs","first":"Pearl","last":"Mitchelle"},"location":{"street":{"number":5794,"name":"Plum St"},"city":"Tweed","state":"Victoria","country":"Australia","postcode":5463,"coordinates":{"latitude":"-85.3787","longitude":"154.4585"},"timezone":{"offset":"-4:00","description":"Atlantic Time (Canada), Caracas, La Paz"}},"email":"pearl.mitchelle@example.com","login":{"uuid":"c9a49aed-3889-40de-acf5-db54a007b9ff","username":"goldensnake760","password":"zxc123","salt":"IGJc16hX","md5":"20ef674fdc068b7082b2d61bbdf7941e","sha1":"c1de99f9e2dff9a97f6abb4fd0e968296c81c10b","sha256":"b2c8e7b1bba3103d1c74a39a5f8a85273c5f10b70de1c9545f2fb3a351da8088"},"dob":{"date":"1964-06-06T22:52:25.864Z","age":59},"registered":{"date":"2007-10-29T09:38:38.337Z","age":16},"phone":"00-0466-9968","cell":"0416-470-792","id":{"name":"TFN","value":"582562325"},"picture":{"large":"https://randomuser.me/api/portraits/women/64.jpg","medium":"https://randomuser.me/api/portraits/med/women/64.jpg","thumbnail":"https://randomuser.me/api/portraits/thumb/women/64.jpg"},"nat":"AU"}],"info":{"seed":"aeb30e889d9b3ce9","results":1,"page":1,"version":"1.4"}} 
 </msg>
<msg time="2024-03-26T19:11:50.738128" level="INFO">/opt/hostedtoolcache/Python/3.12.2/x64/lib/python3.12/site-packages/urllib3/connectionpool.py:1103: InsecureRequestWarning: Unverified HTTPS request is being made to host 'randomuser.me'. Adding certificate verification is strongly advised. See: https://urllib3.readthedocs.io/en/latest/advanced-usage.html#tls-warnings
  warnings.warn(</msg>
<msg time="2024-03-26T19:11:50.738225" level="INFO">${response} = &lt;Response [200]&gt;</msg>
<var>${response}</var>
<arg>consultarAPI</arg>
<arg>/api</arg>
<doc>Sends a GET request on a previously created HTTP Session.</doc>
<status status="PASS" start="2024-03-26T19:11:50.641181" elapsed="0.097084"/>
</kw>
<kw name="Set Variable" owner="BuiltIn">
<msg time="2024-03-26T19:11:50.739293" level="INFO">${json_data} = {'results': [{'gender': 'female', 'name': {'title': 'Mrs', 'first': 'Pearl', 'last': 'Mitchelle'}, 'location': {'street': {'number': 5794, 'name': 'Plum St'}, 'city': 'Tweed', 'state': 'Victoria', 'co...</msg>
<var>${json_data}</var>
<arg>${response.json()}</arg>
<doc>Returns the given values which can then be assigned to a variables.</doc>
<status status="PASS" start="2024-03-26T19:11:50.738761" elapsed="0.000560"/>
</kw>
<kw name="Set Variable" owner="BuiltIn">
<msg time="2024-03-26T19:11:50.740011" level="INFO">${name_title} = Mrs</msg>
<var>${name_title}</var>
<arg>${json_data["results"][0]["name"]["title"]}</arg>
<doc>Returns the given values which can then be assigned to a variables.</doc>
<status status="PASS" start="2024-03-26T19:11:50.739630" elapsed="0.000406"/>
</kw>
<kw name="Create List" owner="BuiltIn">
<msg time="2024-03-26T19:11:50.740484" level="INFO">${allowed_titles} = ['Mr', 'Ms', 'Miss', 'Mrs', 'Madame', 'Monsieur']</msg>
<var>${allowed_titles}</var>
<arg>Mr</arg>
<arg>Ms</arg>
<arg>Miss</arg>
<arg>Mrs</arg>
<arg>Madame</arg>
<arg>Monsieur</arg>
<doc>Returns a list containing given items.</doc>
<status status="PASS" start="2024-03-26T19:11:50.740335" elapsed="0.000173"/>
</kw>
<kw name="List Should Contain Value" owner="Collections">
<msg time="2024-03-26T19:11:50.741048" level="INFO">False</msg>
<arg>${allowed_titles}</arg>
<arg>${name_title}</arg>
<doc>Fails if the ``value`` is not found from ``list``.</doc>
<status status="PASS" start="2024-03-26T19:11:50.740869" elapsed="0.000217"/>
</kw>
<kw name="Set Variable" owner="BuiltIn">
<msg time="2024-03-26T19:11:50.741748" level="INFO">${name_country} = AU</msg>
<var>${name_country}</var>
<arg>${json_data["results"][0]["nat"]}</arg>
<doc>Returns the given values which can then be assigned to a variables.</doc>
<status status="PASS" start="2024-03-26T19:11:50.741373" elapsed="0.000401"/>
</kw>
<kw name="Create List" owner="BuiltIn">
<msg time="2024-03-26T19:11:50.742679" level="INFO">${list_country} = ['AD', 'AE', 'AF', 'AG', 'AI', 'AL', 'AM', 'AO', 'AQ', 'AR', 'AS', 'AT', 'AU', 'AW', 'AX', 'AZ', 'BA', 'BB', 'BD', 'BE', 'BF', 'BG', 'BH', 'BI', 'BJ', 'BL', 'BM', 'BN', 'BO', 'BQ', 'BR', 'BS', 'BT', '...</msg>
<var>${list_country}</var>
<arg>AD</arg>
<arg>AE</arg>
<arg>AF</arg>
<arg>AG</arg>
<arg>AI</arg>
<arg>AL</arg>
<arg>AM</arg>
<arg>AO</arg>
<arg>AQ</arg>
<arg>AR</arg>
<arg>AS</arg>
<arg>AT</arg>
<arg>AU</arg>
<arg>AW</arg>
<arg>AX</arg>
<arg>AZ</arg>
<arg>BA</arg>
<arg>BB</arg>
<arg>BD</arg>
<arg>BE</arg>
<arg>BF</arg>
<arg>BG</arg>
<arg>BH</arg>
<arg>BI</arg>
<arg>BJ</arg>
<arg>BL</arg>
<arg>BM</arg>
<arg>BN</arg>
<arg>BO</arg>
<arg>BQ</arg>
<arg>BR</arg>
<arg>BS</arg>
<arg>BT</arg>
<arg>BV</arg>
<arg>BW</arg>
<arg>BY</arg>
<arg>BZ</arg>
<arg>CA</arg>
<arg>CC</arg>
<arg>CD</arg>
<arg>CF</arg>
<arg>CG</arg>
<arg>CH</arg>
<arg>CI</arg>
<arg>CK</arg>
<arg>CL</arg>
<arg>CM</arg>
<arg>CN</arg>
<arg>CO</arg>
<arg>CR</arg>
<arg>CU</arg>
<arg>CV</arg>
<arg>CW</arg>
<arg>CX</arg>
<arg>CY</arg>
<arg>CZ</arg>
<arg>DE</arg>
<arg>DJ</arg>
<arg>DK</arg>
<arg>DM</arg>
<arg>DO</arg>
<arg>DZ</arg>
<arg>EC</arg>
<arg>EE</arg>
<arg>EG</arg>
<arg>EH</arg>
<arg>ER</arg>
<arg>ES</arg>
<arg>ET</arg>
<arg>FI</arg>
<arg>FJ</arg>
<arg>FK</arg>
<arg>FM</arg>
<arg>FO</arg>
<arg>FR</arg>
<arg>GA</arg>
<arg>GB</arg>
<arg>GD</arg>
<arg>GE</arg>
<arg>GF</arg>
<arg>GG</arg>
<arg>GH</arg>
<arg>GI</arg>
<arg>GL</arg>
<arg>GM</arg>
<arg>GN</arg>
<arg>GP</arg>
<arg>GQ</arg>
<arg>GR</arg>
<arg>GS</arg>
<arg>GT</arg>
<arg>GU</arg>
<arg>GW</arg>
<arg>GY</arg>
<arg>HK</arg>
<arg>HM</arg>
<arg>HN</arg>
<arg>HR</arg>
<arg>HT</arg>
<arg>HU</arg>
<arg>ID</arg>
<arg>IE</arg>
<arg>IL</arg>
<arg>IM</arg>
<arg>IN</arg>
<arg>IO</arg>
<arg>IQ</arg>
<arg>IR</arg>
<arg>IS</arg>
<arg>IT</arg>
<arg>JE</arg>
<arg>JM</arg>
<arg>JO</arg>
<arg>JP</arg>
<arg>KE</arg>
<arg>KG</arg>
<arg>KH</arg>
<arg>KI</arg>
<arg>KM</arg>
<arg>KN</arg>
<arg>KP</arg>
<arg>KR</arg>
<arg>KW</arg>
<arg>KY</arg>
<arg>KZ</arg>
<arg>LA</arg>
<arg>LB</arg>
<arg>LC</arg>
<arg>LI</arg>
<arg>LK</arg>
<arg>LR</arg>
<arg>LS</arg>
<arg>LT</arg>
<arg>LU</arg>
<arg>LV</arg>
<arg>LY</arg>
<arg>MA</arg>
<arg>MC</arg>
<arg>MD</arg>
<arg>ME</arg>
<arg>MF</arg>
<arg>MG</arg>
<arg>MH</arg>
<arg>MK</arg>
<arg>ML</arg>
<arg>MM</arg>
<arg>MN</arg>
<arg>MO</arg>
<arg>MP</arg>
<arg>MQ</arg>
<arg>MR</arg>
<arg>MS</arg>
<arg>MT</arg>
<arg>MU</arg>
<arg>MV</arg>
<arg>MW</arg>
<arg>MX</arg>
<arg>MY</arg>
<arg>MZ</arg>
<arg>NA</arg>
<arg>NC</arg>
<arg>NE</arg>
<arg>NF</arg>
<arg>NG</arg>
<arg>NI</arg>
<arg>NL</arg>
<arg>NO</arg>
<arg>NP</arg>
<arg>NR</arg>
<arg>NU</arg>
<arg>NZ</arg>
<arg>OM</arg>
<arg>PA</arg>
<arg>PE</arg>
<arg>PF</arg>
<arg>PG</arg>
<arg>PH</arg>
<arg>PK</arg>
<arg>PL</arg>
<arg>PM</arg>
<arg>PN</arg>
<arg>PR</arg>
<arg>PS</arg>
<arg>PT</arg>
<arg>PW</arg>
<arg>PY</arg>
<arg>QA</arg>
<arg>RE</arg>
<arg>RO</arg>
<arg>RS</arg>
<arg>RU</arg>
<arg>RW</arg>
<arg>SA</arg>
<arg>SB</arg>
<arg>SC</arg>
<arg>SD</arg>
<arg>SE</arg>
<arg>SG</arg>
<arg>SH</arg>
<arg>SI</arg>
<arg>SJ</arg>
<arg>SK</arg>
<arg>SL</arg>
<arg>SM</arg>
<arg>SN</arg>
<arg>SO</arg>
<arg>SR</arg>
<arg>SS</arg>
<arg>ST</arg>
<arg>SV</arg>
<arg>SX</arg>
<arg>SY</arg>
<arg>SZ</arg>
<arg>TC</arg>
<arg>TD</arg>
<arg>TF</arg>
<arg>TG</arg>
<arg>TH</arg>
<arg>TJ</arg>
<arg>TK</arg>
<arg>TL</arg>
<arg>TM</arg>
<arg>TN</arg>
<arg>TO</arg>
<arg>TR</arg>
<arg>TT</arg>
<arg>TV</arg>
<arg>TW</arg>
<arg>TZ</arg>
<arg>UA</arg>
<arg>UG</arg>
<arg>UM</arg>
<arg>US</arg>
<arg>UY</arg>
<arg>UZ</arg>
<arg>VA</arg>
<arg>VC</arg>
<arg>VE</arg>
<arg>VG</arg>
<arg>VI</arg>
<arg>VN</arg>
<arg>VU</arg>
<arg>WF</arg>
<arg>WS</arg>
<arg>XK</arg>
<arg>YE</arg>
<arg>YT</arg>
<arg>ZA</arg>
<arg>ZM</arg>
<arg>ZW</arg>
<doc>Returns a list containing given items.</doc>
<status status="PASS" start="2024-03-26T19:11:50.742079" elapsed="0.000626"/>
</kw>
<kw name="List Should Contain Value" owner="Collections">
<msg time="2024-03-26T19:11:50.743801" level="INFO">False</msg>
<arg>${list_country}</arg>
<arg>${name_country}</arg>
<doc>Fails if the ``value`` is not found from ``list``.</doc>
<status status="PASS" start="2024-03-26T19:11:50.743598" elapsed="0.000241"/>
</kw>
<kw name="Run Keyword If" owner="BuiltIn">
<kw name="Should Be True" owner="BuiltIn">
<arg>${True}</arg>
<doc>Fails if the given condition is not true.</doc>
<status status="PASS" start="2024-03-26T19:11:50.744936" elapsed="0.000147"/>
</kw>
<arg>${json_data["results"][0]["location"]["coordinates"]["latitude"]} &gt;= -90 and ${json_data["results"][0]["location"]["coordinates"]["latitude"]} &lt;= 90</arg>
<arg>Should Be True</arg>
<arg>${True}</arg>
<doc>Runs the given keyword with the given arguments, if ``condition`` is true.</doc>
<status status="PASS" start="2024-03-26T19:11:50.744150" elapsed="0.001063"/>
</kw>
<kw name="Run Keyword If" owner="BuiltIn">
<kw name="Should Be True" owner="BuiltIn">
<arg>${True}</arg>
<doc>Fails if the given condition is not true.</doc>
<status status="PASS" start="2024-03-26T19:11:50.746101" elapsed="0.000144"/>
</kw>
<arg>${json_data["results"][0]["location"]["coordinates"]["longitude"]} &gt;= -180 and ${json_data["results"][0]["location"]["coordinates"]["longitude"]} &lt;= 180</arg>
<arg>Should Be True</arg>
<arg>${True}</arg>
<doc>Runs the given keyword with the given arguments, if ``condition`` is true.</doc>
<status status="PASS" start="2024-03-26T19:11:50.745409" elapsed="0.000963"/>
</kw>
<status status="PASS" start="2024-03-26T19:11:50.640957" elapsed="0.105543"/>
</kw>
<doc>Testa o conteúdo específico dos campos retornados pela API.</doc>
<tag>testeConteudo</tag>
<status status="PASS" start="2024-03-26T19:11:50.640404" elapsed="0.106246"/>
</test>
<status status="PASS" start="2024-03-26T19:11:49.673772" elapsed="1.074874"/>
</suite>
<status status="PASS" start="2024-03-26T19:11:49.659824" elapsed="1.094171"/>
</suite>
<statistics>
<total>
<stat pass="5" fail="0" skip="0">All Tests</stat>
</total>
<tag>
<stat pass="1" fail="0" skip="0">testeConteudo</stat>
<stat pass="1" fail="0" skip="0">testeEstruturaResposta</stat>
<stat pass="1" fail="0" skip="0">testeRequisicaoBasica</stat>
<stat pass="1" fail="0" skip="0">testeTiposDados</stat>
</tag>
<suite>
<stat pass="5" fail="0" skip="0" id="s1" name="Tests">Tests</stat>
<stat pass="5" fail="0" skip="0" id="s1-s1" name="Random-User-Test">Tests.Random-User-Test</stat>
</suite>
</statistics>
<errors>
</errors>
</robot>
