<?xml version="1.0" encoding="UTF-8"?>
<robot generator="Robot 7.0 (Python 3.12.2 on linux)" generated="2024-03-22T23:12:59.375752" rpa="false" schemaversion="5">
<suite id="s1" name="Tests" source="/home/runner/work/DesafioQAItauRogerioJordao/DesafioQAItauRogerioJordao/RamdonUser/tests">
<suite id="s1-s1" name="Random-User-Test" source="/home/runner/work/DesafioQAItauRogerioJordao/DesafioQAItauRogerioJordao/RamdonUser/tests/random-user-test.robot">
<test id="s1-s1-t1" name="Conectar" line="13">
<kw name="Conectar API" owner="random-user-service">
<kw name="Create Session" owner="RequestsLibrary">
<msg time="2024-03-22T23:12:59.734061" level="INFO">Creating Session using : alias=consultarAPI, url=https://randomuser.me/, headers={},                     cookies={}, auth=None, timeout=None, proxies=None, verify=False,                     debug=0 </msg>
<arg>consultarAPI</arg>
<arg>${URL}</arg>
<doc>Create Session: create a HTTP session to a server</doc>
<status status="PASS" start="2024-03-22T23:12:59.733855" elapsed="0.000400"/>
</kw>
<status status="PASS" start="2024-03-22T23:12:59.732785" elapsed="0.001842"/>
</kw>
<status status="PASS" start="2024-03-22T23:12:59.732170" elapsed="0.002662"/>
</test>
<test id="s1-s1-t2" name="Validar retorno 200 e JSON Válido" line="16">
<kw name="Teste de Requisicao Basica" owner="random-user-service">
<kw name="GET On Session" owner="RequestsLibrary">
<msg time="2024-03-22T23:12:59.819845" level="INFO">GET Request : url=https://randomuser.me/api 
 path_url=/api 
 headers={'User-Agent': 'python-requests/2.31.0', 'Accept-Encoding': 'gzip, deflate', 'Accept': '*/*', 'Connection': 'keep-alive'} 
 body=None 
 </msg>
<msg time="2024-03-22T23:12:59.819979" level="INFO">GET Response : url=https://randomuser.me/api 
 status=200, reason=OK 
 headers={'Date': 'Fri, 22 Mar 2024 23:12:59 GMT', 'Content-Type': 'application/json; charset=utf-8', 'Transfer-Encoding': 'chunked', 'Connection': 'keep-alive', 'X-Powered-By': 'Express', 'Access-Control-Allow-Origin': '*', 'Cache-Control': 'no-cache', 'ETag': 'W/"492-FjmMlyAG8eTlLVem4GrqQepGFQg"', 'Vary': 'Accept-Encoding', 'Content-Encoding': 'gzip', 'CF-Cache-Status': 'DYNAMIC', 'Report-To': '{"endpoints":[{"url":"https:\\/\\/a.nel.cloudflare.com\\/report\\/v4?s=g1Ahqo6aNr7IRt8aB6z5%2BOI9z9Uwrnu41fFhhiEgQ%2FRly%2FRtlxTx2hzYi2nCXZzhI%2BTynkdUrmlFgvXBbld%2FuNFuhgFQuFgSehA%2FFjemAvxpay1JyUOlsvzhpVCWVazx"}],"group":"cf-nel","max_age":604800}', 'NEL': '{"success_fraction":0,"report_to":"cf-nel","max_age":604800}', 'Server': 'cloudflare', 'CF-RAY': '8689dea59bb73b1a-IAD', 'alt-svc': 'h3=":443"; ma=86400'} 
 body={"results":[{"gender":"male","name":{"title":"Mr","first":"Bertino","last":"Gonçalves"},"location":{"street":{"number":4462,"name":"Rua Mato Grosso "},"city":"Muriaé","state":"Santa Catarina","country":"Brazil","postcode":95218,"coordinates":{"latitude":"-81.0458","longitude":"-132.5472"},"timezone":{"offset":"-3:30","description":"Newfoundland"}},"email":"bertino.goncalves@example.com","login":{"uuid":"275769ef-0e9c-4c27-9c28-8cfcc5afef26","username":"blackleopard571","password":"september","salt":"b5KXXlCw","md5":"4adef2b42b9064e9c68336079c254aaa","sha1":"59c2d930382b2bac8e5e0cded64c9f6ab8d64239","sha256":"a08a50c39ba544c7851568281ba417a64e07146faf4ba584b8d5f6946d6c2349"},"dob":{"date":"1987-08-23T14:44:35.457Z","age":36},"registered":{"date":"2021-12-08T19:13:09.421Z","age":2},"phone":"(73) 6999-1496","cell":"(22) 1501-5191","id":{"name":"CPF","value":"342.023.522-20"},"picture":{"large":"https://randomuser.me/api/portraits/men/80.jpg","medium":"https://randomuser.me/api/portraits/med/men/80.jpg","thumbnail":"https://randomuser.me/api/portraits/thumb/men/80.jpg"},"nat":"BR"}],"info":{"seed":"9dd59e02391aa423","results":1,"page":1,"version":"1.4"}} 
 </msg>
<msg time="2024-03-22T23:12:59.820098" level="INFO">/opt/hostedtoolcache/Python/3.12.2/x64/lib/python3.12/site-packages/urllib3/connectionpool.py:1103: InsecureRequestWarning: Unverified HTTPS request is being made to host 'randomuser.me'. Adding certificate verification is strongly advised. See: https://urllib3.readthedocs.io/en/latest/advanced-usage.html#tls-warnings
  warnings.warn(</msg>
<msg time="2024-03-22T23:12:59.820248" level="INFO">${response} = &lt;Response [200]&gt;</msg>
<var>${response}</var>
<arg>consultarAPI</arg>
<arg>/api</arg>
<doc>Sends a GET request on a previously created HTTP Session.</doc>
<status status="PASS" start="2024-03-22T23:12:59.737511" elapsed="0.082787"/>
</kw>
<kw name="Should Be Equal As Numbers" owner="BuiltIn">
<msg time="2024-03-22T23:12:59.821336" level="INFO">Argument types are:
&lt;class 'int'&gt;
&lt;class 'str'&gt;</msg>
<arg>${response.status_code}</arg>
<arg>200</arg>
<doc>Fails if objects are unequal after converting them to real numbers.</doc>
<status status="PASS" start="2024-03-22T23:12:59.820843" elapsed="0.000557"/>
</kw>
<kw name="Log" owner="BuiltIn">
<msg time="2024-03-22T23:12:59.822084" level="INFO">200</msg>
<arg>${response.status_code}</arg>
<doc>Logs the given message with the given level.</doc>
<status status="PASS" start="2024-03-22T23:12:59.821726" elapsed="0.000401"/>
</kw>
<kw name="Set Variable" owner="BuiltIn">
<msg time="2024-03-22T23:12:59.822910" level="INFO">${json_data} = {'results': [{'gender': 'male', 'name': {'title': 'Mr', 'first': 'Bertino', 'last': 'Gonçalves'}, 'location': {'street': {'number': 4462, 'name': 'Rua Mato Grosso '}, 'city': 'Muriaé', 'state': 'Santa...</msg>
<var>${json_data}</var>
<arg>${response.json()}</arg>
<doc>Returns the given values which can then be assigned to a variables.</doc>
<status status="PASS" start="2024-03-22T23:12:59.822453" elapsed="0.000487"/>
</kw>
<kw name="Dictionary Should Contain Key" owner="Collections">
<msg time="2024-03-22T23:12:59.823460" level="INFO">False</msg>
<arg>${json_data}</arg>
<arg>results</arg>
<doc>Fails if ``key`` is not found from ``dictionary``.</doc>
<status status="PASS" start="2024-03-22T23:12:59.823257" elapsed="0.000242"/>
</kw>
<status status="PASS" start="2024-03-22T23:12:59.737259" elapsed="0.086503"/>
</kw>
<doc>Testa se a API responde corretamente e retorna um objeto JSON válido.</doc>
<tag>testeRequisicaoBasica</tag>
<status status="PASS" start="2024-03-22T23:12:59.736739" elapsed="0.087216"/>
</test>
<test id="s1-s1-t3" name="Validar estrutura de resposta" line="22">
<kw name="Teste de Estrutura de Resposta" owner="random-user-service">
<kw name="GET On Session" owner="RequestsLibrary">
<msg time="2024-03-22T23:12:59.909209" level="INFO">GET Request : url=https://randomuser.me/api 
 path_url=/api 
 headers={'User-Agent': 'python-requests/2.31.0', 'Accept-Encoding': 'gzip, deflate', 'Accept': '*/*', 'Connection': 'keep-alive'} 
 body=None 
 </msg>
<msg time="2024-03-22T23:12:59.909307" level="INFO">GET Response : url=https://randomuser.me/api 
 status=200, reason=OK 
 headers={'Date': 'Fri, 22 Mar 2024 23:12:59 GMT', 'Content-Type': 'application/json; charset=utf-8', 'Transfer-Encoding': 'chunked', 'Connection': 'keep-alive', 'X-Powered-By': 'Express', 'Access-Control-Allow-Origin': '*', 'Cache-Control': 'no-cache', 'ETag': 'W/"484-nsmJRzdND9qZMVGNhgC8riVdIK8"', 'Vary': 'Accept-Encoding', 'Content-Encoding': 'gzip', 'CF-Cache-Status': 'DYNAMIC', 'Report-To': '{"endpoints":[{"url":"https:\\/\\/a.nel.cloudflare.com\\/report\\/v4?s=XjApOh5yYbbsWieaJyIbI%2BXOrRmYTc7j0P7r09ynyhFgw01BD2bFdg5XX%2FT%2F%2FD7ZwxFqlec1dqJu%2BMSkD1aR9EZUqBWnMtcnp%2F2A2BMzyZat1OzDbOVJVeEV%2FlROBkjD"}],"group":"cf-nel","max_age":604800}', 'NEL': '{"success_fraction":0,"report_to":"cf-nel","max_age":604800}', 'Server': 'cloudflare', 'CF-RAY': '8689dea5fc263b1a-IAD', 'alt-svc': 'h3=":443"; ma=86400'} 
 body={"results":[{"gender":"male","name":{"title":"Mr","first":"Ethan","last":"Hodneland"},"location":{"street":{"number":8300,"name":"Sveiva"},"city":"Askje","state":"Troms - Romsa","country":"Norway","postcode":"1441","coordinates":{"latitude":"43.6570","longitude":"-37.4987"},"timezone":{"offset":"-6:00","description":"Central Time (US &amp; Canada), Mexico City"}},"email":"ethan.hodneland@example.com","login":{"uuid":"453dd0dc-2665-40aa-8962-395f2eb34dfc","username":"greendog296","password":"marker","salt":"kyBwdOPq","md5":"398b13a3fd94098ad7c7282e753a5a07","sha1":"d68437a764aebdfaaf15ae7008feeda5b704cdc0","sha256":"7dcc2851577e7cd2819e1f1361051bc5e9e2ea11d81404375fb7737dd5e4acb6"},"dob":{"date":"1976-11-17T02:47:05.614Z","age":47},"registered":{"date":"2008-07-10T15:33:16.908Z","age":15},"phone":"29712897","cell":"95845242","id":{"name":"FN","value":"17117630145"},"picture":{"large":"https://randomuser.me/api/portraits/men/94.jpg","medium":"https://randomuser.me/api/portraits/med/men/94.jpg","thumbnail":"https://randomuser.me/api/portraits/thumb/men/94.jpg"},"nat":"NO"}],"info":{"seed":"6c3d888d118bcb9c","results":1,"page":1,"version":"1.4"}} 
 </msg>
<msg time="2024-03-22T23:12:59.909453" level="INFO">/opt/hostedtoolcache/Python/3.12.2/x64/lib/python3.12/site-packages/urllib3/connectionpool.py:1103: InsecureRequestWarning: Unverified HTTPS request is being made to host 'randomuser.me'. Adding certificate verification is strongly advised. See: https://urllib3.readthedocs.io/en/latest/advanced-usage.html#tls-warnings
  warnings.warn(</msg>
<msg time="2024-03-22T23:12:59.909588" level="INFO">${response} = &lt;Response [200]&gt;</msg>
<var>${response}</var>
<arg>consultarAPI</arg>
<arg>/api</arg>
<doc>Sends a GET request on a previously created HTTP Session.</doc>
<status status="PASS" start="2024-03-22T23:12:59.826713" elapsed="0.082914"/>
</kw>
<kw name="Set Variable" owner="BuiltIn">
<msg time="2024-03-22T23:12:59.910796" level="INFO">${json_data} = {'results': [{'gender': 'male', 'name': {'title': 'Mr', 'first': 'Ethan', 'last': 'Hodneland'}, 'location': {'street': {'number': 8300, 'name': 'Sveiva'}, 'city': 'Askje', 'state': 'Troms - Romsa', 'c...</msg>
<var>${json_data}</var>
<arg>${response.json()}</arg>
<doc>Returns the given values which can then be assigned to a variables.</doc>
<status status="PASS" start="2024-03-22T23:12:59.910236" elapsed="0.000589"/>
</kw>
<kw name="Log" owner="BuiltIn">
<msg time="2024-03-22T23:12:59.911335" level="INFO">{'results': [{'gender': 'male', 'name': {'title': 'Mr', 'first': 'Ethan', 'last': 'Hodneland'}, 'location': {'street': {'number': 8300, 'name': 'Sveiva'}, 'city': 'Askje', 'state': 'Troms - Romsa', 'country': 'Norway', 'postcode': '1441', 'coordinates': {'latitude': '43.6570', 'longitude': '-37.4987'}, 'timezone': {'offset': '-6:00', 'description': 'Central Time (US &amp; Canada), Mexico City'}}, 'email': 'ethan.hodneland@example.com', 'login': {'uuid': '453dd0dc-2665-40aa-8962-395f2eb34dfc', 'username': 'greendog296', 'password': 'marker', 'salt': 'kyBwdOPq', 'md5': '398b13a3fd94098ad7c7282e753a5a07', 'sha1': 'd68437a764aebdfaaf15ae7008feeda5b704cdc0', 'sha256': '7dcc2851577e7cd2819e1f1361051bc5e9e2ea11d81404375fb7737dd5e4acb6'}, 'dob': {'date': '1976-11-17T02:47:05.614Z', 'age': 47}, 'registered': {'date': '2008-07-10T15:33:16.908Z', 'age': 15}, 'phone': '29712897', 'cell': '95845242', 'id': {'name': 'FN', 'value': '17117630145'}, 'picture': {'large': 'https://randomuser.me/api/portraits/men/94.jpg', 'medium': 'https://randomuser.me/api/portraits/med/men/94.jpg', 'thumbnail': 'https://randomuser.me/api/portraits/thumb/men/94.jpg'}, 'nat': 'NO'}], 'info': {'seed': '6c3d888d118bcb9c', 'results': 1, 'page': 1, 'version': '1.4'}}</msg>
<arg>${json_data}</arg>
<doc>Logs the given message with the given level.</doc>
<status status="PASS" start="2024-03-22T23:12:59.911142" elapsed="0.000250"/>
</kw>
<kw name="Dictionary Should Contain Key" owner="Collections">
<msg time="2024-03-22T23:12:59.911921" level="INFO">False</msg>
<arg>${json_data}</arg>
<arg>results</arg>
<doc>Fails if ``key`` is not found from ``dictionary``.</doc>
<status status="PASS" start="2024-03-22T23:12:59.911697" elapsed="0.000279"/>
</kw>
<kw name="Should Not Be Empty" owner="BuiltIn">
<msg time="2024-03-22T23:12:59.912476" level="INFO">Length is 2.</msg>
<arg>${json_data}</arg>
<doc>Verifies that the given item is not empty.</doc>
<status status="PASS" start="2024-03-22T23:12:59.912338" elapsed="0.000177"/>
</kw>
<kw name="Create List" owner="BuiltIn">
<msg time="2024-03-22T23:12:59.913141" level="INFO">${expected_keys} = ['gender', 'name', 'location', 'email', 'login']</msg>
<var>${expected_keys}</var>
<arg>gender</arg>
<arg>name</arg>
<arg>location</arg>
<arg>email</arg>
<arg>login</arg>
<doc>Returns a list containing given items.</doc>
<status status="PASS" start="2024-03-22T23:12:59.912906" elapsed="0.000263"/>
</kw>
<for flavor="IN">
<iter>
<kw name="Dictionary Should Contain Key" owner="Collections">
<msg time="2024-03-22T23:12:59.914252" level="INFO">False</msg>
<arg>${json_data['results'][0]}</arg>
<arg>${key}</arg>
<doc>Fails if ``key`` is not found from ``dictionary``.</doc>
<status status="PASS" start="2024-03-22T23:12:59.913837" elapsed="0.000455"/>
</kw>
<kw name="Log" owner="BuiltIn">
<msg time="2024-03-22T23:12:59.914998" level="INFO">{'gender': 'male', 'name': {'title': 'Mr', 'first': 'Ethan', 'last': 'Hodneland'}, 'location': {'street': {'number': 8300, 'name': 'Sveiva'}, 'city': 'Askje', 'state': 'Troms - Romsa', 'country': 'Norway', 'postcode': '1441', 'coordinates': {'latitude': '43.6570', 'longitude': '-37.4987'}, 'timezone': {'offset': '-6:00', 'description': 'Central Time (US &amp; Canada), Mexico City'}}, 'email': 'ethan.hodneland@example.com', 'login': {'uuid': '453dd0dc-2665-40aa-8962-395f2eb34dfc', 'username': 'greendog296', 'password': 'marker', 'salt': 'kyBwdOPq', 'md5': '398b13a3fd94098ad7c7282e753a5a07', 'sha1': 'd68437a764aebdfaaf15ae7008feeda5b704cdc0', 'sha256': '7dcc2851577e7cd2819e1f1361051bc5e9e2ea11d81404375fb7737dd5e4acb6'}, 'dob': {'date': '1976-11-17T02:47:05.614Z', 'age': 47}, 'registered': {'date': '2008-07-10T15:33:16.908Z', 'age': 15}, 'phone': '29712897', 'cell': '95845242', 'id': {'name': 'FN', 'value': '17117630145'}, 'picture': {'large': 'https://randomuser.me/api/portraits/men/94.jpg', 'medium': 'https://randomuser.me/api/portraits/med/men/94.jpg', 'thumbnail': 'https://randomuser.me/api/portraits/thumb/men/94.jpg'}, 'nat': 'NO'}</msg>
<arg>${json_data['results'][0]}</arg>
<doc>Logs the given message with the given level.</doc>
<status status="PASS" start="2024-03-22T23:12:59.914618" elapsed="0.000436"/>
</kw>
<kw name="Log" owner="BuiltIn">
<msg time="2024-03-22T23:12:59.915531" level="INFO">gender</msg>
<arg>${key}</arg>
<doc>Logs the given message with the given level.</doc>
<status status="PASS" start="2024-03-22T23:12:59.915396" elapsed="0.000175"/>
</kw>
<var name="${key}">gender</var>
<status status="PASS" start="2024-03-22T23:12:59.913695" elapsed="0.002104"/>
</iter>
<iter>
<kw name="Dictionary Should Contain Key" owner="Collections">
<msg time="2024-03-22T23:12:59.916486" level="INFO">False</msg>
<arg>${json_data['results'][0]}</arg>
<arg>${key}</arg>
<doc>Fails if ``key`` is not found from ``dictionary``.</doc>
<status status="PASS" start="2024-03-22T23:12:59.916106" elapsed="0.000418"/>
</kw>
<kw name="Log" owner="BuiltIn">
<msg time="2024-03-22T23:12:59.917221" level="INFO">{'gender': 'male', 'name': {'title': 'Mr', 'first': 'Ethan', 'last': 'Hodneland'}, 'location': {'street': {'number': 8300, 'name': 'Sveiva'}, 'city': 'Askje', 'state': 'Troms - Romsa', 'country': 'Norway', 'postcode': '1441', 'coordinates': {'latitude': '43.6570', 'longitude': '-37.4987'}, 'timezone': {'offset': '-6:00', 'description': 'Central Time (US &amp; Canada), Mexico City'}}, 'email': 'ethan.hodneland@example.com', 'login': {'uuid': '453dd0dc-2665-40aa-8962-395f2eb34dfc', 'username': 'greendog296', 'password': 'marker', 'salt': 'kyBwdOPq', 'md5': '398b13a3fd94098ad7c7282e753a5a07', 'sha1': 'd68437a764aebdfaaf15ae7008feeda5b704cdc0', 'sha256': '7dcc2851577e7cd2819e1f1361051bc5e9e2ea11d81404375fb7737dd5e4acb6'}, 'dob': {'date': '1976-11-17T02:47:05.614Z', 'age': 47}, 'registered': {'date': '2008-07-10T15:33:16.908Z', 'age': 15}, 'phone': '29712897', 'cell': '95845242', 'id': {'name': 'FN', 'value': '17117630145'}, 'picture': {'large': 'https://randomuser.me/api/portraits/men/94.jpg', 'medium': 'https://randomuser.me/api/portraits/med/men/94.jpg', 'thumbnail': 'https://randomuser.me/api/portraits/thumb/men/94.jpg'}, 'nat': 'NO'}</msg>
<arg>${json_data['results'][0]}</arg>
<doc>Logs the given message with the given level.</doc>
<status status="PASS" start="2024-03-22T23:12:59.916856" elapsed="0.000414"/>
</kw>
<kw name="Log" owner="BuiltIn">
<msg time="2024-03-22T23:12:59.917706" level="INFO">name</msg>
<arg>${key}</arg>
<doc>Logs the given message with the given level.</doc>
<status status="PASS" start="2024-03-22T23:12:59.917574" elapsed="0.000170"/>
</kw>
<var name="${key}">name</var>
<status status="PASS" start="2024-03-22T23:12:59.915989" elapsed="0.001973"/>
</iter>
<iter>
<kw name="Dictionary Should Contain Key" owner="Collections">
<msg time="2024-03-22T23:12:59.918640" level="INFO">False</msg>
<arg>${json_data['results'][0]}</arg>
<arg>${key}</arg>
<doc>Fails if ``key`` is not found from ``dictionary``.</doc>
<status status="PASS" start="2024-03-22T23:12:59.918256" elapsed="0.000421"/>
</kw>
<kw name="Log" owner="BuiltIn">
<msg time="2024-03-22T23:12:59.919373" level="INFO">{'gender': 'male', 'name': {'title': 'Mr', 'first': 'Ethan', 'last': 'Hodneland'}, 'location': {'street': {'number': 8300, 'name': 'Sveiva'}, 'city': 'Askje', 'state': 'Troms - Romsa', 'country': 'Norway', 'postcode': '1441', 'coordinates': {'latitude': '43.6570', 'longitude': '-37.4987'}, 'timezone': {'offset': '-6:00', 'description': 'Central Time (US &amp; Canada), Mexico City'}}, 'email': 'ethan.hodneland@example.com', 'login': {'uuid': '453dd0dc-2665-40aa-8962-395f2eb34dfc', 'username': 'greendog296', 'password': 'marker', 'salt': 'kyBwdOPq', 'md5': '398b13a3fd94098ad7c7282e753a5a07', 'sha1': 'd68437a764aebdfaaf15ae7008feeda5b704cdc0', 'sha256': '7dcc2851577e7cd2819e1f1361051bc5e9e2ea11d81404375fb7737dd5e4acb6'}, 'dob': {'date': '1976-11-17T02:47:05.614Z', 'age': 47}, 'registered': {'date': '2008-07-10T15:33:16.908Z', 'age': 15}, 'phone': '29712897', 'cell': '95845242', 'id': {'name': 'FN', 'value': '17117630145'}, 'picture': {'large': 'https://randomuser.me/api/portraits/men/94.jpg', 'medium': 'https://randomuser.me/api/portraits/med/men/94.jpg', 'thumbnail': 'https://randomuser.me/api/portraits/thumb/men/94.jpg'}, 'nat': 'NO'}</msg>
<arg>${json_data['results'][0]}</arg>
<doc>Logs the given message with the given level.</doc>
<status status="PASS" start="2024-03-22T23:12:59.918979" elapsed="0.000450"/>
</kw>
<kw name="Log" owner="BuiltIn">
<msg time="2024-03-22T23:12:59.919858" level="INFO">location</msg>
<arg>${key}</arg>
<doc>Logs the given message with the given level.</doc>
<status status="PASS" start="2024-03-22T23:12:59.919728" elapsed="0.000169"/>
</kw>
<var name="${key}">location</var>
<status status="PASS" start="2024-03-22T23:12:59.918141" elapsed="0.001973"/>
</iter>
<iter>
<kw name="Dictionary Should Contain Key" owner="Collections">
<msg time="2024-03-22T23:12:59.920790" level="INFO">False</msg>
<arg>${json_data['results'][0]}</arg>
<arg>${key}</arg>
<doc>Fails if ``key`` is not found from ``dictionary``.</doc>
<status status="PASS" start="2024-03-22T23:12:59.920400" elapsed="0.000427"/>
</kw>
<kw name="Log" owner="BuiltIn">
<msg time="2024-03-22T23:12:59.921499" level="INFO">{'gender': 'male', 'name': {'title': 'Mr', 'first': 'Ethan', 'last': 'Hodneland'}, 'location': {'street': {'number': 8300, 'name': 'Sveiva'}, 'city': 'Askje', 'state': 'Troms - Romsa', 'country': 'Norway', 'postcode': '1441', 'coordinates': {'latitude': '43.6570', 'longitude': '-37.4987'}, 'timezone': {'offset': '-6:00', 'description': 'Central Time (US &amp; Canada), Mexico City'}}, 'email': 'ethan.hodneland@example.com', 'login': {'uuid': '453dd0dc-2665-40aa-8962-395f2eb34dfc', 'username': 'greendog296', 'password': 'marker', 'salt': 'kyBwdOPq', 'md5': '398b13a3fd94098ad7c7282e753a5a07', 'sha1': 'd68437a764aebdfaaf15ae7008feeda5b704cdc0', 'sha256': '7dcc2851577e7cd2819e1f1361051bc5e9e2ea11d81404375fb7737dd5e4acb6'}, 'dob': {'date': '1976-11-17T02:47:05.614Z', 'age': 47}, 'registered': {'date': '2008-07-10T15:33:16.908Z', 'age': 15}, 'phone': '29712897', 'cell': '95845242', 'id': {'name': 'FN', 'value': '17117630145'}, 'picture': {'large': 'https://randomuser.me/api/portraits/men/94.jpg', 'medium': 'https://randomuser.me/api/portraits/med/men/94.jpg', 'thumbnail': 'https://randomuser.me/api/portraits/thumb/men/94.jpg'}, 'nat': 'NO'}</msg>
<arg>${json_data['results'][0]}</arg>
<doc>Logs the given message with the given level.</doc>
<status status="PASS" start="2024-03-22T23:12:59.921128" elapsed="0.000420"/>
</kw>
<kw name="Log" owner="BuiltIn">
<msg time="2024-03-22T23:12:59.921971" level="INFO">email</msg>
<arg>${key}</arg>
<doc>Logs the given message with the given level.</doc>
<status status="PASS" start="2024-03-22T23:12:59.921844" elapsed="0.000164"/>
</kw>
<var name="${key}">email</var>
<status status="PASS" start="2024-03-22T23:12:59.920289" elapsed="0.001934"/>
</iter>
<iter>
<kw name="Dictionary Should Contain Key" owner="Collections">
<msg time="2024-03-22T23:12:59.922905" level="INFO">False</msg>
<arg>${json_data['results'][0]}</arg>
<arg>${key}</arg>
<doc>Fails if ``key`` is not found from ``dictionary``.</doc>
<status status="PASS" start="2024-03-22T23:12:59.922511" elapsed="0.000432"/>
</kw>
<kw name="Log" owner="BuiltIn">
<msg time="2024-03-22T23:12:59.923633" level="INFO">{'gender': 'male', 'name': {'title': 'Mr', 'first': 'Ethan', 'last': 'Hodneland'}, 'location': {'street': {'number': 8300, 'name': 'Sveiva'}, 'city': 'Askje', 'state': 'Troms - Romsa', 'country': 'Norway', 'postcode': '1441', 'coordinates': {'latitude': '43.6570', 'longitude': '-37.4987'}, 'timezone': {'offset': '-6:00', 'description': 'Central Time (US &amp; Canada), Mexico City'}}, 'email': 'ethan.hodneland@example.com', 'login': {'uuid': '453dd0dc-2665-40aa-8962-395f2eb34dfc', 'username': 'greendog296', 'password': 'marker', 'salt': 'kyBwdOPq', 'md5': '398b13a3fd94098ad7c7282e753a5a07', 'sha1': 'd68437a764aebdfaaf15ae7008feeda5b704cdc0', 'sha256': '7dcc2851577e7cd2819e1f1361051bc5e9e2ea11d81404375fb7737dd5e4acb6'}, 'dob': {'date': '1976-11-17T02:47:05.614Z', 'age': 47}, 'registered': {'date': '2008-07-10T15:33:16.908Z', 'age': 15}, 'phone': '29712897', 'cell': '95845242', 'id': {'name': 'FN', 'value': '17117630145'}, 'picture': {'large': 'https://randomuser.me/api/portraits/men/94.jpg', 'medium': 'https://randomuser.me/api/portraits/med/men/94.jpg', 'thumbnail': 'https://randomuser.me/api/portraits/thumb/men/94.jpg'}, 'nat': 'NO'}</msg>
<arg>${json_data['results'][0]}</arg>
<doc>Logs the given message with the given level.</doc>
<status status="PASS" start="2024-03-22T23:12:59.923239" elapsed="0.000443"/>
</kw>
<kw name="Log" owner="BuiltIn">
<msg time="2024-03-22T23:12:59.924106" level="INFO">login</msg>
<arg>${key}</arg>
<doc>Logs the given message with the given level.</doc>
<status status="PASS" start="2024-03-22T23:12:59.923978" elapsed="0.000272"/>
</kw>
<var name="${key}">login</var>
<status status="PASS" start="2024-03-22T23:12:59.922400" elapsed="0.002109"/>
</iter>
<var>${key}</var>
<value>@{expected_keys}</value>
<status status="PASS" start="2024-03-22T23:12:59.913473" elapsed="0.011182"/>
</for>
<kw name="Create List" owner="BuiltIn">
<msg time="2024-03-22T23:12:59.924992" level="INFO">${expected_keysTwo} = ['username', 'password']</msg>
<var>${expected_keysTwo}</var>
<arg>username</arg>
<arg>password</arg>
<doc>Returns a list containing given items.</doc>
<status status="PASS" start="2024-03-22T23:12:59.924853" elapsed="0.000162"/>
</kw>
<for flavor="IN">
<iter>
<kw name="Dictionary Should Contain Key" owner="Collections">
<msg time="2024-03-22T23:12:59.925896" level="INFO">False</msg>
<arg>${json_data['results'][0]['login']}</arg>
<arg>${keyTwo}</arg>
<doc>Fails if ``key`` is not found from ``dictionary``.</doc>
<status status="PASS" start="2024-03-22T23:12:59.925513" elapsed="0.000420"/>
</kw>
<kw name="Dictionary Should Contain Key" owner="Collections">
<msg time="2024-03-22T23:12:59.926600" level="INFO">False</msg>
<arg>${json_data['results'][0]['login']}</arg>
<arg>${keyTwo}</arg>
<doc>Fails if ``key`` is not found from ``dictionary``.</doc>
<status status="PASS" start="2024-03-22T23:12:59.926228" elapsed="0.000410"/>
</kw>
<kw name="Log" owner="BuiltIn">
<msg time="2024-03-22T23:12:59.927059" level="INFO">username</msg>
<arg>${keyTwo}</arg>
<doc>Logs the given message with the given level.</doc>
<status status="PASS" start="2024-03-22T23:12:59.926931" elapsed="0.000165"/>
</kw>
<var name="${keyTwo}">username</var>
<status status="PASS" start="2024-03-22T23:12:59.925402" elapsed="0.001939"/>
</iter>
<iter>
<kw name="Dictionary Should Contain Key" owner="Collections">
<msg time="2024-03-22T23:12:59.928021" level="INFO">False</msg>
<arg>${json_data['results'][0]['login']}</arg>
<arg>${keyTwo}</arg>
<doc>Fails if ``key`` is not found from ``dictionary``.</doc>
<status status="PASS" start="2024-03-22T23:12:59.927638" elapsed="0.000421"/>
</kw>
<kw name="Dictionary Should Contain Key" owner="Collections">
<msg time="2024-03-22T23:12:59.928727" level="INFO">False</msg>
<arg>${json_data['results'][0]['login']}</arg>
<arg>${keyTwo}</arg>
<doc>Fails if ``key`` is not found from ``dictionary``.</doc>
<status status="PASS" start="2024-03-22T23:12:59.928353" elapsed="0.000410"/>
</kw>
<kw name="Log" owner="BuiltIn">
<msg time="2024-03-22T23:12:59.929178" level="INFO">password</msg>
<arg>${keyTwo}</arg>
<doc>Logs the given message with the given level.</doc>
<status status="PASS" start="2024-03-22T23:12:59.929052" elapsed="0.000163"/>
</kw>
<var name="${keyTwo}">password</var>
<status status="PASS" start="2024-03-22T23:12:59.927526" elapsed="0.001906"/>
</iter>
<var>${keyTwo}</var>
<value>@{expected_keysTwo}</value>
<status status="PASS" start="2024-03-22T23:12:59.925253" elapsed="0.004302"/>
</for>
<status status="PASS" start="2024-03-22T23:12:59.826478" elapsed="0.103220"/>
</kw>
<doc>Testa a estrutura da resposta da API.</doc>
<tag>testeEstruturaResposta</tag>
<status status="PASS" start="2024-03-22T23:12:59.825761" elapsed="0.104100"/>
</test>
<test id="s1-s1-t4" name="Validar tipos de dados" line="28">
<kw name="Teste de Tipos de Dados" owner="random-user-service">
<kw name="GET On Session" owner="RequestsLibrary">
<msg time="2024-03-22T23:13:00.008532" level="INFO">GET Request : url=https://randomuser.me/api 
 path_url=/api 
 headers={'User-Agent': 'python-requests/2.31.0', 'Accept-Encoding': 'gzip, deflate', 'Accept': '*/*', 'Connection': 'keep-alive'} 
 body=None 
 </msg>
<msg time="2024-03-22T23:13:00.008634" level="INFO">GET Response : url=https://randomuser.me/api 
 status=200, reason=OK 
 headers={'Date': 'Fri, 22 Mar 2024 23:13:00 GMT', 'Content-Type': 'application/json; charset=utf-8', 'Transfer-Encoding': 'chunked', 'Connection': 'keep-alive', 'X-Powered-By': 'Express', 'Access-Control-Allow-Origin': '*', 'Cache-Control': 'no-cache', 'ETag': 'W/"499-1nVN7/X3wPMhCS098pgEjm4rJd8"', 'Vary': 'Accept-Encoding', 'Content-Encoding': 'gzip', 'CF-Cache-Status': 'DYNAMIC', 'Report-To': '{"endpoints":[{"url":"https:\\/\\/a.nel.cloudflare.com\\/report\\/v4?s=n7DF1VmOkMh%2FOiEOS%2B9fN3w0UWBVuj4faXYsNYT07%2FEwv%2B2rjGUbRGfkdIK7Y6gUJrYJN9HJJiDcTR53asE%2FhGFToZ5HLyE1ZsGAcRAQJB9IyINT0UGAPylX2Oxu8oCM"}],"group":"cf-nel","max_age":604800}', 'NEL': '{"success_fraction":0,"report_to":"cf-nel","max_age":604800}', 'Server': 'cloudflare', 'CF-RAY': '8689dea6bd133b1a-IAD', 'alt-svc': 'h3=":443"; ma=86400'} 
 body={"results":[{"gender":"female","name":{"title":"Mrs","first":"Celia","last":"Núñez"},"location":{"street":{"number":4296,"name":"Avenida de Castilla"},"city":"Logroño","state":"Aragón","country":"Spain","postcode":14059,"coordinates":{"latitude":"-34.6837","longitude":"99.0265"},"timezone":{"offset":"+11:00","description":"Magadan, Solomon Islands, New Caledonia"}},"email":"celia.nunez@example.com","login":{"uuid":"3a6f6171-0c89-4754-9d87-3b49d2b1bfa4","username":"heavyelephant738","password":"kenny","salt":"VFJBvpwZ","md5":"614bfae1a79bcb5a2b525a9fc4002cca","sha1":"e122c1843c37994b10a702c66d839eeddd35bf09","sha256":"2f5a62936f82fe7b5c96245f8f32890ccca744c0c69254efa12963c0743a154e"},"dob":{"date":"1959-07-18T11:01:20.444Z","age":64},"registered":{"date":"2014-06-11T19:30:41.596Z","age":9},"phone":"916-079-622","cell":"631-584-700","id":{"name":"DNI","value":"80176246-A"},"picture":{"large":"https://randomuser.me/api/portraits/women/82.jpg","medium":"https://randomuser.me/api/portraits/med/women/82.jpg","thumbnail":"https://randomuser.me/api/portraits/thumb/women/82.jpg"},"nat":"ES"}],"info":{"seed":"035a2cc228968b8c","results":1,"page":1,"version":"1.4"}} 
 </msg>
<msg time="2024-03-22T23:13:00.008705" level="INFO">/opt/hostedtoolcache/Python/3.12.2/x64/lib/python3.12/site-packages/urllib3/connectionpool.py:1103: InsecureRequestWarning: Unverified HTTPS request is being made to host 'randomuser.me'. Adding certificate verification is strongly advised. See: https://urllib3.readthedocs.io/en/latest/advanced-usage.html#tls-warnings
  warnings.warn(</msg>
<msg time="2024-03-22T23:13:00.008833" level="INFO">${response} = &lt;Response [200]&gt;</msg>
<var>${response}</var>
<arg>consultarAPI</arg>
<arg>/api</arg>
<doc>Sends a GET request on a previously created HTTP Session.</doc>
<status status="PASS" start="2024-03-22T23:12:59.932490" elapsed="0.076384"/>
</kw>
<kw name="Set Variable" owner="BuiltIn">
<msg time="2024-03-22T23:13:00.010069" level="INFO">${json_data} = {'results': [{'gender': 'female', 'name': {'title': 'Mrs', 'first': 'Celia', 'last': 'Núñez'}, 'location': {'street': {'number': 4296, 'name': 'Avenida de Castilla'}, 'city': 'Logroño', 'state': 'Arag...</msg>
<var>${json_data}</var>
<arg>${response.json()}</arg>
<doc>Returns the given values which can then be assigned to a variables.</doc>
<status status="PASS" start="2024-03-22T23:13:00.009500" elapsed="0.000600"/>
</kw>
<kw name="Log" owner="BuiltIn">
<msg time="2024-03-22T23:13:00.010627" level="INFO">{'results': [{'gender': 'female', 'name': {'title': 'Mrs', 'first': 'Celia', 'last': 'Núñez'}, 'location': {'street': {'number': 4296, 'name': 'Avenida de Castilla'}, 'city': 'Logroño', 'state': 'Aragón', 'country': 'Spain', 'postcode': 14059, 'coordinates': {'latitude': '-34.6837', 'longitude': '99.0265'}, 'timezone': {'offset': '+11:00', 'description': 'Magadan, Solomon Islands, New Caledonia'}}, 'email': 'celia.nunez@example.com', 'login': {'uuid': '3a6f6171-0c89-4754-9d87-3b49d2b1bfa4', 'username': 'heavyelephant738', 'password': 'kenny', 'salt': 'VFJBvpwZ', 'md5': '614bfae1a79bcb5a2b525a9fc4002cca', 'sha1': 'e122c1843c37994b10a702c66d839eeddd35bf09', 'sha256': '2f5a62936f82fe7b5c96245f8f32890ccca744c0c69254efa12963c0743a154e'}, 'dob': {'date': '1959-07-18T11:01:20.444Z', 'age': 64}, 'registered': {'date': '2014-06-11T19:30:41.596Z', 'age': 9}, 'phone': '916-079-622', 'cell': '631-584-700', 'id': {'name': 'DNI', 'value': '80176246-A'}, 'picture': {'large': 'https://randomuser.me/api/portraits/women/82.jpg', 'medium': 'https://randomuser.me/api/portraits/med/women/82.jpg', 'thumbnail': 'https://randomuser.me/api/portraits/thumb/women/82.jpg'}, 'nat': 'ES'}], 'info': {'seed': '035a2cc228968b8c', 'results': 1, 'page': 1, 'version': '1.4'}}</msg>
<arg>${json_data}</arg>
<doc>Logs the given message with the given level.</doc>
<status status="PASS" start="2024-03-22T23:13:00.010452" elapsed="0.000265"/>
</kw>
<kw name="Should Be String" owner="String">
<arg>${json_data['results'][0]['gender']}</arg>
<doc>Fails if the given ``item`` is not a string.</doc>
<status status="PASS" start="2024-03-22T23:13:00.011032" elapsed="0.000418"/>
</kw>
<kw name="Should Match Regexp" owner="BuiltIn">
<arg>${json_data['results'][0]['email']}</arg>
<arg>^[a-zA-Z0-9._%+-]+@[a-zA-Z0-9.-]+\.[a-zA-Z]{2,}$</arg>
<doc>Fails if ``string`` does not match ``pattern`` as a regular expression.</doc>
<status status="PASS" start="2024-03-22T23:13:00.011649" elapsed="0.000524"/>
</kw>
<kw name="Should Match Regexp" owner="BuiltIn">
<arg>${json_data['results'][0]['dob']['date']}</arg>
<arg>\\d{4}-\\d{2}-\\d{2}T\\d{2}:\\d{2}:\\d{2}\\.\\d{3}Z</arg>
<doc>Fails if ``string`` does not match ``pattern`` as a regular expression.</doc>
<status status="PASS" start="2024-03-22T23:13:00.012376" elapsed="0.000486"/>
</kw>
<kw name="Should Match Regexp" owner="BuiltIn">
<arg>${json_data['results'][0]['registered']['date']}</arg>
<arg>\\d{4}-\\d{2}-\\d{2}T\\d{2}:\\d{2}:\\d{2}\\.\\d{3}Z</arg>
<doc>Fails if ``string`` does not match ``pattern`` as a regular expression.</doc>
<status status="PASS" start="2024-03-22T23:13:00.013055" elapsed="0.000366"/>
</kw>
<kw name="Should Match Regexp" owner="BuiltIn">
<arg>${json_data['results'][0]['picture']['large']}</arg>
<arg>^https?://.*\.(?:png|jpe?g|gif|bmp)$</arg>
<doc>Fails if ``string`` does not match ``pattern`` as a regular expression.</doc>
<status status="PASS" start="2024-03-22T23:13:00.013616" elapsed="0.000464"/>
</kw>
<kw name="Should Match Regexp" owner="BuiltIn">
<arg>${json_data['results'][0]['picture']['medium']}</arg>
<arg>^https?://.*\.(?:png|jpe?g|gif|bmp)$</arg>
<doc>Fails if ``string`` does not match ``pattern`` as a regular expression.</doc>
<status status="PASS" start="2024-03-22T23:13:00.014269" elapsed="0.000355"/>
</kw>
<kw name="Should Match Regexp" owner="BuiltIn">
<arg>${json_data['results'][0]['picture']['thumbnail']}</arg>
<arg>^https?://.*\.(?:png|jpe?g|gif|bmp)$</arg>
<doc>Fails if ``string`` does not match ``pattern`` as a regular expression.</doc>
<status status="PASS" start="2024-03-22T23:13:00.014807" elapsed="0.000350"/>
</kw>
<kw name="Log" owner="BuiltIn">
<msg time="2024-03-22T23:13:00.015724" level="INFO">{'large': 'https://randomuser.me/api/portraits/women/82.jpg', 'medium': 'https://randomuser.me/api/portraits/med/women/82.jpg', 'thumbnail': 'https://randomuser.me/api/portraits/thumb/women/82.jpg'}</msg>
<arg>${json_data['results'][0]['picture']}</arg>
<doc>Logs the given message with the given level.</doc>
<status status="PASS" start="2024-03-22T23:13:00.015387" elapsed="0.000384"/>
</kw>
<status status="PASS" start="2024-03-22T23:12:59.932261" elapsed="0.083774"/>
</kw>
<kw name="Teste de Tipos de Dados - Postcode" owner="random-user-service">
<kw name="GET On Session" owner="RequestsLibrary">
<msg time="2024-03-22T23:13:00.247223" level="INFO">GET Request : url=https://randomuser.me/api 
 path_url=/api 
 headers={'User-Agent': 'python-requests/2.31.0', 'Accept-Encoding': 'gzip, deflate', 'Accept': '*/*', 'Connection': 'keep-alive'} 
 body=None 
 </msg>
<msg time="2024-03-22T23:13:00.247359" level="INFO">GET Response : url=https://randomuser.me/api 
 status=200, reason=OK 
 headers={'Date': 'Fri, 22 Mar 2024 23:13:00 GMT', 'Content-Type': 'application/json; charset=utf-8', 'Transfer-Encoding': 'chunked', 'Connection': 'keep-alive', 'X-Powered-By': 'Express', 'Access-Control-Allow-Origin': '*', 'Cache-Control': 'no-cache', 'ETag': 'W/"484-D01Tpo1vV3sGd7xanY0yGHDPjIo"', 'Vary': 'Accept-Encoding', 'Content-Encoding': 'gzip', 'CF-Cache-Status': 'DYNAMIC', 'Report-To': '{"endpoints":[{"url":"https:\\/\\/a.nel.cloudflare.com\\/report\\/v4?s=SbgcjmFRA47x417cgs6zXTi%2F4PESdSIEXy45Xmo2CVV69UapSLemAuC75eS9WuH35tueYB%2Fillv4dX3xzk4eKiZxasTl7I%2BiQ4LjrL8PxzHT9BZo4FEEJ9ui7ZMMWOvn"}],"group":"cf-nel","max_age":604800}', 'NEL': '{"success_fraction":0,"report_to":"cf-nel","max_age":604800}', 'Server': 'cloudflare', 'CF-RAY': '8689dea72d923b1a-IAD', 'alt-svc': 'h3=":443"; ma=86400'} 
 body={"results":[{"gender":"male","name":{"title":"Mr","first":"Adrien","last":"Roux"},"location":{"street":{"number":999,"name":"Avenue Vauban"},"city":"Reims","state":"Mayenne","country":"France","postcode":97648,"coordinates":{"latitude":"-13.1927","longitude":"-14.2554"},"timezone":{"offset":"-1:00","description":"Azores, Cape Verde Islands"}},"email":"adrien.roux@example.com","login":{"uuid":"0e612baf-0b07-403b-9777-bef5458c7e76","username":"heavykoala737","password":"insert","salt":"bTaEcnSu","md5":"367d356f451588905d841f4878d15830","sha1":"4783e42155b5ac713ae63fabb84e91d6bf946564","sha256":"026ee4acda439e3c7c093e750b5e1aa7eb46e60f03fabd422df9eac5d641b6dd"},"dob":{"date":"1994-08-08T21:25:46.888Z","age":29},"registered":{"date":"2022-01-11T12:48:22.209Z","age":2},"phone":"02-35-74-94-40","cell":"06-63-17-23-64","id":{"name":"INSEE","value":"1940733575781 08"},"picture":{"large":"https://randomuser.me/api/portraits/men/33.jpg","medium":"https://randomuser.me/api/portraits/med/men/33.jpg","thumbnail":"https://randomuser.me/api/portraits/thumb/men/33.jpg"},"nat":"FR"}],"info":{"seed":"66930ad97c723660","results":1,"page":1,"version":"1.4"}} 
 </msg>
<msg time="2024-03-22T23:13:00.247449" level="INFO">/opt/hostedtoolcache/Python/3.12.2/x64/lib/python3.12/site-packages/urllib3/connectionpool.py:1103: InsecureRequestWarning: Unverified HTTPS request is being made to host 'randomuser.me'. Adding certificate verification is strongly advised. See: https://urllib3.readthedocs.io/en/latest/advanced-usage.html#tls-warnings
  warnings.warn(</msg>
<msg time="2024-03-22T23:13:00.247584" level="INFO">${response} = &lt;Response [200]&gt;</msg>
<var>${response}</var>
<arg>consultarAPI</arg>
<arg>/api</arg>
<doc>Sends a GET request on a previously created HTTP Session.</doc>
<status status="PASS" start="2024-03-22T23:13:00.016644" elapsed="0.230981"/>
</kw>
<kw name="Set Variable" owner="BuiltIn">
<msg time="2024-03-22T23:13:00.248830" level="INFO">${json_data} = {'results': [{'gender': 'male', 'name': {'title': 'Mr', 'first': 'Adrien', 'last': 'Roux'}, 'location': {'street': {'number': 999, 'name': 'Avenue Vauban'}, 'city': 'Reims', 'state': 'Mayenne', 'count...</msg>
<var>${json_data}</var>
<arg>${response.json()}</arg>
<doc>Returns the given values which can then be assigned to a variables.</doc>
<status status="PASS" start="2024-03-22T23:13:00.248269" elapsed="0.000590"/>
</kw>
<kw name="Log" owner="BuiltIn">
<msg time="2024-03-22T23:13:00.249333" level="INFO">{'results': [{'gender': 'male', 'name': {'title': 'Mr', 'first': 'Adrien', 'last': 'Roux'}, 'location': {'street': {'number': 999, 'name': 'Avenue Vauban'}, 'city': 'Reims', 'state': 'Mayenne', 'country': 'France', 'postcode': 97648, 'coordinates': {'latitude': '-13.1927', 'longitude': '-14.2554'}, 'timezone': {'offset': '-1:00', 'description': 'Azores, Cape Verde Islands'}}, 'email': 'adrien.roux@example.com', 'login': {'uuid': '0e612baf-0b07-403b-9777-bef5458c7e76', 'username': 'heavykoala737', 'password': 'insert', 'salt': 'bTaEcnSu', 'md5': '367d356f451588905d841f4878d15830', 'sha1': '4783e42155b5ac713ae63fabb84e91d6bf946564', 'sha256': '026ee4acda439e3c7c093e750b5e1aa7eb46e60f03fabd422df9eac5d641b6dd'}, 'dob': {'date': '1994-08-08T21:25:46.888Z', 'age': 29}, 'registered': {'date': '2022-01-11T12:48:22.209Z', 'age': 2}, 'phone': '02-35-74-94-40', 'cell': '06-63-17-23-64', 'id': {'name': 'INSEE', 'value': '1940733575781 08'}, 'picture': {'large': 'https://randomuser.me/api/portraits/men/33.jpg', 'medium': 'https://randomuser.me/api/portraits/med/men/33.jpg', 'thumbnail': 'https://randomuser.me/api/portraits/thumb/men/33.jpg'}, 'nat': 'FR'}], 'info': {'seed': '66930ad97c723660', 'results': 1, 'page': 1, 'version': '1.4'}}</msg>
<arg>${json_data}</arg>
<doc>Logs the given message with the given level.</doc>
<status status="PASS" start="2024-03-22T23:13:00.249174" elapsed="0.000242"/>
</kw>
<kw name="Should Be Equal As Numbers" owner="BuiltIn">
<arg>${json_data['results'][0]['location']['postcode']}</arg>
<arg>${json_data['results'][0]['location']['postcode']}</arg>
<doc>Fails if objects are unequal after converting them to real numbers.</doc>
<status status="PASS" start="2024-03-22T23:13:00.249727" elapsed="0.000638"/>
</kw>
<kw name="Log" owner="BuiltIn">
<msg time="2024-03-22T23:13:00.250912" level="INFO">97648</msg>
<arg>${json_data['results'][0]['location']['postcode']}</arg>
<doc>Logs the given message with the given level.</doc>
<status status="PASS" start="2024-03-22T23:13:00.250562" elapsed="0.000391"/>
</kw>
<status status="PASS" start="2024-03-22T23:13:00.016267" elapsed="0.234949"/>
</kw>
<doc>Testa se os tipos de dados na resposta da API estão corretos.</doc>
<tag>testeTiposDados</tag>
<status status="PASS" start="2024-03-22T23:12:59.931688" elapsed="0.319746"/>
</test>
<test id="s1-s1-t5" name="Validar conteudo" line="35">
<kw name="Teste de Tipos de Conteudo" owner="random-user-service">
<kw name="GET On Session" owner="RequestsLibrary">
<msg time="2024-03-22T23:13:00.288762" level="INFO">GET Request : url=https://randomuser.me/api 
 path_url=/api 
 headers={'User-Agent': 'python-requests/2.31.0', 'Accept-Encoding': 'gzip, deflate', 'Accept': '*/*', 'Connection': 'keep-alive'} 
 body=None 
 </msg>
<msg time="2024-03-22T23:13:00.288833" level="INFO">GET Response : url=https://randomuser.me/api 
 status=200, reason=OK 
 headers={'Date': 'Fri, 22 Mar 2024 23:13:00 GMT', 'Content-Type': 'application/json; charset=utf-8', 'Transfer-Encoding': 'chunked', 'Connection': 'keep-alive', 'X-Powered-By': 'Express', 'Access-Control-Allow-Origin': '*', 'Cache-Control': 'no-cache', 'ETag': 'W/"492-edilJtA8rYyU62BTC85D8OpZjlw"', 'Vary': 'Accept-Encoding', 'Content-Encoding': 'gzip', 'CF-Cache-Status': 'DYNAMIC', 'Report-To': '{"endpoints":[{"url":"https:\\/\\/a.nel.cloudflare.com\\/report\\/v4?s=cQygn5M9VgR5JI%2FD3dayOIvvVLHdrtfNxEU7SCsge47%2Bg1KaAfYWn4TPu8rriTYTx5n9N9X8F3RvB4XLpSnaiKuxxNSZZl%2BqHpypV%2BWmMqP8cN0TQwElilcwJYHAPNEA"}],"group":"cf-nel","max_age":604800}', 'NEL': '{"success_fraction":0,"report_to":"cf-nel","max_age":604800}', 'Server': 'cloudflare', 'CF-RAY': '8689dea89f293b1a-IAD', 'alt-svc': 'h3=":443"; ma=86400'} 
 body={"results":[{"gender":"female","name":{"title":"Ms","first":"Thea","last":"Mortensen"},"location":{"street":{"number":6813,"name":"Søndertoften"},"city":"Viby J.","state":"Sjælland","country":"Denmark","postcode":90469,"coordinates":{"latitude":"-40.2095","longitude":"59.2572"},"timezone":{"offset":"-5:00","description":"Eastern Time (US &amp; Canada), Bogota, Lima"}},"email":"thea.mortensen@example.com","login":{"uuid":"f8e3adfc-e79d-48fe-b60a-832713bd8632","username":"purpleleopard311","password":"66666","salt":"BJZH05Ey","md5":"d84c39590503a675499ba6af6c16fc89","sha1":"6c03aa1ecd3d83ad74120f989d33bfd64815301e","sha256":"c3b819dc426abe684c0b235d1a41e3524a57f62531bc4cd43aab0f558928ac65"},"dob":{"date":"1951-11-15T00:09:12.964Z","age":72},"registered":{"date":"2012-02-26T02:36:58.120Z","age":12},"phone":"27854212","cell":"68120449","id":{"name":"CPR","value":"141151-9262"},"picture":{"large":"https://randomuser.me/api/portraits/women/7.jpg","medium":"https://randomuser.me/api/portraits/med/women/7.jpg","thumbnail":"https://randomuser.me/api/portraits/thumb/women/7.jpg"},"nat":"DK"}],"info":{"seed":"a29e73dbc055bccb","results":1,"page":1,"version":"1.4"}} 
 </msg>
<msg time="2024-03-22T23:13:00.288894" level="INFO">/opt/hostedtoolcache/Python/3.12.2/x64/lib/python3.12/site-packages/urllib3/connectionpool.py:1103: InsecureRequestWarning: Unverified HTTPS request is being made to host 'randomuser.me'. Adding certificate verification is strongly advised. See: https://urllib3.readthedocs.io/en/latest/advanced-usage.html#tls-warnings
  warnings.warn(</msg>
<msg time="2024-03-22T23:13:00.288987" level="INFO">${response} = &lt;Response [200]&gt;</msg>
<var>${response}</var>
<arg>consultarAPI</arg>
<arg>/api</arg>
<doc>Sends a GET request on a previously created HTTP Session.</doc>
<status status="PASS" start="2024-03-22T23:13:00.254232" elapsed="0.034795"/>
</kw>
<kw name="Set Variable" owner="BuiltIn">
<msg time="2024-03-22T23:13:00.290110" level="INFO">${json_data} = {'results': [{'gender': 'female', 'name': {'title': 'Ms', 'first': 'Thea', 'last': 'Mortensen'}, 'location': {'street': {'number': 6813, 'name': 'Søndertoften'}, 'city': 'Viby J.', 'state': 'Sjælland'...</msg>
<var>${json_data}</var>
<arg>${response.json()}</arg>
<doc>Returns the given values which can then be assigned to a variables.</doc>
<status status="PASS" start="2024-03-22T23:13:00.289529" elapsed="0.000610"/>
</kw>
<kw name="Set Variable" owner="BuiltIn">
<msg time="2024-03-22T23:13:00.290841" level="INFO">${name_title} = Ms</msg>
<var>${name_title}</var>
<arg>${json_data["results"][0]["name"]["title"]}</arg>
<doc>Returns the given values which can then be assigned to a variables.</doc>
<status status="PASS" start="2024-03-22T23:13:00.290454" elapsed="0.000413"/>
</kw>
<kw name="Create List" owner="BuiltIn">
<msg time="2024-03-22T23:13:00.291357" level="INFO">${allowed_titles} = ['Mr', 'Ms', 'Miss', 'Mrs', 'Madame', 'Monsieur']</msg>
<var>${allowed_titles}</var>
<arg>Mr</arg>
<arg>Ms</arg>
<arg>Miss</arg>
<arg>Mrs</arg>
<arg>Madame</arg>
<arg>Monsieur</arg>
<doc>Returns a list containing given items.</doc>
<status status="PASS" start="2024-03-22T23:13:00.291169" elapsed="0.000219"/>
</kw>
<kw name="List Should Contain Value" owner="Collections">
<msg time="2024-03-22T23:13:00.291892" level="INFO">False</msg>
<arg>${allowed_titles}</arg>
<arg>${name_title}</arg>
<doc>Fails if the ``value`` is not found from ``list``.</doc>
<status status="PASS" start="2024-03-22T23:13:00.291707" elapsed="0.000223"/>
</kw>
<kw name="Set Variable" owner="BuiltIn">
<msg time="2024-03-22T23:13:00.292595" level="INFO">${name_country} = DK</msg>
<var>${name_country}</var>
<arg>${json_data["results"][0]["nat"]}</arg>
<doc>Returns the given values which can then be assigned to a variables.</doc>
<status status="PASS" start="2024-03-22T23:13:00.292222" elapsed="0.000398"/>
</kw>
<kw name="Create List" owner="BuiltIn">
<msg time="2024-03-22T23:13:00.293533" level="INFO">${list_country} = ['AD', 'AE', 'AF', 'AG', 'AI', 'AL', 'AM', 'AO', 'AQ', 'AR', 'AS', 'AT', 'AU', 'AW', 'AX', 'AZ', 'BA', 'BB', 'BD', 'BE', 'BF', 'BG', 'BH', 'BI', 'BJ', 'BL', 'BM', 'BN', 'BO', 'BQ', 'BR', 'BS', 'BT', '...</msg>
<var>${list_country}</var>
<arg>AD</arg>
<arg>AE</arg>
<arg>AF</arg>
<arg>AG</arg>
<arg>AI</arg>
<arg>AL</arg>
<arg>AM</arg>
<arg>AO</arg>
<arg>AQ</arg>
<arg>AR</arg>
<arg>AS</arg>
<arg>AT</arg>
<arg>AU</arg>
<arg>AW</arg>
<arg>AX</arg>
<arg>AZ</arg>
<arg>BA</arg>
<arg>BB</arg>
<arg>BD</arg>
<arg>BE</arg>
<arg>BF</arg>
<arg>BG</arg>
<arg>BH</arg>
<arg>BI</arg>
<arg>BJ</arg>
<arg>BL</arg>
<arg>BM</arg>
<arg>BN</arg>
<arg>BO</arg>
<arg>BQ</arg>
<arg>BR</arg>
<arg>BS</arg>
<arg>BT</arg>
<arg>BV</arg>
<arg>BW</arg>
<arg>BY</arg>
<arg>BZ</arg>
<arg>CA</arg>
<arg>CC</arg>
<arg>CD</arg>
<arg>CF</arg>
<arg>CG</arg>
<arg>CH</arg>
<arg>CI</arg>
<arg>CK</arg>
<arg>CL</arg>
<arg>CM</arg>
<arg>CN</arg>
<arg>CO</arg>
<arg>CR</arg>
<arg>CU</arg>
<arg>CV</arg>
<arg>CW</arg>
<arg>CX</arg>
<arg>CY</arg>
<arg>CZ</arg>
<arg>DE</arg>
<arg>DJ</arg>
<arg>DK</arg>
<arg>DM</arg>
<arg>DO</arg>
<arg>DZ</arg>
<arg>EC</arg>
<arg>EE</arg>
<arg>EG</arg>
<arg>EH</arg>
<arg>ER</arg>
<arg>ES</arg>
<arg>ET</arg>
<arg>FI</arg>
<arg>FJ</arg>
<arg>FK</arg>
<arg>FM</arg>
<arg>FO</arg>
<arg>FR</arg>
<arg>GA</arg>
<arg>GB</arg>
<arg>GD</arg>
<arg>GE</arg>
<arg>GF</arg>
<arg>GG</arg>
<arg>GH</arg>
<arg>GI</arg>
<arg>GL</arg>
<arg>GM</arg>
<arg>GN</arg>
<arg>GP</arg>
<arg>GQ</arg>
<arg>GR</arg>
<arg>GS</arg>
<arg>GT</arg>
<arg>GU</arg>
<arg>GW</arg>
<arg>GY</arg>
<arg>HK</arg>
<arg>HM</arg>
<arg>HN</arg>
<arg>HR</arg>
<arg>HT</arg>
<arg>HU</arg>
<arg>ID</arg>
<arg>IE</arg>
<arg>IL</arg>
<arg>IM</arg>
<arg>IN</arg>
<arg>IO</arg>
<arg>IQ</arg>
<arg>IR</arg>
<arg>IS</arg>
<arg>IT</arg>
<arg>JE</arg>
<arg>JM</arg>
<arg>JO</arg>
<arg>JP</arg>
<arg>KE</arg>
<arg>KG</arg>
<arg>KH</arg>
<arg>KI</arg>
<arg>KM</arg>
<arg>KN</arg>
<arg>KP</arg>
<arg>KR</arg>
<arg>KW</arg>
<arg>KY</arg>
<arg>KZ</arg>
<arg>LA</arg>
<arg>LB</arg>
<arg>LC</arg>
<arg>LI</arg>
<arg>LK</arg>
<arg>LR</arg>
<arg>LS</arg>
<arg>LT</arg>
<arg>LU</arg>
<arg>LV</arg>
<arg>LY</arg>
<arg>MA</arg>
<arg>MC</arg>
<arg>MD</arg>
<arg>ME</arg>
<arg>MF</arg>
<arg>MG</arg>
<arg>MH</arg>
<arg>MK</arg>
<arg>ML</arg>
<arg>MM</arg>
<arg>MN</arg>
<arg>MO</arg>
<arg>MP</arg>
<arg>MQ</arg>
<arg>MR</arg>
<arg>MS</arg>
<arg>MT</arg>
<arg>MU</arg>
<arg>MV</arg>
<arg>MW</arg>
<arg>MX</arg>
<arg>MY</arg>
<arg>MZ</arg>
<arg>NA</arg>
<arg>NC</arg>
<arg>NE</arg>
<arg>NF</arg>
<arg>NG</arg>
<arg>NI</arg>
<arg>NL</arg>
<arg>NO</arg>
<arg>NP</arg>
<arg>NR</arg>
<arg>NU</arg>
<arg>NZ</arg>
<arg>OM</arg>
<arg>PA</arg>
<arg>PE</arg>
<arg>PF</arg>
<arg>PG</arg>
<arg>PH</arg>
<arg>PK</arg>
<arg>PL</arg>
<arg>PM</arg>
<arg>PN</arg>
<arg>PR</arg>
<arg>PS</arg>
<arg>PT</arg>
<arg>PW</arg>
<arg>PY</arg>
<arg>QA</arg>
<arg>RE</arg>
<arg>RO</arg>
<arg>RS</arg>
<arg>RU</arg>
<arg>RW</arg>
<arg>SA</arg>
<arg>SB</arg>
<arg>SC</arg>
<arg>SD</arg>
<arg>SE</arg>
<arg>SG</arg>
<arg>SH</arg>
<arg>SI</arg>
<arg>SJ</arg>
<arg>SK</arg>
<arg>SL</arg>
<arg>SM</arg>
<arg>SN</arg>
<arg>SO</arg>
<arg>SR</arg>
<arg>SS</arg>
<arg>ST</arg>
<arg>SV</arg>
<arg>SX</arg>
<arg>SY</arg>
<arg>SZ</arg>
<arg>TC</arg>
<arg>TD</arg>
<arg>TF</arg>
<arg>TG</arg>
<arg>TH</arg>
<arg>TJ</arg>
<arg>TK</arg>
<arg>TL</arg>
<arg>TM</arg>
<arg>TN</arg>
<arg>TO</arg>
<arg>TR</arg>
<arg>TT</arg>
<arg>TV</arg>
<arg>TW</arg>
<arg>TZ</arg>
<arg>UA</arg>
<arg>UG</arg>
<arg>UM</arg>
<arg>US</arg>
<arg>UY</arg>
<arg>UZ</arg>
<arg>VA</arg>
<arg>VC</arg>
<arg>VE</arg>
<arg>VG</arg>
<arg>VI</arg>
<arg>VN</arg>
<arg>VU</arg>
<arg>WF</arg>
<arg>WS</arg>
<arg>XK</arg>
<arg>YE</arg>
<arg>YT</arg>
<arg>ZA</arg>
<arg>ZM</arg>
<arg>ZW</arg>
<doc>Returns a list containing given items.</doc>
<status status="PASS" start="2024-03-22T23:13:00.292928" elapsed="0.000631"/>
</kw>
<kw name="List Should Contain Value" owner="Collections">
<msg time="2024-03-22T23:13:00.294667" level="INFO">False</msg>
<arg>${list_country}</arg>
<arg>${name_country}</arg>
<doc>Fails if the ``value`` is not found from ``list``.</doc>
<status status="PASS" start="2024-03-22T23:13:00.294461" elapsed="0.000243"/>
</kw>
<kw name="Run Keyword If" owner="BuiltIn">
<kw name="Should Be True" owner="BuiltIn">
<arg>${True}</arg>
<doc>Fails if the given condition is not true.</doc>
<status status="PASS" start="2024-03-22T23:13:00.295813" elapsed="0.000148"/>
</kw>
<arg>${json_data["results"][0]["location"]["coordinates"]["latitude"]} &gt;= -90 and ${json_data["results"][0]["location"]["coordinates"]["latitude"]} &lt;= 90</arg>
<arg>Should Be True</arg>
<arg>${True}</arg>
<doc>Runs the given keyword with the given arguments, if ``condition`` is true.</doc>
<status status="PASS" start="2024-03-22T23:13:00.295019" elapsed="0.001073"/>
</kw>
<kw name="Run Keyword If" owner="BuiltIn">
<kw name="Should Be True" owner="BuiltIn">
<arg>${True}</arg>
<doc>Fails if the given condition is not true.</doc>
<status status="PASS" start="2024-03-22T23:13:00.296982" elapsed="0.000156"/>
</kw>
<arg>${json_data["results"][0]["location"]["coordinates"]["longitude"]} &gt;= -180 and ${json_data["results"][0]["location"]["coordinates"]["longitude"]} &lt;= 180</arg>
<arg>Should Be True</arg>
<arg>${True}</arg>
<doc>Runs the given keyword with the given arguments, if ``condition`` is true.</doc>
<status status="PASS" start="2024-03-22T23:13:00.296278" elapsed="0.000989"/>
</kw>
<status status="PASS" start="2024-03-22T23:13:00.253998" elapsed="0.043401"/>
</kw>
<doc>Testa o conteúdo específico dos campos retornados pela API.</doc>
<tag>testeConteudo</tag>
<status status="PASS" start="2024-03-22T23:13:00.253447" elapsed="0.044108"/>
</test>
<status status="PASS" start="2024-03-22T23:12:59.433613" elapsed="0.865936"/>
</suite>
<status status="PASS" start="2024-03-22T23:12:59.419735" elapsed="0.885260"/>
</suite>
<statistics>
<total>
<stat pass="5" fail="0" skip="0">All Tests</stat>
</total>
<tag>
<stat pass="1" fail="0" skip="0">testeConteudo</stat>
<stat pass="1" fail="0" skip="0">testeEstruturaResposta</stat>
<stat pass="1" fail="0" skip="0">testeRequisicaoBasica</stat>
<stat pass="1" fail="0" skip="0">testeTiposDados</stat>
</tag>
<suite>
<stat pass="5" fail="0" skip="0" id="s1" name="Tests">Tests</stat>
<stat pass="5" fail="0" skip="0" id="s1-s1" name="Random-User-Test">Tests.Random-User-Test</stat>
</suite>
</statistics>
<errors>
</errors>
</robot>
