<?xml version="1.0" encoding="UTF-8"?>
<robot generator="Robot 7.0.1 (Python 3.12.4 on linux)" generated="2024-07-20T06:21:30.414364" rpa="false" schemaversion="5">
<suite id="s1" name="Tests" source="/home/runner/work/ApiRandomUser/ApiRandomUser/RamdonUser/tests">
<suite id="s1-s1" name="Random-User-Test" source="/home/runner/work/ApiRandomUser/ApiRandomUser/RamdonUser/tests/random-user-test.robot">
<test id="s1-s1-t1" name="Conectar" line="13">
<kw name="Conectar API" owner="random-user-service">
<kw name="Create Session" owner="RequestsLibrary">
<msg time="2024-07-20T06:21:30.810482" level="INFO">Creating Session using : alias=consultarAPI, url=https://randomuser.me/, headers={},                     cookies={}, auth=None, timeout=None, proxies=None, verify=False,                     debug=0 </msg>
<arg>consultarAPI</arg>
<arg>${URL}</arg>
<doc>Create Session: create a HTTP session to a server</doc>
<status status="PASS" start="2024-07-20T06:21:30.810290" elapsed="0.000396"/>
</kw>
<status status="PASS" start="2024-07-20T06:21:30.809309" elapsed="0.001723"/>
</kw>
<status status="PASS" start="2024-07-20T06:21:30.808760" elapsed="0.002466"/>
</test>
<test id="s1-s1-t2" name="Validar retorno 200 e JSON Válido" line="16">
<kw name="Teste de Requisicao Basica" owner="random-user-service">
<kw name="GET On Session" owner="RequestsLibrary">
<msg time="2024-07-20T06:21:31.043743" level="INFO">GET Request : url=https://randomuser.me/api 
 path_url=/api 
 headers={'User-Agent': 'python-requests/2.32.3', 'Accept-Encoding': 'gzip, deflate', 'Accept': '*/*', 'Connection': 'keep-alive'} 
 body=None 
 </msg>
<msg time="2024-07-20T06:21:31.043893" level="INFO">GET Response : url=https://randomuser.me/api 
 status=200, reason=OK 
 headers={'Date': 'Sat, 20 Jul 2024 06:21:31 GMT', 'Content-Type': 'application/json; charset=utf-8', 'Transfer-Encoding': 'chunked', 'Connection': 'keep-alive', 'X-Powered-By': 'Express', 'Access-Control-Allow-Origin': '*', 'Cache-Control': 'no-cache', 'ETag': 'W/"485-oWAKJN0kFoHfQ5G0vofdo9fxens"', 'Vary': 'Accept-Encoding', 'Content-Encoding': 'gzip', 'CF-Cache-Status': 'DYNAMIC', 'Report-To': '{"endpoints":[{"url":"https:\\/\\/a.nel.cloudflare.com\\/report\\/v4?s=7Y3bTLt0vAVUTj5%2FCEYKAasEkpyMntxb91dYCRTHVj1RU7kkqgt3LpxEzji7kX%2Fk1YVMDq%2BloEt529zzdLua0L81AauwhRC8YdOZwsfdq8WObwDk%2BrfaS%2Be2XKP%2BPYB3"}],"group":"cf-nel","max_age":604800}', 'NEL': '{"success_fraction":0,"report_to":"cf-nel","max_age":604800}', 'Server': 'cloudflare', 'CF-RAY': '8a60d9fcde143afc-IAD', 'alt-svc': 'h3=":443"; ma=86400'} 
 body={"results":[{"gender":"male","name":{"title":"Mr","first":"James","last":"Singh"},"location":{"street":{"number":7978,"name":"Gloucester Street"},"city":"Taupo","state":"Nelson","country":"New Zealand","postcode":92158,"coordinates":{"latitude":"48.7328","longitude":"-76.9568"},"timezone":{"offset":"+9:00","description":"Tokyo, Seoul, Osaka, Sapporo, Yakutsk"}},"email":"james.singh@example.com","login":{"uuid":"8aec5b7e-de33-4176-b9c7-6c6543cb7f7c","username":"smallkoala439","password":"magic1","salt":"Z6pohBAT","md5":"1652afc5a4371b1769021c68f8c24911","sha1":"8e6e3f6f260af46e6ca688fc291e6532abbfe540","sha256":"775817c51569eb0b34abb79296b28c9dbcee3ec74b8f6ef84827d206a83d5ae5"},"dob":{"date":"1989-04-08T03:30:37.813Z","age":35},"registered":{"date":"2010-01-30T07:22:06.875Z","age":14},"phone":"(228)-749-4794","cell":"(282)-003-4825","id":{"name":"","value":null},"picture":{"large":"https://randomuser.me/api/portraits/men/37.jpg","medium":"https://randomuser.me/api/portraits/med/men/37.jpg","thumbnail":"https://randomuser.me/api/portraits/thumb/men/37.jpg"},"nat":"NZ"}],"info":{"seed":"27c5aba67ed47b60","results":1,"page":1,"version":"1.4"}} 
 </msg>
<msg time="2024-07-20T06:21:31.043969" level="INFO">/opt/hostedtoolcache/Python/3.12.4/x64/lib/python3.12/site-packages/urllib3/connectionpool.py:1099: InsecureRequestWarning: Unverified HTTPS request is being made to host 'randomuser.me'. Adding certificate verification is strongly advised. See: https://urllib3.readthedocs.io/en/latest/advanced-usage.html#tls-warnings
  warnings.warn(</msg>
<msg time="2024-07-20T06:21:31.044088" level="INFO">${response} = &lt;Response [200]&gt;</msg>
<var>${response}</var>
<arg>consultarAPI</arg>
<arg>/api</arg>
<doc>Sends a GET request on a previously created HTTP Session.</doc>
<status status="PASS" start="2024-07-20T06:21:30.813748" elapsed="0.230382"/>
</kw>
<kw name="Should Be Equal As Numbers" owner="BuiltIn">
<msg time="2024-07-20T06:21:31.045039" level="INFO">Argument types are:
&lt;class 'int'&gt;
&lt;class 'str'&gt;</msg>
<arg>${response.status_code}</arg>
<arg>200</arg>
<doc>Fails if objects are unequal after converting them to real numbers.</doc>
<status status="PASS" start="2024-07-20T06:21:31.044598" elapsed="0.000506"/>
</kw>
<kw name="Log" owner="BuiltIn">
<msg time="2024-07-20T06:21:31.045776" level="INFO">200</msg>
<arg>${response.status_code}</arg>
<doc>Logs the given message with the given level.</doc>
<status status="PASS" start="2024-07-20T06:21:31.045422" elapsed="0.000398"/>
</kw>
<kw name="Set Variable" owner="BuiltIn">
<msg time="2024-07-20T06:21:31.046560" level="INFO">${json_data} = {'results': [{'gender': 'male', 'name': {'title': 'Mr', 'first': 'James', 'last': 'Singh'}, 'location': {'street': {'number': 7978, 'name': 'Gloucester Street'}, 'city': 'Taupo', 'state': 'Nelson', 'c...</msg>
<var>${json_data}</var>
<arg>${response.json()}</arg>
<doc>Returns the given values which can then be assigned to a variables.</doc>
<status status="PASS" start="2024-07-20T06:21:31.046126" elapsed="0.000462"/>
</kw>
<kw name="Dictionary Should Contain Key" owner="Collections">
<arg>${json_data}</arg>
<arg>results</arg>
<doc>Fails if ``key`` is not found from ``dictionary``.</doc>
<status status="PASS" start="2024-07-20T06:21:31.046926" elapsed="0.000308"/>
</kw>
<status status="PASS" start="2024-07-20T06:21:30.813505" elapsed="0.233882"/>
</kw>
<doc>Testa se a API responde corretamente e retorna um objeto JSON válido.</doc>
<tag>testeRequisicaoBasica</tag>
<status status="PASS" start="2024-07-20T06:21:30.813043" elapsed="0.234511"/>
</test>
<test id="s1-s1-t3" name="Validar estrutura de resposta" line="22">
<kw name="Teste de Estrutura de Resposta" owner="random-user-service">
<kw name="GET On Session" owner="RequestsLibrary">
<msg time="2024-07-20T06:21:31.143311" level="INFO">GET Request : url=https://randomuser.me/api 
 path_url=/api 
 headers={'User-Agent': 'python-requests/2.32.3', 'Accept-Encoding': 'gzip, deflate', 'Accept': '*/*', 'Connection': 'keep-alive'} 
 body=None 
 </msg>
<msg time="2024-07-20T06:21:31.143404" level="INFO">GET Response : url=https://randomuser.me/api 
 status=200, reason=OK 
 headers={'Date': 'Sat, 20 Jul 2024 06:21:31 GMT', 'Content-Type': 'application/json; charset=utf-8', 'Transfer-Encoding': 'chunked', 'Connection': 'keep-alive', 'X-Powered-By': 'Express', 'Access-Control-Allow-Origin': '*', 'Cache-Control': 'no-cache', 'ETag': 'W/"4b1-bLoQEghzdVeGGvOtydKMPNNt2cc"', 'Vary': 'Accept-Encoding', 'Content-Encoding': 'gzip', 'CF-Cache-Status': 'DYNAMIC', 'Report-To': '{"endpoints":[{"url":"https:\\/\\/a.nel.cloudflare.com\\/report\\/v4?s=vImrqesQ3XPD3glIWrQZrAe1e07sLk5mSkax3uf54owZhhTaSaU9JEe6%2BDI3NbZWogfiot877PHpxXdTD1ct5GeCkV9gVycjVhjGvawe%2FwXNOe4qQg3WX9qM%2Bdk1aCce"}],"group":"cf-nel","max_age":604800}', 'NEL': '{"success_fraction":0,"report_to":"cf-nel","max_age":604800}', 'Server': 'cloudflare', 'CF-RAY': '8a60d9fd1e443afc-IAD', 'alt-svc': 'h3=":443"; ma=86400'} 
 body={"results":[{"gender":"male","name":{"title":"Mr","first":"Jackson","last":"Griffin"},"location":{"street":{"number":9705,"name":"Park Lane"},"city":"Newcastle upon Tyne","state":"Worcestershire","country":"United Kingdom","postcode":"Z9D 1LN","coordinates":{"latitude":"-7.1568","longitude":"-24.5687"},"timezone":{"offset":"+3:00","description":"Baghdad, Riyadh, Moscow, St. Petersburg"}},"email":"jackson.griffin@example.com","login":{"uuid":"658f98fa-072c-44f7-8727-fde98eb190b7","username":"blackkoala975","password":"jupiter1","salt":"aDiUp9Ec","md5":"8dc65cf3c70a43a7d0a0e7fb8bc4c326","sha1":"d3f7abed5795e49bef0d4a5d972f6e61a47580f4","sha256":"f9c784f8582ad6ac7041ae7148ce265498a09202058541d8f9670c1be3c3ed03"},"dob":{"date":"1993-10-25T05:35:57.543Z","age":30},"registered":{"date":"2020-12-11T06:17:57.609Z","age":3},"phone":"0191 477 0193","cell":"07142 320159","id":{"name":"NINO","value":"RR 60 75 82 F"},"picture":{"large":"https://randomuser.me/api/portraits/men/58.jpg","medium":"https://randomuser.me/api/portraits/med/men/58.jpg","thumbnail":"https://randomuser.me/api/portraits/thumb/men/58.jpg"},"nat":"GB"}],"info":{"seed":"2a186dd3b411f7ae","results":1,"page":1,"version":"1.4"}} 
 </msg>
<msg time="2024-07-20T06:21:31.143570" level="INFO">/opt/hostedtoolcache/Python/3.12.4/x64/lib/python3.12/site-packages/urllib3/connectionpool.py:1099: InsecureRequestWarning: Unverified HTTPS request is being made to host 'randomuser.me'. Adding certificate verification is strongly advised. See: https://urllib3.readthedocs.io/en/latest/advanced-usage.html#tls-warnings
  warnings.warn(</msg>
<msg time="2024-07-20T06:21:31.143698" level="INFO">${response} = &lt;Response [200]&gt;</msg>
<var>${response}</var>
<arg>consultarAPI</arg>
<arg>/api</arg>
<doc>Sends a GET request on a previously created HTTP Session.</doc>
<status status="PASS" start="2024-07-20T06:21:31.050522" elapsed="0.093225"/>
</kw>
<kw name="Set Variable" owner="BuiltIn">
<msg time="2024-07-20T06:21:31.144663" level="INFO">${json_data} = {'results': [{'gender': 'male', 'name': {'title': 'Mr', 'first': 'Jackson', 'last': 'Griffin'}, 'location': {'street': {'number': 9705, 'name': 'Park Lane'}, 'city': 'Newcastle upon Tyne', 'state': 'W...</msg>
<var>${json_data}</var>
<arg>${response.json()}</arg>
<doc>Returns the given values which can then be assigned to a variables.</doc>
<status status="PASS" start="2024-07-20T06:21:31.144211" elapsed="0.000481"/>
</kw>
<kw name="Log" owner="BuiltIn">
<msg time="2024-07-20T06:21:31.145157" level="INFO">{'results': [{'gender': 'male', 'name': {'title': 'Mr', 'first': 'Jackson', 'last': 'Griffin'}, 'location': {'street': {'number': 9705, 'name': 'Park Lane'}, 'city': 'Newcastle upon Tyne', 'state': 'Worcestershire', 'country': 'United Kingdom', 'postcode': 'Z9D 1LN', 'coordinates': {'latitude': '-7.1568', 'longitude': '-24.5687'}, 'timezone': {'offset': '+3:00', 'description': 'Baghdad, Riyadh, Moscow, St. Petersburg'}}, 'email': 'jackson.griffin@example.com', 'login': {'uuid': '658f98fa-072c-44f7-8727-fde98eb190b7', 'username': 'blackkoala975', 'password': 'jupiter1', 'salt': 'aDiUp9Ec', 'md5': '8dc65cf3c70a43a7d0a0e7fb8bc4c326', 'sha1': 'd3f7abed5795e49bef0d4a5d972f6e61a47580f4', 'sha256': 'f9c784f8582ad6ac7041ae7148ce265498a09202058541d8f9670c1be3c3ed03'}, 'dob': {'date': '1993-10-25T05:35:57.543Z', 'age': 30}, 'registered': {'date': '2020-12-11T06:17:57.609Z', 'age': 3}, 'phone': '0191 477 0193', 'cell': '07142 320159', 'id': {'name': 'NINO', 'value': 'RR 60 75 82 F'}, 'picture': {'large': 'https://randomuser.me/api/portraits/men/58.jpg', 'medium': 'https://randomuser.me/api/portraits/med/men/58.jpg', 'thumbnail': 'https://randomuser.me/api/portraits/thumb/men/58.jpg'}, 'nat': 'GB'}], 'info': {'seed': '2a186dd3b411f7ae', 'results': 1, 'page': 1, 'version': '1.4'}}</msg>
<arg>${json_data}</arg>
<doc>Logs the given message with the given level.</doc>
<status status="PASS" start="2024-07-20T06:21:31.144997" elapsed="0.000209"/>
</kw>
<kw name="Dictionary Should Contain Key" owner="Collections">
<arg>${json_data}</arg>
<arg>results</arg>
<doc>Fails if ``key`` is not found from ``dictionary``.</doc>
<status status="PASS" start="2024-07-20T06:21:31.145499" elapsed="0.000164"/>
</kw>
<kw name="Should Not Be Empty" owner="BuiltIn">
<msg time="2024-07-20T06:21:31.145974" level="INFO">Length is 2.</msg>
<arg>${json_data}</arg>
<doc>Verifies that the given item is not empty.</doc>
<status status="PASS" start="2024-07-20T06:21:31.145850" elapsed="0.000163"/>
</kw>
<kw name="Create List" owner="BuiltIn">
<msg time="2024-07-20T06:21:31.146454" level="INFO">${expected_keys} = ['gender', 'name', 'location', 'email', 'login']</msg>
<var>${expected_keys}</var>
<arg>gender</arg>
<arg>name</arg>
<arg>location</arg>
<arg>email</arg>
<arg>login</arg>
<doc>Returns a list containing given items.</doc>
<status status="PASS" start="2024-07-20T06:21:31.146301" elapsed="0.000177"/>
</kw>
<for flavor="IN">
<iter>
<kw name="Dictionary Should Contain Key" owner="Collections">
<arg>${json_data['results'][0]}</arg>
<arg>${key}</arg>
<doc>Fails if ``key`` is not found from ``dictionary``.</doc>
<status status="PASS" start="2024-07-20T06:21:31.147090" elapsed="0.000406"/>
</kw>
<kw name="Log" owner="BuiltIn">
<msg time="2024-07-20T06:21:31.148039" level="INFO">{'gender': 'male', 'name': {'title': 'Mr', 'first': 'Jackson', 'last': 'Griffin'}, 'location': {'street': {'number': 9705, 'name': 'Park Lane'}, 'city': 'Newcastle upon Tyne', 'state': 'Worcestershire', 'country': 'United Kingdom', 'postcode': 'Z9D 1LN', 'coordinates': {'latitude': '-7.1568', 'longitude': '-24.5687'}, 'timezone': {'offset': '+3:00', 'description': 'Baghdad, Riyadh, Moscow, St. Petersburg'}}, 'email': 'jackson.griffin@example.com', 'login': {'uuid': '658f98fa-072c-44f7-8727-fde98eb190b7', 'username': 'blackkoala975', 'password': 'jupiter1', 'salt': 'aDiUp9Ec', 'md5': '8dc65cf3c70a43a7d0a0e7fb8bc4c326', 'sha1': 'd3f7abed5795e49bef0d4a5d972f6e61a47580f4', 'sha256': 'f9c784f8582ad6ac7041ae7148ce265498a09202058541d8f9670c1be3c3ed03'}, 'dob': {'date': '1993-10-25T05:35:57.543Z', 'age': 30}, 'registered': {'date': '2020-12-11T06:17:57.609Z', 'age': 3}, 'phone': '0191 477 0193', 'cell': '07142 320159', 'id': {'name': 'NINO', 'value': 'RR 60 75 82 F'}, 'picture': {'large': 'https://randomuser.me/api/portraits/men/58.jpg', 'medium': 'https://randomuser.me/api/portraits/med/men/58.jpg', 'thumbnail': 'https://randomuser.me/api/portraits/thumb/men/58.jpg'}, 'nat': 'GB'}</msg>
<arg>${json_data['results'][0]}</arg>
<doc>Logs the given message with the given level.</doc>
<status status="PASS" start="2024-07-20T06:21:31.147686" elapsed="0.000403"/>
</kw>
<kw name="Log" owner="BuiltIn">
<msg time="2024-07-20T06:21:31.148517" level="INFO">gender</msg>
<arg>${key}</arg>
<doc>Logs the given message with the given level.</doc>
<status status="PASS" start="2024-07-20T06:21:31.148389" elapsed="0.000166"/>
</kw>
<var name="${key}">gender</var>
<status status="PASS" start="2024-07-20T06:21:31.146963" elapsed="0.001809"/>
</iter>
<iter>
<kw name="Dictionary Should Contain Key" owner="Collections">
<arg>${json_data['results'][0]}</arg>
<arg>${key}</arg>
<doc>Fails if ``key`` is not found from ``dictionary``.</doc>
<status status="PASS" start="2024-07-20T06:21:31.149070" elapsed="0.000387"/>
</kw>
<kw name="Log" owner="BuiltIn">
<msg time="2024-07-20T06:21:31.150041" level="INFO">{'gender': 'male', 'name': {'title': 'Mr', 'first': 'Jackson', 'last': 'Griffin'}, 'location': {'street': {'number': 9705, 'name': 'Park Lane'}, 'city': 'Newcastle upon Tyne', 'state': 'Worcestershire', 'country': 'United Kingdom', 'postcode': 'Z9D 1LN', 'coordinates': {'latitude': '-7.1568', 'longitude': '-24.5687'}, 'timezone': {'offset': '+3:00', 'description': 'Baghdad, Riyadh, Moscow, St. Petersburg'}}, 'email': 'jackson.griffin@example.com', 'login': {'uuid': '658f98fa-072c-44f7-8727-fde98eb190b7', 'username': 'blackkoala975', 'password': 'jupiter1', 'salt': 'aDiUp9Ec', 'md5': '8dc65cf3c70a43a7d0a0e7fb8bc4c326', 'sha1': 'd3f7abed5795e49bef0d4a5d972f6e61a47580f4', 'sha256': 'f9c784f8582ad6ac7041ae7148ce265498a09202058541d8f9670c1be3c3ed03'}, 'dob': {'date': '1993-10-25T05:35:57.543Z', 'age': 30}, 'registered': {'date': '2020-12-11T06:17:57.609Z', 'age': 3}, 'phone': '0191 477 0193', 'cell': '07142 320159', 'id': {'name': 'NINO', 'value': 'RR 60 75 82 F'}, 'picture': {'large': 'https://randomuser.me/api/portraits/men/58.jpg', 'medium': 'https://randomuser.me/api/portraits/med/men/58.jpg', 'thumbnail': 'https://randomuser.me/api/portraits/thumb/men/58.jpg'}, 'nat': 'GB'}</msg>
<arg>${json_data['results'][0]}</arg>
<doc>Logs the given message with the given level.</doc>
<status status="PASS" start="2024-07-20T06:21:31.149676" elapsed="0.000417"/>
</kw>
<kw name="Log" owner="BuiltIn">
<msg time="2024-07-20T06:21:31.150529" level="INFO">name</msg>
<arg>${key}</arg>
<doc>Logs the given message with the given level.</doc>
<status status="PASS" start="2024-07-20T06:21:31.150401" elapsed="0.000165"/>
</kw>
<var name="${key}">name</var>
<status status="PASS" start="2024-07-20T06:21:31.148959" elapsed="0.001857"/>
</iter>
<iter>
<kw name="Dictionary Should Contain Key" owner="Collections">
<arg>${json_data['results'][0]}</arg>
<arg>${key}</arg>
<doc>Fails if ``key`` is not found from ``dictionary``.</doc>
<status status="PASS" start="2024-07-20T06:21:31.151100" elapsed="0.000377"/>
</kw>
<kw name="Log" owner="BuiltIn">
<msg time="2024-07-20T06:21:31.152016" level="INFO">{'gender': 'male', 'name': {'title': 'Mr', 'first': 'Jackson', 'last': 'Griffin'}, 'location': {'street': {'number': 9705, 'name': 'Park Lane'}, 'city': 'Newcastle upon Tyne', 'state': 'Worcestershire', 'country': 'United Kingdom', 'postcode': 'Z9D 1LN', 'coordinates': {'latitude': '-7.1568', 'longitude': '-24.5687'}, 'timezone': {'offset': '+3:00', 'description': 'Baghdad, Riyadh, Moscow, St. Petersburg'}}, 'email': 'jackson.griffin@example.com', 'login': {'uuid': '658f98fa-072c-44f7-8727-fde98eb190b7', 'username': 'blackkoala975', 'password': 'jupiter1', 'salt': 'aDiUp9Ec', 'md5': '8dc65cf3c70a43a7d0a0e7fb8bc4c326', 'sha1': 'd3f7abed5795e49bef0d4a5d972f6e61a47580f4', 'sha256': 'f9c784f8582ad6ac7041ae7148ce265498a09202058541d8f9670c1be3c3ed03'}, 'dob': {'date': '1993-10-25T05:35:57.543Z', 'age': 30}, 'registered': {'date': '2020-12-11T06:17:57.609Z', 'age': 3}, 'phone': '0191 477 0193', 'cell': '07142 320159', 'id': {'name': 'NINO', 'value': 'RR 60 75 82 F'}, 'picture': {'large': 'https://randomuser.me/api/portraits/men/58.jpg', 'medium': 'https://randomuser.me/api/portraits/med/men/58.jpg', 'thumbnail': 'https://randomuser.me/api/portraits/thumb/men/58.jpg'}, 'nat': 'GB'}</msg>
<arg>${json_data['results'][0]}</arg>
<doc>Logs the given message with the given level.</doc>
<status status="PASS" start="2024-07-20T06:21:31.151668" elapsed="0.000398"/>
</kw>
<kw name="Log" owner="BuiltIn">
<msg time="2024-07-20T06:21:31.152484" level="INFO">location</msg>
<arg>${key}</arg>
<doc>Logs the given message with the given level.</doc>
<status status="PASS" start="2024-07-20T06:21:31.152358" elapsed="0.000162"/>
</kw>
<var name="${key}">location</var>
<status status="PASS" start="2024-07-20T06:21:31.150992" elapsed="0.001742"/>
</iter>
<iter>
<kw name="Dictionary Should Contain Key" owner="Collections">
<arg>${json_data['results'][0]}</arg>
<arg>${key}</arg>
<doc>Fails if ``key`` is not found from ``dictionary``.</doc>
<status status="PASS" start="2024-07-20T06:21:31.153012" elapsed="0.000387"/>
</kw>
<kw name="Log" owner="BuiltIn">
<msg time="2024-07-20T06:21:31.154053" level="INFO">{'gender': 'male', 'name': {'title': 'Mr', 'first': 'Jackson', 'last': 'Griffin'}, 'location': {'street': {'number': 9705, 'name': 'Park Lane'}, 'city': 'Newcastle upon Tyne', 'state': 'Worcestershire', 'country': 'United Kingdom', 'postcode': 'Z9D 1LN', 'coordinates': {'latitude': '-7.1568', 'longitude': '-24.5687'}, 'timezone': {'offset': '+3:00', 'description': 'Baghdad, Riyadh, Moscow, St. Petersburg'}}, 'email': 'jackson.griffin@example.com', 'login': {'uuid': '658f98fa-072c-44f7-8727-fde98eb190b7', 'username': 'blackkoala975', 'password': 'jupiter1', 'salt': 'aDiUp9Ec', 'md5': '8dc65cf3c70a43a7d0a0e7fb8bc4c326', 'sha1': 'd3f7abed5795e49bef0d4a5d972f6e61a47580f4', 'sha256': 'f9c784f8582ad6ac7041ae7148ce265498a09202058541d8f9670c1be3c3ed03'}, 'dob': {'date': '1993-10-25T05:35:57.543Z', 'age': 30}, 'registered': {'date': '2020-12-11T06:17:57.609Z', 'age': 3}, 'phone': '0191 477 0193', 'cell': '07142 320159', 'id': {'name': 'NINO', 'value': 'RR 60 75 82 F'}, 'picture': {'large': 'https://randomuser.me/api/portraits/men/58.jpg', 'medium': 'https://randomuser.me/api/portraits/med/men/58.jpg', 'thumbnail': 'https://randomuser.me/api/portraits/thumb/men/58.jpg'}, 'nat': 'GB'}</msg>
<arg>${json_data['results'][0]}</arg>
<doc>Logs the given message with the given level.</doc>
<status status="PASS" start="2024-07-20T06:21:31.153699" elapsed="0.000404"/>
</kw>
<kw name="Log" owner="BuiltIn">
<msg time="2024-07-20T06:21:31.154525" level="INFO">email</msg>
<arg>${key}</arg>
<doc>Logs the given message with the given level.</doc>
<status status="PASS" start="2024-07-20T06:21:31.154397" elapsed="0.000167"/>
</kw>
<var name="${key}">email</var>
<status status="PASS" start="2024-07-20T06:21:31.152905" elapsed="0.001905"/>
</iter>
<iter>
<kw name="Dictionary Should Contain Key" owner="Collections">
<arg>${json_data['results'][0]}</arg>
<arg>${key}</arg>
<doc>Fails if ``key`` is not found from ``dictionary``.</doc>
<status status="PASS" start="2024-07-20T06:21:31.155095" elapsed="0.000378"/>
</kw>
<kw name="Log" owner="BuiltIn">
<msg time="2024-07-20T06:21:31.156009" level="INFO">{'gender': 'male', 'name': {'title': 'Mr', 'first': 'Jackson', 'last': 'Griffin'}, 'location': {'street': {'number': 9705, 'name': 'Park Lane'}, 'city': 'Newcastle upon Tyne', 'state': 'Worcestershire', 'country': 'United Kingdom', 'postcode': 'Z9D 1LN', 'coordinates': {'latitude': '-7.1568', 'longitude': '-24.5687'}, 'timezone': {'offset': '+3:00', 'description': 'Baghdad, Riyadh, Moscow, St. Petersburg'}}, 'email': 'jackson.griffin@example.com', 'login': {'uuid': '658f98fa-072c-44f7-8727-fde98eb190b7', 'username': 'blackkoala975', 'password': 'jupiter1', 'salt': 'aDiUp9Ec', 'md5': '8dc65cf3c70a43a7d0a0e7fb8bc4c326', 'sha1': 'd3f7abed5795e49bef0d4a5d972f6e61a47580f4', 'sha256': 'f9c784f8582ad6ac7041ae7148ce265498a09202058541d8f9670c1be3c3ed03'}, 'dob': {'date': '1993-10-25T05:35:57.543Z', 'age': 30}, 'registered': {'date': '2020-12-11T06:17:57.609Z', 'age': 3}, 'phone': '0191 477 0193', 'cell': '07142 320159', 'id': {'name': 'NINO', 'value': 'RR 60 75 82 F'}, 'picture': {'large': 'https://randomuser.me/api/portraits/men/58.jpg', 'medium': 'https://randomuser.me/api/portraits/med/men/58.jpg', 'thumbnail': 'https://randomuser.me/api/portraits/thumb/men/58.jpg'}, 'nat': 'GB'}</msg>
<arg>${json_data['results'][0]}</arg>
<doc>Logs the given message with the given level.</doc>
<status status="PASS" start="2024-07-20T06:21:31.155658" elapsed="0.000400"/>
</kw>
<kw name="Log" owner="BuiltIn">
<msg time="2024-07-20T06:21:31.156477" level="INFO">login</msg>
<arg>${key}</arg>
<doc>Logs the given message with the given level.</doc>
<status status="PASS" start="2024-07-20T06:21:31.156350" elapsed="0.000164"/>
</kw>
<var name="${key}">login</var>
<status status="PASS" start="2024-07-20T06:21:31.154986" elapsed="0.001755"/>
</iter>
<var>${key}</var>
<value>@{expected_keys}</value>
<status status="PASS" start="2024-07-20T06:21:31.146778" elapsed="0.010111"/>
</for>
<kw name="Create List" owner="BuiltIn">
<msg time="2024-07-20T06:21:31.157225" level="INFO">${expected_keysTwo} = ['username', 'password']</msg>
<var>${expected_keysTwo}</var>
<arg>username</arg>
<arg>password</arg>
<doc>Returns a list containing given items.</doc>
<status status="PASS" start="2024-07-20T06:21:31.157091" elapsed="0.000158"/>
</kw>
<for flavor="IN">
<iter>
<kw name="Dictionary Should Contain Key" owner="Collections">
<arg>${json_data['results'][0]['login']}</arg>
<arg>${keyTwo}</arg>
<doc>Fails if ``key`` is not found from ``dictionary``.</doc>
<status status="PASS" start="2024-07-20T06:21:31.157741" elapsed="0.000380"/>
</kw>
<kw name="Dictionary Should Contain Key" owner="Collections">
<arg>${json_data['results'][0]['login']}</arg>
<arg>${keyTwo}</arg>
<doc>Fails if ``key`` is not found from ``dictionary``.</doc>
<status status="PASS" start="2024-07-20T06:21:31.158302" elapsed="0.000404"/>
</kw>
<kw name="Log" owner="BuiltIn">
<msg time="2024-07-20T06:21:31.159017" level="INFO">username</msg>
<arg>${keyTwo}</arg>
<doc>Logs the given message with the given level.</doc>
<status status="PASS" start="2024-07-20T06:21:31.158892" elapsed="0.000162"/>
</kw>
<var name="${keyTwo}">username</var>
<status status="PASS" start="2024-07-20T06:21:31.157635" elapsed="0.001637"/>
</iter>
<iter>
<kw name="Dictionary Should Contain Key" owner="Collections">
<arg>${json_data['results'][0]['login']}</arg>
<arg>${keyTwo}</arg>
<doc>Fails if ``key`` is not found from ``dictionary``.</doc>
<status status="PASS" start="2024-07-20T06:21:31.159557" elapsed="0.000380"/>
</kw>
<kw name="Dictionary Should Contain Key" owner="Collections">
<arg>${json_data['results'][0]['login']}</arg>
<arg>${keyTwo}</arg>
<doc>Fails if ``key`` is not found from ``dictionary``.</doc>
<status status="PASS" start="2024-07-20T06:21:31.160117" elapsed="0.000368"/>
</kw>
<kw name="Log" owner="BuiltIn">
<msg time="2024-07-20T06:21:31.160787" level="INFO">password</msg>
<arg>${keyTwo}</arg>
<doc>Logs the given message with the given level.</doc>
<status status="PASS" start="2024-07-20T06:21:31.160662" elapsed="0.000163"/>
</kw>
<var name="${keyTwo}">password</var>
<status status="PASS" start="2024-07-20T06:21:31.159445" elapsed="0.001600"/>
</iter>
<var>${keyTwo}</var>
<value>@{expected_keysTwo}</value>
<status status="PASS" start="2024-07-20T06:21:31.157484" elapsed="0.003682"/>
</for>
<status status="PASS" start="2024-07-20T06:21:31.050185" elapsed="0.111121"/>
</kw>
<doc>Testa a estrutura da resposta da API.</doc>
<tag>testeEstruturaResposta</tag>
<status status="PASS" start="2024-07-20T06:21:31.049413" elapsed="0.112045"/>
</test>
<test id="s1-s1-t4" name="Validar tipos de dados" line="28">
<kw name="Teste de Tipos de Dados" owner="random-user-service">
<kw name="GET On Session" owner="RequestsLibrary">
<msg time="2024-07-20T06:21:31.245817" level="INFO">GET Request : url=https://randomuser.me/api 
 path_url=/api 
 headers={'User-Agent': 'python-requests/2.32.3', 'Accept-Encoding': 'gzip, deflate', 'Accept': '*/*', 'Connection': 'keep-alive'} 
 body=None 
 </msg>
<msg time="2024-07-20T06:21:31.245901" level="INFO">GET Response : url=https://randomuser.me/api 
 status=200, reason=OK 
 headers={'Date': 'Sat, 20 Jul 2024 06:21:31 GMT', 'Content-Type': 'application/json; charset=utf-8', 'Transfer-Encoding': 'chunked', 'Connection': 'keep-alive', 'X-Powered-By': 'Express', 'Access-Control-Allow-Origin': '*', 'Cache-Control': 'no-cache', 'ETag': 'W/"4a3-8xXX3m/xYPGWapIcdh67nT+rc4M"', 'Vary': 'Accept-Encoding', 'Content-Encoding': 'gzip', 'CF-Cache-Status': 'DYNAMIC', 'Report-To': '{"endpoints":[{"url":"https:\\/\\/a.nel.cloudflare.com\\/report\\/v4?s=3h0lYX8f7fip9NFn%2FK44YSGqZ7bJHEpMB9w%2F2U7ijRp%2B92MTkurwwkBoWiLEshk80R8n3im%2FDDbV375zXOb6zAiQio3eJfJeYbrkMDjQGtYnndnkuH0JJIfvvKKY4ZTV"}],"group":"cf-nel","max_age":604800}', 'NEL': '{"success_fraction":0,"report_to":"cf-nel","max_age":604800}', 'Server': 'cloudflare', 'CF-RAY': '8a60d9fdceeb3afc-IAD', 'alt-svc': 'h3=":443"; ma=86400'} 
 body={"results":[{"gender":"male","name":{"title":"Mr","first":"Alfredo","last":"Gutiérrez"},"location":{"street":{"number":6905,"name":"Avenida de Castilla"},"city":"La Coruña","state":"Andalucía","country":"Spain","postcode":41873,"coordinates":{"latitude":"-30.2600","longitude":"-168.9135"},"timezone":{"offset":"+3:00","description":"Baghdad, Riyadh, Moscow, St. Petersburg"}},"email":"alfredo.gutierrez@example.com","login":{"uuid":"168b1605-a043-4bcb-a2e9-e48ff74a8a29","username":"tinymeercat926","password":"brewster","salt":"ObrmUWT6","md5":"24f9d5e0db0ac9dada96a29e6f6c5914","sha1":"351f3b145a48247427b8ec1b129192e5ca3a775a","sha256":"68bd6f72bcab97cda760ba5f8bff9af7a99e99efc009e74eb26d4db8a4105b1a"},"dob":{"date":"1961-09-06T15:21:15.102Z","age":62},"registered":{"date":"2013-03-07T23:47:36.715Z","age":11},"phone":"994-265-615","cell":"679-287-160","id":{"name":"DNI","value":"50824073-S"},"picture":{"large":"https://randomuser.me/api/portraits/men/93.jpg","medium":"https://randomuser.me/api/portraits/med/men/93.jpg","thumbnail":"https://randomuser.me/api/portraits/thumb/men/93.jpg"},"nat":"ES"}],"info":{"seed":"fce688ef91c02b1b","results":1,"page":1,"version":"1.4"}} 
 </msg>
<msg time="2024-07-20T06:21:31.245979" level="INFO">/opt/hostedtoolcache/Python/3.12.4/x64/lib/python3.12/site-packages/urllib3/connectionpool.py:1099: InsecureRequestWarning: Unverified HTTPS request is being made to host 'randomuser.me'. Adding certificate verification is strongly advised. See: https://urllib3.readthedocs.io/en/latest/advanced-usage.html#tls-warnings
  warnings.warn(</msg>
<msg time="2024-07-20T06:21:31.246092" level="INFO">${response} = &lt;Response [200]&gt;</msg>
<var>${response}</var>
<arg>consultarAPI</arg>
<arg>/api</arg>
<doc>Sends a GET request on a previously created HTTP Session.</doc>
<status status="PASS" start="2024-07-20T06:21:31.163861" elapsed="0.082285"/>
</kw>
<kw name="Set Variable" owner="BuiltIn">
<msg time="2024-07-20T06:21:31.247023" level="INFO">${json_data} = {'results': [{'gender': 'male', 'name': {'title': 'Mr', 'first': 'Alfredo', 'last': 'Gutiérrez'}, 'location': {'street': {'number': 6905, 'name': 'Avenida de Castilla'}, 'city': 'La Coruña', 'state': ...</msg>
<var>${json_data}</var>
<arg>${response.json()}</arg>
<doc>Returns the given values which can then be assigned to a variables.</doc>
<status status="PASS" start="2024-07-20T06:21:31.246515" elapsed="0.000538"/>
</kw>
<kw name="Log" owner="BuiltIn">
<msg time="2024-07-20T06:21:31.247513" level="INFO">{'results': [{'gender': 'male', 'name': {'title': 'Mr', 'first': 'Alfredo', 'last': 'Gutiérrez'}, 'location': {'street': {'number': 6905, 'name': 'Avenida de Castilla'}, 'city': 'La Coruña', 'state': 'Andalucía', 'country': 'Spain', 'postcode': 41873, 'coordinates': {'latitude': '-30.2600', 'longitude': '-168.9135'}, 'timezone': {'offset': '+3:00', 'description': 'Baghdad, Riyadh, Moscow, St. Petersburg'}}, 'email': 'alfredo.gutierrez@example.com', 'login': {'uuid': '168b1605-a043-4bcb-a2e9-e48ff74a8a29', 'username': 'tinymeercat926', 'password': 'brewster', 'salt': 'ObrmUWT6', 'md5': '24f9d5e0db0ac9dada96a29e6f6c5914', 'sha1': '351f3b145a48247427b8ec1b129192e5ca3a775a', 'sha256': '68bd6f72bcab97cda760ba5f8bff9af7a99e99efc009e74eb26d4db8a4105b1a'}, 'dob': {'date': '1961-09-06T15:21:15.102Z', 'age': 62}, 'registered': {'date': '2013-03-07T23:47:36.715Z', 'age': 11}, 'phone': '994-265-615', 'cell': '679-287-160', 'id': {'name': 'DNI', 'value': '50824073-S'}, 'picture': {'large': 'https://randomuser.me/api/portraits/men/93.jpg', 'medium': 'https://randomuser.me/api/portraits/med/men/93.jpg', 'thumbnail': 'https://randomuser.me/api/portraits/thumb/men/93.jpg'}, 'nat': 'ES'}], 'info': {'seed': 'fce688ef91c02b1b', 'results': 1, 'page': 1, 'version': '1.4'}}</msg>
<arg>${json_data}</arg>
<doc>Logs the given message with the given level.</doc>
<status status="PASS" start="2024-07-20T06:21:31.247358" elapsed="0.000205"/>
</kw>
<kw name="Should Be String" owner="String">
<arg>${json_data['results'][0]['gender']}</arg>
<doc>Fails if the given ``item`` is not a string.</doc>
<status status="PASS" start="2024-07-20T06:21:31.247892" elapsed="0.000362"/>
</kw>
<kw name="Should Match Regexp" owner="BuiltIn">
<arg>${json_data['results'][0]['email']}</arg>
<arg>^[a-zA-Z0-9._%+-]+@[a-zA-Z0-9.-]+\.[a-zA-Z]{2,}$</arg>
<doc>Fails if ``string`` does not match ``pattern`` as a regular expression.</doc>
<status status="PASS" start="2024-07-20T06:21:31.248446" elapsed="0.000515"/>
</kw>
<kw name="Should Match Regexp" owner="BuiltIn">
<arg>${json_data['results'][0]['dob']['date']}</arg>
<arg>\\d{4}-\\d{2}-\\d{2}T\\d{2}:\\d{2}:\\d{2}\\.\\d{3}Z</arg>
<doc>Fails if ``string`` does not match ``pattern`` as a regular expression.</doc>
<status status="PASS" start="2024-07-20T06:21:31.249158" elapsed="0.000594"/>
</kw>
<kw name="Should Match Regexp" owner="BuiltIn">
<arg>${json_data['results'][0]['registered']['date']}</arg>
<arg>\\d{4}-\\d{2}-\\d{2}T\\d{2}:\\d{2}:\\d{2}\\.\\d{3}Z</arg>
<doc>Fails if ``string`` does not match ``pattern`` as a regular expression.</doc>
<status status="PASS" start="2024-07-20T06:21:31.249947" elapsed="0.000371"/>
</kw>
<kw name="Should Match Regexp" owner="BuiltIn">
<arg>${json_data['results'][0]['picture']['large']}</arg>
<arg>^https?://.*\.(?:png|jpe?g|gif|bmp)$</arg>
<doc>Fails if ``string`` does not match ``pattern`` as a regular expression.</doc>
<status status="PASS" start="2024-07-20T06:21:31.250505" elapsed="0.000487"/>
</kw>
<kw name="Should Match Regexp" owner="BuiltIn">
<arg>${json_data['results'][0]['picture']['medium']}</arg>
<arg>^https?://.*\.(?:png|jpe?g|gif|bmp)$</arg>
<doc>Fails if ``string`` does not match ``pattern`` as a regular expression.</doc>
<status status="PASS" start="2024-07-20T06:21:31.251183" elapsed="0.000352"/>
</kw>
<kw name="Should Match Regexp" owner="BuiltIn">
<arg>${json_data['results'][0]['picture']['thumbnail']}</arg>
<arg>^https?://.*\.(?:png|jpe?g|gif|bmp)$</arg>
<doc>Fails if ``string`` does not match ``pattern`` as a regular expression.</doc>
<status status="PASS" start="2024-07-20T06:21:31.251719" elapsed="0.000355"/>
</kw>
<kw name="Log" owner="BuiltIn">
<msg time="2024-07-20T06:21:31.252582" level="INFO">{'large': 'https://randomuser.me/api/portraits/men/93.jpg', 'medium': 'https://randomuser.me/api/portraits/med/men/93.jpg', 'thumbnail': 'https://randomuser.me/api/portraits/thumb/men/93.jpg'}</msg>
<arg>${json_data['results'][0]['picture']}</arg>
<doc>Logs the given message with the given level.</doc>
<status status="PASS" start="2024-07-20T06:21:31.252257" elapsed="0.000368"/>
</kw>
<status status="PASS" start="2024-07-20T06:21:31.163634" elapsed="0.089245"/>
</kw>
<kw name="Teste de Tipos de Dados - Postcode" owner="random-user-service">
<kw name="GET On Session" owner="RequestsLibrary">
<msg time="2024-07-20T06:21:31.348890" level="INFO">GET Request : url=https://randomuser.me/api 
 path_url=/api 
 headers={'User-Agent': 'python-requests/2.32.3', 'Accept-Encoding': 'gzip, deflate', 'Accept': '*/*', 'Connection': 'keep-alive'} 
 body=None 
 </msg>
<msg time="2024-07-20T06:21:31.348973" level="INFO">GET Response : url=https://randomuser.me/api 
 status=200, reason=OK 
 headers={'Date': 'Sat, 20 Jul 2024 06:21:31 GMT', 'Content-Type': 'application/json; charset=utf-8', 'Transfer-Encoding': 'chunked', 'Connection': 'keep-alive', 'X-Powered-By': 'Express', 'Access-Control-Allow-Origin': '*', 'Cache-Control': 'no-cache', 'ETag': 'W/"485-oUsAhmcQreH96cUlVMPEH0f4tmA"', 'Vary': 'Accept-Encoding', 'Content-Encoding': 'gzip', 'CF-Cache-Status': 'DYNAMIC', 'Report-To': '{"endpoints":[{"url":"https:\\/\\/a.nel.cloudflare.com\\/report\\/v4?s=irBJWdhc9gUAJyUXgWX9E36l%2BQSImuVDrYytywZEAwwIP5rhP1ag1%2BY12hNjCpxQXce9My4m%2F64K8bCt4Oi4W4d28NSf8A2HM2LF4fZEjEqqp0IzHbzjtXx%2Fp%2BtLNKqY"}],"group":"cf-nel","max_age":604800}', 'NEL': '{"success_fraction":0,"report_to":"cf-nel","max_age":604800}', 'Server': 'cloudflare', 'CF-RAY': '8a60d9fe5f7e3afc-IAD', 'alt-svc': 'h3=":443"; ma=86400'} 
 body={"results":[{"gender":"male","name":{"title":"Monsieur","first":"Antonino","last":"Chevalier"},"location":{"street":{"number":1684,"name":"Rue Dubois"},"city":"Moutier","state":"Zug","country":"Switzerland","postcode":7287,"coordinates":{"latitude":"-57.2678","longitude":"-22.0761"},"timezone":{"offset":"-3:30","description":"Newfoundland"}},"email":"antonino.chevalier@example.com","login":{"uuid":"1252d9ff-3f30-4655-8d5e-1babb671bc7c","username":"greentiger166","password":"stang","salt":"o7mdAuuc","md5":"a505bdff614e116f4b81c26d4c9540c7","sha1":"8ba7c97f1965b8956622688266b278e0b2325f05","sha256":"9224b8ccfd472bc7e2b9fc3bbc9050d45d7b997649af2597a075ded062af9c28"},"dob":{"date":"1985-11-04T14:01:36.060Z","age":38},"registered":{"date":"2015-07-23T17:34:00.877Z","age":8},"phone":"076 417 74 77","cell":"075 245 76 72","id":{"name":"AVS","value":"756.3982.3783.54"},"picture":{"large":"https://randomuser.me/api/portraits/men/71.jpg","medium":"https://randomuser.me/api/portraits/med/men/71.jpg","thumbnail":"https://randomuser.me/api/portraits/thumb/men/71.jpg"},"nat":"CH"}],"info":{"seed":"aef148d47c015409","results":1,"page":1,"version":"1.4"}} 
 </msg>
<msg time="2024-07-20T06:21:31.349047" level="INFO">/opt/hostedtoolcache/Python/3.12.4/x64/lib/python3.12/site-packages/urllib3/connectionpool.py:1099: InsecureRequestWarning: Unverified HTTPS request is being made to host 'randomuser.me'. Adding certificate verification is strongly advised. See: https://urllib3.readthedocs.io/en/latest/advanced-usage.html#tls-warnings
  warnings.warn(</msg>
<msg time="2024-07-20T06:21:31.349158" level="INFO">${response} = &lt;Response [200]&gt;</msg>
<var>${response}</var>
<arg>consultarAPI</arg>
<arg>/api</arg>
<doc>Sends a GET request on a previously created HTTP Session.</doc>
<status status="PASS" start="2024-07-20T06:21:31.253314" elapsed="0.095886"/>
</kw>
<kw name="Set Variable" owner="BuiltIn">
<msg time="2024-07-20T06:21:31.350049" level="INFO">${json_data} = {'results': [{'gender': 'male', 'name': {'title': 'Monsieur', 'first': 'Antonino', 'last': 'Chevalier'}, 'location': {'street': {'number': 1684, 'name': 'Rue Dubois'}, 'city': 'Moutier', 'state': 'Zug...</msg>
<var>${json_data}</var>
<arg>${response.json()}</arg>
<doc>Returns the given values which can then be assigned to a variables.</doc>
<status status="PASS" start="2024-07-20T06:21:31.349624" elapsed="0.000453"/>
</kw>
<kw name="Log" owner="BuiltIn">
<msg time="2024-07-20T06:21:31.350538" level="INFO">{'results': [{'gender': 'male', 'name': {'title': 'Monsieur', 'first': 'Antonino', 'last': 'Chevalier'}, 'location': {'street': {'number': 1684, 'name': 'Rue Dubois'}, 'city': 'Moutier', 'state': 'Zug', 'country': 'Switzerland', 'postcode': 7287, 'coordinates': {'latitude': '-57.2678', 'longitude': '-22.0761'}, 'timezone': {'offset': '-3:30', 'description': 'Newfoundland'}}, 'email': 'antonino.chevalier@example.com', 'login': {'uuid': '1252d9ff-3f30-4655-8d5e-1babb671bc7c', 'username': 'greentiger166', 'password': 'stang', 'salt': 'o7mdAuuc', 'md5': 'a505bdff614e116f4b81c26d4c9540c7', 'sha1': '8ba7c97f1965b8956622688266b278e0b2325f05', 'sha256': '9224b8ccfd472bc7e2b9fc3bbc9050d45d7b997649af2597a075ded062af9c28'}, 'dob': {'date': '1985-11-04T14:01:36.060Z', 'age': 38}, 'registered': {'date': '2015-07-23T17:34:00.877Z', 'age': 8}, 'phone': '076 417 74 77', 'cell': '075 245 76 72', 'id': {'name': 'AVS', 'value': '756.3982.3783.54'}, 'picture': {'large': 'https://randomuser.me/api/portraits/men/71.jpg', 'medium': 'https://randomuser.me/api/portraits/med/men/71.jpg', 'thumbnail': 'https://randomuser.me/api/portraits/thumb/men/71.jpg'}, 'nat': 'CH'}], 'info': {'seed': 'aef148d47c015409', 'results': 1, 'page': 1, 'version': '1.4'}}</msg>
<arg>${json_data}</arg>
<doc>Logs the given message with the given level.</doc>
<status status="PASS" start="2024-07-20T06:21:31.350381" elapsed="0.000208"/>
</kw>
<kw name="Should Be Equal As Numbers" owner="BuiltIn">
<arg>${json_data['results'][0]['location']['postcode']}</arg>
<arg>${json_data['results'][0]['location']['postcode']}</arg>
<doc>Fails if objects are unequal after converting them to real numbers.</doc>
<status status="PASS" start="2024-07-20T06:21:31.350926" elapsed="0.000624"/>
</kw>
<kw name="Log" owner="BuiltIn">
<msg time="2024-07-20T06:21:31.352122" level="INFO">7287</msg>
<arg>${json_data['results'][0]['location']['postcode']}</arg>
<doc>Logs the given message with the given level.</doc>
<status status="PASS" start="2024-07-20T06:21:31.351777" elapsed="0.000385"/>
</kw>
<status status="PASS" start="2024-07-20T06:21:31.253089" elapsed="0.099325"/>
</kw>
<doc>Testa se os tipos de dados na resposta da API estão corretos.</doc>
<tag>testeTiposDados</tag>
<status status="PASS" start="2024-07-20T06:21:31.163201" elapsed="0.189372"/>
</test>
<test id="s1-s1-t5" name="Validar conteudo" line="35">
<kw name="Teste de Tipos de Conteudo" owner="random-user-service">
<kw name="GET On Session" owner="RequestsLibrary">
<msg time="2024-07-20T06:21:31.456581" level="INFO">GET Request : url=https://randomuser.me/api 
 path_url=/api 
 headers={'User-Agent': 'python-requests/2.32.3', 'Accept-Encoding': 'gzip, deflate', 'Accept': '*/*', 'Connection': 'keep-alive'} 
 body=None 
 </msg>
<msg time="2024-07-20T06:21:31.456657" level="INFO">GET Response : url=https://randomuser.me/api 
 status=200, reason=OK 
 headers={'Date': 'Sat, 20 Jul 2024 06:21:31 GMT', 'Content-Type': 'application/json; charset=utf-8', 'Transfer-Encoding': 'chunked', 'Connection': 'keep-alive', 'X-Powered-By': 'Express', 'Access-Control-Allow-Origin': '*', 'Cache-Control': 'no-cache', 'ETag': 'W/"492-Fs5C+8jcjPBne48d5EPCDsL1yKk"', 'Vary': 'Accept-Encoding', 'Content-Encoding': 'gzip', 'CF-Cache-Status': 'DYNAMIC', 'Report-To': '{"endpoints":[{"url":"https:\\/\\/a.nel.cloudflare.com\\/report\\/v4?s=L8pbyJfZMTDN9cPFNTMZ0Wme6qXVBWWoospiTdlWCOPFHH0j9A0X411%2FcVKI%2BffjM5CL41DH%2Fx2DTJku8LIMAWkbAprIIwqJwUYOkO6PIU6zdjNI4Vnz0wSSWaXvdwvU"}],"group":"cf-nel","max_age":604800}', 'NEL': '{"success_fraction":0,"report_to":"cf-nel","max_age":604800}', 'Server': 'cloudflare', 'CF-RAY': '8a60d9fef80c3afc-IAD', 'alt-svc': 'h3=":443"; ma=86400'} 
 body={"results":[{"gender":"male","name":{"title":"Mr","first":"Anthony","last":"Kowalski"},"location":{"street":{"number":721,"name":"Cedar St"},"city":"Dorchester","state":"Saskatchewan","country":"Canada","postcode":"F0J 0K9","coordinates":{"latitude":"-68.2734","longitude":"-144.8538"},"timezone":{"offset":"-7:00","description":"Mountain Time (US &amp; Canada)"}},"email":"anthony.kowalski@example.com","login":{"uuid":"173134de-247b-40f9-bd1c-da7702ee2b04","username":"beautifulrabbit886","password":"sounds","salt":"jsCRb9Jm","md5":"eac58c607e5d153d64d9a13198436e81","sha1":"2aaa72201ce886a0da42b4011cf84173313beb2a","sha256":"8b790a25faffbcf0d576bada1c230f6dbe6d4a0ba08969a81b38c01eaa65c9b1"},"dob":{"date":"1980-07-27T14:38:00.440Z","age":43},"registered":{"date":"2011-05-02T23:10:59.557Z","age":13},"phone":"A19 W17-0263","cell":"E95 R41-7478","id":{"name":"SIN","value":"761452820"},"picture":{"large":"https://randomuser.me/api/portraits/men/47.jpg","medium":"https://randomuser.me/api/portraits/med/men/47.jpg","thumbnail":"https://randomuser.me/api/portraits/thumb/men/47.jpg"},"nat":"CA"}],"info":{"seed":"52f6fe81bfc1af9b","results":1,"page":1,"version":"1.4"}} 
 </msg>
<msg time="2024-07-20T06:21:31.456715" level="INFO">/opt/hostedtoolcache/Python/3.12.4/x64/lib/python3.12/site-packages/urllib3/connectionpool.py:1099: InsecureRequestWarning: Unverified HTTPS request is being made to host 'randomuser.me'. Adding certificate verification is strongly advised. See: https://urllib3.readthedocs.io/en/latest/advanced-usage.html#tls-warnings
  warnings.warn(</msg>
<msg time="2024-07-20T06:21:31.456799" level="INFO">${response} = &lt;Response [200]&gt;</msg>
<var>${response}</var>
<arg>consultarAPI</arg>
<arg>/api</arg>
<doc>Sends a GET request on a previously created HTTP Session.</doc>
<status status="PASS" start="2024-07-20T06:21:31.354989" elapsed="0.101841"/>
</kw>
<kw name="Set Variable" owner="BuiltIn">
<msg time="2024-07-20T06:21:31.457635" level="INFO">${json_data} = {'results': [{'gender': 'male', 'name': {'title': 'Mr', 'first': 'Anthony', 'last': 'Kowalski'}, 'location': {'street': {'number': 721, 'name': 'Cedar St'}, 'city': 'Dorchester', 'state': 'Saskatchewa...</msg>
<var>${json_data}</var>
<arg>${response.json()}</arg>
<doc>Returns the given values which can then be assigned to a variables.</doc>
<status status="PASS" start="2024-07-20T06:21:31.457195" elapsed="0.000469"/>
</kw>
<kw name="Set Variable" owner="BuiltIn">
<msg time="2024-07-20T06:21:31.458347" level="INFO">${name_title} = Mr</msg>
<var>${name_title}</var>
<arg>${json_data["results"][0]["name"]["title"]}</arg>
<doc>Returns the given values which can then be assigned to a variables.</doc>
<status status="PASS" start="2024-07-20T06:21:31.457966" elapsed="0.000407"/>
</kw>
<kw name="Create List" owner="BuiltIn">
<msg time="2024-07-20T06:21:31.458856" level="INFO">${allowed_titles} = ['Mr', 'Ms', 'Miss', 'Mrs', 'Madame', 'Monsieur']</msg>
<var>${allowed_titles}</var>
<arg>Mr</arg>
<arg>Ms</arg>
<arg>Miss</arg>
<arg>Mrs</arg>
<arg>Madame</arg>
<arg>Monsieur</arg>
<doc>Returns a list containing given items.</doc>
<status status="PASS" start="2024-07-20T06:21:31.458703" elapsed="0.000177"/>
</kw>
<kw name="List Should Contain Value" owner="Collections">
<arg>${allowed_titles}</arg>
<arg>${name_title}</arg>
<doc>Fails if the ``value`` is not found from ``list``.</doc>
<status status="PASS" start="2024-07-20T06:21:31.459177" elapsed="0.000182"/>
</kw>
<kw name="Set Variable" owner="BuiltIn">
<msg time="2024-07-20T06:21:31.459908" level="INFO">${name_country} = CA</msg>
<var>${name_country}</var>
<arg>${json_data["results"][0]["nat"]}</arg>
<doc>Returns the given values which can then be assigned to a variables.</doc>
<status status="PASS" start="2024-07-20T06:21:31.459538" elapsed="0.000395"/>
</kw>
<kw name="Create List" owner="BuiltIn">
<msg time="2024-07-20T06:21:31.460813" level="INFO">${list_country} = ['AD', 'AE', 'AF', 'AG', 'AI', 'AL', 'AM', 'AO', 'AQ', 'AR', 'AS', 'AT', 'AU', 'AW', 'AX', 'AZ', 'BA', 'BB', 'BD', 'BE', 'BF', 'BG', 'BH', 'BI', 'BJ', 'BL', 'BM', 'BN', 'BO', 'BQ', 'BR', 'BS', 'BT', '...</msg>
<var>${list_country}</var>
<arg>AD</arg>
<arg>AE</arg>
<arg>AF</arg>
<arg>AG</arg>
<arg>AI</arg>
<arg>AL</arg>
<arg>AM</arg>
<arg>AO</arg>
<arg>AQ</arg>
<arg>AR</arg>
<arg>AS</arg>
<arg>AT</arg>
<arg>AU</arg>
<arg>AW</arg>
<arg>AX</arg>
<arg>AZ</arg>
<arg>BA</arg>
<arg>BB</arg>
<arg>BD</arg>
<arg>BE</arg>
<arg>BF</arg>
<arg>BG</arg>
<arg>BH</arg>
<arg>BI</arg>
<arg>BJ</arg>
<arg>BL</arg>
<arg>BM</arg>
<arg>BN</arg>
<arg>BO</arg>
<arg>BQ</arg>
<arg>BR</arg>
<arg>BS</arg>
<arg>BT</arg>
<arg>BV</arg>
<arg>BW</arg>
<arg>BY</arg>
<arg>BZ</arg>
<arg>CA</arg>
<arg>CC</arg>
<arg>CD</arg>
<arg>CF</arg>
<arg>CG</arg>
<arg>CH</arg>
<arg>CI</arg>
<arg>CK</arg>
<arg>CL</arg>
<arg>CM</arg>
<arg>CN</arg>
<arg>CO</arg>
<arg>CR</arg>
<arg>CU</arg>
<arg>CV</arg>
<arg>CW</arg>
<arg>CX</arg>
<arg>CY</arg>
<arg>CZ</arg>
<arg>DE</arg>
<arg>DJ</arg>
<arg>DK</arg>
<arg>DM</arg>
<arg>DO</arg>
<arg>DZ</arg>
<arg>EC</arg>
<arg>EE</arg>
<arg>EG</arg>
<arg>EH</arg>
<arg>ER</arg>
<arg>ES</arg>
<arg>ET</arg>
<arg>FI</arg>
<arg>FJ</arg>
<arg>FK</arg>
<arg>FM</arg>
<arg>FO</arg>
<arg>FR</arg>
<arg>GA</arg>
<arg>GB</arg>
<arg>GD</arg>
<arg>GE</arg>
<arg>GF</arg>
<arg>GG</arg>
<arg>GH</arg>
<arg>GI</arg>
<arg>GL</arg>
<arg>GM</arg>
<arg>GN</arg>
<arg>GP</arg>
<arg>GQ</arg>
<arg>GR</arg>
<arg>GS</arg>
<arg>GT</arg>
<arg>GU</arg>
<arg>GW</arg>
<arg>GY</arg>
<arg>HK</arg>
<arg>HM</arg>
<arg>HN</arg>
<arg>HR</arg>
<arg>HT</arg>
<arg>HU</arg>
<arg>ID</arg>
<arg>IE</arg>
<arg>IL</arg>
<arg>IM</arg>
<arg>IN</arg>
<arg>IO</arg>
<arg>IQ</arg>
<arg>IR</arg>
<arg>IS</arg>
<arg>IT</arg>
<arg>JE</arg>
<arg>JM</arg>
<arg>JO</arg>
<arg>JP</arg>
<arg>KE</arg>
<arg>KG</arg>
<arg>KH</arg>
<arg>KI</arg>
<arg>KM</arg>
<arg>KN</arg>
<arg>KP</arg>
<arg>KR</arg>
<arg>KW</arg>
<arg>KY</arg>
<arg>KZ</arg>
<arg>LA</arg>
<arg>LB</arg>
<arg>LC</arg>
<arg>LI</arg>
<arg>LK</arg>
<arg>LR</arg>
<arg>LS</arg>
<arg>LT</arg>
<arg>LU</arg>
<arg>LV</arg>
<arg>LY</arg>
<arg>MA</arg>
<arg>MC</arg>
<arg>MD</arg>
<arg>ME</arg>
<arg>MF</arg>
<arg>MG</arg>
<arg>MH</arg>
<arg>MK</arg>
<arg>ML</arg>
<arg>MM</arg>
<arg>MN</arg>
<arg>MO</arg>
<arg>MP</arg>
<arg>MQ</arg>
<arg>MR</arg>
<arg>MS</arg>
<arg>MT</arg>
<arg>MU</arg>
<arg>MV</arg>
<arg>MW</arg>
<arg>MX</arg>
<arg>MY</arg>
<arg>MZ</arg>
<arg>NA</arg>
<arg>NC</arg>
<arg>NE</arg>
<arg>NF</arg>
<arg>NG</arg>
<arg>NI</arg>
<arg>NL</arg>
<arg>NO</arg>
<arg>NP</arg>
<arg>NR</arg>
<arg>NU</arg>
<arg>NZ</arg>
<arg>OM</arg>
<arg>PA</arg>
<arg>PE</arg>
<arg>PF</arg>
<arg>PG</arg>
<arg>PH</arg>
<arg>PK</arg>
<arg>PL</arg>
<arg>PM</arg>
<arg>PN</arg>
<arg>PR</arg>
<arg>PS</arg>
<arg>PT</arg>
<arg>PW</arg>
<arg>PY</arg>
<arg>QA</arg>
<arg>RE</arg>
<arg>RO</arg>
<arg>RS</arg>
<arg>RU</arg>
<arg>RW</arg>
<arg>SA</arg>
<arg>SB</arg>
<arg>SC</arg>
<arg>SD</arg>
<arg>SE</arg>
<arg>SG</arg>
<arg>SH</arg>
<arg>SI</arg>
<arg>SJ</arg>
<arg>SK</arg>
<arg>SL</arg>
<arg>SM</arg>
<arg>SN</arg>
<arg>SO</arg>
<arg>SR</arg>
<arg>SS</arg>
<arg>ST</arg>
<arg>SV</arg>
<arg>SX</arg>
<arg>SY</arg>
<arg>SZ</arg>
<arg>TC</arg>
<arg>TD</arg>
<arg>TF</arg>
<arg>TG</arg>
<arg>TH</arg>
<arg>TJ</arg>
<arg>TK</arg>
<arg>TL</arg>
<arg>TM</arg>
<arg>TN</arg>
<arg>TO</arg>
<arg>TR</arg>
<arg>TT</arg>
<arg>TV</arg>
<arg>TW</arg>
<arg>TZ</arg>
<arg>UA</arg>
<arg>UG</arg>
<arg>UM</arg>
<arg>US</arg>
<arg>UY</arg>
<arg>UZ</arg>
<arg>VA</arg>
<arg>VC</arg>
<arg>VE</arg>
<arg>VG</arg>
<arg>VI</arg>
<arg>VN</arg>
<arg>VU</arg>
<arg>WF</arg>
<arg>WS</arg>
<arg>XK</arg>
<arg>YE</arg>
<arg>YT</arg>
<arg>ZA</arg>
<arg>ZM</arg>
<arg>ZW</arg>
<doc>Returns a list containing given items.</doc>
<status status="PASS" start="2024-07-20T06:21:31.460224" elapsed="0.000614"/>
</kw>
<kw name="List Should Contain Value" owner="Collections">
<arg>${list_country}</arg>
<arg>${name_country}</arg>
<doc>Fails if the ``value`` is not found from ``list``.</doc>
<status status="PASS" start="2024-07-20T06:21:31.461772" elapsed="0.000208"/>
</kw>
<kw name="Run Keyword If" owner="BuiltIn">
<kw name="Should Be True" owner="BuiltIn">
<arg>${True}</arg>
<doc>Fails if the given condition is not true.</doc>
<status status="PASS" start="2024-07-20T06:21:31.462952" elapsed="0.000142"/>
</kw>
<arg>${json_data["results"][0]["location"]["coordinates"]["latitude"]} &gt;= -90 and ${json_data["results"][0]["location"]["coordinates"]["latitude"]} &lt;= 90</arg>
<arg>Should Be True</arg>
<arg>${True}</arg>
<doc>Runs the given keyword with the given arguments, if ``condition`` is true.</doc>
<status status="PASS" start="2024-07-20T06:21:31.462180" elapsed="0.001040"/>
</kw>
<kw name="Run Keyword If" owner="BuiltIn">
<kw name="Should Be True" owner="BuiltIn">
<arg>${True}</arg>
<doc>Fails if the given condition is not true.</doc>
<status status="PASS" start="2024-07-20T06:21:31.464090" elapsed="0.000138"/>
</kw>
<arg>${json_data["results"][0]["location"]["coordinates"]["longitude"]} &gt;= -180 and ${json_data["results"][0]["location"]["coordinates"]["longitude"]} &lt;= 180</arg>
<arg>Should Be True</arg>
<arg>${True}</arg>
<doc>Runs the given keyword with the given arguments, if ``condition`` is true.</doc>
<status status="PASS" start="2024-07-20T06:21:31.463401" elapsed="0.000954"/>
</kw>
<status status="PASS" start="2024-07-20T06:21:31.354767" elapsed="0.109716"/>
</kw>
<doc>Testa o conteúdo específico dos campos retornados pela API.</doc>
<tag>testeConteudo</tag>
<status status="PASS" start="2024-07-20T06:21:31.354311" elapsed="0.110314"/>
</test>
<status status="PASS" start="2024-07-20T06:21:30.484069" elapsed="0.982423"/>
</suite>
<status status="PASS" start="2024-07-20T06:21:30.469611" elapsed="1.001848"/>
</suite>
<statistics>
<total>
<stat pass="5" fail="0" skip="0">All Tests</stat>
</total>
<tag>
<stat pass="1" fail="0" skip="0">testeConteudo</stat>
<stat pass="1" fail="0" skip="0">testeEstruturaResposta</stat>
<stat pass="1" fail="0" skip="0">testeRequisicaoBasica</stat>
<stat pass="1" fail="0" skip="0">testeTiposDados</stat>
</tag>
<suite>
<stat pass="5" fail="0" skip="0" id="s1" name="Tests">Tests</stat>
<stat pass="5" fail="0" skip="0" id="s1-s1" name="Random-User-Test">Tests.Random-User-Test</stat>
</suite>
</statistics>
<errors>
</errors>
</robot>
