<?xml version="1.0" encoding="UTF-8"?>
<robot generator="Robot 7.0.1 (Python 3.12.4 on linux)" generated="2024-07-18T18:21:08.585870" rpa="false" schemaversion="5">
<suite id="s1" name="Tests" source="/home/runner/work/ApiRandomUser/ApiRandomUser/RamdonUser/tests">
<suite id="s1-s1" name="Random-User-Test" source="/home/runner/work/ApiRandomUser/ApiRandomUser/RamdonUser/tests/random-user-test.robot">
<test id="s1-s1-t1" name="Conectar" line="13">
<kw name="Conectar API" owner="random-user-service">
<kw name="Create Session" owner="RequestsLibrary">
<msg time="2024-07-18T18:21:09.014141" level="INFO">Creating Session using : alias=consultarAPI, url=https://randomuser.me/, headers={},                     cookies={}, auth=None, timeout=None, proxies=None, verify=False,                     debug=0 </msg>
<arg>consultarAPI</arg>
<arg>${URL}</arg>
<doc>Create Session: create a HTTP session to a server</doc>
<status status="PASS" start="2024-07-18T18:21:09.013931" elapsed="0.000408"/>
</kw>
<status status="PASS" start="2024-07-18T18:21:09.012816" elapsed="0.001892"/>
</kw>
<status status="PASS" start="2024-07-18T18:21:09.012158" elapsed="0.002746"/>
</test>
<test id="s1-s1-t2" name="Validar retorno 200 e JSON Válido" line="16">
<kw name="Teste de Requisicao Basica" owner="random-user-service">
<kw name="GET On Session" owner="RequestsLibrary">
<msg time="2024-07-18T18:21:09.173147" level="INFO">GET Request : url=https://randomuser.me/api 
 path_url=/api 
 headers={'User-Agent': 'python-requests/2.32.3', 'Accept-Encoding': 'gzip, deflate', 'Accept': '*/*', 'Connection': 'keep-alive'} 
 body=None 
 </msg>
<msg time="2024-07-18T18:21:09.173340" level="INFO">GET Response : url=https://randomuser.me/api 
 status=200, reason=OK 
 headers={'Date': 'Thu, 18 Jul 2024 18:21:09 GMT', 'Content-Type': 'application/json; charset=utf-8', 'Transfer-Encoding': 'chunked', 'Connection': 'keep-alive', 'X-Powered-By': 'Express', 'Access-Control-Allow-Origin': '*', 'Cache-Control': 'no-cache', 'ETag': 'W/"464-pGib95EGZtG48AOv2NHUFpKnTYs"', 'Vary': 'Accept-Encoding', 'Content-Encoding': 'gzip', 'CF-Cache-Status': 'DYNAMIC', 'Report-To': '{"endpoints":[{"url":"https:\\/\\/a.nel.cloudflare.com\\/report\\/v4?s=XYaZoB1guQcPPFMJhzT8yulHr0XFzNXPlpbzSzpVAv9%2FFLjU3uqd7UrbqcduFzA%2B%2B8c%2BSXrr9ygD4%2BZmdSe235o2z2L9Q7qQ%2FvBgD0B2Imwug%2Bb7B0Z57pqkGg8olszi"}],"group":"cf-nel","max_age":604800}', 'NEL': '{"success_fraction":0,"report_to":"cf-nel","max_age":604800}', 'Server': 'cloudflare', 'CF-RAY': '8a547d63a84378e6-LAX', 'alt-svc': 'h3=":443"; ma=86400'} 
 body={"results":[{"gender":"male","name":{"title":"Mr","first":"Mason","last":"Roy"},"location":{"street":{"number":2077,"name":"36th Ave"},"city":"Enterprise","state":"Nunavut","country":"Canada","postcode":"E4B 5J3","coordinates":{"latitude":"-68.4019","longitude":"-53.7246"},"timezone":{"offset":"-10:00","description":"Hawaii"}},"email":"mason.roy@example.com","login":{"uuid":"9c131485-56c4-4639-903e-466b3995cb4f","username":"bluewolf359","password":"282828","salt":"wyWtznLu","md5":"e0d794883143c5534388a0ed3e66c93d","sha1":"352a5287ab4eb3ebcff6e1cf2d865a3d092bb877","sha256":"c8898471eef5c7ca56e9cb7cf1232e7c5f0acfe6ae58c45902341eee3910f6e5"},"dob":{"date":"1966-05-11T20:31:05.292Z","age":58},"registered":{"date":"2010-07-07T00:18:56.815Z","age":14},"phone":"F66 J76-2984","cell":"R81 C11-0353","id":{"name":"SIN","value":"431133057"},"picture":{"large":"https://randomuser.me/api/portraits/men/74.jpg","medium":"https://randomuser.me/api/portraits/med/men/74.jpg","thumbnail":"https://randomuser.me/api/portraits/thumb/men/74.jpg"},"nat":"CA"}],"info":{"seed":"583d183494212663","results":1,"page":1,"version":"1.4"}} 
 </msg>
<msg time="2024-07-18T18:21:09.173426" level="INFO">/opt/hostedtoolcache/Python/3.12.4/x64/lib/python3.12/site-packages/urllib3/connectionpool.py:1099: InsecureRequestWarning: Unverified HTTPS request is being made to host 'randomuser.me'. Adding certificate verification is strongly advised. See: https://urllib3.readthedocs.io/en/latest/advanced-usage.html#tls-warnings
  warnings.warn(</msg>
<msg time="2024-07-18T18:21:09.173576" level="INFO">${response} = &lt;Response [200]&gt;</msg>
<var>${response}</var>
<arg>consultarAPI</arg>
<arg>/api</arg>
<doc>Sends a GET request on a previously created HTTP Session.</doc>
<status status="PASS" start="2024-07-18T18:21:09.017630" elapsed="0.155989"/>
</kw>
<kw name="Should Be Equal As Numbers" owner="BuiltIn">
<msg time="2024-07-18T18:21:09.174774" level="INFO">Argument types are:
&lt;class 'int'&gt;
&lt;class 'str'&gt;</msg>
<arg>${response.status_code}</arg>
<arg>200</arg>
<doc>Fails if objects are unequal after converting them to real numbers.</doc>
<status status="PASS" start="2024-07-18T18:21:09.174269" elapsed="0.000571"/>
</kw>
<kw name="Log" owner="BuiltIn">
<msg time="2024-07-18T18:21:09.175518" level="INFO">200</msg>
<arg>${response.status_code}</arg>
<doc>Logs the given message with the given level.</doc>
<status status="PASS" start="2024-07-18T18:21:09.175164" elapsed="0.000397"/>
</kw>
<kw name="Set Variable" owner="BuiltIn">
<msg time="2024-07-18T18:21:09.176296" level="INFO">${json_data} = {'results': [{'gender': 'male', 'name': {'title': 'Mr', 'first': 'Mason', 'last': 'Roy'}, 'location': {'street': {'number': 2077, 'name': '36th Ave'}, 'city': 'Enterprise', 'state': 'Nunavut', 'countr...</msg>
<var>${json_data}</var>
<arg>${response.json()}</arg>
<doc>Returns the given values which can then be assigned to a variables.</doc>
<status status="PASS" start="2024-07-18T18:21:09.175868" elapsed="0.000457"/>
</kw>
<kw name="Dictionary Should Contain Key" owner="Collections">
<arg>${json_data}</arg>
<arg>results</arg>
<doc>Fails if ``key`` is not found from ``dictionary``.</doc>
<status status="PASS" start="2024-07-18T18:21:09.176697" elapsed="0.000344"/>
</kw>
<status status="PASS" start="2024-07-18T18:21:09.017377" elapsed="0.159820"/>
</kw>
<doc>Testa se a API responde corretamente e retorna um objeto JSON válido.</doc>
<tag>testeRequisicaoBasica</tag>
<status status="PASS" start="2024-07-18T18:21:09.016791" elapsed="0.160620"/>
</test>
<test id="s1-s1-t3" name="Validar estrutura de resposta" line="22">
<kw name="Teste de Estrutura de Resposta" owner="random-user-service">
<kw name="GET On Session" owner="RequestsLibrary">
<msg time="2024-07-18T18:21:09.318213" level="INFO">GET Request : url=https://randomuser.me/api 
 path_url=/api 
 headers={'User-Agent': 'python-requests/2.32.3', 'Accept-Encoding': 'gzip, deflate', 'Accept': '*/*', 'Connection': 'keep-alive'} 
 body=None 
 </msg>
<msg time="2024-07-18T18:21:09.318322" level="INFO">GET Response : url=https://randomuser.me/api 
 status=200, reason=OK 
 headers={'Date': 'Thu, 18 Jul 2024 18:21:09 GMT', 'Content-Type': 'application/json; charset=utf-8', 'Transfer-Encoding': 'chunked', 'Connection': 'keep-alive', 'X-Powered-By': 'Express', 'Access-Control-Allow-Origin': '*', 'Cache-Control': 'no-cache', 'ETag': 'W/"48c-nYagAW87WEQ6KjohaYrZtpawZXM"', 'Vary': 'Accept-Encoding', 'Content-Encoding': 'gzip', 'CF-Cache-Status': 'DYNAMIC', 'Report-To': '{"endpoints":[{"url":"https:\\/\\/a.nel.cloudflare.com\\/report\\/v4?s=WbesdZEtqH8NXuCo2fGVhDcFP9i8H6S%2Frym9bwgLHVSGTSaiC2oBkgcQ4JGOLHI5l%2FKE3SldXLsPnVuXNTAiwIWLyMwo%2F%2BNdkczwePy9DYVdxRWfAIWk6T73On6xP6gr"}],"group":"cf-nel","max_age":604800}', 'NEL': '{"success_fraction":0,"report_to":"cf-nel","max_age":604800}', 'Server': 'cloudflare', 'CF-RAY': '8a547d64692578e6-LAX', 'alt-svc': 'h3=":443"; ma=86400'} 
 body={"results":[{"gender":"female","name":{"title":"Ms","first":"Pinja","last":"Marttila"},"location":{"street":{"number":9214,"name":"Rotuaari"},"city":"Tervo","state":"Northern Ostrobothnia","country":"Finland","postcode":50623,"coordinates":{"latitude":"-21.7136","longitude":"20.7853"},"timezone":{"offset":"+7:00","description":"Bangkok, Hanoi, Jakarta"}},"email":"pinja.marttila@example.com","login":{"uuid":"c9bdebd6-7c69-48b3-938b-4e2e0a5a4677","username":"redfrog899","password":"kick","salt":"WzLFTnem","md5":"bc7ffcc0d5efd18a79fa1c97798cfe79","sha1":"93c5ca7b238ed23f630e4fa87caa26390a98ae20","sha256":"47c498601bf9098ca80580f6de78075e0a89f82b37573eec2ceddd3314d68536"},"dob":{"date":"1953-10-24T20:00:57.703Z","age":70},"registered":{"date":"2021-01-24T02:36:23.988Z","age":3},"phone":"07-362-444","cell":"047-487-28-10","id":{"name":"HETU","value":"NaNNA330undefined"},"picture":{"large":"https://randomuser.me/api/portraits/women/3.jpg","medium":"https://randomuser.me/api/portraits/med/women/3.jpg","thumbnail":"https://randomuser.me/api/portraits/thumb/women/3.jpg"},"nat":"FI"}],"info":{"seed":"1f37217013ade060","results":1,"page":1,"version":"1.4"}} 
 </msg>
<msg time="2024-07-18T18:21:09.318464" level="INFO">/opt/hostedtoolcache/Python/3.12.4/x64/lib/python3.12/site-packages/urllib3/connectionpool.py:1099: InsecureRequestWarning: Unverified HTTPS request is being made to host 'randomuser.me'. Adding certificate verification is strongly advised. See: https://urllib3.readthedocs.io/en/latest/advanced-usage.html#tls-warnings
  warnings.warn(</msg>
<msg time="2024-07-18T18:21:09.318630" level="INFO">${response} = &lt;Response [200]&gt;</msg>
<var>${response}</var>
<arg>consultarAPI</arg>
<arg>/api</arg>
<doc>Sends a GET request on a previously created HTTP Session.</doc>
<status status="PASS" start="2024-07-18T18:21:09.180119" elapsed="0.138557"/>
</kw>
<kw name="Set Variable" owner="BuiltIn">
<msg time="2024-07-18T18:21:09.319929" level="INFO">${json_data} = {'results': [{'gender': 'female', 'name': {'title': 'Ms', 'first': 'Pinja', 'last': 'Marttila'}, 'location': {'street': {'number': 9214, 'name': 'Rotuaari'}, 'city': 'Tervo', 'state': 'Northern Ostrob...</msg>
<var>${json_data}</var>
<arg>${response.json()}</arg>
<doc>Returns the given values which can then be assigned to a variables.</doc>
<status status="PASS" start="2024-07-18T18:21:09.319335" elapsed="0.000625"/>
</kw>
<kw name="Log" owner="BuiltIn">
<msg time="2024-07-18T18:21:09.320463" level="INFO">{'results': [{'gender': 'female', 'name': {'title': 'Ms', 'first': 'Pinja', 'last': 'Marttila'}, 'location': {'street': {'number': 9214, 'name': 'Rotuaari'}, 'city': 'Tervo', 'state': 'Northern Ostrobothnia', 'country': 'Finland', 'postcode': 50623, 'coordinates': {'latitude': '-21.7136', 'longitude': '20.7853'}, 'timezone': {'offset': '+7:00', 'description': 'Bangkok, Hanoi, Jakarta'}}, 'email': 'pinja.marttila@example.com', 'login': {'uuid': 'c9bdebd6-7c69-48b3-938b-4e2e0a5a4677', 'username': 'redfrog899', 'password': 'kick', 'salt': 'WzLFTnem', 'md5': 'bc7ffcc0d5efd18a79fa1c97798cfe79', 'sha1': '93c5ca7b238ed23f630e4fa87caa26390a98ae20', 'sha256': '47c498601bf9098ca80580f6de78075e0a89f82b37573eec2ceddd3314d68536'}, 'dob': {'date': '1953-10-24T20:00:57.703Z', 'age': 70}, 'registered': {'date': '2021-01-24T02:36:23.988Z', 'age': 3}, 'phone': '07-362-444', 'cell': '047-487-28-10', 'id': {'name': 'HETU', 'value': 'NaNNA330undefined'}, 'picture': {'large': 'https://randomuser.me/api/portraits/women/3.jpg', 'medium': 'https://randomuser.me/api/portraits/med/women/3.jpg', 'thumbnail': 'https://randomuser.me/api/portraits/thumb/women/3.jpg'}, 'nat': 'FI'}], 'info': {'seed': '1f37217013ade060', 'results': 1, 'page': 1, 'version': '1.4'}}</msg>
<arg>${json_data}</arg>
<doc>Logs the given message with the given level.</doc>
<status status="PASS" start="2024-07-18T18:21:09.320290" elapsed="0.000224"/>
</kw>
<kw name="Dictionary Should Contain Key" owner="Collections">
<arg>${json_data}</arg>
<arg>results</arg>
<doc>Fails if ``key`` is not found from ``dictionary``.</doc>
<status status="PASS" start="2024-07-18T18:21:09.320817" elapsed="0.000168"/>
</kw>
<kw name="Should Not Be Empty" owner="BuiltIn">
<msg time="2024-07-18T18:21:09.321350" level="INFO">Length is 2.</msg>
<arg>${json_data}</arg>
<doc>Verifies that the given item is not empty.</doc>
<status status="PASS" start="2024-07-18T18:21:09.321179" elapsed="0.000213"/>
</kw>
<kw name="Create List" owner="BuiltIn">
<msg time="2024-07-18T18:21:09.321853" level="INFO">${expected_keys} = ['gender', 'name', 'location', 'email', 'login']</msg>
<var>${expected_keys}</var>
<arg>gender</arg>
<arg>name</arg>
<arg>location</arg>
<arg>email</arg>
<arg>login</arg>
<doc>Returns a list containing given items.</doc>
<status status="PASS" start="2024-07-18T18:21:09.321697" elapsed="0.000181"/>
</kw>
<for flavor="IN">
<iter>
<kw name="Dictionary Should Contain Key" owner="Collections">
<arg>${json_data['results'][0]}</arg>
<arg>${key}</arg>
<doc>Fails if ``key`` is not found from ``dictionary``.</doc>
<status status="PASS" start="2024-07-18T18:21:09.322502" elapsed="0.000432"/>
</kw>
<kw name="Log" owner="BuiltIn">
<msg time="2024-07-18T18:21:09.323499" level="INFO">{'gender': 'female', 'name': {'title': 'Ms', 'first': 'Pinja', 'last': 'Marttila'}, 'location': {'street': {'number': 9214, 'name': 'Rotuaari'}, 'city': 'Tervo', 'state': 'Northern Ostrobothnia', 'country': 'Finland', 'postcode': 50623, 'coordinates': {'latitude': '-21.7136', 'longitude': '20.7853'}, 'timezone': {'offset': '+7:00', 'description': 'Bangkok, Hanoi, Jakarta'}}, 'email': 'pinja.marttila@example.com', 'login': {'uuid': 'c9bdebd6-7c69-48b3-938b-4e2e0a5a4677', 'username': 'redfrog899', 'password': 'kick', 'salt': 'WzLFTnem', 'md5': 'bc7ffcc0d5efd18a79fa1c97798cfe79', 'sha1': '93c5ca7b238ed23f630e4fa87caa26390a98ae20', 'sha256': '47c498601bf9098ca80580f6de78075e0a89f82b37573eec2ceddd3314d68536'}, 'dob': {'date': '1953-10-24T20:00:57.703Z', 'age': 70}, 'registered': {'date': '2021-01-24T02:36:23.988Z', 'age': 3}, 'phone': '07-362-444', 'cell': '047-487-28-10', 'id': {'name': 'HETU', 'value': 'NaNNA330undefined'}, 'picture': {'large': 'https://randomuser.me/api/portraits/women/3.jpg', 'medium': 'https://randomuser.me/api/portraits/med/women/3.jpg', 'thumbnail': 'https://randomuser.me/api/portraits/thumb/women/3.jpg'}, 'nat': 'FI'}</msg>
<arg>${json_data['results'][0]}</arg>
<doc>Logs the given message with the given level.</doc>
<status status="PASS" start="2024-07-18T18:21:09.323124" elapsed="0.000427"/>
</kw>
<kw name="Log" owner="BuiltIn">
<msg time="2024-07-18T18:21:09.324003" level="INFO">gender</msg>
<arg>${key}</arg>
<doc>Logs the given message with the given level.</doc>
<status status="PASS" start="2024-07-18T18:21:09.323868" elapsed="0.000174"/>
</kw>
<var name="${key}">gender</var>
<status status="PASS" start="2024-07-18T18:21:09.322360" elapsed="0.001910"/>
</iter>
<iter>
<kw name="Dictionary Should Contain Key" owner="Collections">
<arg>${json_data['results'][0]}</arg>
<arg>${key}</arg>
<doc>Fails if ``key`` is not found from ``dictionary``.</doc>
<status status="PASS" start="2024-07-18T18:21:09.324579" elapsed="0.000414"/>
</kw>
<kw name="Log" owner="BuiltIn">
<msg time="2024-07-18T18:21:09.325606" level="INFO">{'gender': 'female', 'name': {'title': 'Ms', 'first': 'Pinja', 'last': 'Marttila'}, 'location': {'street': {'number': 9214, 'name': 'Rotuaari'}, 'city': 'Tervo', 'state': 'Northern Ostrobothnia', 'country': 'Finland', 'postcode': 50623, 'coordinates': {'latitude': '-21.7136', 'longitude': '20.7853'}, 'timezone': {'offset': '+7:00', 'description': 'Bangkok, Hanoi, Jakarta'}}, 'email': 'pinja.marttila@example.com', 'login': {'uuid': 'c9bdebd6-7c69-48b3-938b-4e2e0a5a4677', 'username': 'redfrog899', 'password': 'kick', 'salt': 'WzLFTnem', 'md5': 'bc7ffcc0d5efd18a79fa1c97798cfe79', 'sha1': '93c5ca7b238ed23f630e4fa87caa26390a98ae20', 'sha256': '47c498601bf9098ca80580f6de78075e0a89f82b37573eec2ceddd3314d68536'}, 'dob': {'date': '1953-10-24T20:00:57.703Z', 'age': 70}, 'registered': {'date': '2021-01-24T02:36:23.988Z', 'age': 3}, 'phone': '07-362-444', 'cell': '047-487-28-10', 'id': {'name': 'HETU', 'value': 'NaNNA330undefined'}, 'picture': {'large': 'https://randomuser.me/api/portraits/women/3.jpg', 'medium': 'https://randomuser.me/api/portraits/med/women/3.jpg', 'thumbnail': 'https://randomuser.me/api/portraits/thumb/women/3.jpg'}, 'nat': 'FI'}</msg>
<arg>${json_data['results'][0]}</arg>
<doc>Logs the given message with the given level.</doc>
<status status="PASS" start="2024-07-18T18:21:09.325192" elapsed="0.000515"/>
</kw>
<kw name="Log" owner="BuiltIn">
<msg time="2024-07-18T18:21:09.326157" level="INFO">name</msg>
<arg>${key}</arg>
<doc>Logs the given message with the given level.</doc>
<status status="PASS" start="2024-07-18T18:21:09.326025" elapsed="0.000171"/>
</kw>
<var name="${key}">name</var>
<status status="PASS" start="2024-07-18T18:21:09.324463" elapsed="0.001974"/>
</iter>
<iter>
<kw name="Dictionary Should Contain Key" owner="Collections">
<arg>${json_data['results'][0]}</arg>
<arg>${key}</arg>
<doc>Fails if ``key`` is not found from ``dictionary``.</doc>
<status status="PASS" start="2024-07-18T18:21:09.326751" elapsed="0.000398"/>
</kw>
<kw name="Log" owner="BuiltIn">
<msg time="2024-07-18T18:21:09.327702" level="INFO">{'gender': 'female', 'name': {'title': 'Ms', 'first': 'Pinja', 'last': 'Marttila'}, 'location': {'street': {'number': 9214, 'name': 'Rotuaari'}, 'city': 'Tervo', 'state': 'Northern Ostrobothnia', 'country': 'Finland', 'postcode': 50623, 'coordinates': {'latitude': '-21.7136', 'longitude': '20.7853'}, 'timezone': {'offset': '+7:00', 'description': 'Bangkok, Hanoi, Jakarta'}}, 'email': 'pinja.marttila@example.com', 'login': {'uuid': 'c9bdebd6-7c69-48b3-938b-4e2e0a5a4677', 'username': 'redfrog899', 'password': 'kick', 'salt': 'WzLFTnem', 'md5': 'bc7ffcc0d5efd18a79fa1c97798cfe79', 'sha1': '93c5ca7b238ed23f630e4fa87caa26390a98ae20', 'sha256': '47c498601bf9098ca80580f6de78075e0a89f82b37573eec2ceddd3314d68536'}, 'dob': {'date': '1953-10-24T20:00:57.703Z', 'age': 70}, 'registered': {'date': '2021-01-24T02:36:23.988Z', 'age': 3}, 'phone': '07-362-444', 'cell': '047-487-28-10', 'id': {'name': 'HETU', 'value': 'NaNNA330undefined'}, 'picture': {'large': 'https://randomuser.me/api/portraits/women/3.jpg', 'medium': 'https://randomuser.me/api/portraits/med/women/3.jpg', 'thumbnail': 'https://randomuser.me/api/portraits/thumb/women/3.jpg'}, 'nat': 'FI'}</msg>
<arg>${json_data['results'][0]}</arg>
<doc>Logs the given message with the given level.</doc>
<status status="PASS" start="2024-07-18T18:21:09.327345" elapsed="0.000407"/>
</kw>
<kw name="Log" owner="BuiltIn">
<msg time="2024-07-18T18:21:09.328202" level="INFO">location</msg>
<arg>${key}</arg>
<doc>Logs the given message with the given level.</doc>
<status status="PASS" start="2024-07-18T18:21:09.328063" elapsed="0.000178"/>
</kw>
<var name="${key}">location</var>
<status status="PASS" start="2024-07-18T18:21:09.326628" elapsed="0.001832"/>
</iter>
<iter>
<kw name="Dictionary Should Contain Key" owner="Collections">
<arg>${json_data['results'][0]}</arg>
<arg>${key}</arg>
<doc>Fails if ``key`` is not found from ``dictionary``.</doc>
<status status="PASS" start="2024-07-18T18:21:09.328759" elapsed="0.000381"/>
</kw>
<kw name="Log" owner="BuiltIn">
<msg time="2024-07-18T18:21:09.329895" level="INFO">{'gender': 'female', 'name': {'title': 'Ms', 'first': 'Pinja', 'last': 'Marttila'}, 'location': {'street': {'number': 9214, 'name': 'Rotuaari'}, 'city': 'Tervo', 'state': 'Northern Ostrobothnia', 'country': 'Finland', 'postcode': 50623, 'coordinates': {'latitude': '-21.7136', 'longitude': '20.7853'}, 'timezone': {'offset': '+7:00', 'description': 'Bangkok, Hanoi, Jakarta'}}, 'email': 'pinja.marttila@example.com', 'login': {'uuid': 'c9bdebd6-7c69-48b3-938b-4e2e0a5a4677', 'username': 'redfrog899', 'password': 'kick', 'salt': 'WzLFTnem', 'md5': 'bc7ffcc0d5efd18a79fa1c97798cfe79', 'sha1': '93c5ca7b238ed23f630e4fa87caa26390a98ae20', 'sha256': '47c498601bf9098ca80580f6de78075e0a89f82b37573eec2ceddd3314d68536'}, 'dob': {'date': '1953-10-24T20:00:57.703Z', 'age': 70}, 'registered': {'date': '2021-01-24T02:36:23.988Z', 'age': 3}, 'phone': '07-362-444', 'cell': '047-487-28-10', 'id': {'name': 'HETU', 'value': 'NaNNA330undefined'}, 'picture': {'large': 'https://randomuser.me/api/portraits/women/3.jpg', 'medium': 'https://randomuser.me/api/portraits/med/women/3.jpg', 'thumbnail': 'https://randomuser.me/api/portraits/thumb/women/3.jpg'}, 'nat': 'FI'}</msg>
<arg>${json_data['results'][0]}</arg>
<doc>Logs the given message with the given level.</doc>
<status status="PASS" start="2024-07-18T18:21:09.329532" elapsed="0.000414"/>
</kw>
<kw name="Log" owner="BuiltIn">
<msg time="2024-07-18T18:21:09.330386" level="INFO">email</msg>
<arg>${key}</arg>
<doc>Logs the given message with the given level.</doc>
<status status="PASS" start="2024-07-18T18:21:09.330256" elapsed="0.000170"/>
</kw>
<var name="${key}">email</var>
<status status="PASS" start="2024-07-18T18:21:09.328649" elapsed="0.001999"/>
</iter>
<iter>
<kw name="Dictionary Should Contain Key" owner="Collections">
<arg>${json_data['results'][0]}</arg>
<arg>${key}</arg>
<doc>Fails if ``key`` is not found from ``dictionary``.</doc>
<status status="PASS" start="2024-07-18T18:21:09.330938" elapsed="0.000381"/>
</kw>
<kw name="Log" owner="BuiltIn">
<msg time="2024-07-18T18:21:09.331857" level="INFO">{'gender': 'female', 'name': {'title': 'Ms', 'first': 'Pinja', 'last': 'Marttila'}, 'location': {'street': {'number': 9214, 'name': 'Rotuaari'}, 'city': 'Tervo', 'state': 'Northern Ostrobothnia', 'country': 'Finland', 'postcode': 50623, 'coordinates': {'latitude': '-21.7136', 'longitude': '20.7853'}, 'timezone': {'offset': '+7:00', 'description': 'Bangkok, Hanoi, Jakarta'}}, 'email': 'pinja.marttila@example.com', 'login': {'uuid': 'c9bdebd6-7c69-48b3-938b-4e2e0a5a4677', 'username': 'redfrog899', 'password': 'kick', 'salt': 'WzLFTnem', 'md5': 'bc7ffcc0d5efd18a79fa1c97798cfe79', 'sha1': '93c5ca7b238ed23f630e4fa87caa26390a98ae20', 'sha256': '47c498601bf9098ca80580f6de78075e0a89f82b37573eec2ceddd3314d68536'}, 'dob': {'date': '1953-10-24T20:00:57.703Z', 'age': 70}, 'registered': {'date': '2021-01-24T02:36:23.988Z', 'age': 3}, 'phone': '07-362-444', 'cell': '047-487-28-10', 'id': {'name': 'HETU', 'value': 'NaNNA330undefined'}, 'picture': {'large': 'https://randomuser.me/api/portraits/women/3.jpg', 'medium': 'https://randomuser.me/api/portraits/med/women/3.jpg', 'thumbnail': 'https://randomuser.me/api/portraits/thumb/women/3.jpg'}, 'nat': 'FI'}</msg>
<arg>${json_data['results'][0]}</arg>
<doc>Logs the given message with the given level.</doc>
<status status="PASS" start="2024-07-18T18:21:09.331505" elapsed="0.000402"/>
</kw>
<kw name="Log" owner="BuiltIn">
<msg time="2024-07-18T18:21:09.332331" level="INFO">login</msg>
<arg>${key}</arg>
<doc>Logs the given message with the given level.</doc>
<status status="PASS" start="2024-07-18T18:21:09.332203" elapsed="0.000166"/>
</kw>
<var name="${key}">login</var>
<status status="PASS" start="2024-07-18T18:21:09.330826" elapsed="0.001779"/>
</iter>
<var>${key}</var>
<value>@{expected_keys}</value>
<status status="PASS" start="2024-07-18T18:21:09.322156" elapsed="0.010576"/>
</for>
<kw name="Create List" owner="BuiltIn">
<msg time="2024-07-18T18:21:09.333101" level="INFO">${expected_keysTwo} = ['username', 'password']</msg>
<var>${expected_keysTwo}</var>
<arg>username</arg>
<arg>password</arg>
<doc>Returns a list containing given items.</doc>
<status status="PASS" start="2024-07-18T18:21:09.332946" elapsed="0.000215"/>
</kw>
<for flavor="IN">
<iter>
<kw name="Dictionary Should Contain Key" owner="Collections">
<arg>${json_data['results'][0]['login']}</arg>
<arg>${keyTwo}</arg>
<doc>Fails if ``key`` is not found from ``dictionary``.</doc>
<status status="PASS" start="2024-07-18T18:21:09.333752" elapsed="0.000395"/>
</kw>
<kw name="Dictionary Should Contain Key" owner="Collections">
<arg>${json_data['results'][0]['login']}</arg>
<arg>${keyTwo}</arg>
<doc>Fails if ``key`` is not found from ``dictionary``.</doc>
<status status="PASS" start="2024-07-18T18:21:09.334332" elapsed="0.000376"/>
</kw>
<kw name="Log" owner="BuiltIn">
<msg time="2024-07-18T18:21:09.335016" level="INFO">username</msg>
<arg>${keyTwo}</arg>
<doc>Logs the given message with the given level.</doc>
<status status="PASS" start="2024-07-18T18:21:09.334889" elapsed="0.000169"/>
</kw>
<var name="${keyTwo}">username</var>
<status status="PASS" start="2024-07-18T18:21:09.333639" elapsed="0.001652"/>
</iter>
<iter>
<kw name="Dictionary Should Contain Key" owner="Collections">
<arg>${json_data['results'][0]['login']}</arg>
<arg>${keyTwo}</arg>
<doc>Fails if ``key`` is not found from ``dictionary``.</doc>
<status status="PASS" start="2024-07-18T18:21:09.335583" elapsed="0.000391"/>
</kw>
<kw name="Dictionary Should Contain Key" owner="Collections">
<arg>${json_data['results'][0]['login']}</arg>
<arg>${keyTwo}</arg>
<doc>Fails if ``key`` is not found from ``dictionary``.</doc>
<status status="PASS" start="2024-07-18T18:21:09.336158" elapsed="0.000401"/>
</kw>
<kw name="Log" owner="BuiltIn">
<msg time="2024-07-18T18:21:09.336890" level="INFO">password</msg>
<arg>${keyTwo}</arg>
<doc>Logs the given message with the given level.</doc>
<status status="PASS" start="2024-07-18T18:21:09.336743" elapsed="0.000189"/>
</kw>
<var name="${keyTwo}">password</var>
<status status="PASS" start="2024-07-18T18:21:09.335466" elapsed="0.001705"/>
</iter>
<var>${keyTwo}</var>
<value>@{expected_keysTwo}</value>
<status status="PASS" start="2024-07-18T18:21:09.333464" elapsed="0.003891"/>
</for>
<status status="PASS" start="2024-07-18T18:21:09.179880" elapsed="0.157639"/>
</kw>
<doc>Testa a estrutura da resposta da API.</doc>
<tag>testeEstruturaResposta</tag>
<status status="PASS" start="2024-07-18T18:21:09.179281" elapsed="0.158402"/>
</test>
<test id="s1-s1-t4" name="Validar tipos de dados" line="28">
<kw name="Teste de Tipos de Dados" owner="random-user-service">
<kw name="GET On Session" owner="RequestsLibrary">
<msg time="2024-07-18T18:21:09.454237" level="INFO">GET Request : url=https://randomuser.me/api 
 path_url=/api 
 headers={'User-Agent': 'python-requests/2.32.3', 'Accept-Encoding': 'gzip, deflate', 'Accept': '*/*', 'Connection': 'keep-alive'} 
 body=None 
 </msg>
<msg time="2024-07-18T18:21:09.454344" level="INFO">GET Response : url=https://randomuser.me/api 
 status=200, reason=OK 
 headers={'Date': 'Thu, 18 Jul 2024 18:21:09 GMT', 'Content-Type': 'application/json; charset=utf-8', 'Transfer-Encoding': 'chunked', 'Connection': 'keep-alive', 'X-Powered-By': 'Express', 'Access-Control-Allow-Origin': '*', 'Cache-Control': 'no-cache', 'ETag': 'W/"48a-CSrsftp7HTyBxnmP/d+aRe8hciw"', 'Vary': 'Accept-Encoding', 'Content-Encoding': 'gzip', 'CF-Cache-Status': 'DYNAMIC', 'Report-To': '{"endpoints":[{"url":"https:\\/\\/a.nel.cloudflare.com\\/report\\/v4?s=R6nWT%2Fodrh0tWzy3qDHrlmHnyoYRnGb%2B4Od1JScZaYoUU7UNYse0wLVCChz86mEnwTaQ91v%2FS9WS%2FyJilzegV6yl6POuLiRHSSjU5JY0pmw5oWnViQvlxIhqcy1U%2BCjD"}],"group":"cf-nel","max_age":604800}', 'NEL': '{"success_fraction":0,"report_to":"cf-nel","max_age":604800}', 'Server': 'cloudflare', 'CF-RAY': '8a547d656a5c78e6-LAX', 'alt-svc': 'h3=":443"; ma=86400'} 
 body={"results":[{"gender":"male","name":{"title":"Mr","first":"Magnus","last":"Nielsen"},"location":{"street":{"number":3645,"name":"Østermarksvej"},"city":"Esbjerg V","state":"Nordjylland","country":"Denmark","postcode":46645,"coordinates":{"latitude":"-41.7956","longitude":"-12.9647"},"timezone":{"offset":"-6:00","description":"Central Time (US &amp; Canada), Mexico City"}},"email":"magnus.nielsen@example.com","login":{"uuid":"8935f296-709b-451a-9d16-e0d0b9a94670","username":"bigkoala927","password":"squash","salt":"DbKQtfQY","md5":"ca40d4c8b1f179e8e7868be42eb0f835","sha1":"376b53a86fa8917c559c2e490dcda77362d8e507","sha256":"9ef60d66c830d8bb9262292d0023daf9147733a49648e98b2b0f39325f8a0ec1"},"dob":{"date":"1945-11-21T14:42:23.207Z","age":78},"registered":{"date":"2019-08-14T03:48:47.738Z","age":4},"phone":"75652340","cell":"62905404","id":{"name":"CPR","value":"211145-0073"},"picture":{"large":"https://randomuser.me/api/portraits/men/1.jpg","medium":"https://randomuser.me/api/portraits/med/men/1.jpg","thumbnail":"https://randomuser.me/api/portraits/thumb/men/1.jpg"},"nat":"DK"}],"info":{"seed":"3c99577d1ba1a689","results":1,"page":1,"version":"1.4"}} 
 </msg>
<msg time="2024-07-18T18:21:09.454420" level="INFO">/opt/hostedtoolcache/Python/3.12.4/x64/lib/python3.12/site-packages/urllib3/connectionpool.py:1099: InsecureRequestWarning: Unverified HTTPS request is being made to host 'randomuser.me'. Adding certificate verification is strongly advised. See: https://urllib3.readthedocs.io/en/latest/advanced-usage.html#tls-warnings
  warnings.warn(</msg>
<msg time="2024-07-18T18:21:09.454547" level="INFO">${response} = &lt;Response [200]&gt;</msg>
<var>${response}</var>
<arg>consultarAPI</arg>
<arg>/api</arg>
<doc>Sends a GET request on a previously created HTTP Session.</doc>
<status status="PASS" start="2024-07-18T18:21:09.340420" elapsed="0.114169"/>
</kw>
<kw name="Set Variable" owner="BuiltIn">
<msg time="2024-07-18T18:21:09.455884" level="INFO">${json_data} = {'results': [{'gender': 'male', 'name': {'title': 'Mr', 'first': 'Magnus', 'last': 'Nielsen'}, 'location': {'street': {'number': 3645, 'name': 'Østermarksvej'}, 'city': 'Esbjerg V', 'state': 'Nordjyll...</msg>
<var>${json_data}</var>
<arg>${response.json()}</arg>
<doc>Returns the given values which can then be assigned to a variables.</doc>
<status status="PASS" start="2024-07-18T18:21:09.455269" elapsed="0.000646"/>
</kw>
<kw name="Log" owner="BuiltIn">
<msg time="2024-07-18T18:21:09.456399" level="INFO">{'results': [{'gender': 'male', 'name': {'title': 'Mr', 'first': 'Magnus', 'last': 'Nielsen'}, 'location': {'street': {'number': 3645, 'name': 'Østermarksvej'}, 'city': 'Esbjerg V', 'state': 'Nordjylland', 'country': 'Denmark', 'postcode': 46645, 'coordinates': {'latitude': '-41.7956', 'longitude': '-12.9647'}, 'timezone': {'offset': '-6:00', 'description': 'Central Time (US &amp; Canada), Mexico City'}}, 'email': 'magnus.nielsen@example.com', 'login': {'uuid': '8935f296-709b-451a-9d16-e0d0b9a94670', 'username': 'bigkoala927', 'password': 'squash', 'salt': 'DbKQtfQY', 'md5': 'ca40d4c8b1f179e8e7868be42eb0f835', 'sha1': '376b53a86fa8917c559c2e490dcda77362d8e507', 'sha256': '9ef60d66c830d8bb9262292d0023daf9147733a49648e98b2b0f39325f8a0ec1'}, 'dob': {'date': '1945-11-21T14:42:23.207Z', 'age': 78}, 'registered': {'date': '2019-08-14T03:48:47.738Z', 'age': 4}, 'phone': '75652340', 'cell': '62905404', 'id': {'name': 'CPR', 'value': '211145-0073'}, 'picture': {'large': 'https://randomuser.me/api/portraits/men/1.jpg', 'medium': 'https://randomuser.me/api/portraits/med/men/1.jpg', 'thumbnail': 'https://randomuser.me/api/portraits/thumb/men/1.jpg'}, 'nat': 'DK'}], 'info': {'seed': '3c99577d1ba1a689', 'results': 1, 'page': 1, 'version': '1.4'}}</msg>
<arg>${json_data}</arg>
<doc>Logs the given message with the given level.</doc>
<status status="PASS" start="2024-07-18T18:21:09.456240" elapsed="0.000211"/>
</kw>
<kw name="Should Be String" owner="String">
<arg>${json_data['results'][0]['gender']}</arg>
<doc>Fails if the given ``item`` is not a string.</doc>
<status status="PASS" start="2024-07-18T18:21:09.456745" elapsed="0.000372"/>
</kw>
<kw name="Should Match Regexp" owner="BuiltIn">
<arg>${json_data['results'][0]['email']}</arg>
<arg>^[a-zA-Z0-9._%+-]+@[a-zA-Z0-9.-]+\.[a-zA-Z]{2,}$</arg>
<doc>Fails if ``string`` does not match ``pattern`` as a regular expression.</doc>
<status status="PASS" start="2024-07-18T18:21:09.457354" elapsed="0.000539"/>
</kw>
<kw name="Should Match Regexp" owner="BuiltIn">
<arg>${json_data['results'][0]['dob']['date']}</arg>
<arg>\\d{4}-\\d{2}-\\d{2}T\\d{2}:\\d{2}:\\d{2}\\.\\d{3}Z</arg>
<doc>Fails if ``string`` does not match ``pattern`` as a regular expression.</doc>
<status status="PASS" start="2024-07-18T18:21:09.458129" elapsed="0.000654"/>
</kw>
<kw name="Should Match Regexp" owner="BuiltIn">
<arg>${json_data['results'][0]['registered']['date']}</arg>
<arg>\\d{4}-\\d{2}-\\d{2}T\\d{2}:\\d{2}:\\d{2}\\.\\d{3}Z</arg>
<doc>Fails if ``string`` does not match ``pattern`` as a regular expression.</doc>
<status status="PASS" start="2024-07-18T18:21:09.458979" elapsed="0.000374"/>
</kw>
<kw name="Should Match Regexp" owner="BuiltIn">
<arg>${json_data['results'][0]['picture']['large']}</arg>
<arg>^https?://.*\.(?:png|jpe?g|gif|bmp)$</arg>
<doc>Fails if ``string`` does not match ``pattern`` as a regular expression.</doc>
<status status="PASS" start="2024-07-18T18:21:09.459541" elapsed="0.000479"/>
</kw>
<kw name="Should Match Regexp" owner="BuiltIn">
<arg>${json_data['results'][0]['picture']['medium']}</arg>
<arg>^https?://.*\.(?:png|jpe?g|gif|bmp)$</arg>
<doc>Fails if ``string`` does not match ``pattern`` as a regular expression.</doc>
<status status="PASS" start="2024-07-18T18:21:09.460220" elapsed="0.000358"/>
</kw>
<kw name="Should Match Regexp" owner="BuiltIn">
<arg>${json_data['results'][0]['picture']['thumbnail']}</arg>
<arg>^https?://.*\.(?:png|jpe?g|gif|bmp)$</arg>
<doc>Fails if ``string`` does not match ``pattern`` as a regular expression.</doc>
<status status="PASS" start="2024-07-18T18:21:09.460763" elapsed="0.000350"/>
</kw>
<kw name="Log" owner="BuiltIn">
<msg time="2024-07-18T18:21:09.461659" level="INFO">{'large': 'https://randomuser.me/api/portraits/men/1.jpg', 'medium': 'https://randomuser.me/api/portraits/med/men/1.jpg', 'thumbnail': 'https://randomuser.me/api/portraits/thumb/men/1.jpg'}</msg>
<arg>${json_data['results'][0]['picture']}</arg>
<doc>Logs the given message with the given level.</doc>
<status status="PASS" start="2024-07-18T18:21:09.461323" elapsed="0.000378"/>
</kw>
<status status="PASS" start="2024-07-18T18:21:09.340133" elapsed="0.121838"/>
</kw>
<kw name="Teste de Tipos de Dados - Postcode" owner="random-user-service">
<kw name="GET On Session" owner="RequestsLibrary">
<msg time="2024-07-18T18:21:09.568583" level="INFO">GET Request : url=https://randomuser.me/api 
 path_url=/api 
 headers={'User-Agent': 'python-requests/2.32.3', 'Accept-Encoding': 'gzip, deflate', 'Accept': '*/*', 'Connection': 'keep-alive'} 
 body=None 
 </msg>
<msg time="2024-07-18T18:21:09.568686" level="INFO">GET Response : url=https://randomuser.me/api 
 status=200, reason=OK 
 headers={'Date': 'Thu, 18 Jul 2024 18:21:09 GMT', 'Content-Type': 'application/json; charset=utf-8', 'Transfer-Encoding': 'chunked', 'Connection': 'keep-alive', 'X-Powered-By': 'Express', 'Access-Control-Allow-Origin': '*', 'Cache-Control': 'no-cache', 'ETag': 'W/"4a7-HAF8smRDrS5ZBux/W/1G/wIRtZ0"', 'Vary': 'Accept-Encoding', 'Content-Encoding': 'gzip', 'CF-Cache-Status': 'DYNAMIC', 'Report-To': '{"endpoints":[{"url":"https:\\/\\/a.nel.cloudflare.com\\/report\\/v4?s=tcddo4CHDvqGA9wrASYF%2BscIpmSpmcPRcvTht7tTEVayX4k42ZhxGGxohoowYj6YbNGwkRbuBV5pp97NdUhA0gGRkOz%2FMjfSIaQqiQNqdz%2BucfLK4oobEuYnhwKJAx0C"}],"group":"cf-nel","max_age":604800}', 'NEL': '{"success_fraction":0,"report_to":"cf-nel","max_age":604800}', 'Server': 'cloudflare', 'CF-RAY': '8a547d662b3f78e6-LAX', 'alt-svc': 'h3=":443"; ma=86400'} 
 body={"results":[{"gender":"female","name":{"title":"Mrs","first":"Fanny","last":"Barbier"},"location":{"street":{"number":5912,"name":"Place du 8 Novembre 1942"},"city":"Poitiers","state":"Haute-Marne","country":"France","postcode":72219,"coordinates":{"latitude":"-16.4458","longitude":"50.5260"},"timezone":{"offset":"-8:00","description":"Pacific Time (US &amp; Canada)"}},"email":"fanny.barbier@example.com","login":{"uuid":"607294b6-bed5-44d6-9629-f773db21aeab","username":"organiczebra533","password":"bigmike","salt":"5Yut1yeA","md5":"0e0c26da2adf87e6046c16ef3741b40f","sha1":"5523a395375e5c19ad53a5df24a2bfbeb72cb96e","sha256":"e27f11d8d06a8b1769c04ef64314d307e7929e689274b91fab6595c9aabfd52e"},"dob":{"date":"1971-01-19T10:21:02.772Z","age":53},"registered":{"date":"2006-01-09T16:15:38.695Z","age":18},"phone":"04-10-69-66-82","cell":"06-17-70-04-13","id":{"name":"INSEE","value":"2710032320182 34"},"picture":{"large":"https://randomuser.me/api/portraits/women/81.jpg","medium":"https://randomuser.me/api/portraits/med/women/81.jpg","thumbnail":"https://randomuser.me/api/portraits/thumb/women/81.jpg"},"nat":"FR"}],"info":{"seed":"86d7267def1eeba0","results":1,"page":1,"version":"1.4"}} 
 </msg>
<msg time="2024-07-18T18:21:09.568764" level="INFO">/opt/hostedtoolcache/Python/3.12.4/x64/lib/python3.12/site-packages/urllib3/connectionpool.py:1099: InsecureRequestWarning: Unverified HTTPS request is being made to host 'randomuser.me'. Adding certificate verification is strongly advised. See: https://urllib3.readthedocs.io/en/latest/advanced-usage.html#tls-warnings
  warnings.warn(</msg>
<msg time="2024-07-18T18:21:09.568893" level="INFO">${response} = &lt;Response [200]&gt;</msg>
<var>${response}</var>
<arg>consultarAPI</arg>
<arg>/api</arg>
<doc>Sends a GET request on a previously created HTTP Session.</doc>
<status status="PASS" start="2024-07-18T18:21:09.462442" elapsed="0.106493"/>
</kw>
<kw name="Set Variable" owner="BuiltIn">
<msg time="2024-07-18T18:21:09.570286" level="INFO">${json_data} = {'results': [{'gender': 'female', 'name': {'title': 'Mrs', 'first': 'Fanny', 'last': 'Barbier'}, 'location': {'street': {'number': 5912, 'name': 'Place du 8 Novembre 1942'}, 'city': 'Poitiers', 'state...</msg>
<var>${json_data}</var>
<arg>${response.json()}</arg>
<doc>Returns the given values which can then be assigned to a variables.</doc>
<status status="PASS" start="2024-07-18T18:21:09.569670" elapsed="0.000646"/>
</kw>
<kw name="Log" owner="BuiltIn">
<msg time="2024-07-18T18:21:09.570800" level="INFO">{'results': [{'gender': 'female', 'name': {'title': 'Mrs', 'first': 'Fanny', 'last': 'Barbier'}, 'location': {'street': {'number': 5912, 'name': 'Place du 8 Novembre 1942'}, 'city': 'Poitiers', 'state': 'Haute-Marne', 'country': 'France', 'postcode': 72219, 'coordinates': {'latitude': '-16.4458', 'longitude': '50.5260'}, 'timezone': {'offset': '-8:00', 'description': 'Pacific Time (US &amp; Canada)'}}, 'email': 'fanny.barbier@example.com', 'login': {'uuid': '607294b6-bed5-44d6-9629-f773db21aeab', 'username': 'organiczebra533', 'password': 'bigmike', 'salt': '5Yut1yeA', 'md5': '0e0c26da2adf87e6046c16ef3741b40f', 'sha1': '5523a395375e5c19ad53a5df24a2bfbeb72cb96e', 'sha256': 'e27f11d8d06a8b1769c04ef64314d307e7929e689274b91fab6595c9aabfd52e'}, 'dob': {'date': '1971-01-19T10:21:02.772Z', 'age': 53}, 'registered': {'date': '2006-01-09T16:15:38.695Z', 'age': 18}, 'phone': '04-10-69-66-82', 'cell': '06-17-70-04-13', 'id': {'name': 'INSEE', 'value': '2710032320182 34'}, 'picture': {'large': 'https://randomuser.me/api/portraits/women/81.jpg', 'medium': 'https://randomuser.me/api/portraits/med/women/81.jpg', 'thumbnail': 'https://randomuser.me/api/portraits/thumb/women/81.jpg'}, 'nat': 'FR'}], 'info': {'seed': '86d7267def1eeba0', 'results': 1, 'page': 1, 'version': '1.4'}}</msg>
<arg>${json_data}</arg>
<doc>Logs the given message with the given level.</doc>
<status status="PASS" start="2024-07-18T18:21:09.570642" elapsed="0.000208"/>
</kw>
<kw name="Should Be Equal As Numbers" owner="BuiltIn">
<arg>${json_data['results'][0]['location']['postcode']}</arg>
<arg>${json_data['results'][0]['location']['postcode']}</arg>
<doc>Fails if objects are unequal after converting them to real numbers.</doc>
<status status="PASS" start="2024-07-18T18:21:09.571154" elapsed="0.000652"/>
</kw>
<kw name="Log" owner="BuiltIn">
<msg time="2024-07-18T18:21:09.572354" level="INFO">72219</msg>
<arg>${json_data['results'][0]['location']['postcode']}</arg>
<doc>Logs the given message with the given level.</doc>
<status status="PASS" start="2024-07-18T18:21:09.572009" elapsed="0.000392"/>
</kw>
<status status="PASS" start="2024-07-18T18:21:09.462203" elapsed="0.110503"/>
</kw>
<doc>Testa se os tipos de dados na resposta da API estão corretos.</doc>
<tag>testeTiposDados</tag>
<status status="PASS" start="2024-07-18T18:21:09.339499" elapsed="0.233385"/>
</test>
<test id="s1-s1-t5" name="Validar conteudo" line="35">
<kw name="Teste de Tipos de Conteudo" owner="random-user-service">
<kw name="GET On Session" owner="RequestsLibrary">
<msg time="2024-07-18T18:21:09.692543" level="INFO">GET Request : url=https://randomuser.me/api 
 path_url=/api 
 headers={'User-Agent': 'python-requests/2.32.3', 'Accept-Encoding': 'gzip, deflate', 'Accept': '*/*', 'Connection': 'keep-alive'} 
 body=None 
 </msg>
<msg time="2024-07-18T18:21:09.692661" level="INFO">GET Response : url=https://randomuser.me/api 
 status=200, reason=OK 
 headers={'Date': 'Thu, 18 Jul 2024 18:21:09 GMT', 'Content-Type': 'application/json; charset=utf-8', 'Transfer-Encoding': 'chunked', 'Connection': 'keep-alive', 'X-Powered-By': 'Express', 'Access-Control-Allow-Origin': '*', 'Cache-Control': 'no-cache', 'ETag': 'W/"488-tHze7RBmqpAjpFK3y3Y/KwNhZ4g"', 'Vary': 'Accept-Encoding', 'Content-Encoding': 'gzip', 'CF-Cache-Status': 'DYNAMIC', 'Report-To': '{"endpoints":[{"url":"https:\\/\\/a.nel.cloudflare.com\\/report\\/v4?s=cRLHI6SEvI6DWA1IUMTWf5YBN%2Fd1Z4jk07Nl88Ku6O%2BFTTpDb8AlHSnvybwmAejo1iwmmCjRW09eA28xZLq7Vx%2BDjrGlMCCoQNtU5p4na6lc%2Fo60kzJHhgIZqovYyhE2"}],"group":"cf-nel","max_age":604800}', 'NEL': '{"success_fraction":0,"report_to":"cf-nel","max_age":604800}', 'Server': 'cloudflare', 'CF-RAY': '8a547d66dc0478e6-LAX', 'alt-svc': 'h3=":443"; ma=86400'} 
 body={"results":[{"gender":"male","name":{"title":"Mr","first":"Owen","last":"Chow"},"location":{"street":{"number":1964,"name":"Pine Rd"},"city":"Radisson","state":"Nova Scotia","country":"Canada","postcode":"S6J 7W5","coordinates":{"latitude":"-71.6312","longitude":"-1.8092"},"timezone":{"offset":"+5:00","description":"Ekaterinburg, Islamabad, Karachi, Tashkent"}},"email":"owen.chow@example.com","login":{"uuid":"b2a3ba8a-42e8-4cc4-ba85-3f71abacc978","username":"lazyfrog303","password":"officer","salt":"rk3GWVqU","md5":"86066aefce7aa1161fbd02e89a830fb3","sha1":"fc0be03c31606e88f89fad7361692786f36bf96b","sha256":"46ea1710f818101f901a4e8e378ab394f3328d7b36f833b2956205d375f90329"},"dob":{"date":"2000-01-22T05:30:36.009Z","age":24},"registered":{"date":"2011-04-07T21:37:13.483Z","age":13},"phone":"Q76 U75-4545","cell":"T90 E80-2123","id":{"name":"SIN","value":"604310581"},"picture":{"large":"https://randomuser.me/api/portraits/men/10.jpg","medium":"https://randomuser.me/api/portraits/med/men/10.jpg","thumbnail":"https://randomuser.me/api/portraits/thumb/men/10.jpg"},"nat":"CA"}],"info":{"seed":"adbde8acf416b6c7","results":1,"page":1,"version":"1.4"}} 
 </msg>
<msg time="2024-07-18T18:21:09.692746" level="INFO">/opt/hostedtoolcache/Python/3.12.4/x64/lib/python3.12/site-packages/urllib3/connectionpool.py:1099: InsecureRequestWarning: Unverified HTTPS request is being made to host 'randomuser.me'. Adding certificate verification is strongly advised. See: https://urllib3.readthedocs.io/en/latest/advanced-usage.html#tls-warnings
  warnings.warn(</msg>
<msg time="2024-07-18T18:21:09.692881" level="INFO">${response} = &lt;Response [200]&gt;</msg>
<var>${response}</var>
<arg>consultarAPI</arg>
<arg>/api</arg>
<doc>Sends a GET request on a previously created HTTP Session.</doc>
<status status="PASS" start="2024-07-18T18:21:09.575589" elapsed="0.117336"/>
</kw>
<kw name="Set Variable" owner="BuiltIn">
<msg time="2024-07-18T18:21:09.694295" level="INFO">${json_data} = {'results': [{'gender': 'male', 'name': {'title': 'Mr', 'first': 'Owen', 'last': 'Chow'}, 'location': {'street': {'number': 1964, 'name': 'Pine Rd'}, 'city': 'Radisson', 'state': 'Nova Scotia', 'count...</msg>
<var>${json_data}</var>
<arg>${response.json()}</arg>
<doc>Returns the given values which can then be assigned to a variables.</doc>
<status status="PASS" start="2024-07-18T18:21:09.693676" elapsed="0.000649"/>
</kw>
<kw name="Set Variable" owner="BuiltIn">
<msg time="2024-07-18T18:21:09.695038" level="INFO">${name_title} = Mr</msg>
<var>${name_title}</var>
<arg>${json_data["results"][0]["name"]["title"]}</arg>
<doc>Returns the given values which can then be assigned to a variables.</doc>
<status status="PASS" start="2024-07-18T18:21:09.694647" elapsed="0.000418"/>
</kw>
<kw name="Create List" owner="BuiltIn">
<msg time="2024-07-18T18:21:09.695518" level="INFO">${allowed_titles} = ['Mr', 'Ms', 'Miss', 'Mrs', 'Madame', 'Monsieur']</msg>
<var>${allowed_titles}</var>
<arg>Mr</arg>
<arg>Ms</arg>
<arg>Miss</arg>
<arg>Mrs</arg>
<arg>Madame</arg>
<arg>Monsieur</arg>
<doc>Returns a list containing given items.</doc>
<status status="PASS" start="2024-07-18T18:21:09.695366" elapsed="0.000176"/>
</kw>
<kw name="List Should Contain Value" owner="Collections">
<arg>${allowed_titles}</arg>
<arg>${name_title}</arg>
<doc>Fails if the ``value`` is not found from ``list``.</doc>
<status status="PASS" start="2024-07-18T18:21:09.695850" elapsed="0.000180"/>
</kw>
<kw name="Set Variable" owner="BuiltIn">
<msg time="2024-07-18T18:21:09.696606" level="INFO">${name_country} = CA</msg>
<var>${name_country}</var>
<arg>${json_data["results"][0]["nat"]}</arg>
<doc>Returns the given values which can then be assigned to a variables.</doc>
<status status="PASS" start="2024-07-18T18:21:09.696221" elapsed="0.000412"/>
</kw>
<kw name="Create List" owner="BuiltIn">
<msg time="2024-07-18T18:21:09.697577" level="INFO">${list_country} = ['AD', 'AE', 'AF', 'AG', 'AI', 'AL', 'AM', 'AO', 'AQ', 'AR', 'AS', 'AT', 'AU', 'AW', 'AX', 'AZ', 'BA', 'BB', 'BD', 'BE', 'BF', 'BG', 'BH', 'BI', 'BJ', 'BL', 'BM', 'BN', 'BO', 'BQ', 'BR', 'BS', 'BT', '...</msg>
<var>${list_country}</var>
<arg>AD</arg>
<arg>AE</arg>
<arg>AF</arg>
<arg>AG</arg>
<arg>AI</arg>
<arg>AL</arg>
<arg>AM</arg>
<arg>AO</arg>
<arg>AQ</arg>
<arg>AR</arg>
<arg>AS</arg>
<arg>AT</arg>
<arg>AU</arg>
<arg>AW</arg>
<arg>AX</arg>
<arg>AZ</arg>
<arg>BA</arg>
<arg>BB</arg>
<arg>BD</arg>
<arg>BE</arg>
<arg>BF</arg>
<arg>BG</arg>
<arg>BH</arg>
<arg>BI</arg>
<arg>BJ</arg>
<arg>BL</arg>
<arg>BM</arg>
<arg>BN</arg>
<arg>BO</arg>
<arg>BQ</arg>
<arg>BR</arg>
<arg>BS</arg>
<arg>BT</arg>
<arg>BV</arg>
<arg>BW</arg>
<arg>BY</arg>
<arg>BZ</arg>
<arg>CA</arg>
<arg>CC</arg>
<arg>CD</arg>
<arg>CF</arg>
<arg>CG</arg>
<arg>CH</arg>
<arg>CI</arg>
<arg>CK</arg>
<arg>CL</arg>
<arg>CM</arg>
<arg>CN</arg>
<arg>CO</arg>
<arg>CR</arg>
<arg>CU</arg>
<arg>CV</arg>
<arg>CW</arg>
<arg>CX</arg>
<arg>CY</arg>
<arg>CZ</arg>
<arg>DE</arg>
<arg>DJ</arg>
<arg>DK</arg>
<arg>DM</arg>
<arg>DO</arg>
<arg>DZ</arg>
<arg>EC</arg>
<arg>EE</arg>
<arg>EG</arg>
<arg>EH</arg>
<arg>ER</arg>
<arg>ES</arg>
<arg>ET</arg>
<arg>FI</arg>
<arg>FJ</arg>
<arg>FK</arg>
<arg>FM</arg>
<arg>FO</arg>
<arg>FR</arg>
<arg>GA</arg>
<arg>GB</arg>
<arg>GD</arg>
<arg>GE</arg>
<arg>GF</arg>
<arg>GG</arg>
<arg>GH</arg>
<arg>GI</arg>
<arg>GL</arg>
<arg>GM</arg>
<arg>GN</arg>
<arg>GP</arg>
<arg>GQ</arg>
<arg>GR</arg>
<arg>GS</arg>
<arg>GT</arg>
<arg>GU</arg>
<arg>GW</arg>
<arg>GY</arg>
<arg>HK</arg>
<arg>HM</arg>
<arg>HN</arg>
<arg>HR</arg>
<arg>HT</arg>
<arg>HU</arg>
<arg>ID</arg>
<arg>IE</arg>
<arg>IL</arg>
<arg>IM</arg>
<arg>IN</arg>
<arg>IO</arg>
<arg>IQ</arg>
<arg>IR</arg>
<arg>IS</arg>
<arg>IT</arg>
<arg>JE</arg>
<arg>JM</arg>
<arg>JO</arg>
<arg>JP</arg>
<arg>KE</arg>
<arg>KG</arg>
<arg>KH</arg>
<arg>KI</arg>
<arg>KM</arg>
<arg>KN</arg>
<arg>KP</arg>
<arg>KR</arg>
<arg>KW</arg>
<arg>KY</arg>
<arg>KZ</arg>
<arg>LA</arg>
<arg>LB</arg>
<arg>LC</arg>
<arg>LI</arg>
<arg>LK</arg>
<arg>LR</arg>
<arg>LS</arg>
<arg>LT</arg>
<arg>LU</arg>
<arg>LV</arg>
<arg>LY</arg>
<arg>MA</arg>
<arg>MC</arg>
<arg>MD</arg>
<arg>ME</arg>
<arg>MF</arg>
<arg>MG</arg>
<arg>MH</arg>
<arg>MK</arg>
<arg>ML</arg>
<arg>MM</arg>
<arg>MN</arg>
<arg>MO</arg>
<arg>MP</arg>
<arg>MQ</arg>
<arg>MR</arg>
<arg>MS</arg>
<arg>MT</arg>
<arg>MU</arg>
<arg>MV</arg>
<arg>MW</arg>
<arg>MX</arg>
<arg>MY</arg>
<arg>MZ</arg>
<arg>NA</arg>
<arg>NC</arg>
<arg>NE</arg>
<arg>NF</arg>
<arg>NG</arg>
<arg>NI</arg>
<arg>NL</arg>
<arg>NO</arg>
<arg>NP</arg>
<arg>NR</arg>
<arg>NU</arg>
<arg>NZ</arg>
<arg>OM</arg>
<arg>PA</arg>
<arg>PE</arg>
<arg>PF</arg>
<arg>PG</arg>
<arg>PH</arg>
<arg>PK</arg>
<arg>PL</arg>
<arg>PM</arg>
<arg>PN</arg>
<arg>PR</arg>
<arg>PS</arg>
<arg>PT</arg>
<arg>PW</arg>
<arg>PY</arg>
<arg>QA</arg>
<arg>RE</arg>
<arg>RO</arg>
<arg>RS</arg>
<arg>RU</arg>
<arg>RW</arg>
<arg>SA</arg>
<arg>SB</arg>
<arg>SC</arg>
<arg>SD</arg>
<arg>SE</arg>
<arg>SG</arg>
<arg>SH</arg>
<arg>SI</arg>
<arg>SJ</arg>
<arg>SK</arg>
<arg>SL</arg>
<arg>SM</arg>
<arg>SN</arg>
<arg>SO</arg>
<arg>SR</arg>
<arg>SS</arg>
<arg>ST</arg>
<arg>SV</arg>
<arg>SX</arg>
<arg>SY</arg>
<arg>SZ</arg>
<arg>TC</arg>
<arg>TD</arg>
<arg>TF</arg>
<arg>TG</arg>
<arg>TH</arg>
<arg>TJ</arg>
<arg>TK</arg>
<arg>TL</arg>
<arg>TM</arg>
<arg>TN</arg>
<arg>TO</arg>
<arg>TR</arg>
<arg>TT</arg>
<arg>TV</arg>
<arg>TW</arg>
<arg>TZ</arg>
<arg>UA</arg>
<arg>UG</arg>
<arg>UM</arg>
<arg>US</arg>
<arg>UY</arg>
<arg>UZ</arg>
<arg>VA</arg>
<arg>VC</arg>
<arg>VE</arg>
<arg>VG</arg>
<arg>VI</arg>
<arg>VN</arg>
<arg>VU</arg>
<arg>WF</arg>
<arg>WS</arg>
<arg>XK</arg>
<arg>YE</arg>
<arg>YT</arg>
<arg>ZA</arg>
<arg>ZM</arg>
<arg>ZW</arg>
<doc>Returns a list containing given items.</doc>
<status status="PASS" start="2024-07-18T18:21:09.696929" elapsed="0.000677"/>
</kw>
<kw name="List Should Contain Value" owner="Collections">
<arg>${list_country}</arg>
<arg>${name_country}</arg>
<doc>Fails if the ``value`` is not found from ``list``.</doc>
<status status="PASS" start="2024-07-18T18:21:09.698622" elapsed="0.000217"/>
</kw>
<kw name="Run Keyword If" owner="BuiltIn">
<kw name="Should Be True" owner="BuiltIn">
<arg>${True}</arg>
<doc>Fails if the given condition is not true.</doc>
<status status="PASS" start="2024-07-18T18:21:09.699820" elapsed="0.000153"/>
</kw>
<arg>${json_data["results"][0]["location"]["coordinates"]["latitude"]} &gt;= -90 and ${json_data["results"][0]["location"]["coordinates"]["latitude"]} &lt;= 90</arg>
<arg>Should Be True</arg>
<arg>${True}</arg>
<doc>Runs the given keyword with the given arguments, if ``condition`` is true.</doc>
<status status="PASS" start="2024-07-18T18:21:09.699046" elapsed="0.001066"/>
</kw>
<kw name="Run Keyword If" owner="BuiltIn">
<kw name="Should Be True" owner="BuiltIn">
<arg>${True}</arg>
<doc>Fails if the given condition is not true.</doc>
<status status="PASS" start="2024-07-18T18:21:09.700999" elapsed="0.000141"/>
</kw>
<arg>${json_data["results"][0]["location"]["coordinates"]["longitude"]} &gt;= -180 and ${json_data["results"][0]["location"]["coordinates"]["longitude"]} &lt;= 180</arg>
<arg>Should Be True</arg>
<arg>${True}</arg>
<doc>Runs the given keyword with the given arguments, if ``condition`` is true.</doc>
<status status="PASS" start="2024-07-18T18:21:09.700297" elapsed="0.001011"/>
</kw>
<status status="PASS" start="2024-07-18T18:21:09.575354" elapsed="0.126114"/>
</kw>
<doc>Testa o conteúdo específico dos campos retornados pela API.</doc>
<tag>testeConteudo</tag>
<status status="PASS" start="2024-07-18T18:21:09.574793" elapsed="0.126842"/>
</test>
<status status="PASS" start="2024-07-18T18:21:08.646622" elapsed="1.057026"/>
</suite>
<status status="PASS" start="2024-07-18T18:21:08.631934" elapsed="1.076908"/>
</suite>
<statistics>
<total>
<stat pass="5" fail="0" skip="0">All Tests</stat>
</total>
<tag>
<stat pass="1" fail="0" skip="0">testeConteudo</stat>
<stat pass="1" fail="0" skip="0">testeEstruturaResposta</stat>
<stat pass="1" fail="0" skip="0">testeRequisicaoBasica</stat>
<stat pass="1" fail="0" skip="0">testeTiposDados</stat>
</tag>
<suite>
<stat pass="5" fail="0" skip="0" id="s1" name="Tests">Tests</stat>
<stat pass="5" fail="0" skip="0" id="s1-s1" name="Random-User-Test">Tests.Random-User-Test</stat>
</suite>
</statistics>
<errors>
</errors>
</robot>
