<?xml version="1.0" encoding="UTF-8"?>
<robot generator="Robot 7.0 (Python 3.12.3 on linux)" generated="2024-04-30T03:14:48.687747" rpa="false" schemaversion="5">
<suite id="s1" name="Tests" source="/home/runner/work/DesafioQAItauRogerioJordao/DesafioQAItauRogerioJordao/RamdonUser/tests">
<suite id="s1-s1" name="Random-User-Test" source="/home/runner/work/DesafioQAItauRogerioJordao/DesafioQAItauRogerioJordao/RamdonUser/tests/random-user-test.robot">
<test id="s1-s1-t1" name="Conectar" line="13">
<kw name="Conectar API" owner="random-user-service">
<kw name="Create Session" owner="RequestsLibrary">
<msg time="2024-04-30T03:14:49.047958" level="INFO">Creating Session using : alias=consultarAPI, url=https://randomuser.me/, headers={},                     cookies={}, auth=None, timeout=None, proxies=None, verify=False,                     debug=0 </msg>
<arg>consultarAPI</arg>
<arg>${URL}</arg>
<doc>Create Session: create a HTTP session to a server</doc>
<status status="PASS" start="2024-04-30T03:14:49.047759" elapsed="0.000378"/>
</kw>
<status status="PASS" start="2024-04-30T03:14:49.046826" elapsed="0.001670"/>
</kw>
<status status="PASS" start="2024-04-30T03:14:49.046219" elapsed="0.002505"/>
</test>
<test id="s1-s1-t2" name="Validar retorno 200 e JSON Válido" line="16">
<kw name="Teste de Requisicao Basica" owner="random-user-service">
<kw name="GET On Session" owner="RequestsLibrary">
<msg time="2024-04-30T03:14:49.285060" level="INFO">GET Request : url=https://randomuser.me/api 
 path_url=/api 
 headers={'User-Agent': 'python-requests/2.31.0', 'Accept-Encoding': 'gzip, deflate', 'Accept': '*/*', 'Connection': 'keep-alive'} 
 body=None 
 </msg>
<msg time="2024-04-30T03:14:49.285209" level="INFO">GET Response : url=https://randomuser.me/api 
 status=200, reason=OK 
 headers={'Date': 'Tue, 30 Apr 2024 03:14:49 GMT', 'Content-Type': 'application/json; charset=utf-8', 'Transfer-Encoding': 'chunked', 'Connection': 'keep-alive', 'X-Powered-By': 'Express', 'Access-Control-Allow-Origin': '*', 'Cache-Control': 'no-cache', 'ETag': 'W/"49b-nJobgMxdkTFTK8k0IKNqilP48BI"', 'Vary': 'Accept-Encoding', 'Content-Encoding': 'gzip', 'CF-Cache-Status': 'DYNAMIC', 'Report-To': '{"endpoints":[{"url":"https:\\/\\/a.nel.cloudflare.com\\/report\\/v4?s=r3vnchI7wvbbKVia8mzcm4yAPn70MCl0Vo716YTlDT0TEfeyg6fYjNVSF3GfefYMFhf7XlFEDDfGKM3B01T2qsHJ9dB0ov0QxRjZqvTVwcpa0a22zaSgm8JvBjNX0nTS"}],"group":"cf-nel","max_age":604800}', 'NEL': '{"success_fraction":0,"report_to":"cf-nel","max_age":604800}', 'Server': 'cloudflare', 'CF-RAY': '87c45d21daa20851-IAD', 'alt-svc': 'h3=":443"; ma=86400'} 
 body={"results":[{"gender":"female","name":{"title":"Mrs","first":"Palma","last":"Porto"},"location":{"street":{"number":2117,"name":"Rua Paraíba "},"city":"Colombo","state":"Espírito Santo","country":"Brazil","postcode":81395,"coordinates":{"latitude":"-73.8534","longitude":"35.8017"},"timezone":{"offset":"+1:00","description":"Brussels, Copenhagen, Madrid, Paris"}},"email":"palma.porto@example.com","login":{"uuid":"cc973734-c40e-4d82-ae0f-9f8117ccfd08","username":"yellowmouse957","password":"545454","salt":"qa63Gjy5","md5":"562a7db4ab609521224a564967d99a0d","sha1":"d62b29feb993e78d95c5577026d29c0e2560bc28","sha256":"c45638b8bf9d5080bf1b6c3268f27cf8be7ee3532862d08c6d40b0134c0487f3"},"dob":{"date":"1973-11-04T17:57:55.404Z","age":50},"registered":{"date":"2003-12-06T05:12:04.284Z","age":20},"phone":"(47) 7980-5590","cell":"(88) 0774-7655","id":{"name":"CPF","value":"994.103.977-96"},"picture":{"large":"https://randomuser.me/api/portraits/women/6.jpg","medium":"https://randomuser.me/api/portraits/med/women/6.jpg","thumbnail":"https://randomuser.me/api/portraits/thumb/women/6.jpg"},"nat":"BR"}],"info":{"seed":"ff6b65ddf208ca99","results":1,"page":1,"version":"1.4"}} 
 </msg>
<msg time="2024-04-30T03:14:49.285298" level="INFO">/opt/hostedtoolcache/Python/3.12.3/x64/lib/python3.12/site-packages/urllib3/connectionpool.py:1103: InsecureRequestWarning: Unverified HTTPS request is being made to host 'randomuser.me'. Adding certificate verification is strongly advised. See: https://urllib3.readthedocs.io/en/latest/advanced-usage.html#tls-warnings
  warnings.warn(</msg>
<msg time="2024-04-30T03:14:49.285440" level="INFO">${response} = &lt;Response [200]&gt;</msg>
<var>${response}</var>
<arg>consultarAPI</arg>
<arg>/api</arg>
<doc>Sends a GET request on a previously created HTTP Session.</doc>
<status status="PASS" start="2024-04-30T03:14:49.051386" elapsed="0.234099"/>
</kw>
<kw name="Should Be Equal As Numbers" owner="BuiltIn">
<msg time="2024-04-30T03:14:49.286503" level="INFO">Argument types are:
&lt;class 'int'&gt;
&lt;class 'str'&gt;</msg>
<arg>${response.status_code}</arg>
<arg>200</arg>
<doc>Fails if objects are unequal after converting them to real numbers.</doc>
<status status="PASS" start="2024-04-30T03:14:49.286023" elapsed="0.000549"/>
</kw>
<kw name="Log" owner="BuiltIn">
<msg time="2024-04-30T03:14:49.287303" level="INFO">200</msg>
<arg>${response.status_code}</arg>
<doc>Logs the given message with the given level.</doc>
<status status="PASS" start="2024-04-30T03:14:49.286945" elapsed="0.000402"/>
</kw>
<kw name="Set Variable" owner="BuiltIn">
<msg time="2024-04-30T03:14:49.288124" level="INFO">${json_data} = {'results': [{'gender': 'female', 'name': {'title': 'Mrs', 'first': 'Palma', 'last': 'Porto'}, 'location': {'street': {'number': 2117, 'name': 'Rua Paraíba '}, 'city': 'Colombo', 'state': 'Espírito Sa...</msg>
<var>${json_data}</var>
<arg>${response.json()}</arg>
<doc>Returns the given values which can then be assigned to a variables.</doc>
<status status="PASS" start="2024-04-30T03:14:49.287664" elapsed="0.000489"/>
</kw>
<kw name="Dictionary Should Contain Key" owner="Collections">
<msg time="2024-04-30T03:14:49.288685" level="INFO">False</msg>
<arg>${json_data}</arg>
<arg>results</arg>
<doc>Fails if ``key`` is not found from ``dictionary``.</doc>
<status status="PASS" start="2024-04-30T03:14:49.288465" elapsed="0.000266"/>
</kw>
<status status="PASS" start="2024-04-30T03:14:49.051137" elapsed="0.237873"/>
</kw>
<doc>Testa se a API responde corretamente e retorna um objeto JSON válido.</doc>
<tag>testeRequisicaoBasica</tag>
<status status="PASS" start="2024-04-30T03:14:49.050606" elapsed="0.238594"/>
</test>
<test id="s1-s1-t3" name="Validar estrutura de resposta" line="22">
<kw name="Teste de Estrutura de Resposta" owner="random-user-service">
<kw name="GET On Session" owner="RequestsLibrary">
<msg time="2024-04-30T03:14:49.387130" level="INFO">GET Request : url=https://randomuser.me/api 
 path_url=/api 
 headers={'User-Agent': 'python-requests/2.31.0', 'Accept-Encoding': 'gzip, deflate', 'Accept': '*/*', 'Connection': 'keep-alive'} 
 body=None 
 </msg>
<msg time="2024-04-30T03:14:49.387212" level="INFO">GET Response : url=https://randomuser.me/api 
 status=200, reason=OK 
 headers={'Date': 'Tue, 30 Apr 2024 03:14:49 GMT', 'Content-Type': 'application/json; charset=utf-8', 'Transfer-Encoding': 'chunked', 'Connection': 'keep-alive', 'X-Powered-By': 'Express', 'Access-Control-Allow-Origin': '*', 'Cache-Control': 'no-cache', 'ETag': 'W/"482-9/YDg42sbSR+JG8WVd44ts2H7Ds"', 'Vary': 'Accept-Encoding', 'Content-Encoding': 'gzip', 'CF-Cache-Status': 'DYNAMIC', 'Report-To': '{"endpoints":[{"url":"https:\\/\\/a.nel.cloudflare.com\\/report\\/v4?s=9La6TZhWB49%2FdvyRtRP7yQpnCVABHqAYFDJ6RZ%2B7wS0YM60kF56Xpy6k44HuJ2CXAIWcuaDsuyyd%2B%2B3i1IGd1GJuDdolDNGFgtBl6srKID4gs4xf6MfvBedDfmpAXs6K"}],"group":"cf-nel","max_age":604800}', 'NEL': '{"success_fraction":0,"report_to":"cf-nel","max_age":604800}', 'Server': 'cloudflare', 'CF-RAY': '87c45d221ae90851-IAD', 'alt-svc': 'h3=":443"; ma=86400'} 
 body={"results":[{"gender":"male","name":{"title":"Mr","first":"Ronin","last":"Moleman"},"location":{"street":{"number":4645,"name":"Aelbrechtskolk"},"city":"Ijlst","state":"Zeeland","country":"Netherlands","postcode":"1632 XG","coordinates":{"latitude":"36.6608","longitude":"-94.2915"},"timezone":{"offset":"+6:00","description":"Almaty, Dhaka, Colombo"}},"email":"ronin.moleman@example.com","login":{"uuid":"c7c706e0-0ea3-4ec8-8db8-51ec6d71159b","username":"sadleopard427","password":"sunny1","salt":"d3Nn5XGq","md5":"6be6d33889875e6fc09090b41d2e0db5","sha1":"9710d390e6bdfe224213819e23621e45df9131b3","sha256":"a824af4e849bd136ae6644dfd5acaee0f907c9270a87fb29a78b69dc5f2ebb21"},"dob":{"date":"1950-12-25T07:32:38.081Z","age":73},"registered":{"date":"2020-08-02T02:00:05.719Z","age":3},"phone":"(048) 4013563","cell":"(06) 51371950","id":{"name":"BSN","value":"99775359"},"picture":{"large":"https://randomuser.me/api/portraits/men/79.jpg","medium":"https://randomuser.me/api/portraits/med/men/79.jpg","thumbnail":"https://randomuser.me/api/portraits/thumb/men/79.jpg"},"nat":"NL"}],"info":{"seed":"2f25a3a3d785fea8","results":1,"page":1,"version":"1.4"}} 
 </msg>
<msg time="2024-04-30T03:14:49.387319" level="INFO">/opt/hostedtoolcache/Python/3.12.3/x64/lib/python3.12/site-packages/urllib3/connectionpool.py:1103: InsecureRequestWarning: Unverified HTTPS request is being made to host 'randomuser.me'. Adding certificate verification is strongly advised. See: https://urllib3.readthedocs.io/en/latest/advanced-usage.html#tls-warnings
  warnings.warn(</msg>
<msg time="2024-04-30T03:14:49.387413" level="INFO">${response} = &lt;Response [200]&gt;</msg>
<var>${response}</var>
<arg>consultarAPI</arg>
<arg>/api</arg>
<doc>Sends a GET request on a previously created HTTP Session.</doc>
<status status="PASS" start="2024-04-30T03:14:49.291829" elapsed="0.095615"/>
</kw>
<kw name="Set Variable" owner="BuiltIn">
<msg time="2024-04-30T03:14:49.388300" level="INFO">${json_data} = {'results': [{'gender': 'male', 'name': {'title': 'Mr', 'first': 'Ronin', 'last': 'Moleman'}, 'location': {'street': {'number': 4645, 'name': 'Aelbrechtskolk'}, 'city': 'Ijlst', 'state': 'Zeeland', 'c...</msg>
<var>${json_data}</var>
<arg>${response.json()}</arg>
<doc>Returns the given values which can then be assigned to a variables.</doc>
<status status="PASS" start="2024-04-30T03:14:49.387831" elapsed="0.000497"/>
</kw>
<kw name="Log" owner="BuiltIn">
<msg time="2024-04-30T03:14:49.388822" level="INFO">{'results': [{'gender': 'male', 'name': {'title': 'Mr', 'first': 'Ronin', 'last': 'Moleman'}, 'location': {'street': {'number': 4645, 'name': 'Aelbrechtskolk'}, 'city': 'Ijlst', 'state': 'Zeeland', 'country': 'Netherlands', 'postcode': '1632 XG', 'coordinates': {'latitude': '36.6608', 'longitude': '-94.2915'}, 'timezone': {'offset': '+6:00', 'description': 'Almaty, Dhaka, Colombo'}}, 'email': 'ronin.moleman@example.com', 'login': {'uuid': 'c7c706e0-0ea3-4ec8-8db8-51ec6d71159b', 'username': 'sadleopard427', 'password': 'sunny1', 'salt': 'd3Nn5XGq', 'md5': '6be6d33889875e6fc09090b41d2e0db5', 'sha1': '9710d390e6bdfe224213819e23621e45df9131b3', 'sha256': 'a824af4e849bd136ae6644dfd5acaee0f907c9270a87fb29a78b69dc5f2ebb21'}, 'dob': {'date': '1950-12-25T07:32:38.081Z', 'age': 73}, 'registered': {'date': '2020-08-02T02:00:05.719Z', 'age': 3}, 'phone': '(048) 4013563', 'cell': '(06) 51371950', 'id': {'name': 'BSN', 'value': '99775359'}, 'picture': {'large': 'https://randomuser.me/api/portraits/men/79.jpg', 'medium': 'https://randomuser.me/api/portraits/med/men/79.jpg', 'thumbnail': 'https://randomuser.me/api/portraits/thumb/men/79.jpg'}, 'nat': 'NL'}], 'info': {'seed': '2f25a3a3d785fea8', 'results': 1, 'page': 1, 'version': '1.4'}}</msg>
<arg>${json_data}</arg>
<doc>Logs the given message with the given level.</doc>
<status status="PASS" start="2024-04-30T03:14:49.388667" elapsed="0.000203"/>
</kw>
<kw name="Dictionary Should Contain Key" owner="Collections">
<msg time="2024-04-30T03:14:49.389323" level="INFO">False</msg>
<arg>${json_data}</arg>
<arg>results</arg>
<doc>Fails if ``key`` is not found from ``dictionary``.</doc>
<status status="PASS" start="2024-04-30T03:14:49.389170" elapsed="0.000190"/>
</kw>
<kw name="Should Not Be Empty" owner="BuiltIn">
<msg time="2024-04-30T03:14:49.389791" level="INFO">Length is 2.</msg>
<arg>${json_data}</arg>
<doc>Verifies that the given item is not empty.</doc>
<status status="PASS" start="2024-04-30T03:14:49.389655" elapsed="0.000174"/>
</kw>
<kw name="Create List" owner="BuiltIn">
<msg time="2024-04-30T03:14:49.390393" level="INFO">${expected_keys} = ['gender', 'name', 'location', 'email', 'login']</msg>
<var>${expected_keys}</var>
<arg>gender</arg>
<arg>name</arg>
<arg>location</arg>
<arg>email</arg>
<arg>login</arg>
<doc>Returns a list containing given items.</doc>
<status status="PASS" start="2024-04-30T03:14:49.390115" elapsed="0.000303"/>
</kw>
<for flavor="IN">
<iter>
<kw name="Dictionary Should Contain Key" owner="Collections">
<msg time="2024-04-30T03:14:49.391394" level="INFO">False</msg>
<arg>${json_data['results'][0]}</arg>
<arg>${key}</arg>
<doc>Fails if ``key`` is not found from ``dictionary``.</doc>
<status status="PASS" start="2024-04-30T03:14:49.390991" elapsed="0.000441"/>
</kw>
<kw name="Log" owner="BuiltIn">
<msg time="2024-04-30T03:14:49.392097" level="INFO">{'gender': 'male', 'name': {'title': 'Mr', 'first': 'Ronin', 'last': 'Moleman'}, 'location': {'street': {'number': 4645, 'name': 'Aelbrechtskolk'}, 'city': 'Ijlst', 'state': 'Zeeland', 'country': 'Netherlands', 'postcode': '1632 XG', 'coordinates': {'latitude': '36.6608', 'longitude': '-94.2915'}, 'timezone': {'offset': '+6:00', 'description': 'Almaty, Dhaka, Colombo'}}, 'email': 'ronin.moleman@example.com', 'login': {'uuid': 'c7c706e0-0ea3-4ec8-8db8-51ec6d71159b', 'username': 'sadleopard427', 'password': 'sunny1', 'salt': 'd3Nn5XGq', 'md5': '6be6d33889875e6fc09090b41d2e0db5', 'sha1': '9710d390e6bdfe224213819e23621e45df9131b3', 'sha256': 'a824af4e849bd136ae6644dfd5acaee0f907c9270a87fb29a78b69dc5f2ebb21'}, 'dob': {'date': '1950-12-25T07:32:38.081Z', 'age': 73}, 'registered': {'date': '2020-08-02T02:00:05.719Z', 'age': 3}, 'phone': '(048) 4013563', 'cell': '(06) 51371950', 'id': {'name': 'BSN', 'value': '99775359'}, 'picture': {'large': 'https://randomuser.me/api/portraits/men/79.jpg', 'medium': 'https://randomuser.me/api/portraits/med/men/79.jpg', 'thumbnail': 'https://randomuser.me/api/portraits/thumb/men/79.jpg'}, 'nat': 'NL'}</msg>
<arg>${json_data['results'][0]}</arg>
<doc>Logs the given message with the given level.</doc>
<status status="PASS" start="2024-04-30T03:14:49.391732" elapsed="0.000412"/>
</kw>
<kw name="Log" owner="BuiltIn">
<msg time="2024-04-30T03:14:49.392600" level="INFO">gender</msg>
<arg>${key}</arg>
<doc>Logs the given message with the given level.</doc>
<status status="PASS" start="2024-04-30T03:14:49.392436" elapsed="0.000203"/>
</kw>
<var name="${key}">gender</var>
<status status="PASS" start="2024-04-30T03:14:49.390864" elapsed="0.001991"/>
</iter>
<iter>
<kw name="Dictionary Should Contain Key" owner="Collections">
<msg time="2024-04-30T03:14:49.393538" level="INFO">False</msg>
<arg>${json_data['results'][0]}</arg>
<arg>${key}</arg>
<doc>Fails if ``key`` is not found from ``dictionary``.</doc>
<status status="PASS" start="2024-04-30T03:14:49.393154" elapsed="0.000420"/>
</kw>
<kw name="Log" owner="BuiltIn">
<msg time="2024-04-30T03:14:49.394264" level="INFO">{'gender': 'male', 'name': {'title': 'Mr', 'first': 'Ronin', 'last': 'Moleman'}, 'location': {'street': {'number': 4645, 'name': 'Aelbrechtskolk'}, 'city': 'Ijlst', 'state': 'Zeeland', 'country': 'Netherlands', 'postcode': '1632 XG', 'coordinates': {'latitude': '36.6608', 'longitude': '-94.2915'}, 'timezone': {'offset': '+6:00', 'description': 'Almaty, Dhaka, Colombo'}}, 'email': 'ronin.moleman@example.com', 'login': {'uuid': 'c7c706e0-0ea3-4ec8-8db8-51ec6d71159b', 'username': 'sadleopard427', 'password': 'sunny1', 'salt': 'd3Nn5XGq', 'md5': '6be6d33889875e6fc09090b41d2e0db5', 'sha1': '9710d390e6bdfe224213819e23621e45df9131b3', 'sha256': 'a824af4e849bd136ae6644dfd5acaee0f907c9270a87fb29a78b69dc5f2ebb21'}, 'dob': {'date': '1950-12-25T07:32:38.081Z', 'age': 73}, 'registered': {'date': '2020-08-02T02:00:05.719Z', 'age': 3}, 'phone': '(048) 4013563', 'cell': '(06) 51371950', 'id': {'name': 'BSN', 'value': '99775359'}, 'picture': {'large': 'https://randomuser.me/api/portraits/men/79.jpg', 'medium': 'https://randomuser.me/api/portraits/med/men/79.jpg', 'thumbnail': 'https://randomuser.me/api/portraits/thumb/men/79.jpg'}, 'nat': 'NL'}</msg>
<arg>${json_data['results'][0]}</arg>
<doc>Logs the given message with the given level.</doc>
<status status="PASS" start="2024-04-30T03:14:49.393899" elapsed="0.000412"/>
</kw>
<kw name="Log" owner="BuiltIn">
<msg time="2024-04-30T03:14:49.394729" level="INFO">name</msg>
<arg>${key}</arg>
<doc>Logs the given message with the given level.</doc>
<status status="PASS" start="2024-04-30T03:14:49.394603" elapsed="0.000162"/>
</kw>
<var name="${key}">name</var>
<status status="PASS" start="2024-04-30T03:14:49.393039" elapsed="0.001939"/>
</iter>
<iter>
<kw name="Dictionary Should Contain Key" owner="Collections">
<msg time="2024-04-30T03:14:49.395647" level="INFO">False</msg>
<arg>${json_data['results'][0]}</arg>
<arg>${key}</arg>
<doc>Fails if ``key`` is not found from ``dictionary``.</doc>
<status status="PASS" start="2024-04-30T03:14:49.395266" elapsed="0.000418"/>
</kw>
<kw name="Log" owner="BuiltIn">
<msg time="2024-04-30T03:14:49.396339" level="INFO">{'gender': 'male', 'name': {'title': 'Mr', 'first': 'Ronin', 'last': 'Moleman'}, 'location': {'street': {'number': 4645, 'name': 'Aelbrechtskolk'}, 'city': 'Ijlst', 'state': 'Zeeland', 'country': 'Netherlands', 'postcode': '1632 XG', 'coordinates': {'latitude': '36.6608', 'longitude': '-94.2915'}, 'timezone': {'offset': '+6:00', 'description': 'Almaty, Dhaka, Colombo'}}, 'email': 'ronin.moleman@example.com', 'login': {'uuid': 'c7c706e0-0ea3-4ec8-8db8-51ec6d71159b', 'username': 'sadleopard427', 'password': 'sunny1', 'salt': 'd3Nn5XGq', 'md5': '6be6d33889875e6fc09090b41d2e0db5', 'sha1': '9710d390e6bdfe224213819e23621e45df9131b3', 'sha256': 'a824af4e849bd136ae6644dfd5acaee0f907c9270a87fb29a78b69dc5f2ebb21'}, 'dob': {'date': '1950-12-25T07:32:38.081Z', 'age': 73}, 'registered': {'date': '2020-08-02T02:00:05.719Z', 'age': 3}, 'phone': '(048) 4013563', 'cell': '(06) 51371950', 'id': {'name': 'BSN', 'value': '99775359'}, 'picture': {'large': 'https://randomuser.me/api/portraits/men/79.jpg', 'medium': 'https://randomuser.me/api/portraits/med/men/79.jpg', 'thumbnail': 'https://randomuser.me/api/portraits/thumb/men/79.jpg'}, 'nat': 'NL'}</msg>
<arg>${json_data['results'][0]}</arg>
<doc>Logs the given message with the given level.</doc>
<status status="PASS" start="2024-04-30T03:14:49.395974" elapsed="0.000412"/>
</kw>
<kw name="Log" owner="BuiltIn">
<msg time="2024-04-30T03:14:49.396835" level="INFO">location</msg>
<arg>${key}</arg>
<doc>Logs the given message with the given level.</doc>
<status status="PASS" start="2024-04-30T03:14:49.396707" elapsed="0.000166"/>
</kw>
<var name="${key}">location</var>
<status status="PASS" start="2024-04-30T03:14:49.395155" elapsed="0.001933"/>
</iter>
<iter>
<kw name="Dictionary Should Contain Key" owner="Collections">
<msg time="2024-04-30T03:14:49.397752" level="INFO">False</msg>
<arg>${json_data['results'][0]}</arg>
<arg>${key}</arg>
<doc>Fails if ``key`` is not found from ``dictionary``.</doc>
<status status="PASS" start="2024-04-30T03:14:49.397368" elapsed="0.000421"/>
</kw>
<kw name="Log" owner="BuiltIn">
<msg time="2024-04-30T03:14:49.398442" level="INFO">{'gender': 'male', 'name': {'title': 'Mr', 'first': 'Ronin', 'last': 'Moleman'}, 'location': {'street': {'number': 4645, 'name': 'Aelbrechtskolk'}, 'city': 'Ijlst', 'state': 'Zeeland', 'country': 'Netherlands', 'postcode': '1632 XG', 'coordinates': {'latitude': '36.6608', 'longitude': '-94.2915'}, 'timezone': {'offset': '+6:00', 'description': 'Almaty, Dhaka, Colombo'}}, 'email': 'ronin.moleman@example.com', 'login': {'uuid': 'c7c706e0-0ea3-4ec8-8db8-51ec6d71159b', 'username': 'sadleopard427', 'password': 'sunny1', 'salt': 'd3Nn5XGq', 'md5': '6be6d33889875e6fc09090b41d2e0db5', 'sha1': '9710d390e6bdfe224213819e23621e45df9131b3', 'sha256': 'a824af4e849bd136ae6644dfd5acaee0f907c9270a87fb29a78b69dc5f2ebb21'}, 'dob': {'date': '1950-12-25T07:32:38.081Z', 'age': 73}, 'registered': {'date': '2020-08-02T02:00:05.719Z', 'age': 3}, 'phone': '(048) 4013563', 'cell': '(06) 51371950', 'id': {'name': 'BSN', 'value': '99775359'}, 'picture': {'large': 'https://randomuser.me/api/portraits/men/79.jpg', 'medium': 'https://randomuser.me/api/portraits/med/men/79.jpg', 'thumbnail': 'https://randomuser.me/api/portraits/thumb/men/79.jpg'}, 'nat': 'NL'}</msg>
<arg>${json_data['results'][0]}</arg>
<doc>Logs the given message with the given level.</doc>
<status status="PASS" start="2024-04-30T03:14:49.398088" elapsed="0.000401"/>
</kw>
<kw name="Log" owner="BuiltIn">
<msg time="2024-04-30T03:14:49.398909" level="INFO">email</msg>
<arg>${key}</arg>
<doc>Logs the given message with the given level.</doc>
<status status="PASS" start="2024-04-30T03:14:49.398781" elapsed="0.000166"/>
</kw>
<var name="${key}">email</var>
<status status="PASS" start="2024-04-30T03:14:49.397259" elapsed="0.001901"/>
</iter>
<iter>
<kw name="Dictionary Should Contain Key" owner="Collections">
<msg time="2024-04-30T03:14:49.399834" level="INFO">False</msg>
<arg>${json_data['results'][0]}</arg>
<arg>${key}</arg>
<doc>Fails if ``key`` is not found from ``dictionary``.</doc>
<status status="PASS" start="2024-04-30T03:14:49.399443" elapsed="0.000429"/>
</kw>
<kw name="Log" owner="BuiltIn">
<msg time="2024-04-30T03:14:49.400545" level="INFO">{'gender': 'male', 'name': {'title': 'Mr', 'first': 'Ronin', 'last': 'Moleman'}, 'location': {'street': {'number': 4645, 'name': 'Aelbrechtskolk'}, 'city': 'Ijlst', 'state': 'Zeeland', 'country': 'Netherlands', 'postcode': '1632 XG', 'coordinates': {'latitude': '36.6608', 'longitude': '-94.2915'}, 'timezone': {'offset': '+6:00', 'description': 'Almaty, Dhaka, Colombo'}}, 'email': 'ronin.moleman@example.com', 'login': {'uuid': 'c7c706e0-0ea3-4ec8-8db8-51ec6d71159b', 'username': 'sadleopard427', 'password': 'sunny1', 'salt': 'd3Nn5XGq', 'md5': '6be6d33889875e6fc09090b41d2e0db5', 'sha1': '9710d390e6bdfe224213819e23621e45df9131b3', 'sha256': 'a824af4e849bd136ae6644dfd5acaee0f907c9270a87fb29a78b69dc5f2ebb21'}, 'dob': {'date': '1950-12-25T07:32:38.081Z', 'age': 73}, 'registered': {'date': '2020-08-02T02:00:05.719Z', 'age': 3}, 'phone': '(048) 4013563', 'cell': '(06) 51371950', 'id': {'name': 'BSN', 'value': '99775359'}, 'picture': {'large': 'https://randomuser.me/api/portraits/men/79.jpg', 'medium': 'https://randomuser.me/api/portraits/med/men/79.jpg', 'thumbnail': 'https://randomuser.me/api/portraits/thumb/men/79.jpg'}, 'nat': 'NL'}</msg>
<arg>${json_data['results'][0]}</arg>
<doc>Logs the given message with the given level.</doc>
<status status="PASS" start="2024-04-30T03:14:49.400164" elapsed="0.000433"/>
</kw>
<kw name="Log" owner="BuiltIn">
<msg time="2024-04-30T03:14:49.401013" level="INFO">login</msg>
<arg>${key}</arg>
<doc>Logs the given message with the given level.</doc>
<status status="PASS" start="2024-04-30T03:14:49.400888" elapsed="0.000162"/>
</kw>
<var name="${key}">login</var>
<status status="PASS" start="2024-04-30T03:14:49.399333" elapsed="0.001934"/>
</iter>
<var>${key}</var>
<value>@{expected_keys}</value>
<status status="PASS" start="2024-04-30T03:14:49.390679" elapsed="0.010734"/>
</for>
<kw name="Create List" owner="BuiltIn">
<msg time="2024-04-30T03:14:49.401745" level="INFO">${expected_keysTwo} = ['username', 'password']</msg>
<var>${expected_keysTwo}</var>
<arg>username</arg>
<arg>password</arg>
<doc>Returns a list containing given items.</doc>
<status status="PASS" start="2024-04-30T03:14:49.401608" elapsed="0.000161"/>
</kw>
<for flavor="IN">
<iter>
<kw name="Dictionary Should Contain Key" owner="Collections">
<msg time="2024-04-30T03:14:49.402663" level="INFO">False</msg>
<arg>${json_data['results'][0]['login']}</arg>
<arg>${keyTwo}</arg>
<doc>Fails if ``key`` is not found from ``dictionary``.</doc>
<status status="PASS" start="2024-04-30T03:14:49.402266" elapsed="0.000435"/>
</kw>
<kw name="Dictionary Should Contain Key" owner="Collections">
<msg time="2024-04-30T03:14:49.403378" level="INFO">False</msg>
<arg>${json_data['results'][0]['login']}</arg>
<arg>${keyTwo}</arg>
<doc>Fails if ``key`` is not found from ``dictionary``.</doc>
<status status="PASS" start="2024-04-30T03:14:49.402996" elapsed="0.000419"/>
</kw>
<kw name="Log" owner="BuiltIn">
<msg time="2024-04-30T03:14:49.403831" level="INFO">username</msg>
<arg>${keyTwo}</arg>
<doc>Logs the given message with the given level.</doc>
<status status="PASS" start="2024-04-30T03:14:49.403704" elapsed="0.000169"/>
</kw>
<var name="${keyTwo}">username</var>
<status status="PASS" start="2024-04-30T03:14:49.402156" elapsed="0.001932"/>
</iter>
<iter>
<kw name="Dictionary Should Contain Key" owner="Collections">
<msg time="2024-04-30T03:14:49.404785" level="INFO">False</msg>
<arg>${json_data['results'][0]['login']}</arg>
<arg>${keyTwo}</arg>
<doc>Fails if ``key`` is not found from ``dictionary``.</doc>
<status status="PASS" start="2024-04-30T03:14:49.404374" elapsed="0.000450"/>
</kw>
<kw name="Dictionary Should Contain Key" owner="Collections">
<msg time="2024-04-30T03:14:49.405574" level="INFO">False</msg>
<arg>${json_data['results'][0]['login']}</arg>
<arg>${keyTwo}</arg>
<doc>Fails if ``key`` is not found from ``dictionary``.</doc>
<status status="PASS" start="2024-04-30T03:14:49.405114" elapsed="0.000498"/>
</kw>
<kw name="Log" owner="BuiltIn">
<msg time="2024-04-30T03:14:49.406036" level="INFO">password</msg>
<arg>${keyTwo}</arg>
<doc>Logs the given message with the given level.</doc>
<status status="PASS" start="2024-04-30T03:14:49.405909" elapsed="0.000164"/>
</kw>
<var name="${keyTwo}">password</var>
<status status="PASS" start="2024-04-30T03:14:49.404260" elapsed="0.002027"/>
</iter>
<var>${keyTwo}</var>
<value>@{expected_keysTwo}</value>
<status status="PASS" start="2024-04-30T03:14:49.402005" elapsed="0.004403"/>
</for>
<status status="PASS" start="2024-04-30T03:14:49.291582" elapsed="0.114964"/>
</kw>
<doc>Testa a estrutura da resposta da API.</doc>
<tag>testeEstruturaResposta</tag>
<status status="PASS" start="2024-04-30T03:14:49.291042" elapsed="0.115653"/>
</test>
<test id="s1-s1-t4" name="Validar tipos de dados" line="28">
<kw name="Teste de Tipos de Dados" owner="random-user-service">
<kw name="GET On Session" owner="RequestsLibrary">
<msg time="2024-04-30T03:14:49.488347" level="INFO">GET Request : url=https://randomuser.me/api 
 path_url=/api 
 headers={'User-Agent': 'python-requests/2.31.0', 'Accept-Encoding': 'gzip, deflate', 'Accept': '*/*', 'Connection': 'keep-alive'} 
 body=None 
 </msg>
<msg time="2024-04-30T03:14:49.488423" level="INFO">GET Response : url=https://randomuser.me/api 
 status=200, reason=OK 
 headers={'Date': 'Tue, 30 Apr 2024 03:14:49 GMT', 'Content-Type': 'application/json; charset=utf-8', 'Transfer-Encoding': 'chunked', 'Connection': 'keep-alive', 'X-Powered-By': 'Express', 'Access-Control-Allow-Origin': '*', 'Cache-Control': 'no-cache', 'ETag': 'W/"484-i9AoJi5mYZSeubEefoDRyc8fafY"', 'Vary': 'Accept-Encoding', 'Content-Encoding': 'gzip', 'CF-Cache-Status': 'DYNAMIC', 'Report-To': '{"endpoints":[{"url":"https:\\/\\/a.nel.cloudflare.com\\/report\\/v4?s=hIXS8oLlr6%2FYzyaat07a1W8JrV974tYS3laOLy5gig5x9GPpfpN1gnlmzzYB28%2FRu4frpm8jV2aKh7xUDGPvgt8AJ5%2FbFNTfP2nYixnYUk%2FFT6SIff2sGrGnoUEtRgwW"}],"group":"cf-nel","max_age":604800}', 'NEL': '{"success_fraction":0,"report_to":"cf-nel","max_age":604800}', 'Server': 'cloudflare', 'CF-RAY': '87c45d22db930851-IAD', 'alt-svc': 'h3=":443"; ma=86400'} 
 body={"results":[{"gender":"male","name":{"title":"Mr","first":"Villads","last":"Mortensen"},"location":{"street":{"number":4575,"name":"Tjørnevej"},"city":"Gørløse","state":"Nordjylland","country":"Denmark","postcode":55070,"coordinates":{"latitude":"-45.6269","longitude":"-128.2709"},"timezone":{"offset":"+7:00","description":"Bangkok, Hanoi, Jakarta"}},"email":"villads.mortensen@example.com","login":{"uuid":"f8d7d498-aca6-49dc-abad-73fe372beffd","username":"purplesnake496","password":"queenie","salt":"OXPyKZU6","md5":"f29c38db866bc81543078afbeff6d4bc","sha1":"e58eed1feca921edee5fc30c1c056d36e29c7061","sha256":"6cc2b10885fbbf63a854ff40c114f49c4d439d4d9c13986284bd954317d1d315"},"dob":{"date":"1956-02-04T20:02:26.538Z","age":68},"registered":{"date":"2021-04-28T15:13:35.455Z","age":3},"phone":"24179998","cell":"17180659","id":{"name":"CPR","value":"040256-7922"},"picture":{"large":"https://randomuser.me/api/portraits/men/91.jpg","medium":"https://randomuser.me/api/portraits/med/men/91.jpg","thumbnail":"https://randomuser.me/api/portraits/thumb/men/91.jpg"},"nat":"DK"}],"info":{"seed":"e5bbe824894ddbec","results":1,"page":1,"version":"1.4"}} 
 </msg>
<msg time="2024-04-30T03:14:49.488490" level="INFO">/opt/hostedtoolcache/Python/3.12.3/x64/lib/python3.12/site-packages/urllib3/connectionpool.py:1103: InsecureRequestWarning: Unverified HTTPS request is being made to host 'randomuser.me'. Adding certificate verification is strongly advised. See: https://urllib3.readthedocs.io/en/latest/advanced-usage.html#tls-warnings
  warnings.warn(</msg>
<msg time="2024-04-30T03:14:49.488615" level="INFO">${response} = &lt;Response [200]&gt;</msg>
<var>${response}</var>
<arg>consultarAPI</arg>
<arg>/api</arg>
<doc>Sends a GET request on a previously created HTTP Session.</doc>
<status status="PASS" start="2024-04-30T03:14:49.409179" elapsed="0.079474"/>
</kw>
<kw name="Set Variable" owner="BuiltIn">
<msg time="2024-04-30T03:14:49.489578" level="INFO">${json_data} = {'results': [{'gender': 'male', 'name': {'title': 'Mr', 'first': 'Villads', 'last': 'Mortensen'}, 'location': {'street': {'number': 4575, 'name': 'Tjørnevej'}, 'city': 'Gørløse', 'state': 'Nordjylland...</msg>
<var>${json_data}</var>
<arg>${response.json()}</arg>
<doc>Returns the given values which can then be assigned to a variables.</doc>
<status status="PASS" start="2024-04-30T03:14:49.489075" elapsed="0.000531"/>
</kw>
<kw name="Log" owner="BuiltIn">
<msg time="2024-04-30T03:14:49.490073" level="INFO">{'results': [{'gender': 'male', 'name': {'title': 'Mr', 'first': 'Villads', 'last': 'Mortensen'}, 'location': {'street': {'number': 4575, 'name': 'Tjørnevej'}, 'city': 'Gørløse', 'state': 'Nordjylland', 'country': 'Denmark', 'postcode': 55070, 'coordinates': {'latitude': '-45.6269', 'longitude': '-128.2709'}, 'timezone': {'offset': '+7:00', 'description': 'Bangkok, Hanoi, Jakarta'}}, 'email': 'villads.mortensen@example.com', 'login': {'uuid': 'f8d7d498-aca6-49dc-abad-73fe372beffd', 'username': 'purplesnake496', 'password': 'queenie', 'salt': 'OXPyKZU6', 'md5': 'f29c38db866bc81543078afbeff6d4bc', 'sha1': 'e58eed1feca921edee5fc30c1c056d36e29c7061', 'sha256': '6cc2b10885fbbf63a854ff40c114f49c4d439d4d9c13986284bd954317d1d315'}, 'dob': {'date': '1956-02-04T20:02:26.538Z', 'age': 68}, 'registered': {'date': '2021-04-28T15:13:35.455Z', 'age': 3}, 'phone': '24179998', 'cell': '17180659', 'id': {'name': 'CPR', 'value': '040256-7922'}, 'picture': {'large': 'https://randomuser.me/api/portraits/men/91.jpg', 'medium': 'https://randomuser.me/api/portraits/med/men/91.jpg', 'thumbnail': 'https://randomuser.me/api/portraits/thumb/men/91.jpg'}, 'nat': 'DK'}], 'info': {'seed': 'e5bbe824894ddbec', 'results': 1, 'page': 1, 'version': '1.4'}}</msg>
<arg>${json_data}</arg>
<doc>Logs the given message with the given level.</doc>
<status status="PASS" start="2024-04-30T03:14:49.489908" elapsed="0.000247"/>
</kw>
<kw name="Should Be String" owner="String">
<arg>${json_data['results'][0]['gender']}</arg>
<doc>Fails if the given ``item`` is not a string.</doc>
<status status="PASS" start="2024-04-30T03:14:49.490462" elapsed="0.000357"/>
</kw>
<kw name="Should Match Regexp" owner="BuiltIn">
<arg>${json_data['results'][0]['email']}</arg>
<arg>^[a-zA-Z0-9._%+-]+@[a-zA-Z0-9.-]+\.[a-zA-Z]{2,}$</arg>
<doc>Fails if ``string`` does not match ``pattern`` as a regular expression.</doc>
<status status="PASS" start="2024-04-30T03:14:49.491008" elapsed="0.000516"/>
</kw>
<kw name="Should Match Regexp" owner="BuiltIn">
<arg>${json_data['results'][0]['dob']['date']}</arg>
<arg>\\d{4}-\\d{2}-\\d{2}T\\d{2}:\\d{2}:\\d{2}\\.\\d{3}Z</arg>
<doc>Fails if ``string`` does not match ``pattern`` as a regular expression.</doc>
<status status="PASS" start="2024-04-30T03:14:49.491717" elapsed="0.000478"/>
</kw>
<kw name="Should Match Regexp" owner="BuiltIn">
<arg>${json_data['results'][0]['registered']['date']}</arg>
<arg>\\d{4}-\\d{2}-\\d{2}T\\d{2}:\\d{2}:\\d{2}\\.\\d{3}Z</arg>
<doc>Fails if ``string`` does not match ``pattern`` as a regular expression.</doc>
<status status="PASS" start="2024-04-30T03:14:49.492384" elapsed="0.000399"/>
</kw>
<kw name="Should Match Regexp" owner="BuiltIn">
<arg>${json_data['results'][0]['picture']['large']}</arg>
<arg>^https?://.*\.(?:png|jpe?g|gif|bmp)$</arg>
<doc>Fails if ``string`` does not match ``pattern`` as a regular expression.</doc>
<status status="PASS" start="2024-04-30T03:14:49.492970" elapsed="0.000463"/>
</kw>
<kw name="Should Match Regexp" owner="BuiltIn">
<arg>${json_data['results'][0]['picture']['medium']}</arg>
<arg>^https?://.*\.(?:png|jpe?g|gif|bmp)$</arg>
<doc>Fails if ``string`` does not match ``pattern`` as a regular expression.</doc>
<status status="PASS" start="2024-04-30T03:14:49.493624" elapsed="0.000362"/>
</kw>
<kw name="Should Match Regexp" owner="BuiltIn">
<arg>${json_data['results'][0]['picture']['thumbnail']}</arg>
<arg>^https?://.*\.(?:png|jpe?g|gif|bmp)$</arg>
<doc>Fails if ``string`` does not match ``pattern`` as a regular expression.</doc>
<status status="PASS" start="2024-04-30T03:14:49.494173" elapsed="0.000348"/>
</kw>
<kw name="Log" owner="BuiltIn">
<msg time="2024-04-30T03:14:49.495020" level="INFO">{'large': 'https://randomuser.me/api/portraits/men/91.jpg', 'medium': 'https://randomuser.me/api/portraits/med/men/91.jpg', 'thumbnail': 'https://randomuser.me/api/portraits/thumb/men/91.jpg'}</msg>
<arg>${json_data['results'][0]['picture']}</arg>
<doc>Logs the given message with the given level.</doc>
<status status="PASS" start="2024-04-30T03:14:49.494699" elapsed="0.000362"/>
</kw>
<status status="PASS" start="2024-04-30T03:14:49.408957" elapsed="0.086356"/>
</kw>
<kw name="Teste de Tipos de Dados - Postcode" owner="random-user-service">
<kw name="GET On Session" owner="RequestsLibrary">
<msg time="2024-04-30T03:14:49.589676" level="INFO">GET Request : url=https://randomuser.me/api 
 path_url=/api 
 headers={'User-Agent': 'python-requests/2.31.0', 'Accept-Encoding': 'gzip, deflate', 'Accept': '*/*', 'Connection': 'keep-alive'} 
 body=None 
 </msg>
<msg time="2024-04-30T03:14:49.589749" level="INFO">GET Response : url=https://randomuser.me/api 
 status=200, reason=OK 
 headers={'Date': 'Tue, 30 Apr 2024 03:14:49 GMT', 'Content-Type': 'application/json; charset=utf-8', 'Transfer-Encoding': 'chunked', 'Connection': 'keep-alive', 'X-Powered-By': 'Express', 'Access-Control-Allow-Origin': '*', 'Cache-Control': 'no-cache', 'ETag': 'W/"491-/Jrg6aoySATWUgPan26wWTLHalI"', 'Vary': 'Accept-Encoding', 'Content-Encoding': 'gzip', 'CF-Cache-Status': 'DYNAMIC', 'Report-To': '{"endpoints":[{"url":"https:\\/\\/a.nel.cloudflare.com\\/report\\/v4?s=hr%2FVBQgtyxC9OqizNTYCsBDFNOAH4fta%2BSFdqPgeG%2Fwefvtko%2FKnIGQmYeteiaaWIYxHnhiauT3tdPpwQ3lc1ddgo9uSC9DvCVBLxZvX%2Bh8xVuhsJ9OHlYzn5GtqaXtD"}],"group":"cf-nel","max_age":604800}', 'NEL': '{"success_fraction":0,"report_to":"cf-nel","max_age":604800}', 'Server': 'cloudflare', 'CF-RAY': '87c45d235c260851-IAD', 'alt-svc': 'h3=":443"; ma=86400'} 
 body={"results":[{"gender":"female","name":{"title":"Ms","first":"Katrina","last":"Miller"},"location":{"street":{"number":7995,"name":"Country Club Rd"},"city":"York","state":"Vermont","country":"United States","postcode":74342,"coordinates":{"latitude":"84.8319","longitude":"23.4429"},"timezone":{"offset":"-8:00","description":"Pacific Time (US &amp; Canada)"}},"email":"katrina.miller@example.com","login":{"uuid":"89d2c2fe-b56b-48c9-ae44-eeacc8a8dc29","username":"crazyswan938","password":"demons","salt":"wxSFUMj7","md5":"0263a4c5d8f7ed63a8736bc2eb057c01","sha1":"5d93df3903dbcb70b6e25b8679f39f9961f262dc","sha256":"06e858c38ea5afbb2f9231cf7e34dd5f823065aa7fa3329fce0962126a480fd9"},"dob":{"date":"1981-02-08T06:52:41.651Z","age":43},"registered":{"date":"2018-02-19T19:23:51.431Z","age":6},"phone":"(665) 881-5842","cell":"(273) 826-0259","id":{"name":"SSN","value":"461-51-9654"},"picture":{"large":"https://randomuser.me/api/portraits/women/76.jpg","medium":"https://randomuser.me/api/portraits/med/women/76.jpg","thumbnail":"https://randomuser.me/api/portraits/thumb/women/76.jpg"},"nat":"US"}],"info":{"seed":"057940a4fdc64143","results":1,"page":1,"version":"1.4"}} 
 </msg>
<msg time="2024-04-30T03:14:49.589815" level="INFO">/opt/hostedtoolcache/Python/3.12.3/x64/lib/python3.12/site-packages/urllib3/connectionpool.py:1103: InsecureRequestWarning: Unverified HTTPS request is being made to host 'randomuser.me'. Adding certificate verification is strongly advised. See: https://urllib3.readthedocs.io/en/latest/advanced-usage.html#tls-warnings
  warnings.warn(</msg>
<msg time="2024-04-30T03:14:49.589911" level="INFO">${response} = &lt;Response [200]&gt;</msg>
<var>${response}</var>
<arg>consultarAPI</arg>
<arg>/api</arg>
<doc>Sends a GET request on a previously created HTTP Session.</doc>
<status status="PASS" start="2024-04-30T03:14:49.495766" elapsed="0.094174"/>
</kw>
<kw name="Set Variable" owner="BuiltIn">
<msg time="2024-04-30T03:14:49.590911" level="INFO">${json_data} = {'results': [{'gender': 'female', 'name': {'title': 'Ms', 'first': 'Katrina', 'last': 'Miller'}, 'location': {'street': {'number': 7995, 'name': 'Country Club Rd'}, 'city': 'York', 'state': 'Vermont',...</msg>
<var>${json_data}</var>
<arg>${response.json()}</arg>
<doc>Returns the given values which can then be assigned to a variables.</doc>
<status status="PASS" start="2024-04-30T03:14:49.590428" elapsed="0.000510"/>
</kw>
<kw name="Log" owner="BuiltIn">
<msg time="2024-04-30T03:14:49.591396" level="INFO">{'results': [{'gender': 'female', 'name': {'title': 'Ms', 'first': 'Katrina', 'last': 'Miller'}, 'location': {'street': {'number': 7995, 'name': 'Country Club Rd'}, 'city': 'York', 'state': 'Vermont', 'country': 'United States', 'postcode': 74342, 'coordinates': {'latitude': '84.8319', 'longitude': '23.4429'}, 'timezone': {'offset': '-8:00', 'description': 'Pacific Time (US &amp; Canada)'}}, 'email': 'katrina.miller@example.com', 'login': {'uuid': '89d2c2fe-b56b-48c9-ae44-eeacc8a8dc29', 'username': 'crazyswan938', 'password': 'demons', 'salt': 'wxSFUMj7', 'md5': '0263a4c5d8f7ed63a8736bc2eb057c01', 'sha1': '5d93df3903dbcb70b6e25b8679f39f9961f262dc', 'sha256': '06e858c38ea5afbb2f9231cf7e34dd5f823065aa7fa3329fce0962126a480fd9'}, 'dob': {'date': '1981-02-08T06:52:41.651Z', 'age': 43}, 'registered': {'date': '2018-02-19T19:23:51.431Z', 'age': 6}, 'phone': '(665) 881-5842', 'cell': '(273) 826-0259', 'id': {'name': 'SSN', 'value': '461-51-9654'}, 'picture': {'large': 'https://randomuser.me/api/portraits/women/76.jpg', 'medium': 'https://randomuser.me/api/portraits/med/women/76.jpg', 'thumbnail': 'https://randomuser.me/api/portraits/thumb/women/76.jpg'}, 'nat': 'US'}], 'info': {'seed': '057940a4fdc64143', 'results': 1, 'page': 1, 'version': '1.4'}}</msg>
<arg>${json_data}</arg>
<doc>Logs the given message with the given level.</doc>
<status status="PASS" start="2024-04-30T03:14:49.591244" elapsed="0.000231"/>
</kw>
<kw name="Should Be Equal As Numbers" owner="BuiltIn">
<arg>${json_data['results'][0]['location']['postcode']}</arg>
<arg>${json_data['results'][0]['location']['postcode']}</arg>
<doc>Fails if objects are unequal after converting them to real numbers.</doc>
<status status="PASS" start="2024-04-30T03:14:49.591774" elapsed="0.000800"/>
</kw>
<kw name="Log" owner="BuiltIn">
<msg time="2024-04-30T03:14:49.593117" level="INFO">74342</msg>
<arg>${json_data['results'][0]['location']['postcode']}</arg>
<doc>Logs the given message with the given level.</doc>
<status status="PASS" start="2024-04-30T03:14:49.592779" elapsed="0.000378"/>
</kw>
<status status="PASS" start="2024-04-30T03:14:49.495535" elapsed="0.097873"/>
</kw>
<doc>Testa se os tipos de dados na resposta da API estão corretos.</doc>
<tag>testeTiposDados</tag>
<status status="PASS" start="2024-04-30T03:14:49.408486" elapsed="0.185086"/>
</test>
<test id="s1-s1-t5" name="Validar conteudo" line="35">
<kw name="Teste de Tipos de Conteudo" owner="random-user-service">
<kw name="GET On Session" owner="RequestsLibrary">
<msg time="2024-04-30T03:14:49.686712" level="INFO">GET Request : url=https://randomuser.me/api 
 path_url=/api 
 headers={'User-Agent': 'python-requests/2.31.0', 'Accept-Encoding': 'gzip, deflate', 'Accept': '*/*', 'Connection': 'keep-alive'} 
 body=None 
 </msg>
<msg time="2024-04-30T03:14:49.686788" level="INFO">GET Response : url=https://randomuser.me/api 
 status=200, reason=OK 
 headers={'Date': 'Tue, 30 Apr 2024 03:14:49 GMT', 'Content-Type': 'application/json; charset=utf-8', 'Transfer-Encoding': 'chunked', 'Connection': 'keep-alive', 'X-Powered-By': 'Express', 'Access-Control-Allow-Origin': '*', 'Cache-Control': 'no-cache', 'ETag': 'W/"48e-HjFnDGpmhShDA6iz+yb3gyFV644"', 'Vary': 'Accept-Encoding', 'Content-Encoding': 'gzip', 'CF-Cache-Status': 'DYNAMIC', 'Report-To': '{"endpoints":[{"url":"https:\\/\\/a.nel.cloudflare.com\\/report\\/v4?s=HpbfW7ZjQmkWj2rKEMhGpzLW%2FHt1K1LPtqQmEP%2FAA65Bv51LX8Z0pCX62qkzSSUVHx%2FnGZohDH9zepdberDO3tMe85Eeb1CVW5Ld6ktC2JWYuEgDLJ6zUwekEJLceuVJ"}],"group":"cf-nel","max_age":604800}', 'NEL': '{"success_fraction":0,"report_to":"cf-nel","max_age":604800}', 'Server': 'cloudflare', 'CF-RAY': '87c45d23fcc40851-IAD', 'alt-svc': 'h3=":443"; ma=86400'} 
 body={"results":[{"gender":"male","name":{"title":"Mr","first":"Caleb","last":"Turner"},"location":{"street":{"number":1688,"name":"South Road"},"city":"Upper Hutt","state":"Southland","country":"New Zealand","postcode":88523,"coordinates":{"latitude":"51.4697","longitude":"-82.7984"},"timezone":{"offset":"+11:00","description":"Magadan, Solomon Islands, New Caledonia"}},"email":"caleb.turner@example.com","login":{"uuid":"2cf2cdad-5914-4820-a14c-46021218323f","username":"goldenpeacock350","password":"baller","salt":"tLgsFjbQ","md5":"5304e4b7fc081d657e1a452957611db4","sha1":"a481418621a78ec23c48e9dbe4eb18ee7ad7a69c","sha256":"2768753ad8bff80026d749fa933581b498cd6356c9d62af664ae297bed5bfd49"},"dob":{"date":"1969-06-18T00:44:13.539Z","age":54},"registered":{"date":"2003-04-23T23:44:16.566Z","age":21},"phone":"(011)-521-1936","cell":"(609)-340-7771","id":{"name":"","value":null},"picture":{"large":"https://randomuser.me/api/portraits/men/14.jpg","medium":"https://randomuser.me/api/portraits/med/men/14.jpg","thumbnail":"https://randomuser.me/api/portraits/thumb/men/14.jpg"},"nat":"NZ"}],"info":{"seed":"24876886371fd755","results":1,"page":1,"version":"1.4"}} 
 </msg>
<msg time="2024-04-30T03:14:49.686848" level="INFO">/opt/hostedtoolcache/Python/3.12.3/x64/lib/python3.12/site-packages/urllib3/connectionpool.py:1103: InsecureRequestWarning: Unverified HTTPS request is being made to host 'randomuser.me'. Adding certificate verification is strongly advised. See: https://urllib3.readthedocs.io/en/latest/advanced-usage.html#tls-warnings
  warnings.warn(</msg>
<msg time="2024-04-30T03:14:49.686934" level="INFO">${response} = &lt;Response [200]&gt;</msg>
<var>${response}</var>
<arg>consultarAPI</arg>
<arg>/api</arg>
<doc>Sends a GET request on a previously created HTTP Session.</doc>
<status status="PASS" start="2024-04-30T03:14:49.596058" elapsed="0.090906"/>
</kw>
<kw name="Set Variable" owner="BuiltIn">
<msg time="2024-04-30T03:14:49.687804" level="INFO">${json_data} = {'results': [{'gender': 'male', 'name': {'title': 'Mr', 'first': 'Caleb', 'last': 'Turner'}, 'location': {'street': {'number': 1688, 'name': 'South Road'}, 'city': 'Upper Hutt', 'state': 'Southland', ...</msg>
<var>${json_data}</var>
<arg>${response.json()}</arg>
<doc>Returns the given values which can then be assigned to a variables.</doc>
<status status="PASS" start="2024-04-30T03:14:49.687348" elapsed="0.000484"/>
</kw>
<kw name="Set Variable" owner="BuiltIn">
<msg time="2024-04-30T03:14:49.688555" level="INFO">${name_title} = Mr</msg>
<var>${name_title}</var>
<arg>${json_data["results"][0]["name"]["title"]}</arg>
<doc>Returns the given values which can then be assigned to a variables.</doc>
<status status="PASS" start="2024-04-30T03:14:49.688132" elapsed="0.000451"/>
</kw>
<kw name="Create List" owner="BuiltIn">
<msg time="2024-04-30T03:14:49.689049" level="INFO">${allowed_titles} = ['Mr', 'Ms', 'Miss', 'Mrs', 'Madame', 'Monsieur']</msg>
<var>${allowed_titles}</var>
<arg>Mr</arg>
<arg>Ms</arg>
<arg>Miss</arg>
<arg>Mrs</arg>
<arg>Madame</arg>
<arg>Monsieur</arg>
<doc>Returns a list containing given items.</doc>
<status status="PASS" start="2024-04-30T03:14:49.688886" elapsed="0.000187"/>
</kw>
<kw name="List Should Contain Value" owner="Collections">
<msg time="2024-04-30T03:14:49.689537" level="INFO">False</msg>
<arg>${allowed_titles}</arg>
<arg>${name_title}</arg>
<doc>Fails if the ``value`` is not found from ``list``.</doc>
<status status="PASS" start="2024-04-30T03:14:49.689367" elapsed="0.000205"/>
</kw>
<kw name="Set Variable" owner="BuiltIn">
<msg time="2024-04-30T03:14:49.690237" level="INFO">${name_country} = NZ</msg>
<var>${name_country}</var>
<arg>${json_data["results"][0]["nat"]}</arg>
<doc>Returns the given values which can then be assigned to a variables.</doc>
<status status="PASS" start="2024-04-30T03:14:49.689862" elapsed="0.000400"/>
</kw>
<kw name="Create List" owner="BuiltIn">
<msg time="2024-04-30T03:14:49.691140" level="INFO">${list_country} = ['AD', 'AE', 'AF', 'AG', 'AI', 'AL', 'AM', 'AO', 'AQ', 'AR', 'AS', 'AT', 'AU', 'AW', 'AX', 'AZ', 'BA', 'BB', 'BD', 'BE', 'BF', 'BG', 'BH', 'BI', 'BJ', 'BL', 'BM', 'BN', 'BO', 'BQ', 'BR', 'BS', 'BT', '...</msg>
<var>${list_country}</var>
<arg>AD</arg>
<arg>AE</arg>
<arg>AF</arg>
<arg>AG</arg>
<arg>AI</arg>
<arg>AL</arg>
<arg>AM</arg>
<arg>AO</arg>
<arg>AQ</arg>
<arg>AR</arg>
<arg>AS</arg>
<arg>AT</arg>
<arg>AU</arg>
<arg>AW</arg>
<arg>AX</arg>
<arg>AZ</arg>
<arg>BA</arg>
<arg>BB</arg>
<arg>BD</arg>
<arg>BE</arg>
<arg>BF</arg>
<arg>BG</arg>
<arg>BH</arg>
<arg>BI</arg>
<arg>BJ</arg>
<arg>BL</arg>
<arg>BM</arg>
<arg>BN</arg>
<arg>BO</arg>
<arg>BQ</arg>
<arg>BR</arg>
<arg>BS</arg>
<arg>BT</arg>
<arg>BV</arg>
<arg>BW</arg>
<arg>BY</arg>
<arg>BZ</arg>
<arg>CA</arg>
<arg>CC</arg>
<arg>CD</arg>
<arg>CF</arg>
<arg>CG</arg>
<arg>CH</arg>
<arg>CI</arg>
<arg>CK</arg>
<arg>CL</arg>
<arg>CM</arg>
<arg>CN</arg>
<arg>CO</arg>
<arg>CR</arg>
<arg>CU</arg>
<arg>CV</arg>
<arg>CW</arg>
<arg>CX</arg>
<arg>CY</arg>
<arg>CZ</arg>
<arg>DE</arg>
<arg>DJ</arg>
<arg>DK</arg>
<arg>DM</arg>
<arg>DO</arg>
<arg>DZ</arg>
<arg>EC</arg>
<arg>EE</arg>
<arg>EG</arg>
<arg>EH</arg>
<arg>ER</arg>
<arg>ES</arg>
<arg>ET</arg>
<arg>FI</arg>
<arg>FJ</arg>
<arg>FK</arg>
<arg>FM</arg>
<arg>FO</arg>
<arg>FR</arg>
<arg>GA</arg>
<arg>GB</arg>
<arg>GD</arg>
<arg>GE</arg>
<arg>GF</arg>
<arg>GG</arg>
<arg>GH</arg>
<arg>GI</arg>
<arg>GL</arg>
<arg>GM</arg>
<arg>GN</arg>
<arg>GP</arg>
<arg>GQ</arg>
<arg>GR</arg>
<arg>GS</arg>
<arg>GT</arg>
<arg>GU</arg>
<arg>GW</arg>
<arg>GY</arg>
<arg>HK</arg>
<arg>HM</arg>
<arg>HN</arg>
<arg>HR</arg>
<arg>HT</arg>
<arg>HU</arg>
<arg>ID</arg>
<arg>IE</arg>
<arg>IL</arg>
<arg>IM</arg>
<arg>IN</arg>
<arg>IO</arg>
<arg>IQ</arg>
<arg>IR</arg>
<arg>IS</arg>
<arg>IT</arg>
<arg>JE</arg>
<arg>JM</arg>
<arg>JO</arg>
<arg>JP</arg>
<arg>KE</arg>
<arg>KG</arg>
<arg>KH</arg>
<arg>KI</arg>
<arg>KM</arg>
<arg>KN</arg>
<arg>KP</arg>
<arg>KR</arg>
<arg>KW</arg>
<arg>KY</arg>
<arg>KZ</arg>
<arg>LA</arg>
<arg>LB</arg>
<arg>LC</arg>
<arg>LI</arg>
<arg>LK</arg>
<arg>LR</arg>
<arg>LS</arg>
<arg>LT</arg>
<arg>LU</arg>
<arg>LV</arg>
<arg>LY</arg>
<arg>MA</arg>
<arg>MC</arg>
<arg>MD</arg>
<arg>ME</arg>
<arg>MF</arg>
<arg>MG</arg>
<arg>MH</arg>
<arg>MK</arg>
<arg>ML</arg>
<arg>MM</arg>
<arg>MN</arg>
<arg>MO</arg>
<arg>MP</arg>
<arg>MQ</arg>
<arg>MR</arg>
<arg>MS</arg>
<arg>MT</arg>
<arg>MU</arg>
<arg>MV</arg>
<arg>MW</arg>
<arg>MX</arg>
<arg>MY</arg>
<arg>MZ</arg>
<arg>NA</arg>
<arg>NC</arg>
<arg>NE</arg>
<arg>NF</arg>
<arg>NG</arg>
<arg>NI</arg>
<arg>NL</arg>
<arg>NO</arg>
<arg>NP</arg>
<arg>NR</arg>
<arg>NU</arg>
<arg>NZ</arg>
<arg>OM</arg>
<arg>PA</arg>
<arg>PE</arg>
<arg>PF</arg>
<arg>PG</arg>
<arg>PH</arg>
<arg>PK</arg>
<arg>PL</arg>
<arg>PM</arg>
<arg>PN</arg>
<arg>PR</arg>
<arg>PS</arg>
<arg>PT</arg>
<arg>PW</arg>
<arg>PY</arg>
<arg>QA</arg>
<arg>RE</arg>
<arg>RO</arg>
<arg>RS</arg>
<arg>RU</arg>
<arg>RW</arg>
<arg>SA</arg>
<arg>SB</arg>
<arg>SC</arg>
<arg>SD</arg>
<arg>SE</arg>
<arg>SG</arg>
<arg>SH</arg>
<arg>SI</arg>
<arg>SJ</arg>
<arg>SK</arg>
<arg>SL</arg>
<arg>SM</arg>
<arg>SN</arg>
<arg>SO</arg>
<arg>SR</arg>
<arg>SS</arg>
<arg>ST</arg>
<arg>SV</arg>
<arg>SX</arg>
<arg>SY</arg>
<arg>SZ</arg>
<arg>TC</arg>
<arg>TD</arg>
<arg>TF</arg>
<arg>TG</arg>
<arg>TH</arg>
<arg>TJ</arg>
<arg>TK</arg>
<arg>TL</arg>
<arg>TM</arg>
<arg>TN</arg>
<arg>TO</arg>
<arg>TR</arg>
<arg>TT</arg>
<arg>TV</arg>
<arg>TW</arg>
<arg>TZ</arg>
<arg>UA</arg>
<arg>UG</arg>
<arg>UM</arg>
<arg>US</arg>
<arg>UY</arg>
<arg>UZ</arg>
<arg>VA</arg>
<arg>VC</arg>
<arg>VE</arg>
<arg>VG</arg>
<arg>VI</arg>
<arg>VN</arg>
<arg>VU</arg>
<arg>WF</arg>
<arg>WS</arg>
<arg>XK</arg>
<arg>YE</arg>
<arg>YT</arg>
<arg>ZA</arg>
<arg>ZM</arg>
<arg>ZW</arg>
<doc>Returns a list containing given items.</doc>
<status status="PASS" start="2024-04-30T03:14:49.690559" elapsed="0.000606"/>
</kw>
<kw name="List Should Contain Value" owner="Collections">
<msg time="2024-04-30T03:14:49.692154" level="INFO">False</msg>
<arg>${list_country}</arg>
<arg>${name_country}</arg>
<doc>Fails if the ``value`` is not found from ``list``.</doc>
<status status="PASS" start="2024-04-30T03:14:49.691953" elapsed="0.000236"/>
</kw>
<kw name="Run Keyword If" owner="BuiltIn">
<kw name="Should Be True" owner="BuiltIn">
<arg>${True}</arg>
<doc>Fails if the given condition is not true.</doc>
<status status="PASS" start="2024-04-30T03:14:49.693289" elapsed="0.000143"/>
</kw>
<arg>${json_data["results"][0]["location"]["coordinates"]["latitude"]} &gt;= -90 and ${json_data["results"][0]["location"]["coordinates"]["latitude"]} &lt;= 90</arg>
<arg>Should Be True</arg>
<arg>${True}</arg>
<doc>Runs the given keyword with the given arguments, if ``condition`` is true.</doc>
<status status="PASS" start="2024-04-30T03:14:49.692503" elapsed="0.001054"/>
</kw>
<kw name="Run Keyword If" owner="BuiltIn">
<kw name="Should Be True" owner="BuiltIn">
<arg>${True}</arg>
<doc>Fails if the given condition is not true.</doc>
<status status="PASS" start="2024-04-30T03:14:49.694448" elapsed="0.000243"/>
</kw>
<arg>${json_data["results"][0]["location"]["coordinates"]["longitude"]} &gt;= -180 and ${json_data["results"][0]["location"]["coordinates"]["longitude"]} &lt;= 180</arg>
<arg>Should Be True</arg>
<arg>${True}</arg>
<doc>Runs the given keyword with the given arguments, if ``condition`` is true.</doc>
<status status="PASS" start="2024-04-30T03:14:49.693739" elapsed="0.001077"/>
</kw>
<status status="PASS" start="2024-04-30T03:14:49.595833" elapsed="0.099112"/>
</kw>
<doc>Testa o conteúdo específico dos campos retornados pela API.</doc>
<tag>testeConteudo</tag>
<status status="PASS" start="2024-04-30T03:14:49.595300" elapsed="0.099788"/>
</test>
<status status="PASS" start="2024-04-30T03:14:48.746580" elapsed="0.950500"/>
</suite>
<status status="PASS" start="2024-04-30T03:14:48.732484" elapsed="0.969739"/>
</suite>
<statistics>
<total>
<stat pass="5" fail="0" skip="0">All Tests</stat>
</total>
<tag>
<stat pass="1" fail="0" skip="0">testeConteudo</stat>
<stat pass="1" fail="0" skip="0">testeEstruturaResposta</stat>
<stat pass="1" fail="0" skip="0">testeRequisicaoBasica</stat>
<stat pass="1" fail="0" skip="0">testeTiposDados</stat>
</tag>
<suite>
<stat pass="5" fail="0" skip="0" id="s1" name="Tests">Tests</stat>
<stat pass="5" fail="0" skip="0" id="s1-s1" name="Random-User-Test">Tests.Random-User-Test</stat>
</suite>
</statistics>
<errors>
</errors>
</robot>
