<?xml version="1.0" encoding="UTF-8"?>
<robot generator="Robot 7.0.1 (Python 3.12.3 on linux)" generated="2024-06-15T22:13:47.986820" rpa="false" schemaversion="5">
<suite id="s1" name="Tests" source="/home/runner/work/ApiRandomUser/ApiRandomUser/RamdonUser/tests">
<suite id="s1-s1" name="Random-User-Test" source="/home/runner/work/ApiRandomUser/ApiRandomUser/RamdonUser/tests/random-user-test.robot">
<test id="s1-s1-t1" name="Conectar" line="13">
<kw name="Conectar API" owner="random-user-service">
<kw name="Create Session" owner="RequestsLibrary">
<msg time="2024-06-15T22:13:48.407687" level="INFO">Creating Session using : alias=consultarAPI, url=https://randomuser.me/, headers={},                     cookies={}, auth=None, timeout=None, proxies=None, verify=False,                     debug=0 </msg>
<arg>consultarAPI</arg>
<arg>${URL}</arg>
<doc>Create Session: create a HTTP session to a server</doc>
<status status="PASS" start="2024-06-15T22:13:48.407480" elapsed="0.000392"/>
</kw>
<status status="PASS" start="2024-06-15T22:13:48.406490" elapsed="0.001750"/>
</kw>
<status status="PASS" start="2024-06-15T22:13:48.405911" elapsed="0.002529"/>
</test>
<test id="s1-s1-t2" name="Validar retorno 200 e JSON Válido" line="16">
<kw name="Teste de Requisicao Basica" owner="random-user-service">
<kw name="GET On Session" owner="RequestsLibrary">
<msg time="2024-06-15T22:13:48.649034" level="INFO">GET Request : url=https://randomuser.me/api 
 path_url=/api 
 headers={'User-Agent': 'python-requests/2.32.3', 'Accept-Encoding': 'gzip, deflate', 'Accept': '*/*', 'Connection': 'keep-alive'} 
 body=None 
 </msg>
<msg time="2024-06-15T22:13:48.649191" level="INFO">GET Response : url=https://randomuser.me/api 
 status=200, reason=OK 
 headers={'Date': 'Sat, 15 Jun 2024 22:13:48 GMT', 'Content-Type': 'application/json; charset=utf-8', 'Transfer-Encoding': 'chunked', 'Connection': 'keep-alive', 'X-Powered-By': 'Express', 'Access-Control-Allow-Origin': '*', 'Cache-Control': 'no-cache', 'ETag': 'W/"47a-vA/D6CdFVN4ufg0r2sW4WTUXiVE"', 'Vary': 'Accept-Encoding', 'Content-Encoding': 'gzip', 'CF-Cache-Status': 'DYNAMIC', 'Report-To': '{"endpoints":[{"url":"https:\\/\\/a.nel.cloudflare.com\\/report\\/v4?s=BjtN3qOztJRnECoFBoR0PcjkFRyrMzGd9g84pjeOAvrYEcaZqnlq%2BdsRrA9zMUelWs7r8UYw3jwGFNI234ANOPPU2zWnv%2BOOleZhGNp11KTnGtfIlQuGW%2FHz9kx5Kz2H"}],"group":"cf-nel","max_age":604800}', 'NEL': '{"success_fraction":0,"report_to":"cf-nel","max_age":604800}', 'Server': 'cloudflare', 'CF-RAY': '8945e8d2d96c9c79-IAD', 'alt-svc': 'h3=":443"; ma=86400'} 
 body={"results":[{"gender":"male","name":{"title":"Mr","first":"Philippe","last":"Brar"},"location":{"street":{"number":8213,"name":"Main St"},"city":"Cornwall","state":"British Columbia","country":"Canada","postcode":"Y5Z 7S9","coordinates":{"latitude":"-66.7378","longitude":"-145.5118"},"timezone":{"offset":"-9:00","description":"Alaska"}},"email":"philippe.brar@example.com","login":{"uuid":"c12d932e-1804-4626-b444-a21f72126a04","username":"goldenelephant710","password":"dontknow","salt":"gIcrzky0","md5":"1de4159247c7ff6b50ac605ac97dc39e","sha1":"6376f60e270c42a54e9f906c6145dac99b5329bf","sha256":"54afe87f824c517393614f90ae3f1c3d9892dd1dcf01f74d2d73fd27b7b206bd"},"dob":{"date":"1953-07-21T03:15:54.929Z","age":70},"registered":{"date":"2004-04-25T00:49:32.221Z","age":20},"phone":"M10 E46-0259","cell":"D09 J31-2314","id":{"name":"SIN","value":"659424865"},"picture":{"large":"https://randomuser.me/api/portraits/men/95.jpg","medium":"https://randomuser.me/api/portraits/med/men/95.jpg","thumbnail":"https://randomuser.me/api/portraits/thumb/men/95.jpg"},"nat":"CA"}],"info":{"seed":"110eccf8af5c80fc","results":1,"page":1,"version":"1.4"}} 
 </msg>
<msg time="2024-06-15T22:13:48.649274" level="INFO">/opt/hostedtoolcache/Python/3.12.3/x64/lib/python3.12/site-packages/urllib3/connectionpool.py:1103: InsecureRequestWarning: Unverified HTTPS request is being made to host 'randomuser.me'. Adding certificate verification is strongly advised. See: https://urllib3.readthedocs.io/en/latest/advanced-usage.html#tls-warnings
  warnings.warn(</msg>
<msg time="2024-06-15T22:13:48.649430" level="INFO">${response} = &lt;Response [200]&gt;</msg>
<var>${response}</var>
<arg>consultarAPI</arg>
<arg>/api</arg>
<doc>Sends a GET request on a previously created HTTP Session.</doc>
<status status="PASS" start="2024-06-15T22:13:48.411062" elapsed="0.238409"/>
</kw>
<kw name="Should Be Equal As Numbers" owner="BuiltIn">
<msg time="2024-06-15T22:13:48.650684" level="INFO">Argument types are:
&lt;class 'int'&gt;
&lt;class 'str'&gt;</msg>
<arg>${response.status_code}</arg>
<arg>200</arg>
<doc>Fails if objects are unequal after converting them to real numbers.</doc>
<status status="PASS" start="2024-06-15T22:13:48.650151" elapsed="0.000601"/>
</kw>
<kw name="Log" owner="BuiltIn">
<msg time="2024-06-15T22:13:48.651451" level="INFO">200</msg>
<arg>${response.status_code}</arg>
<doc>Logs the given message with the given level.</doc>
<status status="PASS" start="2024-06-15T22:13:48.651098" elapsed="0.000399"/>
</kw>
<kw name="Set Variable" owner="BuiltIn">
<msg time="2024-06-15T22:13:48.652242" level="INFO">${json_data} = {'results': [{'gender': 'male', 'name': {'title': 'Mr', 'first': 'Philippe', 'last': 'Brar'}, 'location': {'street': {'number': 8213, 'name': 'Main St'}, 'city': 'Cornwall', 'state': 'British Columbia...</msg>
<var>${json_data}</var>
<arg>${response.json()}</arg>
<doc>Returns the given values which can then be assigned to a variables.</doc>
<status status="PASS" start="2024-06-15T22:13:48.651803" elapsed="0.000467"/>
</kw>
<kw name="Dictionary Should Contain Key" owner="Collections">
<arg>${json_data}</arg>
<arg>results</arg>
<doc>Fails if ``key`` is not found from ``dictionary``.</doc>
<status status="PASS" start="2024-06-15T22:13:48.652569" elapsed="0.000164"/>
</kw>
<status status="PASS" start="2024-06-15T22:13:48.410818" elapsed="0.242067"/>
</kw>
<doc>Testa se a API responde corretamente e retorna um objeto JSON válido.</doc>
<tag>testeRequisicaoBasica</tag>
<status status="PASS" start="2024-06-15T22:13:48.410321" elapsed="0.242744"/>
</test>
<test id="s1-s1-t3" name="Validar estrutura de resposta" line="22">
<kw name="Teste de Estrutura de Resposta" owner="random-user-service">
<kw name="GET On Session" owner="RequestsLibrary">
<msg time="2024-06-15T22:13:48.749356" level="INFO">GET Request : url=https://randomuser.me/api 
 path_url=/api 
 headers={'User-Agent': 'python-requests/2.32.3', 'Accept-Encoding': 'gzip, deflate', 'Accept': '*/*', 'Connection': 'keep-alive'} 
 body=None 
 </msg>
<msg time="2024-06-15T22:13:48.749454" level="INFO">GET Response : url=https://randomuser.me/api 
 status=200, reason=OK 
 headers={'Date': 'Sat, 15 Jun 2024 22:13:48 GMT', 'Content-Type': 'application/json; charset=utf-8', 'Transfer-Encoding': 'chunked', 'Connection': 'keep-alive', 'X-Powered-By': 'Express', 'Access-Control-Allow-Origin': '*', 'Cache-Control': 'no-cache', 'ETag': 'W/"491-YNYSEWRSTZej5u5XZAuUupvb5EE"', 'Vary': 'Accept-Encoding', 'Content-Encoding': 'gzip', 'CF-Cache-Status': 'DYNAMIC', 'Report-To': '{"endpoints":[{"url":"https:\\/\\/a.nel.cloudflare.com\\/report\\/v4?s=2TTg4Qm3QFOpSs7btCuUBZcL47DjSv%2FvTh7I0DA4LAT96Vl5SV5i3bBjWqI9mEncSXg4W22uXBz0KEIAWdGMY9WKwTc9EsO%2Fcgp1uJ9GX%2FoJl2R9pRGrOGl%2FACPG%2BNn%2B"}],"group":"cf-nel","max_age":604800}', 'NEL': '{"success_fraction":0,"report_to":"cf-nel","max_age":604800}', 'Server': 'cloudflare', 'CF-RAY': '8945e8d319a49c79-IAD', 'alt-svc': 'h3=":443"; ma=86400'} 
 body={"results":[{"gender":"male","name":{"title":"Mr","first":"Jeff","last":"Stanley"},"location":{"street":{"number":3550,"name":"Camden Ave"},"city":"Adelaide","state":"South Australia","country":"Australia","postcode":9982,"coordinates":{"latitude":"-88.0499","longitude":"-28.7672"},"timezone":{"offset":"+11:00","description":"Magadan, Solomon Islands, New Caledonia"}},"email":"jeff.stanley@example.com","login":{"uuid":"7df51096-4a20-4e4a-a182-ba08f70d922d","username":"lazycat749","password":"andrews","salt":"pOib5pPP","md5":"8279c7176b18a3765e73d1a8cb9e6b5d","sha1":"826b299395cac5b7ed26f4a81d0cd78853c1d570","sha256":"906fc1aead5e4b86dc6eab13b612f1c202afca42c5e0bc420e4f9b0996cda5b7"},"dob":{"date":"1981-04-01T05:19:17.139Z","age":43},"registered":{"date":"2002-09-13T13:11:15.076Z","age":21},"phone":"09-4085-1187","cell":"0428-822-560","id":{"name":"TFN","value":"524440924"},"picture":{"large":"https://randomuser.me/api/portraits/men/53.jpg","medium":"https://randomuser.me/api/portraits/med/men/53.jpg","thumbnail":"https://randomuser.me/api/portraits/thumb/men/53.jpg"},"nat":"AU"}],"info":{"seed":"8066eed0ff5c50f7","results":1,"page":1,"version":"1.4"}} 
 </msg>
<msg time="2024-06-15T22:13:48.749583" level="INFO">/opt/hostedtoolcache/Python/3.12.3/x64/lib/python3.12/site-packages/urllib3/connectionpool.py:1103: InsecureRequestWarning: Unverified HTTPS request is being made to host 'randomuser.me'. Adding certificate verification is strongly advised. See: https://urllib3.readthedocs.io/en/latest/advanced-usage.html#tls-warnings
  warnings.warn(</msg>
<msg time="2024-06-15T22:13:48.749715" level="INFO">${response} = &lt;Response [200]&gt;</msg>
<var>${response}</var>
<arg>consultarAPI</arg>
<arg>/api</arg>
<doc>Sends a GET request on a previously created HTTP Session.</doc>
<status status="PASS" start="2024-06-15T22:13:48.655783" elapsed="0.093973"/>
</kw>
<kw name="Set Variable" owner="BuiltIn">
<msg time="2024-06-15T22:13:48.751040" level="INFO">${json_data} = {'results': [{'gender': 'male', 'name': {'title': 'Mr', 'first': 'Jeff', 'last': 'Stanley'}, 'location': {'street': {'number': 3550, 'name': 'Camden Ave'}, 'city': 'Adelaide', 'state': 'South Australi...</msg>
<var>${json_data}</var>
<arg>${response.json()}</arg>
<doc>Returns the given values which can then be assigned to a variables.</doc>
<status status="PASS" start="2024-06-15T22:13:48.750406" elapsed="0.000663"/>
</kw>
<kw name="Log" owner="BuiltIn">
<msg time="2024-06-15T22:13:48.751577" level="INFO">{'results': [{'gender': 'male', 'name': {'title': 'Mr', 'first': 'Jeff', 'last': 'Stanley'}, 'location': {'street': {'number': 3550, 'name': 'Camden Ave'}, 'city': 'Adelaide', 'state': 'South Australia', 'country': 'Australia', 'postcode': 9982, 'coordinates': {'latitude': '-88.0499', 'longitude': '-28.7672'}, 'timezone': {'offset': '+11:00', 'description': 'Magadan, Solomon Islands, New Caledonia'}}, 'email': 'jeff.stanley@example.com', 'login': {'uuid': '7df51096-4a20-4e4a-a182-ba08f70d922d', 'username': 'lazycat749', 'password': 'andrews', 'salt': 'pOib5pPP', 'md5': '8279c7176b18a3765e73d1a8cb9e6b5d', 'sha1': '826b299395cac5b7ed26f4a81d0cd78853c1d570', 'sha256': '906fc1aead5e4b86dc6eab13b612f1c202afca42c5e0bc420e4f9b0996cda5b7'}, 'dob': {'date': '1981-04-01T05:19:17.139Z', 'age': 43}, 'registered': {'date': '2002-09-13T13:11:15.076Z', 'age': 21}, 'phone': '09-4085-1187', 'cell': '0428-822-560', 'id': {'name': 'TFN', 'value': '524440924'}, 'picture': {'large': 'https://randomuser.me/api/portraits/men/53.jpg', 'medium': 'https://randomuser.me/api/portraits/med/men/53.jpg', 'thumbnail': 'https://randomuser.me/api/portraits/thumb/men/53.jpg'}, 'nat': 'AU'}], 'info': {'seed': '8066eed0ff5c50f7', 'results': 1, 'page': 1, 'version': '1.4'}}</msg>
<arg>${json_data}</arg>
<doc>Logs the given message with the given level.</doc>
<status status="PASS" start="2024-06-15T22:13:48.751409" elapsed="0.000221"/>
</kw>
<kw name="Dictionary Should Contain Key" owner="Collections">
<arg>${json_data}</arg>
<arg>results</arg>
<doc>Fails if ``key`` is not found from ``dictionary``.</doc>
<status status="PASS" start="2024-06-15T22:13:48.751936" elapsed="0.000166"/>
</kw>
<kw name="Should Not Be Empty" owner="BuiltIn">
<msg time="2024-06-15T22:13:48.752420" level="INFO">Length is 2.</msg>
<arg>${json_data}</arg>
<doc>Verifies that the given item is not empty.</doc>
<status status="PASS" start="2024-06-15T22:13:48.752292" elapsed="0.000167"/>
</kw>
<kw name="Create List" owner="BuiltIn">
<msg time="2024-06-15T22:13:48.752913" level="INFO">${expected_keys} = ['gender', 'name', 'location', 'email', 'login']</msg>
<var>${expected_keys}</var>
<arg>gender</arg>
<arg>name</arg>
<arg>location</arg>
<arg>email</arg>
<arg>login</arg>
<doc>Returns a list containing given items.</doc>
<status status="PASS" start="2024-06-15T22:13:48.752754" elapsed="0.000183"/>
</kw>
<for flavor="IN">
<iter>
<kw name="Dictionary Should Contain Key" owner="Collections">
<arg>${json_data['results'][0]}</arg>
<arg>${key}</arg>
<doc>Fails if ``key`` is not found from ``dictionary``.</doc>
<status status="PASS" start="2024-06-15T22:13:48.753708" elapsed="0.000419"/>
</kw>
<kw name="Log" owner="BuiltIn">
<msg time="2024-06-15T22:13:48.754732" level="INFO">{'gender': 'male', 'name': {'title': 'Mr', 'first': 'Jeff', 'last': 'Stanley'}, 'location': {'street': {'number': 3550, 'name': 'Camden Ave'}, 'city': 'Adelaide', 'state': 'South Australia', 'country': 'Australia', 'postcode': 9982, 'coordinates': {'latitude': '-88.0499', 'longitude': '-28.7672'}, 'timezone': {'offset': '+11:00', 'description': 'Magadan, Solomon Islands, New Caledonia'}}, 'email': 'jeff.stanley@example.com', 'login': {'uuid': '7df51096-4a20-4e4a-a182-ba08f70d922d', 'username': 'lazycat749', 'password': 'andrews', 'salt': 'pOib5pPP', 'md5': '8279c7176b18a3765e73d1a8cb9e6b5d', 'sha1': '826b299395cac5b7ed26f4a81d0cd78853c1d570', 'sha256': '906fc1aead5e4b86dc6eab13b612f1c202afca42c5e0bc420e4f9b0996cda5b7'}, 'dob': {'date': '1981-04-01T05:19:17.139Z', 'age': 43}, 'registered': {'date': '2002-09-13T13:11:15.076Z', 'age': 21}, 'phone': '09-4085-1187', 'cell': '0428-822-560', 'id': {'name': 'TFN', 'value': '524440924'}, 'picture': {'large': 'https://randomuser.me/api/portraits/men/53.jpg', 'medium': 'https://randomuser.me/api/portraits/med/men/53.jpg', 'thumbnail': 'https://randomuser.me/api/portraits/thumb/men/53.jpg'}, 'nat': 'AU'}</msg>
<arg>${json_data['results'][0]}</arg>
<doc>Logs the given message with the given level.</doc>
<status status="PASS" start="2024-06-15T22:13:48.754321" elapsed="0.000461"/>
</kw>
<kw name="Log" owner="BuiltIn">
<msg time="2024-06-15T22:13:48.755224" level="INFO">gender</msg>
<arg>${key}</arg>
<doc>Logs the given message with the given level.</doc>
<status status="PASS" start="2024-06-15T22:13:48.755086" elapsed="0.000178"/>
</kw>
<var name="${key}">gender</var>
<status status="PASS" start="2024-06-15T22:13:48.753572" elapsed="0.001916"/>
</iter>
<iter>
<kw name="Dictionary Should Contain Key" owner="Collections">
<arg>${json_data['results'][0]}</arg>
<arg>${key}</arg>
<doc>Fails if ``key`` is not found from ``dictionary``.</doc>
<status status="PASS" start="2024-06-15T22:13:48.755800" elapsed="0.000405"/>
</kw>
<kw name="Log" owner="BuiltIn">
<msg time="2024-06-15T22:13:48.756752" level="INFO">{'gender': 'male', 'name': {'title': 'Mr', 'first': 'Jeff', 'last': 'Stanley'}, 'location': {'street': {'number': 3550, 'name': 'Camden Ave'}, 'city': 'Adelaide', 'state': 'South Australia', 'country': 'Australia', 'postcode': 9982, 'coordinates': {'latitude': '-88.0499', 'longitude': '-28.7672'}, 'timezone': {'offset': '+11:00', 'description': 'Magadan, Solomon Islands, New Caledonia'}}, 'email': 'jeff.stanley@example.com', 'login': {'uuid': '7df51096-4a20-4e4a-a182-ba08f70d922d', 'username': 'lazycat749', 'password': 'andrews', 'salt': 'pOib5pPP', 'md5': '8279c7176b18a3765e73d1a8cb9e6b5d', 'sha1': '826b299395cac5b7ed26f4a81d0cd78853c1d570', 'sha256': '906fc1aead5e4b86dc6eab13b612f1c202afca42c5e0bc420e4f9b0996cda5b7'}, 'dob': {'date': '1981-04-01T05:19:17.139Z', 'age': 43}, 'registered': {'date': '2002-09-13T13:11:15.076Z', 'age': 21}, 'phone': '09-4085-1187', 'cell': '0428-822-560', 'id': {'name': 'TFN', 'value': '524440924'}, 'picture': {'large': 'https://randomuser.me/api/portraits/men/53.jpg', 'medium': 'https://randomuser.me/api/portraits/med/men/53.jpg', 'thumbnail': 'https://randomuser.me/api/portraits/thumb/men/53.jpg'}, 'nat': 'AU'}</msg>
<arg>${json_data['results'][0]}</arg>
<doc>Logs the given message with the given level.</doc>
<status status="PASS" start="2024-06-15T22:13:48.756396" elapsed="0.000437"/>
</kw>
<kw name="Log" owner="BuiltIn">
<msg time="2024-06-15T22:13:48.757268" level="INFO">name</msg>
<arg>${key}</arg>
<doc>Logs the given message with the given level.</doc>
<status status="PASS" start="2024-06-15T22:13:48.757137" elapsed="0.000170"/>
</kw>
<var name="${key}">name</var>
<status status="PASS" start="2024-06-15T22:13:48.755685" elapsed="0.001853"/>
</iter>
<iter>
<kw name="Dictionary Should Contain Key" owner="Collections">
<arg>${json_data['results'][0]}</arg>
<arg>${key}</arg>
<doc>Fails if ``key`` is not found from ``dictionary``.</doc>
<status status="PASS" start="2024-06-15T22:13:48.757835" elapsed="0.000385"/>
</kw>
<kw name="Log" owner="BuiltIn">
<msg time="2024-06-15T22:13:48.758807" level="INFO">{'gender': 'male', 'name': {'title': 'Mr', 'first': 'Jeff', 'last': 'Stanley'}, 'location': {'street': {'number': 3550, 'name': 'Camden Ave'}, 'city': 'Adelaide', 'state': 'South Australia', 'country': 'Australia', 'postcode': 9982, 'coordinates': {'latitude': '-88.0499', 'longitude': '-28.7672'}, 'timezone': {'offset': '+11:00', 'description': 'Magadan, Solomon Islands, New Caledonia'}}, 'email': 'jeff.stanley@example.com', 'login': {'uuid': '7df51096-4a20-4e4a-a182-ba08f70d922d', 'username': 'lazycat749', 'password': 'andrews', 'salt': 'pOib5pPP', 'md5': '8279c7176b18a3765e73d1a8cb9e6b5d', 'sha1': '826b299395cac5b7ed26f4a81d0cd78853c1d570', 'sha256': '906fc1aead5e4b86dc6eab13b612f1c202afca42c5e0bc420e4f9b0996cda5b7'}, 'dob': {'date': '1981-04-01T05:19:17.139Z', 'age': 43}, 'registered': {'date': '2002-09-13T13:11:15.076Z', 'age': 21}, 'phone': '09-4085-1187', 'cell': '0428-822-560', 'id': {'name': 'TFN', 'value': '524440924'}, 'picture': {'large': 'https://randomuser.me/api/portraits/men/53.jpg', 'medium': 'https://randomuser.me/api/portraits/med/men/53.jpg', 'thumbnail': 'https://randomuser.me/api/portraits/thumb/men/53.jpg'}, 'nat': 'AU'}</msg>
<arg>${json_data['results'][0]}</arg>
<doc>Logs the given message with the given level.</doc>
<status status="PASS" start="2024-06-15T22:13:48.758438" elapsed="0.000419"/>
</kw>
<kw name="Log" owner="BuiltIn">
<msg time="2024-06-15T22:13:48.759288" level="INFO">location</msg>
<arg>${key}</arg>
<doc>Logs the given message with the given level.</doc>
<status status="PASS" start="2024-06-15T22:13:48.759158" elapsed="0.000168"/>
</kw>
<var name="${key}">location</var>
<status status="PASS" start="2024-06-15T22:13:48.757723" elapsed="0.001825"/>
</iter>
<iter>
<kw name="Dictionary Should Contain Key" owner="Collections">
<arg>${json_data['results'][0]}</arg>
<arg>${key}</arg>
<doc>Fails if ``key`` is not found from ``dictionary``.</doc>
<status status="PASS" start="2024-06-15T22:13:48.759835" elapsed="0.000393"/>
</kw>
<kw name="Log" owner="BuiltIn">
<msg time="2024-06-15T22:13:48.760760" level="INFO">{'gender': 'male', 'name': {'title': 'Mr', 'first': 'Jeff', 'last': 'Stanley'}, 'location': {'street': {'number': 3550, 'name': 'Camden Ave'}, 'city': 'Adelaide', 'state': 'South Australia', 'country': 'Australia', 'postcode': 9982, 'coordinates': {'latitude': '-88.0499', 'longitude': '-28.7672'}, 'timezone': {'offset': '+11:00', 'description': 'Magadan, Solomon Islands, New Caledonia'}}, 'email': 'jeff.stanley@example.com', 'login': {'uuid': '7df51096-4a20-4e4a-a182-ba08f70d922d', 'username': 'lazycat749', 'password': 'andrews', 'salt': 'pOib5pPP', 'md5': '8279c7176b18a3765e73d1a8cb9e6b5d', 'sha1': '826b299395cac5b7ed26f4a81d0cd78853c1d570', 'sha256': '906fc1aead5e4b86dc6eab13b612f1c202afca42c5e0bc420e4f9b0996cda5b7'}, 'dob': {'date': '1981-04-01T05:19:17.139Z', 'age': 43}, 'registered': {'date': '2002-09-13T13:11:15.076Z', 'age': 21}, 'phone': '09-4085-1187', 'cell': '0428-822-560', 'id': {'name': 'TFN', 'value': '524440924'}, 'picture': {'large': 'https://randomuser.me/api/portraits/men/53.jpg', 'medium': 'https://randomuser.me/api/portraits/med/men/53.jpg', 'thumbnail': 'https://randomuser.me/api/portraits/thumb/men/53.jpg'}, 'nat': 'AU'}</msg>
<arg>${json_data['results'][0]}</arg>
<doc>Logs the given message with the given level.</doc>
<status status="PASS" start="2024-06-15T22:13:48.760410" elapsed="0.000397"/>
</kw>
<kw name="Log" owner="BuiltIn">
<msg time="2024-06-15T22:13:48.761244" level="INFO">email</msg>
<arg>${key}</arg>
<doc>Logs the given message with the given level.</doc>
<status status="PASS" start="2024-06-15T22:13:48.761110" elapsed="0.000174"/>
</kw>
<var name="${key}">email</var>
<status status="PASS" start="2024-06-15T22:13:48.759724" elapsed="0.001780"/>
</iter>
<iter>
<kw name="Dictionary Should Contain Key" owner="Collections">
<arg>${json_data['results'][0]}</arg>
<arg>${key}</arg>
<doc>Fails if ``key`` is not found from ``dictionary``.</doc>
<status status="PASS" start="2024-06-15T22:13:48.761792" elapsed="0.000391"/>
</kw>
<kw name="Log" owner="BuiltIn">
<msg time="2024-06-15T22:13:48.762772" level="INFO">{'gender': 'male', 'name': {'title': 'Mr', 'first': 'Jeff', 'last': 'Stanley'}, 'location': {'street': {'number': 3550, 'name': 'Camden Ave'}, 'city': 'Adelaide', 'state': 'South Australia', 'country': 'Australia', 'postcode': 9982, 'coordinates': {'latitude': '-88.0499', 'longitude': '-28.7672'}, 'timezone': {'offset': '+11:00', 'description': 'Magadan, Solomon Islands, New Caledonia'}}, 'email': 'jeff.stanley@example.com', 'login': {'uuid': '7df51096-4a20-4e4a-a182-ba08f70d922d', 'username': 'lazycat749', 'password': 'andrews', 'salt': 'pOib5pPP', 'md5': '8279c7176b18a3765e73d1a8cb9e6b5d', 'sha1': '826b299395cac5b7ed26f4a81d0cd78853c1d570', 'sha256': '906fc1aead5e4b86dc6eab13b612f1c202afca42c5e0bc420e4f9b0996cda5b7'}, 'dob': {'date': '1981-04-01T05:19:17.139Z', 'age': 43}, 'registered': {'date': '2002-09-13T13:11:15.076Z', 'age': 21}, 'phone': '09-4085-1187', 'cell': '0428-822-560', 'id': {'name': 'TFN', 'value': '524440924'}, 'picture': {'large': 'https://randomuser.me/api/portraits/men/53.jpg', 'medium': 'https://randomuser.me/api/portraits/med/men/53.jpg', 'thumbnail': 'https://randomuser.me/api/portraits/thumb/men/53.jpg'}, 'nat': 'AU'}</msg>
<arg>${json_data['results'][0]}</arg>
<doc>Logs the given message with the given level.</doc>
<status status="PASS" start="2024-06-15T22:13:48.762398" elapsed="0.000422"/>
</kw>
<kw name="Log" owner="BuiltIn">
<msg time="2024-06-15T22:13:48.763246" level="INFO">login</msg>
<arg>${key}</arg>
<doc>Logs the given message with the given level.</doc>
<status status="PASS" start="2024-06-15T22:13:48.763118" elapsed="0.000166"/>
</kw>
<var name="${key}">login</var>
<status status="PASS" start="2024-06-15T22:13:48.761682" elapsed="0.001818"/>
</iter>
<var>${key}</var>
<value>@{expected_keys}</value>
<status status="PASS" start="2024-06-15T22:13:48.753372" elapsed="0.010251"/>
</for>
<kw name="Create List" owner="BuiltIn">
<msg time="2024-06-15T22:13:48.763964" level="INFO">${expected_keysTwo} = ['username', 'password']</msg>
<var>${expected_keysTwo}</var>
<arg>username</arg>
<arg>password</arg>
<doc>Returns a list containing given items.</doc>
<status status="PASS" start="2024-06-15T22:13:48.763817" elapsed="0.000199"/>
</kw>
<for flavor="IN">
<iter>
<kw name="Dictionary Should Contain Key" owner="Collections">
<arg>${json_data['results'][0]['login']}</arg>
<arg>${keyTwo}</arg>
<doc>Fails if ``key`` is not found from ``dictionary``.</doc>
<status status="PASS" start="2024-06-15T22:13:48.764528" elapsed="0.000397"/>
</kw>
<kw name="Dictionary Should Contain Key" owner="Collections">
<arg>${json_data['results'][0]['login']}</arg>
<arg>${keyTwo}</arg>
<doc>Fails if ``key`` is not found from ``dictionary``.</doc>
<status status="PASS" start="2024-06-15T22:13:48.765108" elapsed="0.000399"/>
</kw>
<kw name="Log" owner="BuiltIn">
<msg time="2024-06-15T22:13:48.765803" level="INFO">username</msg>
<arg>${keyTwo}</arg>
<doc>Logs the given message with the given level.</doc>
<status status="PASS" start="2024-06-15T22:13:48.765684" elapsed="0.000161"/>
</kw>
<var name="${keyTwo}">username</var>
<status status="PASS" start="2024-06-15T22:13:48.764420" elapsed="0.001650"/>
</iter>
<iter>
<kw name="Dictionary Should Contain Key" owner="Collections">
<arg>${json_data['results'][0]['login']}</arg>
<arg>${keyTwo}</arg>
<doc>Fails if ``key`` is not found from ``dictionary``.</doc>
<status status="PASS" start="2024-06-15T22:13:48.766379" elapsed="0.000401"/>
</kw>
<kw name="Dictionary Should Contain Key" owner="Collections">
<arg>${json_data['results'][0]['login']}</arg>
<arg>${keyTwo}</arg>
<doc>Fails if ``key`` is not found from ``dictionary``.</doc>
<status status="PASS" start="2024-06-15T22:13:48.766958" elapsed="0.000372"/>
</kw>
<kw name="Log" owner="BuiltIn">
<msg time="2024-06-15T22:13:48.767628" level="INFO">password</msg>
<arg>${keyTwo}</arg>
<doc>Logs the given message with the given level.</doc>
<status status="PASS" start="2024-06-15T22:13:48.767509" elapsed="0.000157"/>
</kw>
<var name="${keyTwo}">password</var>
<status status="PASS" start="2024-06-15T22:13:48.766248" elapsed="0.001641"/>
</iter>
<var>${keyTwo}</var>
<value>@{expected_keysTwo}</value>
<status status="PASS" start="2024-06-15T22:13:48.764263" elapsed="0.003747"/>
</for>
<status status="PASS" start="2024-06-15T22:13:48.655544" elapsed="0.112608"/>
</kw>
<doc>Testa a estrutura da resposta da API.</doc>
<tag>testeEstruturaResposta</tag>
<status status="PASS" start="2024-06-15T22:13:48.654938" elapsed="0.113373"/>
</test>
<test id="s1-s1-t4" name="Validar tipos de dados" line="28">
<kw name="Teste de Tipos de Dados" owner="random-user-service">
<kw name="GET On Session" owner="RequestsLibrary">
<msg time="2024-06-15T22:13:48.851884" level="INFO">GET Request : url=https://randomuser.me/api 
 path_url=/api 
 headers={'User-Agent': 'python-requests/2.32.3', 'Accept-Encoding': 'gzip, deflate', 'Accept': '*/*', 'Connection': 'keep-alive'} 
 body=None 
 </msg>
<msg time="2024-06-15T22:13:48.851954" level="INFO">GET Response : url=https://randomuser.me/api 
 status=200, reason=OK 
 headers={'Date': 'Sat, 15 Jun 2024 22:13:48 GMT', 'Content-Type': 'application/json; charset=utf-8', 'Transfer-Encoding': 'chunked', 'Connection': 'keep-alive', 'X-Powered-By': 'Express', 'Access-Control-Allow-Origin': '*', 'Cache-Control': 'no-cache', 'ETag': 'W/"483-aUQZ527sMpyPFBuHVOeNUQZl4Ks"', 'Vary': 'Accept-Encoding', 'Content-Encoding': 'gzip', 'CF-Cache-Status': 'DYNAMIC', 'Report-To': '{"endpoints":[{"url":"https:\\/\\/a.nel.cloudflare.com\\/report\\/v4?s=Hd6wIbjD8fveYGLC3bR05Xz749xJlv%2FRB8XwmndSuibSgA8ZjrDvkLD6Lukl%2F2jckF81CNuNrR%2BphFrIR%2FZD6I62x7B8PrvT7u0WAa%2FMi8nyNrFQ%2FAblr%2Ff2xslX7rs7"}],"group":"cf-nel","max_age":604800}', 'NEL': '{"success_fraction":0,"report_to":"cf-nel","max_age":604800}', 'Server': 'cloudflare', 'CF-RAY': '8945e8d3da5d9c79-IAD', 'alt-svc': 'h3=":443"; ma=86400'} 
 body={"results":[{"gender":"male","name":{"title":"Mr","first":"Oscar","last":"Nielsen"},"location":{"street":{"number":9059,"name":"Hadsundvej"},"city":"Juelsminde","state":"Syddanmark","country":"Denmark","postcode":33993,"coordinates":{"latitude":"-45.7023","longitude":"-67.5059"},"timezone":{"offset":"+4:00","description":"Abu Dhabi, Muscat, Baku, Tbilisi"}},"email":"oscar.nielsen@example.com","login":{"uuid":"b99e45d4-1e96-46bf-8f38-58d29e4480d4","username":"blueleopard430","password":"wagner","salt":"g3KAAU0q","md5":"92d7a5b5da32241937715429b1383782","sha1":"2b36a909f877a0f786ed27d32b47d29d324aa9b4","sha256":"c1e190a612a0d59c409ca8a3fd60362dcaf8dec1fb1fb0cfc4f843654d6a901c"},"dob":{"date":"1973-12-15T01:14:01.330Z","age":50},"registered":{"date":"2019-10-19T23:13:53.602Z","age":4},"phone":"58225082","cell":"13302973","id":{"name":"CPR","value":"141273-6913"},"picture":{"large":"https://randomuser.me/api/portraits/men/17.jpg","medium":"https://randomuser.me/api/portraits/med/men/17.jpg","thumbnail":"https://randomuser.me/api/portraits/thumb/men/17.jpg"},"nat":"DK"}],"info":{"seed":"bb41548e1cbd3925","results":1,"page":1,"version":"1.4"}} 
 </msg>
<msg time="2024-06-15T22:13:48.852016" level="INFO">/opt/hostedtoolcache/Python/3.12.3/x64/lib/python3.12/site-packages/urllib3/connectionpool.py:1103: InsecureRequestWarning: Unverified HTTPS request is being made to host 'randomuser.me'. Adding certificate verification is strongly advised. See: https://urllib3.readthedocs.io/en/latest/advanced-usage.html#tls-warnings
  warnings.warn(</msg>
<msg time="2024-06-15T22:13:48.852111" level="INFO">${response} = &lt;Response [200]&gt;</msg>
<var>${response}</var>
<arg>consultarAPI</arg>
<arg>/api</arg>
<doc>Sends a GET request on a previously created HTTP Session.</doc>
<status status="PASS" start="2024-06-15T22:13:48.770979" elapsed="0.081174"/>
</kw>
<kw name="Set Variable" owner="BuiltIn">
<msg time="2024-06-15T22:13:48.853235" level="INFO">${json_data} = {'results': [{'gender': 'male', 'name': {'title': 'Mr', 'first': 'Oscar', 'last': 'Nielsen'}, 'location': {'street': {'number': 9059, 'name': 'Hadsundvej'}, 'city': 'Juelsminde', 'state': 'Syddanmark'...</msg>
<var>${json_data}</var>
<arg>${response.json()}</arg>
<doc>Returns the given values which can then be assigned to a variables.</doc>
<status status="PASS" start="2024-06-15T22:13:48.852642" elapsed="0.000624"/>
</kw>
<kw name="Log" owner="BuiltIn">
<msg time="2024-06-15T22:13:48.853749" level="INFO">{'results': [{'gender': 'male', 'name': {'title': 'Mr', 'first': 'Oscar', 'last': 'Nielsen'}, 'location': {'street': {'number': 9059, 'name': 'Hadsundvej'}, 'city': 'Juelsminde', 'state': 'Syddanmark', 'country': 'Denmark', 'postcode': 33993, 'coordinates': {'latitude': '-45.7023', 'longitude': '-67.5059'}, 'timezone': {'offset': '+4:00', 'description': 'Abu Dhabi, Muscat, Baku, Tbilisi'}}, 'email': 'oscar.nielsen@example.com', 'login': {'uuid': 'b99e45d4-1e96-46bf-8f38-58d29e4480d4', 'username': 'blueleopard430', 'password': 'wagner', 'salt': 'g3KAAU0q', 'md5': '92d7a5b5da32241937715429b1383782', 'sha1': '2b36a909f877a0f786ed27d32b47d29d324aa9b4', 'sha256': 'c1e190a612a0d59c409ca8a3fd60362dcaf8dec1fb1fb0cfc4f843654d6a901c'}, 'dob': {'date': '1973-12-15T01:14:01.330Z', 'age': 50}, 'registered': {'date': '2019-10-19T23:13:53.602Z', 'age': 4}, 'phone': '58225082', 'cell': '13302973', 'id': {'name': 'CPR', 'value': '141273-6913'}, 'picture': {'large': 'https://randomuser.me/api/portraits/men/17.jpg', 'medium': 'https://randomuser.me/api/portraits/med/men/17.jpg', 'thumbnail': 'https://randomuser.me/api/portraits/thumb/men/17.jpg'}, 'nat': 'DK'}], 'info': {'seed': 'bb41548e1cbd3925', 'results': 1, 'page': 1, 'version': '1.4'}}</msg>
<arg>${json_data}</arg>
<doc>Logs the given message with the given level.</doc>
<status status="PASS" start="2024-06-15T22:13:48.853583" elapsed="0.000215"/>
</kw>
<kw name="Should Be String" owner="String">
<arg>${json_data['results'][0]['gender']}</arg>
<doc>Fails if the given ``item`` is not a string.</doc>
<status status="PASS" start="2024-06-15T22:13:48.854101" elapsed="0.000406"/>
</kw>
<kw name="Should Match Regexp" owner="BuiltIn">
<arg>${json_data['results'][0]['email']}</arg>
<arg>^[a-zA-Z0-9._%+-]+@[a-zA-Z0-9.-]+\.[a-zA-Z]{2,}$</arg>
<doc>Fails if ``string`` does not match ``pattern`` as a regular expression.</doc>
<status status="PASS" start="2024-06-15T22:13:48.854702" elapsed="0.000523"/>
</kw>
<kw name="Should Match Regexp" owner="BuiltIn">
<arg>${json_data['results'][0]['dob']['date']}</arg>
<arg>\\d{4}-\\d{2}-\\d{2}T\\d{2}:\\d{2}:\\d{2}\\.\\d{3}Z</arg>
<doc>Fails if ``string`` does not match ``pattern`` as a regular expression.</doc>
<status status="PASS" start="2024-06-15T22:13:48.855458" elapsed="0.000493"/>
</kw>
<kw name="Should Match Regexp" owner="BuiltIn">
<arg>${json_data['results'][0]['registered']['date']}</arg>
<arg>\\d{4}-\\d{2}-\\d{2}T\\d{2}:\\d{2}:\\d{2}\\.\\d{3}Z</arg>
<doc>Fails if ``string`` does not match ``pattern`` as a regular expression.</doc>
<status status="PASS" start="2024-06-15T22:13:48.856142" elapsed="0.000362"/>
</kw>
<kw name="Should Match Regexp" owner="BuiltIn">
<arg>${json_data['results'][0]['picture']['large']}</arg>
<arg>^https?://.*\.(?:png|jpe?g|gif|bmp)$</arg>
<doc>Fails if ``string`` does not match ``pattern`` as a regular expression.</doc>
<status status="PASS" start="2024-06-15T22:13:48.856689" elapsed="0.000456"/>
</kw>
<kw name="Should Match Regexp" owner="BuiltIn">
<arg>${json_data['results'][0]['picture']['medium']}</arg>
<arg>^https?://.*\.(?:png|jpe?g|gif|bmp)$</arg>
<doc>Fails if ``string`` does not match ``pattern`` as a regular expression.</doc>
<status status="PASS" start="2024-06-15T22:13:48.857333" elapsed="0.000353"/>
</kw>
<kw name="Should Match Regexp" owner="BuiltIn">
<arg>${json_data['results'][0]['picture']['thumbnail']}</arg>
<arg>^https?://.*\.(?:png|jpe?g|gif|bmp)$</arg>
<doc>Fails if ``string`` does not match ``pattern`` as a regular expression.</doc>
<status status="PASS" start="2024-06-15T22:13:48.857877" elapsed="0.000342"/>
</kw>
<kw name="Log" owner="BuiltIn">
<msg time="2024-06-15T22:13:48.858770" level="INFO">{'large': 'https://randomuser.me/api/portraits/men/17.jpg', 'medium': 'https://randomuser.me/api/portraits/med/men/17.jpg', 'thumbnail': 'https://randomuser.me/api/portraits/thumb/men/17.jpg'}</msg>
<arg>${json_data['results'][0]['picture']}</arg>
<doc>Logs the given message with the given level.</doc>
<status status="PASS" start="2024-06-15T22:13:48.858428" elapsed="0.000385"/>
</kw>
<status status="PASS" start="2024-06-15T22:13:48.770747" elapsed="0.088321"/>
</kw>
<kw name="Teste de Tipos de Dados - Postcode" owner="random-user-service">
<kw name="GET On Session" owner="RequestsLibrary">
<msg time="2024-06-15T22:13:48.951776" level="INFO">GET Request : url=https://randomuser.me/api 
 path_url=/api 
 headers={'User-Agent': 'python-requests/2.32.3', 'Accept-Encoding': 'gzip, deflate', 'Accept': '*/*', 'Connection': 'keep-alive'} 
 body=None 
 </msg>
<msg time="2024-06-15T22:13:48.951867" level="INFO">GET Response : url=https://randomuser.me/api 
 status=200, reason=OK 
 headers={'Date': 'Sat, 15 Jun 2024 22:13:48 GMT', 'Content-Type': 'application/json; charset=utf-8', 'Transfer-Encoding': 'chunked', 'Connection': 'keep-alive', 'X-Powered-By': 'Express', 'Access-Control-Allow-Origin': '*', 'Cache-Control': 'no-cache', 'ETag': 'W/"497-vgQMdTBnxV04st2P/cpRtNuaaYU"', 'Vary': 'Accept-Encoding', 'Content-Encoding': 'gzip', 'CF-Cache-Status': 'DYNAMIC', 'Report-To': '{"endpoints":[{"url":"https:\\/\\/a.nel.cloudflare.com\\/report\\/v4?s=rwni06aq9ulF9mxqtcxEfNL8BA9v9nBD8%2FxShYqb0TxiS4%2BKZXDgb%2BY6tnPTODrWTtuhszBt%2BN%2F3Zybt9mZF7ZPY8KS0SG13f0umyiQTECzYcDvChUzoTOCZ%2FWF54TN7"}],"group":"cf-nel","max_age":604800}', 'NEL': '{"success_fraction":0,"report_to":"cf-nel","max_age":604800}', 'Server': 'cloudflare', 'CF-RAY': '8945e8d46aec9c79-IAD', 'alt-svc': 'h3=":443"; ma=86400'} 
 body={"results":[{"gender":"male","name":{"title":"Mr","first":"Radiša","last":"Vujčić"},"location":{"street":{"number":4983,"name":"Pijaca Cerak"},"city":"Smederevska Palanka","state":"Prizren","country":"Serbia","postcode":67504,"coordinates":{"latitude":"62.2470","longitude":"-101.2603"},"timezone":{"offset":"+1:00","description":"Brussels, Copenhagen, Madrid, Paris"}},"email":"radisa.vujcic@example.com","login":{"uuid":"ae77acaa-b91a-4acf-8968-e937239d12f4","username":"happylion938","password":"marianne","salt":"RLgPNY9W","md5":"675537b68c34142e8383093b639fe92f","sha1":"627e32bee61ad38cdd11982d5b2e65ce50e16fa2","sha256":"264156d74021513e6ff32e595b52899ac66d357d57818aa13cc14dc49fc3386f"},"dob":{"date":"1978-01-11T01:07:55.491Z","age":46},"registered":{"date":"2006-07-05T10:41:26.226Z","age":17},"phone":"012-5801-926","cell":"067-8193-998","id":{"name":"SID","value":"521664356"},"picture":{"large":"https://randomuser.me/api/portraits/men/44.jpg","medium":"https://randomuser.me/api/portraits/med/men/44.jpg","thumbnail":"https://randomuser.me/api/portraits/thumb/men/44.jpg"},"nat":"RS"}],"info":{"seed":"73b1e1a73722301c","results":1,"page":1,"version":"1.4"}} 
 </msg>
<msg time="2024-06-15T22:13:48.951939" level="INFO">/opt/hostedtoolcache/Python/3.12.3/x64/lib/python3.12/site-packages/urllib3/connectionpool.py:1103: InsecureRequestWarning: Unverified HTTPS request is being made to host 'randomuser.me'. Adding certificate verification is strongly advised. See: https://urllib3.readthedocs.io/en/latest/advanced-usage.html#tls-warnings
  warnings.warn(</msg>
<msg time="2024-06-15T22:13:48.952057" level="INFO">${response} = &lt;Response [200]&gt;</msg>
<var>${response}</var>
<arg>consultarAPI</arg>
<arg>/api</arg>
<doc>Sends a GET request on a previously created HTTP Session.</doc>
<status status="PASS" start="2024-06-15T22:13:48.859510" elapsed="0.092586"/>
</kw>
<kw name="Set Variable" owner="BuiltIn">
<msg time="2024-06-15T22:13:48.953263" level="INFO">${json_data} = {'results': [{'gender': 'male', 'name': {'title': 'Mr', 'first': 'Radiša', 'last': 'Vujčić'}, 'location': {'street': {'number': 4983, 'name': 'Pijaca Cerak'}, 'city': 'Smederevska Palanka', 'state': '...</msg>
<var>${json_data}</var>
<arg>${response.json()}</arg>
<doc>Returns the given values which can then be assigned to a variables.</doc>
<status status="PASS" start="2024-06-15T22:13:48.952691" elapsed="0.000602"/>
</kw>
<kw name="Log" owner="BuiltIn">
<msg time="2024-06-15T22:13:48.953758" level="INFO">{'results': [{'gender': 'male', 'name': {'title': 'Mr', 'first': 'Radiša', 'last': 'Vujčić'}, 'location': {'street': {'number': 4983, 'name': 'Pijaca Cerak'}, 'city': 'Smederevska Palanka', 'state': 'Prizren', 'country': 'Serbia', 'postcode': 67504, 'coordinates': {'latitude': '62.2470', 'longitude': '-101.2603'}, 'timezone': {'offset': '+1:00', 'description': 'Brussels, Copenhagen, Madrid, Paris'}}, 'email': 'radisa.vujcic@example.com', 'login': {'uuid': 'ae77acaa-b91a-4acf-8968-e937239d12f4', 'username': 'happylion938', 'password': 'marianne', 'salt': 'RLgPNY9W', 'md5': '675537b68c34142e8383093b639fe92f', 'sha1': '627e32bee61ad38cdd11982d5b2e65ce50e16fa2', 'sha256': '264156d74021513e6ff32e595b52899ac66d357d57818aa13cc14dc49fc3386f'}, 'dob': {'date': '1978-01-11T01:07:55.491Z', 'age': 46}, 'registered': {'date': '2006-07-05T10:41:26.226Z', 'age': 17}, 'phone': '012-5801-926', 'cell': '067-8193-998', 'id': {'name': 'SID', 'value': '521664356'}, 'picture': {'large': 'https://randomuser.me/api/portraits/men/44.jpg', 'medium': 'https://randomuser.me/api/portraits/med/men/44.jpg', 'thumbnail': 'https://randomuser.me/api/portraits/thumb/men/44.jpg'}, 'nat': 'RS'}], 'info': {'seed': '73b1e1a73722301c', 'results': 1, 'page': 1, 'version': '1.4'}}</msg>
<arg>${json_data}</arg>
<doc>Logs the given message with the given level.</doc>
<status status="PASS" start="2024-06-15T22:13:48.953600" elapsed="0.000211"/>
</kw>
<kw name="Should Be Equal As Numbers" owner="BuiltIn">
<arg>${json_data['results'][0]['location']['postcode']}</arg>
<arg>${json_data['results'][0]['location']['postcode']}</arg>
<doc>Fails if objects are unequal after converting them to real numbers.</doc>
<status status="PASS" start="2024-06-15T22:13:48.954107" elapsed="0.000684"/>
</kw>
<kw name="Log" owner="BuiltIn">
<msg time="2024-06-15T22:13:48.955324" level="INFO">67504</msg>
<arg>${json_data['results'][0]['location']['postcode']}</arg>
<doc>Logs the given message with the given level.</doc>
<status status="PASS" start="2024-06-15T22:13:48.954986" elapsed="0.000377"/>
</kw>
<status status="PASS" start="2024-06-15T22:13:48.859289" elapsed="0.096359"/>
</kw>
<doc>Testa se os tipos de dados na resposta da API estão corretos.</doc>
<tag>testeTiposDados</tag>
<status status="PASS" start="2024-06-15T22:13:48.770069" elapsed="0.185753"/>
</test>
<test id="s1-s1-t5" name="Validar conteudo" line="35">
<kw name="Teste de Tipos de Conteudo" owner="random-user-service">
<kw name="GET On Session" owner="RequestsLibrary">
<msg time="2024-06-15T22:13:49.054135" level="INFO">GET Request : url=https://randomuser.me/api 
 path_url=/api 
 headers={'User-Agent': 'python-requests/2.32.3', 'Accept-Encoding': 'gzip, deflate', 'Accept': '*/*', 'Connection': 'keep-alive'} 
 body=None 
 </msg>
<msg time="2024-06-15T22:13:49.054220" level="INFO">GET Response : url=https://randomuser.me/api 
 status=200, reason=OK 
 headers={'Date': 'Sat, 15 Jun 2024 22:13:49 GMT', 'Content-Type': 'application/json; charset=utf-8', 'Transfer-Encoding': 'chunked', 'Connection': 'keep-alive', 'X-Powered-By': 'Express', 'Access-Control-Allow-Origin': '*', 'Cache-Control': 'no-cache', 'ETag': 'W/"495-9hZS4caYFXIL0MzI/UXg2hJ5KrM"', 'Vary': 'Accept-Encoding', 'Content-Encoding': 'gzip', 'CF-Cache-Status': 'DYNAMIC', 'Report-To': '{"endpoints":[{"url":"https:\\/\\/a.nel.cloudflare.com\\/report\\/v4?s=4Obstsy%2BtUBkXq3Bhs58DSjQWlAAhbU6S%2Bn9uI6nxou4akVu9D5mqUIK8Vvku4Ny6yWiriLgPkUofS0Ml9pCsiNoAzLspXskrXqaVvuGM%2BT6KN0Mh7CgVJ9fdvy5y1vc"}],"group":"cf-nel","max_age":604800}', 'NEL': '{"success_fraction":0,"report_to":"cf-nel","max_age":604800}', 'Server': 'cloudflare', 'CF-RAY': '8945e8d50b9e9c79-IAD', 'alt-svc': 'h3=":443"; ma=86400'} 
 body={"results":[{"gender":"female","name":{"title":"Miss","first":"Delphine","last":"Gagnon"},"location":{"street":{"number":9906,"name":"Parliament St"},"city":"Hudson","state":"Nova Scotia","country":"Canada","postcode":"M3T 1G4","coordinates":{"latitude":"-70.1841","longitude":"22.1726"},"timezone":{"offset":"+7:00","description":"Bangkok, Hanoi, Jakarta"}},"email":"delphine.gagnon@example.com","login":{"uuid":"554dfa67-d568-44e3-91a9-9af5f6e46db1","username":"organicmeercat670","password":"panther","salt":"vyIq5pJe","md5":"b3c6d760ef96f44fe58dcf0ed531522c","sha1":"10a02504467cae7d3e36dfae193b310f505896ce","sha256":"ad7465402fbfb74cb831b8882b44253b5a10e47b2c70c42dfbb34cb669058f13"},"dob":{"date":"2001-04-17T09:03:42.098Z","age":23},"registered":{"date":"2009-08-29T15:10:01.251Z","age":14},"phone":"K92 K87-0697","cell":"V32 U41-9349","id":{"name":"SIN","value":"473059822"},"picture":{"large":"https://randomuser.me/api/portraits/women/95.jpg","medium":"https://randomuser.me/api/portraits/med/women/95.jpg","thumbnail":"https://randomuser.me/api/portraits/thumb/women/95.jpg"},"nat":"CA"}],"info":{"seed":"669a56511a8ef6da","results":1,"page":1,"version":"1.4"}} 
 </msg>
<msg time="2024-06-15T22:13:49.054317" level="INFO">/opt/hostedtoolcache/Python/3.12.3/x64/lib/python3.12/site-packages/urllib3/connectionpool.py:1103: InsecureRequestWarning: Unverified HTTPS request is being made to host 'randomuser.me'. Adding certificate verification is strongly advised. See: https://urllib3.readthedocs.io/en/latest/advanced-usage.html#tls-warnings
  warnings.warn(</msg>
<msg time="2024-06-15T22:13:49.054489" level="INFO">${response} = &lt;Response [200]&gt;</msg>
<var>${response}</var>
<arg>consultarAPI</arg>
<arg>/api</arg>
<doc>Sends a GET request on a previously created HTTP Session.</doc>
<status status="PASS" start="2024-06-15T22:13:48.958573" elapsed="0.095968"/>
</kw>
<kw name="Set Variable" owner="BuiltIn">
<msg time="2024-06-15T22:13:49.055721" level="INFO">${json_data} = {'results': [{'gender': 'female', 'name': {'title': 'Miss', 'first': 'Delphine', 'last': 'Gagnon'}, 'location': {'street': {'number': 9906, 'name': 'Parliament St'}, 'city': 'Hudson', 'state': 'Nova S...</msg>
<var>${json_data}</var>
<arg>${response.json()}</arg>
<doc>Returns the given values which can then be assigned to a variables.</doc>
<status status="PASS" start="2024-06-15T22:13:49.055137" elapsed="0.000612"/>
</kw>
<kw name="Set Variable" owner="BuiltIn">
<msg time="2024-06-15T22:13:49.056433" level="INFO">${name_title} = Miss</msg>
<var>${name_title}</var>
<arg>${json_data["results"][0]["name"]["title"]}</arg>
<doc>Returns the given values which can then be assigned to a variables.</doc>
<status status="PASS" start="2024-06-15T22:13:49.056056" elapsed="0.000403"/>
</kw>
<kw name="Create List" owner="BuiltIn">
<msg time="2024-06-15T22:13:49.056908" level="INFO">${allowed_titles} = ['Mr', 'Ms', 'Miss', 'Mrs', 'Madame', 'Monsieur']</msg>
<var>${allowed_titles}</var>
<arg>Mr</arg>
<arg>Ms</arg>
<arg>Miss</arg>
<arg>Mrs</arg>
<arg>Madame</arg>
<arg>Monsieur</arg>
<doc>Returns a list containing given items.</doc>
<status status="PASS" start="2024-06-15T22:13:49.056758" elapsed="0.000174"/>
</kw>
<kw name="List Should Contain Value" owner="Collections">
<arg>${allowed_titles}</arg>
<arg>${name_title}</arg>
<doc>Fails if the ``value`` is not found from ``list``.</doc>
<status status="PASS" start="2024-06-15T22:13:49.057232" elapsed="0.000183"/>
</kw>
<kw name="Set Variable" owner="BuiltIn">
<msg time="2024-06-15T22:13:49.057966" level="INFO">${name_country} = CA</msg>
<var>${name_country}</var>
<arg>${json_data["results"][0]["nat"]}</arg>
<doc>Returns the given values which can then be assigned to a variables.</doc>
<status status="PASS" start="2024-06-15T22:13:49.057601" elapsed="0.000390"/>
</kw>
<kw name="Create List" owner="BuiltIn">
<msg time="2024-06-15T22:13:49.058927" level="INFO">${list_country} = ['AD', 'AE', 'AF', 'AG', 'AI', 'AL', 'AM', 'AO', 'AQ', 'AR', 'AS', 'AT', 'AU', 'AW', 'AX', 'AZ', 'BA', 'BB', 'BD', 'BE', 'BF', 'BG', 'BH', 'BI', 'BJ', 'BL', 'BM', 'BN', 'BO', 'BQ', 'BR', 'BS', 'BT', '...</msg>
<var>${list_country}</var>
<arg>AD</arg>
<arg>AE</arg>
<arg>AF</arg>
<arg>AG</arg>
<arg>AI</arg>
<arg>AL</arg>
<arg>AM</arg>
<arg>AO</arg>
<arg>AQ</arg>
<arg>AR</arg>
<arg>AS</arg>
<arg>AT</arg>
<arg>AU</arg>
<arg>AW</arg>
<arg>AX</arg>
<arg>AZ</arg>
<arg>BA</arg>
<arg>BB</arg>
<arg>BD</arg>
<arg>BE</arg>
<arg>BF</arg>
<arg>BG</arg>
<arg>BH</arg>
<arg>BI</arg>
<arg>BJ</arg>
<arg>BL</arg>
<arg>BM</arg>
<arg>BN</arg>
<arg>BO</arg>
<arg>BQ</arg>
<arg>BR</arg>
<arg>BS</arg>
<arg>BT</arg>
<arg>BV</arg>
<arg>BW</arg>
<arg>BY</arg>
<arg>BZ</arg>
<arg>CA</arg>
<arg>CC</arg>
<arg>CD</arg>
<arg>CF</arg>
<arg>CG</arg>
<arg>CH</arg>
<arg>CI</arg>
<arg>CK</arg>
<arg>CL</arg>
<arg>CM</arg>
<arg>CN</arg>
<arg>CO</arg>
<arg>CR</arg>
<arg>CU</arg>
<arg>CV</arg>
<arg>CW</arg>
<arg>CX</arg>
<arg>CY</arg>
<arg>CZ</arg>
<arg>DE</arg>
<arg>DJ</arg>
<arg>DK</arg>
<arg>DM</arg>
<arg>DO</arg>
<arg>DZ</arg>
<arg>EC</arg>
<arg>EE</arg>
<arg>EG</arg>
<arg>EH</arg>
<arg>ER</arg>
<arg>ES</arg>
<arg>ET</arg>
<arg>FI</arg>
<arg>FJ</arg>
<arg>FK</arg>
<arg>FM</arg>
<arg>FO</arg>
<arg>FR</arg>
<arg>GA</arg>
<arg>GB</arg>
<arg>GD</arg>
<arg>GE</arg>
<arg>GF</arg>
<arg>GG</arg>
<arg>GH</arg>
<arg>GI</arg>
<arg>GL</arg>
<arg>GM</arg>
<arg>GN</arg>
<arg>GP</arg>
<arg>GQ</arg>
<arg>GR</arg>
<arg>GS</arg>
<arg>GT</arg>
<arg>GU</arg>
<arg>GW</arg>
<arg>GY</arg>
<arg>HK</arg>
<arg>HM</arg>
<arg>HN</arg>
<arg>HR</arg>
<arg>HT</arg>
<arg>HU</arg>
<arg>ID</arg>
<arg>IE</arg>
<arg>IL</arg>
<arg>IM</arg>
<arg>IN</arg>
<arg>IO</arg>
<arg>IQ</arg>
<arg>IR</arg>
<arg>IS</arg>
<arg>IT</arg>
<arg>JE</arg>
<arg>JM</arg>
<arg>JO</arg>
<arg>JP</arg>
<arg>KE</arg>
<arg>KG</arg>
<arg>KH</arg>
<arg>KI</arg>
<arg>KM</arg>
<arg>KN</arg>
<arg>KP</arg>
<arg>KR</arg>
<arg>KW</arg>
<arg>KY</arg>
<arg>KZ</arg>
<arg>LA</arg>
<arg>LB</arg>
<arg>LC</arg>
<arg>LI</arg>
<arg>LK</arg>
<arg>LR</arg>
<arg>LS</arg>
<arg>LT</arg>
<arg>LU</arg>
<arg>LV</arg>
<arg>LY</arg>
<arg>MA</arg>
<arg>MC</arg>
<arg>MD</arg>
<arg>ME</arg>
<arg>MF</arg>
<arg>MG</arg>
<arg>MH</arg>
<arg>MK</arg>
<arg>ML</arg>
<arg>MM</arg>
<arg>MN</arg>
<arg>MO</arg>
<arg>MP</arg>
<arg>MQ</arg>
<arg>MR</arg>
<arg>MS</arg>
<arg>MT</arg>
<arg>MU</arg>
<arg>MV</arg>
<arg>MW</arg>
<arg>MX</arg>
<arg>MY</arg>
<arg>MZ</arg>
<arg>NA</arg>
<arg>NC</arg>
<arg>NE</arg>
<arg>NF</arg>
<arg>NG</arg>
<arg>NI</arg>
<arg>NL</arg>
<arg>NO</arg>
<arg>NP</arg>
<arg>NR</arg>
<arg>NU</arg>
<arg>NZ</arg>
<arg>OM</arg>
<arg>PA</arg>
<arg>PE</arg>
<arg>PF</arg>
<arg>PG</arg>
<arg>PH</arg>
<arg>PK</arg>
<arg>PL</arg>
<arg>PM</arg>
<arg>PN</arg>
<arg>PR</arg>
<arg>PS</arg>
<arg>PT</arg>
<arg>PW</arg>
<arg>PY</arg>
<arg>QA</arg>
<arg>RE</arg>
<arg>RO</arg>
<arg>RS</arg>
<arg>RU</arg>
<arg>RW</arg>
<arg>SA</arg>
<arg>SB</arg>
<arg>SC</arg>
<arg>SD</arg>
<arg>SE</arg>
<arg>SG</arg>
<arg>SH</arg>
<arg>SI</arg>
<arg>SJ</arg>
<arg>SK</arg>
<arg>SL</arg>
<arg>SM</arg>
<arg>SN</arg>
<arg>SO</arg>
<arg>SR</arg>
<arg>SS</arg>
<arg>ST</arg>
<arg>SV</arg>
<arg>SX</arg>
<arg>SY</arg>
<arg>SZ</arg>
<arg>TC</arg>
<arg>TD</arg>
<arg>TF</arg>
<arg>TG</arg>
<arg>TH</arg>
<arg>TJ</arg>
<arg>TK</arg>
<arg>TL</arg>
<arg>TM</arg>
<arg>TN</arg>
<arg>TO</arg>
<arg>TR</arg>
<arg>TT</arg>
<arg>TV</arg>
<arg>TW</arg>
<arg>TZ</arg>
<arg>UA</arg>
<arg>UG</arg>
<arg>UM</arg>
<arg>US</arg>
<arg>UY</arg>
<arg>UZ</arg>
<arg>VA</arg>
<arg>VC</arg>
<arg>VE</arg>
<arg>VG</arg>
<arg>VI</arg>
<arg>VN</arg>
<arg>VU</arg>
<arg>WF</arg>
<arg>WS</arg>
<arg>XK</arg>
<arg>YE</arg>
<arg>YT</arg>
<arg>ZA</arg>
<arg>ZM</arg>
<arg>ZW</arg>
<doc>Returns a list containing given items.</doc>
<status status="PASS" start="2024-06-15T22:13:49.058289" elapsed="0.000665"/>
</kw>
<kw name="List Should Contain Value" owner="Collections">
<arg>${list_country}</arg>
<arg>${name_country}</arg>
<doc>Fails if the ``value`` is not found from ``list``.</doc>
<status status="PASS" start="2024-06-15T22:13:49.059762" elapsed="0.000212"/>
</kw>
<kw name="Run Keyword If" owner="BuiltIn">
<kw name="Should Be True" owner="BuiltIn">
<arg>${True}</arg>
<doc>Fails if the given condition is not true.</doc>
<status status="PASS" start="2024-06-15T22:13:49.060962" elapsed="0.000144"/>
</kw>
<arg>${json_data["results"][0]["location"]["coordinates"]["latitude"]} &gt;= -90 and ${json_data["results"][0]["location"]["coordinates"]["latitude"]} &lt;= 90</arg>
<arg>Should Be True</arg>
<arg>${True}</arg>
<doc>Runs the given keyword with the given arguments, if ``condition`` is true.</doc>
<status status="PASS" start="2024-06-15T22:13:49.060194" elapsed="0.001040"/>
</kw>
<kw name="Run Keyword If" owner="BuiltIn">
<kw name="Should Be True" owner="BuiltIn">
<arg>${True}</arg>
<doc>Fails if the given condition is not true.</doc>
<status status="PASS" start="2024-06-15T22:13:49.062101" elapsed="0.000139"/>
</kw>
<arg>${json_data["results"][0]["location"]["coordinates"]["longitude"]} &gt;= -180 and ${json_data["results"][0]["location"]["coordinates"]["longitude"]} &lt;= 180</arg>
<arg>Should Be True</arg>
<arg>${True}</arg>
<doc>Runs the given keyword with the given arguments, if ``condition`` is true.</doc>
<status status="PASS" start="2024-06-15T22:13:49.061415" elapsed="0.000973"/>
</kw>
<status status="PASS" start="2024-06-15T22:13:48.958146" elapsed="0.104382"/>
</kw>
<doc>Testa o conteúdo específico dos campos retornados pela API.</doc>
<tag>testeConteudo</tag>
<status status="PASS" start="2024-06-15T22:13:48.957598" elapsed="0.105077"/>
</test>
<status status="PASS" start="2024-06-15T22:13:48.075164" elapsed="0.989454"/>
</suite>
<status status="PASS" start="2024-06-15T22:13:48.057373" elapsed="1.012614"/>
</suite>
<statistics>
<total>
<stat pass="5" fail="0" skip="0">All Tests</stat>
</total>
<tag>
<stat pass="1" fail="0" skip="0">testeConteudo</stat>
<stat pass="1" fail="0" skip="0">testeEstruturaResposta</stat>
<stat pass="1" fail="0" skip="0">testeRequisicaoBasica</stat>
<stat pass="1" fail="0" skip="0">testeTiposDados</stat>
</tag>
<suite>
<stat pass="5" fail="0" skip="0" id="s1" name="Tests">Tests</stat>
<stat pass="5" fail="0" skip="0" id="s1-s1" name="Random-User-Test">Tests.Random-User-Test</stat>
</suite>
</statistics>
<errors>
</errors>
</robot>
