<?xml version="1.0" encoding="UTF-8"?>
<robot generator="Robot 7.0 (Python 3.12.3 on linux)" generated="2024-06-04T12:27:48.476376" rpa="false" schemaversion="5">
<suite id="s1" name="Tests" source="/home/runner/work/ApiRandomUser/ApiRandomUser/RamdonUser/tests">
<suite id="s1-s1" name="Random-User-Test" source="/home/runner/work/ApiRandomUser/ApiRandomUser/RamdonUser/tests/random-user-test.robot">
<test id="s1-s1-t1" name="Conectar" line="13">
<kw name="Conectar API" owner="random-user-service">
<kw name="Create Session" owner="RequestsLibrary">
<msg time="2024-06-04T12:27:48.858935" level="INFO">Creating Session using : alias=consultarAPI, url=https://randomuser.me/, headers={},                     cookies={}, auth=None, timeout=None, proxies=None, verify=False,                     debug=0 </msg>
<arg>consultarAPI</arg>
<arg>${URL}</arg>
<doc>Create Session: create a HTTP session to a server</doc>
<status status="PASS" start="2024-06-04T12:27:48.858732" elapsed="0.000379"/>
</kw>
<status status="PASS" start="2024-06-04T12:27:48.857680" elapsed="0.001789"/>
</kw>
<status status="PASS" start="2024-06-04T12:27:48.857121" elapsed="0.002541"/>
</test>
<test id="s1-s1-t2" name="Validar retorno 200 e JSON Válido" line="16">
<kw name="Teste de Requisicao Basica" owner="random-user-service">
<kw name="GET On Session" owner="RequestsLibrary">
<msg time="2024-06-04T12:27:48.954350" level="INFO">GET Request : url=https://randomuser.me/api 
 path_url=/api 
 headers={'User-Agent': 'python-requests/2.32.3', 'Accept-Encoding': 'gzip, deflate', 'Accept': '*/*', 'Connection': 'keep-alive'} 
 body=None 
 </msg>
<msg time="2024-06-04T12:27:48.954496" level="INFO">GET Response : url=https://randomuser.me/api 
 status=200, reason=OK 
 headers={'Date': 'Tue, 04 Jun 2024 12:27:48 GMT', 'Content-Type': 'application/json; charset=utf-8', 'Transfer-Encoding': 'chunked', 'Connection': 'keep-alive', 'X-Powered-By': 'Express', 'Access-Control-Allow-Origin': '*', 'Cache-Control': 'no-cache', 'ETag': 'W/"4ac-KM+ffIAqhMDsrhcCPSG6kkArDCw"', 'Vary': 'Accept-Encoding', 'Content-Encoding': 'gzip', 'CF-Cache-Status': 'DYNAMIC', 'Report-To': '{"endpoints":[{"url":"https:\\/\\/a.nel.cloudflare.com\\/report\\/v4?s=9yB91gMuDxIwsowVX3pcS%2FqSYNJh6bWQoj0eER%2FPTCw0KqKEJBx0cvsogrOgXE6w%2FRzeQpQ9HZoPpnkOh3rG9S70wyT1HkbSJDorAssj16AG64z1Wm7YqZTsRUzOUQ02"}],"group":"cf-nel","max_age":604800}', 'NEL': '{"success_fraction":0,"report_to":"cf-nel","max_age":604800}', 'Server': 'cloudflare', 'CF-RAY': '88e7eb4eaf898286-IAD', 'alt-svc': 'h3=":443"; ma=86400'} 
 body={"results":[{"gender":"female","name":{"title":"Miss","first":"Lisete","last":"Monteiro"},"location":{"street":{"number":1830,"name":"Rua José Bonifácio "},"city":"Passos","state":"Maranhão","country":"Brazil","postcode":20812,"coordinates":{"latitude":"-77.5700","longitude":"153.9207"},"timezone":{"offset":"+9:00","description":"Tokyo, Seoul, Osaka, Sapporo, Yakutsk"}},"email":"lisete.monteiro@example.com","login":{"uuid":"994e25a5-1129-4690-a88c-876f4ac610be","username":"smallleopard539","password":"kendall","salt":"flLzLdOG","md5":"b10ae633520c475fb9033d6e319de188","sha1":"66f990bab368bebc162cc67023afe183afd3bacc","sha256":"8661536c5cddf0c56797105fbae22dd209b3deeb2fdd5362fd4245e4c620c962"},"dob":{"date":"1968-06-06T23:38:33.686Z","age":55},"registered":{"date":"2022-04-13T03:19:01.857Z","age":2},"phone":"(67) 3007-9844","cell":"(07) 4830-6314","id":{"name":"CPF","value":"642.162.909-82"},"picture":{"large":"https://randomuser.me/api/portraits/women/28.jpg","medium":"https://randomuser.me/api/portraits/med/women/28.jpg","thumbnail":"https://randomuser.me/api/portraits/thumb/women/28.jpg"},"nat":"BR"}],"info":{"seed":"fb8429f8d174af1c","results":1,"page":1,"version":"1.4"}} 
 </msg>
<msg time="2024-06-04T12:27:48.954589" level="INFO">/opt/hostedtoolcache/Python/3.12.3/x64/lib/python3.12/site-packages/urllib3/connectionpool.py:1103: InsecureRequestWarning: Unverified HTTPS request is being made to host 'randomuser.me'. Adding certificate verification is strongly advised. See: https://urllib3.readthedocs.io/en/latest/advanced-usage.html#tls-warnings
  warnings.warn(</msg>
<msg time="2024-06-04T12:27:48.954734" level="INFO">${response} = &lt;Response [200]&gt;</msg>
<var>${response}</var>
<arg>consultarAPI</arg>
<arg>/api</arg>
<doc>Sends a GET request on a previously created HTTP Session.</doc>
<status status="PASS" start="2024-06-04T12:27:48.862357" elapsed="0.092435"/>
</kw>
<kw name="Should Be Equal As Numbers" owner="BuiltIn">
<msg time="2024-06-04T12:27:48.955861" level="INFO">Argument types are:
&lt;class 'int'&gt;
&lt;class 'str'&gt;</msg>
<arg>${response.status_code}</arg>
<arg>200</arg>
<doc>Fails if objects are unequal after converting them to real numbers.</doc>
<status status="PASS" start="2024-06-04T12:27:48.955339" elapsed="0.000585"/>
</kw>
<kw name="Log" owner="BuiltIn">
<msg time="2024-06-04T12:27:48.956800" level="INFO">200</msg>
<arg>${response.status_code}</arg>
<doc>Logs the given message with the given level.</doc>
<status status="PASS" start="2024-06-04T12:27:48.956335" elapsed="0.000514"/>
</kw>
<kw name="Set Variable" owner="BuiltIn">
<msg time="2024-06-04T12:27:48.957598" level="INFO">${json_data} = {'results': [{'gender': 'female', 'name': {'title': 'Miss', 'first': 'Lisete', 'last': 'Monteiro'}, 'location': {'street': {'number': 1830, 'name': 'Rua José Bonifácio '}, 'city': 'Passos', 'state': '...</msg>
<var>${json_data}</var>
<arg>${response.json()}</arg>
<doc>Returns the given values which can then be assigned to a variables.</doc>
<status status="PASS" start="2024-06-04T12:27:48.957158" elapsed="0.000469"/>
</kw>
<kw name="Dictionary Should Contain Key" owner="Collections">
<msg time="2024-06-04T12:27:48.958108" level="INFO">False</msg>
<arg>${json_data}</arg>
<arg>results</arg>
<doc>Fails if ``key`` is not found from ``dictionary``.</doc>
<status status="PASS" start="2024-06-04T12:27:48.957938" elapsed="0.000341"/>
</kw>
<status status="PASS" start="2024-06-04T12:27:48.862098" elapsed="0.096445"/>
</kw>
<doc>Testa se a API responde corretamente e retorna um objeto JSON válido.</doc>
<tag>testeRequisicaoBasica</tag>
<status status="PASS" start="2024-06-04T12:27:48.861599" elapsed="0.097116"/>
</test>
<test id="s1-s1-t3" name="Validar estrutura de resposta" line="22">
<kw name="Teste de Estrutura de Resposta" owner="random-user-service">
<kw name="GET On Session" owner="RequestsLibrary">
<msg time="2024-06-04T12:27:49.064792" level="INFO">GET Request : url=https://randomuser.me/api 
 path_url=/api 
 headers={'User-Agent': 'python-requests/2.32.3', 'Accept-Encoding': 'gzip, deflate', 'Accept': '*/*', 'Connection': 'keep-alive'} 
 body=None 
 </msg>
<msg time="2024-06-04T12:27:49.064885" level="INFO">GET Response : url=https://randomuser.me/api 
 status=200, reason=OK 
 headers={'Date': 'Tue, 04 Jun 2024 12:27:49 GMT', 'Content-Type': 'application/json; charset=utf-8', 'Transfer-Encoding': 'chunked', 'Connection': 'keep-alive', 'X-Powered-By': 'Express', 'Access-Control-Allow-Origin': '*', 'Cache-Control': 'no-cache', 'ETag': 'W/"47f-tlT/sgO3FclsGpr57WAxuzw5vV0"', 'Vary': 'Accept-Encoding', 'Content-Encoding': 'gzip', 'CF-Cache-Status': 'DYNAMIC', 'Report-To': '{"endpoints":[{"url":"https:\\/\\/a.nel.cloudflare.com\\/report\\/v4?s=MBesG%2BU6C8rINX3niWJmUOsn4spZ%2FI14iG0AReEttf2g1NQgKiShaJxcVDWA5SROuG4QsIhXeY30yU2hRwoAuPRh7vTp9COu%2FS8M9b2zB15F4qNkvpDzHNi349mmc32r"}],"group":"cf-nel","max_age":604800}', 'NEL': '{"success_fraction":0,"report_to":"cf-nel","max_age":604800}', 'Server': 'cloudflare', 'CF-RAY': '88e7eb4f08048286-IAD', 'alt-svc': 'h3=":443"; ma=86400'} 
 body={"results":[{"gender":"male","name":{"title":"Mr","first":"Batur","last":"Numanoğlu"},"location":{"street":{"number":1303,"name":"Tunalı Hilmi Cd"},"city":"Isparta","state":"Ordu","country":"Turkey","postcode":55771,"coordinates":{"latitude":"68.1706","longitude":"-14.5378"},"timezone":{"offset":"-1:00","description":"Azores, Cape Verde Islands"}},"email":"batur.numanoglu@example.com","login":{"uuid":"1a62a6a8-1362-4024-b221-5cd2cbf58ae6","username":"blackbutterfly419","password":"blake","salt":"fpBicjsm","md5":"c9f52a4c5002adf70303165bdf87a291","sha1":"c58317822fc1cfa9582ab6c34d2b579d655cac5f","sha256":"d779705659c3aaf44baba88a1404d51546a85b9f1ad225fdb1875363ad821493"},"dob":{"date":"1989-09-10T15:33:09.537Z","age":34},"registered":{"date":"2018-10-10T09:24:19.140Z","age":5},"phone":"(769)-356-8350","cell":"(894)-919-0596","id":{"name":"","value":null},"picture":{"large":"https://randomuser.me/api/portraits/men/17.jpg","medium":"https://randomuser.me/api/portraits/med/men/17.jpg","thumbnail":"https://randomuser.me/api/portraits/thumb/men/17.jpg"},"nat":"TR"}],"info":{"seed":"23fcbc243624e226","results":1,"page":1,"version":"1.4"}} 
 </msg>
<msg time="2024-06-04T12:27:49.065016" level="INFO">/opt/hostedtoolcache/Python/3.12.3/x64/lib/python3.12/site-packages/urllib3/connectionpool.py:1103: InsecureRequestWarning: Unverified HTTPS request is being made to host 'randomuser.me'. Adding certificate verification is strongly advised. See: https://urllib3.readthedocs.io/en/latest/advanced-usage.html#tls-warnings
  warnings.warn(</msg>
<msg time="2024-06-04T12:27:49.065149" level="INFO">${response} = &lt;Response [200]&gt;</msg>
<var>${response}</var>
<arg>consultarAPI</arg>
<arg>/api</arg>
<doc>Sends a GET request on a previously created HTTP Session.</doc>
<status status="PASS" start="2024-06-04T12:27:48.961342" elapsed="0.103846"/>
</kw>
<kw name="Set Variable" owner="BuiltIn">
<msg time="2024-06-04T12:27:49.066219" level="INFO">${json_data} = {'results': [{'gender': 'male', 'name': {'title': 'Mr', 'first': 'Batur', 'last': 'Numanoğlu'}, 'location': {'street': {'number': 1303, 'name': 'Tunalı Hilmi Cd'}, 'city': 'Isparta', 'state': 'Ordu', ...</msg>
<var>${json_data}</var>
<arg>${response.json()}</arg>
<doc>Returns the given values which can then be assigned to a variables.</doc>
<status status="PASS" start="2024-06-04T12:27:49.065665" elapsed="0.000585"/>
</kw>
<kw name="Log" owner="BuiltIn">
<msg time="2024-06-04T12:27:49.066728" level="INFO">{'results': [{'gender': 'male', 'name': {'title': 'Mr', 'first': 'Batur', 'last': 'Numanoğlu'}, 'location': {'street': {'number': 1303, 'name': 'Tunalı Hilmi Cd'}, 'city': 'Isparta', 'state': 'Ordu', 'country': 'Turkey', 'postcode': 55771, 'coordinates': {'latitude': '68.1706', 'longitude': '-14.5378'}, 'timezone': {'offset': '-1:00', 'description': 'Azores, Cape Verde Islands'}}, 'email': 'batur.numanoglu@example.com', 'login': {'uuid': '1a62a6a8-1362-4024-b221-5cd2cbf58ae6', 'username': 'blackbutterfly419', 'password': 'blake', 'salt': 'fpBicjsm', 'md5': 'c9f52a4c5002adf70303165bdf87a291', 'sha1': 'c58317822fc1cfa9582ab6c34d2b579d655cac5f', 'sha256': 'd779705659c3aaf44baba88a1404d51546a85b9f1ad225fdb1875363ad821493'}, 'dob': {'date': '1989-09-10T15:33:09.537Z', 'age': 34}, 'registered': {'date': '2018-10-10T09:24:19.140Z', 'age': 5}, 'phone': '(769)-356-8350', 'cell': '(894)-919-0596', 'id': {'name': '', 'value': None}, 'picture': {'large': 'https://randomuser.me/api/portraits/men/17.jpg', 'medium': 'https://randomuser.me/api/portraits/med/men/17.jpg', 'thumbnail': 'https://randomuser.me/api/portraits/thumb/men/17.jpg'}, 'nat': 'TR'}], 'info': {'seed': '23fcbc243624e226', 'results': 1, 'page': 1, 'version': '1.4'}}</msg>
<arg>${json_data}</arg>
<doc>Logs the given message with the given level.</doc>
<status status="PASS" start="2024-06-04T12:27:49.066566" elapsed="0.000211"/>
</kw>
<kw name="Dictionary Should Contain Key" owner="Collections">
<msg time="2024-06-04T12:27:49.067225" level="INFO">False</msg>
<arg>${json_data}</arg>
<arg>results</arg>
<doc>Fails if ``key`` is not found from ``dictionary``.</doc>
<status status="PASS" start="2024-06-04T12:27:49.067072" elapsed="0.000189"/>
</kw>
<kw name="Should Not Be Empty" owner="BuiltIn">
<msg time="2024-06-04T12:27:49.067690" level="INFO">Length is 2.</msg>
<arg>${json_data}</arg>
<doc>Verifies that the given item is not empty.</doc>
<status status="PASS" start="2024-06-04T12:27:49.067558" elapsed="0.000169"/>
</kw>
<kw name="Create List" owner="BuiltIn">
<msg time="2024-06-04T12:27:49.068213" level="INFO">${expected_keys} = ['gender', 'name', 'location', 'email', 'login']</msg>
<var>${expected_keys}</var>
<arg>gender</arg>
<arg>name</arg>
<arg>location</arg>
<arg>email</arg>
<arg>login</arg>
<doc>Returns a list containing given items.</doc>
<status status="PASS" start="2024-06-04T12:27:49.068032" elapsed="0.000216"/>
</kw>
<for flavor="IN">
<iter>
<kw name="Dictionary Should Contain Key" owner="Collections">
<msg time="2024-06-04T12:27:49.069261" level="INFO">False</msg>
<arg>${json_data['results'][0]}</arg>
<arg>${key}</arg>
<doc>Fails if ``key`` is not found from ``dictionary``.</doc>
<status status="PASS" start="2024-06-04T12:27:49.068843" elapsed="0.000463"/>
</kw>
<kw name="Log" owner="BuiltIn">
<msg time="2024-06-04T12:27:49.069978" level="INFO">{'gender': 'male', 'name': {'title': 'Mr', 'first': 'Batur', 'last': 'Numanoğlu'}, 'location': {'street': {'number': 1303, 'name': 'Tunalı Hilmi Cd'}, 'city': 'Isparta', 'state': 'Ordu', 'country': 'Turkey', 'postcode': 55771, 'coordinates': {'latitude': '68.1706', 'longitude': '-14.5378'}, 'timezone': {'offset': '-1:00', 'description': 'Azores, Cape Verde Islands'}}, 'email': 'batur.numanoglu@example.com', 'login': {'uuid': '1a62a6a8-1362-4024-b221-5cd2cbf58ae6', 'username': 'blackbutterfly419', 'password': 'blake', 'salt': 'fpBicjsm', 'md5': 'c9f52a4c5002adf70303165bdf87a291', 'sha1': 'c58317822fc1cfa9582ab6c34d2b579d655cac5f', 'sha256': 'd779705659c3aaf44baba88a1404d51546a85b9f1ad225fdb1875363ad821493'}, 'dob': {'date': '1989-09-10T15:33:09.537Z', 'age': 34}, 'registered': {'date': '2018-10-10T09:24:19.140Z', 'age': 5}, 'phone': '(769)-356-8350', 'cell': '(894)-919-0596', 'id': {'name': '', 'value': None}, 'picture': {'large': 'https://randomuser.me/api/portraits/men/17.jpg', 'medium': 'https://randomuser.me/api/portraits/med/men/17.jpg', 'thumbnail': 'https://randomuser.me/api/portraits/thumb/men/17.jpg'}, 'nat': 'TR'}</msg>
<arg>${json_data['results'][0]}</arg>
<doc>Logs the given message with the given level.</doc>
<status status="PASS" start="2024-06-04T12:27:49.069608" elapsed="0.000432"/>
</kw>
<kw name="Log" owner="BuiltIn">
<msg time="2024-06-04T12:27:49.070478" level="INFO">gender</msg>
<arg>${key}</arg>
<doc>Logs the given message with the given level.</doc>
<status status="PASS" start="2024-06-04T12:27:49.070346" elapsed="0.000170"/>
</kw>
<var name="${key}">gender</var>
<status status="PASS" start="2024-06-04T12:27:49.068709" elapsed="0.002023"/>
</iter>
<iter>
<kw name="Dictionary Should Contain Key" owner="Collections">
<msg time="2024-06-04T12:27:49.071421" level="INFO">False</msg>
<arg>${json_data['results'][0]}</arg>
<arg>${key}</arg>
<doc>Fails if ``key`` is not found from ``dictionary``.</doc>
<status status="PASS" start="2024-06-04T12:27:49.071036" elapsed="0.000423"/>
</kw>
<kw name="Log" owner="BuiltIn">
<msg time="2024-06-04T12:27:49.072146" level="INFO">{'gender': 'male', 'name': {'title': 'Mr', 'first': 'Batur', 'last': 'Numanoğlu'}, 'location': {'street': {'number': 1303, 'name': 'Tunalı Hilmi Cd'}, 'city': 'Isparta', 'state': 'Ordu', 'country': 'Turkey', 'postcode': 55771, 'coordinates': {'latitude': '68.1706', 'longitude': '-14.5378'}, 'timezone': {'offset': '-1:00', 'description': 'Azores, Cape Verde Islands'}}, 'email': 'batur.numanoglu@example.com', 'login': {'uuid': '1a62a6a8-1362-4024-b221-5cd2cbf58ae6', 'username': 'blackbutterfly419', 'password': 'blake', 'salt': 'fpBicjsm', 'md5': 'c9f52a4c5002adf70303165bdf87a291', 'sha1': 'c58317822fc1cfa9582ab6c34d2b579d655cac5f', 'sha256': 'd779705659c3aaf44baba88a1404d51546a85b9f1ad225fdb1875363ad821493'}, 'dob': {'date': '1989-09-10T15:33:09.537Z', 'age': 34}, 'registered': {'date': '2018-10-10T09:24:19.140Z', 'age': 5}, 'phone': '(769)-356-8350', 'cell': '(894)-919-0596', 'id': {'name': '', 'value': None}, 'picture': {'large': 'https://randomuser.me/api/portraits/men/17.jpg', 'medium': 'https://randomuser.me/api/portraits/med/men/17.jpg', 'thumbnail': 'https://randomuser.me/api/portraits/thumb/men/17.jpg'}, 'nat': 'TR'}</msg>
<arg>${json_data['results'][0]}</arg>
<doc>Logs the given message with the given level.</doc>
<status status="PASS" start="2024-06-04T12:27:49.071783" elapsed="0.000447"/>
</kw>
<kw name="Log" owner="BuiltIn">
<msg time="2024-06-04T12:27:49.072676" level="INFO">name</msg>
<arg>${key}</arg>
<doc>Logs the given message with the given level.</doc>
<status status="PASS" start="2024-06-04T12:27:49.072541" elapsed="0.000174"/>
</kw>
<var name="${key}">name</var>
<status status="PASS" start="2024-06-04T12:27:49.070921" elapsed="0.002013"/>
</iter>
<iter>
<kw name="Dictionary Should Contain Key" owner="Collections">
<msg time="2024-06-04T12:27:49.073608" level="INFO">False</msg>
<arg>${json_data['results'][0]}</arg>
<arg>${key}</arg>
<doc>Fails if ``key`` is not found from ``dictionary``.</doc>
<status status="PASS" start="2024-06-04T12:27:49.073229" elapsed="0.000418"/>
</kw>
<kw name="Log" owner="BuiltIn">
<msg time="2024-06-04T12:27:49.074335" level="INFO">{'gender': 'male', 'name': {'title': 'Mr', 'first': 'Batur', 'last': 'Numanoğlu'}, 'location': {'street': {'number': 1303, 'name': 'Tunalı Hilmi Cd'}, 'city': 'Isparta', 'state': 'Ordu', 'country': 'Turkey', 'postcode': 55771, 'coordinates': {'latitude': '68.1706', 'longitude': '-14.5378'}, 'timezone': {'offset': '-1:00', 'description': 'Azores, Cape Verde Islands'}}, 'email': 'batur.numanoglu@example.com', 'login': {'uuid': '1a62a6a8-1362-4024-b221-5cd2cbf58ae6', 'username': 'blackbutterfly419', 'password': 'blake', 'salt': 'fpBicjsm', 'md5': 'c9f52a4c5002adf70303165bdf87a291', 'sha1': 'c58317822fc1cfa9582ab6c34d2b579d655cac5f', 'sha256': 'd779705659c3aaf44baba88a1404d51546a85b9f1ad225fdb1875363ad821493'}, 'dob': {'date': '1989-09-10T15:33:09.537Z', 'age': 34}, 'registered': {'date': '2018-10-10T09:24:19.140Z', 'age': 5}, 'phone': '(769)-356-8350', 'cell': '(894)-919-0596', 'id': {'name': '', 'value': None}, 'picture': {'large': 'https://randomuser.me/api/portraits/men/17.jpg', 'medium': 'https://randomuser.me/api/portraits/med/men/17.jpg', 'thumbnail': 'https://randomuser.me/api/portraits/thumb/men/17.jpg'}, 'nat': 'TR'}</msg>
<arg>${json_data['results'][0]}</arg>
<doc>Logs the given message with the given level.</doc>
<status status="PASS" start="2024-06-04T12:27:49.073957" elapsed="0.000429"/>
</kw>
<kw name="Log" owner="BuiltIn">
<msg time="2024-06-04T12:27:49.074816" level="INFO">location</msg>
<arg>${key}</arg>
<doc>Logs the given message with the given level.</doc>
<status status="PASS" start="2024-06-04T12:27:49.074688" elapsed="0.000166"/>
</kw>
<var name="${key}">location</var>
<status status="PASS" start="2024-06-04T12:27:49.073116" elapsed="0.001955"/>
</iter>
<iter>
<kw name="Dictionary Should Contain Key" owner="Collections">
<msg time="2024-06-04T12:27:49.075851" level="INFO">False</msg>
<arg>${json_data['results'][0]}</arg>
<arg>${key}</arg>
<doc>Fails if ``key`` is not found from ``dictionary``.</doc>
<status status="PASS" start="2024-06-04T12:27:49.075358" elapsed="0.000532"/>
</kw>
<kw name="Log" owner="BuiltIn">
<msg time="2024-06-04T12:27:49.076592" level="INFO">{'gender': 'male', 'name': {'title': 'Mr', 'first': 'Batur', 'last': 'Numanoğlu'}, 'location': {'street': {'number': 1303, 'name': 'Tunalı Hilmi Cd'}, 'city': 'Isparta', 'state': 'Ordu', 'country': 'Turkey', 'postcode': 55771, 'coordinates': {'latitude': '68.1706', 'longitude': '-14.5378'}, 'timezone': {'offset': '-1:00', 'description': 'Azores, Cape Verde Islands'}}, 'email': 'batur.numanoglu@example.com', 'login': {'uuid': '1a62a6a8-1362-4024-b221-5cd2cbf58ae6', 'username': 'blackbutterfly419', 'password': 'blake', 'salt': 'fpBicjsm', 'md5': 'c9f52a4c5002adf70303165bdf87a291', 'sha1': 'c58317822fc1cfa9582ab6c34d2b579d655cac5f', 'sha256': 'd779705659c3aaf44baba88a1404d51546a85b9f1ad225fdb1875363ad821493'}, 'dob': {'date': '1989-09-10T15:33:09.537Z', 'age': 34}, 'registered': {'date': '2018-10-10T09:24:19.140Z', 'age': 5}, 'phone': '(769)-356-8350', 'cell': '(894)-919-0596', 'id': {'name': '', 'value': None}, 'picture': {'large': 'https://randomuser.me/api/portraits/men/17.jpg', 'medium': 'https://randomuser.me/api/portraits/med/men/17.jpg', 'thumbnail': 'https://randomuser.me/api/portraits/thumb/men/17.jpg'}, 'nat': 'TR'}</msg>
<arg>${json_data['results'][0]}</arg>
<doc>Logs the given message with the given level.</doc>
<status status="PASS" start="2024-06-04T12:27:49.076219" elapsed="0.000425"/>
</kw>
<kw name="Log" owner="BuiltIn">
<msg time="2024-06-04T12:27:49.077073" level="INFO">email</msg>
<arg>${key}</arg>
<doc>Logs the given message with the given level.</doc>
<status status="PASS" start="2024-06-04T12:27:49.076944" elapsed="0.000166"/>
</kw>
<var name="${key}">email</var>
<status status="PASS" start="2024-06-04T12:27:49.075247" elapsed="0.002080"/>
</iter>
<iter>
<kw name="Dictionary Should Contain Key" owner="Collections">
<msg time="2024-06-04T12:27:49.078007" level="INFO">False</msg>
<arg>${json_data['results'][0]}</arg>
<arg>${key}</arg>
<doc>Fails if ``key`` is not found from ``dictionary``.</doc>
<status status="PASS" start="2024-06-04T12:27:49.077616" elapsed="0.000429"/>
</kw>
<kw name="Log" owner="BuiltIn">
<msg time="2024-06-04T12:27:49.078700" level="INFO">{'gender': 'male', 'name': {'title': 'Mr', 'first': 'Batur', 'last': 'Numanoğlu'}, 'location': {'street': {'number': 1303, 'name': 'Tunalı Hilmi Cd'}, 'city': 'Isparta', 'state': 'Ordu', 'country': 'Turkey', 'postcode': 55771, 'coordinates': {'latitude': '68.1706', 'longitude': '-14.5378'}, 'timezone': {'offset': '-1:00', 'description': 'Azores, Cape Verde Islands'}}, 'email': 'batur.numanoglu@example.com', 'login': {'uuid': '1a62a6a8-1362-4024-b221-5cd2cbf58ae6', 'username': 'blackbutterfly419', 'password': 'blake', 'salt': 'fpBicjsm', 'md5': 'c9f52a4c5002adf70303165bdf87a291', 'sha1': 'c58317822fc1cfa9582ab6c34d2b579d655cac5f', 'sha256': 'd779705659c3aaf44baba88a1404d51546a85b9f1ad225fdb1875363ad821493'}, 'dob': {'date': '1989-09-10T15:33:09.537Z', 'age': 34}, 'registered': {'date': '2018-10-10T09:24:19.140Z', 'age': 5}, 'phone': '(769)-356-8350', 'cell': '(894)-919-0596', 'id': {'name': '', 'value': None}, 'picture': {'large': 'https://randomuser.me/api/portraits/men/17.jpg', 'medium': 'https://randomuser.me/api/portraits/med/men/17.jpg', 'thumbnail': 'https://randomuser.me/api/portraits/thumb/men/17.jpg'}, 'nat': 'TR'}</msg>
<arg>${json_data['results'][0]}</arg>
<doc>Logs the given message with the given level.</doc>
<status status="PASS" start="2024-06-04T12:27:49.078340" elapsed="0.000412"/>
</kw>
<kw name="Log" owner="BuiltIn">
<msg time="2024-06-04T12:27:49.079174" level="INFO">login</msg>
<arg>${key}</arg>
<doc>Logs the given message with the given level.</doc>
<status status="PASS" start="2024-06-04T12:27:49.079046" elapsed="0.000165"/>
</kw>
<var name="${key}">login</var>
<status status="PASS" start="2024-06-04T12:27:49.077504" elapsed="0.001922"/>
</iter>
<var>${key}</var>
<value>@{expected_keys}</value>
<status status="PASS" start="2024-06-04T12:27:49.068514" elapsed="0.011059"/>
</for>
<kw name="Create List" owner="BuiltIn">
<msg time="2024-06-04T12:27:49.079913" level="INFO">${expected_keysTwo} = ['username', 'password']</msg>
<var>${expected_keysTwo}</var>
<arg>username</arg>
<arg>password</arg>
<doc>Returns a list containing given items.</doc>
<status status="PASS" start="2024-06-04T12:27:49.079775" elapsed="0.000161"/>
</kw>
<for flavor="IN">
<iter>
<kw name="Dictionary Should Contain Key" owner="Collections">
<msg time="2024-06-04T12:27:49.080855" level="INFO">False</msg>
<arg>${json_data['results'][0]['login']}</arg>
<arg>${keyTwo}</arg>
<doc>Fails if ``key`` is not found from ``dictionary``.</doc>
<status status="PASS" start="2024-06-04T12:27:49.080469" elapsed="0.000424"/>
</kw>
<kw name="Dictionary Should Contain Key" owner="Collections">
<msg time="2024-06-04T12:27:49.081573" level="INFO">False</msg>
<arg>${json_data['results'][0]['login']}</arg>
<arg>${keyTwo}</arg>
<doc>Fails if ``key`` is not found from ``dictionary``.</doc>
<status status="PASS" start="2024-06-04T12:27:49.081190" elapsed="0.000420"/>
</kw>
<kw name="Log" owner="BuiltIn">
<msg time="2024-06-04T12:27:49.082030" level="INFO">username</msg>
<arg>${keyTwo}</arg>
<doc>Logs the given message with the given level.</doc>
<status status="PASS" start="2024-06-04T12:27:49.081902" elapsed="0.000166"/>
</kw>
<var name="${keyTwo}">username</var>
<status status="PASS" start="2024-06-04T12:27:49.080359" elapsed="0.001923"/>
</iter>
<iter>
<kw name="Dictionary Should Contain Key" owner="Collections">
<msg time="2024-06-04T12:27:49.082942" level="INFO">False</msg>
<arg>${json_data['results'][0]['login']}</arg>
<arg>${keyTwo}</arg>
<doc>Fails if ``key`` is not found from ``dictionary``.</doc>
<status status="PASS" start="2024-06-04T12:27:49.082566" elapsed="0.000415"/>
</kw>
<kw name="Dictionary Should Contain Key" owner="Collections">
<msg time="2024-06-04T12:27:49.083659" level="INFO">False</msg>
<arg>${json_data['results'][0]['login']}</arg>
<arg>${keyTwo}</arg>
<doc>Fails if ``key`` is not found from ``dictionary``.</doc>
<status status="PASS" start="2024-06-04T12:27:49.083277" elapsed="0.000419"/>
</kw>
<kw name="Log" owner="BuiltIn">
<msg time="2024-06-04T12:27:49.084123" level="INFO">password</msg>
<arg>${keyTwo}</arg>
<doc>Logs the given message with the given level.</doc>
<status status="PASS" start="2024-06-04T12:27:49.083996" elapsed="0.000188"/>
</kw>
<var name="${keyTwo}">password</var>
<status status="PASS" start="2024-06-04T12:27:49.082454" elapsed="0.001968"/>
</iter>
<var>${keyTwo}</var>
<value>@{expected_keysTwo}</value>
<status status="PASS" start="2024-06-04T12:27:49.080193" elapsed="0.004350"/>
</for>
<status status="PASS" start="2024-06-04T12:27:48.961108" elapsed="0.123572"/>
</kw>
<doc>Testa a estrutura da resposta da API.</doc>
<tag>testeEstruturaResposta</tag>
<status status="PASS" start="2024-06-04T12:27:48.960529" elapsed="0.124304"/>
</test>
<test id="s1-s1-t4" name="Validar tipos de dados" line="28">
<kw name="Teste de Tipos de Dados" owner="random-user-service">
<kw name="GET On Session" owner="RequestsLibrary">
<msg time="2024-06-04T12:27:49.134711" level="INFO">GET Request : url=https://randomuser.me/api 
 path_url=/api 
 headers={'User-Agent': 'python-requests/2.32.3', 'Accept-Encoding': 'gzip, deflate', 'Accept': '*/*', 'Connection': 'keep-alive'} 
 body=None 
 </msg>
<msg time="2024-06-04T12:27:49.134797" level="INFO">GET Response : url=https://randomuser.me/api 
 status=200, reason=OK 
 headers={'Date': 'Tue, 04 Jun 2024 12:27:49 GMT', 'Content-Type': 'application/json; charset=utf-8', 'Transfer-Encoding': 'chunked', 'Connection': 'keep-alive', 'X-Powered-By': 'Express', 'Access-Control-Allow-Origin': '*', 'Cache-Control': 'no-cache', 'ETag': 'W/"48c-PxRSVY+iGkOytFbiaZ1mjrwF4gU"', 'Vary': 'Accept-Encoding', 'Content-Encoding': 'gzip', 'CF-Cache-Status': 'DYNAMIC', 'Report-To': '{"endpoints":[{"url":"https:\\/\\/a.nel.cloudflare.com\\/report\\/v4?s=FZKg11Fvbkz9ofUys6VlKAj%2FAx3PGnXfoLf8t2UMZivJ8MG2OIOR4dR9Wzco7V3CcSBDQ6evOhgknNufAQ%2FG26xEQWEci0HZ4AH32B3Y0uT%2FyZUOf87yaFMthaN6KXsN"}],"group":"cf-nel","max_age":604800}', 'NEL': '{"success_fraction":0,"report_to":"cf-nel","max_age":604800}', 'Server': 'cloudflare', 'CF-RAY': '88e7eb4fd9158286-IAD', 'alt-svc': 'h3=":443"; ma=86400'} 
 body={"results":[{"gender":"male","name":{"title":"Mr","first":"Harvey","last":"Cooper"},"location":{"street":{"number":4783,"name":"High Street"},"city":"Armagh","state":"Essex","country":"United Kingdom","postcode":"K2 7SP","coordinates":{"latitude":"-11.3057","longitude":"-31.6092"},"timezone":{"offset":"-1:00","description":"Azores, Cape Verde Islands"}},"email":"harvey.cooper@example.com","login":{"uuid":"6267405d-ba01-45be-9667-ced2eaca1649","username":"happyladybug821","password":"gobears","salt":"TMdhwR6t","md5":"4870f79ac91143cebfb05a3ed8ef7c41","sha1":"d74d8df0e5bd4badd72f7590e4a4505a8e4adef4","sha256":"4bd1d27b1701dee8fc620c41abedc3c626d70120e3cb9e5b58beed910149f93d"},"dob":{"date":"1997-09-01T06:14:16.561Z","age":26},"registered":{"date":"2019-09-17T07:30:29.051Z","age":4},"phone":"015396 29010","cell":"07662 394007","id":{"name":"NINO","value":"HR 78 45 40 G"},"picture":{"large":"https://randomuser.me/api/portraits/men/18.jpg","medium":"https://randomuser.me/api/portraits/med/men/18.jpg","thumbnail":"https://randomuser.me/api/portraits/thumb/men/18.jpg"},"nat":"GB"}],"info":{"seed":"73e2f6c07adec763","results":1,"page":1,"version":"1.4"}} 
 </msg>
<msg time="2024-06-04T12:27:49.134866" level="INFO">/opt/hostedtoolcache/Python/3.12.3/x64/lib/python3.12/site-packages/urllib3/connectionpool.py:1103: InsecureRequestWarning: Unverified HTTPS request is being made to host 'randomuser.me'. Adding certificate verification is strongly advised. See: https://urllib3.readthedocs.io/en/latest/advanced-usage.html#tls-warnings
  warnings.warn(</msg>
<msg time="2024-06-04T12:27:49.134978" level="INFO">${response} = &lt;Response [200]&gt;</msg>
<var>${response}</var>
<arg>consultarAPI</arg>
<arg>/api</arg>
<doc>Sends a GET request on a previously created HTTP Session.</doc>
<status status="PASS" start="2024-06-04T12:27:49.087373" elapsed="0.047648"/>
</kw>
<kw name="Set Variable" owner="BuiltIn">
<msg time="2024-06-04T12:27:49.135954" level="INFO">${json_data} = {'results': [{'gender': 'male', 'name': {'title': 'Mr', 'first': 'Harvey', 'last': 'Cooper'}, 'location': {'street': {'number': 4783, 'name': 'High Street'}, 'city': 'Armagh', 'state': 'Essex', 'count...</msg>
<var>${json_data}</var>
<arg>${response.json()}</arg>
<doc>Returns the given values which can then be assigned to a variables.</doc>
<status status="PASS" start="2024-06-04T12:27:49.135478" elapsed="0.000504"/>
</kw>
<kw name="Log" owner="BuiltIn">
<msg time="2024-06-04T12:27:49.136488" level="INFO">{'results': [{'gender': 'male', 'name': {'title': 'Mr', 'first': 'Harvey', 'last': 'Cooper'}, 'location': {'street': {'number': 4783, 'name': 'High Street'}, 'city': 'Armagh', 'state': 'Essex', 'country': 'United Kingdom', 'postcode': 'K2 7SP', 'coordinates': {'latitude': '-11.3057', 'longitude': '-31.6092'}, 'timezone': {'offset': '-1:00', 'description': 'Azores, Cape Verde Islands'}}, 'email': 'harvey.cooper@example.com', 'login': {'uuid': '6267405d-ba01-45be-9667-ced2eaca1649', 'username': 'happyladybug821', 'password': 'gobears', 'salt': 'TMdhwR6t', 'md5': '4870f79ac91143cebfb05a3ed8ef7c41', 'sha1': 'd74d8df0e5bd4badd72f7590e4a4505a8e4adef4', 'sha256': '4bd1d27b1701dee8fc620c41abedc3c626d70120e3cb9e5b58beed910149f93d'}, 'dob': {'date': '1997-09-01T06:14:16.561Z', 'age': 26}, 'registered': {'date': '2019-09-17T07:30:29.051Z', 'age': 4}, 'phone': '015396 29010', 'cell': '07662 394007', 'id': {'name': 'NINO', 'value': 'HR 78 45 40 G'}, 'picture': {'large': 'https://randomuser.me/api/portraits/men/18.jpg', 'medium': 'https://randomuser.me/api/portraits/med/men/18.jpg', 'thumbnail': 'https://randomuser.me/api/portraits/thumb/men/18.jpg'}, 'nat': 'GB'}], 'info': {'seed': '73e2f6c07adec763', 'results': 1, 'page': 1, 'version': '1.4'}}</msg>
<arg>${json_data}</arg>
<doc>Logs the given message with the given level.</doc>
<status status="PASS" start="2024-06-04T12:27:49.136333" elapsed="0.000237"/>
</kw>
<kw name="Should Be String" owner="String">
<arg>${json_data['results'][0]['gender']}</arg>
<doc>Fails if the given ``item`` is not a string.</doc>
<status status="PASS" start="2024-06-04T12:27:49.136870" elapsed="0.000360"/>
</kw>
<kw name="Should Match Regexp" owner="BuiltIn">
<arg>${json_data['results'][0]['email']}</arg>
<arg>^[a-zA-Z0-9._%+-]+@[a-zA-Z0-9.-]+\.[a-zA-Z]{2,}$</arg>
<doc>Fails if ``string`` does not match ``pattern`` as a regular expression.</doc>
<status status="PASS" start="2024-06-04T12:27:49.137421" elapsed="0.000646"/>
</kw>
<kw name="Should Match Regexp" owner="BuiltIn">
<arg>${json_data['results'][0]['dob']['date']}</arg>
<arg>\\d{4}-\\d{2}-\\d{2}T\\d{2}:\\d{2}:\\d{2}\\.\\d{3}Z</arg>
<doc>Fails if ``string`` does not match ``pattern`` as a regular expression.</doc>
<status status="PASS" start="2024-06-04T12:27:49.138265" elapsed="0.000492"/>
</kw>
<kw name="Should Match Regexp" owner="BuiltIn">
<arg>${json_data['results'][0]['registered']['date']}</arg>
<arg>\\d{4}-\\d{2}-\\d{2}T\\d{2}:\\d{2}:\\d{2}\\.\\d{3}Z</arg>
<doc>Fails if ``string`` does not match ``pattern`` as a regular expression.</doc>
<status status="PASS" start="2024-06-04T12:27:49.138951" elapsed="0.000363"/>
</kw>
<kw name="Should Match Regexp" owner="BuiltIn">
<arg>${json_data['results'][0]['picture']['large']}</arg>
<arg>^https?://.*\.(?:png|jpe?g|gif|bmp)$</arg>
<doc>Fails if ``string`` does not match ``pattern`` as a regular expression.</doc>
<status status="PASS" start="2024-06-04T12:27:49.139500" elapsed="0.000456"/>
</kw>
<kw name="Should Match Regexp" owner="BuiltIn">
<arg>${json_data['results'][0]['picture']['medium']}</arg>
<arg>^https?://.*\.(?:png|jpe?g|gif|bmp)$</arg>
<doc>Fails if ``string`` does not match ``pattern`` as a regular expression.</doc>
<status status="PASS" start="2024-06-04T12:27:49.140175" elapsed="0.000360"/>
</kw>
<kw name="Should Match Regexp" owner="BuiltIn">
<arg>${json_data['results'][0]['picture']['thumbnail']}</arg>
<arg>^https?://.*\.(?:png|jpe?g|gif|bmp)$</arg>
<doc>Fails if ``string`` does not match ``pattern`` as a regular expression.</doc>
<status status="PASS" start="2024-06-04T12:27:49.140724" elapsed="0.000347"/>
</kw>
<kw name="Log" owner="BuiltIn">
<msg time="2024-06-04T12:27:49.141578" level="INFO">{'large': 'https://randomuser.me/api/portraits/men/18.jpg', 'medium': 'https://randomuser.me/api/portraits/med/men/18.jpg', 'thumbnail': 'https://randomuser.me/api/portraits/thumb/men/18.jpg'}</msg>
<arg>${json_data['results'][0]['picture']}</arg>
<doc>Logs the given message with the given level.</doc>
<status status="PASS" start="2024-06-04T12:27:49.141255" elapsed="0.000365"/>
</kw>
<status status="PASS" start="2024-06-04T12:27:49.087141" elapsed="0.054731"/>
</kw>
<kw name="Teste de Tipos de Dados - Postcode" owner="random-user-service">
<kw name="GET On Session" owner="RequestsLibrary">
<msg time="2024-06-04T12:27:49.242701" level="INFO">GET Request : url=https://randomuser.me/api 
 path_url=/api 
 headers={'User-Agent': 'python-requests/2.32.3', 'Accept-Encoding': 'gzip, deflate', 'Accept': '*/*', 'Connection': 'keep-alive'} 
 body=None 
 </msg>
<msg time="2024-06-04T12:27:49.242785" level="INFO">GET Response : url=https://randomuser.me/api 
 status=200, reason=OK 
 headers={'Date': 'Tue, 04 Jun 2024 12:27:49 GMT', 'Content-Type': 'application/json; charset=utf-8', 'Transfer-Encoding': 'chunked', 'Connection': 'keep-alive', 'X-Powered-By': 'Express', 'Access-Control-Allow-Origin': '*', 'Cache-Control': 'no-cache', 'ETag': 'W/"472-5bHfm41g2XhyhVg71NR56NtjKi0"', 'Vary': 'Accept-Encoding', 'Content-Encoding': 'gzip', 'CF-Cache-Status': 'DYNAMIC', 'Report-To': '{"endpoints":[{"url":"https:\\/\\/a.nel.cloudflare.com\\/report\\/v4?s=FxLDJhjX6ff%2B21ZZZjRZWGaBqcXr7OOONuPCdRH2bDMBflWbHkD9zOqNUC0f4WEI2Fh4X5SaqTNV4vtXsUoDRq8IjVDbg%2BT7jikz5EY9%2F1AYv8TV909uF0NU279J9Spm"}],"group":"cf-nel","max_age":604800}', 'NEL': '{"success_fraction":0,"report_to":"cf-nel","max_age":604800}', 'Server': 'cloudflare', 'CF-RAY': '88e7eb50298a8286-IAD', 'alt-svc': 'h3=":443"; ma=86400'} 
 body={"results":[{"gender":"female","name":{"title":"Miss","first":"Ellie","last":"Wang"},"location":{"street":{"number":7107,"name":"Hillside Road"},"city":"Nelson","state":"Gisborne","country":"New Zealand","postcode":54774,"coordinates":{"latitude":"52.4549","longitude":"128.3108"},"timezone":{"offset":"-3:30","description":"Newfoundland"}},"email":"ellie.wang@example.com","login":{"uuid":"3d25b683-7d23-4725-b5ed-a35851bdf0ce","username":"tinyostrich296","password":"tara","salt":"ZkmBjtpv","md5":"8e25e5102913f5c07efcb23a1b0000b7","sha1":"6584ceb0ab9e94ed1c0c50b1b3a6d0b3b7307cd2","sha256":"bec6ea0650e7e019b637324d64d16b334c4825f50156ef5a77c9f200f54b6ec6"},"dob":{"date":"1962-10-03T10:38:44.657Z","age":61},"registered":{"date":"2012-09-03T22:13:49.079Z","age":11},"phone":"(078)-907-9730","cell":"(981)-757-2563","id":{"name":"","value":null},"picture":{"large":"https://randomuser.me/api/portraits/women/31.jpg","medium":"https://randomuser.me/api/portraits/med/women/31.jpg","thumbnail":"https://randomuser.me/api/portraits/thumb/women/31.jpg"},"nat":"NZ"}],"info":{"seed":"2d53540212e4eb91","results":1,"page":1,"version":"1.4"}} 
 </msg>
<msg time="2024-06-04T12:27:49.242857" level="INFO">/opt/hostedtoolcache/Python/3.12.3/x64/lib/python3.12/site-packages/urllib3/connectionpool.py:1103: InsecureRequestWarning: Unverified HTTPS request is being made to host 'randomuser.me'. Adding certificate verification is strongly advised. See: https://urllib3.readthedocs.io/en/latest/advanced-usage.html#tls-warnings
  warnings.warn(</msg>
<msg time="2024-06-04T12:27:49.242970" level="INFO">${response} = &lt;Response [200]&gt;</msg>
<var>${response}</var>
<arg>consultarAPI</arg>
<arg>/api</arg>
<doc>Sends a GET request on a previously created HTTP Session.</doc>
<status status="PASS" start="2024-06-04T12:27:49.142311" elapsed="0.100699"/>
</kw>
<kw name="Set Variable" owner="BuiltIn">
<msg time="2024-06-04T12:27:49.243952" level="INFO">${json_data} = {'results': [{'gender': 'female', 'name': {'title': 'Miss', 'first': 'Ellie', 'last': 'Wang'}, 'location': {'street': {'number': 7107, 'name': 'Hillside Road'}, 'city': 'Nelson', 'state': 'Gisborne', ...</msg>
<var>${json_data}</var>
<arg>${response.json()}</arg>
<doc>Returns the given values which can then be assigned to a variables.</doc>
<status status="PASS" start="2024-06-04T12:27:49.243501" elapsed="0.000479"/>
</kw>
<kw name="Log" owner="BuiltIn">
<msg time="2024-06-04T12:27:49.244480" level="INFO">{'results': [{'gender': 'female', 'name': {'title': 'Miss', 'first': 'Ellie', 'last': 'Wang'}, 'location': {'street': {'number': 7107, 'name': 'Hillside Road'}, 'city': 'Nelson', 'state': 'Gisborne', 'country': 'New Zealand', 'postcode': 54774, 'coordinates': {'latitude': '52.4549', 'longitude': '128.3108'}, 'timezone': {'offset': '-3:30', 'description': 'Newfoundland'}}, 'email': 'ellie.wang@example.com', 'login': {'uuid': '3d25b683-7d23-4725-b5ed-a35851bdf0ce', 'username': 'tinyostrich296', 'password': 'tara', 'salt': 'ZkmBjtpv', 'md5': '8e25e5102913f5c07efcb23a1b0000b7', 'sha1': '6584ceb0ab9e94ed1c0c50b1b3a6d0b3b7307cd2', 'sha256': 'bec6ea0650e7e019b637324d64d16b334c4825f50156ef5a77c9f200f54b6ec6'}, 'dob': {'date': '1962-10-03T10:38:44.657Z', 'age': 61}, 'registered': {'date': '2012-09-03T22:13:49.079Z', 'age': 11}, 'phone': '(078)-907-9730', 'cell': '(981)-757-2563', 'id': {'name': '', 'value': None}, 'picture': {'large': 'https://randomuser.me/api/portraits/women/31.jpg', 'medium': 'https://randomuser.me/api/portraits/med/women/31.jpg', 'thumbnail': 'https://randomuser.me/api/portraits/thumb/women/31.jpg'}, 'nat': 'NZ'}], 'info': {'seed': '2d53540212e4eb91', 'results': 1, 'page': 1, 'version': '1.4'}}</msg>
<arg>${json_data}</arg>
<doc>Logs the given message with the given level.</doc>
<status status="PASS" start="2024-06-04T12:27:49.244325" elapsed="0.000233"/>
</kw>
<kw name="Should Be Equal As Numbers" owner="BuiltIn">
<arg>${json_data['results'][0]['location']['postcode']}</arg>
<arg>${json_data['results'][0]['location']['postcode']}</arg>
<doc>Fails if objects are unequal after converting them to real numbers.</doc>
<status status="PASS" start="2024-06-04T12:27:49.244868" elapsed="0.000615"/>
</kw>
<kw name="Log" owner="BuiltIn">
<msg time="2024-06-04T12:27:49.246022" level="INFO">54774</msg>
<arg>${json_data['results'][0]['location']['postcode']}</arg>
<doc>Logs the given message with the given level.</doc>
<status status="PASS" start="2024-06-04T12:27:49.245685" elapsed="0.000379"/>
</kw>
<status status="PASS" start="2024-06-04T12:27:49.142088" elapsed="0.104227"/>
</kw>
<doc>Testa se os tipos de dados na resposta da API estão corretos.</doc>
<tag>testeTiposDados</tag>
<status status="PASS" start="2024-06-04T12:27:49.086582" elapsed="0.159911"/>
</test>
<test id="s1-s1-t5" name="Validar conteudo" line="35">
<kw name="Teste de Tipos de Conteudo" owner="random-user-service">
<kw name="GET On Session" owner="RequestsLibrary">
<msg time="2024-06-04T12:27:49.347850" level="INFO">GET Request : url=https://randomuser.me/api 
 path_url=/api 
 headers={'User-Agent': 'python-requests/2.32.3', 'Accept-Encoding': 'gzip, deflate', 'Accept': '*/*', 'Connection': 'keep-alive'} 
 body=None 
 </msg>
<msg time="2024-06-04T12:27:49.347935" level="INFO">GET Response : url=https://randomuser.me/api 
 status=200, reason=OK 
 headers={'Date': 'Tue, 04 Jun 2024 12:27:49 GMT', 'Content-Type': 'application/json; charset=utf-8', 'Transfer-Encoding': 'chunked', 'Connection': 'keep-alive', 'X-Powered-By': 'Express', 'Access-Control-Allow-Origin': '*', 'Cache-Control': 'no-cache', 'ETag': 'W/"46b-Fk55be5wRuDVgYAkuqiObi5NyDc"', 'Vary': 'Accept-Encoding', 'Content-Encoding': 'gzip', 'CF-Cache-Status': 'DYNAMIC', 'Report-To': '{"endpoints":[{"url":"https:\\/\\/a.nel.cloudflare.com\\/report\\/v4?s=arEzbpDODdYL22rYWxO5%2FF1bTdKEiscBgNOkX4KTpHHkZQI3GlEnLrvLvPijyTp2Su%2B6CIG6G9M9oMEyrtvOHq6265kt6PfS%2F%2BEU9iARtIDaXDNuEns6uti9cZXlKS63"}],"group":"cf-nel","max_age":604800}', 'NEL': '{"success_fraction":0,"report_to":"cf-nel","max_age":604800}', 'Server': 'cloudflare', 'CF-RAY': '88e7eb50da708286-IAD', 'alt-svc': 'h3=":443"; ma=86400'} 
 body={"results":[{"gender":"female","name":{"title":"Mrs","first":"Afet","last":"Denkel"},"location":{"street":{"number":866,"name":"Mevlana Cd"},"city":"İzmir","state":"Kahramanmaraş","country":"Turkey","postcode":11448,"coordinates":{"latitude":"64.8490","longitude":"79.1120"},"timezone":{"offset":"+4:30","description":"Kabul"}},"email":"afet.denkel@example.com","login":{"uuid":"047a1e69-0a2f-49c5-934d-0d9bb831b578","username":"ticklishbird855","password":"divorce","salt":"Pl8KXw1l","md5":"f51b599afc92f31021b03ab9f5b74c35","sha1":"58b64cfa9b5ceb1cc1251ef6d8853d3138b16c43","sha256":"dcefc8542d527de55a145c7f6d20c21c62aad8a41f544a198b01dba91523b3ea"},"dob":{"date":"1978-09-01T08:20:36.373Z","age":45},"registered":{"date":"2017-03-28T23:58:35.144Z","age":7},"phone":"(520)-734-5781","cell":"(479)-572-5231","id":{"name":"","value":null},"picture":{"large":"https://randomuser.me/api/portraits/women/67.jpg","medium":"https://randomuser.me/api/portraits/med/women/67.jpg","thumbnail":"https://randomuser.me/api/portraits/thumb/women/67.jpg"},"nat":"TR"}],"info":{"seed":"f1031af777344eca","results":1,"page":1,"version":"1.4"}} 
 </msg>
<msg time="2024-06-04T12:27:49.348007" level="INFO">/opt/hostedtoolcache/Python/3.12.3/x64/lib/python3.12/site-packages/urllib3/connectionpool.py:1103: InsecureRequestWarning: Unverified HTTPS request is being made to host 'randomuser.me'. Adding certificate verification is strongly advised. See: https://urllib3.readthedocs.io/en/latest/advanced-usage.html#tls-warnings
  warnings.warn(</msg>
<msg time="2024-06-04T12:27:49.348131" level="INFO">${response} = &lt;Response [200]&gt;</msg>
<var>${response}</var>
<arg>consultarAPI</arg>
<arg>/api</arg>
<doc>Sends a GET request on a previously created HTTP Session.</doc>
<status status="PASS" start="2024-06-04T12:27:49.249060" elapsed="0.099143"/>
</kw>
<kw name="Set Variable" owner="BuiltIn">
<msg time="2024-06-04T12:27:49.349308" level="INFO">${json_data} = {'results': [{'gender': 'female', 'name': {'title': 'Mrs', 'first': 'Afet', 'last': 'Denkel'}, 'location': {'street': {'number': 866, 'name': 'Mevlana Cd'}, 'city': 'İzmir', 'state': 'Kahramanmaraş', ...</msg>
<var>${json_data}</var>
<arg>${response.json()}</arg>
<doc>Returns the given values which can then be assigned to a variables.</doc>
<status status="PASS" start="2024-06-04T12:27:49.348752" elapsed="0.000586"/>
</kw>
<kw name="Set Variable" owner="BuiltIn">
<msg time="2024-06-04T12:27:49.350028" level="INFO">${name_title} = Mrs</msg>
<var>${name_title}</var>
<arg>${json_data["results"][0]["name"]["title"]}</arg>
<doc>Returns the given values which can then be assigned to a variables.</doc>
<status status="PASS" start="2024-06-04T12:27:49.349647" elapsed="0.000407"/>
</kw>
<kw name="Create List" owner="BuiltIn">
<msg time="2024-06-04T12:27:49.350499" level="INFO">${allowed_titles} = ['Mr', 'Ms', 'Miss', 'Mrs', 'Madame', 'Monsieur']</msg>
<var>${allowed_titles}</var>
<arg>Mr</arg>
<arg>Ms</arg>
<arg>Miss</arg>
<arg>Mrs</arg>
<arg>Madame</arg>
<arg>Monsieur</arg>
<doc>Returns a list containing given items.</doc>
<status status="PASS" start="2024-06-04T12:27:49.350352" elapsed="0.000171"/>
</kw>
<kw name="List Should Contain Value" owner="Collections">
<msg time="2024-06-04T12:27:49.350999" level="INFO">False</msg>
<arg>${allowed_titles}</arg>
<arg>${name_title}</arg>
<doc>Fails if the ``value`` is not found from ``list``.</doc>
<status status="PASS" start="2024-06-04T12:27:49.350826" elapsed="0.000210"/>
</kw>
<kw name="Set Variable" owner="BuiltIn">
<msg time="2024-06-04T12:27:49.351867" level="INFO">${name_country} = TR</msg>
<var>${name_country}</var>
<arg>${json_data["results"][0]["nat"]}</arg>
<doc>Returns the given values which can then be assigned to a variables.</doc>
<status status="PASS" start="2024-06-04T12:27:49.351331" elapsed="0.000562"/>
</kw>
<kw name="Create List" owner="BuiltIn">
<msg time="2024-06-04T12:27:49.352831" level="INFO">${list_country} = ['AD', 'AE', 'AF', 'AG', 'AI', 'AL', 'AM', 'AO', 'AQ', 'AR', 'AS', 'AT', 'AU', 'AW', 'AX', 'AZ', 'BA', 'BB', 'BD', 'BE', 'BF', 'BG', 'BH', 'BI', 'BJ', 'BL', 'BM', 'BN', 'BO', 'BQ', 'BR', 'BS', 'BT', '...</msg>
<var>${list_country}</var>
<arg>AD</arg>
<arg>AE</arg>
<arg>AF</arg>
<arg>AG</arg>
<arg>AI</arg>
<arg>AL</arg>
<arg>AM</arg>
<arg>AO</arg>
<arg>AQ</arg>
<arg>AR</arg>
<arg>AS</arg>
<arg>AT</arg>
<arg>AU</arg>
<arg>AW</arg>
<arg>AX</arg>
<arg>AZ</arg>
<arg>BA</arg>
<arg>BB</arg>
<arg>BD</arg>
<arg>BE</arg>
<arg>BF</arg>
<arg>BG</arg>
<arg>BH</arg>
<arg>BI</arg>
<arg>BJ</arg>
<arg>BL</arg>
<arg>BM</arg>
<arg>BN</arg>
<arg>BO</arg>
<arg>BQ</arg>
<arg>BR</arg>
<arg>BS</arg>
<arg>BT</arg>
<arg>BV</arg>
<arg>BW</arg>
<arg>BY</arg>
<arg>BZ</arg>
<arg>CA</arg>
<arg>CC</arg>
<arg>CD</arg>
<arg>CF</arg>
<arg>CG</arg>
<arg>CH</arg>
<arg>CI</arg>
<arg>CK</arg>
<arg>CL</arg>
<arg>CM</arg>
<arg>CN</arg>
<arg>CO</arg>
<arg>CR</arg>
<arg>CU</arg>
<arg>CV</arg>
<arg>CW</arg>
<arg>CX</arg>
<arg>CY</arg>
<arg>CZ</arg>
<arg>DE</arg>
<arg>DJ</arg>
<arg>DK</arg>
<arg>DM</arg>
<arg>DO</arg>
<arg>DZ</arg>
<arg>EC</arg>
<arg>EE</arg>
<arg>EG</arg>
<arg>EH</arg>
<arg>ER</arg>
<arg>ES</arg>
<arg>ET</arg>
<arg>FI</arg>
<arg>FJ</arg>
<arg>FK</arg>
<arg>FM</arg>
<arg>FO</arg>
<arg>FR</arg>
<arg>GA</arg>
<arg>GB</arg>
<arg>GD</arg>
<arg>GE</arg>
<arg>GF</arg>
<arg>GG</arg>
<arg>GH</arg>
<arg>GI</arg>
<arg>GL</arg>
<arg>GM</arg>
<arg>GN</arg>
<arg>GP</arg>
<arg>GQ</arg>
<arg>GR</arg>
<arg>GS</arg>
<arg>GT</arg>
<arg>GU</arg>
<arg>GW</arg>
<arg>GY</arg>
<arg>HK</arg>
<arg>HM</arg>
<arg>HN</arg>
<arg>HR</arg>
<arg>HT</arg>
<arg>HU</arg>
<arg>ID</arg>
<arg>IE</arg>
<arg>IL</arg>
<arg>IM</arg>
<arg>IN</arg>
<arg>IO</arg>
<arg>IQ</arg>
<arg>IR</arg>
<arg>IS</arg>
<arg>IT</arg>
<arg>JE</arg>
<arg>JM</arg>
<arg>JO</arg>
<arg>JP</arg>
<arg>KE</arg>
<arg>KG</arg>
<arg>KH</arg>
<arg>KI</arg>
<arg>KM</arg>
<arg>KN</arg>
<arg>KP</arg>
<arg>KR</arg>
<arg>KW</arg>
<arg>KY</arg>
<arg>KZ</arg>
<arg>LA</arg>
<arg>LB</arg>
<arg>LC</arg>
<arg>LI</arg>
<arg>LK</arg>
<arg>LR</arg>
<arg>LS</arg>
<arg>LT</arg>
<arg>LU</arg>
<arg>LV</arg>
<arg>LY</arg>
<arg>MA</arg>
<arg>MC</arg>
<arg>MD</arg>
<arg>ME</arg>
<arg>MF</arg>
<arg>MG</arg>
<arg>MH</arg>
<arg>MK</arg>
<arg>ML</arg>
<arg>MM</arg>
<arg>MN</arg>
<arg>MO</arg>
<arg>MP</arg>
<arg>MQ</arg>
<arg>MR</arg>
<arg>MS</arg>
<arg>MT</arg>
<arg>MU</arg>
<arg>MV</arg>
<arg>MW</arg>
<arg>MX</arg>
<arg>MY</arg>
<arg>MZ</arg>
<arg>NA</arg>
<arg>NC</arg>
<arg>NE</arg>
<arg>NF</arg>
<arg>NG</arg>
<arg>NI</arg>
<arg>NL</arg>
<arg>NO</arg>
<arg>NP</arg>
<arg>NR</arg>
<arg>NU</arg>
<arg>NZ</arg>
<arg>OM</arg>
<arg>PA</arg>
<arg>PE</arg>
<arg>PF</arg>
<arg>PG</arg>
<arg>PH</arg>
<arg>PK</arg>
<arg>PL</arg>
<arg>PM</arg>
<arg>PN</arg>
<arg>PR</arg>
<arg>PS</arg>
<arg>PT</arg>
<arg>PW</arg>
<arg>PY</arg>
<arg>QA</arg>
<arg>RE</arg>
<arg>RO</arg>
<arg>RS</arg>
<arg>RU</arg>
<arg>RW</arg>
<arg>SA</arg>
<arg>SB</arg>
<arg>SC</arg>
<arg>SD</arg>
<arg>SE</arg>
<arg>SG</arg>
<arg>SH</arg>
<arg>SI</arg>
<arg>SJ</arg>
<arg>SK</arg>
<arg>SL</arg>
<arg>SM</arg>
<arg>SN</arg>
<arg>SO</arg>
<arg>SR</arg>
<arg>SS</arg>
<arg>ST</arg>
<arg>SV</arg>
<arg>SX</arg>
<arg>SY</arg>
<arg>SZ</arg>
<arg>TC</arg>
<arg>TD</arg>
<arg>TF</arg>
<arg>TG</arg>
<arg>TH</arg>
<arg>TJ</arg>
<arg>TK</arg>
<arg>TL</arg>
<arg>TM</arg>
<arg>TN</arg>
<arg>TO</arg>
<arg>TR</arg>
<arg>TT</arg>
<arg>TV</arg>
<arg>TW</arg>
<arg>TZ</arg>
<arg>UA</arg>
<arg>UG</arg>
<arg>UM</arg>
<arg>US</arg>
<arg>UY</arg>
<arg>UZ</arg>
<arg>VA</arg>
<arg>VC</arg>
<arg>VE</arg>
<arg>VG</arg>
<arg>VI</arg>
<arg>VN</arg>
<arg>VU</arg>
<arg>WF</arg>
<arg>WS</arg>
<arg>XK</arg>
<arg>YE</arg>
<arg>YT</arg>
<arg>ZA</arg>
<arg>ZM</arg>
<arg>ZW</arg>
<doc>Returns a list containing given items.</doc>
<status status="PASS" start="2024-06-04T12:27:49.352229" elapsed="0.000628"/>
</kw>
<kw name="List Should Contain Value" owner="Collections">
<msg time="2024-06-04T12:27:49.353851" level="INFO">False</msg>
<arg>${list_country}</arg>
<arg>${name_country}</arg>
<doc>Fails if the ``value`` is not found from ``list``.</doc>
<status status="PASS" start="2024-06-04T12:27:49.353648" elapsed="0.000238"/>
</kw>
<kw name="Run Keyword If" owner="BuiltIn">
<kw name="Should Be True" owner="BuiltIn">
<arg>${True}</arg>
<doc>Fails if the given condition is not true.</doc>
<status status="PASS" start="2024-06-04T12:27:49.354951" elapsed="0.000145"/>
</kw>
<arg>${json_data["results"][0]["location"]["coordinates"]["latitude"]} &gt;= -90 and ${json_data["results"][0]["location"]["coordinates"]["latitude"]} &lt;= 90</arg>
<arg>Should Be True</arg>
<arg>${True}</arg>
<doc>Runs the given keyword with the given arguments, if ``condition`` is true.</doc>
<status status="PASS" start="2024-06-04T12:27:49.354204" elapsed="0.001018"/>
</kw>
<kw name="Run Keyword If" owner="BuiltIn">
<kw name="Should Be True" owner="BuiltIn">
<arg>${True}</arg>
<doc>Fails if the given condition is not true.</doc>
<status status="PASS" start="2024-06-04T12:27:49.356106" elapsed="0.000165"/>
</kw>
<arg>${json_data["results"][0]["location"]["coordinates"]["longitude"]} &gt;= -180 and ${json_data["results"][0]["location"]["coordinates"]["longitude"]} &lt;= 180</arg>
<arg>Should Be True</arg>
<arg>${True}</arg>
<doc>Runs the given keyword with the given arguments, if ``condition`` is true.</doc>
<status status="PASS" start="2024-06-04T12:27:49.355412" elapsed="0.000983"/>
</kw>
<status status="PASS" start="2024-06-04T12:27:49.248831" elapsed="0.107691"/>
</kw>
<doc>Testa o conteúdo específico dos campos retornados pela API.</doc>
<tag>testeConteudo</tag>
<status status="PASS" start="2024-06-04T12:27:49.248301" elapsed="0.108369"/>
</test>
<status status="PASS" start="2024-06-04T12:27:48.534605" elapsed="0.823997"/>
</suite>
<status status="PASS" start="2024-06-04T12:27:48.521179" elapsed="0.842636"/>
</suite>
<statistics>
<total>
<stat pass="5" fail="0" skip="0">All Tests</stat>
</total>
<tag>
<stat pass="1" fail="0" skip="0">testeConteudo</stat>
<stat pass="1" fail="0" skip="0">testeEstruturaResposta</stat>
<stat pass="1" fail="0" skip="0">testeRequisicaoBasica</stat>
<stat pass="1" fail="0" skip="0">testeTiposDados</stat>
</tag>
<suite>
<stat pass="5" fail="0" skip="0" id="s1" name="Tests">Tests</stat>
<stat pass="5" fail="0" skip="0" id="s1-s1" name="Random-User-Test">Tests.Random-User-Test</stat>
</suite>
</statistics>
<errors>
</errors>
</robot>
