<?xml version="1.0" encoding="UTF-8"?>
<robot generator="Robot 7.0 (Python 3.12.3 on linux)" generated="2024-04-19T21:13:06.131073" rpa="false" schemaversion="5">
<suite id="s1" name="Tests" source="/home/runner/work/DesafioQAItauRogerioJordao/DesafioQAItauRogerioJordao/RamdonUser/tests">
<suite id="s1-s1" name="Random-User-Test" source="/home/runner/work/DesafioQAItauRogerioJordao/DesafioQAItauRogerioJordao/RamdonUser/tests/random-user-test.robot">
<test id="s1-s1-t1" name="Conectar" line="13">
<kw name="Conectar API" owner="random-user-service">
<kw name="Create Session" owner="RequestsLibrary">
<msg time="2024-04-19T21:13:06.539377" level="INFO">Creating Session using : alias=consultarAPI, url=https://randomuser.me/, headers={},                     cookies={}, auth=None, timeout=None, proxies=None, verify=False,                     debug=0 </msg>
<arg>consultarAPI</arg>
<arg>${URL}</arg>
<doc>Create Session: create a HTTP session to a server</doc>
<status status="PASS" start="2024-04-19T21:13:06.539163" elapsed="0.000422"/>
</kw>
<status status="PASS" start="2024-04-19T21:13:06.538125" elapsed="0.001844"/>
</kw>
<status status="PASS" start="2024-04-19T21:13:06.537357" elapsed="0.002808"/>
</test>
<test id="s1-s1-t2" name="Validar retorno 200 e JSON Válido" line="16">
<kw name="Teste de Requisicao Basica" owner="random-user-service">
<kw name="GET On Session" owner="RequestsLibrary">
<msg time="2024-04-19T21:13:06.754494" level="INFO">GET Request : url=https://randomuser.me/api 
 path_url=/api 
 headers={'User-Agent': 'python-requests/2.31.0', 'Accept-Encoding': 'gzip, deflate', 'Accept': '*/*', 'Connection': 'keep-alive'} 
 body=None 
 </msg>
<msg time="2024-04-19T21:13:06.754661" level="INFO">GET Response : url=https://randomuser.me/api 
 status=200, reason=OK 
 headers={'Date': 'Fri, 19 Apr 2024 21:13:06 GMT', 'Content-Type': 'application/json; charset=utf-8', 'Transfer-Encoding': 'chunked', 'Connection': 'keep-alive', 'X-Powered-By': 'Express', 'Access-Control-Allow-Origin': '*', 'Cache-Control': 'no-cache', 'ETag': 'W/"47b-lI8KtEmS3CC+cVYZxhiyck72+Jc"', 'Vary': 'Accept-Encoding', 'Content-Encoding': 'gzip', 'CF-Cache-Status': 'DYNAMIC', 'Report-To': '{"endpoints":[{"url":"https:\\/\\/a.nel.cloudflare.com\\/report\\/v4?s=4OiBHgmD1tSlxmnav6%2BlpIrDQLNeRJgp4bYt%2FjqHdJ5qnHZwmQn5Et0JBNN9ZjiHzVqWHmCl1YHmtoiwpGY3IQ%2BYqdubquRdJieqFLy1yU7chOSsxFKngla7srZawoew"}],"group":"cf-nel","max_age":604800}', 'NEL': '{"success_fraction":0,"report_to":"cf-nel","max_age":604800}', 'Server': 'cloudflare', 'CF-RAY': '876fe588cb227317-ORD', 'alt-svc': 'h3=":443"; ma=86400'} 
 body={"results":[{"gender":"female","name":{"title":"Miss","first":"Pallavi","last":"Saldanha"},"location":{"street":{"number":900,"name":"Janpath"},"city":"Buxar","state":"Daman and Diu","country":"India","postcode":62976,"coordinates":{"latitude":"6.3161","longitude":"7.8875"},"timezone":{"offset":"-2:00","description":"Mid-Atlantic"}},"email":"pallavi.saldanha@example.com","login":{"uuid":"8c561533-90d0-409c-bbc6-fd579b89e5ba","username":"happyzebra883","password":"shopper","salt":"aYadLXmR","md5":"146556b88b0cf95e293d04e85be4460e","sha1":"a5a0740c9fb16ed8e7c92fd9ed4ee77a96b08b15","sha256":"a85dcfcf992ee042874d7c5fb00fa84a45c3e5f675de4e161861f9d0f75b6492"},"dob":{"date":"1962-08-16T07:43:01.812Z","age":61},"registered":{"date":"2011-12-02T01:24:20.602Z","age":12},"phone":"9559376442","cell":"8426899375","id":{"name":"UIDAI","value":"365834988879"},"picture":{"large":"https://randomuser.me/api/portraits/women/55.jpg","medium":"https://randomuser.me/api/portraits/med/women/55.jpg","thumbnail":"https://randomuser.me/api/portraits/thumb/women/55.jpg"},"nat":"IN"}],"info":{"seed":"b3fcd00339497b26","results":1,"page":1,"version":"1.4"}} 
 </msg>
<msg time="2024-04-19T21:13:06.754746" level="INFO">/opt/hostedtoolcache/Python/3.12.3/x64/lib/python3.12/site-packages/urllib3/connectionpool.py:1103: InsecureRequestWarning: Unverified HTTPS request is being made to host 'randomuser.me'. Adding certificate verification is strongly advised. See: https://urllib3.readthedocs.io/en/latest/advanced-usage.html#tls-warnings
  warnings.warn(</msg>
<msg time="2024-04-19T21:13:06.754895" level="INFO">${response} = &lt;Response [200]&gt;</msg>
<var>${response}</var>
<arg>consultarAPI</arg>
<arg>/api</arg>
<doc>Sends a GET request on a previously created HTTP Session.</doc>
<status status="PASS" start="2024-04-19T21:13:06.542841" elapsed="0.212200"/>
</kw>
<kw name="Should Be Equal As Numbers" owner="BuiltIn">
<msg time="2024-04-19T21:13:06.756095" level="INFO">Argument types are:
&lt;class 'int'&gt;
&lt;class 'str'&gt;</msg>
<arg>${response.status_code}</arg>
<arg>200</arg>
<doc>Fails if objects are unequal after converting them to real numbers.</doc>
<status status="PASS" start="2024-04-19T21:13:06.755617" elapsed="0.000546"/>
</kw>
<kw name="Log" owner="BuiltIn">
<msg time="2024-04-19T21:13:06.756905" level="INFO">200</msg>
<arg>${response.status_code}</arg>
<doc>Logs the given message with the given level.</doc>
<status status="PASS" start="2024-04-19T21:13:06.756548" elapsed="0.000400"/>
</kw>
<kw name="Set Variable" owner="BuiltIn">
<msg time="2024-04-19T21:13:06.757701" level="INFO">${json_data} = {'results': [{'gender': 'female', 'name': {'title': 'Miss', 'first': 'Pallavi', 'last': 'Saldanha'}, 'location': {'street': {'number': 900, 'name': 'Janpath'}, 'city': 'Buxar', 'state': 'Daman and Diu...</msg>
<var>${json_data}</var>
<arg>${response.json()}</arg>
<doc>Returns the given values which can then be assigned to a variables.</doc>
<status status="PASS" start="2024-04-19T21:13:06.757257" elapsed="0.000473"/>
</kw>
<kw name="Dictionary Should Contain Key" owner="Collections">
<msg time="2024-04-19T21:13:06.758202" level="INFO">False</msg>
<arg>${json_data}</arg>
<arg>results</arg>
<doc>Fails if ``key`` is not found from ``dictionary``.</doc>
<status status="PASS" start="2024-04-19T21:13:06.758032" elapsed="0.000215"/>
</kw>
<status status="PASS" start="2024-04-19T21:13:06.542581" elapsed="0.215931"/>
</kw>
<doc>Testa se a API responde corretamente e retorna um objeto JSON válido.</doc>
<tag>testeRequisicaoBasica</tag>
<status status="PASS" start="2024-04-19T21:13:06.542107" elapsed="0.216600"/>
</test>
<test id="s1-s1-t3" name="Validar estrutura de resposta" line="22">
<kw name="Teste de Estrutura de Resposta" owner="random-user-service">
<kw name="GET On Session" owner="RequestsLibrary">
<msg time="2024-04-19T21:13:06.857907" level="INFO">GET Request : url=https://randomuser.me/api 
 path_url=/api 
 headers={'User-Agent': 'python-requests/2.31.0', 'Accept-Encoding': 'gzip, deflate', 'Accept': '*/*', 'Connection': 'keep-alive'} 
 body=None 
 </msg>
<msg time="2024-04-19T21:13:06.858014" level="INFO">GET Response : url=https://randomuser.me/api 
 status=200, reason=OK 
 headers={'Date': 'Fri, 19 Apr 2024 21:13:06 GMT', 'Content-Type': 'application/json; charset=utf-8', 'Transfer-Encoding': 'chunked', 'Connection': 'keep-alive', 'X-Powered-By': 'Express', 'Access-Control-Allow-Origin': '*', 'Cache-Control': 'no-cache', 'ETag': 'W/"49f-GQCrYg0ZlgSDoYlzzv/2GyE8Rzs"', 'Vary': 'Accept-Encoding', 'Content-Encoding': 'gzip', 'CF-Cache-Status': 'DYNAMIC', 'Report-To': '{"endpoints":[{"url":"https:\\/\\/a.nel.cloudflare.com\\/report\\/v4?s=pEizQq%2FcMSnA8%2FWGOgwVRdsOsjkDEawaAeqj9eNLdSfSWBYENlwvhRNHpBYC4uMEM4PSYo7yNyXTT1jM2CYO8TIdeO%2BAkXaHD0sM8TcZhfaOotlOnXDT6LyMPfqdBVdM"}],"group":"cf-nel","max_age":604800}', 'NEL': '{"success_fraction":0,"report_to":"cf-nel","max_age":604800}', 'Server': 'cloudflare', 'CF-RAY': '876fe5894bca7317-ORD', 'alt-svc': 'h3=":443"; ma=86400'} 
 body={"results":[{"gender":"female","name":{"title":"Mrs","first":"Sanaz","last":"Oosting"},"location":{"street":{"number":9517,"name":"Huifkarstraat"},"city":"Markvelde","state":"Limburg","country":"Netherlands","postcode":"8802 SJ","coordinates":{"latitude":"31.0305","longitude":"111.8408"},"timezone":{"offset":"+10:00","description":"Eastern Australia, Guam, Vladivostok"}},"email":"sanaz.oosting@example.com","login":{"uuid":"d86ffc87-a930-4f4a-a1c7-ed9df7851f5c","username":"lazytiger876","password":"sebastian","salt":"Mna9pN4e","md5":"f04d60d9ea1aa4aa729bbcfe3f3d1aa6","sha1":"2ce4c7ccf0899f941fa402ba4fd21b1edf66ea0c","sha256":"a8a4d3f35c3c7f2f0ec4bcfef5436b03a8ceb7cf2d130ae7f5fb4278bb92def8"},"dob":{"date":"1978-12-23T16:03:39.240Z","age":45},"registered":{"date":"2019-10-07T13:31:33.419Z","age":4},"phone":"(045) 3193782","cell":"(06) 19454700","id":{"name":"BSN","value":"16782865"},"picture":{"large":"https://randomuser.me/api/portraits/women/95.jpg","medium":"https://randomuser.me/api/portraits/med/women/95.jpg","thumbnail":"https://randomuser.me/api/portraits/thumb/women/95.jpg"},"nat":"NL"}],"info":{"seed":"2d66c2a3171dca2d","results":1,"page":1,"version":"1.4"}} 
 </msg>
<msg time="2024-04-19T21:13:06.858151" level="INFO">/opt/hostedtoolcache/Python/3.12.3/x64/lib/python3.12/site-packages/urllib3/connectionpool.py:1103: InsecureRequestWarning: Unverified HTTPS request is being made to host 'randomuser.me'. Adding certificate verification is strongly advised. See: https://urllib3.readthedocs.io/en/latest/advanced-usage.html#tls-warnings
  warnings.warn(</msg>
<msg time="2024-04-19T21:13:06.858286" level="INFO">${response} = &lt;Response [200]&gt;</msg>
<var>${response}</var>
<arg>consultarAPI</arg>
<arg>/api</arg>
<doc>Sends a GET request on a previously created HTTP Session.</doc>
<status status="PASS" start="2024-04-19T21:13:06.761476" elapsed="0.096851"/>
</kw>
<kw name="Set Variable" owner="BuiltIn">
<msg time="2024-04-19T21:13:06.859477" level="INFO">${json_data} = {'results': [{'gender': 'female', 'name': {'title': 'Mrs', 'first': 'Sanaz', 'last': 'Oosting'}, 'location': {'street': {'number': 9517, 'name': 'Huifkarstraat'}, 'city': 'Markvelde', 'state': 'Limbur...</msg>
<var>${json_data}</var>
<arg>${response.json()}</arg>
<doc>Returns the given values which can then be assigned to a variables.</doc>
<status status="PASS" start="2024-04-19T21:13:06.858933" elapsed="0.000573"/>
</kw>
<kw name="Log" owner="BuiltIn">
<msg time="2024-04-19T21:13:06.859981" level="INFO">{'results': [{'gender': 'female', 'name': {'title': 'Mrs', 'first': 'Sanaz', 'last': 'Oosting'}, 'location': {'street': {'number': 9517, 'name': 'Huifkarstraat'}, 'city': 'Markvelde', 'state': 'Limburg', 'country': 'Netherlands', 'postcode': '8802 SJ', 'coordinates': {'latitude': '31.0305', 'longitude': '111.8408'}, 'timezone': {'offset': '+10:00', 'description': 'Eastern Australia, Guam, Vladivostok'}}, 'email': 'sanaz.oosting@example.com', 'login': {'uuid': 'd86ffc87-a930-4f4a-a1c7-ed9df7851f5c', 'username': 'lazytiger876', 'password': 'sebastian', 'salt': 'Mna9pN4e', 'md5': 'f04d60d9ea1aa4aa729bbcfe3f3d1aa6', 'sha1': '2ce4c7ccf0899f941fa402ba4fd21b1edf66ea0c', 'sha256': 'a8a4d3f35c3c7f2f0ec4bcfef5436b03a8ceb7cf2d130ae7f5fb4278bb92def8'}, 'dob': {'date': '1978-12-23T16:03:39.240Z', 'age': 45}, 'registered': {'date': '2019-10-07T13:31:33.419Z', 'age': 4}, 'phone': '(045) 3193782', 'cell': '(06) 19454700', 'id': {'name': 'BSN', 'value': '16782865'}, 'picture': {'large': 'https://randomuser.me/api/portraits/women/95.jpg', 'medium': 'https://randomuser.me/api/portraits/med/women/95.jpg', 'thumbnail': 'https://randomuser.me/api/portraits/thumb/women/95.jpg'}, 'nat': 'NL'}], 'info': {'seed': '2d66c2a3171dca2d', 'results': 1, 'page': 1, 'version': '1.4'}}</msg>
<arg>${json_data}</arg>
<doc>Logs the given message with the given level.</doc>
<status status="PASS" start="2024-04-19T21:13:06.859819" elapsed="0.000211"/>
</kw>
<kw name="Dictionary Should Contain Key" owner="Collections">
<msg time="2024-04-19T21:13:06.860530" level="INFO">False</msg>
<arg>${json_data}</arg>
<arg>results</arg>
<doc>Fails if ``key`` is not found from ``dictionary``.</doc>
<status status="PASS" start="2024-04-19T21:13:06.860360" elapsed="0.000208"/>
</kw>
<kw name="Should Not Be Empty" owner="BuiltIn">
<msg time="2024-04-19T21:13:06.860992" level="INFO">Length is 2.</msg>
<arg>${json_data}</arg>
<doc>Verifies that the given item is not empty.</doc>
<status status="PASS" start="2024-04-19T21:13:06.860861" elapsed="0.000339"/>
</kw>
<kw name="Create List" owner="BuiltIn">
<msg time="2024-04-19T21:13:06.861645" level="INFO">${expected_keys} = ['gender', 'name', 'location', 'email', 'login']</msg>
<var>${expected_keys}</var>
<arg>gender</arg>
<arg>name</arg>
<arg>location</arg>
<arg>email</arg>
<arg>login</arg>
<doc>Returns a list containing given items.</doc>
<status status="PASS" start="2024-04-19T21:13:06.861497" elapsed="0.000173"/>
</kw>
<for flavor="IN">
<iter>
<kw name="Dictionary Should Contain Key" owner="Collections">
<msg time="2024-04-19T21:13:06.862675" level="INFO">False</msg>
<arg>${json_data['results'][0]}</arg>
<arg>${key}</arg>
<doc>Fails if ``key`` is not found from ``dictionary``.</doc>
<status status="PASS" start="2024-04-19T21:13:06.862266" elapsed="0.000448"/>
</kw>
<kw name="Log" owner="BuiltIn">
<msg time="2024-04-19T21:13:06.863380" level="INFO">{'gender': 'female', 'name': {'title': 'Mrs', 'first': 'Sanaz', 'last': 'Oosting'}, 'location': {'street': {'number': 9517, 'name': 'Huifkarstraat'}, 'city': 'Markvelde', 'state': 'Limburg', 'country': 'Netherlands', 'postcode': '8802 SJ', 'coordinates': {'latitude': '31.0305', 'longitude': '111.8408'}, 'timezone': {'offset': '+10:00', 'description': 'Eastern Australia, Guam, Vladivostok'}}, 'email': 'sanaz.oosting@example.com', 'login': {'uuid': 'd86ffc87-a930-4f4a-a1c7-ed9df7851f5c', 'username': 'lazytiger876', 'password': 'sebastian', 'salt': 'Mna9pN4e', 'md5': 'f04d60d9ea1aa4aa729bbcfe3f3d1aa6', 'sha1': '2ce4c7ccf0899f941fa402ba4fd21b1edf66ea0c', 'sha256': 'a8a4d3f35c3c7f2f0ec4bcfef5436b03a8ceb7cf2d130ae7f5fb4278bb92def8'}, 'dob': {'date': '1978-12-23T16:03:39.240Z', 'age': 45}, 'registered': {'date': '2019-10-07T13:31:33.419Z', 'age': 4}, 'phone': '(045) 3193782', 'cell': '(06) 19454700', 'id': {'name': 'BSN', 'value': '16782865'}, 'picture': {'large': 'https://randomuser.me/api/portraits/women/95.jpg', 'medium': 'https://randomuser.me/api/portraits/med/women/95.jpg', 'thumbnail': 'https://randomuser.me/api/portraits/thumb/women/95.jpg'}, 'nat': 'NL'}</msg>
<arg>${json_data['results'][0]}</arg>
<doc>Logs the given message with the given level.</doc>
<status status="PASS" start="2024-04-19T21:13:06.863018" elapsed="0.000410"/>
</kw>
<kw name="Log" owner="BuiltIn">
<msg time="2024-04-19T21:13:06.863848" level="INFO">gender</msg>
<arg>${key}</arg>
<doc>Logs the given message with the given level.</doc>
<status status="PASS" start="2024-04-19T21:13:06.863721" elapsed="0.000165"/>
</kw>
<var name="${key}">gender</var>
<status status="PASS" start="2024-04-19T21:13:06.862140" elapsed="0.001959"/>
</iter>
<iter>
<kw name="Dictionary Should Contain Key" owner="Collections">
<msg time="2024-04-19T21:13:06.864812" level="INFO">False</msg>
<arg>${json_data['results'][0]}</arg>
<arg>${key}</arg>
<doc>Fails if ``key`` is not found from ``dictionary``.</doc>
<status status="PASS" start="2024-04-19T21:13:06.864423" elapsed="0.000427"/>
</kw>
<kw name="Log" owner="BuiltIn">
<msg time="2024-04-19T21:13:06.865546" level="INFO">{'gender': 'female', 'name': {'title': 'Mrs', 'first': 'Sanaz', 'last': 'Oosting'}, 'location': {'street': {'number': 9517, 'name': 'Huifkarstraat'}, 'city': 'Markvelde', 'state': 'Limburg', 'country': 'Netherlands', 'postcode': '8802 SJ', 'coordinates': {'latitude': '31.0305', 'longitude': '111.8408'}, 'timezone': {'offset': '+10:00', 'description': 'Eastern Australia, Guam, Vladivostok'}}, 'email': 'sanaz.oosting@example.com', 'login': {'uuid': 'd86ffc87-a930-4f4a-a1c7-ed9df7851f5c', 'username': 'lazytiger876', 'password': 'sebastian', 'salt': 'Mna9pN4e', 'md5': 'f04d60d9ea1aa4aa729bbcfe3f3d1aa6', 'sha1': '2ce4c7ccf0899f941fa402ba4fd21b1edf66ea0c', 'sha256': 'a8a4d3f35c3c7f2f0ec4bcfef5436b03a8ceb7cf2d130ae7f5fb4278bb92def8'}, 'dob': {'date': '1978-12-23T16:03:39.240Z', 'age': 45}, 'registered': {'date': '2019-10-07T13:31:33.419Z', 'age': 4}, 'phone': '(045) 3193782', 'cell': '(06) 19454700', 'id': {'name': 'BSN', 'value': '16782865'}, 'picture': {'large': 'https://randomuser.me/api/portraits/women/95.jpg', 'medium': 'https://randomuser.me/api/portraits/med/women/95.jpg', 'thumbnail': 'https://randomuser.me/api/portraits/thumb/women/95.jpg'}, 'nat': 'NL'}</msg>
<arg>${json_data['results'][0]}</arg>
<doc>Logs the given message with the given level.</doc>
<status status="PASS" start="2024-04-19T21:13:06.865176" elapsed="0.000418"/>
</kw>
<kw name="Log" owner="BuiltIn">
<msg time="2024-04-19T21:13:06.866013" level="INFO">name</msg>
<arg>${key}</arg>
<doc>Logs the given message with the given level.</doc>
<status status="PASS" start="2024-04-19T21:13:06.865886" elapsed="0.000163"/>
</kw>
<var name="${key}">name</var>
<status status="PASS" start="2024-04-19T21:13:06.864306" elapsed="0.001956"/>
</iter>
<iter>
<kw name="Dictionary Should Contain Key" owner="Collections">
<msg time="2024-04-19T21:13:06.866928" level="INFO">False</msg>
<arg>${json_data['results'][0]}</arg>
<arg>${key}</arg>
<doc>Fails if ``key`` is not found from ``dictionary``.</doc>
<status status="PASS" start="2024-04-19T21:13:06.866549" elapsed="0.000416"/>
</kw>
<kw name="Log" owner="BuiltIn">
<msg time="2024-04-19T21:13:06.867621" level="INFO">{'gender': 'female', 'name': {'title': 'Mrs', 'first': 'Sanaz', 'last': 'Oosting'}, 'location': {'street': {'number': 9517, 'name': 'Huifkarstraat'}, 'city': 'Markvelde', 'state': 'Limburg', 'country': 'Netherlands', 'postcode': '8802 SJ', 'coordinates': {'latitude': '31.0305', 'longitude': '111.8408'}, 'timezone': {'offset': '+10:00', 'description': 'Eastern Australia, Guam, Vladivostok'}}, 'email': 'sanaz.oosting@example.com', 'login': {'uuid': 'd86ffc87-a930-4f4a-a1c7-ed9df7851f5c', 'username': 'lazytiger876', 'password': 'sebastian', 'salt': 'Mna9pN4e', 'md5': 'f04d60d9ea1aa4aa729bbcfe3f3d1aa6', 'sha1': '2ce4c7ccf0899f941fa402ba4fd21b1edf66ea0c', 'sha256': 'a8a4d3f35c3c7f2f0ec4bcfef5436b03a8ceb7cf2d130ae7f5fb4278bb92def8'}, 'dob': {'date': '1978-12-23T16:03:39.240Z', 'age': 45}, 'registered': {'date': '2019-10-07T13:31:33.419Z', 'age': 4}, 'phone': '(045) 3193782', 'cell': '(06) 19454700', 'id': {'name': 'BSN', 'value': '16782865'}, 'picture': {'large': 'https://randomuser.me/api/portraits/women/95.jpg', 'medium': 'https://randomuser.me/api/portraits/med/women/95.jpg', 'thumbnail': 'https://randomuser.me/api/portraits/thumb/women/95.jpg'}, 'nat': 'NL'}</msg>
<arg>${json_data['results'][0]}</arg>
<doc>Logs the given message with the given level.</doc>
<status status="PASS" start="2024-04-19T21:13:06.867261" elapsed="0.000407"/>
</kw>
<kw name="Log" owner="BuiltIn">
<msg time="2024-04-19T21:13:06.868083" level="INFO">location</msg>
<arg>${key}</arg>
<doc>Logs the given message with the given level.</doc>
<status status="PASS" start="2024-04-19T21:13:06.867961" elapsed="0.000159"/>
</kw>
<var name="${key}">location</var>
<status status="PASS" start="2024-04-19T21:13:06.866438" elapsed="0.001919"/>
</iter>
<iter>
<kw name="Dictionary Should Contain Key" owner="Collections">
<msg time="2024-04-19T21:13:06.869096" level="INFO">False</msg>
<arg>${json_data['results'][0]}</arg>
<arg>${key}</arg>
<doc>Fails if ``key`` is not found from ``dictionary``.</doc>
<status status="PASS" start="2024-04-19T21:13:06.868706" elapsed="0.000428"/>
</kw>
<kw name="Log" owner="BuiltIn">
<msg time="2024-04-19T21:13:06.869820" level="INFO">{'gender': 'female', 'name': {'title': 'Mrs', 'first': 'Sanaz', 'last': 'Oosting'}, 'location': {'street': {'number': 9517, 'name': 'Huifkarstraat'}, 'city': 'Markvelde', 'state': 'Limburg', 'country': 'Netherlands', 'postcode': '8802 SJ', 'coordinates': {'latitude': '31.0305', 'longitude': '111.8408'}, 'timezone': {'offset': '+10:00', 'description': 'Eastern Australia, Guam, Vladivostok'}}, 'email': 'sanaz.oosting@example.com', 'login': {'uuid': 'd86ffc87-a930-4f4a-a1c7-ed9df7851f5c', 'username': 'lazytiger876', 'password': 'sebastian', 'salt': 'Mna9pN4e', 'md5': 'f04d60d9ea1aa4aa729bbcfe3f3d1aa6', 'sha1': '2ce4c7ccf0899f941fa402ba4fd21b1edf66ea0c', 'sha256': 'a8a4d3f35c3c7f2f0ec4bcfef5436b03a8ceb7cf2d130ae7f5fb4278bb92def8'}, 'dob': {'date': '1978-12-23T16:03:39.240Z', 'age': 45}, 'registered': {'date': '2019-10-07T13:31:33.419Z', 'age': 4}, 'phone': '(045) 3193782', 'cell': '(06) 19454700', 'id': {'name': 'BSN', 'value': '16782865'}, 'picture': {'large': 'https://randomuser.me/api/portraits/women/95.jpg', 'medium': 'https://randomuser.me/api/portraits/med/women/95.jpg', 'thumbnail': 'https://randomuser.me/api/portraits/thumb/women/95.jpg'}, 'nat': 'NL'}</msg>
<arg>${json_data['results'][0]}</arg>
<doc>Logs the given message with the given level.</doc>
<status status="PASS" start="2024-04-19T21:13:06.869437" elapsed="0.000432"/>
</kw>
<kw name="Log" owner="BuiltIn">
<msg time="2024-04-19T21:13:06.870286" level="INFO">email</msg>
<arg>${key}</arg>
<doc>Logs the given message with the given level.</doc>
<status status="PASS" start="2024-04-19T21:13:06.870161" elapsed="0.000163"/>
</kw>
<var name="${key}">email</var>
<status status="PASS" start="2024-04-19T21:13:06.868580" elapsed="0.001955"/>
</iter>
<iter>
<kw name="Dictionary Should Contain Key" owner="Collections">
<msg time="2024-04-19T21:13:06.871187" level="INFO">False</msg>
<arg>${json_data['results'][0]}</arg>
<arg>${key}</arg>
<doc>Fails if ``key`` is not found from ``dictionary``.</doc>
<status status="PASS" start="2024-04-19T21:13:06.870816" elapsed="0.000408"/>
</kw>
<kw name="Log" owner="BuiltIn">
<msg time="2024-04-19T21:13:06.871904" level="INFO">{'gender': 'female', 'name': {'title': 'Mrs', 'first': 'Sanaz', 'last': 'Oosting'}, 'location': {'street': {'number': 9517, 'name': 'Huifkarstraat'}, 'city': 'Markvelde', 'state': 'Limburg', 'country': 'Netherlands', 'postcode': '8802 SJ', 'coordinates': {'latitude': '31.0305', 'longitude': '111.8408'}, 'timezone': {'offset': '+10:00', 'description': 'Eastern Australia, Guam, Vladivostok'}}, 'email': 'sanaz.oosting@example.com', 'login': {'uuid': 'd86ffc87-a930-4f4a-a1c7-ed9df7851f5c', 'username': 'lazytiger876', 'password': 'sebastian', 'salt': 'Mna9pN4e', 'md5': 'f04d60d9ea1aa4aa729bbcfe3f3d1aa6', 'sha1': '2ce4c7ccf0899f941fa402ba4fd21b1edf66ea0c', 'sha256': 'a8a4d3f35c3c7f2f0ec4bcfef5436b03a8ceb7cf2d130ae7f5fb4278bb92def8'}, 'dob': {'date': '1978-12-23T16:03:39.240Z', 'age': 45}, 'registered': {'date': '2019-10-07T13:31:33.419Z', 'age': 4}, 'phone': '(045) 3193782', 'cell': '(06) 19454700', 'id': {'name': 'BSN', 'value': '16782865'}, 'picture': {'large': 'https://randomuser.me/api/portraits/women/95.jpg', 'medium': 'https://randomuser.me/api/portraits/med/women/95.jpg', 'thumbnail': 'https://randomuser.me/api/portraits/thumb/women/95.jpg'}, 'nat': 'NL'}</msg>
<arg>${json_data['results'][0]}</arg>
<doc>Logs the given message with the given level.</doc>
<status status="PASS" start="2024-04-19T21:13:06.871522" elapsed="0.000431"/>
</kw>
<kw name="Log" owner="BuiltIn">
<msg time="2024-04-19T21:13:06.872402" level="INFO">login</msg>
<arg>${key}</arg>
<doc>Logs the given message with the given level.</doc>
<status status="PASS" start="2024-04-19T21:13:06.872249" elapsed="0.000191"/>
</kw>
<var name="${key}">login</var>
<status status="PASS" start="2024-04-19T21:13:06.870705" elapsed="0.001988"/>
</iter>
<var>${key}</var>
<value>@{expected_keys}</value>
<status status="PASS" start="2024-04-19T21:13:06.861939" elapsed="0.010883"/>
</for>
<kw name="Create List" owner="BuiltIn">
<msg time="2024-04-19T21:13:06.873163" level="INFO">${expected_keysTwo} = ['username', 'password']</msg>
<var>${expected_keysTwo}</var>
<arg>username</arg>
<arg>password</arg>
<doc>Returns a list containing given items.</doc>
<status status="PASS" start="2024-04-19T21:13:06.873024" elapsed="0.000163"/>
</kw>
<for flavor="IN">
<iter>
<kw name="Dictionary Should Contain Key" owner="Collections">
<msg time="2024-04-19T21:13:06.874092" level="INFO">False</msg>
<arg>${json_data['results'][0]['login']}</arg>
<arg>${keyTwo}</arg>
<doc>Fails if ``key`` is not found from ``dictionary``.</doc>
<status status="PASS" start="2024-04-19T21:13:06.873698" elapsed="0.000431"/>
</kw>
<kw name="Dictionary Should Contain Key" owner="Collections">
<msg time="2024-04-19T21:13:06.874806" level="INFO">False</msg>
<arg>${json_data['results'][0]['login']}</arg>
<arg>${keyTwo}</arg>
<doc>Fails if ``key`` is not found from ``dictionary``.</doc>
<status status="PASS" start="2024-04-19T21:13:06.874422" elapsed="0.000422"/>
</kw>
<kw name="Log" owner="BuiltIn">
<msg time="2024-04-19T21:13:06.875259" level="INFO">username</msg>
<arg>${keyTwo}</arg>
<doc>Logs the given message with the given level.</doc>
<status status="PASS" start="2024-04-19T21:13:06.875134" elapsed="0.000161"/>
</kw>
<var name="${keyTwo}">username</var>
<status status="PASS" start="2024-04-19T21:13:06.873587" elapsed="0.001921"/>
</iter>
<iter>
<kw name="Dictionary Should Contain Key" owner="Collections">
<msg time="2024-04-19T21:13:06.876297" level="INFO">False</msg>
<arg>${json_data['results'][0]['login']}</arg>
<arg>${keyTwo}</arg>
<doc>Fails if ``key`` is not found from ``dictionary``.</doc>
<status status="PASS" start="2024-04-19T21:13:06.875788" elapsed="0.000562"/>
</kw>
<kw name="Dictionary Should Contain Key" owner="Collections">
<msg time="2024-04-19T21:13:06.877038" level="INFO">False</msg>
<arg>${json_data['results'][0]['login']}</arg>
<arg>${keyTwo}</arg>
<doc>Fails if ``key`` is not found from ``dictionary``.</doc>
<status status="PASS" start="2024-04-19T21:13:06.876657" elapsed="0.000418"/>
</kw>
<kw name="Log" owner="BuiltIn">
<msg time="2024-04-19T21:13:06.877490" level="INFO">password</msg>
<arg>${keyTwo}</arg>
<doc>Logs the given message with the given level.</doc>
<status status="PASS" start="2024-04-19T21:13:06.877365" elapsed="0.000162"/>
</kw>
<var name="${keyTwo}">password</var>
<status status="PASS" start="2024-04-19T21:13:06.875679" elapsed="0.002063"/>
</iter>
<var>${keyTwo}</var>
<value>@{expected_keysTwo}</value>
<status status="PASS" start="2024-04-19T21:13:06.873427" elapsed="0.004433"/>
</for>
<status status="PASS" start="2024-04-19T21:13:06.761230" elapsed="0.116772"/>
</kw>
<doc>Testa a estrutura da resposta da API.</doc>
<tag>testeEstruturaResposta</tag>
<status status="PASS" start="2024-04-19T21:13:06.760713" elapsed="0.117453"/>
</test>
<test id="s1-s1-t4" name="Validar tipos de dados" line="28">
<kw name="Teste de Tipos de Dados" owner="random-user-service">
<kw name="GET On Session" owner="RequestsLibrary">
<msg time="2024-04-19T21:13:06.945646" level="INFO">GET Request : url=https://randomuser.me/api 
 path_url=/api 
 headers={'User-Agent': 'python-requests/2.31.0', 'Accept-Encoding': 'gzip, deflate', 'Accept': '*/*', 'Connection': 'keep-alive'} 
 body=None 
 </msg>
<msg time="2024-04-19T21:13:06.945751" level="INFO">GET Response : url=https://randomuser.me/api 
 status=200, reason=OK 
 headers={'Date': 'Fri, 19 Apr 2024 21:13:06 GMT', 'Content-Type': 'application/json; charset=utf-8', 'Transfer-Encoding': 'chunked', 'Connection': 'keep-alive', 'X-Powered-By': 'Express', 'Access-Control-Allow-Origin': '*', 'Cache-Control': 'no-cache', 'ETag': 'W/"494-R/PITFUZFZ94uuqMNJjqHRq4WmE"', 'Vary': 'Accept-Encoding', 'Content-Encoding': 'gzip', 'CF-Cache-Status': 'DYNAMIC', 'Report-To': '{"endpoints":[{"url":"https:\\/\\/a.nel.cloudflare.com\\/report\\/v4?s=4ii45PR1pdlHbHWFsmTbLThV5%2Fje5zhQ%2FZgDusl0tQ9iOdwItvSgU%2BbWRebEFhDwA3zldKiYZRpOkbtXSITqBrqaIowyeOORwkaOB%2BGRFJd%2Bmd9zSEfVHOmsXyRgM2SA"}],"group":"cf-nel","max_age":604800}', 'NEL': '{"success_fraction":0,"report_to":"cf-nel","max_age":604800}', 'Server': 'cloudflare', 'CF-RAY': '876fe58a0ce77317-ORD', 'alt-svc': 'h3=":443"; ma=86400'} 
 body={"results":[{"gender":"female","name":{"title":"Ms","first":"Kelly","last":"Cole"},"location":{"street":{"number":8159,"name":"Stanley Road"},"city":"Leeds","state":"Cambridgeshire","country":"United Kingdom","postcode":"T3 2XN","coordinates":{"latitude":"-10.5974","longitude":"68.6208"},"timezone":{"offset":"-7:00","description":"Mountain Time (US &amp; Canada)"}},"email":"kelly.cole@example.com","login":{"uuid":"82d3dc61-b3ed-42cc-9905-120f1463ba5c","username":"goldenbutterfly226","password":"1945","salt":"m4ZlUUZM","md5":"b031de466dd860777f03ae2b8f1f5c90","sha1":"624ee52a7502175bdb577251992560fff54d0c34","sha256":"e46cc970d3d36a3c307e001beec47f51c1f1e3a7b7b2caf08f84491226a7b127"},"dob":{"date":"1947-04-24T09:02:24.649Z","age":76},"registered":{"date":"2021-08-02T16:41:20.441Z","age":2},"phone":"016973 20918","cell":"07566 215539","id":{"name":"NINO","value":"AJ 63 63 65 R"},"picture":{"large":"https://randomuser.me/api/portraits/women/8.jpg","medium":"https://randomuser.me/api/portraits/med/women/8.jpg","thumbnail":"https://randomuser.me/api/portraits/thumb/women/8.jpg"},"nat":"GB"}],"info":{"seed":"1f7beacf5f0fc946","results":1,"page":1,"version":"1.4"}} 
 </msg>
<msg time="2024-04-19T21:13:06.945825" level="INFO">/opt/hostedtoolcache/Python/3.12.3/x64/lib/python3.12/site-packages/urllib3/connectionpool.py:1103: InsecureRequestWarning: Unverified HTTPS request is being made to host 'randomuser.me'. Adding certificate verification is strongly advised. See: https://urllib3.readthedocs.io/en/latest/advanced-usage.html#tls-warnings
  warnings.warn(</msg>
<msg time="2024-04-19T21:13:06.945957" level="INFO">${response} = &lt;Response [200]&gt;</msg>
<var>${response}</var>
<arg>consultarAPI</arg>
<arg>/api</arg>
<doc>Sends a GET request on a previously created HTTP Session.</doc>
<status status="PASS" start="2024-04-19T21:13:06.880698" elapsed="0.065295"/>
</kw>
<kw name="Set Variable" owner="BuiltIn">
<msg time="2024-04-19T21:13:06.947103" level="INFO">${json_data} = {'results': [{'gender': 'female', 'name': {'title': 'Ms', 'first': 'Kelly', 'last': 'Cole'}, 'location': {'street': {'number': 8159, 'name': 'Stanley Road'}, 'city': 'Leeds', 'state': 'Cambridgeshire'...</msg>
<var>${json_data}</var>
<arg>${response.json()}</arg>
<doc>Returns the given values which can then be assigned to a variables.</doc>
<status status="PASS" start="2024-04-19T21:13:06.946565" elapsed="0.000567"/>
</kw>
<kw name="Log" owner="BuiltIn">
<msg time="2024-04-19T21:13:06.947615" level="INFO">{'results': [{'gender': 'female', 'name': {'title': 'Ms', 'first': 'Kelly', 'last': 'Cole'}, 'location': {'street': {'number': 8159, 'name': 'Stanley Road'}, 'city': 'Leeds', 'state': 'Cambridgeshire', 'country': 'United Kingdom', 'postcode': 'T3 2XN', 'coordinates': {'latitude': '-10.5974', 'longitude': '68.6208'}, 'timezone': {'offset': '-7:00', 'description': 'Mountain Time (US &amp; Canada)'}}, 'email': 'kelly.cole@example.com', 'login': {'uuid': '82d3dc61-b3ed-42cc-9905-120f1463ba5c', 'username': 'goldenbutterfly226', 'password': '1945', 'salt': 'm4ZlUUZM', 'md5': 'b031de466dd860777f03ae2b8f1f5c90', 'sha1': '624ee52a7502175bdb577251992560fff54d0c34', 'sha256': 'e46cc970d3d36a3c307e001beec47f51c1f1e3a7b7b2caf08f84491226a7b127'}, 'dob': {'date': '1947-04-24T09:02:24.649Z', 'age': 76}, 'registered': {'date': '2021-08-02T16:41:20.441Z', 'age': 2}, 'phone': '016973 20918', 'cell': '07566 215539', 'id': {'name': 'NINO', 'value': 'AJ 63 63 65 R'}, 'picture': {'large': 'https://randomuser.me/api/portraits/women/8.jpg', 'medium': 'https://randomuser.me/api/portraits/med/women/8.jpg', 'thumbnail': 'https://randomuser.me/api/portraits/thumb/women/8.jpg'}, 'nat': 'GB'}], 'info': {'seed': '1f7beacf5f0fc946', 'results': 1, 'page': 1, 'version': '1.4'}}</msg>
<arg>${json_data}</arg>
<doc>Logs the given message with the given level.</doc>
<status status="PASS" start="2024-04-19T21:13:06.947453" elapsed="0.000249"/>
</kw>
<kw name="Should Be String" owner="String">
<arg>${json_data['results'][0]['gender']}</arg>
<doc>Fails if the given ``item`` is not a string.</doc>
<status status="PASS" start="2024-04-19T21:13:06.948006" elapsed="0.000432"/>
</kw>
<kw name="Should Match Regexp" owner="BuiltIn">
<arg>${json_data['results'][0]['email']}</arg>
<arg>^[a-zA-Z0-9._%+-]+@[a-zA-Z0-9.-]+\.[a-zA-Z]{2,}$</arg>
<doc>Fails if ``string`` does not match ``pattern`` as a regular expression.</doc>
<status status="PASS" start="2024-04-19T21:13:06.948637" elapsed="0.000531"/>
</kw>
<kw name="Should Match Regexp" owner="BuiltIn">
<arg>${json_data['results'][0]['dob']['date']}</arg>
<arg>\\d{4}-\\d{2}-\\d{2}T\\d{2}:\\d{2}:\\d{2}\\.\\d{3}Z</arg>
<doc>Fails if ``string`` does not match ``pattern`` as a regular expression.</doc>
<status status="PASS" start="2024-04-19T21:13:06.949372" elapsed="0.000492"/>
</kw>
<kw name="Should Match Regexp" owner="BuiltIn">
<arg>${json_data['results'][0]['registered']['date']}</arg>
<arg>\\d{4}-\\d{2}-\\d{2}T\\d{2}:\\d{2}:\\d{2}\\.\\d{3}Z</arg>
<doc>Fails if ``string`` does not match ``pattern`` as a regular expression.</doc>
<status status="PASS" start="2024-04-19T21:13:06.950056" elapsed="0.000405"/>
</kw>
<kw name="Should Match Regexp" owner="BuiltIn">
<arg>${json_data['results'][0]['picture']['large']}</arg>
<arg>^https?://.*\.(?:png|jpe?g|gif|bmp)$</arg>
<doc>Fails if ``string`` does not match ``pattern`` as a regular expression.</doc>
<status status="PASS" start="2024-04-19T21:13:06.950673" elapsed="0.000478"/>
</kw>
<kw name="Should Match Regexp" owner="BuiltIn">
<arg>${json_data['results'][0]['picture']['medium']}</arg>
<arg>^https?://.*\.(?:png|jpe?g|gif|bmp)$</arg>
<doc>Fails if ``string`` does not match ``pattern`` as a regular expression.</doc>
<status status="PASS" start="2024-04-19T21:13:06.951341" elapsed="0.000361"/>
</kw>
<kw name="Should Match Regexp" owner="BuiltIn">
<arg>${json_data['results'][0]['picture']['thumbnail']}</arg>
<arg>^https?://.*\.(?:png|jpe?g|gif|bmp)$</arg>
<doc>Fails if ``string`` does not match ``pattern`` as a regular expression.</doc>
<status status="PASS" start="2024-04-19T21:13:06.951891" elapsed="0.000354"/>
</kw>
<kw name="Log" owner="BuiltIn">
<msg time="2024-04-19T21:13:06.952793" level="INFO">{'large': 'https://randomuser.me/api/portraits/women/8.jpg', 'medium': 'https://randomuser.me/api/portraits/med/women/8.jpg', 'thumbnail': 'https://randomuser.me/api/portraits/thumb/women/8.jpg'}</msg>
<arg>${json_data['results'][0]['picture']}</arg>
<doc>Logs the given message with the given level.</doc>
<status status="PASS" start="2024-04-19T21:13:06.952456" elapsed="0.000380"/>
</kw>
<status status="PASS" start="2024-04-19T21:13:06.880444" elapsed="0.072695"/>
</kw>
<kw name="Teste de Tipos de Dados - Postcode" owner="random-user-service">
<kw name="GET On Session" owner="RequestsLibrary">
<msg time="2024-04-19T21:13:07.051002" level="INFO">GET Request : url=https://randomuser.me/api 
 path_url=/api 
 headers={'User-Agent': 'python-requests/2.31.0', 'Accept-Encoding': 'gzip, deflate', 'Accept': '*/*', 'Connection': 'keep-alive'} 
 body=None 
 </msg>
<msg time="2024-04-19T21:13:07.051109" level="INFO">GET Response : url=https://randomuser.me/api 
 status=200, reason=OK 
 headers={'Date': 'Fri, 19 Apr 2024 21:13:07 GMT', 'Content-Type': 'application/json; charset=utf-8', 'Transfer-Encoding': 'chunked', 'Connection': 'keep-alive', 'X-Powered-By': 'Express', 'Access-Control-Allow-Origin': '*', 'Cache-Control': 'no-cache', 'ETag': 'W/"477-L0Du/IeUNYeTrH1FKn5biqzDv2c"', 'Vary': 'Accept-Encoding', 'Content-Encoding': 'gzip', 'CF-Cache-Status': 'DYNAMIC', 'Report-To': '{"endpoints":[{"url":"https:\\/\\/a.nel.cloudflare.com\\/report\\/v4?s=w1t4tCj4yg7yqJs4Ivz8pDnAqr1qyuk2Ih3WxlwfxCyOAD7jXCm1vf%2FysJwnC9H65ijJmTjA7sA7K0FLqH5vfMsfluz7nOC50JXeLpPV6pC6bscT4svLYi%2Bh0Y2BmDWE"}],"group":"cf-nel","max_age":604800}', 'NEL': '{"success_fraction":0,"report_to":"cf-nel","max_age":604800}', 'Server': 'cloudflare', 'CF-RAY': '876fe58a7d8c7317-ORD', 'alt-svc': 'h3=":443"; ma=86400'} 
 body={"results":[{"gender":"male","name":{"title":"Mr","first":"Mario","last":"Sáez"},"location":{"street":{"number":8854,"name":"Calle de Toledo"},"city":"La Coruña","state":"Galicia","country":"Spain","postcode":76225,"coordinates":{"latitude":"-35.4326","longitude":"-61.4030"},"timezone":{"offset":"-12:00","description":"Eniwetok, Kwajalein"}},"email":"mario.saez@example.com","login":{"uuid":"cd0ea6ab-c756-409d-bf80-4017b72630f9","username":"orangebear340","password":"yoyoyo","salt":"XDtyaM2o","md5":"a017a7d7196c387145b4d57eb30a76c2","sha1":"597d854ca6aec9fe958b9af49b4ee0dac7f16be2","sha256":"7bc76956c8c4ac8346981f1ca5dd425b8e333d175808aa09b305f975ffa5336b"},"dob":{"date":"1944-10-21T23:31:48.212Z","age":79},"registered":{"date":"2004-05-08T23:35:57.201Z","age":19},"phone":"974-141-096","cell":"647-999-576","id":{"name":"DNI","value":"14594271-M"},"picture":{"large":"https://randomuser.me/api/portraits/men/44.jpg","medium":"https://randomuser.me/api/portraits/med/men/44.jpg","thumbnail":"https://randomuser.me/api/portraits/thumb/men/44.jpg"},"nat":"ES"}],"info":{"seed":"cf731001ab16d023","results":1,"page":1,"version":"1.4"}} 
 </msg>
<msg time="2024-04-19T21:13:07.051187" level="INFO">/opt/hostedtoolcache/Python/3.12.3/x64/lib/python3.12/site-packages/urllib3/connectionpool.py:1103: InsecureRequestWarning: Unverified HTTPS request is being made to host 'randomuser.me'. Adding certificate verification is strongly advised. See: https://urllib3.readthedocs.io/en/latest/advanced-usage.html#tls-warnings
  warnings.warn(</msg>
<msg time="2024-04-19T21:13:07.051313" level="INFO">${response} = &lt;Response [200]&gt;</msg>
<var>${response}</var>
<arg>consultarAPI</arg>
<arg>/api</arg>
<doc>Sends a GET request on a previously created HTTP Session.</doc>
<status status="PASS" start="2024-04-19T21:13:06.953639" elapsed="0.097707"/>
</kw>
<kw name="Set Variable" owner="BuiltIn">
<msg time="2024-04-19T21:13:07.052603" level="INFO">${json_data} = {'results': [{'gender': 'male', 'name': {'title': 'Mr', 'first': 'Mario', 'last': 'Sáez'}, 'location': {'street': {'number': 8854, 'name': 'Calle de Toledo'}, 'city': 'La Coruña', 'state': 'Galicia', ...</msg>
<var>${json_data}</var>
<arg>${response.json()}</arg>
<doc>Returns the given values which can then be assigned to a variables.</doc>
<status status="PASS" start="2024-04-19T21:13:07.051991" elapsed="0.000647"/>
</kw>
<kw name="Log" owner="BuiltIn">
<msg time="2024-04-19T21:13:07.053145" level="INFO">{'results': [{'gender': 'male', 'name': {'title': 'Mr', 'first': 'Mario', 'last': 'Sáez'}, 'location': {'street': {'number': 8854, 'name': 'Calle de Toledo'}, 'city': 'La Coruña', 'state': 'Galicia', 'country': 'Spain', 'postcode': 76225, 'coordinates': {'latitude': '-35.4326', 'longitude': '-61.4030'}, 'timezone': {'offset': '-12:00', 'description': 'Eniwetok, Kwajalein'}}, 'email': 'mario.saez@example.com', 'login': {'uuid': 'cd0ea6ab-c756-409d-bf80-4017b72630f9', 'username': 'orangebear340', 'password': 'yoyoyo', 'salt': 'XDtyaM2o', 'md5': 'a017a7d7196c387145b4d57eb30a76c2', 'sha1': '597d854ca6aec9fe958b9af49b4ee0dac7f16be2', 'sha256': '7bc76956c8c4ac8346981f1ca5dd425b8e333d175808aa09b305f975ffa5336b'}, 'dob': {'date': '1944-10-21T23:31:48.212Z', 'age': 79}, 'registered': {'date': '2004-05-08T23:35:57.201Z', 'age': 19}, 'phone': '974-141-096', 'cell': '647-999-576', 'id': {'name': 'DNI', 'value': '14594271-M'}, 'picture': {'large': 'https://randomuser.me/api/portraits/men/44.jpg', 'medium': 'https://randomuser.me/api/portraits/med/men/44.jpg', 'thumbnail': 'https://randomuser.me/api/portraits/thumb/men/44.jpg'}, 'nat': 'ES'}], 'info': {'seed': 'cf731001ab16d023', 'results': 1, 'page': 1, 'version': '1.4'}}</msg>
<arg>${json_data}</arg>
<doc>Logs the given message with the given level.</doc>
<status status="PASS" start="2024-04-19T21:13:07.052976" elapsed="0.000254"/>
</kw>
<kw name="Should Be Equal As Numbers" owner="BuiltIn">
<arg>${json_data['results'][0]['location']['postcode']}</arg>
<arg>${json_data['results'][0]['location']['postcode']}</arg>
<doc>Fails if objects are unequal after converting them to real numbers.</doc>
<status status="PASS" start="2024-04-19T21:13:07.053738" elapsed="0.000634"/>
</kw>
<kw name="Log" owner="BuiltIn">
<msg time="2024-04-19T21:13:07.054906" level="INFO">76225</msg>
<arg>${json_data['results'][0]['location']['postcode']}</arg>
<doc>Logs the given message with the given level.</doc>
<status status="PASS" start="2024-04-19T21:13:07.054567" elapsed="0.000380"/>
</kw>
<status status="PASS" start="2024-04-19T21:13:06.953388" elapsed="0.101817"/>
</kw>
<doc>Testa se os tipos de dados na resposta da API estão corretos.</doc>
<tag>testeTiposDados</tag>
<status status="PASS" start="2024-04-19T21:13:06.879955" elapsed="0.175423"/>
</test>
<test id="s1-s1-t5" name="Validar conteudo" line="35">
<kw name="Teste de Tipos de Conteudo" owner="random-user-service">
<kw name="GET On Session" owner="RequestsLibrary">
<msg time="2024-04-19T21:13:07.191381" level="INFO">GET Request : url=https://randomuser.me/api 
 path_url=/api 
 headers={'User-Agent': 'python-requests/2.31.0', 'Accept-Encoding': 'gzip, deflate', 'Accept': '*/*', 'Connection': 'keep-alive'} 
 body=None 
 </msg>
<msg time="2024-04-19T21:13:07.191486" level="INFO">GET Response : url=https://randomuser.me/api 
 status=200, reason=OK 
 headers={'Date': 'Fri, 19 Apr 2024 21:13:07 GMT', 'Content-Type': 'application/json; charset=utf-8', 'Transfer-Encoding': 'chunked', 'Connection': 'keep-alive', 'X-Powered-By': 'Express', 'Access-Control-Allow-Origin': '*', 'Cache-Control': 'no-cache', 'ETag': 'W/"48e-pmCsNZFHuwnrXRchUNGhxs6+6DE"', 'Vary': 'Accept-Encoding', 'Content-Encoding': 'gzip', 'CF-Cache-Status': 'DYNAMIC', 'Report-To': '{"endpoints":[{"url":"https:\\/\\/a.nel.cloudflare.com\\/report\\/v4?s=%2Bn%2FbdhsiDK0kPuxUF%2BG2ca3u4Z6pIL%2F4nIVqy9WqI9O1tRnWPhJLS2UhfMRHJb10ISdwh4Ger1JlHeXr72NrL7%2BIcAaOx%2BKVhnxeHOYY70J8AN1AR0Nk62qog1pKAdlT"}],"group":"cf-nel","max_age":604800}', 'NEL': '{"success_fraction":0,"report_to":"cf-nel","max_age":604800}', 'Server': 'cloudflare', 'CF-RAY': '876fe58b2e5c7317-ORD', 'alt-svc': 'h3=":443"; ma=86400'} 
 body={"results":[{"gender":"female","name":{"title":"Ms","first":"Inaya","last":"Stenersen"},"location":{"street":{"number":4097,"name":"Nordalveien"},"city":"Verdalen","state":"Telemark","country":"Norway","postcode":"4662","coordinates":{"latitude":"42.4166","longitude":"5.7279"},"timezone":{"offset":"+3:00","description":"Baghdad, Riyadh, Moscow, St. Petersburg"}},"email":"inaya.stenersen@example.com","login":{"uuid":"6cc869ec-1b1d-47bc-aab0-5934f0525d69","username":"angryfrog626","password":"quebec","salt":"Uf1CTXxO","md5":"fecde0632cd4c48ce2c9ddd09c1bc970","sha1":"6826edceae28611466ecf0d42afbf19bbcd2be7a","sha256":"c023a2a3dacde9a555a5af330a042366599f4d59a6f89270e171fa808642b5b4"},"dob":{"date":"1956-05-12T04:00:10.238Z","age":67},"registered":{"date":"2007-06-22T06:26:26.684Z","age":16},"phone":"23138359","cell":"98083069","id":{"name":"FN","value":"12055617269"},"picture":{"large":"https://randomuser.me/api/portraits/women/92.jpg","medium":"https://randomuser.me/api/portraits/med/women/92.jpg","thumbnail":"https://randomuser.me/api/portraits/thumb/women/92.jpg"},"nat":"NO"}],"info":{"seed":"a4167fedef58b353","results":1,"page":1,"version":"1.4"}} 
 </msg>
<msg time="2024-04-19T21:13:07.191561" level="INFO">/opt/hostedtoolcache/Python/3.12.3/x64/lib/python3.12/site-packages/urllib3/connectionpool.py:1103: InsecureRequestWarning: Unverified HTTPS request is being made to host 'randomuser.me'. Adding certificate verification is strongly advised. See: https://urllib3.readthedocs.io/en/latest/advanced-usage.html#tls-warnings
  warnings.warn(</msg>
<msg time="2024-04-19T21:13:07.191690" level="INFO">${response} = &lt;Response [200]&gt;</msg>
<var>${response}</var>
<arg>consultarAPI</arg>
<arg>/api</arg>
<doc>Sends a GET request on a previously created HTTP Session.</doc>
<status status="PASS" start="2024-04-19T21:13:07.057988" elapsed="0.133737"/>
</kw>
<kw name="Set Variable" owner="BuiltIn">
<msg time="2024-04-19T21:13:07.192903" level="INFO">${json_data} = {'results': [{'gender': 'female', 'name': {'title': 'Ms', 'first': 'Inaya', 'last': 'Stenersen'}, 'location': {'street': {'number': 4097, 'name': 'Nordalveien'}, 'city': 'Verdalen', 'state': 'Telemark...</msg>
<var>${json_data}</var>
<arg>${response.json()}</arg>
<doc>Returns the given values which can then be assigned to a variables.</doc>
<status status="PASS" start="2024-04-19T21:13:07.192373" elapsed="0.000558"/>
</kw>
<kw name="Set Variable" owner="BuiltIn">
<msg time="2024-04-19T21:13:07.193649" level="INFO">${name_title} = Ms</msg>
<var>${name_title}</var>
<arg>${json_data["results"][0]["name"]["title"]}</arg>
<doc>Returns the given values which can then be assigned to a variables.</doc>
<status status="PASS" start="2024-04-19T21:13:07.193249" elapsed="0.000427"/>
</kw>
<kw name="Create List" owner="BuiltIn">
<msg time="2024-04-19T21:13:07.194130" level="INFO">${allowed_titles} = ['Mr', 'Ms', 'Miss', 'Mrs', 'Madame', 'Monsieur']</msg>
<var>${allowed_titles}</var>
<arg>Mr</arg>
<arg>Ms</arg>
<arg>Miss</arg>
<arg>Mrs</arg>
<arg>Madame</arg>
<arg>Monsieur</arg>
<doc>Returns a list containing given items.</doc>
<status status="PASS" start="2024-04-19T21:13:07.193980" elapsed="0.000174"/>
</kw>
<kw name="List Should Contain Value" owner="Collections">
<msg time="2024-04-19T21:13:07.194643" level="INFO">False</msg>
<arg>${allowed_titles}</arg>
<arg>${name_title}</arg>
<doc>Fails if the ``value`` is not found from ``list``.</doc>
<status status="PASS" start="2024-04-19T21:13:07.194458" elapsed="0.000222"/>
</kw>
<kw name="Set Variable" owner="BuiltIn">
<msg time="2024-04-19T21:13:07.195359" level="INFO">${name_country} = NO</msg>
<var>${name_country}</var>
<arg>${json_data["results"][0]["nat"]}</arg>
<doc>Returns the given values which can then be assigned to a variables.</doc>
<status status="PASS" start="2024-04-19T21:13:07.194971" elapsed="0.000413"/>
</kw>
<kw name="Create List" owner="BuiltIn">
<msg time="2024-04-19T21:13:07.196323" level="INFO">${list_country} = ['AD', 'AE', 'AF', 'AG', 'AI', 'AL', 'AM', 'AO', 'AQ', 'AR', 'AS', 'AT', 'AU', 'AW', 'AX', 'AZ', 'BA', 'BB', 'BD', 'BE', 'BF', 'BG', 'BH', 'BI', 'BJ', 'BL', 'BM', 'BN', 'BO', 'BQ', 'BR', 'BS', 'BT', '...</msg>
<var>${list_country}</var>
<arg>AD</arg>
<arg>AE</arg>
<arg>AF</arg>
<arg>AG</arg>
<arg>AI</arg>
<arg>AL</arg>
<arg>AM</arg>
<arg>AO</arg>
<arg>AQ</arg>
<arg>AR</arg>
<arg>AS</arg>
<arg>AT</arg>
<arg>AU</arg>
<arg>AW</arg>
<arg>AX</arg>
<arg>AZ</arg>
<arg>BA</arg>
<arg>BB</arg>
<arg>BD</arg>
<arg>BE</arg>
<arg>BF</arg>
<arg>BG</arg>
<arg>BH</arg>
<arg>BI</arg>
<arg>BJ</arg>
<arg>BL</arg>
<arg>BM</arg>
<arg>BN</arg>
<arg>BO</arg>
<arg>BQ</arg>
<arg>BR</arg>
<arg>BS</arg>
<arg>BT</arg>
<arg>BV</arg>
<arg>BW</arg>
<arg>BY</arg>
<arg>BZ</arg>
<arg>CA</arg>
<arg>CC</arg>
<arg>CD</arg>
<arg>CF</arg>
<arg>CG</arg>
<arg>CH</arg>
<arg>CI</arg>
<arg>CK</arg>
<arg>CL</arg>
<arg>CM</arg>
<arg>CN</arg>
<arg>CO</arg>
<arg>CR</arg>
<arg>CU</arg>
<arg>CV</arg>
<arg>CW</arg>
<arg>CX</arg>
<arg>CY</arg>
<arg>CZ</arg>
<arg>DE</arg>
<arg>DJ</arg>
<arg>DK</arg>
<arg>DM</arg>
<arg>DO</arg>
<arg>DZ</arg>
<arg>EC</arg>
<arg>EE</arg>
<arg>EG</arg>
<arg>EH</arg>
<arg>ER</arg>
<arg>ES</arg>
<arg>ET</arg>
<arg>FI</arg>
<arg>FJ</arg>
<arg>FK</arg>
<arg>FM</arg>
<arg>FO</arg>
<arg>FR</arg>
<arg>GA</arg>
<arg>GB</arg>
<arg>GD</arg>
<arg>GE</arg>
<arg>GF</arg>
<arg>GG</arg>
<arg>GH</arg>
<arg>GI</arg>
<arg>GL</arg>
<arg>GM</arg>
<arg>GN</arg>
<arg>GP</arg>
<arg>GQ</arg>
<arg>GR</arg>
<arg>GS</arg>
<arg>GT</arg>
<arg>GU</arg>
<arg>GW</arg>
<arg>GY</arg>
<arg>HK</arg>
<arg>HM</arg>
<arg>HN</arg>
<arg>HR</arg>
<arg>HT</arg>
<arg>HU</arg>
<arg>ID</arg>
<arg>IE</arg>
<arg>IL</arg>
<arg>IM</arg>
<arg>IN</arg>
<arg>IO</arg>
<arg>IQ</arg>
<arg>IR</arg>
<arg>IS</arg>
<arg>IT</arg>
<arg>JE</arg>
<arg>JM</arg>
<arg>JO</arg>
<arg>JP</arg>
<arg>KE</arg>
<arg>KG</arg>
<arg>KH</arg>
<arg>KI</arg>
<arg>KM</arg>
<arg>KN</arg>
<arg>KP</arg>
<arg>KR</arg>
<arg>KW</arg>
<arg>KY</arg>
<arg>KZ</arg>
<arg>LA</arg>
<arg>LB</arg>
<arg>LC</arg>
<arg>LI</arg>
<arg>LK</arg>
<arg>LR</arg>
<arg>LS</arg>
<arg>LT</arg>
<arg>LU</arg>
<arg>LV</arg>
<arg>LY</arg>
<arg>MA</arg>
<arg>MC</arg>
<arg>MD</arg>
<arg>ME</arg>
<arg>MF</arg>
<arg>MG</arg>
<arg>MH</arg>
<arg>MK</arg>
<arg>ML</arg>
<arg>MM</arg>
<arg>MN</arg>
<arg>MO</arg>
<arg>MP</arg>
<arg>MQ</arg>
<arg>MR</arg>
<arg>MS</arg>
<arg>MT</arg>
<arg>MU</arg>
<arg>MV</arg>
<arg>MW</arg>
<arg>MX</arg>
<arg>MY</arg>
<arg>MZ</arg>
<arg>NA</arg>
<arg>NC</arg>
<arg>NE</arg>
<arg>NF</arg>
<arg>NG</arg>
<arg>NI</arg>
<arg>NL</arg>
<arg>NO</arg>
<arg>NP</arg>
<arg>NR</arg>
<arg>NU</arg>
<arg>NZ</arg>
<arg>OM</arg>
<arg>PA</arg>
<arg>PE</arg>
<arg>PF</arg>
<arg>PG</arg>
<arg>PH</arg>
<arg>PK</arg>
<arg>PL</arg>
<arg>PM</arg>
<arg>PN</arg>
<arg>PR</arg>
<arg>PS</arg>
<arg>PT</arg>
<arg>PW</arg>
<arg>PY</arg>
<arg>QA</arg>
<arg>RE</arg>
<arg>RO</arg>
<arg>RS</arg>
<arg>RU</arg>
<arg>RW</arg>
<arg>SA</arg>
<arg>SB</arg>
<arg>SC</arg>
<arg>SD</arg>
<arg>SE</arg>
<arg>SG</arg>
<arg>SH</arg>
<arg>SI</arg>
<arg>SJ</arg>
<arg>SK</arg>
<arg>SL</arg>
<arg>SM</arg>
<arg>SN</arg>
<arg>SO</arg>
<arg>SR</arg>
<arg>SS</arg>
<arg>ST</arg>
<arg>SV</arg>
<arg>SX</arg>
<arg>SY</arg>
<arg>SZ</arg>
<arg>TC</arg>
<arg>TD</arg>
<arg>TF</arg>
<arg>TG</arg>
<arg>TH</arg>
<arg>TJ</arg>
<arg>TK</arg>
<arg>TL</arg>
<arg>TM</arg>
<arg>TN</arg>
<arg>TO</arg>
<arg>TR</arg>
<arg>TT</arg>
<arg>TV</arg>
<arg>TW</arg>
<arg>TZ</arg>
<arg>UA</arg>
<arg>UG</arg>
<arg>UM</arg>
<arg>US</arg>
<arg>UY</arg>
<arg>UZ</arg>
<arg>VA</arg>
<arg>VC</arg>
<arg>VE</arg>
<arg>VG</arg>
<arg>VI</arg>
<arg>VN</arg>
<arg>VU</arg>
<arg>WF</arg>
<arg>WS</arg>
<arg>XK</arg>
<arg>YE</arg>
<arg>YT</arg>
<arg>ZA</arg>
<arg>ZM</arg>
<arg>ZW</arg>
<doc>Returns a list containing given items.</doc>
<status status="PASS" start="2024-04-19T21:13:07.195693" elapsed="0.000660"/>
</kw>
<kw name="List Should Contain Value" owner="Collections">
<msg time="2024-04-19T21:13:07.197383" level="INFO">False</msg>
<arg>${list_country}</arg>
<arg>${name_country}</arg>
<doc>Fails if the ``value`` is not found from ``list``.</doc>
<status status="PASS" start="2024-04-19T21:13:07.197175" elapsed="0.000247"/>
</kw>
<kw name="Run Keyword If" owner="BuiltIn">
<kw name="Should Be True" owner="BuiltIn">
<arg>${True}</arg>
<doc>Fails if the given condition is not true.</doc>
<status status="PASS" start="2024-04-19T21:13:07.198540" elapsed="0.000307"/>
</kw>
<arg>${json_data["results"][0]["location"]["coordinates"]["latitude"]} &gt;= -90 and ${json_data["results"][0]["location"]["coordinates"]["latitude"]} &lt;= 90</arg>
<arg>Should Be True</arg>
<arg>${True}</arg>
<doc>Runs the given keyword with the given arguments, if ``condition`` is true.</doc>
<status status="PASS" start="2024-04-19T21:13:07.197751" elapsed="0.001250"/>
</kw>
<kw name="Run Keyword If" owner="BuiltIn">
<kw name="Should Be True" owner="BuiltIn">
<arg>${True}</arg>
<doc>Fails if the given condition is not true.</doc>
<status status="PASS" start="2024-04-19T21:13:07.199938" elapsed="0.000140"/>
</kw>
<arg>${json_data["results"][0]["location"]["coordinates"]["longitude"]} &gt;= -180 and ${json_data["results"][0]["location"]["coordinates"]["longitude"]} &lt;= 180</arg>
<arg>Should Be True</arg>
<arg>${True}</arg>
<doc>Runs the given keyword with the given arguments, if ``condition`` is true.</doc>
<status status="PASS" start="2024-04-19T21:13:07.199215" elapsed="0.000991"/>
</kw>
<status status="PASS" start="2024-04-19T21:13:07.057749" elapsed="0.142646"/>
</kw>
<doc>Testa o conteúdo específico dos campos retornados pela API.</doc>
<tag>testeConteudo</tag>
<status status="PASS" start="2024-04-19T21:13:07.057190" elapsed="0.143372"/>
</test>
<status status="PASS" start="2024-04-19T21:13:06.192949" elapsed="1.009596"/>
</suite>
<status status="PASS" start="2024-04-19T21:13:06.178547" elapsed="1.029366"/>
</suite>
<statistics>
<total>
<stat pass="5" fail="0" skip="0">All Tests</stat>
</total>
<tag>
<stat pass="1" fail="0" skip="0">testeConteudo</stat>
<stat pass="1" fail="0" skip="0">testeEstruturaResposta</stat>
<stat pass="1" fail="0" skip="0">testeRequisicaoBasica</stat>
<stat pass="1" fail="0" skip="0">testeTiposDados</stat>
</tag>
<suite>
<stat pass="5" fail="0" skip="0" id="s1" name="Tests">Tests</stat>
<stat pass="5" fail="0" skip="0" id="s1-s1" name="Random-User-Test">Tests.Random-User-Test</stat>
</suite>
</statistics>
<errors>
</errors>
</robot>
