<?xml version="1.0" encoding="UTF-8"?>
<robot generator="Robot 7.0 (Python 3.12.2 on linux)" generated="2024-03-23T04:17:28.997258" rpa="false" schemaversion="5">
<suite id="s1" name="Tests" source="/home/runner/work/DesafioQAItauRogerioJordao/DesafioQAItauRogerioJordao/RamdonUser/tests">
<suite id="s1-s1" name="Random-User-Test" source="/home/runner/work/DesafioQAItauRogerioJordao/DesafioQAItauRogerioJordao/RamdonUser/tests/random-user-test.robot">
<test id="s1-s1-t1" name="Conectar" line="13">
<kw name="Conectar API" owner="random-user-service">
<kw name="Create Session" owner="RequestsLibrary">
<msg time="2024-03-23T04:17:29.396905" level="INFO">Creating Session using : alias=consultarAPI, url=https://randomuser.me/, headers={},                     cookies={}, auth=None, timeout=None, proxies=None, verify=False,                     debug=0 </msg>
<arg>consultarAPI</arg>
<arg>${URL}</arg>
<doc>Create Session: create a HTTP session to a server</doc>
<status status="PASS" start="2024-03-23T04:17:29.396687" elapsed="0.000417"/>
</kw>
<status status="PASS" start="2024-03-23T04:17:29.395588" elapsed="0.001907"/>
</kw>
<status status="PASS" start="2024-03-23T04:17:29.394884" elapsed="0.002823"/>
</test>
<test id="s1-s1-t2" name="Validar retorno 200 e JSON Válido" line="16">
<kw name="Teste de Requisicao Basica" owner="random-user-service">
<kw name="GET On Session" owner="RequestsLibrary">
<msg time="2024-03-23T04:17:29.477760" level="INFO">GET Request : url=https://randomuser.me/api 
 path_url=/api 
 headers={'User-Agent': 'python-requests/2.31.0', 'Accept-Encoding': 'gzip, deflate', 'Accept': '*/*', 'Connection': 'keep-alive'} 
 body=None 
 </msg>
<msg time="2024-03-23T04:17:29.477917" level="INFO">GET Response : url=https://randomuser.me/api 
 status=200, reason=OK 
 headers={'Date': 'Sat, 23 Mar 2024 04:17:29 GMT', 'Content-Type': 'application/json; charset=utf-8', 'Transfer-Encoding': 'chunked', 'Connection': 'keep-alive', 'X-Powered-By': 'Express', 'Access-Control-Allow-Origin': '*', 'Cache-Control': 'no-cache', 'ETag': 'W/"474-0d6ZMKjsWnSb3xoHY/fyfeKhXCI"', 'Vary': 'Accept-Encoding', 'Content-Encoding': 'gzip', 'CF-Cache-Status': 'DYNAMIC', 'Report-To': '{"endpoints":[{"url":"https:\\/\\/a.nel.cloudflare.com\\/report\\/v4?s=r8buY3RcbNCHcVM0lSrYHIzotxNfLCTJjVHGnszMbmz1dlhiF3tMsM4n4R0f6Tu3OakCtr3KUBTrR3Bj0B3CQcS5fZMWPVKX0gAzlabAy3cj1rg9iJAeR7hRAAamk4yb"}],"group":"cf-nel","max_age":604800}', 'NEL': '{"success_fraction":0,"report_to":"cf-nel","max_age":604800}', 'Server': 'cloudflare', 'CF-RAY': '868b9caef98f13e9-ORD', 'alt-svc': 'h3=":443"; ma=86400'} 
 body={"results":[{"gender":"male","name":{"title":"Mr","first":"Deepak","last":"Vernekar"},"location":{"street":{"number":3798,"name":"Marine Drive"},"city":"Rajpur Sonarpur","state":"Odisha","country":"India","postcode":50092,"coordinates":{"latitude":"5.2753","longitude":"-168.3736"},"timezone":{"offset":"+4:30","description":"Kabul"}},"email":"deepak.vernekar@example.com","login":{"uuid":"4fa68cb7-11b6-481d-bfb1-b4c94e161675","username":"sadbutterfly762","password":"wesley","salt":"hgUAFgYm","md5":"9035e83f181dc4a9a2024ec0f935e023","sha1":"36834dd8badb33a0e057bc7192467b994c56eb6a","sha256":"a268848c1ae7dab5513b2ee9cbea5d0d71b8caf5d3ab736718cc92a1ba5c8bb4"},"dob":{"date":"1961-03-06T21:15:54.343Z","age":63},"registered":{"date":"2017-08-08T12:23:59.577Z","age":6},"phone":"7804134390","cell":"8747006500","id":{"name":"UIDAI","value":"960588714721"},"picture":{"large":"https://randomuser.me/api/portraits/men/61.jpg","medium":"https://randomuser.me/api/portraits/med/men/61.jpg","thumbnail":"https://randomuser.me/api/portraits/thumb/men/61.jpg"},"nat":"IN"}],"info":{"seed":"e235d436c058cc6f","results":1,"page":1,"version":"1.4"}} 
 </msg>
<msg time="2024-03-23T04:17:29.478036" level="INFO">/opt/hostedtoolcache/Python/3.12.2/x64/lib/python3.12/site-packages/urllib3/connectionpool.py:1103: InsecureRequestWarning: Unverified HTTPS request is being made to host 'randomuser.me'. Adding certificate verification is strongly advised. See: https://urllib3.readthedocs.io/en/latest/advanced-usage.html#tls-warnings
  warnings.warn(</msg>
<msg time="2024-03-23T04:17:29.478224" level="INFO">${response} = &lt;Response [200]&gt;</msg>
<var>${response}</var>
<arg>consultarAPI</arg>
<arg>/api</arg>
<doc>Sends a GET request on a previously created HTTP Session.</doc>
<status status="PASS" start="2024-03-23T04:17:29.400513" elapsed="0.077759"/>
</kw>
<kw name="Should Be Equal As Numbers" owner="BuiltIn">
<msg time="2024-03-23T04:17:29.479328" level="INFO">Argument types are:
&lt;class 'int'&gt;
&lt;class 'str'&gt;</msg>
<arg>${response.status_code}</arg>
<arg>200</arg>
<doc>Fails if objects are unequal after converting them to real numbers.</doc>
<status status="PASS" start="2024-03-23T04:17:29.478833" elapsed="0.000565"/>
</kw>
<kw name="Log" owner="BuiltIn">
<msg time="2024-03-23T04:17:29.480130" level="INFO">200</msg>
<arg>${response.status_code}</arg>
<doc>Logs the given message with the given level.</doc>
<status status="PASS" start="2024-03-23T04:17:29.479753" elapsed="0.000422"/>
</kw>
<kw name="Set Variable" owner="BuiltIn">
<msg time="2024-03-23T04:17:29.480968" level="INFO">${json_data} = {'results': [{'gender': 'male', 'name': {'title': 'Mr', 'first': 'Deepak', 'last': 'Vernekar'}, 'location': {'street': {'number': 3798, 'name': 'Marine Drive'}, 'city': 'Rajpur Sonarpur', 'state': 'Od...</msg>
<var>${json_data}</var>
<arg>${response.json()}</arg>
<doc>Returns the given values which can then be assigned to a variables.</doc>
<status status="PASS" start="2024-03-23T04:17:29.480515" elapsed="0.000481"/>
</kw>
<kw name="Dictionary Should Contain Key" owner="Collections">
<msg time="2024-03-23T04:17:29.481484" level="INFO">False</msg>
<arg>${json_data}</arg>
<arg>results</arg>
<doc>Fails if ``key`` is not found from ``dictionary``.</doc>
<status status="PASS" start="2024-03-23T04:17:29.481310" elapsed="0.000214"/>
</kw>
<status status="PASS" start="2024-03-23T04:17:29.400252" elapsed="0.081570"/>
</kw>
<doc>Testa se a API responde corretamente e retorna um objeto JSON válido.</doc>
<tag>testeRequisicaoBasica</tag>
<status status="PASS" start="2024-03-23T04:17:29.399622" elapsed="0.082402"/>
</test>
<test id="s1-s1-t3" name="Validar estrutura de resposta" line="22">
<kw name="Teste de Estrutura de Resposta" owner="random-user-service">
<kw name="GET On Session" owner="RequestsLibrary">
<msg time="2024-03-23T04:17:29.582330" level="INFO">GET Request : url=https://randomuser.me/api 
 path_url=/api 
 headers={'User-Agent': 'python-requests/2.31.0', 'Accept-Encoding': 'gzip, deflate', 'Accept': '*/*', 'Connection': 'keep-alive'} 
 body=None 
 </msg>
<msg time="2024-03-23T04:17:29.582458" level="INFO">GET Response : url=https://randomuser.me/api 
 status=200, reason=OK 
 headers={'Date': 'Sat, 23 Mar 2024 04:17:29 GMT', 'Content-Type': 'application/json; charset=utf-8', 'Transfer-Encoding': 'chunked', 'Connection': 'keep-alive', 'X-Powered-By': 'Express', 'Access-Control-Allow-Origin': '*', 'Cache-Control': 'no-cache', 'ETag': 'W/"46f-FwVRmT7QD03i8l0Pc8pxMCGMd0Q"', 'Vary': 'Accept-Encoding', 'Content-Encoding': 'gzip', 'CF-Cache-Status': 'DYNAMIC', 'Report-To': '{"endpoints":[{"url":"https:\\/\\/a.nel.cloudflare.com\\/report\\/v4?s=i7lT6tEGa8ig3tHfj9wB9dbcgar9nU1%2BWK00U8dllJM8NNrPVYe%2B8bQwpoxfTyTwvjs8r4mq5SMz1K3bVpRdQFBLtxDPmD8xWD09EpyWIdwGTjswLiZzgK35DGxWkiWj"}],"group":"cf-nel","max_age":604800}', 'NEL': '{"success_fraction":0,"report_to":"cf-nel","max_age":604800}', 'Server': 'cloudflare', 'CF-RAY': '868b9caf49eb13e9-ORD', 'alt-svc': 'h3=":443"; ma=86400'} 
 body={"results":[{"gender":"male","name":{"title":"Mr","first":"Wyatt","last":"Day"},"location":{"street":{"number":8292,"name":"Mcgowen St"},"city":"Bozeman","state":"Florida","country":"United States","postcode":31589,"coordinates":{"latitude":"88.7086","longitude":"-81.2448"},"timezone":{"offset":"+4:30","description":"Kabul"}},"email":"wyatt.day@example.com","login":{"uuid":"f3ad7123-ee78-455e-970a-b7ad1954b9bb","username":"beautifulmouse750","password":"italian","salt":"43DHwu5K","md5":"a14af915d68eeb4fe28267d454083766","sha1":"5ce4ff1754cd49a5238f4c389c2349de67ea4da5","sha256":"c28c47d160df382bca73474fe83793f2ba00b90715955244a67ce73dabd78cd4"},"dob":{"date":"1970-03-01T19:52:33.488Z","age":54},"registered":{"date":"2015-07-20T12:55:49.241Z","age":8},"phone":"(253) 475-7741","cell":"(428) 322-8982","id":{"name":"SSN","value":"840-59-7992"},"picture":{"large":"https://randomuser.me/api/portraits/men/82.jpg","medium":"https://randomuser.me/api/portraits/med/men/82.jpg","thumbnail":"https://randomuser.me/api/portraits/thumb/men/82.jpg"},"nat":"US"}],"info":{"seed":"0781db91e1bf9724","results":1,"page":1,"version":"1.4"}} 
 </msg>
<msg time="2024-03-23T04:17:29.582625" level="INFO">/opt/hostedtoolcache/Python/3.12.2/x64/lib/python3.12/site-packages/urllib3/connectionpool.py:1103: InsecureRequestWarning: Unverified HTTPS request is being made to host 'randomuser.me'. Adding certificate verification is strongly advised. See: https://urllib3.readthedocs.io/en/latest/advanced-usage.html#tls-warnings
  warnings.warn(</msg>
<msg time="2024-03-23T04:17:29.582792" level="INFO">${response} = &lt;Response [200]&gt;</msg>
<var>${response}</var>
<arg>consultarAPI</arg>
<arg>/api</arg>
<doc>Sends a GET request on a previously created HTTP Session.</doc>
<status status="PASS" start="2024-03-23T04:17:29.484995" elapsed="0.097845"/>
</kw>
<kw name="Set Variable" owner="BuiltIn">
<msg time="2024-03-23T04:17:29.584051" level="INFO">${json_data} = {'results': [{'gender': 'male', 'name': {'title': 'Mr', 'first': 'Wyatt', 'last': 'Day'}, 'location': {'street': {'number': 8292, 'name': 'Mcgowen St'}, 'city': 'Bozeman', 'state': 'Florida', 'country...</msg>
<var>${json_data}</var>
<arg>${response.json()}</arg>
<doc>Returns the given values which can then be assigned to a variables.</doc>
<status status="PASS" start="2024-03-23T04:17:29.583445" elapsed="0.000638"/>
</kw>
<kw name="Log" owner="BuiltIn">
<msg time="2024-03-23T04:17:29.584753" level="INFO">{'results': [{'gender': 'male', 'name': {'title': 'Mr', 'first': 'Wyatt', 'last': 'Day'}, 'location': {'street': {'number': 8292, 'name': 'Mcgowen St'}, 'city': 'Bozeman', 'state': 'Florida', 'country': 'United States', 'postcode': 31589, 'coordinates': {'latitude': '88.7086', 'longitude': '-81.2448'}, 'timezone': {'offset': '+4:30', 'description': 'Kabul'}}, 'email': 'wyatt.day@example.com', 'login': {'uuid': 'f3ad7123-ee78-455e-970a-b7ad1954b9bb', 'username': 'beautifulmouse750', 'password': 'italian', 'salt': '43DHwu5K', 'md5': 'a14af915d68eeb4fe28267d454083766', 'sha1': '5ce4ff1754cd49a5238f4c389c2349de67ea4da5', 'sha256': 'c28c47d160df382bca73474fe83793f2ba00b90715955244a67ce73dabd78cd4'}, 'dob': {'date': '1970-03-01T19:52:33.488Z', 'age': 54}, 'registered': {'date': '2015-07-20T12:55:49.241Z', 'age': 8}, 'phone': '(253) 475-7741', 'cell': '(428) 322-8982', 'id': {'name': 'SSN', 'value': '840-59-7992'}, 'picture': {'large': 'https://randomuser.me/api/portraits/men/82.jpg', 'medium': 'https://randomuser.me/api/portraits/med/men/82.jpg', 'thumbnail': 'https://randomuser.me/api/portraits/thumb/men/82.jpg'}, 'nat': 'US'}], 'info': {'seed': '0781db91e1bf9724', 'results': 1, 'page': 1, 'version': '1.4'}}</msg>
<arg>${json_data}</arg>
<doc>Logs the given message with the given level.</doc>
<status status="PASS" start="2024-03-23T04:17:29.584542" elapsed="0.000269"/>
</kw>
<kw name="Dictionary Should Contain Key" owner="Collections">
<msg time="2024-03-23T04:17:29.585398" level="INFO">False</msg>
<arg>${json_data}</arg>
<arg>results</arg>
<doc>Fails if ``key`` is not found from ``dictionary``.</doc>
<status status="PASS" start="2024-03-23T04:17:29.585199" elapsed="0.000241"/>
</kw>
<kw name="Should Not Be Empty" owner="BuiltIn">
<msg time="2024-03-23T04:17:29.585992" level="INFO">Length is 2.</msg>
<arg>${json_data}</arg>
<doc>Verifies that the given item is not empty.</doc>
<status status="PASS" start="2024-03-23T04:17:29.585831" elapsed="0.000206"/>
</kw>
<kw name="Create List" owner="BuiltIn">
<msg time="2024-03-23T04:17:29.586596" level="INFO">${expected_keys} = ['gender', 'name', 'location', 'email', 'login']</msg>
<var>${expected_keys}</var>
<arg>gender</arg>
<arg>name</arg>
<arg>location</arg>
<arg>email</arg>
<arg>login</arg>
<doc>Returns a list containing given items.</doc>
<status status="PASS" start="2024-03-23T04:17:29.586417" elapsed="0.000205"/>
</kw>
<for flavor="IN">
<iter>
<kw name="Dictionary Should Contain Key" owner="Collections">
<msg time="2024-03-23T04:17:29.587784" level="INFO">False</msg>
<arg>${json_data['results'][0]}</arg>
<arg>${key}</arg>
<doc>Fails if ``key`` is not found from ``dictionary``.</doc>
<status status="PASS" start="2024-03-23T04:17:29.587274" elapsed="0.000565"/>
</kw>
<kw name="Log" owner="BuiltIn">
<msg time="2024-03-23T04:17:29.588641" level="INFO">{'gender': 'male', 'name': {'title': 'Mr', 'first': 'Wyatt', 'last': 'Day'}, 'location': {'street': {'number': 8292, 'name': 'Mcgowen St'}, 'city': 'Bozeman', 'state': 'Florida', 'country': 'United States', 'postcode': 31589, 'coordinates': {'latitude': '88.7086', 'longitude': '-81.2448'}, 'timezone': {'offset': '+4:30', 'description': 'Kabul'}}, 'email': 'wyatt.day@example.com', 'login': {'uuid': 'f3ad7123-ee78-455e-970a-b7ad1954b9bb', 'username': 'beautifulmouse750', 'password': 'italian', 'salt': '43DHwu5K', 'md5': 'a14af915d68eeb4fe28267d454083766', 'sha1': '5ce4ff1754cd49a5238f4c389c2349de67ea4da5', 'sha256': 'c28c47d160df382bca73474fe83793f2ba00b90715955244a67ce73dabd78cd4'}, 'dob': {'date': '1970-03-01T19:52:33.488Z', 'age': 54}, 'registered': {'date': '2015-07-20T12:55:49.241Z', 'age': 8}, 'phone': '(253) 475-7741', 'cell': '(428) 322-8982', 'id': {'name': 'SSN', 'value': '840-59-7992'}, 'picture': {'large': 'https://randomuser.me/api/portraits/men/82.jpg', 'medium': 'https://randomuser.me/api/portraits/med/men/82.jpg', 'thumbnail': 'https://randomuser.me/api/portraits/thumb/men/82.jpg'}, 'nat': 'US'}</msg>
<arg>${json_data['results'][0]}</arg>
<doc>Logs the given message with the given level.</doc>
<status status="PASS" start="2024-03-23T04:17:29.588223" elapsed="0.000475"/>
</kw>
<kw name="Log" owner="BuiltIn">
<msg time="2024-03-23T04:17:29.589188" level="INFO">gender</msg>
<arg>${key}</arg>
<doc>Logs the given message with the given level.</doc>
<status status="PASS" start="2024-03-23T04:17:29.589036" elapsed="0.000193"/>
</kw>
<var name="${key}">gender</var>
<status status="PASS" start="2024-03-23T04:17:29.587126" elapsed="0.002339"/>
</iter>
<iter>
<kw name="Dictionary Should Contain Key" owner="Collections">
<msg time="2024-03-23T04:17:29.590249" level="INFO">False</msg>
<arg>${json_data['results'][0]}</arg>
<arg>${key}</arg>
<doc>Fails if ``key`` is not found from ``dictionary``.</doc>
<status status="PASS" start="2024-03-23T04:17:29.589803" elapsed="0.000486"/>
</kw>
<kw name="Log" owner="BuiltIn">
<msg time="2024-03-23T04:17:29.591036" level="INFO">{'gender': 'male', 'name': {'title': 'Mr', 'first': 'Wyatt', 'last': 'Day'}, 'location': {'street': {'number': 8292, 'name': 'Mcgowen St'}, 'city': 'Bozeman', 'state': 'Florida', 'country': 'United States', 'postcode': 31589, 'coordinates': {'latitude': '88.7086', 'longitude': '-81.2448'}, 'timezone': {'offset': '+4:30', 'description': 'Kabul'}}, 'email': 'wyatt.day@example.com', 'login': {'uuid': 'f3ad7123-ee78-455e-970a-b7ad1954b9bb', 'username': 'beautifulmouse750', 'password': 'italian', 'salt': '43DHwu5K', 'md5': 'a14af915d68eeb4fe28267d454083766', 'sha1': '5ce4ff1754cd49a5238f4c389c2349de67ea4da5', 'sha256': 'c28c47d160df382bca73474fe83793f2ba00b90715955244a67ce73dabd78cd4'}, 'dob': {'date': '1970-03-01T19:52:33.488Z', 'age': 54}, 'registered': {'date': '2015-07-20T12:55:49.241Z', 'age': 8}, 'phone': '(253) 475-7741', 'cell': '(428) 322-8982', 'id': {'name': 'SSN', 'value': '840-59-7992'}, 'picture': {'large': 'https://randomuser.me/api/portraits/men/82.jpg', 'medium': 'https://randomuser.me/api/portraits/med/men/82.jpg', 'thumbnail': 'https://randomuser.me/api/portraits/thumb/men/82.jpg'}, 'nat': 'US'}</msg>
<arg>${json_data['results'][0]}</arg>
<doc>Logs the given message with the given level.</doc>
<status status="PASS" start="2024-03-23T04:17:29.590649" elapsed="0.000436"/>
</kw>
<kw name="Log" owner="BuiltIn">
<msg time="2024-03-23T04:17:29.591537" level="INFO">name</msg>
<arg>${key}</arg>
<doc>Logs the given message with the given level.</doc>
<status status="PASS" start="2024-03-23T04:17:29.591402" elapsed="0.000175"/>
</kw>
<var name="${key}">name</var>
<status status="PASS" start="2024-03-23T04:17:29.589675" elapsed="0.002130"/>
</iter>
<iter>
<kw name="Dictionary Should Contain Key" owner="Collections">
<msg time="2024-03-23T04:17:29.592523" level="INFO">False</msg>
<arg>${json_data['results'][0]}</arg>
<arg>${key}</arg>
<doc>Fails if ``key`` is not found from ``dictionary``.</doc>
<status status="PASS" start="2024-03-23T04:17:29.592124" elapsed="0.000438"/>
</kw>
<kw name="Log" owner="BuiltIn">
<msg time="2024-03-23T04:17:29.593259" level="INFO">{'gender': 'male', 'name': {'title': 'Mr', 'first': 'Wyatt', 'last': 'Day'}, 'location': {'street': {'number': 8292, 'name': 'Mcgowen St'}, 'city': 'Bozeman', 'state': 'Florida', 'country': 'United States', 'postcode': 31589, 'coordinates': {'latitude': '88.7086', 'longitude': '-81.2448'}, 'timezone': {'offset': '+4:30', 'description': 'Kabul'}}, 'email': 'wyatt.day@example.com', 'login': {'uuid': 'f3ad7123-ee78-455e-970a-b7ad1954b9bb', 'username': 'beautifulmouse750', 'password': 'italian', 'salt': '43DHwu5K', 'md5': 'a14af915d68eeb4fe28267d454083766', 'sha1': '5ce4ff1754cd49a5238f4c389c2349de67ea4da5', 'sha256': 'c28c47d160df382bca73474fe83793f2ba00b90715955244a67ce73dabd78cd4'}, 'dob': {'date': '1970-03-01T19:52:33.488Z', 'age': 54}, 'registered': {'date': '2015-07-20T12:55:49.241Z', 'age': 8}, 'phone': '(253) 475-7741', 'cell': '(428) 322-8982', 'id': {'name': 'SSN', 'value': '840-59-7992'}, 'picture': {'large': 'https://randomuser.me/api/portraits/men/82.jpg', 'medium': 'https://randomuser.me/api/portraits/med/men/82.jpg', 'thumbnail': 'https://randomuser.me/api/portraits/thumb/men/82.jpg'}, 'nat': 'US'}</msg>
<arg>${json_data['results'][0]}</arg>
<doc>Logs the given message with the given level.</doc>
<status status="PASS" start="2024-03-23T04:17:29.592880" elapsed="0.000433"/>
</kw>
<kw name="Log" owner="BuiltIn">
<msg time="2024-03-23T04:17:29.593769" level="INFO">location</msg>
<arg>${key}</arg>
<doc>Logs the given message with the given level.</doc>
<status status="PASS" start="2024-03-23T04:17:29.593636" elapsed="0.000173"/>
</kw>
<var name="${key}">location</var>
<status status="PASS" start="2024-03-23T04:17:29.592004" elapsed="0.002035"/>
</iter>
<iter>
<kw name="Dictionary Should Contain Key" owner="Collections">
<msg time="2024-03-23T04:17:29.594792" level="INFO">False</msg>
<arg>${json_data['results'][0]}</arg>
<arg>${key}</arg>
<doc>Fails if ``key`` is not found from ``dictionary``.</doc>
<status status="PASS" start="2024-03-23T04:17:29.594393" elapsed="0.000438"/>
</kw>
<kw name="Log" owner="BuiltIn">
<msg time="2024-03-23T04:17:29.595504" level="INFO">{'gender': 'male', 'name': {'title': 'Mr', 'first': 'Wyatt', 'last': 'Day'}, 'location': {'street': {'number': 8292, 'name': 'Mcgowen St'}, 'city': 'Bozeman', 'state': 'Florida', 'country': 'United States', 'postcode': 31589, 'coordinates': {'latitude': '88.7086', 'longitude': '-81.2448'}, 'timezone': {'offset': '+4:30', 'description': 'Kabul'}}, 'email': 'wyatt.day@example.com', 'login': {'uuid': 'f3ad7123-ee78-455e-970a-b7ad1954b9bb', 'username': 'beautifulmouse750', 'password': 'italian', 'salt': '43DHwu5K', 'md5': 'a14af915d68eeb4fe28267d454083766', 'sha1': '5ce4ff1754cd49a5238f4c389c2349de67ea4da5', 'sha256': 'c28c47d160df382bca73474fe83793f2ba00b90715955244a67ce73dabd78cd4'}, 'dob': {'date': '1970-03-01T19:52:33.488Z', 'age': 54}, 'registered': {'date': '2015-07-20T12:55:49.241Z', 'age': 8}, 'phone': '(253) 475-7741', 'cell': '(428) 322-8982', 'id': {'name': 'SSN', 'value': '840-59-7992'}, 'picture': {'large': 'https://randomuser.me/api/portraits/men/82.jpg', 'medium': 'https://randomuser.me/api/portraits/med/men/82.jpg', 'thumbnail': 'https://randomuser.me/api/portraits/thumb/men/82.jpg'}, 'nat': 'US'}</msg>
<arg>${json_data['results'][0]}</arg>
<doc>Logs the given message with the given level.</doc>
<status status="PASS" start="2024-03-23T04:17:29.595139" elapsed="0.000413"/>
</kw>
<kw name="Log" owner="BuiltIn">
<msg time="2024-03-23T04:17:29.595983" level="INFO">email</msg>
<arg>${key}</arg>
<doc>Logs the given message with the given level.</doc>
<status status="PASS" start="2024-03-23T04:17:29.595855" elapsed="0.000168"/>
</kw>
<var name="${key}">email</var>
<status status="PASS" start="2024-03-23T04:17:29.594268" elapsed="0.001982"/>
</iter>
<iter>
<kw name="Dictionary Should Contain Key" owner="Collections">
<msg time="2024-03-23T04:17:29.596961" level="INFO">False</msg>
<arg>${json_data['results'][0]}</arg>
<arg>${key}</arg>
<doc>Fails if ``key`` is not found from ``dictionary``.</doc>
<status status="PASS" start="2024-03-23T04:17:29.596557" elapsed="0.000442"/>
</kw>
<kw name="Log" owner="BuiltIn">
<msg time="2024-03-23T04:17:29.597689" level="INFO">{'gender': 'male', 'name': {'title': 'Mr', 'first': 'Wyatt', 'last': 'Day'}, 'location': {'street': {'number': 8292, 'name': 'Mcgowen St'}, 'city': 'Bozeman', 'state': 'Florida', 'country': 'United States', 'postcode': 31589, 'coordinates': {'latitude': '88.7086', 'longitude': '-81.2448'}, 'timezone': {'offset': '+4:30', 'description': 'Kabul'}}, 'email': 'wyatt.day@example.com', 'login': {'uuid': 'f3ad7123-ee78-455e-970a-b7ad1954b9bb', 'username': 'beautifulmouse750', 'password': 'italian', 'salt': '43DHwu5K', 'md5': 'a14af915d68eeb4fe28267d454083766', 'sha1': '5ce4ff1754cd49a5238f4c389c2349de67ea4da5', 'sha256': 'c28c47d160df382bca73474fe83793f2ba00b90715955244a67ce73dabd78cd4'}, 'dob': {'date': '1970-03-01T19:52:33.488Z', 'age': 54}, 'registered': {'date': '2015-07-20T12:55:49.241Z', 'age': 8}, 'phone': '(253) 475-7741', 'cell': '(428) 322-8982', 'id': {'name': 'SSN', 'value': '840-59-7992'}, 'picture': {'large': 'https://randomuser.me/api/portraits/men/82.jpg', 'medium': 'https://randomuser.me/api/portraits/med/men/82.jpg', 'thumbnail': 'https://randomuser.me/api/portraits/thumb/men/82.jpg'}, 'nat': 'US'}</msg>
<arg>${json_data['results'][0]}</arg>
<doc>Logs the given message with the given level.</doc>
<status status="PASS" start="2024-03-23T04:17:29.597311" elapsed="0.000426"/>
</kw>
<kw name="Log" owner="BuiltIn">
<msg time="2024-03-23T04:17:29.598169" level="INFO">login</msg>
<arg>${key}</arg>
<doc>Logs the given message with the given level.</doc>
<status status="PASS" start="2024-03-23T04:17:29.598037" elapsed="0.000348"/>
</kw>
<var name="${key}">login</var>
<status status="PASS" start="2024-03-23T04:17:29.596433" elapsed="0.002194"/>
</iter>
<var>${key}</var>
<value>@{expected_keys}</value>
<status status="PASS" start="2024-03-23T04:17:29.586910" elapsed="0.011844"/>
</for>
<kw name="Create List" owner="BuiltIn">
<msg time="2024-03-23T04:17:29.599167" level="INFO">${expected_keysTwo} = ['username', 'password']</msg>
<var>${expected_keysTwo}</var>
<arg>username</arg>
<arg>password</arg>
<doc>Returns a list containing given items.</doc>
<status status="PASS" start="2024-03-23T04:17:29.599010" elapsed="0.000184"/>
</kw>
<for flavor="IN">
<iter>
<kw name="Dictionary Should Contain Key" owner="Collections">
<msg time="2024-03-23T04:17:29.600137" level="INFO">False</msg>
<arg>${json_data['results'][0]['login']}</arg>
<arg>${keyTwo}</arg>
<doc>Fails if ``key`` is not found from ``dictionary``.</doc>
<status status="PASS" start="2024-03-23T04:17:29.599736" elapsed="0.000440"/>
</kw>
<kw name="Dictionary Should Contain Key" owner="Collections">
<msg time="2024-03-23T04:17:29.600892" level="INFO">False</msg>
<arg>${json_data['results'][0]['login']}</arg>
<arg>${keyTwo}</arg>
<doc>Fails if ``key`` is not found from ``dictionary``.</doc>
<status status="PASS" start="2024-03-23T04:17:29.600496" elapsed="0.000433"/>
</kw>
<kw name="Log" owner="BuiltIn">
<msg time="2024-03-23T04:17:29.601357" level="INFO">username</msg>
<arg>${keyTwo}</arg>
<doc>Logs the given message with the given level.</doc>
<status status="PASS" start="2024-03-23T04:17:29.601224" elapsed="0.000171"/>
</kw>
<var name="${keyTwo}">username</var>
<status status="PASS" start="2024-03-23T04:17:29.599620" elapsed="0.001992"/>
</iter>
<iter>
<kw name="Dictionary Should Contain Key" owner="Collections">
<msg time="2024-03-23T04:17:29.602345" level="INFO">False</msg>
<arg>${json_data['results'][0]['login']}</arg>
<arg>${keyTwo}</arg>
<doc>Fails if ``key`` is not found from ``dictionary``.</doc>
<status status="PASS" start="2024-03-23T04:17:29.601901" elapsed="0.000484"/>
</kw>
<kw name="Dictionary Should Contain Key" owner="Collections">
<msg time="2024-03-23T04:17:29.603086" level="INFO">False</msg>
<arg>${json_data['results'][0]['login']}</arg>
<arg>${keyTwo}</arg>
<doc>Fails if ``key`` is not found from ``dictionary``.</doc>
<status status="PASS" start="2024-03-23T04:17:29.602689" elapsed="0.000434"/>
</kw>
<kw name="Log" owner="BuiltIn">
<msg time="2024-03-23T04:17:29.603556" level="INFO">password</msg>
<arg>${keyTwo}</arg>
<doc>Logs the given message with the given level.</doc>
<status status="PASS" start="2024-03-23T04:17:29.603426" elapsed="0.000169"/>
</kw>
<var name="${keyTwo}">password</var>
<status status="PASS" start="2024-03-23T04:17:29.601790" elapsed="0.002031"/>
</iter>
<var>${keyTwo}</var>
<value>@{expected_keysTwo}</value>
<status status="PASS" start="2024-03-23T04:17:29.599449" elapsed="0.004496"/>
</for>
<status status="PASS" start="2024-03-23T04:17:29.484741" elapsed="0.119356"/>
</kw>
<doc>Testa a estrutura da resposta da API.</doc>
<tag>testeEstruturaResposta</tag>
<status status="PASS" start="2024-03-23T04:17:29.483939" elapsed="0.120330"/>
</test>
<test id="s1-s1-t4" name="Validar tipos de dados" line="28">
<kw name="Teste de Tipos de Dados" owner="random-user-service">
<kw name="GET On Session" owner="RequestsLibrary">
<msg time="2024-03-23T04:17:29.672513" level="INFO">GET Request : url=https://randomuser.me/api 
 path_url=/api 
 headers={'User-Agent': 'python-requests/2.31.0', 'Accept-Encoding': 'gzip, deflate', 'Accept': '*/*', 'Connection': 'keep-alive'} 
 body=None 
 </msg>
<msg time="2024-03-23T04:17:29.672642" level="INFO">GET Response : url=https://randomuser.me/api 
 status=200, reason=OK 
 headers={'Date': 'Sat, 23 Mar 2024 04:17:29 GMT', 'Content-Type': 'application/json; charset=utf-8', 'Transfer-Encoding': 'chunked', 'Connection': 'keep-alive', 'X-Powered-By': 'Express', 'Access-Control-Allow-Origin': '*', 'Cache-Control': 'no-cache', 'ETag': 'W/"46e-0gyJqXiVXOCi9xYbZPCN0DkDc0g"', 'Vary': 'Accept-Encoding', 'Content-Encoding': 'gzip', 'CF-Cache-Status': 'DYNAMIC', 'Report-To': '{"endpoints":[{"url":"https:\\/\\/a.nel.cloudflare.com\\/report\\/v4?s=YC5OgCGTIe2NkjCAN7PpdH%2BBh0rbviXkKxiRx%2FJcbkz4Sg2WSpsJ5Uuk0GS9w40nXolxCLwlyHR0UPOxsarnr1ZH5kC8ssA9fR3WkUoxEIfh4HbiKpi9bS8MrUc8hNv9"}],"group":"cf-nel","max_age":604800}', 'NEL': '{"success_fraction":0,"report_to":"cf-nel","max_age":604800}', 'Server': 'cloudflare', 'CF-RAY': '868b9cb00ab513e9-ORD', 'alt-svc': 'h3=":443"; ma=86400'} 
 body={"results":[{"gender":"male","name":{"title":"Mr","first":"Matt","last":"Edwards"},"location":{"street":{"number":5330,"name":"Rookery Road"},"city":"Kilkenny","state":"Longford","country":"Ireland","postcode":26323,"coordinates":{"latitude":"0.0003","longitude":"-127.9280"},"timezone":{"offset":"-3:30","description":"Newfoundland"}},"email":"matt.edwards@example.com","login":{"uuid":"a358b792-35a7-41de-9e13-7a40a5d81984","username":"beautifulduck506","password":"tomas","salt":"mwPDe14L","md5":"72691d21b3b3461490207db97462b0fc","sha1":"b5815b5373d0754a4260acf24a9b4e09c1194655","sha256":"656459a8f5626b8185d807a1efb51a5180f386d82ac85fe9a33ec00e92a32b27"},"dob":{"date":"1983-01-03T11:52:21.013Z","age":41},"registered":{"date":"2008-03-11T01:37:11.079Z","age":16},"phone":"051-385-1652","cell":"081-699-2185","id":{"name":"PPS","value":"9706850T"},"picture":{"large":"https://randomuser.me/api/portraits/men/4.jpg","medium":"https://randomuser.me/api/portraits/med/men/4.jpg","thumbnail":"https://randomuser.me/api/portraits/thumb/men/4.jpg"},"nat":"IE"}],"info":{"seed":"9739c13e41963c78","results":1,"page":1,"version":"1.4"}} 
 </msg>
<msg time="2024-03-23T04:17:29.672723" level="INFO">/opt/hostedtoolcache/Python/3.12.2/x64/lib/python3.12/site-packages/urllib3/connectionpool.py:1103: InsecureRequestWarning: Unverified HTTPS request is being made to host 'randomuser.me'. Adding certificate verification is strongly advised. See: https://urllib3.readthedocs.io/en/latest/advanced-usage.html#tls-warnings
  warnings.warn(</msg>
<msg time="2024-03-23T04:17:29.672880" level="INFO">${response} = &lt;Response [200]&gt;</msg>
<var>${response}</var>
<arg>consultarAPI</arg>
<arg>/api</arg>
<doc>Sends a GET request on a previously created HTTP Session.</doc>
<status status="PASS" start="2024-03-23T04:17:29.606859" elapsed="0.066071"/>
</kw>
<kw name="Set Variable" owner="BuiltIn">
<msg time="2024-03-23T04:17:29.674110" level="INFO">${json_data} = {'results': [{'gender': 'male', 'name': {'title': 'Mr', 'first': 'Matt', 'last': 'Edwards'}, 'location': {'street': {'number': 5330, 'name': 'Rookery Road'}, 'city': 'Kilkenny', 'state': 'Longford', '...</msg>
<var>${json_data}</var>
<arg>${response.json()}</arg>
<doc>Returns the given values which can then be assigned to a variables.</doc>
<status status="PASS" start="2024-03-23T04:17:29.673503" elapsed="0.000639"/>
</kw>
<kw name="Log" owner="BuiltIn">
<msg time="2024-03-23T04:17:29.674821" level="INFO">{'results': [{'gender': 'male', 'name': {'title': 'Mr', 'first': 'Matt', 'last': 'Edwards'}, 'location': {'street': {'number': 5330, 'name': 'Rookery Road'}, 'city': 'Kilkenny', 'state': 'Longford', 'country': 'Ireland', 'postcode': 26323, 'coordinates': {'latitude': '0.0003', 'longitude': '-127.9280'}, 'timezone': {'offset': '-3:30', 'description': 'Newfoundland'}}, 'email': 'matt.edwards@example.com', 'login': {'uuid': 'a358b792-35a7-41de-9e13-7a40a5d81984', 'username': 'beautifulduck506', 'password': 'tomas', 'salt': 'mwPDe14L', 'md5': '72691d21b3b3461490207db97462b0fc', 'sha1': 'b5815b5373d0754a4260acf24a9b4e09c1194655', 'sha256': '656459a8f5626b8185d807a1efb51a5180f386d82ac85fe9a33ec00e92a32b27'}, 'dob': {'date': '1983-01-03T11:52:21.013Z', 'age': 41}, 'registered': {'date': '2008-03-11T01:37:11.079Z', 'age': 16}, 'phone': '051-385-1652', 'cell': '081-699-2185', 'id': {'name': 'PPS', 'value': '9706850T'}, 'picture': {'large': 'https://randomuser.me/api/portraits/men/4.jpg', 'medium': 'https://randomuser.me/api/portraits/med/men/4.jpg', 'thumbnail': 'https://randomuser.me/api/portraits/thumb/men/4.jpg'}, 'nat': 'IE'}], 'info': {'seed': '9739c13e41963c78', 'results': 1, 'page': 1, 'version': '1.4'}}</msg>
<arg>${json_data}</arg>
<doc>Logs the given message with the given level.</doc>
<status status="PASS" start="2024-03-23T04:17:29.674637" elapsed="0.000236"/>
</kw>
<kw name="Should Be String" owner="String">
<arg>${json_data['results'][0]['gender']}</arg>
<doc>Fails if the given ``item`` is not a string.</doc>
<status status="PASS" start="2024-03-23T04:17:29.675231" elapsed="0.000401"/>
</kw>
<kw name="Should Match Regexp" owner="BuiltIn">
<arg>${json_data['results'][0]['email']}</arg>
<arg>^[a-zA-Z0-9._%+-]+@[a-zA-Z0-9.-]+\.[a-zA-Z]{2,}$</arg>
<doc>Fails if ``string`` does not match ``pattern`` as a regular expression.</doc>
<status status="PASS" start="2024-03-23T04:17:29.675838" elapsed="0.000554"/>
</kw>
<kw name="Should Match Regexp" owner="BuiltIn">
<arg>${json_data['results'][0]['dob']['date']}</arg>
<arg>\\d{4}-\\d{2}-\\d{2}T\\d{2}:\\d{2}:\\d{2}\\.\\d{3}Z</arg>
<doc>Fails if ``string`` does not match ``pattern`` as a regular expression.</doc>
<status status="PASS" start="2024-03-23T04:17:29.676600" elapsed="0.000508"/>
</kw>
<kw name="Should Match Regexp" owner="BuiltIn">
<arg>${json_data['results'][0]['registered']['date']}</arg>
<arg>\\d{4}-\\d{2}-\\d{2}T\\d{2}:\\d{2}:\\d{2}\\.\\d{3}Z</arg>
<doc>Fails if ``string`` does not match ``pattern`` as a regular expression.</doc>
<status status="PASS" start="2024-03-23T04:17:29.677308" elapsed="0.000372"/>
</kw>
<kw name="Should Match Regexp" owner="BuiltIn">
<arg>${json_data['results'][0]['picture']['large']}</arg>
<arg>^https?://.*\.(?:png|jpe?g|gif|bmp)$</arg>
<doc>Fails if ``string`` does not match ``pattern`` as a regular expression.</doc>
<status status="PASS" start="2024-03-23T04:17:29.677871" elapsed="0.000499"/>
</kw>
<kw name="Should Match Regexp" owner="BuiltIn">
<arg>${json_data['results'][0]['picture']['medium']}</arg>
<arg>^https?://.*\.(?:png|jpe?g|gif|bmp)$</arg>
<doc>Fails if ``string`` does not match ``pattern`` as a regular expression.</doc>
<status status="PASS" start="2024-03-23T04:17:29.678563" elapsed="0.000371"/>
</kw>
<kw name="Should Match Regexp" owner="BuiltIn">
<arg>${json_data['results'][0]['picture']['thumbnail']}</arg>
<arg>^https?://.*\.(?:png|jpe?g|gif|bmp)$</arg>
<doc>Fails if ``string`` does not match ``pattern`` as a regular expression.</doc>
<status status="PASS" start="2024-03-23T04:17:29.679119" elapsed="0.000355"/>
</kw>
<kw name="Log" owner="BuiltIn">
<msg time="2024-03-23T04:17:29.679985" level="INFO">{'large': 'https://randomuser.me/api/portraits/men/4.jpg', 'medium': 'https://randomuser.me/api/portraits/med/men/4.jpg', 'thumbnail': 'https://randomuser.me/api/portraits/thumb/men/4.jpg'}</msg>
<arg>${json_data['results'][0]['picture']}</arg>
<doc>Logs the given message with the given level.</doc>
<status status="PASS" start="2024-03-23T04:17:29.679656" elapsed="0.000377"/>
</kw>
<status status="PASS" start="2024-03-23T04:17:29.606605" elapsed="0.073697"/>
</kw>
<kw name="Teste de Tipos de Dados - Postcode" owner="random-user-service">
<kw name="GET On Session" owner="RequestsLibrary">
<msg time="2024-03-23T04:17:29.771052" level="INFO">GET Request : url=https://randomuser.me/api 
 path_url=/api 
 headers={'User-Agent': 'python-requests/2.31.0', 'Accept-Encoding': 'gzip, deflate', 'Accept': '*/*', 'Connection': 'keep-alive'} 
 body=None 
 </msg>
<msg time="2024-03-23T04:17:29.771147" level="INFO">GET Response : url=https://randomuser.me/api 
 status=200, reason=OK 
 headers={'Date': 'Sat, 23 Mar 2024 04:17:29 GMT', 'Content-Type': 'application/json; charset=utf-8', 'Transfer-Encoding': 'chunked', 'Connection': 'keep-alive', 'X-Powered-By': 'Express', 'Access-Control-Allow-Origin': '*', 'Cache-Control': 'no-cache', 'ETag': 'W/"47f-aeVYUjWuCt0Vk2z5itdbEtKYgHY"', 'Vary': 'Accept-Encoding', 'Content-Encoding': 'gzip', 'CF-Cache-Status': 'DYNAMIC', 'Report-To': '{"endpoints":[{"url":"https:\\/\\/a.nel.cloudflare.com\\/report\\/v4?s=9grRUc3EO%2FKOunVopii1EqVwzpcrNIir7PcomdgUJ3Mx2cwCpxt4FSvsbMnENCldtUuWkjYAvPHU6SrAQKhQJJ%2BwqfURKWxA%2BECE1GbAeCSbuRafPYYZUyLY1N26mYBl"}],"group":"cf-nel","max_age":604800}', 'NEL': '{"success_fraction":0,"report_to":"cf-nel","max_age":604800}', 'Server': 'cloudflare', 'CF-RAY': '868b9cb08b2a13e9-ORD', 'alt-svc': 'h3=":443"; ma=86400'} 
 body={"results":[{"gender":"female","name":{"title":"Miss","first":"Catherine","last":"Howell"},"location":{"street":{"number":1059,"name":"Killarney Road"},"city":"Portlaoise","state":"Donegal","country":"Ireland","postcode":13081,"coordinates":{"latitude":"-3.9601","longitude":"133.0876"},"timezone":{"offset":"-9:00","description":"Alaska"}},"email":"catherine.howell@example.com","login":{"uuid":"360115c2-0777-469d-b6a2-e800b793df6a","username":"blacktiger554","password":"neutron","salt":"CBByJ1mA","md5":"d923b68e671c82e72e82efd3b1977575","sha1":"58593b36fa6e778e2c823bb4eb42e84364ae9c2f","sha256":"d353a77b8f0ef4691db9393d365f89690c778715ede04f7c9dffda68e3e59167"},"dob":{"date":"1946-08-12T03:35:22.645Z","age":77},"registered":{"date":"2002-05-22T13:54:01.172Z","age":21},"phone":"041-528-9469","cell":"081-197-3028","id":{"name":"PPS","value":"8810494T"},"picture":{"large":"https://randomuser.me/api/portraits/women/70.jpg","medium":"https://randomuser.me/api/portraits/med/women/70.jpg","thumbnail":"https://randomuser.me/api/portraits/thumb/women/70.jpg"},"nat":"IE"}],"info":{"seed":"a02c05ce13a9656a","results":1,"page":1,"version":"1.4"}} 
 </msg>
<msg time="2024-03-23T04:17:29.771234" level="INFO">/opt/hostedtoolcache/Python/3.12.2/x64/lib/python3.12/site-packages/urllib3/connectionpool.py:1103: InsecureRequestWarning: Unverified HTTPS request is being made to host 'randomuser.me'. Adding certificate verification is strongly advised. See: https://urllib3.readthedocs.io/en/latest/advanced-usage.html#tls-warnings
  warnings.warn(</msg>
<msg time="2024-03-23T04:17:29.771375" level="INFO">${response} = &lt;Response [200]&gt;</msg>
<var>${response}</var>
<arg>consultarAPI</arg>
<arg>/api</arg>
<doc>Sends a GET request on a previously created HTTP Session.</doc>
<status status="PASS" start="2024-03-23T04:17:29.680941" elapsed="0.090479"/>
</kw>
<kw name="Set Variable" owner="BuiltIn">
<msg time="2024-03-23T04:17:29.772479" level="INFO">${json_data} = {'results': [{'gender': 'female', 'name': {'title': 'Miss', 'first': 'Catherine', 'last': 'Howell'}, 'location': {'street': {'number': 1059, 'name': 'Killarney Road'}, 'city': 'Portlaoise', 'state': '...</msg>
<var>${json_data}</var>
<arg>${response.json()}</arg>
<doc>Returns the given values which can then be assigned to a variables.</doc>
<status status="PASS" start="2024-03-23T04:17:29.771939" elapsed="0.000569"/>
</kw>
<kw name="Log" owner="BuiltIn">
<msg time="2024-03-23T04:17:29.773014" level="INFO">{'results': [{'gender': 'female', 'name': {'title': 'Miss', 'first': 'Catherine', 'last': 'Howell'}, 'location': {'street': {'number': 1059, 'name': 'Killarney Road'}, 'city': 'Portlaoise', 'state': 'Donegal', 'country': 'Ireland', 'postcode': 13081, 'coordinates': {'latitude': '-3.9601', 'longitude': '133.0876'}, 'timezone': {'offset': '-9:00', 'description': 'Alaska'}}, 'email': 'catherine.howell@example.com', 'login': {'uuid': '360115c2-0777-469d-b6a2-e800b793df6a', 'username': 'blacktiger554', 'password': 'neutron', 'salt': 'CBByJ1mA', 'md5': 'd923b68e671c82e72e82efd3b1977575', 'sha1': '58593b36fa6e778e2c823bb4eb42e84364ae9c2f', 'sha256': 'd353a77b8f0ef4691db9393d365f89690c778715ede04f7c9dffda68e3e59167'}, 'dob': {'date': '1946-08-12T03:35:22.645Z', 'age': 77}, 'registered': {'date': '2002-05-22T13:54:01.172Z', 'age': 21}, 'phone': '041-528-9469', 'cell': '081-197-3028', 'id': {'name': 'PPS', 'value': '8810494T'}, 'picture': {'large': 'https://randomuser.me/api/portraits/women/70.jpg', 'medium': 'https://randomuser.me/api/portraits/med/women/70.jpg', 'thumbnail': 'https://randomuser.me/api/portraits/thumb/women/70.jpg'}, 'nat': 'IE'}], 'info': {'seed': 'a02c05ce13a9656a', 'results': 1, 'page': 1, 'version': '1.4'}}</msg>
<arg>${json_data}</arg>
<doc>Logs the given message with the given level.</doc>
<status status="PASS" start="2024-03-23T04:17:29.772852" elapsed="0.000210"/>
</kw>
<kw name="Should Be Equal As Numbers" owner="BuiltIn">
<arg>${json_data['results'][0]['location']['postcode']}</arg>
<arg>${json_data['results'][0]['location']['postcode']}</arg>
<doc>Fails if objects are unequal after converting them to real numbers.</doc>
<status status="PASS" start="2024-03-23T04:17:29.773374" elapsed="0.000649"/>
</kw>
<kw name="Log" owner="BuiltIn">
<msg time="2024-03-23T04:17:29.774658" level="INFO">13081</msg>
<arg>${json_data['results'][0]['location']['postcode']}</arg>
<doc>Logs the given message with the given level.</doc>
<status status="PASS" start="2024-03-23T04:17:29.774308" elapsed="0.000391"/>
</kw>
<status status="PASS" start="2024-03-23T04:17:29.680539" elapsed="0.094423"/>
</kw>
<doc>Testa se os tipos de dados na resposta da API estão corretos.</doc>
<tag>testeTiposDados</tag>
<status status="PASS" start="2024-03-23T04:17:29.606037" elapsed="0.169102"/>
</test>
<test id="s1-s1-t5" name="Validar conteudo" line="35">
<kw name="Teste de Tipos de Conteudo" owner="random-user-service">
<kw name="GET On Session" owner="RequestsLibrary">
<msg time="2024-03-23T04:17:29.871886" level="INFO">GET Request : url=https://randomuser.me/api 
 path_url=/api 
 headers={'User-Agent': 'python-requests/2.31.0', 'Accept-Encoding': 'gzip, deflate', 'Accept': '*/*', 'Connection': 'keep-alive'} 
 body=None 
 </msg>
<msg time="2024-03-23T04:17:29.871992" level="INFO">GET Response : url=https://randomuser.me/api 
 status=200, reason=OK 
 headers={'Date': 'Sat, 23 Mar 2024 04:17:29 GMT', 'Content-Type': 'application/json; charset=utf-8', 'Transfer-Encoding': 'chunked', 'Connection': 'keep-alive', 'X-Powered-By': 'Express', 'Access-Control-Allow-Origin': '*', 'Cache-Control': 'no-cache', 'ETag': 'W/"488-ueWYNS3ySbYMpSehcr3tBCmL1xo"', 'Vary': 'Accept-Encoding', 'Content-Encoding': 'gzip', 'CF-Cache-Status': 'DYNAMIC', 'Report-To': '{"endpoints":[{"url":"https:\\/\\/a.nel.cloudflare.com\\/report\\/v4?s=teeQrOeu1vJlHBFhtlVDOSX1PIGLSH3xuwUFjk5uJBwA2bLnSt%2BFQvqWYNTwJ3wdwDkPTpQMyBlE0RTVTWT0q6NZ1CBg%2BfU8miWMEigB36oh5evBh8f5QrCGh3TvKCgz"}],"group":"cf-nel","max_age":604800}', 'NEL': '{"success_fraction":0,"report_to":"cf-nel","max_age":604800}', 'Server': 'cloudflare', 'CF-RAY': '868b9cb11bd913e9-ORD', 'alt-svc': 'h3=":443"; ma=86400'} 
 body={"results":[{"gender":"female","name":{"title":"Mrs","first":"Deniz","last":"Sinanoğlu"},"location":{"street":{"number":1585,"name":"Maçka Cd"},"city":"Gümüşhane","state":"Eskişehir","country":"Turkey","postcode":93221,"coordinates":{"latitude":"64.9481","longitude":"31.1133"},"timezone":{"offset":"+2:00","description":"Kaliningrad, South Africa"}},"email":"deniz.sinanoglu@example.com","login":{"uuid":"3b782b55-e078-4818-9ff7-b4e9e2ec8e42","username":"lazypanda332","password":"wildcats","salt":"dEGFeGK8","md5":"e9907f58d66743d15494130e041f6f42","sha1":"1fa311af6dc4476123c37c5e6c1f6f4050892a44","sha256":"1709c08d666b426f29bad77b2187c9942f481bffab7d851fd899f6f9988f517a"},"dob":{"date":"1996-08-03T21:33:56.250Z","age":27},"registered":{"date":"2014-04-04T16:16:02.769Z","age":9},"phone":"(198)-592-1203","cell":"(580)-908-0623","id":{"name":"","value":null},"picture":{"large":"https://randomuser.me/api/portraits/women/85.jpg","medium":"https://randomuser.me/api/portraits/med/women/85.jpg","thumbnail":"https://randomuser.me/api/portraits/thumb/women/85.jpg"},"nat":"TR"}],"info":{"seed":"0ac85170971c2a30","results":1,"page":1,"version":"1.4"}} 
 </msg>
<msg time="2024-03-23T04:17:29.872063" level="INFO">/opt/hostedtoolcache/Python/3.12.2/x64/lib/python3.12/site-packages/urllib3/connectionpool.py:1103: InsecureRequestWarning: Unverified HTTPS request is being made to host 'randomuser.me'. Adding certificate verification is strongly advised. See: https://urllib3.readthedocs.io/en/latest/advanced-usage.html#tls-warnings
  warnings.warn(</msg>
<msg time="2024-03-23T04:17:29.872201" level="INFO">${response} = &lt;Response [200]&gt;</msg>
<var>${response}</var>
<arg>consultarAPI</arg>
<arg>/api</arg>
<doc>Sends a GET request on a previously created HTTP Session.</doc>
<status status="PASS" start="2024-03-23T04:17:29.777643" elapsed="0.094598"/>
</kw>
<kw name="Set Variable" owner="BuiltIn">
<msg time="2024-03-23T04:17:29.873311" level="INFO">${json_data} = {'results': [{'gender': 'female', 'name': {'title': 'Mrs', 'first': 'Deniz', 'last': 'Sinanoğlu'}, 'location': {'street': {'number': 1585, 'name': 'Maçka Cd'}, 'city': 'Gümüşhane', 'state': 'Eskişehir...</msg>
<var>${json_data}</var>
<arg>${response.json()}</arg>
<doc>Returns the given values which can then be assigned to a variables.</doc>
<status status="PASS" start="2024-03-23T04:17:29.872790" elapsed="0.000552"/>
</kw>
<kw name="Set Variable" owner="BuiltIn">
<msg time="2024-03-23T04:17:29.874034" level="INFO">${name_title} = Mrs</msg>
<var>${name_title}</var>
<arg>${json_data["results"][0]["name"]["title"]}</arg>
<doc>Returns the given values which can then be assigned to a variables.</doc>
<status status="PASS" start="2024-03-23T04:17:29.873650" elapsed="0.000410"/>
</kw>
<kw name="Create List" owner="BuiltIn">
<msg time="2024-03-23T04:17:29.874560" level="INFO">${allowed_titles} = ['Mr', 'Ms', 'Miss', 'Mrs', 'Madame', 'Monsieur']</msg>
<var>${allowed_titles}</var>
<arg>Mr</arg>
<arg>Ms</arg>
<arg>Miss</arg>
<arg>Mrs</arg>
<arg>Madame</arg>
<arg>Monsieur</arg>
<doc>Returns a list containing given items.</doc>
<status status="PASS" start="2024-03-23T04:17:29.874408" elapsed="0.000176"/>
</kw>
<kw name="List Should Contain Value" owner="Collections">
<msg time="2024-03-23T04:17:29.875070" level="INFO">False</msg>
<arg>${allowed_titles}</arg>
<arg>${name_title}</arg>
<doc>Fails if the ``value`` is not found from ``list``.</doc>
<status status="PASS" start="2024-03-23T04:17:29.874895" elapsed="0.000212"/>
</kw>
<kw name="Set Variable" owner="BuiltIn">
<msg time="2024-03-23T04:17:29.875796" level="INFO">${name_country} = TR</msg>
<var>${name_country}</var>
<arg>${json_data["results"][0]["nat"]}</arg>
<doc>Returns the given values which can then be assigned to a variables.</doc>
<status status="PASS" start="2024-03-23T04:17:29.875399" elapsed="0.000422"/>
</kw>
<kw name="Create List" owner="BuiltIn">
<msg time="2024-03-23T04:17:29.876731" level="INFO">${list_country} = ['AD', 'AE', 'AF', 'AG', 'AI', 'AL', 'AM', 'AO', 'AQ', 'AR', 'AS', 'AT', 'AU', 'AW', 'AX', 'AZ', 'BA', 'BB', 'BD', 'BE', 'BF', 'BG', 'BH', 'BI', 'BJ', 'BL', 'BM', 'BN', 'BO', 'BQ', 'BR', 'BS', 'BT', '...</msg>
<var>${list_country}</var>
<arg>AD</arg>
<arg>AE</arg>
<arg>AF</arg>
<arg>AG</arg>
<arg>AI</arg>
<arg>AL</arg>
<arg>AM</arg>
<arg>AO</arg>
<arg>AQ</arg>
<arg>AR</arg>
<arg>AS</arg>
<arg>AT</arg>
<arg>AU</arg>
<arg>AW</arg>
<arg>AX</arg>
<arg>AZ</arg>
<arg>BA</arg>
<arg>BB</arg>
<arg>BD</arg>
<arg>BE</arg>
<arg>BF</arg>
<arg>BG</arg>
<arg>BH</arg>
<arg>BI</arg>
<arg>BJ</arg>
<arg>BL</arg>
<arg>BM</arg>
<arg>BN</arg>
<arg>BO</arg>
<arg>BQ</arg>
<arg>BR</arg>
<arg>BS</arg>
<arg>BT</arg>
<arg>BV</arg>
<arg>BW</arg>
<arg>BY</arg>
<arg>BZ</arg>
<arg>CA</arg>
<arg>CC</arg>
<arg>CD</arg>
<arg>CF</arg>
<arg>CG</arg>
<arg>CH</arg>
<arg>CI</arg>
<arg>CK</arg>
<arg>CL</arg>
<arg>CM</arg>
<arg>CN</arg>
<arg>CO</arg>
<arg>CR</arg>
<arg>CU</arg>
<arg>CV</arg>
<arg>CW</arg>
<arg>CX</arg>
<arg>CY</arg>
<arg>CZ</arg>
<arg>DE</arg>
<arg>DJ</arg>
<arg>DK</arg>
<arg>DM</arg>
<arg>DO</arg>
<arg>DZ</arg>
<arg>EC</arg>
<arg>EE</arg>
<arg>EG</arg>
<arg>EH</arg>
<arg>ER</arg>
<arg>ES</arg>
<arg>ET</arg>
<arg>FI</arg>
<arg>FJ</arg>
<arg>FK</arg>
<arg>FM</arg>
<arg>FO</arg>
<arg>FR</arg>
<arg>GA</arg>
<arg>GB</arg>
<arg>GD</arg>
<arg>GE</arg>
<arg>GF</arg>
<arg>GG</arg>
<arg>GH</arg>
<arg>GI</arg>
<arg>GL</arg>
<arg>GM</arg>
<arg>GN</arg>
<arg>GP</arg>
<arg>GQ</arg>
<arg>GR</arg>
<arg>GS</arg>
<arg>GT</arg>
<arg>GU</arg>
<arg>GW</arg>
<arg>GY</arg>
<arg>HK</arg>
<arg>HM</arg>
<arg>HN</arg>
<arg>HR</arg>
<arg>HT</arg>
<arg>HU</arg>
<arg>ID</arg>
<arg>IE</arg>
<arg>IL</arg>
<arg>IM</arg>
<arg>IN</arg>
<arg>IO</arg>
<arg>IQ</arg>
<arg>IR</arg>
<arg>IS</arg>
<arg>IT</arg>
<arg>JE</arg>
<arg>JM</arg>
<arg>JO</arg>
<arg>JP</arg>
<arg>KE</arg>
<arg>KG</arg>
<arg>KH</arg>
<arg>KI</arg>
<arg>KM</arg>
<arg>KN</arg>
<arg>KP</arg>
<arg>KR</arg>
<arg>KW</arg>
<arg>KY</arg>
<arg>KZ</arg>
<arg>LA</arg>
<arg>LB</arg>
<arg>LC</arg>
<arg>LI</arg>
<arg>LK</arg>
<arg>LR</arg>
<arg>LS</arg>
<arg>LT</arg>
<arg>LU</arg>
<arg>LV</arg>
<arg>LY</arg>
<arg>MA</arg>
<arg>MC</arg>
<arg>MD</arg>
<arg>ME</arg>
<arg>MF</arg>
<arg>MG</arg>
<arg>MH</arg>
<arg>MK</arg>
<arg>ML</arg>
<arg>MM</arg>
<arg>MN</arg>
<arg>MO</arg>
<arg>MP</arg>
<arg>MQ</arg>
<arg>MR</arg>
<arg>MS</arg>
<arg>MT</arg>
<arg>MU</arg>
<arg>MV</arg>
<arg>MW</arg>
<arg>MX</arg>
<arg>MY</arg>
<arg>MZ</arg>
<arg>NA</arg>
<arg>NC</arg>
<arg>NE</arg>
<arg>NF</arg>
<arg>NG</arg>
<arg>NI</arg>
<arg>NL</arg>
<arg>NO</arg>
<arg>NP</arg>
<arg>NR</arg>
<arg>NU</arg>
<arg>NZ</arg>
<arg>OM</arg>
<arg>PA</arg>
<arg>PE</arg>
<arg>PF</arg>
<arg>PG</arg>
<arg>PH</arg>
<arg>PK</arg>
<arg>PL</arg>
<arg>PM</arg>
<arg>PN</arg>
<arg>PR</arg>
<arg>PS</arg>
<arg>PT</arg>
<arg>PW</arg>
<arg>PY</arg>
<arg>QA</arg>
<arg>RE</arg>
<arg>RO</arg>
<arg>RS</arg>
<arg>RU</arg>
<arg>RW</arg>
<arg>SA</arg>
<arg>SB</arg>
<arg>SC</arg>
<arg>SD</arg>
<arg>SE</arg>
<arg>SG</arg>
<arg>SH</arg>
<arg>SI</arg>
<arg>SJ</arg>
<arg>SK</arg>
<arg>SL</arg>
<arg>SM</arg>
<arg>SN</arg>
<arg>SO</arg>
<arg>SR</arg>
<arg>SS</arg>
<arg>ST</arg>
<arg>SV</arg>
<arg>SX</arg>
<arg>SY</arg>
<arg>SZ</arg>
<arg>TC</arg>
<arg>TD</arg>
<arg>TF</arg>
<arg>TG</arg>
<arg>TH</arg>
<arg>TJ</arg>
<arg>TK</arg>
<arg>TL</arg>
<arg>TM</arg>
<arg>TN</arg>
<arg>TO</arg>
<arg>TR</arg>
<arg>TT</arg>
<arg>TV</arg>
<arg>TW</arg>
<arg>TZ</arg>
<arg>UA</arg>
<arg>UG</arg>
<arg>UM</arg>
<arg>US</arg>
<arg>UY</arg>
<arg>UZ</arg>
<arg>VA</arg>
<arg>VC</arg>
<arg>VE</arg>
<arg>VG</arg>
<arg>VI</arg>
<arg>VN</arg>
<arg>VU</arg>
<arg>WF</arg>
<arg>WS</arg>
<arg>XK</arg>
<arg>YE</arg>
<arg>YT</arg>
<arg>ZA</arg>
<arg>ZM</arg>
<arg>ZW</arg>
<doc>Returns a list containing given items.</doc>
<status status="PASS" start="2024-03-23T04:17:29.876130" elapsed="0.000626"/>
</kw>
<kw name="List Should Contain Value" owner="Collections">
<msg time="2024-03-23T04:17:29.877889" level="INFO">False</msg>
<arg>${list_country}</arg>
<arg>${name_country}</arg>
<doc>Fails if the ``value`` is not found from ``list``.</doc>
<status status="PASS" start="2024-03-23T04:17:29.877676" elapsed="0.000251"/>
</kw>
<kw name="Run Keyword If" owner="BuiltIn">
<kw name="Should Be True" owner="BuiltIn">
<arg>${True}</arg>
<doc>Fails if the given condition is not true.</doc>
<status status="PASS" start="2024-03-23T04:17:29.879011" elapsed="0.000148"/>
</kw>
<arg>${json_data["results"][0]["location"]["coordinates"]["latitude"]} &gt;= -90 and ${json_data["results"][0]["location"]["coordinates"]["latitude"]} &lt;= 90</arg>
<arg>Should Be True</arg>
<arg>${True}</arg>
<doc>Runs the given keyword with the given arguments, if ``condition`` is true.</doc>
<status status="PASS" start="2024-03-23T04:17:29.878260" elapsed="0.001029"/>
</kw>
<kw name="Run Keyword If" owner="BuiltIn">
<kw name="Should Be True" owner="BuiltIn">
<arg>${True}</arg>
<doc>Fails if the given condition is not true.</doc>
<status status="PASS" start="2024-03-23T04:17:29.880171" elapsed="0.000140"/>
</kw>
<arg>${json_data["results"][0]["location"]["coordinates"]["longitude"]} &gt;= -180 and ${json_data["results"][0]["location"]["coordinates"]["longitude"]} &lt;= 180</arg>
<arg>Should Be True</arg>
<arg>${True}</arg>
<doc>Runs the given keyword with the given arguments, if ``condition`` is true.</doc>
<status status="PASS" start="2024-03-23T04:17:29.879473" elapsed="0.000964"/>
</kw>
<status status="PASS" start="2024-03-23T04:17:29.777402" elapsed="0.103168"/>
</kw>
<doc>Testa o conteúdo específico dos campos retornados pela API.</doc>
<tag>testeConteudo</tag>
<status status="PASS" start="2024-03-23T04:17:29.776908" elapsed="0.103818"/>
</test>
<status status="PASS" start="2024-03-23T04:17:29.051322" elapsed="0.831364"/>
</suite>
<status status="PASS" start="2024-03-23T04:17:29.037554" elapsed="0.850436"/>
</suite>
<statistics>
<total>
<stat pass="5" fail="0" skip="0">All Tests</stat>
</total>
<tag>
<stat pass="1" fail="0" skip="0">testeConteudo</stat>
<stat pass="1" fail="0" skip="0">testeEstruturaResposta</stat>
<stat pass="1" fail="0" skip="0">testeRequisicaoBasica</stat>
<stat pass="1" fail="0" skip="0">testeTiposDados</stat>
</tag>
<suite>
<stat pass="5" fail="0" skip="0" id="s1" name="Tests">Tests</stat>
<stat pass="5" fail="0" skip="0" id="s1-s1" name="Random-User-Test">Tests.Random-User-Test</stat>
</suite>
</statistics>
<errors>
</errors>
</robot>
