<?xml version="1.0" encoding="UTF-8"?>
<robot generator="Robot 7.0 (Python 3.12.3 on linux)" generated="2024-05-14T11:11:59.937141" rpa="false" schemaversion="5">
<suite id="s1" name="Tests" source="/home/runner/work/DesafioQAItauRogerioJordao/DesafioQAItauRogerioJordao/RamdonUser/tests">
<suite id="s1-s1" name="Random-User-Test" source="/home/runner/work/DesafioQAItauRogerioJordao/DesafioQAItauRogerioJordao/RamdonUser/tests/random-user-test.robot">
<test id="s1-s1-t1" name="Conectar" line="13">
<kw name="Conectar API" owner="random-user-service">
<kw name="Create Session" owner="RequestsLibrary">
<msg time="2024-05-14T11:12:00.289234" level="INFO">Creating Session using : alias=consultarAPI, url=https://randomuser.me/, headers={},                     cookies={}, auth=None, timeout=None, proxies=None, verify=False,                     debug=0 </msg>
<arg>consultarAPI</arg>
<arg>${URL}</arg>
<doc>Create Session: create a HTTP session to a server</doc>
<status status="PASS" start="2024-05-14T11:12:00.289044" elapsed="0.000361"/>
</kw>
<status status="PASS" start="2024-05-14T11:12:00.288139" elapsed="0.001604"/>
</kw>
<status status="PASS" start="2024-05-14T11:12:00.287576" elapsed="0.002358"/>
</test>
<test id="s1-s1-t2" name="Validar retorno 200 e JSON Válido" line="16">
<kw name="Teste de Requisicao Basica" owner="random-user-service">
<kw name="GET On Session" owner="RequestsLibrary">
<msg time="2024-05-14T11:12:00.369598" level="INFO">GET Request : url=https://randomuser.me/api 
 path_url=/api 
 headers={'User-Agent': 'python-requests/2.31.0', 'Accept-Encoding': 'gzip, deflate', 'Accept': '*/*', 'Connection': 'keep-alive'} 
 body=None 
 </msg>
<msg time="2024-05-14T11:12:00.369729" level="INFO">GET Response : url=https://randomuser.me/api 
 status=200, reason=OK 
 headers={'Date': 'Tue, 14 May 2024 11:12:00 GMT', 'Content-Type': 'application/json; charset=utf-8', 'Transfer-Encoding': 'chunked', 'Connection': 'keep-alive', 'X-Powered-By': 'Express', 'Access-Control-Allow-Origin': '*', 'Cache-Control': 'no-cache', 'ETag': 'W/"473-fz3iOk/MCjrV7qxGVeSjxMfj89Q"', 'Vary': 'Accept-Encoding', 'Content-Encoding': 'gzip', 'CF-Cache-Status': 'DYNAMIC', 'Report-To': '{"endpoints":[{"url":"https:\\/\\/a.nel.cloudflare.com\\/report\\/v4?s=tTd7auHRhKhlaiVhysvSDOw2RkGSDikIz4yP7nrqaIdXIdYa1URlG8B1Fd95Qpp5FA8JTK2WRdjfbGmRnaRkG6Ks8ZHdzcWzn2%2BvUpcS4s5bwNV495TTEbZ8kJgQ5%2FeA"}],"group":"cf-nel","max_age":604800}', 'NEL': '{"success_fraction":0,"report_to":"cf-nel","max_age":604800}', 'Server': 'cloudflare', 'CF-RAY': '883a73620c03293d-ORD', 'alt-svc': 'h3=":443"; ma=86400'} 
 body={"results":[{"gender":"male","name":{"title":"Mr","first":"Liam","last":"Walker"},"location":{"street":{"number":1914,"name":"Mokoia Road"},"city":"Rotorua","state":"Manawatu-Wanganui","country":"New Zealand","postcode":95368,"coordinates":{"latitude":"53.2282","longitude":"-140.0586"},"timezone":{"offset":"+3:30","description":"Tehran"}},"email":"liam.walker@example.com","login":{"uuid":"ad938b5f-5652-4702-bfd4-fbe6148f5a03","username":"ticklishelephant969","password":"wxcvbn","salt":"vBvhDakS","md5":"9a6a64f4cfbba53e390efb66923b4d25","sha1":"06667a3b4223e6bd25599274c2fcaf30e4f29541","sha256":"ed7f5d707e874249111b15fb1d9efce5664ce3066082b3a1edae73dffe75a735"},"dob":{"date":"1984-06-03T11:35:41.569Z","age":39},"registered":{"date":"2020-07-21T11:16:07.283Z","age":3},"phone":"(025)-936-0193","cell":"(191)-104-6244","id":{"name":"","value":null},"picture":{"large":"https://randomuser.me/api/portraits/men/39.jpg","medium":"https://randomuser.me/api/portraits/med/men/39.jpg","thumbnail":"https://randomuser.me/api/portraits/thumb/men/39.jpg"},"nat":"NZ"}],"info":{"seed":"b8031915e9f3465a","results":1,"page":1,"version":"1.4"}} 
 </msg>
<msg time="2024-05-14T11:12:00.369794" level="INFO">/opt/hostedtoolcache/Python/3.12.3/x64/lib/python3.12/site-packages/urllib3/connectionpool.py:1103: InsecureRequestWarning: Unverified HTTPS request is being made to host 'randomuser.me'. Adding certificate verification is strongly advised. See: https://urllib3.readthedocs.io/en/latest/advanced-usage.html#tls-warnings
  warnings.warn(</msg>
<msg time="2024-05-14T11:12:00.369921" level="INFO">${response} = &lt;Response [200]&gt;</msg>
<var>${response}</var>
<arg>consultarAPI</arg>
<arg>/api</arg>
<doc>Sends a GET request on a previously created HTTP Session.</doc>
<status status="PASS" start="2024-05-14T11:12:00.292619" elapsed="0.077348"/>
</kw>
<kw name="Should Be Equal As Numbers" owner="BuiltIn">
<msg time="2024-05-14T11:12:00.370742" level="INFO">Argument types are:
&lt;class 'int'&gt;
&lt;class 'str'&gt;</msg>
<arg>${response.status_code}</arg>
<arg>200</arg>
<doc>Fails if objects are unequal after converting them to real numbers.</doc>
<status status="PASS" start="2024-05-14T11:12:00.370347" elapsed="0.000458"/>
</kw>
<kw name="Log" owner="BuiltIn">
<msg time="2024-05-14T11:12:00.371540" level="INFO">200</msg>
<arg>${response.status_code}</arg>
<doc>Logs the given message with the given level.</doc>
<status status="PASS" start="2024-05-14T11:12:00.371180" elapsed="0.000402"/>
</kw>
<kw name="Set Variable" owner="BuiltIn">
<msg time="2024-05-14T11:12:00.372323" level="INFO">${json_data} = {'results': [{'gender': 'male', 'name': {'title': 'Mr', 'first': 'Liam', 'last': 'Walker'}, 'location': {'street': {'number': 1914, 'name': 'Mokoia Road'}, 'city': 'Rotorua', 'state': 'Manawatu-Wangan...</msg>
<var>${json_data}</var>
<arg>${response.json()}</arg>
<doc>Returns the given values which can then be assigned to a variables.</doc>
<status status="PASS" start="2024-05-14T11:12:00.371891" elapsed="0.000461"/>
</kw>
<kw name="Dictionary Should Contain Key" owner="Collections">
<msg time="2024-05-14T11:12:00.372818" level="INFO">False</msg>
<arg>${json_data}</arg>
<arg>results</arg>
<doc>Fails if ``key`` is not found from ``dictionary``.</doc>
<status status="PASS" start="2024-05-14T11:12:00.372655" elapsed="0.000209"/>
</kw>
<status status="PASS" start="2024-05-14T11:12:00.292379" elapsed="0.080736"/>
</kw>
<doc>Testa se a API responde corretamente e retorna um objeto JSON válido.</doc>
<tag>testeRequisicaoBasica</tag>
<status status="PASS" start="2024-05-14T11:12:00.291873" elapsed="0.081406"/>
</test>
<test id="s1-s1-t3" name="Validar estrutura de resposta" line="22">
<kw name="Teste de Estrutura de Resposta" owner="random-user-service">
<kw name="GET On Session" owner="RequestsLibrary">
<msg time="2024-05-14T11:12:00.471307" level="INFO">GET Request : url=https://randomuser.me/api 
 path_url=/api 
 headers={'User-Agent': 'python-requests/2.31.0', 'Accept-Encoding': 'gzip, deflate', 'Accept': '*/*', 'Connection': 'keep-alive'} 
 body=None 
 </msg>
<msg time="2024-05-14T11:12:00.471396" level="INFO">GET Response : url=https://randomuser.me/api 
 status=200, reason=OK 
 headers={'Date': 'Tue, 14 May 2024 11:12:00 GMT', 'Content-Type': 'application/json; charset=utf-8', 'Transfer-Encoding': 'chunked', 'Connection': 'keep-alive', 'X-Powered-By': 'Express', 'Access-Control-Allow-Origin': '*', 'Cache-Control': 'no-cache', 'ETag': 'W/"4a7-9NzbZG3mNMIXd1sjQmp1xaUpR+k"', 'Vary': 'Accept-Encoding', 'Content-Encoding': 'gzip', 'CF-Cache-Status': 'DYNAMIC', 'Report-To': '{"endpoints":[{"url":"https:\\/\\/a.nel.cloudflare.com\\/report\\/v4?s=oDyj1insVUTKRHk3Ld1Lg2VMkxIlhM6yUHSualPO0v3TH5EjHUOThxHbmSoPN7MzDaWYXm1EqJn5ugAj%2BV1YbXlMDgjtNXUCwZpH3v1d5E03z3IMQXJmuLQCYhWbFhcr"}],"group":"cf-nel","max_age":604800}', 'NEL': '{"success_fraction":0,"report_to":"cf-nel","max_age":604800}', 'Server': 'cloudflare', 'CF-RAY': '883a73625c32293d-ORD', 'alt-svc': 'h3=":443"; ma=86400'} 
 body={"results":[{"gender":"female","name":{"title":"Miss","first":"Inès","last":"Rodriguez"},"location":{"street":{"number":3480,"name":"Avenue Vauban"},"city":"Poitiers","state":"Haute-Savoie","country":"France","postcode":52779,"coordinates":{"latitude":"-19.4477","longitude":"98.4614"},"timezone":{"offset":"+5:30","description":"Bombay, Calcutta, Madras, New Delhi"}},"email":"ines.rodriguez@example.com","login":{"uuid":"7e4b51b6-78be-415d-9cc7-6405aa94e51b","username":"heavygorilla376","password":"shua","salt":"HT6hvZZX","md5":"02550e7885575b66c75a066d146ba362","sha1":"ccff02c3eb21e007e63f8cfec1aa4927e9ecd52f","sha256":"577f0d7a6bfb14ef78d298957803be06cabb9517d0ab0f5b38a0ea7ff68d539a"},"dob":{"date":"1945-05-04T21:48:07.068Z","age":79},"registered":{"date":"2009-01-29T05:43:43.964Z","age":15},"phone":"04-53-93-16-83","cell":"06-77-95-15-23","id":{"name":"INSEE","value":"2450459407615 25"},"picture":{"large":"https://randomuser.me/api/portraits/women/63.jpg","medium":"https://randomuser.me/api/portraits/med/women/63.jpg","thumbnail":"https://randomuser.me/api/portraits/thumb/women/63.jpg"},"nat":"FR"}],"info":{"seed":"3ea2a9702a784a13","results":1,"page":1,"version":"1.4"}} 
 </msg>
<msg time="2024-05-14T11:12:00.471519" level="INFO">/opt/hostedtoolcache/Python/3.12.3/x64/lib/python3.12/site-packages/urllib3/connectionpool.py:1103: InsecureRequestWarning: Unverified HTTPS request is being made to host 'randomuser.me'. Adding certificate verification is strongly advised. See: https://urllib3.readthedocs.io/en/latest/advanced-usage.html#tls-warnings
  warnings.warn(</msg>
<msg time="2024-05-14T11:12:00.471669" level="INFO">${response} = &lt;Response [200]&gt;</msg>
<var>${response}</var>
<arg>consultarAPI</arg>
<arg>/api</arg>
<doc>Sends a GET request on a previously created HTTP Session.</doc>
<status status="PASS" start="2024-05-14T11:12:00.375891" elapsed="0.095836"/>
</kw>
<kw name="Set Variable" owner="BuiltIn">
<msg time="2024-05-14T11:12:00.472577" level="INFO">${json_data} = {'results': [{'gender': 'female', 'name': {'title': 'Miss', 'first': 'Inès', 'last': 'Rodriguez'}, 'location': {'street': {'number': 3480, 'name': 'Avenue Vauban'}, 'city': 'Poitiers', 'state': 'Haute...</msg>
<var>${json_data}</var>
<arg>${response.json()}</arg>
<doc>Returns the given values which can then be assigned to a variables.</doc>
<status status="PASS" start="2024-05-14T11:12:00.472119" elapsed="0.000488"/>
</kw>
<kw name="Log" owner="BuiltIn">
<msg time="2024-05-14T11:12:00.473078" level="INFO">{'results': [{'gender': 'female', 'name': {'title': 'Miss', 'first': 'Inès', 'last': 'Rodriguez'}, 'location': {'street': {'number': 3480, 'name': 'Avenue Vauban'}, 'city': 'Poitiers', 'state': 'Haute-Savoie', 'country': 'France', 'postcode': 52779, 'coordinates': {'latitude': '-19.4477', 'longitude': '98.4614'}, 'timezone': {'offset': '+5:30', 'description': 'Bombay, Calcutta, Madras, New Delhi'}}, 'email': 'ines.rodriguez@example.com', 'login': {'uuid': '7e4b51b6-78be-415d-9cc7-6405aa94e51b', 'username': 'heavygorilla376', 'password': 'shua', 'salt': 'HT6hvZZX', 'md5': '02550e7885575b66c75a066d146ba362', 'sha1': 'ccff02c3eb21e007e63f8cfec1aa4927e9ecd52f', 'sha256': '577f0d7a6bfb14ef78d298957803be06cabb9517d0ab0f5b38a0ea7ff68d539a'}, 'dob': {'date': '1945-05-04T21:48:07.068Z', 'age': 79}, 'registered': {'date': '2009-01-29T05:43:43.964Z', 'age': 15}, 'phone': '04-53-93-16-83', 'cell': '06-77-95-15-23', 'id': {'name': 'INSEE', 'value': '2450459407615 25'}, 'picture': {'large': 'https://randomuser.me/api/portraits/women/63.jpg', 'medium': 'https://randomuser.me/api/portraits/med/women/63.jpg', 'thumbnail': 'https://randomuser.me/api/portraits/thumb/women/63.jpg'}, 'nat': 'FR'}], 'info': {'seed': '3ea2a9702a784a13', 'results': 1, 'page': 1, 'version': '1.4'}}</msg>
<arg>${json_data}</arg>
<doc>Logs the given message with the given level.</doc>
<status status="PASS" start="2024-05-14T11:12:00.472914" elapsed="0.000215"/>
</kw>
<kw name="Dictionary Should Contain Key" owner="Collections">
<msg time="2024-05-14T11:12:00.473582" level="INFO">False</msg>
<arg>${json_data}</arg>
<arg>results</arg>
<doc>Fails if ``key`` is not found from ``dictionary``.</doc>
<status status="PASS" start="2024-05-14T11:12:00.473434" elapsed="0.000185"/>
</kw>
<kw name="Should Not Be Empty" owner="BuiltIn">
<msg time="2024-05-14T11:12:00.474048" level="INFO">Length is 2.</msg>
<arg>${json_data}</arg>
<doc>Verifies that the given item is not empty.</doc>
<status status="PASS" start="2024-05-14T11:12:00.473912" elapsed="0.000173"/>
</kw>
<kw name="Create List" owner="BuiltIn">
<msg time="2024-05-14T11:12:00.474642" level="INFO">${expected_keys} = ['gender', 'name', 'location', 'email', 'login']</msg>
<var>${expected_keys}</var>
<arg>gender</arg>
<arg>name</arg>
<arg>location</arg>
<arg>email</arg>
<arg>login</arg>
<doc>Returns a list containing given items.</doc>
<status status="PASS" start="2024-05-14T11:12:00.474373" elapsed="0.000293"/>
</kw>
<for flavor="IN">
<iter>
<kw name="Dictionary Should Contain Key" owner="Collections">
<msg time="2024-05-14T11:12:00.475664" level="INFO">False</msg>
<arg>${json_data['results'][0]}</arg>
<arg>${key}</arg>
<doc>Fails if ``key`` is not found from ``dictionary``.</doc>
<status status="PASS" start="2024-05-14T11:12:00.475267" elapsed="0.000435"/>
</kw>
<kw name="Log" owner="BuiltIn">
<msg time="2024-05-14T11:12:00.476391" level="INFO">{'gender': 'female', 'name': {'title': 'Miss', 'first': 'Inès', 'last': 'Rodriguez'}, 'location': {'street': {'number': 3480, 'name': 'Avenue Vauban'}, 'city': 'Poitiers', 'state': 'Haute-Savoie', 'country': 'France', 'postcode': 52779, 'coordinates': {'latitude': '-19.4477', 'longitude': '98.4614'}, 'timezone': {'offset': '+5:30', 'description': 'Bombay, Calcutta, Madras, New Delhi'}}, 'email': 'ines.rodriguez@example.com', 'login': {'uuid': '7e4b51b6-78be-415d-9cc7-6405aa94e51b', 'username': 'heavygorilla376', 'password': 'shua', 'salt': 'HT6hvZZX', 'md5': '02550e7885575b66c75a066d146ba362', 'sha1': 'ccff02c3eb21e007e63f8cfec1aa4927e9ecd52f', 'sha256': '577f0d7a6bfb14ef78d298957803be06cabb9517d0ab0f5b38a0ea7ff68d539a'}, 'dob': {'date': '1945-05-04T21:48:07.068Z', 'age': 79}, 'registered': {'date': '2009-01-29T05:43:43.964Z', 'age': 15}, 'phone': '04-53-93-16-83', 'cell': '06-77-95-15-23', 'id': {'name': 'INSEE', 'value': '2450459407615 25'}, 'picture': {'large': 'https://randomuser.me/api/portraits/women/63.jpg', 'medium': 'https://randomuser.me/api/portraits/med/women/63.jpg', 'thumbnail': 'https://randomuser.me/api/portraits/thumb/women/63.jpg'}, 'nat': 'FR'}</msg>
<arg>${json_data['results'][0]}</arg>
<doc>Logs the given message with the given level.</doc>
<status status="PASS" start="2024-05-14T11:12:00.476004" elapsed="0.000437"/>
</kw>
<kw name="Log" owner="BuiltIn">
<msg time="2024-05-14T11:12:00.476871" level="INFO">gender</msg>
<arg>${key}</arg>
<doc>Logs the given message with the given level.</doc>
<status status="PASS" start="2024-05-14T11:12:00.476743" elapsed="0.000165"/>
</kw>
<var name="${key}">gender</var>
<status status="PASS" start="2024-05-14T11:12:00.475138" elapsed="0.001985"/>
</iter>
<iter>
<kw name="Dictionary Should Contain Key" owner="Collections">
<msg time="2024-05-14T11:12:00.477805" level="INFO">False</msg>
<arg>${json_data['results'][0]}</arg>
<arg>${key}</arg>
<doc>Fails if ``key`` is not found from ``dictionary``.</doc>
<status status="PASS" start="2024-05-14T11:12:00.477427" elapsed="0.000414"/>
</kw>
<kw name="Log" owner="BuiltIn">
<msg time="2024-05-14T11:12:00.478522" level="INFO">{'gender': 'female', 'name': {'title': 'Miss', 'first': 'Inès', 'last': 'Rodriguez'}, 'location': {'street': {'number': 3480, 'name': 'Avenue Vauban'}, 'city': 'Poitiers', 'state': 'Haute-Savoie', 'country': 'France', 'postcode': 52779, 'coordinates': {'latitude': '-19.4477', 'longitude': '98.4614'}, 'timezone': {'offset': '+5:30', 'description': 'Bombay, Calcutta, Madras, New Delhi'}}, 'email': 'ines.rodriguez@example.com', 'login': {'uuid': '7e4b51b6-78be-415d-9cc7-6405aa94e51b', 'username': 'heavygorilla376', 'password': 'shua', 'salt': 'HT6hvZZX', 'md5': '02550e7885575b66c75a066d146ba362', 'sha1': 'ccff02c3eb21e007e63f8cfec1aa4927e9ecd52f', 'sha256': '577f0d7a6bfb14ef78d298957803be06cabb9517d0ab0f5b38a0ea7ff68d539a'}, 'dob': {'date': '1945-05-04T21:48:07.068Z', 'age': 79}, 'registered': {'date': '2009-01-29T05:43:43.964Z', 'age': 15}, 'phone': '04-53-93-16-83', 'cell': '06-77-95-15-23', 'id': {'name': 'INSEE', 'value': '2450459407615 25'}, 'picture': {'large': 'https://randomuser.me/api/portraits/women/63.jpg', 'medium': 'https://randomuser.me/api/portraits/med/women/63.jpg', 'thumbnail': 'https://randomuser.me/api/portraits/thumb/women/63.jpg'}, 'nat': 'FR'}</msg>
<arg>${json_data['results'][0]}</arg>
<doc>Logs the given message with the given level.</doc>
<status status="PASS" start="2024-05-14T11:12:00.478159" elapsed="0.000412"/>
</kw>
<kw name="Log" owner="BuiltIn">
<msg time="2024-05-14T11:12:00.478996" level="INFO">name</msg>
<arg>${key}</arg>
<doc>Logs the given message with the given level.</doc>
<status status="PASS" start="2024-05-14T11:12:00.478869" elapsed="0.000164"/>
</kw>
<var name="${key}">name</var>
<status status="PASS" start="2024-05-14T11:12:00.477310" elapsed="0.001962"/>
</iter>
<iter>
<kw name="Dictionary Should Contain Key" owner="Collections">
<msg time="2024-05-14T11:12:00.479954" level="INFO">False</msg>
<arg>${json_data['results'][0]}</arg>
<arg>${key}</arg>
<doc>Fails if ``key`` is not found from ``dictionary``.</doc>
<status status="PASS" start="2024-05-14T11:12:00.479563" elapsed="0.000429"/>
</kw>
<kw name="Log" owner="BuiltIn">
<msg time="2024-05-14T11:12:00.480650" level="INFO">{'gender': 'female', 'name': {'title': 'Miss', 'first': 'Inès', 'last': 'Rodriguez'}, 'location': {'street': {'number': 3480, 'name': 'Avenue Vauban'}, 'city': 'Poitiers', 'state': 'Haute-Savoie', 'country': 'France', 'postcode': 52779, 'coordinates': {'latitude': '-19.4477', 'longitude': '98.4614'}, 'timezone': {'offset': '+5:30', 'description': 'Bombay, Calcutta, Madras, New Delhi'}}, 'email': 'ines.rodriguez@example.com', 'login': {'uuid': '7e4b51b6-78be-415d-9cc7-6405aa94e51b', 'username': 'heavygorilla376', 'password': 'shua', 'salt': 'HT6hvZZX', 'md5': '02550e7885575b66c75a066d146ba362', 'sha1': 'ccff02c3eb21e007e63f8cfec1aa4927e9ecd52f', 'sha256': '577f0d7a6bfb14ef78d298957803be06cabb9517d0ab0f5b38a0ea7ff68d539a'}, 'dob': {'date': '1945-05-04T21:48:07.068Z', 'age': 79}, 'registered': {'date': '2009-01-29T05:43:43.964Z', 'age': 15}, 'phone': '04-53-93-16-83', 'cell': '06-77-95-15-23', 'id': {'name': 'INSEE', 'value': '2450459407615 25'}, 'picture': {'large': 'https://randomuser.me/api/portraits/women/63.jpg', 'medium': 'https://randomuser.me/api/portraits/med/women/63.jpg', 'thumbnail': 'https://randomuser.me/api/portraits/thumb/women/63.jpg'}, 'nat': 'FR'}</msg>
<arg>${json_data['results'][0]}</arg>
<doc>Logs the given message with the given level.</doc>
<status status="PASS" start="2024-05-14T11:12:00.480289" elapsed="0.000411"/>
</kw>
<kw name="Log" owner="BuiltIn">
<msg time="2024-05-14T11:12:00.481119" level="INFO">location</msg>
<arg>${key}</arg>
<doc>Logs the given message with the given level.</doc>
<status status="PASS" start="2024-05-14T11:12:00.480996" elapsed="0.000161"/>
</kw>
<var name="${key}">location</var>
<status status="PASS" start="2024-05-14T11:12:00.479452" elapsed="0.001917"/>
</iter>
<iter>
<kw name="Dictionary Should Contain Key" owner="Collections">
<msg time="2024-05-14T11:12:00.482034" level="INFO">False</msg>
<arg>${json_data['results'][0]}</arg>
<arg>${key}</arg>
<doc>Fails if ``key`` is not found from ``dictionary``.</doc>
<status status="PASS" start="2024-05-14T11:12:00.481652" elapsed="0.000419"/>
</kw>
<kw name="Log" owner="BuiltIn">
<msg time="2024-05-14T11:12:00.482731" level="INFO">{'gender': 'female', 'name': {'title': 'Miss', 'first': 'Inès', 'last': 'Rodriguez'}, 'location': {'street': {'number': 3480, 'name': 'Avenue Vauban'}, 'city': 'Poitiers', 'state': 'Haute-Savoie', 'country': 'France', 'postcode': 52779, 'coordinates': {'latitude': '-19.4477', 'longitude': '98.4614'}, 'timezone': {'offset': '+5:30', 'description': 'Bombay, Calcutta, Madras, New Delhi'}}, 'email': 'ines.rodriguez@example.com', 'login': {'uuid': '7e4b51b6-78be-415d-9cc7-6405aa94e51b', 'username': 'heavygorilla376', 'password': 'shua', 'salt': 'HT6hvZZX', 'md5': '02550e7885575b66c75a066d146ba362', 'sha1': 'ccff02c3eb21e007e63f8cfec1aa4927e9ecd52f', 'sha256': '577f0d7a6bfb14ef78d298957803be06cabb9517d0ab0f5b38a0ea7ff68d539a'}, 'dob': {'date': '1945-05-04T21:48:07.068Z', 'age': 79}, 'registered': {'date': '2009-01-29T05:43:43.964Z', 'age': 15}, 'phone': '04-53-93-16-83', 'cell': '06-77-95-15-23', 'id': {'name': 'INSEE', 'value': '2450459407615 25'}, 'picture': {'large': 'https://randomuser.me/api/portraits/women/63.jpg', 'medium': 'https://randomuser.me/api/portraits/med/women/63.jpg', 'thumbnail': 'https://randomuser.me/api/portraits/thumb/women/63.jpg'}, 'nat': 'FR'}</msg>
<arg>${json_data['results'][0]}</arg>
<doc>Logs the given message with the given level.</doc>
<status status="PASS" start="2024-05-14T11:12:00.482369" elapsed="0.000411"/>
</kw>
<kw name="Log" owner="BuiltIn">
<msg time="2024-05-14T11:12:00.483229" level="INFO">email</msg>
<arg>${key}</arg>
<doc>Logs the given message with the given level.</doc>
<status status="PASS" start="2024-05-14T11:12:00.483097" elapsed="0.000169"/>
</kw>
<var name="${key}">email</var>
<status status="PASS" start="2024-05-14T11:12:00.481541" elapsed="0.001946"/>
</iter>
<iter>
<kw name="Dictionary Should Contain Key" owner="Collections">
<msg time="2024-05-14T11:12:00.484163" level="INFO">False</msg>
<arg>${json_data['results'][0]}</arg>
<arg>${key}</arg>
<doc>Fails if ``key`` is not found from ``dictionary``.</doc>
<status status="PASS" start="2024-05-14T11:12:00.483770" elapsed="0.000431"/>
</kw>
<kw name="Log" owner="BuiltIn">
<msg time="2024-05-14T11:12:00.484869" level="INFO">{'gender': 'female', 'name': {'title': 'Miss', 'first': 'Inès', 'last': 'Rodriguez'}, 'location': {'street': {'number': 3480, 'name': 'Avenue Vauban'}, 'city': 'Poitiers', 'state': 'Haute-Savoie', 'country': 'France', 'postcode': 52779, 'coordinates': {'latitude': '-19.4477', 'longitude': '98.4614'}, 'timezone': {'offset': '+5:30', 'description': 'Bombay, Calcutta, Madras, New Delhi'}}, 'email': 'ines.rodriguez@example.com', 'login': {'uuid': '7e4b51b6-78be-415d-9cc7-6405aa94e51b', 'username': 'heavygorilla376', 'password': 'shua', 'salt': 'HT6hvZZX', 'md5': '02550e7885575b66c75a066d146ba362', 'sha1': 'ccff02c3eb21e007e63f8cfec1aa4927e9ecd52f', 'sha256': '577f0d7a6bfb14ef78d298957803be06cabb9517d0ab0f5b38a0ea7ff68d539a'}, 'dob': {'date': '1945-05-04T21:48:07.068Z', 'age': 79}, 'registered': {'date': '2009-01-29T05:43:43.964Z', 'age': 15}, 'phone': '04-53-93-16-83', 'cell': '06-77-95-15-23', 'id': {'name': 'INSEE', 'value': '2450459407615 25'}, 'picture': {'large': 'https://randomuser.me/api/portraits/women/63.jpg', 'medium': 'https://randomuser.me/api/portraits/med/women/63.jpg', 'thumbnail': 'https://randomuser.me/api/portraits/thumb/women/63.jpg'}, 'nat': 'FR'}</msg>
<arg>${json_data['results'][0]}</arg>
<doc>Logs the given message with the given level.</doc>
<status status="PASS" start="2024-05-14T11:12:00.484499" elapsed="0.000419"/>
</kw>
<kw name="Log" owner="BuiltIn">
<msg time="2024-05-14T11:12:00.485346" level="INFO">login</msg>
<arg>${key}</arg>
<doc>Logs the given message with the given level.</doc>
<status status="PASS" start="2024-05-14T11:12:00.485217" elapsed="0.000198"/>
</kw>
<var name="${key}">login</var>
<status status="PASS" start="2024-05-14T11:12:00.483660" elapsed="0.001980"/>
</iter>
<var>${key}</var>
<value>@{expected_keys}</value>
<status status="PASS" start="2024-05-14T11:12:00.474930" elapsed="0.010835"/>
</for>
<kw name="Create List" owner="BuiltIn">
<msg time="2024-05-14T11:12:00.486095" level="INFO">${expected_keysTwo} = ['username', 'password']</msg>
<var>${expected_keysTwo}</var>
<arg>username</arg>
<arg>password</arg>
<doc>Returns a list containing given items.</doc>
<status status="PASS" start="2024-05-14T11:12:00.485958" elapsed="0.000162"/>
</kw>
<for flavor="IN">
<iter>
<kw name="Dictionary Should Contain Key" owner="Collections">
<msg time="2024-05-14T11:12:00.487019" level="INFO">False</msg>
<arg>${json_data['results'][0]['login']}</arg>
<arg>${keyTwo}</arg>
<doc>Fails if ``key`` is not found from ``dictionary``.</doc>
<status status="PASS" start="2024-05-14T11:12:00.486627" elapsed="0.000452"/>
</kw>
<kw name="Dictionary Should Contain Key" owner="Collections">
<msg time="2024-05-14T11:12:00.487767" level="INFO">False</msg>
<arg>${json_data['results'][0]['login']}</arg>
<arg>${keyTwo}</arg>
<doc>Fails if ``key`` is not found from ``dictionary``.</doc>
<status status="PASS" start="2024-05-14T11:12:00.487383" elapsed="0.000423"/>
</kw>
<kw name="Log" owner="BuiltIn">
<msg time="2024-05-14T11:12:00.488229" level="INFO">username</msg>
<arg>${keyTwo}</arg>
<doc>Logs the given message with the given level.</doc>
<status status="PASS" start="2024-05-14T11:12:00.488102" elapsed="0.000170"/>
</kw>
<var name="${keyTwo}">username</var>
<status status="PASS" start="2024-05-14T11:12:00.486517" elapsed="0.001969"/>
</iter>
<iter>
<kw name="Dictionary Should Contain Key" owner="Collections">
<msg time="2024-05-14T11:12:00.489157" level="INFO">False</msg>
<arg>${json_data['results'][0]['login']}</arg>
<arg>${keyTwo}</arg>
<doc>Fails if ``key`` is not found from ``dictionary``.</doc>
<status status="PASS" start="2024-05-14T11:12:00.488768" elapsed="0.000427"/>
</kw>
<kw name="Dictionary Should Contain Key" owner="Collections">
<msg time="2024-05-14T11:12:00.489955" level="INFO">False</msg>
<arg>${json_data['results'][0]['login']}</arg>
<arg>${keyTwo}</arg>
<doc>Fails if ``key`` is not found from ``dictionary``.</doc>
<status status="PASS" start="2024-05-14T11:12:00.489487" elapsed="0.000507"/>
</kw>
<kw name="Log" owner="BuiltIn">
<msg time="2024-05-14T11:12:00.490416" level="INFO">password</msg>
<arg>${keyTwo}</arg>
<doc>Logs the given message with the given level.</doc>
<status status="PASS" start="2024-05-14T11:12:00.490289" elapsed="0.000165"/>
</kw>
<var name="${keyTwo}">password</var>
<status status="PASS" start="2024-05-14T11:12:00.488659" elapsed="0.002009"/>
</iter>
<var>${keyTwo}</var>
<value>@{expected_keysTwo}</value>
<status status="PASS" start="2024-05-14T11:12:00.486363" elapsed="0.004427"/>
</for>
<status status="PASS" start="2024-05-14T11:12:00.375662" elapsed="0.115266"/>
</kw>
<doc>Testa a estrutura da resposta da API.</doc>
<tag>testeEstruturaResposta</tag>
<status status="PASS" start="2024-05-14T11:12:00.375095" elapsed="0.116008"/>
</test>
<test id="s1-s1-t4" name="Validar tipos de dados" line="28">
<kw name="Teste de Tipos de Dados" owner="random-user-service">
<kw name="GET On Session" owner="RequestsLibrary">
<msg time="2024-05-14T11:12:00.578323" level="INFO">GET Request : url=https://randomuser.me/api 
 path_url=/api 
 headers={'User-Agent': 'python-requests/2.31.0', 'Accept-Encoding': 'gzip, deflate', 'Accept': '*/*', 'Connection': 'keep-alive'} 
 body=None 
 </msg>
<msg time="2024-05-14T11:12:00.578409" level="INFO">GET Response : url=https://randomuser.me/api 
 status=200, reason=OK 
 headers={'Date': 'Tue, 14 May 2024 11:12:00 GMT', 'Content-Type': 'application/json; charset=utf-8', 'Transfer-Encoding': 'chunked', 'Connection': 'keep-alive', 'X-Powered-By': 'Express', 'Access-Control-Allow-Origin': '*', 'Cache-Control': 'no-cache', 'ETag': 'W/"495-N63H5aDyx2lyX++DhN1TxwE07rI"', 'Vary': 'Accept-Encoding', 'Content-Encoding': 'gzip', 'CF-Cache-Status': 'DYNAMIC', 'Report-To': '{"endpoints":[{"url":"https:\\/\\/a.nel.cloudflare.com\\/report\\/v4?s=CcwRO4i8xZf4Cdk%2BmHIyXYOrKsSIYXTIaTHCmIGnlNU2DxZu2X1LjXZmi32Pma9%2BZaVrWaQI6332HspYnnFJunpdSyQJRR4BVqpeBI5Z7d9kJXg7cgrq5%2BuYl4ybPQGZ"}],"group":"cf-nel","max_age":604800}', 'NEL': '{"success_fraction":0,"report_to":"cf-nel","max_age":604800}', 'Server': 'cloudflare', 'CF-RAY': '883a73631cd1293d-ORD', 'alt-svc': 'h3=":443"; ma=86400'} 
 body={"results":[{"gender":"female","name":{"title":"Ms","first":"Marija","last":"Roch"},"location":{"street":{"number":6037,"name":"Fasanenweg"},"city":"Herborn","state":"Thüringen","country":"Germany","postcode":54895,"coordinates":{"latitude":"-54.4547","longitude":"141.2531"},"timezone":{"offset":"+3:00","description":"Baghdad, Riyadh, Moscow, St. Petersburg"}},"email":"marija.roch@example.com","login":{"uuid":"abb8945f-7fa4-4337-a32c-f2cc09be3654","username":"silverzebra245","password":"brian1","salt":"0MrlnBzm","md5":"fd97bc0de0c26da421536ee2fd77bfb2","sha1":"39235b73dc4a8503424b46bb5ee9a152f0be7b4a","sha256":"760ae4d0f2d23079b495de84b66a56a4fd8834ba3ae992ffabf2db0c641e6ea7"},"dob":{"date":"1989-03-04T23:20:43.774Z","age":35},"registered":{"date":"2018-04-04T22:21:01.276Z","age":6},"phone":"0679-1332287","cell":"0173-7143172","id":{"name":"SVNR","value":"48 040389 R 843"},"picture":{"large":"https://randomuser.me/api/portraits/women/1.jpg","medium":"https://randomuser.me/api/portraits/med/women/1.jpg","thumbnail":"https://randomuser.me/api/portraits/thumb/women/1.jpg"},"nat":"DE"}],"info":{"seed":"98627efaeeaa8418","results":1,"page":1,"version":"1.4"}} 
 </msg>
<msg time="2024-05-14T11:12:00.578484" level="INFO">/opt/hostedtoolcache/Python/3.12.3/x64/lib/python3.12/site-packages/urllib3/connectionpool.py:1103: InsecureRequestWarning: Unverified HTTPS request is being made to host 'randomuser.me'. Adding certificate verification is strongly advised. See: https://urllib3.readthedocs.io/en/latest/advanced-usage.html#tls-warnings
  warnings.warn(</msg>
<msg time="2024-05-14T11:12:00.578621" level="INFO">${response} = &lt;Response [200]&gt;</msg>
<var>${response}</var>
<arg>consultarAPI</arg>
<arg>/api</arg>
<doc>Sends a GET request on a previously created HTTP Session.</doc>
<status status="PASS" start="2024-05-14T11:12:00.493600" elapsed="0.085073"/>
</kw>
<kw name="Set Variable" owner="BuiltIn">
<msg time="2024-05-14T11:12:00.579624" level="INFO">${json_data} = {'results': [{'gender': 'female', 'name': {'title': 'Ms', 'first': 'Marija', 'last': 'Roch'}, 'location': {'street': {'number': 6037, 'name': 'Fasanenweg'}, 'city': 'Herborn', 'state': 'Thüringen', 'c...</msg>
<var>${json_data}</var>
<arg>${response.json()}</arg>
<doc>Returns the given values which can then be assigned to a variables.</doc>
<status status="PASS" start="2024-05-14T11:12:00.579166" elapsed="0.000487"/>
</kw>
<kw name="Log" owner="BuiltIn">
<msg time="2024-05-14T11:12:00.580113" level="INFO">{'results': [{'gender': 'female', 'name': {'title': 'Ms', 'first': 'Marija', 'last': 'Roch'}, 'location': {'street': {'number': 6037, 'name': 'Fasanenweg'}, 'city': 'Herborn', 'state': 'Thüringen', 'country': 'Germany', 'postcode': 54895, 'coordinates': {'latitude': '-54.4547', 'longitude': '141.2531'}, 'timezone': {'offset': '+3:00', 'description': 'Baghdad, Riyadh, Moscow, St. Petersburg'}}, 'email': 'marija.roch@example.com', 'login': {'uuid': 'abb8945f-7fa4-4337-a32c-f2cc09be3654', 'username': 'silverzebra245', 'password': 'brian1', 'salt': '0MrlnBzm', 'md5': 'fd97bc0de0c26da421536ee2fd77bfb2', 'sha1': '39235b73dc4a8503424b46bb5ee9a152f0be7b4a', 'sha256': '760ae4d0f2d23079b495de84b66a56a4fd8834ba3ae992ffabf2db0c641e6ea7'}, 'dob': {'date': '1989-03-04T23:20:43.774Z', 'age': 35}, 'registered': {'date': '2018-04-04T22:21:01.276Z', 'age': 6}, 'phone': '0679-1332287', 'cell': '0173-7143172', 'id': {'name': 'SVNR', 'value': '48 040389 R 843'}, 'picture': {'large': 'https://randomuser.me/api/portraits/women/1.jpg', 'medium': 'https://randomuser.me/api/portraits/med/women/1.jpg', 'thumbnail': 'https://randomuser.me/api/portraits/thumb/women/1.jpg'}, 'nat': 'DE'}], 'info': {'seed': '98627efaeeaa8418', 'results': 1, 'page': 1, 'version': '1.4'}}</msg>
<arg>${json_data}</arg>
<doc>Logs the given message with the given level.</doc>
<status status="PASS" start="2024-05-14T11:12:00.579960" elapsed="0.000236"/>
</kw>
<kw name="Should Be String" owner="String">
<arg>${json_data['results'][0]['gender']}</arg>
<doc>Fails if the given ``item`` is not a string.</doc>
<status status="PASS" start="2024-05-14T11:12:00.580497" elapsed="0.000361"/>
</kw>
<kw name="Should Match Regexp" owner="BuiltIn">
<arg>${json_data['results'][0]['email']}</arg>
<arg>^[a-zA-Z0-9._%+-]+@[a-zA-Z0-9.-]+\.[a-zA-Z]{2,}$</arg>
<doc>Fails if ``string`` does not match ``pattern`` as a regular expression.</doc>
<status status="PASS" start="2024-05-14T11:12:00.581050" elapsed="0.000495"/>
</kw>
<kw name="Should Match Regexp" owner="BuiltIn">
<arg>${json_data['results'][0]['dob']['date']}</arg>
<arg>\\d{4}-\\d{2}-\\d{2}T\\d{2}:\\d{2}:\\d{2}\\.\\d{3}Z</arg>
<doc>Fails if ``string`` does not match ``pattern`` as a regular expression.</doc>
<status status="PASS" start="2024-05-14T11:12:00.581739" elapsed="0.000492"/>
</kw>
<kw name="Should Match Regexp" owner="BuiltIn">
<arg>${json_data['results'][0]['registered']['date']}</arg>
<arg>\\d{4}-\\d{2}-\\d{2}T\\d{2}:\\d{2}:\\d{2}\\.\\d{3}Z</arg>
<doc>Fails if ``string`` does not match ``pattern`` as a regular expression.</doc>
<status status="PASS" start="2024-05-14T11:12:00.582422" elapsed="0.000367"/>
</kw>
<kw name="Should Match Regexp" owner="BuiltIn">
<arg>${json_data['results'][0]['picture']['large']}</arg>
<arg>^https?://.*\.(?:png|jpe?g|gif|bmp)$</arg>
<doc>Fails if ``string`` does not match ``pattern`` as a regular expression.</doc>
<status status="PASS" start="2024-05-14T11:12:00.582975" elapsed="0.000485"/>
</kw>
<kw name="Should Match Regexp" owner="BuiltIn">
<arg>${json_data['results'][0]['picture']['medium']}</arg>
<arg>^https?://.*\.(?:png|jpe?g|gif|bmp)$</arg>
<doc>Fails if ``string`` does not match ``pattern`` as a regular expression.</doc>
<status status="PASS" start="2024-05-14T11:12:00.583648" elapsed="0.000359"/>
</kw>
<kw name="Should Match Regexp" owner="BuiltIn">
<arg>${json_data['results'][0]['picture']['thumbnail']}</arg>
<arg>^https?://.*\.(?:png|jpe?g|gif|bmp)$</arg>
<doc>Fails if ``string`` does not match ``pattern`` as a regular expression.</doc>
<status status="PASS" start="2024-05-14T11:12:00.584198" elapsed="0.000348"/>
</kw>
<kw name="Log" owner="BuiltIn">
<msg time="2024-05-14T11:12:00.585045" level="INFO">{'large': 'https://randomuser.me/api/portraits/women/1.jpg', 'medium': 'https://randomuser.me/api/portraits/med/women/1.jpg', 'thumbnail': 'https://randomuser.me/api/portraits/thumb/women/1.jpg'}</msg>
<arg>${json_data['results'][0]['picture']}</arg>
<doc>Logs the given message with the given level.</doc>
<status status="PASS" start="2024-05-14T11:12:00.584725" elapsed="0.000361"/>
</kw>
<status status="PASS" start="2024-05-14T11:12:00.493382" elapsed="0.091959"/>
</kw>
<kw name="Teste de Tipos de Dados - Postcode" owner="random-user-service">
<kw name="GET On Session" owner="RequestsLibrary">
<msg time="2024-05-14T11:12:00.678211" level="INFO">GET Request : url=https://randomuser.me/api 
 path_url=/api 
 headers={'User-Agent': 'python-requests/2.31.0', 'Accept-Encoding': 'gzip, deflate', 'Accept': '*/*', 'Connection': 'keep-alive'} 
 body=None 
 </msg>
<msg time="2024-05-14T11:12:00.678295" level="INFO">GET Response : url=https://randomuser.me/api 
 status=200, reason=OK 
 headers={'Date': 'Tue, 14 May 2024 11:12:00 GMT', 'Content-Type': 'application/json; charset=utf-8', 'Transfer-Encoding': 'chunked', 'Connection': 'keep-alive', 'X-Powered-By': 'Express', 'Access-Control-Allow-Origin': '*', 'Cache-Control': 'no-cache', 'ETag': 'W/"49e-RyHJAXm0iUgoDpETgPBC0nDYJ6E"', 'Vary': 'Accept-Encoding', 'Content-Encoding': 'gzip', 'CF-Cache-Status': 'DYNAMIC', 'Report-To': '{"endpoints":[{"url":"https:\\/\\/a.nel.cloudflare.com\\/report\\/v4?s=Q0feOOqrwWFWcuEi5M2pcVORWNDPeHF7ui8rUmGCrmxjBBbJ%2BW5%2BtRDSuxIeB5RVagI30G9UOjmHuZ0WSOCHLtE2LSI00qyRigc6sDRyd7kZrh%2FjEBJpGTM3AehuBGqi"}],"group":"cf-nel","max_age":604800}', 'NEL': '{"success_fraction":0,"report_to":"cf-nel","max_age":604800}', 'Server': 'cloudflare', 'CF-RAY': '883a7363ad37293d-ORD', 'alt-svc': 'h3=":443"; ma=86400'} 
 body={"results":[{"gender":"female","name":{"title":"Mrs","first":"Milla","last":"Tervo"},"location":{"street":{"number":3995,"name":"Pirkankatu"},"city":"Siikalatva","state":"Southern Savonia","country":"Finland","postcode":25863,"coordinates":{"latitude":"-22.4684","longitude":"36.1012"},"timezone":{"offset":"+5:30","description":"Bombay, Calcutta, Madras, New Delhi"}},"email":"milla.tervo@example.com","login":{"uuid":"9e9b68cc-24db-4a4e-a540-1e9e1ae3071c","username":"angrybutterfly899","password":"dododo","salt":"r1SNs3Au","md5":"b3c5e320b0d86cd75f8c3d5560b044eb","sha1":"28a400067b9e7562f4995a3edb30d0b29d6cc290","sha256":"8fd79bfdf7ce52c357dcd7247eb8683b84a7643cb41e3532ff72a37ca9f4b7dc"},"dob":{"date":"1979-07-02T06:09:52.666Z","age":44},"registered":{"date":"2020-09-23T10:05:06.062Z","age":3},"phone":"07-920-417","cell":"040-800-22-09","id":{"name":"HETU","value":"NaNNA810undefined"},"picture":{"large":"https://randomuser.me/api/portraits/women/7.jpg","medium":"https://randomuser.me/api/portraits/med/women/7.jpg","thumbnail":"https://randomuser.me/api/portraits/thumb/women/7.jpg"},"nat":"FI"}],"info":{"seed":"7130480788adabe5","results":1,"page":1,"version":"1.4"}} 
 </msg>
<msg time="2024-05-14T11:12:00.678349" level="INFO">/opt/hostedtoolcache/Python/3.12.3/x64/lib/python3.12/site-packages/urllib3/connectionpool.py:1103: InsecureRequestWarning: Unverified HTTPS request is being made to host 'randomuser.me'. Adding certificate verification is strongly advised. See: https://urllib3.readthedocs.io/en/latest/advanced-usage.html#tls-warnings
  warnings.warn(</msg>
<msg time="2024-05-14T11:12:00.678451" level="INFO">${response} = &lt;Response [200]&gt;</msg>
<var>${response}</var>
<arg>consultarAPI</arg>
<arg>/api</arg>
<doc>Sends a GET request on a previously created HTTP Session.</doc>
<status status="PASS" start="2024-05-14T11:12:00.585770" elapsed="0.092723"/>
</kw>
<kw name="Set Variable" owner="BuiltIn">
<msg time="2024-05-14T11:12:00.679357" level="INFO">${json_data} = {'results': [{'gender': 'female', 'name': {'title': 'Mrs', 'first': 'Milla', 'last': 'Tervo'}, 'location': {'street': {'number': 3995, 'name': 'Pirkankatu'}, 'city': 'Siikalatva', 'state': 'Southern S...</msg>
<var>${json_data}</var>
<arg>${response.json()}</arg>
<doc>Returns the given values which can then be assigned to a variables.</doc>
<status status="PASS" start="2024-05-14T11:12:00.678886" elapsed="0.000499"/>
</kw>
<kw name="Log" owner="BuiltIn">
<msg time="2024-05-14T11:12:00.679834" level="INFO">{'results': [{'gender': 'female', 'name': {'title': 'Mrs', 'first': 'Milla', 'last': 'Tervo'}, 'location': {'street': {'number': 3995, 'name': 'Pirkankatu'}, 'city': 'Siikalatva', 'state': 'Southern Savonia', 'country': 'Finland', 'postcode': 25863, 'coordinates': {'latitude': '-22.4684', 'longitude': '36.1012'}, 'timezone': {'offset': '+5:30', 'description': 'Bombay, Calcutta, Madras, New Delhi'}}, 'email': 'milla.tervo@example.com', 'login': {'uuid': '9e9b68cc-24db-4a4e-a540-1e9e1ae3071c', 'username': 'angrybutterfly899', 'password': 'dododo', 'salt': 'r1SNs3Au', 'md5': 'b3c5e320b0d86cd75f8c3d5560b044eb', 'sha1': '28a400067b9e7562f4995a3edb30d0b29d6cc290', 'sha256': '8fd79bfdf7ce52c357dcd7247eb8683b84a7643cb41e3532ff72a37ca9f4b7dc'}, 'dob': {'date': '1979-07-02T06:09:52.666Z', 'age': 44}, 'registered': {'date': '2020-09-23T10:05:06.062Z', 'age': 3}, 'phone': '07-920-417', 'cell': '040-800-22-09', 'id': {'name': 'HETU', 'value': 'NaNNA810undefined'}, 'picture': {'large': 'https://randomuser.me/api/portraits/women/7.jpg', 'medium': 'https://randomuser.me/api/portraits/med/women/7.jpg', 'thumbnail': 'https://randomuser.me/api/portraits/thumb/women/7.jpg'}, 'nat': 'FI'}], 'info': {'seed': '7130480788adabe5', 'results': 1, 'page': 1, 'version': '1.4'}}</msg>
<arg>${json_data}</arg>
<doc>Logs the given message with the given level.</doc>
<status status="PASS" start="2024-05-14T11:12:00.679683" elapsed="0.000227"/>
</kw>
<kw name="Should Be Equal As Numbers" owner="BuiltIn">
<arg>${json_data['results'][0]['location']['postcode']}</arg>
<arg>${json_data['results'][0]['location']['postcode']}</arg>
<doc>Fails if objects are unequal after converting them to real numbers.</doc>
<status status="PASS" start="2024-05-14T11:12:00.680203" elapsed="0.000752"/>
</kw>
<kw name="Log" owner="BuiltIn">
<msg time="2024-05-14T11:12:00.681485" level="INFO">25863</msg>
<arg>${json_data['results'][0]['location']['postcode']}</arg>
<doc>Logs the given message with the given level.</doc>
<status status="PASS" start="2024-05-14T11:12:00.681148" elapsed="0.000376"/>
</kw>
<status status="PASS" start="2024-05-14T11:12:00.585552" elapsed="0.096219"/>
</kw>
<doc>Testa se os tipos de dados na resposta da API estão corretos.</doc>
<tag>testeTiposDados</tag>
<status status="PASS" start="2024-05-14T11:12:00.492856" elapsed="0.189071"/>
</test>
<test id="s1-s1-t5" name="Validar conteudo" line="35">
<kw name="Teste de Tipos de Conteudo" owner="random-user-service">
<kw name="GET On Session" owner="RequestsLibrary">
<msg time="2024-05-14T11:12:00.775878" level="INFO">GET Request : url=https://randomuser.me/api 
 path_url=/api 
 headers={'User-Agent': 'python-requests/2.31.0', 'Accept-Encoding': 'gzip, deflate', 'Accept': '*/*', 'Connection': 'keep-alive'} 
 body=None 
 </msg>
<msg time="2024-05-14T11:12:00.775942" level="INFO">GET Response : url=https://randomuser.me/api 
 status=200, reason=OK 
 headers={'Date': 'Tue, 14 May 2024 11:12:00 GMT', 'Content-Type': 'application/json; charset=utf-8', 'Transfer-Encoding': 'chunked', 'Connection': 'keep-alive', 'X-Powered-By': 'Express', 'Access-Control-Allow-Origin': '*', 'Cache-Control': 'no-cache', 'ETag': 'W/"490-oDRRPDQHEv6IVhm830BBhHTXpoU"', 'Vary': 'Accept-Encoding', 'Content-Encoding': 'gzip', 'CF-Cache-Status': 'DYNAMIC', 'Report-To': '{"endpoints":[{"url":"https:\\/\\/a.nel.cloudflare.com\\/report\\/v4?s=rTzxgeZojb3LZ9IEEr05VvqWB%2FGRdb61hS7vSNtQYaK84CXJ73wk3%2BshF4iZ1KKgmCe01pqsX%2F3tS2YzTIdarcS80nm6EcKw2pgHf%2FZI44rnXCrb8dguV1VWfqZa63Yg"}],"group":"cf-nel","max_age":604800}', 'NEL': '{"success_fraction":0,"report_to":"cf-nel","max_age":604800}', 'Server': 'cloudflare', 'CF-RAY': '883a73644da2293d-ORD', 'alt-svc': 'h3=":443"; ma=86400'} 
 body={"results":[{"gender":"male","name":{"title":"Mr","first":"Gorimir","last":"Balickiy"},"location":{"street":{"number":8364,"name":"Yavorivskiy provulok"},"city":"Alupka","state":"Kiyivska","country":"Ukraine","postcode":65887,"coordinates":{"latitude":"78.7020","longitude":"-47.0578"},"timezone":{"offset":"+10:00","description":"Eastern Australia, Guam, Vladivostok"}},"email":"gorimir.balickiy@example.com","login":{"uuid":"40fdf069-5c69-4189-8d00-feb8f26083e9","username":"angrybird963","password":"surfer1","salt":"vXAMhHMH","md5":"f81f34c11623394a8a46a2c52e90d169","sha1":"47cdbd4ffab3ebc5fba3a04a15f370eafe455a31","sha256":"e43020e78db0c04359861fe882d17175b82fad51f1f1969ad539a9c9657c0374"},"dob":{"date":"1996-03-07T10:28:58.202Z","age":28},"registered":{"date":"2017-05-04T04:13:58.855Z","age":7},"phone":"(099) E40-5195","cell":"(068) Q82-0923","id":{"name":"","value":null},"picture":{"large":"https://randomuser.me/api/portraits/men/51.jpg","medium":"https://randomuser.me/api/portraits/med/men/51.jpg","thumbnail":"https://randomuser.me/api/portraits/thumb/men/51.jpg"},"nat":"UA"}],"info":{"seed":"9453709269c00433","results":1,"page":1,"version":"1.4"}} 
 </msg>
<msg time="2024-05-14T11:12:00.775996" level="INFO">/opt/hostedtoolcache/Python/3.12.3/x64/lib/python3.12/site-packages/urllib3/connectionpool.py:1103: InsecureRequestWarning: Unverified HTTPS request is being made to host 'randomuser.me'. Adding certificate verification is strongly advised. See: https://urllib3.readthedocs.io/en/latest/advanced-usage.html#tls-warnings
  warnings.warn(</msg>
<msg time="2024-05-14T11:12:00.776079" level="INFO">${response} = &lt;Response [200]&gt;</msg>
<var>${response}</var>
<arg>consultarAPI</arg>
<arg>/api</arg>
<doc>Sends a GET request on a previously created HTTP Session.</doc>
<status status="PASS" start="2024-05-14T11:12:00.684389" elapsed="0.091729"/>
</kw>
<kw name="Set Variable" owner="BuiltIn">
<msg time="2024-05-14T11:12:00.777113" level="INFO">${json_data} = {'results': [{'gender': 'male', 'name': {'title': 'Mr', 'first': 'Gorimir', 'last': 'Balickiy'}, 'location': {'street': {'number': 8364, 'name': 'Yavorivskiy provulok'}, 'city': 'Alupka', 'state': 'Ki...</msg>
<var>${json_data}</var>
<arg>${response.json()}</arg>
<doc>Returns the given values which can then be assigned to a variables.</doc>
<status status="PASS" start="2024-05-14T11:12:00.776569" elapsed="0.000572"/>
</kw>
<kw name="Set Variable" owner="BuiltIn">
<msg time="2024-05-14T11:12:00.777845" level="INFO">${name_title} = Mr</msg>
<var>${name_title}</var>
<arg>${json_data["results"][0]["name"]["title"]}</arg>
<doc>Returns the given values which can then be assigned to a variables.</doc>
<status status="PASS" start="2024-05-14T11:12:00.777458" elapsed="0.000413"/>
</kw>
<kw name="Create List" owner="BuiltIn">
<msg time="2024-05-14T11:12:00.778318" level="INFO">${allowed_titles} = ['Mr', 'Ms', 'Miss', 'Mrs', 'Madame', 'Monsieur']</msg>
<var>${allowed_titles}</var>
<arg>Mr</arg>
<arg>Ms</arg>
<arg>Miss</arg>
<arg>Mrs</arg>
<arg>Madame</arg>
<arg>Monsieur</arg>
<doc>Returns a list containing given items.</doc>
<status status="PASS" start="2024-05-14T11:12:00.778170" elapsed="0.000172"/>
</kw>
<kw name="List Should Contain Value" owner="Collections">
<msg time="2024-05-14T11:12:00.778803" level="INFO">False</msg>
<arg>${allowed_titles}</arg>
<arg>${name_title}</arg>
<doc>Fails if the ``value`` is not found from ``list``.</doc>
<status status="PASS" start="2024-05-14T11:12:00.778637" elapsed="0.000202"/>
</kw>
<kw name="Set Variable" owner="BuiltIn">
<msg time="2024-05-14T11:12:00.779555" level="INFO">${name_country} = UA</msg>
<var>${name_country}</var>
<arg>${json_data["results"][0]["nat"]}</arg>
<doc>Returns the given values which can then be assigned to a variables.</doc>
<status status="PASS" start="2024-05-14T11:12:00.779169" elapsed="0.000411"/>
</kw>
<kw name="Create List" owner="BuiltIn">
<msg time="2024-05-14T11:12:00.780479" level="INFO">${list_country} = ['AD', 'AE', 'AF', 'AG', 'AI', 'AL', 'AM', 'AO', 'AQ', 'AR', 'AS', 'AT', 'AU', 'AW', 'AX', 'AZ', 'BA', 'BB', 'BD', 'BE', 'BF', 'BG', 'BH', 'BI', 'BJ', 'BL', 'BM', 'BN', 'BO', 'BQ', 'BR', 'BS', 'BT', '...</msg>
<var>${list_country}</var>
<arg>AD</arg>
<arg>AE</arg>
<arg>AF</arg>
<arg>AG</arg>
<arg>AI</arg>
<arg>AL</arg>
<arg>AM</arg>
<arg>AO</arg>
<arg>AQ</arg>
<arg>AR</arg>
<arg>AS</arg>
<arg>AT</arg>
<arg>AU</arg>
<arg>AW</arg>
<arg>AX</arg>
<arg>AZ</arg>
<arg>BA</arg>
<arg>BB</arg>
<arg>BD</arg>
<arg>BE</arg>
<arg>BF</arg>
<arg>BG</arg>
<arg>BH</arg>
<arg>BI</arg>
<arg>BJ</arg>
<arg>BL</arg>
<arg>BM</arg>
<arg>BN</arg>
<arg>BO</arg>
<arg>BQ</arg>
<arg>BR</arg>
<arg>BS</arg>
<arg>BT</arg>
<arg>BV</arg>
<arg>BW</arg>
<arg>BY</arg>
<arg>BZ</arg>
<arg>CA</arg>
<arg>CC</arg>
<arg>CD</arg>
<arg>CF</arg>
<arg>CG</arg>
<arg>CH</arg>
<arg>CI</arg>
<arg>CK</arg>
<arg>CL</arg>
<arg>CM</arg>
<arg>CN</arg>
<arg>CO</arg>
<arg>CR</arg>
<arg>CU</arg>
<arg>CV</arg>
<arg>CW</arg>
<arg>CX</arg>
<arg>CY</arg>
<arg>CZ</arg>
<arg>DE</arg>
<arg>DJ</arg>
<arg>DK</arg>
<arg>DM</arg>
<arg>DO</arg>
<arg>DZ</arg>
<arg>EC</arg>
<arg>EE</arg>
<arg>EG</arg>
<arg>EH</arg>
<arg>ER</arg>
<arg>ES</arg>
<arg>ET</arg>
<arg>FI</arg>
<arg>FJ</arg>
<arg>FK</arg>
<arg>FM</arg>
<arg>FO</arg>
<arg>FR</arg>
<arg>GA</arg>
<arg>GB</arg>
<arg>GD</arg>
<arg>GE</arg>
<arg>GF</arg>
<arg>GG</arg>
<arg>GH</arg>
<arg>GI</arg>
<arg>GL</arg>
<arg>GM</arg>
<arg>GN</arg>
<arg>GP</arg>
<arg>GQ</arg>
<arg>GR</arg>
<arg>GS</arg>
<arg>GT</arg>
<arg>GU</arg>
<arg>GW</arg>
<arg>GY</arg>
<arg>HK</arg>
<arg>HM</arg>
<arg>HN</arg>
<arg>HR</arg>
<arg>HT</arg>
<arg>HU</arg>
<arg>ID</arg>
<arg>IE</arg>
<arg>IL</arg>
<arg>IM</arg>
<arg>IN</arg>
<arg>IO</arg>
<arg>IQ</arg>
<arg>IR</arg>
<arg>IS</arg>
<arg>IT</arg>
<arg>JE</arg>
<arg>JM</arg>
<arg>JO</arg>
<arg>JP</arg>
<arg>KE</arg>
<arg>KG</arg>
<arg>KH</arg>
<arg>KI</arg>
<arg>KM</arg>
<arg>KN</arg>
<arg>KP</arg>
<arg>KR</arg>
<arg>KW</arg>
<arg>KY</arg>
<arg>KZ</arg>
<arg>LA</arg>
<arg>LB</arg>
<arg>LC</arg>
<arg>LI</arg>
<arg>LK</arg>
<arg>LR</arg>
<arg>LS</arg>
<arg>LT</arg>
<arg>LU</arg>
<arg>LV</arg>
<arg>LY</arg>
<arg>MA</arg>
<arg>MC</arg>
<arg>MD</arg>
<arg>ME</arg>
<arg>MF</arg>
<arg>MG</arg>
<arg>MH</arg>
<arg>MK</arg>
<arg>ML</arg>
<arg>MM</arg>
<arg>MN</arg>
<arg>MO</arg>
<arg>MP</arg>
<arg>MQ</arg>
<arg>MR</arg>
<arg>MS</arg>
<arg>MT</arg>
<arg>MU</arg>
<arg>MV</arg>
<arg>MW</arg>
<arg>MX</arg>
<arg>MY</arg>
<arg>MZ</arg>
<arg>NA</arg>
<arg>NC</arg>
<arg>NE</arg>
<arg>NF</arg>
<arg>NG</arg>
<arg>NI</arg>
<arg>NL</arg>
<arg>NO</arg>
<arg>NP</arg>
<arg>NR</arg>
<arg>NU</arg>
<arg>NZ</arg>
<arg>OM</arg>
<arg>PA</arg>
<arg>PE</arg>
<arg>PF</arg>
<arg>PG</arg>
<arg>PH</arg>
<arg>PK</arg>
<arg>PL</arg>
<arg>PM</arg>
<arg>PN</arg>
<arg>PR</arg>
<arg>PS</arg>
<arg>PT</arg>
<arg>PW</arg>
<arg>PY</arg>
<arg>QA</arg>
<arg>RE</arg>
<arg>RO</arg>
<arg>RS</arg>
<arg>RU</arg>
<arg>RW</arg>
<arg>SA</arg>
<arg>SB</arg>
<arg>SC</arg>
<arg>SD</arg>
<arg>SE</arg>
<arg>SG</arg>
<arg>SH</arg>
<arg>SI</arg>
<arg>SJ</arg>
<arg>SK</arg>
<arg>SL</arg>
<arg>SM</arg>
<arg>SN</arg>
<arg>SO</arg>
<arg>SR</arg>
<arg>SS</arg>
<arg>ST</arg>
<arg>SV</arg>
<arg>SX</arg>
<arg>SY</arg>
<arg>SZ</arg>
<arg>TC</arg>
<arg>TD</arg>
<arg>TF</arg>
<arg>TG</arg>
<arg>TH</arg>
<arg>TJ</arg>
<arg>TK</arg>
<arg>TL</arg>
<arg>TM</arg>
<arg>TN</arg>
<arg>TO</arg>
<arg>TR</arg>
<arg>TT</arg>
<arg>TV</arg>
<arg>TW</arg>
<arg>TZ</arg>
<arg>UA</arg>
<arg>UG</arg>
<arg>UM</arg>
<arg>US</arg>
<arg>UY</arg>
<arg>UZ</arg>
<arg>VA</arg>
<arg>VC</arg>
<arg>VE</arg>
<arg>VG</arg>
<arg>VI</arg>
<arg>VN</arg>
<arg>VU</arg>
<arg>WF</arg>
<arg>WS</arg>
<arg>XK</arg>
<arg>YE</arg>
<arg>YT</arg>
<arg>ZA</arg>
<arg>ZM</arg>
<arg>ZW</arg>
<doc>Returns a list containing given items.</doc>
<status status="PASS" start="2024-05-14T11:12:00.779885" elapsed="0.000619"/>
</kw>
<kw name="List Should Contain Value" owner="Collections">
<msg time="2024-05-14T11:12:00.781484" level="INFO">False</msg>
<arg>${list_country}</arg>
<arg>${name_country}</arg>
<doc>Fails if the ``value`` is not found from ``list``.</doc>
<status status="PASS" start="2024-05-14T11:12:00.781285" elapsed="0.000236"/>
</kw>
<kw name="Run Keyword If" owner="BuiltIn">
<kw name="Should Be True" owner="BuiltIn">
<arg>${True}</arg>
<doc>Fails if the given condition is not true.</doc>
<status status="PASS" start="2024-05-14T11:12:00.782569" elapsed="0.000141"/>
</kw>
<arg>${json_data["results"][0]["location"]["coordinates"]["latitude"]} &gt;= -90 and ${json_data["results"][0]["location"]["coordinates"]["latitude"]} &lt;= 90</arg>
<arg>Should Be True</arg>
<arg>${True}</arg>
<doc>Runs the given keyword with the given arguments, if ``condition`` is true.</doc>
<status status="PASS" start="2024-05-14T11:12:00.781830" elapsed="0.001004"/>
</kw>
<kw name="Run Keyword If" owner="BuiltIn">
<kw name="Should Be True" owner="BuiltIn">
<arg>${True}</arg>
<doc>Fails if the given condition is not true.</doc>
<status status="PASS" start="2024-05-14T11:12:00.783753" elapsed="0.000241"/>
</kw>
<arg>${json_data["results"][0]["location"]["coordinates"]["longitude"]} &gt;= -180 and ${json_data["results"][0]["location"]["coordinates"]["longitude"]} &lt;= 180</arg>
<arg>Should Be True</arg>
<arg>${True}</arg>
<doc>Runs the given keyword with the given arguments, if ``condition`` is true.</doc>
<status status="PASS" start="2024-05-14T11:12:00.783020" elapsed="0.001103"/>
</kw>
<status status="PASS" start="2024-05-14T11:12:00.684172" elapsed="0.100082"/>
</kw>
<doc>Testa o conteúdo específico dos campos retornados pela API.</doc>
<tag>testeConteudo</tag>
<status status="PASS" start="2024-05-14T11:12:00.683683" elapsed="0.100714"/>
</test>
<status status="PASS" start="2024-05-14T11:11:59.994416" elapsed="0.791906"/>
</suite>
<status status="PASS" start="2024-05-14T11:11:59.980983" elapsed="0.810497"/>
</suite>
<statistics>
<total>
<stat pass="5" fail="0" skip="0">All Tests</stat>
</total>
<tag>
<stat pass="1" fail="0" skip="0">testeConteudo</stat>
<stat pass="1" fail="0" skip="0">testeEstruturaResposta</stat>
<stat pass="1" fail="0" skip="0">testeRequisicaoBasica</stat>
<stat pass="1" fail="0" skip="0">testeTiposDados</stat>
</tag>
<suite>
<stat pass="5" fail="0" skip="0" id="s1" name="Tests">Tests</stat>
<stat pass="5" fail="0" skip="0" id="s1-s1" name="Random-User-Test">Tests.Random-User-Test</stat>
</suite>
</statistics>
<errors>
</errors>
</robot>
