<?xml version="1.0" encoding="UTF-8"?>
<robot generator="Robot 7.0.1 (Python 3.12.4 on linux)" generated="2024-07-28T13:16:02.615857" rpa="false" schemaversion="5">
<suite id="s1" name="Tests" source="/home/runner/work/ApiRandomUser/ApiRandomUser/RamdonUser/tests">
<suite id="s1-s1" name="Random-User-Test" source="/home/runner/work/ApiRandomUser/ApiRandomUser/RamdonUser/tests/random-user-test.robot">
<test id="s1-s1-t1" name="Conectar" line="13">
<kw name="Conectar API" owner="random-user-service">
<kw name="Create Session" owner="RequestsLibrary">
<msg time="2024-07-28T13:16:03.022562" level="INFO">Creating Session using : alias=consultarAPI, url=https://randomuser.me/, headers={},                     cookies={}, auth=None, timeout=None, proxies=None, verify=False,                     debug=0 </msg>
<arg>consultarAPI</arg>
<arg>${URL}</arg>
<doc>Create Session: create a HTTP session to a server</doc>
<status status="PASS" start="2024-07-28T13:16:03.022351" elapsed="0.000411"/>
</kw>
<status status="PASS" start="2024-07-28T13:16:03.021214" elapsed="0.001931"/>
</kw>
<status status="PASS" start="2024-07-28T13:16:03.020552" elapsed="0.002807"/>
</test>
<test id="s1-s1-t2" name="Validar retorno 200 e JSON Válido" line="16">
<kw name="Teste de Requisicao Basica" owner="random-user-service">
<kw name="GET On Session" owner="RequestsLibrary">
<msg time="2024-07-28T13:16:03.454628" level="INFO">GET Request : url=https://randomuser.me/api 
 path_url=/api 
 headers={'User-Agent': 'python-requests/2.32.3', 'Accept-Encoding': 'gzip, deflate', 'Accept': '*/*', 'Connection': 'keep-alive'} 
 body=None 
 </msg>
<msg time="2024-07-28T13:16:03.454790" level="INFO">GET Response : url=https://randomuser.me/api 
 status=200, reason=OK 
 headers={'Date': 'Sun, 28 Jul 2024 13:16:03 GMT', 'Content-Type': 'application/json; charset=utf-8', 'Transfer-Encoding': 'chunked', 'Connection': 'keep-alive', 'X-Powered-By': 'Express', 'Access-Control-Allow-Origin': '*', 'Cache-Control': 'no-cache', 'ETag': 'W/"47b-5W4rMxNTv5gZLD7vV1s2E7tA/b0"', 'Vary': 'Accept-Encoding', 'Content-Encoding': 'gzip', 'CF-Cache-Status': 'DYNAMIC', 'Report-To': '{"endpoints":[{"url":"https:\\/\\/a.nel.cloudflare.com\\/report\\/v4?s=VOEJ%2BElaIZ9EG%2BEGP3IYP6aoAPIM%2BpT5dynKTucJtNYdtvavFuYz9aW%2FjstJwfXPst3pcDav8M2hEPA31qoieQAeVVN3gHDaQCzoIz2QXQnDS6UhAmb2MS8NXW8umgzN"}],"group":"cf-nel","max_age":604800}', 'NEL': '{"success_fraction":0,"report_to":"cf-nel","max_age":604800}', 'Server': 'cloudflare', 'CF-RAY': '8aa5243768b52a97-LAX', 'alt-svc': 'h3=":443"; ma=86400'} 
 body={"results":[{"gender":"female","name":{"title":"Ms","first":"Viivi","last":"Arola"},"location":{"street":{"number":6304,"name":"Suvantokatu"},"city":"Urjala","state":"Tavastia Proper","country":"Finland","postcode":25421,"coordinates":{"latitude":"-25.9333","longitude":"164.3350"},"timezone":{"offset":"+4:30","description":"Kabul"}},"email":"viivi.arola@example.com","login":{"uuid":"f0eaaded-2119-4a01-a232-c2fd21a0381a","username":"bluepeacock252","password":"chuck","salt":"dfLQbhii","md5":"299453a01811e41896349af618f19264","sha1":"7508e3c7c5a73eb8e1f9e86522bb56e91c5793c3","sha256":"34177362e9de88c485426292fc255db42af963c8dfdeecba3b3d67e42ccd26da"},"dob":{"date":"1999-01-05T00:50:54.937Z","age":25},"registered":{"date":"2019-02-11T23:22:14.227Z","age":5},"phone":"02-602-516","cell":"042-085-30-15","id":{"name":"HETU","value":"NaNNA510undefined"},"picture":{"large":"https://randomuser.me/api/portraits/women/17.jpg","medium":"https://randomuser.me/api/portraits/med/women/17.jpg","thumbnail":"https://randomuser.me/api/portraits/thumb/women/17.jpg"},"nat":"FI"}],"info":{"seed":"9299b08c2d1c79b6","results":1,"page":1,"version":"1.4"}} 
 </msg>
<msg time="2024-07-28T13:16:03.454870" level="INFO">/opt/hostedtoolcache/Python/3.12.4/x64/lib/python3.12/site-packages/urllib3/connectionpool.py:1099: InsecureRequestWarning: Unverified HTTPS request is being made to host 'randomuser.me'. Adding certificate verification is strongly advised. See: https://urllib3.readthedocs.io/en/latest/advanced-usage.html#tls-warnings
  warnings.warn(</msg>
<msg time="2024-07-28T13:16:03.455008" level="INFO">${response} = &lt;Response [200]&gt;</msg>
<var>${response}</var>
<arg>consultarAPI</arg>
<arg>/api</arg>
<doc>Sends a GET request on a previously created HTTP Session.</doc>
<status status="PASS" start="2024-07-28T13:16:03.026130" elapsed="0.428920"/>
</kw>
<kw name="Should Be Equal As Numbers" owner="BuiltIn">
<msg time="2024-07-28T13:16:03.456086" level="INFO">Argument types are:
&lt;class 'int'&gt;
&lt;class 'str'&gt;</msg>
<arg>${response.status_code}</arg>
<arg>200</arg>
<doc>Fails if objects are unequal after converting them to real numbers.</doc>
<status status="PASS" start="2024-07-28T13:16:03.455603" elapsed="0.000550"/>
</kw>
<kw name="Log" owner="BuiltIn">
<msg time="2024-07-28T13:16:03.456863" level="INFO">200</msg>
<arg>${response.status_code}</arg>
<doc>Logs the given message with the given level.</doc>
<status status="PASS" start="2024-07-28T13:16:03.456490" elapsed="0.000418"/>
</kw>
<kw name="Set Variable" owner="BuiltIn">
<msg time="2024-07-28T13:16:03.457685" level="INFO">${json_data} = {'results': [{'gender': 'female', 'name': {'title': 'Ms', 'first': 'Viivi', 'last': 'Arola'}, 'location': {'street': {'number': 6304, 'name': 'Suvantokatu'}, 'city': 'Urjala', 'state': 'Tavastia Prope...</msg>
<var>${json_data}</var>
<arg>${response.json()}</arg>
<doc>Returns the given values which can then be assigned to a variables.</doc>
<status status="PASS" start="2024-07-28T13:16:03.457227" elapsed="0.000488"/>
</kw>
<kw name="Dictionary Should Contain Key" owner="Collections">
<arg>${json_data}</arg>
<arg>results</arg>
<doc>Fails if ``key`` is not found from ``dictionary``.</doc>
<status status="PASS" start="2024-07-28T13:16:03.458029" elapsed="0.000377"/>
</kw>
<status status="PASS" start="2024-07-28T13:16:03.025866" elapsed="0.432720"/>
</kw>
<doc>Testa se a API responde corretamente e retorna um objeto JSON válido.</doc>
<tag>testeRequisicaoBasica</tag>
<status status="PASS" start="2024-07-28T13:16:03.025359" elapsed="0.433414"/>
</test>
<test id="s1-s1-t3" name="Validar estrutura de resposta" line="22">
<kw name="Teste de Estrutura de Resposta" owner="random-user-service">
<kw name="GET On Session" owner="RequestsLibrary">
<msg time="2024-07-28T13:16:03.575041" level="INFO">GET Request : url=https://randomuser.me/api 
 path_url=/api 
 headers={'User-Agent': 'python-requests/2.32.3', 'Accept-Encoding': 'gzip, deflate', 'Accept': '*/*', 'Connection': 'keep-alive'} 
 body=None 
 </msg>
<msg time="2024-07-28T13:16:03.575141" level="INFO">GET Response : url=https://randomuser.me/api 
 status=200, reason=OK 
 headers={'Date': 'Sun, 28 Jul 2024 13:16:03 GMT', 'Content-Type': 'application/json; charset=utf-8', 'Transfer-Encoding': 'chunked', 'Connection': 'keep-alive', 'X-Powered-By': 'Express', 'Access-Control-Allow-Origin': '*', 'Cache-Control': 'no-cache', 'ETag': 'W/"498-lM9Rc1JRUobAwfkQQQL+Vjv4yR8"', 'Vary': 'Accept-Encoding', 'Content-Encoding': 'gzip', 'CF-Cache-Status': 'DYNAMIC', 'Report-To': '{"endpoints":[{"url":"https:\\/\\/a.nel.cloudflare.com\\/report\\/v4?s=JeTYtuP%2FGriAOIVTmXWaa1HOwp7%2BdEzyAC7w97A9sTpBdZtVkvzF7XyWrrVK5ecEZGnKtxuRUNqR3%2Bc8i7BL6LWSxj4A16cqi07WbWLppglzIgeAPSE0Yy2enUCP0LY5"}],"group":"cf-nel","max_age":604800}', 'NEL': '{"success_fraction":0,"report_to":"cf-nel","max_age":604800}', 'Server': 'cloudflare', 'CF-RAY': '8aa52439ab322a97-LAX', 'alt-svc': 'h3=":443"; ma=86400'} 
 body={"results":[{"gender":"female","name":{"title":"Mrs","first":"Geetha","last":"Shayana"},"location":{"street":{"number":4093,"name":"Rani No Hajiro"},"city":"Hajipur","state":"Andhra Pradesh","country":"India","postcode":59191,"coordinates":{"latitude":"8.1620","longitude":"32.9768"},"timezone":{"offset":"+5:30","description":"Bombay, Calcutta, Madras, New Delhi"}},"email":"geetha.shayana@example.com","login":{"uuid":"3d7b6b50-892f-4f0f-9cf6-0c47e1410dbf","username":"greenbird793","password":"versace","salt":"Ll09b0LY","md5":"d4132a6ca459d0b8b088f26f1c5ad717","sha1":"b8a39a9ed9c021d62a4401379be9db4e5ec5cc0e","sha256":"aed93cef4c4fb51e5a912dd5c9219ee2810be17643dfac29b545995746db6264"},"dob":{"date":"1961-03-13T00:13:47.891Z","age":63},"registered":{"date":"2012-01-03T00:19:47.884Z","age":12},"phone":"7210879699","cell":"9920343356","id":{"name":"UIDAI","value":"640655711155"},"picture":{"large":"https://randomuser.me/api/portraits/women/89.jpg","medium":"https://randomuser.me/api/portraits/med/women/89.jpg","thumbnail":"https://randomuser.me/api/portraits/thumb/women/89.jpg"},"nat":"IN"}],"info":{"seed":"2847145bc55fe4fd","results":1,"page":1,"version":"1.4"}} 
 </msg>
<msg time="2024-07-28T13:16:03.575266" level="INFO">/opt/hostedtoolcache/Python/3.12.4/x64/lib/python3.12/site-packages/urllib3/connectionpool.py:1099: InsecureRequestWarning: Unverified HTTPS request is being made to host 'randomuser.me'. Adding certificate verification is strongly advised. See: https://urllib3.readthedocs.io/en/latest/advanced-usage.html#tls-warnings
  warnings.warn(</msg>
<msg time="2024-07-28T13:16:03.575391" level="INFO">${response} = &lt;Response [200]&gt;</msg>
<var>${response}</var>
<arg>consultarAPI</arg>
<arg>/api</arg>
<doc>Sends a GET request on a previously created HTTP Session.</doc>
<status status="PASS" start="2024-07-28T13:16:03.461604" elapsed="0.113829"/>
</kw>
<kw name="Set Variable" owner="BuiltIn">
<msg time="2024-07-28T13:16:03.576485" level="INFO">${json_data} = {'results': [{'gender': 'female', 'name': {'title': 'Mrs', 'first': 'Geetha', 'last': 'Shayana'}, 'location': {'street': {'number': 4093, 'name': 'Rani No Hajiro'}, 'city': 'Hajipur', 'state': 'Andhra...</msg>
<var>${json_data}</var>
<arg>${response.json()}</arg>
<doc>Returns the given values which can then be assigned to a variables.</doc>
<status status="PASS" start="2024-07-28T13:16:03.575947" elapsed="0.000569"/>
</kw>
<kw name="Log" owner="BuiltIn">
<msg time="2024-07-28T13:16:03.577012" level="INFO">{'results': [{'gender': 'female', 'name': {'title': 'Mrs', 'first': 'Geetha', 'last': 'Shayana'}, 'location': {'street': {'number': 4093, 'name': 'Rani No Hajiro'}, 'city': 'Hajipur', 'state': 'Andhra Pradesh', 'country': 'India', 'postcode': 59191, 'coordinates': {'latitude': '8.1620', 'longitude': '32.9768'}, 'timezone': {'offset': '+5:30', 'description': 'Bombay, Calcutta, Madras, New Delhi'}}, 'email': 'geetha.shayana@example.com', 'login': {'uuid': '3d7b6b50-892f-4f0f-9cf6-0c47e1410dbf', 'username': 'greenbird793', 'password': 'versace', 'salt': 'Ll09b0LY', 'md5': 'd4132a6ca459d0b8b088f26f1c5ad717', 'sha1': 'b8a39a9ed9c021d62a4401379be9db4e5ec5cc0e', 'sha256': 'aed93cef4c4fb51e5a912dd5c9219ee2810be17643dfac29b545995746db6264'}, 'dob': {'date': '1961-03-13T00:13:47.891Z', 'age': 63}, 'registered': {'date': '2012-01-03T00:19:47.884Z', 'age': 12}, 'phone': '7210879699', 'cell': '9920343356', 'id': {'name': 'UIDAI', 'value': '640655711155'}, 'picture': {'large': 'https://randomuser.me/api/portraits/women/89.jpg', 'medium': 'https://randomuser.me/api/portraits/med/women/89.jpg', 'thumbnail': 'https://randomuser.me/api/portraits/thumb/women/89.jpg'}, 'nat': 'IN'}], 'info': {'seed': '2847145bc55fe4fd', 'results': 1, 'page': 1, 'version': '1.4'}}</msg>
<arg>${json_data}</arg>
<doc>Logs the given message with the given level.</doc>
<status status="PASS" start="2024-07-28T13:16:03.576838" elapsed="0.000224"/>
</kw>
<kw name="Dictionary Should Contain Key" owner="Collections">
<arg>${json_data}</arg>
<arg>results</arg>
<doc>Fails if ``key`` is not found from ``dictionary``.</doc>
<status status="PASS" start="2024-07-28T13:16:03.577371" elapsed="0.000173"/>
</kw>
<kw name="Should Not Be Empty" owner="BuiltIn">
<msg time="2024-07-28T13:16:03.577878" level="INFO">Length is 2.</msg>
<arg>${json_data}</arg>
<doc>Verifies that the given item is not empty.</doc>
<status status="PASS" start="2024-07-28T13:16:03.577741" elapsed="0.000177"/>
</kw>
<kw name="Create List" owner="BuiltIn">
<msg time="2024-07-28T13:16:03.578432" level="INFO">${expected_keys} = ['gender', 'name', 'location', 'email', 'login']</msg>
<var>${expected_keys}</var>
<arg>gender</arg>
<arg>name</arg>
<arg>location</arg>
<arg>email</arg>
<arg>login</arg>
<doc>Returns a list containing given items.</doc>
<status status="PASS" start="2024-07-28T13:16:03.578257" elapsed="0.000201"/>
</kw>
<for flavor="IN">
<iter>
<kw name="Dictionary Should Contain Key" owner="Collections">
<arg>${json_data['results'][0]}</arg>
<arg>${key}</arg>
<doc>Fails if ``key`` is not found from ``dictionary``.</doc>
<status status="PASS" start="2024-07-28T13:16:03.579082" elapsed="0.000428"/>
</kw>
<kw name="Log" owner="BuiltIn">
<msg time="2024-07-28T13:16:03.580089" level="INFO">{'gender': 'female', 'name': {'title': 'Mrs', 'first': 'Geetha', 'last': 'Shayana'}, 'location': {'street': {'number': 4093, 'name': 'Rani No Hajiro'}, 'city': 'Hajipur', 'state': 'Andhra Pradesh', 'country': 'India', 'postcode': 59191, 'coordinates': {'latitude': '8.1620', 'longitude': '32.9768'}, 'timezone': {'offset': '+5:30', 'description': 'Bombay, Calcutta, Madras, New Delhi'}}, 'email': 'geetha.shayana@example.com', 'login': {'uuid': '3d7b6b50-892f-4f0f-9cf6-0c47e1410dbf', 'username': 'greenbird793', 'password': 'versace', 'salt': 'Ll09b0LY', 'md5': 'd4132a6ca459d0b8b088f26f1c5ad717', 'sha1': 'b8a39a9ed9c021d62a4401379be9db4e5ec5cc0e', 'sha256': 'aed93cef4c4fb51e5a912dd5c9219ee2810be17643dfac29b545995746db6264'}, 'dob': {'date': '1961-03-13T00:13:47.891Z', 'age': 63}, 'registered': {'date': '2012-01-03T00:19:47.884Z', 'age': 12}, 'phone': '7210879699', 'cell': '9920343356', 'id': {'name': 'UIDAI', 'value': '640655711155'}, 'picture': {'large': 'https://randomuser.me/api/portraits/women/89.jpg', 'medium': 'https://randomuser.me/api/portraits/med/women/89.jpg', 'thumbnail': 'https://randomuser.me/api/portraits/thumb/women/89.jpg'}, 'nat': 'IN'}</msg>
<arg>${json_data['results'][0]}</arg>
<doc>Logs the given message with the given level.</doc>
<status status="PASS" start="2024-07-28T13:16:03.579707" elapsed="0.000433"/>
</kw>
<kw name="Log" owner="BuiltIn">
<msg time="2024-07-28T13:16:03.580594" level="INFO">gender</msg>
<arg>${key}</arg>
<doc>Logs the given message with the given level.</doc>
<status status="PASS" start="2024-07-28T13:16:03.580457" elapsed="0.000178"/>
</kw>
<var name="${key}">gender</var>
<status status="PASS" start="2024-07-28T13:16:03.578946" elapsed="0.001920"/>
</iter>
<iter>
<kw name="Dictionary Should Contain Key" owner="Collections">
<arg>${json_data['results'][0]}</arg>
<arg>${key}</arg>
<doc>Fails if ``key`` is not found from ``dictionary``.</doc>
<status status="PASS" start="2024-07-28T13:16:03.581180" elapsed="0.000403"/>
</kw>
<kw name="Log" owner="BuiltIn">
<msg time="2024-07-28T13:16:03.582157" level="INFO">{'gender': 'female', 'name': {'title': 'Mrs', 'first': 'Geetha', 'last': 'Shayana'}, 'location': {'street': {'number': 4093, 'name': 'Rani No Hajiro'}, 'city': 'Hajipur', 'state': 'Andhra Pradesh', 'country': 'India', 'postcode': 59191, 'coordinates': {'latitude': '8.1620', 'longitude': '32.9768'}, 'timezone': {'offset': '+5:30', 'description': 'Bombay, Calcutta, Madras, New Delhi'}}, 'email': 'geetha.shayana@example.com', 'login': {'uuid': '3d7b6b50-892f-4f0f-9cf6-0c47e1410dbf', 'username': 'greenbird793', 'password': 'versace', 'salt': 'Ll09b0LY', 'md5': 'd4132a6ca459d0b8b088f26f1c5ad717', 'sha1': 'b8a39a9ed9c021d62a4401379be9db4e5ec5cc0e', 'sha256': 'aed93cef4c4fb51e5a912dd5c9219ee2810be17643dfac29b545995746db6264'}, 'dob': {'date': '1961-03-13T00:13:47.891Z', 'age': 63}, 'registered': {'date': '2012-01-03T00:19:47.884Z', 'age': 12}, 'phone': '7210879699', 'cell': '9920343356', 'id': {'name': 'UIDAI', 'value': '640655711155'}, 'picture': {'large': 'https://randomuser.me/api/portraits/women/89.jpg', 'medium': 'https://randomuser.me/api/portraits/med/women/89.jpg', 'thumbnail': 'https://randomuser.me/api/portraits/thumb/women/89.jpg'}, 'nat': 'IN'}</msg>
<arg>${json_data['results'][0]}</arg>
<doc>Logs the given message with the given level.</doc>
<status status="PASS" start="2024-07-28T13:16:03.581778" elapsed="0.000484"/>
</kw>
<kw name="Log" owner="BuiltIn">
<msg time="2024-07-28T13:16:03.582725" level="INFO">name</msg>
<arg>${key}</arg>
<doc>Logs the given message with the given level.</doc>
<status status="PASS" start="2024-07-28T13:16:03.582587" elapsed="0.000178"/>
</kw>
<var name="${key}">name</var>
<status status="PASS" start="2024-07-28T13:16:03.581062" elapsed="0.001932"/>
</iter>
<iter>
<kw name="Dictionary Should Contain Key" owner="Collections">
<arg>${json_data['results'][0]}</arg>
<arg>${key}</arg>
<doc>Fails if ``key`` is not found from ``dictionary``.</doc>
<status status="PASS" start="2024-07-28T13:16:03.583298" elapsed="0.000410"/>
</kw>
<kw name="Log" owner="BuiltIn">
<msg time="2024-07-28T13:16:03.584281" level="INFO">{'gender': 'female', 'name': {'title': 'Mrs', 'first': 'Geetha', 'last': 'Shayana'}, 'location': {'street': {'number': 4093, 'name': 'Rani No Hajiro'}, 'city': 'Hajipur', 'state': 'Andhra Pradesh', 'country': 'India', 'postcode': 59191, 'coordinates': {'latitude': '8.1620', 'longitude': '32.9768'}, 'timezone': {'offset': '+5:30', 'description': 'Bombay, Calcutta, Madras, New Delhi'}}, 'email': 'geetha.shayana@example.com', 'login': {'uuid': '3d7b6b50-892f-4f0f-9cf6-0c47e1410dbf', 'username': 'greenbird793', 'password': 'versace', 'salt': 'Ll09b0LY', 'md5': 'd4132a6ca459d0b8b088f26f1c5ad717', 'sha1': 'b8a39a9ed9c021d62a4401379be9db4e5ec5cc0e', 'sha256': 'aed93cef4c4fb51e5a912dd5c9219ee2810be17643dfac29b545995746db6264'}, 'dob': {'date': '1961-03-13T00:13:47.891Z', 'age': 63}, 'registered': {'date': '2012-01-03T00:19:47.884Z', 'age': 12}, 'phone': '7210879699', 'cell': '9920343356', 'id': {'name': 'UIDAI', 'value': '640655711155'}, 'picture': {'large': 'https://randomuser.me/api/portraits/women/89.jpg', 'medium': 'https://randomuser.me/api/portraits/med/women/89.jpg', 'thumbnail': 'https://randomuser.me/api/portraits/thumb/women/89.jpg'}, 'nat': 'IN'}</msg>
<arg>${json_data['results'][0]}</arg>
<doc>Logs the given message with the given level.</doc>
<status status="PASS" start="2024-07-28T13:16:03.583912" elapsed="0.000421"/>
</kw>
<kw name="Log" owner="BuiltIn">
<msg time="2024-07-28T13:16:03.584787" level="INFO">location</msg>
<arg>${key}</arg>
<doc>Logs the given message with the given level.</doc>
<status status="PASS" start="2024-07-28T13:16:03.584649" elapsed="0.000179"/>
</kw>
<var name="${key}">location</var>
<status status="PASS" start="2024-07-28T13:16:03.583184" elapsed="0.001871"/>
</iter>
<iter>
<kw name="Dictionary Should Contain Key" owner="Collections">
<arg>${json_data['results'][0]}</arg>
<arg>${key}</arg>
<doc>Fails if ``key`` is not found from ``dictionary``.</doc>
<status status="PASS" start="2024-07-28T13:16:03.585361" elapsed="0.000414"/>
</kw>
<kw name="Log" owner="BuiltIn">
<msg time="2024-07-28T13:16:03.586494" level="INFO">{'gender': 'female', 'name': {'title': 'Mrs', 'first': 'Geetha', 'last': 'Shayana'}, 'location': {'street': {'number': 4093, 'name': 'Rani No Hajiro'}, 'city': 'Hajipur', 'state': 'Andhra Pradesh', 'country': 'India', 'postcode': 59191, 'coordinates': {'latitude': '8.1620', 'longitude': '32.9768'}, 'timezone': {'offset': '+5:30', 'description': 'Bombay, Calcutta, Madras, New Delhi'}}, 'email': 'geetha.shayana@example.com', 'login': {'uuid': '3d7b6b50-892f-4f0f-9cf6-0c47e1410dbf', 'username': 'greenbird793', 'password': 'versace', 'salt': 'Ll09b0LY', 'md5': 'd4132a6ca459d0b8b088f26f1c5ad717', 'sha1': 'b8a39a9ed9c021d62a4401379be9db4e5ec5cc0e', 'sha256': 'aed93cef4c4fb51e5a912dd5c9219ee2810be17643dfac29b545995746db6264'}, 'dob': {'date': '1961-03-13T00:13:47.891Z', 'age': 63}, 'registered': {'date': '2012-01-03T00:19:47.884Z', 'age': 12}, 'phone': '7210879699', 'cell': '9920343356', 'id': {'name': 'UIDAI', 'value': '640655711155'}, 'picture': {'large': 'https://randomuser.me/api/portraits/women/89.jpg', 'medium': 'https://randomuser.me/api/portraits/med/women/89.jpg', 'thumbnail': 'https://randomuser.me/api/portraits/thumb/women/89.jpg'}, 'nat': 'IN'}</msg>
<arg>${json_data['results'][0]}</arg>
<doc>Logs the given message with the given level.</doc>
<status status="PASS" start="2024-07-28T13:16:03.586094" elapsed="0.000450"/>
</kw>
<kw name="Log" owner="BuiltIn">
<msg time="2024-07-28T13:16:03.586992" level="INFO">email</msg>
<arg>${key}</arg>
<doc>Logs the given message with the given level.</doc>
<status status="PASS" start="2024-07-28T13:16:03.586855" elapsed="0.000179"/>
</kw>
<var name="${key}">email</var>
<status status="PASS" start="2024-07-28T13:16:03.585245" elapsed="0.002018"/>
</iter>
<iter>
<kw name="Dictionary Should Contain Key" owner="Collections">
<arg>${json_data['results'][0]}</arg>
<arg>${key}</arg>
<doc>Fails if ``key`` is not found from ``dictionary``.</doc>
<status status="PASS" start="2024-07-28T13:16:03.587563" elapsed="0.000397"/>
</kw>
<kw name="Log" owner="BuiltIn">
<msg time="2024-07-28T13:16:03.588530" level="INFO">{'gender': 'female', 'name': {'title': 'Mrs', 'first': 'Geetha', 'last': 'Shayana'}, 'location': {'street': {'number': 4093, 'name': 'Rani No Hajiro'}, 'city': 'Hajipur', 'state': 'Andhra Pradesh', 'country': 'India', 'postcode': 59191, 'coordinates': {'latitude': '8.1620', 'longitude': '32.9768'}, 'timezone': {'offset': '+5:30', 'description': 'Bombay, Calcutta, Madras, New Delhi'}}, 'email': 'geetha.shayana@example.com', 'login': {'uuid': '3d7b6b50-892f-4f0f-9cf6-0c47e1410dbf', 'username': 'greenbird793', 'password': 'versace', 'salt': 'Ll09b0LY', 'md5': 'd4132a6ca459d0b8b088f26f1c5ad717', 'sha1': 'b8a39a9ed9c021d62a4401379be9db4e5ec5cc0e', 'sha256': 'aed93cef4c4fb51e5a912dd5c9219ee2810be17643dfac29b545995746db6264'}, 'dob': {'date': '1961-03-13T00:13:47.891Z', 'age': 63}, 'registered': {'date': '2012-01-03T00:19:47.884Z', 'age': 12}, 'phone': '7210879699', 'cell': '9920343356', 'id': {'name': 'UIDAI', 'value': '640655711155'}, 'picture': {'large': 'https://randomuser.me/api/portraits/women/89.jpg', 'medium': 'https://randomuser.me/api/portraits/med/women/89.jpg', 'thumbnail': 'https://randomuser.me/api/portraits/thumb/women/89.jpg'}, 'nat': 'IN'}</msg>
<arg>${json_data['results'][0]}</arg>
<doc>Logs the given message with the given level.</doc>
<status status="PASS" start="2024-07-28T13:16:03.588154" elapsed="0.000426"/>
</kw>
<kw name="Log" owner="BuiltIn">
<msg time="2024-07-28T13:16:03.589025" level="INFO">login</msg>
<arg>${key}</arg>
<doc>Logs the given message with the given level.</doc>
<status status="PASS" start="2024-07-28T13:16:03.588889" elapsed="0.000176"/>
</kw>
<var name="${key}">login</var>
<status status="PASS" start="2024-07-28T13:16:03.587449" elapsed="0.001845"/>
</iter>
<var>${key}</var>
<value>@{expected_keys}</value>
<status status="PASS" start="2024-07-28T13:16:03.578735" elapsed="0.010688"/>
</for>
<kw name="Create List" owner="BuiltIn">
<msg time="2024-07-28T13:16:03.589772" level="INFO">${expected_keysTwo} = ['username', 'password']</msg>
<var>${expected_keysTwo}</var>
<arg>username</arg>
<arg>password</arg>
<doc>Returns a list containing given items.</doc>
<status status="PASS" start="2024-07-28T13:16:03.589625" elapsed="0.000201"/>
</kw>
<for flavor="IN">
<iter>
<kw name="Dictionary Should Contain Key" owner="Collections">
<arg>${json_data['results'][0]['login']}</arg>
<arg>${keyTwo}</arg>
<doc>Fails if ``key`` is not found from ``dictionary``.</doc>
<status status="PASS" start="2024-07-28T13:16:03.590389" elapsed="0.000401"/>
</kw>
<kw name="Dictionary Should Contain Key" owner="Collections">
<arg>${json_data['results'][0]['login']}</arg>
<arg>${keyTwo}</arg>
<doc>Fails if ``key`` is not found from ``dictionary``.</doc>
<status status="PASS" start="2024-07-28T13:16:03.590985" elapsed="0.000389"/>
</kw>
<kw name="Log" owner="BuiltIn">
<msg time="2024-07-28T13:16:03.591695" level="INFO">username</msg>
<arg>${keyTwo}</arg>
<doc>Logs the given message with the given level.</doc>
<status status="PASS" start="2024-07-28T13:16:03.591566" elapsed="0.000169"/>
</kw>
<var name="${keyTwo}">username</var>
<status status="PASS" start="2024-07-28T13:16:03.590265" elapsed="0.001704"/>
</iter>
<iter>
<kw name="Dictionary Should Contain Key" owner="Collections">
<arg>${json_data['results'][0]['login']}</arg>
<arg>${keyTwo}</arg>
<doc>Fails if ``key`` is not found from ``dictionary``.</doc>
<status status="PASS" start="2024-07-28T13:16:03.592273" elapsed="0.000447"/>
</kw>
<kw name="Dictionary Should Contain Key" owner="Collections">
<arg>${json_data['results'][0]['login']}</arg>
<arg>${keyTwo}</arg>
<doc>Fails if ``key`` is not found from ``dictionary``.</doc>
<status status="PASS" start="2024-07-28T13:16:03.592923" elapsed="0.000404"/>
</kw>
<kw name="Log" owner="BuiltIn">
<msg time="2024-07-28T13:16:03.593642" level="INFO">password</msg>
<arg>${keyTwo}</arg>
<doc>Logs the given message with the given level.</doc>
<status status="PASS" start="2024-07-28T13:16:03.593512" elapsed="0.000169"/>
</kw>
<var name="${keyTwo}">password</var>
<status status="PASS" start="2024-07-28T13:16:03.592155" elapsed="0.001757"/>
</iter>
<var>${keyTwo}</var>
<value>@{expected_keysTwo}</value>
<status status="PASS" start="2024-07-28T13:16:03.590081" elapsed="0.003961"/>
</for>
<status status="PASS" start="2024-07-28T13:16:03.461351" elapsed="0.132858"/>
</kw>
<doc>Testa a estrutura da resposta da API.</doc>
<tag>testeEstruturaResposta</tag>
<status status="PASS" start="2024-07-28T13:16:03.460698" elapsed="0.133683"/>
</test>
<test id="s1-s1-t4" name="Validar tipos de dados" line="28">
<kw name="Teste de Tipos de Dados" owner="random-user-service">
<kw name="GET On Session" owner="RequestsLibrary">
<msg time="2024-07-28T13:16:03.718168" level="INFO">GET Request : url=https://randomuser.me/api 
 path_url=/api 
 headers={'User-Agent': 'python-requests/2.32.3', 'Accept-Encoding': 'gzip, deflate', 'Accept': '*/*', 'Connection': 'keep-alive'} 
 body=None 
 </msg>
<msg time="2024-07-28T13:16:03.718298" level="INFO">GET Response : url=https://randomuser.me/api 
 status=200, reason=OK 
 headers={'Date': 'Sun, 28 Jul 2024 13:16:03 GMT', 'Content-Type': 'application/json; charset=utf-8', 'Transfer-Encoding': 'chunked', 'Connection': 'keep-alive', 'X-Powered-By': 'Express', 'Access-Control-Allow-Origin': '*', 'Cache-Control': 'no-cache', 'ETag': 'W/"492-+pwR8/9u6CcKYeMeEY+inywNxIA"', 'Vary': 'Accept-Encoding', 'Content-Encoding': 'gzip', 'CF-Cache-Status': 'DYNAMIC', 'Report-To': '{"endpoints":[{"url":"https:\\/\\/a.nel.cloudflare.com\\/report\\/v4?s=%2BU4jJfTwKGS4CR3Z1OQoL09Jr4%2BgazcK%2BUdKzHWADT60TgHRzVAZXAOWhGzTKyfuCwmwibOtJYPDjOTG7ewI%2Fuyf4dMplNVdXe9%2Br3GuNNQkyGljWquxvb8%2FAk5%2F3fHN"}],"group":"cf-nel","max_age":604800}', 'NEL': '{"success_fraction":0,"report_to":"cf-nel","max_age":604800}', 'Server': 'cloudflare', 'CF-RAY': '8aa5243a8bfd2a97-LAX', 'alt-svc': 'h3=":443"; ma=86400'} 
 body={"results":[{"gender":"female","name":{"title":"Mrs","first":"Slavomila","last":"Godovanec"},"location":{"street":{"number":2584,"name":"Pririchna"},"city":"Korostishiv","state":"Ivano-Frankivska","country":"Ukraine","postcode":74244,"coordinates":{"latitude":"74.2612","longitude":"109.3058"},"timezone":{"offset":"-12:00","description":"Eniwetok, Kwajalein"}},"email":"slavomila.godovanec@example.com","login":{"uuid":"d3a04b75-bc66-4e81-976f-a07d055e85e1","username":"yellowostrich112","password":"graphics","salt":"YxB5IeeC","md5":"d2466a9378ff0212b4da64a4e2048cc8","sha1":"de3cdebd91ce568bcce50d9e4bdc906f75ee8581","sha256":"6fdd74b5538e159bb167c11e50c5d2d0a2238699001f12b4dd062eac9de601bc"},"dob":{"date":"1970-05-06T19:47:40.227Z","age":54},"registered":{"date":"2019-02-17T21:13:00.479Z","age":5},"phone":"(068) J95-3819","cell":"(099) E08-6840","id":{"name":"","value":null},"picture":{"large":"https://randomuser.me/api/portraits/women/1.jpg","medium":"https://randomuser.me/api/portraits/med/women/1.jpg","thumbnail":"https://randomuser.me/api/portraits/thumb/women/1.jpg"},"nat":"UA"}],"info":{"seed":"e8dcdff7297e614b","results":1,"page":1,"version":"1.4"}} 
 </msg>
<msg time="2024-07-28T13:16:03.718374" level="INFO">/opt/hostedtoolcache/Python/3.12.4/x64/lib/python3.12/site-packages/urllib3/connectionpool.py:1099: InsecureRequestWarning: Unverified HTTPS request is being made to host 'randomuser.me'. Adding certificate verification is strongly advised. See: https://urllib3.readthedocs.io/en/latest/advanced-usage.html#tls-warnings
  warnings.warn(</msg>
<msg time="2024-07-28T13:16:03.718497" level="INFO">${response} = &lt;Response [200]&gt;</msg>
<var>${response}</var>
<arg>consultarAPI</arg>
<arg>/api</arg>
<doc>Sends a GET request on a previously created HTTP Session.</doc>
<status status="PASS" start="2024-07-28T13:16:03.597042" elapsed="0.121495"/>
</kw>
<kw name="Set Variable" owner="BuiltIn">
<msg time="2024-07-28T13:16:03.719725" level="INFO">${json_data} = {'results': [{'gender': 'female', 'name': {'title': 'Mrs', 'first': 'Slavomila', 'last': 'Godovanec'}, 'location': {'street': {'number': 2584, 'name': 'Pririchna'}, 'city': 'Korostishiv', 'state': 'Iv...</msg>
<var>${json_data}</var>
<arg>${response.json()}</arg>
<doc>Returns the given values which can then be assigned to a variables.</doc>
<status status="PASS" start="2024-07-28T13:16:03.719185" elapsed="0.000568"/>
</kw>
<kw name="Log" owner="BuiltIn">
<msg time="2024-07-28T13:16:03.720247" level="INFO">{'results': [{'gender': 'female', 'name': {'title': 'Mrs', 'first': 'Slavomila', 'last': 'Godovanec'}, 'location': {'street': {'number': 2584, 'name': 'Pririchna'}, 'city': 'Korostishiv', 'state': 'Ivano-Frankivska', 'country': 'Ukraine', 'postcode': 74244, 'coordinates': {'latitude': '74.2612', 'longitude': '109.3058'}, 'timezone': {'offset': '-12:00', 'description': 'Eniwetok, Kwajalein'}}, 'email': 'slavomila.godovanec@example.com', 'login': {'uuid': 'd3a04b75-bc66-4e81-976f-a07d055e85e1', 'username': 'yellowostrich112', 'password': 'graphics', 'salt': 'YxB5IeeC', 'md5': 'd2466a9378ff0212b4da64a4e2048cc8', 'sha1': 'de3cdebd91ce568bcce50d9e4bdc906f75ee8581', 'sha256': '6fdd74b5538e159bb167c11e50c5d2d0a2238699001f12b4dd062eac9de601bc'}, 'dob': {'date': '1970-05-06T19:47:40.227Z', 'age': 54}, 'registered': {'date': '2019-02-17T21:13:00.479Z', 'age': 5}, 'phone': '(068) J95-3819', 'cell': '(099) E08-6840', 'id': {'name': '', 'value': None}, 'picture': {'large': 'https://randomuser.me/api/portraits/women/1.jpg', 'medium': 'https://randomuser.me/api/portraits/med/women/1.jpg', 'thumbnail': 'https://randomuser.me/api/portraits/thumb/women/1.jpg'}, 'nat': 'UA'}], 'info': {'seed': 'e8dcdff7297e614b', 'results': 1, 'page': 1, 'version': '1.4'}}</msg>
<arg>${json_data}</arg>
<doc>Logs the given message with the given level.</doc>
<status status="PASS" start="2024-07-28T13:16:03.720079" elapsed="0.000218"/>
</kw>
<kw name="Should Be String" owner="String">
<arg>${json_data['results'][0]['gender']}</arg>
<doc>Fails if the given ``item`` is not a string.</doc>
<status status="PASS" start="2024-07-28T13:16:03.720605" elapsed="0.000389"/>
</kw>
<kw name="Should Match Regexp" owner="BuiltIn">
<arg>${json_data['results'][0]['email']}</arg>
<arg>^[a-zA-Z0-9._%+-]+@[a-zA-Z0-9.-]+\.[a-zA-Z]{2,}$</arg>
<doc>Fails if ``string`` does not match ``pattern`` as a regular expression.</doc>
<status status="PASS" start="2024-07-28T13:16:03.721195" elapsed="0.000593"/>
</kw>
<kw name="Should Match Regexp" owner="BuiltIn">
<arg>${json_data['results'][0]['dob']['date']}</arg>
<arg>\\d{4}-\\d{2}-\\d{2}T\\d{2}:\\d{2}:\\d{2}\\.\\d{3}Z</arg>
<doc>Fails if ``string`` does not match ``pattern`` as a regular expression.</doc>
<status status="PASS" start="2024-07-28T13:16:03.721996" elapsed="0.000713"/>
</kw>
<kw name="Should Match Regexp" owner="BuiltIn">
<arg>${json_data['results'][0]['registered']['date']}</arg>
<arg>\\d{4}-\\d{2}-\\d{2}T\\d{2}:\\d{2}:\\d{2}\\.\\d{3}Z</arg>
<doc>Fails if ``string`` does not match ``pattern`` as a regular expression.</doc>
<status status="PASS" start="2024-07-28T13:16:03.722915" elapsed="0.000392"/>
</kw>
<kw name="Should Match Regexp" owner="BuiltIn">
<arg>${json_data['results'][0]['picture']['large']}</arg>
<arg>^https?://.*\.(?:png|jpe?g|gif|bmp)$</arg>
<doc>Fails if ``string`` does not match ``pattern`` as a regular expression.</doc>
<status status="PASS" start="2024-07-28T13:16:03.723513" elapsed="0.000484"/>
</kw>
<kw name="Should Match Regexp" owner="BuiltIn">
<arg>${json_data['results'][0]['picture']['medium']}</arg>
<arg>^https?://.*\.(?:png|jpe?g|gif|bmp)$</arg>
<doc>Fails if ``string`` does not match ``pattern`` as a regular expression.</doc>
<status status="PASS" start="2024-07-28T13:16:03.724215" elapsed="0.000375"/>
</kw>
<kw name="Should Match Regexp" owner="BuiltIn">
<arg>${json_data['results'][0]['picture']['thumbnail']}</arg>
<arg>^https?://.*\.(?:png|jpe?g|gif|bmp)$</arg>
<doc>Fails if ``string`` does not match ``pattern`` as a regular expression.</doc>
<status status="PASS" start="2024-07-28T13:16:03.724784" elapsed="0.000368"/>
</kw>
<kw name="Log" owner="BuiltIn">
<msg time="2024-07-28T13:16:03.725691" level="INFO">{'large': 'https://randomuser.me/api/portraits/women/1.jpg', 'medium': 'https://randomuser.me/api/portraits/med/women/1.jpg', 'thumbnail': 'https://randomuser.me/api/portraits/thumb/women/1.jpg'}</msg>
<arg>${json_data['results'][0]['picture']}</arg>
<doc>Logs the given message with the given level.</doc>
<status status="PASS" start="2024-07-28T13:16:03.725346" elapsed="0.000390"/>
</kw>
<status status="PASS" start="2024-07-28T13:16:03.596803" elapsed="0.129205"/>
</kw>
<kw name="Teste de Tipos de Dados - Postcode" owner="random-user-service">
<kw name="GET On Session" owner="RequestsLibrary">
<msg time="2024-07-28T13:16:03.851373" level="INFO">GET Request : url=https://randomuser.me/api 
 path_url=/api 
 headers={'User-Agent': 'python-requests/2.32.3', 'Accept-Encoding': 'gzip, deflate', 'Accept': '*/*', 'Connection': 'keep-alive'} 
 body=None 
 </msg>
<msg time="2024-07-28T13:16:03.851473" level="INFO">GET Response : url=https://randomuser.me/api 
 status=200, reason=OK 
 headers={'Date': 'Sun, 28 Jul 2024 13:16:03 GMT', 'Content-Type': 'application/json; charset=utf-8', 'Transfer-Encoding': 'chunked', 'Connection': 'keep-alive', 'X-Powered-By': 'Express', 'Access-Control-Allow-Origin': '*', 'Cache-Control': 'no-cache', 'ETag': 'W/"4ac-Qfzws+Spa5mmgB8+WY8XZWSiisA"', 'Vary': 'Accept-Encoding', 'Content-Encoding': 'gzip', 'CF-Cache-Status': 'DYNAMIC', 'Report-To': '{"endpoints":[{"url":"https:\\/\\/a.nel.cloudflare.com\\/report\\/v4?s=ZEAieZc2qDHvz%2B3hC5FiDJvJGCsOX%2Bcl93zkz8lbSq2oeFM6dQfqQ9cILhbOhtaKqgjsm1VUPDvNxGk6%2B1eFeX6LC5U2qxazPqffSHihi0u3KerEuIhfRiGp8J9D4T4I"}],"group":"cf-nel","max_age":604800}', 'NEL': '{"success_fraction":0,"report_to":"cf-nel","max_age":604800}', 'Server': 'cloudflare', 'CF-RAY': '8aa5243b5c992a97-LAX', 'alt-svc': 'h3=":443"; ma=86400'} 
 body={"results":[{"gender":"male","name":{"title":"Monsieur","first":"Grégoire","last":"Olivier"},"location":{"street":{"number":7994,"name":"Rue des Chartreux"},"city":"Blumenstein","state":"Zug","country":"Switzerland","postcode":5211,"coordinates":{"latitude":"-61.0302","longitude":"-106.3981"},"timezone":{"offset":"-6:00","description":"Central Time (US &amp; Canada), Mexico City"}},"email":"gregoire.olivier@example.com","login":{"uuid":"6c3cb1f7-6f5f-416e-8798-bd7d76c703dc","username":"organiclion745","password":"jungle","salt":"A8t0hx5r","md5":"613b252aaf50ce61eab8ef06f673674d","sha1":"2d47b87014b93b991850e270857eacfa2e3f5f60","sha256":"4040a530afa49bdb5a98cad39e5ded37d9061b3aa407cdee892eeed79759a38c"},"dob":{"date":"1992-06-03T13:06:42.567Z","age":32},"registered":{"date":"2011-03-16T03:48:48.923Z","age":13},"phone":"077 740 28 79","cell":"075 052 18 86","id":{"name":"AVS","value":"756.3002.9920.38"},"picture":{"large":"https://randomuser.me/api/portraits/men/84.jpg","medium":"https://randomuser.me/api/portraits/med/men/84.jpg","thumbnail":"https://randomuser.me/api/portraits/thumb/men/84.jpg"},"nat":"CH"}],"info":{"seed":"99910178df19841b","results":1,"page":1,"version":"1.4"}} 
 </msg>
<msg time="2024-07-28T13:16:03.851546" level="INFO">/opt/hostedtoolcache/Python/3.12.4/x64/lib/python3.12/site-packages/urllib3/connectionpool.py:1099: InsecureRequestWarning: Unverified HTTPS request is being made to host 'randomuser.me'. Adding certificate verification is strongly advised. See: https://urllib3.readthedocs.io/en/latest/advanced-usage.html#tls-warnings
  warnings.warn(</msg>
<msg time="2024-07-28T13:16:03.851668" level="INFO">${response} = &lt;Response [200]&gt;</msg>
<var>${response}</var>
<arg>consultarAPI</arg>
<arg>/api</arg>
<doc>Sends a GET request on a previously created HTTP Session.</doc>
<status status="PASS" start="2024-07-28T13:16:03.726529" elapsed="0.125179"/>
</kw>
<kw name="Set Variable" owner="BuiltIn">
<msg time="2024-07-28T13:16:03.852986" level="INFO">${json_data} = {'results': [{'gender': 'male', 'name': {'title': 'Monsieur', 'first': 'Grégoire', 'last': 'Olivier'}, 'location': {'street': {'number': 7994, 'name': 'Rue des Chartreux'}, 'city': 'Blumenstein', 'sta...</msg>
<var>${json_data}</var>
<arg>${response.json()}</arg>
<doc>Returns the given values which can then be assigned to a variables.</doc>
<status status="PASS" start="2024-07-28T13:16:03.852381" elapsed="0.000636"/>
</kw>
<kw name="Log" owner="BuiltIn">
<msg time="2024-07-28T13:16:03.853539" level="INFO">{'results': [{'gender': 'male', 'name': {'title': 'Monsieur', 'first': 'Grégoire', 'last': 'Olivier'}, 'location': {'street': {'number': 7994, 'name': 'Rue des Chartreux'}, 'city': 'Blumenstein', 'state': 'Zug', 'country': 'Switzerland', 'postcode': 5211, 'coordinates': {'latitude': '-61.0302', 'longitude': '-106.3981'}, 'timezone': {'offset': '-6:00', 'description': 'Central Time (US &amp; Canada), Mexico City'}}, 'email': 'gregoire.olivier@example.com', 'login': {'uuid': '6c3cb1f7-6f5f-416e-8798-bd7d76c703dc', 'username': 'organiclion745', 'password': 'jungle', 'salt': 'A8t0hx5r', 'md5': '613b252aaf50ce61eab8ef06f673674d', 'sha1': '2d47b87014b93b991850e270857eacfa2e3f5f60', 'sha256': '4040a530afa49bdb5a98cad39e5ded37d9061b3aa407cdee892eeed79759a38c'}, 'dob': {'date': '1992-06-03T13:06:42.567Z', 'age': 32}, 'registered': {'date': '2011-03-16T03:48:48.923Z', 'age': 13}, 'phone': '077 740 28 79', 'cell': '075 052 18 86', 'id': {'name': 'AVS', 'value': '756.3002.9920.38'}, 'picture': {'large': 'https://randomuser.me/api/portraits/men/84.jpg', 'medium': 'https://randomuser.me/api/portraits/med/men/84.jpg', 'thumbnail': 'https://randomuser.me/api/portraits/thumb/men/84.jpg'}, 'nat': 'CH'}], 'info': {'seed': '99910178df19841b', 'results': 1, 'page': 1, 'version': '1.4'}}</msg>
<arg>${json_data}</arg>
<doc>Logs the given message with the given level.</doc>
<status status="PASS" start="2024-07-28T13:16:03.853357" elapsed="0.000233"/>
</kw>
<kw name="Should Be Equal As Numbers" owner="BuiltIn">
<arg>${json_data['results'][0]['location']['postcode']}</arg>
<arg>${json_data['results'][0]['location']['postcode']}</arg>
<doc>Fails if objects are unequal after converting them to real numbers.</doc>
<status status="PASS" start="2024-07-28T13:16:03.853901" elapsed="0.000717"/>
</kw>
<kw name="Log" owner="BuiltIn">
<msg time="2024-07-28T13:16:03.855226" level="INFO">5211</msg>
<arg>${json_data['results'][0]['location']['postcode']}</arg>
<doc>Logs the given message with the given level.</doc>
<status status="PASS" start="2024-07-28T13:16:03.854830" elapsed="0.000439"/>
</kw>
<status status="PASS" start="2024-07-28T13:16:03.726276" elapsed="0.129269"/>
</kw>
<doc>Testa se os tipos de dados na resposta da API estão corretos.</doc>
<tag>testeTiposDados</tag>
<status status="PASS" start="2024-07-28T13:16:03.596218" elapsed="0.259510"/>
</test>
<test id="s1-s1-t5" name="Validar conteudo" line="35">
<kw name="Teste de Tipos de Conteudo" owner="random-user-service">
<kw name="GET On Session" owner="RequestsLibrary">
<msg time="2024-07-28T13:16:03.953378" level="INFO">GET Request : url=https://randomuser.me/api 
 path_url=/api 
 headers={'User-Agent': 'python-requests/2.32.3', 'Accept-Encoding': 'gzip, deflate', 'Accept': '*/*', 'Connection': 'keep-alive'} 
 body=None 
 </msg>
<msg time="2024-07-28T13:16:03.953485" level="INFO">GET Response : url=https://randomuser.me/api 
 status=200, reason=OK 
 headers={'Date': 'Sun, 28 Jul 2024 13:16:03 GMT', 'Content-Type': 'application/json; charset=utf-8', 'Transfer-Encoding': 'chunked', 'Connection': 'keep-alive', 'X-Powered-By': 'Express', 'Access-Control-Allow-Origin': '*', 'Cache-Control': 'no-cache', 'ETag': 'W/"475-qfkJI7+1fbBYa4tkeFwhkBKRMdI"', 'Vary': 'Accept-Encoding', 'Content-Encoding': 'gzip', 'CF-Cache-Status': 'DYNAMIC', 'Report-To': '{"endpoints":[{"url":"https:\\/\\/a.nel.cloudflare.com\\/report\\/v4?s=roqb%2BMd8e%2B5kZxlF8tkeiAQJl0CadlUnPJDatzylfZzGeGG5NCdZ0k0g4cLajYl5%2FIEm8UdZrEWaZyuVPQ9ux4oL%2FpiDwrUESYMkPNzQ6RuDy7aVCe%2BVPRtRLgIWlPid"}],"group":"cf-nel","max_age":604800}', 'NEL': '{"success_fraction":0,"report_to":"cf-nel","max_age":604800}', 'Server': 'cloudflare', 'CF-RAY': '8aa5243c2d3b2a97-LAX', 'alt-svc': 'h3=":443"; ma=86400'} 
 body={"results":[{"gender":"male","name":{"title":"Mr","first":"Derrick","last":"Garza"},"location":{"street":{"number":6503,"name":"Forest Ln"},"city":"Brisbane","state":"Tasmania","country":"Australia","postcode":6096,"coordinates":{"latitude":"-86.3569","longitude":"-124.5835"},"timezone":{"offset":"+5:45","description":"Kathmandu"}},"email":"derrick.garza@example.com","login":{"uuid":"44ca43ae-1a2f-49b1-a393-e907a23c51fb","username":"purpleelephant931","password":"children","salt":"fPj7LRhN","md5":"dc2184f25a15d0514ff968cc704b72cf","sha1":"9c58ce93ff7ecc6db6f593cf3d4598d0ed89433d","sha256":"172bda68d0448184adff455a3e5a6632bdced61bc21a29d3eaccfcfd9702d17c"},"dob":{"date":"1979-02-19T13:28:14.824Z","age":45},"registered":{"date":"2002-04-19T08:10:44.232Z","age":22},"phone":"06-1283-0977","cell":"0423-766-929","id":{"name":"TFN","value":"368842086"},"picture":{"large":"https://randomuser.me/api/portraits/men/45.jpg","medium":"https://randomuser.me/api/portraits/med/men/45.jpg","thumbnail":"https://randomuser.me/api/portraits/thumb/men/45.jpg"},"nat":"AU"}],"info":{"seed":"d95c968e659c2070","results":1,"page":1,"version":"1.4"}} 
 </msg>
<msg time="2024-07-28T13:16:03.953552" level="INFO">/opt/hostedtoolcache/Python/3.12.4/x64/lib/python3.12/site-packages/urllib3/connectionpool.py:1099: InsecureRequestWarning: Unverified HTTPS request is being made to host 'randomuser.me'. Adding certificate verification is strongly advised. See: https://urllib3.readthedocs.io/en/latest/advanced-usage.html#tls-warnings
  warnings.warn(</msg>
<msg time="2024-07-28T13:16:03.953664" level="INFO">${response} = &lt;Response [200]&gt;</msg>
<var>${response}</var>
<arg>consultarAPI</arg>
<arg>/api</arg>
<doc>Sends a GET request on a previously created HTTP Session.</doc>
<status status="PASS" start="2024-07-28T13:16:03.858345" elapsed="0.095361"/>
</kw>
<kw name="Set Variable" owner="BuiltIn">
<msg time="2024-07-28T13:16:03.954791" level="INFO">${json_data} = {'results': [{'gender': 'male', 'name': {'title': 'Mr', 'first': 'Derrick', 'last': 'Garza'}, 'location': {'street': {'number': 6503, 'name': 'Forest Ln'}, 'city': 'Brisbane', 'state': 'Tasmania', 'co...</msg>
<var>${json_data}</var>
<arg>${response.json()}</arg>
<doc>Returns the given values which can then be assigned to a variables.</doc>
<status status="PASS" start="2024-07-28T13:16:03.954246" elapsed="0.000577"/>
</kw>
<kw name="Set Variable" owner="BuiltIn">
<msg time="2024-07-28T13:16:03.955563" level="INFO">${name_title} = Mr</msg>
<var>${name_title}</var>
<arg>${json_data["results"][0]["name"]["title"]}</arg>
<doc>Returns the given values which can then be assigned to a variables.</doc>
<status status="PASS" start="2024-07-28T13:16:03.955156" elapsed="0.000434"/>
</kw>
<kw name="Create List" owner="BuiltIn">
<msg time="2024-07-28T13:16:03.956061" level="INFO">${allowed_titles} = ['Mr', 'Ms', 'Miss', 'Mrs', 'Madame', 'Monsieur']</msg>
<var>${allowed_titles}</var>
<arg>Mr</arg>
<arg>Ms</arg>
<arg>Miss</arg>
<arg>Mrs</arg>
<arg>Madame</arg>
<arg>Monsieur</arg>
<doc>Returns a list containing given items.</doc>
<status status="PASS" start="2024-07-28T13:16:03.955903" elapsed="0.000184"/>
</kw>
<kw name="List Should Contain Value" owner="Collections">
<arg>${allowed_titles}</arg>
<arg>${name_title}</arg>
<doc>Fails if the ``value`` is not found from ``list``.</doc>
<status status="PASS" start="2024-07-28T13:16:03.956403" elapsed="0.000197"/>
</kw>
<kw name="Set Variable" owner="BuiltIn">
<msg time="2024-07-28T13:16:03.957190" level="INFO">${name_country} = AU</msg>
<var>${name_country}</var>
<arg>${json_data["results"][0]["nat"]}</arg>
<doc>Returns the given values which can then be assigned to a variables.</doc>
<status status="PASS" start="2024-07-28T13:16:03.956792" elapsed="0.000425"/>
</kw>
<kw name="Create List" owner="BuiltIn">
<msg time="2024-07-28T13:16:03.958130" level="INFO">${list_country} = ['AD', 'AE', 'AF', 'AG', 'AI', 'AL', 'AM', 'AO', 'AQ', 'AR', 'AS', 'AT', 'AU', 'AW', 'AX', 'AZ', 'BA', 'BB', 'BD', 'BE', 'BF', 'BG', 'BH', 'BI', 'BJ', 'BL', 'BM', 'BN', 'BO', 'BQ', 'BR', 'BS', 'BT', '...</msg>
<var>${list_country}</var>
<arg>AD</arg>
<arg>AE</arg>
<arg>AF</arg>
<arg>AG</arg>
<arg>AI</arg>
<arg>AL</arg>
<arg>AM</arg>
<arg>AO</arg>
<arg>AQ</arg>
<arg>AR</arg>
<arg>AS</arg>
<arg>AT</arg>
<arg>AU</arg>
<arg>AW</arg>
<arg>AX</arg>
<arg>AZ</arg>
<arg>BA</arg>
<arg>BB</arg>
<arg>BD</arg>
<arg>BE</arg>
<arg>BF</arg>
<arg>BG</arg>
<arg>BH</arg>
<arg>BI</arg>
<arg>BJ</arg>
<arg>BL</arg>
<arg>BM</arg>
<arg>BN</arg>
<arg>BO</arg>
<arg>BQ</arg>
<arg>BR</arg>
<arg>BS</arg>
<arg>BT</arg>
<arg>BV</arg>
<arg>BW</arg>
<arg>BY</arg>
<arg>BZ</arg>
<arg>CA</arg>
<arg>CC</arg>
<arg>CD</arg>
<arg>CF</arg>
<arg>CG</arg>
<arg>CH</arg>
<arg>CI</arg>
<arg>CK</arg>
<arg>CL</arg>
<arg>CM</arg>
<arg>CN</arg>
<arg>CO</arg>
<arg>CR</arg>
<arg>CU</arg>
<arg>CV</arg>
<arg>CW</arg>
<arg>CX</arg>
<arg>CY</arg>
<arg>CZ</arg>
<arg>DE</arg>
<arg>DJ</arg>
<arg>DK</arg>
<arg>DM</arg>
<arg>DO</arg>
<arg>DZ</arg>
<arg>EC</arg>
<arg>EE</arg>
<arg>EG</arg>
<arg>EH</arg>
<arg>ER</arg>
<arg>ES</arg>
<arg>ET</arg>
<arg>FI</arg>
<arg>FJ</arg>
<arg>FK</arg>
<arg>FM</arg>
<arg>FO</arg>
<arg>FR</arg>
<arg>GA</arg>
<arg>GB</arg>
<arg>GD</arg>
<arg>GE</arg>
<arg>GF</arg>
<arg>GG</arg>
<arg>GH</arg>
<arg>GI</arg>
<arg>GL</arg>
<arg>GM</arg>
<arg>GN</arg>
<arg>GP</arg>
<arg>GQ</arg>
<arg>GR</arg>
<arg>GS</arg>
<arg>GT</arg>
<arg>GU</arg>
<arg>GW</arg>
<arg>GY</arg>
<arg>HK</arg>
<arg>HM</arg>
<arg>HN</arg>
<arg>HR</arg>
<arg>HT</arg>
<arg>HU</arg>
<arg>ID</arg>
<arg>IE</arg>
<arg>IL</arg>
<arg>IM</arg>
<arg>IN</arg>
<arg>IO</arg>
<arg>IQ</arg>
<arg>IR</arg>
<arg>IS</arg>
<arg>IT</arg>
<arg>JE</arg>
<arg>JM</arg>
<arg>JO</arg>
<arg>JP</arg>
<arg>KE</arg>
<arg>KG</arg>
<arg>KH</arg>
<arg>KI</arg>
<arg>KM</arg>
<arg>KN</arg>
<arg>KP</arg>
<arg>KR</arg>
<arg>KW</arg>
<arg>KY</arg>
<arg>KZ</arg>
<arg>LA</arg>
<arg>LB</arg>
<arg>LC</arg>
<arg>LI</arg>
<arg>LK</arg>
<arg>LR</arg>
<arg>LS</arg>
<arg>LT</arg>
<arg>LU</arg>
<arg>LV</arg>
<arg>LY</arg>
<arg>MA</arg>
<arg>MC</arg>
<arg>MD</arg>
<arg>ME</arg>
<arg>MF</arg>
<arg>MG</arg>
<arg>MH</arg>
<arg>MK</arg>
<arg>ML</arg>
<arg>MM</arg>
<arg>MN</arg>
<arg>MO</arg>
<arg>MP</arg>
<arg>MQ</arg>
<arg>MR</arg>
<arg>MS</arg>
<arg>MT</arg>
<arg>MU</arg>
<arg>MV</arg>
<arg>MW</arg>
<arg>MX</arg>
<arg>MY</arg>
<arg>MZ</arg>
<arg>NA</arg>
<arg>NC</arg>
<arg>NE</arg>
<arg>NF</arg>
<arg>NG</arg>
<arg>NI</arg>
<arg>NL</arg>
<arg>NO</arg>
<arg>NP</arg>
<arg>NR</arg>
<arg>NU</arg>
<arg>NZ</arg>
<arg>OM</arg>
<arg>PA</arg>
<arg>PE</arg>
<arg>PF</arg>
<arg>PG</arg>
<arg>PH</arg>
<arg>PK</arg>
<arg>PL</arg>
<arg>PM</arg>
<arg>PN</arg>
<arg>PR</arg>
<arg>PS</arg>
<arg>PT</arg>
<arg>PW</arg>
<arg>PY</arg>
<arg>QA</arg>
<arg>RE</arg>
<arg>RO</arg>
<arg>RS</arg>
<arg>RU</arg>
<arg>RW</arg>
<arg>SA</arg>
<arg>SB</arg>
<arg>SC</arg>
<arg>SD</arg>
<arg>SE</arg>
<arg>SG</arg>
<arg>SH</arg>
<arg>SI</arg>
<arg>SJ</arg>
<arg>SK</arg>
<arg>SL</arg>
<arg>SM</arg>
<arg>SN</arg>
<arg>SO</arg>
<arg>SR</arg>
<arg>SS</arg>
<arg>ST</arg>
<arg>SV</arg>
<arg>SX</arg>
<arg>SY</arg>
<arg>SZ</arg>
<arg>TC</arg>
<arg>TD</arg>
<arg>TF</arg>
<arg>TG</arg>
<arg>TH</arg>
<arg>TJ</arg>
<arg>TK</arg>
<arg>TL</arg>
<arg>TM</arg>
<arg>TN</arg>
<arg>TO</arg>
<arg>TR</arg>
<arg>TT</arg>
<arg>TV</arg>
<arg>TW</arg>
<arg>TZ</arg>
<arg>UA</arg>
<arg>UG</arg>
<arg>UM</arg>
<arg>US</arg>
<arg>UY</arg>
<arg>UZ</arg>
<arg>VA</arg>
<arg>VC</arg>
<arg>VE</arg>
<arg>VG</arg>
<arg>VI</arg>
<arg>VN</arg>
<arg>VU</arg>
<arg>WF</arg>
<arg>WS</arg>
<arg>XK</arg>
<arg>YE</arg>
<arg>YT</arg>
<arg>ZA</arg>
<arg>ZM</arg>
<arg>ZW</arg>
<doc>Returns a list containing given items.</doc>
<status status="PASS" start="2024-07-28T13:16:03.957526" elapsed="0.000632"/>
</kw>
<kw name="List Should Contain Value" owner="Collections">
<arg>${list_country}</arg>
<arg>${name_country}</arg>
<doc>Fails if the ``value`` is not found from ``list``.</doc>
<status status="PASS" start="2024-07-28T13:16:03.959215" elapsed="0.000222"/>
</kw>
<kw name="Run Keyword If" owner="BuiltIn">
<kw name="Should Be True" owner="BuiltIn">
<arg>${True}</arg>
<doc>Fails if the given condition is not true.</doc>
<status status="PASS" start="2024-07-28T13:16:03.960442" elapsed="0.000153"/>
</kw>
<arg>${json_data["results"][0]["location"]["coordinates"]["latitude"]} &gt;= -90 and ${json_data["results"][0]["location"]["coordinates"]["latitude"]} &lt;= 90</arg>
<arg>Should Be True</arg>
<arg>${True}</arg>
<doc>Runs the given keyword with the given arguments, if ``condition`` is true.</doc>
<status status="PASS" start="2024-07-28T13:16:03.959652" elapsed="0.001078"/>
</kw>
<kw name="Run Keyword If" owner="BuiltIn">
<kw name="Should Be True" owner="BuiltIn">
<arg>${True}</arg>
<doc>Fails if the given condition is not true.</doc>
<status status="PASS" start="2024-07-28T13:16:03.961675" elapsed="0.000146"/>
</kw>
<arg>${json_data["results"][0]["location"]["coordinates"]["longitude"]} &gt;= -180 and ${json_data["results"][0]["location"]["coordinates"]["longitude"]} &lt;= 180</arg>
<arg>Should Be True</arg>
<arg>${True}</arg>
<doc>Runs the given keyword with the given arguments, if ``condition`` is true.</doc>
<status status="PASS" start="2024-07-28T13:16:03.960930" elapsed="0.001023"/>
</kw>
<status status="PASS" start="2024-07-28T13:16:03.858068" elapsed="0.104030"/>
</kw>
<doc>Testa o conteúdo específico dos campos retornados pela API.</doc>
<tag>testeConteudo</tag>
<status status="PASS" start="2024-07-28T13:16:03.857585" elapsed="0.104726"/>
</test>
<status status="PASS" start="2024-07-28T13:16:02.675752" elapsed="1.288623"/>
</suite>
<status status="PASS" start="2024-07-28T13:16:02.660573" elapsed="1.309021"/>
</suite>
<statistics>
<total>
<stat pass="5" fail="0" skip="0">All Tests</stat>
</total>
<tag>
<stat pass="1" fail="0" skip="0">testeConteudo</stat>
<stat pass="1" fail="0" skip="0">testeEstruturaResposta</stat>
<stat pass="1" fail="0" skip="0">testeRequisicaoBasica</stat>
<stat pass="1" fail="0" skip="0">testeTiposDados</stat>
</tag>
<suite>
<stat pass="5" fail="0" skip="0" id="s1" name="Tests">Tests</stat>
<stat pass="5" fail="0" skip="0" id="s1-s1" name="Random-User-Test">Tests.Random-User-Test</stat>
</suite>
</statistics>
<errors>
</errors>
</robot>
