<?xml version="1.0" encoding="UTF-8"?>
<robot generator="Robot 7.0.1 (Python 3.12.4 on linux)" generated="2024-06-22T23:13:19.111226" rpa="false" schemaversion="5">
<suite id="s1" name="Tests" source="/home/runner/work/ApiRandomUser/ApiRandomUser/RamdonUser/tests">
<suite id="s1-s1" name="Random-User-Test" source="/home/runner/work/ApiRandomUser/ApiRandomUser/RamdonUser/tests/random-user-test.robot">
<test id="s1-s1-t1" name="Conectar" line="13">
<kw name="Conectar API" owner="random-user-service">
<kw name="Create Session" owner="RequestsLibrary">
<msg time="2024-06-22T23:13:19.501435" level="INFO">Creating Session using : alias=consultarAPI, url=https://randomuser.me/, headers={},                     cookies={}, auth=None, timeout=None, proxies=None, verify=False,                     debug=0 </msg>
<arg>consultarAPI</arg>
<arg>${URL}</arg>
<doc>Create Session: create a HTTP session to a server</doc>
<status status="PASS" start="2024-06-22T23:13:19.501235" elapsed="0.000367"/>
</kw>
<status status="PASS" start="2024-06-22T23:13:19.500226" elapsed="0.001726"/>
</kw>
<status status="PASS" start="2024-06-22T23:13:19.499701" elapsed="0.002443"/>
</test>
<test id="s1-s1-t2" name="Validar retorno 200 e JSON Válido" line="16">
<kw name="Teste de Requisicao Basica" owner="random-user-service">
<kw name="GET On Session" owner="RequestsLibrary">
<msg time="2024-06-22T23:13:19.687628" level="INFO">GET Request : url=https://randomuser.me/api 
 path_url=/api 
 headers={'User-Agent': 'python-requests/2.32.3', 'Accept-Encoding': 'gzip, deflate', 'Accept': '*/*', 'Connection': 'keep-alive'} 
 body=None 
 </msg>
<msg time="2024-06-22T23:13:19.687812" level="INFO">GET Response : url=https://randomuser.me/api 
 status=200, reason=OK 
 headers={'Date': 'Sat, 22 Jun 2024 23:13:19 GMT', 'Content-Type': 'application/json; charset=utf-8', 'Transfer-Encoding': 'chunked', 'Connection': 'keep-alive', 'X-Powered-By': 'Express', 'Access-Control-Allow-Origin': '*', 'Cache-Control': 'no-cache', 'ETag': 'W/"482-LfHy4DuMrA3MwUXRgsfYrtudWSI"', 'Vary': 'Accept-Encoding', 'Content-Encoding': 'gzip', 'CF-Cache-Status': 'DYNAMIC', 'Report-To': '{"endpoints":[{"url":"https:\\/\\/a.nel.cloudflare.com\\/report\\/v4?s=doKkHSjOphvMUazwramoVbiB3sZsDt80bI3cYcydJ2m%2BsPSbvJ9gp9n904qBWSxT8uvHZAqK3gjMfoUy3pTmtdNfuzDJtP%2FHJBJLivAJK55JRkPe%2BeqvxK4ONlOQ3UwN"}],"group":"cf-nel","max_age":604800}', 'NEL': '{"success_fraction":0,"report_to":"cf-nel","max_age":604800}', 'Server': 'cloudflare', 'CF-RAY': '897feda1dd91082c-IAD', 'alt-svc': 'h3=":443"; ma=86400'} 
 body={"results":[{"gender":"male","name":{"title":"Mr","first":"Maiky","last":"Van den Bergen"},"location":{"street":{"number":6030,"name":"Iebeern"},"city":"Opsterland","state":"Friesland","country":"Netherlands","postcode":"7633 MR","coordinates":{"latitude":"32.7954","longitude":"-174.2696"},"timezone":{"offset":"+4:30","description":"Kabul"}},"email":"maiky.vandenbergen@example.com","login":{"uuid":"9ca9ca30-2982-426f-825a-016787e84a45","username":"goldenmouse119","password":"bullfrog","salt":"jJGlhy9W","md5":"ed1abb84d11880b43e7e6d66b03a2fb0","sha1":"e52b3d4c758467a5244afaf7acb92c7f3de2bcf4","sha256":"6d999178b6715adb5ed8fd523effeb3a7ff1387fb2c34810ee5e09d8aa05b701"},"dob":{"date":"1950-11-12T21:47:46.421Z","age":73},"registered":{"date":"2010-12-08T19:58:53.381Z","age":13},"phone":"(0210) 151963","cell":"(06) 20351403","id":{"name":"BSN","value":"40564173"},"picture":{"large":"https://randomuser.me/api/portraits/men/47.jpg","medium":"https://randomuser.me/api/portraits/med/men/47.jpg","thumbnail":"https://randomuser.me/api/portraits/thumb/men/47.jpg"},"nat":"NL"}],"info":{"seed":"f4ba5537dadac7ee","results":1,"page":1,"version":"1.4"}} 
 </msg>
<msg time="2024-06-22T23:13:19.687908" level="INFO">/opt/hostedtoolcache/Python/3.12.4/x64/lib/python3.12/site-packages/urllib3/connectionpool.py:1099: InsecureRequestWarning: Unverified HTTPS request is being made to host 'randomuser.me'. Adding certificate verification is strongly advised. See: https://urllib3.readthedocs.io/en/latest/advanced-usage.html#tls-warnings
  warnings.warn(</msg>
<msg time="2024-06-22T23:13:19.688072" level="INFO">${response} = &lt;Response [200]&gt;</msg>
<var>${response}</var>
<arg>consultarAPI</arg>
<arg>/api</arg>
<doc>Sends a GET request on a previously created HTTP Session.</doc>
<status status="PASS" start="2024-06-22T23:13:19.504865" elapsed="0.183250"/>
</kw>
<kw name="Should Be Equal As Numbers" owner="BuiltIn">
<msg time="2024-06-22T23:13:19.689230" level="INFO">Argument types are:
&lt;class 'int'&gt;
&lt;class 'str'&gt;</msg>
<arg>${response.status_code}</arg>
<arg>200</arg>
<doc>Fails if objects are unequal after converting them to real numbers.</doc>
<status status="PASS" start="2024-06-22T23:13:19.688737" elapsed="0.000559"/>
</kw>
<kw name="Log" owner="BuiltIn">
<msg time="2024-06-22T23:13:19.689959" level="INFO">200</msg>
<arg>${response.status_code}</arg>
<doc>Logs the given message with the given level.</doc>
<status status="PASS" start="2024-06-22T23:13:19.689612" elapsed="0.000391"/>
</kw>
<kw name="Set Variable" owner="BuiltIn">
<msg time="2024-06-22T23:13:19.690789" level="INFO">${json_data} = {'results': [{'gender': 'male', 'name': {'title': 'Mr', 'first': 'Maiky', 'last': 'Van den Bergen'}, 'location': {'street': {'number': 6030, 'name': 'Iebeern'}, 'city': 'Opsterland', 'state': 'Friesla...</msg>
<var>${json_data}</var>
<arg>${response.json()}</arg>
<doc>Returns the given values which can then be assigned to a variables.</doc>
<status status="PASS" start="2024-06-22T23:13:19.690345" elapsed="0.000472"/>
</kw>
<kw name="Dictionary Should Contain Key" owner="Collections">
<arg>${json_data}</arg>
<arg>results</arg>
<doc>Fails if ``key`` is not found from ``dictionary``.</doc>
<status status="PASS" start="2024-06-22T23:13:19.691117" elapsed="0.000171"/>
</kw>
<status status="PASS" start="2024-06-22T23:13:19.504598" elapsed="0.186841"/>
</kw>
<doc>Testa se a API responde corretamente e retorna um objeto JSON válido.</doc>
<tag>testeRequisicaoBasica</tag>
<status status="PASS" start="2024-06-22T23:13:19.504036" elapsed="0.187577"/>
</test>
<test id="s1-s1-t3" name="Validar estrutura de resposta" line="22">
<kw name="Teste de Estrutura de Resposta" owner="random-user-service">
<kw name="GET On Session" owner="RequestsLibrary">
<msg time="2024-06-22T23:13:19.788726" level="INFO">GET Request : url=https://randomuser.me/api 
 path_url=/api 
 headers={'User-Agent': 'python-requests/2.32.3', 'Accept-Encoding': 'gzip, deflate', 'Accept': '*/*', 'Connection': 'keep-alive'} 
 body=None 
 </msg>
<msg time="2024-06-22T23:13:19.788811" level="INFO">GET Response : url=https://randomuser.me/api 
 status=200, reason=OK 
 headers={'Date': 'Sat, 22 Jun 2024 23:13:19 GMT', 'Content-Type': 'application/json; charset=utf-8', 'Transfer-Encoding': 'chunked', 'Connection': 'keep-alive', 'X-Powered-By': 'Express', 'Access-Control-Allow-Origin': '*', 'Cache-Control': 'no-cache', 'ETag': 'W/"480-weUqjcYNw+JuoEz/giRmIeh7QgI"', 'Vary': 'Accept-Encoding', 'Content-Encoding': 'gzip', 'CF-Cache-Status': 'DYNAMIC', 'Report-To': '{"endpoints":[{"url":"https:\\/\\/a.nel.cloudflare.com\\/report\\/v4?s=3LMYX7CaIMFtHvwqxAWSxQQFptM93mwZfVOyWyQjfr7SuvKWl7YMoHFMQjH0QuW4aslkpcNmm4gxv5o4syR2CjKnv5I82RXa5wVAaBqm%2BsgnV7XdQPdObwhKCHiyzPYL"}],"group":"cf-nel","max_age":604800}', 'NEL': '{"success_fraction":0,"report_to":"cf-nel","max_age":604800}', 'Server': 'cloudflare', 'CF-RAY': '897feda21def082c-IAD', 'alt-svc': 'h3=":443"; ma=86400'} 
 body={"results":[{"gender":"male","name":{"title":"Mr","first":"Jagat","last":"Hiremath"},"location":{"street":{"number":8939,"name":"Somwar Peth"},"city":"Satna","state":"Haryana","country":"India","postcode":36612,"coordinates":{"latitude":"11.3077","longitude":"-94.9174"},"timezone":{"offset":"-7:00","description":"Mountain Time (US &amp; Canada)"}},"email":"jagat.hiremath@example.com","login":{"uuid":"752eed54-f9da-4bb2-90d9-c37dc3f89267","username":"ticklishmeercat804","password":"4417","salt":"9KZPQTig","md5":"486c30988c04e6de016d743b82d0c759","sha1":"4296f1cac58164f7af7ccc97aca49a905d3a9d02","sha256":"8d50d830c27e28bde65b49f5a40415bc3fe96cd320180b068ae2a45f884dea83"},"dob":{"date":"1958-06-01T20:52:58.283Z","age":66},"registered":{"date":"2011-02-04T01:59:34.560Z","age":13},"phone":"9195613419","cell":"7642797589","id":{"name":"UIDAI","value":"891391926801"},"picture":{"large":"https://randomuser.me/api/portraits/men/84.jpg","medium":"https://randomuser.me/api/portraits/med/men/84.jpg","thumbnail":"https://randomuser.me/api/portraits/thumb/men/84.jpg"},"nat":"IN"}],"info":{"seed":"d702b65cc4c69224","results":1,"page":1,"version":"1.4"}} 
 </msg>
<msg time="2024-06-22T23:13:19.788936" level="INFO">/opt/hostedtoolcache/Python/3.12.4/x64/lib/python3.12/site-packages/urllib3/connectionpool.py:1099: InsecureRequestWarning: Unverified HTTPS request is being made to host 'randomuser.me'. Adding certificate verification is strongly advised. See: https://urllib3.readthedocs.io/en/latest/advanced-usage.html#tls-warnings
  warnings.warn(</msg>
<msg time="2024-06-22T23:13:19.789060" level="INFO">${response} = &lt;Response [200]&gt;</msg>
<var>${response}</var>
<arg>consultarAPI</arg>
<arg>/api</arg>
<doc>Sends a GET request on a previously created HTTP Session.</doc>
<status status="PASS" start="2024-06-22T23:13:19.694660" elapsed="0.094452"/>
</kw>
<kw name="Set Variable" owner="BuiltIn">
<msg time="2024-06-22T23:13:19.790158" level="INFO">${json_data} = {'results': [{'gender': 'male', 'name': {'title': 'Mr', 'first': 'Jagat', 'last': 'Hiremath'}, 'location': {'street': {'number': 8939, 'name': 'Somwar Peth'}, 'city': 'Satna', 'state': 'Haryana', 'cou...</msg>
<var>${json_data}</var>
<arg>${response.json()}</arg>
<doc>Returns the given values which can then be assigned to a variables.</doc>
<status status="PASS" start="2024-06-22T23:13:19.789602" elapsed="0.000621"/>
</kw>
<kw name="Log" owner="BuiltIn">
<msg time="2024-06-22T23:13:19.790705" level="INFO">{'results': [{'gender': 'male', 'name': {'title': 'Mr', 'first': 'Jagat', 'last': 'Hiremath'}, 'location': {'street': {'number': 8939, 'name': 'Somwar Peth'}, 'city': 'Satna', 'state': 'Haryana', 'country': 'India', 'postcode': 36612, 'coordinates': {'latitude': '11.3077', 'longitude': '-94.9174'}, 'timezone': {'offset': '-7:00', 'description': 'Mountain Time (US &amp; Canada)'}}, 'email': 'jagat.hiremath@example.com', 'login': {'uuid': '752eed54-f9da-4bb2-90d9-c37dc3f89267', 'username': 'ticklishmeercat804', 'password': '4417', 'salt': '9KZPQTig', 'md5': '486c30988c04e6de016d743b82d0c759', 'sha1': '4296f1cac58164f7af7ccc97aca49a905d3a9d02', 'sha256': '8d50d830c27e28bde65b49f5a40415bc3fe96cd320180b068ae2a45f884dea83'}, 'dob': {'date': '1958-06-01T20:52:58.283Z', 'age': 66}, 'registered': {'date': '2011-02-04T01:59:34.560Z', 'age': 13}, 'phone': '9195613419', 'cell': '7642797589', 'id': {'name': 'UIDAI', 'value': '891391926801'}, 'picture': {'large': 'https://randomuser.me/api/portraits/men/84.jpg', 'medium': 'https://randomuser.me/api/portraits/med/men/84.jpg', 'thumbnail': 'https://randomuser.me/api/portraits/thumb/men/84.jpg'}, 'nat': 'IN'}], 'info': {'seed': 'd702b65cc4c69224', 'results': 1, 'page': 1, 'version': '1.4'}}</msg>
<arg>${json_data}</arg>
<doc>Logs the given message with the given level.</doc>
<status status="PASS" start="2024-06-22T23:13:19.790541" elapsed="0.000215"/>
</kw>
<kw name="Dictionary Should Contain Key" owner="Collections">
<arg>${json_data}</arg>
<arg>results</arg>
<doc>Fails if ``key`` is not found from ``dictionary``.</doc>
<status status="PASS" start="2024-06-22T23:13:19.791050" elapsed="0.000157"/>
</kw>
<kw name="Should Not Be Empty" owner="BuiltIn">
<msg time="2024-06-22T23:13:19.791512" level="INFO">Length is 2.</msg>
<arg>${json_data}</arg>
<doc>Verifies that the given item is not empty.</doc>
<status status="PASS" start="2024-06-22T23:13:19.791389" elapsed="0.000167"/>
</kw>
<kw name="Create List" owner="BuiltIn">
<msg time="2024-06-22T23:13:19.791995" level="INFO">${expected_keys} = ['gender', 'name', 'location', 'email', 'login']</msg>
<var>${expected_keys}</var>
<arg>gender</arg>
<arg>name</arg>
<arg>location</arg>
<arg>email</arg>
<arg>login</arg>
<doc>Returns a list containing given items.</doc>
<status status="PASS" start="2024-06-22T23:13:19.791849" elapsed="0.000170"/>
</kw>
<for flavor="IN">
<iter>
<kw name="Dictionary Should Contain Key" owner="Collections">
<arg>${json_data['results'][0]}</arg>
<arg>${key}</arg>
<doc>Fails if ``key`` is not found from ``dictionary``.</doc>
<status status="PASS" start="2024-06-22T23:13:19.792728" elapsed="0.000401"/>
</kw>
<kw name="Log" owner="BuiltIn">
<msg time="2024-06-22T23:13:19.793671" level="INFO">{'gender': 'male', 'name': {'title': 'Mr', 'first': 'Jagat', 'last': 'Hiremath'}, 'location': {'street': {'number': 8939, 'name': 'Somwar Peth'}, 'city': 'Satna', 'state': 'Haryana', 'country': 'India', 'postcode': 36612, 'coordinates': {'latitude': '11.3077', 'longitude': '-94.9174'}, 'timezone': {'offset': '-7:00', 'description': 'Mountain Time (US &amp; Canada)'}}, 'email': 'jagat.hiremath@example.com', 'login': {'uuid': '752eed54-f9da-4bb2-90d9-c37dc3f89267', 'username': 'ticklishmeercat804', 'password': '4417', 'salt': '9KZPQTig', 'md5': '486c30988c04e6de016d743b82d0c759', 'sha1': '4296f1cac58164f7af7ccc97aca49a905d3a9d02', 'sha256': '8d50d830c27e28bde65b49f5a40415bc3fe96cd320180b068ae2a45f884dea83'}, 'dob': {'date': '1958-06-01T20:52:58.283Z', 'age': 66}, 'registered': {'date': '2011-02-04T01:59:34.560Z', 'age': 13}, 'phone': '9195613419', 'cell': '7642797589', 'id': {'name': 'UIDAI', 'value': '891391926801'}, 'picture': {'large': 'https://randomuser.me/api/portraits/men/84.jpg', 'medium': 'https://randomuser.me/api/portraits/med/men/84.jpg', 'thumbnail': 'https://randomuser.me/api/portraits/thumb/men/84.jpg'}, 'nat': 'IN'}</msg>
<arg>${json_data['results'][0]}</arg>
<doc>Logs the given message with the given level.</doc>
<status status="PASS" start="2024-06-22T23:13:19.793314" elapsed="0.000407"/>
</kw>
<kw name="Log" owner="BuiltIn">
<msg time="2024-06-22T23:13:19.794149" level="INFO">gender</msg>
<arg>${key}</arg>
<doc>Logs the given message with the given level.</doc>
<status status="PASS" start="2024-06-22T23:13:19.794022" elapsed="0.000186"/>
</kw>
<var name="${key}">gender</var>
<status status="PASS" start="2024-06-22T23:13:19.792599" elapsed="0.001971"/>
</iter>
<iter>
<kw name="Dictionary Should Contain Key" owner="Collections">
<arg>${json_data['results'][0]}</arg>
<arg>${key}</arg>
<doc>Fails if ``key`` is not found from ``dictionary``.</doc>
<status status="PASS" start="2024-06-22T23:13:19.794866" elapsed="0.000425"/>
</kw>
<kw name="Log" owner="BuiltIn">
<msg time="2024-06-22T23:13:19.795846" level="INFO">{'gender': 'male', 'name': {'title': 'Mr', 'first': 'Jagat', 'last': 'Hiremath'}, 'location': {'street': {'number': 8939, 'name': 'Somwar Peth'}, 'city': 'Satna', 'state': 'Haryana', 'country': 'India', 'postcode': 36612, 'coordinates': {'latitude': '11.3077', 'longitude': '-94.9174'}, 'timezone': {'offset': '-7:00', 'description': 'Mountain Time (US &amp; Canada)'}}, 'email': 'jagat.hiremath@example.com', 'login': {'uuid': '752eed54-f9da-4bb2-90d9-c37dc3f89267', 'username': 'ticklishmeercat804', 'password': '4417', 'salt': '9KZPQTig', 'md5': '486c30988c04e6de016d743b82d0c759', 'sha1': '4296f1cac58164f7af7ccc97aca49a905d3a9d02', 'sha256': '8d50d830c27e28bde65b49f5a40415bc3fe96cd320180b068ae2a45f884dea83'}, 'dob': {'date': '1958-06-01T20:52:58.283Z', 'age': 66}, 'registered': {'date': '2011-02-04T01:59:34.560Z', 'age': 13}, 'phone': '9195613419', 'cell': '7642797589', 'id': {'name': 'UIDAI', 'value': '891391926801'}, 'picture': {'large': 'https://randomuser.me/api/portraits/men/84.jpg', 'medium': 'https://randomuser.me/api/portraits/med/men/84.jpg', 'thumbnail': 'https://randomuser.me/api/portraits/thumb/men/84.jpg'}, 'nat': 'IN'}</msg>
<arg>${json_data['results'][0]}</arg>
<doc>Logs the given message with the given level.</doc>
<status status="PASS" start="2024-06-22T23:13:19.795478" elapsed="0.000479"/>
</kw>
<kw name="Log" owner="BuiltIn">
<msg time="2024-06-22T23:13:19.796417" level="INFO">name</msg>
<arg>${key}</arg>
<doc>Logs the given message with the given level.</doc>
<status status="PASS" start="2024-06-22T23:13:19.796288" elapsed="0.000179"/>
</kw>
<var name="${key}">name</var>
<status status="PASS" start="2024-06-22T23:13:19.794755" elapsed="0.001960"/>
</iter>
<iter>
<kw name="Dictionary Should Contain Key" owner="Collections">
<arg>${json_data['results'][0]}</arg>
<arg>${key}</arg>
<doc>Fails if ``key`` is not found from ``dictionary``.</doc>
<status status="PASS" start="2024-06-22T23:13:19.797103" elapsed="0.000447"/>
</kw>
<kw name="Log" owner="BuiltIn">
<msg time="2024-06-22T23:13:19.798233" level="INFO">{'gender': 'male', 'name': {'title': 'Mr', 'first': 'Jagat', 'last': 'Hiremath'}, 'location': {'street': {'number': 8939, 'name': 'Somwar Peth'}, 'city': 'Satna', 'state': 'Haryana', 'country': 'India', 'postcode': 36612, 'coordinates': {'latitude': '11.3077', 'longitude': '-94.9174'}, 'timezone': {'offset': '-7:00', 'description': 'Mountain Time (US &amp; Canada)'}}, 'email': 'jagat.hiremath@example.com', 'login': {'uuid': '752eed54-f9da-4bb2-90d9-c37dc3f89267', 'username': 'ticklishmeercat804', 'password': '4417', 'salt': '9KZPQTig', 'md5': '486c30988c04e6de016d743b82d0c759', 'sha1': '4296f1cac58164f7af7ccc97aca49a905d3a9d02', 'sha256': '8d50d830c27e28bde65b49f5a40415bc3fe96cd320180b068ae2a45f884dea83'}, 'dob': {'date': '1958-06-01T20:52:58.283Z', 'age': 66}, 'registered': {'date': '2011-02-04T01:59:34.560Z', 'age': 13}, 'phone': '9195613419', 'cell': '7642797589', 'id': {'name': 'UIDAI', 'value': '891391926801'}, 'picture': {'large': 'https://randomuser.me/api/portraits/men/84.jpg', 'medium': 'https://randomuser.me/api/portraits/med/men/84.jpg', 'thumbnail': 'https://randomuser.me/api/portraits/thumb/men/84.jpg'}, 'nat': 'IN'}</msg>
<arg>${json_data['results'][0]}</arg>
<doc>Logs the given message with the given level.</doc>
<status status="PASS" start="2024-06-22T23:13:19.797821" elapsed="0.000464"/>
</kw>
<kw name="Log" owner="BuiltIn">
<msg time="2024-06-22T23:13:19.798715" level="INFO">location</msg>
<arg>${key}</arg>
<doc>Logs the given message with the given level.</doc>
<status status="PASS" start="2024-06-22T23:13:19.798585" elapsed="0.000167"/>
</kw>
<var name="${key}">location</var>
<status status="PASS" start="2024-06-22T23:13:19.796965" elapsed="0.002007"/>
</iter>
<iter>
<kw name="Dictionary Should Contain Key" owner="Collections">
<arg>${json_data['results'][0]}</arg>
<arg>${key}</arg>
<doc>Fails if ``key`` is not found from ``dictionary``.</doc>
<status status="PASS" start="2024-06-22T23:13:19.799251" elapsed="0.000479"/>
</kw>
<kw name="Log" owner="BuiltIn">
<msg time="2024-06-22T23:13:19.800558" level="INFO">{'gender': 'male', 'name': {'title': 'Mr', 'first': 'Jagat', 'last': 'Hiremath'}, 'location': {'street': {'number': 8939, 'name': 'Somwar Peth'}, 'city': 'Satna', 'state': 'Haryana', 'country': 'India', 'postcode': 36612, 'coordinates': {'latitude': '11.3077', 'longitude': '-94.9174'}, 'timezone': {'offset': '-7:00', 'description': 'Mountain Time (US &amp; Canada)'}}, 'email': 'jagat.hiremath@example.com', 'login': {'uuid': '752eed54-f9da-4bb2-90d9-c37dc3f89267', 'username': 'ticklishmeercat804', 'password': '4417', 'salt': '9KZPQTig', 'md5': '486c30988c04e6de016d743b82d0c759', 'sha1': '4296f1cac58164f7af7ccc97aca49a905d3a9d02', 'sha256': '8d50d830c27e28bde65b49f5a40415bc3fe96cd320180b068ae2a45f884dea83'}, 'dob': {'date': '1958-06-01T20:52:58.283Z', 'age': 66}, 'registered': {'date': '2011-02-04T01:59:34.560Z', 'age': 13}, 'phone': '9195613419', 'cell': '7642797589', 'id': {'name': 'UIDAI', 'value': '891391926801'}, 'picture': {'large': 'https://randomuser.me/api/portraits/men/84.jpg', 'medium': 'https://randomuser.me/api/portraits/med/men/84.jpg', 'thumbnail': 'https://randomuser.me/api/portraits/thumb/men/84.jpg'}, 'nat': 'IN'}</msg>
<arg>${json_data['results'][0]}</arg>
<doc>Logs the given message with the given level.</doc>
<status status="PASS" start="2024-06-22T23:13:19.800007" elapsed="0.000626"/>
</kw>
<kw name="Log" owner="BuiltIn">
<msg time="2024-06-22T23:13:19.801227" level="INFO">email</msg>
<arg>${key}</arg>
<doc>Logs the given message with the given level.</doc>
<status status="PASS" start="2024-06-22T23:13:19.801047" elapsed="0.000237"/>
</kw>
<var name="${key}">email</var>
<status status="PASS" start="2024-06-22T23:13:19.799143" elapsed="0.002436"/>
</iter>
<iter>
<kw name="Dictionary Should Contain Key" owner="Collections">
<arg>${json_data['results'][0]}</arg>
<arg>${key}</arg>
<doc>Fails if ``key`` is not found from ``dictionary``.</doc>
<status status="PASS" start="2024-06-22T23:13:19.801864" elapsed="0.000415"/>
</kw>
<kw name="Log" owner="BuiltIn">
<msg time="2024-06-22T23:13:19.802854" level="INFO">{'gender': 'male', 'name': {'title': 'Mr', 'first': 'Jagat', 'last': 'Hiremath'}, 'location': {'street': {'number': 8939, 'name': 'Somwar Peth'}, 'city': 'Satna', 'state': 'Haryana', 'country': 'India', 'postcode': 36612, 'coordinates': {'latitude': '11.3077', 'longitude': '-94.9174'}, 'timezone': {'offset': '-7:00', 'description': 'Mountain Time (US &amp; Canada)'}}, 'email': 'jagat.hiremath@example.com', 'login': {'uuid': '752eed54-f9da-4bb2-90d9-c37dc3f89267', 'username': 'ticklishmeercat804', 'password': '4417', 'salt': '9KZPQTig', 'md5': '486c30988c04e6de016d743b82d0c759', 'sha1': '4296f1cac58164f7af7ccc97aca49a905d3a9d02', 'sha256': '8d50d830c27e28bde65b49f5a40415bc3fe96cd320180b068ae2a45f884dea83'}, 'dob': {'date': '1958-06-01T20:52:58.283Z', 'age': 66}, 'registered': {'date': '2011-02-04T01:59:34.560Z', 'age': 13}, 'phone': '9195613419', 'cell': '7642797589', 'id': {'name': 'UIDAI', 'value': '891391926801'}, 'picture': {'large': 'https://randomuser.me/api/portraits/men/84.jpg', 'medium': 'https://randomuser.me/api/portraits/med/men/84.jpg', 'thumbnail': 'https://randomuser.me/api/portraits/thumb/men/84.jpg'}, 'nat': 'IN'}</msg>
<arg>${json_data['results'][0]}</arg>
<doc>Logs the given message with the given level.</doc>
<status status="PASS" start="2024-06-22T23:13:19.802464" elapsed="0.000453"/>
</kw>
<kw name="Log" owner="BuiltIn">
<msg time="2024-06-22T23:13:19.803366" level="INFO">login</msg>
<arg>${key}</arg>
<doc>Logs the given message with the given level.</doc>
<status status="PASS" start="2024-06-22T23:13:19.803232" elapsed="0.000172"/>
</kw>
<var name="${key}">login</var>
<status status="PASS" start="2024-06-22T23:13:19.801754" elapsed="0.001883"/>
</iter>
<var>${key}</var>
<value>@{expected_keys}</value>
<status status="PASS" start="2024-06-22T23:13:19.792413" elapsed="0.011348"/>
</for>
<kw name="Create List" owner="BuiltIn">
<msg time="2024-06-22T23:13:19.804103" level="INFO">${expected_keysTwo} = ['username', 'password']</msg>
<var>${expected_keysTwo}</var>
<arg>username</arg>
<arg>password</arg>
<doc>Returns a list containing given items.</doc>
<status status="PASS" start="2024-06-22T23:13:19.803964" elapsed="0.000165"/>
</kw>
<for flavor="IN">
<iter>
<kw name="Dictionary Should Contain Key" owner="Collections">
<arg>${json_data['results'][0]['login']}</arg>
<arg>${keyTwo}</arg>
<doc>Fails if ``key`` is not found from ``dictionary``.</doc>
<status status="PASS" start="2024-06-22T23:13:19.804688" elapsed="0.000390"/>
</kw>
<kw name="Dictionary Should Contain Key" owner="Collections">
<arg>${json_data['results'][0]['login']}</arg>
<arg>${keyTwo}</arg>
<doc>Fails if ``key`` is not found from ``dictionary``.</doc>
<status status="PASS" start="2024-06-22T23:13:19.805259" elapsed="0.000380"/>
</kw>
<kw name="Log" owner="BuiltIn">
<msg time="2024-06-22T23:13:19.805934" level="INFO">username</msg>
<arg>${keyTwo}</arg>
<doc>Logs the given message with the given level.</doc>
<status status="PASS" start="2024-06-22T23:13:19.805815" elapsed="0.000155"/>
</kw>
<var name="${keyTwo}">username</var>
<status status="PASS" start="2024-06-22T23:13:19.804580" elapsed="0.001662"/>
</iter>
<iter>
<kw name="Dictionary Should Contain Key" owner="Collections">
<arg>${json_data['results'][0]['login']}</arg>
<arg>${keyTwo}</arg>
<doc>Fails if ``key`` is not found from ``dictionary``.</doc>
<status status="PASS" start="2024-06-22T23:13:19.806521" elapsed="0.000380"/>
</kw>
<kw name="Dictionary Should Contain Key" owner="Collections">
<arg>${json_data['results'][0]['login']}</arg>
<arg>${keyTwo}</arg>
<doc>Fails if ``key`` is not found from ``dictionary``.</doc>
<status status="PASS" start="2024-06-22T23:13:19.807083" elapsed="0.000378"/>
</kw>
<kw name="Log" owner="BuiltIn">
<msg time="2024-06-22T23:13:19.807771" level="INFO">password</msg>
<arg>${keyTwo}</arg>
<doc>Logs the given message with the given level.</doc>
<status status="PASS" start="2024-06-22T23:13:19.807651" elapsed="0.000156"/>
</kw>
<var name="${keyTwo}">password</var>
<status status="PASS" start="2024-06-22T23:13:19.806413" elapsed="0.001613"/>
</iter>
<var>${keyTwo}</var>
<value>@{expected_keysTwo}</value>
<status status="PASS" start="2024-06-22T23:13:19.804422" elapsed="0.003736"/>
</for>
<status status="PASS" start="2024-06-22T23:13:19.694315" elapsed="0.113980"/>
</kw>
<doc>Testa a estrutura da resposta da API.</doc>
<tag>testeEstruturaResposta</tag>
<status status="PASS" start="2024-06-22T23:13:19.693488" elapsed="0.114957"/>
</test>
<test id="s1-s1-t4" name="Validar tipos de dados" line="28">
<kw name="Teste de Tipos de Dados" owner="random-user-service">
<kw name="GET On Session" owner="RequestsLibrary">
<msg time="2024-06-22T23:13:19.888368" level="INFO">GET Request : url=https://randomuser.me/api 
 path_url=/api 
 headers={'User-Agent': 'python-requests/2.32.3', 'Accept-Encoding': 'gzip, deflate', 'Accept': '*/*', 'Connection': 'keep-alive'} 
 body=None 
 </msg>
<msg time="2024-06-22T23:13:19.888446" level="INFO">GET Response : url=https://randomuser.me/api 
 status=200, reason=OK 
 headers={'Date': 'Sat, 22 Jun 2024 23:13:19 GMT', 'Content-Type': 'application/json; charset=utf-8', 'Transfer-Encoding': 'chunked', 'Connection': 'keep-alive', 'X-Powered-By': 'Express', 'Access-Control-Allow-Origin': '*', 'Cache-Control': 'no-cache', 'ETag': 'W/"486-sqBFzEpfnomB5YZdTIn4xwZHc6c"', 'Vary': 'Accept-Encoding', 'Content-Encoding': 'gzip', 'CF-Cache-Status': 'DYNAMIC', 'Report-To': '{"endpoints":[{"url":"https:\\/\\/a.nel.cloudflare.com\\/report\\/v4?s=zliW7lHnKdv5F%2FA2BTdrJOWOnr1Dge7Se4zttMUXH3%2B1bIVvyOLs2t9XcWMN036ZAaTo9%2B2aDIfEq%2FG%2FAK6exkowUEv3hDqxlSaSyuiTOPYrAKRJ2f17TCxord%2BWVmt4"}],"group":"cf-nel","max_age":604800}', 'NEL': '{"success_fraction":0,"report_to":"cf-nel","max_age":604800}', 'Server': 'cloudflare', 'CF-RAY': '897feda2ded1082c-IAD', 'alt-svc': 'h3=":443"; ma=86400'} 
 body={"results":[{"gender":"female","name":{"title":"Mrs","first":"یاسمن","last":"مرادی"},"location":{"street":{"number":6045,"name":"موسیوند"},"city":"ارومیه","state":"آذربایجان غربی","country":"Iran","postcode":20798,"coordinates":{"latitude":"13.8837","longitude":"69.7590"},"timezone":{"offset":"+4:30","description":"Kabul"}},"email":"ysmn.mrdy@example.com","login":{"uuid":"ea7a9a10-1c98-4872-b8a9-52724d092a44","username":"organicgoose216","password":"norway","salt":"WKFGCkRH","md5":"8077d1d556b35b416de380ab4e3c0a96","sha1":"83a78bed3edbb07a66542b44d6bfe3dac5ad8917","sha256":"00ea29dd9c079636783111e72892af6f31cf741fb05b6b2e9cb56c9f5a6a2ccc"},"dob":{"date":"1971-08-29T12:06:30.011Z","age":52},"registered":{"date":"2005-04-13T03:41:12.614Z","age":19},"phone":"080-61633270","cell":"0928-135-0975","id":{"name":"","value":null},"picture":{"large":"https://randomuser.me/api/portraits/women/28.jpg","medium":"https://randomuser.me/api/portraits/med/women/28.jpg","thumbnail":"https://randomuser.me/api/portraits/thumb/women/28.jpg"},"nat":"IR"}],"info":{"seed":"d265f6288c4ac59a","results":1,"page":1,"version":"1.4"}} 
 </msg>
<msg time="2024-06-22T23:13:19.888510" level="INFO">/opt/hostedtoolcache/Python/3.12.4/x64/lib/python3.12/site-packages/urllib3/connectionpool.py:1099: InsecureRequestWarning: Unverified HTTPS request is being made to host 'randomuser.me'. Adding certificate verification is strongly advised. See: https://urllib3.readthedocs.io/en/latest/advanced-usage.html#tls-warnings
  warnings.warn(</msg>
<msg time="2024-06-22T23:13:19.888606" level="INFO">${response} = &lt;Response [200]&gt;</msg>
<var>${response}</var>
<arg>consultarAPI</arg>
<arg>/api</arg>
<doc>Sends a GET request on a previously created HTTP Session.</doc>
<status status="PASS" start="2024-06-22T23:13:19.811080" elapsed="0.077568"/>
</kw>
<kw name="Set Variable" owner="BuiltIn">
<msg time="2024-06-22T23:13:19.889712" level="INFO">${json_data} = {'results': [{'gender': 'female', 'name': {'title': 'Mrs', 'first': 'یاسمن', 'last': 'مرادی'}, 'location': {'street': {'number': 6045, 'name': 'موسیوند'}, 'city': 'ارومیه', 'state': 'آذربایجان غربی', ...</msg>
<var>${json_data}</var>
<arg>${response.json()}</arg>
<doc>Returns the given values which can then be assigned to a variables.</doc>
<status status="PASS" start="2024-06-22T23:13:19.889141" elapsed="0.000602"/>
</kw>
<kw name="Log" owner="BuiltIn">
<msg time="2024-06-22T23:13:19.890252" level="INFO">{'results': [{'gender': 'female', 'name': {'title': 'Mrs', 'first': 'یاسمن', 'last': 'مرادی'}, 'location': {'street': {'number': 6045, 'name': 'موسیوند'}, 'city': 'ارومیه', 'state': 'آذربایجان غربی', 'country': 'Iran', 'postcode': 20798, 'coordinates': {'latitude': '13.8837', 'longitude': '69.7590'}, 'timezone': {'offset': '+4:30', 'description': 'Kabul'}}, 'email': 'ysmn.mrdy@example.com', 'login': {'uuid': 'ea7a9a10-1c98-4872-b8a9-52724d092a44', 'username': 'organicgoose216', 'password': 'norway', 'salt': 'WKFGCkRH', 'md5': '8077d1d556b35b416de380ab4e3c0a96', 'sha1': '83a78bed3edbb07a66542b44d6bfe3dac5ad8917', 'sha256': '00ea29dd9c079636783111e72892af6f31cf741fb05b6b2e9cb56c9f5a6a2ccc'}, 'dob': {'date': '1971-08-29T12:06:30.011Z', 'age': 52}, 'registered': {'date': '2005-04-13T03:41:12.614Z', 'age': 19}, 'phone': '080-61633270', 'cell': '0928-135-0975', 'id': {'name': '', 'value': None}, 'picture': {'large': 'https://randomuser.me/api/portraits/women/28.jpg', 'medium': 'https://randomuser.me/api/portraits/med/women/28.jpg', 'thumbnail': 'https://randomuser.me/api/portraits/thumb/women/28.jpg'}, 'nat': 'IR'}], 'info': {'seed': 'd265f6288c4ac59a', 'results': 1, 'page': 1, 'version': '1.4'}}</msg>
<arg>${json_data}</arg>
<doc>Logs the given message with the given level.</doc>
<status status="PASS" start="2024-06-22T23:13:19.890053" elapsed="0.000258"/>
</kw>
<kw name="Should Be String" owner="String">
<arg>${json_data['results'][0]['gender']}</arg>
<doc>Fails if the given ``item`` is not a string.</doc>
<status status="PASS" start="2024-06-22T23:13:19.890615" elapsed="0.000373"/>
</kw>
<kw name="Should Match Regexp" owner="BuiltIn">
<arg>${json_data['results'][0]['email']}</arg>
<arg>^[a-zA-Z0-9._%+-]+@[a-zA-Z0-9.-]+\.[a-zA-Z]{2,}$</arg>
<doc>Fails if ``string`` does not match ``pattern`` as a regular expression.</doc>
<status status="PASS" start="2024-06-22T23:13:19.891177" elapsed="0.000518"/>
</kw>
<kw name="Should Match Regexp" owner="BuiltIn">
<arg>${json_data['results'][0]['dob']['date']}</arg>
<arg>\\d{4}-\\d{2}-\\d{2}T\\d{2}:\\d{2}:\\d{2}\\.\\d{3}Z</arg>
<doc>Fails if ``string`` does not match ``pattern`` as a regular expression.</doc>
<status status="PASS" start="2024-06-22T23:13:19.891923" elapsed="0.000508"/>
</kw>
<kw name="Should Match Regexp" owner="BuiltIn">
<arg>${json_data['results'][0]['registered']['date']}</arg>
<arg>\\d{4}-\\d{2}-\\d{2}T\\d{2}:\\d{2}:\\d{2}\\.\\d{3}Z</arg>
<doc>Fails if ``string`` does not match ``pattern`` as a regular expression.</doc>
<status status="PASS" start="2024-06-22T23:13:19.892632" elapsed="0.000370"/>
</kw>
<kw name="Should Match Regexp" owner="BuiltIn">
<arg>${json_data['results'][0]['picture']['large']}</arg>
<arg>^https?://.*\.(?:png|jpe?g|gif|bmp)$</arg>
<doc>Fails if ``string`` does not match ``pattern`` as a regular expression.</doc>
<status status="PASS" start="2024-06-22T23:13:19.893189" elapsed="0.000459"/>
</kw>
<kw name="Should Match Regexp" owner="BuiltIn">
<arg>${json_data['results'][0]['picture']['medium']}</arg>
<arg>^https?://.*\.(?:png|jpe?g|gif|bmp)$</arg>
<doc>Fails if ``string`` does not match ``pattern`` as a regular expression.</doc>
<status status="PASS" start="2024-06-22T23:13:19.893837" elapsed="0.000378"/>
</kw>
<kw name="Should Match Regexp" owner="BuiltIn">
<arg>${json_data['results'][0]['picture']['thumbnail']}</arg>
<arg>^https?://.*\.(?:png|jpe?g|gif|bmp)$</arg>
<doc>Fails if ``string`` does not match ``pattern`` as a regular expression.</doc>
<status status="PASS" start="2024-06-22T23:13:19.894404" elapsed="0.000356"/>
</kw>
<kw name="Log" owner="BuiltIn">
<msg time="2024-06-22T23:13:19.895269" level="INFO">{'large': 'https://randomuser.me/api/portraits/women/28.jpg', 'medium': 'https://randomuser.me/api/portraits/med/women/28.jpg', 'thumbnail': 'https://randomuser.me/api/portraits/thumb/women/28.jpg'}</msg>
<arg>${json_data['results'][0]['picture']}</arg>
<doc>Logs the given message with the given level.</doc>
<status status="PASS" start="2024-06-22T23:13:19.894940" elapsed="0.000373"/>
</kw>
<status status="PASS" start="2024-06-22T23:13:19.810857" elapsed="0.084712"/>
</kw>
<kw name="Teste de Tipos de Dados - Postcode" owner="random-user-service">
<kw name="GET On Session" owner="RequestsLibrary">
<msg time="2024-06-22T23:13:19.990878" level="INFO">GET Request : url=https://randomuser.me/api 
 path_url=/api 
 headers={'User-Agent': 'python-requests/2.32.3', 'Accept-Encoding': 'gzip, deflate', 'Accept': '*/*', 'Connection': 'keep-alive'} 
 body=None 
 </msg>
<msg time="2024-06-22T23:13:19.990958" level="INFO">GET Response : url=https://randomuser.me/api 
 status=200, reason=OK 
 headers={'Date': 'Sat, 22 Jun 2024 23:13:19 GMT', 'Content-Type': 'application/json; charset=utf-8', 'Transfer-Encoding': 'chunked', 'Connection': 'keep-alive', 'X-Powered-By': 'Express', 'Access-Control-Allow-Origin': '*', 'Cache-Control': 'no-cache', 'ETag': 'W/"4a3-1P0P8AE7WhmS/N3Y6tuZn8/OHFM"', 'Vary': 'Accept-Encoding', 'Content-Encoding': 'gzip', 'CF-Cache-Status': 'DYNAMIC', 'Report-To': '{"endpoints":[{"url":"https:\\/\\/a.nel.cloudflare.com\\/report\\/v4?s=K%2BTy57YbyUK4NlLrJSRt5e9H6VPHsevFQkbXC%2BELMFceVVkRyRdEJOTUyTKXx1QESCg2zeft4fhq4CPr7cWjz4rgpu0By4IAUrTvs7qgfadgMkCStpL3RmFPdZdIcX06"}],"group":"cf-nel","max_age":604800}', 'NEL': '{"success_fraction":0,"report_to":"cf-nel","max_age":604800}', 'Server': 'cloudflare', 'CF-RAY': '897feda35fae082c-IAD', 'alt-svc': 'h3=":443"; ma=86400'} 
 body={"results":[{"gender":"female","name":{"title":"Ms","first":"آنیتا","last":"حیدری"},"location":{"street":{"number":4853,"name":"شهید بهشتی"},"city":"اراک","state":"خراسان جنوبی","country":"Iran","postcode":78984,"coordinates":{"latitude":"15.1807","longitude":"60.2459"},"timezone":{"offset":"-5:00","description":"Eastern Time (US &amp; Canada), Bogota, Lima"}},"email":"anyt.hydry@example.com","login":{"uuid":"02a37604-cc04-400f-aa9b-f14e8e3412ba","username":"sadzebra207","password":"maryjane","salt":"Wcrbc83P","md5":"b17562b19d7f3c7c9e73f4a7a7eacae9","sha1":"a72b9b47eeb245e5bff7793f8e5262ed1a73d63a","sha256":"d923da9227b840b9ca12adb707717554b4a924a8178823922fdaf82e0305598e"},"dob":{"date":"1960-12-25T11:41:30.221Z","age":63},"registered":{"date":"2020-09-22T20:33:47.247Z","age":3},"phone":"092-20176826","cell":"0991-527-7189","id":{"name":"","value":null},"picture":{"large":"https://randomuser.me/api/portraits/women/51.jpg","medium":"https://randomuser.me/api/portraits/med/women/51.jpg","thumbnail":"https://randomuser.me/api/portraits/thumb/women/51.jpg"},"nat":"IR"}],"info":{"seed":"b8556a688fdab614","results":1,"page":1,"version":"1.4"}} 
 </msg>
<msg time="2024-06-22T23:13:19.991031" level="INFO">/opt/hostedtoolcache/Python/3.12.4/x64/lib/python3.12/site-packages/urllib3/connectionpool.py:1099: InsecureRequestWarning: Unverified HTTPS request is being made to host 'randomuser.me'. Adding certificate verification is strongly advised. See: https://urllib3.readthedocs.io/en/latest/advanced-usage.html#tls-warnings
  warnings.warn(</msg>
<msg time="2024-06-22T23:13:19.991140" level="INFO">${response} = &lt;Response [200]&gt;</msg>
<var>${response}</var>
<arg>consultarAPI</arg>
<arg>/api</arg>
<doc>Sends a GET request on a previously created HTTP Session.</doc>
<status status="PASS" start="2024-06-22T23:13:19.896008" elapsed="0.095182"/>
</kw>
<kw name="Set Variable" owner="BuiltIn">
<msg time="2024-06-22T23:13:19.992281" level="INFO">${json_data} = {'results': [{'gender': 'female', 'name': {'title': 'Ms', 'first': 'آنیتا', 'last': 'حیدری'}, 'location': {'street': {'number': 4853, 'name': 'شهید بهشتی'}, 'city': 'اراک', 'state': 'خراسان جنوبی', 'c...</msg>
<var>${json_data}</var>
<arg>${response.json()}</arg>
<doc>Returns the given values which can then be assigned to a variables.</doc>
<status status="PASS" start="2024-06-22T23:13:19.991718" elapsed="0.000593"/>
</kw>
<kw name="Log" owner="BuiltIn">
<msg time="2024-06-22T23:13:19.992781" level="INFO">{'results': [{'gender': 'female', 'name': {'title': 'Ms', 'first': 'آنیتا', 'last': 'حیدری'}, 'location': {'street': {'number': 4853, 'name': 'شهید بهشتی'}, 'city': 'اراک', 'state': 'خراسان جنوبی', 'country': 'Iran', 'postcode': 78984, 'coordinates': {'latitude': '15.1807', 'longitude': '60.2459'}, 'timezone': {'offset': '-5:00', 'description': 'Eastern Time (US &amp; Canada), Bogota, Lima'}}, 'email': 'anyt.hydry@example.com', 'login': {'uuid': '02a37604-cc04-400f-aa9b-f14e8e3412ba', 'username': 'sadzebra207', 'password': 'maryjane', 'salt': 'Wcrbc83P', 'md5': 'b17562b19d7f3c7c9e73f4a7a7eacae9', 'sha1': 'a72b9b47eeb245e5bff7793f8e5262ed1a73d63a', 'sha256': 'd923da9227b840b9ca12adb707717554b4a924a8178823922fdaf82e0305598e'}, 'dob': {'date': '1960-12-25T11:41:30.221Z', 'age': 63}, 'registered': {'date': '2020-09-22T20:33:47.247Z', 'age': 3}, 'phone': '092-20176826', 'cell': '0991-527-7189', 'id': {'name': '', 'value': None}, 'picture': {'large': 'https://randomuser.me/api/portraits/women/51.jpg', 'medium': 'https://randomuser.me/api/portraits/med/women/51.jpg', 'thumbnail': 'https://randomuser.me/api/portraits/thumb/women/51.jpg'}, 'nat': 'IR'}], 'info': {'seed': 'b8556a688fdab614', 'results': 1, 'page': 1, 'version': '1.4'}}</msg>
<arg>${json_data}</arg>
<doc>Logs the given message with the given level.</doc>
<status status="PASS" start="2024-06-22T23:13:19.992623" elapsed="0.000208"/>
</kw>
<kw name="Should Be Equal As Numbers" owner="BuiltIn">
<arg>${json_data['results'][0]['location']['postcode']}</arg>
<arg>${json_data['results'][0]['location']['postcode']}</arg>
<doc>Fails if objects are unequal after converting them to real numbers.</doc>
<status status="PASS" start="2024-06-22T23:13:19.993124" elapsed="0.000624"/>
</kw>
<kw name="Log" owner="BuiltIn">
<msg time="2024-06-22T23:13:19.994329" level="INFO">78984</msg>
<arg>${json_data['results'][0]['location']['postcode']}</arg>
<doc>Logs the given message with the given level.</doc>
<status status="PASS" start="2024-06-22T23:13:19.993942" elapsed="0.000429"/>
</kw>
<status status="PASS" start="2024-06-22T23:13:19.895784" elapsed="0.098866"/>
</kw>
<doc>Testa se os tipos de dados na resposta da API estão corretos.</doc>
<tag>testeTiposDados</tag>
<status status="PASS" start="2024-06-22T23:13:19.810216" elapsed="0.184596"/>
</test>
<test id="s1-s1-t5" name="Validar conteudo" line="35">
<kw name="Teste de Tipos de Conteudo" owner="random-user-service">
<kw name="GET On Session" owner="RequestsLibrary">
<msg time="2024-06-22T23:13:20.095268" level="INFO">GET Request : url=https://randomuser.me/api 
 path_url=/api 
 headers={'User-Agent': 'python-requests/2.32.3', 'Accept-Encoding': 'gzip, deflate', 'Accept': '*/*', 'Connection': 'keep-alive'} 
 body=None 
 </msg>
<msg time="2024-06-22T23:13:20.095354" level="INFO">GET Response : url=https://randomuser.me/api 
 status=200, reason=OK 
 headers={'Date': 'Sat, 22 Jun 2024 23:13:20 GMT', 'Content-Type': 'application/json; charset=utf-8', 'Transfer-Encoding': 'chunked', 'Connection': 'keep-alive', 'X-Powered-By': 'Express', 'Access-Control-Allow-Origin': '*', 'Cache-Control': 'no-cache', 'ETag': 'W/"479-SzExEp91giR5JYBP6vGTKfEpmp4"', 'Vary': 'Accept-Encoding', 'Content-Encoding': 'gzip', 'CF-Cache-Status': 'DYNAMIC', 'Report-To': '{"endpoints":[{"url":"https:\\/\\/a.nel.cloudflare.com\\/report\\/v4?s=Fr0LidwI7TeOhoDufVwfGiYJV6jFhU1mWAB%2BoXcqORuxCgLtHQdMnK15ouggzGpFPP7S74VhFDwf54KpVL%2BWB2SqmH3BLsmqwgn%2BAdatilW1dWU3QDm8f8t1fnF%2Bfs7M"}],"group":"cf-nel","max_age":604800}', 'NEL': '{"success_fraction":0,"report_to":"cf-nel","max_age":604800}', 'Server': 'cloudflare', 'CF-RAY': '897feda3f87f082c-IAD', 'alt-svc': 'h3=":443"; ma=86400'} 
 body={"results":[{"gender":"male","name":{"title":"Mr","first":"Oscar","last":"Rasmussen"},"location":{"street":{"number":1106,"name":"Nørreskovvej"},"city":"Billum","state":"Nordjylland","country":"Denmark","postcode":12398,"coordinates":{"latitude":"-45.1117","longitude":"-134.6575"},"timezone":{"offset":"-12:00","description":"Eniwetok, Kwajalein"}},"email":"oscar.rasmussen@example.com","login":{"uuid":"be019290-235b-4da6-b919-2ddb453dfc62","username":"bigmouse246","password":"mouse1","salt":"jmuU2My0","md5":"bff903b048432cc75ed66191b942fade","sha1":"12c4e39e57c267067ce350b8c7d01cdef856d283","sha256":"da96b79203a9c86e22992037d7e2baf05d6af7fe0a403ce7e959372d3797bd89"},"dob":{"date":"1991-10-08T20:12:25.434Z","age":32},"registered":{"date":"2019-03-03T06:45:55.107Z","age":5},"phone":"23289841","cell":"42165477","id":{"name":"CPR","value":"081091-7864"},"picture":{"large":"https://randomuser.me/api/portraits/men/74.jpg","medium":"https://randomuser.me/api/portraits/med/men/74.jpg","thumbnail":"https://randomuser.me/api/portraits/thumb/men/74.jpg"},"nat":"DK"}],"info":{"seed":"8cf8d17923e23c7e","results":1,"page":1,"version":"1.4"}} 
 </msg>
<msg time="2024-06-22T23:13:20.095442" level="INFO">/opt/hostedtoolcache/Python/3.12.4/x64/lib/python3.12/site-packages/urllib3/connectionpool.py:1099: InsecureRequestWarning: Unverified HTTPS request is being made to host 'randomuser.me'. Adding certificate verification is strongly advised. See: https://urllib3.readthedocs.io/en/latest/advanced-usage.html#tls-warnings
  warnings.warn(</msg>
<msg time="2024-06-22T23:13:20.095564" level="INFO">${response} = &lt;Response [200]&gt;</msg>
<var>${response}</var>
<arg>consultarAPI</arg>
<arg>/api</arg>
<doc>Sends a GET request on a previously created HTTP Session.</doc>
<status status="PASS" start="2024-06-22T23:13:19.997451" elapsed="0.098169"/>
</kw>
<kw name="Set Variable" owner="BuiltIn">
<msg time="2024-06-22T23:13:20.096662" level="INFO">${json_data} = {'results': [{'gender': 'male', 'name': {'title': 'Mr', 'first': 'Oscar', 'last': 'Rasmussen'}, 'location': {'street': {'number': 1106, 'name': 'Nørreskovvej'}, 'city': 'Billum', 'state': 'Nordjylland...</msg>
<var>${json_data}</var>
<arg>${response.json()}</arg>
<doc>Returns the given values which can then be assigned to a variables.</doc>
<status status="PASS" start="2024-06-22T23:13:20.096119" elapsed="0.000572"/>
</kw>
<kw name="Set Variable" owner="BuiltIn">
<msg time="2024-06-22T23:13:20.097368" level="INFO">${name_title} = Mr</msg>
<var>${name_title}</var>
<arg>${json_data["results"][0]["name"]["title"]}</arg>
<doc>Returns the given values which can then be assigned to a variables.</doc>
<status status="PASS" start="2024-06-22T23:13:20.096993" elapsed="0.000400"/>
</kw>
<kw name="Create List" owner="BuiltIn">
<msg time="2024-06-22T23:13:20.097837" level="INFO">${allowed_titles} = ['Mr', 'Ms', 'Miss', 'Mrs', 'Madame', 'Monsieur']</msg>
<var>${allowed_titles}</var>
<arg>Mr</arg>
<arg>Ms</arg>
<arg>Miss</arg>
<arg>Mrs</arg>
<arg>Madame</arg>
<arg>Monsieur</arg>
<doc>Returns a list containing given items.</doc>
<status status="PASS" start="2024-06-22T23:13:20.097689" elapsed="0.000174"/>
</kw>
<kw name="List Should Contain Value" owner="Collections">
<arg>${allowed_titles}</arg>
<arg>${name_title}</arg>
<doc>Fails if the ``value`` is not found from ``list``.</doc>
<status status="PASS" start="2024-06-22T23:13:20.098157" elapsed="0.000224"/>
</kw>
<kw name="Set Variable" owner="BuiltIn">
<msg time="2024-06-22T23:13:20.098934" level="INFO">${name_country} = DK</msg>
<var>${name_country}</var>
<arg>${json_data["results"][0]["nat"]}</arg>
<doc>Returns the given values which can then be assigned to a variables.</doc>
<status status="PASS" start="2024-06-22T23:13:20.098559" elapsed="0.000400"/>
</kw>
<kw name="Create List" owner="BuiltIn">
<msg time="2024-06-22T23:13:20.099856" level="INFO">${list_country} = ['AD', 'AE', 'AF', 'AG', 'AI', 'AL', 'AM', 'AO', 'AQ', 'AR', 'AS', 'AT', 'AU', 'AW', 'AX', 'AZ', 'BA', 'BB', 'BD', 'BE', 'BF', 'BG', 'BH', 'BI', 'BJ', 'BL', 'BM', 'BN', 'BO', 'BQ', 'BR', 'BS', 'BT', '...</msg>
<var>${list_country}</var>
<arg>AD</arg>
<arg>AE</arg>
<arg>AF</arg>
<arg>AG</arg>
<arg>AI</arg>
<arg>AL</arg>
<arg>AM</arg>
<arg>AO</arg>
<arg>AQ</arg>
<arg>AR</arg>
<arg>AS</arg>
<arg>AT</arg>
<arg>AU</arg>
<arg>AW</arg>
<arg>AX</arg>
<arg>AZ</arg>
<arg>BA</arg>
<arg>BB</arg>
<arg>BD</arg>
<arg>BE</arg>
<arg>BF</arg>
<arg>BG</arg>
<arg>BH</arg>
<arg>BI</arg>
<arg>BJ</arg>
<arg>BL</arg>
<arg>BM</arg>
<arg>BN</arg>
<arg>BO</arg>
<arg>BQ</arg>
<arg>BR</arg>
<arg>BS</arg>
<arg>BT</arg>
<arg>BV</arg>
<arg>BW</arg>
<arg>BY</arg>
<arg>BZ</arg>
<arg>CA</arg>
<arg>CC</arg>
<arg>CD</arg>
<arg>CF</arg>
<arg>CG</arg>
<arg>CH</arg>
<arg>CI</arg>
<arg>CK</arg>
<arg>CL</arg>
<arg>CM</arg>
<arg>CN</arg>
<arg>CO</arg>
<arg>CR</arg>
<arg>CU</arg>
<arg>CV</arg>
<arg>CW</arg>
<arg>CX</arg>
<arg>CY</arg>
<arg>CZ</arg>
<arg>DE</arg>
<arg>DJ</arg>
<arg>DK</arg>
<arg>DM</arg>
<arg>DO</arg>
<arg>DZ</arg>
<arg>EC</arg>
<arg>EE</arg>
<arg>EG</arg>
<arg>EH</arg>
<arg>ER</arg>
<arg>ES</arg>
<arg>ET</arg>
<arg>FI</arg>
<arg>FJ</arg>
<arg>FK</arg>
<arg>FM</arg>
<arg>FO</arg>
<arg>FR</arg>
<arg>GA</arg>
<arg>GB</arg>
<arg>GD</arg>
<arg>GE</arg>
<arg>GF</arg>
<arg>GG</arg>
<arg>GH</arg>
<arg>GI</arg>
<arg>GL</arg>
<arg>GM</arg>
<arg>GN</arg>
<arg>GP</arg>
<arg>GQ</arg>
<arg>GR</arg>
<arg>GS</arg>
<arg>GT</arg>
<arg>GU</arg>
<arg>GW</arg>
<arg>GY</arg>
<arg>HK</arg>
<arg>HM</arg>
<arg>HN</arg>
<arg>HR</arg>
<arg>HT</arg>
<arg>HU</arg>
<arg>ID</arg>
<arg>IE</arg>
<arg>IL</arg>
<arg>IM</arg>
<arg>IN</arg>
<arg>IO</arg>
<arg>IQ</arg>
<arg>IR</arg>
<arg>IS</arg>
<arg>IT</arg>
<arg>JE</arg>
<arg>JM</arg>
<arg>JO</arg>
<arg>JP</arg>
<arg>KE</arg>
<arg>KG</arg>
<arg>KH</arg>
<arg>KI</arg>
<arg>KM</arg>
<arg>KN</arg>
<arg>KP</arg>
<arg>KR</arg>
<arg>KW</arg>
<arg>KY</arg>
<arg>KZ</arg>
<arg>LA</arg>
<arg>LB</arg>
<arg>LC</arg>
<arg>LI</arg>
<arg>LK</arg>
<arg>LR</arg>
<arg>LS</arg>
<arg>LT</arg>
<arg>LU</arg>
<arg>LV</arg>
<arg>LY</arg>
<arg>MA</arg>
<arg>MC</arg>
<arg>MD</arg>
<arg>ME</arg>
<arg>MF</arg>
<arg>MG</arg>
<arg>MH</arg>
<arg>MK</arg>
<arg>ML</arg>
<arg>MM</arg>
<arg>MN</arg>
<arg>MO</arg>
<arg>MP</arg>
<arg>MQ</arg>
<arg>MR</arg>
<arg>MS</arg>
<arg>MT</arg>
<arg>MU</arg>
<arg>MV</arg>
<arg>MW</arg>
<arg>MX</arg>
<arg>MY</arg>
<arg>MZ</arg>
<arg>NA</arg>
<arg>NC</arg>
<arg>NE</arg>
<arg>NF</arg>
<arg>NG</arg>
<arg>NI</arg>
<arg>NL</arg>
<arg>NO</arg>
<arg>NP</arg>
<arg>NR</arg>
<arg>NU</arg>
<arg>NZ</arg>
<arg>OM</arg>
<arg>PA</arg>
<arg>PE</arg>
<arg>PF</arg>
<arg>PG</arg>
<arg>PH</arg>
<arg>PK</arg>
<arg>PL</arg>
<arg>PM</arg>
<arg>PN</arg>
<arg>PR</arg>
<arg>PS</arg>
<arg>PT</arg>
<arg>PW</arg>
<arg>PY</arg>
<arg>QA</arg>
<arg>RE</arg>
<arg>RO</arg>
<arg>RS</arg>
<arg>RU</arg>
<arg>RW</arg>
<arg>SA</arg>
<arg>SB</arg>
<arg>SC</arg>
<arg>SD</arg>
<arg>SE</arg>
<arg>SG</arg>
<arg>SH</arg>
<arg>SI</arg>
<arg>SJ</arg>
<arg>SK</arg>
<arg>SL</arg>
<arg>SM</arg>
<arg>SN</arg>
<arg>SO</arg>
<arg>SR</arg>
<arg>SS</arg>
<arg>ST</arg>
<arg>SV</arg>
<arg>SX</arg>
<arg>SY</arg>
<arg>SZ</arg>
<arg>TC</arg>
<arg>TD</arg>
<arg>TF</arg>
<arg>TG</arg>
<arg>TH</arg>
<arg>TJ</arg>
<arg>TK</arg>
<arg>TL</arg>
<arg>TM</arg>
<arg>TN</arg>
<arg>TO</arg>
<arg>TR</arg>
<arg>TT</arg>
<arg>TV</arg>
<arg>TW</arg>
<arg>TZ</arg>
<arg>UA</arg>
<arg>UG</arg>
<arg>UM</arg>
<arg>US</arg>
<arg>UY</arg>
<arg>UZ</arg>
<arg>VA</arg>
<arg>VC</arg>
<arg>VE</arg>
<arg>VG</arg>
<arg>VI</arg>
<arg>VN</arg>
<arg>VU</arg>
<arg>WF</arg>
<arg>WS</arg>
<arg>XK</arg>
<arg>YE</arg>
<arg>YT</arg>
<arg>ZA</arg>
<arg>ZM</arg>
<arg>ZW</arg>
<doc>Returns a list containing given items.</doc>
<status status="PASS" start="2024-06-22T23:13:20.099249" elapsed="0.000633"/>
</kw>
<kw name="List Should Contain Value" owner="Collections">
<arg>${list_country}</arg>
<arg>${name_country}</arg>
<doc>Fails if the ``value`` is not found from ``list``.</doc>
<status status="PASS" start="2024-06-22T23:13:20.100667" elapsed="0.000201"/>
</kw>
<kw name="Run Keyword If" owner="BuiltIn">
<kw name="Should Be True" owner="BuiltIn">
<arg>${True}</arg>
<doc>Fails if the given condition is not true.</doc>
<status status="PASS" start="2024-06-22T23:13:20.101788" elapsed="0.000140"/>
</kw>
<arg>${json_data["results"][0]["location"]["coordinates"]["latitude"]} &gt;= -90 and ${json_data["results"][0]["location"]["coordinates"]["latitude"]} &lt;= 90</arg>
<arg>Should Be True</arg>
<arg>${True}</arg>
<doc>Runs the given keyword with the given arguments, if ``condition`` is true.</doc>
<status status="PASS" start="2024-06-22T23:13:20.101060" elapsed="0.000993"/>
</kw>
<kw name="Run Keyword If" owner="BuiltIn">
<kw name="Should Be True" owner="BuiltIn">
<arg>${True}</arg>
<doc>Fails if the given condition is not true.</doc>
<status status="PASS" start="2024-06-22T23:13:20.102952" elapsed="0.000136"/>
</kw>
<arg>${json_data["results"][0]["location"]["coordinates"]["longitude"]} &gt;= -180 and ${json_data["results"][0]["location"]["coordinates"]["longitude"]} &lt;= 180</arg>
<arg>Should Be True</arg>
<arg>${True}</arg>
<doc>Runs the given keyword with the given arguments, if ``condition`` is true.</doc>
<status status="PASS" start="2024-06-22T23:13:20.102259" elapsed="0.000954"/>
</kw>
<status status="PASS" start="2024-06-22T23:13:19.997097" elapsed="0.106240"/>
</kw>
<doc>Testa o conteúdo específico dos campos retornados pela API.</doc>
<tag>testeConteudo</tag>
<status status="PASS" start="2024-06-22T23:13:19.996575" elapsed="0.106900"/>
</test>
<status status="PASS" start="2024-06-22T23:13:19.169690" elapsed="0.935707"/>
</suite>
<status status="PASS" start="2024-06-22T23:13:19.155311" elapsed="0.955289"/>
</suite>
<statistics>
<total>
<stat pass="5" fail="0" skip="0">All Tests</stat>
</total>
<tag>
<stat pass="1" fail="0" skip="0">testeConteudo</stat>
<stat pass="1" fail="0" skip="0">testeEstruturaResposta</stat>
<stat pass="1" fail="0" skip="0">testeRequisicaoBasica</stat>
<stat pass="1" fail="0" skip="0">testeTiposDados</stat>
</tag>
<suite>
<stat pass="5" fail="0" skip="0" id="s1" name="Tests">Tests</stat>
<stat pass="5" fail="0" skip="0" id="s1-s1" name="Random-User-Test">Tests.Random-User-Test</stat>
</suite>
</statistics>
<errors>
</errors>
</robot>
