<?xml version="1.0" encoding="UTF-8"?>
<robot generator="Robot 7.0 (Python 3.12.3 on linux)" generated="2024-04-26T21:12:30.583500" rpa="false" schemaversion="5">
<suite id="s1" name="Tests" source="/home/runner/work/DesafioQAItauRogerioJordao/DesafioQAItauRogerioJordao/RamdonUser/tests">
<suite id="s1-s1" name="Random-User-Test" source="/home/runner/work/DesafioQAItauRogerioJordao/DesafioQAItauRogerioJordao/RamdonUser/tests/random-user-test.robot">
<test id="s1-s1-t1" name="Conectar" line="13">
<kw name="Conectar API" owner="random-user-service">
<kw name="Create Session" owner="RequestsLibrary">
<msg time="2024-04-26T21:12:30.934474" level="INFO">Creating Session using : alias=consultarAPI, url=https://randomuser.me/, headers={},                     cookies={}, auth=None, timeout=None, proxies=None, verify=False,                     debug=0 </msg>
<arg>consultarAPI</arg>
<arg>${URL}</arg>
<doc>Create Session: create a HTTP session to a server</doc>
<status status="PASS" start="2024-04-26T21:12:30.934276" elapsed="0.000362"/>
</kw>
<status status="PASS" start="2024-04-26T21:12:30.933365" elapsed="0.001610"/>
</kw>
<status status="PASS" start="2024-04-26T21:12:30.932751" elapsed="0.002416"/>
</test>
<test id="s1-s1-t2" name="Validar retorno 200 e JSON Válido" line="16">
<kw name="Teste de Requisicao Basica" owner="random-user-service">
<kw name="GET On Session" owner="RequestsLibrary">
<msg time="2024-04-26T21:12:31.245214" level="INFO">GET Request : url=https://randomuser.me/api 
 path_url=/api 
 headers={'User-Agent': 'python-requests/2.31.0', 'Accept-Encoding': 'gzip, deflate', 'Accept': '*/*', 'Connection': 'keep-alive'} 
 body=None 
 </msg>
<msg time="2024-04-26T21:12:31.245350" level="INFO">GET Response : url=https://randomuser.me/api 
 status=200, reason=OK 
 headers={'Date': 'Fri, 26 Apr 2024 21:12:31 GMT', 'Content-Type': 'application/json; charset=utf-8', 'Transfer-Encoding': 'chunked', 'Connection': 'keep-alive', 'X-Powered-By': 'Express', 'Access-Control-Allow-Origin': '*', 'Cache-Control': 'no-cache', 'ETag': 'W/"489-s2c1S7xNUY90MbJQBHClwH9Jja0"', 'Vary': 'Accept-Encoding', 'Content-Encoding': 'gzip', 'CF-Cache-Status': 'DYNAMIC', 'Report-To': '{"endpoints":[{"url":"https:\\/\\/a.nel.cloudflare.com\\/report\\/v4?s=9pcczOoVEp6ZUIT6qT7oVrNSRFdSs9M82EKKKHHlhLUIOaYMSx8k4Vri23BZMEou5Ck6I2KG7Ir3zDbN7uY4u3DkFN4N%2BlbIFVloY9POBemFZRSpcPRLTOCQqzRqvZMk"}],"group":"cf-nel","max_age":604800}', 'NEL': '{"success_fraction":0,"report_to":"cf-nel","max_age":604800}', 'Server': 'cloudflare', 'CF-RAY': '87a9924a9c792958-ORD', 'alt-svc': 'h3=":443"; ma=86400'} 
 body={"results":[{"gender":"female","name":{"title":"Mrs","first":"Hithakshi","last":"Saldanha"},"location":{"street":{"number":5543,"name":"Bannerghatta Rd"},"city":"Chandrapur","state":"Karnataka","country":"India","postcode":92689,"coordinates":{"latitude":"11.0634","longitude":"179.4747"},"timezone":{"offset":"+5:45","description":"Kathmandu"}},"email":"hithakshi.saldanha@example.com","login":{"uuid":"4c9b8037-e842-4880-9320-1433c1593ed2","username":"beautifulbird325","password":"busty","salt":"HqiHHcfn","md5":"e26a292a85d5290f11044e01123ccc96","sha1":"7215608f49b2b8badad0b3833ff55136c60c83b3","sha256":"4f98bddbeb54eba00fbb02318ea35a515289bb80058a6a9d705b041cddcc8367"},"dob":{"date":"1958-01-24T20:41:38.814Z","age":66},"registered":{"date":"2006-08-26T10:33:07.856Z","age":17},"phone":"7351981242","cell":"7249925690","id":{"name":"UIDAI","value":"084518521020"},"picture":{"large":"https://randomuser.me/api/portraits/women/75.jpg","medium":"https://randomuser.me/api/portraits/med/women/75.jpg","thumbnail":"https://randomuser.me/api/portraits/thumb/women/75.jpg"},"nat":"IN"}],"info":{"seed":"86edc5d7c396145c","results":1,"page":1,"version":"1.4"}} 
 </msg>
<msg time="2024-04-26T21:12:31.245444" level="INFO">/opt/hostedtoolcache/Python/3.12.3/x64/lib/python3.12/site-packages/urllib3/connectionpool.py:1103: InsecureRequestWarning: Unverified HTTPS request is being made to host 'randomuser.me'. Adding certificate verification is strongly advised. See: https://urllib3.readthedocs.io/en/latest/advanced-usage.html#tls-warnings
  warnings.warn(</msg>
<msg time="2024-04-26T21:12:31.245618" level="INFO">${response} = &lt;Response [200]&gt;</msg>
<var>${response}</var>
<arg>consultarAPI</arg>
<arg>/api</arg>
<doc>Sends a GET request on a previously created HTTP Session.</doc>
<status status="PASS" start="2024-04-26T21:12:30.937847" elapsed="0.307833"/>
</kw>
<kw name="Should Be Equal As Numbers" owner="BuiltIn">
<msg time="2024-04-26T21:12:31.246538" level="INFO">Argument types are:
&lt;class 'int'&gt;
&lt;class 'str'&gt;</msg>
<arg>${response.status_code}</arg>
<arg>200</arg>
<doc>Fails if objects are unequal after converting them to real numbers.</doc>
<status status="PASS" start="2024-04-26T21:12:31.246131" elapsed="0.000470"/>
</kw>
<kw name="Log" owner="BuiltIn">
<msg time="2024-04-26T21:12:31.247297" level="INFO">200</msg>
<arg>${response.status_code}</arg>
<doc>Logs the given message with the given level.</doc>
<status status="PASS" start="2024-04-26T21:12:31.246948" elapsed="0.000393"/>
</kw>
<kw name="Set Variable" owner="BuiltIn">
<msg time="2024-04-26T21:12:31.248095" level="INFO">${json_data} = {'results': [{'gender': 'female', 'name': {'title': 'Mrs', 'first': 'Hithakshi', 'last': 'Saldanha'}, 'location': {'street': {'number': 5543, 'name': 'Bannerghatta Rd'}, 'city': 'Chandrapur', 'state':...</msg>
<var>${json_data}</var>
<arg>${response.json()}</arg>
<doc>Returns the given values which can then be assigned to a variables.</doc>
<status status="PASS" start="2024-04-26T21:12:31.247650" elapsed="0.000473"/>
</kw>
<kw name="Dictionary Should Contain Key" owner="Collections">
<msg time="2024-04-26T21:12:31.248599" level="INFO">False</msg>
<arg>${json_data}</arg>
<arg>results</arg>
<doc>Fails if ``key`` is not found from ``dictionary``.</doc>
<status status="PASS" start="2024-04-26T21:12:31.248428" elapsed="0.000210"/>
</kw>
<status status="PASS" start="2024-04-26T21:12:30.937606" elapsed="0.311290"/>
</kw>
<doc>Testa se a API responde corretamente e retorna um objeto JSON válido.</doc>
<tag>testeRequisicaoBasica</tag>
<status status="PASS" start="2024-04-26T21:12:30.937046" elapsed="0.312054"/>
</test>
<test id="s1-s1-t3" name="Validar estrutura de resposta" line="22">
<kw name="Teste de Estrutura de Resposta" owner="random-user-service">
<kw name="GET On Session" owner="RequestsLibrary">
<msg time="2024-04-26T21:12:31.313284" level="INFO">GET Request : url=https://randomuser.me/api 
 path_url=/api 
 headers={'User-Agent': 'python-requests/2.31.0', 'Accept-Encoding': 'gzip, deflate', 'Accept': '*/*', 'Connection': 'keep-alive'} 
 body=None 
 </msg>
<msg time="2024-04-26T21:12:31.313371" level="INFO">GET Response : url=https://randomuser.me/api 
 status=200, reason=OK 
 headers={'Date': 'Fri, 26 Apr 2024 21:12:31 GMT', 'Content-Type': 'application/json; charset=utf-8', 'Transfer-Encoding': 'chunked', 'Connection': 'keep-alive', 'X-Powered-By': 'Express', 'Access-Control-Allow-Origin': '*', 'Cache-Control': 'no-cache', 'ETag': 'W/"494-ALPytKLpXvxm5HE2ZbS+Z1aXC08"', 'Vary': 'Accept-Encoding', 'Content-Encoding': 'gzip', 'CF-Cache-Status': 'DYNAMIC', 'Report-To': '{"endpoints":[{"url":"https:\\/\\/a.nel.cloudflare.com\\/report\\/v4?s=zrbe0rDjnxGk9vUky94B%2FKPAXtjZNkCadxu10XQNzmg1HC%2Fdt94uUZyBKAWP22qF6x76g%2FA%2BzOamGv1nh%2FFvUHJdTv6b%2BC%2Bjrz5XxO56woUqoB8EgAqyONRLNqKcrPli"}],"group":"cf-nel","max_age":604800}', 'NEL': '{"success_fraction":0,"report_to":"cf-nel","max_age":604800}', 'Server': 'cloudflare', 'CF-RAY': '87a9924b5da02958-ORD', 'alt-svc': 'h3=":443"; ma=86400'} 
 body={"results":[{"gender":"female","name":{"title":"Mrs","first":"Clara","last":"Hoffman"},"location":{"street":{"number":3940,"name":"W Dallas St"},"city":"Saint Paul","state":"Minnesota","country":"United States","postcode":17405,"coordinates":{"latitude":"86.4004","longitude":"115.9623"},"timezone":{"offset":"-12:00","description":"Eniwetok, Kwajalein"}},"email":"clara.hoffman@example.com","login":{"uuid":"36806ec7-1cda-414f-9f69-562eea3dac14","username":"purplefrog486","password":"gangbanged","salt":"X2Nhr0g8","md5":"fc6e16feeff77241e7b7eede89042262","sha1":"ff0fd50f79799e5bdea3ae0105df6beb67d0f396","sha256":"94f16df7a3ff94841f5eeb84124fa8f6af58ad28dadcf6adc3739110dfdd79ef"},"dob":{"date":"1952-10-24T12:37:46.477Z","age":71},"registered":{"date":"2020-01-08T20:28:15.762Z","age":4},"phone":"(728) 770-2247","cell":"(833) 301-9355","id":{"name":"SSN","value":"618-60-4332"},"picture":{"large":"https://randomuser.me/api/portraits/women/88.jpg","medium":"https://randomuser.me/api/portraits/med/women/88.jpg","thumbnail":"https://randomuser.me/api/portraits/thumb/women/88.jpg"},"nat":"US"}],"info":{"seed":"9b57dbc8cdd9c181","results":1,"page":1,"version":"1.4"}} 
 </msg>
<msg time="2024-04-26T21:12:31.313490" level="INFO">/opt/hostedtoolcache/Python/3.12.3/x64/lib/python3.12/site-packages/urllib3/connectionpool.py:1103: InsecureRequestWarning: Unverified HTTPS request is being made to host 'randomuser.me'. Adding certificate verification is strongly advised. See: https://urllib3.readthedocs.io/en/latest/advanced-usage.html#tls-warnings
  warnings.warn(</msg>
<msg time="2024-04-26T21:12:31.313641" level="INFO">${response} = &lt;Response [200]&gt;</msg>
<var>${response}</var>
<arg>consultarAPI</arg>
<arg>/api</arg>
<doc>Sends a GET request on a previously created HTTP Session.</doc>
<status status="PASS" start="2024-04-26T21:12:31.251708" elapsed="0.061991"/>
</kw>
<kw name="Set Variable" owner="BuiltIn">
<msg time="2024-04-26T21:12:31.314536" level="INFO">${json_data} = {'results': [{'gender': 'female', 'name': {'title': 'Mrs', 'first': 'Clara', 'last': 'Hoffman'}, 'location': {'street': {'number': 3940, 'name': 'W Dallas St'}, 'city': 'Saint Paul', 'state': 'Minneso...</msg>
<var>${json_data}</var>
<arg>${response.json()}</arg>
<doc>Returns the given values which can then be assigned to a variables.</doc>
<status status="PASS" start="2024-04-26T21:12:31.314083" elapsed="0.000482"/>
</kw>
<kw name="Log" owner="BuiltIn">
<msg time="2024-04-26T21:12:31.315027" level="INFO">{'results': [{'gender': 'female', 'name': {'title': 'Mrs', 'first': 'Clara', 'last': 'Hoffman'}, 'location': {'street': {'number': 3940, 'name': 'W Dallas St'}, 'city': 'Saint Paul', 'state': 'Minnesota', 'country': 'United States', 'postcode': 17405, 'coordinates': {'latitude': '86.4004', 'longitude': '115.9623'}, 'timezone': {'offset': '-12:00', 'description': 'Eniwetok, Kwajalein'}}, 'email': 'clara.hoffman@example.com', 'login': {'uuid': '36806ec7-1cda-414f-9f69-562eea3dac14', 'username': 'purplefrog486', 'password': 'gangbanged', 'salt': 'X2Nhr0g8', 'md5': 'fc6e16feeff77241e7b7eede89042262', 'sha1': 'ff0fd50f79799e5bdea3ae0105df6beb67d0f396', 'sha256': '94f16df7a3ff94841f5eeb84124fa8f6af58ad28dadcf6adc3739110dfdd79ef'}, 'dob': {'date': '1952-10-24T12:37:46.477Z', 'age': 71}, 'registered': {'date': '2020-01-08T20:28:15.762Z', 'age': 4}, 'phone': '(728) 770-2247', 'cell': '(833) 301-9355', 'id': {'name': 'SSN', 'value': '618-60-4332'}, 'picture': {'large': 'https://randomuser.me/api/portraits/women/88.jpg', 'medium': 'https://randomuser.me/api/portraits/med/women/88.jpg', 'thumbnail': 'https://randomuser.me/api/portraits/thumb/women/88.jpg'}, 'nat': 'US'}], 'info': {'seed': '9b57dbc8cdd9c181', 'results': 1, 'page': 1, 'version': '1.4'}}</msg>
<arg>${json_data}</arg>
<doc>Logs the given message with the given level.</doc>
<status status="PASS" start="2024-04-26T21:12:31.314870" elapsed="0.000205"/>
</kw>
<kw name="Dictionary Should Contain Key" owner="Collections">
<msg time="2024-04-26T21:12:31.315520" level="INFO">False</msg>
<arg>${json_data}</arg>
<arg>results</arg>
<doc>Fails if ``key`` is not found from ``dictionary``.</doc>
<status status="PASS" start="2024-04-26T21:12:31.315372" elapsed="0.000185"/>
</kw>
<kw name="Should Not Be Empty" owner="BuiltIn">
<msg time="2024-04-26T21:12:31.315985" level="INFO">Length is 2.</msg>
<arg>${json_data}</arg>
<doc>Verifies that the given item is not empty.</doc>
<status status="PASS" start="2024-04-26T21:12:31.315856" elapsed="0.000168"/>
</kw>
<kw name="Create List" owner="BuiltIn">
<msg time="2024-04-26T21:12:31.316588" level="INFO">${expected_keys} = ['gender', 'name', 'location', 'email', 'login']</msg>
<var>${expected_keys}</var>
<arg>gender</arg>
<arg>name</arg>
<arg>location</arg>
<arg>email</arg>
<arg>login</arg>
<doc>Returns a list containing given items.</doc>
<status status="PASS" start="2024-04-26T21:12:31.316311" elapsed="0.000302"/>
</kw>
<for flavor="IN">
<iter>
<kw name="Dictionary Should Contain Key" owner="Collections">
<msg time="2024-04-26T21:12:31.317623" level="INFO">False</msg>
<arg>${json_data['results'][0]}</arg>
<arg>${key}</arg>
<doc>Fails if ``key`` is not found from ``dictionary``.</doc>
<status status="PASS" start="2024-04-26T21:12:31.317222" elapsed="0.000462"/>
</kw>
<kw name="Log" owner="BuiltIn">
<msg time="2024-04-26T21:12:31.318469" level="INFO">{'gender': 'female', 'name': {'title': 'Mrs', 'first': 'Clara', 'last': 'Hoffman'}, 'location': {'street': {'number': 3940, 'name': 'W Dallas St'}, 'city': 'Saint Paul', 'state': 'Minnesota', 'country': 'United States', 'postcode': 17405, 'coordinates': {'latitude': '86.4004', 'longitude': '115.9623'}, 'timezone': {'offset': '-12:00', 'description': 'Eniwetok, Kwajalein'}}, 'email': 'clara.hoffman@example.com', 'login': {'uuid': '36806ec7-1cda-414f-9f69-562eea3dac14', 'username': 'purplefrog486', 'password': 'gangbanged', 'salt': 'X2Nhr0g8', 'md5': 'fc6e16feeff77241e7b7eede89042262', 'sha1': 'ff0fd50f79799e5bdea3ae0105df6beb67d0f396', 'sha256': '94f16df7a3ff94841f5eeb84124fa8f6af58ad28dadcf6adc3739110dfdd79ef'}, 'dob': {'date': '1952-10-24T12:37:46.477Z', 'age': 71}, 'registered': {'date': '2020-01-08T20:28:15.762Z', 'age': 4}, 'phone': '(728) 770-2247', 'cell': '(833) 301-9355', 'id': {'name': 'SSN', 'value': '618-60-4332'}, 'picture': {'large': 'https://randomuser.me/api/portraits/women/88.jpg', 'medium': 'https://randomuser.me/api/portraits/med/women/88.jpg', 'thumbnail': 'https://randomuser.me/api/portraits/thumb/women/88.jpg'}, 'nat': 'US'}</msg>
<arg>${json_data['results'][0]}</arg>
<doc>Logs the given message with the given level.</doc>
<status status="PASS" start="2024-04-26T21:12:31.318097" elapsed="0.000420"/>
</kw>
<kw name="Log" owner="BuiltIn">
<msg time="2024-04-26T21:12:31.318954" level="INFO">gender</msg>
<arg>${key}</arg>
<doc>Logs the given message with the given level.</doc>
<status status="PASS" start="2024-04-26T21:12:31.318826" elapsed="0.000166"/>
</kw>
<var name="${key}">gender</var>
<status status="PASS" start="2024-04-26T21:12:31.317093" elapsed="0.002114"/>
</iter>
<iter>
<kw name="Dictionary Should Contain Key" owner="Collections">
<msg time="2024-04-26T21:12:31.319904" level="INFO">False</msg>
<arg>${json_data['results'][0]}</arg>
<arg>${key}</arg>
<doc>Fails if ``key`` is not found from ``dictionary``.</doc>
<status status="PASS" start="2024-04-26T21:12:31.319508" elapsed="0.000434"/>
</kw>
<kw name="Log" owner="BuiltIn">
<msg time="2024-04-26T21:12:31.320631" level="INFO">{'gender': 'female', 'name': {'title': 'Mrs', 'first': 'Clara', 'last': 'Hoffman'}, 'location': {'street': {'number': 3940, 'name': 'W Dallas St'}, 'city': 'Saint Paul', 'state': 'Minnesota', 'country': 'United States', 'postcode': 17405, 'coordinates': {'latitude': '86.4004', 'longitude': '115.9623'}, 'timezone': {'offset': '-12:00', 'description': 'Eniwetok, Kwajalein'}}, 'email': 'clara.hoffman@example.com', 'login': {'uuid': '36806ec7-1cda-414f-9f69-562eea3dac14', 'username': 'purplefrog486', 'password': 'gangbanged', 'salt': 'X2Nhr0g8', 'md5': 'fc6e16feeff77241e7b7eede89042262', 'sha1': 'ff0fd50f79799e5bdea3ae0105df6beb67d0f396', 'sha256': '94f16df7a3ff94841f5eeb84124fa8f6af58ad28dadcf6adc3739110dfdd79ef'}, 'dob': {'date': '1952-10-24T12:37:46.477Z', 'age': 71}, 'registered': {'date': '2020-01-08T20:28:15.762Z', 'age': 4}, 'phone': '(728) 770-2247', 'cell': '(833) 301-9355', 'id': {'name': 'SSN', 'value': '618-60-4332'}, 'picture': {'large': 'https://randomuser.me/api/portraits/women/88.jpg', 'medium': 'https://randomuser.me/api/portraits/med/women/88.jpg', 'thumbnail': 'https://randomuser.me/api/portraits/thumb/women/88.jpg'}, 'nat': 'US'}</msg>
<arg>${json_data['results'][0]}</arg>
<doc>Logs the given message with the given level.</doc>
<status status="PASS" start="2024-04-26T21:12:31.320268" elapsed="0.000411"/>
</kw>
<kw name="Log" owner="BuiltIn">
<msg time="2024-04-26T21:12:31.321135" level="INFO">name</msg>
<arg>${key}</arg>
<doc>Logs the given message with the given level.</doc>
<status status="PASS" start="2024-04-26T21:12:31.320977" elapsed="0.000197"/>
</kw>
<var name="${key}">name</var>
<status status="PASS" start="2024-04-26T21:12:31.319393" elapsed="0.002000"/>
</iter>
<iter>
<kw name="Dictionary Should Contain Key" owner="Collections">
<msg time="2024-04-26T21:12:31.322207" level="INFO">False</msg>
<arg>${json_data['results'][0]}</arg>
<arg>${key}</arg>
<doc>Fails if ``key`` is not found from ``dictionary``.</doc>
<status status="PASS" start="2024-04-26T21:12:31.321684" elapsed="0.000578"/>
</kw>
<kw name="Log" owner="BuiltIn">
<msg time="2024-04-26T21:12:31.323052" level="INFO">{'gender': 'female', 'name': {'title': 'Mrs', 'first': 'Clara', 'last': 'Hoffman'}, 'location': {'street': {'number': 3940, 'name': 'W Dallas St'}, 'city': 'Saint Paul', 'state': 'Minnesota', 'country': 'United States', 'postcode': 17405, 'coordinates': {'latitude': '86.4004', 'longitude': '115.9623'}, 'timezone': {'offset': '-12:00', 'description': 'Eniwetok, Kwajalein'}}, 'email': 'clara.hoffman@example.com', 'login': {'uuid': '36806ec7-1cda-414f-9f69-562eea3dac14', 'username': 'purplefrog486', 'password': 'gangbanged', 'salt': 'X2Nhr0g8', 'md5': 'fc6e16feeff77241e7b7eede89042262', 'sha1': 'ff0fd50f79799e5bdea3ae0105df6beb67d0f396', 'sha256': '94f16df7a3ff94841f5eeb84124fa8f6af58ad28dadcf6adc3739110dfdd79ef'}, 'dob': {'date': '1952-10-24T12:37:46.477Z', 'age': 71}, 'registered': {'date': '2020-01-08T20:28:15.762Z', 'age': 4}, 'phone': '(728) 770-2247', 'cell': '(833) 301-9355', 'id': {'name': 'SSN', 'value': '618-60-4332'}, 'picture': {'large': 'https://randomuser.me/api/portraits/women/88.jpg', 'medium': 'https://randomuser.me/api/portraits/med/women/88.jpg', 'thumbnail': 'https://randomuser.me/api/portraits/thumb/women/88.jpg'}, 'nat': 'US'}</msg>
<arg>${json_data['results'][0]}</arg>
<doc>Logs the given message with the given level.</doc>
<status status="PASS" start="2024-04-26T21:12:31.322677" elapsed="0.000424"/>
</kw>
<kw name="Log" owner="BuiltIn">
<msg time="2024-04-26T21:12:31.323533" level="INFO">location</msg>
<arg>${key}</arg>
<doc>Logs the given message with the given level.</doc>
<status status="PASS" start="2024-04-26T21:12:31.323404" elapsed="0.000167"/>
</kw>
<var name="${key}">location</var>
<status status="PASS" start="2024-04-26T21:12:31.321572" elapsed="0.002217"/>
</iter>
<iter>
<kw name="Dictionary Should Contain Key" owner="Collections">
<msg time="2024-04-26T21:12:31.324464" level="INFO">False</msg>
<arg>${json_data['results'][0]}</arg>
<arg>${key}</arg>
<doc>Fails if ``key`` is not found from ``dictionary``.</doc>
<status status="PASS" start="2024-04-26T21:12:31.324075" elapsed="0.000426"/>
</kw>
<kw name="Log" owner="BuiltIn">
<msg time="2024-04-26T21:12:31.325196" level="INFO">{'gender': 'female', 'name': {'title': 'Mrs', 'first': 'Clara', 'last': 'Hoffman'}, 'location': {'street': {'number': 3940, 'name': 'W Dallas St'}, 'city': 'Saint Paul', 'state': 'Minnesota', 'country': 'United States', 'postcode': 17405, 'coordinates': {'latitude': '86.4004', 'longitude': '115.9623'}, 'timezone': {'offset': '-12:00', 'description': 'Eniwetok, Kwajalein'}}, 'email': 'clara.hoffman@example.com', 'login': {'uuid': '36806ec7-1cda-414f-9f69-562eea3dac14', 'username': 'purplefrog486', 'password': 'gangbanged', 'salt': 'X2Nhr0g8', 'md5': 'fc6e16feeff77241e7b7eede89042262', 'sha1': 'ff0fd50f79799e5bdea3ae0105df6beb67d0f396', 'sha256': '94f16df7a3ff94841f5eeb84124fa8f6af58ad28dadcf6adc3739110dfdd79ef'}, 'dob': {'date': '1952-10-24T12:37:46.477Z', 'age': 71}, 'registered': {'date': '2020-01-08T20:28:15.762Z', 'age': 4}, 'phone': '(728) 770-2247', 'cell': '(833) 301-9355', 'id': {'name': 'SSN', 'value': '618-60-4332'}, 'picture': {'large': 'https://randomuser.me/api/portraits/women/88.jpg', 'medium': 'https://randomuser.me/api/portraits/med/women/88.jpg', 'thumbnail': 'https://randomuser.me/api/portraits/thumb/women/88.jpg'}, 'nat': 'US'}</msg>
<arg>${json_data['results'][0]}</arg>
<doc>Logs the given message with the given level.</doc>
<status status="PASS" start="2024-04-26T21:12:31.324800" elapsed="0.000446"/>
</kw>
<kw name="Log" owner="BuiltIn">
<msg time="2024-04-26T21:12:31.325670" level="INFO">email</msg>
<arg>${key}</arg>
<doc>Logs the given message with the given level.</doc>
<status status="PASS" start="2024-04-26T21:12:31.325543" elapsed="0.000164"/>
</kw>
<var name="${key}">email</var>
<status status="PASS" start="2024-04-26T21:12:31.323964" elapsed="0.001959"/>
</iter>
<iter>
<kw name="Dictionary Should Contain Key" owner="Collections">
<msg time="2024-04-26T21:12:31.326591" level="INFO">False</msg>
<arg>${json_data['results'][0]}</arg>
<arg>${key}</arg>
<doc>Fails if ``key`` is not found from ``dictionary``.</doc>
<status status="PASS" start="2024-04-26T21:12:31.326204" elapsed="0.000425"/>
</kw>
<kw name="Log" owner="BuiltIn">
<msg time="2024-04-26T21:12:31.327291" level="INFO">{'gender': 'female', 'name': {'title': 'Mrs', 'first': 'Clara', 'last': 'Hoffman'}, 'location': {'street': {'number': 3940, 'name': 'W Dallas St'}, 'city': 'Saint Paul', 'state': 'Minnesota', 'country': 'United States', 'postcode': 17405, 'coordinates': {'latitude': '86.4004', 'longitude': '115.9623'}, 'timezone': {'offset': '-12:00', 'description': 'Eniwetok, Kwajalein'}}, 'email': 'clara.hoffman@example.com', 'login': {'uuid': '36806ec7-1cda-414f-9f69-562eea3dac14', 'username': 'purplefrog486', 'password': 'gangbanged', 'salt': 'X2Nhr0g8', 'md5': 'fc6e16feeff77241e7b7eede89042262', 'sha1': 'ff0fd50f79799e5bdea3ae0105df6beb67d0f396', 'sha256': '94f16df7a3ff94841f5eeb84124fa8f6af58ad28dadcf6adc3739110dfdd79ef'}, 'dob': {'date': '1952-10-24T12:37:46.477Z', 'age': 71}, 'registered': {'date': '2020-01-08T20:28:15.762Z', 'age': 4}, 'phone': '(728) 770-2247', 'cell': '(833) 301-9355', 'id': {'name': 'SSN', 'value': '618-60-4332'}, 'picture': {'large': 'https://randomuser.me/api/portraits/women/88.jpg', 'medium': 'https://randomuser.me/api/portraits/med/women/88.jpg', 'thumbnail': 'https://randomuser.me/api/portraits/thumb/women/88.jpg'}, 'nat': 'US'}</msg>
<arg>${json_data['results'][0]}</arg>
<doc>Logs the given message with the given level.</doc>
<status status="PASS" start="2024-04-26T21:12:31.326923" elapsed="0.000415"/>
</kw>
<kw name="Log" owner="BuiltIn">
<msg time="2024-04-26T21:12:31.327761" level="INFO">login</msg>
<arg>${key}</arg>
<doc>Logs the given message with the given level.</doc>
<status status="PASS" start="2024-04-26T21:12:31.327636" elapsed="0.000164"/>
</kw>
<var name="${key}">login</var>
<status status="PASS" start="2024-04-26T21:12:31.326094" elapsed="0.001944"/>
</iter>
<var>${key}</var>
<value>@{expected_keys}</value>
<status status="PASS" start="2024-04-26T21:12:31.316879" elapsed="0.011287"/>
</for>
<kw name="Create List" owner="BuiltIn">
<msg time="2024-04-26T21:12:31.328496" level="INFO">${expected_keysTwo} = ['username', 'password']</msg>
<var>${expected_keysTwo}</var>
<arg>username</arg>
<arg>password</arg>
<doc>Returns a list containing given items.</doc>
<status status="PASS" start="2024-04-26T21:12:31.328358" elapsed="0.000161"/>
</kw>
<for flavor="IN">
<iter>
<kw name="Dictionary Should Contain Key" owner="Collections">
<msg time="2024-04-26T21:12:31.329455" level="INFO">False</msg>
<arg>${json_data['results'][0]['login']}</arg>
<arg>${keyTwo}</arg>
<doc>Fails if ``key`` is not found from ``dictionary``.</doc>
<status status="PASS" start="2024-04-26T21:12:31.329055" elapsed="0.000439"/>
</kw>
<kw name="Dictionary Should Contain Key" owner="Collections">
<msg time="2024-04-26T21:12:31.330175" level="INFO">False</msg>
<arg>${json_data['results'][0]['login']}</arg>
<arg>${keyTwo}</arg>
<doc>Fails if ``key`` is not found from ``dictionary``.</doc>
<status status="PASS" start="2024-04-26T21:12:31.329789" elapsed="0.000424"/>
</kw>
<kw name="Log" owner="BuiltIn">
<msg time="2024-04-26T21:12:31.330629" level="INFO">username</msg>
<arg>${keyTwo}</arg>
<doc>Logs the given message with the given level.</doc>
<status status="PASS" start="2024-04-26T21:12:31.330504" elapsed="0.000168"/>
</kw>
<var name="${keyTwo}">username</var>
<status status="PASS" start="2024-04-26T21:12:31.328918" elapsed="0.001966"/>
</iter>
<iter>
<kw name="Dictionary Should Contain Key" owner="Collections">
<msg time="2024-04-26T21:12:31.331548" level="INFO">False</msg>
<arg>${json_data['results'][0]['login']}</arg>
<arg>${keyTwo}</arg>
<doc>Fails if ``key`` is not found from ``dictionary``.</doc>
<status status="PASS" start="2024-04-26T21:12:31.331164" elapsed="0.000428"/>
</kw>
<kw name="Dictionary Should Contain Key" owner="Collections">
<msg time="2024-04-26T21:12:31.332343" level="INFO">False</msg>
<arg>${json_data['results'][0]['login']}</arg>
<arg>${keyTwo}</arg>
<doc>Fails if ``key`` is not found from ``dictionary``.</doc>
<status status="PASS" start="2024-04-26T21:12:31.331886" elapsed="0.000494"/>
</kw>
<kw name="Log" owner="BuiltIn">
<msg time="2024-04-26T21:12:31.332808" level="INFO">password</msg>
<arg>${keyTwo}</arg>
<doc>Logs the given message with the given level.</doc>
<status status="PASS" start="2024-04-26T21:12:31.332678" elapsed="0.000168"/>
</kw>
<var name="${keyTwo}">password</var>
<status status="PASS" start="2024-04-26T21:12:31.331055" elapsed="0.002042"/>
</iter>
<var>${keyTwo}</var>
<value>@{expected_keysTwo}</value>
<status status="PASS" start="2024-04-26T21:12:31.328764" elapsed="0.004460"/>
</for>
<status status="PASS" start="2024-04-26T21:12:31.251471" elapsed="0.081891"/>
</kw>
<doc>Testa a estrutura da resposta da API.</doc>
<tag>testeEstruturaResposta</tag>
<status status="PASS" start="2024-04-26T21:12:31.250894" elapsed="0.082616"/>
</test>
<test id="s1-s1-t4" name="Validar tipos de dados" line="28">
<kw name="Teste de Tipos de Dados" owner="random-user-service">
<kw name="GET On Session" owner="RequestsLibrary">
<msg time="2024-04-26T21:12:31.396926" level="INFO">GET Request : url=https://randomuser.me/api 
 path_url=/api 
 headers={'User-Agent': 'python-requests/2.31.0', 'Accept-Encoding': 'gzip, deflate', 'Accept': '*/*', 'Connection': 'keep-alive'} 
 body=None 
 </msg>
<msg time="2024-04-26T21:12:31.397024" level="INFO">GET Response : url=https://randomuser.me/api 
 status=200, reason=OK 
 headers={'Date': 'Fri, 26 Apr 2024 21:12:31 GMT', 'Content-Type': 'application/json; charset=utf-8', 'Transfer-Encoding': 'chunked', 'Connection': 'keep-alive', 'X-Powered-By': 'Express', 'Access-Control-Allow-Origin': '*', 'Cache-Control': 'no-cache', 'ETag': 'W/"480-fu9KnJb6sPTYBuu1Ud4Z7t8HBjY"', 'Vary': 'Accept-Encoding', 'Content-Encoding': 'gzip', 'CF-Cache-Status': 'DYNAMIC', 'Report-To': '{"endpoints":[{"url":"https:\\/\\/a.nel.cloudflare.com\\/report\\/v4?s=CZYyqPb%2Bvj7siYNYEyNT4Y%2BNFKqMWhKHAvXvH4C59fysVISFNIhjyDh8jqpkVAVh2QJU0YWjxp6n5fmE7lPlP3GPcOS8xT6Ps3v7wQCYULS8XbSju%2BcsaWjccpQLwfob"}],"group":"cf-nel","max_age":604800}', 'NEL': '{"success_fraction":0,"report_to":"cf-nel","max_age":604800}', 'Server': 'cloudflare', 'CF-RAY': '87a9924bdea62958-ORD', 'alt-svc': 'h3=":443"; ma=86400'} 
 body={"results":[{"gender":"female","name":{"title":"Ms","first":"Fatma","last":"Denkel"},"location":{"street":{"number":1156,"name":"Mevlana Cd"},"city":"Kırıkkale","state":"Gümüşhane","country":"Turkey","postcode":86209,"coordinates":{"latitude":"72.1029","longitude":"60.7587"},"timezone":{"offset":"+6:00","description":"Almaty, Dhaka, Colombo"}},"email":"fatma.denkel@example.com","login":{"uuid":"64fc1ee5-dcb2-42d6-b557-fe337c6df78f","username":"heavyzebra930","password":"duckman","salt":"XSii2ySt","md5":"15b9046e279db277784129543c697fcb","sha1":"e186b330bd54f39384dc3611d4e860ae75d0fa2f","sha256":"d8a6bfac750bdd8f66555f1639b63c2623f79db1784d62cb3fc35c5b38c2ece9"},"dob":{"date":"1956-02-19T01:31:32.526Z","age":68},"registered":{"date":"2006-05-11T17:25:56.410Z","age":17},"phone":"(738)-945-9585","cell":"(301)-470-8333","id":{"name":"","value":null},"picture":{"large":"https://randomuser.me/api/portraits/women/45.jpg","medium":"https://randomuser.me/api/portraits/med/women/45.jpg","thumbnail":"https://randomuser.me/api/portraits/thumb/women/45.jpg"},"nat":"TR"}],"info":{"seed":"dd7b146bc5936cdc","results":1,"page":1,"version":"1.4"}} 
 </msg>
<msg time="2024-04-26T21:12:31.397086" level="INFO">/opt/hostedtoolcache/Python/3.12.3/x64/lib/python3.12/site-packages/urllib3/connectionpool.py:1103: InsecureRequestWarning: Unverified HTTPS request is being made to host 'randomuser.me'. Adding certificate verification is strongly advised. See: https://urllib3.readthedocs.io/en/latest/advanced-usage.html#tls-warnings
  warnings.warn(</msg>
<msg time="2024-04-26T21:12:31.397189" level="INFO">${response} = &lt;Response [200]&gt;</msg>
<var>${response}</var>
<arg>consultarAPI</arg>
<arg>/api</arg>
<doc>Sends a GET request on a previously created HTTP Session.</doc>
<status status="PASS" start="2024-04-26T21:12:31.335979" elapsed="0.061248"/>
</kw>
<kw name="Set Variable" owner="BuiltIn">
<msg time="2024-04-26T21:12:31.398048" level="INFO">${json_data} = {'results': [{'gender': 'female', 'name': {'title': 'Ms', 'first': 'Fatma', 'last': 'Denkel'}, 'location': {'street': {'number': 1156, 'name': 'Mevlana Cd'}, 'city': 'Kırıkkale', 'state': 'Gümüşhane',...</msg>
<var>${json_data}</var>
<arg>${response.json()}</arg>
<doc>Returns the given values which can then be assigned to a variables.</doc>
<status status="PASS" start="2024-04-26T21:12:31.397589" elapsed="0.000490"/>
</kw>
<kw name="Log" owner="BuiltIn">
<msg time="2024-04-26T21:12:31.398545" level="INFO">{'results': [{'gender': 'female', 'name': {'title': 'Ms', 'first': 'Fatma', 'last': 'Denkel'}, 'location': {'street': {'number': 1156, 'name': 'Mevlana Cd'}, 'city': 'Kırıkkale', 'state': 'Gümüşhane', 'country': 'Turkey', 'postcode': 86209, 'coordinates': {'latitude': '72.1029', 'longitude': '60.7587'}, 'timezone': {'offset': '+6:00', 'description': 'Almaty, Dhaka, Colombo'}}, 'email': 'fatma.denkel@example.com', 'login': {'uuid': '64fc1ee5-dcb2-42d6-b557-fe337c6df78f', 'username': 'heavyzebra930', 'password': 'duckman', 'salt': 'XSii2ySt', 'md5': '15b9046e279db277784129543c697fcb', 'sha1': 'e186b330bd54f39384dc3611d4e860ae75d0fa2f', 'sha256': 'd8a6bfac750bdd8f66555f1639b63c2623f79db1784d62cb3fc35c5b38c2ece9'}, 'dob': {'date': '1956-02-19T01:31:32.526Z', 'age': 68}, 'registered': {'date': '2006-05-11T17:25:56.410Z', 'age': 17}, 'phone': '(738)-945-9585', 'cell': '(301)-470-8333', 'id': {'name': '', 'value': None}, 'picture': {'large': 'https://randomuser.me/api/portraits/women/45.jpg', 'medium': 'https://randomuser.me/api/portraits/med/women/45.jpg', 'thumbnail': 'https://randomuser.me/api/portraits/thumb/women/45.jpg'}, 'nat': 'TR'}], 'info': {'seed': 'dd7b146bc5936cdc', 'results': 1, 'page': 1, 'version': '1.4'}}</msg>
<arg>${json_data}</arg>
<doc>Logs the given message with the given level.</doc>
<status status="PASS" start="2024-04-26T21:12:31.398386" elapsed="0.000241"/>
</kw>
<kw name="Should Be String" owner="String">
<arg>${json_data['results'][0]['gender']}</arg>
<doc>Fails if the given ``item`` is not a string.</doc>
<status status="PASS" start="2024-04-26T21:12:31.398930" elapsed="0.000384"/>
</kw>
<kw name="Should Match Regexp" owner="BuiltIn">
<arg>${json_data['results'][0]['email']}</arg>
<arg>^[a-zA-Z0-9._%+-]+@[a-zA-Z0-9.-]+\.[a-zA-Z]{2,}$</arg>
<doc>Fails if ``string`` does not match ``pattern`` as a regular expression.</doc>
<status status="PASS" start="2024-04-26T21:12:31.399525" elapsed="0.000504"/>
</kw>
<kw name="Should Match Regexp" owner="BuiltIn">
<arg>${json_data['results'][0]['dob']['date']}</arg>
<arg>\\d{4}-\\d{2}-\\d{2}T\\d{2}:\\d{2}:\\d{2}\\.\\d{3}Z</arg>
<doc>Fails if ``string`` does not match ``pattern`` as a regular expression.</doc>
<status status="PASS" start="2024-04-26T21:12:31.400227" elapsed="0.000493"/>
</kw>
<kw name="Should Match Regexp" owner="BuiltIn">
<arg>${json_data['results'][0]['registered']['date']}</arg>
<arg>\\d{4}-\\d{2}-\\d{2}T\\d{2}:\\d{2}:\\d{2}\\.\\d{3}Z</arg>
<doc>Fails if ``string`` does not match ``pattern`` as a regular expression.</doc>
<status status="PASS" start="2024-04-26T21:12:31.400914" elapsed="0.000403"/>
</kw>
<kw name="Should Match Regexp" owner="BuiltIn">
<arg>${json_data['results'][0]['picture']['large']}</arg>
<arg>^https?://.*\.(?:png|jpe?g|gif|bmp)$</arg>
<doc>Fails if ``string`` does not match ``pattern`` as a regular expression.</doc>
<status status="PASS" start="2024-04-26T21:12:31.401508" elapsed="0.000461"/>
</kw>
<kw name="Should Match Regexp" owner="BuiltIn">
<arg>${json_data['results'][0]['picture']['medium']}</arg>
<arg>^https?://.*\.(?:png|jpe?g|gif|bmp)$</arg>
<doc>Fails if ``string`` does not match ``pattern`` as a regular expression.</doc>
<status status="PASS" start="2024-04-26T21:12:31.402167" elapsed="0.000368"/>
</kw>
<kw name="Should Match Regexp" owner="BuiltIn">
<arg>${json_data['results'][0]['picture']['thumbnail']}</arg>
<arg>^https?://.*\.(?:png|jpe?g|gif|bmp)$</arg>
<doc>Fails if ``string`` does not match ``pattern`` as a regular expression.</doc>
<status status="PASS" start="2024-04-26T21:12:31.402725" elapsed="0.000355"/>
</kw>
<kw name="Log" owner="BuiltIn">
<msg time="2024-04-26T21:12:31.403589" level="INFO">{'large': 'https://randomuser.me/api/portraits/women/45.jpg', 'medium': 'https://randomuser.me/api/portraits/med/women/45.jpg', 'thumbnail': 'https://randomuser.me/api/portraits/thumb/women/45.jpg'}</msg>
<arg>${json_data['results'][0]['picture']}</arg>
<doc>Logs the given message with the given level.</doc>
<status status="PASS" start="2024-04-26T21:12:31.403264" elapsed="0.000367"/>
</kw>
<status status="PASS" start="2024-04-26T21:12:31.335756" elapsed="0.068131"/>
</kw>
<kw name="Teste de Tipos de Dados - Postcode" owner="random-user-service">
<kw name="GET On Session" owner="RequestsLibrary">
<msg time="2024-04-26T21:12:31.498468" level="INFO">GET Request : url=https://randomuser.me/api 
 path_url=/api 
 headers={'User-Agent': 'python-requests/2.31.0', 'Accept-Encoding': 'gzip, deflate', 'Accept': '*/*', 'Connection': 'keep-alive'} 
 body=None 
 </msg>
<msg time="2024-04-26T21:12:31.498555" level="INFO">GET Response : url=https://randomuser.me/api 
 status=200, reason=OK 
 headers={'Date': 'Fri, 26 Apr 2024 21:12:31 GMT', 'Content-Type': 'application/json; charset=utf-8', 'Transfer-Encoding': 'chunked', 'Connection': 'keep-alive', 'X-Powered-By': 'Express', 'Access-Control-Allow-Origin': '*', 'Cache-Control': 'no-cache', 'ETag': 'W/"499-JeCejYuziDXsu7AR2zvbErun8o0"', 'Vary': 'Accept-Encoding', 'Content-Encoding': 'gzip', 'CF-Cache-Status': 'DYNAMIC', 'Report-To': '{"endpoints":[{"url":"https:\\/\\/a.nel.cloudflare.com\\/report\\/v4?s=XRJXrJARpvZ%2Bho2dpNUClE%2FjtE%2BWXmFjwpimqvk3WH8rYxbq2k78zXPjHx7irt35HzDJQ1M5ZZ%2BKzzHWw276wxHt8eDtvTOzta16e3pNeXVJK6g%2BJpkGBb7ZmogVucW9"}],"group":"cf-nel","max_age":604800}', 'NEL': '{"success_fraction":0,"report_to":"cf-nel","max_age":604800}', 'Server': 'cloudflare', 'CF-RAY': '87a9924c4f742958-ORD', 'alt-svc': 'h3=":443"; ma=86400'} 
 body={"results":[{"gender":"male","name":{"title":"Mr","first":"Kasper","last":"Pedersen"},"location":{"street":{"number":3787,"name":"Nørrebro"},"city":"Kvistgaard","state":"Hovedstaden","country":"Denmark","postcode":88149,"coordinates":{"latitude":"-45.8025","longitude":"-104.3937"},"timezone":{"offset":"0:00","description":"Western Europe Time, London, Lisbon, Casablanca"}},"email":"kasper.pedersen@example.com","login":{"uuid":"7b76963d-00c8-465d-a08c-1006dcdf5da0","username":"orangepeacock174","password":"336699","salt":"daXGxw2N","md5":"f9ef8914ef2e6e65598c2bb0be8b4ebc","sha1":"5a9f0fb113eb21da1f5c0ecb7e6b586d6d84247f","sha256":"39522e16dfa27789553349848955676c6e7eed97408644d11c22696c05a8c601"},"dob":{"date":"1946-01-10T23:51:11.531Z","age":78},"registered":{"date":"2002-04-25T01:26:40.901Z","age":22},"phone":"87893860","cell":"96717255","id":{"name":"CPR","value":"100146-5161"},"picture":{"large":"https://randomuser.me/api/portraits/men/41.jpg","medium":"https://randomuser.me/api/portraits/med/men/41.jpg","thumbnail":"https://randomuser.me/api/portraits/thumb/men/41.jpg"},"nat":"DK"}],"info":{"seed":"ff3d2243b3aa75d5","results":1,"page":1,"version":"1.4"}} 
 </msg>
<msg time="2024-04-26T21:12:31.498631" level="INFO">/opt/hostedtoolcache/Python/3.12.3/x64/lib/python3.12/site-packages/urllib3/connectionpool.py:1103: InsecureRequestWarning: Unverified HTTPS request is being made to host 'randomuser.me'. Adding certificate verification is strongly advised. See: https://urllib3.readthedocs.io/en/latest/advanced-usage.html#tls-warnings
  warnings.warn(</msg>
<msg time="2024-04-26T21:12:31.498773" level="INFO">${response} = &lt;Response [200]&gt;</msg>
<var>${response}</var>
<arg>consultarAPI</arg>
<arg>/api</arg>
<doc>Sends a GET request on a previously created HTTP Session.</doc>
<status status="PASS" start="2024-04-26T21:12:31.404328" elapsed="0.094502"/>
</kw>
<kw name="Set Variable" owner="BuiltIn">
<msg time="2024-04-26T21:12:31.499736" level="INFO">${json_data} = {'results': [{'gender': 'male', 'name': {'title': 'Mr', 'first': 'Kasper', 'last': 'Pedersen'}, 'location': {'street': {'number': 3787, 'name': 'Nørrebro'}, 'city': 'Kvistgaard', 'state': 'Hovedstaden...</msg>
<var>${json_data}</var>
<arg>${response.json()}</arg>
<doc>Returns the given values which can then be assigned to a variables.</doc>
<status status="PASS" start="2024-04-26T21:12:31.499273" elapsed="0.000494"/>
</kw>
<kw name="Log" owner="BuiltIn">
<msg time="2024-04-26T21:12:31.500241" level="INFO">{'results': [{'gender': 'male', 'name': {'title': 'Mr', 'first': 'Kasper', 'last': 'Pedersen'}, 'location': {'street': {'number': 3787, 'name': 'Nørrebro'}, 'city': 'Kvistgaard', 'state': 'Hovedstaden', 'country': 'Denmark', 'postcode': 88149, 'coordinates': {'latitude': '-45.8025', 'longitude': '-104.3937'}, 'timezone': {'offset': '0:00', 'description': 'Western Europe Time, London, Lisbon, Casablanca'}}, 'email': 'kasper.pedersen@example.com', 'login': {'uuid': '7b76963d-00c8-465d-a08c-1006dcdf5da0', 'username': 'orangepeacock174', 'password': '336699', 'salt': 'daXGxw2N', 'md5': 'f9ef8914ef2e6e65598c2bb0be8b4ebc', 'sha1': '5a9f0fb113eb21da1f5c0ecb7e6b586d6d84247f', 'sha256': '39522e16dfa27789553349848955676c6e7eed97408644d11c22696c05a8c601'}, 'dob': {'date': '1946-01-10T23:51:11.531Z', 'age': 78}, 'registered': {'date': '2002-04-25T01:26:40.901Z', 'age': 22}, 'phone': '87893860', 'cell': '96717255', 'id': {'name': 'CPR', 'value': '100146-5161'}, 'picture': {'large': 'https://randomuser.me/api/portraits/men/41.jpg', 'medium': 'https://randomuser.me/api/portraits/med/men/41.jpg', 'thumbnail': 'https://randomuser.me/api/portraits/thumb/men/41.jpg'}, 'nat': 'DK'}], 'info': {'seed': 'ff3d2243b3aa75d5', 'results': 1, 'page': 1, 'version': '1.4'}}</msg>
<arg>${json_data}</arg>
<doc>Logs the given message with the given level.</doc>
<status status="PASS" start="2024-04-26T21:12:31.500079" elapsed="0.000242"/>
</kw>
<kw name="Should Be Equal As Numbers" owner="BuiltIn">
<arg>${json_data['results'][0]['location']['postcode']}</arg>
<arg>${json_data['results'][0]['location']['postcode']}</arg>
<doc>Fails if objects are unequal after converting them to real numbers.</doc>
<status status="PASS" start="2024-04-26T21:12:31.500630" elapsed="0.000803"/>
</kw>
<kw name="Log" owner="BuiltIn">
<msg time="2024-04-26T21:12:31.501978" level="INFO">88149</msg>
<arg>${json_data['results'][0]['location']['postcode']}</arg>
<doc>Logs the given message with the given level.</doc>
<status status="PASS" start="2024-04-26T21:12:31.501634" elapsed="0.000386"/>
</kw>
<status status="PASS" start="2024-04-26T21:12:31.404102" elapsed="0.098175"/>
</kw>
<doc>Testa se os tipos de dados na resposta da API estão corretos.</doc>
<tag>testeTiposDados</tag>
<status status="PASS" start="2024-04-26T21:12:31.335253" elapsed="0.167187"/>
</test>
<test id="s1-s1-t5" name="Validar conteudo" line="35">
<kw name="Teste de Tipos de Conteudo" owner="random-user-service">
<kw name="GET On Session" owner="RequestsLibrary">
<msg time="2024-04-26T21:12:31.611822" level="INFO">GET Request : url=https://randomuser.me/api 
 path_url=/api 
 headers={'User-Agent': 'python-requests/2.31.0', 'Accept-Encoding': 'gzip, deflate', 'Accept': '*/*', 'Connection': 'keep-alive'} 
 body=None 
 </msg>
<msg time="2024-04-26T21:12:31.611908" level="INFO">GET Response : url=https://randomuser.me/api 
 status=200, reason=OK 
 headers={'Date': 'Fri, 26 Apr 2024 21:12:31 GMT', 'Content-Type': 'application/json; charset=utf-8', 'Transfer-Encoding': 'chunked', 'Connection': 'keep-alive', 'X-Powered-By': 'Express', 'Access-Control-Allow-Origin': '*', 'Cache-Control': 'no-cache', 'ETag': 'W/"495-b56d/gWLdtCdSm25kXy7nk56Hpc"', 'Vary': 'Accept-Encoding', 'Content-Encoding': 'gzip', 'CF-Cache-Status': 'DYNAMIC', 'Report-To': '{"endpoints":[{"url":"https:\\/\\/a.nel.cloudflare.com\\/report\\/v4?s=HK14Rd1JgUSaOFZ5ydt7TDBvqyGoODlAr6JUrFz2NjtBuS0fAv%2F%2BsdNE1XKhtxl6WGMCnjFVpOpkmQLXnzfnT2195wSsvC91vfVY9DZbT4zZq%2FMcLp9W%2Fh%2FW0V1s7YfV"}],"group":"cf-nel","max_age":604800}', 'NEL': '{"success_fraction":0,"report_to":"cf-nel","max_age":604800}', 'Server': 'cloudflare', 'CF-RAY': '87a9924ce8702958-ORD', 'alt-svc': 'h3=":443"; ma=86400'} 
 body={"results":[{"gender":"female","name":{"title":"Ms","first":"Alice","last":"Haack"},"location":{"street":{"number":953,"name":"Finkenweg"},"city":"Niederstotzingen","state":"Sachsen-Anhalt","country":"Germany","postcode":24115,"coordinates":{"latitude":"-52.5244","longitude":"134.3938"},"timezone":{"offset":"-7:00","description":"Mountain Time (US &amp; Canada)"}},"email":"alice.haack@example.com","login":{"uuid":"04c2149d-2ddb-4cdb-bcc7-e7909332e164","username":"lazywolf523","password":"saints","salt":"2ZTW1SDX","md5":"0f694c6e4434b1ee5f7d38787422b217","sha1":"a0825dcfbcdd453b83faf86a2227a938c04a182c","sha256":"9be7e3825c9452e640ce4ffd72eec313532e12d2065b4babbdca7621461cdb5d"},"dob":{"date":"1977-08-26T01:43:55.515Z","age":46},"registered":{"date":"2003-04-10T03:07:25.811Z","age":21},"phone":"0221-9133491","cell":"0175-1656273","id":{"name":"SVNR","value":"02 250877 H 720"},"picture":{"large":"https://randomuser.me/api/portraits/women/56.jpg","medium":"https://randomuser.me/api/portraits/med/women/56.jpg","thumbnail":"https://randomuser.me/api/portraits/thumb/women/56.jpg"},"nat":"DE"}],"info":{"seed":"2791758dd8ef122c","results":1,"page":1,"version":"1.4"}} 
 </msg>
<msg time="2024-04-26T21:12:31.611983" level="INFO">/opt/hostedtoolcache/Python/3.12.3/x64/lib/python3.12/site-packages/urllib3/connectionpool.py:1103: InsecureRequestWarning: Unverified HTTPS request is being made to host 'randomuser.me'. Adding certificate verification is strongly advised. See: https://urllib3.readthedocs.io/en/latest/advanced-usage.html#tls-warnings
  warnings.warn(</msg>
<msg time="2024-04-26T21:12:31.612098" level="INFO">${response} = &lt;Response [200]&gt;</msg>
<var>${response}</var>
<arg>consultarAPI</arg>
<arg>/api</arg>
<doc>Sends a GET request on a previously created HTTP Session.</doc>
<status status="PASS" start="2024-04-26T21:12:31.505421" elapsed="0.106725"/>
</kw>
<kw name="Set Variable" owner="BuiltIn">
<msg time="2024-04-26T21:12:31.613078" level="INFO">${json_data} = {'results': [{'gender': 'female', 'name': {'title': 'Ms', 'first': 'Alice', 'last': 'Haack'}, 'location': {'street': {'number': 953, 'name': 'Finkenweg'}, 'city': 'Niederstotzingen', 'state': 'Sachsen...</msg>
<var>${json_data}</var>
<arg>${response.json()}</arg>
<doc>Returns the given values which can then be assigned to a variables.</doc>
<status status="PASS" start="2024-04-26T21:12:31.612593" elapsed="0.000515"/>
</kw>
<kw name="Set Variable" owner="BuiltIn">
<msg time="2024-04-26T21:12:31.613871" level="INFO">${name_title} = Ms</msg>
<var>${name_title}</var>
<arg>${json_data["results"][0]["name"]["title"]}</arg>
<doc>Returns the given values which can then be assigned to a variables.</doc>
<status status="PASS" start="2024-04-26T21:12:31.613460" elapsed="0.000437"/>
</kw>
<kw name="Create List" owner="BuiltIn">
<msg time="2024-04-26T21:12:31.614363" level="INFO">${allowed_titles} = ['Mr', 'Ms', 'Miss', 'Mrs', 'Madame', 'Monsieur']</msg>
<var>${allowed_titles}</var>
<arg>Mr</arg>
<arg>Ms</arg>
<arg>Miss</arg>
<arg>Mrs</arg>
<arg>Madame</arg>
<arg>Monsieur</arg>
<doc>Returns a list containing given items.</doc>
<status status="PASS" start="2024-04-26T21:12:31.614210" elapsed="0.000178"/>
</kw>
<kw name="List Should Contain Value" owner="Collections">
<msg time="2024-04-26T21:12:31.614865" level="INFO">False</msg>
<arg>${allowed_titles}</arg>
<arg>${name_title}</arg>
<doc>Fails if the ``value`` is not found from ``list``.</doc>
<status status="PASS" start="2024-04-26T21:12:31.614695" elapsed="0.000207"/>
</kw>
<kw name="Set Variable" owner="BuiltIn">
<msg time="2024-04-26T21:12:31.615584" level="INFO">${name_country} = DE</msg>
<var>${name_country}</var>
<arg>${json_data["results"][0]["nat"]}</arg>
<doc>Returns the given values which can then be assigned to a variables.</doc>
<status status="PASS" start="2024-04-26T21:12:31.615196" elapsed="0.000413"/>
</kw>
<kw name="Create List" owner="BuiltIn">
<msg time="2024-04-26T21:12:31.616501" level="INFO">${list_country} = ['AD', 'AE', 'AF', 'AG', 'AI', 'AL', 'AM', 'AO', 'AQ', 'AR', 'AS', 'AT', 'AU', 'AW', 'AX', 'AZ', 'BA', 'BB', 'BD', 'BE', 'BF', 'BG', 'BH', 'BI', 'BJ', 'BL', 'BM', 'BN', 'BO', 'BQ', 'BR', 'BS', 'BT', '...</msg>
<var>${list_country}</var>
<arg>AD</arg>
<arg>AE</arg>
<arg>AF</arg>
<arg>AG</arg>
<arg>AI</arg>
<arg>AL</arg>
<arg>AM</arg>
<arg>AO</arg>
<arg>AQ</arg>
<arg>AR</arg>
<arg>AS</arg>
<arg>AT</arg>
<arg>AU</arg>
<arg>AW</arg>
<arg>AX</arg>
<arg>AZ</arg>
<arg>BA</arg>
<arg>BB</arg>
<arg>BD</arg>
<arg>BE</arg>
<arg>BF</arg>
<arg>BG</arg>
<arg>BH</arg>
<arg>BI</arg>
<arg>BJ</arg>
<arg>BL</arg>
<arg>BM</arg>
<arg>BN</arg>
<arg>BO</arg>
<arg>BQ</arg>
<arg>BR</arg>
<arg>BS</arg>
<arg>BT</arg>
<arg>BV</arg>
<arg>BW</arg>
<arg>BY</arg>
<arg>BZ</arg>
<arg>CA</arg>
<arg>CC</arg>
<arg>CD</arg>
<arg>CF</arg>
<arg>CG</arg>
<arg>CH</arg>
<arg>CI</arg>
<arg>CK</arg>
<arg>CL</arg>
<arg>CM</arg>
<arg>CN</arg>
<arg>CO</arg>
<arg>CR</arg>
<arg>CU</arg>
<arg>CV</arg>
<arg>CW</arg>
<arg>CX</arg>
<arg>CY</arg>
<arg>CZ</arg>
<arg>DE</arg>
<arg>DJ</arg>
<arg>DK</arg>
<arg>DM</arg>
<arg>DO</arg>
<arg>DZ</arg>
<arg>EC</arg>
<arg>EE</arg>
<arg>EG</arg>
<arg>EH</arg>
<arg>ER</arg>
<arg>ES</arg>
<arg>ET</arg>
<arg>FI</arg>
<arg>FJ</arg>
<arg>FK</arg>
<arg>FM</arg>
<arg>FO</arg>
<arg>FR</arg>
<arg>GA</arg>
<arg>GB</arg>
<arg>GD</arg>
<arg>GE</arg>
<arg>GF</arg>
<arg>GG</arg>
<arg>GH</arg>
<arg>GI</arg>
<arg>GL</arg>
<arg>GM</arg>
<arg>GN</arg>
<arg>GP</arg>
<arg>GQ</arg>
<arg>GR</arg>
<arg>GS</arg>
<arg>GT</arg>
<arg>GU</arg>
<arg>GW</arg>
<arg>GY</arg>
<arg>HK</arg>
<arg>HM</arg>
<arg>HN</arg>
<arg>HR</arg>
<arg>HT</arg>
<arg>HU</arg>
<arg>ID</arg>
<arg>IE</arg>
<arg>IL</arg>
<arg>IM</arg>
<arg>IN</arg>
<arg>IO</arg>
<arg>IQ</arg>
<arg>IR</arg>
<arg>IS</arg>
<arg>IT</arg>
<arg>JE</arg>
<arg>JM</arg>
<arg>JO</arg>
<arg>JP</arg>
<arg>KE</arg>
<arg>KG</arg>
<arg>KH</arg>
<arg>KI</arg>
<arg>KM</arg>
<arg>KN</arg>
<arg>KP</arg>
<arg>KR</arg>
<arg>KW</arg>
<arg>KY</arg>
<arg>KZ</arg>
<arg>LA</arg>
<arg>LB</arg>
<arg>LC</arg>
<arg>LI</arg>
<arg>LK</arg>
<arg>LR</arg>
<arg>LS</arg>
<arg>LT</arg>
<arg>LU</arg>
<arg>LV</arg>
<arg>LY</arg>
<arg>MA</arg>
<arg>MC</arg>
<arg>MD</arg>
<arg>ME</arg>
<arg>MF</arg>
<arg>MG</arg>
<arg>MH</arg>
<arg>MK</arg>
<arg>ML</arg>
<arg>MM</arg>
<arg>MN</arg>
<arg>MO</arg>
<arg>MP</arg>
<arg>MQ</arg>
<arg>MR</arg>
<arg>MS</arg>
<arg>MT</arg>
<arg>MU</arg>
<arg>MV</arg>
<arg>MW</arg>
<arg>MX</arg>
<arg>MY</arg>
<arg>MZ</arg>
<arg>NA</arg>
<arg>NC</arg>
<arg>NE</arg>
<arg>NF</arg>
<arg>NG</arg>
<arg>NI</arg>
<arg>NL</arg>
<arg>NO</arg>
<arg>NP</arg>
<arg>NR</arg>
<arg>NU</arg>
<arg>NZ</arg>
<arg>OM</arg>
<arg>PA</arg>
<arg>PE</arg>
<arg>PF</arg>
<arg>PG</arg>
<arg>PH</arg>
<arg>PK</arg>
<arg>PL</arg>
<arg>PM</arg>
<arg>PN</arg>
<arg>PR</arg>
<arg>PS</arg>
<arg>PT</arg>
<arg>PW</arg>
<arg>PY</arg>
<arg>QA</arg>
<arg>RE</arg>
<arg>RO</arg>
<arg>RS</arg>
<arg>RU</arg>
<arg>RW</arg>
<arg>SA</arg>
<arg>SB</arg>
<arg>SC</arg>
<arg>SD</arg>
<arg>SE</arg>
<arg>SG</arg>
<arg>SH</arg>
<arg>SI</arg>
<arg>SJ</arg>
<arg>SK</arg>
<arg>SL</arg>
<arg>SM</arg>
<arg>SN</arg>
<arg>SO</arg>
<arg>SR</arg>
<arg>SS</arg>
<arg>ST</arg>
<arg>SV</arg>
<arg>SX</arg>
<arg>SY</arg>
<arg>SZ</arg>
<arg>TC</arg>
<arg>TD</arg>
<arg>TF</arg>
<arg>TG</arg>
<arg>TH</arg>
<arg>TJ</arg>
<arg>TK</arg>
<arg>TL</arg>
<arg>TM</arg>
<arg>TN</arg>
<arg>TO</arg>
<arg>TR</arg>
<arg>TT</arg>
<arg>TV</arg>
<arg>TW</arg>
<arg>TZ</arg>
<arg>UA</arg>
<arg>UG</arg>
<arg>UM</arg>
<arg>US</arg>
<arg>UY</arg>
<arg>UZ</arg>
<arg>VA</arg>
<arg>VC</arg>
<arg>VE</arg>
<arg>VG</arg>
<arg>VI</arg>
<arg>VN</arg>
<arg>VU</arg>
<arg>WF</arg>
<arg>WS</arg>
<arg>XK</arg>
<arg>YE</arg>
<arg>YT</arg>
<arg>ZA</arg>
<arg>ZM</arg>
<arg>ZW</arg>
<doc>Returns a list containing given items.</doc>
<status status="PASS" start="2024-04-26T21:12:31.615914" elapsed="0.000613"/>
</kw>
<kw name="List Should Contain Value" owner="Collections">
<msg time="2024-04-26T21:12:31.617543" level="INFO">False</msg>
<arg>${list_country}</arg>
<arg>${name_country}</arg>
<doc>Fails if the ``value`` is not found from ``list``.</doc>
<status status="PASS" start="2024-04-26T21:12:31.617341" elapsed="0.000239"/>
</kw>
<kw name="Run Keyword If" owner="BuiltIn">
<kw name="Should Be True" owner="BuiltIn">
<arg>${True}</arg>
<doc>Fails if the given condition is not true.</doc>
<status status="PASS" start="2024-04-26T21:12:31.618650" elapsed="0.000145"/>
</kw>
<arg>${json_data["results"][0]["location"]["coordinates"]["latitude"]} &gt;= -90 and ${json_data["results"][0]["location"]["coordinates"]["latitude"]} &lt;= 90</arg>
<arg>Should Be True</arg>
<arg>${True}</arg>
<doc>Runs the given keyword with the given arguments, if ``condition`` is true.</doc>
<status status="PASS" start="2024-04-26T21:12:31.617892" elapsed="0.001032"/>
</kw>
<kw name="Run Keyword If" owner="BuiltIn">
<kw name="Should Be True" owner="BuiltIn">
<arg>${True}</arg>
<doc>Fails if the given condition is not true.</doc>
<status status="PASS" start="2024-04-26T21:12:31.619830" elapsed="0.000244"/>
</kw>
<arg>${json_data["results"][0]["location"]["coordinates"]["longitude"]} &gt;= -180 and ${json_data["results"][0]["location"]["coordinates"]["longitude"]} &lt;= 180</arg>
<arg>Should Be True</arg>
<arg>${True}</arg>
<doc>Runs the given keyword with the given arguments, if ``condition`` is true.</doc>
<status status="PASS" start="2024-04-26T21:12:31.619120" elapsed="0.001084"/>
</kw>
<status status="PASS" start="2024-04-26T21:12:31.505040" elapsed="0.115298"/>
</kw>
<doc>Testa o conteúdo específico dos campos retornados pela API.</doc>
<tag>testeConteudo</tag>
<status status="PASS" start="2024-04-26T21:12:31.504333" elapsed="0.116151"/>
</test>
<status status="PASS" start="2024-04-26T21:12:30.640958" elapsed="0.981450"/>
</suite>
<status status="PASS" start="2024-04-26T21:12:30.627564" elapsed="0.999863"/>
</suite>
<statistics>
<total>
<stat pass="5" fail="0" skip="0">All Tests</stat>
</total>
<tag>
<stat pass="1" fail="0" skip="0">testeConteudo</stat>
<stat pass="1" fail="0" skip="0">testeEstruturaResposta</stat>
<stat pass="1" fail="0" skip="0">testeRequisicaoBasica</stat>
<stat pass="1" fail="0" skip="0">testeTiposDados</stat>
</tag>
<suite>
<stat pass="5" fail="0" skip="0" id="s1" name="Tests">Tests</stat>
<stat pass="5" fail="0" skip="0" id="s1-s1" name="Random-User-Test">Tests.Random-User-Test</stat>
</suite>
</statistics>
<errors>
</errors>
</robot>
