<?xml version="1.0" encoding="UTF-8"?>
<robot generator="Robot 7.0 (Python 3.12.3 on linux)" generated="2024-05-30T11:12:21.034662" rpa="false" schemaversion="5">
<suite id="s1" name="Tests" source="/home/runner/work/ApiRandomUser/ApiRandomUser/RamdonUser/tests">
<suite id="s1-s1" name="Random-User-Test" source="/home/runner/work/ApiRandomUser/ApiRandomUser/RamdonUser/tests/random-user-test.robot">
<test id="s1-s1-t1" name="Conectar" line="13">
<kw name="Conectar API" owner="random-user-service">
<kw name="Create Session" owner="RequestsLibrary">
<msg time="2024-05-30T11:12:21.421622" level="INFO">Creating Session using : alias=consultarAPI, url=https://randomuser.me/, headers={},                     cookies={}, auth=None, timeout=None, proxies=None, verify=False,                     debug=0 </msg>
<arg>consultarAPI</arg>
<arg>${URL}</arg>
<doc>Create Session: create a HTTP session to a server</doc>
<status status="PASS" start="2024-05-30T11:12:21.421413" elapsed="0.000386"/>
</kw>
<status status="PASS" start="2024-05-30T11:12:21.420456" elapsed="0.001733"/>
</kw>
<status status="PASS" start="2024-05-30T11:12:21.419915" elapsed="0.002467"/>
</test>
<test id="s1-s1-t2" name="Validar retorno 200 e JSON Válido" line="16">
<kw name="Teste de Requisicao Basica" owner="random-user-service">
<kw name="GET On Session" owner="RequestsLibrary">
<msg time="2024-05-30T11:12:21.492064" level="INFO">GET Request : url=https://randomuser.me/api 
 path_url=/api 
 headers={'User-Agent': 'python-requests/2.32.3', 'Accept-Encoding': 'gzip, deflate', 'Accept': '*/*', 'Connection': 'keep-alive'} 
 body=None 
 </msg>
<msg time="2024-05-30T11:12:21.492207" level="INFO">GET Response : url=https://randomuser.me/api 
 status=200, reason=OK 
 headers={'Date': 'Thu, 30 May 2024 11:12:21 GMT', 'Content-Type': 'application/json; charset=utf-8', 'Transfer-Encoding': 'chunked', 'Connection': 'keep-alive', 'X-Powered-By': 'Express', 'Access-Control-Allow-Origin': '*', 'Cache-Control': 'no-cache', 'ETag': 'W/"482-jmezMiT5OssvhSv2ygyD3+/bKBo"', 'Vary': 'Accept-Encoding', 'Content-Encoding': 'gzip', 'CF-Cache-Status': 'DYNAMIC', 'Report-To': '{"endpoints":[{"url":"https:\\/\\/a.nel.cloudflare.com\\/report\\/v4?s=Oqtm%2BJRKjIwoPk8v5ZKTOz%2Bpa%2FWObQ6aaCS1coRDY2NvtLAeNV2%2Funt03KDsKstSC6v6ZLd4%2FSESy9wI%2FIiaYM6tfFDno7a%2Bn4Tn8vAHomNnnrn56k6ATBShjjcrTQDz"}],"group":"cf-nel","max_age":604800}', 'NEL': '{"success_fraction":0,"report_to":"cf-nel","max_age":604800}', 'Server': 'cloudflare', 'CF-RAY': '88be49e628c157ac-IAD', 'alt-svc': 'h3=":443"; ma=86400'} 
 body={"results":[{"gender":"female","name":{"title":"Madame","first":"Natacha","last":"Adam"},"location":{"street":{"number":853,"name":"Rue Abel-Ferry"},"city":"Boulens","state":"Schwyz","country":"Switzerland","postcode":1476,"coordinates":{"latitude":"-63.6468","longitude":"36.0346"},"timezone":{"offset":"+5:45","description":"Kathmandu"}},"email":"natacha.adam@example.com","login":{"uuid":"b09c151a-b27b-4376-8eee-0eb68c047ce0","username":"whitebird931","password":"taxman","salt":"lDSmCyc6","md5":"dc20b25c06b81d0c90ca1a6798794e23","sha1":"2b58ba8f92a8cea52d0dc3df472805624ce42d40","sha256":"fd0c193ed3fa93b5be9f01bc8acfd200a1a9d87431a9e8627cb9cbfd39592bfe"},"dob":{"date":"1986-05-03T13:08:37.915Z","age":38},"registered":{"date":"2010-04-15T14:36:49.771Z","age":14},"phone":"076 479 02 93","cell":"079 742 15 89","id":{"name":"AVS","value":"756.6780.1048.54"},"picture":{"large":"https://randomuser.me/api/portraits/women/52.jpg","medium":"https://randomuser.me/api/portraits/med/women/52.jpg","thumbnail":"https://randomuser.me/api/portraits/thumb/women/52.jpg"},"nat":"CH"}],"info":{"seed":"e54625639c6e942c","results":1,"page":1,"version":"1.4"}} 
 </msg>
<msg time="2024-05-30T11:12:21.492297" level="INFO">/opt/hostedtoolcache/Python/3.12.3/x64/lib/python3.12/site-packages/urllib3/connectionpool.py:1103: InsecureRequestWarning: Unverified HTTPS request is being made to host 'randomuser.me'. Adding certificate verification is strongly advised. See: https://urllib3.readthedocs.io/en/latest/advanced-usage.html#tls-warnings
  warnings.warn(</msg>
<msg time="2024-05-30T11:12:21.492466" level="INFO">${response} = &lt;Response [200]&gt;</msg>
<var>${response}</var>
<arg>consultarAPI</arg>
<arg>/api</arg>
<doc>Sends a GET request on a previously created HTTP Session.</doc>
<status status="PASS" start="2024-05-30T11:12:21.424981" elapsed="0.067537"/>
</kw>
<kw name="Should Be Equal As Numbers" owner="BuiltIn">
<msg time="2024-05-30T11:12:21.493395" level="INFO">Argument types are:
&lt;class 'int'&gt;
&lt;class 'str'&gt;</msg>
<arg>${response.status_code}</arg>
<arg>200</arg>
<doc>Fails if objects are unequal after converting them to real numbers.</doc>
<status status="PASS" start="2024-05-30T11:12:21.492981" elapsed="0.000476"/>
</kw>
<kw name="Log" owner="BuiltIn">
<msg time="2024-05-30T11:12:21.494172" level="INFO">200</msg>
<arg>${response.status_code}</arg>
<doc>Logs the given message with the given level.</doc>
<status status="PASS" start="2024-05-30T11:12:21.493787" elapsed="0.000433"/>
</kw>
<kw name="Set Variable" owner="BuiltIn">
<msg time="2024-05-30T11:12:21.494945" level="INFO">${json_data} = {'results': [{'gender': 'female', 'name': {'title': 'Madame', 'first': 'Natacha', 'last': 'Adam'}, 'location': {'street': {'number': 853, 'name': 'Rue Abel-Ferry'}, 'city': 'Boulens', 'state': 'Schwyz...</msg>
<var>${json_data}</var>
<arg>${response.json()}</arg>
<doc>Returns the given values which can then be assigned to a variables.</doc>
<status status="PASS" start="2024-05-30T11:12:21.494526" elapsed="0.000447"/>
</kw>
<kw name="Dictionary Should Contain Key" owner="Collections">
<msg time="2024-05-30T11:12:21.495436" level="INFO">False</msg>
<arg>${json_data}</arg>
<arg>results</arg>
<doc>Fails if ``key`` is not found from ``dictionary``.</doc>
<status status="PASS" start="2024-05-30T11:12:21.495267" elapsed="0.000210"/>
</kw>
<status status="PASS" start="2024-05-30T11:12:21.424733" elapsed="0.070994"/>
</kw>
<doc>Testa se a API responde corretamente e retorna um objeto JSON válido.</doc>
<tag>testeRequisicaoBasica</tag>
<status status="PASS" start="2024-05-30T11:12:21.424261" elapsed="0.071638"/>
</test>
<test id="s1-s1-t3" name="Validar estrutura de resposta" line="22">
<kw name="Teste de Estrutura de Resposta" owner="random-user-service">
<kw name="GET On Session" owner="RequestsLibrary">
<msg time="2024-05-30T11:12:21.598549" level="INFO">GET Request : url=https://randomuser.me/api 
 path_url=/api 
 headers={'User-Agent': 'python-requests/2.32.3', 'Accept-Encoding': 'gzip, deflate', 'Accept': '*/*', 'Connection': 'keep-alive'} 
 body=None 
 </msg>
<msg time="2024-05-30T11:12:21.598642" level="INFO">GET Response : url=https://randomuser.me/api 
 status=200, reason=OK 
 headers={'Date': 'Thu, 30 May 2024 11:12:21 GMT', 'Content-Type': 'application/json; charset=utf-8', 'Transfer-Encoding': 'chunked', 'Connection': 'keep-alive', 'X-Powered-By': 'Express', 'Access-Control-Allow-Origin': '*', 'Cache-Control': 'no-cache', 'ETag': 'W/"471-Gf4YVqx0aSygaVeBDZU3MVpG4pg"', 'Vary': 'Accept-Encoding', 'Content-Encoding': 'gzip', 'CF-Cache-Status': 'DYNAMIC', 'Report-To': '{"endpoints":[{"url":"https:\\/\\/a.nel.cloudflare.com\\/report\\/v4?s=0xtxNj52DdlVWXWWHrkbTR2Memc77TZCvF7K%2BRbrw8wE0stPMNYS7IGipcSdWWV2jMImuyrBVCE%2BIcne9xddPPSFnZ0PCgVWxfXqV7kBDWBK7Pt%2FCXY86qWJSJ3ctPrw"}],"group":"cf-nel","max_age":604800}', 'NEL': '{"success_fraction":0,"report_to":"cf-nel","max_age":604800}', 'Server': 'cloudflare', 'CF-RAY': '88be49e6690057ac-IAD', 'alt-svc': 'h3=":443"; ma=86400'} 
 body={"results":[{"gender":"male","name":{"title":"Mr","first":"Per","last":"Due"},"location":{"street":{"number":3776,"name":"Voksenhagen"},"city":"Øyslebø","state":"Telemark","country":"Norway","postcode":"0763","coordinates":{"latitude":"41.2834","longitude":"-124.6231"},"timezone":{"offset":"-8:00","description":"Pacific Time (US &amp; Canada)"}},"email":"per.due@example.com","login":{"uuid":"c226ffc2-d3da-409e-9bb5-dd9dbd491741","username":"silvergoose849","password":"ragnarok","salt":"2nYQcL5e","md5":"ae204d41edfb960a94512d6fe3b781d0","sha1":"3280d4b09383e7c26b25b8b3b9538574bd4b5cf5","sha256":"94c635b4030d2e6d8140b8503f903e71f96ac1c6062612a01d173571c63d876b"},"dob":{"date":"1992-12-11T00:05:19.784Z","age":31},"registered":{"date":"2013-12-26T17:59:50.422Z","age":10},"phone":"78360421","cell":"93388756","id":{"name":"FN","value":"11129230365"},"picture":{"large":"https://randomuser.me/api/portraits/men/86.jpg","medium":"https://randomuser.me/api/portraits/med/men/86.jpg","thumbnail":"https://randomuser.me/api/portraits/thumb/men/86.jpg"},"nat":"NO"}],"info":{"seed":"26eb2b2be4b0b841","results":1,"page":1,"version":"1.4"}} 
 </msg>
<msg time="2024-05-30T11:12:21.598773" level="INFO">/opt/hostedtoolcache/Python/3.12.3/x64/lib/python3.12/site-packages/urllib3/connectionpool.py:1103: InsecureRequestWarning: Unverified HTTPS request is being made to host 'randomuser.me'. Adding certificate verification is strongly advised. See: https://urllib3.readthedocs.io/en/latest/advanced-usage.html#tls-warnings
  warnings.warn(</msg>
<msg time="2024-05-30T11:12:21.598924" level="INFO">${response} = &lt;Response [200]&gt;</msg>
<var>${response}</var>
<arg>consultarAPI</arg>
<arg>/api</arg>
<doc>Sends a GET request on a previously created HTTP Session.</doc>
<status status="PASS" start="2024-05-30T11:12:21.498528" elapsed="0.100428"/>
</kw>
<kw name="Set Variable" owner="BuiltIn">
<msg time="2024-05-30T11:12:21.599846" level="INFO">${json_data} = {'results': [{'gender': 'male', 'name': {'title': 'Mr', 'first': 'Per', 'last': 'Due'}, 'location': {'street': {'number': 3776, 'name': 'Voksenhagen'}, 'city': 'Øyslebø', 'state': 'Telemark', 'country...</msg>
<var>${json_data}</var>
<arg>${response.json()}</arg>
<doc>Returns the given values which can then be assigned to a variables.</doc>
<status status="PASS" start="2024-05-30T11:12:21.599353" elapsed="0.000523"/>
</kw>
<kw name="Log" owner="BuiltIn">
<msg time="2024-05-30T11:12:21.600350" level="INFO">{'results': [{'gender': 'male', 'name': {'title': 'Mr', 'first': 'Per', 'last': 'Due'}, 'location': {'street': {'number': 3776, 'name': 'Voksenhagen'}, 'city': 'Øyslebø', 'state': 'Telemark', 'country': 'Norway', 'postcode': '0763', 'coordinates': {'latitude': '41.2834', 'longitude': '-124.6231'}, 'timezone': {'offset': '-8:00', 'description': 'Pacific Time (US &amp; Canada)'}}, 'email': 'per.due@example.com', 'login': {'uuid': 'c226ffc2-d3da-409e-9bb5-dd9dbd491741', 'username': 'silvergoose849', 'password': 'ragnarok', 'salt': '2nYQcL5e', 'md5': 'ae204d41edfb960a94512d6fe3b781d0', 'sha1': '3280d4b09383e7c26b25b8b3b9538574bd4b5cf5', 'sha256': '94c635b4030d2e6d8140b8503f903e71f96ac1c6062612a01d173571c63d876b'}, 'dob': {'date': '1992-12-11T00:05:19.784Z', 'age': 31}, 'registered': {'date': '2013-12-26T17:59:50.422Z', 'age': 10}, 'phone': '78360421', 'cell': '93388756', 'id': {'name': 'FN', 'value': '11129230365'}, 'picture': {'large': 'https://randomuser.me/api/portraits/men/86.jpg', 'medium': 'https://randomuser.me/api/portraits/med/men/86.jpg', 'thumbnail': 'https://randomuser.me/api/portraits/thumb/men/86.jpg'}, 'nat': 'NO'}], 'info': {'seed': '26eb2b2be4b0b841', 'results': 1, 'page': 1, 'version': '1.4'}}</msg>
<arg>${json_data}</arg>
<doc>Logs the given message with the given level.</doc>
<status status="PASS" start="2024-05-30T11:12:21.600189" elapsed="0.000217"/>
</kw>
<kw name="Dictionary Should Contain Key" owner="Collections">
<msg time="2024-05-30T11:12:21.600873" level="INFO">False</msg>
<arg>${json_data}</arg>
<arg>results</arg>
<doc>Fails if ``key`` is not found from ``dictionary``.</doc>
<status status="PASS" start="2024-05-30T11:12:21.600708" elapsed="0.000202"/>
</kw>
<kw name="Should Not Be Empty" owner="BuiltIn">
<msg time="2024-05-30T11:12:21.601342" level="INFO">Length is 2.</msg>
<arg>${json_data}</arg>
<doc>Verifies that the given item is not empty.</doc>
<status status="PASS" start="2024-05-30T11:12:21.601208" elapsed="0.000172"/>
</kw>
<kw name="Create List" owner="BuiltIn">
<msg time="2024-05-30T11:12:21.601949" level="INFO">${expected_keys} = ['gender', 'name', 'location', 'email', 'login']</msg>
<var>${expected_keys}</var>
<arg>gender</arg>
<arg>name</arg>
<arg>location</arg>
<arg>email</arg>
<arg>login</arg>
<doc>Returns a list containing given items.</doc>
<status status="PASS" start="2024-05-30T11:12:21.601669" elapsed="0.000304"/>
</kw>
<for flavor="IN">
<iter>
<kw name="Dictionary Should Contain Key" owner="Collections">
<msg time="2024-05-30T11:12:21.602998" level="INFO">False</msg>
<arg>${json_data['results'][0]}</arg>
<arg>${key}</arg>
<doc>Fails if ``key`` is not found from ``dictionary``.</doc>
<status status="PASS" start="2024-05-30T11:12:21.602591" elapsed="0.000445"/>
</kw>
<kw name="Log" owner="BuiltIn">
<msg time="2024-05-30T11:12:21.603703" level="INFO">{'gender': 'male', 'name': {'title': 'Mr', 'first': 'Per', 'last': 'Due'}, 'location': {'street': {'number': 3776, 'name': 'Voksenhagen'}, 'city': 'Øyslebø', 'state': 'Telemark', 'country': 'Norway', 'postcode': '0763', 'coordinates': {'latitude': '41.2834', 'longitude': '-124.6231'}, 'timezone': {'offset': '-8:00', 'description': 'Pacific Time (US &amp; Canada)'}}, 'email': 'per.due@example.com', 'login': {'uuid': 'c226ffc2-d3da-409e-9bb5-dd9dbd491741', 'username': 'silvergoose849', 'password': 'ragnarok', 'salt': '2nYQcL5e', 'md5': 'ae204d41edfb960a94512d6fe3b781d0', 'sha1': '3280d4b09383e7c26b25b8b3b9538574bd4b5cf5', 'sha256': '94c635b4030d2e6d8140b8503f903e71f96ac1c6062612a01d173571c63d876b'}, 'dob': {'date': '1992-12-11T00:05:19.784Z', 'age': 31}, 'registered': {'date': '2013-12-26T17:59:50.422Z', 'age': 10}, 'phone': '78360421', 'cell': '93388756', 'id': {'name': 'FN', 'value': '11129230365'}, 'picture': {'large': 'https://randomuser.me/api/portraits/men/86.jpg', 'medium': 'https://randomuser.me/api/portraits/med/men/86.jpg', 'thumbnail': 'https://randomuser.me/api/portraits/thumb/men/86.jpg'}, 'nat': 'NO'}</msg>
<arg>${json_data['results'][0]}</arg>
<doc>Logs the given message with the given level.</doc>
<status status="PASS" start="2024-05-30T11:12:21.603335" elapsed="0.000421"/>
</kw>
<kw name="Log" owner="BuiltIn">
<msg time="2024-05-30T11:12:21.604188" level="INFO">gender</msg>
<arg>${key}</arg>
<doc>Logs the given message with the given level.</doc>
<status status="PASS" start="2024-05-30T11:12:21.604052" elapsed="0.000173"/>
</kw>
<var name="${key}">gender</var>
<status status="PASS" start="2024-05-30T11:12:21.602463" elapsed="0.001981"/>
</iter>
<iter>
<kw name="Dictionary Should Contain Key" owner="Collections">
<msg time="2024-05-30T11:12:21.605133" level="INFO">False</msg>
<arg>${json_data['results'][0]}</arg>
<arg>${key}</arg>
<doc>Fails if ``key`` is not found from ``dictionary``.</doc>
<status status="PASS" start="2024-05-30T11:12:21.604749" elapsed="0.000422"/>
</kw>
<kw name="Log" owner="BuiltIn">
<msg time="2024-05-30T11:12:21.605855" level="INFO">{'gender': 'male', 'name': {'title': 'Mr', 'first': 'Per', 'last': 'Due'}, 'location': {'street': {'number': 3776, 'name': 'Voksenhagen'}, 'city': 'Øyslebø', 'state': 'Telemark', 'country': 'Norway', 'postcode': '0763', 'coordinates': {'latitude': '41.2834', 'longitude': '-124.6231'}, 'timezone': {'offset': '-8:00', 'description': 'Pacific Time (US &amp; Canada)'}}, 'email': 'per.due@example.com', 'login': {'uuid': 'c226ffc2-d3da-409e-9bb5-dd9dbd491741', 'username': 'silvergoose849', 'password': 'ragnarok', 'salt': '2nYQcL5e', 'md5': 'ae204d41edfb960a94512d6fe3b781d0', 'sha1': '3280d4b09383e7c26b25b8b3b9538574bd4b5cf5', 'sha256': '94c635b4030d2e6d8140b8503f903e71f96ac1c6062612a01d173571c63d876b'}, 'dob': {'date': '1992-12-11T00:05:19.784Z', 'age': 31}, 'registered': {'date': '2013-12-26T17:59:50.422Z', 'age': 10}, 'phone': '78360421', 'cell': '93388756', 'id': {'name': 'FN', 'value': '11129230365'}, 'picture': {'large': 'https://randomuser.me/api/portraits/men/86.jpg', 'medium': 'https://randomuser.me/api/portraits/med/men/86.jpg', 'thumbnail': 'https://randomuser.me/api/portraits/thumb/men/86.jpg'}, 'nat': 'NO'}</msg>
<arg>${json_data['results'][0]}</arg>
<doc>Logs the given message with the given level.</doc>
<status status="PASS" start="2024-05-30T11:12:21.605494" elapsed="0.000414"/>
</kw>
<kw name="Log" owner="BuiltIn">
<msg time="2024-05-30T11:12:21.606361" level="INFO">name</msg>
<arg>${key}</arg>
<doc>Logs the given message with the given level.</doc>
<status status="PASS" start="2024-05-30T11:12:21.606231" elapsed="0.000167"/>
</kw>
<var name="${key}">name</var>
<status status="PASS" start="2024-05-30T11:12:21.604632" elapsed="0.001982"/>
</iter>
<iter>
<kw name="Dictionary Should Contain Key" owner="Collections">
<msg time="2024-05-30T11:12:21.607281" level="INFO">False</msg>
<arg>${json_data['results'][0]}</arg>
<arg>${key}</arg>
<doc>Fails if ``key`` is not found from ``dictionary``.</doc>
<status status="PASS" start="2024-05-30T11:12:21.606905" elapsed="0.000413"/>
</kw>
<kw name="Log" owner="BuiltIn">
<msg time="2024-05-30T11:12:21.607974" level="INFO">{'gender': 'male', 'name': {'title': 'Mr', 'first': 'Per', 'last': 'Due'}, 'location': {'street': {'number': 3776, 'name': 'Voksenhagen'}, 'city': 'Øyslebø', 'state': 'Telemark', 'country': 'Norway', 'postcode': '0763', 'coordinates': {'latitude': '41.2834', 'longitude': '-124.6231'}, 'timezone': {'offset': '-8:00', 'description': 'Pacific Time (US &amp; Canada)'}}, 'email': 'per.due@example.com', 'login': {'uuid': 'c226ffc2-d3da-409e-9bb5-dd9dbd491741', 'username': 'silvergoose849', 'password': 'ragnarok', 'salt': '2nYQcL5e', 'md5': 'ae204d41edfb960a94512d6fe3b781d0', 'sha1': '3280d4b09383e7c26b25b8b3b9538574bd4b5cf5', 'sha256': '94c635b4030d2e6d8140b8503f903e71f96ac1c6062612a01d173571c63d876b'}, 'dob': {'date': '1992-12-11T00:05:19.784Z', 'age': 31}, 'registered': {'date': '2013-12-26T17:59:50.422Z', 'age': 10}, 'phone': '78360421', 'cell': '93388756', 'id': {'name': 'FN', 'value': '11129230365'}, 'picture': {'large': 'https://randomuser.me/api/portraits/men/86.jpg', 'medium': 'https://randomuser.me/api/portraits/med/men/86.jpg', 'thumbnail': 'https://randomuser.me/api/portraits/thumb/men/86.jpg'}, 'nat': 'NO'}</msg>
<arg>${json_data['results'][0]}</arg>
<doc>Logs the given message with the given level.</doc>
<status status="PASS" start="2024-05-30T11:12:21.607618" elapsed="0.000407"/>
</kw>
<kw name="Log" owner="BuiltIn">
<msg time="2024-05-30T11:12:21.608459" level="INFO">location</msg>
<arg>${key}</arg>
<doc>Logs the given message with the given level.</doc>
<status status="PASS" start="2024-05-30T11:12:21.608330" elapsed="0.000166"/>
</kw>
<var name="${key}">location</var>
<status status="PASS" start="2024-05-30T11:12:21.606793" elapsed="0.001916"/>
</iter>
<iter>
<kw name="Dictionary Should Contain Key" owner="Collections">
<msg time="2024-05-30T11:12:21.609387" level="INFO">False</msg>
<arg>${json_data['results'][0]}</arg>
<arg>${key}</arg>
<doc>Fails if ``key`` is not found from ``dictionary``.</doc>
<status status="PASS" start="2024-05-30T11:12:21.609010" elapsed="0.000414"/>
</kw>
<kw name="Log" owner="BuiltIn">
<msg time="2024-05-30T11:12:21.610103" level="INFO">{'gender': 'male', 'name': {'title': 'Mr', 'first': 'Per', 'last': 'Due'}, 'location': {'street': {'number': 3776, 'name': 'Voksenhagen'}, 'city': 'Øyslebø', 'state': 'Telemark', 'country': 'Norway', 'postcode': '0763', 'coordinates': {'latitude': '41.2834', 'longitude': '-124.6231'}, 'timezone': {'offset': '-8:00', 'description': 'Pacific Time (US &amp; Canada)'}}, 'email': 'per.due@example.com', 'login': {'uuid': 'c226ffc2-d3da-409e-9bb5-dd9dbd491741', 'username': 'silvergoose849', 'password': 'ragnarok', 'salt': '2nYQcL5e', 'md5': 'ae204d41edfb960a94512d6fe3b781d0', 'sha1': '3280d4b09383e7c26b25b8b3b9538574bd4b5cf5', 'sha256': '94c635b4030d2e6d8140b8503f903e71f96ac1c6062612a01d173571c63d876b'}, 'dob': {'date': '1992-12-11T00:05:19.784Z', 'age': 31}, 'registered': {'date': '2013-12-26T17:59:50.422Z', 'age': 10}, 'phone': '78360421', 'cell': '93388756', 'id': {'name': 'FN', 'value': '11129230365'}, 'picture': {'large': 'https://randomuser.me/api/portraits/men/86.jpg', 'medium': 'https://randomuser.me/api/portraits/med/men/86.jpg', 'thumbnail': 'https://randomuser.me/api/portraits/thumb/men/86.jpg'}, 'nat': 'NO'}</msg>
<arg>${json_data['results'][0]}</arg>
<doc>Logs the given message with the given level.</doc>
<status status="PASS" start="2024-05-30T11:12:21.609716" elapsed="0.000445"/>
</kw>
<kw name="Log" owner="BuiltIn">
<msg time="2024-05-30T11:12:21.610592" level="INFO">email</msg>
<arg>${key}</arg>
<doc>Logs the given message with the given level.</doc>
<status status="PASS" start="2024-05-30T11:12:21.610464" elapsed="0.000166"/>
</kw>
<var name="${key}">email</var>
<status status="PASS" start="2024-05-30T11:12:21.608893" elapsed="0.001948"/>
</iter>
<iter>
<kw name="Dictionary Should Contain Key" owner="Collections">
<msg time="2024-05-30T11:12:21.611506" level="INFO">False</msg>
<arg>${json_data['results'][0]}</arg>
<arg>${key}</arg>
<doc>Fails if ``key`` is not found from ``dictionary``.</doc>
<status status="PASS" start="2024-05-30T11:12:21.611121" elapsed="0.000422"/>
</kw>
<kw name="Log" owner="BuiltIn">
<msg time="2024-05-30T11:12:21.612190" level="INFO">{'gender': 'male', 'name': {'title': 'Mr', 'first': 'Per', 'last': 'Due'}, 'location': {'street': {'number': 3776, 'name': 'Voksenhagen'}, 'city': 'Øyslebø', 'state': 'Telemark', 'country': 'Norway', 'postcode': '0763', 'coordinates': {'latitude': '41.2834', 'longitude': '-124.6231'}, 'timezone': {'offset': '-8:00', 'description': 'Pacific Time (US &amp; Canada)'}}, 'email': 'per.due@example.com', 'login': {'uuid': 'c226ffc2-d3da-409e-9bb5-dd9dbd491741', 'username': 'silvergoose849', 'password': 'ragnarok', 'salt': '2nYQcL5e', 'md5': 'ae204d41edfb960a94512d6fe3b781d0', 'sha1': '3280d4b09383e7c26b25b8b3b9538574bd4b5cf5', 'sha256': '94c635b4030d2e6d8140b8503f903e71f96ac1c6062612a01d173571c63d876b'}, 'dob': {'date': '1992-12-11T00:05:19.784Z', 'age': 31}, 'registered': {'date': '2013-12-26T17:59:50.422Z', 'age': 10}, 'phone': '78360421', 'cell': '93388756', 'id': {'name': 'FN', 'value': '11129230365'}, 'picture': {'large': 'https://randomuser.me/api/portraits/men/86.jpg', 'medium': 'https://randomuser.me/api/portraits/med/men/86.jpg', 'thumbnail': 'https://randomuser.me/api/portraits/thumb/men/86.jpg'}, 'nat': 'NO'}</msg>
<arg>${json_data['results'][0]}</arg>
<doc>Logs the given message with the given level.</doc>
<status status="PASS" start="2024-05-30T11:12:21.611833" elapsed="0.000406"/>
</kw>
<kw name="Log" owner="BuiltIn">
<msg time="2024-05-30T11:12:21.612654" level="INFO">login</msg>
<arg>${key}</arg>
<doc>Logs the given message with the given level.</doc>
<status status="PASS" start="2024-05-30T11:12:21.612528" elapsed="0.000163"/>
</kw>
<var name="${key}">login</var>
<status status="PASS" start="2024-05-30T11:12:21.611010" elapsed="0.001894"/>
</iter>
<var>${key}</var>
<value>@{expected_keys}</value>
<status status="PASS" start="2024-05-30T11:12:21.602271" elapsed="0.010752"/>
</for>
<kw name="Create List" owner="BuiltIn">
<msg time="2024-05-30T11:12:21.613387" level="INFO">${expected_keysTwo} = ['username', 'password']</msg>
<var>${expected_keysTwo}</var>
<arg>username</arg>
<arg>password</arg>
<doc>Returns a list containing given items.</doc>
<status status="PASS" start="2024-05-30T11:12:21.613245" elapsed="0.000165"/>
</kw>
<for flavor="IN">
<iter>
<kw name="Dictionary Should Contain Key" owner="Collections">
<msg time="2024-05-30T11:12:21.614308" level="INFO">False</msg>
<arg>${json_data['results'][0]['login']}</arg>
<arg>${keyTwo}</arg>
<doc>Fails if ``key`` is not found from ``dictionary``.</doc>
<status status="PASS" start="2024-05-30T11:12:21.613906" elapsed="0.000438"/>
</kw>
<kw name="Dictionary Should Contain Key" owner="Collections">
<msg time="2024-05-30T11:12:21.615175" level="INFO">False</msg>
<arg>${json_data['results'][0]['login']}</arg>
<arg>${keyTwo}</arg>
<doc>Fails if ``key`` is not found from ``dictionary``.</doc>
<status status="PASS" start="2024-05-30T11:12:21.614691" elapsed="0.000521"/>
</kw>
<kw name="Log" owner="BuiltIn">
<msg time="2024-05-30T11:12:21.615632" level="INFO">username</msg>
<arg>${keyTwo}</arg>
<doc>Logs the given message with the given level.</doc>
<status status="PASS" start="2024-05-30T11:12:21.615506" elapsed="0.000163"/>
</kw>
<var name="${keyTwo}">username</var>
<status status="PASS" start="2024-05-30T11:12:21.613797" elapsed="0.002086"/>
</iter>
<iter>
<kw name="Dictionary Should Contain Key" owner="Collections">
<msg time="2024-05-30T11:12:21.616537" level="INFO">False</msg>
<arg>${json_data['results'][0]['login']}</arg>
<arg>${keyTwo}</arg>
<doc>Fails if ``key`` is not found from ``dictionary``.</doc>
<status status="PASS" start="2024-05-30T11:12:21.616168" elapsed="0.000406"/>
</kw>
<kw name="Dictionary Should Contain Key" owner="Collections">
<msg time="2024-05-30T11:12:21.617315" level="INFO">False</msg>
<arg>${json_data['results'][0]['login']}</arg>
<arg>${keyTwo}</arg>
<doc>Fails if ``key`` is not found from ``dictionary``.</doc>
<status status="PASS" start="2024-05-30T11:12:21.616864" elapsed="0.000490"/>
</kw>
<kw name="Log" owner="BuiltIn">
<msg time="2024-05-30T11:12:21.617782" level="INFO">password</msg>
<arg>${keyTwo}</arg>
<doc>Logs the given message with the given level.</doc>
<status status="PASS" start="2024-05-30T11:12:21.617656" elapsed="0.000162"/>
</kw>
<var name="${keyTwo}">password</var>
<status status="PASS" start="2024-05-30T11:12:21.616054" elapsed="0.001976"/>
</iter>
<var>${keyTwo}</var>
<value>@{expected_keysTwo}</value>
<status status="PASS" start="2024-05-30T11:12:21.613648" elapsed="0.004537"/>
</for>
<status status="PASS" start="2024-05-30T11:12:21.498291" elapsed="0.120031"/>
</kw>
<doc>Testa a estrutura da resposta da API.</doc>
<tag>testeEstruturaResposta</tag>
<status status="PASS" start="2024-05-30T11:12:21.497697" elapsed="0.120772"/>
</test>
<test id="s1-s1-t4" name="Validar tipos de dados" line="28">
<kw name="Teste de Tipos de Dados" owner="random-user-service">
<kw name="GET On Session" owner="RequestsLibrary">
<msg time="2024-05-30T11:12:21.710658" level="INFO">GET Request : url=https://randomuser.me/api 
 path_url=/api 
 headers={'User-Agent': 'python-requests/2.32.3', 'Accept-Encoding': 'gzip, deflate', 'Accept': '*/*', 'Connection': 'keep-alive'} 
 body=None 
 </msg>
<msg time="2024-05-30T11:12:21.710738" level="INFO">GET Response : url=https://randomuser.me/api 
 status=200, reason=OK 
 headers={'Date': 'Thu, 30 May 2024 11:12:21 GMT', 'Content-Type': 'application/json; charset=utf-8', 'Transfer-Encoding': 'chunked', 'Connection': 'keep-alive', 'X-Powered-By': 'Express', 'Access-Control-Allow-Origin': '*', 'Cache-Control': 'no-cache', 'ETag': 'W/"49e-eq6eFMDG6ZuhXxMepNlBNo9ZAkY"', 'Vary': 'Accept-Encoding', 'Content-Encoding': 'gzip', 'CF-Cache-Status': 'DYNAMIC', 'Report-To': '{"endpoints":[{"url":"https:\\/\\/a.nel.cloudflare.com\\/report\\/v4?s=49%2FLojQbc93A1QsHMoYuLYyUAXmagDMsBu3MqkvCZa656PKW6PMWcBYUhnkRCg29NZ6l%2FrK7ZrkKviSlmjVPOqVfcEgbXJ6nMEam1QuBuFcbmmh0tEIwmbtlfYHjpId4"}],"group":"cf-nel","max_age":604800}', 'NEL': '{"success_fraction":0,"report_to":"cf-nel","max_age":604800}', 'Server': 'cloudflare', 'CF-RAY': '88be49e729ab57ac-IAD', 'alt-svc': 'h3=":443"; ma=86400'} 
 body={"results":[{"gender":"male","name":{"title":"Mr","first":"Kurt","last":"Alexander"},"location":{"street":{"number":9613,"name":"North Road"},"city":"Dundee","state":"County Fermanagh","country":"United Kingdom","postcode":"QG5P 4TD","coordinates":{"latitude":"-8.5676","longitude":"-178.5880"},"timezone":{"offset":"+8:00","description":"Beijing, Perth, Singapore, Hong Kong"}},"email":"kurt.alexander@example.com","login":{"uuid":"90df8431-f50e-4a7a-81bd-b87151f416dd","username":"sadsnake765","password":"arsenal","salt":"8tb6PCOp","md5":"01aa9fccb7a2205ed1b37f4cbe66d40c","sha1":"bd5ecbf84a620bd9ca8bbefc36de9819b4c01ce1","sha256":"09d2be9a34e3b5e9771fd051eedc7f2710a835a6d3f29fcbb3ad2c82acfd3808"},"dob":{"date":"1973-05-12T05:48:50.100Z","age":51},"registered":{"date":"2012-03-29T16:16:35.755Z","age":12},"phone":"015394 42368","cell":"07842 947152","id":{"name":"NINO","value":"HA 89 01 39 I"},"picture":{"large":"https://randomuser.me/api/portraits/men/6.jpg","medium":"https://randomuser.me/api/portraits/med/men/6.jpg","thumbnail":"https://randomuser.me/api/portraits/thumb/men/6.jpg"},"nat":"GB"}],"info":{"seed":"16ef81e20a1056d8","results":1,"page":1,"version":"1.4"}} 
 </msg>
<msg time="2024-05-30T11:12:21.710806" level="INFO">/opt/hostedtoolcache/Python/3.12.3/x64/lib/python3.12/site-packages/urllib3/connectionpool.py:1103: InsecureRequestWarning: Unverified HTTPS request is being made to host 'randomuser.me'. Adding certificate verification is strongly advised. See: https://urllib3.readthedocs.io/en/latest/advanced-usage.html#tls-warnings
  warnings.warn(</msg>
<msg time="2024-05-30T11:12:21.710938" level="INFO">${response} = &lt;Response [200]&gt;</msg>
<var>${response}</var>
<arg>consultarAPI</arg>
<arg>/api</arg>
<doc>Sends a GET request on a previously created HTTP Session.</doc>
<status status="PASS" start="2024-05-30T11:12:21.620929" elapsed="0.090060"/>
</kw>
<kw name="Set Variable" owner="BuiltIn">
<msg time="2024-05-30T11:12:21.711857" level="INFO">${json_data} = {'results': [{'gender': 'male', 'name': {'title': 'Mr', 'first': 'Kurt', 'last': 'Alexander'}, 'location': {'street': {'number': 9613, 'name': 'North Road'}, 'city': 'Dundee', 'state': 'County Fermana...</msg>
<var>${json_data}</var>
<arg>${response.json()}</arg>
<doc>Returns the given values which can then be assigned to a variables.</doc>
<status status="PASS" start="2024-05-30T11:12:21.711389" elapsed="0.000495"/>
</kw>
<kw name="Log" owner="BuiltIn">
<msg time="2024-05-30T11:12:21.712348" level="INFO">{'results': [{'gender': 'male', 'name': {'title': 'Mr', 'first': 'Kurt', 'last': 'Alexander'}, 'location': {'street': {'number': 9613, 'name': 'North Road'}, 'city': 'Dundee', 'state': 'County Fermanagh', 'country': 'United Kingdom', 'postcode': 'QG5P 4TD', 'coordinates': {'latitude': '-8.5676', 'longitude': '-178.5880'}, 'timezone': {'offset': '+8:00', 'description': 'Beijing, Perth, Singapore, Hong Kong'}}, 'email': 'kurt.alexander@example.com', 'login': {'uuid': '90df8431-f50e-4a7a-81bd-b87151f416dd', 'username': 'sadsnake765', 'password': 'arsenal', 'salt': '8tb6PCOp', 'md5': '01aa9fccb7a2205ed1b37f4cbe66d40c', 'sha1': 'bd5ecbf84a620bd9ca8bbefc36de9819b4c01ce1', 'sha256': '09d2be9a34e3b5e9771fd051eedc7f2710a835a6d3f29fcbb3ad2c82acfd3808'}, 'dob': {'date': '1973-05-12T05:48:50.100Z', 'age': 51}, 'registered': {'date': '2012-03-29T16:16:35.755Z', 'age': 12}, 'phone': '015394 42368', 'cell': '07842 947152', 'id': {'name': 'NINO', 'value': 'HA 89 01 39 I'}, 'picture': {'large': 'https://randomuser.me/api/portraits/men/6.jpg', 'medium': 'https://randomuser.me/api/portraits/med/men/6.jpg', 'thumbnail': 'https://randomuser.me/api/portraits/thumb/men/6.jpg'}, 'nat': 'GB'}], 'info': {'seed': '16ef81e20a1056d8', 'results': 1, 'page': 1, 'version': '1.4'}}</msg>
<arg>${json_data}</arg>
<doc>Logs the given message with the given level.</doc>
<status status="PASS" start="2024-05-30T11:12:21.712193" elapsed="0.000233"/>
</kw>
<kw name="Should Be String" owner="String">
<arg>${json_data['results'][0]['gender']}</arg>
<doc>Fails if the given ``item`` is not a string.</doc>
<status status="PASS" start="2024-05-30T11:12:21.712721" elapsed="0.000351"/>
</kw>
<kw name="Should Match Regexp" owner="BuiltIn">
<arg>${json_data['results'][0]['email']}</arg>
<arg>^[a-zA-Z0-9._%+-]+@[a-zA-Z0-9.-]+\.[a-zA-Z]{2,}$</arg>
<doc>Fails if ``string`` does not match ``pattern`` as a regular expression.</doc>
<status status="PASS" start="2024-05-30T11:12:21.713262" elapsed="0.000520"/>
</kw>
<kw name="Should Match Regexp" owner="BuiltIn">
<arg>${json_data['results'][0]['dob']['date']}</arg>
<arg>\\d{4}-\\d{2}-\\d{2}T\\d{2}:\\d{2}:\\d{2}\\.\\d{3}Z</arg>
<doc>Fails if ``string`` does not match ``pattern`` as a regular expression.</doc>
<status status="PASS" start="2024-05-30T11:12:21.713977" elapsed="0.000533"/>
</kw>
<kw name="Should Match Regexp" owner="BuiltIn">
<arg>${json_data['results'][0]['registered']['date']}</arg>
<arg>\\d{4}-\\d{2}-\\d{2}T\\d{2}:\\d{2}:\\d{2}\\.\\d{3}Z</arg>
<doc>Fails if ``string`` does not match ``pattern`` as a regular expression.</doc>
<status status="PASS" start="2024-05-30T11:12:21.714702" elapsed="0.000370"/>
</kw>
<kw name="Should Match Regexp" owner="BuiltIn">
<arg>${json_data['results'][0]['picture']['large']}</arg>
<arg>^https?://.*\.(?:png|jpe?g|gif|bmp)$</arg>
<doc>Fails if ``string`` does not match ``pattern`` as a regular expression.</doc>
<status status="PASS" start="2024-05-30T11:12:21.715257" elapsed="0.000459"/>
</kw>
<kw name="Should Match Regexp" owner="BuiltIn">
<arg>${json_data['results'][0]['picture']['medium']}</arg>
<arg>^https?://.*\.(?:png|jpe?g|gif|bmp)$</arg>
<doc>Fails if ``string`` does not match ``pattern`` as a regular expression.</doc>
<status status="PASS" start="2024-05-30T11:12:21.715914" elapsed="0.000349"/>
</kw>
<kw name="Should Match Regexp" owner="BuiltIn">
<arg>${json_data['results'][0]['picture']['thumbnail']}</arg>
<arg>^https?://.*\.(?:png|jpe?g|gif|bmp)$</arg>
<doc>Fails if ``string`` does not match ``pattern`` as a regular expression.</doc>
<status status="PASS" start="2024-05-30T11:12:21.716449" elapsed="0.000348"/>
</kw>
<kw name="Log" owner="BuiltIn">
<msg time="2024-05-30T11:12:21.717317" level="INFO">{'large': 'https://randomuser.me/api/portraits/men/6.jpg', 'medium': 'https://randomuser.me/api/portraits/med/men/6.jpg', 'thumbnail': 'https://randomuser.me/api/portraits/thumb/men/6.jpg'}</msg>
<arg>${json_data['results'][0]['picture']}</arg>
<doc>Logs the given message with the given level.</doc>
<status status="PASS" start="2024-05-30T11:12:21.716988" elapsed="0.000372"/>
</kw>
<status status="PASS" start="2024-05-30T11:12:21.620704" elapsed="0.096914"/>
</kw>
<kw name="Teste de Tipos de Dados - Postcode" owner="random-user-service">
<kw name="GET On Session" owner="RequestsLibrary">
<msg time="2024-05-30T11:12:21.822951" level="INFO">GET Request : url=https://randomuser.me/api 
 path_url=/api 
 headers={'User-Agent': 'python-requests/2.32.3', 'Accept-Encoding': 'gzip, deflate', 'Accept': '*/*', 'Connection': 'keep-alive'} 
 body=None 
 </msg>
<msg time="2024-05-30T11:12:21.823043" level="INFO">GET Response : url=https://randomuser.me/api 
 status=200, reason=OK 
 headers={'Date': 'Thu, 30 May 2024 11:12:21 GMT', 'Content-Type': 'application/json; charset=utf-8', 'Transfer-Encoding': 'chunked', 'Connection': 'keep-alive', 'X-Powered-By': 'Express', 'Access-Control-Allow-Origin': '*', 'Cache-Control': 'no-cache', 'ETag': 'W/"480-e6sPdVQs5ZZ/Rt2IXERFSXVdtnE"', 'Vary': 'Accept-Encoding', 'Content-Encoding': 'gzip', 'CF-Cache-Status': 'DYNAMIC', 'Report-To': '{"endpoints":[{"url":"https:\\/\\/a.nel.cloudflare.com\\/report\\/v4?s=%2Fpy3ETKOHh2URo91biSYpHoMwedRek2zB81WTwcLsg2jHpUxaITXV5kfhMenKN2kvAloX2Xr%2BEHhav6VqMFrGr1zE7I%2BdcVpCuNm77xSFVi2qayeKYFhmNuYzAEw8OCD"}],"group":"cf-nel","max_age":604800}', 'NEL': '{"success_fraction":0,"report_to":"cf-nel","max_age":604800}', 'Server': 'cloudflare', 'CF-RAY': '88be49e7ca3557ac-IAD', 'alt-svc': 'h3=":443"; ma=86400'} 
 body={"results":[{"gender":"female","name":{"title":"Mademoiselle","first":"Kathrin","last":"Jean"},"location":{"street":{"number":1940,"name":"Rue Bony"},"city":"Herbligen","state":"Vaud","country":"Switzerland","postcode":4761,"coordinates":{"latitude":"-59.6571","longitude":"61.4664"},"timezone":{"offset":"+3:30","description":"Tehran"}},"email":"kathrin.jean@example.com","login":{"uuid":"8719366e-c013-4be3-977e-8f1a656bc010","username":"tinyleopard953","password":"joyce","salt":"bfmU4nYD","md5":"c841bd8234265b90d886a6d00211a953","sha1":"77df7f7a7fdfb1fdb991e32764f1f17338e489bb","sha256":"09bf2b7eae65eac4c5c29fd24252488ffbf5432bc70afb198534a393f6d4b131"},"dob":{"date":"1948-12-17T18:14:04.431Z","age":75},"registered":{"date":"2015-11-10T20:38:02.453Z","age":8},"phone":"078 701 00 83","cell":"076 912 93 01","id":{"name":"AVS","value":"756.9963.4351.43"},"picture":{"large":"https://randomuser.me/api/portraits/women/37.jpg","medium":"https://randomuser.me/api/portraits/med/women/37.jpg","thumbnail":"https://randomuser.me/api/portraits/thumb/women/37.jpg"},"nat":"CH"}],"info":{"seed":"07f2c2af44310543","results":1,"page":1,"version":"1.4"}} 
 </msg>
<msg time="2024-05-30T11:12:21.823111" level="INFO">/opt/hostedtoolcache/Python/3.12.3/x64/lib/python3.12/site-packages/urllib3/connectionpool.py:1103: InsecureRequestWarning: Unverified HTTPS request is being made to host 'randomuser.me'. Adding certificate verification is strongly advised. See: https://urllib3.readthedocs.io/en/latest/advanced-usage.html#tls-warnings
  warnings.warn(</msg>
<msg time="2024-05-30T11:12:21.823243" level="INFO">${response} = &lt;Response [200]&gt;</msg>
<var>${response}</var>
<arg>consultarAPI</arg>
<arg>/api</arg>
<doc>Sends a GET request on a previously created HTTP Session.</doc>
<status status="PASS" start="2024-05-30T11:12:21.718084" elapsed="0.105208"/>
</kw>
<kw name="Set Variable" owner="BuiltIn">
<msg time="2024-05-30T11:12:21.824160" level="INFO">${json_data} = {'results': [{'gender': 'female', 'name': {'title': 'Mademoiselle', 'first': 'Kathrin', 'last': 'Jean'}, 'location': {'street': {'number': 1940, 'name': 'Rue Bony'}, 'city': 'Herbligen', 'state': 'Vau...</msg>
<var>${json_data}</var>
<arg>${response.json()}</arg>
<doc>Returns the given values which can then be assigned to a variables.</doc>
<status status="PASS" start="2024-05-30T11:12:21.823687" elapsed="0.000502"/>
</kw>
<kw name="Log" owner="BuiltIn">
<msg time="2024-05-30T11:12:21.824640" level="INFO">{'results': [{'gender': 'female', 'name': {'title': 'Mademoiselle', 'first': 'Kathrin', 'last': 'Jean'}, 'location': {'street': {'number': 1940, 'name': 'Rue Bony'}, 'city': 'Herbligen', 'state': 'Vaud', 'country': 'Switzerland', 'postcode': 4761, 'coordinates': {'latitude': '-59.6571', 'longitude': '61.4664'}, 'timezone': {'offset': '+3:30', 'description': 'Tehran'}}, 'email': 'kathrin.jean@example.com', 'login': {'uuid': '8719366e-c013-4be3-977e-8f1a656bc010', 'username': 'tinyleopard953', 'password': 'joyce', 'salt': 'bfmU4nYD', 'md5': 'c841bd8234265b90d886a6d00211a953', 'sha1': '77df7f7a7fdfb1fdb991e32764f1f17338e489bb', 'sha256': '09bf2b7eae65eac4c5c29fd24252488ffbf5432bc70afb198534a393f6d4b131'}, 'dob': {'date': '1948-12-17T18:14:04.431Z', 'age': 75}, 'registered': {'date': '2015-11-10T20:38:02.453Z', 'age': 8}, 'phone': '078 701 00 83', 'cell': '076 912 93 01', 'id': {'name': 'AVS', 'value': '756.9963.4351.43'}, 'picture': {'large': 'https://randomuser.me/api/portraits/women/37.jpg', 'medium': 'https://randomuser.me/api/portraits/med/women/37.jpg', 'thumbnail': 'https://randomuser.me/api/portraits/thumb/women/37.jpg'}, 'nat': 'CH'}], 'info': {'seed': '07f2c2af44310543', 'results': 1, 'page': 1, 'version': '1.4'}}</msg>
<arg>${json_data}</arg>
<doc>Logs the given message with the given level.</doc>
<status status="PASS" start="2024-05-30T11:12:21.824490" elapsed="0.000198"/>
</kw>
<kw name="Should Be Equal As Numbers" owner="BuiltIn">
<arg>${json_data['results'][0]['location']['postcode']}</arg>
<arg>${json_data['results'][0]['location']['postcode']}</arg>
<doc>Fails if objects are unequal after converting them to real numbers.</doc>
<status status="PASS" start="2024-05-30T11:12:21.824982" elapsed="0.000782"/>
</kw>
<kw name="Log" owner="BuiltIn">
<msg time="2024-05-30T11:12:21.826364" level="INFO">4761</msg>
<arg>${json_data['results'][0]['location']['postcode']}</arg>
<doc>Logs the given message with the given level.</doc>
<status status="PASS" start="2024-05-30T11:12:21.825958" elapsed="0.000446"/>
</kw>
<status status="PASS" start="2024-05-30T11:12:21.717839" elapsed="0.108816"/>
</kw>
<doc>Testa se os tipos de dados na resposta da API estão corretos.</doc>
<tag>testeTiposDados</tag>
<status status="PASS" start="2024-05-30T11:12:21.620195" elapsed="0.206626"/>
</test>
<test id="s1-s1-t5" name="Validar conteudo" line="35">
<kw name="Teste de Tipos de Conteudo" owner="random-user-service">
<kw name="GET On Session" owner="RequestsLibrary">
<msg time="2024-05-30T11:12:21.906311" level="INFO">GET Request : url=https://randomuser.me/api 
 path_url=/api 
 headers={'User-Agent': 'python-requests/2.32.3', 'Accept-Encoding': 'gzip, deflate', 'Accept': '*/*', 'Connection': 'keep-alive'} 
 body=None 
 </msg>
<msg time="2024-05-30T11:12:21.906396" level="INFO">GET Response : url=https://randomuser.me/api 
 status=200, reason=OK 
 headers={'Date': 'Thu, 30 May 2024 11:12:21 GMT', 'Content-Type': 'application/json; charset=utf-8', 'Transfer-Encoding': 'chunked', 'Connection': 'keep-alive', 'X-Powered-By': 'Express', 'Access-Control-Allow-Origin': '*', 'Cache-Control': 'no-cache', 'ETag': 'W/"468-ThSqh5uibDYDT1vtTUppKoVJcb8"', 'Vary': 'Accept-Encoding', 'Content-Encoding': 'gzip', 'CF-Cache-Status': 'DYNAMIC', 'Report-To': '{"endpoints":[{"url":"https:\\/\\/a.nel.cloudflare.com\\/report\\/v4?s=H4B8%2FxZv1iV1hkmyJulzHo9Dim%2FZTD3NdnwFDkGNBuTVcs6nbHgcQooArcMYBjA9Z99p15ufJInPR3zhiyK%2BeJiXUY%2BAsPBIJUFYk5%2Fn2m6EHA43Fw8WPOGhmMtr91yf"}],"group":"cf-nel","max_age":604800}', 'NEL': '{"success_fraction":0,"report_to":"cf-nel","max_age":604800}', 'Server': 'cloudflare', 'CF-RAY': '88be49e87b2a57ac-IAD', 'alt-svc': 'h3=":443"; ma=86400'} 
 body={"results":[{"gender":"male","name":{"title":"Mr","first":"حسین","last":"مرادی"},"location":{"street":{"number":5785,"name":"پارک ولیعصر"},"city":"کرج","state":"ایلام","country":"Iran","postcode":14451,"coordinates":{"latitude":"14.2384","longitude":"-5.9487"},"timezone":{"offset":"-9:00","description":"Alaska"}},"email":"hsyn.mrdy@example.com","login":{"uuid":"5a29fe20-40e7-489c-8c83-853f2c4fc5b9","username":"lazydog575","password":"ronaldo","salt":"sb3DHJXG","md5":"359189c947ac8bf9b8ba6a6bd8904ae7","sha1":"f8f85dce2cd0e34cad90cfc9d32e16c9e822680d","sha256":"a0ba6d8ce7749deccd6ec5afc06fa66440f1ca3e3f6749d405231b4d4a49a8ad"},"dob":{"date":"1962-10-11T03:42:34.486Z","age":61},"registered":{"date":"2007-03-03T18:03:42.372Z","age":17},"phone":"017-29736551","cell":"0904-342-5984","id":{"name":"","value":null},"picture":{"large":"https://randomuser.me/api/portraits/men/97.jpg","medium":"https://randomuser.me/api/portraits/med/men/97.jpg","thumbnail":"https://randomuser.me/api/portraits/thumb/men/97.jpg"},"nat":"IR"}],"info":{"seed":"9592099d846fe639","results":1,"page":1,"version":"1.4"}} 
 </msg>
<msg time="2024-05-30T11:12:21.906469" level="INFO">/opt/hostedtoolcache/Python/3.12.3/x64/lib/python3.12/site-packages/urllib3/connectionpool.py:1103: InsecureRequestWarning: Unverified HTTPS request is being made to host 'randomuser.me'. Adding certificate verification is strongly advised. See: https://urllib3.readthedocs.io/en/latest/advanced-usage.html#tls-warnings
  warnings.warn(</msg>
<msg time="2024-05-30T11:12:21.906603" level="INFO">${response} = &lt;Response [200]&gt;</msg>
<var>${response}</var>
<arg>consultarAPI</arg>
<arg>/api</arg>
<doc>Sends a GET request on a previously created HTTP Session.</doc>
<status status="PASS" start="2024-05-30T11:12:21.830007" elapsed="0.076650"/>
</kw>
<kw name="Set Variable" owner="BuiltIn">
<msg time="2024-05-30T11:12:21.907619" level="INFO">${json_data} = {'results': [{'gender': 'male', 'name': {'title': 'Mr', 'first': 'حسین', 'last': 'مرادی'}, 'location': {'street': {'number': 5785, 'name': 'پارک ولیعصر'}, 'city': 'کرج', 'state': 'ایلام', 'country': '...</msg>
<var>${json_data}</var>
<arg>${response.json()}</arg>
<doc>Returns the given values which can then be assigned to a variables.</doc>
<status status="PASS" start="2024-05-30T11:12:21.907154" elapsed="0.000495"/>
</kw>
<kw name="Set Variable" owner="BuiltIn">
<msg time="2024-05-30T11:12:21.908328" level="INFO">${name_title} = Mr</msg>
<var>${name_title}</var>
<arg>${json_data["results"][0]["name"]["title"]}</arg>
<doc>Returns the given values which can then be assigned to a variables.</doc>
<status status="PASS" start="2024-05-30T11:12:21.907952" elapsed="0.000402"/>
</kw>
<kw name="Create List" owner="BuiltIn">
<msg time="2024-05-30T11:12:21.908799" level="INFO">${allowed_titles} = ['Mr', 'Ms', 'Miss', 'Mrs', 'Madame', 'Monsieur']</msg>
<var>${allowed_titles}</var>
<arg>Mr</arg>
<arg>Ms</arg>
<arg>Miss</arg>
<arg>Mrs</arg>
<arg>Madame</arg>
<arg>Monsieur</arg>
<doc>Returns a list containing given items.</doc>
<status status="PASS" start="2024-05-30T11:12:21.908653" elapsed="0.000170"/>
</kw>
<kw name="List Should Contain Value" owner="Collections">
<msg time="2024-05-30T11:12:21.909307" level="INFO">False</msg>
<arg>${allowed_titles}</arg>
<arg>${name_title}</arg>
<doc>Fails if the ``value`` is not found from ``list``.</doc>
<status status="PASS" start="2024-05-30T11:12:21.909128" elapsed="0.000215"/>
</kw>
<kw name="Set Variable" owner="BuiltIn">
<msg time="2024-05-30T11:12:21.910005" level="INFO">${name_country} = IR</msg>
<var>${name_country}</var>
<arg>${json_data["results"][0]["nat"]}</arg>
<doc>Returns the given values which can then be assigned to a variables.</doc>
<status status="PASS" start="2024-05-30T11:12:21.909628" elapsed="0.000401"/>
</kw>
<kw name="Create List" owner="BuiltIn">
<msg time="2024-05-30T11:12:21.910979" level="INFO">${list_country} = ['AD', 'AE', 'AF', 'AG', 'AI', 'AL', 'AM', 'AO', 'AQ', 'AR', 'AS', 'AT', 'AU', 'AW', 'AX', 'AZ', 'BA', 'BB', 'BD', 'BE', 'BF', 'BG', 'BH', 'BI', 'BJ', 'BL', 'BM', 'BN', 'BO', 'BQ', 'BR', 'BS', 'BT', '...</msg>
<var>${list_country}</var>
<arg>AD</arg>
<arg>AE</arg>
<arg>AF</arg>
<arg>AG</arg>
<arg>AI</arg>
<arg>AL</arg>
<arg>AM</arg>
<arg>AO</arg>
<arg>AQ</arg>
<arg>AR</arg>
<arg>AS</arg>
<arg>AT</arg>
<arg>AU</arg>
<arg>AW</arg>
<arg>AX</arg>
<arg>AZ</arg>
<arg>BA</arg>
<arg>BB</arg>
<arg>BD</arg>
<arg>BE</arg>
<arg>BF</arg>
<arg>BG</arg>
<arg>BH</arg>
<arg>BI</arg>
<arg>BJ</arg>
<arg>BL</arg>
<arg>BM</arg>
<arg>BN</arg>
<arg>BO</arg>
<arg>BQ</arg>
<arg>BR</arg>
<arg>BS</arg>
<arg>BT</arg>
<arg>BV</arg>
<arg>BW</arg>
<arg>BY</arg>
<arg>BZ</arg>
<arg>CA</arg>
<arg>CC</arg>
<arg>CD</arg>
<arg>CF</arg>
<arg>CG</arg>
<arg>CH</arg>
<arg>CI</arg>
<arg>CK</arg>
<arg>CL</arg>
<arg>CM</arg>
<arg>CN</arg>
<arg>CO</arg>
<arg>CR</arg>
<arg>CU</arg>
<arg>CV</arg>
<arg>CW</arg>
<arg>CX</arg>
<arg>CY</arg>
<arg>CZ</arg>
<arg>DE</arg>
<arg>DJ</arg>
<arg>DK</arg>
<arg>DM</arg>
<arg>DO</arg>
<arg>DZ</arg>
<arg>EC</arg>
<arg>EE</arg>
<arg>EG</arg>
<arg>EH</arg>
<arg>ER</arg>
<arg>ES</arg>
<arg>ET</arg>
<arg>FI</arg>
<arg>FJ</arg>
<arg>FK</arg>
<arg>FM</arg>
<arg>FO</arg>
<arg>FR</arg>
<arg>GA</arg>
<arg>GB</arg>
<arg>GD</arg>
<arg>GE</arg>
<arg>GF</arg>
<arg>GG</arg>
<arg>GH</arg>
<arg>GI</arg>
<arg>GL</arg>
<arg>GM</arg>
<arg>GN</arg>
<arg>GP</arg>
<arg>GQ</arg>
<arg>GR</arg>
<arg>GS</arg>
<arg>GT</arg>
<arg>GU</arg>
<arg>GW</arg>
<arg>GY</arg>
<arg>HK</arg>
<arg>HM</arg>
<arg>HN</arg>
<arg>HR</arg>
<arg>HT</arg>
<arg>HU</arg>
<arg>ID</arg>
<arg>IE</arg>
<arg>IL</arg>
<arg>IM</arg>
<arg>IN</arg>
<arg>IO</arg>
<arg>IQ</arg>
<arg>IR</arg>
<arg>IS</arg>
<arg>IT</arg>
<arg>JE</arg>
<arg>JM</arg>
<arg>JO</arg>
<arg>JP</arg>
<arg>KE</arg>
<arg>KG</arg>
<arg>KH</arg>
<arg>KI</arg>
<arg>KM</arg>
<arg>KN</arg>
<arg>KP</arg>
<arg>KR</arg>
<arg>KW</arg>
<arg>KY</arg>
<arg>KZ</arg>
<arg>LA</arg>
<arg>LB</arg>
<arg>LC</arg>
<arg>LI</arg>
<arg>LK</arg>
<arg>LR</arg>
<arg>LS</arg>
<arg>LT</arg>
<arg>LU</arg>
<arg>LV</arg>
<arg>LY</arg>
<arg>MA</arg>
<arg>MC</arg>
<arg>MD</arg>
<arg>ME</arg>
<arg>MF</arg>
<arg>MG</arg>
<arg>MH</arg>
<arg>MK</arg>
<arg>ML</arg>
<arg>MM</arg>
<arg>MN</arg>
<arg>MO</arg>
<arg>MP</arg>
<arg>MQ</arg>
<arg>MR</arg>
<arg>MS</arg>
<arg>MT</arg>
<arg>MU</arg>
<arg>MV</arg>
<arg>MW</arg>
<arg>MX</arg>
<arg>MY</arg>
<arg>MZ</arg>
<arg>NA</arg>
<arg>NC</arg>
<arg>NE</arg>
<arg>NF</arg>
<arg>NG</arg>
<arg>NI</arg>
<arg>NL</arg>
<arg>NO</arg>
<arg>NP</arg>
<arg>NR</arg>
<arg>NU</arg>
<arg>NZ</arg>
<arg>OM</arg>
<arg>PA</arg>
<arg>PE</arg>
<arg>PF</arg>
<arg>PG</arg>
<arg>PH</arg>
<arg>PK</arg>
<arg>PL</arg>
<arg>PM</arg>
<arg>PN</arg>
<arg>PR</arg>
<arg>PS</arg>
<arg>PT</arg>
<arg>PW</arg>
<arg>PY</arg>
<arg>QA</arg>
<arg>RE</arg>
<arg>RO</arg>
<arg>RS</arg>
<arg>RU</arg>
<arg>RW</arg>
<arg>SA</arg>
<arg>SB</arg>
<arg>SC</arg>
<arg>SD</arg>
<arg>SE</arg>
<arg>SG</arg>
<arg>SH</arg>
<arg>SI</arg>
<arg>SJ</arg>
<arg>SK</arg>
<arg>SL</arg>
<arg>SM</arg>
<arg>SN</arg>
<arg>SO</arg>
<arg>SR</arg>
<arg>SS</arg>
<arg>ST</arg>
<arg>SV</arg>
<arg>SX</arg>
<arg>SY</arg>
<arg>SZ</arg>
<arg>TC</arg>
<arg>TD</arg>
<arg>TF</arg>
<arg>TG</arg>
<arg>TH</arg>
<arg>TJ</arg>
<arg>TK</arg>
<arg>TL</arg>
<arg>TM</arg>
<arg>TN</arg>
<arg>TO</arg>
<arg>TR</arg>
<arg>TT</arg>
<arg>TV</arg>
<arg>TW</arg>
<arg>TZ</arg>
<arg>UA</arg>
<arg>UG</arg>
<arg>UM</arg>
<arg>US</arg>
<arg>UY</arg>
<arg>UZ</arg>
<arg>VA</arg>
<arg>VC</arg>
<arg>VE</arg>
<arg>VG</arg>
<arg>VI</arg>
<arg>VN</arg>
<arg>VU</arg>
<arg>WF</arg>
<arg>WS</arg>
<arg>XK</arg>
<arg>YE</arg>
<arg>YT</arg>
<arg>ZA</arg>
<arg>ZM</arg>
<arg>ZW</arg>
<doc>Returns a list containing given items.</doc>
<status status="PASS" start="2024-05-30T11:12:21.910385" elapsed="0.000620"/>
</kw>
<kw name="List Should Contain Value" owner="Collections">
<msg time="2024-05-30T11:12:21.911991" level="INFO">False</msg>
<arg>${list_country}</arg>
<arg>${name_country}</arg>
<doc>Fails if the ``value`` is not found from ``list``.</doc>
<status status="PASS" start="2024-05-30T11:12:21.911788" elapsed="0.000239"/>
</kw>
<kw name="Run Keyword If" owner="BuiltIn">
<kw name="Should Be True" owner="BuiltIn">
<arg>${True}</arg>
<doc>Fails if the given condition is not true.</doc>
<status status="PASS" start="2024-05-30T11:12:21.913074" elapsed="0.000146"/>
</kw>
<arg>${json_data["results"][0]["location"]["coordinates"]["latitude"]} &gt;= -90 and ${json_data["results"][0]["location"]["coordinates"]["latitude"]} &lt;= 90</arg>
<arg>Should Be True</arg>
<arg>${True}</arg>
<doc>Runs the given keyword with the given arguments, if ``condition`` is true.</doc>
<status status="PASS" start="2024-05-30T11:12:21.912336" elapsed="0.001009"/>
</kw>
<kw name="Run Keyword If" owner="BuiltIn">
<kw name="Should Be True" owner="BuiltIn">
<arg>${True}</arg>
<doc>Fails if the given condition is not true.</doc>
<status status="PASS" start="2024-05-30T11:12:21.914239" elapsed="0.000244"/>
</kw>
<arg>${json_data["results"][0]["location"]["coordinates"]["longitude"]} &gt;= -180 and ${json_data["results"][0]["location"]["coordinates"]["longitude"]} &lt;= 180</arg>
<arg>Should Be True</arg>
<arg>${True}</arg>
<doc>Runs the given keyword with the given arguments, if ``condition`` is true.</doc>
<status status="PASS" start="2024-05-30T11:12:21.913528" elapsed="0.001080"/>
</kw>
<status status="PASS" start="2024-05-30T11:12:21.829640" elapsed="0.085100"/>
</kw>
<doc>Testa o conteúdo específico dos campos retornados pela API.</doc>
<tag>testeConteudo</tag>
<status status="PASS" start="2024-05-30T11:12:21.828941" elapsed="0.085945"/>
</test>
<status status="PASS" start="2024-05-30T11:12:21.092007" elapsed="0.824826"/>
</suite>
<status status="PASS" start="2024-05-30T11:12:21.078525" elapsed="0.843588"/>
</suite>
<statistics>
<total>
<stat pass="5" fail="0" skip="0">All Tests</stat>
</total>
<tag>
<stat pass="1" fail="0" skip="0">testeConteudo</stat>
<stat pass="1" fail="0" skip="0">testeEstruturaResposta</stat>
<stat pass="1" fail="0" skip="0">testeRequisicaoBasica</stat>
<stat pass="1" fail="0" skip="0">testeTiposDados</stat>
</tag>
<suite>
<stat pass="5" fail="0" skip="0" id="s1" name="Tests">Tests</stat>
<stat pass="5" fail="0" skip="0" id="s1-s1" name="Random-User-Test">Tests.Random-User-Test</stat>
</suite>
</statistics>
<errors>
</errors>
</robot>
