<?xml version="1.0" encoding="UTF-8"?>
<robot generator="Robot 7.0.1 (Python 3.12.4 on linux)" generated="2024-07-09T02:33:23.681132" rpa="false" schemaversion="5">
<suite id="s1" name="Tests" source="/home/runner/work/ApiRandomUser/ApiRandomUser/RamdonUser/tests">
<suite id="s1-s1" name="Random-User-Test" source="/home/runner/work/ApiRandomUser/ApiRandomUser/RamdonUser/tests/random-user-test.robot">
<test id="s1-s1-t1" name="Conectar" line="13">
<kw name="Conectar API" owner="random-user-service">
<kw name="Create Session" owner="RequestsLibrary">
<msg time="2024-07-09T02:33:24.100031" level="INFO">Creating Session using : alias=consultarAPI, url=https://randomuser.me/, headers={},                     cookies={}, auth=None, timeout=None, proxies=None, verify=False,                     debug=0 </msg>
<arg>consultarAPI</arg>
<arg>${URL}</arg>
<doc>Create Session: create a HTTP session to a server</doc>
<status status="PASS" start="2024-07-09T02:33:24.099824" elapsed="0.000394"/>
</kw>
<status status="PASS" start="2024-07-09T02:33:24.098801" elapsed="0.001779"/>
</kw>
<status status="PASS" start="2024-07-09T02:33:24.098227" elapsed="0.002543"/>
</test>
<test id="s1-s1-t2" name="Validar retorno 200 e JSON Válido" line="16">
<kw name="Teste de Requisicao Basica" owner="random-user-service">
<kw name="GET On Session" owner="RequestsLibrary">
<msg time="2024-07-09T02:33:24.351867" level="INFO">GET Request : url=https://randomuser.me/api 
 path_url=/api 
 headers={'User-Agent': 'python-requests/2.32.3', 'Accept-Encoding': 'gzip, deflate', 'Accept': '*/*', 'Connection': 'keep-alive'} 
 body=None 
 </msg>
<msg time="2024-07-09T02:33:24.352025" level="INFO">GET Response : url=https://randomuser.me/api 
 status=200, reason=OK 
 headers={'Date': 'Tue, 09 Jul 2024 02:33:24 GMT', 'Content-Type': 'application/json; charset=utf-8', 'Transfer-Encoding': 'chunked', 'Connection': 'keep-alive', 'X-Powered-By': 'Express', 'Access-Control-Allow-Origin': '*', 'Cache-Control': 'no-cache', 'ETag': 'W/"4b6-3kj4cYkXuFdDMpIkLXn4TQ+0sYs"', 'Vary': 'Accept-Encoding', 'Content-Encoding': 'gzip', 'CF-Cache-Status': 'DYNAMIC', 'Report-To': '{"endpoints":[{"url":"https:\\/\\/a.nel.cloudflare.com\\/report\\/v4?s=GPagAo6PwzzUa8gNt%2FHnsmgbyLcvlZoRcj%2FndA9gDb9FyE0gvjjrTA%2F%2F1KeES2YxdObytbZULVF27WEDPQp6ZVQ51TXu1NSNmMJo%2Fr0g8SV3So%2BH5pPBN4Y7UyYiZZ3r"}],"group":"cf-nel","max_age":604800}', 'NEL': '{"success_fraction":0,"report_to":"cf-nel","max_age":604800}', 'Server': 'cloudflare', 'CF-RAY': '8a04e8b6cbc32bf4-ORD', 'alt-svc': 'h3=":443"; ma=86400'} 
 body={"results":[{"gender":"female","name":{"title":"Mademoiselle","first":"Micheline","last":"Lefevre"},"location":{"street":{"number":5578,"name":"Rue Gasparin"},"city":"Habkern","state":"St. Gallen","country":"Switzerland","postcode":9494,"coordinates":{"latitude":"-62.6572","longitude":"105.1079"},"timezone":{"offset":"+11:00","description":"Magadan, Solomon Islands, New Caledonia"}},"email":"micheline.lefevre@example.com","login":{"uuid":"b8bf8e5b-ec34-4972-80bc-7e3414f65464","username":"smallladybug892","password":"rebecca","salt":"WorLEjcb","md5":"cbe4fd2c5a653b532e7eefcf94d79315","sha1":"cf4cc4189753543bce1d0b88fda51a5d4ec72386","sha256":"2fc33e47bd6902c34c9ce9e29214fa7c53ec4ea6322df66ed2189afd738c5aed"},"dob":{"date":"1956-03-25T11:00:24.790Z","age":68},"registered":{"date":"2007-11-03T23:58:03.909Z","age":16},"phone":"077 324 21 89","cell":"079 289 78 33","id":{"name":"AVS","value":"756.2028.8350.96"},"picture":{"large":"https://randomuser.me/api/portraits/women/6.jpg","medium":"https://randomuser.me/api/portraits/med/women/6.jpg","thumbnail":"https://randomuser.me/api/portraits/thumb/women/6.jpg"},"nat":"CH"}],"info":{"seed":"3175fd20f0daea1c","results":1,"page":1,"version":"1.4"}} 
 </msg>
<msg time="2024-07-09T02:33:24.352118" level="INFO">/opt/hostedtoolcache/Python/3.12.4/x64/lib/python3.12/site-packages/urllib3/connectionpool.py:1099: InsecureRequestWarning: Unverified HTTPS request is being made to host 'randomuser.me'. Adding certificate verification is strongly advised. See: https://urllib3.readthedocs.io/en/latest/advanced-usage.html#tls-warnings
  warnings.warn(</msg>
<msg time="2024-07-09T02:33:24.352259" level="INFO">${response} = &lt;Response [200]&gt;</msg>
<var>${response}</var>
<arg>consultarAPI</arg>
<arg>/api</arg>
<doc>Sends a GET request on a previously created HTTP Session.</doc>
<status status="PASS" start="2024-07-09T02:33:24.103357" elapsed="0.248943"/>
</kw>
<kw name="Should Be Equal As Numbers" owner="BuiltIn">
<msg time="2024-07-09T02:33:24.353372" level="INFO">Argument types are:
&lt;class 'int'&gt;
&lt;class 'str'&gt;</msg>
<arg>${response.status_code}</arg>
<arg>200</arg>
<doc>Fails if objects are unequal after converting them to real numbers.</doc>
<status status="PASS" start="2024-07-09T02:33:24.352883" elapsed="0.000560"/>
</kw>
<kw name="Log" owner="BuiltIn">
<msg time="2024-07-09T02:33:24.354191" level="INFO">200</msg>
<arg>${response.status_code}</arg>
<doc>Logs the given message with the given level.</doc>
<status status="PASS" start="2024-07-09T02:33:24.353804" elapsed="0.000432"/>
</kw>
<kw name="Set Variable" owner="BuiltIn">
<msg time="2024-07-09T02:33:24.355002" level="INFO">${json_data} = {'results': [{'gender': 'female', 'name': {'title': 'Mademoiselle', 'first': 'Micheline', 'last': 'Lefevre'}, 'location': {'street': {'number': 5578, 'name': 'Rue Gasparin'}, 'city': 'Habkern', 'state...</msg>
<var>${json_data}</var>
<arg>${response.json()}</arg>
<doc>Returns the given values which can then be assigned to a variables.</doc>
<status status="PASS" start="2024-07-09T02:33:24.354556" elapsed="0.000475"/>
</kw>
<kw name="Dictionary Should Contain Key" owner="Collections">
<arg>${json_data}</arg>
<arg>results</arg>
<doc>Fails if ``key`` is not found from ``dictionary``.</doc>
<status status="PASS" start="2024-07-09T02:33:24.355335" elapsed="0.000218"/>
</kw>
<status status="PASS" start="2024-07-09T02:33:24.103108" elapsed="0.252603"/>
</kw>
<doc>Testa se a API responde corretamente e retorna um objeto JSON válido.</doc>
<tag>testeRequisicaoBasica</tag>
<status status="PASS" start="2024-07-09T02:33:24.102640" elapsed="0.253256"/>
</test>
<test id="s1-s1-t3" name="Validar estrutura de resposta" line="22">
<kw name="Teste de Estrutura de Resposta" owner="random-user-service">
<kw name="GET On Session" owner="RequestsLibrary">
<msg time="2024-07-09T02:33:24.442834" level="INFO">GET Request : url=https://randomuser.me/api 
 path_url=/api 
 headers={'User-Agent': 'python-requests/2.32.3', 'Accept-Encoding': 'gzip, deflate', 'Accept': '*/*', 'Connection': 'keep-alive'} 
 body=None 
 </msg>
<msg time="2024-07-09T02:33:24.442945" level="INFO">GET Response : url=https://randomuser.me/api 
 status=200, reason=OK 
 headers={'Date': 'Tue, 09 Jul 2024 02:33:24 GMT', 'Content-Type': 'application/json; charset=utf-8', 'Transfer-Encoding': 'chunked', 'Connection': 'keep-alive', 'X-Powered-By': 'Express', 'Access-Control-Allow-Origin': '*', 'Cache-Control': 'no-cache', 'ETag': 'W/"492-zqenStdh47lqxn/sMX5nu1HCnxM"', 'Vary': 'Accept-Encoding', 'Content-Encoding': 'gzip', 'CF-Cache-Status': 'DYNAMIC', 'Report-To': '{"endpoints":[{"url":"https:\\/\\/a.nel.cloudflare.com\\/report\\/v4?s=JFiGOGjGMRlF3f19mMItCwgEV6Zm1LU99YC4QQbtCJPHtlw8tGkTigvOOGFAVVVaNzni03VNLbazUGa5VSpG%2BzCbGdRgVL4GMb6gslgBL6mKyl5a3v7AZKBosK5zhqty"}],"group":"cf-nel","max_age":604800}', 'NEL': '{"success_fraction":0,"report_to":"cf-nel","max_age":604800}', 'Server': 'cloudflare', 'CF-RAY': '8a04e8b73c492bf4-ORD', 'alt-svc': 'h3=":443"; ma=86400'} 
 body={"results":[{"gender":"female","name":{"title":"Miss","first":"Sayali","last":"Bhardwaj"},"location":{"street":{"number":923,"name":"Tank Bund Rd"},"city":"Erode","state":"Uttarakhand","country":"India","postcode":97417,"coordinates":{"latitude":"10.6056","longitude":"127.8461"},"timezone":{"offset":"+4:00","description":"Abu Dhabi, Muscat, Baku, Tbilisi"}},"email":"sayali.bhardwaj@example.com","login":{"uuid":"b21a1f4f-f4ee-4464-93e2-306e55c15ca4","username":"blackelephant155","password":"trek","salt":"q55qAqLn","md5":"dd0f0fce7bd46404be42bc4cf5bf7b11","sha1":"9b4a1f720a4ef8e260f41d4413cf26c44cc4289a","sha256":"77c21b01bc42b6ce8036388e627a717e9f5fc0db3f54dcf7ff0e241a692df6e8"},"dob":{"date":"1968-04-04T01:19:22.076Z","age":56},"registered":{"date":"2021-01-08T16:08:47.870Z","age":3},"phone":"8713762606","cell":"9619546966","id":{"name":"UIDAI","value":"229964902613"},"picture":{"large":"https://randomuser.me/api/portraits/women/30.jpg","medium":"https://randomuser.me/api/portraits/med/women/30.jpg","thumbnail":"https://randomuser.me/api/portraits/thumb/women/30.jpg"},"nat":"IN"}],"info":{"seed":"708daa4181a8587a","results":1,"page":1,"version":"1.4"}} 
 </msg>
<msg time="2024-07-09T02:33:24.443093" level="INFO">/opt/hostedtoolcache/Python/3.12.4/x64/lib/python3.12/site-packages/urllib3/connectionpool.py:1099: InsecureRequestWarning: Unverified HTTPS request is being made to host 'randomuser.me'. Adding certificate verification is strongly advised. See: https://urllib3.readthedocs.io/en/latest/advanced-usage.html#tls-warnings
  warnings.warn(</msg>
<msg time="2024-07-09T02:33:24.443221" level="INFO">${response} = &lt;Response [200]&gt;</msg>
<var>${response}</var>
<arg>consultarAPI</arg>
<arg>/api</arg>
<doc>Sends a GET request on a previously created HTTP Session.</doc>
<status status="PASS" start="2024-07-09T02:33:24.358914" elapsed="0.084350"/>
</kw>
<kw name="Set Variable" owner="BuiltIn">
<msg time="2024-07-09T02:33:24.444471" level="INFO">${json_data} = {'results': [{'gender': 'female', 'name': {'title': 'Miss', 'first': 'Sayali', 'last': 'Bhardwaj'}, 'location': {'street': {'number': 923, 'name': 'Tank Bund Rd'}, 'city': 'Erode', 'state': 'Uttarakha...</msg>
<var>${json_data}</var>
<arg>${response.json()}</arg>
<doc>Returns the given values which can then be assigned to a variables.</doc>
<status status="PASS" start="2024-07-09T02:33:24.443899" elapsed="0.000600"/>
</kw>
<kw name="Log" owner="BuiltIn">
<msg time="2024-07-09T02:33:24.444972" level="INFO">{'results': [{'gender': 'female', 'name': {'title': 'Miss', 'first': 'Sayali', 'last': 'Bhardwaj'}, 'location': {'street': {'number': 923, 'name': 'Tank Bund Rd'}, 'city': 'Erode', 'state': 'Uttarakhand', 'country': 'India', 'postcode': 97417, 'coordinates': {'latitude': '10.6056', 'longitude': '127.8461'}, 'timezone': {'offset': '+4:00', 'description': 'Abu Dhabi, Muscat, Baku, Tbilisi'}}, 'email': 'sayali.bhardwaj@example.com', 'login': {'uuid': 'b21a1f4f-f4ee-4464-93e2-306e55c15ca4', 'username': 'blackelephant155', 'password': 'trek', 'salt': 'q55qAqLn', 'md5': 'dd0f0fce7bd46404be42bc4cf5bf7b11', 'sha1': '9b4a1f720a4ef8e260f41d4413cf26c44cc4289a', 'sha256': '77c21b01bc42b6ce8036388e627a717e9f5fc0db3f54dcf7ff0e241a692df6e8'}, 'dob': {'date': '1968-04-04T01:19:22.076Z', 'age': 56}, 'registered': {'date': '2021-01-08T16:08:47.870Z', 'age': 3}, 'phone': '8713762606', 'cell': '9619546966', 'id': {'name': 'UIDAI', 'value': '229964902613'}, 'picture': {'large': 'https://randomuser.me/api/portraits/women/30.jpg', 'medium': 'https://randomuser.me/api/portraits/med/women/30.jpg', 'thumbnail': 'https://randomuser.me/api/portraits/thumb/women/30.jpg'}, 'nat': 'IN'}], 'info': {'seed': '708daa4181a8587a', 'results': 1, 'page': 1, 'version': '1.4'}}</msg>
<arg>${json_data}</arg>
<doc>Logs the given message with the given level.</doc>
<status status="PASS" start="2024-07-09T02:33:24.444813" elapsed="0.000217"/>
</kw>
<kw name="Dictionary Should Contain Key" owner="Collections">
<arg>${json_data}</arg>
<arg>results</arg>
<doc>Fails if ``key`` is not found from ``dictionary``.</doc>
<status status="PASS" start="2024-07-09T02:33:24.445316" elapsed="0.000154"/>
</kw>
<kw name="Should Not Be Empty" owner="BuiltIn">
<msg time="2024-07-09T02:33:24.445782" level="INFO">Length is 2.</msg>
<arg>${json_data}</arg>
<doc>Verifies that the given item is not empty.</doc>
<status status="PASS" start="2024-07-09T02:33:24.445655" elapsed="0.000165"/>
</kw>
<kw name="Create List" owner="BuiltIn">
<msg time="2024-07-09T02:33:24.446410" level="INFO">${expected_keys} = ['gender', 'name', 'location', 'email', 'login']</msg>
<var>${expected_keys}</var>
<arg>gender</arg>
<arg>name</arg>
<arg>location</arg>
<arg>email</arg>
<arg>login</arg>
<doc>Returns a list containing given items.</doc>
<status status="PASS" start="2024-07-09T02:33:24.446107" elapsed="0.000329"/>
</kw>
<for flavor="IN">
<iter>
<kw name="Dictionary Should Contain Key" owner="Collections">
<arg>${json_data['results'][0]}</arg>
<arg>${key}</arg>
<doc>Fails if ``key`` is not found from ``dictionary``.</doc>
<status status="PASS" start="2024-07-09T02:33:24.447013" elapsed="0.000438"/>
</kw>
<kw name="Log" owner="BuiltIn">
<msg time="2024-07-09T02:33:24.448022" level="INFO">{'gender': 'female', 'name': {'title': 'Miss', 'first': 'Sayali', 'last': 'Bhardwaj'}, 'location': {'street': {'number': 923, 'name': 'Tank Bund Rd'}, 'city': 'Erode', 'state': 'Uttarakhand', 'country': 'India', 'postcode': 97417, 'coordinates': {'latitude': '10.6056', 'longitude': '127.8461'}, 'timezone': {'offset': '+4:00', 'description': 'Abu Dhabi, Muscat, Baku, Tbilisi'}}, 'email': 'sayali.bhardwaj@example.com', 'login': {'uuid': 'b21a1f4f-f4ee-4464-93e2-306e55c15ca4', 'username': 'blackelephant155', 'password': 'trek', 'salt': 'q55qAqLn', 'md5': 'dd0f0fce7bd46404be42bc4cf5bf7b11', 'sha1': '9b4a1f720a4ef8e260f41d4413cf26c44cc4289a', 'sha256': '77c21b01bc42b6ce8036388e627a717e9f5fc0db3f54dcf7ff0e241a692df6e8'}, 'dob': {'date': '1968-04-04T01:19:22.076Z', 'age': 56}, 'registered': {'date': '2021-01-08T16:08:47.870Z', 'age': 3}, 'phone': '8713762606', 'cell': '9619546966', 'id': {'name': 'UIDAI', 'value': '229964902613'}, 'picture': {'large': 'https://randomuser.me/api/portraits/women/30.jpg', 'medium': 'https://randomuser.me/api/portraits/med/women/30.jpg', 'thumbnail': 'https://randomuser.me/api/portraits/thumb/women/30.jpg'}, 'nat': 'IN'}</msg>
<arg>${json_data['results'][0]}</arg>
<doc>Logs the given message with the given level.</doc>
<status status="PASS" start="2024-07-09T02:33:24.447653" elapsed="0.000418"/>
</kw>
<kw name="Log" owner="BuiltIn">
<msg time="2024-07-09T02:33:24.448492" level="INFO">gender</msg>
<arg>${key}</arg>
<doc>Logs the given message with the given level.</doc>
<status status="PASS" start="2024-07-09T02:33:24.448365" elapsed="0.000165"/>
</kw>
<var name="${key}">gender</var>
<status status="PASS" start="2024-07-09T02:33:24.446887" elapsed="0.001857"/>
</iter>
<iter>
<kw name="Dictionary Should Contain Key" owner="Collections">
<arg>${json_data['results'][0]}</arg>
<arg>${key}</arg>
<doc>Fails if ``key`` is not found from ``dictionary``.</doc>
<status status="PASS" start="2024-07-09T02:33:24.449033" elapsed="0.000382"/>
</kw>
<kw name="Log" owner="BuiltIn">
<msg time="2024-07-09T02:33:24.449948" level="INFO">{'gender': 'female', 'name': {'title': 'Miss', 'first': 'Sayali', 'last': 'Bhardwaj'}, 'location': {'street': {'number': 923, 'name': 'Tank Bund Rd'}, 'city': 'Erode', 'state': 'Uttarakhand', 'country': 'India', 'postcode': 97417, 'coordinates': {'latitude': '10.6056', 'longitude': '127.8461'}, 'timezone': {'offset': '+4:00', 'description': 'Abu Dhabi, Muscat, Baku, Tbilisi'}}, 'email': 'sayali.bhardwaj@example.com', 'login': {'uuid': 'b21a1f4f-f4ee-4464-93e2-306e55c15ca4', 'username': 'blackelephant155', 'password': 'trek', 'salt': 'q55qAqLn', 'md5': 'dd0f0fce7bd46404be42bc4cf5bf7b11', 'sha1': '9b4a1f720a4ef8e260f41d4413cf26c44cc4289a', 'sha256': '77c21b01bc42b6ce8036388e627a717e9f5fc0db3f54dcf7ff0e241a692df6e8'}, 'dob': {'date': '1968-04-04T01:19:22.076Z', 'age': 56}, 'registered': {'date': '2021-01-08T16:08:47.870Z', 'age': 3}, 'phone': '8713762606', 'cell': '9619546966', 'id': {'name': 'UIDAI', 'value': '229964902613'}, 'picture': {'large': 'https://randomuser.me/api/portraits/women/30.jpg', 'medium': 'https://randomuser.me/api/portraits/med/women/30.jpg', 'thumbnail': 'https://randomuser.me/api/portraits/thumb/women/30.jpg'}, 'nat': 'IN'}</msg>
<arg>${json_data['results'][0]}</arg>
<doc>Logs the given message with the given level.</doc>
<status status="PASS" start="2024-07-09T02:33:24.449597" elapsed="0.000451"/>
</kw>
<kw name="Log" owner="BuiltIn">
<msg time="2024-07-09T02:33:24.450483" level="INFO">name</msg>
<arg>${key}</arg>
<doc>Logs the given message with the given level.</doc>
<status status="PASS" start="2024-07-09T02:33:24.450354" elapsed="0.000165"/>
</kw>
<var name="${key}">name</var>
<status status="PASS" start="2024-07-09T02:33:24.448924" elapsed="0.001811"/>
</iter>
<iter>
<kw name="Dictionary Should Contain Key" owner="Collections">
<arg>${json_data['results'][0]}</arg>
<arg>${key}</arg>
<doc>Fails if ``key`` is not found from ``dictionary``.</doc>
<status status="PASS" start="2024-07-09T02:33:24.451015" elapsed="0.000408"/>
</kw>
<kw name="Log" owner="BuiltIn">
<msg time="2024-07-09T02:33:24.451966" level="INFO">{'gender': 'female', 'name': {'title': 'Miss', 'first': 'Sayali', 'last': 'Bhardwaj'}, 'location': {'street': {'number': 923, 'name': 'Tank Bund Rd'}, 'city': 'Erode', 'state': 'Uttarakhand', 'country': 'India', 'postcode': 97417, 'coordinates': {'latitude': '10.6056', 'longitude': '127.8461'}, 'timezone': {'offset': '+4:00', 'description': 'Abu Dhabi, Muscat, Baku, Tbilisi'}}, 'email': 'sayali.bhardwaj@example.com', 'login': {'uuid': 'b21a1f4f-f4ee-4464-93e2-306e55c15ca4', 'username': 'blackelephant155', 'password': 'trek', 'salt': 'q55qAqLn', 'md5': 'dd0f0fce7bd46404be42bc4cf5bf7b11', 'sha1': '9b4a1f720a4ef8e260f41d4413cf26c44cc4289a', 'sha256': '77c21b01bc42b6ce8036388e627a717e9f5fc0db3f54dcf7ff0e241a692df6e8'}, 'dob': {'date': '1968-04-04T01:19:22.076Z', 'age': 56}, 'registered': {'date': '2021-01-08T16:08:47.870Z', 'age': 3}, 'phone': '8713762606', 'cell': '9619546966', 'id': {'name': 'UIDAI', 'value': '229964902613'}, 'picture': {'large': 'https://randomuser.me/api/portraits/women/30.jpg', 'medium': 'https://randomuser.me/api/portraits/med/women/30.jpg', 'thumbnail': 'https://randomuser.me/api/portraits/thumb/women/30.jpg'}, 'nat': 'IN'}</msg>
<arg>${json_data['results'][0]}</arg>
<doc>Logs the given message with the given level.</doc>
<status status="PASS" start="2024-07-09T02:33:24.451617" elapsed="0.000405"/>
</kw>
<kw name="Log" owner="BuiltIn">
<msg time="2024-07-09T02:33:24.452585" level="INFO">location</msg>
<arg>${key}</arg>
<doc>Logs the given message with the given level.</doc>
<status status="PASS" start="2024-07-09T02:33:24.452393" elapsed="0.000241"/>
</kw>
<var name="${key}">location</var>
<status status="PASS" start="2024-07-09T02:33:24.450908" elapsed="0.001950"/>
</iter>
<iter>
<kw name="Dictionary Should Contain Key" owner="Collections">
<arg>${json_data['results'][0]}</arg>
<arg>${key}</arg>
<doc>Fails if ``key`` is not found from ``dictionary``.</doc>
<status status="PASS" start="2024-07-09T02:33:24.453136" elapsed="0.000388"/>
</kw>
<kw name="Log" owner="BuiltIn">
<msg time="2024-07-09T02:33:24.454060" level="INFO">{'gender': 'female', 'name': {'title': 'Miss', 'first': 'Sayali', 'last': 'Bhardwaj'}, 'location': {'street': {'number': 923, 'name': 'Tank Bund Rd'}, 'city': 'Erode', 'state': 'Uttarakhand', 'country': 'India', 'postcode': 97417, 'coordinates': {'latitude': '10.6056', 'longitude': '127.8461'}, 'timezone': {'offset': '+4:00', 'description': 'Abu Dhabi, Muscat, Baku, Tbilisi'}}, 'email': 'sayali.bhardwaj@example.com', 'login': {'uuid': 'b21a1f4f-f4ee-4464-93e2-306e55c15ca4', 'username': 'blackelephant155', 'password': 'trek', 'salt': 'q55qAqLn', 'md5': 'dd0f0fce7bd46404be42bc4cf5bf7b11', 'sha1': '9b4a1f720a4ef8e260f41d4413cf26c44cc4289a', 'sha256': '77c21b01bc42b6ce8036388e627a717e9f5fc0db3f54dcf7ff0e241a692df6e8'}, 'dob': {'date': '1968-04-04T01:19:22.076Z', 'age': 56}, 'registered': {'date': '2021-01-08T16:08:47.870Z', 'age': 3}, 'phone': '8713762606', 'cell': '9619546966', 'id': {'name': 'UIDAI', 'value': '229964902613'}, 'picture': {'large': 'https://randomuser.me/api/portraits/women/30.jpg', 'medium': 'https://randomuser.me/api/portraits/med/women/30.jpg', 'thumbnail': 'https://randomuser.me/api/portraits/thumb/women/30.jpg'}, 'nat': 'IN'}</msg>
<arg>${json_data['results'][0]}</arg>
<doc>Logs the given message with the given level.</doc>
<status status="PASS" start="2024-07-09T02:33:24.453712" elapsed="0.000397"/>
</kw>
<kw name="Log" owner="BuiltIn">
<msg time="2024-07-09T02:33:24.454528" level="INFO">email</msg>
<arg>${key}</arg>
<doc>Logs the given message with the given level.</doc>
<status status="PASS" start="2024-07-09T02:33:24.454403" elapsed="0.000162"/>
</kw>
<var name="${key}">email</var>
<status status="PASS" start="2024-07-09T02:33:24.453028" elapsed="0.001752"/>
</iter>
<iter>
<kw name="Dictionary Should Contain Key" owner="Collections">
<arg>${json_data['results'][0]}</arg>
<arg>${key}</arg>
<doc>Fails if ``key`` is not found from ``dictionary``.</doc>
<status status="PASS" start="2024-07-09T02:33:24.455063" elapsed="0.000425"/>
</kw>
<kw name="Log" owner="BuiltIn">
<msg time="2024-07-09T02:33:24.456027" level="INFO">{'gender': 'female', 'name': {'title': 'Miss', 'first': 'Sayali', 'last': 'Bhardwaj'}, 'location': {'street': {'number': 923, 'name': 'Tank Bund Rd'}, 'city': 'Erode', 'state': 'Uttarakhand', 'country': 'India', 'postcode': 97417, 'coordinates': {'latitude': '10.6056', 'longitude': '127.8461'}, 'timezone': {'offset': '+4:00', 'description': 'Abu Dhabi, Muscat, Baku, Tbilisi'}}, 'email': 'sayali.bhardwaj@example.com', 'login': {'uuid': 'b21a1f4f-f4ee-4464-93e2-306e55c15ca4', 'username': 'blackelephant155', 'password': 'trek', 'salt': 'q55qAqLn', 'md5': 'dd0f0fce7bd46404be42bc4cf5bf7b11', 'sha1': '9b4a1f720a4ef8e260f41d4413cf26c44cc4289a', 'sha256': '77c21b01bc42b6ce8036388e627a717e9f5fc0db3f54dcf7ff0e241a692df6e8'}, 'dob': {'date': '1968-04-04T01:19:22.076Z', 'age': 56}, 'registered': {'date': '2021-01-08T16:08:47.870Z', 'age': 3}, 'phone': '8713762606', 'cell': '9619546966', 'id': {'name': 'UIDAI', 'value': '229964902613'}, 'picture': {'large': 'https://randomuser.me/api/portraits/women/30.jpg', 'medium': 'https://randomuser.me/api/portraits/med/women/30.jpg', 'thumbnail': 'https://randomuser.me/api/portraits/thumb/women/30.jpg'}, 'nat': 'IN'}</msg>
<arg>${json_data['results'][0]}</arg>
<doc>Logs the given message with the given level.</doc>
<status status="PASS" start="2024-07-09T02:33:24.455677" elapsed="0.000406"/>
</kw>
<kw name="Log" owner="BuiltIn">
<msg time="2024-07-09T02:33:24.456498" level="INFO">login</msg>
<arg>${key}</arg>
<doc>Logs the given message with the given level.</doc>
<status status="PASS" start="2024-07-09T02:33:24.456372" elapsed="0.000164"/>
</kw>
<var name="${key}">login</var>
<status status="PASS" start="2024-07-09T02:33:24.454946" elapsed="0.001801"/>
</iter>
<var>${key}</var>
<value>@{expected_keys}</value>
<status status="PASS" start="2024-07-09T02:33:24.446697" elapsed="0.010169"/>
</for>
<kw name="Create List" owner="BuiltIn">
<msg time="2024-07-09T02:33:24.457189" level="INFO">${expected_keysTwo} = ['username', 'password']</msg>
<var>${expected_keysTwo}</var>
<arg>username</arg>
<arg>password</arg>
<doc>Returns a list containing given items.</doc>
<status status="PASS" start="2024-07-09T02:33:24.457053" elapsed="0.000187"/>
</kw>
<for flavor="IN">
<iter>
<kw name="Dictionary Should Contain Key" owner="Collections">
<arg>${json_data['results'][0]['login']}</arg>
<arg>${keyTwo}</arg>
<doc>Fails if ``key`` is not found from ``dictionary``.</doc>
<status status="PASS" start="2024-07-09T02:33:24.457747" elapsed="0.000385"/>
</kw>
<kw name="Dictionary Should Contain Key" owner="Collections">
<arg>${json_data['results'][0]['login']}</arg>
<arg>${keyTwo}</arg>
<doc>Fails if ``key`` is not found from ``dictionary``.</doc>
<status status="PASS" start="2024-07-09T02:33:24.458310" elapsed="0.000367"/>
</kw>
<kw name="Log" owner="BuiltIn">
<msg time="2024-07-09T02:33:24.458972" level="INFO">username</msg>
<arg>${keyTwo}</arg>
<doc>Logs the given message with the given level.</doc>
<status status="PASS" start="2024-07-09T02:33:24.458855" elapsed="0.000154"/>
</kw>
<var name="${keyTwo}">username</var>
<status status="PASS" start="2024-07-09T02:33:24.457641" elapsed="0.001584"/>
</iter>
<iter>
<kw name="Dictionary Should Contain Key" owner="Collections">
<arg>${json_data['results'][0]['login']}</arg>
<arg>${keyTwo}</arg>
<doc>Fails if ``key`` is not found from ``dictionary``.</doc>
<status status="PASS" start="2024-07-09T02:33:24.459543" elapsed="0.000398"/>
</kw>
<kw name="Dictionary Should Contain Key" owner="Collections">
<arg>${json_data['results'][0]['login']}</arg>
<arg>${keyTwo}</arg>
<doc>Fails if ``key`` is not found from ``dictionary``.</doc>
<status status="PASS" start="2024-07-09T02:33:24.460119" elapsed="0.000362"/>
</kw>
<kw name="Log" owner="BuiltIn">
<msg time="2024-07-09T02:33:24.460769" level="INFO">password</msg>
<arg>${keyTwo}</arg>
<doc>Logs the given message with the given level.</doc>
<status status="PASS" start="2024-07-09T02:33:24.460654" elapsed="0.000157"/>
</kw>
<var name="${keyTwo}">password</var>
<status status="PASS" start="2024-07-09T02:33:24.459420" elapsed="0.001697"/>
</iter>
<var>${keyTwo}</var>
<value>@{expected_keysTwo}</value>
<status status="PASS" start="2024-07-09T02:33:24.457484" elapsed="0.003754"/>
</for>
<status status="PASS" start="2024-07-09T02:33:24.358567" elapsed="0.102811"/>
</kw>
<doc>Testa a estrutura da resposta da API.</doc>
<tag>testeEstruturaResposta</tag>
<status status="PASS" start="2024-07-09T02:33:24.357774" elapsed="0.103756"/>
</test>
<test id="s1-s1-t4" name="Validar tipos de dados" line="28">
<kw name="Teste de Tipos de Dados" owner="random-user-service">
<kw name="GET On Session" owner="RequestsLibrary">
<msg time="2024-07-09T02:33:24.542710" level="INFO">GET Request : url=https://randomuser.me/api 
 path_url=/api 
 headers={'User-Agent': 'python-requests/2.32.3', 'Accept-Encoding': 'gzip, deflate', 'Accept': '*/*', 'Connection': 'keep-alive'} 
 body=None 
 </msg>
<msg time="2024-07-09T02:33:24.542797" level="INFO">GET Response : url=https://randomuser.me/api 
 status=200, reason=OK 
 headers={'Date': 'Tue, 09 Jul 2024 02:33:24 GMT', 'Content-Type': 'application/json; charset=utf-8', 'Transfer-Encoding': 'chunked', 'Connection': 'keep-alive', 'X-Powered-By': 'Express', 'Access-Control-Allow-Origin': '*', 'Cache-Control': 'no-cache', 'ETag': 'W/"47a-NRzU0RnAX/IsfJGwYe8z0EtAVbo"', 'Vary': 'Accept-Encoding', 'Content-Encoding': 'gzip', 'CF-Cache-Status': 'DYNAMIC', 'Report-To': '{"endpoints":[{"url":"https:\\/\\/a.nel.cloudflare.com\\/report\\/v4?s=uulN2d7aSFMpkrv0BWLpUZQlUjkxcYmXWJGmTmC9Kpk4j0rDpnO9cTXNZT5RdSZ8r1nFOruPURSa2pepX4LCOcGdhw8ZRE75GJOpthQOsypY1yyjcz1LHne12l69E6JD"}],"group":"cf-nel","max_age":604800}', 'NEL': '{"success_fraction":0,"report_to":"cf-nel","max_age":604800}', 'Server': 'cloudflare', 'CF-RAY': '8a04e8b7ed1d2bf4-ORD', 'alt-svc': 'h3=":443"; ma=86400'} 
 body={"results":[{"gender":"female","name":{"title":"Miss","first":"Likera","last":"Polozhiy"},"location":{"street":{"number":8131,"name":"Mikoli Mateyuka"},"city":"Kam'yanka","state":"Zakarpatska","country":"Ukraine","postcode":50627,"coordinates":{"latitude":"79.9865","longitude":"13.2381"},"timezone":{"offset":"+3:30","description":"Tehran"}},"email":"likera.polozhiy@example.com","login":{"uuid":"3a49d864-7efc-4b7f-81bd-1c6216a2dbb8","username":"tinybutterfly811","password":"randy1","salt":"59XQC7qe","md5":"21efac47439d6a90260679474d2a9a9a","sha1":"e3a7ddb6b715614fa30ff88e82d1a6eae6115475","sha256":"28a44fca0500040a8578f19132b005d58bf05efd04994e5bf8e2a3722653ff75"},"dob":{"date":"1967-03-03T17:27:30.815Z","age":57},"registered":{"date":"2005-12-16T17:31:47.297Z","age":18},"phone":"(096) R18-7758","cell":"(066) D50-6212","id":{"name":"","value":null},"picture":{"large":"https://randomuser.me/api/portraits/women/7.jpg","medium":"https://randomuser.me/api/portraits/med/women/7.jpg","thumbnail":"https://randomuser.me/api/portraits/thumb/women/7.jpg"},"nat":"UA"}],"info":{"seed":"1c93f92b0807c4e4","results":1,"page":1,"version":"1.4"}} 
 </msg>
<msg time="2024-07-09T02:33:24.542872" level="INFO">/opt/hostedtoolcache/Python/3.12.4/x64/lib/python3.12/site-packages/urllib3/connectionpool.py:1099: InsecureRequestWarning: Unverified HTTPS request is being made to host 'randomuser.me'. Adding certificate verification is strongly advised. See: https://urllib3.readthedocs.io/en/latest/advanced-usage.html#tls-warnings
  warnings.warn(</msg>
<msg time="2024-07-09T02:33:24.542990" level="INFO">${response} = &lt;Response [200]&gt;</msg>
<var>${response}</var>
<arg>consultarAPI</arg>
<arg>/api</arg>
<doc>Sends a GET request on a previously created HTTP Session.</doc>
<status status="PASS" start="2024-07-09T02:33:24.464124" elapsed="0.078918"/>
</kw>
<kw name="Set Variable" owner="BuiltIn">
<msg time="2024-07-09T02:33:24.544215" level="INFO">${json_data} = {'results': [{'gender': 'female', 'name': {'title': 'Miss', 'first': 'Likera', 'last': 'Polozhiy'}, 'location': {'street': {'number': 8131, 'name': 'Mikoli Mateyuka'}, 'city': "Kam'yanka", 'state': 'Z...</msg>
<var>${json_data}</var>
<arg>${response.json()}</arg>
<doc>Returns the given values which can then be assigned to a variables.</doc>
<status status="PASS" start="2024-07-09T02:33:24.543641" elapsed="0.000603"/>
</kw>
<kw name="Log" owner="BuiltIn">
<msg time="2024-07-09T02:33:24.544721" level="INFO">{'results': [{'gender': 'female', 'name': {'title': 'Miss', 'first': 'Likera', 'last': 'Polozhiy'}, 'location': {'street': {'number': 8131, 'name': 'Mikoli Mateyuka'}, 'city': "Kam'yanka", 'state': 'Zakarpatska', 'country': 'Ukraine', 'postcode': 50627, 'coordinates': {'latitude': '79.9865', 'longitude': '13.2381'}, 'timezone': {'offset': '+3:30', 'description': 'Tehran'}}, 'email': 'likera.polozhiy@example.com', 'login': {'uuid': '3a49d864-7efc-4b7f-81bd-1c6216a2dbb8', 'username': 'tinybutterfly811', 'password': 'randy1', 'salt': '59XQC7qe', 'md5': '21efac47439d6a90260679474d2a9a9a', 'sha1': 'e3a7ddb6b715614fa30ff88e82d1a6eae6115475', 'sha256': '28a44fca0500040a8578f19132b005d58bf05efd04994e5bf8e2a3722653ff75'}, 'dob': {'date': '1967-03-03T17:27:30.815Z', 'age': 57}, 'registered': {'date': '2005-12-16T17:31:47.297Z', 'age': 18}, 'phone': '(096) R18-7758', 'cell': '(066) D50-6212', 'id': {'name': '', 'value': None}, 'picture': {'large': 'https://randomuser.me/api/portraits/women/7.jpg', 'medium': 'https://randomuser.me/api/portraits/med/women/7.jpg', 'thumbnail': 'https://randomuser.me/api/portraits/thumb/women/7.jpg'}, 'nat': 'UA'}], 'info': {'seed': '1c93f92b0807c4e4', 'results': 1, 'page': 1, 'version': '1.4'}}</msg>
<arg>${json_data}</arg>
<doc>Logs the given message with the given level.</doc>
<status status="PASS" start="2024-07-09T02:33:24.544563" elapsed="0.000203"/>
</kw>
<kw name="Should Be String" owner="String">
<arg>${json_data['results'][0]['gender']}</arg>
<doc>Fails if the given ``item`` is not a string.</doc>
<status status="PASS" start="2024-07-09T02:33:24.545060" elapsed="0.000373"/>
</kw>
<kw name="Should Match Regexp" owner="BuiltIn">
<arg>${json_data['results'][0]['email']}</arg>
<arg>^[a-zA-Z0-9._%+-]+@[a-zA-Z0-9.-]+\.[a-zA-Z]{2,}$</arg>
<doc>Fails if ``string`` does not match ``pattern`` as a regular expression.</doc>
<status status="PASS" start="2024-07-09T02:33:24.545622" elapsed="0.000511"/>
</kw>
<kw name="Should Match Regexp" owner="BuiltIn">
<arg>${json_data['results'][0]['dob']['date']}</arg>
<arg>\\d{4}-\\d{2}-\\d{2}T\\d{2}:\\d{2}:\\d{2}\\.\\d{3}Z</arg>
<doc>Fails if ``string`` does not match ``pattern`` as a regular expression.</doc>
<status status="PASS" start="2024-07-09T02:33:24.546364" elapsed="0.000489"/>
</kw>
<kw name="Should Match Regexp" owner="BuiltIn">
<arg>${json_data['results'][0]['registered']['date']}</arg>
<arg>\\d{4}-\\d{2}-\\d{2}T\\d{2}:\\d{2}:\\d{2}\\.\\d{3}Z</arg>
<doc>Fails if ``string`` does not match ``pattern`` as a regular expression.</doc>
<status status="PASS" start="2024-07-09T02:33:24.547042" elapsed="0.000403"/>
</kw>
<kw name="Should Match Regexp" owner="BuiltIn">
<arg>${json_data['results'][0]['picture']['large']}</arg>
<arg>^https?://.*\.(?:png|jpe?g|gif|bmp)$</arg>
<doc>Fails if ``string`` does not match ``pattern`` as a regular expression.</doc>
<status status="PASS" start="2024-07-09T02:33:24.547645" elapsed="0.000458"/>
</kw>
<kw name="Should Match Regexp" owner="BuiltIn">
<arg>${json_data['results'][0]['picture']['medium']}</arg>
<arg>^https?://.*\.(?:png|jpe?g|gif|bmp)$</arg>
<doc>Fails if ``string`` does not match ``pattern`` as a regular expression.</doc>
<status status="PASS" start="2024-07-09T02:33:24.548289" elapsed="0.000350"/>
</kw>
<kw name="Should Match Regexp" owner="BuiltIn">
<arg>${json_data['results'][0]['picture']['thumbnail']}</arg>
<arg>^https?://.*\.(?:png|jpe?g|gif|bmp)$</arg>
<doc>Fails if ``string`` does not match ``pattern`` as a regular expression.</doc>
<status status="PASS" start="2024-07-09T02:33:24.548819" elapsed="0.000345"/>
</kw>
<kw name="Log" owner="BuiltIn">
<msg time="2024-07-09T02:33:24.549679" level="INFO">{'large': 'https://randomuser.me/api/portraits/women/7.jpg', 'medium': 'https://randomuser.me/api/portraits/med/women/7.jpg', 'thumbnail': 'https://randomuser.me/api/portraits/thumb/women/7.jpg'}</msg>
<arg>${json_data['results'][0]['picture']}</arg>
<doc>Logs the given message with the given level.</doc>
<status status="PASS" start="2024-07-09T02:33:24.549347" elapsed="0.000374"/>
</kw>
<status status="PASS" start="2024-07-09T02:33:24.463887" elapsed="0.086090"/>
</kw>
<kw name="Teste de Tipos de Dados - Postcode" owner="random-user-service">
<kw name="GET On Session" owner="RequestsLibrary">
<msg time="2024-07-09T02:33:24.654216" level="INFO">GET Request : url=https://randomuser.me/api 
 path_url=/api 
 headers={'User-Agent': 'python-requests/2.32.3', 'Accept-Encoding': 'gzip, deflate', 'Accept': '*/*', 'Connection': 'keep-alive'} 
 body=None 
 </msg>
<msg time="2024-07-09T02:33:24.654316" level="INFO">GET Response : url=https://randomuser.me/api 
 status=200, reason=OK 
 headers={'Date': 'Tue, 09 Jul 2024 02:33:24 GMT', 'Content-Type': 'application/json; charset=utf-8', 'Transfer-Encoding': 'chunked', 'Connection': 'keep-alive', 'X-Powered-By': 'Express', 'Access-Control-Allow-Origin': '*', 'Cache-Control': 'no-cache', 'ETag': 'W/"47b-SsL0y8WO7pedRei/aQI0WvGT320"', 'Vary': 'Accept-Encoding', 'Content-Encoding': 'gzip', 'CF-Cache-Status': 'DYNAMIC', 'Report-To': '{"endpoints":[{"url":"https:\\/\\/a.nel.cloudflare.com\\/report\\/v4?s=xSlVWJfwmRkkJY8zUTfFIHeXU3r6y37k7PZ7M5XiGrnsLrFyMnNNjjozXLNixSDeRsx1YrKOMm%2Bi%2BSW0%2F0pwy%2FWR7u0sRJ%2BOLRCqGKcxiTocHqIoF2jnpjUdQIyhGecn"}],"group":"cf-nel","max_age":604800}', 'NEL': '{"success_fraction":0,"report_to":"cf-nel","max_age":604800}', 'Server': 'cloudflare', 'CF-RAY': '8a04e8b87dbf2bf4-ORD', 'alt-svc': 'h3=":443"; ma=86400'} 
 body={"results":[{"gender":"female","name":{"title":"Miss","first":"Romana","last":"Kleber"},"location":{"street":{"number":6618,"name":"Kirchweg"},"city":"Hettingen","state":"Bremen","country":"Germany","postcode":88025,"coordinates":{"latitude":"-50.7256","longitude":"51.9902"},"timezone":{"offset":"+3:30","description":"Tehran"}},"email":"romana.kleber@example.com","login":{"uuid":"d719a864-dbf7-43f4-8e37-8832f5ed5131","username":"lazyleopard575","password":"chuckles","salt":"U8Bo9rH5","md5":"a6f3c51ad863ca90ee3040a99d053156","sha1":"006456920e3bf6ac9fbe8391067cdb8bb4c4ef91","sha256":"81b11fddbbe4a9cab46ba1a61d5c52601c8323df4755e65e674a2e274d499507"},"dob":{"date":"1958-03-13T07:38:29.968Z","age":66},"registered":{"date":"2005-06-25T13:59:54.955Z","age":19},"phone":"0388-3120870","cell":"0170-7347355","id":{"name":"SVNR","value":"26 130358 K 943"},"picture":{"large":"https://randomuser.me/api/portraits/women/96.jpg","medium":"https://randomuser.me/api/portraits/med/women/96.jpg","thumbnail":"https://randomuser.me/api/portraits/thumb/women/96.jpg"},"nat":"DE"}],"info":{"seed":"31160294f36ffded","results":1,"page":1,"version":"1.4"}} 
 </msg>
<msg time="2024-07-09T02:33:24.654392" level="INFO">/opt/hostedtoolcache/Python/3.12.4/x64/lib/python3.12/site-packages/urllib3/connectionpool.py:1099: InsecureRequestWarning: Unverified HTTPS request is being made to host 'randomuser.me'. Adding certificate verification is strongly advised. See: https://urllib3.readthedocs.io/en/latest/advanced-usage.html#tls-warnings
  warnings.warn(</msg>
<msg time="2024-07-09T02:33:24.654519" level="INFO">${response} = &lt;Response [200]&gt;</msg>
<var>${response}</var>
<arg>consultarAPI</arg>
<arg>/api</arg>
<doc>Sends a GET request on a previously created HTTP Session.</doc>
<status status="PASS" start="2024-07-09T02:33:24.550432" elapsed="0.104127"/>
</kw>
<kw name="Set Variable" owner="BuiltIn">
<msg time="2024-07-09T02:33:24.655757" level="INFO">${json_data} = {'results': [{'gender': 'female', 'name': {'title': 'Miss', 'first': 'Romana', 'last': 'Kleber'}, 'location': {'street': {'number': 6618, 'name': 'Kirchweg'}, 'city': 'Hettingen', 'state': 'Bremen', '...</msg>
<var>${json_data}</var>
<arg>${response.json()}</arg>
<doc>Returns the given values which can then be assigned to a variables.</doc>
<status status="PASS" start="2024-07-09T02:33:24.655147" elapsed="0.000639"/>
</kw>
<kw name="Log" owner="BuiltIn">
<msg time="2024-07-09T02:33:24.656251" level="INFO">{'results': [{'gender': 'female', 'name': {'title': 'Miss', 'first': 'Romana', 'last': 'Kleber'}, 'location': {'street': {'number': 6618, 'name': 'Kirchweg'}, 'city': 'Hettingen', 'state': 'Bremen', 'country': 'Germany', 'postcode': 88025, 'coordinates': {'latitude': '-50.7256', 'longitude': '51.9902'}, 'timezone': {'offset': '+3:30', 'description': 'Tehran'}}, 'email': 'romana.kleber@example.com', 'login': {'uuid': 'd719a864-dbf7-43f4-8e37-8832f5ed5131', 'username': 'lazyleopard575', 'password': 'chuckles', 'salt': 'U8Bo9rH5', 'md5': 'a6f3c51ad863ca90ee3040a99d053156', 'sha1': '006456920e3bf6ac9fbe8391067cdb8bb4c4ef91', 'sha256': '81b11fddbbe4a9cab46ba1a61d5c52601c8323df4755e65e674a2e274d499507'}, 'dob': {'date': '1958-03-13T07:38:29.968Z', 'age': 66}, 'registered': {'date': '2005-06-25T13:59:54.955Z', 'age': 19}, 'phone': '0388-3120870', 'cell': '0170-7347355', 'id': {'name': 'SVNR', 'value': '26 130358 K 943'}, 'picture': {'large': 'https://randomuser.me/api/portraits/women/96.jpg', 'medium': 'https://randomuser.me/api/portraits/med/women/96.jpg', 'thumbnail': 'https://randomuser.me/api/portraits/thumb/women/96.jpg'}, 'nat': 'DE'}], 'info': {'seed': '31160294f36ffded', 'results': 1, 'page': 1, 'version': '1.4'}}</msg>
<arg>${json_data}</arg>
<doc>Logs the given message with the given level.</doc>
<status status="PASS" start="2024-07-09T02:33:24.656097" elapsed="0.000201"/>
</kw>
<kw name="Should Be Equal As Numbers" owner="BuiltIn">
<arg>${json_data['results'][0]['location']['postcode']}</arg>
<arg>${json_data['results'][0]['location']['postcode']}</arg>
<doc>Fails if objects are unequal after converting them to real numbers.</doc>
<status status="PASS" start="2024-07-09T02:33:24.656597" elapsed="0.000645"/>
</kw>
<kw name="Log" owner="BuiltIn">
<msg time="2024-07-09T02:33:24.657936" level="INFO">88025</msg>
<arg>${json_data['results'][0]['location']['postcode']}</arg>
<doc>Logs the given message with the given level.</doc>
<status status="PASS" start="2024-07-09T02:33:24.657435" elapsed="0.000542"/>
</kw>
<status status="PASS" start="2024-07-09T02:33:24.550198" elapsed="0.108063"/>
</kw>
<doc>Testa se os tipos de dados na resposta da API estão corretos.</doc>
<tag>testeTiposDados</tag>
<status status="PASS" start="2024-07-09T02:33:24.463288" elapsed="0.195143"/>
</test>
<test id="s1-s1-t5" name="Validar conteudo" line="35">
<kw name="Teste de Tipos de Conteudo" owner="random-user-service">
<kw name="GET On Session" owner="RequestsLibrary">
<msg time="2024-07-09T02:33:24.745297" level="INFO">GET Request : url=https://randomuser.me/api 
 path_url=/api 
 headers={'User-Agent': 'python-requests/2.32.3', 'Accept-Encoding': 'gzip, deflate', 'Accept': '*/*', 'Connection': 'keep-alive'} 
 body=None 
 </msg>
<msg time="2024-07-09T02:33:24.745393" level="INFO">GET Response : url=https://randomuser.me/api 
 status=200, reason=OK 
 headers={'Date': 'Tue, 09 Jul 2024 02:33:24 GMT', 'Content-Type': 'application/json; charset=utf-8', 'Transfer-Encoding': 'chunked', 'Connection': 'keep-alive', 'X-Powered-By': 'Express', 'Access-Control-Allow-Origin': '*', 'Cache-Control': 'no-cache', 'ETag': 'W/"48e-+qS07FgtCBK3EDXr/rbm1Af9JfE"', 'Vary': 'Accept-Encoding', 'Content-Encoding': 'gzip', 'CF-Cache-Status': 'DYNAMIC', 'Report-To': '{"endpoints":[{"url":"https:\\/\\/a.nel.cloudflare.com\\/report\\/v4?s=aG2MvS5M7EBnug1bJbcJiCGQvDk8pFx2YDRhdV9ti7hdGMqeAoH82MPltQI3zRgHcemmHTI6itxsr4ijFlK%2B8XUW9cl8XvimSkv86givXbAi%2Biv7vxW2PD11RLGnFb1M"}],"group":"cf-nel","max_age":604800}', 'NEL': '{"success_fraction":0,"report_to":"cf-nel","max_age":604800}', 'Server': 'cloudflare', 'CF-RAY': '8a04e8b92e732bf4-ORD', 'alt-svc': 'h3=":443"; ma=86400'} 
 body={"results":[{"gender":"male","name":{"title":"Mr","first":"Gordogost","last":"Ikonnikov"},"location":{"street":{"number":8744,"name":"Poltavske shose"},"city":"Feodosiya","state":"Zhitomirska","country":"Ukraine","postcode":53369,"coordinates":{"latitude":"73.5829","longitude":"-2.9022"},"timezone":{"offset":"-8:00","description":"Pacific Time (US &amp; Canada)"}},"email":"gordogost.ikonnikov@example.com","login":{"uuid":"452dbe37-a9ae-4595-8788-1c24848cfaba","username":"orangelion189","password":"jayhawks","salt":"NLO4xMur","md5":"f5601c0ed8686279e049e746c928ef5c","sha1":"e0c6bb969c8787c66f7f42e06ef79d6e36839931","sha256":"62a6775040479f65d5e62f785f029c5588a74f4777488af1ec9c994a0703bdfb"},"dob":{"date":"1990-09-09T05:54:11.768Z","age":33},"registered":{"date":"2005-02-18T21:36:44.158Z","age":19},"phone":"(096) H57-9676","cell":"(067) W93-5669","id":{"name":"","value":null},"picture":{"large":"https://randomuser.me/api/portraits/men/25.jpg","medium":"https://randomuser.me/api/portraits/med/men/25.jpg","thumbnail":"https://randomuser.me/api/portraits/thumb/men/25.jpg"},"nat":"UA"}],"info":{"seed":"9927d4f120f73f47","results":1,"page":1,"version":"1.4"}} 
 </msg>
<msg time="2024-07-09T02:33:24.745475" level="INFO">/opt/hostedtoolcache/Python/3.12.4/x64/lib/python3.12/site-packages/urllib3/connectionpool.py:1099: InsecureRequestWarning: Unverified HTTPS request is being made to host 'randomuser.me'. Adding certificate verification is strongly advised. See: https://urllib3.readthedocs.io/en/latest/advanced-usage.html#tls-warnings
  warnings.warn(</msg>
<msg time="2024-07-09T02:33:24.745600" level="INFO">${response} = &lt;Response [200]&gt;</msg>
<var>${response}</var>
<arg>consultarAPI</arg>
<arg>/api</arg>
<doc>Sends a GET request on a previously created HTTP Session.</doc>
<status status="PASS" start="2024-07-09T02:33:24.660997" elapsed="0.084653"/>
</kw>
<kw name="Set Variable" owner="BuiltIn">
<msg time="2024-07-09T02:33:24.746764" level="INFO">${json_data} = {'results': [{'gender': 'male', 'name': {'title': 'Mr', 'first': 'Gordogost', 'last': 'Ikonnikov'}, 'location': {'street': {'number': 8744, 'name': 'Poltavske shose'}, 'city': 'Feodosiya', 'state': 'Z...</msg>
<var>${json_data}</var>
<arg>${response.json()}</arg>
<doc>Returns the given values which can then be assigned to a variables.</doc>
<status status="PASS" start="2024-07-09T02:33:24.746213" elapsed="0.000580"/>
</kw>
<kw name="Set Variable" owner="BuiltIn">
<msg time="2024-07-09T02:33:24.747541" level="INFO">${name_title} = Mr</msg>
<var>${name_title}</var>
<arg>${json_data["results"][0]["name"]["title"]}</arg>
<doc>Returns the given values which can then be assigned to a variables.</doc>
<status status="PASS" start="2024-07-09T02:33:24.747106" elapsed="0.000463"/>
</kw>
<kw name="Create List" owner="BuiltIn">
<msg time="2024-07-09T02:33:24.748024" level="INFO">${allowed_titles} = ['Mr', 'Ms', 'Miss', 'Mrs', 'Madame', 'Monsieur']</msg>
<var>${allowed_titles}</var>
<arg>Mr</arg>
<arg>Ms</arg>
<arg>Miss</arg>
<arg>Mrs</arg>
<arg>Madame</arg>
<arg>Monsieur</arg>
<doc>Returns a list containing given items.</doc>
<status status="PASS" start="2024-07-09T02:33:24.747869" elapsed="0.000179"/>
</kw>
<kw name="List Should Contain Value" owner="Collections">
<arg>${allowed_titles}</arg>
<arg>${name_title}</arg>
<doc>Fails if the ``value`` is not found from ``list``.</doc>
<status status="PASS" start="2024-07-09T02:33:24.748354" elapsed="0.000181"/>
</kw>
<kw name="Set Variable" owner="BuiltIn">
<msg time="2024-07-09T02:33:24.749080" level="INFO">${name_country} = UA</msg>
<var>${name_country}</var>
<arg>${json_data["results"][0]["nat"]}</arg>
<doc>Returns the given values which can then be assigned to a variables.</doc>
<status status="PASS" start="2024-07-09T02:33:24.748712" elapsed="0.000394"/>
</kw>
<kw name="Create List" owner="BuiltIn">
<msg time="2024-07-09T02:33:24.749980" level="INFO">${list_country} = ['AD', 'AE', 'AF', 'AG', 'AI', 'AL', 'AM', 'AO', 'AQ', 'AR', 'AS', 'AT', 'AU', 'AW', 'AX', 'AZ', 'BA', 'BB', 'BD', 'BE', 'BF', 'BG', 'BH', 'BI', 'BJ', 'BL', 'BM', 'BN', 'BO', 'BQ', 'BR', 'BS', 'BT', '...</msg>
<var>${list_country}</var>
<arg>AD</arg>
<arg>AE</arg>
<arg>AF</arg>
<arg>AG</arg>
<arg>AI</arg>
<arg>AL</arg>
<arg>AM</arg>
<arg>AO</arg>
<arg>AQ</arg>
<arg>AR</arg>
<arg>AS</arg>
<arg>AT</arg>
<arg>AU</arg>
<arg>AW</arg>
<arg>AX</arg>
<arg>AZ</arg>
<arg>BA</arg>
<arg>BB</arg>
<arg>BD</arg>
<arg>BE</arg>
<arg>BF</arg>
<arg>BG</arg>
<arg>BH</arg>
<arg>BI</arg>
<arg>BJ</arg>
<arg>BL</arg>
<arg>BM</arg>
<arg>BN</arg>
<arg>BO</arg>
<arg>BQ</arg>
<arg>BR</arg>
<arg>BS</arg>
<arg>BT</arg>
<arg>BV</arg>
<arg>BW</arg>
<arg>BY</arg>
<arg>BZ</arg>
<arg>CA</arg>
<arg>CC</arg>
<arg>CD</arg>
<arg>CF</arg>
<arg>CG</arg>
<arg>CH</arg>
<arg>CI</arg>
<arg>CK</arg>
<arg>CL</arg>
<arg>CM</arg>
<arg>CN</arg>
<arg>CO</arg>
<arg>CR</arg>
<arg>CU</arg>
<arg>CV</arg>
<arg>CW</arg>
<arg>CX</arg>
<arg>CY</arg>
<arg>CZ</arg>
<arg>DE</arg>
<arg>DJ</arg>
<arg>DK</arg>
<arg>DM</arg>
<arg>DO</arg>
<arg>DZ</arg>
<arg>EC</arg>
<arg>EE</arg>
<arg>EG</arg>
<arg>EH</arg>
<arg>ER</arg>
<arg>ES</arg>
<arg>ET</arg>
<arg>FI</arg>
<arg>FJ</arg>
<arg>FK</arg>
<arg>FM</arg>
<arg>FO</arg>
<arg>FR</arg>
<arg>GA</arg>
<arg>GB</arg>
<arg>GD</arg>
<arg>GE</arg>
<arg>GF</arg>
<arg>GG</arg>
<arg>GH</arg>
<arg>GI</arg>
<arg>GL</arg>
<arg>GM</arg>
<arg>GN</arg>
<arg>GP</arg>
<arg>GQ</arg>
<arg>GR</arg>
<arg>GS</arg>
<arg>GT</arg>
<arg>GU</arg>
<arg>GW</arg>
<arg>GY</arg>
<arg>HK</arg>
<arg>HM</arg>
<arg>HN</arg>
<arg>HR</arg>
<arg>HT</arg>
<arg>HU</arg>
<arg>ID</arg>
<arg>IE</arg>
<arg>IL</arg>
<arg>IM</arg>
<arg>IN</arg>
<arg>IO</arg>
<arg>IQ</arg>
<arg>IR</arg>
<arg>IS</arg>
<arg>IT</arg>
<arg>JE</arg>
<arg>JM</arg>
<arg>JO</arg>
<arg>JP</arg>
<arg>KE</arg>
<arg>KG</arg>
<arg>KH</arg>
<arg>KI</arg>
<arg>KM</arg>
<arg>KN</arg>
<arg>KP</arg>
<arg>KR</arg>
<arg>KW</arg>
<arg>KY</arg>
<arg>KZ</arg>
<arg>LA</arg>
<arg>LB</arg>
<arg>LC</arg>
<arg>LI</arg>
<arg>LK</arg>
<arg>LR</arg>
<arg>LS</arg>
<arg>LT</arg>
<arg>LU</arg>
<arg>LV</arg>
<arg>LY</arg>
<arg>MA</arg>
<arg>MC</arg>
<arg>MD</arg>
<arg>ME</arg>
<arg>MF</arg>
<arg>MG</arg>
<arg>MH</arg>
<arg>MK</arg>
<arg>ML</arg>
<arg>MM</arg>
<arg>MN</arg>
<arg>MO</arg>
<arg>MP</arg>
<arg>MQ</arg>
<arg>MR</arg>
<arg>MS</arg>
<arg>MT</arg>
<arg>MU</arg>
<arg>MV</arg>
<arg>MW</arg>
<arg>MX</arg>
<arg>MY</arg>
<arg>MZ</arg>
<arg>NA</arg>
<arg>NC</arg>
<arg>NE</arg>
<arg>NF</arg>
<arg>NG</arg>
<arg>NI</arg>
<arg>NL</arg>
<arg>NO</arg>
<arg>NP</arg>
<arg>NR</arg>
<arg>NU</arg>
<arg>NZ</arg>
<arg>OM</arg>
<arg>PA</arg>
<arg>PE</arg>
<arg>PF</arg>
<arg>PG</arg>
<arg>PH</arg>
<arg>PK</arg>
<arg>PL</arg>
<arg>PM</arg>
<arg>PN</arg>
<arg>PR</arg>
<arg>PS</arg>
<arg>PT</arg>
<arg>PW</arg>
<arg>PY</arg>
<arg>QA</arg>
<arg>RE</arg>
<arg>RO</arg>
<arg>RS</arg>
<arg>RU</arg>
<arg>RW</arg>
<arg>SA</arg>
<arg>SB</arg>
<arg>SC</arg>
<arg>SD</arg>
<arg>SE</arg>
<arg>SG</arg>
<arg>SH</arg>
<arg>SI</arg>
<arg>SJ</arg>
<arg>SK</arg>
<arg>SL</arg>
<arg>SM</arg>
<arg>SN</arg>
<arg>SO</arg>
<arg>SR</arg>
<arg>SS</arg>
<arg>ST</arg>
<arg>SV</arg>
<arg>SX</arg>
<arg>SY</arg>
<arg>SZ</arg>
<arg>TC</arg>
<arg>TD</arg>
<arg>TF</arg>
<arg>TG</arg>
<arg>TH</arg>
<arg>TJ</arg>
<arg>TK</arg>
<arg>TL</arg>
<arg>TM</arg>
<arg>TN</arg>
<arg>TO</arg>
<arg>TR</arg>
<arg>TT</arg>
<arg>TV</arg>
<arg>TW</arg>
<arg>TZ</arg>
<arg>UA</arg>
<arg>UG</arg>
<arg>UM</arg>
<arg>US</arg>
<arg>UY</arg>
<arg>UZ</arg>
<arg>VA</arg>
<arg>VC</arg>
<arg>VE</arg>
<arg>VG</arg>
<arg>VI</arg>
<arg>VN</arg>
<arg>VU</arg>
<arg>WF</arg>
<arg>WS</arg>
<arg>XK</arg>
<arg>YE</arg>
<arg>YT</arg>
<arg>ZA</arg>
<arg>ZM</arg>
<arg>ZW</arg>
<doc>Returns a list containing given items.</doc>
<status status="PASS" start="2024-07-09T02:33:24.749392" elapsed="0.000613"/>
</kw>
<kw name="List Should Contain Value" owner="Collections">
<arg>${list_country}</arg>
<arg>${name_country}</arg>
<doc>Fails if the ``value`` is not found from ``list``.</doc>
<status status="PASS" start="2024-07-09T02:33:24.750796" elapsed="0.000204"/>
</kw>
<kw name="Run Keyword If" owner="BuiltIn">
<kw name="Should Be True" owner="BuiltIn">
<arg>${True}</arg>
<doc>Fails if the given condition is not true.</doc>
<status status="PASS" start="2024-07-09T02:33:24.751976" elapsed="0.000143"/>
</kw>
<arg>${json_data["results"][0]["location"]["coordinates"]["latitude"]} &gt;= -90 and ${json_data["results"][0]["location"]["coordinates"]["latitude"]} &lt;= 90</arg>
<arg>Should Be True</arg>
<arg>${True}</arg>
<doc>Runs the given keyword with the given arguments, if ``condition`` is true.</doc>
<status status="PASS" start="2024-07-09T02:33:24.751197" elapsed="0.001047"/>
</kw>
<kw name="Run Keyword If" owner="BuiltIn">
<kw name="Should Be True" owner="BuiltIn">
<arg>${True}</arg>
<doc>Fails if the given condition is not true.</doc>
<status status="PASS" start="2024-07-09T02:33:24.753120" elapsed="0.000244"/>
</kw>
<arg>${json_data["results"][0]["location"]["coordinates"]["longitude"]} &gt;= -180 and ${json_data["results"][0]["location"]["coordinates"]["longitude"]} &lt;= 180</arg>
<arg>Should Be True</arg>
<arg>${True}</arg>
<doc>Runs the given keyword with the given arguments, if ``condition`` is true.</doc>
<status status="PASS" start="2024-07-09T02:33:24.752423" elapsed="0.001070"/>
</kw>
<status status="PASS" start="2024-07-09T02:33:24.660775" elapsed="0.092851"/>
</kw>
<doc>Testa o conteúdo específico dos campos retornados pela API.</doc>
<tag>testeConteudo</tag>
<status status="PASS" start="2024-07-09T02:33:24.660254" elapsed="0.093523"/>
</test>
<status status="PASS" start="2024-07-09T02:33:23.738861" elapsed="1.016926"/>
</suite>
<status status="PASS" start="2024-07-09T02:33:23.724782" elapsed="1.036059"/>
</suite>
<statistics>
<total>
<stat pass="5" fail="0" skip="0">All Tests</stat>
</total>
<tag>
<stat pass="1" fail="0" skip="0">testeConteudo</stat>
<stat pass="1" fail="0" skip="0">testeEstruturaResposta</stat>
<stat pass="1" fail="0" skip="0">testeRequisicaoBasica</stat>
<stat pass="1" fail="0" skip="0">testeTiposDados</stat>
</tag>
<suite>
<stat pass="5" fail="0" skip="0" id="s1" name="Tests">Tests</stat>
<stat pass="5" fail="0" skip="0" id="s1-s1" name="Random-User-Test">Tests.Random-User-Test</stat>
</suite>
</statistics>
<errors>
</errors>
</robot>
