<?xml version="1.0" encoding="UTF-8"?>
<robot generator="Robot 7.0 (Python 3.12.2 on linux)" generated="2024-04-10T04:15:56.342387" rpa="false" schemaversion="5">
<suite id="s1" name="Tests" source="/home/runner/work/DesafioQAItauRogerioJordao/DesafioQAItauRogerioJordao/RamdonUser/tests">
<suite id="s1-s1" name="Random-User-Test" source="/home/runner/work/DesafioQAItauRogerioJordao/DesafioQAItauRogerioJordao/RamdonUser/tests/random-user-test.robot">
<test id="s1-s1-t1" name="Conectar" line="13">
<kw name="Conectar API" owner="random-user-service">
<kw name="Create Session" owner="RequestsLibrary">
<msg time="2024-04-10T04:15:56.703597" level="INFO">Creating Session using : alias=consultarAPI, url=https://randomuser.me/, headers={},                     cookies={}, auth=None, timeout=None, proxies=None, verify=False,                     debug=0 </msg>
<arg>consultarAPI</arg>
<arg>${URL}</arg>
<doc>Create Session: create a HTTP session to a server</doc>
<status status="PASS" start="2024-04-10T04:15:56.703395" elapsed="0.000369"/>
</kw>
<status status="PASS" start="2024-04-10T04:15:56.702354" elapsed="0.001761"/>
</kw>
<status status="PASS" start="2024-04-10T04:15:56.701826" elapsed="0.002492"/>
</test>
<test id="s1-s1-t2" name="Validar retorno 200 e JSON Válido" line="16">
<kw name="Teste de Requisicao Basica" owner="random-user-service">
<kw name="GET On Session" owner="RequestsLibrary">
<msg time="2024-04-10T04:15:56.939165" level="INFO">GET Request : url=https://randomuser.me/api 
 path_url=/api 
 headers={'User-Agent': 'python-requests/2.31.0', 'Accept-Encoding': 'gzip, deflate', 'Accept': '*/*', 'Connection': 'keep-alive'} 
 body=None 
 </msg>
<msg time="2024-04-10T04:15:56.939349" level="INFO">GET Response : url=https://randomuser.me/api 
 status=200, reason=OK 
 headers={'Date': 'Wed, 10 Apr 2024 04:15:56 GMT', 'Content-Type': 'application/json; charset=utf-8', 'Transfer-Encoding': 'chunked', 'Connection': 'keep-alive', 'X-Powered-By': 'Express', 'Access-Control-Allow-Origin': '*', 'Cache-Control': 'no-cache', 'ETag': 'W/"493-32s9sLP7aDhIwcTjf+VdsTRF5fc"', 'Vary': 'Accept-Encoding', 'Content-Encoding': 'gzip', 'CF-Cache-Status': 'DYNAMIC', 'Report-To': '{"endpoints":[{"url":"https:\\/\\/a.nel.cloudflare.com\\/report\\/v4?s=FzMFCrwRaQZh2t1KO0u%2B8brfWp3ebj0TefQJGa0qhYQSPlOpLBFOC1UtyCnYR8UsKcMvYkpUEuKnJO4XfSwvkEjNPKSefNwebVoqmVbyY13rYE4smIY5UeBB%2F5GBPTYY"}],"group":"cf-nel","max_age":604800}', 'NEL': '{"success_fraction":0,"report_to":"cf-nel","max_age":604800}', 'Server': 'cloudflare', 'CF-RAY': '871feb2c997a6187-ORD', 'alt-svc': 'h3=":443"; ma=86400'} 
 body={"results":[{"gender":"female","name":{"title":"Mrs","first":"Daniella","last":"Kausar"},"location":{"street":{"number":9799,"name":"Breidablikkveien"},"city":"Blomvåg","state":"Vestfold","country":"Norway","postcode":"4055","coordinates":{"latitude":"46.0292","longitude":"78.8594"},"timezone":{"offset":"+8:00","description":"Beijing, Perth, Singapore, Hong Kong"}},"email":"daniella.kausar@example.com","login":{"uuid":"366df10f-b903-4ee7-b699-de0f49596ec7","username":"organicswan931","password":"minnie","salt":"Jbm54E7z","md5":"404ea2d79a46e3477ff4b34d4ab40dcd","sha1":"e8850044f20e6e44d95b3f1e223b752743278c95","sha256":"084c94e3a3c12644958156a9573505e1d22a28f927fd1b0ee2652357fa955037"},"dob":{"date":"1945-06-15T01:49:17.578Z","age":78},"registered":{"date":"2021-08-22T01:25:42.758Z","age":2},"phone":"63549745","cell":"41071704","id":{"name":"FN","value":"15064549054"},"picture":{"large":"https://randomuser.me/api/portraits/women/26.jpg","medium":"https://randomuser.me/api/portraits/med/women/26.jpg","thumbnail":"https://randomuser.me/api/portraits/thumb/women/26.jpg"},"nat":"NO"}],"info":{"seed":"0e96e183fad124e8","results":1,"page":1,"version":"1.4"}} 
 </msg>
<msg time="2024-04-10T04:15:56.939437" level="INFO">/opt/hostedtoolcache/Python/3.12.2/x64/lib/python3.12/site-packages/urllib3/connectionpool.py:1103: InsecureRequestWarning: Unverified HTTPS request is being made to host 'randomuser.me'. Adding certificate verification is strongly advised. See: https://urllib3.readthedocs.io/en/latest/advanced-usage.html#tls-warnings
  warnings.warn(</msg>
<msg time="2024-04-10T04:15:56.939577" level="INFO">${response} = &lt;Response [200]&gt;</msg>
<var>${response}</var>
<arg>consultarAPI</arg>
<arg>/api</arg>
<doc>Sends a GET request on a previously created HTTP Session.</doc>
<status status="PASS" start="2024-04-10T04:15:56.706853" elapsed="0.232769"/>
</kw>
<kw name="Should Be Equal As Numbers" owner="BuiltIn">
<msg time="2024-04-10T04:15:56.940555" level="INFO">Argument types are:
&lt;class 'int'&gt;
&lt;class 'str'&gt;</msg>
<arg>${response.status_code}</arg>
<arg>200</arg>
<doc>Fails if objects are unequal after converting them to real numbers.</doc>
<status status="PASS" start="2024-04-10T04:15:56.940101" elapsed="0.000518"/>
</kw>
<kw name="Log" owner="BuiltIn">
<msg time="2024-04-10T04:15:56.941300" level="INFO">200</msg>
<arg>${response.status_code}</arg>
<doc>Logs the given message with the given level.</doc>
<status status="PASS" start="2024-04-10T04:15:56.940943" elapsed="0.000400"/>
</kw>
<kw name="Set Variable" owner="BuiltIn">
<msg time="2024-04-10T04:15:56.942120" level="INFO">${json_data} = {'results': [{'gender': 'female', 'name': {'title': 'Mrs', 'first': 'Daniella', 'last': 'Kausar'}, 'location': {'street': {'number': 9799, 'name': 'Breidablikkveien'}, 'city': 'Blomvåg', 'state': 'Ves...</msg>
<var>${json_data}</var>
<arg>${response.json()}</arg>
<doc>Returns the given values which can then be assigned to a variables.</doc>
<status status="PASS" start="2024-04-10T04:15:56.941676" elapsed="0.000474"/>
</kw>
<kw name="Dictionary Should Contain Key" owner="Collections">
<msg time="2024-04-10T04:15:56.942626" level="INFO">False</msg>
<arg>${json_data}</arg>
<arg>results</arg>
<doc>Fails if ``key`` is not found from ``dictionary``.</doc>
<status status="PASS" start="2024-04-10T04:15:56.942459" elapsed="0.000206"/>
</kw>
<status status="PASS" start="2024-04-10T04:15:56.706597" elapsed="0.236332"/>
</kw>
<doc>Testa se a API responde corretamente e retorna um objeto JSON válido.</doc>
<tag>testeRequisicaoBasica</tag>
<status status="PASS" start="2024-04-10T04:15:56.706142" elapsed="0.236972"/>
</test>
<test id="s1-s1-t3" name="Validar estrutura de resposta" line="22">
<kw name="Teste de Estrutura de Resposta" owner="random-user-service">
<kw name="GET On Session" owner="RequestsLibrary">
<msg time="2024-04-10T04:15:57.043348" level="INFO">GET Request : url=https://randomuser.me/api 
 path_url=/api 
 headers={'User-Agent': 'python-requests/2.31.0', 'Accept-Encoding': 'gzip, deflate', 'Accept': '*/*', 'Connection': 'keep-alive'} 
 body=None 
 </msg>
<msg time="2024-04-10T04:15:57.043431" level="INFO">GET Response : url=https://randomuser.me/api 
 status=200, reason=OK 
 headers={'Date': 'Wed, 10 Apr 2024 04:15:57 GMT', 'Content-Type': 'application/json; charset=utf-8', 'Transfer-Encoding': 'chunked', 'Connection': 'keep-alive', 'X-Powered-By': 'Express', 'Access-Control-Allow-Origin': '*', 'Cache-Control': 'no-cache', 'ETag': 'W/"48f-4+iyLKPmSBCSWtpqoYFgLequPRM"', 'Vary': 'Accept-Encoding', 'Content-Encoding': 'gzip', 'CF-Cache-Status': 'DYNAMIC', 'Report-To': '{"endpoints":[{"url":"https:\\/\\/a.nel.cloudflare.com\\/report\\/v4?s=fr%2FjssUATuGe4qDw3FCv11p1As%2FlpTXqCFM0efopHSlzwdQOTEl5h5GEObD99GJVWEQ0B8lbbGC6uj%2BgBXLTok6sj0q7AdhGX5T6Hw6J9zE8VkjDjLHX9It2un7xvy9l"}],"group":"cf-nel","max_age":604800}', 'NEL': '{"success_fraction":0,"report_to":"cf-nel","max_age":604800}', 'Server': 'cloudflare', 'CF-RAY': '871feb2ce9b46187-ORD', 'alt-svc': 'h3=":443"; ma=86400'} 
 body={"results":[{"gender":"female","name":{"title":"Ms","first":"Cathy","last":"Carroll"},"location":{"street":{"number":6072,"name":"Patrick Street"},"city":"Clane","state":"Galway","country":"Ireland","postcode":16556,"coordinates":{"latitude":"3.7355","longitude":"73.3267"},"timezone":{"offset":"+1:00","description":"Brussels, Copenhagen, Madrid, Paris"}},"email":"cathy.carroll@example.com","login":{"uuid":"32f79a44-1294-4acb-a6ad-d6c0bf2f66b4","username":"ticklishsnake454","password":"oicu812","salt":"jMqQVRQz","md5":"e3c76c122e0de091a72d33f5e888808c","sha1":"b1fef186c199427454906fb10b35a103f9075475","sha256":"db3ebd3396057ad619660f1e67a76c8e352895449d30042f05933ced1127ab1d"},"dob":{"date":"1990-04-03T02:34:08.205Z","age":34},"registered":{"date":"2002-07-22T03:53:44.289Z","age":21},"phone":"071-194-3737","cell":"081-038-1604","id":{"name":"PPS","value":"9582430T"},"picture":{"large":"https://randomuser.me/api/portraits/women/67.jpg","medium":"https://randomuser.me/api/portraits/med/women/67.jpg","thumbnail":"https://randomuser.me/api/portraits/thumb/women/67.jpg"},"nat":"IE"}],"info":{"seed":"689241f3dcc0bc4a","results":1,"page":1,"version":"1.4"}} 
 </msg>
<msg time="2024-04-10T04:15:57.043539" level="INFO">/opt/hostedtoolcache/Python/3.12.2/x64/lib/python3.12/site-packages/urllib3/connectionpool.py:1103: InsecureRequestWarning: Unverified HTTPS request is being made to host 'randomuser.me'. Adding certificate verification is strongly advised. See: https://urllib3.readthedocs.io/en/latest/advanced-usage.html#tls-warnings
  warnings.warn(</msg>
<msg time="2024-04-10T04:15:57.043649" level="INFO">${response} = &lt;Response [200]&gt;</msg>
<var>${response}</var>
<arg>consultarAPI</arg>
<arg>/api</arg>
<doc>Sends a GET request on a previously created HTTP Session.</doc>
<status status="PASS" start="2024-04-10T04:15:56.945873" elapsed="0.097819"/>
</kw>
<kw name="Set Variable" owner="BuiltIn">
<msg time="2024-04-10T04:15:57.044492" level="INFO">${json_data} = {'results': [{'gender': 'female', 'name': {'title': 'Ms', 'first': 'Cathy', 'last': 'Carroll'}, 'location': {'street': {'number': 6072, 'name': 'Patrick Street'}, 'city': 'Clane', 'state': 'Galway', '...</msg>
<var>${json_data}</var>
<arg>${response.json()}</arg>
<doc>Returns the given values which can then be assigned to a variables.</doc>
<status status="PASS" start="2024-04-10T04:15:57.044047" elapsed="0.000473"/>
</kw>
<kw name="Log" owner="BuiltIn">
<msg time="2024-04-10T04:15:57.044981" level="INFO">{'results': [{'gender': 'female', 'name': {'title': 'Ms', 'first': 'Cathy', 'last': 'Carroll'}, 'location': {'street': {'number': 6072, 'name': 'Patrick Street'}, 'city': 'Clane', 'state': 'Galway', 'country': 'Ireland', 'postcode': 16556, 'coordinates': {'latitude': '3.7355', 'longitude': '73.3267'}, 'timezone': {'offset': '+1:00', 'description': 'Brussels, Copenhagen, Madrid, Paris'}}, 'email': 'cathy.carroll@example.com', 'login': {'uuid': '32f79a44-1294-4acb-a6ad-d6c0bf2f66b4', 'username': 'ticklishsnake454', 'password': 'oicu812', 'salt': 'jMqQVRQz', 'md5': 'e3c76c122e0de091a72d33f5e888808c', 'sha1': 'b1fef186c199427454906fb10b35a103f9075475', 'sha256': 'db3ebd3396057ad619660f1e67a76c8e352895449d30042f05933ced1127ab1d'}, 'dob': {'date': '1990-04-03T02:34:08.205Z', 'age': 34}, 'registered': {'date': '2002-07-22T03:53:44.289Z', 'age': 21}, 'phone': '071-194-3737', 'cell': '081-038-1604', 'id': {'name': 'PPS', 'value': '9582430T'}, 'picture': {'large': 'https://randomuser.me/api/portraits/women/67.jpg', 'medium': 'https://randomuser.me/api/portraits/med/women/67.jpg', 'thumbnail': 'https://randomuser.me/api/portraits/thumb/women/67.jpg'}, 'nat': 'IE'}], 'info': {'seed': '689241f3dcc0bc4a', 'results': 1, 'page': 1, 'version': '1.4'}}</msg>
<arg>${json_data}</arg>
<doc>Logs the given message with the given level.</doc>
<status status="PASS" start="2024-04-10T04:15:57.044825" elapsed="0.000202"/>
</kw>
<kw name="Dictionary Should Contain Key" owner="Collections">
<msg time="2024-04-10T04:15:57.045468" level="INFO">False</msg>
<arg>${json_data}</arg>
<arg>results</arg>
<doc>Fails if ``key`` is not found from ``dictionary``.</doc>
<status status="PASS" start="2024-04-10T04:15:57.045319" elapsed="0.000186"/>
</kw>
<kw name="Should Not Be Empty" owner="BuiltIn">
<msg time="2024-04-10T04:15:57.045932" level="INFO">Length is 2.</msg>
<arg>${json_data}</arg>
<doc>Verifies that the given item is not empty.</doc>
<status status="PASS" start="2024-04-10T04:15:57.045795" elapsed="0.000175"/>
</kw>
<kw name="Create List" owner="BuiltIn">
<msg time="2024-04-10T04:15:57.046403" level="INFO">${expected_keys} = ['gender', 'name', 'location', 'email', 'login']</msg>
<var>${expected_keys}</var>
<arg>gender</arg>
<arg>name</arg>
<arg>location</arg>
<arg>email</arg>
<arg>login</arg>
<doc>Returns a list containing given items.</doc>
<status status="PASS" start="2024-04-10T04:15:57.046258" elapsed="0.000169"/>
</kw>
<for flavor="IN">
<iter>
<kw name="Dictionary Should Contain Key" owner="Collections">
<msg time="2024-04-10T04:15:57.047427" level="INFO">False</msg>
<arg>${json_data['results'][0]}</arg>
<arg>${key}</arg>
<doc>Fails if ``key`` is not found from ``dictionary``.</doc>
<status status="PASS" start="2024-04-10T04:15:57.046991" elapsed="0.000477"/>
</kw>
<kw name="Log" owner="BuiltIn">
<msg time="2024-04-10T04:15:57.048138" level="INFO">{'gender': 'female', 'name': {'title': 'Ms', 'first': 'Cathy', 'last': 'Carroll'}, 'location': {'street': {'number': 6072, 'name': 'Patrick Street'}, 'city': 'Clane', 'state': 'Galway', 'country': 'Ireland', 'postcode': 16556, 'coordinates': {'latitude': '3.7355', 'longitude': '73.3267'}, 'timezone': {'offset': '+1:00', 'description': 'Brussels, Copenhagen, Madrid, Paris'}}, 'email': 'cathy.carroll@example.com', 'login': {'uuid': '32f79a44-1294-4acb-a6ad-d6c0bf2f66b4', 'username': 'ticklishsnake454', 'password': 'oicu812', 'salt': 'jMqQVRQz', 'md5': 'e3c76c122e0de091a72d33f5e888808c', 'sha1': 'b1fef186c199427454906fb10b35a103f9075475', 'sha256': 'db3ebd3396057ad619660f1e67a76c8e352895449d30042f05933ced1127ab1d'}, 'dob': {'date': '1990-04-03T02:34:08.205Z', 'age': 34}, 'registered': {'date': '2002-07-22T03:53:44.289Z', 'age': 21}, 'phone': '071-194-3737', 'cell': '081-038-1604', 'id': {'name': 'PPS', 'value': '9582430T'}, 'picture': {'large': 'https://randomuser.me/api/portraits/women/67.jpg', 'medium': 'https://randomuser.me/api/portraits/med/women/67.jpg', 'thumbnail': 'https://randomuser.me/api/portraits/thumb/women/67.jpg'}, 'nat': 'IE'}</msg>
<arg>${json_data['results'][0]}</arg>
<doc>Logs the given message with the given level.</doc>
<status status="PASS" start="2024-04-10T04:15:57.047777" elapsed="0.000415"/>
</kw>
<kw name="Log" owner="BuiltIn">
<msg time="2024-04-10T04:15:57.048618" level="INFO">gender</msg>
<arg>${key}</arg>
<doc>Logs the given message with the given level.</doc>
<status status="PASS" start="2024-04-10T04:15:57.048491" elapsed="0.000164"/>
</kw>
<var name="${key}">gender</var>
<status status="PASS" start="2024-04-10T04:15:57.046860" elapsed="0.002014"/>
</iter>
<iter>
<kw name="Dictionary Should Contain Key" owner="Collections">
<msg time="2024-04-10T04:15:57.049553" level="INFO">False</msg>
<arg>${json_data['results'][0]}</arg>
<arg>${key}</arg>
<doc>Fails if ``key`` is not found from ``dictionary``.</doc>
<status status="PASS" start="2024-04-10T04:15:57.049172" elapsed="0.000418"/>
</kw>
<kw name="Log" owner="BuiltIn">
<msg time="2024-04-10T04:15:57.050265" level="INFO">{'gender': 'female', 'name': {'title': 'Ms', 'first': 'Cathy', 'last': 'Carroll'}, 'location': {'street': {'number': 6072, 'name': 'Patrick Street'}, 'city': 'Clane', 'state': 'Galway', 'country': 'Ireland', 'postcode': 16556, 'coordinates': {'latitude': '3.7355', 'longitude': '73.3267'}, 'timezone': {'offset': '+1:00', 'description': 'Brussels, Copenhagen, Madrid, Paris'}}, 'email': 'cathy.carroll@example.com', 'login': {'uuid': '32f79a44-1294-4acb-a6ad-d6c0bf2f66b4', 'username': 'ticklishsnake454', 'password': 'oicu812', 'salt': 'jMqQVRQz', 'md5': 'e3c76c122e0de091a72d33f5e888808c', 'sha1': 'b1fef186c199427454906fb10b35a103f9075475', 'sha256': 'db3ebd3396057ad619660f1e67a76c8e352895449d30042f05933ced1127ab1d'}, 'dob': {'date': '1990-04-03T02:34:08.205Z', 'age': 34}, 'registered': {'date': '2002-07-22T03:53:44.289Z', 'age': 21}, 'phone': '071-194-3737', 'cell': '081-038-1604', 'id': {'name': 'PPS', 'value': '9582430T'}, 'picture': {'large': 'https://randomuser.me/api/portraits/women/67.jpg', 'medium': 'https://randomuser.me/api/portraits/med/women/67.jpg', 'thumbnail': 'https://randomuser.me/api/portraits/thumb/women/67.jpg'}, 'nat': 'IE'}</msg>
<arg>${json_data['results'][0]}</arg>
<doc>Logs the given message with the given level.</doc>
<status status="PASS" start="2024-04-10T04:15:57.049910" elapsed="0.000402"/>
</kw>
<kw name="Log" owner="BuiltIn">
<msg time="2024-04-10T04:15:57.050735" level="INFO">name</msg>
<arg>${key}</arg>
<doc>Logs the given message with the given level.</doc>
<status status="PASS" start="2024-04-10T04:15:57.050610" elapsed="0.000162"/>
</kw>
<var name="${key}">name</var>
<status status="PASS" start="2024-04-10T04:15:57.049057" elapsed="0.001929"/>
</iter>
<iter>
<kw name="Dictionary Should Contain Key" owner="Collections">
<msg time="2024-04-10T04:15:57.051674" level="INFO">False</msg>
<arg>${json_data['results'][0]}</arg>
<arg>${key}</arg>
<doc>Fails if ``key`` is not found from ``dictionary``.</doc>
<status status="PASS" start="2024-04-10T04:15:57.051299" elapsed="0.000413"/>
</kw>
<kw name="Log" owner="BuiltIn">
<msg time="2024-04-10T04:15:57.052368" level="INFO">{'gender': 'female', 'name': {'title': 'Ms', 'first': 'Cathy', 'last': 'Carroll'}, 'location': {'street': {'number': 6072, 'name': 'Patrick Street'}, 'city': 'Clane', 'state': 'Galway', 'country': 'Ireland', 'postcode': 16556, 'coordinates': {'latitude': '3.7355', 'longitude': '73.3267'}, 'timezone': {'offset': '+1:00', 'description': 'Brussels, Copenhagen, Madrid, Paris'}}, 'email': 'cathy.carroll@example.com', 'login': {'uuid': '32f79a44-1294-4acb-a6ad-d6c0bf2f66b4', 'username': 'ticklishsnake454', 'password': 'oicu812', 'salt': 'jMqQVRQz', 'md5': 'e3c76c122e0de091a72d33f5e888808c', 'sha1': 'b1fef186c199427454906fb10b35a103f9075475', 'sha256': 'db3ebd3396057ad619660f1e67a76c8e352895449d30042f05933ced1127ab1d'}, 'dob': {'date': '1990-04-03T02:34:08.205Z', 'age': 34}, 'registered': {'date': '2002-07-22T03:53:44.289Z', 'age': 21}, 'phone': '071-194-3737', 'cell': '081-038-1604', 'id': {'name': 'PPS', 'value': '9582430T'}, 'picture': {'large': 'https://randomuser.me/api/portraits/women/67.jpg', 'medium': 'https://randomuser.me/api/portraits/med/women/67.jpg', 'thumbnail': 'https://randomuser.me/api/portraits/thumb/women/67.jpg'}, 'nat': 'IE'}</msg>
<arg>${json_data['results'][0]}</arg>
<doc>Logs the given message with the given level.</doc>
<status status="PASS" start="2024-04-10T04:15:57.052011" elapsed="0.000408"/>
</kw>
<kw name="Log" owner="BuiltIn">
<msg time="2024-04-10T04:15:57.052833" level="INFO">location</msg>
<arg>${key}</arg>
<doc>Logs the given message with the given level.</doc>
<status status="PASS" start="2024-04-10T04:15:57.052711" elapsed="0.000159"/>
</kw>
<var name="${key}">location</var>
<status status="PASS" start="2024-04-10T04:15:57.051164" elapsed="0.001915"/>
</iter>
<iter>
<kw name="Dictionary Should Contain Key" owner="Collections">
<msg time="2024-04-10T04:15:57.053742" level="INFO">False</msg>
<arg>${json_data['results'][0]}</arg>
<arg>${key}</arg>
<doc>Fails if ``key`` is not found from ``dictionary``.</doc>
<status status="PASS" start="2024-04-10T04:15:57.053363" elapsed="0.000415"/>
</kw>
<kw name="Log" owner="BuiltIn">
<msg time="2024-04-10T04:15:57.054431" level="INFO">{'gender': 'female', 'name': {'title': 'Ms', 'first': 'Cathy', 'last': 'Carroll'}, 'location': {'street': {'number': 6072, 'name': 'Patrick Street'}, 'city': 'Clane', 'state': 'Galway', 'country': 'Ireland', 'postcode': 16556, 'coordinates': {'latitude': '3.7355', 'longitude': '73.3267'}, 'timezone': {'offset': '+1:00', 'description': 'Brussels, Copenhagen, Madrid, Paris'}}, 'email': 'cathy.carroll@example.com', 'login': {'uuid': '32f79a44-1294-4acb-a6ad-d6c0bf2f66b4', 'username': 'ticklishsnake454', 'password': 'oicu812', 'salt': 'jMqQVRQz', 'md5': 'e3c76c122e0de091a72d33f5e888808c', 'sha1': 'b1fef186c199427454906fb10b35a103f9075475', 'sha256': 'db3ebd3396057ad619660f1e67a76c8e352895449d30042f05933ced1127ab1d'}, 'dob': {'date': '1990-04-03T02:34:08.205Z', 'age': 34}, 'registered': {'date': '2002-07-22T03:53:44.289Z', 'age': 21}, 'phone': '071-194-3737', 'cell': '081-038-1604', 'id': {'name': 'PPS', 'value': '9582430T'}, 'picture': {'large': 'https://randomuser.me/api/portraits/women/67.jpg', 'medium': 'https://randomuser.me/api/portraits/med/women/67.jpg', 'thumbnail': 'https://randomuser.me/api/portraits/thumb/women/67.jpg'}, 'nat': 'IE'}</msg>
<arg>${json_data['results'][0]}</arg>
<doc>Logs the given message with the given level.</doc>
<status status="PASS" start="2024-04-10T04:15:57.054082" elapsed="0.000395"/>
</kw>
<kw name="Log" owner="BuiltIn">
<msg time="2024-04-10T04:15:57.054893" level="INFO">email</msg>
<arg>${key}</arg>
<doc>Logs the given message with the given level.</doc>
<status status="PASS" start="2024-04-10T04:15:57.054767" elapsed="0.000162"/>
</kw>
<var name="${key}">email</var>
<status status="PASS" start="2024-04-10T04:15:57.053252" elapsed="0.001886"/>
</iter>
<iter>
<kw name="Dictionary Should Contain Key" owner="Collections">
<msg time="2024-04-10T04:15:57.055848" level="INFO">False</msg>
<arg>${json_data['results'][0]}</arg>
<arg>${key}</arg>
<doc>Fails if ``key`` is not found from ``dictionary``.</doc>
<status status="PASS" start="2024-04-10T04:15:57.055463" elapsed="0.000431"/>
</kw>
<kw name="Log" owner="BuiltIn">
<msg time="2024-04-10T04:15:57.056567" level="INFO">{'gender': 'female', 'name': {'title': 'Ms', 'first': 'Cathy', 'last': 'Carroll'}, 'location': {'street': {'number': 6072, 'name': 'Patrick Street'}, 'city': 'Clane', 'state': 'Galway', 'country': 'Ireland', 'postcode': 16556, 'coordinates': {'latitude': '3.7355', 'longitude': '73.3267'}, 'timezone': {'offset': '+1:00', 'description': 'Brussels, Copenhagen, Madrid, Paris'}}, 'email': 'cathy.carroll@example.com', 'login': {'uuid': '32f79a44-1294-4acb-a6ad-d6c0bf2f66b4', 'username': 'ticklishsnake454', 'password': 'oicu812', 'salt': 'jMqQVRQz', 'md5': 'e3c76c122e0de091a72d33f5e888808c', 'sha1': 'b1fef186c199427454906fb10b35a103f9075475', 'sha256': 'db3ebd3396057ad619660f1e67a76c8e352895449d30042f05933ced1127ab1d'}, 'dob': {'date': '1990-04-03T02:34:08.205Z', 'age': 34}, 'registered': {'date': '2002-07-22T03:53:44.289Z', 'age': 21}, 'phone': '071-194-3737', 'cell': '081-038-1604', 'id': {'name': 'PPS', 'value': '9582430T'}, 'picture': {'large': 'https://randomuser.me/api/portraits/women/67.jpg', 'medium': 'https://randomuser.me/api/portraits/med/women/67.jpg', 'thumbnail': 'https://randomuser.me/api/portraits/thumb/women/67.jpg'}, 'nat': 'IE'}</msg>
<arg>${json_data['results'][0]}</arg>
<doc>Logs the given message with the given level.</doc>
<status status="PASS" start="2024-04-10T04:15:57.056210" elapsed="0.000403"/>
</kw>
<kw name="Log" owner="BuiltIn">
<msg time="2024-04-10T04:15:57.057025" level="INFO">login</msg>
<arg>${key}</arg>
<doc>Logs the given message with the given level.</doc>
<status status="PASS" start="2024-04-10T04:15:57.056901" elapsed="0.000166"/>
</kw>
<var name="${key}">login</var>
<status status="PASS" start="2024-04-10T04:15:57.055350" elapsed="0.001975"/>
</iter>
<var>${key}</var>
<value>@{expected_keys}</value>
<status status="PASS" start="2024-04-10T04:15:57.046678" elapsed="0.010772"/>
</for>
<kw name="Create List" owner="BuiltIn">
<msg time="2024-04-10T04:15:57.057775" level="INFO">${expected_keysTwo} = ['username', 'password']</msg>
<var>${expected_keysTwo}</var>
<arg>username</arg>
<arg>password</arg>
<doc>Returns a list containing given items.</doc>
<status status="PASS" start="2024-04-10T04:15:57.057639" elapsed="0.000159"/>
</kw>
<for flavor="IN">
<iter>
<kw name="Dictionary Should Contain Key" owner="Collections">
<msg time="2024-04-10T04:15:57.058787" level="INFO">False</msg>
<arg>${json_data['results'][0]['login']}</arg>
<arg>${keyTwo}</arg>
<doc>Fails if ``key`` is not found from ``dictionary``.</doc>
<status status="PASS" start="2024-04-10T04:15:57.058401" elapsed="0.000423"/>
</kw>
<kw name="Dictionary Should Contain Key" owner="Collections">
<msg time="2024-04-10T04:15:57.059518" level="INFO">False</msg>
<arg>${json_data['results'][0]['login']}</arg>
<arg>${keyTwo}</arg>
<doc>Fails if ``key`` is not found from ``dictionary``.</doc>
<status status="PASS" start="2024-04-10T04:15:57.059121" elapsed="0.000435"/>
</kw>
<kw name="Log" owner="BuiltIn">
<msg time="2024-04-10T04:15:57.059974" level="INFO">username</msg>
<arg>${keyTwo}</arg>
<doc>Logs the given message with the given level.</doc>
<status status="PASS" start="2024-04-10T04:15:57.059849" elapsed="0.000162"/>
</kw>
<var name="${keyTwo}">username</var>
<status status="PASS" start="2024-04-10T04:15:57.058285" elapsed="0.001937"/>
</iter>
<iter>
<kw name="Dictionary Should Contain Key" owner="Collections">
<msg time="2024-04-10T04:15:57.060876" level="INFO">False</msg>
<arg>${json_data['results'][0]['login']}</arg>
<arg>${keyTwo}</arg>
<doc>Fails if ``key`` is not found from ``dictionary``.</doc>
<status status="PASS" start="2024-04-10T04:15:57.060500" elapsed="0.000413"/>
</kw>
<kw name="Dictionary Should Contain Key" owner="Collections">
<msg time="2024-04-10T04:15:57.061595" level="INFO">False</msg>
<arg>${json_data['results'][0]['login']}</arg>
<arg>${keyTwo}</arg>
<doc>Fails if ``key`` is not found from ``dictionary``.</doc>
<status status="PASS" start="2024-04-10T04:15:57.061214" elapsed="0.000417"/>
</kw>
<kw name="Log" owner="BuiltIn">
<msg time="2024-04-10T04:15:57.062041" level="INFO">password</msg>
<arg>${keyTwo}</arg>
<doc>Logs the given message with the given level.</doc>
<status status="PASS" start="2024-04-10T04:15:57.061918" elapsed="0.000161"/>
</kw>
<var name="${keyTwo}">password</var>
<status status="PASS" start="2024-04-10T04:15:57.060391" elapsed="0.001901"/>
</iter>
<var>${keyTwo}</var>
<value>@{expected_keysTwo}</value>
<status status="PASS" start="2024-04-10T04:15:57.058034" elapsed="0.004379"/>
</for>
<status status="PASS" start="2024-04-10T04:15:56.945638" elapsed="0.116929"/>
</kw>
<doc>Testa a estrutura da resposta da API.</doc>
<tag>testeEstruturaResposta</tag>
<status status="PASS" start="2024-04-10T04:15:56.945004" elapsed="0.117730"/>
</test>
<test id="s1-s1-t4" name="Validar tipos de dados" line="28">
<kw name="Teste de Tipos de Dados" owner="random-user-service">
<kw name="GET On Session" owner="RequestsLibrary">
<msg time="2024-04-10T04:15:57.137194" level="INFO">GET Request : url=https://randomuser.me/api 
 path_url=/api 
 headers={'User-Agent': 'python-requests/2.31.0', 'Accept-Encoding': 'gzip, deflate', 'Accept': '*/*', 'Connection': 'keep-alive'} 
 body=None 
 </msg>
<msg time="2024-04-10T04:15:57.137269" level="INFO">GET Response : url=https://randomuser.me/api 
 status=200, reason=OK 
 headers={'Date': 'Wed, 10 Apr 2024 04:15:57 GMT', 'Content-Type': 'application/json; charset=utf-8', 'Transfer-Encoding': 'chunked', 'Connection': 'keep-alive', 'X-Powered-By': 'Express', 'Access-Control-Allow-Origin': '*', 'Cache-Control': 'no-cache', 'ETag': 'W/"489-gxGK0d1OecH1TB4m5gp617Doi3g"', 'Vary': 'Accept-Encoding', 'Content-Encoding': 'gzip', 'CF-Cache-Status': 'DYNAMIC', 'Report-To': '{"endpoints":[{"url":"https:\\/\\/a.nel.cloudflare.com\\/report\\/v4?s=OqFxxsaXk3MbCPfNO2OBao1F430d1ULR4SP2UkiLSJ6TViWUdih1EAChbusYgKJ82T4T91sAkpwtTKlpVpV9eBOTSWNEVHajX7hoNadbnAMdv2S%2BHS2rq%2FLNLdPLQ1Ey"}],"group":"cf-nel","max_age":604800}', 'NEL': '{"success_fraction":0,"report_to":"cf-nel","max_age":604800}', 'Server': 'cloudflare', 'CF-RAY': '871feb2daa6c6187-ORD', 'alt-svc': 'h3=":443"; ma=86400'} 
 body={"results":[{"gender":"female","name":{"title":"Miss","first":"Alice","last":"Chan"},"location":{"street":{"number":2952,"name":"9th St"},"city":"Campbellton","state":"New Brunswick","country":"Canada","postcode":"U0A 3X0","coordinates":{"latitude":"-67.5412","longitude":"46.5199"},"timezone":{"offset":"-8:00","description":"Pacific Time (US &amp; Canada)"}},"email":"alice.chan@example.com","login":{"uuid":"12124114-d249-47a4-8a56-bc057c16d5b1","username":"happypanda806","password":"fdm7ed","salt":"kpLENtXN","md5":"102a4360e97170144b68d46056026922","sha1":"1994460c41ff7cbc5e95303eb8b9ec2855096495","sha256":"ad19676feebaaf587cff52c8ae9f327fc57cba12847c7b940bda9b8f37677949"},"dob":{"date":"1947-08-04T08:37:11.931Z","age":76},"registered":{"date":"2009-09-07T10:55:19.799Z","age":14},"phone":"U14 V37-0782","cell":"R48 D55-0983","id":{"name":"SIN","value":"897833208"},"picture":{"large":"https://randomuser.me/api/portraits/women/43.jpg","medium":"https://randomuser.me/api/portraits/med/women/43.jpg","thumbnail":"https://randomuser.me/api/portraits/thumb/women/43.jpg"},"nat":"CA"}],"info":{"seed":"ed8095d011caa990","results":1,"page":1,"version":"1.4"}} 
 </msg>
<msg time="2024-04-10T04:15:57.137344" level="INFO">/opt/hostedtoolcache/Python/3.12.2/x64/lib/python3.12/site-packages/urllib3/connectionpool.py:1103: InsecureRequestWarning: Unverified HTTPS request is being made to host 'randomuser.me'. Adding certificate verification is strongly advised. See: https://urllib3.readthedocs.io/en/latest/advanced-usage.html#tls-warnings
  warnings.warn(</msg>
<msg time="2024-04-10T04:15:57.137468" level="INFO">${response} = &lt;Response [200]&gt;</msg>
<var>${response}</var>
<arg>consultarAPI</arg>
<arg>/api</arg>
<doc>Sends a GET request on a previously created HTTP Session.</doc>
<status status="PASS" start="2024-04-10T04:15:57.065263" elapsed="0.072255"/>
</kw>
<kw name="Set Variable" owner="BuiltIn">
<msg time="2024-04-10T04:15:57.138306" level="INFO">${json_data} = {'results': [{'gender': 'female', 'name': {'title': 'Miss', 'first': 'Alice', 'last': 'Chan'}, 'location': {'street': {'number': 2952, 'name': '9th St'}, 'city': 'Campbellton', 'state': 'New Brunswick...</msg>
<var>${json_data}</var>
<arg>${response.json()}</arg>
<doc>Returns the given values which can then be assigned to a variables.</doc>
<status status="PASS" start="2024-04-10T04:15:57.137875" elapsed="0.000459"/>
</kw>
<kw name="Log" owner="BuiltIn">
<msg time="2024-04-10T04:15:57.138788" level="INFO">{'results': [{'gender': 'female', 'name': {'title': 'Miss', 'first': 'Alice', 'last': 'Chan'}, 'location': {'street': {'number': 2952, 'name': '9th St'}, 'city': 'Campbellton', 'state': 'New Brunswick', 'country': 'Canada', 'postcode': 'U0A 3X0', 'coordinates': {'latitude': '-67.5412', 'longitude': '46.5199'}, 'timezone': {'offset': '-8:00', 'description': 'Pacific Time (US &amp; Canada)'}}, 'email': 'alice.chan@example.com', 'login': {'uuid': '12124114-d249-47a4-8a56-bc057c16d5b1', 'username': 'happypanda806', 'password': 'fdm7ed', 'salt': 'kpLENtXN', 'md5': '102a4360e97170144b68d46056026922', 'sha1': '1994460c41ff7cbc5e95303eb8b9ec2855096495', 'sha256': 'ad19676feebaaf587cff52c8ae9f327fc57cba12847c7b940bda9b8f37677949'}, 'dob': {'date': '1947-08-04T08:37:11.931Z', 'age': 76}, 'registered': {'date': '2009-09-07T10:55:19.799Z', 'age': 14}, 'phone': 'U14 V37-0782', 'cell': 'R48 D55-0983', 'id': {'name': 'SIN', 'value': '897833208'}, 'picture': {'large': 'https://randomuser.me/api/portraits/women/43.jpg', 'medium': 'https://randomuser.me/api/portraits/med/women/43.jpg', 'thumbnail': 'https://randomuser.me/api/portraits/thumb/women/43.jpg'}, 'nat': 'CA'}], 'info': {'seed': 'ed8095d011caa990', 'results': 1, 'page': 1, 'version': '1.4'}}</msg>
<arg>${json_data}</arg>
<doc>Logs the given message with the given level.</doc>
<status status="PASS" start="2024-04-10T04:15:57.138637" elapsed="0.000230"/>
</kw>
<kw name="Should Be String" owner="String">
<arg>${json_data['results'][0]['gender']}</arg>
<doc>Fails if the given ``item`` is not a string.</doc>
<status status="PASS" start="2024-04-10T04:15:57.139163" elapsed="0.000395"/>
</kw>
<kw name="Should Match Regexp" owner="BuiltIn">
<arg>${json_data['results'][0]['email']}</arg>
<arg>^[a-zA-Z0-9._%+-]+@[a-zA-Z0-9.-]+\.[a-zA-Z]{2,}$</arg>
<doc>Fails if ``string`` does not match ``pattern`` as a regular expression.</doc>
<status status="PASS" start="2024-04-10T04:15:57.139750" elapsed="0.000506"/>
</kw>
<kw name="Should Match Regexp" owner="BuiltIn">
<arg>${json_data['results'][0]['dob']['date']}</arg>
<arg>\\d{4}-\\d{2}-\\d{2}T\\d{2}:\\d{2}:\\d{2}\\.\\d{3}Z</arg>
<doc>Fails if ``string`` does not match ``pattern`` as a regular expression.</doc>
<status status="PASS" start="2024-04-10T04:15:57.140449" elapsed="0.000492"/>
</kw>
<kw name="Should Match Regexp" owner="BuiltIn">
<arg>${json_data['results'][0]['registered']['date']}</arg>
<arg>\\d{4}-\\d{2}-\\d{2}T\\d{2}:\\d{2}:\\d{2}\\.\\d{3}Z</arg>
<doc>Fails if ``string`` does not match ``pattern`` as a regular expression.</doc>
<status status="PASS" start="2024-04-10T04:15:57.141138" elapsed="0.000370"/>
</kw>
<kw name="Should Match Regexp" owner="BuiltIn">
<arg>${json_data['results'][0]['picture']['large']}</arg>
<arg>^https?://.*\.(?:png|jpe?g|gif|bmp)$</arg>
<doc>Fails if ``string`` does not match ``pattern`` as a regular expression.</doc>
<status status="PASS" start="2024-04-10T04:15:57.141695" elapsed="0.000451"/>
</kw>
<kw name="Should Match Regexp" owner="BuiltIn">
<arg>${json_data['results'][0]['picture']['medium']}</arg>
<arg>^https?://.*\.(?:png|jpe?g|gif|bmp)$</arg>
<doc>Fails if ``string`` does not match ``pattern`` as a regular expression.</doc>
<status status="PASS" start="2024-04-10T04:15:57.142334" elapsed="0.000355"/>
</kw>
<kw name="Should Match Regexp" owner="BuiltIn">
<arg>${json_data['results'][0]['picture']['thumbnail']}</arg>
<arg>^https?://.*\.(?:png|jpe?g|gif|bmp)$</arg>
<doc>Fails if ``string`` does not match ``pattern`` as a regular expression.</doc>
<status status="PASS" start="2024-04-10T04:15:57.142873" elapsed="0.000378"/>
</kw>
<kw name="Log" owner="BuiltIn">
<msg time="2024-04-10T04:15:57.143761" level="INFO">{'large': 'https://randomuser.me/api/portraits/women/43.jpg', 'medium': 'https://randomuser.me/api/portraits/med/women/43.jpg', 'thumbnail': 'https://randomuser.me/api/portraits/thumb/women/43.jpg'}</msg>
<arg>${json_data['results'][0]['picture']}</arg>
<doc>Logs the given message with the given level.</doc>
<status status="PASS" start="2024-04-10T04:15:57.143434" elapsed="0.000368"/>
</kw>
<status status="PASS" start="2024-04-10T04:15:57.065039" elapsed="0.079025"/>
</kw>
<kw name="Teste de Tipos de Dados - Postcode" owner="random-user-service">
<kw name="GET On Session" owner="RequestsLibrary">
<msg time="2024-04-10T04:15:57.245454" level="INFO">GET Request : url=https://randomuser.me/api 
 path_url=/api 
 headers={'User-Agent': 'python-requests/2.31.0', 'Accept-Encoding': 'gzip, deflate', 'Accept': '*/*', 'Connection': 'keep-alive'} 
 body=None 
 </msg>
<msg time="2024-04-10T04:15:57.245530" level="INFO">GET Response : url=https://randomuser.me/api 
 status=200, reason=OK 
 headers={'Date': 'Wed, 10 Apr 2024 04:15:57 GMT', 'Content-Type': 'application/json; charset=utf-8', 'Transfer-Encoding': 'chunked', 'Connection': 'keep-alive', 'X-Powered-By': 'Express', 'Access-Control-Allow-Origin': '*', 'Cache-Control': 'no-cache', 'ETag': 'W/"49b-v9qnhgCuZ+5xP/G0QuYeDyDQv7g"', 'Vary': 'Accept-Encoding', 'Content-Encoding': 'gzip', 'CF-Cache-Status': 'DYNAMIC', 'Report-To': '{"endpoints":[{"url":"https:\\/\\/a.nel.cloudflare.com\\/report\\/v4?s=BfggPU%2FLDpvDIP66awYsjTWEIOe5nxniuAwwdJ6blcsuD5k8IK0eE4J2DSZ1nuTxOt%2F%2BMI3PuvqTq9zWcecxnZ66UWZJat8zql22tNFowZRX63mvR80JjiZATPbC%2F2Sy"}],"group":"cf-nel","max_age":604800}', 'NEL': '{"success_fraction":0,"report_to":"cf-nel","max_age":604800}', 'Server': 'cloudflare', 'CF-RAY': '871feb2e2afa6187-ORD', 'alt-svc': 'h3=":443"; ma=86400'} 
 body={"results":[{"gender":"male","name":{"title":"Mr","first":"Aatu","last":"Wirkkala"},"location":{"street":{"number":1272,"name":"Mannerheimintie"},"city":"Parikkala","state":"Kainuu","country":"Finland","postcode":12288,"coordinates":{"latitude":"-27.3977","longitude":"-157.9793"},"timezone":{"offset":"+3:00","description":"Baghdad, Riyadh, Moscow, St. Petersburg"}},"email":"aatu.wirkkala@example.com","login":{"uuid":"0f826930-041f-4bb1-8e04-9f5a2ef68ba0","username":"angryelephant607","password":"talon","salt":"cqg7QRgI","md5":"82be705328db05d04a2d0bb920f19784","sha1":"b6fc6f6c8a0a1e75a196232456cfdc237295d0e2","sha256":"1eba0499b16acda9996e526cd737c9de7fda2cea6ae73de5ed86191d698e9dfe"},"dob":{"date":"2000-11-19T03:39:01.360Z","age":23},"registered":{"date":"2009-02-21T03:10:14.678Z","age":15},"phone":"03-893-576","cell":"040-542-91-60","id":{"name":"HETU","value":"NaNNA633undefined"},"picture":{"large":"https://randomuser.me/api/portraits/men/64.jpg","medium":"https://randomuser.me/api/portraits/med/men/64.jpg","thumbnail":"https://randomuser.me/api/portraits/thumb/men/64.jpg"},"nat":"FI"}],"info":{"seed":"b9de40449059070b","results":1,"page":1,"version":"1.4"}} 
 </msg>
<msg time="2024-04-10T04:15:57.245609" level="INFO">/opt/hostedtoolcache/Python/3.12.2/x64/lib/python3.12/site-packages/urllib3/connectionpool.py:1103: InsecureRequestWarning: Unverified HTTPS request is being made to host 'randomuser.me'. Adding certificate verification is strongly advised. See: https://urllib3.readthedocs.io/en/latest/advanced-usage.html#tls-warnings
  warnings.warn(</msg>
<msg time="2024-04-10T04:15:57.245740" level="INFO">${response} = &lt;Response [200]&gt;</msg>
<var>${response}</var>
<arg>consultarAPI</arg>
<arg>/api</arg>
<doc>Sends a GET request on a previously created HTTP Session.</doc>
<status status="PASS" start="2024-04-10T04:15:57.144502" elapsed="0.101295"/>
</kw>
<kw name="Set Variable" owner="BuiltIn">
<msg time="2024-04-10T04:15:57.246612" level="INFO">${json_data} = {'results': [{'gender': 'male', 'name': {'title': 'Mr', 'first': 'Aatu', 'last': 'Wirkkala'}, 'location': {'street': {'number': 1272, 'name': 'Mannerheimintie'}, 'city': 'Parikkala', 'state': 'Kainuu'...</msg>
<var>${json_data}</var>
<arg>${response.json()}</arg>
<doc>Returns the given values which can then be assigned to a variables.</doc>
<status status="PASS" start="2024-04-10T04:15:57.246174" elapsed="0.000466"/>
</kw>
<kw name="Log" owner="BuiltIn">
<msg time="2024-04-10T04:15:57.247092" level="INFO">{'results': [{'gender': 'male', 'name': {'title': 'Mr', 'first': 'Aatu', 'last': 'Wirkkala'}, 'location': {'street': {'number': 1272, 'name': 'Mannerheimintie'}, 'city': 'Parikkala', 'state': 'Kainuu', 'country': 'Finland', 'postcode': 12288, 'coordinates': {'latitude': '-27.3977', 'longitude': '-157.9793'}, 'timezone': {'offset': '+3:00', 'description': 'Baghdad, Riyadh, Moscow, St. Petersburg'}}, 'email': 'aatu.wirkkala@example.com', 'login': {'uuid': '0f826930-041f-4bb1-8e04-9f5a2ef68ba0', 'username': 'angryelephant607', 'password': 'talon', 'salt': 'cqg7QRgI', 'md5': '82be705328db05d04a2d0bb920f19784', 'sha1': 'b6fc6f6c8a0a1e75a196232456cfdc237295d0e2', 'sha256': '1eba0499b16acda9996e526cd737c9de7fda2cea6ae73de5ed86191d698e9dfe'}, 'dob': {'date': '2000-11-19T03:39:01.360Z', 'age': 23}, 'registered': {'date': '2009-02-21T03:10:14.678Z', 'age': 15}, 'phone': '03-893-576', 'cell': '040-542-91-60', 'id': {'name': 'HETU', 'value': 'NaNNA633undefined'}, 'picture': {'large': 'https://randomuser.me/api/portraits/men/64.jpg', 'medium': 'https://randomuser.me/api/portraits/med/men/64.jpg', 'thumbnail': 'https://randomuser.me/api/portraits/thumb/men/64.jpg'}, 'nat': 'FI'}], 'info': {'seed': 'b9de40449059070b', 'results': 1, 'page': 1, 'version': '1.4'}}</msg>
<arg>${json_data}</arg>
<doc>Logs the given message with the given level.</doc>
<status status="PASS" start="2024-04-10T04:15:57.246942" elapsed="0.000226"/>
</kw>
<kw name="Should Be Equal As Numbers" owner="BuiltIn">
<arg>${json_data['results'][0]['location']['postcode']}</arg>
<arg>${json_data['results'][0]['location']['postcode']}</arg>
<doc>Fails if objects are unequal after converting them to real numbers.</doc>
<status status="PASS" start="2024-04-10T04:15:57.247522" elapsed="0.000624"/>
</kw>
<kw name="Log" owner="BuiltIn">
<msg time="2024-04-10T04:15:57.248670" level="INFO">12288</msg>
<arg>${json_data['results'][0]['location']['postcode']}</arg>
<doc>Logs the given message with the given level.</doc>
<status status="PASS" start="2024-04-10T04:15:57.248338" elapsed="0.000372"/>
</kw>
<status status="PASS" start="2024-04-10T04:15:57.144277" elapsed="0.104685"/>
</kw>
<doc>Testa se os tipos de dados na resposta da API estão corretos.</doc>
<tag>testeTiposDados</tag>
<status status="PASS" start="2024-04-10T04:15:57.064502" elapsed="0.184620"/>
</test>
<test id="s1-s1-t5" name="Validar conteudo" line="35">
<kw name="Teste de Tipos de Conteudo" owner="random-user-service">
<kw name="GET On Session" owner="RequestsLibrary">
<msg time="2024-04-10T04:15:57.336768" level="INFO">GET Request : url=https://randomuser.me/api 
 path_url=/api 
 headers={'User-Agent': 'python-requests/2.31.0', 'Accept-Encoding': 'gzip, deflate', 'Accept': '*/*', 'Connection': 'keep-alive'} 
 body=None 
 </msg>
<msg time="2024-04-10T04:15:57.336856" level="INFO">GET Response : url=https://randomuser.me/api 
 status=200, reason=OK 
 headers={'Date': 'Wed, 10 Apr 2024 04:15:57 GMT', 'Content-Type': 'application/json; charset=utf-8', 'Transfer-Encoding': 'chunked', 'Connection': 'keep-alive', 'X-Powered-By': 'Express', 'Access-Control-Allow-Origin': '*', 'Cache-Control': 'no-cache', 'ETag': 'W/"48b-bBxJLimws6SA25YvanTWQp35cHU"', 'Vary': 'Accept-Encoding', 'Content-Encoding': 'gzip', 'CF-Cache-Status': 'DYNAMIC', 'Report-To': '{"endpoints":[{"url":"https:\\/\\/a.nel.cloudflare.com\\/report\\/v4?s=ukS44B3sOz%2B%2BNxwqqeK8BWH2S1RiR4g62oCeohOF7tXb5pi%2FDhrxYPvVCI60mX3L0jdMmK73Mn0EhC8pOpIoRjsRNNzys7SttlGEDxdJoQr08WdvXbn%2BnsfA%2BUn3F3Uy"}],"group":"cf-nel","max_age":604800}', 'NEL': '{"success_fraction":0,"report_to":"cf-nel","max_age":604800}', 'Server': 'cloudflare', 'CF-RAY': '871feb2edb8d6187-ORD', 'alt-svc': 'h3=":443"; ma=86400'} 
 body={"results":[{"gender":"male","name":{"title":"Mr","first":"Diego","last":"Patiño"},"location":{"street":{"number":3555,"name":"Eje vial Guerrero"},"city":"Bachoco","state":"Michoacan","country":"Mexico","postcode":16868,"coordinates":{"latitude":"28.9719","longitude":"-152.6772"},"timezone":{"offset":"-7:00","description":"Mountain Time (US &amp; Canada)"}},"email":"diego.patino@example.com","login":{"uuid":"3a359171-7b35-4ae1-ae24-8ca00a1ff8f2","username":"blackfish571","password":"swinger","salt":"ESmwN3h5","md5":"1ba7632e905eb3b01e0e96c4e2833fd3","sha1":"69d896bd4c0cae79ca28af686d81f7ad65c99e96","sha256":"b643f418a101fe3ba6215be01529374102c9700a151523d6ce50edfebf7a47f1"},"dob":{"date":"1988-12-22T18:31:43.003Z","age":35},"registered":{"date":"2015-12-11T00:07:07.664Z","age":8},"phone":"(606) 099 5913","cell":"(628) 734 6331","id":{"name":"NSS","value":"02 81 09 4883 3"},"picture":{"large":"https://randomuser.me/api/portraits/men/5.jpg","medium":"https://randomuser.me/api/portraits/med/men/5.jpg","thumbnail":"https://randomuser.me/api/portraits/thumb/men/5.jpg"},"nat":"MX"}],"info":{"seed":"87f2db1022f6b589","results":1,"page":1,"version":"1.4"}} 
 </msg>
<msg time="2024-04-10T04:15:57.336944" level="INFO">/opt/hostedtoolcache/Python/3.12.2/x64/lib/python3.12/site-packages/urllib3/connectionpool.py:1103: InsecureRequestWarning: Unverified HTTPS request is being made to host 'randomuser.me'. Adding certificate verification is strongly advised. See: https://urllib3.readthedocs.io/en/latest/advanced-usage.html#tls-warnings
  warnings.warn(</msg>
<msg time="2024-04-10T04:15:57.337076" level="INFO">${response} = &lt;Response [200]&gt;</msg>
<var>${response}</var>
<arg>consultarAPI</arg>
<arg>/api</arg>
<doc>Sends a GET request on a previously created HTTP Session.</doc>
<status status="PASS" start="2024-04-10T04:15:57.251816" elapsed="0.085302"/>
</kw>
<kw name="Set Variable" owner="BuiltIn">
<msg time="2024-04-10T04:15:57.338045" level="INFO">${json_data} = {'results': [{'gender': 'male', 'name': {'title': 'Mr', 'first': 'Diego', 'last': 'Patiño'}, 'location': {'street': {'number': 3555, 'name': 'Eje vial Guerrero'}, 'city': 'Bachoco', 'state': 'Michoaca...</msg>
<var>${json_data}</var>
<arg>${response.json()}</arg>
<doc>Returns the given values which can then be assigned to a variables.</doc>
<status status="PASS" start="2024-04-10T04:15:57.337562" elapsed="0.000513"/>
</kw>
<kw name="Set Variable" owner="BuiltIn">
<msg time="2024-04-10T04:15:57.338765" level="INFO">${name_title} = Mr</msg>
<var>${name_title}</var>
<arg>${json_data["results"][0]["name"]["title"]}</arg>
<doc>Returns the given values which can then be assigned to a variables.</doc>
<status status="PASS" start="2024-04-10T04:15:57.338384" elapsed="0.000407"/>
</kw>
<kw name="Create List" owner="BuiltIn">
<msg time="2024-04-10T04:15:57.339284" level="INFO">${allowed_titles} = ['Mr', 'Ms', 'Miss', 'Mrs', 'Madame', 'Monsieur']</msg>
<var>${allowed_titles}</var>
<arg>Mr</arg>
<arg>Ms</arg>
<arg>Miss</arg>
<arg>Mrs</arg>
<arg>Madame</arg>
<arg>Monsieur</arg>
<doc>Returns a list containing given items.</doc>
<status status="PASS" start="2024-04-10T04:15:57.339090" elapsed="0.000221"/>
</kw>
<kw name="List Should Contain Value" owner="Collections">
<msg time="2024-04-10T04:15:57.339795" level="INFO">False</msg>
<arg>${allowed_titles}</arg>
<arg>${name_title}</arg>
<doc>Fails if the ``value`` is not found from ``list``.</doc>
<status status="PASS" start="2024-04-10T04:15:57.339622" elapsed="0.000211"/>
</kw>
<kw name="Set Variable" owner="BuiltIn">
<msg time="2024-04-10T04:15:57.340511" level="INFO">${name_country} = MX</msg>
<var>${name_country}</var>
<arg>${json_data["results"][0]["nat"]}</arg>
<doc>Returns the given values which can then be assigned to a variables.</doc>
<status status="PASS" start="2024-04-10T04:15:57.340125" elapsed="0.000411"/>
</kw>
<kw name="Create List" owner="BuiltIn">
<msg time="2024-04-10T04:15:57.341445" level="INFO">${list_country} = ['AD', 'AE', 'AF', 'AG', 'AI', 'AL', 'AM', 'AO', 'AQ', 'AR', 'AS', 'AT', 'AU', 'AW', 'AX', 'AZ', 'BA', 'BB', 'BD', 'BE', 'BF', 'BG', 'BH', 'BI', 'BJ', 'BL', 'BM', 'BN', 'BO', 'BQ', 'BR', 'BS', 'BT', '...</msg>
<var>${list_country}</var>
<arg>AD</arg>
<arg>AE</arg>
<arg>AF</arg>
<arg>AG</arg>
<arg>AI</arg>
<arg>AL</arg>
<arg>AM</arg>
<arg>AO</arg>
<arg>AQ</arg>
<arg>AR</arg>
<arg>AS</arg>
<arg>AT</arg>
<arg>AU</arg>
<arg>AW</arg>
<arg>AX</arg>
<arg>AZ</arg>
<arg>BA</arg>
<arg>BB</arg>
<arg>BD</arg>
<arg>BE</arg>
<arg>BF</arg>
<arg>BG</arg>
<arg>BH</arg>
<arg>BI</arg>
<arg>BJ</arg>
<arg>BL</arg>
<arg>BM</arg>
<arg>BN</arg>
<arg>BO</arg>
<arg>BQ</arg>
<arg>BR</arg>
<arg>BS</arg>
<arg>BT</arg>
<arg>BV</arg>
<arg>BW</arg>
<arg>BY</arg>
<arg>BZ</arg>
<arg>CA</arg>
<arg>CC</arg>
<arg>CD</arg>
<arg>CF</arg>
<arg>CG</arg>
<arg>CH</arg>
<arg>CI</arg>
<arg>CK</arg>
<arg>CL</arg>
<arg>CM</arg>
<arg>CN</arg>
<arg>CO</arg>
<arg>CR</arg>
<arg>CU</arg>
<arg>CV</arg>
<arg>CW</arg>
<arg>CX</arg>
<arg>CY</arg>
<arg>CZ</arg>
<arg>DE</arg>
<arg>DJ</arg>
<arg>DK</arg>
<arg>DM</arg>
<arg>DO</arg>
<arg>DZ</arg>
<arg>EC</arg>
<arg>EE</arg>
<arg>EG</arg>
<arg>EH</arg>
<arg>ER</arg>
<arg>ES</arg>
<arg>ET</arg>
<arg>FI</arg>
<arg>FJ</arg>
<arg>FK</arg>
<arg>FM</arg>
<arg>FO</arg>
<arg>FR</arg>
<arg>GA</arg>
<arg>GB</arg>
<arg>GD</arg>
<arg>GE</arg>
<arg>GF</arg>
<arg>GG</arg>
<arg>GH</arg>
<arg>GI</arg>
<arg>GL</arg>
<arg>GM</arg>
<arg>GN</arg>
<arg>GP</arg>
<arg>GQ</arg>
<arg>GR</arg>
<arg>GS</arg>
<arg>GT</arg>
<arg>GU</arg>
<arg>GW</arg>
<arg>GY</arg>
<arg>HK</arg>
<arg>HM</arg>
<arg>HN</arg>
<arg>HR</arg>
<arg>HT</arg>
<arg>HU</arg>
<arg>ID</arg>
<arg>IE</arg>
<arg>IL</arg>
<arg>IM</arg>
<arg>IN</arg>
<arg>IO</arg>
<arg>IQ</arg>
<arg>IR</arg>
<arg>IS</arg>
<arg>IT</arg>
<arg>JE</arg>
<arg>JM</arg>
<arg>JO</arg>
<arg>JP</arg>
<arg>KE</arg>
<arg>KG</arg>
<arg>KH</arg>
<arg>KI</arg>
<arg>KM</arg>
<arg>KN</arg>
<arg>KP</arg>
<arg>KR</arg>
<arg>KW</arg>
<arg>KY</arg>
<arg>KZ</arg>
<arg>LA</arg>
<arg>LB</arg>
<arg>LC</arg>
<arg>LI</arg>
<arg>LK</arg>
<arg>LR</arg>
<arg>LS</arg>
<arg>LT</arg>
<arg>LU</arg>
<arg>LV</arg>
<arg>LY</arg>
<arg>MA</arg>
<arg>MC</arg>
<arg>MD</arg>
<arg>ME</arg>
<arg>MF</arg>
<arg>MG</arg>
<arg>MH</arg>
<arg>MK</arg>
<arg>ML</arg>
<arg>MM</arg>
<arg>MN</arg>
<arg>MO</arg>
<arg>MP</arg>
<arg>MQ</arg>
<arg>MR</arg>
<arg>MS</arg>
<arg>MT</arg>
<arg>MU</arg>
<arg>MV</arg>
<arg>MW</arg>
<arg>MX</arg>
<arg>MY</arg>
<arg>MZ</arg>
<arg>NA</arg>
<arg>NC</arg>
<arg>NE</arg>
<arg>NF</arg>
<arg>NG</arg>
<arg>NI</arg>
<arg>NL</arg>
<arg>NO</arg>
<arg>NP</arg>
<arg>NR</arg>
<arg>NU</arg>
<arg>NZ</arg>
<arg>OM</arg>
<arg>PA</arg>
<arg>PE</arg>
<arg>PF</arg>
<arg>PG</arg>
<arg>PH</arg>
<arg>PK</arg>
<arg>PL</arg>
<arg>PM</arg>
<arg>PN</arg>
<arg>PR</arg>
<arg>PS</arg>
<arg>PT</arg>
<arg>PW</arg>
<arg>PY</arg>
<arg>QA</arg>
<arg>RE</arg>
<arg>RO</arg>
<arg>RS</arg>
<arg>RU</arg>
<arg>RW</arg>
<arg>SA</arg>
<arg>SB</arg>
<arg>SC</arg>
<arg>SD</arg>
<arg>SE</arg>
<arg>SG</arg>
<arg>SH</arg>
<arg>SI</arg>
<arg>SJ</arg>
<arg>SK</arg>
<arg>SL</arg>
<arg>SM</arg>
<arg>SN</arg>
<arg>SO</arg>
<arg>SR</arg>
<arg>SS</arg>
<arg>ST</arg>
<arg>SV</arg>
<arg>SX</arg>
<arg>SY</arg>
<arg>SZ</arg>
<arg>TC</arg>
<arg>TD</arg>
<arg>TF</arg>
<arg>TG</arg>
<arg>TH</arg>
<arg>TJ</arg>
<arg>TK</arg>
<arg>TL</arg>
<arg>TM</arg>
<arg>TN</arg>
<arg>TO</arg>
<arg>TR</arg>
<arg>TT</arg>
<arg>TV</arg>
<arg>TW</arg>
<arg>TZ</arg>
<arg>UA</arg>
<arg>UG</arg>
<arg>UM</arg>
<arg>US</arg>
<arg>UY</arg>
<arg>UZ</arg>
<arg>VA</arg>
<arg>VC</arg>
<arg>VE</arg>
<arg>VG</arg>
<arg>VI</arg>
<arg>VN</arg>
<arg>VU</arg>
<arg>WF</arg>
<arg>WS</arg>
<arg>XK</arg>
<arg>YE</arg>
<arg>YT</arg>
<arg>ZA</arg>
<arg>ZM</arg>
<arg>ZW</arg>
<doc>Returns a list containing given items.</doc>
<status status="PASS" start="2024-04-10T04:15:57.340845" elapsed="0.000625"/>
</kw>
<kw name="List Should Contain Value" owner="Collections">
<msg time="2024-04-10T04:15:57.342453" level="INFO">False</msg>
<arg>${list_country}</arg>
<arg>${name_country}</arg>
<doc>Fails if the ``value`` is not found from ``list``.</doc>
<status status="PASS" start="2024-04-10T04:15:57.342252" elapsed="0.000237"/>
</kw>
<kw name="Run Keyword If" owner="BuiltIn">
<kw name="Should Be True" owner="BuiltIn">
<arg>${True}</arg>
<doc>Fails if the given condition is not true.</doc>
<status status="PASS" start="2024-04-10T04:15:57.343680" elapsed="0.000147"/>
</kw>
<arg>${json_data["results"][0]["location"]["coordinates"]["latitude"]} &gt;= -90 and ${json_data["results"][0]["location"]["coordinates"]["latitude"]} &lt;= 90</arg>
<arg>Should Be True</arg>
<arg>${True}</arg>
<doc>Runs the given keyword with the given arguments, if ``condition`` is true.</doc>
<status status="PASS" start="2024-04-10T04:15:57.342794" elapsed="0.001162"/>
</kw>
<kw name="Run Keyword If" owner="BuiltIn">
<kw name="Should Be True" owner="BuiltIn">
<arg>${True}</arg>
<doc>Fails if the given condition is not true.</doc>
<status status="PASS" start="2024-04-10T04:15:57.344863" elapsed="0.000139"/>
</kw>
<arg>${json_data["results"][0]["location"]["coordinates"]["longitude"]} &gt;= -180 and ${json_data["results"][0]["location"]["coordinates"]["longitude"]} &lt;= 180</arg>
<arg>Should Be True</arg>
<arg>${True}</arg>
<doc>Runs the given keyword with the given arguments, if ``condition`` is true.</doc>
<status status="PASS" start="2024-04-10T04:15:57.344145" elapsed="0.000981"/>
</kw>
<status status="PASS" start="2024-04-10T04:15:57.251451" elapsed="0.093802"/>
</kw>
<doc>Testa o conteúdo específico dos campos retornados pela API.</doc>
<tag>testeConteudo</tag>
<status status="PASS" start="2024-04-10T04:15:57.250809" elapsed="0.094587"/>
</test>
<status status="PASS" start="2024-04-10T04:15:56.394653" elapsed="0.952653"/>
</suite>
<status status="PASS" start="2024-04-10T04:15:56.380877" elapsed="0.971709"/>
</suite>
<statistics>
<total>
<stat pass="5" fail="0" skip="0">All Tests</stat>
</total>
<tag>
<stat pass="1" fail="0" skip="0">testeConteudo</stat>
<stat pass="1" fail="0" skip="0">testeEstruturaResposta</stat>
<stat pass="1" fail="0" skip="0">testeRequisicaoBasica</stat>
<stat pass="1" fail="0" skip="0">testeTiposDados</stat>
</tag>
<suite>
<stat pass="5" fail="0" skip="0" id="s1" name="Tests">Tests</stat>
<stat pass="5" fail="0" skip="0" id="s1-s1" name="Random-User-Test">Tests.Random-User-Test</stat>
</suite>
</statistics>
<errors>
</errors>
</robot>
