<?xml version="1.0" encoding="UTF-8"?>
<robot generator="Robot 7.0.1 (Python 3.12.3 on linux)" generated="2024-06-17T22:13:42.802720" rpa="false" schemaversion="5">
<suite id="s1" name="Tests" source="/home/runner/work/ApiRandomUser/ApiRandomUser/RamdonUser/tests">
<suite id="s1-s1" name="Random-User-Test" source="/home/runner/work/ApiRandomUser/ApiRandomUser/RamdonUser/tests/random-user-test.robot">
<test id="s1-s1-t1" name="Conectar" line="13">
<kw name="Conectar API" owner="random-user-service">
<kw name="Create Session" owner="RequestsLibrary">
<msg time="2024-06-17T22:13:43.192808" level="INFO">Creating Session using : alias=consultarAPI, url=https://randomuser.me/, headers={},                     cookies={}, auth=None, timeout=None, proxies=None, verify=False,                     debug=0 </msg>
<arg>consultarAPI</arg>
<arg>${URL}</arg>
<doc>Create Session: create a HTTP session to a server</doc>
<status status="PASS" start="2024-06-17T22:13:43.192594" elapsed="0.000412"/>
</kw>
<status status="PASS" start="2024-06-17T22:13:43.191543" elapsed="0.001833"/>
</kw>
<status status="PASS" start="2024-06-17T22:13:43.190973" elapsed="0.002598"/>
</test>
<test id="s1-s1-t2" name="Validar retorno 200 e JSON Válido" line="16">
<kw name="Teste de Requisicao Basica" owner="random-user-service">
<kw name="GET On Session" owner="RequestsLibrary">
<msg time="2024-06-17T22:13:43.597387" level="INFO">GET Request : url=https://randomuser.me/api 
 path_url=/api 
 headers={'User-Agent': 'python-requests/2.32.3', 'Accept-Encoding': 'gzip, deflate', 'Accept': '*/*', 'Connection': 'keep-alive'} 
 body=None 
 </msg>
<msg time="2024-06-17T22:13:43.597546" level="INFO">GET Response : url=https://randomuser.me/api 
 status=200, reason=OK 
 headers={'Date': 'Mon, 17 Jun 2024 22:13:43 GMT', 'Content-Type': 'application/json; charset=utf-8', 'Transfer-Encoding': 'chunked', 'Connection': 'keep-alive', 'X-Powered-By': 'Express', 'Access-Control-Allow-Origin': '*', 'Cache-Control': 'no-cache', 'ETag': 'W/"486-Qk415ElL4sGOK/03Lm+joT2XGGI"', 'Vary': 'Accept-Encoding', 'Content-Encoding': 'gzip', 'CF-Cache-Status': 'DYNAMIC', 'Report-To': '{"endpoints":[{"url":"https:\\/\\/a.nel.cloudflare.com\\/report\\/v4?s=4jRlCBFSK03jIs0GOWS8m4AhD%2FZ3FL%2B86qKIeQjV3QHLZXYIUhBrifLOq2oVvROk87MvFpwWtIKkwrfNcS%2BXkPu5RJyHnahXh8W%2FuEd88jsDU5osdAomqAxt4rjikmjh"}],"group":"cf-nel","max_age":604800}', 'NEL': '{"success_fraction":0,"report_to":"cf-nel","max_age":604800}', 'Server': 'cloudflare', 'CF-RAY': '89566371ed722087-IAD', 'alt-svc': 'h3=":443"; ma=86400'} 
 body={"results":[{"gender":"female","name":{"title":"Ms","first":"Gabrielle","last":"Bélanger"},"location":{"street":{"number":2097,"name":"Cedar St"},"city":"Souris","state":"Alberta","country":"Canada","postcode":"X1B 8X0","coordinates":{"latitude":"-66.3161","longitude":"128.6884"},"timezone":{"offset":"-12:00","description":"Eniwetok, Kwajalein"}},"email":"gabrielle.belanger@example.com","login":{"uuid":"72c033c0-5ed6-49c1-aeb2-2a22ba567dc5","username":"bigcat668","password":"red123","salt":"63AMVdP6","md5":"ee956d0b26648efefe0b18bc41e542d2","sha1":"cb0c81608e1867d5a28845a73c5ceb5a66008700","sha256":"37a06ae0609a53632253557817e21cfe839e4212744829b9650db6597ba30355"},"dob":{"date":"1954-08-01T07:39:49.450Z","age":69},"registered":{"date":"2004-10-30T11:59:21.569Z","age":19},"phone":"Q33 M87-3432","cell":"H80 Z92-8887","id":{"name":"SIN","value":"692805500"},"picture":{"large":"https://randomuser.me/api/portraits/women/72.jpg","medium":"https://randomuser.me/api/portraits/med/women/72.jpg","thumbnail":"https://randomuser.me/api/portraits/thumb/women/72.jpg"},"nat":"CA"}],"info":{"seed":"74b8a8f21ddd72af","results":1,"page":1,"version":"1.4"}} 
 </msg>
<msg time="2024-06-17T22:13:43.597627" level="INFO">/opt/hostedtoolcache/Python/3.12.3/x64/lib/python3.12/site-packages/urllib3/connectionpool.py:1099: InsecureRequestWarning: Unverified HTTPS request is being made to host 'randomuser.me'. Adding certificate verification is strongly advised. See: https://urllib3.readthedocs.io/en/latest/advanced-usage.html#tls-warnings
  warnings.warn(</msg>
<msg time="2024-06-17T22:13:43.597785" level="INFO">${response} = &lt;Response [200]&gt;</msg>
<var>${response}</var>
<arg>consultarAPI</arg>
<arg>/api</arg>
<doc>Sends a GET request on a previously created HTTP Session.</doc>
<status status="PASS" start="2024-06-17T22:13:43.196225" elapsed="0.401607"/>
</kw>
<kw name="Should Be Equal As Numbers" owner="BuiltIn">
<msg time="2024-06-17T22:13:43.598809" level="INFO">Argument types are:
&lt;class 'int'&gt;
&lt;class 'str'&gt;</msg>
<arg>${response.status_code}</arg>
<arg>200</arg>
<doc>Fails if objects are unequal after converting them to real numbers.</doc>
<status status="PASS" start="2024-06-17T22:13:43.598368" elapsed="0.000506"/>
</kw>
<kw name="Log" owner="BuiltIn">
<msg time="2024-06-17T22:13:43.599609" level="INFO">200</msg>
<arg>${response.status_code}</arg>
<doc>Logs the given message with the given level.</doc>
<status status="PASS" start="2024-06-17T22:13:43.599214" elapsed="0.000447"/>
</kw>
<kw name="Set Variable" owner="BuiltIn">
<msg time="2024-06-17T22:13:43.600402" level="INFO">${json_data} = {'results': [{'gender': 'female', 'name': {'title': 'Ms', 'first': 'Gabrielle', 'last': 'Bélanger'}, 'location': {'street': {'number': 2097, 'name': 'Cedar St'}, 'city': 'Souris', 'state': 'Alberta', ...</msg>
<var>${json_data}</var>
<arg>${response.json()}</arg>
<doc>Returns the given values which can then be assigned to a variables.</doc>
<status status="PASS" start="2024-06-17T22:13:43.599969" elapsed="0.000464"/>
</kw>
<kw name="Dictionary Should Contain Key" owner="Collections">
<arg>${json_data}</arg>
<arg>results</arg>
<doc>Fails if ``key`` is not found from ``dictionary``.</doc>
<status status="PASS" start="2024-06-17T22:13:43.600726" elapsed="0.000163"/>
</kw>
<status status="PASS" start="2024-06-17T22:13:43.195985" elapsed="0.405054"/>
</kw>
<doc>Testa se a API responde corretamente e retorna um objeto JSON válido.</doc>
<tag>testeRequisicaoBasica</tag>
<status status="PASS" start="2024-06-17T22:13:43.195447" elapsed="0.405763"/>
</test>
<test id="s1-s1-t3" name="Validar estrutura de resposta" line="22">
<kw name="Teste de Estrutura de Resposta" owner="random-user-service">
<kw name="GET On Session" owner="RequestsLibrary">
<msg time="2024-06-17T22:13:43.756724" level="INFO">GET Request : url=https://randomuser.me/api 
 path_url=/api 
 headers={'User-Agent': 'python-requests/2.32.3', 'Accept-Encoding': 'gzip, deflate', 'Accept': '*/*', 'Connection': 'keep-alive'} 
 body=None 
 </msg>
<msg time="2024-06-17T22:13:43.756824" level="INFO">GET Response : url=https://randomuser.me/api 
 status=200, reason=OK 
 headers={'Date': 'Mon, 17 Jun 2024 22:13:43 GMT', 'Content-Type': 'application/json; charset=utf-8', 'Transfer-Encoding': 'chunked', 'Connection': 'keep-alive', 'X-Powered-By': 'Express', 'Access-Control-Allow-Origin': '*', 'Cache-Control': 'no-cache', 'ETag': 'W/"481-fzxNdV1ablFbxV84TGTPJdcznwo"', 'Vary': 'Accept-Encoding', 'Content-Encoding': 'gzip', 'CF-Cache-Status': 'DYNAMIC', 'Report-To': '{"endpoints":[{"url":"https:\\/\\/a.nel.cloudflare.com\\/report\\/v4?s=siZg%2Bxa4Wc4L9AmUp7RBmhZmwpmnacIxiD%2B3VctAV5eHz1eYcf8386oD5mNkJbmMVde6fvElX7e5vjpmrqhnmHM0jNTnemOMdC%2FwKiiMzMvp%2F5HaikWPR41KfV7SA%2Bae"}],"group":"cf-nel","max_age":604800}', 'NEL': '{"success_fraction":0,"report_to":"cf-nel","max_age":604800}', 'Server': 'cloudflare', 'CF-RAY': '895663738f292087-IAD', 'alt-svc': 'h3=":443"; ma=86400'} 
 body={"results":[{"gender":"female","name":{"title":"Ms","first":"Hiba","last":"Torland"},"location":{"street":{"number":1645,"name":"Carl Berners plass"},"city":"Nordlia","state":"Oppland","country":"Norway","postcode":"6484","coordinates":{"latitude":"44.4306","longitude":"166.6952"},"timezone":{"offset":"+2:00","description":"Kaliningrad, South Africa"}},"email":"hiba.torland@example.com","login":{"uuid":"6ed82198-26fe-4803-bad3-df0255c0890f","username":"brownswan954","password":"sprint","salt":"y74GcmBN","md5":"2f537f86f1afcde46527a6fee400c746","sha1":"d8611ce1278274273b2d11124ac298a31632fa9d","sha256":"dc04f43cc548007bd8db44193261c260c3f6b1ac0d64cf5afcc966b56dd8d1b2"},"dob":{"date":"1947-12-01T07:03:46.823Z","age":76},"registered":{"date":"2004-12-24T16:36:12.554Z","age":19},"phone":"57055094","cell":"97671563","id":{"name":"FN","value":"01124721683"},"picture":{"large":"https://randomuser.me/api/portraits/women/32.jpg","medium":"https://randomuser.me/api/portraits/med/women/32.jpg","thumbnail":"https://randomuser.me/api/portraits/thumb/women/32.jpg"},"nat":"NO"}],"info":{"seed":"f903deba668a6be5","results":1,"page":1,"version":"1.4"}} 
 </msg>
<msg time="2024-06-17T22:13:43.756955" level="INFO">/opt/hostedtoolcache/Python/3.12.3/x64/lib/python3.12/site-packages/urllib3/connectionpool.py:1099: InsecureRequestWarning: Unverified HTTPS request is being made to host 'randomuser.me'. Adding certificate verification is strongly advised. See: https://urllib3.readthedocs.io/en/latest/advanced-usage.html#tls-warnings
  warnings.warn(</msg>
<msg time="2024-06-17T22:13:43.757097" level="INFO">${response} = &lt;Response [200]&gt;</msg>
<var>${response}</var>
<arg>consultarAPI</arg>
<arg>/api</arg>
<doc>Sends a GET request on a previously created HTTP Session.</doc>
<status status="PASS" start="2024-06-17T22:13:43.603991" elapsed="0.153150"/>
</kw>
<kw name="Set Variable" owner="BuiltIn">
<msg time="2024-06-17T22:13:43.758163" level="INFO">${json_data} = {'results': [{'gender': 'female', 'name': {'title': 'Ms', 'first': 'Hiba', 'last': 'Torland'}, 'location': {'street': {'number': 1645, 'name': 'Carl Berners plass'}, 'city': 'Nordlia', 'state': 'Oppla...</msg>
<var>${json_data}</var>
<arg>${response.json()}</arg>
<doc>Returns the given values which can then be assigned to a variables.</doc>
<status status="PASS" start="2024-06-17T22:13:43.757646" elapsed="0.000545"/>
</kw>
<kw name="Log" owner="BuiltIn">
<msg time="2024-06-17T22:13:43.758658" level="INFO">{'results': [{'gender': 'female', 'name': {'title': 'Ms', 'first': 'Hiba', 'last': 'Torland'}, 'location': {'street': {'number': 1645, 'name': 'Carl Berners plass'}, 'city': 'Nordlia', 'state': 'Oppland', 'country': 'Norway', 'postcode': '6484', 'coordinates': {'latitude': '44.4306', 'longitude': '166.6952'}, 'timezone': {'offset': '+2:00', 'description': 'Kaliningrad, South Africa'}}, 'email': 'hiba.torland@example.com', 'login': {'uuid': '6ed82198-26fe-4803-bad3-df0255c0890f', 'username': 'brownswan954', 'password': 'sprint', 'salt': 'y74GcmBN', 'md5': '2f537f86f1afcde46527a6fee400c746', 'sha1': 'd8611ce1278274273b2d11124ac298a31632fa9d', 'sha256': 'dc04f43cc548007bd8db44193261c260c3f6b1ac0d64cf5afcc966b56dd8d1b2'}, 'dob': {'date': '1947-12-01T07:03:46.823Z', 'age': 76}, 'registered': {'date': '2004-12-24T16:36:12.554Z', 'age': 19}, 'phone': '57055094', 'cell': '97671563', 'id': {'name': 'FN', 'value': '01124721683'}, 'picture': {'large': 'https://randomuser.me/api/portraits/women/32.jpg', 'medium': 'https://randomuser.me/api/portraits/med/women/32.jpg', 'thumbnail': 'https://randomuser.me/api/portraits/thumb/women/32.jpg'}, 'nat': 'NO'}], 'info': {'seed': 'f903deba668a6be5', 'results': 1, 'page': 1, 'version': '1.4'}}</msg>
<arg>${json_data}</arg>
<doc>Logs the given message with the given level.</doc>
<status status="PASS" start="2024-06-17T22:13:43.758496" elapsed="0.000213"/>
</kw>
<kw name="Dictionary Should Contain Key" owner="Collections">
<arg>${json_data}</arg>
<arg>results</arg>
<doc>Fails if ``key`` is not found from ``dictionary``.</doc>
<status status="PASS" start="2024-06-17T22:13:43.759011" elapsed="0.000154"/>
</kw>
<kw name="Should Not Be Empty" owner="BuiltIn">
<msg time="2024-06-17T22:13:43.759467" level="INFO">Length is 2.</msg>
<arg>${json_data}</arg>
<doc>Verifies that the given item is not empty.</doc>
<status status="PASS" start="2024-06-17T22:13:43.759345" elapsed="0.000178"/>
</kw>
<kw name="Create List" owner="BuiltIn">
<msg time="2024-06-17T22:13:43.760009" level="INFO">${expected_keys} = ['gender', 'name', 'location', 'email', 'login']</msg>
<var>${expected_keys}</var>
<arg>gender</arg>
<arg>name</arg>
<arg>location</arg>
<arg>email</arg>
<arg>login</arg>
<doc>Returns a list containing given items.</doc>
<status status="PASS" start="2024-06-17T22:13:43.759863" elapsed="0.000169"/>
</kw>
<for flavor="IN">
<iter>
<kw name="Dictionary Should Contain Key" owner="Collections">
<arg>${json_data['results'][0]}</arg>
<arg>${key}</arg>
<doc>Fails if ``key`` is not found from ``dictionary``.</doc>
<status status="PASS" start="2024-06-17T22:13:43.760779" elapsed="0.000408"/>
</kw>
<kw name="Log" owner="BuiltIn">
<msg time="2024-06-17T22:13:43.761719" level="INFO">{'gender': 'female', 'name': {'title': 'Ms', 'first': 'Hiba', 'last': 'Torland'}, 'location': {'street': {'number': 1645, 'name': 'Carl Berners plass'}, 'city': 'Nordlia', 'state': 'Oppland', 'country': 'Norway', 'postcode': '6484', 'coordinates': {'latitude': '44.4306', 'longitude': '166.6952'}, 'timezone': {'offset': '+2:00', 'description': 'Kaliningrad, South Africa'}}, 'email': 'hiba.torland@example.com', 'login': {'uuid': '6ed82198-26fe-4803-bad3-df0255c0890f', 'username': 'brownswan954', 'password': 'sprint', 'salt': 'y74GcmBN', 'md5': '2f537f86f1afcde46527a6fee400c746', 'sha1': 'd8611ce1278274273b2d11124ac298a31632fa9d', 'sha256': 'dc04f43cc548007bd8db44193261c260c3f6b1ac0d64cf5afcc966b56dd8d1b2'}, 'dob': {'date': '1947-12-01T07:03:46.823Z', 'age': 76}, 'registered': {'date': '2004-12-24T16:36:12.554Z', 'age': 19}, 'phone': '57055094', 'cell': '97671563', 'id': {'name': 'FN', 'value': '01124721683'}, 'picture': {'large': 'https://randomuser.me/api/portraits/women/32.jpg', 'medium': 'https://randomuser.me/api/portraits/med/women/32.jpg', 'thumbnail': 'https://randomuser.me/api/portraits/thumb/women/32.jpg'}, 'nat': 'NO'}</msg>
<arg>${json_data['results'][0]}</arg>
<doc>Logs the given message with the given level.</doc>
<status status="PASS" start="2024-06-17T22:13:43.761369" elapsed="0.000400"/>
</kw>
<kw name="Log" owner="BuiltIn">
<msg time="2024-06-17T22:13:43.762189" level="INFO">gender</msg>
<arg>${key}</arg>
<doc>Logs the given message with the given level.</doc>
<status status="PASS" start="2024-06-17T22:13:43.762061" elapsed="0.000165"/>
</kw>
<var name="${key}">gender</var>
<status status="PASS" start="2024-06-17T22:13:43.760650" elapsed="0.001793"/>
</iter>
<iter>
<kw name="Dictionary Should Contain Key" owner="Collections">
<arg>${json_data['results'][0]}</arg>
<arg>${key}</arg>
<doc>Fails if ``key`` is not found from ``dictionary``.</doc>
<status status="PASS" start="2024-06-17T22:13:43.762739" elapsed="0.000381"/>
</kw>
<kw name="Log" owner="BuiltIn">
<msg time="2024-06-17T22:13:43.763686" level="INFO">{'gender': 'female', 'name': {'title': 'Ms', 'first': 'Hiba', 'last': 'Torland'}, 'location': {'street': {'number': 1645, 'name': 'Carl Berners plass'}, 'city': 'Nordlia', 'state': 'Oppland', 'country': 'Norway', 'postcode': '6484', 'coordinates': {'latitude': '44.4306', 'longitude': '166.6952'}, 'timezone': {'offset': '+2:00', 'description': 'Kaliningrad, South Africa'}}, 'email': 'hiba.torland@example.com', 'login': {'uuid': '6ed82198-26fe-4803-bad3-df0255c0890f', 'username': 'brownswan954', 'password': 'sprint', 'salt': 'y74GcmBN', 'md5': '2f537f86f1afcde46527a6fee400c746', 'sha1': 'd8611ce1278274273b2d11124ac298a31632fa9d', 'sha256': 'dc04f43cc548007bd8db44193261c260c3f6b1ac0d64cf5afcc966b56dd8d1b2'}, 'dob': {'date': '1947-12-01T07:03:46.823Z', 'age': 76}, 'registered': {'date': '2004-12-24T16:36:12.554Z', 'age': 19}, 'phone': '57055094', 'cell': '97671563', 'id': {'name': 'FN', 'value': '01124721683'}, 'picture': {'large': 'https://randomuser.me/api/portraits/women/32.jpg', 'medium': 'https://randomuser.me/api/portraits/med/women/32.jpg', 'thumbnail': 'https://randomuser.me/api/portraits/thumb/women/32.jpg'}, 'nat': 'NO'}</msg>
<arg>${json_data['results'][0]}</arg>
<doc>Logs the given message with the given level.</doc>
<status status="PASS" start="2024-06-17T22:13:43.763310" elapsed="0.000455"/>
</kw>
<kw name="Log" owner="BuiltIn">
<msg time="2024-06-17T22:13:43.764184" level="INFO">name</msg>
<arg>${key}</arg>
<doc>Logs the given message with the given level.</doc>
<status status="PASS" start="2024-06-17T22:13:43.764058" elapsed="0.000163"/>
</kw>
<var name="${key}">name</var>
<status status="PASS" start="2024-06-17T22:13:43.762626" elapsed="0.001814"/>
</iter>
<iter>
<kw name="Dictionary Should Contain Key" owner="Collections">
<arg>${json_data['results'][0]}</arg>
<arg>${key}</arg>
<doc>Fails if ``key`` is not found from ``dictionary``.</doc>
<status status="PASS" start="2024-06-17T22:13:43.764722" elapsed="0.000377"/>
</kw>
<kw name="Log" owner="BuiltIn">
<msg time="2024-06-17T22:13:43.765623" level="INFO">{'gender': 'female', 'name': {'title': 'Ms', 'first': 'Hiba', 'last': 'Torland'}, 'location': {'street': {'number': 1645, 'name': 'Carl Berners plass'}, 'city': 'Nordlia', 'state': 'Oppland', 'country': 'Norway', 'postcode': '6484', 'coordinates': {'latitude': '44.4306', 'longitude': '166.6952'}, 'timezone': {'offset': '+2:00', 'description': 'Kaliningrad, South Africa'}}, 'email': 'hiba.torland@example.com', 'login': {'uuid': '6ed82198-26fe-4803-bad3-df0255c0890f', 'username': 'brownswan954', 'password': 'sprint', 'salt': 'y74GcmBN', 'md5': '2f537f86f1afcde46527a6fee400c746', 'sha1': 'd8611ce1278274273b2d11124ac298a31632fa9d', 'sha256': 'dc04f43cc548007bd8db44193261c260c3f6b1ac0d64cf5afcc966b56dd8d1b2'}, 'dob': {'date': '1947-12-01T07:03:46.823Z', 'age': 76}, 'registered': {'date': '2004-12-24T16:36:12.554Z', 'age': 19}, 'phone': '57055094', 'cell': '97671563', 'id': {'name': 'FN', 'value': '01124721683'}, 'picture': {'large': 'https://randomuser.me/api/portraits/women/32.jpg', 'medium': 'https://randomuser.me/api/portraits/med/women/32.jpg', 'thumbnail': 'https://randomuser.me/api/portraits/thumb/women/32.jpg'}, 'nat': 'NO'}</msg>
<arg>${json_data['results'][0]}</arg>
<doc>Logs the given message with the given level.</doc>
<status status="PASS" start="2024-06-17T22:13:43.765279" elapsed="0.000390"/>
</kw>
<kw name="Log" owner="BuiltIn">
<msg time="2024-06-17T22:13:43.766083" level="INFO">location</msg>
<arg>${key}</arg>
<doc>Logs the given message with the given level.</doc>
<status status="PASS" start="2024-06-17T22:13:43.765958" elapsed="0.000160"/>
</kw>
<var name="${key}">location</var>
<status status="PASS" start="2024-06-17T22:13:43.764616" elapsed="0.001715"/>
</iter>
<iter>
<kw name="Dictionary Should Contain Key" owner="Collections">
<arg>${json_data['results'][0]}</arg>
<arg>${key}</arg>
<doc>Fails if ``key`` is not found from ``dictionary``.</doc>
<status status="PASS" start="2024-06-17T22:13:43.766610" elapsed="0.000385"/>
</kw>
<kw name="Log" owner="BuiltIn">
<msg time="2024-06-17T22:13:43.767529" level="INFO">{'gender': 'female', 'name': {'title': 'Ms', 'first': 'Hiba', 'last': 'Torland'}, 'location': {'street': {'number': 1645, 'name': 'Carl Berners plass'}, 'city': 'Nordlia', 'state': 'Oppland', 'country': 'Norway', 'postcode': '6484', 'coordinates': {'latitude': '44.4306', 'longitude': '166.6952'}, 'timezone': {'offset': '+2:00', 'description': 'Kaliningrad, South Africa'}}, 'email': 'hiba.torland@example.com', 'login': {'uuid': '6ed82198-26fe-4803-bad3-df0255c0890f', 'username': 'brownswan954', 'password': 'sprint', 'salt': 'y74GcmBN', 'md5': '2f537f86f1afcde46527a6fee400c746', 'sha1': 'd8611ce1278274273b2d11124ac298a31632fa9d', 'sha256': 'dc04f43cc548007bd8db44193261c260c3f6b1ac0d64cf5afcc966b56dd8d1b2'}, 'dob': {'date': '1947-12-01T07:03:46.823Z', 'age': 76}, 'registered': {'date': '2004-12-24T16:36:12.554Z', 'age': 19}, 'phone': '57055094', 'cell': '97671563', 'id': {'name': 'FN', 'value': '01124721683'}, 'picture': {'large': 'https://randomuser.me/api/portraits/women/32.jpg', 'medium': 'https://randomuser.me/api/portraits/med/women/32.jpg', 'thumbnail': 'https://randomuser.me/api/portraits/thumb/women/32.jpg'}, 'nat': 'NO'}</msg>
<arg>${json_data['results'][0]}</arg>
<doc>Logs the given message with the given level.</doc>
<status status="PASS" start="2024-06-17T22:13:43.767180" elapsed="0.000438"/>
</kw>
<kw name="Log" owner="BuiltIn">
<msg time="2024-06-17T22:13:43.768055" level="INFO">email</msg>
<arg>${key}</arg>
<doc>Logs the given message with the given level.</doc>
<status status="PASS" start="2024-06-17T22:13:43.767927" elapsed="0.000166"/>
</kw>
<var name="${key}">email</var>
<status status="PASS" start="2024-06-17T22:13:43.766504" elapsed="0.001802"/>
</iter>
<iter>
<kw name="Dictionary Should Contain Key" owner="Collections">
<arg>${json_data['results'][0]}</arg>
<arg>${key}</arg>
<doc>Fails if ``key`` is not found from ``dictionary``.</doc>
<status status="PASS" start="2024-06-17T22:13:43.768585" elapsed="0.000372"/>
</kw>
<kw name="Log" owner="BuiltIn">
<msg time="2024-06-17T22:13:43.769496" level="INFO">{'gender': 'female', 'name': {'title': 'Ms', 'first': 'Hiba', 'last': 'Torland'}, 'location': {'street': {'number': 1645, 'name': 'Carl Berners plass'}, 'city': 'Nordlia', 'state': 'Oppland', 'country': 'Norway', 'postcode': '6484', 'coordinates': {'latitude': '44.4306', 'longitude': '166.6952'}, 'timezone': {'offset': '+2:00', 'description': 'Kaliningrad, South Africa'}}, 'email': 'hiba.torland@example.com', 'login': {'uuid': '6ed82198-26fe-4803-bad3-df0255c0890f', 'username': 'brownswan954', 'password': 'sprint', 'salt': 'y74GcmBN', 'md5': '2f537f86f1afcde46527a6fee400c746', 'sha1': 'd8611ce1278274273b2d11124ac298a31632fa9d', 'sha256': 'dc04f43cc548007bd8db44193261c260c3f6b1ac0d64cf5afcc966b56dd8d1b2'}, 'dob': {'date': '1947-12-01T07:03:46.823Z', 'age': 76}, 'registered': {'date': '2004-12-24T16:36:12.554Z', 'age': 19}, 'phone': '57055094', 'cell': '97671563', 'id': {'name': 'FN', 'value': '01124721683'}, 'picture': {'large': 'https://randomuser.me/api/portraits/women/32.jpg', 'medium': 'https://randomuser.me/api/portraits/med/women/32.jpg', 'thumbnail': 'https://randomuser.me/api/portraits/thumb/women/32.jpg'}, 'nat': 'NO'}</msg>
<arg>${json_data['results'][0]}</arg>
<doc>Logs the given message with the given level.</doc>
<status status="PASS" start="2024-06-17T22:13:43.769141" elapsed="0.000404"/>
</kw>
<kw name="Log" owner="BuiltIn">
<msg time="2024-06-17T22:13:43.769965" level="INFO">login</msg>
<arg>${key}</arg>
<doc>Logs the given message with the given level.</doc>
<status status="PASS" start="2024-06-17T22:13:43.769838" elapsed="0.000164"/>
</kw>
<var name="${key}">login</var>
<status status="PASS" start="2024-06-17T22:13:43.768476" elapsed="0.001741"/>
</iter>
<var>${key}</var>
<value>@{expected_keys}</value>
<status status="PASS" start="2024-06-17T22:13:43.760457" elapsed="0.009881"/>
</for>
<kw name="Create List" owner="BuiltIn">
<msg time="2024-06-17T22:13:43.770666" level="INFO">${expected_keysTwo} = ['username', 'password']</msg>
<var>${expected_keysTwo}</var>
<arg>username</arg>
<arg>password</arg>
<doc>Returns a list containing given items.</doc>
<status status="PASS" start="2024-06-17T22:13:43.770527" elapsed="0.000163"/>
</kw>
<for flavor="IN">
<iter>
<kw name="Dictionary Should Contain Key" owner="Collections">
<arg>${json_data['results'][0]['login']}</arg>
<arg>${keyTwo}</arg>
<doc>Fails if ``key`` is not found from ``dictionary``.</doc>
<status status="PASS" start="2024-06-17T22:13:43.771205" elapsed="0.000410"/>
</kw>
<kw name="Dictionary Should Contain Key" owner="Collections">
<arg>${json_data['results'][0]['login']}</arg>
<arg>${keyTwo}</arg>
<doc>Fails if ``key`` is not found from ``dictionary``.</doc>
<status status="PASS" start="2024-06-17T22:13:43.771803" elapsed="0.000376"/>
</kw>
<kw name="Log" owner="BuiltIn">
<msg time="2024-06-17T22:13:43.772478" level="INFO">username</msg>
<arg>${keyTwo}</arg>
<doc>Logs the given message with the given level.</doc>
<status status="PASS" start="2024-06-17T22:13:43.772358" elapsed="0.000162"/>
</kw>
<var name="${keyTwo}">username</var>
<status status="PASS" start="2024-06-17T22:13:43.771099" elapsed="0.001643"/>
</iter>
<iter>
<kw name="Dictionary Should Contain Key" owner="Collections">
<arg>${json_data['results'][0]['login']}</arg>
<arg>${keyTwo}</arg>
<doc>Fails if ``key`` is not found from ``dictionary``.</doc>
<status status="PASS" start="2024-06-17T22:13:43.773021" elapsed="0.000377"/>
</kw>
<kw name="Dictionary Should Contain Key" owner="Collections">
<arg>${json_data['results'][0]['login']}</arg>
<arg>${keyTwo}</arg>
<doc>Fails if ``key`` is not found from ``dictionary``.</doc>
<status status="PASS" start="2024-06-17T22:13:43.773616" elapsed="0.000374"/>
</kw>
<kw name="Log" owner="BuiltIn">
<msg time="2024-06-17T22:13:43.774282" level="INFO">password</msg>
<arg>${keyTwo}</arg>
<doc>Logs the given message with the given level.</doc>
<status status="PASS" start="2024-06-17T22:13:43.774165" elapsed="0.000153"/>
</kw>
<var name="${keyTwo}">password</var>
<status status="PASS" start="2024-06-17T22:13:43.772913" elapsed="0.001625"/>
</iter>
<var>${keyTwo}</var>
<value>@{expected_keysTwo}</value>
<status status="PASS" start="2024-06-17T22:13:43.770949" elapsed="0.003709"/>
</for>
<status status="PASS" start="2024-06-17T22:13:43.603741" elapsed="0.171062"/>
</kw>
<doc>Testa a estrutura da resposta da API.</doc>
<tag>testeEstruturaResposta</tag>
<status status="PASS" start="2024-06-17T22:13:43.603053" elapsed="0.171908"/>
</test>
<test id="s1-s1-t4" name="Validar tipos de dados" line="28">
<kw name="Teste de Tipos de Dados" owner="random-user-service">
<kw name="GET On Session" owner="RequestsLibrary">
<msg time="2024-06-17T22:13:43.874702" level="INFO">GET Request : url=https://randomuser.me/api 
 path_url=/api 
 headers={'User-Agent': 'python-requests/2.32.3', 'Accept-Encoding': 'gzip, deflate', 'Accept': '*/*', 'Connection': 'keep-alive'} 
 body=None 
 </msg>
<msg time="2024-06-17T22:13:43.874809" level="INFO">GET Response : url=https://randomuser.me/api 
 status=200, reason=OK 
 headers={'Date': 'Mon, 17 Jun 2024 22:13:43 GMT', 'Content-Type': 'application/json; charset=utf-8', 'Transfer-Encoding': 'chunked', 'Connection': 'keep-alive', 'X-Powered-By': 'Express', 'Access-Control-Allow-Origin': '*', 'Cache-Control': 'no-cache', 'ETag': 'W/"48f-mB/lKrCFUmtmJpOZiSeZcbPDcqU"', 'Vary': 'Accept-Encoding', 'Content-Encoding': 'gzip', 'CF-Cache-Status': 'DYNAMIC', 'Report-To': '{"endpoints":[{"url":"https:\\/\\/a.nel.cloudflare.com\\/report\\/v4?s=vR8Gu1fLpc0cPWiq%2BJhCk4t%2Fmlr1orsIkdSdV8WqJD2T7HUBlS5PofFZJF0tgeQhBbeYcVUphz5yD0BkeYq7E9ekoQKgF%2FmGz5whrajXu08TXnz9liJtVI4zxT1AbIJx"}],"group":"cf-nel","max_age":604800}', 'NEL': '{"success_fraction":0,"report_to":"cf-nel","max_age":604800}', 'Server': 'cloudflare', 'CF-RAY': '89566374a8562087-IAD', 'alt-svc': 'h3=":443"; ma=86400'} 
 body={"results":[{"gender":"male","name":{"title":"Mr","first":"Ronnie","last":"Chambers"},"location":{"street":{"number":8952,"name":"Grove Road"},"city":"Bangor","state":"Herefordshire","country":"United Kingdom","postcode":"R5 7FF","coordinates":{"latitude":"-7.5620","longitude":"-82.5780"},"timezone":{"offset":"+6:00","description":"Almaty, Dhaka, Colombo"}},"email":"ronnie.chambers@example.com","login":{"uuid":"d2ce3079-7974-4a21-ac25-a00c2f1eeb96","username":"blackfrog707","password":"sandro","salt":"DMEsPjej","md5":"af765687b731d069519e6b95f1dc01ad","sha1":"51354eba0478892a6dae8b44b9e5b8745655be95","sha256":"b8ede2167045b341f10dd027f814227bec1135fe3d01ebd358ac45945f9b07e0"},"dob":{"date":"1946-03-25T21:22:21.113Z","age":78},"registered":{"date":"2003-06-18T19:03:50.448Z","age":20},"phone":"016977 06295","cell":"07494 902101","id":{"name":"NINO","value":"HC 17 17 85 Q"},"picture":{"large":"https://randomuser.me/api/portraits/men/79.jpg","medium":"https://randomuser.me/api/portraits/med/men/79.jpg","thumbnail":"https://randomuser.me/api/portraits/thumb/men/79.jpg"},"nat":"GB"}],"info":{"seed":"20bc64d43d3a7cc9","results":1,"page":1,"version":"1.4"}} 
 </msg>
<msg time="2024-06-17T22:13:43.874889" level="INFO">/opt/hostedtoolcache/Python/3.12.3/x64/lib/python3.12/site-packages/urllib3/connectionpool.py:1099: InsecureRequestWarning: Unverified HTTPS request is being made to host 'randomuser.me'. Adding certificate verification is strongly advised. See: https://urllib3.readthedocs.io/en/latest/advanced-usage.html#tls-warnings
  warnings.warn(</msg>
<msg time="2024-06-17T22:13:43.875031" level="INFO">${response} = &lt;Response [200]&gt;</msg>
<var>${response}</var>
<arg>consultarAPI</arg>
<arg>/api</arg>
<doc>Sends a GET request on a previously created HTTP Session.</doc>
<status status="PASS" start="2024-06-17T22:13:43.777651" elapsed="0.097422"/>
</kw>
<kw name="Set Variable" owner="BuiltIn">
<msg time="2024-06-17T22:13:43.876128" level="INFO">${json_data} = {'results': [{'gender': 'male', 'name': {'title': 'Mr', 'first': 'Ronnie', 'last': 'Chambers'}, 'location': {'street': {'number': 8952, 'name': 'Grove Road'}, 'city': 'Bangor', 'state': 'Herefordshire...</msg>
<var>${json_data}</var>
<arg>${response.json()}</arg>
<doc>Returns the given values which can then be assigned to a variables.</doc>
<status status="PASS" start="2024-06-17T22:13:43.875614" elapsed="0.000542"/>
</kw>
<kw name="Log" owner="BuiltIn">
<msg time="2024-06-17T22:13:43.876628" level="INFO">{'results': [{'gender': 'male', 'name': {'title': 'Mr', 'first': 'Ronnie', 'last': 'Chambers'}, 'location': {'street': {'number': 8952, 'name': 'Grove Road'}, 'city': 'Bangor', 'state': 'Herefordshire', 'country': 'United Kingdom', 'postcode': 'R5 7FF', 'coordinates': {'latitude': '-7.5620', 'longitude': '-82.5780'}, 'timezone': {'offset': '+6:00', 'description': 'Almaty, Dhaka, Colombo'}}, 'email': 'ronnie.chambers@example.com', 'login': {'uuid': 'd2ce3079-7974-4a21-ac25-a00c2f1eeb96', 'username': 'blackfrog707', 'password': 'sandro', 'salt': 'DMEsPjej', 'md5': 'af765687b731d069519e6b95f1dc01ad', 'sha1': '51354eba0478892a6dae8b44b9e5b8745655be95', 'sha256': 'b8ede2167045b341f10dd027f814227bec1135fe3d01ebd358ac45945f9b07e0'}, 'dob': {'date': '1946-03-25T21:22:21.113Z', 'age': 78}, 'registered': {'date': '2003-06-18T19:03:50.448Z', 'age': 20}, 'phone': '016977 06295', 'cell': '07494 902101', 'id': {'name': 'NINO', 'value': 'HC 17 17 85 Q'}, 'picture': {'large': 'https://randomuser.me/api/portraits/men/79.jpg', 'medium': 'https://randomuser.me/api/portraits/med/men/79.jpg', 'thumbnail': 'https://randomuser.me/api/portraits/thumb/men/79.jpg'}, 'nat': 'GB'}], 'info': {'seed': '20bc64d43d3a7cc9', 'results': 1, 'page': 1, 'version': '1.4'}}</msg>
<arg>${json_data}</arg>
<doc>Logs the given message with the given level.</doc>
<status status="PASS" start="2024-06-17T22:13:43.876470" elapsed="0.000204"/>
</kw>
<kw name="Should Be String" owner="String">
<arg>${json_data['results'][0]['gender']}</arg>
<doc>Fails if the given ``item`` is not a string.</doc>
<status status="PASS" start="2024-06-17T22:13:43.876959" elapsed="0.000359"/>
</kw>
<kw name="Should Match Regexp" owner="BuiltIn">
<arg>${json_data['results'][0]['email']}</arg>
<arg>^[a-zA-Z0-9._%+-]+@[a-zA-Z0-9.-]+\.[a-zA-Z]{2,}$</arg>
<doc>Fails if ``string`` does not match ``pattern`` as a regular expression.</doc>
<status status="PASS" start="2024-06-17T22:13:43.877505" elapsed="0.000508"/>
</kw>
<kw name="Should Match Regexp" owner="BuiltIn">
<arg>${json_data['results'][0]['dob']['date']}</arg>
<arg>\\d{4}-\\d{2}-\\d{2}T\\d{2}:\\d{2}:\\d{2}\\.\\d{3}Z</arg>
<doc>Fails if ``string`` does not match ``pattern`` as a regular expression.</doc>
<status status="PASS" start="2024-06-17T22:13:43.878241" elapsed="0.000489"/>
</kw>
<kw name="Should Match Regexp" owner="BuiltIn">
<arg>${json_data['results'][0]['registered']['date']}</arg>
<arg>\\d{4}-\\d{2}-\\d{2}T\\d{2}:\\d{2}:\\d{2}\\.\\d{3}Z</arg>
<doc>Fails if ``string`` does not match ``pattern`` as a regular expression.</doc>
<status status="PASS" start="2024-06-17T22:13:43.878922" elapsed="0.000372"/>
</kw>
<kw name="Should Match Regexp" owner="BuiltIn">
<arg>${json_data['results'][0]['picture']['large']}</arg>
<arg>^https?://.*\.(?:png|jpe?g|gif|bmp)$</arg>
<doc>Fails if ``string`` does not match ``pattern`` as a regular expression.</doc>
<status status="PASS" start="2024-06-17T22:13:43.879481" elapsed="0.000480"/>
</kw>
<kw name="Should Match Regexp" owner="BuiltIn">
<arg>${json_data['results'][0]['picture']['medium']}</arg>
<arg>^https?://.*\.(?:png|jpe?g|gif|bmp)$</arg>
<doc>Fails if ``string`` does not match ``pattern`` as a regular expression.</doc>
<status status="PASS" start="2024-06-17T22:13:43.880147" elapsed="0.000356"/>
</kw>
<kw name="Should Match Regexp" owner="BuiltIn">
<arg>${json_data['results'][0]['picture']['thumbnail']}</arg>
<arg>^https?://.*\.(?:png|jpe?g|gif|bmp)$</arg>
<doc>Fails if ``string`` does not match ``pattern`` as a regular expression.</doc>
<status status="PASS" start="2024-06-17T22:13:43.880687" elapsed="0.000342"/>
</kw>
<kw name="Log" owner="BuiltIn">
<msg time="2024-06-17T22:13:43.881543" level="INFO">{'large': 'https://randomuser.me/api/portraits/men/79.jpg', 'medium': 'https://randomuser.me/api/portraits/med/men/79.jpg', 'thumbnail': 'https://randomuser.me/api/portraits/thumb/men/79.jpg'}</msg>
<arg>${json_data['results'][0]['picture']}</arg>
<doc>Logs the given message with the given level.</doc>
<status status="PASS" start="2024-06-17T22:13:43.881215" elapsed="0.000371"/>
</kw>
<status status="PASS" start="2024-06-17T22:13:43.777417" elapsed="0.104426"/>
</kw>
<kw name="Teste de Tipos de Dados - Postcode" owner="random-user-service">
<kw name="GET On Session" owner="RequestsLibrary">
<msg time="2024-06-17T22:13:44.104322" level="INFO">GET Request : url=https://randomuser.me/api 
 path_url=/api 
 headers={'User-Agent': 'python-requests/2.32.3', 'Accept-Encoding': 'gzip, deflate', 'Accept': '*/*', 'Connection': 'keep-alive'} 
 body=None 
 </msg>
<msg time="2024-06-17T22:13:44.104422" level="INFO">GET Response : url=https://randomuser.me/api 
 status=200, reason=OK 
 headers={'Date': 'Mon, 17 Jun 2024 22:13:44 GMT', 'Content-Type': 'application/json; charset=utf-8', 'Transfer-Encoding': 'chunked', 'Connection': 'keep-alive', 'X-Powered-By': 'Express', 'Access-Control-Allow-Origin': '*', 'Cache-Control': 'no-cache', 'ETag': 'W/"4b2-E2DUaxp2Qb6g2JYMhY+Gl+WGSWE"', 'Vary': 'Accept-Encoding', 'Content-Encoding': 'gzip', 'CF-Cache-Status': 'DYNAMIC', 'Report-To': '{"endpoints":[{"url":"https:\\/\\/a.nel.cloudflare.com\\/report\\/v4?s=qVBtW7i5k3BUbr0XRNgEzewylcXYwA50mHfGXZ4LqvW0rVDAH1OfDDsw1xh9%2Bcw2%2BJW2ebcpSYeuekQH7RqVSblRKOM0t2OqV3gz%2BihK2DUpJClwwfNV66TI%2FEIXIdih"}],"group":"cf-nel","max_age":604800}', 'NEL': '{"success_fraction":0,"report_to":"cf-nel","max_age":604800}', 'Server': 'cloudflare', 'CF-RAY': '8956637549062087-IAD', 'alt-svc': 'h3=":443"; ma=86400'} 
 body={"results":[{"gender":"female","name":{"title":"Mrs","first":"Emilie","last":"Arnaud"},"location":{"street":{"number":4883,"name":"Rue Docteur-Bonhomme"},"city":"Le Mans","state":"Hautes-Pyrénées","country":"France","postcode":76534,"coordinates":{"latitude":"-19.3636","longitude":"89.1149"},"timezone":{"offset":"-5:00","description":"Eastern Time (US &amp; Canada), Bogota, Lima"}},"email":"emilie.arnaud@example.com","login":{"uuid":"50837b67-bce6-46e8-856d-188529d97239","username":"ticklishcat589","password":"guai","salt":"V4Az6Fru","md5":"6c68e92d25a15cd6786faff9c9247f11","sha1":"ad45b5d584ec8726f3fa031ed2335c4623310f75","sha256":"36e2724493fb386171267de12e8b2560a089946f3095fd141ebd75dbe039a584"},"dob":{"date":"1973-08-24T10:08:05.852Z","age":50},"registered":{"date":"2009-08-31T01:32:38.431Z","age":14},"phone":"03-85-41-26-64","cell":"06-42-23-02-20","id":{"name":"INSEE","value":"2730783039600 87"},"picture":{"large":"https://randomuser.me/api/portraits/women/16.jpg","medium":"https://randomuser.me/api/portraits/med/women/16.jpg","thumbnail":"https://randomuser.me/api/portraits/thumb/women/16.jpg"},"nat":"FR"}],"info":{"seed":"9afb48d1f22bfdba","results":1,"page":1,"version":"1.4"}} 
 </msg>
<msg time="2024-06-17T22:13:44.104495" level="INFO">/opt/hostedtoolcache/Python/3.12.3/x64/lib/python3.12/site-packages/urllib3/connectionpool.py:1099: InsecureRequestWarning: Unverified HTTPS request is being made to host 'randomuser.me'. Adding certificate verification is strongly advised. See: https://urllib3.readthedocs.io/en/latest/advanced-usage.html#tls-warnings
  warnings.warn(</msg>
<msg time="2024-06-17T22:13:44.104637" level="INFO">${response} = &lt;Response [200]&gt;</msg>
<var>${response}</var>
<arg>consultarAPI</arg>
<arg>/api</arg>
<doc>Sends a GET request on a previously created HTTP Session.</doc>
<status status="PASS" start="2024-06-17T22:13:43.882303" elapsed="0.222373"/>
</kw>
<kw name="Set Variable" owner="BuiltIn">
<msg time="2024-06-17T22:13:44.105742" level="INFO">${json_data} = {'results': [{'gender': 'female', 'name': {'title': 'Mrs', 'first': 'Emilie', 'last': 'Arnaud'}, 'location': {'street': {'number': 4883, 'name': 'Rue Docteur-Bonhomme'}, 'city': 'Le Mans', 'state': 'H...</msg>
<var>${json_data}</var>
<arg>${response.json()}</arg>
<doc>Returns the given values which can then be assigned to a variables.</doc>
<status status="PASS" start="2024-06-17T22:13:44.105218" elapsed="0.000555"/>
</kw>
<kw name="Log" owner="BuiltIn">
<msg time="2024-06-17T22:13:44.106245" level="INFO">{'results': [{'gender': 'female', 'name': {'title': 'Mrs', 'first': 'Emilie', 'last': 'Arnaud'}, 'location': {'street': {'number': 4883, 'name': 'Rue Docteur-Bonhomme'}, 'city': 'Le Mans', 'state': 'Hautes-Pyrénées', 'country': 'France', 'postcode': 76534, 'coordinates': {'latitude': '-19.3636', 'longitude': '89.1149'}, 'timezone': {'offset': '-5:00', 'description': 'Eastern Time (US &amp; Canada), Bogota, Lima'}}, 'email': 'emilie.arnaud@example.com', 'login': {'uuid': '50837b67-bce6-46e8-856d-188529d97239', 'username': 'ticklishcat589', 'password': 'guai', 'salt': 'V4Az6Fru', 'md5': '6c68e92d25a15cd6786faff9c9247f11', 'sha1': 'ad45b5d584ec8726f3fa031ed2335c4623310f75', 'sha256': '36e2724493fb386171267de12e8b2560a089946f3095fd141ebd75dbe039a584'}, 'dob': {'date': '1973-08-24T10:08:05.852Z', 'age': 50}, 'registered': {'date': '2009-08-31T01:32:38.431Z', 'age': 14}, 'phone': '03-85-41-26-64', 'cell': '06-42-23-02-20', 'id': {'name': 'INSEE', 'value': '2730783039600 87'}, 'picture': {'large': 'https://randomuser.me/api/portraits/women/16.jpg', 'medium': 'https://randomuser.me/api/portraits/med/women/16.jpg', 'thumbnail': 'https://randomuser.me/api/portraits/thumb/women/16.jpg'}, 'nat': 'FR'}], 'info': {'seed': '9afb48d1f22bfdba', 'results': 1, 'page': 1, 'version': '1.4'}}</msg>
<arg>${json_data}</arg>
<doc>Logs the given message with the given level.</doc>
<status status="PASS" start="2024-06-17T22:13:44.106082" elapsed="0.000226"/>
</kw>
<kw name="Should Be Equal As Numbers" owner="BuiltIn">
<arg>${json_data['results'][0]['location']['postcode']}</arg>
<arg>${json_data['results'][0]['location']['postcode']}</arg>
<doc>Fails if objects are unequal after converting them to real numbers.</doc>
<status status="PASS" start="2024-06-17T22:13:44.106604" elapsed="0.000621"/>
</kw>
<kw name="Log" owner="BuiltIn">
<msg time="2024-06-17T22:13:44.107809" level="INFO">76534</msg>
<arg>${json_data['results'][0]['location']['postcode']}</arg>
<doc>Logs the given message with the given level.</doc>
<status status="PASS" start="2024-06-17T22:13:44.107429" elapsed="0.000422"/>
</kw>
<status status="PASS" start="2024-06-17T22:13:43.882073" elapsed="0.226068"/>
</kw>
<doc>Testa se os tipos de dados na resposta da API estão corretos.</doc>
<tag>testeTiposDados</tag>
<status status="PASS" start="2024-06-17T22:13:43.776754" elapsed="0.331561"/>
</test>
<test id="s1-s1-t5" name="Validar conteudo" line="35">
<kw name="Teste de Tipos de Conteudo" owner="random-user-service">
<kw name="GET On Session" owner="RequestsLibrary">
<msg time="2024-06-17T22:13:44.244224" level="INFO">GET Request : url=https://randomuser.me/api 
 path_url=/api 
 headers={'User-Agent': 'python-requests/2.32.3', 'Accept-Encoding': 'gzip, deflate', 'Accept': '*/*', 'Connection': 'keep-alive'} 
 body=None 
 </msg>
<msg time="2024-06-17T22:13:44.244335" level="INFO">GET Response : url=https://randomuser.me/api 
 status=200, reason=OK 
 headers={'Date': 'Mon, 17 Jun 2024 22:13:44 GMT', 'Content-Type': 'application/json; charset=utf-8', 'Transfer-Encoding': 'chunked', 'Connection': 'keep-alive', 'X-Powered-By': 'Express', 'Access-Control-Allow-Origin': '*', 'Cache-Control': 'no-cache', 'ETag': 'W/"4a5-IMe0PoHIcvl/OXIb7ArN7rlQ4VE"', 'Vary': 'Accept-Encoding', 'Content-Encoding': 'gzip', 'CF-Cache-Status': 'DYNAMIC', 'Report-To': '{"endpoints":[{"url":"https:\\/\\/a.nel.cloudflare.com\\/report\\/v4?s=n4RGj%2BxjtH4aP9ZK2FXJ0UFBrTfIFtFKqqFX%2B3YBYnlmwZj59FYFQKB3OW4DLKE9BbK92D36ThNm%2Fp4vCLganfXkTo4yKgoZS8iLx1NqkQaYev1OOjglBYgOdN%2FrSx1D"}],"group":"cf-nel","max_age":604800}', 'NEL': '{"success_fraction":0,"report_to":"cf-nel","max_age":604800}', 'Server': 'cloudflare', 'CF-RAY': '89566376ba812087-IAD', 'alt-svc': 'h3=":443"; ma=86400'} 
 body={"results":[{"gender":"female","name":{"title":"Miss","first":"Danni","last":"Appels"},"location":{"street":{"number":8007,"name":"Duisterweg"},"city":"Sas van Gent","state":"Flevoland","country":"Netherlands","postcode":"3698 ZL","coordinates":{"latitude":"38.1923","longitude":"15.2615"},"timezone":{"offset":"+5:00","description":"Ekaterinburg, Islamabad, Karachi, Tashkent"}},"email":"danni.appels@example.com","login":{"uuid":"304ac7b2-0612-4612-86cf-78c3743e0198","username":"yellowkoala596","password":"sampson","salt":"zgkAejVx","md5":"7c63f0a916111a00250eaa626451ade4","sha1":"748ff6eb17df95c0233acd9c8cafd31077ea6dca","sha256":"82eed8d832582de2a75aa6511eaf0566000a054f14351a83f0ab808a88661fe0"},"dob":{"date":"1990-02-28T16:50:13.342Z","age":34},"registered":{"date":"2007-02-08T11:43:22.813Z","age":17},"phone":"(021) 9015569","cell":"(06) 90856492","id":{"name":"BSN","value":"91955129"},"picture":{"large":"https://randomuser.me/api/portraits/women/46.jpg","medium":"https://randomuser.me/api/portraits/med/women/46.jpg","thumbnail":"https://randomuser.me/api/portraits/thumb/women/46.jpg"},"nat":"NL"}],"info":{"seed":"663af372dbb5b89b","results":1,"page":1,"version":"1.4"}} 
 </msg>
<msg time="2024-06-17T22:13:44.244438" level="INFO">/opt/hostedtoolcache/Python/3.12.3/x64/lib/python3.12/site-packages/urllib3/connectionpool.py:1099: InsecureRequestWarning: Unverified HTTPS request is being made to host 'randomuser.me'. Adding certificate verification is strongly advised. See: https://urllib3.readthedocs.io/en/latest/advanced-usage.html#tls-warnings
  warnings.warn(</msg>
<msg time="2024-06-17T22:13:44.244601" level="INFO">${response} = &lt;Response [200]&gt;</msg>
<var>${response}</var>
<arg>consultarAPI</arg>
<arg>/api</arg>
<doc>Sends a GET request on a previously created HTTP Session.</doc>
<status status="PASS" start="2024-06-17T22:13:44.111028" elapsed="0.133616"/>
</kw>
<kw name="Set Variable" owner="BuiltIn">
<msg time="2024-06-17T22:13:44.245665" level="INFO">${json_data} = {'results': [{'gender': 'female', 'name': {'title': 'Miss', 'first': 'Danni', 'last': 'Appels'}, 'location': {'street': {'number': 8007, 'name': 'Duisterweg'}, 'city': 'Sas van Gent', 'state': 'Flevol...</msg>
<var>${json_data}</var>
<arg>${response.json()}</arg>
<doc>Returns the given values which can then be assigned to a variables.</doc>
<status status="PASS" start="2024-06-17T22:13:44.245163" elapsed="0.000531"/>
</kw>
<kw name="Set Variable" owner="BuiltIn">
<msg time="2024-06-17T22:13:44.246382" level="INFO">${name_title} = Miss</msg>
<var>${name_title}</var>
<arg>${json_data["results"][0]["name"]["title"]}</arg>
<doc>Returns the given values which can then be assigned to a variables.</doc>
<status status="PASS" start="2024-06-17T22:13:44.246002" elapsed="0.000405"/>
</kw>
<kw name="Create List" owner="BuiltIn">
<msg time="2024-06-17T22:13:44.246885" level="INFO">${allowed_titles} = ['Mr', 'Ms', 'Miss', 'Mrs', 'Madame', 'Monsieur']</msg>
<var>${allowed_titles}</var>
<arg>Mr</arg>
<arg>Ms</arg>
<arg>Miss</arg>
<arg>Mrs</arg>
<arg>Madame</arg>
<arg>Monsieur</arg>
<doc>Returns a list containing given items.</doc>
<status status="PASS" start="2024-06-17T22:13:44.246718" elapsed="0.000191"/>
</kw>
<kw name="List Should Contain Value" owner="Collections">
<arg>${allowed_titles}</arg>
<arg>${name_title}</arg>
<doc>Fails if the ``value`` is not found from ``list``.</doc>
<status status="PASS" start="2024-06-17T22:13:44.247211" elapsed="0.000177"/>
</kw>
<kw name="Set Variable" owner="BuiltIn">
<msg time="2024-06-17T22:13:44.247988" level="INFO">${name_country} = NL</msg>
<var>${name_country}</var>
<arg>${json_data["results"][0]["nat"]}</arg>
<doc>Returns the given values which can then be assigned to a variables.</doc>
<status status="PASS" start="2024-06-17T22:13:44.247605" elapsed="0.000409"/>
</kw>
<kw name="Create List" owner="BuiltIn">
<msg time="2024-06-17T22:13:44.248912" level="INFO">${list_country} = ['AD', 'AE', 'AF', 'AG', 'AI', 'AL', 'AM', 'AO', 'AQ', 'AR', 'AS', 'AT', 'AU', 'AW', 'AX', 'AZ', 'BA', 'BB', 'BD', 'BE', 'BF', 'BG', 'BH', 'BI', 'BJ', 'BL', 'BM', 'BN', 'BO', 'BQ', 'BR', 'BS', 'BT', '...</msg>
<var>${list_country}</var>
<arg>AD</arg>
<arg>AE</arg>
<arg>AF</arg>
<arg>AG</arg>
<arg>AI</arg>
<arg>AL</arg>
<arg>AM</arg>
<arg>AO</arg>
<arg>AQ</arg>
<arg>AR</arg>
<arg>AS</arg>
<arg>AT</arg>
<arg>AU</arg>
<arg>AW</arg>
<arg>AX</arg>
<arg>AZ</arg>
<arg>BA</arg>
<arg>BB</arg>
<arg>BD</arg>
<arg>BE</arg>
<arg>BF</arg>
<arg>BG</arg>
<arg>BH</arg>
<arg>BI</arg>
<arg>BJ</arg>
<arg>BL</arg>
<arg>BM</arg>
<arg>BN</arg>
<arg>BO</arg>
<arg>BQ</arg>
<arg>BR</arg>
<arg>BS</arg>
<arg>BT</arg>
<arg>BV</arg>
<arg>BW</arg>
<arg>BY</arg>
<arg>BZ</arg>
<arg>CA</arg>
<arg>CC</arg>
<arg>CD</arg>
<arg>CF</arg>
<arg>CG</arg>
<arg>CH</arg>
<arg>CI</arg>
<arg>CK</arg>
<arg>CL</arg>
<arg>CM</arg>
<arg>CN</arg>
<arg>CO</arg>
<arg>CR</arg>
<arg>CU</arg>
<arg>CV</arg>
<arg>CW</arg>
<arg>CX</arg>
<arg>CY</arg>
<arg>CZ</arg>
<arg>DE</arg>
<arg>DJ</arg>
<arg>DK</arg>
<arg>DM</arg>
<arg>DO</arg>
<arg>DZ</arg>
<arg>EC</arg>
<arg>EE</arg>
<arg>EG</arg>
<arg>EH</arg>
<arg>ER</arg>
<arg>ES</arg>
<arg>ET</arg>
<arg>FI</arg>
<arg>FJ</arg>
<arg>FK</arg>
<arg>FM</arg>
<arg>FO</arg>
<arg>FR</arg>
<arg>GA</arg>
<arg>GB</arg>
<arg>GD</arg>
<arg>GE</arg>
<arg>GF</arg>
<arg>GG</arg>
<arg>GH</arg>
<arg>GI</arg>
<arg>GL</arg>
<arg>GM</arg>
<arg>GN</arg>
<arg>GP</arg>
<arg>GQ</arg>
<arg>GR</arg>
<arg>GS</arg>
<arg>GT</arg>
<arg>GU</arg>
<arg>GW</arg>
<arg>GY</arg>
<arg>HK</arg>
<arg>HM</arg>
<arg>HN</arg>
<arg>HR</arg>
<arg>HT</arg>
<arg>HU</arg>
<arg>ID</arg>
<arg>IE</arg>
<arg>IL</arg>
<arg>IM</arg>
<arg>IN</arg>
<arg>IO</arg>
<arg>IQ</arg>
<arg>IR</arg>
<arg>IS</arg>
<arg>IT</arg>
<arg>JE</arg>
<arg>JM</arg>
<arg>JO</arg>
<arg>JP</arg>
<arg>KE</arg>
<arg>KG</arg>
<arg>KH</arg>
<arg>KI</arg>
<arg>KM</arg>
<arg>KN</arg>
<arg>KP</arg>
<arg>KR</arg>
<arg>KW</arg>
<arg>KY</arg>
<arg>KZ</arg>
<arg>LA</arg>
<arg>LB</arg>
<arg>LC</arg>
<arg>LI</arg>
<arg>LK</arg>
<arg>LR</arg>
<arg>LS</arg>
<arg>LT</arg>
<arg>LU</arg>
<arg>LV</arg>
<arg>LY</arg>
<arg>MA</arg>
<arg>MC</arg>
<arg>MD</arg>
<arg>ME</arg>
<arg>MF</arg>
<arg>MG</arg>
<arg>MH</arg>
<arg>MK</arg>
<arg>ML</arg>
<arg>MM</arg>
<arg>MN</arg>
<arg>MO</arg>
<arg>MP</arg>
<arg>MQ</arg>
<arg>MR</arg>
<arg>MS</arg>
<arg>MT</arg>
<arg>MU</arg>
<arg>MV</arg>
<arg>MW</arg>
<arg>MX</arg>
<arg>MY</arg>
<arg>MZ</arg>
<arg>NA</arg>
<arg>NC</arg>
<arg>NE</arg>
<arg>NF</arg>
<arg>NG</arg>
<arg>NI</arg>
<arg>NL</arg>
<arg>NO</arg>
<arg>NP</arg>
<arg>NR</arg>
<arg>NU</arg>
<arg>NZ</arg>
<arg>OM</arg>
<arg>PA</arg>
<arg>PE</arg>
<arg>PF</arg>
<arg>PG</arg>
<arg>PH</arg>
<arg>PK</arg>
<arg>PL</arg>
<arg>PM</arg>
<arg>PN</arg>
<arg>PR</arg>
<arg>PS</arg>
<arg>PT</arg>
<arg>PW</arg>
<arg>PY</arg>
<arg>QA</arg>
<arg>RE</arg>
<arg>RO</arg>
<arg>RS</arg>
<arg>RU</arg>
<arg>RW</arg>
<arg>SA</arg>
<arg>SB</arg>
<arg>SC</arg>
<arg>SD</arg>
<arg>SE</arg>
<arg>SG</arg>
<arg>SH</arg>
<arg>SI</arg>
<arg>SJ</arg>
<arg>SK</arg>
<arg>SL</arg>
<arg>SM</arg>
<arg>SN</arg>
<arg>SO</arg>
<arg>SR</arg>
<arg>SS</arg>
<arg>ST</arg>
<arg>SV</arg>
<arg>SX</arg>
<arg>SY</arg>
<arg>SZ</arg>
<arg>TC</arg>
<arg>TD</arg>
<arg>TF</arg>
<arg>TG</arg>
<arg>TH</arg>
<arg>TJ</arg>
<arg>TK</arg>
<arg>TL</arg>
<arg>TM</arg>
<arg>TN</arg>
<arg>TO</arg>
<arg>TR</arg>
<arg>TT</arg>
<arg>TV</arg>
<arg>TW</arg>
<arg>TZ</arg>
<arg>UA</arg>
<arg>UG</arg>
<arg>UM</arg>
<arg>US</arg>
<arg>UY</arg>
<arg>UZ</arg>
<arg>VA</arg>
<arg>VC</arg>
<arg>VE</arg>
<arg>VG</arg>
<arg>VI</arg>
<arg>VN</arg>
<arg>VU</arg>
<arg>WF</arg>
<arg>WS</arg>
<arg>XK</arg>
<arg>YE</arg>
<arg>YT</arg>
<arg>ZA</arg>
<arg>ZM</arg>
<arg>ZW</arg>
<doc>Returns a list containing given items.</doc>
<status status="PASS" start="2024-06-17T22:13:44.248307" elapsed="0.000632"/>
</kw>
<kw name="List Should Contain Value" owner="Collections">
<arg>${list_country}</arg>
<arg>${name_country}</arg>
<doc>Fails if the ``value`` is not found from ``list``.</doc>
<status status="PASS" start="2024-06-17T22:13:44.249738" elapsed="0.000211"/>
</kw>
<kw name="Run Keyword If" owner="BuiltIn">
<kw name="Should Be True" owner="BuiltIn">
<arg>${True}</arg>
<doc>Fails if the given condition is not true.</doc>
<status status="PASS" start="2024-06-17T22:13:44.250883" elapsed="0.000141"/>
</kw>
<arg>${json_data["results"][0]["location"]["coordinates"]["latitude"]} &gt;= -90 and ${json_data["results"][0]["location"]["coordinates"]["latitude"]} &lt;= 90</arg>
<arg>Should Be True</arg>
<arg>${True}</arg>
<doc>Runs the given keyword with the given arguments, if ``condition`` is true.</doc>
<status status="PASS" start="2024-06-17T22:13:44.250147" elapsed="0.001001"/>
</kw>
<kw name="Run Keyword If" owner="BuiltIn">
<kw name="Should Be True" owner="BuiltIn">
<arg>${True}</arg>
<doc>Fails if the given condition is not true.</doc>
<status status="PASS" start="2024-06-17T22:13:44.252044" elapsed="0.000136"/>
</kw>
<arg>${json_data["results"][0]["location"]["coordinates"]["longitude"]} &gt;= -180 and ${json_data["results"][0]["location"]["coordinates"]["longitude"]} &lt;= 180</arg>
<arg>Should Be True</arg>
<arg>${True}</arg>
<doc>Runs the given keyword with the given arguments, if ``condition`` is true.</doc>
<status status="PASS" start="2024-06-17T22:13:44.251328" elapsed="0.000976"/>
</kw>
<status status="PASS" start="2024-06-17T22:13:44.110622" elapsed="0.141816"/>
</kw>
<doc>Testa o conteúdo específico dos campos retornados pela API.</doc>
<tag>testeConteudo</tag>
<status status="PASS" start="2024-06-17T22:13:44.110074" elapsed="0.142526"/>
</test>
<status status="PASS" start="2024-06-17T22:13:42.861278" elapsed="1.393325"/>
</suite>
<status status="PASS" start="2024-06-17T22:13:42.847625" elapsed="1.412404"/>
</suite>
<statistics>
<total>
<stat pass="5" fail="0" skip="0">All Tests</stat>
</total>
<tag>
<stat pass="1" fail="0" skip="0">testeConteudo</stat>
<stat pass="1" fail="0" skip="0">testeEstruturaResposta</stat>
<stat pass="1" fail="0" skip="0">testeRequisicaoBasica</stat>
<stat pass="1" fail="0" skip="0">testeTiposDados</stat>
</tag>
<suite>
<stat pass="5" fail="0" skip="0" id="s1" name="Tests">Tests</stat>
<stat pass="5" fail="0" skip="0" id="s1-s1" name="Random-User-Test">Tests.Random-User-Test</stat>
</suite>
</statistics>
<errors>
</errors>
</robot>
