<?xml version="1.0" encoding="UTF-8"?>
<robot generator="Robot 7.0 (Python 3.12.3 on linux)" generated="2024-05-22T11:13:30.573399" rpa="false" schemaversion="5">
<suite id="s1" name="Tests" source="/home/runner/work/DesafioQAItauRogerioJordao/DesafioQAItauRogerioJordao/RamdonUser/tests">
<suite id="s1-s1" name="Random-User-Test" source="/home/runner/work/DesafioQAItauRogerioJordao/DesafioQAItauRogerioJordao/RamdonUser/tests/random-user-test.robot">
<test id="s1-s1-t1" name="Conectar" line="13">
<kw name="Conectar API" owner="random-user-service">
<kw name="Create Session" owner="RequestsLibrary">
<msg time="2024-05-22T11:13:30.982212" level="INFO">Creating Session using : alias=consultarAPI, url=https://randomuser.me/, headers={},                     cookies={}, auth=None, timeout=None, proxies=None, verify=False,                     debug=0 </msg>
<arg>consultarAPI</arg>
<arg>${URL}</arg>
<doc>Create Session: create a HTTP session to a server</doc>
<status status="PASS" start="2024-05-22T11:13:30.981990" elapsed="0.000423"/>
</kw>
<status status="PASS" start="2024-05-22T11:13:30.980871" elapsed="0.001930"/>
</kw>
<status status="PASS" start="2024-05-22T11:13:30.980274" elapsed="0.002731"/>
</test>
<test id="s1-s1-t2" name="Validar retorno 200 e JSON Válido" line="16">
<kw name="Teste de Requisicao Basica" owner="random-user-service">
<kw name="GET On Session" owner="RequestsLibrary">
<msg time="2024-05-22T11:13:31.279900" level="INFO">GET Request : url=https://randomuser.me/api 
 path_url=/api 
 headers={'User-Agent': 'python-requests/2.32.2', 'Accept-Encoding': 'gzip, deflate', 'Accept': '*/*', 'Connection': 'keep-alive'} 
 body=None 
 </msg>
<msg time="2024-05-22T11:13:31.280059" level="INFO">GET Response : url=https://randomuser.me/api 
 status=200, reason=OK 
 headers={'Date': 'Wed, 22 May 2024 11:13:31 GMT', 'Content-Type': 'application/json; charset=utf-8', 'Transfer-Encoding': 'chunked', 'Connection': 'keep-alive', 'X-Powered-By': 'Express', 'Access-Control-Allow-Origin': '*', 'Cache-Control': 'no-cache', 'ETag': 'W/"48b-va/G0evaHEatcPghogBADGIwZJg"', 'Vary': 'Accept-Encoding', 'Content-Encoding': 'gzip', 'CF-Cache-Status': 'DYNAMIC', 'Report-To': '{"endpoints":[{"url":"https:\\/\\/a.nel.cloudflare.com\\/report\\/v4?s=labSEV%2FOiFHMsw0Abf6uEbj7tkkKPs2Zmx08DUbcCVjWHFNkA6QP2AcPRJHq6rinDUcem6ArNzd8%2BK3%2BSW7ILxg4K%2BL66SSHgutFQVzMbZY6IY7dyXHxpLtUsq92C944"}],"group":"cf-nel","max_age":604800}', 'NEL': '{"success_fraction":0,"report_to":"cf-nel","max_age":604800}', 'Server': 'cloudflare', 'CF-RAY': '887c6098debd15d4-SJC', 'alt-svc': 'h3=":443"; ma=86400'} 
 body={"results":[{"gender":"male","name":{"title":"Mr","first":"Freddy","last":"Nelles"},"location":{"street":{"number":1153,"name":"Lindenweg"},"city":"Schillingsfürst","state":"Sachsen","country":"Germany","postcode":47895,"coordinates":{"latitude":"-55.4537","longitude":"-69.2707"},"timezone":{"offset":"+6:00","description":"Almaty, Dhaka, Colombo"}},"email":"freddy.nelles@example.com","login":{"uuid":"49c19cc6-b6c2-4832-801a-faea29ee9416","username":"beautifulmouse992","password":"456654","salt":"RyXiGmlp","md5":"42111b58f22a84400d60067974a42de7","sha1":"881e932c3814d5c46f13f8be87f978349d95fe6b","sha256":"57374a8a4ac14871e6f8220b2b7829d03fe3b38e2d86990e0fd45bb233d28cf2"},"dob":{"date":"1982-04-02T12:20:04.225Z","age":42},"registered":{"date":"2020-04-07T18:06:07.353Z","age":4},"phone":"0169-8630317","cell":"0178-3474604","id":{"name":"SVNR","value":"25 020482 N 481"},"picture":{"large":"https://randomuser.me/api/portraits/men/64.jpg","medium":"https://randomuser.me/api/portraits/med/men/64.jpg","thumbnail":"https://randomuser.me/api/portraits/thumb/men/64.jpg"},"nat":"DE"}],"info":{"seed":"24efe0b7493953ac","results":1,"page":1,"version":"1.4"}} 
 </msg>
<msg time="2024-05-22T11:13:31.280143" level="INFO">/opt/hostedtoolcache/Python/3.12.3/x64/lib/python3.12/site-packages/urllib3/connectionpool.py:1103: InsecureRequestWarning: Unverified HTTPS request is being made to host 'randomuser.me'. Adding certificate verification is strongly advised. See: https://urllib3.readthedocs.io/en/latest/advanced-usage.html#tls-warnings
  warnings.warn(</msg>
<msg time="2024-05-22T11:13:31.280398" level="INFO">${response} = &lt;Response [200]&gt;</msg>
<var>${response}</var>
<arg>consultarAPI</arg>
<arg>/api</arg>
<doc>Sends a GET request on a previously created HTTP Session.</doc>
<status status="PASS" start="2024-05-22T11:13:30.985658" elapsed="0.294777"/>
</kw>
<kw name="Should Be Equal As Numbers" owner="BuiltIn">
<msg time="2024-05-22T11:13:31.281415" level="INFO">Argument types are:
&lt;class 'int'&gt;
&lt;class 'str'&gt;</msg>
<arg>${response.status_code}</arg>
<arg>200</arg>
<doc>Fails if objects are unequal after converting them to real numbers.</doc>
<status status="PASS" start="2024-05-22T11:13:31.280960" elapsed="0.000521"/>
</kw>
<kw name="Log" owner="BuiltIn">
<msg time="2024-05-22T11:13:31.282168" level="INFO">200</msg>
<arg>${response.status_code}</arg>
<doc>Logs the given message with the given level.</doc>
<status status="PASS" start="2024-05-22T11:13:31.281826" elapsed="0.000389"/>
</kw>
<kw name="Set Variable" owner="BuiltIn">
<msg time="2024-05-22T11:13:31.282948" level="INFO">${json_data} = {'results': [{'gender': 'male', 'name': {'title': 'Mr', 'first': 'Freddy', 'last': 'Nelles'}, 'location': {'street': {'number': 1153, 'name': 'Lindenweg'}, 'city': 'Schillingsfürst', 'state': 'Sachsen...</msg>
<var>${json_data}</var>
<arg>${response.json()}</arg>
<doc>Returns the given values which can then be assigned to a variables.</doc>
<status status="PASS" start="2024-05-22T11:13:31.282516" elapsed="0.000461"/>
</kw>
<kw name="Dictionary Should Contain Key" owner="Collections">
<msg time="2024-05-22T11:13:31.283445" level="INFO">False</msg>
<arg>${json_data}</arg>
<arg>results</arg>
<doc>Fails if ``key`` is not found from ``dictionary``.</doc>
<status status="PASS" start="2024-05-22T11:13:31.283276" elapsed="0.000391"/>
</kw>
<status status="PASS" start="2024-05-22T11:13:30.985385" elapsed="0.298557"/>
</kw>
<doc>Testa se a API responde corretamente e retorna um objeto JSON válido.</doc>
<tag>testeRequisicaoBasica</tag>
<status status="PASS" start="2024-05-22T11:13:30.984916" elapsed="0.299209"/>
</test>
<test id="s1-s1-t3" name="Validar estrutura de resposta" line="22">
<kw name="Teste de Estrutura de Resposta" owner="random-user-service">
<kw name="GET On Session" owner="RequestsLibrary">
<msg time="2024-05-22T11:13:31.422615" level="INFO">GET Request : url=https://randomuser.me/api 
 path_url=/api 
 headers={'User-Agent': 'python-requests/2.32.2', 'Accept-Encoding': 'gzip, deflate', 'Accept': '*/*', 'Connection': 'keep-alive'} 
 body=None 
 </msg>
<msg time="2024-05-22T11:13:31.422731" level="INFO">GET Response : url=https://randomuser.me/api 
 status=200, reason=OK 
 headers={'Date': 'Wed, 22 May 2024 11:13:31 GMT', 'Content-Type': 'application/json; charset=utf-8', 'Transfer-Encoding': 'chunked', 'Connection': 'keep-alive', 'X-Powered-By': 'Express', 'Access-Control-Allow-Origin': '*', 'Cache-Control': 'no-cache', 'ETag': 'W/"4a7-Wp2pvyHQG5KAqkSzHNYl59k9MkY"', 'Vary': 'Accept-Encoding', 'Content-Encoding': 'gzip', 'CF-Cache-Status': 'DYNAMIC', 'Report-To': '{"endpoints":[{"url":"https:\\/\\/a.nel.cloudflare.com\\/report\\/v4?s=9IR5lnJ6jqFPPD%2B5VdBoeviIXW%2BgjBN%2FQ4UyMLF4g2f5Q8fDKBJN%2B2ile8vOwOpwUEpjR5L4i8ozSTuzGiqQcouZzQHxiz9cE7kiof2cfmW%2FexMEVhWLNF3tw1MzhRHZ"}],"group":"cf-nel","max_age":604800}', 'NEL': '{"success_fraction":0,"report_to":"cf-nel","max_age":604800}', 'Server': 'cloudflare', 'CF-RAY': '887c609a8ff315d4-SJC', 'alt-svc': 'h3=":443"; ma=86400'} 
 body={"results":[{"gender":"female","name":{"title":"Mrs","first":"Bobbie","last":"Ferguson"},"location":{"street":{"number":6950,"name":"Mcclellan Rd"},"city":"Louisville","state":"Arkansas","country":"United States","postcode":99478,"coordinates":{"latitude":"82.0791","longitude":"103.7451"},"timezone":{"offset":"+10:00","description":"Eastern Australia, Guam, Vladivostok"}},"email":"bobbie.ferguson@example.com","login":{"uuid":"139eb781-f885-495f-8cd6-c48bddd01511","username":"happypeacock334","password":"sugar1","salt":"GFuJu0bY","md5":"5f60eb3307b998a8db1995d568443f00","sha1":"b2d85a2bc97b3af37dab5e0203aab41b37ca2747","sha256":"2b3556d25c5cf745a64ccf4b6f02dc8e4be418caee4b5cd83d8853437caeb771"},"dob":{"date":"1975-12-12T06:52:21.571Z","age":48},"registered":{"date":"2016-10-28T06:28:51.355Z","age":7},"phone":"(880) 231-1369","cell":"(762) 930-0206","id":{"name":"SSN","value":"330-53-9594"},"picture":{"large":"https://randomuser.me/api/portraits/women/83.jpg","medium":"https://randomuser.me/api/portraits/med/women/83.jpg","thumbnail":"https://randomuser.me/api/portraits/thumb/women/83.jpg"},"nat":"US"}],"info":{"seed":"95b399868caf9d3b","results":1,"page":1,"version":"1.4"}} 
 </msg>
<msg time="2024-05-22T11:13:31.422877" level="INFO">/opt/hostedtoolcache/Python/3.12.3/x64/lib/python3.12/site-packages/urllib3/connectionpool.py:1103: InsecureRequestWarning: Unverified HTTPS request is being made to host 'randomuser.me'. Adding certificate verification is strongly advised. See: https://urllib3.readthedocs.io/en/latest/advanced-usage.html#tls-warnings
  warnings.warn(</msg>
<msg time="2024-05-22T11:13:31.423023" level="INFO">${response} = &lt;Response [200]&gt;</msg>
<var>${response}</var>
<arg>consultarAPI</arg>
<arg>/api</arg>
<doc>Sends a GET request on a previously created HTTP Session.</doc>
<status status="PASS" start="2024-05-22T11:13:31.286658" elapsed="0.136405"/>
</kw>
<kw name="Set Variable" owner="BuiltIn">
<msg time="2024-05-22T11:13:31.424333" level="INFO">${json_data} = {'results': [{'gender': 'female', 'name': {'title': 'Mrs', 'first': 'Bobbie', 'last': 'Ferguson'}, 'location': {'street': {'number': 6950, 'name': 'Mcclellan Rd'}, 'city': 'Louisville', 'state': 'Arka...</msg>
<var>${json_data}</var>
<arg>${response.json()}</arg>
<doc>Returns the given values which can then be assigned to a variables.</doc>
<status status="PASS" start="2024-05-22T11:13:31.423796" elapsed="0.000566"/>
</kw>
<kw name="Log" owner="BuiltIn">
<msg time="2024-05-22T11:13:31.424856" level="INFO">{'results': [{'gender': 'female', 'name': {'title': 'Mrs', 'first': 'Bobbie', 'last': 'Ferguson'}, 'location': {'street': {'number': 6950, 'name': 'Mcclellan Rd'}, 'city': 'Louisville', 'state': 'Arkansas', 'country': 'United States', 'postcode': 99478, 'coordinates': {'latitude': '82.0791', 'longitude': '103.7451'}, 'timezone': {'offset': '+10:00', 'description': 'Eastern Australia, Guam, Vladivostok'}}, 'email': 'bobbie.ferguson@example.com', 'login': {'uuid': '139eb781-f885-495f-8cd6-c48bddd01511', 'username': 'happypeacock334', 'password': 'sugar1', 'salt': 'GFuJu0bY', 'md5': '5f60eb3307b998a8db1995d568443f00', 'sha1': 'b2d85a2bc97b3af37dab5e0203aab41b37ca2747', 'sha256': '2b3556d25c5cf745a64ccf4b6f02dc8e4be418caee4b5cd83d8853437caeb771'}, 'dob': {'date': '1975-12-12T06:52:21.571Z', 'age': 48}, 'registered': {'date': '2016-10-28T06:28:51.355Z', 'age': 7}, 'phone': '(880) 231-1369', 'cell': '(762) 930-0206', 'id': {'name': 'SSN', 'value': '330-53-9594'}, 'picture': {'large': 'https://randomuser.me/api/portraits/women/83.jpg', 'medium': 'https://randomuser.me/api/portraits/med/women/83.jpg', 'thumbnail': 'https://randomuser.me/api/portraits/thumb/women/83.jpg'}, 'nat': 'US'}], 'info': {'seed': '95b399868caf9d3b', 'results': 1, 'page': 1, 'version': '1.4'}}</msg>
<arg>${json_data}</arg>
<doc>Logs the given message with the given level.</doc>
<status status="PASS" start="2024-05-22T11:13:31.424690" elapsed="0.000215"/>
</kw>
<kw name="Dictionary Should Contain Key" owner="Collections">
<msg time="2024-05-22T11:13:31.425365" level="INFO">False</msg>
<arg>${json_data}</arg>
<arg>results</arg>
<doc>Fails if ``key`` is not found from ``dictionary``.</doc>
<status status="PASS" start="2024-05-22T11:13:31.425204" elapsed="0.000198"/>
</kw>
<kw name="Should Not Be Empty" owner="BuiltIn">
<msg time="2024-05-22T11:13:31.425838" level="INFO">Length is 2.</msg>
<arg>${json_data}</arg>
<doc>Verifies that the given item is not empty.</doc>
<status status="PASS" start="2024-05-22T11:13:31.425702" elapsed="0.000183"/>
</kw>
<kw name="Create List" owner="BuiltIn">
<msg time="2024-05-22T11:13:31.426331" level="INFO">${expected_keys} = ['gender', 'name', 'location', 'email', 'login']</msg>
<var>${expected_keys}</var>
<arg>gender</arg>
<arg>name</arg>
<arg>location</arg>
<arg>email</arg>
<arg>login</arg>
<doc>Returns a list containing given items.</doc>
<status status="PASS" start="2024-05-22T11:13:31.426179" elapsed="0.000175"/>
</kw>
<for flavor="IN">
<iter>
<kw name="Dictionary Should Contain Key" owner="Collections">
<msg time="2024-05-22T11:13:31.427348" level="INFO">False</msg>
<arg>${json_data['results'][0]}</arg>
<arg>${key}</arg>
<doc>Fails if ``key`` is not found from ``dictionary``.</doc>
<status status="PASS" start="2024-05-22T11:13:31.426945" elapsed="0.000447"/>
</kw>
<kw name="Log" owner="BuiltIn">
<msg time="2024-05-22T11:13:31.428103" level="INFO">{'gender': 'female', 'name': {'title': 'Mrs', 'first': 'Bobbie', 'last': 'Ferguson'}, 'location': {'street': {'number': 6950, 'name': 'Mcclellan Rd'}, 'city': 'Louisville', 'state': 'Arkansas', 'country': 'United States', 'postcode': 99478, 'coordinates': {'latitude': '82.0791', 'longitude': '103.7451'}, 'timezone': {'offset': '+10:00', 'description': 'Eastern Australia, Guam, Vladivostok'}}, 'email': 'bobbie.ferguson@example.com', 'login': {'uuid': '139eb781-f885-495f-8cd6-c48bddd01511', 'username': 'happypeacock334', 'password': 'sugar1', 'salt': 'GFuJu0bY', 'md5': '5f60eb3307b998a8db1995d568443f00', 'sha1': 'b2d85a2bc97b3af37dab5e0203aab41b37ca2747', 'sha256': '2b3556d25c5cf745a64ccf4b6f02dc8e4be418caee4b5cd83d8853437caeb771'}, 'dob': {'date': '1975-12-12T06:52:21.571Z', 'age': 48}, 'registered': {'date': '2016-10-28T06:28:51.355Z', 'age': 7}, 'phone': '(880) 231-1369', 'cell': '(762) 930-0206', 'id': {'name': 'SSN', 'value': '330-53-9594'}, 'picture': {'large': 'https://randomuser.me/api/portraits/women/83.jpg', 'medium': 'https://randomuser.me/api/portraits/med/women/83.jpg', 'thumbnail': 'https://randomuser.me/api/portraits/thumb/women/83.jpg'}, 'nat': 'US'}</msg>
<arg>${json_data['results'][0]}</arg>
<doc>Logs the given message with the given level.</doc>
<status status="PASS" start="2024-05-22T11:13:31.427733" elapsed="0.000421"/>
</kw>
<kw name="Log" owner="BuiltIn">
<msg time="2024-05-22T11:13:31.428577" level="INFO">gender</msg>
<arg>${key}</arg>
<doc>Logs the given message with the given level.</doc>
<status status="PASS" start="2024-05-22T11:13:31.428449" elapsed="0.000167"/>
</kw>
<var name="${key}">gender</var>
<status status="PASS" start="2024-05-22T11:13:31.426820" elapsed="0.002012"/>
</iter>
<iter>
<kw name="Dictionary Should Contain Key" owner="Collections">
<msg time="2024-05-22T11:13:31.429516" level="INFO">False</msg>
<arg>${json_data['results'][0]}</arg>
<arg>${key}</arg>
<doc>Fails if ``key`` is not found from ``dictionary``.</doc>
<status status="PASS" start="2024-05-22T11:13:31.429132" elapsed="0.000422"/>
</kw>
<kw name="Log" owner="BuiltIn">
<msg time="2024-05-22T11:13:31.430231" level="INFO">{'gender': 'female', 'name': {'title': 'Mrs', 'first': 'Bobbie', 'last': 'Ferguson'}, 'location': {'street': {'number': 6950, 'name': 'Mcclellan Rd'}, 'city': 'Louisville', 'state': 'Arkansas', 'country': 'United States', 'postcode': 99478, 'coordinates': {'latitude': '82.0791', 'longitude': '103.7451'}, 'timezone': {'offset': '+10:00', 'description': 'Eastern Australia, Guam, Vladivostok'}}, 'email': 'bobbie.ferguson@example.com', 'login': {'uuid': '139eb781-f885-495f-8cd6-c48bddd01511', 'username': 'happypeacock334', 'password': 'sugar1', 'salt': 'GFuJu0bY', 'md5': '5f60eb3307b998a8db1995d568443f00', 'sha1': 'b2d85a2bc97b3af37dab5e0203aab41b37ca2747', 'sha256': '2b3556d25c5cf745a64ccf4b6f02dc8e4be418caee4b5cd83d8853437caeb771'}, 'dob': {'date': '1975-12-12T06:52:21.571Z', 'age': 48}, 'registered': {'date': '2016-10-28T06:28:51.355Z', 'age': 7}, 'phone': '(880) 231-1369', 'cell': '(762) 930-0206', 'id': {'name': 'SSN', 'value': '330-53-9594'}, 'picture': {'large': 'https://randomuser.me/api/portraits/women/83.jpg', 'medium': 'https://randomuser.me/api/portraits/med/women/83.jpg', 'thumbnail': 'https://randomuser.me/api/portraits/thumb/women/83.jpg'}, 'nat': 'US'}</msg>
<arg>${json_data['results'][0]}</arg>
<doc>Logs the given message with the given level.</doc>
<status status="PASS" start="2024-05-22T11:13:31.429875" elapsed="0.000405"/>
</kw>
<kw name="Log" owner="BuiltIn">
<msg time="2024-05-22T11:13:31.430705" level="INFO">name</msg>
<arg>${key}</arg>
<doc>Logs the given message with the given level.</doc>
<status status="PASS" start="2024-05-22T11:13:31.430578" elapsed="0.000164"/>
</kw>
<var name="${key}">name</var>
<status status="PASS" start="2024-05-22T11:13:31.429017" elapsed="0.001939"/>
</iter>
<iter>
<kw name="Dictionary Should Contain Key" owner="Collections">
<msg time="2024-05-22T11:13:31.431654" level="INFO">False</msg>
<arg>${json_data['results'][0]}</arg>
<arg>${key}</arg>
<doc>Fails if ``key`` is not found from ``dictionary``.</doc>
<status status="PASS" start="2024-05-22T11:13:31.431241" elapsed="0.000451"/>
</kw>
<kw name="Log" owner="BuiltIn">
<msg time="2024-05-22T11:13:31.432349" level="INFO">{'gender': 'female', 'name': {'title': 'Mrs', 'first': 'Bobbie', 'last': 'Ferguson'}, 'location': {'street': {'number': 6950, 'name': 'Mcclellan Rd'}, 'city': 'Louisville', 'state': 'Arkansas', 'country': 'United States', 'postcode': 99478, 'coordinates': {'latitude': '82.0791', 'longitude': '103.7451'}, 'timezone': {'offset': '+10:00', 'description': 'Eastern Australia, Guam, Vladivostok'}}, 'email': 'bobbie.ferguson@example.com', 'login': {'uuid': '139eb781-f885-495f-8cd6-c48bddd01511', 'username': 'happypeacock334', 'password': 'sugar1', 'salt': 'GFuJu0bY', 'md5': '5f60eb3307b998a8db1995d568443f00', 'sha1': 'b2d85a2bc97b3af37dab5e0203aab41b37ca2747', 'sha256': '2b3556d25c5cf745a64ccf4b6f02dc8e4be418caee4b5cd83d8853437caeb771'}, 'dob': {'date': '1975-12-12T06:52:21.571Z', 'age': 48}, 'registered': {'date': '2016-10-28T06:28:51.355Z', 'age': 7}, 'phone': '(880) 231-1369', 'cell': '(762) 930-0206', 'id': {'name': 'SSN', 'value': '330-53-9594'}, 'picture': {'large': 'https://randomuser.me/api/portraits/women/83.jpg', 'medium': 'https://randomuser.me/api/portraits/med/women/83.jpg', 'thumbnail': 'https://randomuser.me/api/portraits/thumb/women/83.jpg'}, 'nat': 'US'}</msg>
<arg>${json_data['results'][0]}</arg>
<doc>Logs the given message with the given level.</doc>
<status status="PASS" start="2024-05-22T11:13:31.431985" elapsed="0.000413"/>
</kw>
<kw name="Log" owner="BuiltIn">
<msg time="2024-05-22T11:13:31.432815" level="INFO">location</msg>
<arg>${key}</arg>
<doc>Logs the given message with the given level.</doc>
<status status="PASS" start="2024-05-22T11:13:31.432689" elapsed="0.000165"/>
</kw>
<var name="${key}">location</var>
<status status="PASS" start="2024-05-22T11:13:31.431131" elapsed="0.001941"/>
</iter>
<iter>
<kw name="Dictionary Should Contain Key" owner="Collections">
<msg time="2024-05-22T11:13:31.433857" level="INFO">False</msg>
<arg>${json_data['results'][0]}</arg>
<arg>${key}</arg>
<doc>Fails if ``key`` is not found from ``dictionary``.</doc>
<status status="PASS" start="2024-05-22T11:13:31.433352" elapsed="0.000542"/>
</kw>
<kw name="Log" owner="BuiltIn">
<msg time="2024-05-22T11:13:31.434546" level="INFO">{'gender': 'female', 'name': {'title': 'Mrs', 'first': 'Bobbie', 'last': 'Ferguson'}, 'location': {'street': {'number': 6950, 'name': 'Mcclellan Rd'}, 'city': 'Louisville', 'state': 'Arkansas', 'country': 'United States', 'postcode': 99478, 'coordinates': {'latitude': '82.0791', 'longitude': '103.7451'}, 'timezone': {'offset': '+10:00', 'description': 'Eastern Australia, Guam, Vladivostok'}}, 'email': 'bobbie.ferguson@example.com', 'login': {'uuid': '139eb781-f885-495f-8cd6-c48bddd01511', 'username': 'happypeacock334', 'password': 'sugar1', 'salt': 'GFuJu0bY', 'md5': '5f60eb3307b998a8db1995d568443f00', 'sha1': 'b2d85a2bc97b3af37dab5e0203aab41b37ca2747', 'sha256': '2b3556d25c5cf745a64ccf4b6f02dc8e4be418caee4b5cd83d8853437caeb771'}, 'dob': {'date': '1975-12-12T06:52:21.571Z', 'age': 48}, 'registered': {'date': '2016-10-28T06:28:51.355Z', 'age': 7}, 'phone': '(880) 231-1369', 'cell': '(762) 930-0206', 'id': {'name': 'SSN', 'value': '330-53-9594'}, 'picture': {'large': 'https://randomuser.me/api/portraits/women/83.jpg', 'medium': 'https://randomuser.me/api/portraits/med/women/83.jpg', 'thumbnail': 'https://randomuser.me/api/portraits/thumb/women/83.jpg'}, 'nat': 'US'}</msg>
<arg>${json_data['results'][0]}</arg>
<doc>Logs the given message with the given level.</doc>
<status status="PASS" start="2024-05-22T11:13:31.434192" elapsed="0.000401"/>
</kw>
<kw name="Log" owner="BuiltIn">
<msg time="2024-05-22T11:13:31.435015" level="INFO">email</msg>
<arg>${key}</arg>
<doc>Logs the given message with the given level.</doc>
<status status="PASS" start="2024-05-22T11:13:31.434888" elapsed="0.000164"/>
</kw>
<var name="${key}">email</var>
<status status="PASS" start="2024-05-22T11:13:31.433241" elapsed="0.002025"/>
</iter>
<iter>
<kw name="Dictionary Should Contain Key" owner="Collections">
<msg time="2024-05-22T11:13:31.435952" level="INFO">False</msg>
<arg>${json_data['results'][0]}</arg>
<arg>${key}</arg>
<doc>Fails if ``key`` is not found from ``dictionary``.</doc>
<status status="PASS" start="2024-05-22T11:13:31.435548" elapsed="0.000440"/>
</kw>
<kw name="Log" owner="BuiltIn">
<msg time="2024-05-22T11:13:31.436645" level="INFO">{'gender': 'female', 'name': {'title': 'Mrs', 'first': 'Bobbie', 'last': 'Ferguson'}, 'location': {'street': {'number': 6950, 'name': 'Mcclellan Rd'}, 'city': 'Louisville', 'state': 'Arkansas', 'country': 'United States', 'postcode': 99478, 'coordinates': {'latitude': '82.0791', 'longitude': '103.7451'}, 'timezone': {'offset': '+10:00', 'description': 'Eastern Australia, Guam, Vladivostok'}}, 'email': 'bobbie.ferguson@example.com', 'login': {'uuid': '139eb781-f885-495f-8cd6-c48bddd01511', 'username': 'happypeacock334', 'password': 'sugar1', 'salt': 'GFuJu0bY', 'md5': '5f60eb3307b998a8db1995d568443f00', 'sha1': 'b2d85a2bc97b3af37dab5e0203aab41b37ca2747', 'sha256': '2b3556d25c5cf745a64ccf4b6f02dc8e4be418caee4b5cd83d8853437caeb771'}, 'dob': {'date': '1975-12-12T06:52:21.571Z', 'age': 48}, 'registered': {'date': '2016-10-28T06:28:51.355Z', 'age': 7}, 'phone': '(880) 231-1369', 'cell': '(762) 930-0206', 'id': {'name': 'SSN', 'value': '330-53-9594'}, 'picture': {'large': 'https://randomuser.me/api/portraits/women/83.jpg', 'medium': 'https://randomuser.me/api/portraits/med/women/83.jpg', 'thumbnail': 'https://randomuser.me/api/portraits/thumb/women/83.jpg'}, 'nat': 'US'}</msg>
<arg>${json_data['results'][0]}</arg>
<doc>Logs the given message with the given level.</doc>
<status status="PASS" start="2024-05-22T11:13:31.436285" elapsed="0.000408"/>
</kw>
<kw name="Log" owner="BuiltIn">
<msg time="2024-05-22T11:13:31.437110" level="INFO">login</msg>
<arg>${key}</arg>
<doc>Logs the given message with the given level.</doc>
<status status="PASS" start="2024-05-22T11:13:31.436984" elapsed="0.000194"/>
</kw>
<var name="${key}">login</var>
<status status="PASS" start="2024-05-22T11:13:31.435437" elapsed="0.002024"/>
</iter>
<var>${key}</var>
<value>@{expected_keys}</value>
<status status="PASS" start="2024-05-22T11:13:31.426621" elapsed="0.011022"/>
</for>
<kw name="Create List" owner="BuiltIn">
<msg time="2024-05-22T11:13:31.438165" level="INFO">${expected_keysTwo} = ['username', 'password']</msg>
<var>${expected_keysTwo}</var>
<arg>username</arg>
<arg>password</arg>
<doc>Returns a list containing given items.</doc>
<status status="PASS" start="2024-05-22T11:13:31.437990" elapsed="0.000201"/>
</kw>
<for flavor="IN">
<iter>
<kw name="Dictionary Should Contain Key" owner="Collections">
<msg time="2024-05-22T11:13:31.439096" level="INFO">False</msg>
<arg>${json_data['results'][0]['login']}</arg>
<arg>${keyTwo}</arg>
<doc>Fails if ``key`` is not found from ``dictionary``.</doc>
<status status="PASS" start="2024-05-22T11:13:31.438708" elapsed="0.000424"/>
</kw>
<kw name="Dictionary Should Contain Key" owner="Collections">
<msg time="2024-05-22T11:13:31.439831" level="INFO">False</msg>
<arg>${json_data['results'][0]['login']}</arg>
<arg>${keyTwo}</arg>
<doc>Fails if ``key`` is not found from ``dictionary``.</doc>
<status status="PASS" start="2024-05-22T11:13:31.439429" elapsed="0.000439"/>
</kw>
<kw name="Log" owner="BuiltIn">
<msg time="2024-05-22T11:13:31.440291" level="INFO">username</msg>
<arg>${keyTwo}</arg>
<doc>Logs the given message with the given level.</doc>
<status status="PASS" start="2024-05-22T11:13:31.440165" elapsed="0.000161"/>
</kw>
<var name="${keyTwo}">username</var>
<status status="PASS" start="2024-05-22T11:13:31.438598" elapsed="0.001943"/>
</iter>
<iter>
<kw name="Dictionary Should Contain Key" owner="Collections">
<msg time="2024-05-22T11:13:31.441195" level="INFO">False</msg>
<arg>${json_data['results'][0]['login']}</arg>
<arg>${keyTwo}</arg>
<doc>Fails if ``key`` is not found from ``dictionary``.</doc>
<status status="PASS" start="2024-05-22T11:13:31.440818" elapsed="0.000413"/>
</kw>
<kw name="Dictionary Should Contain Key" owner="Collections">
<msg time="2024-05-22T11:13:31.441894" level="INFO">False</msg>
<arg>${json_data['results'][0]['login']}</arg>
<arg>${keyTwo}</arg>
<doc>Fails if ``key`` is not found from ``dictionary``.</doc>
<status status="PASS" start="2024-05-22T11:13:31.441521" elapsed="0.000409"/>
</kw>
<kw name="Log" owner="BuiltIn">
<msg time="2024-05-22T11:13:31.442357" level="INFO">password</msg>
<arg>${keyTwo}</arg>
<doc>Logs the given message with the given level.</doc>
<status status="PASS" start="2024-05-22T11:13:31.442231" elapsed="0.000162"/>
</kw>
<var name="${keyTwo}">password</var>
<status status="PASS" start="2024-05-22T11:13:31.440710" elapsed="0.001898"/>
</iter>
<var>${keyTwo}</var>
<value>@{expected_keysTwo}</value>
<status status="PASS" start="2024-05-22T11:13:31.438442" elapsed="0.004285"/>
</for>
<status status="PASS" start="2024-05-22T11:13:31.286415" elapsed="0.156455"/>
</kw>
<doc>Testa a estrutura da resposta da API.</doc>
<tag>testeEstruturaResposta</tag>
<status status="PASS" start="2024-05-22T11:13:31.285922" elapsed="0.157106"/>
</test>
<test id="s1-s1-t4" name="Validar tipos de dados" line="28">
<kw name="Teste de Tipos de Dados" owner="random-user-service">
<kw name="GET On Session" owner="RequestsLibrary">
<msg time="2024-05-22T11:13:31.563366" level="INFO">GET Request : url=https://randomuser.me/api 
 path_url=/api 
 headers={'User-Agent': 'python-requests/2.32.2', 'Accept-Encoding': 'gzip, deflate', 'Accept': '*/*', 'Connection': 'keep-alive'} 
 body=None 
 </msg>
<msg time="2024-05-22T11:13:31.563476" level="INFO">GET Response : url=https://randomuser.me/api 
 status=200, reason=OK 
 headers={'Date': 'Wed, 22 May 2024 11:13:31 GMT', 'Content-Type': 'application/json; charset=utf-8', 'Transfer-Encoding': 'chunked', 'Connection': 'keep-alive', 'X-Powered-By': 'Express', 'Access-Control-Allow-Origin': '*', 'Cache-Control': 'no-cache', 'ETag': 'W/"49a-+ce7Pt/1bKhpWsJVTQFK2hhCPYM"', 'Vary': 'Accept-Encoding', 'Content-Encoding': 'gzip', 'CF-Cache-Status': 'DYNAMIC', 'Report-To': '{"endpoints":[{"url":"https:\\/\\/a.nel.cloudflare.com\\/report\\/v4?s=MhhNUsm%2F1m2Invww5agv6wrW%2BR7%2Fx27NisxJZoi8KCAKu9fb%2F9lzTPHuNae8jjgixOKDpQ%2FVDIXs%2BW%2BbCiMPzrvIV8z%2B1pQ4oErLaoICxTgMdMSIb%2F090exhpwitMnTd"}],"group":"cf-nel","max_age":604800}', 'NEL': '{"success_fraction":0,"report_to":"cf-nel","max_age":604800}', 'Server': 'cloudflare', 'CF-RAY': '887c609b888515d4-SJC', 'alt-svc': 'h3=":443"; ma=86400'} 
 body={"results":[{"gender":"female","name":{"title":"Mrs","first":"Anna","last":"Smith"},"location":{"street":{"number":4630,"name":"Glenfield Road"},"city":"Palmerston North","state":"Nelson","country":"New Zealand","postcode":73079,"coordinates":{"latitude":"55.4130","longitude":"164.4443"},"timezone":{"offset":"+5:00","description":"Ekaterinburg, Islamabad, Karachi, Tashkent"}},"email":"anna.smith@example.com","login":{"uuid":"1a5b7497-b5da-4d00-b7f2-5a161c309a23","username":"blackgoose705","password":"voyager","salt":"t1N1cdUD","md5":"55aa8a65fb5cb8a91c9de20edfe1b2c2","sha1":"9d2545cb1331d8ddaa39119477082648ac1f2e87","sha256":"9316792ba42242cb5c504103372ca955b3b528c52eaf625e2669a347896bc9b4"},"dob":{"date":"1949-06-21T13:46:07.350Z","age":74},"registered":{"date":"2011-01-17T00:16:32.144Z","age":13},"phone":"(820)-561-2304","cell":"(332)-209-4013","id":{"name":"","value":null},"picture":{"large":"https://randomuser.me/api/portraits/women/10.jpg","medium":"https://randomuser.me/api/portraits/med/women/10.jpg","thumbnail":"https://randomuser.me/api/portraits/thumb/women/10.jpg"},"nat":"NZ"}],"info":{"seed":"41a9effd77b38bbd","results":1,"page":1,"version":"1.4"}} 
 </msg>
<msg time="2024-05-22T11:13:31.563585" level="INFO">/opt/hostedtoolcache/Python/3.12.3/x64/lib/python3.12/site-packages/urllib3/connectionpool.py:1103: InsecureRequestWarning: Unverified HTTPS request is being made to host 'randomuser.me'. Adding certificate verification is strongly advised. See: https://urllib3.readthedocs.io/en/latest/advanced-usage.html#tls-warnings
  warnings.warn(</msg>
<msg time="2024-05-22T11:13:31.563731" level="INFO">${response} = &lt;Response [200]&gt;</msg>
<var>${response}</var>
<arg>consultarAPI</arg>
<arg>/api</arg>
<doc>Sends a GET request on a previously created HTTP Session.</doc>
<status status="PASS" start="2024-05-22T11:13:31.445524" elapsed="0.118252"/>
</kw>
<kw name="Set Variable" owner="BuiltIn">
<msg time="2024-05-22T11:13:31.565052" level="INFO">${json_data} = {'results': [{'gender': 'female', 'name': {'title': 'Mrs', 'first': 'Anna', 'last': 'Smith'}, 'location': {'street': {'number': 4630, 'name': 'Glenfield Road'}, 'city': 'Palmerston North', 'state': 'N...</msg>
<var>${json_data}</var>
<arg>${response.json()}</arg>
<doc>Returns the given values which can then be assigned to a variables.</doc>
<status status="PASS" start="2024-05-22T11:13:31.564463" elapsed="0.000618"/>
</kw>
<kw name="Log" owner="BuiltIn">
<msg time="2024-05-22T11:13:31.565624" level="INFO">{'results': [{'gender': 'female', 'name': {'title': 'Mrs', 'first': 'Anna', 'last': 'Smith'}, 'location': {'street': {'number': 4630, 'name': 'Glenfield Road'}, 'city': 'Palmerston North', 'state': 'Nelson', 'country': 'New Zealand', 'postcode': 73079, 'coordinates': {'latitude': '55.4130', 'longitude': '164.4443'}, 'timezone': {'offset': '+5:00', 'description': 'Ekaterinburg, Islamabad, Karachi, Tashkent'}}, 'email': 'anna.smith@example.com', 'login': {'uuid': '1a5b7497-b5da-4d00-b7f2-5a161c309a23', 'username': 'blackgoose705', 'password': 'voyager', 'salt': 't1N1cdUD', 'md5': '55aa8a65fb5cb8a91c9de20edfe1b2c2', 'sha1': '9d2545cb1331d8ddaa39119477082648ac1f2e87', 'sha256': '9316792ba42242cb5c504103372ca955b3b528c52eaf625e2669a347896bc9b4'}, 'dob': {'date': '1949-06-21T13:46:07.350Z', 'age': 74}, 'registered': {'date': '2011-01-17T00:16:32.144Z', 'age': 13}, 'phone': '(820)-561-2304', 'cell': '(332)-209-4013', 'id': {'name': '', 'value': None}, 'picture': {'large': 'https://randomuser.me/api/portraits/women/10.jpg', 'medium': 'https://randomuser.me/api/portraits/med/women/10.jpg', 'thumbnail': 'https://randomuser.me/api/portraits/thumb/women/10.jpg'}, 'nat': 'NZ'}], 'info': {'seed': '41a9effd77b38bbd', 'results': 1, 'page': 1, 'version': '1.4'}}</msg>
<arg>${json_data}</arg>
<doc>Logs the given message with the given level.</doc>
<status status="PASS" start="2024-05-22T11:13:31.565450" elapsed="0.000267"/>
</kw>
<kw name="Should Be String" owner="String">
<arg>${json_data['results'][0]['gender']}</arg>
<doc>Fails if the given ``item`` is not a string.</doc>
<status status="PASS" start="2024-05-22T11:13:31.566054" elapsed="0.000410"/>
</kw>
<kw name="Should Match Regexp" owner="BuiltIn">
<arg>${json_data['results'][0]['email']}</arg>
<arg>^[a-zA-Z0-9._%+-]+@[a-zA-Z0-9.-]+\.[a-zA-Z]{2,}$</arg>
<doc>Fails if ``string`` does not match ``pattern`` as a regular expression.</doc>
<status status="PASS" start="2024-05-22T11:13:31.566674" elapsed="0.000706"/>
</kw>
<kw name="Should Match Regexp" owner="BuiltIn">
<arg>${json_data['results'][0]['dob']['date']}</arg>
<arg>\\d{4}-\\d{2}-\\d{2}T\\d{2}:\\d{2}:\\d{2}\\.\\d{3}Z</arg>
<doc>Fails if ``string`` does not match ``pattern`` as a regular expression.</doc>
<status status="PASS" start="2024-05-22T11:13:31.567630" elapsed="0.000530"/>
</kw>
<kw name="Should Match Regexp" owner="BuiltIn">
<arg>${json_data['results'][0]['registered']['date']}</arg>
<arg>\\d{4}-\\d{2}-\\d{2}T\\d{2}:\\d{2}:\\d{2}\\.\\d{3}Z</arg>
<doc>Fails if ``string`` does not match ``pattern`` as a regular expression.</doc>
<status status="PASS" start="2024-05-22T11:13:31.568369" elapsed="0.000381"/>
</kw>
<kw name="Should Match Regexp" owner="BuiltIn">
<arg>${json_data['results'][0]['picture']['large']}</arg>
<arg>^https?://.*\.(?:png|jpe?g|gif|bmp)$</arg>
<doc>Fails if ``string`` does not match ``pattern`` as a regular expression.</doc>
<status status="PASS" start="2024-05-22T11:13:31.568950" elapsed="0.000471"/>
</kw>
<kw name="Should Match Regexp" owner="BuiltIn">
<arg>${json_data['results'][0]['picture']['medium']}</arg>
<arg>^https?://.*\.(?:png|jpe?g|gif|bmp)$</arg>
<doc>Fails if ``string`` does not match ``pattern`` as a regular expression.</doc>
<status status="PASS" start="2024-05-22T11:13:31.569614" elapsed="0.000360"/>
</kw>
<kw name="Should Match Regexp" owner="BuiltIn">
<arg>${json_data['results'][0]['picture']['thumbnail']}</arg>
<arg>^https?://.*\.(?:png|jpe?g|gif|bmp)$</arg>
<doc>Fails if ``string`` does not match ``pattern`` as a regular expression.</doc>
<status status="PASS" start="2024-05-22T11:13:31.570161" elapsed="0.000353"/>
</kw>
<kw name="Log" owner="BuiltIn">
<msg time="2024-05-22T11:13:31.571026" level="INFO">{'large': 'https://randomuser.me/api/portraits/women/10.jpg', 'medium': 'https://randomuser.me/api/portraits/med/women/10.jpg', 'thumbnail': 'https://randomuser.me/api/portraits/thumb/women/10.jpg'}</msg>
<arg>${json_data['results'][0]['picture']}</arg>
<doc>Logs the given message with the given level.</doc>
<status status="PASS" start="2024-05-22T11:13:31.570697" elapsed="0.000373"/>
</kw>
<status status="PASS" start="2024-05-22T11:13:31.445284" elapsed="0.126064"/>
</kw>
<kw name="Teste de Tipos de Dados - Postcode" owner="random-user-service">
<kw name="GET On Session" owner="RequestsLibrary">
<msg time="2024-05-22T11:13:31.682784" level="INFO">GET Request : url=https://randomuser.me/api 
 path_url=/api 
 headers={'User-Agent': 'python-requests/2.32.2', 'Accept-Encoding': 'gzip, deflate', 'Accept': '*/*', 'Connection': 'keep-alive'} 
 body=None 
 </msg>
<msg time="2024-05-22T11:13:31.682885" level="INFO">GET Response : url=https://randomuser.me/api 
 status=200, reason=OK 
 headers={'Date': 'Wed, 22 May 2024 11:13:31 GMT', 'Content-Type': 'application/json; charset=utf-8', 'Transfer-Encoding': 'chunked', 'Connection': 'keep-alive', 'X-Powered-By': 'Express', 'Access-Control-Allow-Origin': '*', 'Cache-Control': 'no-cache', 'ETag': 'W/"480-+5TlT//h0VE5SyWe2CvuD2VUz00"', 'Vary': 'Accept-Encoding', 'Content-Encoding': 'gzip', 'CF-Cache-Status': 'DYNAMIC', 'Report-To': '{"endpoints":[{"url":"https:\\/\\/a.nel.cloudflare.com\\/report\\/v4?s=IgZB89CfyWlY3NUsGcN8f8am0IXCowlEaLkfR1hVelpnwK4W4rcvf%2BTxL%2FqYgznCz9S%2FDZ03xa7ePbNuq5EzgD1Y5XFrxdh4KWhxa0g0SV%2FIbPtv8VIeHVOGqsT2hq9i"}],"group":"cf-nel","max_age":604800}', 'NEL': '{"success_fraction":0,"report_to":"cf-nel","max_age":604800}', 'Server': 'cloudflare', 'CF-RAY': '887c609c590015d4-SJC', 'alt-svc': 'h3=":443"; ma=86400'} 
 body={"results":[{"gender":"female","name":{"title":"Ms","first":"Andrea","last":"Olsen"},"location":{"street":{"number":6360,"name":"Egevangen"},"city":"Silkeboeg","state":"Hovedstaden","country":"Denmark","postcode":59097,"coordinates":{"latitude":"-42.7381","longitude":"100.7763"},"timezone":{"offset":"+2:00","description":"Kaliningrad, South Africa"}},"email":"andrea.olsen@example.com","login":{"uuid":"1ab8a2b4-86ed-49ba-9ef4-5086dbcf83a0","username":"crazyfrog141","password":"walter","salt":"y31MTOw5","md5":"48ba1da6a87046db9ccdb44ece626813","sha1":"1176c45ea965a9970ddcdf16e94719385a0c0b6b","sha256":"ac4a3093092d9524e0f33b25bfca242dcf11dee2d10b1de5b902f7b01d963c0a"},"dob":{"date":"1974-01-06T15:18:36.205Z","age":50},"registered":{"date":"2009-12-15T16:57:53.044Z","age":14},"phone":"67952602","cell":"39592276","id":{"name":"CPR","value":"060174-8621"},"picture":{"large":"https://randomuser.me/api/portraits/women/83.jpg","medium":"https://randomuser.me/api/portraits/med/women/83.jpg","thumbnail":"https://randomuser.me/api/portraits/thumb/women/83.jpg"},"nat":"DK"}],"info":{"seed":"e673981e91669bd8","results":1,"page":1,"version":"1.4"}} 
 </msg>
<msg time="2024-05-22T11:13:31.682956" level="INFO">/opt/hostedtoolcache/Python/3.12.3/x64/lib/python3.12/site-packages/urllib3/connectionpool.py:1103: InsecureRequestWarning: Unverified HTTPS request is being made to host 'randomuser.me'. Adding certificate verification is strongly advised. See: https://urllib3.readthedocs.io/en/latest/advanced-usage.html#tls-warnings
  warnings.warn(</msg>
<msg time="2024-05-22T11:13:31.683079" level="INFO">${response} = &lt;Response [200]&gt;</msg>
<var>${response}</var>
<arg>consultarAPI</arg>
<arg>/api</arg>
<doc>Sends a GET request on a previously created HTTP Session.</doc>
<status status="PASS" start="2024-05-22T11:13:31.571870" elapsed="0.111248"/>
</kw>
<kw name="Set Variable" owner="BuiltIn">
<msg time="2024-05-22T11:13:31.684397" level="INFO">${json_data} = {'results': [{'gender': 'female', 'name': {'title': 'Ms', 'first': 'Andrea', 'last': 'Olsen'}, 'location': {'street': {'number': 6360, 'name': 'Egevangen'}, 'city': 'Silkeboeg', 'state': 'Hovedstaden'...</msg>
<var>${json_data}</var>
<arg>${response.json()}</arg>
<doc>Returns the given values which can then be assigned to a variables.</doc>
<status status="PASS" start="2024-05-22T11:13:31.683804" elapsed="0.000622"/>
</kw>
<kw name="Log" owner="BuiltIn">
<msg time="2024-05-22T11:13:31.684969" level="INFO">{'results': [{'gender': 'female', 'name': {'title': 'Ms', 'first': 'Andrea', 'last': 'Olsen'}, 'location': {'street': {'number': 6360, 'name': 'Egevangen'}, 'city': 'Silkeboeg', 'state': 'Hovedstaden', 'country': 'Denmark', 'postcode': 59097, 'coordinates': {'latitude': '-42.7381', 'longitude': '100.7763'}, 'timezone': {'offset': '+2:00', 'description': 'Kaliningrad, South Africa'}}, 'email': 'andrea.olsen@example.com', 'login': {'uuid': '1ab8a2b4-86ed-49ba-9ef4-5086dbcf83a0', 'username': 'crazyfrog141', 'password': 'walter', 'salt': 'y31MTOw5', 'md5': '48ba1da6a87046db9ccdb44ece626813', 'sha1': '1176c45ea965a9970ddcdf16e94719385a0c0b6b', 'sha256': 'ac4a3093092d9524e0f33b25bfca242dcf11dee2d10b1de5b902f7b01d963c0a'}, 'dob': {'date': '1974-01-06T15:18:36.205Z', 'age': 50}, 'registered': {'date': '2009-12-15T16:57:53.044Z', 'age': 14}, 'phone': '67952602', 'cell': '39592276', 'id': {'name': 'CPR', 'value': '060174-8621'}, 'picture': {'large': 'https://randomuser.me/api/portraits/women/83.jpg', 'medium': 'https://randomuser.me/api/portraits/med/women/83.jpg', 'thumbnail': 'https://randomuser.me/api/portraits/thumb/women/83.jpg'}, 'nat': 'DK'}], 'info': {'seed': 'e673981e91669bd8', 'results': 1, 'page': 1, 'version': '1.4'}}</msg>
<arg>${json_data}</arg>
<doc>Logs the given message with the given level.</doc>
<status status="PASS" start="2024-05-22T11:13:31.684780" elapsed="0.000279"/>
</kw>
<kw name="Should Be Equal As Numbers" owner="BuiltIn">
<arg>${json_data['results'][0]['location']['postcode']}</arg>
<arg>${json_data['results'][0]['location']['postcode']}</arg>
<doc>Fails if objects are unequal after converting them to real numbers.</doc>
<status status="PASS" start="2024-05-22T11:13:31.685372" elapsed="0.000645"/>
</kw>
<kw name="Log" owner="BuiltIn">
<msg time="2024-05-22T11:13:31.686550" level="INFO">59097</msg>
<arg>${json_data['results'][0]['location']['postcode']}</arg>
<doc>Logs the given message with the given level.</doc>
<status status="PASS" start="2024-05-22T11:13:31.686213" elapsed="0.000379"/>
</kw>
<status status="PASS" start="2024-05-22T11:13:31.571616" elapsed="0.115252"/>
</kw>
<doc>Testa se os tipos de dados na resposta da API estão corretos.</doc>
<tag>testeTiposDados</tag>
<status status="PASS" start="2024-05-22T11:13:31.444815" elapsed="0.242228"/>
</test>
<test id="s1-s1-t5" name="Validar conteudo" line="35">
<kw name="Teste de Tipos de Conteudo" owner="random-user-service">
<kw name="GET On Session" owner="RequestsLibrary">
<msg time="2024-05-22T11:13:31.802386" level="INFO">GET Request : url=https://randomuser.me/api 
 path_url=/api 
 headers={'User-Agent': 'python-requests/2.32.2', 'Accept-Encoding': 'gzip, deflate', 'Accept': '*/*', 'Connection': 'keep-alive'} 
 body=None 
 </msg>
<msg time="2024-05-22T11:13:31.802499" level="INFO">GET Response : url=https://randomuser.me/api 
 status=200, reason=OK 
 headers={'Date': 'Wed, 22 May 2024 11:13:31 GMT', 'Content-Type': 'application/json; charset=utf-8', 'Transfer-Encoding': 'chunked', 'Connection': 'keep-alive', 'X-Powered-By': 'Express', 'Access-Control-Allow-Origin': '*', 'Cache-Control': 'no-cache', 'ETag': 'W/"4ad-VWio0P5dQ8+rqost0BauXIb4jCo"', 'Vary': 'Accept-Encoding', 'Content-Encoding': 'gzip', 'CF-Cache-Status': 'DYNAMIC', 'Report-To': '{"endpoints":[{"url":"https:\\/\\/a.nel.cloudflare.com\\/report\\/v4?s=JkJeMmTvu2z89riL941gBzN%2BAY8%2Be%2BQ5u3bz90cdvI0d%2FqwXo33BRRCKYr9LfPtGEIe2Zj5wn9roVicPO8rj%2B64cM7ri2e8Gh2NZO%2BUiCv5Mo2gukEhQGxEPP63ZmtIL"}],"group":"cf-nel","max_age":604800}', 'NEL': '{"success_fraction":0,"report_to":"cf-nel","max_age":604800}', 'Server': 'cloudflare', 'CF-RAY': '887c609d196815d4-SJC', 'alt-svc': 'h3=":443"; ma=86400'} 
 body={"results":[{"gender":"female","name":{"title":"Ms","first":"Norma","last":"Zarate"},"location":{"street":{"number":3424,"name":"Continuación Cintrón"},"city":"Gabriel Leyva Solanoj","state":"Michoacan","country":"Mexico","postcode":69121,"coordinates":{"latitude":"25.0942","longitude":"91.8748"},"timezone":{"offset":"-8:00","description":"Pacific Time (US &amp; Canada)"}},"email":"norma.zarate@example.com","login":{"uuid":"cff25747-a060-4896-8a99-37c69af6c2fc","username":"organicelephant542","password":"marino13","salt":"dAbIKzsO","md5":"e42f97923bad554a89290b3be62057fd","sha1":"6a00b219f16661aeb0927cd35f57753b3af26d76","sha256":"2b7d104c85df3d5edca9d84c16f10c94fe2ba4bb6d1a4162141935c0dd0034b8"},"dob":{"date":"1988-07-29T11:57:23.471Z","age":35},"registered":{"date":"2010-11-12T11:10:20.871Z","age":13},"phone":"(669) 371 9754","cell":"(644) 485 6902","id":{"name":"NSS","value":"92 39 54 8404 8"},"picture":{"large":"https://randomuser.me/api/portraits/women/57.jpg","medium":"https://randomuser.me/api/portraits/med/women/57.jpg","thumbnail":"https://randomuser.me/api/portraits/thumb/women/57.jpg"},"nat":"MX"}],"info":{"seed":"9de025604e44cf16","results":1,"page":1,"version":"1.4"}} 
 </msg>
<msg time="2024-05-22T11:13:31.802588" level="INFO">/opt/hostedtoolcache/Python/3.12.3/x64/lib/python3.12/site-packages/urllib3/connectionpool.py:1103: InsecureRequestWarning: Unverified HTTPS request is being made to host 'randomuser.me'. Adding certificate verification is strongly advised. See: https://urllib3.readthedocs.io/en/latest/advanced-usage.html#tls-warnings
  warnings.warn(</msg>
<msg time="2024-05-22T11:13:31.802740" level="INFO">${response} = &lt;Response [200]&gt;</msg>
<var>${response}</var>
<arg>consultarAPI</arg>
<arg>/api</arg>
<doc>Sends a GET request on a previously created HTTP Session.</doc>
<status status="PASS" start="2024-05-22T11:13:31.689825" elapsed="0.112963"/>
</kw>
<kw name="Set Variable" owner="BuiltIn">
<msg time="2024-05-22T11:13:31.804059" level="INFO">${json_data} = {'results': [{'gender': 'female', 'name': {'title': 'Ms', 'first': 'Norma', 'last': 'Zarate'}, 'location': {'street': {'number': 3424, 'name': 'Continuación Cintrón'}, 'city': 'Gabriel Leyva Solanoj',...</msg>
<var>${json_data}</var>
<arg>${response.json()}</arg>
<doc>Returns the given values which can then be assigned to a variables.</doc>
<status status="PASS" start="2024-05-22T11:13:31.803443" elapsed="0.000646"/>
</kw>
<kw name="Set Variable" owner="BuiltIn">
<msg time="2024-05-22T11:13:31.804795" level="INFO">${name_title} = Ms</msg>
<var>${name_title}</var>
<arg>${json_data["results"][0]["name"]["title"]}</arg>
<doc>Returns the given values which can then be assigned to a variables.</doc>
<status status="PASS" start="2024-05-22T11:13:31.804405" elapsed="0.000416"/>
</kw>
<kw name="Create List" owner="BuiltIn">
<msg time="2024-05-22T11:13:31.805285" level="INFO">${allowed_titles} = ['Mr', 'Ms', 'Miss', 'Mrs', 'Madame', 'Monsieur']</msg>
<var>${allowed_titles}</var>
<arg>Mr</arg>
<arg>Ms</arg>
<arg>Miss</arg>
<arg>Mrs</arg>
<arg>Madame</arg>
<arg>Monsieur</arg>
<doc>Returns a list containing given items.</doc>
<status status="PASS" start="2024-05-22T11:13:31.805135" elapsed="0.000174"/>
</kw>
<kw name="List Should Contain Value" owner="Collections">
<msg time="2024-05-22T11:13:31.805791" level="INFO">False</msg>
<arg>${allowed_titles}</arg>
<arg>${name_title}</arg>
<doc>Fails if the ``value`` is not found from ``list``.</doc>
<status status="PASS" start="2024-05-22T11:13:31.805616" elapsed="0.000212"/>
</kw>
<kw name="Set Variable" owner="BuiltIn">
<msg time="2024-05-22T11:13:31.806690" level="INFO">${name_country} = MX</msg>
<var>${name_country}</var>
<arg>${json_data["results"][0]["nat"]}</arg>
<doc>Returns the given values which can then be assigned to a variables.</doc>
<status status="PASS" start="2024-05-22T11:13:31.806119" elapsed="0.000596"/>
</kw>
<kw name="Create List" owner="BuiltIn">
<msg time="2024-05-22T11:13:31.807674" level="INFO">${list_country} = ['AD', 'AE', 'AF', 'AG', 'AI', 'AL', 'AM', 'AO', 'AQ', 'AR', 'AS', 'AT', 'AU', 'AW', 'AX', 'AZ', 'BA', 'BB', 'BD', 'BE', 'BF', 'BG', 'BH', 'BI', 'BJ', 'BL', 'BM', 'BN', 'BO', 'BQ', 'BR', 'BS', 'BT', '...</msg>
<var>${list_country}</var>
<arg>AD</arg>
<arg>AE</arg>
<arg>AF</arg>
<arg>AG</arg>
<arg>AI</arg>
<arg>AL</arg>
<arg>AM</arg>
<arg>AO</arg>
<arg>AQ</arg>
<arg>AR</arg>
<arg>AS</arg>
<arg>AT</arg>
<arg>AU</arg>
<arg>AW</arg>
<arg>AX</arg>
<arg>AZ</arg>
<arg>BA</arg>
<arg>BB</arg>
<arg>BD</arg>
<arg>BE</arg>
<arg>BF</arg>
<arg>BG</arg>
<arg>BH</arg>
<arg>BI</arg>
<arg>BJ</arg>
<arg>BL</arg>
<arg>BM</arg>
<arg>BN</arg>
<arg>BO</arg>
<arg>BQ</arg>
<arg>BR</arg>
<arg>BS</arg>
<arg>BT</arg>
<arg>BV</arg>
<arg>BW</arg>
<arg>BY</arg>
<arg>BZ</arg>
<arg>CA</arg>
<arg>CC</arg>
<arg>CD</arg>
<arg>CF</arg>
<arg>CG</arg>
<arg>CH</arg>
<arg>CI</arg>
<arg>CK</arg>
<arg>CL</arg>
<arg>CM</arg>
<arg>CN</arg>
<arg>CO</arg>
<arg>CR</arg>
<arg>CU</arg>
<arg>CV</arg>
<arg>CW</arg>
<arg>CX</arg>
<arg>CY</arg>
<arg>CZ</arg>
<arg>DE</arg>
<arg>DJ</arg>
<arg>DK</arg>
<arg>DM</arg>
<arg>DO</arg>
<arg>DZ</arg>
<arg>EC</arg>
<arg>EE</arg>
<arg>EG</arg>
<arg>EH</arg>
<arg>ER</arg>
<arg>ES</arg>
<arg>ET</arg>
<arg>FI</arg>
<arg>FJ</arg>
<arg>FK</arg>
<arg>FM</arg>
<arg>FO</arg>
<arg>FR</arg>
<arg>GA</arg>
<arg>GB</arg>
<arg>GD</arg>
<arg>GE</arg>
<arg>GF</arg>
<arg>GG</arg>
<arg>GH</arg>
<arg>GI</arg>
<arg>GL</arg>
<arg>GM</arg>
<arg>GN</arg>
<arg>GP</arg>
<arg>GQ</arg>
<arg>GR</arg>
<arg>GS</arg>
<arg>GT</arg>
<arg>GU</arg>
<arg>GW</arg>
<arg>GY</arg>
<arg>HK</arg>
<arg>HM</arg>
<arg>HN</arg>
<arg>HR</arg>
<arg>HT</arg>
<arg>HU</arg>
<arg>ID</arg>
<arg>IE</arg>
<arg>IL</arg>
<arg>IM</arg>
<arg>IN</arg>
<arg>IO</arg>
<arg>IQ</arg>
<arg>IR</arg>
<arg>IS</arg>
<arg>IT</arg>
<arg>JE</arg>
<arg>JM</arg>
<arg>JO</arg>
<arg>JP</arg>
<arg>KE</arg>
<arg>KG</arg>
<arg>KH</arg>
<arg>KI</arg>
<arg>KM</arg>
<arg>KN</arg>
<arg>KP</arg>
<arg>KR</arg>
<arg>KW</arg>
<arg>KY</arg>
<arg>KZ</arg>
<arg>LA</arg>
<arg>LB</arg>
<arg>LC</arg>
<arg>LI</arg>
<arg>LK</arg>
<arg>LR</arg>
<arg>LS</arg>
<arg>LT</arg>
<arg>LU</arg>
<arg>LV</arg>
<arg>LY</arg>
<arg>MA</arg>
<arg>MC</arg>
<arg>MD</arg>
<arg>ME</arg>
<arg>MF</arg>
<arg>MG</arg>
<arg>MH</arg>
<arg>MK</arg>
<arg>ML</arg>
<arg>MM</arg>
<arg>MN</arg>
<arg>MO</arg>
<arg>MP</arg>
<arg>MQ</arg>
<arg>MR</arg>
<arg>MS</arg>
<arg>MT</arg>
<arg>MU</arg>
<arg>MV</arg>
<arg>MW</arg>
<arg>MX</arg>
<arg>MY</arg>
<arg>MZ</arg>
<arg>NA</arg>
<arg>NC</arg>
<arg>NE</arg>
<arg>NF</arg>
<arg>NG</arg>
<arg>NI</arg>
<arg>NL</arg>
<arg>NO</arg>
<arg>NP</arg>
<arg>NR</arg>
<arg>NU</arg>
<arg>NZ</arg>
<arg>OM</arg>
<arg>PA</arg>
<arg>PE</arg>
<arg>PF</arg>
<arg>PG</arg>
<arg>PH</arg>
<arg>PK</arg>
<arg>PL</arg>
<arg>PM</arg>
<arg>PN</arg>
<arg>PR</arg>
<arg>PS</arg>
<arg>PT</arg>
<arg>PW</arg>
<arg>PY</arg>
<arg>QA</arg>
<arg>RE</arg>
<arg>RO</arg>
<arg>RS</arg>
<arg>RU</arg>
<arg>RW</arg>
<arg>SA</arg>
<arg>SB</arg>
<arg>SC</arg>
<arg>SD</arg>
<arg>SE</arg>
<arg>SG</arg>
<arg>SH</arg>
<arg>SI</arg>
<arg>SJ</arg>
<arg>SK</arg>
<arg>SL</arg>
<arg>SM</arg>
<arg>SN</arg>
<arg>SO</arg>
<arg>SR</arg>
<arg>SS</arg>
<arg>ST</arg>
<arg>SV</arg>
<arg>SX</arg>
<arg>SY</arg>
<arg>SZ</arg>
<arg>TC</arg>
<arg>TD</arg>
<arg>TF</arg>
<arg>TG</arg>
<arg>TH</arg>
<arg>TJ</arg>
<arg>TK</arg>
<arg>TL</arg>
<arg>TM</arg>
<arg>TN</arg>
<arg>TO</arg>
<arg>TR</arg>
<arg>TT</arg>
<arg>TV</arg>
<arg>TW</arg>
<arg>TZ</arg>
<arg>UA</arg>
<arg>UG</arg>
<arg>UM</arg>
<arg>US</arg>
<arg>UY</arg>
<arg>UZ</arg>
<arg>VA</arg>
<arg>VC</arg>
<arg>VE</arg>
<arg>VG</arg>
<arg>VI</arg>
<arg>VN</arg>
<arg>VU</arg>
<arg>WF</arg>
<arg>WS</arg>
<arg>XK</arg>
<arg>YE</arg>
<arg>YT</arg>
<arg>ZA</arg>
<arg>ZM</arg>
<arg>ZW</arg>
<doc>Returns a list containing given items.</doc>
<status status="PASS" start="2024-05-22T11:13:31.807040" elapsed="0.000660"/>
</kw>
<kw name="List Should Contain Value" owner="Collections">
<msg time="2024-05-22T11:13:31.808709" level="INFO">False</msg>
<arg>${list_country}</arg>
<arg>${name_country}</arg>
<doc>Fails if the ``value`` is not found from ``list``.</doc>
<status status="PASS" start="2024-05-22T11:13:31.808496" elapsed="0.000249"/>
</kw>
<kw name="Run Keyword If" owner="BuiltIn">
<kw name="Should Be True" owner="BuiltIn">
<arg>${True}</arg>
<doc>Fails if the given condition is not true.</doc>
<status status="PASS" start="2024-05-22T11:13:31.809831" elapsed="0.000146"/>
</kw>
<arg>${json_data["results"][0]["location"]["coordinates"]["latitude"]} &gt;= -90 and ${json_data["results"][0]["location"]["coordinates"]["latitude"]} &lt;= 90</arg>
<arg>Should Be True</arg>
<arg>${True}</arg>
<doc>Runs the given keyword with the given arguments, if ``condition`` is true.</doc>
<status status="PASS" start="2024-05-22T11:13:31.809066" elapsed="0.001040"/>
</kw>
<kw name="Run Keyword If" owner="BuiltIn">
<kw name="Should Be True" owner="BuiltIn">
<arg>${True}</arg>
<doc>Fails if the given condition is not true.</doc>
<status status="PASS" start="2024-05-22T11:13:31.810987" elapsed="0.000149"/>
</kw>
<arg>${json_data["results"][0]["location"]["coordinates"]["longitude"]} &gt;= -180 and ${json_data["results"][0]["location"]["coordinates"]["longitude"]} &lt;= 180</arg>
<arg>Should Be True</arg>
<arg>${True}</arg>
<doc>Runs the given keyword with the given arguments, if ``condition`` is true.</doc>
<status status="PASS" start="2024-05-22T11:13:31.810292" elapsed="0.000969"/>
</kw>
<status status="PASS" start="2024-05-22T11:13:31.689565" elapsed="0.121827"/>
</kw>
<doc>Testa o conteúdo específico dos campos retornados pela API.</doc>
<tag>testeConteudo</tag>
<status status="PASS" start="2024-05-22T11:13:31.688957" elapsed="0.122591"/>
</test>
<status status="PASS" start="2024-05-22T11:13:30.635803" elapsed="1.177744"/>
</suite>
<status status="PASS" start="2024-05-22T11:13:30.620764" elapsed="1.198091"/>
</suite>
<statistics>
<total>
<stat pass="5" fail="0" skip="0">All Tests</stat>
</total>
<tag>
<stat pass="1" fail="0" skip="0">testeConteudo</stat>
<stat pass="1" fail="0" skip="0">testeEstruturaResposta</stat>
<stat pass="1" fail="0" skip="0">testeRequisicaoBasica</stat>
<stat pass="1" fail="0" skip="0">testeTiposDados</stat>
</tag>
<suite>
<stat pass="5" fail="0" skip="0" id="s1" name="Tests">Tests</stat>
<stat pass="5" fail="0" skip="0" id="s1-s1" name="Random-User-Test">Tests.Random-User-Test</stat>
</suite>
</statistics>
<errors>
</errors>
</robot>
