<?xml version="1.0" encoding="UTF-8"?>
<robot generator="Robot 7.0 (Python 3.12.3 on linux)" generated="2024-04-30T10:15:13.045262" rpa="false" schemaversion="5">
<suite id="s1" name="Tests" source="/home/runner/work/DesafioQAItauRogerioJordao/DesafioQAItauRogerioJordao/RamdonUser/tests">
<suite id="s1-s1" name="Random-User-Test" source="/home/runner/work/DesafioQAItauRogerioJordao/DesafioQAItauRogerioJordao/RamdonUser/tests/random-user-test.robot">
<test id="s1-s1-t1" name="Conectar" line="13">
<kw name="Conectar API" owner="random-user-service">
<kw name="Create Session" owner="RequestsLibrary">
<msg time="2024-04-30T10:15:13.455022" level="INFO">Creating Session using : alias=consultarAPI, url=https://randomuser.me/, headers={},                     cookies={}, auth=None, timeout=None, proxies=None, verify=False,                     debug=0 </msg>
<arg>consultarAPI</arg>
<arg>${URL}</arg>
<doc>Create Session: create a HTTP session to a server</doc>
<status status="PASS" start="2024-04-30T10:15:13.454815" elapsed="0.000407"/>
</kw>
<status status="PASS" start="2024-04-30T10:15:13.453800" elapsed="0.001797"/>
</kw>
<status status="PASS" start="2024-04-30T10:15:13.453171" elapsed="0.002620"/>
</test>
<test id="s1-s1-t2" name="Validar retorno 200 e JSON Válido" line="16">
<kw name="Teste de Requisicao Basica" owner="random-user-service">
<kw name="GET On Session" owner="RequestsLibrary">
<msg time="2024-04-30T10:15:13.621295" level="INFO">GET Request : url=https://randomuser.me/api 
 path_url=/api 
 headers={'User-Agent': 'python-requests/2.31.0', 'Accept-Encoding': 'gzip, deflate', 'Accept': '*/*', 'Connection': 'keep-alive'} 
 body=None 
 </msg>
<msg time="2024-04-30T10:15:13.621449" level="INFO">GET Response : url=https://randomuser.me/api 
 status=200, reason=OK 
 headers={'Date': 'Tue, 30 Apr 2024 10:15:13 GMT', 'Content-Type': 'application/json; charset=utf-8', 'Transfer-Encoding': 'chunked', 'Connection': 'keep-alive', 'X-Powered-By': 'Express', 'Access-Control-Allow-Origin': '*', 'Cache-Control': 'no-cache', 'ETag': 'W/"4b2-rIwfxpBti8FLy1tI6dmQAkJitAc"', 'Vary': 'Accept-Encoding', 'Content-Encoding': 'gzip', 'CF-Cache-Status': 'DYNAMIC', 'Report-To': '{"endpoints":[{"url":"https:\\/\\/a.nel.cloudflare.com\\/report\\/v4?s=EDgl6K6ZuF6HurNJ8J%2BgxoE%2FB2SxEgISdmrNSto1lIN0Py%2FmwdRKeEZDRYkpC2fUaEMK3kQu8CDrqiipXC19U38v0ZyV2NghRnNjdsqXEMSYIYhEWdHdKMs%2FiudzuSWw"}],"group":"cf-nel","max_age":604800}', 'NEL': '{"success_fraction":0,"report_to":"cf-nel","max_age":604800}', 'Server': 'cloudflare', 'CF-RAY': '87c6c4f59cb07d7d-LAX', 'alt-svc': 'h3=":443"; ma=86400'} 
 body={"results":[{"gender":"female","name":{"title":"Miss","first":"Rukiye","last":"Van Amelsfort"},"location":{"street":{"number":8091,"name":"De Broeken"},"city":"Strijen","state":"Flevoland","country":"Netherlands","postcode":"0910 TA","coordinates":{"latitude":"38.1640","longitude":"16.4781"},"timezone":{"offset":"+5:00","description":"Ekaterinburg, Islamabad, Karachi, Tashkent"}},"email":"rukiye.vanamelsfort@example.com","login":{"uuid":"cb1ac5c1-bbdc-429f-b6d0-b20541730b6d","username":"beautifulpanda264","password":"steffen","salt":"UZXlK7Dx","md5":"eab92d2ac710ef5570af9b29d624ccb9","sha1":"f37682f2625d32c253854ce74364ef98f56f5044","sha256":"3c5249371e1d9a42b992097037d7952321a8bc3529e779181ed943f14d353c2e"},"dob":{"date":"1947-08-03T06:34:54.127Z","age":76},"registered":{"date":"2009-08-26T10:02:31.869Z","age":14},"phone":"(004) 2074820","cell":"(06) 54231822","id":{"name":"BSN","value":"22623600"},"picture":{"large":"https://randomuser.me/api/portraits/women/27.jpg","medium":"https://randomuser.me/api/portraits/med/women/27.jpg","thumbnail":"https://randomuser.me/api/portraits/thumb/women/27.jpg"},"nat":"NL"}],"info":{"seed":"8acc2994edf3acf3","results":1,"page":1,"version":"1.4"}} 
 </msg>
<msg time="2024-04-30T10:15:13.621530" level="INFO">/opt/hostedtoolcache/Python/3.12.3/x64/lib/python3.12/site-packages/urllib3/connectionpool.py:1103: InsecureRequestWarning: Unverified HTTPS request is being made to host 'randomuser.me'. Adding certificate verification is strongly advised. See: https://urllib3.readthedocs.io/en/latest/advanced-usage.html#tls-warnings
  warnings.warn(</msg>
<msg time="2024-04-30T10:15:13.621674" level="INFO">${response} = &lt;Response [200]&gt;</msg>
<var>${response}</var>
<arg>consultarAPI</arg>
<arg>/api</arg>
<doc>Sends a GET request on a previously created HTTP Session.</doc>
<status status="PASS" start="2024-04-30T10:15:13.458421" elapsed="0.163327"/>
</kw>
<kw name="Should Be Equal As Numbers" owner="BuiltIn">
<msg time="2024-04-30T10:15:13.622798" level="INFO">Argument types are:
&lt;class 'int'&gt;
&lt;class 'str'&gt;</msg>
<arg>${response.status_code}</arg>
<arg>200</arg>
<doc>Fails if objects are unequal after converting them to real numbers.</doc>
<status status="PASS" start="2024-04-30T10:15:13.622327" elapsed="0.000539"/>
</kw>
<kw name="Log" owner="BuiltIn">
<msg time="2024-04-30T10:15:13.623580" level="INFO">200</msg>
<arg>${response.status_code}</arg>
<doc>Logs the given message with the given level.</doc>
<status status="PASS" start="2024-04-30T10:15:13.623229" elapsed="0.000393"/>
</kw>
<kw name="Set Variable" owner="BuiltIn">
<msg time="2024-04-30T10:15:13.624377" level="INFO">${json_data} = {'results': [{'gender': 'female', 'name': {'title': 'Miss', 'first': 'Rukiye', 'last': 'Van Amelsfort'}, 'location': {'street': {'number': 8091, 'name': 'De Broeken'}, 'city': 'Strijen', 'state': 'Fle...</msg>
<var>${json_data}</var>
<arg>${response.json()}</arg>
<doc>Returns the given values which can then be assigned to a variables.</doc>
<status status="PASS" start="2024-04-30T10:15:13.623930" elapsed="0.000475"/>
</kw>
<kw name="Dictionary Should Contain Key" owner="Collections">
<msg time="2024-04-30T10:15:13.624879" level="INFO">False</msg>
<arg>${json_data}</arg>
<arg>results</arg>
<doc>Fails if ``key`` is not found from ``dictionary``.</doc>
<status status="PASS" start="2024-04-30T10:15:13.624706" elapsed="0.000217"/>
</kw>
<status status="PASS" start="2024-04-30T10:15:13.458169" elapsed="0.167013"/>
</kw>
<doc>Testa se a API responde corretamente e retorna um objeto JSON válido.</doc>
<tag>testeRequisicaoBasica</tag>
<status status="PASS" start="2024-04-30T10:15:13.457673" elapsed="0.167699"/>
</test>
<test id="s1-s1-t3" name="Validar estrutura de resposta" line="22">
<kw name="Teste de Estrutura de Resposta" owner="random-user-service">
<kw name="GET On Session" owner="RequestsLibrary">
<msg time="2024-04-30T10:15:13.721233" level="INFO">GET Request : url=https://randomuser.me/api 
 path_url=/api 
 headers={'User-Agent': 'python-requests/2.31.0', 'Accept-Encoding': 'gzip, deflate', 'Accept': '*/*', 'Connection': 'keep-alive'} 
 body=None 
 </msg>
<msg time="2024-04-30T10:15:13.721344" level="INFO">GET Response : url=https://randomuser.me/api 
 status=200, reason=OK 
 headers={'Date': 'Tue, 30 Apr 2024 10:15:13 GMT', 'Content-Type': 'application/json; charset=utf-8', 'Transfer-Encoding': 'chunked', 'Connection': 'keep-alive', 'X-Powered-By': 'Express', 'Access-Control-Allow-Origin': '*', 'Cache-Control': 'no-cache', 'ETag': 'W/"4a9-BgMn2QZdyAZyo6rRFuXDPQp0w2g"', 'Vary': 'Accept-Encoding', 'Content-Encoding': 'gzip', 'CF-Cache-Status': 'DYNAMIC', 'Report-To': '{"endpoints":[{"url":"https:\\/\\/a.nel.cloudflare.com\\/report\\/v4?s=U6fG7KChnZw%2FIsEJyq9CDyjO0n3cZfJQV40oLO4XmE2AxhYC7xQfdcSy2JJMF6wuWMFyzsy%2BHHT0uw%2BtSQ2Kel2Mjig7hLN7Un34%2FIrcCkDAlNYjm7ymiClyV3Z4lM9e"}],"group":"cf-nel","max_age":604800}', 'NEL': '{"success_fraction":0,"report_to":"cf-nel","max_age":604800}', 'Server': 'cloudflare', 'CF-RAY': '87c6c4f63d047d7d-LAX', 'alt-svc': 'h3=":443"; ma=86400'} 
 body={"results":[{"gender":"female","name":{"title":"Mrs","first":"Sheryl","last":"Mitchelle"},"location":{"street":{"number":7763,"name":"School Lane"},"city":"Chester","state":"County Londonderry","country":"United Kingdom","postcode":"H05 6TD","coordinates":{"latitude":"-9.3040","longitude":"24.0151"},"timezone":{"offset":"+4:00","description":"Abu Dhabi, Muscat, Baku, Tbilisi"}},"email":"sheryl.mitchelle@example.com","login":{"uuid":"d989cb33-dc93-4b08-9109-54cd9ca0aa26","username":"purplefrog367","password":"1959","salt":"XLoRcILf","md5":"6a413409355e646aa8f3cf6ee37b40ba","sha1":"2c132057c4922a44d3a6b61d69a0d9986c2e4e7b","sha256":"be4752a1d03dcf46d7c0be9a42cc4b9169a37e6f48e5deb0c18039fd2ff7a910"},"dob":{"date":"1990-04-14T01:46:46.961Z","age":34},"registered":{"date":"2019-03-13T08:18:13.077Z","age":5},"phone":"015394 89294","cell":"07649 509907","id":{"name":"NINO","value":"GH 17 38 10 A"},"picture":{"large":"https://randomuser.me/api/portraits/women/57.jpg","medium":"https://randomuser.me/api/portraits/med/women/57.jpg","thumbnail":"https://randomuser.me/api/portraits/thumb/women/57.jpg"},"nat":"GB"}],"info":{"seed":"cdb312174b7b0b05","results":1,"page":1,"version":"1.4"}} 
 </msg>
<msg time="2024-04-30T10:15:13.721491" level="INFO">/opt/hostedtoolcache/Python/3.12.3/x64/lib/python3.12/site-packages/urllib3/connectionpool.py:1103: InsecureRequestWarning: Unverified HTTPS request is being made to host 'randomuser.me'. Adding certificate verification is strongly advised. See: https://urllib3.readthedocs.io/en/latest/advanced-usage.html#tls-warnings
  warnings.warn(</msg>
<msg time="2024-04-30T10:15:13.721621" level="INFO">${response} = &lt;Response [200]&gt;</msg>
<var>${response}</var>
<arg>consultarAPI</arg>
<arg>/api</arg>
<doc>Sends a GET request on a previously created HTTP Session.</doc>
<status status="PASS" start="2024-04-30T10:15:13.628058" elapsed="0.093605"/>
</kw>
<kw name="Set Variable" owner="BuiltIn">
<msg time="2024-04-30T10:15:13.722732" level="INFO">${json_data} = {'results': [{'gender': 'female', 'name': {'title': 'Mrs', 'first': 'Sheryl', 'last': 'Mitchelle'}, 'location': {'street': {'number': 7763, 'name': 'School Lane'}, 'city': 'Chester', 'state': 'County ...</msg>
<var>${json_data}</var>
<arg>${response.json()}</arg>
<doc>Returns the given values which can then be assigned to a variables.</doc>
<status status="PASS" start="2024-04-30T10:15:13.722203" elapsed="0.000558"/>
</kw>
<kw name="Log" owner="BuiltIn">
<msg time="2024-04-30T10:15:13.723238" level="INFO">{'results': [{'gender': 'female', 'name': {'title': 'Mrs', 'first': 'Sheryl', 'last': 'Mitchelle'}, 'location': {'street': {'number': 7763, 'name': 'School Lane'}, 'city': 'Chester', 'state': 'County Londonderry', 'country': 'United Kingdom', 'postcode': 'H05 6TD', 'coordinates': {'latitude': '-9.3040', 'longitude': '24.0151'}, 'timezone': {'offset': '+4:00', 'description': 'Abu Dhabi, Muscat, Baku, Tbilisi'}}, 'email': 'sheryl.mitchelle@example.com', 'login': {'uuid': 'd989cb33-dc93-4b08-9109-54cd9ca0aa26', 'username': 'purplefrog367', 'password': '1959', 'salt': 'XLoRcILf', 'md5': '6a413409355e646aa8f3cf6ee37b40ba', 'sha1': '2c132057c4922a44d3a6b61d69a0d9986c2e4e7b', 'sha256': 'be4752a1d03dcf46d7c0be9a42cc4b9169a37e6f48e5deb0c18039fd2ff7a910'}, 'dob': {'date': '1990-04-14T01:46:46.961Z', 'age': 34}, 'registered': {'date': '2019-03-13T08:18:13.077Z', 'age': 5}, 'phone': '015394 89294', 'cell': '07649 509907', 'id': {'name': 'NINO', 'value': 'GH 17 38 10 A'}, 'picture': {'large': 'https://randomuser.me/api/portraits/women/57.jpg', 'medium': 'https://randomuser.me/api/portraits/med/women/57.jpg', 'thumbnail': 'https://randomuser.me/api/portraits/thumb/women/57.jpg'}, 'nat': 'GB'}], 'info': {'seed': 'cdb312174b7b0b05', 'results': 1, 'page': 1, 'version': '1.4'}}</msg>
<arg>${json_data}</arg>
<doc>Logs the given message with the given level.</doc>
<status status="PASS" start="2024-04-30T10:15:13.723078" elapsed="0.000209"/>
</kw>
<kw name="Dictionary Should Contain Key" owner="Collections">
<msg time="2024-04-30T10:15:13.723748" level="INFO">False</msg>
<arg>${json_data}</arg>
<arg>results</arg>
<doc>Fails if ``key`` is not found from ``dictionary``.</doc>
<status status="PASS" start="2024-04-30T10:15:13.723582" elapsed="0.000203"/>
</kw>
<kw name="Should Not Be Empty" owner="BuiltIn">
<msg time="2024-04-30T10:15:13.724214" level="INFO">Length is 2.</msg>
<arg>${json_data}</arg>
<doc>Verifies that the given item is not empty.</doc>
<status status="PASS" start="2024-04-30T10:15:13.724080" elapsed="0.000341"/>
</kw>
<kw name="Create List" owner="BuiltIn">
<msg time="2024-04-30T10:15:13.724871" level="INFO">${expected_keys} = ['gender', 'name', 'location', 'email', 'login']</msg>
<var>${expected_keys}</var>
<arg>gender</arg>
<arg>name</arg>
<arg>location</arg>
<arg>email</arg>
<arg>login</arg>
<doc>Returns a list containing given items.</doc>
<status status="PASS" start="2024-04-30T10:15:13.724724" elapsed="0.000173"/>
</kw>
<for flavor="IN">
<iter>
<kw name="Dictionary Should Contain Key" owner="Collections">
<msg time="2024-04-30T10:15:13.725967" level="INFO">False</msg>
<arg>${json_data['results'][0]}</arg>
<arg>${key}</arg>
<doc>Fails if ``key`` is not found from ``dictionary``.</doc>
<status status="PASS" start="2024-04-30T10:15:13.725506" elapsed="0.000502"/>
</kw>
<kw name="Log" owner="BuiltIn">
<msg time="2024-04-30T10:15:13.726681" level="INFO">{'gender': 'female', 'name': {'title': 'Mrs', 'first': 'Sheryl', 'last': 'Mitchelle'}, 'location': {'street': {'number': 7763, 'name': 'School Lane'}, 'city': 'Chester', 'state': 'County Londonderry', 'country': 'United Kingdom', 'postcode': 'H05 6TD', 'coordinates': {'latitude': '-9.3040', 'longitude': '24.0151'}, 'timezone': {'offset': '+4:00', 'description': 'Abu Dhabi, Muscat, Baku, Tbilisi'}}, 'email': 'sheryl.mitchelle@example.com', 'login': {'uuid': 'd989cb33-dc93-4b08-9109-54cd9ca0aa26', 'username': 'purplefrog367', 'password': '1959', 'salt': 'XLoRcILf', 'md5': '6a413409355e646aa8f3cf6ee37b40ba', 'sha1': '2c132057c4922a44d3a6b61d69a0d9986c2e4e7b', 'sha256': 'be4752a1d03dcf46d7c0be9a42cc4b9169a37e6f48e5deb0c18039fd2ff7a910'}, 'dob': {'date': '1990-04-14T01:46:46.961Z', 'age': 34}, 'registered': {'date': '2019-03-13T08:18:13.077Z', 'age': 5}, 'phone': '015394 89294', 'cell': '07649 509907', 'id': {'name': 'NINO', 'value': 'GH 17 38 10 A'}, 'picture': {'large': 'https://randomuser.me/api/portraits/women/57.jpg', 'medium': 'https://randomuser.me/api/portraits/med/women/57.jpg', 'thumbnail': 'https://randomuser.me/api/portraits/thumb/women/57.jpg'}, 'nat': 'GB'}</msg>
<arg>${json_data['results'][0]}</arg>
<doc>Logs the given message with the given level.</doc>
<status status="PASS" start="2024-04-30T10:15:13.726314" elapsed="0.000416"/>
</kw>
<kw name="Log" owner="BuiltIn">
<msg time="2024-04-30T10:15:13.727151" level="INFO">gender</msg>
<arg>${key}</arg>
<doc>Logs the given message with the given level.</doc>
<status status="PASS" start="2024-04-30T10:15:13.727023" elapsed="0.000165"/>
</kw>
<var name="${key}">gender</var>
<status status="PASS" start="2024-04-30T10:15:13.725377" elapsed="0.002024"/>
</iter>
<iter>
<kw name="Dictionary Should Contain Key" owner="Collections">
<msg time="2024-04-30T10:15:13.728092" level="INFO">False</msg>
<arg>${json_data['results'][0]}</arg>
<arg>${key}</arg>
<doc>Fails if ``key`` is not found from ``dictionary``.</doc>
<status status="PASS" start="2024-04-30T10:15:13.727703" elapsed="0.000427"/>
</kw>
<kw name="Log" owner="BuiltIn">
<msg time="2024-04-30T10:15:13.728818" level="INFO">{'gender': 'female', 'name': {'title': 'Mrs', 'first': 'Sheryl', 'last': 'Mitchelle'}, 'location': {'street': {'number': 7763, 'name': 'School Lane'}, 'city': 'Chester', 'state': 'County Londonderry', 'country': 'United Kingdom', 'postcode': 'H05 6TD', 'coordinates': {'latitude': '-9.3040', 'longitude': '24.0151'}, 'timezone': {'offset': '+4:00', 'description': 'Abu Dhabi, Muscat, Baku, Tbilisi'}}, 'email': 'sheryl.mitchelle@example.com', 'login': {'uuid': 'd989cb33-dc93-4b08-9109-54cd9ca0aa26', 'username': 'purplefrog367', 'password': '1959', 'salt': 'XLoRcILf', 'md5': '6a413409355e646aa8f3cf6ee37b40ba', 'sha1': '2c132057c4922a44d3a6b61d69a0d9986c2e4e7b', 'sha256': 'be4752a1d03dcf46d7c0be9a42cc4b9169a37e6f48e5deb0c18039fd2ff7a910'}, 'dob': {'date': '1990-04-14T01:46:46.961Z', 'age': 34}, 'registered': {'date': '2019-03-13T08:18:13.077Z', 'age': 5}, 'phone': '015394 89294', 'cell': '07649 509907', 'id': {'name': 'NINO', 'value': 'GH 17 38 10 A'}, 'picture': {'large': 'https://randomuser.me/api/portraits/women/57.jpg', 'medium': 'https://randomuser.me/api/portraits/med/women/57.jpg', 'thumbnail': 'https://randomuser.me/api/portraits/thumb/women/57.jpg'}, 'nat': 'GB'}</msg>
<arg>${json_data['results'][0]}</arg>
<doc>Logs the given message with the given level.</doc>
<status status="PASS" start="2024-04-30T10:15:13.728455" elapsed="0.000414"/>
</kw>
<kw name="Log" owner="BuiltIn">
<msg time="2024-04-30T10:15:13.729289" level="INFO">name</msg>
<arg>${key}</arg>
<doc>Logs the given message with the given level.</doc>
<status status="PASS" start="2024-04-30T10:15:13.729162" elapsed="0.000165"/>
</kw>
<var name="${key}">name</var>
<status status="PASS" start="2024-04-30T10:15:13.727588" elapsed="0.001954"/>
</iter>
<iter>
<kw name="Dictionary Should Contain Key" owner="Collections">
<msg time="2024-04-30T10:15:13.730265" level="INFO">False</msg>
<arg>${json_data['results'][0]}</arg>
<arg>${key}</arg>
<doc>Fails if ``key`` is not found from ``dictionary``.</doc>
<status status="PASS" start="2024-04-30T10:15:13.729872" elapsed="0.000431"/>
</kw>
<kw name="Log" owner="BuiltIn">
<msg time="2024-04-30T10:15:13.730958" level="INFO">{'gender': 'female', 'name': {'title': 'Mrs', 'first': 'Sheryl', 'last': 'Mitchelle'}, 'location': {'street': {'number': 7763, 'name': 'School Lane'}, 'city': 'Chester', 'state': 'County Londonderry', 'country': 'United Kingdom', 'postcode': 'H05 6TD', 'coordinates': {'latitude': '-9.3040', 'longitude': '24.0151'}, 'timezone': {'offset': '+4:00', 'description': 'Abu Dhabi, Muscat, Baku, Tbilisi'}}, 'email': 'sheryl.mitchelle@example.com', 'login': {'uuid': 'd989cb33-dc93-4b08-9109-54cd9ca0aa26', 'username': 'purplefrog367', 'password': '1959', 'salt': 'XLoRcILf', 'md5': '6a413409355e646aa8f3cf6ee37b40ba', 'sha1': '2c132057c4922a44d3a6b61d69a0d9986c2e4e7b', 'sha256': 'be4752a1d03dcf46d7c0be9a42cc4b9169a37e6f48e5deb0c18039fd2ff7a910'}, 'dob': {'date': '1990-04-14T01:46:46.961Z', 'age': 34}, 'registered': {'date': '2019-03-13T08:18:13.077Z', 'age': 5}, 'phone': '015394 89294', 'cell': '07649 509907', 'id': {'name': 'NINO', 'value': 'GH 17 38 10 A'}, 'picture': {'large': 'https://randomuser.me/api/portraits/women/57.jpg', 'medium': 'https://randomuser.me/api/portraits/med/women/57.jpg', 'thumbnail': 'https://randomuser.me/api/portraits/thumb/women/57.jpg'}, 'nat': 'GB'}</msg>
<arg>${json_data['results'][0]}</arg>
<doc>Logs the given message with the given level.</doc>
<status status="PASS" start="2024-04-30T10:15:13.730601" elapsed="0.000407"/>
</kw>
<kw name="Log" owner="BuiltIn">
<msg time="2024-04-30T10:15:13.731447" level="INFO">location</msg>
<arg>${key}</arg>
<doc>Logs the given message with the given level.</doc>
<status status="PASS" start="2024-04-30T10:15:13.731299" elapsed="0.000190"/>
</kw>
<var name="${key}">location</var>
<status status="PASS" start="2024-04-30T10:15:13.729753" elapsed="0.001959"/>
</iter>
<iter>
<kw name="Dictionary Should Contain Key" owner="Collections">
<msg time="2024-04-30T10:15:13.732390" level="INFO">False</msg>
<arg>${json_data['results'][0]}</arg>
<arg>${key}</arg>
<doc>Fails if ``key`` is not found from ``dictionary``.</doc>
<status status="PASS" start="2024-04-30T10:15:13.732003" elapsed="0.000424"/>
</kw>
<kw name="Log" owner="BuiltIn">
<msg time="2024-04-30T10:15:13.733087" level="INFO">{'gender': 'female', 'name': {'title': 'Mrs', 'first': 'Sheryl', 'last': 'Mitchelle'}, 'location': {'street': {'number': 7763, 'name': 'School Lane'}, 'city': 'Chester', 'state': 'County Londonderry', 'country': 'United Kingdom', 'postcode': 'H05 6TD', 'coordinates': {'latitude': '-9.3040', 'longitude': '24.0151'}, 'timezone': {'offset': '+4:00', 'description': 'Abu Dhabi, Muscat, Baku, Tbilisi'}}, 'email': 'sheryl.mitchelle@example.com', 'login': {'uuid': 'd989cb33-dc93-4b08-9109-54cd9ca0aa26', 'username': 'purplefrog367', 'password': '1959', 'salt': 'XLoRcILf', 'md5': '6a413409355e646aa8f3cf6ee37b40ba', 'sha1': '2c132057c4922a44d3a6b61d69a0d9986c2e4e7b', 'sha256': 'be4752a1d03dcf46d7c0be9a42cc4b9169a37e6f48e5deb0c18039fd2ff7a910'}, 'dob': {'date': '1990-04-14T01:46:46.961Z', 'age': 34}, 'registered': {'date': '2019-03-13T08:18:13.077Z', 'age': 5}, 'phone': '015394 89294', 'cell': '07649 509907', 'id': {'name': 'NINO', 'value': 'GH 17 38 10 A'}, 'picture': {'large': 'https://randomuser.me/api/portraits/women/57.jpg', 'medium': 'https://randomuser.me/api/portraits/med/women/57.jpg', 'thumbnail': 'https://randomuser.me/api/portraits/thumb/women/57.jpg'}, 'nat': 'GB'}</msg>
<arg>${json_data['results'][0]}</arg>
<doc>Logs the given message with the given level.</doc>
<status status="PASS" start="2024-04-30T10:15:13.732724" elapsed="0.000413"/>
</kw>
<kw name="Log" owner="BuiltIn">
<msg time="2024-04-30T10:15:13.733556" level="INFO">email</msg>
<arg>${key}</arg>
<doc>Logs the given message with the given level.</doc>
<status status="PASS" start="2024-04-30T10:15:13.733429" elapsed="0.000165"/>
</kw>
<var name="${key}">email</var>
<status status="PASS" start="2024-04-30T10:15:13.731885" elapsed="0.001959"/>
</iter>
<iter>
<kw name="Dictionary Should Contain Key" owner="Collections">
<msg time="2024-04-30T10:15:13.734517" level="INFO">False</msg>
<arg>${json_data['results'][0]}</arg>
<arg>${key}</arg>
<doc>Fails if ``key`` is not found from ``dictionary``.</doc>
<status status="PASS" start="2024-04-30T10:15:13.734136" elapsed="0.000420"/>
</kw>
<kw name="Log" owner="BuiltIn">
<msg time="2024-04-30T10:15:13.735225" level="INFO">{'gender': 'female', 'name': {'title': 'Mrs', 'first': 'Sheryl', 'last': 'Mitchelle'}, 'location': {'street': {'number': 7763, 'name': 'School Lane'}, 'city': 'Chester', 'state': 'County Londonderry', 'country': 'United Kingdom', 'postcode': 'H05 6TD', 'coordinates': {'latitude': '-9.3040', 'longitude': '24.0151'}, 'timezone': {'offset': '+4:00', 'description': 'Abu Dhabi, Muscat, Baku, Tbilisi'}}, 'email': 'sheryl.mitchelle@example.com', 'login': {'uuid': 'd989cb33-dc93-4b08-9109-54cd9ca0aa26', 'username': 'purplefrog367', 'password': '1959', 'salt': 'XLoRcILf', 'md5': '6a413409355e646aa8f3cf6ee37b40ba', 'sha1': '2c132057c4922a44d3a6b61d69a0d9986c2e4e7b', 'sha256': 'be4752a1d03dcf46d7c0be9a42cc4b9169a37e6f48e5deb0c18039fd2ff7a910'}, 'dob': {'date': '1990-04-14T01:46:46.961Z', 'age': 34}, 'registered': {'date': '2019-03-13T08:18:13.077Z', 'age': 5}, 'phone': '015394 89294', 'cell': '07649 509907', 'id': {'name': 'NINO', 'value': 'GH 17 38 10 A'}, 'picture': {'large': 'https://randomuser.me/api/portraits/women/57.jpg', 'medium': 'https://randomuser.me/api/portraits/med/women/57.jpg', 'thumbnail': 'https://randomuser.me/api/portraits/thumb/women/57.jpg'}, 'nat': 'GB'}</msg>
<arg>${json_data['results'][0]}</arg>
<doc>Logs the given message with the given level.</doc>
<status status="PASS" start="2024-04-30T10:15:13.734852" elapsed="0.000425"/>
</kw>
<kw name="Log" owner="BuiltIn">
<msg time="2024-04-30T10:15:13.735700" level="INFO">login</msg>
<arg>${key}</arg>
<doc>Logs the given message with the given level.</doc>
<status status="PASS" start="2024-04-30T10:15:13.735571" elapsed="0.000198"/>
</kw>
<var name="${key}">login</var>
<status status="PASS" start="2024-04-30T10:15:13.734023" elapsed="0.001970"/>
</iter>
<var>${key}</var>
<value>@{expected_keys}</value>
<status status="PASS" start="2024-04-30T10:15:13.725172" elapsed="0.010942"/>
</for>
<kw name="Create List" owner="BuiltIn">
<msg time="2024-04-30T10:15:13.736448" level="INFO">${expected_keysTwo} = ['username', 'password']</msg>
<var>${expected_keysTwo}</var>
<arg>username</arg>
<arg>password</arg>
<doc>Returns a list containing given items.</doc>
<status status="PASS" start="2024-04-30T10:15:13.736310" elapsed="0.000163"/>
</kw>
<for flavor="IN">
<iter>
<kw name="Dictionary Should Contain Key" owner="Collections">
<msg time="2024-04-30T10:15:13.737364" level="INFO">False</msg>
<arg>${json_data['results'][0]['login']}</arg>
<arg>${keyTwo}</arg>
<doc>Fails if ``key`` is not found from ``dictionary``.</doc>
<status status="PASS" start="2024-04-30T10:15:13.736977" elapsed="0.000425"/>
</kw>
<kw name="Dictionary Should Contain Key" owner="Collections">
<msg time="2024-04-30T10:15:13.738121" level="INFO">False</msg>
<arg>${json_data['results'][0]['login']}</arg>
<arg>${keyTwo}</arg>
<doc>Fails if ``key`` is not found from ``dictionary``.</doc>
<status status="PASS" start="2024-04-30T10:15:13.737694" elapsed="0.000465"/>
</kw>
<kw name="Log" owner="BuiltIn">
<msg time="2024-04-30T10:15:13.738590" level="INFO">username</msg>
<arg>${keyTwo}</arg>
<doc>Logs the given message with the given level.</doc>
<status status="PASS" start="2024-04-30T10:15:13.738460" elapsed="0.000172"/>
</kw>
<var name="${keyTwo}">username</var>
<status status="PASS" start="2024-04-30T10:15:13.736867" elapsed="0.001979"/>
</iter>
<iter>
<kw name="Dictionary Should Contain Key" owner="Collections">
<msg time="2024-04-30T10:15:13.739607" level="INFO">False</msg>
<arg>${json_data['results'][0]['login']}</arg>
<arg>${keyTwo}</arg>
<doc>Fails if ``key`` is not found from ``dictionary``.</doc>
<status status="PASS" start="2024-04-30T10:15:13.739129" elapsed="0.000518"/>
</kw>
<kw name="Dictionary Should Contain Key" owner="Collections">
<msg time="2024-04-30T10:15:13.740329" level="INFO">False</msg>
<arg>${json_data['results'][0]['login']}</arg>
<arg>${keyTwo}</arg>
<doc>Fails if ``key`` is not found from ``dictionary``.</doc>
<status status="PASS" start="2024-04-30T10:15:13.739947" elapsed="0.000419"/>
</kw>
<kw name="Log" owner="BuiltIn">
<msg time="2024-04-30T10:15:13.740793" level="INFO">password</msg>
<arg>${keyTwo}</arg>
<doc>Logs the given message with the given level.</doc>
<status status="PASS" start="2024-04-30T10:15:13.740665" elapsed="0.000166"/>
</kw>
<var name="${keyTwo}">password</var>
<status status="PASS" start="2024-04-30T10:15:13.739018" elapsed="0.002030"/>
</iter>
<var>${keyTwo}</var>
<value>@{expected_keysTwo}</value>
<status status="PASS" start="2024-04-30T10:15:13.736711" elapsed="0.004460"/>
</for>
<status status="PASS" start="2024-04-30T10:15:13.627817" elapsed="0.113498"/>
</kw>
<doc>Testa a estrutura da resposta da API.</doc>
<tag>testeEstruturaResposta</tag>
<status status="PASS" start="2024-04-30T10:15:13.627301" elapsed="0.114176"/>
</test>
<test id="s1-s1-t4" name="Validar tipos de dados" line="28">
<kw name="Teste de Tipos de Dados" owner="random-user-service">
<kw name="GET On Session" owner="RequestsLibrary">
<msg time="2024-04-30T10:15:13.837653" level="INFO">GET Request : url=https://randomuser.me/api 
 path_url=/api 
 headers={'User-Agent': 'python-requests/2.31.0', 'Accept-Encoding': 'gzip, deflate', 'Accept': '*/*', 'Connection': 'keep-alive'} 
 body=None 
 </msg>
<msg time="2024-04-30T10:15:13.837789" level="INFO">GET Response : url=https://randomuser.me/api 
 status=200, reason=OK 
 headers={'Date': 'Tue, 30 Apr 2024 10:15:13 GMT', 'Content-Type': 'application/json; charset=utf-8', 'Transfer-Encoding': 'chunked', 'Connection': 'keep-alive', 'X-Powered-By': 'Express', 'Access-Control-Allow-Origin': '*', 'Cache-Control': 'no-cache', 'ETag': 'W/"498-FYaqS4u2HSqszfjh9TiL+Ycya3Y"', 'Vary': 'Accept-Encoding', 'Content-Encoding': 'gzip', 'CF-Cache-Status': 'DYNAMIC', 'Report-To': '{"endpoints":[{"url":"https:\\/\\/a.nel.cloudflare.com\\/report\\/v4?s=2%2F58L7zUmvphCYKv2g6eAo6S%2BMYoH2k%2BhGZy3eGXTzogZ78YsukeaOeZJCoo6EXVAnP7gY7TmLymE3pZmg7j1Tcmr8ANGyGOPi8pigBzrdyqiFP2wtbz0bXj8JC0w%2FRQ"}],"group":"cf-nel","max_age":604800}', 'NEL': '{"success_fraction":0,"report_to":"cf-nel","max_age":604800}', 'Server': 'cloudflare', 'CF-RAY': '87c6c4f6fd7f7d7d-LAX', 'alt-svc': 'h3=":443"; ma=86400'} 
 body={"results":[{"gender":"female","name":{"title":"Miss","first":"Eléa","last":"Nicolas"},"location":{"street":{"number":6104,"name":"Rue Gasparin"},"city":"Colombes","state":"Haute-Saône","country":"France","postcode":42144,"coordinates":{"latitude":"-19.6044","longitude":"22.8321"},"timezone":{"offset":"-12:00","description":"Eniwetok, Kwajalein"}},"email":"elea.nicolas@example.com","login":{"uuid":"4c209e46-57cc-442b-934a-76d5ad1826d0","username":"purpleladybug485","password":"costello","salt":"DWWrhTYm","md5":"d558bdc577c999364be43aebd4d6fc1c","sha1":"f44e34050db73152a067309fa13b0cf4da39286c","sha256":"bbb5b918bbefd80df8562d26b80a567adbc3651f043493ac74091268abca5dfe"},"dob":{"date":"1993-02-23T02:55:46.440Z","age":31},"registered":{"date":"2008-07-14T22:47:15.327Z","age":15},"phone":"05-15-14-80-46","cell":"06-93-75-92-60","id":{"name":"INSEE","value":"2930123794336 70"},"picture":{"large":"https://randomuser.me/api/portraits/women/66.jpg","medium":"https://randomuser.me/api/portraits/med/women/66.jpg","thumbnail":"https://randomuser.me/api/portraits/thumb/women/66.jpg"},"nat":"FR"}],"info":{"seed":"71e629e1533eeda9","results":1,"page":1,"version":"1.4"}} 
 </msg>
<msg time="2024-04-30T10:15:13.837866" level="INFO">/opt/hostedtoolcache/Python/3.12.3/x64/lib/python3.12/site-packages/urllib3/connectionpool.py:1103: InsecureRequestWarning: Unverified HTTPS request is being made to host 'randomuser.me'. Adding certificate verification is strongly advised. See: https://urllib3.readthedocs.io/en/latest/advanced-usage.html#tls-warnings
  warnings.warn(</msg>
<msg time="2024-04-30T10:15:13.837984" level="INFO">${response} = &lt;Response [200]&gt;</msg>
<var>${response}</var>
<arg>consultarAPI</arg>
<arg>/api</arg>
<doc>Sends a GET request on a previously created HTTP Session.</doc>
<status status="PASS" start="2024-04-30T10:15:13.744013" elapsed="0.093998"/>
</kw>
<kw name="Set Variable" owner="BuiltIn">
<msg time="2024-04-30T10:15:13.839084" level="INFO">${json_data} = {'results': [{'gender': 'female', 'name': {'title': 'Miss', 'first': 'Eléa', 'last': 'Nicolas'}, 'location': {'street': {'number': 6104, 'name': 'Rue Gasparin'}, 'city': 'Colombes', 'state': 'Haute-Sa...</msg>
<var>${json_data}</var>
<arg>${response.json()}</arg>
<doc>Returns the given values which can then be assigned to a variables.</doc>
<status status="PASS" start="2024-04-30T10:15:13.838557" elapsed="0.000558"/>
</kw>
<kw name="Log" owner="BuiltIn">
<msg time="2024-04-30T10:15:13.839588" level="INFO">{'results': [{'gender': 'female', 'name': {'title': 'Miss', 'first': 'Eléa', 'last': 'Nicolas'}, 'location': {'street': {'number': 6104, 'name': 'Rue Gasparin'}, 'city': 'Colombes', 'state': 'Haute-Saône', 'country': 'France', 'postcode': 42144, 'coordinates': {'latitude': '-19.6044', 'longitude': '22.8321'}, 'timezone': {'offset': '-12:00', 'description': 'Eniwetok, Kwajalein'}}, 'email': 'elea.nicolas@example.com', 'login': {'uuid': '4c209e46-57cc-442b-934a-76d5ad1826d0', 'username': 'purpleladybug485', 'password': 'costello', 'salt': 'DWWrhTYm', 'md5': 'd558bdc577c999364be43aebd4d6fc1c', 'sha1': 'f44e34050db73152a067309fa13b0cf4da39286c', 'sha256': 'bbb5b918bbefd80df8562d26b80a567adbc3651f043493ac74091268abca5dfe'}, 'dob': {'date': '1993-02-23T02:55:46.440Z', 'age': 31}, 'registered': {'date': '2008-07-14T22:47:15.327Z', 'age': 15}, 'phone': '05-15-14-80-46', 'cell': '06-93-75-92-60', 'id': {'name': 'INSEE', 'value': '2930123794336 70'}, 'picture': {'large': 'https://randomuser.me/api/portraits/women/66.jpg', 'medium': 'https://randomuser.me/api/portraits/med/women/66.jpg', 'thumbnail': 'https://randomuser.me/api/portraits/thumb/women/66.jpg'}, 'nat': 'FR'}], 'info': {'seed': '71e629e1533eeda9', 'results': 1, 'page': 1, 'version': '1.4'}}</msg>
<arg>${json_data}</arg>
<doc>Logs the given message with the given level.</doc>
<status status="PASS" start="2024-04-30T10:15:13.839427" elapsed="0.000249"/>
</kw>
<kw name="Should Be String" owner="String">
<arg>${json_data['results'][0]['gender']}</arg>
<doc>Fails if the given ``item`` is not a string.</doc>
<status status="PASS" start="2024-04-30T10:15:13.839976" elapsed="0.000364"/>
</kw>
<kw name="Should Match Regexp" owner="BuiltIn">
<arg>${json_data['results'][0]['email']}</arg>
<arg>^[a-zA-Z0-9._%+-]+@[a-zA-Z0-9.-]+\.[a-zA-Z]{2,}$</arg>
<doc>Fails if ``string`` does not match ``pattern`` as a regular expression.</doc>
<status status="PASS" start="2024-04-30T10:15:13.840534" elapsed="0.000515"/>
</kw>
<kw name="Should Match Regexp" owner="BuiltIn">
<arg>${json_data['results'][0]['dob']['date']}</arg>
<arg>\\d{4}-\\d{2}-\\d{2}T\\d{2}:\\d{2}:\\d{2}\\.\\d{3}Z</arg>
<doc>Fails if ``string`` does not match ``pattern`` as a regular expression.</doc>
<status status="PASS" start="2024-04-30T10:15:13.841245" elapsed="0.000528"/>
</kw>
<kw name="Should Match Regexp" owner="BuiltIn">
<arg>${json_data['results'][0]['registered']['date']}</arg>
<arg>\\d{4}-\\d{2}-\\d{2}T\\d{2}:\\d{2}:\\d{2}\\.\\d{3}Z</arg>
<doc>Fails if ``string`` does not match ``pattern`` as a regular expression.</doc>
<status status="PASS" start="2024-04-30T10:15:13.841981" elapsed="0.000383"/>
</kw>
<kw name="Should Match Regexp" owner="BuiltIn">
<arg>${json_data['results'][0]['picture']['large']}</arg>
<arg>^https?://.*\.(?:png|jpe?g|gif|bmp)$</arg>
<doc>Fails if ``string`` does not match ``pattern`` as a regular expression.</doc>
<status status="PASS" start="2024-04-30T10:15:13.842555" elapsed="0.000471"/>
</kw>
<kw name="Should Match Regexp" owner="BuiltIn">
<arg>${json_data['results'][0]['picture']['medium']}</arg>
<arg>^https?://.*\.(?:png|jpe?g|gif|bmp)$</arg>
<doc>Fails if ``string`` does not match ``pattern`` as a regular expression.</doc>
<status status="PASS" start="2024-04-30T10:15:13.843217" elapsed="0.000360"/>
</kw>
<kw name="Should Match Regexp" owner="BuiltIn">
<arg>${json_data['results'][0]['picture']['thumbnail']}</arg>
<arg>^https?://.*\.(?:png|jpe?g|gif|bmp)$</arg>
<doc>Fails if ``string`` does not match ``pattern`` as a regular expression.</doc>
<status status="PASS" start="2024-04-30T10:15:13.843775" elapsed="0.000361"/>
</kw>
<kw name="Log" owner="BuiltIn">
<msg time="2024-04-30T10:15:13.844638" level="INFO">{'large': 'https://randomuser.me/api/portraits/women/66.jpg', 'medium': 'https://randomuser.me/api/portraits/med/women/66.jpg', 'thumbnail': 'https://randomuser.me/api/portraits/thumb/women/66.jpg'}</msg>
<arg>${json_data['results'][0]['picture']}</arg>
<doc>Logs the given message with the given level.</doc>
<status status="PASS" start="2024-04-30T10:15:13.844316" elapsed="0.000364"/>
</kw>
<status status="PASS" start="2024-04-30T10:15:13.743780" elapsed="0.101159"/>
</kw>
<kw name="Teste de Tipos de Dados - Postcode" owner="random-user-service">
<kw name="GET On Session" owner="RequestsLibrary">
<msg time="2024-04-30T10:15:13.937802" level="INFO">GET Request : url=https://randomuser.me/api 
 path_url=/api 
 headers={'User-Agent': 'python-requests/2.31.0', 'Accept-Encoding': 'gzip, deflate', 'Accept': '*/*', 'Connection': 'keep-alive'} 
 body=None 
 </msg>
<msg time="2024-04-30T10:15:13.937908" level="INFO">GET Response : url=https://randomuser.me/api 
 status=200, reason=OK 
 headers={'Date': 'Tue, 30 Apr 2024 10:15:13 GMT', 'Content-Type': 'application/json; charset=utf-8', 'Transfer-Encoding': 'chunked', 'Connection': 'keep-alive', 'X-Powered-By': 'Express', 'Access-Control-Allow-Origin': '*', 'Cache-Control': 'no-cache', 'ETag': 'W/"466-6NUTY8vlOX9vpvkpjew0YLxNk0w"', 'Vary': 'Accept-Encoding', 'Content-Encoding': 'gzip', 'CF-Cache-Status': 'DYNAMIC', 'Report-To': '{"endpoints":[{"url":"https:\\/\\/a.nel.cloudflare.com\\/report\\/v4?s=TzWESiqgNndMtVI4fORAJTj0o9YL0TaKNkxN7F9r6%2F0mDkEe%2B1N23K0WKMdyJVdfKWJ%2F7OVCytoB5zqn%2BMOCoOqKZX8JvWQFNR9RpnP50BtfiBAInvg4gBjbMmdvlP7r"}],"group":"cf-nel","max_age":604800}', 'NEL': '{"success_fraction":0,"report_to":"cf-nel","max_age":604800}', 'Server': 'cloudflare', 'CF-RAY': '87c6c4f79dcb7d7d-LAX', 'alt-svc': 'h3=":443"; ma=86400'} 
 body={"results":[{"gender":"male","name":{"title":"Mr","first":"Albin","last":"Engan"},"location":{"street":{"number":6732,"name":"Jomfruhagen"},"city":"Ogna","state":"Akershus","country":"Norway","postcode":"7026","coordinates":{"latitude":"44.9200","longitude":"-138.3062"},"timezone":{"offset":"+9:30","description":"Adelaide, Darwin"}},"email":"albin.engan@example.com","login":{"uuid":"02ea6901-d2ac-4d47-ad95-e1b1ac3a43a0","username":"purplegoose892","password":"spike","salt":"ZhOVZsE6","md5":"768a4bac30c986d5362d4c3f03329df7","sha1":"62add5cc05155dd99ecdef84ee3ec5a711b2f940","sha256":"ada055c5df3ee11f89bd9297ef287a189a53b4f44f7af8891954519cfbedc47e"},"dob":{"date":"1948-06-29T06:10:46.504Z","age":75},"registered":{"date":"2017-04-12T06:38:37.569Z","age":7},"phone":"67262260","cell":"41232974","id":{"name":"FN","value":"29064838782"},"picture":{"large":"https://randomuser.me/api/portraits/men/11.jpg","medium":"https://randomuser.me/api/portraits/med/men/11.jpg","thumbnail":"https://randomuser.me/api/portraits/thumb/men/11.jpg"},"nat":"NO"}],"info":{"seed":"4f13889a6ae5bcbc","results":1,"page":1,"version":"1.4"}} 
 </msg>
<msg time="2024-04-30T10:15:13.937978" level="INFO">/opt/hostedtoolcache/Python/3.12.3/x64/lib/python3.12/site-packages/urllib3/connectionpool.py:1103: InsecureRequestWarning: Unverified HTTPS request is being made to host 'randomuser.me'. Adding certificate verification is strongly advised. See: https://urllib3.readthedocs.io/en/latest/advanced-usage.html#tls-warnings
  warnings.warn(</msg>
<msg time="2024-04-30T10:15:13.938102" level="INFO">${response} = &lt;Response [200]&gt;</msg>
<var>${response}</var>
<arg>consultarAPI</arg>
<arg>/api</arg>
<doc>Sends a GET request on a previously created HTTP Session.</doc>
<status status="PASS" start="2024-04-30T10:15:13.845408" elapsed="0.092734"/>
</kw>
<kw name="Set Variable" owner="BuiltIn">
<msg time="2024-04-30T10:15:13.939186" level="INFO">${json_data} = {'results': [{'gender': 'male', 'name': {'title': 'Mr', 'first': 'Albin', 'last': 'Engan'}, 'location': {'street': {'number': 6732, 'name': 'Jomfruhagen'}, 'city': 'Ogna', 'state': 'Akershus', 'countr...</msg>
<var>${json_data}</var>
<arg>${response.json()}</arg>
<doc>Returns the given values which can then be assigned to a variables.</doc>
<status status="PASS" start="2024-04-30T10:15:13.938665" elapsed="0.000548"/>
</kw>
<kw name="Log" owner="BuiltIn">
<msg time="2024-04-30T10:15:13.939688" level="INFO">{'results': [{'gender': 'male', 'name': {'title': 'Mr', 'first': 'Albin', 'last': 'Engan'}, 'location': {'street': {'number': 6732, 'name': 'Jomfruhagen'}, 'city': 'Ogna', 'state': 'Akershus', 'country': 'Norway', 'postcode': '7026', 'coordinates': {'latitude': '44.9200', 'longitude': '-138.3062'}, 'timezone': {'offset': '+9:30', 'description': 'Adelaide, Darwin'}}, 'email': 'albin.engan@example.com', 'login': {'uuid': '02ea6901-d2ac-4d47-ad95-e1b1ac3a43a0', 'username': 'purplegoose892', 'password': 'spike', 'salt': 'ZhOVZsE6', 'md5': '768a4bac30c986d5362d4c3f03329df7', 'sha1': '62add5cc05155dd99ecdef84ee3ec5a711b2f940', 'sha256': 'ada055c5df3ee11f89bd9297ef287a189a53b4f44f7af8891954519cfbedc47e'}, 'dob': {'date': '1948-06-29T06:10:46.504Z', 'age': 75}, 'registered': {'date': '2017-04-12T06:38:37.569Z', 'age': 7}, 'phone': '67262260', 'cell': '41232974', 'id': {'name': 'FN', 'value': '29064838782'}, 'picture': {'large': 'https://randomuser.me/api/portraits/men/11.jpg', 'medium': 'https://randomuser.me/api/portraits/med/men/11.jpg', 'thumbnail': 'https://randomuser.me/api/portraits/thumb/men/11.jpg'}, 'nat': 'NO'}], 'info': {'seed': '4f13889a6ae5bcbc', 'results': 1, 'page': 1, 'version': '1.4'}}</msg>
<arg>${json_data}</arg>
<doc>Logs the given message with the given level.</doc>
<status status="PASS" start="2024-04-30T10:15:13.939529" elapsed="0.000239"/>
</kw>
<kw name="Should Be Equal As Numbers" owner="BuiltIn">
<arg>${json_data['results'][0]['location']['postcode']}</arg>
<arg>${json_data['results'][0]['location']['postcode']}</arg>
<doc>Fails if objects are unequal after converting them to real numbers.</doc>
<status status="PASS" start="2024-04-30T10:15:13.940257" elapsed="0.000620"/>
</kw>
<kw name="Log" owner="BuiltIn">
<msg time="2024-04-30T10:15:13.941399" level="INFO">7026</msg>
<arg>${json_data['results'][0]['location']['postcode']}</arg>
<doc>Logs the given message with the given level.</doc>
<status status="PASS" start="2024-04-30T10:15:13.941067" elapsed="0.000371"/>
</kw>
<status status="PASS" start="2024-04-30T10:15:13.845169" elapsed="0.096521"/>
</kw>
<doc>Testa se os tipos de dados na resposta da API estão corretos.</doc>
<tag>testeTiposDados</tag>
<status status="PASS" start="2024-04-30T10:15:13.743311" elapsed="0.198589"/>
</test>
<test id="s1-s1-t5" name="Validar conteudo" line="35">
<kw name="Teste de Tipos de Conteudo" owner="random-user-service">
<kw name="GET On Session" owner="RequestsLibrary">
<msg time="2024-04-30T10:15:14.569912" level="INFO">GET Request : url=https://randomuser.me/api 
 path_url=/api 
 headers={'User-Agent': 'python-requests/2.31.0', 'Accept-Encoding': 'gzip, deflate', 'Accept': '*/*', 'Connection': 'keep-alive'} 
 body=None 
 </msg>
<msg time="2024-04-30T10:15:14.570020" level="INFO">GET Response : url=https://randomuser.me/api 
 status=200, reason=OK 
 headers={'Date': 'Tue, 30 Apr 2024 10:15:14 GMT', 'Content-Type': 'application/json; charset=utf-8', 'Transfer-Encoding': 'chunked', 'Connection': 'keep-alive', 'X-Powered-By': 'Express', 'Access-Control-Allow-Origin': '*', 'Cache-Control': 'no-cache', 'ETag': 'W/"47a-AASPwppP/9EUAyIJxULqe65fVfE"', 'Vary': 'Accept-Encoding', 'Content-Encoding': 'gzip', 'CF-Cache-Status': 'DYNAMIC', 'Report-To': '{"endpoints":[{"url":"https:\\/\\/a.nel.cloudflare.com\\/report\\/v4?s=C%2FHJQE553fi8QDu87qMe3%2BOijr8UpQWrBFzzlJWGi1zKIJSbkqn3C1vYB56WbCG%2FeQoBkFGP%2BjNw4wSM4i2Wn7aWI0aUrgiZJpS1v90uDu5jVhJ0BVkVRqDRE0ELlMub"}],"group":"cf-nel","max_age":604800}', 'NEL': '{"success_fraction":0,"report_to":"cf-nel","max_age":604800}', 'Server': 'cloudflare', 'CF-RAY': '87c6c4f83e0a7d7d-LAX', 'alt-svc': 'h3=":443"; ma=86400'} 
 body={"results":[{"gender":"male","name":{"title":"Mr","first":"Ryan","last":"Pai"},"location":{"street":{"number":1714,"name":"Shanmugham Rd"},"city":"Jhansi","state":"Himachal Pradesh","country":"India","postcode":24418,"coordinates":{"latitude":"7.5669","longitude":"-126.6104"},"timezone":{"offset":"-11:00","description":"Midway Island, Samoa"}},"email":"ryan.pai@example.com","login":{"uuid":"da02d752-0702-4769-a4d9-409c438eb821","username":"ticklishmouse358","password":"crunch","salt":"cEbjDxK5","md5":"1ab7a2e7616ecf218f52385c1ee5e87f","sha1":"73cb4bcc487ec124f53742ef37dca2243c550f8b","sha256":"ef6af169a097f40469f9b5f537f0970a935df6690baf74836fd1b5b62b880d06"},"dob":{"date":"1947-06-30T14:36:39.389Z","age":76},"registered":{"date":"2014-04-18T22:47:32.309Z","age":10},"phone":"7259651094","cell":"7381922540","id":{"name":"UIDAI","value":"983601582580"},"picture":{"large":"https://randomuser.me/api/portraits/men/78.jpg","medium":"https://randomuser.me/api/portraits/med/men/78.jpg","thumbnail":"https://randomuser.me/api/portraits/thumb/men/78.jpg"},"nat":"IN"}],"info":{"seed":"23bb2567b1355903","results":1,"page":1,"version":"1.4"}} 
 </msg>
<msg time="2024-04-30T10:15:14.570094" level="INFO">/opt/hostedtoolcache/Python/3.12.3/x64/lib/python3.12/site-packages/urllib3/connectionpool.py:1103: InsecureRequestWarning: Unverified HTTPS request is being made to host 'randomuser.me'. Adding certificate verification is strongly advised. See: https://urllib3.readthedocs.io/en/latest/advanced-usage.html#tls-warnings
  warnings.warn(</msg>
<msg time="2024-04-30T10:15:14.570209" level="INFO">${response} = &lt;Response [200]&gt;</msg>
<var>${response}</var>
<arg>consultarAPI</arg>
<arg>/api</arg>
<doc>Sends a GET request on a previously created HTTP Session.</doc>
<status status="PASS" start="2024-04-30T10:15:13.944336" elapsed="0.625905"/>
</kw>
<kw name="Set Variable" owner="BuiltIn">
<msg time="2024-04-30T10:15:14.571284" level="INFO">${json_data} = {'results': [{'gender': 'male', 'name': {'title': 'Mr', 'first': 'Ryan', 'last': 'Pai'}, 'location': {'street': {'number': 1714, 'name': 'Shanmugham Rd'}, 'city': 'Jhansi', 'state': 'Himachal Pradesh'...</msg>
<var>${json_data}</var>
<arg>${response.json()}</arg>
<doc>Returns the given values which can then be assigned to a variables.</doc>
<status status="PASS" start="2024-04-30T10:15:14.570775" elapsed="0.000538"/>
</kw>
<kw name="Set Variable" owner="BuiltIn">
<msg time="2024-04-30T10:15:14.572002" level="INFO">${name_title} = Mr</msg>
<var>${name_title}</var>
<arg>${json_data["results"][0]["name"]["title"]}</arg>
<doc>Returns the given values which can then be assigned to a variables.</doc>
<status status="PASS" start="2024-04-30T10:15:14.571620" elapsed="0.000408"/>
</kw>
<kw name="Create List" owner="BuiltIn">
<msg time="2024-04-30T10:15:14.572472" level="INFO">${allowed_titles} = ['Mr', 'Ms', 'Miss', 'Mrs', 'Madame', 'Monsieur']</msg>
<var>${allowed_titles}</var>
<arg>Mr</arg>
<arg>Ms</arg>
<arg>Miss</arg>
<arg>Mrs</arg>
<arg>Madame</arg>
<arg>Monsieur</arg>
<doc>Returns a list containing given items.</doc>
<status status="PASS" start="2024-04-30T10:15:14.572326" elapsed="0.000170"/>
</kw>
<kw name="List Should Contain Value" owner="Collections">
<msg time="2024-04-30T10:15:14.572965" level="INFO">False</msg>
<arg>${allowed_titles}</arg>
<arg>${name_title}</arg>
<doc>Fails if the ``value`` is not found from ``list``.</doc>
<status status="PASS" start="2024-04-30T10:15:14.572793" elapsed="0.000207"/>
</kw>
<kw name="Set Variable" owner="BuiltIn">
<msg time="2024-04-30T10:15:14.573661" level="INFO">${name_country} = IN</msg>
<var>${name_country}</var>
<arg>${json_data["results"][0]["nat"]}</arg>
<doc>Returns the given values which can then be assigned to a variables.</doc>
<status status="PASS" start="2024-04-30T10:15:14.573285" elapsed="0.000400"/>
</kw>
<kw name="Create List" owner="BuiltIn">
<msg time="2024-04-30T10:15:14.574627" level="INFO">${list_country} = ['AD', 'AE', 'AF', 'AG', 'AI', 'AL', 'AM', 'AO', 'AQ', 'AR', 'AS', 'AT', 'AU', 'AW', 'AX', 'AZ', 'BA', 'BB', 'BD', 'BE', 'BF', 'BG', 'BH', 'BI', 'BJ', 'BL', 'BM', 'BN', 'BO', 'BQ', 'BR', 'BS', 'BT', '...</msg>
<var>${list_country}</var>
<arg>AD</arg>
<arg>AE</arg>
<arg>AF</arg>
<arg>AG</arg>
<arg>AI</arg>
<arg>AL</arg>
<arg>AM</arg>
<arg>AO</arg>
<arg>AQ</arg>
<arg>AR</arg>
<arg>AS</arg>
<arg>AT</arg>
<arg>AU</arg>
<arg>AW</arg>
<arg>AX</arg>
<arg>AZ</arg>
<arg>BA</arg>
<arg>BB</arg>
<arg>BD</arg>
<arg>BE</arg>
<arg>BF</arg>
<arg>BG</arg>
<arg>BH</arg>
<arg>BI</arg>
<arg>BJ</arg>
<arg>BL</arg>
<arg>BM</arg>
<arg>BN</arg>
<arg>BO</arg>
<arg>BQ</arg>
<arg>BR</arg>
<arg>BS</arg>
<arg>BT</arg>
<arg>BV</arg>
<arg>BW</arg>
<arg>BY</arg>
<arg>BZ</arg>
<arg>CA</arg>
<arg>CC</arg>
<arg>CD</arg>
<arg>CF</arg>
<arg>CG</arg>
<arg>CH</arg>
<arg>CI</arg>
<arg>CK</arg>
<arg>CL</arg>
<arg>CM</arg>
<arg>CN</arg>
<arg>CO</arg>
<arg>CR</arg>
<arg>CU</arg>
<arg>CV</arg>
<arg>CW</arg>
<arg>CX</arg>
<arg>CY</arg>
<arg>CZ</arg>
<arg>DE</arg>
<arg>DJ</arg>
<arg>DK</arg>
<arg>DM</arg>
<arg>DO</arg>
<arg>DZ</arg>
<arg>EC</arg>
<arg>EE</arg>
<arg>EG</arg>
<arg>EH</arg>
<arg>ER</arg>
<arg>ES</arg>
<arg>ET</arg>
<arg>FI</arg>
<arg>FJ</arg>
<arg>FK</arg>
<arg>FM</arg>
<arg>FO</arg>
<arg>FR</arg>
<arg>GA</arg>
<arg>GB</arg>
<arg>GD</arg>
<arg>GE</arg>
<arg>GF</arg>
<arg>GG</arg>
<arg>GH</arg>
<arg>GI</arg>
<arg>GL</arg>
<arg>GM</arg>
<arg>GN</arg>
<arg>GP</arg>
<arg>GQ</arg>
<arg>GR</arg>
<arg>GS</arg>
<arg>GT</arg>
<arg>GU</arg>
<arg>GW</arg>
<arg>GY</arg>
<arg>HK</arg>
<arg>HM</arg>
<arg>HN</arg>
<arg>HR</arg>
<arg>HT</arg>
<arg>HU</arg>
<arg>ID</arg>
<arg>IE</arg>
<arg>IL</arg>
<arg>IM</arg>
<arg>IN</arg>
<arg>IO</arg>
<arg>IQ</arg>
<arg>IR</arg>
<arg>IS</arg>
<arg>IT</arg>
<arg>JE</arg>
<arg>JM</arg>
<arg>JO</arg>
<arg>JP</arg>
<arg>KE</arg>
<arg>KG</arg>
<arg>KH</arg>
<arg>KI</arg>
<arg>KM</arg>
<arg>KN</arg>
<arg>KP</arg>
<arg>KR</arg>
<arg>KW</arg>
<arg>KY</arg>
<arg>KZ</arg>
<arg>LA</arg>
<arg>LB</arg>
<arg>LC</arg>
<arg>LI</arg>
<arg>LK</arg>
<arg>LR</arg>
<arg>LS</arg>
<arg>LT</arg>
<arg>LU</arg>
<arg>LV</arg>
<arg>LY</arg>
<arg>MA</arg>
<arg>MC</arg>
<arg>MD</arg>
<arg>ME</arg>
<arg>MF</arg>
<arg>MG</arg>
<arg>MH</arg>
<arg>MK</arg>
<arg>ML</arg>
<arg>MM</arg>
<arg>MN</arg>
<arg>MO</arg>
<arg>MP</arg>
<arg>MQ</arg>
<arg>MR</arg>
<arg>MS</arg>
<arg>MT</arg>
<arg>MU</arg>
<arg>MV</arg>
<arg>MW</arg>
<arg>MX</arg>
<arg>MY</arg>
<arg>MZ</arg>
<arg>NA</arg>
<arg>NC</arg>
<arg>NE</arg>
<arg>NF</arg>
<arg>NG</arg>
<arg>NI</arg>
<arg>NL</arg>
<arg>NO</arg>
<arg>NP</arg>
<arg>NR</arg>
<arg>NU</arg>
<arg>NZ</arg>
<arg>OM</arg>
<arg>PA</arg>
<arg>PE</arg>
<arg>PF</arg>
<arg>PG</arg>
<arg>PH</arg>
<arg>PK</arg>
<arg>PL</arg>
<arg>PM</arg>
<arg>PN</arg>
<arg>PR</arg>
<arg>PS</arg>
<arg>PT</arg>
<arg>PW</arg>
<arg>PY</arg>
<arg>QA</arg>
<arg>RE</arg>
<arg>RO</arg>
<arg>RS</arg>
<arg>RU</arg>
<arg>RW</arg>
<arg>SA</arg>
<arg>SB</arg>
<arg>SC</arg>
<arg>SD</arg>
<arg>SE</arg>
<arg>SG</arg>
<arg>SH</arg>
<arg>SI</arg>
<arg>SJ</arg>
<arg>SK</arg>
<arg>SL</arg>
<arg>SM</arg>
<arg>SN</arg>
<arg>SO</arg>
<arg>SR</arg>
<arg>SS</arg>
<arg>ST</arg>
<arg>SV</arg>
<arg>SX</arg>
<arg>SY</arg>
<arg>SZ</arg>
<arg>TC</arg>
<arg>TD</arg>
<arg>TF</arg>
<arg>TG</arg>
<arg>TH</arg>
<arg>TJ</arg>
<arg>TK</arg>
<arg>TL</arg>
<arg>TM</arg>
<arg>TN</arg>
<arg>TO</arg>
<arg>TR</arg>
<arg>TT</arg>
<arg>TV</arg>
<arg>TW</arg>
<arg>TZ</arg>
<arg>UA</arg>
<arg>UG</arg>
<arg>UM</arg>
<arg>US</arg>
<arg>UY</arg>
<arg>UZ</arg>
<arg>VA</arg>
<arg>VC</arg>
<arg>VE</arg>
<arg>VG</arg>
<arg>VI</arg>
<arg>VN</arg>
<arg>VU</arg>
<arg>WF</arg>
<arg>WS</arg>
<arg>XK</arg>
<arg>YE</arg>
<arg>YT</arg>
<arg>ZA</arg>
<arg>ZM</arg>
<arg>ZW</arg>
<doc>Returns a list containing given items.</doc>
<status status="PASS" start="2024-04-30T10:15:14.574043" elapsed="0.000609"/>
</kw>
<kw name="List Should Contain Value" owner="Collections">
<msg time="2024-04-30T10:15:14.575641" level="INFO">False</msg>
<arg>${list_country}</arg>
<arg>${name_country}</arg>
<doc>Fails if the ``value`` is not found from ``list``.</doc>
<status status="PASS" start="2024-04-30T10:15:14.575443" elapsed="0.000235"/>
</kw>
<kw name="Run Keyword If" owner="BuiltIn">
<kw name="Should Be True" owner="BuiltIn">
<arg>${True}</arg>
<doc>Fails if the given condition is not true.</doc>
<status status="PASS" start="2024-04-30T10:15:14.576750" elapsed="0.000258"/>
</kw>
<arg>${json_data["results"][0]["location"]["coordinates"]["latitude"]} &gt;= -90 and ${json_data["results"][0]["location"]["coordinates"]["latitude"]} &lt;= 90</arg>
<arg>Should Be True</arg>
<arg>${True}</arg>
<doc>Runs the given keyword with the given arguments, if ``condition`` is true.</doc>
<status status="PASS" start="2024-04-30T10:15:14.575985" elapsed="0.001155"/>
</kw>
<kw name="Run Keyword If" owner="BuiltIn">
<kw name="Should Be True" owner="BuiltIn">
<arg>${True}</arg>
<doc>Fails if the given condition is not true.</doc>
<status status="PASS" start="2024-04-30T10:15:14.578054" elapsed="0.000139"/>
</kw>
<arg>${json_data["results"][0]["location"]["coordinates"]["longitude"]} &gt;= -180 and ${json_data["results"][0]["location"]["coordinates"]["longitude"]} &lt;= 180</arg>
<arg>Should Be True</arg>
<arg>${True}</arg>
<doc>Runs the given keyword with the given arguments, if ``condition`` is true.</doc>
<status status="PASS" start="2024-04-30T10:15:14.577326" elapsed="0.000991"/>
</kw>
<status status="PASS" start="2024-04-30T10:15:13.944102" elapsed="0.634347"/>
</kw>
<doc>Testa o conteúdo específico dos campos retornados pela API.</doc>
<tag>testeConteudo</tag>
<status status="PASS" start="2024-04-30T10:15:13.943629" elapsed="0.634971"/>
</test>
<status status="PASS" start="2024-04-30T10:15:13.105752" elapsed="1.474801"/>
</suite>
<status status="PASS" start="2024-04-30T10:15:13.091498" elapsed="1.494133"/>
</suite>
<statistics>
<total>
<stat pass="5" fail="0" skip="0">All Tests</stat>
</total>
<tag>
<stat pass="1" fail="0" skip="0">testeConteudo</stat>
<stat pass="1" fail="0" skip="0">testeEstruturaResposta</stat>
<stat pass="1" fail="0" skip="0">testeRequisicaoBasica</stat>
<stat pass="1" fail="0" skip="0">testeTiposDados</stat>
</tag>
<suite>
<stat pass="5" fail="0" skip="0" id="s1" name="Tests">Tests</stat>
<stat pass="5" fail="0" skip="0" id="s1-s1" name="Random-User-Test">Tests.Random-User-Test</stat>
</suite>
</statistics>
<errors>
</errors>
</robot>
