<?xml version="1.0" encoding="UTF-8"?>
<robot generator="Robot 7.0.1 (Python 3.12.3 on linux)" generated="2024-06-18T03:17:40.650543" rpa="false" schemaversion="5">
<suite id="s1" name="Tests" source="/home/runner/work/ApiRandomUser/ApiRandomUser/RamdonUser/tests">
<suite id="s1-s1" name="Random-User-Test" source="/home/runner/work/ApiRandomUser/ApiRandomUser/RamdonUser/tests/random-user-test.robot">
<test id="s1-s1-t1" name="Conectar" line="13">
<kw name="Conectar API" owner="random-user-service">
<kw name="Create Session" owner="RequestsLibrary">
<msg time="2024-06-18T03:17:41.078436" level="INFO">Creating Session using : alias=consultarAPI, url=https://randomuser.me/, headers={},                     cookies={}, auth=None, timeout=None, proxies=None, verify=False,                     debug=0 </msg>
<arg>consultarAPI</arg>
<arg>${URL}</arg>
<doc>Create Session: create a HTTP session to a server</doc>
<status status="PASS" start="2024-06-18T03:17:41.078213" elapsed="0.000426"/>
</kw>
<status status="PASS" start="2024-06-18T03:17:41.077005" elapsed="0.002029"/>
</kw>
<status status="PASS" start="2024-06-18T03:17:41.076252" elapsed="0.002998"/>
</test>
<test id="s1-s1-t2" name="Validar retorno 200 e JSON Válido" line="16">
<kw name="Teste de Requisicao Basica" owner="random-user-service">
<kw name="GET On Session" owner="RequestsLibrary">
<msg time="2024-06-18T03:17:41.299907" level="INFO">GET Request : url=https://randomuser.me/api 
 path_url=/api 
 headers={'User-Agent': 'python-requests/2.32.3', 'Accept-Encoding': 'gzip, deflate', 'Accept': '*/*', 'Connection': 'keep-alive'} 
 body=None 
 </msg>
<msg time="2024-06-18T03:17:41.300070" level="INFO">GET Response : url=https://randomuser.me/api 
 status=200, reason=OK 
 headers={'Date': 'Tue, 18 Jun 2024 03:17:41 GMT', 'Content-Type': 'application/json; charset=utf-8', 'Transfer-Encoding': 'chunked', 'Connection': 'keep-alive', 'X-Powered-By': 'Express', 'Access-Control-Allow-Origin': '*', 'Cache-Control': 'no-cache', 'ETag': 'W/"496-KyYnjm50bGe/oyFg/mz3J9UrXMQ"', 'Vary': 'Accept-Encoding', 'Content-Encoding': 'gzip', 'CF-Cache-Status': 'DYNAMIC', 'Report-To': '{"endpoints":[{"url":"https:\\/\\/a.nel.cloudflare.com\\/report\\/v4?s=V70Ids41WAD9l1vgdv5xsGLoE8Q%2Boo2VOHH1Q2f3x7UkwJnPnHNUaP5t5jomqEVIQRPXpLFouJFNo39y8jcxH1FEv1BFWT5MS87XWZm%2BnBqB1iRfvKaljMuhRLINvijU"}],"group":"cf-nel","max_age":604800}', 'NEL': '{"success_fraction":0,"report_to":"cf-nel","max_age":604800}', 'Server': 'cloudflare', 'CF-RAY': '895820b49a76fa92-SJC', 'alt-svc': 'h3=":443"; ma=86400'} 
 body={"results":[{"gender":"female","name":{"title":"Mrs","first":"Saana","last":"Kyllonen"},"location":{"street":{"number":1744,"name":"Hermiankatu"},"city":"Juupajoki","state":"Pirkanmaa","country":"Finland","postcode":42393,"coordinates":{"latitude":"-27.9733","longitude":"73.3871"},"timezone":{"offset":"-8:00","description":"Pacific Time (US &amp; Canada)"}},"email":"saana.kyllonen@example.com","login":{"uuid":"d6922338-5af1-412b-a308-c28b27dd95a1","username":"lazypeacock248","password":"23232323","salt":"O0gfkSPo","md5":"b57c329b35f403ed07c1c8ea0d468f42","sha1":"e55b4d68f0519cb9d93b5b11e57a60da1aadf97f","sha256":"b631825bce5d2779fb7b8ca504741446049b5c6d1b890054b407ecf788632d40"},"dob":{"date":"1974-07-22T14:28:53.472Z","age":49},"registered":{"date":"2016-05-17T20:09:19.033Z","age":8},"phone":"05-885-361","cell":"049-457-41-15","id":{"name":"HETU","value":"NaNNA044undefined"},"picture":{"large":"https://randomuser.me/api/portraits/women/13.jpg","medium":"https://randomuser.me/api/portraits/med/women/13.jpg","thumbnail":"https://randomuser.me/api/portraits/thumb/women/13.jpg"},"nat":"FI"}],"info":{"seed":"2813132ea53d2839","results":1,"page":1,"version":"1.4"}} 
 </msg>
<msg time="2024-06-18T03:17:41.300162" level="INFO">/opt/hostedtoolcache/Python/3.12.3/x64/lib/python3.12/site-packages/urllib3/connectionpool.py:1099: InsecureRequestWarning: Unverified HTTPS request is being made to host 'randomuser.me'. Adding certificate verification is strongly advised. See: https://urllib3.readthedocs.io/en/latest/advanced-usage.html#tls-warnings
  warnings.warn(</msg>
<msg time="2024-06-18T03:17:41.300328" level="INFO">${response} = &lt;Response [200]&gt;</msg>
<var>${response}</var>
<arg>consultarAPI</arg>
<arg>/api</arg>
<doc>Sends a GET request on a previously created HTTP Session.</doc>
<status status="PASS" start="2024-06-18T03:17:41.082003" elapsed="0.218390"/>
</kw>
<kw name="Should Be Equal As Numbers" owner="BuiltIn">
<msg time="2024-06-18T03:17:41.301488" level="INFO">Argument types are:
&lt;class 'int'&gt;
&lt;class 'str'&gt;</msg>
<arg>${response.status_code}</arg>
<arg>200</arg>
<doc>Fails if objects are unequal after converting them to real numbers.</doc>
<status status="PASS" start="2024-06-18T03:17:41.300958" elapsed="0.000595"/>
</kw>
<kw name="Log" owner="BuiltIn">
<msg time="2024-06-18T03:17:41.302278" level="INFO">200</msg>
<arg>${response.status_code}</arg>
<doc>Logs the given message with the given level.</doc>
<status status="PASS" start="2024-06-18T03:17:41.301917" elapsed="0.000406"/>
</kw>
<kw name="Set Variable" owner="BuiltIn">
<msg time="2024-06-18T03:17:41.303098" level="INFO">${json_data} = {'results': [{'gender': 'female', 'name': {'title': 'Mrs', 'first': 'Saana', 'last': 'Kyllonen'}, 'location': {'street': {'number': 1744, 'name': 'Hermiankatu'}, 'city': 'Juupajoki', 'state': 'Pirkanm...</msg>
<var>${json_data}</var>
<arg>${response.json()}</arg>
<doc>Returns the given values which can then be assigned to a variables.</doc>
<status status="PASS" start="2024-06-18T03:17:41.302649" elapsed="0.000480"/>
</kw>
<kw name="Dictionary Should Contain Key" owner="Collections">
<arg>${json_data}</arg>
<arg>results</arg>
<doc>Fails if ``key`` is not found from ``dictionary``.</doc>
<status status="PASS" start="2024-06-18T03:17:41.303458" elapsed="0.000177"/>
</kw>
<status status="PASS" start="2024-06-18T03:17:41.081738" elapsed="0.222060"/>
</kw>
<doc>Testa se a API responde corretamente e retorna um objeto JSON válido.</doc>
<tag>testeRequisicaoBasica</tag>
<status status="PASS" start="2024-06-18T03:17:41.081229" elapsed="0.222759"/>
</test>
<test id="s1-s1-t3" name="Validar estrutura de resposta" line="22">
<kw name="Teste de Estrutura de Resposta" owner="random-user-service">
<kw name="GET On Session" owner="RequestsLibrary">
<msg time="2024-06-18T03:17:41.405662" level="INFO">GET Request : url=https://randomuser.me/api 
 path_url=/api 
 headers={'User-Agent': 'python-requests/2.32.3', 'Accept-Encoding': 'gzip, deflate', 'Accept': '*/*', 'Connection': 'keep-alive'} 
 body=None 
 </msg>
<msg time="2024-06-18T03:17:41.405773" level="INFO">GET Response : url=https://randomuser.me/api 
 status=200, reason=OK 
 headers={'Date': 'Tue, 18 Jun 2024 03:17:41 GMT', 'Content-Type': 'application/json; charset=utf-8', 'Transfer-Encoding': 'chunked', 'Connection': 'keep-alive', 'X-Powered-By': 'Express', 'Access-Control-Allow-Origin': '*', 'Cache-Control': 'no-cache', 'ETag': 'W/"47b-Kc42o5Bq4BYq0YoDLzMIaePxHhI"', 'Vary': 'Accept-Encoding', 'Content-Encoding': 'gzip', 'CF-Cache-Status': 'DYNAMIC', 'Report-To': '{"endpoints":[{"url":"https:\\/\\/a.nel.cloudflare.com\\/report\\/v4?s=P53ZDREnpxWqo107QK8d0flNvrs%2F%2B0KdmlSxAYQYPLNdLT51x3pGTNyALyp0kC87N9kCdMyO%2BzGr%2FFPe4VyQBn4Dqvo%2Fl5NUggGB%2Fd%2B3PsCezikIQUbo2rZryO6yffug"}],"group":"cf-nel","max_age":604800}', 'NEL': '{"success_fraction":0,"report_to":"cf-nel","max_age":604800}', 'Server': 'cloudflare', 'CF-RAY': '895820b52af1fa92-SJC', 'alt-svc': 'h3=":443"; ma=86400'} 
 body={"results":[{"gender":"male","name":{"title":"Mr","first":"Mladen","last":"Jović"},"location":{"street":{"number":1191,"name":"Slavka Subotića"},"city":"Vladimirci","state":"Kolubara","country":"Serbia","postcode":88001,"coordinates":{"latitude":"58.6622","longitude":"-13.1702"},"timezone":{"offset":"+9:30","description":"Adelaide, Darwin"}},"email":"mladen.jovic@example.com","login":{"uuid":"84e1ce2d-721a-4401-913e-4f36da104ae1","username":"bluetiger329","password":"american","salt":"EkgNqcg2","md5":"05e47e70efeddc4c8b914a13678b2d85","sha1":"e6c71ef65b99777675a4353b7d0edf436daae03f","sha256":"b9244938cfdf0374aa663fef979fed59d28090e4ea3f8f75a3cc615edabacb85"},"dob":{"date":"1998-07-05T12:09:44.002Z","age":25},"registered":{"date":"2006-10-16T12:26:31.487Z","age":17},"phone":"036-0026-902","cell":"069-9713-696","id":{"name":"SID","value":"023919295"},"picture":{"large":"https://randomuser.me/api/portraits/men/41.jpg","medium":"https://randomuser.me/api/portraits/med/men/41.jpg","thumbnail":"https://randomuser.me/api/portraits/thumb/men/41.jpg"},"nat":"RS"}],"info":{"seed":"dbf6818263f3c990","results":1,"page":1,"version":"1.4"}} 
 </msg>
<msg time="2024-06-18T03:17:41.405938" level="INFO">/opt/hostedtoolcache/Python/3.12.3/x64/lib/python3.12/site-packages/urllib3/connectionpool.py:1099: InsecureRequestWarning: Unverified HTTPS request is being made to host 'randomuser.me'. Adding certificate verification is strongly advised. See: https://urllib3.readthedocs.io/en/latest/advanced-usage.html#tls-warnings
  warnings.warn(</msg>
<msg time="2024-06-18T03:17:41.406102" level="INFO">${response} = &lt;Response [200]&gt;</msg>
<var>${response}</var>
<arg>consultarAPI</arg>
<arg>/api</arg>
<doc>Sends a GET request on a previously created HTTP Session.</doc>
<status status="PASS" start="2024-06-18T03:17:41.306910" elapsed="0.099237"/>
</kw>
<kw name="Set Variable" owner="BuiltIn">
<msg time="2024-06-18T03:17:41.407251" level="INFO">${json_data} = {'results': [{'gender': 'male', 'name': {'title': 'Mr', 'first': 'Mladen', 'last': 'Jović'}, 'location': {'street': {'number': 1191, 'name': 'Slavka Subotića'}, 'city': 'Vladimirci', 'state': 'Kolubar...</msg>
<var>${json_data}</var>
<arg>${response.json()}</arg>
<doc>Returns the given values which can then be assigned to a variables.</doc>
<status status="PASS" start="2024-06-18T03:17:41.406704" elapsed="0.000589"/>
</kw>
<kw name="Log" owner="BuiltIn">
<msg time="2024-06-18T03:17:41.407794" level="INFO">{'results': [{'gender': 'male', 'name': {'title': 'Mr', 'first': 'Mladen', 'last': 'Jović'}, 'location': {'street': {'number': 1191, 'name': 'Slavka Subotića'}, 'city': 'Vladimirci', 'state': 'Kolubara', 'country': 'Serbia', 'postcode': 88001, 'coordinates': {'latitude': '58.6622', 'longitude': '-13.1702'}, 'timezone': {'offset': '+9:30', 'description': 'Adelaide, Darwin'}}, 'email': 'mladen.jovic@example.com', 'login': {'uuid': '84e1ce2d-721a-4401-913e-4f36da104ae1', 'username': 'bluetiger329', 'password': 'american', 'salt': 'EkgNqcg2', 'md5': '05e47e70efeddc4c8b914a13678b2d85', 'sha1': 'e6c71ef65b99777675a4353b7d0edf436daae03f', 'sha256': 'b9244938cfdf0374aa663fef979fed59d28090e4ea3f8f75a3cc615edabacb85'}, 'dob': {'date': '1998-07-05T12:09:44.002Z', 'age': 25}, 'registered': {'date': '2006-10-16T12:26:31.487Z', 'age': 17}, 'phone': '036-0026-902', 'cell': '069-9713-696', 'id': {'name': 'SID', 'value': '023919295'}, 'picture': {'large': 'https://randomuser.me/api/portraits/men/41.jpg', 'medium': 'https://randomuser.me/api/portraits/med/men/41.jpg', 'thumbnail': 'https://randomuser.me/api/portraits/thumb/men/41.jpg'}, 'nat': 'RS'}], 'info': {'seed': 'dbf6818263f3c990', 'results': 1, 'page': 1, 'version': '1.4'}}</msg>
<arg>${json_data}</arg>
<doc>Logs the given message with the given level.</doc>
<status status="PASS" start="2024-06-18T03:17:41.407622" elapsed="0.000225"/>
</kw>
<kw name="Dictionary Should Contain Key" owner="Collections">
<arg>${json_data}</arg>
<arg>results</arg>
<doc>Fails if ``key`` is not found from ``dictionary``.</doc>
<status status="PASS" start="2024-06-18T03:17:41.408149" elapsed="0.000170"/>
</kw>
<kw name="Should Not Be Empty" owner="BuiltIn">
<msg time="2024-06-18T03:17:41.408646" level="INFO">Length is 2.</msg>
<arg>${json_data}</arg>
<doc>Verifies that the given item is not empty.</doc>
<status status="PASS" start="2024-06-18T03:17:41.408513" elapsed="0.000172"/>
</kw>
<kw name="Create List" owner="BuiltIn">
<msg time="2024-06-18T03:17:41.409176" level="INFO">${expected_keys} = ['gender', 'name', 'location', 'email', 'login']</msg>
<var>${expected_keys}</var>
<arg>gender</arg>
<arg>name</arg>
<arg>location</arg>
<arg>email</arg>
<arg>login</arg>
<doc>Returns a list containing given items.</doc>
<status status="PASS" start="2024-06-18T03:17:41.408989" elapsed="0.000214"/>
</kw>
<for flavor="IN">
<iter>
<kw name="Dictionary Should Contain Key" owner="Collections">
<arg>${json_data['results'][0]}</arg>
<arg>${key}</arg>
<doc>Fails if ``key`` is not found from ``dictionary``.</doc>
<status status="PASS" start="2024-06-18T03:17:41.409830" elapsed="0.000444"/>
</kw>
<kw name="Log" owner="BuiltIn">
<msg time="2024-06-18T03:17:41.410858" level="INFO">{'gender': 'male', 'name': {'title': 'Mr', 'first': 'Mladen', 'last': 'Jović'}, 'location': {'street': {'number': 1191, 'name': 'Slavka Subotića'}, 'city': 'Vladimirci', 'state': 'Kolubara', 'country': 'Serbia', 'postcode': 88001, 'coordinates': {'latitude': '58.6622', 'longitude': '-13.1702'}, 'timezone': {'offset': '+9:30', 'description': 'Adelaide, Darwin'}}, 'email': 'mladen.jovic@example.com', 'login': {'uuid': '84e1ce2d-721a-4401-913e-4f36da104ae1', 'username': 'bluetiger329', 'password': 'american', 'salt': 'EkgNqcg2', 'md5': '05e47e70efeddc4c8b914a13678b2d85', 'sha1': 'e6c71ef65b99777675a4353b7d0edf436daae03f', 'sha256': 'b9244938cfdf0374aa663fef979fed59d28090e4ea3f8f75a3cc615edabacb85'}, 'dob': {'date': '1998-07-05T12:09:44.002Z', 'age': 25}, 'registered': {'date': '2006-10-16T12:26:31.487Z', 'age': 17}, 'phone': '036-0026-902', 'cell': '069-9713-696', 'id': {'name': 'SID', 'value': '023919295'}, 'picture': {'large': 'https://randomuser.me/api/portraits/men/41.jpg', 'medium': 'https://randomuser.me/api/portraits/med/men/41.jpg', 'thumbnail': 'https://randomuser.me/api/portraits/thumb/men/41.jpg'}, 'nat': 'RS'}</msg>
<arg>${json_data['results'][0]}</arg>
<doc>Logs the given message with the given level.</doc>
<status status="PASS" start="2024-06-18T03:17:41.410476" elapsed="0.000437"/>
</kw>
<kw name="Log" owner="BuiltIn">
<msg time="2024-06-18T03:17:41.411365" level="INFO">gender</msg>
<arg>${key}</arg>
<doc>Logs the given message with the given level.</doc>
<status status="PASS" start="2024-06-18T03:17:41.411229" elapsed="0.000176"/>
</kw>
<var name="${key}">gender</var>
<status status="PASS" start="2024-06-18T03:17:41.409702" elapsed="0.001936"/>
</iter>
<iter>
<kw name="Dictionary Should Contain Key" owner="Collections">
<arg>${json_data['results'][0]}</arg>
<arg>${key}</arg>
<doc>Fails if ``key`` is not found from ``dictionary``.</doc>
<status status="PASS" start="2024-06-18T03:17:41.411965" elapsed="0.000412"/>
</kw>
<kw name="Log" owner="BuiltIn">
<msg time="2024-06-18T03:17:41.412938" level="INFO">{'gender': 'male', 'name': {'title': 'Mr', 'first': 'Mladen', 'last': 'Jović'}, 'location': {'street': {'number': 1191, 'name': 'Slavka Subotića'}, 'city': 'Vladimirci', 'state': 'Kolubara', 'country': 'Serbia', 'postcode': 88001, 'coordinates': {'latitude': '58.6622', 'longitude': '-13.1702'}, 'timezone': {'offset': '+9:30', 'description': 'Adelaide, Darwin'}}, 'email': 'mladen.jovic@example.com', 'login': {'uuid': '84e1ce2d-721a-4401-913e-4f36da104ae1', 'username': 'bluetiger329', 'password': 'american', 'salt': 'EkgNqcg2', 'md5': '05e47e70efeddc4c8b914a13678b2d85', 'sha1': 'e6c71ef65b99777675a4353b7d0edf436daae03f', 'sha256': 'b9244938cfdf0374aa663fef979fed59d28090e4ea3f8f75a3cc615edabacb85'}, 'dob': {'date': '1998-07-05T12:09:44.002Z', 'age': 25}, 'registered': {'date': '2006-10-16T12:26:31.487Z', 'age': 17}, 'phone': '036-0026-902', 'cell': '069-9713-696', 'id': {'name': 'SID', 'value': '023919295'}, 'picture': {'large': 'https://randomuser.me/api/portraits/men/41.jpg', 'medium': 'https://randomuser.me/api/portraits/med/men/41.jpg', 'thumbnail': 'https://randomuser.me/api/portraits/thumb/men/41.jpg'}, 'nat': 'RS'}</msg>
<arg>${json_data['results'][0]}</arg>
<doc>Logs the given message with the given level.</doc>
<status status="PASS" start="2024-06-18T03:17:41.412572" elapsed="0.000453"/>
</kw>
<kw name="Log" owner="BuiltIn">
<msg time="2024-06-18T03:17:41.413549" level="INFO">name</msg>
<arg>${key}</arg>
<doc>Logs the given message with the given level.</doc>
<status status="PASS" start="2024-06-18T03:17:41.413406" elapsed="0.000183"/>
</kw>
<var name="${key}">name</var>
<status status="PASS" start="2024-06-18T03:17:41.411842" elapsed="0.001985"/>
</iter>
<iter>
<kw name="Dictionary Should Contain Key" owner="Collections">
<arg>${json_data['results'][0]}</arg>
<arg>${key}</arg>
<doc>Fails if ``key`` is not found from ``dictionary``.</doc>
<status status="PASS" start="2024-06-18T03:17:41.414133" elapsed="0.000398"/>
</kw>
<kw name="Log" owner="BuiltIn">
<msg time="2024-06-18T03:17:41.415097" level="INFO">{'gender': 'male', 'name': {'title': 'Mr', 'first': 'Mladen', 'last': 'Jović'}, 'location': {'street': {'number': 1191, 'name': 'Slavka Subotića'}, 'city': 'Vladimirci', 'state': 'Kolubara', 'country': 'Serbia', 'postcode': 88001, 'coordinates': {'latitude': '58.6622', 'longitude': '-13.1702'}, 'timezone': {'offset': '+9:30', 'description': 'Adelaide, Darwin'}}, 'email': 'mladen.jovic@example.com', 'login': {'uuid': '84e1ce2d-721a-4401-913e-4f36da104ae1', 'username': 'bluetiger329', 'password': 'american', 'salt': 'EkgNqcg2', 'md5': '05e47e70efeddc4c8b914a13678b2d85', 'sha1': 'e6c71ef65b99777675a4353b7d0edf436daae03f', 'sha256': 'b9244938cfdf0374aa663fef979fed59d28090e4ea3f8f75a3cc615edabacb85'}, 'dob': {'date': '1998-07-05T12:09:44.002Z', 'age': 25}, 'registered': {'date': '2006-10-16T12:26:31.487Z', 'age': 17}, 'phone': '036-0026-902', 'cell': '069-9713-696', 'id': {'name': 'SID', 'value': '023919295'}, 'picture': {'large': 'https://randomuser.me/api/portraits/men/41.jpg', 'medium': 'https://randomuser.me/api/portraits/med/men/41.jpg', 'thumbnail': 'https://randomuser.me/api/portraits/thumb/men/41.jpg'}, 'nat': 'RS'}</msg>
<arg>${json_data['results'][0]}</arg>
<doc>Logs the given message with the given level.</doc>
<status status="PASS" start="2024-06-18T03:17:41.414730" elapsed="0.000420"/>
</kw>
<kw name="Log" owner="BuiltIn">
<msg time="2024-06-18T03:17:41.415599" level="INFO">location</msg>
<arg>${key}</arg>
<doc>Logs the given message with the given level.</doc>
<status status="PASS" start="2024-06-18T03:17:41.415467" elapsed="0.000170"/>
</kw>
<var name="${key}">location</var>
<status status="PASS" start="2024-06-18T03:17:41.414018" elapsed="0.001850"/>
</iter>
<iter>
<kw name="Dictionary Should Contain Key" owner="Collections">
<arg>${json_data['results'][0]}</arg>
<arg>${key}</arg>
<doc>Fails if ``key`` is not found from ``dictionary``.</doc>
<status status="PASS" start="2024-06-18T03:17:41.416162" elapsed="0.000404"/>
</kw>
<kw name="Log" owner="BuiltIn">
<msg time="2024-06-18T03:17:41.417159" level="INFO">{'gender': 'male', 'name': {'title': 'Mr', 'first': 'Mladen', 'last': 'Jović'}, 'location': {'street': {'number': 1191, 'name': 'Slavka Subotića'}, 'city': 'Vladimirci', 'state': 'Kolubara', 'country': 'Serbia', 'postcode': 88001, 'coordinates': {'latitude': '58.6622', 'longitude': '-13.1702'}, 'timezone': {'offset': '+9:30', 'description': 'Adelaide, Darwin'}}, 'email': 'mladen.jovic@example.com', 'login': {'uuid': '84e1ce2d-721a-4401-913e-4f36da104ae1', 'username': 'bluetiger329', 'password': 'american', 'salt': 'EkgNqcg2', 'md5': '05e47e70efeddc4c8b914a13678b2d85', 'sha1': 'e6c71ef65b99777675a4353b7d0edf436daae03f', 'sha256': 'b9244938cfdf0374aa663fef979fed59d28090e4ea3f8f75a3cc615edabacb85'}, 'dob': {'date': '1998-07-05T12:09:44.002Z', 'age': 25}, 'registered': {'date': '2006-10-16T12:26:31.487Z', 'age': 17}, 'phone': '036-0026-902', 'cell': '069-9713-696', 'id': {'name': 'SID', 'value': '023919295'}, 'picture': {'large': 'https://randomuser.me/api/portraits/men/41.jpg', 'medium': 'https://randomuser.me/api/portraits/med/men/41.jpg', 'thumbnail': 'https://randomuser.me/api/portraits/thumb/men/41.jpg'}, 'nat': 'RS'}</msg>
<arg>${json_data['results'][0]}</arg>
<doc>Logs the given message with the given level.</doc>
<status status="PASS" start="2024-06-18T03:17:41.416758" elapsed="0.000456"/>
</kw>
<kw name="Log" owner="BuiltIn">
<msg time="2024-06-18T03:17:41.417656" level="INFO">email</msg>
<arg>${key}</arg>
<doc>Logs the given message with the given level.</doc>
<status status="PASS" start="2024-06-18T03:17:41.417524" elapsed="0.000172"/>
</kw>
<var name="${key}">email</var>
<status status="PASS" start="2024-06-18T03:17:41.416049" elapsed="0.001871"/>
</iter>
<iter>
<kw name="Dictionary Should Contain Key" owner="Collections">
<arg>${json_data['results'][0]}</arg>
<arg>${key}</arg>
<doc>Fails if ``key`` is not found from ``dictionary``.</doc>
<status status="PASS" start="2024-06-18T03:17:41.418222" elapsed="0.000410"/>
</kw>
<kw name="Log" owner="BuiltIn">
<msg time="2024-06-18T03:17:41.419198" level="INFO">{'gender': 'male', 'name': {'title': 'Mr', 'first': 'Mladen', 'last': 'Jović'}, 'location': {'street': {'number': 1191, 'name': 'Slavka Subotića'}, 'city': 'Vladimirci', 'state': 'Kolubara', 'country': 'Serbia', 'postcode': 88001, 'coordinates': {'latitude': '58.6622', 'longitude': '-13.1702'}, 'timezone': {'offset': '+9:30', 'description': 'Adelaide, Darwin'}}, 'email': 'mladen.jovic@example.com', 'login': {'uuid': '84e1ce2d-721a-4401-913e-4f36da104ae1', 'username': 'bluetiger329', 'password': 'american', 'salt': 'EkgNqcg2', 'md5': '05e47e70efeddc4c8b914a13678b2d85', 'sha1': 'e6c71ef65b99777675a4353b7d0edf436daae03f', 'sha256': 'b9244938cfdf0374aa663fef979fed59d28090e4ea3f8f75a3cc615edabacb85'}, 'dob': {'date': '1998-07-05T12:09:44.002Z', 'age': 25}, 'registered': {'date': '2006-10-16T12:26:31.487Z', 'age': 17}, 'phone': '036-0026-902', 'cell': '069-9713-696', 'id': {'name': 'SID', 'value': '023919295'}, 'picture': {'large': 'https://randomuser.me/api/portraits/men/41.jpg', 'medium': 'https://randomuser.me/api/portraits/med/men/41.jpg', 'thumbnail': 'https://randomuser.me/api/portraits/thumb/men/41.jpg'}, 'nat': 'RS'}</msg>
<arg>${json_data['results'][0]}</arg>
<doc>Logs the given message with the given level.</doc>
<status status="PASS" start="2024-06-18T03:17:41.418828" elapsed="0.000423"/>
</kw>
<kw name="Log" owner="BuiltIn">
<msg time="2024-06-18T03:17:41.419815" level="INFO">login</msg>
<arg>${key}</arg>
<doc>Logs the given message with the given level.</doc>
<status status="PASS" start="2024-06-18T03:17:41.419564" elapsed="0.000291"/>
</kw>
<var name="${key}">login</var>
<status status="PASS" start="2024-06-18T03:17:41.418107" elapsed="0.001977"/>
</iter>
<var>${key}</var>
<value>@{expected_keys}</value>
<status status="PASS" start="2024-06-18T03:17:41.409493" elapsed="0.010720"/>
</for>
<kw name="Create List" owner="BuiltIn">
<msg time="2024-06-18T03:17:41.420558" level="INFO">${expected_keysTwo} = ['username', 'password']</msg>
<var>${expected_keysTwo}</var>
<arg>username</arg>
<arg>password</arg>
<doc>Returns a list containing given items.</doc>
<status status="PASS" start="2024-06-18T03:17:41.420416" elapsed="0.000167"/>
</kw>
<for flavor="IN">
<iter>
<kw name="Dictionary Should Contain Key" owner="Collections">
<arg>${json_data['results'][0]['login']}</arg>
<arg>${keyTwo}</arg>
<doc>Fails if ``key`` is not found from ``dictionary``.</doc>
<status status="PASS" start="2024-06-18T03:17:41.421184" elapsed="0.000425"/>
</kw>
<kw name="Dictionary Should Contain Key" owner="Collections">
<arg>${json_data['results'][0]['login']}</arg>
<arg>${keyTwo}</arg>
<doc>Fails if ``key`` is not found from ``dictionary``.</doc>
<status status="PASS" start="2024-06-18T03:17:41.421804" elapsed="0.000418"/>
</kw>
<kw name="Log" owner="BuiltIn">
<msg time="2024-06-18T03:17:41.422542" level="INFO">username</msg>
<arg>${keyTwo}</arg>
<doc>Logs the given message with the given level.</doc>
<status status="PASS" start="2024-06-18T03:17:41.422415" elapsed="0.000166"/>
</kw>
<var name="${keyTwo}">username</var>
<status status="PASS" start="2024-06-18T03:17:41.421029" elapsed="0.001788"/>
</iter>
<iter>
<kw name="Dictionary Should Contain Key" owner="Collections">
<arg>${json_data['results'][0]['login']}</arg>
<arg>${keyTwo}</arg>
<doc>Fails if ``key`` is not found from ``dictionary``.</doc>
<status status="PASS" start="2024-06-18T03:17:41.423117" elapsed="0.000397"/>
</kw>
<kw name="Dictionary Should Contain Key" owner="Collections">
<arg>${json_data['results'][0]['login']}</arg>
<arg>${keyTwo}</arg>
<doc>Fails if ``key`` is not found from ``dictionary``.</doc>
<status status="PASS" start="2024-06-18T03:17:41.423703" elapsed="0.000435"/>
</kw>
<kw name="Log" owner="BuiltIn">
<msg time="2024-06-18T03:17:41.424462" level="INFO">password</msg>
<arg>${keyTwo}</arg>
<doc>Logs the given message with the given level.</doc>
<status status="PASS" start="2024-06-18T03:17:41.424333" elapsed="0.000166"/>
</kw>
<var name="${keyTwo}">password</var>
<status status="PASS" start="2024-06-18T03:17:41.423003" elapsed="0.001729"/>
</iter>
<var>${keyTwo}</var>
<value>@{expected_keysTwo}</value>
<status status="PASS" start="2024-06-18T03:17:41.420855" elapsed="0.004006"/>
</for>
<status status="PASS" start="2024-06-18T03:17:41.306653" elapsed="0.118363"/>
</kw>
<doc>Testa a estrutura da resposta da API.</doc>
<tag>testeEstruturaResposta</tag>
<status status="PASS" start="2024-06-18T03:17:41.305962" elapsed="0.119266"/>
</test>
<test id="s1-s1-t4" name="Validar tipos de dados" line="28">
<kw name="Teste de Tipos de Dados" owner="random-user-service">
<kw name="GET On Session" owner="RequestsLibrary">
<msg time="2024-06-18T03:17:41.522501" level="INFO">GET Request : url=https://randomuser.me/api 
 path_url=/api 
 headers={'User-Agent': 'python-requests/2.32.3', 'Accept-Encoding': 'gzip, deflate', 'Accept': '*/*', 'Connection': 'keep-alive'} 
 body=None 
 </msg>
<msg time="2024-06-18T03:17:41.522617" level="INFO">GET Response : url=https://randomuser.me/api 
 status=200, reason=OK 
 headers={'Date': 'Tue, 18 Jun 2024 03:17:41 GMT', 'Content-Type': 'application/json; charset=utf-8', 'Transfer-Encoding': 'chunked', 'Connection': 'keep-alive', 'X-Powered-By': 'Express', 'Access-Control-Allow-Origin': '*', 'Cache-Control': 'no-cache', 'ETag': 'W/"49b-G1pCf/zMlc53DACV1NzzhdA6MeQ"', 'Vary': 'Accept-Encoding', 'Content-Encoding': 'gzip', 'CF-Cache-Status': 'DYNAMIC', 'Report-To': '{"endpoints":[{"url":"https:\\/\\/a.nel.cloudflare.com\\/report\\/v4?s=ESNLj%2B4ErlvGsQqJpgRjBWANIi1wGeD%2FrAn9MrwT9pz%2FpRjU0z%2B%2FYBKIqCOBeL1Nw6PNe639wrpE5Yz1aGoPGZfp6r15so12EZ2zy9jWLbz3KjYZEGG1vOUEY8%2BLw9l5"}],"group":"cf-nel","max_age":604800}', 'NEL': '{"success_fraction":0,"report_to":"cf-nel","max_age":604800}', 'Server': 'cloudflare', 'CF-RAY': '895820b5fb95fa92-SJC', 'alt-svc': 'h3=":443"; ma=86400'} 
 body={"results":[{"gender":"female","name":{"title":"Ms","first":"Liva","last":"Andersen"},"location":{"street":{"number":8032,"name":"Agervænget"},"city":"Vipperød","state":"Hovedstaden","country":"Denmark","postcode":92639,"coordinates":{"latitude":"-42.0296","longitude":"145.2491"},"timezone":{"offset":"-5:00","description":"Eastern Time (US &amp; Canada), Bogota, Lima"}},"email":"liva.andersen@example.com","login":{"uuid":"80c4c0f2-e4ff-4c7a-8a8d-7d28547f07b8","username":"ticklishladybug839","password":"lollipop","salt":"q88XCMrN","md5":"d4d5fcaeac2d9ca1452757d726d46224","sha1":"5ac8c1ce6136dc64e459cf09510a9cfab201c3f2","sha256":"9a4564d2012faf6a07bebc784b2f409e863e5c40ba27375f88b09a53e5db8544"},"dob":{"date":"1952-10-02T15:51:53.606Z","age":71},"registered":{"date":"2013-07-09T20:46:31.634Z","age":10},"phone":"24904757","cell":"24628533","id":{"name":"CPR","value":"021052-2726"},"picture":{"large":"https://randomuser.me/api/portraits/women/36.jpg","medium":"https://randomuser.me/api/portraits/med/women/36.jpg","thumbnail":"https://randomuser.me/api/portraits/thumb/women/36.jpg"},"nat":"DK"}],"info":{"seed":"926b5da4f295b1ad","results":1,"page":1,"version":"1.4"}} 
 </msg>
<msg time="2024-06-18T03:17:41.522704" level="INFO">/opt/hostedtoolcache/Python/3.12.3/x64/lib/python3.12/site-packages/urllib3/connectionpool.py:1099: InsecureRequestWarning: Unverified HTTPS request is being made to host 'randomuser.me'. Adding certificate verification is strongly advised. See: https://urllib3.readthedocs.io/en/latest/advanced-usage.html#tls-warnings
  warnings.warn(</msg>
<msg time="2024-06-18T03:17:41.522873" level="INFO">${response} = &lt;Response [200]&gt;</msg>
<var>${response}</var>
<arg>consultarAPI</arg>
<arg>/api</arg>
<doc>Sends a GET request on a previously created HTTP Session.</doc>
<status status="PASS" start="2024-06-18T03:17:41.427866" elapsed="0.095051"/>
</kw>
<kw name="Set Variable" owner="BuiltIn">
<msg time="2024-06-18T03:17:41.524078" level="INFO">${json_data} = {'results': [{'gender': 'female', 'name': {'title': 'Ms', 'first': 'Liva', 'last': 'Andersen'}, 'location': {'street': {'number': 8032, 'name': 'Agervænget'}, 'city': 'Vipperød', 'state': 'Hovedstaden...</msg>
<var>${json_data}</var>
<arg>${response.json()}</arg>
<doc>Returns the given values which can then be assigned to a variables.</doc>
<status status="PASS" start="2024-06-18T03:17:41.523506" elapsed="0.000604"/>
</kw>
<kw name="Log" owner="BuiltIn">
<msg time="2024-06-18T03:17:41.524622" level="INFO">{'results': [{'gender': 'female', 'name': {'title': 'Ms', 'first': 'Liva', 'last': 'Andersen'}, 'location': {'street': {'number': 8032, 'name': 'Agervænget'}, 'city': 'Vipperød', 'state': 'Hovedstaden', 'country': 'Denmark', 'postcode': 92639, 'coordinates': {'latitude': '-42.0296', 'longitude': '145.2491'}, 'timezone': {'offset': '-5:00', 'description': 'Eastern Time (US &amp; Canada), Bogota, Lima'}}, 'email': 'liva.andersen@example.com', 'login': {'uuid': '80c4c0f2-e4ff-4c7a-8a8d-7d28547f07b8', 'username': 'ticklishladybug839', 'password': 'lollipop', 'salt': 'q88XCMrN', 'md5': 'd4d5fcaeac2d9ca1452757d726d46224', 'sha1': '5ac8c1ce6136dc64e459cf09510a9cfab201c3f2', 'sha256': '9a4564d2012faf6a07bebc784b2f409e863e5c40ba27375f88b09a53e5db8544'}, 'dob': {'date': '1952-10-02T15:51:53.606Z', 'age': 71}, 'registered': {'date': '2013-07-09T20:46:31.634Z', 'age': 10}, 'phone': '24904757', 'cell': '24628533', 'id': {'name': 'CPR', 'value': '021052-2726'}, 'picture': {'large': 'https://randomuser.me/api/portraits/women/36.jpg', 'medium': 'https://randomuser.me/api/portraits/med/women/36.jpg', 'thumbnail': 'https://randomuser.me/api/portraits/thumb/women/36.jpg'}, 'nat': 'DK'}], 'info': {'seed': '926b5da4f295b1ad', 'results': 1, 'page': 1, 'version': '1.4'}}</msg>
<arg>${json_data}</arg>
<doc>Logs the given message with the given level.</doc>
<status status="PASS" start="2024-06-18T03:17:41.524443" elapsed="0.000232"/>
</kw>
<kw name="Should Be String" owner="String">
<arg>${json_data['results'][0]['gender']}</arg>
<doc>Fails if the given ``item`` is not a string.</doc>
<status status="PASS" start="2024-06-18T03:17:41.524999" elapsed="0.000434"/>
</kw>
<kw name="Should Match Regexp" owner="BuiltIn">
<arg>${json_data['results'][0]['email']}</arg>
<arg>^[a-zA-Z0-9._%+-]+@[a-zA-Z0-9.-]+\.[a-zA-Z]{2,}$</arg>
<doc>Fails if ``string`` does not match ``pattern`` as a regular expression.</doc>
<status status="PASS" start="2024-06-18T03:17:41.525633" elapsed="0.000551"/>
</kw>
<kw name="Should Match Regexp" owner="BuiltIn">
<arg>${json_data['results'][0]['dob']['date']}</arg>
<arg>\\d{4}-\\d{2}-\\d{2}T\\d{2}:\\d{2}:\\d{2}\\.\\d{3}Z</arg>
<doc>Fails if ``string`` does not match ``pattern`` as a regular expression.</doc>
<status status="PASS" start="2024-06-18T03:17:41.526433" elapsed="0.000522"/>
</kw>
<kw name="Should Match Regexp" owner="BuiltIn">
<arg>${json_data['results'][0]['registered']['date']}</arg>
<arg>\\d{4}-\\d{2}-\\d{2}T\\d{2}:\\d{2}:\\d{2}\\.\\d{3}Z</arg>
<doc>Fails if ``string`` does not match ``pattern`` as a regular expression.</doc>
<status status="PASS" start="2024-06-18T03:17:41.527157" elapsed="0.000381"/>
</kw>
<kw name="Should Match Regexp" owner="BuiltIn">
<arg>${json_data['results'][0]['picture']['large']}</arg>
<arg>^https?://.*\.(?:png|jpe?g|gif|bmp)$</arg>
<doc>Fails if ``string`` does not match ``pattern`` as a regular expression.</doc>
<status status="PASS" start="2024-06-18T03:17:41.527734" elapsed="0.000478"/>
</kw>
<kw name="Should Match Regexp" owner="BuiltIn">
<arg>${json_data['results'][0]['picture']['medium']}</arg>
<arg>^https?://.*\.(?:png|jpe?g|gif|bmp)$</arg>
<doc>Fails if ``string`` does not match ``pattern`` as a regular expression.</doc>
<status status="PASS" start="2024-06-18T03:17:41.528413" elapsed="0.000365"/>
</kw>
<kw name="Should Match Regexp" owner="BuiltIn">
<arg>${json_data['results'][0]['picture']['thumbnail']}</arg>
<arg>^https?://.*\.(?:png|jpe?g|gif|bmp)$</arg>
<doc>Fails if ``string`` does not match ``pattern`` as a regular expression.</doc>
<status status="PASS" start="2024-06-18T03:17:41.528981" elapsed="0.000401"/>
</kw>
<kw name="Log" owner="BuiltIn">
<msg time="2024-06-18T03:17:41.529927" level="INFO">{'large': 'https://randomuser.me/api/portraits/women/36.jpg', 'medium': 'https://randomuser.me/api/portraits/med/women/36.jpg', 'thumbnail': 'https://randomuser.me/api/portraits/thumb/women/36.jpg'}</msg>
<arg>${json_data['results'][0]['picture']}</arg>
<doc>Logs the given message with the given level.</doc>
<status status="PASS" start="2024-06-18T03:17:41.529578" elapsed="0.000393"/>
</kw>
<status status="PASS" start="2024-06-18T03:17:41.427619" elapsed="0.102633"/>
</kw>
<kw name="Teste de Tipos de Dados - Postcode" owner="random-user-service">
<kw name="GET On Session" owner="RequestsLibrary">
<msg time="2024-06-18T03:17:41.620751" level="INFO">GET Request : url=https://randomuser.me/api 
 path_url=/api 
 headers={'User-Agent': 'python-requests/2.32.3', 'Accept-Encoding': 'gzip, deflate', 'Accept': '*/*', 'Connection': 'keep-alive'} 
 body=None 
 </msg>
<msg time="2024-06-18T03:17:41.620900" level="INFO">GET Response : url=https://randomuser.me/api 
 status=200, reason=OK 
 headers={'Date': 'Tue, 18 Jun 2024 03:17:41 GMT', 'Content-Type': 'application/json; charset=utf-8', 'Transfer-Encoding': 'chunked', 'Connection': 'keep-alive', 'X-Powered-By': 'Express', 'Access-Control-Allow-Origin': '*', 'Cache-Control': 'no-cache', 'ETag': 'W/"4a2-Z04fvAqnZGA1dv6zL8NtqzKKlA4"', 'Vary': 'Accept-Encoding', 'Content-Encoding': 'gzip', 'CF-Cache-Status': 'DYNAMIC', 'Report-To': '{"endpoints":[{"url":"https:\\/\\/a.nel.cloudflare.com\\/report\\/v4?s=dp7NhI4GZ5Dg65WSmiyGS7AlWeA8Ll7CRSSWsraHYKKLHRhKDaYFPXXdYvsgObzKiI4bWFMEHQOiaxayjVzJPsVBKiDdu7MVgDhWILvTsLu7DYJoZ4mwCFcjn%2F5UdNZ4"}],"group":"cf-nel","max_age":604800}', 'NEL': '{"success_fraction":0,"report_to":"cf-nel","max_age":604800}', 'Server': 'cloudflare', 'CF-RAY': '895820b69c1efa92-SJC', 'alt-svc': 'h3=":443"; ma=86400'} 
 body={"results":[{"gender":"male","name":{"title":"Mr","first":"محمدعلی","last":"جعفری"},"location":{"street":{"number":2237,"name":"30 تیر"},"city":"ارومیه","state":"خراسان جنوبی","country":"Iran","postcode":33048,"coordinates":{"latitude":"13.9082","longitude":"-175.5552"},"timezone":{"offset":"+5:00","description":"Ekaterinburg, Islamabad, Karachi, Tashkent"}},"email":"mhmdaaly.jaafry@example.com","login":{"uuid":"c0a30144-2907-49af-bebb-be8b5da1a86e","username":"redpanda760","password":"telefon","salt":"iMbDLO9n","md5":"28115f9399c143dc831b8ea56a04c887","sha1":"3fb28e5a26ec9a10615568d10a796914db4fe462","sha256":"e7d778487f09de728a33914144b2635c54475394b4928689913f21cfc5927a8d"},"dob":{"date":"1994-07-24T20:22:23.666Z","age":29},"registered":{"date":"2012-12-08T20:25:07.617Z","age":11},"phone":"038-60654861","cell":"0978-436-6293","id":{"name":"","value":null},"picture":{"large":"https://randomuser.me/api/portraits/men/72.jpg","medium":"https://randomuser.me/api/portraits/med/men/72.jpg","thumbnail":"https://randomuser.me/api/portraits/thumb/men/72.jpg"},"nat":"IR"}],"info":{"seed":"35c63d95c93a895d","results":1,"page":1,"version":"1.4"}} 
 </msg>
<msg time="2024-06-18T03:17:41.621052" level="INFO">/opt/hostedtoolcache/Python/3.12.3/x64/lib/python3.12/site-packages/urllib3/connectionpool.py:1099: InsecureRequestWarning: Unverified HTTPS request is being made to host 'randomuser.me'. Adding certificate verification is strongly advised. See: https://urllib3.readthedocs.io/en/latest/advanced-usage.html#tls-warnings
  warnings.warn(</msg>
<msg time="2024-06-18T03:17:41.621265" level="INFO">${response} = &lt;Response [200]&gt;</msg>
<var>${response}</var>
<arg>consultarAPI</arg>
<arg>/api</arg>
<doc>Sends a GET request on a previously created HTTP Session.</doc>
<status status="PASS" start="2024-06-18T03:17:41.530756" elapsed="0.090562"/>
</kw>
<kw name="Set Variable" owner="BuiltIn">
<msg time="2024-06-18T03:17:41.622879" level="INFO">${json_data} = {'results': [{'gender': 'male', 'name': {'title': 'Mr', 'first': 'محمدعلی', 'last': 'جعفری'}, 'location': {'street': {'number': 2237, 'name': '30 تیر'}, 'city': 'ارومیه', 'state': 'خراسان جنوبی', 'cou...</msg>
<var>${json_data}</var>
<arg>${response.json()}</arg>
<doc>Returns the given values which can then be assigned to a variables.</doc>
<status status="PASS" start="2024-06-18T03:17:41.622052" elapsed="0.000876"/>
</kw>
<kw name="Log" owner="BuiltIn">
<msg time="2024-06-18T03:17:41.623643" level="INFO">{'results': [{'gender': 'male', 'name': {'title': 'Mr', 'first': 'محمدعلی', 'last': 'جعفری'}, 'location': {'street': {'number': 2237, 'name': '30 تیر'}, 'city': 'ارومیه', 'state': 'خراسان جنوبی', 'country': 'Iran', 'postcode': 33048, 'coordinates': {'latitude': '13.9082', 'longitude': '-175.5552'}, 'timezone': {'offset': '+5:00', 'description': 'Ekaterinburg, Islamabad, Karachi, Tashkent'}}, 'email': 'mhmdaaly.jaafry@example.com', 'login': {'uuid': 'c0a30144-2907-49af-bebb-be8b5da1a86e', 'username': 'redpanda760', 'password': 'telefon', 'salt': 'iMbDLO9n', 'md5': '28115f9399c143dc831b8ea56a04c887', 'sha1': '3fb28e5a26ec9a10615568d10a796914db4fe462', 'sha256': 'e7d778487f09de728a33914144b2635c54475394b4928689913f21cfc5927a8d'}, 'dob': {'date': '1994-07-24T20:22:23.666Z', 'age': 29}, 'registered': {'date': '2012-12-08T20:25:07.617Z', 'age': 11}, 'phone': '038-60654861', 'cell': '0978-436-6293', 'id': {'name': '', 'value': None}, 'picture': {'large': 'https://randomuser.me/api/portraits/men/72.jpg', 'medium': 'https://randomuser.me/api/portraits/med/men/72.jpg', 'thumbnail': 'https://randomuser.me/api/portraits/thumb/men/72.jpg'}, 'nat': 'IR'}], 'info': {'seed': '35c63d95c93a895d', 'results': 1, 'page': 1, 'version': '1.4'}}</msg>
<arg>${json_data}</arg>
<doc>Logs the given message with the given level.</doc>
<status status="PASS" start="2024-06-18T03:17:41.623383" elapsed="0.000353"/>
</kw>
<kw name="Should Be Equal As Numbers" owner="BuiltIn">
<arg>${json_data['results'][0]['location']['postcode']}</arg>
<arg>${json_data['results'][0]['location']['postcode']}</arg>
<doc>Fails if objects are unequal after converting them to real numbers.</doc>
<status status="PASS" start="2024-06-18T03:17:41.624200" elapsed="0.001092"/>
</kw>
<kw name="Log" owner="BuiltIn">
<msg time="2024-06-18T03:17:41.626199" level="INFO">33048</msg>
<arg>${json_data['results'][0]['location']['postcode']}</arg>
<doc>Logs the given message with the given level.</doc>
<status status="PASS" start="2024-06-18T03:17:41.625620" elapsed="0.000647"/>
</kw>
<status status="PASS" start="2024-06-18T03:17:41.530501" elapsed="0.096211"/>
</kw>
<doc>Testa se os tipos de dados na resposta da API estão corretos.</doc>
<tag>testeTiposDados</tag>
<status status="PASS" start="2024-06-18T03:17:41.427100" elapsed="0.199854"/>
</test>
<test id="s1-s1-t5" name="Validar conteudo" line="35">
<kw name="Teste de Tipos de Conteudo" owner="random-user-service">
<kw name="GET On Session" owner="RequestsLibrary">
<msg time="2024-06-18T03:17:41.714659" level="INFO">GET Request : url=https://randomuser.me/api 
 path_url=/api 
 headers={'User-Agent': 'python-requests/2.32.3', 'Accept-Encoding': 'gzip, deflate', 'Accept': '*/*', 'Connection': 'keep-alive'} 
 body=None 
 </msg>
<msg time="2024-06-18T03:17:41.714765" level="INFO">GET Response : url=https://randomuser.me/api 
 status=200, reason=OK 
 headers={'Date': 'Tue, 18 Jun 2024 03:17:41 GMT', 'Content-Type': 'application/json; charset=utf-8', 'Transfer-Encoding': 'chunked', 'Connection': 'keep-alive', 'X-Powered-By': 'Express', 'Access-Control-Allow-Origin': '*', 'Cache-Control': 'no-cache', 'ETag': 'W/"496-by/aLX2DdUfv2wqAdzhL4F4YO/M"', 'Vary': 'Accept-Encoding', 'Content-Encoding': 'gzip', 'CF-Cache-Status': 'DYNAMIC', 'Report-To': '{"endpoints":[{"url":"https:\\/\\/a.nel.cloudflare.com\\/report\\/v4?s=XU7VaOPx4lkFEqblAsvdpUzNv3Fz2b6RSFntKbcBjZjpI%2FLxLRMvaAJanrI%2FPHLQu5LJ7eUzRqNxN7YPmQ4yaVC2qedCLMkcb40r%2BjRv%2FeZjKc07HIoSMwjrhgdvt2Cm"}],"group":"cf-nel","max_age":604800}', 'NEL': '{"success_fraction":0,"report_to":"cf-nel","max_age":604800}', 'Server': 'cloudflare', 'CF-RAY': '895820b73c97fa92-SJC', 'alt-svc': 'h3=":443"; ma=86400'} 
 body={"results":[{"gender":"female","name":{"title":"Miss","first":"Blanca","last":"Gómez"},"location":{"street":{"number":2019,"name":"Calle Mota"},"city":"Madrid","state":"Islas Baleares","country":"Spain","postcode":68141,"coordinates":{"latitude":"-34.9772","longitude":"166.8192"},"timezone":{"offset":"+5:30","description":"Bombay, Calcutta, Madras, New Delhi"}},"email":"blanca.gomez@example.com","login":{"uuid":"253b3d8b-a5b5-4315-9d99-affa5676e16a","username":"purpleostrich999","password":"mariposa","salt":"wTvmduKZ","md5":"fdd6e0e03b639eab137d5a1542219ac6","sha1":"b87580b5e66dc59d7d377476552b59b2af75d18c","sha256":"f5b9ebde246a2102eaf796efe5a1873844b1c3719e056943dc874ba78868201c"},"dob":{"date":"1999-04-04T18:07:53.169Z","age":25},"registered":{"date":"2015-08-11T05:30:36.505Z","age":8},"phone":"944-490-365","cell":"624-822-044","id":{"name":"DNI","value":"92117859-H"},"picture":{"large":"https://randomuser.me/api/portraits/women/33.jpg","medium":"https://randomuser.me/api/portraits/med/women/33.jpg","thumbnail":"https://randomuser.me/api/portraits/thumb/women/33.jpg"},"nat":"ES"}],"info":{"seed":"dd8eac8598c41c7c","results":1,"page":1,"version":"1.4"}} 
 </msg>
<msg time="2024-06-18T03:17:41.714844" level="INFO">/opt/hostedtoolcache/Python/3.12.3/x64/lib/python3.12/site-packages/urllib3/connectionpool.py:1099: InsecureRequestWarning: Unverified HTTPS request is being made to host 'randomuser.me'. Adding certificate verification is strongly advised. See: https://urllib3.readthedocs.io/en/latest/advanced-usage.html#tls-warnings
  warnings.warn(</msg>
<msg time="2024-06-18T03:17:41.714971" level="INFO">${response} = &lt;Response [200]&gt;</msg>
<var>${response}</var>
<arg>consultarAPI</arg>
<arg>/api</arg>
<doc>Sends a GET request on a previously created HTTP Session.</doc>
<status status="PASS" start="2024-06-18T03:17:41.629581" elapsed="0.085434"/>
</kw>
<kw name="Set Variable" owner="BuiltIn">
<msg time="2024-06-18T03:17:41.716079" level="INFO">${json_data} = {'results': [{'gender': 'female', 'name': {'title': 'Miss', 'first': 'Blanca', 'last': 'Gómez'}, 'location': {'street': {'number': 2019, 'name': 'Calle Mota'}, 'city': 'Madrid', 'state': 'Islas Balear...</msg>
<var>${json_data}</var>
<arg>${response.json()}</arg>
<doc>Returns the given values which can then be assigned to a variables.</doc>
<status status="PASS" start="2024-06-18T03:17:41.715542" elapsed="0.000568"/>
</kw>
<kw name="Set Variable" owner="BuiltIn">
<msg time="2024-06-18T03:17:41.716833" level="INFO">${name_title} = Miss</msg>
<var>${name_title}</var>
<arg>${json_data["results"][0]["name"]["title"]}</arg>
<doc>Returns the given values which can then be assigned to a variables.</doc>
<status status="PASS" start="2024-06-18T03:17:41.716432" elapsed="0.000428"/>
</kw>
<kw name="Create List" owner="BuiltIn">
<msg time="2024-06-18T03:17:41.717361" level="INFO">${allowed_titles} = ['Mr', 'Ms', 'Miss', 'Mrs', 'Madame', 'Monsieur']</msg>
<var>${allowed_titles}</var>
<arg>Mr</arg>
<arg>Ms</arg>
<arg>Miss</arg>
<arg>Mrs</arg>
<arg>Madame</arg>
<arg>Monsieur</arg>
<doc>Returns a list containing given items.</doc>
<status status="PASS" start="2024-06-18T03:17:41.717204" elapsed="0.000182"/>
</kw>
<kw name="List Should Contain Value" owner="Collections">
<arg>${allowed_titles}</arg>
<arg>${name_title}</arg>
<doc>Fails if the ``value`` is not found from ``list``.</doc>
<status status="PASS" start="2024-06-18T03:17:41.717701" elapsed="0.000184"/>
</kw>
<kw name="Set Variable" owner="BuiltIn">
<msg time="2024-06-18T03:17:41.718464" level="INFO">${name_country} = ES</msg>
<var>${name_country}</var>
<arg>${json_data["results"][0]["nat"]}</arg>
<doc>Returns the given values which can then be assigned to a variables.</doc>
<status status="PASS" start="2024-06-18T03:17:41.718068" elapsed="0.000422"/>
</kw>
<kw name="Create List" owner="BuiltIn">
<msg time="2024-06-18T03:17:41.719416" level="INFO">${list_country} = ['AD', 'AE', 'AF', 'AG', 'AI', 'AL', 'AM', 'AO', 'AQ', 'AR', 'AS', 'AT', 'AU', 'AW', 'AX', 'AZ', 'BA', 'BB', 'BD', 'BE', 'BF', 'BG', 'BH', 'BI', 'BJ', 'BL', 'BM', 'BN', 'BO', 'BQ', 'BR', 'BS', 'BT', '...</msg>
<var>${list_country}</var>
<arg>AD</arg>
<arg>AE</arg>
<arg>AF</arg>
<arg>AG</arg>
<arg>AI</arg>
<arg>AL</arg>
<arg>AM</arg>
<arg>AO</arg>
<arg>AQ</arg>
<arg>AR</arg>
<arg>AS</arg>
<arg>AT</arg>
<arg>AU</arg>
<arg>AW</arg>
<arg>AX</arg>
<arg>AZ</arg>
<arg>BA</arg>
<arg>BB</arg>
<arg>BD</arg>
<arg>BE</arg>
<arg>BF</arg>
<arg>BG</arg>
<arg>BH</arg>
<arg>BI</arg>
<arg>BJ</arg>
<arg>BL</arg>
<arg>BM</arg>
<arg>BN</arg>
<arg>BO</arg>
<arg>BQ</arg>
<arg>BR</arg>
<arg>BS</arg>
<arg>BT</arg>
<arg>BV</arg>
<arg>BW</arg>
<arg>BY</arg>
<arg>BZ</arg>
<arg>CA</arg>
<arg>CC</arg>
<arg>CD</arg>
<arg>CF</arg>
<arg>CG</arg>
<arg>CH</arg>
<arg>CI</arg>
<arg>CK</arg>
<arg>CL</arg>
<arg>CM</arg>
<arg>CN</arg>
<arg>CO</arg>
<arg>CR</arg>
<arg>CU</arg>
<arg>CV</arg>
<arg>CW</arg>
<arg>CX</arg>
<arg>CY</arg>
<arg>CZ</arg>
<arg>DE</arg>
<arg>DJ</arg>
<arg>DK</arg>
<arg>DM</arg>
<arg>DO</arg>
<arg>DZ</arg>
<arg>EC</arg>
<arg>EE</arg>
<arg>EG</arg>
<arg>EH</arg>
<arg>ER</arg>
<arg>ES</arg>
<arg>ET</arg>
<arg>FI</arg>
<arg>FJ</arg>
<arg>FK</arg>
<arg>FM</arg>
<arg>FO</arg>
<arg>FR</arg>
<arg>GA</arg>
<arg>GB</arg>
<arg>GD</arg>
<arg>GE</arg>
<arg>GF</arg>
<arg>GG</arg>
<arg>GH</arg>
<arg>GI</arg>
<arg>GL</arg>
<arg>GM</arg>
<arg>GN</arg>
<arg>GP</arg>
<arg>GQ</arg>
<arg>GR</arg>
<arg>GS</arg>
<arg>GT</arg>
<arg>GU</arg>
<arg>GW</arg>
<arg>GY</arg>
<arg>HK</arg>
<arg>HM</arg>
<arg>HN</arg>
<arg>HR</arg>
<arg>HT</arg>
<arg>HU</arg>
<arg>ID</arg>
<arg>IE</arg>
<arg>IL</arg>
<arg>IM</arg>
<arg>IN</arg>
<arg>IO</arg>
<arg>IQ</arg>
<arg>IR</arg>
<arg>IS</arg>
<arg>IT</arg>
<arg>JE</arg>
<arg>JM</arg>
<arg>JO</arg>
<arg>JP</arg>
<arg>KE</arg>
<arg>KG</arg>
<arg>KH</arg>
<arg>KI</arg>
<arg>KM</arg>
<arg>KN</arg>
<arg>KP</arg>
<arg>KR</arg>
<arg>KW</arg>
<arg>KY</arg>
<arg>KZ</arg>
<arg>LA</arg>
<arg>LB</arg>
<arg>LC</arg>
<arg>LI</arg>
<arg>LK</arg>
<arg>LR</arg>
<arg>LS</arg>
<arg>LT</arg>
<arg>LU</arg>
<arg>LV</arg>
<arg>LY</arg>
<arg>MA</arg>
<arg>MC</arg>
<arg>MD</arg>
<arg>ME</arg>
<arg>MF</arg>
<arg>MG</arg>
<arg>MH</arg>
<arg>MK</arg>
<arg>ML</arg>
<arg>MM</arg>
<arg>MN</arg>
<arg>MO</arg>
<arg>MP</arg>
<arg>MQ</arg>
<arg>MR</arg>
<arg>MS</arg>
<arg>MT</arg>
<arg>MU</arg>
<arg>MV</arg>
<arg>MW</arg>
<arg>MX</arg>
<arg>MY</arg>
<arg>MZ</arg>
<arg>NA</arg>
<arg>NC</arg>
<arg>NE</arg>
<arg>NF</arg>
<arg>NG</arg>
<arg>NI</arg>
<arg>NL</arg>
<arg>NO</arg>
<arg>NP</arg>
<arg>NR</arg>
<arg>NU</arg>
<arg>NZ</arg>
<arg>OM</arg>
<arg>PA</arg>
<arg>PE</arg>
<arg>PF</arg>
<arg>PG</arg>
<arg>PH</arg>
<arg>PK</arg>
<arg>PL</arg>
<arg>PM</arg>
<arg>PN</arg>
<arg>PR</arg>
<arg>PS</arg>
<arg>PT</arg>
<arg>PW</arg>
<arg>PY</arg>
<arg>QA</arg>
<arg>RE</arg>
<arg>RO</arg>
<arg>RS</arg>
<arg>RU</arg>
<arg>RW</arg>
<arg>SA</arg>
<arg>SB</arg>
<arg>SC</arg>
<arg>SD</arg>
<arg>SE</arg>
<arg>SG</arg>
<arg>SH</arg>
<arg>SI</arg>
<arg>SJ</arg>
<arg>SK</arg>
<arg>SL</arg>
<arg>SM</arg>
<arg>SN</arg>
<arg>SO</arg>
<arg>SR</arg>
<arg>SS</arg>
<arg>ST</arg>
<arg>SV</arg>
<arg>SX</arg>
<arg>SY</arg>
<arg>SZ</arg>
<arg>TC</arg>
<arg>TD</arg>
<arg>TF</arg>
<arg>TG</arg>
<arg>TH</arg>
<arg>TJ</arg>
<arg>TK</arg>
<arg>TL</arg>
<arg>TM</arg>
<arg>TN</arg>
<arg>TO</arg>
<arg>TR</arg>
<arg>TT</arg>
<arg>TV</arg>
<arg>TW</arg>
<arg>TZ</arg>
<arg>UA</arg>
<arg>UG</arg>
<arg>UM</arg>
<arg>US</arg>
<arg>UY</arg>
<arg>UZ</arg>
<arg>VA</arg>
<arg>VC</arg>
<arg>VE</arg>
<arg>VG</arg>
<arg>VI</arg>
<arg>VN</arg>
<arg>VU</arg>
<arg>WF</arg>
<arg>WS</arg>
<arg>XK</arg>
<arg>YE</arg>
<arg>YT</arg>
<arg>ZA</arg>
<arg>ZM</arg>
<arg>ZW</arg>
<doc>Returns a list containing given items.</doc>
<status status="PASS" start="2024-06-18T03:17:41.718791" elapsed="0.000651"/>
</kw>
<kw name="List Should Contain Value" owner="Collections">
<arg>${list_country}</arg>
<arg>${name_country}</arg>
<doc>Fails if the ``value`` is not found from ``list``.</doc>
<status status="PASS" start="2024-06-18T03:17:41.720250" elapsed="0.000221"/>
</kw>
<kw name="Run Keyword If" owner="BuiltIn">
<kw name="Should Be True" owner="BuiltIn">
<arg>${True}</arg>
<doc>Fails if the given condition is not true.</doc>
<status status="PASS" start="2024-06-18T03:17:41.721596" elapsed="0.000154"/>
</kw>
<arg>${json_data["results"][0]["location"]["coordinates"]["latitude"]} &gt;= -90 and ${json_data["results"][0]["location"]["coordinates"]["latitude"]} &lt;= 90</arg>
<arg>Should Be True</arg>
<arg>${True}</arg>
<doc>Runs the given keyword with the given arguments, if ``condition`` is true.</doc>
<status status="PASS" start="2024-06-18T03:17:41.720673" elapsed="0.001211"/>
</kw>
<kw name="Run Keyword If" owner="BuiltIn">
<kw name="Should Be True" owner="BuiltIn">
<arg>${True}</arg>
<doc>Fails if the given condition is not true.</doc>
<status status="PASS" start="2024-06-18T03:17:41.722800" elapsed="0.000143"/>
</kw>
<arg>${json_data["results"][0]["location"]["coordinates"]["longitude"]} &gt;= -180 and ${json_data["results"][0]["location"]["coordinates"]["longitude"]} &lt;= 180</arg>
<arg>Should Be True</arg>
<arg>${True}</arg>
<doc>Runs the given keyword with the given arguments, if ``condition`` is true.</doc>
<status status="PASS" start="2024-06-18T03:17:41.722076" elapsed="0.000996"/>
</kw>
<status status="PASS" start="2024-06-18T03:17:41.629337" elapsed="0.093873"/>
</kw>
<doc>Testa o conteúdo específico dos campos retornados pela API.</doc>
<tag>testeConteudo</tag>
<status status="PASS" start="2024-06-18T03:17:41.628767" elapsed="0.094606"/>
</test>
<status status="PASS" start="2024-06-18T03:17:40.714688" elapsed="1.010793"/>
</suite>
<status status="PASS" start="2024-06-18T03:17:40.700113" elapsed="1.030590"/>
</suite>
<statistics>
<total>
<stat pass="5" fail="0" skip="0">All Tests</stat>
</total>
<tag>
<stat pass="1" fail="0" skip="0">testeConteudo</stat>
<stat pass="1" fail="0" skip="0">testeEstruturaResposta</stat>
<stat pass="1" fail="0" skip="0">testeRequisicaoBasica</stat>
<stat pass="1" fail="0" skip="0">testeTiposDados</stat>
</tag>
<suite>
<stat pass="5" fail="0" skip="0" id="s1" name="Tests">Tests</stat>
<stat pass="5" fail="0" skip="0" id="s1-s1" name="Random-User-Test">Tests.Random-User-Test</stat>
</suite>
</statistics>
<errors>
</errors>
</robot>
