<?xml version="1.0" encoding="UTF-8"?>
<robot generator="Robot 7.0.1 (Python 3.12.4 on linux)" generated="2024-08-06T02:34:46.184442" rpa="false" schemaversion="5">
<suite id="s1" name="Tests" source="/home/runner/work/ApiRandomUser/ApiRandomUser/RamdonUser/tests">
<suite id="s1-s1" name="Random-User-Test" source="/home/runner/work/ApiRandomUser/ApiRandomUser/RamdonUser/tests/random-user-test.robot">
<test id="s1-s1-t1" name="Conectar" line="13">
<kw name="Conectar API" owner="random-user-service">
<kw name="Create Session" owner="RequestsLibrary">
<msg time="2024-08-06T02:34:46.582374" level="INFO">Creating Session using : alias=consultarAPI, url=https://randomuser.me/, headers={},                     cookies={}, auth=None, timeout=None, proxies=None, verify=False,                     debug=0 </msg>
<arg>consultarAPI</arg>
<arg>${URL}</arg>
<doc>Create Session: create a HTTP session to a server</doc>
<status status="PASS" start="2024-08-06T02:34:46.582185" elapsed="0.000356"/>
</kw>
<status status="PASS" start="2024-08-06T02:34:46.581190" elapsed="0.001688"/>
</kw>
<status status="PASS" start="2024-08-06T02:34:46.580588" elapsed="0.002493"/>
</test>
<test id="s1-s1-t2" name="Validar retorno 200 e JSON Válido" line="16">
<kw name="Teste de Requisicao Basica" owner="random-user-service">
<kw name="GET On Session" owner="RequestsLibrary">
<msg time="2024-08-06T02:34:46.744467" level="INFO">GET Request : url=https://randomuser.me/api 
 path_url=/api 
 headers={'User-Agent': 'python-requests/2.32.3', 'Accept-Encoding': 'gzip, deflate', 'Accept': '*/*', 'Connection': 'keep-alive'} 
 body=None 
 </msg>
<msg time="2024-08-06T02:34:46.744581" level="INFO">GET Response : url=https://randomuser.me/api 
 status=200, reason=OK 
 headers={'Date': 'Tue, 06 Aug 2024 02:34:46 GMT', 'Content-Type': 'application/json; charset=utf-8', 'Transfer-Encoding': 'chunked', 'Connection': 'keep-alive', 'X-Powered-By': 'Express', 'Access-Control-Allow-Origin': '*', 'Cache-Control': 'no-cache', 'ETag': 'W/"483-23rKZIeltnzTaKrbY3kMcePHqkM"', 'Vary': 'Accept-Encoding', 'Content-Encoding': 'gzip', 'CF-Cache-Status': 'DYNAMIC', 'Report-To': '{"endpoints":[{"url":"https:\\/\\/a.nel.cloudflare.com\\/report\\/v4?s=uEvhytB0JgF7xa48Q%2BDCtIAoE%2FNIQ3n%2Bqs8rELKOtFI%2BekZlThc%2F43dan4XkpruMAgK%2FJbWWeuGNkqKGyG1gocYfM%2FDvXjF5Wi9mNWwoQ%2FROD4Mo16ZgHmDvcCn1lvw%2F"}],"group":"cf-nel","max_age":604800}', 'NEL': '{"success_fraction":0,"report_to":"cf-nel","max_age":604800}', 'Server': 'cloudflare', 'CF-RAY': '8aeba1395a1b22ff-ORD', 'alt-svc': 'h3=":443"; ma=86400'} 
 body={"results":[{"gender":"female","name":{"title":"Ms","first":"Isabella","last":"Denys"},"location":{"street":{"number":4285,"name":"Queen St"},"city":"Notre Dame de Lourdes","state":"Nunavut","country":"Canada","postcode":"I9I 1F7","coordinates":{"latitude":"-65.9532","longitude":"57.3889"},"timezone":{"offset":"+4:30","description":"Kabul"}},"email":"isabella.denys@example.com","login":{"uuid":"84aa6c99-b089-4fef-be66-39c9d5d54db2","username":"happyelephant640","password":"gggggg","salt":"aIJ849B5","md5":"4eb50d366f81f3e948dcc2c89fd4505e","sha1":"b833b2400bdd0a092ebfa7c5ffa62d3ff4f94eb1","sha256":"0c31ba2490be397c4c37adf0be3589503fdf3dd4c21374c07f34acff60ec345d"},"dob":{"date":"1988-01-05T16:15:00.448Z","age":36},"registered":{"date":"2014-02-24T22:00:42.906Z","age":10},"phone":"J83 H86-1328","cell":"D37 W70-7728","id":{"name":"SIN","value":"228032165"},"picture":{"large":"https://randomuser.me/api/portraits/women/84.jpg","medium":"https://randomuser.me/api/portraits/med/women/84.jpg","thumbnail":"https://randomuser.me/api/portraits/thumb/women/84.jpg"},"nat":"CA"}],"info":{"seed":"5e97afdfe2ae9117","results":1,"page":1,"version":"1.4"}} 
 </msg>
<msg time="2024-08-06T02:34:46.744655" level="INFO">/opt/hostedtoolcache/Python/3.12.4/x64/lib/python3.12/site-packages/urllib3/connectionpool.py:1099: InsecureRequestWarning: Unverified HTTPS request is being made to host 'randomuser.me'. Adding certificate verification is strongly advised. See: https://urllib3.readthedocs.io/en/latest/advanced-usage.html#tls-warnings
  warnings.warn(</msg>
<msg time="2024-08-06T02:34:46.744778" level="INFO">${response} = &lt;Response [200]&gt;</msg>
<var>${response}</var>
<arg>consultarAPI</arg>
<arg>/api</arg>
<doc>Sends a GET request on a previously created HTTP Session.</doc>
<status status="PASS" start="2024-08-06T02:34:46.585741" elapsed="0.159076"/>
</kw>
<kw name="Should Be Equal As Numbers" owner="BuiltIn">
<msg time="2024-08-06T02:34:46.745787" level="INFO">Argument types are:
&lt;class 'int'&gt;
&lt;class 'str'&gt;</msg>
<arg>${response.status_code}</arg>
<arg>200</arg>
<doc>Fails if objects are unequal after converting them to real numbers.</doc>
<status status="PASS" start="2024-08-06T02:34:46.745310" elapsed="0.000542"/>
</kw>
<kw name="Log" owner="BuiltIn">
<msg time="2024-08-06T02:34:46.746504" level="INFO">200</msg>
<arg>${response.status_code}</arg>
<doc>Logs the given message with the given level.</doc>
<status status="PASS" start="2024-08-06T02:34:46.746161" elapsed="0.000384"/>
</kw>
<kw name="Set Variable" owner="BuiltIn">
<msg time="2024-08-06T02:34:46.747278" level="INFO">${json_data} = {'results': [{'gender': 'female', 'name': {'title': 'Ms', 'first': 'Isabella', 'last': 'Denys'}, 'location': {'street': {'number': 4285, 'name': 'Queen St'}, 'city': 'Notre Dame de Lourdes', 'state': ...</msg>
<var>${json_data}</var>
<arg>${response.json()}</arg>
<doc>Returns the given values which can then be assigned to a variables.</doc>
<status status="PASS" start="2024-08-06T02:34:46.746846" elapsed="0.000460"/>
</kw>
<kw name="Dictionary Should Contain Key" owner="Collections">
<arg>${json_data}</arg>
<arg>results</arg>
<doc>Fails if ``key`` is not found from ``dictionary``.</doc>
<status status="PASS" start="2024-08-06T02:34:46.747669" elapsed="0.000291"/>
</kw>
<status status="PASS" start="2024-08-06T02:34:46.585503" elapsed="0.162610"/>
</kw>
<doc>Testa se a API responde corretamente e retorna um objeto JSON válido.</doc>
<tag>testeRequisicaoBasica</tag>
<status status="PASS" start="2024-08-06T02:34:46.584951" elapsed="0.163323"/>
</test>
<test id="s1-s1-t3" name="Validar estrutura de resposta" line="22">
<kw name="Teste de Estrutura de Resposta" owner="random-user-service">
<kw name="GET On Session" owner="RequestsLibrary">
<msg time="2024-08-06T02:34:46.845276" level="INFO">GET Request : url=https://randomuser.me/api 
 path_url=/api 
 headers={'User-Agent': 'python-requests/2.32.3', 'Accept-Encoding': 'gzip, deflate', 'Accept': '*/*', 'Connection': 'keep-alive'} 
 body=None 
 </msg>
<msg time="2024-08-06T02:34:46.845343" level="INFO">GET Response : url=https://randomuser.me/api 
 status=200, reason=OK 
 headers={'Date': 'Tue, 06 Aug 2024 02:34:46 GMT', 'Content-Type': 'application/json; charset=utf-8', 'Transfer-Encoding': 'chunked', 'Connection': 'keep-alive', 'X-Powered-By': 'Express', 'Access-Control-Allow-Origin': '*', 'Cache-Control': 'no-cache', 'ETag': 'W/"485-H+3AtaTLZWr9UkdEfVvBDs3s4NM"', 'Vary': 'Accept-Encoding', 'Content-Encoding': 'gzip', 'CF-Cache-Status': 'DYNAMIC', 'Report-To': '{"endpoints":[{"url":"https:\\/\\/a.nel.cloudflare.com\\/report\\/v4?s=X3yDE11sHOJJhn6LT4TIY1nfE4wdSQ7CbJ%2FJUJFcp5dlJuXMuIdhuHTENi359hzviZSV8cNQH0baU7s1%2BmelhH6NqQv1tCDSI5EhD3T0amaGgTTqCsmDeXY3nDD1KSQB"}],"group":"cf-nel","max_age":604800}', 'NEL': '{"success_fraction":0,"report_to":"cf-nel","max_age":604800}', 'Server': 'cloudflare', 'CF-RAY': '8aeba13a3b3822ff-ORD', 'alt-svc': 'h3=":443"; ma=86400'} 
 body={"results":[{"gender":"male","name":{"title":"Mr","first":"Želimir","last":"Ivkov"},"location":{"street":{"number":5764,"name":"Siluanova"},"city":"Rača","state":"Šumadija","country":"Serbia","postcode":54962,"coordinates":{"latitude":"57.0619","longitude":"-24.0113"},"timezone":{"offset":"+8:00","description":"Beijing, Perth, Singapore, Hong Kong"}},"email":"zelimir.ivkov@example.com","login":{"uuid":"f3d9cae7-701c-4204-b0aa-fb7fa16f1ea1","username":"redmouse972","password":"25802580","salt":"EbfVicsC","md5":"9dc4d642f1378c13e8f382d1f445c2e9","sha1":"8efd677745ed378f51b8f8e14ef2fa04f688c416","sha256":"4e58ec663d61338d949915ac2861b79760b33884f1e3858243199835374037fa"},"dob":{"date":"1986-12-07T11:02:18.282Z","age":37},"registered":{"date":"2011-08-27T09:17:03.199Z","age":12},"phone":"030-4908-606","cell":"064-9467-819","id":{"name":"SID","value":"608497866"},"picture":{"large":"https://randomuser.me/api/portraits/men/99.jpg","medium":"https://randomuser.me/api/portraits/med/men/99.jpg","thumbnail":"https://randomuser.me/api/portraits/thumb/men/99.jpg"},"nat":"RS"}],"info":{"seed":"077428a6f1759553","results":1,"page":1,"version":"1.4"}} 
 </msg>
<msg time="2024-08-06T02:34:46.845450" level="INFO">/opt/hostedtoolcache/Python/3.12.4/x64/lib/python3.12/site-packages/urllib3/connectionpool.py:1099: InsecureRequestWarning: Unverified HTTPS request is being made to host 'randomuser.me'. Adding certificate verification is strongly advised. See: https://urllib3.readthedocs.io/en/latest/advanced-usage.html#tls-warnings
  warnings.warn(</msg>
<msg time="2024-08-06T02:34:46.845545" level="INFO">${response} = &lt;Response [200]&gt;</msg>
<var>${response}</var>
<arg>consultarAPI</arg>
<arg>/api</arg>
<doc>Sends a GET request on a previously created HTTP Session.</doc>
<status status="PASS" start="2024-08-06T02:34:46.750869" elapsed="0.094716"/>
</kw>
<kw name="Set Variable" owner="BuiltIn">
<msg time="2024-08-06T02:34:46.846588" level="INFO">${json_data} = {'results': [{'gender': 'male', 'name': {'title': 'Mr', 'first': 'Želimir', 'last': 'Ivkov'}, 'location': {'street': {'number': 5764, 'name': 'Siluanova'}, 'city': 'Rača', 'state': 'Šumadija', 'countr...</msg>
<var>${json_data}</var>
<arg>${response.json()}</arg>
<doc>Returns the given values which can then be assigned to a variables.</doc>
<status status="PASS" start="2024-08-06T02:34:46.846029" elapsed="0.000590"/>
</kw>
<kw name="Log" owner="BuiltIn">
<msg time="2024-08-06T02:34:46.847090" level="INFO">{'results': [{'gender': 'male', 'name': {'title': 'Mr', 'first': 'Želimir', 'last': 'Ivkov'}, 'location': {'street': {'number': 5764, 'name': 'Siluanova'}, 'city': 'Rača', 'state': 'Šumadija', 'country': 'Serbia', 'postcode': 54962, 'coordinates': {'latitude': '57.0619', 'longitude': '-24.0113'}, 'timezone': {'offset': '+8:00', 'description': 'Beijing, Perth, Singapore, Hong Kong'}}, 'email': 'zelimir.ivkov@example.com', 'login': {'uuid': 'f3d9cae7-701c-4204-b0aa-fb7fa16f1ea1', 'username': 'redmouse972', 'password': '25802580', 'salt': 'EbfVicsC', 'md5': '9dc4d642f1378c13e8f382d1f445c2e9', 'sha1': '8efd677745ed378f51b8f8e14ef2fa04f688c416', 'sha256': '4e58ec663d61338d949915ac2861b79760b33884f1e3858243199835374037fa'}, 'dob': {'date': '1986-12-07T11:02:18.282Z', 'age': 37}, 'registered': {'date': '2011-08-27T09:17:03.199Z', 'age': 12}, 'phone': '030-4908-606', 'cell': '064-9467-819', 'id': {'name': 'SID', 'value': '608497866'}, 'picture': {'large': 'https://randomuser.me/api/portraits/men/99.jpg', 'medium': 'https://randomuser.me/api/portraits/med/men/99.jpg', 'thumbnail': 'https://randomuser.me/api/portraits/thumb/men/99.jpg'}, 'nat': 'RS'}], 'info': {'seed': '077428a6f1759553', 'results': 1, 'page': 1, 'version': '1.4'}}</msg>
<arg>${json_data}</arg>
<doc>Logs the given message with the given level.</doc>
<status status="PASS" start="2024-08-06T02:34:46.846927" elapsed="0.000214"/>
</kw>
<kw name="Dictionary Should Contain Key" owner="Collections">
<arg>${json_data}</arg>
<arg>results</arg>
<doc>Fails if ``key`` is not found from ``dictionary``.</doc>
<status status="PASS" start="2024-08-06T02:34:46.847467" elapsed="0.000163"/>
</kw>
<kw name="Should Not Be Empty" owner="BuiltIn">
<msg time="2024-08-06T02:34:46.847939" level="INFO">Length is 2.</msg>
<arg>${json_data}</arg>
<doc>Verifies that the given item is not empty.</doc>
<status status="PASS" start="2024-08-06T02:34:46.847813" elapsed="0.000164"/>
</kw>
<kw name="Create List" owner="BuiltIn">
<msg time="2024-08-06T02:34:46.848420" level="INFO">${expected_keys} = ['gender', 'name', 'location', 'email', 'login']</msg>
<var>${expected_keys}</var>
<arg>gender</arg>
<arg>name</arg>
<arg>location</arg>
<arg>email</arg>
<arg>login</arg>
<doc>Returns a list containing given items.</doc>
<status status="PASS" start="2024-08-06T02:34:46.848260" elapsed="0.000187"/>
</kw>
<for flavor="IN">
<iter>
<kw name="Dictionary Should Contain Key" owner="Collections">
<arg>${json_data['results'][0]}</arg>
<arg>${key}</arg>
<doc>Fails if ``key`` is not found from ``dictionary``.</doc>
<status status="PASS" start="2024-08-06T02:34:46.849015" elapsed="0.000394"/>
</kw>
<kw name="Log" owner="BuiltIn">
<msg time="2024-08-06T02:34:46.849959" level="INFO">{'gender': 'male', 'name': {'title': 'Mr', 'first': 'Želimir', 'last': 'Ivkov'}, 'location': {'street': {'number': 5764, 'name': 'Siluanova'}, 'city': 'Rača', 'state': 'Šumadija', 'country': 'Serbia', 'postcode': 54962, 'coordinates': {'latitude': '57.0619', 'longitude': '-24.0113'}, 'timezone': {'offset': '+8:00', 'description': 'Beijing, Perth, Singapore, Hong Kong'}}, 'email': 'zelimir.ivkov@example.com', 'login': {'uuid': 'f3d9cae7-701c-4204-b0aa-fb7fa16f1ea1', 'username': 'redmouse972', 'password': '25802580', 'salt': 'EbfVicsC', 'md5': '9dc4d642f1378c13e8f382d1f445c2e9', 'sha1': '8efd677745ed378f51b8f8e14ef2fa04f688c416', 'sha256': '4e58ec663d61338d949915ac2861b79760b33884f1e3858243199835374037fa'}, 'dob': {'date': '1986-12-07T11:02:18.282Z', 'age': 37}, 'registered': {'date': '2011-08-27T09:17:03.199Z', 'age': 12}, 'phone': '030-4908-606', 'cell': '064-9467-819', 'id': {'name': 'SID', 'value': '608497866'}, 'picture': {'large': 'https://randomuser.me/api/portraits/men/99.jpg', 'medium': 'https://randomuser.me/api/portraits/med/men/99.jpg', 'thumbnail': 'https://randomuser.me/api/portraits/thumb/men/99.jpg'}, 'nat': 'RS'}</msg>
<arg>${json_data['results'][0]}</arg>
<doc>Logs the given message with the given level.</doc>
<status status="PASS" start="2024-08-06T02:34:46.849595" elapsed="0.000415"/>
</kw>
<kw name="Log" owner="BuiltIn">
<msg time="2024-08-06T02:34:46.850435" level="INFO">gender</msg>
<arg>${key}</arg>
<doc>Logs the given message with the given level.</doc>
<status status="PASS" start="2024-08-06T02:34:46.850307" elapsed="0.000166"/>
</kw>
<var name="${key}">gender</var>
<status status="PASS" start="2024-08-06T02:34:46.848890" elapsed="0.001796"/>
</iter>
<iter>
<kw name="Dictionary Should Contain Key" owner="Collections">
<arg>${json_data['results'][0]}</arg>
<arg>${key}</arg>
<doc>Fails if ``key`` is not found from ``dictionary``.</doc>
<status status="PASS" start="2024-08-06T02:34:46.850978" elapsed="0.000391"/>
</kw>
<kw name="Log" owner="BuiltIn">
<msg time="2024-08-06T02:34:46.851933" level="INFO">{'gender': 'male', 'name': {'title': 'Mr', 'first': 'Želimir', 'last': 'Ivkov'}, 'location': {'street': {'number': 5764, 'name': 'Siluanova'}, 'city': 'Rača', 'state': 'Šumadija', 'country': 'Serbia', 'postcode': 54962, 'coordinates': {'latitude': '57.0619', 'longitude': '-24.0113'}, 'timezone': {'offset': '+8:00', 'description': 'Beijing, Perth, Singapore, Hong Kong'}}, 'email': 'zelimir.ivkov@example.com', 'login': {'uuid': 'f3d9cae7-701c-4204-b0aa-fb7fa16f1ea1', 'username': 'redmouse972', 'password': '25802580', 'salt': 'EbfVicsC', 'md5': '9dc4d642f1378c13e8f382d1f445c2e9', 'sha1': '8efd677745ed378f51b8f8e14ef2fa04f688c416', 'sha256': '4e58ec663d61338d949915ac2861b79760b33884f1e3858243199835374037fa'}, 'dob': {'date': '1986-12-07T11:02:18.282Z', 'age': 37}, 'registered': {'date': '2011-08-27T09:17:03.199Z', 'age': 12}, 'phone': '030-4908-606', 'cell': '064-9467-819', 'id': {'name': 'SID', 'value': '608497866'}, 'picture': {'large': 'https://randomuser.me/api/portraits/men/99.jpg', 'medium': 'https://randomuser.me/api/portraits/med/men/99.jpg', 'thumbnail': 'https://randomuser.me/api/portraits/thumb/men/99.jpg'}, 'nat': 'RS'}</msg>
<arg>${json_data['results'][0]}</arg>
<doc>Logs the given message with the given level.</doc>
<status status="PASS" start="2024-08-06T02:34:46.851583" elapsed="0.000433"/>
</kw>
<kw name="Log" owner="BuiltIn">
<msg time="2024-08-06T02:34:46.852450" level="INFO">name</msg>
<arg>${key}</arg>
<doc>Logs the given message with the given level.</doc>
<status status="PASS" start="2024-08-06T02:34:46.852312" elapsed="0.000176"/>
</kw>
<var name="${key}">name</var>
<status status="PASS" start="2024-08-06T02:34:46.850868" elapsed="0.001832"/>
</iter>
<iter>
<kw name="Dictionary Should Contain Key" owner="Collections">
<arg>${json_data['results'][0]}</arg>
<arg>${key}</arg>
<doc>Fails if ``key`` is not found from ``dictionary``.</doc>
<status status="PASS" start="2024-08-06T02:34:46.852984" elapsed="0.000395"/>
</kw>
<kw name="Log" owner="BuiltIn">
<msg time="2024-08-06T02:34:46.853924" level="INFO">{'gender': 'male', 'name': {'title': 'Mr', 'first': 'Želimir', 'last': 'Ivkov'}, 'location': {'street': {'number': 5764, 'name': 'Siluanova'}, 'city': 'Rača', 'state': 'Šumadija', 'country': 'Serbia', 'postcode': 54962, 'coordinates': {'latitude': '57.0619', 'longitude': '-24.0113'}, 'timezone': {'offset': '+8:00', 'description': 'Beijing, Perth, Singapore, Hong Kong'}}, 'email': 'zelimir.ivkov@example.com', 'login': {'uuid': 'f3d9cae7-701c-4204-b0aa-fb7fa16f1ea1', 'username': 'redmouse972', 'password': '25802580', 'salt': 'EbfVicsC', 'md5': '9dc4d642f1378c13e8f382d1f445c2e9', 'sha1': '8efd677745ed378f51b8f8e14ef2fa04f688c416', 'sha256': '4e58ec663d61338d949915ac2861b79760b33884f1e3858243199835374037fa'}, 'dob': {'date': '1986-12-07T11:02:18.282Z', 'age': 37}, 'registered': {'date': '2011-08-27T09:17:03.199Z', 'age': 12}, 'phone': '030-4908-606', 'cell': '064-9467-819', 'id': {'name': 'SID', 'value': '608497866'}, 'picture': {'large': 'https://randomuser.me/api/portraits/men/99.jpg', 'medium': 'https://randomuser.me/api/portraits/med/men/99.jpg', 'thumbnail': 'https://randomuser.me/api/portraits/thumb/men/99.jpg'}, 'nat': 'RS'}</msg>
<arg>${json_data['results'][0]}</arg>
<doc>Logs the given message with the given level.</doc>
<status status="PASS" start="2024-08-06T02:34:46.853574" elapsed="0.000400"/>
</kw>
<kw name="Log" owner="BuiltIn">
<msg time="2024-08-06T02:34:46.854395" level="INFO">location</msg>
<arg>${key}</arg>
<doc>Logs the given message with the given level.</doc>
<status status="PASS" start="2024-08-06T02:34:46.854267" elapsed="0.000165"/>
</kw>
<var name="${key}">location</var>
<status status="PASS" start="2024-08-06T02:34:46.852875" elapsed="0.001781"/>
</iter>
<iter>
<kw name="Dictionary Should Contain Key" owner="Collections">
<arg>${json_data['results'][0]}</arg>
<arg>${key}</arg>
<doc>Fails if ``key`` is not found from ``dictionary``.</doc>
<status status="PASS" start="2024-08-06T02:34:46.854935" elapsed="0.000384"/>
</kw>
<kw name="Log" owner="BuiltIn">
<msg time="2024-08-06T02:34:46.856017" level="INFO">{'gender': 'male', 'name': {'title': 'Mr', 'first': 'Želimir', 'last': 'Ivkov'}, 'location': {'street': {'number': 5764, 'name': 'Siluanova'}, 'city': 'Rača', 'state': 'Šumadija', 'country': 'Serbia', 'postcode': 54962, 'coordinates': {'latitude': '57.0619', 'longitude': '-24.0113'}, 'timezone': {'offset': '+8:00', 'description': 'Beijing, Perth, Singapore, Hong Kong'}}, 'email': 'zelimir.ivkov@example.com', 'login': {'uuid': 'f3d9cae7-701c-4204-b0aa-fb7fa16f1ea1', 'username': 'redmouse972', 'password': '25802580', 'salt': 'EbfVicsC', 'md5': '9dc4d642f1378c13e8f382d1f445c2e9', 'sha1': '8efd677745ed378f51b8f8e14ef2fa04f688c416', 'sha256': '4e58ec663d61338d949915ac2861b79760b33884f1e3858243199835374037fa'}, 'dob': {'date': '1986-12-07T11:02:18.282Z', 'age': 37}, 'registered': {'date': '2011-08-27T09:17:03.199Z', 'age': 12}, 'phone': '030-4908-606', 'cell': '064-9467-819', 'id': {'name': 'SID', 'value': '608497866'}, 'picture': {'large': 'https://randomuser.me/api/portraits/men/99.jpg', 'medium': 'https://randomuser.me/api/portraits/med/men/99.jpg', 'thumbnail': 'https://randomuser.me/api/portraits/thumb/men/99.jpg'}, 'nat': 'RS'}</msg>
<arg>${json_data['results'][0]}</arg>
<doc>Logs the given message with the given level.</doc>
<status status="PASS" start="2024-08-06T02:34:46.855656" elapsed="0.000412"/>
</kw>
<kw name="Log" owner="BuiltIn">
<msg time="2024-08-06T02:34:46.856494" level="INFO">email</msg>
<arg>${key}</arg>
<doc>Logs the given message with the given level.</doc>
<status status="PASS" start="2024-08-06T02:34:46.856365" elapsed="0.000173"/>
</kw>
<var name="${key}">email</var>
<status status="PASS" start="2024-08-06T02:34:46.854828" elapsed="0.001926"/>
</iter>
<iter>
<kw name="Dictionary Should Contain Key" owner="Collections">
<arg>${json_data['results'][0]}</arg>
<arg>${key}</arg>
<doc>Fails if ``key`` is not found from ``dictionary``.</doc>
<status status="PASS" start="2024-08-06T02:34:46.857032" elapsed="0.000374"/>
</kw>
<kw name="Log" owner="BuiltIn">
<msg time="2024-08-06T02:34:46.857938" level="INFO">{'gender': 'male', 'name': {'title': 'Mr', 'first': 'Želimir', 'last': 'Ivkov'}, 'location': {'street': {'number': 5764, 'name': 'Siluanova'}, 'city': 'Rača', 'state': 'Šumadija', 'country': 'Serbia', 'postcode': 54962, 'coordinates': {'latitude': '57.0619', 'longitude': '-24.0113'}, 'timezone': {'offset': '+8:00', 'description': 'Beijing, Perth, Singapore, Hong Kong'}}, 'email': 'zelimir.ivkov@example.com', 'login': {'uuid': 'f3d9cae7-701c-4204-b0aa-fb7fa16f1ea1', 'username': 'redmouse972', 'password': '25802580', 'salt': 'EbfVicsC', 'md5': '9dc4d642f1378c13e8f382d1f445c2e9', 'sha1': '8efd677745ed378f51b8f8e14ef2fa04f688c416', 'sha256': '4e58ec663d61338d949915ac2861b79760b33884f1e3858243199835374037fa'}, 'dob': {'date': '1986-12-07T11:02:18.282Z', 'age': 37}, 'registered': {'date': '2011-08-27T09:17:03.199Z', 'age': 12}, 'phone': '030-4908-606', 'cell': '064-9467-819', 'id': {'name': 'SID', 'value': '608497866'}, 'picture': {'large': 'https://randomuser.me/api/portraits/men/99.jpg', 'medium': 'https://randomuser.me/api/portraits/med/men/99.jpg', 'thumbnail': 'https://randomuser.me/api/portraits/thumb/men/99.jpg'}, 'nat': 'RS'}</msg>
<arg>${json_data['results'][0]}</arg>
<doc>Logs the given message with the given level.</doc>
<status status="PASS" start="2024-08-06T02:34:46.857585" elapsed="0.000402"/>
</kw>
<kw name="Log" owner="BuiltIn">
<msg time="2024-08-06T02:34:46.858405" level="INFO">login</msg>
<arg>${key}</arg>
<doc>Logs the given message with the given level.</doc>
<status status="PASS" start="2024-08-06T02:34:46.858278" elapsed="0.000163"/>
</kw>
<var name="${key}">login</var>
<status status="PASS" start="2024-08-06T02:34:46.856925" elapsed="0.001729"/>
</iter>
<var>${key}</var>
<value>@{expected_keys}</value>
<status status="PASS" start="2024-08-06T02:34:46.848711" elapsed="0.010061"/>
</for>
<kw name="Create List" owner="BuiltIn">
<msg time="2024-08-06T02:34:46.859087" level="INFO">${expected_keysTwo} = ['username', 'password']</msg>
<var>${expected_keysTwo}</var>
<arg>username</arg>
<arg>password</arg>
<doc>Returns a list containing given items.</doc>
<status status="PASS" start="2024-08-06T02:34:46.858955" elapsed="0.000156"/>
</kw>
<for flavor="IN">
<iter>
<kw name="Dictionary Should Contain Key" owner="Collections">
<arg>${json_data['results'][0]['login']}</arg>
<arg>${keyTwo}</arg>
<doc>Fails if ``key`` is not found from ``dictionary``.</doc>
<status status="PASS" start="2024-08-06T02:34:46.859655" elapsed="0.000375"/>
</kw>
<kw name="Dictionary Should Contain Key" owner="Collections">
<arg>${json_data['results'][0]['login']}</arg>
<arg>${keyTwo}</arg>
<doc>Fails if ``key`` is not found from ``dictionary``.</doc>
<status status="PASS" start="2024-08-06T02:34:46.860210" elapsed="0.000373"/>
</kw>
<kw name="Log" owner="BuiltIn">
<msg time="2024-08-06T02:34:46.860876" level="INFO">username</msg>
<arg>${keyTwo}</arg>
<doc>Logs the given message with the given level.</doc>
<status status="PASS" start="2024-08-06T02:34:46.860756" elapsed="0.000157"/>
</kw>
<var name="${keyTwo}">username</var>
<status status="PASS" start="2024-08-06T02:34:46.859547" elapsed="0.001586"/>
</iter>
<iter>
<kw name="Dictionary Should Contain Key" owner="Collections">
<arg>${json_data['results'][0]['login']}</arg>
<arg>${keyTwo}</arg>
<doc>Fails if ``key`` is not found from ``dictionary``.</doc>
<status status="PASS" start="2024-08-06T02:34:46.861411" elapsed="0.000388"/>
</kw>
<kw name="Dictionary Should Contain Key" owner="Collections">
<arg>${json_data['results'][0]['login']}</arg>
<arg>${keyTwo}</arg>
<doc>Fails if ``key`` is not found from ``dictionary``.</doc>
<status status="PASS" start="2024-08-06T02:34:46.861978" elapsed="0.000366"/>
</kw>
<kw name="Log" owner="BuiltIn">
<msg time="2024-08-06T02:34:46.862638" level="INFO">password</msg>
<arg>${keyTwo}</arg>
<doc>Logs the given message with the given level.</doc>
<status status="PASS" start="2024-08-06T02:34:46.862520" elapsed="0.000155"/>
</kw>
<var name="${keyTwo}">password</var>
<status status="PASS" start="2024-08-06T02:34:46.861305" elapsed="0.001586"/>
</iter>
<var>${keyTwo}</var>
<value>@{expected_keysTwo}</value>
<status status="PASS" start="2024-08-06T02:34:46.859364" elapsed="0.003646"/>
</for>
<status status="PASS" start="2024-08-06T02:34:46.750639" elapsed="0.112507"/>
</kw>
<doc>Testa a estrutura da resposta da API.</doc>
<tag>testeEstruturaResposta</tag>
<status status="PASS" start="2024-08-06T02:34:46.750083" elapsed="0.113214"/>
</test>
<test id="s1-s1-t4" name="Validar tipos de dados" line="28">
<kw name="Teste de Tipos de Dados" owner="random-user-service">
<kw name="GET On Session" owner="RequestsLibrary">
<msg time="2024-08-06T02:34:46.941247" level="INFO">GET Request : url=https://randomuser.me/api 
 path_url=/api 
 headers={'User-Agent': 'python-requests/2.32.3', 'Accept-Encoding': 'gzip, deflate', 'Accept': '*/*', 'Connection': 'keep-alive'} 
 body=None 
 </msg>
<msg time="2024-08-06T02:34:46.941308" level="INFO">GET Response : url=https://randomuser.me/api 
 status=200, reason=OK 
 headers={'Date': 'Tue, 06 Aug 2024 02:34:46 GMT', 'Content-Type': 'application/json; charset=utf-8', 'Transfer-Encoding': 'chunked', 'Connection': 'keep-alive', 'X-Powered-By': 'Express', 'Access-Control-Allow-Origin': '*', 'Cache-Control': 'no-cache', 'ETag': 'W/"48a-OC0+KG5OX49nqi/Q/x/7TOkzJFI"', 'Vary': 'Accept-Encoding', 'Content-Encoding': 'gzip', 'cf-cache-status': 'DYNAMIC', 'Report-To': '{"endpoints":[{"url":"https:\\/\\/a.nel.cloudflare.com\\/report\\/v4?s=Sj%2FJYiPTg3RQwVfN0GmUfuOgPgArYJwCFGLPgo3%2BGqa1uDPMG26TutJmKOAp3eIIDTo40VAsrAMOL1qK5H6%2BOI%2FJ1ky%2BeXKtJ2XeOjo5RpVIhFPkjbAudbi%2Bw4i6EEMI"}],"group":"cf-nel","max_age":604800}', 'NEL': '{"success_fraction":0,"report_to":"cf-nel","max_age":604800}', 'Server': 'cloudflare', 'CF-RAY': '8aeba13aec6122ff-ORD', 'alt-svc': 'h3=":443"; ma=86400'} 
 body={"results":[{"gender":"male","name":{"title":"Mr","first":"Zeferino","last":"Figueroa"},"location":{"street":{"number":8032,"name":"Privada Nevárez"},"city":"La Concepción","state":"Quintana Roo","country":"Mexico","postcode":43666,"coordinates":{"latitude":"28.5127","longitude":"-11.1958"},"timezone":{"offset":"-10:00","description":"Hawaii"}},"email":"zeferino.figueroa@example.com","login":{"uuid":"f51cd6b5-eb8e-4a8e-8495-d773176f96a4","username":"purplefrog841","password":"doug","salt":"4UH3PG4a","md5":"466d4272c6b236957d6432b579a195d8","sha1":"1d760c5f7bf96b31583d81ca5f9eebb515eff9a4","sha256":"4d343aca4b9a4669139a0db182bf60f27217c8b205accb8d7c1afa373c78ba1f"},"dob":{"date":"1972-03-10T16:37:03.404Z","age":52},"registered":{"date":"2012-01-26T04:52:35.307Z","age":12},"phone":"(604) 496 4624","cell":"(608) 278 9654","id":{"name":"NSS","value":"92 59 19 7352 8"},"picture":{"large":"https://randomuser.me/api/portraits/men/24.jpg","medium":"https://randomuser.me/api/portraits/med/men/24.jpg","thumbnail":"https://randomuser.me/api/portraits/thumb/men/24.jpg"},"nat":"MX"}],"info":{"seed":"e0b8e22a3d84aabd","results":1,"page":1,"version":"1.4"}} 
 </msg>
<msg time="2024-08-06T02:34:46.941368" level="INFO">/opt/hostedtoolcache/Python/3.12.4/x64/lib/python3.12/site-packages/urllib3/connectionpool.py:1099: InsecureRequestWarning: Unverified HTTPS request is being made to host 'randomuser.me'. Adding certificate verification is strongly advised. See: https://urllib3.readthedocs.io/en/latest/advanced-usage.html#tls-warnings
  warnings.warn(</msg>
<msg time="2024-08-06T02:34:46.941456" level="INFO">${response} = &lt;Response [200]&gt;</msg>
<var>${response}</var>
<arg>consultarAPI</arg>
<arg>/api</arg>
<doc>Sends a GET request on a previously created HTTP Session.</doc>
<status status="PASS" start="2024-08-06T02:34:46.865745" elapsed="0.075751"/>
</kw>
<kw name="Set Variable" owner="BuiltIn">
<msg time="2024-08-06T02:34:46.942490" level="INFO">${json_data} = {'results': [{'gender': 'male', 'name': {'title': 'Mr', 'first': 'Zeferino', 'last': 'Figueroa'}, 'location': {'street': {'number': 8032, 'name': 'Privada Nevárez'}, 'city': 'La Concepción', 'state': ...</msg>
<var>${json_data}</var>
<arg>${response.json()}</arg>
<doc>Returns the given values which can then be assigned to a variables.</doc>
<status status="PASS" start="2024-08-06T02:34:46.941934" elapsed="0.000586"/>
</kw>
<kw name="Log" owner="BuiltIn">
<msg time="2024-08-06T02:34:46.942986" level="INFO">{'results': [{'gender': 'male', 'name': {'title': 'Mr', 'first': 'Zeferino', 'last': 'Figueroa'}, 'location': {'street': {'number': 8032, 'name': 'Privada Nevárez'}, 'city': 'La Concepción', 'state': 'Quintana Roo', 'country': 'Mexico', 'postcode': 43666, 'coordinates': {'latitude': '28.5127', 'longitude': '-11.1958'}, 'timezone': {'offset': '-10:00', 'description': 'Hawaii'}}, 'email': 'zeferino.figueroa@example.com', 'login': {'uuid': 'f51cd6b5-eb8e-4a8e-8495-d773176f96a4', 'username': 'purplefrog841', 'password': 'doug', 'salt': '4UH3PG4a', 'md5': '466d4272c6b236957d6432b579a195d8', 'sha1': '1d760c5f7bf96b31583d81ca5f9eebb515eff9a4', 'sha256': '4d343aca4b9a4669139a0db182bf60f27217c8b205accb8d7c1afa373c78ba1f'}, 'dob': {'date': '1972-03-10T16:37:03.404Z', 'age': 52}, 'registered': {'date': '2012-01-26T04:52:35.307Z', 'age': 12}, 'phone': '(604) 496 4624', 'cell': '(608) 278 9654', 'id': {'name': 'NSS', 'value': '92 59 19 7352 8'}, 'picture': {'large': 'https://randomuser.me/api/portraits/men/24.jpg', 'medium': 'https://randomuser.me/api/portraits/med/men/24.jpg', 'thumbnail': 'https://randomuser.me/api/portraits/thumb/men/24.jpg'}, 'nat': 'MX'}], 'info': {'seed': 'e0b8e22a3d84aabd', 'results': 1, 'page': 1, 'version': '1.4'}}</msg>
<arg>${json_data}</arg>
<doc>Logs the given message with the given level.</doc>
<status status="PASS" start="2024-08-06T02:34:46.942823" elapsed="0.000211"/>
</kw>
<kw name="Should Be String" owner="String">
<arg>${json_data['results'][0]['gender']}</arg>
<doc>Fails if the given ``item`` is not a string.</doc>
<status status="PASS" start="2024-08-06T02:34:46.943321" elapsed="0.000384"/>
</kw>
<kw name="Should Match Regexp" owner="BuiltIn">
<arg>${json_data['results'][0]['email']}</arg>
<arg>^[a-zA-Z0-9._%+-]+@[a-zA-Z0-9.-]+\.[a-zA-Z]{2,}$</arg>
<doc>Fails if ``string`` does not match ``pattern`` as a regular expression.</doc>
<status status="PASS" start="2024-08-06T02:34:46.943902" elapsed="0.000504"/>
</kw>
<kw name="Should Match Regexp" owner="BuiltIn">
<arg>${json_data['results'][0]['dob']['date']}</arg>
<arg>\\d{4}-\\d{2}-\\d{2}T\\d{2}:\\d{2}:\\d{2}\\.\\d{3}Z</arg>
<doc>Fails if ``string`` does not match ``pattern`` as a regular expression.</doc>
<status status="PASS" start="2024-08-06T02:34:46.944631" elapsed="0.000583"/>
</kw>
<kw name="Should Match Regexp" owner="BuiltIn">
<arg>${json_data['results'][0]['registered']['date']}</arg>
<arg>\\d{4}-\\d{2}-\\d{2}T\\d{2}:\\d{2}:\\d{2}\\.\\d{3}Z</arg>
<doc>Fails if ``string`` does not match ``pattern`` as a regular expression.</doc>
<status status="PASS" start="2024-08-06T02:34:46.945405" elapsed="0.000367"/>
</kw>
<kw name="Should Match Regexp" owner="BuiltIn">
<arg>${json_data['results'][0]['picture']['large']}</arg>
<arg>^https?://.*\.(?:png|jpe?g|gif|bmp)$</arg>
<doc>Fails if ``string`` does not match ``pattern`` as a regular expression.</doc>
<status status="PASS" start="2024-08-06T02:34:46.945955" elapsed="0.000464"/>
</kw>
<kw name="Should Match Regexp" owner="BuiltIn">
<arg>${json_data['results'][0]['picture']['medium']}</arg>
<arg>^https?://.*\.(?:png|jpe?g|gif|bmp)$</arg>
<doc>Fails if ``string`` does not match ``pattern`` as a regular expression.</doc>
<status status="PASS" start="2024-08-06T02:34:46.946614" elapsed="0.000351"/>
</kw>
<kw name="Should Match Regexp" owner="BuiltIn">
<arg>${json_data['results'][0]['picture']['thumbnail']}</arg>
<arg>^https?://.*\.(?:png|jpe?g|gif|bmp)$</arg>
<doc>Fails if ``string`` does not match ``pattern`` as a regular expression.</doc>
<status status="PASS" start="2024-08-06T02:34:46.947148" elapsed="0.000382"/>
</kw>
<kw name="Log" owner="BuiltIn">
<msg time="2024-08-06T02:34:46.948062" level="INFO">{'large': 'https://randomuser.me/api/portraits/men/24.jpg', 'medium': 'https://randomuser.me/api/portraits/med/men/24.jpg', 'thumbnail': 'https://randomuser.me/api/portraits/thumb/men/24.jpg'}</msg>
<arg>${json_data['results'][0]['picture']}</arg>
<doc>Logs the given message with the given level.</doc>
<status status="PASS" start="2024-08-06T02:34:46.947732" elapsed="0.000377"/>
</kw>
<status status="PASS" start="2024-08-06T02:34:46.865515" elapsed="0.082845"/>
</kw>
<kw name="Teste de Tipos de Dados - Postcode" owner="random-user-service">
<kw name="GET On Session" owner="RequestsLibrary">
<msg time="2024-08-06T02:34:47.068167" level="INFO">GET Request : url=https://randomuser.me/api 
 path_url=/api 
 headers={'User-Agent': 'python-requests/2.32.3', 'Accept-Encoding': 'gzip, deflate', 'Accept': '*/*', 'Connection': 'keep-alive'} 
 body=None 
 </msg>
<msg time="2024-08-06T02:34:47.068244" level="INFO">GET Response : url=https://randomuser.me/api 
 status=200, reason=OK 
 headers={'Date': 'Tue, 06 Aug 2024 02:34:47 GMT', 'Content-Type': 'application/json; charset=utf-8', 'Transfer-Encoding': 'chunked', 'Connection': 'keep-alive', 'X-Powered-By': 'Express', 'Access-Control-Allow-Origin': '*', 'Cache-Control': 'no-cache', 'ETag': 'W/"4a7-LKIjpkx924psSzOXP2N9TK/ICNU"', 'Vary': 'Accept-Encoding', 'Content-Encoding': 'gzip', 'CF-Cache-Status': 'DYNAMIC', 'Report-To': '{"endpoints":[{"url":"https:\\/\\/a.nel.cloudflare.com\\/report\\/v4?s=WuCv0TvXfe1hfTdQzJGghbUrpwsbAUzpmA4cP9eU%2BP2h9tCcebUqUJvTxOqHVOFFlW6lbP7EDV4LKSQsjQ8dI99HNgjQ1CmADexcccXrosBS87IQyr1c2FHvfdq2vLwi"}],"group":"cf-nel","max_age":604800}', 'NEL': '{"success_fraction":0,"report_to":"cf-nel","max_age":604800}', 'Server': 'cloudflare', 'CF-RAY': '8aeba13b6d7022ff-ORD', 'alt-svc': 'h3=":443"; ma=86400'} 
 body={"results":[{"gender":"male","name":{"title":"Mr","first":"عباس","last":"سهيلي راد"},"location":{"street":{"number":7386,"name":"کارگر"},"city":"رشت","state":"سیستان و بلوچستان","country":"Iran","postcode":15938,"coordinates":{"latitude":"16.6714","longitude":"-13.2511"},"timezone":{"offset":"0:00","description":"Western Europe Time, London, Lisbon, Casablanca"}},"email":"aabs.shylyrd@example.com","login":{"uuid":"957bf671-254d-4016-b91d-49f752b4b9d8","username":"bigsnake337","password":"magnolia","salt":"lvtZbfy8","md5":"64392751687eb8c6fbb1c97601577f73","sha1":"cc87ac5f5d7a6ac70c2deecd180c46e159cf34e7","sha256":"0667dd1b7b2ca4148db8aad036d077ce9c34d54413d5748f200ee084fb870b99"},"dob":{"date":"1978-09-18T09:23:05.632Z","age":45},"registered":{"date":"2021-02-26T19:34:59.223Z","age":3},"phone":"031-62758576","cell":"0975-061-4480","id":{"name":"","value":null},"picture":{"large":"https://randomuser.me/api/portraits/men/46.jpg","medium":"https://randomuser.me/api/portraits/med/men/46.jpg","thumbnail":"https://randomuser.me/api/portraits/thumb/men/46.jpg"},"nat":"IR"}],"info":{"seed":"aee7d59f243c42f7","results":1,"page":1,"version":"1.4"}} 
 </msg>
<msg time="2024-08-06T02:34:47.068316" level="INFO">/opt/hostedtoolcache/Python/3.12.4/x64/lib/python3.12/site-packages/urllib3/connectionpool.py:1099: InsecureRequestWarning: Unverified HTTPS request is being made to host 'randomuser.me'. Adding certificate verification is strongly advised. See: https://urllib3.readthedocs.io/en/latest/advanced-usage.html#tls-warnings
  warnings.warn(</msg>
<msg time="2024-08-06T02:34:47.068422" level="INFO">${response} = &lt;Response [200]&gt;</msg>
<var>${response}</var>
<arg>consultarAPI</arg>
<arg>/api</arg>
<doc>Sends a GET request on a previously created HTTP Session.</doc>
<status status="PASS" start="2024-08-06T02:34:46.948778" elapsed="0.119694"/>
</kw>
<kw name="Set Variable" owner="BuiltIn">
<msg time="2024-08-06T02:34:47.069571" level="INFO">${json_data} = {'results': [{'gender': 'male', 'name': {'title': 'Mr', 'first': 'عباس', 'last': 'سهيلي راد'}, 'location': {'street': {'number': 7386, 'name': 'کارگر'}, 'city': 'رشت', 'state': 'سیستان و بلوچستان', 'c...</msg>
<var>${json_data}</var>
<arg>${response.json()}</arg>
<doc>Returns the given values which can then be assigned to a variables.</doc>
<status status="PASS" start="2024-08-06T02:34:47.068975" elapsed="0.000627"/>
</kw>
<kw name="Log" owner="BuiltIn">
<msg time="2024-08-06T02:34:47.070070" level="INFO">{'results': [{'gender': 'male', 'name': {'title': 'Mr', 'first': 'عباس', 'last': 'سهيلي راد'}, 'location': {'street': {'number': 7386, 'name': 'کارگر'}, 'city': 'رشت', 'state': 'سیستان و بلوچستان', 'country': 'Iran', 'postcode': 15938, 'coordinates': {'latitude': '16.6714', 'longitude': '-13.2511'}, 'timezone': {'offset': '0:00', 'description': 'Western Europe Time, London, Lisbon, Casablanca'}}, 'email': 'aabs.shylyrd@example.com', 'login': {'uuid': '957bf671-254d-4016-b91d-49f752b4b9d8', 'username': 'bigsnake337', 'password': 'magnolia', 'salt': 'lvtZbfy8', 'md5': '64392751687eb8c6fbb1c97601577f73', 'sha1': 'cc87ac5f5d7a6ac70c2deecd180c46e159cf34e7', 'sha256': '0667dd1b7b2ca4148db8aad036d077ce9c34d54413d5748f200ee084fb870b99'}, 'dob': {'date': '1978-09-18T09:23:05.632Z', 'age': 45}, 'registered': {'date': '2021-02-26T19:34:59.223Z', 'age': 3}, 'phone': '031-62758576', 'cell': '0975-061-4480', 'id': {'name': '', 'value': None}, 'picture': {'large': 'https://randomuser.me/api/portraits/men/46.jpg', 'medium': 'https://randomuser.me/api/portraits/med/men/46.jpg', 'thumbnail': 'https://randomuser.me/api/portraits/thumb/men/46.jpg'}, 'nat': 'IR'}], 'info': {'seed': 'aee7d59f243c42f7', 'results': 1, 'page': 1, 'version': '1.4'}}</msg>
<arg>${json_data}</arg>
<doc>Logs the given message with the given level.</doc>
<status status="PASS" start="2024-08-06T02:34:47.069912" elapsed="0.000206"/>
</kw>
<kw name="Should Be Equal As Numbers" owner="BuiltIn">
<arg>${json_data['results'][0]['location']['postcode']}</arg>
<arg>${json_data['results'][0]['location']['postcode']}</arg>
<doc>Fails if objects are unequal after converting them to real numbers.</doc>
<status status="PASS" start="2024-08-06T02:34:47.070409" elapsed="0.000603"/>
</kw>
<kw name="Log" owner="BuiltIn">
<msg time="2024-08-06T02:34:47.071588" level="INFO">15938</msg>
<arg>${json_data['results'][0]['location']['postcode']}</arg>
<doc>Logs the given message with the given level.</doc>
<status status="PASS" start="2024-08-06T02:34:47.071200" elapsed="0.000429"/>
</kw>
<status status="PASS" start="2024-08-06T02:34:46.948566" elapsed="0.123338"/>
</kw>
<doc>Testa se os tipos de dados na resposta da API estão corretos.</doc>
<tag>testeTiposDados</tag>
<status status="PASS" start="2024-08-06T02:34:46.865018" elapsed="0.207041"/>
</test>
<test id="s1-s1-t5" name="Validar conteudo" line="35">
<kw name="Teste de Tipos de Conteudo" owner="random-user-service">
<kw name="GET On Session" owner="RequestsLibrary">
<msg time="2024-08-06T02:34:47.134970" level="INFO">GET Request : url=https://randomuser.me/api 
 path_url=/api 
 headers={'User-Agent': 'python-requests/2.32.3', 'Accept-Encoding': 'gzip, deflate', 'Accept': '*/*', 'Connection': 'keep-alive'} 
 body=None 
 </msg>
<msg time="2024-08-06T02:34:47.135031" level="INFO">GET Response : url=https://randomuser.me/api 
 status=200, reason=OK 
 headers={'Date': 'Tue, 06 Aug 2024 02:34:47 GMT', 'Content-Type': 'application/json; charset=utf-8', 'Transfer-Encoding': 'chunked', 'Connection': 'keep-alive', 'X-Powered-By': 'Express', 'Access-Control-Allow-Origin': '*', 'Cache-Control': 'no-cache', 'ETag': 'W/"490-FjbErrTnDZvjFuF6RniY7740iGY"', 'Vary': 'Accept-Encoding', 'Content-Encoding': 'gzip', 'CF-Cache-Status': 'DYNAMIC', 'Report-To': '{"endpoints":[{"url":"https:\\/\\/a.nel.cloudflare.com\\/report\\/v4?s=Z9iP2HQZBB5PDoHCk6IFaKnrguaIwCo%2B0f%2FHbbjWIXqjTV4yPIXmNK6tTfxqbOeYENc4yWNRpeZHNJ63grCcQzSOrGC7fgEeRzG9nMLUsQpRkXtRn8LiyhvJdTnoh9f%2F"}],"group":"cf-nel","max_age":604800}', 'NEL': '{"success_fraction":0,"report_to":"cf-nel","max_age":604800}', 'Server': 'cloudflare', 'CF-RAY': '8aeba13c3e7822ff-ORD', 'alt-svc': 'h3=":443"; ma=86400'} 
 body={"results":[{"gender":"male","name":{"title":"Mr","first":"Charles","last":"Wilson"},"location":{"street":{"number":3083,"name":"Rattray Street"},"city":"Gisborne","state":"Otago","country":"New Zealand","postcode":60583,"coordinates":{"latitude":"50.9220","longitude":"-3.6562"},"timezone":{"offset":"-5:00","description":"Eastern Time (US &amp; Canada), Bogota, Lima"}},"email":"charles.wilson@example.com","login":{"uuid":"3e34b398-c2a7-442b-9d0e-de3b7f555ee2","username":"beautifultiger858","password":"skolko","salt":"XiQDpkRY","md5":"276e6fefdec49150e0d072b68ef3f808","sha1":"4444b28106f30b15f553e472ab1480be37f4964b","sha256":"28423d78bada8be156c602cd57bd16d867b34eaed1d9c26b44281c2dc47c2fc4"},"dob":{"date":"1997-01-22T17:53:21.914Z","age":27},"registered":{"date":"2006-07-12T21:00:48.799Z","age":18},"phone":"(493)-338-9115","cell":"(364)-066-4261","id":{"name":"","value":null},"picture":{"large":"https://randomuser.me/api/portraits/men/72.jpg","medium":"https://randomuser.me/api/portraits/med/men/72.jpg","thumbnail":"https://randomuser.me/api/portraits/thumb/men/72.jpg"},"nat":"NZ"}],"info":{"seed":"9fce93b7c39ab109","results":1,"page":1,"version":"1.4"}} 
 </msg>
<msg time="2024-08-06T02:34:47.135088" level="INFO">/opt/hostedtoolcache/Python/3.12.4/x64/lib/python3.12/site-packages/urllib3/connectionpool.py:1099: InsecureRequestWarning: Unverified HTTPS request is being made to host 'randomuser.me'. Adding certificate verification is strongly advised. See: https://urllib3.readthedocs.io/en/latest/advanced-usage.html#tls-warnings
  warnings.warn(</msg>
<msg time="2024-08-06T02:34:47.135181" level="INFO">${response} = &lt;Response [200]&gt;</msg>
<var>${response}</var>
<arg>consultarAPI</arg>
<arg>/api</arg>
<doc>Sends a GET request on a previously created HTTP Session.</doc>
<status status="PASS" start="2024-08-06T02:34:47.074462" elapsed="0.060759"/>
</kw>
<kw name="Set Variable" owner="BuiltIn">
<msg time="2024-08-06T02:34:47.136269" level="INFO">${json_data} = {'results': [{'gender': 'male', 'name': {'title': 'Mr', 'first': 'Charles', 'last': 'Wilson'}, 'location': {'street': {'number': 3083, 'name': 'Rattray Street'}, 'city': 'Gisborne', 'state': 'Otago', ...</msg>
<var>${json_data}</var>
<arg>${response.json()}</arg>
<doc>Returns the given values which can then be assigned to a variables.</doc>
<status status="PASS" start="2024-08-06T02:34:47.135690" elapsed="0.000608"/>
</kw>
<kw name="Set Variable" owner="BuiltIn">
<msg time="2024-08-06T02:34:47.136988" level="INFO">${name_title} = Mr</msg>
<var>${name_title}</var>
<arg>${json_data["results"][0]["name"]["title"]}</arg>
<doc>Returns the given values which can then be assigned to a variables.</doc>
<status status="PASS" start="2024-08-06T02:34:47.136608" elapsed="0.000406"/>
</kw>
<kw name="Create List" owner="BuiltIn">
<msg time="2024-08-06T02:34:47.137460" level="INFO">${allowed_titles} = ['Mr', 'Ms', 'Miss', 'Mrs', 'Madame', 'Monsieur']</msg>
<var>${allowed_titles}</var>
<arg>Mr</arg>
<arg>Ms</arg>
<arg>Miss</arg>
<arg>Mrs</arg>
<arg>Madame</arg>
<arg>Monsieur</arg>
<doc>Returns a list containing given items.</doc>
<status status="PASS" start="2024-08-06T02:34:47.137309" elapsed="0.000176"/>
</kw>
<kw name="List Should Contain Value" owner="Collections">
<arg>${allowed_titles}</arg>
<arg>${name_title}</arg>
<doc>Fails if the ``value`` is not found from ``list``.</doc>
<status status="PASS" start="2024-08-06T02:34:47.137784" elapsed="0.000177"/>
</kw>
<kw name="Set Variable" owner="BuiltIn">
<msg time="2024-08-06T02:34:47.138512" level="INFO">${name_country} = NZ</msg>
<var>${name_country}</var>
<arg>${json_data["results"][0]["nat"]}</arg>
<doc>Returns the given values which can then be assigned to a variables.</doc>
<status status="PASS" start="2024-08-06T02:34:47.138150" elapsed="0.000387"/>
</kw>
<kw name="Create List" owner="BuiltIn">
<msg time="2024-08-06T02:34:47.139454" level="INFO">${list_country} = ['AD', 'AE', 'AF', 'AG', 'AI', 'AL', 'AM', 'AO', 'AQ', 'AR', 'AS', 'AT', 'AU', 'AW', 'AX', 'AZ', 'BA', 'BB', 'BD', 'BE', 'BF', 'BG', 'BH', 'BI', 'BJ', 'BL', 'BM', 'BN', 'BO', 'BQ', 'BR', 'BS', 'BT', '...</msg>
<var>${list_country}</var>
<arg>AD</arg>
<arg>AE</arg>
<arg>AF</arg>
<arg>AG</arg>
<arg>AI</arg>
<arg>AL</arg>
<arg>AM</arg>
<arg>AO</arg>
<arg>AQ</arg>
<arg>AR</arg>
<arg>AS</arg>
<arg>AT</arg>
<arg>AU</arg>
<arg>AW</arg>
<arg>AX</arg>
<arg>AZ</arg>
<arg>BA</arg>
<arg>BB</arg>
<arg>BD</arg>
<arg>BE</arg>
<arg>BF</arg>
<arg>BG</arg>
<arg>BH</arg>
<arg>BI</arg>
<arg>BJ</arg>
<arg>BL</arg>
<arg>BM</arg>
<arg>BN</arg>
<arg>BO</arg>
<arg>BQ</arg>
<arg>BR</arg>
<arg>BS</arg>
<arg>BT</arg>
<arg>BV</arg>
<arg>BW</arg>
<arg>BY</arg>
<arg>BZ</arg>
<arg>CA</arg>
<arg>CC</arg>
<arg>CD</arg>
<arg>CF</arg>
<arg>CG</arg>
<arg>CH</arg>
<arg>CI</arg>
<arg>CK</arg>
<arg>CL</arg>
<arg>CM</arg>
<arg>CN</arg>
<arg>CO</arg>
<arg>CR</arg>
<arg>CU</arg>
<arg>CV</arg>
<arg>CW</arg>
<arg>CX</arg>
<arg>CY</arg>
<arg>CZ</arg>
<arg>DE</arg>
<arg>DJ</arg>
<arg>DK</arg>
<arg>DM</arg>
<arg>DO</arg>
<arg>DZ</arg>
<arg>EC</arg>
<arg>EE</arg>
<arg>EG</arg>
<arg>EH</arg>
<arg>ER</arg>
<arg>ES</arg>
<arg>ET</arg>
<arg>FI</arg>
<arg>FJ</arg>
<arg>FK</arg>
<arg>FM</arg>
<arg>FO</arg>
<arg>FR</arg>
<arg>GA</arg>
<arg>GB</arg>
<arg>GD</arg>
<arg>GE</arg>
<arg>GF</arg>
<arg>GG</arg>
<arg>GH</arg>
<arg>GI</arg>
<arg>GL</arg>
<arg>GM</arg>
<arg>GN</arg>
<arg>GP</arg>
<arg>GQ</arg>
<arg>GR</arg>
<arg>GS</arg>
<arg>GT</arg>
<arg>GU</arg>
<arg>GW</arg>
<arg>GY</arg>
<arg>HK</arg>
<arg>HM</arg>
<arg>HN</arg>
<arg>HR</arg>
<arg>HT</arg>
<arg>HU</arg>
<arg>ID</arg>
<arg>IE</arg>
<arg>IL</arg>
<arg>IM</arg>
<arg>IN</arg>
<arg>IO</arg>
<arg>IQ</arg>
<arg>IR</arg>
<arg>IS</arg>
<arg>IT</arg>
<arg>JE</arg>
<arg>JM</arg>
<arg>JO</arg>
<arg>JP</arg>
<arg>KE</arg>
<arg>KG</arg>
<arg>KH</arg>
<arg>KI</arg>
<arg>KM</arg>
<arg>KN</arg>
<arg>KP</arg>
<arg>KR</arg>
<arg>KW</arg>
<arg>KY</arg>
<arg>KZ</arg>
<arg>LA</arg>
<arg>LB</arg>
<arg>LC</arg>
<arg>LI</arg>
<arg>LK</arg>
<arg>LR</arg>
<arg>LS</arg>
<arg>LT</arg>
<arg>LU</arg>
<arg>LV</arg>
<arg>LY</arg>
<arg>MA</arg>
<arg>MC</arg>
<arg>MD</arg>
<arg>ME</arg>
<arg>MF</arg>
<arg>MG</arg>
<arg>MH</arg>
<arg>MK</arg>
<arg>ML</arg>
<arg>MM</arg>
<arg>MN</arg>
<arg>MO</arg>
<arg>MP</arg>
<arg>MQ</arg>
<arg>MR</arg>
<arg>MS</arg>
<arg>MT</arg>
<arg>MU</arg>
<arg>MV</arg>
<arg>MW</arg>
<arg>MX</arg>
<arg>MY</arg>
<arg>MZ</arg>
<arg>NA</arg>
<arg>NC</arg>
<arg>NE</arg>
<arg>NF</arg>
<arg>NG</arg>
<arg>NI</arg>
<arg>NL</arg>
<arg>NO</arg>
<arg>NP</arg>
<arg>NR</arg>
<arg>NU</arg>
<arg>NZ</arg>
<arg>OM</arg>
<arg>PA</arg>
<arg>PE</arg>
<arg>PF</arg>
<arg>PG</arg>
<arg>PH</arg>
<arg>PK</arg>
<arg>PL</arg>
<arg>PM</arg>
<arg>PN</arg>
<arg>PR</arg>
<arg>PS</arg>
<arg>PT</arg>
<arg>PW</arg>
<arg>PY</arg>
<arg>QA</arg>
<arg>RE</arg>
<arg>RO</arg>
<arg>RS</arg>
<arg>RU</arg>
<arg>RW</arg>
<arg>SA</arg>
<arg>SB</arg>
<arg>SC</arg>
<arg>SD</arg>
<arg>SE</arg>
<arg>SG</arg>
<arg>SH</arg>
<arg>SI</arg>
<arg>SJ</arg>
<arg>SK</arg>
<arg>SL</arg>
<arg>SM</arg>
<arg>SN</arg>
<arg>SO</arg>
<arg>SR</arg>
<arg>SS</arg>
<arg>ST</arg>
<arg>SV</arg>
<arg>SX</arg>
<arg>SY</arg>
<arg>SZ</arg>
<arg>TC</arg>
<arg>TD</arg>
<arg>TF</arg>
<arg>TG</arg>
<arg>TH</arg>
<arg>TJ</arg>
<arg>TK</arg>
<arg>TL</arg>
<arg>TM</arg>
<arg>TN</arg>
<arg>TO</arg>
<arg>TR</arg>
<arg>TT</arg>
<arg>TV</arg>
<arg>TW</arg>
<arg>TZ</arg>
<arg>UA</arg>
<arg>UG</arg>
<arg>UM</arg>
<arg>US</arg>
<arg>UY</arg>
<arg>UZ</arg>
<arg>VA</arg>
<arg>VC</arg>
<arg>VE</arg>
<arg>VG</arg>
<arg>VI</arg>
<arg>VN</arg>
<arg>VU</arg>
<arg>WF</arg>
<arg>WS</arg>
<arg>XK</arg>
<arg>YE</arg>
<arg>YT</arg>
<arg>ZA</arg>
<arg>ZM</arg>
<arg>ZW</arg>
<doc>Returns a list containing given items.</doc>
<status status="PASS" start="2024-08-06T02:34:47.138823" elapsed="0.000659"/>
</kw>
<kw name="List Should Contain Value" owner="Collections">
<arg>${list_country}</arg>
<arg>${name_country}</arg>
<doc>Fails if the ``value`` is not found from ``list``.</doc>
<status status="PASS" start="2024-08-06T02:34:47.140415" elapsed="0.000208"/>
</kw>
<kw name="Run Keyword If" owner="BuiltIn">
<kw name="Should Be True" owner="BuiltIn">
<arg>${True}</arg>
<doc>Fails if the given condition is not true.</doc>
<status status="PASS" start="2024-08-06T02:34:47.141549" elapsed="0.000143"/>
</kw>
<arg>${json_data["results"][0]["location"]["coordinates"]["latitude"]} &gt;= -90 and ${json_data["results"][0]["location"]["coordinates"]["latitude"]} &lt;= 90</arg>
<arg>Should Be True</arg>
<arg>${True}</arg>
<doc>Runs the given keyword with the given arguments, if ``condition`` is true.</doc>
<status status="PASS" start="2024-08-06T02:34:47.140817" elapsed="0.001000"/>
</kw>
<kw name="Run Keyword If" owner="BuiltIn">
<kw name="Should Be True" owner="BuiltIn">
<arg>${True}</arg>
<doc>Fails if the given condition is not true.</doc>
<status status="PASS" start="2024-08-06T02:34:47.142681" elapsed="0.000137"/>
</kw>
<arg>${json_data["results"][0]["location"]["coordinates"]["longitude"]} &gt;= -180 and ${json_data["results"][0]["location"]["coordinates"]["longitude"]} &lt;= 180</arg>
<arg>Should Be True</arg>
<arg>${True}</arg>
<doc>Runs the given keyword with the given arguments, if ``condition`` is true.</doc>
<status status="PASS" start="2024-08-06T02:34:47.141998" elapsed="0.000941"/>
</kw>
<status status="PASS" start="2024-08-06T02:34:47.074249" elapsed="0.068814"/>
</kw>
<doc>Testa o conteúdo específico dos campos retornados pela API.</doc>
<tag>testeConteudo</tag>
<status status="PASS" start="2024-08-06T02:34:47.073737" elapsed="0.069468"/>
</test>
<status status="PASS" start="2024-08-06T02:34:46.242306" elapsed="0.902835"/>
</suite>
<status status="PASS" start="2024-08-06T02:34:46.228111" elapsed="0.922043"/>
</suite>
<statistics>
<total>
<stat pass="5" fail="0" skip="0">All Tests</stat>
</total>
<tag>
<stat pass="1" fail="0" skip="0">testeConteudo</stat>
<stat pass="1" fail="0" skip="0">testeEstruturaResposta</stat>
<stat pass="1" fail="0" skip="0">testeRequisicaoBasica</stat>
<stat pass="1" fail="0" skip="0">testeTiposDados</stat>
</tag>
<suite>
<stat pass="5" fail="0" skip="0" id="s1" name="Tests">Tests</stat>
<stat pass="5" fail="0" skip="0" id="s1-s1" name="Random-User-Test">Tests.Random-User-Test</stat>
</suite>
</statistics>
<errors>
</errors>
</robot>
