<?xml version="1.0" encoding="UTF-8"?>
<robot generator="Robot 7.0.1 (Python 3.12.4 on linux)" generated="2024-06-30T04:17:04.887360" rpa="false" schemaversion="5">
<suite id="s1" name="Tests" source="/home/runner/work/ApiRandomUser/ApiRandomUser/RamdonUser/tests">
<suite id="s1-s1" name="Random-User-Test" source="/home/runner/work/ApiRandomUser/ApiRandomUser/RamdonUser/tests/random-user-test.robot">
<test id="s1-s1-t1" name="Conectar" line="13">
<kw name="Conectar API" owner="random-user-service">
<kw name="Create Session" owner="RequestsLibrary">
<msg time="2024-06-30T04:17:05.274164" level="INFO">Creating Session using : alias=consultarAPI, url=https://randomuser.me/, headers={},                     cookies={}, auth=None, timeout=None, proxies=None, verify=False,                     debug=0 </msg>
<arg>consultarAPI</arg>
<arg>${URL}</arg>
<doc>Create Session: create a HTTP session to a server</doc>
<status status="PASS" start="2024-06-30T04:17:05.273926" elapsed="0.000425"/>
</kw>
<status status="PASS" start="2024-06-30T04:17:05.272996" elapsed="0.001706"/>
</kw>
<status status="PASS" start="2024-06-30T04:17:05.272432" elapsed="0.002463"/>
</test>
<test id="s1-s1-t2" name="Validar retorno 200 e JSON Válido" line="16">
<kw name="Teste de Requisicao Basica" owner="random-user-service">
<kw name="GET On Session" owner="RequestsLibrary">
<msg time="2024-06-30T04:17:05.461468" level="INFO">GET Request : url=https://randomuser.me/api 
 path_url=/api 
 headers={'User-Agent': 'python-requests/2.32.3', 'Accept-Encoding': 'gzip, deflate', 'Accept': '*/*', 'Connection': 'keep-alive'} 
 body=None 
 </msg>
<msg time="2024-06-30T04:17:05.461580" level="INFO">GET Response : url=https://randomuser.me/api 
 status=200, reason=OK 
 headers={'Date': 'Sun, 30 Jun 2024 04:17:05 GMT', 'Content-Type': 'application/json; charset=utf-8', 'Transfer-Encoding': 'chunked', 'Connection': 'keep-alive', 'X-Powered-By': 'Express', 'Access-Control-Allow-Origin': '*', 'Cache-Control': 'no-cache', 'ETag': 'W/"4b0-vj5HerPGF89hyapiuB1qc3p6jdA"', 'Vary': 'Accept-Encoding', 'Content-Encoding': 'gzip', 'CF-Cache-Status': 'DYNAMIC', 'Report-To': '{"endpoints":[{"url":"https:\\/\\/a.nel.cloudflare.com\\/report\\/v4?s=v6bCvwyP%2FBVIz6anWVjGtpNBvkKEWK2tkl7c%2F7t9XwjKQhy2hLlrXuoiynYLad5Kyf486OdUuLp5zdupClCc%2BTx7qLlCrsHAbmHEVomW3Z9FgBTeF5t1%2BhgnDZAv9jnr"}],"group":"cf-nel","max_age":604800}', 'NEL': '{"success_fraction":0,"report_to":"cf-nel","max_age":604800}', 'Server': 'cloudflare', 'CF-RAY': '89bb5838d9e65c94-ORD', 'alt-svc': 'h3=":443"; ma=86400'} 
 body={"results":[{"gender":"male","name":{"title":"Mr","first":"علی رضا","last":"سلطانی نژاد"},"location":{"street":{"number":6618,"name":"میدان استقلال"},"city":"نیشابور","state":"یزد","country":"Iran","postcode":58639,"coordinates":{"latitude":"20.0857","longitude":"-129.6403"},"timezone":{"offset":"-5:00","description":"Eastern Time (US &amp; Canada), Bogota, Lima"}},"email":"aalyrd.sltnynjd@example.com","login":{"uuid":"a53aacf8-fb10-488f-a323-74e40d9c5e32","username":"blackelephant507","password":"coltrane","salt":"7TfcGG7i","md5":"f1716ed5008822dcce603b1ce5681cbc","sha1":"008ec5fb0b646f11b3d13ee3f32765de9f956691","sha256":"7e25b28e32d7a815a33aee021605b7544bd182ffba0f6a0d53403a78c0b91d53"},"dob":{"date":"1960-05-13T21:09:46.754Z","age":64},"registered":{"date":"2021-01-16T00:13:35.007Z","age":3},"phone":"008-57392176","cell":"0906-150-4787","id":{"name":"","value":null},"picture":{"large":"https://randomuser.me/api/portraits/men/25.jpg","medium":"https://randomuser.me/api/portraits/med/men/25.jpg","thumbnail":"https://randomuser.me/api/portraits/thumb/men/25.jpg"},"nat":"IR"}],"info":{"seed":"97f752b8f67faeb0","results":1,"page":1,"version":"1.4"}} 
 </msg>
<msg time="2024-06-30T04:17:05.461659" level="INFO">/opt/hostedtoolcache/Python/3.12.4/x64/lib/python3.12/site-packages/urllib3/connectionpool.py:1099: InsecureRequestWarning: Unverified HTTPS request is being made to host 'randomuser.me'. Adding certificate verification is strongly advised. See: https://urllib3.readthedocs.io/en/latest/advanced-usage.html#tls-warnings
  warnings.warn(</msg>
<msg time="2024-06-30T04:17:05.461788" level="INFO">${response} = &lt;Response [200]&gt;</msg>
<var>${response}</var>
<arg>consultarAPI</arg>
<arg>/api</arg>
<doc>Sends a GET request on a previously created HTTP Session.</doc>
<status status="PASS" start="2024-06-30T04:17:05.277510" elapsed="0.184323"/>
</kw>
<kw name="Should Be Equal As Numbers" owner="BuiltIn">
<msg time="2024-06-30T04:17:05.462650" level="INFO">Argument types are:
&lt;class 'int'&gt;
&lt;class 'str'&gt;</msg>
<arg>${response.status_code}</arg>
<arg>200</arg>
<doc>Fails if objects are unequal after converting them to real numbers.</doc>
<status status="PASS" start="2024-06-30T04:17:05.462246" elapsed="0.000466"/>
</kw>
<kw name="Log" owner="BuiltIn">
<msg time="2024-06-30T04:17:05.463373" level="INFO">200</msg>
<arg>${response.status_code}</arg>
<doc>Logs the given message with the given level.</doc>
<status status="PASS" start="2024-06-30T04:17:05.463026" elapsed="0.000390"/>
</kw>
<kw name="Set Variable" owner="BuiltIn">
<msg time="2024-06-30T04:17:05.464158" level="INFO">${json_data} = {'results': [{'gender': 'male', 'name': {'title': 'Mr', 'first': 'علی رضا', 'last': 'سلطانی نژاد'}, 'location': {'street': {'number': 6618, 'name': 'میدان استقلال'}, 'city': 'نیشابور', 'state': 'یزد',...</msg>
<var>${json_data}</var>
<arg>${response.json()}</arg>
<doc>Returns the given values which can then be assigned to a variables.</doc>
<status status="PASS" start="2024-06-30T04:17:05.463717" elapsed="0.000472"/>
</kw>
<kw name="Dictionary Should Contain Key" owner="Collections">
<arg>${json_data}</arg>
<arg>results</arg>
<doc>Fails if ``key`` is not found from ``dictionary``.</doc>
<status status="PASS" start="2024-06-30T04:17:05.464487" elapsed="0.000164"/>
</kw>
<status status="PASS" start="2024-06-30T04:17:05.277262" elapsed="0.187532"/>
</kw>
<doc>Testa se a API responde corretamente e retorna um objeto JSON válido.</doc>
<tag>testeRequisicaoBasica</tag>
<status status="PASS" start="2024-06-30T04:17:05.276759" elapsed="0.188193"/>
</test>
<test id="s1-s1-t3" name="Validar estrutura de resposta" line="22">
<kw name="Teste de Estrutura de Resposta" owner="random-user-service">
<kw name="GET On Session" owner="RequestsLibrary">
<msg time="2024-06-30T04:17:05.573540" level="INFO">GET Request : url=https://randomuser.me/api 
 path_url=/api 
 headers={'User-Agent': 'python-requests/2.32.3', 'Accept-Encoding': 'gzip, deflate', 'Accept': '*/*', 'Connection': 'keep-alive'} 
 body=None 
 </msg>
<msg time="2024-06-30T04:17:05.573615" level="INFO">GET Response : url=https://randomuser.me/api 
 status=200, reason=OK 
 headers={'Date': 'Sun, 30 Jun 2024 04:17:05 GMT', 'Content-Type': 'application/json; charset=utf-8', 'Transfer-Encoding': 'chunked', 'Connection': 'keep-alive', 'X-Powered-By': 'Express', 'Access-Control-Allow-Origin': '*', 'Cache-Control': 'no-cache', 'ETag': 'W/"47f-0kAE/ceWle1A5n1qG8NjxxalM88"', 'Vary': 'Accept-Encoding', 'Content-Encoding': 'gzip', 'CF-Cache-Status': 'DYNAMIC', 'Report-To': '{"endpoints":[{"url":"https:\\/\\/a.nel.cloudflare.com\\/report\\/v4?s=1N%2BSYG1bsFuxYgbqcRnO47QnLGBko3sD72w8bPypsUz%2BmCZo7CupNuXBvqI7tgglNnb4%2B2i8%2F3o3%2B0lMOioFBYnNqxzZZBOFac9nMFS13HGl5OSsV4AqiaT1l%2BnDbywA"}],"group":"cf-nel","max_age":604800}', 'NEL': '{"success_fraction":0,"report_to":"cf-nel","max_age":604800}', 'Server': 'cloudflare', 'CF-RAY': '89bb58392a2f5c94-ORD', 'alt-svc': 'h3=":443"; ma=86400'} 
 body={"results":[{"gender":"male","name":{"title":"Mr","first":"رهام","last":"رضایی"},"location":{"street":{"number":1349,"name":"استاد نجات‌اللهی"},"city":"اردبیل","state":"فارس","country":"Iran","postcode":20035,"coordinates":{"latitude":"18.9547","longitude":"-141.6975"},"timezone":{"offset":"-3:30","description":"Newfoundland"}},"email":"rhm.rdyy@example.com","login":{"uuid":"62521171-7a21-4727-a7a9-2e4023c1f7ea","username":"redmeercat223","password":"jermaine","salt":"EOjgBiCP","md5":"33c3fde380be38f84241b5b12f010338","sha1":"803135dbcf7308d40ef46987af5de63a27efd874","sha256":"2a35eaea5da870548bd488fc62f48c62193aa60386a88f0f16c5b5f6b434a9c0"},"dob":{"date":"1995-05-04T04:26:55.093Z","age":29},"registered":{"date":"2007-04-12T08:28:51.620Z","age":17},"phone":"011-71949667","cell":"0976-124-5129","id":{"name":"","value":null},"picture":{"large":"https://randomuser.me/api/portraits/men/4.jpg","medium":"https://randomuser.me/api/portraits/med/men/4.jpg","thumbnail":"https://randomuser.me/api/portraits/thumb/men/4.jpg"},"nat":"IR"}],"info":{"seed":"698d3f2879f0f45f","results":1,"page":1,"version":"1.4"}} 
 </msg>
<msg time="2024-06-30T04:17:05.573714" level="INFO">/opt/hostedtoolcache/Python/3.12.4/x64/lib/python3.12/site-packages/urllib3/connectionpool.py:1099: InsecureRequestWarning: Unverified HTTPS request is being made to host 'randomuser.me'. Adding certificate verification is strongly advised. See: https://urllib3.readthedocs.io/en/latest/advanced-usage.html#tls-warnings
  warnings.warn(</msg>
<msg time="2024-06-30T04:17:05.573827" level="INFO">${response} = &lt;Response [200]&gt;</msg>
<var>${response}</var>
<arg>consultarAPI</arg>
<arg>/api</arg>
<doc>Sends a GET request on a previously created HTTP Session.</doc>
<status status="PASS" start="2024-06-30T04:17:05.467613" elapsed="0.106259"/>
</kw>
<kw name="Set Variable" owner="BuiltIn">
<msg time="2024-06-30T04:17:05.574717" level="INFO">${json_data} = {'results': [{'gender': 'male', 'name': {'title': 'Mr', 'first': 'رهام', 'last': 'رضایی'}, 'location': {'street': {'number': 1349, 'name': 'استاد نجات\u200cاللهی'}, 'city': 'اردبیل', 'state': 'فارس', ...</msg>
<var>${json_data}</var>
<arg>${response.json()}</arg>
<doc>Returns the given values which can then be assigned to a variables.</doc>
<status status="PASS" start="2024-06-30T04:17:05.574264" elapsed="0.000484"/>
</kw>
<kw name="Log" owner="BuiltIn">
<msg time="2024-06-30T04:17:05.575213" level="INFO">{'results': [{'gender': 'male', 'name': {'title': 'Mr', 'first': 'رهام', 'last': 'رضایی'}, 'location': {'street': {'number': 1349, 'name': 'استاد نجات\u200cاللهی'}, 'city': 'اردبیل', 'state': 'فارس', 'country': 'Iran', 'postcode': 20035, 'coordinates': {'latitude': '18.9547', 'longitude': '-141.6975'}, 'timezone': {'offset': '-3:30', 'description': 'Newfoundland'}}, 'email': 'rhm.rdyy@example.com', 'login': {'uuid': '62521171-7a21-4727-a7a9-2e4023c1f7ea', 'username': 'redmeercat223', 'password': 'jermaine', 'salt': 'EOjgBiCP', 'md5': '33c3fde380be38f84241b5b12f010338', 'sha1': '803135dbcf7308d40ef46987af5de63a27efd874', 'sha256': '2a35eaea5da870548bd488fc62f48c62193aa60386a88f0f16c5b5f6b434a9c0'}, 'dob': {'date': '1995-05-04T04:26:55.093Z', 'age': 29}, 'registered': {'date': '2007-04-12T08:28:51.620Z', 'age': 17}, 'phone': '011-71949667', 'cell': '0976-124-5129', 'id': {'name': '', 'value': None}, 'picture': {'large': 'https://randomuser.me/api/portraits/men/4.jpg', 'medium': 'https://randomuser.me/api/portraits/med/men/4.jpg', 'thumbnail': 'https://randomuser.me/api/portraits/thumb/men/4.jpg'}, 'nat': 'IR'}], 'info': {'seed': '698d3f2879f0f45f', 'results': 1, 'page': 1, 'version': '1.4'}}</msg>
<arg>${json_data}</arg>
<doc>Logs the given message with the given level.</doc>
<status status="PASS" start="2024-06-30T04:17:05.575051" elapsed="0.000212"/>
</kw>
<kw name="Dictionary Should Contain Key" owner="Collections">
<arg>${json_data}</arg>
<arg>results</arg>
<doc>Fails if ``key`` is not found from ``dictionary``.</doc>
<status status="PASS" start="2024-06-30T04:17:05.575550" elapsed="0.000154"/>
</kw>
<kw name="Should Not Be Empty" owner="BuiltIn">
<msg time="2024-06-30T04:17:05.576015" level="INFO">Length is 2.</msg>
<arg>${json_data}</arg>
<doc>Verifies that the given item is not empty.</doc>
<status status="PASS" start="2024-06-30T04:17:05.575882" elapsed="0.000171"/>
</kw>
<kw name="Create List" owner="BuiltIn">
<msg time="2024-06-30T04:17:05.576610" level="INFO">${expected_keys} = ['gender', 'name', 'location', 'email', 'login']</msg>
<var>${expected_keys}</var>
<arg>gender</arg>
<arg>name</arg>
<arg>location</arg>
<arg>email</arg>
<arg>login</arg>
<doc>Returns a list containing given items.</doc>
<status status="PASS" start="2024-06-30T04:17:05.576341" elapsed="0.000293"/>
</kw>
<for flavor="IN">
<iter>
<kw name="Dictionary Should Contain Key" owner="Collections">
<arg>${json_data['results'][0]}</arg>
<arg>${key}</arg>
<doc>Fails if ``key`` is not found from ``dictionary``.</doc>
<status status="PASS" start="2024-06-30T04:17:05.577189" elapsed="0.000486"/>
</kw>
<kw name="Log" owner="BuiltIn">
<msg time="2024-06-30T04:17:05.578614" level="INFO">{'gender': 'male', 'name': {'title': 'Mr', 'first': 'رهام', 'last': 'رضایی'}, 'location': {'street': {'number': 1349, 'name': 'استاد نجات\u200cاللهی'}, 'city': 'اردبیل', 'state': 'فارس', 'country': 'Iran', 'postcode': 20035, 'coordinates': {'latitude': '18.9547', 'longitude': '-141.6975'}, 'timezone': {'offset': '-3:30', 'description': 'Newfoundland'}}, 'email': 'rhm.rdyy@example.com', 'login': {'uuid': '62521171-7a21-4727-a7a9-2e4023c1f7ea', 'username': 'redmeercat223', 'password': 'jermaine', 'salt': 'EOjgBiCP', 'md5': '33c3fde380be38f84241b5b12f010338', 'sha1': '803135dbcf7308d40ef46987af5de63a27efd874', 'sha256': '2a35eaea5da870548bd488fc62f48c62193aa60386a88f0f16c5b5f6b434a9c0'}, 'dob': {'date': '1995-05-04T04:26:55.093Z', 'age': 29}, 'registered': {'date': '2007-04-12T08:28:51.620Z', 'age': 17}, 'phone': '011-71949667', 'cell': '0976-124-5129', 'id': {'name': '', 'value': None}, 'picture': {'large': 'https://randomuser.me/api/portraits/men/4.jpg', 'medium': 'https://randomuser.me/api/portraits/med/men/4.jpg', 'thumbnail': 'https://randomuser.me/api/portraits/thumb/men/4.jpg'}, 'nat': 'IR'}</msg>
<arg>${json_data['results'][0]}</arg>
<doc>Logs the given message with the given level.</doc>
<status status="PASS" start="2024-06-30T04:17:05.578011" elapsed="0.000695"/>
</kw>
<kw name="Log" owner="BuiltIn">
<msg time="2024-06-30T04:17:05.579344" level="INFO">gender</msg>
<arg>${key}</arg>
<doc>Logs the given message with the given level.</doc>
<status status="PASS" start="2024-06-30T04:17:05.579156" elapsed="0.000249"/>
</kw>
<var name="${key}">gender</var>
<status status="PASS" start="2024-06-30T04:17:05.577069" elapsed="0.002675"/>
</iter>
<iter>
<kw name="Dictionary Should Contain Key" owner="Collections">
<arg>${json_data['results'][0]}</arg>
<arg>${key}</arg>
<doc>Fails if ``key`` is not found from ``dictionary``.</doc>
<status status="PASS" start="2024-06-30T04:17:05.580224" elapsed="0.000651"/>
</kw>
<kw name="Log" owner="BuiltIn">
<msg time="2024-06-30T04:17:05.581786" level="INFO">{'gender': 'male', 'name': {'title': 'Mr', 'first': 'رهام', 'last': 'رضایی'}, 'location': {'street': {'number': 1349, 'name': 'استاد نجات\u200cاللهی'}, 'city': 'اردبیل', 'state': 'فارس', 'country': 'Iran', 'postcode': 20035, 'coordinates': {'latitude': '18.9547', 'longitude': '-141.6975'}, 'timezone': {'offset': '-3:30', 'description': 'Newfoundland'}}, 'email': 'rhm.rdyy@example.com', 'login': {'uuid': '62521171-7a21-4727-a7a9-2e4023c1f7ea', 'username': 'redmeercat223', 'password': 'jermaine', 'salt': 'EOjgBiCP', 'md5': '33c3fde380be38f84241b5b12f010338', 'sha1': '803135dbcf7308d40ef46987af5de63a27efd874', 'sha256': '2a35eaea5da870548bd488fc62f48c62193aa60386a88f0f16c5b5f6b434a9c0'}, 'dob': {'date': '1995-05-04T04:26:55.093Z', 'age': 29}, 'registered': {'date': '2007-04-12T08:28:51.620Z', 'age': 17}, 'phone': '011-71949667', 'cell': '0976-124-5129', 'id': {'name': '', 'value': None}, 'picture': {'large': 'https://randomuser.me/api/portraits/men/4.jpg', 'medium': 'https://randomuser.me/api/portraits/med/men/4.jpg', 'thumbnail': 'https://randomuser.me/api/portraits/thumb/men/4.jpg'}, 'nat': 'IR'}</msg>
<arg>${json_data['results'][0]}</arg>
<doc>Logs the given message with the given level.</doc>
<status status="PASS" start="2024-06-30T04:17:05.581183" elapsed="0.000741"/>
</kw>
<kw name="Log" owner="BuiltIn">
<msg time="2024-06-30T04:17:05.582662" level="INFO">name</msg>
<arg>${key}</arg>
<doc>Logs the given message with the given level.</doc>
<status status="PASS" start="2024-06-30T04:17:05.582444" elapsed="0.000288"/>
</kw>
<var name="${key}">name</var>
<status status="PASS" start="2024-06-30T04:17:05.580034" elapsed="0.003025"/>
</iter>
<iter>
<kw name="Dictionary Should Contain Key" owner="Collections">
<arg>${json_data['results'][0]}</arg>
<arg>${key}</arg>
<doc>Fails if ``key`` is not found from ``dictionary``.</doc>
<status status="PASS" start="2024-06-30T04:17:05.583492" elapsed="0.000619"/>
</kw>
<kw name="Log" owner="BuiltIn">
<msg time="2024-06-30T04:17:05.585009" level="INFO">{'gender': 'male', 'name': {'title': 'Mr', 'first': 'رهام', 'last': 'رضایی'}, 'location': {'street': {'number': 1349, 'name': 'استاد نجات\u200cاللهی'}, 'city': 'اردبیل', 'state': 'فارس', 'country': 'Iran', 'postcode': 20035, 'coordinates': {'latitude': '18.9547', 'longitude': '-141.6975'}, 'timezone': {'offset': '-3:30', 'description': 'Newfoundland'}}, 'email': 'rhm.rdyy@example.com', 'login': {'uuid': '62521171-7a21-4727-a7a9-2e4023c1f7ea', 'username': 'redmeercat223', 'password': 'jermaine', 'salt': 'EOjgBiCP', 'md5': '33c3fde380be38f84241b5b12f010338', 'sha1': '803135dbcf7308d40ef46987af5de63a27efd874', 'sha256': '2a35eaea5da870548bd488fc62f48c62193aa60386a88f0f16c5b5f6b434a9c0'}, 'dob': {'date': '1995-05-04T04:26:55.093Z', 'age': 29}, 'registered': {'date': '2007-04-12T08:28:51.620Z', 'age': 17}, 'phone': '011-71949667', 'cell': '0976-124-5129', 'id': {'name': '', 'value': None}, 'picture': {'large': 'https://randomuser.me/api/portraits/men/4.jpg', 'medium': 'https://randomuser.me/api/portraits/med/men/4.jpg', 'thumbnail': 'https://randomuser.me/api/portraits/thumb/men/4.jpg'}, 'nat': 'IR'}</msg>
<arg>${json_data['results'][0]}</arg>
<doc>Logs the given message with the given level.</doc>
<status status="PASS" start="2024-06-30T04:17:05.584416" elapsed="0.000653"/>
</kw>
<kw name="Log" owner="BuiltIn">
<msg time="2024-06-30T04:17:05.585524" level="INFO">location</msg>
<arg>${key}</arg>
<doc>Logs the given message with the given level.</doc>
<status status="PASS" start="2024-06-30T04:17:05.585388" elapsed="0.000176"/>
</kw>
<var name="${key}">location</var>
<status status="PASS" start="2024-06-30T04:17:05.583323" elapsed="0.002465"/>
</iter>
<iter>
<kw name="Dictionary Should Contain Key" owner="Collections">
<arg>${json_data['results'][0]}</arg>
<arg>${key}</arg>
<doc>Fails if ``key`` is not found from ``dictionary``.</doc>
<status status="PASS" start="2024-06-30T04:17:05.586107" elapsed="0.000408"/>
</kw>
<kw name="Log" owner="BuiltIn">
<msg time="2024-06-30T04:17:05.587062" level="INFO">{'gender': 'male', 'name': {'title': 'Mr', 'first': 'رهام', 'last': 'رضایی'}, 'location': {'street': {'number': 1349, 'name': 'استاد نجات\u200cاللهی'}, 'city': 'اردبیل', 'state': 'فارس', 'country': 'Iran', 'postcode': 20035, 'coordinates': {'latitude': '18.9547', 'longitude': '-141.6975'}, 'timezone': {'offset': '-3:30', 'description': 'Newfoundland'}}, 'email': 'rhm.rdyy@example.com', 'login': {'uuid': '62521171-7a21-4727-a7a9-2e4023c1f7ea', 'username': 'redmeercat223', 'password': 'jermaine', 'salt': 'EOjgBiCP', 'md5': '33c3fde380be38f84241b5b12f010338', 'sha1': '803135dbcf7308d40ef46987af5de63a27efd874', 'sha256': '2a35eaea5da870548bd488fc62f48c62193aa60386a88f0f16c5b5f6b434a9c0'}, 'dob': {'date': '1995-05-04T04:26:55.093Z', 'age': 29}, 'registered': {'date': '2007-04-12T08:28:51.620Z', 'age': 17}, 'phone': '011-71949667', 'cell': '0976-124-5129', 'id': {'name': '', 'value': None}, 'picture': {'large': 'https://randomuser.me/api/portraits/men/4.jpg', 'medium': 'https://randomuser.me/api/portraits/med/men/4.jpg', 'thumbnail': 'https://randomuser.me/api/portraits/thumb/men/4.jpg'}, 'nat': 'IR'}</msg>
<arg>${json_data['results'][0]}</arg>
<doc>Logs the given message with the given level.</doc>
<status status="PASS" start="2024-06-30T04:17:05.586701" elapsed="0.000412"/>
</kw>
<kw name="Log" owner="BuiltIn">
<msg time="2024-06-30T04:17:05.587547" level="INFO">email</msg>
<arg>${key}</arg>
<doc>Logs the given message with the given level.</doc>
<status status="PASS" start="2024-06-30T04:17:05.587416" elapsed="0.000170"/>
</kw>
<var name="${key}">email</var>
<status status="PASS" start="2024-06-30T04:17:05.585991" elapsed="0.001818"/>
</iter>
<iter>
<kw name="Dictionary Should Contain Key" owner="Collections">
<arg>${json_data['results'][0]}</arg>
<arg>${key}</arg>
<doc>Fails if ``key`` is not found from ``dictionary``.</doc>
<status status="PASS" start="2024-06-30T04:17:05.588099" elapsed="0.000384"/>
</kw>
<kw name="Log" owner="BuiltIn">
<msg time="2024-06-30T04:17:05.589032" level="INFO">{'gender': 'male', 'name': {'title': 'Mr', 'first': 'رهام', 'last': 'رضایی'}, 'location': {'street': {'number': 1349, 'name': 'استاد نجات\u200cاللهی'}, 'city': 'اردبیل', 'state': 'فارس', 'country': 'Iran', 'postcode': 20035, 'coordinates': {'latitude': '18.9547', 'longitude': '-141.6975'}, 'timezone': {'offset': '-3:30', 'description': 'Newfoundland'}}, 'email': 'rhm.rdyy@example.com', 'login': {'uuid': '62521171-7a21-4727-a7a9-2e4023c1f7ea', 'username': 'redmeercat223', 'password': 'jermaine', 'salt': 'EOjgBiCP', 'md5': '33c3fde380be38f84241b5b12f010338', 'sha1': '803135dbcf7308d40ef46987af5de63a27efd874', 'sha256': '2a35eaea5da870548bd488fc62f48c62193aa60386a88f0f16c5b5f6b434a9c0'}, 'dob': {'date': '1995-05-04T04:26:55.093Z', 'age': 29}, 'registered': {'date': '2007-04-12T08:28:51.620Z', 'age': 17}, 'phone': '011-71949667', 'cell': '0976-124-5129', 'id': {'name': '', 'value': None}, 'picture': {'large': 'https://randomuser.me/api/portraits/men/4.jpg', 'medium': 'https://randomuser.me/api/portraits/med/men/4.jpg', 'thumbnail': 'https://randomuser.me/api/portraits/thumb/men/4.jpg'}, 'nat': 'IR'}</msg>
<arg>${json_data['results'][0]}</arg>
<doc>Logs the given message with the given level.</doc>
<status status="PASS" start="2024-06-30T04:17:05.588668" elapsed="0.000413"/>
</kw>
<kw name="Log" owner="BuiltIn">
<msg time="2024-06-30T04:17:05.589502" level="INFO">login</msg>
<arg>${key}</arg>
<doc>Logs the given message with the given level.</doc>
<status status="PASS" start="2024-06-30T04:17:05.589374" elapsed="0.000167"/>
</kw>
<var name="${key}">login</var>
<status status="PASS" start="2024-06-30T04:17:05.587982" elapsed="0.001778"/>
</iter>
<var>${key}</var>
<value>@{expected_keys}</value>
<status status="PASS" start="2024-06-30T04:17:05.576890" elapsed="0.012990"/>
</for>
<kw name="Create List" owner="BuiltIn">
<msg time="2024-06-30T04:17:05.590252" level="INFO">${expected_keysTwo} = ['username', 'password']</msg>
<var>${expected_keysTwo}</var>
<arg>username</arg>
<arg>password</arg>
<doc>Returns a list containing given items.</doc>
<status status="PASS" start="2024-06-30T04:17:05.590108" elapsed="0.000196"/>
</kw>
<for flavor="IN">
<iter>
<kw name="Dictionary Should Contain Key" owner="Collections">
<arg>${json_data['results'][0]['login']}</arg>
<arg>${keyTwo}</arg>
<doc>Fails if ``key`` is not found from ``dictionary``.</doc>
<status status="PASS" start="2024-06-30T04:17:05.590808" elapsed="0.000386"/>
</kw>
<kw name="Dictionary Should Contain Key" owner="Collections">
<arg>${json_data['results'][0]['login']}</arg>
<arg>${keyTwo}</arg>
<doc>Fails if ``key`` is not found from ``dictionary``.</doc>
<status status="PASS" start="2024-06-30T04:17:05.591375" elapsed="0.000380"/>
</kw>
<kw name="Log" owner="BuiltIn">
<msg time="2024-06-30T04:17:05.592056" level="INFO">username</msg>
<arg>${keyTwo}</arg>
<doc>Logs the given message with the given level.</doc>
<status status="PASS" start="2024-06-30T04:17:05.591936" elapsed="0.000156"/>
</kw>
<var name="${keyTwo}">username</var>
<status status="PASS" start="2024-06-30T04:17:05.590700" elapsed="0.001617"/>
</iter>
<iter>
<kw name="Dictionary Should Contain Key" owner="Collections">
<arg>${json_data['results'][0]['login']}</arg>
<arg>${keyTwo}</arg>
<doc>Fails if ``key`` is not found from ``dictionary``.</doc>
<status status="PASS" start="2024-06-30T04:17:05.592594" elapsed="0.000378"/>
</kw>
<kw name="Dictionary Should Contain Key" owner="Collections">
<arg>${json_data['results'][0]['login']}</arg>
<arg>${keyTwo}</arg>
<doc>Fails if ``key`` is not found from ``dictionary``.</doc>
<status status="PASS" start="2024-06-30T04:17:05.593145" elapsed="0.000369"/>
</kw>
<kw name="Log" owner="BuiltIn">
<msg time="2024-06-30T04:17:05.593804" level="INFO">password</msg>
<arg>${keyTwo}</arg>
<doc>Logs the given message with the given level.</doc>
<status status="PASS" start="2024-06-30T04:17:05.593687" elapsed="0.000159"/>
</kw>
<var name="${keyTwo}">password</var>
<status status="PASS" start="2024-06-30T04:17:05.592488" elapsed="0.001695"/>
</iter>
<var>${keyTwo}</var>
<value>@{expected_keysTwo}</value>
<status status="PASS" start="2024-06-30T04:17:05.590549" elapsed="0.003758"/>
</for>
<status status="PASS" start="2024-06-30T04:17:05.467385" elapsed="0.127062"/>
</kw>
<doc>Testa a estrutura da resposta da API.</doc>
<tag>testeEstruturaResposta</tag>
<status status="PASS" start="2024-06-30T04:17:05.466796" elapsed="0.127795"/>
</test>
<test id="s1-s1-t4" name="Validar tipos de dados" line="28">
<kw name="Teste de Tipos de Dados" owner="random-user-service">
<kw name="GET On Session" owner="RequestsLibrary">
<msg time="2024-06-30T04:17:05.668337" level="INFO">GET Request : url=https://randomuser.me/api 
 path_url=/api 
 headers={'User-Agent': 'python-requests/2.32.3', 'Accept-Encoding': 'gzip, deflate', 'Accept': '*/*', 'Connection': 'keep-alive'} 
 body=None 
 </msg>
<msg time="2024-06-30T04:17:05.668423" level="INFO">GET Response : url=https://randomuser.me/api 
 status=200, reason=OK 
 headers={'Date': 'Sun, 30 Jun 2024 04:17:05 GMT', 'Content-Type': 'application/json; charset=utf-8', 'Transfer-Encoding': 'chunked', 'Connection': 'keep-alive', 'X-Powered-By': 'Express', 'Access-Control-Allow-Origin': '*', 'Cache-Control': 'no-cache', 'ETag': 'W/"4a0-8jNPjPaEx+BDWEyJJ/Lg7HoVxsc"', 'Vary': 'Accept-Encoding', 'Content-Encoding': 'gzip', 'CF-Cache-Status': 'DYNAMIC', 'Report-To': '{"endpoints":[{"url":"https:\\/\\/a.nel.cloudflare.com\\/report\\/v4?s=8KiHd00fmi1EAMTM4b54CM2eFuEvD3mc3IArY1PKf%2F3pNpM3IO9dLn3Tu91dblu%2FHcH9iMYx8meHb4xcI7vnC1cjFxInoLGm66Y2xtbP57SRhnVRY9vLEj9KniBDpG%2Fi"}],"group":"cf-nel","max_age":604800}', 'NEL': '{"success_fraction":0,"report_to":"cf-nel","max_age":604800}', 'Server': 'cloudflare', 'CF-RAY': '89bb5839fad45c94-ORD', 'alt-svc': 'h3=":443"; ma=86400'} 
 body={"results":[{"gender":"female","name":{"title":"Ms","first":"Elif","last":"Akyürek"},"location":{"street":{"number":1976,"name":"Anafartalar Cd"},"city":"Eskişehir","state":"Afyonkarahisar","country":"Turkey","postcode":40192,"coordinates":{"latitude":"67.1318","longitude":"94.7148"},"timezone":{"offset":"0:00","description":"Western Europe Time, London, Lisbon, Casablanca"}},"email":"elif.akyurek@example.com","login":{"uuid":"51d73150-5927-48b6-9768-ed19786e99e3","username":"orangetiger851","password":"heinrich","salt":"KjBFUAvE","md5":"35e8c36c533abc9007c1e88da9cbe275","sha1":"bbde36d0ce3929eb16b984ef885cb901922b9bf6","sha256":"0f77168799c2caf8bcff565a90a11e89c6ed6cc4a580057341fa2595c84546d8"},"dob":{"date":"1950-08-12T20:16:26.126Z","age":73},"registered":{"date":"2014-05-06T03:06:23.528Z","age":10},"phone":"(539)-658-2604","cell":"(817)-976-5896","id":{"name":"","value":null},"picture":{"large":"https://randomuser.me/api/portraits/women/48.jpg","medium":"https://randomuser.me/api/portraits/med/women/48.jpg","thumbnail":"https://randomuser.me/api/portraits/thumb/women/48.jpg"},"nat":"TR"}],"info":{"seed":"df9c27e6edb5fc99","results":1,"page":1,"version":"1.4"}} 
 </msg>
<msg time="2024-06-30T04:17:05.668498" level="INFO">/opt/hostedtoolcache/Python/3.12.4/x64/lib/python3.12/site-packages/urllib3/connectionpool.py:1099: InsecureRequestWarning: Unverified HTTPS request is being made to host 'randomuser.me'. Adding certificate verification is strongly advised. See: https://urllib3.readthedocs.io/en/latest/advanced-usage.html#tls-warnings
  warnings.warn(</msg>
<msg time="2024-06-30T04:17:05.668640" level="INFO">${response} = &lt;Response [200]&gt;</msg>
<var>${response}</var>
<arg>consultarAPI</arg>
<arg>/api</arg>
<doc>Sends a GET request on a previously created HTTP Session.</doc>
<status status="PASS" start="2024-06-30T04:17:05.597074" elapsed="0.071606"/>
</kw>
<kw name="Set Variable" owner="BuiltIn">
<msg time="2024-06-30T04:17:05.669475" level="INFO">${json_data} = {'results': [{'gender': 'female', 'name': {'title': 'Ms', 'first': 'Elif', 'last': 'Akyürek'}, 'location': {'street': {'number': 1976, 'name': 'Anafartalar Cd'}, 'city': 'Eskişehir', 'state': 'Afyonka...</msg>
<var>${json_data}</var>
<arg>${response.json()}</arg>
<doc>Returns the given values which can then be assigned to a variables.</doc>
<status status="PASS" start="2024-06-30T04:17:05.669023" elapsed="0.000483"/>
</kw>
<kw name="Log" owner="BuiltIn">
<msg time="2024-06-30T04:17:05.670001" level="INFO">{'results': [{'gender': 'female', 'name': {'title': 'Ms', 'first': 'Elif', 'last': 'Akyürek'}, 'location': {'street': {'number': 1976, 'name': 'Anafartalar Cd'}, 'city': 'Eskişehir', 'state': 'Afyonkarahisar', 'country': 'Turkey', 'postcode': 40192, 'coordinates': {'latitude': '67.1318', 'longitude': '94.7148'}, 'timezone': {'offset': '0:00', 'description': 'Western Europe Time, London, Lisbon, Casablanca'}}, 'email': 'elif.akyurek@example.com', 'login': {'uuid': '51d73150-5927-48b6-9768-ed19786e99e3', 'username': 'orangetiger851', 'password': 'heinrich', 'salt': 'KjBFUAvE', 'md5': '35e8c36c533abc9007c1e88da9cbe275', 'sha1': 'bbde36d0ce3929eb16b984ef885cb901922b9bf6', 'sha256': '0f77168799c2caf8bcff565a90a11e89c6ed6cc4a580057341fa2595c84546d8'}, 'dob': {'date': '1950-08-12T20:16:26.126Z', 'age': 73}, 'registered': {'date': '2014-05-06T03:06:23.528Z', 'age': 10}, 'phone': '(539)-658-2604', 'cell': '(817)-976-5896', 'id': {'name': '', 'value': None}, 'picture': {'large': 'https://randomuser.me/api/portraits/women/48.jpg', 'medium': 'https://randomuser.me/api/portraits/med/women/48.jpg', 'thumbnail': 'https://randomuser.me/api/portraits/thumb/women/48.jpg'}, 'nat': 'TR'}], 'info': {'seed': 'df9c27e6edb5fc99', 'results': 1, 'page': 1, 'version': '1.4'}}</msg>
<arg>${json_data}</arg>
<doc>Logs the given message with the given level.</doc>
<status status="PASS" start="2024-06-30T04:17:05.669808" elapsed="0.000251"/>
</kw>
<kw name="Should Be String" owner="String">
<arg>${json_data['results'][0]['gender']}</arg>
<doc>Fails if the given ``item`` is not a string.</doc>
<status status="PASS" start="2024-06-30T04:17:05.670358" elapsed="0.000362"/>
</kw>
<kw name="Should Match Regexp" owner="BuiltIn">
<arg>${json_data['results'][0]['email']}</arg>
<arg>^[a-zA-Z0-9._%+-]+@[a-zA-Z0-9.-]+\.[a-zA-Z]{2,}$</arg>
<doc>Fails if ``string`` does not match ``pattern`` as a regular expression.</doc>
<status status="PASS" start="2024-06-30T04:17:05.670909" elapsed="0.000494"/>
</kw>
<kw name="Should Match Regexp" owner="BuiltIn">
<arg>${json_data['results'][0]['dob']['date']}</arg>
<arg>\\d{4}-\\d{2}-\\d{2}T\\d{2}:\\d{2}:\\d{2}\\.\\d{3}Z</arg>
<doc>Fails if ``string`` does not match ``pattern`` as a regular expression.</doc>
<status status="PASS" start="2024-06-30T04:17:05.671631" elapsed="0.000482"/>
</kw>
<kw name="Should Match Regexp" owner="BuiltIn">
<arg>${json_data['results'][0]['registered']['date']}</arg>
<arg>\\d{4}-\\d{2}-\\d{2}T\\d{2}:\\d{2}:\\d{2}\\.\\d{3}Z</arg>
<doc>Fails if ``string`` does not match ``pattern`` as a regular expression.</doc>
<status status="PASS" start="2024-06-30T04:17:05.672301" elapsed="0.000361"/>
</kw>
<kw name="Should Match Regexp" owner="BuiltIn">
<arg>${json_data['results'][0]['picture']['large']}</arg>
<arg>^https?://.*\.(?:png|jpe?g|gif|bmp)$</arg>
<doc>Fails if ``string`` does not match ``pattern`` as a regular expression.</doc>
<status status="PASS" start="2024-06-30T04:17:05.672841" elapsed="0.000449"/>
</kw>
<kw name="Should Match Regexp" owner="BuiltIn">
<arg>${json_data['results'][0]['picture']['medium']}</arg>
<arg>^https?://.*\.(?:png|jpe?g|gif|bmp)$</arg>
<doc>Fails if ``string`` does not match ``pattern`` as a regular expression.</doc>
<status status="PASS" start="2024-06-30T04:17:05.673482" elapsed="0.000346"/>
</kw>
<kw name="Should Match Regexp" owner="BuiltIn">
<arg>${json_data['results'][0]['picture']['thumbnail']}</arg>
<arg>^https?://.*\.(?:png|jpe?g|gif|bmp)$</arg>
<doc>Fails if ``string`` does not match ``pattern`` as a regular expression.</doc>
<status status="PASS" start="2024-06-30T04:17:05.674033" elapsed="0.000351"/>
</kw>
<kw name="Log" owner="BuiltIn">
<msg time="2024-06-30T04:17:05.674905" level="INFO">{'large': 'https://randomuser.me/api/portraits/women/48.jpg', 'medium': 'https://randomuser.me/api/portraits/med/women/48.jpg', 'thumbnail': 'https://randomuser.me/api/portraits/thumb/women/48.jpg'}</msg>
<arg>${json_data['results'][0]['picture']}</arg>
<doc>Logs the given message with the given level.</doc>
<status status="PASS" start="2024-06-30T04:17:05.674565" elapsed="0.000388"/>
</kw>
<status status="PASS" start="2024-06-30T04:17:05.596857" elapsed="0.078354"/>
</kw>
<kw name="Teste de Tipos de Dados - Postcode" owner="random-user-service">
<kw name="GET On Session" owner="RequestsLibrary">
<msg time="2024-06-30T04:17:05.775106" level="INFO">GET Request : url=https://randomuser.me/api 
 path_url=/api 
 headers={'User-Agent': 'python-requests/2.32.3', 'Accept-Encoding': 'gzip, deflate', 'Accept': '*/*', 'Connection': 'keep-alive'} 
 body=None 
 </msg>
<msg time="2024-06-30T04:17:05.775191" level="INFO">GET Response : url=https://randomuser.me/api 
 status=200, reason=OK 
 headers={'Date': 'Sun, 30 Jun 2024 04:17:05 GMT', 'Content-Type': 'application/json; charset=utf-8', 'Transfer-Encoding': 'chunked', 'Connection': 'keep-alive', 'X-Powered-By': 'Express', 'Access-Control-Allow-Origin': '*', 'Cache-Control': 'no-cache', 'ETag': 'W/"48f-ywxXRCD3KTLY0STg7YE1ee9ix1U"', 'Vary': 'Accept-Encoding', 'Content-Encoding': 'gzip', 'CF-Cache-Status': 'DYNAMIC', 'Report-To': '{"endpoints":[{"url":"https:\\/\\/a.nel.cloudflare.com\\/report\\/v4?s=7ELdKTcLAHdSClthnjxhcPEEWnQUslaaQULlwjQMqN747MvbelVo8dSrgBzb90uABZ5Pvnz%2FvsjR2XcgfCGMadm6MrHfMiGaLMJuxY3tHF%2BiBfhW9oDUeoRlmpsphllN"}],"group":"cf-nel","max_age":604800}', 'NEL': '{"success_fraction":0,"report_to":"cf-nel","max_age":604800}', 'Server': 'cloudflare', 'CF-RAY': '89bb583a7b215c94-ORD', 'alt-svc': 'h3=":443"; ma=86400'} 
 body={"results":[{"gender":"female","name":{"title":"Ms","first":"Leticia","last":"Garica"},"location":{"street":{"number":2843,"name":"Avenida Guanajuato"},"city":"Ejido La Victoria","state":"Tamaulipas","country":"Mexico","postcode":49364,"coordinates":{"latitude":"27.7563","longitude":"112.3941"},"timezone":{"offset":"-9:00","description":"Alaska"}},"email":"leticia.garica@example.com","login":{"uuid":"95d1413d-6cd8-4f7a-b4fe-ebf88b406476","username":"whitetiger742","password":"venom","salt":"X2F9EOoq","md5":"463aa77fd6901c0aa44aa9476bd23a0f","sha1":"fe244b48870e50b8c546b05ead797e1d58952bb1","sha256":"69f174d3fd2da5fdae71554f25c8ba628088fdc30af9683dc5c8fbe78af6f952"},"dob":{"date":"2000-02-13T00:32:23.586Z","age":24},"registered":{"date":"2012-05-24T04:22:04.957Z","age":12},"phone":"(672) 043 4330","cell":"(679) 795 7506","id":{"name":"NSS","value":"40 97 15 1579 3"},"picture":{"large":"https://randomuser.me/api/portraits/women/53.jpg","medium":"https://randomuser.me/api/portraits/med/women/53.jpg","thumbnail":"https://randomuser.me/api/portraits/thumb/women/53.jpg"},"nat":"MX"}],"info":{"seed":"49ef8527697c7d57","results":1,"page":1,"version":"1.4"}} 
 </msg>
<msg time="2024-06-30T04:17:05.775263" level="INFO">/opt/hostedtoolcache/Python/3.12.4/x64/lib/python3.12/site-packages/urllib3/connectionpool.py:1099: InsecureRequestWarning: Unverified HTTPS request is being made to host 'randomuser.me'. Adding certificate verification is strongly advised. See: https://urllib3.readthedocs.io/en/latest/advanced-usage.html#tls-warnings
  warnings.warn(</msg>
<msg time="2024-06-30T04:17:05.775404" level="INFO">${response} = &lt;Response [200]&gt;</msg>
<var>${response}</var>
<arg>consultarAPI</arg>
<arg>/api</arg>
<doc>Sends a GET request on a previously created HTTP Session.</doc>
<status status="PASS" start="2024-06-30T04:17:05.675634" elapsed="0.099829"/>
</kw>
<kw name="Set Variable" owner="BuiltIn">
<msg time="2024-06-30T04:17:05.776384" level="INFO">${json_data} = {'results': [{'gender': 'female', 'name': {'title': 'Ms', 'first': 'Leticia', 'last': 'Garica'}, 'location': {'street': {'number': 2843, 'name': 'Avenida Guanajuato'}, 'city': 'Ejido La Victoria', 'st...</msg>
<var>${json_data}</var>
<arg>${response.json()}</arg>
<doc>Returns the given values which can then be assigned to a variables.</doc>
<status status="PASS" start="2024-06-30T04:17:05.775935" elapsed="0.000478"/>
</kw>
<kw name="Log" owner="BuiltIn">
<msg time="2024-06-30T04:17:05.776876" level="INFO">{'results': [{'gender': 'female', 'name': {'title': 'Ms', 'first': 'Leticia', 'last': 'Garica'}, 'location': {'street': {'number': 2843, 'name': 'Avenida Guanajuato'}, 'city': 'Ejido La Victoria', 'state': 'Tamaulipas', 'country': 'Mexico', 'postcode': 49364, 'coordinates': {'latitude': '27.7563', 'longitude': '112.3941'}, 'timezone': {'offset': '-9:00', 'description': 'Alaska'}}, 'email': 'leticia.garica@example.com', 'login': {'uuid': '95d1413d-6cd8-4f7a-b4fe-ebf88b406476', 'username': 'whitetiger742', 'password': 'venom', 'salt': 'X2F9EOoq', 'md5': '463aa77fd6901c0aa44aa9476bd23a0f', 'sha1': 'fe244b48870e50b8c546b05ead797e1d58952bb1', 'sha256': '69f174d3fd2da5fdae71554f25c8ba628088fdc30af9683dc5c8fbe78af6f952'}, 'dob': {'date': '2000-02-13T00:32:23.586Z', 'age': 24}, 'registered': {'date': '2012-05-24T04:22:04.957Z', 'age': 12}, 'phone': '(672) 043 4330', 'cell': '(679) 795 7506', 'id': {'name': 'NSS', 'value': '40 97 15 1579 3'}, 'picture': {'large': 'https://randomuser.me/api/portraits/women/53.jpg', 'medium': 'https://randomuser.me/api/portraits/med/women/53.jpg', 'thumbnail': 'https://randomuser.me/api/portraits/thumb/women/53.jpg'}, 'nat': 'MX'}], 'info': {'seed': '49ef8527697c7d57', 'results': 1, 'page': 1, 'version': '1.4'}}</msg>
<arg>${json_data}</arg>
<doc>Logs the given message with the given level.</doc>
<status status="PASS" start="2024-06-30T04:17:05.776722" elapsed="0.000201"/>
</kw>
<kw name="Should Be Equal As Numbers" owner="BuiltIn">
<arg>${json_data['results'][0]['location']['postcode']}</arg>
<arg>${json_data['results'][0]['location']['postcode']}</arg>
<doc>Fails if objects are unequal after converting them to real numbers.</doc>
<status status="PASS" start="2024-06-30T04:17:05.777217" elapsed="0.000639"/>
</kw>
<kw name="Log" owner="BuiltIn">
<msg time="2024-06-30T04:17:05.778573" level="INFO">49364</msg>
<arg>${json_data['results'][0]['location']['postcode']}</arg>
<doc>Logs the given message with the given level.</doc>
<status status="PASS" start="2024-06-30T04:17:05.778100" elapsed="0.000516"/>
</kw>
<status status="PASS" start="2024-06-30T04:17:05.675420" elapsed="0.103483"/>
</kw>
<doc>Testa se os tipos de dados na resposta da API estão corretos.</doc>
<tag>testeTiposDados</tag>
<status status="PASS" start="2024-06-30T04:17:05.596344" elapsed="0.182721"/>
</test>
<test id="s1-s1-t5" name="Validar conteudo" line="35">
<kw name="Teste de Tipos de Conteudo" owner="random-user-service">
<kw name="GET On Session" owner="RequestsLibrary">
<msg time="2024-06-30T04:17:05.866107" level="INFO">GET Request : url=https://randomuser.me/api 
 path_url=/api 
 headers={'User-Agent': 'python-requests/2.32.3', 'Accept-Encoding': 'gzip, deflate', 'Accept': '*/*', 'Connection': 'keep-alive'} 
 body=None 
 </msg>
<msg time="2024-06-30T04:17:05.866170" level="INFO">GET Response : url=https://randomuser.me/api 
 status=200, reason=OK 
 headers={'Date': 'Sun, 30 Jun 2024 04:17:05 GMT', 'Content-Type': 'application/json; charset=utf-8', 'Transfer-Encoding': 'chunked', 'Connection': 'keep-alive', 'X-Powered-By': 'Express', 'Access-Control-Allow-Origin': '*', 'Cache-Control': 'no-cache', 'ETag': 'W/"486-OoMfanC45IINh57s1z+Xxvvuewk"', 'Vary': 'Accept-Encoding', 'Content-Encoding': 'gzip', 'CF-Cache-Status': 'DYNAMIC', 'Report-To': '{"endpoints":[{"url":"https:\\/\\/a.nel.cloudflare.com\\/report\\/v4?s=bGvXR0qWONCYsrI3OJEoKpSKFInqOnKrCGHFp%2BlvoZLBrxuVvWNxpTJsO0gKsrwT1GOcgm0bS3BELWq6a037DjNDHpuqimJqPCUgl5WPYfjNCoGredY1NZaM%2BCBXoD86"}],"group":"cf-nel","max_age":604800}', 'NEL': '{"success_fraction":0,"report_to":"cf-nel","max_age":604800}', 'Server': 'cloudflare', 'CF-RAY': '89bb583b2b7e5c94-ORD', 'alt-svc': 'h3=":443"; ma=86400'} 
 body={"results":[{"gender":"female","name":{"title":"Miss","first":"Angie","last":"Boyd"},"location":{"street":{"number":1004,"name":"Broadway"},"city":"Dundee","state":"Essex","country":"United Kingdom","postcode":"V7F 1XP","coordinates":{"latitude":"-10.6527","longitude":"150.6031"},"timezone":{"offset":"-11:00","description":"Midway Island, Samoa"}},"email":"angie.boyd@example.com","login":{"uuid":"11501045-21e8-4876-97bf-e507d2d545f7","username":"whitetiger421","password":"queen","salt":"f3FFBxeC","md5":"923cf9913df28dec9e5d491e6af3dd8c","sha1":"1277ea0457e373d5a99ea1909990fea57ad79b1c","sha256":"c41e2a70404ed8129d3168130fb456a3941e5d110d4cfe2af62fdd6b56cfd315"},"dob":{"date":"1947-03-06T06:57:17.377Z","age":77},"registered":{"date":"2012-01-01T18:11:20.317Z","age":12},"phone":"017684 73554","cell":"07849 341956","id":{"name":"NINO","value":"NP 88 59 55 Z"},"picture":{"large":"https://randomuser.me/api/portraits/women/82.jpg","medium":"https://randomuser.me/api/portraits/med/women/82.jpg","thumbnail":"https://randomuser.me/api/portraits/thumb/women/82.jpg"},"nat":"GB"}],"info":{"seed":"41cfbc5706deab88","results":1,"page":1,"version":"1.4"}} 
 </msg>
<msg time="2024-06-30T04:17:05.866223" level="INFO">/opt/hostedtoolcache/Python/3.12.4/x64/lib/python3.12/site-packages/urllib3/connectionpool.py:1099: InsecureRequestWarning: Unverified HTTPS request is being made to host 'randomuser.me'. Adding certificate verification is strongly advised. See: https://urllib3.readthedocs.io/en/latest/advanced-usage.html#tls-warnings
  warnings.warn(</msg>
<msg time="2024-06-30T04:17:05.866324" level="INFO">${response} = &lt;Response [200]&gt;</msg>
<var>${response}</var>
<arg>consultarAPI</arg>
<arg>/api</arg>
<doc>Sends a GET request on a previously created HTTP Session.</doc>
<status status="PASS" start="2024-06-30T04:17:05.781441" elapsed="0.084924"/>
</kw>
<kw name="Set Variable" owner="BuiltIn">
<msg time="2024-06-30T04:17:05.867160" level="INFO">${json_data} = {'results': [{'gender': 'female', 'name': {'title': 'Miss', 'first': 'Angie', 'last': 'Boyd'}, 'location': {'street': {'number': 1004, 'name': 'Broadway'}, 'city': 'Dundee', 'state': 'Essex', 'country...</msg>
<var>${json_data}</var>
<arg>${response.json()}</arg>
<doc>Returns the given values which can then be assigned to a variables.</doc>
<status status="PASS" start="2024-06-30T04:17:05.866726" elapsed="0.000462"/>
</kw>
<kw name="Set Variable" owner="BuiltIn">
<msg time="2024-06-30T04:17:05.867856" level="INFO">${name_title} = Miss</msg>
<var>${name_title}</var>
<arg>${json_data["results"][0]["name"]["title"]}</arg>
<doc>Returns the given values which can then be assigned to a variables.</doc>
<status status="PASS" start="2024-06-30T04:17:05.867485" elapsed="0.000395"/>
</kw>
<kw name="Create List" owner="BuiltIn">
<msg time="2024-06-30T04:17:05.868317" level="INFO">${allowed_titles} = ['Mr', 'Ms', 'Miss', 'Mrs', 'Madame', 'Monsieur']</msg>
<var>${allowed_titles}</var>
<arg>Mr</arg>
<arg>Ms</arg>
<arg>Miss</arg>
<arg>Mrs</arg>
<arg>Madame</arg>
<arg>Monsieur</arg>
<doc>Returns a list containing given items.</doc>
<status status="PASS" start="2024-06-30T04:17:05.868170" elapsed="0.000171"/>
</kw>
<kw name="List Should Contain Value" owner="Collections">
<arg>${allowed_titles}</arg>
<arg>${name_title}</arg>
<doc>Fails if the ``value`` is not found from ``list``.</doc>
<status status="PASS" start="2024-06-30T04:17:05.868635" elapsed="0.000173"/>
</kw>
<kw name="Set Variable" owner="BuiltIn">
<msg time="2024-06-30T04:17:05.869374" level="INFO">${name_country} = GB</msg>
<var>${name_country}</var>
<arg>${json_data["results"][0]["nat"]}</arg>
<doc>Returns the given values which can then be assigned to a variables.</doc>
<status status="PASS" start="2024-06-30T04:17:05.868985" elapsed="0.000414"/>
</kw>
<kw name="Create List" owner="BuiltIn">
<msg time="2024-06-30T04:17:05.870347" level="INFO">${list_country} = ['AD', 'AE', 'AF', 'AG', 'AI', 'AL', 'AM', 'AO', 'AQ', 'AR', 'AS', 'AT', 'AU', 'AW', 'AX', 'AZ', 'BA', 'BB', 'BD', 'BE', 'BF', 'BG', 'BH', 'BI', 'BJ', 'BL', 'BM', 'BN', 'BO', 'BQ', 'BR', 'BS', 'BT', '...</msg>
<var>${list_country}</var>
<arg>AD</arg>
<arg>AE</arg>
<arg>AF</arg>
<arg>AG</arg>
<arg>AI</arg>
<arg>AL</arg>
<arg>AM</arg>
<arg>AO</arg>
<arg>AQ</arg>
<arg>AR</arg>
<arg>AS</arg>
<arg>AT</arg>
<arg>AU</arg>
<arg>AW</arg>
<arg>AX</arg>
<arg>AZ</arg>
<arg>BA</arg>
<arg>BB</arg>
<arg>BD</arg>
<arg>BE</arg>
<arg>BF</arg>
<arg>BG</arg>
<arg>BH</arg>
<arg>BI</arg>
<arg>BJ</arg>
<arg>BL</arg>
<arg>BM</arg>
<arg>BN</arg>
<arg>BO</arg>
<arg>BQ</arg>
<arg>BR</arg>
<arg>BS</arg>
<arg>BT</arg>
<arg>BV</arg>
<arg>BW</arg>
<arg>BY</arg>
<arg>BZ</arg>
<arg>CA</arg>
<arg>CC</arg>
<arg>CD</arg>
<arg>CF</arg>
<arg>CG</arg>
<arg>CH</arg>
<arg>CI</arg>
<arg>CK</arg>
<arg>CL</arg>
<arg>CM</arg>
<arg>CN</arg>
<arg>CO</arg>
<arg>CR</arg>
<arg>CU</arg>
<arg>CV</arg>
<arg>CW</arg>
<arg>CX</arg>
<arg>CY</arg>
<arg>CZ</arg>
<arg>DE</arg>
<arg>DJ</arg>
<arg>DK</arg>
<arg>DM</arg>
<arg>DO</arg>
<arg>DZ</arg>
<arg>EC</arg>
<arg>EE</arg>
<arg>EG</arg>
<arg>EH</arg>
<arg>ER</arg>
<arg>ES</arg>
<arg>ET</arg>
<arg>FI</arg>
<arg>FJ</arg>
<arg>FK</arg>
<arg>FM</arg>
<arg>FO</arg>
<arg>FR</arg>
<arg>GA</arg>
<arg>GB</arg>
<arg>GD</arg>
<arg>GE</arg>
<arg>GF</arg>
<arg>GG</arg>
<arg>GH</arg>
<arg>GI</arg>
<arg>GL</arg>
<arg>GM</arg>
<arg>GN</arg>
<arg>GP</arg>
<arg>GQ</arg>
<arg>GR</arg>
<arg>GS</arg>
<arg>GT</arg>
<arg>GU</arg>
<arg>GW</arg>
<arg>GY</arg>
<arg>HK</arg>
<arg>HM</arg>
<arg>HN</arg>
<arg>HR</arg>
<arg>HT</arg>
<arg>HU</arg>
<arg>ID</arg>
<arg>IE</arg>
<arg>IL</arg>
<arg>IM</arg>
<arg>IN</arg>
<arg>IO</arg>
<arg>IQ</arg>
<arg>IR</arg>
<arg>IS</arg>
<arg>IT</arg>
<arg>JE</arg>
<arg>JM</arg>
<arg>JO</arg>
<arg>JP</arg>
<arg>KE</arg>
<arg>KG</arg>
<arg>KH</arg>
<arg>KI</arg>
<arg>KM</arg>
<arg>KN</arg>
<arg>KP</arg>
<arg>KR</arg>
<arg>KW</arg>
<arg>KY</arg>
<arg>KZ</arg>
<arg>LA</arg>
<arg>LB</arg>
<arg>LC</arg>
<arg>LI</arg>
<arg>LK</arg>
<arg>LR</arg>
<arg>LS</arg>
<arg>LT</arg>
<arg>LU</arg>
<arg>LV</arg>
<arg>LY</arg>
<arg>MA</arg>
<arg>MC</arg>
<arg>MD</arg>
<arg>ME</arg>
<arg>MF</arg>
<arg>MG</arg>
<arg>MH</arg>
<arg>MK</arg>
<arg>ML</arg>
<arg>MM</arg>
<arg>MN</arg>
<arg>MO</arg>
<arg>MP</arg>
<arg>MQ</arg>
<arg>MR</arg>
<arg>MS</arg>
<arg>MT</arg>
<arg>MU</arg>
<arg>MV</arg>
<arg>MW</arg>
<arg>MX</arg>
<arg>MY</arg>
<arg>MZ</arg>
<arg>NA</arg>
<arg>NC</arg>
<arg>NE</arg>
<arg>NF</arg>
<arg>NG</arg>
<arg>NI</arg>
<arg>NL</arg>
<arg>NO</arg>
<arg>NP</arg>
<arg>NR</arg>
<arg>NU</arg>
<arg>NZ</arg>
<arg>OM</arg>
<arg>PA</arg>
<arg>PE</arg>
<arg>PF</arg>
<arg>PG</arg>
<arg>PH</arg>
<arg>PK</arg>
<arg>PL</arg>
<arg>PM</arg>
<arg>PN</arg>
<arg>PR</arg>
<arg>PS</arg>
<arg>PT</arg>
<arg>PW</arg>
<arg>PY</arg>
<arg>QA</arg>
<arg>RE</arg>
<arg>RO</arg>
<arg>RS</arg>
<arg>RU</arg>
<arg>RW</arg>
<arg>SA</arg>
<arg>SB</arg>
<arg>SC</arg>
<arg>SD</arg>
<arg>SE</arg>
<arg>SG</arg>
<arg>SH</arg>
<arg>SI</arg>
<arg>SJ</arg>
<arg>SK</arg>
<arg>SL</arg>
<arg>SM</arg>
<arg>SN</arg>
<arg>SO</arg>
<arg>SR</arg>
<arg>SS</arg>
<arg>ST</arg>
<arg>SV</arg>
<arg>SX</arg>
<arg>SY</arg>
<arg>SZ</arg>
<arg>TC</arg>
<arg>TD</arg>
<arg>TF</arg>
<arg>TG</arg>
<arg>TH</arg>
<arg>TJ</arg>
<arg>TK</arg>
<arg>TL</arg>
<arg>TM</arg>
<arg>TN</arg>
<arg>TO</arg>
<arg>TR</arg>
<arg>TT</arg>
<arg>TV</arg>
<arg>TW</arg>
<arg>TZ</arg>
<arg>UA</arg>
<arg>UG</arg>
<arg>UM</arg>
<arg>US</arg>
<arg>UY</arg>
<arg>UZ</arg>
<arg>VA</arg>
<arg>VC</arg>
<arg>VE</arg>
<arg>VG</arg>
<arg>VI</arg>
<arg>VN</arg>
<arg>VU</arg>
<arg>WF</arg>
<arg>WS</arg>
<arg>XK</arg>
<arg>YE</arg>
<arg>YT</arg>
<arg>ZA</arg>
<arg>ZM</arg>
<arg>ZW</arg>
<doc>Returns a list containing given items.</doc>
<status status="PASS" start="2024-06-30T04:17:05.869686" elapsed="0.000688"/>
</kw>
<kw name="List Should Contain Value" owner="Collections">
<arg>${list_country}</arg>
<arg>${name_country}</arg>
<doc>Fails if the ``value`` is not found from ``list``.</doc>
<status status="PASS" start="2024-06-30T04:17:05.871256" elapsed="0.000230"/>
</kw>
<kw name="Run Keyword If" owner="BuiltIn">
<kw name="Should Be True" owner="BuiltIn">
<arg>${True}</arg>
<doc>Fails if the given condition is not true.</doc>
<status status="PASS" start="2024-06-30T04:17:05.872421" elapsed="0.000141"/>
</kw>
<arg>${json_data["results"][0]["location"]["coordinates"]["latitude"]} &gt;= -90 and ${json_data["results"][0]["location"]["coordinates"]["latitude"]} &lt;= 90</arg>
<arg>Should Be True</arg>
<arg>${True}</arg>
<doc>Runs the given keyword with the given arguments, if ``condition`` is true.</doc>
<status status="PASS" start="2024-06-30T04:17:05.871679" elapsed="0.001006"/>
</kw>
<kw name="Run Keyword If" owner="BuiltIn">
<kw name="Should Be True" owner="BuiltIn">
<arg>${True}</arg>
<doc>Fails if the given condition is not true.</doc>
<status status="PASS" start="2024-06-30T04:17:05.873547" elapsed="0.000225"/>
</kw>
<arg>${json_data["results"][0]["location"]["coordinates"]["longitude"]} &gt;= -180 and ${json_data["results"][0]["location"]["coordinates"]["longitude"]} &lt;= 180</arg>
<arg>Should Be True</arg>
<arg>${True}</arg>
<doc>Runs the given keyword with the given arguments, if ``condition`` is true.</doc>
<status status="PASS" start="2024-06-30T04:17:05.872859" elapsed="0.001037"/>
</kw>
<status status="PASS" start="2024-06-30T04:17:05.781225" elapsed="0.092840"/>
</kw>
<doc>Testa o conteúdo específico dos campos retornados pela API.</doc>
<tag>testeConteudo</tag>
<status status="PASS" start="2024-06-30T04:17:05.780807" elapsed="0.093404"/>
</test>
<status status="PASS" start="2024-06-30T04:17:04.945053" elapsed="0.931019"/>
</suite>
<status status="PASS" start="2024-06-30T04:17:04.930865" elapsed="0.950116"/>
</suite>
<statistics>
<total>
<stat pass="5" fail="0" skip="0">All Tests</stat>
</total>
<tag>
<stat pass="1" fail="0" skip="0">testeConteudo</stat>
<stat pass="1" fail="0" skip="0">testeEstruturaResposta</stat>
<stat pass="1" fail="0" skip="0">testeRequisicaoBasica</stat>
<stat pass="1" fail="0" skip="0">testeTiposDados</stat>
</tag>
<suite>
<stat pass="5" fail="0" skip="0" id="s1" name="Tests">Tests</stat>
<stat pass="5" fail="0" skip="0" id="s1-s1" name="Random-User-Test">Tests.Random-User-Test</stat>
</suite>
</statistics>
<errors>
</errors>
</robot>
