<?xml version="1.0" encoding="UTF-8"?>
<robot generator="Robot 7.0.1 (Python 3.12.4 on linux)" generated="2024-07-22T19:13:10.969029" rpa="false" schemaversion="5">
<suite id="s1" name="Tests" source="/home/runner/work/ApiRandomUser/ApiRandomUser/RamdonUser/tests">
<suite id="s1-s1" name="Random-User-Test" source="/home/runner/work/ApiRandomUser/ApiRandomUser/RamdonUser/tests/random-user-test.robot">
<test id="s1-s1-t1" name="Conectar" line="13">
<kw name="Conectar API" owner="random-user-service">
<kw name="Create Session" owner="RequestsLibrary">
<msg time="2024-07-22T19:13:11.371976" level="INFO">Creating Session using : alias=consultarAPI, url=https://randomuser.me/, headers={},                     cookies={}, auth=None, timeout=None, proxies=None, verify=False,                     debug=0 </msg>
<arg>consultarAPI</arg>
<arg>${URL}</arg>
<doc>Create Session: create a HTTP session to a server</doc>
<status status="PASS" start="2024-07-22T19:13:11.371710" elapsed="0.000464"/>
</kw>
<status status="PASS" start="2024-07-22T19:13:11.370593" elapsed="0.001980"/>
</kw>
<status status="PASS" start="2024-07-22T19:13:11.369948" elapsed="0.002830"/>
</test>
<test id="s1-s1-t2" name="Validar retorno 200 e JSON Válido" line="16">
<kw name="Teste de Requisicao Basica" owner="random-user-service">
<kw name="GET On Session" owner="RequestsLibrary">
<msg time="2024-07-22T19:13:11.564678" level="INFO">GET Request : url=https://randomuser.me/api 
 path_url=/api 
 headers={'User-Agent': 'python-requests/2.32.3', 'Accept-Encoding': 'gzip, deflate', 'Accept': '*/*', 'Connection': 'keep-alive'} 
 body=None 
 </msg>
<msg time="2024-07-22T19:13:11.564845" level="INFO">GET Response : url=https://randomuser.me/api 
 status=200, reason=OK 
 headers={'Date': 'Mon, 22 Jul 2024 19:13:11 GMT', 'Content-Type': 'application/json; charset=utf-8', 'Transfer-Encoding': 'chunked', 'Connection': 'keep-alive', 'X-Powered-By': 'Express', 'Access-Control-Allow-Origin': '*', 'Cache-Control': 'no-cache', 'ETag': 'W/"4a9-+Hpup+oIalUDuyBI6LD+lxRkg9s"', 'Vary': 'Accept-Encoding', 'Content-Encoding': 'gzip', 'CF-Cache-Status': 'DYNAMIC', 'Report-To': '{"endpoints":[{"url":"https:\\/\\/a.nel.cloudflare.com\\/report\\/v4?s=TW7Y0QMTRdezW5gbNxzhF9jXjtRXPDQekURr3Eh3r8qJQsN6BCAKczNf9x28nPCwArM0r7blKYKRsLkfhECUMTe1DDusmHeIV1t4TwWkj5ICS9QwaEMYqqZ80viq8BBW"}],"group":"cf-nel","max_age":604800}', 'NEL': '{"success_fraction":0,"report_to":"cf-nel","max_age":604800}', 'Server': 'cloudflare', 'CF-RAY': '8a75bf1f096f062b-IAD', 'alt-svc': 'h3=":443"; ma=86400'} 
 body={"results":[{"gender":"female","name":{"title":"Miss","first":"Louanne","last":"Bertrand"},"location":{"street":{"number":5183,"name":"Rue Louis-Blanqui"},"city":"Limoges","state":"Lot-et-Garonne","country":"France","postcode":87604,"coordinates":{"latitude":"-16.2691","longitude":"143.3987"},"timezone":{"offset":"-7:00","description":"Mountain Time (US &amp; Canada)"}},"email":"louanne.bertrand@example.com","login":{"uuid":"91428e79-da2d-407b-bdac-e0e661155114","username":"smallwolf133","password":"ncc1701a","salt":"Ok3aEQC3","md5":"a132071dcf502b25d05a1c2efae891dd","sha1":"02ac9440dad8024330d26756ece9f59a95954fc8","sha256":"7b71b66f1ad7a06cbd365fbe10bfba0d97e9e19d297c7847a46aeea2162e9241"},"dob":{"date":"1996-11-30T16:09:31.058Z","age":27},"registered":{"date":"2009-12-01T06:58:54.456Z","age":14},"phone":"01-03-31-13-53","cell":"06-39-77-63-80","id":{"name":"INSEE","value":"2961082569789 18"},"picture":{"large":"https://randomuser.me/api/portraits/women/38.jpg","medium":"https://randomuser.me/api/portraits/med/women/38.jpg","thumbnail":"https://randomuser.me/api/portraits/thumb/women/38.jpg"},"nat":"FR"}],"info":{"seed":"3e02cb85f4357f11","results":1,"page":1,"version":"1.4"}} 
 </msg>
<msg time="2024-07-22T19:13:11.564940" level="INFO">/opt/hostedtoolcache/Python/3.12.4/x64/lib/python3.12/site-packages/urllib3/connectionpool.py:1099: InsecureRequestWarning: Unverified HTTPS request is being made to host 'randomuser.me'. Adding certificate verification is strongly advised. See: https://urllib3.readthedocs.io/en/latest/advanced-usage.html#tls-warnings
  warnings.warn(</msg>
<msg time="2024-07-22T19:13:11.565097" level="INFO">${response} = &lt;Response [200]&gt;</msg>
<var>${response}</var>
<arg>consultarAPI</arg>
<arg>/api</arg>
<doc>Sends a GET request on a previously created HTTP Session.</doc>
<status status="PASS" start="2024-07-22T19:13:11.375529" elapsed="0.189611"/>
</kw>
<kw name="Should Be Equal As Numbers" owner="BuiltIn">
<msg time="2024-07-22T19:13:11.566546" level="INFO">Argument types are:
&lt;class 'int'&gt;
&lt;class 'str'&gt;</msg>
<arg>${response.status_code}</arg>
<arg>200</arg>
<doc>Fails if objects are unequal after converting them to real numbers.</doc>
<status status="PASS" start="2024-07-22T19:13:11.565879" elapsed="0.000741"/>
</kw>
<kw name="Log" owner="BuiltIn">
<msg time="2024-07-22T19:13:11.567401" level="INFO">200</msg>
<arg>${response.status_code}</arg>
<doc>Logs the given message with the given level.</doc>
<status status="PASS" start="2024-07-22T19:13:11.567009" elapsed="0.000438"/>
</kw>
<kw name="Set Variable" owner="BuiltIn">
<msg time="2024-07-22T19:13:11.568276" level="INFO">${json_data} = {'results': [{'gender': 'female', 'name': {'title': 'Miss', 'first': 'Louanne', 'last': 'Bertrand'}, 'location': {'street': {'number': 5183, 'name': 'Rue Louis-Blanqui'}, 'city': 'Limoges', 'state': '...</msg>
<var>${json_data}</var>
<arg>${response.json()}</arg>
<doc>Returns the given values which can then be assigned to a variables.</doc>
<status status="PASS" start="2024-07-22T19:13:11.567811" elapsed="0.000494"/>
</kw>
<kw name="Dictionary Should Contain Key" owner="Collections">
<arg>${json_data}</arg>
<arg>results</arg>
<doc>Fails if ``key`` is not found from ``dictionary``.</doc>
<status status="PASS" start="2024-07-22T19:13:11.568625" elapsed="0.000352"/>
</kw>
<status status="PASS" start="2024-07-22T19:13:11.375267" elapsed="0.193870"/>
</kw>
<doc>Testa se a API responde corretamente e retorna um objeto JSON válido.</doc>
<tag>testeRequisicaoBasica</tag>
<status status="PASS" start="2024-07-22T19:13:11.374698" elapsed="0.194625"/>
</test>
<test id="s1-s1-t3" name="Validar estrutura de resposta" line="22">
<kw name="Teste de Estrutura de Resposta" owner="random-user-service">
<kw name="GET On Session" owner="RequestsLibrary">
<msg time="2024-07-22T19:13:11.673030" level="INFO">GET Request : url=https://randomuser.me/api 
 path_url=/api 
 headers={'User-Agent': 'python-requests/2.32.3', 'Accept-Encoding': 'gzip, deflate', 'Accept': '*/*', 'Connection': 'keep-alive'} 
 body=None 
 </msg>
<msg time="2024-07-22T19:13:11.673152" level="INFO">GET Response : url=https://randomuser.me/api 
 status=200, reason=OK 
 headers={'Date': 'Mon, 22 Jul 2024 19:13:11 GMT', 'Content-Type': 'application/json; charset=utf-8', 'Transfer-Encoding': 'chunked', 'Connection': 'keep-alive', 'X-Powered-By': 'Express', 'Access-Control-Allow-Origin': '*', 'Cache-Control': 'no-cache', 'ETag': 'W/"4a6-d0sOi7mTRi6nRi5sPv0v+oDaTZ4"', 'Vary': 'Accept-Encoding', 'Content-Encoding': 'gzip', 'CF-Cache-Status': 'DYNAMIC', 'Report-To': '{"endpoints":[{"url":"https:\\/\\/a.nel.cloudflare.com\\/report\\/v4?s=25jJNmBCdOVwZrU0Xg7Ocis2ToGWf55ZBJDpdl3Yb5ol0%2FlFImIq24CudRnyjAxrgy77yZ8LR9v%2FTsCeuyb54cAv0Y1ZCLm%2BCBXqeVzz5wIgtTA%2FFcNx7Ivpw2%2BBXeS%2F"}],"group":"cf-nel","max_age":604800}', 'NEL': '{"success_fraction":0,"report_to":"cf-nel","max_age":604800}', 'Server': 'cloudflare', 'CF-RAY': '8a75bf1f59de062b-IAD', 'alt-svc': 'h3=":443"; ma=86400'} 
 body={"results":[{"gender":"male","name":{"title":"Mr","first":"Liam","last":"Gaillard"},"location":{"street":{"number":1252,"name":"Place de L'Abbé-Georges-Hénocque"},"city":"Vitry-sur-Seine","state":"Haute-Corse","country":"France","postcode":53012,"coordinates":{"latitude":"-15.4891","longitude":"-29.2906"},"timezone":{"offset":"+6:00","description":"Almaty, Dhaka, Colombo"}},"email":"liam.gaillard@example.com","login":{"uuid":"75c23f57-9563-4ab7-9064-cfad62473607","username":"happyfish805","password":"1976","salt":"KuxnOSCh","md5":"9b74b5c4790b5a1124680abb6e663115","sha1":"7ca8ea8727953327e1656a74c363aee721ff5680","sha256":"ee3bedeb57b16554774ded338201176aeda58beb212d8852fce28a6e74647c93"},"dob":{"date":"2000-10-21T03:03:21.134Z","age":23},"registered":{"date":"2014-11-05T09:48:26.134Z","age":9},"phone":"03-12-42-40-44","cell":"06-70-00-43-34","id":{"name":"INSEE","value":"11000982411882 76"},"picture":{"large":"https://randomuser.me/api/portraits/men/82.jpg","medium":"https://randomuser.me/api/portraits/med/men/82.jpg","thumbnail":"https://randomuser.me/api/portraits/thumb/men/82.jpg"},"nat":"FR"}],"info":{"seed":"3d2265ac5e7e3246","results":1,"page":1,"version":"1.4"}} 
 </msg>
<msg time="2024-07-22T19:13:11.673319" level="INFO">/opt/hostedtoolcache/Python/3.12.4/x64/lib/python3.12/site-packages/urllib3/connectionpool.py:1099: InsecureRequestWarning: Unverified HTTPS request is being made to host 'randomuser.me'. Adding certificate verification is strongly advised. See: https://urllib3.readthedocs.io/en/latest/advanced-usage.html#tls-warnings
  warnings.warn(</msg>
<msg time="2024-07-22T19:13:11.673460" level="INFO">${response} = &lt;Response [200]&gt;</msg>
<var>${response}</var>
<arg>consultarAPI</arg>
<arg>/api</arg>
<doc>Sends a GET request on a previously created HTTP Session.</doc>
<status status="PASS" start="2024-07-22T19:13:11.572416" elapsed="0.101073"/>
</kw>
<kw name="Set Variable" owner="BuiltIn">
<msg time="2024-07-22T19:13:11.674692" level="INFO">${json_data} = {'results': [{'gender': 'male', 'name': {'title': 'Mr', 'first': 'Liam', 'last': 'Gaillard'}, 'location': {'street': {'number': 1252, 'name': "Place de L'Abbé-Georges-Hénocque"}, 'city': 'Vitry-sur-Se...</msg>
<var>${json_data}</var>
<arg>${response.json()}</arg>
<doc>Returns the given values which can then be assigned to a variables.</doc>
<status status="PASS" start="2024-07-22T19:13:11.674105" elapsed="0.000618"/>
</kw>
<kw name="Log" owner="BuiltIn">
<msg time="2024-07-22T19:13:11.675278" level="INFO">{'results': [{'gender': 'male', 'name': {'title': 'Mr', 'first': 'Liam', 'last': 'Gaillard'}, 'location': {'street': {'number': 1252, 'name': "Place de L'Abbé-Georges-Hénocque"}, 'city': 'Vitry-sur-Seine', 'state': 'Haute-Corse', 'country': 'France', 'postcode': 53012, 'coordinates': {'latitude': '-15.4891', 'longitude': '-29.2906'}, 'timezone': {'offset': '+6:00', 'description': 'Almaty, Dhaka, Colombo'}}, 'email': 'liam.gaillard@example.com', 'login': {'uuid': '75c23f57-9563-4ab7-9064-cfad62473607', 'username': 'happyfish805', 'password': '1976', 'salt': 'KuxnOSCh', 'md5': '9b74b5c4790b5a1124680abb6e663115', 'sha1': '7ca8ea8727953327e1656a74c363aee721ff5680', 'sha256': 'ee3bedeb57b16554774ded338201176aeda58beb212d8852fce28a6e74647c93'}, 'dob': {'date': '2000-10-21T03:03:21.134Z', 'age': 23}, 'registered': {'date': '2014-11-05T09:48:26.134Z', 'age': 9}, 'phone': '03-12-42-40-44', 'cell': '06-70-00-43-34', 'id': {'name': 'INSEE', 'value': '11000982411882 76'}, 'picture': {'large': 'https://randomuser.me/api/portraits/men/82.jpg', 'medium': 'https://randomuser.me/api/portraits/med/men/82.jpg', 'thumbnail': 'https://randomuser.me/api/portraits/thumb/men/82.jpg'}, 'nat': 'FR'}], 'info': {'seed': '3d2265ac5e7e3246', 'results': 1, 'page': 1, 'version': '1.4'}}</msg>
<arg>${json_data}</arg>
<doc>Logs the given message with the given level.</doc>
<status status="PASS" start="2024-07-22T19:13:11.675100" elapsed="0.000236"/>
</kw>
<kw name="Dictionary Should Contain Key" owner="Collections">
<arg>${json_data}</arg>
<arg>results</arg>
<doc>Fails if ``key`` is not found from ``dictionary``.</doc>
<status status="PASS" start="2024-07-22T19:13:11.675656" elapsed="0.000217"/>
</kw>
<kw name="Should Not Be Empty" owner="BuiltIn">
<msg time="2024-07-22T19:13:11.676222" level="INFO">Length is 2.</msg>
<arg>${json_data}</arg>
<doc>Verifies that the given item is not empty.</doc>
<status status="PASS" start="2024-07-22T19:13:11.676083" elapsed="0.000178"/>
</kw>
<kw name="Create List" owner="BuiltIn">
<msg time="2024-07-22T19:13:11.676716" level="INFO">${expected_keys} = ['gender', 'name', 'location', 'email', 'login']</msg>
<var>${expected_keys}</var>
<arg>gender</arg>
<arg>name</arg>
<arg>location</arg>
<arg>email</arg>
<arg>login</arg>
<doc>Returns a list containing given items.</doc>
<status status="PASS" start="2024-07-22T19:13:11.676560" elapsed="0.000180"/>
</kw>
<for flavor="IN">
<iter>
<kw name="Dictionary Should Contain Key" owner="Collections">
<arg>${json_data['results'][0]}</arg>
<arg>${key}</arg>
<doc>Fails if ``key`` is not found from ``dictionary``.</doc>
<status status="PASS" start="2024-07-22T19:13:11.677346" elapsed="0.000424"/>
</kw>
<kw name="Log" owner="BuiltIn">
<msg time="2024-07-22T19:13:11.678330" level="INFO">{'gender': 'male', 'name': {'title': 'Mr', 'first': 'Liam', 'last': 'Gaillard'}, 'location': {'street': {'number': 1252, 'name': "Place de L'Abbé-Georges-Hénocque"}, 'city': 'Vitry-sur-Seine', 'state': 'Haute-Corse', 'country': 'France', 'postcode': 53012, 'coordinates': {'latitude': '-15.4891', 'longitude': '-29.2906'}, 'timezone': {'offset': '+6:00', 'description': 'Almaty, Dhaka, Colombo'}}, 'email': 'liam.gaillard@example.com', 'login': {'uuid': '75c23f57-9563-4ab7-9064-cfad62473607', 'username': 'happyfish805', 'password': '1976', 'salt': 'KuxnOSCh', 'md5': '9b74b5c4790b5a1124680abb6e663115', 'sha1': '7ca8ea8727953327e1656a74c363aee721ff5680', 'sha256': 'ee3bedeb57b16554774ded338201176aeda58beb212d8852fce28a6e74647c93'}, 'dob': {'date': '2000-10-21T03:03:21.134Z', 'age': 23}, 'registered': {'date': '2014-11-05T09:48:26.134Z', 'age': 9}, 'phone': '03-12-42-40-44', 'cell': '06-70-00-43-34', 'id': {'name': 'INSEE', 'value': '11000982411882 76'}, 'picture': {'large': 'https://randomuser.me/api/portraits/men/82.jpg', 'medium': 'https://randomuser.me/api/portraits/med/men/82.jpg', 'thumbnail': 'https://randomuser.me/api/portraits/thumb/men/82.jpg'}, 'nat': 'FR'}</msg>
<arg>${json_data['results'][0]}</arg>
<doc>Logs the given message with the given level.</doc>
<status status="PASS" start="2024-07-22T19:13:11.677958" elapsed="0.000426"/>
</kw>
<kw name="Log" owner="BuiltIn">
<msg time="2024-07-22T19:13:11.678824" level="INFO">gender</msg>
<arg>${key}</arg>
<doc>Logs the given message with the given level.</doc>
<status status="PASS" start="2024-07-22T19:13:11.678694" elapsed="0.000173"/>
</kw>
<var name="${key}">gender</var>
<status status="PASS" start="2024-07-22T19:13:11.677216" elapsed="0.001892"/>
</iter>
<iter>
<kw name="Dictionary Should Contain Key" owner="Collections">
<arg>${json_data['results'][0]}</arg>
<arg>${key}</arg>
<doc>Fails if ``key`` is not found from ``dictionary``.</doc>
<status status="PASS" start="2024-07-22T19:13:11.679422" elapsed="0.000408"/>
</kw>
<kw name="Log" owner="BuiltIn">
<msg time="2024-07-22T19:13:11.680420" level="INFO">{'gender': 'male', 'name': {'title': 'Mr', 'first': 'Liam', 'last': 'Gaillard'}, 'location': {'street': {'number': 1252, 'name': "Place de L'Abbé-Georges-Hénocque"}, 'city': 'Vitry-sur-Seine', 'state': 'Haute-Corse', 'country': 'France', 'postcode': 53012, 'coordinates': {'latitude': '-15.4891', 'longitude': '-29.2906'}, 'timezone': {'offset': '+6:00', 'description': 'Almaty, Dhaka, Colombo'}}, 'email': 'liam.gaillard@example.com', 'login': {'uuid': '75c23f57-9563-4ab7-9064-cfad62473607', 'username': 'happyfish805', 'password': '1976', 'salt': 'KuxnOSCh', 'md5': '9b74b5c4790b5a1124680abb6e663115', 'sha1': '7ca8ea8727953327e1656a74c363aee721ff5680', 'sha256': 'ee3bedeb57b16554774ded338201176aeda58beb212d8852fce28a6e74647c93'}, 'dob': {'date': '2000-10-21T03:03:21.134Z', 'age': 23}, 'registered': {'date': '2014-11-05T09:48:26.134Z', 'age': 9}, 'phone': '03-12-42-40-44', 'cell': '06-70-00-43-34', 'id': {'name': 'INSEE', 'value': '11000982411882 76'}, 'picture': {'large': 'https://randomuser.me/api/portraits/men/82.jpg', 'medium': 'https://randomuser.me/api/portraits/med/men/82.jpg', 'thumbnail': 'https://randomuser.me/api/portraits/thumb/men/82.jpg'}, 'nat': 'FR'}</msg>
<arg>${json_data['results'][0]}</arg>
<doc>Logs the given message with the given level.</doc>
<status status="PASS" start="2024-07-22T19:13:11.680051" elapsed="0.000422"/>
</kw>
<kw name="Log" owner="BuiltIn">
<msg time="2024-07-22T19:13:11.680902" level="INFO">name</msg>
<arg>${key}</arg>
<doc>Logs the given message with the given level.</doc>
<status status="PASS" start="2024-07-22T19:13:11.680773" elapsed="0.000166"/>
</kw>
<var name="${key}">name</var>
<status status="PASS" start="2024-07-22T19:13:11.679307" elapsed="0.001873"/>
</iter>
<iter>
<kw name="Dictionary Should Contain Key" owner="Collections">
<arg>${json_data['results'][0]}</arg>
<arg>${key}</arg>
<doc>Fails if ``key`` is not found from ``dictionary``.</doc>
<status status="PASS" start="2024-07-22T19:13:11.681532" elapsed="0.000394"/>
</kw>
<kw name="Log" owner="BuiltIn">
<msg time="2024-07-22T19:13:11.682481" level="INFO">{'gender': 'male', 'name': {'title': 'Mr', 'first': 'Liam', 'last': 'Gaillard'}, 'location': {'street': {'number': 1252, 'name': "Place de L'Abbé-Georges-Hénocque"}, 'city': 'Vitry-sur-Seine', 'state': 'Haute-Corse', 'country': 'France', 'postcode': 53012, 'coordinates': {'latitude': '-15.4891', 'longitude': '-29.2906'}, 'timezone': {'offset': '+6:00', 'description': 'Almaty, Dhaka, Colombo'}}, 'email': 'liam.gaillard@example.com', 'login': {'uuid': '75c23f57-9563-4ab7-9064-cfad62473607', 'username': 'happyfish805', 'password': '1976', 'salt': 'KuxnOSCh', 'md5': '9b74b5c4790b5a1124680abb6e663115', 'sha1': '7ca8ea8727953327e1656a74c363aee721ff5680', 'sha256': 'ee3bedeb57b16554774ded338201176aeda58beb212d8852fce28a6e74647c93'}, 'dob': {'date': '2000-10-21T03:03:21.134Z', 'age': 23}, 'registered': {'date': '2014-11-05T09:48:26.134Z', 'age': 9}, 'phone': '03-12-42-40-44', 'cell': '06-70-00-43-34', 'id': {'name': 'INSEE', 'value': '11000982411882 76'}, 'picture': {'large': 'https://randomuser.me/api/portraits/men/82.jpg', 'medium': 'https://randomuser.me/api/portraits/med/men/82.jpg', 'thumbnail': 'https://randomuser.me/api/portraits/thumb/men/82.jpg'}, 'nat': 'FR'}</msg>
<arg>${json_data['results'][0]}</arg>
<doc>Logs the given message with the given level.</doc>
<status status="PASS" start="2024-07-22T19:13:11.682120" elapsed="0.000412"/>
</kw>
<kw name="Log" owner="BuiltIn">
<msg time="2024-07-22T19:13:11.682967" level="INFO">location</msg>
<arg>${key}</arg>
<doc>Logs the given message with the given level.</doc>
<status status="PASS" start="2024-07-22T19:13:11.682839" elapsed="0.000166"/>
</kw>
<var name="${key}">location</var>
<status status="PASS" start="2024-07-22T19:13:11.681409" elapsed="0.001815"/>
</iter>
<iter>
<kw name="Dictionary Should Contain Key" owner="Collections">
<arg>${json_data['results'][0]}</arg>
<arg>${key}</arg>
<doc>Fails if ``key`` is not found from ``dictionary``.</doc>
<status status="PASS" start="2024-07-22T19:13:11.683505" elapsed="0.000424"/>
</kw>
<kw name="Log" owner="BuiltIn">
<msg time="2024-07-22T19:13:11.684631" level="INFO">{'gender': 'male', 'name': {'title': 'Mr', 'first': 'Liam', 'last': 'Gaillard'}, 'location': {'street': {'number': 1252, 'name': "Place de L'Abbé-Georges-Hénocque"}, 'city': 'Vitry-sur-Seine', 'state': 'Haute-Corse', 'country': 'France', 'postcode': 53012, 'coordinates': {'latitude': '-15.4891', 'longitude': '-29.2906'}, 'timezone': {'offset': '+6:00', 'description': 'Almaty, Dhaka, Colombo'}}, 'email': 'liam.gaillard@example.com', 'login': {'uuid': '75c23f57-9563-4ab7-9064-cfad62473607', 'username': 'happyfish805', 'password': '1976', 'salt': 'KuxnOSCh', 'md5': '9b74b5c4790b5a1124680abb6e663115', 'sha1': '7ca8ea8727953327e1656a74c363aee721ff5680', 'sha256': 'ee3bedeb57b16554774ded338201176aeda58beb212d8852fce28a6e74647c93'}, 'dob': {'date': '2000-10-21T03:03:21.134Z', 'age': 23}, 'registered': {'date': '2014-11-05T09:48:26.134Z', 'age': 9}, 'phone': '03-12-42-40-44', 'cell': '06-70-00-43-34', 'id': {'name': 'INSEE', 'value': '11000982411882 76'}, 'picture': {'large': 'https://randomuser.me/api/portraits/men/82.jpg', 'medium': 'https://randomuser.me/api/portraits/med/men/82.jpg', 'thumbnail': 'https://randomuser.me/api/portraits/thumb/men/82.jpg'}, 'nat': 'FR'}</msg>
<arg>${json_data['results'][0]}</arg>
<doc>Logs the given message with the given level.</doc>
<status status="PASS" start="2024-07-22T19:13:11.684269" elapsed="0.000413"/>
</kw>
<kw name="Log" owner="BuiltIn">
<msg time="2024-07-22T19:13:11.685112" level="INFO">email</msg>
<arg>${key}</arg>
<doc>Logs the given message with the given level.</doc>
<status status="PASS" start="2024-07-22T19:13:11.684983" elapsed="0.000166"/>
</kw>
<var name="${key}">email</var>
<status status="PASS" start="2024-07-22T19:13:11.683397" elapsed="0.001968"/>
</iter>
<iter>
<kw name="Dictionary Should Contain Key" owner="Collections">
<arg>${json_data['results'][0]}</arg>
<arg>${key}</arg>
<doc>Fails if ``key`` is not found from ``dictionary``.</doc>
<status status="PASS" start="2024-07-22T19:13:11.685647" elapsed="0.000378"/>
</kw>
<kw name="Log" owner="BuiltIn">
<msg time="2024-07-22T19:13:11.686563" level="INFO">{'gender': 'male', 'name': {'title': 'Mr', 'first': 'Liam', 'last': 'Gaillard'}, 'location': {'street': {'number': 1252, 'name': "Place de L'Abbé-Georges-Hénocque"}, 'city': 'Vitry-sur-Seine', 'state': 'Haute-Corse', 'country': 'France', 'postcode': 53012, 'coordinates': {'latitude': '-15.4891', 'longitude': '-29.2906'}, 'timezone': {'offset': '+6:00', 'description': 'Almaty, Dhaka, Colombo'}}, 'email': 'liam.gaillard@example.com', 'login': {'uuid': '75c23f57-9563-4ab7-9064-cfad62473607', 'username': 'happyfish805', 'password': '1976', 'salt': 'KuxnOSCh', 'md5': '9b74b5c4790b5a1124680abb6e663115', 'sha1': '7ca8ea8727953327e1656a74c363aee721ff5680', 'sha256': 'ee3bedeb57b16554774ded338201176aeda58beb212d8852fce28a6e74647c93'}, 'dob': {'date': '2000-10-21T03:03:21.134Z', 'age': 23}, 'registered': {'date': '2014-11-05T09:48:26.134Z', 'age': 9}, 'phone': '03-12-42-40-44', 'cell': '06-70-00-43-34', 'id': {'name': 'INSEE', 'value': '11000982411882 76'}, 'picture': {'large': 'https://randomuser.me/api/portraits/men/82.jpg', 'medium': 'https://randomuser.me/api/portraits/med/men/82.jpg', 'thumbnail': 'https://randomuser.me/api/portraits/thumb/men/82.jpg'}, 'nat': 'FR'}</msg>
<arg>${json_data['results'][0]}</arg>
<doc>Logs the given message with the given level.</doc>
<status status="PASS" start="2024-07-22T19:13:11.686213" elapsed="0.000401"/>
</kw>
<kw name="Log" owner="BuiltIn">
<msg time="2024-07-22T19:13:11.687044" level="INFO">login</msg>
<arg>${key}</arg>
<doc>Logs the given message with the given level.</doc>
<status status="PASS" start="2024-07-22T19:13:11.686917" elapsed="0.000164"/>
</kw>
<var name="${key}">login</var>
<status status="PASS" start="2024-07-22T19:13:11.685539" elapsed="0.001756"/>
</iter>
<var>${key}</var>
<value>@{expected_keys}</value>
<status status="PASS" start="2024-07-22T19:13:11.677014" elapsed="0.010401"/>
</for>
<kw name="Create List" owner="BuiltIn">
<msg time="2024-07-22T19:13:11.687804" level="INFO">${expected_keysTwo} = ['username', 'password']</msg>
<var>${expected_keysTwo}</var>
<arg>username</arg>
<arg>password</arg>
<doc>Returns a list containing given items.</doc>
<status status="PASS" start="2024-07-22T19:13:11.687641" elapsed="0.000190"/>
</kw>
<for flavor="IN">
<iter>
<kw name="Dictionary Should Contain Key" owner="Collections">
<arg>${json_data['results'][0]['login']}</arg>
<arg>${keyTwo}</arg>
<doc>Fails if ``key`` is not found from ``dictionary``.</doc>
<status status="PASS" start="2024-07-22T19:13:11.688342" elapsed="0.000379"/>
</kw>
<kw name="Dictionary Should Contain Key" owner="Collections">
<arg>${json_data['results'][0]['login']}</arg>
<arg>${keyTwo}</arg>
<doc>Fails if ``key`` is not found from ``dictionary``.</doc>
<status status="PASS" start="2024-07-22T19:13:11.688902" elapsed="0.000392"/>
</kw>
<kw name="Log" owner="BuiltIn">
<msg time="2024-07-22T19:13:11.689591" level="INFO">username</msg>
<arg>${keyTwo}</arg>
<doc>Logs the given message with the given level.</doc>
<status status="PASS" start="2024-07-22T19:13:11.689471" elapsed="0.000158"/>
</kw>
<var name="${keyTwo}">username</var>
<status status="PASS" start="2024-07-22T19:13:11.688236" elapsed="0.001614"/>
</iter>
<iter>
<kw name="Dictionary Should Contain Key" owner="Collections">
<arg>${json_data['results'][0]['login']}</arg>
<arg>${keyTwo}</arg>
<doc>Fails if ``key`` is not found from ``dictionary``.</doc>
<status status="PASS" start="2024-07-22T19:13:11.690139" elapsed="0.000380"/>
</kw>
<kw name="Dictionary Should Contain Key" owner="Collections">
<arg>${json_data['results'][0]['login']}</arg>
<arg>${keyTwo}</arg>
<doc>Fails if ``key`` is not found from ``dictionary``.</doc>
<status status="PASS" start="2024-07-22T19:13:11.690695" elapsed="0.000374"/>
</kw>
<kw name="Log" owner="BuiltIn">
<msg time="2024-07-22T19:13:11.691371" level="INFO">password</msg>
<arg>${keyTwo}</arg>
<doc>Logs the given message with the given level.</doc>
<status status="PASS" start="2024-07-22T19:13:11.691246" elapsed="0.000161"/>
</kw>
<var name="${keyTwo}">password</var>
<status status="PASS" start="2024-07-22T19:13:11.690022" elapsed="0.001606"/>
</iter>
<var>${keyTwo}</var>
<value>@{expected_keysTwo}</value>
<status status="PASS" start="2024-07-22T19:13:11.688077" elapsed="0.003670"/>
</for>
<status status="PASS" start="2024-07-22T19:13:11.572061" elapsed="0.119863"/>
</kw>
<doc>Testa a estrutura da resposta da API.</doc>
<tag>testeEstruturaResposta</tag>
<status status="PASS" start="2024-07-22T19:13:11.571201" elapsed="0.120885"/>
</test>
<test id="s1-s1-t4" name="Validar tipos de dados" line="28">
<kw name="Teste de Tipos de Dados" owner="random-user-service">
<kw name="GET On Session" owner="RequestsLibrary">
<msg time="2024-07-22T19:13:11.824662" level="INFO">GET Request : url=https://randomuser.me/api 
 path_url=/api 
 headers={'User-Agent': 'python-requests/2.32.3', 'Accept-Encoding': 'gzip, deflate', 'Accept': '*/*', 'Connection': 'keep-alive'} 
 body=None 
 </msg>
<msg time="2024-07-22T19:13:11.824792" level="INFO">GET Response : url=https://randomuser.me/api 
 status=200, reason=OK 
 headers={'Date': 'Mon, 22 Jul 2024 19:13:11 GMT', 'Content-Type': 'application/json; charset=utf-8', 'Transfer-Encoding': 'chunked', 'Connection': 'keep-alive', 'X-Powered-By': 'Express', 'Access-Control-Allow-Origin': '*', 'Cache-Control': 'no-cache', 'ETag': 'W/"496-iLJ+AgDYb9mZ4YrU+OoorELhnjQ"', 'Vary': 'Accept-Encoding', 'Content-Encoding': 'gzip', 'CF-Cache-Status': 'DYNAMIC', 'Report-To': '{"endpoints":[{"url":"https:\\/\\/a.nel.cloudflare.com\\/report\\/v4?s=mDnnAOBqrqEVT3V7rP13R4l5XvVvrZjSItMvUshBJFUjLe%2BvRaKMod3U01gMB5c9WvW%2FF9qZSO7ERiNXvScfcXQBI1C4xjTkqiROFJRtNpVyoOG%2Fvzp7xbTwuy41ArQ6"}],"group":"cf-nel","max_age":604800}', 'NEL': '{"success_fraction":0,"report_to":"cf-nel","max_age":604800}', 'Server': 'cloudflare', 'CF-RAY': '8a75bf201abb062b-IAD', 'alt-svc': 'h3=":443"; ma=86400'} 
 body={"results":[{"gender":"male","name":{"title":"Monsieur","first":"Andres","last":"Laurent"},"location":{"street":{"number":3859,"name":"Avenue Debrousse"},"city":"Bülach","state":"Ticino","country":"Switzerland","postcode":2669,"coordinates":{"latitude":"-60.6132","longitude":"-148.0214"},"timezone":{"offset":"-8:00","description":"Pacific Time (US &amp; Canada)"}},"email":"andres.laurent@example.com","login":{"uuid":"172602c7-378f-4faa-85cc-7d4628ebab9d","username":"smallrabbit529","password":"duke","salt":"mCI09ONc","md5":"9cf44dea196f7b5f659483e734652274","sha1":"6de1ff35b2b5c2c8c51640b913b3621101faedaa","sha256":"cdee7c68126cd3c23c5fa9cc13af14b45697caaf4f41306f43416027e7c252b0"},"dob":{"date":"1992-01-03T04:19:20.103Z","age":32},"registered":{"date":"2007-06-16T20:47:20.662Z","age":17},"phone":"077 966 76 85","cell":"076 087 83 37","id":{"name":"AVS","value":"756.8209.3116.68"},"picture":{"large":"https://randomuser.me/api/portraits/men/42.jpg","medium":"https://randomuser.me/api/portraits/med/men/42.jpg","thumbnail":"https://randomuser.me/api/portraits/thumb/men/42.jpg"},"nat":"CH"}],"info":{"seed":"5bb6ea4ad3eeb8e8","results":1,"page":1,"version":"1.4"}} 
 </msg>
<msg time="2024-07-22T19:13:11.824888" level="INFO">/opt/hostedtoolcache/Python/3.12.4/x64/lib/python3.12/site-packages/urllib3/connectionpool.py:1099: InsecureRequestWarning: Unverified HTTPS request is being made to host 'randomuser.me'. Adding certificate verification is strongly advised. See: https://urllib3.readthedocs.io/en/latest/advanced-usage.html#tls-warnings
  warnings.warn(</msg>
<msg time="2024-07-22T19:13:11.825037" level="INFO">${response} = &lt;Response [200]&gt;</msg>
<var>${response}</var>
<arg>consultarAPI</arg>
<arg>/api</arg>
<doc>Sends a GET request on a previously created HTTP Session.</doc>
<status status="PASS" start="2024-07-22T19:13:11.694648" elapsed="0.130438"/>
</kw>
<kw name="Set Variable" owner="BuiltIn">
<msg time="2024-07-22T19:13:11.826481" level="INFO">${json_data} = {'results': [{'gender': 'male', 'name': {'title': 'Monsieur', 'first': 'Andres', 'last': 'Laurent'}, 'location': {'street': {'number': 3859, 'name': 'Avenue Debrousse'}, 'city': 'Bülach', 'state': 'Ti...</msg>
<var>${json_data}</var>
<arg>${response.json()}</arg>
<doc>Returns the given values which can then be assigned to a variables.</doc>
<status status="PASS" start="2024-07-22T19:13:11.825854" elapsed="0.000657"/>
</kw>
<kw name="Log" owner="BuiltIn">
<msg time="2024-07-22T19:13:11.826984" level="INFO">{'results': [{'gender': 'male', 'name': {'title': 'Monsieur', 'first': 'Andres', 'last': 'Laurent'}, 'location': {'street': {'number': 3859, 'name': 'Avenue Debrousse'}, 'city': 'Bülach', 'state': 'Ticino', 'country': 'Switzerland', 'postcode': 2669, 'coordinates': {'latitude': '-60.6132', 'longitude': '-148.0214'}, 'timezone': {'offset': '-8:00', 'description': 'Pacific Time (US &amp; Canada)'}}, 'email': 'andres.laurent@example.com', 'login': {'uuid': '172602c7-378f-4faa-85cc-7d4628ebab9d', 'username': 'smallrabbit529', 'password': 'duke', 'salt': 'mCI09ONc', 'md5': '9cf44dea196f7b5f659483e734652274', 'sha1': '6de1ff35b2b5c2c8c51640b913b3621101faedaa', 'sha256': 'cdee7c68126cd3c23c5fa9cc13af14b45697caaf4f41306f43416027e7c252b0'}, 'dob': {'date': '1992-01-03T04:19:20.103Z', 'age': 32}, 'registered': {'date': '2007-06-16T20:47:20.662Z', 'age': 17}, 'phone': '077 966 76 85', 'cell': '076 087 83 37', 'id': {'name': 'AVS', 'value': '756.8209.3116.68'}, 'picture': {'large': 'https://randomuser.me/api/portraits/men/42.jpg', 'medium': 'https://randomuser.me/api/portraits/med/men/42.jpg', 'thumbnail': 'https://randomuser.me/api/portraits/thumb/men/42.jpg'}, 'nat': 'CH'}], 'info': {'seed': '5bb6ea4ad3eeb8e8', 'results': 1, 'page': 1, 'version': '1.4'}}</msg>
<arg>${json_data}</arg>
<doc>Logs the given message with the given level.</doc>
<status status="PASS" start="2024-07-22T19:13:11.826824" elapsed="0.000210"/>
</kw>
<kw name="Should Be String" owner="String">
<arg>${json_data['results'][0]['gender']}</arg>
<doc>Fails if the given ``item`` is not a string.</doc>
<status status="PASS" start="2024-07-22T19:13:11.827324" elapsed="0.000364"/>
</kw>
<kw name="Should Match Regexp" owner="BuiltIn">
<arg>${json_data['results'][0]['email']}</arg>
<arg>^[a-zA-Z0-9._%+-]+@[a-zA-Z0-9.-]+\.[a-zA-Z]{2,}$</arg>
<doc>Fails if ``string`` does not match ``pattern`` as a regular expression.</doc>
<status status="PASS" start="2024-07-22T19:13:11.827974" elapsed="0.000528"/>
</kw>
<kw name="Should Match Regexp" owner="BuiltIn">
<arg>${json_data['results'][0]['dob']['date']}</arg>
<arg>\\d{4}-\\d{2}-\\d{2}T\\d{2}:\\d{2}:\\d{2}\\.\\d{3}Z</arg>
<doc>Fails if ``string`` does not match ``pattern`` as a regular expression.</doc>
<status status="PASS" start="2024-07-22T19:13:11.828700" elapsed="0.000630"/>
</kw>
<kw name="Should Match Regexp" owner="BuiltIn">
<arg>${json_data['results'][0]['registered']['date']}</arg>
<arg>\\d{4}-\\d{2}-\\d{2}T\\d{2}:\\d{2}:\\d{2}\\.\\d{3}Z</arg>
<doc>Fails if ``string`` does not match ``pattern`` as a regular expression.</doc>
<status status="PASS" start="2024-07-22T19:13:11.829523" elapsed="0.000367"/>
</kw>
<kw name="Should Match Regexp" owner="BuiltIn">
<arg>${json_data['results'][0]['picture']['large']}</arg>
<arg>^https?://.*\.(?:png|jpe?g|gif|bmp)$</arg>
<doc>Fails if ``string`` does not match ``pattern`` as a regular expression.</doc>
<status status="PASS" start="2024-07-22T19:13:11.830074" elapsed="0.000452"/>
</kw>
<kw name="Should Match Regexp" owner="BuiltIn">
<arg>${json_data['results'][0]['picture']['medium']}</arg>
<arg>^https?://.*\.(?:png|jpe?g|gif|bmp)$</arg>
<doc>Fails if ``string`` does not match ``pattern`` as a regular expression.</doc>
<status status="PASS" start="2024-07-22T19:13:11.830712" elapsed="0.000348"/>
</kw>
<kw name="Should Match Regexp" owner="BuiltIn">
<arg>${json_data['results'][0]['picture']['thumbnail']}</arg>
<arg>^https?://.*\.(?:png|jpe?g|gif|bmp)$</arg>
<doc>Fails if ``string`` does not match ``pattern`` as a regular expression.</doc>
<status status="PASS" start="2024-07-22T19:13:11.831238" elapsed="0.000344"/>
</kw>
<kw name="Log" owner="BuiltIn">
<msg time="2024-07-22T19:13:11.832126" level="INFO">{'large': 'https://randomuser.me/api/portraits/men/42.jpg', 'medium': 'https://randomuser.me/api/portraits/med/men/42.jpg', 'thumbnail': 'https://randomuser.me/api/portraits/thumb/men/42.jpg'}</msg>
<arg>${json_data['results'][0]['picture']}</arg>
<doc>Logs the given message with the given level.</doc>
<status status="PASS" start="2024-07-22T19:13:11.831786" elapsed="0.000381"/>
</kw>
<status status="PASS" start="2024-07-22T19:13:11.694418" elapsed="0.138009"/>
</kw>
<kw name="Teste de Tipos de Dados - Postcode" owner="random-user-service">
<kw name="GET On Session" owner="RequestsLibrary">
<msg time="2024-07-22T19:13:11.882594" level="INFO">GET Request : url=https://randomuser.me/api 
 path_url=/api 
 headers={'User-Agent': 'python-requests/2.32.3', 'Accept-Encoding': 'gzip, deflate', 'Accept': '*/*', 'Connection': 'keep-alive'} 
 body=None 
 </msg>
<msg time="2024-07-22T19:13:11.882683" level="INFO">GET Response : url=https://randomuser.me/api 
 status=200, reason=OK 
 headers={'Date': 'Mon, 22 Jul 2024 19:13:11 GMT', 'Content-Type': 'application/json; charset=utf-8', 'Transfer-Encoding': 'chunked', 'Connection': 'keep-alive', 'X-Powered-By': 'Express', 'Access-Control-Allow-Origin': '*', 'Cache-Control': 'no-cache', 'ETag': 'W/"495-E5Jh9fr4hLYXOQCQbpqpaEe32wQ"', 'Vary': 'Accept-Encoding', 'Content-Encoding': 'gzip', 'CF-Cache-Status': 'DYNAMIC', 'Report-To': '{"endpoints":[{"url":"https:\\/\\/a.nel.cloudflare.com\\/report\\/v4?s=HmpCgEazi1fgJRAI41O3INTiQ2s%2BIiHWdIiWN4ggpYl0hcXKA2%2BNU90ueycEhtu9yNbnG38YnI8jvIQEOdd%2BnG%2BB1ozatLfia7p3QfwrMjbU853VSiK48SYhsIaOli%2FX"}],"group":"cf-nel","max_age":604800}', 'NEL': '{"success_fraction":0,"report_to":"cf-nel","max_age":604800}', 'Server': 'cloudflare', 'CF-RAY': '8a75bf20fb9b062b-IAD', 'alt-svc': 'h3=":443"; ma=86400'} 
 body={"results":[{"gender":"male","name":{"title":"Mr","first":"Wallace","last":"Cruz"},"location":{"street":{"number":9334,"name":"Smokey Ln"},"city":"Toowoomba","state":"South Australia","country":"Australia","postcode":5426,"coordinates":{"latitude":"-81.4672","longitude":"-38.2302"},"timezone":{"offset":"-4:00","description":"Atlantic Time (Canada), Caracas, La Paz"}},"email":"wallace.cruz@example.com","login":{"uuid":"f24ecd9d-256b-4829-874e-7f0e00b07567","username":"goldentiger510","password":"jellybea","salt":"jwzQHkMq","md5":"1a6ebe16bceef762e793e4271c13abf1","sha1":"15fdecadf6cd2994efd92cfeb4561d4bc679d537","sha256":"5ece69f01858eb2281cb053bd3001517c2735a6daeae7c465f52fd38c94c6b3f"},"dob":{"date":"1999-08-12T03:10:17.903Z","age":24},"registered":{"date":"2003-02-16T13:46:10.463Z","age":21},"phone":"00-0704-3449","cell":"0450-099-338","id":{"name":"TFN","value":"279795407"},"picture":{"large":"https://randomuser.me/api/portraits/men/89.jpg","medium":"https://randomuser.me/api/portraits/med/men/89.jpg","thumbnail":"https://randomuser.me/api/portraits/thumb/men/89.jpg"},"nat":"AU"}],"info":{"seed":"698671725a368987","results":1,"page":1,"version":"1.4"}} 
 </msg>
<msg time="2024-07-22T19:13:11.882759" level="INFO">/opt/hostedtoolcache/Python/3.12.4/x64/lib/python3.12/site-packages/urllib3/connectionpool.py:1099: InsecureRequestWarning: Unverified HTTPS request is being made to host 'randomuser.me'. Adding certificate verification is strongly advised. See: https://urllib3.readthedocs.io/en/latest/advanced-usage.html#tls-warnings
  warnings.warn(</msg>
<msg time="2024-07-22T19:13:11.882860" level="INFO">${response} = &lt;Response [200]&gt;</msg>
<var>${response}</var>
<arg>consultarAPI</arg>
<arg>/api</arg>
<doc>Sends a GET request on a previously created HTTP Session.</doc>
<status status="PASS" start="2024-07-22T19:13:11.832874" elapsed="0.050026"/>
</kw>
<kw name="Set Variable" owner="BuiltIn">
<msg time="2024-07-22T19:13:11.884102" level="INFO">${json_data} = {'results': [{'gender': 'male', 'name': {'title': 'Mr', 'first': 'Wallace', 'last': 'Cruz'}, 'location': {'street': {'number': 9334, 'name': 'Smokey Ln'}, 'city': 'Toowoomba', 'state': 'South Australi...</msg>
<var>${json_data}</var>
<arg>${response.json()}</arg>
<doc>Returns the given values which can then be assigned to a variables.</doc>
<status status="PASS" start="2024-07-22T19:13:11.883434" elapsed="0.000695"/>
</kw>
<kw name="Log" owner="BuiltIn">
<msg time="2024-07-22T19:13:11.884592" level="INFO">{'results': [{'gender': 'male', 'name': {'title': 'Mr', 'first': 'Wallace', 'last': 'Cruz'}, 'location': {'street': {'number': 9334, 'name': 'Smokey Ln'}, 'city': 'Toowoomba', 'state': 'South Australia', 'country': 'Australia', 'postcode': 5426, 'coordinates': {'latitude': '-81.4672', 'longitude': '-38.2302'}, 'timezone': {'offset': '-4:00', 'description': 'Atlantic Time (Canada), Caracas, La Paz'}}, 'email': 'wallace.cruz@example.com', 'login': {'uuid': 'f24ecd9d-256b-4829-874e-7f0e00b07567', 'username': 'goldentiger510', 'password': 'jellybea', 'salt': 'jwzQHkMq', 'md5': '1a6ebe16bceef762e793e4271c13abf1', 'sha1': '15fdecadf6cd2994efd92cfeb4561d4bc679d537', 'sha256': '5ece69f01858eb2281cb053bd3001517c2735a6daeae7c465f52fd38c94c6b3f'}, 'dob': {'date': '1999-08-12T03:10:17.903Z', 'age': 24}, 'registered': {'date': '2003-02-16T13:46:10.463Z', 'age': 21}, 'phone': '00-0704-3449', 'cell': '0450-099-338', 'id': {'name': 'TFN', 'value': '279795407'}, 'picture': {'large': 'https://randomuser.me/api/portraits/men/89.jpg', 'medium': 'https://randomuser.me/api/portraits/med/men/89.jpg', 'thumbnail': 'https://randomuser.me/api/portraits/thumb/men/89.jpg'}, 'nat': 'AU'}], 'info': {'seed': '698671725a368987', 'results': 1, 'page': 1, 'version': '1.4'}}</msg>
<arg>${json_data}</arg>
<doc>Logs the given message with the given level.</doc>
<status status="PASS" start="2024-07-22T19:13:11.884438" elapsed="0.000200"/>
</kw>
<kw name="Should Be Equal As Numbers" owner="BuiltIn">
<arg>${json_data['results'][0]['location']['postcode']}</arg>
<arg>${json_data['results'][0]['location']['postcode']}</arg>
<doc>Fails if objects are unequal after converting them to real numbers.</doc>
<status status="PASS" start="2024-07-22T19:13:11.884927" elapsed="0.000617"/>
</kw>
<kw name="Log" owner="BuiltIn">
<msg time="2024-07-22T19:13:11.886105" level="INFO">5426</msg>
<arg>${json_data['results'][0]['location']['postcode']}</arg>
<doc>Logs the given message with the given level.</doc>
<status status="PASS" start="2024-07-22T19:13:11.885765" elapsed="0.000380"/>
</kw>
<status status="PASS" start="2024-07-22T19:13:11.832648" elapsed="0.053756"/>
</kw>
<doc>Testa se os tipos de dados na resposta da API estão corretos.</doc>
<tag>testeTiposDados</tag>
<status status="PASS" start="2024-07-22T19:13:11.693845" elapsed="0.192729"/>
</test>
<test id="s1-s1-t5" name="Validar conteudo" line="35">
<kw name="Teste de Tipos de Conteudo" owner="random-user-service">
<kw name="GET On Session" owner="RequestsLibrary">
<msg time="2024-07-22T19:13:12.020847" level="INFO">GET Request : url=https://randomuser.me/api 
 path_url=/api 
 headers={'User-Agent': 'python-requests/2.32.3', 'Accept-Encoding': 'gzip, deflate', 'Accept': '*/*', 'Connection': 'keep-alive'} 
 body=None 
 </msg>
<msg time="2024-07-22T19:13:12.020963" level="INFO">GET Response : url=https://randomuser.me/api 
 status=200, reason=OK 
 headers={'Date': 'Mon, 22 Jul 2024 19:13:12 GMT', 'Content-Type': 'application/json; charset=utf-8', 'Transfer-Encoding': 'chunked', 'Connection': 'keep-alive', 'X-Powered-By': 'Express', 'Access-Control-Allow-Origin': '*', 'Cache-Control': 'no-cache', 'ETag': 'W/"483-/ZP/IfqR6EMRUob/9HzF9B1yeXY"', 'Vary': 'Accept-Encoding', 'Content-Encoding': 'gzip', 'CF-Cache-Status': 'DYNAMIC', 'Report-To': '{"endpoints":[{"url":"https:\\/\\/a.nel.cloudflare.com\\/report\\/v4?s=WWDZjI7iCoFjz4%2FEi56DYgjJ3eAUc3Ek%2BL7OZDu5Y25mSwhd2pqNE9aMokvQBsQag%2BOs5FnFMRBxpnAxbrP8F5Xi7q1De7DWNfNCR6WWmgIiGpLM2M9GrT%2FUdo%2BwWb92"}],"group":"cf-nel","max_age":604800}', 'NEL': '{"success_fraction":0,"report_to":"cf-nel","max_age":604800}', 'Server': 'cloudflare', 'CF-RAY': '8a75bf215bf8062b-IAD', 'alt-svc': 'h3=":443"; ma=86400'} 
 body={"results":[{"gender":"male","name":{"title":"Mr","first":"Adrián","last":"Castillo"},"location":{"street":{"number":7923,"name":"Calle del Barquillo"},"city":"Almería","state":"Canarias","country":"Spain","postcode":12089,"coordinates":{"latitude":"-38.3911","longitude":"-125.8873"},"timezone":{"offset":"-11:00","description":"Midway Island, Samoa"}},"email":"adrian.castillo@example.com","login":{"uuid":"020cc120-2a21-4edc-827e-d5c049b61934","username":"lazytiger841","password":"bluemoon","salt":"jQie31YW","md5":"8f722da194fd74196a75066baee26a92","sha1":"4d57de654b0150d6a563bab1eabe54bad147176d","sha256":"b52f6b1668cac966568abca51f56bddfed51bcd4329bb00fb508110599610a54"},"dob":{"date":"1965-05-30T19:22:28.200Z","age":59},"registered":{"date":"2017-11-22T09:12:29.630Z","age":6},"phone":"925-741-622","cell":"617-567-217","id":{"name":"DNI","value":"27348211-E"},"picture":{"large":"https://randomuser.me/api/portraits/men/4.jpg","medium":"https://randomuser.me/api/portraits/med/men/4.jpg","thumbnail":"https://randomuser.me/api/portraits/thumb/men/4.jpg"},"nat":"ES"}],"info":{"seed":"dafb85f4a7c906cd","results":1,"page":1,"version":"1.4"}} 
 </msg>
<msg time="2024-07-22T19:13:12.021057" level="INFO">/opt/hostedtoolcache/Python/3.12.4/x64/lib/python3.12/site-packages/urllib3/connectionpool.py:1099: InsecureRequestWarning: Unverified HTTPS request is being made to host 'randomuser.me'. Adding certificate verification is strongly advised. See: https://urllib3.readthedocs.io/en/latest/advanced-usage.html#tls-warnings
  warnings.warn(</msg>
<msg time="2024-07-22T19:13:12.021184" level="INFO">${response} = &lt;Response [200]&gt;</msg>
<var>${response}</var>
<arg>consultarAPI</arg>
<arg>/api</arg>
<doc>Sends a GET request on a previously created HTTP Session.</doc>
<status status="PASS" start="2024-07-22T19:13:11.889314" elapsed="0.131910"/>
</kw>
<kw name="Set Variable" owner="BuiltIn">
<msg time="2024-07-22T19:13:12.022334" level="INFO">${json_data} = {'results': [{'gender': 'male', 'name': {'title': 'Mr', 'first': 'Adrián', 'last': 'Castillo'}, 'location': {'street': {'number': 7923, 'name': 'Calle del Barquillo'}, 'city': 'Almería', 'state': 'Can...</msg>
<var>${json_data}</var>
<arg>${response.json()}</arg>
<doc>Returns the given values which can then be assigned to a variables.</doc>
<status status="PASS" start="2024-07-22T19:13:12.021791" elapsed="0.000573"/>
</kw>
<kw name="Set Variable" owner="BuiltIn">
<msg time="2024-07-22T19:13:12.023058" level="INFO">${name_title} = Mr</msg>
<var>${name_title}</var>
<arg>${json_data["results"][0]["name"]["title"]}</arg>
<doc>Returns the given values which can then be assigned to a variables.</doc>
<status status="PASS" start="2024-07-22T19:13:12.022667" elapsed="0.000416"/>
</kw>
<kw name="Create List" owner="BuiltIn">
<msg time="2024-07-22T19:13:12.023525" level="INFO">${allowed_titles} = ['Mr', 'Ms', 'Miss', 'Mrs', 'Madame', 'Monsieur']</msg>
<var>${allowed_titles}</var>
<arg>Mr</arg>
<arg>Ms</arg>
<arg>Miss</arg>
<arg>Mrs</arg>
<arg>Madame</arg>
<arg>Monsieur</arg>
<doc>Returns a list containing given items.</doc>
<status status="PASS" start="2024-07-22T19:13:12.023378" elapsed="0.000171"/>
</kw>
<kw name="List Should Contain Value" owner="Collections">
<arg>${allowed_titles}</arg>
<arg>${name_title}</arg>
<doc>Fails if the ``value`` is not found from ``list``.</doc>
<status status="PASS" start="2024-07-22T19:13:12.023894" elapsed="0.000192"/>
</kw>
<kw name="Set Variable" owner="BuiltIn">
<msg time="2024-07-22T19:13:12.024650" level="INFO">${name_country} = ES</msg>
<var>${name_country}</var>
<arg>${json_data["results"][0]["nat"]}</arg>
<doc>Returns the given values which can then be assigned to a variables.</doc>
<status status="PASS" start="2024-07-22T19:13:12.024267" elapsed="0.000409"/>
</kw>
<kw name="Create List" owner="BuiltIn">
<msg time="2024-07-22T19:13:12.025564" level="INFO">${list_country} = ['AD', 'AE', 'AF', 'AG', 'AI', 'AL', 'AM', 'AO', 'AQ', 'AR', 'AS', 'AT', 'AU', 'AW', 'AX', 'AZ', 'BA', 'BB', 'BD', 'BE', 'BF', 'BG', 'BH', 'BI', 'BJ', 'BL', 'BM', 'BN', 'BO', 'BQ', 'BR', 'BS', 'BT', '...</msg>
<var>${list_country}</var>
<arg>AD</arg>
<arg>AE</arg>
<arg>AF</arg>
<arg>AG</arg>
<arg>AI</arg>
<arg>AL</arg>
<arg>AM</arg>
<arg>AO</arg>
<arg>AQ</arg>
<arg>AR</arg>
<arg>AS</arg>
<arg>AT</arg>
<arg>AU</arg>
<arg>AW</arg>
<arg>AX</arg>
<arg>AZ</arg>
<arg>BA</arg>
<arg>BB</arg>
<arg>BD</arg>
<arg>BE</arg>
<arg>BF</arg>
<arg>BG</arg>
<arg>BH</arg>
<arg>BI</arg>
<arg>BJ</arg>
<arg>BL</arg>
<arg>BM</arg>
<arg>BN</arg>
<arg>BO</arg>
<arg>BQ</arg>
<arg>BR</arg>
<arg>BS</arg>
<arg>BT</arg>
<arg>BV</arg>
<arg>BW</arg>
<arg>BY</arg>
<arg>BZ</arg>
<arg>CA</arg>
<arg>CC</arg>
<arg>CD</arg>
<arg>CF</arg>
<arg>CG</arg>
<arg>CH</arg>
<arg>CI</arg>
<arg>CK</arg>
<arg>CL</arg>
<arg>CM</arg>
<arg>CN</arg>
<arg>CO</arg>
<arg>CR</arg>
<arg>CU</arg>
<arg>CV</arg>
<arg>CW</arg>
<arg>CX</arg>
<arg>CY</arg>
<arg>CZ</arg>
<arg>DE</arg>
<arg>DJ</arg>
<arg>DK</arg>
<arg>DM</arg>
<arg>DO</arg>
<arg>DZ</arg>
<arg>EC</arg>
<arg>EE</arg>
<arg>EG</arg>
<arg>EH</arg>
<arg>ER</arg>
<arg>ES</arg>
<arg>ET</arg>
<arg>FI</arg>
<arg>FJ</arg>
<arg>FK</arg>
<arg>FM</arg>
<arg>FO</arg>
<arg>FR</arg>
<arg>GA</arg>
<arg>GB</arg>
<arg>GD</arg>
<arg>GE</arg>
<arg>GF</arg>
<arg>GG</arg>
<arg>GH</arg>
<arg>GI</arg>
<arg>GL</arg>
<arg>GM</arg>
<arg>GN</arg>
<arg>GP</arg>
<arg>GQ</arg>
<arg>GR</arg>
<arg>GS</arg>
<arg>GT</arg>
<arg>GU</arg>
<arg>GW</arg>
<arg>GY</arg>
<arg>HK</arg>
<arg>HM</arg>
<arg>HN</arg>
<arg>HR</arg>
<arg>HT</arg>
<arg>HU</arg>
<arg>ID</arg>
<arg>IE</arg>
<arg>IL</arg>
<arg>IM</arg>
<arg>IN</arg>
<arg>IO</arg>
<arg>IQ</arg>
<arg>IR</arg>
<arg>IS</arg>
<arg>IT</arg>
<arg>JE</arg>
<arg>JM</arg>
<arg>JO</arg>
<arg>JP</arg>
<arg>KE</arg>
<arg>KG</arg>
<arg>KH</arg>
<arg>KI</arg>
<arg>KM</arg>
<arg>KN</arg>
<arg>KP</arg>
<arg>KR</arg>
<arg>KW</arg>
<arg>KY</arg>
<arg>KZ</arg>
<arg>LA</arg>
<arg>LB</arg>
<arg>LC</arg>
<arg>LI</arg>
<arg>LK</arg>
<arg>LR</arg>
<arg>LS</arg>
<arg>LT</arg>
<arg>LU</arg>
<arg>LV</arg>
<arg>LY</arg>
<arg>MA</arg>
<arg>MC</arg>
<arg>MD</arg>
<arg>ME</arg>
<arg>MF</arg>
<arg>MG</arg>
<arg>MH</arg>
<arg>MK</arg>
<arg>ML</arg>
<arg>MM</arg>
<arg>MN</arg>
<arg>MO</arg>
<arg>MP</arg>
<arg>MQ</arg>
<arg>MR</arg>
<arg>MS</arg>
<arg>MT</arg>
<arg>MU</arg>
<arg>MV</arg>
<arg>MW</arg>
<arg>MX</arg>
<arg>MY</arg>
<arg>MZ</arg>
<arg>NA</arg>
<arg>NC</arg>
<arg>NE</arg>
<arg>NF</arg>
<arg>NG</arg>
<arg>NI</arg>
<arg>NL</arg>
<arg>NO</arg>
<arg>NP</arg>
<arg>NR</arg>
<arg>NU</arg>
<arg>NZ</arg>
<arg>OM</arg>
<arg>PA</arg>
<arg>PE</arg>
<arg>PF</arg>
<arg>PG</arg>
<arg>PH</arg>
<arg>PK</arg>
<arg>PL</arg>
<arg>PM</arg>
<arg>PN</arg>
<arg>PR</arg>
<arg>PS</arg>
<arg>PT</arg>
<arg>PW</arg>
<arg>PY</arg>
<arg>QA</arg>
<arg>RE</arg>
<arg>RO</arg>
<arg>RS</arg>
<arg>RU</arg>
<arg>RW</arg>
<arg>SA</arg>
<arg>SB</arg>
<arg>SC</arg>
<arg>SD</arg>
<arg>SE</arg>
<arg>SG</arg>
<arg>SH</arg>
<arg>SI</arg>
<arg>SJ</arg>
<arg>SK</arg>
<arg>SL</arg>
<arg>SM</arg>
<arg>SN</arg>
<arg>SO</arg>
<arg>SR</arg>
<arg>SS</arg>
<arg>ST</arg>
<arg>SV</arg>
<arg>SX</arg>
<arg>SY</arg>
<arg>SZ</arg>
<arg>TC</arg>
<arg>TD</arg>
<arg>TF</arg>
<arg>TG</arg>
<arg>TH</arg>
<arg>TJ</arg>
<arg>TK</arg>
<arg>TL</arg>
<arg>TM</arg>
<arg>TN</arg>
<arg>TO</arg>
<arg>TR</arg>
<arg>TT</arg>
<arg>TV</arg>
<arg>TW</arg>
<arg>TZ</arg>
<arg>UA</arg>
<arg>UG</arg>
<arg>UM</arg>
<arg>US</arg>
<arg>UY</arg>
<arg>UZ</arg>
<arg>VA</arg>
<arg>VC</arg>
<arg>VE</arg>
<arg>VG</arg>
<arg>VI</arg>
<arg>VN</arg>
<arg>VU</arg>
<arg>WF</arg>
<arg>WS</arg>
<arg>XK</arg>
<arg>YE</arg>
<arg>YT</arg>
<arg>ZA</arg>
<arg>ZM</arg>
<arg>ZW</arg>
<doc>Returns a list containing given items.</doc>
<status status="PASS" start="2024-07-22T19:13:12.024970" elapsed="0.000619"/>
</kw>
<kw name="List Should Contain Value" owner="Collections">
<arg>${list_country}</arg>
<arg>${name_country}</arg>
<doc>Fails if the ``value`` is not found from ``list``.</doc>
<status status="PASS" start="2024-07-22T19:13:12.026590" elapsed="0.000209"/>
</kw>
<kw name="Run Keyword If" owner="BuiltIn">
<kw name="Should Be True" owner="BuiltIn">
<arg>${True}</arg>
<doc>Fails if the given condition is not true.</doc>
<status status="PASS" start="2024-07-22T19:13:12.027771" elapsed="0.000147"/>
</kw>
<arg>${json_data["results"][0]["location"]["coordinates"]["latitude"]} &gt;= -90 and ${json_data["results"][0]["location"]["coordinates"]["latitude"]} &lt;= 90</arg>
<arg>Should Be True</arg>
<arg>${True}</arg>
<doc>Runs the given keyword with the given arguments, if ``condition`` is true.</doc>
<status status="PASS" start="2024-07-22T19:13:12.027002" elapsed="0.001041"/>
</kw>
<kw name="Run Keyword If" owner="BuiltIn">
<kw name="Should Be True" owner="BuiltIn">
<arg>${True}</arg>
<doc>Fails if the given condition is not true.</doc>
<status status="PASS" start="2024-07-22T19:13:12.028925" elapsed="0.000138"/>
</kw>
<arg>${json_data["results"][0]["location"]["coordinates"]["longitude"]} &gt;= -180 and ${json_data["results"][0]["location"]["coordinates"]["longitude"]} &lt;= 180</arg>
<arg>Should Be True</arg>
<arg>${True}</arg>
<doc>Runs the given keyword with the given arguments, if ``condition`` is true.</doc>
<status status="PASS" start="2024-07-22T19:13:12.028223" elapsed="0.000963"/>
</kw>
<status status="PASS" start="2024-07-22T19:13:11.889074" elapsed="0.140246"/>
</kw>
<doc>Testa o conteúdo específico dos campos retornados pela API.</doc>
<tag>testeConteudo</tag>
<status status="PASS" start="2024-07-22T19:13:11.888491" elapsed="0.140985"/>
</test>
<status status="PASS" start="2024-07-22T19:13:11.030822" elapsed="1.000624"/>
</suite>
<status status="PASS" start="2024-07-22T19:13:11.014512" elapsed="1.021979"/>
</suite>
<statistics>
<total>
<stat pass="5" fail="0" skip="0">All Tests</stat>
</total>
<tag>
<stat pass="1" fail="0" skip="0">testeConteudo</stat>
<stat pass="1" fail="0" skip="0">testeEstruturaResposta</stat>
<stat pass="1" fail="0" skip="0">testeRequisicaoBasica</stat>
<stat pass="1" fail="0" skip="0">testeTiposDados</stat>
</tag>
<suite>
<stat pass="5" fail="0" skip="0" id="s1" name="Tests">Tests</stat>
<stat pass="5" fail="0" skip="0" id="s1-s1" name="Random-User-Test">Tests.Random-User-Test</stat>
</suite>
</statistics>
<errors>
</errors>
</robot>
