<?xml version="1.0" encoding="UTF-8"?>
<robot generator="Robot 7.0.1 (Python 3.12.4 on linux)" generated="2024-07-28T18:20:20.434166" rpa="false" schemaversion="5">
<suite id="s1" name="Tests" source="/home/runner/work/ApiRandomUser/ApiRandomUser/RamdonUser/tests">
<suite id="s1-s1" name="Random-User-Test" source="/home/runner/work/ApiRandomUser/ApiRandomUser/RamdonUser/tests/random-user-test.robot">
<test id="s1-s1-t1" name="Conectar" line="13">
<kw name="Conectar API" owner="random-user-service">
<kw name="Create Session" owner="RequestsLibrary">
<msg time="2024-07-28T18:20:20.838118" level="INFO">Creating Session using : alias=consultarAPI, url=https://randomuser.me/, headers={},                     cookies={}, auth=None, timeout=None, proxies=None, verify=False,                     debug=0 </msg>
<arg>consultarAPI</arg>
<arg>${URL}</arg>
<doc>Create Session: create a HTTP session to a server</doc>
<status status="PASS" start="2024-07-28T18:20:20.837912" elapsed="0.000390"/>
</kw>
<status status="PASS" start="2024-07-28T18:20:20.836796" elapsed="0.001864"/>
</kw>
<status status="PASS" start="2024-07-28T18:20:20.836099" elapsed="0.002756"/>
</test>
<test id="s1-s1-t2" name="Validar retorno 200 e JSON Válido" line="16">
<kw name="Teste de Requisicao Basica" owner="random-user-service">
<kw name="GET On Session" owner="RequestsLibrary">
<msg time="2024-07-28T18:20:20.935587" level="INFO">GET Request : url=https://randomuser.me/api 
 path_url=/api 
 headers={'User-Agent': 'python-requests/2.32.3', 'Accept-Encoding': 'gzip, deflate', 'Accept': '*/*', 'Connection': 'keep-alive'} 
 body=None 
 </msg>
<msg time="2024-07-28T18:20:20.935725" level="INFO">GET Response : url=https://randomuser.me/api 
 status=200, reason=OK 
 headers={'Date': 'Sun, 28 Jul 2024 18:20:20 GMT', 'Content-Type': 'application/json; charset=utf-8', 'Transfer-Encoding': 'chunked', 'Connection': 'keep-alive', 'X-Powered-By': 'Express', 'Access-Control-Allow-Origin': '*', 'Cache-Control': 'no-cache', 'ETag': 'W/"49a-oJBQfkrAu1bH7sZcmgJwH2RbwBo"', 'Vary': 'Accept-Encoding', 'Content-Encoding': 'gzip', 'CF-Cache-Status': 'DYNAMIC', 'Report-To': '{"endpoints":[{"url":"https:\\/\\/a.nel.cloudflare.com\\/report\\/v4?s=vJx806%2FZA6F4aiItdbk4%2B7camksMAqQ6q2ogkfPWFvkmPupIUxzRuDWKgR7CxJ6Z8ad3GuYxQFSEL7xn4VZfp6ycr48Fr2ifdnI5mb%2FnikyDK%2FFzlAUYhBmoRK5l1zA4"}],"group":"cf-nel","max_age":604800}', 'NEL': '{"success_fraction":0,"report_to":"cf-nel","max_age":604800}', 'Server': 'cloudflare', 'CF-RAY': '8aa6e1f67b0b8710-ORD', 'alt-svc': 'h3=":443"; ma=86400'} 
 body={"results":[{"gender":"male","name":{"title":"Mr","first":"Jose","last":"Wacker"},"location":{"street":{"number":6555,"name":"Mozartstraße"},"city":"Neuenhaus","state":"Nordrhein-Westfalen","country":"Germany","postcode":34185,"coordinates":{"latitude":"-49.2725","longitude":"-121.2086"},"timezone":{"offset":"-3:00","description":"Brazil, Buenos Aires, Georgetown"}},"email":"jose.wacker@example.com","login":{"uuid":"8e5aa994-96ac-4f2d-88de-308b95731061","username":"ticklishtiger311","password":"lucas","salt":"MzQU0i2s","md5":"3a75610da8d6a5244f0b5d2a6e38e91c","sha1":"29271c863f8d50992da4f1c41dc6da0bc8fd66a3","sha256":"76c16f241cce144208d7e4e8e98c22f45ca692cb6105e936f8693a6516b5da71"},"dob":{"date":"1945-07-06T14:41:15.509Z","age":79},"registered":{"date":"2012-11-13T22:55:39.856Z","age":11},"phone":"0534-2004123","cell":"0177-1413001","id":{"name":"SVNR","value":"71 060745 W 151"},"picture":{"large":"https://randomuser.me/api/portraits/men/70.jpg","medium":"https://randomuser.me/api/portraits/med/men/70.jpg","thumbnail":"https://randomuser.me/api/portraits/thumb/men/70.jpg"},"nat":"DE"}],"info":{"seed":"f7d6f71ec28db959","results":1,"page":1,"version":"1.4"}} 
 </msg>
<msg time="2024-07-28T18:20:20.935801" level="INFO">/opt/hostedtoolcache/Python/3.12.4/x64/lib/python3.12/site-packages/urllib3/connectionpool.py:1099: InsecureRequestWarning: Unverified HTTPS request is being made to host 'randomuser.me'. Adding certificate verification is strongly advised. See: https://urllib3.readthedocs.io/en/latest/advanced-usage.html#tls-warnings
  warnings.warn(</msg>
<msg time="2024-07-28T18:20:20.935943" level="INFO">${response} = &lt;Response [200]&gt;</msg>
<var>${response}</var>
<arg>consultarAPI</arg>
<arg>/api</arg>
<doc>Sends a GET request on a previously created HTTP Session.</doc>
<status status="PASS" start="2024-07-28T18:20:20.841442" elapsed="0.094542"/>
</kw>
<kw name="Should Be Equal As Numbers" owner="BuiltIn">
<msg time="2024-07-28T18:20:20.937044" level="INFO">Argument types are:
&lt;class 'int'&gt;
&lt;class 'str'&gt;</msg>
<arg>${response.status_code}</arg>
<arg>200</arg>
<doc>Fails if objects are unequal after converting them to real numbers.</doc>
<status status="PASS" start="2024-07-28T18:20:20.936572" elapsed="0.000537"/>
</kw>
<kw name="Log" owner="BuiltIn">
<msg time="2024-07-28T18:20:20.937822" level="INFO">200</msg>
<arg>${response.status_code}</arg>
<doc>Logs the given message with the given level.</doc>
<status status="PASS" start="2024-07-28T18:20:20.937434" elapsed="0.000435"/>
</kw>
<kw name="Set Variable" owner="BuiltIn">
<msg time="2024-07-28T18:20:20.938623" level="INFO">${json_data} = {'results': [{'gender': 'male', 'name': {'title': 'Mr', 'first': 'Jose', 'last': 'Wacker'}, 'location': {'street': {'number': 6555, 'name': 'Mozartstraße'}, 'city': 'Neuenhaus', 'state': 'Nordrhein-We...</msg>
<var>${json_data}</var>
<arg>${response.json()}</arg>
<doc>Returns the given values which can then be assigned to a variables.</doc>
<status status="PASS" start="2024-07-28T18:20:20.938182" elapsed="0.000470"/>
</kw>
<kw name="Dictionary Should Contain Key" owner="Collections">
<arg>${json_data}</arg>
<arg>results</arg>
<doc>Fails if ``key`` is not found from ``dictionary``.</doc>
<status status="PASS" start="2024-07-28T18:20:20.938974" elapsed="0.000322"/>
</kw>
<status status="PASS" start="2024-07-28T18:20:20.841200" elapsed="0.098255"/>
</kw>
<doc>Testa se a API responde corretamente e retorna um objeto JSON válido.</doc>
<tag>testeRequisicaoBasica</tag>
<status status="PASS" start="2024-07-28T18:20:20.840721" elapsed="0.098908"/>
</test>
<test id="s1-s1-t3" name="Validar estrutura de resposta" line="22">
<kw name="Teste de Estrutura de Resposta" owner="random-user-service">
<kw name="GET On Session" owner="RequestsLibrary">
<msg time="2024-07-28T18:20:21.033962" level="INFO">GET Request : url=https://randomuser.me/api 
 path_url=/api 
 headers={'User-Agent': 'python-requests/2.32.3', 'Accept-Encoding': 'gzip, deflate', 'Accept': '*/*', 'Connection': 'keep-alive'} 
 body=None 
 </msg>
<msg time="2024-07-28T18:20:21.034050" level="INFO">GET Response : url=https://randomuser.me/api 
 status=200, reason=OK 
 headers={'Date': 'Sun, 28 Jul 2024 18:20:21 GMT', 'Content-Type': 'application/json; charset=utf-8', 'Transfer-Encoding': 'chunked', 'Connection': 'keep-alive', 'X-Powered-By': 'Express', 'Access-Control-Allow-Origin': '*', 'Cache-Control': 'no-cache', 'ETag': 'W/"4a2-VaDhqLgHCeGapB4bs0ZoOocHHLQ"', 'Vary': 'Accept-Encoding', 'Content-Encoding': 'gzip', 'CF-Cache-Status': 'DYNAMIC', 'Report-To': '{"endpoints":[{"url":"https:\\/\\/a.nel.cloudflare.com\\/report\\/v4?s=7TKFyL1ZIzDP%2FaIfqs9DA0w19BDvZNPojq0hf4y0l9XeYVu3DX%2FAGl%2B55mk1PBShOSlOV%2BfL%2B48l58ah5HwrVJAX50CS3CfhZYnypIy31z8SC3VdcbtGp%2FvurjcNvWe8"}],"group":"cf-nel","max_age":604800}', 'NEL': '{"success_fraction":0,"report_to":"cf-nel","max_age":604800}', 'Server': 'cloudflare', 'CF-RAY': '8aa6e1f6ebc88710-ORD', 'alt-svc': 'h3=":443"; ma=86400'} 
 body={"results":[{"gender":"female","name":{"title":"Mrs","first":"Nicoline","last":"Christiansen"},"location":{"street":{"number":4796,"name":"Åbakkevej"},"city":"Jerslev Sj","state":"Sjælland","country":"Denmark","postcode":88393,"coordinates":{"latitude":"-41.6022","longitude":"21.9056"},"timezone":{"offset":"-6:00","description":"Central Time (US &amp; Canada), Mexico City"}},"email":"nicoline.christiansen@example.com","login":{"uuid":"b2737f5c-dbf8-4bfa-b3b0-c438295535d4","username":"angryrabbit374","password":"pisces","salt":"S9FS9NDn","md5":"50a8ad5677290b14cbdd6575fc7b512e","sha1":"200cf5272c1267eb8060b7f0dcab8c25825fb788","sha256":"7670b58d1f53da291694cec019b83b7e6e2ed11d8daa40693e90bf759d6a670d"},"dob":{"date":"1957-06-30T14:33:38.717Z","age":67},"registered":{"date":"2013-06-28T09:01:49.278Z","age":11},"phone":"53323834","cell":"64360880","id":{"name":"CPR","value":"300657-5115"},"picture":{"large":"https://randomuser.me/api/portraits/women/17.jpg","medium":"https://randomuser.me/api/portraits/med/women/17.jpg","thumbnail":"https://randomuser.me/api/portraits/thumb/women/17.jpg"},"nat":"DK"}],"info":{"seed":"b3b18bf45fe73334","results":1,"page":1,"version":"1.4"}} 
 </msg>
<msg time="2024-07-28T18:20:21.034154" level="INFO">/opt/hostedtoolcache/Python/3.12.4/x64/lib/python3.12/site-packages/urllib3/connectionpool.py:1099: InsecureRequestWarning: Unverified HTTPS request is being made to host 'randomuser.me'. Adding certificate verification is strongly advised. See: https://urllib3.readthedocs.io/en/latest/advanced-usage.html#tls-warnings
  warnings.warn(</msg>
<msg time="2024-07-28T18:20:21.034253" level="INFO">${response} = &lt;Response [200]&gt;</msg>
<var>${response}</var>
<arg>consultarAPI</arg>
<arg>/api</arg>
<doc>Sends a GET request on a previously created HTTP Session.</doc>
<status status="PASS" start="2024-07-28T18:20:20.942305" elapsed="0.091990"/>
</kw>
<kw name="Set Variable" owner="BuiltIn">
<msg time="2024-07-28T18:20:21.035350" level="INFO">${json_data} = {'results': [{'gender': 'female', 'name': {'title': 'Mrs', 'first': 'Nicoline', 'last': 'Christiansen'}, 'location': {'street': {'number': 4796, 'name': 'Åbakkevej'}, 'city': 'Jerslev Sj', 'state': 'S...</msg>
<var>${json_data}</var>
<arg>${response.json()}</arg>
<doc>Returns the given values which can then be assigned to a variables.</doc>
<status status="PASS" start="2024-07-28T18:20:21.034782" elapsed="0.000598"/>
</kw>
<kw name="Log" owner="BuiltIn">
<msg time="2024-07-28T18:20:21.035858" level="INFO">{'results': [{'gender': 'female', 'name': {'title': 'Mrs', 'first': 'Nicoline', 'last': 'Christiansen'}, 'location': {'street': {'number': 4796, 'name': 'Åbakkevej'}, 'city': 'Jerslev Sj', 'state': 'Sjælland', 'country': 'Denmark', 'postcode': 88393, 'coordinates': {'latitude': '-41.6022', 'longitude': '21.9056'}, 'timezone': {'offset': '-6:00', 'description': 'Central Time (US &amp; Canada), Mexico City'}}, 'email': 'nicoline.christiansen@example.com', 'login': {'uuid': 'b2737f5c-dbf8-4bfa-b3b0-c438295535d4', 'username': 'angryrabbit374', 'password': 'pisces', 'salt': 'S9FS9NDn', 'md5': '50a8ad5677290b14cbdd6575fc7b512e', 'sha1': '200cf5272c1267eb8060b7f0dcab8c25825fb788', 'sha256': '7670b58d1f53da291694cec019b83b7e6e2ed11d8daa40693e90bf759d6a670d'}, 'dob': {'date': '1957-06-30T14:33:38.717Z', 'age': 67}, 'registered': {'date': '2013-06-28T09:01:49.278Z', 'age': 11}, 'phone': '53323834', 'cell': '64360880', 'id': {'name': 'CPR', 'value': '300657-5115'}, 'picture': {'large': 'https://randomuser.me/api/portraits/women/17.jpg', 'medium': 'https://randomuser.me/api/portraits/med/women/17.jpg', 'thumbnail': 'https://randomuser.me/api/portraits/thumb/women/17.jpg'}, 'nat': 'DK'}], 'info': {'seed': 'b3b18bf45fe73334', 'results': 1, 'page': 1, 'version': '1.4'}}</msg>
<arg>${json_data}</arg>
<doc>Logs the given message with the given level.</doc>
<status status="PASS" start="2024-07-28T18:20:21.035692" elapsed="0.000218"/>
</kw>
<kw name="Dictionary Should Contain Key" owner="Collections">
<arg>${json_data}</arg>
<arg>results</arg>
<doc>Fails if ``key`` is not found from ``dictionary``.</doc>
<status status="PASS" start="2024-07-28T18:20:21.036208" elapsed="0.000162"/>
</kw>
<kw name="Should Not Be Empty" owner="BuiltIn">
<msg time="2024-07-28T18:20:21.036686" level="INFO">Length is 2.</msg>
<arg>${json_data}</arg>
<doc>Verifies that the given item is not empty.</doc>
<status status="PASS" start="2024-07-28T18:20:21.036555" elapsed="0.000170"/>
</kw>
<kw name="Create List" owner="BuiltIn">
<msg time="2024-07-28T18:20:21.037168" level="INFO">${expected_keys} = ['gender', 'name', 'location', 'email', 'login']</msg>
<var>${expected_keys}</var>
<arg>gender</arg>
<arg>name</arg>
<arg>location</arg>
<arg>email</arg>
<arg>login</arg>
<doc>Returns a list containing given items.</doc>
<status status="PASS" start="2024-07-28T18:20:21.037019" elapsed="0.000174"/>
</kw>
<for flavor="IN">
<iter>
<kw name="Dictionary Should Contain Key" owner="Collections">
<arg>${json_data['results'][0]}</arg>
<arg>${key}</arg>
<doc>Fails if ``key`` is not found from ``dictionary``.</doc>
<status status="PASS" start="2024-07-28T18:20:21.037801" elapsed="0.000417"/>
</kw>
<kw name="Log" owner="BuiltIn">
<msg time="2024-07-28T18:20:21.038766" level="INFO">{'gender': 'female', 'name': {'title': 'Mrs', 'first': 'Nicoline', 'last': 'Christiansen'}, 'location': {'street': {'number': 4796, 'name': 'Åbakkevej'}, 'city': 'Jerslev Sj', 'state': 'Sjælland', 'country': 'Denmark', 'postcode': 88393, 'coordinates': {'latitude': '-41.6022', 'longitude': '21.9056'}, 'timezone': {'offset': '-6:00', 'description': 'Central Time (US &amp; Canada), Mexico City'}}, 'email': 'nicoline.christiansen@example.com', 'login': {'uuid': 'b2737f5c-dbf8-4bfa-b3b0-c438295535d4', 'username': 'angryrabbit374', 'password': 'pisces', 'salt': 'S9FS9NDn', 'md5': '50a8ad5677290b14cbdd6575fc7b512e', 'sha1': '200cf5272c1267eb8060b7f0dcab8c25825fb788', 'sha256': '7670b58d1f53da291694cec019b83b7e6e2ed11d8daa40693e90bf759d6a670d'}, 'dob': {'date': '1957-06-30T14:33:38.717Z', 'age': 67}, 'registered': {'date': '2013-06-28T09:01:49.278Z', 'age': 11}, 'phone': '53323834', 'cell': '64360880', 'id': {'name': 'CPR', 'value': '300657-5115'}, 'picture': {'large': 'https://randomuser.me/api/portraits/women/17.jpg', 'medium': 'https://randomuser.me/api/portraits/med/women/17.jpg', 'thumbnail': 'https://randomuser.me/api/portraits/thumb/women/17.jpg'}, 'nat': 'DK'}</msg>
<arg>${json_data['results'][0]}</arg>
<doc>Logs the given message with the given level.</doc>
<status status="PASS" start="2024-07-28T18:20:21.038405" elapsed="0.000414"/>
</kw>
<kw name="Log" owner="BuiltIn">
<msg time="2024-07-28T18:20:21.039257" level="INFO">gender</msg>
<arg>${key}</arg>
<doc>Logs the given message with the given level.</doc>
<status status="PASS" start="2024-07-28T18:20:21.039126" elapsed="0.000170"/>
</kw>
<var name="${key}">gender</var>
<status status="PASS" start="2024-07-28T18:20:21.037647" elapsed="0.001870"/>
</iter>
<iter>
<kw name="Dictionary Should Contain Key" owner="Collections">
<arg>${json_data['results'][0]}</arg>
<arg>${key}</arg>
<doc>Fails if ``key`` is not found from ``dictionary``.</doc>
<status status="PASS" start="2024-07-28T18:20:21.039815" elapsed="0.000381"/>
</kw>
<kw name="Log" owner="BuiltIn">
<msg time="2024-07-28T18:20:21.040777" level="INFO">{'gender': 'female', 'name': {'title': 'Mrs', 'first': 'Nicoline', 'last': 'Christiansen'}, 'location': {'street': {'number': 4796, 'name': 'Åbakkevej'}, 'city': 'Jerslev Sj', 'state': 'Sjælland', 'country': 'Denmark', 'postcode': 88393, 'coordinates': {'latitude': '-41.6022', 'longitude': '21.9056'}, 'timezone': {'offset': '-6:00', 'description': 'Central Time (US &amp; Canada), Mexico City'}}, 'email': 'nicoline.christiansen@example.com', 'login': {'uuid': 'b2737f5c-dbf8-4bfa-b3b0-c438295535d4', 'username': 'angryrabbit374', 'password': 'pisces', 'salt': 'S9FS9NDn', 'md5': '50a8ad5677290b14cbdd6575fc7b512e', 'sha1': '200cf5272c1267eb8060b7f0dcab8c25825fb788', 'sha256': '7670b58d1f53da291694cec019b83b7e6e2ed11d8daa40693e90bf759d6a670d'}, 'dob': {'date': '1957-06-30T14:33:38.717Z', 'age': 67}, 'registered': {'date': '2013-06-28T09:01:49.278Z', 'age': 11}, 'phone': '53323834', 'cell': '64360880', 'id': {'name': 'CPR', 'value': '300657-5115'}, 'picture': {'large': 'https://randomuser.me/api/portraits/women/17.jpg', 'medium': 'https://randomuser.me/api/portraits/med/women/17.jpg', 'thumbnail': 'https://randomuser.me/api/portraits/thumb/women/17.jpg'}, 'nat': 'DK'}</msg>
<arg>${json_data['results'][0]}</arg>
<doc>Logs the given message with the given level.</doc>
<status status="PASS" start="2024-07-28T18:20:21.040414" elapsed="0.000427"/>
</kw>
<kw name="Log" owner="BuiltIn">
<msg time="2024-07-28T18:20:21.041272" level="INFO">name</msg>
<arg>${key}</arg>
<doc>Logs the given message with the given level.</doc>
<status status="PASS" start="2024-07-28T18:20:21.041142" elapsed="0.000168"/>
</kw>
<var name="${key}">name</var>
<status status="PASS" start="2024-07-28T18:20:21.039703" elapsed="0.001826"/>
</iter>
<iter>
<kw name="Dictionary Should Contain Key" owner="Collections">
<arg>${json_data['results'][0]}</arg>
<arg>${key}</arg>
<doc>Fails if ``key`` is not found from ``dictionary``.</doc>
<status status="PASS" start="2024-07-28T18:20:21.041846" elapsed="0.000394"/>
</kw>
<kw name="Log" owner="BuiltIn">
<msg time="2024-07-28T18:20:21.042792" level="INFO">{'gender': 'female', 'name': {'title': 'Mrs', 'first': 'Nicoline', 'last': 'Christiansen'}, 'location': {'street': {'number': 4796, 'name': 'Åbakkevej'}, 'city': 'Jerslev Sj', 'state': 'Sjælland', 'country': 'Denmark', 'postcode': 88393, 'coordinates': {'latitude': '-41.6022', 'longitude': '21.9056'}, 'timezone': {'offset': '-6:00', 'description': 'Central Time (US &amp; Canada), Mexico City'}}, 'email': 'nicoline.christiansen@example.com', 'login': {'uuid': 'b2737f5c-dbf8-4bfa-b3b0-c438295535d4', 'username': 'angryrabbit374', 'password': 'pisces', 'salt': 'S9FS9NDn', 'md5': '50a8ad5677290b14cbdd6575fc7b512e', 'sha1': '200cf5272c1267eb8060b7f0dcab8c25825fb788', 'sha256': '7670b58d1f53da291694cec019b83b7e6e2ed11d8daa40693e90bf759d6a670d'}, 'dob': {'date': '1957-06-30T14:33:38.717Z', 'age': 67}, 'registered': {'date': '2013-06-28T09:01:49.278Z', 'age': 11}, 'phone': '53323834', 'cell': '64360880', 'id': {'name': 'CPR', 'value': '300657-5115'}, 'picture': {'large': 'https://randomuser.me/api/portraits/women/17.jpg', 'medium': 'https://randomuser.me/api/portraits/med/women/17.jpg', 'thumbnail': 'https://randomuser.me/api/portraits/thumb/women/17.jpg'}, 'nat': 'DK'}</msg>
<arg>${json_data['results'][0]}</arg>
<doc>Logs the given message with the given level.</doc>
<status status="PASS" start="2024-07-28T18:20:21.042430" elapsed="0.000424"/>
</kw>
<kw name="Log" owner="BuiltIn">
<msg time="2024-07-28T18:20:21.043295" level="INFO">location</msg>
<arg>${key}</arg>
<doc>Logs the given message with the given level.</doc>
<status status="PASS" start="2024-07-28T18:20:21.043164" elapsed="0.000169"/>
</kw>
<var name="${key}">location</var>
<status status="PASS" start="2024-07-28T18:20:21.041709" elapsed="0.001844"/>
</iter>
<iter>
<kw name="Dictionary Should Contain Key" owner="Collections">
<arg>${json_data['results'][0]}</arg>
<arg>${key}</arg>
<doc>Fails if ``key`` is not found from ``dictionary``.</doc>
<status status="PASS" start="2024-07-28T18:20:21.043838" elapsed="0.000375"/>
</kw>
<kw name="Log" owner="BuiltIn">
<msg time="2024-07-28T18:20:21.044875" level="INFO">{'gender': 'female', 'name': {'title': 'Mrs', 'first': 'Nicoline', 'last': 'Christiansen'}, 'location': {'street': {'number': 4796, 'name': 'Åbakkevej'}, 'city': 'Jerslev Sj', 'state': 'Sjælland', 'country': 'Denmark', 'postcode': 88393, 'coordinates': {'latitude': '-41.6022', 'longitude': '21.9056'}, 'timezone': {'offset': '-6:00', 'description': 'Central Time (US &amp; Canada), Mexico City'}}, 'email': 'nicoline.christiansen@example.com', 'login': {'uuid': 'b2737f5c-dbf8-4bfa-b3b0-c438295535d4', 'username': 'angryrabbit374', 'password': 'pisces', 'salt': 'S9FS9NDn', 'md5': '50a8ad5677290b14cbdd6575fc7b512e', 'sha1': '200cf5272c1267eb8060b7f0dcab8c25825fb788', 'sha256': '7670b58d1f53da291694cec019b83b7e6e2ed11d8daa40693e90bf759d6a670d'}, 'dob': {'date': '1957-06-30T14:33:38.717Z', 'age': 67}, 'registered': {'date': '2013-06-28T09:01:49.278Z', 'age': 11}, 'phone': '53323834', 'cell': '64360880', 'id': {'name': 'CPR', 'value': '300657-5115'}, 'picture': {'large': 'https://randomuser.me/api/portraits/women/17.jpg', 'medium': 'https://randomuser.me/api/portraits/med/women/17.jpg', 'thumbnail': 'https://randomuser.me/api/portraits/thumb/women/17.jpg'}, 'nat': 'DK'}</msg>
<arg>${json_data['results'][0]}</arg>
<doc>Logs the given message with the given level.</doc>
<status status="PASS" start="2024-07-28T18:20:21.044518" elapsed="0.000407"/>
</kw>
<kw name="Log" owner="BuiltIn">
<msg time="2024-07-28T18:20:21.045356" level="INFO">email</msg>
<arg>${key}</arg>
<doc>Logs the given message with the given level.</doc>
<status status="PASS" start="2024-07-28T18:20:21.045224" elapsed="0.000171"/>
</kw>
<var name="${key}">email</var>
<status status="PASS" start="2024-07-28T18:20:21.043729" elapsed="0.001882"/>
</iter>
<iter>
<kw name="Dictionary Should Contain Key" owner="Collections">
<arg>${json_data['results'][0]}</arg>
<arg>${key}</arg>
<doc>Fails if ``key`` is not found from ``dictionary``.</doc>
<status status="PASS" start="2024-07-28T18:20:21.045938" elapsed="0.000378"/>
</kw>
<kw name="Log" owner="BuiltIn">
<msg time="2024-07-28T18:20:21.046856" level="INFO">{'gender': 'female', 'name': {'title': 'Mrs', 'first': 'Nicoline', 'last': 'Christiansen'}, 'location': {'street': {'number': 4796, 'name': 'Åbakkevej'}, 'city': 'Jerslev Sj', 'state': 'Sjælland', 'country': 'Denmark', 'postcode': 88393, 'coordinates': {'latitude': '-41.6022', 'longitude': '21.9056'}, 'timezone': {'offset': '-6:00', 'description': 'Central Time (US &amp; Canada), Mexico City'}}, 'email': 'nicoline.christiansen@example.com', 'login': {'uuid': 'b2737f5c-dbf8-4bfa-b3b0-c438295535d4', 'username': 'angryrabbit374', 'password': 'pisces', 'salt': 'S9FS9NDn', 'md5': '50a8ad5677290b14cbdd6575fc7b512e', 'sha1': '200cf5272c1267eb8060b7f0dcab8c25825fb788', 'sha256': '7670b58d1f53da291694cec019b83b7e6e2ed11d8daa40693e90bf759d6a670d'}, 'dob': {'date': '1957-06-30T14:33:38.717Z', 'age': 67}, 'registered': {'date': '2013-06-28T09:01:49.278Z', 'age': 11}, 'phone': '53323834', 'cell': '64360880', 'id': {'name': 'CPR', 'value': '300657-5115'}, 'picture': {'large': 'https://randomuser.me/api/portraits/women/17.jpg', 'medium': 'https://randomuser.me/api/portraits/med/women/17.jpg', 'thumbnail': 'https://randomuser.me/api/portraits/thumb/women/17.jpg'}, 'nat': 'DK'}</msg>
<arg>${json_data['results'][0]}</arg>
<doc>Logs the given message with the given level.</doc>
<status status="PASS" start="2024-07-28T18:20:21.046500" elapsed="0.000407"/>
</kw>
<kw name="Log" owner="BuiltIn">
<msg time="2024-07-28T18:20:21.047331" level="INFO">login</msg>
<arg>${key}</arg>
<doc>Logs the given message with the given level.</doc>
<status status="PASS" start="2024-07-28T18:20:21.047202" elapsed="0.000165"/>
</kw>
<var name="${key}">login</var>
<status status="PASS" start="2024-07-28T18:20:21.045813" elapsed="0.001769"/>
</iter>
<var>${key}</var>
<value>@{expected_keys}</value>
<status status="PASS" start="2024-07-28T18:20:21.037460" elapsed="0.010245"/>
</for>
<kw name="Create List" owner="BuiltIn">
<msg time="2024-07-28T18:20:21.048064" level="INFO">${expected_keysTwo} = ['username', 'password']</msg>
<var>${expected_keysTwo}</var>
<arg>username</arg>
<arg>password</arg>
<doc>Returns a list containing given items.</doc>
<status status="PASS" start="2024-07-28T18:20:21.047925" elapsed="0.000163"/>
</kw>
<for flavor="IN">
<iter>
<kw name="Dictionary Should Contain Key" owner="Collections">
<arg>${json_data['results'][0]['login']}</arg>
<arg>${keyTwo}</arg>
<doc>Fails if ``key`` is not found from ``dictionary``.</doc>
<status status="PASS" start="2024-07-28T18:20:21.048585" elapsed="0.000381"/>
</kw>
<kw name="Dictionary Should Contain Key" owner="Collections">
<arg>${json_data['results'][0]['login']}</arg>
<arg>${keyTwo}</arg>
<doc>Fails if ``key`` is not found from ``dictionary``.</doc>
<status status="PASS" start="2024-07-28T18:20:21.049146" elapsed="0.000380"/>
</kw>
<kw name="Log" owner="BuiltIn">
<msg time="2024-07-28T18:20:21.049859" level="INFO">username</msg>
<arg>${keyTwo}</arg>
<doc>Logs the given message with the given level.</doc>
<status status="PASS" start="2024-07-28T18:20:21.049704" elapsed="0.000195"/>
</kw>
<var name="${keyTwo}">username</var>
<status status="PASS" start="2024-07-28T18:20:21.048477" elapsed="0.001645"/>
</iter>
<iter>
<kw name="Dictionary Should Contain Key" owner="Collections">
<arg>${json_data['results'][0]['login']}</arg>
<arg>${keyTwo}</arg>
<doc>Fails if ``key`` is not found from ``dictionary``.</doc>
<status status="PASS" start="2024-07-28T18:20:21.050421" elapsed="0.000382"/>
</kw>
<kw name="Dictionary Should Contain Key" owner="Collections">
<arg>${json_data['results'][0]['login']}</arg>
<arg>${keyTwo}</arg>
<doc>Fails if ``key`` is not found from ``dictionary``.</doc>
<status status="PASS" start="2024-07-28T18:20:21.050987" elapsed="0.000371"/>
</kw>
<kw name="Log" owner="BuiltIn">
<msg time="2024-07-28T18:20:21.051661" level="INFO">password</msg>
<arg>${keyTwo}</arg>
<doc>Logs the given message with the given level.</doc>
<status status="PASS" start="2024-07-28T18:20:21.051536" elapsed="0.000162"/>
</kw>
<var name="${keyTwo}">password</var>
<status status="PASS" start="2024-07-28T18:20:21.050297" elapsed="0.001622"/>
</iter>
<var>${keyTwo}</var>
<value>@{expected_keysTwo}</value>
<status status="PASS" start="2024-07-28T18:20:21.048324" elapsed="0.003719"/>
</for>
<status status="PASS" start="2024-07-28T18:20:20.942069" elapsed="0.110113"/>
</kw>
<doc>Testa a estrutura da resposta da API.</doc>
<tag>testeEstruturaResposta</tag>
<status status="PASS" start="2024-07-28T18:20:20.941479" elapsed="0.110855"/>
</test>
<test id="s1-s1-t4" name="Validar tipos de dados" line="28">
<kw name="Teste de Tipos de Dados" owner="random-user-service">
<kw name="GET On Session" owner="RequestsLibrary">
<msg time="2024-07-28T18:20:21.126405" level="INFO">GET Request : url=https://randomuser.me/api 
 path_url=/api 
 headers={'User-Agent': 'python-requests/2.32.3', 'Accept-Encoding': 'gzip, deflate', 'Accept': '*/*', 'Connection': 'keep-alive'} 
 body=None 
 </msg>
<msg time="2024-07-28T18:20:21.126498" level="INFO">GET Response : url=https://randomuser.me/api 
 status=200, reason=OK 
 headers={'Date': 'Sun, 28 Jul 2024 18:20:21 GMT', 'Content-Type': 'application/json; charset=utf-8', 'Transfer-Encoding': 'chunked', 'Connection': 'keep-alive', 'X-Powered-By': 'Express', 'Access-Control-Allow-Origin': '*', 'Cache-Control': 'no-cache', 'ETag': 'W/"49d-PZO+UtER9SUMWkr/46gZ5mFF/Us"', 'Vary': 'Accept-Encoding', 'Content-Encoding': 'gzip', 'CF-Cache-Status': 'DYNAMIC', 'Report-To': '{"endpoints":[{"url":"https:\\/\\/a.nel.cloudflare.com\\/report\\/v4?s=AbT1Xn%2BSDuyezIiRMJVddsWtxCZI4cbhwwFIXnWEUzTXjX4Zoz0uxTbBME4iNC8%2FBT5E3FYruFbGtfvo1lyHmb5%2BjDQBvRa8EwAP4Rjq6iJwrrL4bPw%2B%2BeREP%2BZ9Ch4Z"}],"group":"cf-nel","max_age":604800}', 'NEL': '{"success_fraction":0,"report_to":"cf-nel","max_age":604800}', 'Server': 'cloudflare', 'CF-RAY': '8aa6e1f79cca8710-ORD', 'alt-svc': 'h3=":443"; ma=86400'} 
 body={"results":[{"gender":"male","name":{"title":"Mr","first":"Nathaniel","last":"Mason"},"location":{"street":{"number":6624,"name":"Country Club Rd"},"city":"Launceston","state":"New South Wales","country":"Australia","postcode":9531,"coordinates":{"latitude":"-86.2445","longitude":"-179.2328"},"timezone":{"offset":"+1:00","description":"Brussels, Copenhagen, Madrid, Paris"}},"email":"nathaniel.mason@example.com","login":{"uuid":"b87a283a-4891-4452-8eb4-326556605d0a","username":"redelephant316","password":"tucker","salt":"sILfqviG","md5":"1c2f626d629afd0ea6043a37d18e5579","sha1":"931174584371f930c8d4628ed0a44cde916e3cde","sha256":"8949e58c859c631935e3b5e4da9acd0eb1feb622e7b472cc0b3a613f37572b3d"},"dob":{"date":"1951-12-05T09:16:57.489Z","age":72},"registered":{"date":"2010-03-27T08:01:43.596Z","age":14},"phone":"03-4403-8062","cell":"0484-841-478","id":{"name":"TFN","value":"001158589"},"picture":{"large":"https://randomuser.me/api/portraits/men/33.jpg","medium":"https://randomuser.me/api/portraits/med/men/33.jpg","thumbnail":"https://randomuser.me/api/portraits/thumb/men/33.jpg"},"nat":"AU"}],"info":{"seed":"fcf3bd53112bdb39","results":1,"page":1,"version":"1.4"}} 
 </msg>
<msg time="2024-07-28T18:20:21.126568" level="INFO">/opt/hostedtoolcache/Python/3.12.4/x64/lib/python3.12/site-packages/urllib3/connectionpool.py:1099: InsecureRequestWarning: Unverified HTTPS request is being made to host 'randomuser.me'. Adding certificate verification is strongly advised. See: https://urllib3.readthedocs.io/en/latest/advanced-usage.html#tls-warnings
  warnings.warn(</msg>
<msg time="2024-07-28T18:20:21.126698" level="INFO">${response} = &lt;Response [200]&gt;</msg>
<var>${response}</var>
<arg>consultarAPI</arg>
<arg>/api</arg>
<doc>Sends a GET request on a previously created HTTP Session.</doc>
<status status="PASS" start="2024-07-28T18:20:21.054867" elapsed="0.071873"/>
</kw>
<kw name="Set Variable" owner="BuiltIn">
<msg time="2024-07-28T18:20:21.127899" level="INFO">${json_data} = {'results': [{'gender': 'male', 'name': {'title': 'Mr', 'first': 'Nathaniel', 'last': 'Mason'}, 'location': {'street': {'number': 6624, 'name': 'Country Club Rd'}, 'city': 'Launceston', 'state': 'New ...</msg>
<var>${json_data}</var>
<arg>${response.json()}</arg>
<doc>Returns the given values which can then be assigned to a variables.</doc>
<status status="PASS" start="2024-07-28T18:20:21.127350" elapsed="0.000581"/>
</kw>
<kw name="Log" owner="BuiltIn">
<msg time="2024-07-28T18:20:21.128448" level="INFO">{'results': [{'gender': 'male', 'name': {'title': 'Mr', 'first': 'Nathaniel', 'last': 'Mason'}, 'location': {'street': {'number': 6624, 'name': 'Country Club Rd'}, 'city': 'Launceston', 'state': 'New South Wales', 'country': 'Australia', 'postcode': 9531, 'coordinates': {'latitude': '-86.2445', 'longitude': '-179.2328'}, 'timezone': {'offset': '+1:00', 'description': 'Brussels, Copenhagen, Madrid, Paris'}}, 'email': 'nathaniel.mason@example.com', 'login': {'uuid': 'b87a283a-4891-4452-8eb4-326556605d0a', 'username': 'redelephant316', 'password': 'tucker', 'salt': 'sILfqviG', 'md5': '1c2f626d629afd0ea6043a37d18e5579', 'sha1': '931174584371f930c8d4628ed0a44cde916e3cde', 'sha256': '8949e58c859c631935e3b5e4da9acd0eb1feb622e7b472cc0b3a613f37572b3d'}, 'dob': {'date': '1951-12-05T09:16:57.489Z', 'age': 72}, 'registered': {'date': '2010-03-27T08:01:43.596Z', 'age': 14}, 'phone': '03-4403-8062', 'cell': '0484-841-478', 'id': {'name': 'TFN', 'value': '001158589'}, 'picture': {'large': 'https://randomuser.me/api/portraits/men/33.jpg', 'medium': 'https://randomuser.me/api/portraits/med/men/33.jpg', 'thumbnail': 'https://randomuser.me/api/portraits/thumb/men/33.jpg'}, 'nat': 'AU'}], 'info': {'seed': 'fcf3bd53112bdb39', 'results': 1, 'page': 1, 'version': '1.4'}}</msg>
<arg>${json_data}</arg>
<doc>Logs the given message with the given level.</doc>
<status status="PASS" start="2024-07-28T18:20:21.128279" elapsed="0.000240"/>
</kw>
<kw name="Should Be String" owner="String">
<arg>${json_data['results'][0]['gender']}</arg>
<doc>Fails if the given ``item`` is not a string.</doc>
<status status="PASS" start="2024-07-28T18:20:21.128829" elapsed="0.000382"/>
</kw>
<kw name="Should Match Regexp" owner="BuiltIn">
<arg>${json_data['results'][0]['email']}</arg>
<arg>^[a-zA-Z0-9._%+-]+@[a-zA-Z0-9.-]+\.[a-zA-Z]{2,}$</arg>
<doc>Fails if ``string`` does not match ``pattern`` as a regular expression.</doc>
<status status="PASS" start="2024-07-28T18:20:21.129448" elapsed="0.000562"/>
</kw>
<kw name="Should Match Regexp" owner="BuiltIn">
<arg>${json_data['results'][0]['dob']['date']}</arg>
<arg>\\d{4}-\\d{2}-\\d{2}T\\d{2}:\\d{2}:\\d{2}\\.\\d{3}Z</arg>
<doc>Fails if ``string`` does not match ``pattern`` as a regular expression.</doc>
<status status="PASS" start="2024-07-28T18:20:21.130218" elapsed="0.000652"/>
</kw>
<kw name="Should Match Regexp" owner="BuiltIn">
<arg>${json_data['results'][0]['registered']['date']}</arg>
<arg>\\d{4}-\\d{2}-\\d{2}T\\d{2}:\\d{2}:\\d{2}\\.\\d{3}Z</arg>
<doc>Fails if ``string`` does not match ``pattern`` as a regular expression.</doc>
<status status="PASS" start="2024-07-28T18:20:21.131067" elapsed="0.000374"/>
</kw>
<kw name="Should Match Regexp" owner="BuiltIn">
<arg>${json_data['results'][0]['picture']['large']}</arg>
<arg>^https?://.*\.(?:png|jpe?g|gif|bmp)$</arg>
<doc>Fails if ``string`` does not match ``pattern`` as a regular expression.</doc>
<status status="PASS" start="2024-07-28T18:20:21.131632" elapsed="0.000466"/>
</kw>
<kw name="Should Match Regexp" owner="BuiltIn">
<arg>${json_data['results'][0]['picture']['medium']}</arg>
<arg>^https?://.*\.(?:png|jpe?g|gif|bmp)$</arg>
<doc>Fails if ``string`` does not match ``pattern`` as a regular expression.</doc>
<status status="PASS" start="2024-07-28T18:20:21.132290" elapsed="0.000355"/>
</kw>
<kw name="Should Match Regexp" owner="BuiltIn">
<arg>${json_data['results'][0]['picture']['thumbnail']}</arg>
<arg>^https?://.*\.(?:png|jpe?g|gif|bmp)$</arg>
<doc>Fails if ``string`` does not match ``pattern`` as a regular expression.</doc>
<status status="PASS" start="2024-07-28T18:20:21.132908" elapsed="0.000400"/>
</kw>
<kw name="Log" owner="BuiltIn">
<msg time="2024-07-28T18:20:21.133856" level="INFO">{'large': 'https://randomuser.me/api/portraits/men/33.jpg', 'medium': 'https://randomuser.me/api/portraits/med/men/33.jpg', 'thumbnail': 'https://randomuser.me/api/portraits/thumb/men/33.jpg'}</msg>
<arg>${json_data['results'][0]['picture']}</arg>
<doc>Logs the given message with the given level.</doc>
<status status="PASS" start="2024-07-28T18:20:21.133497" elapsed="0.000407"/>
</kw>
<status status="PASS" start="2024-07-28T18:20:21.054646" elapsed="0.079528"/>
</kw>
<kw name="Teste de Tipos de Dados - Postcode" owner="random-user-service">
<kw name="GET On Session" owner="RequestsLibrary">
<msg time="2024-07-28T18:20:21.228176" level="INFO">GET Request : url=https://randomuser.me/api 
 path_url=/api 
 headers={'User-Agent': 'python-requests/2.32.3', 'Accept-Encoding': 'gzip, deflate', 'Accept': '*/*', 'Connection': 'keep-alive'} 
 body=None 
 </msg>
<msg time="2024-07-28T18:20:21.228243" level="INFO">GET Response : url=https://randomuser.me/api 
 status=200, reason=OK 
 headers={'Date': 'Sun, 28 Jul 2024 18:20:21 GMT', 'Content-Type': 'application/json; charset=utf-8', 'Transfer-Encoding': 'chunked', 'Connection': 'keep-alive', 'X-Powered-By': 'Express', 'Access-Control-Allow-Origin': '*', 'Cache-Control': 'no-cache', 'ETag': 'W/"47d-mc9sW3dZxS9uQtGNa8ydcI4lfz4"', 'Vary': 'Accept-Encoding', 'Content-Encoding': 'gzip', 'CF-Cache-Status': 'DYNAMIC', 'Report-To': '{"endpoints":[{"url":"https:\\/\\/a.nel.cloudflare.com\\/report\\/v4?s=uWsV6C6iIhTEQ%2BFaD8dwmG2GS3XELOPxsHcNgS2QQx%2FP3Pgxz518%2BOmRiV5gZ%2Fw%2BdwCe4UIJExLeR%2Bp%2Bmt0pOM7Sd5vo38EU9TJwciM1b4oQfJzPhCRJM5XF1Jj3JVg%2F"}],"group":"cf-nel","max_age":604800}', 'NEL': '{"success_fraction":0,"report_to":"cf-nel","max_age":604800}', 'Server': 'cloudflare', 'CF-RAY': '8aa6e1f81d7d8710-ORD', 'alt-svc': 'h3=":443"; ma=86400'} 
 body={"results":[{"gender":"female","name":{"title":"Mrs","first":"Amalie","last":"Madsen"},"location":{"street":{"number":2208,"name":"Læsøvej"},"city":"Nr Åby","state":"Hovedstaden","country":"Denmark","postcode":80977,"coordinates":{"latitude":"-46.9495","longitude":"15.2965"},"timezone":{"offset":"-11:00","description":"Midway Island, Samoa"}},"email":"amalie.madsen@example.com","login":{"uuid":"07613885-c8ae-43f7-a659-0c0ade9b0d5f","username":"organicbear803","password":"dynamo","salt":"HO6n9Dzx","md5":"0d974df5dabd33086ff56739789808cf","sha1":"cb78ef721da4b42c35bc13192df915c533294d8e","sha256":"37a868956cea51f5cce5bebe04c77fe77658f4464b9fea6c24be80a9dee4fcd5"},"dob":{"date":"1947-12-23T14:07:42.383Z","age":76},"registered":{"date":"2015-04-16T06:28:43.118Z","age":9},"phone":"85708396","cell":"68324055","id":{"name":"CPR","value":"231247-6583"},"picture":{"large":"https://randomuser.me/api/portraits/women/79.jpg","medium":"https://randomuser.me/api/portraits/med/women/79.jpg","thumbnail":"https://randomuser.me/api/portraits/thumb/women/79.jpg"},"nat":"DK"}],"info":{"seed":"a1587fee8b09a6d7","results":1,"page":1,"version":"1.4"}} 
 </msg>
<msg time="2024-07-28T18:20:21.228305" level="INFO">/opt/hostedtoolcache/Python/3.12.4/x64/lib/python3.12/site-packages/urllib3/connectionpool.py:1099: InsecureRequestWarning: Unverified HTTPS request is being made to host 'randomuser.me'. Adding certificate verification is strongly advised. See: https://urllib3.readthedocs.io/en/latest/advanced-usage.html#tls-warnings
  warnings.warn(</msg>
<msg time="2024-07-28T18:20:21.228397" level="INFO">${response} = &lt;Response [200]&gt;</msg>
<var>${response}</var>
<arg>consultarAPI</arg>
<arg>/api</arg>
<doc>Sends a GET request on a previously created HTTP Session.</doc>
<status status="PASS" start="2024-07-28T18:20:21.134636" elapsed="0.093801"/>
</kw>
<kw name="Set Variable" owner="BuiltIn">
<msg time="2024-07-28T18:20:21.229506" level="INFO">${json_data} = {'results': [{'gender': 'female', 'name': {'title': 'Mrs', 'first': 'Amalie', 'last': 'Madsen'}, 'location': {'street': {'number': 2208, 'name': 'Læsøvej'}, 'city': 'Nr Åby', 'state': 'Hovedstaden', '...</msg>
<var>${json_data}</var>
<arg>${response.json()}</arg>
<doc>Returns the given values which can then be assigned to a variables.</doc>
<status status="PASS" start="2024-07-28T18:20:21.228916" elapsed="0.000620"/>
</kw>
<kw name="Log" owner="BuiltIn">
<msg time="2024-07-28T18:20:21.230072" level="INFO">{'results': [{'gender': 'female', 'name': {'title': 'Mrs', 'first': 'Amalie', 'last': 'Madsen'}, 'location': {'street': {'number': 2208, 'name': 'Læsøvej'}, 'city': 'Nr Åby', 'state': 'Hovedstaden', 'country': 'Denmark', 'postcode': 80977, 'coordinates': {'latitude': '-46.9495', 'longitude': '15.2965'}, 'timezone': {'offset': '-11:00', 'description': 'Midway Island, Samoa'}}, 'email': 'amalie.madsen@example.com', 'login': {'uuid': '07613885-c8ae-43f7-a659-0c0ade9b0d5f', 'username': 'organicbear803', 'password': 'dynamo', 'salt': 'HO6n9Dzx', 'md5': '0d974df5dabd33086ff56739789808cf', 'sha1': 'cb78ef721da4b42c35bc13192df915c533294d8e', 'sha256': '37a868956cea51f5cce5bebe04c77fe77658f4464b9fea6c24be80a9dee4fcd5'}, 'dob': {'date': '1947-12-23T14:07:42.383Z', 'age': 76}, 'registered': {'date': '2015-04-16T06:28:43.118Z', 'age': 9}, 'phone': '85708396', 'cell': '68324055', 'id': {'name': 'CPR', 'value': '231247-6583'}, 'picture': {'large': 'https://randomuser.me/api/portraits/women/79.jpg', 'medium': 'https://randomuser.me/api/portraits/med/women/79.jpg', 'thumbnail': 'https://randomuser.me/api/portraits/thumb/women/79.jpg'}, 'nat': 'DK'}], 'info': {'seed': 'a1587fee8b09a6d7', 'results': 1, 'page': 1, 'version': '1.4'}}</msg>
<arg>${json_data}</arg>
<doc>Logs the given message with the given level.</doc>
<status status="PASS" start="2024-07-28T18:20:21.229907" elapsed="0.000213"/>
</kw>
<kw name="Should Be Equal As Numbers" owner="BuiltIn">
<arg>${json_data['results'][0]['location']['postcode']}</arg>
<arg>${json_data['results'][0]['location']['postcode']}</arg>
<doc>Fails if objects are unequal after converting them to real numbers.</doc>
<status status="PASS" start="2024-07-28T18:20:21.230425" elapsed="0.000628"/>
</kw>
<kw name="Log" owner="BuiltIn">
<msg time="2024-07-28T18:20:21.231624" level="INFO">80977</msg>
<arg>${json_data['results'][0]['location']['postcode']}</arg>
<doc>Logs the given message with the given level.</doc>
<status status="PASS" start="2024-07-28T18:20:21.231281" elapsed="0.000385"/>
</kw>
<status status="PASS" start="2024-07-28T18:20:21.134403" elapsed="0.097516"/>
</kw>
<doc>Testa se os tipos de dados na resposta da API estão corretos.</doc>
<tag>testeTiposDados</tag>
<status status="PASS" start="2024-07-28T18:20:21.054101" elapsed="0.177987"/>
</test>
<test id="s1-s1-t5" name="Validar conteudo" line="35">
<kw name="Teste de Tipos de Conteudo" owner="random-user-service">
<kw name="GET On Session" owner="RequestsLibrary">
<msg time="2024-07-28T18:20:21.324815" level="INFO">GET Request : url=https://randomuser.me/api 
 path_url=/api 
 headers={'User-Agent': 'python-requests/2.32.3', 'Accept-Encoding': 'gzip, deflate', 'Accept': '*/*', 'Connection': 'keep-alive'} 
 body=None 
 </msg>
<msg time="2024-07-28T18:20:21.324900" level="INFO">GET Response : url=https://randomuser.me/api 
 status=200, reason=OK 
 headers={'Date': 'Sun, 28 Jul 2024 18:20:21 GMT', 'Content-Type': 'application/json; charset=utf-8', 'Transfer-Encoding': 'chunked', 'Connection': 'keep-alive', 'X-Powered-By': 'Express', 'Access-Control-Allow-Origin': '*', 'Cache-Control': 'no-cache', 'ETag': 'W/"48e-jxvMCUaryp67ypUO5ThMw8e9NK4"', 'Vary': 'Accept-Encoding', 'Content-Encoding': 'gzip', 'CF-Cache-Status': 'DYNAMIC', 'Report-To': '{"endpoints":[{"url":"https:\\/\\/a.nel.cloudflare.com\\/report\\/v4?s=CTYW5qm7eLJXXuuXUNRiLRK9D6ujUKiQ5QAXZLi42onqpCTHaKBWQ%2BSQgEd4mk2KRMOKKJ%2ByecqeNBGlV4BncQBmKg%2Bt8LT4yzb2W8KblYnN9gcO7u79CXvox%2BIIG3OR"}],"group":"cf-nel","max_age":604800}', 'NEL': '{"success_fraction":0,"report_to":"cf-nel","max_age":604800}', 'Server': 'cloudflare', 'CF-RAY': '8aa6e1f8be728710-ORD', 'alt-svc': 'h3=":443"; ma=86400'} 
 body={"results":[{"gender":"female","name":{"title":"Ms","first":"Maja","last":"Jensen"},"location":{"street":{"number":1639,"name":"Sofievej"},"city":"Ølstykke","state":"Syddanmark","country":"Denmark","postcode":62373,"coordinates":{"latitude":"-43.5564","longitude":"130.9342"},"timezone":{"offset":"+10:00","description":"Eastern Australia, Guam, Vladivostok"}},"email":"maja.jensen@example.com","login":{"uuid":"93bf2cfe-9ab5-4b62-a701-79bab9706ae6","username":"beautifulkoala642","password":"1234abcd","salt":"NRtSyjNB","md5":"4e6148f514b463205aab873be317c06c","sha1":"ab624e8cef131780742e4fbedb2e47cfa26ec6d5","sha256":"abb03f9a18b4b635ba91eff925dd5ab6f90bcf28592bd8a18ef5d29a820b70f2"},"dob":{"date":"1986-02-09T23:37:09.736Z","age":38},"registered":{"date":"2015-08-17T09:56:42.402Z","age":8},"phone":"54036839","cell":"12831793","id":{"name":"CPR","value":"090286-4094"},"picture":{"large":"https://randomuser.me/api/portraits/women/68.jpg","medium":"https://randomuser.me/api/portraits/med/women/68.jpg","thumbnail":"https://randomuser.me/api/portraits/thumb/women/68.jpg"},"nat":"DK"}],"info":{"seed":"e91329df529b1855","results":1,"page":1,"version":"1.4"}} 
 </msg>
<msg time="2024-07-28T18:20:21.324975" level="INFO">/opt/hostedtoolcache/Python/3.12.4/x64/lib/python3.12/site-packages/urllib3/connectionpool.py:1099: InsecureRequestWarning: Unverified HTTPS request is being made to host 'randomuser.me'. Adding certificate verification is strongly advised. See: https://urllib3.readthedocs.io/en/latest/advanced-usage.html#tls-warnings
  warnings.warn(</msg>
<msg time="2024-07-28T18:20:21.325087" level="INFO">${response} = &lt;Response [200]&gt;</msg>
<var>${response}</var>
<arg>consultarAPI</arg>
<arg>/api</arg>
<doc>Sends a GET request on a previously created HTTP Session.</doc>
<status status="PASS" start="2024-07-28T18:20:21.234616" elapsed="0.090520"/>
</kw>
<kw name="Set Variable" owner="BuiltIn">
<msg time="2024-07-28T18:20:21.326311" level="INFO">${json_data} = {'results': [{'gender': 'female', 'name': {'title': 'Ms', 'first': 'Maja', 'last': 'Jensen'}, 'location': {'street': {'number': 1639, 'name': 'Sofievej'}, 'city': 'Ølstykke', 'state': 'Syddanmark', 'c...</msg>
<var>${json_data}</var>
<arg>${response.json()}</arg>
<doc>Returns the given values which can then be assigned to a variables.</doc>
<status status="PASS" start="2024-07-28T18:20:21.325715" elapsed="0.000626"/>
</kw>
<kw name="Set Variable" owner="BuiltIn">
<msg time="2024-07-28T18:20:21.327039" level="INFO">${name_title} = Ms</msg>
<var>${name_title}</var>
<arg>${json_data["results"][0]["name"]["title"]}</arg>
<doc>Returns the given values which can then be assigned to a variables.</doc>
<status status="PASS" start="2024-07-28T18:20:21.326656" elapsed="0.000408"/>
</kw>
<kw name="Create List" owner="BuiltIn">
<msg time="2024-07-28T18:20:21.327505" level="INFO">${allowed_titles} = ['Mr', 'Ms', 'Miss', 'Mrs', 'Madame', 'Monsieur']</msg>
<var>${allowed_titles}</var>
<arg>Mr</arg>
<arg>Ms</arg>
<arg>Miss</arg>
<arg>Mrs</arg>
<arg>Madame</arg>
<arg>Monsieur</arg>
<doc>Returns a list containing given items.</doc>
<status status="PASS" start="2024-07-28T18:20:21.327359" elapsed="0.000171"/>
</kw>
<kw name="List Should Contain Value" owner="Collections">
<arg>${allowed_titles}</arg>
<arg>${name_title}</arg>
<doc>Fails if the ``value`` is not found from ``list``.</doc>
<status status="PASS" start="2024-07-28T18:20:21.327839" elapsed="0.000177"/>
</kw>
<kw name="Set Variable" owner="BuiltIn">
<msg time="2024-07-28T18:20:21.328570" level="INFO">${name_country} = DK</msg>
<var>${name_country}</var>
<arg>${json_data["results"][0]["nat"]}</arg>
<doc>Returns the given values which can then be assigned to a variables.</doc>
<status status="PASS" start="2024-07-28T18:20:21.328196" elapsed="0.000400"/>
</kw>
<kw name="Create List" owner="BuiltIn">
<msg time="2024-07-28T18:20:21.329475" level="INFO">${list_country} = ['AD', 'AE', 'AF', 'AG', 'AI', 'AL', 'AM', 'AO', 'AQ', 'AR', 'AS', 'AT', 'AU', 'AW', 'AX', 'AZ', 'BA', 'BB', 'BD', 'BE', 'BF', 'BG', 'BH', 'BI', 'BJ', 'BL', 'BM', 'BN', 'BO', 'BQ', 'BR', 'BS', 'BT', '...</msg>
<var>${list_country}</var>
<arg>AD</arg>
<arg>AE</arg>
<arg>AF</arg>
<arg>AG</arg>
<arg>AI</arg>
<arg>AL</arg>
<arg>AM</arg>
<arg>AO</arg>
<arg>AQ</arg>
<arg>AR</arg>
<arg>AS</arg>
<arg>AT</arg>
<arg>AU</arg>
<arg>AW</arg>
<arg>AX</arg>
<arg>AZ</arg>
<arg>BA</arg>
<arg>BB</arg>
<arg>BD</arg>
<arg>BE</arg>
<arg>BF</arg>
<arg>BG</arg>
<arg>BH</arg>
<arg>BI</arg>
<arg>BJ</arg>
<arg>BL</arg>
<arg>BM</arg>
<arg>BN</arg>
<arg>BO</arg>
<arg>BQ</arg>
<arg>BR</arg>
<arg>BS</arg>
<arg>BT</arg>
<arg>BV</arg>
<arg>BW</arg>
<arg>BY</arg>
<arg>BZ</arg>
<arg>CA</arg>
<arg>CC</arg>
<arg>CD</arg>
<arg>CF</arg>
<arg>CG</arg>
<arg>CH</arg>
<arg>CI</arg>
<arg>CK</arg>
<arg>CL</arg>
<arg>CM</arg>
<arg>CN</arg>
<arg>CO</arg>
<arg>CR</arg>
<arg>CU</arg>
<arg>CV</arg>
<arg>CW</arg>
<arg>CX</arg>
<arg>CY</arg>
<arg>CZ</arg>
<arg>DE</arg>
<arg>DJ</arg>
<arg>DK</arg>
<arg>DM</arg>
<arg>DO</arg>
<arg>DZ</arg>
<arg>EC</arg>
<arg>EE</arg>
<arg>EG</arg>
<arg>EH</arg>
<arg>ER</arg>
<arg>ES</arg>
<arg>ET</arg>
<arg>FI</arg>
<arg>FJ</arg>
<arg>FK</arg>
<arg>FM</arg>
<arg>FO</arg>
<arg>FR</arg>
<arg>GA</arg>
<arg>GB</arg>
<arg>GD</arg>
<arg>GE</arg>
<arg>GF</arg>
<arg>GG</arg>
<arg>GH</arg>
<arg>GI</arg>
<arg>GL</arg>
<arg>GM</arg>
<arg>GN</arg>
<arg>GP</arg>
<arg>GQ</arg>
<arg>GR</arg>
<arg>GS</arg>
<arg>GT</arg>
<arg>GU</arg>
<arg>GW</arg>
<arg>GY</arg>
<arg>HK</arg>
<arg>HM</arg>
<arg>HN</arg>
<arg>HR</arg>
<arg>HT</arg>
<arg>HU</arg>
<arg>ID</arg>
<arg>IE</arg>
<arg>IL</arg>
<arg>IM</arg>
<arg>IN</arg>
<arg>IO</arg>
<arg>IQ</arg>
<arg>IR</arg>
<arg>IS</arg>
<arg>IT</arg>
<arg>JE</arg>
<arg>JM</arg>
<arg>JO</arg>
<arg>JP</arg>
<arg>KE</arg>
<arg>KG</arg>
<arg>KH</arg>
<arg>KI</arg>
<arg>KM</arg>
<arg>KN</arg>
<arg>KP</arg>
<arg>KR</arg>
<arg>KW</arg>
<arg>KY</arg>
<arg>KZ</arg>
<arg>LA</arg>
<arg>LB</arg>
<arg>LC</arg>
<arg>LI</arg>
<arg>LK</arg>
<arg>LR</arg>
<arg>LS</arg>
<arg>LT</arg>
<arg>LU</arg>
<arg>LV</arg>
<arg>LY</arg>
<arg>MA</arg>
<arg>MC</arg>
<arg>MD</arg>
<arg>ME</arg>
<arg>MF</arg>
<arg>MG</arg>
<arg>MH</arg>
<arg>MK</arg>
<arg>ML</arg>
<arg>MM</arg>
<arg>MN</arg>
<arg>MO</arg>
<arg>MP</arg>
<arg>MQ</arg>
<arg>MR</arg>
<arg>MS</arg>
<arg>MT</arg>
<arg>MU</arg>
<arg>MV</arg>
<arg>MW</arg>
<arg>MX</arg>
<arg>MY</arg>
<arg>MZ</arg>
<arg>NA</arg>
<arg>NC</arg>
<arg>NE</arg>
<arg>NF</arg>
<arg>NG</arg>
<arg>NI</arg>
<arg>NL</arg>
<arg>NO</arg>
<arg>NP</arg>
<arg>NR</arg>
<arg>NU</arg>
<arg>NZ</arg>
<arg>OM</arg>
<arg>PA</arg>
<arg>PE</arg>
<arg>PF</arg>
<arg>PG</arg>
<arg>PH</arg>
<arg>PK</arg>
<arg>PL</arg>
<arg>PM</arg>
<arg>PN</arg>
<arg>PR</arg>
<arg>PS</arg>
<arg>PT</arg>
<arg>PW</arg>
<arg>PY</arg>
<arg>QA</arg>
<arg>RE</arg>
<arg>RO</arg>
<arg>RS</arg>
<arg>RU</arg>
<arg>RW</arg>
<arg>SA</arg>
<arg>SB</arg>
<arg>SC</arg>
<arg>SD</arg>
<arg>SE</arg>
<arg>SG</arg>
<arg>SH</arg>
<arg>SI</arg>
<arg>SJ</arg>
<arg>SK</arg>
<arg>SL</arg>
<arg>SM</arg>
<arg>SN</arg>
<arg>SO</arg>
<arg>SR</arg>
<arg>SS</arg>
<arg>ST</arg>
<arg>SV</arg>
<arg>SX</arg>
<arg>SY</arg>
<arg>SZ</arg>
<arg>TC</arg>
<arg>TD</arg>
<arg>TF</arg>
<arg>TG</arg>
<arg>TH</arg>
<arg>TJ</arg>
<arg>TK</arg>
<arg>TL</arg>
<arg>TM</arg>
<arg>TN</arg>
<arg>TO</arg>
<arg>TR</arg>
<arg>TT</arg>
<arg>TV</arg>
<arg>TW</arg>
<arg>TZ</arg>
<arg>UA</arg>
<arg>UG</arg>
<arg>UM</arg>
<arg>US</arg>
<arg>UY</arg>
<arg>UZ</arg>
<arg>VA</arg>
<arg>VC</arg>
<arg>VE</arg>
<arg>VG</arg>
<arg>VI</arg>
<arg>VN</arg>
<arg>VU</arg>
<arg>WF</arg>
<arg>WS</arg>
<arg>XK</arg>
<arg>YE</arg>
<arg>YT</arg>
<arg>ZA</arg>
<arg>ZM</arg>
<arg>ZW</arg>
<doc>Returns a list containing given items.</doc>
<status status="PASS" start="2024-07-28T18:20:21.328885" elapsed="0.000616"/>
</kw>
<kw name="List Should Contain Value" owner="Collections">
<arg>${list_country}</arg>
<arg>${name_country}</arg>
<doc>Fails if the ``value`` is not found from ``list``.</doc>
<status status="PASS" start="2024-07-28T18:20:21.330480" elapsed="0.000213"/>
</kw>
<kw name="Run Keyword If" owner="BuiltIn">
<kw name="Should Be True" owner="BuiltIn">
<arg>${True}</arg>
<doc>Fails if the given condition is not true.</doc>
<status status="PASS" start="2024-07-28T18:20:21.331648" elapsed="0.000142"/>
</kw>
<arg>${json_data["results"][0]["location"]["coordinates"]["latitude"]} &gt;= -90 and ${json_data["results"][0]["location"]["coordinates"]["latitude"]} &lt;= 90</arg>
<arg>Should Be True</arg>
<arg>${True}</arg>
<doc>Runs the given keyword with the given arguments, if ``condition`` is true.</doc>
<status status="PASS" start="2024-07-28T18:20:21.330893" elapsed="0.001023"/>
</kw>
<kw name="Run Keyword If" owner="BuiltIn">
<kw name="Should Be True" owner="BuiltIn">
<arg>${True}</arg>
<doc>Fails if the given condition is not true.</doc>
<status status="PASS" start="2024-07-28T18:20:21.332786" elapsed="0.000137"/>
</kw>
<arg>${json_data["results"][0]["location"]["coordinates"]["longitude"]} &gt;= -180 and ${json_data["results"][0]["location"]["coordinates"]["longitude"]} &lt;= 180</arg>
<arg>Should Be True</arg>
<arg>${True}</arg>
<doc>Runs the given keyword with the given arguments, if ``condition`` is true.</doc>
<status status="PASS" start="2024-07-28T18:20:21.332098" elapsed="0.000947"/>
</kw>
<status status="PASS" start="2024-07-28T18:20:21.234394" elapsed="0.098781"/>
</kw>
<doc>Testa o conteúdo específico dos campos retornados pela API.</doc>
<tag>testeConteudo</tag>
<status status="PASS" start="2024-07-28T18:20:21.233859" elapsed="0.099467"/>
</test>
<status status="PASS" start="2024-07-28T18:20:20.491951" elapsed="0.843398"/>
</suite>
<status status="PASS" start="2024-07-28T18:20:20.477848" elapsed="0.862590"/>
</suite>
<statistics>
<total>
<stat pass="5" fail="0" skip="0">All Tests</stat>
</total>
<tag>
<stat pass="1" fail="0" skip="0">testeConteudo</stat>
<stat pass="1" fail="0" skip="0">testeEstruturaResposta</stat>
<stat pass="1" fail="0" skip="0">testeRequisicaoBasica</stat>
<stat pass="1" fail="0" skip="0">testeTiposDados</stat>
</tag>
<suite>
<stat pass="5" fail="0" skip="0" id="s1" name="Tests">Tests</stat>
<stat pass="5" fail="0" skip="0" id="s1-s1" name="Random-User-Test">Tests.Random-User-Test</stat>
</suite>
</statistics>
<errors>
</errors>
</robot>
