<?xml version="1.0" encoding="UTF-8"?>
<robot generator="Robot 7.0.1 (Python 3.12.4 on linux)" generated="2024-07-15T20:15:48.248534" rpa="false" schemaversion="5">
<suite id="s1" name="Tests" source="/home/runner/work/ApiRandomUser/ApiRandomUser/RamdonUser/tests">
<suite id="s1-s1" name="Random-User-Test" source="/home/runner/work/ApiRandomUser/ApiRandomUser/RamdonUser/tests/random-user-test.robot">
<test id="s1-s1-t1" name="Conectar" line="13">
<kw name="Conectar API" owner="random-user-service">
<kw name="Create Session" owner="RequestsLibrary">
<msg time="2024-07-15T20:15:48.694945" level="INFO">Creating Session using : alias=consultarAPI, url=https://randomuser.me/, headers={},                     cookies={}, auth=None, timeout=None, proxies=None, verify=False,                     debug=0 </msg>
<arg>consultarAPI</arg>
<arg>${URL}</arg>
<doc>Create Session: create a HTTP session to a server</doc>
<status status="PASS" start="2024-07-15T20:15:48.694747" elapsed="0.000368"/>
</kw>
<status status="PASS" start="2024-07-15T20:15:48.693828" elapsed="0.001631"/>
</kw>
<status status="PASS" start="2024-07-15T20:15:48.693199" elapsed="0.002451"/>
</test>
<test id="s1-s1-t2" name="Validar retorno 200 e JSON Válido" line="16">
<kw name="Teste de Requisicao Basica" owner="random-user-service">
<kw name="GET On Session" owner="RequestsLibrary">
<msg time="2024-07-15T20:15:48.974794" level="INFO">GET Request : url=https://randomuser.me/api 
 path_url=/api 
 headers={'User-Agent': 'python-requests/2.32.3', 'Accept-Encoding': 'gzip, deflate', 'Accept': '*/*', 'Connection': 'keep-alive'} 
 body=None 
 </msg>
<msg time="2024-07-15T20:15:48.974956" level="INFO">GET Response : url=https://randomuser.me/api 
 status=200, reason=OK 
 headers={'Date': 'Mon, 15 Jul 2024 20:15:48 GMT', 'Content-Type': 'application/json; charset=utf-8', 'Transfer-Encoding': 'chunked', 'Connection': 'keep-alive', 'X-Powered-By': 'Express', 'Access-Control-Allow-Origin': '*', 'Cache-Control': 'no-cache', 'ETag': 'W/"477-JE4W2/7KcLzV7YePgaqrTP3ZRlE"', 'Vary': 'Accept-Encoding', 'Content-Encoding': 'gzip', 'CF-Cache-Status': 'DYNAMIC', 'Report-To': '{"endpoints":[{"url":"https:\\/\\/a.nel.cloudflare.com\\/report\\/v4?s=0i6wQt2GXQDu9%2BNt7LysRAeehY%2BhnV9B3dY5F4%2F7nZQjAinM8dQPgelVbM2eQs9L7t%2B495ZuGfZ%2BBEw%2FqtpVXedaSh7I%2FhaxP1hPpWEOtuIvA9W1nUj%2BP58jYCG5%2BrYU"}],"group":"cf-nel","max_age":604800}', 'NEL': '{"success_fraction":0,"report_to":"cf-nel","max_age":604800}', 'Server': 'cloudflare', 'CF-RAY': '8a3c6d3acc201fda-IAD', 'alt-svc': 'h3=":443"; ma=86400'} 
 body={"results":[{"gender":"male","name":{"title":"Mr","first":"Taha","last":"Søderholm"},"location":{"street":{"number":9588,"name":"Pasoplia"},"city":"Norderhaug","state":"Akershus","country":"Norway","postcode":"3790","coordinates":{"latitude":"41.5583","longitude":"-81.1186"},"timezone":{"offset":"+7:00","description":"Bangkok, Hanoi, Jakarta"}},"email":"taha.soderholm@example.com","login":{"uuid":"dddfa900-fa6e-4d03-bf3c-f0785b0eafb0","username":"bluerabbit985","password":"walrus","salt":"7NA6Ydo8","md5":"ba9163256684b5b38ebd194ec6daaa4e","sha1":"beddd1a391429962d508ceac4c4ecdd0917b9fb5","sha256":"1c1f4fdec4d4fa5f30c13c5f7dbddcfbc6a6c9e46c294a9e8264d14d50d970d1"},"dob":{"date":"1945-09-19T03:57:23.159Z","age":78},"registered":{"date":"2011-08-03T20:32:09.845Z","age":12},"phone":"57086970","cell":"91242176","id":{"name":"FN","value":"19094532372"},"picture":{"large":"https://randomuser.me/api/portraits/men/55.jpg","medium":"https://randomuser.me/api/portraits/med/men/55.jpg","thumbnail":"https://randomuser.me/api/portraits/thumb/men/55.jpg"},"nat":"NO"}],"info":{"seed":"3d2f407d79f463e7","results":1,"page":1,"version":"1.4"}} 
 </msg>
<msg time="2024-07-15T20:15:48.975045" level="INFO">/opt/hostedtoolcache/Python/3.12.4/x64/lib/python3.12/site-packages/urllib3/connectionpool.py:1099: InsecureRequestWarning: Unverified HTTPS request is being made to host 'randomuser.me'. Adding certificate verification is strongly advised. See: https://urllib3.readthedocs.io/en/latest/advanced-usage.html#tls-warnings
  warnings.warn(</msg>
<msg time="2024-07-15T20:15:48.975210" level="INFO">${response} = &lt;Response [200]&gt;</msg>
<var>${response}</var>
<arg>consultarAPI</arg>
<arg>/api</arg>
<doc>Sends a GET request on a previously created HTTP Session.</doc>
<status status="PASS" start="2024-07-15T20:15:48.698317" elapsed="0.276938"/>
</kw>
<kw name="Should Be Equal As Numbers" owner="BuiltIn">
<msg time="2024-07-15T20:15:48.976284" level="INFO">Argument types are:
&lt;class 'int'&gt;
&lt;class 'str'&gt;</msg>
<arg>${response.status_code}</arg>
<arg>200</arg>
<doc>Fails if objects are unequal after converting them to real numbers.</doc>
<status status="PASS" start="2024-07-15T20:15:48.975806" elapsed="0.000545"/>
</kw>
<kw name="Log" owner="BuiltIn">
<msg time="2024-07-15T20:15:48.977020" level="INFO">200</msg>
<arg>${response.status_code}</arg>
<doc>Logs the given message with the given level.</doc>
<status status="PASS" start="2024-07-15T20:15:48.976673" elapsed="0.000391"/>
</kw>
<kw name="Set Variable" owner="BuiltIn">
<msg time="2024-07-15T20:15:48.977870" level="INFO">${json_data} = {'results': [{'gender': 'male', 'name': {'title': 'Mr', 'first': 'Taha', 'last': 'Søderholm'}, 'location': {'street': {'number': 9588, 'name': 'Pasoplia'}, 'city': 'Norderhaug', 'state': 'Akershus', '...</msg>
<var>${json_data}</var>
<arg>${response.json()}</arg>
<doc>Returns the given values which can then be assigned to a variables.</doc>
<status status="PASS" start="2024-07-15T20:15:48.977420" elapsed="0.000481"/>
</kw>
<kw name="Dictionary Should Contain Key" owner="Collections">
<arg>${json_data}</arg>
<arg>results</arg>
<doc>Fails if ``key`` is not found from ``dictionary``.</doc>
<status status="PASS" start="2024-07-15T20:15:48.978202" elapsed="0.000172"/>
</kw>
<status status="PASS" start="2024-07-15T20:15:48.698070" elapsed="0.280459"/>
</kw>
<doc>Testa se a API responde corretamente e retorna um objeto JSON válido.</doc>
<tag>testeRequisicaoBasica</tag>
<status status="PASS" start="2024-07-15T20:15:48.697528" elapsed="0.281185"/>
</test>
<test id="s1-s1-t3" name="Validar estrutura de resposta" line="22">
<kw name="Teste de Estrutura de Resposta" owner="random-user-service">
<kw name="GET On Session" owner="RequestsLibrary">
<msg time="2024-07-15T20:15:49.075393" level="INFO">GET Request : url=https://randomuser.me/api 
 path_url=/api 
 headers={'User-Agent': 'python-requests/2.32.3', 'Accept-Encoding': 'gzip, deflate', 'Accept': '*/*', 'Connection': 'keep-alive'} 
 body=None 
 </msg>
<msg time="2024-07-15T20:15:49.075499" level="INFO">GET Response : url=https://randomuser.me/api 
 status=200, reason=OK 
 headers={'Date': 'Mon, 15 Jul 2024 20:15:49 GMT', 'Content-Type': 'application/json; charset=utf-8', 'Transfer-Encoding': 'chunked', 'Connection': 'keep-alive', 'X-Powered-By': 'Express', 'Access-Control-Allow-Origin': '*', 'Cache-Control': 'no-cache', 'ETag': 'W/"481-bIWglihBmg+tEWH6dXaoSrvZaUY"', 'Vary': 'Accept-Encoding', 'Content-Encoding': 'gzip', 'CF-Cache-Status': 'DYNAMIC', 'Report-To': '{"endpoints":[{"url":"https:\\/\\/a.nel.cloudflare.com\\/report\\/v4?s=AOiuMaTN%2FxOLmOrbaIt%2BcOJUYzi%2FTdxNyu8bf3d2t5FKijMLFxgWROaaEABJb5SqFpyEAiMrQnDhNgzcjEJwuvmbkmzOJE1jo%2FIvFgUcIomMlmiELXgk8glOuzyaYXI5"}],"group":"cf-nel","max_age":604800}', 'NEL': '{"success_fraction":0,"report_to":"cf-nel","max_age":604800}', 'Server': 'cloudflare', 'CF-RAY': '8a3c6d3b2c8e1fda-IAD', 'alt-svc': 'h3=":443"; ma=86400'} 
 body={"results":[{"gender":"female","name":{"title":"Ms","first":"Ege","last":"Pektemek"},"location":{"street":{"number":4605,"name":"Vatan Cd"},"city":"Hatay","state":"Isparta","country":"Turkey","postcode":84972,"coordinates":{"latitude":"72.2520","longitude":"118.4718"},"timezone":{"offset":"+11:00","description":"Magadan, Solomon Islands, New Caledonia"}},"email":"ege.pektemek@example.com","login":{"uuid":"4aef7f66-de5b-4a4c-8261-c4cd759d5127","username":"bigrabbit368","password":"hank","salt":"4uTQsYqi","md5":"221b501a5ebf8c2bd7945fabdc1ef04f","sha1":"d008bdceb5907301cd32a00248e68570335e4db4","sha256":"0b9b20c26b22edb5eb5feae8df23fe7afec057b2b8d2fa933baebfc073a9844d"},"dob":{"date":"1987-11-21T13:42:25.611Z","age":36},"registered":{"date":"2019-04-11T03:55:48.518Z","age":5},"phone":"(358)-311-4763","cell":"(002)-465-4512","id":{"name":"","value":null},"picture":{"large":"https://randomuser.me/api/portraits/women/42.jpg","medium":"https://randomuser.me/api/portraits/med/women/42.jpg","thumbnail":"https://randomuser.me/api/portraits/thumb/women/42.jpg"},"nat":"TR"}],"info":{"seed":"9edd82b053546681","results":1,"page":1,"version":"1.4"}} 
 </msg>
<msg time="2024-07-15T20:15:49.075626" level="INFO">/opt/hostedtoolcache/Python/3.12.4/x64/lib/python3.12/site-packages/urllib3/connectionpool.py:1099: InsecureRequestWarning: Unverified HTTPS request is being made to host 'randomuser.me'. Adding certificate verification is strongly advised. See: https://urllib3.readthedocs.io/en/latest/advanced-usage.html#tls-warnings
  warnings.warn(</msg>
<msg time="2024-07-15T20:15:49.075771" level="INFO">${response} = &lt;Response [200]&gt;</msg>
<var>${response}</var>
<arg>consultarAPI</arg>
<arg>/api</arg>
<doc>Sends a GET request on a previously created HTTP Session.</doc>
<status status="PASS" start="2024-07-15T20:15:48.981393" elapsed="0.094424"/>
</kw>
<kw name="Set Variable" owner="BuiltIn">
<msg time="2024-07-15T20:15:49.076836" level="INFO">${json_data} = {'results': [{'gender': 'female', 'name': {'title': 'Ms', 'first': 'Ege', 'last': 'Pektemek'}, 'location': {'street': {'number': 4605, 'name': 'Vatan Cd'}, 'city': 'Hatay', 'state': 'Isparta', 'countr...</msg>
<var>${json_data}</var>
<arg>${response.json()}</arg>
<doc>Returns the given values which can then be assigned to a variables.</doc>
<status status="PASS" start="2024-07-15T20:15:49.076312" elapsed="0.000553"/>
</kw>
<kw name="Log" owner="BuiltIn">
<msg time="2024-07-15T20:15:49.077375" level="INFO">{'results': [{'gender': 'female', 'name': {'title': 'Ms', 'first': 'Ege', 'last': 'Pektemek'}, 'location': {'street': {'number': 4605, 'name': 'Vatan Cd'}, 'city': 'Hatay', 'state': 'Isparta', 'country': 'Turkey', 'postcode': 84972, 'coordinates': {'latitude': '72.2520', 'longitude': '118.4718'}, 'timezone': {'offset': '+11:00', 'description': 'Magadan, Solomon Islands, New Caledonia'}}, 'email': 'ege.pektemek@example.com', 'login': {'uuid': '4aef7f66-de5b-4a4c-8261-c4cd759d5127', 'username': 'bigrabbit368', 'password': 'hank', 'salt': '4uTQsYqi', 'md5': '221b501a5ebf8c2bd7945fabdc1ef04f', 'sha1': 'd008bdceb5907301cd32a00248e68570335e4db4', 'sha256': '0b9b20c26b22edb5eb5feae8df23fe7afec057b2b8d2fa933baebfc073a9844d'}, 'dob': {'date': '1987-11-21T13:42:25.611Z', 'age': 36}, 'registered': {'date': '2019-04-11T03:55:48.518Z', 'age': 5}, 'phone': '(358)-311-4763', 'cell': '(002)-465-4512', 'id': {'name': '', 'value': None}, 'picture': {'large': 'https://randomuser.me/api/portraits/women/42.jpg', 'medium': 'https://randomuser.me/api/portraits/med/women/42.jpg', 'thumbnail': 'https://randomuser.me/api/portraits/thumb/women/42.jpg'}, 'nat': 'TR'}], 'info': {'seed': '9edd82b053546681', 'results': 1, 'page': 1, 'version': '1.4'}}</msg>
<arg>${json_data}</arg>
<doc>Logs the given message with the given level.</doc>
<status status="PASS" start="2024-07-15T20:15:49.077174" elapsed="0.000256"/>
</kw>
<kw name="Dictionary Should Contain Key" owner="Collections">
<arg>${json_data}</arg>
<arg>results</arg>
<doc>Fails if ``key`` is not found from ``dictionary``.</doc>
<status status="PASS" start="2024-07-15T20:15:49.077726" elapsed="0.000171"/>
</kw>
<kw name="Should Not Be Empty" owner="BuiltIn">
<msg time="2024-07-15T20:15:49.078205" level="INFO">Length is 2.</msg>
<arg>${json_data}</arg>
<doc>Verifies that the given item is not empty.</doc>
<status status="PASS" start="2024-07-15T20:15:49.078078" elapsed="0.000165"/>
</kw>
<kw name="Create List" owner="BuiltIn">
<msg time="2024-07-15T20:15:49.078838" level="INFO">${expected_keys} = ['gender', 'name', 'location', 'email', 'login']</msg>
<var>${expected_keys}</var>
<arg>gender</arg>
<arg>name</arg>
<arg>location</arg>
<arg>email</arg>
<arg>login</arg>
<doc>Returns a list containing given items.</doc>
<status status="PASS" start="2024-07-15T20:15:49.078534" elapsed="0.000329"/>
</kw>
<for flavor="IN">
<iter>
<kw name="Dictionary Should Contain Key" owner="Collections">
<arg>${json_data['results'][0]}</arg>
<arg>${key}</arg>
<doc>Fails if ``key`` is not found from ``dictionary``.</doc>
<status status="PASS" start="2024-07-15T20:15:49.079435" elapsed="0.000402"/>
</kw>
<kw name="Log" owner="BuiltIn">
<msg time="2024-07-15T20:15:49.080371" level="INFO">{'gender': 'female', 'name': {'title': 'Ms', 'first': 'Ege', 'last': 'Pektemek'}, 'location': {'street': {'number': 4605, 'name': 'Vatan Cd'}, 'city': 'Hatay', 'state': 'Isparta', 'country': 'Turkey', 'postcode': 84972, 'coordinates': {'latitude': '72.2520', 'longitude': '118.4718'}, 'timezone': {'offset': '+11:00', 'description': 'Magadan, Solomon Islands, New Caledonia'}}, 'email': 'ege.pektemek@example.com', 'login': {'uuid': '4aef7f66-de5b-4a4c-8261-c4cd759d5127', 'username': 'bigrabbit368', 'password': 'hank', 'salt': '4uTQsYqi', 'md5': '221b501a5ebf8c2bd7945fabdc1ef04f', 'sha1': 'd008bdceb5907301cd32a00248e68570335e4db4', 'sha256': '0b9b20c26b22edb5eb5feae8df23fe7afec057b2b8d2fa933baebfc073a9844d'}, 'dob': {'date': '1987-11-21T13:42:25.611Z', 'age': 36}, 'registered': {'date': '2019-04-11T03:55:48.518Z', 'age': 5}, 'phone': '(358)-311-4763', 'cell': '(002)-465-4512', 'id': {'name': '', 'value': None}, 'picture': {'large': 'https://randomuser.me/api/portraits/women/42.jpg', 'medium': 'https://randomuser.me/api/portraits/med/women/42.jpg', 'thumbnail': 'https://randomuser.me/api/portraits/thumb/women/42.jpg'}, 'nat': 'TR'}</msg>
<arg>${json_data['results'][0]}</arg>
<doc>Logs the given message with the given level.</doc>
<status status="PASS" start="2024-07-15T20:15:49.080022" elapsed="0.000398"/>
</kw>
<kw name="Log" owner="BuiltIn">
<msg time="2024-07-15T20:15:49.080842" level="INFO">gender</msg>
<arg>${key}</arg>
<doc>Logs the given message with the given level.</doc>
<status status="PASS" start="2024-07-15T20:15:49.080713" elapsed="0.000167"/>
</kw>
<var name="${key}">gender</var>
<status status="PASS" start="2024-07-15T20:15:49.079314" elapsed="0.001781"/>
</iter>
<iter>
<kw name="Dictionary Should Contain Key" owner="Collections">
<arg>${json_data['results'][0]}</arg>
<arg>${key}</arg>
<doc>Fails if ``key`` is not found from ``dictionary``.</doc>
<status status="PASS" start="2024-07-15T20:15:49.081424" elapsed="0.000386"/>
</kw>
<kw name="Log" owner="BuiltIn">
<msg time="2024-07-15T20:15:49.082339" level="INFO">{'gender': 'female', 'name': {'title': 'Ms', 'first': 'Ege', 'last': 'Pektemek'}, 'location': {'street': {'number': 4605, 'name': 'Vatan Cd'}, 'city': 'Hatay', 'state': 'Isparta', 'country': 'Turkey', 'postcode': 84972, 'coordinates': {'latitude': '72.2520', 'longitude': '118.4718'}, 'timezone': {'offset': '+11:00', 'description': 'Magadan, Solomon Islands, New Caledonia'}}, 'email': 'ege.pektemek@example.com', 'login': {'uuid': '4aef7f66-de5b-4a4c-8261-c4cd759d5127', 'username': 'bigrabbit368', 'password': 'hank', 'salt': '4uTQsYqi', 'md5': '221b501a5ebf8c2bd7945fabdc1ef04f', 'sha1': 'd008bdceb5907301cd32a00248e68570335e4db4', 'sha256': '0b9b20c26b22edb5eb5feae8df23fe7afec057b2b8d2fa933baebfc073a9844d'}, 'dob': {'date': '1987-11-21T13:42:25.611Z', 'age': 36}, 'registered': {'date': '2019-04-11T03:55:48.518Z', 'age': 5}, 'phone': '(358)-311-4763', 'cell': '(002)-465-4512', 'id': {'name': '', 'value': None}, 'picture': {'large': 'https://randomuser.me/api/portraits/women/42.jpg', 'medium': 'https://randomuser.me/api/portraits/med/women/42.jpg', 'thumbnail': 'https://randomuser.me/api/portraits/thumb/women/42.jpg'}, 'nat': 'TR'}</msg>
<arg>${json_data['results'][0]}</arg>
<doc>Logs the given message with the given level.</doc>
<status status="PASS" start="2024-07-15T20:15:49.081991" elapsed="0.000428"/>
</kw>
<kw name="Log" owner="BuiltIn">
<msg time="2024-07-15T20:15:49.082840" level="INFO">name</msg>
<arg>${key}</arg>
<doc>Logs the given message with the given level.</doc>
<status status="PASS" start="2024-07-15T20:15:49.082712" elapsed="0.000165"/>
</kw>
<var name="${key}">name</var>
<status status="PASS" start="2024-07-15T20:15:49.081284" elapsed="0.001805"/>
</iter>
<iter>
<kw name="Dictionary Should Contain Key" owner="Collections">
<arg>${json_data['results'][0]}</arg>
<arg>${key}</arg>
<doc>Fails if ``key`` is not found from ``dictionary``.</doc>
<status status="PASS" start="2024-07-15T20:15:49.083368" elapsed="0.000370"/>
</kw>
<kw name="Log" owner="BuiltIn">
<msg time="2024-07-15T20:15:49.084299" level="INFO">{'gender': 'female', 'name': {'title': 'Ms', 'first': 'Ege', 'last': 'Pektemek'}, 'location': {'street': {'number': 4605, 'name': 'Vatan Cd'}, 'city': 'Hatay', 'state': 'Isparta', 'country': 'Turkey', 'postcode': 84972, 'coordinates': {'latitude': '72.2520', 'longitude': '118.4718'}, 'timezone': {'offset': '+11:00', 'description': 'Magadan, Solomon Islands, New Caledonia'}}, 'email': 'ege.pektemek@example.com', 'login': {'uuid': '4aef7f66-de5b-4a4c-8261-c4cd759d5127', 'username': 'bigrabbit368', 'password': 'hank', 'salt': '4uTQsYqi', 'md5': '221b501a5ebf8c2bd7945fabdc1ef04f', 'sha1': 'd008bdceb5907301cd32a00248e68570335e4db4', 'sha256': '0b9b20c26b22edb5eb5feae8df23fe7afec057b2b8d2fa933baebfc073a9844d'}, 'dob': {'date': '1987-11-21T13:42:25.611Z', 'age': 36}, 'registered': {'date': '2019-04-11T03:55:48.518Z', 'age': 5}, 'phone': '(358)-311-4763', 'cell': '(002)-465-4512', 'id': {'name': '', 'value': None}, 'picture': {'large': 'https://randomuser.me/api/portraits/women/42.jpg', 'medium': 'https://randomuser.me/api/portraits/med/women/42.jpg', 'thumbnail': 'https://randomuser.me/api/portraits/thumb/women/42.jpg'}, 'nat': 'TR'}</msg>
<arg>${json_data['results'][0]}</arg>
<doc>Logs the given message with the given level.</doc>
<status status="PASS" start="2024-07-15T20:15:49.083915" elapsed="0.000434"/>
</kw>
<kw name="Log" owner="BuiltIn">
<msg time="2024-07-15T20:15:49.084773" level="INFO">location</msg>
<arg>${key}</arg>
<doc>Logs the given message with the given level.</doc>
<status status="PASS" start="2024-07-15T20:15:49.084646" elapsed="0.000163"/>
</kw>
<var name="${key}">location</var>
<status status="PASS" start="2024-07-15T20:15:49.083262" elapsed="0.001759"/>
</iter>
<iter>
<kw name="Dictionary Should Contain Key" owner="Collections">
<arg>${json_data['results'][0]}</arg>
<arg>${key}</arg>
<doc>Fails if ``key`` is not found from ``dictionary``.</doc>
<status status="PASS" start="2024-07-15T20:15:49.085295" elapsed="0.000493"/>
</kw>
<kw name="Log" owner="BuiltIn">
<msg time="2024-07-15T20:15:49.086356" level="INFO">{'gender': 'female', 'name': {'title': 'Ms', 'first': 'Ege', 'last': 'Pektemek'}, 'location': {'street': {'number': 4605, 'name': 'Vatan Cd'}, 'city': 'Hatay', 'state': 'Isparta', 'country': 'Turkey', 'postcode': 84972, 'coordinates': {'latitude': '72.2520', 'longitude': '118.4718'}, 'timezone': {'offset': '+11:00', 'description': 'Magadan, Solomon Islands, New Caledonia'}}, 'email': 'ege.pektemek@example.com', 'login': {'uuid': '4aef7f66-de5b-4a4c-8261-c4cd759d5127', 'username': 'bigrabbit368', 'password': 'hank', 'salt': '4uTQsYqi', 'md5': '221b501a5ebf8c2bd7945fabdc1ef04f', 'sha1': 'd008bdceb5907301cd32a00248e68570335e4db4', 'sha256': '0b9b20c26b22edb5eb5feae8df23fe7afec057b2b8d2fa933baebfc073a9844d'}, 'dob': {'date': '1987-11-21T13:42:25.611Z', 'age': 36}, 'registered': {'date': '2019-04-11T03:55:48.518Z', 'age': 5}, 'phone': '(358)-311-4763', 'cell': '(002)-465-4512', 'id': {'name': '', 'value': None}, 'picture': {'large': 'https://randomuser.me/api/portraits/women/42.jpg', 'medium': 'https://randomuser.me/api/portraits/med/women/42.jpg', 'thumbnail': 'https://randomuser.me/api/portraits/thumb/women/42.jpg'}, 'nat': 'TR'}</msg>
<arg>${json_data['results'][0]}</arg>
<doc>Logs the given message with the given level.</doc>
<status status="PASS" start="2024-07-15T20:15:49.085973" elapsed="0.000433"/>
</kw>
<kw name="Log" owner="BuiltIn">
<msg time="2024-07-15T20:15:49.086904" level="INFO">email</msg>
<arg>${key}</arg>
<doc>Logs the given message with the given level.</doc>
<status status="PASS" start="2024-07-15T20:15:49.086762" elapsed="0.000181"/>
</kw>
<var name="${key}">email</var>
<status status="PASS" start="2024-07-15T20:15:49.085190" elapsed="0.001969"/>
</iter>
<iter>
<kw name="Dictionary Should Contain Key" owner="Collections">
<arg>${json_data['results'][0]}</arg>
<arg>${key}</arg>
<doc>Fails if ``key`` is not found from ``dictionary``.</doc>
<status status="PASS" start="2024-07-15T20:15:49.087441" elapsed="0.000382"/>
</kw>
<kw name="Log" owner="BuiltIn">
<msg time="2024-07-15T20:15:49.088339" level="INFO">{'gender': 'female', 'name': {'title': 'Ms', 'first': 'Ege', 'last': 'Pektemek'}, 'location': {'street': {'number': 4605, 'name': 'Vatan Cd'}, 'city': 'Hatay', 'state': 'Isparta', 'country': 'Turkey', 'postcode': 84972, 'coordinates': {'latitude': '72.2520', 'longitude': '118.4718'}, 'timezone': {'offset': '+11:00', 'description': 'Magadan, Solomon Islands, New Caledonia'}}, 'email': 'ege.pektemek@example.com', 'login': {'uuid': '4aef7f66-de5b-4a4c-8261-c4cd759d5127', 'username': 'bigrabbit368', 'password': 'hank', 'salt': '4uTQsYqi', 'md5': '221b501a5ebf8c2bd7945fabdc1ef04f', 'sha1': 'd008bdceb5907301cd32a00248e68570335e4db4', 'sha256': '0b9b20c26b22edb5eb5feae8df23fe7afec057b2b8d2fa933baebfc073a9844d'}, 'dob': {'date': '1987-11-21T13:42:25.611Z', 'age': 36}, 'registered': {'date': '2019-04-11T03:55:48.518Z', 'age': 5}, 'phone': '(358)-311-4763', 'cell': '(002)-465-4512', 'id': {'name': '', 'value': None}, 'picture': {'large': 'https://randomuser.me/api/portraits/women/42.jpg', 'medium': 'https://randomuser.me/api/portraits/med/women/42.jpg', 'thumbnail': 'https://randomuser.me/api/portraits/thumb/women/42.jpg'}, 'nat': 'TR'}</msg>
<arg>${json_data['results'][0]}</arg>
<doc>Logs the given message with the given level.</doc>
<status status="PASS" start="2024-07-15T20:15:49.087999" elapsed="0.000389"/>
</kw>
<kw name="Log" owner="BuiltIn">
<msg time="2024-07-15T20:15:49.088801" level="INFO">login</msg>
<arg>${key}</arg>
<doc>Logs the given message with the given level.</doc>
<status status="PASS" start="2024-07-15T20:15:49.088676" elapsed="0.000161"/>
</kw>
<var name="${key}">login</var>
<status status="PASS" start="2024-07-15T20:15:49.087329" elapsed="0.001720"/>
</iter>
<var>${key}</var>
<value>@{expected_keys}</value>
<status status="PASS" start="2024-07-15T20:15:49.079123" elapsed="0.010044"/>
</for>
<kw name="Create List" owner="BuiltIn">
<msg time="2024-07-15T20:15:49.089535" level="INFO">${expected_keysTwo} = ['username', 'password']</msg>
<var>${expected_keysTwo}</var>
<arg>username</arg>
<arg>password</arg>
<doc>Returns a list containing given items.</doc>
<status status="PASS" start="2024-07-15T20:15:49.089384" elapsed="0.000175"/>
</kw>
<for flavor="IN">
<iter>
<kw name="Dictionary Should Contain Key" owner="Collections">
<arg>${json_data['results'][0]['login']}</arg>
<arg>${keyTwo}</arg>
<doc>Fails if ``key`` is not found from ``dictionary``.</doc>
<status status="PASS" start="2024-07-15T20:15:49.090081" elapsed="0.000376"/>
</kw>
<kw name="Dictionary Should Contain Key" owner="Collections">
<arg>${json_data['results'][0]['login']}</arg>
<arg>${keyTwo}</arg>
<doc>Fails if ``key`` is not found from ``dictionary``.</doc>
<status status="PASS" start="2024-07-15T20:15:49.090633" elapsed="0.000374"/>
</kw>
<kw name="Log" owner="BuiltIn">
<msg time="2024-07-15T20:15:49.091308" level="INFO">username</msg>
<arg>${keyTwo}</arg>
<doc>Logs the given message with the given level.</doc>
<status status="PASS" start="2024-07-15T20:15:49.091187" elapsed="0.000158"/>
</kw>
<var name="${keyTwo}">username</var>
<status status="PASS" start="2024-07-15T20:15:49.089977" elapsed="0.001581"/>
</iter>
<iter>
<kw name="Dictionary Should Contain Key" owner="Collections">
<arg>${json_data['results'][0]['login']}</arg>
<arg>${keyTwo}</arg>
<doc>Fails if ``key`` is not found from ``dictionary``.</doc>
<status status="PASS" start="2024-07-15T20:15:49.091830" elapsed="0.000407"/>
</kw>
<kw name="Dictionary Should Contain Key" owner="Collections">
<arg>${json_data['results'][0]['login']}</arg>
<arg>${keyTwo}</arg>
<doc>Fails if ``key`` is not found from ``dictionary``.</doc>
<status status="PASS" start="2024-07-15T20:15:49.092415" elapsed="0.000363"/>
</kw>
<kw name="Log" owner="BuiltIn">
<msg time="2024-07-15T20:15:49.093068" level="INFO">password</msg>
<arg>${keyTwo}</arg>
<doc>Logs the given message with the given level.</doc>
<status status="PASS" start="2024-07-15T20:15:49.092951" elapsed="0.000158"/>
</kw>
<var name="${keyTwo}">password</var>
<status status="PASS" start="2024-07-15T20:15:49.091727" elapsed="0.001720"/>
</iter>
<var>${keyTwo}</var>
<value>@{expected_keysTwo}</value>
<status status="PASS" start="2024-07-15T20:15:49.089825" elapsed="0.003742"/>
</for>
<status status="PASS" start="2024-07-15T20:15:48.981123" elapsed="0.112584"/>
</kw>
<doc>Testa a estrutura da resposta da API.</doc>
<tag>testeEstruturaResposta</tag>
<status status="PASS" start="2024-07-15T20:15:48.980563" elapsed="0.113297"/>
</test>
<test id="s1-s1-t4" name="Validar tipos de dados" line="28">
<kw name="Teste de Tipos de Dados" owner="random-user-service">
<kw name="GET On Session" owner="RequestsLibrary">
<msg time="2024-07-15T20:15:49.165488" level="INFO">GET Request : url=https://randomuser.me/api 
 path_url=/api 
 headers={'User-Agent': 'python-requests/2.32.3', 'Accept-Encoding': 'gzip, deflate', 'Accept': '*/*', 'Connection': 'keep-alive'} 
 body=None 
 </msg>
<msg time="2024-07-15T20:15:49.165604" level="INFO">GET Response : url=https://randomuser.me/api 
 status=200, reason=OK 
 headers={'Date': 'Mon, 15 Jul 2024 20:15:49 GMT', 'Content-Type': 'application/json; charset=utf-8', 'Transfer-Encoding': 'chunked', 'Connection': 'keep-alive', 'X-Powered-By': 'Express', 'Access-Control-Allow-Origin': '*', 'Cache-Control': 'no-cache', 'ETag': 'W/"48d-fwGcYiLbArUA4K9GfM6sGQnNDho"', 'Vary': 'Accept-Encoding', 'Content-Encoding': 'gzip', 'CF-Cache-Status': 'DYNAMIC', 'Report-To': '{"endpoints":[{"url":"https:\\/\\/a.nel.cloudflare.com\\/report\\/v4?s=xrIklWjfnDXBaAQIuBZGYPun55z4rybo9UJ9mNNqOYA8XvERGhhLpwDKE0zxDC51ZORTjwcCQa3IpGFtFAv%2BrjCqShlJDJGe%2BnEv8kePA%2Ftme4JsPPS8l8yq5Q20062o"}],"group":"cf-nel","max_age":604800}', 'NEL': '{"success_fraction":0,"report_to":"cf-nel","max_age":604800}', 'Server': 'cloudflare', 'CF-RAY': '8a3c6d3bdd5b1fda-IAD', 'alt-svc': 'h3=":443"; ma=86400'} 
 body={"results":[{"gender":"female","name":{"title":"Miss","first":"Sedef","last":"Tazegül"},"location":{"street":{"number":7886,"name":"Filistin Cd"},"city":"Erzurum","state":"Niğde","country":"Turkey","postcode":36454,"coordinates":{"latitude":"64.5490","longitude":"45.2290"},"timezone":{"offset":"-6:00","description":"Central Time (US &amp; Canada), Mexico City"}},"email":"sedef.tazegul@example.com","login":{"uuid":"ec23c94a-4076-40ad-ac95-b437a726db5b","username":"greenpeacock373","password":"munch","salt":"dCycOYMX","md5":"bfb04b1b18c1043ab14e5f898a1545de","sha1":"6ec2e61f6d00799cf22e590b04591699a0b61933","sha256":"e4e65348c2bebf8832bb65975093b85c537402d00296f7e69cccf3bd96aad2f2"},"dob":{"date":"1958-08-18T18:53:51.125Z","age":65},"registered":{"date":"2011-05-07T00:43:22.249Z","age":13},"phone":"(414)-873-7506","cell":"(644)-999-7356","id":{"name":"","value":null},"picture":{"large":"https://randomuser.me/api/portraits/women/63.jpg","medium":"https://randomuser.me/api/portraits/med/women/63.jpg","thumbnail":"https://randomuser.me/api/portraits/thumb/women/63.jpg"},"nat":"TR"}],"info":{"seed":"999a7a1efa8494d6","results":1,"page":1,"version":"1.4"}} 
 </msg>
<msg time="2024-07-15T20:15:49.165691" level="INFO">/opt/hostedtoolcache/Python/3.12.4/x64/lib/python3.12/site-packages/urllib3/connectionpool.py:1099: InsecureRequestWarning: Unverified HTTPS request is being made to host 'randomuser.me'. Adding certificate verification is strongly advised. See: https://urllib3.readthedocs.io/en/latest/advanced-usage.html#tls-warnings
  warnings.warn(</msg>
<msg time="2024-07-15T20:15:49.165845" level="INFO">${response} = &lt;Response [200]&gt;</msg>
<var>${response}</var>
<arg>consultarAPI</arg>
<arg>/api</arg>
<doc>Sends a GET request on a previously created HTTP Session.</doc>
<status status="PASS" start="2024-07-15T20:15:49.096306" elapsed="0.069592"/>
</kw>
<kw name="Set Variable" owner="BuiltIn">
<msg time="2024-07-15T20:15:49.166950" level="INFO">${json_data} = {'results': [{'gender': 'female', 'name': {'title': 'Miss', 'first': 'Sedef', 'last': 'Tazegül'}, 'location': {'street': {'number': 7886, 'name': 'Filistin Cd'}, 'city': 'Erzurum', 'state': 'Niğde', '...</msg>
<var>${json_data}</var>
<arg>${response.json()}</arg>
<doc>Returns the given values which can then be assigned to a variables.</doc>
<status status="PASS" start="2024-07-15T20:15:49.166428" elapsed="0.000553"/>
</kw>
<kw name="Log" owner="BuiltIn">
<msg time="2024-07-15T20:15:49.167446" level="INFO">{'results': [{'gender': 'female', 'name': {'title': 'Miss', 'first': 'Sedef', 'last': 'Tazegül'}, 'location': {'street': {'number': 7886, 'name': 'Filistin Cd'}, 'city': 'Erzurum', 'state': 'Niğde', 'country': 'Turkey', 'postcode': 36454, 'coordinates': {'latitude': '64.5490', 'longitude': '45.2290'}, 'timezone': {'offset': '-6:00', 'description': 'Central Time (US &amp; Canada), Mexico City'}}, 'email': 'sedef.tazegul@example.com', 'login': {'uuid': 'ec23c94a-4076-40ad-ac95-b437a726db5b', 'username': 'greenpeacock373', 'password': 'munch', 'salt': 'dCycOYMX', 'md5': 'bfb04b1b18c1043ab14e5f898a1545de', 'sha1': '6ec2e61f6d00799cf22e590b04591699a0b61933', 'sha256': 'e4e65348c2bebf8832bb65975093b85c537402d00296f7e69cccf3bd96aad2f2'}, 'dob': {'date': '1958-08-18T18:53:51.125Z', 'age': 65}, 'registered': {'date': '2011-05-07T00:43:22.249Z', 'age': 13}, 'phone': '(414)-873-7506', 'cell': '(644)-999-7356', 'id': {'name': '', 'value': None}, 'picture': {'large': 'https://randomuser.me/api/portraits/women/63.jpg', 'medium': 'https://randomuser.me/api/portraits/med/women/63.jpg', 'thumbnail': 'https://randomuser.me/api/portraits/thumb/women/63.jpg'}, 'nat': 'TR'}], 'info': {'seed': '999a7a1efa8494d6', 'results': 1, 'page': 1, 'version': '1.4'}}</msg>
<arg>${json_data}</arg>
<doc>Logs the given message with the given level.</doc>
<status status="PASS" start="2024-07-15T20:15:49.167286" elapsed="0.000212"/>
</kw>
<kw name="Should Be String" owner="String">
<arg>${json_data['results'][0]['gender']}</arg>
<doc>Fails if the given ``item`` is not a string.</doc>
<status status="PASS" start="2024-07-15T20:15:49.167787" elapsed="0.000353"/>
</kw>
<kw name="Should Match Regexp" owner="BuiltIn">
<arg>${json_data['results'][0]['email']}</arg>
<arg>^[a-zA-Z0-9._%+-]+@[a-zA-Z0-9.-]+\.[a-zA-Z]{2,}$</arg>
<doc>Fails if ``string`` does not match ``pattern`` as a regular expression.</doc>
<status status="PASS" start="2024-07-15T20:15:49.168325" elapsed="0.000504"/>
</kw>
<kw name="Should Match Regexp" owner="BuiltIn">
<arg>${json_data['results'][0]['dob']['date']}</arg>
<arg>\\d{4}-\\d{2}-\\d{2}T\\d{2}:\\d{2}:\\d{2}\\.\\d{3}Z</arg>
<doc>Fails if ``string`` does not match ``pattern`` as a regular expression.</doc>
<status status="PASS" start="2024-07-15T20:15:49.169058" elapsed="0.000531"/>
</kw>
<kw name="Should Match Regexp" owner="BuiltIn">
<arg>${json_data['results'][0]['registered']['date']}</arg>
<arg>\\d{4}-\\d{2}-\\d{2}T\\d{2}:\\d{2}:\\d{2}\\.\\d{3}Z</arg>
<doc>Fails if ``string`` does not match ``pattern`` as a regular expression.</doc>
<status status="PASS" start="2024-07-15T20:15:49.169778" elapsed="0.000364"/>
</kw>
<kw name="Should Match Regexp" owner="BuiltIn">
<arg>${json_data['results'][0]['picture']['large']}</arg>
<arg>^https?://.*\.(?:png|jpe?g|gif|bmp)$</arg>
<doc>Fails if ``string`` does not match ``pattern`` as a regular expression.</doc>
<status status="PASS" start="2024-07-15T20:15:49.170323" elapsed="0.000445"/>
</kw>
<kw name="Should Match Regexp" owner="BuiltIn">
<arg>${json_data['results'][0]['picture']['medium']}</arg>
<arg>^https?://.*\.(?:png|jpe?g|gif|bmp)$</arg>
<doc>Fails if ``string`` does not match ``pattern`` as a regular expression.</doc>
<status status="PASS" start="2024-07-15T20:15:49.170949" elapsed="0.000341"/>
</kw>
<kw name="Should Match Regexp" owner="BuiltIn">
<arg>${json_data['results'][0]['picture']['thumbnail']}</arg>
<arg>^https?://.*\.(?:png|jpe?g|gif|bmp)$</arg>
<doc>Fails if ``string`` does not match ``pattern`` as a regular expression.</doc>
<status status="PASS" start="2024-07-15T20:15:49.171465" elapsed="0.000341"/>
</kw>
<kw name="Log" owner="BuiltIn">
<msg time="2024-07-15T20:15:49.172319" level="INFO">{'large': 'https://randomuser.me/api/portraits/women/63.jpg', 'medium': 'https://randomuser.me/api/portraits/med/women/63.jpg', 'thumbnail': 'https://randomuser.me/api/portraits/thumb/women/63.jpg'}</msg>
<arg>${json_data['results'][0]['picture']}</arg>
<doc>Logs the given message with the given level.</doc>
<status status="PASS" start="2024-07-15T20:15:49.171990" elapsed="0.000371"/>
</kw>
<status status="PASS" start="2024-07-15T20:15:49.096086" elapsed="0.076532"/>
</kw>
<kw name="Teste de Tipos de Dados - Postcode" owner="random-user-service">
<kw name="GET On Session" owner="RequestsLibrary">
<msg time="2024-07-15T20:15:49.264612" level="INFO">GET Request : url=https://randomuser.me/api 
 path_url=/api 
 headers={'User-Agent': 'python-requests/2.32.3', 'Accept-Encoding': 'gzip, deflate', 'Accept': '*/*', 'Connection': 'keep-alive'} 
 body=None 
 </msg>
<msg time="2024-07-15T20:15:49.264725" level="INFO">GET Response : url=https://randomuser.me/api 
 status=200, reason=OK 
 headers={'Date': 'Mon, 15 Jul 2024 20:15:49 GMT', 'Content-Type': 'application/json; charset=utf-8', 'Transfer-Encoding': 'chunked', 'Connection': 'keep-alive', 'X-Powered-By': 'Express', 'Access-Control-Allow-Origin': '*', 'Cache-Control': 'no-cache', 'ETag': 'W/"495-2WNaewBxd5XAmwlNyIdZVYIN/v0"', 'Vary': 'Accept-Encoding', 'Content-Encoding': 'gzip', 'CF-Cache-Status': 'DYNAMIC', 'Report-To': '{"endpoints":[{"url":"https:\\/\\/a.nel.cloudflare.com\\/report\\/v4?s=Y9hgmX1YvV6m%2BfFwueddexm4nORluHl5AQOBuw0c1ZiJamCyCMVX9flKi6DWv12CbuaCGekfCO%2FvLv3B5Un8XAJCcG7guBG0bky6OpqluehDT6D3qMnC%2FYQ4dwoO%2BIMD"}],"group":"cf-nel","max_age":604800}', 'NEL': '{"success_fraction":0,"report_to":"cf-nel","max_age":604800}', 'Server': 'cloudflare', 'CF-RAY': '8a3c6d3c5e0f1fda-IAD', 'alt-svc': 'h3=":443"; ma=86400'} 
 body={"results":[{"gender":"female","name":{"title":"Miss","first":"Yosipa","last":"Ostapyuk"},"location":{"street":{"number":3479,"name":"Provulok Zeleniy"},"city":"Vovchansk","state":"Vinnicka","country":"Ukraine","postcode":90906,"coordinates":{"latitude":"77.2914","longitude":"89.8937"},"timezone":{"offset":"+9:00","description":"Tokyo, Seoul, Osaka, Sapporo, Yakutsk"}},"email":"yosipa.ostapyuk@example.com","login":{"uuid":"5a1e5521-e50c-431f-a171-abc0bcee59b0","username":"bigmouse734","password":"judith","salt":"tdUod73g","md5":"7514476faa8b4dd90551552d5b54bb8d","sha1":"2d53cb06c27bfbc0fd11293084cfa064cfbd7255","sha256":"7f2ff2736a20b11e4a71a78ce12d380b543b64368f5e37c6b38a5de3def9c4aa"},"dob":{"date":"1987-06-17T06:56:34.329Z","age":37},"registered":{"date":"2002-08-07T11:19:20.039Z","age":21},"phone":"(098) Y93-5708","cell":"(097) O63-1930","id":{"name":"","value":null},"picture":{"large":"https://randomuser.me/api/portraits/women/71.jpg","medium":"https://randomuser.me/api/portraits/med/women/71.jpg","thumbnail":"https://randomuser.me/api/portraits/thumb/women/71.jpg"},"nat":"UA"}],"info":{"seed":"bb5cc31dc3cd12b8","results":1,"page":1,"version":"1.4"}} 
 </msg>
<msg time="2024-07-15T20:15:49.264804" level="INFO">/opt/hostedtoolcache/Python/3.12.4/x64/lib/python3.12/site-packages/urllib3/connectionpool.py:1099: InsecureRequestWarning: Unverified HTTPS request is being made to host 'randomuser.me'. Adding certificate verification is strongly advised. See: https://urllib3.readthedocs.io/en/latest/advanced-usage.html#tls-warnings
  warnings.warn(</msg>
<msg time="2024-07-15T20:15:49.264962" level="INFO">${response} = &lt;Response [200]&gt;</msg>
<var>${response}</var>
<arg>consultarAPI</arg>
<arg>/api</arg>
<doc>Sends a GET request on a previously created HTTP Session.</doc>
<status status="PASS" start="2024-07-15T20:15:49.173072" elapsed="0.091945"/>
</kw>
<kw name="Set Variable" owner="BuiltIn">
<msg time="2024-07-15T20:15:49.266096" level="INFO">${json_data} = {'results': [{'gender': 'female', 'name': {'title': 'Miss', 'first': 'Yosipa', 'last': 'Ostapyuk'}, 'location': {'street': {'number': 3479, 'name': 'Provulok Zeleniy'}, 'city': 'Vovchansk', 'state': '...</msg>
<var>${json_data}</var>
<arg>${response.json()}</arg>
<doc>Returns the given values which can then be assigned to a variables.</doc>
<status status="PASS" start="2024-07-15T20:15:49.265589" elapsed="0.000535"/>
</kw>
<kw name="Log" owner="BuiltIn">
<msg time="2024-07-15T20:15:49.266592" level="INFO">{'results': [{'gender': 'female', 'name': {'title': 'Miss', 'first': 'Yosipa', 'last': 'Ostapyuk'}, 'location': {'street': {'number': 3479, 'name': 'Provulok Zeleniy'}, 'city': 'Vovchansk', 'state': 'Vinnicka', 'country': 'Ukraine', 'postcode': 90906, 'coordinates': {'latitude': '77.2914', 'longitude': '89.8937'}, 'timezone': {'offset': '+9:00', 'description': 'Tokyo, Seoul, Osaka, Sapporo, Yakutsk'}}, 'email': 'yosipa.ostapyuk@example.com', 'login': {'uuid': '5a1e5521-e50c-431f-a171-abc0bcee59b0', 'username': 'bigmouse734', 'password': 'judith', 'salt': 'tdUod73g', 'md5': '7514476faa8b4dd90551552d5b54bb8d', 'sha1': '2d53cb06c27bfbc0fd11293084cfa064cfbd7255', 'sha256': '7f2ff2736a20b11e4a71a78ce12d380b543b64368f5e37c6b38a5de3def9c4aa'}, 'dob': {'date': '1987-06-17T06:56:34.329Z', 'age': 37}, 'registered': {'date': '2002-08-07T11:19:20.039Z', 'age': 21}, 'phone': '(098) Y93-5708', 'cell': '(097) O63-1930', 'id': {'name': '', 'value': None}, 'picture': {'large': 'https://randomuser.me/api/portraits/women/71.jpg', 'medium': 'https://randomuser.me/api/portraits/med/women/71.jpg', 'thumbnail': 'https://randomuser.me/api/portraits/thumb/women/71.jpg'}, 'nat': 'UA'}], 'info': {'seed': 'bb5cc31dc3cd12b8', 'results': 1, 'page': 1, 'version': '1.4'}}</msg>
<arg>${json_data}</arg>
<doc>Logs the given message with the given level.</doc>
<status status="PASS" start="2024-07-15T20:15:49.266435" elapsed="0.000203"/>
</kw>
<kw name="Should Be Equal As Numbers" owner="BuiltIn">
<arg>${json_data['results'][0]['location']['postcode']}</arg>
<arg>${json_data['results'][0]['location']['postcode']}</arg>
<doc>Fails if objects are unequal after converting them to real numbers.</doc>
<status status="PASS" start="2024-07-15T20:15:49.266931" elapsed="0.000588"/>
</kw>
<kw name="Log" owner="BuiltIn">
<msg time="2024-07-15T20:15:49.268185" level="INFO">90906</msg>
<arg>${json_data['results'][0]['location']['postcode']}</arg>
<doc>Logs the given message with the given level.</doc>
<status status="PASS" start="2024-07-15T20:15:49.267689" elapsed="0.000536"/>
</kw>
<status status="PASS" start="2024-07-15T20:15:49.172846" elapsed="0.095664"/>
</kw>
<doc>Testa se os tipos de dados na resposta da API estão corretos.</doc>
<tag>testeTiposDados</tag>
<status status="PASS" start="2024-07-15T20:15:49.095617" elapsed="0.173065"/>
</test>
<test id="s1-s1-t5" name="Validar conteudo" line="35">
<kw name="Teste de Tipos de Conteudo" owner="random-user-service">
<kw name="GET On Session" owner="RequestsLibrary">
<msg time="2024-07-15T20:15:49.363197" level="INFO">GET Request : url=https://randomuser.me/api 
 path_url=/api 
 headers={'User-Agent': 'python-requests/2.32.3', 'Accept-Encoding': 'gzip, deflate', 'Accept': '*/*', 'Connection': 'keep-alive'} 
 body=None 
 </msg>
<msg time="2024-07-15T20:15:49.363308" level="INFO">GET Response : url=https://randomuser.me/api 
 status=200, reason=OK 
 headers={'Date': 'Mon, 15 Jul 2024 20:15:49 GMT', 'Content-Type': 'application/json; charset=utf-8', 'Transfer-Encoding': 'chunked', 'Connection': 'keep-alive', 'X-Powered-By': 'Express', 'Access-Control-Allow-Origin': '*', 'Cache-Control': 'no-cache', 'ETag': 'W/"49c-p7by9FmfefTaCtD8A7hfyS+kp3A"', 'Vary': 'Accept-Encoding', 'Content-Encoding': 'gzip', 'CF-Cache-Status': 'DYNAMIC', 'Report-To': '{"endpoints":[{"url":"https:\\/\\/a.nel.cloudflare.com\\/report\\/v4?s=j%2BUBdgKXR5lM2TTZ6PiPEGpqHcVIve54nqafYFioPCuN72myguyGONvlTzI3Jnp4vCpnHpR9o%2Fo4PBOmvlomXJRtOtLs7r1kfeKbuOLY436l3cb8vM6PSiVQuSjjZnce"}],"group":"cf-nel","max_age":604800}', 'NEL': '{"success_fraction":0,"report_to":"cf-nel","max_age":604800}', 'Server': 'cloudflare', 'CF-RAY': '8a3c6d3cfece1fda-IAD', 'alt-svc': 'h3=":443"; ma=86400'} 
 body={"results":[{"gender":"male","name":{"title":"Mr","first":"Teodomiro","last":"Porto"},"location":{"street":{"number":1941,"name":"Rua Santo Antônio "},"city":"São José dos Pinhais","state":"Pernambuco","country":"Brazil","postcode":33657,"coordinates":{"latitude":"-78.1963","longitude":"-126.0339"},"timezone":{"offset":"+6:00","description":"Almaty, Dhaka, Colombo"}},"email":"teodomiro.porto@example.com","login":{"uuid":"ecc3ad94-7804-4037-8019-f840ea8d1cd8","username":"bigmeercat971","password":"7007","salt":"EHbraoEV","md5":"78c9e7433b6fde5bef63fa19c8f1ef45","sha1":"804ea1c802c8db2663bebd61f8ede470915fa2dd","sha256":"e98b19d6d3567034da9daa3fcb7b2e90a2b96fde1ee009ba4730f489dd04d2ae"},"dob":{"date":"1975-09-17T14:37:18.655Z","age":48},"registered":{"date":"2008-03-04T10:05:27.960Z","age":16},"phone":"(96) 5817-8531","cell":"(64) 9601-4085","id":{"name":"CPF","value":"343.486.903-49"},"picture":{"large":"https://randomuser.me/api/portraits/men/3.jpg","medium":"https://randomuser.me/api/portraits/med/men/3.jpg","thumbnail":"https://randomuser.me/api/portraits/thumb/men/3.jpg"},"nat":"BR"}],"info":{"seed":"753bd2ec850bbb6e","results":1,"page":1,"version":"1.4"}} 
 </msg>
<msg time="2024-07-15T20:15:49.363375" level="INFO">/opt/hostedtoolcache/Python/3.12.4/x64/lib/python3.12/site-packages/urllib3/connectionpool.py:1099: InsecureRequestWarning: Unverified HTTPS request is being made to host 'randomuser.me'. Adding certificate verification is strongly advised. See: https://urllib3.readthedocs.io/en/latest/advanced-usage.html#tls-warnings
  warnings.warn(</msg>
<msg time="2024-07-15T20:15:49.363489" level="INFO">${response} = &lt;Response [200]&gt;</msg>
<var>${response}</var>
<arg>consultarAPI</arg>
<arg>/api</arg>
<doc>Sends a GET request on a previously created HTTP Session.</doc>
<status status="PASS" start="2024-07-15T20:15:49.271223" elapsed="0.092294"/>
</kw>
<kw name="Set Variable" owner="BuiltIn">
<msg time="2024-07-15T20:15:49.364567" level="INFO">${json_data} = {'results': [{'gender': 'male', 'name': {'title': 'Mr', 'first': 'Teodomiro', 'last': 'Porto'}, 'location': {'street': {'number': 1941, 'name': 'Rua Santo Antônio '}, 'city': 'São José dos Pinhais', '...</msg>
<var>${json_data}</var>
<arg>${response.json()}</arg>
<doc>Returns the given values which can then be assigned to a variables.</doc>
<status status="PASS" start="2024-07-15T20:15:49.364069" elapsed="0.000526"/>
</kw>
<kw name="Set Variable" owner="BuiltIn">
<msg time="2024-07-15T20:15:49.365278" level="INFO">${name_title} = Mr</msg>
<var>${name_title}</var>
<arg>${json_data["results"][0]["name"]["title"]}</arg>
<doc>Returns the given values which can then be assigned to a variables.</doc>
<status status="PASS" start="2024-07-15T20:15:49.364893" elapsed="0.000410"/>
</kw>
<kw name="Create List" owner="BuiltIn">
<msg time="2024-07-15T20:15:49.365798" level="INFO">${allowed_titles} = ['Mr', 'Ms', 'Miss', 'Mrs', 'Madame', 'Monsieur']</msg>
<var>${allowed_titles}</var>
<arg>Mr</arg>
<arg>Ms</arg>
<arg>Miss</arg>
<arg>Mrs</arg>
<arg>Madame</arg>
<arg>Monsieur</arg>
<doc>Returns a list containing given items.</doc>
<status status="PASS" start="2024-07-15T20:15:49.365651" elapsed="0.000171"/>
</kw>
<kw name="List Should Contain Value" owner="Collections">
<arg>${allowed_titles}</arg>
<arg>${name_title}</arg>
<doc>Fails if the ``value`` is not found from ``list``.</doc>
<status status="PASS" start="2024-07-15T20:15:49.366116" elapsed="0.000182"/>
</kw>
<kw name="Set Variable" owner="BuiltIn">
<msg time="2024-07-15T20:15:49.366830" level="INFO">${name_country} = BR</msg>
<var>${name_country}</var>
<arg>${json_data["results"][0]["nat"]}</arg>
<doc>Returns the given values which can then be assigned to a variables.</doc>
<status status="PASS" start="2024-07-15T20:15:49.366471" elapsed="0.000384"/>
</kw>
<kw name="Create List" owner="BuiltIn">
<msg time="2024-07-15T20:15:49.367729" level="INFO">${list_country} = ['AD', 'AE', 'AF', 'AG', 'AI', 'AL', 'AM', 'AO', 'AQ', 'AR', 'AS', 'AT', 'AU', 'AW', 'AX', 'AZ', 'BA', 'BB', 'BD', 'BE', 'BF', 'BG', 'BH', 'BI', 'BJ', 'BL', 'BM', 'BN', 'BO', 'BQ', 'BR', 'BS', 'BT', '...</msg>
<var>${list_country}</var>
<arg>AD</arg>
<arg>AE</arg>
<arg>AF</arg>
<arg>AG</arg>
<arg>AI</arg>
<arg>AL</arg>
<arg>AM</arg>
<arg>AO</arg>
<arg>AQ</arg>
<arg>AR</arg>
<arg>AS</arg>
<arg>AT</arg>
<arg>AU</arg>
<arg>AW</arg>
<arg>AX</arg>
<arg>AZ</arg>
<arg>BA</arg>
<arg>BB</arg>
<arg>BD</arg>
<arg>BE</arg>
<arg>BF</arg>
<arg>BG</arg>
<arg>BH</arg>
<arg>BI</arg>
<arg>BJ</arg>
<arg>BL</arg>
<arg>BM</arg>
<arg>BN</arg>
<arg>BO</arg>
<arg>BQ</arg>
<arg>BR</arg>
<arg>BS</arg>
<arg>BT</arg>
<arg>BV</arg>
<arg>BW</arg>
<arg>BY</arg>
<arg>BZ</arg>
<arg>CA</arg>
<arg>CC</arg>
<arg>CD</arg>
<arg>CF</arg>
<arg>CG</arg>
<arg>CH</arg>
<arg>CI</arg>
<arg>CK</arg>
<arg>CL</arg>
<arg>CM</arg>
<arg>CN</arg>
<arg>CO</arg>
<arg>CR</arg>
<arg>CU</arg>
<arg>CV</arg>
<arg>CW</arg>
<arg>CX</arg>
<arg>CY</arg>
<arg>CZ</arg>
<arg>DE</arg>
<arg>DJ</arg>
<arg>DK</arg>
<arg>DM</arg>
<arg>DO</arg>
<arg>DZ</arg>
<arg>EC</arg>
<arg>EE</arg>
<arg>EG</arg>
<arg>EH</arg>
<arg>ER</arg>
<arg>ES</arg>
<arg>ET</arg>
<arg>FI</arg>
<arg>FJ</arg>
<arg>FK</arg>
<arg>FM</arg>
<arg>FO</arg>
<arg>FR</arg>
<arg>GA</arg>
<arg>GB</arg>
<arg>GD</arg>
<arg>GE</arg>
<arg>GF</arg>
<arg>GG</arg>
<arg>GH</arg>
<arg>GI</arg>
<arg>GL</arg>
<arg>GM</arg>
<arg>GN</arg>
<arg>GP</arg>
<arg>GQ</arg>
<arg>GR</arg>
<arg>GS</arg>
<arg>GT</arg>
<arg>GU</arg>
<arg>GW</arg>
<arg>GY</arg>
<arg>HK</arg>
<arg>HM</arg>
<arg>HN</arg>
<arg>HR</arg>
<arg>HT</arg>
<arg>HU</arg>
<arg>ID</arg>
<arg>IE</arg>
<arg>IL</arg>
<arg>IM</arg>
<arg>IN</arg>
<arg>IO</arg>
<arg>IQ</arg>
<arg>IR</arg>
<arg>IS</arg>
<arg>IT</arg>
<arg>JE</arg>
<arg>JM</arg>
<arg>JO</arg>
<arg>JP</arg>
<arg>KE</arg>
<arg>KG</arg>
<arg>KH</arg>
<arg>KI</arg>
<arg>KM</arg>
<arg>KN</arg>
<arg>KP</arg>
<arg>KR</arg>
<arg>KW</arg>
<arg>KY</arg>
<arg>KZ</arg>
<arg>LA</arg>
<arg>LB</arg>
<arg>LC</arg>
<arg>LI</arg>
<arg>LK</arg>
<arg>LR</arg>
<arg>LS</arg>
<arg>LT</arg>
<arg>LU</arg>
<arg>LV</arg>
<arg>LY</arg>
<arg>MA</arg>
<arg>MC</arg>
<arg>MD</arg>
<arg>ME</arg>
<arg>MF</arg>
<arg>MG</arg>
<arg>MH</arg>
<arg>MK</arg>
<arg>ML</arg>
<arg>MM</arg>
<arg>MN</arg>
<arg>MO</arg>
<arg>MP</arg>
<arg>MQ</arg>
<arg>MR</arg>
<arg>MS</arg>
<arg>MT</arg>
<arg>MU</arg>
<arg>MV</arg>
<arg>MW</arg>
<arg>MX</arg>
<arg>MY</arg>
<arg>MZ</arg>
<arg>NA</arg>
<arg>NC</arg>
<arg>NE</arg>
<arg>NF</arg>
<arg>NG</arg>
<arg>NI</arg>
<arg>NL</arg>
<arg>NO</arg>
<arg>NP</arg>
<arg>NR</arg>
<arg>NU</arg>
<arg>NZ</arg>
<arg>OM</arg>
<arg>PA</arg>
<arg>PE</arg>
<arg>PF</arg>
<arg>PG</arg>
<arg>PH</arg>
<arg>PK</arg>
<arg>PL</arg>
<arg>PM</arg>
<arg>PN</arg>
<arg>PR</arg>
<arg>PS</arg>
<arg>PT</arg>
<arg>PW</arg>
<arg>PY</arg>
<arg>QA</arg>
<arg>RE</arg>
<arg>RO</arg>
<arg>RS</arg>
<arg>RU</arg>
<arg>RW</arg>
<arg>SA</arg>
<arg>SB</arg>
<arg>SC</arg>
<arg>SD</arg>
<arg>SE</arg>
<arg>SG</arg>
<arg>SH</arg>
<arg>SI</arg>
<arg>SJ</arg>
<arg>SK</arg>
<arg>SL</arg>
<arg>SM</arg>
<arg>SN</arg>
<arg>SO</arg>
<arg>SR</arg>
<arg>SS</arg>
<arg>ST</arg>
<arg>SV</arg>
<arg>SX</arg>
<arg>SY</arg>
<arg>SZ</arg>
<arg>TC</arg>
<arg>TD</arg>
<arg>TF</arg>
<arg>TG</arg>
<arg>TH</arg>
<arg>TJ</arg>
<arg>TK</arg>
<arg>TL</arg>
<arg>TM</arg>
<arg>TN</arg>
<arg>TO</arg>
<arg>TR</arg>
<arg>TT</arg>
<arg>TV</arg>
<arg>TW</arg>
<arg>TZ</arg>
<arg>UA</arg>
<arg>UG</arg>
<arg>UM</arg>
<arg>US</arg>
<arg>UY</arg>
<arg>UZ</arg>
<arg>VA</arg>
<arg>VC</arg>
<arg>VE</arg>
<arg>VG</arg>
<arg>VI</arg>
<arg>VN</arg>
<arg>VU</arg>
<arg>WF</arg>
<arg>WS</arg>
<arg>XK</arg>
<arg>YE</arg>
<arg>YT</arg>
<arg>ZA</arg>
<arg>ZM</arg>
<arg>ZW</arg>
<doc>Returns a list containing given items.</doc>
<status status="PASS" start="2024-07-15T20:15:49.367140" elapsed="0.000615"/>
</kw>
<kw name="List Should Contain Value" owner="Collections">
<arg>${list_country}</arg>
<arg>${name_country}</arg>
<doc>Fails if the ``value`` is not found from ``list``.</doc>
<status status="PASS" start="2024-07-15T20:15:49.368551" elapsed="0.000200"/>
</kw>
<kw name="Run Keyword If" owner="BuiltIn">
<kw name="Should Be True" owner="BuiltIn">
<arg>${True}</arg>
<doc>Fails if the given condition is not true.</doc>
<status status="PASS" start="2024-07-15T20:15:49.369747" elapsed="0.000143"/>
</kw>
<arg>${json_data["results"][0]["location"]["coordinates"]["latitude"]} &gt;= -90 and ${json_data["results"][0]["location"]["coordinates"]["latitude"]} &lt;= 90</arg>
<arg>Should Be True</arg>
<arg>${True}</arg>
<doc>Runs the given keyword with the given arguments, if ``condition`` is true.</doc>
<status status="PASS" start="2024-07-15T20:15:49.368963" elapsed="0.001054"/>
</kw>
<kw name="Run Keyword If" owner="BuiltIn">
<kw name="Should Be True" owner="BuiltIn">
<arg>${True}</arg>
<doc>Fails if the given condition is not true.</doc>
<status status="PASS" start="2024-07-15T20:15:49.370863" elapsed="0.000232"/>
</kw>
<arg>${json_data["results"][0]["location"]["coordinates"]["longitude"]} &gt;= -180 and ${json_data["results"][0]["location"]["coordinates"]["longitude"]} &lt;= 180</arg>
<arg>Should Be True</arg>
<arg>${True}</arg>
<doc>Runs the given keyword with the given arguments, if ``condition`` is true.</doc>
<status status="PASS" start="2024-07-15T20:15:49.370199" elapsed="0.001016"/>
</kw>
<status status="PASS" start="2024-07-15T20:15:49.271002" elapsed="0.100339"/>
</kw>
<doc>Testa o conteúdo específico dos campos retornados pela API.</doc>
<tag>testeConteudo</tag>
<status status="PASS" start="2024-07-15T20:15:49.270536" elapsed="0.100948"/>
</test>
<status status="PASS" start="2024-07-15T20:15:48.308118" elapsed="1.065407"/>
</suite>
<status status="PASS" start="2024-07-15T20:15:48.293574" elapsed="1.085147"/>
</suite>
<statistics>
<total>
<stat pass="5" fail="0" skip="0">All Tests</stat>
</total>
<tag>
<stat pass="1" fail="0" skip="0">testeConteudo</stat>
<stat pass="1" fail="0" skip="0">testeEstruturaResposta</stat>
<stat pass="1" fail="0" skip="0">testeRequisicaoBasica</stat>
<stat pass="1" fail="0" skip="0">testeTiposDados</stat>
</tag>
<suite>
<stat pass="5" fail="0" skip="0" id="s1" name="Tests">Tests</stat>
<stat pass="5" fail="0" skip="0" id="s1-s1" name="Random-User-Test">Tests.Random-User-Test</stat>
</suite>
</statistics>
<errors>
</errors>
</robot>
