<?xml version="1.0" encoding="UTF-8"?>
<robot generator="Robot 7.0 (Python 3.12.2 on linux)" generated="2024-03-27T05:14:21.746594" rpa="false" schemaversion="5">
<suite id="s1" name="Tests" source="/home/runner/work/DesafioQAItauRogerioJordao/DesafioQAItauRogerioJordao/RamdonUser/tests">
<suite id="s1-s1" name="Random-User-Test" source="/home/runner/work/DesafioQAItauRogerioJordao/DesafioQAItauRogerioJordao/RamdonUser/tests/random-user-test.robot">
<test id="s1-s1-t1" name="Conectar" line="13">
<kw name="Conectar API" owner="random-user-service">
<kw name="Create Session" owner="RequestsLibrary">
<msg time="2024-03-27T05:14:22.095858" level="INFO">Creating Session using : alias=consultarAPI, url=https://randomuser.me/, headers={},                     cookies={}, auth=None, timeout=None, proxies=None, verify=False,                     debug=0 </msg>
<arg>consultarAPI</arg>
<arg>${URL}</arg>
<doc>Create Session: create a HTTP session to a server</doc>
<status status="PASS" start="2024-03-27T05:14:22.095654" elapsed="0.000389"/>
</kw>
<status status="PASS" start="2024-03-27T05:14:22.094602" elapsed="0.001833"/>
</kw>
<status status="PASS" start="2024-03-27T05:14:22.094056" elapsed="0.002599"/>
</test>
<test id="s1-s1-t2" name="Validar retorno 200 e JSON Válido" line="16">
<kw name="Teste de Requisicao Basica" owner="random-user-service">
<kw name="GET On Session" owner="RequestsLibrary">
<msg time="2024-03-27T05:14:22.263232" level="INFO">GET Request : url=https://randomuser.me/api 
 path_url=/api 
 headers={'User-Agent': 'python-requests/2.31.0', 'Accept-Encoding': 'gzip, deflate', 'Accept': '*/*', 'Connection': 'keep-alive'} 
 body=None 
 </msg>
<msg time="2024-03-27T05:14:22.263374" level="INFO">GET Response : url=https://randomuser.me/api 
 status=200, reason=OK 
 headers={'Date': 'Wed, 27 Mar 2024 05:14:22 GMT', 'Content-Type': 'application/json; charset=utf-8', 'Transfer-Encoding': 'chunked', 'Connection': 'keep-alive', 'X-Powered-By': 'Express', 'Access-Control-Allow-Origin': '*', 'Cache-Control': 'no-cache', 'ETag': 'W/"48c-KvAXbZwfbvIghd+Z8Z/kOHTeIdw"', 'Vary': 'Accept-Encoding', 'Content-Encoding': 'gzip', 'CF-Cache-Status': 'DYNAMIC', 'Report-To': '{"endpoints":[{"url":"https:\\/\\/a.nel.cloudflare.com\\/report\\/v4?s=eUlY5EZKYlHuLNnBTgnlx8MQfeKoc6vxH%2BGyyAwn7g7vOi%2B3ij%2Fc8UNYLPct4Pj4RunbLHuR4LOwQO0cLra1Y1jeMuzATzLnpiYgGNZhgqStMwGw8cVZ3yemVszkjS6y"}],"group":"cf-nel","max_age":604800}', 'NEL': '{"success_fraction":0,"report_to":"cf-nel","max_age":604800}', 'Server': 'cloudflare', 'CF-RAY': '86ace580fbcf13c3-IAD', 'alt-svc': 'h3=":443"; ma=86400'} 
 body={"results":[{"gender":"male","name":{"title":"Monsieur","first":"Leonardo","last":"Denis"},"location":{"street":{"number":708,"name":"Rue des Cuirassiers"},"city":"La Tène","state":"Jura","country":"Switzerland","postcode":9501,"coordinates":{"latitude":"-59.9520","longitude":"-149.5452"},"timezone":{"offset":"-3:30","description":"Newfoundland"}},"email":"leonardo.denis@example.com","login":{"uuid":"9351b766-61e0-46ae-bebb-3f47f2fcbc30","username":"sadpeacock308","password":"tommyboy","salt":"ze4bBP5U","md5":"ea0c004ca96007ba66660fe5ed5b9ab0","sha1":"a2ccffa80ad7ef37a8037bf4a0b5ca92ee38ff2f","sha256":"2d9db48dc6f2082eb83f4205ba2b9d61a085a8f7f52dc15d9fb3e57e416a0dfd"},"dob":{"date":"2000-10-31T11:34:09.199Z","age":23},"registered":{"date":"2007-04-10T00:45:00.825Z","age":16},"phone":"075 977 81 07","cell":"075 277 51 49","id":{"name":"AVS","value":"756.7705.6479.52"},"picture":{"large":"https://randomuser.me/api/portraits/men/48.jpg","medium":"https://randomuser.me/api/portraits/med/men/48.jpg","thumbnail":"https://randomuser.me/api/portraits/thumb/men/48.jpg"},"nat":"CH"}],"info":{"seed":"d4666f6e1297c874","results":1,"page":1,"version":"1.4"}} 
 </msg>
<msg time="2024-03-27T05:14:22.263482" level="INFO">/opt/hostedtoolcache/Python/3.12.2/x64/lib/python3.12/site-packages/urllib3/connectionpool.py:1103: InsecureRequestWarning: Unverified HTTPS request is being made to host 'randomuser.me'. Adding certificate verification is strongly advised. See: https://urllib3.readthedocs.io/en/latest/advanced-usage.html#tls-warnings
  warnings.warn(</msg>
<msg time="2024-03-27T05:14:22.263619" level="INFO">${response} = &lt;Response [200]&gt;</msg>
<var>${response}</var>
<arg>consultarAPI</arg>
<arg>/api</arg>
<doc>Sends a GET request on a previously created HTTP Session.</doc>
<status status="PASS" start="2024-03-27T05:14:22.099203" elapsed="0.164459"/>
</kw>
<kw name="Should Be Equal As Numbers" owner="BuiltIn">
<msg time="2024-03-27T05:14:22.264657" level="INFO">Argument types are:
&lt;class 'int'&gt;
&lt;class 'str'&gt;</msg>
<arg>${response.status_code}</arg>
<arg>200</arg>
<doc>Fails if objects are unequal after converting them to real numbers.</doc>
<status status="PASS" start="2024-03-27T05:14:22.264198" elapsed="0.000525"/>
</kw>
<kw name="Log" owner="BuiltIn">
<msg time="2024-03-27T05:14:22.265409" level="INFO">200</msg>
<arg>${response.status_code}</arg>
<doc>Logs the given message with the given level.</doc>
<status status="PASS" start="2024-03-27T05:14:22.265051" elapsed="0.000401"/>
</kw>
<kw name="Set Variable" owner="BuiltIn">
<msg time="2024-03-27T05:14:22.266233" level="INFO">${json_data} = {'results': [{'gender': 'male', 'name': {'title': 'Monsieur', 'first': 'Leonardo', 'last': 'Denis'}, 'location': {'street': {'number': 708, 'name': 'Rue des Cuirassiers'}, 'city': 'La Tène', 'state': ...</msg>
<var>${json_data}</var>
<arg>${response.json()}</arg>
<doc>Returns the given values which can then be assigned to a variables.</doc>
<status status="PASS" start="2024-03-27T05:14:22.265781" elapsed="0.000481"/>
</kw>
<kw name="Dictionary Should Contain Key" owner="Collections">
<msg time="2024-03-27T05:14:22.266744" level="INFO">False</msg>
<arg>${json_data}</arg>
<arg>results</arg>
<doc>Fails if ``key`` is not found from ``dictionary``.</doc>
<status status="PASS" start="2024-03-27T05:14:22.266566" elapsed="0.000218"/>
</kw>
<status status="PASS" start="2024-03-27T05:14:22.098952" elapsed="0.168090"/>
</kw>
<doc>Testa se a API responde corretamente e retorna um objeto JSON válido.</doc>
<tag>testeRequisicaoBasica</tag>
<status status="PASS" start="2024-03-27T05:14:22.098502" elapsed="0.168732"/>
</test>
<test id="s1-s1-t3" name="Validar estrutura de resposta" line="22">
<kw name="Teste de Estrutura de Resposta" owner="random-user-service">
<kw name="GET On Session" owner="RequestsLibrary">
<msg time="2024-03-27T05:14:22.360025" level="INFO">GET Request : url=https://randomuser.me/api 
 path_url=/api 
 headers={'User-Agent': 'python-requests/2.31.0', 'Accept-Encoding': 'gzip, deflate', 'Accept': '*/*', 'Connection': 'keep-alive'} 
 body=None 
 </msg>
<msg time="2024-03-27T05:14:22.360144" level="INFO">GET Response : url=https://randomuser.me/api 
 status=200, reason=OK 
 headers={'Date': 'Wed, 27 Mar 2024 05:14:22 GMT', 'Content-Type': 'application/json; charset=utf-8', 'Transfer-Encoding': 'chunked', 'Connection': 'keep-alive', 'X-Powered-By': 'Express', 'Access-Control-Allow-Origin': '*', 'Cache-Control': 'no-cache', 'ETag': 'W/"476-YJPe7XBPzeQxcCbJamYHyPPf7Io"', 'Vary': 'Accept-Encoding', 'Content-Encoding': 'gzip', 'CF-Cache-Status': 'DYNAMIC', 'Report-To': '{"endpoints":[{"url":"https:\\/\\/a.nel.cloudflare.com\\/report\\/v4?s=3BMQQ7YnUpPkLHsWBkc4qNPLo6m95%2BCIVkJfUCY3Q9i61%2FV%2F1vdWTEl%2FEIc9FOO%2BFCXeYupR9u1qyep8YfdLr3CiEwPOnRCySkXkRJq78Pe3RtEYB7ikFqnhXRZsb9VT"}],"group":"cf-nel","max_age":604800}', 'NEL': '{"success_fraction":0,"report_to":"cf-nel","max_age":604800}', 'Server': 'cloudflare', 'CF-RAY': '86ace5813c0913c3-IAD', 'alt-svc': 'h3=":443"; ma=86400'} 
 body={"results":[{"gender":"female","name":{"title":"Miss","first":"Edith","last":"Dean"},"location":{"street":{"number":4467,"name":"James St"},"city":"Ballarat","state":"New South Wales","country":"Australia","postcode":2140,"coordinates":{"latitude":"-83.3817","longitude":"78.8024"},"timezone":{"offset":"+5:45","description":"Kathmandu"}},"email":"edith.dean@example.com","login":{"uuid":"435b7613-f547-49e0-b814-d9483bf38dc9","username":"crazyswan621","password":"apple1","salt":"wqBL6aDG","md5":"bb96ac609b24e81ed8a69710168f9e59","sha1":"9d15efbb7563476d7d3ae74ca42de389c17eceba","sha256":"e73a054535c73c3a53801528073c23fddfbaf7613524785ce4845dfbbe4277ac"},"dob":{"date":"1959-08-27T05:05:05.648Z","age":64},"registered":{"date":"2012-04-28T19:47:32.438Z","age":11},"phone":"07-9258-7645","cell":"0447-598-837","id":{"name":"TFN","value":"797595058"},"picture":{"large":"https://randomuser.me/api/portraits/women/22.jpg","medium":"https://randomuser.me/api/portraits/med/women/22.jpg","thumbnail":"https://randomuser.me/api/portraits/thumb/women/22.jpg"},"nat":"AU"}],"info":{"seed":"85843e0c93efad2c","results":1,"page":1,"version":"1.4"}} 
 </msg>
<msg time="2024-03-27T05:14:22.360279" level="INFO">/opt/hostedtoolcache/Python/3.12.2/x64/lib/python3.12/site-packages/urllib3/connectionpool.py:1103: InsecureRequestWarning: Unverified HTTPS request is being made to host 'randomuser.me'. Adding certificate verification is strongly advised. See: https://urllib3.readthedocs.io/en/latest/advanced-usage.html#tls-warnings
  warnings.warn(</msg>
<msg time="2024-03-27T05:14:22.360374" level="INFO">${response} = &lt;Response [200]&gt;</msg>
<var>${response}</var>
<arg>consultarAPI</arg>
<arg>/api</arg>
<doc>Sends a GET request on a previously created HTTP Session.</doc>
<status status="PASS" start="2024-03-27T05:14:22.270009" elapsed="0.090402"/>
</kw>
<kw name="Set Variable" owner="BuiltIn">
<msg time="2024-03-27T05:14:22.361254" level="INFO">${json_data} = {'results': [{'gender': 'female', 'name': {'title': 'Miss', 'first': 'Edith', 'last': 'Dean'}, 'location': {'street': {'number': 4467, 'name': 'James St'}, 'city': 'Ballarat', 'state': 'New South Wale...</msg>
<var>${json_data}</var>
<arg>${response.json()}</arg>
<doc>Returns the given values which can then be assigned to a variables.</doc>
<status status="PASS" start="2024-03-27T05:14:22.360796" elapsed="0.000486"/>
</kw>
<kw name="Log" owner="BuiltIn">
<msg time="2024-03-27T05:14:22.361748" level="INFO">{'results': [{'gender': 'female', 'name': {'title': 'Miss', 'first': 'Edith', 'last': 'Dean'}, 'location': {'street': {'number': 4467, 'name': 'James St'}, 'city': 'Ballarat', 'state': 'New South Wales', 'country': 'Australia', 'postcode': 2140, 'coordinates': {'latitude': '-83.3817', 'longitude': '78.8024'}, 'timezone': {'offset': '+5:45', 'description': 'Kathmandu'}}, 'email': 'edith.dean@example.com', 'login': {'uuid': '435b7613-f547-49e0-b814-d9483bf38dc9', 'username': 'crazyswan621', 'password': 'apple1', 'salt': 'wqBL6aDG', 'md5': 'bb96ac609b24e81ed8a69710168f9e59', 'sha1': '9d15efbb7563476d7d3ae74ca42de389c17eceba', 'sha256': 'e73a054535c73c3a53801528073c23fddfbaf7613524785ce4845dfbbe4277ac'}, 'dob': {'date': '1959-08-27T05:05:05.648Z', 'age': 64}, 'registered': {'date': '2012-04-28T19:47:32.438Z', 'age': 11}, 'phone': '07-9258-7645', 'cell': '0447-598-837', 'id': {'name': 'TFN', 'value': '797595058'}, 'picture': {'large': 'https://randomuser.me/api/portraits/women/22.jpg', 'medium': 'https://randomuser.me/api/portraits/med/women/22.jpg', 'thumbnail': 'https://randomuser.me/api/portraits/thumb/women/22.jpg'}, 'nat': 'AU'}], 'info': {'seed': '85843e0c93efad2c', 'results': 1, 'page': 1, 'version': '1.4'}}</msg>
<arg>${json_data}</arg>
<doc>Logs the given message with the given level.</doc>
<status status="PASS" start="2024-03-27T05:14:22.361589" elapsed="0.000206"/>
</kw>
<kw name="Dictionary Should Contain Key" owner="Collections">
<msg time="2024-03-27T05:14:22.362243" level="INFO">False</msg>
<arg>${json_data}</arg>
<arg>results</arg>
<doc>Fails if ``key`` is not found from ``dictionary``.</doc>
<status status="PASS" start="2024-03-27T05:14:22.362089" elapsed="0.000193"/>
</kw>
<kw name="Should Not Be Empty" owner="BuiltIn">
<msg time="2024-03-27T05:14:22.362712" level="INFO">Length is 2.</msg>
<arg>${json_data}</arg>
<doc>Verifies that the given item is not empty.</doc>
<status status="PASS" start="2024-03-27T05:14:22.362578" elapsed="0.000173"/>
</kw>
<kw name="Create List" owner="BuiltIn">
<msg time="2024-03-27T05:14:22.363206" level="INFO">${expected_keys} = ['gender', 'name', 'location', 'email', 'login']</msg>
<var>${expected_keys}</var>
<arg>gender</arg>
<arg>name</arg>
<arg>location</arg>
<arg>email</arg>
<arg>login</arg>
<doc>Returns a list containing given items.</doc>
<status status="PASS" start="2024-03-27T05:14:22.363046" elapsed="0.000184"/>
</kw>
<for flavor="IN">
<iter>
<kw name="Dictionary Should Contain Key" owner="Collections">
<msg time="2024-03-27T05:14:22.364241" level="INFO">False</msg>
<arg>${json_data['results'][0]}</arg>
<arg>${key}</arg>
<doc>Fails if ``key`` is not found from ``dictionary``.</doc>
<status status="PASS" start="2024-03-27T05:14:22.363800" elapsed="0.000481"/>
</kw>
<kw name="Log" owner="BuiltIn">
<msg time="2024-03-27T05:14:22.364956" level="INFO">{'gender': 'female', 'name': {'title': 'Miss', 'first': 'Edith', 'last': 'Dean'}, 'location': {'street': {'number': 4467, 'name': 'James St'}, 'city': 'Ballarat', 'state': 'New South Wales', 'country': 'Australia', 'postcode': 2140, 'coordinates': {'latitude': '-83.3817', 'longitude': '78.8024'}, 'timezone': {'offset': '+5:45', 'description': 'Kathmandu'}}, 'email': 'edith.dean@example.com', 'login': {'uuid': '435b7613-f547-49e0-b814-d9483bf38dc9', 'username': 'crazyswan621', 'password': 'apple1', 'salt': 'wqBL6aDG', 'md5': 'bb96ac609b24e81ed8a69710168f9e59', 'sha1': '9d15efbb7563476d7d3ae74ca42de389c17eceba', 'sha256': 'e73a054535c73c3a53801528073c23fddfbaf7613524785ce4845dfbbe4277ac'}, 'dob': {'date': '1959-08-27T05:05:05.648Z', 'age': 64}, 'registered': {'date': '2012-04-28T19:47:32.438Z', 'age': 11}, 'phone': '07-9258-7645', 'cell': '0447-598-837', 'id': {'name': 'TFN', 'value': '797595058'}, 'picture': {'large': 'https://randomuser.me/api/portraits/women/22.jpg', 'medium': 'https://randomuser.me/api/portraits/med/women/22.jpg', 'thumbnail': 'https://randomuser.me/api/portraits/thumb/women/22.jpg'}, 'nat': 'AU'}</msg>
<arg>${json_data['results'][0]}</arg>
<doc>Logs the given message with the given level.</doc>
<status status="PASS" start="2024-03-27T05:14:22.364591" elapsed="0.000420"/>
</kw>
<kw name="Log" owner="BuiltIn">
<msg time="2024-03-27T05:14:22.365447" level="INFO">gender</msg>
<arg>${key}</arg>
<doc>Logs the given message with the given level.</doc>
<status status="PASS" start="2024-03-27T05:14:22.365315" elapsed="0.000172"/>
</kw>
<var name="${key}">gender</var>
<status status="PASS" start="2024-03-27T05:14:22.363675" elapsed="0.002033"/>
</iter>
<iter>
<kw name="Dictionary Should Contain Key" owner="Collections">
<msg time="2024-03-27T05:14:22.366403" level="INFO">False</msg>
<arg>${json_data['results'][0]}</arg>
<arg>${key}</arg>
<doc>Fails if ``key`` is not found from ``dictionary``.</doc>
<status status="PASS" start="2024-03-27T05:14:22.366019" elapsed="0.000423"/>
</kw>
<kw name="Log" owner="BuiltIn">
<msg time="2024-03-27T05:14:22.367149" level="INFO">{'gender': 'female', 'name': {'title': 'Miss', 'first': 'Edith', 'last': 'Dean'}, 'location': {'street': {'number': 4467, 'name': 'James St'}, 'city': 'Ballarat', 'state': 'New South Wales', 'country': 'Australia', 'postcode': 2140, 'coordinates': {'latitude': '-83.3817', 'longitude': '78.8024'}, 'timezone': {'offset': '+5:45', 'description': 'Kathmandu'}}, 'email': 'edith.dean@example.com', 'login': {'uuid': '435b7613-f547-49e0-b814-d9483bf38dc9', 'username': 'crazyswan621', 'password': 'apple1', 'salt': 'wqBL6aDG', 'md5': 'bb96ac609b24e81ed8a69710168f9e59', 'sha1': '9d15efbb7563476d7d3ae74ca42de389c17eceba', 'sha256': 'e73a054535c73c3a53801528073c23fddfbaf7613524785ce4845dfbbe4277ac'}, 'dob': {'date': '1959-08-27T05:05:05.648Z', 'age': 64}, 'registered': {'date': '2012-04-28T19:47:32.438Z', 'age': 11}, 'phone': '07-9258-7645', 'cell': '0447-598-837', 'id': {'name': 'TFN', 'value': '797595058'}, 'picture': {'large': 'https://randomuser.me/api/portraits/women/22.jpg', 'medium': 'https://randomuser.me/api/portraits/med/women/22.jpg', 'thumbnail': 'https://randomuser.me/api/portraits/thumb/women/22.jpg'}, 'nat': 'AU'}</msg>
<arg>${json_data['results'][0]}</arg>
<doc>Logs the given message with the given level.</doc>
<status status="PASS" start="2024-03-27T05:14:22.366776" elapsed="0.000421"/>
</kw>
<kw name="Log" owner="BuiltIn">
<msg time="2024-03-27T05:14:22.367635" level="INFO">name</msg>
<arg>${key}</arg>
<doc>Logs the given message with the given level.</doc>
<status status="PASS" start="2024-03-27T05:14:22.367505" elapsed="0.000168"/>
</kw>
<var name="${key}">name</var>
<status status="PASS" start="2024-03-27T05:14:22.365903" elapsed="0.001986"/>
</iter>
<iter>
<kw name="Dictionary Should Contain Key" owner="Collections">
<msg time="2024-03-27T05:14:22.368586" level="INFO">False</msg>
<arg>${json_data['results'][0]}</arg>
<arg>${key}</arg>
<doc>Fails if ``key`` is not found from ``dictionary``.</doc>
<status status="PASS" start="2024-03-27T05:14:22.368210" elapsed="0.000415"/>
</kw>
<kw name="Log" owner="BuiltIn">
<msg time="2024-03-27T05:14:22.369287" level="INFO">{'gender': 'female', 'name': {'title': 'Miss', 'first': 'Edith', 'last': 'Dean'}, 'location': {'street': {'number': 4467, 'name': 'James St'}, 'city': 'Ballarat', 'state': 'New South Wales', 'country': 'Australia', 'postcode': 2140, 'coordinates': {'latitude': '-83.3817', 'longitude': '78.8024'}, 'timezone': {'offset': '+5:45', 'description': 'Kathmandu'}}, 'email': 'edith.dean@example.com', 'login': {'uuid': '435b7613-f547-49e0-b814-d9483bf38dc9', 'username': 'crazyswan621', 'password': 'apple1', 'salt': 'wqBL6aDG', 'md5': 'bb96ac609b24e81ed8a69710168f9e59', 'sha1': '9d15efbb7563476d7d3ae74ca42de389c17eceba', 'sha256': 'e73a054535c73c3a53801528073c23fddfbaf7613524785ce4845dfbbe4277ac'}, 'dob': {'date': '1959-08-27T05:05:05.648Z', 'age': 64}, 'registered': {'date': '2012-04-28T19:47:32.438Z', 'age': 11}, 'phone': '07-9258-7645', 'cell': '0447-598-837', 'id': {'name': 'TFN', 'value': '797595058'}, 'picture': {'large': 'https://randomuser.me/api/portraits/women/22.jpg', 'medium': 'https://randomuser.me/api/portraits/med/women/22.jpg', 'thumbnail': 'https://randomuser.me/api/portraits/thumb/women/22.jpg'}, 'nat': 'AU'}</msg>
<arg>${json_data['results'][0]}</arg>
<doc>Logs the given message with the given level.</doc>
<status status="PASS" start="2024-03-27T05:14:22.368925" elapsed="0.000414"/>
</kw>
<kw name="Log" owner="BuiltIn">
<msg time="2024-03-27T05:14:22.369783" level="INFO">location</msg>
<arg>${key}</arg>
<doc>Logs the given message with the given level.</doc>
<status status="PASS" start="2024-03-27T05:14:22.369640" elapsed="0.000180"/>
</kw>
<var name="${key}">location</var>
<status status="PASS" start="2024-03-27T05:14:22.368068" elapsed="0.001965"/>
</iter>
<iter>
<kw name="Dictionary Should Contain Key" owner="Collections">
<msg time="2024-03-27T05:14:22.370705" level="INFO">False</msg>
<arg>${json_data['results'][0]}</arg>
<arg>${key}</arg>
<doc>Fails if ``key`` is not found from ``dictionary``.</doc>
<status status="PASS" start="2024-03-27T05:14:22.370330" elapsed="0.000412"/>
</kw>
<kw name="Log" owner="BuiltIn">
<msg time="2024-03-27T05:14:22.371396" level="INFO">{'gender': 'female', 'name': {'title': 'Miss', 'first': 'Edith', 'last': 'Dean'}, 'location': {'street': {'number': 4467, 'name': 'James St'}, 'city': 'Ballarat', 'state': 'New South Wales', 'country': 'Australia', 'postcode': 2140, 'coordinates': {'latitude': '-83.3817', 'longitude': '78.8024'}, 'timezone': {'offset': '+5:45', 'description': 'Kathmandu'}}, 'email': 'edith.dean@example.com', 'login': {'uuid': '435b7613-f547-49e0-b814-d9483bf38dc9', 'username': 'crazyswan621', 'password': 'apple1', 'salt': 'wqBL6aDG', 'md5': 'bb96ac609b24e81ed8a69710168f9e59', 'sha1': '9d15efbb7563476d7d3ae74ca42de389c17eceba', 'sha256': 'e73a054535c73c3a53801528073c23fddfbaf7613524785ce4845dfbbe4277ac'}, 'dob': {'date': '1959-08-27T05:05:05.648Z', 'age': 64}, 'registered': {'date': '2012-04-28T19:47:32.438Z', 'age': 11}, 'phone': '07-9258-7645', 'cell': '0447-598-837', 'id': {'name': 'TFN', 'value': '797595058'}, 'picture': {'large': 'https://randomuser.me/api/portraits/women/22.jpg', 'medium': 'https://randomuser.me/api/portraits/med/women/22.jpg', 'thumbnail': 'https://randomuser.me/api/portraits/thumb/women/22.jpg'}, 'nat': 'AU'}</msg>
<arg>${json_data['results'][0]}</arg>
<doc>Logs the given message with the given level.</doc>
<status status="PASS" start="2024-03-27T05:14:22.371042" elapsed="0.000400"/>
</kw>
<kw name="Log" owner="BuiltIn">
<msg time="2024-03-27T05:14:22.371858" level="INFO">email</msg>
<arg>${key}</arg>
<doc>Logs the given message with the given level.</doc>
<status status="PASS" start="2024-03-27T05:14:22.371731" elapsed="0.000164"/>
</kw>
<var name="${key}">email</var>
<status status="PASS" start="2024-03-27T05:14:22.370208" elapsed="0.001921"/>
</iter>
<iter>
<kw name="Dictionary Should Contain Key" owner="Collections">
<msg time="2024-03-27T05:14:22.372813" level="INFO">False</msg>
<arg>${json_data['results'][0]}</arg>
<arg>${key}</arg>
<doc>Fails if ``key`` is not found from ``dictionary``.</doc>
<status status="PASS" start="2024-03-27T05:14:22.372429" elapsed="0.000422"/>
</kw>
<kw name="Log" owner="BuiltIn">
<msg time="2024-03-27T05:14:22.373502" level="INFO">{'gender': 'female', 'name': {'title': 'Miss', 'first': 'Edith', 'last': 'Dean'}, 'location': {'street': {'number': 4467, 'name': 'James St'}, 'city': 'Ballarat', 'state': 'New South Wales', 'country': 'Australia', 'postcode': 2140, 'coordinates': {'latitude': '-83.3817', 'longitude': '78.8024'}, 'timezone': {'offset': '+5:45', 'description': 'Kathmandu'}}, 'email': 'edith.dean@example.com', 'login': {'uuid': '435b7613-f547-49e0-b814-d9483bf38dc9', 'username': 'crazyswan621', 'password': 'apple1', 'salt': 'wqBL6aDG', 'md5': 'bb96ac609b24e81ed8a69710168f9e59', 'sha1': '9d15efbb7563476d7d3ae74ca42de389c17eceba', 'sha256': 'e73a054535c73c3a53801528073c23fddfbaf7613524785ce4845dfbbe4277ac'}, 'dob': {'date': '1959-08-27T05:05:05.648Z', 'age': 64}, 'registered': {'date': '2012-04-28T19:47:32.438Z', 'age': 11}, 'phone': '07-9258-7645', 'cell': '0447-598-837', 'id': {'name': 'TFN', 'value': '797595058'}, 'picture': {'large': 'https://randomuser.me/api/portraits/women/22.jpg', 'medium': 'https://randomuser.me/api/portraits/med/women/22.jpg', 'thumbnail': 'https://randomuser.me/api/portraits/thumb/women/22.jpg'}, 'nat': 'AU'}</msg>
<arg>${json_data['results'][0]}</arg>
<doc>Logs the given message with the given level.</doc>
<status status="PASS" start="2024-03-27T05:14:22.373142" elapsed="0.000407"/>
</kw>
<kw name="Log" owner="BuiltIn">
<msg time="2024-03-27T05:14:22.373965" level="INFO">login</msg>
<arg>${key}</arg>
<doc>Logs the given message with the given level.</doc>
<status status="PASS" start="2024-03-27T05:14:22.373840" elapsed="0.000264"/>
</kw>
<var name="${key}">login</var>
<status status="PASS" start="2024-03-27T05:14:22.372311" elapsed="0.002016"/>
</iter>
<var>${key}</var>
<value>@{expected_keys}</value>
<status status="PASS" start="2024-03-27T05:14:22.363487" elapsed="0.010965"/>
</for>
<kw name="Create List" owner="BuiltIn">
<msg time="2024-03-27T05:14:22.374820" level="INFO">${expected_keysTwo} = ['username', 'password']</msg>
<var>${expected_keysTwo}</var>
<arg>username</arg>
<arg>password</arg>
<doc>Returns a list containing given items.</doc>
<status status="PASS" start="2024-03-27T05:14:22.374680" elapsed="0.000165"/>
</kw>
<for flavor="IN">
<iter>
<kw name="Dictionary Should Contain Key" owner="Collections">
<msg time="2024-03-27T05:14:22.375729" level="INFO">False</msg>
<arg>${json_data['results'][0]['login']}</arg>
<arg>${keyTwo}</arg>
<doc>Fails if ``key`` is not found from ``dictionary``.</doc>
<status status="PASS" start="2024-03-27T05:14:22.375350" elapsed="0.000417"/>
</kw>
<kw name="Dictionary Should Contain Key" owner="Collections">
<msg time="2024-03-27T05:14:22.376476" level="INFO">False</msg>
<arg>${json_data['results'][0]['login']}</arg>
<arg>${keyTwo}</arg>
<doc>Fails if ``key`` is not found from ``dictionary``.</doc>
<status status="PASS" start="2024-03-27T05:14:22.376063" elapsed="0.000450"/>
</kw>
<kw name="Log" owner="BuiltIn">
<msg time="2024-03-27T05:14:22.376932" level="INFO">username</msg>
<arg>${keyTwo}</arg>
<doc>Logs the given message with the given level.</doc>
<status status="PASS" start="2024-03-27T05:14:22.376804" elapsed="0.000166"/>
</kw>
<var name="${keyTwo}">username</var>
<status status="PASS" start="2024-03-27T05:14:22.375236" elapsed="0.001954"/>
</iter>
<iter>
<kw name="Dictionary Should Contain Key" owner="Collections">
<msg time="2024-03-27T05:14:22.377848" level="INFO">False</msg>
<arg>${json_data['results'][0]['login']}</arg>
<arg>${keyTwo}</arg>
<doc>Fails if ``key`` is not found from ``dictionary``.</doc>
<status status="PASS" start="2024-03-27T05:14:22.377474" elapsed="0.000411"/>
</kw>
<kw name="Dictionary Should Contain Key" owner="Collections">
<msg time="2024-03-27T05:14:22.378557" level="INFO">False</msg>
<arg>${json_data['results'][0]['login']}</arg>
<arg>${keyTwo}</arg>
<doc>Fails if ``key`` is not found from ``dictionary``.</doc>
<status status="PASS" start="2024-03-27T05:14:22.378176" elapsed="0.000418"/>
</kw>
<kw name="Log" owner="BuiltIn">
<msg time="2024-03-27T05:14:22.379026" level="INFO">password</msg>
<arg>${keyTwo}</arg>
<doc>Logs the given message with the given level.</doc>
<status status="PASS" start="2024-03-27T05:14:22.378898" elapsed="0.000166"/>
</kw>
<var name="${keyTwo}">password</var>
<status status="PASS" start="2024-03-27T05:14:22.377364" elapsed="0.001915"/>
</iter>
<var>${keyTwo}</var>
<value>@{expected_keysTwo}</value>
<status status="PASS" start="2024-03-27T05:14:22.375082" elapsed="0.004320"/>
</for>
<status status="PASS" start="2024-03-27T05:14:22.269767" elapsed="0.109779"/>
</kw>
<doc>Testa a estrutura da resposta da API.</doc>
<tag>testeEstruturaResposta</tag>
<status status="PASS" start="2024-03-27T05:14:22.269112" elapsed="0.110590"/>
</test>
<test id="s1-s1-t4" name="Validar tipos de dados" line="28">
<kw name="Teste de Tipos de Dados" owner="random-user-service">
<kw name="GET On Session" owner="RequestsLibrary">
<msg time="2024-03-27T05:14:22.463120" level="INFO">GET Request : url=https://randomuser.me/api 
 path_url=/api 
 headers={'User-Agent': 'python-requests/2.31.0', 'Accept-Encoding': 'gzip, deflate', 'Accept': '*/*', 'Connection': 'keep-alive'} 
 body=None 
 </msg>
<msg time="2024-03-27T05:14:22.463221" level="INFO">GET Response : url=https://randomuser.me/api 
 status=200, reason=OK 
 headers={'Date': 'Wed, 27 Mar 2024 05:14:22 GMT', 'Content-Type': 'application/json; charset=utf-8', 'Transfer-Encoding': 'chunked', 'Connection': 'keep-alive', 'X-Powered-By': 'Express', 'Access-Control-Allow-Origin': '*', 'Cache-Control': 'no-cache', 'ETag': 'W/"499-bVfE2gDLNwf4Iq1fthO4a8pbbgE"', 'Vary': 'Accept-Encoding', 'Content-Encoding': 'gzip', 'CF-Cache-Status': 'DYNAMIC', 'Report-To': '{"endpoints":[{"url":"https:\\/\\/a.nel.cloudflare.com\\/report\\/v4?s=rf4b3kOB%2FKnE77qOigIoj8N9Ewwyj%2B5HUyYZMm%2BGUyRJcXdfrPWTiMnpP7MGyRogepF%2FcKQL6cLQODLOnmSOdSYLEUzrscex2iLCeV8oBMO4nwAfIDWw0PyoCrR4ENec"}],"group":"cf-nel","max_age":604800}', 'NEL': '{"success_fraction":0,"report_to":"cf-nel","max_age":604800}', 'Server': 'cloudflare', 'CF-RAY': '86ace581ec9e13c3-IAD', 'alt-svc': 'h3=":443"; ma=86400'} 
 body={"results":[{"gender":"male","name":{"title":"Mr","first":"Tony","last":"Davies"},"location":{"street":{"number":1378,"name":"Church Street"},"city":"Leeds","state":"Humberside","country":"United Kingdom","postcode":"N9 8RQ","coordinates":{"latitude":"-8.7986","longitude":"-28.6719"},"timezone":{"offset":"+5:00","description":"Ekaterinburg, Islamabad, Karachi, Tashkent"}},"email":"tony.davies@example.com","login":{"uuid":"e3b22680-ebeb-4161-9484-8af449ccdbd5","username":"orangefish573","password":"diane","salt":"4Q4Rdzeg","md5":"1c7f216feb3aeae515cf0caf36433c3c","sha1":"da8a3b817c6d94a0eb2c34db8f9a845ff539c3e3","sha256":"fc3a4a7a666e63ca5e88d51b8fa9d93cde95f41e6b18c0333f2dfad88143606a"},"dob":{"date":"1982-03-12T16:01:37.249Z","age":42},"registered":{"date":"2021-09-14T20:59:42.156Z","age":2},"phone":"015396 39310","cell":"07617 764474","id":{"name":"NINO","value":"AL 21 13 40 U"},"picture":{"large":"https://randomuser.me/api/portraits/men/27.jpg","medium":"https://randomuser.me/api/portraits/med/men/27.jpg","thumbnail":"https://randomuser.me/api/portraits/thumb/men/27.jpg"},"nat":"GB"}],"info":{"seed":"e90116d77f72f3a8","results":1,"page":1,"version":"1.4"}} 
 </msg>
<msg time="2024-03-27T05:14:22.463292" level="INFO">/opt/hostedtoolcache/Python/3.12.2/x64/lib/python3.12/site-packages/urllib3/connectionpool.py:1103: InsecureRequestWarning: Unverified HTTPS request is being made to host 'randomuser.me'. Adding certificate verification is strongly advised. See: https://urllib3.readthedocs.io/en/latest/advanced-usage.html#tls-warnings
  warnings.warn(</msg>
<msg time="2024-03-27T05:14:22.463410" level="INFO">${response} = &lt;Response [200]&gt;</msg>
<var>${response}</var>
<arg>consultarAPI</arg>
<arg>/api</arg>
<doc>Sends a GET request on a previously created HTTP Session.</doc>
<status status="PASS" start="2024-03-27T05:14:22.382161" elapsed="0.081285"/>
</kw>
<kw name="Set Variable" owner="BuiltIn">
<msg time="2024-03-27T05:14:22.464387" level="INFO">${json_data} = {'results': [{'gender': 'male', 'name': {'title': 'Mr', 'first': 'Tony', 'last': 'Davies'}, 'location': {'street': {'number': 1378, 'name': 'Church Street'}, 'city': 'Leeds', 'state': 'Humberside', 'c...</msg>
<var>${json_data}</var>
<arg>${response.json()}</arg>
<doc>Returns the given values which can then be assigned to a variables.</doc>
<status status="PASS" start="2024-03-27T05:14:22.463876" elapsed="0.000539"/>
</kw>
<kw name="Log" owner="BuiltIn">
<msg time="2024-03-27T05:14:22.464876" level="INFO">{'results': [{'gender': 'male', 'name': {'title': 'Mr', 'first': 'Tony', 'last': 'Davies'}, 'location': {'street': {'number': 1378, 'name': 'Church Street'}, 'city': 'Leeds', 'state': 'Humberside', 'country': 'United Kingdom', 'postcode': 'N9 8RQ', 'coordinates': {'latitude': '-8.7986', 'longitude': '-28.6719'}, 'timezone': {'offset': '+5:00', 'description': 'Ekaterinburg, Islamabad, Karachi, Tashkent'}}, 'email': 'tony.davies@example.com', 'login': {'uuid': 'e3b22680-ebeb-4161-9484-8af449ccdbd5', 'username': 'orangefish573', 'password': 'diane', 'salt': '4Q4Rdzeg', 'md5': '1c7f216feb3aeae515cf0caf36433c3c', 'sha1': 'da8a3b817c6d94a0eb2c34db8f9a845ff539c3e3', 'sha256': 'fc3a4a7a666e63ca5e88d51b8fa9d93cde95f41e6b18c0333f2dfad88143606a'}, 'dob': {'date': '1982-03-12T16:01:37.249Z', 'age': 42}, 'registered': {'date': '2021-09-14T20:59:42.156Z', 'age': 2}, 'phone': '015396 39310', 'cell': '07617 764474', 'id': {'name': 'NINO', 'value': 'AL 21 13 40 U'}, 'picture': {'large': 'https://randomuser.me/api/portraits/men/27.jpg', 'medium': 'https://randomuser.me/api/portraits/med/men/27.jpg', 'thumbnail': 'https://randomuser.me/api/portraits/thumb/men/27.jpg'}, 'nat': 'GB'}], 'info': {'seed': 'e90116d77f72f3a8', 'results': 1, 'page': 1, 'version': '1.4'}}</msg>
<arg>${json_data}</arg>
<doc>Logs the given message with the given level.</doc>
<status status="PASS" start="2024-03-27T05:14:22.464724" elapsed="0.000234"/>
</kw>
<kw name="Should Be String" owner="String">
<arg>${json_data['results'][0]['gender']}</arg>
<doc>Fails if the given ``item`` is not a string.</doc>
<status status="PASS" start="2024-03-27T05:14:22.465259" elapsed="0.000360"/>
</kw>
<kw name="Should Match Regexp" owner="BuiltIn">
<arg>${json_data['results'][0]['email']}</arg>
<arg>^[a-zA-Z0-9._%+-]+@[a-zA-Z0-9.-]+\.[a-zA-Z]{2,}$</arg>
<doc>Fails if ``string`` does not match ``pattern`` as a regular expression.</doc>
<status status="PASS" start="2024-03-27T05:14:22.465813" elapsed="0.000519"/>
</kw>
<kw name="Should Match Regexp" owner="BuiltIn">
<arg>${json_data['results'][0]['dob']['date']}</arg>
<arg>\\d{4}-\\d{2}-\\d{2}T\\d{2}:\\d{2}:\\d{2}\\.\\d{3}Z</arg>
<doc>Fails if ``string`` does not match ``pattern`` as a regular expression.</doc>
<status status="PASS" start="2024-03-27T05:14:22.466530" elapsed="0.000487"/>
</kw>
<kw name="Should Match Regexp" owner="BuiltIn">
<arg>${json_data['results'][0]['registered']['date']}</arg>
<arg>\\d{4}-\\d{2}-\\d{2}T\\d{2}:\\d{2}:\\d{2}\\.\\d{3}Z</arg>
<doc>Fails if ``string`` does not match ``pattern`` as a regular expression.</doc>
<status status="PASS" start="2024-03-27T05:14:22.467210" elapsed="0.000370"/>
</kw>
<kw name="Should Match Regexp" owner="BuiltIn">
<arg>${json_data['results'][0]['picture']['large']}</arg>
<arg>^https?://.*\.(?:png|jpe?g|gif|bmp)$</arg>
<doc>Fails if ``string`` does not match ``pattern`` as a regular expression.</doc>
<status status="PASS" start="2024-03-27T05:14:22.467766" elapsed="0.000478"/>
</kw>
<kw name="Should Match Regexp" owner="BuiltIn">
<arg>${json_data['results'][0]['picture']['medium']}</arg>
<arg>^https?://.*\.(?:png|jpe?g|gif|bmp)$</arg>
<doc>Fails if ``string`` does not match ``pattern`` as a regular expression.</doc>
<status status="PASS" start="2024-03-27T05:14:22.468437" elapsed="0.000359"/>
</kw>
<kw name="Should Match Regexp" owner="BuiltIn">
<arg>${json_data['results'][0]['picture']['thumbnail']}</arg>
<arg>^https?://.*\.(?:png|jpe?g|gif|bmp)$</arg>
<doc>Fails if ``string`` does not match ``pattern`` as a regular expression.</doc>
<status status="PASS" start="2024-03-27T05:14:22.468981" elapsed="0.000344"/>
</kw>
<kw name="Log" owner="BuiltIn">
<msg time="2024-03-27T05:14:22.469830" level="INFO">{'large': 'https://randomuser.me/api/portraits/men/27.jpg', 'medium': 'https://randomuser.me/api/portraits/med/men/27.jpg', 'thumbnail': 'https://randomuser.me/api/portraits/thumb/men/27.jpg'}</msg>
<arg>${json_data['results'][0]['picture']}</arg>
<doc>Logs the given message with the given level.</doc>
<status status="PASS" start="2024-03-27T05:14:22.469505" elapsed="0.000371"/>
</kw>
<status status="PASS" start="2024-03-27T05:14:22.381937" elapsed="0.088191"/>
</kw>
<kw name="Teste de Tipos de Dados - Postcode" owner="random-user-service">
<kw name="GET On Session" owner="RequestsLibrary">
<msg time="2024-03-27T05:14:22.562576" level="INFO">GET Request : url=https://randomuser.me/api 
 path_url=/api 
 headers={'User-Agent': 'python-requests/2.31.0', 'Accept-Encoding': 'gzip, deflate', 'Accept': '*/*', 'Connection': 'keep-alive'} 
 body=None 
 </msg>
<msg time="2024-03-27T05:14:22.562644" level="INFO">GET Response : url=https://randomuser.me/api 
 status=200, reason=OK 
 headers={'Date': 'Wed, 27 Mar 2024 05:14:22 GMT', 'Content-Type': 'application/json; charset=utf-8', 'Transfer-Encoding': 'chunked', 'Connection': 'keep-alive', 'X-Powered-By': 'Express', 'Access-Control-Allow-Origin': '*', 'Cache-Control': 'no-cache', 'ETag': 'W/"484-T4uWhucfR8wdrL138WTFdLZfhxk"', 'Vary': 'Accept-Encoding', 'Content-Encoding': 'gzip', 'CF-Cache-Status': 'DYNAMIC', 'Report-To': '{"endpoints":[{"url":"https:\\/\\/a.nel.cloudflare.com\\/report\\/v4?s=9xaHzzy7KNuUgrsYkjJwkxiIP6jY9F3d72JmcOMhrKxUD0XDkkUQqQ8iXJYfP6Vxt3fJ9QOh8HqUuZoIEbqU2Cni3YDw%2FDUpdM9y4LHRC2ruyoIoox9qT2isE8w9Opmc"}],"group":"cf-nel","max_age":604800}', 'NEL': '{"success_fraction":0,"report_to":"cf-nel","max_age":604800}', 'Server': 'cloudflare', 'CF-RAY': '86ace5827d0513c3-IAD', 'alt-svc': 'h3=":443"; ma=86400'} 
 body={"results":[{"gender":"male","name":{"title":"Mr","first":"Arine","last":"Caldeira"},"location":{"street":{"number":3921,"name":"Rua Santo Antônio "},"city":"Maringá","state":"Alagoas","country":"Brazil","postcode":46520,"coordinates":{"latitude":"-76.9726","longitude":"-129.8460"},"timezone":{"offset":"-2:00","description":"Mid-Atlantic"}},"email":"arine.caldeira@example.com","login":{"uuid":"2166a806-bbd1-44e9-a7b4-21d79014050c","username":"sadelephant221","password":"iiiiii","salt":"TSZer3KP","md5":"12b53cc7e433607ab3f2d67526a6fa72","sha1":"d14d04a276c0476340eca4db3ee5438bf47d778c","sha256":"a34b45cd4cef7d16a1c88fa98965b618fd9c2cf314edd0fe72804b6132088fdb"},"dob":{"date":"1948-11-07T05:18:09.970Z","age":75},"registered":{"date":"2019-08-07T10:54:53.057Z","age":4},"phone":"(60) 0203-0760","cell":"(96) 6647-3832","id":{"name":"CPF","value":"608.031.031-43"},"picture":{"large":"https://randomuser.me/api/portraits/men/44.jpg","medium":"https://randomuser.me/api/portraits/med/men/44.jpg","thumbnail":"https://randomuser.me/api/portraits/thumb/men/44.jpg"},"nat":"BR"}],"info":{"seed":"77afd03ecdfedd90","results":1,"page":1,"version":"1.4"}} 
 </msg>
<msg time="2024-03-27T05:14:22.562718" level="INFO">/opt/hostedtoolcache/Python/3.12.2/x64/lib/python3.12/site-packages/urllib3/connectionpool.py:1103: InsecureRequestWarning: Unverified HTTPS request is being made to host 'randomuser.me'. Adding certificate verification is strongly advised. See: https://urllib3.readthedocs.io/en/latest/advanced-usage.html#tls-warnings
  warnings.warn(</msg>
<msg time="2024-03-27T05:14:22.562812" level="INFO">${response} = &lt;Response [200]&gt;</msg>
<var>${response}</var>
<arg>consultarAPI</arg>
<arg>/api</arg>
<doc>Sends a GET request on a previously created HTTP Session.</doc>
<status status="PASS" start="2024-03-27T05:14:22.470707" elapsed="0.092294"/>
</kw>
<kw name="Set Variable" owner="BuiltIn">
<msg time="2024-03-27T05:14:22.564080" level="INFO">${json_data} = {'results': [{'gender': 'male', 'name': {'title': 'Mr', 'first': 'Arine', 'last': 'Caldeira'}, 'location': {'street': {'number': 3921, 'name': 'Rua Santo Antônio '}, 'city': 'Maringá', 'state': 'Alago...</msg>
<var>${json_data}</var>
<arg>${response.json()}</arg>
<doc>Returns the given values which can then be assigned to a variables.</doc>
<status status="PASS" start="2024-03-27T05:14:22.563520" elapsed="0.000615"/>
</kw>
<kw name="Log" owner="BuiltIn">
<msg time="2024-03-27T05:14:22.564603" level="INFO">{'results': [{'gender': 'male', 'name': {'title': 'Mr', 'first': 'Arine', 'last': 'Caldeira'}, 'location': {'street': {'number': 3921, 'name': 'Rua Santo Antônio '}, 'city': 'Maringá', 'state': 'Alagoas', 'country': 'Brazil', 'postcode': 46520, 'coordinates': {'latitude': '-76.9726', 'longitude': '-129.8460'}, 'timezone': {'offset': '-2:00', 'description': 'Mid-Atlantic'}}, 'email': 'arine.caldeira@example.com', 'login': {'uuid': '2166a806-bbd1-44e9-a7b4-21d79014050c', 'username': 'sadelephant221', 'password': 'iiiiii', 'salt': 'TSZer3KP', 'md5': '12b53cc7e433607ab3f2d67526a6fa72', 'sha1': 'd14d04a276c0476340eca4db3ee5438bf47d778c', 'sha256': 'a34b45cd4cef7d16a1c88fa98965b618fd9c2cf314edd0fe72804b6132088fdb'}, 'dob': {'date': '1948-11-07T05:18:09.970Z', 'age': 75}, 'registered': {'date': '2019-08-07T10:54:53.057Z', 'age': 4}, 'phone': '(60) 0203-0760', 'cell': '(96) 6647-3832', 'id': {'name': 'CPF', 'value': '608.031.031-43'}, 'picture': {'large': 'https://randomuser.me/api/portraits/men/44.jpg', 'medium': 'https://randomuser.me/api/portraits/med/men/44.jpg', 'thumbnail': 'https://randomuser.me/api/portraits/thumb/men/44.jpg'}, 'nat': 'BR'}], 'info': {'seed': '77afd03ecdfedd90', 'results': 1, 'page': 1, 'version': '1.4'}}</msg>
<arg>${json_data}</arg>
<doc>Logs the given message with the given level.</doc>
<status status="PASS" start="2024-03-27T05:14:22.564449" elapsed="0.000202"/>
</kw>
<kw name="Should Be Equal As Numbers" owner="BuiltIn">
<arg>${json_data['results'][0]['location']['postcode']}</arg>
<arg>${json_data['results'][0]['location']['postcode']}</arg>
<doc>Fails if objects are unequal after converting them to real numbers.</doc>
<status status="PASS" start="2024-03-27T05:14:22.564945" elapsed="0.000657"/>
</kw>
<kw name="Log" owner="BuiltIn">
<msg time="2024-03-27T05:14:22.566131" level="INFO">46520</msg>
<arg>${json_data['results'][0]['location']['postcode']}</arg>
<doc>Logs the given message with the given level.</doc>
<status status="PASS" start="2024-03-27T05:14:22.565797" elapsed="0.000375"/>
</kw>
<status status="PASS" start="2024-03-27T05:14:22.470350" elapsed="0.096084"/>
</kw>
<doc>Testa se os tipos de dados na resposta da API estão corretos.</doc>
<tag>testeTiposDados</tag>
<status status="PASS" start="2024-03-27T05:14:22.381465" elapsed="0.185134"/>
</test>
<test id="s1-s1-t5" name="Validar conteudo" line="35">
<kw name="Teste de Tipos de Conteudo" owner="random-user-service">
<kw name="GET On Session" owner="RequestsLibrary">
<msg time="2024-03-27T05:14:22.662755" level="INFO">GET Request : url=https://randomuser.me/api 
 path_url=/api 
 headers={'User-Agent': 'python-requests/2.31.0', 'Accept-Encoding': 'gzip, deflate', 'Accept': '*/*', 'Connection': 'keep-alive'} 
 body=None 
 </msg>
<msg time="2024-03-27T05:14:22.662823" level="INFO">GET Response : url=https://randomuser.me/api 
 status=200, reason=OK 
 headers={'Date': 'Wed, 27 Mar 2024 05:14:22 GMT', 'Content-Type': 'application/json; charset=utf-8', 'Transfer-Encoding': 'chunked', 'Connection': 'keep-alive', 'X-Powered-By': 'Express', 'Access-Control-Allow-Origin': '*', 'Cache-Control': 'no-cache', 'ETag': 'W/"4ab-mCh1m8QBJ4f9jQaRfts0lSwQ818"', 'Vary': 'Accept-Encoding', 'Content-Encoding': 'gzip', 'CF-Cache-Status': 'DYNAMIC', 'Report-To': '{"endpoints":[{"url":"https:\\/\\/a.nel.cloudflare.com\\/report\\/v4?s=AUgTzAA5uCocmmq%2FNtw3Iwx8Ol9Qj%2FWEpfcaDsl9fnuaRr4P4jWhGmRc4AUh%2FFbV5wctSDhE%2B%2BhA3llTJ364yNfDH5F8w9H%2B%2F6k%2Bqk3z%2FhFI3lHNEigtThdQjQi1FrUr"}],"group":"cf-nel","max_age":604800}', 'NEL': '{"success_fraction":0,"report_to":"cf-nel","max_age":604800}', 'Server': 'cloudflare', 'CF-RAY': '86ace5831d7813c3-IAD', 'alt-svc': 'h3=":443"; ma=86400'} 
 body={"results":[{"gender":"female","name":{"title":"Ms","first":"Marcele","last":"Fernandes"},"location":{"street":{"number":9859,"name":"Rua São Paulo "},"city":"Barretos","state":"Goiás","country":"Brazil","postcode":45656,"coordinates":{"latitude":"-75.4313","longitude":"52.7356"},"timezone":{"offset":"+5:30","description":"Bombay, Calcutta, Madras, New Delhi"}},"email":"marcele.fernandes@example.com","login":{"uuid":"a6bbfc15-66ef-428d-bafd-1130879ce10e","username":"ticklishbutterfly201","password":"victoria","salt":"A47iFZmO","md5":"62fb6414d62e55c9009c38a9a065365e","sha1":"c84d45235889cf4ee0750b0716ab031727508c64","sha256":"240f37d42396b28eaa5d9923e36dc602339ce765e1bfb9fa79defabdc9d03b49"},"dob":{"date":"1956-02-29T11:57:15.186Z","age":68},"registered":{"date":"2002-05-08T10:47:29.780Z","age":21},"phone":"(45) 7900-9096","cell":"(14) 1078-3137","id":{"name":"CPF","value":"403.360.457-48"},"picture":{"large":"https://randomuser.me/api/portraits/women/48.jpg","medium":"https://randomuser.me/api/portraits/med/women/48.jpg","thumbnail":"https://randomuser.me/api/portraits/thumb/women/48.jpg"},"nat":"BR"}],"info":{"seed":"dbdf9022205295d7","results":1,"page":1,"version":"1.4"}} 
 </msg>
<msg time="2024-03-27T05:14:22.662883" level="INFO">/opt/hostedtoolcache/Python/3.12.2/x64/lib/python3.12/site-packages/urllib3/connectionpool.py:1103: InsecureRequestWarning: Unverified HTTPS request is being made to host 'randomuser.me'. Adding certificate verification is strongly advised. See: https://urllib3.readthedocs.io/en/latest/advanced-usage.html#tls-warnings
  warnings.warn(</msg>
<msg time="2024-03-27T05:14:22.662975" level="INFO">${response} = &lt;Response [200]&gt;</msg>
<var>${response}</var>
<arg>consultarAPI</arg>
<arg>/api</arg>
<doc>Sends a GET request on a previously created HTTP Session.</doc>
<status status="PASS" start="2024-03-27T05:14:22.569109" elapsed="0.093905"/>
</kw>
<kw name="Set Variable" owner="BuiltIn">
<msg time="2024-03-27T05:14:22.664184" level="INFO">${json_data} = {'results': [{'gender': 'female', 'name': {'title': 'Ms', 'first': 'Marcele', 'last': 'Fernandes'}, 'location': {'street': {'number': 9859, 'name': 'Rua São Paulo '}, 'city': 'Barretos', 'state': 'Goi...</msg>
<var>${json_data}</var>
<arg>${response.json()}</arg>
<doc>Returns the given values which can then be assigned to a variables.</doc>
<status status="PASS" start="2024-03-27T05:14:22.663521" elapsed="0.000699"/>
</kw>
<kw name="Set Variable" owner="BuiltIn">
<msg time="2024-03-27T05:14:22.664911" level="INFO">${name_title} = Ms</msg>
<var>${name_title}</var>
<arg>${json_data["results"][0]["name"]["title"]}</arg>
<doc>Returns the given values which can then be assigned to a variables.</doc>
<status status="PASS" start="2024-03-27T05:14:22.664529" elapsed="0.000408"/>
</kw>
<kw name="Create List" owner="BuiltIn">
<msg time="2024-03-27T05:14:22.665385" level="INFO">${allowed_titles} = ['Mr', 'Ms', 'Miss', 'Mrs', 'Madame', 'Monsieur']</msg>
<var>${allowed_titles}</var>
<arg>Mr</arg>
<arg>Ms</arg>
<arg>Miss</arg>
<arg>Mrs</arg>
<arg>Madame</arg>
<arg>Monsieur</arg>
<doc>Returns a list containing given items.</doc>
<status status="PASS" start="2024-03-27T05:14:22.665235" elapsed="0.000175"/>
</kw>
<kw name="List Should Contain Value" owner="Collections">
<msg time="2024-03-27T05:14:22.665881" level="INFO">False</msg>
<arg>${allowed_titles}</arg>
<arg>${name_title}</arg>
<doc>Fails if the ``value`` is not found from ``list``.</doc>
<status status="PASS" start="2024-03-27T05:14:22.665710" elapsed="0.000207"/>
</kw>
<kw name="Set Variable" owner="BuiltIn">
<msg time="2024-03-27T05:14:22.666582" level="INFO">${name_country} = BR</msg>
<var>${name_country}</var>
<arg>${json_data["results"][0]["nat"]}</arg>
<doc>Returns the given values which can then be assigned to a variables.</doc>
<status status="PASS" start="2024-03-27T05:14:22.666205" elapsed="0.000402"/>
</kw>
<kw name="Create List" owner="BuiltIn">
<msg time="2024-03-27T05:14:22.667513" level="INFO">${list_country} = ['AD', 'AE', 'AF', 'AG', 'AI', 'AL', 'AM', 'AO', 'AQ', 'AR', 'AS', 'AT', 'AU', 'AW', 'AX', 'AZ', 'BA', 'BB', 'BD', 'BE', 'BF', 'BG', 'BH', 'BI', 'BJ', 'BL', 'BM', 'BN', 'BO', 'BQ', 'BR', 'BS', 'BT', '...</msg>
<var>${list_country}</var>
<arg>AD</arg>
<arg>AE</arg>
<arg>AF</arg>
<arg>AG</arg>
<arg>AI</arg>
<arg>AL</arg>
<arg>AM</arg>
<arg>AO</arg>
<arg>AQ</arg>
<arg>AR</arg>
<arg>AS</arg>
<arg>AT</arg>
<arg>AU</arg>
<arg>AW</arg>
<arg>AX</arg>
<arg>AZ</arg>
<arg>BA</arg>
<arg>BB</arg>
<arg>BD</arg>
<arg>BE</arg>
<arg>BF</arg>
<arg>BG</arg>
<arg>BH</arg>
<arg>BI</arg>
<arg>BJ</arg>
<arg>BL</arg>
<arg>BM</arg>
<arg>BN</arg>
<arg>BO</arg>
<arg>BQ</arg>
<arg>BR</arg>
<arg>BS</arg>
<arg>BT</arg>
<arg>BV</arg>
<arg>BW</arg>
<arg>BY</arg>
<arg>BZ</arg>
<arg>CA</arg>
<arg>CC</arg>
<arg>CD</arg>
<arg>CF</arg>
<arg>CG</arg>
<arg>CH</arg>
<arg>CI</arg>
<arg>CK</arg>
<arg>CL</arg>
<arg>CM</arg>
<arg>CN</arg>
<arg>CO</arg>
<arg>CR</arg>
<arg>CU</arg>
<arg>CV</arg>
<arg>CW</arg>
<arg>CX</arg>
<arg>CY</arg>
<arg>CZ</arg>
<arg>DE</arg>
<arg>DJ</arg>
<arg>DK</arg>
<arg>DM</arg>
<arg>DO</arg>
<arg>DZ</arg>
<arg>EC</arg>
<arg>EE</arg>
<arg>EG</arg>
<arg>EH</arg>
<arg>ER</arg>
<arg>ES</arg>
<arg>ET</arg>
<arg>FI</arg>
<arg>FJ</arg>
<arg>FK</arg>
<arg>FM</arg>
<arg>FO</arg>
<arg>FR</arg>
<arg>GA</arg>
<arg>GB</arg>
<arg>GD</arg>
<arg>GE</arg>
<arg>GF</arg>
<arg>GG</arg>
<arg>GH</arg>
<arg>GI</arg>
<arg>GL</arg>
<arg>GM</arg>
<arg>GN</arg>
<arg>GP</arg>
<arg>GQ</arg>
<arg>GR</arg>
<arg>GS</arg>
<arg>GT</arg>
<arg>GU</arg>
<arg>GW</arg>
<arg>GY</arg>
<arg>HK</arg>
<arg>HM</arg>
<arg>HN</arg>
<arg>HR</arg>
<arg>HT</arg>
<arg>HU</arg>
<arg>ID</arg>
<arg>IE</arg>
<arg>IL</arg>
<arg>IM</arg>
<arg>IN</arg>
<arg>IO</arg>
<arg>IQ</arg>
<arg>IR</arg>
<arg>IS</arg>
<arg>IT</arg>
<arg>JE</arg>
<arg>JM</arg>
<arg>JO</arg>
<arg>JP</arg>
<arg>KE</arg>
<arg>KG</arg>
<arg>KH</arg>
<arg>KI</arg>
<arg>KM</arg>
<arg>KN</arg>
<arg>KP</arg>
<arg>KR</arg>
<arg>KW</arg>
<arg>KY</arg>
<arg>KZ</arg>
<arg>LA</arg>
<arg>LB</arg>
<arg>LC</arg>
<arg>LI</arg>
<arg>LK</arg>
<arg>LR</arg>
<arg>LS</arg>
<arg>LT</arg>
<arg>LU</arg>
<arg>LV</arg>
<arg>LY</arg>
<arg>MA</arg>
<arg>MC</arg>
<arg>MD</arg>
<arg>ME</arg>
<arg>MF</arg>
<arg>MG</arg>
<arg>MH</arg>
<arg>MK</arg>
<arg>ML</arg>
<arg>MM</arg>
<arg>MN</arg>
<arg>MO</arg>
<arg>MP</arg>
<arg>MQ</arg>
<arg>MR</arg>
<arg>MS</arg>
<arg>MT</arg>
<arg>MU</arg>
<arg>MV</arg>
<arg>MW</arg>
<arg>MX</arg>
<arg>MY</arg>
<arg>MZ</arg>
<arg>NA</arg>
<arg>NC</arg>
<arg>NE</arg>
<arg>NF</arg>
<arg>NG</arg>
<arg>NI</arg>
<arg>NL</arg>
<arg>NO</arg>
<arg>NP</arg>
<arg>NR</arg>
<arg>NU</arg>
<arg>NZ</arg>
<arg>OM</arg>
<arg>PA</arg>
<arg>PE</arg>
<arg>PF</arg>
<arg>PG</arg>
<arg>PH</arg>
<arg>PK</arg>
<arg>PL</arg>
<arg>PM</arg>
<arg>PN</arg>
<arg>PR</arg>
<arg>PS</arg>
<arg>PT</arg>
<arg>PW</arg>
<arg>PY</arg>
<arg>QA</arg>
<arg>RE</arg>
<arg>RO</arg>
<arg>RS</arg>
<arg>RU</arg>
<arg>RW</arg>
<arg>SA</arg>
<arg>SB</arg>
<arg>SC</arg>
<arg>SD</arg>
<arg>SE</arg>
<arg>SG</arg>
<arg>SH</arg>
<arg>SI</arg>
<arg>SJ</arg>
<arg>SK</arg>
<arg>SL</arg>
<arg>SM</arg>
<arg>SN</arg>
<arg>SO</arg>
<arg>SR</arg>
<arg>SS</arg>
<arg>ST</arg>
<arg>SV</arg>
<arg>SX</arg>
<arg>SY</arg>
<arg>SZ</arg>
<arg>TC</arg>
<arg>TD</arg>
<arg>TF</arg>
<arg>TG</arg>
<arg>TH</arg>
<arg>TJ</arg>
<arg>TK</arg>
<arg>TL</arg>
<arg>TM</arg>
<arg>TN</arg>
<arg>TO</arg>
<arg>TR</arg>
<arg>TT</arg>
<arg>TV</arg>
<arg>TW</arg>
<arg>TZ</arg>
<arg>UA</arg>
<arg>UG</arg>
<arg>UM</arg>
<arg>US</arg>
<arg>UY</arg>
<arg>UZ</arg>
<arg>VA</arg>
<arg>VC</arg>
<arg>VE</arg>
<arg>VG</arg>
<arg>VI</arg>
<arg>VN</arg>
<arg>VU</arg>
<arg>WF</arg>
<arg>WS</arg>
<arg>XK</arg>
<arg>YE</arg>
<arg>YT</arg>
<arg>ZA</arg>
<arg>ZM</arg>
<arg>ZW</arg>
<doc>Returns a list containing given items.</doc>
<status status="PASS" start="2024-03-27T05:14:22.666913" elapsed="0.000625"/>
</kw>
<kw name="List Should Contain Value" owner="Collections">
<msg time="2024-03-27T05:14:22.668667" level="INFO">False</msg>
<arg>${list_country}</arg>
<arg>${name_country}</arg>
<doc>Fails if the ``value`` is not found from ``list``.</doc>
<status status="PASS" start="2024-03-27T05:14:22.668464" elapsed="0.000240"/>
</kw>
<kw name="Run Keyword If" owner="BuiltIn">
<kw name="Should Be True" owner="BuiltIn">
<arg>${True}</arg>
<doc>Fails if the given condition is not true.</doc>
<status status="PASS" start="2024-03-27T05:14:22.669758" elapsed="0.000144"/>
</kw>
<arg>${json_data["results"][0]["location"]["coordinates"]["latitude"]} &gt;= -90 and ${json_data["results"][0]["location"]["coordinates"]["latitude"]} &lt;= 90</arg>
<arg>Should Be True</arg>
<arg>${True}</arg>
<doc>Runs the given keyword with the given arguments, if ``condition`` is true.</doc>
<status status="PASS" start="2024-03-27T05:14:22.669013" elapsed="0.001016"/>
</kw>
<kw name="Run Keyword If" owner="BuiltIn">
<kw name="Should Be True" owner="BuiltIn">
<arg>${True}</arg>
<doc>Fails if the given condition is not true.</doc>
<status status="PASS" start="2024-03-27T05:14:22.670935" elapsed="0.000138"/>
</kw>
<arg>${json_data["results"][0]["location"]["coordinates"]["longitude"]} &gt;= -180 and ${json_data["results"][0]["location"]["coordinates"]["longitude"]} &lt;= 180</arg>
<arg>Should Be True</arg>
<arg>${True}</arg>
<doc>Runs the given keyword with the given arguments, if ``condition`` is true.</doc>
<status status="PASS" start="2024-03-27T05:14:22.670232" elapsed="0.000965"/>
</kw>
<status status="PASS" start="2024-03-27T05:14:22.568884" elapsed="0.102441"/>
</kw>
<doc>Testa o conteúdo específico dos campos retornados pela API.</doc>
<tag>testeConteudo</tag>
<status status="PASS" start="2024-03-27T05:14:22.568361" elapsed="0.103110"/>
</test>
<status status="PASS" start="2024-03-27T05:14:21.799031" elapsed="0.874415"/>
</suite>
<status status="PASS" start="2024-03-27T05:14:21.785307" elapsed="0.893545"/>
</suite>
<statistics>
<total>
<stat pass="5" fail="0" skip="0">All Tests</stat>
</total>
<tag>
<stat pass="1" fail="0" skip="0">testeConteudo</stat>
<stat pass="1" fail="0" skip="0">testeEstruturaResposta</stat>
<stat pass="1" fail="0" skip="0">testeRequisicaoBasica</stat>
<stat pass="1" fail="0" skip="0">testeTiposDados</stat>
</tag>
<suite>
<stat pass="5" fail="0" skip="0" id="s1" name="Tests">Tests</stat>
<stat pass="5" fail="0" skip="0" id="s1-s1" name="Random-User-Test">Tests.Random-User-Test</stat>
</suite>
</statistics>
<errors>
</errors>
</robot>
