<?xml version="1.0" encoding="UTF-8"?>
<robot generator="Robot 7.0 (Python 3.12.2 on linux)" generated="2024-03-23T07:13:23.659733" rpa="false" schemaversion="5">
<suite id="s1" name="Tests" source="/home/runner/work/DesafioQAItauRogerioJordao/DesafioQAItauRogerioJordao/RamdonUser/tests">
<suite id="s1-s1" name="Random-User-Test" source="/home/runner/work/DesafioQAItauRogerioJordao/DesafioQAItauRogerioJordao/RamdonUser/tests/random-user-test.robot">
<test id="s1-s1-t1" name="Conectar" line="13">
<kw name="Conectar API" owner="random-user-service">
<kw name="Create Session" owner="RequestsLibrary">
<msg time="2024-03-23T07:13:24.029594" level="INFO">Creating Session using : alias=consultarAPI, url=https://randomuser.me/, headers={},                     cookies={}, auth=None, timeout=None, proxies=None, verify=False,                     debug=0 </msg>
<arg>consultarAPI</arg>
<arg>${URL}</arg>
<doc>Create Session: create a HTTP session to a server</doc>
<status status="PASS" start="2024-03-23T07:13:24.029314" elapsed="0.000517"/>
</kw>
<status status="PASS" start="2024-03-23T07:13:24.027683" elapsed="0.002617"/>
</kw>
<status status="PASS" start="2024-03-23T07:13:24.026992" elapsed="0.003600"/>
</test>
<test id="s1-s1-t2" name="Validar retorno 200 e JSON Válido" line="16">
<kw name="Teste de Requisicao Basica" owner="random-user-service">
<kw name="GET On Session" owner="RequestsLibrary">
<msg time="2024-03-23T07:13:24.107856" level="INFO">GET Request : url=https://randomuser.me/api 
 path_url=/api 
 headers={'User-Agent': 'python-requests/2.31.0', 'Accept-Encoding': 'gzip, deflate', 'Accept': '*/*', 'Connection': 'keep-alive'} 
 body=None 
 </msg>
<msg time="2024-03-23T07:13:24.108022" level="INFO">GET Response : url=https://randomuser.me/api 
 status=200, reason=OK 
 headers={'Date': 'Sat, 23 Mar 2024 07:13:24 GMT', 'Content-Type': 'application/json; charset=utf-8', 'Transfer-Encoding': 'chunked', 'Connection': 'keep-alive', 'X-Powered-By': 'Express', 'Access-Control-Allow-Origin': '*', 'Cache-Control': 'no-cache', 'ETag': 'W/"481-xKEtnXfWu/mztHiGMutv6UH1g2M"', 'Vary': 'Accept-Encoding', 'Content-Encoding': 'gzip', 'CF-Cache-Status': 'DYNAMIC', 'Report-To': '{"endpoints":[{"url":"https:\\/\\/a.nel.cloudflare.com\\/report\\/v4?s=3JZlJKzbGDEyTt%2BIqz26gcClHqcN08YjE3xWW%2FtGRgjKif3%2BtetTqe93rPwwtJ6cab8eBiqE34Co1DRF%2B5EPU5MFD0aKK%2BvBWAx0glua2CyTIU4sl7xCcQqO8uAK%2BSEU"}],"group":"cf-nel","max_age":604800}', 'NEL': '{"success_fraction":0,"report_to":"cf-nel","max_age":604800}', 'Server': 'cloudflare', 'CF-RAY': '868c9e5d7d6f57ca-IAD', 'alt-svc': 'h3=":443"; ma=86400'} 
 body={"results":[{"gender":"male","name":{"title":"Mr","first":"Ryder","last":"Addy"},"location":{"street":{"number":654,"name":"22nd Ave"},"city":"Beaumont","state":"Newfoundland and Labrador","country":"Canada","postcode":"T5R 6X3","coordinates":{"latitude":"-67.7638","longitude":"-49.9185"},"timezone":{"offset":"+9:30","description":"Adelaide, Darwin"}},"email":"ryder.addy@example.com","login":{"uuid":"d0e1006d-265c-4a74-a8a6-01b1de910738","username":"purplegoose143","password":"justine","salt":"iywUOErQ","md5":"551b8b1dd7fbbd1071e97fdeb595aa16","sha1":"8fd612292ec0a9ce0fb7ff1ccb032d8da59d85a7","sha256":"853fada7382da0937af6e48d5f6ed59bff51d31e86dd5fd556ad06a7200dac1a"},"dob":{"date":"1951-05-23T07:01:01.111Z","age":72},"registered":{"date":"2016-03-08T05:17:49.411Z","age":8},"phone":"W96 C04-2521","cell":"H03 I23-1563","id":{"name":"SIN","value":"867921264"},"picture":{"large":"https://randomuser.me/api/portraits/men/10.jpg","medium":"https://randomuser.me/api/portraits/med/men/10.jpg","thumbnail":"https://randomuser.me/api/portraits/thumb/men/10.jpg"},"nat":"CA"}],"info":{"seed":"9343517d1c8d5201","results":1,"page":1,"version":"1.4"}} 
 </msg>
<msg time="2024-03-23T07:13:24.108172" level="INFO">/opt/hostedtoolcache/Python/3.12.2/x64/lib/python3.12/site-packages/urllib3/connectionpool.py:1103: InsecureRequestWarning: Unverified HTTPS request is being made to host 'randomuser.me'. Adding certificate verification is strongly advised. See: https://urllib3.readthedocs.io/en/latest/advanced-usage.html#tls-warnings
  warnings.warn(</msg>
<msg time="2024-03-23T07:13:24.108345" level="INFO">${response} = &lt;Response [200]&gt;</msg>
<var>${response}</var>
<arg>consultarAPI</arg>
<arg>/api</arg>
<doc>Sends a GET request on a previously created HTTP Session.</doc>
<status status="PASS" start="2024-03-23T07:13:24.034776" elapsed="0.073615"/>
</kw>
<kw name="Should Be Equal As Numbers" owner="BuiltIn">
<msg time="2024-03-23T07:13:24.109594" level="INFO">Argument types are:
&lt;class 'int'&gt;
&lt;class 'str'&gt;</msg>
<arg>${response.status_code}</arg>
<arg>200</arg>
<doc>Fails if objects are unequal after converting them to real numbers.</doc>
<status status="PASS" start="2024-03-23T07:13:24.108950" elapsed="0.000747"/>
</kw>
<kw name="Log" owner="BuiltIn">
<msg time="2024-03-23T07:13:24.110804" level="INFO">200</msg>
<arg>${response.status_code}</arg>
<doc>Logs the given message with the given level.</doc>
<status status="PASS" start="2024-03-23T07:13:24.110208" elapsed="0.000660"/>
</kw>
<kw name="Set Variable" owner="BuiltIn">
<msg time="2024-03-23T07:13:24.112067" level="INFO">${json_data} = {'results': [{'gender': 'male', 'name': {'title': 'Mr', 'first': 'Ryder', 'last': 'Addy'}, 'location': {'street': {'number': 654, 'name': '22nd Ave'}, 'city': 'Beaumont', 'state': 'Newfoundland and La...</msg>
<var>${json_data}</var>
<arg>${response.json()}</arg>
<doc>Returns the given values which can then be assigned to a variables.</doc>
<status status="PASS" start="2024-03-23T07:13:24.111341" elapsed="0.000774"/>
</kw>
<kw name="Dictionary Should Contain Key" owner="Collections">
<msg time="2024-03-23T07:13:24.112848" level="INFO">False</msg>
<arg>${json_data}</arg>
<arg>results</arg>
<doc>Fails if ``key`` is not found from ``dictionary``.</doc>
<status status="PASS" start="2024-03-23T07:13:24.112585" elapsed="0.000336"/>
</kw>
<status status="PASS" start="2024-03-23T07:13:24.034384" elapsed="0.078936"/>
</kw>
<doc>Testa se a API responde corretamente e retorna um objeto JSON válido.</doc>
<tag>testeRequisicaoBasica</tag>
<status status="PASS" start="2024-03-23T07:13:24.033652" elapsed="0.079979"/>
</test>
<test id="s1-s1-t3" name="Validar estrutura de resposta" line="22">
<kw name="Teste de Estrutura de Resposta" owner="random-user-service">
<kw name="GET On Session" owner="RequestsLibrary">
<msg time="2024-03-23T07:13:24.213354" level="INFO">GET Request : url=https://randomuser.me/api 
 path_url=/api 
 headers={'User-Agent': 'python-requests/2.31.0', 'Accept-Encoding': 'gzip, deflate', 'Accept': '*/*', 'Connection': 'keep-alive'} 
 body=None 
 </msg>
<msg time="2024-03-23T07:13:24.213438" level="INFO">GET Response : url=https://randomuser.me/api 
 status=200, reason=OK 
 headers={'Date': 'Sat, 23 Mar 2024 07:13:24 GMT', 'Content-Type': 'application/json; charset=utf-8', 'Transfer-Encoding': 'chunked', 'Connection': 'keep-alive', 'X-Powered-By': 'Express', 'Access-Control-Allow-Origin': '*', 'Cache-Control': 'no-cache', 'ETag': 'W/"498-hrTN6mhpL7TiTtTCRNtSLO4u/Cs"', 'Vary': 'Accept-Encoding', 'Content-Encoding': 'gzip', 'CF-Cache-Status': 'DYNAMIC', 'Report-To': '{"endpoints":[{"url":"https:\\/\\/a.nel.cloudflare.com\\/report\\/v4?s=vUYVdVgT9bSPuIqSQlPDwXUcVrghJlgsAbVEJjTKt5tWGGrcz6JQodBFGkDW%2BSpaNR838rw%2FE1ENaM0%2BU3gh4po8wTDp9AYLgdh%2FdU4xk1I0EcS46iKffy46jG3P9%2BFG"}],"group":"cf-nel","max_age":604800}', 'NEL': '{"success_fraction":0,"report_to":"cf-nel","max_age":604800}', 'Server': 'cloudflare', 'CF-RAY': '868c9e5dcd8c57ca-IAD', 'alt-svc': 'h3=":443"; ma=86400'} 
 body={"results":[{"gender":"female","name":{"title":"Miss","first":"Melissa","last":"Morris"},"location":{"street":{"number":5208,"name":"Patrick Street"},"city":"Mallow","state":"Leitrim","country":"Ireland","postcode":18944,"coordinates":{"latitude":"3.2549","longitude":"109.6977"},"timezone":{"offset":"-6:00","description":"Central Time (US &amp; Canada), Mexico City"}},"email":"melissa.morris@example.com","login":{"uuid":"ba438a97-12fd-44f0-ae81-796dc7372a9d","username":"beautifulkoala609","password":"loose","salt":"j9Yp8dQ6","md5":"869c0be7b3db4032e45687ae030b4e59","sha1":"6cc1ef0197a05004eb91588c685044643018f8b9","sha256":"1e43110caf34dd1eedcecfd2a9cc6e0087f41e42c60d3b80423a4ef91e9f721a"},"dob":{"date":"1967-04-21T21:52:03.930Z","age":56},"registered":{"date":"2018-10-26T20:54:58.562Z","age":5},"phone":"041-241-6583","cell":"081-456-9228","id":{"name":"PPS","value":"7891268T"},"picture":{"large":"https://randomuser.me/api/portraits/women/74.jpg","medium":"https://randomuser.me/api/portraits/med/women/74.jpg","thumbnail":"https://randomuser.me/api/portraits/thumb/women/74.jpg"},"nat":"IE"}],"info":{"seed":"b2e717e3367c1953","results":1,"page":1,"version":"1.4"}} 
 </msg>
<msg time="2024-03-23T07:13:24.213568" level="INFO">/opt/hostedtoolcache/Python/3.12.2/x64/lib/python3.12/site-packages/urllib3/connectionpool.py:1103: InsecureRequestWarning: Unverified HTTPS request is being made to host 'randomuser.me'. Adding certificate verification is strongly advised. See: https://urllib3.readthedocs.io/en/latest/advanced-usage.html#tls-warnings
  warnings.warn(</msg>
<msg time="2024-03-23T07:13:24.213685" level="INFO">${response} = &lt;Response [200]&gt;</msg>
<var>${response}</var>
<arg>consultarAPI</arg>
<arg>/api</arg>
<doc>Sends a GET request on a previously created HTTP Session.</doc>
<status status="PASS" start="2024-03-23T07:13:24.118193" elapsed="0.095537"/>
</kw>
<kw name="Set Variable" owner="BuiltIn">
<msg time="2024-03-23T07:13:24.214587" level="INFO">${json_data} = {'results': [{'gender': 'female', 'name': {'title': 'Miss', 'first': 'Melissa', 'last': 'Morris'}, 'location': {'street': {'number': 5208, 'name': 'Patrick Street'}, 'city': 'Mallow', 'state': 'Leitri...</msg>
<var>${json_data}</var>
<arg>${response.json()}</arg>
<doc>Returns the given values which can then be assigned to a variables.</doc>
<status status="PASS" start="2024-03-23T07:13:24.214126" elapsed="0.000491"/>
</kw>
<kw name="Log" owner="BuiltIn">
<msg time="2024-03-23T07:13:24.215144" level="INFO">{'results': [{'gender': 'female', 'name': {'title': 'Miss', 'first': 'Melissa', 'last': 'Morris'}, 'location': {'street': {'number': 5208, 'name': 'Patrick Street'}, 'city': 'Mallow', 'state': 'Leitrim', 'country': 'Ireland', 'postcode': 18944, 'coordinates': {'latitude': '3.2549', 'longitude': '109.6977'}, 'timezone': {'offset': '-6:00', 'description': 'Central Time (US &amp; Canada), Mexico City'}}, 'email': 'melissa.morris@example.com', 'login': {'uuid': 'ba438a97-12fd-44f0-ae81-796dc7372a9d', 'username': 'beautifulkoala609', 'password': 'loose', 'salt': 'j9Yp8dQ6', 'md5': '869c0be7b3db4032e45687ae030b4e59', 'sha1': '6cc1ef0197a05004eb91588c685044643018f8b9', 'sha256': '1e43110caf34dd1eedcecfd2a9cc6e0087f41e42c60d3b80423a4ef91e9f721a'}, 'dob': {'date': '1967-04-21T21:52:03.930Z', 'age': 56}, 'registered': {'date': '2018-10-26T20:54:58.562Z', 'age': 5}, 'phone': '041-241-6583', 'cell': '081-456-9228', 'id': {'name': 'PPS', 'value': '7891268T'}, 'picture': {'large': 'https://randomuser.me/api/portraits/women/74.jpg', 'medium': 'https://randomuser.me/api/portraits/med/women/74.jpg', 'thumbnail': 'https://randomuser.me/api/portraits/thumb/women/74.jpg'}, 'nat': 'IE'}], 'info': {'seed': 'b2e717e3367c1953', 'results': 1, 'page': 1, 'version': '1.4'}}</msg>
<arg>${json_data}</arg>
<doc>Logs the given message with the given level.</doc>
<status status="PASS" start="2024-03-23T07:13:24.214963" elapsed="0.000230"/>
</kw>
<kw name="Dictionary Should Contain Key" owner="Collections">
<msg time="2024-03-23T07:13:24.215660" level="INFO">False</msg>
<arg>${json_data}</arg>
<arg>results</arg>
<doc>Fails if ``key`` is not found from ``dictionary``.</doc>
<status status="PASS" start="2024-03-23T07:13:24.215502" elapsed="0.000197"/>
</kw>
<kw name="Should Not Be Empty" owner="BuiltIn">
<msg time="2024-03-23T07:13:24.216138" level="INFO">Length is 2.</msg>
<arg>${json_data}</arg>
<doc>Verifies that the given item is not empty.</doc>
<status status="PASS" start="2024-03-23T07:13:24.216003" elapsed="0.000175"/>
</kw>
<kw name="Create List" owner="BuiltIn">
<msg time="2024-03-23T07:13:24.216634" level="INFO">${expected_keys} = ['gender', 'name', 'location', 'email', 'login']</msg>
<var>${expected_keys}</var>
<arg>gender</arg>
<arg>name</arg>
<arg>location</arg>
<arg>email</arg>
<arg>login</arg>
<doc>Returns a list containing given items.</doc>
<status status="PASS" start="2024-03-23T07:13:24.216482" elapsed="0.000177"/>
</kw>
<for flavor="IN">
<iter>
<kw name="Dictionary Should Contain Key" owner="Collections">
<msg time="2024-03-23T07:13:24.217650" level="INFO">False</msg>
<arg>${json_data['results'][0]}</arg>
<arg>${key}</arg>
<doc>Fails if ``key`` is not found from ``dictionary``.</doc>
<status status="PASS" start="2024-03-23T07:13:24.217248" elapsed="0.000443"/>
</kw>
<kw name="Log" owner="BuiltIn">
<msg time="2024-03-23T07:13:24.218381" level="INFO">{'gender': 'female', 'name': {'title': 'Miss', 'first': 'Melissa', 'last': 'Morris'}, 'location': {'street': {'number': 5208, 'name': 'Patrick Street'}, 'city': 'Mallow', 'state': 'Leitrim', 'country': 'Ireland', 'postcode': 18944, 'coordinates': {'latitude': '3.2549', 'longitude': '109.6977'}, 'timezone': {'offset': '-6:00', 'description': 'Central Time (US &amp; Canada), Mexico City'}}, 'email': 'melissa.morris@example.com', 'login': {'uuid': 'ba438a97-12fd-44f0-ae81-796dc7372a9d', 'username': 'beautifulkoala609', 'password': 'loose', 'salt': 'j9Yp8dQ6', 'md5': '869c0be7b3db4032e45687ae030b4e59', 'sha1': '6cc1ef0197a05004eb91588c685044643018f8b9', 'sha256': '1e43110caf34dd1eedcecfd2a9cc6e0087f41e42c60d3b80423a4ef91e9f721a'}, 'dob': {'date': '1967-04-21T21:52:03.930Z', 'age': 56}, 'registered': {'date': '2018-10-26T20:54:58.562Z', 'age': 5}, 'phone': '041-241-6583', 'cell': '081-456-9228', 'id': {'name': 'PPS', 'value': '7891268T'}, 'picture': {'large': 'https://randomuser.me/api/portraits/women/74.jpg', 'medium': 'https://randomuser.me/api/portraits/med/women/74.jpg', 'thumbnail': 'https://randomuser.me/api/portraits/thumb/women/74.jpg'}, 'nat': 'IE'}</msg>
<arg>${json_data['results'][0]}</arg>
<doc>Logs the given message with the given level.</doc>
<status status="PASS" start="2024-03-23T07:13:24.218003" elapsed="0.000436"/>
</kw>
<kw name="Log" owner="BuiltIn">
<msg time="2024-03-23T07:13:24.218883" level="INFO">gender</msg>
<arg>${key}</arg>
<doc>Logs the given message with the given level.</doc>
<status status="PASS" start="2024-03-23T07:13:24.218748" elapsed="0.000176"/>
</kw>
<var name="${key}">gender</var>
<status status="PASS" start="2024-03-23T07:13:24.217111" elapsed="0.002065"/>
</iter>
<iter>
<kw name="Dictionary Should Contain Key" owner="Collections">
<msg time="2024-03-23T07:13:24.219885" level="INFO">False</msg>
<arg>${json_data['results'][0]}</arg>
<arg>${key}</arg>
<doc>Fails if ``key`` is not found from ``dictionary``.</doc>
<status status="PASS" start="2024-03-23T07:13:24.219491" elapsed="0.000433"/>
</kw>
<kw name="Log" owner="BuiltIn">
<msg time="2024-03-23T07:13:24.220640" level="INFO">{'gender': 'female', 'name': {'title': 'Miss', 'first': 'Melissa', 'last': 'Morris'}, 'location': {'street': {'number': 5208, 'name': 'Patrick Street'}, 'city': 'Mallow', 'state': 'Leitrim', 'country': 'Ireland', 'postcode': 18944, 'coordinates': {'latitude': '3.2549', 'longitude': '109.6977'}, 'timezone': {'offset': '-6:00', 'description': 'Central Time (US &amp; Canada), Mexico City'}}, 'email': 'melissa.morris@example.com', 'login': {'uuid': 'ba438a97-12fd-44f0-ae81-796dc7372a9d', 'username': 'beautifulkoala609', 'password': 'loose', 'salt': 'j9Yp8dQ6', 'md5': '869c0be7b3db4032e45687ae030b4e59', 'sha1': '6cc1ef0197a05004eb91588c685044643018f8b9', 'sha256': '1e43110caf34dd1eedcecfd2a9cc6e0087f41e42c60d3b80423a4ef91e9f721a'}, 'dob': {'date': '1967-04-21T21:52:03.930Z', 'age': 56}, 'registered': {'date': '2018-10-26T20:54:58.562Z', 'age': 5}, 'phone': '041-241-6583', 'cell': '081-456-9228', 'id': {'name': 'PPS', 'value': '7891268T'}, 'picture': {'large': 'https://randomuser.me/api/portraits/women/74.jpg', 'medium': 'https://randomuser.me/api/portraits/med/women/74.jpg', 'thumbnail': 'https://randomuser.me/api/portraits/thumb/women/74.jpg'}, 'nat': 'IE'}</msg>
<arg>${json_data['results'][0]}</arg>
<doc>Logs the given message with the given level.</doc>
<status status="PASS" start="2024-03-23T07:13:24.220265" elapsed="0.000425"/>
</kw>
<kw name="Log" owner="BuiltIn">
<msg time="2024-03-23T07:13:24.221127" level="INFO">name</msg>
<arg>${key}</arg>
<doc>Logs the given message with the given level.</doc>
<status status="PASS" start="2024-03-23T07:13:24.220997" elapsed="0.000169"/>
</kw>
<var name="${key}">name</var>
<status status="PASS" start="2024-03-23T07:13:24.219373" elapsed="0.002014"/>
</iter>
<iter>
<kw name="Dictionary Should Contain Key" owner="Collections">
<msg time="2024-03-23T07:13:24.222062" level="INFO">False</msg>
<arg>${json_data['results'][0]}</arg>
<arg>${key}</arg>
<doc>Fails if ``key`` is not found from ``dictionary``.</doc>
<status status="PASS" start="2024-03-23T07:13:24.221686" elapsed="0.000415"/>
</kw>
<kw name="Log" owner="BuiltIn">
<msg time="2024-03-23T07:13:24.222765" level="INFO">{'gender': 'female', 'name': {'title': 'Miss', 'first': 'Melissa', 'last': 'Morris'}, 'location': {'street': {'number': 5208, 'name': 'Patrick Street'}, 'city': 'Mallow', 'state': 'Leitrim', 'country': 'Ireland', 'postcode': 18944, 'coordinates': {'latitude': '3.2549', 'longitude': '109.6977'}, 'timezone': {'offset': '-6:00', 'description': 'Central Time (US &amp; Canada), Mexico City'}}, 'email': 'melissa.morris@example.com', 'login': {'uuid': 'ba438a97-12fd-44f0-ae81-796dc7372a9d', 'username': 'beautifulkoala609', 'password': 'loose', 'salt': 'j9Yp8dQ6', 'md5': '869c0be7b3db4032e45687ae030b4e59', 'sha1': '6cc1ef0197a05004eb91588c685044643018f8b9', 'sha256': '1e43110caf34dd1eedcecfd2a9cc6e0087f41e42c60d3b80423a4ef91e9f721a'}, 'dob': {'date': '1967-04-21T21:52:03.930Z', 'age': 56}, 'registered': {'date': '2018-10-26T20:54:58.562Z', 'age': 5}, 'phone': '041-241-6583', 'cell': '081-456-9228', 'id': {'name': 'PPS', 'value': '7891268T'}, 'picture': {'large': 'https://randomuser.me/api/portraits/women/74.jpg', 'medium': 'https://randomuser.me/api/portraits/med/women/74.jpg', 'thumbnail': 'https://randomuser.me/api/portraits/thumb/women/74.jpg'}, 'nat': 'IE'}</msg>
<arg>${json_data['results'][0]}</arg>
<doc>Logs the given message with the given level.</doc>
<status status="PASS" start="2024-03-23T07:13:24.222403" elapsed="0.000416"/>
</kw>
<kw name="Log" owner="BuiltIn">
<msg time="2024-03-23T07:13:24.223277" level="INFO">location</msg>
<arg>${key}</arg>
<doc>Logs the given message with the given level.</doc>
<status status="PASS" start="2024-03-23T07:13:24.223148" elapsed="0.000168"/>
</kw>
<var name="${key}">location</var>
<status status="PASS" start="2024-03-23T07:13:24.221572" elapsed="0.001966"/>
</iter>
<iter>
<kw name="Dictionary Should Contain Key" owner="Collections">
<msg time="2024-03-23T07:13:24.224207" level="INFO">False</msg>
<arg>${json_data['results'][0]}</arg>
<arg>${key}</arg>
<doc>Fails if ``key`` is not found from ``dictionary``.</doc>
<status status="PASS" start="2024-03-23T07:13:24.223826" elapsed="0.000419"/>
</kw>
<kw name="Log" owner="BuiltIn">
<msg time="2024-03-23T07:13:24.224902" level="INFO">{'gender': 'female', 'name': {'title': 'Miss', 'first': 'Melissa', 'last': 'Morris'}, 'location': {'street': {'number': 5208, 'name': 'Patrick Street'}, 'city': 'Mallow', 'state': 'Leitrim', 'country': 'Ireland', 'postcode': 18944, 'coordinates': {'latitude': '3.2549', 'longitude': '109.6977'}, 'timezone': {'offset': '-6:00', 'description': 'Central Time (US &amp; Canada), Mexico City'}}, 'email': 'melissa.morris@example.com', 'login': {'uuid': 'ba438a97-12fd-44f0-ae81-796dc7372a9d', 'username': 'beautifulkoala609', 'password': 'loose', 'salt': 'j9Yp8dQ6', 'md5': '869c0be7b3db4032e45687ae030b4e59', 'sha1': '6cc1ef0197a05004eb91588c685044643018f8b9', 'sha256': '1e43110caf34dd1eedcecfd2a9cc6e0087f41e42c60d3b80423a4ef91e9f721a'}, 'dob': {'date': '1967-04-21T21:52:03.930Z', 'age': 56}, 'registered': {'date': '2018-10-26T20:54:58.562Z', 'age': 5}, 'phone': '041-241-6583', 'cell': '081-456-9228', 'id': {'name': 'PPS', 'value': '7891268T'}, 'picture': {'large': 'https://randomuser.me/api/portraits/women/74.jpg', 'medium': 'https://randomuser.me/api/portraits/med/women/74.jpg', 'thumbnail': 'https://randomuser.me/api/portraits/thumb/women/74.jpg'}, 'nat': 'IE'}</msg>
<arg>${json_data['results'][0]}</arg>
<doc>Logs the given message with the given level.</doc>
<status status="PASS" start="2024-03-23T07:13:24.224546" elapsed="0.000405"/>
</kw>
<kw name="Log" owner="BuiltIn">
<msg time="2024-03-23T07:13:24.225377" level="INFO">email</msg>
<arg>${key}</arg>
<doc>Logs the given message with the given level.</doc>
<status status="PASS" start="2024-03-23T07:13:24.225250" elapsed="0.000165"/>
</kw>
<var name="${key}">email</var>
<status status="PASS" start="2024-03-23T07:13:24.223714" elapsed="0.001919"/>
</iter>
<iter>
<kw name="Dictionary Should Contain Key" owner="Collections">
<msg time="2024-03-23T07:13:24.226310" level="INFO">False</msg>
<arg>${json_data['results'][0]}</arg>
<arg>${key}</arg>
<doc>Fails if ``key`` is not found from ``dictionary``.</doc>
<status status="PASS" start="2024-03-23T07:13:24.225927" elapsed="0.000421"/>
</kw>
<kw name="Log" owner="BuiltIn">
<msg time="2024-03-23T07:13:24.227031" level="INFO">{'gender': 'female', 'name': {'title': 'Miss', 'first': 'Melissa', 'last': 'Morris'}, 'location': {'street': {'number': 5208, 'name': 'Patrick Street'}, 'city': 'Mallow', 'state': 'Leitrim', 'country': 'Ireland', 'postcode': 18944, 'coordinates': {'latitude': '3.2549', 'longitude': '109.6977'}, 'timezone': {'offset': '-6:00', 'description': 'Central Time (US &amp; Canada), Mexico City'}}, 'email': 'melissa.morris@example.com', 'login': {'uuid': 'ba438a97-12fd-44f0-ae81-796dc7372a9d', 'username': 'beautifulkoala609', 'password': 'loose', 'salt': 'j9Yp8dQ6', 'md5': '869c0be7b3db4032e45687ae030b4e59', 'sha1': '6cc1ef0197a05004eb91588c685044643018f8b9', 'sha256': '1e43110caf34dd1eedcecfd2a9cc6e0087f41e42c60d3b80423a4ef91e9f721a'}, 'dob': {'date': '1967-04-21T21:52:03.930Z', 'age': 56}, 'registered': {'date': '2018-10-26T20:54:58.562Z', 'age': 5}, 'phone': '041-241-6583', 'cell': '081-456-9228', 'id': {'name': 'PPS', 'value': '7891268T'}, 'picture': {'large': 'https://randomuser.me/api/portraits/women/74.jpg', 'medium': 'https://randomuser.me/api/portraits/med/women/74.jpg', 'thumbnail': 'https://randomuser.me/api/portraits/thumb/women/74.jpg'}, 'nat': 'IE'}</msg>
<arg>${json_data['results'][0]}</arg>
<doc>Logs the given message with the given level.</doc>
<status status="PASS" start="2024-03-23T07:13:24.226650" elapsed="0.000430"/>
</kw>
<kw name="Log" owner="BuiltIn">
<msg time="2024-03-23T07:13:24.227501" level="INFO">login</msg>
<arg>${key}</arg>
<doc>Logs the given message with the given level.</doc>
<status status="PASS" start="2024-03-23T07:13:24.227374" elapsed="0.000270"/>
</kw>
<var name="${key}">login</var>
<status status="PASS" start="2024-03-23T07:13:24.225810" elapsed="0.002087"/>
</iter>
<var>${key}</var>
<value>@{expected_keys}</value>
<status status="PASS" start="2024-03-23T07:13:24.216926" elapsed="0.011101"/>
</for>
<kw name="Create List" owner="BuiltIn">
<msg time="2024-03-23T07:13:24.228362" level="INFO">${expected_keysTwo} = ['username', 'password']</msg>
<var>${expected_keysTwo}</var>
<arg>username</arg>
<arg>password</arg>
<doc>Returns a list containing given items.</doc>
<status status="PASS" start="2024-03-23T07:13:24.228222" elapsed="0.000163"/>
</kw>
<for flavor="IN">
<iter>
<kw name="Dictionary Should Contain Key" owner="Collections">
<msg time="2024-03-23T07:13:24.229267" level="INFO">False</msg>
<arg>${json_data['results'][0]['login']}</arg>
<arg>${keyTwo}</arg>
<doc>Fails if ``key`` is not found from ``dictionary``.</doc>
<status status="PASS" start="2024-03-23T07:13:24.228888" elapsed="0.000418"/>
</kw>
<kw name="Dictionary Should Contain Key" owner="Collections">
<msg time="2024-03-23T07:13:24.229982" level="INFO">False</msg>
<arg>${json_data['results'][0]['login']}</arg>
<arg>${keyTwo}</arg>
<doc>Fails if ``key`` is not found from ``dictionary``.</doc>
<status status="PASS" start="2024-03-23T07:13:24.229606" elapsed="0.000414"/>
</kw>
<kw name="Log" owner="BuiltIn">
<msg time="2024-03-23T07:13:24.230449" level="INFO">username</msg>
<arg>${keyTwo}</arg>
<doc>Logs the given message with the given level.</doc>
<status status="PASS" start="2024-03-23T07:13:24.230319" elapsed="0.000167"/>
</kw>
<var name="${keyTwo}">username</var>
<status status="PASS" start="2024-03-23T07:13:24.228774" elapsed="0.001928"/>
</iter>
<iter>
<kw name="Dictionary Should Contain Key" owner="Collections">
<msg time="2024-03-23T07:13:24.231399" level="INFO">False</msg>
<arg>${json_data['results'][0]['login']}</arg>
<arg>${keyTwo}</arg>
<doc>Fails if ``key`` is not found from ``dictionary``.</doc>
<status status="PASS" start="2024-03-23T07:13:24.231010" elapsed="0.000427"/>
</kw>
<kw name="Dictionary Should Contain Key" owner="Collections">
<msg time="2024-03-23T07:13:24.232111" level="INFO">False</msg>
<arg>${json_data['results'][0]['login']}</arg>
<arg>${keyTwo}</arg>
<doc>Fails if ``key`` is not found from ``dictionary``.</doc>
<status status="PASS" start="2024-03-23T07:13:24.231734" elapsed="0.000414"/>
</kw>
<kw name="Log" owner="BuiltIn">
<msg time="2024-03-23T07:13:24.232567" level="INFO">password</msg>
<arg>${keyTwo}</arg>
<doc>Logs the given message with the given level.</doc>
<status status="PASS" start="2024-03-23T07:13:24.232439" elapsed="0.000176"/>
</kw>
<var name="${keyTwo}">password</var>
<status status="PASS" start="2024-03-23T07:13:24.230875" elapsed="0.001962"/>
</iter>
<var>${keyTwo}</var>
<value>@{expected_keysTwo}</value>
<status status="PASS" start="2024-03-23T07:13:24.228623" elapsed="0.004335"/>
</for>
<status status="PASS" start="2024-03-23T07:13:24.117834" elapsed="0.115263"/>
</kw>
<doc>Testa a estrutura da resposta da API.</doc>
<tag>testeEstruturaResposta</tag>
<status status="PASS" start="2024-03-23T07:13:24.116921" elapsed="0.116330"/>
</test>
<test id="s1-s1-t4" name="Validar tipos de dados" line="28">
<kw name="Teste de Tipos de Dados" owner="random-user-service">
<kw name="GET On Session" owner="RequestsLibrary">
<msg time="2024-03-23T07:13:24.307803" level="INFO">GET Request : url=https://randomuser.me/api 
 path_url=/api 
 headers={'User-Agent': 'python-requests/2.31.0', 'Accept-Encoding': 'gzip, deflate', 'Accept': '*/*', 'Connection': 'keep-alive'} 
 body=None 
 </msg>
<msg time="2024-03-23T07:13:24.307891" level="INFO">GET Response : url=https://randomuser.me/api 
 status=200, reason=OK 
 headers={'Date': 'Sat, 23 Mar 2024 07:13:24 GMT', 'Content-Type': 'application/json; charset=utf-8', 'Transfer-Encoding': 'chunked', 'Connection': 'keep-alive', 'X-Powered-By': 'Express', 'Access-Control-Allow-Origin': '*', 'Cache-Control': 'no-cache', 'ETag': 'W/"4a4-kTeeek5/Z/+/t7AHmpy4kxln+ys"', 'Vary': 'Accept-Encoding', 'Content-Encoding': 'gzip', 'CF-Cache-Status': 'DYNAMIC', 'Report-To': '{"endpoints":[{"url":"https:\\/\\/a.nel.cloudflare.com\\/report\\/v4?s=vH5PomGIhNxaSKaqTmv3PCpemE%2FWX1UIqcAhy3V19YzFk3SXy0P5XbDGK9vZN5I3tCrtfHWbN1bu%2BI6S23oO7LzYopUh4Fo7jZ02sZ74MdW16QQ609ATdalry9OO4l0Z"}],"group":"cf-nel","max_age":604800}', 'NEL': '{"success_fraction":0,"report_to":"cf-nel","max_age":604800}', 'Server': 'cloudflare', 'CF-RAY': '868c9e5e7e0057ca-IAD', 'alt-svc': 'h3=":443"; ma=86400'} 
 body={"results":[{"gender":"female","name":{"title":"Miss","first":"Helmi","last":"Rinne"},"location":{"street":{"number":8636,"name":"Hämeentie"},"city":"Heinävesi","state":"Finland Proper","country":"Finland","postcode":94790,"coordinates":{"latitude":"-27.3435","longitude":"96.5652"},"timezone":{"offset":"-5:00","description":"Eastern Time (US &amp; Canada), Bogota, Lima"}},"email":"helmi.rinne@example.com","login":{"uuid":"4c34d412-fdb6-4284-ae96-aec07a361ca6","username":"happyostrich919","password":"momomo","salt":"ZQAjIs53","md5":"f3f8f5a404671e2c61a4011c1be01032","sha1":"0d00343d8557bf4450dc3876f39efcf32d96c8b8","sha256":"3661a97e57dcb3800b45c7ccda68337a03a1ee50aab59ef72c73fbc1341427ae"},"dob":{"date":"1989-06-16T02:25:38.744Z","age":34},"registered":{"date":"2003-02-06T10:31:43.357Z","age":21},"phone":"07-230-763","cell":"040-699-09-90","id":{"name":"HETU","value":"NaNNA426undefined"},"picture":{"large":"https://randomuser.me/api/portraits/women/44.jpg","medium":"https://randomuser.me/api/portraits/med/women/44.jpg","thumbnail":"https://randomuser.me/api/portraits/thumb/women/44.jpg"},"nat":"FI"}],"info":{"seed":"6ed7d54d9698579d","results":1,"page":1,"version":"1.4"}} 
 </msg>
<msg time="2024-03-23T07:13:24.307953" level="INFO">/opt/hostedtoolcache/Python/3.12.2/x64/lib/python3.12/site-packages/urllib3/connectionpool.py:1103: InsecureRequestWarning: Unverified HTTPS request is being made to host 'randomuser.me'. Adding certificate verification is strongly advised. See: https://urllib3.readthedocs.io/en/latest/advanced-usage.html#tls-warnings
  warnings.warn(</msg>
<msg time="2024-03-23T07:13:24.308036" level="INFO">${response} = &lt;Response [200]&gt;</msg>
<var>${response}</var>
<arg>consultarAPI</arg>
<arg>/api</arg>
<doc>Sends a GET request on a previously created HTTP Session.</doc>
<status status="PASS" start="2024-03-23T07:13:24.235758" elapsed="0.072318"/>
</kw>
<kw name="Set Variable" owner="BuiltIn">
<msg time="2024-03-23T07:13:24.309070" level="INFO">${json_data} = {'results': [{'gender': 'female', 'name': {'title': 'Miss', 'first': 'Helmi', 'last': 'Rinne'}, 'location': {'street': {'number': 8636, 'name': 'Hämeentie'}, 'city': 'Heinävesi', 'state': 'Finland Pro...</msg>
<var>${json_data}</var>
<arg>${response.json()}</arg>
<doc>Returns the given values which can then be assigned to a variables.</doc>
<status status="PASS" start="2024-03-23T07:13:24.308521" elapsed="0.000578"/>
</kw>
<kw name="Log" owner="BuiltIn">
<msg time="2024-03-23T07:13:24.309569" level="INFO">{'results': [{'gender': 'female', 'name': {'title': 'Miss', 'first': 'Helmi', 'last': 'Rinne'}, 'location': {'street': {'number': 8636, 'name': 'Hämeentie'}, 'city': 'Heinävesi', 'state': 'Finland Proper', 'country': 'Finland', 'postcode': 94790, 'coordinates': {'latitude': '-27.3435', 'longitude': '96.5652'}, 'timezone': {'offset': '-5:00', 'description': 'Eastern Time (US &amp; Canada), Bogota, Lima'}}, 'email': 'helmi.rinne@example.com', 'login': {'uuid': '4c34d412-fdb6-4284-ae96-aec07a361ca6', 'username': 'happyostrich919', 'password': 'momomo', 'salt': 'ZQAjIs53', 'md5': 'f3f8f5a404671e2c61a4011c1be01032', 'sha1': '0d00343d8557bf4450dc3876f39efcf32d96c8b8', 'sha256': '3661a97e57dcb3800b45c7ccda68337a03a1ee50aab59ef72c73fbc1341427ae'}, 'dob': {'date': '1989-06-16T02:25:38.744Z', 'age': 34}, 'registered': {'date': '2003-02-06T10:31:43.357Z', 'age': 21}, 'phone': '07-230-763', 'cell': '040-699-09-90', 'id': {'name': 'HETU', 'value': 'NaNNA426undefined'}, 'picture': {'large': 'https://randomuser.me/api/portraits/women/44.jpg', 'medium': 'https://randomuser.me/api/portraits/med/women/44.jpg', 'thumbnail': 'https://randomuser.me/api/portraits/thumb/women/44.jpg'}, 'nat': 'FI'}], 'info': {'seed': '6ed7d54d9698579d', 'results': 1, 'page': 1, 'version': '1.4'}}</msg>
<arg>${json_data}</arg>
<doc>Logs the given message with the given level.</doc>
<status status="PASS" start="2024-03-23T07:13:24.309412" elapsed="0.000239"/>
</kw>
<kw name="Should Be String" owner="String">
<arg>${json_data['results'][0]['gender']}</arg>
<doc>Fails if the given ``item`` is not a string.</doc>
<status status="PASS" start="2024-03-23T07:13:24.309960" elapsed="0.000361"/>
</kw>
<kw name="Should Match Regexp" owner="BuiltIn">
<arg>${json_data['results'][0]['email']}</arg>
<arg>^[a-zA-Z0-9._%+-]+@[a-zA-Z0-9.-]+\.[a-zA-Z]{2,}$</arg>
<doc>Fails if ``string`` does not match ``pattern`` as a regular expression.</doc>
<status status="PASS" start="2024-03-23T07:13:24.310515" elapsed="0.000553"/>
</kw>
<kw name="Should Match Regexp" owner="BuiltIn">
<arg>${json_data['results'][0]['dob']['date']}</arg>
<arg>\\d{4}-\\d{2}-\\d{2}T\\d{2}:\\d{2}:\\d{2}\\.\\d{3}Z</arg>
<doc>Fails if ``string`` does not match ``pattern`` as a regular expression.</doc>
<status status="PASS" start="2024-03-23T07:13:24.311272" elapsed="0.000488"/>
</kw>
<kw name="Should Match Regexp" owner="BuiltIn">
<arg>${json_data['results'][0]['registered']['date']}</arg>
<arg>\\d{4}-\\d{2}-\\d{2}T\\d{2}:\\d{2}:\\d{2}\\.\\d{3}Z</arg>
<doc>Fails if ``string`` does not match ``pattern`` as a regular expression.</doc>
<status status="PASS" start="2024-03-23T07:13:24.311955" elapsed="0.000367"/>
</kw>
<kw name="Should Match Regexp" owner="BuiltIn">
<arg>${json_data['results'][0]['picture']['large']}</arg>
<arg>^https?://.*\.(?:png|jpe?g|gif|bmp)$</arg>
<doc>Fails if ``string`` does not match ``pattern`` as a regular expression.</doc>
<status status="PASS" start="2024-03-23T07:13:24.312512" elapsed="0.000459"/>
</kw>
<kw name="Should Match Regexp" owner="BuiltIn">
<arg>${json_data['results'][0]['picture']['medium']}</arg>
<arg>^https?://.*\.(?:png|jpe?g|gif|bmp)$</arg>
<doc>Fails if ``string`` does not match ``pattern`` as a regular expression.</doc>
<status status="PASS" start="2024-03-23T07:13:24.313161" elapsed="0.000356"/>
</kw>
<kw name="Should Match Regexp" owner="BuiltIn">
<arg>${json_data['results'][0]['picture']['thumbnail']}</arg>
<arg>^https?://.*\.(?:png|jpe?g|gif|bmp)$</arg>
<doc>Fails if ``string`` does not match ``pattern`` as a regular expression.</doc>
<status status="PASS" start="2024-03-23T07:13:24.313701" elapsed="0.000364"/>
</kw>
<kw name="Log" owner="BuiltIn">
<msg time="2024-03-23T07:13:24.314565" level="INFO">{'large': 'https://randomuser.me/api/portraits/women/44.jpg', 'medium': 'https://randomuser.me/api/portraits/med/women/44.jpg', 'thumbnail': 'https://randomuser.me/api/portraits/thumb/women/44.jpg'}</msg>
<arg>${json_data['results'][0]['picture']}</arg>
<doc>Logs the given message with the given level.</doc>
<status status="PASS" start="2024-03-23T07:13:24.314245" elapsed="0.000367"/>
</kw>
<status status="PASS" start="2024-03-23T07:13:24.235535" elapsed="0.079330"/>
</kw>
<kw name="Teste de Tipos de Dados - Postcode" owner="random-user-service">
<kw name="GET On Session" owner="RequestsLibrary">
<msg time="2024-03-23T07:13:24.418489" level="INFO">GET Request : url=https://randomuser.me/api 
 path_url=/api 
 headers={'User-Agent': 'python-requests/2.31.0', 'Accept-Encoding': 'gzip, deflate', 'Accept': '*/*', 'Connection': 'keep-alive'} 
 body=None 
 </msg>
<msg time="2024-03-23T07:13:24.418575" level="INFO">GET Response : url=https://randomuser.me/api 
 status=200, reason=OK 
 headers={'Date': 'Sat, 23 Mar 2024 07:13:24 GMT', 'Content-Type': 'application/json; charset=utf-8', 'Transfer-Encoding': 'chunked', 'Connection': 'keep-alive', 'X-Powered-By': 'Express', 'Access-Control-Allow-Origin': '*', 'Cache-Control': 'no-cache', 'ETag': 'W/"49d-OjNAOJ6UXknPwInaQvBv0aaf20Q"', 'Vary': 'Accept-Encoding', 'Content-Encoding': 'gzip', 'CF-Cache-Status': 'DYNAMIC', 'Report-To': '{"endpoints":[{"url":"https:\\/\\/a.nel.cloudflare.com\\/report\\/v4?s=8lN8t3SIprVOIUKF%2BA8GMd7lGrJNQyo3ARky1ZQkbcsZNT3x8wp5d%2FAEP6XTnYrLNin7%2B0gtXmemAYJYPYRz0ji8e6uoQEtPIhhLxpEsVSc%2FU0WDnmTSawDfeQ7XV0vD"}],"group":"cf-nel","max_age":604800}', 'NEL': '{"success_fraction":0,"report_to":"cf-nel","max_age":604800}', 'Server': 'cloudflare', 'CF-RAY': '868c9e5efe4457ca-IAD', 'alt-svc': 'h3=":443"; ma=86400'} 
 body={"results":[{"gender":"male","name":{"title":"Mr","first":"Sergio","last":"Miles"},"location":{"street":{"number":982,"name":"Valwood Pkwy"},"city":"Warragul","state":"Australian Capital Territory","country":"Australia","postcode":2450,"coordinates":{"latitude":"-81.4509","longitude":"-157.3853"},"timezone":{"offset":"+5:30","description":"Bombay, Calcutta, Madras, New Delhi"}},"email":"sergio.miles@example.com","login":{"uuid":"d9b1df0a-4ece-4786-ae2e-57b15669295b","username":"blacktiger420","password":"terrell","salt":"q4V5CGyj","md5":"a1db1baf6e5850b7154b308e62434aca","sha1":"74a1d4291dc1ae6d16bdee5ee4b45a43d90fa012","sha256":"c79ad3e76b04122631f62e5107f5173f4eca8b08e50295290d5259396ff2ae7d"},"dob":{"date":"1971-12-19T02:52:44.155Z","age":52},"registered":{"date":"2016-02-25T20:08:13.269Z","age":8},"phone":"03-3461-6366","cell":"0472-802-796","id":{"name":"TFN","value":"443192858"},"picture":{"large":"https://randomuser.me/api/portraits/men/10.jpg","medium":"https://randomuser.me/api/portraits/med/men/10.jpg","thumbnail":"https://randomuser.me/api/portraits/thumb/men/10.jpg"},"nat":"AU"}],"info":{"seed":"1230f8dcdfd89cd4","results":1,"page":1,"version":"1.4"}} 
 </msg>
<msg time="2024-03-23T07:13:24.418655" level="INFO">/opt/hostedtoolcache/Python/3.12.2/x64/lib/python3.12/site-packages/urllib3/connectionpool.py:1103: InsecureRequestWarning: Unverified HTTPS request is being made to host 'randomuser.me'. Adding certificate verification is strongly advised. See: https://urllib3.readthedocs.io/en/latest/advanced-usage.html#tls-warnings
  warnings.warn(</msg>
<msg time="2024-03-23T07:13:24.418764" level="INFO">${response} = &lt;Response [200]&gt;</msg>
<var>${response}</var>
<arg>consultarAPI</arg>
<arg>/api</arg>
<doc>Sends a GET request on a previously created HTTP Session.</doc>
<status status="PASS" start="2024-03-23T07:13:24.315456" elapsed="0.103358"/>
</kw>
<kw name="Set Variable" owner="BuiltIn">
<msg time="2024-03-23T07:13:24.419887" level="INFO">${json_data} = {'results': [{'gender': 'male', 'name': {'title': 'Mr', 'first': 'Sergio', 'last': 'Miles'}, 'location': {'street': {'number': 982, 'name': 'Valwood Pkwy'}, 'city': 'Warragul', 'state': 'Australian Ca...</msg>
<var>${json_data}</var>
<arg>${response.json()}</arg>
<doc>Returns the given values which can then be assigned to a variables.</doc>
<status status="PASS" start="2024-03-23T07:13:24.419355" elapsed="0.000559"/>
</kw>
<kw name="Log" owner="BuiltIn">
<msg time="2024-03-23T07:13:24.420370" level="INFO">{'results': [{'gender': 'male', 'name': {'title': 'Mr', 'first': 'Sergio', 'last': 'Miles'}, 'location': {'street': {'number': 982, 'name': 'Valwood Pkwy'}, 'city': 'Warragul', 'state': 'Australian Capital Territory', 'country': 'Australia', 'postcode': 2450, 'coordinates': {'latitude': '-81.4509', 'longitude': '-157.3853'}, 'timezone': {'offset': '+5:30', 'description': 'Bombay, Calcutta, Madras, New Delhi'}}, 'email': 'sergio.miles@example.com', 'login': {'uuid': 'd9b1df0a-4ece-4786-ae2e-57b15669295b', 'username': 'blacktiger420', 'password': 'terrell', 'salt': 'q4V5CGyj', 'md5': 'a1db1baf6e5850b7154b308e62434aca', 'sha1': '74a1d4291dc1ae6d16bdee5ee4b45a43d90fa012', 'sha256': 'c79ad3e76b04122631f62e5107f5173f4eca8b08e50295290d5259396ff2ae7d'}, 'dob': {'date': '1971-12-19T02:52:44.155Z', 'age': 52}, 'registered': {'date': '2016-02-25T20:08:13.269Z', 'age': 8}, 'phone': '03-3461-6366', 'cell': '0472-802-796', 'id': {'name': 'TFN', 'value': '443192858'}, 'picture': {'large': 'https://randomuser.me/api/portraits/men/10.jpg', 'medium': 'https://randomuser.me/api/portraits/med/men/10.jpg', 'thumbnail': 'https://randomuser.me/api/portraits/thumb/men/10.jpg'}, 'nat': 'AU'}], 'info': {'seed': '1230f8dcdfd89cd4', 'results': 1, 'page': 1, 'version': '1.4'}}</msg>
<arg>${json_data}</arg>
<doc>Logs the given message with the given level.</doc>
<status status="PASS" start="2024-03-23T07:13:24.420219" elapsed="0.000239"/>
</kw>
<kw name="Should Be Equal As Numbers" owner="BuiltIn">
<arg>${json_data['results'][0]['location']['postcode']}</arg>
<arg>${json_data['results'][0]['location']['postcode']}</arg>
<doc>Fails if objects are unequal after converting them to real numbers.</doc>
<status status="PASS" start="2024-03-23T07:13:24.420759" elapsed="0.000622"/>
</kw>
<kw name="Log" owner="BuiltIn">
<msg time="2024-03-23T07:13:24.421906" level="INFO">2450</msg>
<arg>${json_data['results'][0]['location']['postcode']}</arg>
<doc>Logs the given message with the given level.</doc>
<status status="PASS" start="2024-03-23T07:13:24.421572" elapsed="0.000376"/>
</kw>
<status status="PASS" start="2024-03-23T07:13:24.315112" elapsed="0.107090"/>
</kw>
<doc>Testa se os tipos de dados na resposta da API estão corretos.</doc>
<tag>testeTiposDados</tag>
<status status="PASS" start="2024-03-23T07:13:24.234995" elapsed="0.187368"/>
</test>
<test id="s1-s1-t5" name="Validar conteudo" line="35">
<kw name="Teste de Tipos de Conteudo" owner="random-user-service">
<kw name="GET On Session" owner="RequestsLibrary">
<msg time="2024-03-23T07:13:24.508036" level="INFO">GET Request : url=https://randomuser.me/api 
 path_url=/api 
 headers={'User-Agent': 'python-requests/2.31.0', 'Accept-Encoding': 'gzip, deflate', 'Accept': '*/*', 'Connection': 'keep-alive'} 
 body=None 
 </msg>
<msg time="2024-03-23T07:13:24.508112" level="INFO">GET Response : url=https://randomuser.me/api 
 status=200, reason=OK 
 headers={'Date': 'Sat, 23 Mar 2024 07:13:24 GMT', 'Content-Type': 'application/json; charset=utf-8', 'Transfer-Encoding': 'chunked', 'Connection': 'keep-alive', 'X-Powered-By': 'Express', 'Access-Control-Allow-Origin': '*', 'Cache-Control': 'no-cache', 'ETag': 'W/"49c-aJuVQ1sG16MFm2WI28Sc2WMBddg"', 'Vary': 'Accept-Encoding', 'Content-Encoding': 'gzip', 'CF-Cache-Status': 'DYNAMIC', 'Report-To': '{"endpoints":[{"url":"https:\\/\\/a.nel.cloudflare.com\\/report\\/v4?s=84N3hmVLClmktME90QH8m%2BC4oUv%2B6x3wmxx1pFMxzE4X2PC9fjnPcCQ0I4MVZI18NBwNfKLSXjAV2SU2LbJWsHmQzwl4oier5%2BEyQIyQZTffCuuC0umJZZQzt5NP0kWy"}],"group":"cf-nel","max_age":604800}', 'NEL': '{"success_fraction":0,"report_to":"cf-nel","max_age":604800}', 'Server': 'cloudflare', 'CF-RAY': '868c9e5faec157ca-IAD', 'alt-svc': 'h3=":443"; ma=86400'} 
 body={"results":[{"gender":"male","name":{"title":"Mr","first":"Tristan","last":"Christiansen"},"location":{"street":{"number":2915,"name":"Nymarksvej"},"city":"Juelsminde","state":"Nordjylland","country":"Denmark","postcode":15601,"coordinates":{"latitude":"-41.2037","longitude":"-27.2893"},"timezone":{"offset":"+5:00","description":"Ekaterinburg, Islamabad, Karachi, Tashkent"}},"email":"tristan.christiansen@example.com","login":{"uuid":"e2a49590-9198-4fb3-aca5-f8bbe9d48a53","username":"purplefrog997","password":"seagull","salt":"LhKF7TnO","md5":"c158b22f4685c75dde107eadf7be7527","sha1":"ef872e78771977a5b52e487a81825056cca4de20","sha256":"3a6d0221b04cb961ba7aa93187db6514cc9c48b9ab6da239fc491550ad59a970"},"dob":{"date":"1974-06-06T21:35:46.946Z","age":49},"registered":{"date":"2016-09-23T12:25:06.225Z","age":7},"phone":"86825632","cell":"18934589","id":{"name":"CPR","value":"060674-0178"},"picture":{"large":"https://randomuser.me/api/portraits/men/72.jpg","medium":"https://randomuser.me/api/portraits/med/men/72.jpg","thumbnail":"https://randomuser.me/api/portraits/thumb/men/72.jpg"},"nat":"DK"}],"info":{"seed":"4369debfbc450f41","results":1,"page":1,"version":"1.4"}} 
 </msg>
<msg time="2024-03-23T07:13:24.508177" level="INFO">/opt/hostedtoolcache/Python/3.12.2/x64/lib/python3.12/site-packages/urllib3/connectionpool.py:1103: InsecureRequestWarning: Unverified HTTPS request is being made to host 'randomuser.me'. Adding certificate verification is strongly advised. See: https://urllib3.readthedocs.io/en/latest/advanced-usage.html#tls-warnings
  warnings.warn(</msg>
<msg time="2024-03-23T07:13:24.508284" level="INFO">${response} = &lt;Response [200]&gt;</msg>
<var>${response}</var>
<arg>consultarAPI</arg>
<arg>/api</arg>
<doc>Sends a GET request on a previously created HTTP Session.</doc>
<status status="PASS" start="2024-03-23T07:13:24.424927" elapsed="0.083405"/>
</kw>
<kw name="Set Variable" owner="BuiltIn">
<msg time="2024-03-23T07:13:24.509337" level="INFO">${json_data} = {'results': [{'gender': 'male', 'name': {'title': 'Mr', 'first': 'Tristan', 'last': 'Christiansen'}, 'location': {'street': {'number': 2915, 'name': 'Nymarksvej'}, 'city': 'Juelsminde', 'state': 'Nord...</msg>
<var>${json_data}</var>
<arg>${response.json()}</arg>
<doc>Returns the given values which can then be assigned to a variables.</doc>
<status status="PASS" start="2024-03-23T07:13:24.508796" elapsed="0.000570"/>
</kw>
<kw name="Set Variable" owner="BuiltIn">
<msg time="2024-03-23T07:13:24.510048" level="INFO">${name_title} = Mr</msg>
<var>${name_title}</var>
<arg>${json_data["results"][0]["name"]["title"]}</arg>
<doc>Returns the given values which can then be assigned to a variables.</doc>
<status status="PASS" start="2024-03-23T07:13:24.509668" elapsed="0.000405"/>
</kw>
<kw name="Create List" owner="BuiltIn">
<msg time="2024-03-23T07:13:24.510528" level="INFO">${allowed_titles} = ['Mr', 'Ms', 'Miss', 'Mrs', 'Madame', 'Monsieur']</msg>
<var>${allowed_titles}</var>
<arg>Mr</arg>
<arg>Ms</arg>
<arg>Miss</arg>
<arg>Mrs</arg>
<arg>Madame</arg>
<arg>Monsieur</arg>
<doc>Returns a list containing given items.</doc>
<status status="PASS" start="2024-03-23T07:13:24.510379" elapsed="0.000173"/>
</kw>
<kw name="List Should Contain Value" owner="Collections">
<msg time="2024-03-23T07:13:24.511084" level="INFO">False</msg>
<arg>${allowed_titles}</arg>
<arg>${name_title}</arg>
<doc>Fails if the ``value`` is not found from ``list``.</doc>
<status status="PASS" start="2024-03-23T07:13:24.510854" elapsed="0.000269"/>
</kw>
<kw name="Set Variable" owner="BuiltIn">
<msg time="2024-03-23T07:13:24.511805" level="INFO">${name_country} = DK</msg>
<var>${name_country}</var>
<arg>${json_data["results"][0]["nat"]}</arg>
<doc>Returns the given values which can then be assigned to a variables.</doc>
<status status="PASS" start="2024-03-23T07:13:24.511422" elapsed="0.000407"/>
</kw>
<kw name="Create List" owner="BuiltIn">
<msg time="2024-03-23T07:13:24.512739" level="INFO">${list_country} = ['AD', 'AE', 'AF', 'AG', 'AI', 'AL', 'AM', 'AO', 'AQ', 'AR', 'AS', 'AT', 'AU', 'AW', 'AX', 'AZ', 'BA', 'BB', 'BD', 'BE', 'BF', 'BG', 'BH', 'BI', 'BJ', 'BL', 'BM', 'BN', 'BO', 'BQ', 'BR', 'BS', 'BT', '...</msg>
<var>${list_country}</var>
<arg>AD</arg>
<arg>AE</arg>
<arg>AF</arg>
<arg>AG</arg>
<arg>AI</arg>
<arg>AL</arg>
<arg>AM</arg>
<arg>AO</arg>
<arg>AQ</arg>
<arg>AR</arg>
<arg>AS</arg>
<arg>AT</arg>
<arg>AU</arg>
<arg>AW</arg>
<arg>AX</arg>
<arg>AZ</arg>
<arg>BA</arg>
<arg>BB</arg>
<arg>BD</arg>
<arg>BE</arg>
<arg>BF</arg>
<arg>BG</arg>
<arg>BH</arg>
<arg>BI</arg>
<arg>BJ</arg>
<arg>BL</arg>
<arg>BM</arg>
<arg>BN</arg>
<arg>BO</arg>
<arg>BQ</arg>
<arg>BR</arg>
<arg>BS</arg>
<arg>BT</arg>
<arg>BV</arg>
<arg>BW</arg>
<arg>BY</arg>
<arg>BZ</arg>
<arg>CA</arg>
<arg>CC</arg>
<arg>CD</arg>
<arg>CF</arg>
<arg>CG</arg>
<arg>CH</arg>
<arg>CI</arg>
<arg>CK</arg>
<arg>CL</arg>
<arg>CM</arg>
<arg>CN</arg>
<arg>CO</arg>
<arg>CR</arg>
<arg>CU</arg>
<arg>CV</arg>
<arg>CW</arg>
<arg>CX</arg>
<arg>CY</arg>
<arg>CZ</arg>
<arg>DE</arg>
<arg>DJ</arg>
<arg>DK</arg>
<arg>DM</arg>
<arg>DO</arg>
<arg>DZ</arg>
<arg>EC</arg>
<arg>EE</arg>
<arg>EG</arg>
<arg>EH</arg>
<arg>ER</arg>
<arg>ES</arg>
<arg>ET</arg>
<arg>FI</arg>
<arg>FJ</arg>
<arg>FK</arg>
<arg>FM</arg>
<arg>FO</arg>
<arg>FR</arg>
<arg>GA</arg>
<arg>GB</arg>
<arg>GD</arg>
<arg>GE</arg>
<arg>GF</arg>
<arg>GG</arg>
<arg>GH</arg>
<arg>GI</arg>
<arg>GL</arg>
<arg>GM</arg>
<arg>GN</arg>
<arg>GP</arg>
<arg>GQ</arg>
<arg>GR</arg>
<arg>GS</arg>
<arg>GT</arg>
<arg>GU</arg>
<arg>GW</arg>
<arg>GY</arg>
<arg>HK</arg>
<arg>HM</arg>
<arg>HN</arg>
<arg>HR</arg>
<arg>HT</arg>
<arg>HU</arg>
<arg>ID</arg>
<arg>IE</arg>
<arg>IL</arg>
<arg>IM</arg>
<arg>IN</arg>
<arg>IO</arg>
<arg>IQ</arg>
<arg>IR</arg>
<arg>IS</arg>
<arg>IT</arg>
<arg>JE</arg>
<arg>JM</arg>
<arg>JO</arg>
<arg>JP</arg>
<arg>KE</arg>
<arg>KG</arg>
<arg>KH</arg>
<arg>KI</arg>
<arg>KM</arg>
<arg>KN</arg>
<arg>KP</arg>
<arg>KR</arg>
<arg>KW</arg>
<arg>KY</arg>
<arg>KZ</arg>
<arg>LA</arg>
<arg>LB</arg>
<arg>LC</arg>
<arg>LI</arg>
<arg>LK</arg>
<arg>LR</arg>
<arg>LS</arg>
<arg>LT</arg>
<arg>LU</arg>
<arg>LV</arg>
<arg>LY</arg>
<arg>MA</arg>
<arg>MC</arg>
<arg>MD</arg>
<arg>ME</arg>
<arg>MF</arg>
<arg>MG</arg>
<arg>MH</arg>
<arg>MK</arg>
<arg>ML</arg>
<arg>MM</arg>
<arg>MN</arg>
<arg>MO</arg>
<arg>MP</arg>
<arg>MQ</arg>
<arg>MR</arg>
<arg>MS</arg>
<arg>MT</arg>
<arg>MU</arg>
<arg>MV</arg>
<arg>MW</arg>
<arg>MX</arg>
<arg>MY</arg>
<arg>MZ</arg>
<arg>NA</arg>
<arg>NC</arg>
<arg>NE</arg>
<arg>NF</arg>
<arg>NG</arg>
<arg>NI</arg>
<arg>NL</arg>
<arg>NO</arg>
<arg>NP</arg>
<arg>NR</arg>
<arg>NU</arg>
<arg>NZ</arg>
<arg>OM</arg>
<arg>PA</arg>
<arg>PE</arg>
<arg>PF</arg>
<arg>PG</arg>
<arg>PH</arg>
<arg>PK</arg>
<arg>PL</arg>
<arg>PM</arg>
<arg>PN</arg>
<arg>PR</arg>
<arg>PS</arg>
<arg>PT</arg>
<arg>PW</arg>
<arg>PY</arg>
<arg>QA</arg>
<arg>RE</arg>
<arg>RO</arg>
<arg>RS</arg>
<arg>RU</arg>
<arg>RW</arg>
<arg>SA</arg>
<arg>SB</arg>
<arg>SC</arg>
<arg>SD</arg>
<arg>SE</arg>
<arg>SG</arg>
<arg>SH</arg>
<arg>SI</arg>
<arg>SJ</arg>
<arg>SK</arg>
<arg>SL</arg>
<arg>SM</arg>
<arg>SN</arg>
<arg>SO</arg>
<arg>SR</arg>
<arg>SS</arg>
<arg>ST</arg>
<arg>SV</arg>
<arg>SX</arg>
<arg>SY</arg>
<arg>SZ</arg>
<arg>TC</arg>
<arg>TD</arg>
<arg>TF</arg>
<arg>TG</arg>
<arg>TH</arg>
<arg>TJ</arg>
<arg>TK</arg>
<arg>TL</arg>
<arg>TM</arg>
<arg>TN</arg>
<arg>TO</arg>
<arg>TR</arg>
<arg>TT</arg>
<arg>TV</arg>
<arg>TW</arg>
<arg>TZ</arg>
<arg>UA</arg>
<arg>UG</arg>
<arg>UM</arg>
<arg>US</arg>
<arg>UY</arg>
<arg>UZ</arg>
<arg>VA</arg>
<arg>VC</arg>
<arg>VE</arg>
<arg>VG</arg>
<arg>VI</arg>
<arg>VN</arg>
<arg>VU</arg>
<arg>WF</arg>
<arg>WS</arg>
<arg>XK</arg>
<arg>YE</arg>
<arg>YT</arg>
<arg>ZA</arg>
<arg>ZM</arg>
<arg>ZW</arg>
<doc>Returns a list containing given items.</doc>
<status status="PASS" start="2024-03-23T07:13:24.512135" elapsed="0.000629"/>
</kw>
<kw name="List Should Contain Value" owner="Collections">
<msg time="2024-03-23T07:13:24.513873" level="INFO">False</msg>
<arg>${list_country}</arg>
<arg>${name_country}</arg>
<doc>Fails if the ``value`` is not found from ``list``.</doc>
<status status="PASS" start="2024-03-23T07:13:24.513670" elapsed="0.000252"/>
</kw>
<kw name="Run Keyword If" owner="BuiltIn">
<kw name="Should Be True" owner="BuiltIn">
<arg>${True}</arg>
<doc>Fails if the given condition is not true.</doc>
<status status="PASS" start="2024-03-23T07:13:24.515008" elapsed="0.000149"/>
</kw>
<arg>${json_data["results"][0]["location"]["coordinates"]["latitude"]} &gt;= -90 and ${json_data["results"][0]["location"]["coordinates"]["latitude"]} &lt;= 90</arg>
<arg>Should Be True</arg>
<arg>${True}</arg>
<doc>Runs the given keyword with the given arguments, if ``condition`` is true.</doc>
<status status="PASS" start="2024-03-23T07:13:24.514230" elapsed="0.001054"/>
</kw>
<kw name="Run Keyword If" owner="BuiltIn">
<kw name="Should Be True" owner="BuiltIn">
<arg>${True}</arg>
<doc>Fails if the given condition is not true.</doc>
<status status="PASS" start="2024-03-23T07:13:24.516163" elapsed="0.000139"/>
</kw>
<arg>${json_data["results"][0]["location"]["coordinates"]["longitude"]} &gt;= -180 and ${json_data["results"][0]["location"]["coordinates"]["longitude"]} &lt;= 180</arg>
<arg>Should Be True</arg>
<arg>${True}</arg>
<doc>Runs the given keyword with the given arguments, if ``condition`` is true.</doc>
<status status="PASS" start="2024-03-23T07:13:24.515469" elapsed="0.000957"/>
</kw>
<status status="PASS" start="2024-03-23T07:13:24.424657" elapsed="0.091898"/>
</kw>
<doc>Testa o conteúdo específico dos campos retornados pela API.</doc>
<tag>testeConteudo</tag>
<status status="PASS" start="2024-03-23T07:13:24.424148" elapsed="0.092554"/>
</test>
<status status="PASS" start="2024-03-23T07:13:23.711764" elapsed="0.806858"/>
</suite>
<status status="PASS" start="2024-03-23T07:13:23.698196" elapsed="0.825765"/>
</suite>
<statistics>
<total>
<stat pass="5" fail="0" skip="0">All Tests</stat>
</total>
<tag>
<stat pass="1" fail="0" skip="0">testeConteudo</stat>
<stat pass="1" fail="0" skip="0">testeEstruturaResposta</stat>
<stat pass="1" fail="0" skip="0">testeRequisicaoBasica</stat>
<stat pass="1" fail="0" skip="0">testeTiposDados</stat>
</tag>
<suite>
<stat pass="5" fail="0" skip="0" id="s1" name="Tests">Tests</stat>
<stat pass="5" fail="0" skip="0" id="s1-s1" name="Random-User-Test">Tests.Random-User-Test</stat>
</suite>
</statistics>
<errors>
</errors>
</robot>
