<?xml version="1.0" encoding="UTF-8"?>
<robot generator="Robot 7.0 (Python 3.12.3 on linux)" generated="2024-05-09T03:15:42.899618" rpa="false" schemaversion="5">
<suite id="s1" name="Tests" source="/home/runner/work/DesafioQAItauRogerioJordao/DesafioQAItauRogerioJordao/RamdonUser/tests">
<suite id="s1-s1" name="Random-User-Test" source="/home/runner/work/DesafioQAItauRogerioJordao/DesafioQAItauRogerioJordao/RamdonUser/tests/random-user-test.robot">
<test id="s1-s1-t1" name="Conectar" line="13">
<kw name="Conectar API" owner="random-user-service">
<kw name="Create Session" owner="RequestsLibrary">
<msg time="2024-05-09T03:15:43.251274" level="INFO">Creating Session using : alias=consultarAPI, url=https://randomuser.me/, headers={},                     cookies={}, auth=None, timeout=None, proxies=None, verify=False,                     debug=0 </msg>
<arg>consultarAPI</arg>
<arg>${URL}</arg>
<doc>Create Session: create a HTTP session to a server</doc>
<status status="PASS" start="2024-05-09T03:15:43.251081" elapsed="0.000374"/>
</kw>
<status status="PASS" start="2024-05-09T03:15:43.250169" elapsed="0.001627"/>
</kw>
<status status="PASS" start="2024-05-09T03:15:43.249664" elapsed="0.002321"/>
</test>
<test id="s1-s1-t2" name="Validar retorno 200 e JSON Válido" line="16">
<kw name="Teste de Requisicao Basica" owner="random-user-service">
<kw name="GET On Session" owner="RequestsLibrary">
<msg time="2024-05-09T03:15:43.368817" level="INFO">GET Request : url=https://randomuser.me/api 
 path_url=/api 
 headers={'User-Agent': 'python-requests/2.31.0', 'Accept-Encoding': 'gzip, deflate', 'Accept': '*/*', 'Connection': 'keep-alive'} 
 body=None 
 </msg>
<msg time="2024-05-09T03:15:43.368969" level="INFO">GET Response : url=https://randomuser.me/api 
 status=200, reason=OK 
 headers={'Date': 'Thu, 09 May 2024 03:15:43 GMT', 'Content-Type': 'application/json; charset=utf-8', 'Transfer-Encoding': 'chunked', 'Connection': 'keep-alive', 'X-Powered-By': 'Express', 'Access-Control-Allow-Origin': '*', 'Cache-Control': 'no-cache', 'ETag': 'W/"48b-VMt6M4l/oYvhC05mu7qmvFd8/Og"', 'Vary': 'Accept-Encoding', 'Content-Encoding': 'gzip', 'CF-Cache-Status': 'DYNAMIC', 'Report-To': '{"endpoints":[{"url":"https:\\/\\/a.nel.cloudflare.com\\/report\\/v4?s=OCsxCTEYnDL7k292P0Svpfi9quT%2FHr9JzXB0wP5S1yuVO6aEDC0yQnmfa2nmkdekpm8dvbcvvtymqza5U80IR%2FXfEB8KHn6PyiYO0jv%2Fj62OK6K8LKETloNVw%2F3dDN2m"}],"group":"cf-nel","max_age":604800}', 'NEL': '{"success_fraction":0,"report_to":"cf-nel","max_age":604800}', 'Server': 'cloudflare', 'CF-RAY': '880e86d38bf0cf65-SJC', 'alt-svc': 'h3=":443"; ma=86400'} 
 body={"results":[{"gender":"female","name":{"title":"Ms","first":"Deekshitha","last":"Kouser"},"location":{"street":{"number":8037,"name":"Lindsay St"},"city":"Agartala","state":"Odisha","country":"India","postcode":49683,"coordinates":{"latitude":"10.8888","longitude":"45.7940"},"timezone":{"offset":"-1:00","description":"Azores, Cape Verde Islands"}},"email":"deekshitha.kouser@example.com","login":{"uuid":"27e6c70b-7c2b-4dfc-8725-ecb13e6ce6a2","username":"goldenwolf791","password":"beretta","salt":"XlQZ7WUE","md5":"461a67b2fcfd3af83fcceb66a9f3a2cd","sha1":"33a2d0703783b32c0031acb8b48a14d213af759f","sha256":"0c3bae286c744e210a6eff20cf13dbe24f2860f59f10fffae707e87136fac003"},"dob":{"date":"1984-05-17T18:17:30.512Z","age":39},"registered":{"date":"2003-10-12T09:00:27.829Z","age":20},"phone":"9379461286","cell":"8117050449","id":{"name":"UIDAI","value":"362103814755"},"picture":{"large":"https://randomuser.me/api/portraits/women/22.jpg","medium":"https://randomuser.me/api/portraits/med/women/22.jpg","thumbnail":"https://randomuser.me/api/portraits/thumb/women/22.jpg"},"nat":"IN"}],"info":{"seed":"059d74a72f4a0e34","results":1,"page":1,"version":"1.4"}} 
 </msg>
<msg time="2024-05-09T03:15:43.369058" level="INFO">/opt/hostedtoolcache/Python/3.12.3/x64/lib/python3.12/site-packages/urllib3/connectionpool.py:1103: InsecureRequestWarning: Unverified HTTPS request is being made to host 'randomuser.me'. Adding certificate verification is strongly advised. See: https://urllib3.readthedocs.io/en/latest/advanced-usage.html#tls-warnings
  warnings.warn(</msg>
<msg time="2024-05-09T03:15:43.369201" level="INFO">${response} = &lt;Response [200]&gt;</msg>
<var>${response}</var>
<arg>consultarAPI</arg>
<arg>/api</arg>
<doc>Sends a GET request on a previously created HTTP Session.</doc>
<status status="PASS" start="2024-05-09T03:15:43.254606" elapsed="0.114636"/>
</kw>
<kw name="Should Be Equal As Numbers" owner="BuiltIn">
<msg time="2024-05-09T03:15:43.370437" level="INFO">Argument types are:
&lt;class 'int'&gt;
&lt;class 'str'&gt;</msg>
<arg>${response.status_code}</arg>
<arg>200</arg>
<doc>Fails if objects are unequal after converting them to real numbers.</doc>
<status status="PASS" start="2024-05-09T03:15:43.369904" elapsed="0.000598"/>
</kw>
<kw name="Log" owner="BuiltIn">
<msg time="2024-05-09T03:15:43.371202" level="INFO">200</msg>
<arg>${response.status_code}</arg>
<doc>Logs the given message with the given level.</doc>
<status status="PASS" start="2024-05-09T03:15:43.370849" elapsed="0.000395"/>
</kw>
<kw name="Set Variable" owner="BuiltIn">
<msg time="2024-05-09T03:15:43.371987" level="INFO">${json_data} = {'results': [{'gender': 'female', 'name': {'title': 'Ms', 'first': 'Deekshitha', 'last': 'Kouser'}, 'location': {'street': {'number': 8037, 'name': 'Lindsay St'}, 'city': 'Agartala', 'state': 'Odisha'...</msg>
<var>${json_data}</var>
<arg>${response.json()}</arg>
<doc>Returns the given values which can then be assigned to a variables.</doc>
<status status="PASS" start="2024-05-09T03:15:43.371552" elapsed="0.000464"/>
</kw>
<kw name="Dictionary Should Contain Key" owner="Collections">
<msg time="2024-05-09T03:15:43.372520" level="INFO">False</msg>
<arg>${json_data}</arg>
<arg>results</arg>
<doc>Fails if ``key`` is not found from ``dictionary``.</doc>
<status status="PASS" start="2024-05-09T03:15:43.372316" elapsed="0.000243"/>
</kw>
<status status="PASS" start="2024-05-09T03:15:43.254361" elapsed="0.118467"/>
</kw>
<doc>Testa se a API responde corretamente e retorna um objeto JSON válido.</doc>
<tag>testeRequisicaoBasica</tag>
<status status="PASS" start="2024-05-09T03:15:43.253905" elapsed="0.119111"/>
</test>
<test id="s1-s1-t3" name="Validar estrutura de resposta" line="22">
<kw name="Teste de Estrutura de Resposta" owner="random-user-service">
<kw name="GET On Session" owner="RequestsLibrary">
<msg time="2024-05-09T03:15:43.468724" level="INFO">GET Request : url=https://randomuser.me/api 
 path_url=/api 
 headers={'User-Agent': 'python-requests/2.31.0', 'Accept-Encoding': 'gzip, deflate', 'Accept': '*/*', 'Connection': 'keep-alive'} 
 body=None 
 </msg>
<msg time="2024-05-09T03:15:43.468789" level="INFO">GET Response : url=https://randomuser.me/api 
 status=200, reason=OK 
 headers={'Date': 'Thu, 09 May 2024 03:15:43 GMT', 'Content-Type': 'application/json; charset=utf-8', 'Transfer-Encoding': 'chunked', 'Connection': 'keep-alive', 'X-Powered-By': 'Express', 'Access-Control-Allow-Origin': '*', 'Cache-Control': 'no-cache', 'ETag': 'W/"4b1-kTJO4GoEYqBHAnoJRMgBHwRMwc4"', 'Vary': 'Accept-Encoding', 'Content-Encoding': 'gzip', 'CF-Cache-Status': 'DYNAMIC', 'Report-To': '{"endpoints":[{"url":"https:\\/\\/a.nel.cloudflare.com\\/report\\/v4?s=yZ%2BvLojmsnvuUHTmwxe6jo4tPdbxuXvbbTV%2FF6LFI3y4x8QGUdvSajSfZUg8%2FuwfT1wAC12rQN7sn6HI6e3fdIn9coLmzDI2xVpUhi6k%2BlP3vvertw%2FO2tpvaiJbnG4f"}],"group":"cf-nel","max_age":604800}', 'NEL': '{"success_fraction":0,"report_to":"cf-nel","max_age":604800}', 'Server': 'cloudflare', 'CF-RAY': '880e86d41ccbcf65-SJC', 'alt-svc': 'h3=":443"; ma=86400'} 
 body={"results":[{"gender":"male","name":{"title":"Mr","first":"Konstantinos","last":"Becker"},"location":{"street":{"number":3992,"name":"Schlossstraße"},"city":"Kupferberg","state":"Nordrhein-Westfalen","country":"Germany","postcode":39857,"coordinates":{"latitude":"-50.3191","longitude":"-145.9473"},"timezone":{"offset":"+5:00","description":"Ekaterinburg, Islamabad, Karachi, Tashkent"}},"email":"konstantinos.becker@example.com","login":{"uuid":"90b6d795-246e-4370-8ddd-a04efa4ddc5d","username":"tinysnake662","password":"suan","salt":"isy4oCcp","md5":"a319ef41806a1bfab85bd9f10cc9ea15","sha1":"ea6f547347f3e8ad87fc812f6c39dd4673b0806b","sha256":"20f2f1549d7e33cf0bd09917a82c78908993ed67a95d9d9ea456fbedfd506114"},"dob":{"date":"1944-09-21T05:42:26.738Z","age":79},"registered":{"date":"2007-10-25T17:04:51.617Z","age":16},"phone":"0962-8873824","cell":"0178-3701683","id":{"name":"SVNR","value":"62 210944 B 444"},"picture":{"large":"https://randomuser.me/api/portraits/men/90.jpg","medium":"https://randomuser.me/api/portraits/med/men/90.jpg","thumbnail":"https://randomuser.me/api/portraits/thumb/men/90.jpg"},"nat":"DE"}],"info":{"seed":"cab17eec1a270164","results":1,"page":1,"version":"1.4"}} 
 </msg>
<msg time="2024-05-09T03:15:43.468882" level="INFO">/opt/hostedtoolcache/Python/3.12.3/x64/lib/python3.12/site-packages/urllib3/connectionpool.py:1103: InsecureRequestWarning: Unverified HTTPS request is being made to host 'randomuser.me'. Adding certificate verification is strongly advised. See: https://urllib3.readthedocs.io/en/latest/advanced-usage.html#tls-warnings
  warnings.warn(</msg>
<msg time="2024-05-09T03:15:43.468976" level="INFO">${response} = &lt;Response [200]&gt;</msg>
<var>${response}</var>
<arg>consultarAPI</arg>
<arg>/api</arg>
<doc>Sends a GET request on a previously created HTTP Session.</doc>
<status status="PASS" start="2024-05-09T03:15:43.375712" elapsed="0.093305"/>
</kw>
<kw name="Set Variable" owner="BuiltIn">
<msg time="2024-05-09T03:15:43.470043" level="INFO">${json_data} = {'results': [{'gender': 'male', 'name': {'title': 'Mr', 'first': 'Konstantinos', 'last': 'Becker'}, 'location': {'street': {'number': 3992, 'name': 'Schlossstraße'}, 'city': 'Kupferberg', 'state': 'No...</msg>
<var>${json_data}</var>
<arg>${response.json()}</arg>
<doc>Returns the given values which can then be assigned to a variables.</doc>
<status status="PASS" start="2024-05-09T03:15:43.469469" elapsed="0.000603"/>
</kw>
<kw name="Log" owner="BuiltIn">
<msg time="2024-05-09T03:15:43.470551" level="INFO">{'results': [{'gender': 'male', 'name': {'title': 'Mr', 'first': 'Konstantinos', 'last': 'Becker'}, 'location': {'street': {'number': 3992, 'name': 'Schlossstraße'}, 'city': 'Kupferberg', 'state': 'Nordrhein-Westfalen', 'country': 'Germany', 'postcode': 39857, 'coordinates': {'latitude': '-50.3191', 'longitude': '-145.9473'}, 'timezone': {'offset': '+5:00', 'description': 'Ekaterinburg, Islamabad, Karachi, Tashkent'}}, 'email': 'konstantinos.becker@example.com', 'login': {'uuid': '90b6d795-246e-4370-8ddd-a04efa4ddc5d', 'username': 'tinysnake662', 'password': 'suan', 'salt': 'isy4oCcp', 'md5': 'a319ef41806a1bfab85bd9f10cc9ea15', 'sha1': 'ea6f547347f3e8ad87fc812f6c39dd4673b0806b', 'sha256': '20f2f1549d7e33cf0bd09917a82c78908993ed67a95d9d9ea456fbedfd506114'}, 'dob': {'date': '1944-09-21T05:42:26.738Z', 'age': 79}, 'registered': {'date': '2007-10-25T17:04:51.617Z', 'age': 16}, 'phone': '0962-8873824', 'cell': '0178-3701683', 'id': {'name': 'SVNR', 'value': '62 210944 B 444'}, 'picture': {'large': 'https://randomuser.me/api/portraits/men/90.jpg', 'medium': 'https://randomuser.me/api/portraits/med/men/90.jpg', 'thumbnail': 'https://randomuser.me/api/portraits/thumb/men/90.jpg'}, 'nat': 'DE'}], 'info': {'seed': 'cab17eec1a270164', 'results': 1, 'page': 1, 'version': '1.4'}}</msg>
<arg>${json_data}</arg>
<doc>Logs the given message with the given level.</doc>
<status status="PASS" start="2024-05-09T03:15:43.470377" elapsed="0.000228"/>
</kw>
<kw name="Dictionary Should Contain Key" owner="Collections">
<msg time="2024-05-09T03:15:43.471060" level="INFO">False</msg>
<arg>${json_data}</arg>
<arg>results</arg>
<doc>Fails if ``key`` is not found from ``dictionary``.</doc>
<status status="PASS" start="2024-05-09T03:15:43.470912" elapsed="0.000185"/>
</kw>
<kw name="Should Not Be Empty" owner="BuiltIn">
<msg time="2024-05-09T03:15:43.471558" level="INFO">Length is 2.</msg>
<arg>${json_data}</arg>
<doc>Verifies that the given item is not empty.</doc>
<status status="PASS" start="2024-05-09T03:15:43.471403" elapsed="0.000195"/>
</kw>
<kw name="Create List" owner="BuiltIn">
<msg time="2024-05-09T03:15:43.472165" level="INFO">${expected_keys} = ['gender', 'name', 'location', 'email', 'login']</msg>
<var>${expected_keys}</var>
<arg>gender</arg>
<arg>name</arg>
<arg>location</arg>
<arg>email</arg>
<arg>login</arg>
<doc>Returns a list containing given items.</doc>
<status status="PASS" start="2024-05-09T03:15:43.471885" elapsed="0.000305"/>
</kw>
<for flavor="IN">
<iter>
<kw name="Dictionary Should Contain Key" owner="Collections">
<msg time="2024-05-09T03:15:43.473206" level="INFO">False</msg>
<arg>${json_data['results'][0]}</arg>
<arg>${key}</arg>
<doc>Fails if ``key`` is not found from ``dictionary``.</doc>
<status status="PASS" start="2024-05-09T03:15:43.472810" elapsed="0.000434"/>
</kw>
<kw name="Log" owner="BuiltIn">
<msg time="2024-05-09T03:15:43.473959" level="INFO">{'gender': 'male', 'name': {'title': 'Mr', 'first': 'Konstantinos', 'last': 'Becker'}, 'location': {'street': {'number': 3992, 'name': 'Schlossstraße'}, 'city': 'Kupferberg', 'state': 'Nordrhein-Westfalen', 'country': 'Germany', 'postcode': 39857, 'coordinates': {'latitude': '-50.3191', 'longitude': '-145.9473'}, 'timezone': {'offset': '+5:00', 'description': 'Ekaterinburg, Islamabad, Karachi, Tashkent'}}, 'email': 'konstantinos.becker@example.com', 'login': {'uuid': '90b6d795-246e-4370-8ddd-a04efa4ddc5d', 'username': 'tinysnake662', 'password': 'suan', 'salt': 'isy4oCcp', 'md5': 'a319ef41806a1bfab85bd9f10cc9ea15', 'sha1': 'ea6f547347f3e8ad87fc812f6c39dd4673b0806b', 'sha256': '20f2f1549d7e33cf0bd09917a82c78908993ed67a95d9d9ea456fbedfd506114'}, 'dob': {'date': '1944-09-21T05:42:26.738Z', 'age': 79}, 'registered': {'date': '2007-10-25T17:04:51.617Z', 'age': 16}, 'phone': '0962-8873824', 'cell': '0178-3701683', 'id': {'name': 'SVNR', 'value': '62 210944 B 444'}, 'picture': {'large': 'https://randomuser.me/api/portraits/men/90.jpg', 'medium': 'https://randomuser.me/api/portraits/med/men/90.jpg', 'thumbnail': 'https://randomuser.me/api/portraits/thumb/men/90.jpg'}, 'nat': 'DE'}</msg>
<arg>${json_data['results'][0]}</arg>
<doc>Logs the given message with the given level.</doc>
<status status="PASS" start="2024-05-09T03:15:43.473550" elapsed="0.000459"/>
</kw>
<kw name="Log" owner="BuiltIn">
<msg time="2024-05-09T03:15:43.474475" level="INFO">gender</msg>
<arg>${key}</arg>
<doc>Logs the given message with the given level.</doc>
<status status="PASS" start="2024-05-09T03:15:43.474345" elapsed="0.000167"/>
</kw>
<var name="${key}">gender</var>
<status status="PASS" start="2024-05-09T03:15:43.472683" elapsed="0.002042"/>
</iter>
<iter>
<kw name="Dictionary Should Contain Key" owner="Collections">
<msg time="2024-05-09T03:15:43.475408" level="INFO">False</msg>
<arg>${json_data['results'][0]}</arg>
<arg>${key}</arg>
<doc>Fails if ``key`` is not found from ``dictionary``.</doc>
<status status="PASS" start="2024-05-09T03:15:43.475025" elapsed="0.000449"/>
</kw>
<kw name="Log" owner="BuiltIn">
<msg time="2024-05-09T03:15:43.476125" level="INFO">{'gender': 'male', 'name': {'title': 'Mr', 'first': 'Konstantinos', 'last': 'Becker'}, 'location': {'street': {'number': 3992, 'name': 'Schlossstraße'}, 'city': 'Kupferberg', 'state': 'Nordrhein-Westfalen', 'country': 'Germany', 'postcode': 39857, 'coordinates': {'latitude': '-50.3191', 'longitude': '-145.9473'}, 'timezone': {'offset': '+5:00', 'description': 'Ekaterinburg, Islamabad, Karachi, Tashkent'}}, 'email': 'konstantinos.becker@example.com', 'login': {'uuid': '90b6d795-246e-4370-8ddd-a04efa4ddc5d', 'username': 'tinysnake662', 'password': 'suan', 'salt': 'isy4oCcp', 'md5': 'a319ef41806a1bfab85bd9f10cc9ea15', 'sha1': 'ea6f547347f3e8ad87fc812f6c39dd4673b0806b', 'sha256': '20f2f1549d7e33cf0bd09917a82c78908993ed67a95d9d9ea456fbedfd506114'}, 'dob': {'date': '1944-09-21T05:42:26.738Z', 'age': 79}, 'registered': {'date': '2007-10-25T17:04:51.617Z', 'age': 16}, 'phone': '0962-8873824', 'cell': '0178-3701683', 'id': {'name': 'SVNR', 'value': '62 210944 B 444'}, 'picture': {'large': 'https://randomuser.me/api/portraits/men/90.jpg', 'medium': 'https://randomuser.me/api/portraits/med/men/90.jpg', 'thumbnail': 'https://randomuser.me/api/portraits/thumb/men/90.jpg'}, 'nat': 'DE'}</msg>
<arg>${json_data['results'][0]}</arg>
<doc>Logs the given message with the given level.</doc>
<status status="PASS" start="2024-05-09T03:15:43.475769" elapsed="0.000405"/>
</kw>
<kw name="Log" owner="BuiltIn">
<msg time="2024-05-09T03:15:43.476618" level="INFO">name</msg>
<arg>${key}</arg>
<doc>Logs the given message with the given level.</doc>
<status status="PASS" start="2024-05-09T03:15:43.476491" elapsed="0.000163"/>
</kw>
<var name="${key}">name</var>
<status status="PASS" start="2024-05-09T03:15:43.474911" elapsed="0.001954"/>
</iter>
<iter>
<kw name="Dictionary Should Contain Key" owner="Collections">
<msg time="2024-05-09T03:15:43.477535" level="INFO">False</msg>
<arg>${json_data['results'][0]}</arg>
<arg>${key}</arg>
<doc>Fails if ``key`` is not found from ``dictionary``.</doc>
<status status="PASS" start="2024-05-09T03:15:43.477153" elapsed="0.000418"/>
</kw>
<kw name="Log" owner="BuiltIn">
<msg time="2024-05-09T03:15:43.478221" level="INFO">{'gender': 'male', 'name': {'title': 'Mr', 'first': 'Konstantinos', 'last': 'Becker'}, 'location': {'street': {'number': 3992, 'name': 'Schlossstraße'}, 'city': 'Kupferberg', 'state': 'Nordrhein-Westfalen', 'country': 'Germany', 'postcode': 39857, 'coordinates': {'latitude': '-50.3191', 'longitude': '-145.9473'}, 'timezone': {'offset': '+5:00', 'description': 'Ekaterinburg, Islamabad, Karachi, Tashkent'}}, 'email': 'konstantinos.becker@example.com', 'login': {'uuid': '90b6d795-246e-4370-8ddd-a04efa4ddc5d', 'username': 'tinysnake662', 'password': 'suan', 'salt': 'isy4oCcp', 'md5': 'a319ef41806a1bfab85bd9f10cc9ea15', 'sha1': 'ea6f547347f3e8ad87fc812f6c39dd4673b0806b', 'sha256': '20f2f1549d7e33cf0bd09917a82c78908993ed67a95d9d9ea456fbedfd506114'}, 'dob': {'date': '1944-09-21T05:42:26.738Z', 'age': 79}, 'registered': {'date': '2007-10-25T17:04:51.617Z', 'age': 16}, 'phone': '0962-8873824', 'cell': '0178-3701683', 'id': {'name': 'SVNR', 'value': '62 210944 B 444'}, 'picture': {'large': 'https://randomuser.me/api/portraits/men/90.jpg', 'medium': 'https://randomuser.me/api/portraits/med/men/90.jpg', 'thumbnail': 'https://randomuser.me/api/portraits/thumb/men/90.jpg'}, 'nat': 'DE'}</msg>
<arg>${json_data['results'][0]}</arg>
<doc>Logs the given message with the given level.</doc>
<status status="PASS" start="2024-05-09T03:15:43.477866" elapsed="0.000403"/>
</kw>
<kw name="Log" owner="BuiltIn">
<msg time="2024-05-09T03:15:43.478679" level="INFO">location</msg>
<arg>${key}</arg>
<doc>Logs the given message with the given level.</doc>
<status status="PASS" start="2024-05-09T03:15:43.478556" elapsed="0.000159"/>
</kw>
<var name="${key}">location</var>
<status status="PASS" start="2024-05-09T03:15:43.477041" elapsed="0.001884"/>
</iter>
<iter>
<kw name="Dictionary Should Contain Key" owner="Collections">
<msg time="2024-05-09T03:15:43.479577" level="INFO">False</msg>
<arg>${json_data['results'][0]}</arg>
<arg>${key}</arg>
<doc>Fails if ``key`` is not found from ``dictionary``.</doc>
<status status="PASS" start="2024-05-09T03:15:43.479203" elapsed="0.000410"/>
</kw>
<kw name="Log" owner="BuiltIn">
<msg time="2024-05-09T03:15:43.480297" level="INFO">{'gender': 'male', 'name': {'title': 'Mr', 'first': 'Konstantinos', 'last': 'Becker'}, 'location': {'street': {'number': 3992, 'name': 'Schlossstraße'}, 'city': 'Kupferberg', 'state': 'Nordrhein-Westfalen', 'country': 'Germany', 'postcode': 39857, 'coordinates': {'latitude': '-50.3191', 'longitude': '-145.9473'}, 'timezone': {'offset': '+5:00', 'description': 'Ekaterinburg, Islamabad, Karachi, Tashkent'}}, 'email': 'konstantinos.becker@example.com', 'login': {'uuid': '90b6d795-246e-4370-8ddd-a04efa4ddc5d', 'username': 'tinysnake662', 'password': 'suan', 'salt': 'isy4oCcp', 'md5': 'a319ef41806a1bfab85bd9f10cc9ea15', 'sha1': 'ea6f547347f3e8ad87fc812f6c39dd4673b0806b', 'sha256': '20f2f1549d7e33cf0bd09917a82c78908993ed67a95d9d9ea456fbedfd506114'}, 'dob': {'date': '1944-09-21T05:42:26.738Z', 'age': 79}, 'registered': {'date': '2007-10-25T17:04:51.617Z', 'age': 16}, 'phone': '0962-8873824', 'cell': '0178-3701683', 'id': {'name': 'SVNR', 'value': '62 210944 B 444'}, 'picture': {'large': 'https://randomuser.me/api/portraits/men/90.jpg', 'medium': 'https://randomuser.me/api/portraits/med/men/90.jpg', 'thumbnail': 'https://randomuser.me/api/portraits/thumb/men/90.jpg'}, 'nat': 'DE'}</msg>
<arg>${json_data['results'][0]}</arg>
<doc>Logs the given message with the given level.</doc>
<status status="PASS" start="2024-05-09T03:15:43.479906" elapsed="0.000478"/>
</kw>
<kw name="Log" owner="BuiltIn">
<msg time="2024-05-09T03:15:43.480811" level="INFO">email</msg>
<arg>${key}</arg>
<doc>Logs the given message with the given level.</doc>
<status status="PASS" start="2024-05-09T03:15:43.480685" elapsed="0.000163"/>
</kw>
<var name="${key}">email</var>
<status status="PASS" start="2024-05-09T03:15:43.479094" elapsed="0.001976"/>
</iter>
<iter>
<kw name="Dictionary Should Contain Key" owner="Collections">
<msg time="2024-05-09T03:15:43.481733" level="INFO">False</msg>
<arg>${json_data['results'][0]}</arg>
<arg>${key}</arg>
<doc>Fails if ``key`` is not found from ``dictionary``.</doc>
<status status="PASS" start="2024-05-09T03:15:43.481353" elapsed="0.000416"/>
</kw>
<kw name="Log" owner="BuiltIn">
<msg time="2024-05-09T03:15:43.482461" level="INFO">{'gender': 'male', 'name': {'title': 'Mr', 'first': 'Konstantinos', 'last': 'Becker'}, 'location': {'street': {'number': 3992, 'name': 'Schlossstraße'}, 'city': 'Kupferberg', 'state': 'Nordrhein-Westfalen', 'country': 'Germany', 'postcode': 39857, 'coordinates': {'latitude': '-50.3191', 'longitude': '-145.9473'}, 'timezone': {'offset': '+5:00', 'description': 'Ekaterinburg, Islamabad, Karachi, Tashkent'}}, 'email': 'konstantinos.becker@example.com', 'login': {'uuid': '90b6d795-246e-4370-8ddd-a04efa4ddc5d', 'username': 'tinysnake662', 'password': 'suan', 'salt': 'isy4oCcp', 'md5': 'a319ef41806a1bfab85bd9f10cc9ea15', 'sha1': 'ea6f547347f3e8ad87fc812f6c39dd4673b0806b', 'sha256': '20f2f1549d7e33cf0bd09917a82c78908993ed67a95d9d9ea456fbedfd506114'}, 'dob': {'date': '1944-09-21T05:42:26.738Z', 'age': 79}, 'registered': {'date': '2007-10-25T17:04:51.617Z', 'age': 16}, 'phone': '0962-8873824', 'cell': '0178-3701683', 'id': {'name': 'SVNR', 'value': '62 210944 B 444'}, 'picture': {'large': 'https://randomuser.me/api/portraits/men/90.jpg', 'medium': 'https://randomuser.me/api/portraits/med/men/90.jpg', 'thumbnail': 'https://randomuser.me/api/portraits/thumb/men/90.jpg'}, 'nat': 'DE'}</msg>
<arg>${json_data['results'][0]}</arg>
<doc>Logs the given message with the given level.</doc>
<status status="PASS" start="2024-05-09T03:15:43.482064" elapsed="0.000451"/>
</kw>
<kw name="Log" owner="BuiltIn">
<msg time="2024-05-09T03:15:43.482986" level="INFO">login</msg>
<arg>${key}</arg>
<doc>Logs the given message with the given level.</doc>
<status status="PASS" start="2024-05-09T03:15:43.482857" elapsed="0.000167"/>
</kw>
<var name="${key}">login</var>
<status status="PASS" start="2024-05-09T03:15:43.481241" elapsed="0.001995"/>
</iter>
<var>${key}</var>
<value>@{expected_keys}</value>
<status status="PASS" start="2024-05-09T03:15:43.472491" elapsed="0.010867"/>
</for>
<kw name="Create List" owner="BuiltIn">
<msg time="2024-05-09T03:15:43.483681" level="INFO">${expected_keysTwo} = ['username', 'password']</msg>
<var>${expected_keysTwo}</var>
<arg>username</arg>
<arg>password</arg>
<doc>Returns a list containing given items.</doc>
<status status="PASS" start="2024-05-09T03:15:43.483547" elapsed="0.000158"/>
</kw>
<for flavor="IN">
<iter>
<kw name="Dictionary Should Contain Key" owner="Collections">
<msg time="2024-05-09T03:15:43.484634" level="INFO">False</msg>
<arg>${json_data['results'][0]['login']}</arg>
<arg>${keyTwo}</arg>
<doc>Fails if ``key`` is not found from ``dictionary``.</doc>
<status status="PASS" start="2024-05-09T03:15:43.484200" elapsed="0.000471"/>
</kw>
<kw name="Dictionary Should Contain Key" owner="Collections">
<msg time="2024-05-09T03:15:43.485337" level="INFO">False</msg>
<arg>${json_data['results'][0]['login']}</arg>
<arg>${keyTwo}</arg>
<doc>Fails if ``key`` is not found from ``dictionary``.</doc>
<status status="PASS" start="2024-05-09T03:15:43.484965" elapsed="0.000409"/>
</kw>
<kw name="Log" owner="BuiltIn">
<msg time="2024-05-09T03:15:43.485790" level="INFO">username</msg>
<arg>${keyTwo}</arg>
<doc>Logs the given message with the given level.</doc>
<status status="PASS" start="2024-05-09T03:15:43.485667" elapsed="0.000165"/>
</kw>
<var name="${keyTwo}">username</var>
<status status="PASS" start="2024-05-09T03:15:43.484090" elapsed="0.001952"/>
</iter>
<iter>
<kw name="Dictionary Should Contain Key" owner="Collections">
<msg time="2024-05-09T03:15:43.486692" level="INFO">False</msg>
<arg>${json_data['results'][0]['login']}</arg>
<arg>${keyTwo}</arg>
<doc>Fails if ``key`` is not found from ``dictionary``.</doc>
<status status="PASS" start="2024-05-09T03:15:43.486316" elapsed="0.000413"/>
</kw>
<kw name="Dictionary Should Contain Key" owner="Collections">
<msg time="2024-05-09T03:15:43.487472" level="INFO">False</msg>
<arg>${json_data['results'][0]['login']}</arg>
<arg>${keyTwo}</arg>
<doc>Fails if ``key`` is not found from ``dictionary``.</doc>
<status status="PASS" start="2024-05-09T03:15:43.487016" elapsed="0.000494"/>
</kw>
<kw name="Log" owner="BuiltIn">
<msg time="2024-05-09T03:15:43.487923" level="INFO">password</msg>
<arg>${keyTwo}</arg>
<doc>Logs the given message with the given level.</doc>
<status status="PASS" start="2024-05-09T03:15:43.487798" elapsed="0.000161"/>
</kw>
<var name="${keyTwo}">password</var>
<status status="PASS" start="2024-05-09T03:15:43.486208" elapsed="0.001960"/>
</iter>
<var>${keyTwo}</var>
<value>@{expected_keysTwo}</value>
<status status="PASS" start="2024-05-09T03:15:43.483934" elapsed="0.004355"/>
</for>
<status status="PASS" start="2024-05-09T03:15:43.375475" elapsed="0.112994"/>
</kw>
<doc>Testa a estrutura da resposta da API.</doc>
<tag>testeEstruturaResposta</tag>
<status status="PASS" start="2024-05-09T03:15:43.374850" elapsed="0.113768"/>
</test>
<test id="s1-s1-t4" name="Validar tipos de dados" line="28">
<kw name="Teste de Tipos de Dados" owner="random-user-service">
<kw name="GET On Session" owner="RequestsLibrary">
<msg time="2024-05-09T03:15:43.575858" level="INFO">GET Request : url=https://randomuser.me/api 
 path_url=/api 
 headers={'User-Agent': 'python-requests/2.31.0', 'Accept-Encoding': 'gzip, deflate', 'Accept': '*/*', 'Connection': 'keep-alive'} 
 body=None 
 </msg>
<msg time="2024-05-09T03:15:43.575959" level="INFO">GET Response : url=https://randomuser.me/api 
 status=200, reason=OK 
 headers={'Date': 'Thu, 09 May 2024 03:15:43 GMT', 'Content-Type': 'application/json; charset=utf-8', 'Transfer-Encoding': 'chunked', 'Connection': 'keep-alive', 'X-Powered-By': 'Express', 'Access-Control-Allow-Origin': '*', 'Cache-Control': 'no-cache', 'ETag': 'W/"482-eBrKu70bvGr4HwhzhLNRQEcEYUw"', 'Vary': 'Accept-Encoding', 'Content-Encoding': 'gzip', 'CF-Cache-Status': 'DYNAMIC', 'Report-To': '{"endpoints":[{"url":"https:\\/\\/a.nel.cloudflare.com\\/report\\/v4?s=z3BqXcPrvQTNIIdcP7tjLFjhyW1%2BDi6zREMgHDwkGQ3C%2BMBG4M1EnlfZxFnb0zZvz6%2BnRvqI%2BXPh%2Fjd%2BANMI78QwJHfjlcijc03xjwbhrWl8oBkEdOXL4koxkNadLcY9"}],"group":"cf-nel","max_age":604800}', 'NEL': '{"success_fraction":0,"report_to":"cf-nel","max_age":604800}', 'Server': 'cloudflare', 'CF-RAY': '880e86d4ddaccf65-SJC', 'alt-svc': 'h3=":443"; ma=86400'} 
 body={"results":[{"gender":"female","name":{"title":"Miss","first":"Iva","last":"Kojić"},"location":{"street":{"number":9232,"name":"Marte Malagurski"},"city":"Novi Pazar","state":"Toplica","country":"Serbia","postcode":42234,"coordinates":{"latitude":"61.1663","longitude":"152.5842"},"timezone":{"offset":"-1:00","description":"Azores, Cape Verde Islands"}},"email":"iva.kojic@example.com","login":{"uuid":"4516e78e-5f7c-404c-bbaa-52dd1309dbb3","username":"redfrog259","password":"nintendo","salt":"8DXcpYRT","md5":"0e2110dc4ad29dab90b451a1c6b6ab67","sha1":"bef98989557b653516456b4ebcaec9cf9a5623ca","sha256":"ecbccf86b3ae5020e5d72582ae490683e13e6c0aa40f0b9e32a079bb310371fa"},"dob":{"date":"1993-09-12T04:52:17.246Z","age":30},"registered":{"date":"2019-01-11T08:19:15.314Z","age":5},"phone":"010-6867-226","cell":"066-0424-241","id":{"name":"SID","value":"097245852"},"picture":{"large":"https://randomuser.me/api/portraits/women/7.jpg","medium":"https://randomuser.me/api/portraits/med/women/7.jpg","thumbnail":"https://randomuser.me/api/portraits/thumb/women/7.jpg"},"nat":"RS"}],"info":{"seed":"f4a62eca5b167428","results":1,"page":1,"version":"1.4"}} 
 </msg>
<msg time="2024-05-09T03:15:43.576031" level="INFO">/opt/hostedtoolcache/Python/3.12.3/x64/lib/python3.12/site-packages/urllib3/connectionpool.py:1103: InsecureRequestWarning: Unverified HTTPS request is being made to host 'randomuser.me'. Adding certificate verification is strongly advised. See: https://urllib3.readthedocs.io/en/latest/advanced-usage.html#tls-warnings
  warnings.warn(</msg>
<msg time="2024-05-09T03:15:43.576150" level="INFO">${response} = &lt;Response [200]&gt;</msg>
<var>${response}</var>
<arg>consultarAPI</arg>
<arg>/api</arg>
<doc>Sends a GET request on a previously created HTTP Session.</doc>
<status status="PASS" start="2024-05-09T03:15:43.491061" elapsed="0.085130"/>
</kw>
<kw name="Set Variable" owner="BuiltIn">
<msg time="2024-05-09T03:15:43.577280" level="INFO">${json_data} = {'results': [{'gender': 'female', 'name': {'title': 'Miss', 'first': 'Iva', 'last': 'Kojić'}, 'location': {'street': {'number': 9232, 'name': 'Marte Malagurski'}, 'city': 'Novi Pazar', 'state': 'Topli...</msg>
<var>${json_data}</var>
<arg>${response.json()}</arg>
<doc>Returns the given values which can then be assigned to a variables.</doc>
<status status="PASS" start="2024-05-09T03:15:43.576745" elapsed="0.000566"/>
</kw>
<kw name="Log" owner="BuiltIn">
<msg time="2024-05-09T03:15:43.577777" level="INFO">{'results': [{'gender': 'female', 'name': {'title': 'Miss', 'first': 'Iva', 'last': 'Kojić'}, 'location': {'street': {'number': 9232, 'name': 'Marte Malagurski'}, 'city': 'Novi Pazar', 'state': 'Toplica', 'country': 'Serbia', 'postcode': 42234, 'coordinates': {'latitude': '61.1663', 'longitude': '152.5842'}, 'timezone': {'offset': '-1:00', 'description': 'Azores, Cape Verde Islands'}}, 'email': 'iva.kojic@example.com', 'login': {'uuid': '4516e78e-5f7c-404c-bbaa-52dd1309dbb3', 'username': 'redfrog259', 'password': 'nintendo', 'salt': '8DXcpYRT', 'md5': '0e2110dc4ad29dab90b451a1c6b6ab67', 'sha1': 'bef98989557b653516456b4ebcaec9cf9a5623ca', 'sha256': 'ecbccf86b3ae5020e5d72582ae490683e13e6c0aa40f0b9e32a079bb310371fa'}, 'dob': {'date': '1993-09-12T04:52:17.246Z', 'age': 30}, 'registered': {'date': '2019-01-11T08:19:15.314Z', 'age': 5}, 'phone': '010-6867-226', 'cell': '066-0424-241', 'id': {'name': 'SID', 'value': '097245852'}, 'picture': {'large': 'https://randomuser.me/api/portraits/women/7.jpg', 'medium': 'https://randomuser.me/api/portraits/med/women/7.jpg', 'thumbnail': 'https://randomuser.me/api/portraits/thumb/women/7.jpg'}, 'nat': 'RS'}], 'info': {'seed': 'f4a62eca5b167428', 'results': 1, 'page': 1, 'version': '1.4'}}</msg>
<arg>${json_data}</arg>
<doc>Logs the given message with the given level.</doc>
<status status="PASS" start="2024-05-09T03:15:43.577620" elapsed="0.000248"/>
</kw>
<kw name="Should Be String" owner="String">
<arg>${json_data['results'][0]['gender']}</arg>
<doc>Fails if the given ``item`` is not a string.</doc>
<status status="PASS" start="2024-05-09T03:15:43.578175" elapsed="0.000363"/>
</kw>
<kw name="Should Match Regexp" owner="BuiltIn">
<arg>${json_data['results'][0]['email']}</arg>
<arg>^[a-zA-Z0-9._%+-]+@[a-zA-Z0-9.-]+\.[a-zA-Z]{2,}$</arg>
<doc>Fails if ``string`` does not match ``pattern`` as a regular expression.</doc>
<status status="PASS" start="2024-05-09T03:15:43.578729" elapsed="0.000512"/>
</kw>
<kw name="Should Match Regexp" owner="BuiltIn">
<arg>${json_data['results'][0]['dob']['date']}</arg>
<arg>\\d{4}-\\d{2}-\\d{2}T\\d{2}:\\d{2}:\\d{2}\\.\\d{3}Z</arg>
<doc>Fails if ``string`` does not match ``pattern`` as a regular expression.</doc>
<status status="PASS" start="2024-05-09T03:15:43.579433" elapsed="0.000489"/>
</kw>
<kw name="Should Match Regexp" owner="BuiltIn">
<arg>${json_data['results'][0]['registered']['date']}</arg>
<arg>\\d{4}-\\d{2}-\\d{2}T\\d{2}:\\d{2}:\\d{2}\\.\\d{3}Z</arg>
<doc>Fails if ``string`` does not match ``pattern`` as a regular expression.</doc>
<status status="PASS" start="2024-05-09T03:15:43.580113" elapsed="0.000396"/>
</kw>
<kw name="Should Match Regexp" owner="BuiltIn">
<arg>${json_data['results'][0]['picture']['large']}</arg>
<arg>^https?://.*\.(?:png|jpe?g|gif|bmp)$</arg>
<doc>Fails if ``string`` does not match ``pattern`` as a regular expression.</doc>
<status status="PASS" start="2024-05-09T03:15:43.580693" elapsed="0.000494"/>
</kw>
<kw name="Should Match Regexp" owner="BuiltIn">
<arg>${json_data['results'][0]['picture']['medium']}</arg>
<arg>^https?://.*\.(?:png|jpe?g|gif|bmp)$</arg>
<doc>Fails if ``string`` does not match ``pattern`` as a regular expression.</doc>
<status status="PASS" start="2024-05-09T03:15:43.581381" elapsed="0.000361"/>
</kw>
<kw name="Should Match Regexp" owner="BuiltIn">
<arg>${json_data['results'][0]['picture']['thumbnail']}</arg>
<arg>^https?://.*\.(?:png|jpe?g|gif|bmp)$</arg>
<doc>Fails if ``string`` does not match ``pattern`` as a regular expression.</doc>
<status status="PASS" start="2024-05-09T03:15:43.581933" elapsed="0.000350"/>
</kw>
<kw name="Log" owner="BuiltIn">
<msg time="2024-05-09T03:15:43.582779" level="INFO">{'large': 'https://randomuser.me/api/portraits/women/7.jpg', 'medium': 'https://randomuser.me/api/portraits/med/women/7.jpg', 'thumbnail': 'https://randomuser.me/api/portraits/thumb/women/7.jpg'}</msg>
<arg>${json_data['results'][0]['picture']}</arg>
<doc>Logs the given message with the given level.</doc>
<status status="PASS" start="2024-05-09T03:15:43.582460" elapsed="0.000359"/>
</kw>
<status status="PASS" start="2024-05-09T03:15:43.490838" elapsed="0.092234"/>
</kw>
<kw name="Teste de Tipos de Dados - Postcode" owner="random-user-service">
<kw name="GET On Session" owner="RequestsLibrary">
<msg time="2024-05-09T03:15:43.682987" level="INFO">GET Request : url=https://randomuser.me/api 
 path_url=/api 
 headers={'User-Agent': 'python-requests/2.31.0', 'Accept-Encoding': 'gzip, deflate', 'Accept': '*/*', 'Connection': 'keep-alive'} 
 body=None 
 </msg>
<msg time="2024-05-09T03:15:43.683097" level="INFO">GET Response : url=https://randomuser.me/api 
 status=200, reason=OK 
 headers={'Date': 'Thu, 09 May 2024 03:15:43 GMT', 'Content-Type': 'application/json; charset=utf-8', 'Transfer-Encoding': 'chunked', 'Connection': 'keep-alive', 'X-Powered-By': 'Express', 'Access-Control-Allow-Origin': '*', 'Cache-Control': 'no-cache', 'ETag': 'W/"477-2DKoyIL+IxM8W+WNGiaLC9NiAss"', 'Vary': 'Accept-Encoding', 'Content-Encoding': 'gzip', 'CF-Cache-Status': 'DYNAMIC', 'Report-To': '{"endpoints":[{"url":"https:\\/\\/a.nel.cloudflare.com\\/report\\/v4?s=Smw0C4hVy%2B3QY5twOq6RAj%2F96zpSxjlKO5hmNKRplJY9tAOu0vDK4FcjmWxGarxTvnEkS3L%2BuNTEPkMroBL%2F37H%2BSSf7UAsebVX5t2vpsn1zJg%2B2jydHI8TsEQuxAaDc"}],"group":"cf-nel","max_age":604800}', 'NEL': '{"success_fraction":0,"report_to":"cf-nel","max_age":604800}', 'Server': 'cloudflare', 'CF-RAY': '880e86d56e3dcf65-SJC', 'alt-svc': 'h3=":443"; ma=86400'} 
 body={"results":[{"gender":"male","name":{"title":"Mr","first":"Jon","last":"Vargas"},"location":{"street":{"number":2358,"name":"Plum St"},"city":"Murrieta","state":"Hawaii","country":"United States","postcode":24787,"coordinates":{"latitude":"84.0980","longitude":"-103.8930"},"timezone":{"offset":"-12:00","description":"Eniwetok, Kwajalein"}},"email":"jon.vargas@example.com","login":{"uuid":"8e039932-30a7-44ee-8957-d86118ed10b4","username":"greenladybug852","password":"ming","salt":"ocOCq55q","md5":"f7add681496eaf1a951372dd5d4a8469","sha1":"218384d5c3853e23cc0be5f0138cdeff89c0384b","sha256":"cf9a5ec3df6419225ceec066de73e7094dd45130e1181f3079d7e52ec8d94c3a"},"dob":{"date":"1975-10-22T13:36:03.032Z","age":48},"registered":{"date":"2010-12-21T17:05:04.744Z","age":13},"phone":"(258) 800-6239","cell":"(781) 483-9124","id":{"name":"SSN","value":"648-85-6606"},"picture":{"large":"https://randomuser.me/api/portraits/men/9.jpg","medium":"https://randomuser.me/api/portraits/med/men/9.jpg","thumbnail":"https://randomuser.me/api/portraits/thumb/men/9.jpg"},"nat":"US"}],"info":{"seed":"704c11701a6f50a4","results":1,"page":1,"version":"1.4"}} 
 </msg>
<msg time="2024-05-09T03:15:43.683169" level="INFO">/opt/hostedtoolcache/Python/3.12.3/x64/lib/python3.12/site-packages/urllib3/connectionpool.py:1103: InsecureRequestWarning: Unverified HTTPS request is being made to host 'randomuser.me'. Adding certificate verification is strongly advised. See: https://urllib3.readthedocs.io/en/latest/advanced-usage.html#tls-warnings
  warnings.warn(</msg>
<msg time="2024-05-09T03:15:43.683296" level="INFO">${response} = &lt;Response [200]&gt;</msg>
<var>${response}</var>
<arg>consultarAPI</arg>
<arg>/api</arg>
<doc>Sends a GET request on a previously created HTTP Session.</doc>
<status status="PASS" start="2024-05-09T03:15:43.583547" elapsed="0.099788"/>
</kw>
<kw name="Set Variable" owner="BuiltIn">
<msg time="2024-05-09T03:15:43.684400" level="INFO">${json_data} = {'results': [{'gender': 'male', 'name': {'title': 'Mr', 'first': 'Jon', 'last': 'Vargas'}, 'location': {'street': {'number': 2358, 'name': 'Plum St'}, 'city': 'Murrieta', 'state': 'Hawaii', 'country':...</msg>
<var>${json_data}</var>
<arg>${response.json()}</arg>
<doc>Returns the given values which can then be assigned to a variables.</doc>
<status status="PASS" start="2024-05-09T03:15:43.683843" elapsed="0.000593"/>
</kw>
<kw name="Log" owner="BuiltIn">
<msg time="2024-05-09T03:15:43.684894" level="INFO">{'results': [{'gender': 'male', 'name': {'title': 'Mr', 'first': 'Jon', 'last': 'Vargas'}, 'location': {'street': {'number': 2358, 'name': 'Plum St'}, 'city': 'Murrieta', 'state': 'Hawaii', 'country': 'United States', 'postcode': 24787, 'coordinates': {'latitude': '84.0980', 'longitude': '-103.8930'}, 'timezone': {'offset': '-12:00', 'description': 'Eniwetok, Kwajalein'}}, 'email': 'jon.vargas@example.com', 'login': {'uuid': '8e039932-30a7-44ee-8957-d86118ed10b4', 'username': 'greenladybug852', 'password': 'ming', 'salt': 'ocOCq55q', 'md5': 'f7add681496eaf1a951372dd5d4a8469', 'sha1': '218384d5c3853e23cc0be5f0138cdeff89c0384b', 'sha256': 'cf9a5ec3df6419225ceec066de73e7094dd45130e1181f3079d7e52ec8d94c3a'}, 'dob': {'date': '1975-10-22T13:36:03.032Z', 'age': 48}, 'registered': {'date': '2010-12-21T17:05:04.744Z', 'age': 13}, 'phone': '(258) 800-6239', 'cell': '(781) 483-9124', 'id': {'name': 'SSN', 'value': '648-85-6606'}, 'picture': {'large': 'https://randomuser.me/api/portraits/men/9.jpg', 'medium': 'https://randomuser.me/api/portraits/med/men/9.jpg', 'thumbnail': 'https://randomuser.me/api/portraits/thumb/men/9.jpg'}, 'nat': 'US'}], 'info': {'seed': '704c11701a6f50a4', 'results': 1, 'page': 1, 'version': '1.4'}}</msg>
<arg>${json_data}</arg>
<doc>Logs the given message with the given level.</doc>
<status status="PASS" start="2024-05-09T03:15:43.684740" elapsed="0.000236"/>
</kw>
<kw name="Should Be Equal As Numbers" owner="BuiltIn">
<arg>${json_data['results'][0]['location']['postcode']}</arg>
<arg>${json_data['results'][0]['location']['postcode']}</arg>
<doc>Fails if objects are unequal after converting them to real numbers.</doc>
<status status="PASS" start="2024-05-09T03:15:43.685272" elapsed="0.000787"/>
</kw>
<kw name="Log" owner="BuiltIn">
<msg time="2024-05-09T03:15:43.686584" level="INFO">24787</msg>
<arg>${json_data['results'][0]['location']['postcode']}</arg>
<doc>Logs the given message with the given level.</doc>
<status status="PASS" start="2024-05-09T03:15:43.686253" elapsed="0.000371"/>
</kw>
<status status="PASS" start="2024-05-09T03:15:43.583313" elapsed="0.103561"/>
</kw>
<doc>Testa se os tipos de dados na resposta da API estão corretos.</doc>
<tag>testeTiposDados</tag>
<status status="PASS" start="2024-05-09T03:15:43.490326" elapsed="0.196712"/>
</test>
<test id="s1-s1-t5" name="Validar conteudo" line="35">
<kw name="Teste de Tipos de Conteudo" owner="random-user-service">
<kw name="GET On Session" owner="RequestsLibrary">
<msg time="2024-05-09T03:15:43.782024" level="INFO">GET Request : url=https://randomuser.me/api 
 path_url=/api 
 headers={'User-Agent': 'python-requests/2.31.0', 'Accept-Encoding': 'gzip, deflate', 'Accept': '*/*', 'Connection': 'keep-alive'} 
 body=None 
 </msg>
<msg time="2024-05-09T03:15:43.782104" level="INFO">GET Response : url=https://randomuser.me/api 
 status=200, reason=OK 
 headers={'Date': 'Thu, 09 May 2024 03:15:43 GMT', 'Content-Type': 'application/json; charset=utf-8', 'Transfer-Encoding': 'chunked', 'Connection': 'keep-alive', 'X-Powered-By': 'Express', 'Access-Control-Allow-Origin': '*', 'Cache-Control': 'no-cache', 'ETag': 'W/"467-R8XeJ4/4eObZveOl1I6NIR2/xTM"', 'Vary': 'Accept-Encoding', 'Content-Encoding': 'gzip', 'CF-Cache-Status': 'DYNAMIC', 'Report-To': '{"endpoints":[{"url":"https:\\/\\/a.nel.cloudflare.com\\/report\\/v4?s=rSeE%2BmVTb8uuod8vgEj13i9NutF1W1laasxmmp21KCm5MmITWSKnhGFhE%2BFIhGs0fNGlAtIjNhXEWgxOFCm%2F1hUcR%2BJ4jnw73oA9NywV2blZhI1xp5v2Ic2QfNVkN2pU"}],"group":"cf-nel","max_age":604800}', 'NEL': '{"success_fraction":0,"report_to":"cf-nel","max_age":604800}', 'Server': 'cloudflare', 'CF-RAY': '880e86d61f08cf65-SJC', 'alt-svc': 'h3=":443"; ma=86400'} 
 body={"results":[{"gender":"male","name":{"title":"Mr","first":"Juan","last":"Kelley"},"location":{"street":{"number":8870,"name":"Killarney Road"},"city":"Celbridge","state":"Clare","country":"Ireland","postcode":63649,"coordinates":{"latitude":"-4.1182","longitude":"-174.4013"},"timezone":{"offset":"+4:30","description":"Kabul"}},"email":"juan.kelley@example.com","login":{"uuid":"87ae5319-d169-4d40-bc8a-98bc26ecb5c3","username":"orangemouse615","password":"search","salt":"ZfALYsbn","md5":"ac7d85316be679a9690ed2a1cbd69aad","sha1":"bbd7f3678317c056b4237758c4f48f747259a60a","sha256":"020843d1108ff0078e86dc7435ef5412dbd5f6592ae2a6e3078b14badc35c178"},"dob":{"date":"1975-07-14T03:09:42.857Z","age":48},"registered":{"date":"2017-04-13T14:58:08.302Z","age":7},"phone":"011-488-7372","cell":"081-235-5138","id":{"name":"PPS","value":"8405622T"},"picture":{"large":"https://randomuser.me/api/portraits/men/77.jpg","medium":"https://randomuser.me/api/portraits/med/men/77.jpg","thumbnail":"https://randomuser.me/api/portraits/thumb/men/77.jpg"},"nat":"IE"}],"info":{"seed":"09aa8f21ed715d38","results":1,"page":1,"version":"1.4"}} 
 </msg>
<msg time="2024-05-09T03:15:43.782175" level="INFO">/opt/hostedtoolcache/Python/3.12.3/x64/lib/python3.12/site-packages/urllib3/connectionpool.py:1103: InsecureRequestWarning: Unverified HTTPS request is being made to host 'randomuser.me'. Adding certificate verification is strongly advised. See: https://urllib3.readthedocs.io/en/latest/advanced-usage.html#tls-warnings
  warnings.warn(</msg>
<msg time="2024-05-09T03:15:43.782280" level="INFO">${response} = &lt;Response [200]&gt;</msg>
<var>${response}</var>
<arg>consultarAPI</arg>
<arg>/api</arg>
<doc>Sends a GET request on a previously created HTTP Session.</doc>
<status status="PASS" start="2024-05-09T03:15:43.689425" elapsed="0.092891"/>
</kw>
<kw name="Set Variable" owner="BuiltIn">
<msg time="2024-05-09T03:15:43.783153" level="INFO">${json_data} = {'results': [{'gender': 'male', 'name': {'title': 'Mr', 'first': 'Juan', 'last': 'Kelley'}, 'location': {'street': {'number': 8870, 'name': 'Killarney Road'}, 'city': 'Celbridge', 'state': 'Clare', 'c...</msg>
<var>${json_data}</var>
<arg>${response.json()}</arg>
<doc>Returns the given values which can then be assigned to a variables.</doc>
<status status="PASS" start="2024-05-09T03:15:43.782703" elapsed="0.000477"/>
</kw>
<kw name="Set Variable" owner="BuiltIn">
<msg time="2024-05-09T03:15:43.783863" level="INFO">${name_title} = Mr</msg>
<var>${name_title}</var>
<arg>${json_data["results"][0]["name"]["title"]}</arg>
<doc>Returns the given values which can then be assigned to a variables.</doc>
<status status="PASS" start="2024-05-09T03:15:43.783478" elapsed="0.000409"/>
</kw>
<kw name="Create List" owner="BuiltIn">
<msg time="2024-05-09T03:15:43.784368" level="INFO">${allowed_titles} = ['Mr', 'Ms', 'Miss', 'Mrs', 'Madame', 'Monsieur']</msg>
<var>${allowed_titles}</var>
<arg>Mr</arg>
<arg>Ms</arg>
<arg>Miss</arg>
<arg>Mrs</arg>
<arg>Madame</arg>
<arg>Monsieur</arg>
<doc>Returns a list containing given items.</doc>
<status status="PASS" start="2024-05-09T03:15:43.784182" elapsed="0.000221"/>
</kw>
<kw name="List Should Contain Value" owner="Collections">
<msg time="2024-05-09T03:15:43.784892" level="INFO">False</msg>
<arg>${allowed_titles}</arg>
<arg>${name_title}</arg>
<doc>Fails if the ``value`` is not found from ``list``.</doc>
<status status="PASS" start="2024-05-09T03:15:43.784719" elapsed="0.000209"/>
</kw>
<kw name="Set Variable" owner="BuiltIn">
<msg time="2024-05-09T03:15:43.785588" level="INFO">${name_country} = IE</msg>
<var>${name_country}</var>
<arg>${json_data["results"][0]["nat"]}</arg>
<doc>Returns the given values which can then be assigned to a variables.</doc>
<status status="PASS" start="2024-05-09T03:15:43.785217" elapsed="0.000396"/>
</kw>
<kw name="Create List" owner="BuiltIn">
<msg time="2024-05-09T03:15:43.786489" level="INFO">${list_country} = ['AD', 'AE', 'AF', 'AG', 'AI', 'AL', 'AM', 'AO', 'AQ', 'AR', 'AS', 'AT', 'AU', 'AW', 'AX', 'AZ', 'BA', 'BB', 'BD', 'BE', 'BF', 'BG', 'BH', 'BI', 'BJ', 'BL', 'BM', 'BN', 'BO', 'BQ', 'BR', 'BS', 'BT', '...</msg>
<var>${list_country}</var>
<arg>AD</arg>
<arg>AE</arg>
<arg>AF</arg>
<arg>AG</arg>
<arg>AI</arg>
<arg>AL</arg>
<arg>AM</arg>
<arg>AO</arg>
<arg>AQ</arg>
<arg>AR</arg>
<arg>AS</arg>
<arg>AT</arg>
<arg>AU</arg>
<arg>AW</arg>
<arg>AX</arg>
<arg>AZ</arg>
<arg>BA</arg>
<arg>BB</arg>
<arg>BD</arg>
<arg>BE</arg>
<arg>BF</arg>
<arg>BG</arg>
<arg>BH</arg>
<arg>BI</arg>
<arg>BJ</arg>
<arg>BL</arg>
<arg>BM</arg>
<arg>BN</arg>
<arg>BO</arg>
<arg>BQ</arg>
<arg>BR</arg>
<arg>BS</arg>
<arg>BT</arg>
<arg>BV</arg>
<arg>BW</arg>
<arg>BY</arg>
<arg>BZ</arg>
<arg>CA</arg>
<arg>CC</arg>
<arg>CD</arg>
<arg>CF</arg>
<arg>CG</arg>
<arg>CH</arg>
<arg>CI</arg>
<arg>CK</arg>
<arg>CL</arg>
<arg>CM</arg>
<arg>CN</arg>
<arg>CO</arg>
<arg>CR</arg>
<arg>CU</arg>
<arg>CV</arg>
<arg>CW</arg>
<arg>CX</arg>
<arg>CY</arg>
<arg>CZ</arg>
<arg>DE</arg>
<arg>DJ</arg>
<arg>DK</arg>
<arg>DM</arg>
<arg>DO</arg>
<arg>DZ</arg>
<arg>EC</arg>
<arg>EE</arg>
<arg>EG</arg>
<arg>EH</arg>
<arg>ER</arg>
<arg>ES</arg>
<arg>ET</arg>
<arg>FI</arg>
<arg>FJ</arg>
<arg>FK</arg>
<arg>FM</arg>
<arg>FO</arg>
<arg>FR</arg>
<arg>GA</arg>
<arg>GB</arg>
<arg>GD</arg>
<arg>GE</arg>
<arg>GF</arg>
<arg>GG</arg>
<arg>GH</arg>
<arg>GI</arg>
<arg>GL</arg>
<arg>GM</arg>
<arg>GN</arg>
<arg>GP</arg>
<arg>GQ</arg>
<arg>GR</arg>
<arg>GS</arg>
<arg>GT</arg>
<arg>GU</arg>
<arg>GW</arg>
<arg>GY</arg>
<arg>HK</arg>
<arg>HM</arg>
<arg>HN</arg>
<arg>HR</arg>
<arg>HT</arg>
<arg>HU</arg>
<arg>ID</arg>
<arg>IE</arg>
<arg>IL</arg>
<arg>IM</arg>
<arg>IN</arg>
<arg>IO</arg>
<arg>IQ</arg>
<arg>IR</arg>
<arg>IS</arg>
<arg>IT</arg>
<arg>JE</arg>
<arg>JM</arg>
<arg>JO</arg>
<arg>JP</arg>
<arg>KE</arg>
<arg>KG</arg>
<arg>KH</arg>
<arg>KI</arg>
<arg>KM</arg>
<arg>KN</arg>
<arg>KP</arg>
<arg>KR</arg>
<arg>KW</arg>
<arg>KY</arg>
<arg>KZ</arg>
<arg>LA</arg>
<arg>LB</arg>
<arg>LC</arg>
<arg>LI</arg>
<arg>LK</arg>
<arg>LR</arg>
<arg>LS</arg>
<arg>LT</arg>
<arg>LU</arg>
<arg>LV</arg>
<arg>LY</arg>
<arg>MA</arg>
<arg>MC</arg>
<arg>MD</arg>
<arg>ME</arg>
<arg>MF</arg>
<arg>MG</arg>
<arg>MH</arg>
<arg>MK</arg>
<arg>ML</arg>
<arg>MM</arg>
<arg>MN</arg>
<arg>MO</arg>
<arg>MP</arg>
<arg>MQ</arg>
<arg>MR</arg>
<arg>MS</arg>
<arg>MT</arg>
<arg>MU</arg>
<arg>MV</arg>
<arg>MW</arg>
<arg>MX</arg>
<arg>MY</arg>
<arg>MZ</arg>
<arg>NA</arg>
<arg>NC</arg>
<arg>NE</arg>
<arg>NF</arg>
<arg>NG</arg>
<arg>NI</arg>
<arg>NL</arg>
<arg>NO</arg>
<arg>NP</arg>
<arg>NR</arg>
<arg>NU</arg>
<arg>NZ</arg>
<arg>OM</arg>
<arg>PA</arg>
<arg>PE</arg>
<arg>PF</arg>
<arg>PG</arg>
<arg>PH</arg>
<arg>PK</arg>
<arg>PL</arg>
<arg>PM</arg>
<arg>PN</arg>
<arg>PR</arg>
<arg>PS</arg>
<arg>PT</arg>
<arg>PW</arg>
<arg>PY</arg>
<arg>QA</arg>
<arg>RE</arg>
<arg>RO</arg>
<arg>RS</arg>
<arg>RU</arg>
<arg>RW</arg>
<arg>SA</arg>
<arg>SB</arg>
<arg>SC</arg>
<arg>SD</arg>
<arg>SE</arg>
<arg>SG</arg>
<arg>SH</arg>
<arg>SI</arg>
<arg>SJ</arg>
<arg>SK</arg>
<arg>SL</arg>
<arg>SM</arg>
<arg>SN</arg>
<arg>SO</arg>
<arg>SR</arg>
<arg>SS</arg>
<arg>ST</arg>
<arg>SV</arg>
<arg>SX</arg>
<arg>SY</arg>
<arg>SZ</arg>
<arg>TC</arg>
<arg>TD</arg>
<arg>TF</arg>
<arg>TG</arg>
<arg>TH</arg>
<arg>TJ</arg>
<arg>TK</arg>
<arg>TL</arg>
<arg>TM</arg>
<arg>TN</arg>
<arg>TO</arg>
<arg>TR</arg>
<arg>TT</arg>
<arg>TV</arg>
<arg>TW</arg>
<arg>TZ</arg>
<arg>UA</arg>
<arg>UG</arg>
<arg>UM</arg>
<arg>US</arg>
<arg>UY</arg>
<arg>UZ</arg>
<arg>VA</arg>
<arg>VC</arg>
<arg>VE</arg>
<arg>VG</arg>
<arg>VI</arg>
<arg>VN</arg>
<arg>VU</arg>
<arg>WF</arg>
<arg>WS</arg>
<arg>XK</arg>
<arg>YE</arg>
<arg>YT</arg>
<arg>ZA</arg>
<arg>ZM</arg>
<arg>ZW</arg>
<doc>Returns a list containing given items.</doc>
<status status="PASS" start="2024-05-09T03:15:43.785908" elapsed="0.000606"/>
</kw>
<kw name="List Should Contain Value" owner="Collections">
<msg time="2024-05-09T03:15:43.787493" level="INFO">False</msg>
<arg>${list_country}</arg>
<arg>${name_country}</arg>
<doc>Fails if the ``value`` is not found from ``list``.</doc>
<status status="PASS" start="2024-05-09T03:15:43.787296" elapsed="0.000232"/>
</kw>
<kw name="Run Keyword If" owner="BuiltIn">
<kw name="Should Be True" owner="BuiltIn">
<arg>${True}</arg>
<doc>Fails if the given condition is not true.</doc>
<status status="PASS" start="2024-05-09T03:15:43.788614" elapsed="0.000143"/>
</kw>
<arg>${json_data["results"][0]["location"]["coordinates"]["latitude"]} &gt;= -90 and ${json_data["results"][0]["location"]["coordinates"]["latitude"]} &lt;= 90</arg>
<arg>Should Be True</arg>
<arg>${True}</arg>
<doc>Runs the given keyword with the given arguments, if ``condition`` is true.</doc>
<status status="PASS" start="2024-05-09T03:15:43.787834" elapsed="0.001048"/>
</kw>
<kw name="Run Keyword If" owner="BuiltIn">
<kw name="Should Be True" owner="BuiltIn">
<arg>${True}</arg>
<doc>Fails if the given condition is not true.</doc>
<status status="PASS" start="2024-05-09T03:15:43.789751" elapsed="0.000248"/>
</kw>
<arg>${json_data["results"][0]["location"]["coordinates"]["longitude"]} &gt;= -180 and ${json_data["results"][0]["location"]["coordinates"]["longitude"]} &lt;= 180</arg>
<arg>Should Be True</arg>
<arg>${True}</arg>
<doc>Runs the given keyword with the given arguments, if ``condition`` is true.</doc>
<status status="PASS" start="2024-05-09T03:15:43.789064" elapsed="0.001060"/>
</kw>
<status status="PASS" start="2024-05-09T03:15:43.689201" elapsed="0.101052"/>
</kw>
<doc>Testa o conteúdo específico dos campos retornados pela API.</doc>
<tag>testeConteudo</tag>
<status status="PASS" start="2024-05-09T03:15:43.688781" elapsed="0.101618"/>
</test>
<status status="PASS" start="2024-05-09T03:15:42.956968" elapsed="0.835349"/>
</suite>
<status status="PASS" start="2024-05-09T03:15:42.943429" elapsed="0.854019"/>
</suite>
<statistics>
<total>
<stat pass="5" fail="0" skip="0">All Tests</stat>
</total>
<tag>
<stat pass="1" fail="0" skip="0">testeConteudo</stat>
<stat pass="1" fail="0" skip="0">testeEstruturaResposta</stat>
<stat pass="1" fail="0" skip="0">testeRequisicaoBasica</stat>
<stat pass="1" fail="0" skip="0">testeTiposDados</stat>
</tag>
<suite>
<stat pass="5" fail="0" skip="0" id="s1" name="Tests">Tests</stat>
<stat pass="5" fail="0" skip="0" id="s1-s1" name="Random-User-Test">Tests.Random-User-Test</stat>
</suite>
</statistics>
<errors>
</errors>
</robot>
