<?xml version="1.0" encoding="UTF-8"?>
<robot generator="Robot 7.0 (Python 3.12.3 on linux)" generated="2024-04-28T05:13:59.512016" rpa="false" schemaversion="5">
<suite id="s1" name="Tests" source="/home/runner/work/DesafioQAItauRogerioJordao/DesafioQAItauRogerioJordao/RamdonUser/tests">
<suite id="s1-s1" name="Random-User-Test" source="/home/runner/work/DesafioQAItauRogerioJordao/DesafioQAItauRogerioJordao/RamdonUser/tests/random-user-test.robot">
<test id="s1-s1-t1" name="Conectar" line="13">
<kw name="Conectar API" owner="random-user-service">
<kw name="Create Session" owner="RequestsLibrary">
<msg time="2024-04-28T05:13:59.878496" level="INFO">Creating Session using : alias=consultarAPI, url=https://randomuser.me/, headers={},                     cookies={}, auth=None, timeout=None, proxies=None, verify=False,                     debug=0 </msg>
<arg>consultarAPI</arg>
<arg>${URL}</arg>
<doc>Create Session: create a HTTP session to a server</doc>
<status status="PASS" start="2024-04-28T05:13:59.878278" elapsed="0.000412"/>
</kw>
<status status="PASS" start="2024-04-28T05:13:59.877292" elapsed="0.001764"/>
</kw>
<status status="PASS" start="2024-04-28T05:13:59.876720" elapsed="0.002526"/>
</test>
<test id="s1-s1-t2" name="Validar retorno 200 e JSON Válido" line="16">
<kw name="Teste de Requisicao Basica" owner="random-user-service">
<kw name="GET On Session" owner="RequestsLibrary">
<msg time="2024-04-28T05:14:00.097830" level="INFO">GET Request : url=https://randomuser.me/api 
 path_url=/api 
 headers={'User-Agent': 'python-requests/2.31.0', 'Accept-Encoding': 'gzip, deflate', 'Accept': '*/*', 'Connection': 'keep-alive'} 
 body=None 
 </msg>
<msg time="2024-04-28T05:14:00.097981" level="INFO">GET Response : url=https://randomuser.me/api 
 status=200, reason=OK 
 headers={'Date': 'Sun, 28 Apr 2024 05:14:00 GMT', 'Content-Type': 'application/json; charset=utf-8', 'Transfer-Encoding': 'chunked', 'Connection': 'keep-alive', 'X-Powered-By': 'Express', 'Access-Control-Allow-Origin': '*', 'Cache-Control': 'no-cache', 'ETag': 'W/"497-z+fGARdqltD5CRrRpW1RhZuNMhU"', 'Vary': 'Accept-Encoding', 'Content-Encoding': 'gzip', 'CF-Cache-Status': 'DYNAMIC', 'Report-To': '{"endpoints":[{"url":"https:\\/\\/a.nel.cloudflare.com\\/report\\/v4?s=s6AcHF8qQbewv33KOMqY9xgcVO94zdgMKBjqObnu0gYrELW6y91g6SjDX0C%2FkHnttoD4n%2BKYC0xC9FiUXxE%2FsnMAkUdP7PrZTfIJnd4o6dHDQspi3lTCoLYMsp3cXCA8"}],"group":"cf-nel","max_age":604800}', 'NEL': '{"success_fraction":0,"report_to":"cf-nel","max_age":604800}', 'Server': 'cloudflare', 'CF-RAY': '87b490f66d535a45-IAD', 'alt-svc': 'h3=":443"; ma=86400'} 
 body={"results":[{"gender":"female","name":{"title":"Ms","first":"Michelle","last":"Carr"},"location":{"street":{"number":9170,"name":"Ash Dr"},"city":"Port Macquarie","state":"Western Australia","country":"Australia","postcode":1716,"coordinates":{"latitude":"-86.6955","longitude":"36.0962"},"timezone":{"offset":"+1:00","description":"Brussels, Copenhagen, Madrid, Paris"}},"email":"michelle.carr@example.com","login":{"uuid":"b2c7e0bf-4852-4ade-af0a-de28ddca5867","username":"redsnake907","password":"1022","salt":"IuiO14h0","md5":"eba85bf6e534af08a21baac3d09bc1b2","sha1":"a78ac00f5555cfb4b41380c0955a21d4f845a1f7","sha256":"654d8c65f3d4bf04134cd2354054d6d31b4b7c67b504d1d472afb6cce4acbb72"},"dob":{"date":"1952-04-13T18:04:05.112Z","age":72},"registered":{"date":"2013-06-16T00:58:00.329Z","age":10},"phone":"08-8635-4429","cell":"0486-089-319","id":{"name":"TFN","value":"480182109"},"picture":{"large":"https://randomuser.me/api/portraits/women/82.jpg","medium":"https://randomuser.me/api/portraits/med/women/82.jpg","thumbnail":"https://randomuser.me/api/portraits/thumb/women/82.jpg"},"nat":"AU"}],"info":{"seed":"154c003afd881b42","results":1,"page":1,"version":"1.4"}} 
 </msg>
<msg time="2024-04-28T05:14:00.098063" level="INFO">/opt/hostedtoolcache/Python/3.12.3/x64/lib/python3.12/site-packages/urllib3/connectionpool.py:1103: InsecureRequestWarning: Unverified HTTPS request is being made to host 'randomuser.me'. Adding certificate verification is strongly advised. See: https://urllib3.readthedocs.io/en/latest/advanced-usage.html#tls-warnings
  warnings.warn(</msg>
<msg time="2024-04-28T05:14:00.098216" level="INFO">${response} = &lt;Response [200]&gt;</msg>
<var>${response}</var>
<arg>consultarAPI</arg>
<arg>/api</arg>
<doc>Sends a GET request on a previously created HTTP Session.</doc>
<status status="PASS" start="2024-04-28T05:13:59.881852" elapsed="0.216402"/>
</kw>
<kw name="Should Be Equal As Numbers" owner="BuiltIn">
<msg time="2024-04-28T05:14:00.099437" level="INFO">Argument types are:
&lt;class 'int'&gt;
&lt;class 'str'&gt;</msg>
<arg>${response.status_code}</arg>
<arg>200</arg>
<doc>Fails if objects are unequal after converting them to real numbers.</doc>
<status status="PASS" start="2024-04-28T05:14:00.098947" elapsed="0.000554"/>
</kw>
<kw name="Log" owner="BuiltIn">
<msg time="2024-04-28T05:14:00.100188" level="INFO">200</msg>
<arg>${response.status_code}</arg>
<doc>Logs the given message with the given level.</doc>
<status status="PASS" start="2024-04-28T05:14:00.099843" elapsed="0.000386"/>
</kw>
<kw name="Set Variable" owner="BuiltIn">
<msg time="2024-04-28T05:14:00.100961" level="INFO">${json_data} = {'results': [{'gender': 'female', 'name': {'title': 'Ms', 'first': 'Michelle', 'last': 'Carr'}, 'location': {'street': {'number': 9170, 'name': 'Ash Dr'}, 'city': 'Port Macquarie', 'state': 'Western A...</msg>
<var>${json_data}</var>
<arg>${response.json()}</arg>
<doc>Returns the given values which can then be assigned to a variables.</doc>
<status status="PASS" start="2024-04-28T05:14:00.100527" elapsed="0.000461"/>
</kw>
<kw name="Dictionary Should Contain Key" owner="Collections">
<msg time="2024-04-28T05:14:00.101465" level="INFO">False</msg>
<arg>${json_data}</arg>
<arg>results</arg>
<doc>Fails if ``key`` is not found from ``dictionary``.</doc>
<status status="PASS" start="2024-04-28T05:14:00.101289" elapsed="0.000216"/>
</kw>
<status status="PASS" start="2024-04-28T05:13:59.881610" elapsed="0.220158"/>
</kw>
<doc>Testa se a API responde corretamente e retorna um objeto JSON válido.</doc>
<tag>testeRequisicaoBasica</tag>
<status status="PASS" start="2024-04-28T05:13:59.881126" elapsed="0.220824"/>
</test>
<test id="s1-s1-t3" name="Validar estrutura de resposta" line="22">
<kw name="Teste de Estrutura de Resposta" owner="random-user-service">
<kw name="GET On Session" owner="RequestsLibrary">
<msg time="2024-04-28T05:14:00.192640" level="INFO">GET Request : url=https://randomuser.me/api 
 path_url=/api 
 headers={'User-Agent': 'python-requests/2.31.0', 'Accept-Encoding': 'gzip, deflate', 'Accept': '*/*', 'Connection': 'keep-alive'} 
 body=None 
 </msg>
<msg time="2024-04-28T05:14:00.192744" level="INFO">GET Response : url=https://randomuser.me/api 
 status=200, reason=OK 
 headers={'Date': 'Sun, 28 Apr 2024 05:14:00 GMT', 'Content-Type': 'application/json; charset=utf-8', 'Transfer-Encoding': 'chunked', 'Connection': 'keep-alive', 'X-Powered-By': 'Express', 'Access-Control-Allow-Origin': '*', 'Cache-Control': 'no-cache', 'ETag': 'W/"4a3-t2d1GhzDV1hpyGi2AjNTH/4iDL8"', 'Vary': 'Accept-Encoding', 'Content-Encoding': 'gzip', 'CF-Cache-Status': 'DYNAMIC', 'Report-To': '{"endpoints":[{"url":"https:\\/\\/a.nel.cloudflare.com\\/report\\/v4?s=hxFLRgCwKqvliC357R%2B0%2B%2Fttw76NbM%2Fterv10CYAIZRRH30NOMjATjtazsk2bWpLW2bMmwMbZDVI1Xsuza3HJGT4sz7xp3PL5aLObPC153YVIrVD39XIdinC1OmyMzB1"}],"group":"cf-nel","max_age":604800}', 'NEL': '{"success_fraction":0,"report_to":"cf-nel","max_age":604800}', 'Server': 'cloudflare', 'CF-RAY': '87b490f6ad7d5a45-IAD', 'alt-svc': 'h3=":443"; ma=86400'} 
 body={"results":[{"gender":"male","name":{"title":"Mr","first":"محمدمهدی","last":"رضایی"},"location":{"street":{"number":2359,"name":"شهید کبیری طامه"},"city":"کاشان","state":"اردبیل","country":"Iran","postcode":22439,"coordinates":{"latitude":"13.9988","longitude":"-73.2426"},"timezone":{"offset":"+9:00","description":"Tokyo, Seoul, Osaka, Sapporo, Yakutsk"}},"email":"mhmdmhdy.rdyy@example.com","login":{"uuid":"c2e38e12-8ace-4ad1-9606-54f8d79c2bb6","username":"angrygorilla416","password":"grass","salt":"FPV5OYeu","md5":"e99fcc1e386f61aa95ad90f4d9dd170d","sha1":"43be8086b2b097d71d227ff52fd2e9989c6db47e","sha256":"4b2ad36da19cb9d761c6db02cbef7b1a64bea506dfb4bfa271a905839abc6c7d"},"dob":{"date":"1960-12-17T21:34:31.055Z","age":63},"registered":{"date":"2021-10-17T23:29:38.830Z","age":2},"phone":"084-57177459","cell":"0951-162-6090","id":{"name":"","value":null},"picture":{"large":"https://randomuser.me/api/portraits/men/51.jpg","medium":"https://randomuser.me/api/portraits/med/men/51.jpg","thumbnail":"https://randomuser.me/api/portraits/thumb/men/51.jpg"},"nat":"IR"}],"info":{"seed":"9f031cb627daa760","results":1,"page":1,"version":"1.4"}} 
 </msg>
<msg time="2024-04-28T05:14:00.192878" level="INFO">/opt/hostedtoolcache/Python/3.12.3/x64/lib/python3.12/site-packages/urllib3/connectionpool.py:1103: InsecureRequestWarning: Unverified HTTPS request is being made to host 'randomuser.me'. Adding certificate verification is strongly advised. See: https://urllib3.readthedocs.io/en/latest/advanced-usage.html#tls-warnings
  warnings.warn(</msg>
<msg time="2024-04-28T05:14:00.193019" level="INFO">${response} = &lt;Response [200]&gt;</msg>
<var>${response}</var>
<arg>consultarAPI</arg>
<arg>/api</arg>
<doc>Sends a GET request on a previously created HTTP Session.</doc>
<status status="PASS" start="2024-04-28T05:14:00.104702" elapsed="0.088356"/>
</kw>
<kw name="Set Variable" owner="BuiltIn">
<msg time="2024-04-28T05:14:00.194119" level="INFO">${json_data} = {'results': [{'gender': 'male', 'name': {'title': 'Mr', 'first': 'محمدمهدی', 'last': 'رضایی'}, 'location': {'street': {'number': 2359, 'name': 'شهید کبیری طامه'}, 'city': 'کاشان', 'state': 'اردبیل', '...</msg>
<var>${json_data}</var>
<arg>${response.json()}</arg>
<doc>Returns the given values which can then be assigned to a variables.</doc>
<status status="PASS" start="2024-04-28T05:14:00.193583" elapsed="0.000565"/>
</kw>
<kw name="Log" owner="BuiltIn">
<msg time="2024-04-28T05:14:00.194651" level="INFO">{'results': [{'gender': 'male', 'name': {'title': 'Mr', 'first': 'محمدمهدی', 'last': 'رضایی'}, 'location': {'street': {'number': 2359, 'name': 'شهید کبیری طامه'}, 'city': 'کاشان', 'state': 'اردبیل', 'country': 'Iran', 'postcode': 22439, 'coordinates': {'latitude': '13.9988', 'longitude': '-73.2426'}, 'timezone': {'offset': '+9:00', 'description': 'Tokyo, Seoul, Osaka, Sapporo, Yakutsk'}}, 'email': 'mhmdmhdy.rdyy@example.com', 'login': {'uuid': 'c2e38e12-8ace-4ad1-9606-54f8d79c2bb6', 'username': 'angrygorilla416', 'password': 'grass', 'salt': 'FPV5OYeu', 'md5': 'e99fcc1e386f61aa95ad90f4d9dd170d', 'sha1': '43be8086b2b097d71d227ff52fd2e9989c6db47e', 'sha256': '4b2ad36da19cb9d761c6db02cbef7b1a64bea506dfb4bfa271a905839abc6c7d'}, 'dob': {'date': '1960-12-17T21:34:31.055Z', 'age': 63}, 'registered': {'date': '2021-10-17T23:29:38.830Z', 'age': 2}, 'phone': '084-57177459', 'cell': '0951-162-6090', 'id': {'name': '', 'value': None}, 'picture': {'large': 'https://randomuser.me/api/portraits/men/51.jpg', 'medium': 'https://randomuser.me/api/portraits/med/men/51.jpg', 'thumbnail': 'https://randomuser.me/api/portraits/thumb/men/51.jpg'}, 'nat': 'IR'}], 'info': {'seed': '9f031cb627daa760', 'results': 1, 'page': 1, 'version': '1.4'}}</msg>
<arg>${json_data}</arg>
<doc>Logs the given message with the given level.</doc>
<status status="PASS" start="2024-04-28T05:14:00.194460" elapsed="0.000242"/>
</kw>
<kw name="Dictionary Should Contain Key" owner="Collections">
<msg time="2024-04-28T05:14:00.195165" level="INFO">False</msg>
<arg>${json_data}</arg>
<arg>results</arg>
<doc>Fails if ``key`` is not found from ``dictionary``.</doc>
<status status="PASS" start="2024-04-28T05:14:00.195004" elapsed="0.000198"/>
</kw>
<kw name="Should Not Be Empty" owner="BuiltIn">
<msg time="2024-04-28T05:14:00.195629" level="INFO">Length is 2.</msg>
<arg>${json_data}</arg>
<doc>Verifies that the given item is not empty.</doc>
<status status="PASS" start="2024-04-28T05:14:00.195497" elapsed="0.000339"/>
</kw>
<kw name="Create List" owner="BuiltIn">
<msg time="2024-04-28T05:14:00.196281" level="INFO">${expected_keys} = ['gender', 'name', 'location', 'email', 'login']</msg>
<var>${expected_keys}</var>
<arg>gender</arg>
<arg>name</arg>
<arg>location</arg>
<arg>email</arg>
<arg>login</arg>
<doc>Returns a list containing given items.</doc>
<status status="PASS" start="2024-04-28T05:14:00.196128" elapsed="0.000177"/>
</kw>
<for flavor="IN">
<iter>
<kw name="Dictionary Should Contain Key" owner="Collections">
<msg time="2024-04-28T05:14:00.197295" level="INFO">False</msg>
<arg>${json_data['results'][0]}</arg>
<arg>${key}</arg>
<doc>Fails if ``key`` is not found from ``dictionary``.</doc>
<status status="PASS" start="2024-04-28T05:14:00.196887" elapsed="0.000447"/>
</kw>
<kw name="Log" owner="BuiltIn">
<msg time="2024-04-28T05:14:00.197995" level="INFO">{'gender': 'male', 'name': {'title': 'Mr', 'first': 'محمدمهدی', 'last': 'رضایی'}, 'location': {'street': {'number': 2359, 'name': 'شهید کبیری طامه'}, 'city': 'کاشان', 'state': 'اردبیل', 'country': 'Iran', 'postcode': 22439, 'coordinates': {'latitude': '13.9988', 'longitude': '-73.2426'}, 'timezone': {'offset': '+9:00', 'description': 'Tokyo, Seoul, Osaka, Sapporo, Yakutsk'}}, 'email': 'mhmdmhdy.rdyy@example.com', 'login': {'uuid': 'c2e38e12-8ace-4ad1-9606-54f8d79c2bb6', 'username': 'angrygorilla416', 'password': 'grass', 'salt': 'FPV5OYeu', 'md5': 'e99fcc1e386f61aa95ad90f4d9dd170d', 'sha1': '43be8086b2b097d71d227ff52fd2e9989c6db47e', 'sha256': '4b2ad36da19cb9d761c6db02cbef7b1a64bea506dfb4bfa271a905839abc6c7d'}, 'dob': {'date': '1960-12-17T21:34:31.055Z', 'age': 63}, 'registered': {'date': '2021-10-17T23:29:38.830Z', 'age': 2}, 'phone': '084-57177459', 'cell': '0951-162-6090', 'id': {'name': '', 'value': None}, 'picture': {'large': 'https://randomuser.me/api/portraits/men/51.jpg', 'medium': 'https://randomuser.me/api/portraits/med/men/51.jpg', 'thumbnail': 'https://randomuser.me/api/portraits/thumb/men/51.jpg'}, 'nat': 'IR'}</msg>
<arg>${json_data['results'][0]}</arg>
<doc>Logs the given message with the given level.</doc>
<status status="PASS" start="2024-04-28T05:14:00.197631" elapsed="0.000413"/>
</kw>
<kw name="Log" owner="BuiltIn">
<msg time="2024-04-28T05:14:00.198487" level="INFO">gender</msg>
<arg>${key}</arg>
<doc>Logs the given message with the given level.</doc>
<status status="PASS" start="2024-04-28T05:14:00.198344" elapsed="0.000184"/>
</kw>
<var name="${key}">gender</var>
<status status="PASS" start="2024-04-28T05:14:00.196763" elapsed="0.001982"/>
</iter>
<iter>
<kw name="Dictionary Should Contain Key" owner="Collections">
<msg time="2024-04-28T05:14:00.199430" level="INFO">False</msg>
<arg>${json_data['results'][0]}</arg>
<arg>${key}</arg>
<doc>Fails if ``key`` is not found from ``dictionary``.</doc>
<status status="PASS" start="2024-04-28T05:14:00.199046" elapsed="0.000453"/>
</kw>
<kw name="Log" owner="BuiltIn">
<msg time="2024-04-28T05:14:00.200158" level="INFO">{'gender': 'male', 'name': {'title': 'Mr', 'first': 'محمدمهدی', 'last': 'رضایی'}, 'location': {'street': {'number': 2359, 'name': 'شهید کبیری طامه'}, 'city': 'کاشان', 'state': 'اردبیل', 'country': 'Iran', 'postcode': 22439, 'coordinates': {'latitude': '13.9988', 'longitude': '-73.2426'}, 'timezone': {'offset': '+9:00', 'description': 'Tokyo, Seoul, Osaka, Sapporo, Yakutsk'}}, 'email': 'mhmdmhdy.rdyy@example.com', 'login': {'uuid': 'c2e38e12-8ace-4ad1-9606-54f8d79c2bb6', 'username': 'angrygorilla416', 'password': 'grass', 'salt': 'FPV5OYeu', 'md5': 'e99fcc1e386f61aa95ad90f4d9dd170d', 'sha1': '43be8086b2b097d71d227ff52fd2e9989c6db47e', 'sha256': '4b2ad36da19cb9d761c6db02cbef7b1a64bea506dfb4bfa271a905839abc6c7d'}, 'dob': {'date': '1960-12-17T21:34:31.055Z', 'age': 63}, 'registered': {'date': '2021-10-17T23:29:38.830Z', 'age': 2}, 'phone': '084-57177459', 'cell': '0951-162-6090', 'id': {'name': '', 'value': None}, 'picture': {'large': 'https://randomuser.me/api/portraits/men/51.jpg', 'medium': 'https://randomuser.me/api/portraits/med/men/51.jpg', 'thumbnail': 'https://randomuser.me/api/portraits/thumb/men/51.jpg'}, 'nat': 'IR'}</msg>
<arg>${json_data['results'][0]}</arg>
<doc>Logs the given message with the given level.</doc>
<status status="PASS" start="2024-04-28T05:14:00.199795" elapsed="0.000414"/>
</kw>
<kw name="Log" owner="BuiltIn">
<msg time="2024-04-28T05:14:00.200628" level="INFO">name</msg>
<arg>${key}</arg>
<doc>Logs the given message with the given level.</doc>
<status status="PASS" start="2024-04-28T05:14:00.200504" elapsed="0.000161"/>
</kw>
<var name="${key}">name</var>
<status status="PASS" start="2024-04-28T05:14:00.198931" elapsed="0.001944"/>
</iter>
<iter>
<kw name="Dictionary Should Contain Key" owner="Collections">
<msg time="2024-04-28T05:14:00.201543" level="INFO">False</msg>
<arg>${json_data['results'][0]}</arg>
<arg>${key}</arg>
<doc>Fails if ``key`` is not found from ``dictionary``.</doc>
<status status="PASS" start="2024-04-28T05:14:00.201158" elapsed="0.000423"/>
</kw>
<kw name="Log" owner="BuiltIn">
<msg time="2024-04-28T05:14:00.202233" level="INFO">{'gender': 'male', 'name': {'title': 'Mr', 'first': 'محمدمهدی', 'last': 'رضایی'}, 'location': {'street': {'number': 2359, 'name': 'شهید کبیری طامه'}, 'city': 'کاشان', 'state': 'اردبیل', 'country': 'Iran', 'postcode': 22439, 'coordinates': {'latitude': '13.9988', 'longitude': '-73.2426'}, 'timezone': {'offset': '+9:00', 'description': 'Tokyo, Seoul, Osaka, Sapporo, Yakutsk'}}, 'email': 'mhmdmhdy.rdyy@example.com', 'login': {'uuid': 'c2e38e12-8ace-4ad1-9606-54f8d79c2bb6', 'username': 'angrygorilla416', 'password': 'grass', 'salt': 'FPV5OYeu', 'md5': 'e99fcc1e386f61aa95ad90f4d9dd170d', 'sha1': '43be8086b2b097d71d227ff52fd2e9989c6db47e', 'sha256': '4b2ad36da19cb9d761c6db02cbef7b1a64bea506dfb4bfa271a905839abc6c7d'}, 'dob': {'date': '1960-12-17T21:34:31.055Z', 'age': 63}, 'registered': {'date': '2021-10-17T23:29:38.830Z', 'age': 2}, 'phone': '084-57177459', 'cell': '0951-162-6090', 'id': {'name': '', 'value': None}, 'picture': {'large': 'https://randomuser.me/api/portraits/men/51.jpg', 'medium': 'https://randomuser.me/api/portraits/med/men/51.jpg', 'thumbnail': 'https://randomuser.me/api/portraits/thumb/men/51.jpg'}, 'nat': 'IR'}</msg>
<arg>${json_data['results'][0]}</arg>
<doc>Logs the given message with the given level.</doc>
<status status="PASS" start="2024-04-28T05:14:00.201874" elapsed="0.000408"/>
</kw>
<kw name="Log" owner="BuiltIn">
<msg time="2024-04-28T05:14:00.202719" level="INFO">location</msg>
<arg>${key}</arg>
<doc>Logs the given message with the given level.</doc>
<status status="PASS" start="2024-04-28T05:14:00.202594" elapsed="0.000162"/>
</kw>
<var name="${key}">location</var>
<status status="PASS" start="2024-04-28T05:14:00.201048" elapsed="0.001925"/>
</iter>
<iter>
<kw name="Dictionary Should Contain Key" owner="Collections">
<msg time="2024-04-28T05:14:00.203720" level="INFO">False</msg>
<arg>${json_data['results'][0]}</arg>
<arg>${key}</arg>
<doc>Fails if ``key`` is not found from ``dictionary``.</doc>
<status status="PASS" start="2024-04-28T05:14:00.203257" elapsed="0.000504"/>
</kw>
<kw name="Log" owner="BuiltIn">
<msg time="2024-04-28T05:14:00.204470" level="INFO">{'gender': 'male', 'name': {'title': 'Mr', 'first': 'محمدمهدی', 'last': 'رضایی'}, 'location': {'street': {'number': 2359, 'name': 'شهید کبیری طامه'}, 'city': 'کاشان', 'state': 'اردبیل', 'country': 'Iran', 'postcode': 22439, 'coordinates': {'latitude': '13.9988', 'longitude': '-73.2426'}, 'timezone': {'offset': '+9:00', 'description': 'Tokyo, Seoul, Osaka, Sapporo, Yakutsk'}}, 'email': 'mhmdmhdy.rdyy@example.com', 'login': {'uuid': 'c2e38e12-8ace-4ad1-9606-54f8d79c2bb6', 'username': 'angrygorilla416', 'password': 'grass', 'salt': 'FPV5OYeu', 'md5': 'e99fcc1e386f61aa95ad90f4d9dd170d', 'sha1': '43be8086b2b097d71d227ff52fd2e9989c6db47e', 'sha256': '4b2ad36da19cb9d761c6db02cbef7b1a64bea506dfb4bfa271a905839abc6c7d'}, 'dob': {'date': '1960-12-17T21:34:31.055Z', 'age': 63}, 'registered': {'date': '2021-10-17T23:29:38.830Z', 'age': 2}, 'phone': '084-57177459', 'cell': '0951-162-6090', 'id': {'name': '', 'value': None}, 'picture': {'large': 'https://randomuser.me/api/portraits/men/51.jpg', 'medium': 'https://randomuser.me/api/portraits/med/men/51.jpg', 'thumbnail': 'https://randomuser.me/api/portraits/thumb/men/51.jpg'}, 'nat': 'IR'}</msg>
<arg>${json_data['results'][0]}</arg>
<doc>Logs the given message with the given level.</doc>
<status status="PASS" start="2024-04-28T05:14:00.204104" elapsed="0.000416"/>
</kw>
<kw name="Log" owner="BuiltIn">
<msg time="2024-04-28T05:14:00.204949" level="INFO">email</msg>
<arg>${key}</arg>
<doc>Logs the given message with the given level.</doc>
<status status="PASS" start="2024-04-28T05:14:00.204815" elapsed="0.000190"/>
</kw>
<var name="${key}">email</var>
<status status="PASS" start="2024-04-28T05:14:00.203147" elapsed="0.002082"/>
</iter>
<iter>
<kw name="Dictionary Should Contain Key" owner="Collections">
<msg time="2024-04-28T05:14:00.205886" level="INFO">False</msg>
<arg>${json_data['results'][0]}</arg>
<arg>${key}</arg>
<doc>Fails if ``key`` is not found from ``dictionary``.</doc>
<status status="PASS" start="2024-04-28T05:14:00.205511" elapsed="0.000411"/>
</kw>
<kw name="Log" owner="BuiltIn">
<msg time="2024-04-28T05:14:00.206607" level="INFO">{'gender': 'male', 'name': {'title': 'Mr', 'first': 'محمدمهدی', 'last': 'رضایی'}, 'location': {'street': {'number': 2359, 'name': 'شهید کبیری طامه'}, 'city': 'کاشان', 'state': 'اردبیل', 'country': 'Iran', 'postcode': 22439, 'coordinates': {'latitude': '13.9988', 'longitude': '-73.2426'}, 'timezone': {'offset': '+9:00', 'description': 'Tokyo, Seoul, Osaka, Sapporo, Yakutsk'}}, 'email': 'mhmdmhdy.rdyy@example.com', 'login': {'uuid': 'c2e38e12-8ace-4ad1-9606-54f8d79c2bb6', 'username': 'angrygorilla416', 'password': 'grass', 'salt': 'FPV5OYeu', 'md5': 'e99fcc1e386f61aa95ad90f4d9dd170d', 'sha1': '43be8086b2b097d71d227ff52fd2e9989c6db47e', 'sha256': '4b2ad36da19cb9d761c6db02cbef7b1a64bea506dfb4bfa271a905839abc6c7d'}, 'dob': {'date': '1960-12-17T21:34:31.055Z', 'age': 63}, 'registered': {'date': '2021-10-17T23:29:38.830Z', 'age': 2}, 'phone': '084-57177459', 'cell': '0951-162-6090', 'id': {'name': '', 'value': None}, 'picture': {'large': 'https://randomuser.me/api/portraits/men/51.jpg', 'medium': 'https://randomuser.me/api/portraits/med/men/51.jpg', 'thumbnail': 'https://randomuser.me/api/portraits/thumb/men/51.jpg'}, 'nat': 'IR'}</msg>
<arg>${json_data['results'][0]}</arg>
<doc>Logs the given message with the given level.</doc>
<status status="PASS" start="2024-04-28T05:14:00.206214" elapsed="0.000442"/>
</kw>
<kw name="Log" owner="BuiltIn">
<msg time="2024-04-28T05:14:00.207129" level="INFO">login</msg>
<arg>${key}</arg>
<doc>Logs the given message with the given level.</doc>
<status status="PASS" start="2024-04-28T05:14:00.206961" elapsed="0.000207"/>
</kw>
<var name="${key}">login</var>
<status status="PASS" start="2024-04-28T05:14:00.205400" elapsed="0.001996"/>
</iter>
<var>${key}</var>
<value>@{expected_keys}</value>
<status status="PASS" start="2024-04-28T05:14:00.196569" elapsed="0.010947"/>
</for>
<kw name="Create List" owner="BuiltIn">
<msg time="2024-04-28T05:14:00.207842" level="INFO">${expected_keysTwo} = ['username', 'password']</msg>
<var>${expected_keysTwo}</var>
<arg>username</arg>
<arg>password</arg>
<doc>Returns a list containing given items.</doc>
<status status="PASS" start="2024-04-28T05:14:00.207706" elapsed="0.000159"/>
</kw>
<for flavor="IN">
<iter>
<kw name="Dictionary Should Contain Key" owner="Collections">
<msg time="2024-04-28T05:14:00.208760" level="INFO">False</msg>
<arg>${json_data['results'][0]['login']}</arg>
<arg>${keyTwo}</arg>
<doc>Fails if ``key`` is not found from ``dictionary``.</doc>
<status status="PASS" start="2024-04-28T05:14:00.208369" elapsed="0.000428"/>
</kw>
<kw name="Dictionary Should Contain Key" owner="Collections">
<msg time="2024-04-28T05:14:00.209463" level="INFO">False</msg>
<arg>${json_data['results'][0]['login']}</arg>
<arg>${keyTwo}</arg>
<doc>Fails if ``key`` is not found from ``dictionary``.</doc>
<status status="PASS" start="2024-04-28T05:14:00.209090" elapsed="0.000410"/>
</kw>
<kw name="Log" owner="BuiltIn">
<msg time="2024-04-28T05:14:00.209913" level="INFO">username</msg>
<arg>${keyTwo}</arg>
<doc>Logs the given message with the given level.</doc>
<status status="PASS" start="2024-04-28T05:14:00.209789" elapsed="0.000166"/>
</kw>
<var name="${keyTwo}">username</var>
<status status="PASS" start="2024-04-28T05:14:00.208259" elapsed="0.001911"/>
</iter>
<iter>
<kw name="Dictionary Should Contain Key" owner="Collections">
<msg time="2024-04-28T05:14:00.210940" level="INFO">False</msg>
<arg>${json_data['results'][0]['login']}</arg>
<arg>${keyTwo}</arg>
<doc>Fails if ``key`` is not found from ``dictionary``.</doc>
<status status="PASS" start="2024-04-28T05:14:00.210450" elapsed="0.000530"/>
</kw>
<kw name="Dictionary Should Contain Key" owner="Collections">
<msg time="2024-04-28T05:14:00.211651" level="INFO">False</msg>
<arg>${json_data['results'][0]['login']}</arg>
<arg>${keyTwo}</arg>
<doc>Fails if ``key`` is not found from ``dictionary``.</doc>
<status status="PASS" start="2024-04-28T05:14:00.211275" elapsed="0.000413"/>
</kw>
<kw name="Log" owner="BuiltIn">
<msg time="2024-04-28T05:14:00.212106" level="INFO">password</msg>
<arg>${keyTwo}</arg>
<doc>Logs the given message with the given level.</doc>
<status status="PASS" start="2024-04-28T05:14:00.211979" elapsed="0.000164"/>
</kw>
<var name="${keyTwo}">password</var>
<status status="PASS" start="2024-04-28T05:14:00.210340" elapsed="0.002020"/>
</iter>
<var>${keyTwo}</var>
<value>@{expected_keysTwo}</value>
<status status="PASS" start="2024-04-28T05:14:00.208101" elapsed="0.004377"/>
</for>
<status status="PASS" start="2024-04-28T05:14:00.104458" elapsed="0.108161"/>
</kw>
<doc>Testa a estrutura da resposta da API.</doc>
<tag>testeEstruturaResposta</tag>
<status status="PASS" start="2024-04-28T05:14:00.103843" elapsed="0.108934"/>
</test>
<test id="s1-s1-t4" name="Validar tipos de dados" line="28">
<kw name="Teste de Tipos de Dados" owner="random-user-service">
<kw name="GET On Session" owner="RequestsLibrary">
<msg time="2024-04-28T05:14:00.361248" level="INFO">GET Request : url=https://randomuser.me/api 
 path_url=/api 
 headers={'User-Agent': 'python-requests/2.31.0', 'Accept-Encoding': 'gzip, deflate', 'Accept': '*/*', 'Connection': 'keep-alive'} 
 body=None 
 </msg>
<msg time="2024-04-28T05:14:00.361345" level="INFO">GET Response : url=https://randomuser.me/api 
 status=200, reason=OK 
 headers={'Date': 'Sun, 28 Apr 2024 05:14:00 GMT', 'Content-Type': 'application/json; charset=utf-8', 'Transfer-Encoding': 'chunked', 'Connection': 'keep-alive', 'X-Powered-By': 'Express', 'Access-Control-Allow-Origin': '*', 'Cache-Control': 'no-cache', 'ETag': 'W/"485-Px8CPAiJC9V6Ty74LokMkC7v9aI"', 'Vary': 'Accept-Encoding', 'Content-Encoding': 'gzip', 'CF-Cache-Status': 'DYNAMIC', 'Report-To': '{"endpoints":[{"url":"https:\\/\\/a.nel.cloudflare.com\\/report\\/v4?s=MJIFueDVEKro5kFxgPojJcDsnWLRFMvbWKpEKoeEgzaYpHz%2BOy%2FsfDccFI7SJzworBchInU2a5TMvB%2BF6RFbFR4rBDzOmhn0BVANKGLI6ntptqBLIC%2BcEZ6lp6QNuAGD"}],"group":"cf-nel","max_age":604800}', 'NEL': '{"success_fraction":0,"report_to":"cf-nel","max_age":604800}', 'Server': 'cloudflare', 'CF-RAY': '87b490f75dee5a45-IAD', 'alt-svc': 'h3=":443"; ma=86400'} 
 body={"results":[{"gender":"female","name":{"title":"Mrs","first":"Nurdan","last":"Uluhan"},"location":{"street":{"number":5511,"name":"Filistin Cd"},"city":"Denizli","state":"Siirt","country":"Turkey","postcode":37135,"coordinates":{"latitude":"69.0701","longitude":"0.7942"},"timezone":{"offset":"+1:00","description":"Brussels, Copenhagen, Madrid, Paris"}},"email":"nurdan.uluhan@example.com","login":{"uuid":"bd97893b-40d0-4081-a91f-f6ad3091e416","username":"whitezebra483","password":"airplane","salt":"b1ddFd3J","md5":"7c6be26d8cfff8541931f19c1d259cc6","sha1":"0da674dc486d522711136438d43f5356e4994d70","sha256":"1ca2f36c79b6d373d9b878c5121609ffa6f5364e556b4e68905df405de0fcb08"},"dob":{"date":"1982-12-31T10:52:49.903Z","age":41},"registered":{"date":"2019-11-09T08:56:14.604Z","age":4},"phone":"(050)-930-4815","cell":"(615)-018-6631","id":{"name":"","value":null},"picture":{"large":"https://randomuser.me/api/portraits/women/21.jpg","medium":"https://randomuser.me/api/portraits/med/women/21.jpg","thumbnail":"https://randomuser.me/api/portraits/thumb/women/21.jpg"},"nat":"TR"}],"info":{"seed":"443d851e768127ca","results":1,"page":1,"version":"1.4"}} 
 </msg>
<msg time="2024-04-28T05:14:00.361417" level="INFO">/opt/hostedtoolcache/Python/3.12.3/x64/lib/python3.12/site-packages/urllib3/connectionpool.py:1103: InsecureRequestWarning: Unverified HTTPS request is being made to host 'randomuser.me'. Adding certificate verification is strongly advised. See: https://urllib3.readthedocs.io/en/latest/advanced-usage.html#tls-warnings
  warnings.warn(</msg>
<msg time="2024-04-28T05:14:00.361550" level="INFO">${response} = &lt;Response [200]&gt;</msg>
<var>${response}</var>
<arg>consultarAPI</arg>
<arg>/api</arg>
<doc>Sends a GET request on a previously created HTTP Session.</doc>
<status status="PASS" start="2024-04-28T05:14:00.215249" elapsed="0.146456"/>
</kw>
<kw name="Set Variable" owner="BuiltIn">
<msg time="2024-04-28T05:14:00.362916" level="INFO">${json_data} = {'results': [{'gender': 'female', 'name': {'title': 'Mrs', 'first': 'Nurdan', 'last': 'Uluhan'}, 'location': {'street': {'number': 5511, 'name': 'Filistin Cd'}, 'city': 'Denizli', 'state': 'Siirt', 'c...</msg>
<var>${json_data}</var>
<arg>${response.json()}</arg>
<doc>Returns the given values which can then be assigned to a variables.</doc>
<status status="PASS" start="2024-04-28T05:14:00.362353" elapsed="0.000590"/>
</kw>
<kw name="Log" owner="BuiltIn">
<msg time="2024-04-28T05:14:00.363404" level="INFO">{'results': [{'gender': 'female', 'name': {'title': 'Mrs', 'first': 'Nurdan', 'last': 'Uluhan'}, 'location': {'street': {'number': 5511, 'name': 'Filistin Cd'}, 'city': 'Denizli', 'state': 'Siirt', 'country': 'Turkey', 'postcode': 37135, 'coordinates': {'latitude': '69.0701', 'longitude': '0.7942'}, 'timezone': {'offset': '+1:00', 'description': 'Brussels, Copenhagen, Madrid, Paris'}}, 'email': 'nurdan.uluhan@example.com', 'login': {'uuid': 'bd97893b-40d0-4081-a91f-f6ad3091e416', 'username': 'whitezebra483', 'password': 'airplane', 'salt': 'b1ddFd3J', 'md5': '7c6be26d8cfff8541931f19c1d259cc6', 'sha1': '0da674dc486d522711136438d43f5356e4994d70', 'sha256': '1ca2f36c79b6d373d9b878c5121609ffa6f5364e556b4e68905df405de0fcb08'}, 'dob': {'date': '1982-12-31T10:52:49.903Z', 'age': 41}, 'registered': {'date': '2019-11-09T08:56:14.604Z', 'age': 4}, 'phone': '(050)-930-4815', 'cell': '(615)-018-6631', 'id': {'name': '', 'value': None}, 'picture': {'large': 'https://randomuser.me/api/portraits/women/21.jpg', 'medium': 'https://randomuser.me/api/portraits/med/women/21.jpg', 'thumbnail': 'https://randomuser.me/api/portraits/thumb/women/21.jpg'}, 'nat': 'TR'}], 'info': {'seed': '443d851e768127ca', 'results': 1, 'page': 1, 'version': '1.4'}}</msg>
<arg>${json_data}</arg>
<doc>Logs the given message with the given level.</doc>
<status status="PASS" start="2024-04-28T05:14:00.363249" elapsed="0.000242"/>
</kw>
<kw name="Should Be String" owner="String">
<arg>${json_data['results'][0]['gender']}</arg>
<doc>Fails if the given ``item`` is not a string.</doc>
<status status="PASS" start="2024-04-28T05:14:00.363788" elapsed="0.000359"/>
</kw>
<kw name="Should Match Regexp" owner="BuiltIn">
<arg>${json_data['results'][0]['email']}</arg>
<arg>^[a-zA-Z0-9._%+-]+@[a-zA-Z0-9.-]+\.[a-zA-Z]{2,}$</arg>
<doc>Fails if ``string`` does not match ``pattern`` as a regular expression.</doc>
<status status="PASS" start="2024-04-28T05:14:00.364337" elapsed="0.000517"/>
</kw>
<kw name="Should Match Regexp" owner="BuiltIn">
<arg>${json_data['results'][0]['dob']['date']}</arg>
<arg>\\d{4}-\\d{2}-\\d{2}T\\d{2}:\\d{2}:\\d{2}\\.\\d{3}Z</arg>
<doc>Fails if ``string`` does not match ``pattern`` as a regular expression.</doc>
<status status="PASS" start="2024-04-28T05:14:00.365047" elapsed="0.000474"/>
</kw>
<kw name="Should Match Regexp" owner="BuiltIn">
<arg>${json_data['results'][0]['registered']['date']}</arg>
<arg>\\d{4}-\\d{2}-\\d{2}T\\d{2}:\\d{2}:\\d{2}\\.\\d{3}Z</arg>
<doc>Fails if ``string`` does not match ``pattern`` as a regular expression.</doc>
<status status="PASS" start="2024-04-28T05:14:00.365708" elapsed="0.000372"/>
</kw>
<kw name="Should Match Regexp" owner="BuiltIn">
<arg>${json_data['results'][0]['picture']['large']}</arg>
<arg>^https?://.*\.(?:png|jpe?g|gif|bmp)$</arg>
<doc>Fails if ``string`` does not match ``pattern`` as a regular expression.</doc>
<status status="PASS" start="2024-04-28T05:14:00.366266" elapsed="0.000537"/>
</kw>
<kw name="Should Match Regexp" owner="BuiltIn">
<arg>${json_data['results'][0]['picture']['medium']}</arg>
<arg>^https?://.*\.(?:png|jpe?g|gif|bmp)$</arg>
<doc>Fails if ``string`` does not match ``pattern`` as a regular expression.</doc>
<status status="PASS" start="2024-04-28T05:14:00.366993" elapsed="0.000364"/>
</kw>
<kw name="Should Match Regexp" owner="BuiltIn">
<arg>${json_data['results'][0]['picture']['thumbnail']}</arg>
<arg>^https?://.*\.(?:png|jpe?g|gif|bmp)$</arg>
<doc>Fails if ``string`` does not match ``pattern`` as a regular expression.</doc>
<status status="PASS" start="2024-04-28T05:14:00.367545" elapsed="0.000346"/>
</kw>
<kw name="Log" owner="BuiltIn">
<msg time="2024-04-28T05:14:00.368392" level="INFO">{'large': 'https://randomuser.me/api/portraits/women/21.jpg', 'medium': 'https://randomuser.me/api/portraits/med/women/21.jpg', 'thumbnail': 'https://randomuser.me/api/portraits/thumb/women/21.jpg'}</msg>
<arg>${json_data['results'][0]['picture']}</arg>
<doc>Logs the given message with the given level.</doc>
<status status="PASS" start="2024-04-28T05:14:00.368068" elapsed="0.000365"/>
</kw>
<status status="PASS" start="2024-04-28T05:14:00.215022" elapsed="0.153666"/>
</kw>
<kw name="Teste de Tipos de Dados - Postcode" owner="random-user-service">
<kw name="GET On Session" owner="RequestsLibrary">
<msg time="2024-04-28T05:14:00.669802" level="INFO">GET Request : url=https://randomuser.me/api 
 path_url=/api 
 headers={'User-Agent': 'python-requests/2.31.0', 'Accept-Encoding': 'gzip, deflate', 'Accept': '*/*', 'Connection': 'keep-alive'} 
 body=None 
 </msg>
<msg time="2024-04-28T05:14:00.669912" level="INFO">GET Response : url=https://randomuser.me/api 
 status=200, reason=OK 
 headers={'Date': 'Sun, 28 Apr 2024 05:14:00 GMT', 'Content-Type': 'application/json; charset=utf-8', 'Transfer-Encoding': 'chunked', 'Connection': 'keep-alive', 'X-Powered-By': 'Express', 'Access-Control-Allow-Origin': '*', 'Cache-Control': 'no-cache', 'ETag': 'W/"484-FtqOcZcLm/I+tLQBBD2DCxa0+mA"', 'Vary': 'Accept-Encoding', 'Content-Encoding': 'gzip', 'CF-Cache-Status': 'DYNAMIC', 'Report-To': '{"endpoints":[{"url":"https:\\/\\/a.nel.cloudflare.com\\/report\\/v4?s=5xcgXz6MExCxpGTmPeUrTgPU3fo99ux9tP78MNR74r%2BtaPBKX%2FzMfVHlz2NYMhwEsp9S0OU1nRVoWfjCTlmV7W7vn6Id%2Bme0j5U36RnxzBtUXQVz7Il3BW3If%2BEwtHoT"}],"group":"cf-nel","max_age":604800}', 'NEL': '{"success_fraction":0,"report_to":"cf-nel","max_age":604800}', 'Server': 'cloudflare', 'CF-RAY': '87b490f85e825a45-IAD', 'alt-svc': 'h3=":443"; ma=86400'} 
 body={"results":[{"gender":"male","name":{"title":"Mr","first":"Oscar","last":"Jørgensen"},"location":{"street":{"number":2977,"name":"Sønderskovvej"},"city":"Skaerbaek","state":"Hovedstaden","country":"Denmark","postcode":27121,"coordinates":{"latitude":"-46.4316","longitude":"-123.5611"},"timezone":{"offset":"-1:00","description":"Azores, Cape Verde Islands"}},"email":"oscar.jorgensen@example.com","login":{"uuid":"b564dc53-2e13-491e-82ca-fe5004fa4a91","username":"silvermouse976","password":"becky","salt":"l5hmJf4a","md5":"8730d3850771ad89919b8836e505694a","sha1":"00fee5b5fbbbe201a531d620195c3ed5e083d49f","sha256":"90321a1a5af426ca62870999fc335c9ad96156a79cbaa1f14fce767312541100"},"dob":{"date":"1995-06-28T02:48:42.170Z","age":28},"registered":{"date":"2008-10-06T14:19:13.150Z","age":15},"phone":"02962651","cell":"37257301","id":{"name":"CPR","value":"270695-8455"},"picture":{"large":"https://randomuser.me/api/portraits/men/0.jpg","medium":"https://randomuser.me/api/portraits/med/men/0.jpg","thumbnail":"https://randomuser.me/api/portraits/thumb/men/0.jpg"},"nat":"DK"}],"info":{"seed":"6b64517858b596ee","results":1,"page":1,"version":"1.4"}} 
 </msg>
<msg time="2024-04-28T05:14:00.669997" level="INFO">/opt/hostedtoolcache/Python/3.12.3/x64/lib/python3.12/site-packages/urllib3/connectionpool.py:1103: InsecureRequestWarning: Unverified HTTPS request is being made to host 'randomuser.me'. Adding certificate verification is strongly advised. See: https://urllib3.readthedocs.io/en/latest/advanced-usage.html#tls-warnings
  warnings.warn(</msg>
<msg time="2024-04-28T05:14:00.670124" level="INFO">${response} = &lt;Response [200]&gt;</msg>
<var>${response}</var>
<arg>consultarAPI</arg>
<arg>/api</arg>
<doc>Sends a GET request on a previously created HTTP Session.</doc>
<status status="PASS" start="2024-04-28T05:14:00.369153" elapsed="0.301010"/>
</kw>
<kw name="Set Variable" owner="BuiltIn">
<msg time="2024-04-28T05:14:00.671373" level="INFO">${json_data} = {'results': [{'gender': 'male', 'name': {'title': 'Mr', 'first': 'Oscar', 'last': 'Jørgensen'}, 'location': {'street': {'number': 2977, 'name': 'Sønderskovvej'}, 'city': 'Skaerbaek', 'state': 'Hovedst...</msg>
<var>${json_data}</var>
<arg>${response.json()}</arg>
<doc>Returns the given values which can then be assigned to a variables.</doc>
<status status="PASS" start="2024-04-28T05:14:00.670813" elapsed="0.000589"/>
</kw>
<kw name="Log" owner="BuiltIn">
<msg time="2024-04-28T05:14:00.671873" level="INFO">{'results': [{'gender': 'male', 'name': {'title': 'Mr', 'first': 'Oscar', 'last': 'Jørgensen'}, 'location': {'street': {'number': 2977, 'name': 'Sønderskovvej'}, 'city': 'Skaerbaek', 'state': 'Hovedstaden', 'country': 'Denmark', 'postcode': 27121, 'coordinates': {'latitude': '-46.4316', 'longitude': '-123.5611'}, 'timezone': {'offset': '-1:00', 'description': 'Azores, Cape Verde Islands'}}, 'email': 'oscar.jorgensen@example.com', 'login': {'uuid': 'b564dc53-2e13-491e-82ca-fe5004fa4a91', 'username': 'silvermouse976', 'password': 'becky', 'salt': 'l5hmJf4a', 'md5': '8730d3850771ad89919b8836e505694a', 'sha1': '00fee5b5fbbbe201a531d620195c3ed5e083d49f', 'sha256': '90321a1a5af426ca62870999fc335c9ad96156a79cbaa1f14fce767312541100'}, 'dob': {'date': '1995-06-28T02:48:42.170Z', 'age': 28}, 'registered': {'date': '2008-10-06T14:19:13.150Z', 'age': 15}, 'phone': '02962651', 'cell': '37257301', 'id': {'name': 'CPR', 'value': '270695-8455'}, 'picture': {'large': 'https://randomuser.me/api/portraits/men/0.jpg', 'medium': 'https://randomuser.me/api/portraits/med/men/0.jpg', 'thumbnail': 'https://randomuser.me/api/portraits/thumb/men/0.jpg'}, 'nat': 'DK'}], 'info': {'seed': '6b64517858b596ee', 'results': 1, 'page': 1, 'version': '1.4'}}</msg>
<arg>${json_data}</arg>
<doc>Logs the given message with the given level.</doc>
<status status="PASS" start="2024-04-28T05:14:00.671712" elapsed="0.000247"/>
</kw>
<kw name="Should Be Equal As Numbers" owner="BuiltIn">
<arg>${json_data['results'][0]['location']['postcode']}</arg>
<arg>${json_data['results'][0]['location']['postcode']}</arg>
<doc>Fails if objects are unequal after converting them to real numbers.</doc>
<status status="PASS" start="2024-04-28T05:14:00.672440" elapsed="0.000613"/>
</kw>
<kw name="Log" owner="BuiltIn">
<msg time="2024-04-28T05:14:00.673581" level="INFO">27121</msg>
<arg>${json_data['results'][0]['location']['postcode']}</arg>
<doc>Logs the given message with the given level.</doc>
<status status="PASS" start="2024-04-28T05:14:00.673252" elapsed="0.000369"/>
</kw>
<status status="PASS" start="2024-04-28T05:14:00.368915" elapsed="0.304962"/>
</kw>
<doc>Testa se os tipos de dados na resposta da API estão corretos.</doc>
<tag>testeTiposDados</tag>
<status status="PASS" start="2024-04-28T05:14:00.214571" elapsed="0.459517"/>
</test>
<test id="s1-s1-t5" name="Validar conteudo" line="35">
<kw name="Teste de Tipos de Conteudo" owner="random-user-service">
<kw name="GET On Session" owner="RequestsLibrary">
<msg time="2024-04-28T05:14:00.749944" level="INFO">GET Request : url=https://randomuser.me/api 
 path_url=/api 
 headers={'User-Agent': 'python-requests/2.31.0', 'Accept-Encoding': 'gzip, deflate', 'Accept': '*/*', 'Connection': 'keep-alive'} 
 body=None 
 </msg>
<msg time="2024-04-28T05:14:00.750039" level="INFO">GET Response : url=https://randomuser.me/api 
 status=200, reason=OK 
 headers={'Date': 'Sun, 28 Apr 2024 05:14:00 GMT', 'Content-Type': 'application/json; charset=utf-8', 'Transfer-Encoding': 'chunked', 'Connection': 'keep-alive', 'X-Powered-By': 'Express', 'Access-Control-Allow-Origin': '*', 'Cache-Control': 'no-cache', 'ETag': 'W/"48b-LZqXdIGk9RwIytCYEtYx2No38lg"', 'Vary': 'Accept-Encoding', 'Content-Encoding': 'gzip', 'CF-Cache-Status': 'DYNAMIC', 'Report-To': '{"endpoints":[{"url":"https:\\/\\/a.nel.cloudflare.com\\/report\\/v4?s=aPqKAqNdSGbx2i5FejgIWJx0xhCwsigYXyV5EeFWbHEnHorNGJFluIB1LkmAVqBO63suGbDTqHDXoBmaPQBEKerwbcQEKHDV6bkgJevxN07BKHcuv%2Fj21TiBVIAkK5%2Bo"}],"group":"cf-nel","max_age":604800}', 'NEL': '{"success_fraction":0,"report_to":"cf-nel","max_age":604800}', 'Server': 'cloudflare', 'CF-RAY': '87b490fa3fa45a45-IAD', 'alt-svc': 'h3=":443"; ma=86400'} 
 body={"results":[{"gender":"male","name":{"title":"Mr","first":"Rishaan","last":"Sheikh"},"location":{"street":{"number":6201,"name":"Car St"},"city":"Gorakhpur","state":"Puducherry","country":"India","postcode":46683,"coordinates":{"latitude":"12.0888","longitude":"-50.6918"},"timezone":{"offset":"+3:00","description":"Baghdad, Riyadh, Moscow, St. Petersburg"}},"email":"rishaan.sheikh@example.com","login":{"uuid":"cd8915b6-f066-4b65-ba45-5e7f5a11bb51","username":"browngoose420","password":"payton","salt":"9ayxRzwl","md5":"9585046cfc018a0f3a885c24d568fdbe","sha1":"25c171b255aceef828d4da001777335daad0687c","sha256":"13690b3f336e688daa3e72f5d81fe6ec17dcd45fa52d94b82456c12045351c4c"},"dob":{"date":"1996-04-07T01:24:37.090Z","age":28},"registered":{"date":"2011-10-15T10:44:31.365Z","age":12},"phone":"8611763026","cell":"8885317443","id":{"name":"UIDAI","value":"162189842409"},"picture":{"large":"https://randomuser.me/api/portraits/men/96.jpg","medium":"https://randomuser.me/api/portraits/med/men/96.jpg","thumbnail":"https://randomuser.me/api/portraits/thumb/men/96.jpg"},"nat":"IN"}],"info":{"seed":"ff2d4317ae32815f","results":1,"page":1,"version":"1.4"}} 
 </msg>
<msg time="2024-04-28T05:14:00.750117" level="INFO">/opt/hostedtoolcache/Python/3.12.3/x64/lib/python3.12/site-packages/urllib3/connectionpool.py:1103: InsecureRequestWarning: Unverified HTTPS request is being made to host 'randomuser.me'. Adding certificate verification is strongly advised. See: https://urllib3.readthedocs.io/en/latest/advanced-usage.html#tls-warnings
  warnings.warn(</msg>
<msg time="2024-04-28T05:14:00.750254" level="INFO">${response} = &lt;Response [200]&gt;</msg>
<var>${response}</var>
<arg>consultarAPI</arg>
<arg>/api</arg>
<doc>Sends a GET request on a previously created HTTP Session.</doc>
<status status="PASS" start="2024-04-28T05:14:00.676668" elapsed="0.073634"/>
</kw>
<kw name="Set Variable" owner="BuiltIn">
<msg time="2024-04-28T05:14:00.751494" level="INFO">${json_data} = {'results': [{'gender': 'male', 'name': {'title': 'Mr', 'first': 'Rishaan', 'last': 'Sheikh'}, 'location': {'street': {'number': 6201, 'name': 'Car St'}, 'city': 'Gorakhpur', 'state': 'Puducherry', 'c...</msg>
<var>${json_data}</var>
<arg>${response.json()}</arg>
<doc>Returns the given values which can then be assigned to a variables.</doc>
<status status="PASS" start="2024-04-28T05:14:00.750928" elapsed="0.000594"/>
</kw>
<kw name="Set Variable" owner="BuiltIn">
<msg time="2024-04-28T05:14:00.752214" level="INFO">${name_title} = Mr</msg>
<var>${name_title}</var>
<arg>${json_data["results"][0]["name"]["title"]}</arg>
<doc>Returns the given values which can then be assigned to a variables.</doc>
<status status="PASS" start="2024-04-28T05:14:00.751826" elapsed="0.000413"/>
</kw>
<kw name="Create List" owner="BuiltIn">
<msg time="2024-04-28T05:14:00.752685" level="INFO">${allowed_titles} = ['Mr', 'Ms', 'Miss', 'Mrs', 'Madame', 'Monsieur']</msg>
<var>${allowed_titles}</var>
<arg>Mr</arg>
<arg>Ms</arg>
<arg>Miss</arg>
<arg>Mrs</arg>
<arg>Madame</arg>
<arg>Monsieur</arg>
<doc>Returns a list containing given items.</doc>
<status status="PASS" start="2024-04-28T05:14:00.752538" elapsed="0.000170"/>
</kw>
<kw name="List Should Contain Value" owner="Collections">
<msg time="2024-04-28T05:14:00.753180" level="INFO">False</msg>
<arg>${allowed_titles}</arg>
<arg>${name_title}</arg>
<doc>Fails if the ``value`` is not found from ``list``.</doc>
<status status="PASS" start="2024-04-28T05:14:00.753006" elapsed="0.000211"/>
</kw>
<kw name="Set Variable" owner="BuiltIn">
<msg time="2024-04-28T05:14:00.753884" level="INFO">${name_country} = IN</msg>
<var>${name_country}</var>
<arg>${json_data["results"][0]["nat"]}</arg>
<doc>Returns the given values which can then be assigned to a variables.</doc>
<status status="PASS" start="2024-04-28T05:14:00.753503" elapsed="0.000406"/>
</kw>
<kw name="Create List" owner="BuiltIn">
<msg time="2024-04-28T05:14:00.754827" level="INFO">${list_country} = ['AD', 'AE', 'AF', 'AG', 'AI', 'AL', 'AM', 'AO', 'AQ', 'AR', 'AS', 'AT', 'AU', 'AW', 'AX', 'AZ', 'BA', 'BB', 'BD', 'BE', 'BF', 'BG', 'BH', 'BI', 'BJ', 'BL', 'BM', 'BN', 'BO', 'BQ', 'BR', 'BS', 'BT', '...</msg>
<var>${list_country}</var>
<arg>AD</arg>
<arg>AE</arg>
<arg>AF</arg>
<arg>AG</arg>
<arg>AI</arg>
<arg>AL</arg>
<arg>AM</arg>
<arg>AO</arg>
<arg>AQ</arg>
<arg>AR</arg>
<arg>AS</arg>
<arg>AT</arg>
<arg>AU</arg>
<arg>AW</arg>
<arg>AX</arg>
<arg>AZ</arg>
<arg>BA</arg>
<arg>BB</arg>
<arg>BD</arg>
<arg>BE</arg>
<arg>BF</arg>
<arg>BG</arg>
<arg>BH</arg>
<arg>BI</arg>
<arg>BJ</arg>
<arg>BL</arg>
<arg>BM</arg>
<arg>BN</arg>
<arg>BO</arg>
<arg>BQ</arg>
<arg>BR</arg>
<arg>BS</arg>
<arg>BT</arg>
<arg>BV</arg>
<arg>BW</arg>
<arg>BY</arg>
<arg>BZ</arg>
<arg>CA</arg>
<arg>CC</arg>
<arg>CD</arg>
<arg>CF</arg>
<arg>CG</arg>
<arg>CH</arg>
<arg>CI</arg>
<arg>CK</arg>
<arg>CL</arg>
<arg>CM</arg>
<arg>CN</arg>
<arg>CO</arg>
<arg>CR</arg>
<arg>CU</arg>
<arg>CV</arg>
<arg>CW</arg>
<arg>CX</arg>
<arg>CY</arg>
<arg>CZ</arg>
<arg>DE</arg>
<arg>DJ</arg>
<arg>DK</arg>
<arg>DM</arg>
<arg>DO</arg>
<arg>DZ</arg>
<arg>EC</arg>
<arg>EE</arg>
<arg>EG</arg>
<arg>EH</arg>
<arg>ER</arg>
<arg>ES</arg>
<arg>ET</arg>
<arg>FI</arg>
<arg>FJ</arg>
<arg>FK</arg>
<arg>FM</arg>
<arg>FO</arg>
<arg>FR</arg>
<arg>GA</arg>
<arg>GB</arg>
<arg>GD</arg>
<arg>GE</arg>
<arg>GF</arg>
<arg>GG</arg>
<arg>GH</arg>
<arg>GI</arg>
<arg>GL</arg>
<arg>GM</arg>
<arg>GN</arg>
<arg>GP</arg>
<arg>GQ</arg>
<arg>GR</arg>
<arg>GS</arg>
<arg>GT</arg>
<arg>GU</arg>
<arg>GW</arg>
<arg>GY</arg>
<arg>HK</arg>
<arg>HM</arg>
<arg>HN</arg>
<arg>HR</arg>
<arg>HT</arg>
<arg>HU</arg>
<arg>ID</arg>
<arg>IE</arg>
<arg>IL</arg>
<arg>IM</arg>
<arg>IN</arg>
<arg>IO</arg>
<arg>IQ</arg>
<arg>IR</arg>
<arg>IS</arg>
<arg>IT</arg>
<arg>JE</arg>
<arg>JM</arg>
<arg>JO</arg>
<arg>JP</arg>
<arg>KE</arg>
<arg>KG</arg>
<arg>KH</arg>
<arg>KI</arg>
<arg>KM</arg>
<arg>KN</arg>
<arg>KP</arg>
<arg>KR</arg>
<arg>KW</arg>
<arg>KY</arg>
<arg>KZ</arg>
<arg>LA</arg>
<arg>LB</arg>
<arg>LC</arg>
<arg>LI</arg>
<arg>LK</arg>
<arg>LR</arg>
<arg>LS</arg>
<arg>LT</arg>
<arg>LU</arg>
<arg>LV</arg>
<arg>LY</arg>
<arg>MA</arg>
<arg>MC</arg>
<arg>MD</arg>
<arg>ME</arg>
<arg>MF</arg>
<arg>MG</arg>
<arg>MH</arg>
<arg>MK</arg>
<arg>ML</arg>
<arg>MM</arg>
<arg>MN</arg>
<arg>MO</arg>
<arg>MP</arg>
<arg>MQ</arg>
<arg>MR</arg>
<arg>MS</arg>
<arg>MT</arg>
<arg>MU</arg>
<arg>MV</arg>
<arg>MW</arg>
<arg>MX</arg>
<arg>MY</arg>
<arg>MZ</arg>
<arg>NA</arg>
<arg>NC</arg>
<arg>NE</arg>
<arg>NF</arg>
<arg>NG</arg>
<arg>NI</arg>
<arg>NL</arg>
<arg>NO</arg>
<arg>NP</arg>
<arg>NR</arg>
<arg>NU</arg>
<arg>NZ</arg>
<arg>OM</arg>
<arg>PA</arg>
<arg>PE</arg>
<arg>PF</arg>
<arg>PG</arg>
<arg>PH</arg>
<arg>PK</arg>
<arg>PL</arg>
<arg>PM</arg>
<arg>PN</arg>
<arg>PR</arg>
<arg>PS</arg>
<arg>PT</arg>
<arg>PW</arg>
<arg>PY</arg>
<arg>QA</arg>
<arg>RE</arg>
<arg>RO</arg>
<arg>RS</arg>
<arg>RU</arg>
<arg>RW</arg>
<arg>SA</arg>
<arg>SB</arg>
<arg>SC</arg>
<arg>SD</arg>
<arg>SE</arg>
<arg>SG</arg>
<arg>SH</arg>
<arg>SI</arg>
<arg>SJ</arg>
<arg>SK</arg>
<arg>SL</arg>
<arg>SM</arg>
<arg>SN</arg>
<arg>SO</arg>
<arg>SR</arg>
<arg>SS</arg>
<arg>ST</arg>
<arg>SV</arg>
<arg>SX</arg>
<arg>SY</arg>
<arg>SZ</arg>
<arg>TC</arg>
<arg>TD</arg>
<arg>TF</arg>
<arg>TG</arg>
<arg>TH</arg>
<arg>TJ</arg>
<arg>TK</arg>
<arg>TL</arg>
<arg>TM</arg>
<arg>TN</arg>
<arg>TO</arg>
<arg>TR</arg>
<arg>TT</arg>
<arg>TV</arg>
<arg>TW</arg>
<arg>TZ</arg>
<arg>UA</arg>
<arg>UG</arg>
<arg>UM</arg>
<arg>US</arg>
<arg>UY</arg>
<arg>UZ</arg>
<arg>VA</arg>
<arg>VC</arg>
<arg>VE</arg>
<arg>VG</arg>
<arg>VI</arg>
<arg>VN</arg>
<arg>VU</arg>
<arg>WF</arg>
<arg>WS</arg>
<arg>XK</arg>
<arg>YE</arg>
<arg>YT</arg>
<arg>ZA</arg>
<arg>ZM</arg>
<arg>ZW</arg>
<doc>Returns a list containing given items.</doc>
<status status="PASS" start="2024-04-28T05:14:00.754207" elapsed="0.000646"/>
</kw>
<kw name="List Should Contain Value" owner="Collections">
<msg time="2024-04-28T05:14:00.755849" level="INFO">False</msg>
<arg>${list_country}</arg>
<arg>${name_country}</arg>
<doc>Fails if the ``value`` is not found from ``list``.</doc>
<status status="PASS" start="2024-04-28T05:14:00.755650" elapsed="0.000235"/>
</kw>
<kw name="Run Keyword If" owner="BuiltIn">
<kw name="Should Be True" owner="BuiltIn">
<arg>${True}</arg>
<doc>Fails if the given condition is not true.</doc>
<status status="PASS" start="2024-04-28T05:14:00.756953" elapsed="0.000258"/>
</kw>
<arg>${json_data["results"][0]["location"]["coordinates"]["latitude"]} &gt;= -90 and ${json_data["results"][0]["location"]["coordinates"]["latitude"]} &lt;= 90</arg>
<arg>Should Be True</arg>
<arg>${True}</arg>
<doc>Runs the given keyword with the given arguments, if ``condition`` is true.</doc>
<status status="PASS" start="2024-04-28T05:14:00.756195" elapsed="0.001149"/>
</kw>
<kw name="Run Keyword If" owner="BuiltIn">
<kw name="Should Be True" owner="BuiltIn">
<arg>${True}</arg>
<doc>Fails if the given condition is not true.</doc>
<status status="PASS" start="2024-04-28T05:14:00.758249" elapsed="0.000146"/>
</kw>
<arg>${json_data["results"][0]["location"]["coordinates"]["longitude"]} &gt;= -180 and ${json_data["results"][0]["location"]["coordinates"]["longitude"]} &lt;= 180</arg>
<arg>Should Be True</arg>
<arg>${True}</arg>
<doc>Runs the given keyword with the given arguments, if ``condition`` is true.</doc>
<status status="PASS" start="2024-04-28T05:14:00.757541" elapsed="0.001001"/>
</kw>
<status status="PASS" start="2024-04-28T05:14:00.676432" elapsed="0.082245"/>
</kw>
<doc>Testa o conteúdo específico dos campos retornados pela API.</doc>
<tag>testeConteudo</tag>
<status status="PASS" start="2024-04-28T05:14:00.675892" elapsed="0.082936"/>
</test>
<status status="PASS" start="2024-04-28T05:13:59.569476" elapsed="1.191334"/>
</suite>
<status status="PASS" start="2024-04-28T05:13:59.555847" elapsed="1.210176"/>
</suite>
<statistics>
<total>
<stat pass="5" fail="0" skip="0">All Tests</stat>
</total>
<tag>
<stat pass="1" fail="0" skip="0">testeConteudo</stat>
<stat pass="1" fail="0" skip="0">testeEstruturaResposta</stat>
<stat pass="1" fail="0" skip="0">testeRequisicaoBasica</stat>
<stat pass="1" fail="0" skip="0">testeTiposDados</stat>
</tag>
<suite>
<stat pass="5" fail="0" skip="0" id="s1" name="Tests">Tests</stat>
<stat pass="5" fail="0" skip="0" id="s1-s1" name="Random-User-Test">Tests.Random-User-Test</stat>
</suite>
</statistics>
<errors>
</errors>
</robot>
