<?xml version="1.0" encoding="UTF-8"?>
<robot generator="Robot 7.0.1 (Python 3.12.3 on linux)" generated="2024-06-18T16:19:18.316848" rpa="false" schemaversion="5">
<suite id="s1" name="Tests" source="/home/runner/work/ApiRandomUser/ApiRandomUser/RamdonUser/tests">
<suite id="s1-s1" name="Random-User-Test" source="/home/runner/work/ApiRandomUser/ApiRandomUser/RamdonUser/tests/random-user-test.robot">
<test id="s1-s1-t1" name="Conectar" line="13">
<kw name="Conectar API" owner="random-user-service">
<kw name="Create Session" owner="RequestsLibrary">
<msg time="2024-06-18T16:19:18.705366" level="INFO">Creating Session using : alias=consultarAPI, url=https://randomuser.me/, headers={},                     cookies={}, auth=None, timeout=None, proxies=None, verify=False,                     debug=0 </msg>
<arg>consultarAPI</arg>
<arg>${URL}</arg>
<doc>Create Session: create a HTTP session to a server</doc>
<status status="PASS" start="2024-06-18T16:19:18.705169" elapsed="0.000381"/>
</kw>
<status status="PASS" start="2024-06-18T16:19:18.704124" elapsed="0.001806"/>
</kw>
<status status="PASS" start="2024-06-18T16:19:18.703582" elapsed="0.002554"/>
</test>
<test id="s1-s1-t2" name="Validar retorno 200 e JSON Válido" line="16">
<kw name="Teste de Requisicao Basica" owner="random-user-service">
<kw name="GET On Session" owner="RequestsLibrary">
<msg time="2024-06-18T16:19:18.886164" level="INFO">GET Request : url=https://randomuser.me/api 
 path_url=/api 
 headers={'User-Agent': 'python-requests/2.32.3', 'Accept-Encoding': 'gzip, deflate', 'Accept': '*/*', 'Connection': 'keep-alive'} 
 body=None 
 </msg>
<msg time="2024-06-18T16:19:18.886313" level="INFO">GET Response : url=https://randomuser.me/api 
 status=200, reason=OK 
 headers={'Date': 'Tue, 18 Jun 2024 16:19:18 GMT', 'Content-Type': 'application/json; charset=utf-8', 'Transfer-Encoding': 'chunked', 'Connection': 'keep-alive', 'X-Powered-By': 'Express', 'Access-Control-Allow-Origin': '*', 'Cache-Control': 'no-cache', 'ETag': 'W/"47c-FlN2ii19WmMSjn7eGzM8h+1Efa4"', 'Vary': 'Accept-Encoding', 'Content-Encoding': 'gzip', 'CF-Cache-Status': 'DYNAMIC', 'Report-To': '{"endpoints":[{"url":"https:\\/\\/a.nel.cloudflare.com\\/report\\/v4?s=76G1yhdP9pQxs0lLo00gSLBdwuUrSp0BTV55i89rumDblf%2B36KMT3luNj13F8aD%2FP7qpZnXF2az8hlit1tLeKCuyhoocjdV%2BV8HrmesbmWfPDS66iUBZwHi5bVXTcXJf"}],"group":"cf-nel","max_age":604800}', 'NEL': '{"success_fraction":0,"report_to":"cf-nel","max_age":604800}', 'Server': 'cloudflare', 'CF-RAY': '895c99aadccb878b-IAD', 'alt-svc': 'h3=":443"; ma=86400'} 
 body={"results":[{"gender":"female","name":{"title":"Ms","first":"Fevroniya","last":"Oles"},"location":{"street":{"number":9054,"name":"Kvitneva"},"city":"Gayvoron","state":"Sumska","country":"Ukraine","postcode":43786,"coordinates":{"latitude":"73.5953","longitude":"117.1024"},"timezone":{"offset":"-7:00","description":"Mountain Time (US &amp; Canada)"}},"email":"fevroniya.oles@example.com","login":{"uuid":"e9f2e63b-6735-4295-81c6-6ac2051c4426","username":"happygoose667","password":"shanna","salt":"EoukMwqf","md5":"23ad5997c544b566f7438d2774a37817","sha1":"9d3105092189e685a7f37704ac62ba3e8c8aa1dd","sha256":"6200963cb7924993da3a577db7d294ce8d4a9d0059c86dfc6953ce923542d785"},"dob":{"date":"1989-08-28T05:06:38.336Z","age":34},"registered":{"date":"2004-10-27T11:04:00.843Z","age":19},"phone":"(068) C72-2145","cell":"(067) H29-6895","id":{"name":"","value":null},"picture":{"large":"https://randomuser.me/api/portraits/women/5.jpg","medium":"https://randomuser.me/api/portraits/med/women/5.jpg","thumbnail":"https://randomuser.me/api/portraits/thumb/women/5.jpg"},"nat":"UA"}],"info":{"seed":"48c89c2568284146","results":1,"page":1,"version":"1.4"}} 
 </msg>
<msg time="2024-06-18T16:19:18.886395" level="INFO">/opt/hostedtoolcache/Python/3.12.3/x64/lib/python3.12/site-packages/urllib3/connectionpool.py:1099: InsecureRequestWarning: Unverified HTTPS request is being made to host 'randomuser.me'. Adding certificate verification is strongly advised. See: https://urllib3.readthedocs.io/en/latest/advanced-usage.html#tls-warnings
  warnings.warn(</msg>
<msg time="2024-06-18T16:19:18.886530" level="INFO">${response} = &lt;Response [200]&gt;</msg>
<var>${response}</var>
<arg>consultarAPI</arg>
<arg>/api</arg>
<doc>Sends a GET request on a previously created HTTP Session.</doc>
<status status="PASS" start="2024-06-18T16:19:18.708735" elapsed="0.177838"/>
</kw>
<kw name="Should Be Equal As Numbers" owner="BuiltIn">
<msg time="2024-06-18T16:19:18.887681" level="INFO">Argument types are:
&lt;class 'int'&gt;
&lt;class 'str'&gt;</msg>
<arg>${response.status_code}</arg>
<arg>200</arg>
<doc>Fails if objects are unequal after converting them to real numbers.</doc>
<status status="PASS" start="2024-06-18T16:19:18.887187" elapsed="0.000558"/>
</kw>
<kw name="Log" owner="BuiltIn">
<msg time="2024-06-18T16:19:18.888424" level="INFO">200</msg>
<arg>${response.status_code}</arg>
<doc>Logs the given message with the given level.</doc>
<status status="PASS" start="2024-06-18T16:19:18.888080" elapsed="0.000386"/>
</kw>
<kw name="Set Variable" owner="BuiltIn">
<msg time="2024-06-18T16:19:18.889205" level="INFO">${json_data} = {'results': [{'gender': 'female', 'name': {'title': 'Ms', 'first': 'Fevroniya', 'last': 'Oles'}, 'location': {'street': {'number': 9054, 'name': 'Kvitneva'}, 'city': 'Gayvoron', 'state': 'Sumska', 'co...</msg>
<var>${json_data}</var>
<arg>${response.json()}</arg>
<doc>Returns the given values which can then be assigned to a variables.</doc>
<status status="PASS" start="2024-06-18T16:19:18.888774" elapsed="0.000462"/>
</kw>
<kw name="Dictionary Should Contain Key" owner="Collections">
<arg>${json_data}</arg>
<arg>results</arg>
<doc>Fails if ``key`` is not found from ``dictionary``.</doc>
<status status="PASS" start="2024-06-18T16:19:18.889546" elapsed="0.000166"/>
</kw>
<status status="PASS" start="2024-06-18T16:19:18.708495" elapsed="0.181367"/>
</kw>
<doc>Testa se a API responde corretamente e retorna um objeto JSON válido.</doc>
<tag>testeRequisicaoBasica</tag>
<status status="PASS" start="2024-06-18T16:19:18.708025" elapsed="0.182052"/>
</test>
<test id="s1-s1-t3" name="Validar estrutura de resposta" line="22">
<kw name="Teste de Estrutura de Resposta" owner="random-user-service">
<kw name="GET On Session" owner="RequestsLibrary">
<msg time="2024-06-18T16:19:18.985946" level="INFO">GET Request : url=https://randomuser.me/api 
 path_url=/api 
 headers={'User-Agent': 'python-requests/2.32.3', 'Accept-Encoding': 'gzip, deflate', 'Accept': '*/*', 'Connection': 'keep-alive'} 
 body=None 
 </msg>
<msg time="2024-06-18T16:19:18.986023" level="INFO">GET Response : url=https://randomuser.me/api 
 status=200, reason=OK 
 headers={'Date': 'Tue, 18 Jun 2024 16:19:18 GMT', 'Content-Type': 'application/json; charset=utf-8', 'Transfer-Encoding': 'chunked', 'Connection': 'keep-alive', 'X-Powered-By': 'Express', 'Access-Control-Allow-Origin': '*', 'Cache-Control': 'no-cache', 'ETag': 'W/"491-0Goxe45fHyjQsPUP6DVk8Mo4rrE"', 'Vary': 'Accept-Encoding', 'Content-Encoding': 'gzip', 'CF-Cache-Status': 'DYNAMIC', 'Report-To': '{"endpoints":[{"url":"https:\\/\\/a.nel.cloudflare.com\\/report\\/v4?s=3oF4zQij%2BfJINNJ1D5yy5sm9F6H6CvU3waCvSJmB1V5Q7DF8mXxRSu428Iafywrrr0WEw2HiiqSIxmCCAkvPTXo8hgcRY%2FXZUkpibf7fGPGJesVIDkpHE4QoZCruFeBt"}],"group":"cf-nel","max_age":604800}', 'NEL': '{"success_fraction":0,"report_to":"cf-nel","max_age":604800}', 'Server': 'cloudflare', 'CF-RAY': '895c99ab1d3d878b-IAD', 'alt-svc': 'h3=":443"; ma=86400'} 
 body={"results":[{"gender":"male","name":{"title":"Mr","first":"Håvard","last":"Nergård"},"location":{"street":{"number":1331,"name":"Gamle Trondheimsveien"},"city":"Nordstrand","state":"Nord-Trøndelag","country":"Norway","postcode":"3302","coordinates":{"latitude":"45.3513","longitude":"-178.4800"},"timezone":{"offset":"-1:00","description":"Azores, Cape Verde Islands"}},"email":"havard.nergard@example.com","login":{"uuid":"59623970-91f2-44e8-9aed-bb5acbe4469d","username":"tinysnake734","password":"nocturne","salt":"Kh7kt4GM","md5":"1b3d986cc36ad2ad51da40d8352923b5","sha1":"1f85c1e81229944f570fd99649a2a52ffea18ea1","sha256":"14eb7843efdba50843a8325d1b4e2483490e3e0dd1d84a4ed83f995a36f7b29e"},"dob":{"date":"1984-09-09T18:03:13.514Z","age":39},"registered":{"date":"2009-03-23T02:30:00.219Z","age":15},"phone":"77922458","cell":"94309426","id":{"name":"FN","value":"09098400718"},"picture":{"large":"https://randomuser.me/api/portraits/men/63.jpg","medium":"https://randomuser.me/api/portraits/med/men/63.jpg","thumbnail":"https://randomuser.me/api/portraits/thumb/men/63.jpg"},"nat":"NO"}],"info":{"seed":"32246733b8340250","results":1,"page":1,"version":"1.4"}} 
 </msg>
<msg time="2024-06-18T16:19:18.986156" level="INFO">/opt/hostedtoolcache/Python/3.12.3/x64/lib/python3.12/site-packages/urllib3/connectionpool.py:1099: InsecureRequestWarning: Unverified HTTPS request is being made to host 'randomuser.me'. Adding certificate verification is strongly advised. See: https://urllib3.readthedocs.io/en/latest/advanced-usage.html#tls-warnings
  warnings.warn(</msg>
<msg time="2024-06-18T16:19:18.986273" level="INFO">${response} = &lt;Response [200]&gt;</msg>
<var>${response}</var>
<arg>consultarAPI</arg>
<arg>/api</arg>
<doc>Sends a GET request on a previously created HTTP Session.</doc>
<status status="PASS" start="2024-06-18T16:19:18.892841" elapsed="0.093474"/>
</kw>
<kw name="Set Variable" owner="BuiltIn">
<msg time="2024-06-18T16:19:18.987399" level="INFO">${json_data} = {'results': [{'gender': 'male', 'name': {'title': 'Mr', 'first': 'Håvard', 'last': 'Nergård'}, 'location': {'street': {'number': 1331, 'name': 'Gamle Trondheimsveien'}, 'city': 'Nordstrand', 'state': ...</msg>
<var>${json_data}</var>
<arg>${response.json()}</arg>
<doc>Returns the given values which can then be assigned to a variables.</doc>
<status status="PASS" start="2024-06-18T16:19:18.986818" elapsed="0.000610"/>
</kw>
<kw name="Log" owner="BuiltIn">
<msg time="2024-06-18T16:19:18.987900" level="INFO">{'results': [{'gender': 'male', 'name': {'title': 'Mr', 'first': 'Håvard', 'last': 'Nergård'}, 'location': {'street': {'number': 1331, 'name': 'Gamle Trondheimsveien'}, 'city': 'Nordstrand', 'state': 'Nord-Trøndelag', 'country': 'Norway', 'postcode': '3302', 'coordinates': {'latitude': '45.3513', 'longitude': '-178.4800'}, 'timezone': {'offset': '-1:00', 'description': 'Azores, Cape Verde Islands'}}, 'email': 'havard.nergard@example.com', 'login': {'uuid': '59623970-91f2-44e8-9aed-bb5acbe4469d', 'username': 'tinysnake734', 'password': 'nocturne', 'salt': 'Kh7kt4GM', 'md5': '1b3d986cc36ad2ad51da40d8352923b5', 'sha1': '1f85c1e81229944f570fd99649a2a52ffea18ea1', 'sha256': '14eb7843efdba50843a8325d1b4e2483490e3e0dd1d84a4ed83f995a36f7b29e'}, 'dob': {'date': '1984-09-09T18:03:13.514Z', 'age': 39}, 'registered': {'date': '2009-03-23T02:30:00.219Z', 'age': 15}, 'phone': '77922458', 'cell': '94309426', 'id': {'name': 'FN', 'value': '09098400718'}, 'picture': {'large': 'https://randomuser.me/api/portraits/men/63.jpg', 'medium': 'https://randomuser.me/api/portraits/med/men/63.jpg', 'thumbnail': 'https://randomuser.me/api/portraits/thumb/men/63.jpg'}, 'nat': 'NO'}], 'info': {'seed': '32246733b8340250', 'results': 1, 'page': 1, 'version': '1.4'}}</msg>
<arg>${json_data}</arg>
<doc>Logs the given message with the given level.</doc>
<status status="PASS" start="2024-06-18T16:19:18.987738" elapsed="0.000211"/>
</kw>
<kw name="Dictionary Should Contain Key" owner="Collections">
<arg>${json_data}</arg>
<arg>results</arg>
<doc>Fails if ``key`` is not found from ``dictionary``.</doc>
<status status="PASS" start="2024-06-18T16:19:18.988240" elapsed="0.000158"/>
</kw>
<kw name="Should Not Be Empty" owner="BuiltIn">
<msg time="2024-06-18T16:19:18.988698" level="INFO">Length is 2.</msg>
<arg>${json_data}</arg>
<doc>Verifies that the given item is not empty.</doc>
<status status="PASS" start="2024-06-18T16:19:18.988577" elapsed="0.000157"/>
</kw>
<kw name="Create List" owner="BuiltIn">
<msg time="2024-06-18T16:19:18.989162" level="INFO">${expected_keys} = ['gender', 'name', 'location', 'email', 'login']</msg>
<var>${expected_keys}</var>
<arg>gender</arg>
<arg>name</arg>
<arg>location</arg>
<arg>email</arg>
<arg>login</arg>
<doc>Returns a list containing given items.</doc>
<status status="PASS" start="2024-06-18T16:19:18.989020" elapsed="0.000165"/>
</kw>
<for flavor="IN">
<iter>
<kw name="Dictionary Should Contain Key" owner="Collections">
<arg>${json_data['results'][0]}</arg>
<arg>${key}</arg>
<doc>Fails if ``key`` is not found from ``dictionary``.</doc>
<status status="PASS" start="2024-06-18T16:19:18.989752" elapsed="0.000448"/>
</kw>
<kw name="Log" owner="BuiltIn">
<msg time="2024-06-18T16:19:18.990778" level="INFO">{'gender': 'male', 'name': {'title': 'Mr', 'first': 'Håvard', 'last': 'Nergård'}, 'location': {'street': {'number': 1331, 'name': 'Gamle Trondheimsveien'}, 'city': 'Nordstrand', 'state': 'Nord-Trøndelag', 'country': 'Norway', 'postcode': '3302', 'coordinates': {'latitude': '45.3513', 'longitude': '-178.4800'}, 'timezone': {'offset': '-1:00', 'description': 'Azores, Cape Verde Islands'}}, 'email': 'havard.nergard@example.com', 'login': {'uuid': '59623970-91f2-44e8-9aed-bb5acbe4469d', 'username': 'tinysnake734', 'password': 'nocturne', 'salt': 'Kh7kt4GM', 'md5': '1b3d986cc36ad2ad51da40d8352923b5', 'sha1': '1f85c1e81229944f570fd99649a2a52ffea18ea1', 'sha256': '14eb7843efdba50843a8325d1b4e2483490e3e0dd1d84a4ed83f995a36f7b29e'}, 'dob': {'date': '1984-09-09T18:03:13.514Z', 'age': 39}, 'registered': {'date': '2009-03-23T02:30:00.219Z', 'age': 15}, 'phone': '77922458', 'cell': '94309426', 'id': {'name': 'FN', 'value': '09098400718'}, 'picture': {'large': 'https://randomuser.me/api/portraits/men/63.jpg', 'medium': 'https://randomuser.me/api/portraits/med/men/63.jpg', 'thumbnail': 'https://randomuser.me/api/portraits/thumb/men/63.jpg'}, 'nat': 'NO'}</msg>
<arg>${json_data['results'][0]}</arg>
<doc>Logs the given message with the given level.</doc>
<status status="PASS" start="2024-06-18T16:19:18.990409" elapsed="0.000418"/>
</kw>
<kw name="Log" owner="BuiltIn">
<msg time="2024-06-18T16:19:18.991258" level="INFO">gender</msg>
<arg>${key}</arg>
<doc>Logs the given message with the given level.</doc>
<status status="PASS" start="2024-06-18T16:19:18.991129" elapsed="0.000167"/>
</kw>
<var name="${key}">gender</var>
<status status="PASS" start="2024-06-18T16:19:18.989629" elapsed="0.001888"/>
</iter>
<iter>
<kw name="Dictionary Should Contain Key" owner="Collections">
<arg>${json_data['results'][0]}</arg>
<arg>${key}</arg>
<doc>Fails if ``key`` is not found from ``dictionary``.</doc>
<status status="PASS" start="2024-06-18T16:19:18.991821" elapsed="0.000390"/>
</kw>
<kw name="Log" owner="BuiltIn">
<msg time="2024-06-18T16:19:18.992742" level="INFO">{'gender': 'male', 'name': {'title': 'Mr', 'first': 'Håvard', 'last': 'Nergård'}, 'location': {'street': {'number': 1331, 'name': 'Gamle Trondheimsveien'}, 'city': 'Nordstrand', 'state': 'Nord-Trøndelag', 'country': 'Norway', 'postcode': '3302', 'coordinates': {'latitude': '45.3513', 'longitude': '-178.4800'}, 'timezone': {'offset': '-1:00', 'description': 'Azores, Cape Verde Islands'}}, 'email': 'havard.nergard@example.com', 'login': {'uuid': '59623970-91f2-44e8-9aed-bb5acbe4469d', 'username': 'tinysnake734', 'password': 'nocturne', 'salt': 'Kh7kt4GM', 'md5': '1b3d986cc36ad2ad51da40d8352923b5', 'sha1': '1f85c1e81229944f570fd99649a2a52ffea18ea1', 'sha256': '14eb7843efdba50843a8325d1b4e2483490e3e0dd1d84a4ed83f995a36f7b29e'}, 'dob': {'date': '1984-09-09T18:03:13.514Z', 'age': 39}, 'registered': {'date': '2009-03-23T02:30:00.219Z', 'age': 15}, 'phone': '77922458', 'cell': '94309426', 'id': {'name': 'FN', 'value': '09098400718'}, 'picture': {'large': 'https://randomuser.me/api/portraits/men/63.jpg', 'medium': 'https://randomuser.me/api/portraits/med/men/63.jpg', 'thumbnail': 'https://randomuser.me/api/portraits/thumb/men/63.jpg'}, 'nat': 'NO'}</msg>
<arg>${json_data['results'][0]}</arg>
<doc>Logs the given message with the given level.</doc>
<status status="PASS" start="2024-06-18T16:19:18.992393" elapsed="0.000433"/>
</kw>
<kw name="Log" owner="BuiltIn">
<msg time="2024-06-18T16:19:18.993259" level="INFO">name</msg>
<arg>${key}</arg>
<doc>Logs the given message with the given level.</doc>
<status status="PASS" start="2024-06-18T16:19:18.993130" elapsed="0.000166"/>
</kw>
<var name="${key}">name</var>
<status status="PASS" start="2024-06-18T16:19:18.991705" elapsed="0.001815"/>
</iter>
<iter>
<kw name="Dictionary Should Contain Key" owner="Collections">
<arg>${json_data['results'][0]}</arg>
<arg>${key}</arg>
<doc>Fails if ``key`` is not found from ``dictionary``.</doc>
<status status="PASS" start="2024-06-18T16:19:18.993804" elapsed="0.000411"/>
</kw>
<kw name="Log" owner="BuiltIn">
<msg time="2024-06-18T16:19:18.994757" level="INFO">{'gender': 'male', 'name': {'title': 'Mr', 'first': 'Håvard', 'last': 'Nergård'}, 'location': {'street': {'number': 1331, 'name': 'Gamle Trondheimsveien'}, 'city': 'Nordstrand', 'state': 'Nord-Trøndelag', 'country': 'Norway', 'postcode': '3302', 'coordinates': {'latitude': '45.3513', 'longitude': '-178.4800'}, 'timezone': {'offset': '-1:00', 'description': 'Azores, Cape Verde Islands'}}, 'email': 'havard.nergard@example.com', 'login': {'uuid': '59623970-91f2-44e8-9aed-bb5acbe4469d', 'username': 'tinysnake734', 'password': 'nocturne', 'salt': 'Kh7kt4GM', 'md5': '1b3d986cc36ad2ad51da40d8352923b5', 'sha1': '1f85c1e81229944f570fd99649a2a52ffea18ea1', 'sha256': '14eb7843efdba50843a8325d1b4e2483490e3e0dd1d84a4ed83f995a36f7b29e'}, 'dob': {'date': '1984-09-09T18:03:13.514Z', 'age': 39}, 'registered': {'date': '2009-03-23T02:30:00.219Z', 'age': 15}, 'phone': '77922458', 'cell': '94309426', 'id': {'name': 'FN', 'value': '09098400718'}, 'picture': {'large': 'https://randomuser.me/api/portraits/men/63.jpg', 'medium': 'https://randomuser.me/api/portraits/med/men/63.jpg', 'thumbnail': 'https://randomuser.me/api/portraits/thumb/men/63.jpg'}, 'nat': 'NO'}</msg>
<arg>${json_data['results'][0]}</arg>
<doc>Logs the given message with the given level.</doc>
<status status="PASS" start="2024-06-18T16:19:18.994404" elapsed="0.000412"/>
</kw>
<kw name="Log" owner="BuiltIn">
<msg time="2024-06-18T16:19:18.995235" level="INFO">location</msg>
<arg>${key}</arg>
<doc>Logs the given message with the given level.</doc>
<status status="PASS" start="2024-06-18T16:19:18.995110" elapsed="0.000161"/>
</kw>
<var name="${key}">location</var>
<status status="PASS" start="2024-06-18T16:19:18.993697" elapsed="0.001791"/>
</iter>
<iter>
<kw name="Dictionary Should Contain Key" owner="Collections">
<arg>${json_data['results'][0]}</arg>
<arg>${key}</arg>
<doc>Fails if ``key`` is not found from ``dictionary``.</doc>
<status status="PASS" start="2024-06-18T16:19:18.995762" elapsed="0.000378"/>
</kw>
<kw name="Log" owner="BuiltIn">
<msg time="2024-06-18T16:19:18.996673" level="INFO">{'gender': 'male', 'name': {'title': 'Mr', 'first': 'Håvard', 'last': 'Nergård'}, 'location': {'street': {'number': 1331, 'name': 'Gamle Trondheimsveien'}, 'city': 'Nordstrand', 'state': 'Nord-Trøndelag', 'country': 'Norway', 'postcode': '3302', 'coordinates': {'latitude': '45.3513', 'longitude': '-178.4800'}, 'timezone': {'offset': '-1:00', 'description': 'Azores, Cape Verde Islands'}}, 'email': 'havard.nergard@example.com', 'login': {'uuid': '59623970-91f2-44e8-9aed-bb5acbe4469d', 'username': 'tinysnake734', 'password': 'nocturne', 'salt': 'Kh7kt4GM', 'md5': '1b3d986cc36ad2ad51da40d8352923b5', 'sha1': '1f85c1e81229944f570fd99649a2a52ffea18ea1', 'sha256': '14eb7843efdba50843a8325d1b4e2483490e3e0dd1d84a4ed83f995a36f7b29e'}, 'dob': {'date': '1984-09-09T18:03:13.514Z', 'age': 39}, 'registered': {'date': '2009-03-23T02:30:00.219Z', 'age': 15}, 'phone': '77922458', 'cell': '94309426', 'id': {'name': 'FN', 'value': '09098400718'}, 'picture': {'large': 'https://randomuser.me/api/portraits/men/63.jpg', 'medium': 'https://randomuser.me/api/portraits/med/men/63.jpg', 'thumbnail': 'https://randomuser.me/api/portraits/thumb/men/63.jpg'}, 'nat': 'NO'}</msg>
<arg>${json_data['results'][0]}</arg>
<doc>Logs the given message with the given level.</doc>
<status status="PASS" start="2024-06-18T16:19:18.996320" elapsed="0.000402"/>
</kw>
<kw name="Log" owner="BuiltIn">
<msg time="2024-06-18T16:19:18.997155" level="INFO">email</msg>
<arg>${key}</arg>
<doc>Logs the given message with the given level.</doc>
<status status="PASS" start="2024-06-18T16:19:18.997028" elapsed="0.000165"/>
</kw>
<var name="${key}">email</var>
<status status="PASS" start="2024-06-18T16:19:18.995656" elapsed="0.001752"/>
</iter>
<iter>
<kw name="Dictionary Should Contain Key" owner="Collections">
<arg>${json_data['results'][0]}</arg>
<arg>${key}</arg>
<doc>Fails if ``key`` is not found from ``dictionary``.</doc>
<status status="PASS" start="2024-06-18T16:19:18.997685" elapsed="0.000415"/>
</kw>
<kw name="Log" owner="BuiltIn">
<msg time="2024-06-18T16:19:18.998630" level="INFO">{'gender': 'male', 'name': {'title': 'Mr', 'first': 'Håvard', 'last': 'Nergård'}, 'location': {'street': {'number': 1331, 'name': 'Gamle Trondheimsveien'}, 'city': 'Nordstrand', 'state': 'Nord-Trøndelag', 'country': 'Norway', 'postcode': '3302', 'coordinates': {'latitude': '45.3513', 'longitude': '-178.4800'}, 'timezone': {'offset': '-1:00', 'description': 'Azores, Cape Verde Islands'}}, 'email': 'havard.nergard@example.com', 'login': {'uuid': '59623970-91f2-44e8-9aed-bb5acbe4469d', 'username': 'tinysnake734', 'password': 'nocturne', 'salt': 'Kh7kt4GM', 'md5': '1b3d986cc36ad2ad51da40d8352923b5', 'sha1': '1f85c1e81229944f570fd99649a2a52ffea18ea1', 'sha256': '14eb7843efdba50843a8325d1b4e2483490e3e0dd1d84a4ed83f995a36f7b29e'}, 'dob': {'date': '1984-09-09T18:03:13.514Z', 'age': 39}, 'registered': {'date': '2009-03-23T02:30:00.219Z', 'age': 15}, 'phone': '77922458', 'cell': '94309426', 'id': {'name': 'FN', 'value': '09098400718'}, 'picture': {'large': 'https://randomuser.me/api/portraits/men/63.jpg', 'medium': 'https://randomuser.me/api/portraits/med/men/63.jpg', 'thumbnail': 'https://randomuser.me/api/portraits/thumb/men/63.jpg'}, 'nat': 'NO'}</msg>
<arg>${json_data['results'][0]}</arg>
<doc>Logs the given message with the given level.</doc>
<status status="PASS" start="2024-06-18T16:19:18.998285" elapsed="0.000394"/>
</kw>
<kw name="Log" owner="BuiltIn">
<msg time="2024-06-18T16:19:18.999226" level="INFO">login</msg>
<arg>${key}</arg>
<doc>Logs the given message with the given level.</doc>
<status status="PASS" start="2024-06-18T16:19:18.998985" elapsed="0.000278"/>
</kw>
<var name="${key}">login</var>
<status status="PASS" start="2024-06-18T16:19:18.997579" elapsed="0.001902"/>
</iter>
<var>${key}</var>
<value>@{expected_keys}</value>
<status status="PASS" start="2024-06-18T16:19:18.989444" elapsed="0.010156"/>
</for>
<kw name="Create List" owner="BuiltIn">
<msg time="2024-06-18T16:19:18.999917" level="INFO">${expected_keysTwo} = ['username', 'password']</msg>
<var>${expected_keysTwo}</var>
<arg>username</arg>
<arg>password</arg>
<doc>Returns a list containing given items.</doc>
<status status="PASS" start="2024-06-18T16:19:18.999785" elapsed="0.000183"/>
</kw>
<for flavor="IN">
<iter>
<kw name="Dictionary Should Contain Key" owner="Collections">
<arg>${json_data['results'][0]['login']}</arg>
<arg>${keyTwo}</arg>
<doc>Fails if ``key`` is not found from ``dictionary``.</doc>
<status status="PASS" start="2024-06-18T16:19:19.000475" elapsed="0.000378"/>
</kw>
<kw name="Dictionary Should Contain Key" owner="Collections">
<arg>${json_data['results'][0]['login']}</arg>
<arg>${keyTwo}</arg>
<doc>Fails if ``key`` is not found from ``dictionary``.</doc>
<status status="PASS" start="2024-06-18T16:19:19.001032" elapsed="0.000372"/>
</kw>
<kw name="Log" owner="BuiltIn">
<msg time="2024-06-18T16:19:19.001704" level="INFO">username</msg>
<arg>${keyTwo}</arg>
<doc>Logs the given message with the given level.</doc>
<status status="PASS" start="2024-06-18T16:19:19.001585" elapsed="0.000155"/>
</kw>
<var name="${keyTwo}">username</var>
<status status="PASS" start="2024-06-18T16:19:19.000368" elapsed="0.001622"/>
</iter>
<iter>
<kw name="Dictionary Should Contain Key" owner="Collections">
<arg>${json_data['results'][0]['login']}</arg>
<arg>${keyTwo}</arg>
<doc>Fails if ``key`` is not found from ``dictionary``.</doc>
<status status="PASS" start="2024-06-18T16:19:19.002274" elapsed="0.000377"/>
</kw>
<kw name="Dictionary Should Contain Key" owner="Collections">
<arg>${json_data['results'][0]['login']}</arg>
<arg>${keyTwo}</arg>
<doc>Fails if ``key`` is not found from ``dictionary``.</doc>
<status status="PASS" start="2024-06-18T16:19:19.002829" elapsed="0.000370"/>
</kw>
<kw name="Log" owner="BuiltIn">
<msg time="2024-06-18T16:19:19.003493" level="INFO">password</msg>
<arg>${keyTwo}</arg>
<doc>Logs the given message with the given level.</doc>
<status status="PASS" start="2024-06-18T16:19:19.003375" elapsed="0.000154"/>
</kw>
<var name="${keyTwo}">password</var>
<status status="PASS" start="2024-06-18T16:19:19.002166" elapsed="0.001582"/>
</iter>
<var>${keyTwo}</var>
<value>@{expected_keysTwo}</value>
<status status="PASS" start="2024-06-18T16:19:19.000213" elapsed="0.003657"/>
</for>
<status status="PASS" start="2024-06-18T16:19:18.892606" elapsed="0.111401"/>
</kw>
<doc>Testa a estrutura da resposta da API.</doc>
<tag>testeEstruturaResposta</tag>
<status status="PASS" start="2024-06-18T16:19:18.891894" elapsed="0.112263"/>
</test>
<test id="s1-s1-t4" name="Validar tipos de dados" line="28">
<kw name="Teste de Tipos de Dados" owner="random-user-service">
<kw name="GET On Session" owner="RequestsLibrary">
<msg time="2024-06-18T16:19:19.083091" level="INFO">GET Request : url=https://randomuser.me/api 
 path_url=/api 
 headers={'User-Agent': 'python-requests/2.32.3', 'Accept-Encoding': 'gzip, deflate', 'Accept': '*/*', 'Connection': 'keep-alive'} 
 body=None 
 </msg>
<msg time="2024-06-18T16:19:19.083163" level="INFO">GET Response : url=https://randomuser.me/api 
 status=200, reason=OK 
 headers={'Date': 'Tue, 18 Jun 2024 16:19:19 GMT', 'Content-Type': 'application/json; charset=utf-8', 'Transfer-Encoding': 'chunked', 'Connection': 'keep-alive', 'X-Powered-By': 'Express', 'Access-Control-Allow-Origin': '*', 'Cache-Control': 'no-cache', 'ETag': 'W/"49e-XsyRIwvSUS/6Ai2hxuCnwEqEHcw"', 'Vary': 'Accept-Encoding', 'Content-Encoding': 'gzip', 'CF-Cache-Status': 'DYNAMIC', 'Report-To': '{"endpoints":[{"url":"https:\\/\\/a.nel.cloudflare.com\\/report\\/v4?s=1%2FWztAvx3HrJPkV97joyDNOg7ALCxQ4jZBXBHhP0ugTpxhgsUkWdxDij1Qje%2BVzSvP6m7NwAjv%2B7jZEL%2BAakrwit2h2EIpYFGJQHG0P%2B6iGytKjz5VObIdr%2FmiOqo1tq"}],"group":"cf-nel","max_age":604800}', 'NEL': '{"success_fraction":0,"report_to":"cf-nel","max_age":604800}', 'Server': 'cloudflare', 'CF-RAY': '895c99abce91878b-IAD', 'alt-svc': 'h3=":443"; ma=86400'} 
 body={"results":[{"gender":"male","name":{"title":"Mr","first":"Mathis","last":"Faure"},"location":{"street":{"number":3398,"name":"Rue Baraban"},"city":"Montpellier","state":"Ille-et-Vilaine","country":"France","postcode":75983,"coordinates":{"latitude":"-13.3605","longitude":"-71.8752"},"timezone":{"offset":"+8:00","description":"Beijing, Perth, Singapore, Hong Kong"}},"email":"mathis.faure@example.com","login":{"uuid":"a4d5687b-912a-4032-b20d-76ff8db5f636","username":"angrysnake498","password":"bledsoe","salt":"LgiMcpjT","md5":"106d70aea363157d966adab5687516f7","sha1":"4ac2a044a719cf257e8b2b9f4094cc70c5712c7c","sha256":"cf53d81038ef71185fd23040b1dc93a335c42ef0b6d453d9644871b050269015"},"dob":{"date":"1966-08-30T09:38:02.802Z","age":57},"registered":{"date":"2021-07-31T02:37:03.697Z","age":2},"phone":"03-86-39-42-37","cell":"06-57-56-71-36","id":{"name":"INSEE","value":"1660705053396 42"},"picture":{"large":"https://randomuser.me/api/portraits/men/94.jpg","medium":"https://randomuser.me/api/portraits/med/men/94.jpg","thumbnail":"https://randomuser.me/api/portraits/thumb/men/94.jpg"},"nat":"FR"}],"info":{"seed":"413b6068c49f17c2","results":1,"page":1,"version":"1.4"}} 
 </msg>
<msg time="2024-06-18T16:19:19.083228" level="INFO">/opt/hostedtoolcache/Python/3.12.3/x64/lib/python3.12/site-packages/urllib3/connectionpool.py:1099: InsecureRequestWarning: Unverified HTTPS request is being made to host 'randomuser.me'. Adding certificate verification is strongly advised. See: https://urllib3.readthedocs.io/en/latest/advanced-usage.html#tls-warnings
  warnings.warn(</msg>
<msg time="2024-06-18T16:19:19.083332" level="INFO">${response} = &lt;Response [200]&gt;</msg>
<var>${response}</var>
<arg>consultarAPI</arg>
<arg>/api</arg>
<doc>Sends a GET request on a previously created HTTP Session.</doc>
<status status="PASS" start="2024-06-18T16:19:19.006625" elapsed="0.076748"/>
</kw>
<kw name="Set Variable" owner="BuiltIn">
<msg time="2024-06-18T16:19:19.084251" level="INFO">${json_data} = {'results': [{'gender': 'male', 'name': {'title': 'Mr', 'first': 'Mathis', 'last': 'Faure'}, 'location': {'street': {'number': 3398, 'name': 'Rue Baraban'}, 'city': 'Montpellier', 'state': 'Ille-et-Vi...</msg>
<var>${json_data}</var>
<arg>${response.json()}</arg>
<doc>Returns the given values which can then be assigned to a variables.</doc>
<status status="PASS" start="2024-06-18T16:19:19.083768" elapsed="0.000511"/>
</kw>
<kw name="Log" owner="BuiltIn">
<msg time="2024-06-18T16:19:19.084725" level="INFO">{'results': [{'gender': 'male', 'name': {'title': 'Mr', 'first': 'Mathis', 'last': 'Faure'}, 'location': {'street': {'number': 3398, 'name': 'Rue Baraban'}, 'city': 'Montpellier', 'state': 'Ille-et-Vilaine', 'country': 'France', 'postcode': 75983, 'coordinates': {'latitude': '-13.3605', 'longitude': '-71.8752'}, 'timezone': {'offset': '+8:00', 'description': 'Beijing, Perth, Singapore, Hong Kong'}}, 'email': 'mathis.faure@example.com', 'login': {'uuid': 'a4d5687b-912a-4032-b20d-76ff8db5f636', 'username': 'angrysnake498', 'password': 'bledsoe', 'salt': 'LgiMcpjT', 'md5': '106d70aea363157d966adab5687516f7', 'sha1': '4ac2a044a719cf257e8b2b9f4094cc70c5712c7c', 'sha256': 'cf53d81038ef71185fd23040b1dc93a335c42ef0b6d453d9644871b050269015'}, 'dob': {'date': '1966-08-30T09:38:02.802Z', 'age': 57}, 'registered': {'date': '2021-07-31T02:37:03.697Z', 'age': 2}, 'phone': '03-86-39-42-37', 'cell': '06-57-56-71-36', 'id': {'name': 'INSEE', 'value': '1660705053396 42'}, 'picture': {'large': 'https://randomuser.me/api/portraits/men/94.jpg', 'medium': 'https://randomuser.me/api/portraits/med/men/94.jpg', 'thumbnail': 'https://randomuser.me/api/portraits/thumb/men/94.jpg'}, 'nat': 'FR'}], 'info': {'seed': '413b6068c49f17c2', 'results': 1, 'page': 1, 'version': '1.4'}}</msg>
<arg>${json_data}</arg>
<doc>Logs the given message with the given level.</doc>
<status status="PASS" start="2024-06-18T16:19:19.084575" elapsed="0.000196"/>
</kw>
<kw name="Should Be String" owner="String">
<arg>${json_data['results'][0]['gender']}</arg>
<doc>Fails if the given ``item`` is not a string.</doc>
<status status="PASS" start="2024-06-18T16:19:19.085056" elapsed="0.000356"/>
</kw>
<kw name="Should Match Regexp" owner="BuiltIn">
<arg>${json_data['results'][0]['email']}</arg>
<arg>^[a-zA-Z0-9._%+-]+@[a-zA-Z0-9.-]+\.[a-zA-Z]{2,}$</arg>
<doc>Fails if ``string`` does not match ``pattern`` as a regular expression.</doc>
<status status="PASS" start="2024-06-18T16:19:19.085598" elapsed="0.000599"/>
</kw>
<kw name="Should Match Regexp" owner="BuiltIn">
<arg>${json_data['results'][0]['dob']['date']}</arg>
<arg>\\d{4}-\\d{2}-\\d{2}T\\d{2}:\\d{2}:\\d{2}\\.\\d{3}Z</arg>
<doc>Fails if ``string`` does not match ``pattern`` as a regular expression.</doc>
<status status="PASS" start="2024-06-18T16:19:19.086394" elapsed="0.000485"/>
</kw>
<kw name="Should Match Regexp" owner="BuiltIn">
<arg>${json_data['results'][0]['registered']['date']}</arg>
<arg>\\d{4}-\\d{2}-\\d{2}T\\d{2}:\\d{2}:\\d{2}\\.\\d{3}Z</arg>
<doc>Fails if ``string`` does not match ``pattern`` as a regular expression.</doc>
<status status="PASS" start="2024-06-18T16:19:19.087070" elapsed="0.000358"/>
</kw>
<kw name="Should Match Regexp" owner="BuiltIn">
<arg>${json_data['results'][0]['picture']['large']}</arg>
<arg>^https?://.*\.(?:png|jpe?g|gif|bmp)$</arg>
<doc>Fails if ``string`` does not match ``pattern`` as a regular expression.</doc>
<status status="PASS" start="2024-06-18T16:19:19.087610" elapsed="0.000463"/>
</kw>
<kw name="Should Match Regexp" owner="BuiltIn">
<arg>${json_data['results'][0]['picture']['medium']}</arg>
<arg>^https?://.*\.(?:png|jpe?g|gif|bmp)$</arg>
<doc>Fails if ``string`` does not match ``pattern`` as a regular expression.</doc>
<status status="PASS" start="2024-06-18T16:19:19.088264" elapsed="0.000347"/>
</kw>
<kw name="Should Match Regexp" owner="BuiltIn">
<arg>${json_data['results'][0]['picture']['thumbnail']}</arg>
<arg>^https?://.*\.(?:png|jpe?g|gif|bmp)$</arg>
<doc>Fails if ``string`` does not match ``pattern`` as a regular expression.</doc>
<status status="PASS" start="2024-06-18T16:19:19.088794" elapsed="0.000338"/>
</kw>
<kw name="Log" owner="BuiltIn">
<msg time="2024-06-18T16:19:19.089637" level="INFO">{'large': 'https://randomuser.me/api/portraits/men/94.jpg', 'medium': 'https://randomuser.me/api/portraits/med/men/94.jpg', 'thumbnail': 'https://randomuser.me/api/portraits/thumb/men/94.jpg'}</msg>
<arg>${json_data['results'][0]['picture']}</arg>
<doc>Logs the given message with the given level.</doc>
<status status="PASS" start="2024-06-18T16:19:19.089310" elapsed="0.000369"/>
</kw>
<status status="PASS" start="2024-06-18T16:19:19.006398" elapsed="0.083554"/>
</kw>
<kw name="Teste de Tipos de Dados - Postcode" owner="random-user-service">
<kw name="GET On Session" owner="RequestsLibrary">
<msg time="2024-06-18T16:19:19.189775" level="INFO">GET Request : url=https://randomuser.me/api 
 path_url=/api 
 headers={'User-Agent': 'python-requests/2.32.3', 'Accept-Encoding': 'gzip, deflate', 'Accept': '*/*', 'Connection': 'keep-alive'} 
 body=None 
 </msg>
<msg time="2024-06-18T16:19:19.189872" level="INFO">GET Response : url=https://randomuser.me/api 
 status=200, reason=OK 
 headers={'Date': 'Tue, 18 Jun 2024 16:19:19 GMT', 'Content-Type': 'application/json; charset=utf-8', 'Transfer-Encoding': 'chunked', 'Connection': 'keep-alive', 'X-Powered-By': 'Express', 'Access-Control-Allow-Origin': '*', 'Cache-Control': 'no-cache', 'ETag': 'W/"49c-RrI07AWbXZpqtWKgZbxseCyrx1E"', 'Vary': 'Accept-Encoding', 'Content-Encoding': 'gzip', 'CF-Cache-Status': 'DYNAMIC', 'Report-To': '{"endpoints":[{"url":"https:\\/\\/a.nel.cloudflare.com\\/report\\/v4?s=hJMicAwVnzK3sQZUL4I7HXdZRHClOJorCdavmAR8GxkuhPa4Z2EZU1A56EIYSDXiGScZ2E9y8NeGSRwvH8xMPzTJcTMfPWbd%2F1yspm8MxpQ2FO0lCsSwN1AaMgnX51oQ"}],"group":"cf-nel","max_age":604800}', 'NEL': '{"success_fraction":0,"report_to":"cf-nel","max_age":604800}', 'Server': 'cloudflare', 'CF-RAY': '895c99ac5f6d878b-IAD', 'alt-svc': 'h3=":443"; ma=86400'} 
 body={"results":[{"gender":"male","name":{"title":"Mr","first":"Parv","last":"Hiremath"},"location":{"street":{"number":1372,"name":"Camac St"},"city":"Raurkela Industrial Township","state":"Uttarakhand","country":"India","postcode":30357,"coordinates":{"latitude":"6.0740","longitude":"-106.4628"},"timezone":{"offset":"-4:00","description":"Atlantic Time (Canada), Caracas, La Paz"}},"email":"parv.hiremath@example.com","login":{"uuid":"b5421cf3-baf9-44ba-9d33-81fe72f2e6b9","username":"blueduck585","password":"simple","salt":"TP7JsTOK","md5":"add9ac3253b64eb45ae987e7d8118db7","sha1":"975bcd8fa7a2c3a2af0fcb3291cb501f9dff9080","sha256":"763d8d815a55e51050f10a841c0b33d4eac96b5c80a91f84973ec5c2dbca9dc5"},"dob":{"date":"1950-03-10T22:09:51.925Z","age":74},"registered":{"date":"2022-01-10T20:24:56.892Z","age":2},"phone":"8191837559","cell":"8694203649","id":{"name":"UIDAI","value":"803699267828"},"picture":{"large":"https://randomuser.me/api/portraits/men/90.jpg","medium":"https://randomuser.me/api/portraits/med/men/90.jpg","thumbnail":"https://randomuser.me/api/portraits/thumb/men/90.jpg"},"nat":"IN"}],"info":{"seed":"48c65460d4b69082","results":1,"page":1,"version":"1.4"}} 
 </msg>
<msg time="2024-06-18T16:19:19.190004" level="INFO">/opt/hostedtoolcache/Python/3.12.3/x64/lib/python3.12/site-packages/urllib3/connectionpool.py:1099: InsecureRequestWarning: Unverified HTTPS request is being made to host 'randomuser.me'. Adding certificate verification is strongly advised. See: https://urllib3.readthedocs.io/en/latest/advanced-usage.html#tls-warnings
  warnings.warn(</msg>
<msg time="2024-06-18T16:19:19.190146" level="INFO">${response} = &lt;Response [200]&gt;</msg>
<var>${response}</var>
<arg>consultarAPI</arg>
<arg>/api</arg>
<doc>Sends a GET request on a previously created HTTP Session.</doc>
<status status="PASS" start="2024-06-18T16:19:19.090402" elapsed="0.099792"/>
</kw>
<kw name="Set Variable" owner="BuiltIn">
<msg time="2024-06-18T16:19:19.191296" level="INFO">${json_data} = {'results': [{'gender': 'male', 'name': {'title': 'Mr', 'first': 'Parv', 'last': 'Hiremath'}, 'location': {'street': {'number': 1372, 'name': 'Camac St'}, 'city': 'Raurkela Industrial Township', 'stat...</msg>
<var>${json_data}</var>
<arg>${response.json()}</arg>
<doc>Returns the given values which can then be assigned to a variables.</doc>
<status status="PASS" start="2024-06-18T16:19:19.190747" elapsed="0.000578"/>
</kw>
<kw name="Log" owner="BuiltIn">
<msg time="2024-06-18T16:19:19.191793" level="INFO">{'results': [{'gender': 'male', 'name': {'title': 'Mr', 'first': 'Parv', 'last': 'Hiremath'}, 'location': {'street': {'number': 1372, 'name': 'Camac St'}, 'city': 'Raurkela Industrial Township', 'state': 'Uttarakhand', 'country': 'India', 'postcode': 30357, 'coordinates': {'latitude': '6.0740', 'longitude': '-106.4628'}, 'timezone': {'offset': '-4:00', 'description': 'Atlantic Time (Canada), Caracas, La Paz'}}, 'email': 'parv.hiremath@example.com', 'login': {'uuid': 'b5421cf3-baf9-44ba-9d33-81fe72f2e6b9', 'username': 'blueduck585', 'password': 'simple', 'salt': 'TP7JsTOK', 'md5': 'add9ac3253b64eb45ae987e7d8118db7', 'sha1': '975bcd8fa7a2c3a2af0fcb3291cb501f9dff9080', 'sha256': '763d8d815a55e51050f10a841c0b33d4eac96b5c80a91f84973ec5c2dbca9dc5'}, 'dob': {'date': '1950-03-10T22:09:51.925Z', 'age': 74}, 'registered': {'date': '2022-01-10T20:24:56.892Z', 'age': 2}, 'phone': '8191837559', 'cell': '8694203649', 'id': {'name': 'UIDAI', 'value': '803699267828'}, 'picture': {'large': 'https://randomuser.me/api/portraits/men/90.jpg', 'medium': 'https://randomuser.me/api/portraits/med/men/90.jpg', 'thumbnail': 'https://randomuser.me/api/portraits/thumb/men/90.jpg'}, 'nat': 'IN'}], 'info': {'seed': '48c65460d4b69082', 'results': 1, 'page': 1, 'version': '1.4'}}</msg>
<arg>${json_data}</arg>
<doc>Logs the given message with the given level.</doc>
<status status="PASS" start="2024-06-18T16:19:19.191636" elapsed="0.000203"/>
</kw>
<kw name="Should Be Equal As Numbers" owner="BuiltIn">
<arg>${json_data['results'][0]['location']['postcode']}</arg>
<arg>${json_data['results'][0]['location']['postcode']}</arg>
<doc>Fails if objects are unequal after converting them to real numbers.</doc>
<status status="PASS" start="2024-06-18T16:19:19.192134" elapsed="0.000624"/>
</kw>
<kw name="Log" owner="BuiltIn">
<msg time="2024-06-18T16:19:19.193285" level="INFO">30357</msg>
<arg>${json_data['results'][0]['location']['postcode']}</arg>
<doc>Logs the given message with the given level.</doc>
<status status="PASS" start="2024-06-18T16:19:19.192949" elapsed="0.000413"/>
</kw>
<status status="PASS" start="2024-06-18T16:19:19.090173" elapsed="0.103457"/>
</kw>
<doc>Testa se os tipos de dados na resposta da API estão corretos.</doc>
<tag>testeTiposDados</tag>
<status status="PASS" start="2024-06-18T16:19:19.005952" elapsed="0.187842"/>
</test>
<test id="s1-s1-t5" name="Validar conteudo" line="35">
<kw name="Teste de Tipos de Conteudo" owner="random-user-service">
<kw name="GET On Session" owner="RequestsLibrary">
<msg time="2024-06-18T16:19:19.289864" level="INFO">GET Request : url=https://randomuser.me/api 
 path_url=/api 
 headers={'User-Agent': 'python-requests/2.32.3', 'Accept-Encoding': 'gzip, deflate', 'Accept': '*/*', 'Connection': 'keep-alive'} 
 body=None 
 </msg>
<msg time="2024-06-18T16:19:19.289984" level="INFO">GET Response : url=https://randomuser.me/api 
 status=200, reason=OK 
 headers={'Date': 'Tue, 18 Jun 2024 16:19:19 GMT', 'Content-Type': 'application/json; charset=utf-8', 'Transfer-Encoding': 'chunked', 'Connection': 'keep-alive', 'X-Powered-By': 'Express', 'Access-Control-Allow-Origin': '*', 'Cache-Control': 'no-cache', 'ETag': 'W/"49b-nm99BJaDS0XLLxRfTWmBezhiAUY"', 'Vary': 'Accept-Encoding', 'Content-Encoding': 'gzip', 'CF-Cache-Status': 'DYNAMIC', 'Report-To': '{"endpoints":[{"url":"https:\\/\\/a.nel.cloudflare.com\\/report\\/v4?s=KoEmfSMMDJVBfc8aa3spdSHi9T9DY2G2LkW3iMoXetCQ4iEE9g9YZTNtVKdYQauqetGMltkZUZY4qGA1olZRJHL1zX35JTfsQKds%2B2DmJ25w5LfWMLuI0%2B7MM5WVOg6M"}],"group":"cf-nel","max_age":604800}', 'NEL': '{"success_fraction":0,"report_to":"cf-nel","max_age":604800}', 'Server': 'cloudflare', 'CF-RAY': '895c99acf861878b-IAD', 'alt-svc': 'h3=":443"; ma=86400'} 
 body={"results":[{"gender":"female","name":{"title":"Ms","first":"یاسمن","last":"نجاتی"},"location":{"street":{"number":4810,"name":"کارگر"},"city":"سنندج","state":"خراسان جنوبی","country":"Iran","postcode":26254,"coordinates":{"latitude":"13.0994","longitude":"161.6097"},"timezone":{"offset":"+9:00","description":"Tokyo, Seoul, Osaka, Sapporo, Yakutsk"}},"email":"ysmn.njty@example.com","login":{"uuid":"ebbd7f84-2c79-4dd2-b4f3-b129b052ea30","username":"bluepeacock203","password":"wolfen","salt":"UCIYZjQq","md5":"a1ca114b94f94a8c31c877874e215e12","sha1":"c769f37f5c32c022558dcf1a5887d14d2f9a99d1","sha256":"92706cf4244b0c71f0e7b7d19de780768772bccac485fff1380d308903389cfe"},"dob":{"date":"1953-05-30T21:21:47.842Z","age":71},"registered":{"date":"2014-02-10T00:17:45.632Z","age":10},"phone":"003-19620749","cell":"0968-689-6640","id":{"name":"","value":null},"picture":{"large":"https://randomuser.me/api/portraits/women/71.jpg","medium":"https://randomuser.me/api/portraits/med/women/71.jpg","thumbnail":"https://randomuser.me/api/portraits/thumb/women/71.jpg"},"nat":"IR"}],"info":{"seed":"df797e7e9c10381d","results":1,"page":1,"version":"1.4"}} 
 </msg>
<msg time="2024-06-18T16:19:19.290071" level="INFO">/opt/hostedtoolcache/Python/3.12.3/x64/lib/python3.12/site-packages/urllib3/connectionpool.py:1099: InsecureRequestWarning: Unverified HTTPS request is being made to host 'randomuser.me'. Adding certificate verification is strongly advised. See: https://urllib3.readthedocs.io/en/latest/advanced-usage.html#tls-warnings
  warnings.warn(</msg>
<msg time="2024-06-18T16:19:19.290177" level="INFO">${response} = &lt;Response [200]&gt;</msg>
<var>${response}</var>
<arg>consultarAPI</arg>
<arg>/api</arg>
<doc>Sends a GET request on a previously created HTTP Session.</doc>
<status status="PASS" start="2024-06-18T16:19:19.196240" elapsed="0.093982"/>
</kw>
<kw name="Set Variable" owner="BuiltIn">
<msg time="2024-06-18T16:19:19.291120" level="INFO">${json_data} = {'results': [{'gender': 'female', 'name': {'title': 'Ms', 'first': 'یاسمن', 'last': 'نجاتی'}, 'location': {'street': {'number': 4810, 'name': 'کارگر'}, 'city': 'سنندج', 'state': 'خراسان جنوبی', 'count...</msg>
<var>${json_data}</var>
<arg>${response.json()}</arg>
<doc>Returns the given values which can then be assigned to a variables.</doc>
<status status="PASS" start="2024-06-18T16:19:19.290646" elapsed="0.000506"/>
</kw>
<kw name="Set Variable" owner="BuiltIn">
<msg time="2024-06-18T16:19:19.291832" level="INFO">${name_title} = Ms</msg>
<var>${name_title}</var>
<arg>${json_data["results"][0]["name"]["title"]}</arg>
<doc>Returns the given values which can then be assigned to a variables.</doc>
<status status="PASS" start="2024-06-18T16:19:19.291458" elapsed="0.000399"/>
</kw>
<kw name="Create List" owner="BuiltIn">
<msg time="2024-06-18T16:19:19.292300" level="INFO">${allowed_titles} = ['Mr', 'Ms', 'Miss', 'Mrs', 'Madame', 'Monsieur']</msg>
<var>${allowed_titles}</var>
<arg>Mr</arg>
<arg>Ms</arg>
<arg>Miss</arg>
<arg>Mrs</arg>
<arg>Madame</arg>
<arg>Monsieur</arg>
<doc>Returns a list containing given items.</doc>
<status status="PASS" start="2024-06-18T16:19:19.292153" elapsed="0.000170"/>
</kw>
<kw name="List Should Contain Value" owner="Collections">
<arg>${allowed_titles}</arg>
<arg>${name_title}</arg>
<doc>Fails if the ``value`` is not found from ``list``.</doc>
<status status="PASS" start="2024-06-18T16:19:19.292623" elapsed="0.000173"/>
</kw>
<kw name="Set Variable" owner="BuiltIn">
<msg time="2024-06-18T16:19:19.293350" level="INFO">${name_country} = IR</msg>
<var>${name_country}</var>
<arg>${json_data["results"][0]["nat"]}</arg>
<doc>Returns the given values which can then be assigned to a variables.</doc>
<status status="PASS" start="2024-06-18T16:19:19.292973" elapsed="0.000402"/>
</kw>
<kw name="Create List" owner="BuiltIn">
<msg time="2024-06-18T16:19:19.294292" level="INFO">${list_country} = ['AD', 'AE', 'AF', 'AG', 'AI', 'AL', 'AM', 'AO', 'AQ', 'AR', 'AS', 'AT', 'AU', 'AW', 'AX', 'AZ', 'BA', 'BB', 'BD', 'BE', 'BF', 'BG', 'BH', 'BI', 'BJ', 'BL', 'BM', 'BN', 'BO', 'BQ', 'BR', 'BS', 'BT', '...</msg>
<var>${list_country}</var>
<arg>AD</arg>
<arg>AE</arg>
<arg>AF</arg>
<arg>AG</arg>
<arg>AI</arg>
<arg>AL</arg>
<arg>AM</arg>
<arg>AO</arg>
<arg>AQ</arg>
<arg>AR</arg>
<arg>AS</arg>
<arg>AT</arg>
<arg>AU</arg>
<arg>AW</arg>
<arg>AX</arg>
<arg>AZ</arg>
<arg>BA</arg>
<arg>BB</arg>
<arg>BD</arg>
<arg>BE</arg>
<arg>BF</arg>
<arg>BG</arg>
<arg>BH</arg>
<arg>BI</arg>
<arg>BJ</arg>
<arg>BL</arg>
<arg>BM</arg>
<arg>BN</arg>
<arg>BO</arg>
<arg>BQ</arg>
<arg>BR</arg>
<arg>BS</arg>
<arg>BT</arg>
<arg>BV</arg>
<arg>BW</arg>
<arg>BY</arg>
<arg>BZ</arg>
<arg>CA</arg>
<arg>CC</arg>
<arg>CD</arg>
<arg>CF</arg>
<arg>CG</arg>
<arg>CH</arg>
<arg>CI</arg>
<arg>CK</arg>
<arg>CL</arg>
<arg>CM</arg>
<arg>CN</arg>
<arg>CO</arg>
<arg>CR</arg>
<arg>CU</arg>
<arg>CV</arg>
<arg>CW</arg>
<arg>CX</arg>
<arg>CY</arg>
<arg>CZ</arg>
<arg>DE</arg>
<arg>DJ</arg>
<arg>DK</arg>
<arg>DM</arg>
<arg>DO</arg>
<arg>DZ</arg>
<arg>EC</arg>
<arg>EE</arg>
<arg>EG</arg>
<arg>EH</arg>
<arg>ER</arg>
<arg>ES</arg>
<arg>ET</arg>
<arg>FI</arg>
<arg>FJ</arg>
<arg>FK</arg>
<arg>FM</arg>
<arg>FO</arg>
<arg>FR</arg>
<arg>GA</arg>
<arg>GB</arg>
<arg>GD</arg>
<arg>GE</arg>
<arg>GF</arg>
<arg>GG</arg>
<arg>GH</arg>
<arg>GI</arg>
<arg>GL</arg>
<arg>GM</arg>
<arg>GN</arg>
<arg>GP</arg>
<arg>GQ</arg>
<arg>GR</arg>
<arg>GS</arg>
<arg>GT</arg>
<arg>GU</arg>
<arg>GW</arg>
<arg>GY</arg>
<arg>HK</arg>
<arg>HM</arg>
<arg>HN</arg>
<arg>HR</arg>
<arg>HT</arg>
<arg>HU</arg>
<arg>ID</arg>
<arg>IE</arg>
<arg>IL</arg>
<arg>IM</arg>
<arg>IN</arg>
<arg>IO</arg>
<arg>IQ</arg>
<arg>IR</arg>
<arg>IS</arg>
<arg>IT</arg>
<arg>JE</arg>
<arg>JM</arg>
<arg>JO</arg>
<arg>JP</arg>
<arg>KE</arg>
<arg>KG</arg>
<arg>KH</arg>
<arg>KI</arg>
<arg>KM</arg>
<arg>KN</arg>
<arg>KP</arg>
<arg>KR</arg>
<arg>KW</arg>
<arg>KY</arg>
<arg>KZ</arg>
<arg>LA</arg>
<arg>LB</arg>
<arg>LC</arg>
<arg>LI</arg>
<arg>LK</arg>
<arg>LR</arg>
<arg>LS</arg>
<arg>LT</arg>
<arg>LU</arg>
<arg>LV</arg>
<arg>LY</arg>
<arg>MA</arg>
<arg>MC</arg>
<arg>MD</arg>
<arg>ME</arg>
<arg>MF</arg>
<arg>MG</arg>
<arg>MH</arg>
<arg>MK</arg>
<arg>ML</arg>
<arg>MM</arg>
<arg>MN</arg>
<arg>MO</arg>
<arg>MP</arg>
<arg>MQ</arg>
<arg>MR</arg>
<arg>MS</arg>
<arg>MT</arg>
<arg>MU</arg>
<arg>MV</arg>
<arg>MW</arg>
<arg>MX</arg>
<arg>MY</arg>
<arg>MZ</arg>
<arg>NA</arg>
<arg>NC</arg>
<arg>NE</arg>
<arg>NF</arg>
<arg>NG</arg>
<arg>NI</arg>
<arg>NL</arg>
<arg>NO</arg>
<arg>NP</arg>
<arg>NR</arg>
<arg>NU</arg>
<arg>NZ</arg>
<arg>OM</arg>
<arg>PA</arg>
<arg>PE</arg>
<arg>PF</arg>
<arg>PG</arg>
<arg>PH</arg>
<arg>PK</arg>
<arg>PL</arg>
<arg>PM</arg>
<arg>PN</arg>
<arg>PR</arg>
<arg>PS</arg>
<arg>PT</arg>
<arg>PW</arg>
<arg>PY</arg>
<arg>QA</arg>
<arg>RE</arg>
<arg>RO</arg>
<arg>RS</arg>
<arg>RU</arg>
<arg>RW</arg>
<arg>SA</arg>
<arg>SB</arg>
<arg>SC</arg>
<arg>SD</arg>
<arg>SE</arg>
<arg>SG</arg>
<arg>SH</arg>
<arg>SI</arg>
<arg>SJ</arg>
<arg>SK</arg>
<arg>SL</arg>
<arg>SM</arg>
<arg>SN</arg>
<arg>SO</arg>
<arg>SR</arg>
<arg>SS</arg>
<arg>ST</arg>
<arg>SV</arg>
<arg>SX</arg>
<arg>SY</arg>
<arg>SZ</arg>
<arg>TC</arg>
<arg>TD</arg>
<arg>TF</arg>
<arg>TG</arg>
<arg>TH</arg>
<arg>TJ</arg>
<arg>TK</arg>
<arg>TL</arg>
<arg>TM</arg>
<arg>TN</arg>
<arg>TO</arg>
<arg>TR</arg>
<arg>TT</arg>
<arg>TV</arg>
<arg>TW</arg>
<arg>TZ</arg>
<arg>UA</arg>
<arg>UG</arg>
<arg>UM</arg>
<arg>US</arg>
<arg>UY</arg>
<arg>UZ</arg>
<arg>VA</arg>
<arg>VC</arg>
<arg>VE</arg>
<arg>VG</arg>
<arg>VI</arg>
<arg>VN</arg>
<arg>VU</arg>
<arg>WF</arg>
<arg>WS</arg>
<arg>XK</arg>
<arg>YE</arg>
<arg>YT</arg>
<arg>ZA</arg>
<arg>ZM</arg>
<arg>ZW</arg>
<doc>Returns a list containing given items.</doc>
<status status="PASS" start="2024-06-18T16:19:19.293668" elapsed="0.000649"/>
</kw>
<kw name="List Should Contain Value" owner="Collections">
<arg>${list_country}</arg>
<arg>${name_country}</arg>
<doc>Fails if the ``value`` is not found from ``list``.</doc>
<status status="PASS" start="2024-06-18T16:19:19.295109" elapsed="0.000201"/>
</kw>
<kw name="Run Keyword If" owner="BuiltIn">
<kw name="Should Be True" owner="BuiltIn">
<arg>${True}</arg>
<doc>Fails if the given condition is not true.</doc>
<status status="PASS" start="2024-06-18T16:19:19.296356" elapsed="0.000142"/>
</kw>
<arg>${json_data["results"][0]["location"]["coordinates"]["latitude"]} &gt;= -90 and ${json_data["results"][0]["location"]["coordinates"]["latitude"]} &lt;= 90</arg>
<arg>Should Be True</arg>
<arg>${True}</arg>
<doc>Runs the given keyword with the given arguments, if ``condition`` is true.</doc>
<status status="PASS" start="2024-06-18T16:19:19.295504" elapsed="0.001117"/>
</kw>
<kw name="Run Keyword If" owner="BuiltIn">
<kw name="Should Be True" owner="BuiltIn">
<arg>${True}</arg>
<doc>Fails if the given condition is not true.</doc>
<status status="PASS" start="2024-06-18T16:19:19.297492" elapsed="0.000138"/>
</kw>
<arg>${json_data["results"][0]["location"]["coordinates"]["longitude"]} &gt;= -180 and ${json_data["results"][0]["location"]["coordinates"]["longitude"]} &lt;= 180</arg>
<arg>Should Be True</arg>
<arg>${True}</arg>
<doc>Runs the given keyword with the given arguments, if ``condition`` is true.</doc>
<status status="PASS" start="2024-06-18T16:19:19.296802" elapsed="0.000949"/>
</kw>
<status status="PASS" start="2024-06-18T16:19:19.196018" elapsed="0.101862"/>
</kw>
<doc>Testa o conteúdo específico dos campos retornados pela API.</doc>
<tag>testeConteudo</tag>
<status status="PASS" start="2024-06-18T16:19:19.195589" elapsed="0.102465"/>
</test>
<status status="PASS" start="2024-06-18T16:19:18.374662" elapsed="0.925291"/>
</suite>
<status status="PASS" start="2024-06-18T16:19:18.360993" elapsed="0.944131"/>
</suite>
<statistics>
<total>
<stat pass="5" fail="0" skip="0">All Tests</stat>
</total>
<tag>
<stat pass="1" fail="0" skip="0">testeConteudo</stat>
<stat pass="1" fail="0" skip="0">testeEstruturaResposta</stat>
<stat pass="1" fail="0" skip="0">testeRequisicaoBasica</stat>
<stat pass="1" fail="0" skip="0">testeTiposDados</stat>
</tag>
<suite>
<stat pass="5" fail="0" skip="0" id="s1" name="Tests">Tests</stat>
<stat pass="5" fail="0" skip="0" id="s1-s1" name="Random-User-Test">Tests.Random-User-Test</stat>
</suite>
</statistics>
<errors>
</errors>
</robot>
