<?xml version="1.0" encoding="UTF-8"?>
<robot generator="Robot 7.0 (Python 3.12.3 on linux)" generated="2024-05-26T22:13:11.519954" rpa="false" schemaversion="5">
<suite id="s1" name="Tests" source="/home/runner/work/ApiRandomUser/ApiRandomUser/RamdonUser/tests">
<suite id="s1-s1" name="Random-User-Test" source="/home/runner/work/ApiRandomUser/ApiRandomUser/RamdonUser/tests/random-user-test.robot">
<test id="s1-s1-t1" name="Conectar" line="13">
<kw name="Conectar API" owner="random-user-service">
<kw name="Create Session" owner="RequestsLibrary">
<msg time="2024-05-26T22:13:11.933081" level="INFO">Creating Session using : alias=consultarAPI, url=https://randomuser.me/, headers={},                     cookies={}, auth=None, timeout=None, proxies=None, verify=False,                     debug=0 </msg>
<arg>consultarAPI</arg>
<arg>${URL}</arg>
<doc>Create Session: create a HTTP session to a server</doc>
<status status="PASS" start="2024-05-26T22:13:11.932877" elapsed="0.000376"/>
</kw>
<status status="PASS" start="2024-05-26T22:13:11.931783" elapsed="0.001824"/>
</kw>
<status status="PASS" start="2024-05-26T22:13:11.931167" elapsed="0.002632"/>
</test>
<test id="s1-s1-t2" name="Validar retorno 200 e JSON Válido" line="16">
<kw name="Teste de Requisicao Basica" owner="random-user-service">
<kw name="GET On Session" owner="RequestsLibrary">
<msg time="2024-05-26T22:13:12.177492" level="INFO">GET Request : url=https://randomuser.me/api 
 path_url=/api 
 headers={'User-Agent': 'python-requests/2.32.2', 'Accept-Encoding': 'gzip, deflate', 'Accept': '*/*', 'Connection': 'keep-alive'} 
 body=None 
 </msg>
<msg time="2024-05-26T22:13:12.177644" level="INFO">GET Response : url=https://randomuser.me/api 
 status=200, reason=OK 
 headers={'Date': 'Sun, 26 May 2024 22:13:12 GMT', 'Content-Type': 'application/json; charset=utf-8', 'Transfer-Encoding': 'chunked', 'Connection': 'keep-alive', 'X-Powered-By': 'Express', 'Access-Control-Allow-Origin': '*', 'Cache-Control': 'no-cache', 'ETag': 'W/"4a2-itFGUqN52c+Z/4u7+y/vDKbz4MY"', 'Vary': 'Accept-Encoding', 'Content-Encoding': 'gzip', 'CF-Cache-Status': 'DYNAMIC', 'Report-To': '{"endpoints":[{"url":"https:\\/\\/a.nel.cloudflare.com\\/report\\/v4?s=PhuKPsmfF9XO1t3LjQwZEbAzj0RbEjerwfevpMHH5WBKMlf5oPMrrGkQCfPw1JSQc%2Bq1uLyY7ytdz2Xqiniyz8UNhe9wr3AbDHlwW96VrSrts0iXeht3Ih13zYllAtl3"}],"group":"cf-nel","max_age":604800}', 'NEL': '{"success_fraction":0,"report_to":"cf-nel","max_age":604800}', 'Server': 'cloudflare', 'CF-RAY': '88a11c6edbb56336-ORD', 'alt-svc': 'h3=":443"; ma=86400'} 
 body={"results":[{"gender":"male","name":{"title":"Mr","first":"Péricles","last":"Novaes"},"location":{"street":{"number":69,"name":"Rua Duque de Caxias "},"city":"Codó","state":"Paraná","country":"Brazil","postcode":65111,"coordinates":{"latitude":"-76.4106","longitude":"-69.7694"},"timezone":{"offset":"+5:00","description":"Ekaterinburg, Islamabad, Karachi, Tashkent"}},"email":"pericles.novaes@example.com","login":{"uuid":"cba05379-247b-4758-869c-7feac274d03d","username":"organicrabbit526","password":"gasman","salt":"jrESEuFI","md5":"6efe2cf3b80368683d438efba8944a14","sha1":"0b4de5e82f518c2dfe7eccefa8379e11f65ff5e4","sha256":"0bc99833c85bfd9b6a3ae7755eb29ad3156b1996eaf0a48bf929e4e0f3dc5223"},"dob":{"date":"1997-12-18T19:44:26.252Z","age":26},"registered":{"date":"2019-12-31T10:52:27.027Z","age":4},"phone":"(71) 4380-2848","cell":"(66) 2855-3735","id":{"name":"CPF","value":"572.146.242-58"},"picture":{"large":"https://randomuser.me/api/portraits/men/66.jpg","medium":"https://randomuser.me/api/portraits/med/men/66.jpg","thumbnail":"https://randomuser.me/api/portraits/thumb/men/66.jpg"},"nat":"BR"}],"info":{"seed":"44e5b01dcb17d9c2","results":1,"page":1,"version":"1.4"}} 
 </msg>
<msg time="2024-05-26T22:13:12.177729" level="INFO">/opt/hostedtoolcache/Python/3.12.3/x64/lib/python3.12/site-packages/urllib3/connectionpool.py:1103: InsecureRequestWarning: Unverified HTTPS request is being made to host 'randomuser.me'. Adding certificate verification is strongly advised. See: https://urllib3.readthedocs.io/en/latest/advanced-usage.html#tls-warnings
  warnings.warn(</msg>
<msg time="2024-05-26T22:13:12.177877" level="INFO">${response} = &lt;Response [200]&gt;</msg>
<var>${response}</var>
<arg>consultarAPI</arg>
<arg>/api</arg>
<doc>Sends a GET request on a previously created HTTP Session.</doc>
<status status="PASS" start="2024-05-26T22:13:11.936508" elapsed="0.241411"/>
</kw>
<kw name="Should Be Equal As Numbers" owner="BuiltIn">
<msg time="2024-05-26T22:13:12.178904" level="INFO">Argument types are:
&lt;class 'int'&gt;
&lt;class 'str'&gt;</msg>
<arg>${response.status_code}</arg>
<arg>200</arg>
<doc>Fails if objects are unequal after converting them to real numbers.</doc>
<status status="PASS" start="2024-05-26T22:13:12.178448" elapsed="0.000522"/>
</kw>
<kw name="Log" owner="BuiltIn">
<msg time="2024-05-26T22:13:12.179682" level="INFO">200</msg>
<arg>${response.status_code}</arg>
<doc>Logs the given message with the given level.</doc>
<status status="PASS" start="2024-05-26T22:13:12.179327" elapsed="0.000403"/>
</kw>
<kw name="Set Variable" owner="BuiltIn">
<msg time="2024-05-26T22:13:12.180492" level="INFO">${json_data} = {'results': [{'gender': 'male', 'name': {'title': 'Mr', 'first': 'Péricles', 'last': 'Novaes'}, 'location': {'street': {'number': 69, 'name': 'Rua Duque de Caxias '}, 'city': 'Codó', 'state': 'Paraná'...</msg>
<var>${json_data}</var>
<arg>${response.json()}</arg>
<doc>Returns the given values which can then be assigned to a variables.</doc>
<status status="PASS" start="2024-05-26T22:13:12.180044" elapsed="0.000477"/>
</kw>
<kw name="Dictionary Should Contain Key" owner="Collections">
<msg time="2024-05-26T22:13:12.181059" level="INFO">False</msg>
<arg>${json_data}</arg>
<arg>results</arg>
<doc>Fails if ``key`` is not found from ``dictionary``.</doc>
<status status="PASS" start="2024-05-26T22:13:12.180877" elapsed="0.000379"/>
</kw>
<status status="PASS" start="2024-05-26T22:13:11.936262" elapsed="0.245268"/>
</kw>
<doc>Testa se a API responde corretamente e retorna um objeto JSON válido.</doc>
<tag>testeRequisicaoBasica</tag>
<status status="PASS" start="2024-05-26T22:13:11.935696" elapsed="0.246018"/>
</test>
<test id="s1-s1-t3" name="Validar estrutura de resposta" line="22">
<kw name="Teste de Estrutura de Resposta" owner="random-user-service">
<kw name="GET On Session" owner="RequestsLibrary">
<msg time="2024-05-26T22:13:12.277652" level="INFO">GET Request : url=https://randomuser.me/api 
 path_url=/api 
 headers={'User-Agent': 'python-requests/2.32.2', 'Accept-Encoding': 'gzip, deflate', 'Accept': '*/*', 'Connection': 'keep-alive'} 
 body=None 
 </msg>
<msg time="2024-05-26T22:13:12.277734" level="INFO">GET Response : url=https://randomuser.me/api 
 status=200, reason=OK 
 headers={'Date': 'Sun, 26 May 2024 22:13:12 GMT', 'Content-Type': 'application/json; charset=utf-8', 'Transfer-Encoding': 'chunked', 'Connection': 'keep-alive', 'X-Powered-By': 'Express', 'Access-Control-Allow-Origin': '*', 'Cache-Control': 'no-cache', 'ETag': 'W/"4a3-pAMfxq2wjIsIHimghzXi3dE0MaY"', 'Vary': 'Accept-Encoding', 'Content-Encoding': 'gzip', 'CF-Cache-Status': 'DYNAMIC', 'Report-To': '{"endpoints":[{"url":"https:\\/\\/a.nel.cloudflare.com\\/report\\/v4?s=9AGf5x6P3fMLlmpTXg36FwPiNo0%2FezkKJDrjnUlLIf08g6x9XQFWf2MpGjkfLkle2kDEhURmgeA4Ofnfd65CXuRRtmr%2F25szcDi%2BTJvBxJU1VKk8KKxoASWKTIYyIECl"}],"group":"cf-nel","max_age":604800}', 'NEL': '{"success_fraction":0,"report_to":"cf-nel","max_age":604800}', 'Server': 'cloudflare', 'CF-RAY': '88a11c6f2c286336-ORD', 'alt-svc': 'h3=":443"; ma=86400'} 
 body={"results":[{"gender":"male","name":{"title":"Mr","first":"Arturo","last":"Candelaria"},"location":{"street":{"number":447,"name":"Corredor Sevilla"},"city":"Jilotzingo","state":"Zacatecas","country":"Mexico","postcode":52271,"coordinates":{"latitude":"25.6821","longitude":"-20.5093"},"timezone":{"offset":"+3:00","description":"Baghdad, Riyadh, Moscow, St. Petersburg"}},"email":"arturo.candelaria@example.com","login":{"uuid":"128086f7-bb28-43c5-ae9e-6976b2c1fe30","username":"orangewolf476","password":"troll","salt":"SSiFlUty","md5":"043820edd1499af282b4faacec723285","sha1":"ab4169482558eda51b5a3103cb6e2fefce9aeab1","sha256":"d58d132b92ad79144d97a5069eb22376450d2ec907f0603a170b83d8f77e0b01"},"dob":{"date":"1977-08-02T01:30:45.182Z","age":46},"registered":{"date":"2011-08-02T04:00:10.651Z","age":12},"phone":"(661) 719 9204","cell":"(676) 656 6682","id":{"name":"NSS","value":"09 49 89 5056 7"},"picture":{"large":"https://randomuser.me/api/portraits/men/40.jpg","medium":"https://randomuser.me/api/portraits/med/men/40.jpg","thumbnail":"https://randomuser.me/api/portraits/thumb/men/40.jpg"},"nat":"MX"}],"info":{"seed":"45f0c66775d7c7f3","results":1,"page":1,"version":"1.4"}} 
 </msg>
<msg time="2024-05-26T22:13:12.277832" level="INFO">/opt/hostedtoolcache/Python/3.12.3/x64/lib/python3.12/site-packages/urllib3/connectionpool.py:1103: InsecureRequestWarning: Unverified HTTPS request is being made to host 'randomuser.me'. Adding certificate verification is strongly advised. See: https://urllib3.readthedocs.io/en/latest/advanced-usage.html#tls-warnings
  warnings.warn(</msg>
<msg time="2024-05-26T22:13:12.277927" level="INFO">${response} = &lt;Response [200]&gt;</msg>
<var>${response}</var>
<arg>consultarAPI</arg>
<arg>/api</arg>
<doc>Sends a GET request on a previously created HTTP Session.</doc>
<status status="PASS" start="2024-05-26T22:13:12.184322" elapsed="0.093634"/>
</kw>
<kw name="Set Variable" owner="BuiltIn">
<msg time="2024-05-26T22:13:12.278830" level="INFO">${json_data} = {'results': [{'gender': 'male', 'name': {'title': 'Mr', 'first': 'Arturo', 'last': 'Candelaria'}, 'location': {'street': {'number': 447, 'name': 'Corredor Sevilla'}, 'city': 'Jilotzingo', 'state': 'Za...</msg>
<var>${json_data}</var>
<arg>${response.json()}</arg>
<doc>Returns the given values which can then be assigned to a variables.</doc>
<status status="PASS" start="2024-05-26T22:13:12.278359" elapsed="0.000499"/>
</kw>
<kw name="Log" owner="BuiltIn">
<msg time="2024-05-26T22:13:12.279324" level="INFO">{'results': [{'gender': 'male', 'name': {'title': 'Mr', 'first': 'Arturo', 'last': 'Candelaria'}, 'location': {'street': {'number': 447, 'name': 'Corredor Sevilla'}, 'city': 'Jilotzingo', 'state': 'Zacatecas', 'country': 'Mexico', 'postcode': 52271, 'coordinates': {'latitude': '25.6821', 'longitude': '-20.5093'}, 'timezone': {'offset': '+3:00', 'description': 'Baghdad, Riyadh, Moscow, St. Petersburg'}}, 'email': 'arturo.candelaria@example.com', 'login': {'uuid': '128086f7-bb28-43c5-ae9e-6976b2c1fe30', 'username': 'orangewolf476', 'password': 'troll', 'salt': 'SSiFlUty', 'md5': '043820edd1499af282b4faacec723285', 'sha1': 'ab4169482558eda51b5a3103cb6e2fefce9aeab1', 'sha256': 'd58d132b92ad79144d97a5069eb22376450d2ec907f0603a170b83d8f77e0b01'}, 'dob': {'date': '1977-08-02T01:30:45.182Z', 'age': 46}, 'registered': {'date': '2011-08-02T04:00:10.651Z', 'age': 12}, 'phone': '(661) 719 9204', 'cell': '(676) 656 6682', 'id': {'name': 'NSS', 'value': '09 49 89 5056 7'}, 'picture': {'large': 'https://randomuser.me/api/portraits/men/40.jpg', 'medium': 'https://randomuser.me/api/portraits/med/men/40.jpg', 'thumbnail': 'https://randomuser.me/api/portraits/thumb/men/40.jpg'}, 'nat': 'MX'}], 'info': {'seed': '45f0c66775d7c7f3', 'results': 1, 'page': 1, 'version': '1.4'}}</msg>
<arg>${json_data}</arg>
<doc>Logs the given message with the given level.</doc>
<status status="PASS" start="2024-05-26T22:13:12.279166" elapsed="0.000208"/>
</kw>
<kw name="Dictionary Should Contain Key" owner="Collections">
<msg time="2024-05-26T22:13:12.279825" level="INFO">False</msg>
<arg>${json_data}</arg>
<arg>results</arg>
<doc>Fails if ``key`` is not found from ``dictionary``.</doc>
<status status="PASS" start="2024-05-26T22:13:12.279671" elapsed="0.000191"/>
</kw>
<kw name="Should Not Be Empty" owner="BuiltIn">
<msg time="2024-05-26T22:13:12.280295" level="INFO">Length is 2.</msg>
<arg>${json_data}</arg>
<doc>Verifies that the given item is not empty.</doc>
<status status="PASS" start="2024-05-26T22:13:12.280163" elapsed="0.000172"/>
</kw>
<kw name="Create List" owner="BuiltIn">
<msg time="2024-05-26T22:13:12.280828" level="INFO">${expected_keys} = ['gender', 'name', 'location', 'email', 'login']</msg>
<var>${expected_keys}</var>
<arg>gender</arg>
<arg>name</arg>
<arg>location</arg>
<arg>email</arg>
<arg>login</arg>
<doc>Returns a list containing given items.</doc>
<status status="PASS" start="2024-05-26T22:13:12.280666" elapsed="0.000186"/>
</kw>
<for flavor="IN">
<iter>
<kw name="Dictionary Should Contain Key" owner="Collections">
<msg time="2024-05-26T22:13:12.281864" level="INFO">False</msg>
<arg>${json_data['results'][0]}</arg>
<arg>${key}</arg>
<doc>Fails if ``key`` is not found from ``dictionary``.</doc>
<status status="PASS" start="2024-05-26T22:13:12.281450" elapsed="0.000454"/>
</kw>
<kw name="Log" owner="BuiltIn">
<msg time="2024-05-26T22:13:12.282581" level="INFO">{'gender': 'male', 'name': {'title': 'Mr', 'first': 'Arturo', 'last': 'Candelaria'}, 'location': {'street': {'number': 447, 'name': 'Corredor Sevilla'}, 'city': 'Jilotzingo', 'state': 'Zacatecas', 'country': 'Mexico', 'postcode': 52271, 'coordinates': {'latitude': '25.6821', 'longitude': '-20.5093'}, 'timezone': {'offset': '+3:00', 'description': 'Baghdad, Riyadh, Moscow, St. Petersburg'}}, 'email': 'arturo.candelaria@example.com', 'login': {'uuid': '128086f7-bb28-43c5-ae9e-6976b2c1fe30', 'username': 'orangewolf476', 'password': 'troll', 'salt': 'SSiFlUty', 'md5': '043820edd1499af282b4faacec723285', 'sha1': 'ab4169482558eda51b5a3103cb6e2fefce9aeab1', 'sha256': 'd58d132b92ad79144d97a5069eb22376450d2ec907f0603a170b83d8f77e0b01'}, 'dob': {'date': '1977-08-02T01:30:45.182Z', 'age': 46}, 'registered': {'date': '2011-08-02T04:00:10.651Z', 'age': 12}, 'phone': '(661) 719 9204', 'cell': '(676) 656 6682', 'id': {'name': 'NSS', 'value': '09 49 89 5056 7'}, 'picture': {'large': 'https://randomuser.me/api/portraits/men/40.jpg', 'medium': 'https://randomuser.me/api/portraits/med/men/40.jpg', 'thumbnail': 'https://randomuser.me/api/portraits/thumb/men/40.jpg'}, 'nat': 'MX'}</msg>
<arg>${json_data['results'][0]}</arg>
<doc>Logs the given message with the given level.</doc>
<status status="PASS" start="2024-05-26T22:13:12.282216" elapsed="0.000414"/>
</kw>
<kw name="Log" owner="BuiltIn">
<msg time="2024-05-26T22:13:12.283073" level="INFO">gender</msg>
<arg>${key}</arg>
<doc>Logs the given message with the given level.</doc>
<status status="PASS" start="2024-05-26T22:13:12.282942" elapsed="0.000168"/>
</kw>
<var name="${key}">gender</var>
<status status="PASS" start="2024-05-26T22:13:12.281320" elapsed="0.002006"/>
</iter>
<iter>
<kw name="Dictionary Should Contain Key" owner="Collections">
<msg time="2024-05-26T22:13:12.284030" level="INFO">False</msg>
<arg>${json_data['results'][0]}</arg>
<arg>${key}</arg>
<doc>Fails if ``key`` is not found from ``dictionary``.</doc>
<status status="PASS" start="2024-05-26T22:13:12.283631" elapsed="0.000436"/>
</kw>
<kw name="Log" owner="BuiltIn">
<msg time="2024-05-26T22:13:12.284783" level="INFO">{'gender': 'male', 'name': {'title': 'Mr', 'first': 'Arturo', 'last': 'Candelaria'}, 'location': {'street': {'number': 447, 'name': 'Corredor Sevilla'}, 'city': 'Jilotzingo', 'state': 'Zacatecas', 'country': 'Mexico', 'postcode': 52271, 'coordinates': {'latitude': '25.6821', 'longitude': '-20.5093'}, 'timezone': {'offset': '+3:00', 'description': 'Baghdad, Riyadh, Moscow, St. Petersburg'}}, 'email': 'arturo.candelaria@example.com', 'login': {'uuid': '128086f7-bb28-43c5-ae9e-6976b2c1fe30', 'username': 'orangewolf476', 'password': 'troll', 'salt': 'SSiFlUty', 'md5': '043820edd1499af282b4faacec723285', 'sha1': 'ab4169482558eda51b5a3103cb6e2fefce9aeab1', 'sha256': 'd58d132b92ad79144d97a5069eb22376450d2ec907f0603a170b83d8f77e0b01'}, 'dob': {'date': '1977-08-02T01:30:45.182Z', 'age': 46}, 'registered': {'date': '2011-08-02T04:00:10.651Z', 'age': 12}, 'phone': '(661) 719 9204', 'cell': '(676) 656 6682', 'id': {'name': 'NSS', 'value': '09 49 89 5056 7'}, 'picture': {'large': 'https://randomuser.me/api/portraits/men/40.jpg', 'medium': 'https://randomuser.me/api/portraits/med/men/40.jpg', 'thumbnail': 'https://randomuser.me/api/portraits/thumb/men/40.jpg'}, 'nat': 'MX'}</msg>
<arg>${json_data['results'][0]}</arg>
<doc>Logs the given message with the given level.</doc>
<status status="PASS" start="2024-05-26T22:13:12.284390" elapsed="0.000451"/>
</kw>
<kw name="Log" owner="BuiltIn">
<msg time="2024-05-26T22:13:12.285269" level="INFO">name</msg>
<arg>${key}</arg>
<doc>Logs the given message with the given level.</doc>
<status status="PASS" start="2024-05-26T22:13:12.285141" elapsed="0.000165"/>
</kw>
<var name="${key}">name</var>
<status status="PASS" start="2024-05-26T22:13:12.283514" elapsed="0.002013"/>
</iter>
<iter>
<kw name="Dictionary Should Contain Key" owner="Collections">
<msg time="2024-05-26T22:13:12.286206" level="INFO">False</msg>
<arg>${json_data['results'][0]}</arg>
<arg>${key}</arg>
<doc>Fails if ``key`` is not found from ``dictionary``.</doc>
<status status="PASS" start="2024-05-26T22:13:12.285822" elapsed="0.000423"/>
</kw>
<kw name="Log" owner="BuiltIn">
<msg time="2024-05-26T22:13:12.286922" level="INFO">{'gender': 'male', 'name': {'title': 'Mr', 'first': 'Arturo', 'last': 'Candelaria'}, 'location': {'street': {'number': 447, 'name': 'Corredor Sevilla'}, 'city': 'Jilotzingo', 'state': 'Zacatecas', 'country': 'Mexico', 'postcode': 52271, 'coordinates': {'latitude': '25.6821', 'longitude': '-20.5093'}, 'timezone': {'offset': '+3:00', 'description': 'Baghdad, Riyadh, Moscow, St. Petersburg'}}, 'email': 'arturo.candelaria@example.com', 'login': {'uuid': '128086f7-bb28-43c5-ae9e-6976b2c1fe30', 'username': 'orangewolf476', 'password': 'troll', 'salt': 'SSiFlUty', 'md5': '043820edd1499af282b4faacec723285', 'sha1': 'ab4169482558eda51b5a3103cb6e2fefce9aeab1', 'sha256': 'd58d132b92ad79144d97a5069eb22376450d2ec907f0603a170b83d8f77e0b01'}, 'dob': {'date': '1977-08-02T01:30:45.182Z', 'age': 46}, 'registered': {'date': '2011-08-02T04:00:10.651Z', 'age': 12}, 'phone': '(661) 719 9204', 'cell': '(676) 656 6682', 'id': {'name': 'NSS', 'value': '09 49 89 5056 7'}, 'picture': {'large': 'https://randomuser.me/api/portraits/men/40.jpg', 'medium': 'https://randomuser.me/api/portraits/med/men/40.jpg', 'thumbnail': 'https://randomuser.me/api/portraits/thumb/men/40.jpg'}, 'nat': 'MX'}</msg>
<arg>${json_data['results'][0]}</arg>
<doc>Logs the given message with the given level.</doc>
<status status="PASS" start="2024-05-26T22:13:12.286559" elapsed="0.000420"/>
</kw>
<kw name="Log" owner="BuiltIn">
<msg time="2024-05-26T22:13:12.287409" level="INFO">location</msg>
<arg>${key}</arg>
<doc>Logs the given message with the given level.</doc>
<status status="PASS" start="2024-05-26T22:13:12.287282" elapsed="0.000164"/>
</kw>
<var name="${key}">location</var>
<status status="PASS" start="2024-05-26T22:13:12.285707" elapsed="0.001954"/>
</iter>
<iter>
<kw name="Dictionary Should Contain Key" owner="Collections">
<msg time="2024-05-26T22:13:12.288430" level="INFO">False</msg>
<arg>${json_data['results'][0]}</arg>
<arg>${key}</arg>
<doc>Fails if ``key`` is not found from ``dictionary``.</doc>
<status status="PASS" start="2024-05-26T22:13:12.287947" elapsed="0.000521"/>
</kw>
<kw name="Log" owner="BuiltIn">
<msg time="2024-05-26T22:13:12.289155" level="INFO">{'gender': 'male', 'name': {'title': 'Mr', 'first': 'Arturo', 'last': 'Candelaria'}, 'location': {'street': {'number': 447, 'name': 'Corredor Sevilla'}, 'city': 'Jilotzingo', 'state': 'Zacatecas', 'country': 'Mexico', 'postcode': 52271, 'coordinates': {'latitude': '25.6821', 'longitude': '-20.5093'}, 'timezone': {'offset': '+3:00', 'description': 'Baghdad, Riyadh, Moscow, St. Petersburg'}}, 'email': 'arturo.candelaria@example.com', 'login': {'uuid': '128086f7-bb28-43c5-ae9e-6976b2c1fe30', 'username': 'orangewolf476', 'password': 'troll', 'salt': 'SSiFlUty', 'md5': '043820edd1499af282b4faacec723285', 'sha1': 'ab4169482558eda51b5a3103cb6e2fefce9aeab1', 'sha256': 'd58d132b92ad79144d97a5069eb22376450d2ec907f0603a170b83d8f77e0b01'}, 'dob': {'date': '1977-08-02T01:30:45.182Z', 'age': 46}, 'registered': {'date': '2011-08-02T04:00:10.651Z', 'age': 12}, 'phone': '(661) 719 9204', 'cell': '(676) 656 6682', 'id': {'name': 'NSS', 'value': '09 49 89 5056 7'}, 'picture': {'large': 'https://randomuser.me/api/portraits/men/40.jpg', 'medium': 'https://randomuser.me/api/portraits/med/men/40.jpg', 'thumbnail': 'https://randomuser.me/api/portraits/thumb/men/40.jpg'}, 'nat': 'MX'}</msg>
<arg>${json_data['results'][0]}</arg>
<doc>Logs the given message with the given level.</doc>
<status status="PASS" start="2024-05-26T22:13:12.288797" elapsed="0.000406"/>
</kw>
<kw name="Log" owner="BuiltIn">
<msg time="2024-05-26T22:13:12.289628" level="INFO">email</msg>
<arg>${key}</arg>
<doc>Logs the given message with the given level.</doc>
<status status="PASS" start="2024-05-26T22:13:12.289501" elapsed="0.000164"/>
</kw>
<var name="${key}">email</var>
<status status="PASS" start="2024-05-26T22:13:12.287835" elapsed="0.002044"/>
</iter>
<iter>
<kw name="Dictionary Should Contain Key" owner="Collections">
<msg time="2024-05-26T22:13:12.290558" level="INFO">False</msg>
<arg>${json_data['results'][0]}</arg>
<arg>${key}</arg>
<doc>Fails if ``key`` is not found from ``dictionary``.</doc>
<status status="PASS" start="2024-05-26T22:13:12.290166" elapsed="0.000428"/>
</kw>
<kw name="Log" owner="BuiltIn">
<msg time="2024-05-26T22:13:12.291239" level="INFO">{'gender': 'male', 'name': {'title': 'Mr', 'first': 'Arturo', 'last': 'Candelaria'}, 'location': {'street': {'number': 447, 'name': 'Corredor Sevilla'}, 'city': 'Jilotzingo', 'state': 'Zacatecas', 'country': 'Mexico', 'postcode': 52271, 'coordinates': {'latitude': '25.6821', 'longitude': '-20.5093'}, 'timezone': {'offset': '+3:00', 'description': 'Baghdad, Riyadh, Moscow, St. Petersburg'}}, 'email': 'arturo.candelaria@example.com', 'login': {'uuid': '128086f7-bb28-43c5-ae9e-6976b2c1fe30', 'username': 'orangewolf476', 'password': 'troll', 'salt': 'SSiFlUty', 'md5': '043820edd1499af282b4faacec723285', 'sha1': 'ab4169482558eda51b5a3103cb6e2fefce9aeab1', 'sha256': 'd58d132b92ad79144d97a5069eb22376450d2ec907f0603a170b83d8f77e0b01'}, 'dob': {'date': '1977-08-02T01:30:45.182Z', 'age': 46}, 'registered': {'date': '2011-08-02T04:00:10.651Z', 'age': 12}, 'phone': '(661) 719 9204', 'cell': '(676) 656 6682', 'id': {'name': 'NSS', 'value': '09 49 89 5056 7'}, 'picture': {'large': 'https://randomuser.me/api/portraits/men/40.jpg', 'medium': 'https://randomuser.me/api/portraits/med/men/40.jpg', 'thumbnail': 'https://randomuser.me/api/portraits/thumb/men/40.jpg'}, 'nat': 'MX'}</msg>
<arg>${json_data['results'][0]}</arg>
<doc>Logs the given message with the given level.</doc>
<status status="PASS" start="2024-05-26T22:13:12.290889" elapsed="0.000397"/>
</kw>
<kw name="Log" owner="BuiltIn">
<msg time="2024-05-26T22:13:12.291699" level="INFO">login</msg>
<arg>${key}</arg>
<doc>Logs the given message with the given level.</doc>
<status status="PASS" start="2024-05-26T22:13:12.291574" elapsed="0.000191"/>
</kw>
<var name="${key}">login</var>
<status status="PASS" start="2024-05-26T22:13:12.290053" elapsed="0.001952"/>
</iter>
<var>${key}</var>
<value>@{expected_keys}</value>
<status status="PASS" start="2024-05-26T22:13:12.281118" elapsed="0.011017"/>
</for>
<kw name="Create List" owner="BuiltIn">
<msg time="2024-05-26T22:13:12.292467" level="INFO">${expected_keysTwo} = ['username', 'password']</msg>
<var>${expected_keysTwo}</var>
<arg>username</arg>
<arg>password</arg>
<doc>Returns a list containing given items.</doc>
<status status="PASS" start="2024-05-26T22:13:12.292330" elapsed="0.000160"/>
</kw>
<for flavor="IN">
<iter>
<kw name="Dictionary Should Contain Key" owner="Collections">
<msg time="2024-05-26T22:13:12.293474" level="INFO">False</msg>
<arg>${json_data['results'][0]['login']}</arg>
<arg>${keyTwo}</arg>
<doc>Fails if ``key`` is not found from ``dictionary``.</doc>
<status status="PASS" start="2024-05-26T22:13:12.293063" elapsed="0.000447"/>
</kw>
<kw name="Dictionary Should Contain Key" owner="Collections">
<msg time="2024-05-26T22:13:12.294179" level="INFO">False</msg>
<arg>${json_data['results'][0]['login']}</arg>
<arg>${keyTwo}</arg>
<doc>Fails if ``key`` is not found from ``dictionary``.</doc>
<status status="PASS" start="2024-05-26T22:13:12.293805" elapsed="0.000411"/>
</kw>
<kw name="Log" owner="BuiltIn">
<msg time="2024-05-26T22:13:12.294633" level="INFO">username</msg>
<arg>${keyTwo}</arg>
<doc>Logs the given message with the given level.</doc>
<status status="PASS" start="2024-05-26T22:13:12.294508" elapsed="0.000161"/>
</kw>
<var name="${keyTwo}">username</var>
<status status="PASS" start="2024-05-26T22:13:12.292914" elapsed="0.001965"/>
</iter>
<iter>
<kw name="Dictionary Should Contain Key" owner="Collections">
<msg time="2024-05-26T22:13:12.295535" level="INFO">False</msg>
<arg>${json_data['results'][0]['login']}</arg>
<arg>${keyTwo}</arg>
<doc>Fails if ``key`` is not found from ``dictionary``.</doc>
<status status="PASS" start="2024-05-26T22:13:12.295160" elapsed="0.000411"/>
</kw>
<kw name="Dictionary Should Contain Key" owner="Collections">
<msg time="2024-05-26T22:13:12.296229" level="INFO">False</msg>
<arg>${json_data['results'][0]['login']}</arg>
<arg>${keyTwo}</arg>
<doc>Fails if ``key`` is not found from ``dictionary``.</doc>
<status status="PASS" start="2024-05-26T22:13:12.295861" elapsed="0.000403"/>
</kw>
<kw name="Log" owner="BuiltIn">
<msg time="2024-05-26T22:13:12.296712" level="INFO">password</msg>
<arg>${keyTwo}</arg>
<doc>Logs the given message with the given level.</doc>
<status status="PASS" start="2024-05-26T22:13:12.296553" elapsed="0.000196"/>
</kw>
<var name="${keyTwo}">password</var>
<status status="PASS" start="2024-05-26T22:13:12.295051" elapsed="0.001916"/>
</iter>
<var>${keyTwo}</var>
<value>@{expected_keysTwo}</value>
<status status="PASS" start="2024-05-26T22:13:12.292760" elapsed="0.004326"/>
</for>
<status status="PASS" start="2024-05-26T22:13:12.184073" elapsed="0.113150"/>
</kw>
<doc>Testa a estrutura da resposta da API.</doc>
<tag>testeEstruturaResposta</tag>
<status status="PASS" start="2024-05-26T22:13:12.183554" elapsed="0.113821"/>
</test>
<test id="s1-s1-t4" name="Validar tipos de dados" line="28">
<kw name="Teste de Tipos de Dados" owner="random-user-service">
<kw name="GET On Session" owner="RequestsLibrary">
<msg time="2024-05-26T22:13:12.390581" level="INFO">GET Request : url=https://randomuser.me/api 
 path_url=/api 
 headers={'User-Agent': 'python-requests/2.32.2', 'Accept-Encoding': 'gzip, deflate', 'Accept': '*/*', 'Connection': 'keep-alive'} 
 body=None 
 </msg>
<msg time="2024-05-26T22:13:12.390653" level="INFO">GET Response : url=https://randomuser.me/api 
 status=200, reason=OK 
 headers={'Date': 'Sun, 26 May 2024 22:13:12 GMT', 'Content-Type': 'application/json; charset=utf-8', 'Transfer-Encoding': 'chunked', 'Connection': 'keep-alive', 'X-Powered-By': 'Express', 'Access-Control-Allow-Origin': '*', 'Cache-Control': 'no-cache', 'ETag': 'W/"48d-xlyC99tTr+urycZt3blaUgtBZHw"', 'Vary': 'Accept-Encoding', 'Content-Encoding': 'gzip', 'CF-Cache-Status': 'DYNAMIC', 'Report-To': '{"endpoints":[{"url":"https:\\/\\/a.nel.cloudflare.com\\/report\\/v4?s=2xX%2B4q9PWirwfgHkhFwyyrNJ%2B6iTw5G1Hz0lGRb8LVtrbZJKezF%2B8FUP%2FdmHq9uLMugAiInVcT2GMdP72BTasilo8osBnqwFDrMk2jLjZjEgdB9pgjZUHL%2B7OJVN3KJE"}],"group":"cf-nel","max_age":604800}', 'NEL': '{"success_fraction":0,"report_to":"cf-nel","max_age":604800}', 'Server': 'cloudflare', 'CF-RAY': '88a11c6fed286336-ORD', 'alt-svc': 'h3=":443"; ma=86400'} 
 body={"results":[{"gender":"male","name":{"title":"Mr","first":"Pedro","last":"Soto"},"location":{"street":{"number":3445,"name":"Calle Mota"},"city":"Jerez de la Frontera","state":"País Vasco","country":"Spain","postcode":81437,"coordinates":{"latitude":"-33.5631","longitude":"-51.7167"},"timezone":{"offset":"-6:00","description":"Central Time (US &amp; Canada), Mexico City"}},"email":"pedro.soto@example.com","login":{"uuid":"de35d6ec-63f6-4600-a63a-48f1cc2a91a0","username":"bluemouse357","password":"hanson","salt":"ym0xxbb5","md5":"57b2bd7d9e7c989f066b922a256de136","sha1":"421df4e0392d0b64b203ee5396b9260c1eaebaa1","sha256":"2b3f2e2303f2330a0dd8bfd46b430a66a9625436d019465b3bf5b5fc5d66b850"},"dob":{"date":"1976-01-15T20:59:11.808Z","age":48},"registered":{"date":"2021-03-25T16:34:52.840Z","age":3},"phone":"977-166-060","cell":"636-537-209","id":{"name":"DNI","value":"25811870-A"},"picture":{"large":"https://randomuser.me/api/portraits/men/9.jpg","medium":"https://randomuser.me/api/portraits/med/men/9.jpg","thumbnail":"https://randomuser.me/api/portraits/thumb/men/9.jpg"},"nat":"ES"}],"info":{"seed":"455b5cb7fd76ec94","results":1,"page":1,"version":"1.4"}} 
 </msg>
<msg time="2024-05-26T22:13:12.390716" level="INFO">/opt/hostedtoolcache/Python/3.12.3/x64/lib/python3.12/site-packages/urllib3/connectionpool.py:1103: InsecureRequestWarning: Unverified HTTPS request is being made to host 'randomuser.me'. Adding certificate verification is strongly advised. See: https://urllib3.readthedocs.io/en/latest/advanced-usage.html#tls-warnings
  warnings.warn(</msg>
<msg time="2024-05-26T22:13:12.390830" level="INFO">${response} = &lt;Response [200]&gt;</msg>
<var>${response}</var>
<arg>consultarAPI</arg>
<arg>/api</arg>
<doc>Sends a GET request on a previously created HTTP Session.</doc>
<status status="PASS" start="2024-05-26T22:13:12.299820" elapsed="0.091050"/>
</kw>
<kw name="Set Variable" owner="BuiltIn">
<msg time="2024-05-26T22:13:12.391872" level="INFO">${json_data} = {'results': [{'gender': 'male', 'name': {'title': 'Mr', 'first': 'Pedro', 'last': 'Soto'}, 'location': {'street': {'number': 3445, 'name': 'Calle Mota'}, 'city': 'Jerez de la Frontera', 'state': 'País...</msg>
<var>${json_data}</var>
<arg>${response.json()}</arg>
<doc>Returns the given values which can then be assigned to a variables.</doc>
<status status="PASS" start="2024-05-26T22:13:12.391359" elapsed="0.000543"/>
</kw>
<kw name="Log" owner="BuiltIn">
<msg time="2024-05-26T22:13:12.392365" level="INFO">{'results': [{'gender': 'male', 'name': {'title': 'Mr', 'first': 'Pedro', 'last': 'Soto'}, 'location': {'street': {'number': 3445, 'name': 'Calle Mota'}, 'city': 'Jerez de la Frontera', 'state': 'País Vasco', 'country': 'Spain', 'postcode': 81437, 'coordinates': {'latitude': '-33.5631', 'longitude': '-51.7167'}, 'timezone': {'offset': '-6:00', 'description': 'Central Time (US &amp; Canada), Mexico City'}}, 'email': 'pedro.soto@example.com', 'login': {'uuid': 'de35d6ec-63f6-4600-a63a-48f1cc2a91a0', 'username': 'bluemouse357', 'password': 'hanson', 'salt': 'ym0xxbb5', 'md5': '57b2bd7d9e7c989f066b922a256de136', 'sha1': '421df4e0392d0b64b203ee5396b9260c1eaebaa1', 'sha256': '2b3f2e2303f2330a0dd8bfd46b430a66a9625436d019465b3bf5b5fc5d66b850'}, 'dob': {'date': '1976-01-15T20:59:11.808Z', 'age': 48}, 'registered': {'date': '2021-03-25T16:34:52.840Z', 'age': 3}, 'phone': '977-166-060', 'cell': '636-537-209', 'id': {'name': 'DNI', 'value': '25811870-A'}, 'picture': {'large': 'https://randomuser.me/api/portraits/men/9.jpg', 'medium': 'https://randomuser.me/api/portraits/med/men/9.jpg', 'thumbnail': 'https://randomuser.me/api/portraits/thumb/men/9.jpg'}, 'nat': 'ES'}], 'info': {'seed': '455b5cb7fd76ec94', 'results': 1, 'page': 1, 'version': '1.4'}}</msg>
<arg>${json_data}</arg>
<doc>Logs the given message with the given level.</doc>
<status status="PASS" start="2024-05-26T22:13:12.392207" elapsed="0.000243"/>
</kw>
<kw name="Should Be String" owner="String">
<arg>${json_data['results'][0]['gender']}</arg>
<doc>Fails if the given ``item`` is not a string.</doc>
<status status="PASS" start="2024-05-26T22:13:12.392797" elapsed="0.000373"/>
</kw>
<kw name="Should Match Regexp" owner="BuiltIn">
<arg>${json_data['results'][0]['email']}</arg>
<arg>^[a-zA-Z0-9._%+-]+@[a-zA-Z0-9.-]+\.[a-zA-Z]{2,}$</arg>
<doc>Fails if ``string`` does not match ``pattern`` as a regular expression.</doc>
<status status="PASS" start="2024-05-26T22:13:12.393376" elapsed="0.000643"/>
</kw>
<kw name="Should Match Regexp" owner="BuiltIn">
<arg>${json_data['results'][0]['dob']['date']}</arg>
<arg>\\d{4}-\\d{2}-\\d{2}T\\d{2}:\\d{2}:\\d{2}\\.\\d{3}Z</arg>
<doc>Fails if ``string`` does not match ``pattern`` as a regular expression.</doc>
<status status="PASS" start="2024-05-26T22:13:12.394216" elapsed="0.000668"/>
</kw>
<kw name="Should Match Regexp" owner="BuiltIn">
<arg>${json_data['results'][0]['registered']['date']}</arg>
<arg>\\d{4}-\\d{2}-\\d{2}T\\d{2}:\\d{2}:\\d{2}\\.\\d{3}Z</arg>
<doc>Fails if ``string`` does not match ``pattern`` as a regular expression.</doc>
<status status="PASS" start="2024-05-26T22:13:12.395088" elapsed="0.000370"/>
</kw>
<kw name="Should Match Regexp" owner="BuiltIn">
<arg>${json_data['results'][0]['picture']['large']}</arg>
<arg>^https?://.*\.(?:png|jpe?g|gif|bmp)$</arg>
<doc>Fails if ``string`` does not match ``pattern`` as a regular expression.</doc>
<status status="PASS" start="2024-05-26T22:13:12.395647" elapsed="0.000462"/>
</kw>
<kw name="Should Match Regexp" owner="BuiltIn">
<arg>${json_data['results'][0]['picture']['medium']}</arg>
<arg>^https?://.*\.(?:png|jpe?g|gif|bmp)$</arg>
<doc>Fails if ``string`` does not match ``pattern`` as a regular expression.</doc>
<status status="PASS" start="2024-05-26T22:13:12.396300" elapsed="0.000391"/>
</kw>
<kw name="Should Match Regexp" owner="BuiltIn">
<arg>${json_data['results'][0]['picture']['thumbnail']}</arg>
<arg>^https?://.*\.(?:png|jpe?g|gif|bmp)$</arg>
<doc>Fails if ``string`` does not match ``pattern`` as a regular expression.</doc>
<status status="PASS" start="2024-05-26T22:13:12.396884" elapsed="0.000350"/>
</kw>
<kw name="Log" owner="BuiltIn">
<msg time="2024-05-26T22:13:12.397751" level="INFO">{'large': 'https://randomuser.me/api/portraits/men/9.jpg', 'medium': 'https://randomuser.me/api/portraits/med/men/9.jpg', 'thumbnail': 'https://randomuser.me/api/portraits/thumb/men/9.jpg'}</msg>
<arg>${json_data['results'][0]['picture']}</arg>
<doc>Logs the given message with the given level.</doc>
<status status="PASS" start="2024-05-26T22:13:12.397415" elapsed="0.000376"/>
</kw>
<status status="PASS" start="2024-05-26T22:13:12.299590" elapsed="0.098449"/>
</kw>
<kw name="Teste de Tipos de Dados - Postcode" owner="random-user-service">
<kw name="GET On Session" owner="RequestsLibrary">
<msg time="2024-05-26T22:13:12.479450" level="INFO">GET Request : url=https://randomuser.me/api 
 path_url=/api 
 headers={'User-Agent': 'python-requests/2.32.2', 'Accept-Encoding': 'gzip, deflate', 'Accept': '*/*', 'Connection': 'keep-alive'} 
 body=None 
 </msg>
<msg time="2024-05-26T22:13:12.479548" level="INFO">GET Response : url=https://randomuser.me/api 
 status=200, reason=OK 
 headers={'Date': 'Sun, 26 May 2024 22:13:12 GMT', 'Content-Type': 'application/json; charset=utf-8', 'Transfer-Encoding': 'chunked', 'Connection': 'keep-alive', 'X-Powered-By': 'Express', 'Access-Control-Allow-Origin': '*', 'Cache-Control': 'no-cache', 'ETag': 'W/"4a0-1t5qSupCIA872DtmruwYbzj76UA"', 'Vary': 'Accept-Encoding', 'Content-Encoding': 'gzip', 'CF-Cache-Status': 'DYNAMIC', 'Report-To': '{"endpoints":[{"url":"https:\\/\\/a.nel.cloudflare.com\\/report\\/v4?s=pAXD9rKHoo5fsl%2BQLrgc5mtsST7UhozibROVansAOlEcwiV6ShMJn3lYU%2B3cFkZCMnGzQms5ghqBbG34kDHEr%2F56G4eP7ayNI0y1MeU7WoGtGQrArCJp9iLhrWt1UBs2"}],"group":"cf-nel","max_age":604800}', 'NEL': '{"success_fraction":0,"report_to":"cf-nel","max_age":604800}', 'Server': 'cloudflare', 'CF-RAY': '88a11c708ded6336-ORD', 'alt-svc': 'h3=":443"; ma=86400'} 
 body={"results":[{"gender":"female","name":{"title":"Miss","first":"Amber","last":"Otoole"},"location":{"street":{"number":2956,"name":"High Street"},"city":"Castlebar","state":"Dún Laoghaire–Rathdown","country":"Ireland","postcode":84792,"coordinates":{"latitude":"-1.7116","longitude":"93.6107"},"timezone":{"offset":"+4:00","description":"Abu Dhabi, Muscat, Baku, Tbilisi"}},"email":"amber.otoole@example.com","login":{"uuid":"1b2a4533-dea7-4a46-bce3-a5c469ef4e52","username":"brownostrich420","password":"vampire","salt":"3PBOsAEW","md5":"18329edd618cad88bae7ad17e610c22d","sha1":"15d23cb22b332dd42545cd87bfb34bed8faadcde","sha256":"724278b798f09851559eda2360d7b92cfe1efc59500aace7acd107bc3630ac81"},"dob":{"date":"1987-11-03T12:27:02.447Z","age":36},"registered":{"date":"2007-05-04T12:18:47.691Z","age":17},"phone":"041-992-9310","cell":"081-409-4981","id":{"name":"PPS","value":"1354056T"},"picture":{"large":"https://randomuser.me/api/portraits/women/40.jpg","medium":"https://randomuser.me/api/portraits/med/women/40.jpg","thumbnail":"https://randomuser.me/api/portraits/thumb/women/40.jpg"},"nat":"IE"}],"info":{"seed":"4a2b228bafa3d945","results":1,"page":1,"version":"1.4"}} 
 </msg>
<msg time="2024-05-26T22:13:12.479635" level="INFO">/opt/hostedtoolcache/Python/3.12.3/x64/lib/python3.12/site-packages/urllib3/connectionpool.py:1103: InsecureRequestWarning: Unverified HTTPS request is being made to host 'randomuser.me'. Adding certificate verification is strongly advised. See: https://urllib3.readthedocs.io/en/latest/advanced-usage.html#tls-warnings
  warnings.warn(</msg>
<msg time="2024-05-26T22:13:12.479791" level="INFO">${response} = &lt;Response [200]&gt;</msg>
<var>${response}</var>
<arg>consultarAPI</arg>
<arg>/api</arg>
<doc>Sends a GET request on a previously created HTTP Session.</doc>
<status status="PASS" start="2024-05-26T22:13:12.398492" elapsed="0.081351"/>
</kw>
<kw name="Set Variable" owner="BuiltIn">
<msg time="2024-05-26T22:13:12.480983" level="INFO">${json_data} = {'results': [{'gender': 'female', 'name': {'title': 'Miss', 'first': 'Amber', 'last': 'Otoole'}, 'location': {'street': {'number': 2956, 'name': 'High Street'}, 'city': 'Castlebar', 'state': 'Dún Laog...</msg>
<var>${json_data}</var>
<arg>${response.json()}</arg>
<doc>Returns the given values which can then be assigned to a variables.</doc>
<status status="PASS" start="2024-05-26T22:13:12.480368" elapsed="0.000645"/>
</kw>
<kw name="Log" owner="BuiltIn">
<msg time="2024-05-26T22:13:12.481482" level="INFO">{'results': [{'gender': 'female', 'name': {'title': 'Miss', 'first': 'Amber', 'last': 'Otoole'}, 'location': {'street': {'number': 2956, 'name': 'High Street'}, 'city': 'Castlebar', 'state': 'Dún Laoghaire–Rathdown', 'country': 'Ireland', 'postcode': 84792, 'coordinates': {'latitude': '-1.7116', 'longitude': '93.6107'}, 'timezone': {'offset': '+4:00', 'description': 'Abu Dhabi, Muscat, Baku, Tbilisi'}}, 'email': 'amber.otoole@example.com', 'login': {'uuid': '1b2a4533-dea7-4a46-bce3-a5c469ef4e52', 'username': 'brownostrich420', 'password': 'vampire', 'salt': '3PBOsAEW', 'md5': '18329edd618cad88bae7ad17e610c22d', 'sha1': '15d23cb22b332dd42545cd87bfb34bed8faadcde', 'sha256': '724278b798f09851559eda2360d7b92cfe1efc59500aace7acd107bc3630ac81'}, 'dob': {'date': '1987-11-03T12:27:02.447Z', 'age': 36}, 'registered': {'date': '2007-05-04T12:18:47.691Z', 'age': 17}, 'phone': '041-992-9310', 'cell': '081-409-4981', 'id': {'name': 'PPS', 'value': '1354056T'}, 'picture': {'large': 'https://randomuser.me/api/portraits/women/40.jpg', 'medium': 'https://randomuser.me/api/portraits/med/women/40.jpg', 'thumbnail': 'https://randomuser.me/api/portraits/thumb/women/40.jpg'}, 'nat': 'IE'}], 'info': {'seed': '4a2b228bafa3d945', 'results': 1, 'page': 1, 'version': '1.4'}}</msg>
<arg>${json_data}</arg>
<doc>Logs the given message with the given level.</doc>
<status status="PASS" start="2024-05-26T22:13:12.481324" elapsed="0.000242"/>
</kw>
<kw name="Should Be Equal As Numbers" owner="BuiltIn">
<arg>${json_data['results'][0]['location']['postcode']}</arg>
<arg>${json_data['results'][0]['location']['postcode']}</arg>
<doc>Fails if objects are unequal after converting them to real numbers.</doc>
<status status="PASS" start="2024-05-26T22:13:12.481873" elapsed="0.000646"/>
</kw>
<kw name="Log" owner="BuiltIn">
<msg time="2024-05-26T22:13:12.483050" level="INFO">84792</msg>
<arg>${json_data['results'][0]['location']['postcode']}</arg>
<doc>Logs the given message with the given level.</doc>
<status status="PASS" start="2024-05-26T22:13:12.482715" elapsed="0.000374"/>
</kw>
<status status="PASS" start="2024-05-26T22:13:12.398259" elapsed="0.085084"/>
</kw>
<doc>Testa se os tipos de dados na resposta da API estão corretos.</doc>
<tag>testeTiposDados</tag>
<status status="PASS" start="2024-05-26T22:13:12.299119" elapsed="0.184391"/>
</test>
<test id="s1-s1-t5" name="Validar conteudo" line="35">
<kw name="Teste de Tipos de Conteudo" owner="random-user-service">
<kw name="GET On Session" owner="RequestsLibrary">
<msg time="2024-05-26T22:13:12.571843" level="INFO">GET Request : url=https://randomuser.me/api 
 path_url=/api 
 headers={'User-Agent': 'python-requests/2.32.2', 'Accept-Encoding': 'gzip, deflate', 'Accept': '*/*', 'Connection': 'keep-alive'} 
 body=None 
 </msg>
<msg time="2024-05-26T22:13:12.571927" level="INFO">GET Response : url=https://randomuser.me/api 
 status=200, reason=OK 
 headers={'Date': 'Sun, 26 May 2024 22:13:12 GMT', 'Content-Type': 'application/json; charset=utf-8', 'Transfer-Encoding': 'chunked', 'Connection': 'keep-alive', 'X-Powered-By': 'Express', 'Access-Control-Allow-Origin': '*', 'Cache-Control': 'no-cache', 'ETag': 'W/"48a-mnuL+jpG/d+qt3iYvzY5XiCSVZg"', 'Vary': 'Accept-Encoding', 'Content-Encoding': 'gzip', 'CF-Cache-Status': 'DYNAMIC', 'Report-To': '{"endpoints":[{"url":"https:\\/\\/a.nel.cloudflare.com\\/report\\/v4?s=QQ0Lwjh%2FDOD%2FLQj%2BuWPM3xjPOx0J38EuU5oLadK08BzSX9KKvT2f4MMJ5KWH1UNBeeMbx13DjIfSEa7RTeN8c8cMiSejZP7fufPTdqkqo1kKj%2FmyV4I2bCKt%2BmaJ%2FeHH"}],"group":"cf-nel","max_age":604800}', 'NEL': '{"success_fraction":0,"report_to":"cf-nel","max_age":604800}', 'Server': 'cloudflare', 'CF-RAY': '88a11c710e936336-ORD', 'alt-svc': 'h3=":443"; ma=86400'} 
 body={"results":[{"gender":"female","name":{"title":"Ms","first":"Daniela","last":"Sánchez"},"location":{"street":{"number":8926,"name":"Calle de Arganzuela"},"city":"Murcia","state":"Comunidad de Madrid","country":"Spain","postcode":41316,"coordinates":{"latitude":"-31.6533","longitude":"6.7782"},"timezone":{"offset":"+9:30","description":"Adelaide, Darwin"}},"email":"daniela.sanchez@example.com","login":{"uuid":"4deee488-55f6-4ec0-95ce-4c8b02ffcf80","username":"tinyfish800","password":"schalke","salt":"v9z5VdMw","md5":"97bd5f86329e8f28762cdab354192a4c","sha1":"3fe8733d23eff2a94da69eb76ce47f5a4c989b4b","sha256":"e63b95f93c03553194d689f4d41bc2754478a44dccd4d799b59c9de0d17b835b"},"dob":{"date":"1975-01-18T02:14:31.917Z","age":49},"registered":{"date":"2017-01-30T09:32:55.591Z","age":7},"phone":"919-979-504","cell":"664-013-003","id":{"name":"DNI","value":"88219504-K"},"picture":{"large":"https://randomuser.me/api/portraits/women/1.jpg","medium":"https://randomuser.me/api/portraits/med/women/1.jpg","thumbnail":"https://randomuser.me/api/portraits/thumb/women/1.jpg"},"nat":"ES"}],"info":{"seed":"1424b624a6edc48c","results":1,"page":1,"version":"1.4"}} 
 </msg>
<msg time="2024-05-26T22:13:12.572001" level="INFO">/opt/hostedtoolcache/Python/3.12.3/x64/lib/python3.12/site-packages/urllib3/connectionpool.py:1103: InsecureRequestWarning: Unverified HTTPS request is being made to host 'randomuser.me'. Adding certificate verification is strongly advised. See: https://urllib3.readthedocs.io/en/latest/advanced-usage.html#tls-warnings
  warnings.warn(</msg>
<msg time="2024-05-26T22:13:12.572136" level="INFO">${response} = &lt;Response [200]&gt;</msg>
<var>${response}</var>
<arg>consultarAPI</arg>
<arg>/api</arg>
<doc>Sends a GET request on a previously created HTTP Session.</doc>
<status status="PASS" start="2024-05-26T22:13:12.486389" elapsed="0.085801"/>
</kw>
<kw name="Set Variable" owner="BuiltIn">
<msg time="2024-05-26T22:13:12.573074" level="INFO">${json_data} = {'results': [{'gender': 'female', 'name': {'title': 'Ms', 'first': 'Daniela', 'last': 'Sánchez'}, 'location': {'street': {'number': 8926, 'name': 'Calle de Arganzuela'}, 'city': 'Murcia', 'state': 'Co...</msg>
<var>${json_data}</var>
<arg>${response.json()}</arg>
<doc>Returns the given values which can then be assigned to a variables.</doc>
<status status="PASS" start="2024-05-26T22:13:12.572573" elapsed="0.000530"/>
</kw>
<kw name="Set Variable" owner="BuiltIn">
<msg time="2024-05-26T22:13:12.573792" level="INFO">${name_title} = Ms</msg>
<var>${name_title}</var>
<arg>${json_data["results"][0]["name"]["title"]}</arg>
<doc>Returns the given values which can then be assigned to a variables.</doc>
<status status="PASS" start="2024-05-26T22:13:12.573409" elapsed="0.000418"/>
</kw>
<kw name="Create List" owner="BuiltIn">
<msg time="2024-05-26T22:13:12.574274" level="INFO">${allowed_titles} = ['Mr', 'Ms', 'Miss', 'Mrs', 'Madame', 'Monsieur']</msg>
<var>${allowed_titles}</var>
<arg>Mr</arg>
<arg>Ms</arg>
<arg>Miss</arg>
<arg>Mrs</arg>
<arg>Madame</arg>
<arg>Monsieur</arg>
<doc>Returns a list containing given items.</doc>
<status status="PASS" start="2024-05-26T22:13:12.574124" elapsed="0.000175"/>
</kw>
<kw name="List Should Contain Value" owner="Collections">
<msg time="2024-05-26T22:13:12.574783" level="INFO">False</msg>
<arg>${allowed_titles}</arg>
<arg>${name_title}</arg>
<doc>Fails if the ``value`` is not found from ``list``.</doc>
<status status="PASS" start="2024-05-26T22:13:12.574608" elapsed="0.000212"/>
</kw>
<kw name="Set Variable" owner="BuiltIn">
<msg time="2024-05-26T22:13:12.575656" level="INFO">${name_country} = ES</msg>
<var>${name_country}</var>
<arg>${json_data["results"][0]["nat"]}</arg>
<doc>Returns the given values which can then be assigned to a variables.</doc>
<status status="PASS" start="2024-05-26T22:13:12.575124" elapsed="0.000558"/>
</kw>
<kw name="Create List" owner="BuiltIn">
<msg time="2024-05-26T22:13:12.576611" level="INFO">${list_country} = ['AD', 'AE', 'AF', 'AG', 'AI', 'AL', 'AM', 'AO', 'AQ', 'AR', 'AS', 'AT', 'AU', 'AW', 'AX', 'AZ', 'BA', 'BB', 'BD', 'BE', 'BF', 'BG', 'BH', 'BI', 'BJ', 'BL', 'BM', 'BN', 'BO', 'BQ', 'BR', 'BS', 'BT', '...</msg>
<var>${list_country}</var>
<arg>AD</arg>
<arg>AE</arg>
<arg>AF</arg>
<arg>AG</arg>
<arg>AI</arg>
<arg>AL</arg>
<arg>AM</arg>
<arg>AO</arg>
<arg>AQ</arg>
<arg>AR</arg>
<arg>AS</arg>
<arg>AT</arg>
<arg>AU</arg>
<arg>AW</arg>
<arg>AX</arg>
<arg>AZ</arg>
<arg>BA</arg>
<arg>BB</arg>
<arg>BD</arg>
<arg>BE</arg>
<arg>BF</arg>
<arg>BG</arg>
<arg>BH</arg>
<arg>BI</arg>
<arg>BJ</arg>
<arg>BL</arg>
<arg>BM</arg>
<arg>BN</arg>
<arg>BO</arg>
<arg>BQ</arg>
<arg>BR</arg>
<arg>BS</arg>
<arg>BT</arg>
<arg>BV</arg>
<arg>BW</arg>
<arg>BY</arg>
<arg>BZ</arg>
<arg>CA</arg>
<arg>CC</arg>
<arg>CD</arg>
<arg>CF</arg>
<arg>CG</arg>
<arg>CH</arg>
<arg>CI</arg>
<arg>CK</arg>
<arg>CL</arg>
<arg>CM</arg>
<arg>CN</arg>
<arg>CO</arg>
<arg>CR</arg>
<arg>CU</arg>
<arg>CV</arg>
<arg>CW</arg>
<arg>CX</arg>
<arg>CY</arg>
<arg>CZ</arg>
<arg>DE</arg>
<arg>DJ</arg>
<arg>DK</arg>
<arg>DM</arg>
<arg>DO</arg>
<arg>DZ</arg>
<arg>EC</arg>
<arg>EE</arg>
<arg>EG</arg>
<arg>EH</arg>
<arg>ER</arg>
<arg>ES</arg>
<arg>ET</arg>
<arg>FI</arg>
<arg>FJ</arg>
<arg>FK</arg>
<arg>FM</arg>
<arg>FO</arg>
<arg>FR</arg>
<arg>GA</arg>
<arg>GB</arg>
<arg>GD</arg>
<arg>GE</arg>
<arg>GF</arg>
<arg>GG</arg>
<arg>GH</arg>
<arg>GI</arg>
<arg>GL</arg>
<arg>GM</arg>
<arg>GN</arg>
<arg>GP</arg>
<arg>GQ</arg>
<arg>GR</arg>
<arg>GS</arg>
<arg>GT</arg>
<arg>GU</arg>
<arg>GW</arg>
<arg>GY</arg>
<arg>HK</arg>
<arg>HM</arg>
<arg>HN</arg>
<arg>HR</arg>
<arg>HT</arg>
<arg>HU</arg>
<arg>ID</arg>
<arg>IE</arg>
<arg>IL</arg>
<arg>IM</arg>
<arg>IN</arg>
<arg>IO</arg>
<arg>IQ</arg>
<arg>IR</arg>
<arg>IS</arg>
<arg>IT</arg>
<arg>JE</arg>
<arg>JM</arg>
<arg>JO</arg>
<arg>JP</arg>
<arg>KE</arg>
<arg>KG</arg>
<arg>KH</arg>
<arg>KI</arg>
<arg>KM</arg>
<arg>KN</arg>
<arg>KP</arg>
<arg>KR</arg>
<arg>KW</arg>
<arg>KY</arg>
<arg>KZ</arg>
<arg>LA</arg>
<arg>LB</arg>
<arg>LC</arg>
<arg>LI</arg>
<arg>LK</arg>
<arg>LR</arg>
<arg>LS</arg>
<arg>LT</arg>
<arg>LU</arg>
<arg>LV</arg>
<arg>LY</arg>
<arg>MA</arg>
<arg>MC</arg>
<arg>MD</arg>
<arg>ME</arg>
<arg>MF</arg>
<arg>MG</arg>
<arg>MH</arg>
<arg>MK</arg>
<arg>ML</arg>
<arg>MM</arg>
<arg>MN</arg>
<arg>MO</arg>
<arg>MP</arg>
<arg>MQ</arg>
<arg>MR</arg>
<arg>MS</arg>
<arg>MT</arg>
<arg>MU</arg>
<arg>MV</arg>
<arg>MW</arg>
<arg>MX</arg>
<arg>MY</arg>
<arg>MZ</arg>
<arg>NA</arg>
<arg>NC</arg>
<arg>NE</arg>
<arg>NF</arg>
<arg>NG</arg>
<arg>NI</arg>
<arg>NL</arg>
<arg>NO</arg>
<arg>NP</arg>
<arg>NR</arg>
<arg>NU</arg>
<arg>NZ</arg>
<arg>OM</arg>
<arg>PA</arg>
<arg>PE</arg>
<arg>PF</arg>
<arg>PG</arg>
<arg>PH</arg>
<arg>PK</arg>
<arg>PL</arg>
<arg>PM</arg>
<arg>PN</arg>
<arg>PR</arg>
<arg>PS</arg>
<arg>PT</arg>
<arg>PW</arg>
<arg>PY</arg>
<arg>QA</arg>
<arg>RE</arg>
<arg>RO</arg>
<arg>RS</arg>
<arg>RU</arg>
<arg>RW</arg>
<arg>SA</arg>
<arg>SB</arg>
<arg>SC</arg>
<arg>SD</arg>
<arg>SE</arg>
<arg>SG</arg>
<arg>SH</arg>
<arg>SI</arg>
<arg>SJ</arg>
<arg>SK</arg>
<arg>SL</arg>
<arg>SM</arg>
<arg>SN</arg>
<arg>SO</arg>
<arg>SR</arg>
<arg>SS</arg>
<arg>ST</arg>
<arg>SV</arg>
<arg>SX</arg>
<arg>SY</arg>
<arg>SZ</arg>
<arg>TC</arg>
<arg>TD</arg>
<arg>TF</arg>
<arg>TG</arg>
<arg>TH</arg>
<arg>TJ</arg>
<arg>TK</arg>
<arg>TL</arg>
<arg>TM</arg>
<arg>TN</arg>
<arg>TO</arg>
<arg>TR</arg>
<arg>TT</arg>
<arg>TV</arg>
<arg>TW</arg>
<arg>TZ</arg>
<arg>UA</arg>
<arg>UG</arg>
<arg>UM</arg>
<arg>US</arg>
<arg>UY</arg>
<arg>UZ</arg>
<arg>VA</arg>
<arg>VC</arg>
<arg>VE</arg>
<arg>VG</arg>
<arg>VI</arg>
<arg>VN</arg>
<arg>VU</arg>
<arg>WF</arg>
<arg>WS</arg>
<arg>XK</arg>
<arg>YE</arg>
<arg>YT</arg>
<arg>ZA</arg>
<arg>ZM</arg>
<arg>ZW</arg>
<doc>Returns a list containing given items.</doc>
<status status="PASS" start="2024-05-26T22:13:12.575990" elapsed="0.000650"/>
</kw>
<kw name="List Should Contain Value" owner="Collections">
<msg time="2024-05-26T22:13:12.577633" level="INFO">False</msg>
<arg>${list_country}</arg>
<arg>${name_country}</arg>
<doc>Fails if the ``value`` is not found from ``list``.</doc>
<status status="PASS" start="2024-05-26T22:13:12.577431" elapsed="0.000238"/>
</kw>
<kw name="Run Keyword If" owner="BuiltIn">
<kw name="Should Be True" owner="BuiltIn">
<arg>${True}</arg>
<doc>Fails if the given condition is not true.</doc>
<status status="PASS" start="2024-05-26T22:13:12.578744" elapsed="0.000144"/>
</kw>
<arg>${json_data["results"][0]["location"]["coordinates"]["latitude"]} &gt;= -90 and ${json_data["results"][0]["location"]["coordinates"]["latitude"]} &lt;= 90</arg>
<arg>Should Be True</arg>
<arg>${True}</arg>
<doc>Runs the given keyword with the given arguments, if ``condition`` is true.</doc>
<status status="PASS" start="2024-05-26T22:13:12.577989" elapsed="0.001028"/>
</kw>
<kw name="Run Keyword If" owner="BuiltIn">
<kw name="Should Be True" owner="BuiltIn">
<arg>${True}</arg>
<doc>Fails if the given condition is not true.</doc>
<status status="PASS" start="2024-05-26T22:13:12.579885" elapsed="0.000137"/>
</kw>
<arg>${json_data["results"][0]["location"]["coordinates"]["longitude"]} &gt;= -180 and ${json_data["results"][0]["location"]["coordinates"]["longitude"]} &lt;= 180</arg>
<arg>Should Be True</arg>
<arg>${True}</arg>
<doc>Runs the given keyword with the given arguments, if ``condition`` is true.</doc>
<status status="PASS" start="2024-05-26T22:13:12.579204" elapsed="0.000953"/>
</kw>
<status status="PASS" start="2024-05-26T22:13:12.486015" elapsed="0.094271"/>
</kw>
<doc>Testa o conteúdo específico dos campos retornados pela API.</doc>
<tag>testeConteudo</tag>
<status status="PASS" start="2024-05-26T22:13:12.485322" elapsed="0.095110"/>
</test>
<status status="PASS" start="2024-05-26T22:13:11.577134" elapsed="1.005321"/>
</suite>
<status status="PASS" start="2024-05-26T22:13:11.563711" elapsed="1.023884"/>
</suite>
<statistics>
<total>
<stat pass="5" fail="0" skip="0">All Tests</stat>
</total>
<tag>
<stat pass="1" fail="0" skip="0">testeConteudo</stat>
<stat pass="1" fail="0" skip="0">testeEstruturaResposta</stat>
<stat pass="1" fail="0" skip="0">testeRequisicaoBasica</stat>
<stat pass="1" fail="0" skip="0">testeTiposDados</stat>
</tag>
<suite>
<stat pass="5" fail="0" skip="0" id="s1" name="Tests">Tests</stat>
<stat pass="5" fail="0" skip="0" id="s1-s1" name="Random-User-Test">Tests.Random-User-Test</stat>
</suite>
</statistics>
<errors>
</errors>
</robot>
