<?xml version="1.0" encoding="UTF-8"?>
<robot generator="Robot 7.0 (Python 3.12.2 on linux)" generated="2024-03-29T22:13:15.379496" rpa="false" schemaversion="5">
<suite id="s1" name="Tests" source="/home/runner/work/DesafioQAItauRogerioJordao/DesafioQAItauRogerioJordao/RamdonUser/tests">
<suite id="s1-s1" name="Random-User-Test" source="/home/runner/work/DesafioQAItauRogerioJordao/DesafioQAItauRogerioJordao/RamdonUser/tests/random-user-test.robot">
<test id="s1-s1-t1" name="Conectar" line="13">
<kw name="Conectar API" owner="random-user-service">
<kw name="Create Session" owner="RequestsLibrary">
<msg time="2024-03-29T22:13:15.763152" level="INFO">Creating Session using : alias=consultarAPI, url=https://randomuser.me/, headers={},                     cookies={}, auth=None, timeout=None, proxies=None, verify=False,                     debug=0 </msg>
<arg>consultarAPI</arg>
<arg>${URL}</arg>
<doc>Create Session: create a HTTP session to a server</doc>
<status status="PASS" start="2024-03-29T22:13:15.762938" elapsed="0.000401"/>
</kw>
<status status="PASS" start="2024-03-29T22:13:15.761825" elapsed="0.001897"/>
</kw>
<status status="PASS" start="2024-03-29T22:13:15.761195" elapsed="0.002737"/>
</test>
<test id="s1-s1-t2" name="Validar retorno 200 e JSON Válido" line="16">
<kw name="Teste de Requisicao Basica" owner="random-user-service">
<kw name="GET On Session" owner="RequestsLibrary">
<msg time="2024-03-29T22:13:15.911019" level="INFO">GET Request : url=https://randomuser.me/api 
 path_url=/api 
 headers={'User-Agent': 'python-requests/2.31.0', 'Accept-Encoding': 'gzip, deflate', 'Accept': '*/*', 'Connection': 'keep-alive'} 
 body=None 
 </msg>
<msg time="2024-03-29T22:13:15.911195" level="INFO">GET Response : url=https://randomuser.me/api 
 status=200, reason=OK 
 headers={'Date': 'Fri, 29 Mar 2024 22:13:15 GMT', 'Content-Type': 'application/json; charset=utf-8', 'Transfer-Encoding': 'chunked', 'Connection': 'keep-alive', 'X-Powered-By': 'Express', 'Access-Control-Allow-Origin': '*', 'Cache-Control': 'no-cache', 'ETag': 'W/"489-NRioPsuGFeUQBp4dA2cGwCyo8qQ"', 'Vary': 'Accept-Encoding', 'Content-Encoding': 'gzip', 'CF-Cache-Status': 'DYNAMIC', 'Report-To': '{"endpoints":[{"url":"https:\\/\\/a.nel.cloudflare.com\\/report\\/v4?s=ePSkro8aLp3uXa518WrUEH468KQggsUom7XKLhVYvvpwOzNOWrTMAPtzalgJ2R0x3r0Y0V3dJmyOvQx6%2FE3DPZO6w8n2yLzumYQEWeQEgzJ3QIB0j8IygqOK%2FaHpHbQB"}],"group":"cf-nel","max_age":604800}', 'NEL': '{"success_fraction":0,"report_to":"cf-nel","max_age":604800}', 'Server': 'cloudflare', 'CF-RAY': '86c334c5dd7608ea-LAX', 'alt-svc': 'h3=":443"; ma=86400'} 
 body={"results":[{"gender":"female","name":{"title":"Mrs","first":"Pearl","last":"Garrett"},"location":{"street":{"number":2948,"name":"Dane St"},"city":"Albury","state":"Australian Capital Territory","country":"Australia","postcode":2837,"coordinates":{"latitude":"-89.6343","longitude":"94.0367"},"timezone":{"offset":"-3:30","description":"Newfoundland"}},"email":"pearl.garrett@example.com","login":{"uuid":"c4854200-a48f-4845-a809-b809bcb2b298","username":"purplepanda579","password":"33333","salt":"sI0GqujF","md5":"5f2da5b0bdb3efa880bd111de453e16f","sha1":"de868eaa481aeaedb949ffea97d6253225ae82db","sha256":"cdeb70b314f3cbc668c45bd2f3db7011038da8537bc4772dd81850aad80816f5"},"dob":{"date":"1947-05-26T20:25:28.389Z","age":76},"registered":{"date":"2014-03-25T01:32:59.282Z","age":10},"phone":"07-7171-6563","cell":"0489-688-404","id":{"name":"TFN","value":"563932018"},"picture":{"large":"https://randomuser.me/api/portraits/women/71.jpg","medium":"https://randomuser.me/api/portraits/med/women/71.jpg","thumbnail":"https://randomuser.me/api/portraits/thumb/women/71.jpg"},"nat":"AU"}],"info":{"seed":"c69ddd1f19308320","results":1,"page":1,"version":"1.4"}} 
 </msg>
<msg time="2024-03-29T22:13:15.911321" level="INFO">/opt/hostedtoolcache/Python/3.12.2/x64/lib/python3.12/site-packages/urllib3/connectionpool.py:1103: InsecureRequestWarning: Unverified HTTPS request is being made to host 'randomuser.me'. Adding certificate verification is strongly advised. See: https://urllib3.readthedocs.io/en/latest/advanced-usage.html#tls-warnings
  warnings.warn(</msg>
<msg time="2024-03-29T22:13:15.911475" level="INFO">${response} = &lt;Response [200]&gt;</msg>
<var>${response}</var>
<arg>consultarAPI</arg>
<arg>/api</arg>
<doc>Sends a GET request on a previously created HTTP Session.</doc>
<status status="PASS" start="2024-03-29T22:13:15.766590" elapsed="0.144931"/>
</kw>
<kw name="Should Be Equal As Numbers" owner="BuiltIn">
<msg time="2024-03-29T22:13:15.912710" level="INFO">Argument types are:
&lt;class 'int'&gt;
&lt;class 'str'&gt;</msg>
<arg>${response.status_code}</arg>
<arg>200</arg>
<doc>Fails if objects are unequal after converting them to real numbers.</doc>
<status status="PASS" start="2024-03-29T22:13:15.912217" elapsed="0.000563"/>
</kw>
<kw name="Log" owner="BuiltIn">
<msg time="2024-03-29T22:13:15.913508" level="INFO">200</msg>
<arg>${response.status_code}</arg>
<doc>Logs the given message with the given level.</doc>
<status status="PASS" start="2024-03-29T22:13:15.913125" elapsed="0.000432"/>
</kw>
<kw name="Set Variable" owner="BuiltIn">
<msg time="2024-03-29T22:13:15.914388" level="INFO">${json_data} = {'results': [{'gender': 'female', 'name': {'title': 'Mrs', 'first': 'Pearl', 'last': 'Garrett'}, 'location': {'street': {'number': 2948, 'name': 'Dane St'}, 'city': 'Albury', 'state': 'Australian Capi...</msg>
<var>${json_data}</var>
<arg>${response.json()}</arg>
<doc>Returns the given values which can then be assigned to a variables.</doc>
<status status="PASS" start="2024-03-29T22:13:15.913887" elapsed="0.000529"/>
</kw>
<kw name="Dictionary Should Contain Key" owner="Collections">
<msg time="2024-03-29T22:13:15.914905" level="INFO">False</msg>
<arg>${json_data}</arg>
<arg>results</arg>
<doc>Fails if ``key`` is not found from ``dictionary``.</doc>
<status status="PASS" start="2024-03-29T22:13:15.914727" elapsed="0.000220"/>
</kw>
<status status="PASS" start="2024-03-29T22:13:15.766336" elapsed="0.148887"/>
</kw>
<doc>Testa se a API responde corretamente e retorna um objeto JSON válido.</doc>
<tag>testeRequisicaoBasica</tag>
<status status="PASS" start="2024-03-29T22:13:15.765768" elapsed="0.149651"/>
</test>
<test id="s1-s1-t3" name="Validar estrutura de resposta" line="22">
<kw name="Teste de Estrutura de Resposta" owner="random-user-service">
<kw name="GET On Session" owner="RequestsLibrary">
<msg time="2024-03-29T22:13:16.020615" level="INFO">GET Request : url=https://randomuser.me/api 
 path_url=/api 
 headers={'User-Agent': 'python-requests/2.31.0', 'Accept-Encoding': 'gzip, deflate', 'Accept': '*/*', 'Connection': 'keep-alive'} 
 body=None 
 </msg>
<msg time="2024-03-29T22:13:16.020720" level="INFO">GET Response : url=https://randomuser.me/api 
 status=200, reason=OK 
 headers={'Date': 'Fri, 29 Mar 2024 22:13:16 GMT', 'Content-Type': 'application/json; charset=utf-8', 'Transfer-Encoding': 'chunked', 'Connection': 'keep-alive', 'X-Powered-By': 'Express', 'Access-Control-Allow-Origin': '*', 'Cache-Control': 'no-cache', 'ETag': 'W/"48a-ZwhivWv+55U/T+MXsj1bzCQPqBg"', 'Vary': 'Accept-Encoding', 'Content-Encoding': 'gzip', 'CF-Cache-Status': 'DYNAMIC', 'Report-To': '{"endpoints":[{"url":"https:\\/\\/a.nel.cloudflare.com\\/report\\/v4?s=AxqoZy84629vJQB1FhIM4%2Fng2jB1OlKZm6DsMTOwwk9LBHhcdKbrDrzinrWzz945VBFR1cJWCXWy3DNnM1MJLt7SUZqaPPTsrGzC6C1hZA1ooTrRH2cM6IXzKVW4AJAr"}],"group":"cf-nel","max_age":604800}', 'NEL': '{"success_fraction":0,"report_to":"cf-nel","max_age":604800}', 'Server': 'cloudflare', 'CF-RAY': '86c334c68e6608ea-LAX', 'alt-svc': 'h3=":443"; ma=86400'} 
 body={"results":[{"gender":"female","name":{"title":"Miss","first":"Amy","last":"Scott"},"location":{"street":{"number":7001,"name":"20th Ave"},"city":"Souris","state":"Alberta","country":"Canada","postcode":"B8H 4W2","coordinates":{"latitude":"-69.5675","longitude":"106.0923"},"timezone":{"offset":"+1:00","description":"Brussels, Copenhagen, Madrid, Paris"}},"email":"amy.scott@example.com","login":{"uuid":"1c17b0c0-f05d-4842-b19b-87286c4542a6","username":"sadleopard520","password":"mollydog","salt":"du2FqjCe","md5":"82063a96d5ef6755b0a1fb1829833afa","sha1":"8221158b5931b5fc2b92c4d95e396d11886e3304","sha256":"1c4dd200eb57861fcac7f9b53410629ee0dcae9af0c9e0936f4288e946f44a09"},"dob":{"date":"1954-11-28T22:21:38.117Z","age":69},"registered":{"date":"2013-04-19T23:47:57.276Z","age":10},"phone":"T23 G16-4038","cell":"X44 L73-6796","id":{"name":"SIN","value":"000795336"},"picture":{"large":"https://randomuser.me/api/portraits/women/40.jpg","medium":"https://randomuser.me/api/portraits/med/women/40.jpg","thumbnail":"https://randomuser.me/api/portraits/thumb/women/40.jpg"},"nat":"CA"}],"info":{"seed":"106695614e9c335a","results":1,"page":1,"version":"1.4"}} 
 </msg>
<msg time="2024-03-29T22:13:16.020865" level="INFO">/opt/hostedtoolcache/Python/3.12.2/x64/lib/python3.12/site-packages/urllib3/connectionpool.py:1103: InsecureRequestWarning: Unverified HTTPS request is being made to host 'randomuser.me'. Adding certificate verification is strongly advised. See: https://urllib3.readthedocs.io/en/latest/advanced-usage.html#tls-warnings
  warnings.warn(</msg>
<msg time="2024-03-29T22:13:16.021004" level="INFO">${response} = &lt;Response [200]&gt;</msg>
<var>${response}</var>
<arg>consultarAPI</arg>
<arg>/api</arg>
<doc>Sends a GET request on a previously created HTTP Session.</doc>
<status status="PASS" start="2024-03-29T22:13:15.918416" elapsed="0.102629"/>
</kw>
<kw name="Set Variable" owner="BuiltIn">
<msg time="2024-03-29T22:13:16.022301" level="INFO">${json_data} = {'results': [{'gender': 'female', 'name': {'title': 'Miss', 'first': 'Amy', 'last': 'Scott'}, 'location': {'street': {'number': 7001, 'name': '20th Ave'}, 'city': 'Souris', 'state': 'Alberta', 'countr...</msg>
<var>${json_data}</var>
<arg>${response.json()}</arg>
<doc>Returns the given values which can then be assigned to a variables.</doc>
<status status="PASS" start="2024-03-29T22:13:16.021688" elapsed="0.000643"/>
</kw>
<kw name="Log" owner="BuiltIn">
<msg time="2024-03-29T22:13:16.022818" level="INFO">{'results': [{'gender': 'female', 'name': {'title': 'Miss', 'first': 'Amy', 'last': 'Scott'}, 'location': {'street': {'number': 7001, 'name': '20th Ave'}, 'city': 'Souris', 'state': 'Alberta', 'country': 'Canada', 'postcode': 'B8H 4W2', 'coordinates': {'latitude': '-69.5675', 'longitude': '106.0923'}, 'timezone': {'offset': '+1:00', 'description': 'Brussels, Copenhagen, Madrid, Paris'}}, 'email': 'amy.scott@example.com', 'login': {'uuid': '1c17b0c0-f05d-4842-b19b-87286c4542a6', 'username': 'sadleopard520', 'password': 'mollydog', 'salt': 'du2FqjCe', 'md5': '82063a96d5ef6755b0a1fb1829833afa', 'sha1': '8221158b5931b5fc2b92c4d95e396d11886e3304', 'sha256': '1c4dd200eb57861fcac7f9b53410629ee0dcae9af0c9e0936f4288e946f44a09'}, 'dob': {'date': '1954-11-28T22:21:38.117Z', 'age': 69}, 'registered': {'date': '2013-04-19T23:47:57.276Z', 'age': 10}, 'phone': 'T23 G16-4038', 'cell': 'X44 L73-6796', 'id': {'name': 'SIN', 'value': '000795336'}, 'picture': {'large': 'https://randomuser.me/api/portraits/women/40.jpg', 'medium': 'https://randomuser.me/api/portraits/med/women/40.jpg', 'thumbnail': 'https://randomuser.me/api/portraits/thumb/women/40.jpg'}, 'nat': 'CA'}], 'info': {'seed': '106695614e9c335a', 'results': 1, 'page': 1, 'version': '1.4'}}</msg>
<arg>${json_data}</arg>
<doc>Logs the given message with the given level.</doc>
<status status="PASS" start="2024-03-29T22:13:16.022654" elapsed="0.000213"/>
</kw>
<kw name="Dictionary Should Contain Key" owner="Collections">
<msg time="2024-03-29T22:13:16.023332" level="INFO">False</msg>
<arg>${json_data}</arg>
<arg>results</arg>
<doc>Fails if ``key`` is not found from ``dictionary``.</doc>
<status status="PASS" start="2024-03-29T22:13:16.023171" elapsed="0.000200"/>
</kw>
<kw name="Should Not Be Empty" owner="BuiltIn">
<msg time="2024-03-29T22:13:16.023801" level="INFO">Length is 2.</msg>
<arg>${json_data}</arg>
<doc>Verifies that the given item is not empty.</doc>
<status status="PASS" start="2024-03-29T22:13:16.023668" elapsed="0.000172"/>
</kw>
<kw name="Create List" owner="BuiltIn">
<msg time="2024-03-29T22:13:16.024284" level="INFO">${expected_keys} = ['gender', 'name', 'location', 'email', 'login']</msg>
<var>${expected_keys}</var>
<arg>gender</arg>
<arg>name</arg>
<arg>location</arg>
<arg>email</arg>
<arg>login</arg>
<doc>Returns a list containing given items.</doc>
<status status="PASS" start="2024-03-29T22:13:16.024133" elapsed="0.000176"/>
</kw>
<for flavor="IN">
<iter>
<kw name="Dictionary Should Contain Key" owner="Collections">
<msg time="2024-03-29T22:13:16.025311" level="INFO">False</msg>
<arg>${json_data['results'][0]}</arg>
<arg>${key}</arg>
<doc>Fails if ``key`` is not found from ``dictionary``.</doc>
<status status="PASS" start="2024-03-29T22:13:16.024903" elapsed="0.000448"/>
</kw>
<kw name="Log" owner="BuiltIn">
<msg time="2024-03-29T22:13:16.026049" level="INFO">{'gender': 'female', 'name': {'title': 'Miss', 'first': 'Amy', 'last': 'Scott'}, 'location': {'street': {'number': 7001, 'name': '20th Ave'}, 'city': 'Souris', 'state': 'Alberta', 'country': 'Canada', 'postcode': 'B8H 4W2', 'coordinates': {'latitude': '-69.5675', 'longitude': '106.0923'}, 'timezone': {'offset': '+1:00', 'description': 'Brussels, Copenhagen, Madrid, Paris'}}, 'email': 'amy.scott@example.com', 'login': {'uuid': '1c17b0c0-f05d-4842-b19b-87286c4542a6', 'username': 'sadleopard520', 'password': 'mollydog', 'salt': 'du2FqjCe', 'md5': '82063a96d5ef6755b0a1fb1829833afa', 'sha1': '8221158b5931b5fc2b92c4d95e396d11886e3304', 'sha256': '1c4dd200eb57861fcac7f9b53410629ee0dcae9af0c9e0936f4288e946f44a09'}, 'dob': {'date': '1954-11-28T22:21:38.117Z', 'age': 69}, 'registered': {'date': '2013-04-19T23:47:57.276Z', 'age': 10}, 'phone': 'T23 G16-4038', 'cell': 'X44 L73-6796', 'id': {'name': 'SIN', 'value': '000795336'}, 'picture': {'large': 'https://randomuser.me/api/portraits/women/40.jpg', 'medium': 'https://randomuser.me/api/portraits/med/women/40.jpg', 'thumbnail': 'https://randomuser.me/api/portraits/thumb/women/40.jpg'}, 'nat': 'CA'}</msg>
<arg>${json_data['results'][0]}</arg>
<doc>Logs the given message with the given level.</doc>
<status status="PASS" start="2024-03-29T22:13:16.025658" elapsed="0.000453"/>
</kw>
<kw name="Log" owner="BuiltIn">
<msg time="2024-03-29T22:13:16.026554" level="INFO">gender</msg>
<arg>${key}</arg>
<doc>Logs the given message with the given level.</doc>
<status status="PASS" start="2024-03-29T22:13:16.026422" elapsed="0.000171"/>
</kw>
<var name="${key}">gender</var>
<status status="PASS" start="2024-03-29T22:13:16.024771" elapsed="0.002049"/>
</iter>
<iter>
<kw name="Dictionary Should Contain Key" owner="Collections">
<msg time="2024-03-29T22:13:16.027513" level="INFO">False</msg>
<arg>${json_data['results'][0]}</arg>
<arg>${key}</arg>
<doc>Fails if ``key`` is not found from ``dictionary``.</doc>
<status status="PASS" start="2024-03-29T22:13:16.027128" elapsed="0.000424"/>
</kw>
<kw name="Log" owner="BuiltIn">
<msg time="2024-03-29T22:13:16.028260" level="INFO">{'gender': 'female', 'name': {'title': 'Miss', 'first': 'Amy', 'last': 'Scott'}, 'location': {'street': {'number': 7001, 'name': '20th Ave'}, 'city': 'Souris', 'state': 'Alberta', 'country': 'Canada', 'postcode': 'B8H 4W2', 'coordinates': {'latitude': '-69.5675', 'longitude': '106.0923'}, 'timezone': {'offset': '+1:00', 'description': 'Brussels, Copenhagen, Madrid, Paris'}}, 'email': 'amy.scott@example.com', 'login': {'uuid': '1c17b0c0-f05d-4842-b19b-87286c4542a6', 'username': 'sadleopard520', 'password': 'mollydog', 'salt': 'du2FqjCe', 'md5': '82063a96d5ef6755b0a1fb1829833afa', 'sha1': '8221158b5931b5fc2b92c4d95e396d11886e3304', 'sha256': '1c4dd200eb57861fcac7f9b53410629ee0dcae9af0c9e0936f4288e946f44a09'}, 'dob': {'date': '1954-11-28T22:21:38.117Z', 'age': 69}, 'registered': {'date': '2013-04-19T23:47:57.276Z', 'age': 10}, 'phone': 'T23 G16-4038', 'cell': 'X44 L73-6796', 'id': {'name': 'SIN', 'value': '000795336'}, 'picture': {'large': 'https://randomuser.me/api/portraits/women/40.jpg', 'medium': 'https://randomuser.me/api/portraits/med/women/40.jpg', 'thumbnail': 'https://randomuser.me/api/portraits/thumb/women/40.jpg'}, 'nat': 'CA'}</msg>
<arg>${json_data['results'][0]}</arg>
<doc>Logs the given message with the given level.</doc>
<status status="PASS" start="2024-03-29T22:13:16.027883" elapsed="0.000426"/>
</kw>
<kw name="Log" owner="BuiltIn">
<msg time="2024-03-29T22:13:16.028745" level="INFO">name</msg>
<arg>${key}</arg>
<doc>Logs the given message with the given level.</doc>
<status status="PASS" start="2024-03-29T22:13:16.028614" elapsed="0.000170"/>
</kw>
<var name="${key}">name</var>
<status status="PASS" start="2024-03-29T22:13:16.027011" elapsed="0.001992"/>
</iter>
<iter>
<kw name="Dictionary Should Contain Key" owner="Collections">
<msg time="2024-03-29T22:13:16.029685" level="INFO">False</msg>
<arg>${json_data['results'][0]}</arg>
<arg>${key}</arg>
<doc>Fails if ``key`` is not found from ``dictionary``.</doc>
<status status="PASS" start="2024-03-29T22:13:16.029308" elapsed="0.000415"/>
</kw>
<kw name="Log" owner="BuiltIn">
<msg time="2024-03-29T22:13:16.030423" level="INFO">{'gender': 'female', 'name': {'title': 'Miss', 'first': 'Amy', 'last': 'Scott'}, 'location': {'street': {'number': 7001, 'name': '20th Ave'}, 'city': 'Souris', 'state': 'Alberta', 'country': 'Canada', 'postcode': 'B8H 4W2', 'coordinates': {'latitude': '-69.5675', 'longitude': '106.0923'}, 'timezone': {'offset': '+1:00', 'description': 'Brussels, Copenhagen, Madrid, Paris'}}, 'email': 'amy.scott@example.com', 'login': {'uuid': '1c17b0c0-f05d-4842-b19b-87286c4542a6', 'username': 'sadleopard520', 'password': 'mollydog', 'salt': 'du2FqjCe', 'md5': '82063a96d5ef6755b0a1fb1829833afa', 'sha1': '8221158b5931b5fc2b92c4d95e396d11886e3304', 'sha256': '1c4dd200eb57861fcac7f9b53410629ee0dcae9af0c9e0936f4288e946f44a09'}, 'dob': {'date': '1954-11-28T22:21:38.117Z', 'age': 69}, 'registered': {'date': '2013-04-19T23:47:57.276Z', 'age': 10}, 'phone': 'T23 G16-4038', 'cell': 'X44 L73-6796', 'id': {'name': 'SIN', 'value': '000795336'}, 'picture': {'large': 'https://randomuser.me/api/portraits/women/40.jpg', 'medium': 'https://randomuser.me/api/portraits/med/women/40.jpg', 'thumbnail': 'https://randomuser.me/api/portraits/thumb/women/40.jpg'}, 'nat': 'CA'}</msg>
<arg>${json_data['results'][0]}</arg>
<doc>Logs the given message with the given level.</doc>
<status status="PASS" start="2024-03-29T22:13:16.030024" elapsed="0.000452"/>
</kw>
<kw name="Log" owner="BuiltIn">
<msg time="2024-03-29T22:13:16.030903" level="INFO">location</msg>
<arg>${key}</arg>
<doc>Logs the given message with the given level.</doc>
<status status="PASS" start="2024-03-29T22:13:16.030774" elapsed="0.000168"/>
</kw>
<var name="${key}">location</var>
<status status="PASS" start="2024-03-29T22:13:16.029193" elapsed="0.001967"/>
</iter>
<iter>
<kw name="Dictionary Should Contain Key" owner="Collections">
<msg time="2024-03-29T22:13:16.031825" level="INFO">False</msg>
<arg>${json_data['results'][0]}</arg>
<arg>${key}</arg>
<doc>Fails if ``key`` is not found from ``dictionary``.</doc>
<status status="PASS" start="2024-03-29T22:13:16.031446" elapsed="0.000417"/>
</kw>
<kw name="Log" owner="BuiltIn">
<msg time="2024-03-29T22:13:16.032527" level="INFO">{'gender': 'female', 'name': {'title': 'Miss', 'first': 'Amy', 'last': 'Scott'}, 'location': {'street': {'number': 7001, 'name': '20th Ave'}, 'city': 'Souris', 'state': 'Alberta', 'country': 'Canada', 'postcode': 'B8H 4W2', 'coordinates': {'latitude': '-69.5675', 'longitude': '106.0923'}, 'timezone': {'offset': '+1:00', 'description': 'Brussels, Copenhagen, Madrid, Paris'}}, 'email': 'amy.scott@example.com', 'login': {'uuid': '1c17b0c0-f05d-4842-b19b-87286c4542a6', 'username': 'sadleopard520', 'password': 'mollydog', 'salt': 'du2FqjCe', 'md5': '82063a96d5ef6755b0a1fb1829833afa', 'sha1': '8221158b5931b5fc2b92c4d95e396d11886e3304', 'sha256': '1c4dd200eb57861fcac7f9b53410629ee0dcae9af0c9e0936f4288e946f44a09'}, 'dob': {'date': '1954-11-28T22:21:38.117Z', 'age': 69}, 'registered': {'date': '2013-04-19T23:47:57.276Z', 'age': 10}, 'phone': 'T23 G16-4038', 'cell': 'X44 L73-6796', 'id': {'name': 'SIN', 'value': '000795336'}, 'picture': {'large': 'https://randomuser.me/api/portraits/women/40.jpg', 'medium': 'https://randomuser.me/api/portraits/med/women/40.jpg', 'thumbnail': 'https://randomuser.me/api/portraits/thumb/women/40.jpg'}, 'nat': 'CA'}</msg>
<arg>${json_data['results'][0]}</arg>
<doc>Logs the given message with the given level.</doc>
<status status="PASS" start="2024-03-29T22:13:16.032166" elapsed="0.000409"/>
</kw>
<kw name="Log" owner="BuiltIn">
<msg time="2024-03-29T22:13:16.032997" level="INFO">email</msg>
<arg>${key}</arg>
<doc>Logs the given message with the given level.</doc>
<status status="PASS" start="2024-03-29T22:13:16.032868" elapsed="0.000168"/>
</kw>
<var name="${key}">email</var>
<status status="PASS" start="2024-03-29T22:13:16.031335" elapsed="0.001918"/>
</iter>
<iter>
<kw name="Dictionary Should Contain Key" owner="Collections">
<msg time="2024-03-29T22:13:16.033941" level="INFO">False</msg>
<arg>${json_data['results'][0]}</arg>
<arg>${key}</arg>
<doc>Fails if ``key`` is not found from ``dictionary``.</doc>
<status status="PASS" start="2024-03-29T22:13:16.033546" elapsed="0.000433"/>
</kw>
<kw name="Log" owner="BuiltIn">
<msg time="2024-03-29T22:13:16.034676" level="INFO">{'gender': 'female', 'name': {'title': 'Miss', 'first': 'Amy', 'last': 'Scott'}, 'location': {'street': {'number': 7001, 'name': '20th Ave'}, 'city': 'Souris', 'state': 'Alberta', 'country': 'Canada', 'postcode': 'B8H 4W2', 'coordinates': {'latitude': '-69.5675', 'longitude': '106.0923'}, 'timezone': {'offset': '+1:00', 'description': 'Brussels, Copenhagen, Madrid, Paris'}}, 'email': 'amy.scott@example.com', 'login': {'uuid': '1c17b0c0-f05d-4842-b19b-87286c4542a6', 'username': 'sadleopard520', 'password': 'mollydog', 'salt': 'du2FqjCe', 'md5': '82063a96d5ef6755b0a1fb1829833afa', 'sha1': '8221158b5931b5fc2b92c4d95e396d11886e3304', 'sha256': '1c4dd200eb57861fcac7f9b53410629ee0dcae9af0c9e0936f4288e946f44a09'}, 'dob': {'date': '1954-11-28T22:21:38.117Z', 'age': 69}, 'registered': {'date': '2013-04-19T23:47:57.276Z', 'age': 10}, 'phone': 'T23 G16-4038', 'cell': 'X44 L73-6796', 'id': {'name': 'SIN', 'value': '000795336'}, 'picture': {'large': 'https://randomuser.me/api/portraits/women/40.jpg', 'medium': 'https://randomuser.me/api/portraits/med/women/40.jpg', 'thumbnail': 'https://randomuser.me/api/portraits/thumb/women/40.jpg'}, 'nat': 'CA'}</msg>
<arg>${json_data['results'][0]}</arg>
<doc>Logs the given message with the given level.</doc>
<status status="PASS" start="2024-03-29T22:13:16.034311" elapsed="0.000413"/>
</kw>
<kw name="Log" owner="BuiltIn">
<msg time="2024-03-29T22:13:16.035151" level="INFO">login</msg>
<arg>${key}</arg>
<doc>Logs the given message with the given level.</doc>
<status status="PASS" start="2024-03-29T22:13:16.035022" elapsed="0.000278"/>
</kw>
<var name="${key}">login</var>
<status status="PASS" start="2024-03-29T22:13:16.033429" elapsed="0.002124"/>
</iter>
<var>${key}</var>
<value>@{expected_keys}</value>
<status status="PASS" start="2024-03-29T22:13:16.024573" elapsed="0.011110"/>
</for>
<kw name="Create List" owner="BuiltIn">
<msg time="2024-03-29T22:13:16.036023" level="INFO">${expected_keysTwo} = ['username', 'password']</msg>
<var>${expected_keysTwo}</var>
<arg>username</arg>
<arg>password</arg>
<doc>Returns a list containing given items.</doc>
<status status="PASS" start="2024-03-29T22:13:16.035881" elapsed="0.000167"/>
</kw>
<for flavor="IN">
<iter>
<kw name="Dictionary Should Contain Key" owner="Collections">
<msg time="2024-03-29T22:13:16.036935" level="INFO">False</msg>
<arg>${json_data['results'][0]['login']}</arg>
<arg>${keyTwo}</arg>
<doc>Fails if ``key`` is not found from ``dictionary``.</doc>
<status status="PASS" start="2024-03-29T22:13:16.036552" elapsed="0.000421"/>
</kw>
<kw name="Dictionary Should Contain Key" owner="Collections">
<msg time="2024-03-29T22:13:16.037652" level="INFO">False</msg>
<arg>${json_data['results'][0]['login']}</arg>
<arg>${keyTwo}</arg>
<doc>Fails if ``key`` is not found from ``dictionary``.</doc>
<status status="PASS" start="2024-03-29T22:13:16.037273" elapsed="0.000417"/>
</kw>
<kw name="Log" owner="BuiltIn">
<msg time="2024-03-29T22:13:16.038153" level="INFO">username</msg>
<arg>${keyTwo}</arg>
<doc>Logs the given message with the given level.</doc>
<status status="PASS" start="2024-03-29T22:13:16.037986" elapsed="0.000208"/>
</kw>
<var name="${keyTwo}">username</var>
<status status="PASS" start="2024-03-29T22:13:16.036441" elapsed="0.001974"/>
</iter>
<iter>
<kw name="Dictionary Should Contain Key" owner="Collections">
<msg time="2024-03-29T22:13:16.039093" level="INFO">False</msg>
<arg>${json_data['results'][0]['login']}</arg>
<arg>${keyTwo}</arg>
<doc>Fails if ``key`` is not found from ``dictionary``.</doc>
<status status="PASS" start="2024-03-29T22:13:16.038702" elapsed="0.000430"/>
</kw>
<kw name="Dictionary Should Contain Key" owner="Collections">
<msg time="2024-03-29T22:13:16.039817" level="INFO">False</msg>
<arg>${json_data['results'][0]['login']}</arg>
<arg>${keyTwo}</arg>
<doc>Fails if ``key`` is not found from ``dictionary``.</doc>
<status status="PASS" start="2024-03-29T22:13:16.039433" elapsed="0.000422"/>
</kw>
<kw name="Log" owner="BuiltIn">
<msg time="2024-03-29T22:13:16.040281" level="INFO">password</msg>
<arg>${keyTwo}</arg>
<doc>Logs the given message with the given level.</doc>
<status status="PASS" start="2024-03-29T22:13:16.040150" elapsed="0.000171"/>
</kw>
<var name="${keyTwo}">password</var>
<status status="PASS" start="2024-03-29T22:13:16.038590" elapsed="0.001950"/>
</iter>
<var>${keyTwo}</var>
<value>@{expected_keysTwo}</value>
<status status="PASS" start="2024-03-29T22:13:16.036289" elapsed="0.004373"/>
</for>
<status status="PASS" start="2024-03-29T22:13:15.918158" elapsed="0.122648"/>
</kw>
<doc>Testa a estrutura da resposta da API.</doc>
<tag>testeEstruturaResposta</tag>
<status status="PASS" start="2024-03-29T22:13:15.917284" elapsed="0.123691"/>
</test>
<test id="s1-s1-t4" name="Validar tipos de dados" line="28">
<kw name="Teste de Tipos de Dados" owner="random-user-service">
<kw name="GET On Session" owner="RequestsLibrary">
<msg time="2024-03-29T22:13:16.600674" level="INFO">GET Request : url=https://randomuser.me/api 
 path_url=/api 
 headers={'User-Agent': 'python-requests/2.31.0', 'Accept-Encoding': 'gzip, deflate', 'Accept': '*/*', 'Connection': 'keep-alive'} 
 body=None 
 </msg>
<msg time="2024-03-29T22:13:16.600771" level="INFO">GET Response : url=https://randomuser.me/api 
 status=200, reason=OK 
 headers={'Date': 'Fri, 29 Mar 2024 22:13:16 GMT', 'Content-Type': 'application/json; charset=utf-8', 'Transfer-Encoding': 'chunked', 'Connection': 'keep-alive', 'X-Powered-By': 'Express', 'Access-Control-Allow-Origin': '*', 'Cache-Control': 'no-cache', 'ETag': 'W/"493-K4db7Ty2EdgPTDobhf+A4q6RPY8"', 'Vary': 'Accept-Encoding', 'Content-Encoding': 'gzip', 'CF-Cache-Status': 'DYNAMIC', 'Report-To': '{"endpoints":[{"url":"https:\\/\\/a.nel.cloudflare.com\\/report\\/v4?s=2ADyfrUDK13qPcRouzIrxsK2JK0%2B0tJEW7F%2FSoSQL%2BYNvuuExfqYq5nkoxEyiLAag%2BL%2BnabpmR%2BTbOnLoG5jiFQUEGgKSTs%2FUcd4F49UPDxQTe0u9mYduodlMdmsPrav"}],"group":"cf-nel","max_age":604800}', 'NEL': '{"success_fraction":0,"report_to":"cf-nel","max_age":604800}', 'Server': 'cloudflare', 'CF-RAY': '86c334c74f6708ea-LAX', 'alt-svc': 'h3=":443"; ma=86400'} 
 body={"results":[{"gender":"female","name":{"title":"Miss","first":"Saana","last":"Sakala"},"location":{"street":{"number":9830,"name":"Reijolankatu"},"city":"Viitasaari","state":"Lapland","country":"Finland","postcode":55052,"coordinates":{"latitude":"-29.8293","longitude":"15.0209"},"timezone":{"offset":"-3:00","description":"Brazil, Buenos Aires, Georgetown"}},"email":"saana.sakala@example.com","login":{"uuid":"dd05faf4-881b-4834-830b-060cd194eb36","username":"sadbear472","password":"434343","salt":"HeSIorcm","md5":"a7423c86fd93f89c08557cdcc0290a6a","sha1":"7f24e3d02d1c35dbbe4e32f5e3bae3d6d0ab5bda","sha256":"12ee36861c3a3da4b3d4ec3ad160b9295fee2de7301ae869884b97269efbaf62"},"dob":{"date":"1945-10-27T02:06:23.923Z","age":78},"registered":{"date":"2018-04-19T17:24:55.016Z","age":5},"phone":"02-529-714","cell":"042-843-24-66","id":{"name":"HETU","value":"NaNNA878undefined"},"picture":{"large":"https://randomuser.me/api/portraits/women/79.jpg","medium":"https://randomuser.me/api/portraits/med/women/79.jpg","thumbnail":"https://randomuser.me/api/portraits/thumb/women/79.jpg"},"nat":"FI"}],"info":{"seed":"27a7829a025d9ab1","results":1,"page":1,"version":"1.4"}} 
 </msg>
<msg time="2024-03-29T22:13:16.600835" level="INFO">/opt/hostedtoolcache/Python/3.12.2/x64/lib/python3.12/site-packages/urllib3/connectionpool.py:1103: InsecureRequestWarning: Unverified HTTPS request is being made to host 'randomuser.me'. Adding certificate verification is strongly advised. See: https://urllib3.readthedocs.io/en/latest/advanced-usage.html#tls-warnings
  warnings.warn(</msg>
<msg time="2024-03-29T22:13:16.600958" level="INFO">${response} = &lt;Response [200]&gt;</msg>
<var>${response}</var>
<arg>consultarAPI</arg>
<arg>/api</arg>
<doc>Sends a GET request on a previously created HTTP Session.</doc>
<status status="PASS" start="2024-03-29T22:13:16.043597" elapsed="0.557401"/>
</kw>
<kw name="Set Variable" owner="BuiltIn">
<msg time="2024-03-29T22:13:16.602200" level="INFO">${json_data} = {'results': [{'gender': 'female', 'name': {'title': 'Miss', 'first': 'Saana', 'last': 'Sakala'}, 'location': {'street': {'number': 9830, 'name': 'Reijolankatu'}, 'city': 'Viitasaari', 'state': 'Laplan...</msg>
<var>${json_data}</var>
<arg>${response.json()}</arg>
<doc>Returns the given values which can then be assigned to a variables.</doc>
<status status="PASS" start="2024-03-29T22:13:16.601621" elapsed="0.000608"/>
</kw>
<kw name="Log" owner="BuiltIn">
<msg time="2024-03-29T22:13:16.602704" level="INFO">{'results': [{'gender': 'female', 'name': {'title': 'Miss', 'first': 'Saana', 'last': 'Sakala'}, 'location': {'street': {'number': 9830, 'name': 'Reijolankatu'}, 'city': 'Viitasaari', 'state': 'Lapland', 'country': 'Finland', 'postcode': 55052, 'coordinates': {'latitude': '-29.8293', 'longitude': '15.0209'}, 'timezone': {'offset': '-3:00', 'description': 'Brazil, Buenos Aires, Georgetown'}}, 'email': 'saana.sakala@example.com', 'login': {'uuid': 'dd05faf4-881b-4834-830b-060cd194eb36', 'username': 'sadbear472', 'password': '434343', 'salt': 'HeSIorcm', 'md5': 'a7423c86fd93f89c08557cdcc0290a6a', 'sha1': '7f24e3d02d1c35dbbe4e32f5e3bae3d6d0ab5bda', 'sha256': '12ee36861c3a3da4b3d4ec3ad160b9295fee2de7301ae869884b97269efbaf62'}, 'dob': {'date': '1945-10-27T02:06:23.923Z', 'age': 78}, 'registered': {'date': '2018-04-19T17:24:55.016Z', 'age': 5}, 'phone': '02-529-714', 'cell': '042-843-24-66', 'id': {'name': 'HETU', 'value': 'NaNNA878undefined'}, 'picture': {'large': 'https://randomuser.me/api/portraits/women/79.jpg', 'medium': 'https://randomuser.me/api/portraits/med/women/79.jpg', 'thumbnail': 'https://randomuser.me/api/portraits/thumb/women/79.jpg'}, 'nat': 'FI'}], 'info': {'seed': '27a7829a025d9ab1', 'results': 1, 'page': 1, 'version': '1.4'}}</msg>
<arg>${json_data}</arg>
<doc>Logs the given message with the given level.</doc>
<status status="PASS" start="2024-03-29T22:13:16.602547" elapsed="0.000241"/>
</kw>
<kw name="Should Be String" owner="String">
<arg>${json_data['results'][0]['gender']}</arg>
<doc>Fails if the given ``item`` is not a string.</doc>
<status status="PASS" start="2024-03-29T22:13:16.603090" elapsed="0.000364"/>
</kw>
<kw name="Should Match Regexp" owner="BuiltIn">
<arg>${json_data['results'][0]['email']}</arg>
<arg>^[a-zA-Z0-9._%+-]+@[a-zA-Z0-9.-]+\.[a-zA-Z]{2,}$</arg>
<doc>Fails if ``string`` does not match ``pattern`` as a regular expression.</doc>
<status status="PASS" start="2024-03-29T22:13:16.603646" elapsed="0.000513"/>
</kw>
<kw name="Should Match Regexp" owner="BuiltIn">
<arg>${json_data['results'][0]['dob']['date']}</arg>
<arg>\\d{4}-\\d{2}-\\d{2}T\\d{2}:\\d{2}:\\d{2}\\.\\d{3}Z</arg>
<doc>Fails if ``string`` does not match ``pattern`` as a regular expression.</doc>
<status status="PASS" start="2024-03-29T22:13:16.604356" elapsed="0.000498"/>
</kw>
<kw name="Should Match Regexp" owner="BuiltIn">
<arg>${json_data['results'][0]['registered']['date']}</arg>
<arg>\\d{4}-\\d{2}-\\d{2}T\\d{2}:\\d{2}:\\d{2}\\.\\d{3}Z</arg>
<doc>Fails if ``string`` does not match ``pattern`` as a regular expression.</doc>
<status status="PASS" start="2024-03-29T22:13:16.605045" elapsed="0.000371"/>
</kw>
<kw name="Should Match Regexp" owner="BuiltIn">
<arg>${json_data['results'][0]['picture']['large']}</arg>
<arg>^https?://.*\.(?:png|jpe?g|gif|bmp)$</arg>
<doc>Fails if ``string`` does not match ``pattern`` as a regular expression.</doc>
<status status="PASS" start="2024-03-29T22:13:16.605603" elapsed="0.000472"/>
</kw>
<kw name="Should Match Regexp" owner="BuiltIn">
<arg>${json_data['results'][0]['picture']['medium']}</arg>
<arg>^https?://.*\.(?:png|jpe?g|gif|bmp)$</arg>
<doc>Fails if ``string`` does not match ``pattern`` as a regular expression.</doc>
<status status="PASS" start="2024-03-29T22:13:16.606268" elapsed="0.000361"/>
</kw>
<kw name="Should Match Regexp" owner="BuiltIn">
<arg>${json_data['results'][0]['picture']['thumbnail']}</arg>
<arg>^https?://.*\.(?:png|jpe?g|gif|bmp)$</arg>
<doc>Fails if ``string`` does not match ``pattern`` as a regular expression.</doc>
<status status="PASS" start="2024-03-29T22:13:16.606821" elapsed="0.000349"/>
</kw>
<kw name="Log" owner="BuiltIn">
<msg time="2024-03-29T22:13:16.607681" level="INFO">{'large': 'https://randomuser.me/api/portraits/women/79.jpg', 'medium': 'https://randomuser.me/api/portraits/med/women/79.jpg', 'thumbnail': 'https://randomuser.me/api/portraits/thumb/women/79.jpg'}</msg>
<arg>${json_data['results'][0]['picture']}</arg>
<doc>Logs the given message with the given level.</doc>
<status status="PASS" start="2024-03-29T22:13:16.607350" elapsed="0.000377"/>
</kw>
<status status="PASS" start="2024-03-29T22:13:16.043358" elapsed="0.564627"/>
</kw>
<kw name="Teste de Tipos de Dados - Postcode" owner="random-user-service">
<kw name="GET On Session" owner="RequestsLibrary">
<msg time="2024-03-29T22:13:16.825275" level="INFO">GET Request : url=https://randomuser.me/api 
 path_url=/api 
 headers={'User-Agent': 'python-requests/2.31.0', 'Accept-Encoding': 'gzip, deflate', 'Accept': '*/*', 'Connection': 'keep-alive'} 
 body=None 
 </msg>
<msg time="2024-03-29T22:13:16.825375" level="INFO">GET Response : url=https://randomuser.me/api 
 status=200, reason=OK 
 headers={'Date': 'Fri, 29 Mar 2024 22:13:16 GMT', 'Content-Type': 'application/json; charset=utf-8', 'Transfer-Encoding': 'chunked', 'Connection': 'keep-alive', 'X-Powered-By': 'Express', 'Access-Control-Allow-Origin': '*', 'Cache-Control': 'no-cache', 'ETag': 'W/"484-3T2jmkuzxpEpQuhvnmq8kReP7dg"', 'Vary': 'Accept-Encoding', 'Content-Encoding': 'gzip', 'CF-Cache-Status': 'DYNAMIC', 'Report-To': '{"endpoints":[{"url":"https:\\/\\/a.nel.cloudflare.com\\/report\\/v4?s=fR6xEgpmemsCnVJ%2FRL8jTRn%2Fz0mpe8UEbpsWplT0zgVCnHec6h1VzCzUdo9PX2ZYfbhXqATMlxCgSrQAAYkUMdoMRlnQv1FaS56RuZ8brXNWhBEMoNrm5nOnowmGsZyE"}],"group":"cf-nel","max_age":604800}', 'NEL': '{"success_fraction":0,"report_to":"cf-nel","max_age":604800}', 'Server': 'cloudflare', 'CF-RAY': '86c334cadb8408ea-LAX', 'alt-svc': 'h3=":443"; ma=86400'} 
 body={"results":[{"gender":"male","name":{"title":"Mr","first":"رضا","last":"قاسمی"},"location":{"street":{"number":39,"name":"شهید صابونچی"},"city":"ورامین","state":"هرمزگان","country":"Iran","postcode":10760,"coordinates":{"latitude":"16.0935","longitude":"-5.3911"},"timezone":{"offset":"-7:00","description":"Mountain Time (US &amp; Canada)"}},"email":"rd.qsmy@example.com","login":{"uuid":"68207da0-f7bd-4909-9fcf-84713da2c68a","username":"silverzebra603","password":"vertigo","salt":"8ES1McML","md5":"907349237e8039b5794745b34751e88e","sha1":"15c45150f574d34789a1c9b24505b24e1eeaa53c","sha256":"6ae5326e090b6ad15224a5d04500e03853e6b8794f1051ac73bce9b31a735e15"},"dob":{"date":"1960-10-25T02:46:45.615Z","age":63},"registered":{"date":"2011-07-25T07:26:16.315Z","age":12},"phone":"018-61845631","cell":"0958-807-2459","id":{"name":"","value":null},"picture":{"large":"https://randomuser.me/api/portraits/men/6.jpg","medium":"https://randomuser.me/api/portraits/med/men/6.jpg","thumbnail":"https://randomuser.me/api/portraits/thumb/men/6.jpg"},"nat":"IR"}],"info":{"seed":"0e09fafaa55a2eeb","results":1,"page":1,"version":"1.4"}} 
 </msg>
<msg time="2024-03-29T22:13:16.825467" level="INFO">/opt/hostedtoolcache/Python/3.12.2/x64/lib/python3.12/site-packages/urllib3/connectionpool.py:1103: InsecureRequestWarning: Unverified HTTPS request is being made to host 'randomuser.me'. Adding certificate verification is strongly advised. See: https://urllib3.readthedocs.io/en/latest/advanced-usage.html#tls-warnings
  warnings.warn(</msg>
<msg time="2024-03-29T22:13:16.825594" level="INFO">${response} = &lt;Response [200]&gt;</msg>
<var>${response}</var>
<arg>consultarAPI</arg>
<arg>/api</arg>
<doc>Sends a GET request on a previously created HTTP Session.</doc>
<status status="PASS" start="2024-03-29T22:13:16.608601" elapsed="0.217034"/>
</kw>
<kw name="Set Variable" owner="BuiltIn">
<msg time="2024-03-29T22:13:16.826882" level="INFO">${json_data} = {'results': [{'gender': 'male', 'name': {'title': 'Mr', 'first': 'رضا', 'last': 'قاسمی'}, 'location': {'street': {'number': 39, 'name': 'شهید صابونچی'}, 'city': 'ورامین', 'state': 'هرمزگان', 'country'...</msg>
<var>${json_data}</var>
<arg>${response.json()}</arg>
<doc>Returns the given values which can then be assigned to a variables.</doc>
<status status="PASS" start="2024-03-29T22:13:16.826314" elapsed="0.000599"/>
</kw>
<kw name="Log" owner="BuiltIn">
<msg time="2024-03-29T22:13:16.827397" level="INFO">{'results': [{'gender': 'male', 'name': {'title': 'Mr', 'first': 'رضا', 'last': 'قاسمی'}, 'location': {'street': {'number': 39, 'name': 'شهید صابونچی'}, 'city': 'ورامین', 'state': 'هرمزگان', 'country': 'Iran', 'postcode': 10760, 'coordinates': {'latitude': '16.0935', 'longitude': '-5.3911'}, 'timezone': {'offset': '-7:00', 'description': 'Mountain Time (US &amp; Canada)'}}, 'email': 'rd.qsmy@example.com', 'login': {'uuid': '68207da0-f7bd-4909-9fcf-84713da2c68a', 'username': 'silverzebra603', 'password': 'vertigo', 'salt': '8ES1McML', 'md5': '907349237e8039b5794745b34751e88e', 'sha1': '15c45150f574d34789a1c9b24505b24e1eeaa53c', 'sha256': '6ae5326e090b6ad15224a5d04500e03853e6b8794f1051ac73bce9b31a735e15'}, 'dob': {'date': '1960-10-25T02:46:45.615Z', 'age': 63}, 'registered': {'date': '2011-07-25T07:26:16.315Z', 'age': 12}, 'phone': '018-61845631', 'cell': '0958-807-2459', 'id': {'name': '', 'value': None}, 'picture': {'large': 'https://randomuser.me/api/portraits/men/6.jpg', 'medium': 'https://randomuser.me/api/portraits/med/men/6.jpg', 'thumbnail': 'https://randomuser.me/api/portraits/thumb/men/6.jpg'}, 'nat': 'IR'}], 'info': {'seed': '0e09fafaa55a2eeb', 'results': 1, 'page': 1, 'version': '1.4'}}</msg>
<arg>${json_data}</arg>
<doc>Logs the given message with the given level.</doc>
<status status="PASS" start="2024-03-29T22:13:16.827232" elapsed="0.000251"/>
</kw>
<kw name="Should Be Equal As Numbers" owner="BuiltIn">
<arg>${json_data['results'][0]['location']['postcode']}</arg>
<arg>${json_data['results'][0]['location']['postcode']}</arg>
<doc>Fails if objects are unequal after converting them to real numbers.</doc>
<status status="PASS" start="2024-03-29T22:13:16.827791" elapsed="0.000633"/>
</kw>
<kw name="Log" owner="BuiltIn">
<msg time="2024-03-29T22:13:16.828961" level="INFO">10760</msg>
<arg>${json_data['results'][0]['location']['postcode']}</arg>
<doc>Logs the given message with the given level.</doc>
<status status="PASS" start="2024-03-29T22:13:16.828625" elapsed="0.000376"/>
</kw>
<status status="PASS" start="2024-03-29T22:13:16.608217" elapsed="0.221044"/>
</kw>
<doc>Testa se os tipos de dados na resposta da API estão corretos.</doc>
<tag>testeTiposDados</tag>
<status status="PASS" start="2024-03-29T22:13:16.042781" elapsed="0.786655"/>
</test>
<test id="s1-s1-t5" name="Validar conteudo" line="35">
<kw name="Teste de Tipos de Conteudo" owner="random-user-service">
<kw name="GET On Session" owner="RequestsLibrary">
<msg time="2024-03-29T22:13:16.941335" level="INFO">GET Request : url=https://randomuser.me/api 
 path_url=/api 
 headers={'User-Agent': 'python-requests/2.31.0', 'Accept-Encoding': 'gzip, deflate', 'Accept': '*/*', 'Connection': 'keep-alive'} 
 body=None 
 </msg>
<msg time="2024-03-29T22:13:16.941433" level="INFO">GET Response : url=https://randomuser.me/api 
 status=200, reason=OK 
 headers={'Date': 'Fri, 29 Mar 2024 22:13:16 GMT', 'Content-Type': 'application/json; charset=utf-8', 'Transfer-Encoding': 'chunked', 'Connection': 'keep-alive', 'X-Powered-By': 'Express', 'Access-Control-Allow-Origin': '*', 'Cache-Control': 'no-cache', 'ETag': 'W/"483-SJgDXg5YXk6Ayd9WsmOrWNM8P9U"', 'Vary': 'Accept-Encoding', 'Content-Encoding': 'gzip', 'CF-Cache-Status': 'DYNAMIC', 'Report-To': '{"endpoints":[{"url":"https:\\/\\/a.nel.cloudflare.com\\/report\\/v4?s=FXd9s%2F2RRuZ5fi5Io48C%2Fzz1tcPfdR5xL62ujJ5t5IWcm%2BEf20pxC01rzIikN1b7msgHRtGBmLYhJomdemKsoGMmEaqEc%2F5Ebjgs0obh6tzq%2BEug8JNNpIcxnTzBlB7n"}],"group":"cf-nel","max_age":604800}', 'NEL': '{"success_fraction":0,"report_to":"cf-nel","max_age":604800}', 'Server': 'cloudflare', 'CF-RAY': '86c334cc3d0c08ea-LAX', 'alt-svc': 'h3=":443"; ma=86400'} 
 body={"results":[{"gender":"male","name":{"title":"Mr","first":"Ángel","last":"Benítez"},"location":{"street":{"number":3203,"name":"Calle del Barquillo"},"city":"Pozuelo de Alarcón","state":"Navarra","country":"Spain","postcode":25653,"coordinates":{"latitude":"-32.1310","longitude":"-31.3124"},"timezone":{"offset":"+3:30","description":"Tehran"}},"email":"angel.benitez@example.com","login":{"uuid":"2095cbd2-cfcf-49b1-a0f3-9111f51fddc5","username":"yellowelephant611","password":"19841984","salt":"U8W8KThP","md5":"229f01f28feb361aa1b9485adf6850a0","sha1":"e4f4714e50ce2aa2b3243bbef4dad00f564b89bc","sha256":"4aa058370d484649ccd42f4d32c8ae8acd8e3ec9a9cb2602fe18d659c85f3600"},"dob":{"date":"1951-08-24T02:57:56.396Z","age":72},"registered":{"date":"2004-01-05T16:21:09.139Z","age":20},"phone":"993-098-883","cell":"650-053-061","id":{"name":"DNI","value":"22314350-Y"},"picture":{"large":"https://randomuser.me/api/portraits/men/10.jpg","medium":"https://randomuser.me/api/portraits/med/men/10.jpg","thumbnail":"https://randomuser.me/api/portraits/thumb/men/10.jpg"},"nat":"ES"}],"info":{"seed":"34705f607b28f921","results":1,"page":1,"version":"1.4"}} 
 </msg>
<msg time="2024-03-29T22:13:16.941501" level="INFO">/opt/hostedtoolcache/Python/3.12.2/x64/lib/python3.12/site-packages/urllib3/connectionpool.py:1103: InsecureRequestWarning: Unverified HTTPS request is being made to host 'randomuser.me'. Adding certificate verification is strongly advised. See: https://urllib3.readthedocs.io/en/latest/advanced-usage.html#tls-warnings
  warnings.warn(</msg>
<msg time="2024-03-29T22:13:16.941626" level="INFO">${response} = &lt;Response [200]&gt;</msg>
<var>${response}</var>
<arg>consultarAPI</arg>
<arg>/api</arg>
<doc>Sends a GET request on a previously created HTTP Session.</doc>
<status status="PASS" start="2024-03-29T22:13:16.832015" elapsed="0.109650"/>
</kw>
<kw name="Set Variable" owner="BuiltIn">
<msg time="2024-03-29T22:13:16.942884" level="INFO">${json_data} = {'results': [{'gender': 'male', 'name': {'title': 'Mr', 'first': 'Ángel', 'last': 'Benítez'}, 'location': {'street': {'number': 3203, 'name': 'Calle del Barquillo'}, 'city': 'Pozuelo de Alarcón', 'sta...</msg>
<var>${json_data}</var>
<arg>${response.json()}</arg>
<doc>Returns the given values which can then be assigned to a variables.</doc>
<status status="PASS" start="2024-03-29T22:13:16.942312" elapsed="0.000602"/>
</kw>
<kw name="Set Variable" owner="BuiltIn">
<msg time="2024-03-29T22:13:16.943606" level="INFO">${name_title} = Mr</msg>
<var>${name_title}</var>
<arg>${json_data["results"][0]["name"]["title"]}</arg>
<doc>Returns the given values which can then be assigned to a variables.</doc>
<status status="PASS" start="2024-03-29T22:13:16.943224" elapsed="0.000406"/>
</kw>
<kw name="Create List" owner="BuiltIn">
<msg time="2024-03-29T22:13:16.944086" level="INFO">${allowed_titles} = ['Mr', 'Ms', 'Miss', 'Mrs', 'Madame', 'Monsieur']</msg>
<var>${allowed_titles}</var>
<arg>Mr</arg>
<arg>Ms</arg>
<arg>Miss</arg>
<arg>Mrs</arg>
<arg>Madame</arg>
<arg>Monsieur</arg>
<doc>Returns a list containing given items.</doc>
<status status="PASS" start="2024-03-29T22:13:16.943933" elapsed="0.000177"/>
</kw>
<kw name="List Should Contain Value" owner="Collections">
<msg time="2024-03-29T22:13:16.944597" level="INFO">False</msg>
<arg>${allowed_titles}</arg>
<arg>${name_title}</arg>
<doc>Fails if the ``value`` is not found from ``list``.</doc>
<status status="PASS" start="2024-03-29T22:13:16.944417" elapsed="0.000218"/>
</kw>
<kw name="Set Variable" owner="BuiltIn">
<msg time="2024-03-29T22:13:16.945309" level="INFO">${name_country} = ES</msg>
<var>${name_country}</var>
<arg>${json_data["results"][0]["nat"]}</arg>
<doc>Returns the given values which can then be assigned to a variables.</doc>
<status status="PASS" start="2024-03-29T22:13:16.944925" elapsed="0.000409"/>
</kw>
<kw name="Create List" owner="BuiltIn">
<msg time="2024-03-29T22:13:16.946307" level="INFO">${list_country} = ['AD', 'AE', 'AF', 'AG', 'AI', 'AL', 'AM', 'AO', 'AQ', 'AR', 'AS', 'AT', 'AU', 'AW', 'AX', 'AZ', 'BA', 'BB', 'BD', 'BE', 'BF', 'BG', 'BH', 'BI', 'BJ', 'BL', 'BM', 'BN', 'BO', 'BQ', 'BR', 'BS', 'BT', '...</msg>
<var>${list_country}</var>
<arg>AD</arg>
<arg>AE</arg>
<arg>AF</arg>
<arg>AG</arg>
<arg>AI</arg>
<arg>AL</arg>
<arg>AM</arg>
<arg>AO</arg>
<arg>AQ</arg>
<arg>AR</arg>
<arg>AS</arg>
<arg>AT</arg>
<arg>AU</arg>
<arg>AW</arg>
<arg>AX</arg>
<arg>AZ</arg>
<arg>BA</arg>
<arg>BB</arg>
<arg>BD</arg>
<arg>BE</arg>
<arg>BF</arg>
<arg>BG</arg>
<arg>BH</arg>
<arg>BI</arg>
<arg>BJ</arg>
<arg>BL</arg>
<arg>BM</arg>
<arg>BN</arg>
<arg>BO</arg>
<arg>BQ</arg>
<arg>BR</arg>
<arg>BS</arg>
<arg>BT</arg>
<arg>BV</arg>
<arg>BW</arg>
<arg>BY</arg>
<arg>BZ</arg>
<arg>CA</arg>
<arg>CC</arg>
<arg>CD</arg>
<arg>CF</arg>
<arg>CG</arg>
<arg>CH</arg>
<arg>CI</arg>
<arg>CK</arg>
<arg>CL</arg>
<arg>CM</arg>
<arg>CN</arg>
<arg>CO</arg>
<arg>CR</arg>
<arg>CU</arg>
<arg>CV</arg>
<arg>CW</arg>
<arg>CX</arg>
<arg>CY</arg>
<arg>CZ</arg>
<arg>DE</arg>
<arg>DJ</arg>
<arg>DK</arg>
<arg>DM</arg>
<arg>DO</arg>
<arg>DZ</arg>
<arg>EC</arg>
<arg>EE</arg>
<arg>EG</arg>
<arg>EH</arg>
<arg>ER</arg>
<arg>ES</arg>
<arg>ET</arg>
<arg>FI</arg>
<arg>FJ</arg>
<arg>FK</arg>
<arg>FM</arg>
<arg>FO</arg>
<arg>FR</arg>
<arg>GA</arg>
<arg>GB</arg>
<arg>GD</arg>
<arg>GE</arg>
<arg>GF</arg>
<arg>GG</arg>
<arg>GH</arg>
<arg>GI</arg>
<arg>GL</arg>
<arg>GM</arg>
<arg>GN</arg>
<arg>GP</arg>
<arg>GQ</arg>
<arg>GR</arg>
<arg>GS</arg>
<arg>GT</arg>
<arg>GU</arg>
<arg>GW</arg>
<arg>GY</arg>
<arg>HK</arg>
<arg>HM</arg>
<arg>HN</arg>
<arg>HR</arg>
<arg>HT</arg>
<arg>HU</arg>
<arg>ID</arg>
<arg>IE</arg>
<arg>IL</arg>
<arg>IM</arg>
<arg>IN</arg>
<arg>IO</arg>
<arg>IQ</arg>
<arg>IR</arg>
<arg>IS</arg>
<arg>IT</arg>
<arg>JE</arg>
<arg>JM</arg>
<arg>JO</arg>
<arg>JP</arg>
<arg>KE</arg>
<arg>KG</arg>
<arg>KH</arg>
<arg>KI</arg>
<arg>KM</arg>
<arg>KN</arg>
<arg>KP</arg>
<arg>KR</arg>
<arg>KW</arg>
<arg>KY</arg>
<arg>KZ</arg>
<arg>LA</arg>
<arg>LB</arg>
<arg>LC</arg>
<arg>LI</arg>
<arg>LK</arg>
<arg>LR</arg>
<arg>LS</arg>
<arg>LT</arg>
<arg>LU</arg>
<arg>LV</arg>
<arg>LY</arg>
<arg>MA</arg>
<arg>MC</arg>
<arg>MD</arg>
<arg>ME</arg>
<arg>MF</arg>
<arg>MG</arg>
<arg>MH</arg>
<arg>MK</arg>
<arg>ML</arg>
<arg>MM</arg>
<arg>MN</arg>
<arg>MO</arg>
<arg>MP</arg>
<arg>MQ</arg>
<arg>MR</arg>
<arg>MS</arg>
<arg>MT</arg>
<arg>MU</arg>
<arg>MV</arg>
<arg>MW</arg>
<arg>MX</arg>
<arg>MY</arg>
<arg>MZ</arg>
<arg>NA</arg>
<arg>NC</arg>
<arg>NE</arg>
<arg>NF</arg>
<arg>NG</arg>
<arg>NI</arg>
<arg>NL</arg>
<arg>NO</arg>
<arg>NP</arg>
<arg>NR</arg>
<arg>NU</arg>
<arg>NZ</arg>
<arg>OM</arg>
<arg>PA</arg>
<arg>PE</arg>
<arg>PF</arg>
<arg>PG</arg>
<arg>PH</arg>
<arg>PK</arg>
<arg>PL</arg>
<arg>PM</arg>
<arg>PN</arg>
<arg>PR</arg>
<arg>PS</arg>
<arg>PT</arg>
<arg>PW</arg>
<arg>PY</arg>
<arg>QA</arg>
<arg>RE</arg>
<arg>RO</arg>
<arg>RS</arg>
<arg>RU</arg>
<arg>RW</arg>
<arg>SA</arg>
<arg>SB</arg>
<arg>SC</arg>
<arg>SD</arg>
<arg>SE</arg>
<arg>SG</arg>
<arg>SH</arg>
<arg>SI</arg>
<arg>SJ</arg>
<arg>SK</arg>
<arg>SL</arg>
<arg>SM</arg>
<arg>SN</arg>
<arg>SO</arg>
<arg>SR</arg>
<arg>SS</arg>
<arg>ST</arg>
<arg>SV</arg>
<arg>SX</arg>
<arg>SY</arg>
<arg>SZ</arg>
<arg>TC</arg>
<arg>TD</arg>
<arg>TF</arg>
<arg>TG</arg>
<arg>TH</arg>
<arg>TJ</arg>
<arg>TK</arg>
<arg>TL</arg>
<arg>TM</arg>
<arg>TN</arg>
<arg>TO</arg>
<arg>TR</arg>
<arg>TT</arg>
<arg>TV</arg>
<arg>TW</arg>
<arg>TZ</arg>
<arg>UA</arg>
<arg>UG</arg>
<arg>UM</arg>
<arg>US</arg>
<arg>UY</arg>
<arg>UZ</arg>
<arg>VA</arg>
<arg>VC</arg>
<arg>VE</arg>
<arg>VG</arg>
<arg>VI</arg>
<arg>VN</arg>
<arg>VU</arg>
<arg>WF</arg>
<arg>WS</arg>
<arg>XK</arg>
<arg>YE</arg>
<arg>YT</arg>
<arg>ZA</arg>
<arg>ZM</arg>
<arg>ZW</arg>
<doc>Returns a list containing given items.</doc>
<status status="PASS" start="2024-03-29T22:13:16.945649" elapsed="0.000685"/>
</kw>
<kw name="List Should Contain Value" owner="Collections">
<msg time="2024-03-29T22:13:16.947467" level="INFO">False</msg>
<arg>${list_country}</arg>
<arg>${name_country}</arg>
<doc>Fails if the ``value`` is not found from ``list``.</doc>
<status status="PASS" start="2024-03-29T22:13:16.947261" elapsed="0.000244"/>
</kw>
<kw name="Run Keyword If" owner="BuiltIn">
<kw name="Should Be True" owner="BuiltIn">
<arg>${True}</arg>
<doc>Fails if the given condition is not true.</doc>
<status status="PASS" start="2024-03-29T22:13:16.948586" elapsed="0.000148"/>
</kw>
<arg>${json_data["results"][0]["location"]["coordinates"]["latitude"]} &gt;= -90 and ${json_data["results"][0]["location"]["coordinates"]["latitude"]} &lt;= 90</arg>
<arg>Should Be True</arg>
<arg>${True}</arg>
<doc>Runs the given keyword with the given arguments, if ``condition`` is true.</doc>
<status status="PASS" start="2024-03-29T22:13:16.947820" elapsed="0.001045"/>
</kw>
<kw name="Run Keyword If" owner="BuiltIn">
<kw name="Should Be True" owner="BuiltIn">
<arg>${True}</arg>
<doc>Fails if the given condition is not true.</doc>
<status status="PASS" start="2024-03-29T22:13:16.949755" elapsed="0.000139"/>
</kw>
<arg>${json_data["results"][0]["location"]["coordinates"]["longitude"]} &gt;= -180 and ${json_data["results"][0]["location"]["coordinates"]["longitude"]} &lt;= 180</arg>
<arg>Should Be True</arg>
<arg>${True}</arg>
<doc>Runs the given keyword with the given arguments, if ``condition`` is true.</doc>
<status status="PASS" start="2024-03-29T22:13:16.949052" elapsed="0.000968"/>
</kw>
<status status="PASS" start="2024-03-29T22:13:16.831783" elapsed="0.118429"/>
</kw>
<doc>Testa o conteúdo específico dos campos retornados pela API.</doc>
<tag>testeConteudo</tag>
<status status="PASS" start="2024-03-29T22:13:16.831241" elapsed="0.119127"/>
</test>
<status status="PASS" start="2024-03-29T22:13:15.431584" elapsed="1.520757"/>
</suite>
<status status="PASS" start="2024-03-29T22:13:15.417987" elapsed="1.539785"/>
</suite>
<statistics>
<total>
<stat pass="5" fail="0" skip="0">All Tests</stat>
</total>
<tag>
<stat pass="1" fail="0" skip="0">testeConteudo</stat>
<stat pass="1" fail="0" skip="0">testeEstruturaResposta</stat>
<stat pass="1" fail="0" skip="0">testeRequisicaoBasica</stat>
<stat pass="1" fail="0" skip="0">testeTiposDados</stat>
</tag>
<suite>
<stat pass="5" fail="0" skip="0" id="s1" name="Tests">Tests</stat>
<stat pass="5" fail="0" skip="0" id="s1-s1" name="Random-User-Test">Tests.Random-User-Test</stat>
</suite>
</statistics>
<errors>
</errors>
</robot>
