<?xml version="1.0" encoding="UTF-8"?>
<robot generator="Robot 7.0 (Python 3.12.3 on linux)" generated="2024-05-20T13:17:30.925996" rpa="false" schemaversion="5">
<suite id="s1" name="Tests" source="/home/runner/work/DesafioQAItauRogerioJordao/DesafioQAItauRogerioJordao/RamdonUser/tests">
<suite id="s1-s1" name="Random-User-Test" source="/home/runner/work/DesafioQAItauRogerioJordao/DesafioQAItauRogerioJordao/RamdonUser/tests/random-user-test.robot">
<test id="s1-s1-t1" name="Conectar" line="13">
<kw name="Conectar API" owner="random-user-service">
<kw name="Create Session" owner="RequestsLibrary">
<msg time="2024-05-20T13:17:31.289509" level="INFO">Creating Session using : alias=consultarAPI, url=https://randomuser.me/, headers={},                     cookies={}, auth=None, timeout=None, proxies=None, verify=False,                     debug=0 </msg>
<arg>consultarAPI</arg>
<arg>${URL}</arg>
<doc>Create Session: create a HTTP session to a server</doc>
<status status="PASS" start="2024-05-20T13:17:31.289301" elapsed="0.000407"/>
</kw>
<status status="PASS" start="2024-05-20T13:17:31.288260" elapsed="0.001806"/>
</kw>
<status status="PASS" start="2024-05-20T13:17:31.287617" elapsed="0.002644"/>
</test>
<test id="s1-s1-t2" name="Validar retorno 200 e JSON Válido" line="16">
<kw name="Teste de Requisicao Basica" owner="random-user-service">
<kw name="GET On Session" owner="RequestsLibrary">
<msg time="2024-05-20T13:17:31.631863" level="INFO">GET Request : url=https://randomuser.me/api 
 path_url=/api 
 headers={'User-Agent': 'python-requests/2.31.0', 'Accept-Encoding': 'gzip, deflate', 'Accept': '*/*', 'Connection': 'keep-alive'} 
 body=None 
 </msg>
<msg time="2024-05-20T13:17:31.632013" level="INFO">GET Response : url=https://randomuser.me/api 
 status=200, reason=OK 
 headers={'Date': 'Mon, 20 May 2024 13:17:31 GMT', 'Content-Type': 'application/json; charset=utf-8', 'Transfer-Encoding': 'chunked', 'Connection': 'keep-alive', 'X-Powered-By': 'Express', 'Access-Control-Allow-Origin': '*', 'Cache-Control': 'no-cache', 'ETag': 'W/"48f-i022WFO90uOsOLg9eXkZLJuj8D8"', 'Vary': 'Accept-Encoding', 'Content-Encoding': 'gzip', 'CF-Cache-Status': 'DYNAMIC', 'Report-To': '{"endpoints":[{"url":"https:\\/\\/a.nel.cloudflare.com\\/report\\/v4?s=dwH41kw1hiLNj4QYe58WaOpbVlLe8fDubn0VPPPoIZGY17r4NBlLP44uXEI2Wy0scWva1nWKqaV%2FydMijtOient1T9%2B3OOmyg%2BU9zLWWkQiLJc3kpcZu5gRDOvpbQRdG"}],"group":"cf-nel","max_age":604800}', 'NEL': '{"success_fraction":0,"report_to":"cf-nel","max_age":604800}', 'Server': 'cloudflare', 'CF-RAY': '886c9b7eb84f5a57-IAD', 'alt-svc': 'h3=":443"; ma=86400'} 
 body={"results":[{"gender":"male","name":{"title":"Mr","first":"Milko","last":"Pappot"},"location":{"street":{"number":996,"name":"1e Blekerhof"},"city":"Opheusden","state":"Zeeland","country":"Netherlands","postcode":"1084 JM","coordinates":{"latitude":"37.2387","longitude":"-179.5419"},"timezone":{"offset":"+11:00","description":"Magadan, Solomon Islands, New Caledonia"}},"email":"milko.pappot@example.com","login":{"uuid":"a8f10ad5-7745-4b75-b71d-8efa0b356d52","username":"bigswan585","password":"jill","salt":"CCrwSBwS","md5":"e5230e2eb720a712d77ac6956d7cd4df","sha1":"c8af8b378076c0a27536611f8e741703ae107ffe","sha256":"42353384be3c748078320590e4344cae85a205deaeba08c4caec682c04b81c65"},"dob":{"date":"1997-02-26T10:46:04.756Z","age":27},"registered":{"date":"2021-04-23T05:35:29.171Z","age":3},"phone":"(0125) 792180","cell":"(06) 81606465","id":{"name":"BSN","value":"94905262"},"picture":{"large":"https://randomuser.me/api/portraits/men/64.jpg","medium":"https://randomuser.me/api/portraits/med/men/64.jpg","thumbnail":"https://randomuser.me/api/portraits/thumb/men/64.jpg"},"nat":"NL"}],"info":{"seed":"6e5adc89f577fa58","results":1,"page":1,"version":"1.4"}} 
 </msg>
<msg time="2024-05-20T13:17:31.632091" level="INFO">/opt/hostedtoolcache/Python/3.12.3/x64/lib/python3.12/site-packages/urllib3/connectionpool.py:1103: InsecureRequestWarning: Unverified HTTPS request is being made to host 'randomuser.me'. Adding certificate verification is strongly advised. See: https://urllib3.readthedocs.io/en/latest/advanced-usage.html#tls-warnings
  warnings.warn(</msg>
<msg time="2024-05-20T13:17:31.632252" level="INFO">${response} = &lt;Response [200]&gt;</msg>
<var>${response}</var>
<arg>consultarAPI</arg>
<arg>/api</arg>
<doc>Sends a GET request on a previously created HTTP Session.</doc>
<status status="PASS" start="2024-05-20T13:17:31.292915" elapsed="0.339378"/>
</kw>
<kw name="Should Be Equal As Numbers" owner="BuiltIn">
<msg time="2024-05-20T13:17:31.633440" level="INFO">Argument types are:
&lt;class 'int'&gt;
&lt;class 'str'&gt;</msg>
<arg>${response.status_code}</arg>
<arg>200</arg>
<doc>Fails if objects are unequal after converting them to real numbers.</doc>
<status status="PASS" start="2024-05-20T13:17:31.632928" elapsed="0.000577"/>
</kw>
<kw name="Log" owner="BuiltIn">
<msg time="2024-05-20T13:17:31.634199" level="INFO">200</msg>
<arg>${response.status_code}</arg>
<doc>Logs the given message with the given level.</doc>
<status status="PASS" start="2024-05-20T13:17:31.633842" elapsed="0.000399"/>
</kw>
<kw name="Set Variable" owner="BuiltIn">
<msg time="2024-05-20T13:17:31.634972" level="INFO">${json_data} = {'results': [{'gender': 'male', 'name': {'title': 'Mr', 'first': 'Milko', 'last': 'Pappot'}, 'location': {'street': {'number': 996, 'name': '1e Blekerhof'}, 'city': 'Opheusden', 'state': 'Zeeland', 'c...</msg>
<var>${json_data}</var>
<arg>${response.json()}</arg>
<doc>Returns the given values which can then be assigned to a variables.</doc>
<status status="PASS" start="2024-05-20T13:17:31.634543" elapsed="0.000457"/>
</kw>
<kw name="Dictionary Should Contain Key" owner="Collections">
<msg time="2024-05-20T13:17:31.635464" level="INFO">False</msg>
<arg>${json_data}</arg>
<arg>results</arg>
<doc>Fails if ``key`` is not found from ``dictionary``.</doc>
<status status="PASS" start="2024-05-20T13:17:31.635298" elapsed="0.000204"/>
</kw>
<status status="PASS" start="2024-05-20T13:17:31.292671" elapsed="0.343086"/>
</kw>
<doc>Testa se a API responde corretamente e retorna um objeto JSON válido.</doc>
<tag>testeRequisicaoBasica</tag>
<status status="PASS" start="2024-05-20T13:17:31.292144" elapsed="0.343798"/>
</test>
<test id="s1-s1-t3" name="Validar estrutura de resposta" line="22">
<kw name="Teste de Estrutura de Resposta" owner="random-user-service">
<kw name="GET On Session" owner="RequestsLibrary">
<msg time="2024-05-20T13:17:31.709870" level="INFO">GET Request : url=https://randomuser.me/api 
 path_url=/api 
 headers={'User-Agent': 'python-requests/2.31.0', 'Accept-Encoding': 'gzip, deflate', 'Accept': '*/*', 'Connection': 'keep-alive'} 
 body=None 
 </msg>
<msg time="2024-05-20T13:17:31.709974" level="INFO">GET Response : url=https://randomuser.me/api 
 status=200, reason=OK 
 headers={'Date': 'Mon, 20 May 2024 13:17:31 GMT', 'Content-Type': 'application/json; charset=utf-8', 'Transfer-Encoding': 'chunked', 'Connection': 'keep-alive', 'X-Powered-By': 'Express', 'Access-Control-Allow-Origin': '*', 'Cache-Control': 'no-cache', 'ETag': 'W/"4bd-3m46lv5DR2km41LICTw2PG/9Q4g"', 'Vary': 'Accept-Encoding', 'Content-Encoding': 'gzip', 'CF-Cache-Status': 'DYNAMIC', 'Report-To': '{"endpoints":[{"url":"https:\\/\\/a.nel.cloudflare.com\\/report\\/v4?s=AjCYxoSI3S43g6smVHZeYwJm9VlboU%2Bo8WIovlNCxVAKh45%2BmBztDBJvfIeMJqLcoTKbJ4bmeAwcoVBvWuZFzzzWhRr6ia%2FblvURPrgPVcJUAsB7Rbdgmt8xpoK0iEDv"}],"group":"cf-nel","max_age":604800}', 'NEL': '{"success_fraction":0,"report_to":"cf-nel","max_age":604800}', 'Server': 'cloudflare', 'CF-RAY': '886c9b80b9d85a57-IAD', 'alt-svc': 'h3=":443"; ma=86400'} 
 body={"results":[{"gender":"female","name":{"title":"Miss","first":"Mayte","last":"Rodríquez"},"location":{"street":{"number":6140,"name":"Continuación Cedillo"},"city":"Ejido Sanson Flores","state":"Tlaxcala","country":"Mexico","postcode":71099,"coordinates":{"latitude":"23.4902","longitude":"105.9416"},"timezone":{"offset":"+5:00","description":"Ekaterinburg, Islamabad, Karachi, Tashkent"}},"email":"mayte.rodriquez@example.com","login":{"uuid":"bc2a963e-a61c-48d0-93c0-6590c283cf36","username":"angrygorilla403","password":"sasha","salt":"xfXH2cup","md5":"e123e881780de26cc00e0d1cc240bfa9","sha1":"b8d5e815c478a98cfd4596592673d8e51ee626e2","sha256":"98911e36d5e540aa030c695646d69d57f487e4b2fe3f82a9bb193d387b50c57d"},"dob":{"date":"1976-09-15T04:28:38.958Z","age":47},"registered":{"date":"2002-11-18T06:23:17.307Z","age":21},"phone":"(615) 279 2323","cell":"(652) 314 2425","id":{"name":"NSS","value":"26 36 06 4821 1"},"picture":{"large":"https://randomuser.me/api/portraits/women/75.jpg","medium":"https://randomuser.me/api/portraits/med/women/75.jpg","thumbnail":"https://randomuser.me/api/portraits/thumb/women/75.jpg"},"nat":"MX"}],"info":{"seed":"a0526f31299d1c07","results":1,"page":1,"version":"1.4"}} 
 </msg>
<msg time="2024-05-20T13:17:31.710099" level="INFO">/opt/hostedtoolcache/Python/3.12.3/x64/lib/python3.12/site-packages/urllib3/connectionpool.py:1103: InsecureRequestWarning: Unverified HTTPS request is being made to host 'randomuser.me'. Adding certificate verification is strongly advised. See: https://urllib3.readthedocs.io/en/latest/advanced-usage.html#tls-warnings
  warnings.warn(</msg>
<msg time="2024-05-20T13:17:31.710234" level="INFO">${response} = &lt;Response [200]&gt;</msg>
<var>${response}</var>
<arg>consultarAPI</arg>
<arg>/api</arg>
<doc>Sends a GET request on a previously created HTTP Session.</doc>
<status status="PASS" start="2024-05-20T13:17:31.638618" elapsed="0.071656"/>
</kw>
<kw name="Set Variable" owner="BuiltIn">
<msg time="2024-05-20T13:17:31.711441" level="INFO">${json_data} = {'results': [{'gender': 'female', 'name': {'title': 'Miss', 'first': 'Mayte', 'last': 'Rodríquez'}, 'location': {'street': {'number': 6140, 'name': 'Continuación Cedillo'}, 'city': 'Ejido Sanson Flore...</msg>
<var>${json_data}</var>
<arg>${response.json()}</arg>
<doc>Returns the given values which can then be assigned to a variables.</doc>
<status status="PASS" start="2024-05-20T13:17:31.710890" elapsed="0.000583"/>
</kw>
<kw name="Log" owner="BuiltIn">
<msg time="2024-05-20T13:17:31.711947" level="INFO">{'results': [{'gender': 'female', 'name': {'title': 'Miss', 'first': 'Mayte', 'last': 'Rodríquez'}, 'location': {'street': {'number': 6140, 'name': 'Continuación Cedillo'}, 'city': 'Ejido Sanson Flores', 'state': 'Tlaxcala', 'country': 'Mexico', 'postcode': 71099, 'coordinates': {'latitude': '23.4902', 'longitude': '105.9416'}, 'timezone': {'offset': '+5:00', 'description': 'Ekaterinburg, Islamabad, Karachi, Tashkent'}}, 'email': 'mayte.rodriquez@example.com', 'login': {'uuid': 'bc2a963e-a61c-48d0-93c0-6590c283cf36', 'username': 'angrygorilla403', 'password': 'sasha', 'salt': 'xfXH2cup', 'md5': 'e123e881780de26cc00e0d1cc240bfa9', 'sha1': 'b8d5e815c478a98cfd4596592673d8e51ee626e2', 'sha256': '98911e36d5e540aa030c695646d69d57f487e4b2fe3f82a9bb193d387b50c57d'}, 'dob': {'date': '1976-09-15T04:28:38.958Z', 'age': 47}, 'registered': {'date': '2002-11-18T06:23:17.307Z', 'age': 21}, 'phone': '(615) 279 2323', 'cell': '(652) 314 2425', 'id': {'name': 'NSS', 'value': '26 36 06 4821 1'}, 'picture': {'large': 'https://randomuser.me/api/portraits/women/75.jpg', 'medium': 'https://randomuser.me/api/portraits/med/women/75.jpg', 'thumbnail': 'https://randomuser.me/api/portraits/thumb/women/75.jpg'}, 'nat': 'MX'}], 'info': {'seed': 'a0526f31299d1c07', 'results': 1, 'page': 1, 'version': '1.4'}}</msg>
<arg>${json_data}</arg>
<doc>Logs the given message with the given level.</doc>
<status status="PASS" start="2024-05-20T13:17:31.711781" elapsed="0.000220"/>
</kw>
<kw name="Dictionary Should Contain Key" owner="Collections">
<msg time="2024-05-20T13:17:31.712465" level="INFO">False</msg>
<arg>${json_data}</arg>
<arg>results</arg>
<doc>Fails if ``key`` is not found from ``dictionary``.</doc>
<status status="PASS" start="2024-05-20T13:17:31.712310" elapsed="0.000192"/>
</kw>
<kw name="Should Not Be Empty" owner="BuiltIn">
<msg time="2024-05-20T13:17:31.712928" level="INFO">Length is 2.</msg>
<arg>${json_data}</arg>
<doc>Verifies that the given item is not empty.</doc>
<status status="PASS" start="2024-05-20T13:17:31.712793" elapsed="0.000173"/>
</kw>
<kw name="Create List" owner="BuiltIn">
<msg time="2024-05-20T13:17:31.713609" level="INFO">${expected_keys} = ['gender', 'name', 'location', 'email', 'login']</msg>
<var>${expected_keys}</var>
<arg>gender</arg>
<arg>name</arg>
<arg>location</arg>
<arg>email</arg>
<arg>login</arg>
<doc>Returns a list containing given items.</doc>
<status status="PASS" start="2024-05-20T13:17:31.713298" elapsed="0.000336"/>
</kw>
<for flavor="IN">
<iter>
<kw name="Dictionary Should Contain Key" owner="Collections">
<msg time="2024-05-20T13:17:31.714639" level="INFO">False</msg>
<arg>${json_data['results'][0]}</arg>
<arg>${key}</arg>
<doc>Fails if ``key`` is not found from ``dictionary``.</doc>
<status status="PASS" start="2024-05-20T13:17:31.714243" elapsed="0.000434"/>
</kw>
<kw name="Log" owner="BuiltIn">
<msg time="2024-05-20T13:17:31.715342" level="INFO">{'gender': 'female', 'name': {'title': 'Miss', 'first': 'Mayte', 'last': 'Rodríquez'}, 'location': {'street': {'number': 6140, 'name': 'Continuación Cedillo'}, 'city': 'Ejido Sanson Flores', 'state': 'Tlaxcala', 'country': 'Mexico', 'postcode': 71099, 'coordinates': {'latitude': '23.4902', 'longitude': '105.9416'}, 'timezone': {'offset': '+5:00', 'description': 'Ekaterinburg, Islamabad, Karachi, Tashkent'}}, 'email': 'mayte.rodriquez@example.com', 'login': {'uuid': 'bc2a963e-a61c-48d0-93c0-6590c283cf36', 'username': 'angrygorilla403', 'password': 'sasha', 'salt': 'xfXH2cup', 'md5': 'e123e881780de26cc00e0d1cc240bfa9', 'sha1': 'b8d5e815c478a98cfd4596592673d8e51ee626e2', 'sha256': '98911e36d5e540aa030c695646d69d57f487e4b2fe3f82a9bb193d387b50c57d'}, 'dob': {'date': '1976-09-15T04:28:38.958Z', 'age': 47}, 'registered': {'date': '2002-11-18T06:23:17.307Z', 'age': 21}, 'phone': '(615) 279 2323', 'cell': '(652) 314 2425', 'id': {'name': 'NSS', 'value': '26 36 06 4821 1'}, 'picture': {'large': 'https://randomuser.me/api/portraits/women/75.jpg', 'medium': 'https://randomuser.me/api/portraits/med/women/75.jpg', 'thumbnail': 'https://randomuser.me/api/portraits/thumb/women/75.jpg'}, 'nat': 'MX'}</msg>
<arg>${json_data['results'][0]}</arg>
<doc>Logs the given message with the given level.</doc>
<status status="PASS" start="2024-05-20T13:17:31.714974" elapsed="0.000419"/>
</kw>
<kw name="Log" owner="BuiltIn">
<msg time="2024-05-20T13:17:31.715822" level="INFO">gender</msg>
<arg>${key}</arg>
<doc>Logs the given message with the given level.</doc>
<status status="PASS" start="2024-05-20T13:17:31.715696" elapsed="0.000162"/>
</kw>
<var name="${key}">gender</var>
<status status="PASS" start="2024-05-20T13:17:31.714116" elapsed="0.001955"/>
</iter>
<iter>
<kw name="Dictionary Should Contain Key" owner="Collections">
<msg time="2024-05-20T13:17:31.716756" level="INFO">False</msg>
<arg>${json_data['results'][0]}</arg>
<arg>${key}</arg>
<doc>Fails if ``key`` is not found from ``dictionary``.</doc>
<status status="PASS" start="2024-05-20T13:17:31.716374" elapsed="0.000456"/>
</kw>
<kw name="Log" owner="BuiltIn">
<msg time="2024-05-20T13:17:31.717534" level="INFO">{'gender': 'female', 'name': {'title': 'Miss', 'first': 'Mayte', 'last': 'Rodríquez'}, 'location': {'street': {'number': 6140, 'name': 'Continuación Cedillo'}, 'city': 'Ejido Sanson Flores', 'state': 'Tlaxcala', 'country': 'Mexico', 'postcode': 71099, 'coordinates': {'latitude': '23.4902', 'longitude': '105.9416'}, 'timezone': {'offset': '+5:00', 'description': 'Ekaterinburg, Islamabad, Karachi, Tashkent'}}, 'email': 'mayte.rodriquez@example.com', 'login': {'uuid': 'bc2a963e-a61c-48d0-93c0-6590c283cf36', 'username': 'angrygorilla403', 'password': 'sasha', 'salt': 'xfXH2cup', 'md5': 'e123e881780de26cc00e0d1cc240bfa9', 'sha1': 'b8d5e815c478a98cfd4596592673d8e51ee626e2', 'sha256': '98911e36d5e540aa030c695646d69d57f487e4b2fe3f82a9bb193d387b50c57d'}, 'dob': {'date': '1976-09-15T04:28:38.958Z', 'age': 47}, 'registered': {'date': '2002-11-18T06:23:17.307Z', 'age': 21}, 'phone': '(615) 279 2323', 'cell': '(652) 314 2425', 'id': {'name': 'NSS', 'value': '26 36 06 4821 1'}, 'picture': {'large': 'https://randomuser.me/api/portraits/women/75.jpg', 'medium': 'https://randomuser.me/api/portraits/med/women/75.jpg', 'thumbnail': 'https://randomuser.me/api/portraits/thumb/women/75.jpg'}, 'nat': 'MX'}</msg>
<arg>${json_data['results'][0]}</arg>
<doc>Logs the given message with the given level.</doc>
<status status="PASS" start="2024-05-20T13:17:31.717164" elapsed="0.000431"/>
</kw>
<kw name="Log" owner="BuiltIn">
<msg time="2024-05-20T13:17:31.718017" level="INFO">name</msg>
<arg>${key}</arg>
<doc>Logs the given message with the given level.</doc>
<status status="PASS" start="2024-05-20T13:17:31.717890" elapsed="0.000164"/>
</kw>
<var name="${key}">name</var>
<status status="PASS" start="2024-05-20T13:17:31.716257" elapsed="0.002010"/>
</iter>
<iter>
<kw name="Dictionary Should Contain Key" owner="Collections">
<msg time="2024-05-20T13:17:31.718932" level="INFO">False</msg>
<arg>${json_data['results'][0]}</arg>
<arg>${key}</arg>
<doc>Fails if ``key`` is not found from ``dictionary``.</doc>
<status status="PASS" start="2024-05-20T13:17:31.718556" elapsed="0.000412"/>
</kw>
<kw name="Log" owner="BuiltIn">
<msg time="2024-05-20T13:17:31.719617" level="INFO">{'gender': 'female', 'name': {'title': 'Miss', 'first': 'Mayte', 'last': 'Rodríquez'}, 'location': {'street': {'number': 6140, 'name': 'Continuación Cedillo'}, 'city': 'Ejido Sanson Flores', 'state': 'Tlaxcala', 'country': 'Mexico', 'postcode': 71099, 'coordinates': {'latitude': '23.4902', 'longitude': '105.9416'}, 'timezone': {'offset': '+5:00', 'description': 'Ekaterinburg, Islamabad, Karachi, Tashkent'}}, 'email': 'mayte.rodriquez@example.com', 'login': {'uuid': 'bc2a963e-a61c-48d0-93c0-6590c283cf36', 'username': 'angrygorilla403', 'password': 'sasha', 'salt': 'xfXH2cup', 'md5': 'e123e881780de26cc00e0d1cc240bfa9', 'sha1': 'b8d5e815c478a98cfd4596592673d8e51ee626e2', 'sha256': '98911e36d5e540aa030c695646d69d57f487e4b2fe3f82a9bb193d387b50c57d'}, 'dob': {'date': '1976-09-15T04:28:38.958Z', 'age': 47}, 'registered': {'date': '2002-11-18T06:23:17.307Z', 'age': 21}, 'phone': '(615) 279 2323', 'cell': '(652) 314 2425', 'id': {'name': 'NSS', 'value': '26 36 06 4821 1'}, 'picture': {'large': 'https://randomuser.me/api/portraits/women/75.jpg', 'medium': 'https://randomuser.me/api/portraits/med/women/75.jpg', 'thumbnail': 'https://randomuser.me/api/portraits/thumb/women/75.jpg'}, 'nat': 'MX'}</msg>
<arg>${json_data['results'][0]}</arg>
<doc>Logs the given message with the given level.</doc>
<status status="PASS" start="2024-05-20T13:17:31.719265" elapsed="0.000411"/>
</kw>
<kw name="Log" owner="BuiltIn">
<msg time="2024-05-20T13:17:31.720091" level="INFO">location</msg>
<arg>${key}</arg>
<doc>Logs the given message with the given level.</doc>
<status status="PASS" start="2024-05-20T13:17:31.719966" elapsed="0.000163"/>
</kw>
<var name="${key}">location</var>
<status status="PASS" start="2024-05-20T13:17:31.718444" elapsed="0.001894"/>
</iter>
<iter>
<kw name="Dictionary Should Contain Key" owner="Collections">
<msg time="2024-05-20T13:17:31.721002" level="INFO">False</msg>
<arg>${json_data['results'][0]}</arg>
<arg>${key}</arg>
<doc>Fails if ``key`` is not found from ``dictionary``.</doc>
<status status="PASS" start="2024-05-20T13:17:31.720623" elapsed="0.000415"/>
</kw>
<kw name="Log" owner="BuiltIn">
<msg time="2024-05-20T13:17:31.721739" level="INFO">{'gender': 'female', 'name': {'title': 'Miss', 'first': 'Mayte', 'last': 'Rodríquez'}, 'location': {'street': {'number': 6140, 'name': 'Continuación Cedillo'}, 'city': 'Ejido Sanson Flores', 'state': 'Tlaxcala', 'country': 'Mexico', 'postcode': 71099, 'coordinates': {'latitude': '23.4902', 'longitude': '105.9416'}, 'timezone': {'offset': '+5:00', 'description': 'Ekaterinburg, Islamabad, Karachi, Tashkent'}}, 'email': 'mayte.rodriquez@example.com', 'login': {'uuid': 'bc2a963e-a61c-48d0-93c0-6590c283cf36', 'username': 'angrygorilla403', 'password': 'sasha', 'salt': 'xfXH2cup', 'md5': 'e123e881780de26cc00e0d1cc240bfa9', 'sha1': 'b8d5e815c478a98cfd4596592673d8e51ee626e2', 'sha256': '98911e36d5e540aa030c695646d69d57f487e4b2fe3f82a9bb193d387b50c57d'}, 'dob': {'date': '1976-09-15T04:28:38.958Z', 'age': 47}, 'registered': {'date': '2002-11-18T06:23:17.307Z', 'age': 21}, 'phone': '(615) 279 2323', 'cell': '(652) 314 2425', 'id': {'name': 'NSS', 'value': '26 36 06 4821 1'}, 'picture': {'large': 'https://randomuser.me/api/portraits/women/75.jpg', 'medium': 'https://randomuser.me/api/portraits/med/women/75.jpg', 'thumbnail': 'https://randomuser.me/api/portraits/thumb/women/75.jpg'}, 'nat': 'MX'}</msg>
<arg>${json_data['results'][0]}</arg>
<doc>Logs the given message with the given level.</doc>
<status status="PASS" start="2024-05-20T13:17:31.721376" elapsed="0.000413"/>
</kw>
<kw name="Log" owner="BuiltIn">
<msg time="2024-05-20T13:17:31.722208" level="INFO">email</msg>
<arg>${key}</arg>
<doc>Logs the given message with the given level.</doc>
<status status="PASS" start="2024-05-20T13:17:31.722083" elapsed="0.000162"/>
</kw>
<var name="${key}">email</var>
<status status="PASS" start="2024-05-20T13:17:31.720513" elapsed="0.001951"/>
</iter>
<iter>
<kw name="Dictionary Should Contain Key" owner="Collections">
<msg time="2024-05-20T13:17:31.723125" level="INFO">False</msg>
<arg>${json_data['results'][0]}</arg>
<arg>${key}</arg>
<doc>Fails if ``key`` is not found from ``dictionary``.</doc>
<status status="PASS" start="2024-05-20T13:17:31.722746" elapsed="0.000416"/>
</kw>
<kw name="Log" owner="BuiltIn">
<msg time="2024-05-20T13:17:31.723821" level="INFO">{'gender': 'female', 'name': {'title': 'Miss', 'first': 'Mayte', 'last': 'Rodríquez'}, 'location': {'street': {'number': 6140, 'name': 'Continuación Cedillo'}, 'city': 'Ejido Sanson Flores', 'state': 'Tlaxcala', 'country': 'Mexico', 'postcode': 71099, 'coordinates': {'latitude': '23.4902', 'longitude': '105.9416'}, 'timezone': {'offset': '+5:00', 'description': 'Ekaterinburg, Islamabad, Karachi, Tashkent'}}, 'email': 'mayte.rodriquez@example.com', 'login': {'uuid': 'bc2a963e-a61c-48d0-93c0-6590c283cf36', 'username': 'angrygorilla403', 'password': 'sasha', 'salt': 'xfXH2cup', 'md5': 'e123e881780de26cc00e0d1cc240bfa9', 'sha1': 'b8d5e815c478a98cfd4596592673d8e51ee626e2', 'sha256': '98911e36d5e540aa030c695646d69d57f487e4b2fe3f82a9bb193d387b50c57d'}, 'dob': {'date': '1976-09-15T04:28:38.958Z', 'age': 47}, 'registered': {'date': '2002-11-18T06:23:17.307Z', 'age': 21}, 'phone': '(615) 279 2323', 'cell': '(652) 314 2425', 'id': {'name': 'NSS', 'value': '26 36 06 4821 1'}, 'picture': {'large': 'https://randomuser.me/api/portraits/women/75.jpg', 'medium': 'https://randomuser.me/api/portraits/med/women/75.jpg', 'thumbnail': 'https://randomuser.me/api/portraits/thumb/women/75.jpg'}, 'nat': 'MX'}</msg>
<arg>${json_data['results'][0]}</arg>
<doc>Logs the given message with the given level.</doc>
<status status="PASS" start="2024-05-20T13:17:31.723459" elapsed="0.000411"/>
</kw>
<kw name="Log" owner="BuiltIn">
<msg time="2024-05-20T13:17:31.724316" level="INFO">login</msg>
<arg>${key}</arg>
<doc>Logs the given message with the given level.</doc>
<status status="PASS" start="2024-05-20T13:17:31.724190" elapsed="0.000163"/>
</kw>
<var name="${key}">login</var>
<status status="PASS" start="2024-05-20T13:17:31.722634" elapsed="0.001933"/>
</iter>
<var>${key}</var>
<value>@{expected_keys}</value>
<status status="PASS" start="2024-05-20T13:17:31.713921" elapsed="0.010768"/>
</for>
<kw name="Create List" owner="BuiltIn">
<msg time="2024-05-20T13:17:31.725016" level="INFO">${expected_keysTwo} = ['username', 'password']</msg>
<var>${expected_keysTwo}</var>
<arg>username</arg>
<arg>password</arg>
<doc>Returns a list containing given items.</doc>
<status status="PASS" start="2024-05-20T13:17:31.724883" elapsed="0.000156"/>
</kw>
<for flavor="IN">
<iter>
<kw name="Dictionary Should Contain Key" owner="Collections">
<msg time="2024-05-20T13:17:31.725959" level="INFO">False</msg>
<arg>${json_data['results'][0]['login']}</arg>
<arg>${keyTwo}</arg>
<doc>Fails if ``key`` is not found from ``dictionary``.</doc>
<status status="PASS" start="2024-05-20T13:17:31.725581" elapsed="0.000415"/>
</kw>
<kw name="Dictionary Should Contain Key" owner="Collections">
<msg time="2024-05-20T13:17:31.726670" level="INFO">False</msg>
<arg>${json_data['results'][0]['login']}</arg>
<arg>${keyTwo}</arg>
<doc>Fails if ``key`` is not found from ``dictionary``.</doc>
<status status="PASS" start="2024-05-20T13:17:31.726290" elapsed="0.000417"/>
</kw>
<kw name="Log" owner="BuiltIn">
<msg time="2024-05-20T13:17:31.727119" level="INFO">username</msg>
<arg>${keyTwo}</arg>
<doc>Logs the given message with the given level.</doc>
<status status="PASS" start="2024-05-20T13:17:31.726996" elapsed="0.000165"/>
</kw>
<var name="${keyTwo}">username</var>
<status status="PASS" start="2024-05-20T13:17:31.725471" elapsed="0.001901"/>
</iter>
<iter>
<kw name="Dictionary Should Contain Key" owner="Collections">
<msg time="2024-05-20T13:17:31.728033" level="INFO">False</msg>
<arg>${json_data['results'][0]['login']}</arg>
<arg>${keyTwo}</arg>
<doc>Fails if ``key`` is not found from ``dictionary``.</doc>
<status status="PASS" start="2024-05-20T13:17:31.727667" elapsed="0.000403"/>
</kw>
<kw name="Dictionary Should Contain Key" owner="Collections">
<msg time="2024-05-20T13:17:31.728810" level="INFO">False</msg>
<arg>${json_data['results'][0]['login']}</arg>
<arg>${keyTwo}</arg>
<doc>Fails if ``key`` is not found from ``dictionary``.</doc>
<status status="PASS" start="2024-05-20T13:17:31.728356" elapsed="0.000491"/>
</kw>
<kw name="Log" owner="BuiltIn">
<msg time="2024-05-20T13:17:31.729301" level="INFO">password</msg>
<arg>${keyTwo}</arg>
<doc>Logs the given message with the given level.</doc>
<status status="PASS" start="2024-05-20T13:17:31.729173" elapsed="0.000165"/>
</kw>
<var name="${keyTwo}">password</var>
<status status="PASS" start="2024-05-20T13:17:31.727550" elapsed="0.002004"/>
</iter>
<var>${keyTwo}</var>
<value>@{expected_keysTwo}</value>
<status status="PASS" start="2024-05-20T13:17:31.725318" elapsed="0.004356"/>
</for>
<status status="PASS" start="2024-05-20T13:17:31.638385" elapsed="0.091430"/>
</kw>
<doc>Testa a estrutura da resposta da API.</doc>
<tag>testeEstruturaResposta</tag>
<status status="PASS" start="2024-05-20T13:17:31.637792" elapsed="0.092186"/>
</test>
<test id="s1-s1-t4" name="Validar tipos de dados" line="28">
<kw name="Teste de Tipos de Dados" owner="random-user-service">
<kw name="GET On Session" owner="RequestsLibrary">
<msg time="2024-05-20T13:17:31.794707" level="INFO">GET Request : url=https://randomuser.me/api 
 path_url=/api 
 headers={'User-Agent': 'python-requests/2.31.0', 'Accept-Encoding': 'gzip, deflate', 'Accept': '*/*', 'Connection': 'keep-alive'} 
 body=None 
 </msg>
<msg time="2024-05-20T13:17:31.794807" level="INFO">GET Response : url=https://randomuser.me/api 
 status=200, reason=OK 
 headers={'Date': 'Mon, 20 May 2024 13:17:31 GMT', 'Content-Type': 'application/json; charset=utf-8', 'Transfer-Encoding': 'chunked', 'Connection': 'keep-alive', 'X-Powered-By': 'Express', 'Access-Control-Allow-Origin': '*', 'Cache-Control': 'no-cache', 'ETag': 'W/"499-t7x5yYeeR8zED0zm72LwAqTgq5k"', 'Vary': 'Accept-Encoding', 'Content-Encoding': 'gzip', 'CF-Cache-Status': 'DYNAMIC', 'Report-To': '{"endpoints":[{"url":"https:\\/\\/a.nel.cloudflare.com\\/report\\/v4?s=BOHQyQGCEIWg9LKJNUuGqpK7WikHOvfKo%2BcV6fe5ic%2BRQNvT7Z%2FYLXAfPNwndqyeHDN4JAfWuVKxuMTlO2tI%2B2vlaxPXUbmxSsrfwHi%2BLpmREG53jEBbdCvMYpblKX6J"}],"group":"cf-nel","max_age":604800}', 'NEL': '{"success_fraction":0,"report_to":"cf-nel","max_age":604800}', 'Server': 'cloudflare', 'CF-RAY': '886c9b815a6f5a57-IAD', 'alt-svc': 'h3=":443"; ma=86400'} 
 body={"results":[{"gender":"male","name":{"title":"Mr","first":"Vitali","last":"Fengler"},"location":{"street":{"number":9,"name":"Im Winkel"},"city":"Creußen","state":"Baden-Württemberg","country":"Germany","postcode":41095,"coordinates":{"latitude":"-53.8032","longitude":"-99.7874"},"timezone":{"offset":"+10:00","description":"Eastern Australia, Guam, Vladivostok"}},"email":"vitali.fengler@example.com","login":{"uuid":"f3f06205-ca43-45f6-9f5b-6ad22d5da3f9","username":"goldenpanda471","password":"xerxes","salt":"XOrmw9AJ","md5":"b132e1eb09f383da620a223a41bebdce","sha1":"c81f5e57eb7fbeb2855285dd2b09f73c5f107b88","sha256":"76df176d4f838b90d8cb942a6db39d5e015f41eff3521b8ae901664fa109a2f1"},"dob":{"date":"1983-03-07T01:47:30.401Z","age":41},"registered":{"date":"2019-07-01T20:53:41.975Z","age":4},"phone":"0183-8619507","cell":"0173-6128285","id":{"name":"SVNR","value":"14 060383 F 104"},"picture":{"large":"https://randomuser.me/api/portraits/men/15.jpg","medium":"https://randomuser.me/api/portraits/med/men/15.jpg","thumbnail":"https://randomuser.me/api/portraits/thumb/men/15.jpg"},"nat":"DE"}],"info":{"seed":"846e0b5d6893f775","results":1,"page":1,"version":"1.4"}} 
 </msg>
<msg time="2024-05-20T13:17:31.794882" level="INFO">/opt/hostedtoolcache/Python/3.12.3/x64/lib/python3.12/site-packages/urllib3/connectionpool.py:1103: InsecureRequestWarning: Unverified HTTPS request is being made to host 'randomuser.me'. Adding certificate verification is strongly advised. See: https://urllib3.readthedocs.io/en/latest/advanced-usage.html#tls-warnings
  warnings.warn(</msg>
<msg time="2024-05-20T13:17:31.795017" level="INFO">${response} = &lt;Response [200]&gt;</msg>
<var>${response}</var>
<arg>consultarAPI</arg>
<arg>/api</arg>
<doc>Sends a GET request on a previously created HTTP Session.</doc>
<status status="PASS" start="2024-05-20T13:17:31.732503" elapsed="0.062554"/>
</kw>
<kw name="Set Variable" owner="BuiltIn">
<msg time="2024-05-20T13:17:31.796266" level="INFO">${json_data} = {'results': [{'gender': 'male', 'name': {'title': 'Mr', 'first': 'Vitali', 'last': 'Fengler'}, 'location': {'street': {'number': 9, 'name': 'Im Winkel'}, 'city': 'Creußen', 'state': 'Baden-Württemberg...</msg>
<var>${json_data}</var>
<arg>${response.json()}</arg>
<doc>Returns the given values which can then be assigned to a variables.</doc>
<status status="PASS" start="2024-05-20T13:17:31.795700" elapsed="0.000596"/>
</kw>
<kw name="Log" owner="BuiltIn">
<msg time="2024-05-20T13:17:31.796764" level="INFO">{'results': [{'gender': 'male', 'name': {'title': 'Mr', 'first': 'Vitali', 'last': 'Fengler'}, 'location': {'street': {'number': 9, 'name': 'Im Winkel'}, 'city': 'Creußen', 'state': 'Baden-Württemberg', 'country': 'Germany', 'postcode': 41095, 'coordinates': {'latitude': '-53.8032', 'longitude': '-99.7874'}, 'timezone': {'offset': '+10:00', 'description': 'Eastern Australia, Guam, Vladivostok'}}, 'email': 'vitali.fengler@example.com', 'login': {'uuid': 'f3f06205-ca43-45f6-9f5b-6ad22d5da3f9', 'username': 'goldenpanda471', 'password': 'xerxes', 'salt': 'XOrmw9AJ', 'md5': 'b132e1eb09f383da620a223a41bebdce', 'sha1': 'c81f5e57eb7fbeb2855285dd2b09f73c5f107b88', 'sha256': '76df176d4f838b90d8cb942a6db39d5e015f41eff3521b8ae901664fa109a2f1'}, 'dob': {'date': '1983-03-07T01:47:30.401Z', 'age': 41}, 'registered': {'date': '2019-07-01T20:53:41.975Z', 'age': 4}, 'phone': '0183-8619507', 'cell': '0173-6128285', 'id': {'name': 'SVNR', 'value': '14 060383 F 104'}, 'picture': {'large': 'https://randomuser.me/api/portraits/men/15.jpg', 'medium': 'https://randomuser.me/api/portraits/med/men/15.jpg', 'thumbnail': 'https://randomuser.me/api/portraits/thumb/men/15.jpg'}, 'nat': 'DE'}], 'info': {'seed': '846e0b5d6893f775', 'results': 1, 'page': 1, 'version': '1.4'}}</msg>
<arg>${json_data}</arg>
<doc>Logs the given message with the given level.</doc>
<status status="PASS" start="2024-05-20T13:17:31.796604" elapsed="0.000247"/>
</kw>
<kw name="Should Be String" owner="String">
<arg>${json_data['results'][0]['gender']}</arg>
<doc>Fails if the given ``item`` is not a string.</doc>
<status status="PASS" start="2024-05-20T13:17:31.797191" elapsed="0.000363"/>
</kw>
<kw name="Should Match Regexp" owner="BuiltIn">
<arg>${json_data['results'][0]['email']}</arg>
<arg>^[a-zA-Z0-9._%+-]+@[a-zA-Z0-9.-]+\.[a-zA-Z]{2,}$</arg>
<doc>Fails if ``string`` does not match ``pattern`` as a regular expression.</doc>
<status status="PASS" start="2024-05-20T13:17:31.797745" elapsed="0.000511"/>
</kw>
<kw name="Should Match Regexp" owner="BuiltIn">
<arg>${json_data['results'][0]['dob']['date']}</arg>
<arg>\\d{4}-\\d{2}-\\d{2}T\\d{2}:\\d{2}:\\d{2}\\.\\d{3}Z</arg>
<doc>Fails if ``string`` does not match ``pattern`` as a regular expression.</doc>
<status status="PASS" start="2024-05-20T13:17:31.798453" elapsed="0.000519"/>
</kw>
<kw name="Should Match Regexp" owner="BuiltIn">
<arg>${json_data['results'][0]['registered']['date']}</arg>
<arg>\\d{4}-\\d{2}-\\d{2}T\\d{2}:\\d{2}:\\d{2}\\.\\d{3}Z</arg>
<doc>Fails if ``string`` does not match ``pattern`` as a regular expression.</doc>
<status status="PASS" start="2024-05-20T13:17:31.799167" elapsed="0.000363"/>
</kw>
<kw name="Should Match Regexp" owner="BuiltIn">
<arg>${json_data['results'][0]['picture']['large']}</arg>
<arg>^https?://.*\.(?:png|jpe?g|gif|bmp)$</arg>
<doc>Fails if ``string`` does not match ``pattern`` as a regular expression.</doc>
<status status="PASS" start="2024-05-20T13:17:31.799714" elapsed="0.000458"/>
</kw>
<kw name="Should Match Regexp" owner="BuiltIn">
<arg>${json_data['results'][0]['picture']['medium']}</arg>
<arg>^https?://.*\.(?:png|jpe?g|gif|bmp)$</arg>
<doc>Fails if ``string`` does not match ``pattern`` as a regular expression.</doc>
<status status="PASS" start="2024-05-20T13:17:31.800359" elapsed="0.000359"/>
</kw>
<kw name="Should Match Regexp" owner="BuiltIn">
<arg>${json_data['results'][0]['picture']['thumbnail']}</arg>
<arg>^https?://.*\.(?:png|jpe?g|gif|bmp)$</arg>
<doc>Fails if ``string`` does not match ``pattern`` as a regular expression.</doc>
<status status="PASS" start="2024-05-20T13:17:31.800906" elapsed="0.000385"/>
</kw>
<kw name="Log" owner="BuiltIn">
<msg time="2024-05-20T13:17:31.801791" level="INFO">{'large': 'https://randomuser.me/api/portraits/men/15.jpg', 'medium': 'https://randomuser.me/api/portraits/med/men/15.jpg', 'thumbnail': 'https://randomuser.me/api/portraits/thumb/men/15.jpg'}</msg>
<arg>${json_data['results'][0]['picture']}</arg>
<doc>Logs the given message with the given level.</doc>
<status status="PASS" start="2024-05-20T13:17:31.801473" elapsed="0.000359"/>
</kw>
<status status="PASS" start="2024-05-20T13:17:31.732276" elapsed="0.069813"/>
</kw>
<kw name="Teste de Tipos de Dados - Postcode" owner="random-user-service">
<kw name="GET On Session" owner="RequestsLibrary">
<msg time="2024-05-20T13:17:36.081000" level="INFO">GET Request : url=https://randomuser.me/api 
 path_url=/api 
 headers={'User-Agent': 'python-requests/2.31.0', 'Accept-Encoding': 'gzip, deflate', 'Accept': '*/*', 'Connection': 'keep-alive'} 
 body=None 
 </msg>
<msg time="2024-05-20T13:17:36.081135" level="INFO">GET Response : url=https://randomuser.me/api 
 status=200, reason=OK 
 headers={'Date': 'Mon, 20 May 2024 13:17:36 GMT', 'Content-Type': 'application/json; charset=utf-8', 'Transfer-Encoding': 'chunked', 'Connection': 'keep-alive', 'X-Powered-By': 'Express', 'Access-Control-Allow-Origin': '*', 'Cache-Control': 'no-cache', 'ETag': 'W/"48a-M2M9Rv25N5Qi5XxNksFcYjNOqXg"', 'Vary': 'Accept-Encoding', 'Content-Encoding': 'gzip', 'CF-Cache-Status': 'DYNAMIC', 'Report-To': '{"endpoints":[{"url":"https:\\/\\/a.nel.cloudflare.com\\/report\\/v4?s=OjfKZrm3AqnxRPx4vwwOVAV2fCi1RGyNuz%2BF8tgsB0eCT0qN1iWoa0y6%2Bt1saz3uh5QTnjAeHCnoWji%2BOoxkXZuzCsNJJMu895PtWfVuoUAd1%2BaMbQhXQqoVytGf%2FPEQ"}],"group":"cf-nel","max_age":604800}', 'NEL': '{"success_fraction":0,"report_to":"cf-nel","max_age":604800}', 'Server': 'cloudflare', 'CF-RAY': '886c9b81cae25a57-IAD', 'alt-svc': 'h3=":443"; ma=86400'} 
 body={"results":[{"gender":"male","name":{"title":"Mr","first":"Joshua","last":"Robinson"},"location":{"street":{"number":5290,"name":"Devon Street"},"city":"Porirua","state":"Northland","country":"New Zealand","postcode":23878,"coordinates":{"latitude":"48.5166","longitude":"-103.2924"},"timezone":{"offset":"+1:00","description":"Brussels, Copenhagen, Madrid, Paris"}},"email":"joshua.robinson@example.com","login":{"uuid":"99783a82-d736-408a-87fd-1a2d7e8c8592","username":"yellowswan156","password":"joel","salt":"ZEnxdGQF","md5":"f86f41ba9a0b4a5a18ac1f6cfbeb2971","sha1":"dc7517363492009d8d1c8fb63a77726c12b071d6","sha256":"d802bae6ee79257e61c34e800a2241d94e757f7062d3b21566de263bd11c89c6"},"dob":{"date":"1981-11-11T14:08:39.526Z","age":42},"registered":{"date":"2005-01-29T20:09:27.559Z","age":19},"phone":"(485)-853-6150","cell":"(046)-188-3246","id":{"name":"","value":null},"picture":{"large":"https://randomuser.me/api/portraits/men/85.jpg","medium":"https://randomuser.me/api/portraits/med/men/85.jpg","thumbnail":"https://randomuser.me/api/portraits/thumb/men/85.jpg"},"nat":"NZ"}],"info":{"seed":"385e6f5c8fb68f64","results":1,"page":1,"version":"1.4"}} 
 </msg>
<msg time="2024-05-20T13:17:36.081210" level="INFO">/opt/hostedtoolcache/Python/3.12.3/x64/lib/python3.12/site-packages/urllib3/connectionpool.py:1103: InsecureRequestWarning: Unverified HTTPS request is being made to host 'randomuser.me'. Adding certificate verification is strongly advised. See: https://urllib3.readthedocs.io/en/latest/advanced-usage.html#tls-warnings
  warnings.warn(</msg>
<msg time="2024-05-20T13:17:36.081336" level="INFO">${response} = &lt;Response [200]&gt;</msg>
<var>${response}</var>
<arg>consultarAPI</arg>
<arg>/api</arg>
<doc>Sends a GET request on a previously created HTTP Session.</doc>
<status status="PASS" start="2024-05-20T13:17:31.802547" elapsed="4.278828"/>
</kw>
<kw name="Set Variable" owner="BuiltIn">
<msg time="2024-05-20T13:17:36.082583" level="INFO">${json_data} = {'results': [{'gender': 'male', 'name': {'title': 'Mr', 'first': 'Joshua', 'last': 'Robinson'}, 'location': {'street': {'number': 5290, 'name': 'Devon Street'}, 'city': 'Porirua', 'state': 'Northland'...</msg>
<var>${json_data}</var>
<arg>${response.json()}</arg>
<doc>Returns the given values which can then be assigned to a variables.</doc>
<status status="PASS" start="2024-05-20T13:17:36.082015" elapsed="0.000595"/>
</kw>
<kw name="Log" owner="BuiltIn">
<msg time="2024-05-20T13:17:36.083069" level="INFO">{'results': [{'gender': 'male', 'name': {'title': 'Mr', 'first': 'Joshua', 'last': 'Robinson'}, 'location': {'street': {'number': 5290, 'name': 'Devon Street'}, 'city': 'Porirua', 'state': 'Northland', 'country': 'New Zealand', 'postcode': 23878, 'coordinates': {'latitude': '48.5166', 'longitude': '-103.2924'}, 'timezone': {'offset': '+1:00', 'description': 'Brussels, Copenhagen, Madrid, Paris'}}, 'email': 'joshua.robinson@example.com', 'login': {'uuid': '99783a82-d736-408a-87fd-1a2d7e8c8592', 'username': 'yellowswan156', 'password': 'joel', 'salt': 'ZEnxdGQF', 'md5': 'f86f41ba9a0b4a5a18ac1f6cfbeb2971', 'sha1': 'dc7517363492009d8d1c8fb63a77726c12b071d6', 'sha256': 'd802bae6ee79257e61c34e800a2241d94e757f7062d3b21566de263bd11c89c6'}, 'dob': {'date': '1981-11-11T14:08:39.526Z', 'age': 42}, 'registered': {'date': '2005-01-29T20:09:27.559Z', 'age': 19}, 'phone': '(485)-853-6150', 'cell': '(046)-188-3246', 'id': {'name': '', 'value': None}, 'picture': {'large': 'https://randomuser.me/api/portraits/men/85.jpg', 'medium': 'https://randomuser.me/api/portraits/med/men/85.jpg', 'thumbnail': 'https://randomuser.me/api/portraits/thumb/men/85.jpg'}, 'nat': 'NZ'}], 'info': {'seed': '385e6f5c8fb68f64', 'results': 1, 'page': 1, 'version': '1.4'}}</msg>
<arg>${json_data}</arg>
<doc>Logs the given message with the given level.</doc>
<status status="PASS" start="2024-05-20T13:17:36.082915" elapsed="0.000240"/>
</kw>
<kw name="Should Be Equal As Numbers" owner="BuiltIn">
<arg>${json_data['results'][0]['location']['postcode']}</arg>
<arg>${json_data['results'][0]['location']['postcode']}</arg>
<doc>Fails if objects are unequal after converting them to real numbers.</doc>
<status status="PASS" start="2024-05-20T13:17:36.083453" elapsed="0.000803"/>
</kw>
<kw name="Log" owner="BuiltIn">
<msg time="2024-05-20T13:17:36.084784" level="INFO">23878</msg>
<arg>${json_data['results'][0]['location']['postcode']}</arg>
<doc>Logs the given message with the given level.</doc>
<status status="PASS" start="2024-05-20T13:17:36.084450" elapsed="0.000373"/>
</kw>
<status status="PASS" start="2024-05-20T13:17:31.802316" elapsed="4.282787"/>
</kw>
<doc>Testa se os tipos de dados na resposta da API estão corretos.</doc>
<tag>testeTiposDados</tag>
<status status="PASS" start="2024-05-20T13:17:31.731728" elapsed="4.353554"/>
</test>
<test id="s1-s1-t5" name="Validar conteudo" line="35">
<kw name="Teste de Tipos de Conteudo" owner="random-user-service">
<kw name="GET On Session" owner="RequestsLibrary">
<msg time="2024-05-20T13:17:36.911104" level="INFO">GET Request : url=https://randomuser.me/api 
 path_url=/api 
 headers={'User-Agent': 'python-requests/2.31.0', 'Accept-Encoding': 'gzip, deflate', 'Accept': '*/*', 'Connection': 'keep-alive'} 
 body=None 
 </msg>
<msg time="2024-05-20T13:17:36.911214" level="INFO">GET Response : url=https://randomuser.me/api 
 status=200, reason=OK 
 headers={'Date': 'Mon, 20 May 2024 13:17:36 GMT', 'Content-Type': 'application/json; charset=utf-8', 'Transfer-Encoding': 'chunked', 'Connection': 'keep-alive', 'X-Powered-By': 'Express', 'Access-Control-Allow-Origin': '*', 'Cache-Control': 'no-cache', 'ETag': 'W/"49d-Q1Drh4ini+OS05m+B78eDm+QY1Y"', 'Vary': 'Accept-Encoding', 'Content-Encoding': 'gzip', 'CF-Cache-Status': 'DYNAMIC', 'Report-To': '{"endpoints":[{"url":"https:\\/\\/a.nel.cloudflare.com\\/report\\/v4?s=WoODQv%2Fwnc5YzgEMqjfD%2BEAsNWtNO5l960nk%2BIV5TKyv1cxl9rqJ2bNwKUWkxfJDdr%2Bi7g%2B9vqVQ4j0XzDd2AxVZFylv3VOEQaIcWDzEa9HnYhNJVIhjYOvjH5N1zpKp"}],"group":"cf-nel","max_age":604800}', 'NEL': '{"success_fraction":0,"report_to":"cf-nel","max_age":604800}', 'Server': 'cloudflare', 'CF-RAY': '886c9b9c8d355a57-IAD', 'alt-svc': 'h3=":443"; ma=86400'} 
 body={"results":[{"gender":"female","name":{"title":"Ms","first":"Layla","last":"Steeves "},"location":{"street":{"number":9224,"name":"Forest Ln"},"city":"Dallas","state":"Wisconsin","country":"United States","postcode":61649,"coordinates":{"latitude":"84.4117","longitude":"140.1561"},"timezone":{"offset":"+8:00","description":"Beijing, Perth, Singapore, Hong Kong"}},"email":"layla.steeves@example.com","login":{"uuid":"8dfde43f-9529-4696-8340-377e6c4e0351","username":"beautifulduck536","password":"darren","salt":"wkLzKzco","md5":"7e097162c2bbfb5879b211104e94a59f","sha1":"a28fb6768392e9301f2a6b9f4411688e1eee2981","sha256":"4ddefb67237e07ad9a3298d3d4c9df2f4cc93904759f99884bdf7a5c27b5e61e"},"dob":{"date":"1971-05-06T03:20:13.679Z","age":53},"registered":{"date":"2020-01-16T16:49:09.948Z","age":4},"phone":"(829) 223-0923","cell":"(414) 378-6438","id":{"name":"SSN","value":"890-77-8605"},"picture":{"large":"https://randomuser.me/api/portraits/women/40.jpg","medium":"https://randomuser.me/api/portraits/med/women/40.jpg","thumbnail":"https://randomuser.me/api/portraits/thumb/women/40.jpg"},"nat":"US"}],"info":{"seed":"2bdd2b97c6624291","results":1,"page":1,"version":"1.4"}} 
 </msg>
<msg time="2024-05-20T13:17:36.911294" level="INFO">/opt/hostedtoolcache/Python/3.12.3/x64/lib/python3.12/site-packages/urllib3/connectionpool.py:1103: InsecureRequestWarning: Unverified HTTPS request is being made to host 'randomuser.me'. Adding certificate verification is strongly advised. See: https://urllib3.readthedocs.io/en/latest/advanced-usage.html#tls-warnings
  warnings.warn(</msg>
<msg time="2024-05-20T13:17:36.911417" level="INFO">${response} = &lt;Response [200]&gt;</msg>
<var>${response}</var>
<arg>consultarAPI</arg>
<arg>/api</arg>
<doc>Sends a GET request on a previously created HTTP Session.</doc>
<status status="PASS" start="2024-05-20T13:17:36.087872" elapsed="0.823586"/>
</kw>
<kw name="Set Variable" owner="BuiltIn">
<msg time="2024-05-20T13:17:36.912637" level="INFO">${json_data} = {'results': [{'gender': 'female', 'name': {'title': 'Ms', 'first': 'Layla', 'last': 'Steeves '}, 'location': {'street': {'number': 9224, 'name': 'Forest Ln'}, 'city': 'Dallas', 'state': 'Wisconsin', '...</msg>
<var>${json_data}</var>
<arg>${response.json()}</arg>
<doc>Returns the given values which can then be assigned to a variables.</doc>
<status status="PASS" start="2024-05-20T13:17:36.912087" elapsed="0.000579"/>
</kw>
<kw name="Set Variable" owner="BuiltIn">
<msg time="2024-05-20T13:17:36.913411" level="INFO">${name_title} = Ms</msg>
<var>${name_title}</var>
<arg>${json_data["results"][0]["name"]["title"]}</arg>
<doc>Returns the given values which can then be assigned to a variables.</doc>
<status status="PASS" start="2024-05-20T13:17:36.912976" elapsed="0.000460"/>
</kw>
<kw name="Create List" owner="BuiltIn">
<msg time="2024-05-20T13:17:36.913889" level="INFO">${allowed_titles} = ['Mr', 'Ms', 'Miss', 'Mrs', 'Madame', 'Monsieur']</msg>
<var>${allowed_titles}</var>
<arg>Mr</arg>
<arg>Ms</arg>
<arg>Miss</arg>
<arg>Mrs</arg>
<arg>Madame</arg>
<arg>Monsieur</arg>
<doc>Returns a list containing given items.</doc>
<status status="PASS" start="2024-05-20T13:17:36.913739" elapsed="0.000174"/>
</kw>
<kw name="List Should Contain Value" owner="Collections">
<msg time="2024-05-20T13:17:36.914384" level="INFO">False</msg>
<arg>${allowed_titles}</arg>
<arg>${name_title}</arg>
<doc>Fails if the ``value`` is not found from ``list``.</doc>
<status status="PASS" start="2024-05-20T13:17:36.914212" elapsed="0.000208"/>
</kw>
<kw name="Set Variable" owner="BuiltIn">
<msg time="2024-05-20T13:17:36.915088" level="INFO">${name_country} = US</msg>
<var>${name_country}</var>
<arg>${json_data["results"][0]["nat"]}</arg>
<doc>Returns the given values which can then be assigned to a variables.</doc>
<status status="PASS" start="2024-05-20T13:17:36.914712" elapsed="0.000402"/>
</kw>
<kw name="Create List" owner="BuiltIn">
<msg time="2024-05-20T13:17:36.916010" level="INFO">${list_country} = ['AD', 'AE', 'AF', 'AG', 'AI', 'AL', 'AM', 'AO', 'AQ', 'AR', 'AS', 'AT', 'AU', 'AW', 'AX', 'AZ', 'BA', 'BB', 'BD', 'BE', 'BF', 'BG', 'BH', 'BI', 'BJ', 'BL', 'BM', 'BN', 'BO', 'BQ', 'BR', 'BS', 'BT', '...</msg>
<var>${list_country}</var>
<arg>AD</arg>
<arg>AE</arg>
<arg>AF</arg>
<arg>AG</arg>
<arg>AI</arg>
<arg>AL</arg>
<arg>AM</arg>
<arg>AO</arg>
<arg>AQ</arg>
<arg>AR</arg>
<arg>AS</arg>
<arg>AT</arg>
<arg>AU</arg>
<arg>AW</arg>
<arg>AX</arg>
<arg>AZ</arg>
<arg>BA</arg>
<arg>BB</arg>
<arg>BD</arg>
<arg>BE</arg>
<arg>BF</arg>
<arg>BG</arg>
<arg>BH</arg>
<arg>BI</arg>
<arg>BJ</arg>
<arg>BL</arg>
<arg>BM</arg>
<arg>BN</arg>
<arg>BO</arg>
<arg>BQ</arg>
<arg>BR</arg>
<arg>BS</arg>
<arg>BT</arg>
<arg>BV</arg>
<arg>BW</arg>
<arg>BY</arg>
<arg>BZ</arg>
<arg>CA</arg>
<arg>CC</arg>
<arg>CD</arg>
<arg>CF</arg>
<arg>CG</arg>
<arg>CH</arg>
<arg>CI</arg>
<arg>CK</arg>
<arg>CL</arg>
<arg>CM</arg>
<arg>CN</arg>
<arg>CO</arg>
<arg>CR</arg>
<arg>CU</arg>
<arg>CV</arg>
<arg>CW</arg>
<arg>CX</arg>
<arg>CY</arg>
<arg>CZ</arg>
<arg>DE</arg>
<arg>DJ</arg>
<arg>DK</arg>
<arg>DM</arg>
<arg>DO</arg>
<arg>DZ</arg>
<arg>EC</arg>
<arg>EE</arg>
<arg>EG</arg>
<arg>EH</arg>
<arg>ER</arg>
<arg>ES</arg>
<arg>ET</arg>
<arg>FI</arg>
<arg>FJ</arg>
<arg>FK</arg>
<arg>FM</arg>
<arg>FO</arg>
<arg>FR</arg>
<arg>GA</arg>
<arg>GB</arg>
<arg>GD</arg>
<arg>GE</arg>
<arg>GF</arg>
<arg>GG</arg>
<arg>GH</arg>
<arg>GI</arg>
<arg>GL</arg>
<arg>GM</arg>
<arg>GN</arg>
<arg>GP</arg>
<arg>GQ</arg>
<arg>GR</arg>
<arg>GS</arg>
<arg>GT</arg>
<arg>GU</arg>
<arg>GW</arg>
<arg>GY</arg>
<arg>HK</arg>
<arg>HM</arg>
<arg>HN</arg>
<arg>HR</arg>
<arg>HT</arg>
<arg>HU</arg>
<arg>ID</arg>
<arg>IE</arg>
<arg>IL</arg>
<arg>IM</arg>
<arg>IN</arg>
<arg>IO</arg>
<arg>IQ</arg>
<arg>IR</arg>
<arg>IS</arg>
<arg>IT</arg>
<arg>JE</arg>
<arg>JM</arg>
<arg>JO</arg>
<arg>JP</arg>
<arg>KE</arg>
<arg>KG</arg>
<arg>KH</arg>
<arg>KI</arg>
<arg>KM</arg>
<arg>KN</arg>
<arg>KP</arg>
<arg>KR</arg>
<arg>KW</arg>
<arg>KY</arg>
<arg>KZ</arg>
<arg>LA</arg>
<arg>LB</arg>
<arg>LC</arg>
<arg>LI</arg>
<arg>LK</arg>
<arg>LR</arg>
<arg>LS</arg>
<arg>LT</arg>
<arg>LU</arg>
<arg>LV</arg>
<arg>LY</arg>
<arg>MA</arg>
<arg>MC</arg>
<arg>MD</arg>
<arg>ME</arg>
<arg>MF</arg>
<arg>MG</arg>
<arg>MH</arg>
<arg>MK</arg>
<arg>ML</arg>
<arg>MM</arg>
<arg>MN</arg>
<arg>MO</arg>
<arg>MP</arg>
<arg>MQ</arg>
<arg>MR</arg>
<arg>MS</arg>
<arg>MT</arg>
<arg>MU</arg>
<arg>MV</arg>
<arg>MW</arg>
<arg>MX</arg>
<arg>MY</arg>
<arg>MZ</arg>
<arg>NA</arg>
<arg>NC</arg>
<arg>NE</arg>
<arg>NF</arg>
<arg>NG</arg>
<arg>NI</arg>
<arg>NL</arg>
<arg>NO</arg>
<arg>NP</arg>
<arg>NR</arg>
<arg>NU</arg>
<arg>NZ</arg>
<arg>OM</arg>
<arg>PA</arg>
<arg>PE</arg>
<arg>PF</arg>
<arg>PG</arg>
<arg>PH</arg>
<arg>PK</arg>
<arg>PL</arg>
<arg>PM</arg>
<arg>PN</arg>
<arg>PR</arg>
<arg>PS</arg>
<arg>PT</arg>
<arg>PW</arg>
<arg>PY</arg>
<arg>QA</arg>
<arg>RE</arg>
<arg>RO</arg>
<arg>RS</arg>
<arg>RU</arg>
<arg>RW</arg>
<arg>SA</arg>
<arg>SB</arg>
<arg>SC</arg>
<arg>SD</arg>
<arg>SE</arg>
<arg>SG</arg>
<arg>SH</arg>
<arg>SI</arg>
<arg>SJ</arg>
<arg>SK</arg>
<arg>SL</arg>
<arg>SM</arg>
<arg>SN</arg>
<arg>SO</arg>
<arg>SR</arg>
<arg>SS</arg>
<arg>ST</arg>
<arg>SV</arg>
<arg>SX</arg>
<arg>SY</arg>
<arg>SZ</arg>
<arg>TC</arg>
<arg>TD</arg>
<arg>TF</arg>
<arg>TG</arg>
<arg>TH</arg>
<arg>TJ</arg>
<arg>TK</arg>
<arg>TL</arg>
<arg>TM</arg>
<arg>TN</arg>
<arg>TO</arg>
<arg>TR</arg>
<arg>TT</arg>
<arg>TV</arg>
<arg>TW</arg>
<arg>TZ</arg>
<arg>UA</arg>
<arg>UG</arg>
<arg>UM</arg>
<arg>US</arg>
<arg>UY</arg>
<arg>UZ</arg>
<arg>VA</arg>
<arg>VC</arg>
<arg>VE</arg>
<arg>VG</arg>
<arg>VI</arg>
<arg>VN</arg>
<arg>VU</arg>
<arg>WF</arg>
<arg>WS</arg>
<arg>XK</arg>
<arg>YE</arg>
<arg>YT</arg>
<arg>ZA</arg>
<arg>ZM</arg>
<arg>ZW</arg>
<doc>Returns a list containing given items.</doc>
<status status="PASS" start="2024-05-20T13:17:36.915422" elapsed="0.000612"/>
</kw>
<kw name="List Should Contain Value" owner="Collections">
<msg time="2024-05-20T13:17:36.917010" level="INFO">False</msg>
<arg>${list_country}</arg>
<arg>${name_country}</arg>
<doc>Fails if the ``value`` is not found from ``list``.</doc>
<status status="PASS" start="2024-05-20T13:17:36.916811" elapsed="0.000236"/>
</kw>
<kw name="Run Keyword If" owner="BuiltIn">
<kw name="Should Be True" owner="BuiltIn">
<arg>${True}</arg>
<doc>Fails if the given condition is not true.</doc>
<status status="PASS" start="2024-05-20T13:17:36.918126" elapsed="0.000142"/>
</kw>
<arg>${json_data["results"][0]["location"]["coordinates"]["latitude"]} &gt;= -90 and ${json_data["results"][0]["location"]["coordinates"]["latitude"]} &lt;= 90</arg>
<arg>Should Be True</arg>
<arg>${True}</arg>
<doc>Runs the given keyword with the given arguments, if ``condition`` is true.</doc>
<status status="PASS" start="2024-05-20T13:17:36.917387" elapsed="0.001006"/>
</kw>
<kw name="Run Keyword If" owner="BuiltIn">
<kw name="Should Be True" owner="BuiltIn">
<arg>${True}</arg>
<doc>Fails if the given condition is not true.</doc>
<status status="PASS" start="2024-05-20T13:17:36.919266" elapsed="0.000255"/>
</kw>
<arg>${json_data["results"][0]["location"]["coordinates"]["longitude"]} &gt;= -180 and ${json_data["results"][0]["location"]["coordinates"]["longitude"]} &lt;= 180</arg>
<arg>Should Be True</arg>
<arg>${True}</arg>
<doc>Runs the given keyword with the given arguments, if ``condition`` is true.</doc>
<status status="PASS" start="2024-05-20T13:17:36.918575" elapsed="0.001071"/>
</kw>
<status status="PASS" start="2024-05-20T13:17:36.087640" elapsed="0.832138"/>
</kw>
<doc>Testa o conteúdo específico dos campos retornados pela API.</doc>
<tag>testeConteudo</tag>
<status status="PASS" start="2024-05-20T13:17:36.087063" elapsed="0.832867"/>
</test>
<status status="PASS" start="2024-05-20T13:17:30.985060" elapsed="5.936861"/>
</suite>
<status status="PASS" start="2024-05-20T13:17:30.971180" elapsed="5.955945"/>
</suite>
<statistics>
<total>
<stat pass="5" fail="0" skip="0">All Tests</stat>
</total>
<tag>
<stat pass="1" fail="0" skip="0">testeConteudo</stat>
<stat pass="1" fail="0" skip="0">testeEstruturaResposta</stat>
<stat pass="1" fail="0" skip="0">testeRequisicaoBasica</stat>
<stat pass="1" fail="0" skip="0">testeTiposDados</stat>
</tag>
<suite>
<stat pass="5" fail="0" skip="0" id="s1" name="Tests">Tests</stat>
<stat pass="5" fail="0" skip="0" id="s1-s1" name="Random-User-Test">Tests.Random-User-Test</stat>
</suite>
</statistics>
<errors>
</errors>
</robot>
