<?xml version="1.0" encoding="UTF-8"?>
<robot generator="Robot 7.0.1 (Python 3.12.4 on linux)" generated="2024-07-27T02:31:49.163894" rpa="false" schemaversion="5">
<suite id="s1" name="Tests" source="/home/runner/work/ApiRandomUser/ApiRandomUser/RamdonUser/tests">
<suite id="s1-s1" name="Random-User-Test" source="/home/runner/work/ApiRandomUser/ApiRandomUser/RamdonUser/tests/random-user-test.robot">
<test id="s1-s1-t1" name="Conectar" line="13">
<kw name="Conectar API" owner="random-user-service">
<kw name="Create Session" owner="RequestsLibrary">
<msg time="2024-07-27T02:31:49.580544" level="INFO">Creating Session using : alias=consultarAPI, url=https://randomuser.me/, headers={},                     cookies={}, auth=None, timeout=None, proxies=None, verify=False,                     debug=0 </msg>
<arg>consultarAPI</arg>
<arg>${URL}</arg>
<doc>Create Session: create a HTTP session to a server</doc>
<status status="PASS" start="2024-07-27T02:31:49.580325" elapsed="0.000425"/>
</kw>
<status status="PASS" start="2024-07-27T02:31:49.579160" elapsed="0.001971"/>
</kw>
<status status="PASS" start="2024-07-27T02:31:49.578487" elapsed="0.002841"/>
</test>
<test id="s1-s1-t2" name="Validar retorno 200 e JSON Válido" line="16">
<kw name="Teste de Requisicao Basica" owner="random-user-service">
<kw name="GET On Session" owner="RequestsLibrary">
<msg time="2024-07-27T02:31:50.154086" level="INFO">GET Request : url=https://randomuser.me/api 
 path_url=/api 
 headers={'User-Agent': 'python-requests/2.32.3', 'Accept-Encoding': 'gzip, deflate', 'Accept': '*/*', 'Connection': 'keep-alive'} 
 body=None 
 </msg>
<msg time="2024-07-27T02:31:50.154242" level="INFO">GET Response : url=https://randomuser.me/api 
 status=200, reason=OK 
 headers={'Date': 'Sat, 27 Jul 2024 02:31:50 GMT', 'Content-Type': 'application/json; charset=utf-8', 'Transfer-Encoding': 'chunked', 'Connection': 'keep-alive', 'X-Powered-By': 'Express', 'Access-Control-Allow-Origin': '*', 'Cache-Control': 'no-cache', 'ETag': 'W/"487-RHSJI2xXwmoqQcGYxUnLS1FRr3U"', 'Vary': 'Accept-Encoding', 'Content-Encoding': 'gzip', 'CF-Cache-Status': 'DYNAMIC', 'Report-To': '{"endpoints":[{"url":"https:\\/\\/a.nel.cloudflare.com\\/report\\/v4?s=qc2azWiJgbkHVnnRT4vRQ4LviPCxtCo7ZXff96T%2FJ%2BV2l86aOqXufiaF53ZmYcJ0P5xIX4KEtgYqYbx3aOoU2COWvU0QaDR4VB3hy9A8uaN8PHjM7y4YNxk%2F5GidpSKZ"}],"group":"cf-nel","max_age":604800}', 'NEL': '{"success_fraction":0,"report_to":"cf-nel","max_age":604800}', 'Server': 'cloudflare', 'CF-RAY': '8a993727be2ecf93-SJC', 'alt-svc': 'h3=":443"; ma=86400'} 
 body={"results":[{"gender":"female","name":{"title":"Ms","first":"Sophia","last":"Miller"},"location":{"street":{"number":3937,"name":"Victoria Ave"},"city":"Shelbourne","state":"Alberta","country":"Canada","postcode":"D0P 9O2","coordinates":{"latitude":"-65.2103","longitude":"45.4048"},"timezone":{"offset":"+2:00","description":"Kaliningrad, South Africa"}},"email":"sophia.miller@example.com","login":{"uuid":"eae86eb0-ce44-41cc-8163-38b6c6943764","username":"browndog594","password":"gang","salt":"6qrgWXqe","md5":"0073dc035b31e437ea1b0064c98eafb5","sha1":"25c9bc366f94b5055f6668a0a34b63a714dd4ca0","sha256":"881eea8845d30270d54a7d3e90eef98beffdd69133a9dc4b743e01813f9ed2b3"},"dob":{"date":"1985-06-06T13:35:26.925Z","age":39},"registered":{"date":"2010-08-10T04:08:00.900Z","age":13},"phone":"L62 F44-2801","cell":"T18 Q64-6695","id":{"name":"SIN","value":"198482937"},"picture":{"large":"https://randomuser.me/api/portraits/women/74.jpg","medium":"https://randomuser.me/api/portraits/med/women/74.jpg","thumbnail":"https://randomuser.me/api/portraits/thumb/women/74.jpg"},"nat":"CA"}],"info":{"seed":"ceeec7f545537abb","results":1,"page":1,"version":"1.4"}} 
 </msg>
<msg time="2024-07-27T02:31:50.154325" level="INFO">/opt/hostedtoolcache/Python/3.12.4/x64/lib/python3.12/site-packages/urllib3/connectionpool.py:1099: InsecureRequestWarning: Unverified HTTPS request is being made to host 'randomuser.me'. Adding certificate verification is strongly advised. See: https://urllib3.readthedocs.io/en/latest/advanced-usage.html#tls-warnings
  warnings.warn(</msg>
<msg time="2024-07-27T02:31:50.154484" level="INFO">${response} = &lt;Response [200]&gt;</msg>
<var>${response}</var>
<arg>consultarAPI</arg>
<arg>/api</arg>
<doc>Sends a GET request on a previously created HTTP Session.</doc>
<status status="PASS" start="2024-07-27T02:31:49.583977" elapsed="0.570553"/>
</kw>
<kw name="Should Be Equal As Numbers" owner="BuiltIn">
<msg time="2024-07-27T02:31:50.155559" level="INFO">Argument types are:
&lt;class 'int'&gt;
&lt;class 'str'&gt;</msg>
<arg>${response.status_code}</arg>
<arg>200</arg>
<doc>Fails if objects are unequal after converting them to real numbers.</doc>
<status status="PASS" start="2024-07-27T02:31:50.155098" elapsed="0.000524"/>
</kw>
<kw name="Log" owner="BuiltIn">
<msg time="2024-07-27T02:31:50.156284" level="INFO">200</msg>
<arg>${response.status_code}</arg>
<doc>Logs the given message with the given level.</doc>
<status status="PASS" start="2024-07-27T02:31:50.155937" elapsed="0.000389"/>
</kw>
<kw name="Set Variable" owner="BuiltIn">
<msg time="2024-07-27T02:31:50.157053" level="INFO">${json_data} = {'results': [{'gender': 'female', 'name': {'title': 'Ms', 'first': 'Sophia', 'last': 'Miller'}, 'location': {'street': {'number': 3937, 'name': 'Victoria Ave'}, 'city': 'Shelbourne', 'state': 'Alberta...</msg>
<var>${json_data}</var>
<arg>${response.json()}</arg>
<doc>Returns the given values which can then be assigned to a variables.</doc>
<status status="PASS" start="2024-07-27T02:31:50.156629" elapsed="0.000454"/>
</kw>
<kw name="Dictionary Should Contain Key" owner="Collections">
<arg>${json_data}</arg>
<arg>results</arg>
<doc>Fails if ``key`` is not found from ``dictionary``.</doc>
<status status="PASS" start="2024-07-27T02:31:50.157389" elapsed="0.000320"/>
</kw>
<status status="PASS" start="2024-07-27T02:31:49.583728" elapsed="0.574135"/>
</kw>
<doc>Testa se a API responde corretamente e retorna um objeto JSON válido.</doc>
<tag>testeRequisicaoBasica</tag>
<status status="PASS" start="2024-07-27T02:31:49.583272" elapsed="0.574765"/>
</test>
<test id="s1-s1-t3" name="Validar estrutura de resposta" line="22">
<kw name="Teste de Estrutura de Resposta" owner="random-user-service">
<kw name="GET On Session" owner="RequestsLibrary">
<msg time="2024-07-27T02:31:50.472825" level="INFO">GET Request : url=https://randomuser.me/api 
 path_url=/api 
 headers={'User-Agent': 'python-requests/2.32.3', 'Accept-Encoding': 'gzip, deflate', 'Accept': '*/*', 'Connection': 'keep-alive'} 
 body=None 
 </msg>
<msg time="2024-07-27T02:31:50.472938" level="INFO">GET Response : url=https://randomuser.me/api 
 status=200, reason=OK 
 headers={'Date': 'Sat, 27 Jul 2024 02:31:50 GMT', 'Content-Type': 'application/json; charset=utf-8', 'Transfer-Encoding': 'chunked', 'Connection': 'keep-alive', 'X-Powered-By': 'Express', 'Access-Control-Allow-Origin': '*', 'Cache-Control': 'no-cache', 'ETag': 'W/"472-PSzcd4BDib8jSThcO5Wx7vsHX4s"', 'Vary': 'Accept-Encoding', 'Content-Encoding': 'gzip', 'CF-Cache-Status': 'DYNAMIC', 'Report-To': '{"endpoints":[{"url":"https:\\/\\/a.nel.cloudflare.com\\/report\\/v4?s=yQeW5mZM%2BVyRlPtpCp2PHeS9lzg9JvUeQuzj%2FeDdcwNuoVZ2UYsbAx%2BbtEI4rm6GvZozs4rcWLka1I6YJ%2B9vsj23It1qePjuj4XBX80X6pKsP6eCjIygsL31E0EnqJsq"}],"group":"cf-nel","max_age":604800}', 'NEL': '{"success_fraction":0,"report_to":"cf-nel","max_age":604800}', 'Server': 'cloudflare', 'CF-RAY': '8a99372a88a2cf93-SJC', 'alt-svc': 'h3=":443"; ma=86400'} 
 body={"results":[{"gender":"male","name":{"title":"Mr","first":"Elmer","last":"Neteland"},"location":{"street":{"number":4780,"name":"Kirsten Flagstads plass"},"city":"Liland","state":"Bergen","country":"Norway","postcode":"3082","coordinates":{"latitude":"39.2641","longitude":"-123.3902"},"timezone":{"offset":"+5:45","description":"Kathmandu"}},"email":"elmer.neteland@example.com","login":{"uuid":"49c77727-c0cd-4d2c-8c5e-dfe86ce4fe80","username":"goldentiger832","password":"sabine","salt":"WbVY2jVr","md5":"5fc3090c2cba1e1f94e492f309cec0f8","sha1":"42498c68c73a0fad99e2afde4c791956affcef07","sha256":"59b28ead9a34f0a9900ec9123fae3ce0dba7be3e4536e7defd058106ead5cf3d"},"dob":{"date":"2000-06-06T09:43:04.576Z","age":24},"registered":{"date":"2019-12-16T23:00:47.385Z","age":4},"phone":"57939950","cell":"97932117","id":{"name":"FN","value":"06060067544"},"picture":{"large":"https://randomuser.me/api/portraits/men/51.jpg","medium":"https://randomuser.me/api/portraits/med/men/51.jpg","thumbnail":"https://randomuser.me/api/portraits/thumb/men/51.jpg"},"nat":"NO"}],"info":{"seed":"3ecfb5a453bc33e5","results":1,"page":1,"version":"1.4"}} 
 </msg>
<msg time="2024-07-27T02:31:50.473084" level="INFO">/opt/hostedtoolcache/Python/3.12.4/x64/lib/python3.12/site-packages/urllib3/connectionpool.py:1099: InsecureRequestWarning: Unverified HTTPS request is being made to host 'randomuser.me'. Adding certificate verification is strongly advised. See: https://urllib3.readthedocs.io/en/latest/advanced-usage.html#tls-warnings
  warnings.warn(</msg>
<msg time="2024-07-27T02:31:50.473228" level="INFO">${response} = &lt;Response [200]&gt;</msg>
<var>${response}</var>
<arg>consultarAPI</arg>
<arg>/api</arg>
<doc>Sends a GET request on a previously created HTTP Session.</doc>
<status status="PASS" start="2024-07-27T02:31:50.160640" elapsed="0.312629"/>
</kw>
<kw name="Set Variable" owner="BuiltIn">
<msg time="2024-07-27T02:31:50.474320" level="INFO">${json_data} = {'results': [{'gender': 'male', 'name': {'title': 'Mr', 'first': 'Elmer', 'last': 'Neteland'}, 'location': {'street': {'number': 4780, 'name': 'Kirsten Flagstads plass'}, 'city': 'Liland', 'state': 'B...</msg>
<var>${json_data}</var>
<arg>${response.json()}</arg>
<doc>Returns the given values which can then be assigned to a variables.</doc>
<status status="PASS" start="2024-07-27T02:31:50.473811" elapsed="0.000537"/>
</kw>
<kw name="Log" owner="BuiltIn">
<msg time="2024-07-27T02:31:50.474882" level="INFO">{'results': [{'gender': 'male', 'name': {'title': 'Mr', 'first': 'Elmer', 'last': 'Neteland'}, 'location': {'street': {'number': 4780, 'name': 'Kirsten Flagstads plass'}, 'city': 'Liland', 'state': 'Bergen', 'country': 'Norway', 'postcode': '3082', 'coordinates': {'latitude': '39.2641', 'longitude': '-123.3902'}, 'timezone': {'offset': '+5:45', 'description': 'Kathmandu'}}, 'email': 'elmer.neteland@example.com', 'login': {'uuid': '49c77727-c0cd-4d2c-8c5e-dfe86ce4fe80', 'username': 'goldentiger832', 'password': 'sabine', 'salt': 'WbVY2jVr', 'md5': '5fc3090c2cba1e1f94e492f309cec0f8', 'sha1': '42498c68c73a0fad99e2afde4c791956affcef07', 'sha256': '59b28ead9a34f0a9900ec9123fae3ce0dba7be3e4536e7defd058106ead5cf3d'}, 'dob': {'date': '2000-06-06T09:43:04.576Z', 'age': 24}, 'registered': {'date': '2019-12-16T23:00:47.385Z', 'age': 4}, 'phone': '57939950', 'cell': '97932117', 'id': {'name': 'FN', 'value': '06060067544'}, 'picture': {'large': 'https://randomuser.me/api/portraits/men/51.jpg', 'medium': 'https://randomuser.me/api/portraits/med/men/51.jpg', 'thumbnail': 'https://randomuser.me/api/portraits/thumb/men/51.jpg'}, 'nat': 'NO'}], 'info': {'seed': '3ecfb5a453bc33e5', 'results': 1, 'page': 1, 'version': '1.4'}}</msg>
<arg>${json_data}</arg>
<doc>Logs the given message with the given level.</doc>
<status status="PASS" start="2024-07-27T02:31:50.474708" elapsed="0.000222"/>
</kw>
<kw name="Dictionary Should Contain Key" owner="Collections">
<arg>${json_data}</arg>
<arg>results</arg>
<doc>Fails if ``key`` is not found from ``dictionary``.</doc>
<status status="PASS" start="2024-07-27T02:31:50.475225" elapsed="0.000166"/>
</kw>
<kw name="Should Not Be Empty" owner="BuiltIn">
<msg time="2024-07-27T02:31:50.475702" level="INFO">Length is 2.</msg>
<arg>${json_data}</arg>
<doc>Verifies that the given item is not empty.</doc>
<status status="PASS" start="2024-07-27T02:31:50.475578" elapsed="0.000162"/>
</kw>
<kw name="Create List" owner="BuiltIn">
<msg time="2024-07-27T02:31:50.476183" level="INFO">${expected_keys} = ['gender', 'name', 'location', 'email', 'login']</msg>
<var>${expected_keys}</var>
<arg>gender</arg>
<arg>name</arg>
<arg>location</arg>
<arg>email</arg>
<arg>login</arg>
<doc>Returns a list containing given items.</doc>
<status status="PASS" start="2024-07-27T02:31:50.476029" elapsed="0.000178"/>
</kw>
<for flavor="IN">
<iter>
<kw name="Dictionary Should Contain Key" owner="Collections">
<arg>${json_data['results'][0]}</arg>
<arg>${key}</arg>
<doc>Fails if ``key`` is not found from ``dictionary``.</doc>
<status status="PASS" start="2024-07-27T02:31:50.476786" elapsed="0.000399"/>
</kw>
<kw name="Log" owner="BuiltIn">
<msg time="2024-07-27T02:31:50.477733" level="INFO">{'gender': 'male', 'name': {'title': 'Mr', 'first': 'Elmer', 'last': 'Neteland'}, 'location': {'street': {'number': 4780, 'name': 'Kirsten Flagstads plass'}, 'city': 'Liland', 'state': 'Bergen', 'country': 'Norway', 'postcode': '3082', 'coordinates': {'latitude': '39.2641', 'longitude': '-123.3902'}, 'timezone': {'offset': '+5:45', 'description': 'Kathmandu'}}, 'email': 'elmer.neteland@example.com', 'login': {'uuid': '49c77727-c0cd-4d2c-8c5e-dfe86ce4fe80', 'username': 'goldentiger832', 'password': 'sabine', 'salt': 'WbVY2jVr', 'md5': '5fc3090c2cba1e1f94e492f309cec0f8', 'sha1': '42498c68c73a0fad99e2afde4c791956affcef07', 'sha256': '59b28ead9a34f0a9900ec9123fae3ce0dba7be3e4536e7defd058106ead5cf3d'}, 'dob': {'date': '2000-06-06T09:43:04.576Z', 'age': 24}, 'registered': {'date': '2019-12-16T23:00:47.385Z', 'age': 4}, 'phone': '57939950', 'cell': '97932117', 'id': {'name': 'FN', 'value': '06060067544'}, 'picture': {'large': 'https://randomuser.me/api/portraits/men/51.jpg', 'medium': 'https://randomuser.me/api/portraits/med/men/51.jpg', 'thumbnail': 'https://randomuser.me/api/portraits/thumb/men/51.jpg'}, 'nat': 'NO'}</msg>
<arg>${json_data['results'][0]}</arg>
<doc>Logs the given message with the given level.</doc>
<status status="PASS" start="2024-07-27T02:31:50.477371" elapsed="0.000410"/>
</kw>
<kw name="Log" owner="BuiltIn">
<msg time="2024-07-27T02:31:50.478201" level="INFO">gender</msg>
<arg>${key}</arg>
<doc>Logs the given message with the given level.</doc>
<status status="PASS" start="2024-07-27T02:31:50.478073" elapsed="0.000165"/>
</kw>
<var name="${key}">gender</var>
<status status="PASS" start="2024-07-27T02:31:50.476662" elapsed="0.001791"/>
</iter>
<iter>
<kw name="Dictionary Should Contain Key" owner="Collections">
<arg>${json_data['results'][0]}</arg>
<arg>${key}</arg>
<doc>Fails if ``key`` is not found from ``dictionary``.</doc>
<status status="PASS" start="2024-07-27T02:31:50.478792" elapsed="0.000389"/>
</kw>
<kw name="Log" owner="BuiltIn">
<msg time="2024-07-27T02:31:50.479712" level="INFO">{'gender': 'male', 'name': {'title': 'Mr', 'first': 'Elmer', 'last': 'Neteland'}, 'location': {'street': {'number': 4780, 'name': 'Kirsten Flagstads plass'}, 'city': 'Liland', 'state': 'Bergen', 'country': 'Norway', 'postcode': '3082', 'coordinates': {'latitude': '39.2641', 'longitude': '-123.3902'}, 'timezone': {'offset': '+5:45', 'description': 'Kathmandu'}}, 'email': 'elmer.neteland@example.com', 'login': {'uuid': '49c77727-c0cd-4d2c-8c5e-dfe86ce4fe80', 'username': 'goldentiger832', 'password': 'sabine', 'salt': 'WbVY2jVr', 'md5': '5fc3090c2cba1e1f94e492f309cec0f8', 'sha1': '42498c68c73a0fad99e2afde4c791956affcef07', 'sha256': '59b28ead9a34f0a9900ec9123fae3ce0dba7be3e4536e7defd058106ead5cf3d'}, 'dob': {'date': '2000-06-06T09:43:04.576Z', 'age': 24}, 'registered': {'date': '2019-12-16T23:00:47.385Z', 'age': 4}, 'phone': '57939950', 'cell': '97932117', 'id': {'name': 'FN', 'value': '06060067544'}, 'picture': {'large': 'https://randomuser.me/api/portraits/men/51.jpg', 'medium': 'https://randomuser.me/api/portraits/med/men/51.jpg', 'thumbnail': 'https://randomuser.me/api/portraits/thumb/men/51.jpg'}, 'nat': 'NO'}</msg>
<arg>${json_data['results'][0]}</arg>
<doc>Logs the given message with the given level.</doc>
<status status="PASS" start="2024-07-27T02:31:50.479364" elapsed="0.000429"/>
</kw>
<kw name="Log" owner="BuiltIn">
<msg time="2024-07-27T02:31:50.480219" level="INFO">name</msg>
<arg>${key}</arg>
<doc>Logs the given message with the given level.</doc>
<status status="PASS" start="2024-07-27T02:31:50.480090" elapsed="0.000166"/>
</kw>
<var name="${key}">name</var>
<status status="PASS" start="2024-07-27T02:31:50.478640" elapsed="0.001829"/>
</iter>
<iter>
<kw name="Dictionary Should Contain Key" owner="Collections">
<arg>${json_data['results'][0]}</arg>
<arg>${key}</arg>
<doc>Fails if ``key`` is not found from ``dictionary``.</doc>
<status status="PASS" start="2024-07-27T02:31:50.480753" elapsed="0.000387"/>
</kw>
<kw name="Log" owner="BuiltIn">
<msg time="2024-07-27T02:31:50.481668" level="INFO">{'gender': 'male', 'name': {'title': 'Mr', 'first': 'Elmer', 'last': 'Neteland'}, 'location': {'street': {'number': 4780, 'name': 'Kirsten Flagstads plass'}, 'city': 'Liland', 'state': 'Bergen', 'country': 'Norway', 'postcode': '3082', 'coordinates': {'latitude': '39.2641', 'longitude': '-123.3902'}, 'timezone': {'offset': '+5:45', 'description': 'Kathmandu'}}, 'email': 'elmer.neteland@example.com', 'login': {'uuid': '49c77727-c0cd-4d2c-8c5e-dfe86ce4fe80', 'username': 'goldentiger832', 'password': 'sabine', 'salt': 'WbVY2jVr', 'md5': '5fc3090c2cba1e1f94e492f309cec0f8', 'sha1': '42498c68c73a0fad99e2afde4c791956affcef07', 'sha256': '59b28ead9a34f0a9900ec9123fae3ce0dba7be3e4536e7defd058106ead5cf3d'}, 'dob': {'date': '2000-06-06T09:43:04.576Z', 'age': 24}, 'registered': {'date': '2019-12-16T23:00:47.385Z', 'age': 4}, 'phone': '57939950', 'cell': '97932117', 'id': {'name': 'FN', 'value': '06060067544'}, 'picture': {'large': 'https://randomuser.me/api/portraits/men/51.jpg', 'medium': 'https://randomuser.me/api/portraits/med/men/51.jpg', 'thumbnail': 'https://randomuser.me/api/portraits/thumb/men/51.jpg'}, 'nat': 'NO'}</msg>
<arg>${json_data['results'][0]}</arg>
<doc>Logs the given message with the given level.</doc>
<status status="PASS" start="2024-07-27T02:31:50.481326" elapsed="0.000389"/>
</kw>
<kw name="Log" owner="BuiltIn">
<msg time="2024-07-27T02:31:50.482132" level="INFO">location</msg>
<arg>${key}</arg>
<doc>Logs the given message with the given level.</doc>
<status status="PASS" start="2024-07-27T02:31:50.482006" elapsed="0.000164"/>
</kw>
<var name="${key}">location</var>
<status status="PASS" start="2024-07-27T02:31:50.480646" elapsed="0.001741"/>
</iter>
<iter>
<kw name="Dictionary Should Contain Key" owner="Collections">
<arg>${json_data['results'][0]}</arg>
<arg>${key}</arg>
<doc>Fails if ``key`` is not found from ``dictionary``.</doc>
<status status="PASS" start="2024-07-27T02:31:50.482691" elapsed="0.000382"/>
</kw>
<kw name="Log" owner="BuiltIn">
<msg time="2024-07-27T02:31:50.483728" level="INFO">{'gender': 'male', 'name': {'title': 'Mr', 'first': 'Elmer', 'last': 'Neteland'}, 'location': {'street': {'number': 4780, 'name': 'Kirsten Flagstads plass'}, 'city': 'Liland', 'state': 'Bergen', 'country': 'Norway', 'postcode': '3082', 'coordinates': {'latitude': '39.2641', 'longitude': '-123.3902'}, 'timezone': {'offset': '+5:45', 'description': 'Kathmandu'}}, 'email': 'elmer.neteland@example.com', 'login': {'uuid': '49c77727-c0cd-4d2c-8c5e-dfe86ce4fe80', 'username': 'goldentiger832', 'password': 'sabine', 'salt': 'WbVY2jVr', 'md5': '5fc3090c2cba1e1f94e492f309cec0f8', 'sha1': '42498c68c73a0fad99e2afde4c791956affcef07', 'sha256': '59b28ead9a34f0a9900ec9123fae3ce0dba7be3e4536e7defd058106ead5cf3d'}, 'dob': {'date': '2000-06-06T09:43:04.576Z', 'age': 24}, 'registered': {'date': '2019-12-16T23:00:47.385Z', 'age': 4}, 'phone': '57939950', 'cell': '97932117', 'id': {'name': 'FN', 'value': '06060067544'}, 'picture': {'large': 'https://randomuser.me/api/portraits/men/51.jpg', 'medium': 'https://randomuser.me/api/portraits/med/men/51.jpg', 'thumbnail': 'https://randomuser.me/api/portraits/thumb/men/51.jpg'}, 'nat': 'NO'}</msg>
<arg>${json_data['results'][0]}</arg>
<doc>Logs the given message with the given level.</doc>
<status status="PASS" start="2024-07-27T02:31:50.483378" elapsed="0.000397"/>
</kw>
<kw name="Log" owner="BuiltIn">
<msg time="2024-07-27T02:31:50.484260" level="INFO">email</msg>
<arg>${key}</arg>
<doc>Logs the given message with the given level.</doc>
<status status="PASS" start="2024-07-27T02:31:50.484128" elapsed="0.000170"/>
</kw>
<var name="${key}">email</var>
<status status="PASS" start="2024-07-27T02:31:50.482556" elapsed="0.001959"/>
</iter>
<iter>
<kw name="Dictionary Should Contain Key" owner="Collections">
<arg>${json_data['results'][0]}</arg>
<arg>${key}</arg>
<doc>Fails if ``key`` is not found from ``dictionary``.</doc>
<status status="PASS" start="2024-07-27T02:31:50.484794" elapsed="0.000370"/>
</kw>
<kw name="Log" owner="BuiltIn">
<msg time="2024-07-27T02:31:50.485690" level="INFO">{'gender': 'male', 'name': {'title': 'Mr', 'first': 'Elmer', 'last': 'Neteland'}, 'location': {'street': {'number': 4780, 'name': 'Kirsten Flagstads plass'}, 'city': 'Liland', 'state': 'Bergen', 'country': 'Norway', 'postcode': '3082', 'coordinates': {'latitude': '39.2641', 'longitude': '-123.3902'}, 'timezone': {'offset': '+5:45', 'description': 'Kathmandu'}}, 'email': 'elmer.neteland@example.com', 'login': {'uuid': '49c77727-c0cd-4d2c-8c5e-dfe86ce4fe80', 'username': 'goldentiger832', 'password': 'sabine', 'salt': 'WbVY2jVr', 'md5': '5fc3090c2cba1e1f94e492f309cec0f8', 'sha1': '42498c68c73a0fad99e2afde4c791956affcef07', 'sha256': '59b28ead9a34f0a9900ec9123fae3ce0dba7be3e4536e7defd058106ead5cf3d'}, 'dob': {'date': '2000-06-06T09:43:04.576Z', 'age': 24}, 'registered': {'date': '2019-12-16T23:00:47.385Z', 'age': 4}, 'phone': '57939950', 'cell': '97932117', 'id': {'name': 'FN', 'value': '06060067544'}, 'picture': {'large': 'https://randomuser.me/api/portraits/men/51.jpg', 'medium': 'https://randomuser.me/api/portraits/med/men/51.jpg', 'thumbnail': 'https://randomuser.me/api/portraits/thumb/men/51.jpg'}, 'nat': 'NO'}</msg>
<arg>${json_data['results'][0]}</arg>
<doc>Logs the given message with the given level.</doc>
<status status="PASS" start="2024-07-27T02:31:50.485342" elapsed="0.000405"/>
</kw>
<kw name="Log" owner="BuiltIn">
<msg time="2024-07-27T02:31:50.486164" level="INFO">login</msg>
<arg>${key}</arg>
<doc>Logs the given message with the given level.</doc>
<status status="PASS" start="2024-07-27T02:31:50.486035" elapsed="0.000166"/>
</kw>
<var name="${key}">login</var>
<status status="PASS" start="2024-07-27T02:31:50.484688" elapsed="0.001726"/>
</iter>
<var>${key}</var>
<value>@{expected_keys}</value>
<status status="PASS" start="2024-07-27T02:31:50.476470" elapsed="0.010066"/>
</for>
<kw name="Create List" owner="BuiltIn">
<msg time="2024-07-27T02:31:50.486885" level="INFO">${expected_keysTwo} = ['username', 'password']</msg>
<var>${expected_keysTwo}</var>
<arg>username</arg>
<arg>password</arg>
<doc>Returns a list containing given items.</doc>
<status status="PASS" start="2024-07-27T02:31:50.486748" elapsed="0.000161"/>
</kw>
<for flavor="IN">
<iter>
<kw name="Dictionary Should Contain Key" owner="Collections">
<arg>${json_data['results'][0]['login']}</arg>
<arg>${keyTwo}</arg>
<doc>Fails if ``key`` is not found from ``dictionary``.</doc>
<status status="PASS" start="2024-07-27T02:31:50.487434" elapsed="0.000390"/>
</kw>
<kw name="Dictionary Should Contain Key" owner="Collections">
<arg>${json_data['results'][0]['login']}</arg>
<arg>${keyTwo}</arg>
<doc>Fails if ``key`` is not found from ``dictionary``.</doc>
<status status="PASS" start="2024-07-27T02:31:50.488007" elapsed="0.000367"/>
</kw>
<kw name="Log" owner="BuiltIn">
<msg time="2024-07-27T02:31:50.488666" level="INFO">username</msg>
<arg>${keyTwo}</arg>
<doc>Logs the given message with the given level.</doc>
<status status="PASS" start="2024-07-27T02:31:50.488548" elapsed="0.000156"/>
</kw>
<var name="${keyTwo}">username</var>
<status status="PASS" start="2024-07-27T02:31:50.487327" elapsed="0.001595"/>
</iter>
<iter>
<kw name="Dictionary Should Contain Key" owner="Collections">
<arg>${json_data['results'][0]['login']}</arg>
<arg>${keyTwo}</arg>
<doc>Fails if ``key`` is not found from ``dictionary``.</doc>
<status status="PASS" start="2024-07-27T02:31:50.489208" elapsed="0.000379"/>
</kw>
<kw name="Dictionary Should Contain Key" owner="Collections">
<arg>${json_data['results'][0]['login']}</arg>
<arg>${keyTwo}</arg>
<doc>Fails if ``key`` is not found from ``dictionary``.</doc>
<status status="PASS" start="2024-07-27T02:31:50.489765" elapsed="0.000368"/>
</kw>
<kw name="Log" owner="BuiltIn">
<msg time="2024-07-27T02:31:50.490428" level="INFO">password</msg>
<arg>${keyTwo}</arg>
<doc>Logs the given message with the given level.</doc>
<status status="PASS" start="2024-07-27T02:31:50.490305" elapsed="0.000160"/>
</kw>
<var name="${keyTwo}">password</var>
<status status="PASS" start="2024-07-27T02:31:50.489097" elapsed="0.001617"/>
</iter>
<var>${keyTwo}</var>
<value>@{expected_keysTwo}</value>
<status status="PASS" start="2024-07-27T02:31:50.487172" elapsed="0.003669"/>
</for>
<status status="PASS" start="2024-07-27T02:31:50.160408" elapsed="0.330576"/>
</kw>
<doc>Testa a estrutura da resposta da API.</doc>
<tag>testeEstruturaResposta</tag>
<status status="PASS" start="2024-07-27T02:31:50.159904" elapsed="0.331237"/>
</test>
<test id="s1-s1-t4" name="Validar tipos de dados" line="28">
<kw name="Teste de Tipos de Dados" owner="random-user-service">
<kw name="GET On Session" owner="RequestsLibrary">
<msg time="2024-07-27T02:31:50.626539" level="INFO">GET Request : url=https://randomuser.me/api 
 path_url=/api 
 headers={'User-Agent': 'python-requests/2.32.3', 'Accept-Encoding': 'gzip, deflate', 'Accept': '*/*', 'Connection': 'keep-alive'} 
 body=None 
 </msg>
<msg time="2024-07-27T02:31:50.626636" level="INFO">GET Response : url=https://randomuser.me/api 
 status=200, reason=OK 
 headers={'Date': 'Sat, 27 Jul 2024 02:31:50 GMT', 'Content-Type': 'application/json; charset=utf-8', 'Transfer-Encoding': 'chunked', 'Connection': 'keep-alive', 'X-Powered-By': 'Express', 'Access-Control-Allow-Origin': '*', 'Cache-Control': 'no-cache', 'ETag': 'W/"4a3-0eoRhe8A6Dku8ombk5TuV5oUnKQ"', 'Vary': 'Accept-Encoding', 'Content-Encoding': 'gzip', 'CF-Cache-Status': 'DYNAMIC', 'Report-To': '{"endpoints":[{"url":"https:\\/\\/a.nel.cloudflare.com\\/report\\/v4?s=OgNvfMTqHylWiC%2Fq19n2CmC7iSqpmeUkWOSUZesya72%2FnN1QFiNLYYLIqas7JmWJ8eChJKxQOZPsQfTAt3bt%2B0dazAymmK8qcW6c4cBx5vqOoXCwcWWpfmDslHiFVBuO"}],"group":"cf-nel","max_age":604800}', 'NEL': '{"success_fraction":0,"report_to":"cf-nel","max_age":604800}', 'Server': 'cloudflare', 'CF-RAY': '8a99372c9a20cf93-SJC', 'alt-svc': 'h3=":443"; ma=86400'} 
 body={"results":[{"gender":"female","name":{"title":"Mrs","first":"Noelia","last":"Pascual"},"location":{"street":{"number":7748,"name":"Avenida de América"},"city":"La Palma","state":"Comunidad Valenciana","country":"Spain","postcode":65016,"coordinates":{"latitude":"-37.1114","longitude":"30.3627"},"timezone":{"offset":"+10:00","description":"Eastern Australia, Guam, Vladivostok"}},"email":"noelia.pascual@example.com","login":{"uuid":"bb8fc068-91a4-43ca-9a7a-d631e0a6f6e0","username":"redsnake441","password":"howdy","salt":"ePrlWOuO","md5":"c5d8c6006f3e83a763c888580bf4bcd4","sha1":"691742cfafd0e76d0b90892e0c925de4a1d9e209","sha256":"3ea0e781856494ebe4d774af939c758aa89863205ff91167b91dde0c6a227659"},"dob":{"date":"1956-08-23T11:02:42.295Z","age":67},"registered":{"date":"2003-07-08T12:23:00.512Z","age":21},"phone":"906-494-907","cell":"670-948-347","id":{"name":"DNI","value":"76023872-X"},"picture":{"large":"https://randomuser.me/api/portraits/women/89.jpg","medium":"https://randomuser.me/api/portraits/med/women/89.jpg","thumbnail":"https://randomuser.me/api/portraits/thumb/women/89.jpg"},"nat":"ES"}],"info":{"seed":"ec0363d257829e92","results":1,"page":1,"version":"1.4"}} 
 </msg>
<msg time="2024-07-27T02:31:50.626746" level="INFO">/opt/hostedtoolcache/Python/3.12.4/x64/lib/python3.12/site-packages/urllib3/connectionpool.py:1099: InsecureRequestWarning: Unverified HTTPS request is being made to host 'randomuser.me'. Adding certificate verification is strongly advised. See: https://urllib3.readthedocs.io/en/latest/advanced-usage.html#tls-warnings
  warnings.warn(</msg>
<msg time="2024-07-27T02:31:50.626880" level="INFO">${response} = &lt;Response [200]&gt;</msg>
<var>${response}</var>
<arg>consultarAPI</arg>
<arg>/api</arg>
<doc>Sends a GET request on a previously created HTTP Session.</doc>
<status status="PASS" start="2024-07-27T02:31:50.493535" elapsed="0.133390"/>
</kw>
<kw name="Set Variable" owner="BuiltIn">
<msg time="2024-07-27T02:31:50.628005" level="INFO">${json_data} = {'results': [{'gender': 'female', 'name': {'title': 'Mrs', 'first': 'Noelia', 'last': 'Pascual'}, 'location': {'street': {'number': 7748, 'name': 'Avenida de América'}, 'city': 'La Palma', 'state': 'C...</msg>
<var>${json_data}</var>
<arg>${response.json()}</arg>
<doc>Returns the given values which can then be assigned to a variables.</doc>
<status status="PASS" start="2024-07-27T02:31:50.627479" elapsed="0.000555"/>
</kw>
<kw name="Log" owner="BuiltIn">
<msg time="2024-07-27T02:31:50.628497" level="INFO">{'results': [{'gender': 'female', 'name': {'title': 'Mrs', 'first': 'Noelia', 'last': 'Pascual'}, 'location': {'street': {'number': 7748, 'name': 'Avenida de América'}, 'city': 'La Palma', 'state': 'Comunidad Valenciana', 'country': 'Spain', 'postcode': 65016, 'coordinates': {'latitude': '-37.1114', 'longitude': '30.3627'}, 'timezone': {'offset': '+10:00', 'description': 'Eastern Australia, Guam, Vladivostok'}}, 'email': 'noelia.pascual@example.com', 'login': {'uuid': 'bb8fc068-91a4-43ca-9a7a-d631e0a6f6e0', 'username': 'redsnake441', 'password': 'howdy', 'salt': 'ePrlWOuO', 'md5': 'c5d8c6006f3e83a763c888580bf4bcd4', 'sha1': '691742cfafd0e76d0b90892e0c925de4a1d9e209', 'sha256': '3ea0e781856494ebe4d774af939c758aa89863205ff91167b91dde0c6a227659'}, 'dob': {'date': '1956-08-23T11:02:42.295Z', 'age': 67}, 'registered': {'date': '2003-07-08T12:23:00.512Z', 'age': 21}, 'phone': '906-494-907', 'cell': '670-948-347', 'id': {'name': 'DNI', 'value': '76023872-X'}, 'picture': {'large': 'https://randomuser.me/api/portraits/women/89.jpg', 'medium': 'https://randomuser.me/api/portraits/med/women/89.jpg', 'thumbnail': 'https://randomuser.me/api/portraits/thumb/women/89.jpg'}, 'nat': 'ES'}], 'info': {'seed': 'ec0363d257829e92', 'results': 1, 'page': 1, 'version': '1.4'}}</msg>
<arg>${json_data}</arg>
<doc>Logs the given message with the given level.</doc>
<status status="PASS" start="2024-07-27T02:31:50.628338" elapsed="0.000209"/>
</kw>
<kw name="Should Be String" owner="String">
<arg>${json_data['results'][0]['gender']}</arg>
<doc>Fails if the given ``item`` is not a string.</doc>
<status status="PASS" start="2024-07-27T02:31:50.628842" elapsed="0.000365"/>
</kw>
<kw name="Should Match Regexp" owner="BuiltIn">
<arg>${json_data['results'][0]['email']}</arg>
<arg>^[a-zA-Z0-9._%+-]+@[a-zA-Z0-9.-]+\.[a-zA-Z]{2,}$</arg>
<doc>Fails if ``string`` does not match ``pattern`` as a regular expression.</doc>
<status status="PASS" start="2024-07-27T02:31:50.629393" elapsed="0.000505"/>
</kw>
<kw name="Should Match Regexp" owner="BuiltIn">
<arg>${json_data['results'][0]['dob']['date']}</arg>
<arg>\\d{4}-\\d{2}-\\d{2}T\\d{2}:\\d{2}:\\d{2}\\.\\d{3}Z</arg>
<doc>Fails if ``string`` does not match ``pattern`` as a regular expression.</doc>
<status status="PASS" start="2024-07-27T02:31:50.630127" elapsed="0.000688"/>
</kw>
<kw name="Should Match Regexp" owner="BuiltIn">
<arg>${json_data['results'][0]['registered']['date']}</arg>
<arg>\\d{4}-\\d{2}-\\d{2}T\\d{2}:\\d{2}:\\d{2}\\.\\d{3}Z</arg>
<doc>Fails if ``string`` does not match ``pattern`` as a regular expression.</doc>
<status status="PASS" start="2024-07-27T02:31:50.631011" elapsed="0.000372"/>
</kw>
<kw name="Should Match Regexp" owner="BuiltIn">
<arg>${json_data['results'][0]['picture']['large']}</arg>
<arg>^https?://.*\.(?:png|jpe?g|gif|bmp)$</arg>
<doc>Fails if ``string`` does not match ``pattern`` as a regular expression.</doc>
<status status="PASS" start="2024-07-27T02:31:50.631571" elapsed="0.000465"/>
</kw>
<kw name="Should Match Regexp" owner="BuiltIn">
<arg>${json_data['results'][0]['picture']['medium']}</arg>
<arg>^https?://.*\.(?:png|jpe?g|gif|bmp)$</arg>
<doc>Fails if ``string`` does not match ``pattern`` as a regular expression.</doc>
<status status="PASS" start="2024-07-27T02:31:50.632220" elapsed="0.000350"/>
</kw>
<kw name="Should Match Regexp" owner="BuiltIn">
<arg>${json_data['results'][0]['picture']['thumbnail']}</arg>
<arg>^https?://.*\.(?:png|jpe?g|gif|bmp)$</arg>
<doc>Fails if ``string`` does not match ``pattern`` as a regular expression.</doc>
<status status="PASS" start="2024-07-27T02:31:50.632752" elapsed="0.000348"/>
</kw>
<kw name="Log" owner="BuiltIn">
<msg time="2024-07-27T02:31:50.633603" level="INFO">{'large': 'https://randomuser.me/api/portraits/women/89.jpg', 'medium': 'https://randomuser.me/api/portraits/med/women/89.jpg', 'thumbnail': 'https://randomuser.me/api/portraits/thumb/women/89.jpg'}</msg>
<arg>${json_data['results'][0]['picture']}</arg>
<doc>Logs the given message with the given level.</doc>
<status status="PASS" start="2024-07-27T02:31:50.633280" elapsed="0.000365"/>
</kw>
<status status="PASS" start="2024-07-27T02:31:50.493312" elapsed="0.140592"/>
</kw>
<kw name="Teste de Tipos de Dados - Postcode" owner="random-user-service">
<kw name="GET On Session" owner="RequestsLibrary">
<msg time="2024-07-27T02:31:50.724152" level="INFO">GET Request : url=https://randomuser.me/api 
 path_url=/api 
 headers={'User-Agent': 'python-requests/2.32.3', 'Accept-Encoding': 'gzip, deflate', 'Accept': '*/*', 'Connection': 'keep-alive'} 
 body=None 
 </msg>
<msg time="2024-07-27T02:31:50.724262" level="INFO">GET Response : url=https://randomuser.me/api 
 status=200, reason=OK 
 headers={'Date': 'Sat, 27 Jul 2024 02:31:50 GMT', 'Content-Type': 'application/json; charset=utf-8', 'Transfer-Encoding': 'chunked', 'Connection': 'keep-alive', 'X-Powered-By': 'Express', 'Access-Control-Allow-Origin': '*', 'Cache-Control': 'no-cache', 'ETag': 'W/"466-MKvRuiv7CHJcRtmLQ/4jLnmppI4"', 'Vary': 'Accept-Encoding', 'Content-Encoding': 'gzip', 'CF-Cache-Status': 'DYNAMIC', 'Report-To': '{"endpoints":[{"url":"https:\\/\\/a.nel.cloudflare.com\\/report\\/v4?s=o6nPJFq6qZgRJr1nSNBwquxbmPSSCpQcN7uxNlT55uCSha3GRy46jL47nlm2HSWnJa85dLLl0Z7%2BMMjcSlh1FCBFNXUpn7FLFIdoWlxI1UAV3if4fncyV%2But2QAAnMfI"}],"group":"cf-nel","max_age":604800}', 'NEL': '{"success_fraction":0,"report_to":"cf-nel","max_age":604800}', 'Server': 'cloudflare', 'CF-RAY': '8a99372d7ac2cf93-SJC', 'alt-svc': 'h3=":443"; ma=86400'} 
 body={"results":[{"gender":"male","name":{"title":"Mr","first":"Kasper","last":"Jørgensen"},"location":{"street":{"number":3614,"name":"Toften"},"city":"Sundby","state":"Syddanmark","country":"Denmark","postcode":85931,"coordinates":{"latitude":"-40.2041","longitude":"-34.1987"},"timezone":{"offset":"+3:30","description":"Tehran"}},"email":"kasper.jorgensen@example.com","login":{"uuid":"7595ddfd-98a0-473d-b13d-3bc91a079365","username":"blueswan284","password":"bartman","salt":"KGQcDnZ9","md5":"d0dd99cfe00f6d8458141f83251a7047","sha1":"54accb3c92d33a9237d4ae63a69270c0d9195726","sha256":"834a73f339b4e89af4381250853bc7ea0bf8c5679e4db3f5fa525ac954e69a0f"},"dob":{"date":"1986-09-19T22:55:50.760Z","age":37},"registered":{"date":"2018-06-07T00:40:00.050Z","age":6},"phone":"06046243","cell":"00150753","id":{"name":"CPR","value":"190986-6162"},"picture":{"large":"https://randomuser.me/api/portraits/men/57.jpg","medium":"https://randomuser.me/api/portraits/med/men/57.jpg","thumbnail":"https://randomuser.me/api/portraits/thumb/men/57.jpg"},"nat":"DK"}],"info":{"seed":"3cc93000f442c997","results":1,"page":1,"version":"1.4"}} 
 </msg>
<msg time="2024-07-27T02:31:50.724341" level="INFO">/opt/hostedtoolcache/Python/3.12.4/x64/lib/python3.12/site-packages/urllib3/connectionpool.py:1099: InsecureRequestWarning: Unverified HTTPS request is being made to host 'randomuser.me'. Adding certificate verification is strongly advised. See: https://urllib3.readthedocs.io/en/latest/advanced-usage.html#tls-warnings
  warnings.warn(</msg>
<msg time="2024-07-27T02:31:50.724471" level="INFO">${response} = &lt;Response [200]&gt;</msg>
<var>${response}</var>
<arg>consultarAPI</arg>
<arg>/api</arg>
<doc>Sends a GET request on a previously created HTTP Session.</doc>
<status status="PASS" start="2024-07-27T02:31:50.634363" elapsed="0.090141"/>
</kw>
<kw name="Set Variable" owner="BuiltIn">
<msg time="2024-07-27T02:31:50.725545" level="INFO">${json_data} = {'results': [{'gender': 'male', 'name': {'title': 'Mr', 'first': 'Kasper', 'last': 'Jørgensen'}, 'location': {'street': {'number': 3614, 'name': 'Toften'}, 'city': 'Sundby', 'state': 'Syddanmark', 'co...</msg>
<var>${json_data}</var>
<arg>${response.json()}</arg>
<doc>Returns the given values which can then be assigned to a variables.</doc>
<status status="PASS" start="2024-07-27T02:31:50.725038" elapsed="0.000536"/>
</kw>
<kw name="Log" owner="BuiltIn">
<msg time="2024-07-27T02:31:50.726050" level="INFO">{'results': [{'gender': 'male', 'name': {'title': 'Mr', 'first': 'Kasper', 'last': 'Jørgensen'}, 'location': {'street': {'number': 3614, 'name': 'Toften'}, 'city': 'Sundby', 'state': 'Syddanmark', 'country': 'Denmark', 'postcode': 85931, 'coordinates': {'latitude': '-40.2041', 'longitude': '-34.1987'}, 'timezone': {'offset': '+3:30', 'description': 'Tehran'}}, 'email': 'kasper.jorgensen@example.com', 'login': {'uuid': '7595ddfd-98a0-473d-b13d-3bc91a079365', 'username': 'blueswan284', 'password': 'bartman', 'salt': 'KGQcDnZ9', 'md5': 'd0dd99cfe00f6d8458141f83251a7047', 'sha1': '54accb3c92d33a9237d4ae63a69270c0d9195726', 'sha256': '834a73f339b4e89af4381250853bc7ea0bf8c5679e4db3f5fa525ac954e69a0f'}, 'dob': {'date': '1986-09-19T22:55:50.760Z', 'age': 37}, 'registered': {'date': '2018-06-07T00:40:00.050Z', 'age': 6}, 'phone': '06046243', 'cell': '00150753', 'id': {'name': 'CPR', 'value': '190986-6162'}, 'picture': {'large': 'https://randomuser.me/api/portraits/men/57.jpg', 'medium': 'https://randomuser.me/api/portraits/med/men/57.jpg', 'thumbnail': 'https://randomuser.me/api/portraits/thumb/men/57.jpg'}, 'nat': 'DK'}], 'info': {'seed': '3cc93000f442c997', 'results': 1, 'page': 1, 'version': '1.4'}}</msg>
<arg>${json_data}</arg>
<doc>Logs the given message with the given level.</doc>
<status status="PASS" start="2024-07-27T02:31:50.725885" elapsed="0.000213"/>
</kw>
<kw name="Should Be Equal As Numbers" owner="BuiltIn">
<arg>${json_data['results'][0]['location']['postcode']}</arg>
<arg>${json_data['results'][0]['location']['postcode']}</arg>
<doc>Fails if objects are unequal after converting them to real numbers.</doc>
<status status="PASS" start="2024-07-27T02:31:50.726392" elapsed="0.000671"/>
</kw>
<kw name="Log" owner="BuiltIn">
<msg time="2024-07-27T02:31:50.727590" level="INFO">85931</msg>
<arg>${json_data['results'][0]['location']['postcode']}</arg>
<doc>Logs the given message with the given level.</doc>
<status status="PASS" start="2024-07-27T02:31:50.727259" elapsed="0.000372"/>
</kw>
<status status="PASS" start="2024-07-27T02:31:50.634129" elapsed="0.093758"/>
</kw>
<doc>Testa se os tipos de dados na resposta da API estão corretos.</doc>
<tag>testeTiposDados</tag>
<status status="PASS" start="2024-07-27T02:31:50.492866" elapsed="0.235228"/>
</test>
<test id="s1-s1-t5" name="Validar conteudo" line="35">
<kw name="Teste de Tipos de Conteudo" owner="random-user-service">
<kw name="GET On Session" owner="RequestsLibrary">
<msg time="2024-07-27T02:31:50.830866" level="INFO">GET Request : url=https://randomuser.me/api 
 path_url=/api 
 headers={'User-Agent': 'python-requests/2.32.3', 'Accept-Encoding': 'gzip, deflate', 'Accept': '*/*', 'Connection': 'keep-alive'} 
 body=None 
 </msg>
<msg time="2024-07-27T02:31:50.830963" level="INFO">GET Response : url=https://randomuser.me/api 
 status=200, reason=OK 
 headers={'Date': 'Sat, 27 Jul 2024 02:31:50 GMT', 'Content-Type': 'application/json; charset=utf-8', 'Transfer-Encoding': 'chunked', 'Connection': 'keep-alive', 'X-Powered-By': 'Express', 'Access-Control-Allow-Origin': '*', 'Cache-Control': 'no-cache', 'ETag': 'W/"49b-V5dnKnWC2K3Es5oNMCrhw1k/JHU"', 'Vary': 'Accept-Encoding', 'Content-Encoding': 'gzip', 'CF-Cache-Status': 'DYNAMIC', 'Report-To': '{"endpoints":[{"url":"https:\\/\\/a.nel.cloudflare.com\\/report\\/v4?s=AQqAWS3eMmx%2BmQfvDleOcXOWSs2I6rctTz0JastsjEjExNYdmA%2B2oVMTS1bIF%2FZcO1hqzSQ%2FapfTVROTgWEIZNZAhOyKfpXomgUZOCwpbYKJCNublrVI5GURb8nAdkUw"}],"group":"cf-nel","max_age":604800}', 'NEL': '{"success_fraction":0,"report_to":"cf-nel","max_age":604800}', 'Server': 'cloudflare', 'CF-RAY': '8a99372e1b4fcf93-SJC', 'alt-svc': 'h3=":443"; ma=86400'} 
 body={"results":[{"gender":"male","name":{"title":"Mr","first":"Alberto","last":"Rodriguez"},"location":{"street":{"number":6031,"name":"Chester Road"},"city":"Bradford","state":"Fife","country":"United Kingdom","postcode":"XT26 9JW","coordinates":{"latitude":"-5.6239","longitude":"-97.2629"},"timezone":{"offset":"-8:00","description":"Pacific Time (US &amp; Canada)"}},"email":"alberto.rodriguez@example.com","login":{"uuid":"0c291157-0db1-4fc2-b6cc-378abff0a46a","username":"silverpeacock323","password":"gymnastic","salt":"aZRd9XkS","md5":"ca9702308289dc1e71039cdf6cb77632","sha1":"e520bf1f57849fd877d428ae077b4a3323be960c","sha256":"ee068db78ccb2aec17e97078690956d2c9a73beb624821833a214b4e4c81203a"},"dob":{"date":"1972-05-29T16:03:40.441Z","age":52},"registered":{"date":"2012-10-04T08:55:24.694Z","age":11},"phone":"016973 56920","cell":"07478 856701","id":{"name":"NINO","value":"HJ 42 38 56 P"},"picture":{"large":"https://randomuser.me/api/portraits/men/64.jpg","medium":"https://randomuser.me/api/portraits/med/men/64.jpg","thumbnail":"https://randomuser.me/api/portraits/thumb/men/64.jpg"},"nat":"GB"}],"info":{"seed":"2c92c777b3cead5d","results":1,"page":1,"version":"1.4"}} 
 </msg>
<msg time="2024-07-27T02:31:50.831034" level="INFO">/opt/hostedtoolcache/Python/3.12.4/x64/lib/python3.12/site-packages/urllib3/connectionpool.py:1099: InsecureRequestWarning: Unverified HTTPS request is being made to host 'randomuser.me'. Adding certificate verification is strongly advised. See: https://urllib3.readthedocs.io/en/latest/advanced-usage.html#tls-warnings
  warnings.warn(</msg>
<msg time="2024-07-27T02:31:50.831157" level="INFO">${response} = &lt;Response [200]&gt;</msg>
<var>${response}</var>
<arg>consultarAPI</arg>
<arg>/api</arg>
<doc>Sends a GET request on a previously created HTTP Session.</doc>
<status status="PASS" start="2024-07-27T02:31:50.730513" elapsed="0.100684"/>
</kw>
<kw name="Set Variable" owner="BuiltIn">
<msg time="2024-07-27T02:31:50.832396" level="INFO">${json_data} = {'results': [{'gender': 'male', 'name': {'title': 'Mr', 'first': 'Alberto', 'last': 'Rodriguez'}, 'location': {'street': {'number': 6031, 'name': 'Chester Road'}, 'city': 'Bradford', 'state': 'Fife', ...</msg>
<var>${json_data}</var>
<arg>${response.json()}</arg>
<doc>Returns the given values which can then be assigned to a variables.</doc>
<status status="PASS" start="2024-07-27T02:31:50.831820" elapsed="0.000605"/>
</kw>
<kw name="Set Variable" owner="BuiltIn">
<msg time="2024-07-27T02:31:50.833114" level="INFO">${name_title} = Mr</msg>
<var>${name_title}</var>
<arg>${json_data["results"][0]["name"]["title"]}</arg>
<doc>Returns the given values which can then be assigned to a variables.</doc>
<status status="PASS" start="2024-07-27T02:31:50.832732" elapsed="0.000408"/>
</kw>
<kw name="Create List" owner="BuiltIn">
<msg time="2024-07-27T02:31:50.833584" level="INFO">${allowed_titles} = ['Mr', 'Ms', 'Miss', 'Mrs', 'Madame', 'Monsieur']</msg>
<var>${allowed_titles}</var>
<arg>Mr</arg>
<arg>Ms</arg>
<arg>Miss</arg>
<arg>Mrs</arg>
<arg>Madame</arg>
<arg>Monsieur</arg>
<doc>Returns a list containing given items.</doc>
<status status="PASS" start="2024-07-27T02:31:50.833435" elapsed="0.000173"/>
</kw>
<kw name="List Should Contain Value" owner="Collections">
<arg>${allowed_titles}</arg>
<arg>${name_title}</arg>
<doc>Fails if the ``value`` is not found from ``list``.</doc>
<status status="PASS" start="2024-07-27T02:31:50.833902" elapsed="0.000183"/>
</kw>
<kw name="Set Variable" owner="BuiltIn">
<msg time="2024-07-27T02:31:50.834640" level="INFO">${name_country} = GB</msg>
<var>${name_country}</var>
<arg>${json_data["results"][0]["nat"]}</arg>
<doc>Returns the given values which can then be assigned to a variables.</doc>
<status status="PASS" start="2024-07-27T02:31:50.834268" elapsed="0.000434"/>
</kw>
<kw name="Create List" owner="BuiltIn">
<msg time="2024-07-27T02:31:50.835599" level="INFO">${list_country} = ['AD', 'AE', 'AF', 'AG', 'AI', 'AL', 'AM', 'AO', 'AQ', 'AR', 'AS', 'AT', 'AU', 'AW', 'AX', 'AZ', 'BA', 'BB', 'BD', 'BE', 'BF', 'BG', 'BH', 'BI', 'BJ', 'BL', 'BM', 'BN', 'BO', 'BQ', 'BR', 'BS', 'BT', '...</msg>
<var>${list_country}</var>
<arg>AD</arg>
<arg>AE</arg>
<arg>AF</arg>
<arg>AG</arg>
<arg>AI</arg>
<arg>AL</arg>
<arg>AM</arg>
<arg>AO</arg>
<arg>AQ</arg>
<arg>AR</arg>
<arg>AS</arg>
<arg>AT</arg>
<arg>AU</arg>
<arg>AW</arg>
<arg>AX</arg>
<arg>AZ</arg>
<arg>BA</arg>
<arg>BB</arg>
<arg>BD</arg>
<arg>BE</arg>
<arg>BF</arg>
<arg>BG</arg>
<arg>BH</arg>
<arg>BI</arg>
<arg>BJ</arg>
<arg>BL</arg>
<arg>BM</arg>
<arg>BN</arg>
<arg>BO</arg>
<arg>BQ</arg>
<arg>BR</arg>
<arg>BS</arg>
<arg>BT</arg>
<arg>BV</arg>
<arg>BW</arg>
<arg>BY</arg>
<arg>BZ</arg>
<arg>CA</arg>
<arg>CC</arg>
<arg>CD</arg>
<arg>CF</arg>
<arg>CG</arg>
<arg>CH</arg>
<arg>CI</arg>
<arg>CK</arg>
<arg>CL</arg>
<arg>CM</arg>
<arg>CN</arg>
<arg>CO</arg>
<arg>CR</arg>
<arg>CU</arg>
<arg>CV</arg>
<arg>CW</arg>
<arg>CX</arg>
<arg>CY</arg>
<arg>CZ</arg>
<arg>DE</arg>
<arg>DJ</arg>
<arg>DK</arg>
<arg>DM</arg>
<arg>DO</arg>
<arg>DZ</arg>
<arg>EC</arg>
<arg>EE</arg>
<arg>EG</arg>
<arg>EH</arg>
<arg>ER</arg>
<arg>ES</arg>
<arg>ET</arg>
<arg>FI</arg>
<arg>FJ</arg>
<arg>FK</arg>
<arg>FM</arg>
<arg>FO</arg>
<arg>FR</arg>
<arg>GA</arg>
<arg>GB</arg>
<arg>GD</arg>
<arg>GE</arg>
<arg>GF</arg>
<arg>GG</arg>
<arg>GH</arg>
<arg>GI</arg>
<arg>GL</arg>
<arg>GM</arg>
<arg>GN</arg>
<arg>GP</arg>
<arg>GQ</arg>
<arg>GR</arg>
<arg>GS</arg>
<arg>GT</arg>
<arg>GU</arg>
<arg>GW</arg>
<arg>GY</arg>
<arg>HK</arg>
<arg>HM</arg>
<arg>HN</arg>
<arg>HR</arg>
<arg>HT</arg>
<arg>HU</arg>
<arg>ID</arg>
<arg>IE</arg>
<arg>IL</arg>
<arg>IM</arg>
<arg>IN</arg>
<arg>IO</arg>
<arg>IQ</arg>
<arg>IR</arg>
<arg>IS</arg>
<arg>IT</arg>
<arg>JE</arg>
<arg>JM</arg>
<arg>JO</arg>
<arg>JP</arg>
<arg>KE</arg>
<arg>KG</arg>
<arg>KH</arg>
<arg>KI</arg>
<arg>KM</arg>
<arg>KN</arg>
<arg>KP</arg>
<arg>KR</arg>
<arg>KW</arg>
<arg>KY</arg>
<arg>KZ</arg>
<arg>LA</arg>
<arg>LB</arg>
<arg>LC</arg>
<arg>LI</arg>
<arg>LK</arg>
<arg>LR</arg>
<arg>LS</arg>
<arg>LT</arg>
<arg>LU</arg>
<arg>LV</arg>
<arg>LY</arg>
<arg>MA</arg>
<arg>MC</arg>
<arg>MD</arg>
<arg>ME</arg>
<arg>MF</arg>
<arg>MG</arg>
<arg>MH</arg>
<arg>MK</arg>
<arg>ML</arg>
<arg>MM</arg>
<arg>MN</arg>
<arg>MO</arg>
<arg>MP</arg>
<arg>MQ</arg>
<arg>MR</arg>
<arg>MS</arg>
<arg>MT</arg>
<arg>MU</arg>
<arg>MV</arg>
<arg>MW</arg>
<arg>MX</arg>
<arg>MY</arg>
<arg>MZ</arg>
<arg>NA</arg>
<arg>NC</arg>
<arg>NE</arg>
<arg>NF</arg>
<arg>NG</arg>
<arg>NI</arg>
<arg>NL</arg>
<arg>NO</arg>
<arg>NP</arg>
<arg>NR</arg>
<arg>NU</arg>
<arg>NZ</arg>
<arg>OM</arg>
<arg>PA</arg>
<arg>PE</arg>
<arg>PF</arg>
<arg>PG</arg>
<arg>PH</arg>
<arg>PK</arg>
<arg>PL</arg>
<arg>PM</arg>
<arg>PN</arg>
<arg>PR</arg>
<arg>PS</arg>
<arg>PT</arg>
<arg>PW</arg>
<arg>PY</arg>
<arg>QA</arg>
<arg>RE</arg>
<arg>RO</arg>
<arg>RS</arg>
<arg>RU</arg>
<arg>RW</arg>
<arg>SA</arg>
<arg>SB</arg>
<arg>SC</arg>
<arg>SD</arg>
<arg>SE</arg>
<arg>SG</arg>
<arg>SH</arg>
<arg>SI</arg>
<arg>SJ</arg>
<arg>SK</arg>
<arg>SL</arg>
<arg>SM</arg>
<arg>SN</arg>
<arg>SO</arg>
<arg>SR</arg>
<arg>SS</arg>
<arg>ST</arg>
<arg>SV</arg>
<arg>SX</arg>
<arg>SY</arg>
<arg>SZ</arg>
<arg>TC</arg>
<arg>TD</arg>
<arg>TF</arg>
<arg>TG</arg>
<arg>TH</arg>
<arg>TJ</arg>
<arg>TK</arg>
<arg>TL</arg>
<arg>TM</arg>
<arg>TN</arg>
<arg>TO</arg>
<arg>TR</arg>
<arg>TT</arg>
<arg>TV</arg>
<arg>TW</arg>
<arg>TZ</arg>
<arg>UA</arg>
<arg>UG</arg>
<arg>UM</arg>
<arg>US</arg>
<arg>UY</arg>
<arg>UZ</arg>
<arg>VA</arg>
<arg>VC</arg>
<arg>VE</arg>
<arg>VG</arg>
<arg>VI</arg>
<arg>VN</arg>
<arg>VU</arg>
<arg>WF</arg>
<arg>WS</arg>
<arg>XK</arg>
<arg>YE</arg>
<arg>YT</arg>
<arg>ZA</arg>
<arg>ZM</arg>
<arg>ZW</arg>
<doc>Returns a list containing given items.</doc>
<status status="PASS" start="2024-07-27T02:31:50.835006" elapsed="0.000619"/>
</kw>
<kw name="List Should Contain Value" owner="Collections">
<arg>${list_country}</arg>
<arg>${name_country}</arg>
<doc>Fails if the ``value`` is not found from ``list``.</doc>
<status status="PASS" start="2024-07-27T02:31:50.836601" elapsed="0.000213"/>
</kw>
<kw name="Run Keyword If" owner="BuiltIn">
<kw name="Should Be True" owner="BuiltIn">
<arg>${True}</arg>
<doc>Fails if the given condition is not true.</doc>
<status status="PASS" start="2024-07-27T02:31:50.837763" elapsed="0.000141"/>
</kw>
<arg>${json_data["results"][0]["location"]["coordinates"]["latitude"]} &gt;= -90 and ${json_data["results"][0]["location"]["coordinates"]["latitude"]} &lt;= 90</arg>
<arg>Should Be True</arg>
<arg>${True}</arg>
<doc>Runs the given keyword with the given arguments, if ``condition`` is true.</doc>
<status status="PASS" start="2024-07-27T02:31:50.837014" elapsed="0.001017"/>
</kw>
<kw name="Run Keyword If" owner="BuiltIn">
<kw name="Should Be True" owner="BuiltIn">
<arg>${True}</arg>
<doc>Fails if the given condition is not true.</doc>
<status status="PASS" start="2024-07-27T02:31:50.838935" elapsed="0.000140"/>
</kw>
<arg>${json_data["results"][0]["location"]["coordinates"]["longitude"]} &gt;= -180 and ${json_data["results"][0]["location"]["coordinates"]["longitude"]} &lt;= 180</arg>
<arg>Should Be True</arg>
<arg>${True}</arg>
<doc>Runs the given keyword with the given arguments, if ``condition`` is true.</doc>
<status status="PASS" start="2024-07-27T02:31:50.838214" elapsed="0.000987"/>
</kw>
<status status="PASS" start="2024-07-27T02:31:50.730290" elapsed="0.109043"/>
</kw>
<doc>Testa o conteúdo específico dos campos retornados pela API.</doc>
<tag>testeConteudo</tag>
<status status="PASS" start="2024-07-27T02:31:50.729827" elapsed="0.109660"/>
</test>
<status status="PASS" start="2024-07-27T02:31:49.223444" elapsed="1.617949"/>
</suite>
<status status="PASS" start="2024-07-27T02:31:49.208589" elapsed="1.637843"/>
</suite>
<statistics>
<total>
<stat pass="5" fail="0" skip="0">All Tests</stat>
</total>
<tag>
<stat pass="1" fail="0" skip="0">testeConteudo</stat>
<stat pass="1" fail="0" skip="0">testeEstruturaResposta</stat>
<stat pass="1" fail="0" skip="0">testeRequisicaoBasica</stat>
<stat pass="1" fail="0" skip="0">testeTiposDados</stat>
</tag>
<suite>
<stat pass="5" fail="0" skip="0" id="s1" name="Tests">Tests</stat>
<stat pass="5" fail="0" skip="0" id="s1-s1" name="Random-User-Test">Tests.Random-User-Test</stat>
</suite>
</statistics>
<errors>
</errors>
</robot>
