<?xml version="1.0" encoding="UTF-8"?>
<robot generator="Robot 7.0.1 (Python 3.12.4 on linux)" generated="2024-07-07T18:18:37.239220" rpa="false" schemaversion="5">
<suite id="s1" name="Tests" source="/home/runner/work/ApiRandomUser/ApiRandomUser/RamdonUser/tests">
<suite id="s1-s1" name="Random-User-Test" source="/home/runner/work/ApiRandomUser/ApiRandomUser/RamdonUser/tests/random-user-test.robot">
<test id="s1-s1-t1" name="Conectar" line="13">
<kw name="Conectar API" owner="random-user-service">
<kw name="Create Session" owner="RequestsLibrary">
<msg time="2024-07-07T18:18:37.650476" level="INFO">Creating Session using : alias=consultarAPI, url=https://randomuser.me/, headers={},                     cookies={}, auth=None, timeout=None, proxies=None, verify=False,                     debug=0 </msg>
<arg>consultarAPI</arg>
<arg>${URL}</arg>
<doc>Create Session: create a HTTP session to a server</doc>
<status status="PASS" start="2024-07-07T18:18:37.650265" elapsed="0.000399"/>
</kw>
<status status="PASS" start="2024-07-07T18:18:37.649271" elapsed="0.001758"/>
</kw>
<status status="PASS" start="2024-07-07T18:18:37.648705" elapsed="0.002513"/>
</test>
<test id="s1-s1-t2" name="Validar retorno 200 e JSON Válido" line="16">
<kw name="Teste de Requisicao Basica" owner="random-user-service">
<kw name="GET On Session" owner="RequestsLibrary">
<msg time="2024-07-07T18:18:37.847409" level="INFO">GET Request : url=https://randomuser.me/api 
 path_url=/api 
 headers={'User-Agent': 'python-requests/2.32.3', 'Accept-Encoding': 'gzip, deflate', 'Accept': '*/*', 'Connection': 'keep-alive'} 
 body=None 
 </msg>
<msg time="2024-07-07T18:18:37.847566" level="INFO">GET Response : url=https://randomuser.me/api 
 status=200, reason=OK 
 headers={'Date': 'Sun, 07 Jul 2024 18:18:37 GMT', 'Content-Type': 'application/json; charset=utf-8', 'Transfer-Encoding': 'chunked', 'Connection': 'keep-alive', 'X-Powered-By': 'Express', 'Access-Control-Allow-Origin': '*', 'Cache-Control': 'no-cache', 'ETag': 'W/"487-ukulHH6eXmsT01q3jTmwcKgVMYA"', 'Vary': 'Accept-Encoding', 'Content-Encoding': 'gzip', 'CF-Cache-Status': 'DYNAMIC', 'Report-To': '{"endpoints":[{"url":"https:\\/\\/a.nel.cloudflare.com\\/report\\/v4?s=kW66N2MWa9Oi6iBWUKDFJ0IrDIrxWre1yh46ZWnpllULrFw36b2LoRGU%2F74jKRmMbTMjCHkGiDNotrLsU4%2BhH2iol6JHKITyAxx6zuynbVPLSKp9xzufBFbF2frPf8lH"}],"group":"cf-nel","max_age":604800}', 'NEL': '{"success_fraction":0,"report_to":"cf-nel","max_age":604800}', 'Server': 'cloudflare', 'CF-RAY': '89f9d6922e1705e6-IAD', 'alt-svc': 'h3=":443"; ma=86400'} 
 body={"results":[{"gender":"female","name":{"title":"Miss","first":"Mary","last":"Mcdonalid"},"location":{"street":{"number":2542,"name":"The Grove"},"city":"Oxford","state":"Humberside","country":"United Kingdom","postcode":"Z84 5BQ","coordinates":{"latitude":"-6.9022","longitude":"173.8235"},"timezone":{"offset":"-9:00","description":"Alaska"}},"email":"mary.mcdonalid@example.com","login":{"uuid":"b9414ea8-5dfa-49af-b3a3-9acb4bf1004f","username":"brownmeercat697","password":"peaches","salt":"Z7NJP0Un","md5":"53918cbcf8fb22bc482f754ef543303c","sha1":"42fa802eb42ffcb5a1d9bd3cc6fde6db95b841bd","sha256":"a348e5d94a2da9b29e75cb38082413fec9398249a2e770ac5d0ee9bcb947670f"},"dob":{"date":"1990-07-13T21:40:12.651Z","age":33},"registered":{"date":"2017-04-05T03:15:38.032Z","age":7},"phone":"017683 06958","cell":"07819 645756","id":{"name":"NINO","value":"JJ 74 29 01 P"},"picture":{"large":"https://randomuser.me/api/portraits/women/28.jpg","medium":"https://randomuser.me/api/portraits/med/women/28.jpg","thumbnail":"https://randomuser.me/api/portraits/thumb/women/28.jpg"},"nat":"GB"}],"info":{"seed":"7778b9f437403d39","results":1,"page":1,"version":"1.4"}} 
 </msg>
<msg time="2024-07-07T18:18:37.847655" level="INFO">/opt/hostedtoolcache/Python/3.12.4/x64/lib/python3.12/site-packages/urllib3/connectionpool.py:1099: InsecureRequestWarning: Unverified HTTPS request is being made to host 'randomuser.me'. Adding certificate verification is strongly advised. See: https://urllib3.readthedocs.io/en/latest/advanced-usage.html#tls-warnings
  warnings.warn(</msg>
<msg time="2024-07-07T18:18:37.847798" level="INFO">${response} = &lt;Response [200]&gt;</msg>
<var>${response}</var>
<arg>consultarAPI</arg>
<arg>/api</arg>
<doc>Sends a GET request on a previously created HTTP Session.</doc>
<status status="PASS" start="2024-07-07T18:18:37.653746" elapsed="0.194091"/>
</kw>
<kw name="Should Be Equal As Numbers" owner="BuiltIn">
<msg time="2024-07-07T18:18:37.848869" level="INFO">Argument types are:
&lt;class 'int'&gt;
&lt;class 'str'&gt;</msg>
<arg>${response.status_code}</arg>
<arg>200</arg>
<doc>Fails if objects are unequal after converting them to real numbers.</doc>
<status status="PASS" start="2024-07-07T18:18:37.848397" elapsed="0.000538"/>
</kw>
<kw name="Log" owner="BuiltIn">
<msg time="2024-07-07T18:18:37.849643" level="INFO">200</msg>
<arg>${response.status_code}</arg>
<doc>Logs the given message with the given level.</doc>
<status status="PASS" start="2024-07-07T18:18:37.849255" elapsed="0.000433"/>
</kw>
<kw name="Set Variable" owner="BuiltIn">
<msg time="2024-07-07T18:18:37.850433" level="INFO">${json_data} = {'results': [{'gender': 'female', 'name': {'title': 'Miss', 'first': 'Mary', 'last': 'Mcdonalid'}, 'location': {'street': {'number': 2542, 'name': 'The Grove'}, 'city': 'Oxford', 'state': 'Humberside'...</msg>
<var>${json_data}</var>
<arg>${response.json()}</arg>
<doc>Returns the given values which can then be assigned to a variables.</doc>
<status status="PASS" start="2024-07-07T18:18:37.849996" elapsed="0.000466"/>
</kw>
<kw name="Dictionary Should Contain Key" owner="Collections">
<arg>${json_data}</arg>
<arg>results</arg>
<doc>Fails if ``key`` is not found from ``dictionary``.</doc>
<status status="PASS" start="2024-07-07T18:18:37.850759" elapsed="0.000172"/>
</kw>
<status status="PASS" start="2024-07-07T18:18:37.653478" elapsed="0.197612"/>
</kw>
<doc>Testa se a API responde corretamente e retorna um objeto JSON válido.</doc>
<tag>testeRequisicaoBasica</tag>
<status status="PASS" start="2024-07-07T18:18:37.653035" elapsed="0.198237"/>
</test>
<test id="s1-s1-t3" name="Validar estrutura de resposta" line="22">
<kw name="Teste de Estrutura de Resposta" owner="random-user-service">
<kw name="GET On Session" owner="RequestsLibrary">
<msg time="2024-07-07T18:18:37.926134" level="INFO">GET Request : url=https://randomuser.me/api 
 path_url=/api 
 headers={'User-Agent': 'python-requests/2.32.3', 'Accept-Encoding': 'gzip, deflate', 'Accept': '*/*', 'Connection': 'keep-alive'} 
 body=None 
 </msg>
<msg time="2024-07-07T18:18:37.926244" level="INFO">GET Response : url=https://randomuser.me/api 
 status=200, reason=OK 
 headers={'Date': 'Sun, 07 Jul 2024 18:18:37 GMT', 'Content-Type': 'application/json; charset=utf-8', 'Transfer-Encoding': 'chunked', 'Connection': 'keep-alive', 'X-Powered-By': 'Express', 'Access-Control-Allow-Origin': '*', 'Cache-Control': 'no-cache', 'ETag': 'W/"49b-zZ1Y6iwvXgjXYIl3mwC1prX7bA0"', 'Vary': 'Accept-Encoding', 'Content-Encoding': 'gzip', 'CF-Cache-Status': 'DYNAMIC', 'Report-To': '{"endpoints":[{"url":"https:\\/\\/a.nel.cloudflare.com\\/report\\/v4?s=I0xg7mZ3hXvMi713NKU8ekUZdn6Be5b0areq2tWj3A9RoxnKJUewZH6IJeCDz6RY70bz1Dqt1PlXKk8PE5pNPgLLfh3KRr1ieOQjRLAvhHc0l1jA2KQ7ZMvyiXPo2Urs"}],"group":"cf-nel","max_age":604800}', 'NEL': '{"success_fraction":0,"report_to":"cf-nel","max_age":604800}', 'Server': 'cloudflare', 'CF-RAY': '89f9d6929ead05e6-IAD', 'alt-svc': 'h3=":443"; ma=86400'} 
 body={"results":[{"gender":"female","name":{"title":"Ms","first":"Marinice","last":"da Paz"},"location":{"street":{"number":9800,"name":"Rua Um"},"city":"Santa Luzia","state":"Amazonas","country":"Brazil","postcode":63345,"coordinates":{"latitude":"-73.1757","longitude":"97.2259"},"timezone":{"offset":"-6:00","description":"Central Time (US &amp; Canada), Mexico City"}},"email":"marinice.dapaz@example.com","login":{"uuid":"a4d3fec1-99dd-42c6-ab55-445cc5c9a9ef","username":"greenfish347","password":"exodus","salt":"K3ZiYxiT","md5":"baec737c94270411fc77ec4d5e028cca","sha1":"fb19dea64103f1fcf7a91daf694271c3fedfc55d","sha256":"2a6d1a657857338bd55b3710767821fd252661b56c08a34f656ad3e09ee698cc"},"dob":{"date":"1963-12-21T06:02:01.415Z","age":60},"registered":{"date":"2018-04-11T01:39:40.413Z","age":6},"phone":"(38) 6659-9860","cell":"(63) 5276-6743","id":{"name":"CPF","value":"955.511.745-08"},"picture":{"large":"https://randomuser.me/api/portraits/women/74.jpg","medium":"https://randomuser.me/api/portraits/med/women/74.jpg","thumbnail":"https://randomuser.me/api/portraits/thumb/women/74.jpg"},"nat":"BR"}],"info":{"seed":"eee21bdaa8e69445","results":1,"page":1,"version":"1.4"}} 
 </msg>
<msg time="2024-07-07T18:18:37.926389" level="INFO">/opt/hostedtoolcache/Python/3.12.4/x64/lib/python3.12/site-packages/urllib3/connectionpool.py:1099: InsecureRequestWarning: Unverified HTTPS request is being made to host 'randomuser.me'. Adding certificate verification is strongly advised. See: https://urllib3.readthedocs.io/en/latest/advanced-usage.html#tls-warnings
  warnings.warn(</msg>
<msg time="2024-07-07T18:18:37.926528" level="INFO">${response} = &lt;Response [200]&gt;</msg>
<var>${response}</var>
<arg>consultarAPI</arg>
<arg>/api</arg>
<doc>Sends a GET request on a previously created HTTP Session.</doc>
<status status="PASS" start="2024-07-07T18:18:37.854294" elapsed="0.072275"/>
</kw>
<kw name="Set Variable" owner="BuiltIn">
<msg time="2024-07-07T18:18:37.927800" level="INFO">${json_data} = {'results': [{'gender': 'female', 'name': {'title': 'Ms', 'first': 'Marinice', 'last': 'da Paz'}, 'location': {'street': {'number': 9800, 'name': 'Rua Um'}, 'city': 'Santa Luzia', 'state': 'Amazonas',...</msg>
<var>${json_data}</var>
<arg>${response.json()}</arg>
<doc>Returns the given values which can then be assigned to a variables.</doc>
<status status="PASS" start="2024-07-07T18:18:37.927205" elapsed="0.000624"/>
</kw>
<kw name="Log" owner="BuiltIn">
<msg time="2024-07-07T18:18:37.928310" level="INFO">{'results': [{'gender': 'female', 'name': {'title': 'Ms', 'first': 'Marinice', 'last': 'da Paz'}, 'location': {'street': {'number': 9800, 'name': 'Rua Um'}, 'city': 'Santa Luzia', 'state': 'Amazonas', 'country': 'Brazil', 'postcode': 63345, 'coordinates': {'latitude': '-73.1757', 'longitude': '97.2259'}, 'timezone': {'offset': '-6:00', 'description': 'Central Time (US &amp; Canada), Mexico City'}}, 'email': 'marinice.dapaz@example.com', 'login': {'uuid': 'a4d3fec1-99dd-42c6-ab55-445cc5c9a9ef', 'username': 'greenfish347', 'password': 'exodus', 'salt': 'K3ZiYxiT', 'md5': 'baec737c94270411fc77ec4d5e028cca', 'sha1': 'fb19dea64103f1fcf7a91daf694271c3fedfc55d', 'sha256': '2a6d1a657857338bd55b3710767821fd252661b56c08a34f656ad3e09ee698cc'}, 'dob': {'date': '1963-12-21T06:02:01.415Z', 'age': 60}, 'registered': {'date': '2018-04-11T01:39:40.413Z', 'age': 6}, 'phone': '(38) 6659-9860', 'cell': '(63) 5276-6743', 'id': {'name': 'CPF', 'value': '955.511.745-08'}, 'picture': {'large': 'https://randomuser.me/api/portraits/women/74.jpg', 'medium': 'https://randomuser.me/api/portraits/med/women/74.jpg', 'thumbnail': 'https://randomuser.me/api/portraits/thumb/women/74.jpg'}, 'nat': 'BR'}], 'info': {'seed': 'eee21bdaa8e69445', 'results': 1, 'page': 1, 'version': '1.4'}}</msg>
<arg>${json_data}</arg>
<doc>Logs the given message with the given level.</doc>
<status status="PASS" start="2024-07-07T18:18:37.928147" elapsed="0.000216"/>
</kw>
<kw name="Dictionary Should Contain Key" owner="Collections">
<arg>${json_data}</arg>
<arg>results</arg>
<doc>Fails if ``key`` is not found from ``dictionary``.</doc>
<status status="PASS" start="2024-07-07T18:18:37.928659" elapsed="0.000164"/>
</kw>
<kw name="Should Not Be Empty" owner="BuiltIn">
<msg time="2024-07-07T18:18:37.929143" level="INFO">Length is 2.</msg>
<arg>${json_data}</arg>
<doc>Verifies that the given item is not empty.</doc>
<status status="PASS" start="2024-07-07T18:18:37.929011" elapsed="0.000172"/>
</kw>
<kw name="Create List" owner="BuiltIn">
<msg time="2024-07-07T18:18:37.929842" level="INFO">${expected_keys} = ['gender', 'name', 'location', 'email', 'login']</msg>
<var>${expected_keys}</var>
<arg>gender</arg>
<arg>name</arg>
<arg>location</arg>
<arg>email</arg>
<arg>login</arg>
<doc>Returns a list containing given items.</doc>
<status status="PASS" start="2024-07-07T18:18:37.929485" elapsed="0.000383"/>
</kw>
<for flavor="IN">
<iter>
<kw name="Dictionary Should Contain Key" owner="Collections">
<arg>${json_data['results'][0]}</arg>
<arg>${key}</arg>
<doc>Fails if ``key`` is not found from ``dictionary``.</doc>
<status status="PASS" start="2024-07-07T18:18:37.930465" elapsed="0.000406"/>
</kw>
<kw name="Log" owner="BuiltIn">
<msg time="2024-07-07T18:18:37.931421" level="INFO">{'gender': 'female', 'name': {'title': 'Ms', 'first': 'Marinice', 'last': 'da Paz'}, 'location': {'street': {'number': 9800, 'name': 'Rua Um'}, 'city': 'Santa Luzia', 'state': 'Amazonas', 'country': 'Brazil', 'postcode': 63345, 'coordinates': {'latitude': '-73.1757', 'longitude': '97.2259'}, 'timezone': {'offset': '-6:00', 'description': 'Central Time (US &amp; Canada), Mexico City'}}, 'email': 'marinice.dapaz@example.com', 'login': {'uuid': 'a4d3fec1-99dd-42c6-ab55-445cc5c9a9ef', 'username': 'greenfish347', 'password': 'exodus', 'salt': 'K3ZiYxiT', 'md5': 'baec737c94270411fc77ec4d5e028cca', 'sha1': 'fb19dea64103f1fcf7a91daf694271c3fedfc55d', 'sha256': '2a6d1a657857338bd55b3710767821fd252661b56c08a34f656ad3e09ee698cc'}, 'dob': {'date': '1963-12-21T06:02:01.415Z', 'age': 60}, 'registered': {'date': '2018-04-11T01:39:40.413Z', 'age': 6}, 'phone': '(38) 6659-9860', 'cell': '(63) 5276-6743', 'id': {'name': 'CPF', 'value': '955.511.745-08'}, 'picture': {'large': 'https://randomuser.me/api/portraits/women/74.jpg', 'medium': 'https://randomuser.me/api/portraits/med/women/74.jpg', 'thumbnail': 'https://randomuser.me/api/portraits/thumb/women/74.jpg'}, 'nat': 'BR'}</msg>
<arg>${json_data['results'][0]}</arg>
<doc>Logs the given message with the given level.</doc>
<status status="PASS" start="2024-07-07T18:18:37.931058" elapsed="0.000415"/>
</kw>
<kw name="Log" owner="BuiltIn">
<msg time="2024-07-07T18:18:37.931900" level="INFO">gender</msg>
<arg>${key}</arg>
<doc>Logs the given message with the given level.</doc>
<status status="PASS" start="2024-07-07T18:18:37.931771" elapsed="0.000168"/>
</kw>
<var name="${key}">gender</var>
<status status="PASS" start="2024-07-07T18:18:37.930340" elapsed="0.001828"/>
</iter>
<iter>
<kw name="Dictionary Should Contain Key" owner="Collections">
<arg>${json_data['results'][0]}</arg>
<arg>${key}</arg>
<doc>Fails if ``key`` is not found from ``dictionary``.</doc>
<status status="PASS" start="2024-07-07T18:18:37.932497" elapsed="0.000411"/>
</kw>
<kw name="Log" owner="BuiltIn">
<msg time="2024-07-07T18:18:37.933486" level="INFO">{'gender': 'female', 'name': {'title': 'Ms', 'first': 'Marinice', 'last': 'da Paz'}, 'location': {'street': {'number': 9800, 'name': 'Rua Um'}, 'city': 'Santa Luzia', 'state': 'Amazonas', 'country': 'Brazil', 'postcode': 63345, 'coordinates': {'latitude': '-73.1757', 'longitude': '97.2259'}, 'timezone': {'offset': '-6:00', 'description': 'Central Time (US &amp; Canada), Mexico City'}}, 'email': 'marinice.dapaz@example.com', 'login': {'uuid': 'a4d3fec1-99dd-42c6-ab55-445cc5c9a9ef', 'username': 'greenfish347', 'password': 'exodus', 'salt': 'K3ZiYxiT', 'md5': 'baec737c94270411fc77ec4d5e028cca', 'sha1': 'fb19dea64103f1fcf7a91daf694271c3fedfc55d', 'sha256': '2a6d1a657857338bd55b3710767821fd252661b56c08a34f656ad3e09ee698cc'}, 'dob': {'date': '1963-12-21T06:02:01.415Z', 'age': 60}, 'registered': {'date': '2018-04-11T01:39:40.413Z', 'age': 6}, 'phone': '(38) 6659-9860', 'cell': '(63) 5276-6743', 'id': {'name': 'CPF', 'value': '955.511.745-08'}, 'picture': {'large': 'https://randomuser.me/api/portraits/women/74.jpg', 'medium': 'https://randomuser.me/api/portraits/med/women/74.jpg', 'thumbnail': 'https://randomuser.me/api/portraits/thumb/women/74.jpg'}, 'nat': 'BR'}</msg>
<arg>${json_data['results'][0]}</arg>
<doc>Logs the given message with the given level.</doc>
<status status="PASS" start="2024-07-07T18:18:37.933092" elapsed="0.000468"/>
</kw>
<kw name="Log" owner="BuiltIn">
<msg time="2024-07-07T18:18:37.933989" level="INFO">name</msg>
<arg>${key}</arg>
<doc>Logs the given message with the given level.</doc>
<status status="PASS" start="2024-07-07T18:18:37.933861" elapsed="0.000167"/>
</kw>
<var name="${key}">name</var>
<status status="PASS" start="2024-07-07T18:18:37.932354" elapsed="0.001893"/>
</iter>
<iter>
<kw name="Dictionary Should Contain Key" owner="Collections">
<arg>${json_data['results'][0]}</arg>
<arg>${key}</arg>
<doc>Fails if ``key`` is not found from ``dictionary``.</doc>
<status status="PASS" start="2024-07-07T18:18:37.934537" elapsed="0.000384"/>
</kw>
<kw name="Log" owner="BuiltIn">
<msg time="2024-07-07T18:18:37.935455" level="INFO">{'gender': 'female', 'name': {'title': 'Ms', 'first': 'Marinice', 'last': 'da Paz'}, 'location': {'street': {'number': 9800, 'name': 'Rua Um'}, 'city': 'Santa Luzia', 'state': 'Amazonas', 'country': 'Brazil', 'postcode': 63345, 'coordinates': {'latitude': '-73.1757', 'longitude': '97.2259'}, 'timezone': {'offset': '-6:00', 'description': 'Central Time (US &amp; Canada), Mexico City'}}, 'email': 'marinice.dapaz@example.com', 'login': {'uuid': 'a4d3fec1-99dd-42c6-ab55-445cc5c9a9ef', 'username': 'greenfish347', 'password': 'exodus', 'salt': 'K3ZiYxiT', 'md5': 'baec737c94270411fc77ec4d5e028cca', 'sha1': 'fb19dea64103f1fcf7a91daf694271c3fedfc55d', 'sha256': '2a6d1a657857338bd55b3710767821fd252661b56c08a34f656ad3e09ee698cc'}, 'dob': {'date': '1963-12-21T06:02:01.415Z', 'age': 60}, 'registered': {'date': '2018-04-11T01:39:40.413Z', 'age': 6}, 'phone': '(38) 6659-9860', 'cell': '(63) 5276-6743', 'id': {'name': 'CPF', 'value': '955.511.745-08'}, 'picture': {'large': 'https://randomuser.me/api/portraits/women/74.jpg', 'medium': 'https://randomuser.me/api/portraits/med/women/74.jpg', 'thumbnail': 'https://randomuser.me/api/portraits/thumb/women/74.jpg'}, 'nat': 'BR'}</msg>
<arg>${json_data['results'][0]}</arg>
<doc>Logs the given message with the given level.</doc>
<status status="PASS" start="2024-07-07T18:18:37.935103" elapsed="0.000402"/>
</kw>
<kw name="Log" owner="BuiltIn">
<msg time="2024-07-07T18:18:37.935935" level="INFO">location</msg>
<arg>${key}</arg>
<doc>Logs the given message with the given level.</doc>
<status status="PASS" start="2024-07-07T18:18:37.935806" elapsed="0.000167"/>
</kw>
<var name="${key}">location</var>
<status status="PASS" start="2024-07-07T18:18:37.934427" elapsed="0.001762"/>
</iter>
<iter>
<kw name="Dictionary Should Contain Key" owner="Collections">
<arg>${json_data['results'][0]}</arg>
<arg>${key}</arg>
<doc>Fails if ``key`` is not found from ``dictionary``.</doc>
<status status="PASS" start="2024-07-07T18:18:37.936470" elapsed="0.000389"/>
</kw>
<kw name="Log" owner="BuiltIn">
<msg time="2024-07-07T18:18:37.937428" level="INFO">{'gender': 'female', 'name': {'title': 'Ms', 'first': 'Marinice', 'last': 'da Paz'}, 'location': {'street': {'number': 9800, 'name': 'Rua Um'}, 'city': 'Santa Luzia', 'state': 'Amazonas', 'country': 'Brazil', 'postcode': 63345, 'coordinates': {'latitude': '-73.1757', 'longitude': '97.2259'}, 'timezone': {'offset': '-6:00', 'description': 'Central Time (US &amp; Canada), Mexico City'}}, 'email': 'marinice.dapaz@example.com', 'login': {'uuid': 'a4d3fec1-99dd-42c6-ab55-445cc5c9a9ef', 'username': 'greenfish347', 'password': 'exodus', 'salt': 'K3ZiYxiT', 'md5': 'baec737c94270411fc77ec4d5e028cca', 'sha1': 'fb19dea64103f1fcf7a91daf694271c3fedfc55d', 'sha256': '2a6d1a657857338bd55b3710767821fd252661b56c08a34f656ad3e09ee698cc'}, 'dob': {'date': '1963-12-21T06:02:01.415Z', 'age': 60}, 'registered': {'date': '2018-04-11T01:39:40.413Z', 'age': 6}, 'phone': '(38) 6659-9860', 'cell': '(63) 5276-6743', 'id': {'name': 'CPF', 'value': '955.511.745-08'}, 'picture': {'large': 'https://randomuser.me/api/portraits/women/74.jpg', 'medium': 'https://randomuser.me/api/portraits/med/women/74.jpg', 'thumbnail': 'https://randomuser.me/api/portraits/thumb/women/74.jpg'}, 'nat': 'BR'}</msg>
<arg>${json_data['results'][0]}</arg>
<doc>Logs the given message with the given level.</doc>
<status status="PASS" start="2024-07-07T18:18:37.937047" elapsed="0.000431"/>
</kw>
<kw name="Log" owner="BuiltIn">
<msg time="2024-07-07T18:18:37.937940" level="INFO">email</msg>
<arg>${key}</arg>
<doc>Logs the given message with the given level.</doc>
<status status="PASS" start="2024-07-07T18:18:37.937813" elapsed="0.000165"/>
</kw>
<var name="${key}">email</var>
<status status="PASS" start="2024-07-07T18:18:37.936362" elapsed="0.001836"/>
</iter>
<iter>
<kw name="Dictionary Should Contain Key" owner="Collections">
<arg>${json_data['results'][0]}</arg>
<arg>${key}</arg>
<doc>Fails if ``key`` is not found from ``dictionary``.</doc>
<status status="PASS" start="2024-07-07T18:18:37.938484" elapsed="0.000391"/>
</kw>
<kw name="Log" owner="BuiltIn">
<msg time="2024-07-07T18:18:37.939407" level="INFO">{'gender': 'female', 'name': {'title': 'Ms', 'first': 'Marinice', 'last': 'da Paz'}, 'location': {'street': {'number': 9800, 'name': 'Rua Um'}, 'city': 'Santa Luzia', 'state': 'Amazonas', 'country': 'Brazil', 'postcode': 63345, 'coordinates': {'latitude': '-73.1757', 'longitude': '97.2259'}, 'timezone': {'offset': '-6:00', 'description': 'Central Time (US &amp; Canada), Mexico City'}}, 'email': 'marinice.dapaz@example.com', 'login': {'uuid': 'a4d3fec1-99dd-42c6-ab55-445cc5c9a9ef', 'username': 'greenfish347', 'password': 'exodus', 'salt': 'K3ZiYxiT', 'md5': 'baec737c94270411fc77ec4d5e028cca', 'sha1': 'fb19dea64103f1fcf7a91daf694271c3fedfc55d', 'sha256': '2a6d1a657857338bd55b3710767821fd252661b56c08a34f656ad3e09ee698cc'}, 'dob': {'date': '1963-12-21T06:02:01.415Z', 'age': 60}, 'registered': {'date': '2018-04-11T01:39:40.413Z', 'age': 6}, 'phone': '(38) 6659-9860', 'cell': '(63) 5276-6743', 'id': {'name': 'CPF', 'value': '955.511.745-08'}, 'picture': {'large': 'https://randomuser.me/api/portraits/women/74.jpg', 'medium': 'https://randomuser.me/api/portraits/med/women/74.jpg', 'thumbnail': 'https://randomuser.me/api/portraits/thumb/women/74.jpg'}, 'nat': 'BR'}</msg>
<arg>${json_data['results'][0]}</arg>
<doc>Logs the given message with the given level.</doc>
<status status="PASS" start="2024-07-07T18:18:37.939059" elapsed="0.000400"/>
</kw>
<kw name="Log" owner="BuiltIn">
<msg time="2024-07-07T18:18:37.939881" level="INFO">login</msg>
<arg>${key}</arg>
<doc>Logs the given message with the given level.</doc>
<status status="PASS" start="2024-07-07T18:18:37.939755" elapsed="0.000164"/>
</kw>
<var name="${key}">login</var>
<status status="PASS" start="2024-07-07T18:18:37.938369" elapsed="0.001765"/>
</iter>
<var>${key}</var>
<value>@{expected_keys}</value>
<status status="PASS" start="2024-07-07T18:18:37.930139" elapsed="0.010118"/>
</for>
<kw name="Create List" owner="BuiltIn">
<msg time="2024-07-07T18:18:37.940628" level="INFO">${expected_keysTwo} = ['username', 'password']</msg>
<var>${expected_keysTwo}</var>
<arg>username</arg>
<arg>password</arg>
<doc>Returns a list containing given items.</doc>
<status status="PASS" start="2024-07-07T18:18:37.940481" elapsed="0.000172"/>
</kw>
<for flavor="IN">
<iter>
<kw name="Dictionary Should Contain Key" owner="Collections">
<arg>${json_data['results'][0]['login']}</arg>
<arg>${keyTwo}</arg>
<doc>Fails if ``key`` is not found from ``dictionary``.</doc>
<status status="PASS" start="2024-07-07T18:18:37.941164" elapsed="0.000410"/>
</kw>
<kw name="Dictionary Should Contain Key" owner="Collections">
<arg>${json_data['results'][0]['login']}</arg>
<arg>${keyTwo}</arg>
<doc>Fails if ``key`` is not found from ``dictionary``.</doc>
<status status="PASS" start="2024-07-07T18:18:37.941759" elapsed="0.000418"/>
</kw>
<kw name="Log" owner="BuiltIn">
<msg time="2024-07-07T18:18:37.942492" level="INFO">username</msg>
<arg>${keyTwo}</arg>
<doc>Logs the given message with the given level.</doc>
<status status="PASS" start="2024-07-07T18:18:37.942367" elapsed="0.000163"/>
</kw>
<var name="${keyTwo}">username</var>
<status status="PASS" start="2024-07-07T18:18:37.941056" elapsed="0.001701"/>
</iter>
<iter>
<kw name="Dictionary Should Contain Key" owner="Collections">
<arg>${json_data['results'][0]['login']}</arg>
<arg>${keyTwo}</arg>
<doc>Fails if ``key`` is not found from ``dictionary``.</doc>
<status status="PASS" start="2024-07-07T18:18:37.943039" elapsed="0.000383"/>
</kw>
<kw name="Dictionary Should Contain Key" owner="Collections">
<arg>${json_data['results'][0]['login']}</arg>
<arg>${keyTwo}</arg>
<doc>Fails if ``key`` is not found from ``dictionary``.</doc>
<status status="PASS" start="2024-07-07T18:18:37.943603" elapsed="0.000368"/>
</kw>
<kw name="Log" owner="BuiltIn">
<msg time="2024-07-07T18:18:37.944269" level="INFO">password</msg>
<arg>${keyTwo}</arg>
<doc>Logs the given message with the given level.</doc>
<status status="PASS" start="2024-07-07T18:18:37.944149" elapsed="0.000163"/>
</kw>
<var name="${keyTwo}">password</var>
<status status="PASS" start="2024-07-07T18:18:37.942932" elapsed="0.001696"/>
</iter>
<var>${keyTwo}</var>
<value>@{expected_keysTwo}</value>
<status status="PASS" start="2024-07-07T18:18:37.940901" elapsed="0.003852"/>
</for>
<status status="PASS" start="2024-07-07T18:18:37.853953" elapsed="0.090943"/>
</kw>
<doc>Testa a estrutura da resposta da API.</doc>
<tag>testeEstruturaResposta</tag>
<status status="PASS" start="2024-07-07T18:18:37.853133" elapsed="0.091920"/>
</test>
<test id="s1-s1-t4" name="Validar tipos de dados" line="28">
<kw name="Teste de Tipos de Dados" owner="random-user-service">
<kw name="GET On Session" owner="RequestsLibrary">
<msg time="2024-07-07T18:18:38.033120" level="INFO">GET Request : url=https://randomuser.me/api 
 path_url=/api 
 headers={'User-Agent': 'python-requests/2.32.3', 'Accept-Encoding': 'gzip, deflate', 'Accept': '*/*', 'Connection': 'keep-alive'} 
 body=None 
 </msg>
<msg time="2024-07-07T18:18:38.033228" level="INFO">GET Response : url=https://randomuser.me/api 
 status=200, reason=OK 
 headers={'Date': 'Sun, 07 Jul 2024 18:18:38 GMT', 'Content-Type': 'application/json; charset=utf-8', 'Transfer-Encoding': 'chunked', 'Connection': 'keep-alive', 'X-Powered-By': 'Express', 'Access-Control-Allow-Origin': '*', 'Cache-Control': 'no-cache', 'ETag': 'W/"48e-y252oUVRplVfkgleiuEplDB/NLk"', 'Vary': 'Accept-Encoding', 'Content-Encoding': 'gzip', 'CF-Cache-Status': 'DYNAMIC', 'Report-To': '{"endpoints":[{"url":"https:\\/\\/a.nel.cloudflare.com\\/report\\/v4?s=5%2Fo%2FsavQPpVWzeKjmjYTHeeWjafRbeTqDEZW9K7ZHgDTy88pu0PkTflxOIrWwUneANH8zUblwSslrryp7AUAxblC9qmL2ExPwXu%2BuaGa1%2BPtE3GNnl7YU09fRZBGFmJe"}],"group":"cf-nel","max_age":604800}', 'NEL': '{"success_fraction":0,"report_to":"cf-nel","max_age":604800}', 'Server': 'cloudflare', 'CF-RAY': '89f9d6933f5205e6-IAD', 'alt-svc': 'h3=":443"; ma=86400'} 
 body={"results":[{"gender":"female","name":{"title":"Mrs","first":"Trudi","last":"Matthias"},"location":{"street":{"number":8640,"name":"Burgstraße"},"city":"Bitburg","state":"Berlin","country":"Germany","postcode":25633,"coordinates":{"latitude":"-54.7134","longitude":"29.2552"},"timezone":{"offset":"-7:00","description":"Mountain Time (US &amp; Canada)"}},"email":"trudi.matthias@example.com","login":{"uuid":"e983d312-227b-45d4-ba4a-a704207f6ee5","username":"purplemouse535","password":"dawg","salt":"jBTwZs9Q","md5":"08f910bd5acb9ff57d92361a61395123","sha1":"69cabf78640b020d36d0d6d9003dc9059ffa86c4","sha256":"c3775d513dd1f02ed9446e6872f7c6ee9ed1884db5c8b7ae35911950d2186a78"},"dob":{"date":"1947-06-15T06:16:53.970Z","age":77},"registered":{"date":"2007-10-01T14:52:21.797Z","age":16},"phone":"0049-4993237","cell":"0177-1162190","id":{"name":"SVNR","value":"68 150647 M 604"},"picture":{"large":"https://randomuser.me/api/portraits/women/14.jpg","medium":"https://randomuser.me/api/portraits/med/women/14.jpg","thumbnail":"https://randomuser.me/api/portraits/thumb/women/14.jpg"},"nat":"DE"}],"info":{"seed":"0c55fbe97f197aa9","results":1,"page":1,"version":"1.4"}} 
 </msg>
<msg time="2024-07-07T18:18:38.033319" level="INFO">/opt/hostedtoolcache/Python/3.12.4/x64/lib/python3.12/site-packages/urllib3/connectionpool.py:1099: InsecureRequestWarning: Unverified HTTPS request is being made to host 'randomuser.me'. Adding certificate verification is strongly advised. See: https://urllib3.readthedocs.io/en/latest/advanced-usage.html#tls-warnings
  warnings.warn(</msg>
<msg time="2024-07-07T18:18:38.033450" level="INFO">${response} = &lt;Response [200]&gt;</msg>
<var>${response}</var>
<arg>consultarAPI</arg>
<arg>/api</arg>
<doc>Sends a GET request on a previously created HTTP Session.</doc>
<status status="PASS" start="2024-07-07T18:18:37.947661" elapsed="0.085827"/>
</kw>
<kw name="Set Variable" owner="BuiltIn">
<msg time="2024-07-07T18:18:38.034478" level="INFO">${json_data} = {'results': [{'gender': 'female', 'name': {'title': 'Mrs', 'first': 'Trudi', 'last': 'Matthias'}, 'location': {'street': {'number': 8640, 'name': 'Burgstraße'}, 'city': 'Bitburg', 'state': 'Berlin', '...</msg>
<var>${json_data}</var>
<arg>${response.json()}</arg>
<doc>Returns the given values which can then be assigned to a variables.</doc>
<status status="PASS" start="2024-07-07T18:18:38.033973" elapsed="0.000536"/>
</kw>
<kw name="Log" owner="BuiltIn">
<msg time="2024-07-07T18:18:38.034987" level="INFO">{'results': [{'gender': 'female', 'name': {'title': 'Mrs', 'first': 'Trudi', 'last': 'Matthias'}, 'location': {'street': {'number': 8640, 'name': 'Burgstraße'}, 'city': 'Bitburg', 'state': 'Berlin', 'country': 'Germany', 'postcode': 25633, 'coordinates': {'latitude': '-54.7134', 'longitude': '29.2552'}, 'timezone': {'offset': '-7:00', 'description': 'Mountain Time (US &amp; Canada)'}}, 'email': 'trudi.matthias@example.com', 'login': {'uuid': 'e983d312-227b-45d4-ba4a-a704207f6ee5', 'username': 'purplemouse535', 'password': 'dawg', 'salt': 'jBTwZs9Q', 'md5': '08f910bd5acb9ff57d92361a61395123', 'sha1': '69cabf78640b020d36d0d6d9003dc9059ffa86c4', 'sha256': 'c3775d513dd1f02ed9446e6872f7c6ee9ed1884db5c8b7ae35911950d2186a78'}, 'dob': {'date': '1947-06-15T06:16:53.970Z', 'age': 77}, 'registered': {'date': '2007-10-01T14:52:21.797Z', 'age': 16}, 'phone': '0049-4993237', 'cell': '0177-1162190', 'id': {'name': 'SVNR', 'value': '68 150647 M 604'}, 'picture': {'large': 'https://randomuser.me/api/portraits/women/14.jpg', 'medium': 'https://randomuser.me/api/portraits/med/women/14.jpg', 'thumbnail': 'https://randomuser.me/api/portraits/thumb/women/14.jpg'}, 'nat': 'DE'}], 'info': {'seed': '0c55fbe97f197aa9', 'results': 1, 'page': 1, 'version': '1.4'}}</msg>
<arg>${json_data}</arg>
<doc>Logs the given message with the given level.</doc>
<status status="PASS" start="2024-07-07T18:18:38.034820" elapsed="0.000220"/>
</kw>
<kw name="Should Be String" owner="String">
<arg>${json_data['results'][0]['gender']}</arg>
<doc>Fails if the given ``item`` is not a string.</doc>
<status status="PASS" start="2024-07-07T18:18:38.035335" elapsed="0.000358"/>
</kw>
<kw name="Should Match Regexp" owner="BuiltIn">
<arg>${json_data['results'][0]['email']}</arg>
<arg>^[a-zA-Z0-9._%+-]+@[a-zA-Z0-9.-]+\.[a-zA-Z]{2,}$</arg>
<doc>Fails if ``string`` does not match ``pattern`` as a regular expression.</doc>
<status status="PASS" start="2024-07-07T18:18:38.035922" elapsed="0.000526"/>
</kw>
<kw name="Should Match Regexp" owner="BuiltIn">
<arg>${json_data['results'][0]['dob']['date']}</arg>
<arg>\\d{4}-\\d{2}-\\d{2}T\\d{2}:\\d{2}:\\d{2}\\.\\d{3}Z</arg>
<doc>Fails if ``string`` does not match ``pattern`` as a regular expression.</doc>
<status status="PASS" start="2024-07-07T18:18:38.036646" elapsed="0.000484"/>
</kw>
<kw name="Should Match Regexp" owner="BuiltIn">
<arg>${json_data['results'][0]['registered']['date']}</arg>
<arg>\\d{4}-\\d{2}-\\d{2}T\\d{2}:\\d{2}:\\d{2}\\.\\d{3}Z</arg>
<doc>Fails if ``string`` does not match ``pattern`` as a regular expression.</doc>
<status status="PASS" start="2024-07-07T18:18:38.037323" elapsed="0.000395"/>
</kw>
<kw name="Should Match Regexp" owner="BuiltIn">
<arg>${json_data['results'][0]['picture']['large']}</arg>
<arg>^https?://.*\.(?:png|jpe?g|gif|bmp)$</arg>
<doc>Fails if ``string`` does not match ``pattern`` as a regular expression.</doc>
<status status="PASS" start="2024-07-07T18:18:38.037906" elapsed="0.000457"/>
</kw>
<kw name="Should Match Regexp" owner="BuiltIn">
<arg>${json_data['results'][0]['picture']['medium']}</arg>
<arg>^https?://.*\.(?:png|jpe?g|gif|bmp)$</arg>
<doc>Fails if ``string`` does not match ``pattern`` as a regular expression.</doc>
<status status="PASS" start="2024-07-07T18:18:38.038552" elapsed="0.000353"/>
</kw>
<kw name="Should Match Regexp" owner="BuiltIn">
<arg>${json_data['results'][0]['picture']['thumbnail']}</arg>
<arg>^https?://.*\.(?:png|jpe?g|gif|bmp)$</arg>
<doc>Fails if ``string`` does not match ``pattern`` as a regular expression.</doc>
<status status="PASS" start="2024-07-07T18:18:38.039089" elapsed="0.000361"/>
</kw>
<kw name="Log" owner="BuiltIn">
<msg time="2024-07-07T18:18:38.039962" level="INFO">{'large': 'https://randomuser.me/api/portraits/women/14.jpg', 'medium': 'https://randomuser.me/api/portraits/med/women/14.jpg', 'thumbnail': 'https://randomuser.me/api/portraits/thumb/women/14.jpg'}</msg>
<arg>${json_data['results'][0]['picture']}</arg>
<doc>Logs the given message with the given level.</doc>
<status status="PASS" start="2024-07-07T18:18:38.039636" elapsed="0.000370"/>
</kw>
<status status="PASS" start="2024-07-07T18:18:37.947424" elapsed="0.092843"/>
</kw>
<kw name="Teste de Tipos de Dados - Postcode" owner="random-user-service">
<kw name="GET On Session" owner="RequestsLibrary">
<msg time="2024-07-07T18:18:38.126288" level="INFO">GET Request : url=https://randomuser.me/api 
 path_url=/api 
 headers={'User-Agent': 'python-requests/2.32.3', 'Accept-Encoding': 'gzip, deflate', 'Accept': '*/*', 'Connection': 'keep-alive'} 
 body=None 
 </msg>
<msg time="2024-07-07T18:18:38.126383" level="INFO">GET Response : url=https://randomuser.me/api 
 status=200, reason=OK 
 headers={'Date': 'Sun, 07 Jul 2024 18:18:38 GMT', 'Content-Type': 'application/json; charset=utf-8', 'Transfer-Encoding': 'chunked', 'Connection': 'keep-alive', 'X-Powered-By': 'Express', 'Access-Control-Allow-Origin': '*', 'Cache-Control': 'no-cache', 'ETag': 'W/"490-JIA2fqIrZsEbM2TLDznkRfWYqrs"', 'Vary': 'Accept-Encoding', 'Content-Encoding': 'gzip', 'CF-Cache-Status': 'DYNAMIC', 'Report-To': '{"endpoints":[{"url":"https:\\/\\/a.nel.cloudflare.com\\/report\\/v4?s=8mZTYSbaWgvGdjHB6CyEyOXD5Uln0IIaFmvFnxEfoyGLWcJvB45RnPUvXNK6yxNBFAm9IuK0GlTJigYPzhR%2B%2FA6ujgcnHMnNP0FtQ1xsuSfjfDUjgmWbfUrao4quGN03"}],"group":"cf-nel","max_age":604800}', 'NEL': '{"success_fraction":0,"report_to":"cf-nel","max_age":604800}', 'Server': 'cloudflare', 'CF-RAY': '89f9d693cff005e6-IAD', 'alt-svc': 'h3=":443"; ma=86400'} 
 body={"results":[{"gender":"male","name":{"title":"Mr","first":"Angus","last":"Wilson"},"location":{"street":{"number":687,"name":"Pioneer Highway"},"city":"New Plymouth","state":"Northland","country":"New Zealand","postcode":94366,"coordinates":{"latitude":"49.0765","longitude":"-149.0145"},"timezone":{"offset":"-4:00","description":"Atlantic Time (Canada), Caracas, La Paz"}},"email":"angus.wilson@example.com","login":{"uuid":"0e41a88e-7a85-4e92-aebb-174973509166","username":"sadpanda163","password":"trouble","salt":"EOFu4KkP","md5":"2578172e9058ae4e08b2d5339195ac48","sha1":"96988ddddb312c32b340ec423b20f9aa368ab858","sha256":"e36a5c7ad5be36e433a1931fedf8651a7ec78bc8b1e957f464249d4bf3ddba5e"},"dob":{"date":"1970-04-11T03:51:04.071Z","age":54},"registered":{"date":"2008-04-01T01:04:44.114Z","age":16},"phone":"(423)-060-3431","cell":"(464)-966-6427","id":{"name":"","value":null},"picture":{"large":"https://randomuser.me/api/portraits/men/58.jpg","medium":"https://randomuser.me/api/portraits/med/men/58.jpg","thumbnail":"https://randomuser.me/api/portraits/thumb/men/58.jpg"},"nat":"NZ"}],"info":{"seed":"86dea5a12d0fcbb1","results":1,"page":1,"version":"1.4"}} 
 </msg>
<msg time="2024-07-07T18:18:38.126462" level="INFO">/opt/hostedtoolcache/Python/3.12.4/x64/lib/python3.12/site-packages/urllib3/connectionpool.py:1099: InsecureRequestWarning: Unverified HTTPS request is being made to host 'randomuser.me'. Adding certificate verification is strongly advised. See: https://urllib3.readthedocs.io/en/latest/advanced-usage.html#tls-warnings
  warnings.warn(</msg>
<msg time="2024-07-07T18:18:38.126580" level="INFO">${response} = &lt;Response [200]&gt;</msg>
<var>${response}</var>
<arg>consultarAPI</arg>
<arg>/api</arg>
<doc>Sends a GET request on a previously created HTTP Session.</doc>
<status status="PASS" start="2024-07-07T18:18:38.040721" elapsed="0.085898"/>
</kw>
<kw name="Set Variable" owner="BuiltIn">
<msg time="2024-07-07T18:18:38.127550" level="INFO">${json_data} = {'results': [{'gender': 'male', 'name': {'title': 'Mr', 'first': 'Angus', 'last': 'Wilson'}, 'location': {'street': {'number': 687, 'name': 'Pioneer Highway'}, 'city': 'New Plymouth', 'state': 'Northl...</msg>
<var>${json_data}</var>
<arg>${response.json()}</arg>
<doc>Returns the given values which can then be assigned to a variables.</doc>
<status status="PASS" start="2024-07-07T18:18:38.127066" elapsed="0.000513"/>
</kw>
<kw name="Log" owner="BuiltIn">
<msg time="2024-07-07T18:18:38.128048" level="INFO">{'results': [{'gender': 'male', 'name': {'title': 'Mr', 'first': 'Angus', 'last': 'Wilson'}, 'location': {'street': {'number': 687, 'name': 'Pioneer Highway'}, 'city': 'New Plymouth', 'state': 'Northland', 'country': 'New Zealand', 'postcode': 94366, 'coordinates': {'latitude': '49.0765', 'longitude': '-149.0145'}, 'timezone': {'offset': '-4:00', 'description': 'Atlantic Time (Canada), Caracas, La Paz'}}, 'email': 'angus.wilson@example.com', 'login': {'uuid': '0e41a88e-7a85-4e92-aebb-174973509166', 'username': 'sadpanda163', 'password': 'trouble', 'salt': 'EOFu4KkP', 'md5': '2578172e9058ae4e08b2d5339195ac48', 'sha1': '96988ddddb312c32b340ec423b20f9aa368ab858', 'sha256': 'e36a5c7ad5be36e433a1931fedf8651a7ec78bc8b1e957f464249d4bf3ddba5e'}, 'dob': {'date': '1970-04-11T03:51:04.071Z', 'age': 54}, 'registered': {'date': '2008-04-01T01:04:44.114Z', 'age': 16}, 'phone': '(423)-060-3431', 'cell': '(464)-966-6427', 'id': {'name': '', 'value': None}, 'picture': {'large': 'https://randomuser.me/api/portraits/men/58.jpg', 'medium': 'https://randomuser.me/api/portraits/med/men/58.jpg', 'thumbnail': 'https://randomuser.me/api/portraits/thumb/men/58.jpg'}, 'nat': 'NZ'}], 'info': {'seed': '86dea5a12d0fcbb1', 'results': 1, 'page': 1, 'version': '1.4'}}</msg>
<arg>${json_data}</arg>
<doc>Logs the given message with the given level.</doc>
<status status="PASS" start="2024-07-07T18:18:38.127893" elapsed="0.000203"/>
</kw>
<kw name="Should Be Equal As Numbers" owner="BuiltIn">
<arg>${json_data['results'][0]['location']['postcode']}</arg>
<arg>${json_data['results'][0]['location']['postcode']}</arg>
<doc>Fails if objects are unequal after converting them to real numbers.</doc>
<status status="PASS" start="2024-07-07T18:18:38.128388" elapsed="0.000623"/>
</kw>
<kw name="Log" owner="BuiltIn">
<msg time="2024-07-07T18:18:38.129789" level="INFO">94366</msg>
<arg>${json_data['results'][0]['location']['postcode']}</arg>
<doc>Logs the given message with the given level.</doc>
<status status="PASS" start="2024-07-07T18:18:38.129236" elapsed="0.000597"/>
</kw>
<status status="PASS" start="2024-07-07T18:18:38.040495" elapsed="0.089599"/>
</kw>
<doc>Testa se os tipos de dados na resposta da API estão corretos.</doc>
<tag>testeTiposDados</tag>
<status status="PASS" start="2024-07-07T18:18:37.946869" elapsed="0.183396"/>
</test>
<test id="s1-s1-t5" name="Validar conteudo" line="35">
<kw name="Teste de Tipos de Conteudo" owner="random-user-service">
<kw name="GET On Session" owner="RequestsLibrary">
<msg time="2024-07-07T18:18:38.282074" level="INFO">GET Request : url=https://randomuser.me/api 
 path_url=/api 
 headers={'User-Agent': 'python-requests/2.32.3', 'Accept-Encoding': 'gzip, deflate', 'Accept': '*/*', 'Connection': 'keep-alive'} 
 body=None 
 </msg>
<msg time="2024-07-07T18:18:38.282167" level="INFO">GET Response : url=https://randomuser.me/api 
 status=200, reason=OK 
 headers={'Date': 'Sun, 07 Jul 2024 18:18:38 GMT', 'Content-Type': 'application/json; charset=utf-8', 'Transfer-Encoding': 'chunked', 'Connection': 'keep-alive', 'X-Powered-By': 'Express', 'Access-Control-Allow-Origin': '*', 'Cache-Control': 'no-cache', 'ETag': 'W/"4a0-edyzqPxEupSR1RMuiU0w4HLaNoU"', 'Vary': 'Accept-Encoding', 'Content-Encoding': 'gzip', 'CF-Cache-Status': 'DYNAMIC', 'Report-To': '{"endpoints":[{"url":"https:\\/\\/a.nel.cloudflare.com\\/report\\/v4?s=9oLT772JxV%2Bgtt8l1bKS1uMxYhoffwWcPgFpcheVI6zwRc7zfhDGNFeePDBtMtNKi%2BMfszqcEtI5UjnzSlg7NzUn%2FXmAUk6SnDN4xQZ692b%2FGwYaW%2FD0yJRAKbR%2B7u%2FY"}],"group":"cf-nel","max_age":604800}', 'NEL': '{"success_fraction":0,"report_to":"cf-nel","max_age":604800}', 'Server': 'cloudflare', 'CF-RAY': '89f9d694589205e6-IAD', 'alt-svc': 'h3=":443"; ma=86400'} 
 body={"results":[{"gender":"female","name":{"title":"Mrs","first":"Esther","last":"Castillo"},"location":{"street":{"number":9825,"name":"Calle de La Democracia"},"city":"Vigo","state":"Navarra","country":"Spain","postcode":87282,"coordinates":{"latitude":"-34.4294","longitude":"147.8571"},"timezone":{"offset":"-5:00","description":"Eastern Time (US &amp; Canada), Bogota, Lima"}},"email":"esther.castillo@example.com","login":{"uuid":"5253f8fe-d989-4b80-b8f1-26117f835fcd","username":"beautifuldog447","password":"vulcan","salt":"JHLTFcTH","md5":"e0c2995a34f58faa78f3424256a17349","sha1":"e3d86e429f712710da6ac9009d87a90fe144c2de","sha256":"1519b235df8322c2f005963e9c2f18aa0ad87e9fd65c5671a3a15143d64fc38b"},"dob":{"date":"1948-09-01T19:34:34.129Z","age":75},"registered":{"date":"2004-03-17T03:27:23.574Z","age":20},"phone":"995-139-785","cell":"688-131-947","id":{"name":"DNI","value":"85320892-F"},"picture":{"large":"https://randomuser.me/api/portraits/women/43.jpg","medium":"https://randomuser.me/api/portraits/med/women/43.jpg","thumbnail":"https://randomuser.me/api/portraits/thumb/women/43.jpg"},"nat":"ES"}],"info":{"seed":"c4ebc5475f164c9d","results":1,"page":1,"version":"1.4"}} 
 </msg>
<msg time="2024-07-07T18:18:38.282242" level="INFO">/opt/hostedtoolcache/Python/3.12.4/x64/lib/python3.12/site-packages/urllib3/connectionpool.py:1099: InsecureRequestWarning: Unverified HTTPS request is being made to host 'randomuser.me'. Adding certificate verification is strongly advised. See: https://urllib3.readthedocs.io/en/latest/advanced-usage.html#tls-warnings
  warnings.warn(</msg>
<msg time="2024-07-07T18:18:38.282354" level="INFO">${response} = &lt;Response [200]&gt;</msg>
<var>${response}</var>
<arg>consultarAPI</arg>
<arg>/api</arg>
<doc>Sends a GET request on a previously created HTTP Session.</doc>
<status status="PASS" start="2024-07-07T18:18:38.132798" elapsed="0.149590"/>
</kw>
<kw name="Set Variable" owner="BuiltIn">
<msg time="2024-07-07T18:18:38.283418" level="INFO">${json_data} = {'results': [{'gender': 'female', 'name': {'title': 'Mrs', 'first': 'Esther', 'last': 'Castillo'}, 'location': {'street': {'number': 9825, 'name': 'Calle de La Democracia'}, 'city': 'Vigo', 'state': '...</msg>
<var>${json_data}</var>
<arg>${response.json()}</arg>
<doc>Returns the given values which can then be assigned to a variables.</doc>
<status status="PASS" start="2024-07-07T18:18:38.282898" elapsed="0.000548"/>
</kw>
<kw name="Set Variable" owner="BuiltIn">
<msg time="2024-07-07T18:18:38.284128" level="INFO">${name_title} = Mrs</msg>
<var>${name_title}</var>
<arg>${json_data["results"][0]["name"]["title"]}</arg>
<doc>Returns the given values which can then be assigned to a variables.</doc>
<status status="PASS" start="2024-07-07T18:18:38.283749" elapsed="0.000404"/>
</kw>
<kw name="Create List" owner="BuiltIn">
<msg time="2024-07-07T18:18:38.284595" level="INFO">${allowed_titles} = ['Mr', 'Ms', 'Miss', 'Mrs', 'Madame', 'Monsieur']</msg>
<var>${allowed_titles}</var>
<arg>Mr</arg>
<arg>Ms</arg>
<arg>Miss</arg>
<arg>Mrs</arg>
<arg>Madame</arg>
<arg>Monsieur</arg>
<doc>Returns a list containing given items.</doc>
<status status="PASS" start="2024-07-07T18:18:38.284447" elapsed="0.000173"/>
</kw>
<kw name="List Should Contain Value" owner="Collections">
<arg>${allowed_titles}</arg>
<arg>${name_title}</arg>
<doc>Fails if the ``value`` is not found from ``list``.</doc>
<status status="PASS" start="2024-07-07T18:18:38.284929" elapsed="0.000178"/>
</kw>
<kw name="Set Variable" owner="BuiltIn">
<msg time="2024-07-07T18:18:38.285689" level="INFO">${name_country} = ES</msg>
<var>${name_country}</var>
<arg>${json_data["results"][0]["nat"]}</arg>
<doc>Returns the given values which can then be assigned to a variables.</doc>
<status status="PASS" start="2024-07-07T18:18:38.285289" elapsed="0.000425"/>
</kw>
<kw name="Create List" owner="BuiltIn">
<msg time="2024-07-07T18:18:38.286598" level="INFO">${list_country} = ['AD', 'AE', 'AF', 'AG', 'AI', 'AL', 'AM', 'AO', 'AQ', 'AR', 'AS', 'AT', 'AU', 'AW', 'AX', 'AZ', 'BA', 'BB', 'BD', 'BE', 'BF', 'BG', 'BH', 'BI', 'BJ', 'BL', 'BM', 'BN', 'BO', 'BQ', 'BR', 'BS', 'BT', '...</msg>
<var>${list_country}</var>
<arg>AD</arg>
<arg>AE</arg>
<arg>AF</arg>
<arg>AG</arg>
<arg>AI</arg>
<arg>AL</arg>
<arg>AM</arg>
<arg>AO</arg>
<arg>AQ</arg>
<arg>AR</arg>
<arg>AS</arg>
<arg>AT</arg>
<arg>AU</arg>
<arg>AW</arg>
<arg>AX</arg>
<arg>AZ</arg>
<arg>BA</arg>
<arg>BB</arg>
<arg>BD</arg>
<arg>BE</arg>
<arg>BF</arg>
<arg>BG</arg>
<arg>BH</arg>
<arg>BI</arg>
<arg>BJ</arg>
<arg>BL</arg>
<arg>BM</arg>
<arg>BN</arg>
<arg>BO</arg>
<arg>BQ</arg>
<arg>BR</arg>
<arg>BS</arg>
<arg>BT</arg>
<arg>BV</arg>
<arg>BW</arg>
<arg>BY</arg>
<arg>BZ</arg>
<arg>CA</arg>
<arg>CC</arg>
<arg>CD</arg>
<arg>CF</arg>
<arg>CG</arg>
<arg>CH</arg>
<arg>CI</arg>
<arg>CK</arg>
<arg>CL</arg>
<arg>CM</arg>
<arg>CN</arg>
<arg>CO</arg>
<arg>CR</arg>
<arg>CU</arg>
<arg>CV</arg>
<arg>CW</arg>
<arg>CX</arg>
<arg>CY</arg>
<arg>CZ</arg>
<arg>DE</arg>
<arg>DJ</arg>
<arg>DK</arg>
<arg>DM</arg>
<arg>DO</arg>
<arg>DZ</arg>
<arg>EC</arg>
<arg>EE</arg>
<arg>EG</arg>
<arg>EH</arg>
<arg>ER</arg>
<arg>ES</arg>
<arg>ET</arg>
<arg>FI</arg>
<arg>FJ</arg>
<arg>FK</arg>
<arg>FM</arg>
<arg>FO</arg>
<arg>FR</arg>
<arg>GA</arg>
<arg>GB</arg>
<arg>GD</arg>
<arg>GE</arg>
<arg>GF</arg>
<arg>GG</arg>
<arg>GH</arg>
<arg>GI</arg>
<arg>GL</arg>
<arg>GM</arg>
<arg>GN</arg>
<arg>GP</arg>
<arg>GQ</arg>
<arg>GR</arg>
<arg>GS</arg>
<arg>GT</arg>
<arg>GU</arg>
<arg>GW</arg>
<arg>GY</arg>
<arg>HK</arg>
<arg>HM</arg>
<arg>HN</arg>
<arg>HR</arg>
<arg>HT</arg>
<arg>HU</arg>
<arg>ID</arg>
<arg>IE</arg>
<arg>IL</arg>
<arg>IM</arg>
<arg>IN</arg>
<arg>IO</arg>
<arg>IQ</arg>
<arg>IR</arg>
<arg>IS</arg>
<arg>IT</arg>
<arg>JE</arg>
<arg>JM</arg>
<arg>JO</arg>
<arg>JP</arg>
<arg>KE</arg>
<arg>KG</arg>
<arg>KH</arg>
<arg>KI</arg>
<arg>KM</arg>
<arg>KN</arg>
<arg>KP</arg>
<arg>KR</arg>
<arg>KW</arg>
<arg>KY</arg>
<arg>KZ</arg>
<arg>LA</arg>
<arg>LB</arg>
<arg>LC</arg>
<arg>LI</arg>
<arg>LK</arg>
<arg>LR</arg>
<arg>LS</arg>
<arg>LT</arg>
<arg>LU</arg>
<arg>LV</arg>
<arg>LY</arg>
<arg>MA</arg>
<arg>MC</arg>
<arg>MD</arg>
<arg>ME</arg>
<arg>MF</arg>
<arg>MG</arg>
<arg>MH</arg>
<arg>MK</arg>
<arg>ML</arg>
<arg>MM</arg>
<arg>MN</arg>
<arg>MO</arg>
<arg>MP</arg>
<arg>MQ</arg>
<arg>MR</arg>
<arg>MS</arg>
<arg>MT</arg>
<arg>MU</arg>
<arg>MV</arg>
<arg>MW</arg>
<arg>MX</arg>
<arg>MY</arg>
<arg>MZ</arg>
<arg>NA</arg>
<arg>NC</arg>
<arg>NE</arg>
<arg>NF</arg>
<arg>NG</arg>
<arg>NI</arg>
<arg>NL</arg>
<arg>NO</arg>
<arg>NP</arg>
<arg>NR</arg>
<arg>NU</arg>
<arg>NZ</arg>
<arg>OM</arg>
<arg>PA</arg>
<arg>PE</arg>
<arg>PF</arg>
<arg>PG</arg>
<arg>PH</arg>
<arg>PK</arg>
<arg>PL</arg>
<arg>PM</arg>
<arg>PN</arg>
<arg>PR</arg>
<arg>PS</arg>
<arg>PT</arg>
<arg>PW</arg>
<arg>PY</arg>
<arg>QA</arg>
<arg>RE</arg>
<arg>RO</arg>
<arg>RS</arg>
<arg>RU</arg>
<arg>RW</arg>
<arg>SA</arg>
<arg>SB</arg>
<arg>SC</arg>
<arg>SD</arg>
<arg>SE</arg>
<arg>SG</arg>
<arg>SH</arg>
<arg>SI</arg>
<arg>SJ</arg>
<arg>SK</arg>
<arg>SL</arg>
<arg>SM</arg>
<arg>SN</arg>
<arg>SO</arg>
<arg>SR</arg>
<arg>SS</arg>
<arg>ST</arg>
<arg>SV</arg>
<arg>SX</arg>
<arg>SY</arg>
<arg>SZ</arg>
<arg>TC</arg>
<arg>TD</arg>
<arg>TF</arg>
<arg>TG</arg>
<arg>TH</arg>
<arg>TJ</arg>
<arg>TK</arg>
<arg>TL</arg>
<arg>TM</arg>
<arg>TN</arg>
<arg>TO</arg>
<arg>TR</arg>
<arg>TT</arg>
<arg>TV</arg>
<arg>TW</arg>
<arg>TZ</arg>
<arg>UA</arg>
<arg>UG</arg>
<arg>UM</arg>
<arg>US</arg>
<arg>UY</arg>
<arg>UZ</arg>
<arg>VA</arg>
<arg>VC</arg>
<arg>VE</arg>
<arg>VG</arg>
<arg>VI</arg>
<arg>VN</arg>
<arg>VU</arg>
<arg>WF</arg>
<arg>WS</arg>
<arg>XK</arg>
<arg>YE</arg>
<arg>YT</arg>
<arg>ZA</arg>
<arg>ZM</arg>
<arg>ZW</arg>
<doc>Returns a list containing given items.</doc>
<status status="PASS" start="2024-07-07T18:18:38.286003" elapsed="0.000620"/>
</kw>
<kw name="List Should Contain Value" owner="Collections">
<arg>${list_country}</arg>
<arg>${name_country}</arg>
<doc>Fails if the ``value`` is not found from ``list``.</doc>
<status status="PASS" start="2024-07-07T18:18:38.287408" elapsed="0.000198"/>
</kw>
<kw name="Run Keyword If" owner="BuiltIn">
<kw name="Should Be True" owner="BuiltIn">
<arg>${True}</arg>
<doc>Fails if the given condition is not true.</doc>
<status status="PASS" start="2024-07-07T18:18:38.288538" elapsed="0.000141"/>
</kw>
<arg>${json_data["results"][0]["location"]["coordinates"]["latitude"]} &gt;= -90 and ${json_data["results"][0]["location"]["coordinates"]["latitude"]} &lt;= 90</arg>
<arg>Should Be True</arg>
<arg>${True}</arg>
<doc>Runs the given keyword with the given arguments, if ``condition`` is true.</doc>
<status status="PASS" start="2024-07-07T18:18:38.287797" elapsed="0.001005"/>
</kw>
<kw name="Run Keyword If" owner="BuiltIn">
<kw name="Should Be True" owner="BuiltIn">
<arg>${True}</arg>
<doc>Fails if the given condition is not true.</doc>
<status status="PASS" start="2024-07-07T18:18:38.289701" elapsed="0.000239"/>
</kw>
<arg>${json_data["results"][0]["location"]["coordinates"]["longitude"]} &gt;= -180 and ${json_data["results"][0]["location"]["coordinates"]["longitude"]} &lt;= 180</arg>
<arg>Should Be True</arg>
<arg>${True}</arg>
<doc>Runs the given keyword with the given arguments, if ``condition`` is true.</doc>
<status status="PASS" start="2024-07-07T18:18:38.288980" elapsed="0.001088"/>
</kw>
<status status="PASS" start="2024-07-07T18:18:38.132569" elapsed="0.157630"/>
</kw>
<doc>Testa o conteúdo específico dos campos retornados pela API.</doc>
<tag>testeConteudo</tag>
<status status="PASS" start="2024-07-07T18:18:38.132032" elapsed="0.158315"/>
</test>
<status status="PASS" start="2024-07-07T18:18:37.299319" elapsed="0.993016"/>
</suite>
<status status="PASS" start="2024-07-07T18:18:37.284534" elapsed="1.012858"/>
</suite>
<statistics>
<total>
<stat pass="5" fail="0" skip="0">All Tests</stat>
</total>
<tag>
<stat pass="1" fail="0" skip="0">testeConteudo</stat>
<stat pass="1" fail="0" skip="0">testeEstruturaResposta</stat>
<stat pass="1" fail="0" skip="0">testeRequisicaoBasica</stat>
<stat pass="1" fail="0" skip="0">testeTiposDados</stat>
</tag>
<suite>
<stat pass="5" fail="0" skip="0" id="s1" name="Tests">Tests</stat>
<stat pass="5" fail="0" skip="0" id="s1-s1" name="Random-User-Test">Tests.Random-User-Test</stat>
</suite>
</statistics>
<errors>
</errors>
</robot>
