<?xml version="1.0" encoding="UTF-8"?>
<robot generator="Robot 7.0.1 (Python 3.12.4 on linux)" generated="2024-07-20T14:12:56.733658" rpa="false" schemaversion="5">
<suite id="s1" name="Tests" source="/home/runner/work/ApiRandomUser/ApiRandomUser/RamdonUser/tests">
<suite id="s1-s1" name="Random-User-Test" source="/home/runner/work/ApiRandomUser/ApiRandomUser/RamdonUser/tests/random-user-test.robot">
<test id="s1-s1-t1" name="Conectar" line="13">
<kw name="Conectar API" owner="random-user-service">
<kw name="Create Session" owner="RequestsLibrary">
<msg time="2024-07-20T14:12:57.132745" level="INFO">Creating Session using : alias=consultarAPI, url=https://randomuser.me/, headers={},                     cookies={}, auth=None, timeout=None, proxies=None, verify=False,                     debug=0 </msg>
<arg>consultarAPI</arg>
<arg>${URL}</arg>
<doc>Create Session: create a HTTP session to a server</doc>
<status status="PASS" start="2024-07-20T14:12:57.132550" elapsed="0.000373"/>
</kw>
<status status="PASS" start="2024-07-20T14:12:57.131525" elapsed="0.001758"/>
</kw>
<status status="PASS" start="2024-07-20T14:12:57.130933" elapsed="0.002542"/>
</test>
<test id="s1-s1-t2" name="Validar retorno 200 e JSON Válido" line="16">
<kw name="Teste de Requisicao Basica" owner="random-user-service">
<kw name="GET On Session" owner="RequestsLibrary">
<msg time="2024-07-20T14:12:57.416565" level="INFO">GET Request : url=https://randomuser.me/api 
 path_url=/api 
 headers={'User-Agent': 'python-requests/2.32.3', 'Accept-Encoding': 'gzip, deflate', 'Accept': '*/*', 'Connection': 'keep-alive'} 
 body=None 
 </msg>
<msg time="2024-07-20T14:12:57.416728" level="INFO">GET Response : url=https://randomuser.me/api 
 status=200, reason=OK 
 headers={'Date': 'Sat, 20 Jul 2024 14:12:57 GMT', 'Content-Type': 'application/json; charset=utf-8', 'Transfer-Encoding': 'chunked', 'Connection': 'keep-alive', 'X-Powered-By': 'Express', 'Access-Control-Allow-Origin': '*', 'Cache-Control': 'no-cache', 'ETag': 'W/"4a9-7HJDYDkR1+p4wcGXw1OnXgYE/gQ"', 'Vary': 'Accept-Encoding', 'Content-Encoding': 'gzip', 'CF-Cache-Status': 'DYNAMIC', 'Report-To': '{"endpoints":[{"url":"https:\\/\\/a.nel.cloudflare.com\\/report\\/v4?s=X8jhBgzaggzrrwX3fR%2BbeJ872Fdq5wkBlw1Ge6ac7dxTXaTqZ%2FrNY7oojhkUg5voGMjfDzKwWYSB3SBo0XahaH%2BuxwqHnNfTBiLHJmsacbMAxoHeUgDABIAVtwiZZSLZ"}],"group":"cf-nel","max_age":604800}', 'NEL': '{"success_fraction":0,"report_to":"cf-nel","max_age":604800}', 'Server': 'cloudflare', 'CF-RAY': '8a638c925d68824b-IAD', 'alt-svc': 'h3=":443"; ma=86400'} 
 body={"results":[{"gender":"male","name":{"title":"Mr","first":"Roope","last":"Rautio"},"location":{"street":{"number":4897,"name":"Aleksanterinkatu"},"city":"Rautalampi","state":"Central Finland","country":"Finland","postcode":11612,"coordinates":{"latitude":"-28.9254","longitude":"-146.4374"},"timezone":{"offset":"+5:00","description":"Ekaterinburg, Islamabad, Karachi, Tashkent"}},"email":"roope.rautio@example.com","login":{"uuid":"cca70b00-a0f0-483f-94d9-a4aff7230b4f","username":"ticklishmeercat707","password":"dotcom","salt":"Qc0bGm0M","md5":"db1747d88df120bb039a8d8e9e4c1477","sha1":"65350fae19f7c977779a4b8aecdc6ec55ba70f02","sha256":"a9dadfc0eea13109603ac9acd64654e199f3ce0086cf44413e65983d09f299bf"},"dob":{"date":"1959-07-24T01:28:52.906Z","age":64},"registered":{"date":"2015-06-22T04:16:41.294Z","age":9},"phone":"09-412-073","cell":"049-665-28-31","id":{"name":"HETU","value":"NaNNA687undefined"},"picture":{"large":"https://randomuser.me/api/portraits/men/99.jpg","medium":"https://randomuser.me/api/portraits/med/men/99.jpg","thumbnail":"https://randomuser.me/api/portraits/thumb/men/99.jpg"},"nat":"FI"}],"info":{"seed":"97aae272fa7d3482","results":1,"page":1,"version":"1.4"}} 
 </msg>
<msg time="2024-07-20T14:12:57.416821" level="INFO">/opt/hostedtoolcache/Python/3.12.4/x64/lib/python3.12/site-packages/urllib3/connectionpool.py:1099: InsecureRequestWarning: Unverified HTTPS request is being made to host 'randomuser.me'. Adding certificate verification is strongly advised. See: https://urllib3.readthedocs.io/en/latest/advanced-usage.html#tls-warnings
  warnings.warn(</msg>
<msg time="2024-07-20T14:12:57.416968" level="INFO">${response} = &lt;Response [200]&gt;</msg>
<var>${response}</var>
<arg>consultarAPI</arg>
<arg>/api</arg>
<doc>Sends a GET request on a previously created HTTP Session.</doc>
<status status="PASS" start="2024-07-20T14:12:57.136150" elapsed="0.280862"/>
</kw>
<kw name="Should Be Equal As Numbers" owner="BuiltIn">
<msg time="2024-07-20T14:12:57.417924" level="INFO">Argument types are:
&lt;class 'int'&gt;
&lt;class 'str'&gt;</msg>
<arg>${response.status_code}</arg>
<arg>200</arg>
<doc>Fails if objects are unequal after converting them to real numbers.</doc>
<status status="PASS" start="2024-07-20T14:12:57.417483" elapsed="0.000504"/>
</kw>
<kw name="Log" owner="BuiltIn">
<msg time="2024-07-20T14:12:57.418656" level="INFO">200</msg>
<arg>${response.status_code}</arg>
<doc>Logs the given message with the given level.</doc>
<status status="PASS" start="2024-07-20T14:12:57.418300" elapsed="0.000397"/>
</kw>
<kw name="Set Variable" owner="BuiltIn">
<msg time="2024-07-20T14:12:57.419486" level="INFO">${json_data} = {'results': [{'gender': 'male', 'name': {'title': 'Mr', 'first': 'Roope', 'last': 'Rautio'}, 'location': {'street': {'number': 4897, 'name': 'Aleksanterinkatu'}, 'city': 'Rautalampi', 'state': 'Centra...</msg>
<var>${json_data}</var>
<arg>${response.json()}</arg>
<doc>Returns the given values which can then be assigned to a variables.</doc>
<status status="PASS" start="2024-07-20T14:12:57.419056" elapsed="0.000458"/>
</kw>
<kw name="Dictionary Should Contain Key" owner="Collections">
<arg>${json_data}</arg>
<arg>results</arg>
<doc>Fails if ``key`` is not found from ``dictionary``.</doc>
<status status="PASS" start="2024-07-20T14:12:57.419816" elapsed="0.000303"/>
</kw>
<status status="PASS" start="2024-07-20T14:12:57.135910" elapsed="0.284358"/>
</kw>
<doc>Testa se a API responde corretamente e retorna um objeto JSON válido.</doc>
<tag>testeRequisicaoBasica</tag>
<status status="PASS" start="2024-07-20T14:12:57.135397" elapsed="0.285037"/>
</test>
<test id="s1-s1-t3" name="Validar estrutura de resposta" line="22">
<kw name="Teste de Estrutura de Resposta" owner="random-user-service">
<kw name="GET On Session" owner="RequestsLibrary">
<msg time="2024-07-20T14:12:57.509889" level="INFO">GET Request : url=https://randomuser.me/api 
 path_url=/api 
 headers={'User-Agent': 'python-requests/2.32.3', 'Accept-Encoding': 'gzip, deflate', 'Accept': '*/*', 'Connection': 'keep-alive'} 
 body=None 
 </msg>
<msg time="2024-07-20T14:12:57.509954" level="INFO">GET Response : url=https://randomuser.me/api 
 status=200, reason=OK 
 headers={'Date': 'Sat, 20 Jul 2024 14:12:57 GMT', 'Content-Type': 'application/json; charset=utf-8', 'Transfer-Encoding': 'chunked', 'Connection': 'keep-alive', 'X-Powered-By': 'Express', 'Access-Control-Allow-Origin': '*', 'Cache-Control': 'no-cache', 'ETag': 'W/"48f-HNDxR/uxlgRCAQqBiG7wqbGLDQ0"', 'Vary': 'Accept-Encoding', 'Content-Encoding': 'gzip', 'CF-Cache-Status': 'DYNAMIC', 'Report-To': '{"endpoints":[{"url":"https:\\/\\/a.nel.cloudflare.com\\/report\\/v4?s=FeuWUgZLTZlLWr1uf9pShrBwqH6M7czYzHzdgSmrkQuqaxhStADum4bWK9jgB%2BEcBQS1MFqGD5dr4WQEp8%2Fho6IA9%2BJPjimh0ZtcWPtqZgiU%2FjRQ9HZpzOKGN2Q4BhEP"}],"group":"cf-nel","max_age":604800}', 'NEL': '{"success_fraction":0,"report_to":"cf-nel","max_age":604800}', 'Server': 'cloudflare', 'CF-RAY': '8a638c92ee05824b-IAD', 'alt-svc': 'h3=":443"; ma=86400'} 
 body={"results":[{"gender":"male","name":{"title":"Mr","first":"Kalpit","last":"Dsouza"},"location":{"street":{"number":3369,"name":"Bhavani Peth"},"city":"Thane","state":"Jammu and Kashmir","country":"India","postcode":79971,"coordinates":{"latitude":"9.6105","longitude":"-70.0148"},"timezone":{"offset":"-6:00","description":"Central Time (US &amp; Canada), Mexico City"}},"email":"kalpit.dsouza@example.com","login":{"uuid":"84351e6c-3494-4bc4-947f-4ec0ef067c5f","username":"heavyzebra377","password":"discover","salt":"mrJqTXrY","md5":"420af3c2a3ed1e8de3e91820d402aa9c","sha1":"c855e0143afcebdb77a05af12032091c9cb6c476","sha256":"42d2d9f011c91acbf4426af59ffd726138ca114e90c71b28a743beaa9736beb0"},"dob":{"date":"1996-03-18T14:50:18.911Z","age":28},"registered":{"date":"2018-06-19T07:34:05.272Z","age":6},"phone":"9903473920","cell":"7999131747","id":{"name":"UIDAI","value":"205922339025"},"picture":{"large":"https://randomuser.me/api/portraits/men/3.jpg","medium":"https://randomuser.me/api/portraits/med/men/3.jpg","thumbnail":"https://randomuser.me/api/portraits/thumb/men/3.jpg"},"nat":"IN"}],"info":{"seed":"893e3751b82c08d0","results":1,"page":1,"version":"1.4"}} 
 </msg>
<msg time="2024-07-20T14:12:57.510048" level="INFO">/opt/hostedtoolcache/Python/3.12.4/x64/lib/python3.12/site-packages/urllib3/connectionpool.py:1099: InsecureRequestWarning: Unverified HTTPS request is being made to host 'randomuser.me'. Adding certificate verification is strongly advised. See: https://urllib3.readthedocs.io/en/latest/advanced-usage.html#tls-warnings
  warnings.warn(</msg>
<msg time="2024-07-20T14:12:57.510161" level="INFO">${response} = &lt;Response [200]&gt;</msg>
<var>${response}</var>
<arg>consultarAPI</arg>
<arg>/api</arg>
<doc>Sends a GET request on a previously created HTTP Session.</doc>
<status status="PASS" start="2024-07-20T14:12:57.423097" elapsed="0.087103"/>
</kw>
<kw name="Set Variable" owner="BuiltIn">
<msg time="2024-07-20T14:12:57.511077" level="INFO">${json_data} = {'results': [{'gender': 'male', 'name': {'title': 'Mr', 'first': 'Kalpit', 'last': 'Dsouza'}, 'location': {'street': {'number': 3369, 'name': 'Bhavani Peth'}, 'city': 'Thane', 'state': 'Jammu and Kash...</msg>
<var>${json_data}</var>
<arg>${response.json()}</arg>
<doc>Returns the given values which can then be assigned to a variables.</doc>
<status status="PASS" start="2024-07-20T14:12:57.510600" elapsed="0.000505"/>
</kw>
<kw name="Log" owner="BuiltIn">
<msg time="2024-07-20T14:12:57.511565" level="INFO">{'results': [{'gender': 'male', 'name': {'title': 'Mr', 'first': 'Kalpit', 'last': 'Dsouza'}, 'location': {'street': {'number': 3369, 'name': 'Bhavani Peth'}, 'city': 'Thane', 'state': 'Jammu and Kashmir', 'country': 'India', 'postcode': 79971, 'coordinates': {'latitude': '9.6105', 'longitude': '-70.0148'}, 'timezone': {'offset': '-6:00', 'description': 'Central Time (US &amp; Canada), Mexico City'}}, 'email': 'kalpit.dsouza@example.com', 'login': {'uuid': '84351e6c-3494-4bc4-947f-4ec0ef067c5f', 'username': 'heavyzebra377', 'password': 'discover', 'salt': 'mrJqTXrY', 'md5': '420af3c2a3ed1e8de3e91820d402aa9c', 'sha1': 'c855e0143afcebdb77a05af12032091c9cb6c476', 'sha256': '42d2d9f011c91acbf4426af59ffd726138ca114e90c71b28a743beaa9736beb0'}, 'dob': {'date': '1996-03-18T14:50:18.911Z', 'age': 28}, 'registered': {'date': '2018-06-19T07:34:05.272Z', 'age': 6}, 'phone': '9903473920', 'cell': '7999131747', 'id': {'name': 'UIDAI', 'value': '205922339025'}, 'picture': {'large': 'https://randomuser.me/api/portraits/men/3.jpg', 'medium': 'https://randomuser.me/api/portraits/med/men/3.jpg', 'thumbnail': 'https://randomuser.me/api/portraits/thumb/men/3.jpg'}, 'nat': 'IN'}], 'info': {'seed': '893e3751b82c08d0', 'results': 1, 'page': 1, 'version': '1.4'}}</msg>
<arg>${json_data}</arg>
<doc>Logs the given message with the given level.</doc>
<status status="PASS" start="2024-07-20T14:12:57.511409" elapsed="0.000205"/>
</kw>
<kw name="Dictionary Should Contain Key" owner="Collections">
<arg>${json_data}</arg>
<arg>results</arg>
<doc>Fails if ``key`` is not found from ``dictionary``.</doc>
<status status="PASS" start="2024-07-20T14:12:57.511900" elapsed="0.000153"/>
</kw>
<kw name="Should Not Be Empty" owner="BuiltIn">
<msg time="2024-07-20T14:12:57.512359" level="INFO">Length is 2.</msg>
<arg>${json_data}</arg>
<doc>Verifies that the given item is not empty.</doc>
<status status="PASS" start="2024-07-20T14:12:57.512232" elapsed="0.000168"/>
</kw>
<kw name="Create List" owner="BuiltIn">
<msg time="2024-07-20T14:12:57.512827" level="INFO">${expected_keys} = ['gender', 'name', 'location', 'email', 'login']</msg>
<var>${expected_keys}</var>
<arg>gender</arg>
<arg>name</arg>
<arg>location</arg>
<arg>email</arg>
<arg>login</arg>
<doc>Returns a list containing given items.</doc>
<status status="PASS" start="2024-07-20T14:12:57.512680" elapsed="0.000171"/>
</kw>
<for flavor="IN">
<iter>
<kw name="Dictionary Should Contain Key" owner="Collections">
<arg>${json_data['results'][0]}</arg>
<arg>${key}</arg>
<doc>Fails if ``key`` is not found from ``dictionary``.</doc>
<status status="PASS" start="2024-07-20T14:12:57.513410" elapsed="0.000415"/>
</kw>
<kw name="Log" owner="BuiltIn">
<msg time="2024-07-20T14:12:57.514358" level="INFO">{'gender': 'male', 'name': {'title': 'Mr', 'first': 'Kalpit', 'last': 'Dsouza'}, 'location': {'street': {'number': 3369, 'name': 'Bhavani Peth'}, 'city': 'Thane', 'state': 'Jammu and Kashmir', 'country': 'India', 'postcode': 79971, 'coordinates': {'latitude': '9.6105', 'longitude': '-70.0148'}, 'timezone': {'offset': '-6:00', 'description': 'Central Time (US &amp; Canada), Mexico City'}}, 'email': 'kalpit.dsouza@example.com', 'login': {'uuid': '84351e6c-3494-4bc4-947f-4ec0ef067c5f', 'username': 'heavyzebra377', 'password': 'discover', 'salt': 'mrJqTXrY', 'md5': '420af3c2a3ed1e8de3e91820d402aa9c', 'sha1': 'c855e0143afcebdb77a05af12032091c9cb6c476', 'sha256': '42d2d9f011c91acbf4426af59ffd726138ca114e90c71b28a743beaa9736beb0'}, 'dob': {'date': '1996-03-18T14:50:18.911Z', 'age': 28}, 'registered': {'date': '2018-06-19T07:34:05.272Z', 'age': 6}, 'phone': '9903473920', 'cell': '7999131747', 'id': {'name': 'UIDAI', 'value': '205922339025'}, 'picture': {'large': 'https://randomuser.me/api/portraits/men/3.jpg', 'medium': 'https://randomuser.me/api/portraits/med/men/3.jpg', 'thumbnail': 'https://randomuser.me/api/portraits/thumb/men/3.jpg'}, 'nat': 'IN'}</msg>
<arg>${json_data['results'][0]}</arg>
<doc>Logs the given message with the given level.</doc>
<status status="PASS" start="2024-07-20T14:12:57.514010" elapsed="0.000398"/>
</kw>
<kw name="Log" owner="BuiltIn">
<msg time="2024-07-20T14:12:57.514864" level="INFO">gender</msg>
<arg>${key}</arg>
<doc>Logs the given message with the given level.</doc>
<status status="PASS" start="2024-07-20T14:12:57.514706" elapsed="0.000195"/>
</kw>
<var name="${key}">gender</var>
<status status="PASS" start="2024-07-20T14:12:57.513285" elapsed="0.001833"/>
</iter>
<iter>
<kw name="Dictionary Should Contain Key" owner="Collections">
<arg>${json_data['results'][0]}</arg>
<arg>${key}</arg>
<doc>Fails if ``key`` is not found from ``dictionary``.</doc>
<status status="PASS" start="2024-07-20T14:12:57.515407" elapsed="0.000378"/>
</kw>
<kw name="Log" owner="BuiltIn">
<msg time="2024-07-20T14:12:57.516313" level="INFO">{'gender': 'male', 'name': {'title': 'Mr', 'first': 'Kalpit', 'last': 'Dsouza'}, 'location': {'street': {'number': 3369, 'name': 'Bhavani Peth'}, 'city': 'Thane', 'state': 'Jammu and Kashmir', 'country': 'India', 'postcode': 79971, 'coordinates': {'latitude': '9.6105', 'longitude': '-70.0148'}, 'timezone': {'offset': '-6:00', 'description': 'Central Time (US &amp; Canada), Mexico City'}}, 'email': 'kalpit.dsouza@example.com', 'login': {'uuid': '84351e6c-3494-4bc4-947f-4ec0ef067c5f', 'username': 'heavyzebra377', 'password': 'discover', 'salt': 'mrJqTXrY', 'md5': '420af3c2a3ed1e8de3e91820d402aa9c', 'sha1': 'c855e0143afcebdb77a05af12032091c9cb6c476', 'sha256': '42d2d9f011c91acbf4426af59ffd726138ca114e90c71b28a743beaa9736beb0'}, 'dob': {'date': '1996-03-18T14:50:18.911Z', 'age': 28}, 'registered': {'date': '2018-06-19T07:34:05.272Z', 'age': 6}, 'phone': '9903473920', 'cell': '7999131747', 'id': {'name': 'UIDAI', 'value': '205922339025'}, 'picture': {'large': 'https://randomuser.me/api/portraits/men/3.jpg', 'medium': 'https://randomuser.me/api/portraits/med/men/3.jpg', 'thumbnail': 'https://randomuser.me/api/portraits/thumb/men/3.jpg'}, 'nat': 'IN'}</msg>
<arg>${json_data['results'][0]}</arg>
<doc>Logs the given message with the given level.</doc>
<status status="PASS" start="2024-07-20T14:12:57.515963" elapsed="0.000431"/>
</kw>
<kw name="Log" owner="BuiltIn">
<msg time="2024-07-20T14:12:57.516810" level="INFO">name</msg>
<arg>${key}</arg>
<doc>Logs the given message with the given level.</doc>
<status status="PASS" start="2024-07-20T14:12:57.516687" elapsed="0.000159"/>
</kw>
<var name="${key}">name</var>
<status status="PASS" start="2024-07-20T14:12:57.515297" elapsed="0.001759"/>
</iter>
<iter>
<kw name="Dictionary Should Contain Key" owner="Collections">
<arg>${json_data['results'][0]}</arg>
<arg>${key}</arg>
<doc>Fails if ``key`` is not found from ``dictionary``.</doc>
<status status="PASS" start="2024-07-20T14:12:57.517333" elapsed="0.000375"/>
</kw>
<kw name="Log" owner="BuiltIn">
<msg time="2024-07-20T14:12:57.518241" level="INFO">{'gender': 'male', 'name': {'title': 'Mr', 'first': 'Kalpit', 'last': 'Dsouza'}, 'location': {'street': {'number': 3369, 'name': 'Bhavani Peth'}, 'city': 'Thane', 'state': 'Jammu and Kashmir', 'country': 'India', 'postcode': 79971, 'coordinates': {'latitude': '9.6105', 'longitude': '-70.0148'}, 'timezone': {'offset': '-6:00', 'description': 'Central Time (US &amp; Canada), Mexico City'}}, 'email': 'kalpit.dsouza@example.com', 'login': {'uuid': '84351e6c-3494-4bc4-947f-4ec0ef067c5f', 'username': 'heavyzebra377', 'password': 'discover', 'salt': 'mrJqTXrY', 'md5': '420af3c2a3ed1e8de3e91820d402aa9c', 'sha1': 'c855e0143afcebdb77a05af12032091c9cb6c476', 'sha256': '42d2d9f011c91acbf4426af59ffd726138ca114e90c71b28a743beaa9736beb0'}, 'dob': {'date': '1996-03-18T14:50:18.911Z', 'age': 28}, 'registered': {'date': '2018-06-19T07:34:05.272Z', 'age': 6}, 'phone': '9903473920', 'cell': '7999131747', 'id': {'name': 'UIDAI', 'value': '205922339025'}, 'picture': {'large': 'https://randomuser.me/api/portraits/men/3.jpg', 'medium': 'https://randomuser.me/api/portraits/med/men/3.jpg', 'thumbnail': 'https://randomuser.me/api/portraits/thumb/men/3.jpg'}, 'nat': 'IN'}</msg>
<arg>${json_data['results'][0]}</arg>
<doc>Logs the given message with the given level.</doc>
<status status="PASS" start="2024-07-20T14:12:57.517896" elapsed="0.000394"/>
</kw>
<kw name="Log" owner="BuiltIn">
<msg time="2024-07-20T14:12:57.518705" level="INFO">location</msg>
<arg>${key}</arg>
<doc>Logs the given message with the given level.</doc>
<status status="PASS" start="2024-07-20T14:12:57.518581" elapsed="0.000161"/>
</kw>
<var name="${key}">location</var>
<status status="PASS" start="2024-07-20T14:12:57.517229" elapsed="0.001788"/>
</iter>
<iter>
<kw name="Dictionary Should Contain Key" owner="Collections">
<arg>${json_data['results'][0]}</arg>
<arg>${key}</arg>
<doc>Fails if ``key`` is not found from ``dictionary``.</doc>
<status status="PASS" start="2024-07-20T14:12:57.519296" elapsed="0.000385"/>
</kw>
<kw name="Log" owner="BuiltIn">
<msg time="2024-07-20T14:12:57.520325" level="INFO">{'gender': 'male', 'name': {'title': 'Mr', 'first': 'Kalpit', 'last': 'Dsouza'}, 'location': {'street': {'number': 3369, 'name': 'Bhavani Peth'}, 'city': 'Thane', 'state': 'Jammu and Kashmir', 'country': 'India', 'postcode': 79971, 'coordinates': {'latitude': '9.6105', 'longitude': '-70.0148'}, 'timezone': {'offset': '-6:00', 'description': 'Central Time (US &amp; Canada), Mexico City'}}, 'email': 'kalpit.dsouza@example.com', 'login': {'uuid': '84351e6c-3494-4bc4-947f-4ec0ef067c5f', 'username': 'heavyzebra377', 'password': 'discover', 'salt': 'mrJqTXrY', 'md5': '420af3c2a3ed1e8de3e91820d402aa9c', 'sha1': 'c855e0143afcebdb77a05af12032091c9cb6c476', 'sha256': '42d2d9f011c91acbf4426af59ffd726138ca114e90c71b28a743beaa9736beb0'}, 'dob': {'date': '1996-03-18T14:50:18.911Z', 'age': 28}, 'registered': {'date': '2018-06-19T07:34:05.272Z', 'age': 6}, 'phone': '9903473920', 'cell': '7999131747', 'id': {'name': 'UIDAI', 'value': '205922339025'}, 'picture': {'large': 'https://randomuser.me/api/portraits/men/3.jpg', 'medium': 'https://randomuser.me/api/portraits/med/men/3.jpg', 'thumbnail': 'https://randomuser.me/api/portraits/thumb/men/3.jpg'}, 'nat': 'IN'}</msg>
<arg>${json_data['results'][0]}</arg>
<doc>Logs the given message with the given level.</doc>
<status status="PASS" start="2024-07-20T14:12:57.519976" elapsed="0.000399"/>
</kw>
<kw name="Log" owner="BuiltIn">
<msg time="2024-07-20T14:12:57.520795" level="INFO">email</msg>
<arg>${key}</arg>
<doc>Logs the given message with the given level.</doc>
<status status="PASS" start="2024-07-20T14:12:57.520669" elapsed="0.000164"/>
</kw>
<var name="${key}">email</var>
<status status="PASS" start="2024-07-20T14:12:57.519188" elapsed="0.001855"/>
</iter>
<iter>
<kw name="Dictionary Should Contain Key" owner="Collections">
<arg>${json_data['results'][0]}</arg>
<arg>${key}</arg>
<doc>Fails if ``key`` is not found from ``dictionary``.</doc>
<status status="PASS" start="2024-07-20T14:12:57.521318" elapsed="0.000372"/>
</kw>
<kw name="Log" owner="BuiltIn">
<msg time="2024-07-20T14:12:57.522216" level="INFO">{'gender': 'male', 'name': {'title': 'Mr', 'first': 'Kalpit', 'last': 'Dsouza'}, 'location': {'street': {'number': 3369, 'name': 'Bhavani Peth'}, 'city': 'Thane', 'state': 'Jammu and Kashmir', 'country': 'India', 'postcode': 79971, 'coordinates': {'latitude': '9.6105', 'longitude': '-70.0148'}, 'timezone': {'offset': '-6:00', 'description': 'Central Time (US &amp; Canada), Mexico City'}}, 'email': 'kalpit.dsouza@example.com', 'login': {'uuid': '84351e6c-3494-4bc4-947f-4ec0ef067c5f', 'username': 'heavyzebra377', 'password': 'discover', 'salt': 'mrJqTXrY', 'md5': '420af3c2a3ed1e8de3e91820d402aa9c', 'sha1': 'c855e0143afcebdb77a05af12032091c9cb6c476', 'sha256': '42d2d9f011c91acbf4426af59ffd726138ca114e90c71b28a743beaa9736beb0'}, 'dob': {'date': '1996-03-18T14:50:18.911Z', 'age': 28}, 'registered': {'date': '2018-06-19T07:34:05.272Z', 'age': 6}, 'phone': '9903473920', 'cell': '7999131747', 'id': {'name': 'UIDAI', 'value': '205922339025'}, 'picture': {'large': 'https://randomuser.me/api/portraits/men/3.jpg', 'medium': 'https://randomuser.me/api/portraits/med/men/3.jpg', 'thumbnail': 'https://randomuser.me/api/portraits/thumb/men/3.jpg'}, 'nat': 'IN'}</msg>
<arg>${json_data['results'][0]}</arg>
<doc>Logs the given message with the given level.</doc>
<status status="PASS" start="2024-07-20T14:12:57.521871" elapsed="0.000394"/>
</kw>
<kw name="Log" owner="BuiltIn">
<msg time="2024-07-20T14:12:57.522690" level="INFO">login</msg>
<arg>${key}</arg>
<doc>Logs the given message with the given level.</doc>
<status status="PASS" start="2024-07-20T14:12:57.522562" elapsed="0.000166"/>
</kw>
<var name="${key}">login</var>
<status status="PASS" start="2024-07-20T14:12:57.521213" elapsed="0.001769"/>
</iter>
<var>${key}</var>
<value>@{expected_keys}</value>
<status status="PASS" start="2024-07-20T14:12:57.513106" elapsed="0.010004"/>
</for>
<kw name="Create List" owner="BuiltIn">
<msg time="2024-07-20T14:12:57.523427" level="INFO">${expected_keysTwo} = ['username', 'password']</msg>
<var>${expected_keysTwo}</var>
<arg>username</arg>
<arg>password</arg>
<doc>Returns a list containing given items.</doc>
<status status="PASS" start="2024-07-20T14:12:57.523296" elapsed="0.000182"/>
</kw>
<for flavor="IN">
<iter>
<kw name="Dictionary Should Contain Key" owner="Collections">
<arg>${json_data['results'][0]['login']}</arg>
<arg>${keyTwo}</arg>
<doc>Fails if ``key`` is not found from ``dictionary``.</doc>
<status status="PASS" start="2024-07-20T14:12:57.523978" elapsed="0.000376"/>
</kw>
<kw name="Dictionary Should Contain Key" owner="Collections">
<arg>${json_data['results'][0]['login']}</arg>
<arg>${keyTwo}</arg>
<doc>Fails if ``key`` is not found from ``dictionary``.</doc>
<status status="PASS" start="2024-07-20T14:12:57.524531" elapsed="0.000372"/>
</kw>
<kw name="Log" owner="BuiltIn">
<msg time="2024-07-20T14:12:57.525194" level="INFO">username</msg>
<arg>${keyTwo}</arg>
<doc>Logs the given message with the given level.</doc>
<status status="PASS" start="2024-07-20T14:12:57.525075" elapsed="0.000155"/>
</kw>
<var name="${keyTwo}">username</var>
<status status="PASS" start="2024-07-20T14:12:57.523872" elapsed="0.001573"/>
</iter>
<iter>
<kw name="Dictionary Should Contain Key" owner="Collections">
<arg>${json_data['results'][0]['login']}</arg>
<arg>${keyTwo}</arg>
<doc>Fails if ``key`` is not found from ``dictionary``.</doc>
<status status="PASS" start="2024-07-20T14:12:57.525721" elapsed="0.000371"/>
</kw>
<kw name="Dictionary Should Contain Key" owner="Collections">
<arg>${json_data['results'][0]['login']}</arg>
<arg>${keyTwo}</arg>
<doc>Fails if ``key`` is not found from ``dictionary``.</doc>
<status status="PASS" start="2024-07-20T14:12:57.526267" elapsed="0.000369"/>
</kw>
<kw name="Log" owner="BuiltIn">
<msg time="2024-07-20T14:12:57.526984" level="INFO">password</msg>
<arg>${keyTwo}</arg>
<doc>Logs the given message with the given level.</doc>
<status status="PASS" start="2024-07-20T14:12:57.526846" elapsed="0.000176"/>
</kw>
<var name="${keyTwo}">password</var>
<status status="PASS" start="2024-07-20T14:12:57.525612" elapsed="0.001627"/>
</iter>
<var>${keyTwo}</var>
<value>@{expected_keysTwo}</value>
<status status="PASS" start="2024-07-20T14:12:57.523725" elapsed="0.003634"/>
</for>
<status status="PASS" start="2024-07-20T14:12:57.422851" elapsed="0.104641"/>
</kw>
<doc>Testa a estrutura da resposta da API.</doc>
<tag>testeEstruturaResposta</tag>
<status status="PASS" start="2024-07-20T14:12:57.422223" elapsed="0.105411"/>
</test>
<test id="s1-s1-t4" name="Validar tipos de dados" line="28">
<kw name="Teste de Tipos de Dados" owner="random-user-service">
<kw name="GET On Session" owner="RequestsLibrary">
<msg time="2024-07-20T14:12:57.582707" level="INFO">GET Request : url=https://randomuser.me/api 
 path_url=/api 
 headers={'User-Agent': 'python-requests/2.32.3', 'Accept-Encoding': 'gzip, deflate', 'Accept': '*/*', 'Connection': 'keep-alive'} 
 body=None 
 </msg>
<msg time="2024-07-20T14:12:57.582833" level="INFO">GET Response : url=https://randomuser.me/api 
 status=200, reason=OK 
 headers={'Date': 'Sat, 20 Jul 2024 14:12:57 GMT', 'Content-Type': 'application/json; charset=utf-8', 'Transfer-Encoding': 'chunked', 'Connection': 'keep-alive', 'X-Powered-By': 'Express', 'Access-Control-Allow-Origin': '*', 'Cache-Control': 'no-cache', 'ETag': 'W/"493-3Lw0GxKuw/igIvNXpxyw4Qfa3RU"', 'Vary': 'Accept-Encoding', 'Content-Encoding': 'gzip', 'CF-Cache-Status': 'DYNAMIC', 'Report-To': '{"endpoints":[{"url":"https:\\/\\/a.nel.cloudflare.com\\/report\\/v4?s=RdF%2FFc5SI%2BSoyKn%2BEviA%2F1Kp8xQf%2B53yqfN2Q9c2fK%2BA20tjLN8whsfeX0K%2BpoVpLPNJNH8M%2BhMrmwiXoFJ4NjZWfjXNYnpzSCcNqpPEGVxRVxOw%2FwhsUvflGN1Y87zk"}],"group":"cf-nel","max_age":604800}', 'NEL': '{"success_fraction":0,"report_to":"cf-nel","max_age":604800}', 'Server': 'cloudflare', 'CF-RAY': '8a638c939ed6824b-IAD', 'alt-svc': 'h3=":443"; ma=86400'} 
 body={"results":[{"gender":"male","name":{"title":"Mr","first":"Paul","last":"Carroll"},"location":{"street":{"number":4148,"name":"Shady Ln Dr"},"city":"Cairns","state":"Western Australia","country":"Australia","postcode":9543,"coordinates":{"latitude":"-84.0644","longitude":"-174.0116"},"timezone":{"offset":"+9:00","description":"Tokyo, Seoul, Osaka, Sapporo, Yakutsk"}},"email":"paul.carroll@example.com","login":{"uuid":"c2d6c4f7-6463-4a7d-8c2c-251e3311a8bb","username":"blackrabbit253","password":"rollin","salt":"ApznPBZW","md5":"02a7c85979f80facd95d9ccdde02f3a4","sha1":"f9e48d8a15680b490c8fe42e4b83b3456ccd6097","sha256":"8b78930844be531ef03855e55a383a8b3e21a19f86ea44af47147d3297b24093"},"dob":{"date":"1965-08-02T06:34:22.116Z","age":58},"registered":{"date":"2004-02-12T00:57:41.473Z","age":20},"phone":"02-2116-5673","cell":"0422-680-590","id":{"name":"TFN","value":"558492060"},"picture":{"large":"https://randomuser.me/api/portraits/men/91.jpg","medium":"https://randomuser.me/api/portraits/med/men/91.jpg","thumbnail":"https://randomuser.me/api/portraits/thumb/men/91.jpg"},"nat":"AU"}],"info":{"seed":"643685d05718cb77","results":1,"page":1,"version":"1.4"}} 
 </msg>
<msg time="2024-07-20T14:12:57.582918" level="INFO">/opt/hostedtoolcache/Python/3.12.4/x64/lib/python3.12/site-packages/urllib3/connectionpool.py:1099: InsecureRequestWarning: Unverified HTTPS request is being made to host 'randomuser.me'. Adding certificate verification is strongly advised. See: https://urllib3.readthedocs.io/en/latest/advanced-usage.html#tls-warnings
  warnings.warn(</msg>
<msg time="2024-07-20T14:12:57.583037" level="INFO">${response} = &lt;Response [200]&gt;</msg>
<var>${response}</var>
<arg>consultarAPI</arg>
<arg>/api</arg>
<doc>Sends a GET request on a previously created HTTP Session.</doc>
<status status="PASS" start="2024-07-20T14:12:57.530118" elapsed="0.052974"/>
</kw>
<kw name="Set Variable" owner="BuiltIn">
<msg time="2024-07-20T14:12:57.584200" level="INFO">${json_data} = {'results': [{'gender': 'male', 'name': {'title': 'Mr', 'first': 'Paul', 'last': 'Carroll'}, 'location': {'street': {'number': 4148, 'name': 'Shady Ln Dr'}, 'city': 'Cairns', 'state': 'Western Austral...</msg>
<var>${json_data}</var>
<arg>${response.json()}</arg>
<doc>Returns the given values which can then be assigned to a variables.</doc>
<status status="PASS" start="2024-07-20T14:12:57.583653" elapsed="0.000575"/>
</kw>
<kw name="Log" owner="BuiltIn">
<msg time="2024-07-20T14:12:57.584692" level="INFO">{'results': [{'gender': 'male', 'name': {'title': 'Mr', 'first': 'Paul', 'last': 'Carroll'}, 'location': {'street': {'number': 4148, 'name': 'Shady Ln Dr'}, 'city': 'Cairns', 'state': 'Western Australia', 'country': 'Australia', 'postcode': 9543, 'coordinates': {'latitude': '-84.0644', 'longitude': '-174.0116'}, 'timezone': {'offset': '+9:00', 'description': 'Tokyo, Seoul, Osaka, Sapporo, Yakutsk'}}, 'email': 'paul.carroll@example.com', 'login': {'uuid': 'c2d6c4f7-6463-4a7d-8c2c-251e3311a8bb', 'username': 'blackrabbit253', 'password': 'rollin', 'salt': 'ApznPBZW', 'md5': '02a7c85979f80facd95d9ccdde02f3a4', 'sha1': 'f9e48d8a15680b490c8fe42e4b83b3456ccd6097', 'sha256': '8b78930844be531ef03855e55a383a8b3e21a19f86ea44af47147d3297b24093'}, 'dob': {'date': '1965-08-02T06:34:22.116Z', 'age': 58}, 'registered': {'date': '2004-02-12T00:57:41.473Z', 'age': 20}, 'phone': '02-2116-5673', 'cell': '0422-680-590', 'id': {'name': 'TFN', 'value': '558492060'}, 'picture': {'large': 'https://randomuser.me/api/portraits/men/91.jpg', 'medium': 'https://randomuser.me/api/portraits/med/men/91.jpg', 'thumbnail': 'https://randomuser.me/api/portraits/thumb/men/91.jpg'}, 'nat': 'AU'}], 'info': {'seed': '643685d05718cb77', 'results': 1, 'page': 1, 'version': '1.4'}}</msg>
<arg>${json_data}</arg>
<doc>Logs the given message with the given level.</doc>
<status status="PASS" start="2024-07-20T14:12:57.584541" elapsed="0.000199"/>
</kw>
<kw name="Should Be String" owner="String">
<arg>${json_data['results'][0]['gender']}</arg>
<doc>Fails if the given ``item`` is not a string.</doc>
<status status="PASS" start="2024-07-20T14:12:57.585028" elapsed="0.000378"/>
</kw>
<kw name="Should Match Regexp" owner="BuiltIn">
<arg>${json_data['results'][0]['email']}</arg>
<arg>^[a-zA-Z0-9._%+-]+@[a-zA-Z0-9.-]+\.[a-zA-Z]{2,}$</arg>
<doc>Fails if ``string`` does not match ``pattern`` as a regular expression.</doc>
<status status="PASS" start="2024-07-20T14:12:57.585590" elapsed="0.000548"/>
</kw>
<kw name="Should Match Regexp" owner="BuiltIn">
<arg>${json_data['results'][0]['dob']['date']}</arg>
<arg>\\d{4}-\\d{2}-\\d{2}T\\d{2}:\\d{2}:\\d{2}\\.\\d{3}Z</arg>
<doc>Fails if ``string`` does not match ``pattern`` as a regular expression.</doc>
<status status="PASS" start="2024-07-20T14:12:57.586334" elapsed="0.000629"/>
</kw>
<kw name="Should Match Regexp" owner="BuiltIn">
<arg>${json_data['results'][0]['registered']['date']}</arg>
<arg>\\d{4}-\\d{2}-\\d{2}T\\d{2}:\\d{2}:\\d{2}\\.\\d{3}Z</arg>
<doc>Fails if ``string`` does not match ``pattern`` as a regular expression.</doc>
<status status="PASS" start="2024-07-20T14:12:57.587165" elapsed="0.000375"/>
</kw>
<kw name="Should Match Regexp" owner="BuiltIn">
<arg>${json_data['results'][0]['picture']['large']}</arg>
<arg>^https?://.*\.(?:png|jpe?g|gif|bmp)$</arg>
<doc>Fails if ``string`` does not match ``pattern`` as a regular expression.</doc>
<status status="PASS" start="2024-07-20T14:12:57.587728" elapsed="0.000471"/>
</kw>
<kw name="Should Match Regexp" owner="BuiltIn">
<arg>${json_data['results'][0]['picture']['medium']}</arg>
<arg>^https?://.*\.(?:png|jpe?g|gif|bmp)$</arg>
<doc>Fails if ``string`` does not match ``pattern`` as a regular expression.</doc>
<status status="PASS" start="2024-07-20T14:12:57.588388" elapsed="0.000366"/>
</kw>
<kw name="Should Match Regexp" owner="BuiltIn">
<arg>${json_data['results'][0]['picture']['thumbnail']}</arg>
<arg>^https?://.*\.(?:png|jpe?g|gif|bmp)$</arg>
<doc>Fails if ``string`` does not match ``pattern`` as a regular expression.</doc>
<status status="PASS" start="2024-07-20T14:12:57.588939" elapsed="0.000359"/>
</kw>
<kw name="Log" owner="BuiltIn">
<msg time="2024-07-20T14:12:57.589799" level="INFO">{'large': 'https://randomuser.me/api/portraits/men/91.jpg', 'medium': 'https://randomuser.me/api/portraits/med/men/91.jpg', 'thumbnail': 'https://randomuser.me/api/portraits/thumb/men/91.jpg'}</msg>
<arg>${json_data['results'][0]['picture']}</arg>
<doc>Logs the given message with the given level.</doc>
<status status="PASS" start="2024-07-20T14:12:57.589480" elapsed="0.000361"/>
</kw>
<status status="PASS" start="2024-07-20T14:12:57.529899" elapsed="0.060193"/>
</kw>
<kw name="Teste de Tipos de Dados - Postcode" owner="random-user-service">
<kw name="GET On Session" owner="RequestsLibrary">
<msg time="2024-07-20T14:12:57.686523" level="INFO">GET Request : url=https://randomuser.me/api 
 path_url=/api 
 headers={'User-Agent': 'python-requests/2.32.3', 'Accept-Encoding': 'gzip, deflate', 'Accept': '*/*', 'Connection': 'keep-alive'} 
 body=None 
 </msg>
<msg time="2024-07-20T14:12:57.686606" level="INFO">GET Response : url=https://randomuser.me/api 
 status=200, reason=OK 
 headers={'Date': 'Sat, 20 Jul 2024 14:12:57 GMT', 'Content-Type': 'application/json; charset=utf-8', 'Transfer-Encoding': 'chunked', 'Connection': 'keep-alive', 'X-Powered-By': 'Express', 'Access-Control-Allow-Origin': '*', 'Cache-Control': 'no-cache', 'ETag': 'W/"496-7xeA2b7n+zVq8qa36brvlvLIiAk"', 'Vary': 'Accept-Encoding', 'Content-Encoding': 'gzip', 'CF-Cache-Status': 'DYNAMIC', 'Report-To': '{"endpoints":[{"url":"https:\\/\\/a.nel.cloudflare.com\\/report\\/v4?s=u1Oq6Q1o6L%2BQr6lunWRmBtoTSO%2B3wQd37B5Z08Y9ATmQXvVSpBsJkdVs9dNCyJeF8dZ5OaJBz6ZjWozguM7VhBz3VOa80kZ7lxurS1KzFuyIUlmE5oGm6XovDjVE2Bwc"}],"group":"cf-nel","max_age":604800}', 'NEL': '{"success_fraction":0,"report_to":"cf-nel","max_age":604800}', 'Server': 'cloudflare', 'CF-RAY': '8a638c93ff51824b-IAD', 'alt-svc': 'h3=":443"; ma=86400'} 
 body={"results":[{"gender":"female","name":{"title":"Miss","first":"Carla","last":"Morrison"},"location":{"street":{"number":3866,"name":"Wheeler Ridge Dr"},"city":"Kent","state":"Wisconsin","country":"United States","postcode":50070,"coordinates":{"latitude":"84.2452","longitude":"102.8053"},"timezone":{"offset":"-11:00","description":"Midway Island, Samoa"}},"email":"carla.morrison@example.com","login":{"uuid":"29406f7f-7c8d-45b3-b50d-75b11388e85b","username":"smallladybug400","password":"369369","salt":"XG2vSnUu","md5":"7220f3abcb190da818ed442c2657a7d7","sha1":"e200ca059b21323a9664773a9e1d7d06ee74c5d9","sha256":"45889714d9992e3c4a8ba71006503af7f0aa688744f1839013e5573c426c0278"},"dob":{"date":"1983-12-12T17:46:39.555Z","age":40},"registered":{"date":"2003-07-21T23:28:24.834Z","age":20},"phone":"(355) 953-6479","cell":"(883) 964-8309","id":{"name":"SSN","value":"245-48-8826"},"picture":{"large":"https://randomuser.me/api/portraits/women/11.jpg","medium":"https://randomuser.me/api/portraits/med/women/11.jpg","thumbnail":"https://randomuser.me/api/portraits/thumb/women/11.jpg"},"nat":"US"}],"info":{"seed":"ec37820b4adff50f","results":1,"page":1,"version":"1.4"}} 
 </msg>
<msg time="2024-07-20T14:12:57.686677" level="INFO">/opt/hostedtoolcache/Python/3.12.4/x64/lib/python3.12/site-packages/urllib3/connectionpool.py:1099: InsecureRequestWarning: Unverified HTTPS request is being made to host 'randomuser.me'. Adding certificate verification is strongly advised. See: https://urllib3.readthedocs.io/en/latest/advanced-usage.html#tls-warnings
  warnings.warn(</msg>
<msg time="2024-07-20T14:12:57.686816" level="INFO">${response} = &lt;Response [200]&gt;</msg>
<var>${response}</var>
<arg>consultarAPI</arg>
<arg>/api</arg>
<doc>Sends a GET request on a previously created HTTP Session.</doc>
<status status="PASS" start="2024-07-20T14:12:57.590507" elapsed="0.096368"/>
</kw>
<kw name="Set Variable" owner="BuiltIn">
<msg time="2024-07-20T14:12:57.687951" level="INFO">${json_data} = {'results': [{'gender': 'female', 'name': {'title': 'Miss', 'first': 'Carla', 'last': 'Morrison'}, 'location': {'street': {'number': 3866, 'name': 'Wheeler Ridge Dr'}, 'city': 'Kent', 'state': 'Wiscon...</msg>
<var>${json_data}</var>
<arg>${response.json()}</arg>
<doc>Returns the given values which can then be assigned to a variables.</doc>
<status status="PASS" start="2024-07-20T14:12:57.687394" elapsed="0.000586"/>
</kw>
<kw name="Log" owner="BuiltIn">
<msg time="2024-07-20T14:12:57.688428" level="INFO">{'results': [{'gender': 'female', 'name': {'title': 'Miss', 'first': 'Carla', 'last': 'Morrison'}, 'location': {'street': {'number': 3866, 'name': 'Wheeler Ridge Dr'}, 'city': 'Kent', 'state': 'Wisconsin', 'country': 'United States', 'postcode': 50070, 'coordinates': {'latitude': '84.2452', 'longitude': '102.8053'}, 'timezone': {'offset': '-11:00', 'description': 'Midway Island, Samoa'}}, 'email': 'carla.morrison@example.com', 'login': {'uuid': '29406f7f-7c8d-45b3-b50d-75b11388e85b', 'username': 'smallladybug400', 'password': '369369', 'salt': 'XG2vSnUu', 'md5': '7220f3abcb190da818ed442c2657a7d7', 'sha1': 'e200ca059b21323a9664773a9e1d7d06ee74c5d9', 'sha256': '45889714d9992e3c4a8ba71006503af7f0aa688744f1839013e5573c426c0278'}, 'dob': {'date': '1983-12-12T17:46:39.555Z', 'age': 40}, 'registered': {'date': '2003-07-21T23:28:24.834Z', 'age': 20}, 'phone': '(355) 953-6479', 'cell': '(883) 964-8309', 'id': {'name': 'SSN', 'value': '245-48-8826'}, 'picture': {'large': 'https://randomuser.me/api/portraits/women/11.jpg', 'medium': 'https://randomuser.me/api/portraits/med/women/11.jpg', 'thumbnail': 'https://randomuser.me/api/portraits/thumb/women/11.jpg'}, 'nat': 'US'}], 'info': {'seed': 'ec37820b4adff50f', 'results': 1, 'page': 1, 'version': '1.4'}}</msg>
<arg>${json_data}</arg>
<doc>Logs the given message with the given level.</doc>
<status status="PASS" start="2024-07-20T14:12:57.688280" elapsed="0.000196"/>
</kw>
<kw name="Should Be Equal As Numbers" owner="BuiltIn">
<arg>${json_data['results'][0]['location']['postcode']}</arg>
<arg>${json_data['results'][0]['location']['postcode']}</arg>
<doc>Fails if objects are unequal after converting them to real numbers.</doc>
<status status="PASS" start="2024-07-20T14:12:57.688774" elapsed="0.000603"/>
</kw>
<kw name="Log" owner="BuiltIn">
<msg time="2024-07-20T14:12:57.689897" level="INFO">50070</msg>
<arg>${json_data['results'][0]['location']['postcode']}</arg>
<doc>Logs the given message with the given level.</doc>
<status status="PASS" start="2024-07-20T14:12:57.689567" elapsed="0.000401"/>
</kw>
<status status="PASS" start="2024-07-20T14:12:57.590296" elapsed="0.099924"/>
</kw>
<doc>Testa se os tipos de dados na resposta da API estão corretos.</doc>
<tag>testeTiposDados</tag>
<status status="PASS" start="2024-07-20T14:12:57.529342" elapsed="0.161031"/>
</test>
<test id="s1-s1-t5" name="Validar conteudo" line="35">
<kw name="Teste de Tipos de Conteudo" owner="random-user-service">
<kw name="GET On Session" owner="RequestsLibrary">
<msg time="2024-07-20T14:12:57.876105" level="INFO">GET Request : url=https://randomuser.me/api 
 path_url=/api 
 headers={'User-Agent': 'python-requests/2.32.3', 'Accept-Encoding': 'gzip, deflate', 'Accept': '*/*', 'Connection': 'keep-alive'} 
 body=None 
 </msg>
<msg time="2024-07-20T14:12:57.876169" level="INFO">GET Response : url=https://randomuser.me/api 
 status=200, reason=OK 
 headers={'Date': 'Sat, 20 Jul 2024 14:12:57 GMT', 'Content-Type': 'application/json; charset=utf-8', 'Transfer-Encoding': 'chunked', 'Connection': 'keep-alive', 'X-Powered-By': 'Express', 'Access-Control-Allow-Origin': '*', 'Cache-Control': 'no-cache', 'ETag': 'W/"49e-ufEs/eHfhqeVJGU9xViU8igGkUY"', 'Vary': 'Accept-Encoding', 'Content-Encoding': 'gzip', 'CF-Cache-Status': 'DYNAMIC', 'Report-To': '{"endpoints":[{"url":"https:\\/\\/a.nel.cloudflare.com\\/report\\/v4?s=x5v%2BSBYvPK13ZqyG7LlHCWwQYH4EIrTRsJBV6elgL1fXQ1mMVKn%2BlnfmnS2whxjQ4jbG1bzMngdOn9j%2FQxsL91qDIL5ZON8xpuT5qLBj1t%2Bzfgvz97DJVnA67KgeNVkG"}],"group":"cf-nel","max_age":604800}', 'NEL': '{"success_fraction":0,"report_to":"cf-nel","max_age":604800}', 'Server': 'cloudflare', 'CF-RAY': '8a638c949ffc824b-IAD', 'alt-svc': 'h3=":443"; ma=86400'} 
 body={"results":[{"gender":"female","name":{"title":"Miss","first":"Emilia","last":"Manninen"},"location":{"street":{"number":9213,"name":"Pyynikintie"},"city":"Jämijärvi","state":"Päijät-Häme","country":"Finland","postcode":21823,"coordinates":{"latitude":"-29.5008","longitude":"160.2972"},"timezone":{"offset":"+7:00","description":"Bangkok, Hanoi, Jakarta"}},"email":"emilia.manninen@example.com","login":{"uuid":"391cea39-203a-4a59-9c9f-ab6d7cc20a03","username":"yellowostrich761","password":"marian","salt":"aoPNtMgU","md5":"95bf359afe518ac2ff8d5f4e0ae2efea","sha1":"f5931593a9ade1ff4b7df9218586a169b10d6bbc","sha256":"357ad5eb40532870b502e5655812a6a4b759de2db9b946678a462b2227308d30"},"dob":{"date":"1966-11-26T22:08:33.212Z","age":57},"registered":{"date":"2018-08-18T03:16:43.615Z","age":5},"phone":"08-710-602","cell":"042-278-04-27","id":{"name":"HETU","value":"NaNNA702undefined"},"picture":{"large":"https://randomuser.me/api/portraits/women/44.jpg","medium":"https://randomuser.me/api/portraits/med/women/44.jpg","thumbnail":"https://randomuser.me/api/portraits/thumb/women/44.jpg"},"nat":"FI"}],"info":{"seed":"14f65dd02eb6c0a3","results":1,"page":1,"version":"1.4"}} 
 </msg>
<msg time="2024-07-20T14:12:57.876227" level="INFO">/opt/hostedtoolcache/Python/3.12.4/x64/lib/python3.12/site-packages/urllib3/connectionpool.py:1099: InsecureRequestWarning: Unverified HTTPS request is being made to host 'randomuser.me'. Adding certificate verification is strongly advised. See: https://urllib3.readthedocs.io/en/latest/advanced-usage.html#tls-warnings
  warnings.warn(</msg>
<msg time="2024-07-20T14:12:57.876314" level="INFO">${response} = &lt;Response [200]&gt;</msg>
<var>${response}</var>
<arg>consultarAPI</arg>
<arg>/api</arg>
<doc>Sends a GET request on a previously created HTTP Session.</doc>
<status status="PASS" start="2024-07-20T14:12:57.692849" elapsed="0.183506"/>
</kw>
<kw name="Set Variable" owner="BuiltIn">
<msg time="2024-07-20T14:12:57.877360" level="INFO">${json_data} = {'results': [{'gender': 'female', 'name': {'title': 'Miss', 'first': 'Emilia', 'last': 'Manninen'}, 'location': {'street': {'number': 9213, 'name': 'Pyynikintie'}, 'city': 'Jämijärvi', 'state': 'Päijä...</msg>
<var>${json_data}</var>
<arg>${response.json()}</arg>
<doc>Returns the given values which can then be assigned to a variables.</doc>
<status status="PASS" start="2024-07-20T14:12:57.876821" elapsed="0.000568"/>
</kw>
<kw name="Set Variable" owner="BuiltIn">
<msg time="2024-07-20T14:12:57.878073" level="INFO">${name_title} = Miss</msg>
<var>${name_title}</var>
<arg>${json_data["results"][0]["name"]["title"]}</arg>
<doc>Returns the given values which can then be assigned to a variables.</doc>
<status status="PASS" start="2024-07-20T14:12:57.877694" elapsed="0.000404"/>
</kw>
<kw name="Create List" owner="BuiltIn">
<msg time="2024-07-20T14:12:57.878529" level="INFO">${allowed_titles} = ['Mr', 'Ms', 'Miss', 'Mrs', 'Madame', 'Monsieur']</msg>
<var>${allowed_titles}</var>
<arg>Mr</arg>
<arg>Ms</arg>
<arg>Miss</arg>
<arg>Mrs</arg>
<arg>Madame</arg>
<arg>Monsieur</arg>
<doc>Returns a list containing given items.</doc>
<status status="PASS" start="2024-07-20T14:12:57.878385" elapsed="0.000168"/>
</kw>
<kw name="List Should Contain Value" owner="Collections">
<arg>${allowed_titles}</arg>
<arg>${name_title}</arg>
<doc>Fails if the ``value`` is not found from ``list``.</doc>
<status status="PASS" start="2024-07-20T14:12:57.878879" elapsed="0.000174"/>
</kw>
<kw name="Set Variable" owner="BuiltIn">
<msg time="2024-07-20T14:12:57.879610" level="INFO">${name_country} = FI</msg>
<var>${name_country}</var>
<arg>${json_data["results"][0]["nat"]}</arg>
<doc>Returns the given values which can then be assigned to a variables.</doc>
<status status="PASS" start="2024-07-20T14:12:57.879245" elapsed="0.000390"/>
</kw>
<kw name="Create List" owner="BuiltIn">
<msg time="2024-07-20T14:12:57.880522" level="INFO">${list_country} = ['AD', 'AE', 'AF', 'AG', 'AI', 'AL', 'AM', 'AO', 'AQ', 'AR', 'AS', 'AT', 'AU', 'AW', 'AX', 'AZ', 'BA', 'BB', 'BD', 'BE', 'BF', 'BG', 'BH', 'BI', 'BJ', 'BL', 'BM', 'BN', 'BO', 'BQ', 'BR', 'BS', 'BT', '...</msg>
<var>${list_country}</var>
<arg>AD</arg>
<arg>AE</arg>
<arg>AF</arg>
<arg>AG</arg>
<arg>AI</arg>
<arg>AL</arg>
<arg>AM</arg>
<arg>AO</arg>
<arg>AQ</arg>
<arg>AR</arg>
<arg>AS</arg>
<arg>AT</arg>
<arg>AU</arg>
<arg>AW</arg>
<arg>AX</arg>
<arg>AZ</arg>
<arg>BA</arg>
<arg>BB</arg>
<arg>BD</arg>
<arg>BE</arg>
<arg>BF</arg>
<arg>BG</arg>
<arg>BH</arg>
<arg>BI</arg>
<arg>BJ</arg>
<arg>BL</arg>
<arg>BM</arg>
<arg>BN</arg>
<arg>BO</arg>
<arg>BQ</arg>
<arg>BR</arg>
<arg>BS</arg>
<arg>BT</arg>
<arg>BV</arg>
<arg>BW</arg>
<arg>BY</arg>
<arg>BZ</arg>
<arg>CA</arg>
<arg>CC</arg>
<arg>CD</arg>
<arg>CF</arg>
<arg>CG</arg>
<arg>CH</arg>
<arg>CI</arg>
<arg>CK</arg>
<arg>CL</arg>
<arg>CM</arg>
<arg>CN</arg>
<arg>CO</arg>
<arg>CR</arg>
<arg>CU</arg>
<arg>CV</arg>
<arg>CW</arg>
<arg>CX</arg>
<arg>CY</arg>
<arg>CZ</arg>
<arg>DE</arg>
<arg>DJ</arg>
<arg>DK</arg>
<arg>DM</arg>
<arg>DO</arg>
<arg>DZ</arg>
<arg>EC</arg>
<arg>EE</arg>
<arg>EG</arg>
<arg>EH</arg>
<arg>ER</arg>
<arg>ES</arg>
<arg>ET</arg>
<arg>FI</arg>
<arg>FJ</arg>
<arg>FK</arg>
<arg>FM</arg>
<arg>FO</arg>
<arg>FR</arg>
<arg>GA</arg>
<arg>GB</arg>
<arg>GD</arg>
<arg>GE</arg>
<arg>GF</arg>
<arg>GG</arg>
<arg>GH</arg>
<arg>GI</arg>
<arg>GL</arg>
<arg>GM</arg>
<arg>GN</arg>
<arg>GP</arg>
<arg>GQ</arg>
<arg>GR</arg>
<arg>GS</arg>
<arg>GT</arg>
<arg>GU</arg>
<arg>GW</arg>
<arg>GY</arg>
<arg>HK</arg>
<arg>HM</arg>
<arg>HN</arg>
<arg>HR</arg>
<arg>HT</arg>
<arg>HU</arg>
<arg>ID</arg>
<arg>IE</arg>
<arg>IL</arg>
<arg>IM</arg>
<arg>IN</arg>
<arg>IO</arg>
<arg>IQ</arg>
<arg>IR</arg>
<arg>IS</arg>
<arg>IT</arg>
<arg>JE</arg>
<arg>JM</arg>
<arg>JO</arg>
<arg>JP</arg>
<arg>KE</arg>
<arg>KG</arg>
<arg>KH</arg>
<arg>KI</arg>
<arg>KM</arg>
<arg>KN</arg>
<arg>KP</arg>
<arg>KR</arg>
<arg>KW</arg>
<arg>KY</arg>
<arg>KZ</arg>
<arg>LA</arg>
<arg>LB</arg>
<arg>LC</arg>
<arg>LI</arg>
<arg>LK</arg>
<arg>LR</arg>
<arg>LS</arg>
<arg>LT</arg>
<arg>LU</arg>
<arg>LV</arg>
<arg>LY</arg>
<arg>MA</arg>
<arg>MC</arg>
<arg>MD</arg>
<arg>ME</arg>
<arg>MF</arg>
<arg>MG</arg>
<arg>MH</arg>
<arg>MK</arg>
<arg>ML</arg>
<arg>MM</arg>
<arg>MN</arg>
<arg>MO</arg>
<arg>MP</arg>
<arg>MQ</arg>
<arg>MR</arg>
<arg>MS</arg>
<arg>MT</arg>
<arg>MU</arg>
<arg>MV</arg>
<arg>MW</arg>
<arg>MX</arg>
<arg>MY</arg>
<arg>MZ</arg>
<arg>NA</arg>
<arg>NC</arg>
<arg>NE</arg>
<arg>NF</arg>
<arg>NG</arg>
<arg>NI</arg>
<arg>NL</arg>
<arg>NO</arg>
<arg>NP</arg>
<arg>NR</arg>
<arg>NU</arg>
<arg>NZ</arg>
<arg>OM</arg>
<arg>PA</arg>
<arg>PE</arg>
<arg>PF</arg>
<arg>PG</arg>
<arg>PH</arg>
<arg>PK</arg>
<arg>PL</arg>
<arg>PM</arg>
<arg>PN</arg>
<arg>PR</arg>
<arg>PS</arg>
<arg>PT</arg>
<arg>PW</arg>
<arg>PY</arg>
<arg>QA</arg>
<arg>RE</arg>
<arg>RO</arg>
<arg>RS</arg>
<arg>RU</arg>
<arg>RW</arg>
<arg>SA</arg>
<arg>SB</arg>
<arg>SC</arg>
<arg>SD</arg>
<arg>SE</arg>
<arg>SG</arg>
<arg>SH</arg>
<arg>SI</arg>
<arg>SJ</arg>
<arg>SK</arg>
<arg>SL</arg>
<arg>SM</arg>
<arg>SN</arg>
<arg>SO</arg>
<arg>SR</arg>
<arg>SS</arg>
<arg>ST</arg>
<arg>SV</arg>
<arg>SX</arg>
<arg>SY</arg>
<arg>SZ</arg>
<arg>TC</arg>
<arg>TD</arg>
<arg>TF</arg>
<arg>TG</arg>
<arg>TH</arg>
<arg>TJ</arg>
<arg>TK</arg>
<arg>TL</arg>
<arg>TM</arg>
<arg>TN</arg>
<arg>TO</arg>
<arg>TR</arg>
<arg>TT</arg>
<arg>TV</arg>
<arg>TW</arg>
<arg>TZ</arg>
<arg>UA</arg>
<arg>UG</arg>
<arg>UM</arg>
<arg>US</arg>
<arg>UY</arg>
<arg>UZ</arg>
<arg>VA</arg>
<arg>VC</arg>
<arg>VE</arg>
<arg>VG</arg>
<arg>VI</arg>
<arg>VN</arg>
<arg>VU</arg>
<arg>WF</arg>
<arg>WS</arg>
<arg>XK</arg>
<arg>YE</arg>
<arg>YT</arg>
<arg>ZA</arg>
<arg>ZM</arg>
<arg>ZW</arg>
<doc>Returns a list containing given items.</doc>
<status status="PASS" start="2024-07-20T14:12:57.879932" elapsed="0.000615"/>
</kw>
<kw name="List Should Contain Value" owner="Collections">
<arg>${list_country}</arg>
<arg>${name_country}</arg>
<doc>Fails if the ``value`` is not found from ``list``.</doc>
<status status="PASS" start="2024-07-20T14:12:57.881473" elapsed="0.000206"/>
</kw>
<kw name="Run Keyword If" owner="BuiltIn">
<kw name="Should Be True" owner="BuiltIn">
<arg>${True}</arg>
<doc>Fails if the given condition is not true.</doc>
<status status="PASS" start="2024-07-20T14:12:57.882603" elapsed="0.000138"/>
</kw>
<arg>${json_data["results"][0]["location"]["coordinates"]["latitude"]} &gt;= -90 and ${json_data["results"][0]["location"]["coordinates"]["latitude"]} &lt;= 90</arg>
<arg>Should Be True</arg>
<arg>${True}</arg>
<doc>Runs the given keyword with the given arguments, if ``condition`` is true.</doc>
<status status="PASS" start="2024-07-20T14:12:57.881875" elapsed="0.001025"/>
</kw>
<kw name="Run Keyword If" owner="BuiltIn">
<kw name="Should Be True" owner="BuiltIn">
<arg>${True}</arg>
<doc>Fails if the given condition is not true.</doc>
<status status="PASS" start="2024-07-20T14:12:57.883776" elapsed="0.000133"/>
</kw>
<arg>${json_data["results"][0]["location"]["coordinates"]["longitude"]} &gt;= -180 and ${json_data["results"][0]["location"]["coordinates"]["longitude"]} &lt;= 180</arg>
<arg>Should Be True</arg>
<arg>${True}</arg>
<doc>Runs the given keyword with the given arguments, if ``condition`` is true.</doc>
<status status="PASS" start="2024-07-20T14:12:57.883084" elapsed="0.000947"/>
</kw>
<status status="PASS" start="2024-07-20T14:12:57.692635" elapsed="0.191524"/>
</kw>
<doc>Testa o conteúdo específico dos campos retornados pela API.</doc>
<tag>testeConteudo</tag>
<status status="PASS" start="2024-07-20T14:12:57.692145" elapsed="0.192153"/>
</test>
<status status="PASS" start="2024-07-20T14:12:56.803191" elapsed="1.083002"/>
</suite>
<status status="PASS" start="2024-07-20T14:12:56.788961" elapsed="1.102201"/>
</suite>
<statistics>
<total>
<stat pass="5" fail="0" skip="0">All Tests</stat>
</total>
<tag>
<stat pass="1" fail="0" skip="0">testeConteudo</stat>
<stat pass="1" fail="0" skip="0">testeEstruturaResposta</stat>
<stat pass="1" fail="0" skip="0">testeRequisicaoBasica</stat>
<stat pass="1" fail="0" skip="0">testeTiposDados</stat>
</tag>
<suite>
<stat pass="5" fail="0" skip="0" id="s1" name="Tests">Tests</stat>
<stat pass="5" fail="0" skip="0" id="s1-s1" name="Random-User-Test">Tests.Random-User-Test</stat>
</suite>
</statistics>
<errors>
</errors>
</robot>
