<?xml version="1.0" encoding="UTF-8"?>
<robot generator="Robot 7.0 (Python 3.12.3 on linux)" generated="2024-04-23T13:15:21.535230" rpa="false" schemaversion="5">
<suite id="s1" name="Tests" source="/home/runner/work/DesafioQAItauRogerioJordao/DesafioQAItauRogerioJordao/RamdonUser/tests">
<suite id="s1-s1" name="Random-User-Test" source="/home/runner/work/DesafioQAItauRogerioJordao/DesafioQAItauRogerioJordao/RamdonUser/tests/random-user-test.robot">
<test id="s1-s1-t1" name="Conectar" line="13">
<kw name="Conectar API" owner="random-user-service">
<kw name="Create Session" owner="RequestsLibrary">
<msg time="2024-04-23T13:15:21.931889" level="INFO">Creating Session using : alias=consultarAPI, url=https://randomuser.me/, headers={},                     cookies={}, auth=None, timeout=None, proxies=None, verify=False,                     debug=0 </msg>
<arg>consultarAPI</arg>
<arg>${URL}</arg>
<doc>Create Session: create a HTTP session to a server</doc>
<status status="PASS" start="2024-04-23T13:15:21.931692" elapsed="0.000370"/>
</kw>
<status status="PASS" start="2024-04-23T13:15:21.930748" elapsed="0.001672"/>
</kw>
<status status="PASS" start="2024-04-23T13:15:21.930176" elapsed="0.002437"/>
</test>
<test id="s1-s1-t2" name="Validar retorno 200 e JSON Válido" line="16">
<kw name="Teste de Requisicao Basica" owner="random-user-service">
<kw name="GET On Session" owner="RequestsLibrary">
<msg time="2024-04-23T13:15:22.176415" level="INFO">GET Request : url=https://randomuser.me/api 
 path_url=/api 
 headers={'User-Agent': 'python-requests/2.31.0', 'Accept-Encoding': 'gzip, deflate', 'Accept': '*/*', 'Connection': 'keep-alive'} 
 body=None 
 </msg>
<msg time="2024-04-23T13:15:22.176561" level="INFO">GET Response : url=https://randomuser.me/api 
 status=200, reason=OK 
 headers={'Date': 'Tue, 23 Apr 2024 13:15:22 GMT', 'Content-Type': 'application/json; charset=utf-8', 'Transfer-Encoding': 'chunked', 'Connection': 'keep-alive', 'X-Powered-By': 'Express', 'Access-Control-Allow-Origin': '*', 'Cache-Control': 'no-cache', 'ETag': 'W/"49e-q6GUFGxlMKstKmGWph+4TrnAzp8"', 'Vary': 'Accept-Encoding', 'Content-Encoding': 'gzip', 'CF-Cache-Status': 'DYNAMIC', 'Report-To': '{"endpoints":[{"url":"https:\\/\\/a.nel.cloudflare.com\\/report\\/v4?s=napAIlZxUmXZyqn1rUTBtTd%2Fqh1hwP0toLVuLrv7e4mCt0qEsM1EVqiFdqQr6teh84Lm0dYnWf%2FN%2BF2GDP2uKO71sIcZLXhvMSDcd%2FuQB%2F3wJLK8JtABKHgQ2P4b6r%2Bq"}],"group":"cf-nel","max_age":604800}', 'NEL': '{"success_fraction":0,"report_to":"cf-nel","max_age":604800}', 'Server': 'cloudflare', 'CF-RAY': '878e1f370b512267-ORD', 'alt-svc': 'h3=":443"; ma=86400'} 
 body={"results":[{"gender":"female","name":{"title":"Ms","first":"یاسمین","last":"صدر"},"location":{"street":{"number":4063,"name":"میدان شهید نامجو"},"city":"رشت","state":"آذربایجان شرقی","country":"Iran","postcode":14176,"coordinates":{"latitude":"18.5615","longitude":"102.2037"},"timezone":{"offset":"+6:00","description":"Almaty, Dhaka, Colombo"}},"email":"ysmyn.sdr@example.com","login":{"uuid":"f6dc6c60-0ad6-495e-8494-88a9065bbea8","username":"crazyleopard570","password":"magellan","salt":"OYxJw5qr","md5":"e5df9a68d3b9ff62e8babfcd48363103","sha1":"103d8b3a4bcfd2ccafcf045280c1170cea38d0b0","sha256":"69baac99dfbf07f0d28aa8c1c6b18aaf787af6c8a02bd5401cadb86eb6e018b2"},"dob":{"date":"1981-07-18T08:53:39.858Z","age":42},"registered":{"date":"2014-02-12T07:52:00.097Z","age":10},"phone":"043-77865372","cell":"0955-862-1980","id":{"name":"","value":null},"picture":{"large":"https://randomuser.me/api/portraits/women/1.jpg","medium":"https://randomuser.me/api/portraits/med/women/1.jpg","thumbnail":"https://randomuser.me/api/portraits/thumb/women/1.jpg"},"nat":"IR"}],"info":{"seed":"c622310c220edbb7","results":1,"page":1,"version":"1.4"}} 
 </msg>
<msg time="2024-04-23T13:15:22.176646" level="INFO">/opt/hostedtoolcache/Python/3.12.3/x64/lib/python3.12/site-packages/urllib3/connectionpool.py:1103: InsecureRequestWarning: Unverified HTTPS request is being made to host 'randomuser.me'. Adding certificate verification is strongly advised. See: https://urllib3.readthedocs.io/en/latest/advanced-usage.html#tls-warnings
  warnings.warn(</msg>
<msg time="2024-04-23T13:15:22.176833" level="INFO">${response} = &lt;Response [200]&gt;</msg>
<var>${response}</var>
<arg>consultarAPI</arg>
<arg>/api</arg>
<doc>Sends a GET request on a previously created HTTP Session.</doc>
<status status="PASS" start="2024-04-23T13:15:21.935325" elapsed="0.241557"/>
</kw>
<kw name="Should Be Equal As Numbers" owner="BuiltIn">
<msg time="2024-04-23T13:15:22.177859" level="INFO">Argument types are:
&lt;class 'int'&gt;
&lt;class 'str'&gt;</msg>
<arg>${response.status_code}</arg>
<arg>200</arg>
<doc>Fails if objects are unequal after converting them to real numbers.</doc>
<status status="PASS" start="2024-04-23T13:15:22.177400" elapsed="0.000526"/>
</kw>
<kw name="Log" owner="BuiltIn">
<msg time="2024-04-23T13:15:22.178628" level="INFO">200</msg>
<arg>${response.status_code}</arg>
<doc>Logs the given message with the given level.</doc>
<status status="PASS" start="2024-04-23T13:15:22.178268" elapsed="0.000403"/>
</kw>
<kw name="Set Variable" owner="BuiltIn">
<msg time="2024-04-23T13:15:22.179420" level="INFO">${json_data} = {'results': [{'gender': 'female', 'name': {'title': 'Ms', 'first': 'یاسمین', 'last': 'صدر'}, 'location': {'street': {'number': 4063, 'name': 'میدان شهید نامجو'}, 'city': 'رشت', 'state': 'آذربایجان شرق...</msg>
<var>${json_data}</var>
<arg>${response.json()}</arg>
<doc>Returns the given values which can then be assigned to a variables.</doc>
<status status="PASS" start="2024-04-23T13:15:22.178976" elapsed="0.000474"/>
</kw>
<kw name="Dictionary Should Contain Key" owner="Collections">
<msg time="2024-04-23T13:15:22.179929" level="INFO">False</msg>
<arg>${json_data}</arg>
<arg>results</arg>
<doc>Fails if ``key`` is not found from ``dictionary``.</doc>
<status status="PASS" start="2024-04-23T13:15:22.179757" elapsed="0.000214"/>
</kw>
<status status="PASS" start="2024-04-23T13:15:21.935086" elapsed="0.245143"/>
</kw>
<doc>Testa se a API responde corretamente e retorna um objeto JSON válido.</doc>
<tag>testeRequisicaoBasica</tag>
<status status="PASS" start="2024-04-23T13:15:21.934576" elapsed="0.245841"/>
</test>
<test id="s1-s1-t3" name="Validar estrutura de resposta" line="22">
<kw name="Teste de Estrutura de Resposta" owner="random-user-service">
<kw name="GET On Session" owner="RequestsLibrary">
<msg time="2024-04-23T13:15:22.292718" level="INFO">GET Request : url=https://randomuser.me/api 
 path_url=/api 
 headers={'User-Agent': 'python-requests/2.31.0', 'Accept-Encoding': 'gzip, deflate', 'Accept': '*/*', 'Connection': 'keep-alive'} 
 body=None 
 </msg>
<msg time="2024-04-23T13:15:22.292861" level="INFO">GET Response : url=https://randomuser.me/api 
 status=200, reason=OK 
 headers={'Date': 'Tue, 23 Apr 2024 13:15:22 GMT', 'Content-Type': 'application/json; charset=utf-8', 'Transfer-Encoding': 'chunked', 'Connection': 'keep-alive', 'X-Powered-By': 'Express', 'Access-Control-Allow-Origin': '*', 'Cache-Control': 'no-cache', 'ETag': 'W/"4a3-ZCOIY350Bd7KhDDwSXw+Fmzq8U4"', 'Vary': 'Accept-Encoding', 'Content-Encoding': 'gzip', 'CF-Cache-Status': 'DYNAMIC', 'Report-To': '{"endpoints":[{"url":"https:\\/\\/a.nel.cloudflare.com\\/report\\/v4?s=ZbsRXD%2Be9Kjmo9jcdMiTiq%2FPGGvOkLHkRyTvQMl5Fyfjr4RCrPUE0nH%2FszLhNI5AOwrT4q5wr7SGSIcuk%2F444nj3sndK2PMcuRIqKcEaOjGd7%2FIO%2FBgxqAYBunstTjun"}],"group":"cf-nel","max_age":604800}', 'NEL': '{"success_fraction":0,"report_to":"cf-nel","max_age":604800}', 'Server': 'cloudflare', 'CF-RAY': '878e1f37ac4b2267-ORD', 'alt-svc': 'h3=":443"; ma=86400'} 
 body={"results":[{"gender":"male","name":{"title":"Mr","first":"Srđan","last":"Tomašević"},"location":{"street":{"number":3183,"name":"Predraga Milinkovića"},"city":"Temerin","state":"South Bačka","country":"Serbia","postcode":95154,"coordinates":{"latitude":"63.7065","longitude":"-91.4786"},"timezone":{"offset":"+8:00","description":"Beijing, Perth, Singapore, Hong Kong"}},"email":"srdan.tomasevic@example.com","login":{"uuid":"bdd5bdcf-8a79-4e59-ac98-f106b526c3da","username":"organicleopard978","password":"september","salt":"IPEK4uLy","md5":"f670e513edf4c9ba6366f15108b95a8d","sha1":"48c02c80c094823ee03ce5a25de78886f5e801b5","sha256":"9688c8ff813628334035bb87c1f94c4c2c7cc0f812c1350d14317a05d8928cd1"},"dob":{"date":"1948-04-04T13:16:13.245Z","age":76},"registered":{"date":"2002-06-15T16:05:24.584Z","age":21},"phone":"033-1372-866","cell":"063-4579-055","id":{"name":"SID","value":"324332614"},"picture":{"large":"https://randomuser.me/api/portraits/men/40.jpg","medium":"https://randomuser.me/api/portraits/med/men/40.jpg","thumbnail":"https://randomuser.me/api/portraits/thumb/men/40.jpg"},"nat":"RS"}],"info":{"seed":"5464975f0e56fe6a","results":1,"page":1,"version":"1.4"}} 
 </msg>
<msg time="2024-04-23T13:15:22.293007" level="INFO">/opt/hostedtoolcache/Python/3.12.3/x64/lib/python3.12/site-packages/urllib3/connectionpool.py:1103: InsecureRequestWarning: Unverified HTTPS request is being made to host 'randomuser.me'. Adding certificate verification is strongly advised. See: https://urllib3.readthedocs.io/en/latest/advanced-usage.html#tls-warnings
  warnings.warn(</msg>
<msg time="2024-04-23T13:15:22.293153" level="INFO">${response} = &lt;Response [200]&gt;</msg>
<var>${response}</var>
<arg>consultarAPI</arg>
<arg>/api</arg>
<doc>Sends a GET request on a previously created HTTP Session.</doc>
<status status="PASS" start="2024-04-23T13:15:22.183063" elapsed="0.110134"/>
</kw>
<kw name="Set Variable" owner="BuiltIn">
<msg time="2024-04-23T13:15:22.294228" level="INFO">${json_data} = {'results': [{'gender': 'male', 'name': {'title': 'Mr', 'first': 'Srđan', 'last': 'Tomašević'}, 'location': {'street': {'number': 3183, 'name': 'Predraga Milinkovića'}, 'city': 'Temerin', 'state': 'So...</msg>
<var>${json_data}</var>
<arg>${response.json()}</arg>
<doc>Returns the given values which can then be assigned to a variables.</doc>
<status status="PASS" start="2024-04-23T13:15:22.293707" elapsed="0.000552"/>
</kw>
<kw name="Log" owner="BuiltIn">
<msg time="2024-04-23T13:15:22.294726" level="INFO">{'results': [{'gender': 'male', 'name': {'title': 'Mr', 'first': 'Srđan', 'last': 'Tomašević'}, 'location': {'street': {'number': 3183, 'name': 'Predraga Milinkovića'}, 'city': 'Temerin', 'state': 'South Bačka', 'country': 'Serbia', 'postcode': 95154, 'coordinates': {'latitude': '63.7065', 'longitude': '-91.4786'}, 'timezone': {'offset': '+8:00', 'description': 'Beijing, Perth, Singapore, Hong Kong'}}, 'email': 'srdan.tomasevic@example.com', 'login': {'uuid': 'bdd5bdcf-8a79-4e59-ac98-f106b526c3da', 'username': 'organicleopard978', 'password': 'september', 'salt': 'IPEK4uLy', 'md5': 'f670e513edf4c9ba6366f15108b95a8d', 'sha1': '48c02c80c094823ee03ce5a25de78886f5e801b5', 'sha256': '9688c8ff813628334035bb87c1f94c4c2c7cc0f812c1350d14317a05d8928cd1'}, 'dob': {'date': '1948-04-04T13:16:13.245Z', 'age': 76}, 'registered': {'date': '2002-06-15T16:05:24.584Z', 'age': 21}, 'phone': '033-1372-866', 'cell': '063-4579-055', 'id': {'name': 'SID', 'value': '324332614'}, 'picture': {'large': 'https://randomuser.me/api/portraits/men/40.jpg', 'medium': 'https://randomuser.me/api/portraits/med/men/40.jpg', 'thumbnail': 'https://randomuser.me/api/portraits/thumb/men/40.jpg'}, 'nat': 'RS'}], 'info': {'seed': '5464975f0e56fe6a', 'results': 1, 'page': 1, 'version': '1.4'}}</msg>
<arg>${json_data}</arg>
<doc>Logs the given message with the given level.</doc>
<status status="PASS" start="2024-04-23T13:15:22.294565" elapsed="0.000212"/>
</kw>
<kw name="Dictionary Should Contain Key" owner="Collections">
<msg time="2024-04-23T13:15:22.295244" level="INFO">False</msg>
<arg>${json_data}</arg>
<arg>results</arg>
<doc>Fails if ``key`` is not found from ``dictionary``.</doc>
<status status="PASS" start="2024-04-23T13:15:22.295086" elapsed="0.000194"/>
</kw>
<kw name="Should Not Be Empty" owner="BuiltIn">
<msg time="2024-04-23T13:15:22.295699" level="INFO">Length is 2.</msg>
<arg>${json_data}</arg>
<doc>Verifies that the given item is not empty.</doc>
<status status="PASS" start="2024-04-23T13:15:22.295571" elapsed="0.000332"/>
</kw>
<kw name="Create List" owner="BuiltIn">
<msg time="2024-04-23T13:15:22.296355" level="INFO">${expected_keys} = ['gender', 'name', 'location', 'email', 'login']</msg>
<var>${expected_keys}</var>
<arg>gender</arg>
<arg>name</arg>
<arg>location</arg>
<arg>email</arg>
<arg>login</arg>
<doc>Returns a list containing given items.</doc>
<status status="PASS" start="2024-04-23T13:15:22.296203" elapsed="0.000176"/>
</kw>
<for flavor="IN">
<iter>
<kw name="Dictionary Should Contain Key" owner="Collections">
<msg time="2024-04-23T13:15:22.297416" level="INFO">False</msg>
<arg>${json_data['results'][0]}</arg>
<arg>${key}</arg>
<doc>Fails if ``key`` is not found from ``dictionary``.</doc>
<status status="PASS" start="2024-04-23T13:15:22.297017" elapsed="0.000436"/>
</kw>
<kw name="Log" owner="BuiltIn">
<msg time="2024-04-23T13:15:22.298124" level="INFO">{'gender': 'male', 'name': {'title': 'Mr', 'first': 'Srđan', 'last': 'Tomašević'}, 'location': {'street': {'number': 3183, 'name': 'Predraga Milinkovića'}, 'city': 'Temerin', 'state': 'South Bačka', 'country': 'Serbia', 'postcode': 95154, 'coordinates': {'latitude': '63.7065', 'longitude': '-91.4786'}, 'timezone': {'offset': '+8:00', 'description': 'Beijing, Perth, Singapore, Hong Kong'}}, 'email': 'srdan.tomasevic@example.com', 'login': {'uuid': 'bdd5bdcf-8a79-4e59-ac98-f106b526c3da', 'username': 'organicleopard978', 'password': 'september', 'salt': 'IPEK4uLy', 'md5': 'f670e513edf4c9ba6366f15108b95a8d', 'sha1': '48c02c80c094823ee03ce5a25de78886f5e801b5', 'sha256': '9688c8ff813628334035bb87c1f94c4c2c7cc0f812c1350d14317a05d8928cd1'}, 'dob': {'date': '1948-04-04T13:16:13.245Z', 'age': 76}, 'registered': {'date': '2002-06-15T16:05:24.584Z', 'age': 21}, 'phone': '033-1372-866', 'cell': '063-4579-055', 'id': {'name': 'SID', 'value': '324332614'}, 'picture': {'large': 'https://randomuser.me/api/portraits/men/40.jpg', 'medium': 'https://randomuser.me/api/portraits/med/men/40.jpg', 'thumbnail': 'https://randomuser.me/api/portraits/thumb/men/40.jpg'}, 'nat': 'RS'}</msg>
<arg>${json_data['results'][0]}</arg>
<doc>Logs the given message with the given level.</doc>
<status status="PASS" start="2024-04-23T13:15:22.297758" elapsed="0.000416"/>
</kw>
<kw name="Log" owner="BuiltIn">
<msg time="2024-04-23T13:15:22.298595" level="INFO">gender</msg>
<arg>${key}</arg>
<doc>Logs the given message with the given level.</doc>
<status status="PASS" start="2024-04-23T13:15:22.298468" elapsed="0.000164"/>
</kw>
<var name="${key}">gender</var>
<status status="PASS" start="2024-04-23T13:15:22.296873" elapsed="0.001970"/>
</iter>
<iter>
<kw name="Dictionary Should Contain Key" owner="Collections">
<msg time="2024-04-23T13:15:22.299537" level="INFO">False</msg>
<arg>${json_data['results'][0]}</arg>
<arg>${key}</arg>
<doc>Fails if ``key`` is not found from ``dictionary``.</doc>
<status status="PASS" start="2024-04-23T13:15:22.299145" elapsed="0.000429"/>
</kw>
<kw name="Log" owner="BuiltIn">
<msg time="2024-04-23T13:15:22.300259" level="INFO">{'gender': 'male', 'name': {'title': 'Mr', 'first': 'Srđan', 'last': 'Tomašević'}, 'location': {'street': {'number': 3183, 'name': 'Predraga Milinkovića'}, 'city': 'Temerin', 'state': 'South Bačka', 'country': 'Serbia', 'postcode': 95154, 'coordinates': {'latitude': '63.7065', 'longitude': '-91.4786'}, 'timezone': {'offset': '+8:00', 'description': 'Beijing, Perth, Singapore, Hong Kong'}}, 'email': 'srdan.tomasevic@example.com', 'login': {'uuid': 'bdd5bdcf-8a79-4e59-ac98-f106b526c3da', 'username': 'organicleopard978', 'password': 'september', 'salt': 'IPEK4uLy', 'md5': 'f670e513edf4c9ba6366f15108b95a8d', 'sha1': '48c02c80c094823ee03ce5a25de78886f5e801b5', 'sha256': '9688c8ff813628334035bb87c1f94c4c2c7cc0f812c1350d14317a05d8928cd1'}, 'dob': {'date': '1948-04-04T13:16:13.245Z', 'age': 76}, 'registered': {'date': '2002-06-15T16:05:24.584Z', 'age': 21}, 'phone': '033-1372-866', 'cell': '063-4579-055', 'id': {'name': 'SID', 'value': '324332614'}, 'picture': {'large': 'https://randomuser.me/api/portraits/men/40.jpg', 'medium': 'https://randomuser.me/api/portraits/med/men/40.jpg', 'thumbnail': 'https://randomuser.me/api/portraits/thumb/men/40.jpg'}, 'nat': 'RS'}</msg>
<arg>${json_data['results'][0]}</arg>
<doc>Logs the given message with the given level.</doc>
<status status="PASS" start="2024-04-23T13:15:22.299895" elapsed="0.000414"/>
</kw>
<kw name="Log" owner="BuiltIn">
<msg time="2024-04-23T13:15:22.300733" level="INFO">name</msg>
<arg>${key}</arg>
<doc>Logs the given message with the given level.</doc>
<status status="PASS" start="2024-04-23T13:15:22.300607" elapsed="0.000163"/>
</kw>
<var name="${key}">name</var>
<status status="PASS" start="2024-04-23T13:15:22.299030" elapsed="0.002004"/>
</iter>
<iter>
<kw name="Dictionary Should Contain Key" owner="Collections">
<msg time="2024-04-23T13:15:22.301711" level="INFO">False</msg>
<arg>${json_data['results'][0]}</arg>
<arg>${key}</arg>
<doc>Fails if ``key`` is not found from ``dictionary``.</doc>
<status status="PASS" start="2024-04-23T13:15:22.301326" elapsed="0.000421"/>
</kw>
<kw name="Log" owner="BuiltIn">
<msg time="2024-04-23T13:15:22.302404" level="INFO">{'gender': 'male', 'name': {'title': 'Mr', 'first': 'Srđan', 'last': 'Tomašević'}, 'location': {'street': {'number': 3183, 'name': 'Predraga Milinkovića'}, 'city': 'Temerin', 'state': 'South Bačka', 'country': 'Serbia', 'postcode': 95154, 'coordinates': {'latitude': '63.7065', 'longitude': '-91.4786'}, 'timezone': {'offset': '+8:00', 'description': 'Beijing, Perth, Singapore, Hong Kong'}}, 'email': 'srdan.tomasevic@example.com', 'login': {'uuid': 'bdd5bdcf-8a79-4e59-ac98-f106b526c3da', 'username': 'organicleopard978', 'password': 'september', 'salt': 'IPEK4uLy', 'md5': 'f670e513edf4c9ba6366f15108b95a8d', 'sha1': '48c02c80c094823ee03ce5a25de78886f5e801b5', 'sha256': '9688c8ff813628334035bb87c1f94c4c2c7cc0f812c1350d14317a05d8928cd1'}, 'dob': {'date': '1948-04-04T13:16:13.245Z', 'age': 76}, 'registered': {'date': '2002-06-15T16:05:24.584Z', 'age': 21}, 'phone': '033-1372-866', 'cell': '063-4579-055', 'id': {'name': 'SID', 'value': '324332614'}, 'picture': {'large': 'https://randomuser.me/api/portraits/men/40.jpg', 'medium': 'https://randomuser.me/api/portraits/med/men/40.jpg', 'thumbnail': 'https://randomuser.me/api/portraits/thumb/men/40.jpg'}, 'nat': 'RS'}</msg>
<arg>${json_data['results'][0]}</arg>
<doc>Logs the given message with the given level.</doc>
<status status="PASS" start="2024-04-23T13:15:22.302044" elapsed="0.000409"/>
</kw>
<kw name="Log" owner="BuiltIn">
<msg time="2024-04-23T13:15:22.302872" level="INFO">location</msg>
<arg>${key}</arg>
<doc>Logs the given message with the given level.</doc>
<status status="PASS" start="2024-04-23T13:15:22.302747" elapsed="0.000162"/>
</kw>
<var name="${key}">location</var>
<status status="PASS" start="2024-04-23T13:15:22.301214" elapsed="0.001905"/>
</iter>
<iter>
<kw name="Dictionary Should Contain Key" owner="Collections">
<msg time="2024-04-23T13:15:22.303782" level="INFO">False</msg>
<arg>${json_data['results'][0]}</arg>
<arg>${key}</arg>
<doc>Fails if ``key`` is not found from ``dictionary``.</doc>
<status status="PASS" start="2024-04-23T13:15:22.303399" elapsed="0.000419"/>
</kw>
<kw name="Log" owner="BuiltIn">
<msg time="2024-04-23T13:15:22.304466" level="INFO">{'gender': 'male', 'name': {'title': 'Mr', 'first': 'Srđan', 'last': 'Tomašević'}, 'location': {'street': {'number': 3183, 'name': 'Predraga Milinkovića'}, 'city': 'Temerin', 'state': 'South Bačka', 'country': 'Serbia', 'postcode': 95154, 'coordinates': {'latitude': '63.7065', 'longitude': '-91.4786'}, 'timezone': {'offset': '+8:00', 'description': 'Beijing, Perth, Singapore, Hong Kong'}}, 'email': 'srdan.tomasevic@example.com', 'login': {'uuid': 'bdd5bdcf-8a79-4e59-ac98-f106b526c3da', 'username': 'organicleopard978', 'password': 'september', 'salt': 'IPEK4uLy', 'md5': 'f670e513edf4c9ba6366f15108b95a8d', 'sha1': '48c02c80c094823ee03ce5a25de78886f5e801b5', 'sha256': '9688c8ff813628334035bb87c1f94c4c2c7cc0f812c1350d14317a05d8928cd1'}, 'dob': {'date': '1948-04-04T13:16:13.245Z', 'age': 76}, 'registered': {'date': '2002-06-15T16:05:24.584Z', 'age': 21}, 'phone': '033-1372-866', 'cell': '063-4579-055', 'id': {'name': 'SID', 'value': '324332614'}, 'picture': {'large': 'https://randomuser.me/api/portraits/men/40.jpg', 'medium': 'https://randomuser.me/api/portraits/med/men/40.jpg', 'thumbnail': 'https://randomuser.me/api/portraits/thumb/men/40.jpg'}, 'nat': 'RS'}</msg>
<arg>${json_data['results'][0]}</arg>
<doc>Logs the given message with the given level.</doc>
<status status="PASS" start="2024-04-23T13:15:22.304109" elapsed="0.000407"/>
</kw>
<kw name="Log" owner="BuiltIn">
<msg time="2024-04-23T13:15:22.304981" level="INFO">email</msg>
<arg>${key}</arg>
<doc>Logs the given message with the given level.</doc>
<status status="PASS" start="2024-04-23T13:15:22.304836" elapsed="0.000195"/>
</kw>
<var name="${key}">email</var>
<status status="PASS" start="2024-04-23T13:15:22.303290" elapsed="0.001953"/>
</iter>
<iter>
<kw name="Dictionary Should Contain Key" owner="Collections">
<msg time="2024-04-23T13:15:22.305908" level="INFO">False</msg>
<arg>${json_data['results'][0]}</arg>
<arg>${key}</arg>
<doc>Fails if ``key`` is not found from ``dictionary``.</doc>
<status status="PASS" start="2024-04-23T13:15:22.305521" elapsed="0.000424"/>
</kw>
<kw name="Log" owner="BuiltIn">
<msg time="2024-04-23T13:15:22.306605" level="INFO">{'gender': 'male', 'name': {'title': 'Mr', 'first': 'Srđan', 'last': 'Tomašević'}, 'location': {'street': {'number': 3183, 'name': 'Predraga Milinkovića'}, 'city': 'Temerin', 'state': 'South Bačka', 'country': 'Serbia', 'postcode': 95154, 'coordinates': {'latitude': '63.7065', 'longitude': '-91.4786'}, 'timezone': {'offset': '+8:00', 'description': 'Beijing, Perth, Singapore, Hong Kong'}}, 'email': 'srdan.tomasevic@example.com', 'login': {'uuid': 'bdd5bdcf-8a79-4e59-ac98-f106b526c3da', 'username': 'organicleopard978', 'password': 'september', 'salt': 'IPEK4uLy', 'md5': 'f670e513edf4c9ba6366f15108b95a8d', 'sha1': '48c02c80c094823ee03ce5a25de78886f5e801b5', 'sha256': '9688c8ff813628334035bb87c1f94c4c2c7cc0f812c1350d14317a05d8928cd1'}, 'dob': {'date': '1948-04-04T13:16:13.245Z', 'age': 76}, 'registered': {'date': '2002-06-15T16:05:24.584Z', 'age': 21}, 'phone': '033-1372-866', 'cell': '063-4579-055', 'id': {'name': 'SID', 'value': '324332614'}, 'picture': {'large': 'https://randomuser.me/api/portraits/men/40.jpg', 'medium': 'https://randomuser.me/api/portraits/med/men/40.jpg', 'thumbnail': 'https://randomuser.me/api/portraits/thumb/men/40.jpg'}, 'nat': 'RS'}</msg>
<arg>${json_data['results'][0]}</arg>
<doc>Logs the given message with the given level.</doc>
<status status="PASS" start="2024-04-23T13:15:22.306236" elapsed="0.000418"/>
</kw>
<kw name="Log" owner="BuiltIn">
<msg time="2024-04-23T13:15:22.307073" level="INFO">login</msg>
<arg>${key}</arg>
<doc>Logs the given message with the given level.</doc>
<status status="PASS" start="2024-04-23T13:15:22.306947" elapsed="0.000193"/>
</kw>
<var name="${key}">login</var>
<status status="PASS" start="2024-04-23T13:15:22.305412" elapsed="0.001951"/>
</iter>
<var>${key}</var>
<value>@{expected_keys}</value>
<status status="PASS" start="2024-04-23T13:15:22.296642" elapsed="0.010841"/>
</for>
<kw name="Create List" owner="BuiltIn">
<msg time="2024-04-23T13:15:22.307813" level="INFO">${expected_keysTwo} = ['username', 'password']</msg>
<var>${expected_keysTwo}</var>
<arg>username</arg>
<arg>password</arg>
<doc>Returns a list containing given items.</doc>
<status status="PASS" start="2024-04-23T13:15:22.307676" elapsed="0.000160"/>
</kw>
<for flavor="IN">
<iter>
<kw name="Dictionary Should Contain Key" owner="Collections">
<msg time="2024-04-23T13:15:22.308739" level="INFO">False</msg>
<arg>${json_data['results'][0]['login']}</arg>
<arg>${keyTwo}</arg>
<doc>Fails if ``key`` is not found from ``dictionary``.</doc>
<status status="PASS" start="2024-04-23T13:15:22.308347" elapsed="0.000431"/>
</kw>
<kw name="Dictionary Should Contain Key" owner="Collections">
<msg time="2024-04-23T13:15:22.309514" level="INFO">False</msg>
<arg>${json_data['results'][0]['login']}</arg>
<arg>${keyTwo}</arg>
<doc>Fails if ``key`` is not found from ``dictionary``.</doc>
<status status="PASS" start="2024-04-23T13:15:22.309129" elapsed="0.000422"/>
</kw>
<kw name="Log" owner="BuiltIn">
<msg time="2024-04-23T13:15:22.309970" level="INFO">username</msg>
<arg>${keyTwo}</arg>
<doc>Logs the given message with the given level.</doc>
<status status="PASS" start="2024-04-23T13:15:22.309843" elapsed="0.000169"/>
</kw>
<var name="${keyTwo}">username</var>
<status status="PASS" start="2024-04-23T13:15:22.308227" elapsed="0.002002"/>
</iter>
<iter>
<kw name="Dictionary Should Contain Key" owner="Collections">
<msg time="2024-04-23T13:15:22.310969" level="INFO">False</msg>
<arg>${json_data['results'][0]['login']}</arg>
<arg>${keyTwo}</arg>
<doc>Fails if ``key`` is not found from ``dictionary``.</doc>
<status status="PASS" start="2024-04-23T13:15:22.310509" elapsed="0.000500"/>
</kw>
<kw name="Dictionary Should Contain Key" owner="Collections">
<msg time="2024-04-23T13:15:22.311685" level="INFO">False</msg>
<arg>${json_data['results'][0]['login']}</arg>
<arg>${keyTwo}</arg>
<doc>Fails if ``key`` is not found from ``dictionary``.</doc>
<status status="PASS" start="2024-04-23T13:15:22.311308" elapsed="0.000413"/>
</kw>
<kw name="Log" owner="BuiltIn">
<msg time="2024-04-23T13:15:22.312137" level="INFO">password</msg>
<arg>${keyTwo}</arg>
<doc>Logs the given message with the given level.</doc>
<status status="PASS" start="2024-04-23T13:15:22.312012" elapsed="0.000161"/>
</kw>
<var name="${keyTwo}">password</var>
<status status="PASS" start="2024-04-23T13:15:22.310400" elapsed="0.001985"/>
</iter>
<var>${keyTwo}</var>
<value>@{expected_keysTwo}</value>
<status status="PASS" start="2024-04-23T13:15:22.308075" elapsed="0.004429"/>
</for>
<status status="PASS" start="2024-04-23T13:15:22.182825" elapsed="0.129819"/>
</kw>
<doc>Testa a estrutura da resposta da API.</doc>
<tag>testeEstruturaResposta</tag>
<status status="PASS" start="2024-04-23T13:15:22.182308" elapsed="0.130524"/>
</test>
<test id="s1-s1-t4" name="Validar tipos de dados" line="28">
<kw name="Teste de Tipos de Dados" owner="random-user-service">
<kw name="GET On Session" owner="RequestsLibrary">
<msg time="2024-04-23T13:15:22.359370" level="INFO">GET Request : url=https://randomuser.me/api 
 path_url=/api 
 headers={'User-Agent': 'python-requests/2.31.0', 'Accept-Encoding': 'gzip, deflate', 'Accept': '*/*', 'Connection': 'keep-alive'} 
 body=None 
 </msg>
<msg time="2024-04-23T13:15:22.359453" level="INFO">GET Response : url=https://randomuser.me/api 
 status=200, reason=OK 
 headers={'Date': 'Tue, 23 Apr 2024 13:15:22 GMT', 'Content-Type': 'application/json; charset=utf-8', 'Transfer-Encoding': 'chunked', 'Connection': 'keep-alive', 'X-Powered-By': 'Express', 'Access-Control-Allow-Origin': '*', 'Cache-Control': 'no-cache', 'ETag': 'W/"494-ExFbmIRePaGxYOg82Z/R2jIR/Ow"', 'Vary': 'Accept-Encoding', 'Content-Encoding': 'gzip', 'CF-Cache-Status': 'DYNAMIC', 'Report-To': '{"endpoints":[{"url":"https:\\/\\/a.nel.cloudflare.com\\/report\\/v4?s=64b8E%2B6F6MKFXBDtQoWG1DiOosJGtD%2B3TyTwXG2FlAyONoUGN6thKLTLaVU%2FKc0gvGRnpvsVjbyrQjqTsAwIhBFX95ClGMD3FF3WaBPUaNpOtvbVaQwOGQjWgjvg1rws"}],"group":"cf-nel","max_age":604800}', 'NEL': '{"success_fraction":0,"report_to":"cf-nel","max_age":604800}', 'Server': 'cloudflare', 'CF-RAY': '878e1f387d952267-ORD', 'alt-svc': 'h3=":443"; ma=86400'} 
 body={"results":[{"gender":"male","name":{"title":"Mr","first":"Benjamin","last":"Bergeron"},"location":{"street":{"number":4497,"name":"Dieppe Ave"},"city":"Inwood","state":"Nunavut","country":"Canada","postcode":"T8E 4Q5","coordinates":{"latitude":"-65.1561","longitude":"-76.1360"},"timezone":{"offset":"+5:00","description":"Ekaterinburg, Islamabad, Karachi, Tashkent"}},"email":"benjamin.bergeron@example.com","login":{"uuid":"21b75799-79fa-4e87-8275-8f5be6c700a4","username":"lazyfrog593","password":"bryan","salt":"BL8Q3HCW","md5":"8aff55ffd8ffa609054e6b0a806a49ee","sha1":"46b8d76d77a2b235c6b0bf96b0eb972e065541dc","sha256":"4519a09a7f958f85b9c5d23b7641faade61958efd0540967343162bc75c4524a"},"dob":{"date":"2000-11-04T11:06:19.116Z","age":23},"registered":{"date":"2009-02-21T13:01:28.753Z","age":15},"phone":"X48 L00-6231","cell":"I52 S19-7649","id":{"name":"SIN","value":"709164263"},"picture":{"large":"https://randomuser.me/api/portraits/men/69.jpg","medium":"https://randomuser.me/api/portraits/med/men/69.jpg","thumbnail":"https://randomuser.me/api/portraits/thumb/men/69.jpg"},"nat":"CA"}],"info":{"seed":"bab590ad9ed76c89","results":1,"page":1,"version":"1.4"}} 
 </msg>
<msg time="2024-04-23T13:15:22.359530" level="INFO">/opt/hostedtoolcache/Python/3.12.3/x64/lib/python3.12/site-packages/urllib3/connectionpool.py:1103: InsecureRequestWarning: Unverified HTTPS request is being made to host 'randomuser.me'. Adding certificate verification is strongly advised. See: https://urllib3.readthedocs.io/en/latest/advanced-usage.html#tls-warnings
  warnings.warn(</msg>
<msg time="2024-04-23T13:15:22.359669" level="INFO">${response} = &lt;Response [200]&gt;</msg>
<var>${response}</var>
<arg>consultarAPI</arg>
<arg>/api</arg>
<doc>Sends a GET request on a previously created HTTP Session.</doc>
<status status="PASS" start="2024-04-23T13:15:22.315350" elapsed="0.044374"/>
</kw>
<kw name="Set Variable" owner="BuiltIn">
<msg time="2024-04-23T13:15:22.360553" level="INFO">${json_data} = {'results': [{'gender': 'male', 'name': {'title': 'Mr', 'first': 'Benjamin', 'last': 'Bergeron'}, 'location': {'street': {'number': 4497, 'name': 'Dieppe Ave'}, 'city': 'Inwood', 'state': 'Nunavut', '...</msg>
<var>${json_data}</var>
<arg>${response.json()}</arg>
<doc>Returns the given values which can then be assigned to a variables.</doc>
<status status="PASS" start="2024-04-23T13:15:22.360094" elapsed="0.000487"/>
</kw>
<kw name="Log" owner="BuiltIn">
<msg time="2024-04-23T13:15:22.361072" level="INFO">{'results': [{'gender': 'male', 'name': {'title': 'Mr', 'first': 'Benjamin', 'last': 'Bergeron'}, 'location': {'street': {'number': 4497, 'name': 'Dieppe Ave'}, 'city': 'Inwood', 'state': 'Nunavut', 'country': 'Canada', 'postcode': 'T8E 4Q5', 'coordinates': {'latitude': '-65.1561', 'longitude': '-76.1360'}, 'timezone': {'offset': '+5:00', 'description': 'Ekaterinburg, Islamabad, Karachi, Tashkent'}}, 'email': 'benjamin.bergeron@example.com', 'login': {'uuid': '21b75799-79fa-4e87-8275-8f5be6c700a4', 'username': 'lazyfrog593', 'password': 'bryan', 'salt': 'BL8Q3HCW', 'md5': '8aff55ffd8ffa609054e6b0a806a49ee', 'sha1': '46b8d76d77a2b235c6b0bf96b0eb972e065541dc', 'sha256': '4519a09a7f958f85b9c5d23b7641faade61958efd0540967343162bc75c4524a'}, 'dob': {'date': '2000-11-04T11:06:19.116Z', 'age': 23}, 'registered': {'date': '2009-02-21T13:01:28.753Z', 'age': 15}, 'phone': 'X48 L00-6231', 'cell': 'I52 S19-7649', 'id': {'name': 'SIN', 'value': '709164263'}, 'picture': {'large': 'https://randomuser.me/api/portraits/men/69.jpg', 'medium': 'https://randomuser.me/api/portraits/med/men/69.jpg', 'thumbnail': 'https://randomuser.me/api/portraits/thumb/men/69.jpg'}, 'nat': 'CA'}], 'info': {'seed': 'bab590ad9ed76c89', 'results': 1, 'page': 1, 'version': '1.4'}}</msg>
<arg>${json_data}</arg>
<doc>Logs the given message with the given level.</doc>
<status status="PASS" start="2024-04-23T13:15:22.360919" elapsed="0.000237"/>
</kw>
<kw name="Should Be String" owner="String">
<arg>${json_data['results'][0]['gender']}</arg>
<doc>Fails if the given ``item`` is not a string.</doc>
<status status="PASS" start="2024-04-23T13:15:22.361454" elapsed="0.000351"/>
</kw>
<kw name="Should Match Regexp" owner="BuiltIn">
<arg>${json_data['results'][0]['email']}</arg>
<arg>^[a-zA-Z0-9._%+-]+@[a-zA-Z0-9.-]+\.[a-zA-Z]{2,}$</arg>
<doc>Fails if ``string`` does not match ``pattern`` as a regular expression.</doc>
<status status="PASS" start="2024-04-23T13:15:22.361995" elapsed="0.000514"/>
</kw>
<kw name="Should Match Regexp" owner="BuiltIn">
<arg>${json_data['results'][0]['dob']['date']}</arg>
<arg>\\d{4}-\\d{2}-\\d{2}T\\d{2}:\\d{2}:\\d{2}\\.\\d{3}Z</arg>
<doc>Fails if ``string`` does not match ``pattern`` as a regular expression.</doc>
<status status="PASS" start="2024-04-23T13:15:22.362704" elapsed="0.000483"/>
</kw>
<kw name="Should Match Regexp" owner="BuiltIn">
<arg>${json_data['results'][0]['registered']['date']}</arg>
<arg>\\d{4}-\\d{2}-\\d{2}T\\d{2}:\\d{2}:\\d{2}\\.\\d{3}Z</arg>
<doc>Fails if ``string`` does not match ``pattern`` as a regular expression.</doc>
<status status="PASS" start="2024-04-23T13:15:22.363378" elapsed="0.000400"/>
</kw>
<kw name="Should Match Regexp" owner="BuiltIn">
<arg>${json_data['results'][0]['picture']['large']}</arg>
<arg>^https?://.*\.(?:png|jpe?g|gif|bmp)$</arg>
<doc>Fails if ``string`` does not match ``pattern`` as a regular expression.</doc>
<status status="PASS" start="2024-04-23T13:15:22.363979" elapsed="0.000463"/>
</kw>
<kw name="Should Match Regexp" owner="BuiltIn">
<arg>${json_data['results'][0]['picture']['medium']}</arg>
<arg>^https?://.*\.(?:png|jpe?g|gif|bmp)$</arg>
<doc>Fails if ``string`` does not match ``pattern`` as a regular expression.</doc>
<status status="PASS" start="2024-04-23T13:15:22.364630" elapsed="0.000408"/>
</kw>
<kw name="Should Match Regexp" owner="BuiltIn">
<arg>${json_data['results'][0]['picture']['thumbnail']}</arg>
<arg>^https?://.*\.(?:png|jpe?g|gif|bmp)$</arg>
<doc>Fails if ``string`` does not match ``pattern`` as a regular expression.</doc>
<status status="PASS" start="2024-04-23T13:15:22.365229" elapsed="0.000346"/>
</kw>
<kw name="Log" owner="BuiltIn">
<msg time="2024-04-23T13:15:22.366074" level="INFO">{'large': 'https://randomuser.me/api/portraits/men/69.jpg', 'medium': 'https://randomuser.me/api/portraits/med/men/69.jpg', 'thumbnail': 'https://randomuser.me/api/portraits/thumb/men/69.jpg'}</msg>
<arg>${json_data['results'][0]['picture']}</arg>
<doc>Logs the given message with the given level.</doc>
<status status="PASS" start="2024-04-23T13:15:22.365754" elapsed="0.000360"/>
</kw>
<status status="PASS" start="2024-04-23T13:15:22.315123" elapsed="0.051243"/>
</kw>
<kw name="Teste de Tipos de Dados - Postcode" owner="random-user-service">
<kw name="GET On Session" owner="RequestsLibrary">
<msg time="2024-04-23T13:15:22.465088" level="INFO">GET Request : url=https://randomuser.me/api 
 path_url=/api 
 headers={'User-Agent': 'python-requests/2.31.0', 'Accept-Encoding': 'gzip, deflate', 'Accept': '*/*', 'Connection': 'keep-alive'} 
 body=None 
 </msg>
<msg time="2024-04-23T13:15:22.465157" level="INFO">GET Response : url=https://randomuser.me/api 
 status=200, reason=OK 
 headers={'Date': 'Tue, 23 Apr 2024 13:15:22 GMT', 'Content-Type': 'application/json; charset=utf-8', 'Transfer-Encoding': 'chunked', 'Connection': 'keep-alive', 'X-Powered-By': 'Express', 'Access-Control-Allow-Origin': '*', 'Cache-Control': 'no-cache', 'ETag': 'W/"4aa-jRzRQkn4YQ0MsFHI2w+PD1Y1pHo"', 'Vary': 'Accept-Encoding', 'Content-Encoding': 'gzip', 'CF-Cache-Status': 'DYNAMIC', 'Report-To': '{"endpoints":[{"url":"https:\\/\\/a.nel.cloudflare.com\\/report\\/v4?s=kdCFt82m33zMSpris%2FpGUBeSjUe7irTPAj96CCu5Nzsps5WlVMr7PSDwSqvAO%2FA83xora8gBr5DP1cDvfXZdD0v0JUb5uVXsyhyaAvvp5gwtTIOjRdrI10t2I7Q016wb"}],"group":"cf-nel","max_age":604800}', 'NEL': '{"success_fraction":0,"report_to":"cf-nel","max_age":604800}', 'Server': 'cloudflare', 'CF-RAY': '878e1f38de0a2267-ORD', 'alt-svc': 'h3=":443"; ma=86400'} 
 body={"results":[{"gender":"male","name":{"title":"Mr","first":"Svetislav","last":"Čabarkapa"},"location":{"street":{"number":6135,"name":"Svete Milutinovića"},"city":"Kula","state":"Kosovo-Pomoravlje","country":"Serbia","postcode":98716,"coordinates":{"latitude":"62.8831","longitude":"-31.5703"},"timezone":{"offset":"+5:00","description":"Ekaterinburg, Islamabad, Karachi, Tashkent"}},"email":"svetislav.cabarkapa@example.com","login":{"uuid":"c1a9d63f-d1b1-4ab8-8dfb-a237bdf7cdae","username":"whitepeacock702","password":"sister","salt":"3fSeNUHa","md5":"53758874aff1de01996ebcc414e15f66","sha1":"3b38a8f4e41529b47d00f4a0db56463cf71d2a44","sha256":"8f6348833d86ddf92e92756eaaab9c460f94a378d0dacac3596f5272758286cd"},"dob":{"date":"1952-12-05T20:17:23.015Z","age":71},"registered":{"date":"2006-11-13T17:52:40.513Z","age":17},"phone":"038-9488-695","cell":"061-4564-494","id":{"name":"SID","value":"835738617"},"picture":{"large":"https://randomuser.me/api/portraits/men/44.jpg","medium":"https://randomuser.me/api/portraits/med/men/44.jpg","thumbnail":"https://randomuser.me/api/portraits/thumb/men/44.jpg"},"nat":"RS"}],"info":{"seed":"5c9b939b8d9d2882","results":1,"page":1,"version":"1.4"}} 
 </msg>
<msg time="2024-04-23T13:15:22.465221" level="INFO">/opt/hostedtoolcache/Python/3.12.3/x64/lib/python3.12/site-packages/urllib3/connectionpool.py:1103: InsecureRequestWarning: Unverified HTTPS request is being made to host 'randomuser.me'. Adding certificate verification is strongly advised. See: https://urllib3.readthedocs.io/en/latest/advanced-usage.html#tls-warnings
  warnings.warn(</msg>
<msg time="2024-04-23T13:15:22.465334" level="INFO">${response} = &lt;Response [200]&gt;</msg>
<var>${response}</var>
<arg>consultarAPI</arg>
<arg>/api</arg>
<doc>Sends a GET request on a previously created HTTP Session.</doc>
<status status="PASS" start="2024-04-23T13:15:22.366800" elapsed="0.098577"/>
</kw>
<kw name="Set Variable" owner="BuiltIn">
<msg time="2024-04-23T13:15:22.466243" level="INFO">${json_data} = {'results': [{'gender': 'male', 'name': {'title': 'Mr', 'first': 'Svetislav', 'last': 'Čabarkapa'}, 'location': {'street': {'number': 6135, 'name': 'Svete Milutinovića'}, 'city': 'Kula', 'state': 'Kos...</msg>
<var>${json_data}</var>
<arg>${response.json()}</arg>
<doc>Returns the given values which can then be assigned to a variables.</doc>
<status status="PASS" start="2024-04-23T13:15:22.465766" elapsed="0.000506"/>
</kw>
<kw name="Log" owner="BuiltIn">
<msg time="2024-04-23T13:15:22.466741" level="INFO">{'results': [{'gender': 'male', 'name': {'title': 'Mr', 'first': 'Svetislav', 'last': 'Čabarkapa'}, 'location': {'street': {'number': 6135, 'name': 'Svete Milutinovića'}, 'city': 'Kula', 'state': 'Kosovo-Pomoravlje', 'country': 'Serbia', 'postcode': 98716, 'coordinates': {'latitude': '62.8831', 'longitude': '-31.5703'}, 'timezone': {'offset': '+5:00', 'description': 'Ekaterinburg, Islamabad, Karachi, Tashkent'}}, 'email': 'svetislav.cabarkapa@example.com', 'login': {'uuid': 'c1a9d63f-d1b1-4ab8-8dfb-a237bdf7cdae', 'username': 'whitepeacock702', 'password': 'sister', 'salt': '3fSeNUHa', 'md5': '53758874aff1de01996ebcc414e15f66', 'sha1': '3b38a8f4e41529b47d00f4a0db56463cf71d2a44', 'sha256': '8f6348833d86ddf92e92756eaaab9c460f94a378d0dacac3596f5272758286cd'}, 'dob': {'date': '1952-12-05T20:17:23.015Z', 'age': 71}, 'registered': {'date': '2006-11-13T17:52:40.513Z', 'age': 17}, 'phone': '038-9488-695', 'cell': '061-4564-494', 'id': {'name': 'SID', 'value': '835738617'}, 'picture': {'large': 'https://randomuser.me/api/portraits/men/44.jpg', 'medium': 'https://randomuser.me/api/portraits/med/men/44.jpg', 'thumbnail': 'https://randomuser.me/api/portraits/thumb/men/44.jpg'}, 'nat': 'RS'}], 'info': {'seed': '5c9b939b8d9d2882', 'results': 1, 'page': 1, 'version': '1.4'}}</msg>
<arg>${json_data}</arg>
<doc>Logs the given message with the given level.</doc>
<status status="PASS" start="2024-04-23T13:15:22.466582" elapsed="0.000245"/>
</kw>
<kw name="Should Be Equal As Numbers" owner="BuiltIn">
<arg>${json_data['results'][0]['location']['postcode']}</arg>
<arg>${json_data['results'][0]['location']['postcode']}</arg>
<doc>Fails if objects are unequal after converting them to real numbers.</doc>
<status status="PASS" start="2024-04-23T13:15:22.467277" elapsed="0.000631"/>
</kw>
<kw name="Log" owner="BuiltIn">
<msg time="2024-04-23T13:15:22.468442" level="INFO">98716</msg>
<arg>${json_data['results'][0]['location']['postcode']}</arg>
<doc>Logs the given message with the given level.</doc>
<status status="PASS" start="2024-04-23T13:15:22.468103" elapsed="0.000379"/>
</kw>
<status status="PASS" start="2024-04-23T13:15:22.366580" elapsed="0.102153"/>
</kw>
<doc>Testa se os tipos de dados na resposta da API estão corretos.</doc>
<tag>testeTiposDados</tag>
<status status="PASS" start="2024-04-23T13:15:22.314645" elapsed="0.154305"/>
</test>
<test id="s1-s1-t5" name="Validar conteudo" line="35">
<kw name="Teste de Tipos de Conteudo" owner="random-user-service">
<kw name="GET On Session" owner="RequestsLibrary">
<msg time="2024-04-23T13:15:22.573178" level="INFO">GET Request : url=https://randomuser.me/api 
 path_url=/api 
 headers={'User-Agent': 'python-requests/2.31.0', 'Accept-Encoding': 'gzip, deflate', 'Accept': '*/*', 'Connection': 'keep-alive'} 
 body=None 
 </msg>
<msg time="2024-04-23T13:15:22.573241" level="INFO">GET Response : url=https://randomuser.me/api 
 status=200, reason=OK 
 headers={'Date': 'Tue, 23 Apr 2024 13:15:22 GMT', 'Content-Type': 'application/json; charset=utf-8', 'Transfer-Encoding': 'chunked', 'Connection': 'keep-alive', 'X-Powered-By': 'Express', 'Access-Control-Allow-Origin': '*', 'Cache-Control': 'no-cache', 'ETag': 'W/"49a-i3tvLo+GiCfw044G6hL2tmRRkuw"', 'Vary': 'Accept-Encoding', 'Content-Encoding': 'gzip', 'CF-Cache-Status': 'DYNAMIC', 'Report-To': '{"endpoints":[{"url":"https:\\/\\/a.nel.cloudflare.com\\/report\\/v4?s=biPh1fmF5uaa0KXW5xxo4DQIR8mxEiApCtpQKWGc6EzR5nD60GxBVzFwGNtUB0I8Cc6FFnlKxvzN1UlwMdAuJdnUgtsWyRXmWJMyEdlepK5wZNjRn5znUUlDbOF3Rd3U"}],"group":"cf-nel","max_age":604800}', 'NEL': '{"success_fraction":0,"report_to":"cf-nel","max_age":604800}', 'Server': 'cloudflare', 'CF-RAY': '878e1f397ed72267-ORD', 'alt-svc': 'h3=":443"; ma=86400'} 
 body={"results":[{"gender":"female","name":{"title":"Miss","first":"Ilona","last":"Murto"},"location":{"street":{"number":3940,"name":"Tahmelantie"},"city":"Juva","state":"Finland Proper","country":"Finland","postcode":66163,"coordinates":{"latitude":"-29.7792","longitude":"73.2502"},"timezone":{"offset":"+10:00","description":"Eastern Australia, Guam, Vladivostok"}},"email":"ilona.murto@example.com","login":{"uuid":"695f6d31-9ac5-4755-9640-7e41d7392042","username":"angrykoala941","password":"dalejr","salt":"PXuEtvwB","md5":"f4e4fc18583af30295eb41ba5472ba63","sha1":"0d72c0effd7c37c531bf13419a2ce9be4ec25ff4","sha256":"26920650cde58d38dbcd626098d90dcf957b3f0756df649be49f34e1e6cac074"},"dob":{"date":"1959-04-30T18:37:40.254Z","age":64},"registered":{"date":"2003-12-30T08:19:05.012Z","age":20},"phone":"05-251-021","cell":"043-186-60-76","id":{"name":"HETU","value":"NaNNA544undefined"},"picture":{"large":"https://randomuser.me/api/portraits/women/81.jpg","medium":"https://randomuser.me/api/portraits/med/women/81.jpg","thumbnail":"https://randomuser.me/api/portraits/thumb/women/81.jpg"},"nat":"FI"}],"info":{"seed":"b6066ea53d09856e","results":1,"page":1,"version":"1.4"}} 
 </msg>
<msg time="2024-04-23T13:15:22.573299" level="INFO">/opt/hostedtoolcache/Python/3.12.3/x64/lib/python3.12/site-packages/urllib3/connectionpool.py:1103: InsecureRequestWarning: Unverified HTTPS request is being made to host 'randomuser.me'. Adding certificate verification is strongly advised. See: https://urllib3.readthedocs.io/en/latest/advanced-usage.html#tls-warnings
  warnings.warn(</msg>
<msg time="2024-04-23T13:15:22.573399" level="INFO">${response} = &lt;Response [200]&gt;</msg>
<var>${response}</var>
<arg>consultarAPI</arg>
<arg>/api</arg>
<doc>Sends a GET request on a previously created HTTP Session.</doc>
<status status="PASS" start="2024-04-23T13:15:22.471399" elapsed="0.102042"/>
</kw>
<kw name="Set Variable" owner="BuiltIn">
<msg time="2024-04-23T13:15:22.574258" level="INFO">${json_data} = {'results': [{'gender': 'female', 'name': {'title': 'Miss', 'first': 'Ilona', 'last': 'Murto'}, 'location': {'street': {'number': 3940, 'name': 'Tahmelantie'}, 'city': 'Juva', 'state': 'Finland Proper...</msg>
<var>${json_data}</var>
<arg>${response.json()}</arg>
<doc>Returns the given values which can then be assigned to a variables.</doc>
<status status="PASS" start="2024-04-23T13:15:22.573812" elapsed="0.000475"/>
</kw>
<kw name="Set Variable" owner="BuiltIn">
<msg time="2024-04-23T13:15:22.575006" level="INFO">${name_title} = Miss</msg>
<var>${name_title}</var>
<arg>${json_data["results"][0]["name"]["title"]}</arg>
<doc>Returns the given values which can then be assigned to a variables.</doc>
<status status="PASS" start="2024-04-23T13:15:22.574609" elapsed="0.000425"/>
</kw>
<kw name="Create List" owner="BuiltIn">
<msg time="2024-04-23T13:15:22.575496" level="INFO">${allowed_titles} = ['Mr', 'Ms', 'Miss', 'Mrs', 'Madame', 'Monsieur']</msg>
<var>${allowed_titles}</var>
<arg>Mr</arg>
<arg>Ms</arg>
<arg>Miss</arg>
<arg>Mrs</arg>
<arg>Madame</arg>
<arg>Monsieur</arg>
<doc>Returns a list containing given items.</doc>
<status status="PASS" start="2024-04-23T13:15:22.575333" elapsed="0.000187"/>
</kw>
<kw name="List Should Contain Value" owner="Collections">
<msg time="2024-04-23T13:15:22.576007" level="INFO">False</msg>
<arg>${allowed_titles}</arg>
<arg>${name_title}</arg>
<doc>Fails if the ``value`` is not found from ``list``.</doc>
<status status="PASS" start="2024-04-23T13:15:22.575834" elapsed="0.000210"/>
</kw>
<kw name="Set Variable" owner="BuiltIn">
<msg time="2024-04-23T13:15:22.576755" level="INFO">${name_country} = FI</msg>
<var>${name_country}</var>
<arg>${json_data["results"][0]["nat"]}</arg>
<doc>Returns the given values which can then be assigned to a variables.</doc>
<status status="PASS" start="2024-04-23T13:15:22.576347" elapsed="0.000433"/>
</kw>
<kw name="Create List" owner="BuiltIn">
<msg time="2024-04-23T13:15:22.577758" level="INFO">${list_country} = ['AD', 'AE', 'AF', 'AG', 'AI', 'AL', 'AM', 'AO', 'AQ', 'AR', 'AS', 'AT', 'AU', 'AW', 'AX', 'AZ', 'BA', 'BB', 'BD', 'BE', 'BF', 'BG', 'BH', 'BI', 'BJ', 'BL', 'BM', 'BN', 'BO', 'BQ', 'BR', 'BS', 'BT', '...</msg>
<var>${list_country}</var>
<arg>AD</arg>
<arg>AE</arg>
<arg>AF</arg>
<arg>AG</arg>
<arg>AI</arg>
<arg>AL</arg>
<arg>AM</arg>
<arg>AO</arg>
<arg>AQ</arg>
<arg>AR</arg>
<arg>AS</arg>
<arg>AT</arg>
<arg>AU</arg>
<arg>AW</arg>
<arg>AX</arg>
<arg>AZ</arg>
<arg>BA</arg>
<arg>BB</arg>
<arg>BD</arg>
<arg>BE</arg>
<arg>BF</arg>
<arg>BG</arg>
<arg>BH</arg>
<arg>BI</arg>
<arg>BJ</arg>
<arg>BL</arg>
<arg>BM</arg>
<arg>BN</arg>
<arg>BO</arg>
<arg>BQ</arg>
<arg>BR</arg>
<arg>BS</arg>
<arg>BT</arg>
<arg>BV</arg>
<arg>BW</arg>
<arg>BY</arg>
<arg>BZ</arg>
<arg>CA</arg>
<arg>CC</arg>
<arg>CD</arg>
<arg>CF</arg>
<arg>CG</arg>
<arg>CH</arg>
<arg>CI</arg>
<arg>CK</arg>
<arg>CL</arg>
<arg>CM</arg>
<arg>CN</arg>
<arg>CO</arg>
<arg>CR</arg>
<arg>CU</arg>
<arg>CV</arg>
<arg>CW</arg>
<arg>CX</arg>
<arg>CY</arg>
<arg>CZ</arg>
<arg>DE</arg>
<arg>DJ</arg>
<arg>DK</arg>
<arg>DM</arg>
<arg>DO</arg>
<arg>DZ</arg>
<arg>EC</arg>
<arg>EE</arg>
<arg>EG</arg>
<arg>EH</arg>
<arg>ER</arg>
<arg>ES</arg>
<arg>ET</arg>
<arg>FI</arg>
<arg>FJ</arg>
<arg>FK</arg>
<arg>FM</arg>
<arg>FO</arg>
<arg>FR</arg>
<arg>GA</arg>
<arg>GB</arg>
<arg>GD</arg>
<arg>GE</arg>
<arg>GF</arg>
<arg>GG</arg>
<arg>GH</arg>
<arg>GI</arg>
<arg>GL</arg>
<arg>GM</arg>
<arg>GN</arg>
<arg>GP</arg>
<arg>GQ</arg>
<arg>GR</arg>
<arg>GS</arg>
<arg>GT</arg>
<arg>GU</arg>
<arg>GW</arg>
<arg>GY</arg>
<arg>HK</arg>
<arg>HM</arg>
<arg>HN</arg>
<arg>HR</arg>
<arg>HT</arg>
<arg>HU</arg>
<arg>ID</arg>
<arg>IE</arg>
<arg>IL</arg>
<arg>IM</arg>
<arg>IN</arg>
<arg>IO</arg>
<arg>IQ</arg>
<arg>IR</arg>
<arg>IS</arg>
<arg>IT</arg>
<arg>JE</arg>
<arg>JM</arg>
<arg>JO</arg>
<arg>JP</arg>
<arg>KE</arg>
<arg>KG</arg>
<arg>KH</arg>
<arg>KI</arg>
<arg>KM</arg>
<arg>KN</arg>
<arg>KP</arg>
<arg>KR</arg>
<arg>KW</arg>
<arg>KY</arg>
<arg>KZ</arg>
<arg>LA</arg>
<arg>LB</arg>
<arg>LC</arg>
<arg>LI</arg>
<arg>LK</arg>
<arg>LR</arg>
<arg>LS</arg>
<arg>LT</arg>
<arg>LU</arg>
<arg>LV</arg>
<arg>LY</arg>
<arg>MA</arg>
<arg>MC</arg>
<arg>MD</arg>
<arg>ME</arg>
<arg>MF</arg>
<arg>MG</arg>
<arg>MH</arg>
<arg>MK</arg>
<arg>ML</arg>
<arg>MM</arg>
<arg>MN</arg>
<arg>MO</arg>
<arg>MP</arg>
<arg>MQ</arg>
<arg>MR</arg>
<arg>MS</arg>
<arg>MT</arg>
<arg>MU</arg>
<arg>MV</arg>
<arg>MW</arg>
<arg>MX</arg>
<arg>MY</arg>
<arg>MZ</arg>
<arg>NA</arg>
<arg>NC</arg>
<arg>NE</arg>
<arg>NF</arg>
<arg>NG</arg>
<arg>NI</arg>
<arg>NL</arg>
<arg>NO</arg>
<arg>NP</arg>
<arg>NR</arg>
<arg>NU</arg>
<arg>NZ</arg>
<arg>OM</arg>
<arg>PA</arg>
<arg>PE</arg>
<arg>PF</arg>
<arg>PG</arg>
<arg>PH</arg>
<arg>PK</arg>
<arg>PL</arg>
<arg>PM</arg>
<arg>PN</arg>
<arg>PR</arg>
<arg>PS</arg>
<arg>PT</arg>
<arg>PW</arg>
<arg>PY</arg>
<arg>QA</arg>
<arg>RE</arg>
<arg>RO</arg>
<arg>RS</arg>
<arg>RU</arg>
<arg>RW</arg>
<arg>SA</arg>
<arg>SB</arg>
<arg>SC</arg>
<arg>SD</arg>
<arg>SE</arg>
<arg>SG</arg>
<arg>SH</arg>
<arg>SI</arg>
<arg>SJ</arg>
<arg>SK</arg>
<arg>SL</arg>
<arg>SM</arg>
<arg>SN</arg>
<arg>SO</arg>
<arg>SR</arg>
<arg>SS</arg>
<arg>ST</arg>
<arg>SV</arg>
<arg>SX</arg>
<arg>SY</arg>
<arg>SZ</arg>
<arg>TC</arg>
<arg>TD</arg>
<arg>TF</arg>
<arg>TG</arg>
<arg>TH</arg>
<arg>TJ</arg>
<arg>TK</arg>
<arg>TL</arg>
<arg>TM</arg>
<arg>TN</arg>
<arg>TO</arg>
<arg>TR</arg>
<arg>TT</arg>
<arg>TV</arg>
<arg>TW</arg>
<arg>TZ</arg>
<arg>UA</arg>
<arg>UG</arg>
<arg>UM</arg>
<arg>US</arg>
<arg>UY</arg>
<arg>UZ</arg>
<arg>VA</arg>
<arg>VC</arg>
<arg>VE</arg>
<arg>VG</arg>
<arg>VI</arg>
<arg>VN</arg>
<arg>VU</arg>
<arg>WF</arg>
<arg>WS</arg>
<arg>XK</arg>
<arg>YE</arg>
<arg>YT</arg>
<arg>ZA</arg>
<arg>ZM</arg>
<arg>ZW</arg>
<doc>Returns a list containing given items.</doc>
<status status="PASS" start="2024-04-23T13:15:22.577139" elapsed="0.000645"/>
</kw>
<kw name="List Should Contain Value" owner="Collections">
<msg time="2024-04-23T13:15:22.578862" level="INFO">False</msg>
<arg>${list_country}</arg>
<arg>${name_country}</arg>
<doc>Fails if the ``value`` is not found from ``list``.</doc>
<status status="PASS" start="2024-04-23T13:15:22.578642" elapsed="0.000260"/>
</kw>
<kw name="Run Keyword If" owner="BuiltIn">
<kw name="Should Be True" owner="BuiltIn">
<arg>${True}</arg>
<doc>Fails if the given condition is not true.</doc>
<status status="PASS" start="2024-04-23T13:15:22.580047" elapsed="0.000264"/>
</kw>
<arg>${json_data["results"][0]["location"]["coordinates"]["latitude"]} &gt;= -90 and ${json_data["results"][0]["location"]["coordinates"]["latitude"]} &lt;= 90</arg>
<arg>Should Be True</arg>
<arg>${True}</arg>
<doc>Runs the given keyword with the given arguments, if ``condition`` is true.</doc>
<status status="PASS" start="2024-04-23T13:15:22.579243" elapsed="0.001221"/>
</kw>
<kw name="Run Keyword If" owner="BuiltIn">
<kw name="Should Be True" owner="BuiltIn">
<arg>${True}</arg>
<doc>Fails if the given condition is not true.</doc>
<status status="PASS" start="2024-04-23T13:15:22.581438" elapsed="0.000156"/>
</kw>
<arg>${json_data["results"][0]["location"]["coordinates"]["longitude"]} &gt;= -180 and ${json_data["results"][0]["location"]["coordinates"]["longitude"]} &lt;= 180</arg>
<arg>Should Be True</arg>
<arg>${True}</arg>
<doc>Runs the given keyword with the given arguments, if ``condition`` is true.</doc>
<status status="PASS" start="2024-04-23T13:15:22.580653" elapsed="0.001069"/>
</kw>
<status status="PASS" start="2024-04-23T13:15:22.471175" elapsed="0.110677"/>
</kw>
<doc>Testa o conteúdo específico dos campos retornados pela API.</doc>
<tag>testeConteudo</tag>
<status status="PASS" start="2024-04-23T13:15:22.470716" elapsed="0.111301"/>
</test>
<status status="PASS" start="2024-04-23T13:15:21.593610" elapsed="0.990441"/>
</suite>
<status status="PASS" start="2024-04-23T13:15:21.579904" elapsed="1.009487"/>
</suite>
<statistics>
<total>
<stat pass="5" fail="0" skip="0">All Tests</stat>
</total>
<tag>
<stat pass="1" fail="0" skip="0">testeConteudo</stat>
<stat pass="1" fail="0" skip="0">testeEstruturaResposta</stat>
<stat pass="1" fail="0" skip="0">testeRequisicaoBasica</stat>
<stat pass="1" fail="0" skip="0">testeTiposDados</stat>
</tag>
<suite>
<stat pass="5" fail="0" skip="0" id="s1" name="Tests">Tests</stat>
<stat pass="5" fail="0" skip="0" id="s1-s1" name="Random-User-Test">Tests.Random-User-Test</stat>
</suite>
</statistics>
<errors>
</errors>
</robot>
