<?xml version="1.0" encoding="UTF-8"?>
<robot generator="Robot 7.0.1 (Python 3.12.4 on linux)" generated="2024-07-31T11:12:45.932888" rpa="false" schemaversion="5">
<suite id="s1" name="Tests" source="/home/runner/work/ApiRandomUser/ApiRandomUser/RamdonUser/tests">
<suite id="s1-s1" name="Random-User-Test" source="/home/runner/work/ApiRandomUser/ApiRandomUser/RamdonUser/tests/random-user-test.robot">
<test id="s1-s1-t1" name="Conectar" line="13">
<kw name="Conectar API" owner="random-user-service">
<kw name="Create Session" owner="RequestsLibrary">
<msg time="2024-07-31T11:12:46.335962" level="INFO">Creating Session using : alias=consultarAPI, url=https://randomuser.me/, headers={},                     cookies={}, auth=None, timeout=None, proxies=None, verify=False,                     debug=0 </msg>
<arg>consultarAPI</arg>
<arg>${URL}</arg>
<doc>Create Session: create a HTTP session to a server</doc>
<status status="PASS" start="2024-07-31T11:12:46.335756" elapsed="0.000394"/>
</kw>
<status status="PASS" start="2024-07-31T11:12:46.334648" elapsed="0.001867"/>
</kw>
<status status="PASS" start="2024-07-31T11:12:46.334050" elapsed="0.002664"/>
</test>
<test id="s1-s1-t2" name="Validar retorno 200 e JSON Válido" line="16">
<kw name="Teste de Requisicao Basica" owner="random-user-service">
<kw name="GET On Session" owner="RequestsLibrary">
<msg time="2024-07-31T11:12:46.836412" level="INFO">GET Request : url=https://randomuser.me/api 
 path_url=/api 
 headers={'User-Agent': 'python-requests/2.32.3', 'Accept-Encoding': 'gzip, deflate', 'Accept': '*/*', 'Connection': 'keep-alive'} 
 body=None 
 </msg>
<msg time="2024-07-31T11:12:46.836567" level="INFO">GET Response : url=https://randomuser.me/api 
 status=200, reason=OK 
 headers={'Date': 'Wed, 31 Jul 2024 11:12:46 GMT', 'Content-Type': 'application/json; charset=utf-8', 'Transfer-Encoding': 'chunked', 'Connection': 'keep-alive', 'X-Powered-By': 'Express', 'Access-Control-Allow-Origin': '*', 'Cache-Control': 'no-cache', 'ETag': 'W/"494-VoNz2mkDos2yaKguQbBCBfg18YQ"', 'Vary': 'Accept-Encoding', 'Content-Encoding': 'gzip', 'CF-Cache-Status': 'DYNAMIC', 'Report-To': '{"endpoints":[{"url":"https:\\/\\/a.nel.cloudflare.com\\/report\\/v4?s=h1DbJ9J9Mcu%2FaAJULBIHIyjBnx7FCxzcQnS09vb%2FgTHwvfEMvK2JQeZ2lIQALdsQnFJs1IvTbbkauq6j9t1%2FBd4lMBVCj0dwKnA1ZnW1X63EjrWSFR3PTLA%2FIs9CD8PR"}],"group":"cf-nel","max_age":604800}', 'NEL': '{"success_fraction":0,"report_to":"cf-nel","max_age":604800}', 'Server': 'cloudflare', 'CF-RAY': '8abd27c2ce0e6f9e-IAD', 'alt-svc': 'h3=":443"; ma=86400'} 
 body={"results":[{"gender":"male","name":{"title":"Mr","first":"Nikolaj","last":"Pedersen"},"location":{"street":{"number":3848,"name":"Birkevej"},"city":"Gørløse","state":"Nordjylland","country":"Denmark","postcode":76741,"coordinates":{"latitude":"-42.3663","longitude":"-114.0841"},"timezone":{"offset":"0:00","description":"Western Europe Time, London, Lisbon, Casablanca"}},"email":"nikolaj.pedersen@example.com","login":{"uuid":"ab7604ab-b303-4fc3-8f7d-5bbdb963564d","username":"heavysnake388","password":"wings","salt":"Tobo0WoV","md5":"ea5d947aa21c537a1813aa54a913d8f1","sha1":"05654716159e4440c9358519987646ccd1f221fa","sha256":"837db7deae808236c2f12f43926318ba06b1da05fbb8b30e7ba3b58655d2f3c3"},"dob":{"date":"1985-04-01T01:15:52.317Z","age":39},"registered":{"date":"2016-02-05T17:24:58.359Z","age":8},"phone":"75313338","cell":"92549960","id":{"name":"CPR","value":"310385-8814"},"picture":{"large":"https://randomuser.me/api/portraits/men/85.jpg","medium":"https://randomuser.me/api/portraits/med/men/85.jpg","thumbnail":"https://randomuser.me/api/portraits/thumb/men/85.jpg"},"nat":"DK"}],"info":{"seed":"0d4d2a94c3efbc76","results":1,"page":1,"version":"1.4"}} 
 </msg>
<msg time="2024-07-31T11:12:46.836650" level="INFO">/opt/hostedtoolcache/Python/3.12.4/x64/lib/python3.12/site-packages/urllib3/connectionpool.py:1099: InsecureRequestWarning: Unverified HTTPS request is being made to host 'randomuser.me'. Adding certificate verification is strongly advised. See: https://urllib3.readthedocs.io/en/latest/advanced-usage.html#tls-warnings
  warnings.warn(</msg>
<msg time="2024-07-31T11:12:46.836816" level="INFO">${response} = &lt;Response [200]&gt;</msg>
<var>${response}</var>
<arg>consultarAPI</arg>
<arg>/api</arg>
<doc>Sends a GET request on a previously created HTTP Session.</doc>
<status status="PASS" start="2024-07-31T11:12:46.339324" elapsed="0.497536"/>
</kw>
<kw name="Should Be Equal As Numbers" owner="BuiltIn">
<msg time="2024-07-31T11:12:46.837865" level="INFO">Argument types are:
&lt;class 'int'&gt;
&lt;class 'str'&gt;</msg>
<arg>${response.status_code}</arg>
<arg>200</arg>
<doc>Fails if objects are unequal after converting them to real numbers.</doc>
<status status="PASS" start="2024-07-31T11:12:46.837403" elapsed="0.000523"/>
</kw>
<kw name="Log" owner="BuiltIn">
<msg time="2024-07-31T11:12:46.838606" level="INFO">200</msg>
<arg>${response.status_code}</arg>
<doc>Logs the given message with the given level.</doc>
<status status="PASS" start="2024-07-31T11:12:46.838251" elapsed="0.000397"/>
</kw>
<kw name="Set Variable" owner="BuiltIn">
<msg time="2024-07-31T11:12:46.839397" level="INFO">${json_data} = {'results': [{'gender': 'male', 'name': {'title': 'Mr', 'first': 'Nikolaj', 'last': 'Pedersen'}, 'location': {'street': {'number': 3848, 'name': 'Birkevej'}, 'city': 'Gørløse', 'state': 'Nordjylland',...</msg>
<var>${json_data}</var>
<arg>${response.json()}</arg>
<doc>Returns the given values which can then be assigned to a variables.</doc>
<status status="PASS" start="2024-07-31T11:12:46.838957" elapsed="0.000468"/>
</kw>
<kw name="Dictionary Should Contain Key" owner="Collections">
<arg>${json_data}</arg>
<arg>results</arg>
<doc>Fails if ``key`` is not found from ``dictionary``.</doc>
<status status="PASS" start="2024-07-31T11:12:46.839793" elapsed="0.000328"/>
</kw>
<status status="PASS" start="2024-07-31T11:12:46.339078" elapsed="0.501201"/>
</kw>
<doc>Testa se a API responde corretamente e retorna um objeto JSON válido.</doc>
<tag>testeRequisicaoBasica</tag>
<status status="PASS" start="2024-07-31T11:12:46.338582" elapsed="0.501870"/>
</test>
<test id="s1-s1-t3" name="Validar estrutura de resposta" line="22">
<kw name="Teste de Estrutura de Resposta" owner="random-user-service">
<kw name="GET On Session" owner="RequestsLibrary">
<msg time="2024-07-31T11:12:47.467712" level="INFO">GET Request : url=https://randomuser.me/api 
 path_url=/api 
 headers={'User-Agent': 'python-requests/2.32.3', 'Accept-Encoding': 'gzip, deflate', 'Accept': '*/*', 'Connection': 'keep-alive'} 
 body=None 
 </msg>
<msg time="2024-07-31T11:12:47.467812" level="INFO">GET Response : url=https://randomuser.me/api 
 status=200, reason=OK 
 headers={'Date': 'Wed, 31 Jul 2024 11:12:47 GMT', 'Content-Type': 'application/json; charset=utf-8', 'Transfer-Encoding': 'chunked', 'Connection': 'keep-alive', 'X-Powered-By': 'Express', 'Access-Control-Allow-Origin': '*', 'Cache-Control': 'no-cache', 'ETag': 'W/"479-Ygpgs4gHxgf8dqSpT5VrFIEFRUM"', 'Vary': 'Accept-Encoding', 'Content-Encoding': 'gzip', 'CF-Cache-Status': 'DYNAMIC', 'Report-To': '{"endpoints":[{"url":"https:\\/\\/a.nel.cloudflare.com\\/report\\/v4?s=o6Ejl9jKcF%2Fqeq8A4rMcuyo%2Fn6TV497mzgnD9D045TlsYjDKW8uOmZtRCJkPrmi4OWVjG4zCUbGVvjipGKrh%2FnrkYGbk%2BgEp5B6dzOfMtNxmaHgYf7jYZPViwsBcm09X"}],"group":"cf-nel","max_age":604800}', 'NEL': '{"success_fraction":0,"report_to":"cf-nel","max_age":604800}', 'Server': 'cloudflare', 'CF-RAY': '8abd27c4cf116f9e-IAD', 'alt-svc': 'h3=":443"; ma=86400'} 
 body={"results":[{"gender":"male","name":{"title":"Mr","first":"Martín","last":"Mora"},"location":{"street":{"number":3410,"name":"Calle de Alcalá"},"city":"Móstoles","state":"Aragón","country":"Spain","postcode":85959,"coordinates":{"latitude":"-31.1764","longitude":"-28.5268"},"timezone":{"offset":"-12:00","description":"Eniwetok, Kwajalein"}},"email":"martin.mora@example.com","login":{"uuid":"c905491d-1c87-4a2d-92bd-4a3e4ab0f4d6","username":"silverswan334","password":"beaver","salt":"fVHENl2g","md5":"db1492fb88b9318048b12fc24a53f3cb","sha1":"340d51b9a6b7485f72e4c00082b4ddeacfe9cf73","sha256":"4bc98c3c8445a8d244c32235d82556e10eb90050f1a350a19b45e0cbd5b8d6b5"},"dob":{"date":"1981-05-09T14:21:53.233Z","age":43},"registered":{"date":"2006-04-21T05:20:39.982Z","age":18},"phone":"926-709-284","cell":"614-191-011","id":{"name":"DNI","value":"87233411-U"},"picture":{"large":"https://randomuser.me/api/portraits/men/91.jpg","medium":"https://randomuser.me/api/portraits/med/men/91.jpg","thumbnail":"https://randomuser.me/api/portraits/thumb/men/91.jpg"},"nat":"ES"}],"info":{"seed":"c9aa93584de33c2c","results":1,"page":1,"version":"1.4"}} 
 </msg>
<msg time="2024-07-31T11:12:47.467941" level="INFO">/opt/hostedtoolcache/Python/3.12.4/x64/lib/python3.12/site-packages/urllib3/connectionpool.py:1099: InsecureRequestWarning: Unverified HTTPS request is being made to host 'randomuser.me'. Adding certificate verification is strongly advised. See: https://urllib3.readthedocs.io/en/latest/advanced-usage.html#tls-warnings
  warnings.warn(</msg>
<msg time="2024-07-31T11:12:47.468063" level="INFO">${response} = &lt;Response [200]&gt;</msg>
<var>${response}</var>
<arg>consultarAPI</arg>
<arg>/api</arg>
<doc>Sends a GET request on a previously created HTTP Session.</doc>
<status status="PASS" start="2024-07-31T11:12:46.843256" elapsed="0.624847"/>
</kw>
<kw name="Set Variable" owner="BuiltIn">
<msg time="2024-07-31T11:12:47.469141" level="INFO">${json_data} = {'results': [{'gender': 'male', 'name': {'title': 'Mr', 'first': 'Martín', 'last': 'Mora'}, 'location': {'street': {'number': 3410, 'name': 'Calle de Alcalá'}, 'city': 'Móstoles', 'state': 'Aragón', '...</msg>
<var>${json_data}</var>
<arg>${response.json()}</arg>
<doc>Returns the given values which can then be assigned to a variables.</doc>
<status status="PASS" start="2024-07-31T11:12:47.468608" elapsed="0.000572"/>
</kw>
<kw name="Log" owner="BuiltIn">
<msg time="2024-07-31T11:12:47.469664" level="INFO">{'results': [{'gender': 'male', 'name': {'title': 'Mr', 'first': 'Martín', 'last': 'Mora'}, 'location': {'street': {'number': 3410, 'name': 'Calle de Alcalá'}, 'city': 'Móstoles', 'state': 'Aragón', 'country': 'Spain', 'postcode': 85959, 'coordinates': {'latitude': '-31.1764', 'longitude': '-28.5268'}, 'timezone': {'offset': '-12:00', 'description': 'Eniwetok, Kwajalein'}}, 'email': 'martin.mora@example.com', 'login': {'uuid': 'c905491d-1c87-4a2d-92bd-4a3e4ab0f4d6', 'username': 'silverswan334', 'password': 'beaver', 'salt': 'fVHENl2g', 'md5': 'db1492fb88b9318048b12fc24a53f3cb', 'sha1': '340d51b9a6b7485f72e4c00082b4ddeacfe9cf73', 'sha256': '4bc98c3c8445a8d244c32235d82556e10eb90050f1a350a19b45e0cbd5b8d6b5'}, 'dob': {'date': '1981-05-09T14:21:53.233Z', 'age': 43}, 'registered': {'date': '2006-04-21T05:20:39.982Z', 'age': 18}, 'phone': '926-709-284', 'cell': '614-191-011', 'id': {'name': 'DNI', 'value': '87233411-U'}, 'picture': {'large': 'https://randomuser.me/api/portraits/men/91.jpg', 'medium': 'https://randomuser.me/api/portraits/med/men/91.jpg', 'thumbnail': 'https://randomuser.me/api/portraits/thumb/men/91.jpg'}, 'nat': 'ES'}], 'info': {'seed': 'c9aa93584de33c2c', 'results': 1, 'page': 1, 'version': '1.4'}}</msg>
<arg>${json_data}</arg>
<doc>Logs the given message with the given level.</doc>
<status status="PASS" start="2024-07-31T11:12:47.469494" elapsed="0.000221"/>
</kw>
<kw name="Dictionary Should Contain Key" owner="Collections">
<arg>${json_data}</arg>
<arg>results</arg>
<doc>Fails if ``key`` is not found from ``dictionary``.</doc>
<status status="PASS" start="2024-07-31T11:12:47.470013" elapsed="0.000169"/>
</kw>
<kw name="Should Not Be Empty" owner="BuiltIn">
<msg time="2024-07-31T11:12:47.470490" level="INFO">Length is 2.</msg>
<arg>${json_data}</arg>
<doc>Verifies that the given item is not empty.</doc>
<status status="PASS" start="2024-07-31T11:12:47.470366" elapsed="0.000160"/>
</kw>
<kw name="Create List" owner="BuiltIn">
<msg time="2024-07-31T11:12:47.470971" level="INFO">${expected_keys} = ['gender', 'name', 'location', 'email', 'login']</msg>
<var>${expected_keys}</var>
<arg>gender</arg>
<arg>name</arg>
<arg>location</arg>
<arg>email</arg>
<arg>login</arg>
<doc>Returns a list containing given items.</doc>
<status status="PASS" start="2024-07-31T11:12:47.470814" elapsed="0.000181"/>
</kw>
<for flavor="IN">
<iter>
<kw name="Dictionary Should Contain Key" owner="Collections">
<arg>${json_data['results'][0]}</arg>
<arg>${key}</arg>
<doc>Fails if ``key`` is not found from ``dictionary``.</doc>
<status status="PASS" start="2024-07-31T11:12:47.471636" elapsed="0.000408"/>
</kw>
<kw name="Log" owner="BuiltIn">
<msg time="2024-07-31T11:12:47.472608" level="INFO">{'gender': 'male', 'name': {'title': 'Mr', 'first': 'Martín', 'last': 'Mora'}, 'location': {'street': {'number': 3410, 'name': 'Calle de Alcalá'}, 'city': 'Móstoles', 'state': 'Aragón', 'country': 'Spain', 'postcode': 85959, 'coordinates': {'latitude': '-31.1764', 'longitude': '-28.5268'}, 'timezone': {'offset': '-12:00', 'description': 'Eniwetok, Kwajalein'}}, 'email': 'martin.mora@example.com', 'login': {'uuid': 'c905491d-1c87-4a2d-92bd-4a3e4ab0f4d6', 'username': 'silverswan334', 'password': 'beaver', 'salt': 'fVHENl2g', 'md5': 'db1492fb88b9318048b12fc24a53f3cb', 'sha1': '340d51b9a6b7485f72e4c00082b4ddeacfe9cf73', 'sha256': '4bc98c3c8445a8d244c32235d82556e10eb90050f1a350a19b45e0cbd5b8d6b5'}, 'dob': {'date': '1981-05-09T14:21:53.233Z', 'age': 43}, 'registered': {'date': '2006-04-21T05:20:39.982Z', 'age': 18}, 'phone': '926-709-284', 'cell': '614-191-011', 'id': {'name': 'DNI', 'value': '87233411-U'}, 'picture': {'large': 'https://randomuser.me/api/portraits/men/91.jpg', 'medium': 'https://randomuser.me/api/portraits/med/men/91.jpg', 'thumbnail': 'https://randomuser.me/api/portraits/thumb/men/91.jpg'}, 'nat': 'ES'}</msg>
<arg>${json_data['results'][0]}</arg>
<doc>Logs the given message with the given level.</doc>
<status status="PASS" start="2024-07-31T11:12:47.472230" elapsed="0.000428"/>
</kw>
<kw name="Log" owner="BuiltIn">
<msg time="2024-07-31T11:12:47.473093" level="INFO">gender</msg>
<arg>${key}</arg>
<doc>Logs the given message with the given level.</doc>
<status status="PASS" start="2024-07-31T11:12:47.472963" elapsed="0.000167"/>
</kw>
<var name="${key}">gender</var>
<status status="PASS" start="2024-07-31T11:12:47.471465" elapsed="0.001880"/>
</iter>
<iter>
<kw name="Dictionary Should Contain Key" owner="Collections">
<arg>${json_data['results'][0]}</arg>
<arg>${key}</arg>
<doc>Fails if ``key`` is not found from ``dictionary``.</doc>
<status status="PASS" start="2024-07-31T11:12:47.473643" elapsed="0.000383"/>
</kw>
<kw name="Log" owner="BuiltIn">
<msg time="2024-07-31T11:12:47.474574" level="INFO">{'gender': 'male', 'name': {'title': 'Mr', 'first': 'Martín', 'last': 'Mora'}, 'location': {'street': {'number': 3410, 'name': 'Calle de Alcalá'}, 'city': 'Móstoles', 'state': 'Aragón', 'country': 'Spain', 'postcode': 85959, 'coordinates': {'latitude': '-31.1764', 'longitude': '-28.5268'}, 'timezone': {'offset': '-12:00', 'description': 'Eniwetok, Kwajalein'}}, 'email': 'martin.mora@example.com', 'login': {'uuid': 'c905491d-1c87-4a2d-92bd-4a3e4ab0f4d6', 'username': 'silverswan334', 'password': 'beaver', 'salt': 'fVHENl2g', 'md5': 'db1492fb88b9318048b12fc24a53f3cb', 'sha1': '340d51b9a6b7485f72e4c00082b4ddeacfe9cf73', 'sha256': '4bc98c3c8445a8d244c32235d82556e10eb90050f1a350a19b45e0cbd5b8d6b5'}, 'dob': {'date': '1981-05-09T14:21:53.233Z', 'age': 43}, 'registered': {'date': '2006-04-21T05:20:39.982Z', 'age': 18}, 'phone': '926-709-284', 'cell': '614-191-011', 'id': {'name': 'DNI', 'value': '87233411-U'}, 'picture': {'large': 'https://randomuser.me/api/portraits/men/91.jpg', 'medium': 'https://randomuser.me/api/portraits/med/men/91.jpg', 'thumbnail': 'https://randomuser.me/api/portraits/thumb/men/91.jpg'}, 'nat': 'ES'}</msg>
<arg>${json_data['results'][0]}</arg>
<doc>Logs the given message with the given level.</doc>
<status status="PASS" start="2024-07-31T11:12:47.474209" elapsed="0.000446"/>
</kw>
<kw name="Log" owner="BuiltIn">
<msg time="2024-07-31T11:12:47.475091" level="INFO">name</msg>
<arg>${key}</arg>
<doc>Logs the given message with the given level.</doc>
<status status="PASS" start="2024-07-31T11:12:47.474959" elapsed="0.000169"/>
</kw>
<var name="${key}">name</var>
<status status="PASS" start="2024-07-31T11:12:47.473532" elapsed="0.001813"/>
</iter>
<iter>
<kw name="Dictionary Should Contain Key" owner="Collections">
<arg>${json_data['results'][0]}</arg>
<arg>${key}</arg>
<doc>Fails if ``key`` is not found from ``dictionary``.</doc>
<status status="PASS" start="2024-07-31T11:12:47.475674" elapsed="0.000390"/>
</kw>
<kw name="Log" owner="BuiltIn">
<msg time="2024-07-31T11:12:47.476602" level="INFO">{'gender': 'male', 'name': {'title': 'Mr', 'first': 'Martín', 'last': 'Mora'}, 'location': {'street': {'number': 3410, 'name': 'Calle de Alcalá'}, 'city': 'Móstoles', 'state': 'Aragón', 'country': 'Spain', 'postcode': 85959, 'coordinates': {'latitude': '-31.1764', 'longitude': '-28.5268'}, 'timezone': {'offset': '-12:00', 'description': 'Eniwetok, Kwajalein'}}, 'email': 'martin.mora@example.com', 'login': {'uuid': 'c905491d-1c87-4a2d-92bd-4a3e4ab0f4d6', 'username': 'silverswan334', 'password': 'beaver', 'salt': 'fVHENl2g', 'md5': 'db1492fb88b9318048b12fc24a53f3cb', 'sha1': '340d51b9a6b7485f72e4c00082b4ddeacfe9cf73', 'sha256': '4bc98c3c8445a8d244c32235d82556e10eb90050f1a350a19b45e0cbd5b8d6b5'}, 'dob': {'date': '1981-05-09T14:21:53.233Z', 'age': 43}, 'registered': {'date': '2006-04-21T05:20:39.982Z', 'age': 18}, 'phone': '926-709-284', 'cell': '614-191-011', 'id': {'name': 'DNI', 'value': '87233411-U'}, 'picture': {'large': 'https://randomuser.me/api/portraits/men/91.jpg', 'medium': 'https://randomuser.me/api/portraits/med/men/91.jpg', 'thumbnail': 'https://randomuser.me/api/portraits/thumb/men/91.jpg'}, 'nat': 'ES'}</msg>
<arg>${json_data['results'][0]}</arg>
<doc>Logs the given message with the given level.</doc>
<status status="PASS" start="2024-07-31T11:12:47.476251" elapsed="0.000408"/>
</kw>
<kw name="Log" owner="BuiltIn">
<msg time="2024-07-31T11:12:47.477086" level="INFO">location</msg>
<arg>${key}</arg>
<doc>Logs the given message with the given level.</doc>
<status status="PASS" start="2024-07-31T11:12:47.476958" elapsed="0.000166"/>
</kw>
<var name="${key}">location</var>
<status status="PASS" start="2024-07-31T11:12:47.475549" elapsed="0.001798"/>
</iter>
<iter>
<kw name="Dictionary Should Contain Key" owner="Collections">
<arg>${json_data['results'][0]}</arg>
<arg>${key}</arg>
<doc>Fails if ``key`` is not found from ``dictionary``.</doc>
<status status="PASS" start="2024-07-31T11:12:47.477626" elapsed="0.000380"/>
</kw>
<kw name="Log" owner="BuiltIn">
<msg time="2024-07-31T11:12:47.478676" level="INFO">{'gender': 'male', 'name': {'title': 'Mr', 'first': 'Martín', 'last': 'Mora'}, 'location': {'street': {'number': 3410, 'name': 'Calle de Alcalá'}, 'city': 'Móstoles', 'state': 'Aragón', 'country': 'Spain', 'postcode': 85959, 'coordinates': {'latitude': '-31.1764', 'longitude': '-28.5268'}, 'timezone': {'offset': '-12:00', 'description': 'Eniwetok, Kwajalein'}}, 'email': 'martin.mora@example.com', 'login': {'uuid': 'c905491d-1c87-4a2d-92bd-4a3e4ab0f4d6', 'username': 'silverswan334', 'password': 'beaver', 'salt': 'fVHENl2g', 'md5': 'db1492fb88b9318048b12fc24a53f3cb', 'sha1': '340d51b9a6b7485f72e4c00082b4ddeacfe9cf73', 'sha256': '4bc98c3c8445a8d244c32235d82556e10eb90050f1a350a19b45e0cbd5b8d6b5'}, 'dob': {'date': '1981-05-09T14:21:53.233Z', 'age': 43}, 'registered': {'date': '2006-04-21T05:20:39.982Z', 'age': 18}, 'phone': '926-709-284', 'cell': '614-191-011', 'id': {'name': 'DNI', 'value': '87233411-U'}, 'picture': {'large': 'https://randomuser.me/api/portraits/men/91.jpg', 'medium': 'https://randomuser.me/api/portraits/med/men/91.jpg', 'thumbnail': 'https://randomuser.me/api/portraits/thumb/men/91.jpg'}, 'nat': 'ES'}</msg>
<arg>${json_data['results'][0]}</arg>
<doc>Logs the given message with the given level.</doc>
<status status="PASS" start="2024-07-31T11:12:47.478319" elapsed="0.000407"/>
</kw>
<kw name="Log" owner="BuiltIn">
<msg time="2024-07-31T11:12:47.479153" level="INFO">email</msg>
<arg>${key}</arg>
<doc>Logs the given message with the given level.</doc>
<status status="PASS" start="2024-07-31T11:12:47.479023" elapsed="0.000168"/>
</kw>
<var name="${key}">email</var>
<status status="PASS" start="2024-07-31T11:12:47.477518" elapsed="0.001891"/>
</iter>
<iter>
<kw name="Dictionary Should Contain Key" owner="Collections">
<arg>${json_data['results'][0]}</arg>
<arg>${key}</arg>
<doc>Fails if ``key`` is not found from ``dictionary``.</doc>
<status status="PASS" start="2024-07-31T11:12:47.479721" elapsed="0.000377"/>
</kw>
<kw name="Log" owner="BuiltIn">
<msg time="2024-07-31T11:12:47.480635" level="INFO">{'gender': 'male', 'name': {'title': 'Mr', 'first': 'Martín', 'last': 'Mora'}, 'location': {'street': {'number': 3410, 'name': 'Calle de Alcalá'}, 'city': 'Móstoles', 'state': 'Aragón', 'country': 'Spain', 'postcode': 85959, 'coordinates': {'latitude': '-31.1764', 'longitude': '-28.5268'}, 'timezone': {'offset': '-12:00', 'description': 'Eniwetok, Kwajalein'}}, 'email': 'martin.mora@example.com', 'login': {'uuid': 'c905491d-1c87-4a2d-92bd-4a3e4ab0f4d6', 'username': 'silverswan334', 'password': 'beaver', 'salt': 'fVHENl2g', 'md5': 'db1492fb88b9318048b12fc24a53f3cb', 'sha1': '340d51b9a6b7485f72e4c00082b4ddeacfe9cf73', 'sha256': '4bc98c3c8445a8d244c32235d82556e10eb90050f1a350a19b45e0cbd5b8d6b5'}, 'dob': {'date': '1981-05-09T14:21:53.233Z', 'age': 43}, 'registered': {'date': '2006-04-21T05:20:39.982Z', 'age': 18}, 'phone': '926-709-284', 'cell': '614-191-011', 'id': {'name': 'DNI', 'value': '87233411-U'}, 'picture': {'large': 'https://randomuser.me/api/portraits/men/91.jpg', 'medium': 'https://randomuser.me/api/portraits/med/men/91.jpg', 'thumbnail': 'https://randomuser.me/api/portraits/thumb/men/91.jpg'}, 'nat': 'ES'}</msg>
<arg>${json_data['results'][0]}</arg>
<doc>Logs the given message with the given level.</doc>
<status status="PASS" start="2024-07-31T11:12:47.480280" elapsed="0.000404"/>
</kw>
<kw name="Log" owner="BuiltIn">
<msg time="2024-07-31T11:12:47.481110" level="INFO">login</msg>
<arg>${key}</arg>
<doc>Logs the given message with the given level.</doc>
<status status="PASS" start="2024-07-31T11:12:47.480981" elapsed="0.000166"/>
</kw>
<var name="${key}">login</var>
<status status="PASS" start="2024-07-31T11:12:47.479605" elapsed="0.001760"/>
</iter>
<var>${key}</var>
<value>@{expected_keys}</value>
<status status="PASS" start="2024-07-31T11:12:47.471271" elapsed="0.010215"/>
</for>
<kw name="Create List" owner="BuiltIn">
<msg time="2024-07-31T11:12:47.481817" level="INFO">${expected_keysTwo} = ['username', 'password']</msg>
<var>${expected_keysTwo}</var>
<arg>username</arg>
<arg>password</arg>
<doc>Returns a list containing given items.</doc>
<status status="PASS" start="2024-07-31T11:12:47.481673" elapsed="0.000167"/>
</kw>
<for flavor="IN">
<iter>
<kw name="Dictionary Should Contain Key" owner="Collections">
<arg>${json_data['results'][0]['login']}</arg>
<arg>${keyTwo}</arg>
<doc>Fails if ``key`` is not found from ``dictionary``.</doc>
<status status="PASS" start="2024-07-31T11:12:47.482365" elapsed="0.000386"/>
</kw>
<kw name="Dictionary Should Contain Key" owner="Collections">
<arg>${json_data['results'][0]['login']}</arg>
<arg>${keyTwo}</arg>
<doc>Fails if ``key`` is not found from ``dictionary``.</doc>
<status status="PASS" start="2024-07-31T11:12:47.482933" elapsed="0.000370"/>
</kw>
<kw name="Log" owner="BuiltIn">
<msg time="2024-07-31T11:12:47.483626" level="INFO">username</msg>
<arg>${keyTwo}</arg>
<doc>Logs the given message with the given level.</doc>
<status status="PASS" start="2024-07-31T11:12:47.483482" elapsed="0.000182"/>
</kw>
<var name="${keyTwo}">username</var>
<status status="PASS" start="2024-07-31T11:12:47.482258" elapsed="0.001636"/>
</iter>
<iter>
<kw name="Dictionary Should Contain Key" owner="Collections">
<arg>${json_data['results'][0]['login']}</arg>
<arg>${keyTwo}</arg>
<doc>Fails if ``key`` is not found from ``dictionary``.</doc>
<status status="PASS" start="2024-07-31T11:12:47.484178" elapsed="0.000385"/>
</kw>
<kw name="Dictionary Should Contain Key" owner="Collections">
<arg>${json_data['results'][0]['login']}</arg>
<arg>${keyTwo}</arg>
<doc>Fails if ``key`` is not found from ``dictionary``.</doc>
<status status="PASS" start="2024-07-31T11:12:47.484741" elapsed="0.000364"/>
</kw>
<kw name="Log" owner="BuiltIn">
<msg time="2024-07-31T11:12:47.485408" level="INFO">password</msg>
<arg>${keyTwo}</arg>
<doc>Logs the given message with the given level.</doc>
<status status="PASS" start="2024-07-31T11:12:47.485283" elapsed="0.000162"/>
</kw>
<var name="${keyTwo}">password</var>
<status status="PASS" start="2024-07-31T11:12:47.484066" elapsed="0.001602"/>
</iter>
<var>${keyTwo}</var>
<value>@{expected_keysTwo}</value>
<status status="PASS" start="2024-07-31T11:12:47.482105" elapsed="0.003687"/>
</for>
<status status="PASS" start="2024-07-31T11:12:46.842994" elapsed="0.642942"/>
</kw>
<doc>Testa a estrutura da resposta da API.</doc>
<tag>testeEstruturaResposta</tag>
<status status="PASS" start="2024-07-31T11:12:46.842275" elapsed="0.643821"/>
</test>
<test id="s1-s1-t4" name="Validar tipos de dados" line="28">
<kw name="Teste de Tipos de Dados" owner="random-user-service">
<kw name="GET On Session" owner="RequestsLibrary">
<msg time="2024-07-31T11:12:48.006299" level="INFO">GET Request : url=https://randomuser.me/api 
 path_url=/api 
 headers={'User-Agent': 'python-requests/2.32.3', 'Accept-Encoding': 'gzip, deflate', 'Accept': '*/*', 'Connection': 'keep-alive'} 
 body=None 
 </msg>
<msg time="2024-07-31T11:12:48.006408" level="INFO">GET Response : url=https://randomuser.me/api 
 status=200, reason=OK 
 headers={'Date': 'Wed, 31 Jul 2024 11:12:48 GMT', 'Content-Type': 'application/json; charset=utf-8', 'Transfer-Encoding': 'chunked', 'Connection': 'keep-alive', 'X-Powered-By': 'Express', 'Access-Control-Allow-Origin': '*', 'Cache-Control': 'no-cache', 'ETag': 'W/"483-XWhGHqkWftRWfuLEwPY0W91EGFs"', 'Vary': 'Accept-Encoding', 'Content-Encoding': 'gzip', 'CF-Cache-Status': 'DYNAMIC', 'Report-To': '{"endpoints":[{"url":"https:\\/\\/a.nel.cloudflare.com\\/report\\/v4?s=8TtkKWDIHUE3FzrkgKZwD1YLbPdrMLqiPwcEC%2BMn%2FPCm7BD4Bpf%2BxlTK7QZybpZ2J%2Bhs4dHHiLQ0IVvPuxHewfFkz0S41VNuhOBFsBoBNPFBkgREhAf%2FyGa4KDDf9g89"}],"group":"cf-nel","max_age":604800}', 'NEL': '{"success_fraction":0,"report_to":"cf-nel","max_age":604800}', 'Server': 'cloudflare', 'CF-RAY': '8abd27c8c8e26f9e-IAD', 'alt-svc': 'h3=":443"; ma=86400'} 
 body={"results":[{"gender":"female","name":{"title":"Ms","first":"Malathy","last":"Bal"},"location":{"street":{"number":284,"name":"Chimanlal Girdharlal Rd"},"city":"Bihar Sharif","state":"Nagaland","country":"India","postcode":88124,"coordinates":{"latitude":"10.1935","longitude":"159.4963"},"timezone":{"offset":"+4:30","description":"Kabul"}},"email":"malathy.bal@example.com","login":{"uuid":"51ca022b-db67-4a7a-9361-bf9c8f74d7a3","username":"beautifulpeacock974","password":"greenday","salt":"TyEQDOwp","md5":"023bb44f02bd1700156d6732ae0c3cd7","sha1":"ab0642075c606f6568301bca52970e97013ce290","sha256":"f9e28ea1d857c04407791dc00080d2c19771cd2585b245c1cd84fc510e3b8958"},"dob":{"date":"1980-01-27T21:56:31.281Z","age":44},"registered":{"date":"2018-04-02T05:24:11.348Z","age":6},"phone":"9428462883","cell":"8125072045","id":{"name":"UIDAI","value":"410508708707"},"picture":{"large":"https://randomuser.me/api/portraits/women/50.jpg","medium":"https://randomuser.me/api/portraits/med/women/50.jpg","thumbnail":"https://randomuser.me/api/portraits/thumb/women/50.jpg"},"nat":"IN"}],"info":{"seed":"3f03298016ea0a9b","results":1,"page":1,"version":"1.4"}} 
 </msg>
<msg time="2024-07-31T11:12:48.006488" level="INFO">/opt/hostedtoolcache/Python/3.12.4/x64/lib/python3.12/site-packages/urllib3/connectionpool.py:1099: InsecureRequestWarning: Unverified HTTPS request is being made to host 'randomuser.me'. Adding certificate verification is strongly advised. See: https://urllib3.readthedocs.io/en/latest/advanced-usage.html#tls-warnings
  warnings.warn(</msg>
<msg time="2024-07-31T11:12:48.006623" level="INFO">${response} = &lt;Response [200]&gt;</msg>
<var>${response}</var>
<arg>consultarAPI</arg>
<arg>/api</arg>
<doc>Sends a GET request on a previously created HTTP Session.</doc>
<status status="PASS" start="2024-07-31T11:12:47.488601" elapsed="0.518071"/>
</kw>
<kw name="Set Variable" owner="BuiltIn">
<msg time="2024-07-31T11:12:48.007840" level="INFO">${json_data} = {'results': [{'gender': 'female', 'name': {'title': 'Ms', 'first': 'Malathy', 'last': 'Bal'}, 'location': {'street': {'number': 284, 'name': 'Chimanlal Girdharlal Rd'}, 'city': 'Bihar Sharif', 'state'...</msg>
<var>${json_data}</var>
<arg>${response.json()}</arg>
<doc>Returns the given values which can then be assigned to a variables.</doc>
<status status="PASS" start="2024-07-31T11:12:48.007242" elapsed="0.000627"/>
</kw>
<kw name="Log" owner="BuiltIn">
<msg time="2024-07-31T11:12:48.008335" level="INFO">{'results': [{'gender': 'female', 'name': {'title': 'Ms', 'first': 'Malathy', 'last': 'Bal'}, 'location': {'street': {'number': 284, 'name': 'Chimanlal Girdharlal Rd'}, 'city': 'Bihar Sharif', 'state': 'Nagaland', 'country': 'India', 'postcode': 88124, 'coordinates': {'latitude': '10.1935', 'longitude': '159.4963'}, 'timezone': {'offset': '+4:30', 'description': 'Kabul'}}, 'email': 'malathy.bal@example.com', 'login': {'uuid': '51ca022b-db67-4a7a-9361-bf9c8f74d7a3', 'username': 'beautifulpeacock974', 'password': 'greenday', 'salt': 'TyEQDOwp', 'md5': '023bb44f02bd1700156d6732ae0c3cd7', 'sha1': 'ab0642075c606f6568301bca52970e97013ce290', 'sha256': 'f9e28ea1d857c04407791dc00080d2c19771cd2585b245c1cd84fc510e3b8958'}, 'dob': {'date': '1980-01-27T21:56:31.281Z', 'age': 44}, 'registered': {'date': '2018-04-02T05:24:11.348Z', 'age': 6}, 'phone': '9428462883', 'cell': '8125072045', 'id': {'name': 'UIDAI', 'value': '410508708707'}, 'picture': {'large': 'https://randomuser.me/api/portraits/women/50.jpg', 'medium': 'https://randomuser.me/api/portraits/med/women/50.jpg', 'thumbnail': 'https://randomuser.me/api/portraits/thumb/women/50.jpg'}, 'nat': 'IN'}], 'info': {'seed': '3f03298016ea0a9b', 'results': 1, 'page': 1, 'version': '1.4'}}</msg>
<arg>${json_data}</arg>
<doc>Logs the given message with the given level.</doc>
<status status="PASS" start="2024-07-31T11:12:48.008177" elapsed="0.000207"/>
</kw>
<kw name="Should Be String" owner="String">
<arg>${json_data['results'][0]['gender']}</arg>
<doc>Fails if the given ``item`` is not a string.</doc>
<status status="PASS" start="2024-07-31T11:12:48.008677" elapsed="0.000365"/>
</kw>
<kw name="Should Match Regexp" owner="BuiltIn">
<arg>${json_data['results'][0]['email']}</arg>
<arg>^[a-zA-Z0-9._%+-]+@[a-zA-Z0-9.-]+\.[a-zA-Z]{2,}$</arg>
<doc>Fails if ``string`` does not match ``pattern`` as a regular expression.</doc>
<status status="PASS" start="2024-07-31T11:12:48.009229" elapsed="0.000523"/>
</kw>
<kw name="Should Match Regexp" owner="BuiltIn">
<arg>${json_data['results'][0]['dob']['date']}</arg>
<arg>\\d{4}-\\d{2}-\\d{2}T\\d{2}:\\d{2}:\\d{2}\\.\\d{3}Z</arg>
<doc>Fails if ``string`` does not match ``pattern`` as a regular expression.</doc>
<status status="PASS" start="2024-07-31T11:12:48.009987" elapsed="0.000638"/>
</kw>
<kw name="Should Match Regexp" owner="BuiltIn">
<arg>${json_data['results'][0]['registered']['date']}</arg>
<arg>\\d{4}-\\d{2}-\\d{2}T\\d{2}:\\d{2}:\\d{2}\\.\\d{3}Z</arg>
<doc>Fails if ``string`` does not match ``pattern`` as a regular expression.</doc>
<status status="PASS" start="2024-07-31T11:12:48.010821" elapsed="0.000373"/>
</kw>
<kw name="Should Match Regexp" owner="BuiltIn">
<arg>${json_data['results'][0]['picture']['large']}</arg>
<arg>^https?://.*\.(?:png|jpe?g|gif|bmp)$</arg>
<doc>Fails if ``string`` does not match ``pattern`` as a regular expression.</doc>
<status status="PASS" start="2024-07-31T11:12:48.011380" elapsed="0.000482"/>
</kw>
<kw name="Should Match Regexp" owner="BuiltIn">
<arg>${json_data['results'][0]['picture']['medium']}</arg>
<arg>^https?://.*\.(?:png|jpe?g|gif|bmp)$</arg>
<doc>Fails if ``string`` does not match ``pattern`` as a regular expression.</doc>
<status status="PASS" start="2024-07-31T11:12:48.012050" elapsed="0.000355"/>
</kw>
<kw name="Should Match Regexp" owner="BuiltIn">
<arg>${json_data['results'][0]['picture']['thumbnail']}</arg>
<arg>^https?://.*\.(?:png|jpe?g|gif|bmp)$</arg>
<doc>Fails if ``string`` does not match ``pattern`` as a regular expression.</doc>
<status status="PASS" start="2024-07-31T11:12:48.012589" elapsed="0.000347"/>
</kw>
<kw name="Log" owner="BuiltIn">
<msg time="2024-07-31T11:12:48.013431" level="INFO">{'large': 'https://randomuser.me/api/portraits/women/50.jpg', 'medium': 'https://randomuser.me/api/portraits/med/women/50.jpg', 'thumbnail': 'https://randomuser.me/api/portraits/thumb/women/50.jpg'}</msg>
<arg>${json_data['results'][0]['picture']}</arg>
<doc>Logs the given message with the given level.</doc>
<status status="PASS" start="2024-07-31T11:12:48.013111" elapsed="0.000363"/>
</kw>
<status status="PASS" start="2024-07-31T11:12:47.488374" elapsed="0.525360"/>
</kw>
<kw name="Teste de Tipos de Dados - Postcode" owner="random-user-service">
<kw name="GET On Session" owner="RequestsLibrary">
<msg time="2024-07-31T11:12:48.534993" level="INFO">GET Request : url=https://randomuser.me/api 
 path_url=/api 
 headers={'User-Agent': 'python-requests/2.32.3', 'Accept-Encoding': 'gzip, deflate', 'Accept': '*/*', 'Connection': 'keep-alive'} 
 body=None 
 </msg>
<msg time="2024-07-31T11:12:48.535101" level="INFO">GET Response : url=https://randomuser.me/api 
 status=200, reason=OK 
 headers={'Date': 'Wed, 31 Jul 2024 11:12:48 GMT', 'Content-Type': 'application/json; charset=utf-8', 'Transfer-Encoding': 'chunked', 'Connection': 'keep-alive', 'X-Powered-By': 'Express', 'Access-Control-Allow-Origin': '*', 'Cache-Control': 'no-cache', 'ETag': 'W/"488-RlYtM/RQX9hVng8L0DGYRyCVLVU"', 'Vary': 'Accept-Encoding', 'Content-Encoding': 'gzip', 'CF-Cache-Status': 'DYNAMIC', 'Report-To': '{"endpoints":[{"url":"https:\\/\\/a.nel.cloudflare.com\\/report\\/v4?s=D2h4rZWCmM3klaZEmB8hV2FCPF7N1EGiy5ZJY8x1fAilsVf1ntGHP6RBPfLIZtsg1s0xwuoXUO1o7S7k2CDUkVQ%2FMKaThZuxcp9FEDkWGcVlSwJG0PvEsh8H3IhE9j2d"}],"group":"cf-nel","max_age":604800}', 'NEL': '{"success_fraction":0,"report_to":"cf-nel","max_age":604800}', 'Server': 'cloudflare', 'CF-RAY': '8abd27cc1a7c6f9e-IAD', 'alt-svc': 'h3=":443"; ma=86400'} 
 body={"results":[{"gender":"female","name":{"title":"Miss","first":"Iida","last":"Oja"},"location":{"street":{"number":4472,"name":"Reijolankatu"},"city":"Heinola","state":"Uusimaa","country":"Finland","postcode":23585,"coordinates":{"latitude":"-25.1517","longitude":"74.1210"},"timezone":{"offset":"-1:00","description":"Azores, Cape Verde Islands"}},"email":"iida.oja@example.com","login":{"uuid":"5a067b1e-26e1-489f-a0a2-8dd794b18295","username":"blackleopard858","password":"nopass","salt":"x5gHL94a","md5":"ba36ec898cbd7c5ebdff006f022cf038","sha1":"e16a0ac88ba7a64161c6e5f857223434136a5ad1","sha256":"32e845158653d2f8875c0f04d44c836de43896599ac5c6a39ba26a397ac7f4a8"},"dob":{"date":"1991-01-15T16:02:14.090Z","age":33},"registered":{"date":"2011-09-02T21:06:37.506Z","age":12},"phone":"04-705-163","cell":"048-304-21-96","id":{"name":"HETU","value":"NaNNA446undefined"},"picture":{"large":"https://randomuser.me/api/portraits/women/55.jpg","medium":"https://randomuser.me/api/portraits/med/women/55.jpg","thumbnail":"https://randomuser.me/api/portraits/thumb/women/55.jpg"},"nat":"FI"}],"info":{"seed":"d5a6415fa4138832","results":1,"page":1,"version":"1.4"}} 
 </msg>
<msg time="2024-07-31T11:12:48.535184" level="INFO">/opt/hostedtoolcache/Python/3.12.4/x64/lib/python3.12/site-packages/urllib3/connectionpool.py:1099: InsecureRequestWarning: Unverified HTTPS request is being made to host 'randomuser.me'. Adding certificate verification is strongly advised. See: https://urllib3.readthedocs.io/en/latest/advanced-usage.html#tls-warnings
  warnings.warn(</msg>
<msg time="2024-07-31T11:12:48.535319" level="INFO">${response} = &lt;Response [200]&gt;</msg>
<var>${response}</var>
<arg>consultarAPI</arg>
<arg>/api</arg>
<doc>Sends a GET request on a previously created HTTP Session.</doc>
<status status="PASS" start="2024-07-31T11:12:48.014192" elapsed="0.521179"/>
</kw>
<kw name="Set Variable" owner="BuiltIn">
<msg time="2024-07-31T11:12:48.536455" level="INFO">${json_data} = {'results': [{'gender': 'female', 'name': {'title': 'Miss', 'first': 'Iida', 'last': 'Oja'}, 'location': {'street': {'number': 4472, 'name': 'Reijolankatu'}, 'city': 'Heinola', 'state': 'Uusimaa', 'co...</msg>
<var>${json_data}</var>
<arg>${response.json()}</arg>
<doc>Returns the given values which can then be assigned to a variables.</doc>
<status status="PASS" start="2024-07-31T11:12:48.535943" elapsed="0.000540"/>
</kw>
<kw name="Log" owner="BuiltIn">
<msg time="2024-07-31T11:12:48.536943" level="INFO">{'results': [{'gender': 'female', 'name': {'title': 'Miss', 'first': 'Iida', 'last': 'Oja'}, 'location': {'street': {'number': 4472, 'name': 'Reijolankatu'}, 'city': 'Heinola', 'state': 'Uusimaa', 'country': 'Finland', 'postcode': 23585, 'coordinates': {'latitude': '-25.1517', 'longitude': '74.1210'}, 'timezone': {'offset': '-1:00', 'description': 'Azores, Cape Verde Islands'}}, 'email': 'iida.oja@example.com', 'login': {'uuid': '5a067b1e-26e1-489f-a0a2-8dd794b18295', 'username': 'blackleopard858', 'password': 'nopass', 'salt': 'x5gHL94a', 'md5': 'ba36ec898cbd7c5ebdff006f022cf038', 'sha1': 'e16a0ac88ba7a64161c6e5f857223434136a5ad1', 'sha256': '32e845158653d2f8875c0f04d44c836de43896599ac5c6a39ba26a397ac7f4a8'}, 'dob': {'date': '1991-01-15T16:02:14.090Z', 'age': 33}, 'registered': {'date': '2011-09-02T21:06:37.506Z', 'age': 12}, 'phone': '04-705-163', 'cell': '048-304-21-96', 'id': {'name': 'HETU', 'value': 'NaNNA446undefined'}, 'picture': {'large': 'https://randomuser.me/api/portraits/women/55.jpg', 'medium': 'https://randomuser.me/api/portraits/med/women/55.jpg', 'thumbnail': 'https://randomuser.me/api/portraits/thumb/women/55.jpg'}, 'nat': 'FI'}], 'info': {'seed': 'd5a6415fa4138832', 'results': 1, 'page': 1, 'version': '1.4'}}</msg>
<arg>${json_data}</arg>
<doc>Logs the given message with the given level.</doc>
<status status="PASS" start="2024-07-31T11:12:48.536788" elapsed="0.000201"/>
</kw>
<kw name="Should Be Equal As Numbers" owner="BuiltIn">
<arg>${json_data['results'][0]['location']['postcode']}</arg>
<arg>${json_data['results'][0]['location']['postcode']}</arg>
<doc>Fails if objects are unequal after converting them to real numbers.</doc>
<status status="PASS" start="2024-07-31T11:12:48.537286" elapsed="0.000618"/>
</kw>
<kw name="Log" owner="BuiltIn">
<msg time="2024-07-31T11:12:48.538434" level="INFO">23585</msg>
<arg>${json_data['results'][0]['location']['postcode']}</arg>
<doc>Logs the given message with the given level.</doc>
<status status="PASS" start="2024-07-31T11:12:48.538099" elapsed="0.000376"/>
</kw>
<status status="PASS" start="2024-07-31T11:12:48.013959" elapsed="0.524772"/>
</kw>
<doc>Testa se os tipos de dados na resposta da API estão corretos.</doc>
<tag>testeTiposDados</tag>
<status status="PASS" start="2024-07-31T11:12:47.487891" elapsed="1.051048"/>
</test>
<test id="s1-s1-t5" name="Validar conteudo" line="35">
<kw name="Teste de Tipos de Conteudo" owner="random-user-service">
<kw name="GET On Session" owner="RequestsLibrary">
<msg time="2024-07-31T11:12:48.894576" level="INFO">GET Request : url=https://randomuser.me/api 
 path_url=/api 
 headers={'User-Agent': 'python-requests/2.32.3', 'Accept-Encoding': 'gzip, deflate', 'Accept': '*/*', 'Connection': 'keep-alive'} 
 body=None 
 </msg>
<msg time="2024-07-31T11:12:48.894691" level="INFO">GET Response : url=https://randomuser.me/api 
 status=200, reason=OK 
 headers={'Date': 'Wed, 31 Jul 2024 11:12:48 GMT', 'Content-Type': 'application/json; charset=utf-8', 'Transfer-Encoding': 'chunked', 'Connection': 'keep-alive', 'X-Powered-By': 'Express', 'Access-Control-Allow-Origin': '*', 'Cache-Control': 'no-cache', 'ETag': 'W/"48a-6TUFLnxRb7g43G4HVGzkYh6C1PY"', 'Vary': 'Accept-Encoding', 'Content-Encoding': 'gzip', 'CF-Cache-Status': 'DYNAMIC', 'Report-To': '{"endpoints":[{"url":"https:\\/\\/a.nel.cloudflare.com\\/report\\/v4?s=828yzdMlcpJK6hvourh3%2BvieMSqzBZ1DxMdUmKB6TjkJ9OycR5BGjMryHAtmchLdW4H0VYUmy4aN06vBHIO8kiUmS4vnDj74AG48AugmBIG9btNjFVlsc0bT6zLv4uKp"}],"group":"cf-nel","max_age":604800}', 'NEL': '{"success_fraction":0,"report_to":"cf-nel","max_age":604800}', 'Server': 'cloudflare', 'CF-RAY': '8abd27cf6c206f9e-IAD', 'alt-svc': 'h3=":443"; ma=86400'} 
 body={"results":[{"gender":"male","name":{"title":"Mr","first":"Isak","last":"Aksdal"},"location":{"street":{"number":4753,"name":"Marmorveien"},"city":"Rubbestadneset","state":"Vest-Agder","country":"Norway","postcode":"6300","coordinates":{"latitude":"40.6413","longitude":"-43.7834"},"timezone":{"offset":"+8:00","description":"Beijing, Perth, Singapore, Hong Kong"}},"email":"isak.aksdal@example.com","login":{"uuid":"60d78ae6-3587-4adb-9731-0dc1535756e7","username":"bluebutterfly100","password":"hotstuff","salt":"mxHCNYRZ","md5":"051a76eac1d49c122417cde55ab6a90a","sha1":"ba190eb20b4d0b3340f3fe787db75868746d334c","sha256":"9feb82e2d06c2598230bb45878fdb2db2bb1409841c65b2e44a39460baae77d3"},"dob":{"date":"1993-11-30T09:29:28.915Z","age":30},"registered":{"date":"2018-03-02T20:45:51.372Z","age":6},"phone":"32343494","cell":"91975076","id":{"name":"FN","value":"30119343328"},"picture":{"large":"https://randomuser.me/api/portraits/men/11.jpg","medium":"https://randomuser.me/api/portraits/med/men/11.jpg","thumbnail":"https://randomuser.me/api/portraits/thumb/men/11.jpg"},"nat":"NO"}],"info":{"seed":"4ac21b9a68ee63ed","results":1,"page":1,"version":"1.4"}} 
 </msg>
<msg time="2024-07-31T11:12:48.894775" level="INFO">/opt/hostedtoolcache/Python/3.12.4/x64/lib/python3.12/site-packages/urllib3/connectionpool.py:1099: InsecureRequestWarning: Unverified HTTPS request is being made to host 'randomuser.me'. Adding certificate verification is strongly advised. See: https://urllib3.readthedocs.io/en/latest/advanced-usage.html#tls-warnings
  warnings.warn(</msg>
<msg time="2024-07-31T11:12:48.894916" level="INFO">${response} = &lt;Response [200]&gt;</msg>
<var>${response}</var>
<arg>consultarAPI</arg>
<arg>/api</arg>
<doc>Sends a GET request on a previously created HTTP Session.</doc>
<status status="PASS" start="2024-07-31T11:12:48.541713" elapsed="0.353237"/>
</kw>
<kw name="Set Variable" owner="BuiltIn">
<msg time="2024-07-31T11:12:48.896274" level="INFO">${json_data} = {'results': [{'gender': 'male', 'name': {'title': 'Mr', 'first': 'Isak', 'last': 'Aksdal'}, 'location': {'street': {'number': 4753, 'name': 'Marmorveien'}, 'city': 'Rubbestadneset', 'state': 'Vest-Agd...</msg>
<var>${json_data}</var>
<arg>${response.json()}</arg>
<doc>Returns the given values which can then be assigned to a variables.</doc>
<status status="PASS" start="2024-07-31T11:12:48.895636" elapsed="0.000667"/>
</kw>
<kw name="Set Variable" owner="BuiltIn">
<msg time="2024-07-31T11:12:48.897025" level="INFO">${name_title} = Mr</msg>
<var>${name_title}</var>
<arg>${json_data["results"][0]["name"]["title"]}</arg>
<doc>Returns the given values which can then be assigned to a variables.</doc>
<status status="PASS" start="2024-07-31T11:12:48.896634" elapsed="0.000416"/>
</kw>
<kw name="Create List" owner="BuiltIn">
<msg time="2024-07-31T11:12:48.897501" level="INFO">${allowed_titles} = ['Mr', 'Ms', 'Miss', 'Mrs', 'Madame', 'Monsieur']</msg>
<var>${allowed_titles}</var>
<arg>Mr</arg>
<arg>Ms</arg>
<arg>Miss</arg>
<arg>Mrs</arg>
<arg>Madame</arg>
<arg>Monsieur</arg>
<doc>Returns a list containing given items.</doc>
<status status="PASS" start="2024-07-31T11:12:48.897350" elapsed="0.000176"/>
</kw>
<kw name="List Should Contain Value" owner="Collections">
<arg>${allowed_titles}</arg>
<arg>${name_title}</arg>
<doc>Fails if the ``value`` is not found from ``list``.</doc>
<status status="PASS" start="2024-07-31T11:12:48.897827" elapsed="0.000179"/>
</kw>
<kw name="Set Variable" owner="BuiltIn">
<msg time="2024-07-31T11:12:48.898566" level="INFO">${name_country} = NO</msg>
<var>${name_country}</var>
<arg>${json_data["results"][0]["nat"]}</arg>
<doc>Returns the given values which can then be assigned to a variables.</doc>
<status status="PASS" start="2024-07-31T11:12:48.898191" elapsed="0.000401"/>
</kw>
<kw name="Create List" owner="BuiltIn">
<msg time="2024-07-31T11:12:48.899492" level="INFO">${list_country} = ['AD', 'AE', 'AF', 'AG', 'AI', 'AL', 'AM', 'AO', 'AQ', 'AR', 'AS', 'AT', 'AU', 'AW', 'AX', 'AZ', 'BA', 'BB', 'BD', 'BE', 'BF', 'BG', 'BH', 'BI', 'BJ', 'BL', 'BM', 'BN', 'BO', 'BQ', 'BR', 'BS', 'BT', '...</msg>
<var>${list_country}</var>
<arg>AD</arg>
<arg>AE</arg>
<arg>AF</arg>
<arg>AG</arg>
<arg>AI</arg>
<arg>AL</arg>
<arg>AM</arg>
<arg>AO</arg>
<arg>AQ</arg>
<arg>AR</arg>
<arg>AS</arg>
<arg>AT</arg>
<arg>AU</arg>
<arg>AW</arg>
<arg>AX</arg>
<arg>AZ</arg>
<arg>BA</arg>
<arg>BB</arg>
<arg>BD</arg>
<arg>BE</arg>
<arg>BF</arg>
<arg>BG</arg>
<arg>BH</arg>
<arg>BI</arg>
<arg>BJ</arg>
<arg>BL</arg>
<arg>BM</arg>
<arg>BN</arg>
<arg>BO</arg>
<arg>BQ</arg>
<arg>BR</arg>
<arg>BS</arg>
<arg>BT</arg>
<arg>BV</arg>
<arg>BW</arg>
<arg>BY</arg>
<arg>BZ</arg>
<arg>CA</arg>
<arg>CC</arg>
<arg>CD</arg>
<arg>CF</arg>
<arg>CG</arg>
<arg>CH</arg>
<arg>CI</arg>
<arg>CK</arg>
<arg>CL</arg>
<arg>CM</arg>
<arg>CN</arg>
<arg>CO</arg>
<arg>CR</arg>
<arg>CU</arg>
<arg>CV</arg>
<arg>CW</arg>
<arg>CX</arg>
<arg>CY</arg>
<arg>CZ</arg>
<arg>DE</arg>
<arg>DJ</arg>
<arg>DK</arg>
<arg>DM</arg>
<arg>DO</arg>
<arg>DZ</arg>
<arg>EC</arg>
<arg>EE</arg>
<arg>EG</arg>
<arg>EH</arg>
<arg>ER</arg>
<arg>ES</arg>
<arg>ET</arg>
<arg>FI</arg>
<arg>FJ</arg>
<arg>FK</arg>
<arg>FM</arg>
<arg>FO</arg>
<arg>FR</arg>
<arg>GA</arg>
<arg>GB</arg>
<arg>GD</arg>
<arg>GE</arg>
<arg>GF</arg>
<arg>GG</arg>
<arg>GH</arg>
<arg>GI</arg>
<arg>GL</arg>
<arg>GM</arg>
<arg>GN</arg>
<arg>GP</arg>
<arg>GQ</arg>
<arg>GR</arg>
<arg>GS</arg>
<arg>GT</arg>
<arg>GU</arg>
<arg>GW</arg>
<arg>GY</arg>
<arg>HK</arg>
<arg>HM</arg>
<arg>HN</arg>
<arg>HR</arg>
<arg>HT</arg>
<arg>HU</arg>
<arg>ID</arg>
<arg>IE</arg>
<arg>IL</arg>
<arg>IM</arg>
<arg>IN</arg>
<arg>IO</arg>
<arg>IQ</arg>
<arg>IR</arg>
<arg>IS</arg>
<arg>IT</arg>
<arg>JE</arg>
<arg>JM</arg>
<arg>JO</arg>
<arg>JP</arg>
<arg>KE</arg>
<arg>KG</arg>
<arg>KH</arg>
<arg>KI</arg>
<arg>KM</arg>
<arg>KN</arg>
<arg>KP</arg>
<arg>KR</arg>
<arg>KW</arg>
<arg>KY</arg>
<arg>KZ</arg>
<arg>LA</arg>
<arg>LB</arg>
<arg>LC</arg>
<arg>LI</arg>
<arg>LK</arg>
<arg>LR</arg>
<arg>LS</arg>
<arg>LT</arg>
<arg>LU</arg>
<arg>LV</arg>
<arg>LY</arg>
<arg>MA</arg>
<arg>MC</arg>
<arg>MD</arg>
<arg>ME</arg>
<arg>MF</arg>
<arg>MG</arg>
<arg>MH</arg>
<arg>MK</arg>
<arg>ML</arg>
<arg>MM</arg>
<arg>MN</arg>
<arg>MO</arg>
<arg>MP</arg>
<arg>MQ</arg>
<arg>MR</arg>
<arg>MS</arg>
<arg>MT</arg>
<arg>MU</arg>
<arg>MV</arg>
<arg>MW</arg>
<arg>MX</arg>
<arg>MY</arg>
<arg>MZ</arg>
<arg>NA</arg>
<arg>NC</arg>
<arg>NE</arg>
<arg>NF</arg>
<arg>NG</arg>
<arg>NI</arg>
<arg>NL</arg>
<arg>NO</arg>
<arg>NP</arg>
<arg>NR</arg>
<arg>NU</arg>
<arg>NZ</arg>
<arg>OM</arg>
<arg>PA</arg>
<arg>PE</arg>
<arg>PF</arg>
<arg>PG</arg>
<arg>PH</arg>
<arg>PK</arg>
<arg>PL</arg>
<arg>PM</arg>
<arg>PN</arg>
<arg>PR</arg>
<arg>PS</arg>
<arg>PT</arg>
<arg>PW</arg>
<arg>PY</arg>
<arg>QA</arg>
<arg>RE</arg>
<arg>RO</arg>
<arg>RS</arg>
<arg>RU</arg>
<arg>RW</arg>
<arg>SA</arg>
<arg>SB</arg>
<arg>SC</arg>
<arg>SD</arg>
<arg>SE</arg>
<arg>SG</arg>
<arg>SH</arg>
<arg>SI</arg>
<arg>SJ</arg>
<arg>SK</arg>
<arg>SL</arg>
<arg>SM</arg>
<arg>SN</arg>
<arg>SO</arg>
<arg>SR</arg>
<arg>SS</arg>
<arg>ST</arg>
<arg>SV</arg>
<arg>SX</arg>
<arg>SY</arg>
<arg>SZ</arg>
<arg>TC</arg>
<arg>TD</arg>
<arg>TF</arg>
<arg>TG</arg>
<arg>TH</arg>
<arg>TJ</arg>
<arg>TK</arg>
<arg>TL</arg>
<arg>TM</arg>
<arg>TN</arg>
<arg>TO</arg>
<arg>TR</arg>
<arg>TT</arg>
<arg>TV</arg>
<arg>TW</arg>
<arg>TZ</arg>
<arg>UA</arg>
<arg>UG</arg>
<arg>UM</arg>
<arg>US</arg>
<arg>UY</arg>
<arg>UZ</arg>
<arg>VA</arg>
<arg>VC</arg>
<arg>VE</arg>
<arg>VG</arg>
<arg>VI</arg>
<arg>VN</arg>
<arg>VU</arg>
<arg>WF</arg>
<arg>WS</arg>
<arg>XK</arg>
<arg>YE</arg>
<arg>YT</arg>
<arg>ZA</arg>
<arg>ZM</arg>
<arg>ZW</arg>
<doc>Returns a list containing given items.</doc>
<status status="PASS" start="2024-07-31T11:12:48.898884" elapsed="0.000661"/>
</kw>
<kw name="List Should Contain Value" owner="Collections">
<arg>${list_country}</arg>
<arg>${name_country}</arg>
<doc>Fails if the ``value`` is not found from ``list``.</doc>
<status status="PASS" start="2024-07-31T11:12:48.900548" elapsed="0.000211"/>
</kw>
<kw name="Run Keyword If" owner="BuiltIn">
<kw name="Should Be True" owner="BuiltIn">
<arg>${True}</arg>
<doc>Fails if the given condition is not true.</doc>
<status status="PASS" start="2024-07-31T11:12:48.901702" elapsed="0.000143"/>
</kw>
<arg>${json_data["results"][0]["location"]["coordinates"]["latitude"]} &gt;= -90 and ${json_data["results"][0]["location"]["coordinates"]["latitude"]} &lt;= 90</arg>
<arg>Should Be True</arg>
<arg>${True}</arg>
<doc>Runs the given keyword with the given arguments, if ``condition`` is true.</doc>
<status status="PASS" start="2024-07-31T11:12:48.900961" elapsed="0.001009"/>
</kw>
<kw name="Run Keyword If" owner="BuiltIn">
<kw name="Should Be True" owner="BuiltIn">
<arg>${True}</arg>
<doc>Fails if the given condition is not true.</doc>
<status status="PASS" start="2024-07-31T11:12:48.902854" elapsed="0.000138"/>
</kw>
<arg>${json_data["results"][0]["location"]["coordinates"]["longitude"]} &gt;= -180 and ${json_data["results"][0]["location"]["coordinates"]["longitude"]} &lt;= 180</arg>
<arg>Should Be True</arg>
<arg>${True}</arg>
<doc>Runs the given keyword with the given arguments, if ``condition`` is true.</doc>
<status status="PASS" start="2024-07-31T11:12:48.902153" elapsed="0.000963"/>
</kw>
<status status="PASS" start="2024-07-31T11:12:48.541381" elapsed="0.361867"/>
</kw>
<doc>Testa o conteúdo específico dos campos retornados pela API.</doc>
<tag>testeConteudo</tag>
<status status="PASS" start="2024-07-31T11:12:48.540762" elapsed="0.362638"/>
</test>
<status status="PASS" start="2024-07-31T11:12:45.991327" elapsed="2.914052"/>
</suite>
<status status="PASS" start="2024-07-31T11:12:45.977101" elapsed="2.933903"/>
</suite>
<statistics>
<total>
<stat pass="5" fail="0" skip="0">All Tests</stat>
</total>
<tag>
<stat pass="1" fail="0" skip="0">testeConteudo</stat>
<stat pass="1" fail="0" skip="0">testeEstruturaResposta</stat>
<stat pass="1" fail="0" skip="0">testeRequisicaoBasica</stat>
<stat pass="1" fail="0" skip="0">testeTiposDados</stat>
</tag>
<suite>
<stat pass="5" fail="0" skip="0" id="s1" name="Tests">Tests</stat>
<stat pass="5" fail="0" skip="0" id="s1-s1" name="Random-User-Test">Tests.Random-User-Test</stat>
</suite>
</statistics>
<errors>
</errors>
</robot>
