<?xml version="1.0" encoding="UTF-8"?>
<robot generator="Robot 7.0.1 (Python 3.12.4 on linux)" generated="2024-07-11T14:14:03.516572" rpa="false" schemaversion="5">
<suite id="s1" name="Tests" source="/home/runner/work/ApiRandomUser/ApiRandomUser/RamdonUser/tests">
<suite id="s1-s1" name="Random-User-Test" source="/home/runner/work/ApiRandomUser/ApiRandomUser/RamdonUser/tests/random-user-test.robot">
<test id="s1-s1-t1" name="Conectar" line="13">
<kw name="Conectar API" owner="random-user-service">
<kw name="Create Session" owner="RequestsLibrary">
<msg time="2024-07-11T14:14:03.909970" level="INFO">Creating Session using : alias=consultarAPI, url=https://randomuser.me/, headers={},                     cookies={}, auth=None, timeout=None, proxies=None, verify=False,                     debug=0 </msg>
<arg>consultarAPI</arg>
<arg>${URL}</arg>
<doc>Create Session: create a HTTP session to a server</doc>
<status status="PASS" start="2024-07-11T14:14:03.909772" elapsed="0.000368"/>
</kw>
<status status="PASS" start="2024-07-11T14:14:03.908837" elapsed="0.001690"/>
</kw>
<status status="PASS" start="2024-07-11T14:14:03.908335" elapsed="0.002383"/>
</test>
<test id="s1-s1-t2" name="Validar retorno 200 e JSON Válido" line="16">
<kw name="Teste de Requisicao Basica" owner="random-user-service">
<kw name="GET On Session" owner="RequestsLibrary">
<msg time="2024-07-11T14:14:04.034235" level="INFO">GET Request : url=https://randomuser.me/api 
 path_url=/api 
 headers={'User-Agent': 'python-requests/2.32.3', 'Accept-Encoding': 'gzip, deflate', 'Accept': '*/*', 'Connection': 'keep-alive'} 
 body=None 
 </msg>
<msg time="2024-07-11T14:14:04.034395" level="INFO">GET Response : url=https://randomuser.me/api 
 status=200, reason=OK 
 headers={'Date': 'Thu, 11 Jul 2024 14:14:04 GMT', 'Content-Type': 'application/json; charset=utf-8', 'Transfer-Encoding': 'chunked', 'Connection': 'keep-alive', 'X-Powered-By': 'Express', 'Access-Control-Allow-Origin': '*', 'Cache-Control': 'no-cache', 'ETag': 'W/"484-KH2P0Tz2yWIwX6wUL/UceqhGLZ4"', 'Vary': 'Accept-Encoding', 'Content-Encoding': 'gzip', 'CF-Cache-Status': 'DYNAMIC', 'Report-To': '{"endpoints":[{"url":"https:\\/\\/a.nel.cloudflare.com\\/report\\/v4?s=t7w%2BE6EMER%2FF5ffsTmL7P1DLCCnuWaAttk0ciHMVEx41BakxwG2ZuD0rUIb2%2BQA2SlsC9eL3SzHTjXnKgKl7FJdiq89rW9RW5igbSL3aMCLorp6RvsgFh3u%2BMW9a22ik"}],"group":"cf-nel","max_age":604800}', 'NEL': '{"success_fraction":0,"report_to":"cf-nel","max_age":604800}', 'Server': 'cloudflare', 'CF-RAY': '8a1965d2c8a229bc-IAD', 'alt-svc': 'h3=":443"; ma=86400'} 
 body={"results":[{"gender":"female","name":{"title":"Miss","first":"Aubree","last":"Abraham"},"location":{"street":{"number":3814,"name":"Oak St"},"city":"Fauquier","state":"Prince Edward Island","country":"Canada","postcode":"P8A 9V4","coordinates":{"latitude":"-72.0580","longitude":"59.4433"},"timezone":{"offset":"-2:00","description":"Mid-Atlantic"}},"email":"aubree.abraham@example.com","login":{"uuid":"20066a4b-ac90-4994-a88d-fb6105429850","username":"tinyzebra760","password":"lindsey","salt":"ULaLKskF","md5":"c5943e32ebf78dee64c1e7f41e7047ba","sha1":"5eb476f36fd2152bf3e3118f05d67a4a709e3e51","sha256":"9e80b42a81c52340dedb498a4358e16a9f6fbc68114f71acabba6a49211f3aa2"},"dob":{"date":"1966-11-15T09:20:25.892Z","age":57},"registered":{"date":"2004-07-16T12:24:20.466Z","age":19},"phone":"I21 P53-0110","cell":"H71 Y28-6362","id":{"name":"SIN","value":"695407940"},"picture":{"large":"https://randomuser.me/api/portraits/women/3.jpg","medium":"https://randomuser.me/api/portraits/med/women/3.jpg","thumbnail":"https://randomuser.me/api/portraits/thumb/women/3.jpg"},"nat":"CA"}],"info":{"seed":"f14df4dd4fa24459","results":1,"page":1,"version":"1.4"}} 
 </msg>
<msg time="2024-07-11T14:14:04.034476" level="INFO">/opt/hostedtoolcache/Python/3.12.4/x64/lib/python3.12/site-packages/urllib3/connectionpool.py:1099: InsecureRequestWarning: Unverified HTTPS request is being made to host 'randomuser.me'. Adding certificate verification is strongly advised. See: https://urllib3.readthedocs.io/en/latest/advanced-usage.html#tls-warnings
  warnings.warn(</msg>
<msg time="2024-07-11T14:14:04.034626" level="INFO">${response} = &lt;Response [200]&gt;</msg>
<var>${response}</var>
<arg>consultarAPI</arg>
<arg>/api</arg>
<doc>Sends a GET request on a previously created HTTP Session.</doc>
<status status="PASS" start="2024-07-11T14:14:03.913237" elapsed="0.121432"/>
</kw>
<kw name="Should Be Equal As Numbers" owner="BuiltIn">
<msg time="2024-07-11T14:14:04.035789" level="INFO">Argument types are:
&lt;class 'int'&gt;
&lt;class 'str'&gt;</msg>
<arg>${response.status_code}</arg>
<arg>200</arg>
<doc>Fails if objects are unequal after converting them to real numbers.</doc>
<status status="PASS" start="2024-07-11T14:14:04.035256" elapsed="0.000599"/>
</kw>
<kw name="Log" owner="BuiltIn">
<msg time="2024-07-11T14:14:04.036522" level="INFO">200</msg>
<arg>${response.status_code}</arg>
<doc>Logs the given message with the given level.</doc>
<status status="PASS" start="2024-07-11T14:14:04.036173" elapsed="0.000393"/>
</kw>
<kw name="Set Variable" owner="BuiltIn">
<msg time="2024-07-11T14:14:04.037296" level="INFO">${json_data} = {'results': [{'gender': 'female', 'name': {'title': 'Miss', 'first': 'Aubree', 'last': 'Abraham'}, 'location': {'street': {'number': 3814, 'name': 'Oak St'}, 'city': 'Fauquier', 'state': 'Prince Edwar...</msg>
<var>${json_data}</var>
<arg>${response.json()}</arg>
<doc>Returns the given values which can then be assigned to a variables.</doc>
<status status="PASS" start="2024-07-11T14:14:04.036867" elapsed="0.000457"/>
</kw>
<kw name="Dictionary Should Contain Key" owner="Collections">
<arg>${json_data}</arg>
<arg>results</arg>
<doc>Fails if ``key`` is not found from ``dictionary``.</doc>
<status status="PASS" start="2024-07-11T14:14:04.037624" elapsed="0.000166"/>
</kw>
<status status="PASS" start="2024-07-11T14:14:03.912990" elapsed="0.124947"/>
</kw>
<doc>Testa se a API responde corretamente e retorna um objeto JSON válido.</doc>
<tag>testeRequisicaoBasica</tag>
<status status="PASS" start="2024-07-11T14:14:03.912553" elapsed="0.125564"/>
</test>
<test id="s1-s1-t3" name="Validar estrutura de resposta" line="22">
<kw name="Teste de Estrutura de Resposta" owner="random-user-service">
<kw name="GET On Session" owner="RequestsLibrary">
<msg time="2024-07-11T14:14:04.133497" level="INFO">GET Request : url=https://randomuser.me/api 
 path_url=/api 
 headers={'User-Agent': 'python-requests/2.32.3', 'Accept-Encoding': 'gzip, deflate', 'Accept': '*/*', 'Connection': 'keep-alive'} 
 body=None 
 </msg>
<msg time="2024-07-11T14:14:04.133578" level="INFO">GET Response : url=https://randomuser.me/api 
 status=200, reason=OK 
 headers={'Date': 'Thu, 11 Jul 2024 14:14:04 GMT', 'Content-Type': 'application/json; charset=utf-8', 'Transfer-Encoding': 'chunked', 'Connection': 'keep-alive', 'X-Powered-By': 'Express', 'Access-Control-Allow-Origin': '*', 'Cache-Control': 'no-cache', 'ETag': 'W/"4a2-q5rhPESLPwNo5fg1qC2abzAE0Vg"', 'Vary': 'Accept-Encoding', 'Content-Encoding': 'gzip', 'CF-Cache-Status': 'DYNAMIC', 'Report-To': '{"endpoints":[{"url":"https:\\/\\/a.nel.cloudflare.com\\/report\\/v4?s=kQcqtg5X8GQprTZ%2B%2FKVjTnz5QSFWma7WUSm%2BC%2Fovb1HNEWXVora7YhklI1PMhBzKpmiSy2mF3dG39a7zJw13nupH6T%2FZ4nFMjmujMolbImQNMBD2X6mnMvgc2OtEovoT"}],"group":"cf-nel","max_age":604800}', 'NEL': '{"success_fraction":0,"report_to":"cf-nel","max_age":604800}', 'Server': 'cloudflare', 'CF-RAY': '8a1965d3493929bc-IAD', 'alt-svc': 'h3=":443"; ma=86400'} 
 body={"results":[{"gender":"male","name":{"title":"Monsieur","first":"Andre","last":"Jean"},"location":{"street":{"number":1125,"name":"Rue de la Fontaine"},"city":"Marthalen","state":"Nidwalden","country":"Switzerland","postcode":8432,"coordinates":{"latitude":"-58.9205","longitude":"-10.5693"},"timezone":{"offset":"+3:00","description":"Baghdad, Riyadh, Moscow, St. Petersburg"}},"email":"andre.jean@example.com","login":{"uuid":"0781a887-0282-4505-b70d-264ad997bbef","username":"angryswan215","password":"hunter1","salt":"dlHiwcuS","md5":"64dd8ef2c8bd10b27b4111cd53a70247","sha1":"ccf75ffd968844a52edfe9f47d5e065dee1fb08e","sha256":"eb485abc2b21fc432e47d1b90310f67d757b05b337f73ea0162b5a56d96339d6"},"dob":{"date":"1966-03-20T23:00:18.892Z","age":58},"registered":{"date":"2007-06-07T19:11:00.582Z","age":17},"phone":"077 547 79 90","cell":"075 647 69 48","id":{"name":"AVS","value":"756.9480.3153.02"},"picture":{"large":"https://randomuser.me/api/portraits/men/68.jpg","medium":"https://randomuser.me/api/portraits/med/men/68.jpg","thumbnail":"https://randomuser.me/api/portraits/thumb/men/68.jpg"},"nat":"CH"}],"info":{"seed":"c0b83a8de490aec3","results":1,"page":1,"version":"1.4"}} 
 </msg>
<msg time="2024-07-11T14:14:04.133692" level="INFO">/opt/hostedtoolcache/Python/3.12.4/x64/lib/python3.12/site-packages/urllib3/connectionpool.py:1099: InsecureRequestWarning: Unverified HTTPS request is being made to host 'randomuser.me'. Adding certificate verification is strongly advised. See: https://urllib3.readthedocs.io/en/latest/advanced-usage.html#tls-warnings
  warnings.warn(</msg>
<msg time="2024-07-11T14:14:04.133829" level="INFO">${response} = &lt;Response [200]&gt;</msg>
<var>${response}</var>
<arg>consultarAPI</arg>
<arg>/api</arg>
<doc>Sends a GET request on a previously created HTTP Session.</doc>
<status status="PASS" start="2024-07-11T14:14:04.040872" elapsed="0.092999"/>
</kw>
<kw name="Set Variable" owner="BuiltIn">
<msg time="2024-07-11T14:14:04.134869" level="INFO">${json_data} = {'results': [{'gender': 'male', 'name': {'title': 'Monsieur', 'first': 'Andre', 'last': 'Jean'}, 'location': {'street': {'number': 1125, 'name': 'Rue de la Fontaine'}, 'city': 'Marthalen', 'state': 'N...</msg>
<var>${json_data}</var>
<arg>${response.json()}</arg>
<doc>Returns the given values which can then be assigned to a variables.</doc>
<status status="PASS" start="2024-07-11T14:14:04.134324" elapsed="0.000580"/>
</kw>
<kw name="Log" owner="BuiltIn">
<msg time="2024-07-11T14:14:04.135381" level="INFO">{'results': [{'gender': 'male', 'name': {'title': 'Monsieur', 'first': 'Andre', 'last': 'Jean'}, 'location': {'street': {'number': 1125, 'name': 'Rue de la Fontaine'}, 'city': 'Marthalen', 'state': 'Nidwalden', 'country': 'Switzerland', 'postcode': 8432, 'coordinates': {'latitude': '-58.9205', 'longitude': '-10.5693'}, 'timezone': {'offset': '+3:00', 'description': 'Baghdad, Riyadh, Moscow, St. Petersburg'}}, 'email': 'andre.jean@example.com', 'login': {'uuid': '0781a887-0282-4505-b70d-264ad997bbef', 'username': 'angryswan215', 'password': 'hunter1', 'salt': 'dlHiwcuS', 'md5': '64dd8ef2c8bd10b27b4111cd53a70247', 'sha1': 'ccf75ffd968844a52edfe9f47d5e065dee1fb08e', 'sha256': 'eb485abc2b21fc432e47d1b90310f67d757b05b337f73ea0162b5a56d96339d6'}, 'dob': {'date': '1966-03-20T23:00:18.892Z', 'age': 58}, 'registered': {'date': '2007-06-07T19:11:00.582Z', 'age': 17}, 'phone': '077 547 79 90', 'cell': '075 647 69 48', 'id': {'name': 'AVS', 'value': '756.9480.3153.02'}, 'picture': {'large': 'https://randomuser.me/api/portraits/men/68.jpg', 'medium': 'https://randomuser.me/api/portraits/med/men/68.jpg', 'thumbnail': 'https://randomuser.me/api/portraits/thumb/men/68.jpg'}, 'nat': 'CH'}], 'info': {'seed': 'c0b83a8de490aec3', 'results': 1, 'page': 1, 'version': '1.4'}}</msg>
<arg>${json_data}</arg>
<doc>Logs the given message with the given level.</doc>
<status status="PASS" start="2024-07-11T14:14:04.135221" elapsed="0.000209"/>
</kw>
<kw name="Dictionary Should Contain Key" owner="Collections">
<arg>${json_data}</arg>
<arg>results</arg>
<doc>Fails if ``key`` is not found from ``dictionary``.</doc>
<status status="PASS" start="2024-07-11T14:14:04.135719" elapsed="0.000157"/>
</kw>
<kw name="Should Not Be Empty" owner="BuiltIn">
<msg time="2024-07-11T14:14:04.136188" level="INFO">Length is 2.</msg>
<arg>${json_data}</arg>
<doc>Verifies that the given item is not empty.</doc>
<status status="PASS" start="2024-07-11T14:14:04.136060" elapsed="0.000167"/>
</kw>
<kw name="Create List" owner="BuiltIn">
<msg time="2024-07-11T14:14:04.136797" level="INFO">${expected_keys} = ['gender', 'name', 'location', 'email', 'login']</msg>
<var>${expected_keys}</var>
<arg>gender</arg>
<arg>name</arg>
<arg>location</arg>
<arg>email</arg>
<arg>login</arg>
<doc>Returns a list containing given items.</doc>
<status status="PASS" start="2024-07-11T14:14:04.136513" elapsed="0.000309"/>
</kw>
<for flavor="IN">
<iter>
<kw name="Dictionary Should Contain Key" owner="Collections">
<arg>${json_data['results'][0]}</arg>
<arg>${key}</arg>
<doc>Fails if ``key`` is not found from ``dictionary``.</doc>
<status status="PASS" start="2024-07-11T14:14:04.137393" elapsed="0.000402"/>
</kw>
<kw name="Log" owner="BuiltIn">
<msg time="2024-07-11T14:14:04.138373" level="INFO">{'gender': 'male', 'name': {'title': 'Monsieur', 'first': 'Andre', 'last': 'Jean'}, 'location': {'street': {'number': 1125, 'name': 'Rue de la Fontaine'}, 'city': 'Marthalen', 'state': 'Nidwalden', 'country': 'Switzerland', 'postcode': 8432, 'coordinates': {'latitude': '-58.9205', 'longitude': '-10.5693'}, 'timezone': {'offset': '+3:00', 'description': 'Baghdad, Riyadh, Moscow, St. Petersburg'}}, 'email': 'andre.jean@example.com', 'login': {'uuid': '0781a887-0282-4505-b70d-264ad997bbef', 'username': 'angryswan215', 'password': 'hunter1', 'salt': 'dlHiwcuS', 'md5': '64dd8ef2c8bd10b27b4111cd53a70247', 'sha1': 'ccf75ffd968844a52edfe9f47d5e065dee1fb08e', 'sha256': 'eb485abc2b21fc432e47d1b90310f67d757b05b337f73ea0162b5a56d96339d6'}, 'dob': {'date': '1966-03-20T23:00:18.892Z', 'age': 58}, 'registered': {'date': '2007-06-07T19:11:00.582Z', 'age': 17}, 'phone': '077 547 79 90', 'cell': '075 647 69 48', 'id': {'name': 'AVS', 'value': '756.9480.3153.02'}, 'picture': {'large': 'https://randomuser.me/api/portraits/men/68.jpg', 'medium': 'https://randomuser.me/api/portraits/med/men/68.jpg', 'thumbnail': 'https://randomuser.me/api/portraits/thumb/men/68.jpg'}, 'nat': 'CH'}</msg>
<arg>${json_data['results'][0]}</arg>
<doc>Logs the given message with the given level.</doc>
<status status="PASS" start="2024-07-11T14:14:04.137983" elapsed="0.000443"/>
</kw>
<kw name="Log" owner="BuiltIn">
<msg time="2024-07-11T14:14:04.138859" level="INFO">gender</msg>
<arg>${key}</arg>
<doc>Logs the given message with the given level.</doc>
<status status="PASS" start="2024-07-11T14:14:04.138731" elapsed="0.000167"/>
</kw>
<var name="${key}">gender</var>
<status status="PASS" start="2024-07-11T14:14:04.137268" elapsed="0.001847"/>
</iter>
<iter>
<kw name="Dictionary Should Contain Key" owner="Collections">
<arg>${json_data['results'][0]}</arg>
<arg>${key}</arg>
<doc>Fails if ``key`` is not found from ``dictionary``.</doc>
<status status="PASS" start="2024-07-11T14:14:04.139417" elapsed="0.000392"/>
</kw>
<kw name="Log" owner="BuiltIn">
<msg time="2024-07-11T14:14:04.140389" level="INFO">{'gender': 'male', 'name': {'title': 'Monsieur', 'first': 'Andre', 'last': 'Jean'}, 'location': {'street': {'number': 1125, 'name': 'Rue de la Fontaine'}, 'city': 'Marthalen', 'state': 'Nidwalden', 'country': 'Switzerland', 'postcode': 8432, 'coordinates': {'latitude': '-58.9205', 'longitude': '-10.5693'}, 'timezone': {'offset': '+3:00', 'description': 'Baghdad, Riyadh, Moscow, St. Petersburg'}}, 'email': 'andre.jean@example.com', 'login': {'uuid': '0781a887-0282-4505-b70d-264ad997bbef', 'username': 'angryswan215', 'password': 'hunter1', 'salt': 'dlHiwcuS', 'md5': '64dd8ef2c8bd10b27b4111cd53a70247', 'sha1': 'ccf75ffd968844a52edfe9f47d5e065dee1fb08e', 'sha256': 'eb485abc2b21fc432e47d1b90310f67d757b05b337f73ea0162b5a56d96339d6'}, 'dob': {'date': '1966-03-20T23:00:18.892Z', 'age': 58}, 'registered': {'date': '2007-06-07T19:11:00.582Z', 'age': 17}, 'phone': '077 547 79 90', 'cell': '075 647 69 48', 'id': {'name': 'AVS', 'value': '756.9480.3153.02'}, 'picture': {'large': 'https://randomuser.me/api/portraits/men/68.jpg', 'medium': 'https://randomuser.me/api/portraits/med/men/68.jpg', 'thumbnail': 'https://randomuser.me/api/portraits/thumb/men/68.jpg'}, 'nat': 'CH'}</msg>
<arg>${json_data['results'][0]}</arg>
<doc>Logs the given message with the given level.</doc>
<status status="PASS" start="2024-07-11T14:14:04.139995" elapsed="0.000444"/>
</kw>
<kw name="Log" owner="BuiltIn">
<msg time="2024-07-11T14:14:04.140867" level="INFO">name</msg>
<arg>${key}</arg>
<doc>Logs the given message with the given level.</doc>
<status status="PASS" start="2024-07-11T14:14:04.140739" elapsed="0.000166"/>
</kw>
<var name="${key}">name</var>
<status status="PASS" start="2024-07-11T14:14:04.139304" elapsed="0.001819"/>
</iter>
<iter>
<kw name="Dictionary Should Contain Key" owner="Collections">
<arg>${json_data['results'][0]}</arg>
<arg>${key}</arg>
<doc>Fails if ``key`` is not found from ``dictionary``.</doc>
<status status="PASS" start="2024-07-11T14:14:04.141412" elapsed="0.000380"/>
</kw>
<kw name="Log" owner="BuiltIn">
<msg time="2024-07-11T14:14:04.142371" level="INFO">{'gender': 'male', 'name': {'title': 'Monsieur', 'first': 'Andre', 'last': 'Jean'}, 'location': {'street': {'number': 1125, 'name': 'Rue de la Fontaine'}, 'city': 'Marthalen', 'state': 'Nidwalden', 'country': 'Switzerland', 'postcode': 8432, 'coordinates': {'latitude': '-58.9205', 'longitude': '-10.5693'}, 'timezone': {'offset': '+3:00', 'description': 'Baghdad, Riyadh, Moscow, St. Petersburg'}}, 'email': 'andre.jean@example.com', 'login': {'uuid': '0781a887-0282-4505-b70d-264ad997bbef', 'username': 'angryswan215', 'password': 'hunter1', 'salt': 'dlHiwcuS', 'md5': '64dd8ef2c8bd10b27b4111cd53a70247', 'sha1': 'ccf75ffd968844a52edfe9f47d5e065dee1fb08e', 'sha256': 'eb485abc2b21fc432e47d1b90310f67d757b05b337f73ea0162b5a56d96339d6'}, 'dob': {'date': '1966-03-20T23:00:18.892Z', 'age': 58}, 'registered': {'date': '2007-06-07T19:11:00.582Z', 'age': 17}, 'phone': '077 547 79 90', 'cell': '075 647 69 48', 'id': {'name': 'AVS', 'value': '756.9480.3153.02'}, 'picture': {'large': 'https://randomuser.me/api/portraits/men/68.jpg', 'medium': 'https://randomuser.me/api/portraits/med/men/68.jpg', 'thumbnail': 'https://randomuser.me/api/portraits/thumb/men/68.jpg'}, 'nat': 'CH'}</msg>
<arg>${json_data['results'][0]}</arg>
<doc>Logs the given message with the given level.</doc>
<status status="PASS" start="2024-07-11T14:14:04.141979" elapsed="0.000442"/>
</kw>
<kw name="Log" owner="BuiltIn">
<msg time="2024-07-11T14:14:04.142866" level="INFO">location</msg>
<arg>${key}</arg>
<doc>Logs the given message with the given level.</doc>
<status status="PASS" start="2024-07-11T14:14:04.142727" elapsed="0.000177"/>
</kw>
<var name="${key}">location</var>
<status status="PASS" start="2024-07-11T14:14:04.141303" elapsed="0.001819"/>
</iter>
<iter>
<kw name="Dictionary Should Contain Key" owner="Collections">
<arg>${json_data['results'][0]}</arg>
<arg>${key}</arg>
<doc>Fails if ``key`` is not found from ``dictionary``.</doc>
<status status="PASS" start="2024-07-11T14:14:04.143410" elapsed="0.000390"/>
</kw>
<kw name="Log" owner="BuiltIn">
<msg time="2024-07-11T14:14:04.144349" level="INFO">{'gender': 'male', 'name': {'title': 'Monsieur', 'first': 'Andre', 'last': 'Jean'}, 'location': {'street': {'number': 1125, 'name': 'Rue de la Fontaine'}, 'city': 'Marthalen', 'state': 'Nidwalden', 'country': 'Switzerland', 'postcode': 8432, 'coordinates': {'latitude': '-58.9205', 'longitude': '-10.5693'}, 'timezone': {'offset': '+3:00', 'description': 'Baghdad, Riyadh, Moscow, St. Petersburg'}}, 'email': 'andre.jean@example.com', 'login': {'uuid': '0781a887-0282-4505-b70d-264ad997bbef', 'username': 'angryswan215', 'password': 'hunter1', 'salt': 'dlHiwcuS', 'md5': '64dd8ef2c8bd10b27b4111cd53a70247', 'sha1': 'ccf75ffd968844a52edfe9f47d5e065dee1fb08e', 'sha256': 'eb485abc2b21fc432e47d1b90310f67d757b05b337f73ea0162b5a56d96339d6'}, 'dob': {'date': '1966-03-20T23:00:18.892Z', 'age': 58}, 'registered': {'date': '2007-06-07T19:11:00.582Z', 'age': 17}, 'phone': '077 547 79 90', 'cell': '075 647 69 48', 'id': {'name': 'AVS', 'value': '756.9480.3153.02'}, 'picture': {'large': 'https://randomuser.me/api/portraits/men/68.jpg', 'medium': 'https://randomuser.me/api/portraits/med/men/68.jpg', 'thumbnail': 'https://randomuser.me/api/portraits/thumb/men/68.jpg'}, 'nat': 'CH'}</msg>
<arg>${json_data['results'][0]}</arg>
<doc>Logs the given message with the given level.</doc>
<status status="PASS" start="2024-07-11T14:14:04.143991" elapsed="0.000408"/>
</kw>
<kw name="Log" owner="BuiltIn">
<msg time="2024-07-11T14:14:04.144827" level="INFO">email</msg>
<arg>${key}</arg>
<doc>Logs the given message with the given level.</doc>
<status status="PASS" start="2024-07-11T14:14:04.144695" elapsed="0.000171"/>
</kw>
<var name="${key}">email</var>
<status status="PASS" start="2024-07-11T14:14:04.143295" elapsed="0.001785"/>
</iter>
<iter>
<kw name="Dictionary Should Contain Key" owner="Collections">
<arg>${json_data['results'][0]}</arg>
<arg>${key}</arg>
<doc>Fails if ``key`` is not found from ``dictionary``.</doc>
<status status="PASS" start="2024-07-11T14:14:04.145364" elapsed="0.000385"/>
</kw>
<kw name="Log" owner="BuiltIn">
<msg time="2024-07-11T14:14:04.146300" level="INFO">{'gender': 'male', 'name': {'title': 'Monsieur', 'first': 'Andre', 'last': 'Jean'}, 'location': {'street': {'number': 1125, 'name': 'Rue de la Fontaine'}, 'city': 'Marthalen', 'state': 'Nidwalden', 'country': 'Switzerland', 'postcode': 8432, 'coordinates': {'latitude': '-58.9205', 'longitude': '-10.5693'}, 'timezone': {'offset': '+3:00', 'description': 'Baghdad, Riyadh, Moscow, St. Petersburg'}}, 'email': 'andre.jean@example.com', 'login': {'uuid': '0781a887-0282-4505-b70d-264ad997bbef', 'username': 'angryswan215', 'password': 'hunter1', 'salt': 'dlHiwcuS', 'md5': '64dd8ef2c8bd10b27b4111cd53a70247', 'sha1': 'ccf75ffd968844a52edfe9f47d5e065dee1fb08e', 'sha256': 'eb485abc2b21fc432e47d1b90310f67d757b05b337f73ea0162b5a56d96339d6'}, 'dob': {'date': '1966-03-20T23:00:18.892Z', 'age': 58}, 'registered': {'date': '2007-06-07T19:11:00.582Z', 'age': 17}, 'phone': '077 547 79 90', 'cell': '075 647 69 48', 'id': {'name': 'AVS', 'value': '756.9480.3153.02'}, 'picture': {'large': 'https://randomuser.me/api/portraits/men/68.jpg', 'medium': 'https://randomuser.me/api/portraits/med/men/68.jpg', 'thumbnail': 'https://randomuser.me/api/portraits/thumb/men/68.jpg'}, 'nat': 'CH'}</msg>
<arg>${json_data['results'][0]}</arg>
<doc>Logs the given message with the given level.</doc>
<status status="PASS" start="2024-07-11T14:14:04.145930" elapsed="0.000422"/>
</kw>
<kw name="Log" owner="BuiltIn">
<msg time="2024-07-11T14:14:04.146787" level="INFO">login</msg>
<arg>${key}</arg>
<doc>Logs the given message with the given level.</doc>
<status status="PASS" start="2024-07-11T14:14:04.146661" elapsed="0.000164"/>
</kw>
<var name="${key}">login</var>
<status status="PASS" start="2024-07-11T14:14:04.145251" elapsed="0.001787"/>
</iter>
<var>${key}</var>
<value>@{expected_keys}</value>
<status status="PASS" start="2024-07-11T14:14:04.137083" elapsed="0.010077"/>
</for>
<kw name="Create List" owner="BuiltIn">
<msg time="2024-07-11T14:14:04.147525" level="INFO">${expected_keysTwo} = ['username', 'password']</msg>
<var>${expected_keysTwo}</var>
<arg>username</arg>
<arg>password</arg>
<doc>Returns a list containing given items.</doc>
<status status="PASS" start="2024-07-11T14:14:04.147380" elapsed="0.000170"/>
</kw>
<for flavor="IN">
<iter>
<kw name="Dictionary Should Contain Key" owner="Collections">
<arg>${json_data['results'][0]['login']}</arg>
<arg>${keyTwo}</arg>
<doc>Fails if ``key`` is not found from ``dictionary``.</doc>
<status status="PASS" start="2024-07-11T14:14:04.148047" elapsed="0.000390"/>
</kw>
<kw name="Dictionary Should Contain Key" owner="Collections">
<arg>${json_data['results'][0]['login']}</arg>
<arg>${keyTwo}</arg>
<doc>Fails if ``key`` is not found from ``dictionary``.</doc>
<status status="PASS" start="2024-07-11T14:14:04.148618" elapsed="0.000373"/>
</kw>
<kw name="Log" owner="BuiltIn">
<msg time="2024-07-11T14:14:04.149293" level="INFO">username</msg>
<arg>${keyTwo}</arg>
<doc>Logs the given message with the given level.</doc>
<status status="PASS" start="2024-07-11T14:14:04.149174" elapsed="0.000157"/>
</kw>
<var name="${keyTwo}">username</var>
<status status="PASS" start="2024-07-11T14:14:04.147940" elapsed="0.001611"/>
</iter>
<iter>
<kw name="Dictionary Should Contain Key" owner="Collections">
<arg>${json_data['results'][0]['login']}</arg>
<arg>${keyTwo}</arg>
<doc>Fails if ``key`` is not found from ``dictionary``.</doc>
<status status="PASS" start="2024-07-11T14:14:04.149830" elapsed="0.000387"/>
</kw>
<kw name="Dictionary Should Contain Key" owner="Collections">
<arg>${json_data['results'][0]['login']}</arg>
<arg>${keyTwo}</arg>
<doc>Fails if ``key`` is not found from ``dictionary``.</doc>
<status status="PASS" start="2024-07-11T14:14:04.150440" elapsed="0.000387"/>
</kw>
<kw name="Log" owner="BuiltIn">
<msg time="2024-07-11T14:14:04.151124" level="INFO">password</msg>
<arg>${keyTwo}</arg>
<doc>Logs the given message with the given level.</doc>
<status status="PASS" start="2024-07-11T14:14:04.151006" elapsed="0.000162"/>
</kw>
<var name="${keyTwo}">password</var>
<status status="PASS" start="2024-07-11T14:14:04.149723" elapsed="0.001758"/>
</iter>
<var>${keyTwo}</var>
<value>@{expected_keysTwo}</value>
<status status="PASS" start="2024-07-11T14:14:04.147790" elapsed="0.003815"/>
</for>
<status status="PASS" start="2024-07-11T14:14:04.040634" elapsed="0.111108"/>
</kw>
<doc>Testa a estrutura da resposta da API.</doc>
<tag>testeEstruturaResposta</tag>
<status status="PASS" start="2024-07-11T14:14:04.039975" elapsed="0.111915"/>
</test>
<test id="s1-s1-t4" name="Validar tipos de dados" line="28">
<kw name="Teste de Tipos de Dados" owner="random-user-service">
<kw name="GET On Session" owner="RequestsLibrary">
<msg time="2024-07-11T14:14:04.235057" level="INFO">GET Request : url=https://randomuser.me/api 
 path_url=/api 
 headers={'User-Agent': 'python-requests/2.32.3', 'Accept-Encoding': 'gzip, deflate', 'Accept': '*/*', 'Connection': 'keep-alive'} 
 body=None 
 </msg>
<msg time="2024-07-11T14:14:04.235122" level="INFO">GET Response : url=https://randomuser.me/api 
 status=200, reason=OK 
 headers={'Date': 'Thu, 11 Jul 2024 14:14:04 GMT', 'Content-Type': 'application/json; charset=utf-8', 'Transfer-Encoding': 'chunked', 'Connection': 'keep-alive', 'X-Powered-By': 'Express', 'Access-Control-Allow-Origin': '*', 'Cache-Control': 'no-cache', 'ETag': 'W/"47e-razI+P/fBhEsBwt4yb6ZLFjHV0A"', 'Vary': 'Accept-Encoding', 'Content-Encoding': 'gzip', 'CF-Cache-Status': 'DYNAMIC', 'Report-To': '{"endpoints":[{"url":"https:\\/\\/a.nel.cloudflare.com\\/report\\/v4?s=vXTa2U39slKDagC6UD%2FMkjE0TADQtYM8svwqbTxnz4kn%2Br71QVcSBTn5o%2FAk0WQTk1%2FocK4WAMXbYscaSJ8LQDf7tzEy2Z%2BrV%2BnFn3XyNO%2BqvM2qe73pDK7JAvgU8QI2"}],"group":"cf-nel","max_age":604800}', 'NEL': '{"success_fraction":0,"report_to":"cf-nel","max_age":604800}', 'Server': 'cloudflare', 'CF-RAY': '8a1965d3fa1929bc-IAD', 'alt-svc': 'h3=":443"; ma=86400'} 
 body={"results":[{"gender":"female","name":{"title":"Ms","first":"Lotte","last":"Myreng"},"location":{"street":{"number":5203,"name":"Lundåsveien"},"city":"Vik","state":"Finnmark - Finnmárku","country":"Norway","postcode":"1328","coordinates":{"latitude":"41.7602","longitude":"154.7122"},"timezone":{"offset":"+9:30","description":"Adelaide, Darwin"}},"email":"lotte.myreng@example.com","login":{"uuid":"99de88e4-0056-4d0e-b089-eaa8e464d57b","username":"organicswan705","password":"lumber","salt":"cxz3d5Ea","md5":"fab27e0d68e11546aa0dfc1d419584df","sha1":"35597ebf7a3961ab99b36d4763185210873811fb","sha256":"e2d438b664eddbcaacf195bfc8cdce7fe9ddd185de5137508ce2569902384b75"},"dob":{"date":"1983-07-06T16:16:17.822Z","age":41},"registered":{"date":"2013-07-23T10:32:21.019Z","age":10},"phone":"34283469","cell":"96248704","id":{"name":"FN","value":"06078331249"},"picture":{"large":"https://randomuser.me/api/portraits/women/88.jpg","medium":"https://randomuser.me/api/portraits/med/women/88.jpg","thumbnail":"https://randomuser.me/api/portraits/thumb/women/88.jpg"},"nat":"NO"}],"info":{"seed":"3b4383a3d7976fe6","results":1,"page":1,"version":"1.4"}} 
 </msg>
<msg time="2024-07-11T14:14:04.235182" level="INFO">/opt/hostedtoolcache/Python/3.12.4/x64/lib/python3.12/site-packages/urllib3/connectionpool.py:1099: InsecureRequestWarning: Unverified HTTPS request is being made to host 'randomuser.me'. Adding certificate verification is strongly advised. See: https://urllib3.readthedocs.io/en/latest/advanced-usage.html#tls-warnings
  warnings.warn(</msg>
<msg time="2024-07-11T14:14:04.235287" level="INFO">${response} = &lt;Response [200]&gt;</msg>
<var>${response}</var>
<arg>consultarAPI</arg>
<arg>/api</arg>
<doc>Sends a GET request on a previously created HTTP Session.</doc>
<status status="PASS" start="2024-07-11T14:14:04.154302" elapsed="0.081027"/>
</kw>
<kw name="Set Variable" owner="BuiltIn">
<msg time="2024-07-11T14:14:04.236169" level="INFO">${json_data} = {'results': [{'gender': 'female', 'name': {'title': 'Ms', 'first': 'Lotte', 'last': 'Myreng'}, 'location': {'street': {'number': 5203, 'name': 'Lundåsveien'}, 'city': 'Vik', 'state': 'Finnmark - Finnm...</msg>
<var>${json_data}</var>
<arg>${response.json()}</arg>
<doc>Returns the given values which can then be assigned to a variables.</doc>
<status status="PASS" start="2024-07-11T14:14:04.235705" elapsed="0.000496"/>
</kw>
<kw name="Log" owner="BuiltIn">
<msg time="2024-07-11T14:14:04.236661" level="INFO">{'results': [{'gender': 'female', 'name': {'title': 'Ms', 'first': 'Lotte', 'last': 'Myreng'}, 'location': {'street': {'number': 5203, 'name': 'Lundåsveien'}, 'city': 'Vik', 'state': 'Finnmark - Finnmárku', 'country': 'Norway', 'postcode': '1328', 'coordinates': {'latitude': '41.7602', 'longitude': '154.7122'}, 'timezone': {'offset': '+9:30', 'description': 'Adelaide, Darwin'}}, 'email': 'lotte.myreng@example.com', 'login': {'uuid': '99de88e4-0056-4d0e-b089-eaa8e464d57b', 'username': 'organicswan705', 'password': 'lumber', 'salt': 'cxz3d5Ea', 'md5': 'fab27e0d68e11546aa0dfc1d419584df', 'sha1': '35597ebf7a3961ab99b36d4763185210873811fb', 'sha256': 'e2d438b664eddbcaacf195bfc8cdce7fe9ddd185de5137508ce2569902384b75'}, 'dob': {'date': '1983-07-06T16:16:17.822Z', 'age': 41}, 'registered': {'date': '2013-07-23T10:32:21.019Z', 'age': 10}, 'phone': '34283469', 'cell': '96248704', 'id': {'name': 'FN', 'value': '06078331249'}, 'picture': {'large': 'https://randomuser.me/api/portraits/women/88.jpg', 'medium': 'https://randomuser.me/api/portraits/med/women/88.jpg', 'thumbnail': 'https://randomuser.me/api/portraits/thumb/women/88.jpg'}, 'nat': 'NO'}], 'info': {'seed': '3b4383a3d7976fe6', 'results': 1, 'page': 1, 'version': '1.4'}}</msg>
<arg>${json_data}</arg>
<doc>Logs the given message with the given level.</doc>
<status status="PASS" start="2024-07-11T14:14:04.236504" elapsed="0.000216"/>
</kw>
<kw name="Should Be String" owner="String">
<arg>${json_data['results'][0]['gender']}</arg>
<doc>Fails if the given ``item`` is not a string.</doc>
<status status="PASS" start="2024-07-11T14:14:04.237010" elapsed="0.000355"/>
</kw>
<kw name="Should Match Regexp" owner="BuiltIn">
<arg>${json_data['results'][0]['email']}</arg>
<arg>^[a-zA-Z0-9._%+-]+@[a-zA-Z0-9.-]+\.[a-zA-Z]{2,}$</arg>
<doc>Fails if ``string`` does not match ``pattern`` as a regular expression.</doc>
<status status="PASS" start="2024-07-11T14:14:04.237595" elapsed="0.000514"/>
</kw>
<kw name="Should Match Regexp" owner="BuiltIn">
<arg>${json_data['results'][0]['dob']['date']}</arg>
<arg>\\d{4}-\\d{2}-\\d{2}T\\d{2}:\\d{2}:\\d{2}\\.\\d{3}Z</arg>
<doc>Fails if ``string`` does not match ``pattern`` as a regular expression.</doc>
<status status="PASS" start="2024-07-11T14:14:04.238348" elapsed="0.000495"/>
</kw>
<kw name="Should Match Regexp" owner="BuiltIn">
<arg>${json_data['results'][0]['registered']['date']}</arg>
<arg>\\d{4}-\\d{2}-\\d{2}T\\d{2}:\\d{2}:\\d{2}\\.\\d{3}Z</arg>
<doc>Fails if ``string`` does not match ``pattern`` as a regular expression.</doc>
<status status="PASS" start="2024-07-11T14:14:04.239035" elapsed="0.000370"/>
</kw>
<kw name="Should Match Regexp" owner="BuiltIn">
<arg>${json_data['results'][0]['picture']['large']}</arg>
<arg>^https?://.*\.(?:png|jpe?g|gif|bmp)$</arg>
<doc>Fails if ``string`` does not match ``pattern`` as a regular expression.</doc>
<status status="PASS" start="2024-07-11T14:14:04.239588" elapsed="0.000452"/>
</kw>
<kw name="Should Match Regexp" owner="BuiltIn">
<arg>${json_data['results'][0]['picture']['medium']}</arg>
<arg>^https?://.*\.(?:png|jpe?g|gif|bmp)$</arg>
<doc>Fails if ``string`` does not match ``pattern`` as a regular expression.</doc>
<status status="PASS" start="2024-07-11T14:14:04.240226" elapsed="0.000347"/>
</kw>
<kw name="Should Match Regexp" owner="BuiltIn">
<arg>${json_data['results'][0]['picture']['thumbnail']}</arg>
<arg>^https?://.*\.(?:png|jpe?g|gif|bmp)$</arg>
<doc>Fails if ``string`` does not match ``pattern`` as a regular expression.</doc>
<status status="PASS" start="2024-07-11T14:14:04.240754" elapsed="0.000351"/>
</kw>
<kw name="Log" owner="BuiltIn">
<msg time="2024-07-11T14:14:04.241606" level="INFO">{'large': 'https://randomuser.me/api/portraits/women/88.jpg', 'medium': 'https://randomuser.me/api/portraits/med/women/88.jpg', 'thumbnail': 'https://randomuser.me/api/portraits/thumb/women/88.jpg'}</msg>
<arg>${json_data['results'][0]['picture']}</arg>
<doc>Logs the given message with the given level.</doc>
<status status="PASS" start="2024-07-11T14:14:04.241286" elapsed="0.000363"/>
</kw>
<status status="PASS" start="2024-07-11T14:14:04.154060" elapsed="0.087842"/>
</kw>
<kw name="Teste de Tipos de Dados - Postcode" owner="random-user-service">
<kw name="GET On Session" owner="RequestsLibrary">
<msg time="2024-07-11T14:14:04.324162" level="INFO">GET Request : url=https://randomuser.me/api 
 path_url=/api 
 headers={'User-Agent': 'python-requests/2.32.3', 'Accept-Encoding': 'gzip, deflate', 'Accept': '*/*', 'Connection': 'keep-alive'} 
 body=None 
 </msg>
<msg time="2024-07-11T14:14:04.324240" level="INFO">GET Response : url=https://randomuser.me/api 
 status=200, reason=OK 
 headers={'Date': 'Thu, 11 Jul 2024 14:14:04 GMT', 'Content-Type': 'application/json; charset=utf-8', 'Transfer-Encoding': 'chunked', 'Connection': 'keep-alive', 'X-Powered-By': 'Express', 'Access-Control-Allow-Origin': '*', 'Cache-Control': 'no-cache', 'ETag': 'W/"478-G3EuLFbGd+Atazrb9AaGMoC19U8"', 'Vary': 'Accept-Encoding', 'Content-Encoding': 'gzip', 'CF-Cache-Status': 'DYNAMIC', 'Report-To': '{"endpoints":[{"url":"https:\\/\\/a.nel.cloudflare.com\\/report\\/v4?s=JfjtB1dIt49XUlDshUzjA0UESz%2B23dAcVhqfu2NsYEy01WcVmC3GBUiW6aeW1WNA0v33utiXZioBXr5273caDC0NuU19uKs44kaT%2FCIwdKAjVgHnnu6PhGtm%2B22%2BY%2B1J"}],"group":"cf-nel","max_age":604800}', 'NEL': '{"success_fraction":0,"report_to":"cf-nel","max_age":604800}', 'Server': 'cloudflare', 'CF-RAY': '8a1965d48ad429bc-IAD', 'alt-svc': 'h3=":443"; ma=86400'} 
 body={"results":[{"gender":"female","name":{"title":"Ms","first":"Vildan","last":"Evliyaoğlu"},"location":{"street":{"number":5309,"name":"Talak Göktepe Cd"},"city":"Bitlis","state":"Yozgat","country":"Turkey","postcode":32796,"coordinates":{"latitude":"64.7553","longitude":"74.3480"},"timezone":{"offset":"+5:45","description":"Kathmandu"}},"email":"vildan.evliyaoglu@example.com","login":{"uuid":"e6bb842d-44f5-4aa2-a267-56df4ff72a8d","username":"heavyfrog449","password":"georgie","salt":"q0uNOiPi","md5":"691fc7e09288a9bf42d6020ab5d55196","sha1":"f0cf49c5ccd60dd07eb94e55bbb12655e0d8e61a","sha256":"10928fffaa7a0f3ab4df95fb13cb88daa81f920b451c999383e2653deb69a84f"},"dob":{"date":"1992-06-08T03:42:15.103Z","age":32},"registered":{"date":"2021-06-11T06:21:46.590Z","age":3},"phone":"(994)-165-8726","cell":"(532)-646-6288","id":{"name":"","value":null},"picture":{"large":"https://randomuser.me/api/portraits/women/24.jpg","medium":"https://randomuser.me/api/portraits/med/women/24.jpg","thumbnail":"https://randomuser.me/api/portraits/thumb/women/24.jpg"},"nat":"TR"}],"info":{"seed":"2d8992b77a0f720d","results":1,"page":1,"version":"1.4"}} 
 </msg>
<msg time="2024-07-11T14:14:04.324310" level="INFO">/opt/hostedtoolcache/Python/3.12.4/x64/lib/python3.12/site-packages/urllib3/connectionpool.py:1099: InsecureRequestWarning: Unverified HTTPS request is being made to host 'randomuser.me'. Adding certificate verification is strongly advised. See: https://urllib3.readthedocs.io/en/latest/advanced-usage.html#tls-warnings
  warnings.warn(</msg>
<msg time="2024-07-11T14:14:04.324434" level="INFO">${response} = &lt;Response [200]&gt;</msg>
<var>${response}</var>
<arg>consultarAPI</arg>
<arg>/api</arg>
<doc>Sends a GET request on a previously created HTTP Session.</doc>
<status status="PASS" start="2024-07-11T14:14:04.242356" elapsed="0.082130"/>
</kw>
<kw name="Set Variable" owner="BuiltIn">
<msg time="2024-07-11T14:14:04.325434" level="INFO">${json_data} = {'results': [{'gender': 'female', 'name': {'title': 'Ms', 'first': 'Vildan', 'last': 'Evliyaoğlu'}, 'location': {'street': {'number': 5309, 'name': 'Talak Göktepe Cd'}, 'city': 'Bitlis', 'state': 'Yoz...</msg>
<var>${json_data}</var>
<arg>${response.json()}</arg>
<doc>Returns the given values which can then be assigned to a variables.</doc>
<status status="PASS" start="2024-07-11T14:14:04.324903" elapsed="0.000562"/>
</kw>
<kw name="Log" owner="BuiltIn">
<msg time="2024-07-11T14:14:04.325928" level="INFO">{'results': [{'gender': 'female', 'name': {'title': 'Ms', 'first': 'Vildan', 'last': 'Evliyaoğlu'}, 'location': {'street': {'number': 5309, 'name': 'Talak Göktepe Cd'}, 'city': 'Bitlis', 'state': 'Yozgat', 'country': 'Turkey', 'postcode': 32796, 'coordinates': {'latitude': '64.7553', 'longitude': '74.3480'}, 'timezone': {'offset': '+5:45', 'description': 'Kathmandu'}}, 'email': 'vildan.evliyaoglu@example.com', 'login': {'uuid': 'e6bb842d-44f5-4aa2-a267-56df4ff72a8d', 'username': 'heavyfrog449', 'password': 'georgie', 'salt': 'q0uNOiPi', 'md5': '691fc7e09288a9bf42d6020ab5d55196', 'sha1': 'f0cf49c5ccd60dd07eb94e55bbb12655e0d8e61a', 'sha256': '10928fffaa7a0f3ab4df95fb13cb88daa81f920b451c999383e2653deb69a84f'}, 'dob': {'date': '1992-06-08T03:42:15.103Z', 'age': 32}, 'registered': {'date': '2021-06-11T06:21:46.590Z', 'age': 3}, 'phone': '(994)-165-8726', 'cell': '(532)-646-6288', 'id': {'name': '', 'value': None}, 'picture': {'large': 'https://randomuser.me/api/portraits/women/24.jpg', 'medium': 'https://randomuser.me/api/portraits/med/women/24.jpg', 'thumbnail': 'https://randomuser.me/api/portraits/thumb/women/24.jpg'}, 'nat': 'TR'}], 'info': {'seed': '2d8992b77a0f720d', 'results': 1, 'page': 1, 'version': '1.4'}}</msg>
<arg>${json_data}</arg>
<doc>Logs the given message with the given level.</doc>
<status status="PASS" start="2024-07-11T14:14:04.325773" elapsed="0.000205"/>
</kw>
<kw name="Should Be Equal As Numbers" owner="BuiltIn">
<arg>${json_data['results'][0]['location']['postcode']}</arg>
<arg>${json_data['results'][0]['location']['postcode']}</arg>
<doc>Fails if objects are unequal after converting them to real numbers.</doc>
<status status="PASS" start="2024-07-11T14:14:04.326323" elapsed="0.000638"/>
</kw>
<kw name="Log" owner="BuiltIn">
<msg time="2024-07-11T14:14:04.327658" level="INFO">32796</msg>
<arg>${json_data['results'][0]['location']['postcode']}</arg>
<doc>Logs the given message with the given level.</doc>
<status status="PASS" start="2024-07-11T14:14:04.327151" elapsed="0.000550"/>
</kw>
<status status="PASS" start="2024-07-11T14:14:04.242111" elapsed="0.085845"/>
</kw>
<doc>Testa se os tipos de dados na resposta da API estão corretos.</doc>
<tag>testeTiposDados</tag>
<status status="PASS" start="2024-07-11T14:14:04.153646" elapsed="0.174472"/>
</test>
<test id="s1-s1-t5" name="Validar conteudo" line="35">
<kw name="Teste de Tipos de Conteudo" owner="random-user-service">
<kw name="GET On Session" owner="RequestsLibrary">
<msg time="2024-07-11T14:14:04.519190" level="INFO">GET Request : url=https://randomuser.me/api 
 path_url=/api 
 headers={'User-Agent': 'python-requests/2.32.3', 'Accept-Encoding': 'gzip, deflate', 'Accept': '*/*', 'Connection': 'keep-alive'} 
 body=None 
 </msg>
<msg time="2024-07-11T14:14:04.519278" level="INFO">GET Response : url=https://randomuser.me/api 
 status=200, reason=OK 
 headers={'Date': 'Thu, 11 Jul 2024 14:14:04 GMT', 'Content-Type': 'application/json; charset=utf-8', 'Transfer-Encoding': 'chunked', 'Connection': 'keep-alive', 'X-Powered-By': 'Express', 'Access-Control-Allow-Origin': '*', 'Cache-Control': 'no-cache', 'ETag': 'W/"473-LwLegwZikPJn1IzCWGuWM8Ymcw4"', 'Vary': 'Accept-Encoding', 'Content-Encoding': 'gzip', 'CF-Cache-Status': 'DYNAMIC', 'Report-To': '{"endpoints":[{"url":"https:\\/\\/a.nel.cloudflare.com\\/report\\/v4?s=ui3N%2Fmpse6Wd7tMpAJwLzicLxpLExzM01XG4zYEGviqUdc2Ra4KKbiYHL76MRnX27x1iSTG7Gqy3iGQd7vHN%2BziPeSTiT2Mp4lzGT5XmJ2QgWvcNUPCDDnIiRwnJ%2BFnL"}],"group":"cf-nel","max_age":604800}', 'NEL': '{"success_fraction":0,"report_to":"cf-nel","max_age":604800}', 'Server': 'cloudflare', 'CF-RAY': '8a1965d51b7b29bc-IAD', 'alt-svc': 'h3=":443"; ma=86400'} 
 body={"results":[{"gender":"male","name":{"title":"Mr","first":"Adam","last":"Nielsen"},"location":{"street":{"number":7554,"name":"Håndværkervej"},"city":"Juelsminde","state":"Syddanmark","country":"Denmark","postcode":94997,"coordinates":{"latitude":"-40.7487","longitude":"-101.2731"},"timezone":{"offset":"-3:30","description":"Newfoundland"}},"email":"adam.nielsen@example.com","login":{"uuid":"094c55ef-63ac-4e51-8ab7-215febb7c882","username":"sadladybug253","password":"music1","salt":"ypNY5wft","md5":"337b60a0ba9b370acd5cb2e3e828854b","sha1":"639beb26187ec9ee81f9bd9a58180a731813a5e5","sha256":"e3e2885616eac8cc797207593a376377263d06b5dcfe3197c994e4d0166f9b23"},"dob":{"date":"1950-06-22T03:32:08.883Z","age":74},"registered":{"date":"2009-03-05T01:54:22.339Z","age":15},"phone":"87748551","cell":"65606890","id":{"name":"CPR","value":"210650-6009"},"picture":{"large":"https://randomuser.me/api/portraits/men/96.jpg","medium":"https://randomuser.me/api/portraits/med/men/96.jpg","thumbnail":"https://randomuser.me/api/portraits/thumb/men/96.jpg"},"nat":"DK"}],"info":{"seed":"f171065bdfd33edf","results":1,"page":1,"version":"1.4"}} 
 </msg>
<msg time="2024-07-11T14:14:04.519354" level="INFO">/opt/hostedtoolcache/Python/3.12.4/x64/lib/python3.12/site-packages/urllib3/connectionpool.py:1099: InsecureRequestWarning: Unverified HTTPS request is being made to host 'randomuser.me'. Adding certificate verification is strongly advised. See: https://urllib3.readthedocs.io/en/latest/advanced-usage.html#tls-warnings
  warnings.warn(</msg>
<msg time="2024-07-11T14:14:04.519489" level="INFO">${response} = &lt;Response [200]&gt;</msg>
<var>${response}</var>
<arg>consultarAPI</arg>
<arg>/api</arg>
<doc>Sends a GET request on a previously created HTTP Session.</doc>
<status status="PASS" start="2024-07-11T14:14:04.330554" elapsed="0.188987"/>
</kw>
<kw name="Set Variable" owner="BuiltIn">
<msg time="2024-07-11T14:14:04.520459" level="INFO">${json_data} = {'results': [{'gender': 'male', 'name': {'title': 'Mr', 'first': 'Adam', 'last': 'Nielsen'}, 'location': {'street': {'number': 7554, 'name': 'Håndværkervej'}, 'city': 'Juelsminde', 'state': 'Syddanmar...</msg>
<var>${json_data}</var>
<arg>${response.json()}</arg>
<doc>Returns the given values which can then be assigned to a variables.</doc>
<status status="PASS" start="2024-07-11T14:14:04.519984" elapsed="0.000504"/>
</kw>
<kw name="Set Variable" owner="BuiltIn">
<msg time="2024-07-11T14:14:04.521165" level="INFO">${name_title} = Mr</msg>
<var>${name_title}</var>
<arg>${json_data["results"][0]["name"]["title"]}</arg>
<doc>Returns the given values which can then be assigned to a variables.</doc>
<status status="PASS" start="2024-07-11T14:14:04.520790" elapsed="0.000401"/>
</kw>
<kw name="Create List" owner="BuiltIn">
<msg time="2024-07-11T14:14:04.521652" level="INFO">${allowed_titles} = ['Mr', 'Ms', 'Miss', 'Mrs', 'Madame', 'Monsieur']</msg>
<var>${allowed_titles}</var>
<arg>Mr</arg>
<arg>Ms</arg>
<arg>Miss</arg>
<arg>Mrs</arg>
<arg>Madame</arg>
<arg>Monsieur</arg>
<doc>Returns a list containing given items.</doc>
<status status="PASS" start="2024-07-11T14:14:04.521505" elapsed="0.000171"/>
</kw>
<kw name="List Should Contain Value" owner="Collections">
<arg>${allowed_titles}</arg>
<arg>${name_title}</arg>
<doc>Fails if the ``value`` is not found from ``list``.</doc>
<status status="PASS" start="2024-07-11T14:14:04.521971" elapsed="0.000175"/>
</kw>
<kw name="Set Variable" owner="BuiltIn">
<msg time="2024-07-11T14:14:04.522756" level="INFO">${name_country} = DK</msg>
<var>${name_country}</var>
<arg>${json_data["results"][0]["nat"]}</arg>
<doc>Returns the given values which can then be assigned to a variables.</doc>
<status status="PASS" start="2024-07-11T14:14:04.522374" elapsed="0.000407"/>
</kw>
<kw name="Create List" owner="BuiltIn">
<msg time="2024-07-11T14:14:04.523670" level="INFO">${list_country} = ['AD', 'AE', 'AF', 'AG', 'AI', 'AL', 'AM', 'AO', 'AQ', 'AR', 'AS', 'AT', 'AU', 'AW', 'AX', 'AZ', 'BA', 'BB', 'BD', 'BE', 'BF', 'BG', 'BH', 'BI', 'BJ', 'BL', 'BM', 'BN', 'BO', 'BQ', 'BR', 'BS', 'BT', '...</msg>
<var>${list_country}</var>
<arg>AD</arg>
<arg>AE</arg>
<arg>AF</arg>
<arg>AG</arg>
<arg>AI</arg>
<arg>AL</arg>
<arg>AM</arg>
<arg>AO</arg>
<arg>AQ</arg>
<arg>AR</arg>
<arg>AS</arg>
<arg>AT</arg>
<arg>AU</arg>
<arg>AW</arg>
<arg>AX</arg>
<arg>AZ</arg>
<arg>BA</arg>
<arg>BB</arg>
<arg>BD</arg>
<arg>BE</arg>
<arg>BF</arg>
<arg>BG</arg>
<arg>BH</arg>
<arg>BI</arg>
<arg>BJ</arg>
<arg>BL</arg>
<arg>BM</arg>
<arg>BN</arg>
<arg>BO</arg>
<arg>BQ</arg>
<arg>BR</arg>
<arg>BS</arg>
<arg>BT</arg>
<arg>BV</arg>
<arg>BW</arg>
<arg>BY</arg>
<arg>BZ</arg>
<arg>CA</arg>
<arg>CC</arg>
<arg>CD</arg>
<arg>CF</arg>
<arg>CG</arg>
<arg>CH</arg>
<arg>CI</arg>
<arg>CK</arg>
<arg>CL</arg>
<arg>CM</arg>
<arg>CN</arg>
<arg>CO</arg>
<arg>CR</arg>
<arg>CU</arg>
<arg>CV</arg>
<arg>CW</arg>
<arg>CX</arg>
<arg>CY</arg>
<arg>CZ</arg>
<arg>DE</arg>
<arg>DJ</arg>
<arg>DK</arg>
<arg>DM</arg>
<arg>DO</arg>
<arg>DZ</arg>
<arg>EC</arg>
<arg>EE</arg>
<arg>EG</arg>
<arg>EH</arg>
<arg>ER</arg>
<arg>ES</arg>
<arg>ET</arg>
<arg>FI</arg>
<arg>FJ</arg>
<arg>FK</arg>
<arg>FM</arg>
<arg>FO</arg>
<arg>FR</arg>
<arg>GA</arg>
<arg>GB</arg>
<arg>GD</arg>
<arg>GE</arg>
<arg>GF</arg>
<arg>GG</arg>
<arg>GH</arg>
<arg>GI</arg>
<arg>GL</arg>
<arg>GM</arg>
<arg>GN</arg>
<arg>GP</arg>
<arg>GQ</arg>
<arg>GR</arg>
<arg>GS</arg>
<arg>GT</arg>
<arg>GU</arg>
<arg>GW</arg>
<arg>GY</arg>
<arg>HK</arg>
<arg>HM</arg>
<arg>HN</arg>
<arg>HR</arg>
<arg>HT</arg>
<arg>HU</arg>
<arg>ID</arg>
<arg>IE</arg>
<arg>IL</arg>
<arg>IM</arg>
<arg>IN</arg>
<arg>IO</arg>
<arg>IQ</arg>
<arg>IR</arg>
<arg>IS</arg>
<arg>IT</arg>
<arg>JE</arg>
<arg>JM</arg>
<arg>JO</arg>
<arg>JP</arg>
<arg>KE</arg>
<arg>KG</arg>
<arg>KH</arg>
<arg>KI</arg>
<arg>KM</arg>
<arg>KN</arg>
<arg>KP</arg>
<arg>KR</arg>
<arg>KW</arg>
<arg>KY</arg>
<arg>KZ</arg>
<arg>LA</arg>
<arg>LB</arg>
<arg>LC</arg>
<arg>LI</arg>
<arg>LK</arg>
<arg>LR</arg>
<arg>LS</arg>
<arg>LT</arg>
<arg>LU</arg>
<arg>LV</arg>
<arg>LY</arg>
<arg>MA</arg>
<arg>MC</arg>
<arg>MD</arg>
<arg>ME</arg>
<arg>MF</arg>
<arg>MG</arg>
<arg>MH</arg>
<arg>MK</arg>
<arg>ML</arg>
<arg>MM</arg>
<arg>MN</arg>
<arg>MO</arg>
<arg>MP</arg>
<arg>MQ</arg>
<arg>MR</arg>
<arg>MS</arg>
<arg>MT</arg>
<arg>MU</arg>
<arg>MV</arg>
<arg>MW</arg>
<arg>MX</arg>
<arg>MY</arg>
<arg>MZ</arg>
<arg>NA</arg>
<arg>NC</arg>
<arg>NE</arg>
<arg>NF</arg>
<arg>NG</arg>
<arg>NI</arg>
<arg>NL</arg>
<arg>NO</arg>
<arg>NP</arg>
<arg>NR</arg>
<arg>NU</arg>
<arg>NZ</arg>
<arg>OM</arg>
<arg>PA</arg>
<arg>PE</arg>
<arg>PF</arg>
<arg>PG</arg>
<arg>PH</arg>
<arg>PK</arg>
<arg>PL</arg>
<arg>PM</arg>
<arg>PN</arg>
<arg>PR</arg>
<arg>PS</arg>
<arg>PT</arg>
<arg>PW</arg>
<arg>PY</arg>
<arg>QA</arg>
<arg>RE</arg>
<arg>RO</arg>
<arg>RS</arg>
<arg>RU</arg>
<arg>RW</arg>
<arg>SA</arg>
<arg>SB</arg>
<arg>SC</arg>
<arg>SD</arg>
<arg>SE</arg>
<arg>SG</arg>
<arg>SH</arg>
<arg>SI</arg>
<arg>SJ</arg>
<arg>SK</arg>
<arg>SL</arg>
<arg>SM</arg>
<arg>SN</arg>
<arg>SO</arg>
<arg>SR</arg>
<arg>SS</arg>
<arg>ST</arg>
<arg>SV</arg>
<arg>SX</arg>
<arg>SY</arg>
<arg>SZ</arg>
<arg>TC</arg>
<arg>TD</arg>
<arg>TF</arg>
<arg>TG</arg>
<arg>TH</arg>
<arg>TJ</arg>
<arg>TK</arg>
<arg>TL</arg>
<arg>TM</arg>
<arg>TN</arg>
<arg>TO</arg>
<arg>TR</arg>
<arg>TT</arg>
<arg>TV</arg>
<arg>TW</arg>
<arg>TZ</arg>
<arg>UA</arg>
<arg>UG</arg>
<arg>UM</arg>
<arg>US</arg>
<arg>UY</arg>
<arg>UZ</arg>
<arg>VA</arg>
<arg>VC</arg>
<arg>VE</arg>
<arg>VG</arg>
<arg>VI</arg>
<arg>VN</arg>
<arg>VU</arg>
<arg>WF</arg>
<arg>WS</arg>
<arg>XK</arg>
<arg>YE</arg>
<arg>YT</arg>
<arg>ZA</arg>
<arg>ZM</arg>
<arg>ZW</arg>
<doc>Returns a list containing given items.</doc>
<status status="PASS" start="2024-07-11T14:14:04.523073" elapsed="0.000622"/>
</kw>
<kw name="List Should Contain Value" owner="Collections">
<arg>${list_country}</arg>
<arg>${name_country}</arg>
<doc>Fails if the ``value`` is not found from ``list``.</doc>
<status status="PASS" start="2024-07-11T14:14:04.524489" elapsed="0.000200"/>
</kw>
<kw name="Run Keyword If" owner="BuiltIn">
<kw name="Should Be True" owner="BuiltIn">
<arg>${True}</arg>
<doc>Fails if the given condition is not true.</doc>
<status status="PASS" start="2024-07-11T14:14:04.525607" elapsed="0.000140"/>
</kw>
<arg>${json_data["results"][0]["location"]["coordinates"]["latitude"]} &gt;= -90 and ${json_data["results"][0]["location"]["coordinates"]["latitude"]} &lt;= 90</arg>
<arg>Should Be True</arg>
<arg>${True}</arg>
<doc>Runs the given keyword with the given arguments, if ``condition`` is true.</doc>
<status status="PASS" start="2024-07-11T14:14:04.524882" elapsed="0.000988"/>
</kw>
<kw name="Run Keyword If" owner="BuiltIn">
<kw name="Should Be True" owner="BuiltIn">
<arg>${True}</arg>
<doc>Fails if the given condition is not true.</doc>
<status status="PASS" start="2024-07-11T14:14:04.526768" elapsed="0.000232"/>
</kw>
<arg>${json_data["results"][0]["location"]["coordinates"]["longitude"]} &gt;= -180 and ${json_data["results"][0]["location"]["coordinates"]["longitude"]} &lt;= 180</arg>
<arg>Should Be True</arg>
<arg>${True}</arg>
<doc>Runs the given keyword with the given arguments, if ``condition`` is true.</doc>
<status status="PASS" start="2024-07-11T14:14:04.526048" elapsed="0.001080"/>
</kw>
<status status="PASS" start="2024-07-11T14:14:04.330333" elapsed="0.196925"/>
</kw>
<doc>Testa o conteúdo específico dos campos retornados pela API.</doc>
<tag>testeConteudo</tag>
<status status="PASS" start="2024-07-11T14:14:04.329873" elapsed="0.197530"/>
</test>
<status status="PASS" start="2024-07-11T14:14:03.574820" elapsed="0.954472"/>
</suite>
<status status="PASS" start="2024-07-11T14:14:03.560461" elapsed="0.973825"/>
</suite>
<statistics>
<total>
<stat pass="5" fail="0" skip="0">All Tests</stat>
</total>
<tag>
<stat pass="1" fail="0" skip="0">testeConteudo</stat>
<stat pass="1" fail="0" skip="0">testeEstruturaResposta</stat>
<stat pass="1" fail="0" skip="0">testeRequisicaoBasica</stat>
<stat pass="1" fail="0" skip="0">testeTiposDados</stat>
</tag>
<suite>
<stat pass="5" fail="0" skip="0" id="s1" name="Tests">Tests</stat>
<stat pass="5" fail="0" skip="0" id="s1-s1" name="Random-User-Test">Tests.Random-User-Test</stat>
</suite>
</statistics>
<errors>
</errors>
</robot>
