<?xml version="1.0" encoding="UTF-8"?>
<robot generator="Robot 7.0.1 (Python 3.12.4 on linux)" generated="2024-08-10T21:10:42.590527" rpa="false" schemaversion="5">
<suite id="s1" name="Tests" source="/home/runner/work/ApiRandomUser/ApiRandomUser/RamdonUser/tests">
<suite id="s1-s1" name="Random-User-Test" source="/home/runner/work/ApiRandomUser/ApiRandomUser/RamdonUser/tests/random-user-test.robot">
<test id="s1-s1-t1" name="Conectar" line="13">
<kw name="Conectar API" owner="random-user-service">
<kw name="Create Session" owner="RequestsLibrary">
<msg time="2024-08-10T21:10:42.984503" level="INFO">Creating Session using : alias=consultarAPI, url=https://randomuser.me/, headers={},                     cookies={}, auth=None, timeout=None, proxies=None, verify=False,                     debug=0 </msg>
<arg>consultarAPI</arg>
<arg>${URL}</arg>
<doc>Create Session: create a HTTP session to a server</doc>
<status status="PASS" start="2024-08-10T21:10:42.984315" elapsed="0.000350"/>
</kw>
<status status="PASS" start="2024-08-10T21:10:42.983324" elapsed="0.001678"/>
</kw>
<status status="PASS" start="2024-08-10T21:10:42.982817" elapsed="0.002371"/>
</test>
<test id="s1-s1-t2" name="Validar retorno 200 e JSON Válido" line="16">
<kw name="Teste de Requisicao Basica" owner="random-user-service">
<kw name="GET On Session" owner="RequestsLibrary">
<msg time="2024-08-10T21:10:43.209869" level="INFO">GET Request : url=https://randomuser.me/api 
 path_url=/api 
 headers={'User-Agent': 'python-requests/2.32.3', 'Accept-Encoding': 'gzip, deflate', 'Accept': '*/*', 'Connection': 'keep-alive'} 
 body=None 
 </msg>
<msg time="2024-08-10T21:10:43.210046" level="INFO">GET Response : url=https://randomuser.me/api 
 status=200, reason=OK 
 headers={'Date': 'Sat, 10 Aug 2024 21:10:43 GMT', 'Content-Type': 'application/json; charset=utf-8', 'Transfer-Encoding': 'chunked', 'Connection': 'keep-alive', 'X-Powered-By': 'Express', 'Access-Control-Allow-Origin': '*', 'Cache-Control': 'no-cache', 'ETag': 'W/"47b-oFOvM06l1Vtimz4btulrFm0lDNk"', 'Vary': 'Accept-Encoding', 'Content-Encoding': 'gzip', 'CF-Cache-Status': 'DYNAMIC', 'Report-To': '{"endpoints":[{"url":"https:\\/\\/a.nel.cloudflare.com\\/report\\/v4?s=Ig9Me68gQLwctzaDEqJVA2d0G%2F4ngYKBEakJWcXcrXPTYw962HE4e5OkAQn8mJNbZ%2BX1roHU3Tk8iQh7cSykr1OlElJwgmduoV4Va%2F7tUoFE2YLjO58RkhGr6ntySUCX"}],"group":"cf-nel","max_age":604800}', 'NEL': '{"success_fraction":0,"report_to":"cf-nel","max_age":604800}', 'Server': 'cloudflare', 'CF-RAY': '8b12f9677de0d019-SJC', 'alt-svc': 'h3=":443"; ma=86400'} 
 body={"results":[{"gender":"male","name":{"title":"Mr","first":"Armando","last":"Bradley"},"location":{"street":{"number":803,"name":"College St"},"city":"Dumas","state":"Iowa","country":"United States","postcode":44167,"coordinates":{"latitude":"87.5509","longitude":"-63.2763"},"timezone":{"offset":"+9:30","description":"Adelaide, Darwin"}},"email":"armando.bradley@example.com","login":{"uuid":"01e11346-20c3-4a6e-a218-863e578e0bee","username":"bigleopard574","password":"buddy","salt":"kaVmNy3x","md5":"bd4207256efdb167ec484fd692a82c9e","sha1":"1bb6d2eb4ef37cc8685170cdbc912d272c70ee2b","sha256":"976d697946c8007e50b7a627235caa6f3fe1d09650c375b69f4c9fb69571964a"},"dob":{"date":"1967-08-08T00:50:48.585Z","age":57},"registered":{"date":"2006-05-28T17:18:09.438Z","age":18},"phone":"(445) 907-8976","cell":"(555) 753-0317","id":{"name":"SSN","value":"480-60-0710"},"picture":{"large":"https://randomuser.me/api/portraits/men/89.jpg","medium":"https://randomuser.me/api/portraits/med/men/89.jpg","thumbnail":"https://randomuser.me/api/portraits/thumb/men/89.jpg"},"nat":"US"}],"info":{"seed":"aa687f7d75df0bf1","results":1,"page":1,"version":"1.4"}} 
 </msg>
<msg time="2024-08-10T21:10:43.210123" level="INFO">/opt/hostedtoolcache/Python/3.12.4/x64/lib/python3.12/site-packages/urllib3/connectionpool.py:1099: InsecureRequestWarning: Unverified HTTPS request is being made to host 'randomuser.me'. Adding certificate verification is strongly advised. See: https://urllib3.readthedocs.io/en/latest/advanced-usage.html#tls-warnings
  warnings.warn(</msg>
<msg time="2024-08-10T21:10:43.210246" level="INFO">${response} = &lt;Response [200]&gt;</msg>
<var>${response}</var>
<arg>consultarAPI</arg>
<arg>/api</arg>
<doc>Sends a GET request on a previously created HTTP Session.</doc>
<status status="PASS" start="2024-08-10T21:10:42.987731" elapsed="0.222556"/>
</kw>
<kw name="Should Be Equal As Numbers" owner="BuiltIn">
<msg time="2024-08-10T21:10:43.211371" level="INFO">Argument types are:
&lt;class 'int'&gt;
&lt;class 'str'&gt;</msg>
<arg>${response.status_code}</arg>
<arg>200</arg>
<doc>Fails if objects are unequal after converting them to real numbers.</doc>
<status status="PASS" start="2024-08-10T21:10:43.210858" elapsed="0.000576"/>
</kw>
<kw name="Log" owner="BuiltIn">
<msg time="2024-08-10T21:10:43.212101" level="INFO">200</msg>
<arg>${response.status_code}</arg>
<doc>Logs the given message with the given level.</doc>
<status status="PASS" start="2024-08-10T21:10:43.211745" elapsed="0.000397"/>
</kw>
<kw name="Set Variable" owner="BuiltIn">
<msg time="2024-08-10T21:10:43.212869" level="INFO">${json_data} = {'results': [{'gender': 'male', 'name': {'title': 'Mr', 'first': 'Armando', 'last': 'Bradley'}, 'location': {'street': {'number': 803, 'name': 'College St'}, 'city': 'Dumas', 'state': 'Iowa', 'country...</msg>
<var>${json_data}</var>
<arg>${response.json()}</arg>
<doc>Returns the given values which can then be assigned to a variables.</doc>
<status status="PASS" start="2024-08-10T21:10:43.212443" elapsed="0.000456"/>
</kw>
<kw name="Dictionary Should Contain Key" owner="Collections">
<arg>${json_data}</arg>
<arg>results</arg>
<doc>Fails if ``key`` is not found from ``dictionary``.</doc>
<status status="PASS" start="2024-08-10T21:10:43.213196" elapsed="0.000300"/>
</kw>
<status status="PASS" start="2024-08-10T21:10:42.987493" elapsed="0.226153"/>
</kw>
<doc>Testa se a API responde corretamente e retorna um objeto JSON válido.</doc>
<tag>testeRequisicaoBasica</tag>
<status status="PASS" start="2024-08-10T21:10:42.987055" elapsed="0.226758"/>
</test>
<test id="s1-s1-t3" name="Validar estrutura de resposta" line="22">
<kw name="Teste de Estrutura de Resposta" owner="random-user-service">
<kw name="GET On Session" owner="RequestsLibrary">
<msg time="2024-08-10T21:10:43.308038" level="INFO">GET Request : url=https://randomuser.me/api 
 path_url=/api 
 headers={'User-Agent': 'python-requests/2.32.3', 'Accept-Encoding': 'gzip, deflate', 'Accept': '*/*', 'Connection': 'keep-alive'} 
 body=None 
 </msg>
<msg time="2024-08-10T21:10:43.308125" level="INFO">GET Response : url=https://randomuser.me/api 
 status=200, reason=OK 
 headers={'Date': 'Sat, 10 Aug 2024 21:10:43 GMT', 'Content-Type': 'application/json; charset=utf-8', 'Transfer-Encoding': 'chunked', 'Connection': 'keep-alive', 'X-Powered-By': 'Express', 'Access-Control-Allow-Origin': '*', 'Cache-Control': 'no-cache', 'ETag': 'W/"4c4-RB/4SC2RHHOI4A7lVYRj9viTAK8"', 'Vary': 'Accept-Encoding', 'Content-Encoding': 'gzip', 'CF-Cache-Status': 'DYNAMIC', 'Report-To': '{"endpoints":[{"url":"https:\\/\\/a.nel.cloudflare.com\\/report\\/v4?s=mu%2BQgipMJh4meJCC42Q8dEDXCxsd5LfMJ7pqRM6lSRTEOnA%2FF28bQSqaLRc1zPD8I2l3SGu5kv3bE0LP79znHapJbtajSQEIit0dUwi9Bxm%2FYmBuvtOecfi6YcA2ECaH"}],"group":"cf-nel","max_age":604800}', 'NEL': '{"success_fraction":0,"report_to":"cf-nel","max_age":604800}', 'Server': 'cloudflare', 'CF-RAY': '8b12f9681e65d019-SJC', 'alt-svc': 'h3=":443"; ma=86400'} 
 body={"results":[{"gender":"female","name":{"title":"Ms","first":"Alta Gracia","last":"Granados"},"location":{"street":{"number":4437,"name":"Prolongación Guinea Ecuatorial"},"city":"Huejotzingo","state":"Campeche","country":"Mexico","postcode":67530,"coordinates":{"latitude":"25.5564","longitude":"77.8467"},"timezone":{"offset":"+11:00","description":"Magadan, Solomon Islands, New Caledonia"}},"email":"altagracia.granados@example.com","login":{"uuid":"06ef7e51-adfc-4018-868e-afddb8c97e42","username":"whiteostrich971","password":"killbill","salt":"Z7XbeFcz","md5":"8828b19c9449e47d35ac9b2a6d7b1e4a","sha1":"4f33961e73c48c841b3458c529b131c3cdc31fe5","sha256":"32326dea77a0651291539230490553d7871e7058ae53a404a6420f676ae8f524"},"dob":{"date":"1991-11-03T14:45:16.204Z","age":32},"registered":{"date":"2019-01-28T00:15:52.904Z","age":5},"phone":"(657) 649 2183","cell":"(644) 797 1661","id":{"name":"NSS","value":"16 88 09 6760 1"},"picture":{"large":"https://randomuser.me/api/portraits/women/69.jpg","medium":"https://randomuser.me/api/portraits/med/women/69.jpg","thumbnail":"https://randomuser.me/api/portraits/thumb/women/69.jpg"},"nat":"MX"}],"info":{"seed":"d0fba2e3bb971219","results":1,"page":1,"version":"1.4"}} 
 </msg>
<msg time="2024-08-10T21:10:43.308221" level="INFO">/opt/hostedtoolcache/Python/3.12.4/x64/lib/python3.12/site-packages/urllib3/connectionpool.py:1099: InsecureRequestWarning: Unverified HTTPS request is being made to host 'randomuser.me'. Adding certificate verification is strongly advised. See: https://urllib3.readthedocs.io/en/latest/advanced-usage.html#tls-warnings
  warnings.warn(</msg>
<msg time="2024-08-10T21:10:43.308311" level="INFO">${response} = &lt;Response [200]&gt;</msg>
<var>${response}</var>
<arg>consultarAPI</arg>
<arg>/api</arg>
<doc>Sends a GET request on a previously created HTTP Session.</doc>
<status status="PASS" start="2024-08-10T21:10:43.216391" elapsed="0.091945"/>
</kw>
<kw name="Set Variable" owner="BuiltIn">
<msg time="2024-08-10T21:10:43.309172" level="INFO">${json_data} = {'results': [{'gender': 'female', 'name': {'title': 'Ms', 'first': 'Alta Gracia', 'last': 'Granados'}, 'location': {'street': {'number': 4437, 'name': 'Prolongación Guinea Ecuatorial'}, 'city': 'Huejo...</msg>
<var>${json_data}</var>
<arg>${response.json()}</arg>
<doc>Returns the given values which can then be assigned to a variables.</doc>
<status status="PASS" start="2024-08-10T21:10:43.308716" elapsed="0.000484"/>
</kw>
<kw name="Log" owner="BuiltIn">
<msg time="2024-08-10T21:10:43.309653" level="INFO">{'results': [{'gender': 'female', 'name': {'title': 'Ms', 'first': 'Alta Gracia', 'last': 'Granados'}, 'location': {'street': {'number': 4437, 'name': 'Prolongación Guinea Ecuatorial'}, 'city': 'Huejotzingo', 'state': 'Campeche', 'country': 'Mexico', 'postcode': 67530, 'coordinates': {'latitude': '25.5564', 'longitude': '77.8467'}, 'timezone': {'offset': '+11:00', 'description': 'Magadan, Solomon Islands, New Caledonia'}}, 'email': 'altagracia.granados@example.com', 'login': {'uuid': '06ef7e51-adfc-4018-868e-afddb8c97e42', 'username': 'whiteostrich971', 'password': 'killbill', 'salt': 'Z7XbeFcz', 'md5': '8828b19c9449e47d35ac9b2a6d7b1e4a', 'sha1': '4f33961e73c48c841b3458c529b131c3cdc31fe5', 'sha256': '32326dea77a0651291539230490553d7871e7058ae53a404a6420f676ae8f524'}, 'dob': {'date': '1991-11-03T14:45:16.204Z', 'age': 32}, 'registered': {'date': '2019-01-28T00:15:52.904Z', 'age': 5}, 'phone': '(657) 649 2183', 'cell': '(644) 797 1661', 'id': {'name': 'NSS', 'value': '16 88 09 6760 1'}, 'picture': {'large': 'https://randomuser.me/api/portraits/women/69.jpg', 'medium': 'https://randomuser.me/api/portraits/med/women/69.jpg', 'thumbnail': 'https://randomuser.me/api/portraits/thumb/women/69.jpg'}, 'nat': 'MX'}], 'info': {'seed': 'd0fba2e3bb971219', 'results': 1, 'page': 1, 'version': '1.4'}}</msg>
<arg>${json_data}</arg>
<doc>Logs the given message with the given level.</doc>
<status status="PASS" start="2024-08-10T21:10:43.309497" elapsed="0.000204"/>
</kw>
<kw name="Dictionary Should Contain Key" owner="Collections">
<arg>${json_data}</arg>
<arg>results</arg>
<doc>Fails if ``key`` is not found from ``dictionary``.</doc>
<status status="PASS" start="2024-08-10T21:10:43.310024" elapsed="0.000165"/>
</kw>
<kw name="Should Not Be Empty" owner="BuiltIn">
<msg time="2024-08-10T21:10:43.310488" level="INFO">Length is 2.</msg>
<arg>${json_data}</arg>
<doc>Verifies that the given item is not empty.</doc>
<status status="PASS" start="2024-08-10T21:10:43.310367" elapsed="0.000158"/>
</kw>
<kw name="Create List" owner="BuiltIn">
<msg time="2024-08-10T21:10:43.310958" level="INFO">${expected_keys} = ['gender', 'name', 'location', 'email', 'login']</msg>
<var>${expected_keys}</var>
<arg>gender</arg>
<arg>name</arg>
<arg>location</arg>
<arg>email</arg>
<arg>login</arg>
<doc>Returns a list containing given items.</doc>
<status status="PASS" start="2024-08-10T21:10:43.310807" elapsed="0.000176"/>
</kw>
<for flavor="IN">
<iter>
<kw name="Dictionary Should Contain Key" owner="Collections">
<arg>${json_data['results'][0]}</arg>
<arg>${key}</arg>
<doc>Fails if ``key`` is not found from ``dictionary``.</doc>
<status status="PASS" start="2024-08-10T21:10:43.311532" elapsed="0.000404"/>
</kw>
<kw name="Log" owner="BuiltIn">
<msg time="2024-08-10T21:10:43.312481" level="INFO">{'gender': 'female', 'name': {'title': 'Ms', 'first': 'Alta Gracia', 'last': 'Granados'}, 'location': {'street': {'number': 4437, 'name': 'Prolongación Guinea Ecuatorial'}, 'city': 'Huejotzingo', 'state': 'Campeche', 'country': 'Mexico', 'postcode': 67530, 'coordinates': {'latitude': '25.5564', 'longitude': '77.8467'}, 'timezone': {'offset': '+11:00', 'description': 'Magadan, Solomon Islands, New Caledonia'}}, 'email': 'altagracia.granados@example.com', 'login': {'uuid': '06ef7e51-adfc-4018-868e-afddb8c97e42', 'username': 'whiteostrich971', 'password': 'killbill', 'salt': 'Z7XbeFcz', 'md5': '8828b19c9449e47d35ac9b2a6d7b1e4a', 'sha1': '4f33961e73c48c841b3458c529b131c3cdc31fe5', 'sha256': '32326dea77a0651291539230490553d7871e7058ae53a404a6420f676ae8f524'}, 'dob': {'date': '1991-11-03T14:45:16.204Z', 'age': 32}, 'registered': {'date': '2019-01-28T00:15:52.904Z', 'age': 5}, 'phone': '(657) 649 2183', 'cell': '(644) 797 1661', 'id': {'name': 'NSS', 'value': '16 88 09 6760 1'}, 'picture': {'large': 'https://randomuser.me/api/portraits/women/69.jpg', 'medium': 'https://randomuser.me/api/portraits/med/women/69.jpg', 'thumbnail': 'https://randomuser.me/api/portraits/thumb/women/69.jpg'}, 'nat': 'MX'}</msg>
<arg>${json_data['results'][0]}</arg>
<doc>Logs the given message with the given level.</doc>
<status status="PASS" start="2024-08-10T21:10:43.312127" elapsed="0.000404"/>
</kw>
<kw name="Log" owner="BuiltIn">
<msg time="2024-08-10T21:10:43.312958" level="INFO">gender</msg>
<arg>${key}</arg>
<doc>Logs the given message with the given level.</doc>
<status status="PASS" start="2024-08-10T21:10:43.312822" elapsed="0.000174"/>
</kw>
<var name="${key}">gender</var>
<status status="PASS" start="2024-08-10T21:10:43.311411" elapsed="0.001803"/>
</iter>
<iter>
<kw name="Dictionary Should Contain Key" owner="Collections">
<arg>${json_data['results'][0]}</arg>
<arg>${key}</arg>
<doc>Fails if ``key`` is not found from ``dictionary``.</doc>
<status status="PASS" start="2024-08-10T21:10:43.313514" elapsed="0.000404"/>
</kw>
<kw name="Log" owner="BuiltIn">
<msg time="2024-08-10T21:10:43.314533" level="INFO">{'gender': 'female', 'name': {'title': 'Ms', 'first': 'Alta Gracia', 'last': 'Granados'}, 'location': {'street': {'number': 4437, 'name': 'Prolongación Guinea Ecuatorial'}, 'city': 'Huejotzingo', 'state': 'Campeche', 'country': 'Mexico', 'postcode': 67530, 'coordinates': {'latitude': '25.5564', 'longitude': '77.8467'}, 'timezone': {'offset': '+11:00', 'description': 'Magadan, Solomon Islands, New Caledonia'}}, 'email': 'altagracia.granados@example.com', 'login': {'uuid': '06ef7e51-adfc-4018-868e-afddb8c97e42', 'username': 'whiteostrich971', 'password': 'killbill', 'salt': 'Z7XbeFcz', 'md5': '8828b19c9449e47d35ac9b2a6d7b1e4a', 'sha1': '4f33961e73c48c841b3458c529b131c3cdc31fe5', 'sha256': '32326dea77a0651291539230490553d7871e7058ae53a404a6420f676ae8f524'}, 'dob': {'date': '1991-11-03T14:45:16.204Z', 'age': 32}, 'registered': {'date': '2019-01-28T00:15:52.904Z', 'age': 5}, 'phone': '(657) 649 2183', 'cell': '(644) 797 1661', 'id': {'name': 'NSS', 'value': '16 88 09 6760 1'}, 'picture': {'large': 'https://randomuser.me/api/portraits/women/69.jpg', 'medium': 'https://randomuser.me/api/portraits/med/women/69.jpg', 'thumbnail': 'https://randomuser.me/api/portraits/thumb/women/69.jpg'}, 'nat': 'MX'}</msg>
<arg>${json_data['results'][0]}</arg>
<doc>Logs the given message with the given level.</doc>
<status status="PASS" start="2024-08-10T21:10:43.314167" elapsed="0.000423"/>
</kw>
<kw name="Log" owner="BuiltIn">
<msg time="2024-08-10T21:10:43.315015" level="INFO">name</msg>
<arg>${key}</arg>
<doc>Logs the given message with the given level.</doc>
<status status="PASS" start="2024-08-10T21:10:43.314887" elapsed="0.000165"/>
</kw>
<var name="${key}">name</var>
<status status="PASS" start="2024-08-10T21:10:43.313397" elapsed="0.001871"/>
</iter>
<iter>
<kw name="Dictionary Should Contain Key" owner="Collections">
<arg>${json_data['results'][0]}</arg>
<arg>${key}</arg>
<doc>Fails if ``key`` is not found from ``dictionary``.</doc>
<status status="PASS" start="2024-08-10T21:10:43.315549" elapsed="0.000375"/>
</kw>
<kw name="Log" owner="BuiltIn">
<msg time="2024-08-10T21:10:43.316459" level="INFO">{'gender': 'female', 'name': {'title': 'Ms', 'first': 'Alta Gracia', 'last': 'Granados'}, 'location': {'street': {'number': 4437, 'name': 'Prolongación Guinea Ecuatorial'}, 'city': 'Huejotzingo', 'state': 'Campeche', 'country': 'Mexico', 'postcode': 67530, 'coordinates': {'latitude': '25.5564', 'longitude': '77.8467'}, 'timezone': {'offset': '+11:00', 'description': 'Magadan, Solomon Islands, New Caledonia'}}, 'email': 'altagracia.granados@example.com', 'login': {'uuid': '06ef7e51-adfc-4018-868e-afddb8c97e42', 'username': 'whiteostrich971', 'password': 'killbill', 'salt': 'Z7XbeFcz', 'md5': '8828b19c9449e47d35ac9b2a6d7b1e4a', 'sha1': '4f33961e73c48c841b3458c529b131c3cdc31fe5', 'sha256': '32326dea77a0651291539230490553d7871e7058ae53a404a6420f676ae8f524'}, 'dob': {'date': '1991-11-03T14:45:16.204Z', 'age': 32}, 'registered': {'date': '2019-01-28T00:15:52.904Z', 'age': 5}, 'phone': '(657) 649 2183', 'cell': '(644) 797 1661', 'id': {'name': 'NSS', 'value': '16 88 09 6760 1'}, 'picture': {'large': 'https://randomuser.me/api/portraits/women/69.jpg', 'medium': 'https://randomuser.me/api/portraits/med/women/69.jpg', 'thumbnail': 'https://randomuser.me/api/portraits/thumb/women/69.jpg'}, 'nat': 'MX'}</msg>
<arg>${json_data['results'][0]}</arg>
<doc>Logs the given message with the given level.</doc>
<status status="PASS" start="2024-08-10T21:10:43.316109" elapsed="0.000407"/>
</kw>
<kw name="Log" owner="BuiltIn">
<msg time="2024-08-10T21:10:43.316942" level="INFO">location</msg>
<arg>${key}</arg>
<doc>Logs the given message with the given level.</doc>
<status status="PASS" start="2024-08-10T21:10:43.316814" elapsed="0.000166"/>
</kw>
<var name="${key}">location</var>
<status status="PASS" start="2024-08-10T21:10:43.315442" elapsed="0.001751"/>
</iter>
<iter>
<kw name="Dictionary Should Contain Key" owner="Collections">
<arg>${json_data['results'][0]}</arg>
<arg>${key}</arg>
<doc>Fails if ``key`` is not found from ``dictionary``.</doc>
<status status="PASS" start="2024-08-10T21:10:43.317465" elapsed="0.000378"/>
</kw>
<kw name="Log" owner="BuiltIn">
<msg time="2024-08-10T21:10:43.318514" level="INFO">{'gender': 'female', 'name': {'title': 'Ms', 'first': 'Alta Gracia', 'last': 'Granados'}, 'location': {'street': {'number': 4437, 'name': 'Prolongación Guinea Ecuatorial'}, 'city': 'Huejotzingo', 'state': 'Campeche', 'country': 'Mexico', 'postcode': 67530, 'coordinates': {'latitude': '25.5564', 'longitude': '77.8467'}, 'timezone': {'offset': '+11:00', 'description': 'Magadan, Solomon Islands, New Caledonia'}}, 'email': 'altagracia.granados@example.com', 'login': {'uuid': '06ef7e51-adfc-4018-868e-afddb8c97e42', 'username': 'whiteostrich971', 'password': 'killbill', 'salt': 'Z7XbeFcz', 'md5': '8828b19c9449e47d35ac9b2a6d7b1e4a', 'sha1': '4f33961e73c48c841b3458c529b131c3cdc31fe5', 'sha256': '32326dea77a0651291539230490553d7871e7058ae53a404a6420f676ae8f524'}, 'dob': {'date': '1991-11-03T14:45:16.204Z', 'age': 32}, 'registered': {'date': '2019-01-28T00:15:52.904Z', 'age': 5}, 'phone': '(657) 649 2183', 'cell': '(644) 797 1661', 'id': {'name': 'NSS', 'value': '16 88 09 6760 1'}, 'picture': {'large': 'https://randomuser.me/api/portraits/women/69.jpg', 'medium': 'https://randomuser.me/api/portraits/med/women/69.jpg', 'thumbnail': 'https://randomuser.me/api/portraits/thumb/women/69.jpg'}, 'nat': 'MX'}</msg>
<arg>${json_data['results'][0]}</arg>
<doc>Logs the given message with the given level.</doc>
<status status="PASS" start="2024-08-10T21:10:43.318161" elapsed="0.000401"/>
</kw>
<kw name="Log" owner="BuiltIn">
<msg time="2024-08-10T21:10:43.318986" level="INFO">email</msg>
<arg>${key}</arg>
<doc>Logs the given message with the given level.</doc>
<status status="PASS" start="2024-08-10T21:10:43.318858" elapsed="0.000166"/>
</kw>
<var name="${key}">email</var>
<status status="PASS" start="2024-08-10T21:10:43.317361" elapsed="0.001877"/>
</iter>
<iter>
<kw name="Dictionary Should Contain Key" owner="Collections">
<arg>${json_data['results'][0]}</arg>
<arg>${key}</arg>
<doc>Fails if ``key`` is not found from ``dictionary``.</doc>
<status status="PASS" start="2024-08-10T21:10:43.319516" elapsed="0.000370"/>
</kw>
<kw name="Log" owner="BuiltIn">
<msg time="2024-08-10T21:10:43.320406" level="INFO">{'gender': 'female', 'name': {'title': 'Ms', 'first': 'Alta Gracia', 'last': 'Granados'}, 'location': {'street': {'number': 4437, 'name': 'Prolongación Guinea Ecuatorial'}, 'city': 'Huejotzingo', 'state': 'Campeche', 'country': 'Mexico', 'postcode': 67530, 'coordinates': {'latitude': '25.5564', 'longitude': '77.8467'}, 'timezone': {'offset': '+11:00', 'description': 'Magadan, Solomon Islands, New Caledonia'}}, 'email': 'altagracia.granados@example.com', 'login': {'uuid': '06ef7e51-adfc-4018-868e-afddb8c97e42', 'username': 'whiteostrich971', 'password': 'killbill', 'salt': 'Z7XbeFcz', 'md5': '8828b19c9449e47d35ac9b2a6d7b1e4a', 'sha1': '4f33961e73c48c841b3458c529b131c3cdc31fe5', 'sha256': '32326dea77a0651291539230490553d7871e7058ae53a404a6420f676ae8f524'}, 'dob': {'date': '1991-11-03T14:45:16.204Z', 'age': 32}, 'registered': {'date': '2019-01-28T00:15:52.904Z', 'age': 5}, 'phone': '(657) 649 2183', 'cell': '(644) 797 1661', 'id': {'name': 'NSS', 'value': '16 88 09 6760 1'}, 'picture': {'large': 'https://randomuser.me/api/portraits/women/69.jpg', 'medium': 'https://randomuser.me/api/portraits/med/women/69.jpg', 'thumbnail': 'https://randomuser.me/api/portraits/thumb/women/69.jpg'}, 'nat': 'MX'}</msg>
<arg>${json_data['results'][0]}</arg>
<doc>Logs the given message with the given level.</doc>
<status status="PASS" start="2024-08-10T21:10:43.320066" elapsed="0.000389"/>
</kw>
<kw name="Log" owner="BuiltIn">
<msg time="2024-08-10T21:10:43.320870" level="INFO">login</msg>
<arg>${key}</arg>
<doc>Logs the given message with the given level.</doc>
<status status="PASS" start="2024-08-10T21:10:43.320743" elapsed="0.000164"/>
</kw>
<var name="${key}">login</var>
<status status="PASS" start="2024-08-10T21:10:43.319409" elapsed="0.001736"/>
</iter>
<var>${key}</var>
<value>@{expected_keys}</value>
<status status="PASS" start="2024-08-10T21:10:43.311234" elapsed="0.010035"/>
</for>
<kw name="Create List" owner="BuiltIn">
<msg time="2024-08-10T21:10:43.321585" level="INFO">${expected_keysTwo} = ['username', 'password']</msg>
<var>${expected_keysTwo}</var>
<arg>username</arg>
<arg>password</arg>
<doc>Returns a list containing given items.</doc>
<status status="PASS" start="2024-08-10T21:10:43.321453" elapsed="0.000156"/>
</kw>
<for flavor="IN">
<iter>
<kw name="Dictionary Should Contain Key" owner="Collections">
<arg>${json_data['results'][0]['login']}</arg>
<arg>${keyTwo}</arg>
<doc>Fails if ``key`` is not found from ``dictionary``.</doc>
<status status="PASS" start="2024-08-10T21:10:43.322125" elapsed="0.000384"/>
</kw>
<kw name="Dictionary Should Contain Key" owner="Collections">
<arg>${json_data['results'][0]['login']}</arg>
<arg>${keyTwo}</arg>
<doc>Fails if ``key`` is not found from ``dictionary``.</doc>
<status status="PASS" start="2024-08-10T21:10:43.322688" elapsed="0.000370"/>
</kw>
<kw name="Log" owner="BuiltIn">
<msg time="2024-08-10T21:10:43.323353" level="INFO">username</msg>
<arg>${keyTwo}</arg>
<doc>Logs the given message with the given level.</doc>
<status status="PASS" start="2024-08-10T21:10:43.323234" elapsed="0.000156"/>
</kw>
<var name="${keyTwo}">username</var>
<status status="PASS" start="2024-08-10T21:10:43.322010" elapsed="0.001598"/>
</iter>
<iter>
<kw name="Dictionary Should Contain Key" owner="Collections">
<arg>${json_data['results'][0]['login']}</arg>
<arg>${keyTwo}</arg>
<doc>Fails if ``key`` is not found from ``dictionary``.</doc>
<status status="PASS" start="2024-08-10T21:10:43.323883" elapsed="0.000379"/>
</kw>
<kw name="Dictionary Should Contain Key" owner="Collections">
<arg>${json_data['results'][0]['login']}</arg>
<arg>${keyTwo}</arg>
<doc>Fails if ``key`` is not found from ``dictionary``.</doc>
<status status="PASS" start="2024-08-10T21:10:43.324437" elapsed="0.000361"/>
</kw>
<kw name="Log" owner="BuiltIn">
<msg time="2024-08-10T21:10:43.325083" level="INFO">password</msg>
<arg>${keyTwo}</arg>
<doc>Logs the given message with the given level.</doc>
<status status="PASS" start="2024-08-10T21:10:43.324968" elapsed="0.000151"/>
</kw>
<var name="${keyTwo}">password</var>
<status status="PASS" start="2024-08-10T21:10:43.323779" elapsed="0.001553"/>
</iter>
<var>${keyTwo}</var>
<value>@{expected_keysTwo}</value>
<status status="PASS" start="2024-08-10T21:10:43.321840" elapsed="0.003610"/>
</for>
<status status="PASS" start="2024-08-10T21:10:43.216170" elapsed="0.109413"/>
</kw>
<doc>Testa a estrutura da resposta da API.</doc>
<tag>testeEstruturaResposta</tag>
<status status="PASS" start="2024-08-10T21:10:43.215669" elapsed="0.110058"/>
</test>
<test id="s1-s1-t4" name="Validar tipos de dados" line="28">
<kw name="Teste de Tipos de Dados" owner="random-user-service">
<kw name="GET On Session" owner="RequestsLibrary">
<msg time="2024-08-10T21:10:43.464763" level="INFO">GET Request : url=https://randomuser.me/api 
 path_url=/api 
 headers={'User-Agent': 'python-requests/2.32.3', 'Accept-Encoding': 'gzip, deflate', 'Accept': '*/*', 'Connection': 'keep-alive'} 
 body=None 
 </msg>
<msg time="2024-08-10T21:10:43.464848" level="INFO">GET Response : url=https://randomuser.me/api 
 status=200, reason=OK 
 headers={'Date': 'Sat, 10 Aug 2024 21:10:43 GMT', 'Content-Type': 'application/json; charset=utf-8', 'Transfer-Encoding': 'chunked', 'Connection': 'keep-alive', 'X-Powered-By': 'Express', 'Access-Control-Allow-Origin': '*', 'Cache-Control': 'no-cache', 'ETag': 'W/"474-LwTQshwKYwWYn5nf9Mtww1CQiyg"', 'Vary': 'Accept-Encoding', 'Content-Encoding': 'gzip', 'CF-Cache-Status': 'DYNAMIC', 'Report-To': '{"endpoints":[{"url":"https:\\/\\/a.nel.cloudflare.com\\/report\\/v4?s=u70WcGy9DWUS97dyzwK679OY%2FTWK%2FAjp1Eh8i5pK7VuAAzicK0budO%2FxEKzK0Evd06l1DZeftJkYDUEllInB91uFLQ6ORZ4mEYWSd8hfGjpk3gAqD3Hv4M2POkXjxhp1"}],"group":"cf-nel","max_age":604800}', 'NEL': '{"success_fraction":0,"report_to":"cf-nel","max_age":604800}', 'Server': 'cloudflare', 'CF-RAY': '8b12f968dedad019-SJC', 'alt-svc': 'h3=":443"; ma=86400'} 
 body={"results":[{"gender":"female","name":{"title":"Mrs","first":"Rose","last":"Moore"},"location":{"street":{"number":4458,"name":"Cobham Drive"},"city":"Lower Hutt","state":"Southland","country":"New Zealand","postcode":42519,"coordinates":{"latitude":"53.0885","longitude":"72.7506"},"timezone":{"offset":"+3:30","description":"Tehran"}},"email":"rose.moore@example.com","login":{"uuid":"d889726a-5413-48d8-b060-46849bcbdc68","username":"beautifulfish483","password":"getsdown","salt":"rgoF2Gnd","md5":"804fed0fe3e3a9f102175ba19374a355","sha1":"40bd9c4c8c2a37c0deeb29f2b896be4b1ae6fbb0","sha256":"f545af630ada6b6bd921336d1c2b4106836181e46406939f2f6d08ad15e989b3"},"dob":{"date":"1973-10-20T11:21:40.250Z","age":50},"registered":{"date":"2008-02-28T13:05:54.236Z","age":16},"phone":"(777)-884-5245","cell":"(036)-251-9862","id":{"name":"","value":null},"picture":{"large":"https://randomuser.me/api/portraits/women/56.jpg","medium":"https://randomuser.me/api/portraits/med/women/56.jpg","thumbnail":"https://randomuser.me/api/portraits/thumb/women/56.jpg"},"nat":"NZ"}],"info":{"seed":"401d9d136008fe51","results":1,"page":1,"version":"1.4"}} 
 </msg>
<msg time="2024-08-10T21:10:43.464922" level="INFO">/opt/hostedtoolcache/Python/3.12.4/x64/lib/python3.12/site-packages/urllib3/connectionpool.py:1099: InsecureRequestWarning: Unverified HTTPS request is being made to host 'randomuser.me'. Adding certificate verification is strongly advised. See: https://urllib3.readthedocs.io/en/latest/advanced-usage.html#tls-warnings
  warnings.warn(</msg>
<msg time="2024-08-10T21:10:43.465036" level="INFO">${response} = &lt;Response [200]&gt;</msg>
<var>${response}</var>
<arg>consultarAPI</arg>
<arg>/api</arg>
<doc>Sends a GET request on a previously created HTTP Session.</doc>
<status status="PASS" start="2024-08-10T21:10:43.328289" elapsed="0.136787"/>
</kw>
<kw name="Set Variable" owner="BuiltIn">
<msg time="2024-08-10T21:10:43.466048" level="INFO">${json_data} = {'results': [{'gender': 'female', 'name': {'title': 'Mrs', 'first': 'Rose', 'last': 'Moore'}, 'location': {'street': {'number': 4458, 'name': 'Cobham Drive'}, 'city': 'Lower Hutt', 'state': 'Southland...</msg>
<var>${json_data}</var>
<arg>${response.json()}</arg>
<doc>Returns the given values which can then be assigned to a variables.</doc>
<status status="PASS" start="2024-08-10T21:10:43.465546" elapsed="0.000531"/>
</kw>
<kw name="Log" owner="BuiltIn">
<msg time="2024-08-10T21:10:43.466527" level="INFO">{'results': [{'gender': 'female', 'name': {'title': 'Mrs', 'first': 'Rose', 'last': 'Moore'}, 'location': {'street': {'number': 4458, 'name': 'Cobham Drive'}, 'city': 'Lower Hutt', 'state': 'Southland', 'country': 'New Zealand', 'postcode': 42519, 'coordinates': {'latitude': '53.0885', 'longitude': '72.7506'}, 'timezone': {'offset': '+3:30', 'description': 'Tehran'}}, 'email': 'rose.moore@example.com', 'login': {'uuid': 'd889726a-5413-48d8-b060-46849bcbdc68', 'username': 'beautifulfish483', 'password': 'getsdown', 'salt': 'rgoF2Gnd', 'md5': '804fed0fe3e3a9f102175ba19374a355', 'sha1': '40bd9c4c8c2a37c0deeb29f2b896be4b1ae6fbb0', 'sha256': 'f545af630ada6b6bd921336d1c2b4106836181e46406939f2f6d08ad15e989b3'}, 'dob': {'date': '1973-10-20T11:21:40.250Z', 'age': 50}, 'registered': {'date': '2008-02-28T13:05:54.236Z', 'age': 16}, 'phone': '(777)-884-5245', 'cell': '(036)-251-9862', 'id': {'name': '', 'value': None}, 'picture': {'large': 'https://randomuser.me/api/portraits/women/56.jpg', 'medium': 'https://randomuser.me/api/portraits/med/women/56.jpg', 'thumbnail': 'https://randomuser.me/api/portraits/thumb/women/56.jpg'}, 'nat': 'NZ'}], 'info': {'seed': '401d9d136008fe51', 'results': 1, 'page': 1, 'version': '1.4'}}</msg>
<arg>${json_data}</arg>
<doc>Logs the given message with the given level.</doc>
<status status="PASS" start="2024-08-10T21:10:43.466376" elapsed="0.000197"/>
</kw>
<kw name="Should Be String" owner="String">
<arg>${json_data['results'][0]['gender']}</arg>
<doc>Fails if the given ``item`` is not a string.</doc>
<status status="PASS" start="2024-08-10T21:10:43.466860" elapsed="0.000386"/>
</kw>
<kw name="Should Match Regexp" owner="BuiltIn">
<arg>${json_data['results'][0]['email']}</arg>
<arg>^[a-zA-Z0-9._%+-]+@[a-zA-Z0-9.-]+\.[a-zA-Z]{2,}$</arg>
<doc>Fails if ``string`` does not match ``pattern`` as a regular expression.</doc>
<status status="PASS" start="2024-08-10T21:10:43.467434" elapsed="0.000508"/>
</kw>
<kw name="Should Match Regexp" owner="BuiltIn">
<arg>${json_data['results'][0]['dob']['date']}</arg>
<arg>\\d{4}-\\d{2}-\\d{2}T\\d{2}:\\d{2}:\\d{2}\\.\\d{3}Z</arg>
<doc>Fails if ``string`` does not match ``pattern`` as a regular expression.</doc>
<status status="PASS" start="2024-08-10T21:10:43.468130" elapsed="0.000592"/>
</kw>
<kw name="Should Match Regexp" owner="BuiltIn">
<arg>${json_data['results'][0]['registered']['date']}</arg>
<arg>\\d{4}-\\d{2}-\\d{2}T\\d{2}:\\d{2}:\\d{2}\\.\\d{3}Z</arg>
<doc>Fails if ``string`` does not match ``pattern`` as a regular expression.</doc>
<status status="PASS" start="2024-08-10T21:10:43.468911" elapsed="0.000366"/>
</kw>
<kw name="Should Match Regexp" owner="BuiltIn">
<arg>${json_data['results'][0]['picture']['large']}</arg>
<arg>^https?://.*\.(?:png|jpe?g|gif|bmp)$</arg>
<doc>Fails if ``string`` does not match ``pattern`` as a regular expression.</doc>
<status status="PASS" start="2024-08-10T21:10:43.469457" elapsed="0.000454"/>
</kw>
<kw name="Should Match Regexp" owner="BuiltIn">
<arg>${json_data['results'][0]['picture']['medium']}</arg>
<arg>^https?://.*\.(?:png|jpe?g|gif|bmp)$</arg>
<doc>Fails if ``string`` does not match ``pattern`` as a regular expression.</doc>
<status status="PASS" start="2024-08-10T21:10:43.470152" elapsed="0.000387"/>
</kw>
<kw name="Should Match Regexp" owner="BuiltIn">
<arg>${json_data['results'][0]['picture']['thumbnail']}</arg>
<arg>^https?://.*\.(?:png|jpe?g|gif|bmp)$</arg>
<doc>Fails if ``string`` does not match ``pattern`` as a regular expression.</doc>
<status status="PASS" start="2024-08-10T21:10:43.470718" elapsed="0.000348"/>
</kw>
<kw name="Log" owner="BuiltIn">
<msg time="2024-08-10T21:10:43.471570" level="INFO">{'large': 'https://randomuser.me/api/portraits/women/56.jpg', 'medium': 'https://randomuser.me/api/portraits/med/women/56.jpg', 'thumbnail': 'https://randomuser.me/api/portraits/thumb/women/56.jpg'}</msg>
<arg>${json_data['results'][0]['picture']}</arg>
<doc>Logs the given message with the given level.</doc>
<status status="PASS" start="2024-08-10T21:10:43.471242" elapsed="0.000371"/>
</kw>
<status status="PASS" start="2024-08-10T21:10:43.328069" elapsed="0.143797"/>
</kw>
<kw name="Teste de Tipos de Dados - Postcode" owner="random-user-service">
<kw name="GET On Session" owner="RequestsLibrary">
<msg time="2024-08-10T21:10:43.558842" level="INFO">GET Request : url=https://randomuser.me/api 
 path_url=/api 
 headers={'User-Agent': 'python-requests/2.32.3', 'Accept-Encoding': 'gzip, deflate', 'Accept': '*/*', 'Connection': 'keep-alive'} 
 body=None 
 </msg>
<msg time="2024-08-10T21:10:43.558925" level="INFO">GET Response : url=https://randomuser.me/api 
 status=200, reason=OK 
 headers={'Date': 'Sat, 10 Aug 2024 21:10:43 GMT', 'Content-Type': 'application/json; charset=utf-8', 'Transfer-Encoding': 'chunked', 'Connection': 'keep-alive', 'X-Powered-By': 'Express', 'Access-Control-Allow-Origin': '*', 'Cache-Control': 'no-cache', 'ETag': 'W/"4a4-QXjaHNfpcE/E4dK6XnGBRZneoBc"', 'Vary': 'Accept-Encoding', 'Content-Encoding': 'gzip', 'CF-Cache-Status': 'DYNAMIC', 'Report-To': '{"endpoints":[{"url":"https:\\/\\/a.nel.cloudflare.com\\/report\\/v4?s=JLC%2FLrVY2xBH%2B26zV8yFyO1kRsZPV32lSgnvljD8eTrBUAkRNw%2BiHf7wklo3uHjADkRhV96juz08UtrYUmBHLq29dIXiEAdO5agh%2BJ0H0S9pBVcIWtDL6nNhWjtPnqiX"}],"group":"cf-nel","max_age":604800}', 'NEL': '{"success_fraction":0,"report_to":"cf-nel","max_age":604800}', 'Server': 'cloudflare', 'CF-RAY': '8b12f969bf3dd019-SJC', 'alt-svc': 'h3=":443"; ma=86400'} 
 body={"results":[{"gender":"male","name":{"title":"Mr","first":"Ruben","last":"Garcia"},"location":{"street":{"number":5308,"name":"Rue de Cuire"},"city":"Rennes","state":"Seine-et-Marne","country":"France","postcode":93139,"coordinates":{"latitude":"-19.8192","longitude":"-156.6621"},"timezone":{"offset":"-6:00","description":"Central Time (US &amp; Canada), Mexico City"}},"email":"ruben.garcia@example.com","login":{"uuid":"d5387cde-cecc-4102-b4da-546996e52402","username":"ticklishostrich411","password":"creative","salt":"X4VYfall","md5":"f8415f9c6170c2ec88d865ee789639ab","sha1":"99f673dce5faed5a560f981292ad060592f673ba","sha256":"13b2c05c306f4959dd913fb49031bb90f46fdc721344d95197f75e8f8e645529"},"dob":{"date":"1961-09-25T19:00:40.093Z","age":62},"registered":{"date":"2010-09-26T17:57:39.377Z","age":13},"phone":"04-38-31-20-10","cell":"06-84-20-91-06","id":{"name":"INSEE","value":"1610841388021 35"},"picture":{"large":"https://randomuser.me/api/portraits/men/60.jpg","medium":"https://randomuser.me/api/portraits/med/men/60.jpg","thumbnail":"https://randomuser.me/api/portraits/thumb/men/60.jpg"},"nat":"FR"}],"info":{"seed":"ac782e45da90bd79","results":1,"page":1,"version":"1.4"}} 
 </msg>
<msg time="2024-08-10T21:10:43.559000" level="INFO">/opt/hostedtoolcache/Python/3.12.4/x64/lib/python3.12/site-packages/urllib3/connectionpool.py:1099: InsecureRequestWarning: Unverified HTTPS request is being made to host 'randomuser.me'. Adding certificate verification is strongly advised. See: https://urllib3.readthedocs.io/en/latest/advanced-usage.html#tls-warnings
  warnings.warn(</msg>
<msg time="2024-08-10T21:10:43.559115" level="INFO">${response} = &lt;Response [200]&gt;</msg>
<var>${response}</var>
<arg>consultarAPI</arg>
<arg>/api</arg>
<doc>Sends a GET request on a previously created HTTP Session.</doc>
<status status="PASS" start="2024-08-10T21:10:43.472282" elapsed="0.086888"/>
</kw>
<kw name="Set Variable" owner="BuiltIn">
<msg time="2024-08-10T21:10:43.560289" level="INFO">${json_data} = {'results': [{'gender': 'male', 'name': {'title': 'Mr', 'first': 'Ruben', 'last': 'Garcia'}, 'location': {'street': {'number': 5308, 'name': 'Rue de Cuire'}, 'city': 'Rennes', 'state': 'Seine-et-Marne...</msg>
<var>${json_data}</var>
<arg>${response.json()}</arg>
<doc>Returns the given values which can then be assigned to a variables.</doc>
<status status="PASS" start="2024-08-10T21:10:43.559718" elapsed="0.000599"/>
</kw>
<kw name="Log" owner="BuiltIn">
<msg time="2024-08-10T21:10:43.560766" level="INFO">{'results': [{'gender': 'male', 'name': {'title': 'Mr', 'first': 'Ruben', 'last': 'Garcia'}, 'location': {'street': {'number': 5308, 'name': 'Rue de Cuire'}, 'city': 'Rennes', 'state': 'Seine-et-Marne', 'country': 'France', 'postcode': 93139, 'coordinates': {'latitude': '-19.8192', 'longitude': '-156.6621'}, 'timezone': {'offset': '-6:00', 'description': 'Central Time (US &amp; Canada), Mexico City'}}, 'email': 'ruben.garcia@example.com', 'login': {'uuid': 'd5387cde-cecc-4102-b4da-546996e52402', 'username': 'ticklishostrich411', 'password': 'creative', 'salt': 'X4VYfall', 'md5': 'f8415f9c6170c2ec88d865ee789639ab', 'sha1': '99f673dce5faed5a560f981292ad060592f673ba', 'sha256': '13b2c05c306f4959dd913fb49031bb90f46fdc721344d95197f75e8f8e645529'}, 'dob': {'date': '1961-09-25T19:00:40.093Z', 'age': 62}, 'registered': {'date': '2010-09-26T17:57:39.377Z', 'age': 13}, 'phone': '04-38-31-20-10', 'cell': '06-84-20-91-06', 'id': {'name': 'INSEE', 'value': '1610841388021 35'}, 'picture': {'large': 'https://randomuser.me/api/portraits/men/60.jpg', 'medium': 'https://randomuser.me/api/portraits/med/men/60.jpg', 'thumbnail': 'https://randomuser.me/api/portraits/thumb/men/60.jpg'}, 'nat': 'FR'}], 'info': {'seed': 'ac782e45da90bd79', 'results': 1, 'page': 1, 'version': '1.4'}}</msg>
<arg>${json_data}</arg>
<doc>Logs the given message with the given level.</doc>
<status status="PASS" start="2024-08-10T21:10:43.560616" elapsed="0.000196"/>
</kw>
<kw name="Should Be Equal As Numbers" owner="BuiltIn">
<arg>${json_data['results'][0]['location']['postcode']}</arg>
<arg>${json_data['results'][0]['location']['postcode']}</arg>
<doc>Fails if objects are unequal after converting them to real numbers.</doc>
<status status="PASS" start="2024-08-10T21:10:43.561098" elapsed="0.000619"/>
</kw>
<kw name="Log" owner="BuiltIn">
<msg time="2024-08-10T21:10:43.562544" level="INFO">93139</msg>
<arg>${json_data['results'][0]['location']['postcode']}</arg>
<doc>Logs the given message with the given level.</doc>
<status status="PASS" start="2024-08-10T21:10:43.562080" elapsed="0.000513"/>
</kw>
<status status="PASS" start="2024-08-10T21:10:43.472071" elapsed="0.090779"/>
</kw>
<doc>Testa se os tipos de dados na resposta da API estão corretos.</doc>
<tag>testeTiposDados</tag>
<status status="PASS" start="2024-08-10T21:10:43.327515" elapsed="0.235494"/>
</test>
<test id="s1-s1-t5" name="Validar conteudo" line="35">
<kw name="Teste de Tipos de Conteudo" owner="random-user-service">
<kw name="GET On Session" owner="RequestsLibrary">
<msg time="2024-08-10T21:10:43.664007" level="INFO">GET Request : url=https://randomuser.me/api 
 path_url=/api 
 headers={'User-Agent': 'python-requests/2.32.3', 'Accept-Encoding': 'gzip, deflate', 'Accept': '*/*', 'Connection': 'keep-alive'} 
 body=None 
 </msg>
<msg time="2024-08-10T21:10:43.664071" level="INFO">GET Response : url=https://randomuser.me/api 
 status=200, reason=OK 
 headers={'Date': 'Sat, 10 Aug 2024 21:10:43 GMT', 'Content-Type': 'application/json; charset=utf-8', 'Transfer-Encoding': 'chunked', 'Connection': 'keep-alive', 'X-Powered-By': 'Express', 'Access-Control-Allow-Origin': '*', 'Cache-Control': 'no-cache', 'ETag': 'W/"485-AxhxCcahrQx5x3YIM1BnzCkxIjo"', 'Vary': 'Accept-Encoding', 'Content-Encoding': 'gzip', 'CF-Cache-Status': 'DYNAMIC', 'Report-To': '{"endpoints":[{"url":"https:\\/\\/a.nel.cloudflare.com\\/report\\/v4?s=5P2hcB7nR4WplIB4WdtJ5Vvhbxyod1BDj%2FHTbaI5n9aBHsh4SRcCF%2BT6NZY4rF%2Fo8A6czwPHtyGnawLdfcWmtfluW4BbQYbIKvwTw5hjFhoG2fvG4IraigNyu5%2FY20jQ"}],"group":"cf-nel","max_age":604800}', 'NEL': '{"success_fraction":0,"report_to":"cf-nel","max_age":604800}', 'Server': 'cloudflare', 'CF-RAY': '8b12f96a4f9fd019-SJC', 'alt-svc': 'h3=":443"; ma=86400'} 
 body={"results":[{"gender":"female","name":{"title":"Ms","first":"Kati","last":"Franken"},"location":{"street":{"number":5217,"name":"Mühlenweg"},"city":"Wissen","state":"Bayern","country":"Germany","postcode":80770,"coordinates":{"latitude":"-52.6059","longitude":"125.3615"},"timezone":{"offset":"+6:00","description":"Almaty, Dhaka, Colombo"}},"email":"kati.franken@example.com","login":{"uuid":"83ec8bf1-c385-4144-b3ef-66ae67354b34","username":"whitegorilla493","password":"tyler1","salt":"oFxhrspn","md5":"49b5da3c501bb9718ed72c66974ce384","sha1":"0966fe97da76064b9f27eb90aea7b5dc614ef8a7","sha256":"f064f945243efa08edcd752e4ff2ec774a6bded7f261ee021d7f3aaa7d86542f"},"dob":{"date":"1983-05-13T16:11:47.103Z","age":41},"registered":{"date":"2021-01-17T06:27:51.810Z","age":3},"phone":"0423-3722922","cell":"0177-1678323","id":{"name":"SVNR","value":"17 130583 F 691"},"picture":{"large":"https://randomuser.me/api/portraits/women/40.jpg","medium":"https://randomuser.me/api/portraits/med/women/40.jpg","thumbnail":"https://randomuser.me/api/portraits/thumb/women/40.jpg"},"nat":"DE"}],"info":{"seed":"ddcecb30ebfe58de","results":1,"page":1,"version":"1.4"}} 
 </msg>
<msg time="2024-08-10T21:10:43.664129" level="INFO">/opt/hostedtoolcache/Python/3.12.4/x64/lib/python3.12/site-packages/urllib3/connectionpool.py:1099: InsecureRequestWarning: Unverified HTTPS request is being made to host 'randomuser.me'. Adding certificate verification is strongly advised. See: https://urllib3.readthedocs.io/en/latest/advanced-usage.html#tls-warnings
  warnings.warn(</msg>
<msg time="2024-08-10T21:10:43.664218" level="INFO">${response} = &lt;Response [200]&gt;</msg>
<var>${response}</var>
<arg>consultarAPI</arg>
<arg>/api</arg>
<doc>Sends a GET request on a previously created HTTP Session.</doc>
<status status="PASS" start="2024-08-10T21:10:43.565428" elapsed="0.098830"/>
</kw>
<kw name="Set Variable" owner="BuiltIn">
<msg time="2024-08-10T21:10:43.665268" level="INFO">${json_data} = {'results': [{'gender': 'female', 'name': {'title': 'Ms', 'first': 'Kati', 'last': 'Franken'}, 'location': {'street': {'number': 5217, 'name': 'Mühlenweg'}, 'city': 'Wissen', 'state': 'Bayern', 'count...</msg>
<var>${json_data}</var>
<arg>${response.json()}</arg>
<doc>Returns the given values which can then be assigned to a variables.</doc>
<status status="PASS" start="2024-08-10T21:10:43.664708" elapsed="0.000590"/>
</kw>
<kw name="Set Variable" owner="BuiltIn">
<msg time="2024-08-10T21:10:43.666021" level="INFO">${name_title} = Ms</msg>
<var>${name_title}</var>
<arg>${json_data["results"][0]["name"]["title"]}</arg>
<doc>Returns the given values which can then be assigned to a variables.</doc>
<status status="PASS" start="2024-08-10T21:10:43.665601" elapsed="0.000447"/>
</kw>
<kw name="Create List" owner="BuiltIn">
<msg time="2024-08-10T21:10:43.666517" level="INFO">${allowed_titles} = ['Mr', 'Ms', 'Miss', 'Mrs', 'Madame', 'Monsieur']</msg>
<var>${allowed_titles}</var>
<arg>Mr</arg>
<arg>Ms</arg>
<arg>Miss</arg>
<arg>Mrs</arg>
<arg>Madame</arg>
<arg>Monsieur</arg>
<doc>Returns a list containing given items.</doc>
<status status="PASS" start="2024-08-10T21:10:43.666367" elapsed="0.000174"/>
</kw>
<kw name="List Should Contain Value" owner="Collections">
<arg>${allowed_titles}</arg>
<arg>${name_title}</arg>
<doc>Fails if the ``value`` is not found from ``list``.</doc>
<status status="PASS" start="2024-08-10T21:10:43.666835" elapsed="0.000171"/>
</kw>
<kw name="Set Variable" owner="BuiltIn">
<msg time="2024-08-10T21:10:43.667561" level="INFO">${name_country} = DE</msg>
<var>${name_country}</var>
<arg>${json_data["results"][0]["nat"]}</arg>
<doc>Returns the given values which can then be assigned to a variables.</doc>
<status status="PASS" start="2024-08-10T21:10:43.667190" elapsed="0.000397"/>
</kw>
<kw name="Create List" owner="BuiltIn">
<msg time="2024-08-10T21:10:43.668473" level="INFO">${list_country} = ['AD', 'AE', 'AF', 'AG', 'AI', 'AL', 'AM', 'AO', 'AQ', 'AR', 'AS', 'AT', 'AU', 'AW', 'AX', 'AZ', 'BA', 'BB', 'BD', 'BE', 'BF', 'BG', 'BH', 'BI', 'BJ', 'BL', 'BM', 'BN', 'BO', 'BQ', 'BR', 'BS', 'BT', '...</msg>
<var>${list_country}</var>
<arg>AD</arg>
<arg>AE</arg>
<arg>AF</arg>
<arg>AG</arg>
<arg>AI</arg>
<arg>AL</arg>
<arg>AM</arg>
<arg>AO</arg>
<arg>AQ</arg>
<arg>AR</arg>
<arg>AS</arg>
<arg>AT</arg>
<arg>AU</arg>
<arg>AW</arg>
<arg>AX</arg>
<arg>AZ</arg>
<arg>BA</arg>
<arg>BB</arg>
<arg>BD</arg>
<arg>BE</arg>
<arg>BF</arg>
<arg>BG</arg>
<arg>BH</arg>
<arg>BI</arg>
<arg>BJ</arg>
<arg>BL</arg>
<arg>BM</arg>
<arg>BN</arg>
<arg>BO</arg>
<arg>BQ</arg>
<arg>BR</arg>
<arg>BS</arg>
<arg>BT</arg>
<arg>BV</arg>
<arg>BW</arg>
<arg>BY</arg>
<arg>BZ</arg>
<arg>CA</arg>
<arg>CC</arg>
<arg>CD</arg>
<arg>CF</arg>
<arg>CG</arg>
<arg>CH</arg>
<arg>CI</arg>
<arg>CK</arg>
<arg>CL</arg>
<arg>CM</arg>
<arg>CN</arg>
<arg>CO</arg>
<arg>CR</arg>
<arg>CU</arg>
<arg>CV</arg>
<arg>CW</arg>
<arg>CX</arg>
<arg>CY</arg>
<arg>CZ</arg>
<arg>DE</arg>
<arg>DJ</arg>
<arg>DK</arg>
<arg>DM</arg>
<arg>DO</arg>
<arg>DZ</arg>
<arg>EC</arg>
<arg>EE</arg>
<arg>EG</arg>
<arg>EH</arg>
<arg>ER</arg>
<arg>ES</arg>
<arg>ET</arg>
<arg>FI</arg>
<arg>FJ</arg>
<arg>FK</arg>
<arg>FM</arg>
<arg>FO</arg>
<arg>FR</arg>
<arg>GA</arg>
<arg>GB</arg>
<arg>GD</arg>
<arg>GE</arg>
<arg>GF</arg>
<arg>GG</arg>
<arg>GH</arg>
<arg>GI</arg>
<arg>GL</arg>
<arg>GM</arg>
<arg>GN</arg>
<arg>GP</arg>
<arg>GQ</arg>
<arg>GR</arg>
<arg>GS</arg>
<arg>GT</arg>
<arg>GU</arg>
<arg>GW</arg>
<arg>GY</arg>
<arg>HK</arg>
<arg>HM</arg>
<arg>HN</arg>
<arg>HR</arg>
<arg>HT</arg>
<arg>HU</arg>
<arg>ID</arg>
<arg>IE</arg>
<arg>IL</arg>
<arg>IM</arg>
<arg>IN</arg>
<arg>IO</arg>
<arg>IQ</arg>
<arg>IR</arg>
<arg>IS</arg>
<arg>IT</arg>
<arg>JE</arg>
<arg>JM</arg>
<arg>JO</arg>
<arg>JP</arg>
<arg>KE</arg>
<arg>KG</arg>
<arg>KH</arg>
<arg>KI</arg>
<arg>KM</arg>
<arg>KN</arg>
<arg>KP</arg>
<arg>KR</arg>
<arg>KW</arg>
<arg>KY</arg>
<arg>KZ</arg>
<arg>LA</arg>
<arg>LB</arg>
<arg>LC</arg>
<arg>LI</arg>
<arg>LK</arg>
<arg>LR</arg>
<arg>LS</arg>
<arg>LT</arg>
<arg>LU</arg>
<arg>LV</arg>
<arg>LY</arg>
<arg>MA</arg>
<arg>MC</arg>
<arg>MD</arg>
<arg>ME</arg>
<arg>MF</arg>
<arg>MG</arg>
<arg>MH</arg>
<arg>MK</arg>
<arg>ML</arg>
<arg>MM</arg>
<arg>MN</arg>
<arg>MO</arg>
<arg>MP</arg>
<arg>MQ</arg>
<arg>MR</arg>
<arg>MS</arg>
<arg>MT</arg>
<arg>MU</arg>
<arg>MV</arg>
<arg>MW</arg>
<arg>MX</arg>
<arg>MY</arg>
<arg>MZ</arg>
<arg>NA</arg>
<arg>NC</arg>
<arg>NE</arg>
<arg>NF</arg>
<arg>NG</arg>
<arg>NI</arg>
<arg>NL</arg>
<arg>NO</arg>
<arg>NP</arg>
<arg>NR</arg>
<arg>NU</arg>
<arg>NZ</arg>
<arg>OM</arg>
<arg>PA</arg>
<arg>PE</arg>
<arg>PF</arg>
<arg>PG</arg>
<arg>PH</arg>
<arg>PK</arg>
<arg>PL</arg>
<arg>PM</arg>
<arg>PN</arg>
<arg>PR</arg>
<arg>PS</arg>
<arg>PT</arg>
<arg>PW</arg>
<arg>PY</arg>
<arg>QA</arg>
<arg>RE</arg>
<arg>RO</arg>
<arg>RS</arg>
<arg>RU</arg>
<arg>RW</arg>
<arg>SA</arg>
<arg>SB</arg>
<arg>SC</arg>
<arg>SD</arg>
<arg>SE</arg>
<arg>SG</arg>
<arg>SH</arg>
<arg>SI</arg>
<arg>SJ</arg>
<arg>SK</arg>
<arg>SL</arg>
<arg>SM</arg>
<arg>SN</arg>
<arg>SO</arg>
<arg>SR</arg>
<arg>SS</arg>
<arg>ST</arg>
<arg>SV</arg>
<arg>SX</arg>
<arg>SY</arg>
<arg>SZ</arg>
<arg>TC</arg>
<arg>TD</arg>
<arg>TF</arg>
<arg>TG</arg>
<arg>TH</arg>
<arg>TJ</arg>
<arg>TK</arg>
<arg>TL</arg>
<arg>TM</arg>
<arg>TN</arg>
<arg>TO</arg>
<arg>TR</arg>
<arg>TT</arg>
<arg>TV</arg>
<arg>TW</arg>
<arg>TZ</arg>
<arg>UA</arg>
<arg>UG</arg>
<arg>UM</arg>
<arg>US</arg>
<arg>UY</arg>
<arg>UZ</arg>
<arg>VA</arg>
<arg>VC</arg>
<arg>VE</arg>
<arg>VG</arg>
<arg>VI</arg>
<arg>VN</arg>
<arg>VU</arg>
<arg>WF</arg>
<arg>WS</arg>
<arg>XK</arg>
<arg>YE</arg>
<arg>YT</arg>
<arg>ZA</arg>
<arg>ZM</arg>
<arg>ZW</arg>
<doc>Returns a list containing given items.</doc>
<status status="PASS" start="2024-08-10T21:10:43.667885" elapsed="0.000613"/>
</kw>
<kw name="List Should Contain Value" owner="Collections">
<arg>${list_country}</arg>
<arg>${name_country}</arg>
<doc>Fails if the ``value`` is not found from ``list``.</doc>
<status status="PASS" start="2024-08-10T21:10:43.669427" elapsed="0.000203"/>
</kw>
<kw name="Run Keyword If" owner="BuiltIn">
<kw name="Should Be True" owner="BuiltIn">
<arg>${True}</arg>
<doc>Fails if the given condition is not true.</doc>
<status status="PASS" start="2024-08-10T21:10:43.670612" elapsed="0.000143"/>
</kw>
<arg>${json_data["results"][0]["location"]["coordinates"]["latitude"]} &gt;= -90 and ${json_data["results"][0]["location"]["coordinates"]["latitude"]} &lt;= 90</arg>
<arg>Should Be True</arg>
<arg>${True}</arg>
<doc>Runs the given keyword with the given arguments, if ``condition`` is true.</doc>
<status status="PASS" start="2024-08-10T21:10:43.669823" elapsed="0.001058"/>
</kw>
<kw name="Run Keyword If" owner="BuiltIn">
<kw name="Should Be True" owner="BuiltIn">
<arg>${True}</arg>
<doc>Fails if the given condition is not true.</doc>
<status status="PASS" start="2024-08-10T21:10:43.671786" elapsed="0.000135"/>
</kw>
<arg>${json_data["results"][0]["location"]["coordinates"]["longitude"]} &gt;= -180 and ${json_data["results"][0]["location"]["coordinates"]["longitude"]} &lt;= 180</arg>
<arg>Should Be True</arg>
<arg>${True}</arg>
<doc>Runs the given keyword with the given arguments, if ``condition`` is true.</doc>
<status status="PASS" start="2024-08-10T21:10:43.671074" elapsed="0.000968"/>
</kw>
<status status="PASS" start="2024-08-10T21:10:43.565216" elapsed="0.106952"/>
</kw>
<doc>Testa o conteúdo específico dos campos retornados pela API.</doc>
<tag>testeConteudo</tag>
<status status="PASS" start="2024-08-10T21:10:43.564704" elapsed="0.107601"/>
</test>
<status status="PASS" start="2024-08-10T21:10:42.649129" elapsed="1.025136"/>
</suite>
<status status="PASS" start="2024-08-10T21:10:42.634826" elapsed="1.044477"/>
</suite>
<statistics>
<total>
<stat pass="5" fail="0" skip="0">All Tests</stat>
</total>
<tag>
<stat pass="1" fail="0" skip="0">testeConteudo</stat>
<stat pass="1" fail="0" skip="0">testeEstruturaResposta</stat>
<stat pass="1" fail="0" skip="0">testeRequisicaoBasica</stat>
<stat pass="1" fail="0" skip="0">testeTiposDados</stat>
</tag>
<suite>
<stat pass="5" fail="0" skip="0" id="s1" name="Tests">Tests</stat>
<stat pass="5" fail="0" skip="0" id="s1-s1" name="Random-User-Test">Tests.Random-User-Test</stat>
</suite>
</statistics>
<errors>
</errors>
</robot>
