<?xml version="1.0" encoding="UTF-8"?>
<robot generator="Robot 7.0 (Python 3.12.2 on linux)" generated="2024-03-24T08:15:41.708831" rpa="false" schemaversion="5">
<suite id="s1" name="Tests" source="/home/runner/work/DesafioQAItauRogerioJordao/DesafioQAItauRogerioJordao/RamdonUser/tests">
<suite id="s1-s1" name="Random-User-Test" source="/home/runner/work/DesafioQAItauRogerioJordao/DesafioQAItauRogerioJordao/RamdonUser/tests/random-user-test.robot">
<test id="s1-s1-t1" name="Conectar" line="13">
<kw name="Conectar API" owner="random-user-service">
<kw name="Create Session" owner="RequestsLibrary">
<msg time="2024-03-24T08:15:42.078361" level="INFO">Creating Session using : alias=consultarAPI, url=https://randomuser.me/, headers={},                     cookies={}, auth=None, timeout=None, proxies=None, verify=False,                     debug=0 </msg>
<arg>consultarAPI</arg>
<arg>${URL}</arg>
<doc>Create Session: create a HTTP session to a server</doc>
<status status="PASS" start="2024-03-24T08:15:42.078159" elapsed="0.000379"/>
</kw>
<status status="PASS" start="2024-03-24T08:15:42.077138" elapsed="0.001760"/>
</kw>
<status status="PASS" start="2024-03-24T08:15:42.076574" elapsed="0.002530"/>
</test>
<test id="s1-s1-t2" name="Validar retorno 200 e JSON Válido" line="16">
<kw name="Teste de Requisicao Basica" owner="random-user-service">
<kw name="GET On Session" owner="RequestsLibrary">
<msg time="2024-03-24T08:15:42.354671" level="INFO">GET Request : url=https://randomuser.me/api 
 path_url=/api 
 headers={'User-Agent': 'python-requests/2.31.0', 'Accept-Encoding': 'gzip, deflate', 'Accept': '*/*', 'Connection': 'keep-alive'} 
 body=None 
 </msg>
<msg time="2024-03-24T08:15:42.354826" level="INFO">GET Response : url=https://randomuser.me/api 
 status=200, reason=OK 
 headers={'Date': 'Sun, 24 Mar 2024 08:15:42 GMT', 'Content-Type': 'application/json; charset=utf-8', 'Transfer-Encoding': 'chunked', 'Connection': 'keep-alive', 'X-Powered-By': 'Express', 'Access-Control-Allow-Origin': '*', 'Cache-Control': 'no-cache', 'ETag': 'W/"4ae-cVdZxTEEi330gfcRi+UMR/b0aIQ"', 'Vary': 'Accept-Encoding', 'Content-Encoding': 'gzip', 'CF-Cache-Status': 'DYNAMIC', 'Report-To': '{"endpoints":[{"url":"https:\\/\\/a.nel.cloudflare.com\\/report\\/v4?s=aZ3nsdQN7LtjOlSBSX91ycWUuoDn%2BU7fqRxVhsK6mGn8pv%2BLaWKLDRW2XEZwbcZb1iDfzLa1eqpeOKBbroyYUkH7alqpg4yEbzMulnsVV5TvEohe5ZGBAohAaJVR1gj4"}],"group":"cf-nel","max_age":604800}', 'NEL': '{"success_fraction":0,"report_to":"cf-nel","max_age":604800}', 'Server': 'cloudflare', 'CF-RAY': '869537011e422f6b-LAX', 'alt-svc': 'h3=":443"; ma=86400'} 
 body={"results":[{"gender":"female","name":{"title":"Mrs","first":"Rafika","last":"Zoutewelle"},"location":{"street":{"number":3612,"name":"4e Nijverheidstraat"},"city":"Gelderswoude","state":"Gelderland","country":"Netherlands","postcode":"6953 WG","coordinates":{"latitude":"37.8164","longitude":"21.3510"},"timezone":{"offset":"+9:00","description":"Tokyo, Seoul, Osaka, Sapporo, Yakutsk"}},"email":"rafika.zoutewelle@example.com","login":{"uuid":"cf5e5045-c7c4-4e2f-a459-09290fe54a83","username":"organicbird622","password":"dudley","salt":"CVs6l9xp","md5":"d7824985b2a4368abd77e79499f1e6b6","sha1":"c12508dcefe14ea480fc674946cb06282d37fb5a","sha256":"05b3cb2866a506d331736d425f06b83d38c8aa30da6b4ceb78fee095bc6b384b"},"dob":{"date":"1951-11-05T20:39:00.523Z","age":72},"registered":{"date":"2014-06-10T07:23:12.667Z","age":9},"phone":"(0369) 827243","cell":"(06) 58132215","id":{"name":"BSN","value":"66611521"},"picture":{"large":"https://randomuser.me/api/portraits/women/4.jpg","medium":"https://randomuser.me/api/portraits/med/women/4.jpg","thumbnail":"https://randomuser.me/api/portraits/thumb/women/4.jpg"},"nat":"NL"}],"info":{"seed":"7868b7fb37fcd5bf","results":1,"page":1,"version":"1.4"}} 
 </msg>
<msg time="2024-03-24T08:15:42.354941" level="INFO">/opt/hostedtoolcache/Python/3.12.2/x64/lib/python3.12/site-packages/urllib3/connectionpool.py:1103: InsecureRequestWarning: Unverified HTTPS request is being made to host 'randomuser.me'. Adding certificate verification is strongly advised. See: https://urllib3.readthedocs.io/en/latest/advanced-usage.html#tls-warnings
  warnings.warn(</msg>
<msg time="2024-03-24T08:15:42.355097" level="INFO">${response} = &lt;Response [200]&gt;</msg>
<var>${response}</var>
<arg>consultarAPI</arg>
<arg>/api</arg>
<doc>Sends a GET request on a previously created HTTP Session.</doc>
<status status="PASS" start="2024-03-24T08:15:42.081696" elapsed="0.273444"/>
</kw>
<kw name="Should Be Equal As Numbers" owner="BuiltIn">
<msg time="2024-03-24T08:15:42.356308" level="INFO">Argument types are:
&lt;class 'int'&gt;
&lt;class 'str'&gt;</msg>
<arg>${response.status_code}</arg>
<arg>200</arg>
<doc>Fails if objects are unequal after converting them to real numbers.</doc>
<status status="PASS" start="2024-03-24T08:15:42.355812" elapsed="0.000564"/>
</kw>
<kw name="Log" owner="BuiltIn">
<msg time="2024-03-24T08:15:42.357105" level="INFO">200</msg>
<arg>${response.status_code}</arg>
<doc>Logs the given message with the given level.</doc>
<status status="PASS" start="2024-03-24T08:15:42.356745" elapsed="0.000404"/>
</kw>
<kw name="Set Variable" owner="BuiltIn">
<msg time="2024-03-24T08:15:42.357929" level="INFO">${json_data} = {'results': [{'gender': 'female', 'name': {'title': 'Mrs', 'first': 'Rafika', 'last': 'Zoutewelle'}, 'location': {'street': {'number': 3612, 'name': '4e Nijverheidstraat'}, 'city': 'Gelderswoude', 'st...</msg>
<var>${json_data}</var>
<arg>${response.json()}</arg>
<doc>Returns the given values which can then be assigned to a variables.</doc>
<status status="PASS" start="2024-03-24T08:15:42.357484" elapsed="0.000474"/>
</kw>
<kw name="Dictionary Should Contain Key" owner="Collections">
<msg time="2024-03-24T08:15:42.358457" level="INFO">False</msg>
<arg>${json_data}</arg>
<arg>results</arg>
<doc>Fails if ``key`` is not found from ``dictionary``.</doc>
<status status="PASS" start="2024-03-24T08:15:42.358269" elapsed="0.000229"/>
</kw>
<status status="PASS" start="2024-03-24T08:15:42.081447" elapsed="0.277316"/>
</kw>
<doc>Testa se a API responde corretamente e retorna um objeto JSON válido.</doc>
<tag>testeRequisicaoBasica</tag>
<status status="PASS" start="2024-03-24T08:15:42.080988" elapsed="0.277968"/>
</test>
<test id="s1-s1-t3" name="Validar estrutura de resposta" line="22">
<kw name="Teste de Estrutura de Resposta" owner="random-user-service">
<kw name="GET On Session" owner="RequestsLibrary">
<msg time="2024-03-24T08:15:42.457886" level="INFO">GET Request : url=https://randomuser.me/api 
 path_url=/api 
 headers={'User-Agent': 'python-requests/2.31.0', 'Accept-Encoding': 'gzip, deflate', 'Accept': '*/*', 'Connection': 'keep-alive'} 
 body=None 
 </msg>
<msg time="2024-03-24T08:15:42.457989" level="INFO">GET Response : url=https://randomuser.me/api 
 status=200, reason=OK 
 headers={'Date': 'Sun, 24 Mar 2024 08:15:42 GMT', 'Content-Type': 'application/json; charset=utf-8', 'Transfer-Encoding': 'chunked', 'Connection': 'keep-alive', 'X-Powered-By': 'Express', 'Access-Control-Allow-Origin': '*', 'Cache-Control': 'no-cache', 'ETag': 'W/"4a4-WM+Y/yNNlKK6QivGUwitKb6Jx9E"', 'Vary': 'Accept-Encoding', 'Content-Encoding': 'gzip', 'CF-Cache-Status': 'DYNAMIC', 'Report-To': '{"endpoints":[{"url":"https:\\/\\/a.nel.cloudflare.com\\/report\\/v4?s=wftq2QgJVgsIOQBIWLX%2B9AYhMuZdLpJ45mlriTQ6EtR48maSFogRviOyBVnUhfU5tRP0gXXypeR3fep%2BhG9fIWE%2BNe39NxjVKYNeSS5%2Bssz7b7KDrDPfoyyu5Vy1AOlx"}],"group":"cf-nel","max_age":604800}', 'NEL': '{"success_fraction":0,"report_to":"cf-nel","max_age":604800}', 'Server': 'cloudflare', 'CF-RAY': '86953701cf3a2f6b-LAX', 'alt-svc': 'h3=":443"; ma=86400'} 
 body={"results":[{"gender":"male","name":{"title":"Mr","first":"Roger","last":"Fields"},"location":{"street":{"number":7052,"name":"Locust Rd"},"city":"Salt Lake City","state":"Montana","country":"United States","postcode":49925,"coordinates":{"latitude":"83.1082","longitude":"-166.4489"},"timezone":{"offset":"0:00","description":"Western Europe Time, London, Lisbon, Casablanca"}},"email":"roger.fields@example.com","login":{"uuid":"d37b7c87-0ffc-420c-b5f8-1021d8a7f82f","username":"yellowleopard179","password":"fright","salt":"d77XldWR","md5":"ee47459dd714732ce05cfb3aa8ad04b7","sha1":"0f9492edb7df8edb9b845eb0b0e0d99a7a76d31a","sha256":"a3911212f1457fef5f43792bbfb9ee68ee179ba09e036f2b9346357ab9b0b715"},"dob":{"date":"1945-06-08T19:47:25.088Z","age":78},"registered":{"date":"2005-04-03T22:02:35.030Z","age":18},"phone":"(856) 595-1962","cell":"(625) 431-6005","id":{"name":"SSN","value":"117-96-0331"},"picture":{"large":"https://randomuser.me/api/portraits/men/10.jpg","medium":"https://randomuser.me/api/portraits/med/men/10.jpg","thumbnail":"https://randomuser.me/api/portraits/thumb/men/10.jpg"},"nat":"US"}],"info":{"seed":"0c3501713bbb21fd","results":1,"page":1,"version":"1.4"}} 
 </msg>
<msg time="2024-03-24T08:15:42.458141" level="INFO">/opt/hostedtoolcache/Python/3.12.2/x64/lib/python3.12/site-packages/urllib3/connectionpool.py:1103: InsecureRequestWarning: Unverified HTTPS request is being made to host 'randomuser.me'. Adding certificate verification is strongly advised. See: https://urllib3.readthedocs.io/en/latest/advanced-usage.html#tls-warnings
  warnings.warn(</msg>
<msg time="2024-03-24T08:15:42.458274" level="INFO">${response} = &lt;Response [200]&gt;</msg>
<var>${response}</var>
<arg>consultarAPI</arg>
<arg>/api</arg>
<doc>Sends a GET request on a previously created HTTP Session.</doc>
<status status="PASS" start="2024-03-24T08:15:42.361840" elapsed="0.096478"/>
</kw>
<kw name="Set Variable" owner="BuiltIn">
<msg time="2024-03-24T08:15:42.459575" level="INFO">${json_data} = {'results': [{'gender': 'male', 'name': {'title': 'Mr', 'first': 'Roger', 'last': 'Fields'}, 'location': {'street': {'number': 7052, 'name': 'Locust Rd'}, 'city': 'Salt Lake City', 'state': 'Montana',...</msg>
<var>${json_data}</var>
<arg>${response.json()}</arg>
<doc>Returns the given values which can then be assigned to a variables.</doc>
<status status="PASS" start="2024-03-24T08:15:42.458974" elapsed="0.000632"/>
</kw>
<kw name="Log" owner="BuiltIn">
<msg time="2024-03-24T08:15:42.460100" level="INFO">{'results': [{'gender': 'male', 'name': {'title': 'Mr', 'first': 'Roger', 'last': 'Fields'}, 'location': {'street': {'number': 7052, 'name': 'Locust Rd'}, 'city': 'Salt Lake City', 'state': 'Montana', 'country': 'United States', 'postcode': 49925, 'coordinates': {'latitude': '83.1082', 'longitude': '-166.4489'}, 'timezone': {'offset': '0:00', 'description': 'Western Europe Time, London, Lisbon, Casablanca'}}, 'email': 'roger.fields@example.com', 'login': {'uuid': 'd37b7c87-0ffc-420c-b5f8-1021d8a7f82f', 'username': 'yellowleopard179', 'password': 'fright', 'salt': 'd77XldWR', 'md5': 'ee47459dd714732ce05cfb3aa8ad04b7', 'sha1': '0f9492edb7df8edb9b845eb0b0e0d99a7a76d31a', 'sha256': 'a3911212f1457fef5f43792bbfb9ee68ee179ba09e036f2b9346357ab9b0b715'}, 'dob': {'date': '1945-06-08T19:47:25.088Z', 'age': 78}, 'registered': {'date': '2005-04-03T22:02:35.030Z', 'age': 18}, 'phone': '(856) 595-1962', 'cell': '(625) 431-6005', 'id': {'name': 'SSN', 'value': '117-96-0331'}, 'picture': {'large': 'https://randomuser.me/api/portraits/men/10.jpg', 'medium': 'https://randomuser.me/api/portraits/med/men/10.jpg', 'thumbnail': 'https://randomuser.me/api/portraits/thumb/men/10.jpg'}, 'nat': 'US'}], 'info': {'seed': '0c3501713bbb21fd', 'results': 1, 'page': 1, 'version': '1.4'}}</msg>
<arg>${json_data}</arg>
<doc>Logs the given message with the given level.</doc>
<status status="PASS" start="2024-03-24T08:15:42.459932" elapsed="0.000219"/>
</kw>
<kw name="Dictionary Should Contain Key" owner="Collections">
<msg time="2024-03-24T08:15:42.460666" level="INFO">False</msg>
<arg>${json_data}</arg>
<arg>results</arg>
<doc>Fails if ``key`` is not found from ``dictionary``.</doc>
<status status="PASS" start="2024-03-24T08:15:42.460501" elapsed="0.000205"/>
</kw>
<kw name="Should Not Be Empty" owner="BuiltIn">
<msg time="2024-03-24T08:15:42.461153" level="INFO">Length is 2.</msg>
<arg>${json_data}</arg>
<doc>Verifies that the given item is not empty.</doc>
<status status="PASS" start="2024-03-24T08:15:42.461009" elapsed="0.000184"/>
</kw>
<kw name="Create List" owner="BuiltIn">
<msg time="2024-03-24T08:15:42.461641" level="INFO">${expected_keys} = ['gender', 'name', 'location', 'email', 'login']</msg>
<var>${expected_keys}</var>
<arg>gender</arg>
<arg>name</arg>
<arg>location</arg>
<arg>email</arg>
<arg>login</arg>
<doc>Returns a list containing given items.</doc>
<status status="PASS" start="2024-03-24T08:15:42.461489" elapsed="0.000177"/>
</kw>
<for flavor="IN">
<iter>
<kw name="Dictionary Should Contain Key" owner="Collections">
<msg time="2024-03-24T08:15:42.462687" level="INFO">False</msg>
<arg>${json_data['results'][0]}</arg>
<arg>${key}</arg>
<doc>Fails if ``key`` is not found from ``dictionary``.</doc>
<status status="PASS" start="2024-03-24T08:15:42.462275" elapsed="0.000452"/>
</kw>
<kw name="Log" owner="BuiltIn">
<msg time="2024-03-24T08:15:42.463414" level="INFO">{'gender': 'male', 'name': {'title': 'Mr', 'first': 'Roger', 'last': 'Fields'}, 'location': {'street': {'number': 7052, 'name': 'Locust Rd'}, 'city': 'Salt Lake City', 'state': 'Montana', 'country': 'United States', 'postcode': 49925, 'coordinates': {'latitude': '83.1082', 'longitude': '-166.4489'}, 'timezone': {'offset': '0:00', 'description': 'Western Europe Time, London, Lisbon, Casablanca'}}, 'email': 'roger.fields@example.com', 'login': {'uuid': 'd37b7c87-0ffc-420c-b5f8-1021d8a7f82f', 'username': 'yellowleopard179', 'password': 'fright', 'salt': 'd77XldWR', 'md5': 'ee47459dd714732ce05cfb3aa8ad04b7', 'sha1': '0f9492edb7df8edb9b845eb0b0e0d99a7a76d31a', 'sha256': 'a3911212f1457fef5f43792bbfb9ee68ee179ba09e036f2b9346357ab9b0b715'}, 'dob': {'date': '1945-06-08T19:47:25.088Z', 'age': 78}, 'registered': {'date': '2005-04-03T22:02:35.030Z', 'age': 18}, 'phone': '(856) 595-1962', 'cell': '(625) 431-6005', 'id': {'name': 'SSN', 'value': '117-96-0331'}, 'picture': {'large': 'https://randomuser.me/api/portraits/men/10.jpg', 'medium': 'https://randomuser.me/api/portraits/med/men/10.jpg', 'thumbnail': 'https://randomuser.me/api/portraits/thumb/men/10.jpg'}, 'nat': 'US'}</msg>
<arg>${json_data['results'][0]}</arg>
<doc>Logs the given message with the given level.</doc>
<status status="PASS" start="2024-03-24T08:15:42.463039" elapsed="0.000430"/>
</kw>
<kw name="Log" owner="BuiltIn">
<msg time="2024-03-24T08:15:42.463910" level="INFO">gender</msg>
<arg>${key}</arg>
<doc>Logs the given message with the given level.</doc>
<status status="PASS" start="2024-03-24T08:15:42.463775" elapsed="0.000174"/>
</kw>
<var name="${key}">gender</var>
<status status="PASS" start="2024-03-24T08:15:42.462148" elapsed="0.002019"/>
</iter>
<iter>
<kw name="Dictionary Should Contain Key" owner="Collections">
<msg time="2024-03-24T08:15:42.464889" level="INFO">False</msg>
<arg>${json_data['results'][0]}</arg>
<arg>${key}</arg>
<doc>Fails if ``key`` is not found from ``dictionary``.</doc>
<status status="PASS" start="2024-03-24T08:15:42.464502" elapsed="0.000425"/>
</kw>
<kw name="Log" owner="BuiltIn">
<msg time="2024-03-24T08:15:42.465626" level="INFO">{'gender': 'male', 'name': {'title': 'Mr', 'first': 'Roger', 'last': 'Fields'}, 'location': {'street': {'number': 7052, 'name': 'Locust Rd'}, 'city': 'Salt Lake City', 'state': 'Montana', 'country': 'United States', 'postcode': 49925, 'coordinates': {'latitude': '83.1082', 'longitude': '-166.4489'}, 'timezone': {'offset': '0:00', 'description': 'Western Europe Time, London, Lisbon, Casablanca'}}, 'email': 'roger.fields@example.com', 'login': {'uuid': 'd37b7c87-0ffc-420c-b5f8-1021d8a7f82f', 'username': 'yellowleopard179', 'password': 'fright', 'salt': 'd77XldWR', 'md5': 'ee47459dd714732ce05cfb3aa8ad04b7', 'sha1': '0f9492edb7df8edb9b845eb0b0e0d99a7a76d31a', 'sha256': 'a3911212f1457fef5f43792bbfb9ee68ee179ba09e036f2b9346357ab9b0b715'}, 'dob': {'date': '1945-06-08T19:47:25.088Z', 'age': 78}, 'registered': {'date': '2005-04-03T22:02:35.030Z', 'age': 18}, 'phone': '(856) 595-1962', 'cell': '(625) 431-6005', 'id': {'name': 'SSN', 'value': '117-96-0331'}, 'picture': {'large': 'https://randomuser.me/api/portraits/men/10.jpg', 'medium': 'https://randomuser.me/api/portraits/med/men/10.jpg', 'thumbnail': 'https://randomuser.me/api/portraits/thumb/men/10.jpg'}, 'nat': 'US'}</msg>
<arg>${json_data['results'][0]}</arg>
<doc>Logs the given message with the given level.</doc>
<status status="PASS" start="2024-03-24T08:15:42.465260" elapsed="0.000415"/>
</kw>
<kw name="Log" owner="BuiltIn">
<msg time="2024-03-24T08:15:42.466106" level="INFO">name</msg>
<arg>${key}</arg>
<doc>Logs the given message with the given level.</doc>
<status status="PASS" start="2024-03-24T08:15:42.465977" elapsed="0.000168"/>
</kw>
<var name="${key}">name</var>
<status status="PASS" start="2024-03-24T08:15:42.464359" elapsed="0.002003"/>
</iter>
<iter>
<kw name="Dictionary Should Contain Key" owner="Collections">
<msg time="2024-03-24T08:15:42.467044" level="INFO">False</msg>
<arg>${json_data['results'][0]}</arg>
<arg>${key}</arg>
<doc>Fails if ``key`` is not found from ``dictionary``.</doc>
<status status="PASS" start="2024-03-24T08:15:42.466657" elapsed="0.000426"/>
</kw>
<kw name="Log" owner="BuiltIn">
<msg time="2024-03-24T08:15:42.467741" level="INFO">{'gender': 'male', 'name': {'title': 'Mr', 'first': 'Roger', 'last': 'Fields'}, 'location': {'street': {'number': 7052, 'name': 'Locust Rd'}, 'city': 'Salt Lake City', 'state': 'Montana', 'country': 'United States', 'postcode': 49925, 'coordinates': {'latitude': '83.1082', 'longitude': '-166.4489'}, 'timezone': {'offset': '0:00', 'description': 'Western Europe Time, London, Lisbon, Casablanca'}}, 'email': 'roger.fields@example.com', 'login': {'uuid': 'd37b7c87-0ffc-420c-b5f8-1021d8a7f82f', 'username': 'yellowleopard179', 'password': 'fright', 'salt': 'd77XldWR', 'md5': 'ee47459dd714732ce05cfb3aa8ad04b7', 'sha1': '0f9492edb7df8edb9b845eb0b0e0d99a7a76d31a', 'sha256': 'a3911212f1457fef5f43792bbfb9ee68ee179ba09e036f2b9346357ab9b0b715'}, 'dob': {'date': '1945-06-08T19:47:25.088Z', 'age': 78}, 'registered': {'date': '2005-04-03T22:02:35.030Z', 'age': 18}, 'phone': '(856) 595-1962', 'cell': '(625) 431-6005', 'id': {'name': 'SSN', 'value': '117-96-0331'}, 'picture': {'large': 'https://randomuser.me/api/portraits/men/10.jpg', 'medium': 'https://randomuser.me/api/portraits/med/men/10.jpg', 'thumbnail': 'https://randomuser.me/api/portraits/thumb/men/10.jpg'}, 'nat': 'US'}</msg>
<arg>${json_data['results'][0]}</arg>
<doc>Logs the given message with the given level.</doc>
<status status="PASS" start="2024-03-24T08:15:42.467382" elapsed="0.000414"/>
</kw>
<kw name="Log" owner="BuiltIn">
<msg time="2024-03-24T08:15:42.468220" level="INFO">location</msg>
<arg>${key}</arg>
<doc>Logs the given message with the given level.</doc>
<status status="PASS" start="2024-03-24T08:15:42.468094" elapsed="0.000164"/>
</kw>
<var name="${key}">location</var>
<status status="PASS" start="2024-03-24T08:15:42.466544" elapsed="0.001974"/>
</iter>
<iter>
<kw name="Dictionary Should Contain Key" owner="Collections">
<msg time="2024-03-24T08:15:42.469197" level="INFO">False</msg>
<arg>${json_data['results'][0]}</arg>
<arg>${key}</arg>
<doc>Fails if ``key`` is not found from ``dictionary``.</doc>
<status status="PASS" start="2024-03-24T08:15:42.468812" elapsed="0.000424"/>
</kw>
<kw name="Log" owner="BuiltIn">
<msg time="2024-03-24T08:15:42.469906" level="INFO">{'gender': 'male', 'name': {'title': 'Mr', 'first': 'Roger', 'last': 'Fields'}, 'location': {'street': {'number': 7052, 'name': 'Locust Rd'}, 'city': 'Salt Lake City', 'state': 'Montana', 'country': 'United States', 'postcode': 49925, 'coordinates': {'latitude': '83.1082', 'longitude': '-166.4489'}, 'timezone': {'offset': '0:00', 'description': 'Western Europe Time, London, Lisbon, Casablanca'}}, 'email': 'roger.fields@example.com', 'login': {'uuid': 'd37b7c87-0ffc-420c-b5f8-1021d8a7f82f', 'username': 'yellowleopard179', 'password': 'fright', 'salt': 'd77XldWR', 'md5': 'ee47459dd714732ce05cfb3aa8ad04b7', 'sha1': '0f9492edb7df8edb9b845eb0b0e0d99a7a76d31a', 'sha256': 'a3911212f1457fef5f43792bbfb9ee68ee179ba09e036f2b9346357ab9b0b715'}, 'dob': {'date': '1945-06-08T19:47:25.088Z', 'age': 78}, 'registered': {'date': '2005-04-03T22:02:35.030Z', 'age': 18}, 'phone': '(856) 595-1962', 'cell': '(625) 431-6005', 'id': {'name': 'SSN', 'value': '117-96-0331'}, 'picture': {'large': 'https://randomuser.me/api/portraits/men/10.jpg', 'medium': 'https://randomuser.me/api/portraits/med/men/10.jpg', 'thumbnail': 'https://randomuser.me/api/portraits/thumb/men/10.jpg'}, 'nat': 'US'}</msg>
<arg>${json_data['results'][0]}</arg>
<doc>Logs the given message with the given level.</doc>
<status status="PASS" start="2024-03-24T08:15:42.469536" elapsed="0.000417"/>
</kw>
<kw name="Log" owner="BuiltIn">
<msg time="2024-03-24T08:15:42.470373" level="INFO">email</msg>
<arg>${key}</arg>
<doc>Logs the given message with the given level.</doc>
<status status="PASS" start="2024-03-24T08:15:42.470246" elapsed="0.000165"/>
</kw>
<var name="${key}">email</var>
<status status="PASS" start="2024-03-24T08:15:42.468698" elapsed="0.001929"/>
</iter>
<iter>
<kw name="Dictionary Should Contain Key" owner="Collections">
<msg time="2024-03-24T08:15:42.471321" level="INFO">False</msg>
<arg>${json_data['results'][0]}</arg>
<arg>${key}</arg>
<doc>Fails if ``key`` is not found from ``dictionary``.</doc>
<status status="PASS" start="2024-03-24T08:15:42.470909" elapsed="0.000451"/>
</kw>
<kw name="Log" owner="BuiltIn">
<msg time="2024-03-24T08:15:42.472014" level="INFO">{'gender': 'male', 'name': {'title': 'Mr', 'first': 'Roger', 'last': 'Fields'}, 'location': {'street': {'number': 7052, 'name': 'Locust Rd'}, 'city': 'Salt Lake City', 'state': 'Montana', 'country': 'United States', 'postcode': 49925, 'coordinates': {'latitude': '83.1082', 'longitude': '-166.4489'}, 'timezone': {'offset': '0:00', 'description': 'Western Europe Time, London, Lisbon, Casablanca'}}, 'email': 'roger.fields@example.com', 'login': {'uuid': 'd37b7c87-0ffc-420c-b5f8-1021d8a7f82f', 'username': 'yellowleopard179', 'password': 'fright', 'salt': 'd77XldWR', 'md5': 'ee47459dd714732ce05cfb3aa8ad04b7', 'sha1': '0f9492edb7df8edb9b845eb0b0e0d99a7a76d31a', 'sha256': 'a3911212f1457fef5f43792bbfb9ee68ee179ba09e036f2b9346357ab9b0b715'}, 'dob': {'date': '1945-06-08T19:47:25.088Z', 'age': 78}, 'registered': {'date': '2005-04-03T22:02:35.030Z', 'age': 18}, 'phone': '(856) 595-1962', 'cell': '(625) 431-6005', 'id': {'name': 'SSN', 'value': '117-96-0331'}, 'picture': {'large': 'https://randomuser.me/api/portraits/men/10.jpg', 'medium': 'https://randomuser.me/api/portraits/med/men/10.jpg', 'thumbnail': 'https://randomuser.me/api/portraits/thumb/men/10.jpg'}, 'nat': 'US'}</msg>
<arg>${json_data['results'][0]}</arg>
<doc>Logs the given message with the given level.</doc>
<status status="PASS" start="2024-03-24T08:15:42.471655" elapsed="0.000406"/>
</kw>
<kw name="Log" owner="BuiltIn">
<msg time="2024-03-24T08:15:42.472507" level="INFO">login</msg>
<arg>${key}</arg>
<doc>Logs the given message with the given level.</doc>
<status status="PASS" start="2024-03-24T08:15:42.472357" elapsed="0.000328"/>
</kw>
<var name="${key}">login</var>
<status status="PASS" start="2024-03-24T08:15:42.470799" elapsed="0.002115"/>
</iter>
<var>${key}</var>
<value>@{expected_keys}</value>
<status status="PASS" start="2024-03-24T08:15:42.461945" elapsed="0.011092"/>
</for>
<kw name="Create List" owner="BuiltIn">
<msg time="2024-03-24T08:15:42.473367" level="INFO">${expected_keysTwo} = ['username', 'password']</msg>
<var>${expected_keysTwo}</var>
<arg>username</arg>
<arg>password</arg>
<doc>Returns a list containing given items.</doc>
<status status="PASS" start="2024-03-24T08:15:42.473230" elapsed="0.000162"/>
</kw>
<for flavor="IN">
<iter>
<kw name="Dictionary Should Contain Key" owner="Collections">
<msg time="2024-03-24T08:15:42.474271" level="INFO">False</msg>
<arg>${json_data['results'][0]['login']}</arg>
<arg>${keyTwo}</arg>
<doc>Fails if ``key`` is not found from ``dictionary``.</doc>
<status status="PASS" start="2024-03-24T08:15:42.473888" elapsed="0.000420"/>
</kw>
<kw name="Dictionary Should Contain Key" owner="Collections">
<msg time="2024-03-24T08:15:42.474983" level="INFO">False</msg>
<arg>${json_data['results'][0]['login']}</arg>
<arg>${keyTwo}</arg>
<doc>Fails if ``key`` is not found from ``dictionary``.</doc>
<status status="PASS" start="2024-03-24T08:15:42.474603" elapsed="0.000419"/>
</kw>
<kw name="Log" owner="BuiltIn">
<msg time="2024-03-24T08:15:42.475446" level="INFO">username</msg>
<arg>${keyTwo}</arg>
<doc>Logs the given message with the given level.</doc>
<status status="PASS" start="2024-03-24T08:15:42.475320" elapsed="0.000163"/>
</kw>
<var name="${keyTwo}">username</var>
<status status="PASS" start="2024-03-24T08:15:42.473777" elapsed="0.001921"/>
</iter>
<iter>
<kw name="Dictionary Should Contain Key" owner="Collections">
<msg time="2024-03-24T08:15:42.476356" level="INFO">False</msg>
<arg>${json_data['results'][0]['login']}</arg>
<arg>${keyTwo}</arg>
<doc>Fails if ``key`` is not found from ``dictionary``.</doc>
<status status="PASS" start="2024-03-24T08:15:42.475977" elapsed="0.000435"/>
</kw>
<kw name="Dictionary Should Contain Key" owner="Collections">
<msg time="2024-03-24T08:15:42.477089" level="INFO">False</msg>
<arg>${json_data['results'][0]['login']}</arg>
<arg>${keyTwo}</arg>
<doc>Fails if ``key`` is not found from ``dictionary``.</doc>
<status status="PASS" start="2024-03-24T08:15:42.476710" elapsed="0.000415"/>
</kw>
<kw name="Log" owner="BuiltIn">
<msg time="2024-03-24T08:15:42.477542" level="INFO">password</msg>
<arg>${keyTwo}</arg>
<doc>Logs the given message with the given level.</doc>
<status status="PASS" start="2024-03-24T08:15:42.477415" elapsed="0.000165"/>
</kw>
<var name="${keyTwo}">password</var>
<status status="PASS" start="2024-03-24T08:15:42.475869" elapsed="0.001926"/>
</iter>
<var>${keyTwo}</var>
<value>@{expected_keysTwo}</value>
<status status="PASS" start="2024-03-24T08:15:42.473628" elapsed="0.004288"/>
</for>
<status status="PASS" start="2024-03-24T08:15:42.361601" elapsed="0.116459"/>
</kw>
<doc>Testa a estrutura da resposta da API.</doc>
<tag>testeEstruturaResposta</tag>
<status status="PASS" start="2024-03-24T08:15:42.360833" elapsed="0.117401"/>
</test>
<test id="s1-s1-t4" name="Validar tipos de dados" line="28">
<kw name="Teste de Tipos de Dados" owner="random-user-service">
<kw name="GET On Session" owner="RequestsLibrary">
<msg time="2024-03-24T08:15:42.578456" level="INFO">GET Request : url=https://randomuser.me/api 
 path_url=/api 
 headers={'User-Agent': 'python-requests/2.31.0', 'Accept-Encoding': 'gzip, deflate', 'Accept': '*/*', 'Connection': 'keep-alive'} 
 body=None 
 </msg>
<msg time="2024-03-24T08:15:42.578565" level="INFO">GET Response : url=https://randomuser.me/api 
 status=200, reason=OK 
 headers={'Date': 'Sun, 24 Mar 2024 08:15:42 GMT', 'Content-Type': 'application/json; charset=utf-8', 'Transfer-Encoding': 'chunked', 'Connection': 'keep-alive', 'X-Powered-By': 'Express', 'Access-Control-Allow-Origin': '*', 'Cache-Control': 'no-cache', 'ETag': 'W/"49a-cUGuy4JEn4/L9gBsdtJrKv5u5/A"', 'Vary': 'Accept-Encoding', 'Content-Encoding': 'gzip', 'CF-Cache-Status': 'DYNAMIC', 'Report-To': '{"endpoints":[{"url":"https:\\/\\/a.nel.cloudflare.com\\/report\\/v4?s=2e0Fr5GkE1lIU1dA81VbEcO4TkFbqzSCEvPBQyy9MvwlvCYMvs8szG4u9FvEibiDfUZfqKzb6EyyQ%2F3WMPKQIS1hi78eY0RaSrkAKeL8RyRb7LO2ZBK8vM8AHQC3H6oJ"}],"group":"cf-nel","max_age":604800}', 'NEL': '{"success_fraction":0,"report_to":"cf-nel","max_age":604800}', 'Server': 'cloudflare', 'CF-RAY': '8695370288672f6b-LAX', 'alt-svc': 'h3=":443"; ma=86400'} 
 body={"results":[{"gender":"female","name":{"title":"Ms","first":"Luisa","last":"Montero"},"location":{"street":{"number":4981,"name":"Avenida de Andalucía"},"city":"Oviedo","state":"Melilla","country":"Spain","postcode":33881,"coordinates":{"latitude":"-31.3409","longitude":"83.8359"},"timezone":{"offset":"+10:00","description":"Eastern Australia, Guam, Vladivostok"}},"email":"luisa.montero@example.com","login":{"uuid":"89fe70ad-4e42-4605-ad70-98b2fe3a52a6","username":"beautifullion561","password":"inferno","salt":"5siyaw6Y","md5":"297ef5b6f1da1b40f444e30762328f3a","sha1":"e79dbde8c42d280c6236c3bb2b2af31984595d24","sha256":"274681f259f2e4462e4021eb091f80b80e69808c9aaad2c62c1140da81e8946b"},"dob":{"date":"1984-03-08T03:32:37.179Z","age":40},"registered":{"date":"2004-11-18T23:04:47.543Z","age":19},"phone":"992-631-642","cell":"648-741-669","id":{"name":"DNI","value":"18548416-C"},"picture":{"large":"https://randomuser.me/api/portraits/women/96.jpg","medium":"https://randomuser.me/api/portraits/med/women/96.jpg","thumbnail":"https://randomuser.me/api/portraits/thumb/women/96.jpg"},"nat":"ES"}],"info":{"seed":"7340ab6c82fc52d7","results":1,"page":1,"version":"1.4"}} 
 </msg>
<msg time="2024-03-24T08:15:42.578649" level="INFO">/opt/hostedtoolcache/Python/3.12.2/x64/lib/python3.12/site-packages/urllib3/connectionpool.py:1103: InsecureRequestWarning: Unverified HTTPS request is being made to host 'randomuser.me'. Adding certificate verification is strongly advised. See: https://urllib3.readthedocs.io/en/latest/advanced-usage.html#tls-warnings
  warnings.warn(</msg>
<msg time="2024-03-24T08:15:42.578787" level="INFO">${response} = &lt;Response [200]&gt;</msg>
<var>${response}</var>
<arg>consultarAPI</arg>
<arg>/api</arg>
<doc>Sends a GET request on a previously created HTTP Session.</doc>
<status status="PASS" start="2024-03-24T08:15:42.480850" elapsed="0.097978"/>
</kw>
<kw name="Set Variable" owner="BuiltIn">
<msg time="2024-03-24T08:15:42.580090" level="INFO">${json_data} = {'results': [{'gender': 'female', 'name': {'title': 'Ms', 'first': 'Luisa', 'last': 'Montero'}, 'location': {'street': {'number': 4981, 'name': 'Avenida de Andalucía'}, 'city': 'Oviedo', 'state': 'Mel...</msg>
<var>${json_data}</var>
<arg>${response.json()}</arg>
<doc>Returns the given values which can then be assigned to a variables.</doc>
<status status="PASS" start="2024-03-24T08:15:42.579470" elapsed="0.000650"/>
</kw>
<kw name="Log" owner="BuiltIn">
<msg time="2024-03-24T08:15:42.580650" level="INFO">{'results': [{'gender': 'female', 'name': {'title': 'Ms', 'first': 'Luisa', 'last': 'Montero'}, 'location': {'street': {'number': 4981, 'name': 'Avenida de Andalucía'}, 'city': 'Oviedo', 'state': 'Melilla', 'country': 'Spain', 'postcode': 33881, 'coordinates': {'latitude': '-31.3409', 'longitude': '83.8359'}, 'timezone': {'offset': '+10:00', 'description': 'Eastern Australia, Guam, Vladivostok'}}, 'email': 'luisa.montero@example.com', 'login': {'uuid': '89fe70ad-4e42-4605-ad70-98b2fe3a52a6', 'username': 'beautifullion561', 'password': 'inferno', 'salt': '5siyaw6Y', 'md5': '297ef5b6f1da1b40f444e30762328f3a', 'sha1': 'e79dbde8c42d280c6236c3bb2b2af31984595d24', 'sha256': '274681f259f2e4462e4021eb091f80b80e69808c9aaad2c62c1140da81e8946b'}, 'dob': {'date': '1984-03-08T03:32:37.179Z', 'age': 40}, 'registered': {'date': '2004-11-18T23:04:47.543Z', 'age': 19}, 'phone': '992-631-642', 'cell': '648-741-669', 'id': {'name': 'DNI', 'value': '18548416-C'}, 'picture': {'large': 'https://randomuser.me/api/portraits/women/96.jpg', 'medium': 'https://randomuser.me/api/portraits/med/women/96.jpg', 'thumbnail': 'https://randomuser.me/api/portraits/thumb/women/96.jpg'}, 'nat': 'ES'}], 'info': {'seed': '7340ab6c82fc52d7', 'results': 1, 'page': 1, 'version': '1.4'}}</msg>
<arg>${json_data}</arg>
<doc>Logs the given message with the given level.</doc>
<status status="PASS" start="2024-03-24T08:15:42.580477" elapsed="0.000263"/>
</kw>
<kw name="Should Be String" owner="String">
<arg>${json_data['results'][0]['gender']}</arg>
<doc>Fails if the given ``item`` is not a string.</doc>
<status status="PASS" start="2024-03-24T08:15:42.581045" elapsed="0.000362"/>
</kw>
<kw name="Should Match Regexp" owner="BuiltIn">
<arg>${json_data['results'][0]['email']}</arg>
<arg>^[a-zA-Z0-9._%+-]+@[a-zA-Z0-9.-]+\.[a-zA-Z]{2,}$</arg>
<doc>Fails if ``string`` does not match ``pattern`` as a regular expression.</doc>
<status status="PASS" start="2024-03-24T08:15:42.581603" elapsed="0.000531"/>
</kw>
<kw name="Should Match Regexp" owner="BuiltIn">
<arg>${json_data['results'][0]['dob']['date']}</arg>
<arg>\\d{4}-\\d{2}-\\d{2}T\\d{2}:\\d{2}:\\d{2}\\.\\d{3}Z</arg>
<doc>Fails if ``string`` does not match ``pattern`` as a regular expression.</doc>
<status status="PASS" start="2024-03-24T08:15:42.582340" elapsed="0.000479"/>
</kw>
<kw name="Should Match Regexp" owner="BuiltIn">
<arg>${json_data['results'][0]['registered']['date']}</arg>
<arg>\\d{4}-\\d{2}-\\d{2}T\\d{2}:\\d{2}:\\d{2}\\.\\d{3}Z</arg>
<doc>Fails if ``string`` does not match ``pattern`` as a regular expression.</doc>
<status status="PASS" start="2024-03-24T08:15:42.583011" elapsed="0.000369"/>
</kw>
<kw name="Should Match Regexp" owner="BuiltIn">
<arg>${json_data['results'][0]['picture']['large']}</arg>
<arg>^https?://.*\.(?:png|jpe?g|gif|bmp)$</arg>
<doc>Fails if ``string`` does not match ``pattern`` as a regular expression.</doc>
<status status="PASS" start="2024-03-24T08:15:42.583567" elapsed="0.000458"/>
</kw>
<kw name="Should Match Regexp" owner="BuiltIn">
<arg>${json_data['results'][0]['picture']['medium']}</arg>
<arg>^https?://.*\.(?:png|jpe?g|gif|bmp)$</arg>
<doc>Fails if ``string`` does not match ``pattern`` as a regular expression.</doc>
<status status="PASS" start="2024-03-24T08:15:42.584215" elapsed="0.000390"/>
</kw>
<kw name="Should Match Regexp" owner="BuiltIn">
<arg>${json_data['results'][0]['picture']['thumbnail']}</arg>
<arg>^https?://.*\.(?:png|jpe?g|gif|bmp)$</arg>
<doc>Fails if ``string`` does not match ``pattern`` as a regular expression.</doc>
<status status="PASS" start="2024-03-24T08:15:42.584796" elapsed="0.000354"/>
</kw>
<kw name="Log" owner="BuiltIn">
<msg time="2024-03-24T08:15:42.585663" level="INFO">{'large': 'https://randomuser.me/api/portraits/women/96.jpg', 'medium': 'https://randomuser.me/api/portraits/med/women/96.jpg', 'thumbnail': 'https://randomuser.me/api/portraits/thumb/women/96.jpg'}</msg>
<arg>${json_data['results'][0]['picture']}</arg>
<doc>Logs the given message with the given level.</doc>
<status status="PASS" start="2024-03-24T08:15:42.585334" elapsed="0.000376"/>
</kw>
<status status="PASS" start="2024-03-24T08:15:42.480619" elapsed="0.105351"/>
</kw>
<kw name="Teste de Tipos de Dados - Postcode" owner="random-user-service">
<kw name="GET On Session" owner="RequestsLibrary">
<msg time="2024-03-24T08:15:42.680319" level="INFO">GET Request : url=https://randomuser.me/api 
 path_url=/api 
 headers={'User-Agent': 'python-requests/2.31.0', 'Accept-Encoding': 'gzip, deflate', 'Accept': '*/*', 'Connection': 'keep-alive'} 
 body=None 
 </msg>
<msg time="2024-03-24T08:15:42.680449" level="INFO">GET Response : url=https://randomuser.me/api 
 status=200, reason=OK 
 headers={'Date': 'Sun, 24 Mar 2024 08:15:42 GMT', 'Content-Type': 'application/json; charset=utf-8', 'Transfer-Encoding': 'chunked', 'Connection': 'keep-alive', 'X-Powered-By': 'Express', 'Access-Control-Allow-Origin': '*', 'Cache-Control': 'no-cache', 'ETag': 'W/"48e-/loJ3hgG36oOJKdsgR6h6gliZUg"', 'Vary': 'Accept-Encoding', 'Content-Encoding': 'gzip', 'CF-Cache-Status': 'DYNAMIC', 'Report-To': '{"endpoints":[{"url":"https:\\/\\/a.nel.cloudflare.com\\/report\\/v4?s=s8JpnmuB1B1dUJv8ydu31FslbOO7x4MI3hVNRPXM46aWvBw4dXoFp6aDfEp3gjiavbP%2BYa1pXFpL%2F4WnPAb1ynIJr%2BXvYqA%2F2kxit7n1Ya6zvGlGVkseBJ%2B8W5DbzGir"}],"group":"cf-nel","max_age":604800}', 'NEL': '{"success_fraction":0,"report_to":"cf-nel","max_age":604800}', 'Server': 'cloudflare', 'CF-RAY': '8695370339022f6b-LAX', 'alt-svc': 'h3=":443"; ma=86400'} 
 body={"results":[{"gender":"female","name":{"title":"Ms","first":"Judith","last":"Walker"},"location":{"street":{"number":7921,"name":"Mockingbird Ln"},"city":"Hervey Bay","state":"Tasmania","country":"Australia","postcode":9897,"coordinates":{"latitude":"-87.9467","longitude":"91.6120"},"timezone":{"offset":"+2:00","description":"Kaliningrad, South Africa"}},"email":"judith.walker@example.com","login":{"uuid":"7ef8c87a-4792-4680-979b-c899fe67b99b","username":"sadpeacock563","password":"megadeth","salt":"CLkyHdKE","md5":"fc2920b90c1398f01357c14113b0c94d","sha1":"fc47bd6d36df0f80a72465ce45ccf1e9ed065a2d","sha256":"3b1734cd0f0b8da3555b8a1c9d72c8dfadac0a140a3bda00a885581a0a7b2a6c"},"dob":{"date":"1977-01-21T00:02:37.652Z","age":47},"registered":{"date":"2013-08-23T08:17:00.731Z","age":10},"phone":"08-3475-5706","cell":"0435-214-887","id":{"name":"TFN","value":"597663705"},"picture":{"large":"https://randomuser.me/api/portraits/women/95.jpg","medium":"https://randomuser.me/api/portraits/med/women/95.jpg","thumbnail":"https://randomuser.me/api/portraits/thumb/women/95.jpg"},"nat":"AU"}],"info":{"seed":"19531075b7be9a13","results":1,"page":1,"version":"1.4"}} 
 </msg>
<msg time="2024-03-24T08:15:42.680551" level="INFO">/opt/hostedtoolcache/Python/3.12.2/x64/lib/python3.12/site-packages/urllib3/connectionpool.py:1103: InsecureRequestWarning: Unverified HTTPS request is being made to host 'randomuser.me'. Adding certificate verification is strongly advised. See: https://urllib3.readthedocs.io/en/latest/advanced-usage.html#tls-warnings
  warnings.warn(</msg>
<msg time="2024-03-24T08:15:42.680681" level="INFO">${response} = &lt;Response [200]&gt;</msg>
<var>${response}</var>
<arg>consultarAPI</arg>
<arg>/api</arg>
<doc>Sends a GET request on a previously created HTTP Session.</doc>
<status status="PASS" start="2024-03-24T08:15:42.586575" elapsed="0.094156"/>
</kw>
<kw name="Set Variable" owner="BuiltIn">
<msg time="2024-03-24T08:15:42.681974" level="INFO">${json_data} = {'results': [{'gender': 'female', 'name': {'title': 'Ms', 'first': 'Judith', 'last': 'Walker'}, 'location': {'street': {'number': 7921, 'name': 'Mockingbird Ln'}, 'city': 'Hervey Bay', 'state': 'Tasma...</msg>
<var>${json_data}</var>
<arg>${response.json()}</arg>
<doc>Returns the given values which can then be assigned to a variables.</doc>
<status status="PASS" start="2024-03-24T08:15:42.681373" elapsed="0.000629"/>
</kw>
<kw name="Log" owner="BuiltIn">
<msg time="2024-03-24T08:15:42.682464" level="INFO">{'results': [{'gender': 'female', 'name': {'title': 'Ms', 'first': 'Judith', 'last': 'Walker'}, 'location': {'street': {'number': 7921, 'name': 'Mockingbird Ln'}, 'city': 'Hervey Bay', 'state': 'Tasmania', 'country': 'Australia', 'postcode': 9897, 'coordinates': {'latitude': '-87.9467', 'longitude': '91.6120'}, 'timezone': {'offset': '+2:00', 'description': 'Kaliningrad, South Africa'}}, 'email': 'judith.walker@example.com', 'login': {'uuid': '7ef8c87a-4792-4680-979b-c899fe67b99b', 'username': 'sadpeacock563', 'password': 'megadeth', 'salt': 'CLkyHdKE', 'md5': 'fc2920b90c1398f01357c14113b0c94d', 'sha1': 'fc47bd6d36df0f80a72465ce45ccf1e9ed065a2d', 'sha256': '3b1734cd0f0b8da3555b8a1c9d72c8dfadac0a140a3bda00a885581a0a7b2a6c'}, 'dob': {'date': '1977-01-21T00:02:37.652Z', 'age': 47}, 'registered': {'date': '2013-08-23T08:17:00.731Z', 'age': 10}, 'phone': '08-3475-5706', 'cell': '0435-214-887', 'id': {'name': 'TFN', 'value': '597663705'}, 'picture': {'large': 'https://randomuser.me/api/portraits/women/95.jpg', 'medium': 'https://randomuser.me/api/portraits/med/women/95.jpg', 'thumbnail': 'https://randomuser.me/api/portraits/thumb/women/95.jpg'}, 'nat': 'AU'}], 'info': {'seed': '19531075b7be9a13', 'results': 1, 'page': 1, 'version': '1.4'}}</msg>
<arg>${json_data}</arg>
<doc>Logs the given message with the given level.</doc>
<status status="PASS" start="2024-03-24T08:15:42.682309" elapsed="0.000236"/>
</kw>
<kw name="Should Be Equal As Numbers" owner="BuiltIn">
<arg>${json_data['results'][0]['location']['postcode']}</arg>
<arg>${json_data['results'][0]['location']['postcode']}</arg>
<doc>Fails if objects are unequal after converting them to real numbers.</doc>
<status status="PASS" start="2024-03-24T08:15:42.682845" elapsed="0.000628"/>
</kw>
<kw name="Log" owner="BuiltIn">
<msg time="2024-03-24T08:15:42.684001" level="INFO">9897</msg>
<arg>${json_data['results'][0]['location']['postcode']}</arg>
<doc>Logs the given message with the given level.</doc>
<status status="PASS" start="2024-03-24T08:15:42.683664" elapsed="0.000378"/>
</kw>
<status status="PASS" start="2024-03-24T08:15:42.586200" elapsed="0.098098"/>
</kw>
<doc>Testa se os tipos de dados na resposta da API estão corretos.</doc>
<tag>testeTiposDados</tag>
<status status="PASS" start="2024-03-24T08:15:42.480031" elapsed="0.204481"/>
</test>
<test id="s1-s1-t5" name="Validar conteudo" line="35">
<kw name="Teste de Tipos de Conteudo" owner="random-user-service">
<kw name="GET On Session" owner="RequestsLibrary">
<msg time="2024-03-24T08:15:42.786162" level="INFO">GET Request : url=https://randomuser.me/api 
 path_url=/api 
 headers={'User-Agent': 'python-requests/2.31.0', 'Accept-Encoding': 'gzip, deflate', 'Accept': '*/*', 'Connection': 'keep-alive'} 
 body=None 
 </msg>
<msg time="2024-03-24T08:15:42.786261" level="INFO">GET Response : url=https://randomuser.me/api 
 status=200, reason=OK 
 headers={'Date': 'Sun, 24 Mar 2024 08:15:42 GMT', 'Content-Type': 'application/json; charset=utf-8', 'Transfer-Encoding': 'chunked', 'Connection': 'keep-alive', 'X-Powered-By': 'Express', 'Access-Control-Allow-Origin': '*', 'Cache-Control': 'no-cache', 'ETag': 'W/"4a6-mdODCfy1mqUBMvyR4XbgsV/B2es"', 'Vary': 'Accept-Encoding', 'Content-Encoding': 'gzip', 'CF-Cache-Status': 'DYNAMIC', 'Report-To': '{"endpoints":[{"url":"https:\\/\\/a.nel.cloudflare.com\\/report\\/v4?s=Ist46iaWefPCvKAlxEz24iuohrHJzovN%2FwUFHg%2BksMaf3OAXZbGCEVph9AQST620Y%2FGz%2B5jzTdU%2Bp%2BHRXRO578o1MysTwkiqJd3qWR2yHVg9x%2BBjn76vEQ7OmY0ZH79Q"}],"group":"cf-nel","max_age":604800}', 'NEL': '{"success_fraction":0,"report_to":"cf-nel","max_age":604800}', 'Server': 'cloudflare', 'CF-RAY': '86953703d98c2f6b-LAX', 'alt-svc': 'h3=":443"; ma=86400'} 
 body={"results":[{"gender":"female","name":{"title":"Miss","first":"Nieves","last":"Torres"},"location":{"street":{"number":2508,"name":"Calle de La Democracia"},"city":"Torrejón de Ardoz","state":"Extremadura","country":"Spain","postcode":21653,"coordinates":{"latitude":"-36.7142","longitude":"81.6196"},"timezone":{"offset":"+9:00","description":"Tokyo, Seoul, Osaka, Sapporo, Yakutsk"}},"email":"nieves.torres@example.com","login":{"uuid":"bf1e48d9-227d-4246-a791-f1fb65ded91c","username":"bigwolf157","password":"matilda","salt":"kD3jryAD","md5":"833471ca4c4a5510972e4777f2d782cc","sha1":"6c8a2db288e4c1cb706ae33cb2d14796d9181d08","sha256":"13ea88a7105933efad0660ce6cc3a6f059b93e2354d51ff6768b7b45b07a979f"},"dob":{"date":"2000-02-15T11:42:07.486Z","age":24},"registered":{"date":"2016-09-14T22:18:01.511Z","age":7},"phone":"938-985-077","cell":"663-079-465","id":{"name":"DNI","value":"20287779-M"},"picture":{"large":"https://randomuser.me/api/portraits/women/42.jpg","medium":"https://randomuser.me/api/portraits/med/women/42.jpg","thumbnail":"https://randomuser.me/api/portraits/thumb/women/42.jpg"},"nat":"ES"}],"info":{"seed":"f2b83728ac306799","results":1,"page":1,"version":"1.4"}} 
 </msg>
<msg time="2024-03-24T08:15:42.786334" level="INFO">/opt/hostedtoolcache/Python/3.12.2/x64/lib/python3.12/site-packages/urllib3/connectionpool.py:1103: InsecureRequestWarning: Unverified HTTPS request is being made to host 'randomuser.me'. Adding certificate verification is strongly advised. See: https://urllib3.readthedocs.io/en/latest/advanced-usage.html#tls-warnings
  warnings.warn(</msg>
<msg time="2024-03-24T08:15:42.786449" level="INFO">${response} = &lt;Response [200]&gt;</msg>
<var>${response}</var>
<arg>consultarAPI</arg>
<arg>/api</arg>
<doc>Sends a GET request on a previously created HTTP Session.</doc>
<status status="PASS" start="2024-03-24T08:15:42.687761" elapsed="0.098723"/>
</kw>
<kw name="Set Variable" owner="BuiltIn">
<msg time="2024-03-24T08:15:42.787531" level="INFO">${json_data} = {'results': [{'gender': 'female', 'name': {'title': 'Miss', 'first': 'Nieves', 'last': 'Torres'}, 'location': {'street': {'number': 2508, 'name': 'Calle de La Democracia'}, 'city': 'Torrejón de Ardoz'...</msg>
<var>${json_data}</var>
<arg>${response.json()}</arg>
<doc>Returns the given values which can then be assigned to a variables.</doc>
<status status="PASS" start="2024-03-24T08:15:42.787008" elapsed="0.000552"/>
</kw>
<kw name="Set Variable" owner="BuiltIn">
<msg time="2024-03-24T08:15:42.788250" level="INFO">${name_title} = Miss</msg>
<var>${name_title}</var>
<arg>${json_data["results"][0]["name"]["title"]}</arg>
<doc>Returns the given values which can then be assigned to a variables.</doc>
<status status="PASS" start="2024-03-24T08:15:42.787864" elapsed="0.000411"/>
</kw>
<kw name="Create List" owner="BuiltIn">
<msg time="2024-03-24T08:15:42.788766" level="INFO">${allowed_titles} = ['Mr', 'Ms', 'Miss', 'Mrs', 'Madame', 'Monsieur']</msg>
<var>${allowed_titles}</var>
<arg>Mr</arg>
<arg>Ms</arg>
<arg>Miss</arg>
<arg>Mrs</arg>
<arg>Madame</arg>
<arg>Monsieur</arg>
<doc>Returns a list containing given items.</doc>
<status status="PASS" start="2024-03-24T08:15:42.788613" elapsed="0.000188"/>
</kw>
<kw name="List Should Contain Value" owner="Collections">
<msg time="2024-03-24T08:15:42.789284" level="INFO">False</msg>
<arg>${allowed_titles}</arg>
<arg>${name_title}</arg>
<doc>Fails if the ``value`` is not found from ``list``.</doc>
<status status="PASS" start="2024-03-24T08:15:42.789109" elapsed="0.000211"/>
</kw>
<kw name="Set Variable" owner="BuiltIn">
<msg time="2024-03-24T08:15:42.789982" level="INFO">${name_country} = ES</msg>
<var>${name_country}</var>
<arg>${json_data["results"][0]["nat"]}</arg>
<doc>Returns the given values which can then be assigned to a variables.</doc>
<status status="PASS" start="2024-03-24T08:15:42.789604" elapsed="0.000402"/>
</kw>
<kw name="Create List" owner="BuiltIn">
<msg time="2024-03-24T08:15:42.790910" level="INFO">${list_country} = ['AD', 'AE', 'AF', 'AG', 'AI', 'AL', 'AM', 'AO', 'AQ', 'AR', 'AS', 'AT', 'AU', 'AW', 'AX', 'AZ', 'BA', 'BB', 'BD', 'BE', 'BF', 'BG', 'BH', 'BI', 'BJ', 'BL', 'BM', 'BN', 'BO', 'BQ', 'BR', 'BS', 'BT', '...</msg>
<var>${list_country}</var>
<arg>AD</arg>
<arg>AE</arg>
<arg>AF</arg>
<arg>AG</arg>
<arg>AI</arg>
<arg>AL</arg>
<arg>AM</arg>
<arg>AO</arg>
<arg>AQ</arg>
<arg>AR</arg>
<arg>AS</arg>
<arg>AT</arg>
<arg>AU</arg>
<arg>AW</arg>
<arg>AX</arg>
<arg>AZ</arg>
<arg>BA</arg>
<arg>BB</arg>
<arg>BD</arg>
<arg>BE</arg>
<arg>BF</arg>
<arg>BG</arg>
<arg>BH</arg>
<arg>BI</arg>
<arg>BJ</arg>
<arg>BL</arg>
<arg>BM</arg>
<arg>BN</arg>
<arg>BO</arg>
<arg>BQ</arg>
<arg>BR</arg>
<arg>BS</arg>
<arg>BT</arg>
<arg>BV</arg>
<arg>BW</arg>
<arg>BY</arg>
<arg>BZ</arg>
<arg>CA</arg>
<arg>CC</arg>
<arg>CD</arg>
<arg>CF</arg>
<arg>CG</arg>
<arg>CH</arg>
<arg>CI</arg>
<arg>CK</arg>
<arg>CL</arg>
<arg>CM</arg>
<arg>CN</arg>
<arg>CO</arg>
<arg>CR</arg>
<arg>CU</arg>
<arg>CV</arg>
<arg>CW</arg>
<arg>CX</arg>
<arg>CY</arg>
<arg>CZ</arg>
<arg>DE</arg>
<arg>DJ</arg>
<arg>DK</arg>
<arg>DM</arg>
<arg>DO</arg>
<arg>DZ</arg>
<arg>EC</arg>
<arg>EE</arg>
<arg>EG</arg>
<arg>EH</arg>
<arg>ER</arg>
<arg>ES</arg>
<arg>ET</arg>
<arg>FI</arg>
<arg>FJ</arg>
<arg>FK</arg>
<arg>FM</arg>
<arg>FO</arg>
<arg>FR</arg>
<arg>GA</arg>
<arg>GB</arg>
<arg>GD</arg>
<arg>GE</arg>
<arg>GF</arg>
<arg>GG</arg>
<arg>GH</arg>
<arg>GI</arg>
<arg>GL</arg>
<arg>GM</arg>
<arg>GN</arg>
<arg>GP</arg>
<arg>GQ</arg>
<arg>GR</arg>
<arg>GS</arg>
<arg>GT</arg>
<arg>GU</arg>
<arg>GW</arg>
<arg>GY</arg>
<arg>HK</arg>
<arg>HM</arg>
<arg>HN</arg>
<arg>HR</arg>
<arg>HT</arg>
<arg>HU</arg>
<arg>ID</arg>
<arg>IE</arg>
<arg>IL</arg>
<arg>IM</arg>
<arg>IN</arg>
<arg>IO</arg>
<arg>IQ</arg>
<arg>IR</arg>
<arg>IS</arg>
<arg>IT</arg>
<arg>JE</arg>
<arg>JM</arg>
<arg>JO</arg>
<arg>JP</arg>
<arg>KE</arg>
<arg>KG</arg>
<arg>KH</arg>
<arg>KI</arg>
<arg>KM</arg>
<arg>KN</arg>
<arg>KP</arg>
<arg>KR</arg>
<arg>KW</arg>
<arg>KY</arg>
<arg>KZ</arg>
<arg>LA</arg>
<arg>LB</arg>
<arg>LC</arg>
<arg>LI</arg>
<arg>LK</arg>
<arg>LR</arg>
<arg>LS</arg>
<arg>LT</arg>
<arg>LU</arg>
<arg>LV</arg>
<arg>LY</arg>
<arg>MA</arg>
<arg>MC</arg>
<arg>MD</arg>
<arg>ME</arg>
<arg>MF</arg>
<arg>MG</arg>
<arg>MH</arg>
<arg>MK</arg>
<arg>ML</arg>
<arg>MM</arg>
<arg>MN</arg>
<arg>MO</arg>
<arg>MP</arg>
<arg>MQ</arg>
<arg>MR</arg>
<arg>MS</arg>
<arg>MT</arg>
<arg>MU</arg>
<arg>MV</arg>
<arg>MW</arg>
<arg>MX</arg>
<arg>MY</arg>
<arg>MZ</arg>
<arg>NA</arg>
<arg>NC</arg>
<arg>NE</arg>
<arg>NF</arg>
<arg>NG</arg>
<arg>NI</arg>
<arg>NL</arg>
<arg>NO</arg>
<arg>NP</arg>
<arg>NR</arg>
<arg>NU</arg>
<arg>NZ</arg>
<arg>OM</arg>
<arg>PA</arg>
<arg>PE</arg>
<arg>PF</arg>
<arg>PG</arg>
<arg>PH</arg>
<arg>PK</arg>
<arg>PL</arg>
<arg>PM</arg>
<arg>PN</arg>
<arg>PR</arg>
<arg>PS</arg>
<arg>PT</arg>
<arg>PW</arg>
<arg>PY</arg>
<arg>QA</arg>
<arg>RE</arg>
<arg>RO</arg>
<arg>RS</arg>
<arg>RU</arg>
<arg>RW</arg>
<arg>SA</arg>
<arg>SB</arg>
<arg>SC</arg>
<arg>SD</arg>
<arg>SE</arg>
<arg>SG</arg>
<arg>SH</arg>
<arg>SI</arg>
<arg>SJ</arg>
<arg>SK</arg>
<arg>SL</arg>
<arg>SM</arg>
<arg>SN</arg>
<arg>SO</arg>
<arg>SR</arg>
<arg>SS</arg>
<arg>ST</arg>
<arg>SV</arg>
<arg>SX</arg>
<arg>SY</arg>
<arg>SZ</arg>
<arg>TC</arg>
<arg>TD</arg>
<arg>TF</arg>
<arg>TG</arg>
<arg>TH</arg>
<arg>TJ</arg>
<arg>TK</arg>
<arg>TL</arg>
<arg>TM</arg>
<arg>TN</arg>
<arg>TO</arg>
<arg>TR</arg>
<arg>TT</arg>
<arg>TV</arg>
<arg>TW</arg>
<arg>TZ</arg>
<arg>UA</arg>
<arg>UG</arg>
<arg>UM</arg>
<arg>US</arg>
<arg>UY</arg>
<arg>UZ</arg>
<arg>VA</arg>
<arg>VC</arg>
<arg>VE</arg>
<arg>VG</arg>
<arg>VI</arg>
<arg>VN</arg>
<arg>VU</arg>
<arg>WF</arg>
<arg>WS</arg>
<arg>XK</arg>
<arg>YE</arg>
<arg>YT</arg>
<arg>ZA</arg>
<arg>ZM</arg>
<arg>ZW</arg>
<doc>Returns a list containing given items.</doc>
<status status="PASS" start="2024-03-24T08:15:42.790311" elapsed="0.000626"/>
</kw>
<kw name="List Should Contain Value" owner="Collections">
<msg time="2024-03-24T08:15:42.792065" level="INFO">False</msg>
<arg>${list_country}</arg>
<arg>${name_country}</arg>
<doc>Fails if the ``value`` is not found from ``list``.</doc>
<status status="PASS" start="2024-03-24T08:15:42.791853" elapsed="0.000250"/>
</kw>
<kw name="Run Keyword If" owner="BuiltIn">
<kw name="Should Be True" owner="BuiltIn">
<arg>${True}</arg>
<doc>Fails if the given condition is not true.</doc>
<status status="PASS" start="2024-03-24T08:15:42.793185" elapsed="0.000147"/>
</kw>
<arg>${json_data["results"][0]["location"]["coordinates"]["latitude"]} &gt;= -90 and ${json_data["results"][0]["location"]["coordinates"]["latitude"]} &lt;= 90</arg>
<arg>Should Be True</arg>
<arg>${True}</arg>
<doc>Runs the given keyword with the given arguments, if ``condition`` is true.</doc>
<status status="PASS" start="2024-03-24T08:15:42.792435" elapsed="0.001025"/>
</kw>
<kw name="Run Keyword If" owner="BuiltIn">
<kw name="Should Be True" owner="BuiltIn">
<arg>${True}</arg>
<doc>Fails if the given condition is not true.</doc>
<status status="PASS" start="2024-03-24T08:15:42.794345" elapsed="0.000139"/>
</kw>
<arg>${json_data["results"][0]["location"]["coordinates"]["longitude"]} &gt;= -180 and ${json_data["results"][0]["location"]["coordinates"]["longitude"]} &lt;= 180</arg>
<arg>Should Be True</arg>
<arg>${True}</arg>
<doc>Runs the given keyword with the given arguments, if ``condition`` is true.</doc>
<status status="PASS" start="2024-03-24T08:15:42.793646" elapsed="0.000964"/>
</kw>
<status status="PASS" start="2024-03-24T08:15:42.687382" elapsed="0.107365"/>
</kw>
<doc>Testa o conteúdo específico dos campos retornados pela API.</doc>
<tag>testeConteudo</tag>
<status status="PASS" start="2024-03-24T08:15:42.686655" elapsed="0.108249"/>
</test>
<status status="PASS" start="2024-03-24T08:15:41.761822" elapsed="1.035085"/>
</suite>
<status status="PASS" start="2024-03-24T08:15:41.748084" elapsed="1.054206"/>
</suite>
<statistics>
<total>
<stat pass="5" fail="0" skip="0">All Tests</stat>
</total>
<tag>
<stat pass="1" fail="0" skip="0">testeConteudo</stat>
<stat pass="1" fail="0" skip="0">testeEstruturaResposta</stat>
<stat pass="1" fail="0" skip="0">testeRequisicaoBasica</stat>
<stat pass="1" fail="0" skip="0">testeTiposDados</stat>
</tag>
<suite>
<stat pass="5" fail="0" skip="0" id="s1" name="Tests">Tests</stat>
<stat pass="5" fail="0" skip="0" id="s1-s1" name="Random-User-Test">Tests.Random-User-Test</stat>
</suite>
</statistics>
<errors>
</errors>
</robot>
