<?xml version="1.0" encoding="UTF-8"?>
<robot generator="Robot 7.0 (Python 3.12.3 on linux)" generated="2024-05-03T19:11:36.661437" rpa="false" schemaversion="5">
<suite id="s1" name="Tests" source="/home/runner/work/DesafioQAItauRogerioJordao/DesafioQAItauRogerioJordao/RamdonUser/tests">
<suite id="s1-s1" name="Random-User-Test" source="/home/runner/work/DesafioQAItauRogerioJordao/DesafioQAItauRogerioJordao/RamdonUser/tests/random-user-test.robot">
<test id="s1-s1-t1" name="Conectar" line="13">
<kw name="Conectar API" owner="random-user-service">
<kw name="Create Session" owner="RequestsLibrary">
<msg time="2024-05-03T19:11:37.032196" level="INFO">Creating Session using : alias=consultarAPI, url=https://randomuser.me/, headers={},                     cookies={}, auth=None, timeout=None, proxies=None, verify=False,                     debug=0 </msg>
<arg>consultarAPI</arg>
<arg>${URL}</arg>
<doc>Create Session: create a HTTP session to a server</doc>
<status status="PASS" start="2024-05-03T19:11:37.031982" elapsed="0.000417"/>
</kw>
<status status="PASS" start="2024-05-03T19:11:37.030925" elapsed="0.001857"/>
</kw>
<status status="PASS" start="2024-05-03T19:11:37.030304" elapsed="0.002682"/>
</test>
<test id="s1-s1-t2" name="Validar retorno 200 e JSON Válido" line="16">
<kw name="Teste de Requisicao Basica" owner="random-user-service">
<kw name="GET On Session" owner="RequestsLibrary">
<msg time="2024-05-03T19:11:37.245056" level="INFO">GET Request : url=https://randomuser.me/api 
 path_url=/api 
 headers={'User-Agent': 'python-requests/2.31.0', 'Accept-Encoding': 'gzip, deflate', 'Accept': '*/*', 'Connection': 'keep-alive'} 
 body=None 
 </msg>
<msg time="2024-05-03T19:11:37.245220" level="INFO">GET Response : url=https://randomuser.me/api 
 status=200, reason=OK 
 headers={'Date': 'Fri, 03 May 2024 19:11:37 GMT', 'Content-Type': 'application/json; charset=utf-8', 'Transfer-Encoding': 'chunked', 'Connection': 'keep-alive', 'X-Powered-By': 'Express', 'Access-Control-Allow-Origin': '*', 'Cache-Control': 'no-cache', 'ETag': 'W/"482-z7hSSfK7po++/hqcVpCedgNL8bs"', 'Vary': 'Accept-Encoding', 'Content-Encoding': 'gzip', 'CF-Cache-Status': 'DYNAMIC', 'Report-To': '{"endpoints":[{"url":"https:\\/\\/a.nel.cloudflare.com\\/report\\/v4?s=5I5Hf4%2BQzGw9RV1hlXhtTF6h%2BSlTiYBK7vWoRXcw9Z8JKBipgMuNA%2BBYtYgP%2BAthl97loddsamB5ChXwCsJESHtI3GgWlXZ5NYerstKecixjdRl49vPeP0GbIDERkZHe"}],"group":"cf-nel","max_age":604800}', 'NEL': '{"success_fraction":0,"report_to":"cf-nel","max_age":604800}', 'Server': 'cloudflare', 'CF-RAY': '87e28ed16bf710ee-ORD', 'alt-svc': 'h3=":443"; ma=86400'} 
 body={"results":[{"gender":"male","name":{"title":"Mr","first":"Goran","last":"Vidić"},"location":{"street":{"number":8452,"name":"Dvadesetog Oktob"},"city":"Prokuplje","state":"South Banat","country":"Serbia","postcode":67992,"coordinates":{"latitude":"60.8918","longitude":"-0.6937"},"timezone":{"offset":"-8:00","description":"Pacific Time (US &amp; Canada)"}},"email":"goran.vidic@example.com","login":{"uuid":"4e2d3aca-9fd1-42d4-b6ba-91529ffd9258","username":"silvermouse612","password":"gong","salt":"K9ZgkZtS","md5":"ee5a159ba16378d2dcec35075062a842","sha1":"b1aae0d43452fad9e702a2fd05e8b586d2ab9d21","sha256":"ba0c885b1c6f254380513e1e77b9f67c16f7e8b4cdce556558c9f6759ad52cb2"},"dob":{"date":"1949-09-27T01:30:28.410Z","age":74},"registered":{"date":"2009-06-19T11:41:37.200Z","age":14},"phone":"029-9861-358","cell":"069-1828-890","id":{"name":"SID","value":"907468126"},"picture":{"large":"https://randomuser.me/api/portraits/men/18.jpg","medium":"https://randomuser.me/api/portraits/med/men/18.jpg","thumbnail":"https://randomuser.me/api/portraits/thumb/men/18.jpg"},"nat":"RS"}],"info":{"seed":"1fe91c31ead6f09a","results":1,"page":1,"version":"1.4"}} 
 </msg>
<msg time="2024-05-03T19:11:37.245313" level="INFO">/opt/hostedtoolcache/Python/3.12.3/x64/lib/python3.12/site-packages/urllib3/connectionpool.py:1103: InsecureRequestWarning: Unverified HTTPS request is being made to host 'randomuser.me'. Adding certificate verification is strongly advised. See: https://urllib3.readthedocs.io/en/latest/advanced-usage.html#tls-warnings
  warnings.warn(</msg>
<msg time="2024-05-03T19:11:37.245480" level="INFO">${response} = &lt;Response [200]&gt;</msg>
<var>${response}</var>
<arg>consultarAPI</arg>
<arg>/api</arg>
<doc>Sends a GET request on a previously created HTTP Session.</doc>
<status status="PASS" start="2024-05-03T19:11:37.035665" elapsed="0.209858"/>
</kw>
<kw name="Should Be Equal As Numbers" owner="BuiltIn">
<msg time="2024-05-03T19:11:37.246588" level="INFO">Argument types are:
&lt;class 'int'&gt;
&lt;class 'str'&gt;</msg>
<arg>${response.status_code}</arg>
<arg>200</arg>
<doc>Fails if objects are unequal after converting them to real numbers.</doc>
<status status="PASS" start="2024-05-03T19:11:37.246117" elapsed="0.000538"/>
</kw>
<kw name="Log" owner="BuiltIn">
<msg time="2024-05-03T19:11:37.247346" level="INFO">200</msg>
<arg>${response.status_code}</arg>
<doc>Logs the given message with the given level.</doc>
<status status="PASS" start="2024-05-03T19:11:37.246990" elapsed="0.000398"/>
</kw>
<kw name="Set Variable" owner="BuiltIn">
<msg time="2024-05-03T19:11:37.248175" level="INFO">${json_data} = {'results': [{'gender': 'male', 'name': {'title': 'Mr', 'first': 'Goran', 'last': 'Vidić'}, 'location': {'street': {'number': 8452, 'name': 'Dvadesetog Oktob'}, 'city': 'Prokuplje', 'state': 'South Ba...</msg>
<var>${json_data}</var>
<arg>${response.json()}</arg>
<doc>Returns the given values which can then be assigned to a variables.</doc>
<status status="PASS" start="2024-05-03T19:11:37.247717" elapsed="0.000490"/>
</kw>
<kw name="Dictionary Should Contain Key" owner="Collections">
<msg time="2024-05-03T19:11:37.248698" level="INFO">False</msg>
<arg>${json_data}</arg>
<arg>results</arg>
<doc>Fails if ``key`` is not found from ``dictionary``.</doc>
<status status="PASS" start="2024-05-03T19:11:37.248524" elapsed="0.000214"/>
</kw>
<status status="PASS" start="2024-05-03T19:11:37.035417" elapsed="0.213584"/>
</kw>
<doc>Testa se a API responde corretamente e retorna um objeto JSON válido.</doc>
<tag>testeRequisicaoBasica</tag>
<status status="PASS" start="2024-05-03T19:11:37.034888" elapsed="0.214301"/>
</test>
<test id="s1-s1-t3" name="Validar estrutura de resposta" line="22">
<kw name="Teste de Estrutura de Resposta" owner="random-user-service">
<kw name="GET On Session" owner="RequestsLibrary">
<msg time="2024-05-03T19:11:37.339179" level="INFO">GET Request : url=https://randomuser.me/api 
 path_url=/api 
 headers={'User-Agent': 'python-requests/2.31.0', 'Accept-Encoding': 'gzip, deflate', 'Accept': '*/*', 'Connection': 'keep-alive'} 
 body=None 
 </msg>
<msg time="2024-05-03T19:11:37.339286" level="INFO">GET Response : url=https://randomuser.me/api 
 status=200, reason=OK 
 headers={'Date': 'Fri, 03 May 2024 19:11:37 GMT', 'Content-Type': 'application/json; charset=utf-8', 'Transfer-Encoding': 'chunked', 'Connection': 'keep-alive', 'X-Powered-By': 'Express', 'Access-Control-Allow-Origin': '*', 'Cache-Control': 'no-cache', 'ETag': 'W/"479-Acm8ZbQG9Mlzj17AY3O80qctGzY"', 'Vary': 'Accept-Encoding', 'Content-Encoding': 'gzip', 'CF-Cache-Status': 'DYNAMIC', 'Report-To': '{"endpoints":[{"url":"https:\\/\\/a.nel.cloudflare.com\\/report\\/v4?s=wXfNqU5gfx%2FUmyyZ5e%2FBmx1Hqh2GjSsH1QjnBNaTGgIV9F4IT1NAEU7UabWsaXWvkO0mMVk88RowvI3170vkk39b5hAsCTxzRZXn1US72qsHt6Dpu9gBvrq5LgGNN%2Fcq"}],"group":"cf-nel","max_age":604800}', 'NEL': '{"success_fraction":0,"report_to":"cf-nel","max_age":604800}', 'Server': 'cloudflare', 'CF-RAY': '87e28ed1dc8210ee-ORD', 'alt-svc': 'h3=":443"; ma=86400'} 
 body={"results":[{"gender":"male","name":{"title":"Mr","first":"Ilija","last":"Rieger"},"location":{"street":{"number":2808,"name":"Schillerstraße"},"city":"Rastenberg","state":"Sachsen","country":"Germany","postcode":29076,"coordinates":{"latitude":"-55.6445","longitude":"-78.8103"},"timezone":{"offset":"-10:00","description":"Hawaii"}},"email":"ilija.rieger@example.com","login":{"uuid":"7b14dbc3-4f03-4fc0-a81f-a755bebb2fa5","username":"beautifulzebra702","password":"kiwi","salt":"r7bp7Wa5","md5":"ac77e5418b55b208401b551782704e6b","sha1":"050d3bb413e9ded2f1deb220cced791f867de98b","sha256":"b8f72a987d113b13c39d50690105be4065f28a0be5280eebbeb846d9e35d1e5f"},"dob":{"date":"1970-10-04T14:13:52.302Z","age":53},"registered":{"date":"2009-07-06T07:44:19.534Z","age":14},"phone":"0797-7196385","cell":"0178-1427529","id":{"name":"SVNR","value":"44 041070 R 041"},"picture":{"large":"https://randomuser.me/api/portraits/men/34.jpg","medium":"https://randomuser.me/api/portraits/med/men/34.jpg","thumbnail":"https://randomuser.me/api/portraits/thumb/men/34.jpg"},"nat":"DE"}],"info":{"seed":"13820da392cabf64","results":1,"page":1,"version":"1.4"}} 
 </msg>
<msg time="2024-05-03T19:11:37.339427" level="INFO">/opt/hostedtoolcache/Python/3.12.3/x64/lib/python3.12/site-packages/urllib3/connectionpool.py:1103: InsecureRequestWarning: Unverified HTTPS request is being made to host 'randomuser.me'. Adding certificate verification is strongly advised. See: https://urllib3.readthedocs.io/en/latest/advanced-usage.html#tls-warnings
  warnings.warn(</msg>
<msg time="2024-05-03T19:11:37.339579" level="INFO">${response} = &lt;Response [200]&gt;</msg>
<var>${response}</var>
<arg>consultarAPI</arg>
<arg>/api</arg>
<doc>Sends a GET request on a previously created HTTP Session.</doc>
<status status="PASS" start="2024-05-03T19:11:37.251851" elapsed="0.087771"/>
</kw>
<kw name="Set Variable" owner="BuiltIn">
<msg time="2024-05-03T19:11:37.340756" level="INFO">${json_data} = {'results': [{'gender': 'male', 'name': {'title': 'Mr', 'first': 'Ilija', 'last': 'Rieger'}, 'location': {'street': {'number': 2808, 'name': 'Schillerstraße'}, 'city': 'Rastenberg', 'state': 'Sachsen'...</msg>
<var>${json_data}</var>
<arg>${response.json()}</arg>
<doc>Returns the given values which can then be assigned to a variables.</doc>
<status status="PASS" start="2024-05-03T19:11:37.340201" elapsed="0.000586"/>
</kw>
<kw name="Log" owner="BuiltIn">
<msg time="2024-05-03T19:11:37.341294" level="INFO">{'results': [{'gender': 'male', 'name': {'title': 'Mr', 'first': 'Ilija', 'last': 'Rieger'}, 'location': {'street': {'number': 2808, 'name': 'Schillerstraße'}, 'city': 'Rastenberg', 'state': 'Sachsen', 'country': 'Germany', 'postcode': 29076, 'coordinates': {'latitude': '-55.6445', 'longitude': '-78.8103'}, 'timezone': {'offset': '-10:00', 'description': 'Hawaii'}}, 'email': 'ilija.rieger@example.com', 'login': {'uuid': '7b14dbc3-4f03-4fc0-a81f-a755bebb2fa5', 'username': 'beautifulzebra702', 'password': 'kiwi', 'salt': 'r7bp7Wa5', 'md5': 'ac77e5418b55b208401b551782704e6b', 'sha1': '050d3bb413e9ded2f1deb220cced791f867de98b', 'sha256': 'b8f72a987d113b13c39d50690105be4065f28a0be5280eebbeb846d9e35d1e5f'}, 'dob': {'date': '1970-10-04T14:13:52.302Z', 'age': 53}, 'registered': {'date': '2009-07-06T07:44:19.534Z', 'age': 14}, 'phone': '0797-7196385', 'cell': '0178-1427529', 'id': {'name': 'SVNR', 'value': '44 041070 R 041'}, 'picture': {'large': 'https://randomuser.me/api/portraits/men/34.jpg', 'medium': 'https://randomuser.me/api/portraits/med/men/34.jpg', 'thumbnail': 'https://randomuser.me/api/portraits/thumb/men/34.jpg'}, 'nat': 'DE'}], 'info': {'seed': '13820da392cabf64', 'results': 1, 'page': 1, 'version': '1.4'}}</msg>
<arg>${json_data}</arg>
<doc>Logs the given message with the given level.</doc>
<status status="PASS" start="2024-05-03T19:11:37.341105" elapsed="0.000241"/>
</kw>
<kw name="Dictionary Should Contain Key" owner="Collections">
<msg time="2024-05-03T19:11:37.341821" level="INFO">False</msg>
<arg>${json_data}</arg>
<arg>results</arg>
<doc>Fails if ``key`` is not found from ``dictionary``.</doc>
<status status="PASS" start="2024-05-03T19:11:37.341654" elapsed="0.000209"/>
</kw>
<kw name="Should Not Be Empty" owner="BuiltIn">
<msg time="2024-05-03T19:11:37.342305" level="INFO">Length is 2.</msg>
<arg>${json_data}</arg>
<doc>Verifies that the given item is not empty.</doc>
<status status="PASS" start="2024-05-03T19:11:37.342173" elapsed="0.000345"/>
</kw>
<kw name="Create List" owner="BuiltIn">
<msg time="2024-05-03T19:11:37.342976" level="INFO">${expected_keys} = ['gender', 'name', 'location', 'email', 'login']</msg>
<var>${expected_keys}</var>
<arg>gender</arg>
<arg>name</arg>
<arg>location</arg>
<arg>email</arg>
<arg>login</arg>
<doc>Returns a list containing given items.</doc>
<status status="PASS" start="2024-05-03T19:11:37.342819" elapsed="0.000183"/>
</kw>
<for flavor="IN">
<iter>
<kw name="Dictionary Should Contain Key" owner="Collections">
<msg time="2024-05-03T19:11:37.344061" level="INFO">False</msg>
<arg>${json_data['results'][0]}</arg>
<arg>${key}</arg>
<doc>Fails if ``key`` is not found from ``dictionary``.</doc>
<status status="PASS" start="2024-05-03T19:11:37.343608" elapsed="0.000492"/>
</kw>
<kw name="Log" owner="BuiltIn">
<msg time="2024-05-03T19:11:37.344803" level="INFO">{'gender': 'male', 'name': {'title': 'Mr', 'first': 'Ilija', 'last': 'Rieger'}, 'location': {'street': {'number': 2808, 'name': 'Schillerstraße'}, 'city': 'Rastenberg', 'state': 'Sachsen', 'country': 'Germany', 'postcode': 29076, 'coordinates': {'latitude': '-55.6445', 'longitude': '-78.8103'}, 'timezone': {'offset': '-10:00', 'description': 'Hawaii'}}, 'email': 'ilija.rieger@example.com', 'login': {'uuid': '7b14dbc3-4f03-4fc0-a81f-a755bebb2fa5', 'username': 'beautifulzebra702', 'password': 'kiwi', 'salt': 'r7bp7Wa5', 'md5': 'ac77e5418b55b208401b551782704e6b', 'sha1': '050d3bb413e9ded2f1deb220cced791f867de98b', 'sha256': 'b8f72a987d113b13c39d50690105be4065f28a0be5280eebbeb846d9e35d1e5f'}, 'dob': {'date': '1970-10-04T14:13:52.302Z', 'age': 53}, 'registered': {'date': '2009-07-06T07:44:19.534Z', 'age': 14}, 'phone': '0797-7196385', 'cell': '0178-1427529', 'id': {'name': 'SVNR', 'value': '44 041070 R 041'}, 'picture': {'large': 'https://randomuser.me/api/portraits/men/34.jpg', 'medium': 'https://randomuser.me/api/portraits/med/men/34.jpg', 'thumbnail': 'https://randomuser.me/api/portraits/thumb/men/34.jpg'}, 'nat': 'DE'}</msg>
<arg>${json_data['results'][0]}</arg>
<doc>Logs the given message with the given level.</doc>
<status status="PASS" start="2024-05-03T19:11:37.344431" elapsed="0.000426"/>
</kw>
<kw name="Log" owner="BuiltIn">
<msg time="2024-05-03T19:11:37.345289" level="INFO">gender</msg>
<arg>${key}</arg>
<doc>Logs the given message with the given level.</doc>
<status status="PASS" start="2024-05-03T19:11:37.345161" elapsed="0.000165"/>
</kw>
<var name="${key}">gender</var>
<status status="PASS" start="2024-05-03T19:11:37.343477" elapsed="0.002066"/>
</iter>
<iter>
<kw name="Dictionary Should Contain Key" owner="Collections">
<msg time="2024-05-03T19:11:37.346242" level="INFO">False</msg>
<arg>${json_data['results'][0]}</arg>
<arg>${key}</arg>
<doc>Fails if ``key`` is not found from ``dictionary``.</doc>
<status status="PASS" start="2024-05-03T19:11:37.345853" elapsed="0.000427"/>
</kw>
<kw name="Log" owner="BuiltIn">
<msg time="2024-05-03T19:11:37.346983" level="INFO">{'gender': 'male', 'name': {'title': 'Mr', 'first': 'Ilija', 'last': 'Rieger'}, 'location': {'street': {'number': 2808, 'name': 'Schillerstraße'}, 'city': 'Rastenberg', 'state': 'Sachsen', 'country': 'Germany', 'postcode': 29076, 'coordinates': {'latitude': '-55.6445', 'longitude': '-78.8103'}, 'timezone': {'offset': '-10:00', 'description': 'Hawaii'}}, 'email': 'ilija.rieger@example.com', 'login': {'uuid': '7b14dbc3-4f03-4fc0-a81f-a755bebb2fa5', 'username': 'beautifulzebra702', 'password': 'kiwi', 'salt': 'r7bp7Wa5', 'md5': 'ac77e5418b55b208401b551782704e6b', 'sha1': '050d3bb413e9ded2f1deb220cced791f867de98b', 'sha256': 'b8f72a987d113b13c39d50690105be4065f28a0be5280eebbeb846d9e35d1e5f'}, 'dob': {'date': '1970-10-04T14:13:52.302Z', 'age': 53}, 'registered': {'date': '2009-07-06T07:44:19.534Z', 'age': 14}, 'phone': '0797-7196385', 'cell': '0178-1427529', 'id': {'name': 'SVNR', 'value': '44 041070 R 041'}, 'picture': {'large': 'https://randomuser.me/api/portraits/men/34.jpg', 'medium': 'https://randomuser.me/api/portraits/med/men/34.jpg', 'thumbnail': 'https://randomuser.me/api/portraits/thumb/men/34.jpg'}, 'nat': 'DE'}</msg>
<arg>${json_data['results'][0]}</arg>
<doc>Logs the given message with the given level.</doc>
<status status="PASS" start="2024-05-03T19:11:37.346609" elapsed="0.000425"/>
</kw>
<kw name="Log" owner="BuiltIn">
<msg time="2024-05-03T19:11:37.347459" level="INFO">name</msg>
<arg>${key}</arg>
<doc>Logs the given message with the given level.</doc>
<status status="PASS" start="2024-05-03T19:11:37.347333" elapsed="0.000163"/>
</kw>
<var name="${key}">name</var>
<status status="PASS" start="2024-05-03T19:11:37.345736" elapsed="0.002000"/>
</iter>
<iter>
<kw name="Dictionary Should Contain Key" owner="Collections">
<msg time="2024-05-03T19:11:37.348422" level="INFO">False</msg>
<arg>${json_data['results'][0]}</arg>
<arg>${key}</arg>
<doc>Fails if ``key`` is not found from ``dictionary``.</doc>
<status status="PASS" start="2024-05-03T19:11:37.348033" elapsed="0.000428"/>
</kw>
<kw name="Log" owner="BuiltIn">
<msg time="2024-05-03T19:11:37.349134" level="INFO">{'gender': 'male', 'name': {'title': 'Mr', 'first': 'Ilija', 'last': 'Rieger'}, 'location': {'street': {'number': 2808, 'name': 'Schillerstraße'}, 'city': 'Rastenberg', 'state': 'Sachsen', 'country': 'Germany', 'postcode': 29076, 'coordinates': {'latitude': '-55.6445', 'longitude': '-78.8103'}, 'timezone': {'offset': '-10:00', 'description': 'Hawaii'}}, 'email': 'ilija.rieger@example.com', 'login': {'uuid': '7b14dbc3-4f03-4fc0-a81f-a755bebb2fa5', 'username': 'beautifulzebra702', 'password': 'kiwi', 'salt': 'r7bp7Wa5', 'md5': 'ac77e5418b55b208401b551782704e6b', 'sha1': '050d3bb413e9ded2f1deb220cced791f867de98b', 'sha256': 'b8f72a987d113b13c39d50690105be4065f28a0be5280eebbeb846d9e35d1e5f'}, 'dob': {'date': '1970-10-04T14:13:52.302Z', 'age': 53}, 'registered': {'date': '2009-07-06T07:44:19.534Z', 'age': 14}, 'phone': '0797-7196385', 'cell': '0178-1427529', 'id': {'name': 'SVNR', 'value': '44 041070 R 041'}, 'picture': {'large': 'https://randomuser.me/api/portraits/men/34.jpg', 'medium': 'https://randomuser.me/api/portraits/med/men/34.jpg', 'thumbnail': 'https://randomuser.me/api/portraits/thumb/men/34.jpg'}, 'nat': 'DE'}</msg>
<arg>${json_data['results'][0]}</arg>
<doc>Logs the given message with the given level.</doc>
<status status="PASS" start="2024-05-03T19:11:37.348764" elapsed="0.000420"/>
</kw>
<kw name="Log" owner="BuiltIn">
<msg time="2024-05-03T19:11:37.349613" level="INFO">location</msg>
<arg>${key}</arg>
<doc>Logs the given message with the given level.</doc>
<status status="PASS" start="2024-05-03T19:11:37.349488" elapsed="0.000164"/>
</kw>
<var name="${key}">location</var>
<status status="PASS" start="2024-05-03T19:11:37.347920" elapsed="0.001946"/>
</iter>
<iter>
<kw name="Dictionary Should Contain Key" owner="Collections">
<msg time="2024-05-03T19:11:37.350534" level="INFO">False</msg>
<arg>${json_data['results'][0]}</arg>
<arg>${key}</arg>
<doc>Fails if ``key`` is not found from ``dictionary``.</doc>
<status status="PASS" start="2024-05-03T19:11:37.350152" elapsed="0.000420"/>
</kw>
<kw name="Log" owner="BuiltIn">
<msg time="2024-05-03T19:11:37.351239" level="INFO">{'gender': 'male', 'name': {'title': 'Mr', 'first': 'Ilija', 'last': 'Rieger'}, 'location': {'street': {'number': 2808, 'name': 'Schillerstraße'}, 'city': 'Rastenberg', 'state': 'Sachsen', 'country': 'Germany', 'postcode': 29076, 'coordinates': {'latitude': '-55.6445', 'longitude': '-78.8103'}, 'timezone': {'offset': '-10:00', 'description': 'Hawaii'}}, 'email': 'ilija.rieger@example.com', 'login': {'uuid': '7b14dbc3-4f03-4fc0-a81f-a755bebb2fa5', 'username': 'beautifulzebra702', 'password': 'kiwi', 'salt': 'r7bp7Wa5', 'md5': 'ac77e5418b55b208401b551782704e6b', 'sha1': '050d3bb413e9ded2f1deb220cced791f867de98b', 'sha256': 'b8f72a987d113b13c39d50690105be4065f28a0be5280eebbeb846d9e35d1e5f'}, 'dob': {'date': '1970-10-04T14:13:52.302Z', 'age': 53}, 'registered': {'date': '2009-07-06T07:44:19.534Z', 'age': 14}, 'phone': '0797-7196385', 'cell': '0178-1427529', 'id': {'name': 'SVNR', 'value': '44 041070 R 041'}, 'picture': {'large': 'https://randomuser.me/api/portraits/men/34.jpg', 'medium': 'https://randomuser.me/api/portraits/med/men/34.jpg', 'thumbnail': 'https://randomuser.me/api/portraits/thumb/men/34.jpg'}, 'nat': 'DE'}</msg>
<arg>${json_data['results'][0]}</arg>
<doc>Logs the given message with the given level.</doc>
<status status="PASS" start="2024-05-03T19:11:37.350878" elapsed="0.000411"/>
</kw>
<kw name="Log" owner="BuiltIn">
<msg time="2024-05-03T19:11:37.351742" level="INFO">email</msg>
<arg>${key}</arg>
<doc>Logs the given message with the given level.</doc>
<status status="PASS" start="2024-05-03T19:11:37.351585" elapsed="0.000197"/>
</kw>
<var name="${key}">email</var>
<status status="PASS" start="2024-05-03T19:11:37.350041" elapsed="0.001963"/>
</iter>
<iter>
<kw name="Dictionary Should Contain Key" owner="Collections">
<msg time="2024-05-03T19:11:37.352683" level="INFO">False</msg>
<arg>${json_data['results'][0]}</arg>
<arg>${key}</arg>
<doc>Fails if ``key`` is not found from ``dictionary``.</doc>
<status status="PASS" start="2024-05-03T19:11:37.352290" elapsed="0.000431"/>
</kw>
<kw name="Log" owner="BuiltIn">
<msg time="2024-05-03T19:11:37.353388" level="INFO">{'gender': 'male', 'name': {'title': 'Mr', 'first': 'Ilija', 'last': 'Rieger'}, 'location': {'street': {'number': 2808, 'name': 'Schillerstraße'}, 'city': 'Rastenberg', 'state': 'Sachsen', 'country': 'Germany', 'postcode': 29076, 'coordinates': {'latitude': '-55.6445', 'longitude': '-78.8103'}, 'timezone': {'offset': '-10:00', 'description': 'Hawaii'}}, 'email': 'ilija.rieger@example.com', 'login': {'uuid': '7b14dbc3-4f03-4fc0-a81f-a755bebb2fa5', 'username': 'beautifulzebra702', 'password': 'kiwi', 'salt': 'r7bp7Wa5', 'md5': 'ac77e5418b55b208401b551782704e6b', 'sha1': '050d3bb413e9ded2f1deb220cced791f867de98b', 'sha256': 'b8f72a987d113b13c39d50690105be4065f28a0be5280eebbeb846d9e35d1e5f'}, 'dob': {'date': '1970-10-04T14:13:52.302Z', 'age': 53}, 'registered': {'date': '2009-07-06T07:44:19.534Z', 'age': 14}, 'phone': '0797-7196385', 'cell': '0178-1427529', 'id': {'name': 'SVNR', 'value': '44 041070 R 041'}, 'picture': {'large': 'https://randomuser.me/api/portraits/men/34.jpg', 'medium': 'https://randomuser.me/api/portraits/med/men/34.jpg', 'thumbnail': 'https://randomuser.me/api/portraits/thumb/men/34.jpg'}, 'nat': 'DE'}</msg>
<arg>${json_data['results'][0]}</arg>
<doc>Logs the given message with the given level.</doc>
<status status="PASS" start="2024-05-03T19:11:37.353018" elapsed="0.000419"/>
</kw>
<kw name="Log" owner="BuiltIn">
<msg time="2024-05-03T19:11:37.353861" level="INFO">login</msg>
<arg>${key}</arg>
<doc>Logs the given message with the given level.</doc>
<status status="PASS" start="2024-05-03T19:11:37.353734" elapsed="0.000166"/>
</kw>
<var name="${key}">login</var>
<status status="PASS" start="2024-05-03T19:11:37.352178" elapsed="0.001946"/>
</iter>
<var>${key}</var>
<value>@{expected_keys}</value>
<status status="PASS" start="2024-05-03T19:11:37.343269" elapsed="0.011004"/>
</for>
<kw name="Create List" owner="BuiltIn">
<msg time="2024-05-03T19:11:37.354618" level="INFO">${expected_keysTwo} = ['username', 'password']</msg>
<var>${expected_keysTwo}</var>
<arg>username</arg>
<arg>password</arg>
<doc>Returns a list containing given items.</doc>
<status status="PASS" start="2024-05-03T19:11:37.354479" elapsed="0.000164"/>
</kw>
<for flavor="IN">
<iter>
<kw name="Dictionary Should Contain Key" owner="Collections">
<msg time="2024-05-03T19:11:37.355543" level="INFO">False</msg>
<arg>${json_data['results'][0]['login']}</arg>
<arg>${keyTwo}</arg>
<doc>Fails if ``key`` is not found from ``dictionary``.</doc>
<status status="PASS" start="2024-05-03T19:11:37.355157" elapsed="0.000423"/>
</kw>
<kw name="Dictionary Should Contain Key" owner="Collections">
<msg time="2024-05-03T19:11:37.356297" level="INFO">False</msg>
<arg>${json_data['results'][0]['login']}</arg>
<arg>${keyTwo}</arg>
<doc>Fails if ``key`` is not found from ``dictionary``.</doc>
<status status="PASS" start="2024-05-03T19:11:37.355907" elapsed="0.000428"/>
</kw>
<kw name="Log" owner="BuiltIn">
<msg time="2024-05-03T19:11:37.356752" level="INFO">username</msg>
<arg>${keyTwo}</arg>
<doc>Logs the given message with the given level.</doc>
<status status="PASS" start="2024-05-03T19:11:37.356627" elapsed="0.000167"/>
</kw>
<var name="${keyTwo}">username</var>
<status status="PASS" start="2024-05-03T19:11:37.355047" elapsed="0.001961"/>
</iter>
<iter>
<kw name="Dictionary Should Contain Key" owner="Collections">
<msg time="2024-05-03T19:11:37.357765" level="INFO">False</msg>
<arg>${json_data['results'][0]['login']}</arg>
<arg>${keyTwo}</arg>
<doc>Fails if ``key`` is not found from ``dictionary``.</doc>
<status status="PASS" start="2024-05-03T19:11:37.357291" elapsed="0.000514"/>
</kw>
<kw name="Dictionary Should Contain Key" owner="Collections">
<msg time="2024-05-03T19:11:37.358481" level="INFO">False</msg>
<arg>${json_data['results'][0]['login']}</arg>
<arg>${keyTwo}</arg>
<doc>Fails if ``key`` is not found from ``dictionary``.</doc>
<status status="PASS" start="2024-05-03T19:11:37.358102" elapsed="0.000416"/>
</kw>
<kw name="Log" owner="BuiltIn">
<msg time="2024-05-03T19:11:37.358941" level="INFO">password</msg>
<arg>${keyTwo}</arg>
<doc>Logs the given message with the given level.</doc>
<status status="PASS" start="2024-05-03T19:11:37.358814" elapsed="0.000164"/>
</kw>
<var name="${keyTwo}">password</var>
<status status="PASS" start="2024-05-03T19:11:37.357181" elapsed="0.002018"/>
</iter>
<var>${keyTwo}</var>
<value>@{expected_keysTwo}</value>
<status status="PASS" start="2024-05-03T19:11:37.354887" elapsed="0.004432"/>
</for>
<status status="PASS" start="2024-05-03T19:11:37.251586" elapsed="0.107876"/>
</kw>
<doc>Testa a estrutura da resposta da API.</doc>
<tag>testeEstruturaResposta</tag>
<status status="PASS" start="2024-05-03T19:11:37.251055" elapsed="0.108571"/>
</test>
<test id="s1-s1-t4" name="Validar tipos de dados" line="28">
<kw name="Teste de Tipos de Dados" owner="random-user-service">
<kw name="GET On Session" owner="RequestsLibrary">
<msg time="2024-05-03T19:11:37.437777" level="INFO">GET Request : url=https://randomuser.me/api 
 path_url=/api 
 headers={'User-Agent': 'python-requests/2.31.0', 'Accept-Encoding': 'gzip, deflate', 'Accept': '*/*', 'Connection': 'keep-alive'} 
 body=None 
 </msg>
<msg time="2024-05-03T19:11:37.437892" level="INFO">GET Response : url=https://randomuser.me/api 
 status=200, reason=OK 
 headers={'Date': 'Fri, 03 May 2024 19:11:37 GMT', 'Content-Type': 'application/json; charset=utf-8', 'Transfer-Encoding': 'chunked', 'Connection': 'keep-alive', 'X-Powered-By': 'Express', 'Access-Control-Allow-Origin': '*', 'Cache-Control': 'no-cache', 'ETag': 'W/"46f-2bqx/wiwIhcCJGK6ur5jzI3jZyg"', 'Vary': 'Accept-Encoding', 'Content-Encoding': 'gzip', 'CF-Cache-Status': 'DYNAMIC', 'Report-To': '{"endpoints":[{"url":"https:\\/\\/a.nel.cloudflare.com\\/report\\/v4?s=yPh0s%2BVh%2BWWY3ZoT3j%2B0tY6z%2B3W4TPWmFIXYgmrvR2z9Dr5Wz20qg%2Fytz0P16TOSA%2FZmctnxHYXApHK9xP%2BP2JSjHuxPih2zVxZjyimQde%2Bd%2FrJ9M2w%2B4PMg0NWjfEFy"}],"group":"cf-nel","max_age":604800}', 'NEL': '{"success_fraction":0,"report_to":"cf-nel","max_age":604800}', 'Server': 'cloudflare', 'CF-RAY': '87e28ed28d7110ee-ORD', 'alt-svc': 'h3=":443"; ma=86400'} 
 body={"results":[{"gender":"female","name":{"title":"Ms","first":"Elinor","last":"Lunden"},"location":{"street":{"number":2348,"name":"Grorudveien"},"city":"Fåberg","state":"Vest-Agder","country":"Norway","postcode":"9256","coordinates":{"latitude":"45.1127","longitude":"94.3255"},"timezone":{"offset":"-10:00","description":"Hawaii"}},"email":"elinor.lunden@example.com","login":{"uuid":"38d1343e-12b6-455d-8371-6f6f0d29ee78","username":"beautifulgorilla974","password":"insane","salt":"jUywuZam","md5":"6a4d084dfb6f859770762a419ed497e8","sha1":"e62a39ca89a9fe6f15ec4d4a679a4f9abc844068","sha256":"8cf93b1ef17e44a5ec2abe57616eb98930244090040b21d7287c3de381fb18f3"},"dob":{"date":"1968-04-22T17:22:56.254Z","age":56},"registered":{"date":"2021-10-26T13:40:42.792Z","age":2},"phone":"71699459","cell":"90501924","id":{"name":"FN","value":"22046803659"},"picture":{"large":"https://randomuser.me/api/portraits/women/4.jpg","medium":"https://randomuser.me/api/portraits/med/women/4.jpg","thumbnail":"https://randomuser.me/api/portraits/thumb/women/4.jpg"},"nat":"NO"}],"info":{"seed":"51b3a5833fbc0ce5","results":1,"page":1,"version":"1.4"}} 
 </msg>
<msg time="2024-05-03T19:11:37.437978" level="INFO">/opt/hostedtoolcache/Python/3.12.3/x64/lib/python3.12/site-packages/urllib3/connectionpool.py:1103: InsecureRequestWarning: Unverified HTTPS request is being made to host 'randomuser.me'. Adding certificate verification is strongly advised. See: https://urllib3.readthedocs.io/en/latest/advanced-usage.html#tls-warnings
  warnings.warn(</msg>
<msg time="2024-05-03T19:11:37.438148" level="INFO">${response} = &lt;Response [200]&gt;</msg>
<var>${response}</var>
<arg>consultarAPI</arg>
<arg>/api</arg>
<doc>Sends a GET request on a previously created HTTP Session.</doc>
<status status="PASS" start="2024-05-03T19:11:37.362588" elapsed="0.075616"/>
</kw>
<kw name="Set Variable" owner="BuiltIn">
<msg time="2024-05-03T19:11:37.439301" level="INFO">${json_data} = {'results': [{'gender': 'female', 'name': {'title': 'Ms', 'first': 'Elinor', 'last': 'Lunden'}, 'location': {'street': {'number': 2348, 'name': 'Grorudveien'}, 'city': 'Fåberg', 'state': 'Vest-Agder',...</msg>
<var>${json_data}</var>
<arg>${response.json()}</arg>
<doc>Returns the given values which can then be assigned to a variables.</doc>
<status status="PASS" start="2024-05-03T19:11:37.438753" elapsed="0.000577"/>
</kw>
<kw name="Log" owner="BuiltIn">
<msg time="2024-05-03T19:11:37.439839" level="INFO">{'results': [{'gender': 'female', 'name': {'title': 'Ms', 'first': 'Elinor', 'last': 'Lunden'}, 'location': {'street': {'number': 2348, 'name': 'Grorudveien'}, 'city': 'Fåberg', 'state': 'Vest-Agder', 'country': 'Norway', 'postcode': '9256', 'coordinates': {'latitude': '45.1127', 'longitude': '94.3255'}, 'timezone': {'offset': '-10:00', 'description': 'Hawaii'}}, 'email': 'elinor.lunden@example.com', 'login': {'uuid': '38d1343e-12b6-455d-8371-6f6f0d29ee78', 'username': 'beautifulgorilla974', 'password': 'insane', 'salt': 'jUywuZam', 'md5': '6a4d084dfb6f859770762a419ed497e8', 'sha1': 'e62a39ca89a9fe6f15ec4d4a679a4f9abc844068', 'sha256': '8cf93b1ef17e44a5ec2abe57616eb98930244090040b21d7287c3de381fb18f3'}, 'dob': {'date': '1968-04-22T17:22:56.254Z', 'age': 56}, 'registered': {'date': '2021-10-26T13:40:42.792Z', 'age': 2}, 'phone': '71699459', 'cell': '90501924', 'id': {'name': 'FN', 'value': '22046803659'}, 'picture': {'large': 'https://randomuser.me/api/portraits/women/4.jpg', 'medium': 'https://randomuser.me/api/portraits/med/women/4.jpg', 'thumbnail': 'https://randomuser.me/api/portraits/thumb/women/4.jpg'}, 'nat': 'NO'}], 'info': {'seed': '51b3a5833fbc0ce5', 'results': 1, 'page': 1, 'version': '1.4'}}</msg>
<arg>${json_data}</arg>
<doc>Logs the given message with the given level.</doc>
<status status="PASS" start="2024-05-03T19:11:37.439643" elapsed="0.000256"/>
</kw>
<kw name="Should Be String" owner="String">
<arg>${json_data['results'][0]['gender']}</arg>
<doc>Fails if the given ``item`` is not a string.</doc>
<status status="PASS" start="2024-05-03T19:11:37.440242" elapsed="0.000374"/>
</kw>
<kw name="Should Match Regexp" owner="BuiltIn">
<arg>${json_data['results'][0]['email']}</arg>
<arg>^[a-zA-Z0-9._%+-]+@[a-zA-Z0-9.-]+\.[a-zA-Z]{2,}$</arg>
<doc>Fails if ``string`` does not match ``pattern`` as a regular expression.</doc>
<status status="PASS" start="2024-05-03T19:11:37.440819" elapsed="0.000531"/>
</kw>
<kw name="Should Match Regexp" owner="BuiltIn">
<arg>${json_data['results'][0]['dob']['date']}</arg>
<arg>\\d{4}-\\d{2}-\\d{2}T\\d{2}:\\d{2}:\\d{2}\\.\\d{3}Z</arg>
<doc>Fails if ``string`` does not match ``pattern`` as a regular expression.</doc>
<status status="PASS" start="2024-05-03T19:11:37.441549" elapsed="0.000493"/>
</kw>
<kw name="Should Match Regexp" owner="BuiltIn">
<arg>${json_data['results'][0]['registered']['date']}</arg>
<arg>\\d{4}-\\d{2}-\\d{2}T\\d{2}:\\d{2}:\\d{2}\\.\\d{3}Z</arg>
<doc>Fails if ``string`` does not match ``pattern`` as a regular expression.</doc>
<status status="PASS" start="2024-05-03T19:11:37.442236" elapsed="0.000370"/>
</kw>
<kw name="Should Match Regexp" owner="BuiltIn">
<arg>${json_data['results'][0]['picture']['large']}</arg>
<arg>^https?://.*\.(?:png|jpe?g|gif|bmp)$</arg>
<doc>Fails if ``string`` does not match ``pattern`` as a regular expression.</doc>
<status status="PASS" start="2024-05-03T19:11:37.442797" elapsed="0.000462"/>
</kw>
<kw name="Should Match Regexp" owner="BuiltIn">
<arg>${json_data['results'][0]['picture']['medium']}</arg>
<arg>^https?://.*\.(?:png|jpe?g|gif|bmp)$</arg>
<doc>Fails if ``string`` does not match ``pattern`` as a regular expression.</doc>
<status status="PASS" start="2024-05-03T19:11:37.443466" elapsed="0.000456"/>
</kw>
<kw name="Should Match Regexp" owner="BuiltIn">
<arg>${json_data['results'][0]['picture']['thumbnail']}</arg>
<arg>^https?://.*\.(?:png|jpe?g|gif|bmp)$</arg>
<doc>Fails if ``string`` does not match ``pattern`` as a regular expression.</doc>
<status status="PASS" start="2024-05-03T19:11:37.444122" elapsed="0.000366"/>
</kw>
<kw name="Log" owner="BuiltIn">
<msg time="2024-05-03T19:11:37.445005" level="INFO">{'large': 'https://randomuser.me/api/portraits/women/4.jpg', 'medium': 'https://randomuser.me/api/portraits/med/women/4.jpg', 'thumbnail': 'https://randomuser.me/api/portraits/thumb/women/4.jpg'}</msg>
<arg>${json_data['results'][0]['picture']}</arg>
<doc>Logs the given message with the given level.</doc>
<status status="PASS" start="2024-05-03T19:11:37.444674" elapsed="0.000374"/>
</kw>
<status status="PASS" start="2024-05-03T19:11:37.362212" elapsed="0.083100"/>
</kw>
<kw name="Teste de Tipos de Dados - Postcode" owner="random-user-service">
<kw name="GET On Session" owner="RequestsLibrary">
<msg time="2024-05-03T19:11:37.534289" level="INFO">GET Request : url=https://randomuser.me/api 
 path_url=/api 
 headers={'User-Agent': 'python-requests/2.31.0', 'Accept-Encoding': 'gzip, deflate', 'Accept': '*/*', 'Connection': 'keep-alive'} 
 body=None 
 </msg>
<msg time="2024-05-03T19:11:37.534404" level="INFO">GET Response : url=https://randomuser.me/api 
 status=200, reason=OK 
 headers={'Date': 'Fri, 03 May 2024 19:11:37 GMT', 'Content-Type': 'application/json; charset=utf-8', 'Transfer-Encoding': 'chunked', 'Connection': 'keep-alive', 'X-Powered-By': 'Express', 'Access-Control-Allow-Origin': '*', 'Cache-Control': 'no-cache', 'ETag': 'W/"48c-w0IEsF3e6f5W5sycsEq5uPyZVxs"', 'Vary': 'Accept-Encoding', 'Content-Encoding': 'gzip', 'CF-Cache-Status': 'DYNAMIC', 'Report-To': '{"endpoints":[{"url":"https:\\/\\/a.nel.cloudflare.com\\/report\\/v4?s=unl0y22aCwejjzxE66OlpIqlaPPL9fl%2FFeqRUYzMNWn2svnwYuHkXNkuyI54n2o2RSp7WkM31Q2h1a%2FoazpMRggnd1LVbGppo%2F5m6gDft72Qb%2Fe14oLBAkiMEDVvILlD"}],"group":"cf-nel","max_age":604800}', 'NEL': '{"success_fraction":0,"report_to":"cf-nel","max_age":604800}', 'Server': 'cloudflare', 'CF-RAY': '87e28ed30e3c10ee-ORD', 'alt-svc': 'h3=":443"; ma=86400'} 
 body={"results":[{"gender":"male","name":{"title":"Mr","first":"Elias","last":"Haataja"},"location":{"street":{"number":5764,"name":"Reijolankatu"},"city":"Liperi","state":"Southern Ostrobothnia","country":"Finland","postcode":86344,"coordinates":{"latitude":"-25.5776","longitude":"-3.2210"},"timezone":{"offset":"-11:00","description":"Midway Island, Samoa"}},"email":"elias.haataja@example.com","login":{"uuid":"4119b7bd-ba96-45e8-b98d-c51c611b7b8b","username":"lazyswan818","password":"market","salt":"TOKAu4GC","md5":"baf52e6ccd77ec081064dee1ebfad817","sha1":"0bd278bfca63883e19166cce162eec7f765114c9","sha256":"640c4d6860cef1bb8ae0a04b665f0be8a1a860cca8faff6e63a00b8e272d059c"},"dob":{"date":"1962-06-26T19:01:08.065Z","age":61},"registered":{"date":"2003-08-14T03:21:32.822Z","age":20},"phone":"05-016-465","cell":"046-295-33-64","id":{"name":"HETU","value":"NaNNA881undefined"},"picture":{"large":"https://randomuser.me/api/portraits/men/75.jpg","medium":"https://randomuser.me/api/portraits/med/men/75.jpg","thumbnail":"https://randomuser.me/api/portraits/thumb/men/75.jpg"},"nat":"FI"}],"info":{"seed":"03ded4b0d7080342","results":1,"page":1,"version":"1.4"}} 
 </msg>
<msg time="2024-05-03T19:11:37.534486" level="INFO">/opt/hostedtoolcache/Python/3.12.3/x64/lib/python3.12/site-packages/urllib3/connectionpool.py:1103: InsecureRequestWarning: Unverified HTTPS request is being made to host 'randomuser.me'. Adding certificate verification is strongly advised. See: https://urllib3.readthedocs.io/en/latest/advanced-usage.html#tls-warnings
  warnings.warn(</msg>
<msg time="2024-05-03T19:11:37.534637" level="INFO">${response} = &lt;Response [200]&gt;</msg>
<var>${response}</var>
<arg>consultarAPI</arg>
<arg>/api</arg>
<doc>Sends a GET request on a previously created HTTP Session.</doc>
<status status="PASS" start="2024-05-03T19:11:37.445786" elapsed="0.088897"/>
</kw>
<kw name="Set Variable" owner="BuiltIn">
<msg time="2024-05-03T19:11:37.535760" level="INFO">${json_data} = {'results': [{'gender': 'male', 'name': {'title': 'Mr', 'first': 'Elias', 'last': 'Haataja'}, 'location': {'street': {'number': 5764, 'name': 'Reijolankatu'}, 'city': 'Liperi', 'state': 'Southern Ostr...</msg>
<var>${json_data}</var>
<arg>${response.json()}</arg>
<doc>Returns the given values which can then be assigned to a variables.</doc>
<status status="PASS" start="2024-05-03T19:11:37.535194" elapsed="0.000604"/>
</kw>
<kw name="Log" owner="BuiltIn">
<msg time="2024-05-03T19:11:37.536275" level="INFO">{'results': [{'gender': 'male', 'name': {'title': 'Mr', 'first': 'Elias', 'last': 'Haataja'}, 'location': {'street': {'number': 5764, 'name': 'Reijolankatu'}, 'city': 'Liperi', 'state': 'Southern Ostrobothnia', 'country': 'Finland', 'postcode': 86344, 'coordinates': {'latitude': '-25.5776', 'longitude': '-3.2210'}, 'timezone': {'offset': '-11:00', 'description': 'Midway Island, Samoa'}}, 'email': 'elias.haataja@example.com', 'login': {'uuid': '4119b7bd-ba96-45e8-b98d-c51c611b7b8b', 'username': 'lazyswan818', 'password': 'market', 'salt': 'TOKAu4GC', 'md5': 'baf52e6ccd77ec081064dee1ebfad817', 'sha1': '0bd278bfca63883e19166cce162eec7f765114c9', 'sha256': '640c4d6860cef1bb8ae0a04b665f0be8a1a860cca8faff6e63a00b8e272d059c'}, 'dob': {'date': '1962-06-26T19:01:08.065Z', 'age': 61}, 'registered': {'date': '2003-08-14T03:21:32.822Z', 'age': 20}, 'phone': '05-016-465', 'cell': '046-295-33-64', 'id': {'name': 'HETU', 'value': 'NaNNA881undefined'}, 'picture': {'large': 'https://randomuser.me/api/portraits/men/75.jpg', 'medium': 'https://randomuser.me/api/portraits/med/men/75.jpg', 'thumbnail': 'https://randomuser.me/api/portraits/thumb/men/75.jpg'}, 'nat': 'FI'}], 'info': {'seed': '03ded4b0d7080342', 'results': 1, 'page': 1, 'version': '1.4'}}</msg>
<arg>${json_data}</arg>
<doc>Logs the given message with the given level.</doc>
<status status="PASS" start="2024-05-03T19:11:37.536119" elapsed="0.000205"/>
</kw>
<kw name="Should Be Equal As Numbers" owner="BuiltIn">
<arg>${json_data['results'][0]['location']['postcode']}</arg>
<arg>${json_data['results'][0]['location']['postcode']}</arg>
<doc>Fails if objects are unequal after converting them to real numbers.</doc>
<status status="PASS" start="2024-05-03T19:11:37.536820" elapsed="0.000683"/>
</kw>
<kw name="Log" owner="BuiltIn">
<msg time="2024-05-03T19:11:37.538041" level="INFO">86344</msg>
<arg>${json_data['results'][0]['location']['postcode']}</arg>
<doc>Logs the given message with the given level.</doc>
<status status="PASS" start="2024-05-03T19:11:37.537699" elapsed="0.000384"/>
</kw>
<status status="PASS" start="2024-05-03T19:11:37.445549" elapsed="0.092794"/>
</kw>
<doc>Testa se os tipos de dados na resposta da API estão corretos.</doc>
<tag>testeTiposDados</tag>
<status status="PASS" start="2024-05-03T19:11:37.361502" elapsed="0.177015"/>
</test>
<test id="s1-s1-t5" name="Validar conteudo" line="35">
<kw name="Teste de Tipos de Conteudo" owner="random-user-service">
<kw name="GET On Session" owner="RequestsLibrary">
<msg time="2024-05-03T19:11:37.651681" level="INFO">GET Request : url=https://randomuser.me/api 
 path_url=/api 
 headers={'User-Agent': 'python-requests/2.31.0', 'Accept-Encoding': 'gzip, deflate', 'Accept': '*/*', 'Connection': 'keep-alive'} 
 body=None 
 </msg>
<msg time="2024-05-03T19:11:37.651819" level="INFO">GET Response : url=https://randomuser.me/api 
 status=200, reason=OK 
 headers={'Date': 'Fri, 03 May 2024 19:11:37 GMT', 'Content-Type': 'application/json; charset=utf-8', 'Transfer-Encoding': 'chunked', 'Connection': 'keep-alive', 'X-Powered-By': 'Express', 'Access-Control-Allow-Origin': '*', 'Cache-Control': 'no-cache', 'ETag': 'W/"4a2-dxbVlqX3uFx75aqT6/YwyYCCPsg"', 'Vary': 'Accept-Encoding', 'Content-Encoding': 'gzip', 'CF-Cache-Status': 'DYNAMIC', 'Report-To': '{"endpoints":[{"url":"https:\\/\\/a.nel.cloudflare.com\\/report\\/v4?s=Wjamn4nw3P0Nkuo%2BOwbsF4SLq%2BfgcixUaS%2Brc7Dr6qpTqZCuhqz7MN%2BAhsnbdIotm377U0qtt8%2FYVZg8dRo%2BCL8jtEwdAoOSP0WqMefhRfBc1vHLTMkUEcvJ50tHGvDQ"}],"group":"cf-nel","max_age":604800}', 'NEL': '{"success_fraction":0,"report_to":"cf-nel","max_age":604800}', 'Server': 'cloudflare', 'CF-RAY': '87e28ed3af2810ee-ORD', 'alt-svc': 'h3=":443"; ma=86400'} 
 body={"results":[{"gender":"female","name":{"title":"Mrs","first":"Milodara","last":"Pavlishin"},"location":{"street":{"number":1226,"name":"Provulok Vilgelma Gabsburga"},"city":"Izyaslav","state":"Odeska","country":"Ukraine","postcode":77867,"coordinates":{"latitude":"79.2993","longitude":"21.5278"},"timezone":{"offset":"+8:00","description":"Beijing, Perth, Singapore, Hong Kong"}},"email":"milodara.pavlishin@example.com","login":{"uuid":"8a9d1359-ce63-4507-b322-6dca8e3d500c","username":"blackkoala885","password":"blue12","salt":"5ymuaCom","md5":"7ce8788113b349f1bffb0b70e8a0d2e4","sha1":"7941a7a5e9c82fdcd500536876e885ecbddf70b1","sha256":"0321b7c1a930f62fc755677e75b9e61f02794ee81c72fb1b0d81d74e81bb52fb"},"dob":{"date":"1989-08-12T00:16:22.825Z","age":34},"registered":{"date":"2015-06-11T06:21:35.716Z","age":8},"phone":"(099) F83-0076","cell":"(097) I47-6181","id":{"name":"","value":null},"picture":{"large":"https://randomuser.me/api/portraits/women/54.jpg","medium":"https://randomuser.me/api/portraits/med/women/54.jpg","thumbnail":"https://randomuser.me/api/portraits/thumb/women/54.jpg"},"nat":"UA"}],"info":{"seed":"e13325c463ea9d21","results":1,"page":1,"version":"1.4"}} 
 </msg>
<msg time="2024-05-03T19:11:37.651893" level="INFO">/opt/hostedtoolcache/Python/3.12.3/x64/lib/python3.12/site-packages/urllib3/connectionpool.py:1103: InsecureRequestWarning: Unverified HTTPS request is being made to host 'randomuser.me'. Adding certificate verification is strongly advised. See: https://urllib3.readthedocs.io/en/latest/advanced-usage.html#tls-warnings
  warnings.warn(</msg>
<msg time="2024-05-03T19:11:37.652035" level="INFO">${response} = &lt;Response [200]&gt;</msg>
<var>${response}</var>
<arg>consultarAPI</arg>
<arg>/api</arg>
<doc>Sends a GET request on a previously created HTTP Session.</doc>
<status status="PASS" start="2024-05-03T19:11:37.541057" elapsed="0.111020"/>
</kw>
<kw name="Set Variable" owner="BuiltIn">
<msg time="2024-05-03T19:11:37.653156" level="INFO">${json_data} = {'results': [{'gender': 'female', 'name': {'title': 'Mrs', 'first': 'Milodara', 'last': 'Pavlishin'}, 'location': {'street': {'number': 1226, 'name': 'Provulok Vilgelma Gabsburga'}, 'city': 'Izyaslav'...</msg>
<var>${json_data}</var>
<arg>${response.json()}</arg>
<doc>Returns the given values which can then be assigned to a variables.</doc>
<status status="PASS" start="2024-05-03T19:11:37.652633" elapsed="0.000551"/>
</kw>
<kw name="Set Variable" owner="BuiltIn">
<msg time="2024-05-03T19:11:37.653880" level="INFO">${name_title} = Mrs</msg>
<var>${name_title}</var>
<arg>${json_data["results"][0]["name"]["title"]}</arg>
<doc>Returns the given values which can then be assigned to a variables.</doc>
<status status="PASS" start="2024-05-03T19:11:37.653490" elapsed="0.000414"/>
</kw>
<kw name="Create List" owner="BuiltIn">
<msg time="2024-05-03T19:11:37.654347" level="INFO">${allowed_titles} = ['Mr', 'Ms', 'Miss', 'Mrs', 'Madame', 'Monsieur']</msg>
<var>${allowed_titles}</var>
<arg>Mr</arg>
<arg>Ms</arg>
<arg>Miss</arg>
<arg>Mrs</arg>
<arg>Madame</arg>
<arg>Monsieur</arg>
<doc>Returns a list containing given items.</doc>
<status status="PASS" start="2024-05-03T19:11:37.654200" elapsed="0.000172"/>
</kw>
<kw name="List Should Contain Value" owner="Collections">
<msg time="2024-05-03T19:11:37.654855" level="INFO">False</msg>
<arg>${allowed_titles}</arg>
<arg>${name_title}</arg>
<doc>Fails if the ``value`` is not found from ``list``.</doc>
<status status="PASS" start="2024-05-03T19:11:37.654677" elapsed="0.000216"/>
</kw>
<kw name="Set Variable" owner="BuiltIn">
<msg time="2024-05-03T19:11:37.655565" level="INFO">${name_country} = UA</msg>
<var>${name_country}</var>
<arg>${json_data["results"][0]["nat"]}</arg>
<doc>Returns the given values which can then be assigned to a variables.</doc>
<status status="PASS" start="2024-05-03T19:11:37.655179" elapsed="0.000410"/>
</kw>
<kw name="Create List" owner="BuiltIn">
<msg time="2024-05-03T19:11:37.656525" level="INFO">${list_country} = ['AD', 'AE', 'AF', 'AG', 'AI', 'AL', 'AM', 'AO', 'AQ', 'AR', 'AS', 'AT', 'AU', 'AW', 'AX', 'AZ', 'BA', 'BB', 'BD', 'BE', 'BF', 'BG', 'BH', 'BI', 'BJ', 'BL', 'BM', 'BN', 'BO', 'BQ', 'BR', 'BS', 'BT', '...</msg>
<var>${list_country}</var>
<arg>AD</arg>
<arg>AE</arg>
<arg>AF</arg>
<arg>AG</arg>
<arg>AI</arg>
<arg>AL</arg>
<arg>AM</arg>
<arg>AO</arg>
<arg>AQ</arg>
<arg>AR</arg>
<arg>AS</arg>
<arg>AT</arg>
<arg>AU</arg>
<arg>AW</arg>
<arg>AX</arg>
<arg>AZ</arg>
<arg>BA</arg>
<arg>BB</arg>
<arg>BD</arg>
<arg>BE</arg>
<arg>BF</arg>
<arg>BG</arg>
<arg>BH</arg>
<arg>BI</arg>
<arg>BJ</arg>
<arg>BL</arg>
<arg>BM</arg>
<arg>BN</arg>
<arg>BO</arg>
<arg>BQ</arg>
<arg>BR</arg>
<arg>BS</arg>
<arg>BT</arg>
<arg>BV</arg>
<arg>BW</arg>
<arg>BY</arg>
<arg>BZ</arg>
<arg>CA</arg>
<arg>CC</arg>
<arg>CD</arg>
<arg>CF</arg>
<arg>CG</arg>
<arg>CH</arg>
<arg>CI</arg>
<arg>CK</arg>
<arg>CL</arg>
<arg>CM</arg>
<arg>CN</arg>
<arg>CO</arg>
<arg>CR</arg>
<arg>CU</arg>
<arg>CV</arg>
<arg>CW</arg>
<arg>CX</arg>
<arg>CY</arg>
<arg>CZ</arg>
<arg>DE</arg>
<arg>DJ</arg>
<arg>DK</arg>
<arg>DM</arg>
<arg>DO</arg>
<arg>DZ</arg>
<arg>EC</arg>
<arg>EE</arg>
<arg>EG</arg>
<arg>EH</arg>
<arg>ER</arg>
<arg>ES</arg>
<arg>ET</arg>
<arg>FI</arg>
<arg>FJ</arg>
<arg>FK</arg>
<arg>FM</arg>
<arg>FO</arg>
<arg>FR</arg>
<arg>GA</arg>
<arg>GB</arg>
<arg>GD</arg>
<arg>GE</arg>
<arg>GF</arg>
<arg>GG</arg>
<arg>GH</arg>
<arg>GI</arg>
<arg>GL</arg>
<arg>GM</arg>
<arg>GN</arg>
<arg>GP</arg>
<arg>GQ</arg>
<arg>GR</arg>
<arg>GS</arg>
<arg>GT</arg>
<arg>GU</arg>
<arg>GW</arg>
<arg>GY</arg>
<arg>HK</arg>
<arg>HM</arg>
<arg>HN</arg>
<arg>HR</arg>
<arg>HT</arg>
<arg>HU</arg>
<arg>ID</arg>
<arg>IE</arg>
<arg>IL</arg>
<arg>IM</arg>
<arg>IN</arg>
<arg>IO</arg>
<arg>IQ</arg>
<arg>IR</arg>
<arg>IS</arg>
<arg>IT</arg>
<arg>JE</arg>
<arg>JM</arg>
<arg>JO</arg>
<arg>JP</arg>
<arg>KE</arg>
<arg>KG</arg>
<arg>KH</arg>
<arg>KI</arg>
<arg>KM</arg>
<arg>KN</arg>
<arg>KP</arg>
<arg>KR</arg>
<arg>KW</arg>
<arg>KY</arg>
<arg>KZ</arg>
<arg>LA</arg>
<arg>LB</arg>
<arg>LC</arg>
<arg>LI</arg>
<arg>LK</arg>
<arg>LR</arg>
<arg>LS</arg>
<arg>LT</arg>
<arg>LU</arg>
<arg>LV</arg>
<arg>LY</arg>
<arg>MA</arg>
<arg>MC</arg>
<arg>MD</arg>
<arg>ME</arg>
<arg>MF</arg>
<arg>MG</arg>
<arg>MH</arg>
<arg>MK</arg>
<arg>ML</arg>
<arg>MM</arg>
<arg>MN</arg>
<arg>MO</arg>
<arg>MP</arg>
<arg>MQ</arg>
<arg>MR</arg>
<arg>MS</arg>
<arg>MT</arg>
<arg>MU</arg>
<arg>MV</arg>
<arg>MW</arg>
<arg>MX</arg>
<arg>MY</arg>
<arg>MZ</arg>
<arg>NA</arg>
<arg>NC</arg>
<arg>NE</arg>
<arg>NF</arg>
<arg>NG</arg>
<arg>NI</arg>
<arg>NL</arg>
<arg>NO</arg>
<arg>NP</arg>
<arg>NR</arg>
<arg>NU</arg>
<arg>NZ</arg>
<arg>OM</arg>
<arg>PA</arg>
<arg>PE</arg>
<arg>PF</arg>
<arg>PG</arg>
<arg>PH</arg>
<arg>PK</arg>
<arg>PL</arg>
<arg>PM</arg>
<arg>PN</arg>
<arg>PR</arg>
<arg>PS</arg>
<arg>PT</arg>
<arg>PW</arg>
<arg>PY</arg>
<arg>QA</arg>
<arg>RE</arg>
<arg>RO</arg>
<arg>RS</arg>
<arg>RU</arg>
<arg>RW</arg>
<arg>SA</arg>
<arg>SB</arg>
<arg>SC</arg>
<arg>SD</arg>
<arg>SE</arg>
<arg>SG</arg>
<arg>SH</arg>
<arg>SI</arg>
<arg>SJ</arg>
<arg>SK</arg>
<arg>SL</arg>
<arg>SM</arg>
<arg>SN</arg>
<arg>SO</arg>
<arg>SR</arg>
<arg>SS</arg>
<arg>ST</arg>
<arg>SV</arg>
<arg>SX</arg>
<arg>SY</arg>
<arg>SZ</arg>
<arg>TC</arg>
<arg>TD</arg>
<arg>TF</arg>
<arg>TG</arg>
<arg>TH</arg>
<arg>TJ</arg>
<arg>TK</arg>
<arg>TL</arg>
<arg>TM</arg>
<arg>TN</arg>
<arg>TO</arg>
<arg>TR</arg>
<arg>TT</arg>
<arg>TV</arg>
<arg>TW</arg>
<arg>TZ</arg>
<arg>UA</arg>
<arg>UG</arg>
<arg>UM</arg>
<arg>US</arg>
<arg>UY</arg>
<arg>UZ</arg>
<arg>VA</arg>
<arg>VC</arg>
<arg>VE</arg>
<arg>VG</arg>
<arg>VI</arg>
<arg>VN</arg>
<arg>VU</arg>
<arg>WF</arg>
<arg>WS</arg>
<arg>XK</arg>
<arg>YE</arg>
<arg>YT</arg>
<arg>ZA</arg>
<arg>ZM</arg>
<arg>ZW</arg>
<doc>Returns a list containing given items.</doc>
<status status="PASS" start="2024-05-03T19:11:37.655928" elapsed="0.000623"/>
</kw>
<kw name="List Should Contain Value" owner="Collections">
<msg time="2024-05-03T19:11:37.657539" level="INFO">False</msg>
<arg>${list_country}</arg>
<arg>${name_country}</arg>
<doc>Fails if the ``value`` is not found from ``list``.</doc>
<status status="PASS" start="2024-05-03T19:11:37.657339" elapsed="0.000236"/>
</kw>
<kw name="Run Keyword If" owner="BuiltIn">
<kw name="Should Be True" owner="BuiltIn">
<arg>${True}</arg>
<doc>Fails if the given condition is not true.</doc>
<status status="PASS" start="2024-05-03T19:11:37.658646" elapsed="0.000259"/>
</kw>
<arg>${json_data["results"][0]["location"]["coordinates"]["latitude"]} &gt;= -90 and ${json_data["results"][0]["location"]["coordinates"]["latitude"]} &lt;= 90</arg>
<arg>Should Be True</arg>
<arg>${True}</arg>
<doc>Runs the given keyword with the given arguments, if ``condition`` is true.</doc>
<status status="PASS" start="2024-05-03T19:11:37.657889" elapsed="0.001145"/>
</kw>
<kw name="Run Keyword If" owner="BuiltIn">
<kw name="Should Be True" owner="BuiltIn">
<arg>${True}</arg>
<doc>Fails if the given condition is not true.</doc>
<status status="PASS" start="2024-05-03T19:11:37.659952" elapsed="0.000139"/>
</kw>
<arg>${json_data["results"][0]["location"]["coordinates"]["longitude"]} &gt;= -180 and ${json_data["results"][0]["location"]["coordinates"]["longitude"]} &lt;= 180</arg>
<arg>Should Be True</arg>
<arg>${True}</arg>
<doc>Runs the given keyword with the given arguments, if ``condition`` is true.</doc>
<status status="PASS" start="2024-05-03T19:11:37.659220" elapsed="0.000994"/>
</kw>
<status status="PASS" start="2024-05-03T19:11:37.540820" elapsed="0.119525"/>
</kw>
<doc>Testa o conteúdo específico dos campos retornados pela API.</doc>
<tag>testeConteudo</tag>
<status status="PASS" start="2024-05-03T19:11:37.540324" elapsed="0.120174"/>
</test>
<status status="PASS" start="2024-05-03T19:11:36.721053" elapsed="0.941421"/>
</suite>
<status status="PASS" start="2024-05-03T19:11:36.707196" elapsed="0.960435"/>
</suite>
<statistics>
<total>
<stat pass="5" fail="0" skip="0">All Tests</stat>
</total>
<tag>
<stat pass="1" fail="0" skip="0">testeConteudo</stat>
<stat pass="1" fail="0" skip="0">testeEstruturaResposta</stat>
<stat pass="1" fail="0" skip="0">testeRequisicaoBasica</stat>
<stat pass="1" fail="0" skip="0">testeTiposDados</stat>
</tag>
<suite>
<stat pass="5" fail="0" skip="0" id="s1" name="Tests">Tests</stat>
<stat pass="5" fail="0" skip="0" id="s1-s1" name="Random-User-Test">Tests.Random-User-Test</stat>
</suite>
</statistics>
<errors>
</errors>
</robot>
