<?xml version="1.0" encoding="UTF-8"?>
<robot generator="Robot 7.0 (Python 3.12.3 on linux)" generated="2024-05-22T17:12:52.158084" rpa="false" schemaversion="5">
<suite id="s1" name="Tests" source="/home/runner/work/DesafioQAItauRogerioJordao/DesafioQAItauRogerioJordao/RamdonUser/tests">
<suite id="s1-s1" name="Random-User-Test" source="/home/runner/work/DesafioQAItauRogerioJordao/DesafioQAItauRogerioJordao/RamdonUser/tests/random-user-test.robot">
<test id="s1-s1-t1" name="Conectar" line="13">
<kw name="Conectar API" owner="random-user-service">
<kw name="Create Session" owner="RequestsLibrary">
<msg time="2024-05-22T17:12:52.556683" level="INFO">Creating Session using : alias=consultarAPI, url=https://randomuser.me/, headers={},                     cookies={}, auth=None, timeout=None, proxies=None, verify=False,                     debug=0 </msg>
<arg>consultarAPI</arg>
<arg>${URL}</arg>
<doc>Create Session: create a HTTP session to a server</doc>
<status status="PASS" start="2024-05-22T17:12:52.556480" elapsed="0.000380"/>
</kw>
<status status="PASS" start="2024-05-22T17:12:52.555395" elapsed="0.001822"/>
</kw>
<status status="PASS" start="2024-05-22T17:12:52.554765" elapsed="0.002649"/>
</test>
<test id="s1-s1-t2" name="Validar retorno 200 e JSON Válido" line="16">
<kw name="Teste de Requisicao Basica" owner="random-user-service">
<kw name="GET On Session" owner="RequestsLibrary">
<msg time="2024-05-22T17:12:52.788447" level="INFO">GET Request : url=https://randomuser.me/api 
 path_url=/api 
 headers={'User-Agent': 'python-requests/2.32.2', 'Accept-Encoding': 'gzip, deflate', 'Accept': '*/*', 'Connection': 'keep-alive'} 
 body=None 
 </msg>
<msg time="2024-05-22T17:12:52.788602" level="INFO">GET Response : url=https://randomuser.me/api 
 status=200, reason=OK 
 headers={'Date': 'Wed, 22 May 2024 17:12:52 GMT', 'Content-Type': 'application/json; charset=utf-8', 'Transfer-Encoding': 'chunked', 'Connection': 'keep-alive', 'X-Powered-By': 'Express', 'Access-Control-Allow-Origin': '*', 'Cache-Control': 'no-cache', 'ETag': 'W/"4a4-sBmoab3uIZbr83LPIXHNGbu57hQ"', 'Vary': 'Accept-Encoding', 'Content-Encoding': 'gzip', 'CF-Cache-Status': 'DYNAMIC', 'Report-To': '{"endpoints":[{"url":"https:\\/\\/a.nel.cloudflare.com\\/report\\/v4?s=UwcbRt90DGRS5sUBg%2Fnlo5mdVkJyqZgGTznfzj%2BIDtTMQeEC8g7WiZtXZthNRRarZtrEioJBULNnOam7FlCQofsVRPdloKo7v4hJe8Eh9PLSjlvOXRj39w%2F%2Bj7nZNU%2Bd"}],"group":"cf-nel","max_age":604800}', 'NEL': '{"success_fraction":0,"report_to":"cf-nel","max_age":604800}', 'Server': 'cloudflare', 'CF-RAY': '887e6f016bae20cf-IAD', 'alt-svc': 'h3=":443"; ma=86400'} 
 body={"results":[{"gender":"female","name":{"title":"Ms","first":"Lorijn","last":"Van Tuil"},"location":{"street":{"number":9784,"name":"Gustave Flaubertlaan"},"city":"Marrum","state":"Zuid-Holland","country":"Netherlands","postcode":"8249 BC","coordinates":{"latitude":"30.4735","longitude":"96.3370"},"timezone":{"offset":"-6:00","description":"Central Time (US &amp; Canada), Mexico City"}},"email":"lorijn.vantuil@example.com","login":{"uuid":"8ee3fa8f-214b-45ef-8504-ed2b16f8e9dc","username":"crazytiger869","password":"1981","salt":"gtSw39Wx","md5":"ed39c39e7c1935d5a9663ef842ee6ef4","sha1":"b51e538c0982ae7cf477ced3d1818c56358110e5","sha256":"739a507d0c289415f7e8d862e5ceb9901d48e003f2031bef5afe5ac0fdcc6150"},"dob":{"date":"1953-08-27T14:13:03.183Z","age":70},"registered":{"date":"2016-05-23T20:48:32.549Z","age":7},"phone":"(049) 5958744","cell":"(06) 58803627","id":{"name":"BSN","value":"64029418"},"picture":{"large":"https://randomuser.me/api/portraits/women/9.jpg","medium":"https://randomuser.me/api/portraits/med/women/9.jpg","thumbnail":"https://randomuser.me/api/portraits/thumb/women/9.jpg"},"nat":"NL"}],"info":{"seed":"c21ce6f8d186d0b2","results":1,"page":1,"version":"1.4"}} 
 </msg>
<msg time="2024-05-22T17:12:52.788691" level="INFO">/opt/hostedtoolcache/Python/3.12.3/x64/lib/python3.12/site-packages/urllib3/connectionpool.py:1103: InsecureRequestWarning: Unverified HTTPS request is being made to host 'randomuser.me'. Adding certificate verification is strongly advised. See: https://urllib3.readthedocs.io/en/latest/advanced-usage.html#tls-warnings
  warnings.warn(</msg>
<msg time="2024-05-22T17:12:52.788835" level="INFO">${response} = &lt;Response [200]&gt;</msg>
<var>${response}</var>
<arg>consultarAPI</arg>
<arg>/api</arg>
<doc>Sends a GET request on a previously created HTTP Session.</doc>
<status status="PASS" start="2024-05-22T17:12:52.560148" elapsed="0.228729"/>
</kw>
<kw name="Should Be Equal As Numbers" owner="BuiltIn">
<msg time="2024-05-22T17:12:52.790081" level="INFO">Argument types are:
&lt;class 'int'&gt;
&lt;class 'str'&gt;</msg>
<arg>${response.status_code}</arg>
<arg>200</arg>
<doc>Fails if objects are unequal after converting them to real numbers.</doc>
<status status="PASS" start="2024-05-22T17:12:52.789565" elapsed="0.000587"/>
</kw>
<kw name="Log" owner="BuiltIn">
<msg time="2024-05-22T17:12:52.790935" level="INFO">200</msg>
<arg>${response.status_code}</arg>
<doc>Logs the given message with the given level.</doc>
<status status="PASS" start="2024-05-22T17:12:52.790570" elapsed="0.000418"/>
</kw>
<kw name="Set Variable" owner="BuiltIn">
<msg time="2024-05-22T17:12:52.791753" level="INFO">${json_data} = {'results': [{'gender': 'female', 'name': {'title': 'Ms', 'first': 'Lorijn', 'last': 'Van Tuil'}, 'location': {'street': {'number': 9784, 'name': 'Gustave Flaubertlaan'}, 'city': 'Marrum', 'state': 'Z...</msg>
<var>${json_data}</var>
<arg>${response.json()}</arg>
<doc>Returns the given values which can then be assigned to a variables.</doc>
<status status="PASS" start="2024-05-22T17:12:52.791316" elapsed="0.000466"/>
</kw>
<kw name="Dictionary Should Contain Key" owner="Collections">
<msg time="2024-05-22T17:12:52.792268" level="INFO">False</msg>
<arg>${json_data}</arg>
<arg>results</arg>
<doc>Fails if ``key`` is not found from ``dictionary``.</doc>
<status status="PASS" start="2024-05-22T17:12:52.792092" elapsed="0.000383"/>
</kw>
<status status="PASS" start="2024-05-22T17:12:52.559890" elapsed="0.232862"/>
</kw>
<doc>Testa se a API responde corretamente e retorna um objeto JSON válido.</doc>
<tag>testeRequisicaoBasica</tag>
<status status="PASS" start="2024-05-22T17:12:52.559326" elapsed="0.233614"/>
</test>
<test id="s1-s1-t3" name="Validar estrutura de resposta" line="22">
<kw name="Teste de Estrutura de Resposta" owner="random-user-service">
<kw name="GET On Session" owner="RequestsLibrary">
<msg time="2024-05-22T17:12:52.870714" level="INFO">GET Request : url=https://randomuser.me/api 
 path_url=/api 
 headers={'User-Agent': 'python-requests/2.32.2', 'Accept-Encoding': 'gzip, deflate', 'Accept': '*/*', 'Connection': 'keep-alive'} 
 body=None 
 </msg>
<msg time="2024-05-22T17:12:52.870813" level="INFO">GET Response : url=https://randomuser.me/api 
 status=200, reason=OK 
 headers={'Date': 'Wed, 22 May 2024 17:12:52 GMT', 'Content-Type': 'application/json; charset=utf-8', 'Transfer-Encoding': 'chunked', 'Connection': 'keep-alive', 'X-Powered-By': 'Express', 'Access-Control-Allow-Origin': '*', 'Cache-Control': 'no-cache', 'ETag': 'W/"470-9Xpi8OTWF7aEUj9IRp5A7cjpBws"', 'Vary': 'Accept-Encoding', 'Content-Encoding': 'gzip', 'CF-Cache-Status': 'DYNAMIC', 'Report-To': '{"endpoints":[{"url":"https:\\/\\/a.nel.cloudflare.com\\/report\\/v4?s=PZ0eBy9LBZTtDAZZIqJKa8qIffSnJiglorrns%2Fdktf%2B%2BWbuYzQ3YXnLEYG0ZriKtRHnoASVFpV%2FY8yQDo0exA5RTt7XhIADKpeeXZngsUPaWgELoiRzusU1TZc5jiELg"}],"group":"cf-nel","max_age":604800}', 'NEL': '{"success_fraction":0,"report_to":"cf-nel","max_age":604800}', 'Server': 'cloudflare', 'CF-RAY': '887e6f01fc8720cf-IAD', 'alt-svc': 'h3=":443"; ma=86400'} 
 body={"results":[{"gender":"male","name":{"title":"Mr","first":"Esat","last":"Erez"},"location":{"street":{"number":9911,"name":"Tunalı Hilmi Cd"},"city":"Bingöl","state":"Sinop","country":"Turkey","postcode":84335,"coordinates":{"latitude":"65.6644","longitude":"-7.0227"},"timezone":{"offset":"-8:00","description":"Pacific Time (US &amp; Canada)"}},"email":"esat.erez@example.com","login":{"uuid":"652fa2bd-0705-46a9-8ce0-cc0b888e9769","username":"whitebear801","password":"roberts","salt":"aCbwyOLG","md5":"111fc2d71aee6bd606068bf82bc353f9","sha1":"cc81f46b9cc8642d5540c1eceb34263636716d3d","sha256":"11b4d0b13618e81a23575f50b0c8bf359f26ed0a736e59c7c59afd21ecbd9408"},"dob":{"date":"1987-10-07T03:40:22.078Z","age":36},"registered":{"date":"2002-10-05T15:00:54.129Z","age":21},"phone":"(555)-964-4516","cell":"(444)-036-2477","id":{"name":"","value":null},"picture":{"large":"https://randomuser.me/api/portraits/men/71.jpg","medium":"https://randomuser.me/api/portraits/med/men/71.jpg","thumbnail":"https://randomuser.me/api/portraits/thumb/men/71.jpg"},"nat":"TR"}],"info":{"seed":"c62f7fecf68477b3","results":1,"page":1,"version":"1.4"}} 
 </msg>
<msg time="2024-05-22T17:12:52.870929" level="INFO">/opt/hostedtoolcache/Python/3.12.3/x64/lib/python3.12/site-packages/urllib3/connectionpool.py:1103: InsecureRequestWarning: Unverified HTTPS request is being made to host 'randomuser.me'. Adding certificate verification is strongly advised. See: https://urllib3.readthedocs.io/en/latest/advanced-usage.html#tls-warnings
  warnings.warn(</msg>
<msg time="2024-05-22T17:12:52.871036" level="INFO">${response} = &lt;Response [200]&gt;</msg>
<var>${response}</var>
<arg>consultarAPI</arg>
<arg>/api</arg>
<doc>Sends a GET request on a previously created HTTP Session.</doc>
<status status="PASS" start="2024-05-22T17:12:52.795715" elapsed="0.075361"/>
</kw>
<kw name="Set Variable" owner="BuiltIn">
<msg time="2024-05-22T17:12:52.872037" level="INFO">${json_data} = {'results': [{'gender': 'male', 'name': {'title': 'Mr', 'first': 'Esat', 'last': 'Erez'}, 'location': {'street': {'number': 9911, 'name': 'Tunalı Hilmi Cd'}, 'city': 'Bingöl', 'state': 'Sinop', 'count...</msg>
<var>${json_data}</var>
<arg>${response.json()}</arg>
<doc>Returns the given values which can then be assigned to a variables.</doc>
<status status="PASS" start="2024-05-22T17:12:52.871533" elapsed="0.000535"/>
</kw>
<kw name="Log" owner="BuiltIn">
<msg time="2024-05-22T17:12:52.872592" level="INFO">{'results': [{'gender': 'male', 'name': {'title': 'Mr', 'first': 'Esat', 'last': 'Erez'}, 'location': {'street': {'number': 9911, 'name': 'Tunalı Hilmi Cd'}, 'city': 'Bingöl', 'state': 'Sinop', 'country': 'Turkey', 'postcode': 84335, 'coordinates': {'latitude': '65.6644', 'longitude': '-7.0227'}, 'timezone': {'offset': '-8:00', 'description': 'Pacific Time (US &amp; Canada)'}}, 'email': 'esat.erez@example.com', 'login': {'uuid': '652fa2bd-0705-46a9-8ce0-cc0b888e9769', 'username': 'whitebear801', 'password': 'roberts', 'salt': 'aCbwyOLG', 'md5': '111fc2d71aee6bd606068bf82bc353f9', 'sha1': 'cc81f46b9cc8642d5540c1eceb34263636716d3d', 'sha256': '11b4d0b13618e81a23575f50b0c8bf359f26ed0a736e59c7c59afd21ecbd9408'}, 'dob': {'date': '1987-10-07T03:40:22.078Z', 'age': 36}, 'registered': {'date': '2002-10-05T15:00:54.129Z', 'age': 21}, 'phone': '(555)-964-4516', 'cell': '(444)-036-2477', 'id': {'name': '', 'value': None}, 'picture': {'large': 'https://randomuser.me/api/portraits/men/71.jpg', 'medium': 'https://randomuser.me/api/portraits/med/men/71.jpg', 'thumbnail': 'https://randomuser.me/api/portraits/thumb/men/71.jpg'}, 'nat': 'TR'}], 'info': {'seed': 'c62f7fecf68477b3', 'results': 1, 'page': 1, 'version': '1.4'}}</msg>
<arg>${json_data}</arg>
<doc>Logs the given message with the given level.</doc>
<status status="PASS" start="2024-05-22T17:12:52.872397" elapsed="0.000250"/>
</kw>
<kw name="Dictionary Should Contain Key" owner="Collections">
<msg time="2024-05-22T17:12:52.873121" level="INFO">False</msg>
<arg>${json_data}</arg>
<arg>results</arg>
<doc>Fails if ``key`` is not found from ``dictionary``.</doc>
<status status="PASS" start="2024-05-22T17:12:52.872961" elapsed="0.000202"/>
</kw>
<kw name="Should Not Be Empty" owner="BuiltIn">
<msg time="2024-05-22T17:12:52.873629" level="INFO">Length is 2.</msg>
<arg>${json_data}</arg>
<doc>Verifies that the given item is not empty.</doc>
<status status="PASS" start="2024-05-22T17:12:52.873487" elapsed="0.000183"/>
</kw>
<kw name="Create List" owner="BuiltIn">
<msg time="2024-05-22T17:12:52.874133" level="INFO">${expected_keys} = ['gender', 'name', 'location', 'email', 'login']</msg>
<var>${expected_keys}</var>
<arg>gender</arg>
<arg>name</arg>
<arg>location</arg>
<arg>email</arg>
<arg>login</arg>
<doc>Returns a list containing given items.</doc>
<status status="PASS" start="2024-05-22T17:12:52.873976" elapsed="0.000181"/>
</kw>
<for flavor="IN">
<iter>
<kw name="Dictionary Should Contain Key" owner="Collections">
<msg time="2024-05-22T17:12:52.875249" level="INFO">False</msg>
<arg>${json_data['results'][0]}</arg>
<arg>${key}</arg>
<doc>Fails if ``key`` is not found from ``dictionary``.</doc>
<status status="PASS" start="2024-05-22T17:12:52.874787" elapsed="0.000508"/>
</kw>
<kw name="Log" owner="BuiltIn">
<msg time="2024-05-22T17:12:52.876001" level="INFO">{'gender': 'male', 'name': {'title': 'Mr', 'first': 'Esat', 'last': 'Erez'}, 'location': {'street': {'number': 9911, 'name': 'Tunalı Hilmi Cd'}, 'city': 'Bingöl', 'state': 'Sinop', 'country': 'Turkey', 'postcode': 84335, 'coordinates': {'latitude': '65.6644', 'longitude': '-7.0227'}, 'timezone': {'offset': '-8:00', 'description': 'Pacific Time (US &amp; Canada)'}}, 'email': 'esat.erez@example.com', 'login': {'uuid': '652fa2bd-0705-46a9-8ce0-cc0b888e9769', 'username': 'whitebear801', 'password': 'roberts', 'salt': 'aCbwyOLG', 'md5': '111fc2d71aee6bd606068bf82bc353f9', 'sha1': 'cc81f46b9cc8642d5540c1eceb34263636716d3d', 'sha256': '11b4d0b13618e81a23575f50b0c8bf359f26ed0a736e59c7c59afd21ecbd9408'}, 'dob': {'date': '1987-10-07T03:40:22.078Z', 'age': 36}, 'registered': {'date': '2002-10-05T15:00:54.129Z', 'age': 21}, 'phone': '(555)-964-4516', 'cell': '(444)-036-2477', 'id': {'name': '', 'value': None}, 'picture': {'large': 'https://randomuser.me/api/portraits/men/71.jpg', 'medium': 'https://randomuser.me/api/portraits/med/men/71.jpg', 'thumbnail': 'https://randomuser.me/api/portraits/thumb/men/71.jpg'}, 'nat': 'TR'}</msg>
<arg>${json_data['results'][0]}</arg>
<doc>Logs the given message with the given level.</doc>
<status status="PASS" start="2024-05-22T17:12:52.875610" elapsed="0.000456"/>
</kw>
<kw name="Log" owner="BuiltIn">
<msg time="2024-05-22T17:12:52.876504" level="INFO">gender</msg>
<arg>${key}</arg>
<doc>Logs the given message with the given level.</doc>
<status status="PASS" start="2024-05-22T17:12:52.876374" elapsed="0.000168"/>
</kw>
<var name="${key}">gender</var>
<status status="PASS" start="2024-05-22T17:12:52.874658" elapsed="0.002102"/>
</iter>
<iter>
<kw name="Dictionary Should Contain Key" owner="Collections">
<msg time="2024-05-22T17:12:52.877466" level="INFO">False</msg>
<arg>${json_data['results'][0]}</arg>
<arg>${key}</arg>
<doc>Fails if ``key`` is not found from ``dictionary``.</doc>
<status status="PASS" start="2024-05-22T17:12:52.877072" elapsed="0.000433"/>
</kw>
<kw name="Log" owner="BuiltIn">
<msg time="2024-05-22T17:12:52.878202" level="INFO">{'gender': 'male', 'name': {'title': 'Mr', 'first': 'Esat', 'last': 'Erez'}, 'location': {'street': {'number': 9911, 'name': 'Tunalı Hilmi Cd'}, 'city': 'Bingöl', 'state': 'Sinop', 'country': 'Turkey', 'postcode': 84335, 'coordinates': {'latitude': '65.6644', 'longitude': '-7.0227'}, 'timezone': {'offset': '-8:00', 'description': 'Pacific Time (US &amp; Canada)'}}, 'email': 'esat.erez@example.com', 'login': {'uuid': '652fa2bd-0705-46a9-8ce0-cc0b888e9769', 'username': 'whitebear801', 'password': 'roberts', 'salt': 'aCbwyOLG', 'md5': '111fc2d71aee6bd606068bf82bc353f9', 'sha1': 'cc81f46b9cc8642d5540c1eceb34263636716d3d', 'sha256': '11b4d0b13618e81a23575f50b0c8bf359f26ed0a736e59c7c59afd21ecbd9408'}, 'dob': {'date': '1987-10-07T03:40:22.078Z', 'age': 36}, 'registered': {'date': '2002-10-05T15:00:54.129Z', 'age': 21}, 'phone': '(555)-964-4516', 'cell': '(444)-036-2477', 'id': {'name': '', 'value': None}, 'picture': {'large': 'https://randomuser.me/api/portraits/men/71.jpg', 'medium': 'https://randomuser.me/api/portraits/med/men/71.jpg', 'thumbnail': 'https://randomuser.me/api/portraits/thumb/men/71.jpg'}, 'nat': 'TR'}</msg>
<arg>${json_data['results'][0]}</arg>
<doc>Logs the given message with the given level.</doc>
<status status="PASS" start="2024-05-22T17:12:52.877835" elapsed="0.000422"/>
</kw>
<kw name="Log" owner="BuiltIn">
<msg time="2024-05-22T17:12:52.878798" level="INFO">name</msg>
<arg>${key}</arg>
<doc>Logs the given message with the given level.</doc>
<status status="PASS" start="2024-05-22T17:12:52.878634" elapsed="0.000204"/>
</kw>
<var name="${key}">name</var>
<status status="PASS" start="2024-05-22T17:12:52.876954" elapsed="0.002105"/>
</iter>
<iter>
<kw name="Dictionary Should Contain Key" owner="Collections">
<msg time="2024-05-22T17:12:52.879838" level="INFO">False</msg>
<arg>${json_data['results'][0]}</arg>
<arg>${key}</arg>
<doc>Fails if ``key`` is not found from ``dictionary``.</doc>
<status status="PASS" start="2024-05-22T17:12:52.879355" elapsed="0.000524"/>
</kw>
<kw name="Log" owner="BuiltIn">
<msg time="2024-05-22T17:12:52.880557" level="INFO">{'gender': 'male', 'name': {'title': 'Mr', 'first': 'Esat', 'last': 'Erez'}, 'location': {'street': {'number': 9911, 'name': 'Tunalı Hilmi Cd'}, 'city': 'Bingöl', 'state': 'Sinop', 'country': 'Turkey', 'postcode': 84335, 'coordinates': {'latitude': '65.6644', 'longitude': '-7.0227'}, 'timezone': {'offset': '-8:00', 'description': 'Pacific Time (US &amp; Canada)'}}, 'email': 'esat.erez@example.com', 'login': {'uuid': '652fa2bd-0705-46a9-8ce0-cc0b888e9769', 'username': 'whitebear801', 'password': 'roberts', 'salt': 'aCbwyOLG', 'md5': '111fc2d71aee6bd606068bf82bc353f9', 'sha1': 'cc81f46b9cc8642d5540c1eceb34263636716d3d', 'sha256': '11b4d0b13618e81a23575f50b0c8bf359f26ed0a736e59c7c59afd21ecbd9408'}, 'dob': {'date': '1987-10-07T03:40:22.078Z', 'age': 36}, 'registered': {'date': '2002-10-05T15:00:54.129Z', 'age': 21}, 'phone': '(555)-964-4516', 'cell': '(444)-036-2477', 'id': {'name': '', 'value': None}, 'picture': {'large': 'https://randomuser.me/api/portraits/men/71.jpg', 'medium': 'https://randomuser.me/api/portraits/med/men/71.jpg', 'thumbnail': 'https://randomuser.me/api/portraits/thumb/men/71.jpg'}, 'nat': 'TR'}</msg>
<arg>${json_data['results'][0]}</arg>
<doc>Logs the given message with the given level.</doc>
<status status="PASS" start="2024-05-22T17:12:52.880185" elapsed="0.000437"/>
</kw>
<kw name="Log" owner="BuiltIn">
<msg time="2024-05-22T17:12:52.881056" level="INFO">location</msg>
<arg>${key}</arg>
<doc>Logs the given message with the given level.</doc>
<status status="PASS" start="2024-05-22T17:12:52.880927" elapsed="0.000166"/>
</kw>
<var name="${key}">location</var>
<status status="PASS" start="2024-05-22T17:12:52.879241" elapsed="0.002074"/>
</iter>
<iter>
<kw name="Dictionary Should Contain Key" owner="Collections">
<msg time="2024-05-22T17:12:52.882097" level="INFO">False</msg>
<arg>${json_data['results'][0]}</arg>
<arg>${key}</arg>
<doc>Fails if ``key`` is not found from ``dictionary``.</doc>
<status status="PASS" start="2024-05-22T17:12:52.881602" elapsed="0.000533"/>
</kw>
<kw name="Log" owner="BuiltIn">
<msg time="2024-05-22T17:12:52.882833" level="INFO">{'gender': 'male', 'name': {'title': 'Mr', 'first': 'Esat', 'last': 'Erez'}, 'location': {'street': {'number': 9911, 'name': 'Tunalı Hilmi Cd'}, 'city': 'Bingöl', 'state': 'Sinop', 'country': 'Turkey', 'postcode': 84335, 'coordinates': {'latitude': '65.6644', 'longitude': '-7.0227'}, 'timezone': {'offset': '-8:00', 'description': 'Pacific Time (US &amp; Canada)'}}, 'email': 'esat.erez@example.com', 'login': {'uuid': '652fa2bd-0705-46a9-8ce0-cc0b888e9769', 'username': 'whitebear801', 'password': 'roberts', 'salt': 'aCbwyOLG', 'md5': '111fc2d71aee6bd606068bf82bc353f9', 'sha1': 'cc81f46b9cc8642d5540c1eceb34263636716d3d', 'sha256': '11b4d0b13618e81a23575f50b0c8bf359f26ed0a736e59c7c59afd21ecbd9408'}, 'dob': {'date': '1987-10-07T03:40:22.078Z', 'age': 36}, 'registered': {'date': '2002-10-05T15:00:54.129Z', 'age': 21}, 'phone': '(555)-964-4516', 'cell': '(444)-036-2477', 'id': {'name': '', 'value': None}, 'picture': {'large': 'https://randomuser.me/api/portraits/men/71.jpg', 'medium': 'https://randomuser.me/api/portraits/med/men/71.jpg', 'thumbnail': 'https://randomuser.me/api/portraits/thumb/men/71.jpg'}, 'nat': 'TR'}</msg>
<arg>${json_data['results'][0]}</arg>
<doc>Logs the given message with the given level.</doc>
<status status="PASS" start="2024-05-22T17:12:52.882466" elapsed="0.000421"/>
</kw>
<kw name="Log" owner="BuiltIn">
<msg time="2024-05-22T17:12:52.883324" level="INFO">email</msg>
<arg>${key}</arg>
<doc>Logs the given message with the given level.</doc>
<status status="PASS" start="2024-05-22T17:12:52.883190" elapsed="0.000172"/>
</kw>
<var name="${key}">email</var>
<status status="PASS" start="2024-05-22T17:12:52.881490" elapsed="0.002087"/>
</iter>
<iter>
<kw name="Dictionary Should Contain Key" owner="Collections">
<msg time="2024-05-22T17:12:52.884259" level="INFO">False</msg>
<arg>${json_data['results'][0]}</arg>
<arg>${key}</arg>
<doc>Fails if ``key`` is not found from ``dictionary``.</doc>
<status status="PASS" start="2024-05-22T17:12:52.883871" elapsed="0.000426"/>
</kw>
<kw name="Log" owner="BuiltIn">
<msg time="2024-05-22T17:12:52.884966" level="INFO">{'gender': 'male', 'name': {'title': 'Mr', 'first': 'Esat', 'last': 'Erez'}, 'location': {'street': {'number': 9911, 'name': 'Tunalı Hilmi Cd'}, 'city': 'Bingöl', 'state': 'Sinop', 'country': 'Turkey', 'postcode': 84335, 'coordinates': {'latitude': '65.6644', 'longitude': '-7.0227'}, 'timezone': {'offset': '-8:00', 'description': 'Pacific Time (US &amp; Canada)'}}, 'email': 'esat.erez@example.com', 'login': {'uuid': '652fa2bd-0705-46a9-8ce0-cc0b888e9769', 'username': 'whitebear801', 'password': 'roberts', 'salt': 'aCbwyOLG', 'md5': '111fc2d71aee6bd606068bf82bc353f9', 'sha1': 'cc81f46b9cc8642d5540c1eceb34263636716d3d', 'sha256': '11b4d0b13618e81a23575f50b0c8bf359f26ed0a736e59c7c59afd21ecbd9408'}, 'dob': {'date': '1987-10-07T03:40:22.078Z', 'age': 36}, 'registered': {'date': '2002-10-05T15:00:54.129Z', 'age': 21}, 'phone': '(555)-964-4516', 'cell': '(444)-036-2477', 'id': {'name': '', 'value': None}, 'picture': {'large': 'https://randomuser.me/api/portraits/men/71.jpg', 'medium': 'https://randomuser.me/api/portraits/med/men/71.jpg', 'thumbnail': 'https://randomuser.me/api/portraits/thumb/men/71.jpg'}, 'nat': 'TR'}</msg>
<arg>${json_data['results'][0]}</arg>
<doc>Logs the given message with the given level.</doc>
<status status="PASS" start="2024-05-22T17:12:52.884600" elapsed="0.000419"/>
</kw>
<kw name="Log" owner="BuiltIn">
<msg time="2024-05-22T17:12:52.885444" level="INFO">login</msg>
<arg>${key}</arg>
<doc>Logs the given message with the given level.</doc>
<status status="PASS" start="2024-05-22T17:12:52.885316" elapsed="0.000166"/>
</kw>
<var name="${key}">login</var>
<status status="PASS" start="2024-05-22T17:12:52.883758" elapsed="0.001944"/>
</iter>
<var>${key}</var>
<value>@{expected_keys}</value>
<status status="PASS" start="2024-05-22T17:12:52.874459" elapsed="0.011365"/>
</for>
<kw name="Create List" owner="BuiltIn">
<msg time="2024-05-22T17:12:52.886195" level="INFO">${expected_keysTwo} = ['username', 'password']</msg>
<var>${expected_keysTwo}</var>
<arg>username</arg>
<arg>password</arg>
<doc>Returns a list containing given items.</doc>
<status status="PASS" start="2024-05-22T17:12:52.886057" elapsed="0.000162"/>
</kw>
<for flavor="IN">
<iter>
<kw name="Dictionary Should Contain Key" owner="Collections">
<msg time="2024-05-22T17:12:52.887131" level="INFO">False</msg>
<arg>${json_data['results'][0]['login']}</arg>
<arg>${keyTwo}</arg>
<doc>Fails if ``key`` is not found from ``dictionary``.</doc>
<status status="PASS" start="2024-05-22T17:12:52.886748" elapsed="0.000420"/>
</kw>
<kw name="Dictionary Should Contain Key" owner="Collections">
<msg time="2024-05-22T17:12:52.888166" level="INFO">False</msg>
<arg>${json_data['results'][0]['login']}</arg>
<arg>${keyTwo}</arg>
<doc>Fails if ``key`` is not found from ``dictionary``.</doc>
<status status="PASS" start="2024-05-22T17:12:52.887568" elapsed="0.000662"/>
</kw>
<kw name="Log" owner="BuiltIn">
<msg time="2024-05-22T17:12:52.888895" level="INFO">username</msg>
<arg>${keyTwo}</arg>
<doc>Logs the given message with the given level.</doc>
<status status="PASS" start="2024-05-22T17:12:52.888702" elapsed="0.000256"/>
</kw>
<var name="${keyTwo}">username</var>
<status status="PASS" start="2024-05-22T17:12:52.886638" elapsed="0.002646"/>
</iter>
<iter>
<kw name="Dictionary Should Contain Key" owner="Collections">
<msg time="2024-05-22T17:12:52.890018" level="INFO">False</msg>
<arg>${json_data['results'][0]['login']}</arg>
<arg>${keyTwo}</arg>
<doc>Fails if ``key`` is not found from ``dictionary``.</doc>
<status status="PASS" start="2024-05-22T17:12:52.889623" elapsed="0.000434"/>
</kw>
<kw name="Dictionary Should Contain Key" owner="Collections">
<msg time="2024-05-22T17:12:52.890784" level="INFO">False</msg>
<arg>${json_data['results'][0]['login']}</arg>
<arg>${keyTwo}</arg>
<doc>Fails if ``key`` is not found from ``dictionary``.</doc>
<status status="PASS" start="2024-05-22T17:12:52.890395" elapsed="0.000428"/>
</kw>
<kw name="Log" owner="BuiltIn">
<msg time="2024-05-22T17:12:52.891259" level="INFO">password</msg>
<arg>${keyTwo}</arg>
<doc>Logs the given message with the given level.</doc>
<status status="PASS" start="2024-05-22T17:12:52.891129" elapsed="0.000169"/>
</kw>
<var name="${keyTwo}">password</var>
<status status="PASS" start="2024-05-22T17:12:52.889505" elapsed="0.002016"/>
</iter>
<var>${keyTwo}</var>
<value>@{expected_keysTwo}</value>
<status status="PASS" start="2024-05-22T17:12:52.886480" elapsed="0.005165"/>
</for>
<status status="PASS" start="2024-05-22T17:12:52.795467" elapsed="0.096323"/>
</kw>
<doc>Testa a estrutura da resposta da API.</doc>
<tag>testeEstruturaResposta</tag>
<status status="PASS" start="2024-05-22T17:12:52.794847" elapsed="0.097104"/>
</test>
<test id="s1-s1-t4" name="Validar tipos de dados" line="28">
<kw name="Teste de Tipos de Dados" owner="random-user-service">
<kw name="GET On Session" owner="RequestsLibrary">
<msg time="2024-05-22T17:12:52.960691" level="INFO">GET Request : url=https://randomuser.me/api 
 path_url=/api 
 headers={'User-Agent': 'python-requests/2.32.2', 'Accept-Encoding': 'gzip, deflate', 'Accept': '*/*', 'Connection': 'keep-alive'} 
 body=None 
 </msg>
<msg time="2024-05-22T17:12:52.960780" level="INFO">GET Response : url=https://randomuser.me/api 
 status=200, reason=OK 
 headers={'Date': 'Wed, 22 May 2024 17:12:52 GMT', 'Content-Type': 'application/json; charset=utf-8', 'Transfer-Encoding': 'chunked', 'Connection': 'keep-alive', 'X-Powered-By': 'Express', 'Access-Control-Allow-Origin': '*', 'Cache-Control': 'no-cache', 'ETag': 'W/"49d-zxRFCAy0ll8loZTaWnzpah5vYm8"', 'Vary': 'Accept-Encoding', 'Content-Encoding': 'gzip', 'CF-Cache-Status': 'DYNAMIC', 'Report-To': '{"endpoints":[{"url":"https:\\/\\/a.nel.cloudflare.com\\/report\\/v4?s=b3iMfrRe4K9HznD46lDU3%2FYEgUb967uroLM5DGBPclJQadM9o3Z2hZj1kKGnUAx%2F2sWRNf6sSQ3V2BlZ5DrlF7eHwJC2Wqw8zMViksQSFQuHa47R28PQb4ULGYnL60H4"}],"group":"cf-nel","max_age":604800}', 'NEL': '{"success_fraction":0,"report_to":"cf-nel","max_age":604800}', 'Server': 'cloudflare', 'CF-RAY': '887e6f029d5c20cf-IAD', 'alt-svc': 'h3=":443"; ma=86400'} 
 body={"results":[{"gender":"female","name":{"title":"Mrs","first":"Stephanie","last":"Martinez"},"location":{"street":{"number":1331,"name":"Station Road"},"city":"Blessington","state":"Wexford","country":"Ireland","postcode":31113,"coordinates":{"latitude":"3.0925","longitude":"0.2759"},"timezone":{"offset":"-5:00","description":"Eastern Time (US &amp; Canada), Bogota, Lima"}},"email":"stephanie.martinez@example.com","login":{"uuid":"e9842c2f-3744-4ad7-858f-e617aaa598b8","username":"whitetiger461","password":"last","salt":"BprN2Dsx","md5":"2179455cc54a6219ec9082c0ef9f288e","sha1":"0861c6213c1a0ed1936e3d2fe33bc8d86109479e","sha256":"825b1c35a5c5f74f563647d992bb412e15b74dd3ddb4c211f00ec95b78da37c1"},"dob":{"date":"1949-07-20T22:57:09.624Z","age":74},"registered":{"date":"2011-02-05T15:14:29.211Z","age":13},"phone":"051-636-5757","cell":"081-285-3416","id":{"name":"PPS","value":"2826375T"},"picture":{"large":"https://randomuser.me/api/portraits/women/65.jpg","medium":"https://randomuser.me/api/portraits/med/women/65.jpg","thumbnail":"https://randomuser.me/api/portraits/thumb/women/65.jpg"},"nat":"IE"}],"info":{"seed":"0b130a040616e26b","results":1,"page":1,"version":"1.4"}} 
 </msg>
<msg time="2024-05-22T17:12:52.960858" level="INFO">/opt/hostedtoolcache/Python/3.12.3/x64/lib/python3.12/site-packages/urllib3/connectionpool.py:1103: InsecureRequestWarning: Unverified HTTPS request is being made to host 'randomuser.me'. Adding certificate verification is strongly advised. See: https://urllib3.readthedocs.io/en/latest/advanced-usage.html#tls-warnings
  warnings.warn(</msg>
<msg time="2024-05-22T17:12:52.960974" level="INFO">${response} = &lt;Response [200]&gt;</msg>
<var>${response}</var>
<arg>consultarAPI</arg>
<arg>/api</arg>
<doc>Sends a GET request on a previously created HTTP Session.</doc>
<status status="PASS" start="2024-05-22T17:12:52.894648" elapsed="0.066365"/>
</kw>
<kw name="Set Variable" owner="BuiltIn">
<msg time="2024-05-22T17:12:52.962123" level="INFO">${json_data} = {'results': [{'gender': 'female', 'name': {'title': 'Mrs', 'first': 'Stephanie', 'last': 'Martinez'}, 'location': {'street': {'number': 1331, 'name': 'Station Road'}, 'city': 'Blessington', 'state': '...</msg>
<var>${json_data}</var>
<arg>${response.json()}</arg>
<doc>Returns the given values which can then be assigned to a variables.</doc>
<status status="PASS" start="2024-05-22T17:12:52.961551" elapsed="0.000601"/>
</kw>
<kw name="Log" owner="BuiltIn">
<msg time="2024-05-22T17:12:52.962670" level="INFO">{'results': [{'gender': 'female', 'name': {'title': 'Mrs', 'first': 'Stephanie', 'last': 'Martinez'}, 'location': {'street': {'number': 1331, 'name': 'Station Road'}, 'city': 'Blessington', 'state': 'Wexford', 'country': 'Ireland', 'postcode': 31113, 'coordinates': {'latitude': '3.0925', 'longitude': '0.2759'}, 'timezone': {'offset': '-5:00', 'description': 'Eastern Time (US &amp; Canada), Bogota, Lima'}}, 'email': 'stephanie.martinez@example.com', 'login': {'uuid': 'e9842c2f-3744-4ad7-858f-e617aaa598b8', 'username': 'whitetiger461', 'password': 'last', 'salt': 'BprN2Dsx', 'md5': '2179455cc54a6219ec9082c0ef9f288e', 'sha1': '0861c6213c1a0ed1936e3d2fe33bc8d86109479e', 'sha256': '825b1c35a5c5f74f563647d992bb412e15b74dd3ddb4c211f00ec95b78da37c1'}, 'dob': {'date': '1949-07-20T22:57:09.624Z', 'age': 74}, 'registered': {'date': '2011-02-05T15:14:29.211Z', 'age': 13}, 'phone': '051-636-5757', 'cell': '081-285-3416', 'id': {'name': 'PPS', 'value': '2826375T'}, 'picture': {'large': 'https://randomuser.me/api/portraits/women/65.jpg', 'medium': 'https://randomuser.me/api/portraits/med/women/65.jpg', 'thumbnail': 'https://randomuser.me/api/portraits/thumb/women/65.jpg'}, 'nat': 'IE'}], 'info': {'seed': '0b130a040616e26b', 'results': 1, 'page': 1, 'version': '1.4'}}</msg>
<arg>${json_data}</arg>
<doc>Logs the given message with the given level.</doc>
<status status="PASS" start="2024-05-22T17:12:52.962510" elapsed="0.000250"/>
</kw>
<kw name="Should Be String" owner="String">
<arg>${json_data['results'][0]['gender']}</arg>
<doc>Fails if the given ``item`` is not a string.</doc>
<status status="PASS" start="2024-05-22T17:12:52.963068" elapsed="0.000377"/>
</kw>
<kw name="Should Match Regexp" owner="BuiltIn">
<arg>${json_data['results'][0]['email']}</arg>
<arg>^[a-zA-Z0-9._%+-]+@[a-zA-Z0-9.-]+\.[a-zA-Z]{2,}$</arg>
<doc>Fails if ``string`` does not match ``pattern`` as a regular expression.</doc>
<status status="PASS" start="2024-05-22T17:12:52.963639" elapsed="0.000668"/>
</kw>
<kw name="Should Match Regexp" owner="BuiltIn">
<arg>${json_data['results'][0]['dob']['date']}</arg>
<arg>\\d{4}-\\d{2}-\\d{2}T\\d{2}:\\d{2}:\\d{2}\\.\\d{3}Z</arg>
<doc>Fails if ``string`` does not match ``pattern`` as a regular expression.</doc>
<status status="PASS" start="2024-05-22T17:12:52.964517" elapsed="0.000489"/>
</kw>
<kw name="Should Match Regexp" owner="BuiltIn">
<arg>${json_data['results'][0]['registered']['date']}</arg>
<arg>\\d{4}-\\d{2}-\\d{2}T\\d{2}:\\d{2}:\\d{2}\\.\\d{3}Z</arg>
<doc>Fails if ``string`` does not match ``pattern`` as a regular expression.</doc>
<status status="PASS" start="2024-05-22T17:12:52.965201" elapsed="0.000375"/>
</kw>
<kw name="Should Match Regexp" owner="BuiltIn">
<arg>${json_data['results'][0]['picture']['large']}</arg>
<arg>^https?://.*\.(?:png|jpe?g|gif|bmp)$</arg>
<doc>Fails if ``string`` does not match ``pattern`` as a regular expression.</doc>
<status status="PASS" start="2024-05-22T17:12:52.965772" elapsed="0.000457"/>
</kw>
<kw name="Should Match Regexp" owner="BuiltIn">
<arg>${json_data['results'][0]['picture']['medium']}</arg>
<arg>^https?://.*\.(?:png|jpe?g|gif|bmp)$</arg>
<doc>Fails if ``string`` does not match ``pattern`` as a regular expression.</doc>
<status status="PASS" start="2024-05-22T17:12:52.966461" elapsed="0.000360"/>
</kw>
<kw name="Should Match Regexp" owner="BuiltIn">
<arg>${json_data['results'][0]['picture']['thumbnail']}</arg>
<arg>^https?://.*\.(?:png|jpe?g|gif|bmp)$</arg>
<doc>Fails if ``string`` does not match ``pattern`` as a regular expression.</doc>
<status status="PASS" start="2024-05-22T17:12:52.967024" elapsed="0.000353"/>
</kw>
<kw name="Log" owner="BuiltIn">
<msg time="2024-05-22T17:12:52.967888" level="INFO">{'large': 'https://randomuser.me/api/portraits/women/65.jpg', 'medium': 'https://randomuser.me/api/portraits/med/women/65.jpg', 'thumbnail': 'https://randomuser.me/api/portraits/thumb/women/65.jpg'}</msg>
<arg>${json_data['results'][0]['picture']}</arg>
<doc>Logs the given message with the given level.</doc>
<status status="PASS" start="2024-05-22T17:12:52.967562" elapsed="0.000367"/>
</kw>
<status status="PASS" start="2024-05-22T17:12:52.894376" elapsed="0.073811"/>
</kw>
<kw name="Teste de Tipos de Dados - Postcode" owner="random-user-service">
<kw name="GET On Session" owner="RequestsLibrary">
<msg time="2024-05-22T17:12:53.069718" level="INFO">GET Request : url=https://randomuser.me/api 
 path_url=/api 
 headers={'User-Agent': 'python-requests/2.32.2', 'Accept-Encoding': 'gzip, deflate', 'Accept': '*/*', 'Connection': 'keep-alive'} 
 body=None 
 </msg>
<msg time="2024-05-22T17:12:53.069823" level="INFO">GET Response : url=https://randomuser.me/api 
 status=200, reason=OK 
 headers={'Date': 'Wed, 22 May 2024 17:12:53 GMT', 'Content-Type': 'application/json; charset=utf-8', 'Transfer-Encoding': 'chunked', 'Connection': 'keep-alive', 'X-Powered-By': 'Express', 'Access-Control-Allow-Origin': '*', 'Cache-Control': 'no-cache', 'ETag': 'W/"487-3UhxrG+JA0h5vPNsRtjTO/ks2ug"', 'Vary': 'Accept-Encoding', 'Content-Encoding': 'gzip', 'CF-Cache-Status': 'DYNAMIC', 'Report-To': '{"endpoints":[{"url":"https:\\/\\/a.nel.cloudflare.com\\/report\\/v4?s=tHGmqAHr%2F3RFT3oWmqjtbZ%2B6ThDcXUOFIrzRnMeK%2FREzTqdmHgqPNddVxC4uaLbVLfoHykm1vbjMZReyjz90gCC0QAmDGsmh6Ob0XbaCh2CAPauSAaosQgNoA1perwhk"}],"group":"cf-nel","max_age":604800}', 'NEL': '{"success_fraction":0,"report_to":"cf-nel","max_age":604800}', 'Server': 'cloudflare', 'CF-RAY': '887e6f031ddf20cf-IAD', 'alt-svc': 'h3=":443"; ma=86400'} 
 body={"results":[{"gender":"female","name":{"title":"Miss","first":"Christina","last":"Lee"},"location":{"street":{"number":4299,"name":"Washington Ave"},"city":"Saginaw","state":"Arizona","country":"United States","postcode":55340,"coordinates":{"latitude":"86.0772","longitude":"174.1954"},"timezone":{"offset":"-3:30","description":"Newfoundland"}},"email":"christina.lee@example.com","login":{"uuid":"38056fc0-8869-4112-9e91-d08aabd647ae","username":"bigsnake103","password":"meridian","salt":"GzKgelx6","md5":"8776799e484da9c6277d57f1b2f6a6b4","sha1":"a9763cfab13cf287811995fac1c13e30a1d0b852","sha256":"de92cb80b7b6cb34461c7ce170a3a1938d975295d0aac6c2fa7166ef529c4495"},"dob":{"date":"1975-03-14T15:47:24.089Z","age":49},"registered":{"date":"2015-07-24T09:11:17.053Z","age":8},"phone":"(783) 446-8471","cell":"(970) 360-7882","id":{"name":"SSN","value":"633-28-4117"},"picture":{"large":"https://randomuser.me/api/portraits/women/61.jpg","medium":"https://randomuser.me/api/portraits/med/women/61.jpg","thumbnail":"https://randomuser.me/api/portraits/thumb/women/61.jpg"},"nat":"US"}],"info":{"seed":"abda4d55a0c8a881","results":1,"page":1,"version":"1.4"}} 
 </msg>
<msg time="2024-05-22T17:12:53.069904" level="INFO">/opt/hostedtoolcache/Python/3.12.3/x64/lib/python3.12/site-packages/urllib3/connectionpool.py:1103: InsecureRequestWarning: Unverified HTTPS request is being made to host 'randomuser.me'. Adding certificate verification is strongly advised. See: https://urllib3.readthedocs.io/en/latest/advanced-usage.html#tls-warnings
  warnings.warn(</msg>
<msg time="2024-05-22T17:12:53.070047" level="INFO">${response} = &lt;Response [200]&gt;</msg>
<var>${response}</var>
<arg>consultarAPI</arg>
<arg>/api</arg>
<doc>Sends a GET request on a previously created HTTP Session.</doc>
<status status="PASS" start="2024-05-22T17:12:52.968645" elapsed="0.101452"/>
</kw>
<kw name="Set Variable" owner="BuiltIn">
<msg time="2024-05-22T17:12:53.071329" level="INFO">${json_data} = {'results': [{'gender': 'female', 'name': {'title': 'Miss', 'first': 'Christina', 'last': 'Lee'}, 'location': {'street': {'number': 4299, 'name': 'Washington Ave'}, 'city': 'Saginaw', 'state': 'Arizon...</msg>
<var>${json_data}</var>
<arg>${response.json()}</arg>
<doc>Returns the given values which can then be assigned to a variables.</doc>
<status status="PASS" start="2024-05-22T17:12:53.070743" elapsed="0.000620"/>
</kw>
<kw name="Log" owner="BuiltIn">
<msg time="2024-05-22T17:12:53.071886" level="INFO">{'results': [{'gender': 'female', 'name': {'title': 'Miss', 'first': 'Christina', 'last': 'Lee'}, 'location': {'street': {'number': 4299, 'name': 'Washington Ave'}, 'city': 'Saginaw', 'state': 'Arizona', 'country': 'United States', 'postcode': 55340, 'coordinates': {'latitude': '86.0772', 'longitude': '174.1954'}, 'timezone': {'offset': '-3:30', 'description': 'Newfoundland'}}, 'email': 'christina.lee@example.com', 'login': {'uuid': '38056fc0-8869-4112-9e91-d08aabd647ae', 'username': 'bigsnake103', 'password': 'meridian', 'salt': 'GzKgelx6', 'md5': '8776799e484da9c6277d57f1b2f6a6b4', 'sha1': 'a9763cfab13cf287811995fac1c13e30a1d0b852', 'sha256': 'de92cb80b7b6cb34461c7ce170a3a1938d975295d0aac6c2fa7166ef529c4495'}, 'dob': {'date': '1975-03-14T15:47:24.089Z', 'age': 49}, 'registered': {'date': '2015-07-24T09:11:17.053Z', 'age': 8}, 'phone': '(783) 446-8471', 'cell': '(970) 360-7882', 'id': {'name': 'SSN', 'value': '633-28-4117'}, 'picture': {'large': 'https://randomuser.me/api/portraits/women/61.jpg', 'medium': 'https://randomuser.me/api/portraits/med/women/61.jpg', 'thumbnail': 'https://randomuser.me/api/portraits/thumb/women/61.jpg'}, 'nat': 'US'}], 'info': {'seed': 'abda4d55a0c8a881', 'results': 1, 'page': 1, 'version': '1.4'}}</msg>
<arg>${json_data}</arg>
<doc>Logs the given message with the given level.</doc>
<status status="PASS" start="2024-05-22T17:12:53.071715" elapsed="0.000257"/>
</kw>
<kw name="Should Be Equal As Numbers" owner="BuiltIn">
<arg>${json_data['results'][0]['location']['postcode']}</arg>
<arg>${json_data['results'][0]['location']['postcode']}</arg>
<doc>Fails if objects are unequal after converting them to real numbers.</doc>
<status status="PASS" start="2024-05-22T17:12:53.072411" elapsed="0.000858"/>
</kw>
<kw name="Log" owner="BuiltIn">
<msg time="2024-05-22T17:12:53.073997" level="INFO">55340</msg>
<arg>${json_data['results'][0]['location']['postcode']}</arg>
<doc>Logs the given message with the given level.</doc>
<status status="PASS" start="2024-05-22T17:12:53.073529" elapsed="0.000521"/>
</kw>
<status status="PASS" start="2024-05-22T17:12:52.968418" elapsed="0.105982"/>
</kw>
<doc>Testa se os tipos de dados na resposta da API estão corretos.</doc>
<tag>testeTiposDados</tag>
<status status="PASS" start="2024-05-22T17:12:52.893763" elapsed="0.180864"/>
</test>
<test id="s1-s1-t5" name="Validar conteudo" line="35">
<kw name="Teste de Tipos de Conteudo" owner="random-user-service">
<kw name="GET On Session" owner="RequestsLibrary">
<msg time="2024-05-22T17:12:53.187851" level="INFO">GET Request : url=https://randomuser.me/api 
 path_url=/api 
 headers={'User-Agent': 'python-requests/2.32.2', 'Accept-Encoding': 'gzip, deflate', 'Accept': '*/*', 'Connection': 'keep-alive'} 
 body=None 
 </msg>
<msg time="2024-05-22T17:12:53.187962" level="INFO">GET Response : url=https://randomuser.me/api 
 status=200, reason=OK 
 headers={'Date': 'Wed, 22 May 2024 17:12:53 GMT', 'Content-Type': 'application/json; charset=utf-8', 'Transfer-Encoding': 'chunked', 'Connection': 'keep-alive', 'X-Powered-By': 'Express', 'Access-Control-Allow-Origin': '*', 'Cache-Control': 'no-cache', 'ETag': 'W/"47d-9S79owhA4riE3v7x/h/xn6Oln/8"', 'Vary': 'Accept-Encoding', 'Content-Encoding': 'gzip', 'CF-Cache-Status': 'DYNAMIC', 'Report-To': '{"endpoints":[{"url":"https:\\/\\/a.nel.cloudflare.com\\/report\\/v4?s=nicIGq3k6rb5SOPjevAuEtk6LXL%2Bkh8bIRwud%2F3%2B3XVLx6Xi3pMcAn%2Bfqe8L6TSvwOxDGqXrayzDtOgDuDUzc%2B5UZND0hEcVXoULSvoSJ6wcL8YjP0VM3Dqy18uxDCcI"}],"group":"cf-nel","max_age":604800}', 'NEL': '{"success_fraction":0,"report_to":"cf-nel","max_age":604800}', 'Server': 'cloudflare', 'CF-RAY': '887e6f03cedb20cf-IAD', 'alt-svc': 'h3=":443"; ma=86400'} 
 body={"results":[{"gender":"female","name":{"title":"Mrs","first":"Victoria","last":"Stevens"},"location":{"street":{"number":3762,"name":"O'Connell Street"},"city":"Tipperary","state":"Tipperary","country":"Ireland","postcode":88632,"coordinates":{"latitude":"1.1575","longitude":"115.0002"},"timezone":{"offset":"+4:30","description":"Kabul"}},"email":"victoria.stevens@example.com","login":{"uuid":"fd6a68ed-d7bf-4f0a-a319-ea6f59080125","username":"purpletiger666","password":"aaron","salt":"ET99aPln","md5":"f258c77564d39de44ad3b34954d5fa4e","sha1":"feadb6d0af710b614da0a97513e14293dbd93c7c","sha256":"c5b105cfe19bd30036a486c0101b5a52600e97e09832ed4bc5d4bece9f5035b9"},"dob":{"date":"1966-04-29T05:37:28.755Z","age":58},"registered":{"date":"2021-06-12T07:29:03.224Z","age":2},"phone":"041-050-0137","cell":"081-648-8904","id":{"name":"PPS","value":"9157560T"},"picture":{"large":"https://randomuser.me/api/portraits/women/33.jpg","medium":"https://randomuser.me/api/portraits/med/women/33.jpg","thumbnail":"https://randomuser.me/api/portraits/thumb/women/33.jpg"},"nat":"IE"}],"info":{"seed":"19c6484104848e5b","results":1,"page":1,"version":"1.4"}} 
 </msg>
<msg time="2024-05-22T17:12:53.188044" level="INFO">/opt/hostedtoolcache/Python/3.12.3/x64/lib/python3.12/site-packages/urllib3/connectionpool.py:1103: InsecureRequestWarning: Unverified HTTPS request is being made to host 'randomuser.me'. Adding certificate verification is strongly advised. See: https://urllib3.readthedocs.io/en/latest/advanced-usage.html#tls-warnings
  warnings.warn(</msg>
<msg time="2024-05-22T17:12:53.188191" level="INFO">${response} = &lt;Response [200]&gt;</msg>
<var>${response}</var>
<arg>consultarAPI</arg>
<arg>/api</arg>
<doc>Sends a GET request on a previously created HTTP Session.</doc>
<status status="PASS" start="2024-05-22T17:12:53.077454" elapsed="0.110787"/>
</kw>
<kw name="Set Variable" owner="BuiltIn">
<msg time="2024-05-22T17:12:53.189451" level="INFO">${json_data} = {'results': [{'gender': 'female', 'name': {'title': 'Mrs', 'first': 'Victoria', 'last': 'Stevens'}, 'location': {'street': {'number': 3762, 'name': "O'Connell Street"}, 'city': 'Tipperary', 'state': '...</msg>
<var>${json_data}</var>
<arg>${response.json()}</arg>
<doc>Returns the given values which can then be assigned to a variables.</doc>
<status status="PASS" start="2024-05-22T17:12:53.188891" elapsed="0.000589"/>
</kw>
<kw name="Set Variable" owner="BuiltIn">
<msg time="2024-05-22T17:12:53.190228" level="INFO">${name_title} = Mrs</msg>
<var>${name_title}</var>
<arg>${json_data["results"][0]["name"]["title"]}</arg>
<doc>Returns the given values which can then be assigned to a variables.</doc>
<status status="PASS" start="2024-05-22T17:12:53.189819" elapsed="0.000435"/>
</kw>
<kw name="Create List" owner="BuiltIn">
<msg time="2024-05-22T17:12:53.190767" level="INFO">${allowed_titles} = ['Mr', 'Ms', 'Miss', 'Mrs', 'Madame', 'Monsieur']</msg>
<var>${allowed_titles}</var>
<arg>Mr</arg>
<arg>Ms</arg>
<arg>Miss</arg>
<arg>Mrs</arg>
<arg>Madame</arg>
<arg>Monsieur</arg>
<doc>Returns a list containing given items.</doc>
<status status="PASS" start="2024-05-22T17:12:53.190611" elapsed="0.000181"/>
</kw>
<kw name="List Should Contain Value" owner="Collections">
<msg time="2024-05-22T17:12:53.191299" level="INFO">False</msg>
<arg>${allowed_titles}</arg>
<arg>${name_title}</arg>
<doc>Fails if the ``value`` is not found from ``list``.</doc>
<status status="PASS" start="2024-05-22T17:12:53.191115" elapsed="0.000223"/>
</kw>
<kw name="Set Variable" owner="BuiltIn">
<msg time="2024-05-22T17:12:53.192214" level="INFO">${name_country} = IE</msg>
<var>${name_country}</var>
<arg>${json_data["results"][0]["nat"]}</arg>
<doc>Returns the given values which can then be assigned to a variables.</doc>
<status status="PASS" start="2024-05-22T17:12:53.191642" elapsed="0.000599"/>
</kw>
<kw name="Create List" owner="BuiltIn">
<msg time="2024-05-22T17:12:53.193171" level="INFO">${list_country} = ['AD', 'AE', 'AF', 'AG', 'AI', 'AL', 'AM', 'AO', 'AQ', 'AR', 'AS', 'AT', 'AU', 'AW', 'AX', 'AZ', 'BA', 'BB', 'BD', 'BE', 'BF', 'BG', 'BH', 'BI', 'BJ', 'BL', 'BM', 'BN', 'BO', 'BQ', 'BR', 'BS', 'BT', '...</msg>
<var>${list_country}</var>
<arg>AD</arg>
<arg>AE</arg>
<arg>AF</arg>
<arg>AG</arg>
<arg>AI</arg>
<arg>AL</arg>
<arg>AM</arg>
<arg>AO</arg>
<arg>AQ</arg>
<arg>AR</arg>
<arg>AS</arg>
<arg>AT</arg>
<arg>AU</arg>
<arg>AW</arg>
<arg>AX</arg>
<arg>AZ</arg>
<arg>BA</arg>
<arg>BB</arg>
<arg>BD</arg>
<arg>BE</arg>
<arg>BF</arg>
<arg>BG</arg>
<arg>BH</arg>
<arg>BI</arg>
<arg>BJ</arg>
<arg>BL</arg>
<arg>BM</arg>
<arg>BN</arg>
<arg>BO</arg>
<arg>BQ</arg>
<arg>BR</arg>
<arg>BS</arg>
<arg>BT</arg>
<arg>BV</arg>
<arg>BW</arg>
<arg>BY</arg>
<arg>BZ</arg>
<arg>CA</arg>
<arg>CC</arg>
<arg>CD</arg>
<arg>CF</arg>
<arg>CG</arg>
<arg>CH</arg>
<arg>CI</arg>
<arg>CK</arg>
<arg>CL</arg>
<arg>CM</arg>
<arg>CN</arg>
<arg>CO</arg>
<arg>CR</arg>
<arg>CU</arg>
<arg>CV</arg>
<arg>CW</arg>
<arg>CX</arg>
<arg>CY</arg>
<arg>CZ</arg>
<arg>DE</arg>
<arg>DJ</arg>
<arg>DK</arg>
<arg>DM</arg>
<arg>DO</arg>
<arg>DZ</arg>
<arg>EC</arg>
<arg>EE</arg>
<arg>EG</arg>
<arg>EH</arg>
<arg>ER</arg>
<arg>ES</arg>
<arg>ET</arg>
<arg>FI</arg>
<arg>FJ</arg>
<arg>FK</arg>
<arg>FM</arg>
<arg>FO</arg>
<arg>FR</arg>
<arg>GA</arg>
<arg>GB</arg>
<arg>GD</arg>
<arg>GE</arg>
<arg>GF</arg>
<arg>GG</arg>
<arg>GH</arg>
<arg>GI</arg>
<arg>GL</arg>
<arg>GM</arg>
<arg>GN</arg>
<arg>GP</arg>
<arg>GQ</arg>
<arg>GR</arg>
<arg>GS</arg>
<arg>GT</arg>
<arg>GU</arg>
<arg>GW</arg>
<arg>GY</arg>
<arg>HK</arg>
<arg>HM</arg>
<arg>HN</arg>
<arg>HR</arg>
<arg>HT</arg>
<arg>HU</arg>
<arg>ID</arg>
<arg>IE</arg>
<arg>IL</arg>
<arg>IM</arg>
<arg>IN</arg>
<arg>IO</arg>
<arg>IQ</arg>
<arg>IR</arg>
<arg>IS</arg>
<arg>IT</arg>
<arg>JE</arg>
<arg>JM</arg>
<arg>JO</arg>
<arg>JP</arg>
<arg>KE</arg>
<arg>KG</arg>
<arg>KH</arg>
<arg>KI</arg>
<arg>KM</arg>
<arg>KN</arg>
<arg>KP</arg>
<arg>KR</arg>
<arg>KW</arg>
<arg>KY</arg>
<arg>KZ</arg>
<arg>LA</arg>
<arg>LB</arg>
<arg>LC</arg>
<arg>LI</arg>
<arg>LK</arg>
<arg>LR</arg>
<arg>LS</arg>
<arg>LT</arg>
<arg>LU</arg>
<arg>LV</arg>
<arg>LY</arg>
<arg>MA</arg>
<arg>MC</arg>
<arg>MD</arg>
<arg>ME</arg>
<arg>MF</arg>
<arg>MG</arg>
<arg>MH</arg>
<arg>MK</arg>
<arg>ML</arg>
<arg>MM</arg>
<arg>MN</arg>
<arg>MO</arg>
<arg>MP</arg>
<arg>MQ</arg>
<arg>MR</arg>
<arg>MS</arg>
<arg>MT</arg>
<arg>MU</arg>
<arg>MV</arg>
<arg>MW</arg>
<arg>MX</arg>
<arg>MY</arg>
<arg>MZ</arg>
<arg>NA</arg>
<arg>NC</arg>
<arg>NE</arg>
<arg>NF</arg>
<arg>NG</arg>
<arg>NI</arg>
<arg>NL</arg>
<arg>NO</arg>
<arg>NP</arg>
<arg>NR</arg>
<arg>NU</arg>
<arg>NZ</arg>
<arg>OM</arg>
<arg>PA</arg>
<arg>PE</arg>
<arg>PF</arg>
<arg>PG</arg>
<arg>PH</arg>
<arg>PK</arg>
<arg>PL</arg>
<arg>PM</arg>
<arg>PN</arg>
<arg>PR</arg>
<arg>PS</arg>
<arg>PT</arg>
<arg>PW</arg>
<arg>PY</arg>
<arg>QA</arg>
<arg>RE</arg>
<arg>RO</arg>
<arg>RS</arg>
<arg>RU</arg>
<arg>RW</arg>
<arg>SA</arg>
<arg>SB</arg>
<arg>SC</arg>
<arg>SD</arg>
<arg>SE</arg>
<arg>SG</arg>
<arg>SH</arg>
<arg>SI</arg>
<arg>SJ</arg>
<arg>SK</arg>
<arg>SL</arg>
<arg>SM</arg>
<arg>SN</arg>
<arg>SO</arg>
<arg>SR</arg>
<arg>SS</arg>
<arg>ST</arg>
<arg>SV</arg>
<arg>SX</arg>
<arg>SY</arg>
<arg>SZ</arg>
<arg>TC</arg>
<arg>TD</arg>
<arg>TF</arg>
<arg>TG</arg>
<arg>TH</arg>
<arg>TJ</arg>
<arg>TK</arg>
<arg>TL</arg>
<arg>TM</arg>
<arg>TN</arg>
<arg>TO</arg>
<arg>TR</arg>
<arg>TT</arg>
<arg>TV</arg>
<arg>TW</arg>
<arg>TZ</arg>
<arg>UA</arg>
<arg>UG</arg>
<arg>UM</arg>
<arg>US</arg>
<arg>UY</arg>
<arg>UZ</arg>
<arg>VA</arg>
<arg>VC</arg>
<arg>VE</arg>
<arg>VG</arg>
<arg>VI</arg>
<arg>VN</arg>
<arg>VU</arg>
<arg>WF</arg>
<arg>WS</arg>
<arg>XK</arg>
<arg>YE</arg>
<arg>YT</arg>
<arg>ZA</arg>
<arg>ZM</arg>
<arg>ZW</arg>
<doc>Returns a list containing given items.</doc>
<status status="PASS" start="2024-05-22T17:12:53.192557" elapsed="0.000640"/>
</kw>
<kw name="List Should Contain Value" owner="Collections">
<msg time="2024-05-22T17:12:53.194194" level="INFO">False</msg>
<arg>${list_country}</arg>
<arg>${name_country}</arg>
<doc>Fails if the ``value`` is not found from ``list``.</doc>
<status status="PASS" start="2024-05-22T17:12:53.193985" elapsed="0.000246"/>
</kw>
<kw name="Run Keyword If" owner="BuiltIn">
<kw name="Should Be True" owner="BuiltIn">
<arg>${True}</arg>
<doc>Fails if the given condition is not true.</doc>
<status status="PASS" start="2024-05-22T17:12:53.195387" elapsed="0.000149"/>
</kw>
<arg>${json_data["results"][0]["location"]["coordinates"]["latitude"]} &gt;= -90 and ${json_data["results"][0]["location"]["coordinates"]["latitude"]} &lt;= 90</arg>
<arg>Should Be True</arg>
<arg>${True}</arg>
<doc>Runs the given keyword with the given arguments, if ``condition`` is true.</doc>
<status status="PASS" start="2024-05-22T17:12:53.194604" elapsed="0.001065"/>
</kw>
<kw name="Run Keyword If" owner="BuiltIn">
<kw name="Should Be True" owner="BuiltIn">
<arg>${True}</arg>
<doc>Fails if the given condition is not true.</doc>
<status status="PASS" start="2024-05-22T17:12:53.196558" elapsed="0.000140"/>
</kw>
<arg>${json_data["results"][0]["location"]["coordinates"]["longitude"]} &gt;= -180 and ${json_data["results"][0]["location"]["coordinates"]["longitude"]} &lt;= 180</arg>
<arg>Should Be True</arg>
<arg>${True}</arg>
<doc>Runs the given keyword with the given arguments, if ``condition`` is true.</doc>
<status status="PASS" start="2024-05-22T17:12:53.195861" elapsed="0.000965"/>
</kw>
<status status="PASS" start="2024-05-22T17:12:53.077216" elapsed="0.119741"/>
</kw>
<doc>Testa o conteúdo específico dos campos retornados pela API.</doc>
<tag>testeConteudo</tag>
<status status="PASS" start="2024-05-22T17:12:53.076676" elapsed="0.120435"/>
</test>
<status status="PASS" start="2024-05-22T17:12:52.216137" elapsed="0.983012"/>
</suite>
<status status="PASS" start="2024-05-22T17:12:52.202576" elapsed="1.001856"/>
</suite>
<statistics>
<total>
<stat pass="5" fail="0" skip="0">All Tests</stat>
</total>
<tag>
<stat pass="1" fail="0" skip="0">testeConteudo</stat>
<stat pass="1" fail="0" skip="0">testeEstruturaResposta</stat>
<stat pass="1" fail="0" skip="0">testeRequisicaoBasica</stat>
<stat pass="1" fail="0" skip="0">testeTiposDados</stat>
</tag>
<suite>
<stat pass="5" fail="0" skip="0" id="s1" name="Tests">Tests</stat>
<stat pass="5" fail="0" skip="0" id="s1-s1" name="Random-User-Test">Tests.Random-User-Test</stat>
</suite>
</statistics>
<errors>
</errors>
</robot>
