<?xml version="1.0" encoding="UTF-8"?>
<robot generator="Robot 7.0 (Python 3.12.2 on linux)" generated="2024-03-27T16:18:04.071421" rpa="false" schemaversion="5">
<suite id="s1" name="Tests" source="/home/runner/work/DesafioQAItauRogerioJordao/DesafioQAItauRogerioJordao/RamdonUser/tests">
<suite id="s1-s1" name="Random-User-Test" source="/home/runner/work/DesafioQAItauRogerioJordao/DesafioQAItauRogerioJordao/RamdonUser/tests/random-user-test.robot">
<test id="s1-s1-t1" name="Conectar" line="13">
<kw name="Conectar API" owner="random-user-service">
<kw name="Create Session" owner="RequestsLibrary">
<msg time="2024-03-27T16:18:04.452776" level="INFO">Creating Session using : alias=consultarAPI, url=https://randomuser.me/, headers={},                     cookies={}, auth=None, timeout=None, proxies=None, verify=False,                     debug=0 </msg>
<arg>consultarAPI</arg>
<arg>${URL}</arg>
<doc>Create Session: create a HTTP session to a server</doc>
<status status="PASS" start="2024-03-27T16:18:04.452553" elapsed="0.000409"/>
</kw>
<status status="PASS" start="2024-03-27T16:18:04.451460" elapsed="0.001877"/>
</kw>
<status status="PASS" start="2024-03-27T16:18:04.450832" elapsed="0.002713"/>
</test>
<test id="s1-s1-t2" name="Validar retorno 200 e JSON Válido" line="16">
<kw name="Teste de Requisicao Basica" owner="random-user-service">
<kw name="GET On Session" owner="RequestsLibrary">
<msg time="2024-03-27T16:18:04.512809" level="INFO">GET Request : url=https://randomuser.me/api 
 path_url=/api 
 headers={'User-Agent': 'python-requests/2.31.0', 'Accept-Encoding': 'gzip, deflate', 'Accept': '*/*', 'Connection': 'keep-alive'} 
 body=None 
 </msg>
<msg time="2024-03-27T16:18:04.512979" level="INFO">GET Response : url=https://randomuser.me/api 
 status=200, reason=OK 
 headers={'Date': 'Wed, 27 Mar 2024 16:18:04 GMT', 'Content-Type': 'application/json; charset=utf-8', 'Transfer-Encoding': 'chunked', 'Connection': 'keep-alive', 'X-Powered-By': 'Express', 'Access-Control-Allow-Origin': '*', 'Cache-Control': 'no-cache', 'ETag': 'W/"48d-vdszXkG5FW4aUDvy4wj41SY8gec"', 'Vary': 'Accept-Encoding', 'Content-Encoding': 'gzip', 'CF-Cache-Status': 'DYNAMIC', 'Report-To': '{"endpoints":[{"url":"https:\\/\\/a.nel.cloudflare.com\\/report\\/v4?s=eQuQcD7vCu1yIYO6878ivtMJ3Xn8FZu9hJNDsPtiREKGN8rkqva%2FBS4ANTNSPuwqjv9b%2B3edIzK7E0LL2Q2bnAo4zWH3hWaaywvdQv6ayr%2FeR2BtTKSTlSQxtjMLISgM"}],"group":"cf-nel","max_age":604800}', 'NEL': '{"success_fraction":0,"report_to":"cf-nel","max_age":604800}', 'Server': 'cloudflare', 'CF-RAY': '86b0b1ba0f97822a-IAD', 'alt-svc': 'h3=":443"; ma=86400'} 
 body={"results":[{"gender":"male","name":{"title":"Mr","first":"Magnus","last":"Pedersen"},"location":{"street":{"number":3498,"name":"Kastrupvej"},"city":"Rødvig Stevns","state":"Sjælland","country":"Denmark","postcode":63452,"coordinates":{"latitude":"-42.5628","longitude":"-84.7845"},"timezone":{"offset":"+4:00","description":"Abu Dhabi, Muscat, Baku, Tbilisi"}},"email":"magnus.pedersen@example.com","login":{"uuid":"8b956ac9-3771-4d32-918a-d04a64f0e9f5","username":"orangeostrich833","password":"a12345","salt":"oCDg1lie","md5":"ef2d5b10fb431515693cfeabb6130781","sha1":"6847d669df272d34dc4b769aaeb26e7e7ff09f95","sha256":"b8bc04340402753159feb5bac2e751ea5d6f559dc2b49745bcd4d08f5186786b"},"dob":{"date":"1946-02-13T04:52:49.535Z","age":78},"registered":{"date":"2007-04-28T11:03:13.668Z","age":16},"phone":"32909593","cell":"06757610","id":{"name":"CPR","value":"120246-9708"},"picture":{"large":"https://randomuser.me/api/portraits/men/64.jpg","medium":"https://randomuser.me/api/portraits/med/men/64.jpg","thumbnail":"https://randomuser.me/api/portraits/thumb/men/64.jpg"},"nat":"DK"}],"info":{"seed":"499c88f858af11d0","results":1,"page":1,"version":"1.4"}} 
 </msg>
<msg time="2024-03-27T16:18:04.513109" level="INFO">/opt/hostedtoolcache/Python/3.12.2/x64/lib/python3.12/site-packages/urllib3/connectionpool.py:1103: InsecureRequestWarning: Unverified HTTPS request is being made to host 'randomuser.me'. Adding certificate verification is strongly advised. See: https://urllib3.readthedocs.io/en/latest/advanced-usage.html#tls-warnings
  warnings.warn(</msg>
<msg time="2024-03-27T16:18:04.513268" level="INFO">${response} = &lt;Response [200]&gt;</msg>
<var>${response}</var>
<arg>consultarAPI</arg>
<arg>/api</arg>
<doc>Sends a GET request on a previously created HTTP Session.</doc>
<status status="PASS" start="2024-03-27T16:18:04.456479" elapsed="0.056831"/>
</kw>
<kw name="Should Be Equal As Numbers" owner="BuiltIn">
<msg time="2024-03-27T16:18:04.514375" level="INFO">Argument types are:
&lt;class 'int'&gt;
&lt;class 'str'&gt;</msg>
<arg>${response.status_code}</arg>
<arg>200</arg>
<doc>Fails if objects are unequal after converting them to real numbers.</doc>
<status status="PASS" start="2024-03-27T16:18:04.513856" elapsed="0.000595"/>
</kw>
<kw name="Log" owner="BuiltIn">
<msg time="2024-03-27T16:18:04.515232" level="INFO">200</msg>
<arg>${response.status_code}</arg>
<doc>Logs the given message with the given level.</doc>
<status status="PASS" start="2024-03-27T16:18:04.514830" elapsed="0.000447"/>
</kw>
<kw name="Set Variable" owner="BuiltIn">
<msg time="2024-03-27T16:18:04.516107" level="INFO">${json_data} = {'results': [{'gender': 'male', 'name': {'title': 'Mr', 'first': 'Magnus', 'last': 'Pedersen'}, 'location': {'street': {'number': 3498, 'name': 'Kastrupvej'}, 'city': 'Rødvig Stevns', 'state': 'Sjælla...</msg>
<var>${json_data}</var>
<arg>${response.json()}</arg>
<doc>Returns the given values which can then be assigned to a variables.</doc>
<status status="PASS" start="2024-03-27T16:18:04.515609" elapsed="0.000528"/>
</kw>
<kw name="Dictionary Should Contain Key" owner="Collections">
<msg time="2024-03-27T16:18:04.516616" level="INFO">False</msg>
<arg>${json_data}</arg>
<arg>results</arg>
<doc>Fails if ``key`` is not found from ``dictionary``.</doc>
<status status="PASS" start="2024-03-27T16:18:04.516446" elapsed="0.000210"/>
</kw>
<status status="PASS" start="2024-03-27T16:18:04.456223" elapsed="0.060717"/>
</kw>
<doc>Testa se a API responde corretamente e retorna um objeto JSON válido.</doc>
<tag>testeRequisicaoBasica</tag>
<status status="PASS" start="2024-03-27T16:18:04.455636" elapsed="0.061518"/>
</test>
<test id="s1-s1-t3" name="Validar estrutura de resposta" line="22">
<kw name="Teste de Estrutura de Resposta" owner="random-user-service">
<kw name="GET On Session" owner="RequestsLibrary">
<msg time="2024-03-27T16:18:04.618541" level="INFO">GET Request : url=https://randomuser.me/api 
 path_url=/api 
 headers={'User-Agent': 'python-requests/2.31.0', 'Accept-Encoding': 'gzip, deflate', 'Accept': '*/*', 'Connection': 'keep-alive'} 
 body=None 
 </msg>
<msg time="2024-03-27T16:18:04.618647" level="INFO">GET Response : url=https://randomuser.me/api 
 status=200, reason=OK 
 headers={'Date': 'Wed, 27 Mar 2024 16:18:04 GMT', 'Content-Type': 'application/json; charset=utf-8', 'Transfer-Encoding': 'chunked', 'Connection': 'keep-alive', 'X-Powered-By': 'Express', 'Access-Control-Allow-Origin': '*', 'Cache-Control': 'no-cache', 'ETag': 'W/"496-MZa20+Y2/RAjaQcvcwRJSgN0e/E"', 'Vary': 'Accept-Encoding', 'Content-Encoding': 'gzip', 'CF-Cache-Status': 'DYNAMIC', 'Report-To': '{"endpoints":[{"url":"https:\\/\\/a.nel.cloudflare.com\\/report\\/v4?s=kO%2B88GnkCM7bMu7DAkj5h%2BhHngTaTTeofIaW6eG9q7qK0fWZMBeFuKJ68ILnScBNsbabaY7K3jWLveTD0i9nkpxzaLoY13ytK1UXzVozcow4Iw6npBhe5uxnqvb%2Bn%2BPS"}],"group":"cf-nel","max_age":604800}', 'NEL': '{"success_fraction":0,"report_to":"cf-nel","max_age":604800}', 'Server': 'cloudflare', 'CF-RAY': '86b0b1ba4fe1822a-IAD', 'alt-svc': 'h3=":443"; ma=86400'} 
 body={"results":[{"gender":"female","name":{"title":"Ms","first":"Jen","last":"Matthews"},"location":{"street":{"number":9304,"name":"Pearse Street"},"city":"Clonakilty","state":"Meath","country":"Ireland","postcode":18747,"coordinates":{"latitude":"0.6330","longitude":"165.7932"},"timezone":{"offset":"+5:00","description":"Ekaterinburg, Islamabad, Karachi, Tashkent"}},"email":"jen.matthews@example.com","login":{"uuid":"79dbea4a-1e96-4f15-8d0e-6c04cceb9a27","username":"whitegorilla815","password":"262626","salt":"4Kz0hvX1","md5":"79b40181ded265d1bbe9b13ee7ac6057","sha1":"b2e3025cb9285eabc61910f936dfdd60f894aacc","sha256":"70d52b59b8fd79cc14e225403e373c580cdbb2e9b5ea0e25b41a47278ae60071"},"dob":{"date":"1948-03-10T00:43:01.186Z","age":76},"registered":{"date":"2007-08-22T01:48:11.820Z","age":16},"phone":"061-876-6145","cell":"081-826-7585","id":{"name":"PPS","value":"1336881T"},"picture":{"large":"https://randomuser.me/api/portraits/women/78.jpg","medium":"https://randomuser.me/api/portraits/med/women/78.jpg","thumbnail":"https://randomuser.me/api/portraits/thumb/women/78.jpg"},"nat":"IE"}],"info":{"seed":"855e3032e891648b","results":1,"page":1,"version":"1.4"}} 
 </msg>
<msg time="2024-03-27T16:18:04.618800" level="INFO">/opt/hostedtoolcache/Python/3.12.2/x64/lib/python3.12/site-packages/urllib3/connectionpool.py:1103: InsecureRequestWarning: Unverified HTTPS request is being made to host 'randomuser.me'. Adding certificate verification is strongly advised. See: https://urllib3.readthedocs.io/en/latest/advanced-usage.html#tls-warnings
  warnings.warn(</msg>
<msg time="2024-03-27T16:18:04.618952" level="INFO">${response} = &lt;Response [200]&gt;</msg>
<var>${response}</var>
<arg>consultarAPI</arg>
<arg>/api</arg>
<doc>Sends a GET request on a previously created HTTP Session.</doc>
<status status="PASS" start="2024-03-27T16:18:04.520075" elapsed="0.098918"/>
</kw>
<kw name="Set Variable" owner="BuiltIn">
<msg time="2024-03-27T16:18:04.620042" level="INFO">${json_data} = {'results': [{'gender': 'female', 'name': {'title': 'Ms', 'first': 'Jen', 'last': 'Matthews'}, 'location': {'street': {'number': 9304, 'name': 'Pearse Street'}, 'city': 'Clonakilty', 'state': 'Meath',...</msg>
<var>${json_data}</var>
<arg>${response.json()}</arg>
<doc>Returns the given values which can then be assigned to a variables.</doc>
<status status="PASS" start="2024-03-27T16:18:04.619487" elapsed="0.000585"/>
</kw>
<kw name="Log" owner="BuiltIn">
<msg time="2024-03-27T16:18:04.620557" level="INFO">{'results': [{'gender': 'female', 'name': {'title': 'Ms', 'first': 'Jen', 'last': 'Matthews'}, 'location': {'street': {'number': 9304, 'name': 'Pearse Street'}, 'city': 'Clonakilty', 'state': 'Meath', 'country': 'Ireland', 'postcode': 18747, 'coordinates': {'latitude': '0.6330', 'longitude': '165.7932'}, 'timezone': {'offset': '+5:00', 'description': 'Ekaterinburg, Islamabad, Karachi, Tashkent'}}, 'email': 'jen.matthews@example.com', 'login': {'uuid': '79dbea4a-1e96-4f15-8d0e-6c04cceb9a27', 'username': 'whitegorilla815', 'password': '262626', 'salt': '4Kz0hvX1', 'md5': '79b40181ded265d1bbe9b13ee7ac6057', 'sha1': 'b2e3025cb9285eabc61910f936dfdd60f894aacc', 'sha256': '70d52b59b8fd79cc14e225403e373c580cdbb2e9b5ea0e25b41a47278ae60071'}, 'dob': {'date': '1948-03-10T00:43:01.186Z', 'age': 76}, 'registered': {'date': '2007-08-22T01:48:11.820Z', 'age': 16}, 'phone': '061-876-6145', 'cell': '081-826-7585', 'id': {'name': 'PPS', 'value': '1336881T'}, 'picture': {'large': 'https://randomuser.me/api/portraits/women/78.jpg', 'medium': 'https://randomuser.me/api/portraits/med/women/78.jpg', 'thumbnail': 'https://randomuser.me/api/portraits/thumb/women/78.jpg'}, 'nat': 'IE'}], 'info': {'seed': '855e3032e891648b', 'results': 1, 'page': 1, 'version': '1.4'}}</msg>
<arg>${json_data}</arg>
<doc>Logs the given message with the given level.</doc>
<status status="PASS" start="2024-03-27T16:18:04.620393" elapsed="0.000214"/>
</kw>
<kw name="Dictionary Should Contain Key" owner="Collections">
<msg time="2024-03-27T16:18:04.621068" level="INFO">False</msg>
<arg>${json_data}</arg>
<arg>results</arg>
<doc>Fails if ``key`` is not found from ``dictionary``.</doc>
<status status="PASS" start="2024-03-27T16:18:04.620908" elapsed="0.000198"/>
</kw>
<kw name="Should Not Be Empty" owner="BuiltIn">
<msg time="2024-03-27T16:18:04.621555" level="INFO">Length is 2.</msg>
<arg>${json_data}</arg>
<doc>Verifies that the given item is not empty.</doc>
<status status="PASS" start="2024-03-27T16:18:04.621416" elapsed="0.000179"/>
</kw>
<kw name="Create List" owner="BuiltIn">
<msg time="2024-03-27T16:18:04.622062" level="INFO">${expected_keys} = ['gender', 'name', 'location', 'email', 'login']</msg>
<var>${expected_keys}</var>
<arg>gender</arg>
<arg>name</arg>
<arg>location</arg>
<arg>email</arg>
<arg>login</arg>
<doc>Returns a list containing given items.</doc>
<status status="PASS" start="2024-03-27T16:18:04.621897" elapsed="0.000190"/>
</kw>
<for flavor="IN">
<iter>
<kw name="Dictionary Should Contain Key" owner="Collections">
<msg time="2024-03-27T16:18:04.623132" level="INFO">False</msg>
<arg>${json_data['results'][0]}</arg>
<arg>${key}</arg>
<doc>Fails if ``key`` is not found from ``dictionary``.</doc>
<status status="PASS" start="2024-03-27T16:18:04.622701" elapsed="0.000473"/>
</kw>
<kw name="Log" owner="BuiltIn">
<msg time="2024-03-27T16:18:04.623888" level="INFO">{'gender': 'female', 'name': {'title': 'Ms', 'first': 'Jen', 'last': 'Matthews'}, 'location': {'street': {'number': 9304, 'name': 'Pearse Street'}, 'city': 'Clonakilty', 'state': 'Meath', 'country': 'Ireland', 'postcode': 18747, 'coordinates': {'latitude': '0.6330', 'longitude': '165.7932'}, 'timezone': {'offset': '+5:00', 'description': 'Ekaterinburg, Islamabad, Karachi, Tashkent'}}, 'email': 'jen.matthews@example.com', 'login': {'uuid': '79dbea4a-1e96-4f15-8d0e-6c04cceb9a27', 'username': 'whitegorilla815', 'password': '262626', 'salt': '4Kz0hvX1', 'md5': '79b40181ded265d1bbe9b13ee7ac6057', 'sha1': 'b2e3025cb9285eabc61910f936dfdd60f894aacc', 'sha256': '70d52b59b8fd79cc14e225403e373c580cdbb2e9b5ea0e25b41a47278ae60071'}, 'dob': {'date': '1948-03-10T00:43:01.186Z', 'age': 76}, 'registered': {'date': '2007-08-22T01:48:11.820Z', 'age': 16}, 'phone': '061-876-6145', 'cell': '081-826-7585', 'id': {'name': 'PPS', 'value': '1336881T'}, 'picture': {'large': 'https://randomuser.me/api/portraits/women/78.jpg', 'medium': 'https://randomuser.me/api/portraits/med/women/78.jpg', 'thumbnail': 'https://randomuser.me/api/portraits/thumb/women/78.jpg'}, 'nat': 'IE'}</msg>
<arg>${json_data['results'][0]}</arg>
<doc>Logs the given message with the given level.</doc>
<status status="PASS" start="2024-03-27T16:18:04.623490" elapsed="0.000455"/>
</kw>
<kw name="Log" owner="BuiltIn">
<msg time="2024-03-27T16:18:04.624410" level="INFO">gender</msg>
<arg>${key}</arg>
<doc>Logs the given message with the given level.</doc>
<status status="PASS" start="2024-03-27T16:18:04.624274" elapsed="0.000176"/>
</kw>
<var name="${key}">gender</var>
<status status="PASS" start="2024-03-27T16:18:04.622572" elapsed="0.002101"/>
</iter>
<iter>
<kw name="Dictionary Should Contain Key" owner="Collections">
<msg time="2024-03-27T16:18:04.625408" level="INFO">False</msg>
<arg>${json_data['results'][0]}</arg>
<arg>${key}</arg>
<doc>Fails if ``key`` is not found from ``dictionary``.</doc>
<status status="PASS" start="2024-03-27T16:18:04.624992" elapsed="0.000456"/>
</kw>
<kw name="Log" owner="BuiltIn">
<msg time="2024-03-27T16:18:04.626169" level="INFO">{'gender': 'female', 'name': {'title': 'Ms', 'first': 'Jen', 'last': 'Matthews'}, 'location': {'street': {'number': 9304, 'name': 'Pearse Street'}, 'city': 'Clonakilty', 'state': 'Meath', 'country': 'Ireland', 'postcode': 18747, 'coordinates': {'latitude': '0.6330', 'longitude': '165.7932'}, 'timezone': {'offset': '+5:00', 'description': 'Ekaterinburg, Islamabad, Karachi, Tashkent'}}, 'email': 'jen.matthews@example.com', 'login': {'uuid': '79dbea4a-1e96-4f15-8d0e-6c04cceb9a27', 'username': 'whitegorilla815', 'password': '262626', 'salt': '4Kz0hvX1', 'md5': '79b40181ded265d1bbe9b13ee7ac6057', 'sha1': 'b2e3025cb9285eabc61910f936dfdd60f894aacc', 'sha256': '70d52b59b8fd79cc14e225403e373c580cdbb2e9b5ea0e25b41a47278ae60071'}, 'dob': {'date': '1948-03-10T00:43:01.186Z', 'age': 76}, 'registered': {'date': '2007-08-22T01:48:11.820Z', 'age': 16}, 'phone': '061-876-6145', 'cell': '081-826-7585', 'id': {'name': 'PPS', 'value': '1336881T'}, 'picture': {'large': 'https://randomuser.me/api/portraits/women/78.jpg', 'medium': 'https://randomuser.me/api/portraits/med/women/78.jpg', 'thumbnail': 'https://randomuser.me/api/portraits/thumb/women/78.jpg'}, 'nat': 'IE'}</msg>
<arg>${json_data['results'][0]}</arg>
<doc>Logs the given message with the given level.</doc>
<status status="PASS" start="2024-03-27T16:18:04.625801" elapsed="0.000417"/>
</kw>
<kw name="Log" owner="BuiltIn">
<msg time="2024-03-27T16:18:04.626679" level="INFO">name</msg>
<arg>${key}</arg>
<doc>Logs the given message with the given level.</doc>
<status status="PASS" start="2024-03-27T16:18:04.626543" elapsed="0.000176"/>
</kw>
<var name="${key}">name</var>
<status status="PASS" start="2024-03-27T16:18:04.624874" elapsed="0.002087"/>
</iter>
<iter>
<kw name="Dictionary Should Contain Key" owner="Collections">
<msg time="2024-03-27T16:18:04.627646" level="INFO">False</msg>
<arg>${json_data['results'][0]}</arg>
<arg>${key}</arg>
<doc>Fails if ``key`` is not found from ``dictionary``.</doc>
<status status="PASS" start="2024-03-27T16:18:04.627263" elapsed="0.000421"/>
</kw>
<kw name="Log" owner="BuiltIn">
<msg time="2024-03-27T16:18:04.628410" level="INFO">{'gender': 'female', 'name': {'title': 'Ms', 'first': 'Jen', 'last': 'Matthews'}, 'location': {'street': {'number': 9304, 'name': 'Pearse Street'}, 'city': 'Clonakilty', 'state': 'Meath', 'country': 'Ireland', 'postcode': 18747, 'coordinates': {'latitude': '0.6330', 'longitude': '165.7932'}, 'timezone': {'offset': '+5:00', 'description': 'Ekaterinburg, Islamabad, Karachi, Tashkent'}}, 'email': 'jen.matthews@example.com', 'login': {'uuid': '79dbea4a-1e96-4f15-8d0e-6c04cceb9a27', 'username': 'whitegorilla815', 'password': '262626', 'salt': '4Kz0hvX1', 'md5': '79b40181ded265d1bbe9b13ee7ac6057', 'sha1': 'b2e3025cb9285eabc61910f936dfdd60f894aacc', 'sha256': '70d52b59b8fd79cc14e225403e373c580cdbb2e9b5ea0e25b41a47278ae60071'}, 'dob': {'date': '1948-03-10T00:43:01.186Z', 'age': 76}, 'registered': {'date': '2007-08-22T01:48:11.820Z', 'age': 16}, 'phone': '061-876-6145', 'cell': '081-826-7585', 'id': {'name': 'PPS', 'value': '1336881T'}, 'picture': {'large': 'https://randomuser.me/api/portraits/women/78.jpg', 'medium': 'https://randomuser.me/api/portraits/med/women/78.jpg', 'thumbnail': 'https://randomuser.me/api/portraits/thumb/women/78.jpg'}, 'nat': 'IE'}</msg>
<arg>${json_data['results'][0]}</arg>
<doc>Logs the given message with the given level.</doc>
<status status="PASS" start="2024-03-27T16:18:04.628019" elapsed="0.000445"/>
</kw>
<kw name="Log" owner="BuiltIn">
<msg time="2024-03-27T16:18:04.628894" level="INFO">location</msg>
<arg>${key}</arg>
<doc>Logs the given message with the given level.</doc>
<status status="PASS" start="2024-03-27T16:18:04.628765" elapsed="0.000169"/>
</kw>
<var name="${key}">location</var>
<status status="PASS" start="2024-03-27T16:18:04.627143" elapsed="0.002008"/>
</iter>
<iter>
<kw name="Dictionary Should Contain Key" owner="Collections">
<msg time="2024-03-27T16:18:04.629863" level="INFO">False</msg>
<arg>${json_data['results'][0]}</arg>
<arg>${key}</arg>
<doc>Fails if ``key`` is not found from ``dictionary``.</doc>
<status status="PASS" start="2024-03-27T16:18:04.629458" elapsed="0.000443"/>
</kw>
<kw name="Log" owner="BuiltIn">
<msg time="2024-03-27T16:18:04.630561" level="INFO">{'gender': 'female', 'name': {'title': 'Ms', 'first': 'Jen', 'last': 'Matthews'}, 'location': {'street': {'number': 9304, 'name': 'Pearse Street'}, 'city': 'Clonakilty', 'state': 'Meath', 'country': 'Ireland', 'postcode': 18747, 'coordinates': {'latitude': '0.6330', 'longitude': '165.7932'}, 'timezone': {'offset': '+5:00', 'description': 'Ekaterinburg, Islamabad, Karachi, Tashkent'}}, 'email': 'jen.matthews@example.com', 'login': {'uuid': '79dbea4a-1e96-4f15-8d0e-6c04cceb9a27', 'username': 'whitegorilla815', 'password': '262626', 'salt': '4Kz0hvX1', 'md5': '79b40181ded265d1bbe9b13ee7ac6057', 'sha1': 'b2e3025cb9285eabc61910f936dfdd60f894aacc', 'sha256': '70d52b59b8fd79cc14e225403e373c580cdbb2e9b5ea0e25b41a47278ae60071'}, 'dob': {'date': '1948-03-10T00:43:01.186Z', 'age': 76}, 'registered': {'date': '2007-08-22T01:48:11.820Z', 'age': 16}, 'phone': '061-876-6145', 'cell': '081-826-7585', 'id': {'name': 'PPS', 'value': '1336881T'}, 'picture': {'large': 'https://randomuser.me/api/portraits/women/78.jpg', 'medium': 'https://randomuser.me/api/portraits/med/women/78.jpg', 'thumbnail': 'https://randomuser.me/api/portraits/thumb/women/78.jpg'}, 'nat': 'IE'}</msg>
<arg>${json_data['results'][0]}</arg>
<doc>Logs the given message with the given level.</doc>
<status status="PASS" start="2024-03-27T16:18:04.630204" elapsed="0.000406"/>
</kw>
<kw name="Log" owner="BuiltIn">
<msg time="2024-03-27T16:18:04.631058" level="INFO">email</msg>
<arg>${key}</arg>
<doc>Logs the given message with the given level.</doc>
<status status="PASS" start="2024-03-27T16:18:04.630917" elapsed="0.000181"/>
</kw>
<var name="${key}">email</var>
<status status="PASS" start="2024-03-27T16:18:04.629335" elapsed="0.001997"/>
</iter>
<iter>
<kw name="Dictionary Should Contain Key" owner="Collections">
<msg time="2024-03-27T16:18:04.632047" level="INFO">False</msg>
<arg>${json_data['results'][0]}</arg>
<arg>${key}</arg>
<doc>Fails if ``key`` is not found from ``dictionary``.</doc>
<status status="PASS" start="2024-03-27T16:18:04.631622" elapsed="0.000463"/>
</kw>
<kw name="Log" owner="BuiltIn">
<msg time="2024-03-27T16:18:04.632771" level="INFO">{'gender': 'female', 'name': {'title': 'Ms', 'first': 'Jen', 'last': 'Matthews'}, 'location': {'street': {'number': 9304, 'name': 'Pearse Street'}, 'city': 'Clonakilty', 'state': 'Meath', 'country': 'Ireland', 'postcode': 18747, 'coordinates': {'latitude': '0.6330', 'longitude': '165.7932'}, 'timezone': {'offset': '+5:00', 'description': 'Ekaterinburg, Islamabad, Karachi, Tashkent'}}, 'email': 'jen.matthews@example.com', 'login': {'uuid': '79dbea4a-1e96-4f15-8d0e-6c04cceb9a27', 'username': 'whitegorilla815', 'password': '262626', 'salt': '4Kz0hvX1', 'md5': '79b40181ded265d1bbe9b13ee7ac6057', 'sha1': 'b2e3025cb9285eabc61910f936dfdd60f894aacc', 'sha256': '70d52b59b8fd79cc14e225403e373c580cdbb2e9b5ea0e25b41a47278ae60071'}, 'dob': {'date': '1948-03-10T00:43:01.186Z', 'age': 76}, 'registered': {'date': '2007-08-22T01:48:11.820Z', 'age': 16}, 'phone': '061-876-6145', 'cell': '081-826-7585', 'id': {'name': 'PPS', 'value': '1336881T'}, 'picture': {'large': 'https://randomuser.me/api/portraits/women/78.jpg', 'medium': 'https://randomuser.me/api/portraits/med/women/78.jpg', 'thumbnail': 'https://randomuser.me/api/portraits/thumb/women/78.jpg'}, 'nat': 'IE'}</msg>
<arg>${json_data['results'][0]}</arg>
<doc>Logs the given message with the given level.</doc>
<status status="PASS" start="2024-03-27T16:18:04.632410" elapsed="0.000409"/>
</kw>
<kw name="Log" owner="BuiltIn">
<msg time="2024-03-27T16:18:04.633241" level="INFO">login</msg>
<arg>${key}</arg>
<doc>Logs the given message with the given level.</doc>
<status status="PASS" start="2024-03-27T16:18:04.633113" elapsed="0.000305"/>
</kw>
<var name="${key}">login</var>
<status status="PASS" start="2024-03-27T16:18:04.631506" elapsed="0.002187"/>
</iter>
<var>${key}</var>
<value>@{expected_keys}</value>
<status status="PASS" start="2024-03-27T16:18:04.622365" elapsed="0.011460"/>
</for>
<kw name="Create List" owner="BuiltIn">
<msg time="2024-03-27T16:18:04.634189" level="INFO">${expected_keysTwo} = ['username', 'password']</msg>
<var>${expected_keysTwo}</var>
<arg>username</arg>
<arg>password</arg>
<doc>Returns a list containing given items.</doc>
<status status="PASS" start="2024-03-27T16:18:04.634043" elapsed="0.000170"/>
</kw>
<for flavor="IN">
<iter>
<kw name="Dictionary Should Contain Key" owner="Collections">
<msg time="2024-03-27T16:18:04.635144" level="INFO">False</msg>
<arg>${json_data['results'][0]['login']}</arg>
<arg>${keyTwo}</arg>
<doc>Fails if ``key`` is not found from ``dictionary``.</doc>
<status status="PASS" start="2024-03-27T16:18:04.634740" elapsed="0.000443"/>
</kw>
<kw name="Dictionary Should Contain Key" owner="Collections">
<msg time="2024-03-27T16:18:04.635980" level="INFO">False</msg>
<arg>${json_data['results'][0]['login']}</arg>
<arg>${keyTwo}</arg>
<doc>Fails if ``key`` is not found from ``dictionary``.</doc>
<status status="PASS" start="2024-03-27T16:18:04.635528" elapsed="0.000492"/>
</kw>
<kw name="Log" owner="BuiltIn">
<msg time="2024-03-27T16:18:04.636476" level="INFO">username</msg>
<arg>${keyTwo}</arg>
<doc>Logs the given message with the given level.</doc>
<status status="PASS" start="2024-03-27T16:18:04.636341" elapsed="0.000174"/>
</kw>
<var name="${keyTwo}">username</var>
<status status="PASS" start="2024-03-27T16:18:04.634627" elapsed="0.002126"/>
</iter>
<iter>
<kw name="Dictionary Should Contain Key" owner="Collections">
<msg time="2024-03-27T16:18:04.637449" level="INFO">False</msg>
<arg>${json_data['results'][0]['login']}</arg>
<arg>${keyTwo}</arg>
<doc>Fails if ``key`` is not found from ``dictionary``.</doc>
<status status="PASS" start="2024-03-27T16:18:04.637057" elapsed="0.000431"/>
</kw>
<kw name="Dictionary Should Contain Key" owner="Collections">
<msg time="2024-03-27T16:18:04.638186" level="INFO">False</msg>
<arg>${json_data['results'][0]['login']}</arg>
<arg>${keyTwo}</arg>
<doc>Fails if ``key`` is not found from ``dictionary``.</doc>
<status status="PASS" start="2024-03-27T16:18:04.637790" elapsed="0.000434"/>
</kw>
<kw name="Log" owner="BuiltIn">
<msg time="2024-03-27T16:18:04.638652" level="INFO">password</msg>
<arg>${keyTwo}</arg>
<doc>Logs the given message with the given level.</doc>
<status status="PASS" start="2024-03-27T16:18:04.638524" elapsed="0.000168"/>
</kw>
<var name="${keyTwo}">password</var>
<status status="PASS" start="2024-03-27T16:18:04.636933" elapsed="0.001976"/>
</iter>
<var>${keyTwo}</var>
<value>@{expected_keysTwo}</value>
<status status="PASS" start="2024-03-27T16:18:04.634463" elapsed="0.004568"/>
</for>
<status status="PASS" start="2024-03-27T16:18:04.519804" elapsed="0.119380"/>
</kw>
<doc>Testa a estrutura da resposta da API.</doc>
<tag>testeEstruturaResposta</tag>
<status status="PASS" start="2024-03-27T16:18:04.519008" elapsed="0.120346"/>
</test>
<test id="s1-s1-t4" name="Validar tipos de dados" line="28">
<kw name="Teste de Tipos de Dados" owner="random-user-service">
<kw name="GET On Session" owner="RequestsLibrary">
<msg time="2024-03-27T16:18:04.717350" level="INFO">GET Request : url=https://randomuser.me/api 
 path_url=/api 
 headers={'User-Agent': 'python-requests/2.31.0', 'Accept-Encoding': 'gzip, deflate', 'Accept': '*/*', 'Connection': 'keep-alive'} 
 body=None 
 </msg>
<msg time="2024-03-27T16:18:04.717459" level="INFO">GET Response : url=https://randomuser.me/api 
 status=200, reason=OK 
 headers={'Date': 'Wed, 27 Mar 2024 16:18:04 GMT', 'Content-Type': 'application/json; charset=utf-8', 'Transfer-Encoding': 'chunked', 'Connection': 'keep-alive', 'X-Powered-By': 'Express', 'Access-Control-Allow-Origin': '*', 'Cache-Control': 'no-cache', 'ETag': 'W/"4a6-Nn3ae/V6f2807yAYcl4Pnuigtv0"', 'Vary': 'Accept-Encoding', 'Content-Encoding': 'gzip', 'CF-Cache-Status': 'DYNAMIC', 'Report-To': '{"endpoints":[{"url":"https:\\/\\/a.nel.cloudflare.com\\/report\\/v4?s=MKFDadjrt59ugwkkwdrpNCDbSzgr5trfWffBDvrfd7%2F9%2BscB2eA%2B%2FTsINNb%2BTR%2BU13x0TfpI6hxejaYuZjVJctWRjAlm%2BEgez6aUCqqXZ8t081FAWrW8z669qLmf2sqg"}],"group":"cf-nel","max_age":604800}', 'NEL': '{"success_fraction":0,"report_to":"cf-nel","max_age":604800}', 'Server': 'cloudflare', 'CF-RAY': '86b0b1bb08e0822a-IAD', 'alt-svc': 'h3=":443"; ma=86400'} 
 body={"results":[{"gender":"female","name":{"title":"Ms","first":"Judith","last":"Castillo"},"location":{"street":{"number":2277,"name":"Victoria Road"},"city":"Hereford","state":"Central","country":"United Kingdom","postcode":"F5X 7PZ","coordinates":{"latitude":"-10.3383","longitude":"164.4516"},"timezone":{"offset":"+11:00","description":"Magadan, Solomon Islands, New Caledonia"}},"email":"judith.castillo@example.com","login":{"uuid":"72df3e61-2c1b-4922-ad43-4bdc0687cc0b","username":"brownfish751","password":"damien","salt":"XfRLjj62","md5":"b4e4eafc12fa5a3fb1319ed30084cf99","sha1":"49719835d92622f5b6631f15e5bc597bf4bbed03","sha256":"5fed23ee9ea74c5d5a2064257afddb32d79e441ead2193b4869ed195c5455704"},"dob":{"date":"1991-12-14T02:56:52.161Z","age":32},"registered":{"date":"2017-08-24T03:35:25.587Z","age":6},"phone":"015242 80603","cell":"07302 790543","id":{"name":"NINO","value":"ML 90 91 16 Q"},"picture":{"large":"https://randomuser.me/api/portraits/women/3.jpg","medium":"https://randomuser.me/api/portraits/med/women/3.jpg","thumbnail":"https://randomuser.me/api/portraits/thumb/women/3.jpg"},"nat":"GB"}],"info":{"seed":"e387ad6454ad1614","results":1,"page":1,"version":"1.4"}} 
 </msg>
<msg time="2024-03-27T16:18:04.717530" level="INFO">/opt/hostedtoolcache/Python/3.12.2/x64/lib/python3.12/site-packages/urllib3/connectionpool.py:1103: InsecureRequestWarning: Unverified HTTPS request is being made to host 'randomuser.me'. Adding certificate verification is strongly advised. See: https://urllib3.readthedocs.io/en/latest/advanced-usage.html#tls-warnings
  warnings.warn(</msg>
<msg time="2024-03-27T16:18:04.717673" level="INFO">${response} = &lt;Response [200]&gt;</msg>
<var>${response}</var>
<arg>consultarAPI</arg>
<arg>/api</arg>
<doc>Sends a GET request on a previously created HTTP Session.</doc>
<status status="PASS" start="2024-03-27T16:18:04.641944" elapsed="0.075772"/>
</kw>
<kw name="Set Variable" owner="BuiltIn">
<msg time="2024-03-27T16:18:04.718795" level="INFO">${json_data} = {'results': [{'gender': 'female', 'name': {'title': 'Ms', 'first': 'Judith', 'last': 'Castillo'}, 'location': {'street': {'number': 2277, 'name': 'Victoria Road'}, 'city': 'Hereford', 'state': 'Centra...</msg>
<var>${json_data}</var>
<arg>${response.json()}</arg>
<doc>Returns the given values which can then be assigned to a variables.</doc>
<status status="PASS" start="2024-03-27T16:18:04.718276" elapsed="0.000548"/>
</kw>
<kw name="Log" owner="BuiltIn">
<msg time="2024-03-27T16:18:04.719294" level="INFO">{'results': [{'gender': 'female', 'name': {'title': 'Ms', 'first': 'Judith', 'last': 'Castillo'}, 'location': {'street': {'number': 2277, 'name': 'Victoria Road'}, 'city': 'Hereford', 'state': 'Central', 'country': 'United Kingdom', 'postcode': 'F5X 7PZ', 'coordinates': {'latitude': '-10.3383', 'longitude': '164.4516'}, 'timezone': {'offset': '+11:00', 'description': 'Magadan, Solomon Islands, New Caledonia'}}, 'email': 'judith.castillo@example.com', 'login': {'uuid': '72df3e61-2c1b-4922-ad43-4bdc0687cc0b', 'username': 'brownfish751', 'password': 'damien', 'salt': 'XfRLjj62', 'md5': 'b4e4eafc12fa5a3fb1319ed30084cf99', 'sha1': '49719835d92622f5b6631f15e5bc597bf4bbed03', 'sha256': '5fed23ee9ea74c5d5a2064257afddb32d79e441ead2193b4869ed195c5455704'}, 'dob': {'date': '1991-12-14T02:56:52.161Z', 'age': 32}, 'registered': {'date': '2017-08-24T03:35:25.587Z', 'age': 6}, 'phone': '015242 80603', 'cell': '07302 790543', 'id': {'name': 'NINO', 'value': 'ML 90 91 16 Q'}, 'picture': {'large': 'https://randomuser.me/api/portraits/women/3.jpg', 'medium': 'https://randomuser.me/api/portraits/med/women/3.jpg', 'thumbnail': 'https://randomuser.me/api/portraits/thumb/women/3.jpg'}, 'nat': 'GB'}], 'info': {'seed': 'e387ad6454ad1614', 'results': 1, 'page': 1, 'version': '1.4'}}</msg>
<arg>${json_data}</arg>
<doc>Logs the given message with the given level.</doc>
<status status="PASS" start="2024-03-27T16:18:04.719138" elapsed="0.000244"/>
</kw>
<kw name="Should Be String" owner="String">
<arg>${json_data['results'][0]['gender']}</arg>
<doc>Fails if the given ``item`` is not a string.</doc>
<status status="PASS" start="2024-03-27T16:18:04.719685" elapsed="0.000407"/>
</kw>
<kw name="Should Match Regexp" owner="BuiltIn">
<arg>${json_data['results'][0]['email']}</arg>
<arg>^[a-zA-Z0-9._%+-]+@[a-zA-Z0-9.-]+\.[a-zA-Z]{2,}$</arg>
<doc>Fails if ``string`` does not match ``pattern`` as a regular expression.</doc>
<status status="PASS" start="2024-03-27T16:18:04.720288" elapsed="0.000519"/>
</kw>
<kw name="Should Match Regexp" owner="BuiltIn">
<arg>${json_data['results'][0]['dob']['date']}</arg>
<arg>\\d{4}-\\d{2}-\\d{2}T\\d{2}:\\d{2}:\\d{2}\\.\\d{3}Z</arg>
<doc>Fails if ``string`` does not match ``pattern`` as a regular expression.</doc>
<status status="PASS" start="2024-03-27T16:18:04.721012" elapsed="0.000496"/>
</kw>
<kw name="Should Match Regexp" owner="BuiltIn">
<arg>${json_data['results'][0]['registered']['date']}</arg>
<arg>\\d{4}-\\d{2}-\\d{2}T\\d{2}:\\d{2}:\\d{2}\\.\\d{3}Z</arg>
<doc>Fails if ``string`` does not match ``pattern`` as a regular expression.</doc>
<status status="PASS" start="2024-03-27T16:18:04.721704" elapsed="0.000393"/>
</kw>
<kw name="Should Match Regexp" owner="BuiltIn">
<arg>${json_data['results'][0]['picture']['large']}</arg>
<arg>^https?://.*\.(?:png|jpe?g|gif|bmp)$</arg>
<doc>Fails if ``string`` does not match ``pattern`` as a regular expression.</doc>
<status status="PASS" start="2024-03-27T16:18:04.722307" elapsed="0.000526"/>
</kw>
<kw name="Should Match Regexp" owner="BuiltIn">
<arg>${json_data['results'][0]['picture']['medium']}</arg>
<arg>^https?://.*\.(?:png|jpe?g|gif|bmp)$</arg>
<doc>Fails if ``string`` does not match ``pattern`` as a regular expression.</doc>
<status status="PASS" start="2024-03-27T16:18:04.723064" elapsed="0.000393"/>
</kw>
<kw name="Should Match Regexp" owner="BuiltIn">
<arg>${json_data['results'][0]['picture']['thumbnail']}</arg>
<arg>^https?://.*\.(?:png|jpe?g|gif|bmp)$</arg>
<doc>Fails if ``string`` does not match ``pattern`` as a regular expression.</doc>
<status status="PASS" start="2024-03-27T16:18:04.723647" elapsed="0.000379"/>
</kw>
<kw name="Log" owner="BuiltIn">
<msg time="2024-03-27T16:18:04.724533" level="INFO">{'large': 'https://randomuser.me/api/portraits/women/3.jpg', 'medium': 'https://randomuser.me/api/portraits/med/women/3.jpg', 'thumbnail': 'https://randomuser.me/api/portraits/thumb/women/3.jpg'}</msg>
<arg>${json_data['results'][0]['picture']}</arg>
<doc>Logs the given message with the given level.</doc>
<status status="PASS" start="2024-03-27T16:18:04.724206" elapsed="0.000375"/>
</kw>
<status status="PASS" start="2024-03-27T16:18:04.641702" elapsed="0.083141"/>
</kw>
<kw name="Teste de Tipos de Dados - Postcode" owner="random-user-service">
<kw name="GET On Session" owner="RequestsLibrary">
<msg time="2024-03-27T16:18:04.821180" level="INFO">GET Request : url=https://randomuser.me/api 
 path_url=/api 
 headers={'User-Agent': 'python-requests/2.31.0', 'Accept-Encoding': 'gzip, deflate', 'Accept': '*/*', 'Connection': 'keep-alive'} 
 body=None 
 </msg>
<msg time="2024-03-27T16:18:04.821276" level="INFO">GET Response : url=https://randomuser.me/api 
 status=200, reason=OK 
 headers={'Date': 'Wed, 27 Mar 2024 16:18:04 GMT', 'Content-Type': 'application/json; charset=utf-8', 'Transfer-Encoding': 'chunked', 'Connection': 'keep-alive', 'X-Powered-By': 'Express', 'Access-Control-Allow-Origin': '*', 'Cache-Control': 'no-cache', 'ETag': 'W/"485-yCRD0D7OvZzoeQHY73nULR/imZo"', 'Vary': 'Accept-Encoding', 'Content-Encoding': 'gzip', 'CF-Cache-Status': 'DYNAMIC', 'Report-To': '{"endpoints":[{"url":"https:\\/\\/a.nel.cloudflare.com\\/report\\/v4?s=snSnRJfzvOHF2CXxEtZQ%2B5GDt7thKHsw4xbefDdUAsQTSAl7vGiOH2afbnWZB6ihiyFPrmv80Lt6XaLVoMbArfKT371B3L9vUqE6qaOQK9zEsqOejqS2vP7%2FDyvhN%2FfL"}],"group":"cf-nel","max_age":604800}', 'NEL': '{"success_fraction":0,"report_to":"cf-nel","max_age":604800}', 'Server': 'cloudflare', 'CF-RAY': '86b0b1bb89a6822a-IAD', 'alt-svc': 'h3=":443"; ma=86400'} 
 body={"results":[{"gender":"male","name":{"title":"Mr","first":"Tyler","last":"Anderson"},"location":{"street":{"number":6188,"name":"South Western Arterial"},"city":"Wellington","state":"Waikato","country":"New Zealand","postcode":91798,"coordinates":{"latitude":"47.5848","longitude":"-75.8937"},"timezone":{"offset":"+9:30","description":"Adelaide, Darwin"}},"email":"tyler.anderson@example.com","login":{"uuid":"f0e9cede-fd6e-469c-80d1-1689b83ae749","username":"smallbutterfly162","password":"187187","salt":"91A5zKWF","md5":"94a885a08722c3736473888a1e515036","sha1":"3366d1220b89b214fff18d164d46613114d68be0","sha256":"29b2c4cbf2945e780aa47c6c722e026f2674d20fb8a2e4ad64792b1e9fc33320"},"dob":{"date":"1969-05-31T06:02:08.714Z","age":54},"registered":{"date":"2013-03-27T12:43:34.336Z","age":11},"phone":"(751)-694-2676","cell":"(139)-877-3285","id":{"name":"","value":null},"picture":{"large":"https://randomuser.me/api/portraits/men/59.jpg","medium":"https://randomuser.me/api/portraits/med/men/59.jpg","thumbnail":"https://randomuser.me/api/portraits/thumb/men/59.jpg"},"nat":"NZ"}],"info":{"seed":"23a7e099bd7fe4cb","results":1,"page":1,"version":"1.4"}} 
 </msg>
<msg time="2024-03-27T16:18:04.821361" level="INFO">/opt/hostedtoolcache/Python/3.12.2/x64/lib/python3.12/site-packages/urllib3/connectionpool.py:1103: InsecureRequestWarning: Unverified HTTPS request is being made to host 'randomuser.me'. Adding certificate verification is strongly advised. See: https://urllib3.readthedocs.io/en/latest/advanced-usage.html#tls-warnings
  warnings.warn(</msg>
<msg time="2024-03-27T16:18:04.821502" level="INFO">${response} = &lt;Response [200]&gt;</msg>
<var>${response}</var>
<arg>consultarAPI</arg>
<arg>/api</arg>
<doc>Sends a GET request on a previously created HTTP Session.</doc>
<status status="PASS" start="2024-03-27T16:18:04.725459" elapsed="0.096087"/>
</kw>
<kw name="Set Variable" owner="BuiltIn">
<msg time="2024-03-27T16:18:04.822605" level="INFO">${json_data} = {'results': [{'gender': 'male', 'name': {'title': 'Mr', 'first': 'Tyler', 'last': 'Anderson'}, 'location': {'street': {'number': 6188, 'name': 'South Western Arterial'}, 'city': 'Wellington', 'state':...</msg>
<var>${json_data}</var>
<arg>${response.json()}</arg>
<doc>Returns the given values which can then be assigned to a variables.</doc>
<status status="PASS" start="2024-03-27T16:18:04.822096" elapsed="0.000537"/>
</kw>
<kw name="Log" owner="BuiltIn">
<msg time="2024-03-27T16:18:04.823095" level="INFO">{'results': [{'gender': 'male', 'name': {'title': 'Mr', 'first': 'Tyler', 'last': 'Anderson'}, 'location': {'street': {'number': 6188, 'name': 'South Western Arterial'}, 'city': 'Wellington', 'state': 'Waikato', 'country': 'New Zealand', 'postcode': 91798, 'coordinates': {'latitude': '47.5848', 'longitude': '-75.8937'}, 'timezone': {'offset': '+9:30', 'description': 'Adelaide, Darwin'}}, 'email': 'tyler.anderson@example.com', 'login': {'uuid': 'f0e9cede-fd6e-469c-80d1-1689b83ae749', 'username': 'smallbutterfly162', 'password': '187187', 'salt': '91A5zKWF', 'md5': '94a885a08722c3736473888a1e515036', 'sha1': '3366d1220b89b214fff18d164d46613114d68be0', 'sha256': '29b2c4cbf2945e780aa47c6c722e026f2674d20fb8a2e4ad64792b1e9fc33320'}, 'dob': {'date': '1969-05-31T06:02:08.714Z', 'age': 54}, 'registered': {'date': '2013-03-27T12:43:34.336Z', 'age': 11}, 'phone': '(751)-694-2676', 'cell': '(139)-877-3285', 'id': {'name': '', 'value': None}, 'picture': {'large': 'https://randomuser.me/api/portraits/men/59.jpg', 'medium': 'https://randomuser.me/api/portraits/med/men/59.jpg', 'thumbnail': 'https://randomuser.me/api/portraits/thumb/men/59.jpg'}, 'nat': 'NZ'}], 'info': {'seed': '23a7e099bd7fe4cb', 'results': 1, 'page': 1, 'version': '1.4'}}</msg>
<arg>${json_data}</arg>
<doc>Logs the given message with the given level.</doc>
<status status="PASS" start="2024-03-27T16:18:04.822940" elapsed="0.000237"/>
</kw>
<kw name="Should Be Equal As Numbers" owner="BuiltIn">
<arg>${json_data['results'][0]['location']['postcode']}</arg>
<arg>${json_data['results'][0]['location']['postcode']}</arg>
<doc>Fails if objects are unequal after converting them to real numbers.</doc>
<status status="PASS" start="2024-03-27T16:18:04.823480" elapsed="0.000671"/>
</kw>
<kw name="Log" owner="BuiltIn">
<msg time="2024-03-27T16:18:04.824699" level="INFO">91798</msg>
<arg>${json_data['results'][0]['location']['postcode']}</arg>
<doc>Logs the given message with the given level.</doc>
<status status="PASS" start="2024-03-27T16:18:04.824356" elapsed="0.000384"/>
</kw>
<status status="PASS" start="2024-03-27T16:18:04.725076" elapsed="0.099927"/>
</kw>
<doc>Testa se os tipos de dados na resposta da API estão corretos.</doc>
<tag>testeTiposDados</tag>
<status status="PASS" start="2024-03-27T16:18:04.641186" elapsed="0.183990"/>
</test>
<test id="s1-s1-t5" name="Validar conteudo" line="35">
<kw name="Teste de Tipos de Conteudo" owner="random-user-service">
<kw name="GET On Session" owner="RequestsLibrary">
<msg time="2024-03-27T16:18:04.922011" level="INFO">GET Request : url=https://randomuser.me/api 
 path_url=/api 
 headers={'User-Agent': 'python-requests/2.31.0', 'Accept-Encoding': 'gzip, deflate', 'Accept': '*/*', 'Connection': 'keep-alive'} 
 body=None 
 </msg>
<msg time="2024-03-27T16:18:04.922111" level="INFO">GET Response : url=https://randomuser.me/api 
 status=200, reason=OK 
 headers={'Date': 'Wed, 27 Mar 2024 16:18:04 GMT', 'Content-Type': 'application/json; charset=utf-8', 'Transfer-Encoding': 'chunked', 'Connection': 'keep-alive', 'X-Powered-By': 'Express', 'Access-Control-Allow-Origin': '*', 'Cache-Control': 'no-cache', 'ETag': 'W/"4b2-+M+mqERclDui3EWoYMAKocJb2PQ"', 'Vary': 'Accept-Encoding', 'Content-Encoding': 'gzip', 'CF-Cache-Status': 'DYNAMIC', 'Report-To': '{"endpoints":[{"url":"https:\\/\\/a.nel.cloudflare.com\\/report\\/v4?s=Wl66eb4K1C4n9QF9SD3B0RgTYdCDxSCxenjuS%2FIXyIB1dNumcD44x%2B35iVi9GQ62RXi%2BNkRPZnriq7akW7wAhn1rn0vVA4Ybqu62L9OmTSpU1%2Fb5qa6XuWx1XhbyIQBz"}],"group":"cf-nel","max_age":604800}', 'NEL': '{"success_fraction":0,"report_to":"cf-nel","max_age":604800}', 'Server': 'cloudflare', 'CF-RAY': '86b0b1bc2a6f822a-IAD', 'alt-svc': 'h3=":443"; ma=86400'} 
 body={"results":[{"gender":"female","name":{"title":"Mrs","first":"Katerine","last":"da Cunha"},"location":{"street":{"number":2678,"name":"Rua Bela Vista "},"city":"Presidente Prudente","state":"Amazonas","country":"Brazil","postcode":81995,"coordinates":{"latitude":"-81.0099","longitude":"69.8984"},"timezone":{"offset":"+11:00","description":"Magadan, Solomon Islands, New Caledonia"}},"email":"katerine.dacunha@example.com","login":{"uuid":"847f41b2-cd68-41d9-a0c8-002441176717","username":"orangebear149","password":"shun","salt":"ZAFg3Lyd","md5":"08419da1d41e927b1540ae21b7ed3dbc","sha1":"9403f8b86389618e196a7639f24a23971d643126","sha256":"19bfa4a79372fe6fc434b2cf06f45607a3a4470f8ad55a6f975f94b99699dfab"},"dob":{"date":"1951-11-13T16:12:27.546Z","age":72},"registered":{"date":"2008-04-08T04:39:45.694Z","age":15},"phone":"(10) 4340-4869","cell":"(06) 9998-8736","id":{"name":"CPF","value":"190.488.450-80"},"picture":{"large":"https://randomuser.me/api/portraits/women/24.jpg","medium":"https://randomuser.me/api/portraits/med/women/24.jpg","thumbnail":"https://randomuser.me/api/portraits/thumb/women/24.jpg"},"nat":"BR"}],"info":{"seed":"fcc3fb767a6160dc","results":1,"page":1,"version":"1.4"}} 
 </msg>
<msg time="2024-03-27T16:18:04.922181" level="INFO">/opt/hostedtoolcache/Python/3.12.2/x64/lib/python3.12/site-packages/urllib3/connectionpool.py:1103: InsecureRequestWarning: Unverified HTTPS request is being made to host 'randomuser.me'. Adding certificate verification is strongly advised. See: https://urllib3.readthedocs.io/en/latest/advanced-usage.html#tls-warnings
  warnings.warn(</msg>
<msg time="2024-03-27T16:18:04.922324" level="INFO">${response} = &lt;Response [200]&gt;</msg>
<var>${response}</var>
<arg>consultarAPI</arg>
<arg>/api</arg>
<doc>Sends a GET request on a previously created HTTP Session.</doc>
<status status="PASS" start="2024-03-27T16:18:04.827842" elapsed="0.094522"/>
</kw>
<kw name="Set Variable" owner="BuiltIn">
<msg time="2024-03-27T16:18:04.923438" level="INFO">${json_data} = {'results': [{'gender': 'female', 'name': {'title': 'Mrs', 'first': 'Katerine', 'last': 'da Cunha'}, 'location': {'street': {'number': 2678, 'name': 'Rua Bela Vista '}, 'city': 'Presidente Prudente', ...</msg>
<var>${json_data}</var>
<arg>${response.json()}</arg>
<doc>Returns the given values which can then be assigned to a variables.</doc>
<status status="PASS" start="2024-03-27T16:18:04.922925" elapsed="0.000541"/>
</kw>
<kw name="Set Variable" owner="BuiltIn">
<msg time="2024-03-27T16:18:04.924211" level="INFO">${name_title} = Mrs</msg>
<var>${name_title}</var>
<arg>${json_data["results"][0]["name"]["title"]}</arg>
<doc>Returns the given values which can then be assigned to a variables.</doc>
<status status="PASS" start="2024-03-27T16:18:04.923772" elapsed="0.000465"/>
</kw>
<kw name="Create List" owner="BuiltIn">
<msg time="2024-03-27T16:18:04.924700" level="INFO">${allowed_titles} = ['Mr', 'Ms', 'Miss', 'Mrs', 'Madame', 'Monsieur']</msg>
<var>${allowed_titles}</var>
<arg>Mr</arg>
<arg>Ms</arg>
<arg>Miss</arg>
<arg>Mrs</arg>
<arg>Madame</arg>
<arg>Monsieur</arg>
<doc>Returns a list containing given items.</doc>
<status status="PASS" start="2024-03-27T16:18:04.924548" elapsed="0.000176"/>
</kw>
<kw name="List Should Contain Value" owner="Collections">
<msg time="2024-03-27T16:18:04.925209" level="INFO">False</msg>
<arg>${allowed_titles}</arg>
<arg>${name_title}</arg>
<doc>Fails if the ``value`` is not found from ``list``.</doc>
<status status="PASS" start="2024-03-27T16:18:04.925031" elapsed="0.000216"/>
</kw>
<kw name="Set Variable" owner="BuiltIn">
<msg time="2024-03-27T16:18:04.925955" level="INFO">${name_country} = BR</msg>
<var>${name_country}</var>
<arg>${json_data["results"][0]["nat"]}</arg>
<doc>Returns the given values which can then be assigned to a variables.</doc>
<status status="PASS" start="2024-03-27T16:18:04.925560" elapsed="0.000423"/>
</kw>
<kw name="Create List" owner="BuiltIn">
<msg time="2024-03-27T16:18:04.926901" level="INFO">${list_country} = ['AD', 'AE', 'AF', 'AG', 'AI', 'AL', 'AM', 'AO', 'AQ', 'AR', 'AS', 'AT', 'AU', 'AW', 'AX', 'AZ', 'BA', 'BB', 'BD', 'BE', 'BF', 'BG', 'BH', 'BI', 'BJ', 'BL', 'BM', 'BN', 'BO', 'BQ', 'BR', 'BS', 'BT', '...</msg>
<var>${list_country}</var>
<arg>AD</arg>
<arg>AE</arg>
<arg>AF</arg>
<arg>AG</arg>
<arg>AI</arg>
<arg>AL</arg>
<arg>AM</arg>
<arg>AO</arg>
<arg>AQ</arg>
<arg>AR</arg>
<arg>AS</arg>
<arg>AT</arg>
<arg>AU</arg>
<arg>AW</arg>
<arg>AX</arg>
<arg>AZ</arg>
<arg>BA</arg>
<arg>BB</arg>
<arg>BD</arg>
<arg>BE</arg>
<arg>BF</arg>
<arg>BG</arg>
<arg>BH</arg>
<arg>BI</arg>
<arg>BJ</arg>
<arg>BL</arg>
<arg>BM</arg>
<arg>BN</arg>
<arg>BO</arg>
<arg>BQ</arg>
<arg>BR</arg>
<arg>BS</arg>
<arg>BT</arg>
<arg>BV</arg>
<arg>BW</arg>
<arg>BY</arg>
<arg>BZ</arg>
<arg>CA</arg>
<arg>CC</arg>
<arg>CD</arg>
<arg>CF</arg>
<arg>CG</arg>
<arg>CH</arg>
<arg>CI</arg>
<arg>CK</arg>
<arg>CL</arg>
<arg>CM</arg>
<arg>CN</arg>
<arg>CO</arg>
<arg>CR</arg>
<arg>CU</arg>
<arg>CV</arg>
<arg>CW</arg>
<arg>CX</arg>
<arg>CY</arg>
<arg>CZ</arg>
<arg>DE</arg>
<arg>DJ</arg>
<arg>DK</arg>
<arg>DM</arg>
<arg>DO</arg>
<arg>DZ</arg>
<arg>EC</arg>
<arg>EE</arg>
<arg>EG</arg>
<arg>EH</arg>
<arg>ER</arg>
<arg>ES</arg>
<arg>ET</arg>
<arg>FI</arg>
<arg>FJ</arg>
<arg>FK</arg>
<arg>FM</arg>
<arg>FO</arg>
<arg>FR</arg>
<arg>GA</arg>
<arg>GB</arg>
<arg>GD</arg>
<arg>GE</arg>
<arg>GF</arg>
<arg>GG</arg>
<arg>GH</arg>
<arg>GI</arg>
<arg>GL</arg>
<arg>GM</arg>
<arg>GN</arg>
<arg>GP</arg>
<arg>GQ</arg>
<arg>GR</arg>
<arg>GS</arg>
<arg>GT</arg>
<arg>GU</arg>
<arg>GW</arg>
<arg>GY</arg>
<arg>HK</arg>
<arg>HM</arg>
<arg>HN</arg>
<arg>HR</arg>
<arg>HT</arg>
<arg>HU</arg>
<arg>ID</arg>
<arg>IE</arg>
<arg>IL</arg>
<arg>IM</arg>
<arg>IN</arg>
<arg>IO</arg>
<arg>IQ</arg>
<arg>IR</arg>
<arg>IS</arg>
<arg>IT</arg>
<arg>JE</arg>
<arg>JM</arg>
<arg>JO</arg>
<arg>JP</arg>
<arg>KE</arg>
<arg>KG</arg>
<arg>KH</arg>
<arg>KI</arg>
<arg>KM</arg>
<arg>KN</arg>
<arg>KP</arg>
<arg>KR</arg>
<arg>KW</arg>
<arg>KY</arg>
<arg>KZ</arg>
<arg>LA</arg>
<arg>LB</arg>
<arg>LC</arg>
<arg>LI</arg>
<arg>LK</arg>
<arg>LR</arg>
<arg>LS</arg>
<arg>LT</arg>
<arg>LU</arg>
<arg>LV</arg>
<arg>LY</arg>
<arg>MA</arg>
<arg>MC</arg>
<arg>MD</arg>
<arg>ME</arg>
<arg>MF</arg>
<arg>MG</arg>
<arg>MH</arg>
<arg>MK</arg>
<arg>ML</arg>
<arg>MM</arg>
<arg>MN</arg>
<arg>MO</arg>
<arg>MP</arg>
<arg>MQ</arg>
<arg>MR</arg>
<arg>MS</arg>
<arg>MT</arg>
<arg>MU</arg>
<arg>MV</arg>
<arg>MW</arg>
<arg>MX</arg>
<arg>MY</arg>
<arg>MZ</arg>
<arg>NA</arg>
<arg>NC</arg>
<arg>NE</arg>
<arg>NF</arg>
<arg>NG</arg>
<arg>NI</arg>
<arg>NL</arg>
<arg>NO</arg>
<arg>NP</arg>
<arg>NR</arg>
<arg>NU</arg>
<arg>NZ</arg>
<arg>OM</arg>
<arg>PA</arg>
<arg>PE</arg>
<arg>PF</arg>
<arg>PG</arg>
<arg>PH</arg>
<arg>PK</arg>
<arg>PL</arg>
<arg>PM</arg>
<arg>PN</arg>
<arg>PR</arg>
<arg>PS</arg>
<arg>PT</arg>
<arg>PW</arg>
<arg>PY</arg>
<arg>QA</arg>
<arg>RE</arg>
<arg>RO</arg>
<arg>RS</arg>
<arg>RU</arg>
<arg>RW</arg>
<arg>SA</arg>
<arg>SB</arg>
<arg>SC</arg>
<arg>SD</arg>
<arg>SE</arg>
<arg>SG</arg>
<arg>SH</arg>
<arg>SI</arg>
<arg>SJ</arg>
<arg>SK</arg>
<arg>SL</arg>
<arg>SM</arg>
<arg>SN</arg>
<arg>SO</arg>
<arg>SR</arg>
<arg>SS</arg>
<arg>ST</arg>
<arg>SV</arg>
<arg>SX</arg>
<arg>SY</arg>
<arg>SZ</arg>
<arg>TC</arg>
<arg>TD</arg>
<arg>TF</arg>
<arg>TG</arg>
<arg>TH</arg>
<arg>TJ</arg>
<arg>TK</arg>
<arg>TL</arg>
<arg>TM</arg>
<arg>TN</arg>
<arg>TO</arg>
<arg>TR</arg>
<arg>TT</arg>
<arg>TV</arg>
<arg>TW</arg>
<arg>TZ</arg>
<arg>UA</arg>
<arg>UG</arg>
<arg>UM</arg>
<arg>US</arg>
<arg>UY</arg>
<arg>UZ</arg>
<arg>VA</arg>
<arg>VC</arg>
<arg>VE</arg>
<arg>VG</arg>
<arg>VI</arg>
<arg>VN</arg>
<arg>VU</arg>
<arg>WF</arg>
<arg>WS</arg>
<arg>XK</arg>
<arg>YE</arg>
<arg>YT</arg>
<arg>ZA</arg>
<arg>ZM</arg>
<arg>ZW</arg>
<doc>Returns a list containing given items.</doc>
<status status="PASS" start="2024-03-27T16:18:04.926296" elapsed="0.000630"/>
</kw>
<kw name="List Should Contain Value" owner="Collections">
<msg time="2024-03-27T16:18:04.928119" level="INFO">False</msg>
<arg>${list_country}</arg>
<arg>${name_country}</arg>
<doc>Fails if the ``value`` is not found from ``list``.</doc>
<status status="PASS" start="2024-03-27T16:18:04.927896" elapsed="0.000261"/>
</kw>
<kw name="Run Keyword If" owner="BuiltIn">
<kw name="Should Be True" owner="BuiltIn">
<arg>${True}</arg>
<doc>Fails if the given condition is not true.</doc>
<status status="PASS" start="2024-03-27T16:18:04.929246" elapsed="0.000155"/>
</kw>
<arg>${json_data["results"][0]["location"]["coordinates"]["latitude"]} &gt;= -90 and ${json_data["results"][0]["location"]["coordinates"]["latitude"]} &lt;= 90</arg>
<arg>Should Be True</arg>
<arg>${True}</arg>
<doc>Runs the given keyword with the given arguments, if ``condition`` is true.</doc>
<status status="PASS" start="2024-03-27T16:18:04.928479" elapsed="0.001050"/>
</kw>
<kw name="Run Keyword If" owner="BuiltIn">
<kw name="Should Be True" owner="BuiltIn">
<arg>${True}</arg>
<doc>Fails if the given condition is not true.</doc>
<status status="PASS" start="2024-03-27T16:18:04.930419" elapsed="0.000139"/>
</kw>
<arg>${json_data["results"][0]["location"]["coordinates"]["longitude"]} &gt;= -180 and ${json_data["results"][0]["location"]["coordinates"]["longitude"]} &lt;= 180</arg>
<arg>Should Be True</arg>
<arg>${True}</arg>
<doc>Runs the given keyword with the given arguments, if ``condition`` is true.</doc>
<status status="PASS" start="2024-03-27T16:18:04.929716" elapsed="0.000967"/>
</kw>
<status status="PASS" start="2024-03-27T16:18:04.827613" elapsed="0.103205"/>
</kw>
<doc>Testa o conteúdo específico dos campos retornados pela API.</doc>
<tag>testeConteudo</tag>
<status status="PASS" start="2024-03-27T16:18:04.827025" elapsed="0.103953"/>
</test>
<status status="PASS" start="2024-03-27T16:18:04.126433" elapsed="0.806595"/>
</suite>
<status status="PASS" start="2024-03-27T16:18:04.112471" elapsed="0.826355"/>
</suite>
<statistics>
<total>
<stat pass="5" fail="0" skip="0">All Tests</stat>
</total>
<tag>
<stat pass="1" fail="0" skip="0">testeConteudo</stat>
<stat pass="1" fail="0" skip="0">testeEstruturaResposta</stat>
<stat pass="1" fail="0" skip="0">testeRequisicaoBasica</stat>
<stat pass="1" fail="0" skip="0">testeTiposDados</stat>
</tag>
<suite>
<stat pass="5" fail="0" skip="0" id="s1" name="Tests">Tests</stat>
<stat pass="5" fail="0" skip="0" id="s1-s1" name="Random-User-Test">Tests.Random-User-Test</stat>
</suite>
</statistics>
<errors>
</errors>
</robot>
