<?xml version="1.0" encoding="UTF-8"?>
<robot generator="Robot 7.0 (Python 3.12.2 on linux)" generated="2024-03-25T01:55:49.033145" rpa="false" schemaversion="5">
<suite id="s1" name="Tests" source="/home/runner/work/DesafioQAItauRogerioJordao/DesafioQAItauRogerioJordao/RamdonUser/tests">
<suite id="s1-s1" name="Random-User-Test" source="/home/runner/work/DesafioQAItauRogerioJordao/DesafioQAItauRogerioJordao/RamdonUser/tests/random-user-test.robot">
<test id="s1-s1-t1" name="Conectar" line="13">
<kw name="Conectar API" owner="random-user-service">
<kw name="Create Session" owner="RequestsLibrary">
<msg time="2024-03-25T01:55:49.384890" level="INFO">Creating Session using : alias=consultarAPI, url=https://randomuser.me/, headers={},                     cookies={}, auth=None, timeout=None, proxies=None, verify=False,                     debug=0 </msg>
<arg>consultarAPI</arg>
<arg>${URL}</arg>
<doc>Create Session: create a HTTP session to a server</doc>
<status status="PASS" start="2024-03-25T01:55:49.384691" elapsed="0.000371"/>
</kw>
<status status="PASS" start="2024-03-25T01:55:49.383683" elapsed="0.001728"/>
</kw>
<status status="PASS" start="2024-03-25T01:55:49.383147" elapsed="0.002470"/>
</test>
<test id="s1-s1-t2" name="Validar retorno 200 e JSON Válido" line="16">
<kw name="Teste de Requisicao Basica" owner="random-user-service">
<kw name="GET On Session" owner="RequestsLibrary">
<msg time="2024-03-25T01:55:49.654039" level="INFO">GET Request : url=https://randomuser.me/api 
 path_url=/api 
 headers={'User-Agent': 'python-requests/2.31.0', 'Accept-Encoding': 'gzip, deflate', 'Accept': '*/*', 'Connection': 'keep-alive'} 
 body=None 
 </msg>
<msg time="2024-03-25T01:55:49.654164" level="INFO">GET Response : url=https://randomuser.me/api 
 status=200, reason=OK 
 headers={'Date': 'Mon, 25 Mar 2024 01:55:49 GMT', 'Content-Type': 'application/json; charset=utf-8', 'Transfer-Encoding': 'chunked', 'Connection': 'keep-alive', 'X-Powered-By': 'Express', 'Access-Control-Allow-Origin': '*', 'Cache-Control': 'no-cache', 'ETag': 'W/"485-GrfhPWsteaVfwUA6BaIXH0KFrn8"', 'Vary': 'Accept-Encoding', 'Content-Encoding': 'gzip', 'CF-Cache-Status': 'DYNAMIC', 'Report-To': '{"endpoints":[{"url":"https:\\/\\/a.nel.cloudflare.com\\/report\\/v4?s=9g%2BSPd2XsyBEY%2FHaHbsf6Bf8jGrg%2BzzyGNObE%2B9RguYc7AckR7C5k%2FS5RM%2FE70qoJoO7ZVydUt4%2FUFTX%2FktMfuJIrhquONEo385Ubgt%2BA952bu%2B5q90ih%2BtcUB%2BxLUID"}],"group":"cf-nel","max_age":604800}', 'NEL': '{"success_fraction":0,"report_to":"cf-nel","max_age":604800}', 'Server': 'cloudflare', 'CF-RAY': '869b47eacf2bfaae-SJC', 'alt-svc': 'h3=":443"; ma=86400'} 
 body={"results":[{"gender":"female","name":{"title":"Ms","first":"Iselin","last":"Dyrkorn"},"location":{"street":{"number":4268,"name":"Kanonhallveien"},"city":"Ågotnes","state":"Rogaland","country":"Norway","postcode":"4066","coordinates":{"latitude":"42.0156","longitude":"155.4753"},"timezone":{"offset":"-7:00","description":"Mountain Time (US &amp; Canada)"}},"email":"iselin.dyrkorn@example.com","login":{"uuid":"62d266fa-8ead-4225-9e8e-c7ee563fc1b5","username":"tinyrabbit522","password":"losers","salt":"4PZjhuu5","md5":"47f5b9370248f002ed5a3712d7edaf23","sha1":"556842eb036f0d17d1156edc38b34419f4190844","sha256":"2a94aa9cb100a4dddf26cc359f716def8417a0a68add799864e82e5d44ca7a52"},"dob":{"date":"1995-03-07T10:42:40.301Z","age":29},"registered":{"date":"2020-03-11T08:39:43.219Z","age":4},"phone":"52971731","cell":"95765721","id":{"name":"FN","value":"07039521053"},"picture":{"large":"https://randomuser.me/api/portraits/women/36.jpg","medium":"https://randomuser.me/api/portraits/med/women/36.jpg","thumbnail":"https://randomuser.me/api/portraits/thumb/women/36.jpg"},"nat":"NO"}],"info":{"seed":"fcab2f3dcdca8074","results":1,"page":1,"version":"1.4"}} 
 </msg>
<msg time="2024-03-25T01:55:49.654268" level="INFO">/opt/hostedtoolcache/Python/3.12.2/x64/lib/python3.12/site-packages/urllib3/connectionpool.py:1103: InsecureRequestWarning: Unverified HTTPS request is being made to host 'randomuser.me'. Adding certificate verification is strongly advised. See: https://urllib3.readthedocs.io/en/latest/advanced-usage.html#tls-warnings
  warnings.warn(</msg>
<msg time="2024-03-25T01:55:49.654384" level="INFO">${response} = &lt;Response [200]&gt;</msg>
<var>${response}</var>
<arg>consultarAPI</arg>
<arg>/api</arg>
<doc>Sends a GET request on a previously created HTTP Session.</doc>
<status status="PASS" start="2024-03-25T01:55:49.388236" elapsed="0.266191"/>
</kw>
<kw name="Should Be Equal As Numbers" owner="BuiltIn">
<msg time="2024-03-25T01:55:49.655506" level="INFO">Argument types are:
&lt;class 'int'&gt;
&lt;class 'str'&gt;</msg>
<arg>${response.status_code}</arg>
<arg>200</arg>
<doc>Fails if objects are unequal after converting them to real numbers.</doc>
<status status="PASS" start="2024-03-25T01:55:49.654988" elapsed="0.000581"/>
</kw>
<kw name="Log" owner="BuiltIn">
<msg time="2024-03-25T01:55:49.656262" level="INFO">200</msg>
<arg>${response.status_code}</arg>
<doc>Logs the given message with the given level.</doc>
<status status="PASS" start="2024-03-25T01:55:49.655900" elapsed="0.000405"/>
</kw>
<kw name="Set Variable" owner="BuiltIn">
<msg time="2024-03-25T01:55:49.657083" level="INFO">${json_data} = {'results': [{'gender': 'female', 'name': {'title': 'Ms', 'first': 'Iselin', 'last': 'Dyrkorn'}, 'location': {'street': {'number': 4268, 'name': 'Kanonhallveien'}, 'city': 'Ågotnes', 'state': 'Rogalan...</msg>
<var>${json_data}</var>
<arg>${response.json()}</arg>
<doc>Returns the given values which can then be assigned to a variables.</doc>
<status status="PASS" start="2024-03-25T01:55:49.656637" elapsed="0.000475"/>
</kw>
<kw name="Dictionary Should Contain Key" owner="Collections">
<msg time="2024-03-25T01:55:49.657584" level="INFO">False</msg>
<arg>${json_data}</arg>
<arg>results</arg>
<doc>Fails if ``key`` is not found from ``dictionary``.</doc>
<status status="PASS" start="2024-03-25T01:55:49.657417" elapsed="0.000206"/>
</kw>
<status status="PASS" start="2024-03-25T01:55:49.387984" elapsed="0.269891"/>
</kw>
<doc>Testa se a API responde corretamente e retorna um objeto JSON válido.</doc>
<tag>testeRequisicaoBasica</tag>
<status status="PASS" start="2024-03-25T01:55:49.387512" elapsed="0.270540"/>
</test>
<test id="s1-s1-t3" name="Validar estrutura de resposta" line="22">
<kw name="Teste de Estrutura de Resposta" owner="random-user-service">
<kw name="GET On Session" owner="RequestsLibrary">
<msg time="2024-03-25T01:55:49.757006" level="INFO">GET Request : url=https://randomuser.me/api 
 path_url=/api 
 headers={'User-Agent': 'python-requests/2.31.0', 'Accept-Encoding': 'gzip, deflate', 'Accept': '*/*', 'Connection': 'keep-alive'} 
 body=None 
 </msg>
<msg time="2024-03-25T01:55:49.757092" level="INFO">GET Response : url=https://randomuser.me/api 
 status=200, reason=OK 
 headers={'Date': 'Mon, 25 Mar 2024 01:55:49 GMT', 'Content-Type': 'application/json; charset=utf-8', 'Transfer-Encoding': 'chunked', 'Connection': 'keep-alive', 'X-Powered-By': 'Express', 'Access-Control-Allow-Origin': '*', 'Cache-Control': 'no-cache', 'ETag': 'W/"477-ykaMNX8JA2amca2p+nJ8xWab1K0"', 'Vary': 'Accept-Encoding', 'Content-Encoding': 'gzip', 'CF-Cache-Status': 'DYNAMIC', 'Report-To': '{"endpoints":[{"url":"https:\\/\\/a.nel.cloudflare.com\\/report\\/v4?s=IsF1Ztng8af15QRxwfcB1byruoM4BjJqiOBNTnJgUVDGVo0O4YTOR8PhG4GRMNAxMv1Je1dpu83SYp1ExAJvmj8gt%2Fcbf%2Bivaq811nnUnFjRZkbonGk37JOhJkcFM22h"}],"group":"cf-nel","max_age":604800}', 'NEL': '{"success_fraction":0,"report_to":"cf-nel","max_age":604800}', 'Server': 'cloudflare', 'CF-RAY': '869b47eb6fe6faae-SJC', 'alt-svc': 'h3=":443"; ma=86400'} 
 body={"results":[{"gender":"male","name":{"title":"Mr","first":"Norman","last":"Kastl"},"location":{"street":{"number":4544,"name":"Talstraße"},"city":"Zwickau","state":"Hessen","country":"Germany","postcode":84268,"coordinates":{"latitude":"-53.7098","longitude":"-24.9318"},"timezone":{"offset":"-2:00","description":"Mid-Atlantic"}},"email":"norman.kastl@example.com","login":{"uuid":"b667ef6d-a476-447b-ac21-5fdd6dec512b","username":"blackbutterfly435","password":"sabres","salt":"OtBxrCSP","md5":"d6fb814dc70f36f1eb8415a09e53f2af","sha1":"1a2b95048dbedf485c03af27a97da2ecc7fd7aa8","sha256":"aa2663049dedb71f9e815c011015ec01781c959d2c94877c669e91b796cb1cf1"},"dob":{"date":"2001-04-14T16:47:06.337Z","age":22},"registered":{"date":"2019-09-04T07:08:18.218Z","age":4},"phone":"0489-7301743","cell":"0173-8830044","id":{"name":"SVNR","value":"82 1404101 K 050"},"picture":{"large":"https://randomuser.me/api/portraits/men/86.jpg","medium":"https://randomuser.me/api/portraits/med/men/86.jpg","thumbnail":"https://randomuser.me/api/portraits/thumb/men/86.jpg"},"nat":"DE"}],"info":{"seed":"be26dbaa93ec2428","results":1,"page":1,"version":"1.4"}} 
 </msg>
<msg time="2024-03-25T01:55:49.757229" level="INFO">/opt/hostedtoolcache/Python/3.12.2/x64/lib/python3.12/site-packages/urllib3/connectionpool.py:1103: InsecureRequestWarning: Unverified HTTPS request is being made to host 'randomuser.me'. Adding certificate verification is strongly advised. See: https://urllib3.readthedocs.io/en/latest/advanced-usage.html#tls-warnings
  warnings.warn(</msg>
<msg time="2024-03-25T01:55:49.757355" level="INFO">${response} = &lt;Response [200]&gt;</msg>
<var>${response}</var>
<arg>consultarAPI</arg>
<arg>/api</arg>
<doc>Sends a GET request on a previously created HTTP Session.</doc>
<status status="PASS" start="2024-03-25T01:55:49.660786" elapsed="0.096619"/>
</kw>
<kw name="Set Variable" owner="BuiltIn">
<msg time="2024-03-25T01:55:49.758493" level="INFO">${json_data} = {'results': [{'gender': 'male', 'name': {'title': 'Mr', 'first': 'Norman', 'last': 'Kastl'}, 'location': {'street': {'number': 4544, 'name': 'Talstraße'}, 'city': 'Zwickau', 'state': 'Hessen', 'countr...</msg>
<var>${json_data}</var>
<arg>${response.json()}</arg>
<doc>Returns the given values which can then be assigned to a variables.</doc>
<status status="PASS" start="2024-03-25T01:55:49.757891" elapsed="0.000632"/>
</kw>
<kw name="Log" owner="BuiltIn">
<msg time="2024-03-25T01:55:49.759051" level="INFO">{'results': [{'gender': 'male', 'name': {'title': 'Mr', 'first': 'Norman', 'last': 'Kastl'}, 'location': {'street': {'number': 4544, 'name': 'Talstraße'}, 'city': 'Zwickau', 'state': 'Hessen', 'country': 'Germany', 'postcode': 84268, 'coordinates': {'latitude': '-53.7098', 'longitude': '-24.9318'}, 'timezone': {'offset': '-2:00', 'description': 'Mid-Atlantic'}}, 'email': 'norman.kastl@example.com', 'login': {'uuid': 'b667ef6d-a476-447b-ac21-5fdd6dec512b', 'username': 'blackbutterfly435', 'password': 'sabres', 'salt': 'OtBxrCSP', 'md5': 'd6fb814dc70f36f1eb8415a09e53f2af', 'sha1': '1a2b95048dbedf485c03af27a97da2ecc7fd7aa8', 'sha256': 'aa2663049dedb71f9e815c011015ec01781c959d2c94877c669e91b796cb1cf1'}, 'dob': {'date': '2001-04-14T16:47:06.337Z', 'age': 22}, 'registered': {'date': '2019-09-04T07:08:18.218Z', 'age': 4}, 'phone': '0489-7301743', 'cell': '0173-8830044', 'id': {'name': 'SVNR', 'value': '82 1404101 K 050'}, 'picture': {'large': 'https://randomuser.me/api/portraits/men/86.jpg', 'medium': 'https://randomuser.me/api/portraits/med/men/86.jpg', 'thumbnail': 'https://randomuser.me/api/portraits/thumb/men/86.jpg'}, 'nat': 'DE'}], 'info': {'seed': 'be26dbaa93ec2428', 'results': 1, 'page': 1, 'version': '1.4'}}</msg>
<arg>${json_data}</arg>
<doc>Logs the given message with the given level.</doc>
<status status="PASS" start="2024-03-25T01:55:49.758884" elapsed="0.000217"/>
</kw>
<kw name="Dictionary Should Contain Key" owner="Collections">
<msg time="2024-03-25T01:55:49.759561" level="INFO">False</msg>
<arg>${json_data}</arg>
<arg>results</arg>
<doc>Fails if ``key`` is not found from ``dictionary``.</doc>
<status status="PASS" start="2024-03-25T01:55:49.759405" elapsed="0.000195"/>
</kw>
<kw name="Should Not Be Empty" owner="BuiltIn">
<msg time="2024-03-25T01:55:49.760033" level="INFO">Length is 2.</msg>
<arg>${json_data}</arg>
<doc>Verifies that the given item is not empty.</doc>
<status status="PASS" start="2024-03-25T01:55:49.759898" elapsed="0.000174"/>
</kw>
<kw name="Create List" owner="BuiltIn">
<msg time="2024-03-25T01:55:49.760524" level="INFO">${expected_keys} = ['gender', 'name', 'location', 'email', 'login']</msg>
<var>${expected_keys}</var>
<arg>gender</arg>
<arg>name</arg>
<arg>location</arg>
<arg>email</arg>
<arg>login</arg>
<doc>Returns a list containing given items.</doc>
<status status="PASS" start="2024-03-25T01:55:49.760368" elapsed="0.000181"/>
</kw>
<for flavor="IN">
<iter>
<kw name="Dictionary Should Contain Key" owner="Collections">
<msg time="2024-03-25T01:55:49.761537" level="INFO">False</msg>
<arg>${json_data['results'][0]}</arg>
<arg>${key}</arg>
<doc>Fails if ``key`` is not found from ``dictionary``.</doc>
<status status="PASS" start="2024-03-25T01:55:49.761118" elapsed="0.000460"/>
</kw>
<kw name="Log" owner="BuiltIn">
<msg time="2024-03-25T01:55:49.762272" level="INFO">{'gender': 'male', 'name': {'title': 'Mr', 'first': 'Norman', 'last': 'Kastl'}, 'location': {'street': {'number': 4544, 'name': 'Talstraße'}, 'city': 'Zwickau', 'state': 'Hessen', 'country': 'Germany', 'postcode': 84268, 'coordinates': {'latitude': '-53.7098', 'longitude': '-24.9318'}, 'timezone': {'offset': '-2:00', 'description': 'Mid-Atlantic'}}, 'email': 'norman.kastl@example.com', 'login': {'uuid': 'b667ef6d-a476-447b-ac21-5fdd6dec512b', 'username': 'blackbutterfly435', 'password': 'sabres', 'salt': 'OtBxrCSP', 'md5': 'd6fb814dc70f36f1eb8415a09e53f2af', 'sha1': '1a2b95048dbedf485c03af27a97da2ecc7fd7aa8', 'sha256': 'aa2663049dedb71f9e815c011015ec01781c959d2c94877c669e91b796cb1cf1'}, 'dob': {'date': '2001-04-14T16:47:06.337Z', 'age': 22}, 'registered': {'date': '2019-09-04T07:08:18.218Z', 'age': 4}, 'phone': '0489-7301743', 'cell': '0173-8830044', 'id': {'name': 'SVNR', 'value': '82 1404101 K 050'}, 'picture': {'large': 'https://randomuser.me/api/portraits/men/86.jpg', 'medium': 'https://randomuser.me/api/portraits/med/men/86.jpg', 'thumbnail': 'https://randomuser.me/api/portraits/thumb/men/86.jpg'}, 'nat': 'DE'}</msg>
<arg>${json_data['results'][0]}</arg>
<doc>Logs the given message with the given level.</doc>
<status status="PASS" start="2024-03-25T01:55:49.761888" elapsed="0.000440"/>
</kw>
<kw name="Log" owner="BuiltIn">
<msg time="2024-03-25T01:55:49.762810" level="INFO">gender</msg>
<arg>${key}</arg>
<doc>Logs the given message with the given level.</doc>
<status status="PASS" start="2024-03-25T01:55:49.762647" elapsed="0.000203"/>
</kw>
<var name="${key}">gender</var>
<status status="PASS" start="2024-03-25T01:55:49.760994" elapsed="0.002083"/>
</iter>
<iter>
<kw name="Dictionary Should Contain Key" owner="Collections">
<msg time="2024-03-25T01:55:49.763779" level="INFO">False</msg>
<arg>${json_data['results'][0]}</arg>
<arg>${key}</arg>
<doc>Fails if ``key`` is not found from ``dictionary``.</doc>
<status status="PASS" start="2024-03-25T01:55:49.763388" elapsed="0.000428"/>
</kw>
<kw name="Log" owner="BuiltIn">
<msg time="2024-03-25T01:55:49.764529" level="INFO">{'gender': 'male', 'name': {'title': 'Mr', 'first': 'Norman', 'last': 'Kastl'}, 'location': {'street': {'number': 4544, 'name': 'Talstraße'}, 'city': 'Zwickau', 'state': 'Hessen', 'country': 'Germany', 'postcode': 84268, 'coordinates': {'latitude': '-53.7098', 'longitude': '-24.9318'}, 'timezone': {'offset': '-2:00', 'description': 'Mid-Atlantic'}}, 'email': 'norman.kastl@example.com', 'login': {'uuid': 'b667ef6d-a476-447b-ac21-5fdd6dec512b', 'username': 'blackbutterfly435', 'password': 'sabres', 'salt': 'OtBxrCSP', 'md5': 'd6fb814dc70f36f1eb8415a09e53f2af', 'sha1': '1a2b95048dbedf485c03af27a97da2ecc7fd7aa8', 'sha256': 'aa2663049dedb71f9e815c011015ec01781c959d2c94877c669e91b796cb1cf1'}, 'dob': {'date': '2001-04-14T16:47:06.337Z', 'age': 22}, 'registered': {'date': '2019-09-04T07:08:18.218Z', 'age': 4}, 'phone': '0489-7301743', 'cell': '0173-8830044', 'id': {'name': 'SVNR', 'value': '82 1404101 K 050'}, 'picture': {'large': 'https://randomuser.me/api/portraits/men/86.jpg', 'medium': 'https://randomuser.me/api/portraits/med/men/86.jpg', 'thumbnail': 'https://randomuser.me/api/portraits/thumb/men/86.jpg'}, 'nat': 'DE'}</msg>
<arg>${json_data['results'][0]}</arg>
<doc>Logs the given message with the given level.</doc>
<status status="PASS" start="2024-03-25T01:55:49.764159" elapsed="0.000420"/>
</kw>
<kw name="Log" owner="BuiltIn">
<msg time="2024-03-25T01:55:49.765016" level="INFO">name</msg>
<arg>${key}</arg>
<doc>Logs the given message with the given level.</doc>
<status status="PASS" start="2024-03-25T01:55:49.764883" elapsed="0.000172"/>
</kw>
<var name="${key}">name</var>
<status status="PASS" start="2024-03-25T01:55:49.763270" elapsed="0.002005"/>
</iter>
<iter>
<kw name="Dictionary Should Contain Key" owner="Collections">
<msg time="2024-03-25T01:55:49.765950" level="INFO">False</msg>
<arg>${json_data['results'][0]}</arg>
<arg>${key}</arg>
<doc>Fails if ``key`` is not found from ``dictionary``.</doc>
<status status="PASS" start="2024-03-25T01:55:49.765571" elapsed="0.000417"/>
</kw>
<kw name="Log" owner="BuiltIn">
<msg time="2024-03-25T01:55:49.766652" level="INFO">{'gender': 'male', 'name': {'title': 'Mr', 'first': 'Norman', 'last': 'Kastl'}, 'location': {'street': {'number': 4544, 'name': 'Talstraße'}, 'city': 'Zwickau', 'state': 'Hessen', 'country': 'Germany', 'postcode': 84268, 'coordinates': {'latitude': '-53.7098', 'longitude': '-24.9318'}, 'timezone': {'offset': '-2:00', 'description': 'Mid-Atlantic'}}, 'email': 'norman.kastl@example.com', 'login': {'uuid': 'b667ef6d-a476-447b-ac21-5fdd6dec512b', 'username': 'blackbutterfly435', 'password': 'sabres', 'salt': 'OtBxrCSP', 'md5': 'd6fb814dc70f36f1eb8415a09e53f2af', 'sha1': '1a2b95048dbedf485c03af27a97da2ecc7fd7aa8', 'sha256': 'aa2663049dedb71f9e815c011015ec01781c959d2c94877c669e91b796cb1cf1'}, 'dob': {'date': '2001-04-14T16:47:06.337Z', 'age': 22}, 'registered': {'date': '2019-09-04T07:08:18.218Z', 'age': 4}, 'phone': '0489-7301743', 'cell': '0173-8830044', 'id': {'name': 'SVNR', 'value': '82 1404101 K 050'}, 'picture': {'large': 'https://randomuser.me/api/portraits/men/86.jpg', 'medium': 'https://randomuser.me/api/portraits/med/men/86.jpg', 'thumbnail': 'https://randomuser.me/api/portraits/thumb/men/86.jpg'}, 'nat': 'DE'}</msg>
<arg>${json_data['results'][0]}</arg>
<doc>Logs the given message with the given level.</doc>
<status status="PASS" start="2024-03-25T01:55:49.766287" elapsed="0.000446"/>
</kw>
<kw name="Log" owner="BuiltIn">
<msg time="2024-03-25T01:55:49.767171" level="INFO">location</msg>
<arg>${key}</arg>
<doc>Logs the given message with the given level.</doc>
<status status="PASS" start="2024-03-25T01:55:49.767043" elapsed="0.000167"/>
</kw>
<var name="${key}">location</var>
<status status="PASS" start="2024-03-25T01:55:49.765457" elapsed="0.001966"/>
</iter>
<iter>
<kw name="Dictionary Should Contain Key" owner="Collections">
<msg time="2024-03-25T01:55:49.768089" level="INFO">False</msg>
<arg>${json_data['results'][0]}</arg>
<arg>${key}</arg>
<doc>Fails if ``key`` is not found from ``dictionary``.</doc>
<status status="PASS" start="2024-03-25T01:55:49.767710" elapsed="0.000417"/>
</kw>
<kw name="Log" owner="BuiltIn">
<msg time="2024-03-25T01:55:49.768785" level="INFO">{'gender': 'male', 'name': {'title': 'Mr', 'first': 'Norman', 'last': 'Kastl'}, 'location': {'street': {'number': 4544, 'name': 'Talstraße'}, 'city': 'Zwickau', 'state': 'Hessen', 'country': 'Germany', 'postcode': 84268, 'coordinates': {'latitude': '-53.7098', 'longitude': '-24.9318'}, 'timezone': {'offset': '-2:00', 'description': 'Mid-Atlantic'}}, 'email': 'norman.kastl@example.com', 'login': {'uuid': 'b667ef6d-a476-447b-ac21-5fdd6dec512b', 'username': 'blackbutterfly435', 'password': 'sabres', 'salt': 'OtBxrCSP', 'md5': 'd6fb814dc70f36f1eb8415a09e53f2af', 'sha1': '1a2b95048dbedf485c03af27a97da2ecc7fd7aa8', 'sha256': 'aa2663049dedb71f9e815c011015ec01781c959d2c94877c669e91b796cb1cf1'}, 'dob': {'date': '2001-04-14T16:47:06.337Z', 'age': 22}, 'registered': {'date': '2019-09-04T07:08:18.218Z', 'age': 4}, 'phone': '0489-7301743', 'cell': '0173-8830044', 'id': {'name': 'SVNR', 'value': '82 1404101 K 050'}, 'picture': {'large': 'https://randomuser.me/api/portraits/men/86.jpg', 'medium': 'https://randomuser.me/api/portraits/med/men/86.jpg', 'thumbnail': 'https://randomuser.me/api/portraits/thumb/men/86.jpg'}, 'nat': 'DE'}</msg>
<arg>${json_data['results'][0]}</arg>
<doc>Logs the given message with the given level.</doc>
<status status="PASS" start="2024-03-25T01:55:49.768424" elapsed="0.000409"/>
</kw>
<kw name="Log" owner="BuiltIn">
<msg time="2024-03-25T01:55:49.769255" level="INFO">email</msg>
<arg>${key}</arg>
<doc>Logs the given message with the given level.</doc>
<status status="PASS" start="2024-03-25T01:55:49.769128" elapsed="0.000164"/>
</kw>
<var name="${key}">email</var>
<status status="PASS" start="2024-03-25T01:55:49.767599" elapsed="0.001906"/>
</iter>
<iter>
<kw name="Dictionary Should Contain Key" owner="Collections">
<msg time="2024-03-25T01:55:49.770184" level="INFO">False</msg>
<arg>${json_data['results'][0]}</arg>
<arg>${key}</arg>
<doc>Fails if ``key`` is not found from ``dictionary``.</doc>
<status status="PASS" start="2024-03-25T01:55:49.769795" elapsed="0.000426"/>
</kw>
<kw name="Log" owner="BuiltIn">
<msg time="2024-03-25T01:55:49.770911" level="INFO">{'gender': 'male', 'name': {'title': 'Mr', 'first': 'Norman', 'last': 'Kastl'}, 'location': {'street': {'number': 4544, 'name': 'Talstraße'}, 'city': 'Zwickau', 'state': 'Hessen', 'country': 'Germany', 'postcode': 84268, 'coordinates': {'latitude': '-53.7098', 'longitude': '-24.9318'}, 'timezone': {'offset': '-2:00', 'description': 'Mid-Atlantic'}}, 'email': 'norman.kastl@example.com', 'login': {'uuid': 'b667ef6d-a476-447b-ac21-5fdd6dec512b', 'username': 'blackbutterfly435', 'password': 'sabres', 'salt': 'OtBxrCSP', 'md5': 'd6fb814dc70f36f1eb8415a09e53f2af', 'sha1': '1a2b95048dbedf485c03af27a97da2ecc7fd7aa8', 'sha256': 'aa2663049dedb71f9e815c011015ec01781c959d2c94877c669e91b796cb1cf1'}, 'dob': {'date': '2001-04-14T16:47:06.337Z', 'age': 22}, 'registered': {'date': '2019-09-04T07:08:18.218Z', 'age': 4}, 'phone': '0489-7301743', 'cell': '0173-8830044', 'id': {'name': 'SVNR', 'value': '82 1404101 K 050'}, 'picture': {'large': 'https://randomuser.me/api/portraits/men/86.jpg', 'medium': 'https://randomuser.me/api/portraits/med/men/86.jpg', 'thumbnail': 'https://randomuser.me/api/portraits/thumb/men/86.jpg'}, 'nat': 'DE'}</msg>
<arg>${json_data['results'][0]}</arg>
<doc>Logs the given message with the given level.</doc>
<status status="PASS" start="2024-03-25T01:55:49.770514" elapsed="0.000447"/>
</kw>
<kw name="Log" owner="BuiltIn">
<msg time="2024-03-25T01:55:49.771385" level="INFO">login</msg>
<arg>${key}</arg>
<doc>Logs the given message with the given level.</doc>
<status status="PASS" start="2024-03-25T01:55:49.771257" elapsed="0.000268"/>
</kw>
<var name="${key}">login</var>
<status status="PASS" start="2024-03-25T01:55:49.769678" elapsed="0.002074"/>
</iter>
<var>${key}</var>
<value>@{expected_keys}</value>
<status status="PASS" start="2024-03-25T01:55:49.760809" elapsed="0.011070"/>
</for>
<kw name="Create List" owner="BuiltIn">
<msg time="2024-03-25T01:55:49.772253" level="INFO">${expected_keysTwo} = ['username', 'password']</msg>
<var>${expected_keysTwo}</var>
<arg>username</arg>
<arg>password</arg>
<doc>Returns a list containing given items.</doc>
<status status="PASS" start="2024-03-25T01:55:49.772111" elapsed="0.000165"/>
</kw>
<for flavor="IN">
<iter>
<kw name="Dictionary Should Contain Key" owner="Collections">
<msg time="2024-03-25T01:55:49.773173" level="INFO">False</msg>
<arg>${json_data['results'][0]['login']}</arg>
<arg>${keyTwo}</arg>
<doc>Fails if ``key`` is not found from ``dictionary``.</doc>
<status status="PASS" start="2024-03-25T01:55:49.772778" elapsed="0.000432"/>
</kw>
<kw name="Dictionary Should Contain Key" owner="Collections">
<msg time="2024-03-25T01:55:49.773887" level="INFO">False</msg>
<arg>${json_data['results'][0]['login']}</arg>
<arg>${keyTwo}</arg>
<doc>Fails if ``key`` is not found from ``dictionary``.</doc>
<status status="PASS" start="2024-03-25T01:55:49.773507" elapsed="0.000417"/>
</kw>
<kw name="Log" owner="BuiltIn">
<msg time="2024-03-25T01:55:49.774347" level="INFO">username</msg>
<arg>${keyTwo}</arg>
<doc>Logs the given message with the given level.</doc>
<status status="PASS" start="2024-03-25T01:55:49.774219" elapsed="0.000166"/>
</kw>
<var name="${keyTwo}">username</var>
<status status="PASS" start="2024-03-25T01:55:49.772666" elapsed="0.001933"/>
</iter>
<iter>
<kw name="Dictionary Should Contain Key" owner="Collections">
<msg time="2024-03-25T01:55:49.775290" level="INFO">False</msg>
<arg>${json_data['results'][0]['login']}</arg>
<arg>${keyTwo}</arg>
<doc>Fails if ``key`` is not found from ``dictionary``.</doc>
<status status="PASS" start="2024-03-25T01:55:49.774915" elapsed="0.000412"/>
</kw>
<kw name="Dictionary Should Contain Key" owner="Collections">
<msg time="2024-03-25T01:55:49.775999" level="INFO">False</msg>
<arg>${json_data['results'][0]['login']}</arg>
<arg>${keyTwo}</arg>
<doc>Fails if ``key`` is not found from ``dictionary``.</doc>
<status status="PASS" start="2024-03-25T01:55:49.775617" elapsed="0.000418"/>
</kw>
<kw name="Log" owner="BuiltIn">
<msg time="2024-03-25T01:55:49.776454" level="INFO">password</msg>
<arg>${keyTwo}</arg>
<doc>Logs the given message with the given level.</doc>
<status status="PASS" start="2024-03-25T01:55:49.776327" elapsed="0.000165"/>
</kw>
<var name="${keyTwo}">password</var>
<status status="PASS" start="2024-03-25T01:55:49.774803" elapsed="0.001901"/>
</iter>
<var>${keyTwo}</var>
<value>@{expected_keysTwo}</value>
<status status="PASS" start="2024-03-25T01:55:49.772514" elapsed="0.004312"/>
</for>
<status status="PASS" start="2024-03-25T01:55:49.660552" elapsed="0.116414"/>
</kw>
<doc>Testa a estrutura da resposta da API.</doc>
<tag>testeEstruturaResposta</tag>
<status status="PASS" start="2024-03-25T01:55:49.659948" elapsed="0.117173"/>
</test>
<test id="s1-s1-t4" name="Validar tipos de dados" line="28">
<kw name="Teste de Tipos de Dados" owner="random-user-service">
<kw name="GET On Session" owner="RequestsLibrary">
<msg time="2024-03-25T01:55:50.159704" level="INFO">GET Request : url=https://randomuser.me/api 
 path_url=/api 
 headers={'User-Agent': 'python-requests/2.31.0', 'Accept-Encoding': 'gzip, deflate', 'Accept': '*/*', 'Connection': 'keep-alive'} 
 body=None 
 </msg>
<msg time="2024-03-25T01:55:50.159803" level="INFO">GET Response : url=https://randomuser.me/api 
 status=200, reason=OK 
 headers={'Date': 'Mon, 25 Mar 2024 01:55:50 GMT', 'Content-Type': 'application/json; charset=utf-8', 'Transfer-Encoding': 'chunked', 'Connection': 'keep-alive', 'X-Powered-By': 'Express', 'Access-Control-Allow-Origin': '*', 'Cache-Control': 'no-cache', 'ETag': 'W/"4a6-Y5paI2dGpWNIH0zP+WCryG6d4gI"', 'Vary': 'Accept-Encoding', 'Content-Encoding': 'gzip', 'CF-Cache-Status': 'DYNAMIC', 'Report-To': '{"endpoints":[{"url":"https:\\/\\/a.nel.cloudflare.com\\/report\\/v4?s=u0L%2BFg5OYJxc6ztDmAqBtgqCiACT4Do5novmPxw%2FwOe3qvAFrnLzemHNBO%2Fyg2peJNdNpDL7Q1n4hpdL93v5by%2FBcnvWGj65i5vpHCf0eoeHHpKmfWCjaLNqeYzIJtTJ"}],"group":"cf-nel","max_age":604800}', 'NEL': '{"success_fraction":0,"report_to":"cf-nel","max_age":604800}', 'Server': 'cloudflare', 'CF-RAY': '869b47ec2886faae-SJC', 'alt-svc': 'h3=":443"; ma=86400'} 
 body={"results":[{"gender":"female","name":{"title":"Mrs","first":"Godofreda","last":"Mendes"},"location":{"street":{"number":5906,"name":"Rua São Luiz "},"city":"Paulo Afonso","state":"São Paulo","country":"Brazil","postcode":79953,"coordinates":{"latitude":"-76.8563","longitude":"175.2874"},"timezone":{"offset":"+1:00","description":"Brussels, Copenhagen, Madrid, Paris"}},"email":"godofreda.mendes@example.com","login":{"uuid":"69a79caf-c9ed-4c47-a774-20fc54464bce","username":"crazycat112","password":"iomega","salt":"L41YsEkE","md5":"4afaaa8520d2db031c66994a7a445506","sha1":"0270fc63e119b66426cdf48757753c94d8503816","sha256":"899e6c8a5890329ad61e53cf3642b56201bd453047886551b678fbf7c283973e"},"dob":{"date":"1998-04-02T02:22:07.796Z","age":25},"registered":{"date":"2018-08-10T13:43:46.545Z","age":5},"phone":"(22) 4377-8590","cell":"(98) 3708-8982","id":{"name":"CPF","value":"937.470.584-63"},"picture":{"large":"https://randomuser.me/api/portraits/women/30.jpg","medium":"https://randomuser.me/api/portraits/med/women/30.jpg","thumbnail":"https://randomuser.me/api/portraits/thumb/women/30.jpg"},"nat":"BR"}],"info":{"seed":"e7ac79281249b0c5","results":1,"page":1,"version":"1.4"}} 
 </msg>
<msg time="2024-03-25T01:55:50.159888" level="INFO">/opt/hostedtoolcache/Python/3.12.2/x64/lib/python3.12/site-packages/urllib3/connectionpool.py:1103: InsecureRequestWarning: Unverified HTTPS request is being made to host 'randomuser.me'. Adding certificate verification is strongly advised. See: https://urllib3.readthedocs.io/en/latest/advanced-usage.html#tls-warnings
  warnings.warn(</msg>
<msg time="2024-03-25T01:55:50.160032" level="INFO">${response} = &lt;Response [200]&gt;</msg>
<var>${response}</var>
<arg>consultarAPI</arg>
<arg>/api</arg>
<doc>Sends a GET request on a previously created HTTP Session.</doc>
<status status="PASS" start="2024-03-25T01:55:49.780004" elapsed="0.380089"/>
</kw>
<kw name="Set Variable" owner="BuiltIn">
<msg time="2024-03-25T01:55:50.161210" level="INFO">${json_data} = {'results': [{'gender': 'female', 'name': {'title': 'Mrs', 'first': 'Godofreda', 'last': 'Mendes'}, 'location': {'street': {'number': 5906, 'name': 'Rua São Luiz '}, 'city': 'Paulo Afonso', 'state': '...</msg>
<var>${json_data}</var>
<arg>${response.json()}</arg>
<doc>Returns the given values which can then be assigned to a variables.</doc>
<status status="PASS" start="2024-03-25T01:55:50.160652" elapsed="0.000588"/>
</kw>
<kw name="Log" owner="BuiltIn">
<msg time="2024-03-25T01:55:50.161709" level="INFO">{'results': [{'gender': 'female', 'name': {'title': 'Mrs', 'first': 'Godofreda', 'last': 'Mendes'}, 'location': {'street': {'number': 5906, 'name': 'Rua São Luiz '}, 'city': 'Paulo Afonso', 'state': 'São Paulo', 'country': 'Brazil', 'postcode': 79953, 'coordinates': {'latitude': '-76.8563', 'longitude': '175.2874'}, 'timezone': {'offset': '+1:00', 'description': 'Brussels, Copenhagen, Madrid, Paris'}}, 'email': 'godofreda.mendes@example.com', 'login': {'uuid': '69a79caf-c9ed-4c47-a774-20fc54464bce', 'username': 'crazycat112', 'password': 'iomega', 'salt': 'L41YsEkE', 'md5': '4afaaa8520d2db031c66994a7a445506', 'sha1': '0270fc63e119b66426cdf48757753c94d8503816', 'sha256': '899e6c8a5890329ad61e53cf3642b56201bd453047886551b678fbf7c283973e'}, 'dob': {'date': '1998-04-02T02:22:07.796Z', 'age': 25}, 'registered': {'date': '2018-08-10T13:43:46.545Z', 'age': 5}, 'phone': '(22) 4377-8590', 'cell': '(98) 3708-8982', 'id': {'name': 'CPF', 'value': '937.470.584-63'}, 'picture': {'large': 'https://randomuser.me/api/portraits/women/30.jpg', 'medium': 'https://randomuser.me/api/portraits/med/women/30.jpg', 'thumbnail': 'https://randomuser.me/api/portraits/thumb/women/30.jpg'}, 'nat': 'BR'}], 'info': {'seed': 'e7ac79281249b0c5', 'results': 1, 'page': 1, 'version': '1.4'}}</msg>
<arg>${json_data}</arg>
<doc>Logs the given message with the given level.</doc>
<status status="PASS" start="2024-03-25T01:55:50.161551" elapsed="0.000243"/>
</kw>
<kw name="Should Be String" owner="String">
<arg>${json_data['results'][0]['gender']}</arg>
<doc>Fails if the given ``item`` is not a string.</doc>
<status status="PASS" start="2024-03-25T01:55:50.162091" elapsed="0.000360"/>
</kw>
<kw name="Should Match Regexp" owner="BuiltIn">
<arg>${json_data['results'][0]['email']}</arg>
<arg>^[a-zA-Z0-9._%+-]+@[a-zA-Z0-9.-]+\.[a-zA-Z]{2,}$</arg>
<doc>Fails if ``string`` does not match ``pattern`` as a regular expression.</doc>
<status status="PASS" start="2024-03-25T01:55:50.162643" elapsed="0.000546"/>
</kw>
<kw name="Should Match Regexp" owner="BuiltIn">
<arg>${json_data['results'][0]['dob']['date']}</arg>
<arg>\\d{4}-\\d{2}-\\d{2}T\\d{2}:\\d{2}:\\d{2}\\.\\d{3}Z</arg>
<doc>Fails if ``string`` does not match ``pattern`` as a regular expression.</doc>
<status status="PASS" start="2024-03-25T01:55:50.163386" elapsed="0.000485"/>
</kw>
<kw name="Should Match Regexp" owner="BuiltIn">
<arg>${json_data['results'][0]['registered']['date']}</arg>
<arg>\\d{4}-\\d{2}-\\d{2}T\\d{2}:\\d{2}:\\d{2}\\.\\d{3}Z</arg>
<doc>Fails if ``string`` does not match ``pattern`` as a regular expression.</doc>
<status status="PASS" start="2024-03-25T01:55:50.164062" elapsed="0.000369"/>
</kw>
<kw name="Should Match Regexp" owner="BuiltIn">
<arg>${json_data['results'][0]['picture']['large']}</arg>
<arg>^https?://.*\.(?:png|jpe?g|gif|bmp)$</arg>
<doc>Fails if ``string`` does not match ``pattern`` as a regular expression.</doc>
<status status="PASS" start="2024-03-25T01:55:50.164615" elapsed="0.000449"/>
</kw>
<kw name="Should Match Regexp" owner="BuiltIn">
<arg>${json_data['results'][0]['picture']['medium']}</arg>
<arg>^https?://.*\.(?:png|jpe?g|gif|bmp)$</arg>
<doc>Fails if ``string`` does not match ``pattern`` as a regular expression.</doc>
<status status="PASS" start="2024-03-25T01:55:50.165251" elapsed="0.000352"/>
</kw>
<kw name="Should Match Regexp" owner="BuiltIn">
<arg>${json_data['results'][0]['picture']['thumbnail']}</arg>
<arg>^https?://.*\.(?:png|jpe?g|gif|bmp)$</arg>
<doc>Fails if ``string`` does not match ``pattern`` as a regular expression.</doc>
<status status="PASS" start="2024-03-25T01:55:50.165785" elapsed="0.000354"/>
</kw>
<kw name="Log" owner="BuiltIn">
<msg time="2024-03-25T01:55:50.166638" level="INFO">{'large': 'https://randomuser.me/api/portraits/women/30.jpg', 'medium': 'https://randomuser.me/api/portraits/med/women/30.jpg', 'thumbnail': 'https://randomuser.me/api/portraits/thumb/women/30.jpg'}</msg>
<arg>${json_data['results'][0]['picture']}</arg>
<doc>Logs the given message with the given level.</doc>
<status status="PASS" start="2024-03-25T01:55:50.166318" elapsed="0.000401"/>
</kw>
<status status="PASS" start="2024-03-25T01:55:49.779720" elapsed="0.387267"/>
</kw>
<kw name="Teste de Tipos de Dados - Postcode" owner="random-user-service">
<kw name="GET On Session" owner="RequestsLibrary">
<msg time="2024-03-25T01:55:50.459476" level="INFO">GET Request : url=https://randomuser.me/api 
 path_url=/api 
 headers={'User-Agent': 'python-requests/2.31.0', 'Accept-Encoding': 'gzip, deflate', 'Accept': '*/*', 'Connection': 'keep-alive'} 
 body=None 
 </msg>
<msg time="2024-03-25T01:55:50.459553" level="INFO">GET Response : url=https://randomuser.me/api 
 status=200, reason=OK 
 headers={'Date': 'Mon, 25 Mar 2024 01:55:50 GMT', 'Content-Type': 'application/json; charset=utf-8', 'Transfer-Encoding': 'chunked', 'Connection': 'keep-alive', 'X-Powered-By': 'Express', 'Access-Control-Allow-Origin': '*', 'Cache-Control': 'no-cache', 'ETag': 'W/"4ad-7uCq86bPAEY46gmgD1jVMyYruJY"', 'Vary': 'Accept-Encoding', 'Content-Encoding': 'gzip', 'CF-Cache-Status': 'DYNAMIC', 'Report-To': '{"endpoints":[{"url":"https:\\/\\/a.nel.cloudflare.com\\/report\\/v4?s=w0acqUSS%2Bf3hO%2BVpv0Y9zgMVM8RTAa0K1j0%2BhEAR5SM%2B%2FmLlSc%2Bz8z%2BxmpnXJTaoH8IXtXSepKeV5TbsK%2Bmaxbh%2B5EZTlWSJEfyRYzi2J1lbem%2BeOfljIg7RWVZ%2B7iNm"}],"group":"cf-nel","max_age":604800}', 'NEL': '{"success_fraction":0,"report_to":"cf-nel","max_age":604800}', 'Server': 'cloudflare', 'CF-RAY': '869b47ee9ac4faae-SJC', 'alt-svc': 'h3=":443"; ma=86400'} 
 body={"results":[{"gender":"male","name":{"title":"Mr","first":"Heinz-Georg","last":"Goerke"},"location":{"street":{"number":7068,"name":"Danziger Straße"},"city":"Betzenstein","state":"Niedersachsen","country":"Germany","postcode":68126,"coordinates":{"latitude":"-50.0641","longitude":"-20.8470"},"timezone":{"offset":"+5:30","description":"Bombay, Calcutta, Madras, New Delhi"}},"email":"heinz-georg.goerke@example.com","login":{"uuid":"73bb318a-dc77-4044-ad21-cc453d6650de","username":"blackbutterfly825","password":"snowboar","salt":"1WCEarsz","md5":"2d042db578f24d747f07c2d131930ea7","sha1":"92da4924e979485366d0d4f35af45f41bd478615","sha256":"2ae9d1582de93257a2be57a39fa280731fe18105c9952e715aa98ccec597b876"},"dob":{"date":"1990-01-17T11:53:53.443Z","age":34},"registered":{"date":"2008-06-22T13:32:21.136Z","age":15},"phone":"0284-3308917","cell":"0177-6158170","id":{"name":"SVNR","value":"53 170190 G 289"},"picture":{"large":"https://randomuser.me/api/portraits/men/33.jpg","medium":"https://randomuser.me/api/portraits/med/men/33.jpg","thumbnail":"https://randomuser.me/api/portraits/thumb/men/33.jpg"},"nat":"DE"}],"info":{"seed":"f8c3005b0fc02960","results":1,"page":1,"version":"1.4"}} 
 </msg>
<msg time="2024-03-25T01:55:50.459637" level="INFO">/opt/hostedtoolcache/Python/3.12.2/x64/lib/python3.12/site-packages/urllib3/connectionpool.py:1103: InsecureRequestWarning: Unverified HTTPS request is being made to host 'randomuser.me'. Adding certificate verification is strongly advised. See: https://urllib3.readthedocs.io/en/latest/advanced-usage.html#tls-warnings
  warnings.warn(</msg>
<msg time="2024-03-25T01:55:50.459729" level="INFO">${response} = &lt;Response [200]&gt;</msg>
<var>${response}</var>
<arg>consultarAPI</arg>
<arg>/api</arg>
<doc>Sends a GET request on a previously created HTTP Session.</doc>
<status status="PASS" start="2024-03-25T01:55:50.167571" elapsed="0.292191"/>
</kw>
<kw name="Set Variable" owner="BuiltIn">
<msg time="2024-03-25T01:55:50.460574" level="INFO">${json_data} = {'results': [{'gender': 'male', 'name': {'title': 'Mr', 'first': 'Heinz-Georg', 'last': 'Goerke'}, 'location': {'street': {'number': 7068, 'name': 'Danziger Straße'}, 'city': 'Betzenstein', 'state': '...</msg>
<var>${json_data}</var>
<arg>${response.json()}</arg>
<doc>Returns the given values which can then be assigned to a variables.</doc>
<status status="PASS" start="2024-03-25T01:55:50.460129" elapsed="0.000474"/>
</kw>
<kw name="Log" owner="BuiltIn">
<msg time="2024-03-25T01:55:50.461059" level="INFO">{'results': [{'gender': 'male', 'name': {'title': 'Mr', 'first': 'Heinz-Georg', 'last': 'Goerke'}, 'location': {'street': {'number': 7068, 'name': 'Danziger Straße'}, 'city': 'Betzenstein', 'state': 'Niedersachsen', 'country': 'Germany', 'postcode': 68126, 'coordinates': {'latitude': '-50.0641', 'longitude': '-20.8470'}, 'timezone': {'offset': '+5:30', 'description': 'Bombay, Calcutta, Madras, New Delhi'}}, 'email': 'heinz-georg.goerke@example.com', 'login': {'uuid': '73bb318a-dc77-4044-ad21-cc453d6650de', 'username': 'blackbutterfly825', 'password': 'snowboar', 'salt': '1WCEarsz', 'md5': '2d042db578f24d747f07c2d131930ea7', 'sha1': '92da4924e979485366d0d4f35af45f41bd478615', 'sha256': '2ae9d1582de93257a2be57a39fa280731fe18105c9952e715aa98ccec597b876'}, 'dob': {'date': '1990-01-17T11:53:53.443Z', 'age': 34}, 'registered': {'date': '2008-06-22T13:32:21.136Z', 'age': 15}, 'phone': '0284-3308917', 'cell': '0177-6158170', 'id': {'name': 'SVNR', 'value': '53 170190 G 289'}, 'picture': {'large': 'https://randomuser.me/api/portraits/men/33.jpg', 'medium': 'https://randomuser.me/api/portraits/med/men/33.jpg', 'thumbnail': 'https://randomuser.me/api/portraits/thumb/men/33.jpg'}, 'nat': 'DE'}], 'info': {'seed': 'f8c3005b0fc02960', 'results': 1, 'page': 1, 'version': '1.4'}}</msg>
<arg>${json_data}</arg>
<doc>Logs the given message with the given level.</doc>
<status status="PASS" start="2024-03-25T01:55:50.460904" elapsed="0.000233"/>
</kw>
<kw name="Should Be Equal As Numbers" owner="BuiltIn">
<arg>${json_data['results'][0]['location']['postcode']}</arg>
<arg>${json_data['results'][0]['location']['postcode']}</arg>
<doc>Fails if objects are unequal after converting them to real numbers.</doc>
<status status="PASS" start="2024-03-25T01:55:50.461434" elapsed="0.000616"/>
</kw>
<kw name="Log" owner="BuiltIn">
<msg time="2024-03-25T01:55:50.462579" level="INFO">68126</msg>
<arg>${json_data['results'][0]['location']['postcode']}</arg>
<doc>Logs the given message with the given level.</doc>
<status status="PASS" start="2024-03-25T01:55:50.462241" elapsed="0.000378"/>
</kw>
<status status="PASS" start="2024-03-25T01:55:50.167210" elapsed="0.295715"/>
</kw>
<doc>Testa se os tipos de dados na resposta da API estão corretos.</doc>
<tag>testeTiposDados</tag>
<status status="PASS" start="2024-03-25T01:55:49.779086" elapsed="0.684003"/>
</test>
<test id="s1-s1-t5" name="Validar conteudo" line="35">
<kw name="Teste de Tipos de Conteudo" owner="random-user-service">
<kw name="GET On Session" owner="RequestsLibrary">
<msg time="2024-03-25T01:55:50.569745" level="INFO">GET Request : url=https://randomuser.me/api 
 path_url=/api 
 headers={'User-Agent': 'python-requests/2.31.0', 'Accept-Encoding': 'gzip, deflate', 'Accept': '*/*', 'Connection': 'keep-alive'} 
 body=None 
 </msg>
<msg time="2024-03-25T01:55:50.569822" level="INFO">GET Response : url=https://randomuser.me/api 
 status=200, reason=OK 
 headers={'Date': 'Mon, 25 Mar 2024 01:55:50 GMT', 'Content-Type': 'application/json; charset=utf-8', 'Transfer-Encoding': 'chunked', 'Connection': 'keep-alive', 'X-Powered-By': 'Express', 'Access-Control-Allow-Origin': '*', 'Cache-Control': 'no-cache', 'ETag': 'W/"49f-JmCyniGSUZ2h6nhyK8XkSRD5JQY"', 'Vary': 'Accept-Encoding', 'Content-Encoding': 'gzip', 'CF-Cache-Status': 'DYNAMIC', 'Report-To': '{"endpoints":[{"url":"https:\\/\\/a.nel.cloudflare.com\\/report\\/v4?s=%2BKEFLVzpQ3RYvXQLUQm0nWtPfz7nhe4x13nhGvoOm%2BMRGrn%2Fk1gA92CluY7KPw1gugYho7koy4zi0%2Ft0%2BRSDJvquCTMbA43q0aAi00s8WaR2lYiksF3jsF3%2BE4LRQGrV"}],"group":"cf-nel","max_age":604800}', 'NEL': '{"success_fraction":0,"report_to":"cf-nel","max_age":604800}', 'Server': 'cloudflare', 'CF-RAY': '869b47f06c2efaae-SJC', 'alt-svc': 'h3=":443"; ma=86400'} 
 body={"results":[{"gender":"female","name":{"title":"Ms","first":"Isabella","last":"Riise"},"location":{"street":{"number":3394,"name":"Bernhard Getz' gate"},"city":"Knarvik","state":"Hordaland","country":"Norway","postcode":"4357","coordinates":{"latitude":"44.0341","longitude":"22.0464"},"timezone":{"offset":"0:00","description":"Western Europe Time, London, Lisbon, Casablanca"}},"email":"isabella.riise@example.com","login":{"uuid":"6ab75065-8be4-43b3-bc78-3863396d29e4","username":"lazyelephant564","password":"joker1","salt":"T5rnSoDW","md5":"ae23fa7a46301865a99aaa0698642f6d","sha1":"e564b1e4cbd1adff6bef7236241fe67b84075020","sha256":"58a41d8901eca99821c0007d56e945f41340b7b39d351285fe3595714963e7f3"},"dob":{"date":"1967-07-14T01:24:11.121Z","age":56},"registered":{"date":"2007-01-14T22:42:43.631Z","age":17},"phone":"64816931","cell":"98747026","id":{"name":"FN","value":"14076720089"},"picture":{"large":"https://randomuser.me/api/portraits/women/21.jpg","medium":"https://randomuser.me/api/portraits/med/women/21.jpg","thumbnail":"https://randomuser.me/api/portraits/thumb/women/21.jpg"},"nat":"NO"}],"info":{"seed":"79fb95e5e2fa9067","results":1,"page":1,"version":"1.4"}} 
 </msg>
<msg time="2024-03-25T01:55:50.569886" level="INFO">/opt/hostedtoolcache/Python/3.12.2/x64/lib/python3.12/site-packages/urllib3/connectionpool.py:1103: InsecureRequestWarning: Unverified HTTPS request is being made to host 'randomuser.me'. Adding certificate verification is strongly advised. See: https://urllib3.readthedocs.io/en/latest/advanced-usage.html#tls-warnings
  warnings.warn(</msg>
<msg time="2024-03-25T01:55:50.569971" level="INFO">${response} = &lt;Response [200]&gt;</msg>
<var>${response}</var>
<arg>consultarAPI</arg>
<arg>/api</arg>
<doc>Sends a GET request on a previously created HTTP Session.</doc>
<status status="PASS" start="2024-03-25T01:55:50.465932" elapsed="0.104070"/>
</kw>
<kw name="Set Variable" owner="BuiltIn">
<msg time="2024-03-25T01:55:50.570871" level="INFO">${json_data} = {'results': [{'gender': 'female', 'name': {'title': 'Ms', 'first': 'Isabella', 'last': 'Riise'}, 'location': {'street': {'number': 3394, 'name': "Bernhard Getz' gate"}, 'city': 'Knarvik', 'state': 'Ho...</msg>
<var>${json_data}</var>
<arg>${response.json()}</arg>
<doc>Returns the given values which can then be assigned to a variables.</doc>
<status status="PASS" start="2024-03-25T01:55:50.570388" elapsed="0.000512"/>
</kw>
<kw name="Set Variable" owner="BuiltIn">
<msg time="2024-03-25T01:55:50.571579" level="INFO">${name_title} = Ms</msg>
<var>${name_title}</var>
<arg>${json_data["results"][0]["name"]["title"]}</arg>
<doc>Returns the given values which can then be assigned to a variables.</doc>
<status status="PASS" start="2024-03-25T01:55:50.571207" elapsed="0.000397"/>
</kw>
<kw name="Create List" owner="BuiltIn">
<msg time="2024-03-25T01:55:50.572052" level="INFO">${allowed_titles} = ['Mr', 'Ms', 'Miss', 'Mrs', 'Madame', 'Monsieur']</msg>
<var>${allowed_titles}</var>
<arg>Mr</arg>
<arg>Ms</arg>
<arg>Miss</arg>
<arg>Mrs</arg>
<arg>Madame</arg>
<arg>Monsieur</arg>
<doc>Returns a list containing given items.</doc>
<status status="PASS" start="2024-03-25T01:55:50.571903" elapsed="0.000173"/>
</kw>
<kw name="List Should Contain Value" owner="Collections">
<msg time="2024-03-25T01:55:50.572552" level="INFO">False</msg>
<arg>${allowed_titles}</arg>
<arg>${name_title}</arg>
<doc>Fails if the ``value`` is not found from ``list``.</doc>
<status status="PASS" start="2024-03-25T01:55:50.572376" elapsed="0.000214"/>
</kw>
<kw name="Set Variable" owner="BuiltIn">
<msg time="2024-03-25T01:55:50.573258" level="INFO">${name_country} = NO</msg>
<var>${name_country}</var>
<arg>${json_data["results"][0]["nat"]}</arg>
<doc>Returns the given values which can then be assigned to a variables.</doc>
<status status="PASS" start="2024-03-25T01:55:50.572875" elapsed="0.000408"/>
</kw>
<kw name="Create List" owner="BuiltIn">
<msg time="2024-03-25T01:55:50.574185" level="INFO">${list_country} = ['AD', 'AE', 'AF', 'AG', 'AI', 'AL', 'AM', 'AO', 'AQ', 'AR', 'AS', 'AT', 'AU', 'AW', 'AX', 'AZ', 'BA', 'BB', 'BD', 'BE', 'BF', 'BG', 'BH', 'BI', 'BJ', 'BL', 'BM', 'BN', 'BO', 'BQ', 'BR', 'BS', 'BT', '...</msg>
<var>${list_country}</var>
<arg>AD</arg>
<arg>AE</arg>
<arg>AF</arg>
<arg>AG</arg>
<arg>AI</arg>
<arg>AL</arg>
<arg>AM</arg>
<arg>AO</arg>
<arg>AQ</arg>
<arg>AR</arg>
<arg>AS</arg>
<arg>AT</arg>
<arg>AU</arg>
<arg>AW</arg>
<arg>AX</arg>
<arg>AZ</arg>
<arg>BA</arg>
<arg>BB</arg>
<arg>BD</arg>
<arg>BE</arg>
<arg>BF</arg>
<arg>BG</arg>
<arg>BH</arg>
<arg>BI</arg>
<arg>BJ</arg>
<arg>BL</arg>
<arg>BM</arg>
<arg>BN</arg>
<arg>BO</arg>
<arg>BQ</arg>
<arg>BR</arg>
<arg>BS</arg>
<arg>BT</arg>
<arg>BV</arg>
<arg>BW</arg>
<arg>BY</arg>
<arg>BZ</arg>
<arg>CA</arg>
<arg>CC</arg>
<arg>CD</arg>
<arg>CF</arg>
<arg>CG</arg>
<arg>CH</arg>
<arg>CI</arg>
<arg>CK</arg>
<arg>CL</arg>
<arg>CM</arg>
<arg>CN</arg>
<arg>CO</arg>
<arg>CR</arg>
<arg>CU</arg>
<arg>CV</arg>
<arg>CW</arg>
<arg>CX</arg>
<arg>CY</arg>
<arg>CZ</arg>
<arg>DE</arg>
<arg>DJ</arg>
<arg>DK</arg>
<arg>DM</arg>
<arg>DO</arg>
<arg>DZ</arg>
<arg>EC</arg>
<arg>EE</arg>
<arg>EG</arg>
<arg>EH</arg>
<arg>ER</arg>
<arg>ES</arg>
<arg>ET</arg>
<arg>FI</arg>
<arg>FJ</arg>
<arg>FK</arg>
<arg>FM</arg>
<arg>FO</arg>
<arg>FR</arg>
<arg>GA</arg>
<arg>GB</arg>
<arg>GD</arg>
<arg>GE</arg>
<arg>GF</arg>
<arg>GG</arg>
<arg>GH</arg>
<arg>GI</arg>
<arg>GL</arg>
<arg>GM</arg>
<arg>GN</arg>
<arg>GP</arg>
<arg>GQ</arg>
<arg>GR</arg>
<arg>GS</arg>
<arg>GT</arg>
<arg>GU</arg>
<arg>GW</arg>
<arg>GY</arg>
<arg>HK</arg>
<arg>HM</arg>
<arg>HN</arg>
<arg>HR</arg>
<arg>HT</arg>
<arg>HU</arg>
<arg>ID</arg>
<arg>IE</arg>
<arg>IL</arg>
<arg>IM</arg>
<arg>IN</arg>
<arg>IO</arg>
<arg>IQ</arg>
<arg>IR</arg>
<arg>IS</arg>
<arg>IT</arg>
<arg>JE</arg>
<arg>JM</arg>
<arg>JO</arg>
<arg>JP</arg>
<arg>KE</arg>
<arg>KG</arg>
<arg>KH</arg>
<arg>KI</arg>
<arg>KM</arg>
<arg>KN</arg>
<arg>KP</arg>
<arg>KR</arg>
<arg>KW</arg>
<arg>KY</arg>
<arg>KZ</arg>
<arg>LA</arg>
<arg>LB</arg>
<arg>LC</arg>
<arg>LI</arg>
<arg>LK</arg>
<arg>LR</arg>
<arg>LS</arg>
<arg>LT</arg>
<arg>LU</arg>
<arg>LV</arg>
<arg>LY</arg>
<arg>MA</arg>
<arg>MC</arg>
<arg>MD</arg>
<arg>ME</arg>
<arg>MF</arg>
<arg>MG</arg>
<arg>MH</arg>
<arg>MK</arg>
<arg>ML</arg>
<arg>MM</arg>
<arg>MN</arg>
<arg>MO</arg>
<arg>MP</arg>
<arg>MQ</arg>
<arg>MR</arg>
<arg>MS</arg>
<arg>MT</arg>
<arg>MU</arg>
<arg>MV</arg>
<arg>MW</arg>
<arg>MX</arg>
<arg>MY</arg>
<arg>MZ</arg>
<arg>NA</arg>
<arg>NC</arg>
<arg>NE</arg>
<arg>NF</arg>
<arg>NG</arg>
<arg>NI</arg>
<arg>NL</arg>
<arg>NO</arg>
<arg>NP</arg>
<arg>NR</arg>
<arg>NU</arg>
<arg>NZ</arg>
<arg>OM</arg>
<arg>PA</arg>
<arg>PE</arg>
<arg>PF</arg>
<arg>PG</arg>
<arg>PH</arg>
<arg>PK</arg>
<arg>PL</arg>
<arg>PM</arg>
<arg>PN</arg>
<arg>PR</arg>
<arg>PS</arg>
<arg>PT</arg>
<arg>PW</arg>
<arg>PY</arg>
<arg>QA</arg>
<arg>RE</arg>
<arg>RO</arg>
<arg>RS</arg>
<arg>RU</arg>
<arg>RW</arg>
<arg>SA</arg>
<arg>SB</arg>
<arg>SC</arg>
<arg>SD</arg>
<arg>SE</arg>
<arg>SG</arg>
<arg>SH</arg>
<arg>SI</arg>
<arg>SJ</arg>
<arg>SK</arg>
<arg>SL</arg>
<arg>SM</arg>
<arg>SN</arg>
<arg>SO</arg>
<arg>SR</arg>
<arg>SS</arg>
<arg>ST</arg>
<arg>SV</arg>
<arg>SX</arg>
<arg>SY</arg>
<arg>SZ</arg>
<arg>TC</arg>
<arg>TD</arg>
<arg>TF</arg>
<arg>TG</arg>
<arg>TH</arg>
<arg>TJ</arg>
<arg>TK</arg>
<arg>TL</arg>
<arg>TM</arg>
<arg>TN</arg>
<arg>TO</arg>
<arg>TR</arg>
<arg>TT</arg>
<arg>TV</arg>
<arg>TW</arg>
<arg>TZ</arg>
<arg>UA</arg>
<arg>UG</arg>
<arg>UM</arg>
<arg>US</arg>
<arg>UY</arg>
<arg>UZ</arg>
<arg>VA</arg>
<arg>VC</arg>
<arg>VE</arg>
<arg>VG</arg>
<arg>VI</arg>
<arg>VN</arg>
<arg>VU</arg>
<arg>WF</arg>
<arg>WS</arg>
<arg>XK</arg>
<arg>YE</arg>
<arg>YT</arg>
<arg>ZA</arg>
<arg>ZM</arg>
<arg>ZW</arg>
<doc>Returns a list containing given items.</doc>
<status status="PASS" start="2024-03-25T01:55:50.573587" elapsed="0.000623"/>
</kw>
<kw name="List Should Contain Value" owner="Collections">
<msg time="2024-03-25T01:55:50.575319" level="INFO">False</msg>
<arg>${list_country}</arg>
<arg>${name_country}</arg>
<doc>Fails if the ``value`` is not found from ``list``.</doc>
<status status="PASS" start="2024-03-25T01:55:50.575114" elapsed="0.000242"/>
</kw>
<kw name="Run Keyword If" owner="BuiltIn">
<kw name="Should Be True" owner="BuiltIn">
<arg>${True}</arg>
<doc>Fails if the given condition is not true.</doc>
<status status="PASS" start="2024-03-25T01:55:50.576434" elapsed="0.000148"/>
</kw>
<arg>${json_data["results"][0]["location"]["coordinates"]["latitude"]} &gt;= -90 and ${json_data["results"][0]["location"]["coordinates"]["latitude"]} &lt;= 90</arg>
<arg>Should Be True</arg>
<arg>${True}</arg>
<doc>Runs the given keyword with the given arguments, if ``condition`` is true.</doc>
<status status="PASS" start="2024-03-25T01:55:50.575666" elapsed="0.001045"/>
</kw>
<kw name="Run Keyword If" owner="BuiltIn">
<kw name="Should Be True" owner="BuiltIn">
<arg>${True}</arg>
<doc>Fails if the given condition is not true.</doc>
<status status="PASS" start="2024-03-25T01:55:50.577591" elapsed="0.000139"/>
</kw>
<arg>${json_data["results"][0]["location"]["coordinates"]["longitude"]} &gt;= -180 and ${json_data["results"][0]["location"]["coordinates"]["longitude"]} &lt;= 180</arg>
<arg>Should Be True</arg>
<arg>${True}</arg>
<doc>Runs the given keyword with the given arguments, if ``condition`` is true.</doc>
<status status="PASS" start="2024-03-25T01:55:50.576897" elapsed="0.000957"/>
</kw>
<status status="PASS" start="2024-03-25T01:55:50.465564" elapsed="0.112417"/>
</kw>
<doc>Testa o conteúdo específico dos campos retornados pela API.</doc>
<tag>testeConteudo</tag>
<status status="PASS" start="2024-03-25T01:55:50.464889" elapsed="0.113236"/>
</test>
<status status="PASS" start="2024-03-25T01:55:49.085819" elapsed="1.494180"/>
</suite>
<status status="PASS" start="2024-03-25T01:55:49.072234" elapsed="1.513065"/>
</suite>
<statistics>
<total>
<stat pass="5" fail="0" skip="0">All Tests</stat>
</total>
<tag>
<stat pass="1" fail="0" skip="0">testeConteudo</stat>
<stat pass="1" fail="0" skip="0">testeEstruturaResposta</stat>
<stat pass="1" fail="0" skip="0">testeRequisicaoBasica</stat>
<stat pass="1" fail="0" skip="0">testeTiposDados</stat>
</tag>
<suite>
<stat pass="5" fail="0" skip="0" id="s1" name="Tests">Tests</stat>
<stat pass="5" fail="0" skip="0" id="s1-s1" name="Random-User-Test">Tests.Random-User-Test</stat>
</suite>
</statistics>
<errors>
</errors>
</robot>
