<?xml version="1.0" encoding="UTF-8"?>
<robot generator="Robot 7.0 (Python 3.12.3 on linux)" generated="2024-05-05T03:14:40.117744" rpa="false" schemaversion="5">
<suite id="s1" name="Tests" source="/home/runner/work/DesafioQAItauRogerioJordao/DesafioQAItauRogerioJordao/RamdonUser/tests">
<suite id="s1-s1" name="Random-User-Test" source="/home/runner/work/DesafioQAItauRogerioJordao/DesafioQAItauRogerioJordao/RamdonUser/tests/random-user-test.robot">
<test id="s1-s1-t1" name="Conectar" line="13">
<kw name="Conectar API" owner="random-user-service">
<kw name="Create Session" owner="RequestsLibrary">
<msg time="2024-05-05T03:14:40.473253" level="INFO">Creating Session using : alias=consultarAPI, url=https://randomuser.me/, headers={},                     cookies={}, auth=None, timeout=None, proxies=None, verify=False,                     debug=0 </msg>
<arg>consultarAPI</arg>
<arg>${URL}</arg>
<doc>Create Session: create a HTTP session to a server</doc>
<status status="PASS" start="2024-05-05T03:14:40.473035" elapsed="0.000402"/>
</kw>
<status status="PASS" start="2024-05-05T03:14:40.472048" elapsed="0.001749"/>
</kw>
<status status="PASS" start="2024-05-05T03:14:40.471475" elapsed="0.002520"/>
</test>
<test id="s1-s1-t2" name="Validar retorno 200 e JSON Válido" line="16">
<kw name="Teste de Requisicao Basica" owner="random-user-service">
<kw name="GET On Session" owner="RequestsLibrary">
<msg time="2024-05-05T03:14:40.821789" level="INFO">GET Request : url=https://randomuser.me/api 
 path_url=/api 
 headers={'User-Agent': 'python-requests/2.31.0', 'Accept-Encoding': 'gzip, deflate', 'Accept': '*/*', 'Connection': 'keep-alive'} 
 body=None 
 </msg>
<msg time="2024-05-05T03:14:40.821942" level="INFO">GET Response : url=https://randomuser.me/api 
 status=200, reason=OK 
 headers={'Date': 'Sun, 05 May 2024 03:14:40 GMT', 'Content-Type': 'application/json; charset=utf-8', 'Transfer-Encoding': 'chunked', 'Connection': 'keep-alive', 'X-Powered-By': 'Express', 'Access-Control-Allow-Origin': '*', 'Cache-Control': 'no-cache', 'ETag': 'W/"477-nGHspRrnPlB2QITbDF1sCxg97JM"', 'Vary': 'Accept-Encoding', 'Content-Encoding': 'gzip', 'CF-Cache-Status': 'DYNAMIC', 'Report-To': '{"endpoints":[{"url":"https:\\/\\/a.nel.cloudflare.com\\/report\\/v4?s=DdVPm9ySLS5RJN7IldlJeoUDqIa%2F5vDPTGdx7jeKj5OgOOGlpmCQ%2BHtwW6pAtqbZhTlsr1d1dkIy2jSQo%2FN6jZ9l%2Fo%2BNP0M34KLjWN9QuHX1zDLfLrcoXg0Gy3ptGtS9"}],"group":"cf-nel","max_age":604800}', 'NEL': '{"success_fraction":0,"report_to":"cf-nel","max_age":604800}', 'Server': 'cloudflare', 'CF-RAY': '87ed8fcbd89e8215-IAD', 'alt-svc': 'h3=":443"; ma=86400'} 
 body={"results":[{"gender":"female","name":{"title":"Ms","first":"Akshitha","last":"Nagane"},"location":{"street":{"number":5315,"name":"Vellala St"},"city":"Kanpur","state":"Maharashtra","country":"India","postcode":81192,"coordinates":{"latitude":"12.0571","longitude":"111.5176"},"timezone":{"offset":"+5:45","description":"Kathmandu"}},"email":"akshitha.nagane@example.com","login":{"uuid":"09eb8f79-cdae-4f0e-89c8-a6b20786f355","username":"lazyostrich485","password":"server","salt":"2Q49c6VM","md5":"349d0e92953611bfd8242807f998469e","sha1":"9ac74130e03a048de407fe99f12923b8df4414a8","sha256":"31b1d3b47fc54c50b3c4b3c23b6c81f2b8a9e83802b4f0248d22ee9552e6a2e6"},"dob":{"date":"1984-01-23T15:47:33.739Z","age":40},"registered":{"date":"2005-07-24T06:20:19.627Z","age":18},"phone":"8539233508","cell":"7149558336","id":{"name":"UIDAI","value":"837180417587"},"picture":{"large":"https://randomuser.me/api/portraits/women/4.jpg","medium":"https://randomuser.me/api/portraits/med/women/4.jpg","thumbnail":"https://randomuser.me/api/portraits/thumb/women/4.jpg"},"nat":"IN"}],"info":{"seed":"aed76a24b9d9fb66","results":1,"page":1,"version":"1.4"}} 
 </msg>
<msg time="2024-05-05T03:14:40.822073" level="INFO">/opt/hostedtoolcache/Python/3.12.3/x64/lib/python3.12/site-packages/urllib3/connectionpool.py:1103: InsecureRequestWarning: Unverified HTTPS request is being made to host 'randomuser.me'. Adding certificate verification is strongly advised. See: https://urllib3.readthedocs.io/en/latest/advanced-usage.html#tls-warnings
  warnings.warn(</msg>
<msg time="2024-05-05T03:14:40.822216" level="INFO">${response} = &lt;Response [200]&gt;</msg>
<var>${response}</var>
<arg>consultarAPI</arg>
<arg>/api</arg>
<doc>Sends a GET request on a previously created HTTP Session.</doc>
<status status="PASS" start="2024-05-05T03:14:40.476684" elapsed="0.345560"/>
</kw>
<kw name="Should Be Equal As Numbers" owner="BuiltIn">
<msg time="2024-05-05T03:14:40.823280" level="INFO">Argument types are:
&lt;class 'int'&gt;
&lt;class 'str'&gt;</msg>
<arg>${response.status_code}</arg>
<arg>200</arg>
<doc>Fails if objects are unequal after converting them to real numbers.</doc>
<status status="PASS" start="2024-05-05T03:14:40.822817" elapsed="0.000528"/>
</kw>
<kw name="Log" owner="BuiltIn">
<msg time="2024-05-05T03:14:40.824027" level="INFO">200</msg>
<arg>${response.status_code}</arg>
<doc>Logs the given message with the given level.</doc>
<status status="PASS" start="2024-05-05T03:14:40.823676" elapsed="0.000393"/>
</kw>
<kw name="Set Variable" owner="BuiltIn">
<msg time="2024-05-05T03:14:40.824809" level="INFO">${json_data} = {'results': [{'gender': 'female', 'name': {'title': 'Ms', 'first': 'Akshitha', 'last': 'Nagane'}, 'location': {'street': {'number': 5315, 'name': 'Vellala St'}, 'city': 'Kanpur', 'state': 'Maharashtra...</msg>
<var>${json_data}</var>
<arg>${response.json()}</arg>
<doc>Returns the given values which can then be assigned to a variables.</doc>
<status status="PASS" start="2024-05-05T03:14:40.824375" elapsed="0.000463"/>
</kw>
<kw name="Dictionary Should Contain Key" owner="Collections">
<msg time="2024-05-05T03:14:40.825299" level="INFO">False</msg>
<arg>${json_data}</arg>
<arg>results</arg>
<doc>Fails if ``key`` is not found from ``dictionary``.</doc>
<status status="PASS" start="2024-05-05T03:14:40.825135" elapsed="0.000202"/>
</kw>
<status status="PASS" start="2024-05-05T03:14:40.476428" elapsed="0.349159"/>
</kw>
<doc>Testa se a API responde corretamente e retorna um objeto JSON válido.</doc>
<tag>testeRequisicaoBasica</tag>
<status status="PASS" start="2024-05-05T03:14:40.475951" elapsed="0.349816"/>
</test>
<test id="s1-s1-t3" name="Validar estrutura de resposta" line="22">
<kw name="Teste de Estrutura de Resposta" owner="random-user-service">
<kw name="GET On Session" owner="RequestsLibrary">
<msg time="2024-05-05T03:14:40.867612" level="INFO">GET Request : url=https://randomuser.me/api 
 path_url=/api 
 headers={'User-Agent': 'python-requests/2.31.0', 'Accept-Encoding': 'gzip, deflate', 'Accept': '*/*', 'Connection': 'keep-alive'} 
 body=None 
 </msg>
<msg time="2024-05-05T03:14:40.867693" level="INFO">GET Response : url=https://randomuser.me/api 
 status=200, reason=OK 
 headers={'Date': 'Sun, 05 May 2024 03:14:40 GMT', 'Content-Type': 'application/json; charset=utf-8', 'Transfer-Encoding': 'chunked', 'Connection': 'keep-alive', 'X-Powered-By': 'Express', 'Access-Control-Allow-Origin': '*', 'Cache-Control': 'no-cache', 'ETag': 'W/"49d-0JkZ7BZo3EEWxlc8Nf6Ea9X55yE"', 'Vary': 'Accept-Encoding', 'Content-Encoding': 'gzip', 'CF-Cache-Status': 'DYNAMIC', 'Report-To': '{"endpoints":[{"url":"https:\\/\\/a.nel.cloudflare.com\\/report\\/v4?s=THDN2wKfy5OsejfBProVGwCkk3HmJV7R3wmgcpNw5TimltPVi4L%2BbNIl8rY%2BS8HK1n6tKq7hZIp6SLkIKa%2BUSGzSbhfXkySRQwvrGI39F2G4a2FUQmSKYxkOwzjWcgm6"}],"group":"cf-nel","max_age":604800}', 'NEL': '{"success_fraction":0,"report_to":"cf-nel","max_age":604800}', 'Server': 'cloudflare', 'CF-RAY': '87ed8fcd3a038215-IAD', 'alt-svc': 'h3=":443"; ma=86400'} 
 body={"results":[{"gender":"male","name":{"title":"Mr","first":"Aristóteles","last":"Freitas"},"location":{"street":{"number":9321,"name":"Rua São Pedro "},"city":"Igarassu","state":"Rio Grande do Sul","country":"Brazil","postcode":44365,"coordinates":{"latitude":"-73.5199","longitude":"-21.7087"},"timezone":{"offset":"-8:00","description":"Pacific Time (US &amp; Canada)"}},"email":"aristoteles.freitas@example.com","login":{"uuid":"272ed6b6-58af-482f-90bd-7547d735168d","username":"sadswan498","password":"1974","salt":"tHO7Gj0u","md5":"a09a43366cb1bc0dc20483317e10c550","sha1":"17aec5263e3523bf2711e2d71f039add8e5a4173","sha256":"91ed89ea9fbe682f1d4d2d8bc0f016d72fe91422a953f1536bba6b311a1ea8e5"},"dob":{"date":"1964-07-30T00:50:56.632Z","age":59},"registered":{"date":"2007-06-06T12:55:11.429Z","age":16},"phone":"(84) 1314-5816","cell":"(43) 2351-1264","id":{"name":"CPF","value":"794.224.205-08"},"picture":{"large":"https://randomuser.me/api/portraits/men/43.jpg","medium":"https://randomuser.me/api/portraits/med/men/43.jpg","thumbnail":"https://randomuser.me/api/portraits/thumb/men/43.jpg"},"nat":"BR"}],"info":{"seed":"5aa8c6ac4df8b492","results":1,"page":1,"version":"1.4"}} 
 </msg>
<msg time="2024-05-05T03:14:40.867810" level="INFO">/opt/hostedtoolcache/Python/3.12.3/x64/lib/python3.12/site-packages/urllib3/connectionpool.py:1103: InsecureRequestWarning: Unverified HTTPS request is being made to host 'randomuser.me'. Adding certificate verification is strongly advised. See: https://urllib3.readthedocs.io/en/latest/advanced-usage.html#tls-warnings
  warnings.warn(</msg>
<msg time="2024-05-05T03:14:40.867907" level="INFO">${response} = &lt;Response [200]&gt;</msg>
<var>${response}</var>
<arg>consultarAPI</arg>
<arg>/api</arg>
<doc>Sends a GET request on a previously created HTTP Session.</doc>
<status status="PASS" start="2024-05-05T03:14:40.828773" elapsed="0.039166"/>
</kw>
<kw name="Set Variable" owner="BuiltIn">
<msg time="2024-05-05T03:14:40.868765" level="INFO">${json_data} = {'results': [{'gender': 'male', 'name': {'title': 'Mr', 'first': 'Aristóteles', 'last': 'Freitas'}, 'location': {'street': {'number': 9321, 'name': 'Rua São Pedro '}, 'city': 'Igarassu', 'state': 'Rio...</msg>
<var>${json_data}</var>
<arg>${response.json()}</arg>
<doc>Returns the given values which can then be assigned to a variables.</doc>
<status status="PASS" start="2024-05-05T03:14:40.868310" elapsed="0.000485"/>
</kw>
<kw name="Log" owner="BuiltIn">
<msg time="2024-05-05T03:14:40.869257" level="INFO">{'results': [{'gender': 'male', 'name': {'title': 'Mr', 'first': 'Aristóteles', 'last': 'Freitas'}, 'location': {'street': {'number': 9321, 'name': 'Rua São Pedro '}, 'city': 'Igarassu', 'state': 'Rio Grande do Sul', 'country': 'Brazil', 'postcode': 44365, 'coordinates': {'latitude': '-73.5199', 'longitude': '-21.7087'}, 'timezone': {'offset': '-8:00', 'description': 'Pacific Time (US &amp; Canada)'}}, 'email': 'aristoteles.freitas@example.com', 'login': {'uuid': '272ed6b6-58af-482f-90bd-7547d735168d', 'username': 'sadswan498', 'password': '1974', 'salt': 'tHO7Gj0u', 'md5': 'a09a43366cb1bc0dc20483317e10c550', 'sha1': '17aec5263e3523bf2711e2d71f039add8e5a4173', 'sha256': '91ed89ea9fbe682f1d4d2d8bc0f016d72fe91422a953f1536bba6b311a1ea8e5'}, 'dob': {'date': '1964-07-30T00:50:56.632Z', 'age': 59}, 'registered': {'date': '2007-06-06T12:55:11.429Z', 'age': 16}, 'phone': '(84) 1314-5816', 'cell': '(43) 2351-1264', 'id': {'name': 'CPF', 'value': '794.224.205-08'}, 'picture': {'large': 'https://randomuser.me/api/portraits/men/43.jpg', 'medium': 'https://randomuser.me/api/portraits/med/men/43.jpg', 'thumbnail': 'https://randomuser.me/api/portraits/thumb/men/43.jpg'}, 'nat': 'BR'}], 'info': {'seed': '5aa8c6ac4df8b492', 'results': 1, 'page': 1, 'version': '1.4'}}</msg>
<arg>${json_data}</arg>
<doc>Logs the given message with the given level.</doc>
<status status="PASS" start="2024-05-05T03:14:40.869095" elapsed="0.000213"/>
</kw>
<kw name="Dictionary Should Contain Key" owner="Collections">
<msg time="2024-05-05T03:14:40.869749" level="INFO">False</msg>
<arg>${json_data}</arg>
<arg>results</arg>
<doc>Fails if ``key`` is not found from ``dictionary``.</doc>
<status status="PASS" start="2024-05-05T03:14:40.869600" elapsed="0.000184"/>
</kw>
<kw name="Should Not Be Empty" owner="BuiltIn">
<msg time="2024-05-05T03:14:40.870259" level="INFO">Length is 2.</msg>
<arg>${json_data}</arg>
<doc>Verifies that the given item is not empty.</doc>
<status status="PASS" start="2024-05-05T03:14:40.870108" elapsed="0.000190"/>
</kw>
<kw name="Create List" owner="BuiltIn">
<msg time="2024-05-05T03:14:40.870859" level="INFO">${expected_keys} = ['gender', 'name', 'location', 'email', 'login']</msg>
<var>${expected_keys}</var>
<arg>gender</arg>
<arg>name</arg>
<arg>location</arg>
<arg>email</arg>
<arg>login</arg>
<doc>Returns a list containing given items.</doc>
<status status="PASS" start="2024-05-05T03:14:40.870583" elapsed="0.000301"/>
</kw>
<for flavor="IN">
<iter>
<kw name="Dictionary Should Contain Key" owner="Collections">
<msg time="2024-05-05T03:14:40.871839" level="INFO">False</msg>
<arg>${json_data['results'][0]}</arg>
<arg>${key}</arg>
<doc>Fails if ``key`` is not found from ``dictionary``.</doc>
<status status="PASS" start="2024-05-05T03:14:40.871451" elapsed="0.000426"/>
</kw>
<kw name="Log" owner="BuiltIn">
<msg time="2024-05-05T03:14:40.872648" level="INFO">{'gender': 'male', 'name': {'title': 'Mr', 'first': 'Aristóteles', 'last': 'Freitas'}, 'location': {'street': {'number': 9321, 'name': 'Rua São Pedro '}, 'city': 'Igarassu', 'state': 'Rio Grande do Sul', 'country': 'Brazil', 'postcode': 44365, 'coordinates': {'latitude': '-73.5199', 'longitude': '-21.7087'}, 'timezone': {'offset': '-8:00', 'description': 'Pacific Time (US &amp; Canada)'}}, 'email': 'aristoteles.freitas@example.com', 'login': {'uuid': '272ed6b6-58af-482f-90bd-7547d735168d', 'username': 'sadswan498', 'password': '1974', 'salt': 'tHO7Gj0u', 'md5': 'a09a43366cb1bc0dc20483317e10c550', 'sha1': '17aec5263e3523bf2711e2d71f039add8e5a4173', 'sha256': '91ed89ea9fbe682f1d4d2d8bc0f016d72fe91422a953f1536bba6b311a1ea8e5'}, 'dob': {'date': '1964-07-30T00:50:56.632Z', 'age': 59}, 'registered': {'date': '2007-06-06T12:55:11.429Z', 'age': 16}, 'phone': '(84) 1314-5816', 'cell': '(43) 2351-1264', 'id': {'name': 'CPF', 'value': '794.224.205-08'}, 'picture': {'large': 'https://randomuser.me/api/portraits/men/43.jpg', 'medium': 'https://randomuser.me/api/portraits/med/men/43.jpg', 'thumbnail': 'https://randomuser.me/api/portraits/thumb/men/43.jpg'}, 'nat': 'BR'}</msg>
<arg>${json_data['results'][0]}</arg>
<doc>Logs the given message with the given level.</doc>
<status status="PASS" start="2024-05-05T03:14:40.872169" elapsed="0.000532"/>
</kw>
<kw name="Log" owner="BuiltIn">
<msg time="2024-05-05T03:14:40.873147" level="INFO">gender</msg>
<arg>${key}</arg>
<doc>Logs the given message with the given level.</doc>
<status status="PASS" start="2024-05-05T03:14:40.873009" elapsed="0.000174"/>
</kw>
<var name="${key}">gender</var>
<status status="PASS" start="2024-05-05T03:14:40.871327" elapsed="0.002076"/>
</iter>
<iter>
<kw name="Dictionary Should Contain Key" owner="Collections">
<msg time="2024-05-05T03:14:40.874106" level="INFO">False</msg>
<arg>${json_data['results'][0]}</arg>
<arg>${key}</arg>
<doc>Fails if ``key`` is not found from ``dictionary``.</doc>
<status status="PASS" start="2024-05-05T03:14:40.873702" elapsed="0.000441"/>
</kw>
<kw name="Log" owner="BuiltIn">
<msg time="2024-05-05T03:14:40.874822" level="INFO">{'gender': 'male', 'name': {'title': 'Mr', 'first': 'Aristóteles', 'last': 'Freitas'}, 'location': {'street': {'number': 9321, 'name': 'Rua São Pedro '}, 'city': 'Igarassu', 'state': 'Rio Grande do Sul', 'country': 'Brazil', 'postcode': 44365, 'coordinates': {'latitude': '-73.5199', 'longitude': '-21.7087'}, 'timezone': {'offset': '-8:00', 'description': 'Pacific Time (US &amp; Canada)'}}, 'email': 'aristoteles.freitas@example.com', 'login': {'uuid': '272ed6b6-58af-482f-90bd-7547d735168d', 'username': 'sadswan498', 'password': '1974', 'salt': 'tHO7Gj0u', 'md5': 'a09a43366cb1bc0dc20483317e10c550', 'sha1': '17aec5263e3523bf2711e2d71f039add8e5a4173', 'sha256': '91ed89ea9fbe682f1d4d2d8bc0f016d72fe91422a953f1536bba6b311a1ea8e5'}, 'dob': {'date': '1964-07-30T00:50:56.632Z', 'age': 59}, 'registered': {'date': '2007-06-06T12:55:11.429Z', 'age': 16}, 'phone': '(84) 1314-5816', 'cell': '(43) 2351-1264', 'id': {'name': 'CPF', 'value': '794.224.205-08'}, 'picture': {'large': 'https://randomuser.me/api/portraits/men/43.jpg', 'medium': 'https://randomuser.me/api/portraits/med/men/43.jpg', 'thumbnail': 'https://randomuser.me/api/portraits/thumb/men/43.jpg'}, 'nat': 'BR'}</msg>
<arg>${json_data['results'][0]}</arg>
<doc>Logs the given message with the given level.</doc>
<status status="PASS" start="2024-05-05T03:14:40.874461" elapsed="0.000411"/>
</kw>
<kw name="Log" owner="BuiltIn">
<msg time="2024-05-05T03:14:40.875288" level="INFO">name</msg>
<arg>${key}</arg>
<doc>Logs the given message with the given level.</doc>
<status status="PASS" start="2024-05-05T03:14:40.875164" elapsed="0.000162"/>
</kw>
<var name="${key}">name</var>
<status status="PASS" start="2024-05-05T03:14:40.873584" elapsed="0.001953"/>
</iter>
<iter>
<kw name="Dictionary Should Contain Key" owner="Collections">
<msg time="2024-05-05T03:14:40.876211" level="INFO">False</msg>
<arg>${json_data['results'][0]}</arg>
<arg>${key}</arg>
<doc>Fails if ``key`` is not found from ``dictionary``.</doc>
<status status="PASS" start="2024-05-05T03:14:40.875823" elapsed="0.000425"/>
</kw>
<kw name="Log" owner="BuiltIn">
<msg time="2024-05-05T03:14:40.876899" level="INFO">{'gender': 'male', 'name': {'title': 'Mr', 'first': 'Aristóteles', 'last': 'Freitas'}, 'location': {'street': {'number': 9321, 'name': 'Rua São Pedro '}, 'city': 'Igarassu', 'state': 'Rio Grande do Sul', 'country': 'Brazil', 'postcode': 44365, 'coordinates': {'latitude': '-73.5199', 'longitude': '-21.7087'}, 'timezone': {'offset': '-8:00', 'description': 'Pacific Time (US &amp; Canada)'}}, 'email': 'aristoteles.freitas@example.com', 'login': {'uuid': '272ed6b6-58af-482f-90bd-7547d735168d', 'username': 'sadswan498', 'password': '1974', 'salt': 'tHO7Gj0u', 'md5': 'a09a43366cb1bc0dc20483317e10c550', 'sha1': '17aec5263e3523bf2711e2d71f039add8e5a4173', 'sha256': '91ed89ea9fbe682f1d4d2d8bc0f016d72fe91422a953f1536bba6b311a1ea8e5'}, 'dob': {'date': '1964-07-30T00:50:56.632Z', 'age': 59}, 'registered': {'date': '2007-06-06T12:55:11.429Z', 'age': 16}, 'phone': '(84) 1314-5816', 'cell': '(43) 2351-1264', 'id': {'name': 'CPF', 'value': '794.224.205-08'}, 'picture': {'large': 'https://randomuser.me/api/portraits/men/43.jpg', 'medium': 'https://randomuser.me/api/portraits/med/men/43.jpg', 'thumbnail': 'https://randomuser.me/api/portraits/thumb/men/43.jpg'}, 'nat': 'BR'}</msg>
<arg>${json_data['results'][0]}</arg>
<doc>Logs the given message with the given level.</doc>
<status status="PASS" start="2024-05-05T03:14:40.876542" elapsed="0.000407"/>
</kw>
<kw name="Log" owner="BuiltIn">
<msg time="2024-05-05T03:14:40.877361" level="INFO">location</msg>
<arg>${key}</arg>
<doc>Logs the given message with the given level.</doc>
<status status="PASS" start="2024-05-05T03:14:40.877239" elapsed="0.000159"/>
</kw>
<var name="${key}">location</var>
<status status="PASS" start="2024-05-05T03:14:40.875712" elapsed="0.001896"/>
</iter>
<iter>
<kw name="Dictionary Should Contain Key" owner="Collections">
<msg time="2024-05-05T03:14:40.878293" level="INFO">False</msg>
<arg>${json_data['results'][0]}</arg>
<arg>${key}</arg>
<doc>Fails if ``key`` is not found from ``dictionary``.</doc>
<status status="PASS" start="2024-05-05T03:14:40.877887" elapsed="0.000443"/>
</kw>
<kw name="Log" owner="BuiltIn">
<msg time="2024-05-05T03:14:40.878994" level="INFO">{'gender': 'male', 'name': {'title': 'Mr', 'first': 'Aristóteles', 'last': 'Freitas'}, 'location': {'street': {'number': 9321, 'name': 'Rua São Pedro '}, 'city': 'Igarassu', 'state': 'Rio Grande do Sul', 'country': 'Brazil', 'postcode': 44365, 'coordinates': {'latitude': '-73.5199', 'longitude': '-21.7087'}, 'timezone': {'offset': '-8:00', 'description': 'Pacific Time (US &amp; Canada)'}}, 'email': 'aristoteles.freitas@example.com', 'login': {'uuid': '272ed6b6-58af-482f-90bd-7547d735168d', 'username': 'sadswan498', 'password': '1974', 'salt': 'tHO7Gj0u', 'md5': 'a09a43366cb1bc0dc20483317e10c550', 'sha1': '17aec5263e3523bf2711e2d71f039add8e5a4173', 'sha256': '91ed89ea9fbe682f1d4d2d8bc0f016d72fe91422a953f1536bba6b311a1ea8e5'}, 'dob': {'date': '1964-07-30T00:50:56.632Z', 'age': 59}, 'registered': {'date': '2007-06-06T12:55:11.429Z', 'age': 16}, 'phone': '(84) 1314-5816', 'cell': '(43) 2351-1264', 'id': {'name': 'CPF', 'value': '794.224.205-08'}, 'picture': {'large': 'https://randomuser.me/api/portraits/men/43.jpg', 'medium': 'https://randomuser.me/api/portraits/med/men/43.jpg', 'thumbnail': 'https://randomuser.me/api/portraits/thumb/men/43.jpg'}, 'nat': 'BR'}</msg>
<arg>${json_data['results'][0]}</arg>
<doc>Logs the given message with the given level.</doc>
<status status="PASS" start="2024-05-05T03:14:40.878634" elapsed="0.000410"/>
</kw>
<kw name="Log" owner="BuiltIn">
<msg time="2024-05-05T03:14:40.879474" level="INFO">email</msg>
<arg>${key}</arg>
<doc>Logs the given message with the given level.</doc>
<status status="PASS" start="2024-05-05T03:14:40.879332" elapsed="0.000179"/>
</kw>
<var name="${key}">email</var>
<status status="PASS" start="2024-05-05T03:14:40.877777" elapsed="0.001971"/>
</iter>
<iter>
<kw name="Dictionary Should Contain Key" owner="Collections">
<msg time="2024-05-05T03:14:40.880407" level="INFO">False</msg>
<arg>${json_data['results'][0]}</arg>
<arg>${key}</arg>
<doc>Fails if ``key`` is not found from ``dictionary``.</doc>
<status status="PASS" start="2024-05-05T03:14:40.880027" elapsed="0.000418"/>
</kw>
<kw name="Log" owner="BuiltIn">
<msg time="2024-05-05T03:14:40.881107" level="INFO">{'gender': 'male', 'name': {'title': 'Mr', 'first': 'Aristóteles', 'last': 'Freitas'}, 'location': {'street': {'number': 9321, 'name': 'Rua São Pedro '}, 'city': 'Igarassu', 'state': 'Rio Grande do Sul', 'country': 'Brazil', 'postcode': 44365, 'coordinates': {'latitude': '-73.5199', 'longitude': '-21.7087'}, 'timezone': {'offset': '-8:00', 'description': 'Pacific Time (US &amp; Canada)'}}, 'email': 'aristoteles.freitas@example.com', 'login': {'uuid': '272ed6b6-58af-482f-90bd-7547d735168d', 'username': 'sadswan498', 'password': '1974', 'salt': 'tHO7Gj0u', 'md5': 'a09a43366cb1bc0dc20483317e10c550', 'sha1': '17aec5263e3523bf2711e2d71f039add8e5a4173', 'sha256': '91ed89ea9fbe682f1d4d2d8bc0f016d72fe91422a953f1536bba6b311a1ea8e5'}, 'dob': {'date': '1964-07-30T00:50:56.632Z', 'age': 59}, 'registered': {'date': '2007-06-06T12:55:11.429Z', 'age': 16}, 'phone': '(84) 1314-5816', 'cell': '(43) 2351-1264', 'id': {'name': 'CPF', 'value': '794.224.205-08'}, 'picture': {'large': 'https://randomuser.me/api/portraits/men/43.jpg', 'medium': 'https://randomuser.me/api/portraits/med/men/43.jpg', 'thumbnail': 'https://randomuser.me/api/portraits/thumb/men/43.jpg'}, 'nat': 'BR'}</msg>
<arg>${json_data['results'][0]}</arg>
<doc>Logs the given message with the given level.</doc>
<status status="PASS" start="2024-05-05T03:14:40.880743" elapsed="0.000414"/>
</kw>
<kw name="Log" owner="BuiltIn">
<msg time="2024-05-05T03:14:40.881578" level="INFO">login</msg>
<arg>${key}</arg>
<doc>Logs the given message with the given level.</doc>
<status status="PASS" start="2024-05-05T03:14:40.881453" elapsed="0.000192"/>
</kw>
<var name="${key}">login</var>
<status status="PASS" start="2024-05-05T03:14:40.879917" elapsed="0.001946"/>
</iter>
<var>${key}</var>
<value>@{expected_keys}</value>
<status status="PASS" start="2024-05-05T03:14:40.871146" elapsed="0.010836"/>
</for>
<kw name="Create List" owner="BuiltIn">
<msg time="2024-05-05T03:14:40.882339" level="INFO">${expected_keysTwo} = ['username', 'password']</msg>
<var>${expected_keysTwo}</var>
<arg>username</arg>
<arg>password</arg>
<doc>Returns a list containing given items.</doc>
<status status="PASS" start="2024-05-05T03:14:40.882203" elapsed="0.000159"/>
</kw>
<for flavor="IN">
<iter>
<kw name="Dictionary Should Contain Key" owner="Collections">
<msg time="2024-05-05T03:14:40.883255" level="INFO">False</msg>
<arg>${json_data['results'][0]['login']}</arg>
<arg>${keyTwo}</arg>
<doc>Fails if ``key`` is not found from ``dictionary``.</doc>
<status status="PASS" start="2024-05-05T03:14:40.882861" elapsed="0.000432"/>
</kw>
<kw name="Dictionary Should Contain Key" owner="Collections">
<msg time="2024-05-05T03:14:40.884024" level="INFO">False</msg>
<arg>${json_data['results'][0]['login']}</arg>
<arg>${keyTwo}</arg>
<doc>Fails if ``key`` is not found from ``dictionary``.</doc>
<status status="PASS" start="2024-05-05T03:14:40.883583" elapsed="0.000480"/>
</kw>
<kw name="Log" owner="BuiltIn">
<msg time="2024-05-05T03:14:40.884491" level="INFO">username</msg>
<arg>${keyTwo}</arg>
<doc>Logs the given message with the given level.</doc>
<status status="PASS" start="2024-05-05T03:14:40.884358" elapsed="0.000183"/>
</kw>
<var name="${keyTwo}">username</var>
<status status="PASS" start="2024-05-05T03:14:40.882751" elapsed="0.002001"/>
</iter>
<iter>
<kw name="Dictionary Should Contain Key" owner="Collections">
<msg time="2024-05-05T03:14:40.885452" level="INFO">False</msg>
<arg>${json_data['results'][0]['login']}</arg>
<arg>${keyTwo}</arg>
<doc>Fails if ``key`` is not found from ``dictionary``.</doc>
<status status="PASS" start="2024-05-05T03:14:40.885068" elapsed="0.000420"/>
</kw>
<kw name="Dictionary Should Contain Key" owner="Collections">
<msg time="2024-05-05T03:14:40.886265" level="INFO">False</msg>
<arg>${json_data['results'][0]['login']}</arg>
<arg>${keyTwo}</arg>
<doc>Fails if ``key`` is not found from ``dictionary``.</doc>
<status status="PASS" start="2024-05-05T03:14:40.885779" elapsed="0.000524"/>
</kw>
<kw name="Log" owner="BuiltIn">
<msg time="2024-05-05T03:14:40.886722" level="INFO">password</msg>
<arg>${keyTwo}</arg>
<doc>Logs the given message with the given level.</doc>
<status status="PASS" start="2024-05-05T03:14:40.886596" elapsed="0.000163"/>
</kw>
<var name="${keyTwo}">password</var>
<status status="PASS" start="2024-05-05T03:14:40.884942" elapsed="0.002027"/>
</iter>
<var>${keyTwo}</var>
<value>@{expected_keysTwo}</value>
<status status="PASS" start="2024-05-05T03:14:40.882601" elapsed="0.004487"/>
</for>
<status status="PASS" start="2024-05-05T03:14:40.828438" elapsed="0.058787"/>
</kw>
<doc>Testa a estrutura da resposta da API.</doc>
<tag>testeEstruturaResposta</tag>
<status status="PASS" start="2024-05-05T03:14:40.827666" elapsed="0.059706"/>
</test>
<test id="s1-s1-t4" name="Validar tipos de dados" line="28">
<kw name="Teste de Tipos de Dados" owner="random-user-service">
<kw name="GET On Session" owner="RequestsLibrary">
<msg time="2024-05-05T03:14:40.962357" level="INFO">GET Request : url=https://randomuser.me/api 
 path_url=/api 
 headers={'User-Agent': 'python-requests/2.31.0', 'Accept-Encoding': 'gzip, deflate', 'Accept': '*/*', 'Connection': 'keep-alive'} 
 body=None 
 </msg>
<msg time="2024-05-05T03:14:40.962444" level="INFO">GET Response : url=https://randomuser.me/api 
 status=200, reason=OK 
 headers={'Date': 'Sun, 05 May 2024 03:14:40 GMT', 'Content-Type': 'application/json; charset=utf-8', 'Transfer-Encoding': 'chunked', 'Connection': 'keep-alive', 'X-Powered-By': 'Express', 'Access-Control-Allow-Origin': '*', 'Cache-Control': 'no-cache', 'ETag': 'W/"46d-abRqrK1ol9mPQ23J5CGTDRURGUs"', 'Vary': 'Accept-Encoding', 'Content-Encoding': 'gzip', 'CF-Cache-Status': 'DYNAMIC', 'Report-To': '{"endpoints":[{"url":"https:\\/\\/a.nel.cloudflare.com\\/report\\/v4?s=%2BXy%2F2l7XF6Liu6AAfYB7gY3rVN1ONZ5KVN%2B8mAgBy%2B5G9i4jCFvUIGhJGz0nQ4R%2BUyNAkBzxOWClpHmJpzFErW2HWDtfDBSF98Uxhd0tRkABtst0NSGJCx%2BN5Mn9YpVt"}],"group":"cf-nel","max_age":604800}', 'NEL': '{"success_fraction":0,"report_to":"cf-nel","max_age":604800}', 'Server': 'cloudflare', 'CF-RAY': '87ed8fcd9a548215-IAD', 'alt-svc': 'h3=":443"; ma=86400'} 
 body={"results":[{"gender":"male","name":{"title":"Mr","first":"Joseph","last":"Hughes"},"location":{"street":{"number":6095,"name":"Napier Road"},"city":"Whanganui","state":"Waikato","country":"New Zealand","postcode":17496,"coordinates":{"latitude":"51.7912","longitude":"-2.3809"},"timezone":{"offset":"-3:30","description":"Newfoundland"}},"email":"joseph.hughes@example.com","login":{"uuid":"94599ed1-fb89-472d-a876-8cbc9fc5788d","username":"heavygoose592","password":"karate","salt":"0THLDk24","md5":"9a5e7b3754a470f312104b4a974ef013","sha1":"7a4ad6b98f11ab11a60d2519c90a10888789ae5f","sha256":"2cf7a19f41e6145805313e55655983b93e5cdb0987b1592c33a195693ff83cee"},"dob":{"date":"1988-05-21T13:47:59.027Z","age":35},"registered":{"date":"2016-05-23T17:27:52.771Z","age":7},"phone":"(697)-345-5829","cell":"(423)-461-1141","id":{"name":"","value":null},"picture":{"large":"https://randomuser.me/api/portraits/men/78.jpg","medium":"https://randomuser.me/api/portraits/med/men/78.jpg","thumbnail":"https://randomuser.me/api/portraits/thumb/men/78.jpg"},"nat":"NZ"}],"info":{"seed":"e1a5a676a218a380","results":1,"page":1,"version":"1.4"}} 
 </msg>
<msg time="2024-05-05T03:14:40.962516" level="INFO">/opt/hostedtoolcache/Python/3.12.3/x64/lib/python3.12/site-packages/urllib3/connectionpool.py:1103: InsecureRequestWarning: Unverified HTTPS request is being made to host 'randomuser.me'. Adding certificate verification is strongly advised. See: https://urllib3.readthedocs.io/en/latest/advanced-usage.html#tls-warnings
  warnings.warn(</msg>
<msg time="2024-05-05T03:14:40.962659" level="INFO">${response} = &lt;Response [200]&gt;</msg>
<var>${response}</var>
<arg>consultarAPI</arg>
<arg>/api</arg>
<doc>Sends a GET request on a previously created HTTP Session.</doc>
<status status="PASS" start="2024-05-05T03:14:40.889752" elapsed="0.072953"/>
</kw>
<kw name="Set Variable" owner="BuiltIn">
<msg time="2024-05-05T03:14:40.963634" level="INFO">${json_data} = {'results': [{'gender': 'male', 'name': {'title': 'Mr', 'first': 'Joseph', 'last': 'Hughes'}, 'location': {'street': {'number': 6095, 'name': 'Napier Road'}, 'city': 'Whanganui', 'state': 'Waikato', '...</msg>
<var>${json_data}</var>
<arg>${response.json()}</arg>
<doc>Returns the given values which can then be assigned to a variables.</doc>
<status status="PASS" start="2024-05-05T03:14:40.963155" elapsed="0.000507"/>
</kw>
<kw name="Log" owner="BuiltIn">
<msg time="2024-05-05T03:14:40.964109" level="INFO">{'results': [{'gender': 'male', 'name': {'title': 'Mr', 'first': 'Joseph', 'last': 'Hughes'}, 'location': {'street': {'number': 6095, 'name': 'Napier Road'}, 'city': 'Whanganui', 'state': 'Waikato', 'country': 'New Zealand', 'postcode': 17496, 'coordinates': {'latitude': '51.7912', 'longitude': '-2.3809'}, 'timezone': {'offset': '-3:30', 'description': 'Newfoundland'}}, 'email': 'joseph.hughes@example.com', 'login': {'uuid': '94599ed1-fb89-472d-a876-8cbc9fc5788d', 'username': 'heavygoose592', 'password': 'karate', 'salt': '0THLDk24', 'md5': '9a5e7b3754a470f312104b4a974ef013', 'sha1': '7a4ad6b98f11ab11a60d2519c90a10888789ae5f', 'sha256': '2cf7a19f41e6145805313e55655983b93e5cdb0987b1592c33a195693ff83cee'}, 'dob': {'date': '1988-05-21T13:47:59.027Z', 'age': 35}, 'registered': {'date': '2016-05-23T17:27:52.771Z', 'age': 7}, 'phone': '(697)-345-5829', 'cell': '(423)-461-1141', 'id': {'name': '', 'value': None}, 'picture': {'large': 'https://randomuser.me/api/portraits/men/78.jpg', 'medium': 'https://randomuser.me/api/portraits/med/men/78.jpg', 'thumbnail': 'https://randomuser.me/api/portraits/thumb/men/78.jpg'}, 'nat': 'NZ'}], 'info': {'seed': 'e1a5a676a218a380', 'results': 1, 'page': 1, 'version': '1.4'}}</msg>
<arg>${json_data}</arg>
<doc>Logs the given message with the given level.</doc>
<status status="PASS" start="2024-05-05T03:14:40.963960" elapsed="0.000239"/>
</kw>
<kw name="Should Be String" owner="String">
<arg>${json_data['results'][0]['gender']}</arg>
<doc>Fails if the given ``item`` is not a string.</doc>
<status status="PASS" start="2024-05-05T03:14:40.964493" elapsed="0.000363"/>
</kw>
<kw name="Should Match Regexp" owner="BuiltIn">
<arg>${json_data['results'][0]['email']}</arg>
<arg>^[a-zA-Z0-9._%+-]+@[a-zA-Z0-9.-]+\.[a-zA-Z]{2,}$</arg>
<doc>Fails if ``string`` does not match ``pattern`` as a regular expression.</doc>
<status status="PASS" start="2024-05-05T03:14:40.965047" elapsed="0.000508"/>
</kw>
<kw name="Should Match Regexp" owner="BuiltIn">
<arg>${json_data['results'][0]['dob']['date']}</arg>
<arg>\\d{4}-\\d{2}-\\d{2}T\\d{2}:\\d{2}:\\d{2}\\.\\d{3}Z</arg>
<doc>Fails if ``string`` does not match ``pattern`` as a regular expression.</doc>
<status status="PASS" start="2024-05-05T03:14:40.965748" elapsed="0.000539"/>
</kw>
<kw name="Should Match Regexp" owner="BuiltIn">
<arg>${json_data['results'][0]['registered']['date']}</arg>
<arg>\\d{4}-\\d{2}-\\d{2}T\\d{2}:\\d{2}:\\d{2}\\.\\d{3}Z</arg>
<doc>Fails if ``string`` does not match ``pattern`` as a regular expression.</doc>
<status status="PASS" start="2024-05-05T03:14:40.966483" elapsed="0.000366"/>
</kw>
<kw name="Should Match Regexp" owner="BuiltIn">
<arg>${json_data['results'][0]['picture']['large']}</arg>
<arg>^https?://.*\.(?:png|jpe?g|gif|bmp)$</arg>
<doc>Fails if ``string`` does not match ``pattern`` as a regular expression.</doc>
<status status="PASS" start="2024-05-05T03:14:40.967034" elapsed="0.000452"/>
</kw>
<kw name="Should Match Regexp" owner="BuiltIn">
<arg>${json_data['results'][0]['picture']['medium']}</arg>
<arg>^https?://.*\.(?:png|jpe?g|gif|bmp)$</arg>
<doc>Fails if ``string`` does not match ``pattern`` as a regular expression.</doc>
<status status="PASS" start="2024-05-05T03:14:40.967673" elapsed="0.000354"/>
</kw>
<kw name="Should Match Regexp" owner="BuiltIn">
<arg>${json_data['results'][0]['picture']['thumbnail']}</arg>
<arg>^https?://.*\.(?:png|jpe?g|gif|bmp)$</arg>
<doc>Fails if ``string`` does not match ``pattern`` as a regular expression.</doc>
<status status="PASS" start="2024-05-05T03:14:40.968216" elapsed="0.000348"/>
</kw>
<kw name="Log" owner="BuiltIn">
<msg time="2024-05-05T03:14:40.969062" level="INFO">{'large': 'https://randomuser.me/api/portraits/men/78.jpg', 'medium': 'https://randomuser.me/api/portraits/med/men/78.jpg', 'thumbnail': 'https://randomuser.me/api/portraits/thumb/men/78.jpg'}</msg>
<arg>${json_data['results'][0]['picture']}</arg>
<doc>Logs the given message with the given level.</doc>
<status status="PASS" start="2024-05-05T03:14:40.968743" elapsed="0.000360"/>
</kw>
<status status="PASS" start="2024-05-05T03:14:40.889534" elapsed="0.079819"/>
</kw>
<kw name="Teste de Tipos de Dados - Postcode" owner="random-user-service">
<kw name="GET On Session" owner="RequestsLibrary">
<msg time="2024-05-05T03:14:41.061170" level="INFO">GET Request : url=https://randomuser.me/api 
 path_url=/api 
 headers={'User-Agent': 'python-requests/2.31.0', 'Accept-Encoding': 'gzip, deflate', 'Accept': '*/*', 'Connection': 'keep-alive'} 
 body=None 
 </msg>
<msg time="2024-05-05T03:14:41.061256" level="INFO">GET Response : url=https://randomuser.me/api 
 status=200, reason=OK 
 headers={'Date': 'Sun, 05 May 2024 03:14:41 GMT', 'Content-Type': 'application/json; charset=utf-8', 'Transfer-Encoding': 'chunked', 'Connection': 'keep-alive', 'X-Powered-By': 'Express', 'Access-Control-Allow-Origin': '*', 'Cache-Control': 'no-cache', 'ETag': 'W/"47e-FQDmRrcP8x8MUInREWVSjF6SQSg"', 'Vary': 'Accept-Encoding', 'Content-Encoding': 'gzip', 'CF-Cache-Status': 'DYNAMIC', 'Report-To': '{"endpoints":[{"url":"https:\\/\\/a.nel.cloudflare.com\\/report\\/v4?s=bxeqN2YHFi%2BTXnIRhPfhmWJzeivLV7N3cLycyNkAzrCy%2Fks%2F25RlMXkjvVJnn6Gm0l8E0%2Bo9o%2FrTTomRaREES%2F5O4NjzngXSEvvtdgakukFGiQxaTzZxGojHx3YVvVY%2F"}],"group":"cf-nel","max_age":604800}', 'NEL': '{"success_fraction":0,"report_to":"cf-nel","max_age":604800}', 'Server': 'cloudflare', 'CF-RAY': '87ed8fce1acd8215-IAD', 'alt-svc': 'h3=":443"; ma=86400'} 
 body={"results":[{"gender":"male","name":{"title":"Mr","first":"Orimir","last":"Sachuk"},"location":{"street":{"number":9748,"name":"Starosinna ploshcha"},"city":"Ovruch","state":"Kirovogradska","country":"Ukraine","postcode":12498,"coordinates":{"latitude":"75.3709","longitude":"-55.2142"},"timezone":{"offset":"+9:30","description":"Adelaide, Darwin"}},"email":"orimir.sachuk@example.com","login":{"uuid":"acefd970-7d8b-4a83-8261-646560cd0161","username":"greenbutterfly471","password":"bridge","salt":"C3GTNIpH","md5":"7e0925f11fec1d38ee5be90827e09682","sha1":"b6eca178120e3b8d30bd6b5804fb92a3d1fa3972","sha256":"e7499b7ff8144879131bf617a649b65da7b584a5660528d47be001dd20fae6ae"},"dob":{"date":"1959-08-05T07:55:46.167Z","age":64},"registered":{"date":"2010-09-30T20:38:24.861Z","age":13},"phone":"(068) A78-0030","cell":"(099) K79-2874","id":{"name":"","value":null},"picture":{"large":"https://randomuser.me/api/portraits/men/33.jpg","medium":"https://randomuser.me/api/portraits/med/men/33.jpg","thumbnail":"https://randomuser.me/api/portraits/thumb/men/33.jpg"},"nat":"UA"}],"info":{"seed":"058a6f3f3b8ac7ee","results":1,"page":1,"version":"1.4"}} 
 </msg>
<msg time="2024-05-05T03:14:41.061312" level="INFO">/opt/hostedtoolcache/Python/3.12.3/x64/lib/python3.12/site-packages/urllib3/connectionpool.py:1103: InsecureRequestWarning: Unverified HTTPS request is being made to host 'randomuser.me'. Adding certificate verification is strongly advised. See: https://urllib3.readthedocs.io/en/latest/advanced-usage.html#tls-warnings
  warnings.warn(</msg>
<msg time="2024-05-05T03:14:41.061400" level="INFO">${response} = &lt;Response [200]&gt;</msg>
<var>${response}</var>
<arg>consultarAPI</arg>
<arg>/api</arg>
<doc>Sends a GET request on a previously created HTTP Session.</doc>
<status status="PASS" start="2024-05-05T03:14:40.969792" elapsed="0.091757"/>
</kw>
<kw name="Set Variable" owner="BuiltIn">
<msg time="2024-05-05T03:14:41.062412" level="INFO">${json_data} = {'results': [{'gender': 'male', 'name': {'title': 'Mr', 'first': 'Orimir', 'last': 'Sachuk'}, 'location': {'street': {'number': 9748, 'name': 'Starosinna ploshcha'}, 'city': 'Ovruch', 'state': 'Kirovo...</msg>
<var>${json_data}</var>
<arg>${response.json()}</arg>
<doc>Returns the given values which can then be assigned to a variables.</doc>
<status status="PASS" start="2024-05-05T03:14:41.061906" elapsed="0.000534"/>
</kw>
<kw name="Log" owner="BuiltIn">
<msg time="2024-05-05T03:14:41.062906" level="INFO">{'results': [{'gender': 'male', 'name': {'title': 'Mr', 'first': 'Orimir', 'last': 'Sachuk'}, 'location': {'street': {'number': 9748, 'name': 'Starosinna ploshcha'}, 'city': 'Ovruch', 'state': 'Kirovogradska', 'country': 'Ukraine', 'postcode': 12498, 'coordinates': {'latitude': '75.3709', 'longitude': '-55.2142'}, 'timezone': {'offset': '+9:30', 'description': 'Adelaide, Darwin'}}, 'email': 'orimir.sachuk@example.com', 'login': {'uuid': 'acefd970-7d8b-4a83-8261-646560cd0161', 'username': 'greenbutterfly471', 'password': 'bridge', 'salt': 'C3GTNIpH', 'md5': '7e0925f11fec1d38ee5be90827e09682', 'sha1': 'b6eca178120e3b8d30bd6b5804fb92a3d1fa3972', 'sha256': 'e7499b7ff8144879131bf617a649b65da7b584a5660528d47be001dd20fae6ae'}, 'dob': {'date': '1959-08-05T07:55:46.167Z', 'age': 64}, 'registered': {'date': '2010-09-30T20:38:24.861Z', 'age': 13}, 'phone': '(068) A78-0030', 'cell': '(099) K79-2874', 'id': {'name': '', 'value': None}, 'picture': {'large': 'https://randomuser.me/api/portraits/men/33.jpg', 'medium': 'https://randomuser.me/api/portraits/med/men/33.jpg', 'thumbnail': 'https://randomuser.me/api/portraits/thumb/men/33.jpg'}, 'nat': 'UA'}], 'info': {'seed': '058a6f3f3b8ac7ee', 'results': 1, 'page': 1, 'version': '1.4'}}</msg>
<arg>${json_data}</arg>
<doc>Logs the given message with the given level.</doc>
<status status="PASS" start="2024-05-05T03:14:41.062755" elapsed="0.000229"/>
</kw>
<kw name="Should Be Equal As Numbers" owner="BuiltIn">
<arg>${json_data['results'][0]['location']['postcode']}</arg>
<arg>${json_data['results'][0]['location']['postcode']}</arg>
<doc>Fails if objects are unequal after converting them to real numbers.</doc>
<status status="PASS" start="2024-05-05T03:14:41.063289" elapsed="0.000766"/>
</kw>
<kw name="Log" owner="BuiltIn">
<msg time="2024-05-05T03:14:41.064583" level="INFO">12498</msg>
<arg>${json_data['results'][0]['location']['postcode']}</arg>
<doc>Logs the given message with the given level.</doc>
<status status="PASS" start="2024-05-05T03:14:41.064248" elapsed="0.000375"/>
</kw>
<status status="PASS" start="2024-05-05T03:14:40.969570" elapsed="0.095300"/>
</kw>
<doc>Testa se os tipos de dados na resposta da API estão corretos.</doc>
<tag>testeTiposDados</tag>
<status status="PASS" start="2024-05-05T03:14:40.889112" elapsed="0.175927"/>
</test>
<test id="s1-s1-t5" name="Validar conteudo" line="35">
<kw name="Teste de Tipos de Conteudo" owner="random-user-service">
<kw name="GET On Session" owner="RequestsLibrary">
<msg time="2024-05-05T03:14:41.165812" level="INFO">GET Request : url=https://randomuser.me/api 
 path_url=/api 
 headers={'User-Agent': 'python-requests/2.31.0', 'Accept-Encoding': 'gzip, deflate', 'Accept': '*/*', 'Connection': 'keep-alive'} 
 body=None 
 </msg>
<msg time="2024-05-05T03:14:41.165909" level="INFO">GET Response : url=https://randomuser.me/api 
 status=200, reason=OK 
 headers={'Date': 'Sun, 05 May 2024 03:14:41 GMT', 'Content-Type': 'application/json; charset=utf-8', 'Transfer-Encoding': 'chunked', 'Connection': 'keep-alive', 'X-Powered-By': 'Express', 'Access-Control-Allow-Origin': '*', 'Cache-Control': 'no-cache', 'ETag': 'W/"494-xu6yVpq6V8U1nmGBeJRJmU+eJU0"', 'Vary': 'Accept-Encoding', 'Content-Encoding': 'gzip', 'CF-Cache-Status': 'DYNAMIC', 'Report-To': '{"endpoints":[{"url":"https:\\/\\/a.nel.cloudflare.com\\/report\\/v4?s=FV%2BvAaVm9JRnhG8jNMVWqd6DK5F1rMy%2ByG%2BgLeHfS9KH4nlAqPQv8asflRz%2Bn1kXKR3xZSmWqMDzNAO0EOQpgRcH9bP6e1ZyEbpRUeptfmgoG5L3fN8BPIuPGr6E%2Fi3I"}],"group":"cf-nel","max_age":604800}', 'NEL': '{"success_fraction":0,"report_to":"cf-nel","max_age":604800}', 'Server': 'cloudflare', 'CF-RAY': '87ed8fceab658215-IAD', 'alt-svc': 'h3=":443"; ma=86400'} 
 body={"results":[{"gender":"male","name":{"title":"Mr","first":"Dragan","last":"Vučetić"},"location":{"street":{"number":5327,"name":"Radoslava Višeslavića "},"city":"Žagubica","state":"Šumadija","country":"Serbia","postcode":39533,"coordinates":{"latitude":"58.7597","longitude":"-164.0765"},"timezone":{"offset":"-8:00","description":"Pacific Time (US &amp; Canada)"}},"email":"dragan.vucetic@example.com","login":{"uuid":"3e28bfe5-5e4e-47ad-8bd6-d3847f83ba30","username":"ticklishgoose841","password":"phish","salt":"v6q5DP1X","md5":"5f8b49e6beadf978cd4ae6ecd30b56d8","sha1":"e766358e9c6650f9760a1350a414e437b7b824b6","sha256":"84715a2ff79fb62bf577216f13aa15afca7902dee153173a52bb3aec8bd5c6d5"},"dob":{"date":"1956-05-30T20:20:29.435Z","age":67},"registered":{"date":"2012-05-25T21:27:42.047Z","age":11},"phone":"029-5266-100","cell":"061-1344-756","id":{"name":"SID","value":"364036300"},"picture":{"large":"https://randomuser.me/api/portraits/men/28.jpg","medium":"https://randomuser.me/api/portraits/med/men/28.jpg","thumbnail":"https://randomuser.me/api/portraits/thumb/men/28.jpg"},"nat":"RS"}],"info":{"seed":"df66689fb2af944c","results":1,"page":1,"version":"1.4"}} 
 </msg>
<msg time="2024-05-05T03:14:41.165993" level="INFO">/opt/hostedtoolcache/Python/3.12.3/x64/lib/python3.12/site-packages/urllib3/connectionpool.py:1103: InsecureRequestWarning: Unverified HTTPS request is being made to host 'randomuser.me'. Adding certificate verification is strongly advised. See: https://urllib3.readthedocs.io/en/latest/advanced-usage.html#tls-warnings
  warnings.warn(</msg>
<msg time="2024-05-05T03:14:41.166164" level="INFO">${response} = &lt;Response [200]&gt;</msg>
<var>${response}</var>
<arg>consultarAPI</arg>
<arg>/api</arg>
<doc>Sends a GET request on a previously created HTTP Session.</doc>
<status status="PASS" start="2024-05-05T03:14:41.067502" elapsed="0.098719"/>
</kw>
<kw name="Set Variable" owner="BuiltIn">
<msg time="2024-05-05T03:14:41.167185" level="INFO">${json_data} = {'results': [{'gender': 'male', 'name': {'title': 'Mr', 'first': 'Dragan', 'last': 'Vučetić'}, 'location': {'street': {'number': 5327, 'name': 'Radoslava Višeslavića '}, 'city': 'Žagubica', 'state': '...</msg>
<var>${json_data}</var>
<arg>${response.json()}</arg>
<doc>Returns the given values which can then be assigned to a variables.</doc>
<status status="PASS" start="2024-05-05T03:14:41.166695" elapsed="0.000522"/>
</kw>
<kw name="Set Variable" owner="BuiltIn">
<msg time="2024-05-05T03:14:41.167916" level="INFO">${name_title} = Mr</msg>
<var>${name_title}</var>
<arg>${json_data["results"][0]["name"]["title"]}</arg>
<doc>Returns the given values which can then be assigned to a variables.</doc>
<status status="PASS" start="2024-05-05T03:14:41.167525" elapsed="0.000417"/>
</kw>
<kw name="Create List" owner="BuiltIn">
<msg time="2024-05-05T03:14:41.168391" level="INFO">${allowed_titles} = ['Mr', 'Ms', 'Miss', 'Mrs', 'Madame', 'Monsieur']</msg>
<var>${allowed_titles}</var>
<arg>Mr</arg>
<arg>Ms</arg>
<arg>Miss</arg>
<arg>Mrs</arg>
<arg>Madame</arg>
<arg>Monsieur</arg>
<doc>Returns a list containing given items.</doc>
<status status="PASS" start="2024-05-05T03:14:41.168242" elapsed="0.000173"/>
</kw>
<kw name="List Should Contain Value" owner="Collections">
<msg time="2024-05-05T03:14:41.168884" level="INFO">False</msg>
<arg>${allowed_titles}</arg>
<arg>${name_title}</arg>
<doc>Fails if the ``value`` is not found from ``list``.</doc>
<status status="PASS" start="2024-05-05T03:14:41.168712" elapsed="0.000210"/>
</kw>
<kw name="Set Variable" owner="BuiltIn">
<msg time="2024-05-05T03:14:41.169603" level="INFO">${name_country} = RS</msg>
<var>${name_country}</var>
<arg>${json_data["results"][0]["nat"]}</arg>
<doc>Returns the given values which can then be assigned to a variables.</doc>
<status status="PASS" start="2024-05-05T03:14:41.169217" elapsed="0.000412"/>
</kw>
<kw name="Create List" owner="BuiltIn">
<msg time="2024-05-05T03:14:41.170549" level="INFO">${list_country} = ['AD', 'AE', 'AF', 'AG', 'AI', 'AL', 'AM', 'AO', 'AQ', 'AR', 'AS', 'AT', 'AU', 'AW', 'AX', 'AZ', 'BA', 'BB', 'BD', 'BE', 'BF', 'BG', 'BH', 'BI', 'BJ', 'BL', 'BM', 'BN', 'BO', 'BQ', 'BR', 'BS', 'BT', '...</msg>
<var>${list_country}</var>
<arg>AD</arg>
<arg>AE</arg>
<arg>AF</arg>
<arg>AG</arg>
<arg>AI</arg>
<arg>AL</arg>
<arg>AM</arg>
<arg>AO</arg>
<arg>AQ</arg>
<arg>AR</arg>
<arg>AS</arg>
<arg>AT</arg>
<arg>AU</arg>
<arg>AW</arg>
<arg>AX</arg>
<arg>AZ</arg>
<arg>BA</arg>
<arg>BB</arg>
<arg>BD</arg>
<arg>BE</arg>
<arg>BF</arg>
<arg>BG</arg>
<arg>BH</arg>
<arg>BI</arg>
<arg>BJ</arg>
<arg>BL</arg>
<arg>BM</arg>
<arg>BN</arg>
<arg>BO</arg>
<arg>BQ</arg>
<arg>BR</arg>
<arg>BS</arg>
<arg>BT</arg>
<arg>BV</arg>
<arg>BW</arg>
<arg>BY</arg>
<arg>BZ</arg>
<arg>CA</arg>
<arg>CC</arg>
<arg>CD</arg>
<arg>CF</arg>
<arg>CG</arg>
<arg>CH</arg>
<arg>CI</arg>
<arg>CK</arg>
<arg>CL</arg>
<arg>CM</arg>
<arg>CN</arg>
<arg>CO</arg>
<arg>CR</arg>
<arg>CU</arg>
<arg>CV</arg>
<arg>CW</arg>
<arg>CX</arg>
<arg>CY</arg>
<arg>CZ</arg>
<arg>DE</arg>
<arg>DJ</arg>
<arg>DK</arg>
<arg>DM</arg>
<arg>DO</arg>
<arg>DZ</arg>
<arg>EC</arg>
<arg>EE</arg>
<arg>EG</arg>
<arg>EH</arg>
<arg>ER</arg>
<arg>ES</arg>
<arg>ET</arg>
<arg>FI</arg>
<arg>FJ</arg>
<arg>FK</arg>
<arg>FM</arg>
<arg>FO</arg>
<arg>FR</arg>
<arg>GA</arg>
<arg>GB</arg>
<arg>GD</arg>
<arg>GE</arg>
<arg>GF</arg>
<arg>GG</arg>
<arg>GH</arg>
<arg>GI</arg>
<arg>GL</arg>
<arg>GM</arg>
<arg>GN</arg>
<arg>GP</arg>
<arg>GQ</arg>
<arg>GR</arg>
<arg>GS</arg>
<arg>GT</arg>
<arg>GU</arg>
<arg>GW</arg>
<arg>GY</arg>
<arg>HK</arg>
<arg>HM</arg>
<arg>HN</arg>
<arg>HR</arg>
<arg>HT</arg>
<arg>HU</arg>
<arg>ID</arg>
<arg>IE</arg>
<arg>IL</arg>
<arg>IM</arg>
<arg>IN</arg>
<arg>IO</arg>
<arg>IQ</arg>
<arg>IR</arg>
<arg>IS</arg>
<arg>IT</arg>
<arg>JE</arg>
<arg>JM</arg>
<arg>JO</arg>
<arg>JP</arg>
<arg>KE</arg>
<arg>KG</arg>
<arg>KH</arg>
<arg>KI</arg>
<arg>KM</arg>
<arg>KN</arg>
<arg>KP</arg>
<arg>KR</arg>
<arg>KW</arg>
<arg>KY</arg>
<arg>KZ</arg>
<arg>LA</arg>
<arg>LB</arg>
<arg>LC</arg>
<arg>LI</arg>
<arg>LK</arg>
<arg>LR</arg>
<arg>LS</arg>
<arg>LT</arg>
<arg>LU</arg>
<arg>LV</arg>
<arg>LY</arg>
<arg>MA</arg>
<arg>MC</arg>
<arg>MD</arg>
<arg>ME</arg>
<arg>MF</arg>
<arg>MG</arg>
<arg>MH</arg>
<arg>MK</arg>
<arg>ML</arg>
<arg>MM</arg>
<arg>MN</arg>
<arg>MO</arg>
<arg>MP</arg>
<arg>MQ</arg>
<arg>MR</arg>
<arg>MS</arg>
<arg>MT</arg>
<arg>MU</arg>
<arg>MV</arg>
<arg>MW</arg>
<arg>MX</arg>
<arg>MY</arg>
<arg>MZ</arg>
<arg>NA</arg>
<arg>NC</arg>
<arg>NE</arg>
<arg>NF</arg>
<arg>NG</arg>
<arg>NI</arg>
<arg>NL</arg>
<arg>NO</arg>
<arg>NP</arg>
<arg>NR</arg>
<arg>NU</arg>
<arg>NZ</arg>
<arg>OM</arg>
<arg>PA</arg>
<arg>PE</arg>
<arg>PF</arg>
<arg>PG</arg>
<arg>PH</arg>
<arg>PK</arg>
<arg>PL</arg>
<arg>PM</arg>
<arg>PN</arg>
<arg>PR</arg>
<arg>PS</arg>
<arg>PT</arg>
<arg>PW</arg>
<arg>PY</arg>
<arg>QA</arg>
<arg>RE</arg>
<arg>RO</arg>
<arg>RS</arg>
<arg>RU</arg>
<arg>RW</arg>
<arg>SA</arg>
<arg>SB</arg>
<arg>SC</arg>
<arg>SD</arg>
<arg>SE</arg>
<arg>SG</arg>
<arg>SH</arg>
<arg>SI</arg>
<arg>SJ</arg>
<arg>SK</arg>
<arg>SL</arg>
<arg>SM</arg>
<arg>SN</arg>
<arg>SO</arg>
<arg>SR</arg>
<arg>SS</arg>
<arg>ST</arg>
<arg>SV</arg>
<arg>SX</arg>
<arg>SY</arg>
<arg>SZ</arg>
<arg>TC</arg>
<arg>TD</arg>
<arg>TF</arg>
<arg>TG</arg>
<arg>TH</arg>
<arg>TJ</arg>
<arg>TK</arg>
<arg>TL</arg>
<arg>TM</arg>
<arg>TN</arg>
<arg>TO</arg>
<arg>TR</arg>
<arg>TT</arg>
<arg>TV</arg>
<arg>TW</arg>
<arg>TZ</arg>
<arg>UA</arg>
<arg>UG</arg>
<arg>UM</arg>
<arg>US</arg>
<arg>UY</arg>
<arg>UZ</arg>
<arg>VA</arg>
<arg>VC</arg>
<arg>VE</arg>
<arg>VG</arg>
<arg>VI</arg>
<arg>VN</arg>
<arg>VU</arg>
<arg>WF</arg>
<arg>WS</arg>
<arg>XK</arg>
<arg>YE</arg>
<arg>YT</arg>
<arg>ZA</arg>
<arg>ZM</arg>
<arg>ZW</arg>
<doc>Returns a list containing given items.</doc>
<status status="PASS" start="2024-05-05T03:14:41.169929" elapsed="0.000647"/>
</kw>
<kw name="List Should Contain Value" owner="Collections">
<msg time="2024-05-05T03:14:41.171568" level="INFO">False</msg>
<arg>${list_country}</arg>
<arg>${name_country}</arg>
<doc>Fails if the ``value`` is not found from ``list``.</doc>
<status status="PASS" start="2024-05-05T03:14:41.171367" elapsed="0.000238"/>
</kw>
<kw name="Run Keyword If" owner="BuiltIn">
<kw name="Should Be True" owner="BuiltIn">
<arg>${True}</arg>
<doc>Fails if the given condition is not true.</doc>
<status status="PASS" start="2024-05-05T03:14:41.172678" elapsed="0.000142"/>
</kw>
<arg>${json_data["results"][0]["location"]["coordinates"]["latitude"]} &gt;= -90 and ${json_data["results"][0]["location"]["coordinates"]["latitude"]} &lt;= 90</arg>
<arg>Should Be True</arg>
<arg>${True}</arg>
<doc>Runs the given keyword with the given arguments, if ``condition`` is true.</doc>
<status status="PASS" start="2024-05-05T03:14:41.171916" elapsed="0.001029"/>
</kw>
<kw name="Run Keyword If" owner="BuiltIn">
<kw name="Should Be True" owner="BuiltIn">
<arg>${True}</arg>
<doc>Fails if the given condition is not true.</doc>
<status status="PASS" start="2024-05-05T03:14:41.173818" elapsed="0.000280"/>
</kw>
<arg>${json_data["results"][0]["location"]["coordinates"]["longitude"]} &gt;= -180 and ${json_data["results"][0]["location"]["coordinates"]["longitude"]} &lt;= 180</arg>
<arg>Should Be True</arg>
<arg>${True}</arg>
<doc>Runs the given keyword with the given arguments, if ``condition`` is true.</doc>
<status status="PASS" start="2024-05-05T03:14:41.173129" elapsed="0.001108"/>
</kw>
<status status="PASS" start="2024-05-05T03:14:41.067286" elapsed="0.107081"/>
</kw>
<doc>Testa o conteúdo específico dos campos retornados pela API.</doc>
<tag>testeConteudo</tag>
<status status="PASS" start="2024-05-05T03:14:41.066864" elapsed="0.107652"/>
</test>
<status status="PASS" start="2024-05-05T03:14:40.176342" elapsed="1.000147"/>
</suite>
<status status="PASS" start="2024-05-05T03:14:40.162823" elapsed="1.018769"/>
</suite>
<statistics>
<total>
<stat pass="5" fail="0" skip="0">All Tests</stat>
</total>
<tag>
<stat pass="1" fail="0" skip="0">testeConteudo</stat>
<stat pass="1" fail="0" skip="0">testeEstruturaResposta</stat>
<stat pass="1" fail="0" skip="0">testeRequisicaoBasica</stat>
<stat pass="1" fail="0" skip="0">testeTiposDados</stat>
</tag>
<suite>
<stat pass="5" fail="0" skip="0" id="s1" name="Tests">Tests</stat>
<stat pass="5" fail="0" skip="0" id="s1-s1" name="Random-User-Test">Tests.Random-User-Test</stat>
</suite>
</statistics>
<errors>
</errors>
</robot>
