<?xml version="1.0" encoding="UTF-8"?>
<robot generator="Robot 7.0.1 (Python 3.12.4 on linux)" generated="2024-07-24T14:15:19.015180" rpa="false" schemaversion="5">
<suite id="s1" name="Tests" source="/home/runner/work/ApiRandomUser/ApiRandomUser/RamdonUser/tests">
<suite id="s1-s1" name="Random-User-Test" source="/home/runner/work/ApiRandomUser/ApiRandomUser/RamdonUser/tests/random-user-test.robot">
<test id="s1-s1-t1" name="Conectar" line="13">
<kw name="Conectar API" owner="random-user-service">
<kw name="Create Session" owner="RequestsLibrary">
<msg time="2024-07-24T14:15:19.474285" level="INFO">Creating Session using : alias=consultarAPI, url=https://randomuser.me/, headers={},                     cookies={}, auth=None, timeout=None, proxies=None, verify=False,                     debug=0 </msg>
<arg>consultarAPI</arg>
<arg>${URL}</arg>
<doc>Create Session: create a HTTP session to a server</doc>
<status status="PASS" start="2024-07-24T14:15:19.474072" elapsed="0.000414"/>
</kw>
<status status="PASS" start="2024-07-24T14:15:19.472988" elapsed="0.001882"/>
</kw>
<status status="PASS" start="2024-07-24T14:15:19.472331" elapsed="0.002741"/>
</test>
<test id="s1-s1-t2" name="Validar retorno 200 e JSON Válido" line="16">
<kw name="Teste de Requisicao Basica" owner="random-user-service">
<kw name="GET On Session" owner="RequestsLibrary">
<msg time="2024-07-24T14:15:19.669377" level="INFO">GET Request : url=https://randomuser.me/api 
 path_url=/api 
 headers={'User-Agent': 'python-requests/2.32.3', 'Accept-Encoding': 'gzip, deflate', 'Accept': '*/*', 'Connection': 'keep-alive'} 
 body=None 
 </msg>
<msg time="2024-07-24T14:15:19.669544" level="INFO">GET Response : url=https://randomuser.me/api 
 status=200, reason=OK 
 headers={'Date': 'Wed, 24 Jul 2024 14:15:19 GMT', 'Content-Type': 'application/json; charset=utf-8', 'Transfer-Encoding': 'chunked', 'Connection': 'keep-alive', 'X-Powered-By': 'Express', 'Access-Control-Allow-Origin': '*', 'Cache-Control': 'no-cache', 'ETag': 'W/"487-G0l9u9sY+eSfqavdqhsVcHMak6c"', 'Vary': 'Accept-Encoding', 'Content-Encoding': 'gzip', 'CF-Cache-Status': 'DYNAMIC', 'Report-To': '{"endpoints":[{"url":"https:\\/\\/a.nel.cloudflare.com\\/report\\/v4?s=R47cTnIYTR86409flOwO8M9zQ7G7QuDELO5eVHCB6Lgh8BNNTrAFqdpgcxJc1WBg5hvK%2FJuWjECdlP%2FybwWV%2BvBWQM5vtbj37GrsMlYhKB4V%2FIp4GKrJ8t9awkDjb%2BHy"}],"group":"cf-nel","max_age":604800}', 'NEL': '{"success_fraction":0,"report_to":"cf-nel","max_age":604800}', 'Server': 'cloudflare', 'CF-RAY': '8a84858bac2781c3-IAD', 'alt-svc': 'h3=":443"; ma=86400'} 
 body={"results":[{"gender":"male","name":{"title":"Mr","first":"Simon","last":"Morel"},"location":{"street":{"number":568,"name":"Rue Gasparin"},"city":"Aix-En-Provence","state":"Haute-Garonne","country":"France","postcode":39643,"coordinates":{"latitude":"-13.0866","longitude":"-47.9052"},"timezone":{"offset":"-3:30","description":"Newfoundland"}},"email":"simon.morel@example.com","login":{"uuid":"db40e065-4fbc-4581-8a67-7ab9444ca3c7","username":"happyladybug503","password":"nacked","salt":"q9RXwHes","md5":"81ce8cf7d0b8d458ad3e96c6bf89fac1","sha1":"6af578a2af862d0bb1470ebf2ae65ac499351103","sha256":"902fc5892793bcd251b78af681eee2127c55b763ed2921e6093f9c57337d89c3"},"dob":{"date":"1982-08-02T10:36:03.745Z","age":41},"registered":{"date":"2016-12-15T00:22:31.692Z","age":7},"phone":"02-22-76-27-42","cell":"06-15-48-35-54","id":{"name":"INSEE","value":"1820725605738 52"},"picture":{"large":"https://randomuser.me/api/portraits/men/59.jpg","medium":"https://randomuser.me/api/portraits/med/men/59.jpg","thumbnail":"https://randomuser.me/api/portraits/thumb/men/59.jpg"},"nat":"FR"}],"info":{"seed":"ccddfb3ef3bed97e","results":1,"page":1,"version":"1.4"}} 
 </msg>
<msg time="2024-07-24T14:15:19.669632" level="INFO">/opt/hostedtoolcache/Python/3.12.4/x64/lib/python3.12/site-packages/urllib3/connectionpool.py:1099: InsecureRequestWarning: Unverified HTTPS request is being made to host 'randomuser.me'. Adding certificate verification is strongly advised. See: https://urllib3.readthedocs.io/en/latest/advanced-usage.html#tls-warnings
  warnings.warn(</msg>
<msg time="2024-07-24T14:15:19.669886" level="INFO">${response} = &lt;Response [200]&gt;</msg>
<var>${response}</var>
<arg>consultarAPI</arg>
<arg>/api</arg>
<doc>Sends a GET request on a previously created HTTP Session.</doc>
<status status="PASS" start="2024-07-24T14:15:19.477754" elapsed="0.192167"/>
</kw>
<kw name="Should Be Equal As Numbers" owner="BuiltIn">
<msg time="2024-07-24T14:15:19.670943" level="INFO">Argument types are:
&lt;class 'int'&gt;
&lt;class 'str'&gt;</msg>
<arg>${response.status_code}</arg>
<arg>200</arg>
<doc>Fails if objects are unequal after converting them to real numbers.</doc>
<status status="PASS" start="2024-07-24T14:15:19.670470" elapsed="0.000542"/>
</kw>
<kw name="Log" owner="BuiltIn">
<msg time="2024-07-24T14:15:19.671752" level="INFO">200</msg>
<arg>${response.status_code}</arg>
<doc>Logs the given message with the given level.</doc>
<status status="PASS" start="2024-07-24T14:15:19.671379" elapsed="0.000418"/>
</kw>
<kw name="Set Variable" owner="BuiltIn">
<msg time="2024-07-24T14:15:19.672644" level="INFO">${json_data} = {'results': [{'gender': 'male', 'name': {'title': 'Mr', 'first': 'Simon', 'last': 'Morel'}, 'location': {'street': {'number': 568, 'name': 'Rue Gasparin'}, 'city': 'Aix-En-Provence', 'state': 'Haute-G...</msg>
<var>${json_data}</var>
<arg>${response.json()}</arg>
<doc>Returns the given values which can then be assigned to a variables.</doc>
<status status="PASS" start="2024-07-24T14:15:19.672135" elapsed="0.000539"/>
</kw>
<kw name="Dictionary Should Contain Key" owner="Collections">
<arg>${json_data}</arg>
<arg>results</arg>
<doc>Fails if ``key`` is not found from ``dictionary``.</doc>
<status status="PASS" start="2024-07-24T14:15:19.673004" elapsed="0.000349"/>
</kw>
<status status="PASS" start="2024-07-24T14:15:19.477491" elapsed="0.196019"/>
</kw>
<doc>Testa se a API responde corretamente e retorna um objeto JSON válido.</doc>
<tag>testeRequisicaoBasica</tag>
<status status="PASS" start="2024-07-24T14:15:19.476982" elapsed="0.196707"/>
</test>
<test id="s1-s1-t3" name="Validar estrutura de resposta" line="22">
<kw name="Teste de Estrutura de Resposta" owner="random-user-service">
<kw name="GET On Session" owner="RequestsLibrary">
<msg time="2024-07-24T14:15:19.768975" level="INFO">GET Request : url=https://randomuser.me/api 
 path_url=/api 
 headers={'User-Agent': 'python-requests/2.32.3', 'Accept-Encoding': 'gzip, deflate', 'Accept': '*/*', 'Connection': 'keep-alive'} 
 body=None 
 </msg>
<msg time="2024-07-24T14:15:19.769092" level="INFO">GET Response : url=https://randomuser.me/api 
 status=200, reason=OK 
 headers={'Date': 'Wed, 24 Jul 2024 14:15:19 GMT', 'Content-Type': 'application/json; charset=utf-8', 'Transfer-Encoding': 'chunked', 'Connection': 'keep-alive', 'X-Powered-By': 'Express', 'Access-Control-Allow-Origin': '*', 'Cache-Control': 'no-cache', 'ETag': 'W/"476-Jez0L1aikecFnIXE9tDCadTQViA"', 'Vary': 'Accept-Encoding', 'Content-Encoding': 'gzip', 'CF-Cache-Status': 'DYNAMIC', 'Report-To': '{"endpoints":[{"url":"https:\\/\\/a.nel.cloudflare.com\\/report\\/v4?s=6aviKrxB%2B04jB84FzVaXTGV07PWRYVFnuw3a5FV7xHNy5vE08cmtCPFIYuhKlJHYC83%2FcQk7EHwYWteE%2Bz3CxIUBr9RiVmeL%2BtR4kD%2Fe4okIo7qlxi0qfDTMKmHexS3T"}],"group":"cf-nel","max_age":604800}', 'NEL': '{"success_fraction":0,"report_to":"cf-nel","max_age":604800}', 'Server': 'cloudflare', 'CF-RAY': '8a84858bfc8081c3-IAD', 'alt-svc': 'h3=":443"; ma=86400'} 
 body={"results":[{"gender":"male","name":{"title":"Mr","first":"Leevi","last":"Lahti"},"location":{"street":{"number":84,"name":"Visiokatu"},"city":"Ylöjärvi","state":"North Karelia","country":"Finland","postcode":82765,"coordinates":{"latitude":"-29.6634","longitude":"-24.5606"},"timezone":{"offset":"+3:30","description":"Tehran"}},"email":"leevi.lahti@example.com","login":{"uuid":"7690ff5c-0e8d-4dfe-862a-b73167f0a503","username":"blackostrich758","password":"harley1","salt":"c4H2195b","md5":"ec3efc057ee2de7461243b676ebcbf27","sha1":"4d186c6580ae19092fe7d05cd476fbca05cd5f72","sha256":"e47b40b02a81e240cdfafa2aecbaf4285e803f8d552991e384c01cc47545706a"},"dob":{"date":"1970-10-13T04:25:28.703Z","age":53},"registered":{"date":"2006-05-25T02:37:46.463Z","age":18},"phone":"05-490-630","cell":"041-640-68-54","id":{"name":"HETU","value":"NaNNA979undefined"},"picture":{"large":"https://randomuser.me/api/portraits/men/11.jpg","medium":"https://randomuser.me/api/portraits/med/men/11.jpg","thumbnail":"https://randomuser.me/api/portraits/thumb/men/11.jpg"},"nat":"FI"}],"info":{"seed":"04bca4d64be09019","results":1,"page":1,"version":"1.4"}} 
 </msg>
<msg time="2024-07-24T14:15:19.769239" level="INFO">/opt/hostedtoolcache/Python/3.12.4/x64/lib/python3.12/site-packages/urllib3/connectionpool.py:1099: InsecureRequestWarning: Unverified HTTPS request is being made to host 'randomuser.me'. Adding certificate verification is strongly advised. See: https://urllib3.readthedocs.io/en/latest/advanced-usage.html#tls-warnings
  warnings.warn(</msg>
<msg time="2024-07-24T14:15:19.769364" level="INFO">${response} = &lt;Response [200]&gt;</msg>
<var>${response}</var>
<arg>consultarAPI</arg>
<arg>/api</arg>
<doc>Sends a GET request on a previously created HTTP Session.</doc>
<status status="PASS" start="2024-07-24T14:15:19.676322" elapsed="0.093069"/>
</kw>
<kw name="Set Variable" owner="BuiltIn">
<msg time="2024-07-24T14:15:19.770498" level="INFO">${json_data} = {'results': [{'gender': 'male', 'name': {'title': 'Mr', 'first': 'Leevi', 'last': 'Lahti'}, 'location': {'street': {'number': 84, 'name': 'Visiokatu'}, 'city': 'Ylöjärvi', 'state': 'North Karelia', 'c...</msg>
<var>${json_data}</var>
<arg>${response.json()}</arg>
<doc>Returns the given values which can then be assigned to a variables.</doc>
<status status="PASS" start="2024-07-24T14:15:19.769958" elapsed="0.000570"/>
</kw>
<kw name="Log" owner="BuiltIn">
<msg time="2024-07-24T14:15:19.771069" level="INFO">{'results': [{'gender': 'male', 'name': {'title': 'Mr', 'first': 'Leevi', 'last': 'Lahti'}, 'location': {'street': {'number': 84, 'name': 'Visiokatu'}, 'city': 'Ylöjärvi', 'state': 'North Karelia', 'country': 'Finland', 'postcode': 82765, 'coordinates': {'latitude': '-29.6634', 'longitude': '-24.5606'}, 'timezone': {'offset': '+3:30', 'description': 'Tehran'}}, 'email': 'leevi.lahti@example.com', 'login': {'uuid': '7690ff5c-0e8d-4dfe-862a-b73167f0a503', 'username': 'blackostrich758', 'password': 'harley1', 'salt': 'c4H2195b', 'md5': 'ec3efc057ee2de7461243b676ebcbf27', 'sha1': '4d186c6580ae19092fe7d05cd476fbca05cd5f72', 'sha256': 'e47b40b02a81e240cdfafa2aecbaf4285e803f8d552991e384c01cc47545706a'}, 'dob': {'date': '1970-10-13T04:25:28.703Z', 'age': 53}, 'registered': {'date': '2006-05-25T02:37:46.463Z', 'age': 18}, 'phone': '05-490-630', 'cell': '041-640-68-54', 'id': {'name': 'HETU', 'value': 'NaNNA979undefined'}, 'picture': {'large': 'https://randomuser.me/api/portraits/men/11.jpg', 'medium': 'https://randomuser.me/api/portraits/med/men/11.jpg', 'thumbnail': 'https://randomuser.me/api/portraits/thumb/men/11.jpg'}, 'nat': 'FI'}], 'info': {'seed': '04bca4d64be09019', 'results': 1, 'page': 1, 'version': '1.4'}}</msg>
<arg>${json_data}</arg>
<doc>Logs the given message with the given level.</doc>
<status status="PASS" start="2024-07-24T14:15:19.770883" elapsed="0.000248"/>
</kw>
<kw name="Dictionary Should Contain Key" owner="Collections">
<arg>${json_data}</arg>
<arg>results</arg>
<doc>Fails if ``key`` is not found from ``dictionary``.</doc>
<status status="PASS" start="2024-07-24T14:15:19.771445" elapsed="0.000172"/>
</kw>
<kw name="Should Not Be Empty" owner="BuiltIn">
<msg time="2024-07-24T14:15:19.771950" level="INFO">Length is 2.</msg>
<arg>${json_data}</arg>
<doc>Verifies that the given item is not empty.</doc>
<status status="PASS" start="2024-07-24T14:15:19.771812" elapsed="0.000178"/>
</kw>
<kw name="Create List" owner="BuiltIn">
<msg time="2024-07-24T14:15:19.772439" level="INFO">${expected_keys} = ['gender', 'name', 'location', 'email', 'login']</msg>
<var>${expected_keys}</var>
<arg>gender</arg>
<arg>name</arg>
<arg>location</arg>
<arg>email</arg>
<arg>login</arg>
<doc>Returns a list containing given items.</doc>
<status status="PASS" start="2024-07-24T14:15:19.772281" elapsed="0.000182"/>
</kw>
<for flavor="IN">
<iter>
<kw name="Dictionary Should Contain Key" owner="Collections">
<arg>${json_data['results'][0]}</arg>
<arg>${key}</arg>
<doc>Fails if ``key`` is not found from ``dictionary``.</doc>
<status status="PASS" start="2024-07-24T14:15:19.773128" elapsed="0.000450"/>
</kw>
<kw name="Log" owner="BuiltIn">
<msg time="2024-07-24T14:15:19.774132" level="INFO">{'gender': 'male', 'name': {'title': 'Mr', 'first': 'Leevi', 'last': 'Lahti'}, 'location': {'street': {'number': 84, 'name': 'Visiokatu'}, 'city': 'Ylöjärvi', 'state': 'North Karelia', 'country': 'Finland', 'postcode': 82765, 'coordinates': {'latitude': '-29.6634', 'longitude': '-24.5606'}, 'timezone': {'offset': '+3:30', 'description': 'Tehran'}}, 'email': 'leevi.lahti@example.com', 'login': {'uuid': '7690ff5c-0e8d-4dfe-862a-b73167f0a503', 'username': 'blackostrich758', 'password': 'harley1', 'salt': 'c4H2195b', 'md5': 'ec3efc057ee2de7461243b676ebcbf27', 'sha1': '4d186c6580ae19092fe7d05cd476fbca05cd5f72', 'sha256': 'e47b40b02a81e240cdfafa2aecbaf4285e803f8d552991e384c01cc47545706a'}, 'dob': {'date': '1970-10-13T04:25:28.703Z', 'age': 53}, 'registered': {'date': '2006-05-25T02:37:46.463Z', 'age': 18}, 'phone': '05-490-630', 'cell': '041-640-68-54', 'id': {'name': 'HETU', 'value': 'NaNNA979undefined'}, 'picture': {'large': 'https://randomuser.me/api/portraits/men/11.jpg', 'medium': 'https://randomuser.me/api/portraits/med/men/11.jpg', 'thumbnail': 'https://randomuser.me/api/portraits/thumb/men/11.jpg'}, 'nat': 'FI'}</msg>
<arg>${json_data['results'][0]}</arg>
<doc>Logs the given message with the given level.</doc>
<status status="PASS" start="2024-07-24T14:15:19.773767" elapsed="0.000418"/>
</kw>
<kw name="Log" owner="BuiltIn">
<msg time="2024-07-24T14:15:19.774622" level="INFO">gender</msg>
<arg>${key}</arg>
<doc>Logs the given message with the given level.</doc>
<status status="PASS" start="2024-07-24T14:15:19.774491" elapsed="0.000169"/>
</kw>
<var name="${key}">gender</var>
<status status="PASS" start="2024-07-24T14:15:19.772996" elapsed="0.001882"/>
</iter>
<iter>
<kw name="Dictionary Should Contain Key" owner="Collections">
<arg>${json_data['results'][0]}</arg>
<arg>${key}</arg>
<doc>Fails if ``key`` is not found from ``dictionary``.</doc>
<status status="PASS" start="2024-07-24T14:15:19.775184" elapsed="0.000393"/>
</kw>
<kw name="Log" owner="BuiltIn">
<msg time="2024-07-24T14:15:19.776122" level="INFO">{'gender': 'male', 'name': {'title': 'Mr', 'first': 'Leevi', 'last': 'Lahti'}, 'location': {'street': {'number': 84, 'name': 'Visiokatu'}, 'city': 'Ylöjärvi', 'state': 'North Karelia', 'country': 'Finland', 'postcode': 82765, 'coordinates': {'latitude': '-29.6634', 'longitude': '-24.5606'}, 'timezone': {'offset': '+3:30', 'description': 'Tehran'}}, 'email': 'leevi.lahti@example.com', 'login': {'uuid': '7690ff5c-0e8d-4dfe-862a-b73167f0a503', 'username': 'blackostrich758', 'password': 'harley1', 'salt': 'c4H2195b', 'md5': 'ec3efc057ee2de7461243b676ebcbf27', 'sha1': '4d186c6580ae19092fe7d05cd476fbca05cd5f72', 'sha256': 'e47b40b02a81e240cdfafa2aecbaf4285e803f8d552991e384c01cc47545706a'}, 'dob': {'date': '1970-10-13T04:25:28.703Z', 'age': 53}, 'registered': {'date': '2006-05-25T02:37:46.463Z', 'age': 18}, 'phone': '05-490-630', 'cell': '041-640-68-54', 'id': {'name': 'HETU', 'value': 'NaNNA979undefined'}, 'picture': {'large': 'https://randomuser.me/api/portraits/men/11.jpg', 'medium': 'https://randomuser.me/api/portraits/med/men/11.jpg', 'thumbnail': 'https://randomuser.me/api/portraits/thumb/men/11.jpg'}, 'nat': 'FI'}</msg>
<arg>${json_data['results'][0]}</arg>
<doc>Logs the given message with the given level.</doc>
<status status="PASS" start="2024-07-24T14:15:19.775762" elapsed="0.000445"/>
</kw>
<kw name="Log" owner="BuiltIn">
<msg time="2024-07-24T14:15:19.776676" level="INFO">name</msg>
<arg>${key}</arg>
<doc>Logs the given message with the given level.</doc>
<status status="PASS" start="2024-07-24T14:15:19.776534" elapsed="0.000180"/>
</kw>
<var name="${key}">name</var>
<status status="PASS" start="2024-07-24T14:15:19.775069" elapsed="0.001864"/>
</iter>
<iter>
<kw name="Dictionary Should Contain Key" owner="Collections">
<arg>${json_data['results'][0]}</arg>
<arg>${key}</arg>
<doc>Fails if ``key`` is not found from ``dictionary``.</doc>
<status status="PASS" start="2024-07-24T14:15:19.777225" elapsed="0.000386"/>
</kw>
<kw name="Log" owner="BuiltIn">
<msg time="2024-07-24T14:15:19.778153" level="INFO">{'gender': 'male', 'name': {'title': 'Mr', 'first': 'Leevi', 'last': 'Lahti'}, 'location': {'street': {'number': 84, 'name': 'Visiokatu'}, 'city': 'Ylöjärvi', 'state': 'North Karelia', 'country': 'Finland', 'postcode': 82765, 'coordinates': {'latitude': '-29.6634', 'longitude': '-24.5606'}, 'timezone': {'offset': '+3:30', 'description': 'Tehran'}}, 'email': 'leevi.lahti@example.com', 'login': {'uuid': '7690ff5c-0e8d-4dfe-862a-b73167f0a503', 'username': 'blackostrich758', 'password': 'harley1', 'salt': 'c4H2195b', 'md5': 'ec3efc057ee2de7461243b676ebcbf27', 'sha1': '4d186c6580ae19092fe7d05cd476fbca05cd5f72', 'sha256': 'e47b40b02a81e240cdfafa2aecbaf4285e803f8d552991e384c01cc47545706a'}, 'dob': {'date': '1970-10-13T04:25:28.703Z', 'age': 53}, 'registered': {'date': '2006-05-25T02:37:46.463Z', 'age': 18}, 'phone': '05-490-630', 'cell': '041-640-68-54', 'id': {'name': 'HETU', 'value': 'NaNNA979undefined'}, 'picture': {'large': 'https://randomuser.me/api/portraits/men/11.jpg', 'medium': 'https://randomuser.me/api/portraits/med/men/11.jpg', 'thumbnail': 'https://randomuser.me/api/portraits/thumb/men/11.jpg'}, 'nat': 'FI'}</msg>
<arg>${json_data['results'][0]}</arg>
<doc>Logs the given message with the given level.</doc>
<status status="PASS" start="2024-07-24T14:15:19.777800" elapsed="0.000402"/>
</kw>
<kw name="Log" owner="BuiltIn">
<msg time="2024-07-24T14:15:19.778630" level="INFO">location</msg>
<arg>${key}</arg>
<doc>Logs the given message with the given level.</doc>
<status status="PASS" start="2024-07-24T14:15:19.778500" elapsed="0.000169"/>
</kw>
<var name="${key}">location</var>
<status status="PASS" start="2024-07-24T14:15:19.777115" elapsed="0.001775"/>
</iter>
<iter>
<kw name="Dictionary Should Contain Key" owner="Collections">
<arg>${json_data['results'][0]}</arg>
<arg>${key}</arg>
<doc>Fails if ``key`` is not found from ``dictionary``.</doc>
<status status="PASS" start="2024-07-24T14:15:19.779171" elapsed="0.000391"/>
</kw>
<kw name="Log" owner="BuiltIn">
<msg time="2024-07-24T14:15:19.780230" level="INFO">{'gender': 'male', 'name': {'title': 'Mr', 'first': 'Leevi', 'last': 'Lahti'}, 'location': {'street': {'number': 84, 'name': 'Visiokatu'}, 'city': 'Ylöjärvi', 'state': 'North Karelia', 'country': 'Finland', 'postcode': 82765, 'coordinates': {'latitude': '-29.6634', 'longitude': '-24.5606'}, 'timezone': {'offset': '+3:30', 'description': 'Tehran'}}, 'email': 'leevi.lahti@example.com', 'login': {'uuid': '7690ff5c-0e8d-4dfe-862a-b73167f0a503', 'username': 'blackostrich758', 'password': 'harley1', 'salt': 'c4H2195b', 'md5': 'ec3efc057ee2de7461243b676ebcbf27', 'sha1': '4d186c6580ae19092fe7d05cd476fbca05cd5f72', 'sha256': 'e47b40b02a81e240cdfafa2aecbaf4285e803f8d552991e384c01cc47545706a'}, 'dob': {'date': '1970-10-13T04:25:28.703Z', 'age': 53}, 'registered': {'date': '2006-05-25T02:37:46.463Z', 'age': 18}, 'phone': '05-490-630', 'cell': '041-640-68-54', 'id': {'name': 'HETU', 'value': 'NaNNA979undefined'}, 'picture': {'large': 'https://randomuser.me/api/portraits/men/11.jpg', 'medium': 'https://randomuser.me/api/portraits/med/men/11.jpg', 'thumbnail': 'https://randomuser.me/api/portraits/thumb/men/11.jpg'}, 'nat': 'FI'}</msg>
<arg>${json_data['results'][0]}</arg>
<doc>Logs the given message with the given level.</doc>
<status status="PASS" start="2024-07-24T14:15:19.779874" elapsed="0.000407"/>
</kw>
<kw name="Log" owner="BuiltIn">
<msg time="2024-07-24T14:15:19.780756" level="INFO">email</msg>
<arg>${key}</arg>
<doc>Logs the given message with the given level.</doc>
<status status="PASS" start="2024-07-24T14:15:19.780621" elapsed="0.000175"/>
</kw>
<var name="${key}">email</var>
<status status="PASS" start="2024-07-24T14:15:19.779064" elapsed="0.001952"/>
</iter>
<iter>
<kw name="Dictionary Should Contain Key" owner="Collections">
<arg>${json_data['results'][0]}</arg>
<arg>${key}</arg>
<doc>Fails if ``key`` is not found from ``dictionary``.</doc>
<status status="PASS" start="2024-07-24T14:15:19.781302" elapsed="0.000377"/>
</kw>
<kw name="Log" owner="BuiltIn">
<msg time="2024-07-24T14:15:19.782211" level="INFO">{'gender': 'male', 'name': {'title': 'Mr', 'first': 'Leevi', 'last': 'Lahti'}, 'location': {'street': {'number': 84, 'name': 'Visiokatu'}, 'city': 'Ylöjärvi', 'state': 'North Karelia', 'country': 'Finland', 'postcode': 82765, 'coordinates': {'latitude': '-29.6634', 'longitude': '-24.5606'}, 'timezone': {'offset': '+3:30', 'description': 'Tehran'}}, 'email': 'leevi.lahti@example.com', 'login': {'uuid': '7690ff5c-0e8d-4dfe-862a-b73167f0a503', 'username': 'blackostrich758', 'password': 'harley1', 'salt': 'c4H2195b', 'md5': 'ec3efc057ee2de7461243b676ebcbf27', 'sha1': '4d186c6580ae19092fe7d05cd476fbca05cd5f72', 'sha256': 'e47b40b02a81e240cdfafa2aecbaf4285e803f8d552991e384c01cc47545706a'}, 'dob': {'date': '1970-10-13T04:25:28.703Z', 'age': 53}, 'registered': {'date': '2006-05-25T02:37:46.463Z', 'age': 18}, 'phone': '05-490-630', 'cell': '041-640-68-54', 'id': {'name': 'HETU', 'value': 'NaNNA979undefined'}, 'picture': {'large': 'https://randomuser.me/api/portraits/men/11.jpg', 'medium': 'https://randomuser.me/api/portraits/med/men/11.jpg', 'thumbnail': 'https://randomuser.me/api/portraits/thumb/men/11.jpg'}, 'nat': 'FI'}</msg>
<arg>${json_data['results'][0]}</arg>
<doc>Logs the given message with the given level.</doc>
<status status="PASS" start="2024-07-24T14:15:19.781862" elapsed="0.000398"/>
</kw>
<kw name="Log" owner="BuiltIn">
<msg time="2024-07-24T14:15:19.782681" level="INFO">login</msg>
<arg>${key}</arg>
<doc>Logs the given message with the given level.</doc>
<status status="PASS" start="2024-07-24T14:15:19.782553" elapsed="0.000166"/>
</kw>
<var name="${key}">login</var>
<status status="PASS" start="2024-07-24T14:15:19.781192" elapsed="0.001741"/>
</iter>
<var>${key}</var>
<value>@{expected_keys}</value>
<status status="PASS" start="2024-07-24T14:15:19.772787" elapsed="0.010265"/>
</for>
<kw name="Create List" owner="BuiltIn">
<msg time="2024-07-24T14:15:19.783390" level="INFO">${expected_keysTwo} = ['username', 'password']</msg>
<var>${expected_keysTwo}</var>
<arg>username</arg>
<arg>password</arg>
<doc>Returns a list containing given items.</doc>
<status status="PASS" start="2024-07-24T14:15:19.783244" elapsed="0.000170"/>
</kw>
<for flavor="IN">
<iter>
<kw name="Dictionary Should Contain Key" owner="Collections">
<arg>${json_data['results'][0]['login']}</arg>
<arg>${keyTwo}</arg>
<doc>Fails if ``key`` is not found from ``dictionary``.</doc>
<status status="PASS" start="2024-07-24T14:15:19.783965" elapsed="0.000410"/>
</kw>
<kw name="Dictionary Should Contain Key" owner="Collections">
<arg>${json_data['results'][0]['login']}</arg>
<arg>${keyTwo}</arg>
<doc>Fails if ``key`` is not found from ``dictionary``.</doc>
<status status="PASS" start="2024-07-24T14:15:19.784592" elapsed="0.000384"/>
</kw>
<kw name="Log" owner="BuiltIn">
<msg time="2024-07-24T14:15:19.785300" level="INFO">username</msg>
<arg>${keyTwo}</arg>
<doc>Logs the given message with the given level.</doc>
<status status="PASS" start="2024-07-24T14:15:19.785174" elapsed="0.000164"/>
</kw>
<var name="${keyTwo}">username</var>
<status status="PASS" start="2024-07-24T14:15:19.783854" elapsed="0.001766"/>
</iter>
<iter>
<kw name="Dictionary Should Contain Key" owner="Collections">
<arg>${json_data['results'][0]['login']}</arg>
<arg>${keyTwo}</arg>
<doc>Fails if ``key`` is not found from ``dictionary``.</doc>
<status status="PASS" start="2024-07-24T14:15:19.785910" elapsed="0.000382"/>
</kw>
<kw name="Dictionary Should Contain Key" owner="Collections">
<arg>${json_data['results'][0]['login']}</arg>
<arg>${keyTwo}</arg>
<doc>Fails if ``key`` is not found from ``dictionary``.</doc>
<status status="PASS" start="2024-07-24T14:15:19.786472" elapsed="0.000366"/>
</kw>
<kw name="Log" owner="BuiltIn">
<msg time="2024-07-24T14:15:19.787140" level="INFO">password</msg>
<arg>${keyTwo}</arg>
<doc>Logs the given message with the given level.</doc>
<status status="PASS" start="2024-07-24T14:15:19.787014" elapsed="0.000165"/>
</kw>
<var name="${keyTwo}">password</var>
<status status="PASS" start="2024-07-24T14:15:19.785795" elapsed="0.001607"/>
</iter>
<var>${keyTwo}</var>
<value>@{expected_keysTwo}</value>
<status status="PASS" start="2024-07-24T14:15:19.783693" elapsed="0.003832"/>
</for>
<status status="PASS" start="2024-07-24T14:15:19.676075" elapsed="0.111597"/>
</kw>
<doc>Testa a estrutura da resposta da API.</doc>
<tag>testeEstruturaResposta</tag>
<status status="PASS" start="2024-07-24T14:15:19.675550" elapsed="0.112283"/>
</test>
<test id="s1-s1-t4" name="Validar tipos de dados" line="28">
<kw name="Teste de Tipos de Dados" owner="random-user-service">
<kw name="GET On Session" owner="RequestsLibrary">
<msg time="2024-07-24T14:15:19.872391" level="INFO">GET Request : url=https://randomuser.me/api 
 path_url=/api 
 headers={'User-Agent': 'python-requests/2.32.3', 'Accept-Encoding': 'gzip, deflate', 'Accept': '*/*', 'Connection': 'keep-alive'} 
 body=None 
 </msg>
<msg time="2024-07-24T14:15:19.872528" level="INFO">GET Response : url=https://randomuser.me/api 
 status=200, reason=OK 
 headers={'Date': 'Wed, 24 Jul 2024 14:15:19 GMT', 'Content-Type': 'application/json; charset=utf-8', 'Transfer-Encoding': 'chunked', 'Connection': 'keep-alive', 'X-Powered-By': 'Express', 'Access-Control-Allow-Origin': '*', 'Cache-Control': 'no-cache', 'ETag': 'W/"4a3-BTViOE6btrHMcGApaKK0gIvqoAQ"', 'Vary': 'Accept-Encoding', 'Content-Encoding': 'gzip', 'CF-Cache-Status': 'DYNAMIC', 'Report-To': '{"endpoints":[{"url":"https:\\/\\/a.nel.cloudflare.com\\/report\\/v4?s=zAK2XINihy9FuhUWLjiGf1CNIyNC959ZnkjiDfM5mFzsEU28YMHFE4819XcLDKjn81mCiJI%2BMZNWY3tU%2F42E25hXgk0b%2B14tEmdY5Oi2EpCppfZN4q9KJuMjtUBI0f5T"}],"group":"cf-nel","max_age":604800}', 'NEL': '{"success_fraction":0,"report_to":"cf-nel","max_age":604800}', 'Server': 'cloudflare', 'CF-RAY': '8a84858cbd4481c3-IAD', 'alt-svc': 'h3=":443"; ma=86400'} 
 body={"results":[{"gender":"female","name":{"title":"Ms","first":"Pilar","last":"Fernández"},"location":{"street":{"number":6183,"name":"Calle de La Democracia"},"city":"Gandía","state":"Comunidad de Madrid","country":"Spain","postcode":81133,"coordinates":{"latitude":"-35.3273","longitude":"41.4430"},"timezone":{"offset":"+4:00","description":"Abu Dhabi, Muscat, Baku, Tbilisi"}},"email":"pilar.fernandez@example.com","login":{"uuid":"c4f99848-c72b-4abd-afdd-3b3632dcd272","username":"smallduck753","password":"sleepy","salt":"EjQQR2Q9","md5":"81dccccbb4623ffa24713dc10a347eb5","sha1":"65a428405a12b9a5e07bf3bac44bb7fc5fff36d6","sha256":"6fd608ff2bfda0f6dbfc702b520e007865e028c88b8c989d0f37edcc8ae32975"},"dob":{"date":"1956-04-19T04:54:36.178Z","age":68},"registered":{"date":"2010-09-10T00:31:16.632Z","age":13},"phone":"918-781-419","cell":"625-672-108","id":{"name":"DNI","value":"43830936-P"},"picture":{"large":"https://randomuser.me/api/portraits/women/19.jpg","medium":"https://randomuser.me/api/portraits/med/women/19.jpg","thumbnail":"https://randomuser.me/api/portraits/thumb/women/19.jpg"},"nat":"ES"}],"info":{"seed":"a02a0da614882d47","results":1,"page":1,"version":"1.4"}} 
 </msg>
<msg time="2024-07-24T14:15:19.872613" level="INFO">/opt/hostedtoolcache/Python/3.12.4/x64/lib/python3.12/site-packages/urllib3/connectionpool.py:1099: InsecureRequestWarning: Unverified HTTPS request is being made to host 'randomuser.me'. Adding certificate verification is strongly advised. See: https://urllib3.readthedocs.io/en/latest/advanced-usage.html#tls-warnings
  warnings.warn(</msg>
<msg time="2024-07-24T14:15:19.872731" level="INFO">${response} = &lt;Response [200]&gt;</msg>
<var>${response}</var>
<arg>consultarAPI</arg>
<arg>/api</arg>
<doc>Sends a GET request on a previously created HTTP Session.</doc>
<status status="PASS" start="2024-07-24T14:15:19.790442" elapsed="0.082327"/>
</kw>
<kw name="Set Variable" owner="BuiltIn">
<msg time="2024-07-24T14:15:19.873885" level="INFO">${json_data} = {'results': [{'gender': 'female', 'name': {'title': 'Ms', 'first': 'Pilar', 'last': 'Fernández'}, 'location': {'street': {'number': 6183, 'name': 'Calle de La Democracia'}, 'city': 'Gandía', 'state': ...</msg>
<var>${json_data}</var>
<arg>${response.json()}</arg>
<doc>Returns the given values which can then be assigned to a variables.</doc>
<status status="PASS" start="2024-07-24T14:15:19.873328" elapsed="0.000587"/>
</kw>
<kw name="Log" owner="BuiltIn">
<msg time="2024-07-24T14:15:19.874465" level="INFO">{'results': [{'gender': 'female', 'name': {'title': 'Ms', 'first': 'Pilar', 'last': 'Fernández'}, 'location': {'street': {'number': 6183, 'name': 'Calle de La Democracia'}, 'city': 'Gandía', 'state': 'Comunidad de Madrid', 'country': 'Spain', 'postcode': 81133, 'coordinates': {'latitude': '-35.3273', 'longitude': '41.4430'}, 'timezone': {'offset': '+4:00', 'description': 'Abu Dhabi, Muscat, Baku, Tbilisi'}}, 'email': 'pilar.fernandez@example.com', 'login': {'uuid': 'c4f99848-c72b-4abd-afdd-3b3632dcd272', 'username': 'smallduck753', 'password': 'sleepy', 'salt': 'EjQQR2Q9', 'md5': '81dccccbb4623ffa24713dc10a347eb5', 'sha1': '65a428405a12b9a5e07bf3bac44bb7fc5fff36d6', 'sha256': '6fd608ff2bfda0f6dbfc702b520e007865e028c88b8c989d0f37edcc8ae32975'}, 'dob': {'date': '1956-04-19T04:54:36.178Z', 'age': 68}, 'registered': {'date': '2010-09-10T00:31:16.632Z', 'age': 13}, 'phone': '918-781-419', 'cell': '625-672-108', 'id': {'name': 'DNI', 'value': '43830936-P'}, 'picture': {'large': 'https://randomuser.me/api/portraits/women/19.jpg', 'medium': 'https://randomuser.me/api/portraits/med/women/19.jpg', 'thumbnail': 'https://randomuser.me/api/portraits/thumb/women/19.jpg'}, 'nat': 'ES'}], 'info': {'seed': 'a02a0da614882d47', 'results': 1, 'page': 1, 'version': '1.4'}}</msg>
<arg>${json_data}</arg>
<doc>Logs the given message with the given level.</doc>
<status status="PASS" start="2024-07-24T14:15:19.874274" elapsed="0.000245"/>
</kw>
<kw name="Should Be String" owner="String">
<arg>${json_data['results'][0]['gender']}</arg>
<doc>Fails if the given ``item`` is not a string.</doc>
<status status="PASS" start="2024-07-24T14:15:19.874831" elapsed="0.000393"/>
</kw>
<kw name="Should Match Regexp" owner="BuiltIn">
<arg>${json_data['results'][0]['email']}</arg>
<arg>^[a-zA-Z0-9._%+-]+@[a-zA-Z0-9.-]+\.[a-zA-Z]{2,}$</arg>
<doc>Fails if ``string`` does not match ``pattern`` as a regular expression.</doc>
<status status="PASS" start="2024-07-24T14:15:19.875422" elapsed="0.000526"/>
</kw>
<kw name="Should Match Regexp" owner="BuiltIn">
<arg>${json_data['results'][0]['dob']['date']}</arg>
<arg>\\d{4}-\\d{2}-\\d{2}T\\d{2}:\\d{2}:\\d{2}\\.\\d{3}Z</arg>
<doc>Fails if ``string`` does not match ``pattern`` as a regular expression.</doc>
<status status="PASS" start="2024-07-24T14:15:19.876183" elapsed="0.000721"/>
</kw>
<kw name="Should Match Regexp" owner="BuiltIn">
<arg>${json_data['results'][0]['registered']['date']}</arg>
<arg>\\d{4}-\\d{2}-\\d{2}T\\d{2}:\\d{2}:\\d{2}\\.\\d{3}Z</arg>
<doc>Fails if ``string`` does not match ``pattern`` as a regular expression.</doc>
<status status="PASS" start="2024-07-24T14:15:19.877103" elapsed="0.000380"/>
</kw>
<kw name="Should Match Regexp" owner="BuiltIn">
<arg>${json_data['results'][0]['picture']['large']}</arg>
<arg>^https?://.*\.(?:png|jpe?g|gif|bmp)$</arg>
<doc>Fails if ``string`` does not match ``pattern`` as a regular expression.</doc>
<status status="PASS" start="2024-07-24T14:15:19.877668" elapsed="0.000467"/>
</kw>
<kw name="Should Match Regexp" owner="BuiltIn">
<arg>${json_data['results'][0]['picture']['medium']}</arg>
<arg>^https?://.*\.(?:png|jpe?g|gif|bmp)$</arg>
<doc>Fails if ``string`` does not match ``pattern`` as a regular expression.</doc>
<status status="PASS" start="2024-07-24T14:15:19.878323" elapsed="0.000356"/>
</kw>
<kw name="Should Match Regexp" owner="BuiltIn">
<arg>${json_data['results'][0]['picture']['thumbnail']}</arg>
<arg>^https?://.*\.(?:png|jpe?g|gif|bmp)$</arg>
<doc>Fails if ``string`` does not match ``pattern`` as a regular expression.</doc>
<status status="PASS" start="2024-07-24T14:15:19.878859" elapsed="0.000352"/>
</kw>
<kw name="Log" owner="BuiltIn">
<msg time="2024-07-24T14:15:19.879719" level="INFO">{'large': 'https://randomuser.me/api/portraits/women/19.jpg', 'medium': 'https://randomuser.me/api/portraits/med/women/19.jpg', 'thumbnail': 'https://randomuser.me/api/portraits/thumb/women/19.jpg'}</msg>
<arg>${json_data['results'][0]['picture']}</arg>
<doc>Logs the given message with the given level.</doc>
<status status="PASS" start="2024-07-24T14:15:19.879391" elapsed="0.000370"/>
</kw>
<status status="PASS" start="2024-07-24T14:15:19.790211" elapsed="0.089818"/>
</kw>
<kw name="Teste de Tipos de Dados - Postcode" owner="random-user-service">
<kw name="GET On Session" owner="RequestsLibrary">
<msg time="2024-07-24T14:15:19.955541" level="INFO">GET Request : url=https://randomuser.me/api 
 path_url=/api 
 headers={'User-Agent': 'python-requests/2.32.3', 'Accept-Encoding': 'gzip, deflate', 'Accept': '*/*', 'Connection': 'keep-alive'} 
 body=None 
 </msg>
<msg time="2024-07-24T14:15:19.955650" level="INFO">GET Response : url=https://randomuser.me/api 
 status=200, reason=OK 
 headers={'Date': 'Wed, 24 Jul 2024 14:15:19 GMT', 'Content-Type': 'application/json; charset=utf-8', 'Transfer-Encoding': 'chunked', 'Connection': 'keep-alive', 'X-Powered-By': 'Express', 'Access-Control-Allow-Origin': '*', 'Cache-Control': 'no-cache', 'ETag': 'W/"48a-QRw4pm3H2zvDp6VdXRl2x3iP71o"', 'Vary': 'Accept-Encoding', 'Content-Encoding': 'gzip', 'CF-Cache-Status': 'DYNAMIC', 'Report-To': '{"endpoints":[{"url":"https:\\/\\/a.nel.cloudflare.com\\/report\\/v4?s=MJHi8Rzz5zujuk%2FoIDCxIakuJvp%2FoyZG%2FpPEvPDtz7QV%2FdDvLnk%2B7nst30QqIHzDC9dhHKCM%2FOJLu2E109yNWw%2BIC5ODjZpsVP1DQvQrva7fHilB69U4rm%2FR%2BdRZY3F%2F"}],"group":"cf-nel","max_age":604800}', 'NEL': '{"success_fraction":0,"report_to":"cf-nel","max_age":604800}', 'Server': 'cloudflare', 'CF-RAY': '8a84858d4dea81c3-IAD', 'alt-svc': 'h3=":443"; ma=86400'} 
 body={"results":[{"gender":"male","name":{"title":"Mr","first":"Wyatt","last":"Richardson"},"location":{"street":{"number":3756,"name":"Church Road"},"city":"Monaghan","state":"Offaly","country":"Ireland","postcode":16438,"coordinates":{"latitude":"2.0131","longitude":"-52.2346"},"timezone":{"offset":"-6:00","description":"Central Time (US &amp; Canada), Mexico City"}},"email":"wyatt.richardson@example.com","login":{"uuid":"fc361ab1-36a6-453e-b08f-58a6660fd04a","username":"lazyzebra424","password":"1943","salt":"mAQzum4T","md5":"81d678b7ff496f9087fb09e075345447","sha1":"47cca12ab4584bd47036d2e79f9bab44730d90b5","sha256":"2e1ce3cbbf613b22e13bc7476dad42cc0e55399e1b0060c4ed48d03709d4b9bc"},"dob":{"date":"1975-07-25T01:54:04.758Z","age":48},"registered":{"date":"2015-05-19T10:41:00.786Z","age":9},"phone":"041-409-8036","cell":"081-952-2860","id":{"name":"PPS","value":"7072822T"},"picture":{"large":"https://randomuser.me/api/portraits/men/38.jpg","medium":"https://randomuser.me/api/portraits/med/men/38.jpg","thumbnail":"https://randomuser.me/api/portraits/thumb/men/38.jpg"},"nat":"IE"}],"info":{"seed":"0685d318821dfe84","results":1,"page":1,"version":"1.4"}} 
 </msg>
<msg time="2024-07-24T14:15:19.955723" level="INFO">/opt/hostedtoolcache/Python/3.12.4/x64/lib/python3.12/site-packages/urllib3/connectionpool.py:1099: InsecureRequestWarning: Unverified HTTPS request is being made to host 'randomuser.me'. Adding certificate verification is strongly advised. See: https://urllib3.readthedocs.io/en/latest/advanced-usage.html#tls-warnings
  warnings.warn(</msg>
<msg time="2024-07-24T14:15:19.955842" level="INFO">${response} = &lt;Response [200]&gt;</msg>
<var>${response}</var>
<arg>consultarAPI</arg>
<arg>/api</arg>
<doc>Sends a GET request on a previously created HTTP Session.</doc>
<status status="PASS" start="2024-07-24T14:15:19.880515" elapsed="0.075371"/>
</kw>
<kw name="Set Variable" owner="BuiltIn">
<msg time="2024-07-24T14:15:19.956988" level="INFO">${json_data} = {'results': [{'gender': 'male', 'name': {'title': 'Mr', 'first': 'Wyatt', 'last': 'Richardson'}, 'location': {'street': {'number': 3756, 'name': 'Church Road'}, 'city': 'Monaghan', 'state': 'Offaly', ...</msg>
<var>${json_data}</var>
<arg>${response.json()}</arg>
<doc>Returns the given values which can then be assigned to a variables.</doc>
<status status="PASS" start="2024-07-24T14:15:19.956407" elapsed="0.000611"/>
</kw>
<kw name="Log" owner="BuiltIn">
<msg time="2024-07-24T14:15:19.957552" level="INFO">{'results': [{'gender': 'male', 'name': {'title': 'Mr', 'first': 'Wyatt', 'last': 'Richardson'}, 'location': {'street': {'number': 3756, 'name': 'Church Road'}, 'city': 'Monaghan', 'state': 'Offaly', 'country': 'Ireland', 'postcode': 16438, 'coordinates': {'latitude': '2.0131', 'longitude': '-52.2346'}, 'timezone': {'offset': '-6:00', 'description': 'Central Time (US &amp; Canada), Mexico City'}}, 'email': 'wyatt.richardson@example.com', 'login': {'uuid': 'fc361ab1-36a6-453e-b08f-58a6660fd04a', 'username': 'lazyzebra424', 'password': '1943', 'salt': 'mAQzum4T', 'md5': '81d678b7ff496f9087fb09e075345447', 'sha1': '47cca12ab4584bd47036d2e79f9bab44730d90b5', 'sha256': '2e1ce3cbbf613b22e13bc7476dad42cc0e55399e1b0060c4ed48d03709d4b9bc'}, 'dob': {'date': '1975-07-25T01:54:04.758Z', 'age': 48}, 'registered': {'date': '2015-05-19T10:41:00.786Z', 'age': 9}, 'phone': '041-409-8036', 'cell': '081-952-2860', 'id': {'name': 'PPS', 'value': '7072822T'}, 'picture': {'large': 'https://randomuser.me/api/portraits/men/38.jpg', 'medium': 'https://randomuser.me/api/portraits/med/men/38.jpg', 'thumbnail': 'https://randomuser.me/api/portraits/thumb/men/38.jpg'}, 'nat': 'IE'}], 'info': {'seed': '0685d318821dfe84', 'results': 1, 'page': 1, 'version': '1.4'}}</msg>
<arg>${json_data}</arg>
<doc>Logs the given message with the given level.</doc>
<status status="PASS" start="2024-07-24T14:15:19.957382" elapsed="0.000219"/>
</kw>
<kw name="Should Be Equal As Numbers" owner="BuiltIn">
<arg>${json_data['results'][0]['location']['postcode']}</arg>
<arg>${json_data['results'][0]['location']['postcode']}</arg>
<doc>Fails if objects are unequal after converting them to real numbers.</doc>
<status status="PASS" start="2024-07-24T14:15:19.957917" elapsed="0.000649"/>
</kw>
<kw name="Log" owner="BuiltIn">
<msg time="2024-07-24T14:15:19.959107" level="INFO">16438</msg>
<arg>${json_data['results'][0]['location']['postcode']}</arg>
<doc>Logs the given message with the given level.</doc>
<status status="PASS" start="2024-07-24T14:15:19.958768" elapsed="0.000380"/>
</kw>
<status status="PASS" start="2024-07-24T14:15:19.880259" elapsed="0.079182"/>
</kw>
<doc>Testa se os tipos de dados na resposta da API estão corretos.</doc>
<tag>testeTiposDados</tag>
<status status="PASS" start="2024-07-24T14:15:19.789688" elapsed="0.169932"/>
</test>
<test id="s1-s1-t5" name="Validar conteudo" line="35">
<kw name="Teste de Tipos de Conteudo" owner="random-user-service">
<kw name="GET On Session" owner="RequestsLibrary">
<msg time="2024-07-24T14:15:20.066168" level="INFO">GET Request : url=https://randomuser.me/api 
 path_url=/api 
 headers={'User-Agent': 'python-requests/2.32.3', 'Accept-Encoding': 'gzip, deflate', 'Accept': '*/*', 'Connection': 'keep-alive'} 
 body=None 
 </msg>
<msg time="2024-07-24T14:15:20.066270" level="INFO">GET Response : url=https://randomuser.me/api 
 status=200, reason=OK 
 headers={'Date': 'Wed, 24 Jul 2024 14:15:20 GMT', 'Content-Type': 'application/json; charset=utf-8', 'Transfer-Encoding': 'chunked', 'Connection': 'keep-alive', 'X-Powered-By': 'Express', 'Access-Control-Allow-Origin': '*', 'Cache-Control': 'no-cache', 'ETag': 'W/"4a0-UU0b0d27zdZuap0/jkoJuUrR+Mg"', 'Vary': 'Accept-Encoding', 'Content-Encoding': 'gzip', 'CF-Cache-Status': 'DYNAMIC', 'Report-To': '{"endpoints":[{"url":"https:\\/\\/a.nel.cloudflare.com\\/report\\/v4?s=9TZZjFKpIsCz%2BMSiYP5esw4brXVjaAMzNH3l6tQy0g0UlOYnsaNOvXBAv8U0%2Fq%2BelNYRqEGw9fWNzWdDrK9dihZjhirQEK95O1FDNvjTC%2BPh%2FfHnulM5OijDiGoio0lZ"}],"group":"cf-nel","max_age":604800}', 'NEL': '{"success_fraction":0,"report_to":"cf-nel","max_age":604800}', 'Server': 'cloudflare', 'CF-RAY': '8a84858dce7a81c3-IAD', 'alt-svc': 'h3=":443"; ma=86400'} 
 body={"results":[{"gender":"female","name":{"title":"Ms","first":"هلیا","last":"قاسمی"},"location":{"street":{"number":2787,"name":"شهید اکبر وصالی"},"city":"همدان","state":"تهران","country":"Iran","postcode":18620,"coordinates":{"latitude":"14.8196","longitude":"34.4807"},"timezone":{"offset":"-5:00","description":"Eastern Time (US &amp; Canada), Bogota, Lima"}},"email":"hly.qsmy@example.com","login":{"uuid":"c8d446c3-190e-4bc6-99d7-c8a537068499","username":"heavypeacock587","password":"smokin","salt":"Ma6TXAeK","md5":"3e0247b815c68a90ea39cbdd901bdc64","sha1":"60035d03a0df1559d752e1b6d4485b2cf63bf58c","sha256":"e458db89f3763de3e4961eb52cae60231b049f7bae8e32431bbeed7c7075376b"},"dob":{"date":"1980-02-19T14:38:53.348Z","age":44},"registered":{"date":"2009-03-03T20:46:31.668Z","age":15},"phone":"040-35256556","cell":"0938-886-4921","id":{"name":"","value":null},"picture":{"large":"https://randomuser.me/api/portraits/women/23.jpg","medium":"https://randomuser.me/api/portraits/med/women/23.jpg","thumbnail":"https://randomuser.me/api/portraits/thumb/women/23.jpg"},"nat":"IR"}],"info":{"seed":"74c2433a9175e5e0","results":1,"page":1,"version":"1.4"}} 
 </msg>
<msg time="2024-07-24T14:15:20.066348" level="INFO">/opt/hostedtoolcache/Python/3.12.4/x64/lib/python3.12/site-packages/urllib3/connectionpool.py:1099: InsecureRequestWarning: Unverified HTTPS request is being made to host 'randomuser.me'. Adding certificate verification is strongly advised. See: https://urllib3.readthedocs.io/en/latest/advanced-usage.html#tls-warnings
  warnings.warn(</msg>
<msg time="2024-07-24T14:15:20.066473" level="INFO">${response} = &lt;Response [200]&gt;</msg>
<var>${response}</var>
<arg>consultarAPI</arg>
<arg>/api</arg>
<doc>Sends a GET request on a previously created HTTP Session.</doc>
<status status="PASS" start="2024-07-24T14:15:19.962159" elapsed="0.104357"/>
</kw>
<kw name="Set Variable" owner="BuiltIn">
<msg time="2024-07-24T14:15:20.067602" level="INFO">${json_data} = {'results': [{'gender': 'female', 'name': {'title': 'Ms', 'first': 'هلیا', 'last': 'قاسمی'}, 'location': {'street': {'number': 2787, 'name': 'شهید اکبر وصالی'}, 'city': 'همدان', 'state': 'تهران', 'cou...</msg>
<var>${json_data}</var>
<arg>${response.json()}</arg>
<doc>Returns the given values which can then be assigned to a variables.</doc>
<status status="PASS" start="2024-07-24T14:15:20.067052" elapsed="0.000581"/>
</kw>
<kw name="Set Variable" owner="BuiltIn">
<msg time="2024-07-24T14:15:20.068346" level="INFO">${name_title} = Ms</msg>
<var>${name_title}</var>
<arg>${json_data["results"][0]["name"]["title"]}</arg>
<doc>Returns the given values which can then be assigned to a variables.</doc>
<status status="PASS" start="2024-07-24T14:15:20.067959" elapsed="0.000413"/>
</kw>
<kw name="Create List" owner="BuiltIn">
<msg time="2024-07-24T14:15:20.068864" level="INFO">${allowed_titles} = ['Mr', 'Ms', 'Miss', 'Mrs', 'Madame', 'Monsieur']</msg>
<var>${allowed_titles}</var>
<arg>Mr</arg>
<arg>Ms</arg>
<arg>Miss</arg>
<arg>Mrs</arg>
<arg>Madame</arg>
<arg>Monsieur</arg>
<doc>Returns a list containing given items.</doc>
<status status="PASS" start="2024-07-24T14:15:20.068712" elapsed="0.000177"/>
</kw>
<kw name="List Should Contain Value" owner="Collections">
<arg>${allowed_titles}</arg>
<arg>${name_title}</arg>
<doc>Fails if the ``value`` is not found from ``list``.</doc>
<status status="PASS" start="2024-07-24T14:15:20.069188" elapsed="0.000186"/>
</kw>
<kw name="Set Variable" owner="BuiltIn">
<msg time="2024-07-24T14:15:20.069928" level="INFO">${name_country} = IR</msg>
<var>${name_country}</var>
<arg>${json_data["results"][0]["nat"]}</arg>
<doc>Returns the given values which can then be assigned to a variables.</doc>
<status status="PASS" start="2024-07-24T14:15:20.069554" elapsed="0.000399"/>
</kw>
<kw name="Create List" owner="BuiltIn">
<msg time="2024-07-24T14:15:20.070839" level="INFO">${list_country} = ['AD', 'AE', 'AF', 'AG', 'AI', 'AL', 'AM', 'AO', 'AQ', 'AR', 'AS', 'AT', 'AU', 'AW', 'AX', 'AZ', 'BA', 'BB', 'BD', 'BE', 'BF', 'BG', 'BH', 'BI', 'BJ', 'BL', 'BM', 'BN', 'BO', 'BQ', 'BR', 'BS', 'BT', '...</msg>
<var>${list_country}</var>
<arg>AD</arg>
<arg>AE</arg>
<arg>AF</arg>
<arg>AG</arg>
<arg>AI</arg>
<arg>AL</arg>
<arg>AM</arg>
<arg>AO</arg>
<arg>AQ</arg>
<arg>AR</arg>
<arg>AS</arg>
<arg>AT</arg>
<arg>AU</arg>
<arg>AW</arg>
<arg>AX</arg>
<arg>AZ</arg>
<arg>BA</arg>
<arg>BB</arg>
<arg>BD</arg>
<arg>BE</arg>
<arg>BF</arg>
<arg>BG</arg>
<arg>BH</arg>
<arg>BI</arg>
<arg>BJ</arg>
<arg>BL</arg>
<arg>BM</arg>
<arg>BN</arg>
<arg>BO</arg>
<arg>BQ</arg>
<arg>BR</arg>
<arg>BS</arg>
<arg>BT</arg>
<arg>BV</arg>
<arg>BW</arg>
<arg>BY</arg>
<arg>BZ</arg>
<arg>CA</arg>
<arg>CC</arg>
<arg>CD</arg>
<arg>CF</arg>
<arg>CG</arg>
<arg>CH</arg>
<arg>CI</arg>
<arg>CK</arg>
<arg>CL</arg>
<arg>CM</arg>
<arg>CN</arg>
<arg>CO</arg>
<arg>CR</arg>
<arg>CU</arg>
<arg>CV</arg>
<arg>CW</arg>
<arg>CX</arg>
<arg>CY</arg>
<arg>CZ</arg>
<arg>DE</arg>
<arg>DJ</arg>
<arg>DK</arg>
<arg>DM</arg>
<arg>DO</arg>
<arg>DZ</arg>
<arg>EC</arg>
<arg>EE</arg>
<arg>EG</arg>
<arg>EH</arg>
<arg>ER</arg>
<arg>ES</arg>
<arg>ET</arg>
<arg>FI</arg>
<arg>FJ</arg>
<arg>FK</arg>
<arg>FM</arg>
<arg>FO</arg>
<arg>FR</arg>
<arg>GA</arg>
<arg>GB</arg>
<arg>GD</arg>
<arg>GE</arg>
<arg>GF</arg>
<arg>GG</arg>
<arg>GH</arg>
<arg>GI</arg>
<arg>GL</arg>
<arg>GM</arg>
<arg>GN</arg>
<arg>GP</arg>
<arg>GQ</arg>
<arg>GR</arg>
<arg>GS</arg>
<arg>GT</arg>
<arg>GU</arg>
<arg>GW</arg>
<arg>GY</arg>
<arg>HK</arg>
<arg>HM</arg>
<arg>HN</arg>
<arg>HR</arg>
<arg>HT</arg>
<arg>HU</arg>
<arg>ID</arg>
<arg>IE</arg>
<arg>IL</arg>
<arg>IM</arg>
<arg>IN</arg>
<arg>IO</arg>
<arg>IQ</arg>
<arg>IR</arg>
<arg>IS</arg>
<arg>IT</arg>
<arg>JE</arg>
<arg>JM</arg>
<arg>JO</arg>
<arg>JP</arg>
<arg>KE</arg>
<arg>KG</arg>
<arg>KH</arg>
<arg>KI</arg>
<arg>KM</arg>
<arg>KN</arg>
<arg>KP</arg>
<arg>KR</arg>
<arg>KW</arg>
<arg>KY</arg>
<arg>KZ</arg>
<arg>LA</arg>
<arg>LB</arg>
<arg>LC</arg>
<arg>LI</arg>
<arg>LK</arg>
<arg>LR</arg>
<arg>LS</arg>
<arg>LT</arg>
<arg>LU</arg>
<arg>LV</arg>
<arg>LY</arg>
<arg>MA</arg>
<arg>MC</arg>
<arg>MD</arg>
<arg>ME</arg>
<arg>MF</arg>
<arg>MG</arg>
<arg>MH</arg>
<arg>MK</arg>
<arg>ML</arg>
<arg>MM</arg>
<arg>MN</arg>
<arg>MO</arg>
<arg>MP</arg>
<arg>MQ</arg>
<arg>MR</arg>
<arg>MS</arg>
<arg>MT</arg>
<arg>MU</arg>
<arg>MV</arg>
<arg>MW</arg>
<arg>MX</arg>
<arg>MY</arg>
<arg>MZ</arg>
<arg>NA</arg>
<arg>NC</arg>
<arg>NE</arg>
<arg>NF</arg>
<arg>NG</arg>
<arg>NI</arg>
<arg>NL</arg>
<arg>NO</arg>
<arg>NP</arg>
<arg>NR</arg>
<arg>NU</arg>
<arg>NZ</arg>
<arg>OM</arg>
<arg>PA</arg>
<arg>PE</arg>
<arg>PF</arg>
<arg>PG</arg>
<arg>PH</arg>
<arg>PK</arg>
<arg>PL</arg>
<arg>PM</arg>
<arg>PN</arg>
<arg>PR</arg>
<arg>PS</arg>
<arg>PT</arg>
<arg>PW</arg>
<arg>PY</arg>
<arg>QA</arg>
<arg>RE</arg>
<arg>RO</arg>
<arg>RS</arg>
<arg>RU</arg>
<arg>RW</arg>
<arg>SA</arg>
<arg>SB</arg>
<arg>SC</arg>
<arg>SD</arg>
<arg>SE</arg>
<arg>SG</arg>
<arg>SH</arg>
<arg>SI</arg>
<arg>SJ</arg>
<arg>SK</arg>
<arg>SL</arg>
<arg>SM</arg>
<arg>SN</arg>
<arg>SO</arg>
<arg>SR</arg>
<arg>SS</arg>
<arg>ST</arg>
<arg>SV</arg>
<arg>SX</arg>
<arg>SY</arg>
<arg>SZ</arg>
<arg>TC</arg>
<arg>TD</arg>
<arg>TF</arg>
<arg>TG</arg>
<arg>TH</arg>
<arg>TJ</arg>
<arg>TK</arg>
<arg>TL</arg>
<arg>TM</arg>
<arg>TN</arg>
<arg>TO</arg>
<arg>TR</arg>
<arg>TT</arg>
<arg>TV</arg>
<arg>TW</arg>
<arg>TZ</arg>
<arg>UA</arg>
<arg>UG</arg>
<arg>UM</arg>
<arg>US</arg>
<arg>UY</arg>
<arg>UZ</arg>
<arg>VA</arg>
<arg>VC</arg>
<arg>VE</arg>
<arg>VG</arg>
<arg>VI</arg>
<arg>VN</arg>
<arg>VU</arg>
<arg>WF</arg>
<arg>WS</arg>
<arg>XK</arg>
<arg>YE</arg>
<arg>YT</arg>
<arg>ZA</arg>
<arg>ZM</arg>
<arg>ZW</arg>
<doc>Returns a list containing given items.</doc>
<status status="PASS" start="2024-07-24T14:15:20.070242" elapsed="0.000625"/>
</kw>
<kw name="List Should Contain Value" owner="Collections">
<arg>${list_country}</arg>
<arg>${name_country}</arg>
<doc>Fails if the ``value`` is not found from ``list``.</doc>
<status status="PASS" start="2024-07-24T14:15:20.071857" elapsed="0.000213"/>
</kw>
<kw name="Run Keyword If" owner="BuiltIn">
<kw name="Should Be True" owner="BuiltIn">
<arg>${True}</arg>
<doc>Fails if the given condition is not true.</doc>
<status status="PASS" start="2024-07-24T14:15:20.073044" elapsed="0.000144"/>
</kw>
<arg>${json_data["results"][0]["location"]["coordinates"]["latitude"]} &gt;= -90 and ${json_data["results"][0]["location"]["coordinates"]["latitude"]} &lt;= 90</arg>
<arg>Should Be True</arg>
<arg>${True}</arg>
<doc>Runs the given keyword with the given arguments, if ``condition`` is true.</doc>
<status status="PASS" start="2024-07-24T14:15:20.072270" elapsed="0.001045"/>
</kw>
<kw name="Run Keyword If" owner="BuiltIn">
<kw name="Should Be True" owner="BuiltIn">
<arg>${True}</arg>
<doc>Fails if the given condition is not true.</doc>
<status status="PASS" start="2024-07-24T14:15:20.074183" elapsed="0.000137"/>
</kw>
<arg>${json_data["results"][0]["location"]["coordinates"]["longitude"]} &gt;= -180 and ${json_data["results"][0]["location"]["coordinates"]["longitude"]} &lt;= 180</arg>
<arg>Should Be True</arg>
<arg>${True}</arg>
<doc>Runs the given keyword with the given arguments, if ``condition`` is true.</doc>
<status status="PASS" start="2024-07-24T14:15:20.073499" elapsed="0.000947"/>
</kw>
<status status="PASS" start="2024-07-24T14:15:19.961918" elapsed="0.112659"/>
</kw>
<doc>Testa o conteúdo específico dos campos retornados pela API.</doc>
<tag>testeConteudo</tag>
<status status="PASS" start="2024-07-24T14:15:19.961442" elapsed="0.113291"/>
</test>
<status status="PASS" start="2024-07-24T14:15:19.076607" elapsed="1.000101"/>
</suite>
<status status="PASS" start="2024-07-24T14:15:19.061088" elapsed="1.020720"/>
</suite>
<statistics>
<total>
<stat pass="5" fail="0" skip="0">All Tests</stat>
</total>
<tag>
<stat pass="1" fail="0" skip="0">testeConteudo</stat>
<stat pass="1" fail="0" skip="0">testeEstruturaResposta</stat>
<stat pass="1" fail="0" skip="0">testeRequisicaoBasica</stat>
<stat pass="1" fail="0" skip="0">testeTiposDados</stat>
</tag>
<suite>
<stat pass="5" fail="0" skip="0" id="s1" name="Tests">Tests</stat>
<stat pass="5" fail="0" skip="0" id="s1-s1" name="Random-User-Test">Tests.Random-User-Test</stat>
</suite>
</statistics>
<errors>
</errors>
</robot>
