<?xml version="1.0" encoding="UTF-8"?>
<robot generator="Robot 7.0 (Python 3.12.3 on linux)" generated="2024-06-06T06:20:23.206123" rpa="false" schemaversion="5">
<suite id="s1" name="Tests" source="/home/runner/work/ApiRandomUser/ApiRandomUser/RamdonUser/tests">
<suite id="s1-s1" name="Random-User-Test" source="/home/runner/work/ApiRandomUser/ApiRandomUser/RamdonUser/tests/random-user-test.robot">
<test id="s1-s1-t1" name="Conectar" line="13">
<kw name="Conectar API" owner="random-user-service">
<kw name="Create Session" owner="RequestsLibrary">
<msg time="2024-06-06T06:20:23.587731" level="INFO">Creating Session using : alias=consultarAPI, url=https://randomuser.me/, headers={},                     cookies={}, auth=None, timeout=None, proxies=None, verify=False,                     debug=0 </msg>
<arg>consultarAPI</arg>
<arg>${URL}</arg>
<doc>Create Session: create a HTTP session to a server</doc>
<status status="PASS" start="2024-06-06T06:20:23.587530" elapsed="0.000388"/>
</kw>
<status status="PASS" start="2024-06-06T06:20:23.586536" elapsed="0.001746"/>
</kw>
<status status="PASS" start="2024-06-06T06:20:23.586012" elapsed="0.002466"/>
</test>
<test id="s1-s1-t2" name="Validar retorno 200 e JSON Válido" line="16">
<kw name="Teste de Requisicao Basica" owner="random-user-service">
<kw name="GET On Session" owner="RequestsLibrary">
<msg time="2024-06-06T06:20:23.772345" level="INFO">GET Request : url=https://randomuser.me/api 
 path_url=/api 
 headers={'User-Agent': 'python-requests/2.32.3', 'Accept-Encoding': 'gzip, deflate', 'Accept': '*/*', 'Connection': 'keep-alive'} 
 body=None 
 </msg>
<msg time="2024-06-06T06:20:23.772481" level="INFO">GET Response : url=https://randomuser.me/api 
 status=200, reason=OK 
 headers={'Date': 'Thu, 06 Jun 2024 06:20:23 GMT', 'Content-Type': 'application/json; charset=utf-8', 'Transfer-Encoding': 'chunked', 'Connection': 'keep-alive', 'X-Powered-By': 'Express', 'Access-Control-Allow-Origin': '*', 'Cache-Control': 'no-cache', 'ETag': 'W/"494-PUUqm9f+gLnVgfVFJx9gVwL445M"', 'Vary': 'Accept-Encoding', 'Content-Encoding': 'gzip', 'CF-Cache-Status': 'DYNAMIC', 'Report-To': '{"endpoints":[{"url":"https:\\/\\/a.nel.cloudflare.com\\/report\\/v4?s=M6MUnn51O7Bwd0dDYcET3%2B9avD%2B2e16D7ye%2FgNFwdkPjDHyVtjM0GRstly7YUN3W7yyczJ7%2FTsHPcFHtPIP3EdRkuYdaCelVZ%2FvKY9LA6V1fBlVuLXaO3p3abwaZUiCR"}],"group":"cf-nel","max_age":604800}', 'NEL': '{"success_fraction":0,"report_to":"cf-nel","max_age":604800}', 'Server': 'cloudflare', 'CF-RAY': '88f64bd85c9d224f-ORD', 'alt-svc': 'h3=":443"; ma=86400'} 
 body={"results":[{"gender":"male","name":{"title":"Mr","first":"Iker","last":"Lorenzo"},"location":{"street":{"number":8594,"name":"Calle del Arenal"},"city":"Cartagena","state":"Extremadura","country":"Spain","postcode":90192,"coordinates":{"latitude":"-34.4629","longitude":"-78.3939"},"timezone":{"offset":"+11:00","description":"Magadan, Solomon Islands, New Caledonia"}},"email":"iker.lorenzo@example.com","login":{"uuid":"77fdc29e-243f-457f-9ee8-d31a34036a62","username":"whiteleopard848","password":"tzpvaw","salt":"kpp9wD8h","md5":"809342103272116147db9c5d550573af","sha1":"035f1cb103ece31f3a500c0ab1044c14ef056f97","sha256":"8b7184da8b91d661e3b661f9ded31ce49b428dd635dc1944f8168fa4e760f530"},"dob":{"date":"1958-07-02T07:43:01.761Z","age":65},"registered":{"date":"2004-05-05T23:07:33.401Z","age":20},"phone":"922-014-641","cell":"673-234-891","id":{"name":"DNI","value":"01346294-W"},"picture":{"large":"https://randomuser.me/api/portraits/men/63.jpg","medium":"https://randomuser.me/api/portraits/med/men/63.jpg","thumbnail":"https://randomuser.me/api/portraits/thumb/men/63.jpg"},"nat":"ES"}],"info":{"seed":"787c4c90b0af0529","results":1,"page":1,"version":"1.4"}} 
 </msg>
<msg time="2024-06-06T06:20:23.772568" level="INFO">/opt/hostedtoolcache/Python/3.12.3/x64/lib/python3.12/site-packages/urllib3/connectionpool.py:1103: InsecureRequestWarning: Unverified HTTPS request is being made to host 'randomuser.me'. Adding certificate verification is strongly advised. See: https://urllib3.readthedocs.io/en/latest/advanced-usage.html#tls-warnings
  warnings.warn(</msg>
<msg time="2024-06-06T06:20:23.772711" level="INFO">${response} = &lt;Response [200]&gt;</msg>
<var>${response}</var>
<arg>consultarAPI</arg>
<arg>/api</arg>
<doc>Sends a GET request on a previously created HTTP Session.</doc>
<status status="PASS" start="2024-06-06T06:20:23.591065" elapsed="0.181704"/>
</kw>
<kw name="Should Be Equal As Numbers" owner="BuiltIn">
<msg time="2024-06-06T06:20:23.773738" level="INFO">Argument types are:
&lt;class 'int'&gt;
&lt;class 'str'&gt;</msg>
<arg>${response.status_code}</arg>
<arg>200</arg>
<doc>Fails if objects are unequal after converting them to real numbers.</doc>
<status status="PASS" start="2024-06-06T06:20:23.773253" elapsed="0.000550"/>
</kw>
<kw name="Log" owner="BuiltIn">
<msg time="2024-06-06T06:20:23.774469" level="INFO">200</msg>
<arg>${response.status_code}</arg>
<doc>Logs the given message with the given level.</doc>
<status status="PASS" start="2024-06-06T06:20:23.774125" elapsed="0.000391"/>
</kw>
<kw name="Set Variable" owner="BuiltIn">
<msg time="2024-06-06T06:20:23.775250" level="INFO">${json_data} = {'results': [{'gender': 'male', 'name': {'title': 'Mr', 'first': 'Iker', 'last': 'Lorenzo'}, 'location': {'street': {'number': 8594, 'name': 'Calle del Arenal'}, 'city': 'Cartagena', 'state': 'Extrema...</msg>
<var>${json_data}</var>
<arg>${response.json()}</arg>
<doc>Returns the given values which can then be assigned to a variables.</doc>
<status status="PASS" start="2024-06-06T06:20:23.774824" elapsed="0.000456"/>
</kw>
<kw name="Dictionary Should Contain Key" owner="Collections">
<msg time="2024-06-06T06:20:23.775751" level="INFO">False</msg>
<arg>${json_data}</arg>
<arg>results</arg>
<doc>Fails if ``key`` is not found from ``dictionary``.</doc>
<status status="PASS" start="2024-06-06T06:20:23.775581" elapsed="0.000375"/>
</kw>
<status status="PASS" start="2024-06-06T06:20:23.590817" elapsed="0.185411"/>
</kw>
<doc>Testa se a API responde corretamente e retorna um objeto JSON válido.</doc>
<tag>testeRequisicaoBasica</tag>
<status status="PASS" start="2024-06-06T06:20:23.590359" elapsed="0.186043"/>
</test>
<test id="s1-s1-t3" name="Validar estrutura de resposta" line="22">
<kw name="Teste de Estrutura de Resposta" owner="random-user-service">
<kw name="GET On Session" owner="RequestsLibrary">
<msg time="2024-06-06T06:20:23.872606" level="INFO">GET Request : url=https://randomuser.me/api 
 path_url=/api 
 headers={'User-Agent': 'python-requests/2.32.3', 'Accept-Encoding': 'gzip, deflate', 'Accept': '*/*', 'Connection': 'keep-alive'} 
 body=None 
 </msg>
<msg time="2024-06-06T06:20:23.872688" level="INFO">GET Response : url=https://randomuser.me/api 
 status=200, reason=OK 
 headers={'Date': 'Thu, 06 Jun 2024 06:20:23 GMT', 'Content-Type': 'application/json; charset=utf-8', 'Transfer-Encoding': 'chunked', 'Connection': 'keep-alive', 'X-Powered-By': 'Express', 'Access-Control-Allow-Origin': '*', 'Cache-Control': 'no-cache', 'ETag': 'W/"48e-xlA8qkiUXmM444xHaWSr16b19UQ"', 'Vary': 'Accept-Encoding', 'Content-Encoding': 'gzip', 'CF-Cache-Status': 'DYNAMIC', 'Report-To': '{"endpoints":[{"url":"https:\\/\\/a.nel.cloudflare.com\\/report\\/v4?s=CW%2F54XWEF%2FKQq6ylKAdPRngrNwad3a347tAIguBwSexonrBVVuRp%2F07PH0jl6y8EfPcoOAekEKvw1XvcthOcZtePx3Aqxi9kxUJv1miBWSmmYACvzd4pj2koETCxzhWZ"}],"group":"cf-nel","max_age":604800}', 'NEL': '{"success_fraction":0,"report_to":"cf-nel","max_age":604800}', 'Server': 'cloudflare', 'CF-RAY': '88f64bd8ace6224f-ORD', 'alt-svc': 'h3=":443"; ma=86400'} 
 body={"results":[{"gender":"female","name":{"title":"Ms","first":"Higina","last":"Araújo"},"location":{"street":{"number":5906,"name":"Rua Santa Catarina "},"city":"São Leopoldo","state":"Tocantins","country":"Brazil","postcode":94347,"coordinates":{"latitude":"-81.1436","longitude":"156.1317"},"timezone":{"offset":"-9:00","description":"Alaska"}},"email":"higina.araujo@example.com","login":{"uuid":"60a199ef-ebcb-4338-933d-18d3c05b665a","username":"smallbutterfly577","password":"chuan","salt":"RWRooIZo","md5":"5e422090bc446ada2c252e68dd35bf42","sha1":"fc59584620c6a050a947506e959e2e1455b804f6","sha256":"d074c718264152140b50dd9aa84d1b2752ee4899b492a555c3bf483209f5707f"},"dob":{"date":"1992-05-24T17:23:47.730Z","age":32},"registered":{"date":"2007-01-22T17:16:35.327Z","age":17},"phone":"(03) 7333-6069","cell":"(53) 9571-9886","id":{"name":"CPF","value":"336.925.249-77"},"picture":{"large":"https://randomuser.me/api/portraits/women/76.jpg","medium":"https://randomuser.me/api/portraits/med/women/76.jpg","thumbnail":"https://randomuser.me/api/portraits/thumb/women/76.jpg"},"nat":"BR"}],"info":{"seed":"1ed3d945b9ba0eba","results":1,"page":1,"version":"1.4"}} 
 </msg>
<msg time="2024-06-06T06:20:23.872801" level="INFO">/opt/hostedtoolcache/Python/3.12.3/x64/lib/python3.12/site-packages/urllib3/connectionpool.py:1103: InsecureRequestWarning: Unverified HTTPS request is being made to host 'randomuser.me'. Adding certificate verification is strongly advised. See: https://urllib3.readthedocs.io/en/latest/advanced-usage.html#tls-warnings
  warnings.warn(</msg>
<msg time="2024-06-06T06:20:23.872919" level="INFO">${response} = &lt;Response [200]&gt;</msg>
<var>${response}</var>
<arg>consultarAPI</arg>
<arg>/api</arg>
<doc>Sends a GET request on a previously created HTTP Session.</doc>
<status status="PASS" start="2024-06-06T06:20:23.779060" elapsed="0.093905"/>
</kw>
<kw name="Set Variable" owner="BuiltIn">
<msg time="2024-06-06T06:20:23.873974" level="INFO">${json_data} = {'results': [{'gender': 'female', 'name': {'title': 'Ms', 'first': 'Higina', 'last': 'Araújo'}, 'location': {'street': {'number': 5906, 'name': 'Rua Santa Catarina '}, 'city': 'São Leopoldo', 'state':...</msg>
<var>${json_data}</var>
<arg>${response.json()}</arg>
<doc>Returns the given values which can then be assigned to a variables.</doc>
<status status="PASS" start="2024-06-06T06:20:23.873415" elapsed="0.000588"/>
</kw>
<kw name="Log" owner="BuiltIn">
<msg time="2024-06-06T06:20:23.874476" level="INFO">{'results': [{'gender': 'female', 'name': {'title': 'Ms', 'first': 'Higina', 'last': 'Araújo'}, 'location': {'street': {'number': 5906, 'name': 'Rua Santa Catarina '}, 'city': 'São Leopoldo', 'state': 'Tocantins', 'country': 'Brazil', 'postcode': 94347, 'coordinates': {'latitude': '-81.1436', 'longitude': '156.1317'}, 'timezone': {'offset': '-9:00', 'description': 'Alaska'}}, 'email': 'higina.araujo@example.com', 'login': {'uuid': '60a199ef-ebcb-4338-933d-18d3c05b665a', 'username': 'smallbutterfly577', 'password': 'chuan', 'salt': 'RWRooIZo', 'md5': '5e422090bc446ada2c252e68dd35bf42', 'sha1': 'fc59584620c6a050a947506e959e2e1455b804f6', 'sha256': 'd074c718264152140b50dd9aa84d1b2752ee4899b492a555c3bf483209f5707f'}, 'dob': {'date': '1992-05-24T17:23:47.730Z', 'age': 32}, 'registered': {'date': '2007-01-22T17:16:35.327Z', 'age': 17}, 'phone': '(03) 7333-6069', 'cell': '(53) 9571-9886', 'id': {'name': 'CPF', 'value': '336.925.249-77'}, 'picture': {'large': 'https://randomuser.me/api/portraits/women/76.jpg', 'medium': 'https://randomuser.me/api/portraits/med/women/76.jpg', 'thumbnail': 'https://randomuser.me/api/portraits/thumb/women/76.jpg'}, 'nat': 'BR'}], 'info': {'seed': '1ed3d945b9ba0eba', 'results': 1, 'page': 1, 'version': '1.4'}}</msg>
<arg>${json_data}</arg>
<doc>Logs the given message with the given level.</doc>
<status status="PASS" start="2024-06-06T06:20:23.874314" elapsed="0.000211"/>
</kw>
<kw name="Dictionary Should Contain Key" owner="Collections">
<msg time="2024-06-06T06:20:23.874968" level="INFO">False</msg>
<arg>${json_data}</arg>
<arg>results</arg>
<doc>Fails if ``key`` is not found from ``dictionary``.</doc>
<status status="PASS" start="2024-06-06T06:20:23.874819" elapsed="0.000185"/>
</kw>
<kw name="Should Not Be Empty" owner="BuiltIn">
<msg time="2024-06-06T06:20:23.875424" level="INFO">Length is 2.</msg>
<arg>${json_data}</arg>
<doc>Verifies that the given item is not empty.</doc>
<status status="PASS" start="2024-06-06T06:20:23.875296" elapsed="0.000166"/>
</kw>
<kw name="Create List" owner="BuiltIn">
<msg time="2024-06-06T06:20:23.875922" level="INFO">${expected_keys} = ['gender', 'name', 'location', 'email', 'login']</msg>
<var>${expected_keys}</var>
<arg>gender</arg>
<arg>name</arg>
<arg>location</arg>
<arg>email</arg>
<arg>login</arg>
<doc>Returns a list containing given items.</doc>
<status status="PASS" start="2024-06-06T06:20:23.875749" elapsed="0.000205"/>
</kw>
<for flavor="IN">
<iter>
<kw name="Dictionary Should Contain Key" owner="Collections">
<msg time="2024-06-06T06:20:23.876923" level="INFO">False</msg>
<arg>${json_data['results'][0]}</arg>
<arg>${key}</arg>
<doc>Fails if ``key`` is not found from ``dictionary``.</doc>
<status status="PASS" start="2024-06-06T06:20:23.876521" elapsed="0.000444"/>
</kw>
<kw name="Log" owner="BuiltIn">
<msg time="2024-06-06T06:20:23.877626" level="INFO">{'gender': 'female', 'name': {'title': 'Ms', 'first': 'Higina', 'last': 'Araújo'}, 'location': {'street': {'number': 5906, 'name': 'Rua Santa Catarina '}, 'city': 'São Leopoldo', 'state': 'Tocantins', 'country': 'Brazil', 'postcode': 94347, 'coordinates': {'latitude': '-81.1436', 'longitude': '156.1317'}, 'timezone': {'offset': '-9:00', 'description': 'Alaska'}}, 'email': 'higina.araujo@example.com', 'login': {'uuid': '60a199ef-ebcb-4338-933d-18d3c05b665a', 'username': 'smallbutterfly577', 'password': 'chuan', 'salt': 'RWRooIZo', 'md5': '5e422090bc446ada2c252e68dd35bf42', 'sha1': 'fc59584620c6a050a947506e959e2e1455b804f6', 'sha256': 'd074c718264152140b50dd9aa84d1b2752ee4899b492a555c3bf483209f5707f'}, 'dob': {'date': '1992-05-24T17:23:47.730Z', 'age': 32}, 'registered': {'date': '2007-01-22T17:16:35.327Z', 'age': 17}, 'phone': '(03) 7333-6069', 'cell': '(53) 9571-9886', 'id': {'name': 'CPF', 'value': '336.925.249-77'}, 'picture': {'large': 'https://randomuser.me/api/portraits/women/76.jpg', 'medium': 'https://randomuser.me/api/portraits/med/women/76.jpg', 'thumbnail': 'https://randomuser.me/api/portraits/thumb/women/76.jpg'}, 'nat': 'BR'}</msg>
<arg>${json_data['results'][0]}</arg>
<doc>Logs the given message with the given level.</doc>
<status status="PASS" start="2024-06-06T06:20:23.877262" elapsed="0.000425"/>
</kw>
<kw name="Log" owner="BuiltIn">
<msg time="2024-06-06T06:20:23.878123" level="INFO">gender</msg>
<arg>${key}</arg>
<doc>Logs the given message with the given level.</doc>
<status status="PASS" start="2024-06-06T06:20:23.877994" elapsed="0.000165"/>
</kw>
<var name="${key}">gender</var>
<status status="PASS" start="2024-06-06T06:20:23.876397" elapsed="0.001978"/>
</iter>
<iter>
<kw name="Dictionary Should Contain Key" owner="Collections">
<msg time="2024-06-06T06:20:23.879074" level="INFO">False</msg>
<arg>${json_data['results'][0]}</arg>
<arg>${key}</arg>
<doc>Fails if ``key`` is not found from ``dictionary``.</doc>
<status status="PASS" start="2024-06-06T06:20:23.878675" elapsed="0.000437"/>
</kw>
<kw name="Log" owner="BuiltIn">
<msg time="2024-06-06T06:20:23.879795" level="INFO">{'gender': 'female', 'name': {'title': 'Ms', 'first': 'Higina', 'last': 'Araújo'}, 'location': {'street': {'number': 5906, 'name': 'Rua Santa Catarina '}, 'city': 'São Leopoldo', 'state': 'Tocantins', 'country': 'Brazil', 'postcode': 94347, 'coordinates': {'latitude': '-81.1436', 'longitude': '156.1317'}, 'timezone': {'offset': '-9:00', 'description': 'Alaska'}}, 'email': 'higina.araujo@example.com', 'login': {'uuid': '60a199ef-ebcb-4338-933d-18d3c05b665a', 'username': 'smallbutterfly577', 'password': 'chuan', 'salt': 'RWRooIZo', 'md5': '5e422090bc446ada2c252e68dd35bf42', 'sha1': 'fc59584620c6a050a947506e959e2e1455b804f6', 'sha256': 'd074c718264152140b50dd9aa84d1b2752ee4899b492a555c3bf483209f5707f'}, 'dob': {'date': '1992-05-24T17:23:47.730Z', 'age': 32}, 'registered': {'date': '2007-01-22T17:16:35.327Z', 'age': 17}, 'phone': '(03) 7333-6069', 'cell': '(53) 9571-9886', 'id': {'name': 'CPF', 'value': '336.925.249-77'}, 'picture': {'large': 'https://randomuser.me/api/portraits/women/76.jpg', 'medium': 'https://randomuser.me/api/portraits/med/women/76.jpg', 'thumbnail': 'https://randomuser.me/api/portraits/thumb/women/76.jpg'}, 'nat': 'BR'}</msg>
<arg>${json_data['results'][0]}</arg>
<doc>Logs the given message with the given level.</doc>
<status status="PASS" start="2024-06-06T06:20:23.879434" elapsed="0.000420"/>
</kw>
<kw name="Log" owner="BuiltIn">
<msg time="2024-06-06T06:20:23.880308" level="INFO">name</msg>
<arg>${key}</arg>
<doc>Logs the given message with the given level.</doc>
<status status="PASS" start="2024-06-06T06:20:23.880181" elapsed="0.000164"/>
</kw>
<var name="${key}">name</var>
<status status="PASS" start="2024-06-06T06:20:23.878560" elapsed="0.002007"/>
</iter>
<iter>
<kw name="Dictionary Should Contain Key" owner="Collections">
<msg time="2024-06-06T06:20:23.881241" level="INFO">False</msg>
<arg>${json_data['results'][0]}</arg>
<arg>${key}</arg>
<doc>Fails if ``key`` is not found from ``dictionary``.</doc>
<status status="PASS" start="2024-06-06T06:20:23.880856" elapsed="0.000423"/>
</kw>
<kw name="Log" owner="BuiltIn">
<msg time="2024-06-06T06:20:23.881947" level="INFO">{'gender': 'female', 'name': {'title': 'Ms', 'first': 'Higina', 'last': 'Araújo'}, 'location': {'street': {'number': 5906, 'name': 'Rua Santa Catarina '}, 'city': 'São Leopoldo', 'state': 'Tocantins', 'country': 'Brazil', 'postcode': 94347, 'coordinates': {'latitude': '-81.1436', 'longitude': '156.1317'}, 'timezone': {'offset': '-9:00', 'description': 'Alaska'}}, 'email': 'higina.araujo@example.com', 'login': {'uuid': '60a199ef-ebcb-4338-933d-18d3c05b665a', 'username': 'smallbutterfly577', 'password': 'chuan', 'salt': 'RWRooIZo', 'md5': '5e422090bc446ada2c252e68dd35bf42', 'sha1': 'fc59584620c6a050a947506e959e2e1455b804f6', 'sha256': 'd074c718264152140b50dd9aa84d1b2752ee4899b492a555c3bf483209f5707f'}, 'dob': {'date': '1992-05-24T17:23:47.730Z', 'age': 32}, 'registered': {'date': '2007-01-22T17:16:35.327Z', 'age': 17}, 'phone': '(03) 7333-6069', 'cell': '(53) 9571-9886', 'id': {'name': 'CPF', 'value': '336.925.249-77'}, 'picture': {'large': 'https://randomuser.me/api/portraits/women/76.jpg', 'medium': 'https://randomuser.me/api/portraits/med/women/76.jpg', 'thumbnail': 'https://randomuser.me/api/portraits/thumb/women/76.jpg'}, 'nat': 'BR'}</msg>
<arg>${json_data['results'][0]}</arg>
<doc>Logs the given message with the given level.</doc>
<status status="PASS" start="2024-06-06T06:20:23.881578" elapsed="0.000417"/>
</kw>
<kw name="Log" owner="BuiltIn">
<msg time="2024-06-06T06:20:23.882421" level="INFO">location</msg>
<arg>${key}</arg>
<doc>Logs the given message with the given level.</doc>
<status status="PASS" start="2024-06-06T06:20:23.882296" elapsed="0.000163"/>
</kw>
<var name="${key}">location</var>
<status status="PASS" start="2024-06-06T06:20:23.880745" elapsed="0.001929"/>
</iter>
<iter>
<kw name="Dictionary Should Contain Key" owner="Collections">
<msg time="2024-06-06T06:20:23.883437" level="INFO">False</msg>
<arg>${json_data['results'][0]}</arg>
<arg>${key}</arg>
<doc>Fails if ``key`` is not found from ``dictionary``.</doc>
<status status="PASS" start="2024-06-06T06:20:23.882957" elapsed="0.000519"/>
</kw>
<kw name="Log" owner="BuiltIn">
<msg time="2024-06-06T06:20:23.884174" level="INFO">{'gender': 'female', 'name': {'title': 'Ms', 'first': 'Higina', 'last': 'Araújo'}, 'location': {'street': {'number': 5906, 'name': 'Rua Santa Catarina '}, 'city': 'São Leopoldo', 'state': 'Tocantins', 'country': 'Brazil', 'postcode': 94347, 'coordinates': {'latitude': '-81.1436', 'longitude': '156.1317'}, 'timezone': {'offset': '-9:00', 'description': 'Alaska'}}, 'email': 'higina.araujo@example.com', 'login': {'uuid': '60a199ef-ebcb-4338-933d-18d3c05b665a', 'username': 'smallbutterfly577', 'password': 'chuan', 'salt': 'RWRooIZo', 'md5': '5e422090bc446ada2c252e68dd35bf42', 'sha1': 'fc59584620c6a050a947506e959e2e1455b804f6', 'sha256': 'd074c718264152140b50dd9aa84d1b2752ee4899b492a555c3bf483209f5707f'}, 'dob': {'date': '1992-05-24T17:23:47.730Z', 'age': 32}, 'registered': {'date': '2007-01-22T17:16:35.327Z', 'age': 17}, 'phone': '(03) 7333-6069', 'cell': '(53) 9571-9886', 'id': {'name': 'CPF', 'value': '336.925.249-77'}, 'picture': {'large': 'https://randomuser.me/api/portraits/women/76.jpg', 'medium': 'https://randomuser.me/api/portraits/med/women/76.jpg', 'thumbnail': 'https://randomuser.me/api/portraits/thumb/women/76.jpg'}, 'nat': 'BR'}</msg>
<arg>${json_data['results'][0]}</arg>
<doc>Logs the given message with the given level.</doc>
<status status="PASS" start="2024-06-06T06:20:23.883773" elapsed="0.000451"/>
</kw>
<kw name="Log" owner="BuiltIn">
<msg time="2024-06-06T06:20:23.884652" level="INFO">email</msg>
<arg>${key}</arg>
<doc>Logs the given message with the given level.</doc>
<status status="PASS" start="2024-06-06T06:20:23.884524" elapsed="0.000165"/>
</kw>
<var name="${key}">email</var>
<status status="PASS" start="2024-06-06T06:20:23.882847" elapsed="0.002058"/>
</iter>
<iter>
<kw name="Dictionary Should Contain Key" owner="Collections">
<msg time="2024-06-06T06:20:23.885575" level="INFO">False</msg>
<arg>${json_data['results'][0]}</arg>
<arg>${key}</arg>
<doc>Fails if ``key`` is not found from ``dictionary``.</doc>
<status status="PASS" start="2024-06-06T06:20:23.885191" elapsed="0.000421"/>
</kw>
<kw name="Log" owner="BuiltIn">
<msg time="2024-06-06T06:20:23.886260" level="INFO">{'gender': 'female', 'name': {'title': 'Ms', 'first': 'Higina', 'last': 'Araújo'}, 'location': {'street': {'number': 5906, 'name': 'Rua Santa Catarina '}, 'city': 'São Leopoldo', 'state': 'Tocantins', 'country': 'Brazil', 'postcode': 94347, 'coordinates': {'latitude': '-81.1436', 'longitude': '156.1317'}, 'timezone': {'offset': '-9:00', 'description': 'Alaska'}}, 'email': 'higina.araujo@example.com', 'login': {'uuid': '60a199ef-ebcb-4338-933d-18d3c05b665a', 'username': 'smallbutterfly577', 'password': 'chuan', 'salt': 'RWRooIZo', 'md5': '5e422090bc446ada2c252e68dd35bf42', 'sha1': 'fc59584620c6a050a947506e959e2e1455b804f6', 'sha256': 'd074c718264152140b50dd9aa84d1b2752ee4899b492a555c3bf483209f5707f'}, 'dob': {'date': '1992-05-24T17:23:47.730Z', 'age': 32}, 'registered': {'date': '2007-01-22T17:16:35.327Z', 'age': 17}, 'phone': '(03) 7333-6069', 'cell': '(53) 9571-9886', 'id': {'name': 'CPF', 'value': '336.925.249-77'}, 'picture': {'large': 'https://randomuser.me/api/portraits/women/76.jpg', 'medium': 'https://randomuser.me/api/portraits/med/women/76.jpg', 'thumbnail': 'https://randomuser.me/api/portraits/thumb/women/76.jpg'}, 'nat': 'BR'}</msg>
<arg>${json_data['results'][0]}</arg>
<doc>Logs the given message with the given level.</doc>
<status status="PASS" start="2024-06-06T06:20:23.885904" elapsed="0.000405"/>
</kw>
<kw name="Log" owner="BuiltIn">
<msg time="2024-06-06T06:20:23.886727" level="INFO">login</msg>
<arg>${key}</arg>
<doc>Logs the given message with the given level.</doc>
<status status="PASS" start="2024-06-06T06:20:23.886601" elapsed="0.000172"/>
</kw>
<var name="${key}">login</var>
<status status="PASS" start="2024-06-06T06:20:23.885079" elapsed="0.001948"/>
</iter>
<var>${key}</var>
<value>@{expected_keys}</value>
<status status="PASS" start="2024-06-06T06:20:23.876218" elapsed="0.010933"/>
</for>
<kw name="Create List" owner="BuiltIn">
<msg time="2024-06-06T06:20:23.887480" level="INFO">${expected_keysTwo} = ['username', 'password']</msg>
<var>${expected_keysTwo}</var>
<arg>username</arg>
<arg>password</arg>
<doc>Returns a list containing given items.</doc>
<status status="PASS" start="2024-06-06T06:20:23.887345" elapsed="0.000158"/>
</kw>
<for flavor="IN">
<iter>
<kw name="Dictionary Should Contain Key" owner="Collections">
<msg time="2024-06-06T06:20:23.888418" level="INFO">False</msg>
<arg>${json_data['results'][0]['login']}</arg>
<arg>${keyTwo}</arg>
<doc>Fails if ``key`` is not found from ``dictionary``.</doc>
<status status="PASS" start="2024-06-06T06:20:23.888031" elapsed="0.000424"/>
</kw>
<kw name="Dictionary Should Contain Key" owner="Collections">
<msg time="2024-06-06T06:20:23.889131" level="INFO">False</msg>
<arg>${json_data['results'][0]['login']}</arg>
<arg>${keyTwo}</arg>
<doc>Fails if ``key`` is not found from ``dictionary``.</doc>
<status status="PASS" start="2024-06-06T06:20:23.888749" elapsed="0.000418"/>
</kw>
<kw name="Log" owner="BuiltIn">
<msg time="2024-06-06T06:20:23.889580" level="INFO">username</msg>
<arg>${keyTwo}</arg>
<doc>Logs the given message with the given level.</doc>
<status status="PASS" start="2024-06-06T06:20:23.889456" elapsed="0.000161"/>
</kw>
<var name="${keyTwo}">username</var>
<status status="PASS" start="2024-06-06T06:20:23.887888" elapsed="0.001941"/>
</iter>
<iter>
<kw name="Dictionary Should Contain Key" owner="Collections">
<msg time="2024-06-06T06:20:23.890484" level="INFO">False</msg>
<arg>${json_data['results'][0]['login']}</arg>
<arg>${keyTwo}</arg>
<doc>Fails if ``key`` is not found from ``dictionary``.</doc>
<status status="PASS" start="2024-06-06T06:20:23.890108" elapsed="0.000413"/>
</kw>
<kw name="Dictionary Should Contain Key" owner="Collections">
<msg time="2024-06-06T06:20:23.891193" level="INFO">False</msg>
<arg>${json_data['results'][0]['login']}</arg>
<arg>${keyTwo}</arg>
<doc>Fails if ``key`` is not found from ``dictionary``.</doc>
<status status="PASS" start="2024-06-06T06:20:23.890811" elapsed="0.000417"/>
</kw>
<kw name="Log" owner="BuiltIn">
<msg time="2024-06-06T06:20:23.891643" level="INFO">password</msg>
<arg>${keyTwo}</arg>
<doc>Logs the given message with the given level.</doc>
<status status="PASS" start="2024-06-06T06:20:23.891518" elapsed="0.000162"/>
</kw>
<var name="${keyTwo}">password</var>
<status status="PASS" start="2024-06-06T06:20:23.889999" elapsed="0.001916"/>
</iter>
<var>${keyTwo}</var>
<value>@{expected_keysTwo}</value>
<status status="PASS" start="2024-06-06T06:20:23.887738" elapsed="0.004310"/>
</for>
<status status="PASS" start="2024-06-06T06:20:23.778821" elapsed="0.113370"/>
</kw>
<doc>Testa a estrutura da resposta da API.</doc>
<tag>testeEstruturaResposta</tag>
<status status="PASS" start="2024-06-06T06:20:23.778199" elapsed="0.114143"/>
</test>
<test id="s1-s1-t4" name="Validar tipos de dados" line="28">
<kw name="Teste de Tipos de Dados" owner="random-user-service">
<kw name="GET On Session" owner="RequestsLibrary">
<msg time="2024-06-06T06:20:23.972623" level="INFO">GET Request : url=https://randomuser.me/api 
 path_url=/api 
 headers={'User-Agent': 'python-requests/2.32.3', 'Accept-Encoding': 'gzip, deflate', 'Accept': '*/*', 'Connection': 'keep-alive'} 
 body=None 
 </msg>
<msg time="2024-06-06T06:20:23.972706" level="INFO">GET Response : url=https://randomuser.me/api 
 status=200, reason=OK 
 headers={'Date': 'Thu, 06 Jun 2024 06:20:23 GMT', 'Content-Type': 'application/json; charset=utf-8', 'Transfer-Encoding': 'chunked', 'Connection': 'keep-alive', 'X-Powered-By': 'Express', 'Access-Control-Allow-Origin': '*', 'Cache-Control': 'no-cache', 'ETag': 'W/"48f-CwWJmRadfFrN5FiRZc4WS7E+Ej8"', 'Vary': 'Accept-Encoding', 'Content-Encoding': 'gzip', 'CF-Cache-Status': 'DYNAMIC', 'Report-To': '{"endpoints":[{"url":"https:\\/\\/a.nel.cloudflare.com\\/report\\/v4?s=sI7bJqipeZTB1UQ4xKznigmWQIo6Lt4kj9LFeVEpWHwdYzleAHsdUqAijD6xuTThsRyB57%2BZ53lObThaTByaFokeLS%2BkEQAsLH%2BwMdshrsCLCU14%2FkPSN%2FezEpV8tYwT"}],"group":"cf-nel","max_age":604800}', 'NEL': '{"success_fraction":0,"report_to":"cf-nel","max_age":604800}', 'Server': 'cloudflare', 'CF-RAY': '88f64bd96d6a224f-ORD', 'alt-svc': 'h3=":443"; ma=86400'} 
 body={"results":[{"gender":"female","name":{"title":"Mrs","first":"Cemile","last":"Laenen"},"location":{"street":{"number":3700,"name":"Houtenburgseweg"},"city":"Surhuisterveen","state":"Flevoland","country":"Netherlands","postcode":"7323 SG","coordinates":{"latitude":"30.8115","longitude":"34.7098"},"timezone":{"offset":"-2:00","description":"Mid-Atlantic"}},"email":"cemile.laenen@example.com","login":{"uuid":"26965cc2-3fcf-44ac-bb8d-e12eef8b1b72","username":"ticklishtiger206","password":"konyor","salt":"9W7sQVmR","md5":"d19ddc071ac2f4a7f66c60e9721ff03c","sha1":"6648275f9ef72855fe01c3414792a5ecf4ef01a7","sha256":"f577a67429d56ce3e42ea5603f735ef27e5cac5ae9c08e0c41dcd8bdbb7fdcda"},"dob":{"date":"1954-04-24T07:10:10.794Z","age":70},"registered":{"date":"2020-04-08T21:42:25.844Z","age":4},"phone":"(0994) 624410","cell":"(06) 60960644","id":{"name":"BSN","value":"91553938"},"picture":{"large":"https://randomuser.me/api/portraits/women/90.jpg","medium":"https://randomuser.me/api/portraits/med/women/90.jpg","thumbnail":"https://randomuser.me/api/portraits/thumb/women/90.jpg"},"nat":"NL"}],"info":{"seed":"26c793a3f2adcb97","results":1,"page":1,"version":"1.4"}} 
 </msg>
<msg time="2024-06-06T06:20:23.972776" level="INFO">/opt/hostedtoolcache/Python/3.12.3/x64/lib/python3.12/site-packages/urllib3/connectionpool.py:1103: InsecureRequestWarning: Unverified HTTPS request is being made to host 'randomuser.me'. Adding certificate verification is strongly advised. See: https://urllib3.readthedocs.io/en/latest/advanced-usage.html#tls-warnings
  warnings.warn(</msg>
<msg time="2024-06-06T06:20:23.972894" level="INFO">${response} = &lt;Response [200]&gt;</msg>
<var>${response}</var>
<arg>consultarAPI</arg>
<arg>/api</arg>
<doc>Sends a GET request on a previously created HTTP Session.</doc>
<status status="PASS" start="2024-06-06T06:20:23.894847" elapsed="0.078101"/>
</kw>
<kw name="Set Variable" owner="BuiltIn">
<msg time="2024-06-06T06:20:23.973992" level="INFO">${json_data} = {'results': [{'gender': 'female', 'name': {'title': 'Mrs', 'first': 'Cemile', 'last': 'Laenen'}, 'location': {'street': {'number': 3700, 'name': 'Houtenburgseweg'}, 'city': 'Surhuisterveen', 'state': ...</msg>
<var>${json_data}</var>
<arg>${response.json()}</arg>
<doc>Returns the given values which can then be assigned to a variables.</doc>
<status status="PASS" start="2024-06-06T06:20:23.973443" elapsed="0.000578"/>
</kw>
<kw name="Log" owner="BuiltIn">
<msg time="2024-06-06T06:20:23.974485" level="INFO">{'results': [{'gender': 'female', 'name': {'title': 'Mrs', 'first': 'Cemile', 'last': 'Laenen'}, 'location': {'street': {'number': 3700, 'name': 'Houtenburgseweg'}, 'city': 'Surhuisterveen', 'state': 'Flevoland', 'country': 'Netherlands', 'postcode': '7323 SG', 'coordinates': {'latitude': '30.8115', 'longitude': '34.7098'}, 'timezone': {'offset': '-2:00', 'description': 'Mid-Atlantic'}}, 'email': 'cemile.laenen@example.com', 'login': {'uuid': '26965cc2-3fcf-44ac-bb8d-e12eef8b1b72', 'username': 'ticklishtiger206', 'password': 'konyor', 'salt': '9W7sQVmR', 'md5': 'd19ddc071ac2f4a7f66c60e9721ff03c', 'sha1': '6648275f9ef72855fe01c3414792a5ecf4ef01a7', 'sha256': 'f577a67429d56ce3e42ea5603f735ef27e5cac5ae9c08e0c41dcd8bdbb7fdcda'}, 'dob': {'date': '1954-04-24T07:10:10.794Z', 'age': 70}, 'registered': {'date': '2020-04-08T21:42:25.844Z', 'age': 4}, 'phone': '(0994) 624410', 'cell': '(06) 60960644', 'id': {'name': 'BSN', 'value': '91553938'}, 'picture': {'large': 'https://randomuser.me/api/portraits/women/90.jpg', 'medium': 'https://randomuser.me/api/portraits/med/women/90.jpg', 'thumbnail': 'https://randomuser.me/api/portraits/thumb/women/90.jpg'}, 'nat': 'NL'}], 'info': {'seed': '26c793a3f2adcb97', 'results': 1, 'page': 1, 'version': '1.4'}}</msg>
<arg>${json_data}</arg>
<doc>Logs the given message with the given level.</doc>
<status status="PASS" start="2024-06-06T06:20:23.974331" elapsed="0.000233"/>
</kw>
<kw name="Should Be String" owner="String">
<arg>${json_data['results'][0]['gender']}</arg>
<doc>Fails if the given ``item`` is not a string.</doc>
<status status="PASS" start="2024-06-06T06:20:23.974871" elapsed="0.000366"/>
</kw>
<kw name="Should Match Regexp" owner="BuiltIn">
<arg>${json_data['results'][0]['email']}</arg>
<arg>^[a-zA-Z0-9._%+-]+@[a-zA-Z0-9.-]+\.[a-zA-Z]{2,}$</arg>
<doc>Fails if ``string`` does not match ``pattern`` as a regular expression.</doc>
<status status="PASS" start="2024-06-06T06:20:23.975429" elapsed="0.000655"/>
</kw>
<kw name="Should Match Regexp" owner="BuiltIn">
<arg>${json_data['results'][0]['dob']['date']}</arg>
<arg>\\d{4}-\\d{2}-\\d{2}T\\d{2}:\\d{2}:\\d{2}\\.\\d{3}Z</arg>
<doc>Fails if ``string`` does not match ``pattern`` as a regular expression.</doc>
<status status="PASS" start="2024-06-06T06:20:23.976290" elapsed="0.000483"/>
</kw>
<kw name="Should Match Regexp" owner="BuiltIn">
<arg>${json_data['results'][0]['registered']['date']}</arg>
<arg>\\d{4}-\\d{2}-\\d{2}T\\d{2}:\\d{2}:\\d{2}\\.\\d{3}Z</arg>
<doc>Fails if ``string`` does not match ``pattern`` as a regular expression.</doc>
<status status="PASS" start="2024-06-06T06:20:23.976966" elapsed="0.000366"/>
</kw>
<kw name="Should Match Regexp" owner="BuiltIn">
<arg>${json_data['results'][0]['picture']['large']}</arg>
<arg>^https?://.*\.(?:png|jpe?g|gif|bmp)$</arg>
<doc>Fails if ``string`` does not match ``pattern`` as a regular expression.</doc>
<status status="PASS" start="2024-06-06T06:20:23.977521" elapsed="0.000457"/>
</kw>
<kw name="Should Match Regexp" owner="BuiltIn">
<arg>${json_data['results'][0]['picture']['medium']}</arg>
<arg>^https?://.*\.(?:png|jpe?g|gif|bmp)$</arg>
<doc>Fails if ``string`` does not match ``pattern`` as a regular expression.</doc>
<status status="PASS" start="2024-06-06T06:20:23.978169" elapsed="0.000356"/>
</kw>
<kw name="Should Match Regexp" owner="BuiltIn">
<arg>${json_data['results'][0]['picture']['thumbnail']}</arg>
<arg>^https?://.*\.(?:png|jpe?g|gif|bmp)$</arg>
<doc>Fails if ``string`` does not match ``pattern`` as a regular expression.</doc>
<status status="PASS" start="2024-06-06T06:20:23.978712" elapsed="0.000344"/>
</kw>
<kw name="Log" owner="BuiltIn">
<msg time="2024-06-06T06:20:23.979554" level="INFO">{'large': 'https://randomuser.me/api/portraits/women/90.jpg', 'medium': 'https://randomuser.me/api/portraits/med/women/90.jpg', 'thumbnail': 'https://randomuser.me/api/portraits/thumb/women/90.jpg'}</msg>
<arg>${json_data['results'][0]['picture']}</arg>
<doc>Logs the given message with the given level.</doc>
<status status="PASS" start="2024-06-06T06:20:23.979237" elapsed="0.000358"/>
</kw>
<status status="PASS" start="2024-06-06T06:20:23.894616" elapsed="0.085230"/>
</kw>
<kw name="Teste de Tipos de Dados - Postcode" owner="random-user-service">
<kw name="GET On Session" owner="RequestsLibrary">
<msg time="2024-06-06T06:20:24.074328" level="INFO">GET Request : url=https://randomuser.me/api 
 path_url=/api 
 headers={'User-Agent': 'python-requests/2.32.3', 'Accept-Encoding': 'gzip, deflate', 'Accept': '*/*', 'Connection': 'keep-alive'} 
 body=None 
 </msg>
<msg time="2024-06-06T06:20:24.074400" level="INFO">GET Response : url=https://randomuser.me/api 
 status=200, reason=OK 
 headers={'Date': 'Thu, 06 Jun 2024 06:20:24 GMT', 'Content-Type': 'application/json; charset=utf-8', 'Transfer-Encoding': 'chunked', 'Connection': 'keep-alive', 'X-Powered-By': 'Express', 'Access-Control-Allow-Origin': '*', 'Cache-Control': 'no-cache', 'ETag': 'W/"49f-vu0+R37w+n8uOu0PDD/8X1fTkEo"', 'Vary': 'Accept-Encoding', 'Content-Encoding': 'gzip', 'CF-Cache-Status': 'DYNAMIC', 'Report-To': '{"endpoints":[{"url":"https:\\/\\/a.nel.cloudflare.com\\/report\\/v4?s=NAUAW1Vn%2BJQVzfLxKt7ROcyuQKLNYjAongsV%2FNJ4mtDIc1GrjrWAcfm4jQU1kL4dIl52XW%2FiGpBJMyd7Qi9Qy1S0zz0OPY1jwb9%2BC6vY9br1XVlFFnMobO46WNddVn0u"}],"group":"cf-nel","max_age":604800}', 'NEL': '{"success_fraction":0,"report_to":"cf-nel","max_age":604800}', 'Server': 'cloudflare', 'CF-RAY': '88f64bd9eddd224f-ORD', 'alt-svc': 'h3=":443"; ma=86400'} 
 body={"results":[{"gender":"female","name":{"title":"Madame","first":"Serena","last":"Leclercq"},"location":{"street":{"number":1637,"name":"Rue de L'Abbé-Patureau"},"city":"Valeyres-Sous-Ursins","state":"Zürich","country":"Switzerland","postcode":2532,"coordinates":{"latitude":"-62.7410","longitude":"33.1977"},"timezone":{"offset":"-9:00","description":"Alaska"}},"email":"serena.leclercq@example.com","login":{"uuid":"d84129ef-3133-4981-96ba-6e0a4e2373f5","username":"redgorilla887","password":"qwerqwer","salt":"hnnJIfLy","md5":"c03eb2d275cf5a5b620cbfbeda5f5f26","sha1":"4107c291d6bb28a177fb81e8deeb676c0989e280","sha256":"dbfe085a96275648546c3b7733ca310104da0dd5209a29785242dcd37a8320bf"},"dob":{"date":"1947-08-26T23:29:17.139Z","age":76},"registered":{"date":"2015-09-11T02:42:27.387Z","age":8},"phone":"076 429 39 82","cell":"076 364 40 99","id":{"name":"AVS","value":"756.7599.4801.93"},"picture":{"large":"https://randomuser.me/api/portraits/women/29.jpg","medium":"https://randomuser.me/api/portraits/med/women/29.jpg","thumbnail":"https://randomuser.me/api/portraits/thumb/women/29.jpg"},"nat":"CH"}],"info":{"seed":"37ecc67944d54b42","results":1,"page":1,"version":"1.4"}} 
 </msg>
<msg time="2024-06-06T06:20:24.074467" level="INFO">/opt/hostedtoolcache/Python/3.12.3/x64/lib/python3.12/site-packages/urllib3/connectionpool.py:1103: InsecureRequestWarning: Unverified HTTPS request is being made to host 'randomuser.me'. Adding certificate verification is strongly advised. See: https://urllib3.readthedocs.io/en/latest/advanced-usage.html#tls-warnings
  warnings.warn(</msg>
<msg time="2024-06-06T06:20:24.074563" level="INFO">${response} = &lt;Response [200]&gt;</msg>
<var>${response}</var>
<arg>consultarAPI</arg>
<arg>/api</arg>
<doc>Sends a GET request on a previously created HTTP Session.</doc>
<status status="PASS" start="2024-06-06T06:20:23.980308" elapsed="0.094293"/>
</kw>
<kw name="Set Variable" owner="BuiltIn">
<msg time="2024-06-06T06:20:24.075614" level="INFO">${json_data} = {'results': [{'gender': 'female', 'name': {'title': 'Madame', 'first': 'Serena', 'last': 'Leclercq'}, 'location': {'street': {'number': 1637, 'name': "Rue de L'Abbé-Patureau"}, 'city': 'Valeyres-Sous-...</msg>
<var>${json_data}</var>
<arg>${response.json()}</arg>
<doc>Returns the given values which can then be assigned to a variables.</doc>
<status status="PASS" start="2024-06-06T06:20:24.075050" elapsed="0.000593"/>
</kw>
<kw name="Log" owner="BuiltIn">
<msg time="2024-06-06T06:20:24.076150" level="INFO">{'results': [{'gender': 'female', 'name': {'title': 'Madame', 'first': 'Serena', 'last': 'Leclercq'}, 'location': {'street': {'number': 1637, 'name': "Rue de L'Abbé-Patureau"}, 'city': 'Valeyres-Sous-Ursins', 'state': 'Zürich', 'country': 'Switzerland', 'postcode': 2532, 'coordinates': {'latitude': '-62.7410', 'longitude': '33.1977'}, 'timezone': {'offset': '-9:00', 'description': 'Alaska'}}, 'email': 'serena.leclercq@example.com', 'login': {'uuid': 'd84129ef-3133-4981-96ba-6e0a4e2373f5', 'username': 'redgorilla887', 'password': 'qwerqwer', 'salt': 'hnnJIfLy', 'md5': 'c03eb2d275cf5a5b620cbfbeda5f5f26', 'sha1': '4107c291d6bb28a177fb81e8deeb676c0989e280', 'sha256': 'dbfe085a96275648546c3b7733ca310104da0dd5209a29785242dcd37a8320bf'}, 'dob': {'date': '1947-08-26T23:29:17.139Z', 'age': 76}, 'registered': {'date': '2015-09-11T02:42:27.387Z', 'age': 8}, 'phone': '076 429 39 82', 'cell': '076 364 40 99', 'id': {'name': 'AVS', 'value': '756.7599.4801.93'}, 'picture': {'large': 'https://randomuser.me/api/portraits/women/29.jpg', 'medium': 'https://randomuser.me/api/portraits/med/women/29.jpg', 'thumbnail': 'https://randomuser.me/api/portraits/thumb/women/29.jpg'}, 'nat': 'CH'}], 'info': {'seed': '37ecc67944d54b42', 'results': 1, 'page': 1, 'version': '1.4'}}</msg>
<arg>${json_data}</arg>
<doc>Logs the given message with the given level.</doc>
<status status="PASS" start="2024-06-06T06:20:24.075988" elapsed="0.000243"/>
</kw>
<kw name="Should Be Equal As Numbers" owner="BuiltIn">
<arg>${json_data['results'][0]['location']['postcode']}</arg>
<arg>${json_data['results'][0]['location']['postcode']}</arg>
<doc>Fails if objects are unequal after converting them to real numbers.</doc>
<status status="PASS" start="2024-06-06T06:20:24.076536" elapsed="0.000621"/>
</kw>
<kw name="Log" owner="BuiltIn">
<msg time="2024-06-06T06:20:24.077682" level="INFO">2532</msg>
<arg>${json_data['results'][0]['location']['postcode']}</arg>
<doc>Logs the given message with the given level.</doc>
<status status="PASS" start="2024-06-06T06:20:24.077350" elapsed="0.000371"/>
</kw>
<status status="PASS" start="2024-06-06T06:20:23.980089" elapsed="0.097878"/>
</kw>
<doc>Testa se os tipos de dados na resposta da API estão corretos.</doc>
<tag>testeTiposDados</tag>
<status status="PASS" start="2024-06-06T06:20:23.894068" elapsed="0.184056"/>
</test>
<test id="s1-s1-t5" name="Validar conteudo" line="35">
<kw name="Teste de Tipos de Conteudo" owner="random-user-service">
<kw name="GET On Session" owner="RequestsLibrary">
<msg time="2024-06-06T06:20:24.185036" level="INFO">GET Request : url=https://randomuser.me/api 
 path_url=/api 
 headers={'User-Agent': 'python-requests/2.32.3', 'Accept-Encoding': 'gzip, deflate', 'Accept': '*/*', 'Connection': 'keep-alive'} 
 body=None 
 </msg>
<msg time="2024-06-06T06:20:24.185101" level="INFO">GET Response : url=https://randomuser.me/api 
 status=200, reason=OK 
 headers={'Date': 'Thu, 06 Jun 2024 06:20:24 GMT', 'Content-Type': 'application/json; charset=utf-8', 'Transfer-Encoding': 'chunked', 'Connection': 'keep-alive', 'X-Powered-By': 'Express', 'Access-Control-Allow-Origin': '*', 'Cache-Control': 'no-cache', 'ETag': 'W/"494-fJ1j4Fw4WZQRDYu8cfVxa1EfIqM"', 'Vary': 'Accept-Encoding', 'Content-Encoding': 'gzip', 'CF-Cache-Status': 'DYNAMIC', 'Report-To': '{"endpoints":[{"url":"https:\\/\\/a.nel.cloudflare.com\\/report\\/v4?s=CY%2FVkm9olU4SFmnzJ%2FaQJJpCPwEUfpMiSoGxkhpxTKHHOMgHvvKFxg8l7pXxgY%2FJ01a5rFvHnT6NpMX%2FDeglZc2oiITkVHdj0lOkO4gtSQ2%2BRsvgtUt7GUQscew56rNp"}],"group":"cf-nel","max_age":604800}', 'NEL': '{"success_fraction":0,"report_to":"cf-nel","max_age":604800}', 'Server': 'cloudflare', 'CF-RAY': '88f64bda8e72224f-ORD', 'alt-svc': 'h3=":443"; ma=86400'} 
 body={"results":[{"gender":"male","name":{"title":"Mr","first":"Lubomir","last":"Tadić"},"location":{"street":{"number":7354,"name":"Mitrofana Hilandarca "},"city":"Velika Plana","state":"Peć","country":"Serbia","postcode":47241,"coordinates":{"latitude":"60.6651","longitude":"-125.2574"},"timezone":{"offset":"-4:00","description":"Atlantic Time (Canada), Caracas, La Paz"}},"email":"lubomir.tadic@example.com","login":{"uuid":"6c4b9e76-38ee-4200-88af-34ce30c6d639","username":"redwolf323","password":"kestrel","salt":"nH35ibba","md5":"d63b8d0a51e320434bc8c9495cc6c6f6","sha1":"63bc7b1d7455ca8b9190d06cc108f31c431fd338","sha256":"abcd432fee037ee18cf3e96f094fe94ebb69a35849b6945be794f7042b9b005a"},"dob":{"date":"1958-12-17T23:50:36.114Z","age":65},"registered":{"date":"2018-03-03T21:30:18.185Z","age":6},"phone":"010-8384-261","cell":"065-8635-453","id":{"name":"SID","value":"123359106"},"picture":{"large":"https://randomuser.me/api/portraits/men/91.jpg","medium":"https://randomuser.me/api/portraits/med/men/91.jpg","thumbnail":"https://randomuser.me/api/portraits/thumb/men/91.jpg"},"nat":"RS"}],"info":{"seed":"92c4a414995b3df2","results":1,"page":1,"version":"1.4"}} 
 </msg>
<msg time="2024-06-06T06:20:24.185158" level="INFO">/opt/hostedtoolcache/Python/3.12.3/x64/lib/python3.12/site-packages/urllib3/connectionpool.py:1103: InsecureRequestWarning: Unverified HTTPS request is being made to host 'randomuser.me'. Adding certificate verification is strongly advised. See: https://urllib3.readthedocs.io/en/latest/advanced-usage.html#tls-warnings
  warnings.warn(</msg>
<msg time="2024-06-06T06:20:24.185254" level="INFO">${response} = &lt;Response [200]&gt;</msg>
<var>${response}</var>
<arg>consultarAPI</arg>
<arg>/api</arg>
<doc>Sends a GET request on a previously created HTTP Session.</doc>
<status status="PASS" start="2024-06-06T06:20:24.080564" elapsed="0.104744"/>
</kw>
<kw name="Set Variable" owner="BuiltIn">
<msg time="2024-06-06T06:20:24.186317" level="INFO">${json_data} = {'results': [{'gender': 'male', 'name': {'title': 'Mr', 'first': 'Lubomir', 'last': 'Tadić'}, 'location': {'street': {'number': 7354, 'name': 'Mitrofana Hilandarca '}, 'city': 'Velika Plana', 'state':...</msg>
<var>${json_data}</var>
<arg>${response.json()}</arg>
<doc>Returns the given values which can then be assigned to a variables.</doc>
<status status="PASS" start="2024-06-06T06:20:24.185774" elapsed="0.000573"/>
</kw>
<kw name="Set Variable" owner="BuiltIn">
<msg time="2024-06-06T06:20:24.187030" level="INFO">${name_title} = Mr</msg>
<var>${name_title}</var>
<arg>${json_data["results"][0]["name"]["title"]}</arg>
<doc>Returns the given values which can then be assigned to a variables.</doc>
<status status="PASS" start="2024-06-06T06:20:24.186653" elapsed="0.000402"/>
</kw>
<kw name="Create List" owner="BuiltIn">
<msg time="2024-06-06T06:20:24.187496" level="INFO">${allowed_titles} = ['Mr', 'Ms', 'Miss', 'Mrs', 'Madame', 'Monsieur']</msg>
<var>${allowed_titles}</var>
<arg>Mr</arg>
<arg>Ms</arg>
<arg>Miss</arg>
<arg>Mrs</arg>
<arg>Madame</arg>
<arg>Monsieur</arg>
<doc>Returns a list containing given items.</doc>
<status status="PASS" start="2024-06-06T06:20:24.187348" elapsed="0.000171"/>
</kw>
<kw name="List Should Contain Value" owner="Collections">
<msg time="2024-06-06T06:20:24.188036" level="INFO">False</msg>
<arg>${allowed_titles}</arg>
<arg>${name_title}</arg>
<doc>Fails if the ``value`` is not found from ``list``.</doc>
<status status="PASS" start="2024-06-06T06:20:24.187818" elapsed="0.000255"/>
</kw>
<kw name="Set Variable" owner="BuiltIn">
<msg time="2024-06-06T06:20:24.188873" level="INFO">${name_country} = RS</msg>
<var>${name_country}</var>
<arg>${json_data["results"][0]["nat"]}</arg>
<doc>Returns the given values which can then be assigned to a variables.</doc>
<status status="PASS" start="2024-06-06T06:20:24.188372" elapsed="0.000526"/>
</kw>
<kw name="Create List" owner="BuiltIn">
<msg time="2024-06-06T06:20:24.189789" level="INFO">${list_country} = ['AD', 'AE', 'AF', 'AG', 'AI', 'AL', 'AM', 'AO', 'AQ', 'AR', 'AS', 'AT', 'AU', 'AW', 'AX', 'AZ', 'BA', 'BB', 'BD', 'BE', 'BF', 'BG', 'BH', 'BI', 'BJ', 'BL', 'BM', 'BN', 'BO', 'BQ', 'BR', 'BS', 'BT', '...</msg>
<var>${list_country}</var>
<arg>AD</arg>
<arg>AE</arg>
<arg>AF</arg>
<arg>AG</arg>
<arg>AI</arg>
<arg>AL</arg>
<arg>AM</arg>
<arg>AO</arg>
<arg>AQ</arg>
<arg>AR</arg>
<arg>AS</arg>
<arg>AT</arg>
<arg>AU</arg>
<arg>AW</arg>
<arg>AX</arg>
<arg>AZ</arg>
<arg>BA</arg>
<arg>BB</arg>
<arg>BD</arg>
<arg>BE</arg>
<arg>BF</arg>
<arg>BG</arg>
<arg>BH</arg>
<arg>BI</arg>
<arg>BJ</arg>
<arg>BL</arg>
<arg>BM</arg>
<arg>BN</arg>
<arg>BO</arg>
<arg>BQ</arg>
<arg>BR</arg>
<arg>BS</arg>
<arg>BT</arg>
<arg>BV</arg>
<arg>BW</arg>
<arg>BY</arg>
<arg>BZ</arg>
<arg>CA</arg>
<arg>CC</arg>
<arg>CD</arg>
<arg>CF</arg>
<arg>CG</arg>
<arg>CH</arg>
<arg>CI</arg>
<arg>CK</arg>
<arg>CL</arg>
<arg>CM</arg>
<arg>CN</arg>
<arg>CO</arg>
<arg>CR</arg>
<arg>CU</arg>
<arg>CV</arg>
<arg>CW</arg>
<arg>CX</arg>
<arg>CY</arg>
<arg>CZ</arg>
<arg>DE</arg>
<arg>DJ</arg>
<arg>DK</arg>
<arg>DM</arg>
<arg>DO</arg>
<arg>DZ</arg>
<arg>EC</arg>
<arg>EE</arg>
<arg>EG</arg>
<arg>EH</arg>
<arg>ER</arg>
<arg>ES</arg>
<arg>ET</arg>
<arg>FI</arg>
<arg>FJ</arg>
<arg>FK</arg>
<arg>FM</arg>
<arg>FO</arg>
<arg>FR</arg>
<arg>GA</arg>
<arg>GB</arg>
<arg>GD</arg>
<arg>GE</arg>
<arg>GF</arg>
<arg>GG</arg>
<arg>GH</arg>
<arg>GI</arg>
<arg>GL</arg>
<arg>GM</arg>
<arg>GN</arg>
<arg>GP</arg>
<arg>GQ</arg>
<arg>GR</arg>
<arg>GS</arg>
<arg>GT</arg>
<arg>GU</arg>
<arg>GW</arg>
<arg>GY</arg>
<arg>HK</arg>
<arg>HM</arg>
<arg>HN</arg>
<arg>HR</arg>
<arg>HT</arg>
<arg>HU</arg>
<arg>ID</arg>
<arg>IE</arg>
<arg>IL</arg>
<arg>IM</arg>
<arg>IN</arg>
<arg>IO</arg>
<arg>IQ</arg>
<arg>IR</arg>
<arg>IS</arg>
<arg>IT</arg>
<arg>JE</arg>
<arg>JM</arg>
<arg>JO</arg>
<arg>JP</arg>
<arg>KE</arg>
<arg>KG</arg>
<arg>KH</arg>
<arg>KI</arg>
<arg>KM</arg>
<arg>KN</arg>
<arg>KP</arg>
<arg>KR</arg>
<arg>KW</arg>
<arg>KY</arg>
<arg>KZ</arg>
<arg>LA</arg>
<arg>LB</arg>
<arg>LC</arg>
<arg>LI</arg>
<arg>LK</arg>
<arg>LR</arg>
<arg>LS</arg>
<arg>LT</arg>
<arg>LU</arg>
<arg>LV</arg>
<arg>LY</arg>
<arg>MA</arg>
<arg>MC</arg>
<arg>MD</arg>
<arg>ME</arg>
<arg>MF</arg>
<arg>MG</arg>
<arg>MH</arg>
<arg>MK</arg>
<arg>ML</arg>
<arg>MM</arg>
<arg>MN</arg>
<arg>MO</arg>
<arg>MP</arg>
<arg>MQ</arg>
<arg>MR</arg>
<arg>MS</arg>
<arg>MT</arg>
<arg>MU</arg>
<arg>MV</arg>
<arg>MW</arg>
<arg>MX</arg>
<arg>MY</arg>
<arg>MZ</arg>
<arg>NA</arg>
<arg>NC</arg>
<arg>NE</arg>
<arg>NF</arg>
<arg>NG</arg>
<arg>NI</arg>
<arg>NL</arg>
<arg>NO</arg>
<arg>NP</arg>
<arg>NR</arg>
<arg>NU</arg>
<arg>NZ</arg>
<arg>OM</arg>
<arg>PA</arg>
<arg>PE</arg>
<arg>PF</arg>
<arg>PG</arg>
<arg>PH</arg>
<arg>PK</arg>
<arg>PL</arg>
<arg>PM</arg>
<arg>PN</arg>
<arg>PR</arg>
<arg>PS</arg>
<arg>PT</arg>
<arg>PW</arg>
<arg>PY</arg>
<arg>QA</arg>
<arg>RE</arg>
<arg>RO</arg>
<arg>RS</arg>
<arg>RU</arg>
<arg>RW</arg>
<arg>SA</arg>
<arg>SB</arg>
<arg>SC</arg>
<arg>SD</arg>
<arg>SE</arg>
<arg>SG</arg>
<arg>SH</arg>
<arg>SI</arg>
<arg>SJ</arg>
<arg>SK</arg>
<arg>SL</arg>
<arg>SM</arg>
<arg>SN</arg>
<arg>SO</arg>
<arg>SR</arg>
<arg>SS</arg>
<arg>ST</arg>
<arg>SV</arg>
<arg>SX</arg>
<arg>SY</arg>
<arg>SZ</arg>
<arg>TC</arg>
<arg>TD</arg>
<arg>TF</arg>
<arg>TG</arg>
<arg>TH</arg>
<arg>TJ</arg>
<arg>TK</arg>
<arg>TL</arg>
<arg>TM</arg>
<arg>TN</arg>
<arg>TO</arg>
<arg>TR</arg>
<arg>TT</arg>
<arg>TV</arg>
<arg>TW</arg>
<arg>TZ</arg>
<arg>UA</arg>
<arg>UG</arg>
<arg>UM</arg>
<arg>US</arg>
<arg>UY</arg>
<arg>UZ</arg>
<arg>VA</arg>
<arg>VC</arg>
<arg>VE</arg>
<arg>VG</arg>
<arg>VI</arg>
<arg>VN</arg>
<arg>VU</arg>
<arg>WF</arg>
<arg>WS</arg>
<arg>XK</arg>
<arg>YE</arg>
<arg>YT</arg>
<arg>ZA</arg>
<arg>ZM</arg>
<arg>ZW</arg>
<doc>Returns a list containing given items.</doc>
<status status="PASS" start="2024-06-06T06:20:24.189201" elapsed="0.000612"/>
</kw>
<kw name="List Should Contain Value" owner="Collections">
<msg time="2024-06-06T06:20:24.190780" level="INFO">False</msg>
<arg>${list_country}</arg>
<arg>${name_country}</arg>
<doc>Fails if the ``value`` is not found from ``list``.</doc>
<status status="PASS" start="2024-06-06T06:20:24.190583" elapsed="0.000231"/>
</kw>
<kw name="Run Keyword If" owner="BuiltIn">
<kw name="Should Be True" owner="BuiltIn">
<arg>${True}</arg>
<doc>Fails if the given condition is not true.</doc>
<status status="PASS" start="2024-06-06T06:20:24.191863" elapsed="0.000161"/>
</kw>
<arg>${json_data["results"][0]["location"]["coordinates"]["latitude"]} &gt;= -90 and ${json_data["results"][0]["location"]["coordinates"]["latitude"]} &lt;= 90</arg>
<arg>Should Be True</arg>
<arg>${True}</arg>
<doc>Runs the given keyword with the given arguments, if ``condition`` is true.</doc>
<status status="PASS" start="2024-06-06T06:20:24.191119" elapsed="0.001032"/>
</kw>
<kw name="Run Keyword If" owner="BuiltIn">
<kw name="Should Be True" owner="BuiltIn">
<arg>${True}</arg>
<doc>Fails if the given condition is not true.</doc>
<status status="PASS" start="2024-06-06T06:20:24.193023" elapsed="0.000136"/>
</kw>
<arg>${json_data["results"][0]["location"]["coordinates"]["longitude"]} &gt;= -180 and ${json_data["results"][0]["location"]["coordinates"]["longitude"]} &lt;= 180</arg>
<arg>Should Be True</arg>
<arg>${True}</arg>
<doc>Runs the given keyword with the given arguments, if ``condition`` is true.</doc>
<status status="PASS" start="2024-06-06T06:20:24.192339" elapsed="0.000943"/>
</kw>
<status status="PASS" start="2024-06-06T06:20:24.080345" elapsed="0.113061"/>
</kw>
<doc>Testa o conteúdo específico dos campos retornados pela API.</doc>
<tag>testeConteudo</tag>
<status status="PASS" start="2024-06-06T06:20:24.079827" elapsed="0.113718"/>
</test>
<status status="PASS" start="2024-06-06T06:20:23.262831" elapsed="0.932629"/>
</suite>
<status status="PASS" start="2024-06-06T06:20:23.249553" elapsed="0.951063"/>
</suite>
<statistics>
<total>
<stat pass="5" fail="0" skip="0">All Tests</stat>
</total>
<tag>
<stat pass="1" fail="0" skip="0">testeConteudo</stat>
<stat pass="1" fail="0" skip="0">testeEstruturaResposta</stat>
<stat pass="1" fail="0" skip="0">testeRequisicaoBasica</stat>
<stat pass="1" fail="0" skip="0">testeTiposDados</stat>
</tag>
<suite>
<stat pass="5" fail="0" skip="0" id="s1" name="Tests">Tests</stat>
<stat pass="5" fail="0" skip="0" id="s1-s1" name="Random-User-Test">Tests.Random-User-Test</stat>
</suite>
</statistics>
<errors>
</errors>
</robot>
