<?xml version="1.0" encoding="UTF-8"?>
<robot generator="Robot 7.0 (Python 3.12.3 on linux)" generated="2024-04-25T09:14:59.208652" rpa="false" schemaversion="5">
<suite id="s1" name="Tests" source="/home/runner/work/DesafioQAItauRogerioJordao/DesafioQAItauRogerioJordao/RamdonUser/tests">
<suite id="s1-s1" name="Random-User-Test" source="/home/runner/work/DesafioQAItauRogerioJordao/DesafioQAItauRogerioJordao/RamdonUser/tests/random-user-test.robot">
<test id="s1-s1-t1" name="Conectar" line="13">
<kw name="Conectar API" owner="random-user-service">
<kw name="Create Session" owner="RequestsLibrary">
<msg time="2024-04-25T09:14:59.561143" level="INFO">Creating Session using : alias=consultarAPI, url=https://randomuser.me/, headers={},                     cookies={}, auth=None, timeout=None, proxies=None, verify=False,                     debug=0 </msg>
<arg>consultarAPI</arg>
<arg>${URL}</arg>
<doc>Create Session: create a HTTP session to a server</doc>
<status status="PASS" start="2024-04-25T09:14:59.560948" elapsed="0.000388"/>
</kw>
<status status="PASS" start="2024-04-25T09:14:59.560043" elapsed="0.001635"/>
</kw>
<status status="PASS" start="2024-04-25T09:14:59.559531" elapsed="0.002337"/>
</test>
<test id="s1-s1-t2" name="Validar retorno 200 e JSON Válido" line="16">
<kw name="Teste de Requisicao Basica" owner="random-user-service">
<kw name="GET On Session" owner="RequestsLibrary">
<msg time="2024-04-25T09:14:59.643254" level="INFO">GET Request : url=https://randomuser.me/api 
 path_url=/api 
 headers={'User-Agent': 'python-requests/2.31.0', 'Accept-Encoding': 'gzip, deflate', 'Accept': '*/*', 'Connection': 'keep-alive'} 
 body=None 
 </msg>
<msg time="2024-04-25T09:14:59.643354" level="INFO">GET Response : url=https://randomuser.me/api 
 status=200, reason=OK 
 headers={'Date': 'Thu, 25 Apr 2024 09:14:59 GMT', 'Content-Type': 'application/json; charset=utf-8', 'Transfer-Encoding': 'chunked', 'Connection': 'keep-alive', 'X-Powered-By': 'Express', 'Access-Control-Allow-Origin': '*', 'Cache-Control': 'no-cache', 'ETag': 'W/"4a2-i7wZD7R8Ut6EnoEAYmqNPr196PY"', 'Vary': 'Accept-Encoding', 'Content-Encoding': 'gzip', 'CF-Cache-Status': 'DYNAMIC', 'Report-To': '{"endpoints":[{"url":"https:\\/\\/a.nel.cloudflare.com\\/report\\/v4?s=2FxpTVr6aFYb%2FLW9AQFrsKVDyt4nW1ed2ugwZhk%2BJ5EpZDHnSXLBQ249209bOEDxRsanDWqPEi4gzW9dPw1FRk4KBzYNFKoXgWMa3Z5UsDbrmizUZNU1G4iQfY%2Fn6Vn3"}],"group":"cf-nel","max_age":604800}', 'NEL': '{"success_fraction":0,"report_to":"cf-nel","max_age":604800}', 'Server': 'cloudflare', 'CF-RAY': '879d39da897310df-ORD', 'alt-svc': 'h3=":443"; ma=86400'} 
 body={"results":[{"gender":"female","name":{"title":"Miss","first":"Ellie","last":"Harrison"},"location":{"street":{"number":6450,"name":"O'Connell Street"},"city":"Tralee","state":"Waterford","country":"Ireland","postcode":96115,"coordinates":{"latitude":"1.4219","longitude":"167.2041"},"timezone":{"offset":"+5:00","description":"Ekaterinburg, Islamabad, Karachi, Tashkent"}},"email":"ellie.harrison@example.com","login":{"uuid":"563aa9ee-ff17-451d-ac5c-8c01c52f6894","username":"silverleopard800","password":"eclipse1","salt":"0fEwf2QU","md5":"a4f72a3430e2ace8a9210aa35f7c2a60","sha1":"08f4907ebccda070de88b49dd945b8c1d547cfd9","sha256":"d071504d991158dacc1e64bb2e797333b471281a4e8080e05fbc5fb2fc2d2bc3"},"dob":{"date":"1945-02-15T15:42:25.814Z","age":79},"registered":{"date":"2003-09-10T13:12:38.248Z","age":20},"phone":"031-194-5524","cell":"081-917-9377","id":{"name":"PPS","value":"8253422T"},"picture":{"large":"https://randomuser.me/api/portraits/women/73.jpg","medium":"https://randomuser.me/api/portraits/med/women/73.jpg","thumbnail":"https://randomuser.me/api/portraits/thumb/women/73.jpg"},"nat":"IE"}],"info":{"seed":"96c8a4c1f825f2ec","results":1,"page":1,"version":"1.4"}} 
 </msg>
<msg time="2024-04-25T09:14:59.643422" level="INFO">/opt/hostedtoolcache/Python/3.12.3/x64/lib/python3.12/site-packages/urllib3/connectionpool.py:1103: InsecureRequestWarning: Unverified HTTPS request is being made to host 'randomuser.me'. Adding certificate verification is strongly advised. See: https://urllib3.readthedocs.io/en/latest/advanced-usage.html#tls-warnings
  warnings.warn(</msg>
<msg time="2024-04-25T09:14:59.643536" level="INFO">${response} = &lt;Response [200]&gt;</msg>
<var>${response}</var>
<arg>consultarAPI</arg>
<arg>/api</arg>
<doc>Sends a GET request on a previously created HTTP Session.</doc>
<status status="PASS" start="2024-04-25T09:14:59.564467" elapsed="0.079111"/>
</kw>
<kw name="Should Be Equal As Numbers" owner="BuiltIn">
<msg time="2024-04-25T09:14:59.644552" level="INFO">Argument types are:
&lt;class 'int'&gt;
&lt;class 'str'&gt;</msg>
<arg>${response.status_code}</arg>
<arg>200</arg>
<doc>Fails if objects are unequal after converting them to real numbers.</doc>
<status status="PASS" start="2024-04-25T09:14:59.644065" elapsed="0.000550"/>
</kw>
<kw name="Log" owner="BuiltIn">
<msg time="2024-04-25T09:14:59.645370" level="INFO">200</msg>
<arg>${response.status_code}</arg>
<doc>Logs the given message with the given level.</doc>
<status status="PASS" start="2024-04-25T09:14:59.644959" elapsed="0.000455"/>
</kw>
<kw name="Set Variable" owner="BuiltIn">
<msg time="2024-04-25T09:14:59.646153" level="INFO">${json_data} = {'results': [{'gender': 'female', 'name': {'title': 'Miss', 'first': 'Ellie', 'last': 'Harrison'}, 'location': {'street': {'number': 6450, 'name': "O'Connell Street"}, 'city': 'Tralee', 'state': 'Wate...</msg>
<var>${json_data}</var>
<arg>${response.json()}</arg>
<doc>Returns the given values which can then be assigned to a variables.</doc>
<status status="PASS" start="2024-04-25T09:14:59.645719" elapsed="0.000462"/>
</kw>
<kw name="Dictionary Should Contain Key" owner="Collections">
<msg time="2024-04-25T09:14:59.646649" level="INFO">False</msg>
<arg>${json_data}</arg>
<arg>results</arg>
<doc>Fails if ``key`` is not found from ``dictionary``.</doc>
<status status="PASS" start="2024-04-25T09:14:59.646488" elapsed="0.000200"/>
</kw>
<status status="PASS" start="2024-04-25T09:14:59.564228" elapsed="0.082717"/>
</kw>
<doc>Testa se a API responde corretamente e retorna um objeto JSON válido.</doc>
<tag>testeRequisicaoBasica</tag>
<status status="PASS" start="2024-04-25T09:14:59.563749" elapsed="0.083365"/>
</test>
<test id="s1-s1-t3" name="Validar estrutura de resposta" line="22">
<kw name="Teste de Estrutura de Resposta" owner="random-user-service">
<kw name="GET On Session" owner="RequestsLibrary">
<msg time="2024-04-25T09:14:59.746181" level="INFO">GET Request : url=https://randomuser.me/api 
 path_url=/api 
 headers={'User-Agent': 'python-requests/2.31.0', 'Accept-Encoding': 'gzip, deflate', 'Accept': '*/*', 'Connection': 'keep-alive'} 
 body=None 
 </msg>
<msg time="2024-04-25T09:14:59.746270" level="INFO">GET Response : url=https://randomuser.me/api 
 status=200, reason=OK 
 headers={'Date': 'Thu, 25 Apr 2024 09:14:59 GMT', 'Content-Type': 'application/json; charset=utf-8', 'Transfer-Encoding': 'chunked', 'Connection': 'keep-alive', 'X-Powered-By': 'Express', 'Access-Control-Allow-Origin': '*', 'Cache-Control': 'no-cache', 'ETag': 'W/"498-RiE20Edu2vmQzot2LNUmftl96Lg"', 'Vary': 'Accept-Encoding', 'Content-Encoding': 'gzip', 'CF-Cache-Status': 'DYNAMIC', 'Report-To': '{"endpoints":[{"url":"https:\\/\\/a.nel.cloudflare.com\\/report\\/v4?s=Mp6MOjhmOgOe0RWgZii3JX%2FCRyMxgkVZhvrH2FylWSAkpfpUksAKtTqrJUl9nLRfqy1cfUV2OMm6y6nBLBwyubJpL%2BDJ%2B%2FNi1Ik0ma%2FPoYSVBbUkSr%2BnSzHkOKLKdxgc"}],"group":"cf-nel","max_age":604800}', 'NEL': '{"success_fraction":0,"report_to":"cf-nel","max_age":604800}', 'Server': 'cloudflare', 'CF-RAY': '879d39dad99b10df-ORD', 'alt-svc': 'h3=":443"; ma=86400'} 
 body={"results":[{"gender":"male","name":{"title":"Mr","first":"Dorogobug","last":"Zhuravel"},"location":{"street":{"number":8690,"name":"Prospekt Dzyubi"},"city":"Pervomaysk","state":"Donecka","country":"Ukraine","postcode":84837,"coordinates":{"latitude":"75.1170","longitude":"-144.3851"},"timezone":{"offset":"+11:00","description":"Magadan, Solomon Islands, New Caledonia"}},"email":"dorogobug.zhuravel@example.com","login":{"uuid":"55fd4a3d-fe2b-40d7-8ce1-99cb1f1f3147","username":"tinybutterfly650","password":"shuan","salt":"84lRdZCI","md5":"ac19c09be68c5a6d9fdfb48254e1374e","sha1":"4929f8e8fabed92735104ca4c42e9c37000f42d6","sha256":"17e0e68c38900afe1e06117210ed4b0383718c3e1eec099ad0a91ce090c0eb0a"},"dob":{"date":"1979-02-09T23:13:27.928Z","age":45},"registered":{"date":"2018-01-31T01:20:30.072Z","age":6},"phone":"(066) Y09-2024","cell":"(099) J81-2196","id":{"name":"","value":null},"picture":{"large":"https://randomuser.me/api/portraits/men/73.jpg","medium":"https://randomuser.me/api/portraits/med/men/73.jpg","thumbnail":"https://randomuser.me/api/portraits/thumb/men/73.jpg"},"nat":"UA"}],"info":{"seed":"591741ee9c27897e","results":1,"page":1,"version":"1.4"}} 
 </msg>
<msg time="2024-04-25T09:14:59.746399" level="INFO">/opt/hostedtoolcache/Python/3.12.3/x64/lib/python3.12/site-packages/urllib3/connectionpool.py:1103: InsecureRequestWarning: Unverified HTTPS request is being made to host 'randomuser.me'. Adding certificate verification is strongly advised. See: https://urllib3.readthedocs.io/en/latest/advanced-usage.html#tls-warnings
  warnings.warn(</msg>
<msg time="2024-04-25T09:14:59.746506" level="INFO">${response} = &lt;Response [200]&gt;</msg>
<var>${response}</var>
<arg>consultarAPI</arg>
<arg>/api</arg>
<doc>Sends a GET request on a previously created HTTP Session.</doc>
<status status="PASS" start="2024-04-25T09:14:59.649658" elapsed="0.096881"/>
</kw>
<kw name="Set Variable" owner="BuiltIn">
<msg time="2024-04-25T09:14:59.747417" level="INFO">${json_data} = {'results': [{'gender': 'male', 'name': {'title': 'Mr', 'first': 'Dorogobug', 'last': 'Zhuravel'}, 'location': {'street': {'number': 8690, 'name': 'Prospekt Dzyubi'}, 'city': 'Pervomaysk', 'state': 'D...</msg>
<var>${json_data}</var>
<arg>${response.json()}</arg>
<doc>Returns the given values which can then be assigned to a variables.</doc>
<status status="PASS" start="2024-04-25T09:14:59.746950" elapsed="0.000496"/>
</kw>
<kw name="Log" owner="BuiltIn">
<msg time="2024-04-25T09:14:59.747912" level="INFO">{'results': [{'gender': 'male', 'name': {'title': 'Mr', 'first': 'Dorogobug', 'last': 'Zhuravel'}, 'location': {'street': {'number': 8690, 'name': 'Prospekt Dzyubi'}, 'city': 'Pervomaysk', 'state': 'Donecka', 'country': 'Ukraine', 'postcode': 84837, 'coordinates': {'latitude': '75.1170', 'longitude': '-144.3851'}, 'timezone': {'offset': '+11:00', 'description': 'Magadan, Solomon Islands, New Caledonia'}}, 'email': 'dorogobug.zhuravel@example.com', 'login': {'uuid': '55fd4a3d-fe2b-40d7-8ce1-99cb1f1f3147', 'username': 'tinybutterfly650', 'password': 'shuan', 'salt': '84lRdZCI', 'md5': 'ac19c09be68c5a6d9fdfb48254e1374e', 'sha1': '4929f8e8fabed92735104ca4c42e9c37000f42d6', 'sha256': '17e0e68c38900afe1e06117210ed4b0383718c3e1eec099ad0a91ce090c0eb0a'}, 'dob': {'date': '1979-02-09T23:13:27.928Z', 'age': 45}, 'registered': {'date': '2018-01-31T01:20:30.072Z', 'age': 6}, 'phone': '(066) Y09-2024', 'cell': '(099) J81-2196', 'id': {'name': '', 'value': None}, 'picture': {'large': 'https://randomuser.me/api/portraits/men/73.jpg', 'medium': 'https://randomuser.me/api/portraits/med/men/73.jpg', 'thumbnail': 'https://randomuser.me/api/portraits/thumb/men/73.jpg'}, 'nat': 'UA'}], 'info': {'seed': '591741ee9c27897e', 'results': 1, 'page': 1, 'version': '1.4'}}</msg>
<arg>${json_data}</arg>
<doc>Logs the given message with the given level.</doc>
<status status="PASS" start="2024-04-25T09:14:59.747756" elapsed="0.000204"/>
</kw>
<kw name="Dictionary Should Contain Key" owner="Collections">
<msg time="2024-04-25T09:14:59.748408" level="INFO">False</msg>
<arg>${json_data}</arg>
<arg>results</arg>
<doc>Fails if ``key`` is not found from ``dictionary``.</doc>
<status status="PASS" start="2024-04-25T09:14:59.748258" elapsed="0.000188"/>
</kw>
<kw name="Should Not Be Empty" owner="BuiltIn">
<msg time="2024-04-25T09:14:59.748867" level="INFO">Length is 2.</msg>
<arg>${json_data}</arg>
<doc>Verifies that the given item is not empty.</doc>
<status status="PASS" start="2024-04-25T09:14:59.748738" elapsed="0.000167"/>
</kw>
<kw name="Create List" owner="BuiltIn">
<msg time="2024-04-25T09:14:59.749515" level="INFO">${expected_keys} = ['gender', 'name', 'location', 'email', 'login']</msg>
<var>${expected_keys}</var>
<arg>gender</arg>
<arg>name</arg>
<arg>location</arg>
<arg>email</arg>
<arg>login</arg>
<doc>Returns a list containing given items.</doc>
<status status="PASS" start="2024-04-25T09:14:59.749228" elapsed="0.000312"/>
</kw>
<for flavor="IN">
<iter>
<kw name="Dictionary Should Contain Key" owner="Collections">
<msg time="2024-04-25T09:14:59.750519" level="INFO">False</msg>
<arg>${json_data['results'][0]}</arg>
<arg>${key}</arg>
<doc>Fails if ``key`` is not found from ``dictionary``.</doc>
<status status="PASS" start="2024-04-25T09:14:59.750113" elapsed="0.000445"/>
</kw>
<kw name="Log" owner="BuiltIn">
<msg time="2024-04-25T09:14:59.751225" level="INFO">{'gender': 'male', 'name': {'title': 'Mr', 'first': 'Dorogobug', 'last': 'Zhuravel'}, 'location': {'street': {'number': 8690, 'name': 'Prospekt Dzyubi'}, 'city': 'Pervomaysk', 'state': 'Donecka', 'country': 'Ukraine', 'postcode': 84837, 'coordinates': {'latitude': '75.1170', 'longitude': '-144.3851'}, 'timezone': {'offset': '+11:00', 'description': 'Magadan, Solomon Islands, New Caledonia'}}, 'email': 'dorogobug.zhuravel@example.com', 'login': {'uuid': '55fd4a3d-fe2b-40d7-8ce1-99cb1f1f3147', 'username': 'tinybutterfly650', 'password': 'shuan', 'salt': '84lRdZCI', 'md5': 'ac19c09be68c5a6d9fdfb48254e1374e', 'sha1': '4929f8e8fabed92735104ca4c42e9c37000f42d6', 'sha256': '17e0e68c38900afe1e06117210ed4b0383718c3e1eec099ad0a91ce090c0eb0a'}, 'dob': {'date': '1979-02-09T23:13:27.928Z', 'age': 45}, 'registered': {'date': '2018-01-31T01:20:30.072Z', 'age': 6}, 'phone': '(066) Y09-2024', 'cell': '(099) J81-2196', 'id': {'name': '', 'value': None}, 'picture': {'large': 'https://randomuser.me/api/portraits/men/73.jpg', 'medium': 'https://randomuser.me/api/portraits/med/men/73.jpg', 'thumbnail': 'https://randomuser.me/api/portraits/thumb/men/73.jpg'}, 'nat': 'UA'}</msg>
<arg>${json_data['results'][0]}</arg>
<doc>Logs the given message with the given level.</doc>
<status status="PASS" start="2024-04-25T09:14:59.750861" elapsed="0.000412"/>
</kw>
<kw name="Log" owner="BuiltIn">
<msg time="2024-04-25T09:14:59.751695" level="INFO">gender</msg>
<arg>${key}</arg>
<doc>Logs the given message with the given level.</doc>
<status status="PASS" start="2024-04-25T09:14:59.751569" elapsed="0.000163"/>
</kw>
<var name="${key}">gender</var>
<status status="PASS" start="2024-04-25T09:14:59.749990" elapsed="0.001957"/>
</iter>
<iter>
<kw name="Dictionary Should Contain Key" owner="Collections">
<msg time="2024-04-25T09:14:59.752639" level="INFO">False</msg>
<arg>${json_data['results'][0]}</arg>
<arg>${key}</arg>
<doc>Fails if ``key`` is not found from ``dictionary``.</doc>
<status status="PASS" start="2024-04-25T09:14:59.752248" elapsed="0.000429"/>
</kw>
<kw name="Log" owner="BuiltIn">
<msg time="2024-04-25T09:14:59.753384" level="INFO">{'gender': 'male', 'name': {'title': 'Mr', 'first': 'Dorogobug', 'last': 'Zhuravel'}, 'location': {'street': {'number': 8690, 'name': 'Prospekt Dzyubi'}, 'city': 'Pervomaysk', 'state': 'Donecka', 'country': 'Ukraine', 'postcode': 84837, 'coordinates': {'latitude': '75.1170', 'longitude': '-144.3851'}, 'timezone': {'offset': '+11:00', 'description': 'Magadan, Solomon Islands, New Caledonia'}}, 'email': 'dorogobug.zhuravel@example.com', 'login': {'uuid': '55fd4a3d-fe2b-40d7-8ce1-99cb1f1f3147', 'username': 'tinybutterfly650', 'password': 'shuan', 'salt': '84lRdZCI', 'md5': 'ac19c09be68c5a6d9fdfb48254e1374e', 'sha1': '4929f8e8fabed92735104ca4c42e9c37000f42d6', 'sha256': '17e0e68c38900afe1e06117210ed4b0383718c3e1eec099ad0a91ce090c0eb0a'}, 'dob': {'date': '1979-02-09T23:13:27.928Z', 'age': 45}, 'registered': {'date': '2018-01-31T01:20:30.072Z', 'age': 6}, 'phone': '(066) Y09-2024', 'cell': '(099) J81-2196', 'id': {'name': '', 'value': None}, 'picture': {'large': 'https://randomuser.me/api/portraits/men/73.jpg', 'medium': 'https://randomuser.me/api/portraits/med/men/73.jpg', 'thumbnail': 'https://randomuser.me/api/portraits/thumb/men/73.jpg'}, 'nat': 'UA'}</msg>
<arg>${json_data['results'][0]}</arg>
<doc>Logs the given message with the given level.</doc>
<status status="PASS" start="2024-04-25T09:14:59.753000" elapsed="0.000433"/>
</kw>
<kw name="Log" owner="BuiltIn">
<msg time="2024-04-25T09:14:59.753863" level="INFO">name</msg>
<arg>${key}</arg>
<doc>Logs the given message with the given level.</doc>
<status status="PASS" start="2024-04-25T09:14:59.753729" elapsed="0.000170"/>
</kw>
<var name="${key}">name</var>
<status status="PASS" start="2024-04-25T09:14:59.752133" elapsed="0.001982"/>
</iter>
<iter>
<kw name="Dictionary Should Contain Key" owner="Collections">
<msg time="2024-04-25T09:14:59.754794" level="INFO">False</msg>
<arg>${json_data['results'][0]}</arg>
<arg>${key}</arg>
<doc>Fails if ``key`` is not found from ``dictionary``.</doc>
<status status="PASS" start="2024-04-25T09:14:59.754409" elapsed="0.000423"/>
</kw>
<kw name="Log" owner="BuiltIn">
<msg time="2024-04-25T09:14:59.755479" level="INFO">{'gender': 'male', 'name': {'title': 'Mr', 'first': 'Dorogobug', 'last': 'Zhuravel'}, 'location': {'street': {'number': 8690, 'name': 'Prospekt Dzyubi'}, 'city': 'Pervomaysk', 'state': 'Donecka', 'country': 'Ukraine', 'postcode': 84837, 'coordinates': {'latitude': '75.1170', 'longitude': '-144.3851'}, 'timezone': {'offset': '+11:00', 'description': 'Magadan, Solomon Islands, New Caledonia'}}, 'email': 'dorogobug.zhuravel@example.com', 'login': {'uuid': '55fd4a3d-fe2b-40d7-8ce1-99cb1f1f3147', 'username': 'tinybutterfly650', 'password': 'shuan', 'salt': '84lRdZCI', 'md5': 'ac19c09be68c5a6d9fdfb48254e1374e', 'sha1': '4929f8e8fabed92735104ca4c42e9c37000f42d6', 'sha256': '17e0e68c38900afe1e06117210ed4b0383718c3e1eec099ad0a91ce090c0eb0a'}, 'dob': {'date': '1979-02-09T23:13:27.928Z', 'age': 45}, 'registered': {'date': '2018-01-31T01:20:30.072Z', 'age': 6}, 'phone': '(066) Y09-2024', 'cell': '(099) J81-2196', 'id': {'name': '', 'value': None}, 'picture': {'large': 'https://randomuser.me/api/portraits/men/73.jpg', 'medium': 'https://randomuser.me/api/portraits/med/men/73.jpg', 'thumbnail': 'https://randomuser.me/api/portraits/thumb/men/73.jpg'}, 'nat': 'UA'}</msg>
<arg>${json_data['results'][0]}</arg>
<doc>Logs the given message with the given level.</doc>
<status status="PASS" start="2024-04-25T09:14:59.755123" elapsed="0.000403"/>
</kw>
<kw name="Log" owner="BuiltIn">
<msg time="2024-04-25T09:14:59.755943" level="INFO">location</msg>
<arg>${key}</arg>
<doc>Logs the given message with the given level.</doc>
<status status="PASS" start="2024-04-25T09:14:59.755818" elapsed="0.000163"/>
</kw>
<var name="${key}">location</var>
<status status="PASS" start="2024-04-25T09:14:59.754296" elapsed="0.001899"/>
</iter>
<iter>
<kw name="Dictionary Should Contain Key" owner="Collections">
<msg time="2024-04-25T09:14:59.756866" level="INFO">False</msg>
<arg>${json_data['results'][0]}</arg>
<arg>${key}</arg>
<doc>Fails if ``key`` is not found from ``dictionary``.</doc>
<status status="PASS" start="2024-04-25T09:14:59.756484" elapsed="0.000418"/>
</kw>
<kw name="Log" owner="BuiltIn">
<msg time="2024-04-25T09:14:59.757603" level="INFO">{'gender': 'male', 'name': {'title': 'Mr', 'first': 'Dorogobug', 'last': 'Zhuravel'}, 'location': {'street': {'number': 8690, 'name': 'Prospekt Dzyubi'}, 'city': 'Pervomaysk', 'state': 'Donecka', 'country': 'Ukraine', 'postcode': 84837, 'coordinates': {'latitude': '75.1170', 'longitude': '-144.3851'}, 'timezone': {'offset': '+11:00', 'description': 'Magadan, Solomon Islands, New Caledonia'}}, 'email': 'dorogobug.zhuravel@example.com', 'login': {'uuid': '55fd4a3d-fe2b-40d7-8ce1-99cb1f1f3147', 'username': 'tinybutterfly650', 'password': 'shuan', 'salt': '84lRdZCI', 'md5': 'ac19c09be68c5a6d9fdfb48254e1374e', 'sha1': '4929f8e8fabed92735104ca4c42e9c37000f42d6', 'sha256': '17e0e68c38900afe1e06117210ed4b0383718c3e1eec099ad0a91ce090c0eb0a'}, 'dob': {'date': '1979-02-09T23:13:27.928Z', 'age': 45}, 'registered': {'date': '2018-01-31T01:20:30.072Z', 'age': 6}, 'phone': '(066) Y09-2024', 'cell': '(099) J81-2196', 'id': {'name': '', 'value': None}, 'picture': {'large': 'https://randomuser.me/api/portraits/men/73.jpg', 'medium': 'https://randomuser.me/api/portraits/med/men/73.jpg', 'thumbnail': 'https://randomuser.me/api/portraits/thumb/men/73.jpg'}, 'nat': 'UA'}</msg>
<arg>${json_data['results'][0]}</arg>
<doc>Logs the given message with the given level.</doc>
<status status="PASS" start="2024-04-25T09:14:59.757228" elapsed="0.000422"/>
</kw>
<kw name="Log" owner="BuiltIn">
<msg time="2024-04-25T09:14:59.758065" level="INFO">email</msg>
<arg>${key}</arg>
<doc>Logs the given message with the given level.</doc>
<status status="PASS" start="2024-04-25T09:14:59.757940" elapsed="0.000163"/>
</kw>
<var name="${key}">email</var>
<status status="PASS" start="2024-04-25T09:14:59.756373" elapsed="0.001939"/>
</iter>
<iter>
<kw name="Dictionary Should Contain Key" owner="Collections">
<msg time="2024-04-25T09:14:59.759000" level="INFO">False</msg>
<arg>${json_data['results'][0]}</arg>
<arg>${key}</arg>
<doc>Fails if ``key`` is not found from ``dictionary``.</doc>
<status status="PASS" start="2024-04-25T09:14:59.758595" elapsed="0.000443"/>
</kw>
<kw name="Log" owner="BuiltIn">
<msg time="2024-04-25T09:14:59.759692" level="INFO">{'gender': 'male', 'name': {'title': 'Mr', 'first': 'Dorogobug', 'last': 'Zhuravel'}, 'location': {'street': {'number': 8690, 'name': 'Prospekt Dzyubi'}, 'city': 'Pervomaysk', 'state': 'Donecka', 'country': 'Ukraine', 'postcode': 84837, 'coordinates': {'latitude': '75.1170', 'longitude': '-144.3851'}, 'timezone': {'offset': '+11:00', 'description': 'Magadan, Solomon Islands, New Caledonia'}}, 'email': 'dorogobug.zhuravel@example.com', 'login': {'uuid': '55fd4a3d-fe2b-40d7-8ce1-99cb1f1f3147', 'username': 'tinybutterfly650', 'password': 'shuan', 'salt': '84lRdZCI', 'md5': 'ac19c09be68c5a6d9fdfb48254e1374e', 'sha1': '4929f8e8fabed92735104ca4c42e9c37000f42d6', 'sha256': '17e0e68c38900afe1e06117210ed4b0383718c3e1eec099ad0a91ce090c0eb0a'}, 'dob': {'date': '1979-02-09T23:13:27.928Z', 'age': 45}, 'registered': {'date': '2018-01-31T01:20:30.072Z', 'age': 6}, 'phone': '(066) Y09-2024', 'cell': '(099) J81-2196', 'id': {'name': '', 'value': None}, 'picture': {'large': 'https://randomuser.me/api/portraits/men/73.jpg', 'medium': 'https://randomuser.me/api/portraits/med/men/73.jpg', 'thumbnail': 'https://randomuser.me/api/portraits/thumb/men/73.jpg'}, 'nat': 'UA'}</msg>
<arg>${json_data['results'][0]}</arg>
<doc>Logs the given message with the given level.</doc>
<status status="PASS" start="2024-04-25T09:14:59.759331" elapsed="0.000407"/>
</kw>
<kw name="Log" owner="BuiltIn">
<msg time="2024-04-25T09:14:59.760156" level="INFO">login</msg>
<arg>${key}</arg>
<doc>Logs the given message with the given level.</doc>
<status status="PASS" start="2024-04-25T09:14:59.760033" elapsed="0.000160"/>
</kw>
<var name="${key}">login</var>
<status status="PASS" start="2024-04-25T09:14:59.758484" elapsed="0.001943"/>
</iter>
<var>${key}</var>
<value>@{expected_keys}</value>
<status status="PASS" start="2024-04-25T09:14:59.749806" elapsed="0.010744"/>
</for>
<kw name="Create List" owner="BuiltIn">
<msg time="2024-04-25T09:14:59.760877" level="INFO">${expected_keysTwo} = ['username', 'password']</msg>
<var>${expected_keysTwo}</var>
<arg>username</arg>
<arg>password</arg>
<doc>Returns a list containing given items.</doc>
<status status="PASS" start="2024-04-25T09:14:59.760742" elapsed="0.000158"/>
</kw>
<for flavor="IN">
<iter>
<kw name="Dictionary Should Contain Key" owner="Collections">
<msg time="2024-04-25T09:14:59.761819" level="INFO">False</msg>
<arg>${json_data['results'][0]['login']}</arg>
<arg>${keyTwo}</arg>
<doc>Fails if ``key`` is not found from ``dictionary``.</doc>
<status status="PASS" start="2024-04-25T09:14:59.761428" elapsed="0.000428"/>
</kw>
<kw name="Dictionary Should Contain Key" owner="Collections">
<msg time="2024-04-25T09:14:59.762533" level="INFO">False</msg>
<arg>${json_data['results'][0]['login']}</arg>
<arg>${keyTwo}</arg>
<doc>Fails if ``key`` is not found from ``dictionary``.</doc>
<status status="PASS" start="2024-04-25T09:14:59.762150" elapsed="0.000420"/>
</kw>
<kw name="Log" owner="BuiltIn">
<msg time="2024-04-25T09:14:59.762983" level="INFO">username</msg>
<arg>${keyTwo}</arg>
<doc>Logs the given message with the given level.</doc>
<status status="PASS" start="2024-04-25T09:14:59.762858" elapsed="0.000168"/>
</kw>
<var name="${keyTwo}">username</var>
<status status="PASS" start="2024-04-25T09:14:59.761314" elapsed="0.001923"/>
</iter>
<iter>
<kw name="Dictionary Should Contain Key" owner="Collections">
<msg time="2024-04-25T09:14:59.763900" level="INFO">False</msg>
<arg>${json_data['results'][0]['login']}</arg>
<arg>${keyTwo}</arg>
<doc>Fails if ``key`` is not found from ``dictionary``.</doc>
<status status="PASS" start="2024-04-25T09:14:59.763517" elapsed="0.000424"/>
</kw>
<kw name="Dictionary Should Contain Key" owner="Collections">
<msg time="2024-04-25T09:14:59.764689" level="INFO">False</msg>
<arg>${json_data['results'][0]['login']}</arg>
<arg>${keyTwo}</arg>
<doc>Fails if ``key`` is not found from ``dictionary``.</doc>
<status status="PASS" start="2024-04-25T09:14:59.764230" elapsed="0.000496"/>
</kw>
<kw name="Log" owner="BuiltIn">
<msg time="2024-04-25T09:14:59.765146" level="INFO">password</msg>
<arg>${keyTwo}</arg>
<doc>Logs the given message with the given level.</doc>
<status status="PASS" start="2024-04-25T09:14:59.765020" elapsed="0.000188"/>
</kw>
<var name="${keyTwo}">password</var>
<status status="PASS" start="2024-04-25T09:14:59.763408" elapsed="0.002030"/>
</iter>
<var>${keyTwo}</var>
<value>@{expected_keysTwo}</value>
<status status="PASS" start="2024-04-25T09:14:59.761131" elapsed="0.004427"/>
</for>
<status status="PASS" start="2024-04-25T09:14:59.649428" elapsed="0.116267"/>
</kw>
<doc>Testa a estrutura da resposta da API.</doc>
<tag>testeEstruturaResposta</tag>
<status status="PASS" start="2024-04-25T09:14:59.648925" elapsed="0.116916"/>
</test>
<test id="s1-s1-t4" name="Validar tipos de dados" line="28">
<kw name="Teste de Tipos de Dados" owner="random-user-service">
<kw name="GET On Session" owner="RequestsLibrary">
<msg time="2024-04-25T09:14:59.847139" level="INFO">GET Request : url=https://randomuser.me/api 
 path_url=/api 
 headers={'User-Agent': 'python-requests/2.31.0', 'Accept-Encoding': 'gzip, deflate', 'Accept': '*/*', 'Connection': 'keep-alive'} 
 body=None 
 </msg>
<msg time="2024-04-25T09:14:59.847235" level="INFO">GET Response : url=https://randomuser.me/api 
 status=200, reason=OK 
 headers={'Date': 'Thu, 25 Apr 2024 09:14:59 GMT', 'Content-Type': 'application/json; charset=utf-8', 'Transfer-Encoding': 'chunked', 'Connection': 'keep-alive', 'X-Powered-By': 'Express', 'Access-Control-Allow-Origin': '*', 'Cache-Control': 'no-cache', 'ETag': 'W/"478-22UGi8o1Lpsuc8b7Y8F3YsNIygM"', 'Vary': 'Accept-Encoding', 'Content-Encoding': 'gzip', 'CF-Cache-Status': 'DYNAMIC', 'Report-To': '{"endpoints":[{"url":"https:\\/\\/a.nel.cloudflare.com\\/report\\/v4?s=oz5qlPElNoGr%2Bmn6ZKq18duTUG7xG9gFQpbrChyG7%2Bjk%2BCsmsjumUZD5x7J0O%2BCL6GpcKnkLN95LH%2FEugUUYxljYEc8PQ%2Fs9%2BP8PtgGIMNoDsGTcsQrNw%2FHVeRaE6DRU"}],"group":"cf-nel","max_age":604800}', 'NEL': '{"success_fraction":0,"report_to":"cf-nel","max_age":604800}', 'Server': 'cloudflare', 'CF-RAY': '879d39db8a1210df-ORD', 'alt-svc': 'h3=":443"; ma=86400'} 
 body={"results":[{"gender":"male","name":{"title":"Mr","first":"Barış","last":"Kavaklıoğlu"},"location":{"street":{"number":7112,"name":"Bağdat Cd"},"city":"Ağrı","state":"Kırşehir","country":"Turkey","postcode":34127,"coordinates":{"latitude":"67.6223","longitude":"-122.0500"},"timezone":{"offset":"+9:30","description":"Adelaide, Darwin"}},"email":"baris.kavaklioglu@example.com","login":{"uuid":"27ebd074-370e-4d49-8666-4150cf6f6bb5","username":"happykoala354","password":"goodbye","salt":"nDa41pKF","md5":"81936e271a3ad1d25723ab5ed3fbb603","sha1":"2b3eb2a5f868c83a3277c75c39fae7302ccca82a","sha256":"c0b4640e027aa9b3f668f098a4ae06e000750598925a0424c4179002c773be01"},"dob":{"date":"1949-07-27T22:19:54.228Z","age":74},"registered":{"date":"2009-01-07T20:29:41.609Z","age":15},"phone":"(793)-947-7300","cell":"(498)-095-2128","id":{"name":"","value":null},"picture":{"large":"https://randomuser.me/api/portraits/men/0.jpg","medium":"https://randomuser.me/api/portraits/med/men/0.jpg","thumbnail":"https://randomuser.me/api/portraits/thumb/men/0.jpg"},"nat":"TR"}],"info":{"seed":"5e135420b12b3bee","results":1,"page":1,"version":"1.4"}} 
 </msg>
<msg time="2024-04-25T09:14:59.847340" level="INFO">/opt/hostedtoolcache/Python/3.12.3/x64/lib/python3.12/site-packages/urllib3/connectionpool.py:1103: InsecureRequestWarning: Unverified HTTPS request is being made to host 'randomuser.me'. Adding certificate verification is strongly advised. See: https://urllib3.readthedocs.io/en/latest/advanced-usage.html#tls-warnings
  warnings.warn(</msg>
<msg time="2024-04-25T09:14:59.847469" level="INFO">${response} = &lt;Response [200]&gt;</msg>
<var>${response}</var>
<arg>consultarAPI</arg>
<arg>/api</arg>
<doc>Sends a GET request on a previously created HTTP Session.</doc>
<status status="PASS" start="2024-04-25T09:14:59.768256" elapsed="0.079250"/>
</kw>
<kw name="Set Variable" owner="BuiltIn">
<msg time="2024-04-25T09:14:59.848765" level="INFO">${json_data} = {'results': [{'gender': 'male', 'name': {'title': 'Mr', 'first': 'Barış', 'last': 'Kavaklıoğlu'}, 'location': {'street': {'number': 7112, 'name': 'Bağdat Cd'}, 'city': 'Ağrı', 'state': 'Kırşehir', 'co...</msg>
<var>${json_data}</var>
<arg>${response.json()}</arg>
<doc>Returns the given values which can then be assigned to a variables.</doc>
<status status="PASS" start="2024-04-25T09:14:59.848010" elapsed="0.000801"/>
</kw>
<kw name="Log" owner="BuiltIn">
<msg time="2024-04-25T09:14:59.849503" level="INFO">{'results': [{'gender': 'male', 'name': {'title': 'Mr', 'first': 'Barış', 'last': 'Kavaklıoğlu'}, 'location': {'street': {'number': 7112, 'name': 'Bağdat Cd'}, 'city': 'Ağrı', 'state': 'Kırşehir', 'country': 'Turkey', 'postcode': 34127, 'coordinates': {'latitude': '67.6223', 'longitude': '-122.0500'}, 'timezone': {'offset': '+9:30', 'description': 'Adelaide, Darwin'}}, 'email': 'baris.kavaklioglu@example.com', 'login': {'uuid': '27ebd074-370e-4d49-8666-4150cf6f6bb5', 'username': 'happykoala354', 'password': 'goodbye', 'salt': 'nDa41pKF', 'md5': '81936e271a3ad1d25723ab5ed3fbb603', 'sha1': '2b3eb2a5f868c83a3277c75c39fae7302ccca82a', 'sha256': 'c0b4640e027aa9b3f668f098a4ae06e000750598925a0424c4179002c773be01'}, 'dob': {'date': '1949-07-27T22:19:54.228Z', 'age': 74}, 'registered': {'date': '2009-01-07T20:29:41.609Z', 'age': 15}, 'phone': '(793)-947-7300', 'cell': '(498)-095-2128', 'id': {'name': '', 'value': None}, 'picture': {'large': 'https://randomuser.me/api/portraits/men/0.jpg', 'medium': 'https://randomuser.me/api/portraits/med/men/0.jpg', 'thumbnail': 'https://randomuser.me/api/portraits/thumb/men/0.jpg'}, 'nat': 'TR'}], 'info': {'seed': '5e135420b12b3bee', 'results': 1, 'page': 1, 'version': '1.4'}}</msg>
<arg>${json_data}</arg>
<doc>Logs the given message with the given level.</doc>
<status status="PASS" start="2024-04-25T09:14:59.849272" elapsed="0.000351"/>
</kw>
<kw name="Should Be String" owner="String">
<arg>${json_data['results'][0]['gender']}</arg>
<doc>Fails if the given ``item`` is not a string.</doc>
<status status="PASS" start="2024-04-25T09:14:59.850054" elapsed="0.000598"/>
</kw>
<kw name="Should Match Regexp" owner="BuiltIn">
<arg>${json_data['results'][0]['email']}</arg>
<arg>^[a-zA-Z0-9._%+-]+@[a-zA-Z0-9.-]+\.[a-zA-Z]{2,}$</arg>
<doc>Fails if ``string`` does not match ``pattern`` as a regular expression.</doc>
<status status="PASS" start="2024-04-25T09:14:59.850961" elapsed="0.000841"/>
</kw>
<kw name="Should Match Regexp" owner="BuiltIn">
<arg>${json_data['results'][0]['dob']['date']}</arg>
<arg>\\d{4}-\\d{2}-\\d{2}T\\d{2}:\\d{2}:\\d{2}\\.\\d{3}Z</arg>
<doc>Fails if ``string`` does not match ``pattern`` as a regular expression.</doc>
<status status="PASS" start="2024-04-25T09:14:59.852130" elapsed="0.000816"/>
</kw>
<kw name="Should Match Regexp" owner="BuiltIn">
<arg>${json_data['results'][0]['registered']['date']}</arg>
<arg>\\d{4}-\\d{2}-\\d{2}T\\d{2}:\\d{2}:\\d{2}\\.\\d{3}Z</arg>
<doc>Fails if ``string`` does not match ``pattern`` as a regular expression.</doc>
<status status="PASS" start="2024-04-25T09:14:59.853287" elapsed="0.000628"/>
</kw>
<kw name="Should Match Regexp" owner="BuiltIn">
<arg>${json_data['results'][0]['picture']['large']}</arg>
<arg>^https?://.*\.(?:png|jpe?g|gif|bmp)$</arg>
<doc>Fails if ``string`` does not match ``pattern`` as a regular expression.</doc>
<status status="PASS" start="2024-04-25T09:14:59.854237" elapsed="0.000825"/>
</kw>
<kw name="Should Match Regexp" owner="BuiltIn">
<arg>${json_data['results'][0]['picture']['medium']}</arg>
<arg>^https?://.*\.(?:png|jpe?g|gif|bmp)$</arg>
<doc>Fails if ``string`` does not match ``pattern`` as a regular expression.</doc>
<status status="PASS" start="2024-04-25T09:14:59.855389" elapsed="0.000610"/>
</kw>
<kw name="Should Match Regexp" owner="BuiltIn">
<arg>${json_data['results'][0]['picture']['thumbnail']}</arg>
<arg>^https?://.*\.(?:png|jpe?g|gif|bmp)$</arg>
<doc>Fails if ``string`` does not match ``pattern`` as a regular expression.</doc>
<status status="PASS" start="2024-04-25T09:14:59.856349" elapsed="0.000582"/>
</kw>
<kw name="Log" owner="BuiltIn">
<msg time="2024-04-25T09:14:59.857836" level="INFO">{'large': 'https://randomuser.me/api/portraits/men/0.jpg', 'medium': 'https://randomuser.me/api/portraits/med/men/0.jpg', 'thumbnail': 'https://randomuser.me/api/portraits/thumb/men/0.jpg'}</msg>
<arg>${json_data['results'][0]['picture']}</arg>
<doc>Logs the given message with the given level.</doc>
<status status="PASS" start="2024-04-25T09:14:59.857264" elapsed="0.000635"/>
</kw>
<status status="PASS" start="2024-04-25T09:14:59.768036" elapsed="0.090215"/>
</kw>
<kw name="Teste de Tipos de Dados - Postcode" owner="random-user-service">
<kw name="GET On Session" owner="RequestsLibrary">
<msg time="2024-04-25T09:14:59.942273" level="INFO">GET Request : url=https://randomuser.me/api 
 path_url=/api 
 headers={'User-Agent': 'python-requests/2.31.0', 'Accept-Encoding': 'gzip, deflate', 'Accept': '*/*', 'Connection': 'keep-alive'} 
 body=None 
 </msg>
<msg time="2024-04-25T09:14:59.942337" level="INFO">GET Response : url=https://randomuser.me/api 
 status=200, reason=OK 
 headers={'Date': 'Thu, 25 Apr 2024 09:14:59 GMT', 'Content-Type': 'application/json; charset=utf-8', 'Transfer-Encoding': 'chunked', 'Connection': 'keep-alive', 'X-Powered-By': 'Express', 'Access-Control-Allow-Origin': '*', 'Cache-Control': 'no-cache', 'ETag': 'W/"47f-P6426PoC/0oGHiIM+kBiNxanTio"', 'Vary': 'Accept-Encoding', 'Content-Encoding': 'gzip', 'CF-Cache-Status': 'DYNAMIC', 'Report-To': '{"endpoints":[{"url":"https:\\/\\/a.nel.cloudflare.com\\/report\\/v4?s=d126QFCzi%2Fkpg9Q6hNEi%2FMWLxa5qhySnieV%2FOvOWRctgdGlJblnLOU2spKGbDOqJpoFDd6%2FWxMrfW3kveW6OSI8ofPjIWrdEKoTgvXCQ%2FtJo68Sq36o5dPZyrBmM9GCO"}],"group":"cf-nel","max_age":604800}', 'NEL': '{"success_fraction":0,"report_to":"cf-nel","max_age":604800}', 'Server': 'cloudflare', 'CF-RAY': '879d39dc1ab910df-ORD', 'alt-svc': 'h3=":443"; ma=86400'} 
 body={"results":[{"gender":"female","name":{"title":"Mrs","first":"Anusha","last":"Kouser"},"location":{"street":{"number":1148,"name":"NAD X Rd"},"city":"Haridwar","state":"Karnataka","country":"India","postcode":88009,"coordinates":{"latitude":"6.1852","longitude":"94.5723"},"timezone":{"offset":"-11:00","description":"Midway Island, Samoa"}},"email":"anusha.kouser@example.com","login":{"uuid":"17a01957-dc20-4847-8e33-c463cabbcd25","username":"brownrabbit336","password":"circus","salt":"WjaHsBF5","md5":"aa49d20ce121b6059ec192722e7d820c","sha1":"e6e497ed113466471eb67d5531b24ca917c469db","sha256":"7ddfd44e857fc1851ed76e82f23883160fbd2449b3b1af66b4333375284eb40d"},"dob":{"date":"1968-09-25T12:12:14.087Z","age":55},"registered":{"date":"2006-11-23T01:18:09.171Z","age":17},"phone":"8767813272","cell":"9485848288","id":{"name":"UIDAI","value":"854248454023"},"picture":{"large":"https://randomuser.me/api/portraits/women/75.jpg","medium":"https://randomuser.me/api/portraits/med/women/75.jpg","thumbnail":"https://randomuser.me/api/portraits/thumb/women/75.jpg"},"nat":"IN"}],"info":{"seed":"a05a9c1f0d015192","results":1,"page":1,"version":"1.4"}} 
 </msg>
<msg time="2024-04-25T09:14:59.942392" level="INFO">/opt/hostedtoolcache/Python/3.12.3/x64/lib/python3.12/site-packages/urllib3/connectionpool.py:1103: InsecureRequestWarning: Unverified HTTPS request is being made to host 'randomuser.me'. Adding certificate verification is strongly advised. See: https://urllib3.readthedocs.io/en/latest/advanced-usage.html#tls-warnings
  warnings.warn(</msg>
<msg time="2024-04-25T09:14:59.942484" level="INFO">${response} = &lt;Response [200]&gt;</msg>
<var>${response}</var>
<arg>consultarAPI</arg>
<arg>/api</arg>
<doc>Sends a GET request on a previously created HTTP Session.</doc>
<status status="PASS" start="2024-04-25T09:14:59.858911" elapsed="0.083720"/>
</kw>
<kw name="Set Variable" owner="BuiltIn">
<msg time="2024-04-25T09:14:59.943600" level="INFO">${json_data} = {'results': [{'gender': 'female', 'name': {'title': 'Mrs', 'first': 'Anusha', 'last': 'Kouser'}, 'location': {'street': {'number': 1148, 'name': 'NAD X Rd'}, 'city': 'Haridwar', 'state': 'Karnataka', ...</msg>
<var>${json_data}</var>
<arg>${response.json()}</arg>
<doc>Returns the given values which can then be assigned to a variables.</doc>
<status status="PASS" start="2024-04-25T09:14:59.943076" elapsed="0.000552"/>
</kw>
<kw name="Log" owner="BuiltIn">
<msg time="2024-04-25T09:14:59.944093" level="INFO">{'results': [{'gender': 'female', 'name': {'title': 'Mrs', 'first': 'Anusha', 'last': 'Kouser'}, 'location': {'street': {'number': 1148, 'name': 'NAD X Rd'}, 'city': 'Haridwar', 'state': 'Karnataka', 'country': 'India', 'postcode': 88009, 'coordinates': {'latitude': '6.1852', 'longitude': '94.5723'}, 'timezone': {'offset': '-11:00', 'description': 'Midway Island, Samoa'}}, 'email': 'anusha.kouser@example.com', 'login': {'uuid': '17a01957-dc20-4847-8e33-c463cabbcd25', 'username': 'brownrabbit336', 'password': 'circus', 'salt': 'WjaHsBF5', 'md5': 'aa49d20ce121b6059ec192722e7d820c', 'sha1': 'e6e497ed113466471eb67d5531b24ca917c469db', 'sha256': '7ddfd44e857fc1851ed76e82f23883160fbd2449b3b1af66b4333375284eb40d'}, 'dob': {'date': '1968-09-25T12:12:14.087Z', 'age': 55}, 'registered': {'date': '2006-11-23T01:18:09.171Z', 'age': 17}, 'phone': '8767813272', 'cell': '9485848288', 'id': {'name': 'UIDAI', 'value': '854248454023'}, 'picture': {'large': 'https://randomuser.me/api/portraits/women/75.jpg', 'medium': 'https://randomuser.me/api/portraits/med/women/75.jpg', 'thumbnail': 'https://randomuser.me/api/portraits/thumb/women/75.jpg'}, 'nat': 'IN'}], 'info': {'seed': 'a05a9c1f0d015192', 'results': 1, 'page': 1, 'version': '1.4'}}</msg>
<arg>${json_data}</arg>
<doc>Logs the given message with the given level.</doc>
<status status="PASS" start="2024-04-25T09:14:59.943940" elapsed="0.000229"/>
</kw>
<kw name="Should Be Equal As Numbers" owner="BuiltIn">
<arg>${json_data['results'][0]['location']['postcode']}</arg>
<arg>${json_data['results'][0]['location']['postcode']}</arg>
<doc>Fails if objects are unequal after converting them to real numbers.</doc>
<status status="PASS" start="2024-04-25T09:14:59.944468" elapsed="0.000786"/>
</kw>
<kw name="Log" owner="BuiltIn">
<msg time="2024-04-25T09:14:59.945803" level="INFO">88009</msg>
<arg>${json_data['results'][0]['location']['postcode']}</arg>
<doc>Logs the given message with the given level.</doc>
<status status="PASS" start="2024-04-25T09:14:59.945462" elapsed="0.000383"/>
</kw>
<status status="PASS" start="2024-04-25T09:14:59.858558" elapsed="0.087541"/>
</kw>
<doc>Testa se os tipos de dados na resposta da API estão corretos.</doc>
<tag>testeTiposDados</tag>
<status status="PASS" start="2024-04-25T09:14:59.767614" elapsed="0.178644"/>
</test>
<test id="s1-s1-t5" name="Validar conteudo" line="35">
<kw name="Teste de Tipos de Conteudo" owner="random-user-service">
<kw name="GET On Session" owner="RequestsLibrary">
<msg time="2024-04-25T09:15:00.049451" level="INFO">GET Request : url=https://randomuser.me/api 
 path_url=/api 
 headers={'User-Agent': 'python-requests/2.31.0', 'Accept-Encoding': 'gzip, deflate', 'Accept': '*/*', 'Connection': 'keep-alive'} 
 body=None 
 </msg>
<msg time="2024-04-25T09:15:00.049535" level="INFO">GET Response : url=https://randomuser.me/api 
 status=200, reason=OK 
 headers={'Date': 'Thu, 25 Apr 2024 09:15:00 GMT', 'Content-Type': 'application/json; charset=utf-8', 'Transfer-Encoding': 'chunked', 'Connection': 'keep-alive', 'X-Powered-By': 'Express', 'Access-Control-Allow-Origin': '*', 'Cache-Control': 'no-cache', 'ETag': 'W/"48f-uPaPmCtpCk+Vd7JCswH25QupvWU"', 'Vary': 'Accept-Encoding', 'Content-Encoding': 'gzip', 'CF-Cache-Status': 'DYNAMIC', 'Report-To': '{"endpoints":[{"url":"https:\\/\\/a.nel.cloudflare.com\\/report\\/v4?s=SkiSXsY418551YVP5nkoBikd3iaPPPgBgowiT%2F0C8FQqrmISRvkTU3XmV2VK1ZlHWIkT%2FcRRXs2K%2FJFYI%2BClanJBhd5Ac9oxWraMg09eTWiefqmu6r3baN0YOCR1VXfK"}],"group":"cf-nel","max_age":604800}', 'NEL': '{"success_fraction":0,"report_to":"cf-nel","max_age":604800}', 'Server': 'cloudflare', 'CF-RAY': '879d39dcab1f10df-ORD', 'alt-svc': 'h3=":443"; ma=86400'} 
 body={"results":[{"gender":"female","name":{"title":"Mrs","first":"Rianne","last":"Epskamp"},"location":{"street":{"number":2679,"name":"De Meesterproef"},"city":"Schouwen-Duiveland","state":"Drenthe","country":"Netherlands","postcode":"0937 FR","coordinates":{"latitude":"33.8615","longitude":"20.8001"},"timezone":{"offset":"+5:45","description":"Kathmandu"}},"email":"rianne.epskamp@example.com","login":{"uuid":"c3ac45c1-7c76-4b78-86e0-67d266647e20","username":"angrygorilla504","password":"sword","salt":"XCBTEIYz","md5":"3ee771e9b174c93327880c30c638405e","sha1":"7c4998c068fa3506bd184b59e65eccc6df5e07b1","sha256":"b0b7617f65126ea44a86b8267a468f0b90d14545a2ff11bb3e19720cf78e168d"},"dob":{"date":"1993-09-30T04:03:39.102Z","age":30},"registered":{"date":"2005-02-19T06:48:05.160Z","age":19},"phone":"(043) 2491012","cell":"(06) 89234801","id":{"name":"BSN","value":"65206099"},"picture":{"large":"https://randomuser.me/api/portraits/women/40.jpg","medium":"https://randomuser.me/api/portraits/med/women/40.jpg","thumbnail":"https://randomuser.me/api/portraits/thumb/women/40.jpg"},"nat":"NL"}],"info":{"seed":"665aa74d9004c3b2","results":1,"page":1,"version":"1.4"}} 
 </msg>
<msg time="2024-04-25T09:15:00.049607" level="INFO">/opt/hostedtoolcache/Python/3.12.3/x64/lib/python3.12/site-packages/urllib3/connectionpool.py:1103: InsecureRequestWarning: Unverified HTTPS request is being made to host 'randomuser.me'. Adding certificate verification is strongly advised. See: https://urllib3.readthedocs.io/en/latest/advanced-usage.html#tls-warnings
  warnings.warn(</msg>
<msg time="2024-04-25T09:15:00.049718" level="INFO">${response} = &lt;Response [200]&gt;</msg>
<var>${response}</var>
<arg>consultarAPI</arg>
<arg>/api</arg>
<doc>Sends a GET request on a previously created HTTP Session.</doc>
<status status="PASS" start="2024-04-25T09:14:59.948722" elapsed="0.101049"/>
</kw>
<kw name="Set Variable" owner="BuiltIn">
<msg time="2024-04-25T09:15:00.050826" level="INFO">${json_data} = {'results': [{'gender': 'female', 'name': {'title': 'Mrs', 'first': 'Rianne', 'last': 'Epskamp'}, 'location': {'street': {'number': 2679, 'name': 'De Meesterproef'}, 'city': 'Schouwen-Duiveland', 'sta...</msg>
<var>${json_data}</var>
<arg>${response.json()}</arg>
<doc>Returns the given values which can then be assigned to a variables.</doc>
<status status="PASS" start="2024-04-25T09:15:00.050276" elapsed="0.000579"/>
</kw>
<kw name="Set Variable" owner="BuiltIn">
<msg time="2024-04-25T09:15:00.051546" level="INFO">${name_title} = Mrs</msg>
<var>${name_title}</var>
<arg>${json_data["results"][0]["name"]["title"]}</arg>
<doc>Returns the given values which can then be assigned to a variables.</doc>
<status status="PASS" start="2024-04-25T09:15:00.051161" elapsed="0.000411"/>
</kw>
<kw name="Create List" owner="BuiltIn">
<msg time="2024-04-25T09:15:00.052018" level="INFO">${allowed_titles} = ['Mr', 'Ms', 'Miss', 'Mrs', 'Madame', 'Monsieur']</msg>
<var>${allowed_titles}</var>
<arg>Mr</arg>
<arg>Ms</arg>
<arg>Miss</arg>
<arg>Mrs</arg>
<arg>Madame</arg>
<arg>Monsieur</arg>
<doc>Returns a list containing given items.</doc>
<status status="PASS" start="2024-04-25T09:15:00.051871" elapsed="0.000172"/>
</kw>
<kw name="List Should Contain Value" owner="Collections">
<msg time="2024-04-25T09:15:00.052510" level="INFO">False</msg>
<arg>${allowed_titles}</arg>
<arg>${name_title}</arg>
<doc>Fails if the ``value`` is not found from ``list``.</doc>
<status status="PASS" start="2024-04-25T09:15:00.052344" elapsed="0.000201"/>
</kw>
<kw name="Set Variable" owner="BuiltIn">
<msg time="2024-04-25T09:15:00.053242" level="INFO">${name_country} = NL</msg>
<var>${name_country}</var>
<arg>${json_data["results"][0]["nat"]}</arg>
<doc>Returns the given values which can then be assigned to a variables.</doc>
<status status="PASS" start="2024-04-25T09:15:00.052829" elapsed="0.000441"/>
</kw>
<kw name="Create List" owner="BuiltIn">
<msg time="2024-04-25T09:15:00.054168" level="INFO">${list_country} = ['AD', 'AE', 'AF', 'AG', 'AI', 'AL', 'AM', 'AO', 'AQ', 'AR', 'AS', 'AT', 'AU', 'AW', 'AX', 'AZ', 'BA', 'BB', 'BD', 'BE', 'BF', 'BG', 'BH', 'BI', 'BJ', 'BL', 'BM', 'BN', 'BO', 'BQ', 'BR', 'BS', 'BT', '...</msg>
<var>${list_country}</var>
<arg>AD</arg>
<arg>AE</arg>
<arg>AF</arg>
<arg>AG</arg>
<arg>AI</arg>
<arg>AL</arg>
<arg>AM</arg>
<arg>AO</arg>
<arg>AQ</arg>
<arg>AR</arg>
<arg>AS</arg>
<arg>AT</arg>
<arg>AU</arg>
<arg>AW</arg>
<arg>AX</arg>
<arg>AZ</arg>
<arg>BA</arg>
<arg>BB</arg>
<arg>BD</arg>
<arg>BE</arg>
<arg>BF</arg>
<arg>BG</arg>
<arg>BH</arg>
<arg>BI</arg>
<arg>BJ</arg>
<arg>BL</arg>
<arg>BM</arg>
<arg>BN</arg>
<arg>BO</arg>
<arg>BQ</arg>
<arg>BR</arg>
<arg>BS</arg>
<arg>BT</arg>
<arg>BV</arg>
<arg>BW</arg>
<arg>BY</arg>
<arg>BZ</arg>
<arg>CA</arg>
<arg>CC</arg>
<arg>CD</arg>
<arg>CF</arg>
<arg>CG</arg>
<arg>CH</arg>
<arg>CI</arg>
<arg>CK</arg>
<arg>CL</arg>
<arg>CM</arg>
<arg>CN</arg>
<arg>CO</arg>
<arg>CR</arg>
<arg>CU</arg>
<arg>CV</arg>
<arg>CW</arg>
<arg>CX</arg>
<arg>CY</arg>
<arg>CZ</arg>
<arg>DE</arg>
<arg>DJ</arg>
<arg>DK</arg>
<arg>DM</arg>
<arg>DO</arg>
<arg>DZ</arg>
<arg>EC</arg>
<arg>EE</arg>
<arg>EG</arg>
<arg>EH</arg>
<arg>ER</arg>
<arg>ES</arg>
<arg>ET</arg>
<arg>FI</arg>
<arg>FJ</arg>
<arg>FK</arg>
<arg>FM</arg>
<arg>FO</arg>
<arg>FR</arg>
<arg>GA</arg>
<arg>GB</arg>
<arg>GD</arg>
<arg>GE</arg>
<arg>GF</arg>
<arg>GG</arg>
<arg>GH</arg>
<arg>GI</arg>
<arg>GL</arg>
<arg>GM</arg>
<arg>GN</arg>
<arg>GP</arg>
<arg>GQ</arg>
<arg>GR</arg>
<arg>GS</arg>
<arg>GT</arg>
<arg>GU</arg>
<arg>GW</arg>
<arg>GY</arg>
<arg>HK</arg>
<arg>HM</arg>
<arg>HN</arg>
<arg>HR</arg>
<arg>HT</arg>
<arg>HU</arg>
<arg>ID</arg>
<arg>IE</arg>
<arg>IL</arg>
<arg>IM</arg>
<arg>IN</arg>
<arg>IO</arg>
<arg>IQ</arg>
<arg>IR</arg>
<arg>IS</arg>
<arg>IT</arg>
<arg>JE</arg>
<arg>JM</arg>
<arg>JO</arg>
<arg>JP</arg>
<arg>KE</arg>
<arg>KG</arg>
<arg>KH</arg>
<arg>KI</arg>
<arg>KM</arg>
<arg>KN</arg>
<arg>KP</arg>
<arg>KR</arg>
<arg>KW</arg>
<arg>KY</arg>
<arg>KZ</arg>
<arg>LA</arg>
<arg>LB</arg>
<arg>LC</arg>
<arg>LI</arg>
<arg>LK</arg>
<arg>LR</arg>
<arg>LS</arg>
<arg>LT</arg>
<arg>LU</arg>
<arg>LV</arg>
<arg>LY</arg>
<arg>MA</arg>
<arg>MC</arg>
<arg>MD</arg>
<arg>ME</arg>
<arg>MF</arg>
<arg>MG</arg>
<arg>MH</arg>
<arg>MK</arg>
<arg>ML</arg>
<arg>MM</arg>
<arg>MN</arg>
<arg>MO</arg>
<arg>MP</arg>
<arg>MQ</arg>
<arg>MR</arg>
<arg>MS</arg>
<arg>MT</arg>
<arg>MU</arg>
<arg>MV</arg>
<arg>MW</arg>
<arg>MX</arg>
<arg>MY</arg>
<arg>MZ</arg>
<arg>NA</arg>
<arg>NC</arg>
<arg>NE</arg>
<arg>NF</arg>
<arg>NG</arg>
<arg>NI</arg>
<arg>NL</arg>
<arg>NO</arg>
<arg>NP</arg>
<arg>NR</arg>
<arg>NU</arg>
<arg>NZ</arg>
<arg>OM</arg>
<arg>PA</arg>
<arg>PE</arg>
<arg>PF</arg>
<arg>PG</arg>
<arg>PH</arg>
<arg>PK</arg>
<arg>PL</arg>
<arg>PM</arg>
<arg>PN</arg>
<arg>PR</arg>
<arg>PS</arg>
<arg>PT</arg>
<arg>PW</arg>
<arg>PY</arg>
<arg>QA</arg>
<arg>RE</arg>
<arg>RO</arg>
<arg>RS</arg>
<arg>RU</arg>
<arg>RW</arg>
<arg>SA</arg>
<arg>SB</arg>
<arg>SC</arg>
<arg>SD</arg>
<arg>SE</arg>
<arg>SG</arg>
<arg>SH</arg>
<arg>SI</arg>
<arg>SJ</arg>
<arg>SK</arg>
<arg>SL</arg>
<arg>SM</arg>
<arg>SN</arg>
<arg>SO</arg>
<arg>SR</arg>
<arg>SS</arg>
<arg>ST</arg>
<arg>SV</arg>
<arg>SX</arg>
<arg>SY</arg>
<arg>SZ</arg>
<arg>TC</arg>
<arg>TD</arg>
<arg>TF</arg>
<arg>TG</arg>
<arg>TH</arg>
<arg>TJ</arg>
<arg>TK</arg>
<arg>TL</arg>
<arg>TM</arg>
<arg>TN</arg>
<arg>TO</arg>
<arg>TR</arg>
<arg>TT</arg>
<arg>TV</arg>
<arg>TW</arg>
<arg>TZ</arg>
<arg>UA</arg>
<arg>UG</arg>
<arg>UM</arg>
<arg>US</arg>
<arg>UY</arg>
<arg>UZ</arg>
<arg>VA</arg>
<arg>VC</arg>
<arg>VE</arg>
<arg>VG</arg>
<arg>VI</arg>
<arg>VN</arg>
<arg>VU</arg>
<arg>WF</arg>
<arg>WS</arg>
<arg>XK</arg>
<arg>YE</arg>
<arg>YT</arg>
<arg>ZA</arg>
<arg>ZM</arg>
<arg>ZW</arg>
<doc>Returns a list containing given items.</doc>
<status status="PASS" start="2024-04-25T09:15:00.053585" elapsed="0.000609"/>
</kw>
<kw name="List Should Contain Value" owner="Collections">
<msg time="2024-04-25T09:15:00.055181" level="INFO">False</msg>
<arg>${list_country}</arg>
<arg>${name_country}</arg>
<doc>Fails if the ``value`` is not found from ``list``.</doc>
<status status="PASS" start="2024-04-25T09:15:00.054982" elapsed="0.000235"/>
</kw>
<kw name="Run Keyword If" owner="BuiltIn">
<kw name="Should Be True" owner="BuiltIn">
<arg>${True}</arg>
<doc>Fails if the given condition is not true.</doc>
<status status="PASS" start="2024-04-25T09:15:00.056273" elapsed="0.000142"/>
</kw>
<arg>${json_data["results"][0]["location"]["coordinates"]["latitude"]} &gt;= -90 and ${json_data["results"][0]["location"]["coordinates"]["latitude"]} &lt;= 90</arg>
<arg>Should Be True</arg>
<arg>${True}</arg>
<doc>Runs the given keyword with the given arguments, if ``condition`` is true.</doc>
<status status="PASS" start="2024-04-25T09:15:00.055524" elapsed="0.001017"/>
</kw>
<kw name="Run Keyword If" owner="BuiltIn">
<kw name="Should Be True" owner="BuiltIn">
<arg>${True}</arg>
<doc>Fails if the given condition is not true.</doc>
<status status="PASS" start="2024-04-25T09:15:00.057468" elapsed="0.000245"/>
</kw>
<arg>${json_data["results"][0]["location"]["coordinates"]["longitude"]} &gt;= -180 and ${json_data["results"][0]["location"]["coordinates"]["longitude"]} &lt;= 180</arg>
<arg>Should Be True</arg>
<arg>${True}</arg>
<doc>Runs the given keyword with the given arguments, if ``condition`` is true.</doc>
<status status="PASS" start="2024-04-25T09:15:00.056733" elapsed="0.001108"/>
</kw>
<status status="PASS" start="2024-04-25T09:14:59.948497" elapsed="0.109473"/>
</kw>
<doc>Testa o conteúdo específico dos campos retornados pela API.</doc>
<tag>testeConteudo</tag>
<status status="PASS" start="2024-04-25T09:14:59.947986" elapsed="0.110126"/>
</test>
<status status="PASS" start="2024-04-25T09:14:59.265933" elapsed="0.794118"/>
</suite>
<status status="PASS" start="2024-04-25T09:14:59.252267" elapsed="0.813022"/>
</suite>
<statistics>
<total>
<stat pass="5" fail="0" skip="0">All Tests</stat>
</total>
<tag>
<stat pass="1" fail="0" skip="0">testeConteudo</stat>
<stat pass="1" fail="0" skip="0">testeEstruturaResposta</stat>
<stat pass="1" fail="0" skip="0">testeRequisicaoBasica</stat>
<stat pass="1" fail="0" skip="0">testeTiposDados</stat>
</tag>
<suite>
<stat pass="5" fail="0" skip="0" id="s1" name="Tests">Tests</stat>
<stat pass="5" fail="0" skip="0" id="s1-s1" name="Random-User-Test">Tests.Random-User-Test</stat>
</suite>
</statistics>
<errors>
</errors>
</robot>
