<?xml version="1.0" encoding="UTF-8"?>
<robot generator="Robot 7.0 (Python 3.12.2 on linux)" generated="2024-03-31T15:12:25.289049" rpa="false" schemaversion="5">
<suite id="s1" name="Tests" source="/home/runner/work/DesafioQAItauRogerioJordao/DesafioQAItauRogerioJordao/RamdonUser/tests">
<suite id="s1-s1" name="Random-User-Test" source="/home/runner/work/DesafioQAItauRogerioJordao/DesafioQAItauRogerioJordao/RamdonUser/tests/random-user-test.robot">
<test id="s1-s1-t1" name="Conectar" line="13">
<kw name="Conectar API" owner="random-user-service">
<kw name="Create Session" owner="RequestsLibrary">
<msg time="2024-03-31T15:12:25.661610" level="INFO">Creating Session using : alias=consultarAPI, url=https://randomuser.me/, headers={},                     cookies={}, auth=None, timeout=None, proxies=None, verify=False,                     debug=0 </msg>
<arg>consultarAPI</arg>
<arg>${URL}</arg>
<doc>Create Session: create a HTTP session to a server</doc>
<status status="PASS" start="2024-03-31T15:12:25.661413" elapsed="0.000366"/>
</kw>
<status status="PASS" start="2024-03-31T15:12:25.660416" elapsed="0.001713"/>
</kw>
<status status="PASS" start="2024-03-31T15:12:25.659813" elapsed="0.002517"/>
</test>
<test id="s1-s1-t2" name="Validar retorno 200 e JSON Válido" line="16">
<kw name="Teste de Requisicao Basica" owner="random-user-service">
<kw name="GET On Session" owner="RequestsLibrary">
<msg time="2024-03-31T15:12:25.750158" level="INFO">GET Request : url=https://randomuser.me/api 
 path_url=/api 
 headers={'User-Agent': 'python-requests/2.31.0', 'Accept-Encoding': 'gzip, deflate', 'Accept': '*/*', 'Connection': 'keep-alive'} 
 body=None 
 </msg>
<msg time="2024-03-31T15:12:25.750281" level="INFO">GET Response : url=https://randomuser.me/api 
 status=200, reason=OK 
 headers={'Date': 'Sun, 31 Mar 2024 15:12:25 GMT', 'Content-Type': 'application/json; charset=utf-8', 'Transfer-Encoding': 'chunked', 'Connection': 'keep-alive', 'X-Powered-By': 'Express', 'Access-Control-Allow-Origin': '*', 'Cache-Control': 'no-cache', 'ETag': 'W/"47d-eDI4y/OWIwQxWCVis4Mh9wA3xEs"', 'Vary': 'Accept-Encoding', 'Content-Encoding': 'gzip', 'CF-Cache-Status': 'DYNAMIC', 'Report-To': '{"endpoints":[{"url":"https:\\/\\/a.nel.cloudflare.com\\/report\\/v4?s=vVDNCXBl1O%2FAb2EI7p6HYNR0G6sKAllrcZpu7x3IGu8Gs%2F9ZyRGCoToaW512%2BwGgSHPQnoFo66xX0aySA1RzfWPZ7nEM%2BOrS9Zct84z%2FE2FsIIjlbt%2BueBcGQoy%2FWMru"}],"group":"cf-nel","max_age":604800}', 'NEL': '{"success_fraction":0,"report_to":"cf-nel","max_age":604800}', 'Server': 'cloudflare', 'CF-RAY': '86d14710ae720841-IAD', 'alt-svc': 'h3=":443"; ma=86400'} 
 body={"results":[{"gender":"female","name":{"title":"Ms","first":"Clenira","last":"Caldeira"},"location":{"street":{"number":5408,"name":"Rua Dois"},"city":"Caucaia","state":"Paraná","country":"Brazil","postcode":67234,"coordinates":{"latitude":"-73.3053","longitude":"4.1262"},"timezone":{"offset":"+5:45","description":"Kathmandu"}},"email":"clenira.caldeira@example.com","login":{"uuid":"21ac8438-a11d-4bdc-8911-75bbf3706740","username":"bigladybug416","password":"admin1","salt":"fe2S1XXL","md5":"4d0c2656070c5f581818a4872ab9a667","sha1":"d9f367af5f6a01069d585b6a0feacd304c25cc97","sha256":"de031fe5ae73e8e0f02fc2bd2db4d0db16b966dac24da0d9f8cac4c7bc34b742"},"dob":{"date":"1986-11-01T19:30:36.311Z","age":37},"registered":{"date":"2016-02-18T03:33:54.418Z","age":8},"phone":"(24) 0442-0852","cell":"(75) 3927-1882","id":{"name":"CPF","value":"092.935.351-05"},"picture":{"large":"https://randomuser.me/api/portraits/women/96.jpg","medium":"https://randomuser.me/api/portraits/med/women/96.jpg","thumbnail":"https://randomuser.me/api/portraits/thumb/women/96.jpg"},"nat":"BR"}],"info":{"seed":"733b177a67610ed8","results":1,"page":1,"version":"1.4"}} 
 </msg>
<msg time="2024-03-31T15:12:25.750382" level="INFO">/opt/hostedtoolcache/Python/3.12.2/x64/lib/python3.12/site-packages/urllib3/connectionpool.py:1103: InsecureRequestWarning: Unverified HTTPS request is being made to host 'randomuser.me'. Adding certificate verification is strongly advised. See: https://urllib3.readthedocs.io/en/latest/advanced-usage.html#tls-warnings
  warnings.warn(</msg>
<msg time="2024-03-31T15:12:25.750511" level="INFO">${response} = &lt;Response [200]&gt;</msg>
<var>${response}</var>
<arg>consultarAPI</arg>
<arg>/api</arg>
<doc>Sends a GET request on a previously created HTTP Session.</doc>
<status status="PASS" start="2024-03-31T15:12:25.664968" elapsed="0.085573"/>
</kw>
<kw name="Should Be Equal As Numbers" owner="BuiltIn">
<msg time="2024-03-31T15:12:25.751357" level="INFO">Argument types are:
&lt;class 'int'&gt;
&lt;class 'str'&gt;</msg>
<arg>${response.status_code}</arg>
<arg>200</arg>
<doc>Fails if objects are unequal after converting them to real numbers.</doc>
<status status="PASS" start="2024-03-31T15:12:25.750946" elapsed="0.000474"/>
</kw>
<kw name="Log" owner="BuiltIn">
<msg time="2024-03-31T15:12:25.752104" level="INFO">200</msg>
<arg>${response.status_code}</arg>
<doc>Logs the given message with the given level.</doc>
<status status="PASS" start="2024-03-31T15:12:25.751747" elapsed="0.000399"/>
</kw>
<kw name="Set Variable" owner="BuiltIn">
<msg time="2024-03-31T15:12:25.752929" level="INFO">${json_data} = {'results': [{'gender': 'female', 'name': {'title': 'Ms', 'first': 'Clenira', 'last': 'Caldeira'}, 'location': {'street': {'number': 5408, 'name': 'Rua Dois'}, 'city': 'Caucaia', 'state': 'Paraná', 'c...</msg>
<var>${json_data}</var>
<arg>${response.json()}</arg>
<doc>Returns the given values which can then be assigned to a variables.</doc>
<status status="PASS" start="2024-03-31T15:12:25.752485" elapsed="0.000473"/>
</kw>
<kw name="Dictionary Should Contain Key" owner="Collections">
<msg time="2024-03-31T15:12:25.753424" level="INFO">False</msg>
<arg>${json_data}</arg>
<arg>results</arg>
<doc>Fails if ``key`` is not found from ``dictionary``.</doc>
<status status="PASS" start="2024-03-31T15:12:25.753257" elapsed="0.000206"/>
</kw>
<status status="PASS" start="2024-03-31T15:12:25.664721" elapsed="0.088999"/>
</kw>
<doc>Testa se a API responde corretamente e retorna um objeto JSON válido.</doc>
<tag>testeRequisicaoBasica</tag>
<status status="PASS" start="2024-03-31T15:12:25.664201" elapsed="0.089698"/>
</test>
<test id="s1-s1-t3" name="Validar estrutura de resposta" line="22">
<kw name="Teste de Estrutura de Resposta" owner="random-user-service">
<kw name="GET On Session" owner="RequestsLibrary">
<msg time="2024-03-31T15:12:25.847893" level="INFO">GET Request : url=https://randomuser.me/api 
 path_url=/api 
 headers={'User-Agent': 'python-requests/2.31.0', 'Accept-Encoding': 'gzip, deflate', 'Accept': '*/*', 'Connection': 'keep-alive'} 
 body=None 
 </msg>
<msg time="2024-03-31T15:12:25.847977" level="INFO">GET Response : url=https://randomuser.me/api 
 status=200, reason=OK 
 headers={'Date': 'Sun, 31 Mar 2024 15:12:25 GMT', 'Content-Type': 'application/json; charset=utf-8', 'Transfer-Encoding': 'chunked', 'Connection': 'keep-alive', 'X-Powered-By': 'Express', 'Access-Control-Allow-Origin': '*', 'Cache-Control': 'no-cache', 'ETag': 'W/"490-xJQ35i2JuXeottdTP3ykHlCoq28"', 'Vary': 'Accept-Encoding', 'Content-Encoding': 'gzip', 'CF-Cache-Status': 'DYNAMIC', 'Report-To': '{"endpoints":[{"url":"https:\\/\\/a.nel.cloudflare.com\\/report\\/v4?s=xiEbZAEJYauHZWDJr5FGIklDFSJU2A2r8DWvMDpoqWnl3yTwrBWEuMdutlc5u11SriaKIsaOGQejNF1WNgBJj7KSnJ8BvlhlznhBueFqcEq7DAV6Ok7CrZq2coqlvMp3"}],"group":"cf-nel","max_age":604800}', 'NEL': '{"success_fraction":0,"report_to":"cf-nel","max_age":604800}', 'Server': 'cloudflare', 'CF-RAY': '86d147110ec50841-IAD', 'alt-svc': 'h3=":443"; ma=86400'} 
 body={"results":[{"gender":"female","name":{"title":"Mrs","first":"Natalia","last":"Aguilar"},"location":{"street":{"number":9624,"name":"Paseo de Extremadura"},"city":"Córdoba","state":"Castilla la Mancha","country":"Spain","postcode":30246,"coordinates":{"latitude":"-32.6582","longitude":"32.0571"},"timezone":{"offset":"+9:30","description":"Adelaide, Darwin"}},"email":"natalia.aguilar@example.com","login":{"uuid":"b06efe34-34d0-4c9f-85d0-43832f9f3f69","username":"angryfish292","password":"sushi","salt":"s1aXJ8au","md5":"085dd89701fda8765309b6ffa5076332","sha1":"f12e9c5cfaa5f6772a86c0aad758c98bd3347a78","sha256":"8c1b58a89009e3080473aef635ff6a70d255dde531b7f28d577da9f6186d7c8d"},"dob":{"date":"1976-04-07T12:55:38.195Z","age":47},"registered":{"date":"2006-01-02T13:18:12.331Z","age":18},"phone":"995-929-465","cell":"607-753-627","id":{"name":"DNI","value":"50966423-Z"},"picture":{"large":"https://randomuser.me/api/portraits/women/17.jpg","medium":"https://randomuser.me/api/portraits/med/women/17.jpg","thumbnail":"https://randomuser.me/api/portraits/thumb/women/17.jpg"},"nat":"ES"}],"info":{"seed":"29d06d0200f8b37f","results":1,"page":1,"version":"1.4"}} 
 </msg>
<msg time="2024-03-31T15:12:25.848108" level="INFO">/opt/hostedtoolcache/Python/3.12.2/x64/lib/python3.12/site-packages/urllib3/connectionpool.py:1103: InsecureRequestWarning: Unverified HTTPS request is being made to host 'randomuser.me'. Adding certificate verification is strongly advised. See: https://urllib3.readthedocs.io/en/latest/advanced-usage.html#tls-warnings
  warnings.warn(</msg>
<msg time="2024-03-31T15:12:25.848248" level="INFO">${response} = &lt;Response [200]&gt;</msg>
<var>${response}</var>
<arg>consultarAPI</arg>
<arg>/api</arg>
<doc>Sends a GET request on a previously created HTTP Session.</doc>
<status status="PASS" start="2024-03-31T15:12:25.756533" elapsed="0.091751"/>
</kw>
<kw name="Set Variable" owner="BuiltIn">
<msg time="2024-03-31T15:12:25.849157" level="INFO">${json_data} = {'results': [{'gender': 'female', 'name': {'title': 'Mrs', 'first': 'Natalia', 'last': 'Aguilar'}, 'location': {'street': {'number': 9624, 'name': 'Paseo de Extremadura'}, 'city': 'Córdoba', 'state': ...</msg>
<var>${json_data}</var>
<arg>${response.json()}</arg>
<doc>Returns the given values which can then be assigned to a variables.</doc>
<status status="PASS" start="2024-03-31T15:12:25.848684" elapsed="0.000502"/>
</kw>
<kw name="Log" owner="BuiltIn">
<msg time="2024-03-31T15:12:25.849652" level="INFO">{'results': [{'gender': 'female', 'name': {'title': 'Mrs', 'first': 'Natalia', 'last': 'Aguilar'}, 'location': {'street': {'number': 9624, 'name': 'Paseo de Extremadura'}, 'city': 'Córdoba', 'state': 'Castilla la Mancha', 'country': 'Spain', 'postcode': 30246, 'coordinates': {'latitude': '-32.6582', 'longitude': '32.0571'}, 'timezone': {'offset': '+9:30', 'description': 'Adelaide, Darwin'}}, 'email': 'natalia.aguilar@example.com', 'login': {'uuid': 'b06efe34-34d0-4c9f-85d0-43832f9f3f69', 'username': 'angryfish292', 'password': 'sushi', 'salt': 's1aXJ8au', 'md5': '085dd89701fda8765309b6ffa5076332', 'sha1': 'f12e9c5cfaa5f6772a86c0aad758c98bd3347a78', 'sha256': '8c1b58a89009e3080473aef635ff6a70d255dde531b7f28d577da9f6186d7c8d'}, 'dob': {'date': '1976-04-07T12:55:38.195Z', 'age': 47}, 'registered': {'date': '2006-01-02T13:18:12.331Z', 'age': 18}, 'phone': '995-929-465', 'cell': '607-753-627', 'id': {'name': 'DNI', 'value': '50966423-Z'}, 'picture': {'large': 'https://randomuser.me/api/portraits/women/17.jpg', 'medium': 'https://randomuser.me/api/portraits/med/women/17.jpg', 'thumbnail': 'https://randomuser.me/api/portraits/thumb/women/17.jpg'}, 'nat': 'ES'}], 'info': {'seed': '29d06d0200f8b37f', 'results': 1, 'page': 1, 'version': '1.4'}}</msg>
<arg>${json_data}</arg>
<doc>Logs the given message with the given level.</doc>
<status status="PASS" start="2024-03-31T15:12:25.849493" elapsed="0.000208"/>
</kw>
<kw name="Dictionary Should Contain Key" owner="Collections">
<msg time="2024-03-31T15:12:25.850161" level="INFO">False</msg>
<arg>${json_data}</arg>
<arg>results</arg>
<doc>Fails if ``key`` is not found from ``dictionary``.</doc>
<status status="PASS" start="2024-03-31T15:12:25.850007" elapsed="0.000191"/>
</kw>
<kw name="Should Not Be Empty" owner="BuiltIn">
<msg time="2024-03-31T15:12:25.850626" level="INFO">Length is 2.</msg>
<arg>${json_data}</arg>
<doc>Verifies that the given item is not empty.</doc>
<status status="PASS" start="2024-03-31T15:12:25.850494" elapsed="0.000169"/>
</kw>
<kw name="Create List" owner="BuiltIn">
<msg time="2024-03-31T15:12:25.851139" level="INFO">${expected_keys} = ['gender', 'name', 'location', 'email', 'login']</msg>
<var>${expected_keys}</var>
<arg>gender</arg>
<arg>name</arg>
<arg>location</arg>
<arg>email</arg>
<arg>login</arg>
<doc>Returns a list containing given items.</doc>
<status status="PASS" start="2024-03-31T15:12:25.850993" elapsed="0.000170"/>
</kw>
<for flavor="IN">
<iter>
<kw name="Dictionary Should Contain Key" owner="Collections">
<msg time="2024-03-31T15:12:25.852120" level="INFO">False</msg>
<arg>${json_data['results'][0]}</arg>
<arg>${key}</arg>
<doc>Fails if ``key`` is not found from ``dictionary``.</doc>
<status status="PASS" start="2024-03-31T15:12:25.851724" elapsed="0.000435"/>
</kw>
<kw name="Log" owner="BuiltIn">
<msg time="2024-03-31T15:12:25.852847" level="INFO">{'gender': 'female', 'name': {'title': 'Mrs', 'first': 'Natalia', 'last': 'Aguilar'}, 'location': {'street': {'number': 9624, 'name': 'Paseo de Extremadura'}, 'city': 'Córdoba', 'state': 'Castilla la Mancha', 'country': 'Spain', 'postcode': 30246, 'coordinates': {'latitude': '-32.6582', 'longitude': '32.0571'}, 'timezone': {'offset': '+9:30', 'description': 'Adelaide, Darwin'}}, 'email': 'natalia.aguilar@example.com', 'login': {'uuid': 'b06efe34-34d0-4c9f-85d0-43832f9f3f69', 'username': 'angryfish292', 'password': 'sushi', 'salt': 's1aXJ8au', 'md5': '085dd89701fda8765309b6ffa5076332', 'sha1': 'f12e9c5cfaa5f6772a86c0aad758c98bd3347a78', 'sha256': '8c1b58a89009e3080473aef635ff6a70d255dde531b7f28d577da9f6186d7c8d'}, 'dob': {'date': '1976-04-07T12:55:38.195Z', 'age': 47}, 'registered': {'date': '2006-01-02T13:18:12.331Z', 'age': 18}, 'phone': '995-929-465', 'cell': '607-753-627', 'id': {'name': 'DNI', 'value': '50966423-Z'}, 'picture': {'large': 'https://randomuser.me/api/portraits/women/17.jpg', 'medium': 'https://randomuser.me/api/portraits/med/women/17.jpg', 'thumbnail': 'https://randomuser.me/api/portraits/thumb/women/17.jpg'}, 'nat': 'ES'}</msg>
<arg>${json_data['results'][0]}</arg>
<doc>Logs the given message with the given level.</doc>
<status status="PASS" start="2024-03-31T15:12:25.852463" elapsed="0.000439"/>
</kw>
<kw name="Log" owner="BuiltIn">
<msg time="2024-03-31T15:12:25.853334" level="INFO">gender</msg>
<arg>${key}</arg>
<doc>Logs the given message with the given level.</doc>
<status status="PASS" start="2024-03-31T15:12:25.853206" elapsed="0.000166"/>
</kw>
<var name="${key}">gender</var>
<status status="PASS" start="2024-03-31T15:12:25.851602" elapsed="0.001990"/>
</iter>
<iter>
<kw name="Dictionary Should Contain Key" owner="Collections">
<msg time="2024-03-31T15:12:25.854287" level="INFO">False</msg>
<arg>${json_data['results'][0]}</arg>
<arg>${key}</arg>
<doc>Fails if ``key`` is not found from ``dictionary``.</doc>
<status status="PASS" start="2024-03-31T15:12:25.853904" elapsed="0.000420"/>
</kw>
<kw name="Log" owner="BuiltIn">
<msg time="2024-03-31T15:12:25.855030" level="INFO">{'gender': 'female', 'name': {'title': 'Mrs', 'first': 'Natalia', 'last': 'Aguilar'}, 'location': {'street': {'number': 9624, 'name': 'Paseo de Extremadura'}, 'city': 'Córdoba', 'state': 'Castilla la Mancha', 'country': 'Spain', 'postcode': 30246, 'coordinates': {'latitude': '-32.6582', 'longitude': '32.0571'}, 'timezone': {'offset': '+9:30', 'description': 'Adelaide, Darwin'}}, 'email': 'natalia.aguilar@example.com', 'login': {'uuid': 'b06efe34-34d0-4c9f-85d0-43832f9f3f69', 'username': 'angryfish292', 'password': 'sushi', 'salt': 's1aXJ8au', 'md5': '085dd89701fda8765309b6ffa5076332', 'sha1': 'f12e9c5cfaa5f6772a86c0aad758c98bd3347a78', 'sha256': '8c1b58a89009e3080473aef635ff6a70d255dde531b7f28d577da9f6186d7c8d'}, 'dob': {'date': '1976-04-07T12:55:38.195Z', 'age': 47}, 'registered': {'date': '2006-01-02T13:18:12.331Z', 'age': 18}, 'phone': '995-929-465', 'cell': '607-753-627', 'id': {'name': 'DNI', 'value': '50966423-Z'}, 'picture': {'large': 'https://randomuser.me/api/portraits/women/17.jpg', 'medium': 'https://randomuser.me/api/portraits/med/women/17.jpg', 'thumbnail': 'https://randomuser.me/api/portraits/thumb/women/17.jpg'}, 'nat': 'ES'}</msg>
<arg>${json_data['results'][0]}</arg>
<doc>Logs the given message with the given level.</doc>
<status status="PASS" start="2024-03-31T15:12:25.854650" elapsed="0.000429"/>
</kw>
<kw name="Log" owner="BuiltIn">
<msg time="2024-03-31T15:12:25.855509" level="INFO">name</msg>
<arg>${key}</arg>
<doc>Logs the given message with the given level.</doc>
<status status="PASS" start="2024-03-31T15:12:25.855380" elapsed="0.000166"/>
</kw>
<var name="${key}">name</var>
<status status="PASS" start="2024-03-31T15:12:25.853790" elapsed="0.001970"/>
</iter>
<iter>
<kw name="Dictionary Should Contain Key" owner="Collections">
<msg time="2024-03-31T15:12:25.856432" level="INFO">False</msg>
<arg>${json_data['results'][0]}</arg>
<arg>${key}</arg>
<doc>Fails if ``key`` is not found from ``dictionary``.</doc>
<status status="PASS" start="2024-03-31T15:12:25.856049" elapsed="0.000421"/>
</kw>
<kw name="Log" owner="BuiltIn">
<msg time="2024-03-31T15:12:25.857120" level="INFO">{'gender': 'female', 'name': {'title': 'Mrs', 'first': 'Natalia', 'last': 'Aguilar'}, 'location': {'street': {'number': 9624, 'name': 'Paseo de Extremadura'}, 'city': 'Córdoba', 'state': 'Castilla la Mancha', 'country': 'Spain', 'postcode': 30246, 'coordinates': {'latitude': '-32.6582', 'longitude': '32.0571'}, 'timezone': {'offset': '+9:30', 'description': 'Adelaide, Darwin'}}, 'email': 'natalia.aguilar@example.com', 'login': {'uuid': 'b06efe34-34d0-4c9f-85d0-43832f9f3f69', 'username': 'angryfish292', 'password': 'sushi', 'salt': 's1aXJ8au', 'md5': '085dd89701fda8765309b6ffa5076332', 'sha1': 'f12e9c5cfaa5f6772a86c0aad758c98bd3347a78', 'sha256': '8c1b58a89009e3080473aef635ff6a70d255dde531b7f28d577da9f6186d7c8d'}, 'dob': {'date': '1976-04-07T12:55:38.195Z', 'age': 47}, 'registered': {'date': '2006-01-02T13:18:12.331Z', 'age': 18}, 'phone': '995-929-465', 'cell': '607-753-627', 'id': {'name': 'DNI', 'value': '50966423-Z'}, 'picture': {'large': 'https://randomuser.me/api/portraits/women/17.jpg', 'medium': 'https://randomuser.me/api/portraits/med/women/17.jpg', 'thumbnail': 'https://randomuser.me/api/portraits/thumb/women/17.jpg'}, 'nat': 'ES'}</msg>
<arg>${json_data['results'][0]}</arg>
<doc>Logs the given message with the given level.</doc>
<status status="PASS" start="2024-03-31T15:12:25.856765" elapsed="0.000409"/>
</kw>
<kw name="Log" owner="BuiltIn">
<msg time="2024-03-31T15:12:25.857599" level="INFO">location</msg>
<arg>${key}</arg>
<doc>Logs the given message with the given level.</doc>
<status status="PASS" start="2024-03-31T15:12:25.857473" elapsed="0.000163"/>
</kw>
<var name="${key}">location</var>
<status status="PASS" start="2024-03-31T15:12:25.855938" elapsed="0.001914"/>
</iter>
<iter>
<kw name="Dictionary Should Contain Key" owner="Collections">
<msg time="2024-03-31T15:12:25.858515" level="INFO">False</msg>
<arg>${json_data['results'][0]}</arg>
<arg>${key}</arg>
<doc>Fails if ``key`` is not found from ``dictionary``.</doc>
<status status="PASS" start="2024-03-31T15:12:25.858143" elapsed="0.000409"/>
</kw>
<kw name="Log" owner="BuiltIn">
<msg time="2024-03-31T15:12:25.859234" level="INFO">{'gender': 'female', 'name': {'title': 'Mrs', 'first': 'Natalia', 'last': 'Aguilar'}, 'location': {'street': {'number': 9624, 'name': 'Paseo de Extremadura'}, 'city': 'Córdoba', 'state': 'Castilla la Mancha', 'country': 'Spain', 'postcode': 30246, 'coordinates': {'latitude': '-32.6582', 'longitude': '32.0571'}, 'timezone': {'offset': '+9:30', 'description': 'Adelaide, Darwin'}}, 'email': 'natalia.aguilar@example.com', 'login': {'uuid': 'b06efe34-34d0-4c9f-85d0-43832f9f3f69', 'username': 'angryfish292', 'password': 'sushi', 'salt': 's1aXJ8au', 'md5': '085dd89701fda8765309b6ffa5076332', 'sha1': 'f12e9c5cfaa5f6772a86c0aad758c98bd3347a78', 'sha256': '8c1b58a89009e3080473aef635ff6a70d255dde531b7f28d577da9f6186d7c8d'}, 'dob': {'date': '1976-04-07T12:55:38.195Z', 'age': 47}, 'registered': {'date': '2006-01-02T13:18:12.331Z', 'age': 18}, 'phone': '995-929-465', 'cell': '607-753-627', 'id': {'name': 'DNI', 'value': '50966423-Z'}, 'picture': {'large': 'https://randomuser.me/api/portraits/women/17.jpg', 'medium': 'https://randomuser.me/api/portraits/med/women/17.jpg', 'thumbnail': 'https://randomuser.me/api/portraits/thumb/women/17.jpg'}, 'nat': 'ES'}</msg>
<arg>${json_data['results'][0]}</arg>
<doc>Logs the given message with the given level.</doc>
<status status="PASS" start="2024-03-31T15:12:25.858870" elapsed="0.000412"/>
</kw>
<kw name="Log" owner="BuiltIn">
<msg time="2024-03-31T15:12:25.859699" level="INFO">email</msg>
<arg>${key}</arg>
<doc>Logs the given message with the given level.</doc>
<status status="PASS" start="2024-03-31T15:12:25.859574" elapsed="0.000168"/>
</kw>
<var name="${key}">email</var>
<status status="PASS" start="2024-03-31T15:12:25.858025" elapsed="0.001928"/>
</iter>
<iter>
<kw name="Dictionary Should Contain Key" owner="Collections">
<msg time="2024-03-31T15:12:25.860610" level="INFO">False</msg>
<arg>${json_data['results'][0]}</arg>
<arg>${key}</arg>
<doc>Fails if ``key`` is not found from ``dictionary``.</doc>
<status status="PASS" start="2024-03-31T15:12:25.860236" elapsed="0.000411"/>
</kw>
<kw name="Log" owner="BuiltIn">
<msg time="2024-03-31T15:12:25.861297" level="INFO">{'gender': 'female', 'name': {'title': 'Mrs', 'first': 'Natalia', 'last': 'Aguilar'}, 'location': {'street': {'number': 9624, 'name': 'Paseo de Extremadura'}, 'city': 'Córdoba', 'state': 'Castilla la Mancha', 'country': 'Spain', 'postcode': 30246, 'coordinates': {'latitude': '-32.6582', 'longitude': '32.0571'}, 'timezone': {'offset': '+9:30', 'description': 'Adelaide, Darwin'}}, 'email': 'natalia.aguilar@example.com', 'login': {'uuid': 'b06efe34-34d0-4c9f-85d0-43832f9f3f69', 'username': 'angryfish292', 'password': 'sushi', 'salt': 's1aXJ8au', 'md5': '085dd89701fda8765309b6ffa5076332', 'sha1': 'f12e9c5cfaa5f6772a86c0aad758c98bd3347a78', 'sha256': '8c1b58a89009e3080473aef635ff6a70d255dde531b7f28d577da9f6186d7c8d'}, 'dob': {'date': '1976-04-07T12:55:38.195Z', 'age': 47}, 'registered': {'date': '2006-01-02T13:18:12.331Z', 'age': 18}, 'phone': '995-929-465', 'cell': '607-753-627', 'id': {'name': 'DNI', 'value': '50966423-Z'}, 'picture': {'large': 'https://randomuser.me/api/portraits/women/17.jpg', 'medium': 'https://randomuser.me/api/portraits/med/women/17.jpg', 'thumbnail': 'https://randomuser.me/api/portraits/thumb/women/17.jpg'}, 'nat': 'ES'}</msg>
<arg>${json_data['results'][0]}</arg>
<doc>Logs the given message with the given level.</doc>
<status status="PASS" start="2024-03-31T15:12:25.860939" elapsed="0.000413"/>
</kw>
<kw name="Log" owner="BuiltIn">
<msg time="2024-03-31T15:12:25.861765" level="INFO">login</msg>
<arg>${key}</arg>
<doc>Logs the given message with the given level.</doc>
<status status="PASS" start="2024-03-31T15:12:25.861639" elapsed="0.000265"/>
</kw>
<var name="${key}">login</var>
<status status="PASS" start="2024-03-31T15:12:25.860122" elapsed="0.002034"/>
</iter>
<var>${key}</var>
<value>@{expected_keys}</value>
<status status="PASS" start="2024-03-31T15:12:25.851422" elapsed="0.010861"/>
</for>
<kw name="Create List" owner="BuiltIn">
<msg time="2024-03-31T15:12:25.862612" level="INFO">${expected_keysTwo} = ['username', 'password']</msg>
<var>${expected_keysTwo}</var>
<arg>username</arg>
<arg>password</arg>
<doc>Returns a list containing given items.</doc>
<status status="PASS" start="2024-03-31T15:12:25.862475" elapsed="0.000161"/>
</kw>
<for flavor="IN">
<iter>
<kw name="Dictionary Should Contain Key" owner="Collections">
<msg time="2024-03-31T15:12:25.863532" level="INFO">False</msg>
<arg>${json_data['results'][0]['login']}</arg>
<arg>${keyTwo}</arg>
<doc>Fails if ``key`` is not found from ``dictionary``.</doc>
<status status="PASS" start="2024-03-31T15:12:25.863155" elapsed="0.000414"/>
</kw>
<kw name="Dictionary Should Contain Key" owner="Collections">
<msg time="2024-03-31T15:12:25.864249" level="INFO">False</msg>
<arg>${json_data['results'][0]['login']}</arg>
<arg>${keyTwo}</arg>
<doc>Fails if ``key`` is not found from ``dictionary``.</doc>
<status status="PASS" start="2024-03-31T15:12:25.863873" elapsed="0.000413"/>
</kw>
<kw name="Log" owner="BuiltIn">
<msg time="2024-03-31T15:12:25.864709" level="INFO">username</msg>
<arg>${keyTwo}</arg>
<doc>Logs the given message with the given level.</doc>
<status status="PASS" start="2024-03-31T15:12:25.864584" elapsed="0.000162"/>
</kw>
<var name="${keyTwo}">username</var>
<status status="PASS" start="2024-03-31T15:12:25.863046" elapsed="0.001915"/>
</iter>
<iter>
<kw name="Dictionary Should Contain Key" owner="Collections">
<msg time="2024-03-31T15:12:25.865627" level="INFO">False</msg>
<arg>${json_data['results'][0]['login']}</arg>
<arg>${keyTwo}</arg>
<doc>Fails if ``key`` is not found from ``dictionary``.</doc>
<status status="PASS" start="2024-03-31T15:12:25.865239" elapsed="0.000426"/>
</kw>
<kw name="Dictionary Should Contain Key" owner="Collections">
<msg time="2024-03-31T15:12:25.866320" level="INFO">False</msg>
<arg>${json_data['results'][0]['login']}</arg>
<arg>${keyTwo}</arg>
<doc>Fails if ``key`` is not found from ``dictionary``.</doc>
<status status="PASS" start="2024-03-31T15:12:25.865952" elapsed="0.000403"/>
</kw>
<kw name="Log" owner="BuiltIn">
<msg time="2024-03-31T15:12:25.866793" level="INFO">password</msg>
<arg>${keyTwo}</arg>
<doc>Logs the given message with the given level.</doc>
<status status="PASS" start="2024-03-31T15:12:25.866643" elapsed="0.000188"/>
</kw>
<var name="${keyTwo}">password</var>
<status status="PASS" start="2024-03-31T15:12:25.865130" elapsed="0.001916"/>
</iter>
<var>${keyTwo}</var>
<value>@{expected_keysTwo}</value>
<status status="PASS" start="2024-03-31T15:12:25.862896" elapsed="0.004268"/>
</for>
<status status="PASS" start="2024-03-31T15:12:25.756304" elapsed="0.110998"/>
</kw>
<doc>Testa a estrutura da resposta da API.</doc>
<tag>testeEstruturaResposta</tag>
<status status="PASS" start="2024-03-31T15:12:25.755716" elapsed="0.111739"/>
</test>
<test id="s1-s1-t4" name="Validar tipos de dados" line="28">
<kw name="Teste de Tipos de Dados" owner="random-user-service">
<kw name="GET On Session" owner="RequestsLibrary">
<msg time="2024-03-31T15:12:25.945216" level="INFO">GET Request : url=https://randomuser.me/api 
 path_url=/api 
 headers={'User-Agent': 'python-requests/2.31.0', 'Accept-Encoding': 'gzip, deflate', 'Accept': '*/*', 'Connection': 'keep-alive'} 
 body=None 
 </msg>
<msg time="2024-03-31T15:12:25.945279" level="INFO">GET Response : url=https://randomuser.me/api 
 status=200, reason=OK 
 headers={'Date': 'Sun, 31 Mar 2024 15:12:25 GMT', 'Content-Type': 'application/json; charset=utf-8', 'Transfer-Encoding': 'chunked', 'Connection': 'keep-alive', 'X-Powered-By': 'Express', 'Access-Control-Allow-Origin': '*', 'Cache-Control': 'no-cache', 'ETag': 'W/"489-/LmgjkNd3r310rArXdu4vpe43+0"', 'Vary': 'Accept-Encoding', 'Content-Encoding': 'gzip', 'CF-Cache-Status': 'DYNAMIC', 'Report-To': '{"endpoints":[{"url":"https:\\/\\/a.nel.cloudflare.com\\/report\\/v4?s=iHkJQZ9dGY%2FatOOaRKS6egYAWXoqNQP9lqQUeCggg%2Bm2Jgg%2FdZxyKZWqDtNQpg2KwUCaamt09HB7Yq59vOi3L3sSBbaBBjM08QpfmY5voNomBjMxn95Q3TAalcwL4ZJR"}],"group":"cf-nel","max_age":604800}', 'NEL': '{"success_fraction":0,"report_to":"cf-nel","max_age":604800}', 'Server': 'cloudflare', 'CF-RAY': '86d14711bf720841-IAD', 'alt-svc': 'h3=":443"; ma=86400'} 
 body={"results":[{"gender":"male","name":{"title":"Monsieur","first":"Miro","last":"Fontai"},"location":{"street":{"number":2686,"name":"Rue Chazière"},"city":"Noville","state":"Aargau","country":"Switzerland","postcode":9352,"coordinates":{"latitude":"-63.7366","longitude":"-17.9607"},"timezone":{"offset":"-1:00","description":"Azores, Cape Verde Islands"}},"email":"miro.fontai@example.com","login":{"uuid":"b4647907-f6c5-415e-9715-f90ce20d0e06","username":"biggoose948","password":"huai","salt":"7zUvhu7v","md5":"67a5201874248164de1906eef74c684e","sha1":"ee9fe2687307d0bdb9c7ba701e57b5cc9b6ba51a","sha256":"a292a0e133b2493c0ad03f3f9611cc4027f23fdc0bd739ac66e36f21261e6309"},"dob":{"date":"1979-02-23T15:36:50.614Z","age":45},"registered":{"date":"2002-09-18T19:06:00.211Z","age":21},"phone":"075 080 80 46","cell":"075 215 77 49","id":{"name":"AVS","value":"756.9624.7384.13"},"picture":{"large":"https://randomuser.me/api/portraits/men/79.jpg","medium":"https://randomuser.me/api/portraits/med/men/79.jpg","thumbnail":"https://randomuser.me/api/portraits/thumb/men/79.jpg"},"nat":"CH"}],"info":{"seed":"d65a6a5b5e8a7500","results":1,"page":1,"version":"1.4"}} 
 </msg>
<msg time="2024-03-31T15:12:25.945336" level="INFO">/opt/hostedtoolcache/Python/3.12.2/x64/lib/python3.12/site-packages/urllib3/connectionpool.py:1103: InsecureRequestWarning: Unverified HTTPS request is being made to host 'randomuser.me'. Adding certificate verification is strongly advised. See: https://urllib3.readthedocs.io/en/latest/advanced-usage.html#tls-warnings
  warnings.warn(</msg>
<msg time="2024-03-31T15:12:25.945440" level="INFO">${response} = &lt;Response [200]&gt;</msg>
<var>${response}</var>
<arg>consultarAPI</arg>
<arg>/api</arg>
<doc>Sends a GET request on a previously created HTTP Session.</doc>
<status status="PASS" start="2024-03-31T15:12:25.869824" elapsed="0.075654"/>
</kw>
<kw name="Set Variable" owner="BuiltIn">
<msg time="2024-03-31T15:12:25.946310" level="INFO">${json_data} = {'results': [{'gender': 'male', 'name': {'title': 'Monsieur', 'first': 'Miro', 'last': 'Fontai'}, 'location': {'street': {'number': 2686, 'name': 'Rue Chazière'}, 'city': 'Noville', 'state': 'Aargau',...</msg>
<var>${json_data}</var>
<arg>${response.json()}</arg>
<doc>Returns the given values which can then be assigned to a variables.</doc>
<status status="PASS" start="2024-03-31T15:12:25.945847" elapsed="0.000491"/>
</kw>
<kw name="Log" owner="BuiltIn">
<msg time="2024-03-31T15:12:25.946831" level="INFO">{'results': [{'gender': 'male', 'name': {'title': 'Monsieur', 'first': 'Miro', 'last': 'Fontai'}, 'location': {'street': {'number': 2686, 'name': 'Rue Chazière'}, 'city': 'Noville', 'state': 'Aargau', 'country': 'Switzerland', 'postcode': 9352, 'coordinates': {'latitude': '-63.7366', 'longitude': '-17.9607'}, 'timezone': {'offset': '-1:00', 'description': 'Azores, Cape Verde Islands'}}, 'email': 'miro.fontai@example.com', 'login': {'uuid': 'b4647907-f6c5-415e-9715-f90ce20d0e06', 'username': 'biggoose948', 'password': 'huai', 'salt': '7zUvhu7v', 'md5': '67a5201874248164de1906eef74c684e', 'sha1': 'ee9fe2687307d0bdb9c7ba701e57b5cc9b6ba51a', 'sha256': 'a292a0e133b2493c0ad03f3f9611cc4027f23fdc0bd739ac66e36f21261e6309'}, 'dob': {'date': '1979-02-23T15:36:50.614Z', 'age': 45}, 'registered': {'date': '2002-09-18T19:06:00.211Z', 'age': 21}, 'phone': '075 080 80 46', 'cell': '075 215 77 49', 'id': {'name': 'AVS', 'value': '756.9624.7384.13'}, 'picture': {'large': 'https://randomuser.me/api/portraits/men/79.jpg', 'medium': 'https://randomuser.me/api/portraits/med/men/79.jpg', 'thumbnail': 'https://randomuser.me/api/portraits/thumb/men/79.jpg'}, 'nat': 'CH'}], 'info': {'seed': 'd65a6a5b5e8a7500', 'results': 1, 'page': 1, 'version': '1.4'}}</msg>
<arg>${json_data}</arg>
<doc>Logs the given message with the given level.</doc>
<status status="PASS" start="2024-03-31T15:12:25.946645" elapsed="0.000273"/>
</kw>
<kw name="Should Be String" owner="String">
<arg>${json_data['results'][0]['gender']}</arg>
<doc>Fails if the given ``item`` is not a string.</doc>
<status status="PASS" start="2024-03-31T15:12:25.947223" elapsed="0.000354"/>
</kw>
<kw name="Should Match Regexp" owner="BuiltIn">
<arg>${json_data['results'][0]['email']}</arg>
<arg>^[a-zA-Z0-9._%+-]+@[a-zA-Z0-9.-]+\.[a-zA-Z]{2,}$</arg>
<doc>Fails if ``string`` does not match ``pattern`` as a regular expression.</doc>
<status status="PASS" start="2024-03-31T15:12:25.947768" elapsed="0.000514"/>
</kw>
<kw name="Should Match Regexp" owner="BuiltIn">
<arg>${json_data['results'][0]['dob']['date']}</arg>
<arg>\\d{4}-\\d{2}-\\d{2}T\\d{2}:\\d{2}:\\d{2}\\.\\d{3}Z</arg>
<doc>Fails if ``string`` does not match ``pattern`` as a regular expression.</doc>
<status status="PASS" start="2024-03-31T15:12:25.948479" elapsed="0.000512"/>
</kw>
<kw name="Should Match Regexp" owner="BuiltIn">
<arg>${json_data['results'][0]['registered']['date']}</arg>
<arg>\\d{4}-\\d{2}-\\d{2}T\\d{2}:\\d{2}:\\d{2}\\.\\d{3}Z</arg>
<doc>Fails if ``string`` does not match ``pattern`` as a regular expression.</doc>
<status status="PASS" start="2024-03-31T15:12:25.949187" elapsed="0.000367"/>
</kw>
<kw name="Should Match Regexp" owner="BuiltIn">
<arg>${json_data['results'][0]['picture']['large']}</arg>
<arg>^https?://.*\.(?:png|jpe?g|gif|bmp)$</arg>
<doc>Fails if ``string`` does not match ``pattern`` as a regular expression.</doc>
<status status="PASS" start="2024-03-31T15:12:25.949739" elapsed="0.000465"/>
</kw>
<kw name="Should Match Regexp" owner="BuiltIn">
<arg>${json_data['results'][0]['picture']['medium']}</arg>
<arg>^https?://.*\.(?:png|jpe?g|gif|bmp)$</arg>
<doc>Fails if ``string`` does not match ``pattern`` as a regular expression.</doc>
<status status="PASS" start="2024-03-31T15:12:25.950393" elapsed="0.000375"/>
</kw>
<kw name="Should Match Regexp" owner="BuiltIn">
<arg>${json_data['results'][0]['picture']['thumbnail']}</arg>
<arg>^https?://.*\.(?:png|jpe?g|gif|bmp)$</arg>
<doc>Fails if ``string`` does not match ``pattern`` as a regular expression.</doc>
<status status="PASS" start="2024-03-31T15:12:25.950954" elapsed="0.000354"/>
</kw>
<kw name="Log" owner="BuiltIn">
<msg time="2024-03-31T15:12:25.951806" level="INFO">{'large': 'https://randomuser.me/api/portraits/men/79.jpg', 'medium': 'https://randomuser.me/api/portraits/med/men/79.jpg', 'thumbnail': 'https://randomuser.me/api/portraits/thumb/men/79.jpg'}</msg>
<arg>${json_data['results'][0]['picture']}</arg>
<doc>Logs the given message with the given level.</doc>
<status status="PASS" start="2024-03-31T15:12:25.951487" elapsed="0.000365"/>
</kw>
<status status="PASS" start="2024-03-31T15:12:25.869587" elapsed="0.082525"/>
</kw>
<kw name="Teste de Tipos de Dados - Postcode" owner="random-user-service">
<kw name="GET On Session" owner="RequestsLibrary">
<msg time="2024-03-31T15:12:26.055930" level="INFO">GET Request : url=https://randomuser.me/api 
 path_url=/api 
 headers={'User-Agent': 'python-requests/2.31.0', 'Accept-Encoding': 'gzip, deflate', 'Accept': '*/*', 'Connection': 'keep-alive'} 
 body=None 
 </msg>
<msg time="2024-03-31T15:12:26.055998" level="INFO">GET Response : url=https://randomuser.me/api 
 status=200, reason=OK 
 headers={'Date': 'Sun, 31 Mar 2024 15:12:26 GMT', 'Content-Type': 'application/json; charset=utf-8', 'Transfer-Encoding': 'chunked', 'Connection': 'keep-alive', 'X-Powered-By': 'Express', 'Access-Control-Allow-Origin': '*', 'Cache-Control': 'no-cache', 'ETag': 'W/"497-QO2LiGdL6Gr3l6TAVMt2lAdPULs"', 'Vary': 'Accept-Encoding', 'Content-Encoding': 'gzip', 'CF-Cache-Status': 'DYNAMIC', 'Report-To': '{"endpoints":[{"url":"https:\\/\\/a.nel.cloudflare.com\\/report\\/v4?s=IfPb6iKilVTta%2Flbu0E1VAhRdnF%2Fm1Ok%2FspejlS0ebFZCj8wyok%2FH9gL2UChzDJfVTvTHY%2B4gs8x5zBoxBS4pPZAK8sSFXcbOejgiTaX9ttYNSL3mqgxA9yuqImxRXNg"}],"group":"cf-nel","max_age":604800}', 'NEL': '{"success_fraction":0,"report_to":"cf-nel","max_age":604800}', 'Server': 'cloudflare', 'CF-RAY': '86d14712380d0841-IAD', 'alt-svc': 'h3=":443"; ma=86400'} 
 body={"results":[{"gender":"male","name":{"title":"Mr","first":"Evan","last":"Riley"},"location":{"street":{"number":3976,"name":"Homestead Rd"},"city":"Dubbo","state":"Northern Territory","country":"Australia","postcode":3295,"coordinates":{"latitude":"-86.3896","longitude":"-128.2950"},"timezone":{"offset":"0:00","description":"Western Europe Time, London, Lisbon, Casablanca"}},"email":"evan.riley@example.com","login":{"uuid":"5c766546-5041-41e4-8361-5b0ffaea3d38","username":"greenbird385","password":"chuang","salt":"varff4rI","md5":"62d5bb763b99d5f40360f1d290a338d3","sha1":"b288608fafcc4c3bce18733f9d0718c1f26bd389","sha256":"07016fd45128461be463bf32cf6f0007196e546a4685181245d104cd9cc179f8"},"dob":{"date":"1986-11-18T02:12:25.415Z","age":37},"registered":{"date":"2003-01-09T01:59:25.719Z","age":21},"phone":"09-6861-8259","cell":"0413-638-608","id":{"name":"TFN","value":"685831494"},"picture":{"large":"https://randomuser.me/api/portraits/men/98.jpg","medium":"https://randomuser.me/api/portraits/med/men/98.jpg","thumbnail":"https://randomuser.me/api/portraits/thumb/men/98.jpg"},"nat":"AU"}],"info":{"seed":"f9c7e1dc70f8adcb","results":1,"page":1,"version":"1.4"}} 
 </msg>
<msg time="2024-03-31T15:12:26.056067" level="INFO">/opt/hostedtoolcache/Python/3.12.2/x64/lib/python3.12/site-packages/urllib3/connectionpool.py:1103: InsecureRequestWarning: Unverified HTTPS request is being made to host 'randomuser.me'. Adding certificate verification is strongly advised. See: https://urllib3.readthedocs.io/en/latest/advanced-usage.html#tls-warnings
  warnings.warn(</msg>
<msg time="2024-03-31T15:12:26.056178" level="INFO">${response} = &lt;Response [200]&gt;</msg>
<var>${response}</var>
<arg>consultarAPI</arg>
<arg>/api</arg>
<doc>Sends a GET request on a previously created HTTP Session.</doc>
<status status="PASS" start="2024-03-31T15:12:25.952671" elapsed="0.103547"/>
</kw>
<kw name="Set Variable" owner="BuiltIn">
<msg time="2024-03-31T15:12:26.057096" level="INFO">${json_data} = {'results': [{'gender': 'male', 'name': {'title': 'Mr', 'first': 'Evan', 'last': 'Riley'}, 'location': {'street': {'number': 3976, 'name': 'Homestead Rd'}, 'city': 'Dubbo', 'state': 'Northern Territor...</msg>
<var>${json_data}</var>
<arg>${response.json()}</arg>
<doc>Returns the given values which can then be assigned to a variables.</doc>
<status status="PASS" start="2024-03-31T15:12:26.056636" elapsed="0.000488"/>
</kw>
<kw name="Log" owner="BuiltIn">
<msg time="2024-03-31T15:12:26.057573" level="INFO">{'results': [{'gender': 'male', 'name': {'title': 'Mr', 'first': 'Evan', 'last': 'Riley'}, 'location': {'street': {'number': 3976, 'name': 'Homestead Rd'}, 'city': 'Dubbo', 'state': 'Northern Territory', 'country': 'Australia', 'postcode': 3295, 'coordinates': {'latitude': '-86.3896', 'longitude': '-128.2950'}, 'timezone': {'offset': '0:00', 'description': 'Western Europe Time, London, Lisbon, Casablanca'}}, 'email': 'evan.riley@example.com', 'login': {'uuid': '5c766546-5041-41e4-8361-5b0ffaea3d38', 'username': 'greenbird385', 'password': 'chuang', 'salt': 'varff4rI', 'md5': '62d5bb763b99d5f40360f1d290a338d3', 'sha1': 'b288608fafcc4c3bce18733f9d0718c1f26bd389', 'sha256': '07016fd45128461be463bf32cf6f0007196e546a4685181245d104cd9cc179f8'}, 'dob': {'date': '1986-11-18T02:12:25.415Z', 'age': 37}, 'registered': {'date': '2003-01-09T01:59:25.719Z', 'age': 21}, 'phone': '09-6861-8259', 'cell': '0413-638-608', 'id': {'name': 'TFN', 'value': '685831494'}, 'picture': {'large': 'https://randomuser.me/api/portraits/men/98.jpg', 'medium': 'https://randomuser.me/api/portraits/med/men/98.jpg', 'thumbnail': 'https://randomuser.me/api/portraits/thumb/men/98.jpg'}, 'nat': 'AU'}], 'info': {'seed': 'f9c7e1dc70f8adcb', 'results': 1, 'page': 1, 'version': '1.4'}}</msg>
<arg>${json_data}</arg>
<doc>Logs the given message with the given level.</doc>
<status status="PASS" start="2024-03-31T15:12:26.057424" elapsed="0.000226"/>
</kw>
<kw name="Should Be Equal As Numbers" owner="BuiltIn">
<arg>${json_data['results'][0]['location']['postcode']}</arg>
<arg>${json_data['results'][0]['location']['postcode']}</arg>
<doc>Fails if objects are unequal after converting them to real numbers.</doc>
<status status="PASS" start="2024-03-31T15:12:26.057953" elapsed="0.000614"/>
</kw>
<kw name="Log" owner="BuiltIn">
<msg time="2024-03-31T15:12:26.059125" level="INFO">3295</msg>
<arg>${json_data['results'][0]['location']['postcode']}</arg>
<doc>Logs the given message with the given level.</doc>
<status status="PASS" start="2024-03-31T15:12:26.058793" elapsed="0.000371"/>
</kw>
<status status="PASS" start="2024-03-31T15:12:25.952325" elapsed="0.107091"/>
</kw>
<doc>Testa se os tipos de dados na resposta da API estão corretos.</doc>
<tag>testeTiposDados</tag>
<status status="PASS" start="2024-03-31T15:12:25.869173" elapsed="0.190412"/>
</test>
<test id="s1-s1-t5" name="Validar conteudo" line="35">
<kw name="Teste de Tipos de Conteudo" owner="random-user-service">
<kw name="GET On Session" owner="RequestsLibrary">
<msg time="2024-03-31T15:12:26.139834" level="INFO">GET Request : url=https://randomuser.me/api 
 path_url=/api 
 headers={'User-Agent': 'python-requests/2.31.0', 'Accept-Encoding': 'gzip, deflate', 'Accept': '*/*', 'Connection': 'keep-alive'} 
 body=None 
 </msg>
<msg time="2024-03-31T15:12:26.139911" level="INFO">GET Response : url=https://randomuser.me/api 
 status=200, reason=OK 
 headers={'Date': 'Sun, 31 Mar 2024 15:12:26 GMT', 'Content-Type': 'application/json; charset=utf-8', 'Transfer-Encoding': 'chunked', 'Connection': 'keep-alive', 'X-Powered-By': 'Express', 'Access-Control-Allow-Origin': '*', 'Cache-Control': 'no-cache', 'ETag': 'W/"47b-aRqCFS1GlLt7G4i69fSqUazYt8k"', 'Vary': 'Accept-Encoding', 'Content-Encoding': 'gzip', 'CF-Cache-Status': 'DYNAMIC', 'Report-To': '{"endpoints":[{"url":"https:\\/\\/a.nel.cloudflare.com\\/report\\/v4?s=HKnFKL53zCNYLlkT1gE97YWxao27fcewgGR2ARGOskplokQoG0Mvdnc8QpqjDDc5j1PzZB%2FwDI6vkuIJj3GoCqfc1yu9kAyHo2C9vabnKpL0mMG60%2Foy2KKUq9nRHLeG"}],"group":"cf-nel","max_age":604800}', 'NEL': '{"success_fraction":0,"report_to":"cf-nel","max_age":604800}', 'Server': 'cloudflare', 'CF-RAY': '86d14712e8a50841-IAD', 'alt-svc': 'h3=":443"; ma=86400'} 
 body={"results":[{"gender":"female","name":{"title":"Ms","first":"Jelena","last":"Vrhovac"},"location":{"street":{"number":6805,"name":"Ser Tomasa Liptona"},"city":"Sokobanja","state":"Toplica","country":"Serbia","postcode":31754,"coordinates":{"latitude":"59.9580","longitude":"85.2325"},"timezone":{"offset":"+3:30","description":"Tehran"}},"email":"jelena.vrhovac@example.com","login":{"uuid":"5ed9acce-3f01-417b-a391-95ce73f590c7","username":"beautifullion384","password":"metro","salt":"9dehBTNo","md5":"0cbdc3febbce97b717b523d1d0ba2b86","sha1":"00c034cd9d7a1c24a801e46d54ba077f4b9b20cc","sha256":"2abd6135021d4f2d9557fda4d1d0272ffae7a49738c35db57e82c42c33dfc624"},"dob":{"date":"1989-05-02T08:16:30.350Z","age":34},"registered":{"date":"2020-03-02T15:54:12.473Z","age":4},"phone":"019-3608-424","cell":"066-0122-555","id":{"name":"SID","value":"125401403"},"picture":{"large":"https://randomuser.me/api/portraits/women/44.jpg","medium":"https://randomuser.me/api/portraits/med/women/44.jpg","thumbnail":"https://randomuser.me/api/portraits/thumb/women/44.jpg"},"nat":"RS"}],"info":{"seed":"cb08ffa50a7cd98a","results":1,"page":1,"version":"1.4"}} 
 </msg>
<msg time="2024-03-31T15:12:26.139977" level="INFO">/opt/hostedtoolcache/Python/3.12.2/x64/lib/python3.12/site-packages/urllib3/connectionpool.py:1103: InsecureRequestWarning: Unverified HTTPS request is being made to host 'randomuser.me'. Adding certificate verification is strongly advised. See: https://urllib3.readthedocs.io/en/latest/advanced-usage.html#tls-warnings
  warnings.warn(</msg>
<msg time="2024-03-31T15:12:26.140097" level="INFO">${response} = &lt;Response [200]&gt;</msg>
<var>${response}</var>
<arg>consultarAPI</arg>
<arg>/api</arg>
<doc>Sends a GET request on a previously created HTTP Session.</doc>
<status status="PASS" start="2024-03-31T15:12:26.061905" elapsed="0.078234"/>
</kw>
<kw name="Set Variable" owner="BuiltIn">
<msg time="2024-03-31T15:12:26.141020" level="INFO">${json_data} = {'results': [{'gender': 'female', 'name': {'title': 'Ms', 'first': 'Jelena', 'last': 'Vrhovac'}, 'location': {'street': {'number': 6805, 'name': 'Ser Tomasa Liptona'}, 'city': 'Sokobanja', 'state': 'T...</msg>
<var>${json_data}</var>
<arg>${response.json()}</arg>
<doc>Returns the given values which can then be assigned to a variables.</doc>
<status status="PASS" start="2024-03-31T15:12:26.140580" elapsed="0.000468"/>
</kw>
<kw name="Set Variable" owner="BuiltIn">
<msg time="2024-03-31T15:12:26.141732" level="INFO">${name_title} = Ms</msg>
<var>${name_title}</var>
<arg>${json_data["results"][0]["name"]["title"]}</arg>
<doc>Returns the given values which can then be assigned to a variables.</doc>
<status status="PASS" start="2024-03-31T15:12:26.141352" elapsed="0.000405"/>
</kw>
<kw name="Create List" owner="BuiltIn">
<msg time="2024-03-31T15:12:26.142201" level="INFO">${allowed_titles} = ['Mr', 'Ms', 'Miss', 'Mrs', 'Madame', 'Monsieur']</msg>
<var>${allowed_titles}</var>
<arg>Mr</arg>
<arg>Ms</arg>
<arg>Miss</arg>
<arg>Mrs</arg>
<arg>Madame</arg>
<arg>Monsieur</arg>
<doc>Returns a list containing given items.</doc>
<status status="PASS" start="2024-03-31T15:12:26.142053" elapsed="0.000172"/>
</kw>
<kw name="List Should Contain Value" owner="Collections">
<msg time="2024-03-31T15:12:26.142732" level="INFO">False</msg>
<arg>${allowed_titles}</arg>
<arg>${name_title}</arg>
<doc>Fails if the ``value`` is not found from ``list``.</doc>
<status status="PASS" start="2024-03-31T15:12:26.142537" elapsed="0.000232"/>
</kw>
<kw name="Set Variable" owner="BuiltIn">
<msg time="2024-03-31T15:12:26.143434" level="INFO">${name_country} = RS</msg>
<var>${name_country}</var>
<arg>${json_data["results"][0]["nat"]}</arg>
<doc>Returns the given values which can then be assigned to a variables.</doc>
<status status="PASS" start="2024-03-31T15:12:26.143059" elapsed="0.000399"/>
</kw>
<kw name="Create List" owner="BuiltIn">
<msg time="2024-03-31T15:12:26.144375" level="INFO">${list_country} = ['AD', 'AE', 'AF', 'AG', 'AI', 'AL', 'AM', 'AO', 'AQ', 'AR', 'AS', 'AT', 'AU', 'AW', 'AX', 'AZ', 'BA', 'BB', 'BD', 'BE', 'BF', 'BG', 'BH', 'BI', 'BJ', 'BL', 'BM', 'BN', 'BO', 'BQ', 'BR', 'BS', 'BT', '...</msg>
<var>${list_country}</var>
<arg>AD</arg>
<arg>AE</arg>
<arg>AF</arg>
<arg>AG</arg>
<arg>AI</arg>
<arg>AL</arg>
<arg>AM</arg>
<arg>AO</arg>
<arg>AQ</arg>
<arg>AR</arg>
<arg>AS</arg>
<arg>AT</arg>
<arg>AU</arg>
<arg>AW</arg>
<arg>AX</arg>
<arg>AZ</arg>
<arg>BA</arg>
<arg>BB</arg>
<arg>BD</arg>
<arg>BE</arg>
<arg>BF</arg>
<arg>BG</arg>
<arg>BH</arg>
<arg>BI</arg>
<arg>BJ</arg>
<arg>BL</arg>
<arg>BM</arg>
<arg>BN</arg>
<arg>BO</arg>
<arg>BQ</arg>
<arg>BR</arg>
<arg>BS</arg>
<arg>BT</arg>
<arg>BV</arg>
<arg>BW</arg>
<arg>BY</arg>
<arg>BZ</arg>
<arg>CA</arg>
<arg>CC</arg>
<arg>CD</arg>
<arg>CF</arg>
<arg>CG</arg>
<arg>CH</arg>
<arg>CI</arg>
<arg>CK</arg>
<arg>CL</arg>
<arg>CM</arg>
<arg>CN</arg>
<arg>CO</arg>
<arg>CR</arg>
<arg>CU</arg>
<arg>CV</arg>
<arg>CW</arg>
<arg>CX</arg>
<arg>CY</arg>
<arg>CZ</arg>
<arg>DE</arg>
<arg>DJ</arg>
<arg>DK</arg>
<arg>DM</arg>
<arg>DO</arg>
<arg>DZ</arg>
<arg>EC</arg>
<arg>EE</arg>
<arg>EG</arg>
<arg>EH</arg>
<arg>ER</arg>
<arg>ES</arg>
<arg>ET</arg>
<arg>FI</arg>
<arg>FJ</arg>
<arg>FK</arg>
<arg>FM</arg>
<arg>FO</arg>
<arg>FR</arg>
<arg>GA</arg>
<arg>GB</arg>
<arg>GD</arg>
<arg>GE</arg>
<arg>GF</arg>
<arg>GG</arg>
<arg>GH</arg>
<arg>GI</arg>
<arg>GL</arg>
<arg>GM</arg>
<arg>GN</arg>
<arg>GP</arg>
<arg>GQ</arg>
<arg>GR</arg>
<arg>GS</arg>
<arg>GT</arg>
<arg>GU</arg>
<arg>GW</arg>
<arg>GY</arg>
<arg>HK</arg>
<arg>HM</arg>
<arg>HN</arg>
<arg>HR</arg>
<arg>HT</arg>
<arg>HU</arg>
<arg>ID</arg>
<arg>IE</arg>
<arg>IL</arg>
<arg>IM</arg>
<arg>IN</arg>
<arg>IO</arg>
<arg>IQ</arg>
<arg>IR</arg>
<arg>IS</arg>
<arg>IT</arg>
<arg>JE</arg>
<arg>JM</arg>
<arg>JO</arg>
<arg>JP</arg>
<arg>KE</arg>
<arg>KG</arg>
<arg>KH</arg>
<arg>KI</arg>
<arg>KM</arg>
<arg>KN</arg>
<arg>KP</arg>
<arg>KR</arg>
<arg>KW</arg>
<arg>KY</arg>
<arg>KZ</arg>
<arg>LA</arg>
<arg>LB</arg>
<arg>LC</arg>
<arg>LI</arg>
<arg>LK</arg>
<arg>LR</arg>
<arg>LS</arg>
<arg>LT</arg>
<arg>LU</arg>
<arg>LV</arg>
<arg>LY</arg>
<arg>MA</arg>
<arg>MC</arg>
<arg>MD</arg>
<arg>ME</arg>
<arg>MF</arg>
<arg>MG</arg>
<arg>MH</arg>
<arg>MK</arg>
<arg>ML</arg>
<arg>MM</arg>
<arg>MN</arg>
<arg>MO</arg>
<arg>MP</arg>
<arg>MQ</arg>
<arg>MR</arg>
<arg>MS</arg>
<arg>MT</arg>
<arg>MU</arg>
<arg>MV</arg>
<arg>MW</arg>
<arg>MX</arg>
<arg>MY</arg>
<arg>MZ</arg>
<arg>NA</arg>
<arg>NC</arg>
<arg>NE</arg>
<arg>NF</arg>
<arg>NG</arg>
<arg>NI</arg>
<arg>NL</arg>
<arg>NO</arg>
<arg>NP</arg>
<arg>NR</arg>
<arg>NU</arg>
<arg>NZ</arg>
<arg>OM</arg>
<arg>PA</arg>
<arg>PE</arg>
<arg>PF</arg>
<arg>PG</arg>
<arg>PH</arg>
<arg>PK</arg>
<arg>PL</arg>
<arg>PM</arg>
<arg>PN</arg>
<arg>PR</arg>
<arg>PS</arg>
<arg>PT</arg>
<arg>PW</arg>
<arg>PY</arg>
<arg>QA</arg>
<arg>RE</arg>
<arg>RO</arg>
<arg>RS</arg>
<arg>RU</arg>
<arg>RW</arg>
<arg>SA</arg>
<arg>SB</arg>
<arg>SC</arg>
<arg>SD</arg>
<arg>SE</arg>
<arg>SG</arg>
<arg>SH</arg>
<arg>SI</arg>
<arg>SJ</arg>
<arg>SK</arg>
<arg>SL</arg>
<arg>SM</arg>
<arg>SN</arg>
<arg>SO</arg>
<arg>SR</arg>
<arg>SS</arg>
<arg>ST</arg>
<arg>SV</arg>
<arg>SX</arg>
<arg>SY</arg>
<arg>SZ</arg>
<arg>TC</arg>
<arg>TD</arg>
<arg>TF</arg>
<arg>TG</arg>
<arg>TH</arg>
<arg>TJ</arg>
<arg>TK</arg>
<arg>TL</arg>
<arg>TM</arg>
<arg>TN</arg>
<arg>TO</arg>
<arg>TR</arg>
<arg>TT</arg>
<arg>TV</arg>
<arg>TW</arg>
<arg>TZ</arg>
<arg>UA</arg>
<arg>UG</arg>
<arg>UM</arg>
<arg>US</arg>
<arg>UY</arg>
<arg>UZ</arg>
<arg>VA</arg>
<arg>VC</arg>
<arg>VE</arg>
<arg>VG</arg>
<arg>VI</arg>
<arg>VN</arg>
<arg>VU</arg>
<arg>WF</arg>
<arg>WS</arg>
<arg>XK</arg>
<arg>YE</arg>
<arg>YT</arg>
<arg>ZA</arg>
<arg>ZM</arg>
<arg>ZW</arg>
<doc>Returns a list containing given items.</doc>
<status status="PASS" start="2024-03-31T15:12:26.143765" elapsed="0.000635"/>
</kw>
<kw name="List Should Contain Value" owner="Collections">
<msg time="2024-03-31T15:12:26.145512" level="INFO">False</msg>
<arg>${list_country}</arg>
<arg>${name_country}</arg>
<doc>Fails if the ``value`` is not found from ``list``.</doc>
<status status="PASS" start="2024-03-31T15:12:26.145301" elapsed="0.000249"/>
</kw>
<kw name="Run Keyword If" owner="BuiltIn">
<kw name="Should Be True" owner="BuiltIn">
<arg>${True}</arg>
<doc>Fails if the given condition is not true.</doc>
<status status="PASS" start="2024-03-31T15:12:26.146631" elapsed="0.000208"/>
</kw>
<arg>${json_data["results"][0]["location"]["coordinates"]["latitude"]} &gt;= -90 and ${json_data["results"][0]["location"]["coordinates"]["latitude"]} &lt;= 90</arg>
<arg>Should Be True</arg>
<arg>${True}</arg>
<doc>Runs the given keyword with the given arguments, if ``condition`` is true.</doc>
<status status="PASS" start="2024-03-31T15:12:26.145873" elapsed="0.001156"/>
</kw>
<kw name="Run Keyword If" owner="BuiltIn">
<kw name="Should Be True" owner="BuiltIn">
<arg>${True}</arg>
<doc>Fails if the given condition is not true.</doc>
<status status="PASS" start="2024-03-31T15:12:26.147988" elapsed="0.000140"/>
</kw>
<arg>${json_data["results"][0]["location"]["coordinates"]["longitude"]} &gt;= -180 and ${json_data["results"][0]["location"]["coordinates"]["longitude"]} &lt;= 180</arg>
<arg>Should Be True</arg>
<arg>${True}</arg>
<doc>Runs the given keyword with the given arguments, if ``condition`` is true.</doc>
<status status="PASS" start="2024-03-31T15:12:26.147276" elapsed="0.000978"/>
</kw>
<status status="PASS" start="2024-03-31T15:12:26.061688" elapsed="0.086696"/>
</kw>
<doc>Testa o conteúdo específico dos campos retornados pela API.</doc>
<tag>testeConteudo</tag>
<status status="PASS" start="2024-03-31T15:12:26.061266" elapsed="0.087264"/>
</test>
<status status="PASS" start="2024-03-31T15:12:25.341415" elapsed="0.809001"/>
</suite>
<status status="PASS" start="2024-03-31T15:12:25.327815" elapsed="0.827925"/>
</suite>
<statistics>
<total>
<stat pass="5" fail="0" skip="0">All Tests</stat>
</total>
<tag>
<stat pass="1" fail="0" skip="0">testeConteudo</stat>
<stat pass="1" fail="0" skip="0">testeEstruturaResposta</stat>
<stat pass="1" fail="0" skip="0">testeRequisicaoBasica</stat>
<stat pass="1" fail="0" skip="0">testeTiposDados</stat>
</tag>
<suite>
<stat pass="5" fail="0" skip="0" id="s1" name="Tests">Tests</stat>
<stat pass="5" fail="0" skip="0" id="s1-s1" name="Random-User-Test">Tests.Random-User-Test</stat>
</suite>
</statistics>
<errors>
</errors>
</robot>
