<?xml version="1.0" encoding="UTF-8"?>
<robot generator="Robot 7.0.1 (Python 3.12.4 on linux)" generated="2024-06-22T17:12:09.954717" rpa="false" schemaversion="5">
<suite id="s1" name="Tests" source="/home/runner/work/ApiRandomUser/ApiRandomUser/RamdonUser/tests">
<suite id="s1-s1" name="Random-User-Test" source="/home/runner/work/ApiRandomUser/ApiRandomUser/RamdonUser/tests/random-user-test.robot">
<test id="s1-s1-t1" name="Conectar" line="13">
<kw name="Conectar API" owner="random-user-service">
<kw name="Create Session" owner="RequestsLibrary">
<msg time="2024-06-22T17:12:10.401949" level="INFO">Creating Session using : alias=consultarAPI, url=https://randomuser.me/, headers={},                     cookies={}, auth=None, timeout=None, proxies=None, verify=False,                     debug=0 </msg>
<arg>consultarAPI</arg>
<arg>${URL}</arg>
<doc>Create Session: create a HTTP session to a server</doc>
<status status="PASS" start="2024-06-22T17:12:10.401739" elapsed="0.000379"/>
</kw>
<status status="PASS" start="2024-06-22T17:12:10.400738" elapsed="0.001745"/>
</kw>
<status status="PASS" start="2024-06-22T17:12:10.400136" elapsed="0.002541"/>
</test>
<test id="s1-s1-t2" name="Validar retorno 200 e JSON Válido" line="16">
<kw name="Teste de Requisicao Basica" owner="random-user-service">
<kw name="GET On Session" owner="RequestsLibrary">
<msg time="2024-06-22T17:12:10.590049" level="INFO">GET Request : url=https://randomuser.me/api 
 path_url=/api 
 headers={'User-Agent': 'python-requests/2.32.3', 'Accept-Encoding': 'gzip, deflate', 'Accept': '*/*', 'Connection': 'keep-alive'} 
 body=None 
 </msg>
<msg time="2024-06-22T17:12:10.590217" level="INFO">GET Response : url=https://randomuser.me/api 
 status=200, reason=OK 
 headers={'Date': 'Sat, 22 Jun 2024 17:12:10 GMT', 'Content-Type': 'application/json; charset=utf-8', 'Transfer-Encoding': 'chunked', 'Connection': 'keep-alive', 'X-Powered-By': 'Express', 'Access-Control-Allow-Origin': '*', 'Cache-Control': 'no-cache', 'ETag': 'W/"499-PN4EcR+PT09TgyuVJikT8hSc21s"', 'Vary': 'Accept-Encoding', 'Content-Encoding': 'gzip', 'CF-Cache-Status': 'DYNAMIC', 'Report-To': '{"endpoints":[{"url":"https:\\/\\/a.nel.cloudflare.com\\/report\\/v4?s=qNRKIGCT02lzWBdmv3GTmtvTToWrlJRPXCmKcPuY28mRdfgzBgj%2Bg8LNxRYtn50GV0j8Aq4EJBGPPaH83MFkDi6bG2FYGvIsZ44ocbSCMDVsYB7I0d3cvmxeD63MheQO"}],"group":"cf-nel","max_age":604800}', 'NEL': '{"success_fraction":0,"report_to":"cf-nel","max_age":604800}', 'Server': 'cloudflare', 'CF-RAY': '897ddc99fb013afa-IAD', 'alt-svc': 'h3=":443"; ma=86400'} 
 body={"results":[{"gender":"female","name":{"title":"Miss","first":"Julia","last":"Zapata"},"location":{"street":{"number":312,"name":"Ampliación Finlandia"},"city":"Satevo","state":"Jalisco","country":"Mexico","postcode":83775,"coordinates":{"latitude":"26.2976","longitude":"48.6293"},"timezone":{"offset":"-7:00","description":"Mountain Time (US &amp; Canada)"}},"email":"julia.zapata@example.com","login":{"uuid":"8f0200d7-d52a-46db-be54-8a83fb33e7ea","username":"crazyleopard699","password":"flower1","salt":"tiNy1RS3","md5":"222714693c9ea0cded1439d7a2453c3d","sha1":"f80f667c0ec94000683e4630272030a9139f30a5","sha256":"e53d70e453b697001fc237a95c318e41035518d3962737204665b2f28023fb6a"},"dob":{"date":"1974-04-24T20:48:44.812Z","age":50},"registered":{"date":"2006-12-19T08:55:35.981Z","age":17},"phone":"(662) 294 9646","cell":"(668) 990 5272","id":{"name":"NSS","value":"75 54 36 1985 6"},"picture":{"large":"https://randomuser.me/api/portraits/women/93.jpg","medium":"https://randomuser.me/api/portraits/med/women/93.jpg","thumbnail":"https://randomuser.me/api/portraits/thumb/women/93.jpg"},"nat":"MX"}],"info":{"seed":"3836edd790210c3c","results":1,"page":1,"version":"1.4"}} 
 </msg>
<msg time="2024-06-22T17:12:10.590323" level="INFO">/opt/hostedtoolcache/Python/3.12.4/x64/lib/python3.12/site-packages/urllib3/connectionpool.py:1099: InsecureRequestWarning: Unverified HTTPS request is being made to host 'randomuser.me'. Adding certificate verification is strongly advised. See: https://urllib3.readthedocs.io/en/latest/advanced-usage.html#tls-warnings
  warnings.warn(</msg>
<msg time="2024-06-22T17:12:10.590483" level="INFO">${response} = &lt;Response [200]&gt;</msg>
<var>${response}</var>
<arg>consultarAPI</arg>
<arg>/api</arg>
<doc>Sends a GET request on a previously created HTTP Session.</doc>
<status status="PASS" start="2024-06-22T17:12:10.405362" elapsed="0.185164"/>
</kw>
<kw name="Should Be Equal As Numbers" owner="BuiltIn">
<msg time="2024-06-22T17:12:10.591446" level="INFO">Argument types are:
&lt;class 'int'&gt;
&lt;class 'str'&gt;</msg>
<arg>${response.status_code}</arg>
<arg>200</arg>
<doc>Fails if objects are unequal after converting them to real numbers.</doc>
<status status="PASS" start="2024-06-22T17:12:10.590996" elapsed="0.000515"/>
</kw>
<kw name="Log" owner="BuiltIn">
<msg time="2024-06-22T17:12:10.592160" level="INFO">200</msg>
<arg>${response.status_code}</arg>
<doc>Logs the given message with the given level.</doc>
<status status="PASS" start="2024-06-22T17:12:10.591820" elapsed="0.000383"/>
</kw>
<kw name="Set Variable" owner="BuiltIn">
<msg time="2024-06-22T17:12:10.592945" level="INFO">${json_data} = {'results': [{'gender': 'female', 'name': {'title': 'Miss', 'first': 'Julia', 'last': 'Zapata'}, 'location': {'street': {'number': 312, 'name': 'Ampliación Finlandia'}, 'city': 'Satevo', 'state': 'Jal...</msg>
<var>${json_data}</var>
<arg>${response.json()}</arg>
<doc>Returns the given values which can then be assigned to a variables.</doc>
<status status="PASS" start="2024-06-22T17:12:10.592501" elapsed="0.000473"/>
</kw>
<kw name="Dictionary Should Contain Key" owner="Collections">
<arg>${json_data}</arg>
<arg>results</arg>
<doc>Fails if ``key`` is not found from ``dictionary``.</doc>
<status status="PASS" start="2024-06-22T17:12:10.593268" elapsed="0.000162"/>
</kw>
<status status="PASS" start="2024-06-22T17:12:10.405111" elapsed="0.188466"/>
</kw>
<doc>Testa se a API responde corretamente e retorna um objeto JSON válido.</doc>
<tag>testeRequisicaoBasica</tag>
<status status="PASS" start="2024-06-22T17:12:10.404586" elapsed="0.189200"/>
</test>
<test id="s1-s1-t3" name="Validar estrutura de resposta" line="22">
<kw name="Teste de Estrutura de Resposta" owner="random-user-service">
<kw name="GET On Session" owner="RequestsLibrary">
<msg time="2024-06-22T17:12:10.693730" level="INFO">GET Request : url=https://randomuser.me/api 
 path_url=/api 
 headers={'User-Agent': 'python-requests/2.32.3', 'Accept-Encoding': 'gzip, deflate', 'Accept': '*/*', 'Connection': 'keep-alive'} 
 body=None 
 </msg>
<msg time="2024-06-22T17:12:10.693824" level="INFO">GET Response : url=https://randomuser.me/api 
 status=200, reason=OK 
 headers={'Date': 'Sat, 22 Jun 2024 17:12:10 GMT', 'Content-Type': 'application/json; charset=utf-8', 'Transfer-Encoding': 'chunked', 'Connection': 'keep-alive', 'X-Powered-By': 'Express', 'Access-Control-Allow-Origin': '*', 'Cache-Control': 'no-cache', 'ETag': 'W/"491-Mu/jOxtMCwSulhgw8mhnK24CJeM"', 'Vary': 'Accept-Encoding', 'Content-Encoding': 'gzip', 'CF-Cache-Status': 'DYNAMIC', 'Report-To': '{"endpoints":[{"url":"https:\\/\\/a.nel.cloudflare.com\\/report\\/v4?s=31Dku3LbdLCjk1jkZl6rmI257QY%2FaSaOEkNKLMTCrfNeKM%2Bwc0W1pzunnzWJ6aBpbBsAnP7qlV24Qwhd6wpng%2FEzFa8f8MzAc%2Fc0FybI8B3rwGsd%2FUzRsyUJQppDwvX7"}],"group":"cf-nel","max_age":604800}', 'NEL': '{"success_fraction":0,"report_to":"cf-nel","max_age":604800}', 'Server': 'cloudflare', 'CF-RAY': '897ddc9a4b503afa-IAD', 'alt-svc': 'h3=":443"; ma=86400'} 
 body={"results":[{"gender":"female","name":{"title":"Mrs","first":"Marine","last":"Lefevre"},"location":{"street":{"number":2992,"name":"Rue Pierre-Delore"},"city":"Nantes","state":"Saône-et-Loire","country":"France","postcode":57908,"coordinates":{"latitude":"-14.4246","longitude":"145.7162"},"timezone":{"offset":"-2:00","description":"Mid-Atlantic"}},"email":"marine.lefevre@example.com","login":{"uuid":"b8564f9d-80a2-45d2-b621-dbbbae02a90b","username":"bigsnake752","password":"birdie","salt":"bPkvZiBy","md5":"fb9ee74761967a9ebdde7d2152014d3c","sha1":"097bab0fc987a3067418036bf9998c8205e7141b","sha256":"afb9e61bed0939ff992946c39bc2f52a8a4e3a65908c54f0fe5e0ceba794db5e"},"dob":{"date":"1983-10-09T01:54:29.799Z","age":40},"registered":{"date":"2016-04-06T08:35:56.959Z","age":8},"phone":"05-01-66-07-89","cell":"06-12-29-35-91","id":{"name":"INSEE","value":"2830960253328 19"},"picture":{"large":"https://randomuser.me/api/portraits/women/65.jpg","medium":"https://randomuser.me/api/portraits/med/women/65.jpg","thumbnail":"https://randomuser.me/api/portraits/thumb/women/65.jpg"},"nat":"FR"}],"info":{"seed":"fd651fb1e2d88aea","results":1,"page":1,"version":"1.4"}} 
 </msg>
<msg time="2024-06-22T17:12:10.693941" level="INFO">/opt/hostedtoolcache/Python/3.12.4/x64/lib/python3.12/site-packages/urllib3/connectionpool.py:1099: InsecureRequestWarning: Unverified HTTPS request is being made to host 'randomuser.me'. Adding certificate verification is strongly advised. See: https://urllib3.readthedocs.io/en/latest/advanced-usage.html#tls-warnings
  warnings.warn(</msg>
<msg time="2024-06-22T17:12:10.694049" level="INFO">${response} = &lt;Response [200]&gt;</msg>
<var>${response}</var>
<arg>consultarAPI</arg>
<arg>/api</arg>
<doc>Sends a GET request on a previously created HTTP Session.</doc>
<status status="PASS" start="2024-06-22T17:12:10.596433" elapsed="0.097656"/>
</kw>
<kw name="Set Variable" owner="BuiltIn">
<msg time="2024-06-22T17:12:10.695049" level="INFO">${json_data} = {'results': [{'gender': 'female', 'name': {'title': 'Mrs', 'first': 'Marine', 'last': 'Lefevre'}, 'location': {'street': {'number': 2992, 'name': 'Rue Pierre-Delore'}, 'city': 'Nantes', 'state': 'Saôn...</msg>
<var>${json_data}</var>
<arg>${response.json()}</arg>
<doc>Returns the given values which can then be assigned to a variables.</doc>
<status status="PASS" start="2024-06-22T17:12:10.694543" elapsed="0.000535"/>
</kw>
<kw name="Log" owner="BuiltIn">
<msg time="2024-06-22T17:12:10.695551" level="INFO">{'results': [{'gender': 'female', 'name': {'title': 'Mrs', 'first': 'Marine', 'last': 'Lefevre'}, 'location': {'street': {'number': 2992, 'name': 'Rue Pierre-Delore'}, 'city': 'Nantes', 'state': 'Saône-et-Loire', 'country': 'France', 'postcode': 57908, 'coordinates': {'latitude': '-14.4246', 'longitude': '145.7162'}, 'timezone': {'offset': '-2:00', 'description': 'Mid-Atlantic'}}, 'email': 'marine.lefevre@example.com', 'login': {'uuid': 'b8564f9d-80a2-45d2-b621-dbbbae02a90b', 'username': 'bigsnake752', 'password': 'birdie', 'salt': 'bPkvZiBy', 'md5': 'fb9ee74761967a9ebdde7d2152014d3c', 'sha1': '097bab0fc987a3067418036bf9998c8205e7141b', 'sha256': 'afb9e61bed0939ff992946c39bc2f52a8a4e3a65908c54f0fe5e0ceba794db5e'}, 'dob': {'date': '1983-10-09T01:54:29.799Z', 'age': 40}, 'registered': {'date': '2016-04-06T08:35:56.959Z', 'age': 8}, 'phone': '05-01-66-07-89', 'cell': '06-12-29-35-91', 'id': {'name': 'INSEE', 'value': '2830960253328 19'}, 'picture': {'large': 'https://randomuser.me/api/portraits/women/65.jpg', 'medium': 'https://randomuser.me/api/portraits/med/women/65.jpg', 'thumbnail': 'https://randomuser.me/api/portraits/thumb/women/65.jpg'}, 'nat': 'FR'}], 'info': {'seed': 'fd651fb1e2d88aea', 'results': 1, 'page': 1, 'version': '1.4'}}</msg>
<arg>${json_data}</arg>
<doc>Logs the given message with the given level.</doc>
<status status="PASS" start="2024-06-22T17:12:10.695382" elapsed="0.000220"/>
</kw>
<kw name="Dictionary Should Contain Key" owner="Collections">
<arg>${json_data}</arg>
<arg>results</arg>
<doc>Fails if ``key`` is not found from ``dictionary``.</doc>
<status status="PASS" start="2024-06-22T17:12:10.695905" elapsed="0.000158"/>
</kw>
<kw name="Should Not Be Empty" owner="BuiltIn">
<msg time="2024-06-22T17:12:10.696380" level="INFO">Length is 2.</msg>
<arg>${json_data}</arg>
<doc>Verifies that the given item is not empty.</doc>
<status status="PASS" start="2024-06-22T17:12:10.696246" elapsed="0.000178"/>
</kw>
<kw name="Create List" owner="BuiltIn">
<msg time="2024-06-22T17:12:10.696862" level="INFO">${expected_keys} = ['gender', 'name', 'location', 'email', 'login']</msg>
<var>${expected_keys}</var>
<arg>gender</arg>
<arg>name</arg>
<arg>location</arg>
<arg>email</arg>
<arg>login</arg>
<doc>Returns a list containing given items.</doc>
<status status="PASS" start="2024-06-22T17:12:10.696714" elapsed="0.000173"/>
</kw>
<for flavor="IN">
<iter>
<kw name="Dictionary Should Contain Key" owner="Collections">
<arg>${json_data['results'][0]}</arg>
<arg>${key}</arg>
<doc>Fails if ``key`` is not found from ``dictionary``.</doc>
<status status="PASS" start="2024-06-22T17:12:10.697640" elapsed="0.000445"/>
</kw>
<kw name="Log" owner="BuiltIn">
<msg time="2024-06-22T17:12:10.698633" level="INFO">{'gender': 'female', 'name': {'title': 'Mrs', 'first': 'Marine', 'last': 'Lefevre'}, 'location': {'street': {'number': 2992, 'name': 'Rue Pierre-Delore'}, 'city': 'Nantes', 'state': 'Saône-et-Loire', 'country': 'France', 'postcode': 57908, 'coordinates': {'latitude': '-14.4246', 'longitude': '145.7162'}, 'timezone': {'offset': '-2:00', 'description': 'Mid-Atlantic'}}, 'email': 'marine.lefevre@example.com', 'login': {'uuid': 'b8564f9d-80a2-45d2-b621-dbbbae02a90b', 'username': 'bigsnake752', 'password': 'birdie', 'salt': 'bPkvZiBy', 'md5': 'fb9ee74761967a9ebdde7d2152014d3c', 'sha1': '097bab0fc987a3067418036bf9998c8205e7141b', 'sha256': 'afb9e61bed0939ff992946c39bc2f52a8a4e3a65908c54f0fe5e0ceba794db5e'}, 'dob': {'date': '1983-10-09T01:54:29.799Z', 'age': 40}, 'registered': {'date': '2016-04-06T08:35:56.959Z', 'age': 8}, 'phone': '05-01-66-07-89', 'cell': '06-12-29-35-91', 'id': {'name': 'INSEE', 'value': '2830960253328 19'}, 'picture': {'large': 'https://randomuser.me/api/portraits/women/65.jpg', 'medium': 'https://randomuser.me/api/portraits/med/women/65.jpg', 'thumbnail': 'https://randomuser.me/api/portraits/thumb/women/65.jpg'}, 'nat': 'FR'}</msg>
<arg>${json_data['results'][0]}</arg>
<doc>Logs the given message with the given level.</doc>
<status status="PASS" start="2024-06-22T17:12:10.698272" elapsed="0.000413"/>
</kw>
<kw name="Log" owner="BuiltIn">
<msg time="2024-06-22T17:12:10.699113" level="INFO">gender</msg>
<arg>${key}</arg>
<doc>Logs the given message with the given level.</doc>
<status status="PASS" start="2024-06-22T17:12:10.698985" elapsed="0.000165"/>
</kw>
<var name="${key}">gender</var>
<status status="PASS" start="2024-06-22T17:12:10.697512" elapsed="0.001853"/>
</iter>
<iter>
<kw name="Dictionary Should Contain Key" owner="Collections">
<arg>${json_data['results'][0]}</arg>
<arg>${key}</arg>
<doc>Fails if ``key`` is not found from ``dictionary``.</doc>
<status status="PASS" start="2024-06-22T17:12:10.699661" elapsed="0.000389"/>
</kw>
<kw name="Log" owner="BuiltIn">
<msg time="2024-06-22T17:12:10.700588" level="INFO">{'gender': 'female', 'name': {'title': 'Mrs', 'first': 'Marine', 'last': 'Lefevre'}, 'location': {'street': {'number': 2992, 'name': 'Rue Pierre-Delore'}, 'city': 'Nantes', 'state': 'Saône-et-Loire', 'country': 'France', 'postcode': 57908, 'coordinates': {'latitude': '-14.4246', 'longitude': '145.7162'}, 'timezone': {'offset': '-2:00', 'description': 'Mid-Atlantic'}}, 'email': 'marine.lefevre@example.com', 'login': {'uuid': 'b8564f9d-80a2-45d2-b621-dbbbae02a90b', 'username': 'bigsnake752', 'password': 'birdie', 'salt': 'bPkvZiBy', 'md5': 'fb9ee74761967a9ebdde7d2152014d3c', 'sha1': '097bab0fc987a3067418036bf9998c8205e7141b', 'sha256': 'afb9e61bed0939ff992946c39bc2f52a8a4e3a65908c54f0fe5e0ceba794db5e'}, 'dob': {'date': '1983-10-09T01:54:29.799Z', 'age': 40}, 'registered': {'date': '2016-04-06T08:35:56.959Z', 'age': 8}, 'phone': '05-01-66-07-89', 'cell': '06-12-29-35-91', 'id': {'name': 'INSEE', 'value': '2830960253328 19'}, 'picture': {'large': 'https://randomuser.me/api/portraits/women/65.jpg', 'medium': 'https://randomuser.me/api/portraits/med/women/65.jpg', 'thumbnail': 'https://randomuser.me/api/portraits/thumb/women/65.jpg'}, 'nat': 'FR'}</msg>
<arg>${json_data['results'][0]}</arg>
<doc>Logs the given message with the given level.</doc>
<status status="PASS" start="2024-06-22T17:12:10.700237" elapsed="0.000443"/>
</kw>
<kw name="Log" owner="BuiltIn">
<msg time="2024-06-22T17:12:10.701101" level="INFO">name</msg>
<arg>${key}</arg>
<doc>Logs the given message with the given level.</doc>
<status status="PASS" start="2024-06-22T17:12:10.700974" elapsed="0.000165"/>
</kw>
<var name="${key}">name</var>
<status status="PASS" start="2024-06-22T17:12:10.699552" elapsed="0.001801"/>
</iter>
<iter>
<kw name="Dictionary Should Contain Key" owner="Collections">
<arg>${json_data['results'][0]}</arg>
<arg>${key}</arg>
<doc>Fails if ``key`` is not found from ``dictionary``.</doc>
<status status="PASS" start="2024-06-22T17:12:10.701635" elapsed="0.000427"/>
</kw>
<kw name="Log" owner="BuiltIn">
<msg time="2024-06-22T17:12:10.702594" level="INFO">{'gender': 'female', 'name': {'title': 'Mrs', 'first': 'Marine', 'last': 'Lefevre'}, 'location': {'street': {'number': 2992, 'name': 'Rue Pierre-Delore'}, 'city': 'Nantes', 'state': 'Saône-et-Loire', 'country': 'France', 'postcode': 57908, 'coordinates': {'latitude': '-14.4246', 'longitude': '145.7162'}, 'timezone': {'offset': '-2:00', 'description': 'Mid-Atlantic'}}, 'email': 'marine.lefevre@example.com', 'login': {'uuid': 'b8564f9d-80a2-45d2-b621-dbbbae02a90b', 'username': 'bigsnake752', 'password': 'birdie', 'salt': 'bPkvZiBy', 'md5': 'fb9ee74761967a9ebdde7d2152014d3c', 'sha1': '097bab0fc987a3067418036bf9998c8205e7141b', 'sha256': 'afb9e61bed0939ff992946c39bc2f52a8a4e3a65908c54f0fe5e0ceba794db5e'}, 'dob': {'date': '1983-10-09T01:54:29.799Z', 'age': 40}, 'registered': {'date': '2016-04-06T08:35:56.959Z', 'age': 8}, 'phone': '05-01-66-07-89', 'cell': '06-12-29-35-91', 'id': {'name': 'INSEE', 'value': '2830960253328 19'}, 'picture': {'large': 'https://randomuser.me/api/portraits/women/65.jpg', 'medium': 'https://randomuser.me/api/portraits/med/women/65.jpg', 'thumbnail': 'https://randomuser.me/api/portraits/thumb/women/65.jpg'}, 'nat': 'FR'}</msg>
<arg>${json_data['results'][0]}</arg>
<doc>Logs the given message with the given level.</doc>
<status status="PASS" start="2024-06-22T17:12:10.702240" elapsed="0.000403"/>
</kw>
<kw name="Log" owner="BuiltIn">
<msg time="2024-06-22T17:12:10.703059" level="INFO">location</msg>
<arg>${key}</arg>
<doc>Logs the given message with the given level.</doc>
<status status="PASS" start="2024-06-22T17:12:10.702933" elapsed="0.000163"/>
</kw>
<var name="${key}">location</var>
<status status="PASS" start="2024-06-22T17:12:10.701528" elapsed="0.001783"/>
</iter>
<iter>
<kw name="Dictionary Should Contain Key" owner="Collections">
<arg>${json_data['results'][0]}</arg>
<arg>${key}</arg>
<doc>Fails if ``key`` is not found from ``dictionary``.</doc>
<status status="PASS" start="2024-06-22T17:12:10.703582" elapsed="0.000373"/>
</kw>
<kw name="Log" owner="BuiltIn">
<msg time="2024-06-22T17:12:10.704524" level="INFO">{'gender': 'female', 'name': {'title': 'Mrs', 'first': 'Marine', 'last': 'Lefevre'}, 'location': {'street': {'number': 2992, 'name': 'Rue Pierre-Delore'}, 'city': 'Nantes', 'state': 'Saône-et-Loire', 'country': 'France', 'postcode': 57908, 'coordinates': {'latitude': '-14.4246', 'longitude': '145.7162'}, 'timezone': {'offset': '-2:00', 'description': 'Mid-Atlantic'}}, 'email': 'marine.lefevre@example.com', 'login': {'uuid': 'b8564f9d-80a2-45d2-b621-dbbbae02a90b', 'username': 'bigsnake752', 'password': 'birdie', 'salt': 'bPkvZiBy', 'md5': 'fb9ee74761967a9ebdde7d2152014d3c', 'sha1': '097bab0fc987a3067418036bf9998c8205e7141b', 'sha256': 'afb9e61bed0939ff992946c39bc2f52a8a4e3a65908c54f0fe5e0ceba794db5e'}, 'dob': {'date': '1983-10-09T01:54:29.799Z', 'age': 40}, 'registered': {'date': '2016-04-06T08:35:56.959Z', 'age': 8}, 'phone': '05-01-66-07-89', 'cell': '06-12-29-35-91', 'id': {'name': 'INSEE', 'value': '2830960253328 19'}, 'picture': {'large': 'https://randomuser.me/api/portraits/women/65.jpg', 'medium': 'https://randomuser.me/api/portraits/med/women/65.jpg', 'thumbnail': 'https://randomuser.me/api/portraits/thumb/women/65.jpg'}, 'nat': 'FR'}</msg>
<arg>${json_data['results'][0]}</arg>
<doc>Logs the given message with the given level.</doc>
<status status="PASS" start="2024-06-22T17:12:10.704158" elapsed="0.000429"/>
</kw>
<kw name="Log" owner="BuiltIn">
<msg time="2024-06-22T17:12:10.705092" level="INFO">email</msg>
<arg>${key}</arg>
<doc>Logs the given message with the given level.</doc>
<status status="PASS" start="2024-06-22T17:12:10.704937" elapsed="0.000204"/>
</kw>
<var name="${key}">email</var>
<status status="PASS" start="2024-06-22T17:12:10.703476" elapsed="0.001919"/>
</iter>
<iter>
<kw name="Dictionary Should Contain Key" owner="Collections">
<arg>${json_data['results'][0]}</arg>
<arg>${key}</arg>
<doc>Fails if ``key`` is not found from ``dictionary``.</doc>
<status status="PASS" start="2024-06-22T17:12:10.705693" elapsed="0.000400"/>
</kw>
<kw name="Log" owner="BuiltIn">
<msg time="2024-06-22T17:12:10.706621" level="INFO">{'gender': 'female', 'name': {'title': 'Mrs', 'first': 'Marine', 'last': 'Lefevre'}, 'location': {'street': {'number': 2992, 'name': 'Rue Pierre-Delore'}, 'city': 'Nantes', 'state': 'Saône-et-Loire', 'country': 'France', 'postcode': 57908, 'coordinates': {'latitude': '-14.4246', 'longitude': '145.7162'}, 'timezone': {'offset': '-2:00', 'description': 'Mid-Atlantic'}}, 'email': 'marine.lefevre@example.com', 'login': {'uuid': 'b8564f9d-80a2-45d2-b621-dbbbae02a90b', 'username': 'bigsnake752', 'password': 'birdie', 'salt': 'bPkvZiBy', 'md5': 'fb9ee74761967a9ebdde7d2152014d3c', 'sha1': '097bab0fc987a3067418036bf9998c8205e7141b', 'sha256': 'afb9e61bed0939ff992946c39bc2f52a8a4e3a65908c54f0fe5e0ceba794db5e'}, 'dob': {'date': '1983-10-09T01:54:29.799Z', 'age': 40}, 'registered': {'date': '2016-04-06T08:35:56.959Z', 'age': 8}, 'phone': '05-01-66-07-89', 'cell': '06-12-29-35-91', 'id': {'name': 'INSEE', 'value': '2830960253328 19'}, 'picture': {'large': 'https://randomuser.me/api/portraits/women/65.jpg', 'medium': 'https://randomuser.me/api/portraits/med/women/65.jpg', 'thumbnail': 'https://randomuser.me/api/portraits/thumb/women/65.jpg'}, 'nat': 'FR'}</msg>
<arg>${json_data['results'][0]}</arg>
<doc>Logs the given message with the given level.</doc>
<status status="PASS" start="2024-06-22T17:12:10.706272" elapsed="0.000407"/>
</kw>
<kw name="Log" owner="BuiltIn">
<msg time="2024-06-22T17:12:10.707114" level="INFO">login</msg>
<arg>${key}</arg>
<doc>Logs the given message with the given level.</doc>
<status status="PASS" start="2024-06-22T17:12:10.706985" elapsed="0.000166"/>
</kw>
<var name="${key}">login</var>
<status status="PASS" start="2024-06-22T17:12:10.705565" elapsed="0.001796"/>
</iter>
<var>${key}</var>
<value>@{expected_keys}</value>
<status status="PASS" start="2024-06-22T17:12:10.697319" elapsed="0.010167"/>
</for>
<kw name="Create List" owner="BuiltIn">
<msg time="2024-06-22T17:12:10.707804" level="INFO">${expected_keysTwo} = ['username', 'password']</msg>
<var>${expected_keysTwo}</var>
<arg>username</arg>
<arg>password</arg>
<doc>Returns a list containing given items.</doc>
<status status="PASS" start="2024-06-22T17:12:10.707670" elapsed="0.000186"/>
</kw>
<for flavor="IN">
<iter>
<kw name="Dictionary Should Contain Key" owner="Collections">
<arg>${json_data['results'][0]['login']}</arg>
<arg>${keyTwo}</arg>
<doc>Fails if ``key`` is not found from ``dictionary``.</doc>
<status status="PASS" start="2024-06-22T17:12:10.708356" elapsed="0.000386"/>
</kw>
<kw name="Dictionary Should Contain Key" owner="Collections">
<arg>${json_data['results'][0]['login']}</arg>
<arg>${keyTwo}</arg>
<doc>Fails if ``key`` is not found from ``dictionary``.</doc>
<status status="PASS" start="2024-06-22T17:12:10.708919" elapsed="0.000371"/>
</kw>
<kw name="Log" owner="BuiltIn">
<msg time="2024-06-22T17:12:10.709583" level="INFO">username</msg>
<arg>${keyTwo}</arg>
<doc>Logs the given message with the given level.</doc>
<status status="PASS" start="2024-06-22T17:12:10.709463" elapsed="0.000157"/>
</kw>
<var name="${keyTwo}">username</var>
<status status="PASS" start="2024-06-22T17:12:10.708252" elapsed="0.001622"/>
</iter>
<iter>
<kw name="Dictionary Should Contain Key" owner="Collections">
<arg>${json_data['results'][0]['login']}</arg>
<arg>${keyTwo}</arg>
<doc>Fails if ``key`` is not found from ``dictionary``.</doc>
<status status="PASS" start="2024-06-22T17:12:10.710149" elapsed="0.000379"/>
</kw>
<kw name="Dictionary Should Contain Key" owner="Collections">
<arg>${json_data['results'][0]['login']}</arg>
<arg>${keyTwo}</arg>
<doc>Fails if ``key`` is not found from ``dictionary``.</doc>
<status status="PASS" start="2024-06-22T17:12:10.710701" elapsed="0.000378"/>
</kw>
<kw name="Log" owner="BuiltIn">
<msg time="2024-06-22T17:12:10.711374" level="INFO">password</msg>
<arg>${keyTwo}</arg>
<doc>Logs the given message with the given level.</doc>
<status status="PASS" start="2024-06-22T17:12:10.711255" elapsed="0.000155"/>
</kw>
<var name="${keyTwo}">password</var>
<status status="PASS" start="2024-06-22T17:12:10.710044" elapsed="0.001585"/>
</iter>
<var>${keyTwo}</var>
<value>@{expected_keysTwo}</value>
<status status="PASS" start="2024-06-22T17:12:10.708101" elapsed="0.003647"/>
</for>
<status status="PASS" start="2024-06-22T17:12:10.596206" elapsed="0.115680"/>
</kw>
<doc>Testa a estrutura da resposta da API.</doc>
<tag>testeEstruturaResposta</tag>
<status status="PASS" start="2024-06-22T17:12:10.595613" elapsed="0.116427"/>
</test>
<test id="s1-s1-t4" name="Validar tipos de dados" line="28">
<kw name="Teste de Tipos de Dados" owner="random-user-service">
<kw name="GET On Session" owner="RequestsLibrary">
<msg time="2024-06-22T17:12:10.798957" level="INFO">GET Request : url=https://randomuser.me/api 
 path_url=/api 
 headers={'User-Agent': 'python-requests/2.32.3', 'Accept-Encoding': 'gzip, deflate', 'Accept': '*/*', 'Connection': 'keep-alive'} 
 body=None 
 </msg>
<msg time="2024-06-22T17:12:10.799044" level="INFO">GET Response : url=https://randomuser.me/api 
 status=200, reason=OK 
 headers={'Date': 'Sat, 22 Jun 2024 17:12:10 GMT', 'Content-Type': 'application/json; charset=utf-8', 'Transfer-Encoding': 'chunked', 'Connection': 'keep-alive', 'X-Powered-By': 'Express', 'Access-Control-Allow-Origin': '*', 'Cache-Control': 'no-cache', 'ETag': 'W/"470-8fSvY33d5szszw0RExQRz3m6Apk"', 'Vary': 'Accept-Encoding', 'Content-Encoding': 'gzip', 'CF-Cache-Status': 'DYNAMIC', 'Report-To': '{"endpoints":[{"url":"https:\\/\\/a.nel.cloudflare.com\\/report\\/v4?s=NP4VYHpWoxfOksxjOTElR%2FVsodYkPrWjhc33REMwoDSJAtI9rW35WU6%2By4o5PvW6b%2Fxds4EYQ8V4Pomim26CWMcP8li%2FGIQ3%2FqBZmpWPgeA2YYRb5LpL8%2FCo9jO50AgV"}],"group":"cf-nel","max_age":604800}', 'NEL': '{"success_fraction":0,"report_to":"cf-nel","max_age":604800}', 'Server': 'cloudflare', 'CF-RAY': '897ddc9afc243afa-IAD', 'alt-svc': 'h3=":443"; ma=86400'} 
 body={"results":[{"gender":"male","name":{"title":"Mr","first":"David","last":"Anderson"},"location":{"street":{"number":7827,"name":"Pine Rd"},"city":"Oakville","state":"Manitoba","country":"Canada","postcode":"D4O 2A3","coordinates":{"latitude":"-72.2988","longitude":"-75.1050"},"timezone":{"offset":"-9:00","description":"Alaska"}},"email":"david.anderson@example.com","login":{"uuid":"301cca20-11d3-4609-b969-bcded6942a09","username":"heavymeercat759","password":"montecar","salt":"hg1ozcJB","md5":"acf1b91072eeacaf9f093487b50876b2","sha1":"53951c24bcd8acf7b90b67962506a1390bc14f2f","sha256":"f89541323e984ef56b8c14f55c8e2baf48adad1c7048e8231c5963c5b8ee49d1"},"dob":{"date":"1989-01-03T17:32:51.923Z","age":35},"registered":{"date":"2019-07-04T19:57:01.967Z","age":4},"phone":"W46 H16-0560","cell":"V49 W25-1581","id":{"name":"SIN","value":"227920204"},"picture":{"large":"https://randomuser.me/api/portraits/men/90.jpg","medium":"https://randomuser.me/api/portraits/med/men/90.jpg","thumbnail":"https://randomuser.me/api/portraits/thumb/men/90.jpg"},"nat":"CA"}],"info":{"seed":"c0ef0ce35e56b942","results":1,"page":1,"version":"1.4"}} 
 </msg>
<msg time="2024-06-22T17:12:10.799110" level="INFO">/opt/hostedtoolcache/Python/3.12.4/x64/lib/python3.12/site-packages/urllib3/connectionpool.py:1099: InsecureRequestWarning: Unverified HTTPS request is being made to host 'randomuser.me'. Adding certificate verification is strongly advised. See: https://urllib3.readthedocs.io/en/latest/advanced-usage.html#tls-warnings
  warnings.warn(</msg>
<msg time="2024-06-22T17:12:10.799219" level="INFO">${response} = &lt;Response [200]&gt;</msg>
<var>${response}</var>
<arg>consultarAPI</arg>
<arg>/api</arg>
<doc>Sends a GET request on a previously created HTTP Session.</doc>
<status status="PASS" start="2024-06-22T17:12:10.714701" elapsed="0.084559"/>
</kw>
<kw name="Set Variable" owner="BuiltIn">
<msg time="2024-06-22T17:12:10.800359" level="INFO">${json_data} = {'results': [{'gender': 'male', 'name': {'title': 'Mr', 'first': 'David', 'last': 'Anderson'}, 'location': {'street': {'number': 7827, 'name': 'Pine Rd'}, 'city': 'Oakville', 'state': 'Manitoba', 'cou...</msg>
<var>${json_data}</var>
<arg>${response.json()}</arg>
<doc>Returns the given values which can then be assigned to a variables.</doc>
<status status="PASS" start="2024-06-22T17:12:10.799799" elapsed="0.000588"/>
</kw>
<kw name="Log" owner="BuiltIn">
<msg time="2024-06-22T17:12:10.800841" level="INFO">{'results': [{'gender': 'male', 'name': {'title': 'Mr', 'first': 'David', 'last': 'Anderson'}, 'location': {'street': {'number': 7827, 'name': 'Pine Rd'}, 'city': 'Oakville', 'state': 'Manitoba', 'country': 'Canada', 'postcode': 'D4O 2A3', 'coordinates': {'latitude': '-72.2988', 'longitude': '-75.1050'}, 'timezone': {'offset': '-9:00', 'description': 'Alaska'}}, 'email': 'david.anderson@example.com', 'login': {'uuid': '301cca20-11d3-4609-b969-bcded6942a09', 'username': 'heavymeercat759', 'password': 'montecar', 'salt': 'hg1ozcJB', 'md5': 'acf1b91072eeacaf9f093487b50876b2', 'sha1': '53951c24bcd8acf7b90b67962506a1390bc14f2f', 'sha256': 'f89541323e984ef56b8c14f55c8e2baf48adad1c7048e8231c5963c5b8ee49d1'}, 'dob': {'date': '1989-01-03T17:32:51.923Z', 'age': 35}, 'registered': {'date': '2019-07-04T19:57:01.967Z', 'age': 4}, 'phone': 'W46 H16-0560', 'cell': 'V49 W25-1581', 'id': {'name': 'SIN', 'value': '227920204'}, 'picture': {'large': 'https://randomuser.me/api/portraits/men/90.jpg', 'medium': 'https://randomuser.me/api/portraits/med/men/90.jpg', 'thumbnail': 'https://randomuser.me/api/portraits/thumb/men/90.jpg'}, 'nat': 'CA'}], 'info': {'seed': 'c0ef0ce35e56b942', 'results': 1, 'page': 1, 'version': '1.4'}}</msg>
<arg>${json_data}</arg>
<doc>Logs the given message with the given level.</doc>
<status status="PASS" start="2024-06-22T17:12:10.800689" elapsed="0.000200"/>
</kw>
<kw name="Should Be String" owner="String">
<arg>${json_data['results'][0]['gender']}</arg>
<doc>Fails if the given ``item`` is not a string.</doc>
<status status="PASS" start="2024-06-22T17:12:10.801176" elapsed="0.000372"/>
</kw>
<kw name="Should Match Regexp" owner="BuiltIn">
<arg>${json_data['results'][0]['email']}</arg>
<arg>^[a-zA-Z0-9._%+-]+@[a-zA-Z0-9.-]+\.[a-zA-Z]{2,}$</arg>
<doc>Fails if ``string`` does not match ``pattern`` as a regular expression.</doc>
<status status="PASS" start="2024-06-22T17:12:10.801773" elapsed="0.000536"/>
</kw>
<kw name="Should Match Regexp" owner="BuiltIn">
<arg>${json_data['results'][0]['dob']['date']}</arg>
<arg>\\d{4}-\\d{2}-\\d{2}T\\d{2}:\\d{2}:\\d{2}\\.\\d{3}Z</arg>
<doc>Fails if ``string`` does not match ``pattern`` as a regular expression.</doc>
<status status="PASS" start="2024-06-22T17:12:10.802538" elapsed="0.000485"/>
</kw>
<kw name="Should Match Regexp" owner="BuiltIn">
<arg>${json_data['results'][0]['registered']['date']}</arg>
<arg>\\d{4}-\\d{2}-\\d{2}T\\d{2}:\\d{2}:\\d{2}\\.\\d{3}Z</arg>
<doc>Fails if ``string`` does not match ``pattern`` as a regular expression.</doc>
<status status="PASS" start="2024-06-22T17:12:10.803215" elapsed="0.000373"/>
</kw>
<kw name="Should Match Regexp" owner="BuiltIn">
<arg>${json_data['results'][0]['picture']['large']}</arg>
<arg>^https?://.*\.(?:png|jpe?g|gif|bmp)$</arg>
<doc>Fails if ``string`` does not match ``pattern`` as a regular expression.</doc>
<status status="PASS" start="2024-06-22T17:12:10.803771" elapsed="0.000453"/>
</kw>
<kw name="Should Match Regexp" owner="BuiltIn">
<arg>${json_data['results'][0]['picture']['medium']}</arg>
<arg>^https?://.*\.(?:png|jpe?g|gif|bmp)$</arg>
<doc>Fails if ``string`` does not match ``pattern`` as a regular expression.</doc>
<status status="PASS" start="2024-06-22T17:12:10.804411" elapsed="0.000347"/>
</kw>
<kw name="Should Match Regexp" owner="BuiltIn">
<arg>${json_data['results'][0]['picture']['thumbnail']}</arg>
<arg>^https?://.*\.(?:png|jpe?g|gif|bmp)$</arg>
<doc>Fails if ``string`` does not match ``pattern`` as a regular expression.</doc>
<status status="PASS" start="2024-06-22T17:12:10.804940" elapsed="0.000344"/>
</kw>
<kw name="Log" owner="BuiltIn">
<msg time="2024-06-22T17:12:10.805815" level="INFO">{'large': 'https://randomuser.me/api/portraits/men/90.jpg', 'medium': 'https://randomuser.me/api/portraits/med/men/90.jpg', 'thumbnail': 'https://randomuser.me/api/portraits/thumb/men/90.jpg'}</msg>
<arg>${json_data['results'][0]['picture']}</arg>
<doc>Logs the given message with the given level.</doc>
<status status="PASS" start="2024-06-22T17:12:10.805461" elapsed="0.000397"/>
</kw>
<status status="PASS" start="2024-06-22T17:12:10.714474" elapsed="0.091653"/>
</kw>
<kw name="Teste de Tipos de Dados - Postcode" owner="random-user-service">
<kw name="GET On Session" owner="RequestsLibrary">
<msg time="2024-06-22T17:12:10.899783" level="INFO">GET Request : url=https://randomuser.me/api 
 path_url=/api 
 headers={'User-Agent': 'python-requests/2.32.3', 'Accept-Encoding': 'gzip, deflate', 'Accept': '*/*', 'Connection': 'keep-alive'} 
 body=None 
 </msg>
<msg time="2024-06-22T17:12:10.899872" level="INFO">GET Response : url=https://randomuser.me/api 
 status=200, reason=OK 
 headers={'Date': 'Sat, 22 Jun 2024 17:12:10 GMT', 'Content-Type': 'application/json; charset=utf-8', 'Transfer-Encoding': 'chunked', 'Connection': 'keep-alive', 'X-Powered-By': 'Express', 'Access-Control-Allow-Origin': '*', 'Cache-Control': 'no-cache', 'ETag': 'W/"4a6-2WmbTIMQlS+sh1WBWDIbMw7AJAA"', 'Vary': 'Accept-Encoding', 'Content-Encoding': 'gzip', 'CF-Cache-Status': 'DYNAMIC', 'Report-To': '{"endpoints":[{"url":"https:\\/\\/a.nel.cloudflare.com\\/report\\/v4?s=4xaGJYHVk0PKGSzcVf5oQeb%2BVSL2v9vFutoht%2BNmNMXEr5RFPO9IRMzaCGK3Jpys3AhuAK2fqQavS6kE0eJKgHL05z7dGgGh3MnzMcNRdG6InARZe5BPmn7EZSC5PNyT"}],"group":"cf-nel","max_age":604800}', 'NEL': '{"success_fraction":0,"report_to":"cf-nel","max_age":604800}', 'Server': 'cloudflare', 'CF-RAY': '897ddc9b9cd53afa-IAD', 'alt-svc': 'h3=":443"; ma=86400'} 
 body={"results":[{"gender":"male","name":{"title":"Mr","first":"Darío","last":"Colón"},"location":{"street":{"number":248,"name":"Eje vial Carmona"},"city":"El Bordo Buenavista","state":"Ciudad de Mexico","country":"Mexico","postcode":40830,"coordinates":{"latitude":"23.8502","longitude":"-40.1098"},"timezone":{"offset":"+1:00","description":"Brussels, Copenhagen, Madrid, Paris"}},"email":"dario.colon@example.com","login":{"uuid":"33709335-7bc9-4c7d-a977-e2bb03e82a35","username":"heavykoala914","password":"maryann","salt":"DRUKVE2i","md5":"aa0d20047f1f497b9a7973b067fd9440","sha1":"df9277aa19882c9ad07f8b68f37928a77b0288fe","sha256":"47e6a473d09a687c0456a09a94a2a17036de4056c8bdcd048531086effc97706"},"dob":{"date":"1955-02-28T09:50:25.137Z","age":69},"registered":{"date":"2016-03-07T18:48:33.141Z","age":8},"phone":"(602) 851 6232","cell":"(621) 913 9868","id":{"name":"NSS","value":"38 70 00 5068 3"},"picture":{"large":"https://randomuser.me/api/portraits/men/69.jpg","medium":"https://randomuser.me/api/portraits/med/men/69.jpg","thumbnail":"https://randomuser.me/api/portraits/thumb/men/69.jpg"},"nat":"MX"}],"info":{"seed":"75c358ea91af5ee3","results":1,"page":1,"version":"1.4"}} 
 </msg>
<msg time="2024-06-22T17:12:10.899954" level="INFO">/opt/hostedtoolcache/Python/3.12.4/x64/lib/python3.12/site-packages/urllib3/connectionpool.py:1099: InsecureRequestWarning: Unverified HTTPS request is being made to host 'randomuser.me'. Adding certificate verification is strongly advised. See: https://urllib3.readthedocs.io/en/latest/advanced-usage.html#tls-warnings
  warnings.warn(</msg>
<msg time="2024-06-22T17:12:10.900052" level="INFO">${response} = &lt;Response [200]&gt;</msg>
<var>${response}</var>
<arg>consultarAPI</arg>
<arg>/api</arg>
<doc>Sends a GET request on a previously created HTTP Session.</doc>
<status status="PASS" start="2024-06-22T17:12:10.806569" elapsed="0.093523"/>
</kw>
<kw name="Set Variable" owner="BuiltIn">
<msg time="2024-06-22T17:12:10.901132" level="INFO">${json_data} = {'results': [{'gender': 'male', 'name': {'title': 'Mr', 'first': 'Darío', 'last': 'Colón'}, 'location': {'street': {'number': 248, 'name': 'Eje vial Carmona'}, 'city': 'El Bordo Buenavista', 'state': ...</msg>
<var>${json_data}</var>
<arg>${response.json()}</arg>
<doc>Returns the given values which can then be assigned to a variables.</doc>
<status status="PASS" start="2024-06-22T17:12:10.900549" elapsed="0.000614"/>
</kw>
<kw name="Log" owner="BuiltIn">
<msg time="2024-06-22T17:12:10.901618" level="INFO">{'results': [{'gender': 'male', 'name': {'title': 'Mr', 'first': 'Darío', 'last': 'Colón'}, 'location': {'street': {'number': 248, 'name': 'Eje vial Carmona'}, 'city': 'El Bordo Buenavista', 'state': 'Ciudad de Mexico', 'country': 'Mexico', 'postcode': 40830, 'coordinates': {'latitude': '23.8502', 'longitude': '-40.1098'}, 'timezone': {'offset': '+1:00', 'description': 'Brussels, Copenhagen, Madrid, Paris'}}, 'email': 'dario.colon@example.com', 'login': {'uuid': '33709335-7bc9-4c7d-a977-e2bb03e82a35', 'username': 'heavykoala914', 'password': 'maryann', 'salt': 'DRUKVE2i', 'md5': 'aa0d20047f1f497b9a7973b067fd9440', 'sha1': 'df9277aa19882c9ad07f8b68f37928a77b0288fe', 'sha256': '47e6a473d09a687c0456a09a94a2a17036de4056c8bdcd048531086effc97706'}, 'dob': {'date': '1955-02-28T09:50:25.137Z', 'age': 69}, 'registered': {'date': '2016-03-07T18:48:33.141Z', 'age': 8}, 'phone': '(602) 851 6232', 'cell': '(621) 913 9868', 'id': {'name': 'NSS', 'value': '38 70 00 5068 3'}, 'picture': {'large': 'https://randomuser.me/api/portraits/men/69.jpg', 'medium': 'https://randomuser.me/api/portraits/med/men/69.jpg', 'thumbnail': 'https://randomuser.me/api/portraits/thumb/men/69.jpg'}, 'nat': 'MX'}], 'info': {'seed': '75c358ea91af5ee3', 'results': 1, 'page': 1, 'version': '1.4'}}</msg>
<arg>${json_data}</arg>
<doc>Logs the given message with the given level.</doc>
<status status="PASS" start="2024-06-22T17:12:10.901464" elapsed="0.000232"/>
</kw>
<kw name="Should Be Equal As Numbers" owner="BuiltIn">
<arg>${json_data['results'][0]['location']['postcode']}</arg>
<arg>${json_data['results'][0]['location']['postcode']}</arg>
<doc>Fails if objects are unequal after converting them to real numbers.</doc>
<status status="PASS" start="2024-06-22T17:12:10.902014" elapsed="0.000734"/>
</kw>
<kw name="Log" owner="BuiltIn">
<msg time="2024-06-22T17:12:10.903349" level="INFO">40830</msg>
<arg>${json_data['results'][0]['location']['postcode']}</arg>
<doc>Logs the given message with the given level.</doc>
<status status="PASS" start="2024-06-22T17:12:10.903002" elapsed="0.000389"/>
</kw>
<status status="PASS" start="2024-06-22T17:12:10.806351" elapsed="0.097318"/>
</kw>
<doc>Testa se os tipos de dados na resposta da API estão corretos.</doc>
<tag>testeTiposDados</tag>
<status status="PASS" start="2024-06-22T17:12:10.713815" elapsed="0.190014"/>
</test>
<test id="s1-s1-t5" name="Validar conteudo" line="35">
<kw name="Teste de Tipos de Conteudo" owner="random-user-service">
<kw name="GET On Session" owner="RequestsLibrary">
<msg time="2024-06-22T17:12:10.987112" level="INFO">GET Request : url=https://randomuser.me/api 
 path_url=/api 
 headers={'User-Agent': 'python-requests/2.32.3', 'Accept-Encoding': 'gzip, deflate', 'Accept': '*/*', 'Connection': 'keep-alive'} 
 body=None 
 </msg>
<msg time="2024-06-22T17:12:10.987176" level="INFO">GET Response : url=https://randomuser.me/api 
 status=200, reason=OK 
 headers={'Date': 'Sat, 22 Jun 2024 17:12:10 GMT', 'Content-Type': 'application/json; charset=utf-8', 'Transfer-Encoding': 'chunked', 'Connection': 'keep-alive', 'X-Powered-By': 'Express', 'Access-Control-Allow-Origin': '*', 'Cache-Control': 'no-cache', 'ETag': 'W/"487-vb9BMyEdlKZ37kZwPFmPTjUHWgk"', 'Vary': 'Accept-Encoding', 'Content-Encoding': 'gzip', 'CF-Cache-Status': 'DYNAMIC', 'Report-To': '{"endpoints":[{"url":"https:\\/\\/a.nel.cloudflare.com\\/report\\/v4?s=9XT%2BncrGCO%2Fm%2BCMh%2FUk4hNt2c4L4CT%2BqXyouENc3rmi1mtkf7w7Z6JY3FiNmpx9t0sXW4FwPrcUU0RiOOj7OTsexEsQkThahjZTRp4iF6kjEWC5EQ8xgx%2FdcARy%2FfPsj"}],"group":"cf-nel","max_age":604800}', 'NEL': '{"success_fraction":0,"report_to":"cf-nel","max_age":604800}', 'Server': 'cloudflare', 'CF-RAY': '897ddc9c3da63afa-IAD', 'alt-svc': 'h3=":443"; ma=86400'} 
 body={"results":[{"gender":"male","name":{"title":"Mr","first":"Fillip","last":"Haave"},"location":{"street":{"number":4982,"name":"Røaveien"},"city":"Konglungen","state":"Sør-Trøndelag","country":"Norway","postcode":"5146","coordinates":{"latitude":"46.6751","longitude":"-108.3749"},"timezone":{"offset":"+8:00","description":"Beijing, Perth, Singapore, Hong Kong"}},"email":"fillip.haave@example.com","login":{"uuid":"46d7b6b9-337f-4862-bb33-4cc91899c3b5","username":"brownduck360","password":"reading","salt":"onD0HAlU","md5":"e5433dc710253bb16e4ed74493836f8d","sha1":"0f0b2b3cfc5d2de12381f686834ce0af74cd021c","sha256":"dd5bc72e2978ef4b9690d0cf1939300b1dc49a61f3791d7b8ffd6b4f60558c39"},"dob":{"date":"1988-02-10T15:59:24.981Z","age":36},"registered":{"date":"2018-01-13T17:52:36.215Z","age":6},"phone":"25557273","cell":"97042875","id":{"name":"FN","value":"10028835928"},"picture":{"large":"https://randomuser.me/api/portraits/men/56.jpg","medium":"https://randomuser.me/api/portraits/med/men/56.jpg","thumbnail":"https://randomuser.me/api/portraits/thumb/men/56.jpg"},"nat":"NO"}],"info":{"seed":"0de60f1811c1bfdd","results":1,"page":1,"version":"1.4"}} 
 </msg>
<msg time="2024-06-22T17:12:10.987248" level="INFO">/opt/hostedtoolcache/Python/3.12.4/x64/lib/python3.12/site-packages/urllib3/connectionpool.py:1099: InsecureRequestWarning: Unverified HTTPS request is being made to host 'randomuser.me'. Adding certificate verification is strongly advised. See: https://urllib3.readthedocs.io/en/latest/advanced-usage.html#tls-warnings
  warnings.warn(</msg>
<msg time="2024-06-22T17:12:10.987341" level="INFO">${response} = &lt;Response [200]&gt;</msg>
<var>${response}</var>
<arg>consultarAPI</arg>
<arg>/api</arg>
<doc>Sends a GET request on a previously created HTTP Session.</doc>
<status status="PASS" start="2024-06-22T17:12:10.906568" elapsed="0.080814"/>
</kw>
<kw name="Set Variable" owner="BuiltIn">
<msg time="2024-06-22T17:12:10.988429" level="INFO">${json_data} = {'results': [{'gender': 'male', 'name': {'title': 'Mr', 'first': 'Fillip', 'last': 'Haave'}, 'location': {'street': {'number': 4982, 'name': 'Røaveien'}, 'city': 'Konglungen', 'state': 'Sør-Trøndelag'...</msg>
<var>${json_data}</var>
<arg>${response.json()}</arg>
<doc>Returns the given values which can then be assigned to a variables.</doc>
<status status="PASS" start="2024-06-22T17:12:10.987851" elapsed="0.000608"/>
</kw>
<kw name="Set Variable" owner="BuiltIn">
<msg time="2024-06-22T17:12:10.989137" level="INFO">${name_title} = Mr</msg>
<var>${name_title}</var>
<arg>${json_data["results"][0]["name"]["title"]}</arg>
<doc>Returns the given values which can then be assigned to a variables.</doc>
<status status="PASS" start="2024-06-22T17:12:10.988762" elapsed="0.000401"/>
</kw>
<kw name="Create List" owner="BuiltIn">
<msg time="2024-06-22T17:12:10.989599" level="INFO">${allowed_titles} = ['Mr', 'Ms', 'Miss', 'Mrs', 'Madame', 'Monsieur']</msg>
<var>${allowed_titles}</var>
<arg>Mr</arg>
<arg>Ms</arg>
<arg>Miss</arg>
<arg>Mrs</arg>
<arg>Madame</arg>
<arg>Monsieur</arg>
<doc>Returns a list containing given items.</doc>
<status status="PASS" start="2024-06-22T17:12:10.989452" elapsed="0.000172"/>
</kw>
<kw name="List Should Contain Value" owner="Collections">
<arg>${allowed_titles}</arg>
<arg>${name_title}</arg>
<doc>Fails if the ``value`` is not found from ``list``.</doc>
<status status="PASS" start="2024-06-22T17:12:10.989958" elapsed="0.000176"/>
</kw>
<kw name="Set Variable" owner="BuiltIn">
<msg time="2024-06-22T17:12:10.990673" level="INFO">${name_country} = NO</msg>
<var>${name_country}</var>
<arg>${json_data["results"][0]["nat"]}</arg>
<doc>Returns the given values which can then be assigned to a variables.</doc>
<status status="PASS" start="2024-06-22T17:12:10.990311" elapsed="0.000386"/>
</kw>
<kw name="Create List" owner="BuiltIn">
<msg time="2024-06-22T17:12:10.991580" level="INFO">${list_country} = ['AD', 'AE', 'AF', 'AG', 'AI', 'AL', 'AM', 'AO', 'AQ', 'AR', 'AS', 'AT', 'AU', 'AW', 'AX', 'AZ', 'BA', 'BB', 'BD', 'BE', 'BF', 'BG', 'BH', 'BI', 'BJ', 'BL', 'BM', 'BN', 'BO', 'BQ', 'BR', 'BS', 'BT', '...</msg>
<var>${list_country}</var>
<arg>AD</arg>
<arg>AE</arg>
<arg>AF</arg>
<arg>AG</arg>
<arg>AI</arg>
<arg>AL</arg>
<arg>AM</arg>
<arg>AO</arg>
<arg>AQ</arg>
<arg>AR</arg>
<arg>AS</arg>
<arg>AT</arg>
<arg>AU</arg>
<arg>AW</arg>
<arg>AX</arg>
<arg>AZ</arg>
<arg>BA</arg>
<arg>BB</arg>
<arg>BD</arg>
<arg>BE</arg>
<arg>BF</arg>
<arg>BG</arg>
<arg>BH</arg>
<arg>BI</arg>
<arg>BJ</arg>
<arg>BL</arg>
<arg>BM</arg>
<arg>BN</arg>
<arg>BO</arg>
<arg>BQ</arg>
<arg>BR</arg>
<arg>BS</arg>
<arg>BT</arg>
<arg>BV</arg>
<arg>BW</arg>
<arg>BY</arg>
<arg>BZ</arg>
<arg>CA</arg>
<arg>CC</arg>
<arg>CD</arg>
<arg>CF</arg>
<arg>CG</arg>
<arg>CH</arg>
<arg>CI</arg>
<arg>CK</arg>
<arg>CL</arg>
<arg>CM</arg>
<arg>CN</arg>
<arg>CO</arg>
<arg>CR</arg>
<arg>CU</arg>
<arg>CV</arg>
<arg>CW</arg>
<arg>CX</arg>
<arg>CY</arg>
<arg>CZ</arg>
<arg>DE</arg>
<arg>DJ</arg>
<arg>DK</arg>
<arg>DM</arg>
<arg>DO</arg>
<arg>DZ</arg>
<arg>EC</arg>
<arg>EE</arg>
<arg>EG</arg>
<arg>EH</arg>
<arg>ER</arg>
<arg>ES</arg>
<arg>ET</arg>
<arg>FI</arg>
<arg>FJ</arg>
<arg>FK</arg>
<arg>FM</arg>
<arg>FO</arg>
<arg>FR</arg>
<arg>GA</arg>
<arg>GB</arg>
<arg>GD</arg>
<arg>GE</arg>
<arg>GF</arg>
<arg>GG</arg>
<arg>GH</arg>
<arg>GI</arg>
<arg>GL</arg>
<arg>GM</arg>
<arg>GN</arg>
<arg>GP</arg>
<arg>GQ</arg>
<arg>GR</arg>
<arg>GS</arg>
<arg>GT</arg>
<arg>GU</arg>
<arg>GW</arg>
<arg>GY</arg>
<arg>HK</arg>
<arg>HM</arg>
<arg>HN</arg>
<arg>HR</arg>
<arg>HT</arg>
<arg>HU</arg>
<arg>ID</arg>
<arg>IE</arg>
<arg>IL</arg>
<arg>IM</arg>
<arg>IN</arg>
<arg>IO</arg>
<arg>IQ</arg>
<arg>IR</arg>
<arg>IS</arg>
<arg>IT</arg>
<arg>JE</arg>
<arg>JM</arg>
<arg>JO</arg>
<arg>JP</arg>
<arg>KE</arg>
<arg>KG</arg>
<arg>KH</arg>
<arg>KI</arg>
<arg>KM</arg>
<arg>KN</arg>
<arg>KP</arg>
<arg>KR</arg>
<arg>KW</arg>
<arg>KY</arg>
<arg>KZ</arg>
<arg>LA</arg>
<arg>LB</arg>
<arg>LC</arg>
<arg>LI</arg>
<arg>LK</arg>
<arg>LR</arg>
<arg>LS</arg>
<arg>LT</arg>
<arg>LU</arg>
<arg>LV</arg>
<arg>LY</arg>
<arg>MA</arg>
<arg>MC</arg>
<arg>MD</arg>
<arg>ME</arg>
<arg>MF</arg>
<arg>MG</arg>
<arg>MH</arg>
<arg>MK</arg>
<arg>ML</arg>
<arg>MM</arg>
<arg>MN</arg>
<arg>MO</arg>
<arg>MP</arg>
<arg>MQ</arg>
<arg>MR</arg>
<arg>MS</arg>
<arg>MT</arg>
<arg>MU</arg>
<arg>MV</arg>
<arg>MW</arg>
<arg>MX</arg>
<arg>MY</arg>
<arg>MZ</arg>
<arg>NA</arg>
<arg>NC</arg>
<arg>NE</arg>
<arg>NF</arg>
<arg>NG</arg>
<arg>NI</arg>
<arg>NL</arg>
<arg>NO</arg>
<arg>NP</arg>
<arg>NR</arg>
<arg>NU</arg>
<arg>NZ</arg>
<arg>OM</arg>
<arg>PA</arg>
<arg>PE</arg>
<arg>PF</arg>
<arg>PG</arg>
<arg>PH</arg>
<arg>PK</arg>
<arg>PL</arg>
<arg>PM</arg>
<arg>PN</arg>
<arg>PR</arg>
<arg>PS</arg>
<arg>PT</arg>
<arg>PW</arg>
<arg>PY</arg>
<arg>QA</arg>
<arg>RE</arg>
<arg>RO</arg>
<arg>RS</arg>
<arg>RU</arg>
<arg>RW</arg>
<arg>SA</arg>
<arg>SB</arg>
<arg>SC</arg>
<arg>SD</arg>
<arg>SE</arg>
<arg>SG</arg>
<arg>SH</arg>
<arg>SI</arg>
<arg>SJ</arg>
<arg>SK</arg>
<arg>SL</arg>
<arg>SM</arg>
<arg>SN</arg>
<arg>SO</arg>
<arg>SR</arg>
<arg>SS</arg>
<arg>ST</arg>
<arg>SV</arg>
<arg>SX</arg>
<arg>SY</arg>
<arg>SZ</arg>
<arg>TC</arg>
<arg>TD</arg>
<arg>TF</arg>
<arg>TG</arg>
<arg>TH</arg>
<arg>TJ</arg>
<arg>TK</arg>
<arg>TL</arg>
<arg>TM</arg>
<arg>TN</arg>
<arg>TO</arg>
<arg>TR</arg>
<arg>TT</arg>
<arg>TV</arg>
<arg>TW</arg>
<arg>TZ</arg>
<arg>UA</arg>
<arg>UG</arg>
<arg>UM</arg>
<arg>US</arg>
<arg>UY</arg>
<arg>UZ</arg>
<arg>VA</arg>
<arg>VC</arg>
<arg>VE</arg>
<arg>VG</arg>
<arg>VI</arg>
<arg>VN</arg>
<arg>VU</arg>
<arg>WF</arg>
<arg>WS</arg>
<arg>XK</arg>
<arg>YE</arg>
<arg>YT</arg>
<arg>ZA</arg>
<arg>ZM</arg>
<arg>ZW</arg>
<doc>Returns a list containing given items.</doc>
<status status="PASS" start="2024-06-22T17:12:10.990988" elapsed="0.000618"/>
</kw>
<kw name="List Should Contain Value" owner="Collections">
<arg>${list_country}</arg>
<arg>${name_country}</arg>
<doc>Fails if the ``value`` is not found from ``list``.</doc>
<status status="PASS" start="2024-06-22T17:12:10.992407" elapsed="0.000201"/>
</kw>
<kw name="Run Keyword If" owner="BuiltIn">
<kw name="Should Be True" owner="BuiltIn">
<arg>${True}</arg>
<doc>Fails if the given condition is not true.</doc>
<status status="PASS" start="2024-06-22T17:12:10.993526" elapsed="0.000139"/>
</kw>
<arg>${json_data["results"][0]["location"]["coordinates"]["latitude"]} &gt;= -90 and ${json_data["results"][0]["location"]["coordinates"]["latitude"]} &lt;= 90</arg>
<arg>Should Be True</arg>
<arg>${True}</arg>
<doc>Runs the given keyword with the given arguments, if ``condition`` is true.</doc>
<status status="PASS" start="2024-06-22T17:12:10.992802" elapsed="0.001010"/>
</kw>
<kw name="Run Keyword If" owner="BuiltIn">
<kw name="Should Be True" owner="BuiltIn">
<arg>${True}</arg>
<doc>Fails if the given condition is not true.</doc>
<status status="PASS" start="2024-06-22T17:12:10.994681" elapsed="0.000133"/>
</kw>
<arg>${json_data["results"][0]["location"]["coordinates"]["longitude"]} &gt;= -180 and ${json_data["results"][0]["location"]["coordinates"]["longitude"]} &lt;= 180</arg>
<arg>Should Be True</arg>
<arg>${True}</arg>
<doc>Runs the given keyword with the given arguments, if ``condition`` is true.</doc>
<status status="PASS" start="2024-06-22T17:12:10.993993" elapsed="0.000942"/>
</kw>
<status status="PASS" start="2024-06-22T17:12:10.906210" elapsed="0.088851"/>
</kw>
<doc>Testa o conteúdo específico dos campos retornados pela API.</doc>
<tag>testeConteudo</tag>
<status status="PASS" start="2024-06-22T17:12:10.905699" elapsed="0.089502"/>
</test>
<status status="PASS" start="2024-06-22T17:12:10.013052" elapsed="0.984103"/>
</suite>
<status status="PASS" start="2024-06-22T17:12:09.998899" elapsed="1.003486"/>
</suite>
<statistics>
<total>
<stat pass="5" fail="0" skip="0">All Tests</stat>
</total>
<tag>
<stat pass="1" fail="0" skip="0">testeConteudo</stat>
<stat pass="1" fail="0" skip="0">testeEstruturaResposta</stat>
<stat pass="1" fail="0" skip="0">testeRequisicaoBasica</stat>
<stat pass="1" fail="0" skip="0">testeTiposDados</stat>
</tag>
<suite>
<stat pass="5" fail="0" skip="0" id="s1" name="Tests">Tests</stat>
<stat pass="5" fail="0" skip="0" id="s1-s1" name="Random-User-Test">Tests.Random-User-Test</stat>
</suite>
</statistics>
<errors>
</errors>
</robot>
