<?xml version="1.0" encoding="UTF-8"?>
<robot generator="Robot 7.0 (Python 3.12.2 on linux)" generated="2024-04-08T15:13:02.863610" rpa="false" schemaversion="5">
<suite id="s1" name="Tests" source="/home/runner/work/DesafioQAItauRogerioJordao/DesafioQAItauRogerioJordao/RamdonUser/tests">
<suite id="s1-s1" name="Random-User-Test" source="/home/runner/work/DesafioQAItauRogerioJordao/DesafioQAItauRogerioJordao/RamdonUser/tests/random-user-test.robot">
<test id="s1-s1-t1" name="Conectar" line="13">
<kw name="Conectar API" owner="random-user-service">
<kw name="Create Session" owner="RequestsLibrary">
<msg time="2024-04-08T15:13:03.251860" level="INFO">Creating Session using : alias=consultarAPI, url=https://randomuser.me/, headers={},                     cookies={}, auth=None, timeout=None, proxies=None, verify=False,                     debug=0 </msg>
<arg>consultarAPI</arg>
<arg>${URL}</arg>
<doc>Create Session: create a HTTP session to a server</doc>
<status status="PASS" start="2024-04-08T15:13:03.251600" elapsed="0.000472"/>
</kw>
<status status="PASS" start="2024-04-08T15:13:03.250463" elapsed="0.002029"/>
</kw>
<status status="PASS" start="2024-04-08T15:13:03.249766" elapsed="0.002956"/>
</test>
<test id="s1-s1-t2" name="Validar retorno 200 e JSON Válido" line="16">
<kw name="Teste de Requisicao Basica" owner="random-user-service">
<kw name="GET On Session" owner="RequestsLibrary">
<msg time="2024-04-08T15:13:03.550130" level="INFO">GET Request : url=https://randomuser.me/api 
 path_url=/api 
 headers={'User-Agent': 'python-requests/2.31.0', 'Accept-Encoding': 'gzip, deflate', 'Accept': '*/*', 'Connection': 'keep-alive'} 
 body=None 
 </msg>
<msg time="2024-04-08T15:13:03.550296" level="INFO">GET Response : url=https://randomuser.me/api 
 status=200, reason=OK 
 headers={'Date': 'Mon, 08 Apr 2024 15:13:03 GMT', 'Content-Type': 'application/json; charset=utf-8', 'Transfer-Encoding': 'chunked', 'Connection': 'keep-alive', 'X-Powered-By': 'Express', 'Access-Control-Allow-Origin': '*', 'Cache-Control': 'no-cache', 'ETag': 'W/"4aa-eMx5VT3mR0vmW8WpFOd5j4cKl0A"', 'Vary': 'Accept-Encoding', 'Content-Encoding': 'gzip', 'CF-Cache-Status': 'DYNAMIC', 'Report-To': '{"endpoints":[{"url":"https:\\/\\/a.nel.cloudflare.com\\/report\\/v4?s=wU5ojAIYeLBxaapfknGP8ypSoZ8T8f3EA%2Fh0fP1IWLDuKdLeV%2BRruapGmNGemQDSilUfm82CQyG9S%2BpRik4MDxxP7dtuOT2HPXAyV528ed1w07zSLULrZfCs26QS0S2H"}],"group":"cf-nel","max_age":604800}', 'NEL': '{"success_fraction":0,"report_to":"cf-nel","max_age":604800}', 'Server': 'cloudflare', 'CF-RAY': '871332fc7cf67baf-LAX', 'alt-svc': 'h3=":443"; ma=86400'} 
 body={"results":[{"gender":"male","name":{"title":"Mr","first":"Armando","last":"Archuleta"},"location":{"street":{"number":6330,"name":"Viaducto Ucrania"},"city":"Trincheras","state":"Aguascalientes","country":"Mexico","postcode":62968,"coordinates":{"latitude":"22.8173","longitude":"-128.5166"},"timezone":{"offset":"+3:00","description":"Baghdad, Riyadh, Moscow, St. Petersburg"}},"email":"armando.archuleta@example.com","login":{"uuid":"109afe09-6975-4182-867e-1124e87a666d","username":"heavytiger204","password":"haley","salt":"xLDwfHkF","md5":"bc037d8b4a5540617bf01d16d851ee81","sha1":"f7ff30be554dfa66ec0c0ef35d4b881814c51ef4","sha256":"ba87dbf8f5cfbf1d7ba8d4292881fd91666cdf06000c72c088ab666e182a74df"},"dob":{"date":"1950-02-21T07:50:27.128Z","age":74},"registered":{"date":"2004-12-25T07:28:48.086Z","age":19},"phone":"(695) 463 3486","cell":"(602) 862 9978","id":{"name":"NSS","value":"94 70 90 1950 5"},"picture":{"large":"https://randomuser.me/api/portraits/men/26.jpg","medium":"https://randomuser.me/api/portraits/med/men/26.jpg","thumbnail":"https://randomuser.me/api/portraits/thumb/men/26.jpg"},"nat":"MX"}],"info":{"seed":"898eb4583fedde0b","results":1,"page":1,"version":"1.4"}} 
 </msg>
<msg time="2024-04-08T15:13:03.550391" level="INFO">/opt/hostedtoolcache/Python/3.12.2/x64/lib/python3.12/site-packages/urllib3/connectionpool.py:1103: InsecureRequestWarning: Unverified HTTPS request is being made to host 'randomuser.me'. Adding certificate verification is strongly advised. See: https://urllib3.readthedocs.io/en/latest/advanced-usage.html#tls-warnings
  warnings.warn(</msg>
<msg time="2024-04-08T15:13:03.550677" level="INFO">${response} = &lt;Response [200]&gt;</msg>
<var>${response}</var>
<arg>consultarAPI</arg>
<arg>/api</arg>
<doc>Sends a GET request on a previously created HTTP Session.</doc>
<status status="PASS" start="2024-04-08T15:13:03.255421" elapsed="0.295311"/>
</kw>
<kw name="Should Be Equal As Numbers" owner="BuiltIn">
<msg time="2024-04-08T15:13:03.551892" level="INFO">Argument types are:
&lt;class 'int'&gt;
&lt;class 'str'&gt;</msg>
<arg>${response.status_code}</arg>
<arg>200</arg>
<doc>Fails if objects are unequal after converting them to real numbers.</doc>
<status status="PASS" start="2024-04-08T15:13:03.551359" elapsed="0.000611"/>
</kw>
<kw name="Log" owner="BuiltIn">
<msg time="2024-04-08T15:13:03.552760" level="INFO">200</msg>
<arg>${response.status_code}</arg>
<doc>Logs the given message with the given level.</doc>
<status status="PASS" start="2024-04-08T15:13:03.552355" elapsed="0.000456"/>
</kw>
<kw name="Set Variable" owner="BuiltIn">
<msg time="2024-04-08T15:13:03.553655" level="INFO">${json_data} = {'results': [{'gender': 'male', 'name': {'title': 'Mr', 'first': 'Armando', 'last': 'Archuleta'}, 'location': {'street': {'number': 6330, 'name': 'Viaducto Ucrania'}, 'city': 'Trincheras', 'state': 'A...</msg>
<var>${json_data}</var>
<arg>${response.json()}</arg>
<doc>Returns the given values which can then be assigned to a variables.</doc>
<status status="PASS" start="2024-04-08T15:13:03.553181" elapsed="0.000503"/>
</kw>
<kw name="Dictionary Should Contain Key" owner="Collections">
<msg time="2024-04-08T15:13:03.554194" level="INFO">False</msg>
<arg>${json_data}</arg>
<arg>results</arg>
<doc>Fails if ``key`` is not found from ``dictionary``.</doc>
<status status="PASS" start="2024-04-08T15:13:03.554012" elapsed="0.000225"/>
</kw>
<status status="PASS" start="2024-04-08T15:13:03.255141" elapsed="0.299369"/>
</kw>
<doc>Testa se a API responde corretamente e retorna um objeto JSON válido.</doc>
<tag>testeRequisicaoBasica</tag>
<status status="PASS" start="2024-04-08T15:13:03.254614" elapsed="0.300101"/>
</test>
<test id="s1-s1-t3" name="Validar estrutura de resposta" line="22">
<kw name="Teste de Estrutura de Resposta" owner="random-user-service">
<kw name="GET On Session" owner="RequestsLibrary">
<msg time="2024-04-08T15:13:03.877183" level="INFO">GET Request : url=https://randomuser.me/api 
 path_url=/api 
 headers={'User-Agent': 'python-requests/2.31.0', 'Accept-Encoding': 'gzip, deflate', 'Accept': '*/*', 'Connection': 'keep-alive'} 
 body=None 
 </msg>
<msg time="2024-04-08T15:13:03.877303" level="INFO">GET Response : url=https://randomuser.me/api 
 status=200, reason=OK 
 headers={'Date': 'Mon, 08 Apr 2024 15:13:03 GMT', 'Content-Type': 'application/json; charset=utf-8', 'Transfer-Encoding': 'chunked', 'Connection': 'keep-alive', 'X-Powered-By': 'Express', 'Access-Control-Allow-Origin': '*', 'Cache-Control': 'no-cache', 'ETag': 'W/"476-6Dv49sA+BnjLQpuNWjdfkYkzoKE"', 'Vary': 'Accept-Encoding', 'Content-Encoding': 'gzip', 'CF-Cache-Status': 'DYNAMIC', 'Report-To': '{"endpoints":[{"url":"https:\\/\\/a.nel.cloudflare.com\\/report\\/v4?s=RWqSpLV738rzpaJS572VAg2%2Ba410plR4%2FZVcDqhu2%2FfQcDvF4g0GiirQOeisv1SR8s8baW7ekVnah6Lk3cFR4YA76yTx5jQYbzrJFTuvtEuE5rAyI%2BMtLKiSI%2BrZqIHO"}],"group":"cf-nel","max_age":604800}', 'NEL': '{"success_fraction":0,"report_to":"cf-nel","max_age":604800}', 'Server': 'cloudflare', 'CF-RAY': '871332fd4db47baf-LAX', 'alt-svc': 'h3=":443"; ma=86400'} 
 body={"results":[{"gender":"male","name":{"title":"Mr","first":"Max","last":"Johnson"},"location":{"street":{"number":879,"name":"Armagh Street"},"city":"Porirua","state":"Northland","country":"New Zealand","postcode":58956,"coordinates":{"latitude":"47.4318","longitude":"-56.7395"},"timezone":{"offset":"-7:00","description":"Mountain Time (US &amp; Canada)"}},"email":"max.johnson@example.com","login":{"uuid":"b5210a88-3203-4488-90e5-4bae8005f15f","username":"tinyfrog354","password":"2000","salt":"okamrIH1","md5":"ac16f6bef85fb51613fb231857a0dfe6","sha1":"c8ab876fe0846fe2f86a2ea8dae9e6cbac0750aa","sha256":"16e95161dd41cb712d7172f3e3127a80f9cd97e1944ccb98fef57d9172e67f32"},"dob":{"date":"1986-02-27T05:40:06.779Z","age":38},"registered":{"date":"2015-12-08T01:13:17.777Z","age":8},"phone":"(500)-390-3976","cell":"(828)-235-5798","id":{"name":"","value":null},"picture":{"large":"https://randomuser.me/api/portraits/men/88.jpg","medium":"https://randomuser.me/api/portraits/med/men/88.jpg","thumbnail":"https://randomuser.me/api/portraits/thumb/men/88.jpg"},"nat":"NZ"}],"info":{"seed":"eb705b9ab0a190d2","results":1,"page":1,"version":"1.4"}} 
 </msg>
<msg time="2024-04-08T15:13:03.877484" level="INFO">/opt/hostedtoolcache/Python/3.12.2/x64/lib/python3.12/site-packages/urllib3/connectionpool.py:1103: InsecureRequestWarning: Unverified HTTPS request is being made to host 'randomuser.me'. Adding certificate verification is strongly advised. See: https://urllib3.readthedocs.io/en/latest/advanced-usage.html#tls-warnings
  warnings.warn(</msg>
<msg time="2024-04-08T15:13:03.877637" level="INFO">${response} = &lt;Response [200]&gt;</msg>
<var>${response}</var>
<arg>consultarAPI</arg>
<arg>/api</arg>
<doc>Sends a GET request on a previously created HTTP Session.</doc>
<status status="PASS" start="2024-04-08T15:13:03.557723" elapsed="0.319954"/>
</kw>
<kw name="Set Variable" owner="BuiltIn">
<msg time="2024-04-08T15:13:03.878901" level="INFO">${json_data} = {'results': [{'gender': 'male', 'name': {'title': 'Mr', 'first': 'Max', 'last': 'Johnson'}, 'location': {'street': {'number': 879, 'name': 'Armagh Street'}, 'city': 'Porirua', 'state': 'Northland', 'c...</msg>
<var>${json_data}</var>
<arg>${response.json()}</arg>
<doc>Returns the given values which can then be assigned to a variables.</doc>
<status status="PASS" start="2024-04-08T15:13:03.878316" elapsed="0.000614"/>
</kw>
<kw name="Log" owner="BuiltIn">
<msg time="2024-04-08T15:13:03.879432" level="INFO">{'results': [{'gender': 'male', 'name': {'title': 'Mr', 'first': 'Max', 'last': 'Johnson'}, 'location': {'street': {'number': 879, 'name': 'Armagh Street'}, 'city': 'Porirua', 'state': 'Northland', 'country': 'New Zealand', 'postcode': 58956, 'coordinates': {'latitude': '47.4318', 'longitude': '-56.7395'}, 'timezone': {'offset': '-7:00', 'description': 'Mountain Time (US &amp; Canada)'}}, 'email': 'max.johnson@example.com', 'login': {'uuid': 'b5210a88-3203-4488-90e5-4bae8005f15f', 'username': 'tinyfrog354', 'password': '2000', 'salt': 'okamrIH1', 'md5': 'ac16f6bef85fb51613fb231857a0dfe6', 'sha1': 'c8ab876fe0846fe2f86a2ea8dae9e6cbac0750aa', 'sha256': '16e95161dd41cb712d7172f3e3127a80f9cd97e1944ccb98fef57d9172e67f32'}, 'dob': {'date': '1986-02-27T05:40:06.779Z', 'age': 38}, 'registered': {'date': '2015-12-08T01:13:17.777Z', 'age': 8}, 'phone': '(500)-390-3976', 'cell': '(828)-235-5798', 'id': {'name': '', 'value': None}, 'picture': {'large': 'https://randomuser.me/api/portraits/men/88.jpg', 'medium': 'https://randomuser.me/api/portraits/med/men/88.jpg', 'thumbnail': 'https://randomuser.me/api/portraits/thumb/men/88.jpg'}, 'nat': 'NZ'}], 'info': {'seed': 'eb705b9ab0a190d2', 'results': 1, 'page': 1, 'version': '1.4'}}</msg>
<arg>${json_data}</arg>
<doc>Logs the given message with the given level.</doc>
<status status="PASS" start="2024-04-08T15:13:03.879266" elapsed="0.000215"/>
</kw>
<kw name="Dictionary Should Contain Key" owner="Collections">
<msg time="2024-04-08T15:13:03.879996" level="INFO">False</msg>
<arg>${json_data}</arg>
<arg>results</arg>
<doc>Fails if ``key`` is not found from ``dictionary``.</doc>
<status status="PASS" start="2024-04-08T15:13:03.879826" elapsed="0.000208"/>
</kw>
<kw name="Should Not Be Empty" owner="BuiltIn">
<msg time="2024-04-08T15:13:03.880473" level="INFO">Length is 2.</msg>
<arg>${json_data}</arg>
<doc>Verifies that the given item is not empty.</doc>
<status status="PASS" start="2024-04-08T15:13:03.880337" elapsed="0.000176"/>
</kw>
<kw name="Create List" owner="BuiltIn">
<msg time="2024-04-08T15:13:03.880964" level="INFO">${expected_keys} = ['gender', 'name', 'location', 'email', 'login']</msg>
<var>${expected_keys}</var>
<arg>gender</arg>
<arg>name</arg>
<arg>location</arg>
<arg>email</arg>
<arg>login</arg>
<doc>Returns a list containing given items.</doc>
<status status="PASS" start="2024-04-08T15:13:03.880811" elapsed="0.000178"/>
</kw>
<for flavor="IN">
<iter>
<kw name="Dictionary Should Contain Key" owner="Collections">
<msg time="2024-04-08T15:13:03.882017" level="INFO">False</msg>
<arg>${json_data['results'][0]}</arg>
<arg>${key}</arg>
<doc>Fails if ``key`` is not found from ``dictionary``.</doc>
<status status="PASS" start="2024-04-08T15:13:03.881584" elapsed="0.000472"/>
</kw>
<kw name="Log" owner="BuiltIn">
<msg time="2024-04-08T15:13:03.882758" level="INFO">{'gender': 'male', 'name': {'title': 'Mr', 'first': 'Max', 'last': 'Johnson'}, 'location': {'street': {'number': 879, 'name': 'Armagh Street'}, 'city': 'Porirua', 'state': 'Northland', 'country': 'New Zealand', 'postcode': 58956, 'coordinates': {'latitude': '47.4318', 'longitude': '-56.7395'}, 'timezone': {'offset': '-7:00', 'description': 'Mountain Time (US &amp; Canada)'}}, 'email': 'max.johnson@example.com', 'login': {'uuid': 'b5210a88-3203-4488-90e5-4bae8005f15f', 'username': 'tinyfrog354', 'password': '2000', 'salt': 'okamrIH1', 'md5': 'ac16f6bef85fb51613fb231857a0dfe6', 'sha1': 'c8ab876fe0846fe2f86a2ea8dae9e6cbac0750aa', 'sha256': '16e95161dd41cb712d7172f3e3127a80f9cd97e1944ccb98fef57d9172e67f32'}, 'dob': {'date': '1986-02-27T05:40:06.779Z', 'age': 38}, 'registered': {'date': '2015-12-08T01:13:17.777Z', 'age': 8}, 'phone': '(500)-390-3976', 'cell': '(828)-235-5798', 'id': {'name': '', 'value': None}, 'picture': {'large': 'https://randomuser.me/api/portraits/men/88.jpg', 'medium': 'https://randomuser.me/api/portraits/med/men/88.jpg', 'thumbnail': 'https://randomuser.me/api/portraits/thumb/men/88.jpg'}, 'nat': 'NZ'}</msg>
<arg>${json_data['results'][0]}</arg>
<doc>Logs the given message with the given level.</doc>
<status status="PASS" start="2024-04-08T15:13:03.882375" elapsed="0.000442"/>
</kw>
<kw name="Log" owner="BuiltIn">
<msg time="2024-04-08T15:13:03.883254" level="INFO">gender</msg>
<arg>${key}</arg>
<doc>Logs the given message with the given level.</doc>
<status status="PASS" start="2024-04-08T15:13:03.883121" elapsed="0.000171"/>
</kw>
<var name="${key}">gender</var>
<status status="PASS" start="2024-04-08T15:13:03.881456" elapsed="0.002062"/>
</iter>
<iter>
<kw name="Dictionary Should Contain Key" owner="Collections">
<msg time="2024-04-08T15:13:03.884256" level="INFO">False</msg>
<arg>${json_data['results'][0]}</arg>
<arg>${key}</arg>
<doc>Fails if ``key`` is not found from ``dictionary``.</doc>
<status status="PASS" start="2024-04-08T15:13:03.883860" elapsed="0.000433"/>
</kw>
<kw name="Log" owner="BuiltIn">
<msg time="2024-04-08T15:13:03.884975" level="INFO">{'gender': 'male', 'name': {'title': 'Mr', 'first': 'Max', 'last': 'Johnson'}, 'location': {'street': {'number': 879, 'name': 'Armagh Street'}, 'city': 'Porirua', 'state': 'Northland', 'country': 'New Zealand', 'postcode': 58956, 'coordinates': {'latitude': '47.4318', 'longitude': '-56.7395'}, 'timezone': {'offset': '-7:00', 'description': 'Mountain Time (US &amp; Canada)'}}, 'email': 'max.johnson@example.com', 'login': {'uuid': 'b5210a88-3203-4488-90e5-4bae8005f15f', 'username': 'tinyfrog354', 'password': '2000', 'salt': 'okamrIH1', 'md5': 'ac16f6bef85fb51613fb231857a0dfe6', 'sha1': 'c8ab876fe0846fe2f86a2ea8dae9e6cbac0750aa', 'sha256': '16e95161dd41cb712d7172f3e3127a80f9cd97e1944ccb98fef57d9172e67f32'}, 'dob': {'date': '1986-02-27T05:40:06.779Z', 'age': 38}, 'registered': {'date': '2015-12-08T01:13:17.777Z', 'age': 8}, 'phone': '(500)-390-3976', 'cell': '(828)-235-5798', 'id': {'name': '', 'value': None}, 'picture': {'large': 'https://randomuser.me/api/portraits/men/88.jpg', 'medium': 'https://randomuser.me/api/portraits/med/men/88.jpg', 'thumbnail': 'https://randomuser.me/api/portraits/thumb/men/88.jpg'}, 'nat': 'NZ'}</msg>
<arg>${json_data['results'][0]}</arg>
<doc>Logs the given message with the given level.</doc>
<status status="PASS" start="2024-04-08T15:13:03.884618" elapsed="0.000405"/>
</kw>
<kw name="Log" owner="BuiltIn">
<msg time="2024-04-08T15:13:03.885452" level="INFO">name</msg>
<arg>${key}</arg>
<doc>Logs the given message with the given level.</doc>
<status status="PASS" start="2024-04-08T15:13:03.885322" elapsed="0.000168"/>
</kw>
<var name="${key}">name</var>
<status status="PASS" start="2024-04-08T15:13:03.883714" elapsed="0.001990"/>
</iter>
<iter>
<kw name="Dictionary Should Contain Key" owner="Collections">
<msg time="2024-04-08T15:13:03.886373" level="INFO">False</msg>
<arg>${json_data['results'][0]}</arg>
<arg>${key}</arg>
<doc>Fails if ``key`` is not found from ``dictionary``.</doc>
<status status="PASS" start="2024-04-08T15:13:03.885994" elapsed="0.000417"/>
</kw>
<kw name="Log" owner="BuiltIn">
<msg time="2024-04-08T15:13:03.887074" level="INFO">{'gender': 'male', 'name': {'title': 'Mr', 'first': 'Max', 'last': 'Johnson'}, 'location': {'street': {'number': 879, 'name': 'Armagh Street'}, 'city': 'Porirua', 'state': 'Northland', 'country': 'New Zealand', 'postcode': 58956, 'coordinates': {'latitude': '47.4318', 'longitude': '-56.7395'}, 'timezone': {'offset': '-7:00', 'description': 'Mountain Time (US &amp; Canada)'}}, 'email': 'max.johnson@example.com', 'login': {'uuid': 'b5210a88-3203-4488-90e5-4bae8005f15f', 'username': 'tinyfrog354', 'password': '2000', 'salt': 'okamrIH1', 'md5': 'ac16f6bef85fb51613fb231857a0dfe6', 'sha1': 'c8ab876fe0846fe2f86a2ea8dae9e6cbac0750aa', 'sha256': '16e95161dd41cb712d7172f3e3127a80f9cd97e1944ccb98fef57d9172e67f32'}, 'dob': {'date': '1986-02-27T05:40:06.779Z', 'age': 38}, 'registered': {'date': '2015-12-08T01:13:17.777Z', 'age': 8}, 'phone': '(500)-390-3976', 'cell': '(828)-235-5798', 'id': {'name': '', 'value': None}, 'picture': {'large': 'https://randomuser.me/api/portraits/men/88.jpg', 'medium': 'https://randomuser.me/api/portraits/med/men/88.jpg', 'thumbnail': 'https://randomuser.me/api/portraits/thumb/men/88.jpg'}, 'nat': 'NZ'}</msg>
<arg>${json_data['results'][0]}</arg>
<doc>Logs the given message with the given level.</doc>
<status status="PASS" start="2024-04-08T15:13:03.886712" elapsed="0.000416"/>
</kw>
<kw name="Log" owner="BuiltIn">
<msg time="2024-04-08T15:13:03.887552" level="INFO">location</msg>
<arg>${key}</arg>
<doc>Logs the given message with the given level.</doc>
<status status="PASS" start="2024-04-08T15:13:03.887424" elapsed="0.000167"/>
</kw>
<var name="${key}">location</var>
<status status="PASS" start="2024-04-08T15:13:03.885881" elapsed="0.001992"/>
</iter>
<iter>
<kw name="Dictionary Should Contain Key" owner="Collections">
<msg time="2024-04-08T15:13:03.888539" level="INFO">False</msg>
<arg>${json_data['results'][0]}</arg>
<arg>${key}</arg>
<doc>Fails if ``key`` is not found from ``dictionary``.</doc>
<status status="PASS" start="2024-04-08T15:13:03.888163" elapsed="0.000413"/>
</kw>
<kw name="Log" owner="BuiltIn">
<msg time="2024-04-08T15:13:03.889238" level="INFO">{'gender': 'male', 'name': {'title': 'Mr', 'first': 'Max', 'last': 'Johnson'}, 'location': {'street': {'number': 879, 'name': 'Armagh Street'}, 'city': 'Porirua', 'state': 'Northland', 'country': 'New Zealand', 'postcode': 58956, 'coordinates': {'latitude': '47.4318', 'longitude': '-56.7395'}, 'timezone': {'offset': '-7:00', 'description': 'Mountain Time (US &amp; Canada)'}}, 'email': 'max.johnson@example.com', 'login': {'uuid': 'b5210a88-3203-4488-90e5-4bae8005f15f', 'username': 'tinyfrog354', 'password': '2000', 'salt': 'okamrIH1', 'md5': 'ac16f6bef85fb51613fb231857a0dfe6', 'sha1': 'c8ab876fe0846fe2f86a2ea8dae9e6cbac0750aa', 'sha256': '16e95161dd41cb712d7172f3e3127a80f9cd97e1944ccb98fef57d9172e67f32'}, 'dob': {'date': '1986-02-27T05:40:06.779Z', 'age': 38}, 'registered': {'date': '2015-12-08T01:13:17.777Z', 'age': 8}, 'phone': '(500)-390-3976', 'cell': '(828)-235-5798', 'id': {'name': '', 'value': None}, 'picture': {'large': 'https://randomuser.me/api/portraits/men/88.jpg', 'medium': 'https://randomuser.me/api/portraits/med/men/88.jpg', 'thumbnail': 'https://randomuser.me/api/portraits/thumb/men/88.jpg'}, 'nat': 'NZ'}</msg>
<arg>${json_data['results'][0]}</arg>
<doc>Logs the given message with the given level.</doc>
<status status="PASS" start="2024-04-08T15:13:03.888879" elapsed="0.000407"/>
</kw>
<kw name="Log" owner="BuiltIn">
<msg time="2024-04-08T15:13:03.889711" level="INFO">email</msg>
<arg>${key}</arg>
<doc>Logs the given message with the given level.</doc>
<status status="PASS" start="2024-04-08T15:13:03.889580" elapsed="0.000169"/>
</kw>
<var name="${key}">email</var>
<status status="PASS" start="2024-04-08T15:13:03.888050" elapsed="0.001911"/>
</iter>
<iter>
<kw name="Dictionary Should Contain Key" owner="Collections">
<msg time="2024-04-08T15:13:03.890616" level="INFO">False</msg>
<arg>${json_data['results'][0]}</arg>
<arg>${key}</arg>
<doc>Fails if ``key`` is not found from ``dictionary``.</doc>
<status status="PASS" start="2024-04-08T15:13:03.890241" elapsed="0.000412"/>
</kw>
<kw name="Log" owner="BuiltIn">
<msg time="2024-04-08T15:13:03.891320" level="INFO">{'gender': 'male', 'name': {'title': 'Mr', 'first': 'Max', 'last': 'Johnson'}, 'location': {'street': {'number': 879, 'name': 'Armagh Street'}, 'city': 'Porirua', 'state': 'Northland', 'country': 'New Zealand', 'postcode': 58956, 'coordinates': {'latitude': '47.4318', 'longitude': '-56.7395'}, 'timezone': {'offset': '-7:00', 'description': 'Mountain Time (US &amp; Canada)'}}, 'email': 'max.johnson@example.com', 'login': {'uuid': 'b5210a88-3203-4488-90e5-4bae8005f15f', 'username': 'tinyfrog354', 'password': '2000', 'salt': 'okamrIH1', 'md5': 'ac16f6bef85fb51613fb231857a0dfe6', 'sha1': 'c8ab876fe0846fe2f86a2ea8dae9e6cbac0750aa', 'sha256': '16e95161dd41cb712d7172f3e3127a80f9cd97e1944ccb98fef57d9172e67f32'}, 'dob': {'date': '1986-02-27T05:40:06.779Z', 'age': 38}, 'registered': {'date': '2015-12-08T01:13:17.777Z', 'age': 8}, 'phone': '(500)-390-3976', 'cell': '(828)-235-5798', 'id': {'name': '', 'value': None}, 'picture': {'large': 'https://randomuser.me/api/portraits/men/88.jpg', 'medium': 'https://randomuser.me/api/portraits/med/men/88.jpg', 'thumbnail': 'https://randomuser.me/api/portraits/thumb/men/88.jpg'}, 'nat': 'NZ'}</msg>
<arg>${json_data['results'][0]}</arg>
<doc>Logs the given message with the given level.</doc>
<status status="PASS" start="2024-04-08T15:13:03.890944" elapsed="0.000425"/>
</kw>
<kw name="Log" owner="BuiltIn">
<msg time="2024-04-08T15:13:03.891822" level="INFO">login</msg>
<arg>${key}</arg>
<doc>Logs the given message with the given level.</doc>
<status status="PASS" start="2024-04-08T15:13:03.891670" elapsed="0.000196"/>
</kw>
<var name="${key}">login</var>
<status status="PASS" start="2024-04-08T15:13:03.890132" elapsed="0.001957"/>
</iter>
<var>${key}</var>
<value>@{expected_keys}</value>
<status status="PASS" start="2024-04-08T15:13:03.881253" elapsed="0.010991"/>
</for>
<kw name="Create List" owner="BuiltIn">
<msg time="2024-04-08T15:13:03.892600" level="INFO">${expected_keysTwo} = ['username', 'password']</msg>
<var>${expected_keysTwo}</var>
<arg>username</arg>
<arg>password</arg>
<doc>Returns a list containing given items.</doc>
<status status="PASS" start="2024-04-08T15:13:03.892460" elapsed="0.000163"/>
</kw>
<for flavor="IN">
<iter>
<kw name="Dictionary Should Contain Key" owner="Collections">
<msg time="2024-04-08T15:13:03.893660" level="INFO">False</msg>
<arg>${json_data['results'][0]['login']}</arg>
<arg>${keyTwo}</arg>
<doc>Fails if ``key`` is not found from ``dictionary``.</doc>
<status status="PASS" start="2024-04-08T15:13:03.893272" elapsed="0.000426"/>
</kw>
<kw name="Dictionary Should Contain Key" owner="Collections">
<msg time="2024-04-08T15:13:03.894376" level="INFO">False</msg>
<arg>${json_data['results'][0]['login']}</arg>
<arg>${keyTwo}</arg>
<doc>Fails if ``key`` is not found from ``dictionary``.</doc>
<status status="PASS" start="2024-04-08T15:13:03.893994" elapsed="0.000419"/>
</kw>
<kw name="Log" owner="BuiltIn">
<msg time="2024-04-08T15:13:03.894839" level="INFO">username</msg>
<arg>${keyTwo}</arg>
<doc>Logs the given message with the given level.</doc>
<status status="PASS" start="2024-04-08T15:13:03.894709" elapsed="0.000167"/>
</kw>
<var name="${keyTwo}">username</var>
<status status="PASS" start="2024-04-08T15:13:03.893157" elapsed="0.001938"/>
</iter>
<iter>
<kw name="Dictionary Should Contain Key" owner="Collections">
<msg time="2024-04-08T15:13:03.895789" level="INFO">False</msg>
<arg>${json_data['results'][0]['login']}</arg>
<arg>${keyTwo}</arg>
<doc>Fails if ``key`` is not found from ``dictionary``.</doc>
<status status="PASS" start="2024-04-08T15:13:03.895379" elapsed="0.000450"/>
</kw>
<kw name="Dictionary Should Contain Key" owner="Collections">
<msg time="2024-04-08T15:13:03.896511" level="INFO">False</msg>
<arg>${json_data['results'][0]['login']}</arg>
<arg>${keyTwo}</arg>
<doc>Fails if ``key`` is not found from ``dictionary``.</doc>
<status status="PASS" start="2024-04-08T15:13:03.896122" elapsed="0.000426"/>
</kw>
<kw name="Log" owner="BuiltIn">
<msg time="2024-04-08T15:13:03.896966" level="INFO">password</msg>
<arg>${keyTwo}</arg>
<doc>Logs the given message with the given level.</doc>
<status status="PASS" start="2024-04-08T15:13:03.896837" elapsed="0.000167"/>
</kw>
<var name="${keyTwo}">password</var>
<status status="PASS" start="2024-04-08T15:13:03.895269" elapsed="0.001951"/>
</iter>
<var>${keyTwo}</var>
<value>@{expected_keysTwo}</value>
<status status="PASS" start="2024-04-08T15:13:03.892864" elapsed="0.004477"/>
</for>
<status status="PASS" start="2024-04-08T15:13:03.557462" elapsed="0.340031"/>
</kw>
<doc>Testa a estrutura da resposta da API.</doc>
<tag>testeEstruturaResposta</tag>
<status status="PASS" start="2024-04-08T15:13:03.556663" elapsed="0.341001"/>
</test>
<test id="s1-s1-t4" name="Validar tipos de dados" line="28">
<kw name="Teste de Tipos de Dados" owner="random-user-service">
<kw name="GET On Session" owner="RequestsLibrary">
<msg time="2024-04-08T15:13:04.021547" level="INFO">GET Request : url=https://randomuser.me/api 
 path_url=/api 
 headers={'User-Agent': 'python-requests/2.31.0', 'Accept-Encoding': 'gzip, deflate', 'Accept': '*/*', 'Connection': 'keep-alive'} 
 body=None 
 </msg>
<msg time="2024-04-08T15:13:04.021651" level="INFO">GET Response : url=https://randomuser.me/api 
 status=200, reason=OK 
 headers={'Date': 'Mon, 08 Apr 2024 15:13:04 GMT', 'Content-Type': 'application/json; charset=utf-8', 'Transfer-Encoding': 'chunked', 'Connection': 'keep-alive', 'X-Powered-By': 'Express', 'Access-Control-Allow-Origin': '*', 'Cache-Control': 'no-cache', 'ETag': 'W/"485-F7HxDIrX+9txtjtzWBjSTUHi+bg"', 'Vary': 'Accept-Encoding', 'Content-Encoding': 'gzip', 'CF-Cache-Status': 'DYNAMIC', 'Report-To': '{"endpoints":[{"url":"https:\\/\\/a.nel.cloudflare.com\\/report\\/v4?s=%2BUGBtU2D4LH1whKuNptzs1xXNrNXfysvLgXJnjgIgufo%2BTtYXAf0m3AgHPTQv2nvWu%2FxE0kY0NeaQWbkgOFvFcNvh%2F8J72acOhGz6NQpUX9q%2BNSzDvtYKIGQEp5pbwSY"}],"group":"cf-nel","max_age":604800}', 'NEL': '{"success_fraction":0,"report_to":"cf-nel","max_age":604800}', 'Server': 'cloudflare', 'CF-RAY': '871332ff6f8f7baf-LAX', 'alt-svc': 'h3=":443"; ma=86400'} 
 body={"results":[{"gender":"female","name":{"title":"Ms","first":"پریا","last":"نجاتی"},"location":{"street":{"number":476,"name":"آیت الله طالقانی"},"city":"یزد","state":"قم","country":"Iran","postcode":85084,"coordinates":{"latitude":"15.6568","longitude":"139.6925"},"timezone":{"offset":"+2:00","description":"Kaliningrad, South Africa"}},"email":"pry.njty@example.com","login":{"uuid":"dbd800f9-dd5c-4710-bfdb-a41940aed2a5","username":"sadmouse354","password":"storys","salt":"ZwUEgdS7","md5":"c398e86d743acbf4fd43d596b9f93e46","sha1":"9c07b2e951c9c6b255a46e7176ff92d788d9f765","sha256":"e2806f4a27e22d0d33d3597cea7ddfc03eb45a52a8ffe3930c801601eb8d3ee9"},"dob":{"date":"1949-10-22T04:13:47.547Z","age":74},"registered":{"date":"2014-03-14T14:17:48.412Z","age":10},"phone":"006-88163934","cell":"0979-153-1530","id":{"name":"","value":null},"picture":{"large":"https://randomuser.me/api/portraits/women/28.jpg","medium":"https://randomuser.me/api/portraits/med/women/28.jpg","thumbnail":"https://randomuser.me/api/portraits/thumb/women/28.jpg"},"nat":"IR"}],"info":{"seed":"80d37d0cd4e58db9","results":1,"page":1,"version":"1.4"}} 
 </msg>
<msg time="2024-04-08T15:13:04.021728" level="INFO">/opt/hostedtoolcache/Python/3.12.2/x64/lib/python3.12/site-packages/urllib3/connectionpool.py:1103: InsecureRequestWarning: Unverified HTTPS request is being made to host 'randomuser.me'. Adding certificate verification is strongly advised. See: https://urllib3.readthedocs.io/en/latest/advanced-usage.html#tls-warnings
  warnings.warn(</msg>
<msg time="2024-04-08T15:13:04.021859" level="INFO">${response} = &lt;Response [200]&gt;</msg>
<var>${response}</var>
<arg>consultarAPI</arg>
<arg>/api</arg>
<doc>Sends a GET request on a previously created HTTP Session.</doc>
<status status="PASS" start="2024-04-08T15:13:03.900326" elapsed="0.121576"/>
</kw>
<kw name="Set Variable" owner="BuiltIn">
<msg time="2024-04-08T15:13:04.023004" level="INFO">${json_data} = {'results': [{'gender': 'female', 'name': {'title': 'Ms', 'first': 'پریا', 'last': 'نجاتی'}, 'location': {'street': {'number': 476, 'name': 'آیت الله طالقانی'}, 'city': 'یزد', 'state': 'قم', 'country'...</msg>
<var>${json_data}</var>
<arg>${response.json()}</arg>
<doc>Returns the given values which can then be assigned to a variables.</doc>
<status status="PASS" start="2024-04-08T15:13:04.022452" elapsed="0.000585"/>
</kw>
<kw name="Log" owner="BuiltIn">
<msg time="2024-04-08T15:13:04.023542" level="INFO">{'results': [{'gender': 'female', 'name': {'title': 'Ms', 'first': 'پریا', 'last': 'نجاتی'}, 'location': {'street': {'number': 476, 'name': 'آیت الله طالقانی'}, 'city': 'یزد', 'state': 'قم', 'country': 'Iran', 'postcode': 85084, 'coordinates': {'latitude': '15.6568', 'longitude': '139.6925'}, 'timezone': {'offset': '+2:00', 'description': 'Kaliningrad, South Africa'}}, 'email': 'pry.njty@example.com', 'login': {'uuid': 'dbd800f9-dd5c-4710-bfdb-a41940aed2a5', 'username': 'sadmouse354', 'password': 'storys', 'salt': 'ZwUEgdS7', 'md5': 'c398e86d743acbf4fd43d596b9f93e46', 'sha1': '9c07b2e951c9c6b255a46e7176ff92d788d9f765', 'sha256': 'e2806f4a27e22d0d33d3597cea7ddfc03eb45a52a8ffe3930c801601eb8d3ee9'}, 'dob': {'date': '1949-10-22T04:13:47.547Z', 'age': 74}, 'registered': {'date': '2014-03-14T14:17:48.412Z', 'age': 10}, 'phone': '006-88163934', 'cell': '0979-153-1530', 'id': {'name': '', 'value': None}, 'picture': {'large': 'https://randomuser.me/api/portraits/women/28.jpg', 'medium': 'https://randomuser.me/api/portraits/med/women/28.jpg', 'thumbnail': 'https://randomuser.me/api/portraits/thumb/women/28.jpg'}, 'nat': 'IR'}], 'info': {'seed': '80d37d0cd4e58db9', 'results': 1, 'page': 1, 'version': '1.4'}}</msg>
<arg>${json_data}</arg>
<doc>Logs the given message with the given level.</doc>
<status status="PASS" start="2024-04-08T15:13:04.023372" elapsed="0.000265"/>
</kw>
<kw name="Should Be String" owner="String">
<arg>${json_data['results'][0]['gender']}</arg>
<doc>Fails if the given ``item`` is not a string.</doc>
<status status="PASS" start="2024-04-08T15:13:04.023984" elapsed="0.000386"/>
</kw>
<kw name="Should Match Regexp" owner="BuiltIn">
<arg>${json_data['results'][0]['email']}</arg>
<arg>^[a-zA-Z0-9._%+-]+@[a-zA-Z0-9.-]+\.[a-zA-Z]{2,}$</arg>
<doc>Fails if ``string`` does not match ``pattern`` as a regular expression.</doc>
<status status="PASS" start="2024-04-08T15:13:04.024569" elapsed="0.000530"/>
</kw>
<kw name="Should Match Regexp" owner="BuiltIn">
<arg>${json_data['results'][0]['dob']['date']}</arg>
<arg>\\d{4}-\\d{2}-\\d{2}T\\d{2}:\\d{2}:\\d{2}\\.\\d{3}Z</arg>
<doc>Fails if ``string`` does not match ``pattern`` as a regular expression.</doc>
<status status="PASS" start="2024-04-08T15:13:04.025300" elapsed="0.000505"/>
</kw>
<kw name="Should Match Regexp" owner="BuiltIn">
<arg>${json_data['results'][0]['registered']['date']}</arg>
<arg>\\d{4}-\\d{2}-\\d{2}T\\d{2}:\\d{2}:\\d{2}\\.\\d{3}Z</arg>
<doc>Fails if ``string`` does not match ``pattern`` as a regular expression.</doc>
<status status="PASS" start="2024-04-08T15:13:04.026011" elapsed="0.000388"/>
</kw>
<kw name="Should Match Regexp" owner="BuiltIn">
<arg>${json_data['results'][0]['picture']['large']}</arg>
<arg>^https?://.*\.(?:png|jpe?g|gif|bmp)$</arg>
<doc>Fails if ``string`` does not match ``pattern`` as a regular expression.</doc>
<status status="PASS" start="2024-04-08T15:13:04.026597" elapsed="0.000477"/>
</kw>
<kw name="Should Match Regexp" owner="BuiltIn">
<arg>${json_data['results'][0]['picture']['medium']}</arg>
<arg>^https?://.*\.(?:png|jpe?g|gif|bmp)$</arg>
<doc>Fails if ``string`` does not match ``pattern`` as a regular expression.</doc>
<status status="PASS" start="2024-04-08T15:13:04.027265" elapsed="0.000372"/>
</kw>
<kw name="Should Match Regexp" owner="BuiltIn">
<arg>${json_data['results'][0]['picture']['thumbnail']}</arg>
<arg>^https?://.*\.(?:png|jpe?g|gif|bmp)$</arg>
<doc>Fails if ``string`` does not match ``pattern`` as a regular expression.</doc>
<status status="PASS" start="2024-04-08T15:13:04.027864" elapsed="0.000368"/>
</kw>
<kw name="Log" owner="BuiltIn">
<msg time="2024-04-08T15:13:04.028757" level="INFO">{'large': 'https://randomuser.me/api/portraits/women/28.jpg', 'medium': 'https://randomuser.me/api/portraits/med/women/28.jpg', 'thumbnail': 'https://randomuser.me/api/portraits/thumb/women/28.jpg'}</msg>
<arg>${json_data['results'][0]['picture']}</arg>
<doc>Logs the given message with the given level.</doc>
<status status="PASS" start="2024-04-08T15:13:04.028420" elapsed="0.000381"/>
</kw>
<status status="PASS" start="2024-04-08T15:13:03.900076" elapsed="0.128992"/>
</kw>
<kw name="Teste de Tipos de Dados - Postcode" owner="random-user-service">
<kw name="GET On Session" owner="RequestsLibrary">
<msg time="2024-04-08T15:13:04.133740" level="INFO">GET Request : url=https://randomuser.me/api 
 path_url=/api 
 headers={'User-Agent': 'python-requests/2.31.0', 'Accept-Encoding': 'gzip, deflate', 'Accept': '*/*', 'Connection': 'keep-alive'} 
 body=None 
 </msg>
<msg time="2024-04-08T15:13:04.133859" level="INFO">GET Response : url=https://randomuser.me/api 
 status=200, reason=OK 
 headers={'Date': 'Mon, 08 Apr 2024 15:13:04 GMT', 'Content-Type': 'application/json; charset=utf-8', 'Transfer-Encoding': 'chunked', 'Connection': 'keep-alive', 'X-Powered-By': 'Express', 'Access-Control-Allow-Origin': '*', 'Cache-Control': 'no-cache', 'ETag': 'W/"47d-vJ0i/TE5aYzyBzyAtJ7yKKqa4Kk"', 'Vary': 'Accept-Encoding', 'Content-Encoding': 'gzip', 'CF-Cache-Status': 'DYNAMIC', 'Report-To': '{"endpoints":[{"url":"https:\\/\\/a.nel.cloudflare.com\\/report\\/v4?s=8G0pBT8KEG83SAhM4xEHh13Dxgi1UlmmwjY4PwWJjoujWvzicpZjHDOgCSwRaNV6%2B%2B51B3qvuhPdhzByyDLpBaB9uSMSwwby4H9jAD%2B9PURngMCS%2F%2BoRbzKZa7f4pRVv"}],"group":"cf-nel","max_age":604800}', 'NEL': '{"success_fraction":0,"report_to":"cf-nel","max_age":604800}', 'Server': 'cloudflare', 'CF-RAY': '87133300381a7baf-LAX', 'alt-svc': 'h3=":443"; ma=86400'} 
 body={"results":[{"gender":"male","name":{"title":"Mr","first":"Aćim","last":"Rodić"},"location":{"street":{"number":7620,"name":"Miodraga Nikolića"},"city":"Bačka Palanka","state":"Kosovo-Pomoravlje","country":"Serbia","postcode":63885,"coordinates":{"latitude":"56.9959","longitude":"-18.1695"},"timezone":{"offset":"+4:30","description":"Kabul"}},"email":"acim.rodic@example.com","login":{"uuid":"0aac8039-076b-4ff1-be75-5f8e02589481","username":"heavygoose387","password":"valencia","salt":"aEAS78fS","md5":"7496b267e6fe3d5378289df1d9c715b0","sha1":"bf91fbceb6a0048f2a257e26fa69ec6f0b9c3b2f","sha256":"9c16eb9b9498175cdcf01b2756d7c8fdea0c5b7b6b0cc2cabe609de8f95452d9"},"dob":{"date":"1999-05-24T03:53:02.175Z","age":24},"registered":{"date":"2013-07-17T06:01:37.926Z","age":10},"phone":"011-3552-507","cell":"067-1593-709","id":{"name":"SID","value":"915983501"},"picture":{"large":"https://randomuser.me/api/portraits/men/91.jpg","medium":"https://randomuser.me/api/portraits/med/men/91.jpg","thumbnail":"https://randomuser.me/api/portraits/thumb/men/91.jpg"},"nat":"RS"}],"info":{"seed":"1cb6b0d4c2c2a097","results":1,"page":1,"version":"1.4"}} 
 </msg>
<msg time="2024-04-08T15:13:04.133957" level="INFO">/opt/hostedtoolcache/Python/3.12.2/x64/lib/python3.12/site-packages/urllib3/connectionpool.py:1103: InsecureRequestWarning: Unverified HTTPS request is being made to host 'randomuser.me'. Adding certificate verification is strongly advised. See: https://urllib3.readthedocs.io/en/latest/advanced-usage.html#tls-warnings
  warnings.warn(</msg>
<msg time="2024-04-08T15:13:04.134088" level="INFO">${response} = &lt;Response [200]&gt;</msg>
<var>${response}</var>
<arg>consultarAPI</arg>
<arg>/api</arg>
<doc>Sends a GET request on a previously created HTTP Session.</doc>
<status status="PASS" start="2024-04-08T15:13:04.029563" elapsed="0.104567"/>
</kw>
<kw name="Set Variable" owner="BuiltIn">
<msg time="2024-04-08T15:13:04.135199" level="INFO">${json_data} = {'results': [{'gender': 'male', 'name': {'title': 'Mr', 'first': 'Aćim', 'last': 'Rodić'}, 'location': {'street': {'number': 7620, 'name': 'Miodraga Nikolića'}, 'city': 'Bačka Palanka', 'state': 'Koso...</msg>
<var>${json_data}</var>
<arg>${response.json()}</arg>
<doc>Returns the given values which can then be assigned to a variables.</doc>
<status status="PASS" start="2024-04-08T15:13:04.134663" elapsed="0.000568"/>
</kw>
<kw name="Log" owner="BuiltIn">
<msg time="2024-04-08T15:13:04.135717" level="INFO">{'results': [{'gender': 'male', 'name': {'title': 'Mr', 'first': 'Aćim', 'last': 'Rodić'}, 'location': {'street': {'number': 7620, 'name': 'Miodraga Nikolića'}, 'city': 'Bačka Palanka', 'state': 'Kosovo-Pomoravlje', 'country': 'Serbia', 'postcode': 63885, 'coordinates': {'latitude': '56.9959', 'longitude': '-18.1695'}, 'timezone': {'offset': '+4:30', 'description': 'Kabul'}}, 'email': 'acim.rodic@example.com', 'login': {'uuid': '0aac8039-076b-4ff1-be75-5f8e02589481', 'username': 'heavygoose387', 'password': 'valencia', 'salt': 'aEAS78fS', 'md5': '7496b267e6fe3d5378289df1d9c715b0', 'sha1': 'bf91fbceb6a0048f2a257e26fa69ec6f0b9c3b2f', 'sha256': '9c16eb9b9498175cdcf01b2756d7c8fdea0c5b7b6b0cc2cabe609de8f95452d9'}, 'dob': {'date': '1999-05-24T03:53:02.175Z', 'age': 24}, 'registered': {'date': '2013-07-17T06:01:37.926Z', 'age': 10}, 'phone': '011-3552-507', 'cell': '067-1593-709', 'id': {'name': 'SID', 'value': '915983501'}, 'picture': {'large': 'https://randomuser.me/api/portraits/men/91.jpg', 'medium': 'https://randomuser.me/api/portraits/med/men/91.jpg', 'thumbnail': 'https://randomuser.me/api/portraits/thumb/men/91.jpg'}, 'nat': 'RS'}], 'info': {'seed': '1cb6b0d4c2c2a097', 'results': 1, 'page': 1, 'version': '1.4'}}</msg>
<arg>${json_data}</arg>
<doc>Logs the given message with the given level.</doc>
<status status="PASS" start="2024-04-08T15:13:04.135553" elapsed="0.000294"/>
</kw>
<kw name="Should Be Equal As Numbers" owner="BuiltIn">
<arg>${json_data['results'][0]['location']['postcode']}</arg>
<arg>${json_data['results'][0]['location']['postcode']}</arg>
<doc>Fails if objects are unequal after converting them to real numbers.</doc>
<status status="PASS" start="2024-04-08T15:13:04.136167" elapsed="0.000650"/>
</kw>
<kw name="Log" owner="BuiltIn">
<msg time="2024-04-08T15:13:04.137358" level="INFO">63885</msg>
<arg>${json_data['results'][0]['location']['postcode']}</arg>
<doc>Logs the given message with the given level.</doc>
<status status="PASS" start="2024-04-08T15:13:04.137016" elapsed="0.000385"/>
</kw>
<status status="PASS" start="2024-04-08T15:13:04.029311" elapsed="0.108355"/>
</kw>
<doc>Testa se os tipos de dados na resposta da API estão corretos.</doc>
<tag>testeTiposDados</tag>
<status status="PASS" start="2024-04-08T15:13:03.899452" elapsed="0.238402"/>
</test>
<test id="s1-s1-t5" name="Validar conteudo" line="35">
<kw name="Teste de Tipos de Conteudo" owner="random-user-service">
<kw name="GET On Session" owner="RequestsLibrary">
<msg time="2024-04-08T15:13:04.270920" level="INFO">GET Request : url=https://randomuser.me/api 
 path_url=/api 
 headers={'User-Agent': 'python-requests/2.31.0', 'Accept-Encoding': 'gzip, deflate', 'Accept': '*/*', 'Connection': 'keep-alive'} 
 body=None 
 </msg>
<msg time="2024-04-08T15:13:04.271034" level="INFO">GET Response : url=https://randomuser.me/api 
 status=200, reason=OK 
 headers={'Date': 'Mon, 08 Apr 2024 15:13:04 GMT', 'Content-Type': 'application/json; charset=utf-8', 'Transfer-Encoding': 'chunked', 'Connection': 'keep-alive', 'X-Powered-By': 'Express', 'Access-Control-Allow-Origin': '*', 'Cache-Control': 'no-cache', 'ETag': 'W/"4a6-jHLNyEBv+YM9WEibGFuH/vj9jwA"', 'Vary': 'Accept-Encoding', 'Content-Encoding': 'gzip', 'CF-Cache-Status': 'DYNAMIC', 'Report-To': '{"endpoints":[{"url":"https:\\/\\/a.nel.cloudflare.com\\/report\\/v4?s=Q5mqXwfT%2BIEa44VAqsauUUi9azasS%2FK0ASx8xc05Fv%2BJ8afsWFGy4wu%2FSN5TUbzjO3AZEAiZi8V2A6sYxu0CZUys3NBL0jfESTmVtHS62qp4N3ep9fySQZhOic4ddCb7"}],"group":"cf-nel","max_age":604800}', 'NEL': '{"success_fraction":0,"report_to":"cf-nel","max_age":604800}', 'Server': 'cloudflare', 'CF-RAY': '87133300e8937baf-LAX', 'alt-svc': 'h3=":443"; ma=86400'} 
 body={"results":[{"gender":"female","name":{"title":"Miss","first":"Felisberta","last":"Alves"},"location":{"street":{"number":2058,"name":"Avenida D. Pedro Ii"},"city":"Jandira","state":"Espírito Santo","country":"Brazil","postcode":76356,"coordinates":{"latitude":"-80.8393","longitude":"172.6726"},"timezone":{"offset":"+2:00","description":"Kaliningrad, South Africa"}},"email":"felisberta.alves@example.com","login":{"uuid":"50483074-b0b6-4248-8bda-3cfbf59cd0a7","username":"purpleduck799","password":"superfly","salt":"cRzipGaR","md5":"230c4152f67dfc19d17bdc90ad7b729b","sha1":"277e7b8df5a80fcb735a679d17a08dcae07284a1","sha256":"1f40edab0833780084375d5bb871dff553b9c264bf53bf2687679fda0a145b02"},"dob":{"date":"1998-11-06T23:45:57.811Z","age":25},"registered":{"date":"2016-09-16T10:23:23.553Z","age":7},"phone":"(36) 7806-4228","cell":"(32) 3998-2325","id":{"name":"CPF","value":"398.022.322-49"},"picture":{"large":"https://randomuser.me/api/portraits/women/94.jpg","medium":"https://randomuser.me/api/portraits/med/women/94.jpg","thumbnail":"https://randomuser.me/api/portraits/thumb/women/94.jpg"},"nat":"BR"}],"info":{"seed":"e49beeadf9def170","results":1,"page":1,"version":"1.4"}} 
 </msg>
<msg time="2024-04-08T15:13:04.271118" level="INFO">/opt/hostedtoolcache/Python/3.12.2/x64/lib/python3.12/site-packages/urllib3/connectionpool.py:1103: InsecureRequestWarning: Unverified HTTPS request is being made to host 'randomuser.me'. Adding certificate verification is strongly advised. See: https://urllib3.readthedocs.io/en/latest/advanced-usage.html#tls-warnings
  warnings.warn(</msg>
<msg time="2024-04-08T15:13:04.271247" level="INFO">${response} = &lt;Response [200]&gt;</msg>
<var>${response}</var>
<arg>consultarAPI</arg>
<arg>/api</arg>
<doc>Sends a GET request on a previously created HTTP Session.</doc>
<status status="PASS" start="2024-04-08T15:13:04.140444" elapsed="0.130846"/>
</kw>
<kw name="Set Variable" owner="BuiltIn">
<msg time="2024-04-08T15:13:04.272417" level="INFO">${json_data} = {'results': [{'gender': 'female', 'name': {'title': 'Miss', 'first': 'Felisberta', 'last': 'Alves'}, 'location': {'street': {'number': 2058, 'name': 'Avenida D. Pedro Ii'}, 'city': 'Jandira', 'state':...</msg>
<var>${json_data}</var>
<arg>${response.json()}</arg>
<doc>Returns the given values which can then be assigned to a variables.</doc>
<status status="PASS" start="2024-04-08T15:13:04.271882" elapsed="0.000563"/>
</kw>
<kw name="Set Variable" owner="BuiltIn">
<msg time="2024-04-08T15:13:04.273161" level="INFO">${name_title} = Miss</msg>
<var>${name_title}</var>
<arg>${json_data["results"][0]["name"]["title"]}</arg>
<doc>Returns the given values which can then be assigned to a variables.</doc>
<status status="PASS" start="2024-04-08T15:13:04.272765" elapsed="0.000420"/>
</kw>
<kw name="Create List" owner="BuiltIn">
<msg time="2024-04-08T15:13:04.273644" level="INFO">${allowed_titles} = ['Mr', 'Ms', 'Miss', 'Mrs', 'Madame', 'Monsieur']</msg>
<var>${allowed_titles}</var>
<arg>Mr</arg>
<arg>Ms</arg>
<arg>Miss</arg>
<arg>Mrs</arg>
<arg>Madame</arg>
<arg>Monsieur</arg>
<doc>Returns a list containing given items.</doc>
<status status="PASS" start="2024-04-08T15:13:04.273493" elapsed="0.000175"/>
</kw>
<kw name="List Should Contain Value" owner="Collections">
<msg time="2024-04-08T15:13:04.274151" level="INFO">False</msg>
<arg>${allowed_titles}</arg>
<arg>${name_title}</arg>
<doc>Fails if the ``value`` is not found from ``list``.</doc>
<status status="PASS" start="2024-04-08T15:13:04.273968" elapsed="0.000220"/>
</kw>
<kw name="Set Variable" owner="BuiltIn">
<msg time="2024-04-08T15:13:04.274858" level="INFO">${name_country} = BR</msg>
<var>${name_country}</var>
<arg>${json_data["results"][0]["nat"]}</arg>
<doc>Returns the given values which can then be assigned to a variables.</doc>
<status status="PASS" start="2024-04-08T15:13:04.274481" elapsed="0.000402"/>
</kw>
<kw name="Create List" owner="BuiltIn">
<msg time="2024-04-08T15:13:04.275812" level="INFO">${list_country} = ['AD', 'AE', 'AF', 'AG', 'AI', 'AL', 'AM', 'AO', 'AQ', 'AR', 'AS', 'AT', 'AU', 'AW', 'AX', 'AZ', 'BA', 'BB', 'BD', 'BE', 'BF', 'BG', 'BH', 'BI', 'BJ', 'BL', 'BM', 'BN', 'BO', 'BQ', 'BR', 'BS', 'BT', '...</msg>
<var>${list_country}</var>
<arg>AD</arg>
<arg>AE</arg>
<arg>AF</arg>
<arg>AG</arg>
<arg>AI</arg>
<arg>AL</arg>
<arg>AM</arg>
<arg>AO</arg>
<arg>AQ</arg>
<arg>AR</arg>
<arg>AS</arg>
<arg>AT</arg>
<arg>AU</arg>
<arg>AW</arg>
<arg>AX</arg>
<arg>AZ</arg>
<arg>BA</arg>
<arg>BB</arg>
<arg>BD</arg>
<arg>BE</arg>
<arg>BF</arg>
<arg>BG</arg>
<arg>BH</arg>
<arg>BI</arg>
<arg>BJ</arg>
<arg>BL</arg>
<arg>BM</arg>
<arg>BN</arg>
<arg>BO</arg>
<arg>BQ</arg>
<arg>BR</arg>
<arg>BS</arg>
<arg>BT</arg>
<arg>BV</arg>
<arg>BW</arg>
<arg>BY</arg>
<arg>BZ</arg>
<arg>CA</arg>
<arg>CC</arg>
<arg>CD</arg>
<arg>CF</arg>
<arg>CG</arg>
<arg>CH</arg>
<arg>CI</arg>
<arg>CK</arg>
<arg>CL</arg>
<arg>CM</arg>
<arg>CN</arg>
<arg>CO</arg>
<arg>CR</arg>
<arg>CU</arg>
<arg>CV</arg>
<arg>CW</arg>
<arg>CX</arg>
<arg>CY</arg>
<arg>CZ</arg>
<arg>DE</arg>
<arg>DJ</arg>
<arg>DK</arg>
<arg>DM</arg>
<arg>DO</arg>
<arg>DZ</arg>
<arg>EC</arg>
<arg>EE</arg>
<arg>EG</arg>
<arg>EH</arg>
<arg>ER</arg>
<arg>ES</arg>
<arg>ET</arg>
<arg>FI</arg>
<arg>FJ</arg>
<arg>FK</arg>
<arg>FM</arg>
<arg>FO</arg>
<arg>FR</arg>
<arg>GA</arg>
<arg>GB</arg>
<arg>GD</arg>
<arg>GE</arg>
<arg>GF</arg>
<arg>GG</arg>
<arg>GH</arg>
<arg>GI</arg>
<arg>GL</arg>
<arg>GM</arg>
<arg>GN</arg>
<arg>GP</arg>
<arg>GQ</arg>
<arg>GR</arg>
<arg>GS</arg>
<arg>GT</arg>
<arg>GU</arg>
<arg>GW</arg>
<arg>GY</arg>
<arg>HK</arg>
<arg>HM</arg>
<arg>HN</arg>
<arg>HR</arg>
<arg>HT</arg>
<arg>HU</arg>
<arg>ID</arg>
<arg>IE</arg>
<arg>IL</arg>
<arg>IM</arg>
<arg>IN</arg>
<arg>IO</arg>
<arg>IQ</arg>
<arg>IR</arg>
<arg>IS</arg>
<arg>IT</arg>
<arg>JE</arg>
<arg>JM</arg>
<arg>JO</arg>
<arg>JP</arg>
<arg>KE</arg>
<arg>KG</arg>
<arg>KH</arg>
<arg>KI</arg>
<arg>KM</arg>
<arg>KN</arg>
<arg>KP</arg>
<arg>KR</arg>
<arg>KW</arg>
<arg>KY</arg>
<arg>KZ</arg>
<arg>LA</arg>
<arg>LB</arg>
<arg>LC</arg>
<arg>LI</arg>
<arg>LK</arg>
<arg>LR</arg>
<arg>LS</arg>
<arg>LT</arg>
<arg>LU</arg>
<arg>LV</arg>
<arg>LY</arg>
<arg>MA</arg>
<arg>MC</arg>
<arg>MD</arg>
<arg>ME</arg>
<arg>MF</arg>
<arg>MG</arg>
<arg>MH</arg>
<arg>MK</arg>
<arg>ML</arg>
<arg>MM</arg>
<arg>MN</arg>
<arg>MO</arg>
<arg>MP</arg>
<arg>MQ</arg>
<arg>MR</arg>
<arg>MS</arg>
<arg>MT</arg>
<arg>MU</arg>
<arg>MV</arg>
<arg>MW</arg>
<arg>MX</arg>
<arg>MY</arg>
<arg>MZ</arg>
<arg>NA</arg>
<arg>NC</arg>
<arg>NE</arg>
<arg>NF</arg>
<arg>NG</arg>
<arg>NI</arg>
<arg>NL</arg>
<arg>NO</arg>
<arg>NP</arg>
<arg>NR</arg>
<arg>NU</arg>
<arg>NZ</arg>
<arg>OM</arg>
<arg>PA</arg>
<arg>PE</arg>
<arg>PF</arg>
<arg>PG</arg>
<arg>PH</arg>
<arg>PK</arg>
<arg>PL</arg>
<arg>PM</arg>
<arg>PN</arg>
<arg>PR</arg>
<arg>PS</arg>
<arg>PT</arg>
<arg>PW</arg>
<arg>PY</arg>
<arg>QA</arg>
<arg>RE</arg>
<arg>RO</arg>
<arg>RS</arg>
<arg>RU</arg>
<arg>RW</arg>
<arg>SA</arg>
<arg>SB</arg>
<arg>SC</arg>
<arg>SD</arg>
<arg>SE</arg>
<arg>SG</arg>
<arg>SH</arg>
<arg>SI</arg>
<arg>SJ</arg>
<arg>SK</arg>
<arg>SL</arg>
<arg>SM</arg>
<arg>SN</arg>
<arg>SO</arg>
<arg>SR</arg>
<arg>SS</arg>
<arg>ST</arg>
<arg>SV</arg>
<arg>SX</arg>
<arg>SY</arg>
<arg>SZ</arg>
<arg>TC</arg>
<arg>TD</arg>
<arg>TF</arg>
<arg>TG</arg>
<arg>TH</arg>
<arg>TJ</arg>
<arg>TK</arg>
<arg>TL</arg>
<arg>TM</arg>
<arg>TN</arg>
<arg>TO</arg>
<arg>TR</arg>
<arg>TT</arg>
<arg>TV</arg>
<arg>TW</arg>
<arg>TZ</arg>
<arg>UA</arg>
<arg>UG</arg>
<arg>UM</arg>
<arg>US</arg>
<arg>UY</arg>
<arg>UZ</arg>
<arg>VA</arg>
<arg>VC</arg>
<arg>VE</arg>
<arg>VG</arg>
<arg>VI</arg>
<arg>VN</arg>
<arg>VU</arg>
<arg>WF</arg>
<arg>WS</arg>
<arg>XK</arg>
<arg>YE</arg>
<arg>YT</arg>
<arg>ZA</arg>
<arg>ZM</arg>
<arg>ZW</arg>
<doc>Returns a list containing given items.</doc>
<status status="PASS" start="2024-04-08T15:13:04.275186" elapsed="0.000655"/>
</kw>
<kw name="List Should Contain Value" owner="Collections">
<msg time="2024-04-08T15:13:04.276859" level="INFO">False</msg>
<arg>${list_country}</arg>
<arg>${name_country}</arg>
<doc>Fails if the ``value`` is not found from ``list``.</doc>
<status status="PASS" start="2024-04-08T15:13:04.276644" elapsed="0.000252"/>
</kw>
<kw name="Run Keyword If" owner="BuiltIn">
<kw name="Should Be True" owner="BuiltIn">
<arg>${True}</arg>
<doc>Fails if the given condition is not true.</doc>
<status status="PASS" start="2024-04-08T15:13:04.278126" elapsed="0.000152"/>
</kw>
<arg>${json_data["results"][0]["location"]["coordinates"]["latitude"]} &gt;= -90 and ${json_data["results"][0]["location"]["coordinates"]["latitude"]} &lt;= 90</arg>
<arg>Should Be True</arg>
<arg>${True}</arg>
<doc>Runs the given keyword with the given arguments, if ``condition`` is true.</doc>
<status status="PASS" start="2024-04-08T15:13:04.277214" elapsed="0.001195"/>
</kw>
<kw name="Run Keyword If" owner="BuiltIn">
<kw name="Should Be True" owner="BuiltIn">
<arg>${True}</arg>
<doc>Fails if the given condition is not true.</doc>
<status status="PASS" start="2024-04-08T15:13:04.279320" elapsed="0.000145"/>
</kw>
<arg>${json_data["results"][0]["location"]["coordinates"]["longitude"]} &gt;= -180 and ${json_data["results"][0]["location"]["coordinates"]["longitude"]} &lt;= 180</arg>
<arg>Should Be True</arg>
<arg>${True}</arg>
<doc>Runs the given keyword with the given arguments, if ``condition`` is true.</doc>
<status status="PASS" start="2024-04-08T15:13:04.278598" elapsed="0.000993"/>
</kw>
<status status="PASS" start="2024-04-08T15:13:04.140210" elapsed="0.139517"/>
</kw>
<doc>Testa o conteúdo específico dos campos retornados pela API.</doc>
<tag>testeConteudo</tag>
<status status="PASS" start="2024-04-08T15:13:04.139649" elapsed="0.140292"/>
</test>
<status status="PASS" start="2024-04-08T15:13:02.920127" elapsed="1.361784"/>
</suite>
<status status="PASS" start="2024-04-08T15:13:02.905134" elapsed="1.382301"/>
</suite>
<statistics>
<total>
<stat pass="5" fail="0" skip="0">All Tests</stat>
</total>
<tag>
<stat pass="1" fail="0" skip="0">testeConteudo</stat>
<stat pass="1" fail="0" skip="0">testeEstruturaResposta</stat>
<stat pass="1" fail="0" skip="0">testeRequisicaoBasica</stat>
<stat pass="1" fail="0" skip="0">testeTiposDados</stat>
</tag>
<suite>
<stat pass="5" fail="0" skip="0" id="s1" name="Tests">Tests</stat>
<stat pass="5" fail="0" skip="0" id="s1-s1" name="Random-User-Test">Tests.Random-User-Test</stat>
</suite>
</statistics>
<errors>
</errors>
</robot>
