<?xml version="1.0" encoding="UTF-8"?>
<robot generator="Robot 7.0 (Python 3.12.3 on linux)" generated="2024-06-02T03:16:55.208803" rpa="false" schemaversion="5">
<suite id="s1" name="Tests" source="/home/runner/work/ApiRandomUser/ApiRandomUser/RamdonUser/tests">
<suite id="s1-s1" name="Random-User-Test" source="/home/runner/work/ApiRandomUser/ApiRandomUser/RamdonUser/tests/random-user-test.robot">
<test id="s1-s1-t1" name="Conectar" line="13">
<kw name="Conectar API" owner="random-user-service">
<kw name="Create Session" owner="RequestsLibrary">
<msg time="2024-06-02T03:16:55.596022" level="INFO">Creating Session using : alias=consultarAPI, url=https://randomuser.me/, headers={},                     cookies={}, auth=None, timeout=None, proxies=None, verify=False,                     debug=0 </msg>
<arg>consultarAPI</arg>
<arg>${URL}</arg>
<doc>Create Session: create a HTTP session to a server</doc>
<status status="PASS" start="2024-06-02T03:16:55.595812" elapsed="0.000394"/>
</kw>
<status status="PASS" start="2024-06-02T03:16:55.594733" elapsed="0.001841"/>
</kw>
<status status="PASS" start="2024-06-02T03:16:55.594097" elapsed="0.002672"/>
</test>
<test id="s1-s1-t2" name="Validar retorno 200 e JSON Válido" line="16">
<kw name="Teste de Requisicao Basica" owner="random-user-service">
<kw name="GET On Session" owner="RequestsLibrary">
<msg time="2024-06-02T03:16:55.710492" level="INFO">GET Request : url=https://randomuser.me/api 
 path_url=/api 
 headers={'User-Agent': 'python-requests/2.32.3', 'Accept-Encoding': 'gzip, deflate', 'Accept': '*/*', 'Connection': 'keep-alive'} 
 body=None 
 </msg>
<msg time="2024-06-02T03:16:55.710645" level="INFO">GET Response : url=https://randomuser.me/api 
 status=200, reason=OK 
 headers={'Date': 'Sun, 02 Jun 2024 03:16:55 GMT', 'Content-Type': 'application/json; charset=utf-8', 'Transfer-Encoding': 'chunked', 'Connection': 'keep-alive', 'X-Powered-By': 'Express', 'Access-Control-Allow-Origin': '*', 'Cache-Control': 'no-cache', 'ETag': 'W/"48c-CTi83MXyHL3nMVaGWhtS5jxYO4U"', 'Vary': 'Accept-Encoding', 'Content-Encoding': 'gzip', 'CF-Cache-Status': 'DYNAMIC', 'Report-To': '{"endpoints":[{"url":"https:\\/\\/a.nel.cloudflare.com\\/report\\/v4?s=oMRzYL16kLgm4AauDFaqCmN9rpLuiCUBLF9aScBdUsn9BS2rv0i83WhJPzzagyDJsS%2FtlDrKwLQUEp5kbWbZcGe5UqLZSdCOe61DOtp%2F%2BcAt%2FDxwenuj04JXSyR3XTpL"}],"group":"cf-nel","max_age":604800}', 'NEL': '{"success_fraction":0,"report_to":"cf-nel","max_age":604800}', 'Server': 'cloudflare', 'CF-RAY': '88d44997ab479e76-SJC', 'alt-svc': 'h3=":443"; ma=86400'} 
 body={"results":[{"gender":"male","name":{"title":"Mr","first":"Shchedrogost","last":"Lisnichiy"},"location":{"street":{"number":8823,"name":"Kedrova"},"city":"Novomoskovsk","state":"Mikolayivska","country":"Ukraine","postcode":56119,"coordinates":{"latitude":"74.7061","longitude":"-28.4882"},"timezone":{"offset":"-8:00","description":"Pacific Time (US &amp; Canada)"}},"email":"shchedrogost.lisnichiy@example.com","login":{"uuid":"f82e6988-537b-496f-9bb4-a7436c872d78","username":"sadfish679","password":"priest","salt":"vlBUJy8Y","md5":"4c04ca376b080fe65cec8ef65f5af506","sha1":"b9464e4f4c8a3c05d531a71afedde6f024ff3eab","sha256":"0371d996fe9ee0bbfe04bbfecb848f420feb55a4b7e15f8265b8f7ac10a13c7d"},"dob":{"date":"1972-08-26T13:16:22.831Z","age":51},"registered":{"date":"2007-04-12T18:33:22.596Z","age":17},"phone":"(068) T54-1845","cell":"(098) P70-2284","id":{"name":"","value":null},"picture":{"large":"https://randomuser.me/api/portraits/men/19.jpg","medium":"https://randomuser.me/api/portraits/med/men/19.jpg","thumbnail":"https://randomuser.me/api/portraits/thumb/men/19.jpg"},"nat":"UA"}],"info":{"seed":"343b57e15ef381da","results":1,"page":1,"version":"1.4"}} 
 </msg>
<msg time="2024-06-02T03:16:55.710729" level="INFO">/opt/hostedtoolcache/Python/3.12.3/x64/lib/python3.12/site-packages/urllib3/connectionpool.py:1103: InsecureRequestWarning: Unverified HTTPS request is being made to host 'randomuser.me'. Adding certificate verification is strongly advised. See: https://urllib3.readthedocs.io/en/latest/advanced-usage.html#tls-warnings
  warnings.warn(</msg>
<msg time="2024-06-02T03:16:55.710888" level="INFO">${response} = &lt;Response [200]&gt;</msg>
<var>${response}</var>
<arg>consultarAPI</arg>
<arg>/api</arg>
<doc>Sends a GET request on a previously created HTTP Session.</doc>
<status status="PASS" start="2024-06-02T03:16:55.599519" elapsed="0.111403"/>
</kw>
<kw name="Should Be Equal As Numbers" owner="BuiltIn">
<msg time="2024-06-02T03:16:55.711902" level="INFO">Argument types are:
&lt;class 'int'&gt;
&lt;class 'str'&gt;</msg>
<arg>${response.status_code}</arg>
<arg>200</arg>
<doc>Fails if objects are unequal after converting them to real numbers.</doc>
<status status="PASS" start="2024-06-02T03:16:55.711432" elapsed="0.000539"/>
</kw>
<kw name="Log" owner="BuiltIn">
<msg time="2024-06-02T03:16:55.712721" level="INFO">200</msg>
<arg>${response.status_code}</arg>
<doc>Logs the given message with the given level.</doc>
<status status="PASS" start="2024-06-02T03:16:55.712355" elapsed="0.000415"/>
</kw>
<kw name="Set Variable" owner="BuiltIn">
<msg time="2024-06-02T03:16:55.713576" level="INFO">${json_data} = {'results': [{'gender': 'male', 'name': {'title': 'Mr', 'first': 'Shchedrogost', 'last': 'Lisnichiy'}, 'location': {'street': {'number': 8823, 'name': 'Kedrova'}, 'city': 'Novomoskovsk', 'state': 'Mik...</msg>
<var>${json_data}</var>
<arg>${response.json()}</arg>
<doc>Returns the given values which can then be assigned to a variables.</doc>
<status status="PASS" start="2024-06-02T03:16:55.713092" elapsed="0.000514"/>
</kw>
<kw name="Dictionary Should Contain Key" owner="Collections">
<msg time="2024-06-02T03:16:55.714104" level="INFO">False</msg>
<arg>${json_data}</arg>
<arg>results</arg>
<doc>Fails if ``key`` is not found from ``dictionary``.</doc>
<status status="PASS" start="2024-06-02T03:16:55.713921" elapsed="0.000393"/>
</kw>
<status status="PASS" start="2024-06-02T03:16:55.599273" elapsed="0.115314"/>
</kw>
<doc>Testa se a API responde corretamente e retorna um objeto JSON válido.</doc>
<tag>testeRequisicaoBasica</tag>
<status status="PASS" start="2024-06-02T03:16:55.598725" elapsed="0.116049"/>
</test>
<test id="s1-s1-t3" name="Validar estrutura de resposta" line="22">
<kw name="Teste de Estrutura de Resposta" owner="random-user-service">
<kw name="GET On Session" owner="RequestsLibrary">
<msg time="2024-06-02T03:16:55.811850" level="INFO">GET Request : url=https://randomuser.me/api 
 path_url=/api 
 headers={'User-Agent': 'python-requests/2.32.3', 'Accept-Encoding': 'gzip, deflate', 'Accept': '*/*', 'Connection': 'keep-alive'} 
 body=None 
 </msg>
<msg time="2024-06-02T03:16:55.811938" level="INFO">GET Response : url=https://randomuser.me/api 
 status=200, reason=OK 
 headers={'Date': 'Sun, 02 Jun 2024 03:16:55 GMT', 'Content-Type': 'application/json; charset=utf-8', 'Transfer-Encoding': 'chunked', 'Connection': 'keep-alive', 'X-Powered-By': 'Express', 'Access-Control-Allow-Origin': '*', 'Cache-Control': 'no-cache', 'ETag': 'W/"496-vekWVYQdHFzijjWQ/hty005HFJM"', 'Vary': 'Accept-Encoding', 'Content-Encoding': 'gzip', 'CF-Cache-Status': 'DYNAMIC', 'Report-To': '{"endpoints":[{"url":"https:\\/\\/a.nel.cloudflare.com\\/report\\/v4?s=weOY%2FOvR%2BJbQBQT9CP8Q4xar%2FzQtGOpI9xjgOOg96RCR6pxk8%2B%2FDAmcE3oXv7HMWRezEWWtwyXKdmIrt7Xe9CjRUHN%2FYQFwaFV9PIAQo3kUskJAL125GQxenPMuAhBnK"}],"group":"cf-nel","max_age":604800}', 'NEL': '{"success_fraction":0,"report_to":"cf-nel","max_age":604800}', 'Server': 'cloudflare', 'CF-RAY': '88d449983bc69e76-SJC', 'alt-svc': 'h3=":443"; ma=86400'} 
 body={"results":[{"gender":"female","name":{"title":"Mrs","first":"Iida","last":"Kangas"},"location":{"street":{"number":7234,"name":"Hermiankatu"},"city":"Pirkkala","state":"Kainuu","country":"Finland","postcode":71891,"coordinates":{"latitude":"-25.1264","longitude":"98.2904"},"timezone":{"offset":"+5:00","description":"Ekaterinburg, Islamabad, Karachi, Tashkent"}},"email":"iida.kangas@example.com","login":{"uuid":"547ab3a2-bfbe-46a6-a051-146e20add368","username":"bigbird358","password":"finger","salt":"9R3xQyPd","md5":"fda83320c1a95301bca62c3b39784ed9","sha1":"256d3f544d09ddc4b226681d303f18854cb26fc8","sha256":"e34c05a5dfa2bbd55fd263ef31568a22bfbef09fc6e3cc45dbc114c0b91c9b95"},"dob":{"date":"1968-11-15T04:09:12.340Z","age":55},"registered":{"date":"2020-04-21T05:26:33.080Z","age":4},"phone":"02-688-235","cell":"043-508-57-52","id":{"name":"HETU","value":"NaNNA008undefined"},"picture":{"large":"https://randomuser.me/api/portraits/women/12.jpg","medium":"https://randomuser.me/api/portraits/med/women/12.jpg","thumbnail":"https://randomuser.me/api/portraits/thumb/women/12.jpg"},"nat":"FI"}],"info":{"seed":"43de2f6e20900709","results":1,"page":1,"version":"1.4"}} 
 </msg>
<msg time="2024-06-02T03:16:55.812053" level="INFO">/opt/hostedtoolcache/Python/3.12.3/x64/lib/python3.12/site-packages/urllib3/connectionpool.py:1103: InsecureRequestWarning: Unverified HTTPS request is being made to host 'randomuser.me'. Adding certificate verification is strongly advised. See: https://urllib3.readthedocs.io/en/latest/advanced-usage.html#tls-warnings
  warnings.warn(</msg>
<msg time="2024-06-02T03:16:55.812186" level="INFO">${response} = &lt;Response [200]&gt;</msg>
<var>${response}</var>
<arg>consultarAPI</arg>
<arg>/api</arg>
<doc>Sends a GET request on a previously created HTTP Session.</doc>
<status status="PASS" start="2024-06-02T03:16:55.717543" elapsed="0.094687"/>
</kw>
<kw name="Set Variable" owner="BuiltIn">
<msg time="2024-06-02T03:16:55.813185" level="INFO">${json_data} = {'results': [{'gender': 'female', 'name': {'title': 'Mrs', 'first': 'Iida', 'last': 'Kangas'}, 'location': {'street': {'number': 7234, 'name': 'Hermiankatu'}, 'city': 'Pirkkala', 'state': 'Kainuu', 'c...</msg>
<var>${json_data}</var>
<arg>${response.json()}</arg>
<doc>Returns the given values which can then be assigned to a variables.</doc>
<status status="PASS" start="2024-06-02T03:16:55.812675" elapsed="0.000581"/>
</kw>
<kw name="Log" owner="BuiltIn">
<msg time="2024-06-02T03:16:55.813776" level="INFO">{'results': [{'gender': 'female', 'name': {'title': 'Mrs', 'first': 'Iida', 'last': 'Kangas'}, 'location': {'street': {'number': 7234, 'name': 'Hermiankatu'}, 'city': 'Pirkkala', 'state': 'Kainuu', 'country': 'Finland', 'postcode': 71891, 'coordinates': {'latitude': '-25.1264', 'longitude': '98.2904'}, 'timezone': {'offset': '+5:00', 'description': 'Ekaterinburg, Islamabad, Karachi, Tashkent'}}, 'email': 'iida.kangas@example.com', 'login': {'uuid': '547ab3a2-bfbe-46a6-a051-146e20add368', 'username': 'bigbird358', 'password': 'finger', 'salt': '9R3xQyPd', 'md5': 'fda83320c1a95301bca62c3b39784ed9', 'sha1': '256d3f544d09ddc4b226681d303f18854cb26fc8', 'sha256': 'e34c05a5dfa2bbd55fd263ef31568a22bfbef09fc6e3cc45dbc114c0b91c9b95'}, 'dob': {'date': '1968-11-15T04:09:12.340Z', 'age': 55}, 'registered': {'date': '2020-04-21T05:26:33.080Z', 'age': 4}, 'phone': '02-688-235', 'cell': '043-508-57-52', 'id': {'name': 'HETU', 'value': 'NaNNA008undefined'}, 'picture': {'large': 'https://randomuser.me/api/portraits/women/12.jpg', 'medium': 'https://randomuser.me/api/portraits/med/women/12.jpg', 'thumbnail': 'https://randomuser.me/api/portraits/thumb/women/12.jpg'}, 'nat': 'FI'}], 'info': {'seed': '43de2f6e20900709', 'results': 1, 'page': 1, 'version': '1.4'}}</msg>
<arg>${json_data}</arg>
<doc>Logs the given message with the given level.</doc>
<status status="PASS" start="2024-06-02T03:16:55.813604" elapsed="0.000222"/>
</kw>
<kw name="Dictionary Should Contain Key" owner="Collections">
<msg time="2024-06-02T03:16:55.814289" level="INFO">False</msg>
<arg>${json_data}</arg>
<arg>results</arg>
<doc>Fails if ``key`` is not found from ``dictionary``.</doc>
<status status="PASS" start="2024-06-02T03:16:55.814129" elapsed="0.000199"/>
</kw>
<kw name="Should Not Be Empty" owner="BuiltIn">
<msg time="2024-06-02T03:16:55.814765" level="INFO">Length is 2.</msg>
<arg>${json_data}</arg>
<doc>Verifies that the given item is not empty.</doc>
<status status="PASS" start="2024-06-02T03:16:55.814626" elapsed="0.000178"/>
</kw>
<kw name="Create List" owner="BuiltIn">
<msg time="2024-06-02T03:16:55.815249" level="INFO">${expected_keys} = ['gender', 'name', 'location', 'email', 'login']</msg>
<var>${expected_keys}</var>
<arg>gender</arg>
<arg>name</arg>
<arg>location</arg>
<arg>email</arg>
<arg>login</arg>
<doc>Returns a list containing given items.</doc>
<status status="PASS" start="2024-06-02T03:16:55.815099" elapsed="0.000174"/>
</kw>
<for flavor="IN">
<iter>
<kw name="Dictionary Should Contain Key" owner="Collections">
<msg time="2024-06-02T03:16:55.816269" level="INFO">False</msg>
<arg>${json_data['results'][0]}</arg>
<arg>${key}</arg>
<doc>Fails if ``key`` is not found from ``dictionary``.</doc>
<status status="PASS" start="2024-06-02T03:16:55.815852" elapsed="0.000463"/>
</kw>
<kw name="Log" owner="BuiltIn">
<msg time="2024-06-02T03:16:55.816995" level="INFO">{'gender': 'female', 'name': {'title': 'Mrs', 'first': 'Iida', 'last': 'Kangas'}, 'location': {'street': {'number': 7234, 'name': 'Hermiankatu'}, 'city': 'Pirkkala', 'state': 'Kainuu', 'country': 'Finland', 'postcode': 71891, 'coordinates': {'latitude': '-25.1264', 'longitude': '98.2904'}, 'timezone': {'offset': '+5:00', 'description': 'Ekaterinburg, Islamabad, Karachi, Tashkent'}}, 'email': 'iida.kangas@example.com', 'login': {'uuid': '547ab3a2-bfbe-46a6-a051-146e20add368', 'username': 'bigbird358', 'password': 'finger', 'salt': '9R3xQyPd', 'md5': 'fda83320c1a95301bca62c3b39784ed9', 'sha1': '256d3f544d09ddc4b226681d303f18854cb26fc8', 'sha256': 'e34c05a5dfa2bbd55fd263ef31568a22bfbef09fc6e3cc45dbc114c0b91c9b95'}, 'dob': {'date': '1968-11-15T04:09:12.340Z', 'age': 55}, 'registered': {'date': '2020-04-21T05:26:33.080Z', 'age': 4}, 'phone': '02-688-235', 'cell': '043-508-57-52', 'id': {'name': 'HETU', 'value': 'NaNNA008undefined'}, 'picture': {'large': 'https://randomuser.me/api/portraits/women/12.jpg', 'medium': 'https://randomuser.me/api/portraits/med/women/12.jpg', 'thumbnail': 'https://randomuser.me/api/portraits/thumb/women/12.jpg'}, 'nat': 'FI'}</msg>
<arg>${json_data['results'][0]}</arg>
<doc>Logs the given message with the given level.</doc>
<status status="PASS" start="2024-06-02T03:16:55.816621" elapsed="0.000424"/>
</kw>
<kw name="Log" owner="BuiltIn">
<msg time="2024-06-02T03:16:55.817527" level="INFO">gender</msg>
<arg>${key}</arg>
<doc>Logs the given message with the given level.</doc>
<status status="PASS" start="2024-06-02T03:16:55.817391" elapsed="0.000175"/>
</kw>
<var name="${key}">gender</var>
<status status="PASS" start="2024-06-02T03:16:55.815726" elapsed="0.002061"/>
</iter>
<iter>
<kw name="Dictionary Should Contain Key" owner="Collections">
<msg time="2024-06-02T03:16:55.818487" level="INFO">False</msg>
<arg>${json_data['results'][0]}</arg>
<arg>${key}</arg>
<doc>Fails if ``key`` is not found from ``dictionary``.</doc>
<status status="PASS" start="2024-06-02T03:16:55.818094" elapsed="0.000430"/>
</kw>
<kw name="Log" owner="BuiltIn">
<msg time="2024-06-02T03:16:55.819213" level="INFO">{'gender': 'female', 'name': {'title': 'Mrs', 'first': 'Iida', 'last': 'Kangas'}, 'location': {'street': {'number': 7234, 'name': 'Hermiankatu'}, 'city': 'Pirkkala', 'state': 'Kainuu', 'country': 'Finland', 'postcode': 71891, 'coordinates': {'latitude': '-25.1264', 'longitude': '98.2904'}, 'timezone': {'offset': '+5:00', 'description': 'Ekaterinburg, Islamabad, Karachi, Tashkent'}}, 'email': 'iida.kangas@example.com', 'login': {'uuid': '547ab3a2-bfbe-46a6-a051-146e20add368', 'username': 'bigbird358', 'password': 'finger', 'salt': '9R3xQyPd', 'md5': 'fda83320c1a95301bca62c3b39784ed9', 'sha1': '256d3f544d09ddc4b226681d303f18854cb26fc8', 'sha256': 'e34c05a5dfa2bbd55fd263ef31568a22bfbef09fc6e3cc45dbc114c0b91c9b95'}, 'dob': {'date': '1968-11-15T04:09:12.340Z', 'age': 55}, 'registered': {'date': '2020-04-21T05:26:33.080Z', 'age': 4}, 'phone': '02-688-235', 'cell': '043-508-57-52', 'id': {'name': 'HETU', 'value': 'NaNNA008undefined'}, 'picture': {'large': 'https://randomuser.me/api/portraits/women/12.jpg', 'medium': 'https://randomuser.me/api/portraits/med/women/12.jpg', 'thumbnail': 'https://randomuser.me/api/portraits/thumb/women/12.jpg'}, 'nat': 'FI'}</msg>
<arg>${json_data['results'][0]}</arg>
<doc>Logs the given message with the given level.</doc>
<status status="PASS" start="2024-06-02T03:16:55.818852" elapsed="0.000408"/>
</kw>
<kw name="Log" owner="BuiltIn">
<msg time="2024-06-02T03:16:55.819686" level="INFO">name</msg>
<arg>${key}</arg>
<doc>Logs the given message with the given level.</doc>
<status status="PASS" start="2024-06-02T03:16:55.819558" elapsed="0.000166"/>
</kw>
<var name="${key}">name</var>
<status status="PASS" start="2024-06-02T03:16:55.817978" elapsed="0.001967"/>
</iter>
<iter>
<kw name="Dictionary Should Contain Key" owner="Collections">
<msg time="2024-06-02T03:16:55.820618" level="INFO">False</msg>
<arg>${json_data['results'][0]}</arg>
<arg>${key}</arg>
<doc>Fails if ``key`` is not found from ``dictionary``.</doc>
<status status="PASS" start="2024-06-02T03:16:55.820241" elapsed="0.000415"/>
</kw>
<kw name="Log" owner="BuiltIn">
<msg time="2024-06-02T03:16:55.821369" level="INFO">{'gender': 'female', 'name': {'title': 'Mrs', 'first': 'Iida', 'last': 'Kangas'}, 'location': {'street': {'number': 7234, 'name': 'Hermiankatu'}, 'city': 'Pirkkala', 'state': 'Kainuu', 'country': 'Finland', 'postcode': 71891, 'coordinates': {'latitude': '-25.1264', 'longitude': '98.2904'}, 'timezone': {'offset': '+5:00', 'description': 'Ekaterinburg, Islamabad, Karachi, Tashkent'}}, 'email': 'iida.kangas@example.com', 'login': {'uuid': '547ab3a2-bfbe-46a6-a051-146e20add368', 'username': 'bigbird358', 'password': 'finger', 'salt': '9R3xQyPd', 'md5': 'fda83320c1a95301bca62c3b39784ed9', 'sha1': '256d3f544d09ddc4b226681d303f18854cb26fc8', 'sha256': 'e34c05a5dfa2bbd55fd263ef31568a22bfbef09fc6e3cc45dbc114c0b91c9b95'}, 'dob': {'date': '1968-11-15T04:09:12.340Z', 'age': 55}, 'registered': {'date': '2020-04-21T05:26:33.080Z', 'age': 4}, 'phone': '02-688-235', 'cell': '043-508-57-52', 'id': {'name': 'HETU', 'value': 'NaNNA008undefined'}, 'picture': {'large': 'https://randomuser.me/api/portraits/women/12.jpg', 'medium': 'https://randomuser.me/api/portraits/med/women/12.jpg', 'thumbnail': 'https://randomuser.me/api/portraits/thumb/women/12.jpg'}, 'nat': 'FI'}</msg>
<arg>${json_data['results'][0]}</arg>
<doc>Logs the given message with the given level.</doc>
<status status="PASS" start="2024-06-02T03:16:55.820957" elapsed="0.000465"/>
</kw>
<kw name="Log" owner="BuiltIn">
<msg time="2024-06-02T03:16:55.821857" level="INFO">location</msg>
<arg>${key}</arg>
<doc>Logs the given message with the given level.</doc>
<status status="PASS" start="2024-06-02T03:16:55.821728" elapsed="0.000169"/>
</kw>
<var name="${key}">location</var>
<status status="PASS" start="2024-06-02T03:16:55.820127" elapsed="0.001989"/>
</iter>
<iter>
<kw name="Dictionary Should Contain Key" owner="Collections">
<msg time="2024-06-02T03:16:55.822903" level="INFO">False</msg>
<arg>${json_data['results'][0]}</arg>
<arg>${key}</arg>
<doc>Fails if ``key`` is not found from ``dictionary``.</doc>
<status status="PASS" start="2024-06-02T03:16:55.822405" elapsed="0.000536"/>
</kw>
<kw name="Log" owner="BuiltIn">
<msg time="2024-06-02T03:16:55.823606" level="INFO">{'gender': 'female', 'name': {'title': 'Mrs', 'first': 'Iida', 'last': 'Kangas'}, 'location': {'street': {'number': 7234, 'name': 'Hermiankatu'}, 'city': 'Pirkkala', 'state': 'Kainuu', 'country': 'Finland', 'postcode': 71891, 'coordinates': {'latitude': '-25.1264', 'longitude': '98.2904'}, 'timezone': {'offset': '+5:00', 'description': 'Ekaterinburg, Islamabad, Karachi, Tashkent'}}, 'email': 'iida.kangas@example.com', 'login': {'uuid': '547ab3a2-bfbe-46a6-a051-146e20add368', 'username': 'bigbird358', 'password': 'finger', 'salt': '9R3xQyPd', 'md5': 'fda83320c1a95301bca62c3b39784ed9', 'sha1': '256d3f544d09ddc4b226681d303f18854cb26fc8', 'sha256': 'e34c05a5dfa2bbd55fd263ef31568a22bfbef09fc6e3cc45dbc114c0b91c9b95'}, 'dob': {'date': '1968-11-15T04:09:12.340Z', 'age': 55}, 'registered': {'date': '2020-04-21T05:26:33.080Z', 'age': 4}, 'phone': '02-688-235', 'cell': '043-508-57-52', 'id': {'name': 'HETU', 'value': 'NaNNA008undefined'}, 'picture': {'large': 'https://randomuser.me/api/portraits/women/12.jpg', 'medium': 'https://randomuser.me/api/portraits/med/women/12.jpg', 'thumbnail': 'https://randomuser.me/api/portraits/thumb/women/12.jpg'}, 'nat': 'FI'}</msg>
<arg>${json_data['results'][0]}</arg>
<doc>Logs the given message with the given level.</doc>
<status status="PASS" start="2024-06-02T03:16:55.823244" elapsed="0.000417"/>
</kw>
<kw name="Log" owner="BuiltIn">
<msg time="2024-06-02T03:16:55.824088" level="INFO">email</msg>
<arg>${key}</arg>
<doc>Logs the given message with the given level.</doc>
<status status="PASS" start="2024-06-02T03:16:55.823959" elapsed="0.000167"/>
</kw>
<var name="${key}">email</var>
<status status="PASS" start="2024-06-02T03:16:55.822292" elapsed="0.002050"/>
</iter>
<iter>
<kw name="Dictionary Should Contain Key" owner="Collections">
<msg time="2024-06-02T03:16:55.825022" level="INFO">False</msg>
<arg>${json_data['results'][0]}</arg>
<arg>${key}</arg>
<doc>Fails if ``key`` is not found from ``dictionary``.</doc>
<status status="PASS" start="2024-06-02T03:16:55.824638" elapsed="0.000423"/>
</kw>
<kw name="Log" owner="BuiltIn">
<msg time="2024-06-02T03:16:55.825753" level="INFO">{'gender': 'female', 'name': {'title': 'Mrs', 'first': 'Iida', 'last': 'Kangas'}, 'location': {'street': {'number': 7234, 'name': 'Hermiankatu'}, 'city': 'Pirkkala', 'state': 'Kainuu', 'country': 'Finland', 'postcode': 71891, 'coordinates': {'latitude': '-25.1264', 'longitude': '98.2904'}, 'timezone': {'offset': '+5:00', 'description': 'Ekaterinburg, Islamabad, Karachi, Tashkent'}}, 'email': 'iida.kangas@example.com', 'login': {'uuid': '547ab3a2-bfbe-46a6-a051-146e20add368', 'username': 'bigbird358', 'password': 'finger', 'salt': '9R3xQyPd', 'md5': 'fda83320c1a95301bca62c3b39784ed9', 'sha1': '256d3f544d09ddc4b226681d303f18854cb26fc8', 'sha256': 'e34c05a5dfa2bbd55fd263ef31568a22bfbef09fc6e3cc45dbc114c0b91c9b95'}, 'dob': {'date': '1968-11-15T04:09:12.340Z', 'age': 55}, 'registered': {'date': '2020-04-21T05:26:33.080Z', 'age': 4}, 'phone': '02-688-235', 'cell': '043-508-57-52', 'id': {'name': 'HETU', 'value': 'NaNNA008undefined'}, 'picture': {'large': 'https://randomuser.me/api/portraits/women/12.jpg', 'medium': 'https://randomuser.me/api/portraits/med/women/12.jpg', 'thumbnail': 'https://randomuser.me/api/portraits/thumb/women/12.jpg'}, 'nat': 'FI'}</msg>
<arg>${json_data['results'][0]}</arg>
<doc>Logs the given message with the given level.</doc>
<status status="PASS" start="2024-06-02T03:16:55.825387" elapsed="0.000414"/>
</kw>
<kw name="Log" owner="BuiltIn">
<msg time="2024-06-02T03:16:55.826225" level="INFO">login</msg>
<arg>${key}</arg>
<doc>Logs the given message with the given level.</doc>
<status status="PASS" start="2024-06-02T03:16:55.826096" elapsed="0.000167"/>
</kw>
<var name="${key}">login</var>
<status status="PASS" start="2024-06-02T03:16:55.824526" elapsed="0.001978"/>
</iter>
<var>${key}</var>
<value>@{expected_keys}</value>
<status status="PASS" start="2024-06-02T03:16:55.815533" elapsed="0.011098"/>
</for>
<kw name="Create List" owner="BuiltIn">
<msg time="2024-06-02T03:16:55.826968" level="INFO">${expected_keysTwo} = ['username', 'password']</msg>
<var>${expected_keysTwo}</var>
<arg>username</arg>
<arg>password</arg>
<doc>Returns a list containing given items.</doc>
<status status="PASS" start="2024-06-02T03:16:55.826830" elapsed="0.000161"/>
</kw>
<for flavor="IN">
<iter>
<kw name="Dictionary Should Contain Key" owner="Collections">
<msg time="2024-06-02T03:16:55.827875" level="INFO">False</msg>
<arg>${json_data['results'][0]['login']}</arg>
<arg>${keyTwo}</arg>
<doc>Fails if ``key`` is not found from ``dictionary``.</doc>
<status status="PASS" start="2024-06-02T03:16:55.827495" elapsed="0.000417"/>
</kw>
<kw name="Dictionary Should Contain Key" owner="Collections">
<msg time="2024-06-02T03:16:55.828592" level="INFO">False</msg>
<arg>${json_data['results'][0]['login']}</arg>
<arg>${keyTwo}</arg>
<doc>Fails if ``key`` is not found from ``dictionary``.</doc>
<status status="PASS" start="2024-06-02T03:16:55.828213" elapsed="0.000416"/>
</kw>
<kw name="Log" owner="BuiltIn">
<msg time="2024-06-02T03:16:55.829052" level="INFO">username</msg>
<arg>${keyTwo}</arg>
<doc>Logs the given message with the given level.</doc>
<status status="PASS" start="2024-06-02T03:16:55.828922" elapsed="0.000168"/>
</kw>
<var name="${keyTwo}">username</var>
<status status="PASS" start="2024-06-02T03:16:55.827384" elapsed="0.001957"/>
</iter>
<iter>
<kw name="Dictionary Should Contain Key" owner="Collections">
<msg time="2024-06-02T03:16:55.830028" level="INFO">False</msg>
<arg>${json_data['results'][0]['login']}</arg>
<arg>${keyTwo}</arg>
<doc>Fails if ``key`` is not found from ``dictionary``.</doc>
<status status="PASS" start="2024-06-02T03:16:55.829640" elapsed="0.000425"/>
</kw>
<kw name="Dictionary Should Contain Key" owner="Collections">
<msg time="2024-06-02T03:16:55.830748" level="INFO">False</msg>
<arg>${json_data['results'][0]['login']}</arg>
<arg>${keyTwo}</arg>
<doc>Fails if ``key`` is not found from ``dictionary``.</doc>
<status status="PASS" start="2024-06-02T03:16:55.830363" elapsed="0.000422"/>
</kw>
<kw name="Log" owner="BuiltIn">
<msg time="2024-06-02T03:16:55.831208" level="INFO">password</msg>
<arg>${keyTwo}</arg>
<doc>Logs the given message with the given level.</doc>
<status status="PASS" start="2024-06-02T03:16:55.831080" elapsed="0.000165"/>
</kw>
<var name="${keyTwo}">password</var>
<status status="PASS" start="2024-06-02T03:16:55.829527" elapsed="0.001935"/>
</iter>
<var>${keyTwo}</var>
<value>@{expected_keysTwo}</value>
<status status="PASS" start="2024-06-02T03:16:55.827231" elapsed="0.004352"/>
</for>
<status status="PASS" start="2024-06-02T03:16:55.717294" elapsed="0.114427"/>
</kw>
<doc>Testa a estrutura da resposta da API.</doc>
<tag>testeEstruturaResposta</tag>
<status status="PASS" start="2024-06-02T03:16:55.716647" elapsed="0.115234"/>
</test>
<test id="s1-s1-t4" name="Validar tipos de dados" line="28">
<kw name="Teste de Tipos de Dados" owner="random-user-service">
<kw name="GET On Session" owner="RequestsLibrary">
<msg time="2024-06-02T03:16:55.919163" level="INFO">GET Request : url=https://randomuser.me/api 
 path_url=/api 
 headers={'User-Agent': 'python-requests/2.32.3', 'Accept-Encoding': 'gzip, deflate', 'Accept': '*/*', 'Connection': 'keep-alive'} 
 body=None 
 </msg>
<msg time="2024-06-02T03:16:55.919253" level="INFO">GET Response : url=https://randomuser.me/api 
 status=200, reason=OK 
 headers={'Date': 'Sun, 02 Jun 2024 03:16:55 GMT', 'Content-Type': 'application/json; charset=utf-8', 'Transfer-Encoding': 'chunked', 'Connection': 'keep-alive', 'X-Powered-By': 'Express', 'Access-Control-Allow-Origin': '*', 'Cache-Control': 'no-cache', 'ETag': 'W/"46b-4VxIeWRhL8gLI0ZO0zATO3gGxPU"', 'Vary': 'Accept-Encoding', 'Content-Encoding': 'gzip', 'CF-Cache-Status': 'DYNAMIC', 'Report-To': '{"endpoints":[{"url":"https:\\/\\/a.nel.cloudflare.com\\/report\\/v4?s=bEptE4EwFe4%2BDgxjX5hoihC65xQm5Pg%2F2Bdhkk6IsfA0pzTKNDuvwYH1ZTgr5%2B9%2FSAtDskVwBnoGx6AGPg8fnkC57OlFwDvANpebK0zDaH%2FDg1BgxxbfmujU24bPvDkI"}],"group":"cf-nel","max_age":604800}', 'NEL': '{"success_fraction":0,"report_to":"cf-nel","max_age":604800}', 'Server': 'cloudflare', 'CF-RAY': '88d44998fc439e76-SJC', 'alt-svc': 'h3=":443"; ma=86400'} 
 body={"results":[{"gender":"male","name":{"title":"Mr","first":"Harry","last":"Wells"},"location":{"street":{"number":5537,"name":"Woodlawn Avenue"},"city":"Sligo","state":"Limerick","country":"Ireland","postcode":86730,"coordinates":{"latitude":"-1.0682","longitude":"-154.0957"},"timezone":{"offset":"-3:30","description":"Newfoundland"}},"email":"harry.wells@example.com","login":{"uuid":"6f58fd8d-917b-4b21-883b-1e3a0ccf9662","username":"bluepanda205","password":"lily","salt":"MeDRTigW","md5":"1c0c6ec5e241e263c647877fb333121b","sha1":"32e85f2580f708869fe9559bd933c4af609c490a","sha256":"c4d07e7258aabd5f51b15d72eb7635127ece2c49faf47f33633fc20c7b315463"},"dob":{"date":"1997-08-30T06:29:18.326Z","age":26},"registered":{"date":"2006-02-13T06:30:19.961Z","age":18},"phone":"011-779-6341","cell":"081-100-0487","id":{"name":"PPS","value":"4087168T"},"picture":{"large":"https://randomuser.me/api/portraits/men/62.jpg","medium":"https://randomuser.me/api/portraits/med/men/62.jpg","thumbnail":"https://randomuser.me/api/portraits/thumb/men/62.jpg"},"nat":"IE"}],"info":{"seed":"1f79af90d08cefd8","results":1,"page":1,"version":"1.4"}} 
 </msg>
<msg time="2024-06-02T03:16:55.919322" level="INFO">/opt/hostedtoolcache/Python/3.12.3/x64/lib/python3.12/site-packages/urllib3/connectionpool.py:1103: InsecureRequestWarning: Unverified HTTPS request is being made to host 'randomuser.me'. Adding certificate verification is strongly advised. See: https://urllib3.readthedocs.io/en/latest/advanced-usage.html#tls-warnings
  warnings.warn(</msg>
<msg time="2024-06-02T03:16:55.919453" level="INFO">${response} = &lt;Response [200]&gt;</msg>
<var>${response}</var>
<arg>consultarAPI</arg>
<arg>/api</arg>
<doc>Sends a GET request on a previously created HTTP Session.</doc>
<status status="PASS" start="2024-06-02T03:16:55.834501" elapsed="0.084994"/>
</kw>
<kw name="Set Variable" owner="BuiltIn">
<msg time="2024-06-02T03:16:55.920483" level="INFO">${json_data} = {'results': [{'gender': 'male', 'name': {'title': 'Mr', 'first': 'Harry', 'last': 'Wells'}, 'location': {'street': {'number': 5537, 'name': 'Woodlawn Avenue'}, 'city': 'Sligo', 'state': 'Limerick', 'c...</msg>
<var>${json_data}</var>
<arg>${response.json()}</arg>
<doc>Returns the given values which can then be assigned to a variables.</doc>
<status status="PASS" start="2024-06-02T03:16:55.919968" elapsed="0.000545"/>
</kw>
<kw name="Log" owner="BuiltIn">
<msg time="2024-06-02T03:16:55.921017" level="INFO">{'results': [{'gender': 'male', 'name': {'title': 'Mr', 'first': 'Harry', 'last': 'Wells'}, 'location': {'street': {'number': 5537, 'name': 'Woodlawn Avenue'}, 'city': 'Sligo', 'state': 'Limerick', 'country': 'Ireland', 'postcode': 86730, 'coordinates': {'latitude': '-1.0682', 'longitude': '-154.0957'}, 'timezone': {'offset': '-3:30', 'description': 'Newfoundland'}}, 'email': 'harry.wells@example.com', 'login': {'uuid': '6f58fd8d-917b-4b21-883b-1e3a0ccf9662', 'username': 'bluepanda205', 'password': 'lily', 'salt': 'MeDRTigW', 'md5': '1c0c6ec5e241e263c647877fb333121b', 'sha1': '32e85f2580f708869fe9559bd933c4af609c490a', 'sha256': 'c4d07e7258aabd5f51b15d72eb7635127ece2c49faf47f33633fc20c7b315463'}, 'dob': {'date': '1997-08-30T06:29:18.326Z', 'age': 26}, 'registered': {'date': '2006-02-13T06:30:19.961Z', 'age': 18}, 'phone': '011-779-6341', 'cell': '081-100-0487', 'id': {'name': 'PPS', 'value': '4087168T'}, 'picture': {'large': 'https://randomuser.me/api/portraits/men/62.jpg', 'medium': 'https://randomuser.me/api/portraits/med/men/62.jpg', 'thumbnail': 'https://randomuser.me/api/portraits/thumb/men/62.jpg'}, 'nat': 'IE'}], 'info': {'seed': '1f79af90d08cefd8', 'results': 1, 'page': 1, 'version': '1.4'}}</msg>
<arg>${json_data}</arg>
<doc>Logs the given message with the given level.</doc>
<status status="PASS" start="2024-06-02T03:16:55.920853" elapsed="0.000249"/>
</kw>
<kw name="Should Be String" owner="String">
<arg>${json_data['results'][0]['gender']}</arg>
<doc>Fails if the given ``item`` is not a string.</doc>
<status status="PASS" start="2024-06-02T03:16:55.921465" elapsed="0.000377"/>
</kw>
<kw name="Should Match Regexp" owner="BuiltIn">
<arg>${json_data['results'][0]['email']}</arg>
<arg>^[a-zA-Z0-9._%+-]+@[a-zA-Z0-9.-]+\.[a-zA-Z]{2,}$</arg>
<doc>Fails if ``string`` does not match ``pattern`` as a regular expression.</doc>
<status status="PASS" start="2024-06-02T03:16:55.922039" elapsed="0.000666"/>
</kw>
<kw name="Should Match Regexp" owner="BuiltIn">
<arg>${json_data['results'][0]['dob']['date']}</arg>
<arg>\\d{4}-\\d{2}-\\d{2}T\\d{2}:\\d{2}:\\d{2}\\.\\d{3}Z</arg>
<doc>Fails if ``string`` does not match ``pattern`` as a regular expression.</doc>
<status status="PASS" start="2024-06-02T03:16:55.922902" elapsed="0.000484"/>
</kw>
<kw name="Should Match Regexp" owner="BuiltIn">
<arg>${json_data['results'][0]['registered']['date']}</arg>
<arg>\\d{4}-\\d{2}-\\d{2}T\\d{2}:\\d{2}:\\d{2}\\.\\d{3}Z</arg>
<doc>Fails if ``string`` does not match ``pattern`` as a regular expression.</doc>
<status status="PASS" start="2024-06-02T03:16:55.923578" elapsed="0.000369"/>
</kw>
<kw name="Should Match Regexp" owner="BuiltIn">
<arg>${json_data['results'][0]['picture']['large']}</arg>
<arg>^https?://.*\.(?:png|jpe?g|gif|bmp)$</arg>
<doc>Fails if ``string`` does not match ``pattern`` as a regular expression.</doc>
<status status="PASS" start="2024-06-02T03:16:55.924134" elapsed="0.000455"/>
</kw>
<kw name="Should Match Regexp" owner="BuiltIn">
<arg>${json_data['results'][0]['picture']['medium']}</arg>
<arg>^https?://.*\.(?:png|jpe?g|gif|bmp)$</arg>
<doc>Fails if ``string`` does not match ``pattern`` as a regular expression.</doc>
<status status="PASS" start="2024-06-02T03:16:55.924776" elapsed="0.000350"/>
</kw>
<kw name="Should Match Regexp" owner="BuiltIn">
<arg>${json_data['results'][0]['picture']['thumbnail']}</arg>
<arg>^https?://.*\.(?:png|jpe?g|gif|bmp)$</arg>
<doc>Fails if ``string`` does not match ``pattern`` as a regular expression.</doc>
<status status="PASS" start="2024-06-02T03:16:55.925341" elapsed="0.000353"/>
</kw>
<kw name="Log" owner="BuiltIn">
<msg time="2024-06-02T03:16:55.926204" level="INFO">{'large': 'https://randomuser.me/api/portraits/men/62.jpg', 'medium': 'https://randomuser.me/api/portraits/med/men/62.jpg', 'thumbnail': 'https://randomuser.me/api/portraits/thumb/men/62.jpg'}</msg>
<arg>${json_data['results'][0]['picture']}</arg>
<doc>Logs the given message with the given level.</doc>
<status status="PASS" start="2024-06-02T03:16:55.925876" elapsed="0.000370"/>
</kw>
<status status="PASS" start="2024-06-02T03:16:55.834266" elapsed="0.092238"/>
</kw>
<kw name="Teste de Tipos de Dados - Postcode" owner="random-user-service">
<kw name="GET On Session" owner="RequestsLibrary">
<msg time="2024-06-02T03:16:56.037983" level="INFO">GET Request : url=https://randomuser.me/api 
 path_url=/api 
 headers={'User-Agent': 'python-requests/2.32.3', 'Accept-Encoding': 'gzip, deflate', 'Accept': '*/*', 'Connection': 'keep-alive'} 
 body=None 
 </msg>
<msg time="2024-06-02T03:16:56.038089" level="INFO">GET Response : url=https://randomuser.me/api 
 status=200, reason=OK 
 headers={'Date': 'Sun, 02 Jun 2024 03:16:56 GMT', 'Content-Type': 'application/json; charset=utf-8', 'Transfer-Encoding': 'chunked', 'Connection': 'keep-alive', 'X-Powered-By': 'Express', 'Access-Control-Allow-Origin': '*', 'Cache-Control': 'no-cache', 'ETag': 'W/"4a5-ZnXhVFsVAt2hjasrgVuNQiVJROg"', 'Vary': 'Accept-Encoding', 'Content-Encoding': 'gzip', 'CF-Cache-Status': 'DYNAMIC', 'Report-To': '{"endpoints":[{"url":"https:\\/\\/a.nel.cloudflare.com\\/report\\/v4?s=dfpTXU1R%2FATMCoFe1bvVl90cuvh3Yv5GaaI%2BbTl79E9TeAciFpZQ6l39lPRBr3tzMn%2F2HS5Y6quVp0BMHVVa4qUPslT1hYogVVYGq9Neq%2FFTcKlZHrlRiUgE8Nbk8D9S"}],"group":"cf-nel","max_age":604800}', 'NEL': '{"success_fraction":0,"report_to":"cf-nel","max_age":604800}', 'Server': 'cloudflare', 'CF-RAY': '88d449998cb59e76-SJC', 'alt-svc': 'h3=":443"; ma=86400'} 
 body={"results":[{"gender":"female","name":{"title":"Ms","first":"Klaudia","last":"Steinhauer"},"location":{"street":{"number":2605,"name":"Amselweg"},"city":"Döbern","state":"Bremen","country":"Germany","postcode":69966,"coordinates":{"latitude":"-49.8504","longitude":"70.9661"},"timezone":{"offset":"-6:00","description":"Central Time (US &amp; Canada), Mexico City"}},"email":"klaudia.steinhauer@example.com","login":{"uuid":"8db34034-af14-4af4-a4b1-68e1efa0240a","username":"beautifulgorilla564","password":"popeye","salt":"8fsQ0p4q","md5":"1efb27e46ead0ef0b195532cfa09a4a3","sha1":"eaad2b3a7613c67d52f9835d37c0d3a10844e52f","sha256":"3086e56f517f6718cd122a9f78d94de6eaf60912b613ac3dfc30fd98d4d9ae77"},"dob":{"date":"1996-11-11T05:12:21.300Z","age":27},"registered":{"date":"2003-08-06T08:31:14.931Z","age":20},"phone":"0960-1306366","cell":"0177-2006389","id":{"name":"SVNR","value":"79 101196 S 971"},"picture":{"large":"https://randomuser.me/api/portraits/women/89.jpg","medium":"https://randomuser.me/api/portraits/med/women/89.jpg","thumbnail":"https://randomuser.me/api/portraits/thumb/women/89.jpg"},"nat":"DE"}],"info":{"seed":"7d86096e26b8bf7b","results":1,"page":1,"version":"1.4"}} 
 </msg>
<msg time="2024-06-02T03:16:56.038175" level="INFO">/opt/hostedtoolcache/Python/3.12.3/x64/lib/python3.12/site-packages/urllib3/connectionpool.py:1103: InsecureRequestWarning: Unverified HTTPS request is being made to host 'randomuser.me'. Adding certificate verification is strongly advised. See: https://urllib3.readthedocs.io/en/latest/advanced-usage.html#tls-warnings
  warnings.warn(</msg>
<msg time="2024-06-02T03:16:56.038314" level="INFO">${response} = &lt;Response [200]&gt;</msg>
<var>${response}</var>
<arg>consultarAPI</arg>
<arg>/api</arg>
<doc>Sends a GET request on a previously created HTTP Session.</doc>
<status status="PASS" start="2024-06-02T03:16:55.926958" elapsed="0.111402"/>
</kw>
<kw name="Set Variable" owner="BuiltIn">
<msg time="2024-06-02T03:16:56.039378" level="INFO">${json_data} = {'results': [{'gender': 'female', 'name': {'title': 'Ms', 'first': 'Klaudia', 'last': 'Steinhauer'}, 'location': {'street': {'number': 2605, 'name': 'Amselweg'}, 'city': 'Döbern', 'state': 'Bremen', '...</msg>
<var>${json_data}</var>
<arg>${response.json()}</arg>
<doc>Returns the given values which can then be assigned to a variables.</doc>
<status status="PASS" start="2024-06-02T03:16:56.038847" elapsed="0.000561"/>
</kw>
<kw name="Log" owner="BuiltIn">
<msg time="2024-06-02T03:16:56.039922" level="INFO">{'results': [{'gender': 'female', 'name': {'title': 'Ms', 'first': 'Klaudia', 'last': 'Steinhauer'}, 'location': {'street': {'number': 2605, 'name': 'Amselweg'}, 'city': 'Döbern', 'state': 'Bremen', 'country': 'Germany', 'postcode': 69966, 'coordinates': {'latitude': '-49.8504', 'longitude': '70.9661'}, 'timezone': {'offset': '-6:00', 'description': 'Central Time (US &amp; Canada), Mexico City'}}, 'email': 'klaudia.steinhauer@example.com', 'login': {'uuid': '8db34034-af14-4af4-a4b1-68e1efa0240a', 'username': 'beautifulgorilla564', 'password': 'popeye', 'salt': '8fsQ0p4q', 'md5': '1efb27e46ead0ef0b195532cfa09a4a3', 'sha1': 'eaad2b3a7613c67d52f9835d37c0d3a10844e52f', 'sha256': '3086e56f517f6718cd122a9f78d94de6eaf60912b613ac3dfc30fd98d4d9ae77'}, 'dob': {'date': '1996-11-11T05:12:21.300Z', 'age': 27}, 'registered': {'date': '2003-08-06T08:31:14.931Z', 'age': 20}, 'phone': '0960-1306366', 'cell': '0177-2006389', 'id': {'name': 'SVNR', 'value': '79 101196 S 971'}, 'picture': {'large': 'https://randomuser.me/api/portraits/women/89.jpg', 'medium': 'https://randomuser.me/api/portraits/med/women/89.jpg', 'thumbnail': 'https://randomuser.me/api/portraits/thumb/women/89.jpg'}, 'nat': 'DE'}], 'info': {'seed': '7d86096e26b8bf7b', 'results': 1, 'page': 1, 'version': '1.4'}}</msg>
<arg>${json_data}</arg>
<doc>Logs the given message with the given level.</doc>
<status status="PASS" start="2024-06-02T03:16:56.039752" elapsed="0.000269"/>
</kw>
<kw name="Should Be Equal As Numbers" owner="BuiltIn">
<arg>${json_data['results'][0]['location']['postcode']}</arg>
<arg>${json_data['results'][0]['location']['postcode']}</arg>
<doc>Fails if objects are unequal after converting them to real numbers.</doc>
<status status="PASS" start="2024-06-02T03:16:56.040336" elapsed="0.000638"/>
</kw>
<kw name="Log" owner="BuiltIn">
<msg time="2024-06-02T03:16:56.041572" level="INFO">69966</msg>
<arg>${json_data['results'][0]['location']['postcode']}</arg>
<doc>Logs the given message with the given level.</doc>
<status status="PASS" start="2024-06-02T03:16:56.041174" elapsed="0.000441"/>
</kw>
<status status="PASS" start="2024-06-02T03:16:55.926730" elapsed="0.115149"/>
</kw>
<doc>Testa se os tipos de dados na resposta da API estão corretos.</doc>
<tag>testeTiposDados</tag>
<status status="PASS" start="2024-06-02T03:16:55.833678" elapsed="0.208376"/>
</test>
<test id="s1-s1-t5" name="Validar conteudo" line="35">
<kw name="Teste de Tipos de Conteudo" owner="random-user-service">
<kw name="GET On Session" owner="RequestsLibrary">
<msg time="2024-06-02T03:16:56.133615" level="INFO">GET Request : url=https://randomuser.me/api 
 path_url=/api 
 headers={'User-Agent': 'python-requests/2.32.3', 'Accept-Encoding': 'gzip, deflate', 'Accept': '*/*', 'Connection': 'keep-alive'} 
 body=None 
 </msg>
<msg time="2024-06-02T03:16:56.133704" level="INFO">GET Response : url=https://randomuser.me/api 
 status=200, reason=OK 
 headers={'Date': 'Sun, 02 Jun 2024 03:16:56 GMT', 'Content-Type': 'application/json; charset=utf-8', 'Transfer-Encoding': 'chunked', 'Connection': 'keep-alive', 'X-Powered-By': 'Express', 'Access-Control-Allow-Origin': '*', 'Cache-Control': 'no-cache', 'ETag': 'W/"4a0-XetR4hnTXtQVhXn6dtYBZJ7sXdI"', 'Vary': 'Accept-Encoding', 'Content-Encoding': 'gzip', 'CF-Cache-Status': 'DYNAMIC', 'Report-To': '{"endpoints":[{"url":"https:\\/\\/a.nel.cloudflare.com\\/report\\/v4?s=lmkkD0LOXW%2FsiG8dYNn9au9ocf1HCs9xVKW0phWzSBab2RLINEU%2FSA9xTCqDJSURBic06Sv3dQ8kHzkzBV6l2qMgsqaUaQY174Wh0OzSyMdOw2BnLn3FqzePlfkHORqO"}],"group":"cf-nel","max_age":604800}', 'NEL': '{"success_fraction":0,"report_to":"cf-nel","max_age":604800}', 'Server': 'cloudflare', 'CF-RAY': '88d4499a4d729e76-SJC', 'alt-svc': 'h3=":443"; ma=86400'} 
 body={"results":[{"gender":"female","name":{"title":"Miss","first":"Silvana","last":"da Rosa"},"location":{"street":{"number":3319,"name":"Rua da Saudade"},"city":"Jaú","state":"Rondônia","country":"Brazil","postcode":32988,"coordinates":{"latitude":"-76.3423","longitude":"96.8014"},"timezone":{"offset":"-4:00","description":"Atlantic Time (Canada), Caracas, La Paz"}},"email":"silvana.darosa@example.com","login":{"uuid":"d534537c-4629-4e04-b563-be9e2218b33f","username":"brownpanda934","password":"graham","salt":"AhL4bpnv","md5":"5b992ac31d182e382cfc0e5fb3ce7a12","sha1":"0e5704ea0df7a6446539b1abb06abac82390d592","sha256":"bd1c9229dc55709bc01f0f8d700a0f660d867ff34ef42f78f4a46c3626b58803"},"dob":{"date":"1977-12-14T09:01:50.270Z","age":46},"registered":{"date":"2020-04-09T23:12:50.087Z","age":4},"phone":"(11) 5721-9152","cell":"(19) 7356-1879","id":{"name":"CPF","value":"557.475.772-67"},"picture":{"large":"https://randomuser.me/api/portraits/women/16.jpg","medium":"https://randomuser.me/api/portraits/med/women/16.jpg","thumbnail":"https://randomuser.me/api/portraits/thumb/women/16.jpg"},"nat":"BR"}],"info":{"seed":"6ae8c65b364811ed","results":1,"page":1,"version":"1.4"}} 
 </msg>
<msg time="2024-06-02T03:16:56.133776" level="INFO">/opt/hostedtoolcache/Python/3.12.3/x64/lib/python3.12/site-packages/urllib3/connectionpool.py:1103: InsecureRequestWarning: Unverified HTTPS request is being made to host 'randomuser.me'. Adding certificate verification is strongly advised. See: https://urllib3.readthedocs.io/en/latest/advanced-usage.html#tls-warnings
  warnings.warn(</msg>
<msg time="2024-06-02T03:16:56.133912" level="INFO">${response} = &lt;Response [200]&gt;</msg>
<var>${response}</var>
<arg>consultarAPI</arg>
<arg>/api</arg>
<doc>Sends a GET request on a previously created HTTP Session.</doc>
<status status="PASS" start="2024-06-02T03:16:56.044611" elapsed="0.089346"/>
</kw>
<kw name="Set Variable" owner="BuiltIn">
<msg time="2024-06-02T03:16:56.134954" level="INFO">${json_data} = {'results': [{'gender': 'female', 'name': {'title': 'Miss', 'first': 'Silvana', 'last': 'da Rosa'}, 'location': {'street': {'number': 3319, 'name': 'Rua da Saudade'}, 'city': 'Jaú', 'state': 'Rondônia...</msg>
<var>${json_data}</var>
<arg>${response.json()}</arg>
<doc>Returns the given values which can then be assigned to a variables.</doc>
<status status="PASS" start="2024-06-02T03:16:56.134443" elapsed="0.000540"/>
</kw>
<kw name="Set Variable" owner="BuiltIn">
<msg time="2024-06-02T03:16:56.135675" level="INFO">${name_title} = Miss</msg>
<var>${name_title}</var>
<arg>${json_data["results"][0]["name"]["title"]}</arg>
<doc>Returns the given values which can then be assigned to a variables.</doc>
<status status="PASS" start="2024-06-02T03:16:56.135288" elapsed="0.000413"/>
</kw>
<kw name="Create List" owner="BuiltIn">
<msg time="2024-06-02T03:16:56.136147" level="INFO">${allowed_titles} = ['Mr', 'Ms', 'Miss', 'Mrs', 'Madame', 'Monsieur']</msg>
<var>${allowed_titles}</var>
<arg>Mr</arg>
<arg>Ms</arg>
<arg>Miss</arg>
<arg>Mrs</arg>
<arg>Madame</arg>
<arg>Monsieur</arg>
<doc>Returns a list containing given items.</doc>
<status status="PASS" start="2024-06-02T03:16:56.135997" elapsed="0.000174"/>
</kw>
<kw name="List Should Contain Value" owner="Collections">
<msg time="2024-06-02T03:16:56.136642" level="INFO">False</msg>
<arg>${allowed_titles}</arg>
<arg>${name_title}</arg>
<doc>Fails if the ``value`` is not found from ``list``.</doc>
<status status="PASS" start="2024-06-02T03:16:56.136469" elapsed="0.000209"/>
</kw>
<kw name="Set Variable" owner="BuiltIn">
<msg time="2024-06-02T03:16:56.137813" level="INFO">${name_country} = BR</msg>
<var>${name_country}</var>
<arg>${json_data["results"][0]["nat"]}</arg>
<doc>Returns the given values which can then be assigned to a variables.</doc>
<status status="PASS" start="2024-06-02T03:16:56.137014" elapsed="0.000835"/>
</kw>
<kw name="Create List" owner="BuiltIn">
<msg time="2024-06-02T03:16:56.139290" level="INFO">${list_country} = ['AD', 'AE', 'AF', 'AG', 'AI', 'AL', 'AM', 'AO', 'AQ', 'AR', 'AS', 'AT', 'AU', 'AW', 'AX', 'AZ', 'BA', 'BB', 'BD', 'BE', 'BF', 'BG', 'BH', 'BI', 'BJ', 'BL', 'BM', 'BN', 'BO', 'BQ', 'BR', 'BS', 'BT', '...</msg>
<var>${list_country}</var>
<arg>AD</arg>
<arg>AE</arg>
<arg>AF</arg>
<arg>AG</arg>
<arg>AI</arg>
<arg>AL</arg>
<arg>AM</arg>
<arg>AO</arg>
<arg>AQ</arg>
<arg>AR</arg>
<arg>AS</arg>
<arg>AT</arg>
<arg>AU</arg>
<arg>AW</arg>
<arg>AX</arg>
<arg>AZ</arg>
<arg>BA</arg>
<arg>BB</arg>
<arg>BD</arg>
<arg>BE</arg>
<arg>BF</arg>
<arg>BG</arg>
<arg>BH</arg>
<arg>BI</arg>
<arg>BJ</arg>
<arg>BL</arg>
<arg>BM</arg>
<arg>BN</arg>
<arg>BO</arg>
<arg>BQ</arg>
<arg>BR</arg>
<arg>BS</arg>
<arg>BT</arg>
<arg>BV</arg>
<arg>BW</arg>
<arg>BY</arg>
<arg>BZ</arg>
<arg>CA</arg>
<arg>CC</arg>
<arg>CD</arg>
<arg>CF</arg>
<arg>CG</arg>
<arg>CH</arg>
<arg>CI</arg>
<arg>CK</arg>
<arg>CL</arg>
<arg>CM</arg>
<arg>CN</arg>
<arg>CO</arg>
<arg>CR</arg>
<arg>CU</arg>
<arg>CV</arg>
<arg>CW</arg>
<arg>CX</arg>
<arg>CY</arg>
<arg>CZ</arg>
<arg>DE</arg>
<arg>DJ</arg>
<arg>DK</arg>
<arg>DM</arg>
<arg>DO</arg>
<arg>DZ</arg>
<arg>EC</arg>
<arg>EE</arg>
<arg>EG</arg>
<arg>EH</arg>
<arg>ER</arg>
<arg>ES</arg>
<arg>ET</arg>
<arg>FI</arg>
<arg>FJ</arg>
<arg>FK</arg>
<arg>FM</arg>
<arg>FO</arg>
<arg>FR</arg>
<arg>GA</arg>
<arg>GB</arg>
<arg>GD</arg>
<arg>GE</arg>
<arg>GF</arg>
<arg>GG</arg>
<arg>GH</arg>
<arg>GI</arg>
<arg>GL</arg>
<arg>GM</arg>
<arg>GN</arg>
<arg>GP</arg>
<arg>GQ</arg>
<arg>GR</arg>
<arg>GS</arg>
<arg>GT</arg>
<arg>GU</arg>
<arg>GW</arg>
<arg>GY</arg>
<arg>HK</arg>
<arg>HM</arg>
<arg>HN</arg>
<arg>HR</arg>
<arg>HT</arg>
<arg>HU</arg>
<arg>ID</arg>
<arg>IE</arg>
<arg>IL</arg>
<arg>IM</arg>
<arg>IN</arg>
<arg>IO</arg>
<arg>IQ</arg>
<arg>IR</arg>
<arg>IS</arg>
<arg>IT</arg>
<arg>JE</arg>
<arg>JM</arg>
<arg>JO</arg>
<arg>JP</arg>
<arg>KE</arg>
<arg>KG</arg>
<arg>KH</arg>
<arg>KI</arg>
<arg>KM</arg>
<arg>KN</arg>
<arg>KP</arg>
<arg>KR</arg>
<arg>KW</arg>
<arg>KY</arg>
<arg>KZ</arg>
<arg>LA</arg>
<arg>LB</arg>
<arg>LC</arg>
<arg>LI</arg>
<arg>LK</arg>
<arg>LR</arg>
<arg>LS</arg>
<arg>LT</arg>
<arg>LU</arg>
<arg>LV</arg>
<arg>LY</arg>
<arg>MA</arg>
<arg>MC</arg>
<arg>MD</arg>
<arg>ME</arg>
<arg>MF</arg>
<arg>MG</arg>
<arg>MH</arg>
<arg>MK</arg>
<arg>ML</arg>
<arg>MM</arg>
<arg>MN</arg>
<arg>MO</arg>
<arg>MP</arg>
<arg>MQ</arg>
<arg>MR</arg>
<arg>MS</arg>
<arg>MT</arg>
<arg>MU</arg>
<arg>MV</arg>
<arg>MW</arg>
<arg>MX</arg>
<arg>MY</arg>
<arg>MZ</arg>
<arg>NA</arg>
<arg>NC</arg>
<arg>NE</arg>
<arg>NF</arg>
<arg>NG</arg>
<arg>NI</arg>
<arg>NL</arg>
<arg>NO</arg>
<arg>NP</arg>
<arg>NR</arg>
<arg>NU</arg>
<arg>NZ</arg>
<arg>OM</arg>
<arg>PA</arg>
<arg>PE</arg>
<arg>PF</arg>
<arg>PG</arg>
<arg>PH</arg>
<arg>PK</arg>
<arg>PL</arg>
<arg>PM</arg>
<arg>PN</arg>
<arg>PR</arg>
<arg>PS</arg>
<arg>PT</arg>
<arg>PW</arg>
<arg>PY</arg>
<arg>QA</arg>
<arg>RE</arg>
<arg>RO</arg>
<arg>RS</arg>
<arg>RU</arg>
<arg>RW</arg>
<arg>SA</arg>
<arg>SB</arg>
<arg>SC</arg>
<arg>SD</arg>
<arg>SE</arg>
<arg>SG</arg>
<arg>SH</arg>
<arg>SI</arg>
<arg>SJ</arg>
<arg>SK</arg>
<arg>SL</arg>
<arg>SM</arg>
<arg>SN</arg>
<arg>SO</arg>
<arg>SR</arg>
<arg>SS</arg>
<arg>ST</arg>
<arg>SV</arg>
<arg>SX</arg>
<arg>SY</arg>
<arg>SZ</arg>
<arg>TC</arg>
<arg>TD</arg>
<arg>TF</arg>
<arg>TG</arg>
<arg>TH</arg>
<arg>TJ</arg>
<arg>TK</arg>
<arg>TL</arg>
<arg>TM</arg>
<arg>TN</arg>
<arg>TO</arg>
<arg>TR</arg>
<arg>TT</arg>
<arg>TV</arg>
<arg>TW</arg>
<arg>TZ</arg>
<arg>UA</arg>
<arg>UG</arg>
<arg>UM</arg>
<arg>US</arg>
<arg>UY</arg>
<arg>UZ</arg>
<arg>VA</arg>
<arg>VC</arg>
<arg>VE</arg>
<arg>VG</arg>
<arg>VI</arg>
<arg>VN</arg>
<arg>VU</arg>
<arg>WF</arg>
<arg>WS</arg>
<arg>XK</arg>
<arg>YE</arg>
<arg>YT</arg>
<arg>ZA</arg>
<arg>ZM</arg>
<arg>ZW</arg>
<doc>Returns a list containing given items.</doc>
<status status="PASS" start="2024-06-02T03:16:56.138254" elapsed="0.001070"/>
</kw>
<kw name="List Should Contain Value" owner="Collections">
<msg time="2024-06-02T03:16:56.140867" level="INFO">False</msg>
<arg>${list_country}</arg>
<arg>${name_country}</arg>
<doc>Fails if the ``value`` is not found from ``list``.</doc>
<status status="PASS" start="2024-06-02T03:16:56.140591" elapsed="0.000324"/>
</kw>
<kw name="Run Keyword If" owner="BuiltIn">
<kw name="Should Be True" owner="BuiltIn">
<arg>${True}</arg>
<doc>Fails if the given condition is not true.</doc>
<status status="PASS" start="2024-06-02T03:16:56.142109" elapsed="0.000146"/>
</kw>
<arg>${json_data["results"][0]["location"]["coordinates"]["latitude"]} &gt;= -90 and ${json_data["results"][0]["location"]["coordinates"]["latitude"]} &lt;= 90</arg>
<arg>Should Be True</arg>
<arg>${True}</arg>
<doc>Runs the given keyword with the given arguments, if ``condition`` is true.</doc>
<status status="PASS" start="2024-06-02T03:16:56.141353" elapsed="0.001029"/>
</kw>
<kw name="Run Keyword If" owner="BuiltIn">
<kw name="Should Be True" owner="BuiltIn">
<arg>${True}</arg>
<doc>Fails if the given condition is not true.</doc>
<status status="PASS" start="2024-06-02T03:16:56.143258" elapsed="0.000138"/>
</kw>
<arg>${json_data["results"][0]["location"]["coordinates"]["longitude"]} &gt;= -180 and ${json_data["results"][0]["location"]["coordinates"]["longitude"]} &lt;= 180</arg>
<arg>Should Be True</arg>
<arg>${True}</arg>
<doc>Runs the given keyword with the given arguments, if ``condition`` is true.</doc>
<status status="PASS" start="2024-06-02T03:16:56.142574" elapsed="0.000943"/>
</kw>
<status status="PASS" start="2024-06-02T03:16:56.044378" elapsed="0.099268"/>
</kw>
<doc>Testa o conteúdo específico dos campos retornados pela API.</doc>
<tag>testeConteudo</tag>
<status status="PASS" start="2024-06-02T03:16:56.043828" elapsed="0.099967"/>
</test>
<status status="PASS" start="2024-06-02T03:16:55.266614" elapsed="0.879195"/>
</suite>
<status status="PASS" start="2024-06-02T03:16:55.252923" elapsed="0.898105"/>
</suite>
<statistics>
<total>
<stat pass="5" fail="0" skip="0">All Tests</stat>
</total>
<tag>
<stat pass="1" fail="0" skip="0">testeConteudo</stat>
<stat pass="1" fail="0" skip="0">testeEstruturaResposta</stat>
<stat pass="1" fail="0" skip="0">testeRequisicaoBasica</stat>
<stat pass="1" fail="0" skip="0">testeTiposDados</stat>
</tag>
<suite>
<stat pass="5" fail="0" skip="0" id="s1" name="Tests">Tests</stat>
<stat pass="5" fail="0" skip="0" id="s1-s1" name="Random-User-Test">Tests.Random-User-Test</stat>
</suite>
</statistics>
<errors>
</errors>
</robot>
