<?xml version="1.0" encoding="UTF-8"?>
<robot generator="Robot 7.0 (Python 3.12.3 on linux)" generated="2024-04-28T01:05:28.096453" rpa="false" schemaversion="5">
<suite id="s1" name="Tests" source="/home/runner/work/DesafioQAItauRogerioJordao/DesafioQAItauRogerioJordao/RamdonUser/tests">
<suite id="s1-s1" name="Random-User-Test" source="/home/runner/work/DesafioQAItauRogerioJordao/DesafioQAItauRogerioJordao/RamdonUser/tests/random-user-test.robot">
<test id="s1-s1-t1" name="Conectar" line="13">
<kw name="Conectar API" owner="random-user-service">
<kw name="Create Session" owner="RequestsLibrary">
<msg time="2024-04-28T01:05:28.456976" level="INFO">Creating Session using : alias=consultarAPI, url=https://randomuser.me/, headers={},                     cookies={}, auth=None, timeout=None, proxies=None, verify=False,                     debug=0 </msg>
<arg>consultarAPI</arg>
<arg>${URL}</arg>
<doc>Create Session: create a HTTP session to a server</doc>
<status status="PASS" start="2024-04-28T01:05:28.456775" elapsed="0.000389"/>
</kw>
<status status="PASS" start="2024-04-28T01:05:28.455797" elapsed="0.001727"/>
</kw>
<status status="PASS" start="2024-04-28T01:05:28.455265" elapsed="0.002455"/>
</test>
<test id="s1-s1-t2" name="Validar retorno 200 e JSON Válido" line="16">
<kw name="Teste de Requisicao Basica" owner="random-user-service">
<kw name="GET On Session" owner="RequestsLibrary">
<msg time="2024-04-28T01:05:28.651814" level="INFO">GET Request : url=https://randomuser.me/api 
 path_url=/api 
 headers={'User-Agent': 'python-requests/2.31.0', 'Accept-Encoding': 'gzip, deflate', 'Accept': '*/*', 'Connection': 'keep-alive'} 
 body=None 
 </msg>
<msg time="2024-04-28T01:05:28.651952" level="INFO">GET Response : url=https://randomuser.me/api 
 status=200, reason=OK 
 headers={'Date': 'Sun, 28 Apr 2024 01:05:28 GMT', 'Content-Type': 'application/json; charset=utf-8', 'Transfer-Encoding': 'chunked', 'Connection': 'keep-alive', 'X-Powered-By': 'Express', 'Access-Control-Allow-Origin': '*', 'Cache-Control': 'no-cache', 'ETag': 'W/"47f-06n/87OS2Rw47NZdrrtGc5cYddo"', 'Vary': 'Accept-Encoding', 'Content-Encoding': 'gzip', 'CF-Cache-Status': 'DYNAMIC', 'Report-To': '{"endpoints":[{"url":"https:\\/\\/a.nel.cloudflare.com\\/report\\/v4?s=o8BvwqUogWZWIAECrB8ODurllwFMocaZw5iwT4udBMnkBOGtPX%2BU8ogQKFS%2F3jwQTLJ1I258d96K8nODNRcxC2c7shfBiioBRAk0qvzTkEjgXBnzTHy08cUG%2BAPel4Ga"}],"group":"cf-nel","max_age":604800}', 'NEL': '{"success_fraction":0,"report_to":"cf-nel","max_age":604800}', 'Server': 'cloudflare', 'CF-RAY': '87b324e9bcef39af-IAD', 'alt-svc': 'h3=":443"; ma=86400'} 
 body={"results":[{"gender":"female","name":{"title":"Miss","first":"Bella","last":"Stanley"},"location":{"street":{"number":7221,"name":"Saddle Dr"},"city":"New Haven","state":"Arizona","country":"United States","postcode":98817,"coordinates":{"latitude":"86.5475","longitude":"81.1359"},"timezone":{"offset":"+5:45","description":"Kathmandu"}},"email":"bella.stanley@example.com","login":{"uuid":"1d1bbb90-f816-4d6c-9212-99d8e412a7db","username":"bluelion634","password":"asdf12","salt":"GfyZyXuk","md5":"4ea8985d0ee91a91a299dca58ad14ffd","sha1":"a206a4662de18af58cd9e37bc036b5fa19884561","sha256":"c6aae795cd1858fe708cfe5a992c3c74f1240b175c4c38bf9e0edc240a74ef3d"},"dob":{"date":"1991-02-01T05:49:10.235Z","age":33},"registered":{"date":"2013-05-22T17:55:51.974Z","age":10},"phone":"(411) 748-7971","cell":"(746) 624-2950","id":{"name":"SSN","value":"356-63-1198"},"picture":{"large":"https://randomuser.me/api/portraits/women/84.jpg","medium":"https://randomuser.me/api/portraits/med/women/84.jpg","thumbnail":"https://randomuser.me/api/portraits/thumb/women/84.jpg"},"nat":"US"}],"info":{"seed":"935241660c74944f","results":1,"page":1,"version":"1.4"}} 
 </msg>
<msg time="2024-04-28T01:05:28.652029" level="INFO">/opt/hostedtoolcache/Python/3.12.3/x64/lib/python3.12/site-packages/urllib3/connectionpool.py:1103: InsecureRequestWarning: Unverified HTTPS request is being made to host 'randomuser.me'. Adding certificate verification is strongly advised. See: https://urllib3.readthedocs.io/en/latest/advanced-usage.html#tls-warnings
  warnings.warn(</msg>
<msg time="2024-04-28T01:05:28.652191" level="INFO">${response} = &lt;Response [200]&gt;</msg>
<var>${response}</var>
<arg>consultarAPI</arg>
<arg>/api</arg>
<doc>Sends a GET request on a previously created HTTP Session.</doc>
<status status="PASS" start="2024-04-28T01:05:28.460354" elapsed="0.191878"/>
</kw>
<kw name="Should Be Equal As Numbers" owner="BuiltIn">
<msg time="2024-04-28T01:05:28.653174" level="INFO">Argument types are:
&lt;class 'int'&gt;
&lt;class 'str'&gt;</msg>
<arg>${response.status_code}</arg>
<arg>200</arg>
<doc>Fails if objects are unequal after converting them to real numbers.</doc>
<status status="PASS" start="2024-04-28T01:05:28.652718" elapsed="0.000520"/>
</kw>
<kw name="Log" owner="BuiltIn">
<msg time="2024-04-28T01:05:28.653933" level="INFO">200</msg>
<arg>${response.status_code}</arg>
<doc>Logs the given message with the given level.</doc>
<status status="PASS" start="2024-04-28T01:05:28.653581" elapsed="0.000393"/>
</kw>
<kw name="Set Variable" owner="BuiltIn">
<msg time="2024-04-28T01:05:28.654710" level="INFO">${json_data} = {'results': [{'gender': 'female', 'name': {'title': 'Miss', 'first': 'Bella', 'last': 'Stanley'}, 'location': {'street': {'number': 7221, 'name': 'Saddle Dr'}, 'city': 'New Haven', 'state': 'Arizona',...</msg>
<var>${json_data}</var>
<arg>${response.json()}</arg>
<doc>Returns the given values which can then be assigned to a variables.</doc>
<status status="PASS" start="2024-04-28T01:05:28.654277" elapsed="0.000461"/>
</kw>
<kw name="Dictionary Should Contain Key" owner="Collections">
<msg time="2024-04-28T01:05:28.655232" level="INFO">False</msg>
<arg>${json_data}</arg>
<arg>results</arg>
<doc>Fails if ``key`` is not found from ``dictionary``.</doc>
<status status="PASS" start="2024-04-28T01:05:28.655062" elapsed="0.000207"/>
</kw>
<status status="PASS" start="2024-04-28T01:05:28.460111" elapsed="0.195422"/>
</kw>
<doc>Testa se a API responde corretamente e retorna um objeto JSON válido.</doc>
<tag>testeRequisicaoBasica</tag>
<status status="PASS" start="2024-04-28T01:05:28.459656" elapsed="0.196062"/>
</test>
<test id="s1-s1-t3" name="Validar estrutura de resposta" line="22">
<kw name="Teste de Estrutura de Resposta" owner="random-user-service">
<kw name="GET On Session" owner="RequestsLibrary">
<msg time="2024-04-28T01:05:28.756257" level="INFO">GET Request : url=https://randomuser.me/api 
 path_url=/api 
 headers={'User-Agent': 'python-requests/2.31.0', 'Accept-Encoding': 'gzip, deflate', 'Accept': '*/*', 'Connection': 'keep-alive'} 
 body=None 
 </msg>
<msg time="2024-04-28T01:05:28.756340" level="INFO">GET Response : url=https://randomuser.me/api 
 status=200, reason=OK 
 headers={'Date': 'Sun, 28 Apr 2024 01:05:28 GMT', 'Content-Type': 'application/json; charset=utf-8', 'Transfer-Encoding': 'chunked', 'Connection': 'keep-alive', 'X-Powered-By': 'Express', 'Access-Control-Allow-Origin': '*', 'Cache-Control': 'no-cache', 'ETag': 'W/"4a1-FgCZNB2cG0oo9CXTrxwLh1CVbpo"', 'Vary': 'Accept-Encoding', 'Content-Encoding': 'gzip', 'CF-Cache-Status': 'DYNAMIC', 'Report-To': '{"endpoints":[{"url":"https:\\/\\/a.nel.cloudflare.com\\/report\\/v4?s=6TQuSbgu%2FmChmpc0YvrGeoIXeMzNmJMHNdQF8x5t8dgeeI%2B%2FkJWDEJF9UowismdWsuMk1rVPU3d1C0TM3fPZJdXCvuRET3ynFIpGHxpriIWzUFeN%2FI6JpBrf09wa0zWO"}],"group":"cf-nel","max_age":604800}', 'NEL': '{"success_fraction":0,"report_to":"cf-nel","max_age":604800}', 'Server': 'cloudflare', 'CF-RAY': '87b324ea2d9039af-IAD', 'alt-svc': 'h3=":443"; ma=86400'} 
 body={"results":[{"gender":"female","name":{"title":"Mrs","first":"Celina","last":"Graham"},"location":{"street":{"number":3223,"name":"Oak Lawn Ave"},"city":"Surprise","state":"Massachusetts","country":"United States","postcode":32870,"coordinates":{"latitude":"89.4036","longitude":"22.9124"},"timezone":{"offset":"+10:00","description":"Eastern Australia, Guam, Vladivostok"}},"email":"celina.graham@example.com","login":{"uuid":"257f59d6-4387-425c-9774-0100920eade3","username":"crazybear200","password":"jedi","salt":"lHDhwXZC","md5":"f783254f791e6b596d9327373fc4b278","sha1":"89ff4e8e554ab9c7d3329151575a3fa33815a80b","sha256":"55f8b94c5813dc8846461d6bfabd41fd65d502665f6f7bfc2cc6851f598bf764"},"dob":{"date":"1945-05-02T04:09:06.699Z","age":78},"registered":{"date":"2002-12-10T01:53:18.883Z","age":21},"phone":"(309) 788-2941","cell":"(810) 754-6759","id":{"name":"SSN","value":"703-27-9383"},"picture":{"large":"https://randomuser.me/api/portraits/women/59.jpg","medium":"https://randomuser.me/api/portraits/med/women/59.jpg","thumbnail":"https://randomuser.me/api/portraits/thumb/women/59.jpg"},"nat":"US"}],"info":{"seed":"2c4dc7020c2b5229","results":1,"page":1,"version":"1.4"}} 
 </msg>
<msg time="2024-04-28T01:05:28.756454" level="INFO">/opt/hostedtoolcache/Python/3.12.3/x64/lib/python3.12/site-packages/urllib3/connectionpool.py:1103: InsecureRequestWarning: Unverified HTTPS request is being made to host 'randomuser.me'. Adding certificate verification is strongly advised. See: https://urllib3.readthedocs.io/en/latest/advanced-usage.html#tls-warnings
  warnings.warn(</msg>
<msg time="2024-04-28T01:05:28.756576" level="INFO">${response} = &lt;Response [200]&gt;</msg>
<var>${response}</var>
<arg>consultarAPI</arg>
<arg>/api</arg>
<doc>Sends a GET request on a previously created HTTP Session.</doc>
<status status="PASS" start="2024-04-28T01:05:28.658312" elapsed="0.098310"/>
</kw>
<kw name="Set Variable" owner="BuiltIn">
<msg time="2024-04-28T01:05:28.757542" level="INFO">${json_data} = {'results': [{'gender': 'female', 'name': {'title': 'Mrs', 'first': 'Celina', 'last': 'Graham'}, 'location': {'street': {'number': 3223, 'name': 'Oak Lawn Ave'}, 'city': 'Surprise', 'state': 'Massachu...</msg>
<var>${json_data}</var>
<arg>${response.json()}</arg>
<doc>Returns the given values which can then be assigned to a variables.</doc>
<status status="PASS" start="2024-04-28T01:05:28.757016" elapsed="0.000554"/>
</kw>
<kw name="Log" owner="BuiltIn">
<msg time="2024-04-28T01:05:28.758030" level="INFO">{'results': [{'gender': 'female', 'name': {'title': 'Mrs', 'first': 'Celina', 'last': 'Graham'}, 'location': {'street': {'number': 3223, 'name': 'Oak Lawn Ave'}, 'city': 'Surprise', 'state': 'Massachusetts', 'country': 'United States', 'postcode': 32870, 'coordinates': {'latitude': '89.4036', 'longitude': '22.9124'}, 'timezone': {'offset': '+10:00', 'description': 'Eastern Australia, Guam, Vladivostok'}}, 'email': 'celina.graham@example.com', 'login': {'uuid': '257f59d6-4387-425c-9774-0100920eade3', 'username': 'crazybear200', 'password': 'jedi', 'salt': 'lHDhwXZC', 'md5': 'f783254f791e6b596d9327373fc4b278', 'sha1': '89ff4e8e554ab9c7d3329151575a3fa33815a80b', 'sha256': '55f8b94c5813dc8846461d6bfabd41fd65d502665f6f7bfc2cc6851f598bf764'}, 'dob': {'date': '1945-05-02T04:09:06.699Z', 'age': 78}, 'registered': {'date': '2002-12-10T01:53:18.883Z', 'age': 21}, 'phone': '(309) 788-2941', 'cell': '(810) 754-6759', 'id': {'name': 'SSN', 'value': '703-27-9383'}, 'picture': {'large': 'https://randomuser.me/api/portraits/women/59.jpg', 'medium': 'https://randomuser.me/api/portraits/med/women/59.jpg', 'thumbnail': 'https://randomuser.me/api/portraits/thumb/women/59.jpg'}, 'nat': 'US'}], 'info': {'seed': '2c4dc7020c2b5229', 'results': 1, 'page': 1, 'version': '1.4'}}</msg>
<arg>${json_data}</arg>
<doc>Logs the given message with the given level.</doc>
<status status="PASS" start="2024-04-28T01:05:28.757875" elapsed="0.000203"/>
</kw>
<kw name="Dictionary Should Contain Key" owner="Collections">
<msg time="2024-04-28T01:05:28.758522" level="INFO">False</msg>
<arg>${json_data}</arg>
<arg>results</arg>
<doc>Fails if ``key`` is not found from ``dictionary``.</doc>
<status status="PASS" start="2024-04-28T01:05:28.758371" elapsed="0.000188"/>
</kw>
<kw name="Should Not Be Empty" owner="BuiltIn">
<msg time="2024-04-28T01:05:28.758984" level="INFO">Length is 2.</msg>
<arg>${json_data}</arg>
<doc>Verifies that the given item is not empty.</doc>
<status status="PASS" start="2024-04-28T01:05:28.758848" elapsed="0.000200"/>
</kw>
<kw name="Create List" owner="BuiltIn">
<msg time="2024-04-28T01:05:28.759623" level="INFO">${expected_keys} = ['gender', 'name', 'location', 'email', 'login']</msg>
<var>${expected_keys}</var>
<arg>gender</arg>
<arg>name</arg>
<arg>location</arg>
<arg>email</arg>
<arg>login</arg>
<doc>Returns a list containing given items.</doc>
<status status="PASS" start="2024-04-28T01:05:28.759339" elapsed="0.000310"/>
</kw>
<for flavor="IN">
<iter>
<kw name="Dictionary Should Contain Key" owner="Collections">
<msg time="2024-04-28T01:05:28.760617" level="INFO">False</msg>
<arg>${json_data['results'][0]}</arg>
<arg>${key}</arg>
<doc>Fails if ``key`` is not found from ``dictionary``.</doc>
<status status="PASS" start="2024-04-28T01:05:28.760226" elapsed="0.000429"/>
</kw>
<kw name="Log" owner="BuiltIn">
<msg time="2024-04-28T01:05:28.761317" level="INFO">{'gender': 'female', 'name': {'title': 'Mrs', 'first': 'Celina', 'last': 'Graham'}, 'location': {'street': {'number': 3223, 'name': 'Oak Lawn Ave'}, 'city': 'Surprise', 'state': 'Massachusetts', 'country': 'United States', 'postcode': 32870, 'coordinates': {'latitude': '89.4036', 'longitude': '22.9124'}, 'timezone': {'offset': '+10:00', 'description': 'Eastern Australia, Guam, Vladivostok'}}, 'email': 'celina.graham@example.com', 'login': {'uuid': '257f59d6-4387-425c-9774-0100920eade3', 'username': 'crazybear200', 'password': 'jedi', 'salt': 'lHDhwXZC', 'md5': 'f783254f791e6b596d9327373fc4b278', 'sha1': '89ff4e8e554ab9c7d3329151575a3fa33815a80b', 'sha256': '55f8b94c5813dc8846461d6bfabd41fd65d502665f6f7bfc2cc6851f598bf764'}, 'dob': {'date': '1945-05-02T04:09:06.699Z', 'age': 78}, 'registered': {'date': '2002-12-10T01:53:18.883Z', 'age': 21}, 'phone': '(309) 788-2941', 'cell': '(810) 754-6759', 'id': {'name': 'SSN', 'value': '703-27-9383'}, 'picture': {'large': 'https://randomuser.me/api/portraits/women/59.jpg', 'medium': 'https://randomuser.me/api/portraits/med/women/59.jpg', 'thumbnail': 'https://randomuser.me/api/portraits/thumb/women/59.jpg'}, 'nat': 'US'}</msg>
<arg>${json_data['results'][0]}</arg>
<doc>Logs the given message with the given level.</doc>
<status status="PASS" start="2024-04-28T01:05:28.760954" elapsed="0.000412"/>
</kw>
<kw name="Log" owner="BuiltIn">
<msg time="2024-04-28T01:05:28.761792" level="INFO">gender</msg>
<arg>${key}</arg>
<doc>Logs the given message with the given level.</doc>
<status status="PASS" start="2024-04-28T01:05:28.761660" elapsed="0.000169"/>
</kw>
<var name="${key}">gender</var>
<status status="PASS" start="2024-04-28T01:05:28.760100" elapsed="0.001941"/>
</iter>
<iter>
<kw name="Dictionary Should Contain Key" owner="Collections">
<msg time="2024-04-28T01:05:28.762737" level="INFO">False</msg>
<arg>${json_data['results'][0]}</arg>
<arg>${key}</arg>
<doc>Fails if ``key`` is not found from ``dictionary``.</doc>
<status status="PASS" start="2024-04-28T01:05:28.762348" elapsed="0.000426"/>
</kw>
<kw name="Log" owner="BuiltIn">
<msg time="2024-04-28T01:05:28.763475" level="INFO">{'gender': 'female', 'name': {'title': 'Mrs', 'first': 'Celina', 'last': 'Graham'}, 'location': {'street': {'number': 3223, 'name': 'Oak Lawn Ave'}, 'city': 'Surprise', 'state': 'Massachusetts', 'country': 'United States', 'postcode': 32870, 'coordinates': {'latitude': '89.4036', 'longitude': '22.9124'}, 'timezone': {'offset': '+10:00', 'description': 'Eastern Australia, Guam, Vladivostok'}}, 'email': 'celina.graham@example.com', 'login': {'uuid': '257f59d6-4387-425c-9774-0100920eade3', 'username': 'crazybear200', 'password': 'jedi', 'salt': 'lHDhwXZC', 'md5': 'f783254f791e6b596d9327373fc4b278', 'sha1': '89ff4e8e554ab9c7d3329151575a3fa33815a80b', 'sha256': '55f8b94c5813dc8846461d6bfabd41fd65d502665f6f7bfc2cc6851f598bf764'}, 'dob': {'date': '1945-05-02T04:09:06.699Z', 'age': 78}, 'registered': {'date': '2002-12-10T01:53:18.883Z', 'age': 21}, 'phone': '(309) 788-2941', 'cell': '(810) 754-6759', 'id': {'name': 'SSN', 'value': '703-27-9383'}, 'picture': {'large': 'https://randomuser.me/api/portraits/women/59.jpg', 'medium': 'https://randomuser.me/api/portraits/med/women/59.jpg', 'thumbnail': 'https://randomuser.me/api/portraits/thumb/women/59.jpg'}, 'nat': 'US'}</msg>
<arg>${json_data['results'][0]}</arg>
<doc>Logs the given message with the given level.</doc>
<status status="PASS" start="2024-04-28T01:05:28.763115" elapsed="0.000408"/>
</kw>
<kw name="Log" owner="BuiltIn">
<msg time="2024-04-28T01:05:28.763945" level="INFO">name</msg>
<arg>${key}</arg>
<doc>Logs the given message with the given level.</doc>
<status status="PASS" start="2024-04-28T01:05:28.763819" elapsed="0.000163"/>
</kw>
<var name="${key}">name</var>
<status status="PASS" start="2024-04-28T01:05:28.762232" elapsed="0.001960"/>
</iter>
<iter>
<kw name="Dictionary Should Contain Key" owner="Collections">
<msg time="2024-04-28T01:05:28.764860" level="INFO">False</msg>
<arg>${json_data['results'][0]}</arg>
<arg>${key}</arg>
<doc>Fails if ``key`` is not found from ``dictionary``.</doc>
<status status="PASS" start="2024-04-28T01:05:28.764481" elapsed="0.000416"/>
</kw>
<kw name="Log" owner="BuiltIn">
<msg time="2024-04-28T01:05:28.765553" level="INFO">{'gender': 'female', 'name': {'title': 'Mrs', 'first': 'Celina', 'last': 'Graham'}, 'location': {'street': {'number': 3223, 'name': 'Oak Lawn Ave'}, 'city': 'Surprise', 'state': 'Massachusetts', 'country': 'United States', 'postcode': 32870, 'coordinates': {'latitude': '89.4036', 'longitude': '22.9124'}, 'timezone': {'offset': '+10:00', 'description': 'Eastern Australia, Guam, Vladivostok'}}, 'email': 'celina.graham@example.com', 'login': {'uuid': '257f59d6-4387-425c-9774-0100920eade3', 'username': 'crazybear200', 'password': 'jedi', 'salt': 'lHDhwXZC', 'md5': 'f783254f791e6b596d9327373fc4b278', 'sha1': '89ff4e8e554ab9c7d3329151575a3fa33815a80b', 'sha256': '55f8b94c5813dc8846461d6bfabd41fd65d502665f6f7bfc2cc6851f598bf764'}, 'dob': {'date': '1945-05-02T04:09:06.699Z', 'age': 78}, 'registered': {'date': '2002-12-10T01:53:18.883Z', 'age': 21}, 'phone': '(309) 788-2941', 'cell': '(810) 754-6759', 'id': {'name': 'SSN', 'value': '703-27-9383'}, 'picture': {'large': 'https://randomuser.me/api/portraits/women/59.jpg', 'medium': 'https://randomuser.me/api/portraits/med/women/59.jpg', 'thumbnail': 'https://randomuser.me/api/portraits/thumb/women/59.jpg'}, 'nat': 'US'}</msg>
<arg>${json_data['results'][0]}</arg>
<doc>Logs the given message with the given level.</doc>
<status status="PASS" start="2024-04-28T01:05:28.765193" elapsed="0.000408"/>
</kw>
<kw name="Log" owner="BuiltIn">
<msg time="2024-04-28T01:05:28.766014" level="INFO">location</msg>
<arg>${key}</arg>
<doc>Logs the given message with the given level.</doc>
<status status="PASS" start="2024-04-28T01:05:28.765890" elapsed="0.000162"/>
</kw>
<var name="${key}">location</var>
<status status="PASS" start="2024-04-28T01:05:28.764370" elapsed="0.001895"/>
</iter>
<iter>
<kw name="Dictionary Should Contain Key" owner="Collections">
<msg time="2024-04-28T01:05:28.766922" level="INFO">False</msg>
<arg>${json_data['results'][0]}</arg>
<arg>${key}</arg>
<doc>Fails if ``key`` is not found from ``dictionary``.</doc>
<status status="PASS" start="2024-04-28T01:05:28.766546" elapsed="0.000412"/>
</kw>
<kw name="Log" owner="BuiltIn">
<msg time="2024-04-28T01:05:28.767631" level="INFO">{'gender': 'female', 'name': {'title': 'Mrs', 'first': 'Celina', 'last': 'Graham'}, 'location': {'street': {'number': 3223, 'name': 'Oak Lawn Ave'}, 'city': 'Surprise', 'state': 'Massachusetts', 'country': 'United States', 'postcode': 32870, 'coordinates': {'latitude': '89.4036', 'longitude': '22.9124'}, 'timezone': {'offset': '+10:00', 'description': 'Eastern Australia, Guam, Vladivostok'}}, 'email': 'celina.graham@example.com', 'login': {'uuid': '257f59d6-4387-425c-9774-0100920eade3', 'username': 'crazybear200', 'password': 'jedi', 'salt': 'lHDhwXZC', 'md5': 'f783254f791e6b596d9327373fc4b278', 'sha1': '89ff4e8e554ab9c7d3329151575a3fa33815a80b', 'sha256': '55f8b94c5813dc8846461d6bfabd41fd65d502665f6f7bfc2cc6851f598bf764'}, 'dob': {'date': '1945-05-02T04:09:06.699Z', 'age': 78}, 'registered': {'date': '2002-12-10T01:53:18.883Z', 'age': 21}, 'phone': '(309) 788-2941', 'cell': '(810) 754-6759', 'id': {'name': 'SSN', 'value': '703-27-9383'}, 'picture': {'large': 'https://randomuser.me/api/portraits/women/59.jpg', 'medium': 'https://randomuser.me/api/portraits/med/women/59.jpg', 'thumbnail': 'https://randomuser.me/api/portraits/thumb/women/59.jpg'}, 'nat': 'US'}</msg>
<arg>${json_data['results'][0]}</arg>
<doc>Logs the given message with the given level.</doc>
<status status="PASS" start="2024-04-28T01:05:28.767272" elapsed="0.000405"/>
</kw>
<kw name="Log" owner="BuiltIn">
<msg time="2024-04-28T01:05:28.768091" level="INFO">email</msg>
<arg>${key}</arg>
<doc>Logs the given message with the given level.</doc>
<status status="PASS" start="2024-04-28T01:05:28.767966" elapsed="0.000162"/>
</kw>
<var name="${key}">email</var>
<status status="PASS" start="2024-04-28T01:05:28.766437" elapsed="0.001901"/>
</iter>
<iter>
<kw name="Dictionary Should Contain Key" owner="Collections">
<msg time="2024-04-28T01:05:28.769008" level="INFO">False</msg>
<arg>${json_data['results'][0]}</arg>
<arg>${key}</arg>
<doc>Fails if ``key`` is not found from ``dictionary``.</doc>
<status status="PASS" start="2024-04-28T01:05:28.768618" elapsed="0.000427"/>
</kw>
<kw name="Log" owner="BuiltIn">
<msg time="2024-04-28T01:05:28.769740" level="INFO">{'gender': 'female', 'name': {'title': 'Mrs', 'first': 'Celina', 'last': 'Graham'}, 'location': {'street': {'number': 3223, 'name': 'Oak Lawn Ave'}, 'city': 'Surprise', 'state': 'Massachusetts', 'country': 'United States', 'postcode': 32870, 'coordinates': {'latitude': '89.4036', 'longitude': '22.9124'}, 'timezone': {'offset': '+10:00', 'description': 'Eastern Australia, Guam, Vladivostok'}}, 'email': 'celina.graham@example.com', 'login': {'uuid': '257f59d6-4387-425c-9774-0100920eade3', 'username': 'crazybear200', 'password': 'jedi', 'salt': 'lHDhwXZC', 'md5': 'f783254f791e6b596d9327373fc4b278', 'sha1': '89ff4e8e554ab9c7d3329151575a3fa33815a80b', 'sha256': '55f8b94c5813dc8846461d6bfabd41fd65d502665f6f7bfc2cc6851f598bf764'}, 'dob': {'date': '1945-05-02T04:09:06.699Z', 'age': 78}, 'registered': {'date': '2002-12-10T01:53:18.883Z', 'age': 21}, 'phone': '(309) 788-2941', 'cell': '(810) 754-6759', 'id': {'name': 'SSN', 'value': '703-27-9383'}, 'picture': {'large': 'https://randomuser.me/api/portraits/women/59.jpg', 'medium': 'https://randomuser.me/api/portraits/med/women/59.jpg', 'thumbnail': 'https://randomuser.me/api/portraits/thumb/women/59.jpg'}, 'nat': 'US'}</msg>
<arg>${json_data['results'][0]}</arg>
<doc>Logs the given message with the given level.</doc>
<status status="PASS" start="2024-04-28T01:05:28.769337" elapsed="0.000452"/>
</kw>
<kw name="Log" owner="BuiltIn">
<msg time="2024-04-28T01:05:28.770213" level="INFO">login</msg>
<arg>${key}</arg>
<doc>Logs the given message with the given level.</doc>
<status status="PASS" start="2024-04-28T01:05:28.770087" elapsed="0.000193"/>
</kw>
<var name="${key}">login</var>
<status status="PASS" start="2024-04-28T01:05:28.768508" elapsed="0.001991"/>
</iter>
<var>${key}</var>
<value>@{expected_keys}</value>
<status status="PASS" start="2024-04-28T01:05:28.759912" elapsed="0.010740"/>
</for>
<kw name="Create List" owner="BuiltIn">
<msg time="2024-04-28T01:05:28.771042" level="INFO">${expected_keysTwo} = ['username', 'password']</msg>
<var>${expected_keysTwo}</var>
<arg>username</arg>
<arg>password</arg>
<doc>Returns a list containing given items.</doc>
<status status="PASS" start="2024-04-28T01:05:28.770883" elapsed="0.000193"/>
</kw>
<for flavor="IN">
<iter>
<kw name="Dictionary Should Contain Key" owner="Collections">
<msg time="2024-04-28T01:05:28.771991" level="INFO">False</msg>
<arg>${json_data['results'][0]['login']}</arg>
<arg>${keyTwo}</arg>
<doc>Fails if ``key`` is not found from ``dictionary``.</doc>
<status status="PASS" start="2024-04-28T01:05:28.771590" elapsed="0.000438"/>
</kw>
<kw name="Dictionary Should Contain Key" owner="Collections">
<msg time="2024-04-28T01:05:28.772713" level="INFO">False</msg>
<arg>${json_data['results'][0]['login']}</arg>
<arg>${keyTwo}</arg>
<doc>Fails if ``key`` is not found from ``dictionary``.</doc>
<status status="PASS" start="2024-04-28T01:05:28.772331" elapsed="0.000418"/>
</kw>
<kw name="Log" owner="BuiltIn">
<msg time="2024-04-28T01:05:28.773164" level="INFO">username</msg>
<arg>${keyTwo}</arg>
<doc>Logs the given message with the given level.</doc>
<status status="PASS" start="2024-04-28T01:05:28.773038" elapsed="0.000168"/>
</kw>
<var name="${keyTwo}">username</var>
<status status="PASS" start="2024-04-28T01:05:28.771479" elapsed="0.001937"/>
</iter>
<iter>
<kw name="Dictionary Should Contain Key" owner="Collections">
<msg time="2024-04-28T01:05:28.774064" level="INFO">False</msg>
<arg>${json_data['results'][0]['login']}</arg>
<arg>${keyTwo}</arg>
<doc>Fails if ``key`` is not found from ``dictionary``.</doc>
<status status="PASS" start="2024-04-28T01:05:28.773692" elapsed="0.000414"/>
</kw>
<kw name="Dictionary Should Contain Key" owner="Collections">
<msg time="2024-04-28T01:05:28.774856" level="INFO">False</msg>
<arg>${json_data['results'][0]['login']}</arg>
<arg>${keyTwo}</arg>
<doc>Fails if ``key`` is not found from ``dictionary``.</doc>
<status status="PASS" start="2024-04-28T01:05:28.774397" elapsed="0.000499"/>
</kw>
<kw name="Log" owner="BuiltIn">
<msg time="2024-04-28T01:05:28.775341" level="INFO">password</msg>
<arg>${keyTwo}</arg>
<doc>Logs the given message with the given level.</doc>
<status status="PASS" start="2024-04-28T01:05:28.775213" elapsed="0.000165"/>
</kw>
<var name="${keyTwo}">password</var>
<status status="PASS" start="2024-04-28T01:05:28.773584" elapsed="0.002008"/>
</iter>
<var>${keyTwo}</var>
<value>@{expected_keysTwo}</value>
<status status="PASS" start="2024-04-28T01:05:28.771328" elapsed="0.004384"/>
</for>
<status status="PASS" start="2024-04-28T01:05:28.658061" elapsed="0.117787"/>
</kw>
<doc>Testa a estrutura da resposta da API.</doc>
<tag>testeEstruturaResposta</tag>
<status status="PASS" start="2024-04-28T01:05:28.657559" elapsed="0.118436"/>
</test>
<test id="s1-s1-t4" name="Validar tipos de dados" line="28">
<kw name="Teste de Tipos de Dados" owner="random-user-service">
<kw name="GET On Session" owner="RequestsLibrary">
<msg time="2024-04-28T01:05:28.848156" level="INFO">GET Request : url=https://randomuser.me/api 
 path_url=/api 
 headers={'User-Agent': 'python-requests/2.31.0', 'Accept-Encoding': 'gzip, deflate', 'Accept': '*/*', 'Connection': 'keep-alive'} 
 body=None 
 </msg>
<msg time="2024-04-28T01:05:28.848235" level="INFO">GET Response : url=https://randomuser.me/api 
 status=200, reason=OK 
 headers={'Date': 'Sun, 28 Apr 2024 01:05:28 GMT', 'Content-Type': 'application/json; charset=utf-8', 'Transfer-Encoding': 'chunked', 'Connection': 'keep-alive', 'X-Powered-By': 'Express', 'Access-Control-Allow-Origin': '*', 'Cache-Control': 'no-cache', 'ETag': 'W/"4a3-55g3PAP77kee8bQOx5xwVz3yFhY"', 'Vary': 'Accept-Encoding', 'Content-Encoding': 'gzip', 'CF-Cache-Status': 'DYNAMIC', 'Report-To': '{"endpoints":[{"url":"https:\\/\\/a.nel.cloudflare.com\\/report\\/v4?s=K%2B0aJ5vHo2MaHY15MfNuLSfOB3%2Blf2wcf5CHyg6383AFMM%2BhrWasoyNGqb2qoCajMoyvkdb2yU13LHqTJ8RedpKrhU60FzrQS8vCy%2BqXQzRrZxlnnfsAMbE%2FG7z9WVfV"}],"group":"cf-nel","max_age":604800}', 'NEL': '{"success_fraction":0,"report_to":"cf-nel","max_age":604800}', 'Server': 'cloudflare', 'CF-RAY': '87b324eaee8239af-IAD', 'alt-svc': 'h3=":443"; ma=86400'} 
 body={"results":[{"gender":"female","name":{"title":"Mademoiselle","first":"Juliana","last":"Legrand"},"location":{"street":{"number":4850,"name":"Avenue Goerges Clémenceau"},"city":"Bern","state":"Ticino","country":"Switzerland","postcode":9058,"coordinates":{"latitude":"-58.8339","longitude":"88.1164"},"timezone":{"offset":"+6:00","description":"Almaty, Dhaka, Colombo"}},"email":"juliana.legrand@example.com","login":{"uuid":"78ec711c-1dc4-40b1-9a20-f3a816e7f077","username":"angryzebra278","password":"brazil","salt":"ZVrdSgvP","md5":"eb4da6488f9aeee0402713e87b0fec73","sha1":"fc98a76b87acac8bd9d126e937f81a88bbce7609","sha256":"af44e3c072123e2f99ed7e630a9053910057701ff49e8ca2beb5ba85d7ac30fc"},"dob":{"date":"1980-03-31T08:52:58.578Z","age":44},"registered":{"date":"2012-07-07T13:25:29.746Z","age":11},"phone":"077 904 46 41","cell":"078 754 96 76","id":{"name":"AVS","value":"756.3153.6660.14"},"picture":{"large":"https://randomuser.me/api/portraits/women/9.jpg","medium":"https://randomuser.me/api/portraits/med/women/9.jpg","thumbnail":"https://randomuser.me/api/portraits/thumb/women/9.jpg"},"nat":"CH"}],"info":{"seed":"125734a004429d5d","results":1,"page":1,"version":"1.4"}} 
 </msg>
<msg time="2024-04-28T01:05:28.848306" level="INFO">/opt/hostedtoolcache/Python/3.12.3/x64/lib/python3.12/site-packages/urllib3/connectionpool.py:1103: InsecureRequestWarning: Unverified HTTPS request is being made to host 'randomuser.me'. Adding certificate verification is strongly advised. See: https://urllib3.readthedocs.io/en/latest/advanced-usage.html#tls-warnings
  warnings.warn(</msg>
<msg time="2024-04-28T01:05:28.848418" level="INFO">${response} = &lt;Response [200]&gt;</msg>
<var>${response}</var>
<arg>consultarAPI</arg>
<arg>/api</arg>
<doc>Sends a GET request on a previously created HTTP Session.</doc>
<status status="PASS" start="2024-04-28T01:05:28.778429" elapsed="0.070039"/>
</kw>
<kw name="Set Variable" owner="BuiltIn">
<msg time="2024-04-28T01:05:28.849562" level="INFO">${json_data} = {'results': [{'gender': 'female', 'name': {'title': 'Mademoiselle', 'first': 'Juliana', 'last': 'Legrand'}, 'location': {'street': {'number': 4850, 'name': 'Avenue Goerges Clémenceau'}, 'city': 'Bern'...</msg>
<var>${json_data}</var>
<arg>${response.json()}</arg>
<doc>Returns the given values which can then be assigned to a variables.</doc>
<status status="PASS" start="2024-04-28T01:05:28.849016" elapsed="0.000575"/>
</kw>
<kw name="Log" owner="BuiltIn">
<msg time="2024-04-28T01:05:28.850054" level="INFO">{'results': [{'gender': 'female', 'name': {'title': 'Mademoiselle', 'first': 'Juliana', 'last': 'Legrand'}, 'location': {'street': {'number': 4850, 'name': 'Avenue Goerges Clémenceau'}, 'city': 'Bern', 'state': 'Ticino', 'country': 'Switzerland', 'postcode': 9058, 'coordinates': {'latitude': '-58.8339', 'longitude': '88.1164'}, 'timezone': {'offset': '+6:00', 'description': 'Almaty, Dhaka, Colombo'}}, 'email': 'juliana.legrand@example.com', 'login': {'uuid': '78ec711c-1dc4-40b1-9a20-f3a816e7f077', 'username': 'angryzebra278', 'password': 'brazil', 'salt': 'ZVrdSgvP', 'md5': 'eb4da6488f9aeee0402713e87b0fec73', 'sha1': 'fc98a76b87acac8bd9d126e937f81a88bbce7609', 'sha256': 'af44e3c072123e2f99ed7e630a9053910057701ff49e8ca2beb5ba85d7ac30fc'}, 'dob': {'date': '1980-03-31T08:52:58.578Z', 'age': 44}, 'registered': {'date': '2012-07-07T13:25:29.746Z', 'age': 11}, 'phone': '077 904 46 41', 'cell': '078 754 96 76', 'id': {'name': 'AVS', 'value': '756.3153.6660.14'}, 'picture': {'large': 'https://randomuser.me/api/portraits/women/9.jpg', 'medium': 'https://randomuser.me/api/portraits/med/women/9.jpg', 'thumbnail': 'https://randomuser.me/api/portraits/thumb/women/9.jpg'}, 'nat': 'CH'}], 'info': {'seed': '125734a004429d5d', 'results': 1, 'page': 1, 'version': '1.4'}}</msg>
<arg>${json_data}</arg>
<doc>Logs the given message with the given level.</doc>
<status status="PASS" start="2024-04-28T01:05:28.849898" elapsed="0.000237"/>
</kw>
<kw name="Should Be String" owner="String">
<arg>${json_data['results'][0]['gender']}</arg>
<doc>Fails if the given ``item`` is not a string.</doc>
<status status="PASS" start="2024-04-28T01:05:28.850434" elapsed="0.000400"/>
</kw>
<kw name="Should Match Regexp" owner="BuiltIn">
<arg>${json_data['results'][0]['email']}</arg>
<arg>^[a-zA-Z0-9._%+-]+@[a-zA-Z0-9.-]+\.[a-zA-Z]{2,}$</arg>
<doc>Fails if ``string`` does not match ``pattern`` as a regular expression.</doc>
<status status="PASS" start="2024-04-28T01:05:28.851053" elapsed="0.000531"/>
</kw>
<kw name="Should Match Regexp" owner="BuiltIn">
<arg>${json_data['results'][0]['dob']['date']}</arg>
<arg>\\d{4}-\\d{2}-\\d{2}T\\d{2}:\\d{2}:\\d{2}\\.\\d{3}Z</arg>
<doc>Fails if ``string`` does not match ``pattern`` as a regular expression.</doc>
<status status="PASS" start="2024-04-28T01:05:28.851778" elapsed="0.000475"/>
</kw>
<kw name="Should Match Regexp" owner="BuiltIn">
<arg>${json_data['results'][0]['registered']['date']}</arg>
<arg>\\d{4}-\\d{2}-\\d{2}T\\d{2}:\\d{2}:\\d{2}\\.\\d{3}Z</arg>
<doc>Fails if ``string`` does not match ``pattern`` as a regular expression.</doc>
<status status="PASS" start="2024-04-28T01:05:28.852442" elapsed="0.000368"/>
</kw>
<kw name="Should Match Regexp" owner="BuiltIn">
<arg>${json_data['results'][0]['picture']['large']}</arg>
<arg>^https?://.*\.(?:png|jpe?g|gif|bmp)$</arg>
<doc>Fails if ``string`` does not match ``pattern`` as a regular expression.</doc>
<status status="PASS" start="2024-04-28T01:05:28.852997" elapsed="0.000454"/>
</kw>
<kw name="Should Match Regexp" owner="BuiltIn">
<arg>${json_data['results'][0]['picture']['medium']}</arg>
<arg>^https?://.*\.(?:png|jpe?g|gif|bmp)$</arg>
<doc>Fails if ``string`` does not match ``pattern`` as a regular expression.</doc>
<status status="PASS" start="2024-04-28T01:05:28.853643" elapsed="0.000355"/>
</kw>
<kw name="Should Match Regexp" owner="BuiltIn">
<arg>${json_data['results'][0]['picture']['thumbnail']}</arg>
<arg>^https?://.*\.(?:png|jpe?g|gif|bmp)$</arg>
<doc>Fails if ``string`` does not match ``pattern`` as a regular expression.</doc>
<status status="PASS" start="2024-04-28T01:05:28.854186" elapsed="0.000347"/>
</kw>
<kw name="Log" owner="BuiltIn">
<msg time="2024-04-28T01:05:28.855069" level="INFO">{'large': 'https://randomuser.me/api/portraits/women/9.jpg', 'medium': 'https://randomuser.me/api/portraits/med/women/9.jpg', 'thumbnail': 'https://randomuser.me/api/portraits/thumb/women/9.jpg'}</msg>
<arg>${json_data['results'][0]['picture']}</arg>
<doc>Logs the given message with the given level.</doc>
<status status="PASS" start="2024-04-28T01:05:28.854713" elapsed="0.000406"/>
</kw>
<status status="PASS" start="2024-04-28T01:05:28.778204" elapsed="0.077168"/>
</kw>
<kw name="Teste de Tipos de Dados - Postcode" owner="random-user-service">
<kw name="GET On Session" owner="RequestsLibrary">
<msg time="2024-04-28T01:05:28.951127" level="INFO">GET Request : url=https://randomuser.me/api 
 path_url=/api 
 headers={'User-Agent': 'python-requests/2.31.0', 'Accept-Encoding': 'gzip, deflate', 'Accept': '*/*', 'Connection': 'keep-alive'} 
 body=None 
 </msg>
<msg time="2024-04-28T01:05:28.951199" level="INFO">GET Response : url=https://randomuser.me/api 
 status=200, reason=OK 
 headers={'Date': 'Sun, 28 Apr 2024 01:05:28 GMT', 'Content-Type': 'application/json; charset=utf-8', 'Transfer-Encoding': 'chunked', 'Connection': 'keep-alive', 'X-Powered-By': 'Express', 'Access-Control-Allow-Origin': '*', 'Cache-Control': 'no-cache', 'ETag': 'W/"49d-xgipupWpfQC2CMyHjV31yTd6GvM"', 'Vary': 'Accept-Encoding', 'Content-Encoding': 'gzip', 'CF-Cache-Status': 'DYNAMIC', 'Report-To': '{"endpoints":[{"url":"https:\\/\\/a.nel.cloudflare.com\\/report\\/v4?s=CoWQSqQyrm4PU5ePf0Gd32bPJPnu7yvrw2k0AfsJ4220Lb7UxrnpJAtnbzYVZWXk8%2Bmm%2B2jEbKVpmtesgUTkJCX1NYQBzOq5G%2BENdOlVzSuNNrf9il3uAAE8sSQ%2FBABP"}],"group":"cf-nel","max_age":604800}', 'NEL': '{"success_fraction":0,"report_to":"cf-nel","max_age":604800}', 'Server': 'cloudflare', 'CF-RAY': '87b324eb5f2a39af-IAD', 'alt-svc': 'h3=":443"; ma=86400'} 
 body={"results":[{"gender":"male","name":{"title":"Mr","first":"Túlio","last":"Silveira"},"location":{"street":{"number":1938,"name":"Rua Maranhão "},"city":"Limeira","state":"Mato Grosso","country":"Brazil","postcode":41919,"coordinates":{"latitude":"-78.5515","longitude":"-78.6437"},"timezone":{"offset":"-4:00","description":"Atlantic Time (Canada), Caracas, La Paz"}},"email":"tulio.silveira@example.com","login":{"uuid":"ef436755-5ea2-47b0-ab33-afe910214bf3","username":"brownduck706","password":"rasputin","salt":"u5OiDQaA","md5":"46613112520282947e6455dcc69447dd","sha1":"3444df07b5e732a5ec7982f76e48f6dce0955a9b","sha256":"bc28072986bc196fd562dabcd7e5a4adb81ebb96857c434658be61693c80a7ad"},"dob":{"date":"1999-05-11T22:46:07.148Z","age":24},"registered":{"date":"2021-01-18T06:13:02.070Z","age":3},"phone":"(00) 1127-9250","cell":"(47) 4629-4206","id":{"name":"CPF","value":"892.450.548-56"},"picture":{"large":"https://randomuser.me/api/portraits/men/61.jpg","medium":"https://randomuser.me/api/portraits/med/men/61.jpg","thumbnail":"https://randomuser.me/api/portraits/thumb/men/61.jpg"},"nat":"BR"}],"info":{"seed":"352ae710232d9ead","results":1,"page":1,"version":"1.4"}} 
 </msg>
<msg time="2024-04-28T01:05:28.951260" level="INFO">/opt/hostedtoolcache/Python/3.12.3/x64/lib/python3.12/site-packages/urllib3/connectionpool.py:1103: InsecureRequestWarning: Unverified HTTPS request is being made to host 'randomuser.me'. Adding certificate verification is strongly advised. See: https://urllib3.readthedocs.io/en/latest/advanced-usage.html#tls-warnings
  warnings.warn(</msg>
<msg time="2024-04-28T01:05:28.951366" level="INFO">${response} = &lt;Response [200]&gt;</msg>
<var>${response}</var>
<arg>consultarAPI</arg>
<arg>/api</arg>
<doc>Sends a GET request on a previously created HTTP Session.</doc>
<status status="PASS" start="2024-04-28T01:05:28.855810" elapsed="0.095595"/>
</kw>
<kw name="Set Variable" owner="BuiltIn">
<msg time="2024-04-28T01:05:28.952449" level="INFO">${json_data} = {'results': [{'gender': 'male', 'name': {'title': 'Mr', 'first': 'Túlio', 'last': 'Silveira'}, 'location': {'street': {'number': 1938, 'name': 'Rua Maranhão '}, 'city': 'Limeira', 'state': 'Mato Gross...</msg>
<var>${json_data}</var>
<arg>${response.json()}</arg>
<doc>Returns the given values which can then be assigned to a variables.</doc>
<status status="PASS" start="2024-04-28T01:05:28.951879" elapsed="0.000600"/>
</kw>
<kw name="Log" owner="BuiltIn">
<msg time="2024-04-28T01:05:28.952949" level="INFO">{'results': [{'gender': 'male', 'name': {'title': 'Mr', 'first': 'Túlio', 'last': 'Silveira'}, 'location': {'street': {'number': 1938, 'name': 'Rua Maranhão '}, 'city': 'Limeira', 'state': 'Mato Grosso', 'country': 'Brazil', 'postcode': 41919, 'coordinates': {'latitude': '-78.5515', 'longitude': '-78.6437'}, 'timezone': {'offset': '-4:00', 'description': 'Atlantic Time (Canada), Caracas, La Paz'}}, 'email': 'tulio.silveira@example.com', 'login': {'uuid': 'ef436755-5ea2-47b0-ab33-afe910214bf3', 'username': 'brownduck706', 'password': 'rasputin', 'salt': 'u5OiDQaA', 'md5': '46613112520282947e6455dcc69447dd', 'sha1': '3444df07b5e732a5ec7982f76e48f6dce0955a9b', 'sha256': 'bc28072986bc196fd562dabcd7e5a4adb81ebb96857c434658be61693c80a7ad'}, 'dob': {'date': '1999-05-11T22:46:07.148Z', 'age': 24}, 'registered': {'date': '2021-01-18T06:13:02.070Z', 'age': 3}, 'phone': '(00) 1127-9250', 'cell': '(47) 4629-4206', 'id': {'name': 'CPF', 'value': '892.450.548-56'}, 'picture': {'large': 'https://randomuser.me/api/portraits/men/61.jpg', 'medium': 'https://randomuser.me/api/portraits/med/men/61.jpg', 'thumbnail': 'https://randomuser.me/api/portraits/thumb/men/61.jpg'}, 'nat': 'BR'}], 'info': {'seed': '352ae710232d9ead', 'results': 1, 'page': 1, 'version': '1.4'}}</msg>
<arg>${json_data}</arg>
<doc>Logs the given message with the given level.</doc>
<status status="PASS" start="2024-04-28T01:05:28.952790" elapsed="0.000239"/>
</kw>
<kw name="Should Be Equal As Numbers" owner="BuiltIn">
<arg>${json_data['results'][0]['location']['postcode']}</arg>
<arg>${json_data['results'][0]['location']['postcode']}</arg>
<doc>Fails if objects are unequal after converting them to real numbers.</doc>
<status status="PASS" start="2024-04-28T01:05:28.953330" elapsed="0.000757"/>
</kw>
<kw name="Log" owner="BuiltIn">
<msg time="2024-04-28T01:05:28.954617" level="INFO">41919</msg>
<arg>${json_data['results'][0]['location']['postcode']}</arg>
<doc>Logs the given message with the given level.</doc>
<status status="PASS" start="2024-04-28T01:05:28.954280" elapsed="0.000377"/>
</kw>
<status status="PASS" start="2024-04-28T01:05:28.855587" elapsed="0.099322"/>
</kw>
<doc>Testa se os tipos de dados na resposta da API estão corretos.</doc>
<tag>testeTiposDados</tag>
<status status="PASS" start="2024-04-28T01:05:28.777750" elapsed="0.177362"/>
</test>
<test id="s1-s1-t5" name="Validar conteudo" line="35">
<kw name="Teste de Tipos de Conteudo" owner="random-user-service">
<kw name="GET On Session" owner="RequestsLibrary">
<msg time="2024-04-28T01:05:29.063258" level="INFO">GET Request : url=https://randomuser.me/api 
 path_url=/api 
 headers={'User-Agent': 'python-requests/2.31.0', 'Accept-Encoding': 'gzip, deflate', 'Accept': '*/*', 'Connection': 'keep-alive'} 
 body=None 
 </msg>
<msg time="2024-04-28T01:05:29.063355" level="INFO">GET Response : url=https://randomuser.me/api 
 status=200, reason=OK 
 headers={'Date': 'Sun, 28 Apr 2024 01:05:29 GMT', 'Content-Type': 'application/json; charset=utf-8', 'Transfer-Encoding': 'chunked', 'Connection': 'keep-alive', 'X-Powered-By': 'Express', 'Access-Control-Allow-Origin': '*', 'Cache-Control': 'no-cache', 'ETag': 'W/"497-AQ4/TWZBtAbutV4Jw0We6hzuicA"', 'Vary': 'Accept-Encoding', 'Content-Encoding': 'gzip', 'CF-Cache-Status': 'DYNAMIC', 'Report-To': '{"endpoints":[{"url":"https:\\/\\/a.nel.cloudflare.com\\/report\\/v4?s=ILPW82ZPdUJz9OvTkf%2BeAF67xHArBthPsIgcdNXidNSZEvpMoVM%2B6i3Ln2Kn%2BTa2l7wcfN1N0vsBBrT8fnAnmf8jYgtK1XuSWkY4jzZywxkNE%2Fvvsk6xqrTuVoyIC5HG"}],"group":"cf-nel","max_age":604800}', 'NEL': '{"success_fraction":0,"report_to":"cf-nel","max_age":604800}', 'Server': 'cloudflare', 'CF-RAY': '87b324ec0fda39af-IAD', 'alt-svc': 'h3=":443"; ma=86400'} 
 body={"results":[{"gender":"female","name":{"title":"Mrs","first":"Michele","last":"Waals"},"location":{"street":{"number":6180,"name":"De Bullewei"},"city":"Stegeren","state":"Utrecht","country":"Netherlands","postcode":"2120 AJ","coordinates":{"latitude":"33.5868","longitude":"82.1599"},"timezone":{"offset":"+5:30","description":"Bombay, Calcutta, Madras, New Delhi"}},"email":"michele.waals@example.com","login":{"uuid":"af8b95cc-53f9-4c0d-82dd-610a23b5b38a","username":"smallkoala200","password":"susan1","salt":"m7MVcZsl","md5":"f93b8affeece57658eafb6e372b2f523","sha1":"aedaca89008b133e4f20ffab33a173dec368103c","sha256":"2677f1d90c203058473c1f1dc7798796eef5b687418f663a43f52504a25029e2"},"dob":{"date":"1947-06-14T01:07:48.331Z","age":76},"registered":{"date":"2015-05-28T11:16:07.802Z","age":8},"phone":"(027) 3625649","cell":"(06) 68794499","id":{"name":"BSN","value":"45017501"},"picture":{"large":"https://randomuser.me/api/portraits/women/16.jpg","medium":"https://randomuser.me/api/portraits/med/women/16.jpg","thumbnail":"https://randomuser.me/api/portraits/thumb/women/16.jpg"},"nat":"NL"}],"info":{"seed":"9512917dfc7c6a54","results":1,"page":1,"version":"1.4"}} 
 </msg>
<msg time="2024-04-28T01:05:29.063421" level="INFO">/opt/hostedtoolcache/Python/3.12.3/x64/lib/python3.12/site-packages/urllib3/connectionpool.py:1103: InsecureRequestWarning: Unverified HTTPS request is being made to host 'randomuser.me'. Adding certificate verification is strongly advised. See: https://urllib3.readthedocs.io/en/latest/advanced-usage.html#tls-warnings
  warnings.warn(</msg>
<msg time="2024-04-28T01:05:29.063534" level="INFO">${response} = &lt;Response [200]&gt;</msg>
<var>${response}</var>
<arg>consultarAPI</arg>
<arg>/api</arg>
<doc>Sends a GET request on a previously created HTTP Session.</doc>
<status status="PASS" start="2024-04-28T01:05:28.957492" elapsed="0.106071"/>
</kw>
<kw name="Set Variable" owner="BuiltIn">
<msg time="2024-04-28T01:05:29.064591" level="INFO">${json_data} = {'results': [{'gender': 'female', 'name': {'title': 'Mrs', 'first': 'Michele', 'last': 'Waals'}, 'location': {'street': {'number': 6180, 'name': 'De Bullewei'}, 'city': 'Stegeren', 'state': 'Utrecht',...</msg>
<var>${json_data}</var>
<arg>${response.json()}</arg>
<doc>Returns the given values which can then be assigned to a variables.</doc>
<status status="PASS" start="2024-04-28T01:05:29.064086" elapsed="0.000540"/>
</kw>
<kw name="Set Variable" owner="BuiltIn">
<msg time="2024-04-28T01:05:29.065315" level="INFO">${name_title} = Mrs</msg>
<var>${name_title}</var>
<arg>${json_data["results"][0]["name"]["title"]}</arg>
<doc>Returns the given values which can then be assigned to a variables.</doc>
<status status="PASS" start="2024-04-28T01:05:29.064932" elapsed="0.000408"/>
</kw>
<kw name="Create List" owner="BuiltIn">
<msg time="2024-04-28T01:05:29.065786" level="INFO">${allowed_titles} = ['Mr', 'Ms', 'Miss', 'Mrs', 'Madame', 'Monsieur']</msg>
<var>${allowed_titles}</var>
<arg>Mr</arg>
<arg>Ms</arg>
<arg>Miss</arg>
<arg>Mrs</arg>
<arg>Madame</arg>
<arg>Monsieur</arg>
<doc>Returns a list containing given items.</doc>
<status status="PASS" start="2024-04-28T01:05:29.065637" elapsed="0.000174"/>
</kw>
<kw name="List Should Contain Value" owner="Collections">
<msg time="2024-04-28T01:05:29.066290" level="INFO">False</msg>
<arg>${allowed_titles}</arg>
<arg>${name_title}</arg>
<doc>Fails if the ``value`` is not found from ``list``.</doc>
<status status="PASS" start="2024-04-28T01:05:29.066109" elapsed="0.000218"/>
</kw>
<kw name="Set Variable" owner="BuiltIn">
<msg time="2024-04-28T01:05:29.067012" level="INFO">${name_country} = NL</msg>
<var>${name_country}</var>
<arg>${json_data["results"][0]["nat"]}</arg>
<doc>Returns the given values which can then be assigned to a variables.</doc>
<status status="PASS" start="2024-04-28T01:05:29.066616" elapsed="0.000448"/>
</kw>
<kw name="Create List" owner="BuiltIn">
<msg time="2024-04-28T01:05:29.067961" level="INFO">${list_country} = ['AD', 'AE', 'AF', 'AG', 'AI', 'AL', 'AM', 'AO', 'AQ', 'AR', 'AS', 'AT', 'AU', 'AW', 'AX', 'AZ', 'BA', 'BB', 'BD', 'BE', 'BF', 'BG', 'BH', 'BI', 'BJ', 'BL', 'BM', 'BN', 'BO', 'BQ', 'BR', 'BS', 'BT', '...</msg>
<var>${list_country}</var>
<arg>AD</arg>
<arg>AE</arg>
<arg>AF</arg>
<arg>AG</arg>
<arg>AI</arg>
<arg>AL</arg>
<arg>AM</arg>
<arg>AO</arg>
<arg>AQ</arg>
<arg>AR</arg>
<arg>AS</arg>
<arg>AT</arg>
<arg>AU</arg>
<arg>AW</arg>
<arg>AX</arg>
<arg>AZ</arg>
<arg>BA</arg>
<arg>BB</arg>
<arg>BD</arg>
<arg>BE</arg>
<arg>BF</arg>
<arg>BG</arg>
<arg>BH</arg>
<arg>BI</arg>
<arg>BJ</arg>
<arg>BL</arg>
<arg>BM</arg>
<arg>BN</arg>
<arg>BO</arg>
<arg>BQ</arg>
<arg>BR</arg>
<arg>BS</arg>
<arg>BT</arg>
<arg>BV</arg>
<arg>BW</arg>
<arg>BY</arg>
<arg>BZ</arg>
<arg>CA</arg>
<arg>CC</arg>
<arg>CD</arg>
<arg>CF</arg>
<arg>CG</arg>
<arg>CH</arg>
<arg>CI</arg>
<arg>CK</arg>
<arg>CL</arg>
<arg>CM</arg>
<arg>CN</arg>
<arg>CO</arg>
<arg>CR</arg>
<arg>CU</arg>
<arg>CV</arg>
<arg>CW</arg>
<arg>CX</arg>
<arg>CY</arg>
<arg>CZ</arg>
<arg>DE</arg>
<arg>DJ</arg>
<arg>DK</arg>
<arg>DM</arg>
<arg>DO</arg>
<arg>DZ</arg>
<arg>EC</arg>
<arg>EE</arg>
<arg>EG</arg>
<arg>EH</arg>
<arg>ER</arg>
<arg>ES</arg>
<arg>ET</arg>
<arg>FI</arg>
<arg>FJ</arg>
<arg>FK</arg>
<arg>FM</arg>
<arg>FO</arg>
<arg>FR</arg>
<arg>GA</arg>
<arg>GB</arg>
<arg>GD</arg>
<arg>GE</arg>
<arg>GF</arg>
<arg>GG</arg>
<arg>GH</arg>
<arg>GI</arg>
<arg>GL</arg>
<arg>GM</arg>
<arg>GN</arg>
<arg>GP</arg>
<arg>GQ</arg>
<arg>GR</arg>
<arg>GS</arg>
<arg>GT</arg>
<arg>GU</arg>
<arg>GW</arg>
<arg>GY</arg>
<arg>HK</arg>
<arg>HM</arg>
<arg>HN</arg>
<arg>HR</arg>
<arg>HT</arg>
<arg>HU</arg>
<arg>ID</arg>
<arg>IE</arg>
<arg>IL</arg>
<arg>IM</arg>
<arg>IN</arg>
<arg>IO</arg>
<arg>IQ</arg>
<arg>IR</arg>
<arg>IS</arg>
<arg>IT</arg>
<arg>JE</arg>
<arg>JM</arg>
<arg>JO</arg>
<arg>JP</arg>
<arg>KE</arg>
<arg>KG</arg>
<arg>KH</arg>
<arg>KI</arg>
<arg>KM</arg>
<arg>KN</arg>
<arg>KP</arg>
<arg>KR</arg>
<arg>KW</arg>
<arg>KY</arg>
<arg>KZ</arg>
<arg>LA</arg>
<arg>LB</arg>
<arg>LC</arg>
<arg>LI</arg>
<arg>LK</arg>
<arg>LR</arg>
<arg>LS</arg>
<arg>LT</arg>
<arg>LU</arg>
<arg>LV</arg>
<arg>LY</arg>
<arg>MA</arg>
<arg>MC</arg>
<arg>MD</arg>
<arg>ME</arg>
<arg>MF</arg>
<arg>MG</arg>
<arg>MH</arg>
<arg>MK</arg>
<arg>ML</arg>
<arg>MM</arg>
<arg>MN</arg>
<arg>MO</arg>
<arg>MP</arg>
<arg>MQ</arg>
<arg>MR</arg>
<arg>MS</arg>
<arg>MT</arg>
<arg>MU</arg>
<arg>MV</arg>
<arg>MW</arg>
<arg>MX</arg>
<arg>MY</arg>
<arg>MZ</arg>
<arg>NA</arg>
<arg>NC</arg>
<arg>NE</arg>
<arg>NF</arg>
<arg>NG</arg>
<arg>NI</arg>
<arg>NL</arg>
<arg>NO</arg>
<arg>NP</arg>
<arg>NR</arg>
<arg>NU</arg>
<arg>NZ</arg>
<arg>OM</arg>
<arg>PA</arg>
<arg>PE</arg>
<arg>PF</arg>
<arg>PG</arg>
<arg>PH</arg>
<arg>PK</arg>
<arg>PL</arg>
<arg>PM</arg>
<arg>PN</arg>
<arg>PR</arg>
<arg>PS</arg>
<arg>PT</arg>
<arg>PW</arg>
<arg>PY</arg>
<arg>QA</arg>
<arg>RE</arg>
<arg>RO</arg>
<arg>RS</arg>
<arg>RU</arg>
<arg>RW</arg>
<arg>SA</arg>
<arg>SB</arg>
<arg>SC</arg>
<arg>SD</arg>
<arg>SE</arg>
<arg>SG</arg>
<arg>SH</arg>
<arg>SI</arg>
<arg>SJ</arg>
<arg>SK</arg>
<arg>SL</arg>
<arg>SM</arg>
<arg>SN</arg>
<arg>SO</arg>
<arg>SR</arg>
<arg>SS</arg>
<arg>ST</arg>
<arg>SV</arg>
<arg>SX</arg>
<arg>SY</arg>
<arg>SZ</arg>
<arg>TC</arg>
<arg>TD</arg>
<arg>TF</arg>
<arg>TG</arg>
<arg>TH</arg>
<arg>TJ</arg>
<arg>TK</arg>
<arg>TL</arg>
<arg>TM</arg>
<arg>TN</arg>
<arg>TO</arg>
<arg>TR</arg>
<arg>TT</arg>
<arg>TV</arg>
<arg>TW</arg>
<arg>TZ</arg>
<arg>UA</arg>
<arg>UG</arg>
<arg>UM</arg>
<arg>US</arg>
<arg>UY</arg>
<arg>UZ</arg>
<arg>VA</arg>
<arg>VC</arg>
<arg>VE</arg>
<arg>VG</arg>
<arg>VI</arg>
<arg>VN</arg>
<arg>VU</arg>
<arg>WF</arg>
<arg>WS</arg>
<arg>XK</arg>
<arg>YE</arg>
<arg>YT</arg>
<arg>ZA</arg>
<arg>ZM</arg>
<arg>ZW</arg>
<doc>Returns a list containing given items.</doc>
<status status="PASS" start="2024-04-28T01:05:29.067378" elapsed="0.000609"/>
</kw>
<kw name="List Should Contain Value" owner="Collections">
<msg time="2024-04-28T01:05:29.069026" level="INFO">False</msg>
<arg>${list_country}</arg>
<arg>${name_country}</arg>
<doc>Fails if the ``value`` is not found from ``list``.</doc>
<status status="PASS" start="2024-04-28T01:05:29.068785" elapsed="0.000281"/>
</kw>
<kw name="Run Keyword If" owner="BuiltIn">
<kw name="Should Be True" owner="BuiltIn">
<arg>${True}</arg>
<doc>Fails if the given condition is not true.</doc>
<status status="PASS" start="2024-04-28T01:05:29.070179" elapsed="0.000143"/>
</kw>
<arg>${json_data["results"][0]["location"]["coordinates"]["latitude"]} &gt;= -90 and ${json_data["results"][0]["location"]["coordinates"]["latitude"]} &lt;= 90</arg>
<arg>Should Be True</arg>
<arg>${True}</arg>
<doc>Runs the given keyword with the given arguments, if ``condition`` is true.</doc>
<status status="PASS" start="2024-04-28T01:05:29.069424" elapsed="0.001025"/>
</kw>
<kw name="Run Keyword If" owner="BuiltIn">
<kw name="Should Be True" owner="BuiltIn">
<arg>${True}</arg>
<doc>Fails if the given condition is not true.</doc>
<status status="PASS" start="2024-04-28T01:05:29.071359" elapsed="0.000259"/>
</kw>
<arg>${json_data["results"][0]["location"]["coordinates"]["longitude"]} &gt;= -180 and ${json_data["results"][0]["location"]["coordinates"]["longitude"]} &lt;= 180</arg>
<arg>Should Be True</arg>
<arg>${True}</arg>
<doc>Runs the given keyword with the given arguments, if ``condition`` is true.</doc>
<status status="PASS" start="2024-04-28T01:05:29.070633" elapsed="0.001110"/>
</kw>
<status status="PASS" start="2024-04-28T01:05:28.957271" elapsed="0.114603"/>
</kw>
<doc>Testa o conteúdo específico dos campos retornados pela API.</doc>
<tag>testeConteudo</tag>
<status status="PASS" start="2024-04-28T01:05:28.956848" elapsed="0.115179"/>
</test>
<status status="PASS" start="2024-04-28T01:05:28.153924" elapsed="0.920059"/>
</suite>
<status status="PASS" start="2024-04-28T01:05:28.140409" elapsed="0.938825"/>
</suite>
<statistics>
<total>
<stat pass="5" fail="0" skip="0">All Tests</stat>
</total>
<tag>
<stat pass="1" fail="0" skip="0">testeConteudo</stat>
<stat pass="1" fail="0" skip="0">testeEstruturaResposta</stat>
<stat pass="1" fail="0" skip="0">testeRequisicaoBasica</stat>
<stat pass="1" fail="0" skip="0">testeTiposDados</stat>
</tag>
<suite>
<stat pass="5" fail="0" skip="0" id="s1" name="Tests">Tests</stat>
<stat pass="5" fail="0" skip="0" id="s1-s1" name="Random-User-Test">Tests.Random-User-Test</stat>
</suite>
</statistics>
<errors>
</errors>
</robot>
