<?xml version="1.0" encoding="UTF-8"?>
<robot generator="Robot 7.0.1 (Python 3.12.4 on linux)" generated="2024-07-04T21:13:47.252603" rpa="false" schemaversion="5">
<suite id="s1" name="Tests" source="/home/runner/work/ApiRandomUser/ApiRandomUser/RamdonUser/tests">
<suite id="s1-s1" name="Random-User-Test" source="/home/runner/work/ApiRandomUser/ApiRandomUser/RamdonUser/tests/random-user-test.robot">
<test id="s1-s1-t1" name="Conectar" line="13">
<kw name="Conectar API" owner="random-user-service">
<kw name="Create Session" owner="RequestsLibrary">
<msg time="2024-07-04T21:13:47.698517" level="INFO">Creating Session using : alias=consultarAPI, url=https://randomuser.me/, headers={},                     cookies={}, auth=None, timeout=None, proxies=None, verify=False,                     debug=0 </msg>
<arg>consultarAPI</arg>
<arg>${URL}</arg>
<doc>Create Session: create a HTTP session to a server</doc>
<status status="PASS" start="2024-07-04T21:13:47.698316" elapsed="0.000389"/>
</kw>
<status status="PASS" start="2024-07-04T21:13:47.697341" elapsed="0.001717"/>
</kw>
<status status="PASS" start="2024-07-04T21:13:47.696788" elapsed="0.002459"/>
</test>
<test id="s1-s1-t2" name="Validar retorno 200 e JSON Válido" line="16">
<kw name="Teste de Requisicao Basica" owner="random-user-service">
<kw name="GET On Session" owner="RequestsLibrary">
<msg time="2024-07-04T21:13:47.884328" level="INFO">GET Request : url=https://randomuser.me/api 
 path_url=/api 
 headers={'User-Agent': 'python-requests/2.32.3', 'Accept-Encoding': 'gzip, deflate', 'Accept': '*/*', 'Connection': 'keep-alive'} 
 body=None 
 </msg>
<msg time="2024-07-04T21:13:47.884487" level="INFO">GET Response : url=https://randomuser.me/api 
 status=200, reason=OK 
 headers={'Date': 'Thu, 04 Jul 2024 21:13:47 GMT', 'Content-Type': 'application/json; charset=utf-8', 'Transfer-Encoding': 'chunked', 'Connection': 'keep-alive', 'X-Powered-By': 'Express', 'Access-Control-Allow-Origin': '*', 'Cache-Control': 'no-cache', 'ETag': 'W/"499-rYuxL6iz9hG+oAth/E07PknbLOo"', 'Vary': 'Accept-Encoding', 'Content-Encoding': 'gzip', 'CF-Cache-Status': 'DYNAMIC', 'Report-To': '{"endpoints":[{"url":"https:\\/\\/a.nel.cloudflare.com\\/report\\/v4?s=whdZFst83wvcohGmATaAVH18%2BayU7GTSHQLJl8GP9JixnEa57CH3IvaiABt20CX7Z8kuKvFx3kbTpkRsMM8WlXTqWxotKWZn2h8EarLxvFcHFb2jMyWv2ToPHjOL6iOI"}],"group":"cf-nel","max_age":604800}', 'NEL': '{"success_fraction":0,"report_to":"cf-nel","max_age":604800}', 'Server': 'cloudflare', 'CF-RAY': '89e21f09a8370fbb-LAX', 'alt-svc': 'h3=":443"; ma=86400'} 
 body={"results":[{"gender":"female","name":{"title":"Miss","first":"Jeanne","last":"Abraham"},"location":{"street":{"number":1698,"name":"Balmoral St"},"city":"Tecumseh","state":"Manitoba","country":"Canada","postcode":"C8K 0P6","coordinates":{"latitude":"-69.9369","longitude":"174.1634"},"timezone":{"offset":"+8:00","description":"Beijing, Perth, Singapore, Hong Kong"}},"email":"jeanne.abraham@example.com","login":{"uuid":"905d22e2-b3d4-44c0-a2ff-e1b479048db2","username":"yellowwolf164","password":"yomama","salt":"pZprVbQi","md5":"cbfe31508917f5ae710e25bacfa82ec5","sha1":"6646353ade4b98da09977101092dad5cba5edffe","sha256":"fc1049f25046c7818b6849ea4b73e0b384154ce4a48be25cb9cfcd3d105eae80"},"dob":{"date":"1986-05-15T20:49:44.953Z","age":38},"registered":{"date":"2007-05-11T12:23:51.396Z","age":17},"phone":"P02 O87-1784","cell":"F03 B26-1721","id":{"name":"SIN","value":"823162490"},"picture":{"large":"https://randomuser.me/api/portraits/women/44.jpg","medium":"https://randomuser.me/api/portraits/med/women/44.jpg","thumbnail":"https://randomuser.me/api/portraits/thumb/women/44.jpg"},"nat":"CA"}],"info":{"seed":"28a4d46af73bb7ff","results":1,"page":1,"version":"1.4"}} 
 </msg>
<msg time="2024-07-04T21:13:47.884574" level="INFO">/opt/hostedtoolcache/Python/3.12.4/x64/lib/python3.12/site-packages/urllib3/connectionpool.py:1099: InsecureRequestWarning: Unverified HTTPS request is being made to host 'randomuser.me'. Adding certificate verification is strongly advised. See: https://urllib3.readthedocs.io/en/latest/advanced-usage.html#tls-warnings
  warnings.warn(</msg>
<msg time="2024-07-04T21:13:47.884713" level="INFO">${response} = &lt;Response [200]&gt;</msg>
<var>${response}</var>
<arg>consultarAPI</arg>
<arg>/api</arg>
<doc>Sends a GET request on a previously created HTTP Session.</doc>
<status status="PASS" start="2024-07-04T21:13:47.701819" elapsed="0.182937"/>
</kw>
<kw name="Should Be Equal As Numbers" owner="BuiltIn">
<msg time="2024-07-04T21:13:47.885859" level="INFO">Argument types are:
&lt;class 'int'&gt;
&lt;class 'str'&gt;</msg>
<arg>${response.status_code}</arg>
<arg>200</arg>
<doc>Fails if objects are unequal after converting them to real numbers.</doc>
<status status="PASS" start="2024-07-04T21:13:47.885351" elapsed="0.000574"/>
</kw>
<kw name="Log" owner="BuiltIn">
<msg time="2024-07-04T21:13:47.886587" level="INFO">200</msg>
<arg>${response.status_code}</arg>
<doc>Logs the given message with the given level.</doc>
<status status="PASS" start="2024-07-04T21:13:47.886242" elapsed="0.000388"/>
</kw>
<kw name="Set Variable" owner="BuiltIn">
<msg time="2024-07-04T21:13:47.887380" level="INFO">${json_data} = {'results': [{'gender': 'female', 'name': {'title': 'Miss', 'first': 'Jeanne', 'last': 'Abraham'}, 'location': {'street': {'number': 1698, 'name': 'Balmoral St'}, 'city': 'Tecumseh', 'state': 'Manitob...</msg>
<var>${json_data}</var>
<arg>${response.json()}</arg>
<doc>Returns the given values which can then be assigned to a variables.</doc>
<status status="PASS" start="2024-07-04T21:13:47.886932" elapsed="0.000477"/>
</kw>
<kw name="Dictionary Should Contain Key" owner="Collections">
<arg>${json_data}</arg>
<arg>results</arg>
<doc>Fails if ``key`` is not found from ``dictionary``.</doc>
<status status="PASS" start="2024-07-04T21:13:47.887714" elapsed="0.000166"/>
</kw>
<status status="PASS" start="2024-07-04T21:13:47.701574" elapsed="0.186489"/>
</kw>
<doc>Testa se a API responde corretamente e retorna um objeto JSON válido.</doc>
<tag>testeRequisicaoBasica</tag>
<status status="PASS" start="2024-07-04T21:13:47.701125" elapsed="0.187123"/>
</test>
<test id="s1-s1-t3" name="Validar estrutura de resposta" line="22">
<kw name="Teste de Estrutura de Resposta" owner="random-user-service">
<kw name="GET On Session" owner="RequestsLibrary">
<msg time="2024-07-04T21:13:47.988673" level="INFO">GET Request : url=https://randomuser.me/api 
 path_url=/api 
 headers={'User-Agent': 'python-requests/2.32.3', 'Accept-Encoding': 'gzip, deflate', 'Accept': '*/*', 'Connection': 'keep-alive'} 
 body=None 
 </msg>
<msg time="2024-07-04T21:13:47.988763" level="INFO">GET Response : url=https://randomuser.me/api 
 status=200, reason=OK 
 headers={'Date': 'Thu, 04 Jul 2024 21:13:47 GMT', 'Content-Type': 'application/json; charset=utf-8', 'Transfer-Encoding': 'chunked', 'Connection': 'keep-alive', 'X-Powered-By': 'Express', 'Access-Control-Allow-Origin': '*', 'Cache-Control': 'no-cache', 'ETag': 'W/"48a-TaXhmnRDL91pEHp/k4dp33hVTnI"', 'Vary': 'Accept-Encoding', 'Content-Encoding': 'gzip', 'CF-Cache-Status': 'DYNAMIC', 'Report-To': '{"endpoints":[{"url":"https:\\/\\/a.nel.cloudflare.com\\/report\\/v4?s=dtW6bVpZ31L16yZZNJ2o73mxS8GEOY92cmvip1g8Te9ze83LCdywNUTZ22we5sM9osQ4pj02CoGI75jRt%2Bn9ZuM%2Btyc3HJGMd4n0ltgU5D3n%2FU16%2BT6pe4d%2FP%2BtHHLFQ"}],"group":"cf-nel","max_age":604800}', 'NEL': '{"success_fraction":0,"report_to":"cf-nel","max_age":604800}', 'Server': 'cloudflare', 'CF-RAY': '89e21f0a59090fbb-LAX', 'alt-svc': 'h3=":443"; ma=86400'} 
 body={"results":[{"gender":"female","name":{"title":"Ms","first":"Angelika","last":"Wurst"},"location":{"street":{"number":5733,"name":"Berliner Straße"},"city":"Erkelenz","state":"Rheinland-Pfalz","country":"Germany","postcode":95730,"coordinates":{"latitude":"-52.2672","longitude":"135.6600"},"timezone":{"offset":"+5:45","description":"Kathmandu"}},"email":"angelika.wurst@example.com","login":{"uuid":"0fdb913a-fd01-4d49-a423-ec10a35e3420","username":"bluetiger818","password":"bruno","salt":"2beYsLjs","md5":"51d055316ddda3b915fd0611cd830899","sha1":"1bc189ef87c1e215e026f4a74b9b3b7ef658ab2a","sha256":"b0345a4d8e84d997781d620e78971cc7b7c00ad9f580bb1827a2ec9eb3290679"},"dob":{"date":"1949-07-22T10:50:28.326Z","age":74},"registered":{"date":"2003-05-24T10:35:56.231Z","age":21},"phone":"0239-2210146","cell":"0174-7129205","id":{"name":"SVNR","value":"78 220749 W 747"},"picture":{"large":"https://randomuser.me/api/portraits/women/62.jpg","medium":"https://randomuser.me/api/portraits/med/women/62.jpg","thumbnail":"https://randomuser.me/api/portraits/thumb/women/62.jpg"},"nat":"DE"}],"info":{"seed":"f5a18a33787dbad6","results":1,"page":1,"version":"1.4"}} 
 </msg>
<msg time="2024-07-04T21:13:47.988886" level="INFO">/opt/hostedtoolcache/Python/3.12.4/x64/lib/python3.12/site-packages/urllib3/connectionpool.py:1099: InsecureRequestWarning: Unverified HTTPS request is being made to host 'randomuser.me'. Adding certificate verification is strongly advised. See: https://urllib3.readthedocs.io/en/latest/advanced-usage.html#tls-warnings
  warnings.warn(</msg>
<msg time="2024-07-04T21:13:47.989005" level="INFO">${response} = &lt;Response [200]&gt;</msg>
<var>${response}</var>
<arg>consultarAPI</arg>
<arg>/api</arg>
<doc>Sends a GET request on a previously created HTTP Session.</doc>
<status status="PASS" start="2024-07-04T21:13:47.890898" elapsed="0.098159"/>
</kw>
<kw name="Set Variable" owner="BuiltIn">
<msg time="2024-07-04T21:13:47.990190" level="INFO">${json_data} = {'results': [{'gender': 'female', 'name': {'title': 'Ms', 'first': 'Angelika', 'last': 'Wurst'}, 'location': {'street': {'number': 5733, 'name': 'Berliner Straße'}, 'city': 'Erkelenz', 'state': 'Rhein...</msg>
<var>${json_data}</var>
<arg>${response.json()}</arg>
<doc>Returns the given values which can then be assigned to a variables.</doc>
<status status="PASS" start="2024-07-04T21:13:47.989562" elapsed="0.000657"/>
</kw>
<kw name="Log" owner="BuiltIn">
<msg time="2024-07-04T21:13:47.990684" level="INFO">{'results': [{'gender': 'female', 'name': {'title': 'Ms', 'first': 'Angelika', 'last': 'Wurst'}, 'location': {'street': {'number': 5733, 'name': 'Berliner Straße'}, 'city': 'Erkelenz', 'state': 'Rheinland-Pfalz', 'country': 'Germany', 'postcode': 95730, 'coordinates': {'latitude': '-52.2672', 'longitude': '135.6600'}, 'timezone': {'offset': '+5:45', 'description': 'Kathmandu'}}, 'email': 'angelika.wurst@example.com', 'login': {'uuid': '0fdb913a-fd01-4d49-a423-ec10a35e3420', 'username': 'bluetiger818', 'password': 'bruno', 'salt': '2beYsLjs', 'md5': '51d055316ddda3b915fd0611cd830899', 'sha1': '1bc189ef87c1e215e026f4a74b9b3b7ef658ab2a', 'sha256': 'b0345a4d8e84d997781d620e78971cc7b7c00ad9f580bb1827a2ec9eb3290679'}, 'dob': {'date': '1949-07-22T10:50:28.326Z', 'age': 74}, 'registered': {'date': '2003-05-24T10:35:56.231Z', 'age': 21}, 'phone': '0239-2210146', 'cell': '0174-7129205', 'id': {'name': 'SVNR', 'value': '78 220749 W 747'}, 'picture': {'large': 'https://randomuser.me/api/portraits/women/62.jpg', 'medium': 'https://randomuser.me/api/portraits/med/women/62.jpg', 'thumbnail': 'https://randomuser.me/api/portraits/thumb/women/62.jpg'}, 'nat': 'DE'}], 'info': {'seed': 'f5a18a33787dbad6', 'results': 1, 'page': 1, 'version': '1.4'}}</msg>
<arg>${json_data}</arg>
<doc>Logs the given message with the given level.</doc>
<status status="PASS" start="2024-07-04T21:13:47.990525" elapsed="0.000210"/>
</kw>
<kw name="Dictionary Should Contain Key" owner="Collections">
<arg>${json_data}</arg>
<arg>results</arg>
<doc>Fails if ``key`` is not found from ``dictionary``.</doc>
<status status="PASS" start="2024-07-04T21:13:47.991024" elapsed="0.000165"/>
</kw>
<kw name="Should Not Be Empty" owner="BuiltIn">
<msg time="2024-07-04T21:13:47.991501" level="INFO">Length is 2.</msg>
<arg>${json_data}</arg>
<doc>Verifies that the given item is not empty.</doc>
<status status="PASS" start="2024-07-04T21:13:47.991373" elapsed="0.000167"/>
</kw>
<kw name="Create List" owner="BuiltIn">
<msg time="2024-07-04T21:13:47.991987" level="INFO">${expected_keys} = ['gender', 'name', 'location', 'email', 'login']</msg>
<var>${expected_keys}</var>
<arg>gender</arg>
<arg>name</arg>
<arg>location</arg>
<arg>email</arg>
<arg>login</arg>
<doc>Returns a list containing given items.</doc>
<status status="PASS" start="2024-07-04T21:13:47.991835" elapsed="0.000212"/>
</kw>
<for flavor="IN">
<iter>
<kw name="Dictionary Should Contain Key" owner="Collections">
<arg>${json_data['results'][0]}</arg>
<arg>${key}</arg>
<doc>Fails if ``key`` is not found from ``dictionary``.</doc>
<status status="PASS" start="2024-07-04T21:13:47.992787" elapsed="0.000403"/>
</kw>
<kw name="Log" owner="BuiltIn">
<msg time="2024-07-04T21:13:47.993748" level="INFO">{'gender': 'female', 'name': {'title': 'Ms', 'first': 'Angelika', 'last': 'Wurst'}, 'location': {'street': {'number': 5733, 'name': 'Berliner Straße'}, 'city': 'Erkelenz', 'state': 'Rheinland-Pfalz', 'country': 'Germany', 'postcode': 95730, 'coordinates': {'latitude': '-52.2672', 'longitude': '135.6600'}, 'timezone': {'offset': '+5:45', 'description': 'Kathmandu'}}, 'email': 'angelika.wurst@example.com', 'login': {'uuid': '0fdb913a-fd01-4d49-a423-ec10a35e3420', 'username': 'bluetiger818', 'password': 'bruno', 'salt': '2beYsLjs', 'md5': '51d055316ddda3b915fd0611cd830899', 'sha1': '1bc189ef87c1e215e026f4a74b9b3b7ef658ab2a', 'sha256': 'b0345a4d8e84d997781d620e78971cc7b7c00ad9f580bb1827a2ec9eb3290679'}, 'dob': {'date': '1949-07-22T10:50:28.326Z', 'age': 74}, 'registered': {'date': '2003-05-24T10:35:56.231Z', 'age': 21}, 'phone': '0239-2210146', 'cell': '0174-7129205', 'id': {'name': 'SVNR', 'value': '78 220749 W 747'}, 'picture': {'large': 'https://randomuser.me/api/portraits/women/62.jpg', 'medium': 'https://randomuser.me/api/portraits/med/women/62.jpg', 'thumbnail': 'https://randomuser.me/api/portraits/thumb/women/62.jpg'}, 'nat': 'DE'}</msg>
<arg>${json_data['results'][0]}</arg>
<doc>Logs the given message with the given level.</doc>
<status status="PASS" start="2024-07-04T21:13:47.993383" elapsed="0.000418"/>
</kw>
<kw name="Log" owner="BuiltIn">
<msg time="2024-07-04T21:13:47.994230" level="INFO">gender</msg>
<arg>${key}</arg>
<doc>Logs the given message with the given level.</doc>
<status status="PASS" start="2024-07-04T21:13:47.994100" elapsed="0.000170"/>
</kw>
<var name="${key}">gender</var>
<status status="PASS" start="2024-07-04T21:13:47.992662" elapsed="0.001826"/>
</iter>
<iter>
<kw name="Dictionary Should Contain Key" owner="Collections">
<arg>${json_data['results'][0]}</arg>
<arg>${key}</arg>
<doc>Fails if ``key`` is not found from ``dictionary``.</doc>
<status status="PASS" start="2024-07-04T21:13:47.994789" elapsed="0.000390"/>
</kw>
<kw name="Log" owner="BuiltIn">
<msg time="2024-07-04T21:13:47.995723" level="INFO">{'gender': 'female', 'name': {'title': 'Ms', 'first': 'Angelika', 'last': 'Wurst'}, 'location': {'street': {'number': 5733, 'name': 'Berliner Straße'}, 'city': 'Erkelenz', 'state': 'Rheinland-Pfalz', 'country': 'Germany', 'postcode': 95730, 'coordinates': {'latitude': '-52.2672', 'longitude': '135.6600'}, 'timezone': {'offset': '+5:45', 'description': 'Kathmandu'}}, 'email': 'angelika.wurst@example.com', 'login': {'uuid': '0fdb913a-fd01-4d49-a423-ec10a35e3420', 'username': 'bluetiger818', 'password': 'bruno', 'salt': '2beYsLjs', 'md5': '51d055316ddda3b915fd0611cd830899', 'sha1': '1bc189ef87c1e215e026f4a74b9b3b7ef658ab2a', 'sha256': 'b0345a4d8e84d997781d620e78971cc7b7c00ad9f580bb1827a2ec9eb3290679'}, 'dob': {'date': '1949-07-22T10:50:28.326Z', 'age': 74}, 'registered': {'date': '2003-05-24T10:35:56.231Z', 'age': 21}, 'phone': '0239-2210146', 'cell': '0174-7129205', 'id': {'name': 'SVNR', 'value': '78 220749 W 747'}, 'picture': {'large': 'https://randomuser.me/api/portraits/women/62.jpg', 'medium': 'https://randomuser.me/api/portraits/med/women/62.jpg', 'thumbnail': 'https://randomuser.me/api/portraits/thumb/women/62.jpg'}, 'nat': 'DE'}</msg>
<arg>${json_data['results'][0]}</arg>
<doc>Logs the given message with the given level.</doc>
<status status="PASS" start="2024-07-04T21:13:47.995360" elapsed="0.000445"/>
</kw>
<kw name="Log" owner="BuiltIn">
<msg time="2024-07-04T21:13:47.996262" level="INFO">name</msg>
<arg>${key}</arg>
<doc>Logs the given message with the given level.</doc>
<status status="PASS" start="2024-07-04T21:13:47.996131" elapsed="0.000170"/>
</kw>
<var name="${key}">name</var>
<status status="PASS" start="2024-07-04T21:13:47.994671" elapsed="0.001855"/>
</iter>
<iter>
<kw name="Dictionary Should Contain Key" owner="Collections">
<arg>${json_data['results'][0]}</arg>
<arg>${key}</arg>
<doc>Fails if ``key`` is not found from ``dictionary``.</doc>
<status status="PASS" start="2024-07-04T21:13:47.996810" elapsed="0.000377"/>
</kw>
<kw name="Log" owner="BuiltIn">
<msg time="2024-07-04T21:13:47.997718" level="INFO">{'gender': 'female', 'name': {'title': 'Ms', 'first': 'Angelika', 'last': 'Wurst'}, 'location': {'street': {'number': 5733, 'name': 'Berliner Straße'}, 'city': 'Erkelenz', 'state': 'Rheinland-Pfalz', 'country': 'Germany', 'postcode': 95730, 'coordinates': {'latitude': '-52.2672', 'longitude': '135.6600'}, 'timezone': {'offset': '+5:45', 'description': 'Kathmandu'}}, 'email': 'angelika.wurst@example.com', 'login': {'uuid': '0fdb913a-fd01-4d49-a423-ec10a35e3420', 'username': 'bluetiger818', 'password': 'bruno', 'salt': '2beYsLjs', 'md5': '51d055316ddda3b915fd0611cd830899', 'sha1': '1bc189ef87c1e215e026f4a74b9b3b7ef658ab2a', 'sha256': 'b0345a4d8e84d997781d620e78971cc7b7c00ad9f580bb1827a2ec9eb3290679'}, 'dob': {'date': '1949-07-22T10:50:28.326Z', 'age': 74}, 'registered': {'date': '2003-05-24T10:35:56.231Z', 'age': 21}, 'phone': '0239-2210146', 'cell': '0174-7129205', 'id': {'name': 'SVNR', 'value': '78 220749 W 747'}, 'picture': {'large': 'https://randomuser.me/api/portraits/women/62.jpg', 'medium': 'https://randomuser.me/api/portraits/med/women/62.jpg', 'thumbnail': 'https://randomuser.me/api/portraits/thumb/women/62.jpg'}, 'nat': 'DE'}</msg>
<arg>${json_data['results'][0]}</arg>
<doc>Logs the given message with the given level.</doc>
<status status="PASS" start="2024-07-04T21:13:47.997368" elapsed="0.000400"/>
</kw>
<kw name="Log" owner="BuiltIn">
<msg time="2024-07-04T21:13:47.998194" level="INFO">location</msg>
<arg>${key}</arg>
<doc>Logs the given message with the given level.</doc>
<status status="PASS" start="2024-07-04T21:13:47.998066" elapsed="0.000165"/>
</kw>
<var name="${key}">location</var>
<status status="PASS" start="2024-07-04T21:13:47.996702" elapsed="0.001753"/>
</iter>
<iter>
<kw name="Dictionary Should Contain Key" owner="Collections">
<arg>${json_data['results'][0]}</arg>
<arg>${key}</arg>
<doc>Fails if ``key`` is not found from ``dictionary``.</doc>
<status status="PASS" start="2024-07-04T21:13:47.998732" elapsed="0.000381"/>
</kw>
<kw name="Log" owner="BuiltIn">
<msg time="2024-07-04T21:13:47.999647" level="INFO">{'gender': 'female', 'name': {'title': 'Ms', 'first': 'Angelika', 'last': 'Wurst'}, 'location': {'street': {'number': 5733, 'name': 'Berliner Straße'}, 'city': 'Erkelenz', 'state': 'Rheinland-Pfalz', 'country': 'Germany', 'postcode': 95730, 'coordinates': {'latitude': '-52.2672', 'longitude': '135.6600'}, 'timezone': {'offset': '+5:45', 'description': 'Kathmandu'}}, 'email': 'angelika.wurst@example.com', 'login': {'uuid': '0fdb913a-fd01-4d49-a423-ec10a35e3420', 'username': 'bluetiger818', 'password': 'bruno', 'salt': '2beYsLjs', 'md5': '51d055316ddda3b915fd0611cd830899', 'sha1': '1bc189ef87c1e215e026f4a74b9b3b7ef658ab2a', 'sha256': 'b0345a4d8e84d997781d620e78971cc7b7c00ad9f580bb1827a2ec9eb3290679'}, 'dob': {'date': '1949-07-22T10:50:28.326Z', 'age': 74}, 'registered': {'date': '2003-05-24T10:35:56.231Z', 'age': 21}, 'phone': '0239-2210146', 'cell': '0174-7129205', 'id': {'name': 'SVNR', 'value': '78 220749 W 747'}, 'picture': {'large': 'https://randomuser.me/api/portraits/women/62.jpg', 'medium': 'https://randomuser.me/api/portraits/med/women/62.jpg', 'thumbnail': 'https://randomuser.me/api/portraits/thumb/women/62.jpg'}, 'nat': 'DE'}</msg>
<arg>${json_data['results'][0]}</arg>
<doc>Logs the given message with the given level.</doc>
<status status="PASS" start="2024-07-04T21:13:47.999296" elapsed="0.000401"/>
</kw>
<kw name="Log" owner="BuiltIn">
<msg time="2024-07-04T21:13:48.000160" level="INFO">email</msg>
<arg>${key}</arg>
<doc>Logs the given message with the given level.</doc>
<status status="PASS" start="2024-07-04T21:13:47.999995" elapsed="0.000205"/>
</kw>
<var name="${key}">email</var>
<status status="PASS" start="2024-07-04T21:13:47.998625" elapsed="0.001798"/>
</iter>
<iter>
<kw name="Dictionary Should Contain Key" owner="Collections">
<arg>${json_data['results'][0]}</arg>
<arg>${key}</arg>
<doc>Fails if ``key`` is not found from ``dictionary``.</doc>
<status status="PASS" start="2024-07-04T21:13:48.000703" elapsed="0.000406"/>
</kw>
<kw name="Log" owner="BuiltIn">
<msg time="2024-07-04T21:13:48.001647" level="INFO">{'gender': 'female', 'name': {'title': 'Ms', 'first': 'Angelika', 'last': 'Wurst'}, 'location': {'street': {'number': 5733, 'name': 'Berliner Straße'}, 'city': 'Erkelenz', 'state': 'Rheinland-Pfalz', 'country': 'Germany', 'postcode': 95730, 'coordinates': {'latitude': '-52.2672', 'longitude': '135.6600'}, 'timezone': {'offset': '+5:45', 'description': 'Kathmandu'}}, 'email': 'angelika.wurst@example.com', 'login': {'uuid': '0fdb913a-fd01-4d49-a423-ec10a35e3420', 'username': 'bluetiger818', 'password': 'bruno', 'salt': '2beYsLjs', 'md5': '51d055316ddda3b915fd0611cd830899', 'sha1': '1bc189ef87c1e215e026f4a74b9b3b7ef658ab2a', 'sha256': 'b0345a4d8e84d997781d620e78971cc7b7c00ad9f580bb1827a2ec9eb3290679'}, 'dob': {'date': '1949-07-22T10:50:28.326Z', 'age': 74}, 'registered': {'date': '2003-05-24T10:35:56.231Z', 'age': 21}, 'phone': '0239-2210146', 'cell': '0174-7129205', 'id': {'name': 'SVNR', 'value': '78 220749 W 747'}, 'picture': {'large': 'https://randomuser.me/api/portraits/women/62.jpg', 'medium': 'https://randomuser.me/api/portraits/med/women/62.jpg', 'thumbnail': 'https://randomuser.me/api/portraits/thumb/women/62.jpg'}, 'nat': 'DE'}</msg>
<arg>${json_data['results'][0]}</arg>
<doc>Logs the given message with the given level.</doc>
<status status="PASS" start="2024-07-04T21:13:48.001291" elapsed="0.000406"/>
</kw>
<kw name="Log" owner="BuiltIn">
<msg time="2024-07-04T21:13:48.002115" level="INFO">login</msg>
<arg>${key}</arg>
<doc>Logs the given message with the given level.</doc>
<status status="PASS" start="2024-07-04T21:13:48.001989" elapsed="0.000165"/>
</kw>
<var name="${key}">login</var>
<status status="PASS" start="2024-07-04T21:13:48.000595" elapsed="0.001776"/>
</iter>
<var>${key}</var>
<value>@{expected_keys}</value>
<status status="PASS" start="2024-07-04T21:13:47.992472" elapsed="0.010019"/>
</for>
<kw name="Create List" owner="BuiltIn">
<msg time="2024-07-04T21:13:48.002820" level="INFO">${expected_keysTwo} = ['username', 'password']</msg>
<var>${expected_keysTwo}</var>
<arg>username</arg>
<arg>password</arg>
<doc>Returns a list containing given items.</doc>
<status status="PASS" start="2024-07-04T21:13:48.002687" elapsed="0.000185"/>
</kw>
<for flavor="IN">
<iter>
<kw name="Dictionary Should Contain Key" owner="Collections">
<arg>${json_data['results'][0]['login']}</arg>
<arg>${keyTwo}</arg>
<doc>Fails if ``key`` is not found from ``dictionary``.</doc>
<status status="PASS" start="2024-07-04T21:13:48.003372" elapsed="0.000379"/>
</kw>
<kw name="Dictionary Should Contain Key" owner="Collections">
<arg>${json_data['results'][0]['login']}</arg>
<arg>${keyTwo}</arg>
<doc>Fails if ``key`` is not found from ``dictionary``.</doc>
<status status="PASS" start="2024-07-04T21:13:48.003932" elapsed="0.000412"/>
</kw>
<kw name="Log" owner="BuiltIn">
<msg time="2024-07-04T21:13:48.004659" level="INFO">username</msg>
<arg>${keyTwo}</arg>
<doc>Logs the given message with the given level.</doc>
<status status="PASS" start="2024-07-04T21:13:48.004532" elapsed="0.000166"/>
</kw>
<var name="${keyTwo}">username</var>
<status status="PASS" start="2024-07-04T21:13:48.003265" elapsed="0.001651"/>
</iter>
<iter>
<kw name="Dictionary Should Contain Key" owner="Collections">
<arg>${json_data['results'][0]['login']}</arg>
<arg>${keyTwo}</arg>
<doc>Fails if ``key`` is not found from ``dictionary``.</doc>
<status status="PASS" start="2024-07-04T21:13:48.005192" elapsed="0.000381"/>
</kw>
<kw name="Dictionary Should Contain Key" owner="Collections">
<arg>${json_data['results'][0]['login']}</arg>
<arg>${keyTwo}</arg>
<doc>Fails if ``key`` is not found from ``dictionary``.</doc>
<status status="PASS" start="2024-07-04T21:13:48.005752" elapsed="0.000362"/>
</kw>
<kw name="Log" owner="BuiltIn">
<msg time="2024-07-04T21:13:48.006410" level="INFO">password</msg>
<arg>${keyTwo}</arg>
<doc>Logs the given message with the given level.</doc>
<status status="PASS" start="2024-07-04T21:13:48.006287" elapsed="0.000168"/>
</kw>
<var name="${keyTwo}">password</var>
<status status="PASS" start="2024-07-04T21:13:48.005085" elapsed="0.001591"/>
</iter>
<var>${keyTwo}</var>
<value>@{expected_keysTwo}</value>
<status status="PASS" start="2024-07-04T21:13:48.003115" elapsed="0.003682"/>
</for>
<status status="PASS" start="2024-07-04T21:13:47.890670" elapsed="0.116266"/>
</kw>
<doc>Testa a estrutura da resposta da API.</doc>
<tag>testeEstruturaResposta</tag>
<status status="PASS" start="2024-07-04T21:13:47.890080" elapsed="0.117003"/>
</test>
<test id="s1-s1-t4" name="Validar tipos de dados" line="28">
<kw name="Teste de Tipos de Dados" owner="random-user-service">
<kw name="GET On Session" owner="RequestsLibrary">
<msg time="2024-07-04T21:13:48.106538" level="INFO">GET Request : url=https://randomuser.me/api 
 path_url=/api 
 headers={'User-Agent': 'python-requests/2.32.3', 'Accept-Encoding': 'gzip, deflate', 'Accept': '*/*', 'Connection': 'keep-alive'} 
 body=None 
 </msg>
<msg time="2024-07-04T21:13:48.106631" level="INFO">GET Response : url=https://randomuser.me/api 
 status=200, reason=OK 
 headers={'Date': 'Thu, 04 Jul 2024 21:13:48 GMT', 'Content-Type': 'application/json; charset=utf-8', 'Transfer-Encoding': 'chunked', 'Connection': 'keep-alive', 'X-Powered-By': 'Express', 'Access-Control-Allow-Origin': '*', 'Cache-Control': 'no-cache', 'ETag': 'W/"4a9-Nk2CEhIUAC91TEhIslQp5Fxng9M"', 'Vary': 'Accept-Encoding', 'Content-Encoding': 'gzip', 'CF-Cache-Status': 'DYNAMIC', 'Report-To': '{"endpoints":[{"url":"https:\\/\\/a.nel.cloudflare.com\\/report\\/v4?s=b1Ze1HrdU1sW1ML1fnBYX42skXnNd8lTHbJZNqIQayw6%2BzkTmDnHi6ytvOExZzcWXywobnCLEG6dTNYgcCvxWRA1ZtJ8lZ%2FlE21Yo5xCBRXvpBSaV11Hle76VITcRPt3"}],"group":"cf-nel","max_age":604800}', 'NEL': '{"success_fraction":0,"report_to":"cf-nel","max_age":604800}', 'Server': 'cloudflare', 'CF-RAY': '89e21f0b19d70fbb-LAX', 'alt-svc': 'h3=":443"; ma=86400'} 
 body={"results":[{"gender":"male","name":{"title":"Mr","first":"Luis Miguel","last":"Amador"},"location":{"street":{"number":4981,"name":"Avenida Hidalgo"},"city":"Los Abanicos (El Abanico)","state":"Sinaloa","country":"Mexico","postcode":48668,"coordinates":{"latitude":"23.2817","longitude":"-21.8396"},"timezone":{"offset":"-1:00","description":"Azores, Cape Verde Islands"}},"email":"luismiguel.amador@example.com","login":{"uuid":"906717c6-0f6d-43ae-a0dc-db312a5c417c","username":"ticklishpeacock839","password":"1qaz2wsx","salt":"c7z1oN3x","md5":"ac1438e024ca079a0635bce743af8c09","sha1":"69ea6803fc7b7d20760fadf86d62cb7038bb2c17","sha256":"142d26d8162e51e62a82da562a97e08aaaa9d6bbfcf77936c4663565f36dfc93"},"dob":{"date":"1985-03-10T12:03:41.274Z","age":39},"registered":{"date":"2007-01-27T21:57:44.602Z","age":17},"phone":"(616) 382 0480","cell":"(649) 015 9070","id":{"name":"NSS","value":"62 60 49 4516 7"},"picture":{"large":"https://randomuser.me/api/portraits/men/9.jpg","medium":"https://randomuser.me/api/portraits/med/men/9.jpg","thumbnail":"https://randomuser.me/api/portraits/thumb/men/9.jpg"},"nat":"MX"}],"info":{"seed":"814a2211689c8f61","results":1,"page":1,"version":"1.4"}} 
 </msg>
<msg time="2024-07-04T21:13:48.106706" level="INFO">/opt/hostedtoolcache/Python/3.12.4/x64/lib/python3.12/site-packages/urllib3/connectionpool.py:1099: InsecureRequestWarning: Unverified HTTPS request is being made to host 'randomuser.me'. Adding certificate verification is strongly advised. See: https://urllib3.readthedocs.io/en/latest/advanced-usage.html#tls-warnings
  warnings.warn(</msg>
<msg time="2024-07-04T21:13:48.106848" level="INFO">${response} = &lt;Response [200]&gt;</msg>
<var>${response}</var>
<arg>consultarAPI</arg>
<arg>/api</arg>
<doc>Sends a GET request on a previously created HTTP Session.</doc>
<status status="PASS" start="2024-07-04T21:13:48.009834" elapsed="0.097066"/>
</kw>
<kw name="Set Variable" owner="BuiltIn">
<msg time="2024-07-04T21:13:48.108121" level="INFO">${json_data} = {'results': [{'gender': 'male', 'name': {'title': 'Mr', 'first': 'Luis Miguel', 'last': 'Amador'}, 'location': {'street': {'number': 4981, 'name': 'Avenida Hidalgo'}, 'city': 'Los Abanicos (El Abanico...</msg>
<var>${json_data}</var>
<arg>${response.json()}</arg>
<doc>Returns the given values which can then be assigned to a variables.</doc>
<status status="PASS" start="2024-07-04T21:13:48.107503" elapsed="0.000648"/>
</kw>
<kw name="Log" owner="BuiltIn">
<msg time="2024-07-04T21:13:48.108626" level="INFO">{'results': [{'gender': 'male', 'name': {'title': 'Mr', 'first': 'Luis Miguel', 'last': 'Amador'}, 'location': {'street': {'number': 4981, 'name': 'Avenida Hidalgo'}, 'city': 'Los Abanicos (El Abanico)', 'state': 'Sinaloa', 'country': 'Mexico', 'postcode': 48668, 'coordinates': {'latitude': '23.2817', 'longitude': '-21.8396'}, 'timezone': {'offset': '-1:00', 'description': 'Azores, Cape Verde Islands'}}, 'email': 'luismiguel.amador@example.com', 'login': {'uuid': '906717c6-0f6d-43ae-a0dc-db312a5c417c', 'username': 'ticklishpeacock839', 'password': '1qaz2wsx', 'salt': 'c7z1oN3x', 'md5': 'ac1438e024ca079a0635bce743af8c09', 'sha1': '69ea6803fc7b7d20760fadf86d62cb7038bb2c17', 'sha256': '142d26d8162e51e62a82da562a97e08aaaa9d6bbfcf77936c4663565f36dfc93'}, 'dob': {'date': '1985-03-10T12:03:41.274Z', 'age': 39}, 'registered': {'date': '2007-01-27T21:57:44.602Z', 'age': 17}, 'phone': '(616) 382 0480', 'cell': '(649) 015 9070', 'id': {'name': 'NSS', 'value': '62 60 49 4516 7'}, 'picture': {'large': 'https://randomuser.me/api/portraits/men/9.jpg', 'medium': 'https://randomuser.me/api/portraits/med/men/9.jpg', 'thumbnail': 'https://randomuser.me/api/portraits/thumb/men/9.jpg'}, 'nat': 'MX'}], 'info': {'seed': '814a2211689c8f61', 'results': 1, 'page': 1, 'version': '1.4'}}</msg>
<arg>${json_data}</arg>
<doc>Logs the given message with the given level.</doc>
<status status="PASS" start="2024-07-04T21:13:48.108469" elapsed="0.000205"/>
</kw>
<kw name="Should Be String" owner="String">
<arg>${json_data['results'][0]['gender']}</arg>
<doc>Fails if the given ``item`` is not a string.</doc>
<status status="PASS" start="2024-07-04T21:13:48.108962" elapsed="0.000356"/>
</kw>
<kw name="Should Match Regexp" owner="BuiltIn">
<arg>${json_data['results'][0]['email']}</arg>
<arg>^[a-zA-Z0-9._%+-]+@[a-zA-Z0-9.-]+\.[a-zA-Z]{2,}$</arg>
<doc>Fails if ``string`` does not match ``pattern`` as a regular expression.</doc>
<status status="PASS" start="2024-07-04T21:13:48.109503" elapsed="0.000517"/>
</kw>
<kw name="Should Match Regexp" owner="BuiltIn">
<arg>${json_data['results'][0]['dob']['date']}</arg>
<arg>\\d{4}-\\d{2}-\\d{2}T\\d{2}:\\d{2}:\\d{2}\\.\\d{3}Z</arg>
<doc>Fails if ``string`` does not match ``pattern`` as a regular expression.</doc>
<status status="PASS" start="2024-07-04T21:13:48.110248" elapsed="0.000492"/>
</kw>
<kw name="Should Match Regexp" owner="BuiltIn">
<arg>${json_data['results'][0]['registered']['date']}</arg>
<arg>\\d{4}-\\d{2}-\\d{2}T\\d{2}:\\d{2}:\\d{2}\\.\\d{3}Z</arg>
<doc>Fails if ``string`` does not match ``pattern`` as a regular expression.</doc>
<status status="PASS" start="2024-07-04T21:13:48.110941" elapsed="0.000371"/>
</kw>
<kw name="Should Match Regexp" owner="BuiltIn">
<arg>${json_data['results'][0]['picture']['large']}</arg>
<arg>^https?://.*\.(?:png|jpe?g|gif|bmp)$</arg>
<doc>Fails if ``string`` does not match ``pattern`` as a regular expression.</doc>
<status status="PASS" start="2024-07-04T21:13:48.111499" elapsed="0.000453"/>
</kw>
<kw name="Should Match Regexp" owner="BuiltIn">
<arg>${json_data['results'][0]['picture']['medium']}</arg>
<arg>^https?://.*\.(?:png|jpe?g|gif|bmp)$</arg>
<doc>Fails if ``string`` does not match ``pattern`` as a regular expression.</doc>
<status status="PASS" start="2024-07-04T21:13:48.112182" elapsed="0.000357"/>
</kw>
<kw name="Should Match Regexp" owner="BuiltIn">
<arg>${json_data['results'][0]['picture']['thumbnail']}</arg>
<arg>^https?://.*\.(?:png|jpe?g|gif|bmp)$</arg>
<doc>Fails if ``string`` does not match ``pattern`` as a regular expression.</doc>
<status status="PASS" start="2024-07-04T21:13:48.112724" elapsed="0.000357"/>
</kw>
<kw name="Log" owner="BuiltIn">
<msg time="2024-07-04T21:13:48.113586" level="INFO">{'large': 'https://randomuser.me/api/portraits/men/9.jpg', 'medium': 'https://randomuser.me/api/portraits/med/men/9.jpg', 'thumbnail': 'https://randomuser.me/api/portraits/thumb/men/9.jpg'}</msg>
<arg>${json_data['results'][0]['picture']}</arg>
<doc>Logs the given message with the given level.</doc>
<status status="PASS" start="2024-07-04T21:13:48.113265" elapsed="0.000364"/>
</kw>
<status status="PASS" start="2024-07-04T21:13:48.009612" elapsed="0.104274"/>
</kw>
<kw name="Teste de Tipos de Dados - Postcode" owner="random-user-service">
<kw name="GET On Session" owner="RequestsLibrary">
<msg time="2024-07-04T21:13:48.213164" level="INFO">GET Request : url=https://randomuser.me/api 
 path_url=/api 
 headers={'User-Agent': 'python-requests/2.32.3', 'Accept-Encoding': 'gzip, deflate', 'Accept': '*/*', 'Connection': 'keep-alive'} 
 body=None 
 </msg>
<msg time="2024-07-04T21:13:48.213278" level="INFO">GET Response : url=https://randomuser.me/api 
 status=200, reason=OK 
 headers={'Date': 'Thu, 04 Jul 2024 21:13:48 GMT', 'Content-Type': 'application/json; charset=utf-8', 'Transfer-Encoding': 'chunked', 'Connection': 'keep-alive', 'X-Powered-By': 'Express', 'Access-Control-Allow-Origin': '*', 'Cache-Control': 'no-cache', 'ETag': 'W/"478-nRW0C7U3RitanA4XuV2jWe1ktzU"', 'Vary': 'Accept-Encoding', 'Content-Encoding': 'gzip', 'CF-Cache-Status': 'DYNAMIC', 'Report-To': '{"endpoints":[{"url":"https:\\/\\/a.nel.cloudflare.com\\/report\\/v4?s=q0ks6D19oZ1cxsHpq3lZOtw%2FOvTbL3PjT5yhLgVu%2FUcdL%2BG%2F9pxt9zQUv5okV9SvUSQXRikslBgxzuOrgyG%2B7kYCtzV7wNyVptxZUSmvO4sTNtc0iCCXXUeQyIotD9jp"}],"group":"cf-nel","max_age":604800}', 'NEL': '{"success_fraction":0,"report_to":"cf-nel","max_age":604800}', 'Server': 'cloudflare', 'CF-RAY': '89e21f0bca940fbb-LAX', 'alt-svc': 'h3=":443"; ma=86400'} 
 body={"results":[{"gender":"male","name":{"title":"Mr","first":"Carlos","last":"Rojas"},"location":{"street":{"number":6218,"name":"Calle de Toledo"},"city":"Elche","state":"La Rioja","country":"Spain","postcode":67468,"coordinates":{"latitude":"-30.8012","longitude":"-60.4432"},"timezone":{"offset":"+6:00","description":"Almaty, Dhaka, Colombo"}},"email":"carlos.rojas@example.com","login":{"uuid":"2cc9a3ca-fe20-4a06-8b00-ea4b758d6506","username":"angrybear904","password":"quentin","salt":"05lbOcAW","md5":"7fce671c132017bd04061c07d252d72c","sha1":"c1fbea31fdcbb9f4238c508b67b089786fa67843","sha256":"72d18c4632ed3926358aa58ec6d34739b1395bdcb2261f87be50c4bf4377e4fb"},"dob":{"date":"1983-06-25T13:22:13.636Z","age":41},"registered":{"date":"2008-04-05T22:36:42.507Z","age":16},"phone":"943-584-304","cell":"627-767-350","id":{"name":"DNI","value":"34486299-T"},"picture":{"large":"https://randomuser.me/api/portraits/men/73.jpg","medium":"https://randomuser.me/api/portraits/med/men/73.jpg","thumbnail":"https://randomuser.me/api/portraits/thumb/men/73.jpg"},"nat":"ES"}],"info":{"seed":"ca47c85036cc43c7","results":1,"page":1,"version":"1.4"}} 
 </msg>
<msg time="2024-07-04T21:13:48.213362" level="INFO">/opt/hostedtoolcache/Python/3.12.4/x64/lib/python3.12/site-packages/urllib3/connectionpool.py:1099: InsecureRequestWarning: Unverified HTTPS request is being made to host 'randomuser.me'. Adding certificate verification is strongly advised. See: https://urllib3.readthedocs.io/en/latest/advanced-usage.html#tls-warnings
  warnings.warn(</msg>
<msg time="2024-07-04T21:13:48.213509" level="INFO">${response} = &lt;Response [200]&gt;</msg>
<var>${response}</var>
<arg>consultarAPI</arg>
<arg>/api</arg>
<doc>Sends a GET request on a previously created HTTP Session.</doc>
<status status="PASS" start="2024-07-04T21:13:48.114321" elapsed="0.099228"/>
</kw>
<kw name="Set Variable" owner="BuiltIn">
<msg time="2024-07-04T21:13:48.214754" level="INFO">${json_data} = {'results': [{'gender': 'male', 'name': {'title': 'Mr', 'first': 'Carlos', 'last': 'Rojas'}, 'location': {'street': {'number': 6218, 'name': 'Calle de Toledo'}, 'city': 'Elche', 'state': 'La Rioja', '...</msg>
<var>${json_data}</var>
<arg>${response.json()}</arg>
<doc>Returns the given values which can then be assigned to a variables.</doc>
<status status="PASS" start="2024-07-04T21:13:48.214177" elapsed="0.000606"/>
</kw>
<kw name="Log" owner="BuiltIn">
<msg time="2024-07-04T21:13:48.215243" level="INFO">{'results': [{'gender': 'male', 'name': {'title': 'Mr', 'first': 'Carlos', 'last': 'Rojas'}, 'location': {'street': {'number': 6218, 'name': 'Calle de Toledo'}, 'city': 'Elche', 'state': 'La Rioja', 'country': 'Spain', 'postcode': 67468, 'coordinates': {'latitude': '-30.8012', 'longitude': '-60.4432'}, 'timezone': {'offset': '+6:00', 'description': 'Almaty, Dhaka, Colombo'}}, 'email': 'carlos.rojas@example.com', 'login': {'uuid': '2cc9a3ca-fe20-4a06-8b00-ea4b758d6506', 'username': 'angrybear904', 'password': 'quentin', 'salt': '05lbOcAW', 'md5': '7fce671c132017bd04061c07d252d72c', 'sha1': 'c1fbea31fdcbb9f4238c508b67b089786fa67843', 'sha256': '72d18c4632ed3926358aa58ec6d34739b1395bdcb2261f87be50c4bf4377e4fb'}, 'dob': {'date': '1983-06-25T13:22:13.636Z', 'age': 41}, 'registered': {'date': '2008-04-05T22:36:42.507Z', 'age': 16}, 'phone': '943-584-304', 'cell': '627-767-350', 'id': {'name': 'DNI', 'value': '34486299-T'}, 'picture': {'large': 'https://randomuser.me/api/portraits/men/73.jpg', 'medium': 'https://randomuser.me/api/portraits/med/men/73.jpg', 'thumbnail': 'https://randomuser.me/api/portraits/thumb/men/73.jpg'}, 'nat': 'ES'}], 'info': {'seed': 'ca47c85036cc43c7', 'results': 1, 'page': 1, 'version': '1.4'}}</msg>
<arg>${json_data}</arg>
<doc>Logs the given message with the given level.</doc>
<status status="PASS" start="2024-07-04T21:13:48.215090" elapsed="0.000198"/>
</kw>
<kw name="Should Be Equal As Numbers" owner="BuiltIn">
<arg>${json_data['results'][0]['location']['postcode']}</arg>
<arg>${json_data['results'][0]['location']['postcode']}</arg>
<doc>Fails if objects are unequal after converting them to real numbers.</doc>
<status status="PASS" start="2024-07-04T21:13:48.215578" elapsed="0.000677"/>
</kw>
<kw name="Log" owner="BuiltIn">
<msg time="2024-07-04T21:13:48.216784" level="INFO">67468</msg>
<arg>${json_data['results'][0]['location']['postcode']}</arg>
<doc>Logs the given message with the given level.</doc>
<status status="PASS" start="2024-07-04T21:13:48.216442" elapsed="0.000383"/>
</kw>
<status status="PASS" start="2024-07-04T21:13:48.114103" elapsed="0.103003"/>
</kw>
<doc>Testa se os tipos de dados na resposta da API estão corretos.</doc>
<tag>testeTiposDados</tag>
<status status="PASS" start="2024-07-04T21:13:48.008995" elapsed="0.208281"/>
</test>
<test id="s1-s1-t5" name="Validar conteudo" line="35">
<kw name="Teste de Tipos de Conteudo" owner="random-user-service">
<kw name="GET On Session" owner="RequestsLibrary">
<msg time="2024-07-04T21:13:48.331628" level="INFO">GET Request : url=https://randomuser.me/api 
 path_url=/api 
 headers={'User-Agent': 'python-requests/2.32.3', 'Accept-Encoding': 'gzip, deflate', 'Accept': '*/*', 'Connection': 'keep-alive'} 
 body=None 
 </msg>
<msg time="2024-07-04T21:13:48.331709" level="INFO">GET Response : url=https://randomuser.me/api 
 status=200, reason=OK 
 headers={'Date': 'Thu, 04 Jul 2024 21:13:48 GMT', 'Content-Type': 'application/json; charset=utf-8', 'Transfer-Encoding': 'chunked', 'Connection': 'keep-alive', 'X-Powered-By': 'Express', 'Access-Control-Allow-Origin': '*', 'Cache-Control': 'no-cache', 'ETag': 'W/"4a0-U+ekJ2mew9pfLVLVEvhy3jBwMNY"', 'Vary': 'Accept-Encoding', 'Content-Encoding': 'gzip', 'CF-Cache-Status': 'DYNAMIC', 'Report-To': '{"endpoints":[{"url":"https:\\/\\/a.nel.cloudflare.com\\/report\\/v4?s=KNQSsMkaWfLJLbxbe%2BKwvNfkTCaeJhYgdJUEyNSlUcdcOyy2qOeLc8OgP5dE3gv%2Bi0pIrMUbnjqMAIoGVJdk7%2BJeo9dyDmsJPt3adHlQdn0E54sg%2BIRa5%2FSYVPw%2B6EFc"}],"group":"cf-nel","max_age":604800}', 'NEL': '{"success_fraction":0,"report_to":"cf-nel","max_age":604800}', 'Server': 'cloudflare', 'CF-RAY': '89e21f0c6b6a0fbb-LAX', 'alt-svc': 'h3=":443"; ma=86400'} 
 body={"results":[{"gender":"female","name":{"title":"Madame","first":"Margaux","last":"Fournier"},"location":{"street":{"number":439,"name":"Avenue Debourg"},"city":"Oberburg","state":"Neuchâtel","country":"Switzerland","postcode":8535,"coordinates":{"latitude":"-61.8084","longitude":"167.5750"},"timezone":{"offset":"-7:00","description":"Mountain Time (US &amp; Canada)"}},"email":"margaux.fournier@example.com","login":{"uuid":"a5420097-3118-4512-94af-326608d01210","username":"whiteduck235","password":"packers","salt":"ghGxfi2s","md5":"be2948706e681692ea94bada91bd22c1","sha1":"3ff8e2d8b9f715b28dc4da8a253affa4dfdf47ad","sha256":"4d2defe81999a7b61ebf72b8ce86ba08fc11d9e062d7a258f053dcd01aa48957"},"dob":{"date":"1968-12-06T22:53:48.208Z","age":55},"registered":{"date":"2010-09-17T16:53:07.648Z","age":13},"phone":"075 110 09 94","cell":"077 497 73 58","id":{"name":"AVS","value":"756.3629.5051.73"},"picture":{"large":"https://randomuser.me/api/portraits/women/4.jpg","medium":"https://randomuser.me/api/portraits/med/women/4.jpg","thumbnail":"https://randomuser.me/api/portraits/thumb/women/4.jpg"},"nat":"CH"}],"info":{"seed":"cd5d8835fca28690","results":1,"page":1,"version":"1.4"}} 
 </msg>
<msg time="2024-07-04T21:13:48.331790" level="INFO">/opt/hostedtoolcache/Python/3.12.4/x64/lib/python3.12/site-packages/urllib3/connectionpool.py:1099: InsecureRequestWarning: Unverified HTTPS request is being made to host 'randomuser.me'. Adding certificate verification is strongly advised. See: https://urllib3.readthedocs.io/en/latest/advanced-usage.html#tls-warnings
  warnings.warn(</msg>
<msg time="2024-07-04T21:13:48.331878" level="INFO">${response} = &lt;Response [200]&gt;</msg>
<var>${response}</var>
<arg>consultarAPI</arg>
<arg>/api</arg>
<doc>Sends a GET request on a previously created HTTP Session.</doc>
<status status="PASS" start="2024-07-04T21:13:48.219956" elapsed="0.111952"/>
</kw>
<kw name="Set Variable" owner="BuiltIn">
<msg time="2024-07-04T21:13:48.332744" level="INFO">${json_data} = {'results': [{'gender': 'female', 'name': {'title': 'Madame', 'first': 'Margaux', 'last': 'Fournier'}, 'location': {'street': {'number': 439, 'name': 'Avenue Debourg'}, 'city': 'Oberburg', 'state': 'N...</msg>
<var>${json_data}</var>
<arg>${response.json()}</arg>
<doc>Returns the given values which can then be assigned to a variables.</doc>
<status status="PASS" start="2024-07-04T21:13:48.332297" elapsed="0.000475"/>
</kw>
<kw name="Set Variable" owner="BuiltIn">
<msg time="2024-07-04T21:13:48.333447" level="INFO">${name_title} = Madame</msg>
<var>${name_title}</var>
<arg>${json_data["results"][0]["name"]["title"]}</arg>
<doc>Returns the given values which can then be assigned to a variables.</doc>
<status status="PASS" start="2024-07-04T21:13:48.333077" elapsed="0.000397"/>
</kw>
<kw name="Create List" owner="BuiltIn">
<msg time="2024-07-04T21:13:48.333925" level="INFO">${allowed_titles} = ['Mr', 'Ms', 'Miss', 'Mrs', 'Madame', 'Monsieur']</msg>
<var>${allowed_titles}</var>
<arg>Mr</arg>
<arg>Ms</arg>
<arg>Miss</arg>
<arg>Mrs</arg>
<arg>Madame</arg>
<arg>Monsieur</arg>
<doc>Returns a list containing given items.</doc>
<status status="PASS" start="2024-07-04T21:13:48.333775" elapsed="0.000175"/>
</kw>
<kw name="List Should Contain Value" owner="Collections">
<arg>${allowed_titles}</arg>
<arg>${name_title}</arg>
<doc>Fails if the ``value`` is not found from ``list``.</doc>
<status status="PASS" start="2024-07-04T21:13:48.334244" elapsed="0.000176"/>
</kw>
<kw name="Set Variable" owner="BuiltIn">
<msg time="2024-07-04T21:13:48.334954" level="INFO">${name_country} = CH</msg>
<var>${name_country}</var>
<arg>${json_data["results"][0]["nat"]}</arg>
<doc>Returns the given values which can then be assigned to a variables.</doc>
<status status="PASS" start="2024-07-04T21:13:48.334596" elapsed="0.000382"/>
</kw>
<kw name="Create List" owner="BuiltIn">
<msg time="2024-07-04T21:13:48.335850" level="INFO">${list_country} = ['AD', 'AE', 'AF', 'AG', 'AI', 'AL', 'AM', 'AO', 'AQ', 'AR', 'AS', 'AT', 'AU', 'AW', 'AX', 'AZ', 'BA', 'BB', 'BD', 'BE', 'BF', 'BG', 'BH', 'BI', 'BJ', 'BL', 'BM', 'BN', 'BO', 'BQ', 'BR', 'BS', 'BT', '...</msg>
<var>${list_country}</var>
<arg>AD</arg>
<arg>AE</arg>
<arg>AF</arg>
<arg>AG</arg>
<arg>AI</arg>
<arg>AL</arg>
<arg>AM</arg>
<arg>AO</arg>
<arg>AQ</arg>
<arg>AR</arg>
<arg>AS</arg>
<arg>AT</arg>
<arg>AU</arg>
<arg>AW</arg>
<arg>AX</arg>
<arg>AZ</arg>
<arg>BA</arg>
<arg>BB</arg>
<arg>BD</arg>
<arg>BE</arg>
<arg>BF</arg>
<arg>BG</arg>
<arg>BH</arg>
<arg>BI</arg>
<arg>BJ</arg>
<arg>BL</arg>
<arg>BM</arg>
<arg>BN</arg>
<arg>BO</arg>
<arg>BQ</arg>
<arg>BR</arg>
<arg>BS</arg>
<arg>BT</arg>
<arg>BV</arg>
<arg>BW</arg>
<arg>BY</arg>
<arg>BZ</arg>
<arg>CA</arg>
<arg>CC</arg>
<arg>CD</arg>
<arg>CF</arg>
<arg>CG</arg>
<arg>CH</arg>
<arg>CI</arg>
<arg>CK</arg>
<arg>CL</arg>
<arg>CM</arg>
<arg>CN</arg>
<arg>CO</arg>
<arg>CR</arg>
<arg>CU</arg>
<arg>CV</arg>
<arg>CW</arg>
<arg>CX</arg>
<arg>CY</arg>
<arg>CZ</arg>
<arg>DE</arg>
<arg>DJ</arg>
<arg>DK</arg>
<arg>DM</arg>
<arg>DO</arg>
<arg>DZ</arg>
<arg>EC</arg>
<arg>EE</arg>
<arg>EG</arg>
<arg>EH</arg>
<arg>ER</arg>
<arg>ES</arg>
<arg>ET</arg>
<arg>FI</arg>
<arg>FJ</arg>
<arg>FK</arg>
<arg>FM</arg>
<arg>FO</arg>
<arg>FR</arg>
<arg>GA</arg>
<arg>GB</arg>
<arg>GD</arg>
<arg>GE</arg>
<arg>GF</arg>
<arg>GG</arg>
<arg>GH</arg>
<arg>GI</arg>
<arg>GL</arg>
<arg>GM</arg>
<arg>GN</arg>
<arg>GP</arg>
<arg>GQ</arg>
<arg>GR</arg>
<arg>GS</arg>
<arg>GT</arg>
<arg>GU</arg>
<arg>GW</arg>
<arg>GY</arg>
<arg>HK</arg>
<arg>HM</arg>
<arg>HN</arg>
<arg>HR</arg>
<arg>HT</arg>
<arg>HU</arg>
<arg>ID</arg>
<arg>IE</arg>
<arg>IL</arg>
<arg>IM</arg>
<arg>IN</arg>
<arg>IO</arg>
<arg>IQ</arg>
<arg>IR</arg>
<arg>IS</arg>
<arg>IT</arg>
<arg>JE</arg>
<arg>JM</arg>
<arg>JO</arg>
<arg>JP</arg>
<arg>KE</arg>
<arg>KG</arg>
<arg>KH</arg>
<arg>KI</arg>
<arg>KM</arg>
<arg>KN</arg>
<arg>KP</arg>
<arg>KR</arg>
<arg>KW</arg>
<arg>KY</arg>
<arg>KZ</arg>
<arg>LA</arg>
<arg>LB</arg>
<arg>LC</arg>
<arg>LI</arg>
<arg>LK</arg>
<arg>LR</arg>
<arg>LS</arg>
<arg>LT</arg>
<arg>LU</arg>
<arg>LV</arg>
<arg>LY</arg>
<arg>MA</arg>
<arg>MC</arg>
<arg>MD</arg>
<arg>ME</arg>
<arg>MF</arg>
<arg>MG</arg>
<arg>MH</arg>
<arg>MK</arg>
<arg>ML</arg>
<arg>MM</arg>
<arg>MN</arg>
<arg>MO</arg>
<arg>MP</arg>
<arg>MQ</arg>
<arg>MR</arg>
<arg>MS</arg>
<arg>MT</arg>
<arg>MU</arg>
<arg>MV</arg>
<arg>MW</arg>
<arg>MX</arg>
<arg>MY</arg>
<arg>MZ</arg>
<arg>NA</arg>
<arg>NC</arg>
<arg>NE</arg>
<arg>NF</arg>
<arg>NG</arg>
<arg>NI</arg>
<arg>NL</arg>
<arg>NO</arg>
<arg>NP</arg>
<arg>NR</arg>
<arg>NU</arg>
<arg>NZ</arg>
<arg>OM</arg>
<arg>PA</arg>
<arg>PE</arg>
<arg>PF</arg>
<arg>PG</arg>
<arg>PH</arg>
<arg>PK</arg>
<arg>PL</arg>
<arg>PM</arg>
<arg>PN</arg>
<arg>PR</arg>
<arg>PS</arg>
<arg>PT</arg>
<arg>PW</arg>
<arg>PY</arg>
<arg>QA</arg>
<arg>RE</arg>
<arg>RO</arg>
<arg>RS</arg>
<arg>RU</arg>
<arg>RW</arg>
<arg>SA</arg>
<arg>SB</arg>
<arg>SC</arg>
<arg>SD</arg>
<arg>SE</arg>
<arg>SG</arg>
<arg>SH</arg>
<arg>SI</arg>
<arg>SJ</arg>
<arg>SK</arg>
<arg>SL</arg>
<arg>SM</arg>
<arg>SN</arg>
<arg>SO</arg>
<arg>SR</arg>
<arg>SS</arg>
<arg>ST</arg>
<arg>SV</arg>
<arg>SX</arg>
<arg>SY</arg>
<arg>SZ</arg>
<arg>TC</arg>
<arg>TD</arg>
<arg>TF</arg>
<arg>TG</arg>
<arg>TH</arg>
<arg>TJ</arg>
<arg>TK</arg>
<arg>TL</arg>
<arg>TM</arg>
<arg>TN</arg>
<arg>TO</arg>
<arg>TR</arg>
<arg>TT</arg>
<arg>TV</arg>
<arg>TW</arg>
<arg>TZ</arg>
<arg>UA</arg>
<arg>UG</arg>
<arg>UM</arg>
<arg>US</arg>
<arg>UY</arg>
<arg>UZ</arg>
<arg>VA</arg>
<arg>VC</arg>
<arg>VE</arg>
<arg>VG</arg>
<arg>VI</arg>
<arg>VN</arg>
<arg>VU</arg>
<arg>WF</arg>
<arg>WS</arg>
<arg>XK</arg>
<arg>YE</arg>
<arg>YT</arg>
<arg>ZA</arg>
<arg>ZM</arg>
<arg>ZW</arg>
<doc>Returns a list containing given items.</doc>
<status status="PASS" start="2024-07-04T21:13:48.335266" elapsed="0.000609"/>
</kw>
<kw name="List Should Contain Value" owner="Collections">
<arg>${list_country}</arg>
<arg>${name_country}</arg>
<doc>Fails if the ``value`` is not found from ``list``.</doc>
<status status="PASS" start="2024-07-04T21:13:48.336696" elapsed="0.000203"/>
</kw>
<kw name="Run Keyword If" owner="BuiltIn">
<kw name="Should Be True" owner="BuiltIn">
<arg>${True}</arg>
<doc>Fails if the given condition is not true.</doc>
<status status="PASS" start="2024-07-04T21:13:48.337823" elapsed="0.000142"/>
</kw>
<arg>${json_data["results"][0]["location"]["coordinates"]["latitude"]} &gt;= -90 and ${json_data["results"][0]["location"]["coordinates"]["latitude"]} &lt;= 90</arg>
<arg>Should Be True</arg>
<arg>${True}</arg>
<doc>Runs the given keyword with the given arguments, if ``condition`` is true.</doc>
<status status="PASS" start="2024-07-04T21:13:48.337094" elapsed="0.001003"/>
</kw>
<kw name="Run Keyword If" owner="BuiltIn">
<kw name="Should Be True" owner="BuiltIn">
<arg>${True}</arg>
<doc>Fails if the given condition is not true.</doc>
<status status="PASS" start="2024-07-04T21:13:48.338954" elapsed="0.000153"/>
</kw>
<arg>${json_data["results"][0]["location"]["coordinates"]["longitude"]} &gt;= -180 and ${json_data["results"][0]["location"]["coordinates"]["longitude"]} &lt;= 180</arg>
<arg>Should Be True</arg>
<arg>${True}</arg>
<doc>Runs the given keyword with the given arguments, if ``condition`` is true.</doc>
<status status="PASS" start="2024-07-04T21:13:48.338274" elapsed="0.000962"/>
</kw>
<status status="PASS" start="2024-07-04T21:13:48.219574" elapsed="0.119789"/>
</kw>
<doc>Testa o conteúdo específico dos campos retornados pela API.</doc>
<tag>testeConteudo</tag>
<status status="PASS" start="2024-07-04T21:13:48.219022" elapsed="0.120480"/>
</test>
<status status="PASS" start="2024-07-04T21:13:47.313641" elapsed="1.027841"/>
</suite>
<status status="PASS" start="2024-07-04T21:13:47.298330" elapsed="1.048283"/>
</suite>
<statistics>
<total>
<stat pass="5" fail="0" skip="0">All Tests</stat>
</total>
<tag>
<stat pass="1" fail="0" skip="0">testeConteudo</stat>
<stat pass="1" fail="0" skip="0">testeEstruturaResposta</stat>
<stat pass="1" fail="0" skip="0">testeRequisicaoBasica</stat>
<stat pass="1" fail="0" skip="0">testeTiposDados</stat>
</tag>
<suite>
<stat pass="5" fail="0" skip="0" id="s1" name="Tests">Tests</stat>
<stat pass="5" fail="0" skip="0" id="s1-s1" name="Random-User-Test">Tests.Random-User-Test</stat>
</suite>
</statistics>
<errors>
</errors>
</robot>
