<?xml version="1.0" encoding="UTF-8"?>
<robot generator="Robot 7.0 (Python 3.12.3 on linux)" generated="2024-05-23T06:21:31.127453" rpa="false" schemaversion="5">
<suite id="s1" name="Tests" source="/home/runner/work/DesafioQAItauRogerioJordao/DesafioQAItauRogerioJordao/RamdonUser/tests">
<suite id="s1-s1" name="Random-User-Test" source="/home/runner/work/DesafioQAItauRogerioJordao/DesafioQAItauRogerioJordao/RamdonUser/tests/random-user-test.robot">
<test id="s1-s1-t1" name="Conectar" line="13">
<kw name="Conectar API" owner="random-user-service">
<kw name="Create Session" owner="RequestsLibrary">
<msg time="2024-05-23T06:21:31.614592" level="INFO">Creating Session using : alias=consultarAPI, url=https://randomuser.me/, headers={},                     cookies={}, auth=None, timeout=None, proxies=None, verify=False,                     debug=0 </msg>
<arg>consultarAPI</arg>
<arg>${URL}</arg>
<doc>Create Session: create a HTTP session to a server</doc>
<status status="PASS" start="2024-05-23T06:21:31.614385" elapsed="0.000398"/>
</kw>
<status status="PASS" start="2024-05-23T06:21:31.613311" elapsed="0.001882"/>
</kw>
<status status="PASS" start="2024-05-23T06:21:31.612698" elapsed="0.002692"/>
</test>
<test id="s1-s1-t2" name="Validar retorno 200 e JSON Válido" line="16">
<kw name="Teste de Requisicao Basica" owner="random-user-service">
<kw name="GET On Session" owner="RequestsLibrary">
<msg time="2024-05-23T06:21:31.694678" level="INFO">GET Request : url=https://randomuser.me/api 
 path_url=/api 
 headers={'User-Agent': 'python-requests/2.32.2', 'Accept-Encoding': 'gzip, deflate', 'Accept': '*/*', 'Connection': 'keep-alive'} 
 body=None 
 </msg>
<msg time="2024-05-23T06:21:31.694841" level="INFO">GET Response : url=https://randomuser.me/api 
 status=200, reason=OK 
 headers={'Date': 'Thu, 23 May 2024 06:21:31 GMT', 'Content-Type': 'application/json; charset=utf-8', 'Transfer-Encoding': 'chunked', 'Connection': 'keep-alive', 'X-Powered-By': 'Express', 'Access-Control-Allow-Origin': '*', 'Cache-Control': 'no-cache', 'ETag': 'W/"493-pRSieBgHcm3ch3LA+J2vqbH+JnU"', 'Vary': 'Accept-Encoding', 'Content-Encoding': 'gzip', 'CF-Cache-Status': 'DYNAMIC', 'Report-To': '{"endpoints":[{"url":"https:\\/\\/a.nel.cloudflare.com\\/report\\/v4?s=4JE1gOOJyF84H82yEgFF%2FaFCdZ%2FoNH8BEWiEDJBdVfFxtvRYk0JwFgm6UFhZZBF5BopQDjafaIwV47XPVsK3F2R7ap8%2FkSp21Xp4xFiGuuDNRFu0QWiII6mtRh7PV7sL"}],"group":"cf-nel","max_age":604800}', 'NEL': '{"success_fraction":0,"report_to":"cf-nel","max_age":604800}', 'Server': 'cloudflare', 'CF-RAY': '8882f240ec851b66-ORD', 'alt-svc': 'h3=":443"; ma=86400'} 
 body={"results":[{"gender":"female","name":{"title":"Miss","first":"Susan","last":"Seger"},"location":{"street":{"number":9886,"name":"Im Winkel"},"city":"Hünfeld","state":"Nordrhein-Westfalen","country":"Germany","postcode":53465,"coordinates":{"latitude":"-53.6789","longitude":"127.5981"},"timezone":{"offset":"+9:30","description":"Adelaide, Darwin"}},"email":"susan.seger@example.com","login":{"uuid":"ed0ef669-7bdb-404a-b6b9-1d96d138f3d1","username":"organicbutterfly878","password":"pointer","salt":"S2RcsPBA","md5":"a0d88a5aa88cbefba4566ca6a6fa49e8","sha1":"b94136b8073e2277bb5c2f45321855552d88f29c","sha256":"641aeabfa41ae8c385f5ec3adecddd581df245188b99ed1a3c8727aed13bcb79"},"dob":{"date":"1977-10-02T12:29:45.276Z","age":46},"registered":{"date":"2010-09-29T20:11:35.690Z","age":13},"phone":"0025-9180256","cell":"0177-0743529","id":{"name":"SVNR","value":"24 021077 S 540"},"picture":{"large":"https://randomuser.me/api/portraits/women/78.jpg","medium":"https://randomuser.me/api/portraits/med/women/78.jpg","thumbnail":"https://randomuser.me/api/portraits/thumb/women/78.jpg"},"nat":"DE"}],"info":{"seed":"b94fb39a4c24732c","results":1,"page":1,"version":"1.4"}} 
 </msg>
<msg time="2024-05-23T06:21:31.694924" level="INFO">/opt/hostedtoolcache/Python/3.12.3/x64/lib/python3.12/site-packages/urllib3/connectionpool.py:1103: InsecureRequestWarning: Unverified HTTPS request is being made to host 'randomuser.me'. Adding certificate verification is strongly advised. See: https://urllib3.readthedocs.io/en/latest/advanced-usage.html#tls-warnings
  warnings.warn(</msg>
<msg time="2024-05-23T06:21:31.695109" level="INFO">${response} = &lt;Response [200]&gt;</msg>
<var>${response}</var>
<arg>consultarAPI</arg>
<arg>/api</arg>
<doc>Sends a GET request on a previously created HTTP Session.</doc>
<status status="PASS" start="2024-05-23T06:21:31.618046" elapsed="0.077109"/>
</kw>
<kw name="Should Be Equal As Numbers" owner="BuiltIn">
<msg time="2024-05-23T06:21:31.696149" level="INFO">Argument types are:
&lt;class 'int'&gt;
&lt;class 'str'&gt;</msg>
<arg>${response.status_code}</arg>
<arg>200</arg>
<doc>Fails if objects are unequal after converting them to real numbers.</doc>
<status status="PASS" start="2024-05-23T06:21:31.695676" elapsed="0.000543"/>
</kw>
<kw name="Log" owner="BuiltIn">
<msg time="2024-05-23T06:21:31.696922" level="INFO">200</msg>
<arg>${response.status_code}</arg>
<doc>Logs the given message with the given level.</doc>
<status status="PASS" start="2024-05-23T06:21:31.696571" elapsed="0.000400"/>
</kw>
<kw name="Set Variable" owner="BuiltIn">
<msg time="2024-05-23T06:21:31.697737" level="INFO">${json_data} = {'results': [{'gender': 'female', 'name': {'title': 'Miss', 'first': 'Susan', 'last': 'Seger'}, 'location': {'street': {'number': 9886, 'name': 'Im Winkel'}, 'city': 'Hünfeld', 'state': 'Nordrhein-Wes...</msg>
<var>${json_data}</var>
<arg>${response.json()}</arg>
<doc>Returns the given values which can then be assigned to a variables.</doc>
<status status="PASS" start="2024-05-23T06:21:31.697285" elapsed="0.000482"/>
</kw>
<kw name="Dictionary Should Contain Key" owner="Collections">
<msg time="2024-05-23T06:21:31.698239" level="INFO">False</msg>
<arg>${json_data}</arg>
<arg>results</arg>
<doc>Fails if ``key`` is not found from ``dictionary``.</doc>
<status status="PASS" start="2024-05-23T06:21:31.698071" elapsed="0.000375"/>
</kw>
<status status="PASS" start="2024-05-23T06:21:31.617785" elapsed="0.080933"/>
</kw>
<doc>Testa se a API responde corretamente e retorna um objeto JSON válido.</doc>
<tag>testeRequisicaoBasica</tag>
<status status="PASS" start="2024-05-23T06:21:31.617263" elapsed="0.081650"/>
</test>
<test id="s1-s1-t3" name="Validar estrutura de resposta" line="22">
<kw name="Teste de Estrutura de Resposta" owner="random-user-service">
<kw name="GET On Session" owner="RequestsLibrary">
<msg time="2024-05-23T06:21:31.799195" level="INFO">GET Request : url=https://randomuser.me/api 
 path_url=/api 
 headers={'User-Agent': 'python-requests/2.32.2', 'Accept-Encoding': 'gzip, deflate', 'Accept': '*/*', 'Connection': 'keep-alive'} 
 body=None 
 </msg>
<msg time="2024-05-23T06:21:31.799297" level="INFO">GET Response : url=https://randomuser.me/api 
 status=200, reason=OK 
 headers={'Date': 'Thu, 23 May 2024 06:21:31 GMT', 'Content-Type': 'application/json; charset=utf-8', 'Transfer-Encoding': 'chunked', 'Connection': 'keep-alive', 'X-Powered-By': 'Express', 'Access-Control-Allow-Origin': '*', 'Cache-Control': 'no-cache', 'ETag': 'W/"47c-LceE/APb4n5we/FG2ccfFD3vhoM"', 'Vary': 'Accept-Encoding', 'Content-Encoding': 'gzip', 'CF-Cache-Status': 'DYNAMIC', 'Report-To': '{"endpoints":[{"url":"https:\\/\\/a.nel.cloudflare.com\\/report\\/v4?s=TCBPCyz2hIS5EfRYcD99sjlP5MwTAG9xoVLEm2m%2F4jueblEaFBaeAoUNcROT%2FzccxLzZL%2BY68IR2MTFxe0f9MdmYfYkRJllCl7TIniU8AUjIsxMFHduLt72Z%2BJC1bUs1"}],"group":"cf-nel","max_age":604800}', 'NEL': '{"success_fraction":0,"report_to":"cf-nel","max_age":604800}', 'Server': 'cloudflare', 'CF-RAY': '8882f2413ca21b66-ORD', 'alt-svc': 'h3=":443"; ma=86400'} 
 body={"results":[{"gender":"female","name":{"title":"Mrs","first":"Nina","last":"Šotra"},"location":{"street":{"number":4132,"name":"Lukovska"},"city":"Ruma","state":"Bor","country":"Serbia","postcode":75853,"coordinates":{"latitude":"57.0409","longitude":"163.2107"},"timezone":{"offset":"+4:00","description":"Abu Dhabi, Muscat, Baku, Tbilisi"}},"email":"nina.sotra@example.com","login":{"uuid":"ab6a67b0-b113-41d1-95c2-7af293fdd5c9","username":"blackkoala680","password":"seadoo","salt":"efof1f1w","md5":"326a259979aac14c6728999500c39627","sha1":"a9cacbc3df2da01f5a593c1c2771e31ef5868bc0","sha256":"fffaf8c7f3d0eb2897e5311368fe577dfd84f7c6ea9f5c14844335ea894cfbc3"},"dob":{"date":"2000-08-01T20:52:43.129Z","age":23},"registered":{"date":"2005-10-07T12:03:57.026Z","age":18},"phone":"019-8837-583","cell":"066-0660-615","id":{"name":"SID","value":"966546549"},"picture":{"large":"https://randomuser.me/api/portraits/women/60.jpg","medium":"https://randomuser.me/api/portraits/med/women/60.jpg","thumbnail":"https://randomuser.me/api/portraits/thumb/women/60.jpg"},"nat":"RS"}],"info":{"seed":"1b5e5de05b4fd4ad","results":1,"page":1,"version":"1.4"}} 
 </msg>
<msg time="2024-05-23T06:21:31.799425" level="INFO">/opt/hostedtoolcache/Python/3.12.3/x64/lib/python3.12/site-packages/urllib3/connectionpool.py:1103: InsecureRequestWarning: Unverified HTTPS request is being made to host 'randomuser.me'. Adding certificate verification is strongly advised. See: https://urllib3.readthedocs.io/en/latest/advanced-usage.html#tls-warnings
  warnings.warn(</msg>
<msg time="2024-05-23T06:21:31.799572" level="INFO">${response} = &lt;Response [200]&gt;</msg>
<var>${response}</var>
<arg>consultarAPI</arg>
<arg>/api</arg>
<doc>Sends a GET request on a previously created HTTP Session.</doc>
<status status="PASS" start="2024-05-23T06:21:31.701657" elapsed="0.097958"/>
</kw>
<kw name="Set Variable" owner="BuiltIn">
<msg time="2024-05-23T06:21:31.800652" level="INFO">${json_data} = {'results': [{'gender': 'female', 'name': {'title': 'Mrs', 'first': 'Nina', 'last': 'Šotra'}, 'location': {'street': {'number': 4132, 'name': 'Lukovska'}, 'city': 'Ruma', 'state': 'Bor', 'country': 'S...</msg>
<var>${json_data}</var>
<arg>${response.json()}</arg>
<doc>Returns the given values which can then be assigned to a variables.</doc>
<status status="PASS" start="2024-05-23T06:21:31.800117" elapsed="0.000566"/>
</kw>
<kw name="Log" owner="BuiltIn">
<msg time="2024-05-23T06:21:31.801160" level="INFO">{'results': [{'gender': 'female', 'name': {'title': 'Mrs', 'first': 'Nina', 'last': 'Šotra'}, 'location': {'street': {'number': 4132, 'name': 'Lukovska'}, 'city': 'Ruma', 'state': 'Bor', 'country': 'Serbia', 'postcode': 75853, 'coordinates': {'latitude': '57.0409', 'longitude': '163.2107'}, 'timezone': {'offset': '+4:00', 'description': 'Abu Dhabi, Muscat, Baku, Tbilisi'}}, 'email': 'nina.sotra@example.com', 'login': {'uuid': 'ab6a67b0-b113-41d1-95c2-7af293fdd5c9', 'username': 'blackkoala680', 'password': 'seadoo', 'salt': 'efof1f1w', 'md5': '326a259979aac14c6728999500c39627', 'sha1': 'a9cacbc3df2da01f5a593c1c2771e31ef5868bc0', 'sha256': 'fffaf8c7f3d0eb2897e5311368fe577dfd84f7c6ea9f5c14844335ea894cfbc3'}, 'dob': {'date': '2000-08-01T20:52:43.129Z', 'age': 23}, 'registered': {'date': '2005-10-07T12:03:57.026Z', 'age': 18}, 'phone': '019-8837-583', 'cell': '066-0660-615', 'id': {'name': 'SID', 'value': '966546549'}, 'picture': {'large': 'https://randomuser.me/api/portraits/women/60.jpg', 'medium': 'https://randomuser.me/api/portraits/med/women/60.jpg', 'thumbnail': 'https://randomuser.me/api/portraits/thumb/women/60.jpg'}, 'nat': 'RS'}], 'info': {'seed': '1b5e5de05b4fd4ad', 'results': 1, 'page': 1, 'version': '1.4'}}</msg>
<arg>${json_data}</arg>
<doc>Logs the given message with the given level.</doc>
<status status="PASS" start="2024-05-23T06:21:31.800998" elapsed="0.000213"/>
</kw>
<kw name="Dictionary Should Contain Key" owner="Collections">
<msg time="2024-05-23T06:21:31.801671" level="INFO">False</msg>
<arg>${json_data}</arg>
<arg>results</arg>
<doc>Fails if ``key`` is not found from ``dictionary``.</doc>
<status status="PASS" start="2024-05-23T06:21:31.801513" elapsed="0.000196"/>
</kw>
<kw name="Should Not Be Empty" owner="BuiltIn">
<msg time="2024-05-23T06:21:31.802155" level="INFO">Length is 2.</msg>
<arg>${json_data}</arg>
<doc>Verifies that the given item is not empty.</doc>
<status status="PASS" start="2024-05-23T06:21:31.802017" elapsed="0.000182"/>
</kw>
<kw name="Create List" owner="BuiltIn">
<msg time="2024-05-23T06:21:31.802649" level="INFO">${expected_keys} = ['gender', 'name', 'location', 'email', 'login']</msg>
<var>${expected_keys}</var>
<arg>gender</arg>
<arg>name</arg>
<arg>location</arg>
<arg>email</arg>
<arg>login</arg>
<doc>Returns a list containing given items.</doc>
<status status="PASS" start="2024-05-23T06:21:31.802496" elapsed="0.000178"/>
</kw>
<for flavor="IN">
<iter>
<kw name="Dictionary Should Contain Key" owner="Collections">
<msg time="2024-05-23T06:21:31.803740" level="INFO">False</msg>
<arg>${json_data['results'][0]}</arg>
<arg>${key}</arg>
<doc>Fails if ``key`` is not found from ``dictionary``.</doc>
<status status="PASS" start="2024-05-23T06:21:31.803321" elapsed="0.000463"/>
</kw>
<kw name="Log" owner="BuiltIn">
<msg time="2024-05-23T06:21:31.804465" level="INFO">{'gender': 'female', 'name': {'title': 'Mrs', 'first': 'Nina', 'last': 'Šotra'}, 'location': {'street': {'number': 4132, 'name': 'Lukovska'}, 'city': 'Ruma', 'state': 'Bor', 'country': 'Serbia', 'postcode': 75853, 'coordinates': {'latitude': '57.0409', 'longitude': '163.2107'}, 'timezone': {'offset': '+4:00', 'description': 'Abu Dhabi, Muscat, Baku, Tbilisi'}}, 'email': 'nina.sotra@example.com', 'login': {'uuid': 'ab6a67b0-b113-41d1-95c2-7af293fdd5c9', 'username': 'blackkoala680', 'password': 'seadoo', 'salt': 'efof1f1w', 'md5': '326a259979aac14c6728999500c39627', 'sha1': 'a9cacbc3df2da01f5a593c1c2771e31ef5868bc0', 'sha256': 'fffaf8c7f3d0eb2897e5311368fe577dfd84f7c6ea9f5c14844335ea894cfbc3'}, 'dob': {'date': '2000-08-01T20:52:43.129Z', 'age': 23}, 'registered': {'date': '2005-10-07T12:03:57.026Z', 'age': 18}, 'phone': '019-8837-583', 'cell': '066-0660-615', 'id': {'name': 'SID', 'value': '966546549'}, 'picture': {'large': 'https://randomuser.me/api/portraits/women/60.jpg', 'medium': 'https://randomuser.me/api/portraits/med/women/60.jpg', 'thumbnail': 'https://randomuser.me/api/portraits/thumb/women/60.jpg'}, 'nat': 'RS'}</msg>
<arg>${json_data['results'][0]}</arg>
<doc>Logs the given message with the given level.</doc>
<status status="PASS" start="2024-05-23T06:21:31.804093" elapsed="0.000436"/>
</kw>
<kw name="Log" owner="BuiltIn">
<msg time="2024-05-23T06:21:31.804966" level="INFO">gender</msg>
<arg>${key}</arg>
<doc>Logs the given message with the given level.</doc>
<status status="PASS" start="2024-05-23T06:21:31.804836" elapsed="0.000169"/>
</kw>
<var name="${key}">gender</var>
<status status="PASS" start="2024-05-23T06:21:31.803189" elapsed="0.002032"/>
</iter>
<iter>
<kw name="Dictionary Should Contain Key" owner="Collections">
<msg time="2024-05-23T06:21:31.805915" level="INFO">False</msg>
<arg>${json_data['results'][0]}</arg>
<arg>${key}</arg>
<doc>Fails if ``key`` is not found from ``dictionary``.</doc>
<status status="PASS" start="2024-05-23T06:21:31.805525" elapsed="0.000428"/>
</kw>
<kw name="Log" owner="BuiltIn">
<msg time="2024-05-23T06:21:31.806649" level="INFO">{'gender': 'female', 'name': {'title': 'Mrs', 'first': 'Nina', 'last': 'Šotra'}, 'location': {'street': {'number': 4132, 'name': 'Lukovska'}, 'city': 'Ruma', 'state': 'Bor', 'country': 'Serbia', 'postcode': 75853, 'coordinates': {'latitude': '57.0409', 'longitude': '163.2107'}, 'timezone': {'offset': '+4:00', 'description': 'Abu Dhabi, Muscat, Baku, Tbilisi'}}, 'email': 'nina.sotra@example.com', 'login': {'uuid': 'ab6a67b0-b113-41d1-95c2-7af293fdd5c9', 'username': 'blackkoala680', 'password': 'seadoo', 'salt': 'efof1f1w', 'md5': '326a259979aac14c6728999500c39627', 'sha1': 'a9cacbc3df2da01f5a593c1c2771e31ef5868bc0', 'sha256': 'fffaf8c7f3d0eb2897e5311368fe577dfd84f7c6ea9f5c14844335ea894cfbc3'}, 'dob': {'date': '2000-08-01T20:52:43.129Z', 'age': 23}, 'registered': {'date': '2005-10-07T12:03:57.026Z', 'age': 18}, 'phone': '019-8837-583', 'cell': '066-0660-615', 'id': {'name': 'SID', 'value': '966546549'}, 'picture': {'large': 'https://randomuser.me/api/portraits/women/60.jpg', 'medium': 'https://randomuser.me/api/portraits/med/women/60.jpg', 'thumbnail': 'https://randomuser.me/api/portraits/thumb/women/60.jpg'}, 'nat': 'RS'}</msg>
<arg>${json_data['results'][0]}</arg>
<doc>Logs the given message with the given level.</doc>
<status status="PASS" start="2024-05-23T06:21:31.806278" elapsed="0.000424"/>
</kw>
<kw name="Log" owner="BuiltIn">
<msg time="2024-05-23T06:21:31.807179" level="INFO">name</msg>
<arg>${key}</arg>
<doc>Logs the given message with the given level.</doc>
<status status="PASS" start="2024-05-23T06:21:31.807032" elapsed="0.000186"/>
</kw>
<var name="${key}">name</var>
<status status="PASS" start="2024-05-23T06:21:31.805410" elapsed="0.002031"/>
</iter>
<iter>
<kw name="Dictionary Should Contain Key" owner="Collections">
<msg time="2024-05-23T06:21:31.808108" level="INFO">False</msg>
<arg>${json_data['results'][0]}</arg>
<arg>${key}</arg>
<doc>Fails if ``key`` is not found from ``dictionary``.</doc>
<status status="PASS" start="2024-05-23T06:21:31.807730" elapsed="0.000418"/>
</kw>
<kw name="Log" owner="BuiltIn">
<msg time="2024-05-23T06:21:31.808819" level="INFO">{'gender': 'female', 'name': {'title': 'Mrs', 'first': 'Nina', 'last': 'Šotra'}, 'location': {'street': {'number': 4132, 'name': 'Lukovska'}, 'city': 'Ruma', 'state': 'Bor', 'country': 'Serbia', 'postcode': 75853, 'coordinates': {'latitude': '57.0409', 'longitude': '163.2107'}, 'timezone': {'offset': '+4:00', 'description': 'Abu Dhabi, Muscat, Baku, Tbilisi'}}, 'email': 'nina.sotra@example.com', 'login': {'uuid': 'ab6a67b0-b113-41d1-95c2-7af293fdd5c9', 'username': 'blackkoala680', 'password': 'seadoo', 'salt': 'efof1f1w', 'md5': '326a259979aac14c6728999500c39627', 'sha1': 'a9cacbc3df2da01f5a593c1c2771e31ef5868bc0', 'sha256': 'fffaf8c7f3d0eb2897e5311368fe577dfd84f7c6ea9f5c14844335ea894cfbc3'}, 'dob': {'date': '2000-08-01T20:52:43.129Z', 'age': 23}, 'registered': {'date': '2005-10-07T12:03:57.026Z', 'age': 18}, 'phone': '019-8837-583', 'cell': '066-0660-615', 'id': {'name': 'SID', 'value': '966546549'}, 'picture': {'large': 'https://randomuser.me/api/portraits/women/60.jpg', 'medium': 'https://randomuser.me/api/portraits/med/women/60.jpg', 'thumbnail': 'https://randomuser.me/api/portraits/thumb/women/60.jpg'}, 'nat': 'RS'}</msg>
<arg>${json_data['results'][0]}</arg>
<doc>Logs the given message with the given level.</doc>
<status status="PASS" start="2024-05-23T06:21:31.808451" elapsed="0.000421"/>
</kw>
<kw name="Log" owner="BuiltIn">
<msg time="2024-05-23T06:21:31.809300" level="INFO">location</msg>
<arg>${key}</arg>
<doc>Logs the given message with the given level.</doc>
<status status="PASS" start="2024-05-23T06:21:31.809171" elapsed="0.000169"/>
</kw>
<var name="${key}">location</var>
<status status="PASS" start="2024-05-23T06:21:31.807618" elapsed="0.001948"/>
</iter>
<iter>
<kw name="Dictionary Should Contain Key" owner="Collections">
<msg time="2024-05-23T06:21:31.810352" level="INFO">False</msg>
<arg>${json_data['results'][0]}</arg>
<arg>${key}</arg>
<doc>Fails if ``key`` is not found from ``dictionary``.</doc>
<status status="PASS" start="2024-05-23T06:21:31.809856" elapsed="0.000536"/>
</kw>
<kw name="Log" owner="BuiltIn">
<msg time="2024-05-23T06:21:31.811096" level="INFO">{'gender': 'female', 'name': {'title': 'Mrs', 'first': 'Nina', 'last': 'Šotra'}, 'location': {'street': {'number': 4132, 'name': 'Lukovska'}, 'city': 'Ruma', 'state': 'Bor', 'country': 'Serbia', 'postcode': 75853, 'coordinates': {'latitude': '57.0409', 'longitude': '163.2107'}, 'timezone': {'offset': '+4:00', 'description': 'Abu Dhabi, Muscat, Baku, Tbilisi'}}, 'email': 'nina.sotra@example.com', 'login': {'uuid': 'ab6a67b0-b113-41d1-95c2-7af293fdd5c9', 'username': 'blackkoala680', 'password': 'seadoo', 'salt': 'efof1f1w', 'md5': '326a259979aac14c6728999500c39627', 'sha1': 'a9cacbc3df2da01f5a593c1c2771e31ef5868bc0', 'sha256': 'fffaf8c7f3d0eb2897e5311368fe577dfd84f7c6ea9f5c14844335ea894cfbc3'}, 'dob': {'date': '2000-08-01T20:52:43.129Z', 'age': 23}, 'registered': {'date': '2005-10-07T12:03:57.026Z', 'age': 18}, 'phone': '019-8837-583', 'cell': '066-0660-615', 'id': {'name': 'SID', 'value': '966546549'}, 'picture': {'large': 'https://randomuser.me/api/portraits/women/60.jpg', 'medium': 'https://randomuser.me/api/portraits/med/women/60.jpg', 'thumbnail': 'https://randomuser.me/api/portraits/thumb/women/60.jpg'}, 'nat': 'RS'}</msg>
<arg>${json_data['results'][0]}</arg>
<doc>Logs the given message with the given level.</doc>
<status status="PASS" start="2024-05-23T06:21:31.810694" elapsed="0.000458"/>
</kw>
<kw name="Log" owner="BuiltIn">
<msg time="2024-05-23T06:21:31.811592" level="INFO">email</msg>
<arg>${key}</arg>
<doc>Logs the given message with the given level.</doc>
<status status="PASS" start="2024-05-23T06:21:31.811464" elapsed="0.000167"/>
</kw>
<var name="${key}">email</var>
<status status="PASS" start="2024-05-23T06:21:31.809740" elapsed="0.002107"/>
</iter>
<iter>
<kw name="Dictionary Should Contain Key" owner="Collections">
<msg time="2024-05-23T06:21:31.812513" level="INFO">False</msg>
<arg>${json_data['results'][0]}</arg>
<arg>${key}</arg>
<doc>Fails if ``key`` is not found from ``dictionary``.</doc>
<status status="PASS" start="2024-05-23T06:21:31.812133" elapsed="0.000418"/>
</kw>
<kw name="Log" owner="BuiltIn">
<msg time="2024-05-23T06:21:31.813218" level="INFO">{'gender': 'female', 'name': {'title': 'Mrs', 'first': 'Nina', 'last': 'Šotra'}, 'location': {'street': {'number': 4132, 'name': 'Lukovska'}, 'city': 'Ruma', 'state': 'Bor', 'country': 'Serbia', 'postcode': 75853, 'coordinates': {'latitude': '57.0409', 'longitude': '163.2107'}, 'timezone': {'offset': '+4:00', 'description': 'Abu Dhabi, Muscat, Baku, Tbilisi'}}, 'email': 'nina.sotra@example.com', 'login': {'uuid': 'ab6a67b0-b113-41d1-95c2-7af293fdd5c9', 'username': 'blackkoala680', 'password': 'seadoo', 'salt': 'efof1f1w', 'md5': '326a259979aac14c6728999500c39627', 'sha1': 'a9cacbc3df2da01f5a593c1c2771e31ef5868bc0', 'sha256': 'fffaf8c7f3d0eb2897e5311368fe577dfd84f7c6ea9f5c14844335ea894cfbc3'}, 'dob': {'date': '2000-08-01T20:52:43.129Z', 'age': 23}, 'registered': {'date': '2005-10-07T12:03:57.026Z', 'age': 18}, 'phone': '019-8837-583', 'cell': '066-0660-615', 'id': {'name': 'SID', 'value': '966546549'}, 'picture': {'large': 'https://randomuser.me/api/portraits/women/60.jpg', 'medium': 'https://randomuser.me/api/portraits/med/women/60.jpg', 'thumbnail': 'https://randomuser.me/api/portraits/thumb/women/60.jpg'}, 'nat': 'RS'}</msg>
<arg>${json_data['results'][0]}</arg>
<doc>Logs the given message with the given level.</doc>
<status status="PASS" start="2024-05-23T06:21:31.812856" elapsed="0.000411"/>
</kw>
<kw name="Log" owner="BuiltIn">
<msg time="2024-05-23T06:21:31.813685" level="INFO">login</msg>
<arg>${key}</arg>
<doc>Logs the given message with the given level.</doc>
<status status="PASS" start="2024-05-23T06:21:31.813559" elapsed="0.000164"/>
</kw>
<var name="${key}">login</var>
<status status="PASS" start="2024-05-23T06:21:31.812021" elapsed="0.001918"/>
</iter>
<var>${key}</var>
<value>@{expected_keys}</value>
<status status="PASS" start="2024-05-23T06:21:31.802938" elapsed="0.011158"/>
</for>
<kw name="Create List" owner="BuiltIn">
<msg time="2024-05-23T06:21:31.814439" level="INFO">${expected_keysTwo} = ['username', 'password']</msg>
<var>${expected_keysTwo}</var>
<arg>username</arg>
<arg>password</arg>
<doc>Returns a list containing given items.</doc>
<status status="PASS" start="2024-05-23T06:21:31.814301" elapsed="0.000162"/>
</kw>
<for flavor="IN">
<iter>
<kw name="Dictionary Should Contain Key" owner="Collections">
<msg time="2024-05-23T06:21:31.815389" level="INFO">False</msg>
<arg>${json_data['results'][0]['login']}</arg>
<arg>${keyTwo}</arg>
<doc>Fails if ``key`` is not found from ``dictionary``.</doc>
<status status="PASS" start="2024-05-23T06:21:31.814975" elapsed="0.000452"/>
</kw>
<kw name="Dictionary Should Contain Key" owner="Collections">
<msg time="2024-05-23T06:21:31.816106" level="INFO">False</msg>
<arg>${json_data['results'][0]['login']}</arg>
<arg>${keyTwo}</arg>
<doc>Fails if ``key`` is not found from ``dictionary``.</doc>
<status status="PASS" start="2024-05-23T06:21:31.815727" elapsed="0.000417"/>
</kw>
<kw name="Log" owner="BuiltIn">
<msg time="2024-05-23T06:21:31.816563" level="INFO">username</msg>
<arg>${keyTwo}</arg>
<doc>Logs the given message with the given level.</doc>
<status status="PASS" start="2024-05-23T06:21:31.816436" elapsed="0.000165"/>
</kw>
<var name="${keyTwo}">username</var>
<status status="PASS" start="2024-05-23T06:21:31.814866" elapsed="0.001948"/>
</iter>
<iter>
<kw name="Dictionary Should Contain Key" owner="Collections">
<msg time="2024-05-23T06:21:31.817478" level="INFO">False</msg>
<arg>${json_data['results'][0]['login']}</arg>
<arg>${keyTwo}</arg>
<doc>Fails if ``key`` is not found from ``dictionary``.</doc>
<status status="PASS" start="2024-05-23T06:21:31.817098" elapsed="0.000417"/>
</kw>
<kw name="Dictionary Should Contain Key" owner="Collections">
<msg time="2024-05-23T06:21:31.818183" level="INFO">False</msg>
<arg>${json_data['results'][0]['login']}</arg>
<arg>${keyTwo}</arg>
<doc>Fails if ``key`` is not found from ``dictionary``.</doc>
<status status="PASS" start="2024-05-23T06:21:31.817810" elapsed="0.000410"/>
</kw>
<kw name="Log" owner="BuiltIn">
<msg time="2024-05-23T06:21:31.818637" level="INFO">password</msg>
<arg>${keyTwo}</arg>
<doc>Logs the given message with the given level.</doc>
<status status="PASS" start="2024-05-23T06:21:31.818512" elapsed="0.000162"/>
</kw>
<var name="${keyTwo}">password</var>
<status status="PASS" start="2024-05-23T06:21:31.816987" elapsed="0.001901"/>
</iter>
<var>${keyTwo}</var>
<value>@{expected_keysTwo}</value>
<status status="PASS" start="2024-05-23T06:21:31.814702" elapsed="0.004330"/>
</for>
<status status="PASS" start="2024-05-23T06:21:31.701410" elapsed="0.117784"/>
</kw>
<doc>Testa a estrutura da resposta da API.</doc>
<tag>testeEstruturaResposta</tag>
<status status="PASS" start="2024-05-23T06:21:31.700824" elapsed="0.118531"/>
</test>
<test id="s1-s1-t4" name="Validar tipos de dados" line="28">
<kw name="Teste de Tipos de Dados" owner="random-user-service">
<kw name="GET On Session" owner="RequestsLibrary">
<msg time="2024-05-23T06:21:31.911648" level="INFO">GET Request : url=https://randomuser.me/api 
 path_url=/api 
 headers={'User-Agent': 'python-requests/2.32.2', 'Accept-Encoding': 'gzip, deflate', 'Accept': '*/*', 'Connection': 'keep-alive'} 
 body=None 
 </msg>
<msg time="2024-05-23T06:21:31.911758" level="INFO">GET Response : url=https://randomuser.me/api 
 status=200, reason=OK 
 headers={'Date': 'Thu, 23 May 2024 06:21:31 GMT', 'Content-Type': 'application/json; charset=utf-8', 'Transfer-Encoding': 'chunked', 'Connection': 'keep-alive', 'X-Powered-By': 'Express', 'Access-Control-Allow-Origin': '*', 'Cache-Control': 'no-cache', 'ETag': 'W/"48f-O00f9LnJl/JNmYwaj0gojQQ/XA8"', 'Vary': 'Accept-Encoding', 'Content-Encoding': 'gzip', 'CF-Cache-Status': 'DYNAMIC', 'Report-To': '{"endpoints":[{"url":"https:\\/\\/a.nel.cloudflare.com\\/report\\/v4?s=jYxv5hcnk08ztZ%2BHvQTk6C9l6m2XEEPdaXoHf5HvUgkW9NRSMFWKyndyUHNej94TJtHtKf1uBUAvoRIClc1FCxxSxmrkCQrWNvXV7p2cLkCC5t%2FTW0t%2Bxtj%2BaL2Je2ag"}],"group":"cf-nel","max_age":604800}', 'NEL': '{"success_fraction":0,"report_to":"cf-nel","max_age":604800}', 'Server': 'cloudflare', 'CF-RAY': '8882f241fd2a1b66-ORD', 'alt-svc': 'h3=":443"; ma=86400'} 
 body={"results":[{"gender":"male","name":{"title":"Mr","first":"Liam","last":"Andersen"},"location":{"street":{"number":5252,"name":"Balmoral St"},"city":"Lafontaine","state":"Ontario","country":"Canada","postcode":"S2V 8T7","coordinates":{"latitude":"-72.3340","longitude":"-163.7869"},"timezone":{"offset":"+8:00","description":"Beijing, Perth, Singapore, Hong Kong"}},"email":"liam.andersen@example.com","login":{"uuid":"80d8289a-a397-4fbe-98e5-5709a780aaed","username":"whitegoose427","password":"looney","salt":"NnLC7S5g","md5":"0e298345684f5697c57932ec1cb162b4","sha1":"a4834d868fad50df7e886bf2dc8960b8186cce61","sha256":"e9fb68eb1e25f7ecd2535ed26d7b7242d3debc28e9dd7da8071655795ef05966"},"dob":{"date":"1972-08-22T21:07:48.813Z","age":51},"registered":{"date":"2002-05-13T04:44:01.518Z","age":22},"phone":"Q45 A66-9858","cell":"C97 V42-0842","id":{"name":"SIN","value":"064804750"},"picture":{"large":"https://randomuser.me/api/portraits/men/58.jpg","medium":"https://randomuser.me/api/portraits/med/men/58.jpg","thumbnail":"https://randomuser.me/api/portraits/thumb/men/58.jpg"},"nat":"CA"}],"info":{"seed":"2a32ea72d6552391","results":1,"page":1,"version":"1.4"}} 
 </msg>
<msg time="2024-05-23T06:21:31.911838" level="INFO">/opt/hostedtoolcache/Python/3.12.3/x64/lib/python3.12/site-packages/urllib3/connectionpool.py:1103: InsecureRequestWarning: Unverified HTTPS request is being made to host 'randomuser.me'. Adding certificate verification is strongly advised. See: https://urllib3.readthedocs.io/en/latest/advanced-usage.html#tls-warnings
  warnings.warn(</msg>
<msg time="2024-05-23T06:21:31.911988" level="INFO">${response} = &lt;Response [200]&gt;</msg>
<var>${response}</var>
<arg>consultarAPI</arg>
<arg>/api</arg>
<doc>Sends a GET request on a previously created HTTP Session.</doc>
<status status="PASS" start="2024-05-23T06:21:31.821906" elapsed="0.090130"/>
</kw>
<kw name="Set Variable" owner="BuiltIn">
<msg time="2024-05-23T06:21:31.913203" level="INFO">${json_data} = {'results': [{'gender': 'male', 'name': {'title': 'Mr', 'first': 'Liam', 'last': 'Andersen'}, 'location': {'street': {'number': 5252, 'name': 'Balmoral St'}, 'city': 'Lafontaine', 'state': 'Ontario', ...</msg>
<var>${json_data}</var>
<arg>${response.json()}</arg>
<doc>Returns the given values which can then be assigned to a variables.</doc>
<status status="PASS" start="2024-05-23T06:21:31.912671" elapsed="0.000560"/>
</kw>
<kw name="Log" owner="BuiltIn">
<msg time="2024-05-23T06:21:31.913702" level="INFO">{'results': [{'gender': 'male', 'name': {'title': 'Mr', 'first': 'Liam', 'last': 'Andersen'}, 'location': {'street': {'number': 5252, 'name': 'Balmoral St'}, 'city': 'Lafontaine', 'state': 'Ontario', 'country': 'Canada', 'postcode': 'S2V 8T7', 'coordinates': {'latitude': '-72.3340', 'longitude': '-163.7869'}, 'timezone': {'offset': '+8:00', 'description': 'Beijing, Perth, Singapore, Hong Kong'}}, 'email': 'liam.andersen@example.com', 'login': {'uuid': '80d8289a-a397-4fbe-98e5-5709a780aaed', 'username': 'whitegoose427', 'password': 'looney', 'salt': 'NnLC7S5g', 'md5': '0e298345684f5697c57932ec1cb162b4', 'sha1': 'a4834d868fad50df7e886bf2dc8960b8186cce61', 'sha256': 'e9fb68eb1e25f7ecd2535ed26d7b7242d3debc28e9dd7da8071655795ef05966'}, 'dob': {'date': '1972-08-22T21:07:48.813Z', 'age': 51}, 'registered': {'date': '2002-05-13T04:44:01.518Z', 'age': 22}, 'phone': 'Q45 A66-9858', 'cell': 'C97 V42-0842', 'id': {'name': 'SIN', 'value': '064804750'}, 'picture': {'large': 'https://randomuser.me/api/portraits/men/58.jpg', 'medium': 'https://randomuser.me/api/portraits/med/men/58.jpg', 'thumbnail': 'https://randomuser.me/api/portraits/thumb/men/58.jpg'}, 'nat': 'CA'}], 'info': {'seed': '2a32ea72d6552391', 'results': 1, 'page': 1, 'version': '1.4'}}</msg>
<arg>${json_data}</arg>
<doc>Logs the given message with the given level.</doc>
<status status="PASS" start="2024-05-23T06:21:31.913546" elapsed="0.000240"/>
</kw>
<kw name="Should Be String" owner="String">
<arg>${json_data['results'][0]['gender']}</arg>
<doc>Fails if the given ``item`` is not a string.</doc>
<status status="PASS" start="2024-05-23T06:21:31.914080" elapsed="0.000361"/>
</kw>
<kw name="Should Match Regexp" owner="BuiltIn">
<arg>${json_data['results'][0]['email']}</arg>
<arg>^[a-zA-Z0-9._%+-]+@[a-zA-Z0-9.-]+\.[a-zA-Z]{2,}$</arg>
<doc>Fails if ``string`` does not match ``pattern`` as a regular expression.</doc>
<status status="PASS" start="2024-05-23T06:21:31.914631" elapsed="0.000710"/>
</kw>
<kw name="Should Match Regexp" owner="BuiltIn">
<arg>${json_data['results'][0]['dob']['date']}</arg>
<arg>\\d{4}-\\d{2}-\\d{2}T\\d{2}:\\d{2}:\\d{2}\\.\\d{3}Z</arg>
<doc>Fails if ``string`` does not match ``pattern`` as a regular expression.</doc>
<status status="PASS" start="2024-05-23T06:21:31.915541" elapsed="0.000490"/>
</kw>
<kw name="Should Match Regexp" owner="BuiltIn">
<arg>${json_data['results'][0]['registered']['date']}</arg>
<arg>\\d{4}-\\d{2}-\\d{2}T\\d{2}:\\d{2}:\\d{2}\\.\\d{3}Z</arg>
<doc>Fails if ``string`` does not match ``pattern`` as a regular expression.</doc>
<status status="PASS" start="2024-05-23T06:21:31.916224" elapsed="0.000367"/>
</kw>
<kw name="Should Match Regexp" owner="BuiltIn">
<arg>${json_data['results'][0]['picture']['large']}</arg>
<arg>^https?://.*\.(?:png|jpe?g|gif|bmp)$</arg>
<doc>Fails if ``string`` does not match ``pattern`` as a regular expression.</doc>
<status status="PASS" start="2024-05-23T06:21:31.916779" elapsed="0.000453"/>
</kw>
<kw name="Should Match Regexp" owner="BuiltIn">
<arg>${json_data['results'][0]['picture']['medium']}</arg>
<arg>^https?://.*\.(?:png|jpe?g|gif|bmp)$</arg>
<doc>Fails if ``string`` does not match ``pattern`` as a regular expression.</doc>
<status status="PASS" start="2024-05-23T06:21:31.917426" elapsed="0.000349"/>
</kw>
<kw name="Should Match Regexp" owner="BuiltIn">
<arg>${json_data['results'][0]['picture']['thumbnail']}</arg>
<arg>^https?://.*\.(?:png|jpe?g|gif|bmp)$</arg>
<doc>Fails if ``string`` does not match ``pattern`` as a regular expression.</doc>
<status status="PASS" start="2024-05-23T06:21:31.917961" elapsed="0.000345"/>
</kw>
<kw name="Log" owner="BuiltIn">
<msg time="2024-05-23T06:21:31.918817" level="INFO">{'large': 'https://randomuser.me/api/portraits/men/58.jpg', 'medium': 'https://randomuser.me/api/portraits/med/men/58.jpg', 'thumbnail': 'https://randomuser.me/api/portraits/thumb/men/58.jpg'}</msg>
<arg>${json_data['results'][0]['picture']}</arg>
<doc>Logs the given message with the given level.</doc>
<status status="PASS" start="2024-05-23T06:21:31.918490" elapsed="0.000370"/>
</kw>
<status status="PASS" start="2024-05-23T06:21:31.821664" elapsed="0.097507"/>
</kw>
<kw name="Teste de Tipos de Dados - Postcode" owner="random-user-service">
<kw name="GET On Session" owner="RequestsLibrary">
<msg time="2024-05-23T06:21:31.995839" level="INFO">GET Request : url=https://randomuser.me/api 
 path_url=/api 
 headers={'User-Agent': 'python-requests/2.32.2', 'Accept-Encoding': 'gzip, deflate', 'Accept': '*/*', 'Connection': 'keep-alive'} 
 body=None 
 </msg>
<msg time="2024-05-23T06:21:31.995948" level="INFO">GET Response : url=https://randomuser.me/api 
 status=200, reason=OK 
 headers={'Date': 'Thu, 23 May 2024 06:21:32 GMT', 'Content-Type': 'application/json; charset=utf-8', 'Transfer-Encoding': 'chunked', 'Connection': 'keep-alive', 'X-Powered-By': 'Express', 'Access-Control-Allow-Origin': '*', 'Cache-Control': 'no-cache', 'ETag': 'W/"495-LIg9epeo6JO9ZK1qW56XiCrADNA"', 'Vary': 'Accept-Encoding', 'Content-Encoding': 'gzip', 'CF-Cache-Status': 'DYNAMIC', 'Report-To': '{"endpoints":[{"url":"https:\\/\\/a.nel.cloudflare.com\\/report\\/v4?s=cNZ7bxsbTKcbFwAV%2FGjKgQdcvWMej0dxb4hetoD538nNFRlbKYQUxEbAajz9RuuwE2qjPFSziYRbiIuSRByaF4Z34A9YxzegPA6W3WYEdcLf6dyl8l8wrrodw8c6JTbJ"}],"group":"cf-nel","max_age":604800}', 'NEL': '{"success_fraction":0,"report_to":"cf-nel","max_age":604800}', 'Server': 'cloudflare', 'CF-RAY': '8882f2429da01b66-ORD', 'alt-svc': 'h3=":443"; ma=86400'} 
 body={"results":[{"gender":"female","name":{"title":"Miss","first":"Amber","last":"Harris"},"location":{"street":{"number":8871,"name":"Hereford Street"},"city":"Christchurch","state":"Nelson","country":"New Zealand","postcode":94950,"coordinates":{"latitude":"49.0941","longitude":"169.1269"},"timezone":{"offset":"+9:00","description":"Tokyo, Seoul, Osaka, Sapporo, Yakutsk"}},"email":"amber.harris@example.com","login":{"uuid":"140de517-f425-437d-b229-0cd353b2744c","username":"organicbird783","password":"bert","salt":"rjtoB1mk","md5":"94022e31f1357e76388e0e66a6f13749","sha1":"3198460dc66e55c6dbf01007fb3bff7fdb0eebf5","sha256":"701404178a44f0b37817d7d5c42abb8ff230f75f2a6ddfc5fd67eff049d34bc6"},"dob":{"date":"1991-01-11T14:23:03.129Z","age":33},"registered":{"date":"2006-04-02T08:31:25.327Z","age":18},"phone":"(271)-432-8080","cell":"(079)-731-8163","id":{"name":"","value":null},"picture":{"large":"https://randomuser.me/api/portraits/women/32.jpg","medium":"https://randomuser.me/api/portraits/med/women/32.jpg","thumbnail":"https://randomuser.me/api/portraits/thumb/women/32.jpg"},"nat":"NZ"}],"info":{"seed":"e11c0e572ada7c31","results":1,"page":1,"version":"1.4"}} 
 </msg>
<msg time="2024-05-23T06:21:31.996033" level="INFO">/opt/hostedtoolcache/Python/3.12.3/x64/lib/python3.12/site-packages/urllib3/connectionpool.py:1103: InsecureRequestWarning: Unverified HTTPS request is being made to host 'randomuser.me'. Adding certificate verification is strongly advised. See: https://urllib3.readthedocs.io/en/latest/advanced-usage.html#tls-warnings
  warnings.warn(</msg>
<msg time="2024-05-23T06:21:31.996186" level="INFO">${response} = &lt;Response [200]&gt;</msg>
<var>${response}</var>
<arg>consultarAPI</arg>
<arg>/api</arg>
<doc>Sends a GET request on a previously created HTTP Session.</doc>
<status status="PASS" start="2024-05-23T06:21:31.919640" elapsed="0.076595"/>
</kw>
<kw name="Set Variable" owner="BuiltIn">
<msg time="2024-05-23T06:21:31.997422" level="INFO">${json_data} = {'results': [{'gender': 'female', 'name': {'title': 'Miss', 'first': 'Amber', 'last': 'Harris'}, 'location': {'street': {'number': 8871, 'name': 'Hereford Street'}, 'city': 'Christchurch', 'state': 'N...</msg>
<var>${json_data}</var>
<arg>${response.json()}</arg>
<doc>Returns the given values which can then be assigned to a variables.</doc>
<status status="PASS" start="2024-05-23T06:21:31.996856" elapsed="0.000595"/>
</kw>
<kw name="Log" owner="BuiltIn">
<msg time="2024-05-23T06:21:31.997929" level="INFO">{'results': [{'gender': 'female', 'name': {'title': 'Miss', 'first': 'Amber', 'last': 'Harris'}, 'location': {'street': {'number': 8871, 'name': 'Hereford Street'}, 'city': 'Christchurch', 'state': 'Nelson', 'country': 'New Zealand', 'postcode': 94950, 'coordinates': {'latitude': '49.0941', 'longitude': '169.1269'}, 'timezone': {'offset': '+9:00', 'description': 'Tokyo, Seoul, Osaka, Sapporo, Yakutsk'}}, 'email': 'amber.harris@example.com', 'login': {'uuid': '140de517-f425-437d-b229-0cd353b2744c', 'username': 'organicbird783', 'password': 'bert', 'salt': 'rjtoB1mk', 'md5': '94022e31f1357e76388e0e66a6f13749', 'sha1': '3198460dc66e55c6dbf01007fb3bff7fdb0eebf5', 'sha256': '701404178a44f0b37817d7d5c42abb8ff230f75f2a6ddfc5fd67eff049d34bc6'}, 'dob': {'date': '1991-01-11T14:23:03.129Z', 'age': 33}, 'registered': {'date': '2006-04-02T08:31:25.327Z', 'age': 18}, 'phone': '(271)-432-8080', 'cell': '(079)-731-8163', 'id': {'name': '', 'value': None}, 'picture': {'large': 'https://randomuser.me/api/portraits/women/32.jpg', 'medium': 'https://randomuser.me/api/portraits/med/women/32.jpg', 'thumbnail': 'https://randomuser.me/api/portraits/thumb/women/32.jpg'}, 'nat': 'NZ'}], 'info': {'seed': 'e11c0e572ada7c31', 'results': 1, 'page': 1, 'version': '1.4'}}</msg>
<arg>${json_data}</arg>
<doc>Logs the given message with the given level.</doc>
<status status="PASS" start="2024-05-23T06:21:31.997769" elapsed="0.000242"/>
</kw>
<kw name="Should Be Equal As Numbers" owner="BuiltIn">
<arg>${json_data['results'][0]['location']['postcode']}</arg>
<arg>${json_data['results'][0]['location']['postcode']}</arg>
<doc>Fails if objects are unequal after converting them to real numbers.</doc>
<status status="PASS" start="2024-05-23T06:21:31.998315" elapsed="0.000621"/>
</kw>
<kw name="Log" owner="BuiltIn">
<msg time="2024-05-23T06:21:31.999521" level="INFO">94950</msg>
<arg>${json_data['results'][0]['location']['postcode']}</arg>
<doc>Logs the given message with the given level.</doc>
<status status="PASS" start="2024-05-23T06:21:31.999176" elapsed="0.000386"/>
</kw>
<status status="PASS" start="2024-05-23T06:21:31.919403" elapsed="0.080422"/>
</kw>
<doc>Testa se os tipos de dados na resposta da API estão corretos.</doc>
<tag>testeTiposDados</tag>
<status status="PASS" start="2024-05-23T06:21:31.821092" elapsed="0.178902"/>
</test>
<test id="s1-s1-t5" name="Validar conteudo" line="35">
<kw name="Teste de Tipos de Conteudo" owner="random-user-service">
<kw name="GET On Session" owner="RequestsLibrary">
<msg time="2024-05-23T06:21:32.095273" level="INFO">GET Request : url=https://randomuser.me/api 
 path_url=/api 
 headers={'User-Agent': 'python-requests/2.32.2', 'Accept-Encoding': 'gzip, deflate', 'Accept': '*/*', 'Connection': 'keep-alive'} 
 body=None 
 </msg>
<msg time="2024-05-23T06:21:32.095382" level="INFO">GET Response : url=https://randomuser.me/api 
 status=200, reason=OK 
 headers={'Date': 'Thu, 23 May 2024 06:21:32 GMT', 'Content-Type': 'application/json; charset=utf-8', 'Transfer-Encoding': 'chunked', 'Connection': 'keep-alive', 'X-Powered-By': 'Express', 'Access-Control-Allow-Origin': '*', 'Cache-Control': 'no-cache', 'ETag': 'W/"47d-jo/XL0LriP8ujuYqOXI+uexNXWs"', 'Vary': 'Accept-Encoding', 'Content-Encoding': 'gzip', 'CF-Cache-Status': 'DYNAMIC', 'Report-To': '{"endpoints":[{"url":"https:\\/\\/a.nel.cloudflare.com\\/report\\/v4?s=9mLO76x2C5m0VQC3s%2FLQOCGMreBIbommbxf4meQl2UC8mQBdN7ODjJwlDRhRzS9JKrcZoC3gqNJLlu%2BbFj6Fw5fTF02lBc8FwQ7gTrtWAl5H%2FCPNqO6Q2eY6AoHb1JSX"}],"group":"cf-nel","max_age":604800}', 'NEL': '{"success_fraction":0,"report_to":"cf-nel","max_age":604800}', 'Server': 'cloudflare', 'CF-RAY': '8882f2431de31b66-ORD', 'alt-svc': 'h3=":443"; ma=86400'} 
 body={"results":[{"gender":"male","name":{"title":"Mr","first":"Rodney","last":"Davies"},"location":{"street":{"number":5602,"name":"Green Lane"},"city":"Dundalk","state":"Kerry","country":"Ireland","postcode":67041,"coordinates":{"latitude":"-1.2446","longitude":"-130.6205"},"timezone":{"offset":"-1:00","description":"Azores, Cape Verde Islands"}},"email":"rodney.davies@example.com","login":{"uuid":"d368355a-0228-490b-a96b-045748616ea6","username":"happyostrich106","password":"matador","salt":"aikHKdT5","md5":"8233ca4a195f34f3074c0c66a3cbed1d","sha1":"58f79a5e8e8a06f5fa1d77a519784dea3461367e","sha256":"a5975364287bcd807da13962e9cf9da6aa3fb195c3c77aa077c7da86b0f11cbb"},"dob":{"date":"1961-10-09T17:03:14.617Z","age":62},"registered":{"date":"2008-10-23T07:19:22.254Z","age":15},"phone":"021-541-4864","cell":"081-844-8190","id":{"name":"PPS","value":"4873534T"},"picture":{"large":"https://randomuser.me/api/portraits/men/48.jpg","medium":"https://randomuser.me/api/portraits/med/men/48.jpg","thumbnail":"https://randomuser.me/api/portraits/thumb/men/48.jpg"},"nat":"IE"}],"info":{"seed":"d92ddc793dd6e444","results":1,"page":1,"version":"1.4"}} 
 </msg>
<msg time="2024-05-23T06:21:32.095466" level="INFO">/opt/hostedtoolcache/Python/3.12.3/x64/lib/python3.12/site-packages/urllib3/connectionpool.py:1103: InsecureRequestWarning: Unverified HTTPS request is being made to host 'randomuser.me'. Adding certificate verification is strongly advised. See: https://urllib3.readthedocs.io/en/latest/advanced-usage.html#tls-warnings
  warnings.warn(</msg>
<msg time="2024-05-23T06:21:32.095591" level="INFO">${response} = &lt;Response [200]&gt;</msg>
<var>${response}</var>
<arg>consultarAPI</arg>
<arg>/api</arg>
<doc>Sends a GET request on a previously created HTTP Session.</doc>
<status status="PASS" start="2024-05-23T06:21:32.002815" elapsed="0.092816"/>
</kw>
<kw name="Set Variable" owner="BuiltIn">
<msg time="2024-05-23T06:21:32.096662" level="INFO">${json_data} = {'results': [{'gender': 'male', 'name': {'title': 'Mr', 'first': 'Rodney', 'last': 'Davies'}, 'location': {'street': {'number': 5602, 'name': 'Green Lane'}, 'city': 'Dundalk', 'state': 'Kerry', 'count...</msg>
<var>${json_data}</var>
<arg>${response.json()}</arg>
<doc>Returns the given values which can then be assigned to a variables.</doc>
<status status="PASS" start="2024-05-23T06:21:32.096147" elapsed="0.000543"/>
</kw>
<kw name="Set Variable" owner="BuiltIn">
<msg time="2024-05-23T06:21:32.097380" level="INFO">${name_title} = Mr</msg>
<var>${name_title}</var>
<arg>${json_data["results"][0]["name"]["title"]}</arg>
<doc>Returns the given values which can then be assigned to a variables.</doc>
<status status="PASS" start="2024-05-23T06:21:32.096995" elapsed="0.000410"/>
</kw>
<kw name="Create List" owner="BuiltIn">
<msg time="2024-05-23T06:21:32.097851" level="INFO">${allowed_titles} = ['Mr', 'Ms', 'Miss', 'Mrs', 'Madame', 'Monsieur']</msg>
<var>${allowed_titles}</var>
<arg>Mr</arg>
<arg>Ms</arg>
<arg>Miss</arg>
<arg>Mrs</arg>
<arg>Madame</arg>
<arg>Monsieur</arg>
<doc>Returns a list containing given items.</doc>
<status status="PASS" start="2024-05-23T06:21:32.097703" elapsed="0.000173"/>
</kw>
<kw name="List Should Contain Value" owner="Collections">
<msg time="2024-05-23T06:21:32.098363" level="INFO">False</msg>
<arg>${allowed_titles}</arg>
<arg>${name_title}</arg>
<doc>Fails if the ``value`` is not found from ``list``.</doc>
<status status="PASS" start="2024-05-23T06:21:32.098181" elapsed="0.000221"/>
</kw>
<kw name="Set Variable" owner="BuiltIn">
<msg time="2024-05-23T06:21:32.099481" level="INFO">${name_country} = IE</msg>
<var>${name_country}</var>
<arg>${json_data["results"][0]["nat"]}</arg>
<doc>Returns the given values which can then be assigned to a variables.</doc>
<status status="PASS" start="2024-05-23T06:21:32.098775" elapsed="0.000733"/>
</kw>
<kw name="Create List" owner="BuiltIn">
<msg time="2024-05-23T06:21:32.100434" level="INFO">${list_country} = ['AD', 'AE', 'AF', 'AG', 'AI', 'AL', 'AM', 'AO', 'AQ', 'AR', 'AS', 'AT', 'AU', 'AW', 'AX', 'AZ', 'BA', 'BB', 'BD', 'BE', 'BF', 'BG', 'BH', 'BI', 'BJ', 'BL', 'BM', 'BN', 'BO', 'BQ', 'BR', 'BS', 'BT', '...</msg>
<var>${list_country}</var>
<arg>AD</arg>
<arg>AE</arg>
<arg>AF</arg>
<arg>AG</arg>
<arg>AI</arg>
<arg>AL</arg>
<arg>AM</arg>
<arg>AO</arg>
<arg>AQ</arg>
<arg>AR</arg>
<arg>AS</arg>
<arg>AT</arg>
<arg>AU</arg>
<arg>AW</arg>
<arg>AX</arg>
<arg>AZ</arg>
<arg>BA</arg>
<arg>BB</arg>
<arg>BD</arg>
<arg>BE</arg>
<arg>BF</arg>
<arg>BG</arg>
<arg>BH</arg>
<arg>BI</arg>
<arg>BJ</arg>
<arg>BL</arg>
<arg>BM</arg>
<arg>BN</arg>
<arg>BO</arg>
<arg>BQ</arg>
<arg>BR</arg>
<arg>BS</arg>
<arg>BT</arg>
<arg>BV</arg>
<arg>BW</arg>
<arg>BY</arg>
<arg>BZ</arg>
<arg>CA</arg>
<arg>CC</arg>
<arg>CD</arg>
<arg>CF</arg>
<arg>CG</arg>
<arg>CH</arg>
<arg>CI</arg>
<arg>CK</arg>
<arg>CL</arg>
<arg>CM</arg>
<arg>CN</arg>
<arg>CO</arg>
<arg>CR</arg>
<arg>CU</arg>
<arg>CV</arg>
<arg>CW</arg>
<arg>CX</arg>
<arg>CY</arg>
<arg>CZ</arg>
<arg>DE</arg>
<arg>DJ</arg>
<arg>DK</arg>
<arg>DM</arg>
<arg>DO</arg>
<arg>DZ</arg>
<arg>EC</arg>
<arg>EE</arg>
<arg>EG</arg>
<arg>EH</arg>
<arg>ER</arg>
<arg>ES</arg>
<arg>ET</arg>
<arg>FI</arg>
<arg>FJ</arg>
<arg>FK</arg>
<arg>FM</arg>
<arg>FO</arg>
<arg>FR</arg>
<arg>GA</arg>
<arg>GB</arg>
<arg>GD</arg>
<arg>GE</arg>
<arg>GF</arg>
<arg>GG</arg>
<arg>GH</arg>
<arg>GI</arg>
<arg>GL</arg>
<arg>GM</arg>
<arg>GN</arg>
<arg>GP</arg>
<arg>GQ</arg>
<arg>GR</arg>
<arg>GS</arg>
<arg>GT</arg>
<arg>GU</arg>
<arg>GW</arg>
<arg>GY</arg>
<arg>HK</arg>
<arg>HM</arg>
<arg>HN</arg>
<arg>HR</arg>
<arg>HT</arg>
<arg>HU</arg>
<arg>ID</arg>
<arg>IE</arg>
<arg>IL</arg>
<arg>IM</arg>
<arg>IN</arg>
<arg>IO</arg>
<arg>IQ</arg>
<arg>IR</arg>
<arg>IS</arg>
<arg>IT</arg>
<arg>JE</arg>
<arg>JM</arg>
<arg>JO</arg>
<arg>JP</arg>
<arg>KE</arg>
<arg>KG</arg>
<arg>KH</arg>
<arg>KI</arg>
<arg>KM</arg>
<arg>KN</arg>
<arg>KP</arg>
<arg>KR</arg>
<arg>KW</arg>
<arg>KY</arg>
<arg>KZ</arg>
<arg>LA</arg>
<arg>LB</arg>
<arg>LC</arg>
<arg>LI</arg>
<arg>LK</arg>
<arg>LR</arg>
<arg>LS</arg>
<arg>LT</arg>
<arg>LU</arg>
<arg>LV</arg>
<arg>LY</arg>
<arg>MA</arg>
<arg>MC</arg>
<arg>MD</arg>
<arg>ME</arg>
<arg>MF</arg>
<arg>MG</arg>
<arg>MH</arg>
<arg>MK</arg>
<arg>ML</arg>
<arg>MM</arg>
<arg>MN</arg>
<arg>MO</arg>
<arg>MP</arg>
<arg>MQ</arg>
<arg>MR</arg>
<arg>MS</arg>
<arg>MT</arg>
<arg>MU</arg>
<arg>MV</arg>
<arg>MW</arg>
<arg>MX</arg>
<arg>MY</arg>
<arg>MZ</arg>
<arg>NA</arg>
<arg>NC</arg>
<arg>NE</arg>
<arg>NF</arg>
<arg>NG</arg>
<arg>NI</arg>
<arg>NL</arg>
<arg>NO</arg>
<arg>NP</arg>
<arg>NR</arg>
<arg>NU</arg>
<arg>NZ</arg>
<arg>OM</arg>
<arg>PA</arg>
<arg>PE</arg>
<arg>PF</arg>
<arg>PG</arg>
<arg>PH</arg>
<arg>PK</arg>
<arg>PL</arg>
<arg>PM</arg>
<arg>PN</arg>
<arg>PR</arg>
<arg>PS</arg>
<arg>PT</arg>
<arg>PW</arg>
<arg>PY</arg>
<arg>QA</arg>
<arg>RE</arg>
<arg>RO</arg>
<arg>RS</arg>
<arg>RU</arg>
<arg>RW</arg>
<arg>SA</arg>
<arg>SB</arg>
<arg>SC</arg>
<arg>SD</arg>
<arg>SE</arg>
<arg>SG</arg>
<arg>SH</arg>
<arg>SI</arg>
<arg>SJ</arg>
<arg>SK</arg>
<arg>SL</arg>
<arg>SM</arg>
<arg>SN</arg>
<arg>SO</arg>
<arg>SR</arg>
<arg>SS</arg>
<arg>ST</arg>
<arg>SV</arg>
<arg>SX</arg>
<arg>SY</arg>
<arg>SZ</arg>
<arg>TC</arg>
<arg>TD</arg>
<arg>TF</arg>
<arg>TG</arg>
<arg>TH</arg>
<arg>TJ</arg>
<arg>TK</arg>
<arg>TL</arg>
<arg>TM</arg>
<arg>TN</arg>
<arg>TO</arg>
<arg>TR</arg>
<arg>TT</arg>
<arg>TV</arg>
<arg>TW</arg>
<arg>TZ</arg>
<arg>UA</arg>
<arg>UG</arg>
<arg>UM</arg>
<arg>US</arg>
<arg>UY</arg>
<arg>UZ</arg>
<arg>VA</arg>
<arg>VC</arg>
<arg>VE</arg>
<arg>VG</arg>
<arg>VI</arg>
<arg>VN</arg>
<arg>VU</arg>
<arg>WF</arg>
<arg>WS</arg>
<arg>XK</arg>
<arg>YE</arg>
<arg>YT</arg>
<arg>ZA</arg>
<arg>ZM</arg>
<arg>ZW</arg>
<doc>Returns a list containing given items.</doc>
<status status="PASS" start="2024-05-23T06:21:32.099829" elapsed="0.000631"/>
</kw>
<kw name="List Should Contain Value" owner="Collections">
<msg time="2024-05-23T06:21:32.101459" level="INFO">False</msg>
<arg>${list_country}</arg>
<arg>${name_country}</arg>
<doc>Fails if the ``value`` is not found from ``list``.</doc>
<status status="PASS" start="2024-05-23T06:21:32.101251" elapsed="0.000244"/>
</kw>
<kw name="Run Keyword If" owner="BuiltIn">
<kw name="Should Be True" owner="BuiltIn">
<arg>${True}</arg>
<doc>Fails if the given condition is not true.</doc>
<status status="PASS" start="2024-05-23T06:21:32.102562" elapsed="0.000143"/>
</kw>
<arg>${json_data["results"][0]["location"]["coordinates"]["latitude"]} &gt;= -90 and ${json_data["results"][0]["location"]["coordinates"]["latitude"]} &lt;= 90</arg>
<arg>Should Be True</arg>
<arg>${True}</arg>
<doc>Runs the given keyword with the given arguments, if ``condition`` is true.</doc>
<status status="PASS" start="2024-05-23T06:21:32.101805" elapsed="0.001026"/>
</kw>
<kw name="Run Keyword If" owner="BuiltIn">
<kw name="Should Be True" owner="BuiltIn">
<arg>${True}</arg>
<doc>Fails if the given condition is not true.</doc>
<status status="PASS" start="2024-05-23T06:21:32.103738" elapsed="0.000138"/>
</kw>
<arg>${json_data["results"][0]["location"]["coordinates"]["longitude"]} &gt;= -180 and ${json_data["results"][0]["location"]["coordinates"]["longitude"]} &lt;= 180</arg>
<arg>Should Be True</arg>
<arg>${True}</arg>
<doc>Runs the given keyword with the given arguments, if ``condition`` is true.</doc>
<status status="PASS" start="2024-05-23T06:21:32.103039" elapsed="0.000959"/>
</kw>
<status status="PASS" start="2024-05-23T06:21:32.002435" elapsed="0.101691"/>
</kw>
<doc>Testa o conteúdo específico dos campos retornados pela API.</doc>
<tag>testeConteudo</tag>
<status status="PASS" start="2024-05-23T06:21:32.001758" elapsed="0.102519"/>
</test>
<status status="PASS" start="2024-05-23T06:21:31.187591" elapsed="0.918592"/>
</suite>
<status status="PASS" start="2024-05-23T06:21:31.173614" elapsed="0.937775"/>
</suite>
<statistics>
<total>
<stat pass="5" fail="0" skip="0">All Tests</stat>
</total>
<tag>
<stat pass="1" fail="0" skip="0">testeConteudo</stat>
<stat pass="1" fail="0" skip="0">testeEstruturaResposta</stat>
<stat pass="1" fail="0" skip="0">testeRequisicaoBasica</stat>
<stat pass="1" fail="0" skip="0">testeTiposDados</stat>
</tag>
<suite>
<stat pass="5" fail="0" skip="0" id="s1" name="Tests">Tests</stat>
<stat pass="5" fail="0" skip="0" id="s1-s1" name="Random-User-Test">Tests.Random-User-Test</stat>
</suite>
</statistics>
<errors>
</errors>
</robot>
