<?xml version="1.0" encoding="UTF-8"?>
<robot generator="Robot 7.0 (Python 3.12.3 on linux)" generated="2024-05-22T04:18:17.211138" rpa="false" schemaversion="5">
<suite id="s1" name="Tests" source="/home/runner/work/DesafioQAItauRogerioJordao/DesafioQAItauRogerioJordao/RamdonUser/tests">
<suite id="s1-s1" name="Random-User-Test" source="/home/runner/work/DesafioQAItauRogerioJordao/DesafioQAItauRogerioJordao/RamdonUser/tests/random-user-test.robot">
<test id="s1-s1-t1" name="Conectar" line="13">
<kw name="Conectar API" owner="random-user-service">
<kw name="Create Session" owner="RequestsLibrary">
<msg time="2024-05-22T04:18:17.610758" level="INFO">Creating Session using : alias=consultarAPI, url=https://randomuser.me/, headers={},                     cookies={}, auth=None, timeout=None, proxies=None, verify=False,                     debug=0 </msg>
<arg>consultarAPI</arg>
<arg>${URL}</arg>
<doc>Create Session: create a HTTP session to a server</doc>
<status status="PASS" start="2024-05-22T04:18:17.610537" elapsed="0.000420"/>
</kw>
<status status="PASS" start="2024-05-22T04:18:17.609432" elapsed="0.001913"/>
</kw>
<status status="PASS" start="2024-05-22T04:18:17.608760" elapsed="0.002786"/>
</test>
<test id="s1-s1-t2" name="Validar retorno 200 e JSON Válido" line="16">
<kw name="Teste de Requisicao Basica" owner="random-user-service">
<kw name="GET On Session" owner="RequestsLibrary">
<msg time="2024-05-22T04:18:18.670662" level="INFO">GET Request : url=https://randomuser.me/api 
 path_url=/api 
 headers={'User-Agent': 'python-requests/2.32.2', 'Accept-Encoding': 'gzip, deflate', 'Accept': '*/*', 'Connection': 'keep-alive'} 
 body=None 
 </msg>
<msg time="2024-05-22T04:18:18.670825" level="INFO">GET Response : url=https://randomuser.me/api 
 status=200, reason=OK 
 headers={'Date': 'Wed, 22 May 2024 04:18:18 GMT', 'Content-Type': 'application/json; charset=utf-8', 'Transfer-Encoding': 'chunked', 'Connection': 'keep-alive', 'X-Powered-By': 'Express', 'Access-Control-Allow-Origin': '*', 'Cache-Control': 'no-cache', 'ETag': 'W/"49f-cRXRntDiAXTgwcqP9BubWWdnBjk"', 'Vary': 'Accept-Encoding', 'Content-Encoding': 'gzip', 'CF-Cache-Status': 'DYNAMIC', 'Report-To': '{"endpoints":[{"url":"https:\\/\\/a.nel.cloudflare.com\\/report\\/v4?s=ObcXvHT3LzL3qu0siDfWTYnQAn6q4dYNyxVtTWcYL9sDHq2Qy51F1%2BVrg4DZ%2F79KLjNUdzLXHxvilEiPaETVygsUydgk8Zu3MMkR0N7hSQFHjeTkm%2BXhagnMk6tloaA%2B"}],"group":"cf-nel","max_age":604800}', 'NEL': '{"success_fraction":0,"report_to":"cf-nel","max_age":604800}', 'Server': 'cloudflare', 'CF-RAY': '887a005c390e81b7-IAD', 'alt-svc': 'h3=":443"; ma=86400'} 
 body={"results":[{"gender":"female","name":{"title":"Miss","first":"Eléonore","last":"Bertrand"},"location":{"street":{"number":2183,"name":"Rue de la Charité"},"city":"Rennes","state":"Ariège","country":"France","postcode":49628,"coordinates":{"latitude":"-17.7386","longitude":"52.6472"},"timezone":{"offset":"+6:00","description":"Almaty, Dhaka, Colombo"}},"email":"eleonore.bertrand@example.com","login":{"uuid":"500c3ab1-722a-4d4e-b3f4-9067462d52e3","username":"goldenmouse101","password":"zephyr","salt":"jlPYs3on","md5":"652236806670cd189cf7a347209a7919","sha1":"356430c1f724087a643e6f74aa8ee3aab52abc4b","sha256":"e74c03efaaf458d6d45fe442279c866d5101f166bdef1280137aa245bc52a3bf"},"dob":{"date":"1966-06-25T22:56:48.529Z","age":57},"registered":{"date":"2011-04-12T10:29:30.183Z","age":13},"phone":"03-18-31-82-05","cell":"06-79-96-77-88","id":{"name":"INSEE","value":"2660575420757 85"},"picture":{"large":"https://randomuser.me/api/portraits/women/29.jpg","medium":"https://randomuser.me/api/portraits/med/women/29.jpg","thumbnail":"https://randomuser.me/api/portraits/thumb/women/29.jpg"},"nat":"FR"}],"info":{"seed":"4ab47ef5e5e0caf2","results":1,"page":1,"version":"1.4"}} 
 </msg>
<msg time="2024-05-22T04:18:18.670913" level="INFO">/opt/hostedtoolcache/Python/3.12.3/x64/lib/python3.12/site-packages/urllib3/connectionpool.py:1103: InsecureRequestWarning: Unverified HTTPS request is being made to host 'randomuser.me'. Adding certificate verification is strongly advised. See: https://urllib3.readthedocs.io/en/latest/advanced-usage.html#tls-warnings
  warnings.warn(</msg>
<msg time="2024-05-22T04:18:18.671078" level="INFO">${response} = &lt;Response [200]&gt;</msg>
<var>${response}</var>
<arg>consultarAPI</arg>
<arg>/api</arg>
<doc>Sends a GET request on a previously created HTTP Session.</doc>
<status status="PASS" start="2024-05-22T04:18:17.614204" elapsed="1.056942"/>
</kw>
<kw name="Should Be Equal As Numbers" owner="BuiltIn">
<msg time="2024-05-22T04:18:18.672149" level="INFO">Argument types are:
&lt;class 'int'&gt;
&lt;class 'str'&gt;</msg>
<arg>${response.status_code}</arg>
<arg>200</arg>
<doc>Fails if objects are unequal after converting them to real numbers.</doc>
<status status="PASS" start="2024-05-22T04:18:18.671689" elapsed="0.000526"/>
</kw>
<kw name="Log" owner="BuiltIn">
<msg time="2024-05-22T04:18:18.672880" level="INFO">200</msg>
<arg>${response.status_code}</arg>
<doc>Logs the given message with the given level.</doc>
<status status="PASS" start="2024-05-22T04:18:18.672534" elapsed="0.000391"/>
</kw>
<kw name="Set Variable" owner="BuiltIn">
<msg time="2024-05-22T04:18:18.673734" level="INFO">${json_data} = {'results': [{'gender': 'female', 'name': {'title': 'Miss', 'first': 'Eléonore', 'last': 'Bertrand'}, 'location': {'street': {'number': 2183, 'name': 'Rue de la Charité'}, 'city': 'Rennes', 'state': '...</msg>
<var>${json_data}</var>
<arg>${response.json()}</arg>
<doc>Returns the given values which can then be assigned to a variables.</doc>
<status status="PASS" start="2024-05-22T04:18:18.673277" elapsed="0.000486"/>
</kw>
<kw name="Dictionary Should Contain Key" owner="Collections">
<msg time="2024-05-22T04:18:18.674229" level="INFO">False</msg>
<arg>${json_data}</arg>
<arg>results</arg>
<doc>Fails if ``key`` is not found from ``dictionary``.</doc>
<status status="PASS" start="2024-05-22T04:18:18.674061" elapsed="0.000364"/>
</kw>
<status status="PASS" start="2024-05-22T04:18:17.613937" elapsed="1.060750"/>
</kw>
<doc>Testa se a API responde corretamente e retorna um objeto JSON válido.</doc>
<tag>testeRequisicaoBasica</tag>
<status status="PASS" start="2024-05-22T04:18:17.613447" elapsed="1.061426"/>
</test>
<test id="s1-s1-t3" name="Validar estrutura de resposta" line="22">
<kw name="Teste de Estrutura de Resposta" owner="random-user-service">
<kw name="GET On Session" owner="RequestsLibrary">
<msg time="2024-05-22T04:18:18.817212" level="INFO">GET Request : url=https://randomuser.me/api 
 path_url=/api 
 headers={'User-Agent': 'python-requests/2.32.2', 'Accept-Encoding': 'gzip, deflate', 'Accept': '*/*', 'Connection': 'keep-alive'} 
 body=None 
 </msg>
<msg time="2024-05-22T04:18:18.817368" level="INFO">GET Response : url=https://randomuser.me/api 
 status=200, reason=OK 
 headers={'Date': 'Wed, 22 May 2024 04:18:18 GMT', 'Content-Type': 'application/json; charset=utf-8', 'Transfer-Encoding': 'chunked', 'Connection': 'keep-alive', 'X-Powered-By': 'Express', 'Access-Control-Allow-Origin': '*', 'Cache-Control': 'no-cache', 'ETag': 'W/"47e-y37iLdWLbz8clwx6NCkXWYy21h0"', 'Vary': 'Accept-Encoding', 'Content-Encoding': 'gzip', 'CF-Cache-Status': 'DYNAMIC', 'Report-To': '{"endpoints":[{"url":"https:\\/\\/a.nel.cloudflare.com\\/report\\/v4?s=KdePSdPl5n8XnT65459TohA8HmPrE8Z7iK9V6%2F7CXu%2FQAhz%2F3krcCf1JXh377EodRPIksDhuMnGE4E%2B4499B2LuOQDvHBwaJ%2F%2BwHfxKcpYmPolZCaa2CmuTq5GfuTI77"}],"group":"cf-nel","max_age":604800}', 'NEL': '{"success_fraction":0,"report_to":"cf-nel","max_age":604800}', 'Server': 'cloudflare', 'CF-RAY': '887a0062cf4f81b7-IAD', 'alt-svc': 'h3=":443"; ma=86400'} 
 body={"results":[{"gender":"female","name":{"title":"Mrs","first":"Noelia","last":"Muñoz"},"location":{"street":{"number":176,"name":"Calle del Prado"},"city":"Murcia","state":"Galicia","country":"Spain","postcode":18985,"coordinates":{"latitude":"-35.2288","longitude":"121.5577"},"timezone":{"offset":"-12:00","description":"Eniwetok, Kwajalein"}},"email":"noelia.munoz@example.com","login":{"uuid":"ba700d8a-104d-4d22-a340-38269d9ba464","username":"angryduck576","password":"direct","salt":"dq1Zkj4n","md5":"692fc9199d5e4c18679f045dc4655f4d","sha1":"abd9a0f26713b594e04080cf17c2ae45b7ad6404","sha256":"348bef15d7f941213ee0c0e0e84ea9bb25ecddf6571e0979cc0f98c287d2911a"},"dob":{"date":"1952-01-18T17:20:29.244Z","age":72},"registered":{"date":"2010-08-18T05:05:50.074Z","age":13},"phone":"985-763-327","cell":"695-434-324","id":{"name":"DNI","value":"01172635-V"},"picture":{"large":"https://randomuser.me/api/portraits/women/59.jpg","medium":"https://randomuser.me/api/portraits/med/women/59.jpg","thumbnail":"https://randomuser.me/api/portraits/thumb/women/59.jpg"},"nat":"ES"}],"info":{"seed":"9a957fe5660a27af","results":1,"page":1,"version":"1.4"}} 
 </msg>
<msg time="2024-05-22T04:18:18.817506" level="INFO">/opt/hostedtoolcache/Python/3.12.3/x64/lib/python3.12/site-packages/urllib3/connectionpool.py:1103: InsecureRequestWarning: Unverified HTTPS request is being made to host 'randomuser.me'. Adding certificate verification is strongly advised. See: https://urllib3.readthedocs.io/en/latest/advanced-usage.html#tls-warnings
  warnings.warn(</msg>
<msg time="2024-05-22T04:18:18.817648" level="INFO">${response} = &lt;Response [200]&gt;</msg>
<var>${response}</var>
<arg>consultarAPI</arg>
<arg>/api</arg>
<doc>Sends a GET request on a previously created HTTP Session.</doc>
<status status="PASS" start="2024-05-22T04:18:18.678289" elapsed="0.139402"/>
</kw>
<kw name="Set Variable" owner="BuiltIn">
<msg time="2024-05-22T04:18:18.818743" level="INFO">${json_data} = {'results': [{'gender': 'female', 'name': {'title': 'Mrs', 'first': 'Noelia', 'last': 'Muñoz'}, 'location': {'street': {'number': 176, 'name': 'Calle del Prado'}, 'city': 'Murcia', 'state': 'Galicia',...</msg>
<var>${json_data}</var>
<arg>${response.json()}</arg>
<doc>Returns the given values which can then be assigned to a variables.</doc>
<status status="PASS" start="2024-05-22T04:18:18.818217" elapsed="0.000555"/>
</kw>
<kw name="Log" owner="BuiltIn">
<msg time="2024-05-22T04:18:18.819245" level="INFO">{'results': [{'gender': 'female', 'name': {'title': 'Mrs', 'first': 'Noelia', 'last': 'Muñoz'}, 'location': {'street': {'number': 176, 'name': 'Calle del Prado'}, 'city': 'Murcia', 'state': 'Galicia', 'country': 'Spain', 'postcode': 18985, 'coordinates': {'latitude': '-35.2288', 'longitude': '121.5577'}, 'timezone': {'offset': '-12:00', 'description': 'Eniwetok, Kwajalein'}}, 'email': 'noelia.munoz@example.com', 'login': {'uuid': 'ba700d8a-104d-4d22-a340-38269d9ba464', 'username': 'angryduck576', 'password': 'direct', 'salt': 'dq1Zkj4n', 'md5': '692fc9199d5e4c18679f045dc4655f4d', 'sha1': 'abd9a0f26713b594e04080cf17c2ae45b7ad6404', 'sha256': '348bef15d7f941213ee0c0e0e84ea9bb25ecddf6571e0979cc0f98c287d2911a'}, 'dob': {'date': '1952-01-18T17:20:29.244Z', 'age': 72}, 'registered': {'date': '2010-08-18T05:05:50.074Z', 'age': 13}, 'phone': '985-763-327', 'cell': '695-434-324', 'id': {'name': 'DNI', 'value': '01172635-V'}, 'picture': {'large': 'https://randomuser.me/api/portraits/women/59.jpg', 'medium': 'https://randomuser.me/api/portraits/med/women/59.jpg', 'thumbnail': 'https://randomuser.me/api/portraits/thumb/women/59.jpg'}, 'nat': 'ES'}], 'info': {'seed': '9a957fe5660a27af', 'results': 1, 'page': 1, 'version': '1.4'}}</msg>
<arg>${json_data}</arg>
<doc>Logs the given message with the given level.</doc>
<status status="PASS" start="2024-05-22T04:18:18.819083" elapsed="0.000211"/>
</kw>
<kw name="Dictionary Should Contain Key" owner="Collections">
<msg time="2024-05-22T04:18:18.819747" level="INFO">False</msg>
<arg>${json_data}</arg>
<arg>results</arg>
<doc>Fails if ``key`` is not found from ``dictionary``.</doc>
<status status="PASS" start="2024-05-22T04:18:18.819587" elapsed="0.000198"/>
</kw>
<kw name="Should Not Be Empty" owner="BuiltIn">
<msg time="2024-05-22T04:18:18.820211" level="INFO">Length is 2.</msg>
<arg>${json_data}</arg>
<doc>Verifies that the given item is not empty.</doc>
<status status="PASS" start="2024-05-22T04:18:18.820079" elapsed="0.000170"/>
</kw>
<kw name="Create List" owner="BuiltIn">
<msg time="2024-05-22T04:18:18.820721" level="INFO">${expected_keys} = ['gender', 'name', 'location', 'email', 'login']</msg>
<var>${expected_keys}</var>
<arg>gender</arg>
<arg>name</arg>
<arg>location</arg>
<arg>email</arg>
<arg>login</arg>
<doc>Returns a list containing given items.</doc>
<status status="PASS" start="2024-05-22T04:18:18.820565" elapsed="0.000181"/>
</kw>
<for flavor="IN">
<iter>
<kw name="Dictionary Should Contain Key" owner="Collections">
<msg time="2024-05-22T04:18:18.821774" level="INFO">False</msg>
<arg>${json_data['results'][0]}</arg>
<arg>${key}</arg>
<doc>Fails if ``key`` is not found from ``dictionary``.</doc>
<status status="PASS" start="2024-05-22T04:18:18.821373" elapsed="0.000444"/>
</kw>
<kw name="Log" owner="BuiltIn">
<msg time="2024-05-22T04:18:18.822472" level="INFO">{'gender': 'female', 'name': {'title': 'Mrs', 'first': 'Noelia', 'last': 'Muñoz'}, 'location': {'street': {'number': 176, 'name': 'Calle del Prado'}, 'city': 'Murcia', 'state': 'Galicia', 'country': 'Spain', 'postcode': 18985, 'coordinates': {'latitude': '-35.2288', 'longitude': '121.5577'}, 'timezone': {'offset': '-12:00', 'description': 'Eniwetok, Kwajalein'}}, 'email': 'noelia.munoz@example.com', 'login': {'uuid': 'ba700d8a-104d-4d22-a340-38269d9ba464', 'username': 'angryduck576', 'password': 'direct', 'salt': 'dq1Zkj4n', 'md5': '692fc9199d5e4c18679f045dc4655f4d', 'sha1': 'abd9a0f26713b594e04080cf17c2ae45b7ad6404', 'sha256': '348bef15d7f941213ee0c0e0e84ea9bb25ecddf6571e0979cc0f98c287d2911a'}, 'dob': {'date': '1952-01-18T17:20:29.244Z', 'age': 72}, 'registered': {'date': '2010-08-18T05:05:50.074Z', 'age': 13}, 'phone': '985-763-327', 'cell': '695-434-324', 'id': {'name': 'DNI', 'value': '01172635-V'}, 'picture': {'large': 'https://randomuser.me/api/portraits/women/59.jpg', 'medium': 'https://randomuser.me/api/portraits/med/women/59.jpg', 'thumbnail': 'https://randomuser.me/api/portraits/thumb/women/59.jpg'}, 'nat': 'ES'}</msg>
<arg>${json_data['results'][0]}</arg>
<doc>Logs the given message with the given level.</doc>
<status status="PASS" start="2024-05-22T04:18:18.822116" elapsed="0.000407"/>
</kw>
<kw name="Log" owner="BuiltIn">
<msg time="2024-05-22T04:18:18.822940" level="INFO">gender</msg>
<arg>${key}</arg>
<doc>Logs the given message with the given level.</doc>
<status status="PASS" start="2024-05-22T04:18:18.822815" elapsed="0.000162"/>
</kw>
<var name="${key}">gender</var>
<status status="PASS" start="2024-05-22T04:18:18.821207" elapsed="0.001984"/>
</iter>
<iter>
<kw name="Dictionary Should Contain Key" owner="Collections">
<msg time="2024-05-22T04:18:18.823870" level="INFO">False</msg>
<arg>${json_data['results'][0]}</arg>
<arg>${key}</arg>
<doc>Fails if ``key`` is not found from ``dictionary``.</doc>
<status status="PASS" start="2024-05-22T04:18:18.823488" elapsed="0.000417"/>
</kw>
<kw name="Log" owner="BuiltIn">
<msg time="2024-05-22T04:18:18.824585" level="INFO">{'gender': 'female', 'name': {'title': 'Mrs', 'first': 'Noelia', 'last': 'Muñoz'}, 'location': {'street': {'number': 176, 'name': 'Calle del Prado'}, 'city': 'Murcia', 'state': 'Galicia', 'country': 'Spain', 'postcode': 18985, 'coordinates': {'latitude': '-35.2288', 'longitude': '121.5577'}, 'timezone': {'offset': '-12:00', 'description': 'Eniwetok, Kwajalein'}}, 'email': 'noelia.munoz@example.com', 'login': {'uuid': 'ba700d8a-104d-4d22-a340-38269d9ba464', 'username': 'angryduck576', 'password': 'direct', 'salt': 'dq1Zkj4n', 'md5': '692fc9199d5e4c18679f045dc4655f4d', 'sha1': 'abd9a0f26713b594e04080cf17c2ae45b7ad6404', 'sha256': '348bef15d7f941213ee0c0e0e84ea9bb25ecddf6571e0979cc0f98c287d2911a'}, 'dob': {'date': '1952-01-18T17:20:29.244Z', 'age': 72}, 'registered': {'date': '2010-08-18T05:05:50.074Z', 'age': 13}, 'phone': '985-763-327', 'cell': '695-434-324', 'id': {'name': 'DNI', 'value': '01172635-V'}, 'picture': {'large': 'https://randomuser.me/api/portraits/women/59.jpg', 'medium': 'https://randomuser.me/api/portraits/med/women/59.jpg', 'thumbnail': 'https://randomuser.me/api/portraits/thumb/women/59.jpg'}, 'nat': 'ES'}</msg>
<arg>${json_data['results'][0]}</arg>
<doc>Logs the given message with the given level.</doc>
<status status="PASS" start="2024-05-22T04:18:18.824230" elapsed="0.000404"/>
</kw>
<kw name="Log" owner="BuiltIn">
<msg time="2024-05-22T04:18:18.825058" level="INFO">name</msg>
<arg>${key}</arg>
<doc>Logs the given message with the given level.</doc>
<status status="PASS" start="2024-05-22T04:18:18.824929" elapsed="0.000167"/>
</kw>
<var name="${key}">name</var>
<status status="PASS" start="2024-05-22T04:18:18.823376" elapsed="0.001960"/>
</iter>
<iter>
<kw name="Dictionary Should Contain Key" owner="Collections">
<msg time="2024-05-22T04:18:18.826003" level="INFO">False</msg>
<arg>${json_data['results'][0]}</arg>
<arg>${key}</arg>
<doc>Fails if ``key`` is not found from ``dictionary``.</doc>
<status status="PASS" start="2024-05-22T04:18:18.825626" elapsed="0.000414"/>
</kw>
<kw name="Log" owner="BuiltIn">
<msg time="2024-05-22T04:18:18.826689" level="INFO">{'gender': 'female', 'name': {'title': 'Mrs', 'first': 'Noelia', 'last': 'Muñoz'}, 'location': {'street': {'number': 176, 'name': 'Calle del Prado'}, 'city': 'Murcia', 'state': 'Galicia', 'country': 'Spain', 'postcode': 18985, 'coordinates': {'latitude': '-35.2288', 'longitude': '121.5577'}, 'timezone': {'offset': '-12:00', 'description': 'Eniwetok, Kwajalein'}}, 'email': 'noelia.munoz@example.com', 'login': {'uuid': 'ba700d8a-104d-4d22-a340-38269d9ba464', 'username': 'angryduck576', 'password': 'direct', 'salt': 'dq1Zkj4n', 'md5': '692fc9199d5e4c18679f045dc4655f4d', 'sha1': 'abd9a0f26713b594e04080cf17c2ae45b7ad6404', 'sha256': '348bef15d7f941213ee0c0e0e84ea9bb25ecddf6571e0979cc0f98c287d2911a'}, 'dob': {'date': '1952-01-18T17:20:29.244Z', 'age': 72}, 'registered': {'date': '2010-08-18T05:05:50.074Z', 'age': 13}, 'phone': '985-763-327', 'cell': '695-434-324', 'id': {'name': 'DNI', 'value': '01172635-V'}, 'picture': {'large': 'https://randomuser.me/api/portraits/women/59.jpg', 'medium': 'https://randomuser.me/api/portraits/med/women/59.jpg', 'thumbnail': 'https://randomuser.me/api/portraits/thumb/women/59.jpg'}, 'nat': 'ES'}</msg>
<arg>${json_data['results'][0]}</arg>
<doc>Logs the given message with the given level.</doc>
<status status="PASS" start="2024-05-22T04:18:18.826334" elapsed="0.000405"/>
</kw>
<kw name="Log" owner="BuiltIn">
<msg time="2024-05-22T04:18:18.827156" level="INFO">location</msg>
<arg>${key}</arg>
<doc>Logs the given message with the given level.</doc>
<status status="PASS" start="2024-05-22T04:18:18.827032" elapsed="0.000160"/>
</kw>
<var name="${key}">location</var>
<status status="PASS" start="2024-05-22T04:18:18.825516" elapsed="0.001891"/>
</iter>
<iter>
<kw name="Dictionary Should Contain Key" owner="Collections">
<msg time="2024-05-22T04:18:18.828178" level="INFO">False</msg>
<arg>${json_data['results'][0]}</arg>
<arg>${key}</arg>
<doc>Fails if ``key`` is not found from ``dictionary``.</doc>
<status status="PASS" start="2024-05-22T04:18:18.827686" elapsed="0.000529"/>
</kw>
<kw name="Log" owner="BuiltIn">
<msg time="2024-05-22T04:18:18.828866" level="INFO">{'gender': 'female', 'name': {'title': 'Mrs', 'first': 'Noelia', 'last': 'Muñoz'}, 'location': {'street': {'number': 176, 'name': 'Calle del Prado'}, 'city': 'Murcia', 'state': 'Galicia', 'country': 'Spain', 'postcode': 18985, 'coordinates': {'latitude': '-35.2288', 'longitude': '121.5577'}, 'timezone': {'offset': '-12:00', 'description': 'Eniwetok, Kwajalein'}}, 'email': 'noelia.munoz@example.com', 'login': {'uuid': 'ba700d8a-104d-4d22-a340-38269d9ba464', 'username': 'angryduck576', 'password': 'direct', 'salt': 'dq1Zkj4n', 'md5': '692fc9199d5e4c18679f045dc4655f4d', 'sha1': 'abd9a0f26713b594e04080cf17c2ae45b7ad6404', 'sha256': '348bef15d7f941213ee0c0e0e84ea9bb25ecddf6571e0979cc0f98c287d2911a'}, 'dob': {'date': '1952-01-18T17:20:29.244Z', 'age': 72}, 'registered': {'date': '2010-08-18T05:05:50.074Z', 'age': 13}, 'phone': '985-763-327', 'cell': '695-434-324', 'id': {'name': 'DNI', 'value': '01172635-V'}, 'picture': {'large': 'https://randomuser.me/api/portraits/women/59.jpg', 'medium': 'https://randomuser.me/api/portraits/med/women/59.jpg', 'thumbnail': 'https://randomuser.me/api/portraits/thumb/women/59.jpg'}, 'nat': 'ES'}</msg>
<arg>${json_data['results'][0]}</arg>
<doc>Logs the given message with the given level.</doc>
<status status="PASS" start="2024-05-22T04:18:18.828509" elapsed="0.000405"/>
</kw>
<kw name="Log" owner="BuiltIn">
<msg time="2024-05-22T04:18:18.829385" level="INFO">email</msg>
<arg>${key}</arg>
<doc>Logs the given message with the given level.</doc>
<status status="PASS" start="2024-05-22T04:18:18.829245" elapsed="0.000176"/>
</kw>
<var name="${key}">email</var>
<status status="PASS" start="2024-05-22T04:18:18.827577" elapsed="0.002060"/>
</iter>
<iter>
<kw name="Dictionary Should Contain Key" owner="Collections">
<msg time="2024-05-22T04:18:18.830297" level="INFO">False</msg>
<arg>${json_data['results'][0]}</arg>
<arg>${key}</arg>
<doc>Fails if ``key`` is not found from ``dictionary``.</doc>
<status status="PASS" start="2024-05-22T04:18:18.829917" elapsed="0.000416"/>
</kw>
<kw name="Log" owner="BuiltIn">
<msg time="2024-05-22T04:18:18.830983" level="INFO">{'gender': 'female', 'name': {'title': 'Mrs', 'first': 'Noelia', 'last': 'Muñoz'}, 'location': {'street': {'number': 176, 'name': 'Calle del Prado'}, 'city': 'Murcia', 'state': 'Galicia', 'country': 'Spain', 'postcode': 18985, 'coordinates': {'latitude': '-35.2288', 'longitude': '121.5577'}, 'timezone': {'offset': '-12:00', 'description': 'Eniwetok, Kwajalein'}}, 'email': 'noelia.munoz@example.com', 'login': {'uuid': 'ba700d8a-104d-4d22-a340-38269d9ba464', 'username': 'angryduck576', 'password': 'direct', 'salt': 'dq1Zkj4n', 'md5': '692fc9199d5e4c18679f045dc4655f4d', 'sha1': 'abd9a0f26713b594e04080cf17c2ae45b7ad6404', 'sha256': '348bef15d7f941213ee0c0e0e84ea9bb25ecddf6571e0979cc0f98c287d2911a'}, 'dob': {'date': '1952-01-18T17:20:29.244Z', 'age': 72}, 'registered': {'date': '2010-08-18T05:05:50.074Z', 'age': 13}, 'phone': '985-763-327', 'cell': '695-434-324', 'id': {'name': 'DNI', 'value': '01172635-V'}, 'picture': {'large': 'https://randomuser.me/api/portraits/women/59.jpg', 'medium': 'https://randomuser.me/api/portraits/med/women/59.jpg', 'thumbnail': 'https://randomuser.me/api/portraits/thumb/women/59.jpg'}, 'nat': 'ES'}</msg>
<arg>${json_data['results'][0]}</arg>
<doc>Logs the given message with the given level.</doc>
<status status="PASS" start="2024-05-22T04:18:18.830628" elapsed="0.000404"/>
</kw>
<kw name="Log" owner="BuiltIn">
<msg time="2024-05-22T04:18:18.831454" level="INFO">login</msg>
<arg>${key}</arg>
<doc>Logs the given message with the given level.</doc>
<status status="PASS" start="2024-05-22T04:18:18.831328" elapsed="0.000162"/>
</kw>
<var name="${key}">login</var>
<status status="PASS" start="2024-05-22T04:18:18.829807" elapsed="0.001899"/>
</iter>
<var>${key}</var>
<value>@{expected_keys}</value>
<status status="PASS" start="2024-05-22T04:18:18.821006" elapsed="0.010845"/>
</for>
<kw name="Create List" owner="BuiltIn">
<msg time="2024-05-22T04:18:18.832180" level="INFO">${expected_keysTwo} = ['username', 'password']</msg>
<var>${expected_keysTwo}</var>
<arg>username</arg>
<arg>password</arg>
<doc>Returns a list containing given items.</doc>
<status status="PASS" start="2024-05-22T04:18:18.832047" elapsed="0.000156"/>
</kw>
<for flavor="IN">
<iter>
<kw name="Dictionary Should Contain Key" owner="Collections">
<msg time="2024-05-22T04:18:18.833084" level="INFO">False</msg>
<arg>${json_data['results'][0]['login']}</arg>
<arg>${keyTwo}</arg>
<doc>Fails if ``key`` is not found from ``dictionary``.</doc>
<status status="PASS" start="2024-05-22T04:18:18.832703" elapsed="0.000421"/>
</kw>
<kw name="Dictionary Should Contain Key" owner="Collections">
<msg time="2024-05-22T04:18:18.833818" level="INFO">False</msg>
<arg>${json_data['results'][0]['login']}</arg>
<arg>${keyTwo}</arg>
<doc>Fails if ``key`` is not found from ``dictionary``.</doc>
<status status="PASS" start="2024-05-22T04:18:18.833443" elapsed="0.000412"/>
</kw>
<kw name="Log" owner="BuiltIn">
<msg time="2024-05-22T04:18:18.834279" level="INFO">username</msg>
<arg>${keyTwo}</arg>
<doc>Logs the given message with the given level.</doc>
<status status="PASS" start="2024-05-22T04:18:18.834148" elapsed="0.000167"/>
</kw>
<var name="${keyTwo}">username</var>
<status status="PASS" start="2024-05-22T04:18:18.832597" elapsed="0.001930"/>
</iter>
<iter>
<kw name="Dictionary Should Contain Key" owner="Collections">
<msg time="2024-05-22T04:18:18.835184" level="INFO">False</msg>
<arg>${json_data['results'][0]['login']}</arg>
<arg>${keyTwo}</arg>
<doc>Fails if ``key`` is not found from ``dictionary``.</doc>
<status status="PASS" start="2024-05-22T04:18:18.834801" elapsed="0.000420"/>
</kw>
<kw name="Dictionary Should Contain Key" owner="Collections">
<msg time="2024-05-22T04:18:18.835909" level="INFO">False</msg>
<arg>${json_data['results'][0]['login']}</arg>
<arg>${keyTwo}</arg>
<doc>Fails if ``key`` is not found from ``dictionary``.</doc>
<status status="PASS" start="2024-05-22T04:18:18.835513" elapsed="0.000433"/>
</kw>
<kw name="Log" owner="BuiltIn">
<msg time="2024-05-22T04:18:18.836384" level="INFO">password</msg>
<arg>${keyTwo}</arg>
<doc>Logs the given message with the given level.</doc>
<status status="PASS" start="2024-05-22T04:18:18.836254" elapsed="0.000168"/>
</kw>
<var name="${keyTwo}">password</var>
<status status="PASS" start="2024-05-22T04:18:18.834694" elapsed="0.001948"/>
</iter>
<var>${keyTwo}</var>
<value>@{expected_keysTwo}</value>
<status status="PASS" start="2024-05-22T04:18:18.832448" elapsed="0.004313"/>
</for>
<status status="PASS" start="2024-05-22T04:18:18.677946" elapsed="0.158956"/>
</kw>
<doc>Testa a estrutura da resposta da API.</doc>
<tag>testeEstruturaResposta</tag>
<status status="PASS" start="2024-05-22T04:18:18.677131" elapsed="0.159929"/>
</test>
<test id="s1-s1-t4" name="Validar tipos de dados" line="28">
<kw name="Teste de Tipos de Dados" owner="random-user-service">
<kw name="GET On Session" owner="RequestsLibrary">
<msg time="2024-05-22T04:18:18.906567" level="INFO">GET Request : url=https://randomuser.me/api 
 path_url=/api 
 headers={'User-Agent': 'python-requests/2.32.2', 'Accept-Encoding': 'gzip, deflate', 'Accept': '*/*', 'Connection': 'keep-alive'} 
 body=None 
 </msg>
<msg time="2024-05-22T04:18:18.906668" level="INFO">GET Response : url=https://randomuser.me/api 
 status=200, reason=OK 
 headers={'Date': 'Wed, 22 May 2024 04:18:18 GMT', 'Content-Type': 'application/json; charset=utf-8', 'Transfer-Encoding': 'chunked', 'Connection': 'keep-alive', 'X-Powered-By': 'Express', 'Access-Control-Allow-Origin': '*', 'Cache-Control': 'no-cache', 'ETag': 'W/"47e-/IrJQ/vOGJCXR3umO9IZ8p2ExfM"', 'Vary': 'Accept-Encoding', 'Content-Encoding': 'gzip', 'CF-Cache-Status': 'DYNAMIC', 'Report-To': '{"endpoints":[{"url":"https:\\/\\/a.nel.cloudflare.com\\/report\\/v4?s=BW%2BtF89T4gTD%2FvmK7mYeuqBlytOD1KSYCTNE%2FjQfI2iqfdYt1ptYf1vrIQhjfffkhRlTodl3HQJ79l4yLUK45%2FC8dPmC7o3jj5LywZfjc%2F2idrvbh4C770N4BBCz6MeH"}],"group":"cf-nel","max_age":604800}', 'NEL': '{"success_fraction":0,"report_to":"cf-nel","max_age":604800}', 'Server': 'cloudflare', 'CF-RAY': '887a0063c86281b7-IAD', 'alt-svc': 'h3=":443"; ma=86400'} 
 body={"results":[{"gender":"female","name":{"title":"Mrs","first":"Alyssa","last":"Harris"},"location":{"street":{"number":1113,"name":"Ash Dr"},"city":"Tampa","state":"West Virginia","country":"United States","postcode":36624,"coordinates":{"latitude":"83.7291","longitude":"148.6773"},"timezone":{"offset":"-3:30","description":"Newfoundland"}},"email":"alyssa.harris@example.com","login":{"uuid":"05a510ef-4db7-4e82-b5a1-7f9d0acf278d","username":"bigkoala966","password":"noodles","salt":"ZRE5Ijou","md5":"35a1f512a607d98300076a031a087185","sha1":"64ea3b4aaca720c06ce8f0b63b9634729f478812","sha256":"fda9451893a7f654d720bbdb7e16393e8ada9ded1e08594b5c68b91919cc4bc8"},"dob":{"date":"1978-10-17T15:17:01.213Z","age":45},"registered":{"date":"2018-10-16T19:40:43.879Z","age":5},"phone":"(779) 345-8484","cell":"(688) 425-3965","id":{"name":"SSN","value":"602-99-4432"},"picture":{"large":"https://randomuser.me/api/portraits/women/0.jpg","medium":"https://randomuser.me/api/portraits/med/women/0.jpg","thumbnail":"https://randomuser.me/api/portraits/thumb/women/0.jpg"},"nat":"US"}],"info":{"seed":"d3f2f174221ec572","results":1,"page":1,"version":"1.4"}} 
 </msg>
<msg time="2024-05-22T04:18:18.906741" level="INFO">/opt/hostedtoolcache/Python/3.12.3/x64/lib/python3.12/site-packages/urllib3/connectionpool.py:1103: InsecureRequestWarning: Unverified HTTPS request is being made to host 'randomuser.me'. Adding certificate verification is strongly advised. See: https://urllib3.readthedocs.io/en/latest/advanced-usage.html#tls-warnings
  warnings.warn(</msg>
<msg time="2024-05-22T04:18:18.906883" level="INFO">${response} = &lt;Response [200]&gt;</msg>
<var>${response}</var>
<arg>consultarAPI</arg>
<arg>/api</arg>
<doc>Sends a GET request on a previously created HTTP Session.</doc>
<status status="PASS" start="2024-05-22T04:18:18.839629" elapsed="0.067296"/>
</kw>
<kw name="Set Variable" owner="BuiltIn">
<msg time="2024-05-22T04:18:18.907956" level="INFO">${json_data} = {'results': [{'gender': 'female', 'name': {'title': 'Mrs', 'first': 'Alyssa', 'last': 'Harris'}, 'location': {'street': {'number': 1113, 'name': 'Ash Dr'}, 'city': 'Tampa', 'state': 'West Virginia', '...</msg>
<var>${json_data}</var>
<arg>${response.json()}</arg>
<doc>Returns the given values which can then be assigned to a variables.</doc>
<status status="PASS" start="2024-05-22T04:18:18.907435" elapsed="0.000550"/>
</kw>
<kw name="Log" owner="BuiltIn">
<msg time="2024-05-22T04:18:18.908497" level="INFO">{'results': [{'gender': 'female', 'name': {'title': 'Mrs', 'first': 'Alyssa', 'last': 'Harris'}, 'location': {'street': {'number': 1113, 'name': 'Ash Dr'}, 'city': 'Tampa', 'state': 'West Virginia', 'country': 'United States', 'postcode': 36624, 'coordinates': {'latitude': '83.7291', 'longitude': '148.6773'}, 'timezone': {'offset': '-3:30', 'description': 'Newfoundland'}}, 'email': 'alyssa.harris@example.com', 'login': {'uuid': '05a510ef-4db7-4e82-b5a1-7f9d0acf278d', 'username': 'bigkoala966', 'password': 'noodles', 'salt': 'ZRE5Ijou', 'md5': '35a1f512a607d98300076a031a087185', 'sha1': '64ea3b4aaca720c06ce8f0b63b9634729f478812', 'sha256': 'fda9451893a7f654d720bbdb7e16393e8ada9ded1e08594b5c68b91919cc4bc8'}, 'dob': {'date': '1978-10-17T15:17:01.213Z', 'age': 45}, 'registered': {'date': '2018-10-16T19:40:43.879Z', 'age': 5}, 'phone': '(779) 345-8484', 'cell': '(688) 425-3965', 'id': {'name': 'SSN', 'value': '602-99-4432'}, 'picture': {'large': 'https://randomuser.me/api/portraits/women/0.jpg', 'medium': 'https://randomuser.me/api/portraits/med/women/0.jpg', 'thumbnail': 'https://randomuser.me/api/portraits/thumb/women/0.jpg'}, 'nat': 'US'}], 'info': {'seed': 'd3f2f174221ec572', 'results': 1, 'page': 1, 'version': '1.4'}}</msg>
<arg>${json_data}</arg>
<doc>Logs the given message with the given level.</doc>
<status status="PASS" start="2024-05-22T04:18:18.908333" elapsed="0.000254"/>
</kw>
<kw name="Should Be String" owner="String">
<arg>${json_data['results'][0]['gender']}</arg>
<doc>Fails if the given ``item`` is not a string.</doc>
<status status="PASS" start="2024-05-22T04:18:18.908909" elapsed="0.000425"/>
</kw>
<kw name="Should Match Regexp" owner="BuiltIn">
<arg>${json_data['results'][0]['email']}</arg>
<arg>^[a-zA-Z0-9._%+-]+@[a-zA-Z0-9.-]+\.[a-zA-Z]{2,}$</arg>
<doc>Fails if ``string`` does not match ``pattern`` as a regular expression.</doc>
<status status="PASS" start="2024-05-22T04:18:18.909540" elapsed="0.000695"/>
</kw>
<kw name="Should Match Regexp" owner="BuiltIn">
<arg>${json_data['results'][0]['dob']['date']}</arg>
<arg>\\d{4}-\\d{2}-\\d{2}T\\d{2}:\\d{2}:\\d{2}\\.\\d{3}Z</arg>
<doc>Fails if ``string`` does not match ``pattern`` as a regular expression.</doc>
<status status="PASS" start="2024-05-22T04:18:18.910437" elapsed="0.000487"/>
</kw>
<kw name="Should Match Regexp" owner="BuiltIn">
<arg>${json_data['results'][0]['registered']['date']}</arg>
<arg>\\d{4}-\\d{2}-\\d{2}T\\d{2}:\\d{2}:\\d{2}\\.\\d{3}Z</arg>
<doc>Fails if ``string`` does not match ``pattern`` as a regular expression.</doc>
<status status="PASS" start="2024-05-22T04:18:18.911119" elapsed="0.000367"/>
</kw>
<kw name="Should Match Regexp" owner="BuiltIn">
<arg>${json_data['results'][0]['picture']['large']}</arg>
<arg>^https?://.*\.(?:png|jpe?g|gif|bmp)$</arg>
<doc>Fails if ``string`` does not match ``pattern`` as a regular expression.</doc>
<status status="PASS" start="2024-05-22T04:18:18.911676" elapsed="0.000469"/>
</kw>
<kw name="Should Match Regexp" owner="BuiltIn">
<arg>${json_data['results'][0]['picture']['medium']}</arg>
<arg>^https?://.*\.(?:png|jpe?g|gif|bmp)$</arg>
<doc>Fails if ``string`` does not match ``pattern`` as a regular expression.</doc>
<status status="PASS" start="2024-05-22T04:18:18.912339" elapsed="0.000353"/>
</kw>
<kw name="Should Match Regexp" owner="BuiltIn">
<arg>${json_data['results'][0]['picture']['thumbnail']}</arg>
<arg>^https?://.*\.(?:png|jpe?g|gif|bmp)$</arg>
<doc>Fails if ``string`` does not match ``pattern`` as a regular expression.</doc>
<status status="PASS" start="2024-05-22T04:18:18.912878" elapsed="0.000375"/>
</kw>
<kw name="Log" owner="BuiltIn">
<msg time="2024-05-22T04:18:18.913797" level="INFO">{'large': 'https://randomuser.me/api/portraits/women/0.jpg', 'medium': 'https://randomuser.me/api/portraits/med/women/0.jpg', 'thumbnail': 'https://randomuser.me/api/portraits/thumb/women/0.jpg'}</msg>
<arg>${json_data['results'][0]['picture']}</arg>
<doc>Logs the given message with the given level.</doc>
<status status="PASS" start="2024-05-22T04:18:18.913457" elapsed="0.000383"/>
</kw>
<status status="PASS" start="2024-05-22T04:18:18.839388" elapsed="0.074724"/>
</kw>
<kw name="Teste de Tipos de Dados - Postcode" owner="random-user-service">
<kw name="GET On Session" owner="RequestsLibrary">
<msg time="2024-05-22T04:18:18.968662" level="INFO">GET Request : url=https://randomuser.me/api 
 path_url=/api 
 headers={'User-Agent': 'python-requests/2.32.2', 'Accept-Encoding': 'gzip, deflate', 'Accept': '*/*', 'Connection': 'keep-alive'} 
 body=None 
 </msg>
<msg time="2024-05-22T04:18:18.968759" level="INFO">GET Response : url=https://randomuser.me/api 
 status=200, reason=OK 
 headers={'Date': 'Wed, 22 May 2024 04:18:18 GMT', 'Content-Type': 'application/json; charset=utf-8', 'Transfer-Encoding': 'chunked', 'Connection': 'keep-alive', 'X-Powered-By': 'Express', 'Access-Control-Allow-Origin': '*', 'Cache-Control': 'no-cache', 'ETag': 'W/"48c-uX/YLTNMU4/Akd0RSbRvHHTYUN0"', 'Vary': 'Accept-Encoding', 'Content-Encoding': 'gzip', 'CF-Cache-Status': 'DYNAMIC', 'Report-To': '{"endpoints":[{"url":"https:\\/\\/a.nel.cloudflare.com\\/report\\/v4?s=zjaHmCwnxk4O%2BQlwLxVcE0JWy4GW73yKNDU1BI2A91QqpInhoAKkd%2F7NPc9JHybmxnutlO9mTFYt%2BMsQoFqRcOwvAXiZ29e3pi8uRKYUgXA7NdEwXQcBNR1YPlVWiJLy"}],"group":"cf-nel","max_age":604800}', 'NEL': '{"success_fraction":0,"report_to":"cf-nel","max_age":604800}', 'Server': 'cloudflare', 'CF-RAY': '887a006438db81b7-IAD', 'alt-svc': 'h3=":443"; ma=86400'} 
 body={"results":[{"gender":"male","name":{"title":"Mr","first":"Balhaar","last":"Fernandes"},"location":{"street":{"number":7279,"name":"Mall Rd"},"city":"Phusro","state":"Rajasthan","country":"India","postcode":67699,"coordinates":{"latitude":"12.1205","longitude":"-1.5594"},"timezone":{"offset":"+3:00","description":"Baghdad, Riyadh, Moscow, St. Petersburg"}},"email":"balhaar.fernandes@example.com","login":{"uuid":"348b7bda-8e13-4a27-bf4e-a7193eb5e6ce","username":"crazywolf686","password":"victor","salt":"I6hpNiES","md5":"14d9dca318d536fd6ebcb1f094d714a6","sha1":"e27decf5b5dcf23ce851950eb1b05123542b2d97","sha256":"685384f9c0dfc3a401a9dc35379d398d4489beed9e439307b3e9ad6ede7b4140"},"dob":{"date":"1972-08-04T20:23:46.409Z","age":51},"registered":{"date":"2004-01-11T04:43:59.300Z","age":20},"phone":"7873947996","cell":"8275963365","id":{"name":"UIDAI","value":"714653247608"},"picture":{"large":"https://randomuser.me/api/portraits/men/58.jpg","medium":"https://randomuser.me/api/portraits/med/men/58.jpg","thumbnail":"https://randomuser.me/api/portraits/thumb/men/58.jpg"},"nat":"IN"}],"info":{"seed":"0ada127785232cc9","results":1,"page":1,"version":"1.4"}} 
 </msg>
<msg time="2024-05-22T04:18:18.968831" level="INFO">/opt/hostedtoolcache/Python/3.12.3/x64/lib/python3.12/site-packages/urllib3/connectionpool.py:1103: InsecureRequestWarning: Unverified HTTPS request is being made to host 'randomuser.me'. Adding certificate verification is strongly advised. See: https://urllib3.readthedocs.io/en/latest/advanced-usage.html#tls-warnings
  warnings.warn(</msg>
<msg time="2024-05-22T04:18:18.968946" level="INFO">${response} = &lt;Response [200]&gt;</msg>
<var>${response}</var>
<arg>consultarAPI</arg>
<arg>/api</arg>
<doc>Sends a GET request on a previously created HTTP Session.</doc>
<status status="PASS" start="2024-05-22T04:18:18.914579" elapsed="0.054395"/>
</kw>
<kw name="Set Variable" owner="BuiltIn">
<msg time="2024-05-22T04:18:18.970074" level="INFO">${json_data} = {'results': [{'gender': 'male', 'name': {'title': 'Mr', 'first': 'Balhaar', 'last': 'Fernandes'}, 'location': {'street': {'number': 7279, 'name': 'Mall Rd'}, 'city': 'Phusro', 'state': 'Rajasthan', 'c...</msg>
<var>${json_data}</var>
<arg>${response.json()}</arg>
<doc>Returns the given values which can then be assigned to a variables.</doc>
<status status="PASS" start="2024-05-22T04:18:18.969553" elapsed="0.000551"/>
</kw>
<kw name="Log" owner="BuiltIn">
<msg time="2024-05-22T04:18:18.970634" level="INFO">{'results': [{'gender': 'male', 'name': {'title': 'Mr', 'first': 'Balhaar', 'last': 'Fernandes'}, 'location': {'street': {'number': 7279, 'name': 'Mall Rd'}, 'city': 'Phusro', 'state': 'Rajasthan', 'country': 'India', 'postcode': 67699, 'coordinates': {'latitude': '12.1205', 'longitude': '-1.5594'}, 'timezone': {'offset': '+3:00', 'description': 'Baghdad, Riyadh, Moscow, St. Petersburg'}}, 'email': 'balhaar.fernandes@example.com', 'login': {'uuid': '348b7bda-8e13-4a27-bf4e-a7193eb5e6ce', 'username': 'crazywolf686', 'password': 'victor', 'salt': 'I6hpNiES', 'md5': '14d9dca318d536fd6ebcb1f094d714a6', 'sha1': 'e27decf5b5dcf23ce851950eb1b05123542b2d97', 'sha256': '685384f9c0dfc3a401a9dc35379d398d4489beed9e439307b3e9ad6ede7b4140'}, 'dob': {'date': '1972-08-04T20:23:46.409Z', 'age': 51}, 'registered': {'date': '2004-01-11T04:43:59.300Z', 'age': 20}, 'phone': '7873947996', 'cell': '8275963365', 'id': {'name': 'UIDAI', 'value': '714653247608'}, 'picture': {'large': 'https://randomuser.me/api/portraits/men/58.jpg', 'medium': 'https://randomuser.me/api/portraits/med/men/58.jpg', 'thumbnail': 'https://randomuser.me/api/portraits/thumb/men/58.jpg'}, 'nat': 'IN'}], 'info': {'seed': '0ada127785232cc9', 'results': 1, 'page': 1, 'version': '1.4'}}</msg>
<arg>${json_data}</arg>
<doc>Logs the given message with the given level.</doc>
<status status="PASS" start="2024-05-22T04:18:18.970468" elapsed="0.000260"/>
</kw>
<kw name="Should Be Equal As Numbers" owner="BuiltIn">
<arg>${json_data['results'][0]['location']['postcode']}</arg>
<arg>${json_data['results'][0]['location']['postcode']}</arg>
<doc>Fails if objects are unequal after converting them to real numbers.</doc>
<status status="PASS" start="2024-05-22T04:18:18.971039" elapsed="0.000649"/>
</kw>
<kw name="Log" owner="BuiltIn">
<msg time="2024-05-22T04:18:18.972219" level="INFO">67699</msg>
<arg>${json_data['results'][0]['location']['postcode']}</arg>
<doc>Logs the given message with the given level.</doc>
<status status="PASS" start="2024-05-22T04:18:18.971884" elapsed="0.000375"/>
</kw>
<status status="PASS" start="2024-05-22T04:18:18.914343" elapsed="0.058175"/>
</kw>
<doc>Testa se os tipos de dados na resposta da API estão corretos.</doc>
<tag>testeTiposDados</tag>
<status status="PASS" start="2024-05-22T04:18:18.838904" elapsed="0.133784"/>
</test>
<test id="s1-s1-t5" name="Validar conteudo" line="35">
<kw name="Teste de Tipos de Conteudo" owner="random-user-service">
<kw name="GET On Session" owner="RequestsLibrary">
<msg time="2024-05-22T04:18:19.093403" level="INFO">GET Request : url=https://randomuser.me/api 
 path_url=/api 
 headers={'User-Agent': 'python-requests/2.32.2', 'Accept-Encoding': 'gzip, deflate', 'Accept': '*/*', 'Connection': 'keep-alive'} 
 body=None 
 </msg>
<msg time="2024-05-22T04:18:19.093522" level="INFO">GET Response : url=https://randomuser.me/api 
 status=200, reason=OK 
 headers={'Date': 'Wed, 22 May 2024 04:18:19 GMT', 'Content-Type': 'application/json; charset=utf-8', 'Transfer-Encoding': 'chunked', 'Connection': 'keep-alive', 'X-Powered-By': 'Express', 'Access-Control-Allow-Origin': '*', 'Cache-Control': 'no-cache', 'ETag': 'W/"49e-YxG/ZB7688XTicZtSNIgFjXMua0"', 'Vary': 'Accept-Encoding', 'Content-Encoding': 'gzip', 'CF-Cache-Status': 'DYNAMIC', 'Report-To': '{"endpoints":[{"url":"https:\\/\\/a.nel.cloudflare.com\\/report\\/v4?s=Wc5tNYmucUl59QUl5kobxjF0%2BfZpyk84ed6OmsS8d0s0DsTI5Y9WEtX8ytwWRI67s8vZyJhEFUT3hBcLSK5Ia4lE5qk8TCkLa8Ad3KsXEwBiy7f0MjdR%2BbHARSS2xDFy"}],"group":"cf-nel","max_age":604800}', 'NEL': '{"success_fraction":0,"report_to":"cf-nel","max_age":604800}', 'Server': 'cloudflare', 'CF-RAY': '887a0064992881b7-IAD', 'alt-svc': 'h3=":443"; ma=86400'} 
 body={"results":[{"gender":"male","name":{"title":"Mr","first":"Jordan","last":"Carlson"},"location":{"street":{"number":7718,"name":"Fairview St"},"city":"Sunshine Coast","state":"South Australia","country":"Australia","postcode":5296,"coordinates":{"latitude":"-83.9578","longitude":"-118.7992"},"timezone":{"offset":"+5:30","description":"Bombay, Calcutta, Madras, New Delhi"}},"email":"jordan.carlson@example.com","login":{"uuid":"81bc4c93-d555-4595-ae4c-ee2e54ebeca4","username":"crazypeacock896","password":"thrasher","salt":"YvuuxIvO","md5":"60df5e28b16d8497340e6e80ee9e6b8d","sha1":"8e2ef459548b5e71dd94004ced4ffa191a3700b4","sha256":"2912e9806726aa59c44b72fec012b4643e0fe7c7a75a231d0bfc64cfa0f4c61a"},"dob":{"date":"1997-08-26T12:46:32.016Z","age":26},"registered":{"date":"2005-09-18T05:45:41.948Z","age":18},"phone":"03-3879-7637","cell":"0493-500-992","id":{"name":"TFN","value":"640730599"},"picture":{"large":"https://randomuser.me/api/portraits/men/90.jpg","medium":"https://randomuser.me/api/portraits/med/men/90.jpg","thumbnail":"https://randomuser.me/api/portraits/thumb/men/90.jpg"},"nat":"AU"}],"info":{"seed":"de3cd6248d01fd1d","results":1,"page":1,"version":"1.4"}} 
 </msg>
<msg time="2024-05-22T04:18:19.093605" level="INFO">/opt/hostedtoolcache/Python/3.12.3/x64/lib/python3.12/site-packages/urllib3/connectionpool.py:1103: InsecureRequestWarning: Unverified HTTPS request is being made to host 'randomuser.me'. Adding certificate verification is strongly advised. See: https://urllib3.readthedocs.io/en/latest/advanced-usage.html#tls-warnings
  warnings.warn(</msg>
<msg time="2024-05-22T04:18:19.093729" level="INFO">${response} = &lt;Response [200]&gt;</msg>
<var>${response}</var>
<arg>consultarAPI</arg>
<arg>/api</arg>
<doc>Sends a GET request on a previously created HTTP Session.</doc>
<status status="PASS" start="2024-05-22T04:18:18.975208" elapsed="0.118560"/>
</kw>
<kw name="Set Variable" owner="BuiltIn">
<msg time="2024-05-22T04:18:19.094820" level="INFO">${json_data} = {'results': [{'gender': 'male', 'name': {'title': 'Mr', 'first': 'Jordan', 'last': 'Carlson'}, 'location': {'street': {'number': 7718, 'name': 'Fairview St'}, 'city': 'Sunshine Coast', 'state': 'South...</msg>
<var>${json_data}</var>
<arg>${response.json()}</arg>
<doc>Returns the given values which can then be assigned to a variables.</doc>
<status status="PASS" start="2024-05-22T04:18:19.094290" elapsed="0.000559"/>
</kw>
<kw name="Set Variable" owner="BuiltIn">
<msg time="2024-05-22T04:18:19.095537" level="INFO">${name_title} = Mr</msg>
<var>${name_title}</var>
<arg>${json_data["results"][0]["name"]["title"]}</arg>
<doc>Returns the given values which can then be assigned to a variables.</doc>
<status status="PASS" start="2024-05-22T04:18:19.095155" elapsed="0.000407"/>
</kw>
<kw name="Create List" owner="BuiltIn">
<msg time="2024-05-22T04:18:19.096006" level="INFO">${allowed_titles} = ['Mr', 'Ms', 'Miss', 'Mrs', 'Madame', 'Monsieur']</msg>
<var>${allowed_titles}</var>
<arg>Mr</arg>
<arg>Ms</arg>
<arg>Miss</arg>
<arg>Mrs</arg>
<arg>Madame</arg>
<arg>Monsieur</arg>
<doc>Returns a list containing given items.</doc>
<status status="PASS" start="2024-05-22T04:18:19.095860" elapsed="0.000169"/>
</kw>
<kw name="List Should Contain Value" owner="Collections">
<msg time="2024-05-22T04:18:19.096497" level="INFO">False</msg>
<arg>${allowed_titles}</arg>
<arg>${name_title}</arg>
<doc>Fails if the ``value`` is not found from ``list``.</doc>
<status status="PASS" start="2024-05-22T04:18:19.096323" elapsed="0.000211"/>
</kw>
<kw name="Set Variable" owner="BuiltIn">
<msg time="2024-05-22T04:18:19.097407" level="INFO">${name_country} = AU</msg>
<var>${name_country}</var>
<arg>${json_data["results"][0]["nat"]}</arg>
<doc>Returns the given values which can then be assigned to a variables.</doc>
<status status="PASS" start="2024-05-22T04:18:19.096816" elapsed="0.000617"/>
</kw>
<kw name="Create List" owner="BuiltIn">
<msg time="2024-05-22T04:18:19.098332" level="INFO">${list_country} = ['AD', 'AE', 'AF', 'AG', 'AI', 'AL', 'AM', 'AO', 'AQ', 'AR', 'AS', 'AT', 'AU', 'AW', 'AX', 'AZ', 'BA', 'BB', 'BD', 'BE', 'BF', 'BG', 'BH', 'BI', 'BJ', 'BL', 'BM', 'BN', 'BO', 'BQ', 'BR', 'BS', 'BT', '...</msg>
<var>${list_country}</var>
<arg>AD</arg>
<arg>AE</arg>
<arg>AF</arg>
<arg>AG</arg>
<arg>AI</arg>
<arg>AL</arg>
<arg>AM</arg>
<arg>AO</arg>
<arg>AQ</arg>
<arg>AR</arg>
<arg>AS</arg>
<arg>AT</arg>
<arg>AU</arg>
<arg>AW</arg>
<arg>AX</arg>
<arg>AZ</arg>
<arg>BA</arg>
<arg>BB</arg>
<arg>BD</arg>
<arg>BE</arg>
<arg>BF</arg>
<arg>BG</arg>
<arg>BH</arg>
<arg>BI</arg>
<arg>BJ</arg>
<arg>BL</arg>
<arg>BM</arg>
<arg>BN</arg>
<arg>BO</arg>
<arg>BQ</arg>
<arg>BR</arg>
<arg>BS</arg>
<arg>BT</arg>
<arg>BV</arg>
<arg>BW</arg>
<arg>BY</arg>
<arg>BZ</arg>
<arg>CA</arg>
<arg>CC</arg>
<arg>CD</arg>
<arg>CF</arg>
<arg>CG</arg>
<arg>CH</arg>
<arg>CI</arg>
<arg>CK</arg>
<arg>CL</arg>
<arg>CM</arg>
<arg>CN</arg>
<arg>CO</arg>
<arg>CR</arg>
<arg>CU</arg>
<arg>CV</arg>
<arg>CW</arg>
<arg>CX</arg>
<arg>CY</arg>
<arg>CZ</arg>
<arg>DE</arg>
<arg>DJ</arg>
<arg>DK</arg>
<arg>DM</arg>
<arg>DO</arg>
<arg>DZ</arg>
<arg>EC</arg>
<arg>EE</arg>
<arg>EG</arg>
<arg>EH</arg>
<arg>ER</arg>
<arg>ES</arg>
<arg>ET</arg>
<arg>FI</arg>
<arg>FJ</arg>
<arg>FK</arg>
<arg>FM</arg>
<arg>FO</arg>
<arg>FR</arg>
<arg>GA</arg>
<arg>GB</arg>
<arg>GD</arg>
<arg>GE</arg>
<arg>GF</arg>
<arg>GG</arg>
<arg>GH</arg>
<arg>GI</arg>
<arg>GL</arg>
<arg>GM</arg>
<arg>GN</arg>
<arg>GP</arg>
<arg>GQ</arg>
<arg>GR</arg>
<arg>GS</arg>
<arg>GT</arg>
<arg>GU</arg>
<arg>GW</arg>
<arg>GY</arg>
<arg>HK</arg>
<arg>HM</arg>
<arg>HN</arg>
<arg>HR</arg>
<arg>HT</arg>
<arg>HU</arg>
<arg>ID</arg>
<arg>IE</arg>
<arg>IL</arg>
<arg>IM</arg>
<arg>IN</arg>
<arg>IO</arg>
<arg>IQ</arg>
<arg>IR</arg>
<arg>IS</arg>
<arg>IT</arg>
<arg>JE</arg>
<arg>JM</arg>
<arg>JO</arg>
<arg>JP</arg>
<arg>KE</arg>
<arg>KG</arg>
<arg>KH</arg>
<arg>KI</arg>
<arg>KM</arg>
<arg>KN</arg>
<arg>KP</arg>
<arg>KR</arg>
<arg>KW</arg>
<arg>KY</arg>
<arg>KZ</arg>
<arg>LA</arg>
<arg>LB</arg>
<arg>LC</arg>
<arg>LI</arg>
<arg>LK</arg>
<arg>LR</arg>
<arg>LS</arg>
<arg>LT</arg>
<arg>LU</arg>
<arg>LV</arg>
<arg>LY</arg>
<arg>MA</arg>
<arg>MC</arg>
<arg>MD</arg>
<arg>ME</arg>
<arg>MF</arg>
<arg>MG</arg>
<arg>MH</arg>
<arg>MK</arg>
<arg>ML</arg>
<arg>MM</arg>
<arg>MN</arg>
<arg>MO</arg>
<arg>MP</arg>
<arg>MQ</arg>
<arg>MR</arg>
<arg>MS</arg>
<arg>MT</arg>
<arg>MU</arg>
<arg>MV</arg>
<arg>MW</arg>
<arg>MX</arg>
<arg>MY</arg>
<arg>MZ</arg>
<arg>NA</arg>
<arg>NC</arg>
<arg>NE</arg>
<arg>NF</arg>
<arg>NG</arg>
<arg>NI</arg>
<arg>NL</arg>
<arg>NO</arg>
<arg>NP</arg>
<arg>NR</arg>
<arg>NU</arg>
<arg>NZ</arg>
<arg>OM</arg>
<arg>PA</arg>
<arg>PE</arg>
<arg>PF</arg>
<arg>PG</arg>
<arg>PH</arg>
<arg>PK</arg>
<arg>PL</arg>
<arg>PM</arg>
<arg>PN</arg>
<arg>PR</arg>
<arg>PS</arg>
<arg>PT</arg>
<arg>PW</arg>
<arg>PY</arg>
<arg>QA</arg>
<arg>RE</arg>
<arg>RO</arg>
<arg>RS</arg>
<arg>RU</arg>
<arg>RW</arg>
<arg>SA</arg>
<arg>SB</arg>
<arg>SC</arg>
<arg>SD</arg>
<arg>SE</arg>
<arg>SG</arg>
<arg>SH</arg>
<arg>SI</arg>
<arg>SJ</arg>
<arg>SK</arg>
<arg>SL</arg>
<arg>SM</arg>
<arg>SN</arg>
<arg>SO</arg>
<arg>SR</arg>
<arg>SS</arg>
<arg>ST</arg>
<arg>SV</arg>
<arg>SX</arg>
<arg>SY</arg>
<arg>SZ</arg>
<arg>TC</arg>
<arg>TD</arg>
<arg>TF</arg>
<arg>TG</arg>
<arg>TH</arg>
<arg>TJ</arg>
<arg>TK</arg>
<arg>TL</arg>
<arg>TM</arg>
<arg>TN</arg>
<arg>TO</arg>
<arg>TR</arg>
<arg>TT</arg>
<arg>TV</arg>
<arg>TW</arg>
<arg>TZ</arg>
<arg>UA</arg>
<arg>UG</arg>
<arg>UM</arg>
<arg>US</arg>
<arg>UY</arg>
<arg>UZ</arg>
<arg>VA</arg>
<arg>VC</arg>
<arg>VE</arg>
<arg>VG</arg>
<arg>VI</arg>
<arg>VN</arg>
<arg>VU</arg>
<arg>WF</arg>
<arg>WS</arg>
<arg>XK</arg>
<arg>YE</arg>
<arg>YT</arg>
<arg>ZA</arg>
<arg>ZM</arg>
<arg>ZW</arg>
<doc>Returns a list containing given items.</doc>
<status status="PASS" start="2024-05-22T04:18:19.097736" elapsed="0.000622"/>
</kw>
<kw name="List Should Contain Value" owner="Collections">
<msg time="2024-05-22T04:18:19.099327" level="INFO">False</msg>
<arg>${list_country}</arg>
<arg>${name_country}</arg>
<doc>Fails if the ``value`` is not found from ``list``.</doc>
<status status="PASS" start="2024-05-22T04:18:19.099131" elapsed="0.000232"/>
</kw>
<kw name="Run Keyword If" owner="BuiltIn">
<kw name="Should Be True" owner="BuiltIn">
<arg>${True}</arg>
<doc>Fails if the given condition is not true.</doc>
<status status="PASS" start="2024-05-22T04:18:19.100419" elapsed="0.000145"/>
</kw>
<arg>${json_data["results"][0]["location"]["coordinates"]["latitude"]} &gt;= -90 and ${json_data["results"][0]["location"]["coordinates"]["latitude"]} &lt;= 90</arg>
<arg>Should Be True</arg>
<arg>${True}</arg>
<doc>Runs the given keyword with the given arguments, if ``condition`` is true.</doc>
<status status="PASS" start="2024-05-22T04:18:19.099669" elapsed="0.001021"/>
</kw>
<kw name="Run Keyword If" owner="BuiltIn">
<kw name="Should Be True" owner="BuiltIn">
<arg>${True}</arg>
<doc>Fails if the given condition is not true.</doc>
<status status="PASS" start="2024-05-22T04:18:19.101618" elapsed="0.000139"/>
</kw>
<arg>${json_data["results"][0]["location"]["coordinates"]["longitude"]} &gt;= -180 and ${json_data["results"][0]["location"]["coordinates"]["longitude"]} &lt;= 180</arg>
<arg>Should Be True</arg>
<arg>${True}</arg>
<doc>Runs the given keyword with the given arguments, if ``condition`` is true.</doc>
<status status="PASS" start="2024-05-22T04:18:19.100873" elapsed="0.001007"/>
</kw>
<status status="PASS" start="2024-05-22T04:18:18.974970" elapsed="0.127039"/>
</kw>
<doc>Testa o conteúdo específico dos campos retornados pela API.</doc>
<tag>testeConteudo</tag>
<status status="PASS" start="2024-05-22T04:18:18.974502" elapsed="0.127660"/>
</test>
<status status="PASS" start="2024-05-22T04:18:17.268457" elapsed="1.835639"/>
</suite>
<status status="PASS" start="2024-05-22T04:18:17.255056" elapsed="1.854220"/>
</suite>
<statistics>
<total>
<stat pass="5" fail="0" skip="0">All Tests</stat>
</total>
<tag>
<stat pass="1" fail="0" skip="0">testeConteudo</stat>
<stat pass="1" fail="0" skip="0">testeEstruturaResposta</stat>
<stat pass="1" fail="0" skip="0">testeRequisicaoBasica</stat>
<stat pass="1" fail="0" skip="0">testeTiposDados</stat>
</tag>
<suite>
<stat pass="5" fail="0" skip="0" id="s1" name="Tests">Tests</stat>
<stat pass="5" fail="0" skip="0" id="s1-s1" name="Random-User-Test">Tests.Random-User-Test</stat>
</suite>
</statistics>
<errors>
</errors>
</robot>
