<?xml version="1.0" encoding="UTF-8"?>
<robot generator="Robot 7.0 (Python 3.12.2 on linux)" generated="2024-04-07T11:12:04.990155" rpa="false" schemaversion="5">
<suite id="s1" name="Tests" source="/home/runner/work/DesafioQAItauRogerioJordao/DesafioQAItauRogerioJordao/RamdonUser/tests">
<suite id="s1-s1" name="Random-User-Test" source="/home/runner/work/DesafioQAItauRogerioJordao/DesafioQAItauRogerioJordao/RamdonUser/tests/random-user-test.robot">
<test id="s1-s1-t1" name="Conectar" line="13">
<kw name="Conectar API" owner="random-user-service">
<kw name="Create Session" owner="RequestsLibrary">
<msg time="2024-04-07T11:12:05.352005" level="INFO">Creating Session using : alias=consultarAPI, url=https://randomuser.me/, headers={},                     cookies={}, auth=None, timeout=None, proxies=None, verify=False,                     debug=0 </msg>
<arg>consultarAPI</arg>
<arg>${URL}</arg>
<doc>Create Session: create a HTTP session to a server</doc>
<status status="PASS" start="2024-04-07T11:12:05.351813" elapsed="0.000343"/>
</kw>
<status status="PASS" start="2024-04-07T11:12:05.350839" elapsed="0.001662"/>
</kw>
<status status="PASS" start="2024-04-07T11:12:05.350324" elapsed="0.002379"/>
</test>
<test id="s1-s1-t2" name="Validar retorno 200 e JSON Válido" line="16">
<kw name="Teste de Requisicao Basica" owner="random-user-service">
<kw name="GET On Session" owner="RequestsLibrary">
<msg time="2024-04-07T11:12:05.508415" level="INFO">GET Request : url=https://randomuser.me/api 
 path_url=/api 
 headers={'User-Agent': 'python-requests/2.31.0', 'Accept-Encoding': 'gzip, deflate', 'Accept': '*/*', 'Connection': 'keep-alive'} 
 body=None 
 </msg>
<msg time="2024-04-07T11:12:05.508520" level="INFO">GET Response : url=https://randomuser.me/api 
 status=200, reason=OK 
 headers={'Date': 'Sun, 07 Apr 2024 11:12:05 GMT', 'Content-Type': 'application/json; charset=utf-8', 'Transfer-Encoding': 'chunked', 'Connection': 'keep-alive', 'X-Powered-By': 'Express', 'Access-Control-Allow-Origin': '*', 'Cache-Control': 'no-cache', 'ETag': 'W/"489-5nIDCteJLWTYEMzoFoNHg/u2KTA"', 'Vary': 'Accept-Encoding', 'Content-Encoding': 'gzip', 'CF-Cache-Status': 'DYNAMIC', 'Report-To': '{"endpoints":[{"url":"https:\\/\\/a.nel.cloudflare.com\\/report\\/v4?s=gzAZGQso%2F8SPo1bATPm6X58B5FN03c5Ljz2L6kvuIWPBQ3g5iPJ2BJECHlVWYYa8fLlbGTPzcvuXL0E9oONq%2Fhug6r8cPFftaIM2gtt7xx7q1Qv%2Bqt%2FFNzzUT1EYRzkS"}],"group":"cf-nel","max_age":604800}', 'NEL': '{"success_fraction":0,"report_to":"cf-nel","max_age":604800}', 'Server': 'cloudflare', 'CF-RAY': '870994a1d98cdbaa-LAX', 'alt-svc': 'h3=":443"; ma=86400'} 
 body={"results":[{"gender":"female","name":{"title":"Ms","first":"Elif","last":"Ozansoy"},"location":{"street":{"number":9405,"name":"Necatibey Cd"},"city":"Mersin","state":"Bartın","country":"Turkey","postcode":69894,"coordinates":{"latitude":"70.3195","longitude":"176.3021"},"timezone":{"offset":"+9:00","description":"Tokyo, Seoul, Osaka, Sapporo, Yakutsk"}},"email":"elif.ozansoy@example.com","login":{"uuid":"5afef86e-af90-4f42-944e-a44a99c129c8","username":"tinyostrich367","password":"crescent","salt":"8Mc9qjgr","md5":"c33108807bab393d1600bab3f0edff05","sha1":"6649902da5cffd567593dab1b004dff3f54a0d55","sha256":"559680f46fa2d1026a223c0ed8665122af007eb471d317e3fd5dbbce69f37014"},"dob":{"date":"1960-01-30T22:20:05.684Z","age":64},"registered":{"date":"2014-12-15T13:22:54.776Z","age":9},"phone":"(570)-157-5407","cell":"(141)-561-9006","id":{"name":"","value":null},"picture":{"large":"https://randomuser.me/api/portraits/women/59.jpg","medium":"https://randomuser.me/api/portraits/med/women/59.jpg","thumbnail":"https://randomuser.me/api/portraits/thumb/women/59.jpg"},"nat":"TR"}],"info":{"seed":"0801d9c49d645e03","results":1,"page":1,"version":"1.4"}} 
 </msg>
<msg time="2024-04-07T11:12:05.508614" level="INFO">/opt/hostedtoolcache/Python/3.12.2/x64/lib/python3.12/site-packages/urllib3/connectionpool.py:1103: InsecureRequestWarning: Unverified HTTPS request is being made to host 'randomuser.me'. Adding certificate verification is strongly advised. See: https://urllib3.readthedocs.io/en/latest/advanced-usage.html#tls-warnings
  warnings.warn(</msg>
<msg time="2024-04-07T11:12:05.508721" level="INFO">${response} = &lt;Response [200]&gt;</msg>
<var>${response}</var>
<arg>consultarAPI</arg>
<arg>/api</arg>
<doc>Sends a GET request on a previously created HTTP Session.</doc>
<status status="PASS" start="2024-04-07T11:12:05.355263" elapsed="0.153601"/>
</kw>
<kw name="Should Be Equal As Numbers" owner="BuiltIn">
<msg time="2024-04-07T11:12:05.509709" level="INFO">Argument types are:
&lt;class 'int'&gt;
&lt;class 'str'&gt;</msg>
<arg>${response.status_code}</arg>
<arg>200</arg>
<doc>Fails if objects are unequal after converting them to real numbers.</doc>
<status status="PASS" start="2024-04-07T11:12:05.509255" elapsed="0.000523"/>
</kw>
<kw name="Log" owner="BuiltIn">
<msg time="2024-04-07T11:12:05.510463" level="INFO">200</msg>
<arg>${response.status_code}</arg>
<doc>Logs the given message with the given level.</doc>
<status status="PASS" start="2024-04-07T11:12:05.510101" elapsed="0.000405"/>
</kw>
<kw name="Set Variable" owner="BuiltIn">
<msg time="2024-04-07T11:12:05.511293" level="INFO">${json_data} = {'results': [{'gender': 'female', 'name': {'title': 'Ms', 'first': 'Elif', 'last': 'Ozansoy'}, 'location': {'street': {'number': 9405, 'name': 'Necatibey Cd'}, 'city': 'Mersin', 'state': 'Bartın', 'co...</msg>
<var>${json_data}</var>
<arg>${response.json()}</arg>
<doc>Returns the given values which can then be assigned to a variables.</doc>
<status status="PASS" start="2024-04-07T11:12:05.510844" elapsed="0.000479"/>
</kw>
<kw name="Dictionary Should Contain Key" owner="Collections">
<msg time="2024-04-07T11:12:05.511793" level="INFO">False</msg>
<arg>${json_data}</arg>
<arg>results</arg>
<doc>Fails if ``key`` is not found from ``dictionary``.</doc>
<status status="PASS" start="2024-04-07T11:12:05.511627" elapsed="0.000205"/>
</kw>
<status status="PASS" start="2024-04-07T11:12:05.355013" elapsed="0.157075"/>
</kw>
<doc>Testa se a API responde corretamente e retorna um objeto JSON válido.</doc>
<tag>testeRequisicaoBasica</tag>
<status status="PASS" start="2024-04-07T11:12:05.354557" elapsed="0.157709"/>
</test>
<test id="s1-s1-t3" name="Validar estrutura de resposta" line="22">
<kw name="Teste de Estrutura de Resposta" owner="random-user-service">
<kw name="GET On Session" owner="RequestsLibrary">
<msg time="2024-04-07T11:12:05.630431" level="INFO">GET Request : url=https://randomuser.me/api 
 path_url=/api 
 headers={'User-Agent': 'python-requests/2.31.0', 'Accept-Encoding': 'gzip, deflate', 'Accept': '*/*', 'Connection': 'keep-alive'} 
 body=None 
 </msg>
<msg time="2024-04-07T11:12:05.630527" level="INFO">GET Response : url=https://randomuser.me/api 
 status=200, reason=OK 
 headers={'Date': 'Sun, 07 Apr 2024 11:12:05 GMT', 'Content-Type': 'application/json; charset=utf-8', 'Transfer-Encoding': 'chunked', 'Connection': 'keep-alive', 'X-Powered-By': 'Express', 'Access-Control-Allow-Origin': '*', 'Cache-Control': 'no-cache', 'ETag': 'W/"46e-S+RREmeXr9jErxZ2bIMOrEgR7fg"', 'Vary': 'Accept-Encoding', 'Content-Encoding': 'gzip', 'CF-Cache-Status': 'DYNAMIC', 'Report-To': '{"endpoints":[{"url":"https:\\/\\/a.nel.cloudflare.com\\/report\\/v4?s=eqI8gA%2FgPOR3MKNOPW5XH5%2BnB9UsW224PbTIAoyU4pwFNrJMGL%2Ba6mG%2F89o679UwQEJm643j0ptEKcE%2FhydgZn%2BsJ376k8T%2Bpdl4oCxS%2F4Fk7EXgb8uZDCOXXfWMN1ym"}],"group":"cf-nel","max_age":604800}', 'NEL': '{"success_fraction":0,"report_to":"cf-nel","max_age":604800}', 'Server': 'cloudflare', 'CF-RAY': '870994a279efdbaa-LAX', 'alt-svc': 'h3=":443"; ma=86400'} 
 body={"results":[{"gender":"female","name":{"title":"Mrs","first":"Linda","last":"Hoffman"},"location":{"street":{"number":2537,"name":"New Road"},"city":"Dungarvan","state":"Kilkenny","country":"Ireland","postcode":14581,"coordinates":{"latitude":"3.2493","longitude":"161.8237"},"timezone":{"offset":"-9:00","description":"Alaska"}},"email":"linda.hoffman@example.com","login":{"uuid":"a6624756-073d-4370-8386-2f14b162b91d","username":"happycat983","password":"kelsey","salt":"CnZmEcsm","md5":"bfe2dc26ee611d42da5102977f6a3522","sha1":"38f429ce9954f66dc85dff3fb3ba8c728dcfb06a","sha256":"7d577ad3385efd9e2e61860d011ad7bd2d74922c5498af87c6844702bbafd512"},"dob":{"date":"1948-04-18T01:22:31.188Z","age":75},"registered":{"date":"2008-02-16T13:54:06.069Z","age":16},"phone":"011-416-5183","cell":"081-069-0565","id":{"name":"PPS","value":"4113226T"},"picture":{"large":"https://randomuser.me/api/portraits/women/67.jpg","medium":"https://randomuser.me/api/portraits/med/women/67.jpg","thumbnail":"https://randomuser.me/api/portraits/thumb/women/67.jpg"},"nat":"IE"}],"info":{"seed":"1956cb850d85bbd4","results":1,"page":1,"version":"1.4"}} 
 </msg>
<msg time="2024-04-07T11:12:05.630632" level="INFO">/opt/hostedtoolcache/Python/3.12.2/x64/lib/python3.12/site-packages/urllib3/connectionpool.py:1103: InsecureRequestWarning: Unverified HTTPS request is being made to host 'randomuser.me'. Adding certificate verification is strongly advised. See: https://urllib3.readthedocs.io/en/latest/advanced-usage.html#tls-warnings
  warnings.warn(</msg>
<msg time="2024-04-07T11:12:05.630725" level="INFO">${response} = &lt;Response [200]&gt;</msg>
<var>${response}</var>
<arg>consultarAPI</arg>
<arg>/api</arg>
<doc>Sends a GET request on a previously created HTTP Session.</doc>
<status status="PASS" start="2024-04-07T11:12:05.514960" elapsed="0.115797"/>
</kw>
<kw name="Set Variable" owner="BuiltIn">
<msg time="2024-04-07T11:12:05.631596" level="INFO">${json_data} = {'results': [{'gender': 'female', 'name': {'title': 'Mrs', 'first': 'Linda', 'last': 'Hoffman'}, 'location': {'street': {'number': 2537, 'name': 'New Road'}, 'city': 'Dungarvan', 'state': 'Kilkenny', ...</msg>
<var>${json_data}</var>
<arg>${response.json()}</arg>
<doc>Returns the given values which can then be assigned to a variables.</doc>
<status status="PASS" start="2024-04-07T11:12:05.631143" elapsed="0.000481"/>
</kw>
<kw name="Log" owner="BuiltIn">
<msg time="2024-04-07T11:12:05.632089" level="INFO">{'results': [{'gender': 'female', 'name': {'title': 'Mrs', 'first': 'Linda', 'last': 'Hoffman'}, 'location': {'street': {'number': 2537, 'name': 'New Road'}, 'city': 'Dungarvan', 'state': 'Kilkenny', 'country': 'Ireland', 'postcode': 14581, 'coordinates': {'latitude': '3.2493', 'longitude': '161.8237'}, 'timezone': {'offset': '-9:00', 'description': 'Alaska'}}, 'email': 'linda.hoffman@example.com', 'login': {'uuid': 'a6624756-073d-4370-8386-2f14b162b91d', 'username': 'happycat983', 'password': 'kelsey', 'salt': 'CnZmEcsm', 'md5': 'bfe2dc26ee611d42da5102977f6a3522', 'sha1': '38f429ce9954f66dc85dff3fb3ba8c728dcfb06a', 'sha256': '7d577ad3385efd9e2e61860d011ad7bd2d74922c5498af87c6844702bbafd512'}, 'dob': {'date': '1948-04-18T01:22:31.188Z', 'age': 75}, 'registered': {'date': '2008-02-16T13:54:06.069Z', 'age': 16}, 'phone': '011-416-5183', 'cell': '081-069-0565', 'id': {'name': 'PPS', 'value': '4113226T'}, 'picture': {'large': 'https://randomuser.me/api/portraits/women/67.jpg', 'medium': 'https://randomuser.me/api/portraits/med/women/67.jpg', 'thumbnail': 'https://randomuser.me/api/portraits/thumb/women/67.jpg'}, 'nat': 'IE'}], 'info': {'seed': '1956cb850d85bbd4', 'results': 1, 'page': 1, 'version': '1.4'}}</msg>
<arg>${json_data}</arg>
<doc>Logs the given message with the given level.</doc>
<status status="PASS" start="2024-04-07T11:12:05.631930" elapsed="0.000212"/>
</kw>
<kw name="Dictionary Should Contain Key" owner="Collections">
<msg time="2024-04-07T11:12:05.632587" level="INFO">False</msg>
<arg>${json_data}</arg>
<arg>results</arg>
<doc>Fails if ``key`` is not found from ``dictionary``.</doc>
<status status="PASS" start="2024-04-07T11:12:05.632436" elapsed="0.000188"/>
</kw>
<kw name="Should Not Be Empty" owner="BuiltIn">
<msg time="2024-04-07T11:12:05.633054" level="INFO">Length is 2.</msg>
<arg>${json_data}</arg>
<doc>Verifies that the given item is not empty.</doc>
<status status="PASS" start="2024-04-07T11:12:05.632920" elapsed="0.000172"/>
</kw>
<kw name="Create List" owner="BuiltIn">
<msg time="2024-04-07T11:12:05.633592" level="INFO">${expected_keys} = ['gender', 'name', 'location', 'email', 'login']</msg>
<var>${expected_keys}</var>
<arg>gender</arg>
<arg>name</arg>
<arg>location</arg>
<arg>email</arg>
<arg>login</arg>
<doc>Returns a list containing given items.</doc>
<status status="PASS" start="2024-04-07T11:12:05.633427" elapsed="0.000189"/>
</kw>
<for flavor="IN">
<iter>
<kw name="Dictionary Should Contain Key" owner="Collections">
<msg time="2024-04-07T11:12:05.634592" level="INFO">False</msg>
<arg>${json_data['results'][0]}</arg>
<arg>${key}</arg>
<doc>Fails if ``key`` is not found from ``dictionary``.</doc>
<status status="PASS" start="2024-04-07T11:12:05.634185" elapsed="0.000447"/>
</kw>
<kw name="Log" owner="BuiltIn">
<msg time="2024-04-07T11:12:05.635317" level="INFO">{'gender': 'female', 'name': {'title': 'Mrs', 'first': 'Linda', 'last': 'Hoffman'}, 'location': {'street': {'number': 2537, 'name': 'New Road'}, 'city': 'Dungarvan', 'state': 'Kilkenny', 'country': 'Ireland', 'postcode': 14581, 'coordinates': {'latitude': '3.2493', 'longitude': '161.8237'}, 'timezone': {'offset': '-9:00', 'description': 'Alaska'}}, 'email': 'linda.hoffman@example.com', 'login': {'uuid': 'a6624756-073d-4370-8386-2f14b162b91d', 'username': 'happycat983', 'password': 'kelsey', 'salt': 'CnZmEcsm', 'md5': 'bfe2dc26ee611d42da5102977f6a3522', 'sha1': '38f429ce9954f66dc85dff3fb3ba8c728dcfb06a', 'sha256': '7d577ad3385efd9e2e61860d011ad7bd2d74922c5498af87c6844702bbafd512'}, 'dob': {'date': '1948-04-18T01:22:31.188Z', 'age': 75}, 'registered': {'date': '2008-02-16T13:54:06.069Z', 'age': 16}, 'phone': '011-416-5183', 'cell': '081-069-0565', 'id': {'name': 'PPS', 'value': '4113226T'}, 'picture': {'large': 'https://randomuser.me/api/portraits/women/67.jpg', 'medium': 'https://randomuser.me/api/portraits/med/women/67.jpg', 'thumbnail': 'https://randomuser.me/api/portraits/thumb/women/67.jpg'}, 'nat': 'IE'}</msg>
<arg>${json_data['results'][0]}</arg>
<doc>Logs the given message with the given level.</doc>
<status status="PASS" start="2024-04-07T11:12:05.634945" elapsed="0.000420"/>
</kw>
<kw name="Log" owner="BuiltIn">
<msg time="2024-04-07T11:12:05.635796" level="INFO">gender</msg>
<arg>${key}</arg>
<doc>Logs the given message with the given level.</doc>
<status status="PASS" start="2024-04-07T11:12:05.635665" elapsed="0.000169"/>
</kw>
<var name="${key}">gender</var>
<status status="PASS" start="2024-04-07T11:12:05.634061" elapsed="0.001996"/>
</iter>
<iter>
<kw name="Dictionary Should Contain Key" owner="Collections">
<msg time="2024-04-07T11:12:05.636757" level="INFO">False</msg>
<arg>${json_data['results'][0]}</arg>
<arg>${key}</arg>
<doc>Fails if ``key`` is not found from ``dictionary``.</doc>
<status status="PASS" start="2024-04-07T11:12:05.636365" elapsed="0.000430"/>
</kw>
<kw name="Log" owner="BuiltIn">
<msg time="2024-04-07T11:12:05.637527" level="INFO">{'gender': 'female', 'name': {'title': 'Mrs', 'first': 'Linda', 'last': 'Hoffman'}, 'location': {'street': {'number': 2537, 'name': 'New Road'}, 'city': 'Dungarvan', 'state': 'Kilkenny', 'country': 'Ireland', 'postcode': 14581, 'coordinates': {'latitude': '3.2493', 'longitude': '161.8237'}, 'timezone': {'offset': '-9:00', 'description': 'Alaska'}}, 'email': 'linda.hoffman@example.com', 'login': {'uuid': 'a6624756-073d-4370-8386-2f14b162b91d', 'username': 'happycat983', 'password': 'kelsey', 'salt': 'CnZmEcsm', 'md5': 'bfe2dc26ee611d42da5102977f6a3522', 'sha1': '38f429ce9954f66dc85dff3fb3ba8c728dcfb06a', 'sha256': '7d577ad3385efd9e2e61860d011ad7bd2d74922c5498af87c6844702bbafd512'}, 'dob': {'date': '1948-04-18T01:22:31.188Z', 'age': 75}, 'registered': {'date': '2008-02-16T13:54:06.069Z', 'age': 16}, 'phone': '011-416-5183', 'cell': '081-069-0565', 'id': {'name': 'PPS', 'value': '4113226T'}, 'picture': {'large': 'https://randomuser.me/api/portraits/women/67.jpg', 'medium': 'https://randomuser.me/api/portraits/med/women/67.jpg', 'thumbnail': 'https://randomuser.me/api/portraits/thumb/women/67.jpg'}, 'nat': 'IE'}</msg>
<arg>${json_data['results'][0]}</arg>
<doc>Logs the given message with the given level.</doc>
<status status="PASS" start="2024-04-07T11:12:05.637127" elapsed="0.000448"/>
</kw>
<kw name="Log" owner="BuiltIn">
<msg time="2024-04-07T11:12:05.638009" level="INFO">name</msg>
<arg>${key}</arg>
<doc>Logs the given message with the given level.</doc>
<status status="PASS" start="2024-04-07T11:12:05.637879" elapsed="0.000168"/>
</kw>
<var name="${key}">name</var>
<status status="PASS" start="2024-04-07T11:12:05.636249" elapsed="0.002017"/>
</iter>
<iter>
<kw name="Dictionary Should Contain Key" owner="Collections">
<msg time="2024-04-07T11:12:05.638959" level="INFO">False</msg>
<arg>${json_data['results'][0]}</arg>
<arg>${key}</arg>
<doc>Fails if ``key`` is not found from ``dictionary``.</doc>
<status status="PASS" start="2024-04-07T11:12:05.638580" elapsed="0.000417"/>
</kw>
<kw name="Log" owner="BuiltIn">
<msg time="2024-04-07T11:12:05.639666" level="INFO">{'gender': 'female', 'name': {'title': 'Mrs', 'first': 'Linda', 'last': 'Hoffman'}, 'location': {'street': {'number': 2537, 'name': 'New Road'}, 'city': 'Dungarvan', 'state': 'Kilkenny', 'country': 'Ireland', 'postcode': 14581, 'coordinates': {'latitude': '3.2493', 'longitude': '161.8237'}, 'timezone': {'offset': '-9:00', 'description': 'Alaska'}}, 'email': 'linda.hoffman@example.com', 'login': {'uuid': 'a6624756-073d-4370-8386-2f14b162b91d', 'username': 'happycat983', 'password': 'kelsey', 'salt': 'CnZmEcsm', 'md5': 'bfe2dc26ee611d42da5102977f6a3522', 'sha1': '38f429ce9954f66dc85dff3fb3ba8c728dcfb06a', 'sha256': '7d577ad3385efd9e2e61860d011ad7bd2d74922c5498af87c6844702bbafd512'}, 'dob': {'date': '1948-04-18T01:22:31.188Z', 'age': 75}, 'registered': {'date': '2008-02-16T13:54:06.069Z', 'age': 16}, 'phone': '011-416-5183', 'cell': '081-069-0565', 'id': {'name': 'PPS', 'value': '4113226T'}, 'picture': {'large': 'https://randomuser.me/api/portraits/women/67.jpg', 'medium': 'https://randomuser.me/api/portraits/med/women/67.jpg', 'thumbnail': 'https://randomuser.me/api/portraits/thumb/women/67.jpg'}, 'nat': 'IE'}</msg>
<arg>${json_data['results'][0]}</arg>
<doc>Logs the given message with the given level.</doc>
<status status="PASS" start="2024-04-07T11:12:05.639299" elapsed="0.000420"/>
</kw>
<kw name="Log" owner="BuiltIn">
<msg time="2024-04-07T11:12:05.640143" level="INFO">location</msg>
<arg>${key}</arg>
<doc>Logs the given message with the given level.</doc>
<status status="PASS" start="2024-04-07T11:12:05.640015" elapsed="0.000166"/>
</kw>
<var name="${key}">location</var>
<status status="PASS" start="2024-04-07T11:12:05.638466" elapsed="0.001929"/>
</iter>
<iter>
<kw name="Dictionary Should Contain Key" owner="Collections">
<msg time="2024-04-07T11:12:05.641058" level="INFO">False</msg>
<arg>${json_data['results'][0]}</arg>
<arg>${key}</arg>
<doc>Fails if ``key`` is not found from ``dictionary``.</doc>
<status status="PASS" start="2024-04-07T11:12:05.640680" elapsed="0.000415"/>
</kw>
<kw name="Log" owner="BuiltIn">
<msg time="2024-04-07T11:12:05.641808" level="INFO">{'gender': 'female', 'name': {'title': 'Mrs', 'first': 'Linda', 'last': 'Hoffman'}, 'location': {'street': {'number': 2537, 'name': 'New Road'}, 'city': 'Dungarvan', 'state': 'Kilkenny', 'country': 'Ireland', 'postcode': 14581, 'coordinates': {'latitude': '3.2493', 'longitude': '161.8237'}, 'timezone': {'offset': '-9:00', 'description': 'Alaska'}}, 'email': 'linda.hoffman@example.com', 'login': {'uuid': 'a6624756-073d-4370-8386-2f14b162b91d', 'username': 'happycat983', 'password': 'kelsey', 'salt': 'CnZmEcsm', 'md5': 'bfe2dc26ee611d42da5102977f6a3522', 'sha1': '38f429ce9954f66dc85dff3fb3ba8c728dcfb06a', 'sha256': '7d577ad3385efd9e2e61860d011ad7bd2d74922c5498af87c6844702bbafd512'}, 'dob': {'date': '1948-04-18T01:22:31.188Z', 'age': 75}, 'registered': {'date': '2008-02-16T13:54:06.069Z', 'age': 16}, 'phone': '011-416-5183', 'cell': '081-069-0565', 'id': {'name': 'PPS', 'value': '4113226T'}, 'picture': {'large': 'https://randomuser.me/api/portraits/women/67.jpg', 'medium': 'https://randomuser.me/api/portraits/med/women/67.jpg', 'thumbnail': 'https://randomuser.me/api/portraits/thumb/women/67.jpg'}, 'nat': 'IE'}</msg>
<arg>${json_data['results'][0]}</arg>
<doc>Logs the given message with the given level.</doc>
<status status="PASS" start="2024-04-07T11:12:05.641430" elapsed="0.000425"/>
</kw>
<kw name="Log" owner="BuiltIn">
<msg time="2024-04-07T11:12:05.642286" level="INFO">email</msg>
<arg>${key}</arg>
<doc>Logs the given message with the given level.</doc>
<status status="PASS" start="2024-04-07T11:12:05.642157" elapsed="0.000166"/>
</kw>
<var name="${key}">email</var>
<status status="PASS" start="2024-04-07T11:12:05.640569" elapsed="0.001977"/>
</iter>
<iter>
<kw name="Dictionary Should Contain Key" owner="Collections">
<msg time="2024-04-07T11:12:05.643293" level="INFO">False</msg>
<arg>${json_data['results'][0]}</arg>
<arg>${key}</arg>
<doc>Fails if ``key`` is not found from ``dictionary``.</doc>
<status status="PASS" start="2024-04-07T11:12:05.642873" elapsed="0.000458"/>
</kw>
<kw name="Log" owner="BuiltIn">
<msg time="2024-04-07T11:12:05.644001" level="INFO">{'gender': 'female', 'name': {'title': 'Mrs', 'first': 'Linda', 'last': 'Hoffman'}, 'location': {'street': {'number': 2537, 'name': 'New Road'}, 'city': 'Dungarvan', 'state': 'Kilkenny', 'country': 'Ireland', 'postcode': 14581, 'coordinates': {'latitude': '3.2493', 'longitude': '161.8237'}, 'timezone': {'offset': '-9:00', 'description': 'Alaska'}}, 'email': 'linda.hoffman@example.com', 'login': {'uuid': 'a6624756-073d-4370-8386-2f14b162b91d', 'username': 'happycat983', 'password': 'kelsey', 'salt': 'CnZmEcsm', 'md5': 'bfe2dc26ee611d42da5102977f6a3522', 'sha1': '38f429ce9954f66dc85dff3fb3ba8c728dcfb06a', 'sha256': '7d577ad3385efd9e2e61860d011ad7bd2d74922c5498af87c6844702bbafd512'}, 'dob': {'date': '1948-04-18T01:22:31.188Z', 'age': 75}, 'registered': {'date': '2008-02-16T13:54:06.069Z', 'age': 16}, 'phone': '011-416-5183', 'cell': '081-069-0565', 'id': {'name': 'PPS', 'value': '4113226T'}, 'picture': {'large': 'https://randomuser.me/api/portraits/women/67.jpg', 'medium': 'https://randomuser.me/api/portraits/med/women/67.jpg', 'thumbnail': 'https://randomuser.me/api/portraits/thumb/women/67.jpg'}, 'nat': 'IE'}</msg>
<arg>${json_data['results'][0]}</arg>
<doc>Logs the given message with the given level.</doc>
<status status="PASS" start="2024-04-07T11:12:05.643637" elapsed="0.000411"/>
</kw>
<kw name="Log" owner="BuiltIn">
<msg time="2024-04-07T11:12:05.644468" level="INFO">login</msg>
<arg>${key}</arg>
<doc>Logs the given message with the given level.</doc>
<status status="PASS" start="2024-04-07T11:12:05.644342" elapsed="0.000262"/>
</kw>
<var name="${key}">login</var>
<status status="PASS" start="2024-04-07T11:12:05.642721" elapsed="0.002106"/>
</iter>
<var>${key}</var>
<value>@{expected_keys}</value>
<status status="PASS" start="2024-04-07T11:12:05.633878" elapsed="0.011075"/>
</for>
<kw name="Create List" owner="BuiltIn">
<msg time="2024-04-07T11:12:05.645322" level="INFO">${expected_keysTwo} = ['username', 'password']</msg>
<var>${expected_keysTwo}</var>
<arg>username</arg>
<arg>password</arg>
<doc>Returns a list containing given items.</doc>
<status status="PASS" start="2024-04-07T11:12:05.645179" elapsed="0.000167"/>
</kw>
<for flavor="IN">
<iter>
<kw name="Dictionary Should Contain Key" owner="Collections">
<msg time="2024-04-07T11:12:05.646256" level="INFO">False</msg>
<arg>${json_data['results'][0]['login']}</arg>
<arg>${keyTwo}</arg>
<doc>Fails if ``key`` is not found from ``dictionary``.</doc>
<status status="PASS" start="2024-04-07T11:12:05.645877" elapsed="0.000416"/>
</kw>
<kw name="Dictionary Should Contain Key" owner="Collections">
<msg time="2024-04-07T11:12:05.646967" level="INFO">False</msg>
<arg>${json_data['results'][0]['login']}</arg>
<arg>${keyTwo}</arg>
<doc>Fails if ``key`` is not found from ``dictionary``.</doc>
<status status="PASS" start="2024-04-07T11:12:05.646586" elapsed="0.000418"/>
</kw>
<kw name="Log" owner="BuiltIn">
<msg time="2024-04-07T11:12:05.647425" level="INFO">username</msg>
<arg>${keyTwo}</arg>
<doc>Logs the given message with the given level.</doc>
<status status="PASS" start="2024-04-07T11:12:05.647297" elapsed="0.000165"/>
</kw>
<var name="${keyTwo}">username</var>
<status status="PASS" start="2024-04-07T11:12:05.645765" elapsed="0.001913"/>
</iter>
<iter>
<kw name="Dictionary Should Contain Key" owner="Collections">
<msg time="2024-04-07T11:12:05.648338" level="INFO">False</msg>
<arg>${json_data['results'][0]['login']}</arg>
<arg>${keyTwo}</arg>
<doc>Fails if ``key`` is not found from ``dictionary``.</doc>
<status status="PASS" start="2024-04-07T11:12:05.647963" elapsed="0.000412"/>
</kw>
<kw name="Dictionary Should Contain Key" owner="Collections">
<msg time="2024-04-07T11:12:05.649070" level="INFO">False</msg>
<arg>${json_data['results'][0]['login']}</arg>
<arg>${keyTwo}</arg>
<doc>Fails if ``key`` is not found from ``dictionary``.</doc>
<status status="PASS" start="2024-04-07T11:12:05.648694" elapsed="0.000413"/>
</kw>
<kw name="Log" owner="BuiltIn">
<msg time="2024-04-07T11:12:05.649582" level="INFO">password</msg>
<arg>${keyTwo}</arg>
<doc>Logs the given message with the given level.</doc>
<status status="PASS" start="2024-04-07T11:12:05.649437" elapsed="0.000184"/>
</kw>
<var name="${keyTwo}">password</var>
<status status="PASS" start="2024-04-07T11:12:05.647852" elapsed="0.001990"/>
</iter>
<var>${keyTwo}</var>
<value>@{expected_keysTwo}</value>
<status status="PASS" start="2024-04-07T11:12:05.645612" elapsed="0.004355"/>
</for>
<status status="PASS" start="2024-04-07T11:12:05.514727" elapsed="0.135379"/>
</kw>
<doc>Testa a estrutura da resposta da API.</doc>
<tag>testeEstruturaResposta</tag>
<status status="PASS" start="2024-04-07T11:12:05.514131" elapsed="0.136130"/>
</test>
<test id="s1-s1-t4" name="Validar tipos de dados" line="28">
<kw name="Teste de Tipos de Dados" owner="random-user-service">
<kw name="GET On Session" owner="RequestsLibrary">
<msg time="2024-04-07T11:12:05.745263" level="INFO">GET Request : url=https://randomuser.me/api 
 path_url=/api 
 headers={'User-Agent': 'python-requests/2.31.0', 'Accept-Encoding': 'gzip, deflate', 'Accept': '*/*', 'Connection': 'keep-alive'} 
 body=None 
 </msg>
<msg time="2024-04-07T11:12:05.745325" level="INFO">GET Response : url=https://randomuser.me/api 
 status=200, reason=OK 
 headers={'Date': 'Sun, 07 Apr 2024 11:12:05 GMT', 'Content-Type': 'application/json; charset=utf-8', 'Transfer-Encoding': 'chunked', 'Connection': 'keep-alive', 'X-Powered-By': 'Express', 'Access-Control-Allow-Origin': '*', 'Cache-Control': 'no-cache', 'ETag': 'W/"484-wKT+1Ll49HiuJjLPujskAcIxQ0A"', 'Vary': 'Accept-Encoding', 'Content-Encoding': 'gzip', 'CF-Cache-Status': 'DYNAMIC', 'Report-To': '{"endpoints":[{"url":"https:\\/\\/a.nel.cloudflare.com\\/report\\/v4?s=39nsOTtgu6A%2FxmY3z5timEgV1jtxYPnqkV%2FK9V3XzI27Y5zdGMXYisCYg%2Fh6eLJjuGSWoLxtxyMMgfiox9sDiZ4yusmnBpoDulSGNn57gIQBy06XaAUb1yfsGobW03tp"}],"group":"cf-nel","max_age":604800}', 'NEL': '{"success_fraction":0,"report_to":"cf-nel","max_age":604800}', 'Server': 'cloudflare', 'CF-RAY': '870994a35a8edbaa-LAX', 'alt-svc': 'h3=":443"; ma=86400'} 
 body={"results":[{"gender":"male","name":{"title":"Mr","first":"Benedito","last":"Cardoso"},"location":{"street":{"number":1155,"name":"Rua São Luiz "},"city":"Palhoça","state":"Paraíba","country":"Brazil","postcode":59744,"coordinates":{"latitude":"-80.4241","longitude":"-119.9510"},"timezone":{"offset":"-3:30","description":"Newfoundland"}},"email":"benedito.cardoso@example.com","login":{"uuid":"2251c988-932a-409b-bcf0-a475b89a7809","username":"yellowbear712","password":"sailor","salt":"KljOdLSB","md5":"eef106cb18ebf4a3f1ccdde4bb1fb787","sha1":"e61e8c827a2aebd20a4f3628e51d3d5f4a07b55e","sha256":"bc1b859c6e0caed74996efa6caca0cec15a2211701891bb0cae774e780834de0"},"dob":{"date":"1960-05-12T22:53:39.205Z","age":63},"registered":{"date":"2011-03-05T14:05:45.866Z","age":13},"phone":"(75) 5645-0516","cell":"(88) 0637-1397","id":{"name":"CPF","value":"114.944.443-25"},"picture":{"large":"https://randomuser.me/api/portraits/men/36.jpg","medium":"https://randomuser.me/api/portraits/med/men/36.jpg","thumbnail":"https://randomuser.me/api/portraits/thumb/men/36.jpg"},"nat":"BR"}],"info":{"seed":"cb37e20769f1dcd3","results":1,"page":1,"version":"1.4"}} 
 </msg>
<msg time="2024-04-07T11:12:05.745405" level="INFO">/opt/hostedtoolcache/Python/3.12.2/x64/lib/python3.12/site-packages/urllib3/connectionpool.py:1103: InsecureRequestWarning: Unverified HTTPS request is being made to host 'randomuser.me'. Adding certificate verification is strongly advised. See: https://urllib3.readthedocs.io/en/latest/advanced-usage.html#tls-warnings
  warnings.warn(</msg>
<msg time="2024-04-07T11:12:05.745495" level="INFO">${response} = &lt;Response [200]&gt;</msg>
<var>${response}</var>
<arg>consultarAPI</arg>
<arg>/api</arg>
<doc>Sends a GET request on a previously created HTTP Session.</doc>
<status status="PASS" start="2024-04-07T11:12:05.652700" elapsed="0.092833"/>
</kw>
<kw name="Set Variable" owner="BuiltIn">
<msg time="2024-04-07T11:12:05.746340" level="INFO">${json_data} = {'results': [{'gender': 'male', 'name': {'title': 'Mr', 'first': 'Benedito', 'last': 'Cardoso'}, 'location': {'street': {'number': 1155, 'name': 'Rua São Luiz '}, 'city': 'Palhoça', 'state': 'Paraíba'...</msg>
<var>${json_data}</var>
<arg>${response.json()}</arg>
<doc>Returns the given values which can then be assigned to a variables.</doc>
<status status="PASS" start="2024-04-07T11:12:05.745895" elapsed="0.000473"/>
</kw>
<kw name="Log" owner="BuiltIn">
<msg time="2024-04-07T11:12:05.746844" level="INFO">{'results': [{'gender': 'male', 'name': {'title': 'Mr', 'first': 'Benedito', 'last': 'Cardoso'}, 'location': {'street': {'number': 1155, 'name': 'Rua São Luiz '}, 'city': 'Palhoça', 'state': 'Paraíba', 'country': 'Brazil', 'postcode': 59744, 'coordinates': {'latitude': '-80.4241', 'longitude': '-119.9510'}, 'timezone': {'offset': '-3:30', 'description': 'Newfoundland'}}, 'email': 'benedito.cardoso@example.com', 'login': {'uuid': '2251c988-932a-409b-bcf0-a475b89a7809', 'username': 'yellowbear712', 'password': 'sailor', 'salt': 'KljOdLSB', 'md5': 'eef106cb18ebf4a3f1ccdde4bb1fb787', 'sha1': 'e61e8c827a2aebd20a4f3628e51d3d5f4a07b55e', 'sha256': 'bc1b859c6e0caed74996efa6caca0cec15a2211701891bb0cae774e780834de0'}, 'dob': {'date': '1960-05-12T22:53:39.205Z', 'age': 63}, 'registered': {'date': '2011-03-05T14:05:45.866Z', 'age': 13}, 'phone': '(75) 5645-0516', 'cell': '(88) 0637-1397', 'id': {'name': 'CPF', 'value': '114.944.443-25'}, 'picture': {'large': 'https://randomuser.me/api/portraits/men/36.jpg', 'medium': 'https://randomuser.me/api/portraits/med/men/36.jpg', 'thumbnail': 'https://randomuser.me/api/portraits/thumb/men/36.jpg'}, 'nat': 'BR'}], 'info': {'seed': 'cb37e20769f1dcd3', 'results': 1, 'page': 1, 'version': '1.4'}}</msg>
<arg>${json_data}</arg>
<doc>Logs the given message with the given level.</doc>
<status status="PASS" start="2024-04-07T11:12:05.746679" elapsed="0.000214"/>
</kw>
<kw name="Should Be String" owner="String">
<arg>${json_data['results'][0]['gender']}</arg>
<doc>Fails if the given ``item`` is not a string.</doc>
<status status="PASS" start="2024-04-07T11:12:05.747213" elapsed="0.000363"/>
</kw>
<kw name="Should Match Regexp" owner="BuiltIn">
<arg>${json_data['results'][0]['email']}</arg>
<arg>^[a-zA-Z0-9._%+-]+@[a-zA-Z0-9.-]+\.[a-zA-Z]{2,}$</arg>
<doc>Fails if ``string`` does not match ``pattern`` as a regular expression.</doc>
<status status="PASS" start="2024-04-07T11:12:05.747770" elapsed="0.000505"/>
</kw>
<kw name="Should Match Regexp" owner="BuiltIn">
<arg>${json_data['results'][0]['dob']['date']}</arg>
<arg>\\d{4}-\\d{2}-\\d{2}T\\d{2}:\\d{2}:\\d{2}\\.\\d{3}Z</arg>
<doc>Fails if ``string`` does not match ``pattern`` as a regular expression.</doc>
<status status="PASS" start="2024-04-07T11:12:05.748474" elapsed="0.000492"/>
</kw>
<kw name="Should Match Regexp" owner="BuiltIn">
<arg>${json_data['results'][0]['registered']['date']}</arg>
<arg>\\d{4}-\\d{2}-\\d{2}T\\d{2}:\\d{2}:\\d{2}\\.\\d{3}Z</arg>
<doc>Fails if ``string`` does not match ``pattern`` as a regular expression.</doc>
<status status="PASS" start="2024-04-07T11:12:05.749160" elapsed="0.000422"/>
</kw>
<kw name="Should Match Regexp" owner="BuiltIn">
<arg>${json_data['results'][0]['picture']['large']}</arg>
<arg>^https?://.*\.(?:png|jpe?g|gif|bmp)$</arg>
<doc>Fails if ``string`` does not match ``pattern`` as a regular expression.</doc>
<status status="PASS" start="2024-04-07T11:12:05.749772" elapsed="0.000466"/>
</kw>
<kw name="Should Match Regexp" owner="BuiltIn">
<arg>${json_data['results'][0]['picture']['medium']}</arg>
<arg>^https?://.*\.(?:png|jpe?g|gif|bmp)$</arg>
<doc>Fails if ``string`` does not match ``pattern`` as a regular expression.</doc>
<status status="PASS" start="2024-04-07T11:12:05.750438" elapsed="0.000355"/>
</kw>
<kw name="Should Match Regexp" owner="BuiltIn">
<arg>${json_data['results'][0]['picture']['thumbnail']}</arg>
<arg>^https?://.*\.(?:png|jpe?g|gif|bmp)$</arg>
<doc>Fails if ``string`` does not match ``pattern`` as a regular expression.</doc>
<status status="PASS" start="2024-04-07T11:12:05.750976" elapsed="0.000357"/>
</kw>
<kw name="Log" owner="BuiltIn">
<msg time="2024-04-07T11:12:05.751836" level="INFO">{'large': 'https://randomuser.me/api/portraits/men/36.jpg', 'medium': 'https://randomuser.me/api/portraits/med/men/36.jpg', 'thumbnail': 'https://randomuser.me/api/portraits/thumb/men/36.jpg'}</msg>
<arg>${json_data['results'][0]['picture']}</arg>
<doc>Logs the given message with the given level.</doc>
<status status="PASS" start="2024-04-07T11:12:05.751515" elapsed="0.000362"/>
</kw>
<status status="PASS" start="2024-04-07T11:12:05.652476" elapsed="0.099654"/>
</kw>
<kw name="Teste de Tipos de Dados - Postcode" owner="random-user-service">
<kw name="GET On Session" owner="RequestsLibrary">
<msg time="2024-04-07T11:12:05.856623" level="INFO">GET Request : url=https://randomuser.me/api 
 path_url=/api 
 headers={'User-Agent': 'python-requests/2.31.0', 'Accept-Encoding': 'gzip, deflate', 'Accept': '*/*', 'Connection': 'keep-alive'} 
 body=None 
 </msg>
<msg time="2024-04-07T11:12:05.856706" level="INFO">GET Response : url=https://randomuser.me/api 
 status=200, reason=OK 
 headers={'Date': 'Sun, 07 Apr 2024 11:12:05 GMT', 'Content-Type': 'application/json; charset=utf-8', 'Transfer-Encoding': 'chunked', 'Connection': 'keep-alive', 'X-Powered-By': 'Express', 'Access-Control-Allow-Origin': '*', 'Cache-Control': 'no-cache', 'ETag': 'W/"479-jjWFs/hECm8stin4LuJJOWYLEmI"', 'Vary': 'Accept-Encoding', 'Content-Encoding': 'gzip', 'CF-Cache-Status': 'DYNAMIC', 'Report-To': '{"endpoints":[{"url":"https:\\/\\/a.nel.cloudflare.com\\/report\\/v4?s=uZ%2Fwxlg34fXxE39nUKNz8llkrZJKAxvHwLmhHjN2rzKQYBL6j51lpXLlBATfDCVtxF8qvgR07%2BDdOJXNL2Dw8%2F3tRA8enaUA0hyuv3FTF8guziL4KYkjvjwJgzqOoq52"}],"group":"cf-nel","max_age":604800}', 'NEL': '{"success_fraction":0,"report_to":"cf-nel","max_age":604800}', 'Server': 'cloudflare', 'CF-RAY': '870994a3fb1ddbaa-LAX', 'alt-svc': 'h3=":443"; ma=86400'} 
 body={"results":[{"gender":"male","name":{"title":"Mr","first":"Clyde","last":"Meyer"},"location":{"street":{"number":1708,"name":"School Lane"},"city":"Dungarvan","state":"Meath","country":"Ireland","postcode":81282,"coordinates":{"latitude":"-0.5575","longitude":"-107.5566"},"timezone":{"offset":"-7:00","description":"Mountain Time (US &amp; Canada)"}},"email":"clyde.meyer@example.com","login":{"uuid":"2922b5ac-d8b6-4bf0-bc9d-5d83d211d253","username":"organicswan397","password":"shop","salt":"ZGRxT8dT","md5":"7a08af7b3f2d196c228580cc2b318bb3","sha1":"48d9ef5ac177f7dc076769a4bbd6653eb2b9693b","sha256":"f0b1382a5d46d2dfa9a1044ebba776149e2d777c58c2c356a1918b45672a3c1f"},"dob":{"date":"1991-06-15T21:29:31.878Z","age":32},"registered":{"date":"2013-03-21T16:40:47.643Z","age":11},"phone":"061-100-8132","cell":"081-795-5888","id":{"name":"PPS","value":"3304498T"},"picture":{"large":"https://randomuser.me/api/portraits/men/24.jpg","medium":"https://randomuser.me/api/portraits/med/men/24.jpg","thumbnail":"https://randomuser.me/api/portraits/thumb/men/24.jpg"},"nat":"IE"}],"info":{"seed":"fac4ab41bf86a6c1","results":1,"page":1,"version":"1.4"}} 
 </msg>
<msg time="2024-04-07T11:12:05.856793" level="INFO">/opt/hostedtoolcache/Python/3.12.2/x64/lib/python3.12/site-packages/urllib3/connectionpool.py:1103: InsecureRequestWarning: Unverified HTTPS request is being made to host 'randomuser.me'. Adding certificate verification is strongly advised. See: https://urllib3.readthedocs.io/en/latest/advanced-usage.html#tls-warnings
  warnings.warn(</msg>
<msg time="2024-04-07T11:12:05.856907" level="INFO">${response} = &lt;Response [200]&gt;</msg>
<var>${response}</var>
<arg>consultarAPI</arg>
<arg>/api</arg>
<doc>Sends a GET request on a previously created HTTP Session.</doc>
<status status="PASS" start="2024-04-07T11:12:05.752687" elapsed="0.104257"/>
</kw>
<kw name="Set Variable" owner="BuiltIn">
<msg time="2024-04-07T11:12:05.857788" level="INFO">${json_data} = {'results': [{'gender': 'male', 'name': {'title': 'Mr', 'first': 'Clyde', 'last': 'Meyer'}, 'location': {'street': {'number': 1708, 'name': 'School Lane'}, 'city': 'Dungarvan', 'state': 'Meath', 'coun...</msg>
<var>${json_data}</var>
<arg>${response.json()}</arg>
<doc>Returns the given values which can then be assigned to a variables.</doc>
<status status="PASS" start="2024-04-07T11:12:05.857324" elapsed="0.000492"/>
</kw>
<kw name="Log" owner="BuiltIn">
<msg time="2024-04-07T11:12:05.858272" level="INFO">{'results': [{'gender': 'male', 'name': {'title': 'Mr', 'first': 'Clyde', 'last': 'Meyer'}, 'location': {'street': {'number': 1708, 'name': 'School Lane'}, 'city': 'Dungarvan', 'state': 'Meath', 'country': 'Ireland', 'postcode': 81282, 'coordinates': {'latitude': '-0.5575', 'longitude': '-107.5566'}, 'timezone': {'offset': '-7:00', 'description': 'Mountain Time (US &amp; Canada)'}}, 'email': 'clyde.meyer@example.com', 'login': {'uuid': '2922b5ac-d8b6-4bf0-bc9d-5d83d211d253', 'username': 'organicswan397', 'password': 'shop', 'salt': 'ZGRxT8dT', 'md5': '7a08af7b3f2d196c228580cc2b318bb3', 'sha1': '48d9ef5ac177f7dc076769a4bbd6653eb2b9693b', 'sha256': 'f0b1382a5d46d2dfa9a1044ebba776149e2d777c58c2c356a1918b45672a3c1f'}, 'dob': {'date': '1991-06-15T21:29:31.878Z', 'age': 32}, 'registered': {'date': '2013-03-21T16:40:47.643Z', 'age': 11}, 'phone': '061-100-8132', 'cell': '081-795-5888', 'id': {'name': 'PPS', 'value': '3304498T'}, 'picture': {'large': 'https://randomuser.me/api/portraits/men/24.jpg', 'medium': 'https://randomuser.me/api/portraits/med/men/24.jpg', 'thumbnail': 'https://randomuser.me/api/portraits/thumb/men/24.jpg'}, 'nat': 'IE'}], 'info': {'seed': 'fac4ab41bf86a6c1', 'results': 1, 'page': 1, 'version': '1.4'}}</msg>
<arg>${json_data}</arg>
<doc>Logs the given message with the given level.</doc>
<status status="PASS" start="2024-04-07T11:12:05.858120" elapsed="0.000200"/>
</kw>
<kw name="Should Be Equal As Numbers" owner="BuiltIn">
<arg>${json_data['results'][0]['location']['postcode']}</arg>
<arg>${json_data['results'][0]['location']['postcode']}</arg>
<doc>Fails if objects are unequal after converting them to real numbers.</doc>
<status status="PASS" start="2024-04-07T11:12:05.858614" elapsed="0.000625"/>
</kw>
<kw name="Log" owner="BuiltIn">
<msg time="2024-04-07T11:12:05.859802" level="INFO">81282</msg>
<arg>${json_data['results'][0]['location']['postcode']}</arg>
<doc>Logs the given message with the given level.</doc>
<status status="PASS" start="2024-04-07T11:12:05.859464" elapsed="0.000378"/>
</kw>
<status status="PASS" start="2024-04-07T11:12:05.752351" elapsed="0.107742"/>
</kw>
<doc>Testa se os tipos de dados na resposta da API estão corretos.</doc>
<tag>testeTiposDados</tag>
<status status="PASS" start="2024-04-07T11:12:05.652036" elapsed="0.208220"/>
</test>
<test id="s1-s1-t5" name="Validar conteudo" line="35">
<kw name="Teste de Tipos de Conteudo" owner="random-user-service">
<kw name="GET On Session" owner="RequestsLibrary">
<msg time="2024-04-07T11:12:05.961686" level="INFO">GET Request : url=https://randomuser.me/api 
 path_url=/api 
 headers={'User-Agent': 'python-requests/2.31.0', 'Accept-Encoding': 'gzip, deflate', 'Accept': '*/*', 'Connection': 'keep-alive'} 
 body=None 
 </msg>
<msg time="2024-04-07T11:12:05.961770" level="INFO">GET Response : url=https://randomuser.me/api 
 status=200, reason=OK 
 headers={'Date': 'Sun, 07 Apr 2024 11:12:05 GMT', 'Content-Type': 'application/json; charset=utf-8', 'Transfer-Encoding': 'chunked', 'Connection': 'keep-alive', 'X-Powered-By': 'Express', 'Access-Control-Allow-Origin': '*', 'Cache-Control': 'no-cache', 'ETag': 'W/"48e-faTojUgFUkb4EwaIOCJEx5rE8LI"', 'Vary': 'Accept-Encoding', 'Content-Encoding': 'gzip', 'CF-Cache-Status': 'DYNAMIC', 'Report-To': '{"endpoints":[{"url":"https:\\/\\/a.nel.cloudflare.com\\/report\\/v4?s=MufDd1LCbbGtWjXhY1Zx%2BR7CHDaWsTxIResqCJ%2BE7SVaF%2FMPSMkti6RbKLV%2FEe7E3YKmfA10%2B1FknhMVHdfSsRPHGZUHEt9X8OieITWpx%2F8gi1O8AU1RTTGRGxk4vsU8"}],"group":"cf-nel","max_age":604800}', 'NEL': '{"success_fraction":0,"report_to":"cf-nel","max_age":604800}', 'Server': 'cloudflare', 'CF-RAY': '870994a4ab7ddbaa-LAX', 'alt-svc': 'h3=":443"; ma=86400'} 
 body={"results":[{"gender":"female","name":{"title":"Ms","first":"Samantha","last":"Turner"},"location":{"street":{"number":4487,"name":"Galway Road"},"city":"Lusk","state":"Westmeath","country":"Ireland","postcode":54895,"coordinates":{"latitude":"-3.9312","longitude":"174.3615"},"timezone":{"offset":"+5:30","description":"Bombay, Calcutta, Madras, New Delhi"}},"email":"samantha.turner@example.com","login":{"uuid":"deeb729e-74b5-4546-a541-dd3d5c14e323","username":"bigswan875","password":"coventry","salt":"sRuvpzyv","md5":"585faf271fb183e224d34399eeb15e3c","sha1":"72688e6ca01a12cd8301c014e364bb6f00ab959a","sha256":"1b725113a06f44ab33b14e3678aa60ae51f5387418227a4a038e7b087260908e"},"dob":{"date":"1956-10-06T00:40:41.980Z","age":67},"registered":{"date":"2019-04-24T04:53:54.362Z","age":4},"phone":"061-029-2129","cell":"081-894-5160","id":{"name":"PPS","value":"4629828T"},"picture":{"large":"https://randomuser.me/api/portraits/women/31.jpg","medium":"https://randomuser.me/api/portraits/med/women/31.jpg","thumbnail":"https://randomuser.me/api/portraits/thumb/women/31.jpg"},"nat":"IE"}],"info":{"seed":"becc30d096360a58","results":1,"page":1,"version":"1.4"}} 
 </msg>
<msg time="2024-04-07T11:12:05.961840" level="INFO">/opt/hostedtoolcache/Python/3.12.2/x64/lib/python3.12/site-packages/urllib3/connectionpool.py:1103: InsecureRequestWarning: Unverified HTTPS request is being made to host 'randomuser.me'. Adding certificate verification is strongly advised. See: https://urllib3.readthedocs.io/en/latest/advanced-usage.html#tls-warnings
  warnings.warn(</msg>
<msg time="2024-04-07T11:12:05.961950" level="INFO">${response} = &lt;Response [200]&gt;</msg>
<var>${response}</var>
<arg>consultarAPI</arg>
<arg>/api</arg>
<doc>Sends a GET request on a previously created HTTP Session.</doc>
<status status="PASS" start="2024-04-07T11:12:05.862648" elapsed="0.099342"/>
</kw>
<kw name="Set Variable" owner="BuiltIn">
<msg time="2024-04-07T11:12:05.962922" level="INFO">${json_data} = {'results': [{'gender': 'female', 'name': {'title': 'Ms', 'first': 'Samantha', 'last': 'Turner'}, 'location': {'street': {'number': 4487, 'name': 'Galway Road'}, 'city': 'Lusk', 'state': 'Westmeath', ...</msg>
<var>${json_data}</var>
<arg>${response.json()}</arg>
<doc>Returns the given values which can then be assigned to a variables.</doc>
<status status="PASS" start="2024-04-07T11:12:05.962476" elapsed="0.000475"/>
</kw>
<kw name="Set Variable" owner="BuiltIn">
<msg time="2024-04-07T11:12:05.963630" level="INFO">${name_title} = Ms</msg>
<var>${name_title}</var>
<arg>${json_data["results"][0]["name"]["title"]}</arg>
<doc>Returns the given values which can then be assigned to a variables.</doc>
<status status="PASS" start="2024-04-07T11:12:05.963251" elapsed="0.000404"/>
</kw>
<kw name="Create List" owner="BuiltIn">
<msg time="2024-04-07T11:12:05.964110" level="INFO">${allowed_titles} = ['Mr', 'Ms', 'Miss', 'Mrs', 'Madame', 'Monsieur']</msg>
<var>${allowed_titles}</var>
<arg>Mr</arg>
<arg>Ms</arg>
<arg>Miss</arg>
<arg>Mrs</arg>
<arg>Madame</arg>
<arg>Monsieur</arg>
<doc>Returns a list containing given items.</doc>
<status status="PASS" start="2024-04-07T11:12:05.963960" elapsed="0.000175"/>
</kw>
<kw name="List Should Contain Value" owner="Collections">
<msg time="2024-04-07T11:12:05.964607" level="INFO">False</msg>
<arg>${allowed_titles}</arg>
<arg>${name_title}</arg>
<doc>Fails if the ``value`` is not found from ``list``.</doc>
<status status="PASS" start="2024-04-07T11:12:05.964437" elapsed="0.000206"/>
</kw>
<kw name="Set Variable" owner="BuiltIn">
<msg time="2024-04-07T11:12:05.965324" level="INFO">${name_country} = IE</msg>
<var>${name_country}</var>
<arg>${json_data["results"][0]["nat"]}</arg>
<doc>Returns the given values which can then be assigned to a variables.</doc>
<status status="PASS" start="2024-04-07T11:12:05.964930" elapsed="0.000419"/>
</kw>
<kw name="Create List" owner="BuiltIn">
<msg time="2024-04-07T11:12:05.966304" level="INFO">${list_country} = ['AD', 'AE', 'AF', 'AG', 'AI', 'AL', 'AM', 'AO', 'AQ', 'AR', 'AS', 'AT', 'AU', 'AW', 'AX', 'AZ', 'BA', 'BB', 'BD', 'BE', 'BF', 'BG', 'BH', 'BI', 'BJ', 'BL', 'BM', 'BN', 'BO', 'BQ', 'BR', 'BS', 'BT', '...</msg>
<var>${list_country}</var>
<arg>AD</arg>
<arg>AE</arg>
<arg>AF</arg>
<arg>AG</arg>
<arg>AI</arg>
<arg>AL</arg>
<arg>AM</arg>
<arg>AO</arg>
<arg>AQ</arg>
<arg>AR</arg>
<arg>AS</arg>
<arg>AT</arg>
<arg>AU</arg>
<arg>AW</arg>
<arg>AX</arg>
<arg>AZ</arg>
<arg>BA</arg>
<arg>BB</arg>
<arg>BD</arg>
<arg>BE</arg>
<arg>BF</arg>
<arg>BG</arg>
<arg>BH</arg>
<arg>BI</arg>
<arg>BJ</arg>
<arg>BL</arg>
<arg>BM</arg>
<arg>BN</arg>
<arg>BO</arg>
<arg>BQ</arg>
<arg>BR</arg>
<arg>BS</arg>
<arg>BT</arg>
<arg>BV</arg>
<arg>BW</arg>
<arg>BY</arg>
<arg>BZ</arg>
<arg>CA</arg>
<arg>CC</arg>
<arg>CD</arg>
<arg>CF</arg>
<arg>CG</arg>
<arg>CH</arg>
<arg>CI</arg>
<arg>CK</arg>
<arg>CL</arg>
<arg>CM</arg>
<arg>CN</arg>
<arg>CO</arg>
<arg>CR</arg>
<arg>CU</arg>
<arg>CV</arg>
<arg>CW</arg>
<arg>CX</arg>
<arg>CY</arg>
<arg>CZ</arg>
<arg>DE</arg>
<arg>DJ</arg>
<arg>DK</arg>
<arg>DM</arg>
<arg>DO</arg>
<arg>DZ</arg>
<arg>EC</arg>
<arg>EE</arg>
<arg>EG</arg>
<arg>EH</arg>
<arg>ER</arg>
<arg>ES</arg>
<arg>ET</arg>
<arg>FI</arg>
<arg>FJ</arg>
<arg>FK</arg>
<arg>FM</arg>
<arg>FO</arg>
<arg>FR</arg>
<arg>GA</arg>
<arg>GB</arg>
<arg>GD</arg>
<arg>GE</arg>
<arg>GF</arg>
<arg>GG</arg>
<arg>GH</arg>
<arg>GI</arg>
<arg>GL</arg>
<arg>GM</arg>
<arg>GN</arg>
<arg>GP</arg>
<arg>GQ</arg>
<arg>GR</arg>
<arg>GS</arg>
<arg>GT</arg>
<arg>GU</arg>
<arg>GW</arg>
<arg>GY</arg>
<arg>HK</arg>
<arg>HM</arg>
<arg>HN</arg>
<arg>HR</arg>
<arg>HT</arg>
<arg>HU</arg>
<arg>ID</arg>
<arg>IE</arg>
<arg>IL</arg>
<arg>IM</arg>
<arg>IN</arg>
<arg>IO</arg>
<arg>IQ</arg>
<arg>IR</arg>
<arg>IS</arg>
<arg>IT</arg>
<arg>JE</arg>
<arg>JM</arg>
<arg>JO</arg>
<arg>JP</arg>
<arg>KE</arg>
<arg>KG</arg>
<arg>KH</arg>
<arg>KI</arg>
<arg>KM</arg>
<arg>KN</arg>
<arg>KP</arg>
<arg>KR</arg>
<arg>KW</arg>
<arg>KY</arg>
<arg>KZ</arg>
<arg>LA</arg>
<arg>LB</arg>
<arg>LC</arg>
<arg>LI</arg>
<arg>LK</arg>
<arg>LR</arg>
<arg>LS</arg>
<arg>LT</arg>
<arg>LU</arg>
<arg>LV</arg>
<arg>LY</arg>
<arg>MA</arg>
<arg>MC</arg>
<arg>MD</arg>
<arg>ME</arg>
<arg>MF</arg>
<arg>MG</arg>
<arg>MH</arg>
<arg>MK</arg>
<arg>ML</arg>
<arg>MM</arg>
<arg>MN</arg>
<arg>MO</arg>
<arg>MP</arg>
<arg>MQ</arg>
<arg>MR</arg>
<arg>MS</arg>
<arg>MT</arg>
<arg>MU</arg>
<arg>MV</arg>
<arg>MW</arg>
<arg>MX</arg>
<arg>MY</arg>
<arg>MZ</arg>
<arg>NA</arg>
<arg>NC</arg>
<arg>NE</arg>
<arg>NF</arg>
<arg>NG</arg>
<arg>NI</arg>
<arg>NL</arg>
<arg>NO</arg>
<arg>NP</arg>
<arg>NR</arg>
<arg>NU</arg>
<arg>NZ</arg>
<arg>OM</arg>
<arg>PA</arg>
<arg>PE</arg>
<arg>PF</arg>
<arg>PG</arg>
<arg>PH</arg>
<arg>PK</arg>
<arg>PL</arg>
<arg>PM</arg>
<arg>PN</arg>
<arg>PR</arg>
<arg>PS</arg>
<arg>PT</arg>
<arg>PW</arg>
<arg>PY</arg>
<arg>QA</arg>
<arg>RE</arg>
<arg>RO</arg>
<arg>RS</arg>
<arg>RU</arg>
<arg>RW</arg>
<arg>SA</arg>
<arg>SB</arg>
<arg>SC</arg>
<arg>SD</arg>
<arg>SE</arg>
<arg>SG</arg>
<arg>SH</arg>
<arg>SI</arg>
<arg>SJ</arg>
<arg>SK</arg>
<arg>SL</arg>
<arg>SM</arg>
<arg>SN</arg>
<arg>SO</arg>
<arg>SR</arg>
<arg>SS</arg>
<arg>ST</arg>
<arg>SV</arg>
<arg>SX</arg>
<arg>SY</arg>
<arg>SZ</arg>
<arg>TC</arg>
<arg>TD</arg>
<arg>TF</arg>
<arg>TG</arg>
<arg>TH</arg>
<arg>TJ</arg>
<arg>TK</arg>
<arg>TL</arg>
<arg>TM</arg>
<arg>TN</arg>
<arg>TO</arg>
<arg>TR</arg>
<arg>TT</arg>
<arg>TV</arg>
<arg>TW</arg>
<arg>TZ</arg>
<arg>UA</arg>
<arg>UG</arg>
<arg>UM</arg>
<arg>US</arg>
<arg>UY</arg>
<arg>UZ</arg>
<arg>VA</arg>
<arg>VC</arg>
<arg>VE</arg>
<arg>VG</arg>
<arg>VI</arg>
<arg>VN</arg>
<arg>VU</arg>
<arg>WF</arg>
<arg>WS</arg>
<arg>XK</arg>
<arg>YE</arg>
<arg>YT</arg>
<arg>ZA</arg>
<arg>ZM</arg>
<arg>ZW</arg>
<doc>Returns a list containing given items.</doc>
<status status="PASS" start="2024-04-07T11:12:05.965700" elapsed="0.000629"/>
</kw>
<kw name="List Should Contain Value" owner="Collections">
<msg time="2024-04-07T11:12:05.967426" level="INFO">False</msg>
<arg>${list_country}</arg>
<arg>${name_country}</arg>
<doc>Fails if the ``value`` is not found from ``list``.</doc>
<status status="PASS" start="2024-04-07T11:12:05.967219" elapsed="0.000245"/>
</kw>
<kw name="Run Keyword If" owner="BuiltIn">
<kw name="Should Be True" owner="BuiltIn">
<arg>${True}</arg>
<doc>Fails if the given condition is not true.</doc>
<status status="PASS" start="2024-04-07T11:12:05.968532" elapsed="0.000145"/>
</kw>
<arg>${json_data["results"][0]["location"]["coordinates"]["latitude"]} &gt;= -90 and ${json_data["results"][0]["location"]["coordinates"]["latitude"]} &lt;= 90</arg>
<arg>Should Be True</arg>
<arg>${True}</arg>
<doc>Runs the given keyword with the given arguments, if ``condition`` is true.</doc>
<status status="PASS" start="2024-04-07T11:12:05.967775" elapsed="0.001031"/>
</kw>
<kw name="Run Keyword If" owner="BuiltIn">
<kw name="Should Be True" owner="BuiltIn">
<arg>${True}</arg>
<doc>Fails if the given condition is not true.</doc>
<status status="PASS" start="2024-04-07T11:12:05.969714" elapsed="0.000142"/>
</kw>
<arg>${json_data["results"][0]["location"]["coordinates"]["longitude"]} &gt;= -180 and ${json_data["results"][0]["location"]["coordinates"]["longitude"]} &lt;= 180</arg>
<arg>Should Be True</arg>
<arg>${True}</arg>
<doc>Runs the given keyword with the given arguments, if ``condition`` is true.</doc>
<status status="PASS" start="2024-04-07T11:12:05.968992" elapsed="0.000991"/>
</kw>
<status status="PASS" start="2024-04-07T11:12:05.862427" elapsed="0.107686"/>
</kw>
<doc>Testa o conteúdo específico dos campos retornados pela API.</doc>
<tag>testeConteudo</tag>
<status status="PASS" start="2024-04-07T11:12:05.861997" elapsed="0.108262"/>
</test>
<status status="PASS" start="2024-04-07T11:12:05.043762" elapsed="0.928420"/>
</suite>
<status status="PASS" start="2024-04-07T11:12:05.029510" elapsed="0.948019"/>
</suite>
<statistics>
<total>
<stat pass="5" fail="0" skip="0">All Tests</stat>
</total>
<tag>
<stat pass="1" fail="0" skip="0">testeConteudo</stat>
<stat pass="1" fail="0" skip="0">testeEstruturaResposta</stat>
<stat pass="1" fail="0" skip="0">testeRequisicaoBasica</stat>
<stat pass="1" fail="0" skip="0">testeTiposDados</stat>
</tag>
<suite>
<stat pass="5" fail="0" skip="0" id="s1" name="Tests">Tests</stat>
<stat pass="5" fail="0" skip="0" id="s1-s1" name="Random-User-Test">Tests.Random-User-Test</stat>
</suite>
</statistics>
<errors>
</errors>
</robot>
