<?xml version="1.0" encoding="UTF-8"?>
<robot generator="Robot 7.0 (Python 3.12.3 on linux)" generated="2024-04-29T09:15:52.168478" rpa="false" schemaversion="5">
<suite id="s1" name="Tests" source="/home/runner/work/DesafioQAItauRogerioJordao/DesafioQAItauRogerioJordao/RamdonUser/tests">
<suite id="s1-s1" name="Random-User-Test" source="/home/runner/work/DesafioQAItauRogerioJordao/DesafioQAItauRogerioJordao/RamdonUser/tests/random-user-test.robot">
<test id="s1-s1-t1" name="Conectar" line="13">
<kw name="Conectar API" owner="random-user-service">
<kw name="Create Session" owner="RequestsLibrary">
<msg time="2024-04-29T09:15:52.524259" level="INFO">Creating Session using : alias=consultarAPI, url=https://randomuser.me/, headers={},                     cookies={}, auth=None, timeout=None, proxies=None, verify=False,                     debug=0 </msg>
<arg>consultarAPI</arg>
<arg>${URL}</arg>
<doc>Create Session: create a HTTP session to a server</doc>
<status status="PASS" start="2024-04-29T09:15:52.524065" elapsed="0.000362"/>
</kw>
<status status="PASS" start="2024-04-29T09:15:52.523135" elapsed="0.001643"/>
</kw>
<status status="PASS" start="2024-04-29T09:15:52.522544" elapsed="0.002427"/>
</test>
<test id="s1-s1-t2" name="Validar retorno 200 e JSON Válido" line="16">
<kw name="Teste de Requisicao Basica" owner="random-user-service">
<kw name="GET On Session" owner="RequestsLibrary">
<msg time="2024-04-29T09:15:52.800592" level="INFO">GET Request : url=https://randomuser.me/api 
 path_url=/api 
 headers={'User-Agent': 'python-requests/2.31.0', 'Accept-Encoding': 'gzip, deflate', 'Accept': '*/*', 'Connection': 'keep-alive'} 
 body=None 
 </msg>
<msg time="2024-04-29T09:15:52.800736" level="INFO">GET Response : url=https://randomuser.me/api 
 status=200, reason=OK 
 headers={'Date': 'Mon, 29 Apr 2024 09:15:52 GMT', 'Content-Type': 'application/json; charset=utf-8', 'Transfer-Encoding': 'chunked', 'Connection': 'keep-alive', 'X-Powered-By': 'Express', 'Access-Control-Allow-Origin': '*', 'Cache-Control': 'no-cache', 'ETag': 'W/"46c-JBAjemWHHz/kWLhVfX8RTAUPvBw"', 'Vary': 'Accept-Encoding', 'Content-Encoding': 'gzip', 'CF-Cache-Status': 'DYNAMIC', 'Report-To': '{"endpoints":[{"url":"https:\\/\\/a.nel.cloudflare.com\\/report\\/v4?s=X%2FAoPrNfROtJlKk3HCe2ogxpSNhTcPRASMQXoH3MKv%2BXgeLMcVccirlDIMKMKM55%2Fqt5r1Ml5aqgXMsyMvyJtaSUZ%2FI9sR7FHRRPZMMohtUG%2ByPVlWM1q%2BFL7HEjpsHe"}],"group":"cf-nel","max_age":604800}', 'NEL': '{"success_fraction":0,"report_to":"cf-nel","max_age":604800}', 'Server': 'cloudflare', 'CF-RAY': '87be30a66c4f14dc-LAX', 'alt-svc': 'h3=":443"; ma=86400'} 
 body={"results":[{"gender":"male","name":{"title":"Mr","first":"Mason","last":"Burton"},"location":{"street":{"number":2154,"name":"Henry Street"},"city":"Gorey","state":"Kilkenny","country":"Ireland","postcode":49807,"coordinates":{"latitude":"3.1340","longitude":"-102.2984"},"timezone":{"offset":"+9:30","description":"Adelaide, Darwin"}},"email":"mason.burton@example.com","login":{"uuid":"a1e34677-db98-4a63-9785-c5a30090f891","username":"lazyfrog819","password":"honda","salt":"3TKGNAng","md5":"0ce69fb2bfa63080d3b35b7e8383fed7","sha1":"61d23ac3dcd9427f166fd6fa8adab46df58b37da","sha256":"24d9534ba06e5775e303d061db0fb6b941b4479374124fa2539e4e9bd29d7eb1"},"dob":{"date":"1965-07-28T03:44:33.896Z","age":58},"registered":{"date":"2014-11-03T03:19:15.384Z","age":9},"phone":"011-060-9550","cell":"081-535-6606","id":{"name":"PPS","value":"4330746T"},"picture":{"large":"https://randomuser.me/api/portraits/men/21.jpg","medium":"https://randomuser.me/api/portraits/med/men/21.jpg","thumbnail":"https://randomuser.me/api/portraits/thumb/men/21.jpg"},"nat":"IE"}],"info":{"seed":"6b11dfd76f0556e8","results":1,"page":1,"version":"1.4"}} 
 </msg>
<msg time="2024-04-29T09:15:52.800819" level="INFO">/opt/hostedtoolcache/Python/3.12.3/x64/lib/python3.12/site-packages/urllib3/connectionpool.py:1103: InsecureRequestWarning: Unverified HTTPS request is being made to host 'randomuser.me'. Adding certificate verification is strongly advised. See: https://urllib3.readthedocs.io/en/latest/advanced-usage.html#tls-warnings
  warnings.warn(</msg>
<msg time="2024-04-29T09:15:52.800978" level="INFO">${response} = &lt;Response [200]&gt;</msg>
<var>${response}</var>
<arg>consultarAPI</arg>
<arg>/api</arg>
<doc>Sends a GET request on a previously created HTTP Session.</doc>
<status status="PASS" start="2024-04-29T09:15:52.527666" elapsed="0.273349"/>
</kw>
<kw name="Should Be Equal As Numbers" owner="BuiltIn">
<msg time="2024-04-29T09:15:52.802022" level="INFO">Argument types are:
&lt;class 'int'&gt;
&lt;class 'str'&gt;</msg>
<arg>${response.status_code}</arg>
<arg>200</arg>
<doc>Fails if objects are unequal after converting them to real numbers.</doc>
<status status="PASS" start="2024-04-29T09:15:52.801520" elapsed="0.000569"/>
</kw>
<kw name="Log" owner="BuiltIn">
<msg time="2024-04-29T09:15:52.802793" level="INFO">200</msg>
<arg>${response.status_code}</arg>
<doc>Logs the given message with the given level.</doc>
<status status="PASS" start="2024-04-29T09:15:52.802442" elapsed="0.000394"/>
</kw>
<kw name="Set Variable" owner="BuiltIn">
<msg time="2024-04-29T09:15:52.803581" level="INFO">${json_data} = {'results': [{'gender': 'male', 'name': {'title': 'Mr', 'first': 'Mason', 'last': 'Burton'}, 'location': {'street': {'number': 2154, 'name': 'Henry Street'}, 'city': 'Gorey', 'state': 'Kilkenny', 'cou...</msg>
<var>${json_data}</var>
<arg>${response.json()}</arg>
<doc>Returns the given values which can then be assigned to a variables.</doc>
<status status="PASS" start="2024-04-29T09:15:52.803143" elapsed="0.000471"/>
</kw>
<kw name="Dictionary Should Contain Key" owner="Collections">
<msg time="2024-04-29T09:15:52.804089" level="INFO">False</msg>
<arg>${json_data}</arg>
<arg>results</arg>
<doc>Fails if ``key`` is not found from ``dictionary``.</doc>
<status status="PASS" start="2024-04-29T09:15:52.803917" elapsed="0.000213"/>
</kw>
<status status="PASS" start="2024-04-29T09:15:52.527424" elapsed="0.276968"/>
</kw>
<doc>Testa se a API responde corretamente e retorna um objeto JSON válido.</doc>
<tag>testeRequisicaoBasica</tag>
<status status="PASS" start="2024-04-29T09:15:52.526895" elapsed="0.277685"/>
</test>
<test id="s1-s1-t3" name="Validar estrutura de resposta" line="22">
<kw name="Teste de Estrutura de Resposta" owner="random-user-service">
<kw name="GET On Session" owner="RequestsLibrary">
<msg time="2024-04-29T09:15:52.910620" level="INFO">GET Request : url=https://randomuser.me/api 
 path_url=/api 
 headers={'User-Agent': 'python-requests/2.31.0', 'Accept-Encoding': 'gzip, deflate', 'Accept': '*/*', 'Connection': 'keep-alive'} 
 body=None 
 </msg>
<msg time="2024-04-29T09:15:52.910686" level="INFO">GET Response : url=https://randomuser.me/api 
 status=200, reason=OK 
 headers={'Date': 'Mon, 29 Apr 2024 09:15:52 GMT', 'Content-Type': 'application/json; charset=utf-8', 'Transfer-Encoding': 'chunked', 'Connection': 'keep-alive', 'X-Powered-By': 'Express', 'Access-Control-Allow-Origin': '*', 'Cache-Control': 'no-cache', 'ETag': 'W/"494-1B1pQWfxzFJBD0jDGJv1gDyU+NU"', 'Vary': 'Accept-Encoding', 'Content-Encoding': 'gzip', 'CF-Cache-Status': 'DYNAMIC', 'Report-To': '{"endpoints":[{"url":"https:\\/\\/a.nel.cloudflare.com\\/report\\/v4?s=NysoWeFvCq72AGtdAu4ogsqcy0%2Bcg8LWNDV2B3GuLQmdl2PmLzdABbAZJhoAQ%2Bb0nGno2ZrUM3eQxtNsEPC9g9mWQpSipcmD0yoLjw32x6RKQOvyhfLjEpskf2xGkoUO"}],"group":"cf-nel","max_age":604800}', 'NEL': '{"success_fraction":0,"report_to":"cf-nel","max_age":604800}', 'Server': 'cloudflare', 'CF-RAY': '87be30a71cfc14dc-LAX', 'alt-svc': 'h3=":443"; ma=86400'} 
 body={"results":[{"gender":"male","name":{"title":"Mr","first":"Virgil","last":"Perry"},"location":{"street":{"number":9402,"name":"Ranchview Dr"},"city":"Queanbeyan","state":"South Australia","country":"Australia","postcode":316,"coordinates":{"latitude":"-88.7410","longitude":"-113.7490"},"timezone":{"offset":"-5:00","description":"Eastern Time (US &amp; Canada), Bogota, Lima"}},"email":"virgil.perry@example.com","login":{"uuid":"fb4fbb92-8bbe-48df-8b3e-220afcbb6405","username":"bluewolf232","password":"quick","salt":"HTR4F27X","md5":"5921d9ac8ab12967b0b913ff1992831f","sha1":"f92dd1f1826f4009cf988896123c913a389a994a","sha256":"361e4165d81796ec3b0fa5668024608ea650aa79e7d92efb80d8cd9446fcb95c"},"dob":{"date":"1953-07-28T19:37:09.258Z","age":70},"registered":{"date":"2002-07-20T07:35:01.607Z","age":21},"phone":"09-8774-2038","cell":"0444-399-029","id":{"name":"TFN","value":"276683883"},"picture":{"large":"https://randomuser.me/api/portraits/men/62.jpg","medium":"https://randomuser.me/api/portraits/med/men/62.jpg","thumbnail":"https://randomuser.me/api/portraits/thumb/men/62.jpg"},"nat":"AU"}],"info":{"seed":"c749496011bdc11b","results":1,"page":1,"version":"1.4"}} 
 </msg>
<msg time="2024-04-29T09:15:52.910783" level="INFO">/opt/hostedtoolcache/Python/3.12.3/x64/lib/python3.12/site-packages/urllib3/connectionpool.py:1103: InsecureRequestWarning: Unverified HTTPS request is being made to host 'randomuser.me'. Adding certificate verification is strongly advised. See: https://urllib3.readthedocs.io/en/latest/advanced-usage.html#tls-warnings
  warnings.warn(</msg>
<msg time="2024-04-29T09:15:52.910894" level="INFO">${response} = &lt;Response [200]&gt;</msg>
<var>${response}</var>
<arg>consultarAPI</arg>
<arg>/api</arg>
<doc>Sends a GET request on a previously created HTTP Session.</doc>
<status status="PASS" start="2024-04-29T09:15:52.807202" elapsed="0.103734"/>
</kw>
<kw name="Set Variable" owner="BuiltIn">
<msg time="2024-04-29T09:15:52.911762" level="INFO">${json_data} = {'results': [{'gender': 'male', 'name': {'title': 'Mr', 'first': 'Virgil', 'last': 'Perry'}, 'location': {'street': {'number': 9402, 'name': 'Ranchview Dr'}, 'city': 'Queanbeyan', 'state': 'South Aust...</msg>
<var>${json_data}</var>
<arg>${response.json()}</arg>
<doc>Returns the given values which can then be assigned to a variables.</doc>
<status status="PASS" start="2024-04-29T09:15:52.911312" elapsed="0.000479"/>
</kw>
<kw name="Log" owner="BuiltIn">
<msg time="2024-04-29T09:15:52.912247" level="INFO">{'results': [{'gender': 'male', 'name': {'title': 'Mr', 'first': 'Virgil', 'last': 'Perry'}, 'location': {'street': {'number': 9402, 'name': 'Ranchview Dr'}, 'city': 'Queanbeyan', 'state': 'South Australia', 'country': 'Australia', 'postcode': 316, 'coordinates': {'latitude': '-88.7410', 'longitude': '-113.7490'}, 'timezone': {'offset': '-5:00', 'description': 'Eastern Time (US &amp; Canada), Bogota, Lima'}}, 'email': 'virgil.perry@example.com', 'login': {'uuid': 'fb4fbb92-8bbe-48df-8b3e-220afcbb6405', 'username': 'bluewolf232', 'password': 'quick', 'salt': 'HTR4F27X', 'md5': '5921d9ac8ab12967b0b913ff1992831f', 'sha1': 'f92dd1f1826f4009cf988896123c913a389a994a', 'sha256': '361e4165d81796ec3b0fa5668024608ea650aa79e7d92efb80d8cd9446fcb95c'}, 'dob': {'date': '1953-07-28T19:37:09.258Z', 'age': 70}, 'registered': {'date': '2002-07-20T07:35:01.607Z', 'age': 21}, 'phone': '09-8774-2038', 'cell': '0444-399-029', 'id': {'name': 'TFN', 'value': '276683883'}, 'picture': {'large': 'https://randomuser.me/api/portraits/men/62.jpg', 'medium': 'https://randomuser.me/api/portraits/med/men/62.jpg', 'thumbnail': 'https://randomuser.me/api/portraits/thumb/men/62.jpg'}, 'nat': 'AU'}], 'info': {'seed': 'c749496011bdc11b', 'results': 1, 'page': 1, 'version': '1.4'}}</msg>
<arg>${json_data}</arg>
<doc>Logs the given message with the given level.</doc>
<status status="PASS" start="2024-04-29T09:15:52.912091" elapsed="0.000205"/>
</kw>
<kw name="Dictionary Should Contain Key" owner="Collections">
<msg time="2024-04-29T09:15:52.912737" level="INFO">False</msg>
<arg>${json_data}</arg>
<arg>results</arg>
<doc>Fails if ``key`` is not found from ``dictionary``.</doc>
<status status="PASS" start="2024-04-29T09:15:52.912583" elapsed="0.000191"/>
</kw>
<kw name="Should Not Be Empty" owner="BuiltIn">
<msg time="2024-04-29T09:15:52.913185" level="INFO">Length is 2.</msg>
<arg>${json_data}</arg>
<doc>Verifies that the given item is not empty.</doc>
<status status="PASS" start="2024-04-29T09:15:52.913057" elapsed="0.000298"/>
</kw>
<kw name="Create List" owner="BuiltIn">
<msg time="2024-04-29T09:15:52.913796" level="INFO">${expected_keys} = ['gender', 'name', 'location', 'email', 'login']</msg>
<var>${expected_keys}</var>
<arg>gender</arg>
<arg>name</arg>
<arg>location</arg>
<arg>email</arg>
<arg>login</arg>
<doc>Returns a list containing given items.</doc>
<status status="PASS" start="2024-04-29T09:15:52.913645" elapsed="0.000176"/>
</kw>
<for flavor="IN">
<iter>
<kw name="Dictionary Should Contain Key" owner="Collections">
<msg time="2024-04-29T09:15:52.914860" level="INFO">False</msg>
<arg>${json_data['results'][0]}</arg>
<arg>${key}</arg>
<doc>Fails if ``key`` is not found from ``dictionary``.</doc>
<status status="PASS" start="2024-04-29T09:15:52.914456" elapsed="0.000442"/>
</kw>
<kw name="Log" owner="BuiltIn">
<msg time="2024-04-29T09:15:52.915566" level="INFO">{'gender': 'male', 'name': {'title': 'Mr', 'first': 'Virgil', 'last': 'Perry'}, 'location': {'street': {'number': 9402, 'name': 'Ranchview Dr'}, 'city': 'Queanbeyan', 'state': 'South Australia', 'country': 'Australia', 'postcode': 316, 'coordinates': {'latitude': '-88.7410', 'longitude': '-113.7490'}, 'timezone': {'offset': '-5:00', 'description': 'Eastern Time (US &amp; Canada), Bogota, Lima'}}, 'email': 'virgil.perry@example.com', 'login': {'uuid': 'fb4fbb92-8bbe-48df-8b3e-220afcbb6405', 'username': 'bluewolf232', 'password': 'quick', 'salt': 'HTR4F27X', 'md5': '5921d9ac8ab12967b0b913ff1992831f', 'sha1': 'f92dd1f1826f4009cf988896123c913a389a994a', 'sha256': '361e4165d81796ec3b0fa5668024608ea650aa79e7d92efb80d8cd9446fcb95c'}, 'dob': {'date': '1953-07-28T19:37:09.258Z', 'age': 70}, 'registered': {'date': '2002-07-20T07:35:01.607Z', 'age': 21}, 'phone': '09-8774-2038', 'cell': '0444-399-029', 'id': {'name': 'TFN', 'value': '276683883'}, 'picture': {'large': 'https://randomuser.me/api/portraits/men/62.jpg', 'medium': 'https://randomuser.me/api/portraits/med/men/62.jpg', 'thumbnail': 'https://randomuser.me/api/portraits/thumb/men/62.jpg'}, 'nat': 'AU'}</msg>
<arg>${json_data['results'][0]}</arg>
<doc>Logs the given message with the given level.</doc>
<status status="PASS" start="2024-04-29T09:15:52.915199" elapsed="0.000417"/>
</kw>
<kw name="Log" owner="BuiltIn">
<msg time="2024-04-29T09:15:52.916036" level="INFO">gender</msg>
<arg>${key}</arg>
<doc>Logs the given message with the given level.</doc>
<status status="PASS" start="2024-04-29T09:15:52.915911" elapsed="0.000162"/>
</kw>
<var name="${key}">gender</var>
<status status="PASS" start="2024-04-29T09:15:52.914329" elapsed="0.001955"/>
</iter>
<iter>
<kw name="Dictionary Should Contain Key" owner="Collections">
<msg time="2024-04-29T09:15:52.916968" level="INFO">False</msg>
<arg>${json_data['results'][0]}</arg>
<arg>${key}</arg>
<doc>Fails if ``key`` is not found from ``dictionary``.</doc>
<status status="PASS" start="2024-04-29T09:15:52.916584" elapsed="0.000421"/>
</kw>
<kw name="Log" owner="BuiltIn">
<msg time="2024-04-29T09:15:52.917695" level="INFO">{'gender': 'male', 'name': {'title': 'Mr', 'first': 'Virgil', 'last': 'Perry'}, 'location': {'street': {'number': 9402, 'name': 'Ranchview Dr'}, 'city': 'Queanbeyan', 'state': 'South Australia', 'country': 'Australia', 'postcode': 316, 'coordinates': {'latitude': '-88.7410', 'longitude': '-113.7490'}, 'timezone': {'offset': '-5:00', 'description': 'Eastern Time (US &amp; Canada), Bogota, Lima'}}, 'email': 'virgil.perry@example.com', 'login': {'uuid': 'fb4fbb92-8bbe-48df-8b3e-220afcbb6405', 'username': 'bluewolf232', 'password': 'quick', 'salt': 'HTR4F27X', 'md5': '5921d9ac8ab12967b0b913ff1992831f', 'sha1': 'f92dd1f1826f4009cf988896123c913a389a994a', 'sha256': '361e4165d81796ec3b0fa5668024608ea650aa79e7d92efb80d8cd9446fcb95c'}, 'dob': {'date': '1953-07-28T19:37:09.258Z', 'age': 70}, 'registered': {'date': '2002-07-20T07:35:01.607Z', 'age': 21}, 'phone': '09-8774-2038', 'cell': '0444-399-029', 'id': {'name': 'TFN', 'value': '276683883'}, 'picture': {'large': 'https://randomuser.me/api/portraits/men/62.jpg', 'medium': 'https://randomuser.me/api/portraits/med/men/62.jpg', 'thumbnail': 'https://randomuser.me/api/portraits/thumb/men/62.jpg'}, 'nat': 'AU'}</msg>
<arg>${json_data['results'][0]}</arg>
<doc>Logs the given message with the given level.</doc>
<status status="PASS" start="2024-04-29T09:15:52.917327" elapsed="0.000416"/>
</kw>
<kw name="Log" owner="BuiltIn">
<msg time="2024-04-29T09:15:52.918194" level="INFO">name</msg>
<arg>${key}</arg>
<doc>Logs the given message with the given level.</doc>
<status status="PASS" start="2024-04-29T09:15:52.918058" elapsed="0.000173"/>
</kw>
<var name="${key}">name</var>
<status status="PASS" start="2024-04-29T09:15:52.916469" elapsed="0.001978"/>
</iter>
<iter>
<kw name="Dictionary Should Contain Key" owner="Collections">
<msg time="2024-04-29T09:15:52.919119" level="INFO">False</msg>
<arg>${json_data['results'][0]}</arg>
<arg>${key}</arg>
<doc>Fails if ``key`` is not found from ``dictionary``.</doc>
<status status="PASS" start="2024-04-29T09:15:52.918737" elapsed="0.000418"/>
</kw>
<kw name="Log" owner="BuiltIn">
<msg time="2024-04-29T09:15:52.919805" level="INFO">{'gender': 'male', 'name': {'title': 'Mr', 'first': 'Virgil', 'last': 'Perry'}, 'location': {'street': {'number': 9402, 'name': 'Ranchview Dr'}, 'city': 'Queanbeyan', 'state': 'South Australia', 'country': 'Australia', 'postcode': 316, 'coordinates': {'latitude': '-88.7410', 'longitude': '-113.7490'}, 'timezone': {'offset': '-5:00', 'description': 'Eastern Time (US &amp; Canada), Bogota, Lima'}}, 'email': 'virgil.perry@example.com', 'login': {'uuid': 'fb4fbb92-8bbe-48df-8b3e-220afcbb6405', 'username': 'bluewolf232', 'password': 'quick', 'salt': 'HTR4F27X', 'md5': '5921d9ac8ab12967b0b913ff1992831f', 'sha1': 'f92dd1f1826f4009cf988896123c913a389a994a', 'sha256': '361e4165d81796ec3b0fa5668024608ea650aa79e7d92efb80d8cd9446fcb95c'}, 'dob': {'date': '1953-07-28T19:37:09.258Z', 'age': 70}, 'registered': {'date': '2002-07-20T07:35:01.607Z', 'age': 21}, 'phone': '09-8774-2038', 'cell': '0444-399-029', 'id': {'name': 'TFN', 'value': '276683883'}, 'picture': {'large': 'https://randomuser.me/api/portraits/men/62.jpg', 'medium': 'https://randomuser.me/api/portraits/med/men/62.jpg', 'thumbnail': 'https://randomuser.me/api/portraits/thumb/men/62.jpg'}, 'nat': 'AU'}</msg>
<arg>${json_data['results'][0]}</arg>
<doc>Logs the given message with the given level.</doc>
<status status="PASS" start="2024-04-29T09:15:52.919450" elapsed="0.000402"/>
</kw>
<kw name="Log" owner="BuiltIn">
<msg time="2024-04-29T09:15:52.920268" level="INFO">location</msg>
<arg>${key}</arg>
<doc>Logs the given message with the given level.</doc>
<status status="PASS" start="2024-04-29T09:15:52.920145" elapsed="0.000161"/>
</kw>
<var name="${key}">location</var>
<status status="PASS" start="2024-04-29T09:15:52.918623" elapsed="0.001894"/>
</iter>
<iter>
<kw name="Dictionary Should Contain Key" owner="Collections">
<msg time="2024-04-29T09:15:52.921175" level="INFO">False</msg>
<arg>${json_data['results'][0]}</arg>
<arg>${key}</arg>
<doc>Fails if ``key`` is not found from ``dictionary``.</doc>
<status status="PASS" start="2024-04-29T09:15:52.920797" elapsed="0.000415"/>
</kw>
<kw name="Log" owner="BuiltIn">
<msg time="2024-04-29T09:15:52.921862" level="INFO">{'gender': 'male', 'name': {'title': 'Mr', 'first': 'Virgil', 'last': 'Perry'}, 'location': {'street': {'number': 9402, 'name': 'Ranchview Dr'}, 'city': 'Queanbeyan', 'state': 'South Australia', 'country': 'Australia', 'postcode': 316, 'coordinates': {'latitude': '-88.7410', 'longitude': '-113.7490'}, 'timezone': {'offset': '-5:00', 'description': 'Eastern Time (US &amp; Canada), Bogota, Lima'}}, 'email': 'virgil.perry@example.com', 'login': {'uuid': 'fb4fbb92-8bbe-48df-8b3e-220afcbb6405', 'username': 'bluewolf232', 'password': 'quick', 'salt': 'HTR4F27X', 'md5': '5921d9ac8ab12967b0b913ff1992831f', 'sha1': 'f92dd1f1826f4009cf988896123c913a389a994a', 'sha256': '361e4165d81796ec3b0fa5668024608ea650aa79e7d92efb80d8cd9446fcb95c'}, 'dob': {'date': '1953-07-28T19:37:09.258Z', 'age': 70}, 'registered': {'date': '2002-07-20T07:35:01.607Z', 'age': 21}, 'phone': '09-8774-2038', 'cell': '0444-399-029', 'id': {'name': 'TFN', 'value': '276683883'}, 'picture': {'large': 'https://randomuser.me/api/portraits/men/62.jpg', 'medium': 'https://randomuser.me/api/portraits/med/men/62.jpg', 'thumbnail': 'https://randomuser.me/api/portraits/thumb/men/62.jpg'}, 'nat': 'AU'}</msg>
<arg>${json_data['results'][0]}</arg>
<doc>Logs the given message with the given level.</doc>
<status status="PASS" start="2024-04-29T09:15:52.921504" elapsed="0.000433"/>
</kw>
<kw name="Log" owner="BuiltIn">
<msg time="2024-04-29T09:15:52.922373" level="INFO">email</msg>
<arg>${key}</arg>
<doc>Logs the given message with the given level.</doc>
<status status="PASS" start="2024-04-29T09:15:52.922246" elapsed="0.000164"/>
</kw>
<var name="${key}">email</var>
<status status="PASS" start="2024-04-29T09:15:52.920687" elapsed="0.001934"/>
</iter>
<iter>
<kw name="Dictionary Should Contain Key" owner="Collections">
<msg time="2024-04-29T09:15:52.923275" level="INFO">False</msg>
<arg>${json_data['results'][0]}</arg>
<arg>${key}</arg>
<doc>Fails if ``key`` is not found from ``dictionary``.</doc>
<status status="PASS" start="2024-04-29T09:15:52.922903" elapsed="0.000410"/>
</kw>
<kw name="Log" owner="BuiltIn">
<msg time="2024-04-29T09:15:52.923976" level="INFO">{'gender': 'male', 'name': {'title': 'Mr', 'first': 'Virgil', 'last': 'Perry'}, 'location': {'street': {'number': 9402, 'name': 'Ranchview Dr'}, 'city': 'Queanbeyan', 'state': 'South Australia', 'country': 'Australia', 'postcode': 316, 'coordinates': {'latitude': '-88.7410', 'longitude': '-113.7490'}, 'timezone': {'offset': '-5:00', 'description': 'Eastern Time (US &amp; Canada), Bogota, Lima'}}, 'email': 'virgil.perry@example.com', 'login': {'uuid': 'fb4fbb92-8bbe-48df-8b3e-220afcbb6405', 'username': 'bluewolf232', 'password': 'quick', 'salt': 'HTR4F27X', 'md5': '5921d9ac8ab12967b0b913ff1992831f', 'sha1': 'f92dd1f1826f4009cf988896123c913a389a994a', 'sha256': '361e4165d81796ec3b0fa5668024608ea650aa79e7d92efb80d8cd9446fcb95c'}, 'dob': {'date': '1953-07-28T19:37:09.258Z', 'age': 70}, 'registered': {'date': '2002-07-20T07:35:01.607Z', 'age': 21}, 'phone': '09-8774-2038', 'cell': '0444-399-029', 'id': {'name': 'TFN', 'value': '276683883'}, 'picture': {'large': 'https://randomuser.me/api/portraits/men/62.jpg', 'medium': 'https://randomuser.me/api/portraits/med/men/62.jpg', 'thumbnail': 'https://randomuser.me/api/portraits/thumb/men/62.jpg'}, 'nat': 'AU'}</msg>
<arg>${json_data['results'][0]}</arg>
<doc>Logs the given message with the given level.</doc>
<status status="PASS" start="2024-04-29T09:15:52.923606" elapsed="0.000417"/>
</kw>
<kw name="Log" owner="BuiltIn">
<msg time="2024-04-29T09:15:52.924442" level="INFO">login</msg>
<arg>${key}</arg>
<doc>Logs the given message with the given level.</doc>
<status status="PASS" start="2024-04-29T09:15:52.924316" elapsed="0.000164"/>
</kw>
<var name="${key}">login</var>
<status status="PASS" start="2024-04-29T09:15:52.922792" elapsed="0.001922"/>
</iter>
<var>${key}</var>
<value>@{expected_keys}</value>
<status status="PASS" start="2024-04-29T09:15:52.914141" elapsed="0.010697"/>
</for>
<kw name="Create List" owner="BuiltIn">
<msg time="2024-04-29T09:15:52.925162" level="INFO">${expected_keysTwo} = ['username', 'password']</msg>
<var>${expected_keysTwo}</var>
<arg>username</arg>
<arg>password</arg>
<doc>Returns a list containing given items.</doc>
<status status="PASS" start="2024-04-29T09:15:52.925027" elapsed="0.000159"/>
</kw>
<for flavor="IN">
<iter>
<kw name="Dictionary Should Contain Key" owner="Collections">
<msg time="2024-04-29T09:15:52.926102" level="INFO">False</msg>
<arg>${json_data['results'][0]['login']}</arg>
<arg>${keyTwo}</arg>
<doc>Fails if ``key`` is not found from ``dictionary``.</doc>
<status status="PASS" start="2024-04-29T09:15:52.925688" elapsed="0.000452"/>
</kw>
<kw name="Dictionary Should Contain Key" owner="Collections">
<msg time="2024-04-29T09:15:52.926815" level="INFO">False</msg>
<arg>${json_data['results'][0]['login']}</arg>
<arg>${keyTwo}</arg>
<doc>Fails if ``key`` is not found from ``dictionary``.</doc>
<status status="PASS" start="2024-04-29T09:15:52.926433" elapsed="0.000418"/>
</kw>
<kw name="Log" owner="BuiltIn">
<msg time="2024-04-29T09:15:52.927275" level="INFO">username</msg>
<arg>${keyTwo}</arg>
<doc>Logs the given message with the given level.</doc>
<status status="PASS" start="2024-04-29T09:15:52.927139" elapsed="0.000179"/>
</kw>
<var name="${keyTwo}">username</var>
<status status="PASS" start="2024-04-29T09:15:52.925578" elapsed="0.001955"/>
</iter>
<iter>
<kw name="Dictionary Should Contain Key" owner="Collections">
<msg time="2024-04-29T09:15:52.928275" level="INFO">False</msg>
<arg>${json_data['results'][0]['login']}</arg>
<arg>${keyTwo}</arg>
<doc>Fails if ``key`` is not found from ``dictionary``.</doc>
<status status="PASS" start="2024-04-29T09:15:52.927814" elapsed="0.000509"/>
</kw>
<kw name="Dictionary Should Contain Key" owner="Collections">
<msg time="2024-04-29T09:15:52.929001" level="INFO">False</msg>
<arg>${json_data['results'][0]['login']}</arg>
<arg>${keyTwo}</arg>
<doc>Fails if ``key`` is not found from ``dictionary``.</doc>
<status status="PASS" start="2024-04-29T09:15:52.928621" elapsed="0.000418"/>
</kw>
<kw name="Log" owner="BuiltIn">
<msg time="2024-04-29T09:15:52.929458" level="INFO">password</msg>
<arg>${keyTwo}</arg>
<doc>Logs the given message with the given level.</doc>
<status status="PASS" start="2024-04-29T09:15:52.929331" elapsed="0.000165"/>
</kw>
<var name="${keyTwo}">password</var>
<status status="PASS" start="2024-04-29T09:15:52.927704" elapsed="0.002005"/>
</iter>
<var>${keyTwo}</var>
<value>@{expected_keysTwo}</value>
<status status="PASS" start="2024-04-29T09:15:52.925427" elapsed="0.004400"/>
</for>
<status status="PASS" start="2024-04-29T09:15:52.806960" elapsed="0.123046"/>
</kw>
<doc>Testa a estrutura da resposta da API.</doc>
<tag>testeEstruturaResposta</tag>
<status status="PASS" start="2024-04-29T09:15:52.806457" elapsed="0.123698"/>
</test>
<test id="s1-s1-t4" name="Validar tipos de dados" line="28">
<kw name="Teste de Tipos de Dados" owner="random-user-service">
<kw name="GET On Session" owner="RequestsLibrary">
<msg time="2024-04-29T09:15:53.230507" level="INFO">GET Request : url=https://randomuser.me/api 
 path_url=/api 
 headers={'User-Agent': 'python-requests/2.31.0', 'Accept-Encoding': 'gzip, deflate', 'Accept': '*/*', 'Connection': 'keep-alive'} 
 body=None 
 </msg>
<msg time="2024-04-29T09:15:53.230600" level="INFO">GET Response : url=https://randomuser.me/api 
 status=200, reason=OK 
 headers={'Date': 'Mon, 29 Apr 2024 09:15:53 GMT', 'Content-Type': 'application/json; charset=utf-8', 'Transfer-Encoding': 'chunked', 'Connection': 'keep-alive', 'X-Powered-By': 'Express', 'Access-Control-Allow-Origin': '*', 'Cache-Control': 'no-cache', 'ETag': 'W/"464-sOCO6khBm8mGY2PciLBsqIGwwe4"', 'Vary': 'Accept-Encoding', 'Content-Encoding': 'gzip', 'CF-Cache-Status': 'DYNAMIC', 'Report-To': '{"endpoints":[{"url":"https:\\/\\/a.nel.cloudflare.com\\/report\\/v4?s=epqjjD9pD3wZVTkUOHZ%2F%2BRiaDUZqufy1ZT7MaFQTWIEbd3ztoR%2F35APSkncUBe70ETK%2ByCwxvwHzZ1xya4wtchM9P%2BulMHRYYRvBMTh4h3NUQVFutcrL6XUQa%2FIaiNNS"}],"group":"cf-nel","max_age":604800}', 'NEL': '{"success_fraction":0,"report_to":"cf-nel","max_age":604800}', 'Server': 'cloudflare', 'CF-RAY': '87be30a7dd9b14dc-LAX', 'alt-svc': 'h3=":443"; ma=86400'} 
 body={"results":[{"gender":"male","name":{"title":"Mr","first":"Idris","last":"Nilsson"},"location":{"street":{"number":4333,"name":"Bentsebrugata"},"city":"Gilja","state":"Aust-Agder","country":"Norway","postcode":"1608","coordinates":{"latitude":"47.0701","longitude":"-26.2990"},"timezone":{"offset":"-9:00","description":"Alaska"}},"email":"idris.nilsson@example.com","login":{"uuid":"5916030d-1811-49d1-b17d-15ac77671058","username":"lazysnake210","password":"asterix","salt":"hGhfI2fR","md5":"aafcbd6df1d5cc92ee55dba39ca206c4","sha1":"8b0e6f96eca7b305e33b1edbd49b30f6fef50017","sha256":"65d5f808c1be2a0bbf759691947df944f581fe310c5e61e97e4663e261868569"},"dob":{"date":"1962-12-01T00:37:46.243Z","age":61},"registered":{"date":"2015-10-23T10:00:24.943Z","age":8},"phone":"54440035","cell":"90731700","id":{"name":"FN","value":"01126203388"},"picture":{"large":"https://randomuser.me/api/portraits/men/78.jpg","medium":"https://randomuser.me/api/portraits/med/men/78.jpg","thumbnail":"https://randomuser.me/api/portraits/thumb/men/78.jpg"},"nat":"NO"}],"info":{"seed":"9b842e0bd4b84822","results":1,"page":1,"version":"1.4"}} 
 </msg>
<msg time="2024-04-29T09:15:53.230668" level="INFO">/opt/hostedtoolcache/Python/3.12.3/x64/lib/python3.12/site-packages/urllib3/connectionpool.py:1103: InsecureRequestWarning: Unverified HTTPS request is being made to host 'randomuser.me'. Adding certificate verification is strongly advised. See: https://urllib3.readthedocs.io/en/latest/advanced-usage.html#tls-warnings
  warnings.warn(</msg>
<msg time="2024-04-29T09:15:53.230778" level="INFO">${response} = &lt;Response [200]&gt;</msg>
<var>${response}</var>
<arg>consultarAPI</arg>
<arg>/api</arg>
<doc>Sends a GET request on a previously created HTTP Session.</doc>
<status status="PASS" start="2024-04-29T09:15:52.932563" elapsed="0.298248"/>
</kw>
<kw name="Set Variable" owner="BuiltIn">
<msg time="2024-04-29T09:15:53.231816" level="INFO">${json_data} = {'results': [{'gender': 'male', 'name': {'title': 'Mr', 'first': 'Idris', 'last': 'Nilsson'}, 'location': {'street': {'number': 4333, 'name': 'Bentsebrugata'}, 'city': 'Gilja', 'state': 'Aust-Agder', ...</msg>
<var>${json_data}</var>
<arg>${response.json()}</arg>
<doc>Returns the given values which can then be assigned to a variables.</doc>
<status status="PASS" start="2024-04-29T09:15:53.231307" elapsed="0.000538"/>
</kw>
<kw name="Log" owner="BuiltIn">
<msg time="2024-04-29T09:15:53.232301" level="INFO">{'results': [{'gender': 'male', 'name': {'title': 'Mr', 'first': 'Idris', 'last': 'Nilsson'}, 'location': {'street': {'number': 4333, 'name': 'Bentsebrugata'}, 'city': 'Gilja', 'state': 'Aust-Agder', 'country': 'Norway', 'postcode': '1608', 'coordinates': {'latitude': '47.0701', 'longitude': '-26.2990'}, 'timezone': {'offset': '-9:00', 'description': 'Alaska'}}, 'email': 'idris.nilsson@example.com', 'login': {'uuid': '5916030d-1811-49d1-b17d-15ac77671058', 'username': 'lazysnake210', 'password': 'asterix', 'salt': 'hGhfI2fR', 'md5': 'aafcbd6df1d5cc92ee55dba39ca206c4', 'sha1': '8b0e6f96eca7b305e33b1edbd49b30f6fef50017', 'sha256': '65d5f808c1be2a0bbf759691947df944f581fe310c5e61e97e4663e261868569'}, 'dob': {'date': '1962-12-01T00:37:46.243Z', 'age': 61}, 'registered': {'date': '2015-10-23T10:00:24.943Z', 'age': 8}, 'phone': '54440035', 'cell': '90731700', 'id': {'name': 'FN', 'value': '01126203388'}, 'picture': {'large': 'https://randomuser.me/api/portraits/men/78.jpg', 'medium': 'https://randomuser.me/api/portraits/med/men/78.jpg', 'thumbnail': 'https://randomuser.me/api/portraits/thumb/men/78.jpg'}, 'nat': 'NO'}], 'info': {'seed': '9b842e0bd4b84822', 'results': 1, 'page': 1, 'version': '1.4'}}</msg>
<arg>${json_data}</arg>
<doc>Logs the given message with the given level.</doc>
<status status="PASS" start="2024-04-29T09:15:53.232147" elapsed="0.000237"/>
</kw>
<kw name="Should Be String" owner="String">
<arg>${json_data['results'][0]['gender']}</arg>
<doc>Fails if the given ``item`` is not a string.</doc>
<status status="PASS" start="2024-04-29T09:15:53.232678" elapsed="0.000355"/>
</kw>
<kw name="Should Match Regexp" owner="BuiltIn">
<arg>${json_data['results'][0]['email']}</arg>
<arg>^[a-zA-Z0-9._%+-]+@[a-zA-Z0-9.-]+\.[a-zA-Z]{2,}$</arg>
<doc>Fails if ``string`` does not match ``pattern`` as a regular expression.</doc>
<status status="PASS" start="2024-04-29T09:15:53.233223" elapsed="0.000511"/>
</kw>
<kw name="Should Match Regexp" owner="BuiltIn">
<arg>${json_data['results'][0]['dob']['date']}</arg>
<arg>\\d{4}-\\d{2}-\\d{2}T\\d{2}:\\d{2}:\\d{2}\\.\\d{3}Z</arg>
<doc>Fails if ``string`` does not match ``pattern`` as a regular expression.</doc>
<status status="PASS" start="2024-04-29T09:15:53.233965" elapsed="0.000500"/>
</kw>
<kw name="Should Match Regexp" owner="BuiltIn">
<arg>${json_data['results'][0]['registered']['date']}</arg>
<arg>\\d{4}-\\d{2}-\\d{2}T\\d{2}:\\d{2}:\\d{2}\\.\\d{3}Z</arg>
<doc>Fails if ``string`` does not match ``pattern`` as a regular expression.</doc>
<status status="PASS" start="2024-04-29T09:15:53.234656" elapsed="0.000361"/>
</kw>
<kw name="Should Match Regexp" owner="BuiltIn">
<arg>${json_data['results'][0]['picture']['large']}</arg>
<arg>^https?://.*\.(?:png|jpe?g|gif|bmp)$</arg>
<doc>Fails if ``string`` does not match ``pattern`` as a regular expression.</doc>
<status status="PASS" start="2024-04-29T09:15:53.235201" elapsed="0.000453"/>
</kw>
<kw name="Should Match Regexp" owner="BuiltIn">
<arg>${json_data['results'][0]['picture']['medium']}</arg>
<arg>^https?://.*\.(?:png|jpe?g|gif|bmp)$</arg>
<doc>Fails if ``string`` does not match ``pattern`` as a regular expression.</doc>
<status status="PASS" start="2024-04-29T09:15:53.235838" elapsed="0.000356"/>
</kw>
<kw name="Should Match Regexp" owner="BuiltIn">
<arg>${json_data['results'][0]['picture']['thumbnail']}</arg>
<arg>^https?://.*\.(?:png|jpe?g|gif|bmp)$</arg>
<doc>Fails if ``string`` does not match ``pattern`` as a regular expression.</doc>
<status status="PASS" start="2024-04-29T09:15:53.236384" elapsed="0.000351"/>
</kw>
<kw name="Log" owner="BuiltIn">
<msg time="2024-04-29T09:15:53.237232" level="INFO">{'large': 'https://randomuser.me/api/portraits/men/78.jpg', 'medium': 'https://randomuser.me/api/portraits/med/men/78.jpg', 'thumbnail': 'https://randomuser.me/api/portraits/thumb/men/78.jpg'}</msg>
<arg>${json_data['results'][0]['picture']}</arg>
<doc>Logs the given message with the given level.</doc>
<status status="PASS" start="2024-04-29T09:15:53.236914" elapsed="0.000358"/>
</kw>
<status status="PASS" start="2024-04-29T09:15:52.932339" elapsed="0.305192"/>
</kw>
<kw name="Teste de Tipos de Dados - Postcode" owner="random-user-service">
<kw name="GET On Session" owner="RequestsLibrary">
<msg time="2024-04-29T09:15:53.331801" level="INFO">GET Request : url=https://randomuser.me/api 
 path_url=/api 
 headers={'User-Agent': 'python-requests/2.31.0', 'Accept-Encoding': 'gzip, deflate', 'Accept': '*/*', 'Connection': 'keep-alive'} 
 body=None 
 </msg>
<msg time="2024-04-29T09:15:53.331896" level="INFO">GET Response : url=https://randomuser.me/api 
 status=200, reason=OK 
 headers={'Date': 'Mon, 29 Apr 2024 09:15:53 GMT', 'Content-Type': 'application/json; charset=utf-8', 'Transfer-Encoding': 'chunked', 'Connection': 'keep-alive', 'X-Powered-By': 'Express', 'Access-Control-Allow-Origin': '*', 'Cache-Control': 'no-cache', 'ETag': 'W/"4a7-G2DV/YesEYFKoBOfxrwAZUfiPrg"', 'Vary': 'Accept-Encoding', 'Content-Encoding': 'gzip', 'CF-Cache-Status': 'DYNAMIC', 'Report-To': '{"endpoints":[{"url":"https:\\/\\/a.nel.cloudflare.com\\/report\\/v4?s=s66mKwK9XCyzEfW4h8xtg1OE6Pn8nF2cDqqcg%2FLBOWjwYoiX9VjdQu78u5u5N%2FITNjozN6dV8NXRWNAE1MuEEN%2F%2BEPJVxEJj0pzL7FKv4oD%2Be5s8HxwU1Rn2jF%2BY5qG8"}],"group":"cf-nel","max_age":604800}', 'NEL': '{"success_fraction":0,"report_to":"cf-nel","max_age":604800}', 'Server': 'cloudflare', 'CF-RAY': '87be30a9cebb14dc-LAX', 'alt-svc': 'h3=":443"; ma=86400'} 
 body={"results":[{"gender":"male","name":{"title":"Monsieur","first":"Yannik","last":"Barbier"},"location":{"street":{"number":9870,"name":"Rue de L'Abbé-Carton"},"city":"Ermatingen","state":"Valais","country":"Switzerland","postcode":3841,"coordinates":{"latitude":"-56.1463","longitude":"-27.9408"},"timezone":{"offset":"+8:00","description":"Beijing, Perth, Singapore, Hong Kong"}},"email":"yannik.barbier@example.com","login":{"uuid":"f0df84e7-525d-4387-a169-8d575cc7a95b","username":"happylion561","password":"aceace","salt":"ukv2oGDM","md5":"fe7af31f0d6f7463f620eb8c586f27f5","sha1":"9564e236c8f535a072ec1d0945fb76bf479af949","sha256":"e2c571abae3aaafcd0aa676f0a08b57cbb38ba9738377f9c9e872162a159f287"},"dob":{"date":"1991-09-17T09:22:51.646Z","age":32},"registered":{"date":"2009-01-28T18:50:49.994Z","age":15},"phone":"078 846 53 77","cell":"079 722 44 15","id":{"name":"AVS","value":"756.2030.8432.73"},"picture":{"large":"https://randomuser.me/api/portraits/men/49.jpg","medium":"https://randomuser.me/api/portraits/med/men/49.jpg","thumbnail":"https://randomuser.me/api/portraits/thumb/men/49.jpg"},"nat":"CH"}],"info":{"seed":"8fa145861a85bb33","results":1,"page":1,"version":"1.4"}} 
 </msg>
<msg time="2024-04-29T09:15:53.331977" level="INFO">/opt/hostedtoolcache/Python/3.12.3/x64/lib/python3.12/site-packages/urllib3/connectionpool.py:1103: InsecureRequestWarning: Unverified HTTPS request is being made to host 'randomuser.me'. Adding certificate verification is strongly advised. See: https://urllib3.readthedocs.io/en/latest/advanced-usage.html#tls-warnings
  warnings.warn(</msg>
<msg time="2024-04-29T09:15:53.332091" level="INFO">${response} = &lt;Response [200]&gt;</msg>
<var>${response}</var>
<arg>consultarAPI</arg>
<arg>/api</arg>
<doc>Sends a GET request on a previously created HTTP Session.</doc>
<status status="PASS" start="2024-04-29T09:15:53.238016" elapsed="0.094107"/>
</kw>
<kw name="Set Variable" owner="BuiltIn">
<msg time="2024-04-29T09:15:53.333043" level="INFO">${json_data} = {'results': [{'gender': 'male', 'name': {'title': 'Monsieur', 'first': 'Yannik', 'last': 'Barbier'}, 'location': {'street': {'number': 9870, 'name': "Rue de L'Abbé-Carton"}, 'city': 'Ermatingen', 'sta...</msg>
<var>${json_data}</var>
<arg>${response.json()}</arg>
<doc>Returns the given values which can then be assigned to a variables.</doc>
<status status="PASS" start="2024-04-29T09:15:53.332583" elapsed="0.000489"/>
</kw>
<kw name="Log" owner="BuiltIn">
<msg time="2024-04-29T09:15:53.333539" level="INFO">{'results': [{'gender': 'male', 'name': {'title': 'Monsieur', 'first': 'Yannik', 'last': 'Barbier'}, 'location': {'street': {'number': 9870, 'name': "Rue de L'Abbé-Carton"}, 'city': 'Ermatingen', 'state': 'Valais', 'country': 'Switzerland', 'postcode': 3841, 'coordinates': {'latitude': '-56.1463', 'longitude': '-27.9408'}, 'timezone': {'offset': '+8:00', 'description': 'Beijing, Perth, Singapore, Hong Kong'}}, 'email': 'yannik.barbier@example.com', 'login': {'uuid': 'f0df84e7-525d-4387-a169-8d575cc7a95b', 'username': 'happylion561', 'password': 'aceace', 'salt': 'ukv2oGDM', 'md5': 'fe7af31f0d6f7463f620eb8c586f27f5', 'sha1': '9564e236c8f535a072ec1d0945fb76bf479af949', 'sha256': 'e2c571abae3aaafcd0aa676f0a08b57cbb38ba9738377f9c9e872162a159f287'}, 'dob': {'date': '1991-09-17T09:22:51.646Z', 'age': 32}, 'registered': {'date': '2009-01-28T18:50:49.994Z', 'age': 15}, 'phone': '078 846 53 77', 'cell': '079 722 44 15', 'id': {'name': 'AVS', 'value': '756.2030.8432.73'}, 'picture': {'large': 'https://randomuser.me/api/portraits/men/49.jpg', 'medium': 'https://randomuser.me/api/portraits/med/men/49.jpg', 'thumbnail': 'https://randomuser.me/api/portraits/thumb/men/49.jpg'}, 'nat': 'CH'}], 'info': {'seed': '8fa145861a85bb33', 'results': 1, 'page': 1, 'version': '1.4'}}</msg>
<arg>${json_data}</arg>
<doc>Logs the given message with the given level.</doc>
<status status="PASS" start="2024-04-29T09:15:53.333378" elapsed="0.000241"/>
</kw>
<kw name="Should Be Equal As Numbers" owner="BuiltIn">
<arg>${json_data['results'][0]['location']['postcode']}</arg>
<arg>${json_data['results'][0]['location']['postcode']}</arg>
<doc>Fails if objects are unequal after converting them to real numbers.</doc>
<status status="PASS" start="2024-04-29T09:15:53.334112" elapsed="0.000624"/>
</kw>
<kw name="Log" owner="BuiltIn">
<msg time="2024-04-29T09:15:53.335267" level="INFO">3841</msg>
<arg>${json_data['results'][0]['location']['postcode']}</arg>
<doc>Logs the given message with the given level.</doc>
<status status="PASS" start="2024-04-29T09:15:53.334936" elapsed="0.000370"/>
</kw>
<status status="PASS" start="2024-04-29T09:15:53.237756" elapsed="0.097799"/>
</kw>
<doc>Testa se os tipos de dados na resposta da API estão corretos.</doc>
<tag>testeTiposDados</tag>
<status status="PASS" start="2024-04-29T09:15:52.931904" elapsed="0.403813"/>
</test>
<test id="s1-s1-t5" name="Validar conteudo" line="35">
<kw name="Teste de Tipos de Conteudo" owner="random-user-service">
<kw name="GET On Session" owner="RequestsLibrary">
<msg time="2024-04-29T09:15:53.432413" level="INFO">GET Request : url=https://randomuser.me/api 
 path_url=/api 
 headers={'User-Agent': 'python-requests/2.31.0', 'Accept-Encoding': 'gzip, deflate', 'Accept': '*/*', 'Connection': 'keep-alive'} 
 body=None 
 </msg>
<msg time="2024-04-29T09:15:53.432497" level="INFO">GET Response : url=https://randomuser.me/api 
 status=200, reason=OK 
 headers={'Date': 'Mon, 29 Apr 2024 09:15:53 GMT', 'Content-Type': 'application/json; charset=utf-8', 'Transfer-Encoding': 'chunked', 'Connection': 'keep-alive', 'X-Powered-By': 'Express', 'Access-Control-Allow-Origin': '*', 'Cache-Control': 'no-cache', 'ETag': 'W/"498-GdfYmlR8bONm8euOH4WfoTp8LaI"', 'Vary': 'Accept-Encoding', 'Content-Encoding': 'gzip', 'CF-Cache-Status': 'DYNAMIC', 'Report-To': '{"endpoints":[{"url":"https:\\/\\/a.nel.cloudflare.com\\/report\\/v4?s=USFebh2x3tTUVRvYd584Ktm4nMwDfFfyk813mMzfgEs%2FC0PQ7feitGR%2BYmvOJrUrm5dN5zU5yovsebGDdRuz6U9ebXG%2Bd9DvII3YkRMIhft6oJB7dQUhxW3z19ziO%2Fee"}],"group":"cf-nel","max_age":604800}', 'NEL': '{"success_fraction":0,"report_to":"cf-nel","max_age":604800}', 'Server': 'cloudflare', 'CF-RAY': '87be30aa6f0114dc-LAX', 'alt-svc': 'h3=":443"; ma=86400'} 
 body={"results":[{"gender":"female","name":{"title":"Mrs","first":"Marijntje","last":"Van Tuinen"},"location":{"street":{"number":3120,"name":"Binnenwater"},"city":"Houten","state":"Zeeland","country":"Netherlands","postcode":"7288 FS","coordinates":{"latitude":"36.6816","longitude":"149.6597"},"timezone":{"offset":"+2:00","description":"Kaliningrad, South Africa"}},"email":"marijntje.vantuinen@example.com","login":{"uuid":"9e78425d-7a05-477f-b040-2e09520cba7e","username":"angrydog914","password":"cumcum","salt":"NavED9mc","md5":"9070fe5d4f1e043690f90bf4632cdd91","sha1":"3004c830395507e6dcf5068bc6467a9a40c20a0d","sha256":"682e4f774065f57d6443acf190ea78aac984d613740017593282d176700d0990"},"dob":{"date":"1947-03-30T08:21:24.652Z","age":77},"registered":{"date":"2013-09-05T23:19:00.731Z","age":10},"phone":"(0263) 008985","cell":"(06) 66904469","id":{"name":"BSN","value":"85545828"},"picture":{"large":"https://randomuser.me/api/portraits/women/31.jpg","medium":"https://randomuser.me/api/portraits/med/women/31.jpg","thumbnail":"https://randomuser.me/api/portraits/thumb/women/31.jpg"},"nat":"NL"}],"info":{"seed":"675cb562ebd50897","results":1,"page":1,"version":"1.4"}} 
 </msg>
<msg time="2024-04-29T09:15:53.432565" level="INFO">/opt/hostedtoolcache/Python/3.12.3/x64/lib/python3.12/site-packages/urllib3/connectionpool.py:1103: InsecureRequestWarning: Unverified HTTPS request is being made to host 'randomuser.me'. Adding certificate verification is strongly advised. See: https://urllib3.readthedocs.io/en/latest/advanced-usage.html#tls-warnings
  warnings.warn(</msg>
<msg time="2024-04-29T09:15:53.432648" level="INFO">${response} = &lt;Response [200]&gt;</msg>
<var>${response}</var>
<arg>consultarAPI</arg>
<arg>/api</arg>
<doc>Sends a GET request on a previously created HTTP Session.</doc>
<status status="PASS" start="2024-04-29T09:15:53.338219" elapsed="0.094459"/>
</kw>
<kw name="Set Variable" owner="BuiltIn">
<msg time="2024-04-29T09:15:53.433491" level="INFO">${json_data} = {'results': [{'gender': 'female', 'name': {'title': 'Mrs', 'first': 'Marijntje', 'last': 'Van Tuinen'}, 'location': {'street': {'number': 3120, 'name': 'Binnenwater'}, 'city': 'Houten', 'state': 'Zeel...</msg>
<var>${json_data}</var>
<arg>${response.json()}</arg>
<doc>Returns the given values which can then be assigned to a variables.</doc>
<status status="PASS" start="2024-04-29T09:15:53.433058" elapsed="0.000461"/>
</kw>
<kw name="Set Variable" owner="BuiltIn">
<msg time="2024-04-29T09:15:53.434245" level="INFO">${name_title} = Mrs</msg>
<var>${name_title}</var>
<arg>${json_data["results"][0]["name"]["title"]}</arg>
<doc>Returns the given values which can then be assigned to a variables.</doc>
<status status="PASS" start="2024-04-29T09:15:53.433819" elapsed="0.000451"/>
</kw>
<kw name="Create List" owner="BuiltIn">
<msg time="2024-04-29T09:15:53.434716" level="INFO">${allowed_titles} = ['Mr', 'Ms', 'Miss', 'Mrs', 'Madame', 'Monsieur']</msg>
<var>${allowed_titles}</var>
<arg>Mr</arg>
<arg>Ms</arg>
<arg>Miss</arg>
<arg>Mrs</arg>
<arg>Madame</arg>
<arg>Monsieur</arg>
<doc>Returns a list containing given items.</doc>
<status status="PASS" start="2024-04-29T09:15:53.434570" elapsed="0.000170"/>
</kw>
<kw name="List Should Contain Value" owner="Collections">
<msg time="2024-04-29T09:15:53.435204" level="INFO">False</msg>
<arg>${allowed_titles}</arg>
<arg>${name_title}</arg>
<doc>Fails if the ``value`` is not found from ``list``.</doc>
<status status="PASS" start="2024-04-29T09:15:53.435035" elapsed="0.000204"/>
</kw>
<kw name="Set Variable" owner="BuiltIn">
<msg time="2024-04-29T09:15:53.435904" level="INFO">${name_country} = NL</msg>
<var>${name_country}</var>
<arg>${json_data["results"][0]["nat"]}</arg>
<doc>Returns the given values which can then be assigned to a variables.</doc>
<status status="PASS" start="2024-04-29T09:15:53.435524" elapsed="0.000405"/>
</kw>
<kw name="Create List" owner="BuiltIn">
<msg time="2024-04-29T09:15:53.436811" level="INFO">${list_country} = ['AD', 'AE', 'AF', 'AG', 'AI', 'AL', 'AM', 'AO', 'AQ', 'AR', 'AS', 'AT', 'AU', 'AW', 'AX', 'AZ', 'BA', 'BB', 'BD', 'BE', 'BF', 'BG', 'BH', 'BI', 'BJ', 'BL', 'BM', 'BN', 'BO', 'BQ', 'BR', 'BS', 'BT', '...</msg>
<var>${list_country}</var>
<arg>AD</arg>
<arg>AE</arg>
<arg>AF</arg>
<arg>AG</arg>
<arg>AI</arg>
<arg>AL</arg>
<arg>AM</arg>
<arg>AO</arg>
<arg>AQ</arg>
<arg>AR</arg>
<arg>AS</arg>
<arg>AT</arg>
<arg>AU</arg>
<arg>AW</arg>
<arg>AX</arg>
<arg>AZ</arg>
<arg>BA</arg>
<arg>BB</arg>
<arg>BD</arg>
<arg>BE</arg>
<arg>BF</arg>
<arg>BG</arg>
<arg>BH</arg>
<arg>BI</arg>
<arg>BJ</arg>
<arg>BL</arg>
<arg>BM</arg>
<arg>BN</arg>
<arg>BO</arg>
<arg>BQ</arg>
<arg>BR</arg>
<arg>BS</arg>
<arg>BT</arg>
<arg>BV</arg>
<arg>BW</arg>
<arg>BY</arg>
<arg>BZ</arg>
<arg>CA</arg>
<arg>CC</arg>
<arg>CD</arg>
<arg>CF</arg>
<arg>CG</arg>
<arg>CH</arg>
<arg>CI</arg>
<arg>CK</arg>
<arg>CL</arg>
<arg>CM</arg>
<arg>CN</arg>
<arg>CO</arg>
<arg>CR</arg>
<arg>CU</arg>
<arg>CV</arg>
<arg>CW</arg>
<arg>CX</arg>
<arg>CY</arg>
<arg>CZ</arg>
<arg>DE</arg>
<arg>DJ</arg>
<arg>DK</arg>
<arg>DM</arg>
<arg>DO</arg>
<arg>DZ</arg>
<arg>EC</arg>
<arg>EE</arg>
<arg>EG</arg>
<arg>EH</arg>
<arg>ER</arg>
<arg>ES</arg>
<arg>ET</arg>
<arg>FI</arg>
<arg>FJ</arg>
<arg>FK</arg>
<arg>FM</arg>
<arg>FO</arg>
<arg>FR</arg>
<arg>GA</arg>
<arg>GB</arg>
<arg>GD</arg>
<arg>GE</arg>
<arg>GF</arg>
<arg>GG</arg>
<arg>GH</arg>
<arg>GI</arg>
<arg>GL</arg>
<arg>GM</arg>
<arg>GN</arg>
<arg>GP</arg>
<arg>GQ</arg>
<arg>GR</arg>
<arg>GS</arg>
<arg>GT</arg>
<arg>GU</arg>
<arg>GW</arg>
<arg>GY</arg>
<arg>HK</arg>
<arg>HM</arg>
<arg>HN</arg>
<arg>HR</arg>
<arg>HT</arg>
<arg>HU</arg>
<arg>ID</arg>
<arg>IE</arg>
<arg>IL</arg>
<arg>IM</arg>
<arg>IN</arg>
<arg>IO</arg>
<arg>IQ</arg>
<arg>IR</arg>
<arg>IS</arg>
<arg>IT</arg>
<arg>JE</arg>
<arg>JM</arg>
<arg>JO</arg>
<arg>JP</arg>
<arg>KE</arg>
<arg>KG</arg>
<arg>KH</arg>
<arg>KI</arg>
<arg>KM</arg>
<arg>KN</arg>
<arg>KP</arg>
<arg>KR</arg>
<arg>KW</arg>
<arg>KY</arg>
<arg>KZ</arg>
<arg>LA</arg>
<arg>LB</arg>
<arg>LC</arg>
<arg>LI</arg>
<arg>LK</arg>
<arg>LR</arg>
<arg>LS</arg>
<arg>LT</arg>
<arg>LU</arg>
<arg>LV</arg>
<arg>LY</arg>
<arg>MA</arg>
<arg>MC</arg>
<arg>MD</arg>
<arg>ME</arg>
<arg>MF</arg>
<arg>MG</arg>
<arg>MH</arg>
<arg>MK</arg>
<arg>ML</arg>
<arg>MM</arg>
<arg>MN</arg>
<arg>MO</arg>
<arg>MP</arg>
<arg>MQ</arg>
<arg>MR</arg>
<arg>MS</arg>
<arg>MT</arg>
<arg>MU</arg>
<arg>MV</arg>
<arg>MW</arg>
<arg>MX</arg>
<arg>MY</arg>
<arg>MZ</arg>
<arg>NA</arg>
<arg>NC</arg>
<arg>NE</arg>
<arg>NF</arg>
<arg>NG</arg>
<arg>NI</arg>
<arg>NL</arg>
<arg>NO</arg>
<arg>NP</arg>
<arg>NR</arg>
<arg>NU</arg>
<arg>NZ</arg>
<arg>OM</arg>
<arg>PA</arg>
<arg>PE</arg>
<arg>PF</arg>
<arg>PG</arg>
<arg>PH</arg>
<arg>PK</arg>
<arg>PL</arg>
<arg>PM</arg>
<arg>PN</arg>
<arg>PR</arg>
<arg>PS</arg>
<arg>PT</arg>
<arg>PW</arg>
<arg>PY</arg>
<arg>QA</arg>
<arg>RE</arg>
<arg>RO</arg>
<arg>RS</arg>
<arg>RU</arg>
<arg>RW</arg>
<arg>SA</arg>
<arg>SB</arg>
<arg>SC</arg>
<arg>SD</arg>
<arg>SE</arg>
<arg>SG</arg>
<arg>SH</arg>
<arg>SI</arg>
<arg>SJ</arg>
<arg>SK</arg>
<arg>SL</arg>
<arg>SM</arg>
<arg>SN</arg>
<arg>SO</arg>
<arg>SR</arg>
<arg>SS</arg>
<arg>ST</arg>
<arg>SV</arg>
<arg>SX</arg>
<arg>SY</arg>
<arg>SZ</arg>
<arg>TC</arg>
<arg>TD</arg>
<arg>TF</arg>
<arg>TG</arg>
<arg>TH</arg>
<arg>TJ</arg>
<arg>TK</arg>
<arg>TL</arg>
<arg>TM</arg>
<arg>TN</arg>
<arg>TO</arg>
<arg>TR</arg>
<arg>TT</arg>
<arg>TV</arg>
<arg>TW</arg>
<arg>TZ</arg>
<arg>UA</arg>
<arg>UG</arg>
<arg>UM</arg>
<arg>US</arg>
<arg>UY</arg>
<arg>UZ</arg>
<arg>VA</arg>
<arg>VC</arg>
<arg>VE</arg>
<arg>VG</arg>
<arg>VI</arg>
<arg>VN</arg>
<arg>VU</arg>
<arg>WF</arg>
<arg>WS</arg>
<arg>XK</arg>
<arg>YE</arg>
<arg>YT</arg>
<arg>ZA</arg>
<arg>ZM</arg>
<arg>ZW</arg>
<doc>Returns a list containing given items.</doc>
<status status="PASS" start="2024-04-29T09:15:53.436226" elapsed="0.000610"/>
</kw>
<kw name="List Should Contain Value" owner="Collections">
<msg time="2024-04-29T09:15:53.437825" level="INFO">False</msg>
<arg>${list_country}</arg>
<arg>${name_country}</arg>
<doc>Fails if the ``value`` is not found from ``list``.</doc>
<status status="PASS" start="2024-04-29T09:15:53.437626" elapsed="0.000236"/>
</kw>
<kw name="Run Keyword If" owner="BuiltIn">
<kw name="Should Be True" owner="BuiltIn">
<arg>${True}</arg>
<doc>Fails if the given condition is not true.</doc>
<status status="PASS" start="2024-04-29T09:15:53.438964" elapsed="0.000240"/>
</kw>
<arg>${json_data["results"][0]["location"]["coordinates"]["latitude"]} &gt;= -90 and ${json_data["results"][0]["location"]["coordinates"]["latitude"]} &lt;= 90</arg>
<arg>Should Be True</arg>
<arg>${True}</arg>
<doc>Runs the given keyword with the given arguments, if ``condition`` is true.</doc>
<status status="PASS" start="2024-04-29T09:15:53.438202" elapsed="0.001131"/>
</kw>
<kw name="Run Keyword If" owner="BuiltIn">
<kw name="Should Be True" owner="BuiltIn">
<arg>${True}</arg>
<doc>Fails if the given condition is not true.</doc>
<status status="PASS" start="2024-04-29T09:15:53.440231" elapsed="0.000137"/>
</kw>
<arg>${json_data["results"][0]["location"]["coordinates"]["longitude"]} &gt;= -180 and ${json_data["results"][0]["location"]["coordinates"]["longitude"]} &lt;= 180</arg>
<arg>Should Be True</arg>
<arg>${True}</arg>
<doc>Runs the given keyword with the given arguments, if ``condition`` is true.</doc>
<status status="PASS" start="2024-04-29T09:15:53.439523" elapsed="0.000970"/>
</kw>
<status status="PASS" start="2024-04-29T09:15:53.337994" elapsed="0.102628"/>
</kw>
<doc>Testa o conteúdo específico dos campos retornados pela API.</doc>
<tag>testeConteudo</tag>
<status status="PASS" start="2024-04-29T09:15:53.337447" elapsed="0.103315"/>
</test>
<status status="PASS" start="2024-04-29T09:15:52.225783" elapsed="1.216934"/>
</suite>
<status status="PASS" start="2024-04-29T09:15:52.212276" elapsed="1.235503"/>
</suite>
<statistics>
<total>
<stat pass="5" fail="0" skip="0">All Tests</stat>
</total>
<tag>
<stat pass="1" fail="0" skip="0">testeConteudo</stat>
<stat pass="1" fail="0" skip="0">testeEstruturaResposta</stat>
<stat pass="1" fail="0" skip="0">testeRequisicaoBasica</stat>
<stat pass="1" fail="0" skip="0">testeTiposDados</stat>
</tag>
<suite>
<stat pass="5" fail="0" skip="0" id="s1" name="Tests">Tests</stat>
<stat pass="5" fail="0" skip="0" id="s1-s1" name="Random-User-Test">Tests.Random-User-Test</stat>
</suite>
</statistics>
<errors>
</errors>
</robot>
