<?xml version="1.0" encoding="UTF-8"?>
<robot generator="Robot 7.0 (Python 3.12.2 on linux)" generated="2024-03-28T18:17:23.077383" rpa="false" schemaversion="5">
<suite id="s1" name="Tests" source="/home/runner/work/DesafioQAItauRogerioJordao/DesafioQAItauRogerioJordao/RamdonUser/tests">
<suite id="s1-s1" name="Random-User-Test" source="/home/runner/work/DesafioQAItauRogerioJordao/DesafioQAItauRogerioJordao/RamdonUser/tests/random-user-test.robot">
<test id="s1-s1-t1" name="Conectar" line="13">
<kw name="Conectar API" owner="random-user-service">
<kw name="Create Session" owner="RequestsLibrary">
<msg time="2024-03-28T18:17:23.457684" level="INFO">Creating Session using : alias=consultarAPI, url=https://randomuser.me/, headers={},                     cookies={}, auth=None, timeout=None, proxies=None, verify=False,                     debug=0 </msg>
<arg>consultarAPI</arg>
<arg>${URL}</arg>
<doc>Create Session: create a HTTP session to a server</doc>
<status status="PASS" start="2024-03-28T18:17:23.457462" elapsed="0.000420"/>
</kw>
<status status="PASS" start="2024-03-28T18:17:23.456311" elapsed="0.001966"/>
</kw>
<status status="PASS" start="2024-03-28T18:17:23.455545" elapsed="0.002946"/>
</test>
<test id="s1-s1-t2" name="Validar retorno 200 e JSON Válido" line="16">
<kw name="Teste de Requisicao Basica" owner="random-user-service">
<kw name="GET On Session" owner="RequestsLibrary">
<msg time="2024-03-28T18:17:23.568899" level="INFO">GET Request : url=https://randomuser.me/api 
 path_url=/api 
 headers={'User-Agent': 'python-requests/2.31.0', 'Accept-Encoding': 'gzip, deflate', 'Accept': '*/*', 'Connection': 'keep-alive'} 
 body=None 
 </msg>
<msg time="2024-03-28T18:17:23.569050" level="INFO">GET Response : url=https://randomuser.me/api 
 status=200, reason=OK 
 headers={'Date': 'Thu, 28 Mar 2024 18:17:23 GMT', 'Content-Type': 'application/json; charset=utf-8', 'Transfer-Encoding': 'chunked', 'Connection': 'keep-alive', 'X-Powered-By': 'Express', 'Access-Control-Allow-Origin': '*', 'Cache-Control': 'no-cache', 'ETag': 'W/"4a0-PwUufQBKjnegMLYRO3WbTCWsGLY"', 'Vary': 'Accept-Encoding', 'Content-Encoding': 'gzip', 'CF-Cache-Status': 'DYNAMIC', 'Report-To': '{"endpoints":[{"url":"https:\\/\\/a.nel.cloudflare.com\\/report\\/v4?s=m2fmEg%2FMurRWC4Gpp67ZBhDqABI7O%2B54cvvx9VK6q6EHNd%2BeJdOLrelS5oO2oMPbjz6kpBojBmpoLho2s6mOsIpz8eY8KMVXdg%2Fahl055lCId1AEkk7zyyVPY7Ei2hZl"}],"group":"cf-nel","max_age":604800}', 'NEL': '{"success_fraction":0,"report_to":"cf-nel","max_age":604800}', 'Server': 'cloudflare', 'CF-RAY': '86b99de1dc63802d-IAD', 'alt-svc': 'h3=":443"; ma=86400'} 
 body={"results":[{"gender":"male","name":{"title":"Mr","first":"Simauro","last":"Mendes"},"location":{"street":{"number":1766,"name":"Rua Pernambuco "},"city":"Itabira","state":"Santa Catarina","country":"Brazil","postcode":22679,"coordinates":{"latitude":"-76.5476","longitude":"-0.6932"},"timezone":{"offset":"+10:00","description":"Eastern Australia, Guam, Vladivostok"}},"email":"simauro.mendes@example.com","login":{"uuid":"e9e286e2-6bd0-4888-b8fc-de552ac6f411","username":"whiterabbit840","password":"killkill","salt":"xR2bHGIT","md5":"b23b25ebf808a4b6e9b104e19b5dbd27","sha1":"a03c8134551cc005ce3b1a51c154a6cb66bc9c77","sha256":"88994f419208d98992e9d8955c57fbef3b2fafc571262c16ad7c5ceb3e3ab603"},"dob":{"date":"1995-09-05T07:57:59.640Z","age":28},"registered":{"date":"2009-03-07T03:08:50.878Z","age":15},"phone":"(16) 7492-1013","cell":"(14) 6655-1932","id":{"name":"CPF","value":"263.527.530-04"},"picture":{"large":"https://randomuser.me/api/portraits/men/35.jpg","medium":"https://randomuser.me/api/portraits/med/men/35.jpg","thumbnail":"https://randomuser.me/api/portraits/thumb/men/35.jpg"},"nat":"BR"}],"info":{"seed":"7e0ac30ee419a150","results":1,"page":1,"version":"1.4"}} 
 </msg>
<msg time="2024-03-28T18:17:23.569159" level="INFO">/opt/hostedtoolcache/Python/3.12.2/x64/lib/python3.12/site-packages/urllib3/connectionpool.py:1103: InsecureRequestWarning: Unverified HTTPS request is being made to host 'randomuser.me'. Adding certificate verification is strongly advised. See: https://urllib3.readthedocs.io/en/latest/advanced-usage.html#tls-warnings
  warnings.warn(</msg>
<msg time="2024-03-28T18:17:23.569304" level="INFO">${response} = &lt;Response [200]&gt;</msg>
<var>${response}</var>
<arg>consultarAPI</arg>
<arg>/api</arg>
<doc>Sends a GET request on a previously created HTTP Session.</doc>
<status status="PASS" start="2024-03-28T18:17:23.461161" elapsed="0.108188"/>
</kw>
<kw name="Should Be Equal As Numbers" owner="BuiltIn">
<msg time="2024-03-28T18:17:23.570378" level="INFO">Argument types are:
&lt;class 'int'&gt;
&lt;class 'str'&gt;</msg>
<arg>${response.status_code}</arg>
<arg>200</arg>
<doc>Fails if objects are unequal after converting them to real numbers.</doc>
<status status="PASS" start="2024-03-28T18:17:23.569895" elapsed="0.000553"/>
</kw>
<kw name="Log" owner="BuiltIn">
<msg time="2024-03-28T18:17:23.571174" level="INFO">200</msg>
<arg>${response.status_code}</arg>
<doc>Logs the given message with the given level.</doc>
<status status="PASS" start="2024-03-28T18:17:23.570799" elapsed="0.000418"/>
</kw>
<kw name="Set Variable" owner="BuiltIn">
<msg time="2024-03-28T18:17:23.572032" level="INFO">${json_data} = {'results': [{'gender': 'male', 'name': {'title': 'Mr', 'first': 'Simauro', 'last': 'Mendes'}, 'location': {'street': {'number': 1766, 'name': 'Rua Pernambuco '}, 'city': 'Itabira', 'state': 'Santa Ca...</msg>
<var>${json_data}</var>
<arg>${response.json()}</arg>
<doc>Returns the given values which can then be assigned to a variables.</doc>
<status status="PASS" start="2024-03-28T18:17:23.571571" elapsed="0.000490"/>
</kw>
<kw name="Dictionary Should Contain Key" owner="Collections">
<msg time="2024-03-28T18:17:23.572548" level="INFO">False</msg>
<arg>${json_data}</arg>
<arg>results</arg>
<doc>Fails if ``key`` is not found from ``dictionary``.</doc>
<status status="PASS" start="2024-03-28T18:17:23.572374" elapsed="0.000215"/>
</kw>
<status status="PASS" start="2024-03-28T18:17:23.460893" elapsed="0.111984"/>
</kw>
<doc>Testa se a API responde corretamente e retorna um objeto JSON válido.</doc>
<tag>testeRequisicaoBasica</tag>
<status status="PASS" start="2024-03-28T18:17:23.460378" elapsed="0.112703"/>
</test>
<test id="s1-s1-t3" name="Validar estrutura de resposta" line="22">
<kw name="Teste de Estrutura de Resposta" owner="random-user-service">
<kw name="GET On Session" owner="RequestsLibrary">
<msg time="2024-03-28T18:17:23.667743" level="INFO">GET Request : url=https://randomuser.me/api 
 path_url=/api 
 headers={'User-Agent': 'python-requests/2.31.0', 'Accept-Encoding': 'gzip, deflate', 'Accept': '*/*', 'Connection': 'keep-alive'} 
 body=None 
 </msg>
<msg time="2024-03-28T18:17:23.667845" level="INFO">GET Response : url=https://randomuser.me/api 
 status=200, reason=OK 
 headers={'Date': 'Thu, 28 Mar 2024 18:17:23 GMT', 'Content-Type': 'application/json; charset=utf-8', 'Transfer-Encoding': 'chunked', 'Connection': 'keep-alive', 'X-Powered-By': 'Express', 'Access-Control-Allow-Origin': '*', 'Cache-Control': 'no-cache', 'ETag': 'W/"48b-0rexrDuxILi8oMrO+vJJ6MFKlL8"', 'Vary': 'Accept-Encoding', 'Content-Encoding': 'gzip', 'CF-Cache-Status': 'DYNAMIC', 'Report-To': '{"endpoints":[{"url":"https:\\/\\/a.nel.cloudflare.com\\/report\\/v4?s=pf%2BUWirnWYkG%2FbE4p%2FCLELBeqqyNBYD2yUhEFWsSJN3mKUvYO%2FJC5VxfXeDg35mczmbk4LWWlcOEeN%2B%2BkGySom1XN4VO82TcSGwqfaBJVr0upts%2F5gXV1lLQX0qbFdOm"}],"group":"cf-nel","max_age":604800}', 'NEL': '{"success_fraction":0,"report_to":"cf-nel","max_age":604800}', 'Server': 'cloudflare', 'CF-RAY': '86b99de25d3d802d-IAD', 'alt-svc': 'h3=":443"; ma=86400'} 
 body={"results":[{"gender":"female","name":{"title":"Miss","first":"Paige","last":"Lee"},"location":{"street":{"number":1765,"name":"Devon Street"},"city":"Dunedin","state":"Otago","country":"New Zealand","postcode":76389,"coordinates":{"latitude":"54.4839","longitude":"109.9682"},"timezone":{"offset":"+5:00","description":"Ekaterinburg, Islamabad, Karachi, Tashkent"}},"email":"paige.lee@example.com","login":{"uuid":"c63a2329-b084-4094-bc88-fc47bcf47165","username":"orangewolf777","password":"locks","salt":"dGrdKqoV","md5":"6c51d5853669f369e22e9db0d53c4db0","sha1":"11e4658982232f5e9457b007cf36818e3fd351ca","sha256":"8a02292a77e402bec4cb6a2f4d87077dd12f0d8e92a9b0ed49b19c652ef49998"},"dob":{"date":"1960-02-10T22:02:00.095Z","age":64},"registered":{"date":"2011-07-31T14:11:32.768Z","age":12},"phone":"(892)-403-3126","cell":"(762)-525-7098","id":{"name":"","value":null},"picture":{"large":"https://randomuser.me/api/portraits/women/67.jpg","medium":"https://randomuser.me/api/portraits/med/women/67.jpg","thumbnail":"https://randomuser.me/api/portraits/thumb/women/67.jpg"},"nat":"NZ"}],"info":{"seed":"9d16915060abf68c","results":1,"page":1,"version":"1.4"}} 
 </msg>
<msg time="2024-03-28T18:17:23.667989" level="INFO">/opt/hostedtoolcache/Python/3.12.2/x64/lib/python3.12/site-packages/urllib3/connectionpool.py:1103: InsecureRequestWarning: Unverified HTTPS request is being made to host 'randomuser.me'. Adding certificate verification is strongly advised. See: https://urllib3.readthedocs.io/en/latest/advanced-usage.html#tls-warnings
  warnings.warn(</msg>
<msg time="2024-03-28T18:17:23.668128" level="INFO">${response} = &lt;Response [200]&gt;</msg>
<var>${response}</var>
<arg>consultarAPI</arg>
<arg>/api</arg>
<doc>Sends a GET request on a previously created HTTP Session.</doc>
<status status="PASS" start="2024-03-28T18:17:23.575912" elapsed="0.092260"/>
</kw>
<kw name="Set Variable" owner="BuiltIn">
<msg time="2024-03-28T18:17:23.669393" level="INFO">${json_data} = {'results': [{'gender': 'female', 'name': {'title': 'Miss', 'first': 'Paige', 'last': 'Lee'}, 'location': {'street': {'number': 1765, 'name': 'Devon Street'}, 'city': 'Dunedin', 'state': 'Otago', 'cou...</msg>
<var>${json_data}</var>
<arg>${response.json()}</arg>
<doc>Returns the given values which can then be assigned to a variables.</doc>
<status status="PASS" start="2024-03-28T18:17:23.668785" elapsed="0.000637"/>
</kw>
<kw name="Log" owner="BuiltIn">
<msg time="2024-03-28T18:17:23.669956" level="INFO">{'results': [{'gender': 'female', 'name': {'title': 'Miss', 'first': 'Paige', 'last': 'Lee'}, 'location': {'street': {'number': 1765, 'name': 'Devon Street'}, 'city': 'Dunedin', 'state': 'Otago', 'country': 'New Zealand', 'postcode': 76389, 'coordinates': {'latitude': '54.4839', 'longitude': '109.9682'}, 'timezone': {'offset': '+5:00', 'description': 'Ekaterinburg, Islamabad, Karachi, Tashkent'}}, 'email': 'paige.lee@example.com', 'login': {'uuid': 'c63a2329-b084-4094-bc88-fc47bcf47165', 'username': 'orangewolf777', 'password': 'locks', 'salt': 'dGrdKqoV', 'md5': '6c51d5853669f369e22e9db0d53c4db0', 'sha1': '11e4658982232f5e9457b007cf36818e3fd351ca', 'sha256': '8a02292a77e402bec4cb6a2f4d87077dd12f0d8e92a9b0ed49b19c652ef49998'}, 'dob': {'date': '1960-02-10T22:02:00.095Z', 'age': 64}, 'registered': {'date': '2011-07-31T14:11:32.768Z', 'age': 12}, 'phone': '(892)-403-3126', 'cell': '(762)-525-7098', 'id': {'name': '', 'value': None}, 'picture': {'large': 'https://randomuser.me/api/portraits/women/67.jpg', 'medium': 'https://randomuser.me/api/portraits/med/women/67.jpg', 'thumbnail': 'https://randomuser.me/api/portraits/thumb/women/67.jpg'}, 'nat': 'NZ'}], 'info': {'seed': '9d16915060abf68c', 'results': 1, 'page': 1, 'version': '1.4'}}</msg>
<arg>${json_data}</arg>
<doc>Logs the given message with the given level.</doc>
<status status="PASS" start="2024-03-28T18:17:23.669781" elapsed="0.000225"/>
</kw>
<kw name="Dictionary Should Contain Key" owner="Collections">
<msg time="2024-03-28T18:17:23.670499" level="INFO">False</msg>
<arg>${json_data}</arg>
<arg>results</arg>
<doc>Fails if ``key`` is not found from ``dictionary``.</doc>
<status status="PASS" start="2024-03-28T18:17:23.670332" elapsed="0.000205"/>
</kw>
<kw name="Should Not Be Empty" owner="BuiltIn">
<msg time="2024-03-28T18:17:23.670979" level="INFO">Length is 2.</msg>
<arg>${json_data}</arg>
<doc>Verifies that the given item is not empty.</doc>
<status status="PASS" start="2024-03-28T18:17:23.670840" elapsed="0.000179"/>
</kw>
<kw name="Create List" owner="BuiltIn">
<msg time="2024-03-28T18:17:23.671466" level="INFO">${expected_keys} = ['gender', 'name', 'location', 'email', 'login']</msg>
<var>${expected_keys}</var>
<arg>gender</arg>
<arg>name</arg>
<arg>location</arg>
<arg>email</arg>
<arg>login</arg>
<doc>Returns a list containing given items.</doc>
<status status="PASS" start="2024-03-28T18:17:23.671314" elapsed="0.000177"/>
</kw>
<for flavor="IN">
<iter>
<kw name="Dictionary Should Contain Key" owner="Collections">
<msg time="2024-03-28T18:17:23.672521" level="INFO">False</msg>
<arg>${json_data['results'][0]}</arg>
<arg>${key}</arg>
<doc>Fails if ``key`` is not found from ``dictionary``.</doc>
<status status="PASS" start="2024-03-28T18:17:23.672094" elapsed="0.000467"/>
</kw>
<kw name="Log" owner="BuiltIn">
<msg time="2024-03-28T18:17:23.673286" level="INFO">{'gender': 'female', 'name': {'title': 'Miss', 'first': 'Paige', 'last': 'Lee'}, 'location': {'street': {'number': 1765, 'name': 'Devon Street'}, 'city': 'Dunedin', 'state': 'Otago', 'country': 'New Zealand', 'postcode': 76389, 'coordinates': {'latitude': '54.4839', 'longitude': '109.9682'}, 'timezone': {'offset': '+5:00', 'description': 'Ekaterinburg, Islamabad, Karachi, Tashkent'}}, 'email': 'paige.lee@example.com', 'login': {'uuid': 'c63a2329-b084-4094-bc88-fc47bcf47165', 'username': 'orangewolf777', 'password': 'locks', 'salt': 'dGrdKqoV', 'md5': '6c51d5853669f369e22e9db0d53c4db0', 'sha1': '11e4658982232f5e9457b007cf36818e3fd351ca', 'sha256': '8a02292a77e402bec4cb6a2f4d87077dd12f0d8e92a9b0ed49b19c652ef49998'}, 'dob': {'date': '1960-02-10T22:02:00.095Z', 'age': 64}, 'registered': {'date': '2011-07-31T14:11:32.768Z', 'age': 12}, 'phone': '(892)-403-3126', 'cell': '(762)-525-7098', 'id': {'name': '', 'value': None}, 'picture': {'large': 'https://randomuser.me/api/portraits/women/67.jpg', 'medium': 'https://randomuser.me/api/portraits/med/women/67.jpg', 'thumbnail': 'https://randomuser.me/api/portraits/thumb/women/67.jpg'}, 'nat': 'NZ'}</msg>
<arg>${json_data['results'][0]}</arg>
<doc>Logs the given message with the given level.</doc>
<status status="PASS" start="2024-03-28T18:17:23.672906" elapsed="0.000434"/>
</kw>
<kw name="Log" owner="BuiltIn">
<msg time="2024-03-28T18:17:23.673822" level="INFO">gender</msg>
<arg>${key}</arg>
<doc>Logs the given message with the given level.</doc>
<status status="PASS" start="2024-03-28T18:17:23.673684" elapsed="0.000178"/>
</kw>
<var name="${key}">gender</var>
<status status="PASS" start="2024-03-28T18:17:23.671962" elapsed="0.002123"/>
</iter>
<iter>
<kw name="Dictionary Should Contain Key" owner="Collections">
<msg time="2024-03-28T18:17:23.674792" level="INFO">False</msg>
<arg>${json_data['results'][0]}</arg>
<arg>${key}</arg>
<doc>Fails if ``key`` is not found from ``dictionary``.</doc>
<status status="PASS" start="2024-03-28T18:17:23.674401" elapsed="0.000429"/>
</kw>
<kw name="Log" owner="BuiltIn">
<msg time="2024-03-28T18:17:23.675549" level="INFO">{'gender': 'female', 'name': {'title': 'Miss', 'first': 'Paige', 'last': 'Lee'}, 'location': {'street': {'number': 1765, 'name': 'Devon Street'}, 'city': 'Dunedin', 'state': 'Otago', 'country': 'New Zealand', 'postcode': 76389, 'coordinates': {'latitude': '54.4839', 'longitude': '109.9682'}, 'timezone': {'offset': '+5:00', 'description': 'Ekaterinburg, Islamabad, Karachi, Tashkent'}}, 'email': 'paige.lee@example.com', 'login': {'uuid': 'c63a2329-b084-4094-bc88-fc47bcf47165', 'username': 'orangewolf777', 'password': 'locks', 'salt': 'dGrdKqoV', 'md5': '6c51d5853669f369e22e9db0d53c4db0', 'sha1': '11e4658982232f5e9457b007cf36818e3fd351ca', 'sha256': '8a02292a77e402bec4cb6a2f4d87077dd12f0d8e92a9b0ed49b19c652ef49998'}, 'dob': {'date': '1960-02-10T22:02:00.095Z', 'age': 64}, 'registered': {'date': '2011-07-31T14:11:32.768Z', 'age': 12}, 'phone': '(892)-403-3126', 'cell': '(762)-525-7098', 'id': {'name': '', 'value': None}, 'picture': {'large': 'https://randomuser.me/api/portraits/women/67.jpg', 'medium': 'https://randomuser.me/api/portraits/med/women/67.jpg', 'thumbnail': 'https://randomuser.me/api/portraits/thumb/women/67.jpg'}, 'nat': 'NZ'}</msg>
<arg>${json_data['results'][0]}</arg>
<doc>Logs the given message with the given level.</doc>
<status status="PASS" start="2024-03-28T18:17:23.675166" elapsed="0.000431"/>
</kw>
<kw name="Log" owner="BuiltIn">
<msg time="2024-03-28T18:17:23.676028" level="INFO">name</msg>
<arg>${key}</arg>
<doc>Logs the given message with the given level.</doc>
<status status="PASS" start="2024-03-28T18:17:23.675898" elapsed="0.000168"/>
</kw>
<var name="${key}">name</var>
<status status="PASS" start="2024-03-28T18:17:23.674284" elapsed="0.002006"/>
</iter>
<iter>
<kw name="Dictionary Should Contain Key" owner="Collections">
<msg time="2024-03-28T18:17:23.676995" level="INFO">False</msg>
<arg>${json_data['results'][0]}</arg>
<arg>${key}</arg>
<doc>Fails if ``key`` is not found from ``dictionary``.</doc>
<status status="PASS" start="2024-03-28T18:17:23.676582" elapsed="0.000452"/>
</kw>
<kw name="Log" owner="BuiltIn">
<msg time="2024-03-28T18:17:23.677705" level="INFO">{'gender': 'female', 'name': {'title': 'Miss', 'first': 'Paige', 'last': 'Lee'}, 'location': {'street': {'number': 1765, 'name': 'Devon Street'}, 'city': 'Dunedin', 'state': 'Otago', 'country': 'New Zealand', 'postcode': 76389, 'coordinates': {'latitude': '54.4839', 'longitude': '109.9682'}, 'timezone': {'offset': '+5:00', 'description': 'Ekaterinburg, Islamabad, Karachi, Tashkent'}}, 'email': 'paige.lee@example.com', 'login': {'uuid': 'c63a2329-b084-4094-bc88-fc47bcf47165', 'username': 'orangewolf777', 'password': 'locks', 'salt': 'dGrdKqoV', 'md5': '6c51d5853669f369e22e9db0d53c4db0', 'sha1': '11e4658982232f5e9457b007cf36818e3fd351ca', 'sha256': '8a02292a77e402bec4cb6a2f4d87077dd12f0d8e92a9b0ed49b19c652ef49998'}, 'dob': {'date': '1960-02-10T22:02:00.095Z', 'age': 64}, 'registered': {'date': '2011-07-31T14:11:32.768Z', 'age': 12}, 'phone': '(892)-403-3126', 'cell': '(762)-525-7098', 'id': {'name': '', 'value': None}, 'picture': {'large': 'https://randomuser.me/api/portraits/women/67.jpg', 'medium': 'https://randomuser.me/api/portraits/med/women/67.jpg', 'thumbnail': 'https://randomuser.me/api/portraits/thumb/women/67.jpg'}, 'nat': 'NZ'}</msg>
<arg>${json_data['results'][0]}</arg>
<doc>Logs the given message with the given level.</doc>
<status status="PASS" start="2024-03-28T18:17:23.677343" elapsed="0.000415"/>
</kw>
<kw name="Log" owner="BuiltIn">
<msg time="2024-03-28T18:17:23.678179" level="INFO">location</msg>
<arg>${key}</arg>
<doc>Logs the given message with the given level.</doc>
<status status="PASS" start="2024-03-28T18:17:23.678052" elapsed="0.000165"/>
</kw>
<var name="${key}">location</var>
<status status="PASS" start="2024-03-28T18:17:23.676470" elapsed="0.001965"/>
</iter>
<iter>
<kw name="Dictionary Should Contain Key" owner="Collections">
<msg time="2024-03-28T18:17:23.679099" level="INFO">False</msg>
<arg>${json_data['results'][0]}</arg>
<arg>${key}</arg>
<doc>Fails if ``key`` is not found from ``dictionary``.</doc>
<status status="PASS" start="2024-03-28T18:17:23.678718" elapsed="0.000419"/>
</kw>
<kw name="Log" owner="BuiltIn">
<msg time="2024-03-28T18:17:23.679810" level="INFO">{'gender': 'female', 'name': {'title': 'Miss', 'first': 'Paige', 'last': 'Lee'}, 'location': {'street': {'number': 1765, 'name': 'Devon Street'}, 'city': 'Dunedin', 'state': 'Otago', 'country': 'New Zealand', 'postcode': 76389, 'coordinates': {'latitude': '54.4839', 'longitude': '109.9682'}, 'timezone': {'offset': '+5:00', 'description': 'Ekaterinburg, Islamabad, Karachi, Tashkent'}}, 'email': 'paige.lee@example.com', 'login': {'uuid': 'c63a2329-b084-4094-bc88-fc47bcf47165', 'username': 'orangewolf777', 'password': 'locks', 'salt': 'dGrdKqoV', 'md5': '6c51d5853669f369e22e9db0d53c4db0', 'sha1': '11e4658982232f5e9457b007cf36818e3fd351ca', 'sha256': '8a02292a77e402bec4cb6a2f4d87077dd12f0d8e92a9b0ed49b19c652ef49998'}, 'dob': {'date': '1960-02-10T22:02:00.095Z', 'age': 64}, 'registered': {'date': '2011-07-31T14:11:32.768Z', 'age': 12}, 'phone': '(892)-403-3126', 'cell': '(762)-525-7098', 'id': {'name': '', 'value': None}, 'picture': {'large': 'https://randomuser.me/api/portraits/women/67.jpg', 'medium': 'https://randomuser.me/api/portraits/med/women/67.jpg', 'thumbnail': 'https://randomuser.me/api/portraits/thumb/women/67.jpg'}, 'nat': 'NZ'}</msg>
<arg>${json_data['results'][0]}</arg>
<doc>Logs the given message with the given level.</doc>
<status status="PASS" start="2024-03-28T18:17:23.679445" elapsed="0.000412"/>
</kw>
<kw name="Log" owner="BuiltIn">
<msg time="2024-03-28T18:17:23.680277" level="INFO">email</msg>
<arg>${key}</arg>
<doc>Logs the given message with the given level.</doc>
<status status="PASS" start="2024-03-28T18:17:23.680149" elapsed="0.000166"/>
</kw>
<var name="${key}">email</var>
<status status="PASS" start="2024-03-28T18:17:23.678607" elapsed="0.001924"/>
</iter>
<iter>
<kw name="Dictionary Should Contain Key" owner="Collections">
<msg time="2024-03-28T18:17:23.681231" level="INFO">False</msg>
<arg>${json_data['results'][0]}</arg>
<arg>${key}</arg>
<doc>Fails if ``key`` is not found from ``dictionary``.</doc>
<status status="PASS" start="2024-03-28T18:17:23.680823" elapsed="0.000445"/>
</kw>
<kw name="Log" owner="BuiltIn">
<msg time="2024-03-28T18:17:23.681931" level="INFO">{'gender': 'female', 'name': {'title': 'Miss', 'first': 'Paige', 'last': 'Lee'}, 'location': {'street': {'number': 1765, 'name': 'Devon Street'}, 'city': 'Dunedin', 'state': 'Otago', 'country': 'New Zealand', 'postcode': 76389, 'coordinates': {'latitude': '54.4839', 'longitude': '109.9682'}, 'timezone': {'offset': '+5:00', 'description': 'Ekaterinburg, Islamabad, Karachi, Tashkent'}}, 'email': 'paige.lee@example.com', 'login': {'uuid': 'c63a2329-b084-4094-bc88-fc47bcf47165', 'username': 'orangewolf777', 'password': 'locks', 'salt': 'dGrdKqoV', 'md5': '6c51d5853669f369e22e9db0d53c4db0', 'sha1': '11e4658982232f5e9457b007cf36818e3fd351ca', 'sha256': '8a02292a77e402bec4cb6a2f4d87077dd12f0d8e92a9b0ed49b19c652ef49998'}, 'dob': {'date': '1960-02-10T22:02:00.095Z', 'age': 64}, 'registered': {'date': '2011-07-31T14:11:32.768Z', 'age': 12}, 'phone': '(892)-403-3126', 'cell': '(762)-525-7098', 'id': {'name': '', 'value': None}, 'picture': {'large': 'https://randomuser.me/api/portraits/women/67.jpg', 'medium': 'https://randomuser.me/api/portraits/med/women/67.jpg', 'thumbnail': 'https://randomuser.me/api/portraits/thumb/women/67.jpg'}, 'nat': 'NZ'}</msg>
<arg>${json_data['results'][0]}</arg>
<doc>Logs the given message with the given level.</doc>
<status status="PASS" start="2024-03-28T18:17:23.681565" elapsed="0.000413"/>
</kw>
<kw name="Log" owner="BuiltIn">
<msg time="2024-03-28T18:17:23.682400" level="INFO">login</msg>
<arg>${key}</arg>
<doc>Logs the given message with the given level.</doc>
<status status="PASS" start="2024-03-28T18:17:23.682272" elapsed="0.000273"/>
</kw>
<var name="${key}">login</var>
<status status="PASS" start="2024-03-28T18:17:23.680706" elapsed="0.002091"/>
</iter>
<var>${key}</var>
<value>@{expected_keys}</value>
<status status="PASS" start="2024-03-28T18:17:23.671760" elapsed="0.011165"/>
</for>
<kw name="Create List" owner="BuiltIn">
<msg time="2024-03-28T18:17:23.683264" level="INFO">${expected_keysTwo} = ['username', 'password']</msg>
<var>${expected_keysTwo}</var>
<arg>username</arg>
<arg>password</arg>
<doc>Returns a list containing given items.</doc>
<status status="PASS" start="2024-03-28T18:17:23.683124" elapsed="0.000164"/>
</kw>
<for flavor="IN">
<iter>
<kw name="Dictionary Should Contain Key" owner="Collections">
<msg time="2024-03-28T18:17:23.684196" level="INFO">False</msg>
<arg>${json_data['results'][0]['login']}</arg>
<arg>${keyTwo}</arg>
<doc>Fails if ``key`` is not found from ``dictionary``.</doc>
<status status="PASS" start="2024-03-28T18:17:23.683818" elapsed="0.000415"/>
</kw>
<kw name="Dictionary Should Contain Key" owner="Collections">
<msg time="2024-03-28T18:17:23.684950" level="INFO">False</msg>
<arg>${json_data['results'][0]['login']}</arg>
<arg>${keyTwo}</arg>
<doc>Fails if ``key`` is not found from ``dictionary``.</doc>
<status status="PASS" start="2024-03-28T18:17:23.684529" elapsed="0.000460"/>
</kw>
<kw name="Log" owner="BuiltIn">
<msg time="2024-03-28T18:17:23.685418" level="INFO">username</msg>
<arg>${keyTwo}</arg>
<doc>Logs the given message with the given level.</doc>
<status status="PASS" start="2024-03-28T18:17:23.685290" elapsed="0.000164"/>
</kw>
<var name="${keyTwo}">username</var>
<status status="PASS" start="2024-03-28T18:17:23.683703" elapsed="0.001966"/>
</iter>
<iter>
<kw name="Dictionary Should Contain Key" owner="Collections">
<msg time="2024-03-28T18:17:23.686426" level="INFO">False</msg>
<arg>${json_data['results'][0]['login']}</arg>
<arg>${keyTwo}</arg>
<doc>Fails if ``key`` is not found from ``dictionary``.</doc>
<status status="PASS" start="2024-03-28T18:17:23.686034" elapsed="0.000429"/>
</kw>
<kw name="Dictionary Should Contain Key" owner="Collections">
<msg time="2024-03-28T18:17:23.687133" level="INFO">False</msg>
<arg>${json_data['results'][0]['login']}</arg>
<arg>${keyTwo}</arg>
<doc>Fails if ``key`` is not found from ``dictionary``.</doc>
<status status="PASS" start="2024-03-28T18:17:23.686758" elapsed="0.000411"/>
</kw>
<kw name="Log" owner="BuiltIn">
<msg time="2024-03-28T18:17:23.687594" level="INFO">password</msg>
<arg>${keyTwo}</arg>
<doc>Logs the given message with the given level.</doc>
<status status="PASS" start="2024-03-28T18:17:23.687465" elapsed="0.000166"/>
</kw>
<var name="${keyTwo}">password</var>
<status status="PASS" start="2024-03-28T18:17:23.685884" elapsed="0.001967"/>
</iter>
<var>${keyTwo}</var>
<value>@{expected_keysTwo}</value>
<status status="PASS" start="2024-03-28T18:17:23.683530" elapsed="0.004443"/>
</for>
<status status="PASS" start="2024-03-28T18:17:23.575666" elapsed="0.112449"/>
</kw>
<doc>Testa a estrutura da resposta da API.</doc>
<tag>testeEstruturaResposta</tag>
<status status="PASS" start="2024-03-28T18:17:23.574977" elapsed="0.113305"/>
</test>
<test id="s1-s1-t4" name="Validar tipos de dados" line="28">
<kw name="Teste de Tipos de Dados" owner="random-user-service">
<kw name="GET On Session" owner="RequestsLibrary">
<msg time="2024-03-28T18:17:23.770398" level="INFO">GET Request : url=https://randomuser.me/api 
 path_url=/api 
 headers={'User-Agent': 'python-requests/2.31.0', 'Accept-Encoding': 'gzip, deflate', 'Accept': '*/*', 'Connection': 'keep-alive'} 
 body=None 
 </msg>
<msg time="2024-03-28T18:17:23.770485" level="INFO">GET Response : url=https://randomuser.me/api 
 status=200, reason=OK 
 headers={'Date': 'Thu, 28 Mar 2024 18:17:23 GMT', 'Content-Type': 'application/json; charset=utf-8', 'Transfer-Encoding': 'chunked', 'Connection': 'keep-alive', 'X-Powered-By': 'Express', 'Access-Control-Allow-Origin': '*', 'Cache-Control': 'no-cache', 'ETag': 'W/"490-is87rjJABQLvhK8G0kpVDpJsbBE"', 'Vary': 'Accept-Encoding', 'Content-Encoding': 'gzip', 'CF-Cache-Status': 'DYNAMIC', 'Report-To': '{"endpoints":[{"url":"https:\\/\\/a.nel.cloudflare.com\\/report\\/v4?s=7GcU8xMvmCiWXxgQLJdWWZ77ncgwA11eiI%2F69yskzo5BShDUkCUp6JMNI%2FljfkseIlo4pozDVc6PPxjJBn0ZYUTJ4nNyU5Dhbts5oOBl9wsaEzWXQHldZc7LtDjI1hTA"}],"group":"cf-nel","max_age":604800}', 'NEL': '{"success_fraction":0,"report_to":"cf-nel","max_age":604800}', 'Server': 'cloudflare', 'CF-RAY': '86b99de30f11802d-IAD', 'alt-svc': 'h3=":443"; ma=86400'} 
 body={"results":[{"gender":"male","name":{"title":"Mr","first":"Shchastislav","last":"Matviyishina"},"location":{"street":{"number":2977,"name":"Agregatna"},"city":"Kobelyaki","state":"Harkivska","country":"Ukraine","postcode":54093,"coordinates":{"latitude":"80.3620","longitude":"-35.5885"},"timezone":{"offset":"-7:00","description":"Mountain Time (US &amp; Canada)"}},"email":"shchastislav.matviyishina@example.com","login":{"uuid":"f83406d7-6112-4b0d-87a7-f82391510c02","username":"redkoala958","password":"joe123","salt":"AfhlRa1U","md5":"1238b1ad85eed6754f5c417efcd25060","sha1":"a107e4da5d0a67cf77f3900c21d79ff841908f92","sha256":"15e74c31f87927dfdca32517720fdbc501fdb099195d40650fe0622d54e66554"},"dob":{"date":"1973-01-21T07:42:48.919Z","age":51},"registered":{"date":"2005-02-24T10:09:25.028Z","age":19},"phone":"(097) C30-0701","cell":"(096) W22-8268","id":{"name":"","value":null},"picture":{"large":"https://randomuser.me/api/portraits/men/22.jpg","medium":"https://randomuser.me/api/portraits/med/men/22.jpg","thumbnail":"https://randomuser.me/api/portraits/thumb/men/22.jpg"},"nat":"UA"}],"info":{"seed":"381e930117c6efdc","results":1,"page":1,"version":"1.4"}} 
 </msg>
<msg time="2024-03-28T18:17:23.770552" level="INFO">/opt/hostedtoolcache/Python/3.12.2/x64/lib/python3.12/site-packages/urllib3/connectionpool.py:1103: InsecureRequestWarning: Unverified HTTPS request is being made to host 'randomuser.me'. Adding certificate verification is strongly advised. See: https://urllib3.readthedocs.io/en/latest/advanced-usage.html#tls-warnings
  warnings.warn(</msg>
<msg time="2024-03-28T18:17:23.770656" level="INFO">${response} = &lt;Response [200]&gt;</msg>
<var>${response}</var>
<arg>consultarAPI</arg>
<arg>/api</arg>
<doc>Sends a GET request on a previously created HTTP Session.</doc>
<status status="PASS" start="2024-03-28T18:17:23.690816" elapsed="0.079865"/>
</kw>
<kw name="Set Variable" owner="BuiltIn">
<msg time="2024-03-28T18:17:23.771680" level="INFO">${json_data} = {'results': [{'gender': 'male', 'name': {'title': 'Mr', 'first': 'Shchastislav', 'last': 'Matviyishina'}, 'location': {'street': {'number': 2977, 'name': 'Agregatna'}, 'city': 'Kobelyaki', 'state': 'H...</msg>
<var>${json_data}</var>
<arg>${response.json()}</arg>
<doc>Returns the given values which can then be assigned to a variables.</doc>
<status status="PASS" start="2024-03-28T18:17:23.771176" elapsed="0.000532"/>
</kw>
<kw name="Log" owner="BuiltIn">
<msg time="2024-03-28T18:17:23.772200" level="INFO">{'results': [{'gender': 'male', 'name': {'title': 'Mr', 'first': 'Shchastislav', 'last': 'Matviyishina'}, 'location': {'street': {'number': 2977, 'name': 'Agregatna'}, 'city': 'Kobelyaki', 'state': 'Harkivska', 'country': 'Ukraine', 'postcode': 54093, 'coordinates': {'latitude': '80.3620', 'longitude': '-35.5885'}, 'timezone': {'offset': '-7:00', 'description': 'Mountain Time (US &amp; Canada)'}}, 'email': 'shchastislav.matviyishina@example.com', 'login': {'uuid': 'f83406d7-6112-4b0d-87a7-f82391510c02', 'username': 'redkoala958', 'password': 'joe123', 'salt': 'AfhlRa1U', 'md5': '1238b1ad85eed6754f5c417efcd25060', 'sha1': 'a107e4da5d0a67cf77f3900c21d79ff841908f92', 'sha256': '15e74c31f87927dfdca32517720fdbc501fdb099195d40650fe0622d54e66554'}, 'dob': {'date': '1973-01-21T07:42:48.919Z', 'age': 51}, 'registered': {'date': '2005-02-24T10:09:25.028Z', 'age': 19}, 'phone': '(097) C30-0701', 'cell': '(096) W22-8268', 'id': {'name': '', 'value': None}, 'picture': {'large': 'https://randomuser.me/api/portraits/men/22.jpg', 'medium': 'https://randomuser.me/api/portraits/med/men/22.jpg', 'thumbnail': 'https://randomuser.me/api/portraits/thumb/men/22.jpg'}, 'nat': 'UA'}], 'info': {'seed': '381e930117c6efdc', 'results': 1, 'page': 1, 'version': '1.4'}}</msg>
<arg>${json_data}</arg>
<doc>Logs the given message with the given level.</doc>
<status status="PASS" start="2024-03-28T18:17:23.772041" elapsed="0.000249"/>
</kw>
<kw name="Should Be String" owner="String">
<arg>${json_data['results'][0]['gender']}</arg>
<doc>Fails if the given ``item`` is not a string.</doc>
<status status="PASS" start="2024-03-28T18:17:23.772602" elapsed="0.000422"/>
</kw>
<kw name="Should Match Regexp" owner="BuiltIn">
<arg>${json_data['results'][0]['email']}</arg>
<arg>^[a-zA-Z0-9._%+-]+@[a-zA-Z0-9.-]+\.[a-zA-Z]{2,}$</arg>
<doc>Fails if ``string`` does not match ``pattern`` as a regular expression.</doc>
<status status="PASS" start="2024-03-28T18:17:23.773220" elapsed="0.000528"/>
</kw>
<kw name="Should Match Regexp" owner="BuiltIn">
<arg>${json_data['results'][0]['dob']['date']}</arg>
<arg>\\d{4}-\\d{2}-\\d{2}T\\d{2}:\\d{2}:\\d{2}\\.\\d{3}Z</arg>
<doc>Fails if ``string`` does not match ``pattern`` as a regular expression.</doc>
<status status="PASS" start="2024-03-28T18:17:23.773947" elapsed="0.000490"/>
</kw>
<kw name="Should Match Regexp" owner="BuiltIn">
<arg>${json_data['results'][0]['registered']['date']}</arg>
<arg>\\d{4}-\\d{2}-\\d{2}T\\d{2}:\\d{2}:\\d{2}\\.\\d{3}Z</arg>
<doc>Fails if ``string`` does not match ``pattern`` as a regular expression.</doc>
<status status="PASS" start="2024-03-28T18:17:23.774630" elapsed="0.000363"/>
</kw>
<kw name="Should Match Regexp" owner="BuiltIn">
<arg>${json_data['results'][0]['picture']['large']}</arg>
<arg>^https?://.*\.(?:png|jpe?g|gif|bmp)$</arg>
<doc>Fails if ``string`` does not match ``pattern`` as a regular expression.</doc>
<status status="PASS" start="2024-03-28T18:17:23.775175" elapsed="0.000454"/>
</kw>
<kw name="Should Match Regexp" owner="BuiltIn">
<arg>${json_data['results'][0]['picture']['medium']}</arg>
<arg>^https?://.*\.(?:png|jpe?g|gif|bmp)$</arg>
<doc>Fails if ``string`` does not match ``pattern`` as a regular expression.</doc>
<status status="PASS" start="2024-03-28T18:17:23.775817" elapsed="0.000359"/>
</kw>
<kw name="Should Match Regexp" owner="BuiltIn">
<arg>${json_data['results'][0]['picture']['thumbnail']}</arg>
<arg>^https?://.*\.(?:png|jpe?g|gif|bmp)$</arg>
<doc>Fails if ``string`` does not match ``pattern`` as a regular expression.</doc>
<status status="PASS" start="2024-03-28T18:17:23.776363" elapsed="0.000360"/>
</kw>
<kw name="Log" owner="BuiltIn">
<msg time="2024-03-28T18:17:23.777270" level="INFO">{'large': 'https://randomuser.me/api/portraits/men/22.jpg', 'medium': 'https://randomuser.me/api/portraits/med/men/22.jpg', 'thumbnail': 'https://randomuser.me/api/portraits/thumb/men/22.jpg'}</msg>
<arg>${json_data['results'][0]['picture']}</arg>
<doc>Logs the given message with the given level.</doc>
<status status="PASS" start="2024-03-28T18:17:23.776932" elapsed="0.000385"/>
</kw>
<status status="PASS" start="2024-03-28T18:17:23.690577" elapsed="0.087001"/>
</kw>
<kw name="Teste de Tipos de Dados - Postcode" owner="random-user-service">
<kw name="GET On Session" owner="RequestsLibrary">
<msg time="2024-03-28T18:17:23.891698" level="INFO">GET Request : url=https://randomuser.me/api 
 path_url=/api 
 headers={'User-Agent': 'python-requests/2.31.0', 'Accept-Encoding': 'gzip, deflate', 'Accept': '*/*', 'Connection': 'keep-alive'} 
 body=None 
 </msg>
<msg time="2024-03-28T18:17:23.891793" level="INFO">GET Response : url=https://randomuser.me/api 
 status=200, reason=OK 
 headers={'Date': 'Thu, 28 Mar 2024 18:17:23 GMT', 'Content-Type': 'application/json; charset=utf-8', 'Transfer-Encoding': 'chunked', 'Connection': 'keep-alive', 'X-Powered-By': 'Express', 'Access-Control-Allow-Origin': '*', 'Cache-Control': 'no-cache', 'ETag': 'W/"4ad-9Kt6mlHrwkLtle3bF6eE7bNRI4I"', 'Vary': 'Accept-Encoding', 'Content-Encoding': 'gzip', 'CF-Cache-Status': 'DYNAMIC', 'Report-To': '{"endpoints":[{"url":"https:\\/\\/a.nel.cloudflare.com\\/report\\/v4?s=Fj7rzbf7j8y3G4TVtA2Gu4pNP3Od2MgBo7I%2B4i76kuVYoG3iqGXeFw1twaE0urLBqms8M8MbVi1wNA5en%2F23x6vo35bZAtS0tY6LhRn%2B043cjpuXeqC4awJ6Bi5ZOpgp"}],"group":"cf-nel","max_age":604800}', 'NEL': '{"success_fraction":0,"report_to":"cf-nel","max_age":604800}', 'Server': 'cloudflare', 'CF-RAY': '86b99de39ff9802d-IAD', 'alt-svc': 'h3=":443"; ma=86400'} 
 body={"results":[{"gender":"male","name":{"title":"Mr","first":"Boaventura","last":"Gomes"},"location":{"street":{"number":3953,"name":"Avenida Vinícius de Morais"},"city":"Santa Cruz do Sul","state":"Piauí","country":"Brazil","postcode":51770,"coordinates":{"latitude":"-76.9874","longitude":"-137.8013"},"timezone":{"offset":"-3:00","description":"Brazil, Buenos Aires, Georgetown"}},"email":"boaventura.gomes@example.com","login":{"uuid":"37561ca7-3a13-45c1-8a5c-43f2ca4e380d","username":"goldenrabbit355","password":"norris","salt":"mQgouWeG","md5":"3c6e37ee79f5db4794a0c3ffb1886cfa","sha1":"df6a57176e385c672d821937918cf032f4b5ca4c","sha256":"9860f20368b0080dffdfa712584eba4d22eda83c52cde40109ae7658b3702292"},"dob":{"date":"1956-04-28T16:51:46.907Z","age":67},"registered":{"date":"2022-03-09T07:48:11.071Z","age":2},"phone":"(76) 2925-0830","cell":"(41) 9149-5639","id":{"name":"CPF","value":"260.077.157-68"},"picture":{"large":"https://randomuser.me/api/portraits/men/12.jpg","medium":"https://randomuser.me/api/portraits/med/men/12.jpg","thumbnail":"https://randomuser.me/api/portraits/thumb/men/12.jpg"},"nat":"BR"}],"info":{"seed":"02ff0e45d2797313","results":1,"page":1,"version":"1.4"}} 
 </msg>
<msg time="2024-03-28T18:17:23.891887" level="INFO">/opt/hostedtoolcache/Python/3.12.2/x64/lib/python3.12/site-packages/urllib3/connectionpool.py:1103: InsecureRequestWarning: Unverified HTTPS request is being made to host 'randomuser.me'. Adding certificate verification is strongly advised. See: https://urllib3.readthedocs.io/en/latest/advanced-usage.html#tls-warnings
  warnings.warn(</msg>
<msg time="2024-03-28T18:17:23.892009" level="INFO">${response} = &lt;Response [200]&gt;</msg>
<var>${response}</var>
<arg>consultarAPI</arg>
<arg>/api</arg>
<doc>Sends a GET request on a previously created HTTP Session.</doc>
<status status="PASS" start="2024-03-28T18:17:23.778180" elapsed="0.113876"/>
</kw>
<kw name="Set Variable" owner="BuiltIn">
<msg time="2024-03-28T18:17:23.893053" level="INFO">${json_data} = {'results': [{'gender': 'male', 'name': {'title': 'Mr', 'first': 'Boaventura', 'last': 'Gomes'}, 'location': {'street': {'number': 3953, 'name': 'Avenida Vinícius de Morais'}, 'city': 'Santa Cruz do S...</msg>
<var>${json_data}</var>
<arg>${response.json()}</arg>
<doc>Returns the given values which can then be assigned to a variables.</doc>
<status status="PASS" start="2024-03-28T18:17:23.892521" elapsed="0.000563"/>
</kw>
<kw name="Log" owner="BuiltIn">
<msg time="2024-03-28T18:17:23.893553" level="INFO">{'results': [{'gender': 'male', 'name': {'title': 'Mr', 'first': 'Boaventura', 'last': 'Gomes'}, 'location': {'street': {'number': 3953, 'name': 'Avenida Vinícius de Morais'}, 'city': 'Santa Cruz do Sul', 'state': 'Piauí', 'country': 'Brazil', 'postcode': 51770, 'coordinates': {'latitude': '-76.9874', 'longitude': '-137.8013'}, 'timezone': {'offset': '-3:00', 'description': 'Brazil, Buenos Aires, Georgetown'}}, 'email': 'boaventura.gomes@example.com', 'login': {'uuid': '37561ca7-3a13-45c1-8a5c-43f2ca4e380d', 'username': 'goldenrabbit355', 'password': 'norris', 'salt': 'mQgouWeG', 'md5': '3c6e37ee79f5db4794a0c3ffb1886cfa', 'sha1': 'df6a57176e385c672d821937918cf032f4b5ca4c', 'sha256': '9860f20368b0080dffdfa712584eba4d22eda83c52cde40109ae7658b3702292'}, 'dob': {'date': '1956-04-28T16:51:46.907Z', 'age': 67}, 'registered': {'date': '2022-03-09T07:48:11.071Z', 'age': 2}, 'phone': '(76) 2925-0830', 'cell': '(41) 9149-5639', 'id': {'name': 'CPF', 'value': '260.077.157-68'}, 'picture': {'large': 'https://randomuser.me/api/portraits/men/12.jpg', 'medium': 'https://randomuser.me/api/portraits/med/men/12.jpg', 'thumbnail': 'https://randomuser.me/api/portraits/thumb/men/12.jpg'}, 'nat': 'BR'}], 'info': {'seed': '02ff0e45d2797313', 'results': 1, 'page': 1, 'version': '1.4'}}</msg>
<arg>${json_data}</arg>
<doc>Logs the given message with the given level.</doc>
<status status="PASS" start="2024-03-28T18:17:23.893395" elapsed="0.000238"/>
</kw>
<kw name="Should Be Equal As Numbers" owner="BuiltIn">
<arg>${json_data['results'][0]['location']['postcode']}</arg>
<arg>${json_data['results'][0]['location']['postcode']}</arg>
<doc>Fails if objects are unequal after converting them to real numbers.</doc>
<status status="PASS" start="2024-03-28T18:17:23.893938" elapsed="0.000626"/>
</kw>
<kw name="Log" owner="BuiltIn">
<msg time="2024-03-28T18:17:23.895090" level="INFO">51770</msg>
<arg>${json_data['results'][0]['location']['postcode']}</arg>
<doc>Logs the given message with the given level.</doc>
<status status="PASS" start="2024-03-28T18:17:23.894756" elapsed="0.000374"/>
</kw>
<status status="PASS" start="2024-03-28T18:17:23.777809" elapsed="0.117580"/>
</kw>
<doc>Testa se os tipos de dados na resposta da API estão corretos.</doc>
<tag>testeTiposDados</tag>
<status status="PASS" start="2024-03-28T18:17:23.690110" elapsed="0.205449"/>
</test>
<test id="s1-s1-t5" name="Validar conteudo" line="35">
<kw name="Teste de Tipos de Conteudo" owner="random-user-service">
<kw name="GET On Session" owner="RequestsLibrary">
<msg time="2024-03-28T18:17:23.978564" level="INFO">GET Request : url=https://randomuser.me/api 
 path_url=/api 
 headers={'User-Agent': 'python-requests/2.31.0', 'Accept-Encoding': 'gzip, deflate', 'Accept': '*/*', 'Connection': 'keep-alive'} 
 body=None 
 </msg>
<msg time="2024-03-28T18:17:23.978643" level="INFO">GET Response : url=https://randomuser.me/api 
 status=200, reason=OK 
 headers={'Date': 'Thu, 28 Mar 2024 18:17:23 GMT', 'Content-Type': 'application/json; charset=utf-8', 'Transfer-Encoding': 'chunked', 'Connection': 'keep-alive', 'X-Powered-By': 'Express', 'Access-Control-Allow-Origin': '*', 'Cache-Control': 'no-cache', 'ETag': 'W/"494-0uj5gH8/5gp4VW2QbQvNcKcJjsE"', 'Vary': 'Accept-Encoding', 'Content-Encoding': 'gzip', 'CF-Cache-Status': 'DYNAMIC', 'Report-To': '{"endpoints":[{"url":"https:\\/\\/a.nel.cloudflare.com\\/report\\/v4?s=xEBQ3YvAgE%2FoULO4lG3KyNPDUfo%2FSd3wAviYhn2fKcxv64CQxixbSoris4Pz78JAanQESJOK0us%2FzhGZatu1k9D9T2o6%2BALuItpuZb8nsLKKWjIzBmt9XuH4h2gpHgXq"}],"group":"cf-nel","max_age":604800}', 'NEL': '{"success_fraction":0,"report_to":"cf-nel","max_age":604800}', 'Server': 'cloudflare', 'CF-RAY': '86b99de45941802d-IAD', 'alt-svc': 'h3=":443"; ma=86400'} 
 body={"results":[{"gender":"male","name":{"title":"Mr","first":"Alexander","last":"Nielsen"},"location":{"street":{"number":4418,"name":"Humlevænget"},"city":"Ugerløse","state":"Danmark","country":"Denmark","postcode":49472,"coordinates":{"latitude":"-40.7092","longitude":"-164.7505"},"timezone":{"offset":"-6:00","description":"Central Time (US &amp; Canada), Mexico City"}},"email":"alexander.nielsen@example.com","login":{"uuid":"09375e27-0fe7-4ec3-87fc-062723e934aa","username":"yellowrabbit105","password":"iforgot","salt":"d96C4Voq","md5":"7a4a30bc307691a57bebf74fb778c61d","sha1":"2edb4b050d73cd655092d0cf909cea27721a2bac","sha256":"693733f6f6132ed66c8a47af7c457c42c40cb03eda76c7323707201af3d24602"},"dob":{"date":"1968-11-03T01:24:47.896Z","age":55},"registered":{"date":"2004-10-02T11:55:52.213Z","age":19},"phone":"12862266","cell":"68131514","id":{"name":"CPR","value":"021168-9332"},"picture":{"large":"https://randomuser.me/api/portraits/men/48.jpg","medium":"https://randomuser.me/api/portraits/med/men/48.jpg","thumbnail":"https://randomuser.me/api/portraits/thumb/men/48.jpg"},"nat":"DK"}],"info":{"seed":"34dffe7da85b1881","results":1,"page":1,"version":"1.4"}} 
 </msg>
<msg time="2024-03-28T18:17:23.978714" level="INFO">/opt/hostedtoolcache/Python/3.12.2/x64/lib/python3.12/site-packages/urllib3/connectionpool.py:1103: InsecureRequestWarning: Unverified HTTPS request is being made to host 'randomuser.me'. Adding certificate verification is strongly advised. See: https://urllib3.readthedocs.io/en/latest/advanced-usage.html#tls-warnings
  warnings.warn(</msg>
<msg time="2024-03-28T18:17:23.978817" level="INFO">${response} = &lt;Response [200]&gt;</msg>
<var>${response}</var>
<arg>consultarAPI</arg>
<arg>/api</arg>
<doc>Sends a GET request on a previously created HTTP Session.</doc>
<status status="PASS" start="2024-03-28T18:17:23.898409" elapsed="0.080455"/>
</kw>
<kw name="Set Variable" owner="BuiltIn">
<msg time="2024-03-28T18:17:23.979750" level="INFO">${json_data} = {'results': [{'gender': 'male', 'name': {'title': 'Mr', 'first': 'Alexander', 'last': 'Nielsen'}, 'location': {'street': {'number': 4418, 'name': 'Humlevænget'}, 'city': 'Ugerløse', 'state': 'Danmark'...</msg>
<var>${json_data}</var>
<arg>${response.json()}</arg>
<doc>Returns the given values which can then be assigned to a variables.</doc>
<status status="PASS" start="2024-03-28T18:17:23.979308" elapsed="0.000471"/>
</kw>
<kw name="Set Variable" owner="BuiltIn">
<msg time="2024-03-28T18:17:23.980459" level="INFO">${name_title} = Mr</msg>
<var>${name_title}</var>
<arg>${json_data["results"][0]["name"]["title"]}</arg>
<doc>Returns the given values which can then be assigned to a variables.</doc>
<status status="PASS" start="2024-03-28T18:17:23.980083" elapsed="0.000402"/>
</kw>
<kw name="Create List" owner="BuiltIn">
<msg time="2024-03-28T18:17:23.980978" level="INFO">${allowed_titles} = ['Mr', 'Ms', 'Miss', 'Mrs', 'Madame', 'Monsieur']</msg>
<var>${allowed_titles}</var>
<arg>Mr</arg>
<arg>Ms</arg>
<arg>Miss</arg>
<arg>Mrs</arg>
<arg>Madame</arg>
<arg>Monsieur</arg>
<doc>Returns a list containing given items.</doc>
<status status="PASS" start="2024-03-28T18:17:23.980782" elapsed="0.000221"/>
</kw>
<kw name="List Should Contain Value" owner="Collections">
<msg time="2024-03-28T18:17:23.981491" level="INFO">False</msg>
<arg>${allowed_titles}</arg>
<arg>${name_title}</arg>
<doc>Fails if the ``value`` is not found from ``list``.</doc>
<status status="PASS" start="2024-03-28T18:17:23.981316" elapsed="0.000212"/>
</kw>
<kw name="Set Variable" owner="BuiltIn">
<msg time="2024-03-28T18:17:23.982192" level="INFO">${name_country} = DK</msg>
<var>${name_country}</var>
<arg>${json_data["results"][0]["nat"]}</arg>
<doc>Returns the given values which can then be assigned to a variables.</doc>
<status status="PASS" start="2024-03-28T18:17:23.981820" elapsed="0.000397"/>
</kw>
<kw name="Create List" owner="BuiltIn">
<msg time="2024-03-28T18:17:23.983122" level="INFO">${list_country} = ['AD', 'AE', 'AF', 'AG', 'AI', 'AL', 'AM', 'AO', 'AQ', 'AR', 'AS', 'AT', 'AU', 'AW', 'AX', 'AZ', 'BA', 'BB', 'BD', 'BE', 'BF', 'BG', 'BH', 'BI', 'BJ', 'BL', 'BM', 'BN', 'BO', 'BQ', 'BR', 'BS', 'BT', '...</msg>
<var>${list_country}</var>
<arg>AD</arg>
<arg>AE</arg>
<arg>AF</arg>
<arg>AG</arg>
<arg>AI</arg>
<arg>AL</arg>
<arg>AM</arg>
<arg>AO</arg>
<arg>AQ</arg>
<arg>AR</arg>
<arg>AS</arg>
<arg>AT</arg>
<arg>AU</arg>
<arg>AW</arg>
<arg>AX</arg>
<arg>AZ</arg>
<arg>BA</arg>
<arg>BB</arg>
<arg>BD</arg>
<arg>BE</arg>
<arg>BF</arg>
<arg>BG</arg>
<arg>BH</arg>
<arg>BI</arg>
<arg>BJ</arg>
<arg>BL</arg>
<arg>BM</arg>
<arg>BN</arg>
<arg>BO</arg>
<arg>BQ</arg>
<arg>BR</arg>
<arg>BS</arg>
<arg>BT</arg>
<arg>BV</arg>
<arg>BW</arg>
<arg>BY</arg>
<arg>BZ</arg>
<arg>CA</arg>
<arg>CC</arg>
<arg>CD</arg>
<arg>CF</arg>
<arg>CG</arg>
<arg>CH</arg>
<arg>CI</arg>
<arg>CK</arg>
<arg>CL</arg>
<arg>CM</arg>
<arg>CN</arg>
<arg>CO</arg>
<arg>CR</arg>
<arg>CU</arg>
<arg>CV</arg>
<arg>CW</arg>
<arg>CX</arg>
<arg>CY</arg>
<arg>CZ</arg>
<arg>DE</arg>
<arg>DJ</arg>
<arg>DK</arg>
<arg>DM</arg>
<arg>DO</arg>
<arg>DZ</arg>
<arg>EC</arg>
<arg>EE</arg>
<arg>EG</arg>
<arg>EH</arg>
<arg>ER</arg>
<arg>ES</arg>
<arg>ET</arg>
<arg>FI</arg>
<arg>FJ</arg>
<arg>FK</arg>
<arg>FM</arg>
<arg>FO</arg>
<arg>FR</arg>
<arg>GA</arg>
<arg>GB</arg>
<arg>GD</arg>
<arg>GE</arg>
<arg>GF</arg>
<arg>GG</arg>
<arg>GH</arg>
<arg>GI</arg>
<arg>GL</arg>
<arg>GM</arg>
<arg>GN</arg>
<arg>GP</arg>
<arg>GQ</arg>
<arg>GR</arg>
<arg>GS</arg>
<arg>GT</arg>
<arg>GU</arg>
<arg>GW</arg>
<arg>GY</arg>
<arg>HK</arg>
<arg>HM</arg>
<arg>HN</arg>
<arg>HR</arg>
<arg>HT</arg>
<arg>HU</arg>
<arg>ID</arg>
<arg>IE</arg>
<arg>IL</arg>
<arg>IM</arg>
<arg>IN</arg>
<arg>IO</arg>
<arg>IQ</arg>
<arg>IR</arg>
<arg>IS</arg>
<arg>IT</arg>
<arg>JE</arg>
<arg>JM</arg>
<arg>JO</arg>
<arg>JP</arg>
<arg>KE</arg>
<arg>KG</arg>
<arg>KH</arg>
<arg>KI</arg>
<arg>KM</arg>
<arg>KN</arg>
<arg>KP</arg>
<arg>KR</arg>
<arg>KW</arg>
<arg>KY</arg>
<arg>KZ</arg>
<arg>LA</arg>
<arg>LB</arg>
<arg>LC</arg>
<arg>LI</arg>
<arg>LK</arg>
<arg>LR</arg>
<arg>LS</arg>
<arg>LT</arg>
<arg>LU</arg>
<arg>LV</arg>
<arg>LY</arg>
<arg>MA</arg>
<arg>MC</arg>
<arg>MD</arg>
<arg>ME</arg>
<arg>MF</arg>
<arg>MG</arg>
<arg>MH</arg>
<arg>MK</arg>
<arg>ML</arg>
<arg>MM</arg>
<arg>MN</arg>
<arg>MO</arg>
<arg>MP</arg>
<arg>MQ</arg>
<arg>MR</arg>
<arg>MS</arg>
<arg>MT</arg>
<arg>MU</arg>
<arg>MV</arg>
<arg>MW</arg>
<arg>MX</arg>
<arg>MY</arg>
<arg>MZ</arg>
<arg>NA</arg>
<arg>NC</arg>
<arg>NE</arg>
<arg>NF</arg>
<arg>NG</arg>
<arg>NI</arg>
<arg>NL</arg>
<arg>NO</arg>
<arg>NP</arg>
<arg>NR</arg>
<arg>NU</arg>
<arg>NZ</arg>
<arg>OM</arg>
<arg>PA</arg>
<arg>PE</arg>
<arg>PF</arg>
<arg>PG</arg>
<arg>PH</arg>
<arg>PK</arg>
<arg>PL</arg>
<arg>PM</arg>
<arg>PN</arg>
<arg>PR</arg>
<arg>PS</arg>
<arg>PT</arg>
<arg>PW</arg>
<arg>PY</arg>
<arg>QA</arg>
<arg>RE</arg>
<arg>RO</arg>
<arg>RS</arg>
<arg>RU</arg>
<arg>RW</arg>
<arg>SA</arg>
<arg>SB</arg>
<arg>SC</arg>
<arg>SD</arg>
<arg>SE</arg>
<arg>SG</arg>
<arg>SH</arg>
<arg>SI</arg>
<arg>SJ</arg>
<arg>SK</arg>
<arg>SL</arg>
<arg>SM</arg>
<arg>SN</arg>
<arg>SO</arg>
<arg>SR</arg>
<arg>SS</arg>
<arg>ST</arg>
<arg>SV</arg>
<arg>SX</arg>
<arg>SY</arg>
<arg>SZ</arg>
<arg>TC</arg>
<arg>TD</arg>
<arg>TF</arg>
<arg>TG</arg>
<arg>TH</arg>
<arg>TJ</arg>
<arg>TK</arg>
<arg>TL</arg>
<arg>TM</arg>
<arg>TN</arg>
<arg>TO</arg>
<arg>TR</arg>
<arg>TT</arg>
<arg>TV</arg>
<arg>TW</arg>
<arg>TZ</arg>
<arg>UA</arg>
<arg>UG</arg>
<arg>UM</arg>
<arg>US</arg>
<arg>UY</arg>
<arg>UZ</arg>
<arg>VA</arg>
<arg>VC</arg>
<arg>VE</arg>
<arg>VG</arg>
<arg>VI</arg>
<arg>VN</arg>
<arg>VU</arg>
<arg>WF</arg>
<arg>WS</arg>
<arg>XK</arg>
<arg>YE</arg>
<arg>YT</arg>
<arg>ZA</arg>
<arg>ZM</arg>
<arg>ZW</arg>
<doc>Returns a list containing given items.</doc>
<status status="PASS" start="2024-03-28T18:17:23.982520" elapsed="0.000627"/>
</kw>
<kw name="List Should Contain Value" owner="Collections">
<msg time="2024-03-28T18:17:23.984255" level="INFO">False</msg>
<arg>${list_country}</arg>
<arg>${name_country}</arg>
<doc>Fails if the ``value`` is not found from ``list``.</doc>
<status status="PASS" start="2024-03-28T18:17:23.984050" elapsed="0.000242"/>
</kw>
<kw name="Run Keyword If" owner="BuiltIn">
<kw name="Should Be True" owner="BuiltIn">
<arg>${True}</arg>
<doc>Fails if the given condition is not true.</doc>
<status status="PASS" start="2024-03-28T18:17:23.985407" elapsed="0.000146"/>
</kw>
<arg>${json_data["results"][0]["location"]["coordinates"]["latitude"]} &gt;= -90 and ${json_data["results"][0]["location"]["coordinates"]["latitude"]} &lt;= 90</arg>
<arg>Should Be True</arg>
<arg>${True}</arg>
<doc>Runs the given keyword with the given arguments, if ``condition`` is true.</doc>
<status status="PASS" start="2024-03-28T18:17:23.984607" elapsed="0.001072"/>
</kw>
<kw name="Run Keyword If" owner="BuiltIn">
<kw name="Should Be True" owner="BuiltIn">
<arg>${True}</arg>
<doc>Fails if the given condition is not true.</doc>
<status status="PASS" start="2024-03-28T18:17:23.986562" elapsed="0.000139"/>
</kw>
<arg>${json_data["results"][0]["location"]["coordinates"]["longitude"]} &gt;= -180 and ${json_data["results"][0]["location"]["coordinates"]["longitude"]} &lt;= 180</arg>
<arg>Should Be True</arg>
<arg>${True}</arg>
<doc>Runs the given keyword with the given arguments, if ``condition`` is true.</doc>
<status status="PASS" start="2024-03-28T18:17:23.985866" elapsed="0.000961"/>
</kw>
<status status="PASS" start="2024-03-28T18:17:23.898032" elapsed="0.088923"/>
</kw>
<doc>Testa o conteúdo específico dos campos retornados pela API.</doc>
<tag>testeConteudo</tag>
<status status="PASS" start="2024-03-28T18:17:23.897352" elapsed="0.089749"/>
</test>
<status status="PASS" start="2024-03-28T18:17:23.129472" elapsed="0.859614"/>
</suite>
<status status="PASS" start="2024-03-28T18:17:23.115871" elapsed="0.878652"/>
</suite>
<statistics>
<total>
<stat pass="5" fail="0" skip="0">All Tests</stat>
</total>
<tag>
<stat pass="1" fail="0" skip="0">testeConteudo</stat>
<stat pass="1" fail="0" skip="0">testeEstruturaResposta</stat>
<stat pass="1" fail="0" skip="0">testeRequisicaoBasica</stat>
<stat pass="1" fail="0" skip="0">testeTiposDados</stat>
</tag>
<suite>
<stat pass="5" fail="0" skip="0" id="s1" name="Tests">Tests</stat>
<stat pass="5" fail="0" skip="0" id="s1-s1" name="Random-User-Test">Tests.Random-User-Test</stat>
</suite>
</statistics>
<errors>
</errors>
</robot>
