<?xml version="1.0" encoding="UTF-8"?>
<robot generator="Robot 7.0 (Python 3.12.2 on linux)" generated="2024-04-09T10:17:05.917265" rpa="false" schemaversion="5">
<suite id="s1" name="Tests" source="/home/runner/work/DesafioQAItauRogerioJordao/DesafioQAItauRogerioJordao/RamdonUser/tests">
<suite id="s1-s1" name="Random-User-Test" source="/home/runner/work/DesafioQAItauRogerioJordao/DesafioQAItauRogerioJordao/RamdonUser/tests/random-user-test.robot">
<test id="s1-s1-t1" name="Conectar" line="13">
<kw name="Conectar API" owner="random-user-service">
<kw name="Create Session" owner="RequestsLibrary">
<msg time="2024-04-09T10:17:06.293934" level="INFO">Creating Session using : alias=consultarAPI, url=https://randomuser.me/, headers={},                     cookies={}, auth=None, timeout=None, proxies=None, verify=False,                     debug=0 </msg>
<arg>consultarAPI</arg>
<arg>${URL}</arg>
<doc>Create Session: create a HTTP session to a server</doc>
<status status="PASS" start="2024-04-09T10:17:06.293726" elapsed="0.000396"/>
</kw>
<status status="PASS" start="2024-04-09T10:17:06.292625" elapsed="0.001899"/>
</kw>
<status status="PASS" start="2024-04-09T10:17:06.291957" elapsed="0.002772"/>
</test>
<test id="s1-s1-t2" name="Validar retorno 200 e JSON Válido" line="16">
<kw name="Teste de Requisicao Basica" owner="random-user-service">
<kw name="GET On Session" owner="RequestsLibrary">
<msg time="2024-04-09T10:17:06.539754" level="INFO">GET Request : url=https://randomuser.me/api 
 path_url=/api 
 headers={'User-Agent': 'python-requests/2.31.0', 'Accept-Encoding': 'gzip, deflate', 'Accept': '*/*', 'Connection': 'keep-alive'} 
 body=None 
 </msg>
<msg time="2024-04-09T10:17:06.539910" level="INFO">GET Response : url=https://randomuser.me/api 
 status=200, reason=OK 
 headers={'Date': 'Tue, 09 Apr 2024 10:17:06 GMT', 'Content-Type': 'application/json; charset=utf-8', 'Transfer-Encoding': 'chunked', 'Connection': 'keep-alive', 'X-Powered-By': 'Express', 'Access-Control-Allow-Origin': '*', 'Cache-Control': 'no-cache', 'ETag': 'W/"496-Vkxvyf1gKT+Ys8PUp0gYn426v1c"', 'Vary': 'Accept-Encoding', 'Content-Encoding': 'gzip', 'CF-Cache-Status': 'DYNAMIC', 'Report-To': '{"endpoints":[{"url":"https:\\/\\/a.nel.cloudflare.com\\/report\\/v4?s=8ACRc0UyIiK2A9MCu0ZI71tBPeCEC%2Bf5Wumd0We3OLkuW8VbDvfyAqEGaotf%2BC62K%2B6bfchafMWtzfwZIVmT8vcddhb3LKuGg5ggvmPdViFJ6tMFQDEFoYNZ6uiRPWyu"}],"group":"cf-nel","max_age":604800}', 'NEL': '{"success_fraction":0,"report_to":"cf-nel","max_age":604800}', 'Server': 'cloudflare', 'CF-RAY': '8719bed79882617f-ORD', 'alt-svc': 'h3=":443"; ma=86400'} 
 body={"results":[{"gender":"female","name":{"title":"Miss","first":"Alexis","last":"Roberts"},"location":{"street":{"number":8046,"name":"Tamaki Drive"},"city":"Whangarei","state":"Waikato","country":"New Zealand","postcode":58210,"coordinates":{"latitude":"54.2925","longitude":"114.0114"},"timezone":{"offset":"+8:00","description":"Beijing, Perth, Singapore, Hong Kong"}},"email":"alexis.roberts@example.com","login":{"uuid":"090dcdfd-8905-483e-8ef4-92f9dcb3a049","username":"brownmeercat230","password":"yessir","salt":"JbxHo6V6","md5":"7ea41345ba0af641f8b1f0024ef0ce62","sha1":"84ba64b7984d0c93702f83d344b9f740c3db12b9","sha256":"4adbfb44460056bf474c6c09e7f365f654e7e8bedd18da19b816da9eed35d137"},"dob":{"date":"1999-02-26T02:01:40.026Z","age":25},"registered":{"date":"2013-08-31T08:21:00.946Z","age":10},"phone":"(761)-602-6057","cell":"(195)-404-5296","id":{"name":"","value":null},"picture":{"large":"https://randomuser.me/api/portraits/women/80.jpg","medium":"https://randomuser.me/api/portraits/med/women/80.jpg","thumbnail":"https://randomuser.me/api/portraits/thumb/women/80.jpg"},"nat":"NZ"}],"info":{"seed":"739c5170f18863f6","results":1,"page":1,"version":"1.4"}} 
 </msg>
<msg time="2024-04-09T10:17:06.539992" level="INFO">/opt/hostedtoolcache/Python/3.12.2/x64/lib/python3.12/site-packages/urllib3/connectionpool.py:1103: InsecureRequestWarning: Unverified HTTPS request is being made to host 'randomuser.me'. Adding certificate verification is strongly advised. See: https://urllib3.readthedocs.io/en/latest/advanced-usage.html#tls-warnings
  warnings.warn(</msg>
<msg time="2024-04-09T10:17:06.540159" level="INFO">${response} = &lt;Response [200]&gt;</msg>
<var>${response}</var>
<arg>consultarAPI</arg>
<arg>/api</arg>
<doc>Sends a GET request on a previously created HTTP Session.</doc>
<status status="PASS" start="2024-04-09T10:17:06.297358" elapsed="0.242846"/>
</kw>
<kw name="Should Be Equal As Numbers" owner="BuiltIn">
<msg time="2024-04-09T10:17:06.541257" level="INFO">Argument types are:
&lt;class 'int'&gt;
&lt;class 'str'&gt;</msg>
<arg>${response.status_code}</arg>
<arg>200</arg>
<doc>Fails if objects are unequal after converting them to real numbers.</doc>
<status status="PASS" start="2024-04-09T10:17:06.540786" elapsed="0.000539"/>
</kw>
<kw name="Log" owner="BuiltIn">
<msg time="2024-04-09T10:17:06.542026" level="INFO">200</msg>
<arg>${response.status_code}</arg>
<doc>Logs the given message with the given level.</doc>
<status status="PASS" start="2024-04-09T10:17:06.541662" elapsed="0.000409"/>
</kw>
<kw name="Set Variable" owner="BuiltIn">
<msg time="2024-04-09T10:17:06.542924" level="INFO">${json_data} = {'results': [{'gender': 'female', 'name': {'title': 'Miss', 'first': 'Alexis', 'last': 'Roberts'}, 'location': {'street': {'number': 8046, 'name': 'Tamaki Drive'}, 'city': 'Whangarei', 'state': 'Waika...</msg>
<var>${json_data}</var>
<arg>${response.json()}</arg>
<doc>Returns the given values which can then be assigned to a variables.</doc>
<status status="PASS" start="2024-04-09T10:17:06.542410" elapsed="0.000543"/>
</kw>
<kw name="Dictionary Should Contain Key" owner="Collections">
<msg time="2024-04-09T10:17:06.543440" level="INFO">False</msg>
<arg>${json_data}</arg>
<arg>results</arg>
<doc>Fails if ``key`` is not found from ``dictionary``.</doc>
<status status="PASS" start="2024-04-09T10:17:06.543265" elapsed="0.000216"/>
</kw>
<status status="PASS" start="2024-04-09T10:17:06.297110" elapsed="0.246712"/>
</kw>
<doc>Testa se a API responde corretamente e retorna um objeto JSON válido.</doc>
<tag>testeRequisicaoBasica</tag>
<status status="PASS" start="2024-04-09T10:17:06.296558" elapsed="0.247516"/>
</test>
<test id="s1-s1-t3" name="Validar estrutura de resposta" line="22">
<kw name="Teste de Estrutura de Resposta" owner="random-user-service">
<kw name="GET On Session" owner="RequestsLibrary">
<msg time="2024-04-09T10:17:06.644142" level="INFO">GET Request : url=https://randomuser.me/api 
 path_url=/api 
 headers={'User-Agent': 'python-requests/2.31.0', 'Accept-Encoding': 'gzip, deflate', 'Accept': '*/*', 'Connection': 'keep-alive'} 
 body=None 
 </msg>
<msg time="2024-04-09T10:17:06.644261" level="INFO">GET Response : url=https://randomuser.me/api 
 status=200, reason=OK 
 headers={'Date': 'Tue, 09 Apr 2024 10:17:06 GMT', 'Content-Type': 'application/json; charset=utf-8', 'Transfer-Encoding': 'chunked', 'Connection': 'keep-alive', 'X-Powered-By': 'Express', 'Access-Control-Allow-Origin': '*', 'Cache-Control': 'no-cache', 'ETag': 'W/"482-upEjI/csQy5K/q1Bmg8zpL/rsfY"', 'Vary': 'Accept-Encoding', 'Content-Encoding': 'gzip', 'CF-Cache-Status': 'DYNAMIC', 'Report-To': '{"endpoints":[{"url":"https:\\/\\/a.nel.cloudflare.com\\/report\\/v4?s=mBWyBNWHcxfx8cPbNhnj%2Fg%2B7%2BPLs1xMmhOiOR9wZ8aG4QuSjpuLfU5LafQ9UBvxmjN27st9nlamYfVU%2B1JxFJeIT38kn%2BuMf63Em1F4AuW2tzAHosmVWvBZNSIuQdqM%2B"}],"group":"cf-nel","max_age":604800}', 'NEL': '{"success_fraction":0,"report_to":"cf-nel","max_age":604800}', 'Server': 'cloudflare', 'CF-RAY': '8719bed7e8c0617f-ORD', 'alt-svc': 'h3=":443"; ma=86400'} 
 body={"results":[{"gender":"male","name":{"title":"Mr","first":"Mohamed","last":"García"},"location":{"street":{"number":9633,"name":"Calle de La Democracia"},"city":"Santiago de Compostela","state":"Cantabria","country":"Spain","postcode":65684,"coordinates":{"latitude":"-33.5907","longitude":"-100.9886"},"timezone":{"offset":"+4:30","description":"Kabul"}},"email":"mohamed.garcia@example.com","login":{"uuid":"c5af8c39-f06a-4a7b-b7cf-3cf0d2140091","username":"silverwolf273","password":"horace","salt":"9byOODT0","md5":"da73d31fc35eb58ad6ae2fb91d0b2867","sha1":"38c6f6014332046809950c01ea01496f1cc36f9e","sha256":"8577db4edb88b90b2a32497389b449b8b7c19e20656da8a922441f4e0585e2da"},"dob":{"date":"1988-12-11T00:15:26.072Z","age":35},"registered":{"date":"2021-03-24T03:15:41.301Z","age":3},"phone":"981-020-050","cell":"601-529-412","id":{"name":"DNI","value":"68677661-F"},"picture":{"large":"https://randomuser.me/api/portraits/men/2.jpg","medium":"https://randomuser.me/api/portraits/med/men/2.jpg","thumbnail":"https://randomuser.me/api/portraits/thumb/men/2.jpg"},"nat":"ES"}],"info":{"seed":"1b7ffbc6f8667fe1","results":1,"page":1,"version":"1.4"}} 
 </msg>
<msg time="2024-04-09T10:17:06.644415" level="INFO">/opt/hostedtoolcache/Python/3.12.2/x64/lib/python3.12/site-packages/urllib3/connectionpool.py:1103: InsecureRequestWarning: Unverified HTTPS request is being made to host 'randomuser.me'. Adding certificate verification is strongly advised. See: https://urllib3.readthedocs.io/en/latest/advanced-usage.html#tls-warnings
  warnings.warn(</msg>
<msg time="2024-04-09T10:17:06.644565" level="INFO">${response} = &lt;Response [200]&gt;</msg>
<var>${response}</var>
<arg>consultarAPI</arg>
<arg>/api</arg>
<doc>Sends a GET request on a previously created HTTP Session.</doc>
<status status="PASS" start="2024-04-09T10:17:06.547088" elapsed="0.097520"/>
</kw>
<kw name="Set Variable" owner="BuiltIn">
<msg time="2024-04-09T10:17:06.645666" level="INFO">${json_data} = {'results': [{'gender': 'male', 'name': {'title': 'Mr', 'first': 'Mohamed', 'last': 'García'}, 'location': {'street': {'number': 9633, 'name': 'Calle de La Democracia'}, 'city': 'Santiago de Compostel...</msg>
<var>${json_data}</var>
<arg>${response.json()}</arg>
<doc>Returns the given values which can then be assigned to a variables.</doc>
<status status="PASS" start="2024-04-09T10:17:06.645132" elapsed="0.000562"/>
</kw>
<kw name="Log" owner="BuiltIn">
<msg time="2024-04-09T10:17:06.646180" level="INFO">{'results': [{'gender': 'male', 'name': {'title': 'Mr', 'first': 'Mohamed', 'last': 'García'}, 'location': {'street': {'number': 9633, 'name': 'Calle de La Democracia'}, 'city': 'Santiago de Compostela', 'state': 'Cantabria', 'country': 'Spain', 'postcode': 65684, 'coordinates': {'latitude': '-33.5907', 'longitude': '-100.9886'}, 'timezone': {'offset': '+4:30', 'description': 'Kabul'}}, 'email': 'mohamed.garcia@example.com', 'login': {'uuid': 'c5af8c39-f06a-4a7b-b7cf-3cf0d2140091', 'username': 'silverwolf273', 'password': 'horace', 'salt': '9byOODT0', 'md5': 'da73d31fc35eb58ad6ae2fb91d0b2867', 'sha1': '38c6f6014332046809950c01ea01496f1cc36f9e', 'sha256': '8577db4edb88b90b2a32497389b449b8b7c19e20656da8a922441f4e0585e2da'}, 'dob': {'date': '1988-12-11T00:15:26.072Z', 'age': 35}, 'registered': {'date': '2021-03-24T03:15:41.301Z', 'age': 3}, 'phone': '981-020-050', 'cell': '601-529-412', 'id': {'name': 'DNI', 'value': '68677661-F'}, 'picture': {'large': 'https://randomuser.me/api/portraits/men/2.jpg', 'medium': 'https://randomuser.me/api/portraits/med/men/2.jpg', 'thumbnail': 'https://randomuser.me/api/portraits/thumb/men/2.jpg'}, 'nat': 'ES'}], 'info': {'seed': '1b7ffbc6f8667fe1', 'results': 1, 'page': 1, 'version': '1.4'}}</msg>
<arg>${json_data}</arg>
<doc>Logs the given message with the given level.</doc>
<status status="PASS" start="2024-04-09T10:17:06.646015" elapsed="0.000213"/>
</kw>
<kw name="Dictionary Should Contain Key" owner="Collections">
<msg time="2024-04-09T10:17:06.646722" level="INFO">False</msg>
<arg>${json_data}</arg>
<arg>results</arg>
<doc>Fails if ``key`` is not found from ``dictionary``.</doc>
<status status="PASS" start="2024-04-09T10:17:06.646561" elapsed="0.000199"/>
</kw>
<kw name="Should Not Be Empty" owner="BuiltIn">
<msg time="2024-04-09T10:17:06.647186" level="INFO">Length is 2.</msg>
<arg>${json_data}</arg>
<doc>Verifies that the given item is not empty.</doc>
<status status="PASS" start="2024-04-09T10:17:06.647053" elapsed="0.000171"/>
</kw>
<kw name="Create List" owner="BuiltIn">
<msg time="2024-04-09T10:17:06.647666" level="INFO">${expected_keys} = ['gender', 'name', 'location', 'email', 'login']</msg>
<var>${expected_keys}</var>
<arg>gender</arg>
<arg>name</arg>
<arg>location</arg>
<arg>email</arg>
<arg>login</arg>
<doc>Returns a list containing given items.</doc>
<status status="PASS" start="2024-04-09T10:17:06.647516" elapsed="0.000175"/>
</kw>
<for flavor="IN">
<iter>
<kw name="Dictionary Should Contain Key" owner="Collections">
<msg time="2024-04-09T10:17:06.648711" level="INFO">False</msg>
<arg>${json_data['results'][0]}</arg>
<arg>${key}</arg>
<doc>Fails if ``key`` is not found from ``dictionary``.</doc>
<status status="PASS" start="2024-04-09T10:17:06.648285" elapsed="0.000466"/>
</kw>
<kw name="Log" owner="BuiltIn">
<msg time="2024-04-09T10:17:06.649432" level="INFO">{'gender': 'male', 'name': {'title': 'Mr', 'first': 'Mohamed', 'last': 'García'}, 'location': {'street': {'number': 9633, 'name': 'Calle de La Democracia'}, 'city': 'Santiago de Compostela', 'state': 'Cantabria', 'country': 'Spain', 'postcode': 65684, 'coordinates': {'latitude': '-33.5907', 'longitude': '-100.9886'}, 'timezone': {'offset': '+4:30', 'description': 'Kabul'}}, 'email': 'mohamed.garcia@example.com', 'login': {'uuid': 'c5af8c39-f06a-4a7b-b7cf-3cf0d2140091', 'username': 'silverwolf273', 'password': 'horace', 'salt': '9byOODT0', 'md5': 'da73d31fc35eb58ad6ae2fb91d0b2867', 'sha1': '38c6f6014332046809950c01ea01496f1cc36f9e', 'sha256': '8577db4edb88b90b2a32497389b449b8b7c19e20656da8a922441f4e0585e2da'}, 'dob': {'date': '1988-12-11T00:15:26.072Z', 'age': 35}, 'registered': {'date': '2021-03-24T03:15:41.301Z', 'age': 3}, 'phone': '981-020-050', 'cell': '601-529-412', 'id': {'name': 'DNI', 'value': '68677661-F'}, 'picture': {'large': 'https://randomuser.me/api/portraits/men/2.jpg', 'medium': 'https://randomuser.me/api/portraits/med/men/2.jpg', 'thumbnail': 'https://randomuser.me/api/portraits/thumb/men/2.jpg'}, 'nat': 'ES'}</msg>
<arg>${json_data['results'][0]}</arg>
<doc>Logs the given message with the given level.</doc>
<status status="PASS" start="2024-04-09T10:17:06.649060" elapsed="0.000427"/>
</kw>
<kw name="Log" owner="BuiltIn">
<msg time="2024-04-09T10:17:06.649922" level="INFO">gender</msg>
<arg>${key}</arg>
<doc>Logs the given message with the given level.</doc>
<status status="PASS" start="2024-04-09T10:17:06.649791" elapsed="0.000169"/>
</kw>
<var name="${key}">gender</var>
<status status="PASS" start="2024-04-09T10:17:06.648153" elapsed="0.002039"/>
</iter>
<iter>
<kw name="Dictionary Should Contain Key" owner="Collections">
<msg time="2024-04-09T10:17:06.650922" level="INFO">False</msg>
<arg>${json_data['results'][0]}</arg>
<arg>${key}</arg>
<doc>Fails if ``key`` is not found from ``dictionary``.</doc>
<status status="PASS" start="2024-04-09T10:17:06.650537" elapsed="0.000422"/>
</kw>
<kw name="Log" owner="BuiltIn">
<msg time="2024-04-09T10:17:06.651649" level="INFO">{'gender': 'male', 'name': {'title': 'Mr', 'first': 'Mohamed', 'last': 'García'}, 'location': {'street': {'number': 9633, 'name': 'Calle de La Democracia'}, 'city': 'Santiago de Compostela', 'state': 'Cantabria', 'country': 'Spain', 'postcode': 65684, 'coordinates': {'latitude': '-33.5907', 'longitude': '-100.9886'}, 'timezone': {'offset': '+4:30', 'description': 'Kabul'}}, 'email': 'mohamed.garcia@example.com', 'login': {'uuid': 'c5af8c39-f06a-4a7b-b7cf-3cf0d2140091', 'username': 'silverwolf273', 'password': 'horace', 'salt': '9byOODT0', 'md5': 'da73d31fc35eb58ad6ae2fb91d0b2867', 'sha1': '38c6f6014332046809950c01ea01496f1cc36f9e', 'sha256': '8577db4edb88b90b2a32497389b449b8b7c19e20656da8a922441f4e0585e2da'}, 'dob': {'date': '1988-12-11T00:15:26.072Z', 'age': 35}, 'registered': {'date': '2021-03-24T03:15:41.301Z', 'age': 3}, 'phone': '981-020-050', 'cell': '601-529-412', 'id': {'name': 'DNI', 'value': '68677661-F'}, 'picture': {'large': 'https://randomuser.me/api/portraits/men/2.jpg', 'medium': 'https://randomuser.me/api/portraits/med/men/2.jpg', 'thumbnail': 'https://randomuser.me/api/portraits/thumb/men/2.jpg'}, 'nat': 'ES'}</msg>
<arg>${json_data['results'][0]}</arg>
<doc>Logs the given message with the given level.</doc>
<status status="PASS" start="2024-04-09T10:17:06.651285" elapsed="0.000413"/>
</kw>
<kw name="Log" owner="BuiltIn">
<msg time="2024-04-09T10:17:06.652130" level="INFO">name</msg>
<arg>${key}</arg>
<doc>Logs the given message with the given level.</doc>
<status status="PASS" start="2024-04-09T10:17:06.652000" elapsed="0.000166"/>
</kw>
<var name="${key}">name</var>
<status status="PASS" start="2024-04-09T10:17:06.650422" elapsed="0.001968"/>
</iter>
<iter>
<kw name="Dictionary Should Contain Key" owner="Collections">
<msg time="2024-04-09T10:17:06.653058" level="INFO">False</msg>
<arg>${json_data['results'][0]}</arg>
<arg>${key}</arg>
<doc>Fails if ``key`` is not found from ``dictionary``.</doc>
<status status="PASS" start="2024-04-09T10:17:06.652677" elapsed="0.000419"/>
</kw>
<kw name="Log" owner="BuiltIn">
<msg time="2024-04-09T10:17:06.653770" level="INFO">{'gender': 'male', 'name': {'title': 'Mr', 'first': 'Mohamed', 'last': 'García'}, 'location': {'street': {'number': 9633, 'name': 'Calle de La Democracia'}, 'city': 'Santiago de Compostela', 'state': 'Cantabria', 'country': 'Spain', 'postcode': 65684, 'coordinates': {'latitude': '-33.5907', 'longitude': '-100.9886'}, 'timezone': {'offset': '+4:30', 'description': 'Kabul'}}, 'email': 'mohamed.garcia@example.com', 'login': {'uuid': 'c5af8c39-f06a-4a7b-b7cf-3cf0d2140091', 'username': 'silverwolf273', 'password': 'horace', 'salt': '9byOODT0', 'md5': 'da73d31fc35eb58ad6ae2fb91d0b2867', 'sha1': '38c6f6014332046809950c01ea01496f1cc36f9e', 'sha256': '8577db4edb88b90b2a32497389b449b8b7c19e20656da8a922441f4e0585e2da'}, 'dob': {'date': '1988-12-11T00:15:26.072Z', 'age': 35}, 'registered': {'date': '2021-03-24T03:15:41.301Z', 'age': 3}, 'phone': '981-020-050', 'cell': '601-529-412', 'id': {'name': 'DNI', 'value': '68677661-F'}, 'picture': {'large': 'https://randomuser.me/api/portraits/men/2.jpg', 'medium': 'https://randomuser.me/api/portraits/med/men/2.jpg', 'thumbnail': 'https://randomuser.me/api/portraits/thumb/men/2.jpg'}, 'nat': 'ES'}</msg>
<arg>${json_data['results'][0]}</arg>
<doc>Logs the given message with the given level.</doc>
<status status="PASS" start="2024-04-09T10:17:06.653406" elapsed="0.000418"/>
</kw>
<kw name="Log" owner="BuiltIn">
<msg time="2024-04-09T10:17:06.654250" level="INFO">location</msg>
<arg>${key}</arg>
<doc>Logs the given message with the given level.</doc>
<status status="PASS" start="2024-04-09T10:17:06.654120" elapsed="0.000168"/>
</kw>
<var name="${key}">location</var>
<status status="PASS" start="2024-04-09T10:17:06.652567" elapsed="0.001994"/>
</iter>
<iter>
<kw name="Dictionary Should Contain Key" owner="Collections">
<msg time="2024-04-09T10:17:06.655218" level="INFO">False</msg>
<arg>${json_data['results'][0]}</arg>
<arg>${key}</arg>
<doc>Fails if ``key`` is not found from ``dictionary``.</doc>
<status status="PASS" start="2024-04-09T10:17:06.654843" elapsed="0.000413"/>
</kw>
<kw name="Log" owner="BuiltIn">
<msg time="2024-04-09T10:17:06.655915" level="INFO">{'gender': 'male', 'name': {'title': 'Mr', 'first': 'Mohamed', 'last': 'García'}, 'location': {'street': {'number': 9633, 'name': 'Calle de La Democracia'}, 'city': 'Santiago de Compostela', 'state': 'Cantabria', 'country': 'Spain', 'postcode': 65684, 'coordinates': {'latitude': '-33.5907', 'longitude': '-100.9886'}, 'timezone': {'offset': '+4:30', 'description': 'Kabul'}}, 'email': 'mohamed.garcia@example.com', 'login': {'uuid': 'c5af8c39-f06a-4a7b-b7cf-3cf0d2140091', 'username': 'silverwolf273', 'password': 'horace', 'salt': '9byOODT0', 'md5': 'da73d31fc35eb58ad6ae2fb91d0b2867', 'sha1': '38c6f6014332046809950c01ea01496f1cc36f9e', 'sha256': '8577db4edb88b90b2a32497389b449b8b7c19e20656da8a922441f4e0585e2da'}, 'dob': {'date': '1988-12-11T00:15:26.072Z', 'age': 35}, 'registered': {'date': '2021-03-24T03:15:41.301Z', 'age': 3}, 'phone': '981-020-050', 'cell': '601-529-412', 'id': {'name': 'DNI', 'value': '68677661-F'}, 'picture': {'large': 'https://randomuser.me/api/portraits/men/2.jpg', 'medium': 'https://randomuser.me/api/portraits/med/men/2.jpg', 'thumbnail': 'https://randomuser.me/api/portraits/thumb/men/2.jpg'}, 'nat': 'ES'}</msg>
<arg>${json_data['results'][0]}</arg>
<doc>Logs the given message with the given level.</doc>
<status status="PASS" start="2024-04-09T10:17:06.655553" elapsed="0.000410"/>
</kw>
<kw name="Log" owner="BuiltIn">
<msg time="2024-04-09T10:17:06.656388" level="INFO">email</msg>
<arg>${key}</arg>
<doc>Logs the given message with the given level.</doc>
<status status="PASS" start="2024-04-09T10:17:06.656260" elapsed="0.000165"/>
</kw>
<var name="${key}">email</var>
<status status="PASS" start="2024-04-09T10:17:06.654734" elapsed="0.001908"/>
</iter>
<iter>
<kw name="Dictionary Should Contain Key" owner="Collections">
<msg time="2024-04-09T10:17:06.657308" level="INFO">False</msg>
<arg>${json_data['results'][0]}</arg>
<arg>${key}</arg>
<doc>Fails if ``key`` is not found from ``dictionary``.</doc>
<status status="PASS" start="2024-04-09T10:17:06.656925" elapsed="0.000420"/>
</kw>
<kw name="Log" owner="BuiltIn">
<msg time="2024-04-09T10:17:06.658012" level="INFO">{'gender': 'male', 'name': {'title': 'Mr', 'first': 'Mohamed', 'last': 'García'}, 'location': {'street': {'number': 9633, 'name': 'Calle de La Democracia'}, 'city': 'Santiago de Compostela', 'state': 'Cantabria', 'country': 'Spain', 'postcode': 65684, 'coordinates': {'latitude': '-33.5907', 'longitude': '-100.9886'}, 'timezone': {'offset': '+4:30', 'description': 'Kabul'}}, 'email': 'mohamed.garcia@example.com', 'login': {'uuid': 'c5af8c39-f06a-4a7b-b7cf-3cf0d2140091', 'username': 'silverwolf273', 'password': 'horace', 'salt': '9byOODT0', 'md5': 'da73d31fc35eb58ad6ae2fb91d0b2867', 'sha1': '38c6f6014332046809950c01ea01496f1cc36f9e', 'sha256': '8577db4edb88b90b2a32497389b449b8b7c19e20656da8a922441f4e0585e2da'}, 'dob': {'date': '1988-12-11T00:15:26.072Z', 'age': 35}, 'registered': {'date': '2021-03-24T03:15:41.301Z', 'age': 3}, 'phone': '981-020-050', 'cell': '601-529-412', 'id': {'name': 'DNI', 'value': '68677661-F'}, 'picture': {'large': 'https://randomuser.me/api/portraits/men/2.jpg', 'medium': 'https://randomuser.me/api/portraits/med/men/2.jpg', 'thumbnail': 'https://randomuser.me/api/portraits/thumb/men/2.jpg'}, 'nat': 'ES'}</msg>
<arg>${json_data['results'][0]}</arg>
<doc>Logs the given message with the given level.</doc>
<status status="PASS" start="2024-04-09T10:17:06.657638" elapsed="0.000423"/>
</kw>
<kw name="Log" owner="BuiltIn">
<msg time="2024-04-09T10:17:06.658541" level="INFO">login</msg>
<arg>${key}</arg>
<doc>Logs the given message with the given level.</doc>
<status status="PASS" start="2024-04-09T10:17:06.658400" elapsed="0.000185"/>
</kw>
<var name="${key}">login</var>
<status status="PASS" start="2024-04-09T10:17:06.656814" elapsed="0.001997"/>
</iter>
<var>${key}</var>
<value>@{expected_keys}</value>
<status status="PASS" start="2024-04-09T10:17:06.647958" elapsed="0.011001"/>
</for>
<kw name="Create List" owner="BuiltIn">
<msg time="2024-04-09T10:17:06.659305" level="INFO">${expected_keysTwo} = ['username', 'password']</msg>
<var>${expected_keysTwo}</var>
<arg>username</arg>
<arg>password</arg>
<doc>Returns a list containing given items.</doc>
<status status="PASS" start="2024-04-09T10:17:06.659164" elapsed="0.000165"/>
</kw>
<for flavor="IN">
<iter>
<kw name="Dictionary Should Contain Key" owner="Collections">
<msg time="2024-04-09T10:17:06.660352" level="INFO">False</msg>
<arg>${json_data['results'][0]['login']}</arg>
<arg>${keyTwo}</arg>
<doc>Fails if ``key`` is not found from ``dictionary``.</doc>
<status status="PASS" start="2024-04-09T10:17:06.659951" elapsed="0.000438"/>
</kw>
<kw name="Dictionary Should Contain Key" owner="Collections">
<msg time="2024-04-09T10:17:06.661068" level="INFO">False</msg>
<arg>${json_data['results'][0]['login']}</arg>
<arg>${keyTwo}</arg>
<doc>Fails if ``key`` is not found from ``dictionary``.</doc>
<status status="PASS" start="2024-04-09T10:17:06.660688" elapsed="0.000418"/>
</kw>
<kw name="Log" owner="BuiltIn">
<msg time="2024-04-09T10:17:06.661527" level="INFO">username</msg>
<arg>${keyTwo}</arg>
<doc>Logs the given message with the given level.</doc>
<status status="PASS" start="2024-04-09T10:17:06.661399" elapsed="0.000166"/>
</kw>
<var name="${keyTwo}">username</var>
<status status="PASS" start="2024-04-09T10:17:06.659835" elapsed="0.001942"/>
</iter>
<iter>
<kw name="Dictionary Should Contain Key" owner="Collections">
<msg time="2024-04-09T10:17:06.662487" level="INFO">False</msg>
<arg>${json_data['results'][0]['login']}</arg>
<arg>${keyTwo}</arg>
<doc>Fails if ``key`` is not found from ``dictionary``.</doc>
<status status="PASS" start="2024-04-09T10:17:06.662062" elapsed="0.000465"/>
</kw>
<kw name="Dictionary Should Contain Key" owner="Collections">
<msg time="2024-04-09T10:17:06.663202" level="INFO">False</msg>
<arg>${json_data['results'][0]['login']}</arg>
<arg>${keyTwo}</arg>
<doc>Fails if ``key`` is not found from ``dictionary``.</doc>
<status status="PASS" start="2024-04-09T10:17:06.662823" elapsed="0.000417"/>
</kw>
<kw name="Log" owner="BuiltIn">
<msg time="2024-04-09T10:17:06.663661" level="INFO">password</msg>
<arg>${keyTwo}</arg>
<doc>Logs the given message with the given level.</doc>
<status status="PASS" start="2024-04-09T10:17:06.663532" elapsed="0.000166"/>
</kw>
<var name="${keyTwo}">password</var>
<status status="PASS" start="2024-04-09T10:17:06.661952" elapsed="0.001963"/>
</iter>
<var>${keyTwo}</var>
<value>@{expected_keysTwo}</value>
<status status="PASS" start="2024-04-09T10:17:06.659571" elapsed="0.004465"/>
</for>
<status status="PASS" start="2024-04-09T10:17:06.546839" elapsed="0.117339"/>
</kw>
<doc>Testa a estrutura da resposta da API.</doc>
<tag>testeEstruturaResposta</tag>
<status status="PASS" start="2024-04-09T10:17:06.546013" elapsed="0.118332"/>
</test>
<test id="s1-s1-t4" name="Validar tipos de dados" line="28">
<kw name="Teste de Tipos de Dados" owner="random-user-service">
<kw name="GET On Session" owner="RequestsLibrary">
<msg time="2024-04-09T10:17:06.747044" level="INFO">GET Request : url=https://randomuser.me/api 
 path_url=/api 
 headers={'User-Agent': 'python-requests/2.31.0', 'Accept-Encoding': 'gzip, deflate', 'Accept': '*/*', 'Connection': 'keep-alive'} 
 body=None 
 </msg>
<msg time="2024-04-09T10:17:06.747149" level="INFO">GET Response : url=https://randomuser.me/api 
 status=200, reason=OK 
 headers={'Date': 'Tue, 09 Apr 2024 10:17:06 GMT', 'Content-Type': 'application/json; charset=utf-8', 'Transfer-Encoding': 'chunked', 'Connection': 'keep-alive', 'X-Powered-By': 'Express', 'Access-Control-Allow-Origin': '*', 'Cache-Control': 'no-cache', 'ETag': 'W/"491-UjxtNJ4pPlS1A7O3NKXMCVt+uUo"', 'Vary': 'Accept-Encoding', 'Content-Encoding': 'gzip', 'CF-Cache-Status': 'DYNAMIC', 'Report-To': '{"endpoints":[{"url":"https:\\/\\/a.nel.cloudflare.com\\/report\\/v4?s=%2Bb77veD0pqe1PrmeO%2FSQy1uGKCYTbuK5mrtguA3%2BoEIIVDD%2BUJnveBcMZdKSj%2F3HlaDn5JLT1KzJTWPHKO2netFQ7KEZ%2BPYwftIvEYD5dEYP1HqFJYd56sS6et9NCkEr"}],"group":"cf-nel","max_age":604800}', 'NEL': '{"success_fraction":0,"report_to":"cf-nel","max_age":604800}', 'Server': 'cloudflare', 'CF-RAY': '8719bed8a93d617f-ORD', 'alt-svc': 'h3=":443"; ma=86400'} 
 body={"results":[{"gender":"female","name":{"title":"Ms","first":"Svenja","last":"Droste"},"location":{"street":{"number":9869,"name":"Drosselweg"},"city":"Meinerzhagen","state":"Bayern","country":"Germany","postcode":12574,"coordinates":{"latitude":"-47.4077","longitude":"68.9718"},"timezone":{"offset":"-7:00","description":"Mountain Time (US &amp; Canada)"}},"email":"svenja.droste@example.com","login":{"uuid":"e2c3f381-090d-448e-8e4f-c7f517e64294","username":"yellowrabbit542","password":"concorde","salt":"Ma2sI3a3","md5":"c22116c0577deb6b39b94de30c5ea440","sha1":"34ab5b4445de5e5cc10d5740788ab291236a9cb9","sha256":"b055245887c957afdf826878504f30d6f95866775ec99a360ebc0ce6a77a40a5"},"dob":{"date":"1997-12-20T14:25:11.929Z","age":26},"registered":{"date":"2008-08-31T00:13:37.769Z","age":15},"phone":"0494-3152783","cell":"0171-5932899","id":{"name":"SVNR","value":"82 201297 D 588"},"picture":{"large":"https://randomuser.me/api/portraits/women/9.jpg","medium":"https://randomuser.me/api/portraits/med/women/9.jpg","thumbnail":"https://randomuser.me/api/portraits/thumb/women/9.jpg"},"nat":"DE"}],"info":{"seed":"de56c6005b787aa7","results":1,"page":1,"version":"1.4"}} 
 </msg>
<msg time="2024-04-09T10:17:06.747222" level="INFO">/opt/hostedtoolcache/Python/3.12.2/x64/lib/python3.12/site-packages/urllib3/connectionpool.py:1103: InsecureRequestWarning: Unverified HTTPS request is being made to host 'randomuser.me'. Adding certificate verification is strongly advised. See: https://urllib3.readthedocs.io/en/latest/advanced-usage.html#tls-warnings
  warnings.warn(</msg>
<msg time="2024-04-09T10:17:06.747369" level="INFO">${response} = &lt;Response [200]&gt;</msg>
<var>${response}</var>
<arg>consultarAPI</arg>
<arg>/api</arg>
<doc>Sends a GET request on a previously created HTTP Session.</doc>
<status status="PASS" start="2024-04-09T10:17:06.667002" elapsed="0.080418"/>
</kw>
<kw name="Set Variable" owner="BuiltIn">
<msg time="2024-04-09T10:17:06.748477" level="INFO">${json_data} = {'results': [{'gender': 'female', 'name': {'title': 'Ms', 'first': 'Svenja', 'last': 'Droste'}, 'location': {'street': {'number': 9869, 'name': 'Drosselweg'}, 'city': 'Meinerzhagen', 'state': 'Bayern'...</msg>
<var>${json_data}</var>
<arg>${response.json()}</arg>
<doc>Returns the given values which can then be assigned to a variables.</doc>
<status status="PASS" start="2024-04-09T10:17:06.747955" elapsed="0.000550"/>
</kw>
<kw name="Log" owner="BuiltIn">
<msg time="2024-04-09T10:17:06.748980" level="INFO">{'results': [{'gender': 'female', 'name': {'title': 'Ms', 'first': 'Svenja', 'last': 'Droste'}, 'location': {'street': {'number': 9869, 'name': 'Drosselweg'}, 'city': 'Meinerzhagen', 'state': 'Bayern', 'country': 'Germany', 'postcode': 12574, 'coordinates': {'latitude': '-47.4077', 'longitude': '68.9718'}, 'timezone': {'offset': '-7:00', 'description': 'Mountain Time (US &amp; Canada)'}}, 'email': 'svenja.droste@example.com', 'login': {'uuid': 'e2c3f381-090d-448e-8e4f-c7f517e64294', 'username': 'yellowrabbit542', 'password': 'concorde', 'salt': 'Ma2sI3a3', 'md5': 'c22116c0577deb6b39b94de30c5ea440', 'sha1': '34ab5b4445de5e5cc10d5740788ab291236a9cb9', 'sha256': 'b055245887c957afdf826878504f30d6f95866775ec99a360ebc0ce6a77a40a5'}, 'dob': {'date': '1997-12-20T14:25:11.929Z', 'age': 26}, 'registered': {'date': '2008-08-31T00:13:37.769Z', 'age': 15}, 'phone': '0494-3152783', 'cell': '0171-5932899', 'id': {'name': 'SVNR', 'value': '82 201297 D 588'}, 'picture': {'large': 'https://randomuser.me/api/portraits/women/9.jpg', 'medium': 'https://randomuser.me/api/portraits/med/women/9.jpg', 'thumbnail': 'https://randomuser.me/api/portraits/thumb/women/9.jpg'}, 'nat': 'DE'}], 'info': {'seed': 'de56c6005b787aa7', 'results': 1, 'page': 1, 'version': '1.4'}}</msg>
<arg>${json_data}</arg>
<doc>Logs the given message with the given level.</doc>
<status status="PASS" start="2024-04-09T10:17:06.748822" elapsed="0.000244"/>
</kw>
<kw name="Should Be String" owner="String">
<arg>${json_data['results'][0]['gender']}</arg>
<doc>Fails if the given ``item`` is not a string.</doc>
<status status="PASS" start="2024-04-09T10:17:06.749363" elapsed="0.000367"/>
</kw>
<kw name="Should Match Regexp" owner="BuiltIn">
<arg>${json_data['results'][0]['email']}</arg>
<arg>^[a-zA-Z0-9._%+-]+@[a-zA-Z0-9.-]+\.[a-zA-Z]{2,}$</arg>
<doc>Fails if ``string`` does not match ``pattern`` as a regular expression.</doc>
<status status="PASS" start="2024-04-09T10:17:06.749925" elapsed="0.000561"/>
</kw>
<kw name="Should Match Regexp" owner="BuiltIn">
<arg>${json_data['results'][0]['dob']['date']}</arg>
<arg>\\d{4}-\\d{2}-\\d{2}T\\d{2}:\\d{2}:\\d{2}\\.\\d{3}Z</arg>
<doc>Fails if ``string`` does not match ``pattern`` as a regular expression.</doc>
<status status="PASS" start="2024-04-09T10:17:06.750687" elapsed="0.000493"/>
</kw>
<kw name="Should Match Regexp" owner="BuiltIn">
<arg>${json_data['results'][0]['registered']['date']}</arg>
<arg>\\d{4}-\\d{2}-\\d{2}T\\d{2}:\\d{2}:\\d{2}\\.\\d{3}Z</arg>
<doc>Fails if ``string`` does not match ``pattern`` as a regular expression.</doc>
<status status="PASS" start="2024-04-09T10:17:06.751378" elapsed="0.000374"/>
</kw>
<kw name="Should Match Regexp" owner="BuiltIn">
<arg>${json_data['results'][0]['picture']['large']}</arg>
<arg>^https?://.*\.(?:png|jpe?g|gif|bmp)$</arg>
<doc>Fails if ``string`` does not match ``pattern`` as a regular expression.</doc>
<status status="PASS" start="2024-04-09T10:17:06.751937" elapsed="0.000455"/>
</kw>
<kw name="Should Match Regexp" owner="BuiltIn">
<arg>${json_data['results'][0]['picture']['medium']}</arg>
<arg>^https?://.*\.(?:png|jpe?g|gif|bmp)$</arg>
<doc>Fails if ``string`` does not match ``pattern`` as a regular expression.</doc>
<status status="PASS" start="2024-04-09T10:17:06.752580" elapsed="0.000358"/>
</kw>
<kw name="Should Match Regexp" owner="BuiltIn">
<arg>${json_data['results'][0]['picture']['thumbnail']}</arg>
<arg>^https?://.*\.(?:png|jpe?g|gif|bmp)$</arg>
<doc>Fails if ``string`` does not match ``pattern`` as a regular expression.</doc>
<status status="PASS" start="2024-04-09T10:17:06.753122" elapsed="0.000346"/>
</kw>
<kw name="Log" owner="BuiltIn">
<msg time="2024-04-09T10:17:06.753976" level="INFO">{'large': 'https://randomuser.me/api/portraits/women/9.jpg', 'medium': 'https://randomuser.me/api/portraits/med/women/9.jpg', 'thumbnail': 'https://randomuser.me/api/portraits/thumb/women/9.jpg'}</msg>
<arg>${json_data['results'][0]['picture']}</arg>
<doc>Logs the given message with the given level.</doc>
<status status="PASS" start="2024-04-09T10:17:06.753647" elapsed="0.000370"/>
</kw>
<status status="PASS" start="2024-04-09T10:17:06.666760" elapsed="0.087519"/>
</kw>
<kw name="Teste de Tipos de Dados - Postcode" owner="random-user-service">
<kw name="GET On Session" owner="RequestsLibrary">
<msg time="2024-04-09T10:17:06.846952" level="INFO">GET Request : url=https://randomuser.me/api 
 path_url=/api 
 headers={'User-Agent': 'python-requests/2.31.0', 'Accept-Encoding': 'gzip, deflate', 'Accept': '*/*', 'Connection': 'keep-alive'} 
 body=None 
 </msg>
<msg time="2024-04-09T10:17:06.847078" level="INFO">GET Response : url=https://randomuser.me/api 
 status=200, reason=OK 
 headers={'Date': 'Tue, 09 Apr 2024 10:17:06 GMT', 'Content-Type': 'application/json; charset=utf-8', 'Transfer-Encoding': 'chunked', 'Connection': 'keep-alive', 'X-Powered-By': 'Express', 'Access-Control-Allow-Origin': '*', 'Cache-Control': 'no-cache', 'ETag': 'W/"497-WXftvL+4HLj1ysPkMK1bpHJhL9Y"', 'Vary': 'Accept-Encoding', 'Content-Encoding': 'gzip', 'CF-Cache-Status': 'DYNAMIC', 'Report-To': '{"endpoints":[{"url":"https:\\/\\/a.nel.cloudflare.com\\/report\\/v4?s=aBL5mI1Sz%2Bb0NzN1Rb0GBddlVnT9lIb68JQYMMCqPpOqHqadlpMj7db5ceNc%2FGts93z%2BLdmVXENMxhPyaH39RCXKv6oW3zh5autxwsQp193MMX72MomXZ2YYajrkhc86"}],"group":"cf-nel","max_age":604800}', 'NEL': '{"success_fraction":0,"report_to":"cf-nel","max_age":604800}', 'Server': 'cloudflare', 'CF-RAY': '8719bed93993617f-ORD', 'alt-svc': 'h3=":443"; ma=86400'} 
 body={"results":[{"gender":"male","name":{"title":"Mr","first":"Eino","last":"Hokkanen"},"location":{"street":{"number":9884,"name":"Hämeentie"},"city":"Hyvinkää","state":"Pirkanmaa","country":"Finland","postcode":38328,"coordinates":{"latitude":"-28.4897","longitude":"-148.4206"},"timezone":{"offset":"+8:00","description":"Beijing, Perth, Singapore, Hong Kong"}},"email":"eino.hokkanen@example.com","login":{"uuid":"42df4295-8bf0-4c49-a4c0-cc7d7c92af03","username":"silverbird777","password":"delaware","salt":"HT8aXsJj","md5":"c34f2c9d886c155c0f0d1ab99c3e524f","sha1":"dee0bc4f6fbaec73ea318a89386eb80c9ed45b25","sha256":"97bfb7eecaeef22b12af8113787b7d88b367982e76b798b087cf2fe38a7126d7"},"dob":{"date":"1988-03-28T12:03:40.731Z","age":36},"registered":{"date":"2011-09-05T09:02:05.681Z","age":12},"phone":"05-761-690","cell":"041-653-63-61","id":{"name":"HETU","value":"NaNNA611undefined"},"picture":{"large":"https://randomuser.me/api/portraits/men/85.jpg","medium":"https://randomuser.me/api/portraits/med/men/85.jpg","thumbnail":"https://randomuser.me/api/portraits/thumb/men/85.jpg"},"nat":"FI"}],"info":{"seed":"41060aada35f21c3","results":1,"page":1,"version":"1.4"}} 
 </msg>
<msg time="2024-04-09T10:17:06.847186" level="INFO">/opt/hostedtoolcache/Python/3.12.2/x64/lib/python3.12/site-packages/urllib3/connectionpool.py:1103: InsecureRequestWarning: Unverified HTTPS request is being made to host 'randomuser.me'. Adding certificate verification is strongly advised. See: https://urllib3.readthedocs.io/en/latest/advanced-usage.html#tls-warnings
  warnings.warn(</msg>
<msg time="2024-04-09T10:17:06.847352" level="INFO">${response} = &lt;Response [200]&gt;</msg>
<var>${response}</var>
<arg>consultarAPI</arg>
<arg>/api</arg>
<doc>Sends a GET request on a previously created HTTP Session.</doc>
<status status="PASS" start="2024-04-09T10:17:06.754785" elapsed="0.092618"/>
</kw>
<kw name="Set Variable" owner="BuiltIn">
<msg time="2024-04-09T10:17:06.848500" level="INFO">${json_data} = {'results': [{'gender': 'male', 'name': {'title': 'Mr', 'first': 'Eino', 'last': 'Hokkanen'}, 'location': {'street': {'number': 9884, 'name': 'Hämeentie'}, 'city': 'Hyvinkää', 'state': 'Pirkanmaa', 'c...</msg>
<var>${json_data}</var>
<arg>${response.json()}</arg>
<doc>Returns the given values which can then be assigned to a variables.</doc>
<status status="PASS" start="2024-04-09T10:17:06.847961" elapsed="0.000568"/>
</kw>
<kw name="Log" owner="BuiltIn">
<msg time="2024-04-09T10:17:06.849001" level="INFO">{'results': [{'gender': 'male', 'name': {'title': 'Mr', 'first': 'Eino', 'last': 'Hokkanen'}, 'location': {'street': {'number': 9884, 'name': 'Hämeentie'}, 'city': 'Hyvinkää', 'state': 'Pirkanmaa', 'country': 'Finland', 'postcode': 38328, 'coordinates': {'latitude': '-28.4897', 'longitude': '-148.4206'}, 'timezone': {'offset': '+8:00', 'description': 'Beijing, Perth, Singapore, Hong Kong'}}, 'email': 'eino.hokkanen@example.com', 'login': {'uuid': '42df4295-8bf0-4c49-a4c0-cc7d7c92af03', 'username': 'silverbird777', 'password': 'delaware', 'salt': 'HT8aXsJj', 'md5': 'c34f2c9d886c155c0f0d1ab99c3e524f', 'sha1': 'dee0bc4f6fbaec73ea318a89386eb80c9ed45b25', 'sha256': '97bfb7eecaeef22b12af8113787b7d88b367982e76b798b087cf2fe38a7126d7'}, 'dob': {'date': '1988-03-28T12:03:40.731Z', 'age': 36}, 'registered': {'date': '2011-09-05T09:02:05.681Z', 'age': 12}, 'phone': '05-761-690', 'cell': '041-653-63-61', 'id': {'name': 'HETU', 'value': 'NaNNA611undefined'}, 'picture': {'large': 'https://randomuser.me/api/portraits/men/85.jpg', 'medium': 'https://randomuser.me/api/portraits/med/men/85.jpg', 'thumbnail': 'https://randomuser.me/api/portraits/thumb/men/85.jpg'}, 'nat': 'FI'}], 'info': {'seed': '41060aada35f21c3', 'results': 1, 'page': 1, 'version': '1.4'}}</msg>
<arg>${json_data}</arg>
<doc>Logs the given message with the given level.</doc>
<status status="PASS" start="2024-04-09T10:17:06.848839" elapsed="0.000245"/>
</kw>
<kw name="Should Be Equal As Numbers" owner="BuiltIn">
<arg>${json_data['results'][0]['location']['postcode']}</arg>
<arg>${json_data['results'][0]['location']['postcode']}</arg>
<doc>Fails if objects are unequal after converting them to real numbers.</doc>
<status status="PASS" start="2024-04-09T10:17:06.849396" elapsed="0.000620"/>
</kw>
<kw name="Log" owner="BuiltIn">
<msg time="2024-04-09T10:17:06.850589" level="INFO">38328</msg>
<arg>${json_data['results'][0]['location']['postcode']}</arg>
<doc>Logs the given message with the given level.</doc>
<status status="PASS" start="2024-04-09T10:17:06.850208" elapsed="0.000421"/>
</kw>
<status status="PASS" start="2024-04-09T10:17:06.754539" elapsed="0.096371"/>
</kw>
<doc>Testa se os tipos de dados na resposta da API estão corretos.</doc>
<tag>testeTiposDados</tag>
<status status="PASS" start="2024-04-09T10:17:06.666111" elapsed="0.184971"/>
</test>
<test id="s1-s1-t5" name="Validar conteudo" line="35">
<kw name="Teste de Tipos de Conteudo" owner="random-user-service">
<kw name="GET On Session" owner="RequestsLibrary">
<msg time="2024-04-09T10:17:06.937053" level="INFO">GET Request : url=https://randomuser.me/api 
 path_url=/api 
 headers={'User-Agent': 'python-requests/2.31.0', 'Accept-Encoding': 'gzip, deflate', 'Accept': '*/*', 'Connection': 'keep-alive'} 
 body=None 
 </msg>
<msg time="2024-04-09T10:17:06.937164" level="INFO">GET Response : url=https://randomuser.me/api 
 status=200, reason=OK 
 headers={'Date': 'Tue, 09 Apr 2024 10:17:06 GMT', 'Content-Type': 'application/json; charset=utf-8', 'Transfer-Encoding': 'chunked', 'Connection': 'keep-alive', 'X-Powered-By': 'Express', 'Access-Control-Allow-Origin': '*', 'Cache-Control': 'no-cache', 'ETag': 'W/"486-sfU0i1/MH2U61Q8xVa8hYkZbNMM"', 'Vary': 'Accept-Encoding', 'Content-Encoding': 'gzip', 'CF-Cache-Status': 'DYNAMIC', 'Report-To': '{"endpoints":[{"url":"https:\\/\\/a.nel.cloudflare.com\\/report\\/v4?s=6RIicyDtCOjASurbanfwUGUiy8nfRjuqZDFcCOxcJwz%2FuXEwD%2BJDczL%2F6FnsESQiFDThNzLSUrQ5DqSRw930xylPaN5p8KSxt3LpUERCSSVKWbtyK6ScJ9J%2B4WfpisUa"}],"group":"cf-nel","max_age":604800}', 'NEL': '{"success_fraction":0,"report_to":"cf-nel","max_age":604800}', 'Server': 'cloudflare', 'CF-RAY': '8719bed9da00617f-ORD', 'alt-svc': 'h3=":443"; ma=86400'} 
 body={"results":[{"gender":"male","name":{"title":"Mr","first":"Isaac","last":"Hall"},"location":{"street":{"number":9984,"name":"Peachgrove Road"},"city":"Hastings","state":"Northland","country":"New Zealand","postcode":42037,"coordinates":{"latitude":"51.7052","longitude":"-2.9037"},"timezone":{"offset":"-5:00","description":"Eastern Time (US &amp; Canada), Bogota, Lima"}},"email":"isaac.hall@example.com","login":{"uuid":"734fa485-113c-4c79-8b7f-ad19db798ddb","username":"heavywolf692","password":"post","salt":"eeoXWEJs","md5":"0fe6c8906f9bc2e8d0fe9cddb35474bd","sha1":"a3b73028d12fa24361120ddc85286fbdc353ceba","sha256":"b2e2795f153775add10d971fe88e689ed1f5e567e0d4d7095130b71bc91075a3"},"dob":{"date":"1990-10-14T20:47:57.225Z","age":33},"registered":{"date":"2003-10-06T13:13:48.949Z","age":20},"phone":"(874)-658-8703","cell":"(879)-457-7603","id":{"name":"","value":null},"picture":{"large":"https://randomuser.me/api/portraits/men/58.jpg","medium":"https://randomuser.me/api/portraits/med/men/58.jpg","thumbnail":"https://randomuser.me/api/portraits/thumb/men/58.jpg"},"nat":"NZ"}],"info":{"seed":"8f06fad923dabe30","results":1,"page":1,"version":"1.4"}} 
 </msg>
<msg time="2024-04-09T10:17:06.937247" level="INFO">/opt/hostedtoolcache/Python/3.12.2/x64/lib/python3.12/site-packages/urllib3/connectionpool.py:1103: InsecureRequestWarning: Unverified HTTPS request is being made to host 'randomuser.me'. Adding certificate verification is strongly advised. See: https://urllib3.readthedocs.io/en/latest/advanced-usage.html#tls-warnings
  warnings.warn(</msg>
<msg time="2024-04-09T10:17:06.937412" level="INFO">${response} = &lt;Response [200]&gt;</msg>
<var>${response}</var>
<arg>consultarAPI</arg>
<arg>/api</arg>
<doc>Sends a GET request on a previously created HTTP Session.</doc>
<status status="PASS" start="2024-04-09T10:17:06.853597" elapsed="0.083879"/>
</kw>
<kw name="Set Variable" owner="BuiltIn">
<msg time="2024-04-09T10:17:06.938576" level="INFO">${json_data} = {'results': [{'gender': 'male', 'name': {'title': 'Mr', 'first': 'Isaac', 'last': 'Hall'}, 'location': {'street': {'number': 9984, 'name': 'Peachgrove Road'}, 'city': 'Hastings', 'state': 'Northland',...</msg>
<var>${json_data}</var>
<arg>${response.json()}</arg>
<doc>Returns the given values which can then be assigned to a variables.</doc>
<status status="PASS" start="2024-04-09T10:17:06.938000" elapsed="0.000604"/>
</kw>
<kw name="Set Variable" owner="BuiltIn">
<msg time="2024-04-09T10:17:06.939299" level="INFO">${name_title} = Mr</msg>
<var>${name_title}</var>
<arg>${json_data["results"][0]["name"]["title"]}</arg>
<doc>Returns the given values which can then be assigned to a variables.</doc>
<status status="PASS" start="2024-04-09T10:17:06.938915" elapsed="0.000409"/>
</kw>
<kw name="Create List" owner="BuiltIn">
<msg time="2024-04-09T10:17:06.939774" level="INFO">${allowed_titles} = ['Mr', 'Ms', 'Miss', 'Mrs', 'Madame', 'Monsieur']</msg>
<var>${allowed_titles}</var>
<arg>Mr</arg>
<arg>Ms</arg>
<arg>Miss</arg>
<arg>Mrs</arg>
<arg>Madame</arg>
<arg>Monsieur</arg>
<doc>Returns a list containing given items.</doc>
<status status="PASS" start="2024-04-09T10:17:06.939624" elapsed="0.000174"/>
</kw>
<kw name="List Should Contain Value" owner="Collections">
<msg time="2024-04-09T10:17:06.940272" level="INFO">False</msg>
<arg>${allowed_titles}</arg>
<arg>${name_title}</arg>
<doc>Fails if the ``value`` is not found from ``list``.</doc>
<status status="PASS" start="2024-04-09T10:17:06.940094" elapsed="0.000215"/>
</kw>
<kw name="Set Variable" owner="BuiltIn">
<msg time="2024-04-09T10:17:06.940976" level="INFO">${name_country} = NZ</msg>
<var>${name_country}</var>
<arg>${json_data["results"][0]["nat"]}</arg>
<doc>Returns the given values which can then be assigned to a variables.</doc>
<status status="PASS" start="2024-04-09T10:17:06.940600" elapsed="0.000401"/>
</kw>
<kw name="Create List" owner="BuiltIn">
<msg time="2024-04-09T10:17:06.941899" level="INFO">${list_country} = ['AD', 'AE', 'AF', 'AG', 'AI', 'AL', 'AM', 'AO', 'AQ', 'AR', 'AS', 'AT', 'AU', 'AW', 'AX', 'AZ', 'BA', 'BB', 'BD', 'BE', 'BF', 'BG', 'BH', 'BI', 'BJ', 'BL', 'BM', 'BN', 'BO', 'BQ', 'BR', 'BS', 'BT', '...</msg>
<var>${list_country}</var>
<arg>AD</arg>
<arg>AE</arg>
<arg>AF</arg>
<arg>AG</arg>
<arg>AI</arg>
<arg>AL</arg>
<arg>AM</arg>
<arg>AO</arg>
<arg>AQ</arg>
<arg>AR</arg>
<arg>AS</arg>
<arg>AT</arg>
<arg>AU</arg>
<arg>AW</arg>
<arg>AX</arg>
<arg>AZ</arg>
<arg>BA</arg>
<arg>BB</arg>
<arg>BD</arg>
<arg>BE</arg>
<arg>BF</arg>
<arg>BG</arg>
<arg>BH</arg>
<arg>BI</arg>
<arg>BJ</arg>
<arg>BL</arg>
<arg>BM</arg>
<arg>BN</arg>
<arg>BO</arg>
<arg>BQ</arg>
<arg>BR</arg>
<arg>BS</arg>
<arg>BT</arg>
<arg>BV</arg>
<arg>BW</arg>
<arg>BY</arg>
<arg>BZ</arg>
<arg>CA</arg>
<arg>CC</arg>
<arg>CD</arg>
<arg>CF</arg>
<arg>CG</arg>
<arg>CH</arg>
<arg>CI</arg>
<arg>CK</arg>
<arg>CL</arg>
<arg>CM</arg>
<arg>CN</arg>
<arg>CO</arg>
<arg>CR</arg>
<arg>CU</arg>
<arg>CV</arg>
<arg>CW</arg>
<arg>CX</arg>
<arg>CY</arg>
<arg>CZ</arg>
<arg>DE</arg>
<arg>DJ</arg>
<arg>DK</arg>
<arg>DM</arg>
<arg>DO</arg>
<arg>DZ</arg>
<arg>EC</arg>
<arg>EE</arg>
<arg>EG</arg>
<arg>EH</arg>
<arg>ER</arg>
<arg>ES</arg>
<arg>ET</arg>
<arg>FI</arg>
<arg>FJ</arg>
<arg>FK</arg>
<arg>FM</arg>
<arg>FO</arg>
<arg>FR</arg>
<arg>GA</arg>
<arg>GB</arg>
<arg>GD</arg>
<arg>GE</arg>
<arg>GF</arg>
<arg>GG</arg>
<arg>GH</arg>
<arg>GI</arg>
<arg>GL</arg>
<arg>GM</arg>
<arg>GN</arg>
<arg>GP</arg>
<arg>GQ</arg>
<arg>GR</arg>
<arg>GS</arg>
<arg>GT</arg>
<arg>GU</arg>
<arg>GW</arg>
<arg>GY</arg>
<arg>HK</arg>
<arg>HM</arg>
<arg>HN</arg>
<arg>HR</arg>
<arg>HT</arg>
<arg>HU</arg>
<arg>ID</arg>
<arg>IE</arg>
<arg>IL</arg>
<arg>IM</arg>
<arg>IN</arg>
<arg>IO</arg>
<arg>IQ</arg>
<arg>IR</arg>
<arg>IS</arg>
<arg>IT</arg>
<arg>JE</arg>
<arg>JM</arg>
<arg>JO</arg>
<arg>JP</arg>
<arg>KE</arg>
<arg>KG</arg>
<arg>KH</arg>
<arg>KI</arg>
<arg>KM</arg>
<arg>KN</arg>
<arg>KP</arg>
<arg>KR</arg>
<arg>KW</arg>
<arg>KY</arg>
<arg>KZ</arg>
<arg>LA</arg>
<arg>LB</arg>
<arg>LC</arg>
<arg>LI</arg>
<arg>LK</arg>
<arg>LR</arg>
<arg>LS</arg>
<arg>LT</arg>
<arg>LU</arg>
<arg>LV</arg>
<arg>LY</arg>
<arg>MA</arg>
<arg>MC</arg>
<arg>MD</arg>
<arg>ME</arg>
<arg>MF</arg>
<arg>MG</arg>
<arg>MH</arg>
<arg>MK</arg>
<arg>ML</arg>
<arg>MM</arg>
<arg>MN</arg>
<arg>MO</arg>
<arg>MP</arg>
<arg>MQ</arg>
<arg>MR</arg>
<arg>MS</arg>
<arg>MT</arg>
<arg>MU</arg>
<arg>MV</arg>
<arg>MW</arg>
<arg>MX</arg>
<arg>MY</arg>
<arg>MZ</arg>
<arg>NA</arg>
<arg>NC</arg>
<arg>NE</arg>
<arg>NF</arg>
<arg>NG</arg>
<arg>NI</arg>
<arg>NL</arg>
<arg>NO</arg>
<arg>NP</arg>
<arg>NR</arg>
<arg>NU</arg>
<arg>NZ</arg>
<arg>OM</arg>
<arg>PA</arg>
<arg>PE</arg>
<arg>PF</arg>
<arg>PG</arg>
<arg>PH</arg>
<arg>PK</arg>
<arg>PL</arg>
<arg>PM</arg>
<arg>PN</arg>
<arg>PR</arg>
<arg>PS</arg>
<arg>PT</arg>
<arg>PW</arg>
<arg>PY</arg>
<arg>QA</arg>
<arg>RE</arg>
<arg>RO</arg>
<arg>RS</arg>
<arg>RU</arg>
<arg>RW</arg>
<arg>SA</arg>
<arg>SB</arg>
<arg>SC</arg>
<arg>SD</arg>
<arg>SE</arg>
<arg>SG</arg>
<arg>SH</arg>
<arg>SI</arg>
<arg>SJ</arg>
<arg>SK</arg>
<arg>SL</arg>
<arg>SM</arg>
<arg>SN</arg>
<arg>SO</arg>
<arg>SR</arg>
<arg>SS</arg>
<arg>ST</arg>
<arg>SV</arg>
<arg>SX</arg>
<arg>SY</arg>
<arg>SZ</arg>
<arg>TC</arg>
<arg>TD</arg>
<arg>TF</arg>
<arg>TG</arg>
<arg>TH</arg>
<arg>TJ</arg>
<arg>TK</arg>
<arg>TL</arg>
<arg>TM</arg>
<arg>TN</arg>
<arg>TO</arg>
<arg>TR</arg>
<arg>TT</arg>
<arg>TV</arg>
<arg>TW</arg>
<arg>TZ</arg>
<arg>UA</arg>
<arg>UG</arg>
<arg>UM</arg>
<arg>US</arg>
<arg>UY</arg>
<arg>UZ</arg>
<arg>VA</arg>
<arg>VC</arg>
<arg>VE</arg>
<arg>VG</arg>
<arg>VI</arg>
<arg>VN</arg>
<arg>VU</arg>
<arg>WF</arg>
<arg>WS</arg>
<arg>XK</arg>
<arg>YE</arg>
<arg>YT</arg>
<arg>ZA</arg>
<arg>ZM</arg>
<arg>ZW</arg>
<doc>Returns a list containing given items.</doc>
<status status="PASS" start="2024-04-09T10:17:06.941304" elapsed="0.000621"/>
</kw>
<kw name="List Should Contain Value" owner="Collections">
<msg time="2024-04-09T10:17:06.942941" level="INFO">False</msg>
<arg>${list_country}</arg>
<arg>${name_country}</arg>
<doc>Fails if the ``value`` is not found from ``list``.</doc>
<status status="PASS" start="2024-04-09T10:17:06.942738" elapsed="0.000240"/>
</kw>
<kw name="Run Keyword If" owner="BuiltIn">
<kw name="Should Be True" owner="BuiltIn">
<arg>${True}</arg>
<doc>Fails if the given condition is not true.</doc>
<status status="PASS" start="2024-04-09T10:17:06.944170" elapsed="0.000148"/>
</kw>
<arg>${json_data["results"][0]["location"]["coordinates"]["latitude"]} &gt;= -90 and ${json_data["results"][0]["location"]["coordinates"]["latitude"]} &lt;= 90</arg>
<arg>Should Be True</arg>
<arg>${True}</arg>
<doc>Runs the given keyword with the given arguments, if ``condition`` is true.</doc>
<status status="PASS" start="2024-04-09T10:17:06.943287" elapsed="0.001160"/>
</kw>
<kw name="Run Keyword If" owner="BuiltIn">
<kw name="Should Be True" owner="BuiltIn">
<arg>${True}</arg>
<doc>Fails if the given condition is not true.</doc>
<status status="PASS" start="2024-04-09T10:17:06.945333" elapsed="0.000140"/>
</kw>
<arg>${json_data["results"][0]["location"]["coordinates"]["longitude"]} &gt;= -180 and ${json_data["results"][0]["location"]["coordinates"]["longitude"]} &lt;= 180</arg>
<arg>Should Be True</arg>
<arg>${True}</arg>
<doc>Runs the given keyword with the given arguments, if ``condition`` is true.</doc>
<status status="PASS" start="2024-04-09T10:17:06.944633" elapsed="0.000964"/>
</kw>
<status status="PASS" start="2024-04-09T10:17:06.853371" elapsed="0.092359"/>
</kw>
<doc>Testa o conteúdo específico dos campos retornados pela API.</doc>
<tag>testeConteudo</tag>
<status status="PASS" start="2024-04-09T10:17:06.852830" elapsed="0.093053"/>
</test>
<status status="PASS" start="2024-04-09T10:17:05.971354" elapsed="0.976598"/>
</suite>
<status status="PASS" start="2024-04-09T10:17:05.957283" elapsed="0.998646"/>
</suite>
<statistics>
<total>
<stat pass="5" fail="0" skip="0">All Tests</stat>
</total>
<tag>
<stat pass="1" fail="0" skip="0">testeConteudo</stat>
<stat pass="1" fail="0" skip="0">testeEstruturaResposta</stat>
<stat pass="1" fail="0" skip="0">testeRequisicaoBasica</stat>
<stat pass="1" fail="0" skip="0">testeTiposDados</stat>
</tag>
<suite>
<stat pass="5" fail="0" skip="0" id="s1" name="Tests">Tests</stat>
<stat pass="5" fail="0" skip="0" id="s1-s1" name="Random-User-Test">Tests.Random-User-Test</stat>
</suite>
</statistics>
<errors>
</errors>
</robot>
