<?xml version="1.0" encoding="UTF-8"?>
<robot generator="Robot 7.0 (Python 3.12.3 on linux)" generated="2024-05-25T03:17:59.207584" rpa="false" schemaversion="5">
<suite id="s1" name="Tests" source="/home/runner/work/DesafioQAItauRogerioJordao/DesafioQAItauRogerioJordao/RamdonUser/tests">
<suite id="s1-s1" name="Random-User-Test" source="/home/runner/work/DesafioQAItauRogerioJordao/DesafioQAItauRogerioJordao/RamdonUser/tests/random-user-test.robot">
<test id="s1-s1-t1" name="Conectar" line="13">
<kw name="Conectar API" owner="random-user-service">
<kw name="Create Session" owner="RequestsLibrary">
<msg time="2024-05-25T03:17:59.584120" level="INFO">Creating Session using : alias=consultarAPI, url=https://randomuser.me/, headers={},                     cookies={}, auth=None, timeout=None, proxies=None, verify=False,                     debug=0 </msg>
<arg>consultarAPI</arg>
<arg>${URL}</arg>
<doc>Create Session: create a HTTP session to a server</doc>
<status status="PASS" start="2024-05-25T03:17:59.583927" elapsed="0.000353"/>
</kw>
<status status="PASS" start="2024-05-25T03:17:59.582932" elapsed="0.001703"/>
</kw>
<status status="PASS" start="2024-05-25T03:17:59.582354" elapsed="0.002475"/>
</test>
<test id="s1-s1-t2" name="Validar retorno 200 e JSON Válido" line="16">
<kw name="Teste de Requisicao Basica" owner="random-user-service">
<kw name="GET On Session" owner="RequestsLibrary">
<msg time="2024-05-25T03:17:59.739949" level="INFO">GET Request : url=https://randomuser.me/api 
 path_url=/api 
 headers={'User-Agent': 'python-requests/2.32.2', 'Accept-Encoding': 'gzip, deflate', 'Accept': '*/*', 'Connection': 'keep-alive'} 
 body=None 
 </msg>
<msg time="2024-05-25T03:17:59.740085" level="INFO">GET Response : url=https://randomuser.me/api 
 status=200, reason=OK 
 headers={'Date': 'Sat, 25 May 2024 03:17:59 GMT', 'Content-Type': 'application/json; charset=utf-8', 'Transfer-Encoding': 'chunked', 'Connection': 'keep-alive', 'X-Powered-By': 'Express', 'Access-Control-Allow-Origin': '*', 'Cache-Control': 'no-cache', 'ETag': 'W/"498-VsTDK5ufsBRY9pZ47n5ee9yIk/Q"', 'Vary': 'Accept-Encoding', 'Content-Encoding': 'gzip', 'CF-Cache-Status': 'DYNAMIC', 'Report-To': '{"endpoints":[{"url":"https:\\/\\/a.nel.cloudflare.com\\/report\\/v4?s=5QJieCFjDMD%2Bz1Yp87SKKEOWNnA7rO8Q74OivAIgtCtRsHLBc4H9aKHbEEpteYPLmb2XxubG9VsJnIo46wmT2mspjgRYrSQpKk4iOxveueEN27Qxxp77VPQx9s2FympQ"}],"group":"cf-nel","max_age":604800}', 'NEL': '{"success_fraction":0,"report_to":"cf-nel","max_age":604800}', 'Server': 'cloudflare', 'CF-RAY': '88926027af288f48-ORD', 'alt-svc': 'h3=":443"; ma=86400'} 
 body={"results":[{"gender":"female","name":{"title":"Ms","first":"Victoria","last":"Mortensen"},"location":{"street":{"number":499,"name":"Agervej"},"city":"Frederiksberg","state":"Syddanmark","country":"Denmark","postcode":96427,"coordinates":{"latitude":"-38.9365","longitude":"116.8728"},"timezone":{"offset":"+9:00","description":"Tokyo, Seoul, Osaka, Sapporo, Yakutsk"}},"email":"victoria.mortensen@example.com","login":{"uuid":"f8ee003f-f4b7-449a-bdcd-663638a7c4b8","username":"tinykoala471","password":"rocket","salt":"qTCsJP0Z","md5":"56862834a442ec8c828b3278b908f43a","sha1":"194b0b860b20148124260be3185a706eec8bc83f","sha256":"b9bf6f8e91c28d7a97a0616b23a90a3dc73da17c9aab860f8addf03e89af9b14"},"dob":{"date":"1957-10-24T20:56:15.158Z","age":66},"registered":{"date":"2010-06-28T14:17:32.239Z","age":13},"phone":"56472750","cell":"79206496","id":{"name":"CPR","value":"241057-9509"},"picture":{"large":"https://randomuser.me/api/portraits/women/19.jpg","medium":"https://randomuser.me/api/portraits/med/women/19.jpg","thumbnail":"https://randomuser.me/api/portraits/thumb/women/19.jpg"},"nat":"DK"}],"info":{"seed":"342febe0245688c6","results":1,"page":1,"version":"1.4"}} 
 </msg>
<msg time="2024-05-25T03:17:59.740153" level="INFO">/opt/hostedtoolcache/Python/3.12.3/x64/lib/python3.12/site-packages/urllib3/connectionpool.py:1103: InsecureRequestWarning: Unverified HTTPS request is being made to host 'randomuser.me'. Adding certificate verification is strongly advised. See: https://urllib3.readthedocs.io/en/latest/advanced-usage.html#tls-warnings
  warnings.warn(</msg>
<msg time="2024-05-25T03:17:59.740278" level="INFO">${response} = &lt;Response [200]&gt;</msg>
<var>${response}</var>
<arg>consultarAPI</arg>
<arg>/api</arg>
<doc>Sends a GET request on a previously created HTTP Session.</doc>
<status status="PASS" start="2024-05-25T03:17:59.587505" elapsed="0.152818"/>
</kw>
<kw name="Should Be Equal As Numbers" owner="BuiltIn">
<msg time="2024-05-25T03:17:59.741145" level="INFO">Argument types are:
&lt;class 'int'&gt;
&lt;class 'str'&gt;</msg>
<arg>${response.status_code}</arg>
<arg>200</arg>
<doc>Fails if objects are unequal after converting them to real numbers.</doc>
<status status="PASS" start="2024-05-25T03:17:59.740702" elapsed="0.000509"/>
</kw>
<kw name="Log" owner="BuiltIn">
<msg time="2024-05-25T03:17:59.741911" level="INFO">200</msg>
<arg>${response.status_code}</arg>
<doc>Logs the given message with the given level.</doc>
<status status="PASS" start="2024-05-25T03:17:59.741557" elapsed="0.000403"/>
</kw>
<kw name="Set Variable" owner="BuiltIn">
<msg time="2024-05-25T03:17:59.742702" level="INFO">${json_data} = {'results': [{'gender': 'female', 'name': {'title': 'Ms', 'first': 'Victoria', 'last': 'Mortensen'}, 'location': {'street': {'number': 499, 'name': 'Agervej'}, 'city': 'Frederiksberg', 'state': 'Sydda...</msg>
<var>${json_data}</var>
<arg>${response.json()}</arg>
<doc>Returns the given values which can then be assigned to a variables.</doc>
<status status="PASS" start="2024-05-25T03:17:59.742270" elapsed="0.000463"/>
</kw>
<kw name="Dictionary Should Contain Key" owner="Collections">
<msg time="2024-05-25T03:17:59.743202" level="INFO">False</msg>
<arg>${json_data}</arg>
<arg>results</arg>
<doc>Fails if ``key`` is not found from ``dictionary``.</doc>
<status status="PASS" start="2024-05-25T03:17:59.743037" elapsed="0.000333"/>
</kw>
<status status="PASS" start="2024-05-25T03:17:59.587255" elapsed="0.156376"/>
</kw>
<doc>Testa se a API responde corretamente e retorna um objeto JSON válido.</doc>
<tag>testeRequisicaoBasica</tag>
<status status="PASS" start="2024-05-25T03:17:59.586707" elapsed="0.157094"/>
</test>
<test id="s1-s1-t3" name="Validar estrutura de resposta" line="22">
<kw name="Teste de Estrutura de Resposta" owner="random-user-service">
<kw name="GET On Session" owner="RequestsLibrary">
<msg time="2024-05-25T03:17:59.830446" level="INFO">GET Request : url=https://randomuser.me/api 
 path_url=/api 
 headers={'User-Agent': 'python-requests/2.32.2', 'Accept-Encoding': 'gzip, deflate', 'Accept': '*/*', 'Connection': 'keep-alive'} 
 body=None 
 </msg>
<msg time="2024-05-25T03:17:59.830533" level="INFO">GET Response : url=https://randomuser.me/api 
 status=200, reason=OK 
 headers={'Date': 'Sat, 25 May 2024 03:17:59 GMT', 'Content-Type': 'application/json; charset=utf-8', 'Transfer-Encoding': 'chunked', 'Connection': 'keep-alive', 'X-Powered-By': 'Express', 'Access-Control-Allow-Origin': '*', 'Cache-Control': 'no-cache', 'ETag': 'W/"469-06vMnfD/WOCOFPv2SBJHqYK//xY"', 'Vary': 'Accept-Encoding', 'Content-Encoding': 'gzip', 'CF-Cache-Status': 'DYNAMIC', 'Report-To': '{"endpoints":[{"url":"https:\\/\\/a.nel.cloudflare.com\\/report\\/v4?s=P1OXEky0Y4B36K3SHahqu6urrlvLGBKUy7SXg3RyIieJWCLeEIzuoqaW0Y2FovbzSG3ru8egu1058FEpT098GuknIeNxBgjLCX5vb2HyJTJjnUAMAbB%2BQWOFGw3lAMnh"}],"group":"cf-nel","max_age":604800}', 'NEL': '{"success_fraction":0,"report_to":"cf-nel","max_age":604800}', 'Server': 'cloudflare', 'CF-RAY': '8892602868308f48-ORD', 'alt-svc': 'h3=":443"; ma=86400'} 
 body={"results":[{"gender":"male","name":{"title":"Mr","first":"Alfred","last":"Pedersen"},"location":{"street":{"number":9652,"name":"Sølystvej"},"city":"Juelsminde","state":"Danmark","country":"Denmark","postcode":52982,"coordinates":{"latitude":"-40.1742","longitude":"-164.9556"},"timezone":{"offset":"+4:30","description":"Kabul"}},"email":"alfred.pedersen@example.com","login":{"uuid":"1bafd517-ef2d-4100-bc2a-d770e300017c","username":"blackostrich869","password":"silver","salt":"57iZgcaR","md5":"57c76c5ce911e161a58e4a8104fe2605","sha1":"c89ed4f1ad5ccb954de7506c66f7495126b062a4","sha256":"7c94edd8bfb00c618f451391495df7fda715afef8524890bd56b9ee267eddab7"},"dob":{"date":"1969-09-25T20:06:13.546Z","age":54},"registered":{"date":"2012-03-22T00:24:23.386Z","age":12},"phone":"82000047","cell":"65760363","id":{"name":"CPR","value":"250969-6242"},"picture":{"large":"https://randomuser.me/api/portraits/men/3.jpg","medium":"https://randomuser.me/api/portraits/med/men/3.jpg","thumbnail":"https://randomuser.me/api/portraits/thumb/men/3.jpg"},"nat":"DK"}],"info":{"seed":"09b48e68b312332b","results":1,"page":1,"version":"1.4"}} 
 </msg>
<msg time="2024-05-25T03:17:59.830654" level="INFO">/opt/hostedtoolcache/Python/3.12.3/x64/lib/python3.12/site-packages/urllib3/connectionpool.py:1103: InsecureRequestWarning: Unverified HTTPS request is being made to host 'randomuser.me'. Adding certificate verification is strongly advised. See: https://urllib3.readthedocs.io/en/latest/advanced-usage.html#tls-warnings
  warnings.warn(</msg>
<msg time="2024-05-25T03:17:59.830804" level="INFO">${response} = &lt;Response [200]&gt;</msg>
<var>${response}</var>
<arg>consultarAPI</arg>
<arg>/api</arg>
<doc>Sends a GET request on a previously created HTTP Session.</doc>
<status status="PASS" start="2024-05-25T03:17:59.746420" elapsed="0.084442"/>
</kw>
<kw name="Set Variable" owner="BuiltIn">
<msg time="2024-05-25T03:17:59.831851" level="INFO">${json_data} = {'results': [{'gender': 'male', 'name': {'title': 'Mr', 'first': 'Alfred', 'last': 'Pedersen'}, 'location': {'street': {'number': 9652, 'name': 'Sølystvej'}, 'city': 'Juelsminde', 'state': 'Danmark', ...</msg>
<var>${json_data}</var>
<arg>${response.json()}</arg>
<doc>Returns the given values which can then be assigned to a variables.</doc>
<status status="PASS" start="2024-05-25T03:17:59.831394" elapsed="0.000487"/>
</kw>
<kw name="Log" owner="BuiltIn">
<msg time="2024-05-25T03:17:59.832344" level="INFO">{'results': [{'gender': 'male', 'name': {'title': 'Mr', 'first': 'Alfred', 'last': 'Pedersen'}, 'location': {'street': {'number': 9652, 'name': 'Sølystvej'}, 'city': 'Juelsminde', 'state': 'Danmark', 'country': 'Denmark', 'postcode': 52982, 'coordinates': {'latitude': '-40.1742', 'longitude': '-164.9556'}, 'timezone': {'offset': '+4:30', 'description': 'Kabul'}}, 'email': 'alfred.pedersen@example.com', 'login': {'uuid': '1bafd517-ef2d-4100-bc2a-d770e300017c', 'username': 'blackostrich869', 'password': 'silver', 'salt': '57iZgcaR', 'md5': '57c76c5ce911e161a58e4a8104fe2605', 'sha1': 'c89ed4f1ad5ccb954de7506c66f7495126b062a4', 'sha256': '7c94edd8bfb00c618f451391495df7fda715afef8524890bd56b9ee267eddab7'}, 'dob': {'date': '1969-09-25T20:06:13.546Z', 'age': 54}, 'registered': {'date': '2012-03-22T00:24:23.386Z', 'age': 12}, 'phone': '82000047', 'cell': '65760363', 'id': {'name': 'CPR', 'value': '250969-6242'}, 'picture': {'large': 'https://randomuser.me/api/portraits/men/3.jpg', 'medium': 'https://randomuser.me/api/portraits/med/men/3.jpg', 'thumbnail': 'https://randomuser.me/api/portraits/thumb/men/3.jpg'}, 'nat': 'DK'}], 'info': {'seed': '09b48e68b312332b', 'results': 1, 'page': 1, 'version': '1.4'}}</msg>
<arg>${json_data}</arg>
<doc>Logs the given message with the given level.</doc>
<status status="PASS" start="2024-05-25T03:17:59.832187" elapsed="0.000207"/>
</kw>
<kw name="Dictionary Should Contain Key" owner="Collections">
<msg time="2024-05-25T03:17:59.832847" level="INFO">False</msg>
<arg>${json_data}</arg>
<arg>results</arg>
<doc>Fails if ``key`` is not found from ``dictionary``.</doc>
<status status="PASS" start="2024-05-25T03:17:59.832693" elapsed="0.000191"/>
</kw>
<kw name="Should Not Be Empty" owner="BuiltIn">
<msg time="2024-05-25T03:17:59.833355" level="INFO">Length is 2.</msg>
<arg>${json_data}</arg>
<doc>Verifies that the given item is not empty.</doc>
<status status="PASS" start="2024-05-25T03:17:59.833225" elapsed="0.000168"/>
</kw>
<kw name="Create List" owner="BuiltIn">
<msg time="2024-05-25T03:17:59.833833" level="INFO">${expected_keys} = ['gender', 'name', 'location', 'email', 'login']</msg>
<var>${expected_keys}</var>
<arg>gender</arg>
<arg>name</arg>
<arg>location</arg>
<arg>email</arg>
<arg>login</arg>
<doc>Returns a list containing given items.</doc>
<status status="PASS" start="2024-05-25T03:17:59.833684" elapsed="0.000173"/>
</kw>
<for flavor="IN">
<iter>
<kw name="Dictionary Should Contain Key" owner="Collections">
<msg time="2024-05-25T03:17:59.834805" level="INFO">False</msg>
<arg>${json_data['results'][0]}</arg>
<arg>${key}</arg>
<doc>Fails if ``key`` is not found from ``dictionary``.</doc>
<status status="PASS" start="2024-05-25T03:17:59.834413" elapsed="0.000435"/>
</kw>
<kw name="Log" owner="BuiltIn">
<msg time="2024-05-25T03:17:59.835533" level="INFO">{'gender': 'male', 'name': {'title': 'Mr', 'first': 'Alfred', 'last': 'Pedersen'}, 'location': {'street': {'number': 9652, 'name': 'Sølystvej'}, 'city': 'Juelsminde', 'state': 'Danmark', 'country': 'Denmark', 'postcode': 52982, 'coordinates': {'latitude': '-40.1742', 'longitude': '-164.9556'}, 'timezone': {'offset': '+4:30', 'description': 'Kabul'}}, 'email': 'alfred.pedersen@example.com', 'login': {'uuid': '1bafd517-ef2d-4100-bc2a-d770e300017c', 'username': 'blackostrich869', 'password': 'silver', 'salt': '57iZgcaR', 'md5': '57c76c5ce911e161a58e4a8104fe2605', 'sha1': 'c89ed4f1ad5ccb954de7506c66f7495126b062a4', 'sha256': '7c94edd8bfb00c618f451391495df7fda715afef8524890bd56b9ee267eddab7'}, 'dob': {'date': '1969-09-25T20:06:13.546Z', 'age': 54}, 'registered': {'date': '2012-03-22T00:24:23.386Z', 'age': 12}, 'phone': '82000047', 'cell': '65760363', 'id': {'name': 'CPR', 'value': '250969-6242'}, 'picture': {'large': 'https://randomuser.me/api/portraits/men/3.jpg', 'medium': 'https://randomuser.me/api/portraits/med/men/3.jpg', 'thumbnail': 'https://randomuser.me/api/portraits/thumb/men/3.jpg'}, 'nat': 'DK'}</msg>
<arg>${json_data['results'][0]}</arg>
<doc>Logs the given message with the given level.</doc>
<status status="PASS" start="2024-05-25T03:17:59.835147" elapsed="0.000437"/>
</kw>
<kw name="Log" owner="BuiltIn">
<msg time="2024-05-25T03:17:59.836005" level="INFO">gender</msg>
<arg>${key}</arg>
<doc>Logs the given message with the given level.</doc>
<status status="PASS" start="2024-05-25T03:17:59.835878" elapsed="0.000164"/>
</kw>
<var name="${key}">gender</var>
<status status="PASS" start="2024-05-25T03:17:59.834290" elapsed="0.001966"/>
</iter>
<iter>
<kw name="Dictionary Should Contain Key" owner="Collections">
<msg time="2024-05-25T03:17:59.836946" level="INFO">False</msg>
<arg>${json_data['results'][0]}</arg>
<arg>${key}</arg>
<doc>Fails if ``key`` is not found from ``dictionary``.</doc>
<status status="PASS" start="2024-05-25T03:17:59.836557" elapsed="0.000426"/>
</kw>
<kw name="Log" owner="BuiltIn">
<msg time="2024-05-25T03:17:59.837861" level="INFO">{'gender': 'male', 'name': {'title': 'Mr', 'first': 'Alfred', 'last': 'Pedersen'}, 'location': {'street': {'number': 9652, 'name': 'Sølystvej'}, 'city': 'Juelsminde', 'state': 'Danmark', 'country': 'Denmark', 'postcode': 52982, 'coordinates': {'latitude': '-40.1742', 'longitude': '-164.9556'}, 'timezone': {'offset': '+4:30', 'description': 'Kabul'}}, 'email': 'alfred.pedersen@example.com', 'login': {'uuid': '1bafd517-ef2d-4100-bc2a-d770e300017c', 'username': 'blackostrich869', 'password': 'silver', 'salt': '57iZgcaR', 'md5': '57c76c5ce911e161a58e4a8104fe2605', 'sha1': 'c89ed4f1ad5ccb954de7506c66f7495126b062a4', 'sha256': '7c94edd8bfb00c618f451391495df7fda715afef8524890bd56b9ee267eddab7'}, 'dob': {'date': '1969-09-25T20:06:13.546Z', 'age': 54}, 'registered': {'date': '2012-03-22T00:24:23.386Z', 'age': 12}, 'phone': '82000047', 'cell': '65760363', 'id': {'name': 'CPR', 'value': '250969-6242'}, 'picture': {'large': 'https://randomuser.me/api/portraits/men/3.jpg', 'medium': 'https://randomuser.me/api/portraits/med/men/3.jpg', 'thumbnail': 'https://randomuser.me/api/portraits/thumb/men/3.jpg'}, 'nat': 'DK'}</msg>
<arg>${json_data['results'][0]}</arg>
<doc>Logs the given message with the given level.</doc>
<status status="PASS" start="2024-05-25T03:17:59.837343" elapsed="0.000569"/>
</kw>
<kw name="Log" owner="BuiltIn">
<msg time="2024-05-25T03:17:59.838350" level="INFO">name</msg>
<arg>${key}</arg>
<doc>Logs the given message with the given level.</doc>
<status status="PASS" start="2024-05-25T03:17:59.838218" elapsed="0.000171"/>
</kw>
<var name="${key}">name</var>
<status status="PASS" start="2024-05-25T03:17:59.836442" elapsed="0.002170"/>
</iter>
<iter>
<kw name="Dictionary Should Contain Key" owner="Collections">
<msg time="2024-05-25T03:17:59.839280" level="INFO">False</msg>
<arg>${json_data['results'][0]}</arg>
<arg>${key}</arg>
<doc>Fails if ``key`` is not found from ``dictionary``.</doc>
<status status="PASS" start="2024-05-25T03:17:59.838906" elapsed="0.000412"/>
</kw>
<kw name="Log" owner="BuiltIn">
<msg time="2024-05-25T03:17:59.839977" level="INFO">{'gender': 'male', 'name': {'title': 'Mr', 'first': 'Alfred', 'last': 'Pedersen'}, 'location': {'street': {'number': 9652, 'name': 'Sølystvej'}, 'city': 'Juelsminde', 'state': 'Danmark', 'country': 'Denmark', 'postcode': 52982, 'coordinates': {'latitude': '-40.1742', 'longitude': '-164.9556'}, 'timezone': {'offset': '+4:30', 'description': 'Kabul'}}, 'email': 'alfred.pedersen@example.com', 'login': {'uuid': '1bafd517-ef2d-4100-bc2a-d770e300017c', 'username': 'blackostrich869', 'password': 'silver', 'salt': '57iZgcaR', 'md5': '57c76c5ce911e161a58e4a8104fe2605', 'sha1': 'c89ed4f1ad5ccb954de7506c66f7495126b062a4', 'sha256': '7c94edd8bfb00c618f451391495df7fda715afef8524890bd56b9ee267eddab7'}, 'dob': {'date': '1969-09-25T20:06:13.546Z', 'age': 54}, 'registered': {'date': '2012-03-22T00:24:23.386Z', 'age': 12}, 'phone': '82000047', 'cell': '65760363', 'id': {'name': 'CPR', 'value': '250969-6242'}, 'picture': {'large': 'https://randomuser.me/api/portraits/men/3.jpg', 'medium': 'https://randomuser.me/api/portraits/med/men/3.jpg', 'thumbnail': 'https://randomuser.me/api/portraits/thumb/men/3.jpg'}, 'nat': 'DK'}</msg>
<arg>${json_data['results'][0]}</arg>
<doc>Logs the given message with the given level.</doc>
<status status="PASS" start="2024-05-25T03:17:59.839612" elapsed="0.000415"/>
</kw>
<kw name="Log" owner="BuiltIn">
<msg time="2024-05-25T03:17:59.840449" level="INFO">location</msg>
<arg>${key}</arg>
<doc>Logs the given message with the given level.</doc>
<status status="PASS" start="2024-05-25T03:17:59.840319" elapsed="0.000169"/>
</kw>
<var name="${key}">location</var>
<status status="PASS" start="2024-05-25T03:17:59.838794" elapsed="0.001910"/>
</iter>
<iter>
<kw name="Dictionary Should Contain Key" owner="Collections">
<msg time="2024-05-25T03:17:59.841505" level="INFO">False</msg>
<arg>${json_data['results'][0]}</arg>
<arg>${key}</arg>
<doc>Fails if ``key`` is not found from ``dictionary``.</doc>
<status status="PASS" start="2024-05-25T03:17:59.840988" elapsed="0.000556"/>
</kw>
<kw name="Log" owner="BuiltIn">
<msg time="2024-05-25T03:17:59.842204" level="INFO">{'gender': 'male', 'name': {'title': 'Mr', 'first': 'Alfred', 'last': 'Pedersen'}, 'location': {'street': {'number': 9652, 'name': 'Sølystvej'}, 'city': 'Juelsminde', 'state': 'Danmark', 'country': 'Denmark', 'postcode': 52982, 'coordinates': {'latitude': '-40.1742', 'longitude': '-164.9556'}, 'timezone': {'offset': '+4:30', 'description': 'Kabul'}}, 'email': 'alfred.pedersen@example.com', 'login': {'uuid': '1bafd517-ef2d-4100-bc2a-d770e300017c', 'username': 'blackostrich869', 'password': 'silver', 'salt': '57iZgcaR', 'md5': '57c76c5ce911e161a58e4a8104fe2605', 'sha1': 'c89ed4f1ad5ccb954de7506c66f7495126b062a4', 'sha256': '7c94edd8bfb00c618f451391495df7fda715afef8524890bd56b9ee267eddab7'}, 'dob': {'date': '1969-09-25T20:06:13.546Z', 'age': 54}, 'registered': {'date': '2012-03-22T00:24:23.386Z', 'age': 12}, 'phone': '82000047', 'cell': '65760363', 'id': {'name': 'CPR', 'value': '250969-6242'}, 'picture': {'large': 'https://randomuser.me/api/portraits/men/3.jpg', 'medium': 'https://randomuser.me/api/portraits/med/men/3.jpg', 'thumbnail': 'https://randomuser.me/api/portraits/thumb/men/3.jpg'}, 'nat': 'DK'}</msg>
<arg>${json_data['results'][0]}</arg>
<doc>Logs the given message with the given level.</doc>
<status status="PASS" start="2024-05-25T03:17:59.841845" elapsed="0.000409"/>
</kw>
<kw name="Log" owner="BuiltIn">
<msg time="2024-05-25T03:17:59.842674" level="INFO">email</msg>
<arg>${key}</arg>
<doc>Logs the given message with the given level.</doc>
<status status="PASS" start="2024-05-25T03:17:59.842548" elapsed="0.000163"/>
</kw>
<var name="${key}">email</var>
<status status="PASS" start="2024-05-25T03:17:59.840878" elapsed="0.002045"/>
</iter>
<iter>
<kw name="Dictionary Should Contain Key" owner="Collections">
<msg time="2024-05-25T03:17:59.843586" level="INFO">False</msg>
<arg>${json_data['results'][0]}</arg>
<arg>${key}</arg>
<doc>Fails if ``key`` is not found from ``dictionary``.</doc>
<status status="PASS" start="2024-05-25T03:17:59.843208" elapsed="0.000415"/>
</kw>
<kw name="Log" owner="BuiltIn">
<msg time="2024-05-25T03:17:59.844270" level="INFO">{'gender': 'male', 'name': {'title': 'Mr', 'first': 'Alfred', 'last': 'Pedersen'}, 'location': {'street': {'number': 9652, 'name': 'Sølystvej'}, 'city': 'Juelsminde', 'state': 'Danmark', 'country': 'Denmark', 'postcode': 52982, 'coordinates': {'latitude': '-40.1742', 'longitude': '-164.9556'}, 'timezone': {'offset': '+4:30', 'description': 'Kabul'}}, 'email': 'alfred.pedersen@example.com', 'login': {'uuid': '1bafd517-ef2d-4100-bc2a-d770e300017c', 'username': 'blackostrich869', 'password': 'silver', 'salt': '57iZgcaR', 'md5': '57c76c5ce911e161a58e4a8104fe2605', 'sha1': 'c89ed4f1ad5ccb954de7506c66f7495126b062a4', 'sha256': '7c94edd8bfb00c618f451391495df7fda715afef8524890bd56b9ee267eddab7'}, 'dob': {'date': '1969-09-25T20:06:13.546Z', 'age': 54}, 'registered': {'date': '2012-03-22T00:24:23.386Z', 'age': 12}, 'phone': '82000047', 'cell': '65760363', 'id': {'name': 'CPR', 'value': '250969-6242'}, 'picture': {'large': 'https://randomuser.me/api/portraits/men/3.jpg', 'medium': 'https://randomuser.me/api/portraits/med/men/3.jpg', 'thumbnail': 'https://randomuser.me/api/portraits/thumb/men/3.jpg'}, 'nat': 'DK'}</msg>
<arg>${json_data['results'][0]}</arg>
<doc>Logs the given message with the given level.</doc>
<status status="PASS" start="2024-05-25T03:17:59.843918" elapsed="0.000400"/>
</kw>
<kw name="Log" owner="BuiltIn">
<msg time="2024-05-25T03:17:59.844743" level="INFO">login</msg>
<arg>${key}</arg>
<doc>Logs the given message with the given level.</doc>
<status status="PASS" start="2024-05-25T03:17:59.844616" elapsed="0.000164"/>
</kw>
<var name="${key}">login</var>
<status status="PASS" start="2024-05-25T03:17:59.843098" elapsed="0.001917"/>
</iter>
<var>${key}</var>
<value>@{expected_keys}</value>
<status status="PASS" start="2024-05-25T03:17:59.834107" elapsed="0.011040"/>
</for>
<kw name="Create List" owner="BuiltIn">
<msg time="2024-05-25T03:17:59.845509" level="INFO">${expected_keysTwo} = ['username', 'password']</msg>
<var>${expected_keysTwo}</var>
<arg>username</arg>
<arg>password</arg>
<doc>Returns a list containing given items.</doc>
<status status="PASS" start="2024-05-25T03:17:59.845339" elapsed="0.000195"/>
</kw>
<for flavor="IN">
<iter>
<kw name="Dictionary Should Contain Key" owner="Collections">
<msg time="2024-05-25T03:17:59.846420" level="INFO">False</msg>
<arg>${json_data['results'][0]['login']}</arg>
<arg>${keyTwo}</arg>
<doc>Fails if ``key`` is not found from ``dictionary``.</doc>
<status status="PASS" start="2024-05-25T03:17:59.846034" elapsed="0.000423"/>
</kw>
<kw name="Dictionary Should Contain Key" owner="Collections">
<msg time="2024-05-25T03:17:59.847124" level="INFO">False</msg>
<arg>${json_data['results'][0]['login']}</arg>
<arg>${keyTwo}</arg>
<doc>Fails if ``key`` is not found from ``dictionary``.</doc>
<status status="PASS" start="2024-05-25T03:17:59.846751" elapsed="0.000411"/>
</kw>
<kw name="Log" owner="BuiltIn">
<msg time="2024-05-25T03:17:59.847576" level="INFO">username</msg>
<arg>${keyTwo}</arg>
<doc>Logs the given message with the given level.</doc>
<status status="PASS" start="2024-05-25T03:17:59.847451" elapsed="0.000163"/>
</kw>
<var name="${keyTwo}">username</var>
<status status="PASS" start="2024-05-25T03:17:59.845925" elapsed="0.001901"/>
</iter>
<iter>
<kw name="Dictionary Should Contain Key" owner="Collections">
<msg time="2024-05-25T03:17:59.848481" level="INFO">False</msg>
<arg>${json_data['results'][0]['login']}</arg>
<arg>${keyTwo}</arg>
<doc>Fails if ``key`` is not found from ``dictionary``.</doc>
<status status="PASS" start="2024-05-25T03:17:59.848107" elapsed="0.000412"/>
</kw>
<kw name="Dictionary Should Contain Key" owner="Collections">
<msg time="2024-05-25T03:17:59.849218" level="INFO">False</msg>
<arg>${json_data['results'][0]['login']}</arg>
<arg>${keyTwo}</arg>
<doc>Fails if ``key`` is not found from ``dictionary``.</doc>
<status status="PASS" start="2024-05-25T03:17:59.848810" elapsed="0.000445"/>
</kw>
<kw name="Log" owner="BuiltIn">
<msg time="2024-05-25T03:17:59.849672" level="INFO">password</msg>
<arg>${keyTwo}</arg>
<doc>Logs the given message with the given level.</doc>
<status status="PASS" start="2024-05-25T03:17:59.849547" elapsed="0.000164"/>
</kw>
<var name="${keyTwo}">password</var>
<status status="PASS" start="2024-05-25T03:17:59.847999" elapsed="0.001926"/>
</iter>
<var>${keyTwo}</var>
<value>@{expected_keysTwo}</value>
<status status="PASS" start="2024-05-25T03:17:59.845772" elapsed="0.004273"/>
</for>
<status status="PASS" start="2024-05-25T03:17:59.746183" elapsed="0.103999"/>
</kw>
<doc>Testa a estrutura da resposta da API.</doc>
<tag>testeEstruturaResposta</tag>
<status status="PASS" start="2024-05-25T03:17:59.745598" elapsed="0.104732"/>
</test>
<test id="s1-s1-t4" name="Validar tipos de dados" line="28">
<kw name="Teste de Tipos de Dados" owner="random-user-service">
<kw name="GET On Session" owner="RequestsLibrary">
<msg time="2024-05-25T03:17:59.929131" level="INFO">GET Request : url=https://randomuser.me/api 
 path_url=/api 
 headers={'User-Agent': 'python-requests/2.32.2', 'Accept-Encoding': 'gzip, deflate', 'Accept': '*/*', 'Connection': 'keep-alive'} 
 body=None 
 </msg>
<msg time="2024-05-25T03:17:59.929214" level="INFO">GET Response : url=https://randomuser.me/api 
 status=200, reason=OK 
 headers={'Date': 'Sat, 25 May 2024 03:17:59 GMT', 'Content-Type': 'application/json; charset=utf-8', 'Transfer-Encoding': 'chunked', 'Connection': 'keep-alive', 'X-Powered-By': 'Express', 'Access-Control-Allow-Origin': '*', 'Cache-Control': 'no-cache', 'ETag': 'W/"490-OsCjYL0mVUfa31GuTr3H7Pn/D+k"', 'Vary': 'Accept-Encoding', 'Content-Encoding': 'gzip', 'CF-Cache-Status': 'DYNAMIC', 'Report-To': '{"endpoints":[{"url":"https:\\/\\/a.nel.cloudflare.com\\/report\\/v4?s=O3ACnWMGaTQJ6d0Lxhbfp2ZH0cDEGYIjBa6SleGgSY6uuYAI5Q6O%2F1jdPvPFXAa2IjLLYT7StQrV3jhL2ggAfCez26jkopXK4IY33LHFgMbyC2ParMugt0mJC92YcYZm"}],"group":"cf-nel","max_age":604800}', 'NEL': '{"success_fraction":0,"report_to":"cf-nel","max_age":604800}', 'Server': 'cloudflare', 'CF-RAY': '8892602919178f48-ORD', 'alt-svc': 'h3=":443"; ma=86400'} 
 body={"results":[{"gender":"female","name":{"title":"Ms","first":"Sonia","last":"Harvey"},"location":{"street":{"number":8043,"name":"E Sandy Lake Rd"},"city":"Santa Ana","state":"Idaho","country":"United States","postcode":93573,"coordinates":{"latitude":"82.6608","longitude":"84.5929"},"timezone":{"offset":"-8:00","description":"Pacific Time (US &amp; Canada)"}},"email":"sonia.harvey@example.com","login":{"uuid":"d6f2c3c3-eaa6-42eb-85c3-249eca482347","username":"browncat337","password":"runaway","salt":"OPxk6RHt","md5":"1f08bc0c82c2c0109655674a050edaed","sha1":"67154a5fc1c66d07c209bb96846291d4a2c3a76f","sha256":"3a9a076e44d8804f6389f0c3cf4b0d5b1134aaa068317feacd7ffcf901625417"},"dob":{"date":"1978-07-06T20:27:26.023Z","age":45},"registered":{"date":"2020-08-18T18:55:44.298Z","age":3},"phone":"(735) 322-4435","cell":"(310) 726-3977","id":{"name":"SSN","value":"661-70-0033"},"picture":{"large":"https://randomuser.me/api/portraits/women/74.jpg","medium":"https://randomuser.me/api/portraits/med/women/74.jpg","thumbnail":"https://randomuser.me/api/portraits/thumb/women/74.jpg"},"nat":"US"}],"info":{"seed":"fc283144d85eb1ad","results":1,"page":1,"version":"1.4"}} 
 </msg>
<msg time="2024-05-25T03:17:59.929289" level="INFO">/opt/hostedtoolcache/Python/3.12.3/x64/lib/python3.12/site-packages/urllib3/connectionpool.py:1103: InsecureRequestWarning: Unverified HTTPS request is being made to host 'randomuser.me'. Adding certificate verification is strongly advised. See: https://urllib3.readthedocs.io/en/latest/advanced-usage.html#tls-warnings
  warnings.warn(</msg>
<msg time="2024-05-25T03:17:59.929404" level="INFO">${response} = &lt;Response [200]&gt;</msg>
<var>${response}</var>
<arg>consultarAPI</arg>
<arg>/api</arg>
<doc>Sends a GET request on a previously created HTTP Session.</doc>
<status status="PASS" start="2024-05-25T03:17:59.852819" elapsed="0.076629"/>
</kw>
<kw name="Set Variable" owner="BuiltIn">
<msg time="2024-05-25T03:17:59.930245" level="INFO">${json_data} = {'results': [{'gender': 'female', 'name': {'title': 'Ms', 'first': 'Sonia', 'last': 'Harvey'}, 'location': {'street': {'number': 8043, 'name': 'E Sandy Lake Rd'}, 'city': 'Santa Ana', 'state': 'Idaho'...</msg>
<var>${json_data}</var>
<arg>${response.json()}</arg>
<doc>Returns the given values which can then be assigned to a variables.</doc>
<status status="PASS" start="2024-05-25T03:17:59.929797" elapsed="0.000479"/>
</kw>
<kw name="Log" owner="BuiltIn">
<msg time="2024-05-25T03:17:59.930737" level="INFO">{'results': [{'gender': 'female', 'name': {'title': 'Ms', 'first': 'Sonia', 'last': 'Harvey'}, 'location': {'street': {'number': 8043, 'name': 'E Sandy Lake Rd'}, 'city': 'Santa Ana', 'state': 'Idaho', 'country': 'United States', 'postcode': 93573, 'coordinates': {'latitude': '82.6608', 'longitude': '84.5929'}, 'timezone': {'offset': '-8:00', 'description': 'Pacific Time (US &amp; Canada)'}}, 'email': 'sonia.harvey@example.com', 'login': {'uuid': 'd6f2c3c3-eaa6-42eb-85c3-249eca482347', 'username': 'browncat337', 'password': 'runaway', 'salt': 'OPxk6RHt', 'md5': '1f08bc0c82c2c0109655674a050edaed', 'sha1': '67154a5fc1c66d07c209bb96846291d4a2c3a76f', 'sha256': '3a9a076e44d8804f6389f0c3cf4b0d5b1134aaa068317feacd7ffcf901625417'}, 'dob': {'date': '1978-07-06T20:27:26.023Z', 'age': 45}, 'registered': {'date': '2020-08-18T18:55:44.298Z', 'age': 3}, 'phone': '(735) 322-4435', 'cell': '(310) 726-3977', 'id': {'name': 'SSN', 'value': '661-70-0033'}, 'picture': {'large': 'https://randomuser.me/api/portraits/women/74.jpg', 'medium': 'https://randomuser.me/api/portraits/med/women/74.jpg', 'thumbnail': 'https://randomuser.me/api/portraits/thumb/women/74.jpg'}, 'nat': 'US'}], 'info': {'seed': 'fc283144d85eb1ad', 'results': 1, 'page': 1, 'version': '1.4'}}</msg>
<arg>${json_data}</arg>
<doc>Logs the given message with the given level.</doc>
<status status="PASS" start="2024-05-25T03:17:59.930582" elapsed="0.000205"/>
</kw>
<kw name="Should Be String" owner="String">
<arg>${json_data['results'][0]['gender']}</arg>
<doc>Fails if the given ``item`` is not a string.</doc>
<status status="PASS" start="2024-05-25T03:17:59.931109" elapsed="0.000362"/>
</kw>
<kw name="Should Match Regexp" owner="BuiltIn">
<arg>${json_data['results'][0]['email']}</arg>
<arg>^[a-zA-Z0-9._%+-]+@[a-zA-Z0-9.-]+\.[a-zA-Z]{2,}$</arg>
<doc>Fails if ``string`` does not match ``pattern`` as a regular expression.</doc>
<status status="PASS" start="2024-05-25T03:17:59.931670" elapsed="0.000612"/>
</kw>
<kw name="Should Match Regexp" owner="BuiltIn">
<arg>${json_data['results'][0]['dob']['date']}</arg>
<arg>\\d{4}-\\d{2}-\\d{2}T\\d{2}:\\d{2}:\\d{2}\\.\\d{3}Z</arg>
<doc>Fails if ``string`` does not match ``pattern`` as a regular expression.</doc>
<status status="PASS" start="2024-05-25T03:17:59.932489" elapsed="0.000480"/>
</kw>
<kw name="Should Match Regexp" owner="BuiltIn">
<arg>${json_data['results'][0]['registered']['date']}</arg>
<arg>\\d{4}-\\d{2}-\\d{2}T\\d{2}:\\d{2}:\\d{2}\\.\\d{3}Z</arg>
<doc>Fails if ``string`` does not match ``pattern`` as a regular expression.</doc>
<status status="PASS" start="2024-05-25T03:17:59.933190" elapsed="0.000366"/>
</kw>
<kw name="Should Match Regexp" owner="BuiltIn">
<arg>${json_data['results'][0]['picture']['large']}</arg>
<arg>^https?://.*\.(?:png|jpe?g|gif|bmp)$</arg>
<doc>Fails if ``string`` does not match ``pattern`` as a regular expression.</doc>
<status status="PASS" start="2024-05-25T03:17:59.933745" elapsed="0.000455"/>
</kw>
<kw name="Should Match Regexp" owner="BuiltIn">
<arg>${json_data['results'][0]['picture']['medium']}</arg>
<arg>^https?://.*\.(?:png|jpe?g|gif|bmp)$</arg>
<doc>Fails if ``string`` does not match ``pattern`` as a regular expression.</doc>
<status status="PASS" start="2024-05-25T03:17:59.934390" elapsed="0.000355"/>
</kw>
<kw name="Should Match Regexp" owner="BuiltIn">
<arg>${json_data['results'][0]['picture']['thumbnail']}</arg>
<arg>^https?://.*\.(?:png|jpe?g|gif|bmp)$</arg>
<doc>Fails if ``string`` does not match ``pattern`` as a regular expression.</doc>
<status status="PASS" start="2024-05-25T03:17:59.934932" elapsed="0.000345"/>
</kw>
<kw name="Log" owner="BuiltIn">
<msg time="2024-05-25T03:17:59.935778" level="INFO">{'large': 'https://randomuser.me/api/portraits/women/74.jpg', 'medium': 'https://randomuser.me/api/portraits/med/women/74.jpg', 'thumbnail': 'https://randomuser.me/api/portraits/thumb/women/74.jpg'}</msg>
<arg>${json_data['results'][0]['picture']}</arg>
<doc>Logs the given message with the given level.</doc>
<status status="PASS" start="2024-05-25T03:17:59.935456" elapsed="0.000363"/>
</kw>
<status status="PASS" start="2024-05-25T03:17:59.852592" elapsed="0.083476"/>
</kw>
<kw name="Teste de Tipos de Dados - Postcode" owner="random-user-service">
<kw name="GET On Session" owner="RequestsLibrary">
<msg time="2024-05-25T03:18:00.033919" level="INFO">GET Request : url=https://randomuser.me/api 
 path_url=/api 
 headers={'User-Agent': 'python-requests/2.32.2', 'Accept-Encoding': 'gzip, deflate', 'Accept': '*/*', 'Connection': 'keep-alive'} 
 body=None 
 </msg>
<msg time="2024-05-25T03:18:00.034001" level="INFO">GET Response : url=https://randomuser.me/api 
 status=200, reason=OK 
 headers={'Date': 'Sat, 25 May 2024 03:18:00 GMT', 'Content-Type': 'application/json; charset=utf-8', 'Transfer-Encoding': 'chunked', 'Connection': 'keep-alive', 'X-Powered-By': 'Express', 'Access-Control-Allow-Origin': '*', 'Cache-Control': 'no-cache', 'ETag': 'W/"46e-BrWLWWJqvgFvb/e3kKI/tQb4QrY"', 'Vary': 'Accept-Encoding', 'Content-Encoding': 'gzip', 'CF-Cache-Status': 'DYNAMIC', 'Report-To': '{"endpoints":[{"url":"https:\\/\\/a.nel.cloudflare.com\\/report\\/v4?s=AIgopsT2jfRq1NuWbaNAQ5B2KeliS23NKQzOFBgc%2FLNQMSNbntbIiEeGC7O3%2FTKVX%2BAdHyzm0hz2%2BnCThBoPYNDBii9D94UGXnDupo9MbAHQDerHVf5jtIFi95B%2FvQRS"}],"group":"cf-nel","max_age":604800}', 'NEL': '{"success_fraction":0,"report_to":"cf-nel","max_age":604800}', 'Server': 'cloudflare', 'CF-RAY': '8892602999c88f48-ORD', 'alt-svc': 'h3=":443"; ma=86400'} 
 body={"results":[{"gender":"female","name":{"title":"Miss","first":"Megan","last":"Sanders"},"location":{"street":{"number":2270,"name":"Mill Road"},"city":"Tramore","state":"Cork","country":"Ireland","postcode":59336,"coordinates":{"latitude":"-0.1488","longitude":"105.9097"},"timezone":{"offset":"-10:00","description":"Hawaii"}},"email":"megan.sanders@example.com","login":{"uuid":"bd3136e1-86d2-44e5-abcb-c45e4afdb5ae","username":"redpeacock341","password":"roberto","salt":"x1kr6xyT","md5":"15e19e50369032a4b2148bdbf684f4fc","sha1":"99ae31acb97e44bd6cc98982eaf44d5513971925","sha256":"d7a5e080cfb67daa094c2744faaba509b1088a7ccca2d1d18bdfc05e0d6679ca"},"dob":{"date":"1963-06-20T08:42:23.690Z","age":60},"registered":{"date":"2020-04-27T12:16:48.222Z","age":4},"phone":"051-987-3693","cell":"081-343-9194","id":{"name":"PPS","value":"8412042T"},"picture":{"large":"https://randomuser.me/api/portraits/women/28.jpg","medium":"https://randomuser.me/api/portraits/med/women/28.jpg","thumbnail":"https://randomuser.me/api/portraits/thumb/women/28.jpg"},"nat":"IE"}],"info":{"seed":"96ab22d74a12d2b6","results":1,"page":1,"version":"1.4"}} 
 </msg>
<msg time="2024-05-25T03:18:00.034073" level="INFO">/opt/hostedtoolcache/Python/3.12.3/x64/lib/python3.12/site-packages/urllib3/connectionpool.py:1103: InsecureRequestWarning: Unverified HTTPS request is being made to host 'randomuser.me'. Adding certificate verification is strongly advised. See: https://urllib3.readthedocs.io/en/latest/advanced-usage.html#tls-warnings
  warnings.warn(</msg>
<msg time="2024-05-25T03:18:00.034183" level="INFO">${response} = &lt;Response [200]&gt;</msg>
<var>${response}</var>
<arg>consultarAPI</arg>
<arg>/api</arg>
<doc>Sends a GET request on a previously created HTTP Session.</doc>
<status status="PASS" start="2024-05-25T03:17:59.936492" elapsed="0.097732"/>
</kw>
<kw name="Set Variable" owner="BuiltIn">
<msg time="2024-05-25T03:18:00.035156" level="INFO">${json_data} = {'results': [{'gender': 'female', 'name': {'title': 'Miss', 'first': 'Megan', 'last': 'Sanders'}, 'location': {'street': {'number': 2270, 'name': 'Mill Road'}, 'city': 'Tramore', 'state': 'Cork', 'cou...</msg>
<var>${json_data}</var>
<arg>${response.json()}</arg>
<doc>Returns the given values which can then be assigned to a variables.</doc>
<status status="PASS" start="2024-05-25T03:18:00.034711" elapsed="0.000473"/>
</kw>
<kw name="Log" owner="BuiltIn">
<msg time="2024-05-25T03:18:00.035647" level="INFO">{'results': [{'gender': 'female', 'name': {'title': 'Miss', 'first': 'Megan', 'last': 'Sanders'}, 'location': {'street': {'number': 2270, 'name': 'Mill Road'}, 'city': 'Tramore', 'state': 'Cork', 'country': 'Ireland', 'postcode': 59336, 'coordinates': {'latitude': '-0.1488', 'longitude': '105.9097'}, 'timezone': {'offset': '-10:00', 'description': 'Hawaii'}}, 'email': 'megan.sanders@example.com', 'login': {'uuid': 'bd3136e1-86d2-44e5-abcb-c45e4afdb5ae', 'username': 'redpeacock341', 'password': 'roberto', 'salt': 'x1kr6xyT', 'md5': '15e19e50369032a4b2148bdbf684f4fc', 'sha1': '99ae31acb97e44bd6cc98982eaf44d5513971925', 'sha256': 'd7a5e080cfb67daa094c2744faaba509b1088a7ccca2d1d18bdfc05e0d6679ca'}, 'dob': {'date': '1963-06-20T08:42:23.690Z', 'age': 60}, 'registered': {'date': '2020-04-27T12:16:48.222Z', 'age': 4}, 'phone': '051-987-3693', 'cell': '081-343-9194', 'id': {'name': 'PPS', 'value': '8412042T'}, 'picture': {'large': 'https://randomuser.me/api/portraits/women/28.jpg', 'medium': 'https://randomuser.me/api/portraits/med/women/28.jpg', 'thumbnail': 'https://randomuser.me/api/portraits/thumb/women/28.jpg'}, 'nat': 'IE'}], 'info': {'seed': '96ab22d74a12d2b6', 'results': 1, 'page': 1, 'version': '1.4'}}</msg>
<arg>${json_data}</arg>
<doc>Logs the given message with the given level.</doc>
<status status="PASS" start="2024-05-25T03:18:00.035495" elapsed="0.000200"/>
</kw>
<kw name="Should Be Equal As Numbers" owner="BuiltIn">
<arg>${json_data['results'][0]['location']['postcode']}</arg>
<arg>${json_data['results'][0]['location']['postcode']}</arg>
<doc>Fails if objects are unequal after converting them to real numbers.</doc>
<status status="PASS" start="2024-05-25T03:18:00.035988" elapsed="0.000632"/>
</kw>
<kw name="Log" owner="BuiltIn">
<msg time="2024-05-25T03:18:00.037265" level="INFO">59336</msg>
<arg>${json_data['results'][0]['location']['postcode']}</arg>
<doc>Logs the given message with the given level.</doc>
<status status="PASS" start="2024-05-25T03:18:00.036846" elapsed="0.000463"/>
</kw>
<status status="PASS" start="2024-05-25T03:17:59.936275" elapsed="0.101293"/>
</kw>
<doc>Testa se os tipos de dados na resposta da API estão corretos.</doc>
<tag>testeTiposDados</tag>
<status status="PASS" start="2024-05-25T03:17:59.852061" elapsed="0.185665"/>
</test>
<test id="s1-s1-t5" name="Validar conteudo" line="35">
<kw name="Teste de Tipos de Conteudo" owner="random-user-service">
<kw name="GET On Session" owner="RequestsLibrary">
<msg time="2024-05-25T03:18:00.129511" level="INFO">GET Request : url=https://randomuser.me/api 
 path_url=/api 
 headers={'User-Agent': 'python-requests/2.32.2', 'Accept-Encoding': 'gzip, deflate', 'Accept': '*/*', 'Connection': 'keep-alive'} 
 body=None 
 </msg>
<msg time="2024-05-25T03:18:00.129589" level="INFO">GET Response : url=https://randomuser.me/api 
 status=200, reason=OK 
 headers={'Date': 'Sat, 25 May 2024 03:18:00 GMT', 'Content-Type': 'application/json; charset=utf-8', 'Transfer-Encoding': 'chunked', 'Connection': 'keep-alive', 'X-Powered-By': 'Express', 'Access-Control-Allow-Origin': '*', 'Cache-Control': 'no-cache', 'ETag': 'W/"482-7jnaRnpSCgQHgiDvlZooJUsPjbw"', 'Vary': 'Accept-Encoding', 'Content-Encoding': 'gzip', 'CF-Cache-Status': 'DYNAMIC', 'Report-To': '{"endpoints":[{"url":"https:\\/\\/a.nel.cloudflare.com\\/report\\/v4?s=3SWg2IM9T4r1d4r%2B8Tr2VctCuXmBvDv36DO79EIqIrdWyZ9jPU3p%2FehHQCImsOKAZwVfKevDaQCNgB%2BgjqW1ZgbWOTlKbxRSRMx0kVpoWfY5S72GKdKH9sC0AeU7n1B4"}],"group":"cf-nel","max_age":604800}', 'NEL': '{"success_fraction":0,"report_to":"cf-nel","max_age":604800}', 'Server': 'cloudflare', 'CF-RAY': '8892602a4a7a8f48-ORD', 'alt-svc': 'h3=":443"; ma=86400'} 
 body={"results":[{"gender":"male","name":{"title":"Mr","first":"Barry","last":"Nichols"},"location":{"street":{"number":8825,"name":"Manor Road"},"city":"Gorey","state":"Wicklow","country":"Ireland","postcode":34622,"coordinates":{"latitude":"0.4126","longitude":"-48.1653"},"timezone":{"offset":"-6:00","description":"Central Time (US &amp; Canada), Mexico City"}},"email":"barry.nichols@example.com","login":{"uuid":"1a3e66f4-e8fe-40bf-88b4-18f1a8fb68ad","username":"sadelephant196","password":"legend","salt":"6H94bT0V","md5":"a1a1215174a3a981ccfd1c64cc5f1bb6","sha1":"42992c2e2c7979de6e0c3a1b668b387afc189757","sha256":"15d77fb9406509b5dde8ac0022fc10e3c6dec5ed6bae987199dc33534ffff0d9"},"dob":{"date":"1973-02-12T11:03:43.968Z","age":51},"registered":{"date":"2021-06-01T07:00:46.609Z","age":2},"phone":"051-596-4568","cell":"081-201-0408","id":{"name":"PPS","value":"3651140T"},"picture":{"large":"https://randomuser.me/api/portraits/men/9.jpg","medium":"https://randomuser.me/api/portraits/med/men/9.jpg","thumbnail":"https://randomuser.me/api/portraits/thumb/men/9.jpg"},"nat":"IE"}],"info":{"seed":"b2185488462a26c9","results":1,"page":1,"version":"1.4"}} 
 </msg>
<msg time="2024-05-25T03:18:00.129658" level="INFO">/opt/hostedtoolcache/Python/3.12.3/x64/lib/python3.12/site-packages/urllib3/connectionpool.py:1103: InsecureRequestWarning: Unverified HTTPS request is being made to host 'randomuser.me'. Adding certificate verification is strongly advised. See: https://urllib3.readthedocs.io/en/latest/advanced-usage.html#tls-warnings
  warnings.warn(</msg>
<msg time="2024-05-25T03:18:00.129774" level="INFO">${response} = &lt;Response [200]&gt;</msg>
<var>${response}</var>
<arg>consultarAPI</arg>
<arg>/api</arg>
<doc>Sends a GET request on a previously created HTTP Session.</doc>
<status status="PASS" start="2024-05-25T03:18:00.040459" elapsed="0.089358"/>
</kw>
<kw name="Set Variable" owner="BuiltIn">
<msg time="2024-05-25T03:18:00.130867" level="INFO">${json_data} = {'results': [{'gender': 'male', 'name': {'title': 'Mr', 'first': 'Barry', 'last': 'Nichols'}, 'location': {'street': {'number': 8825, 'name': 'Manor Road'}, 'city': 'Gorey', 'state': 'Wicklow', 'count...</msg>
<var>${json_data}</var>
<arg>${response.json()}</arg>
<doc>Returns the given values which can then be assigned to a variables.</doc>
<status status="PASS" start="2024-05-25T03:18:00.130283" elapsed="0.000614"/>
</kw>
<kw name="Set Variable" owner="BuiltIn">
<msg time="2024-05-25T03:18:00.131596" level="INFO">${name_title} = Mr</msg>
<var>${name_title}</var>
<arg>${json_data["results"][0]["name"]["title"]}</arg>
<doc>Returns the given values which can then be assigned to a variables.</doc>
<status status="PASS" start="2024-05-25T03:18:00.131207" elapsed="0.000415"/>
</kw>
<kw name="Create List" owner="BuiltIn">
<msg time="2024-05-25T03:18:00.132073" level="INFO">${allowed_titles} = ['Mr', 'Ms', 'Miss', 'Mrs', 'Madame', 'Monsieur']</msg>
<var>${allowed_titles}</var>
<arg>Mr</arg>
<arg>Ms</arg>
<arg>Miss</arg>
<arg>Mrs</arg>
<arg>Madame</arg>
<arg>Monsieur</arg>
<doc>Returns a list containing given items.</doc>
<status status="PASS" start="2024-05-25T03:18:00.131924" elapsed="0.000174"/>
</kw>
<kw name="List Should Contain Value" owner="Collections">
<msg time="2024-05-25T03:18:00.132576" level="INFO">False</msg>
<arg>${allowed_titles}</arg>
<arg>${name_title}</arg>
<doc>Fails if the ``value`` is not found from ``list``.</doc>
<status status="PASS" start="2024-05-25T03:18:00.132398" elapsed="0.000214"/>
</kw>
<kw name="Set Variable" owner="BuiltIn">
<msg time="2024-05-25T03:18:00.133448" level="INFO">${name_country} = IE</msg>
<var>${name_country}</var>
<arg>${json_data["results"][0]["nat"]}</arg>
<doc>Returns the given values which can then be assigned to a variables.</doc>
<status status="PASS" start="2024-05-25T03:18:00.132901" elapsed="0.000573"/>
</kw>
<kw name="Create List" owner="BuiltIn">
<msg time="2024-05-25T03:18:00.134384" level="INFO">${list_country} = ['AD', 'AE', 'AF', 'AG', 'AI', 'AL', 'AM', 'AO', 'AQ', 'AR', 'AS', 'AT', 'AU', 'AW', 'AX', 'AZ', 'BA', 'BB', 'BD', 'BE', 'BF', 'BG', 'BH', 'BI', 'BJ', 'BL', 'BM', 'BN', 'BO', 'BQ', 'BR', 'BS', 'BT', '...</msg>
<var>${list_country}</var>
<arg>AD</arg>
<arg>AE</arg>
<arg>AF</arg>
<arg>AG</arg>
<arg>AI</arg>
<arg>AL</arg>
<arg>AM</arg>
<arg>AO</arg>
<arg>AQ</arg>
<arg>AR</arg>
<arg>AS</arg>
<arg>AT</arg>
<arg>AU</arg>
<arg>AW</arg>
<arg>AX</arg>
<arg>AZ</arg>
<arg>BA</arg>
<arg>BB</arg>
<arg>BD</arg>
<arg>BE</arg>
<arg>BF</arg>
<arg>BG</arg>
<arg>BH</arg>
<arg>BI</arg>
<arg>BJ</arg>
<arg>BL</arg>
<arg>BM</arg>
<arg>BN</arg>
<arg>BO</arg>
<arg>BQ</arg>
<arg>BR</arg>
<arg>BS</arg>
<arg>BT</arg>
<arg>BV</arg>
<arg>BW</arg>
<arg>BY</arg>
<arg>BZ</arg>
<arg>CA</arg>
<arg>CC</arg>
<arg>CD</arg>
<arg>CF</arg>
<arg>CG</arg>
<arg>CH</arg>
<arg>CI</arg>
<arg>CK</arg>
<arg>CL</arg>
<arg>CM</arg>
<arg>CN</arg>
<arg>CO</arg>
<arg>CR</arg>
<arg>CU</arg>
<arg>CV</arg>
<arg>CW</arg>
<arg>CX</arg>
<arg>CY</arg>
<arg>CZ</arg>
<arg>DE</arg>
<arg>DJ</arg>
<arg>DK</arg>
<arg>DM</arg>
<arg>DO</arg>
<arg>DZ</arg>
<arg>EC</arg>
<arg>EE</arg>
<arg>EG</arg>
<arg>EH</arg>
<arg>ER</arg>
<arg>ES</arg>
<arg>ET</arg>
<arg>FI</arg>
<arg>FJ</arg>
<arg>FK</arg>
<arg>FM</arg>
<arg>FO</arg>
<arg>FR</arg>
<arg>GA</arg>
<arg>GB</arg>
<arg>GD</arg>
<arg>GE</arg>
<arg>GF</arg>
<arg>GG</arg>
<arg>GH</arg>
<arg>GI</arg>
<arg>GL</arg>
<arg>GM</arg>
<arg>GN</arg>
<arg>GP</arg>
<arg>GQ</arg>
<arg>GR</arg>
<arg>GS</arg>
<arg>GT</arg>
<arg>GU</arg>
<arg>GW</arg>
<arg>GY</arg>
<arg>HK</arg>
<arg>HM</arg>
<arg>HN</arg>
<arg>HR</arg>
<arg>HT</arg>
<arg>HU</arg>
<arg>ID</arg>
<arg>IE</arg>
<arg>IL</arg>
<arg>IM</arg>
<arg>IN</arg>
<arg>IO</arg>
<arg>IQ</arg>
<arg>IR</arg>
<arg>IS</arg>
<arg>IT</arg>
<arg>JE</arg>
<arg>JM</arg>
<arg>JO</arg>
<arg>JP</arg>
<arg>KE</arg>
<arg>KG</arg>
<arg>KH</arg>
<arg>KI</arg>
<arg>KM</arg>
<arg>KN</arg>
<arg>KP</arg>
<arg>KR</arg>
<arg>KW</arg>
<arg>KY</arg>
<arg>KZ</arg>
<arg>LA</arg>
<arg>LB</arg>
<arg>LC</arg>
<arg>LI</arg>
<arg>LK</arg>
<arg>LR</arg>
<arg>LS</arg>
<arg>LT</arg>
<arg>LU</arg>
<arg>LV</arg>
<arg>LY</arg>
<arg>MA</arg>
<arg>MC</arg>
<arg>MD</arg>
<arg>ME</arg>
<arg>MF</arg>
<arg>MG</arg>
<arg>MH</arg>
<arg>MK</arg>
<arg>ML</arg>
<arg>MM</arg>
<arg>MN</arg>
<arg>MO</arg>
<arg>MP</arg>
<arg>MQ</arg>
<arg>MR</arg>
<arg>MS</arg>
<arg>MT</arg>
<arg>MU</arg>
<arg>MV</arg>
<arg>MW</arg>
<arg>MX</arg>
<arg>MY</arg>
<arg>MZ</arg>
<arg>NA</arg>
<arg>NC</arg>
<arg>NE</arg>
<arg>NF</arg>
<arg>NG</arg>
<arg>NI</arg>
<arg>NL</arg>
<arg>NO</arg>
<arg>NP</arg>
<arg>NR</arg>
<arg>NU</arg>
<arg>NZ</arg>
<arg>OM</arg>
<arg>PA</arg>
<arg>PE</arg>
<arg>PF</arg>
<arg>PG</arg>
<arg>PH</arg>
<arg>PK</arg>
<arg>PL</arg>
<arg>PM</arg>
<arg>PN</arg>
<arg>PR</arg>
<arg>PS</arg>
<arg>PT</arg>
<arg>PW</arg>
<arg>PY</arg>
<arg>QA</arg>
<arg>RE</arg>
<arg>RO</arg>
<arg>RS</arg>
<arg>RU</arg>
<arg>RW</arg>
<arg>SA</arg>
<arg>SB</arg>
<arg>SC</arg>
<arg>SD</arg>
<arg>SE</arg>
<arg>SG</arg>
<arg>SH</arg>
<arg>SI</arg>
<arg>SJ</arg>
<arg>SK</arg>
<arg>SL</arg>
<arg>SM</arg>
<arg>SN</arg>
<arg>SO</arg>
<arg>SR</arg>
<arg>SS</arg>
<arg>ST</arg>
<arg>SV</arg>
<arg>SX</arg>
<arg>SY</arg>
<arg>SZ</arg>
<arg>TC</arg>
<arg>TD</arg>
<arg>TF</arg>
<arg>TG</arg>
<arg>TH</arg>
<arg>TJ</arg>
<arg>TK</arg>
<arg>TL</arg>
<arg>TM</arg>
<arg>TN</arg>
<arg>TO</arg>
<arg>TR</arg>
<arg>TT</arg>
<arg>TV</arg>
<arg>TW</arg>
<arg>TZ</arg>
<arg>UA</arg>
<arg>UG</arg>
<arg>UM</arg>
<arg>US</arg>
<arg>UY</arg>
<arg>UZ</arg>
<arg>VA</arg>
<arg>VC</arg>
<arg>VE</arg>
<arg>VG</arg>
<arg>VI</arg>
<arg>VN</arg>
<arg>VU</arg>
<arg>WF</arg>
<arg>WS</arg>
<arg>XK</arg>
<arg>YE</arg>
<arg>YT</arg>
<arg>ZA</arg>
<arg>ZM</arg>
<arg>ZW</arg>
<doc>Returns a list containing given items.</doc>
<status status="PASS" start="2024-05-25T03:18:00.133787" elapsed="0.000623"/>
</kw>
<kw name="List Should Contain Value" owner="Collections">
<msg time="2024-05-25T03:18:00.135399" level="INFO">False</msg>
<arg>${list_country}</arg>
<arg>${name_country}</arg>
<doc>Fails if the ``value`` is not found from ``list``.</doc>
<status status="PASS" start="2024-05-25T03:18:00.135196" elapsed="0.000240"/>
</kw>
<kw name="Run Keyword If" owner="BuiltIn">
<kw name="Should Be True" owner="BuiltIn">
<arg>${True}</arg>
<doc>Fails if the given condition is not true.</doc>
<status status="PASS" start="2024-05-25T03:18:00.136515" elapsed="0.000145"/>
</kw>
<arg>${json_data["results"][0]["location"]["coordinates"]["latitude"]} &gt;= -90 and ${json_data["results"][0]["location"]["coordinates"]["latitude"]} &lt;= 90</arg>
<arg>Should Be True</arg>
<arg>${True}</arg>
<doc>Runs the given keyword with the given arguments, if ``condition`` is true.</doc>
<status status="PASS" start="2024-05-25T03:18:00.135743" elapsed="0.001047"/>
</kw>
<kw name="Run Keyword If" owner="BuiltIn">
<kw name="Should Be True" owner="BuiltIn">
<arg>${True}</arg>
<doc>Fails if the given condition is not true.</doc>
<status status="PASS" start="2024-05-25T03:18:00.137702" elapsed="0.000137"/>
</kw>
<arg>${json_data["results"][0]["location"]["coordinates"]["longitude"]} &gt;= -180 and ${json_data["results"][0]["location"]["coordinates"]["longitude"]} &lt;= 180</arg>
<arg>Should Be True</arg>
<arg>${True}</arg>
<doc>Runs the given keyword with the given arguments, if ``condition`` is true.</doc>
<status status="PASS" start="2024-05-25T03:18:00.136975" elapsed="0.000987"/>
</kw>
<status status="PASS" start="2024-05-25T03:18:00.040091" elapsed="0.097996"/>
</kw>
<doc>Testa o conteúdo específico dos campos retornados pela API.</doc>
<tag>testeConteudo</tag>
<status status="PASS" start="2024-05-25T03:18:00.039453" elapsed="0.098778"/>
</test>
<status status="PASS" start="2024-05-25T03:17:59.264319" elapsed="0.875825"/>
</suite>
<status status="PASS" start="2024-05-25T03:17:59.250864" elapsed="0.894443"/>
</suite>
<statistics>
<total>
<stat pass="5" fail="0" skip="0">All Tests</stat>
</total>
<tag>
<stat pass="1" fail="0" skip="0">testeConteudo</stat>
<stat pass="1" fail="0" skip="0">testeEstruturaResposta</stat>
<stat pass="1" fail="0" skip="0">testeRequisicaoBasica</stat>
<stat pass="1" fail="0" skip="0">testeTiposDados</stat>
</tag>
<suite>
<stat pass="5" fail="0" skip="0" id="s1" name="Tests">Tests</stat>
<stat pass="5" fail="0" skip="0" id="s1-s1" name="Random-User-Test">Tests.Random-User-Test</stat>
</suite>
</statistics>
<errors>
</errors>
</robot>
