<?xml version="1.0" encoding="UTF-8"?>
<robot generator="Robot 7.0 (Python 3.12.2 on linux)" generated="2024-04-12T11:14:06.084283" rpa="false" schemaversion="5">
<suite id="s1" name="Tests" source="/home/runner/work/DesafioQAItauRogerioJordao/DesafioQAItauRogerioJordao/RamdonUser/tests">
<suite id="s1-s1" name="Random-User-Test" source="/home/runner/work/DesafioQAItauRogerioJordao/DesafioQAItauRogerioJordao/RamdonUser/tests/random-user-test.robot">
<test id="s1-s1-t1" name="Conectar" line="13">
<kw name="Conectar API" owner="random-user-service">
<kw name="Create Session" owner="RequestsLibrary">
<msg time="2024-04-12T11:14:06.477426" level="INFO">Creating Session using : alias=consultarAPI, url=https://randomuser.me/, headers={},                     cookies={}, auth=None, timeout=None, proxies=None, verify=False,                     debug=0 </msg>
<arg>consultarAPI</arg>
<arg>${URL}</arg>
<doc>Create Session: create a HTTP session to a server</doc>
<status status="PASS" start="2024-04-12T11:14:06.477150" elapsed="0.000489"/>
</kw>
<status status="PASS" start="2024-04-12T11:14:06.476002" elapsed="0.002031"/>
</kw>
<status status="PASS" start="2024-04-12T11:14:06.475308" elapsed="0.002943"/>
</test>
<test id="s1-s1-t2" name="Validar retorno 200 e JSON Válido" line="16">
<kw name="Teste de Requisicao Basica" owner="random-user-service">
<kw name="GET On Session" owner="RequestsLibrary">
<msg time="2024-04-12T11:14:06.653806" level="INFO">GET Request : url=https://randomuser.me/api 
 path_url=/api 
 headers={'User-Agent': 'python-requests/2.31.0', 'Accept-Encoding': 'gzip, deflate', 'Accept': '*/*', 'Connection': 'keep-alive'} 
 body=None 
 </msg>
<msg time="2024-04-12T11:14:06.653988" level="INFO">GET Response : url=https://randomuser.me/api 
 status=200, reason=OK 
 headers={'Date': 'Fri, 12 Apr 2024 11:14:06 GMT', 'Content-Type': 'application/json; charset=utf-8', 'Transfer-Encoding': 'chunked', 'Connection': 'keep-alive', 'X-Powered-By': 'Express', 'Access-Control-Allow-Origin': '*', 'Cache-Control': 'no-cache', 'ETag': 'W/"46f-FP/PxnZ/xtnvogdhJgj2kK5OUTE"', 'Vary': 'Accept-Encoding', 'Content-Encoding': 'gzip', 'CF-Cache-Status': 'DYNAMIC', 'Report-To': '{"endpoints":[{"url":"https:\\/\\/a.nel.cloudflare.com\\/report\\/v4?s=mv8AuwWRksPlR4FYQZWan4pzXiHkxhfTPyLGZIhdZwybHFsS3i7XO8KmaJifp%2F%2BlmSIFLGTw4rcbG80e27KupBiH1z2jH5YMotDK1ogkZFBX4TlMj%2Fexqq%2Fv5V9YqDNK"}],"group":"cf-nel","max_age":604800}', 'NEL': '{"success_fraction":0,"report_to":"cf-nel","max_age":604800}', 'Server': 'cloudflare', 'CF-RAY': '8732ca7758712066-IAD', 'alt-svc': 'h3=":443"; ma=86400'} 
 body={"results":[{"gender":"male","name":{"title":"Mr","first":"Jonathan","last":"Nielsen"},"location":{"street":{"number":5507,"name":"Kornblomstvej"},"city":"Assens","state":"Sjælland","country":"Denmark","postcode":36611,"coordinates":{"latitude":"-43.5037","longitude":"-154.7403"},"timezone":{"offset":"-9:00","description":"Alaska"}},"email":"jonathan.nielsen@example.com","login":{"uuid":"7a1871c4-c4bc-4194-8b0e-a28310c710e2","username":"angrywolf684","password":"pimpdadd","salt":"WsRVfMtt","md5":"28e8df7b41b4832a2fbedae642d3b9f6","sha1":"96f8a5921aeb180c88feda61590c7013774f157b","sha256":"5fe1a94cc740cb34225209f5d3ac2c42394573c2a8c2dbd85ec07e576f2bd02c"},"dob":{"date":"1952-12-26T23:48:01.560Z","age":71},"registered":{"date":"2012-06-02T08:09:04.931Z","age":11},"phone":"00740081","cell":"52057755","id":{"name":"CPR","value":"261252-2549"},"picture":{"large":"https://randomuser.me/api/portraits/men/23.jpg","medium":"https://randomuser.me/api/portraits/med/men/23.jpg","thumbnail":"https://randomuser.me/api/portraits/thumb/men/23.jpg"},"nat":"DK"}],"info":{"seed":"08fda7181b0153a4","results":1,"page":1,"version":"1.4"}} 
 </msg>
<msg time="2024-04-12T11:14:06.654089" level="INFO">/opt/hostedtoolcache/Python/3.12.2/x64/lib/python3.12/site-packages/urllib3/connectionpool.py:1103: InsecureRequestWarning: Unverified HTTPS request is being made to host 'randomuser.me'. Adding certificate verification is strongly advised. See: https://urllib3.readthedocs.io/en/latest/advanced-usage.html#tls-warnings
  warnings.warn(</msg>
<msg time="2024-04-12T11:14:06.654251" level="INFO">${response} = &lt;Response [200]&gt;</msg>
<var>${response}</var>
<arg>consultarAPI</arg>
<arg>/api</arg>
<doc>Sends a GET request on a previously created HTTP Session.</doc>
<status status="PASS" start="2024-04-12T11:14:06.481071" elapsed="0.173224"/>
</kw>
<kw name="Should Be Equal As Numbers" owner="BuiltIn">
<msg time="2024-04-12T11:14:06.655729" level="INFO">Argument types are:
&lt;class 'int'&gt;
&lt;class 'str'&gt;</msg>
<arg>${response.status_code}</arg>
<arg>200</arg>
<doc>Fails if objects are unequal after converting them to real numbers.</doc>
<status status="PASS" start="2024-04-12T11:14:06.655085" elapsed="0.000717"/>
</kw>
<kw name="Log" owner="BuiltIn">
<msg time="2024-04-12T11:14:06.656650" level="INFO">200</msg>
<arg>${response.status_code}</arg>
<doc>Logs the given message with the given level.</doc>
<status status="PASS" start="2024-04-12T11:14:06.656237" elapsed="0.000461"/>
</kw>
<kw name="Set Variable" owner="BuiltIn">
<msg time="2024-04-12T11:14:06.657551" level="INFO">${json_data} = {'results': [{'gender': 'male', 'name': {'title': 'Mr', 'first': 'Jonathan', 'last': 'Nielsen'}, 'location': {'street': {'number': 5507, 'name': 'Kornblomstvej'}, 'city': 'Assens', 'state': 'Sjælland'...</msg>
<var>${json_data}</var>
<arg>${response.json()}</arg>
<doc>Returns the given values which can then be assigned to a variables.</doc>
<status status="PASS" start="2024-04-12T11:14:06.657069" elapsed="0.000512"/>
</kw>
<kw name="Dictionary Should Contain Key" owner="Collections">
<msg time="2024-04-12T11:14:06.658091" level="INFO">False</msg>
<arg>${json_data}</arg>
<arg>results</arg>
<doc>Fails if ``key`` is not found from ``dictionary``.</doc>
<status status="PASS" start="2024-04-12T11:14:06.657908" elapsed="0.000224"/>
</kw>
<status status="PASS" start="2024-04-12T11:14:06.480794" elapsed="0.177648"/>
</kw>
<doc>Testa se a API responde corretamente e retorna um objeto JSON válido.</doc>
<tag>testeRequisicaoBasica</tag>
<status status="PASS" start="2024-04-12T11:14:06.480196" elapsed="0.178453"/>
</test>
<test id="s1-s1-t3" name="Validar estrutura de resposta" line="22">
<kw name="Teste de Estrutura de Resposta" owner="random-user-service">
<kw name="GET On Session" owner="RequestsLibrary">
<msg time="2024-04-12T11:14:06.797494" level="INFO">GET Request : url=https://randomuser.me/api 
 path_url=/api 
 headers={'User-Agent': 'python-requests/2.31.0', 'Accept-Encoding': 'gzip, deflate', 'Accept': '*/*', 'Connection': 'keep-alive'} 
 body=None 
 </msg>
<msg time="2024-04-12T11:14:06.797612" level="INFO">GET Response : url=https://randomuser.me/api 
 status=200, reason=OK 
 headers={'Date': 'Fri, 12 Apr 2024 11:14:06 GMT', 'Content-Type': 'application/json; charset=utf-8', 'Transfer-Encoding': 'chunked', 'Connection': 'keep-alive', 'X-Powered-By': 'Express', 'Access-Control-Allow-Origin': '*', 'Cache-Control': 'no-cache', 'ETag': 'W/"48a-LCy1SWA+y3+Z/2ZbP0dFV1ertNs"', 'Vary': 'Accept-Encoding', 'Content-Encoding': 'gzip', 'CF-Cache-Status': 'DYNAMIC', 'Report-To': '{"endpoints":[{"url":"https:\\/\\/a.nel.cloudflare.com\\/report\\/v4?s=wQed0nhE7zs83suB0aIs7wB9cfcbc7B0WlSqXzHtwZ%2F8h4esBYzDaY0atJS2sQr9BUZoasxtqnhmiemE05vz5RiLdlRv8gtO0Luba1qNxg5aSs4Ktb8pn13MJ1C0wqms"}],"group":"cf-nel","max_age":604800}', 'NEL': '{"success_fraction":0,"report_to":"cf-nel","max_age":604800}', 'Server': 'cloudflare', 'CF-RAY': '8732ca7798bc2066-IAD', 'alt-svc': 'h3=":443"; ma=86400'} 
 body={"results":[{"gender":"male","name":{"title":"Monsieur","first":"Kaspar","last":"Martin"},"location":{"street":{"number":4049,"name":"Rue de la Charité"},"city":"Oberkulm","state":"Neuchâtel","country":"Switzerland","postcode":7622,"coordinates":{"latitude":"-56.5925","longitude":"-150.2061"},"timezone":{"offset":"-9:00","description":"Alaska"}},"email":"kaspar.martin@example.com","login":{"uuid":"8a26aa72-a904-4862-8ba1-edc0b57a8101","username":"purplebutterfly895","password":"redbone","salt":"PMcrHxkF","md5":"54dcd55f8d2752a726253abde5f7c02c","sha1":"535ad792bfcf35f453a74308bbf271086967144e","sha256":"2e33ffc431b3c6d05def9e2573caeea0f45c38023765b92def92885ab8cfc27a"},"dob":{"date":"1993-10-09T16:17:49.029Z","age":30},"registered":{"date":"2018-01-26T19:41:26.319Z","age":6},"phone":"076 465 00 17","cell":"076 801 41 98","id":{"name":"AVS","value":"756.9579.1807.73"},"picture":{"large":"https://randomuser.me/api/portraits/men/0.jpg","medium":"https://randomuser.me/api/portraits/med/men/0.jpg","thumbnail":"https://randomuser.me/api/portraits/thumb/men/0.jpg"},"nat":"CH"}],"info":{"seed":"a70142fcbec7d3b8","results":1,"page":1,"version":"1.4"}} 
 </msg>
<msg time="2024-04-12T11:14:06.797782" level="INFO">/opt/hostedtoolcache/Python/3.12.2/x64/lib/python3.12/site-packages/urllib3/connectionpool.py:1103: InsecureRequestWarning: Unverified HTTPS request is being made to host 'randomuser.me'. Adding certificate verification is strongly advised. See: https://urllib3.readthedocs.io/en/latest/advanced-usage.html#tls-warnings
  warnings.warn(</msg>
<msg time="2024-04-12T11:14:06.797915" level="INFO">${response} = &lt;Response [200]&gt;</msg>
<var>${response}</var>
<arg>consultarAPI</arg>
<arg>/api</arg>
<doc>Sends a GET request on a previously created HTTP Session.</doc>
<status status="PASS" start="2024-04-12T11:14:06.661715" elapsed="0.136242"/>
</kw>
<kw name="Set Variable" owner="BuiltIn">
<msg time="2024-04-12T11:14:06.799335" level="INFO">${json_data} = {'results': [{'gender': 'male', 'name': {'title': 'Monsieur', 'first': 'Kaspar', 'last': 'Martin'}, 'location': {'street': {'number': 4049, 'name': 'Rue de la Charité'}, 'city': 'Oberkulm', 'state': '...</msg>
<var>${json_data}</var>
<arg>${response.json()}</arg>
<doc>Returns the given values which can then be assigned to a variables.</doc>
<status status="PASS" start="2024-04-12T11:14:06.798601" elapsed="0.000778"/>
</kw>
<kw name="Log" owner="BuiltIn">
<msg time="2024-04-12T11:14:06.800057" level="INFO">{'results': [{'gender': 'male', 'name': {'title': 'Monsieur', 'first': 'Kaspar', 'last': 'Martin'}, 'location': {'street': {'number': 4049, 'name': 'Rue de la Charité'}, 'city': 'Oberkulm', 'state': 'Neuchâtel', 'country': 'Switzerland', 'postcode': 7622, 'coordinates': {'latitude': '-56.5925', 'longitude': '-150.2061'}, 'timezone': {'offset': '-9:00', 'description': 'Alaska'}}, 'email': 'kaspar.martin@example.com', 'login': {'uuid': '8a26aa72-a904-4862-8ba1-edc0b57a8101', 'username': 'purplebutterfly895', 'password': 'redbone', 'salt': 'PMcrHxkF', 'md5': '54dcd55f8d2752a726253abde5f7c02c', 'sha1': '535ad792bfcf35f453a74308bbf271086967144e', 'sha256': '2e33ffc431b3c6d05def9e2573caeea0f45c38023765b92def92885ab8cfc27a'}, 'dob': {'date': '1993-10-09T16:17:49.029Z', 'age': 30}, 'registered': {'date': '2018-01-26T19:41:26.319Z', 'age': 6}, 'phone': '076 465 00 17', 'cell': '076 801 41 98', 'id': {'name': 'AVS', 'value': '756.9579.1807.73'}, 'picture': {'large': 'https://randomuser.me/api/portraits/men/0.jpg', 'medium': 'https://randomuser.me/api/portraits/med/men/0.jpg', 'thumbnail': 'https://randomuser.me/api/portraits/thumb/men/0.jpg'}, 'nat': 'CH'}], 'info': {'seed': 'a70142fcbec7d3b8', 'results': 1, 'page': 1, 'version': '1.4'}}</msg>
<arg>${json_data}</arg>
<doc>Logs the given message with the given level.</doc>
<status status="PASS" start="2024-04-12T11:14:06.799819" elapsed="0.000308"/>
</kw>
<kw name="Dictionary Should Contain Key" owner="Collections">
<msg time="2024-04-12T11:14:06.800616" level="INFO">False</msg>
<arg>${json_data}</arg>
<arg>results</arg>
<doc>Fails if ``key`` is not found from ``dictionary``.</doc>
<status status="PASS" start="2024-04-12T11:14:06.800453" elapsed="0.000201"/>
</kw>
<kw name="Should Not Be Empty" owner="BuiltIn">
<msg time="2024-04-12T11:14:06.801090" level="INFO">Length is 2.</msg>
<arg>${json_data}</arg>
<doc>Verifies that the given item is not empty.</doc>
<status status="PASS" start="2024-04-12T11:14:06.800955" elapsed="0.000174"/>
</kw>
<kw name="Create List" owner="BuiltIn">
<msg time="2024-04-12T11:14:06.801583" level="INFO">${expected_keys} = ['gender', 'name', 'location', 'email', 'login']</msg>
<var>${expected_keys}</var>
<arg>gender</arg>
<arg>name</arg>
<arg>location</arg>
<arg>email</arg>
<arg>login</arg>
<doc>Returns a list containing given items.</doc>
<status status="PASS" start="2024-04-12T11:14:06.801431" elapsed="0.000177"/>
</kw>
<for flavor="IN">
<iter>
<kw name="Dictionary Should Contain Key" owner="Collections">
<msg time="2024-04-12T11:14:06.802618" level="INFO">False</msg>
<arg>${json_data['results'][0]}</arg>
<arg>${key}</arg>
<doc>Fails if ``key`` is not found from ``dictionary``.</doc>
<status status="PASS" start="2024-04-12T11:14:06.802204" elapsed="0.000454"/>
</kw>
<kw name="Log" owner="BuiltIn">
<msg time="2024-04-12T11:14:06.803390" level="INFO">{'gender': 'male', 'name': {'title': 'Monsieur', 'first': 'Kaspar', 'last': 'Martin'}, 'location': {'street': {'number': 4049, 'name': 'Rue de la Charité'}, 'city': 'Oberkulm', 'state': 'Neuchâtel', 'country': 'Switzerland', 'postcode': 7622, 'coordinates': {'latitude': '-56.5925', 'longitude': '-150.2061'}, 'timezone': {'offset': '-9:00', 'description': 'Alaska'}}, 'email': 'kaspar.martin@example.com', 'login': {'uuid': '8a26aa72-a904-4862-8ba1-edc0b57a8101', 'username': 'purplebutterfly895', 'password': 'redbone', 'salt': 'PMcrHxkF', 'md5': '54dcd55f8d2752a726253abde5f7c02c', 'sha1': '535ad792bfcf35f453a74308bbf271086967144e', 'sha256': '2e33ffc431b3c6d05def9e2573caeea0f45c38023765b92def92885ab8cfc27a'}, 'dob': {'date': '1993-10-09T16:17:49.029Z', 'age': 30}, 'registered': {'date': '2018-01-26T19:41:26.319Z', 'age': 6}, 'phone': '076 465 00 17', 'cell': '076 801 41 98', 'id': {'name': 'AVS', 'value': '756.9579.1807.73'}, 'picture': {'large': 'https://randomuser.me/api/portraits/men/0.jpg', 'medium': 'https://randomuser.me/api/portraits/med/men/0.jpg', 'thumbnail': 'https://randomuser.me/api/portraits/thumb/men/0.jpg'}, 'nat': 'CH'}</msg>
<arg>${json_data['results'][0]}</arg>
<doc>Logs the given message with the given level.</doc>
<status status="PASS" start="2024-04-12T11:14:06.803003" elapsed="0.000438"/>
</kw>
<kw name="Log" owner="BuiltIn">
<msg time="2024-04-12T11:14:06.803896" level="INFO">gender</msg>
<arg>${key}</arg>
<doc>Logs the given message with the given level.</doc>
<status status="PASS" start="2024-04-12T11:14:06.803764" elapsed="0.000170"/>
</kw>
<var name="${key}">gender</var>
<status status="PASS" start="2024-04-12T11:14:06.802067" elapsed="0.002084"/>
</iter>
<iter>
<kw name="Dictionary Should Contain Key" owner="Collections">
<msg time="2024-04-12T11:14:06.804848" level="INFO">False</msg>
<arg>${json_data['results'][0]}</arg>
<arg>${key}</arg>
<doc>Fails if ``key`` is not found from ``dictionary``.</doc>
<status status="PASS" start="2024-04-12T11:14:06.804458" elapsed="0.000428"/>
</kw>
<kw name="Log" owner="BuiltIn">
<msg time="2024-04-12T11:14:06.805597" level="INFO">{'gender': 'male', 'name': {'title': 'Monsieur', 'first': 'Kaspar', 'last': 'Martin'}, 'location': {'street': {'number': 4049, 'name': 'Rue de la Charité'}, 'city': 'Oberkulm', 'state': 'Neuchâtel', 'country': 'Switzerland', 'postcode': 7622, 'coordinates': {'latitude': '-56.5925', 'longitude': '-150.2061'}, 'timezone': {'offset': '-9:00', 'description': 'Alaska'}}, 'email': 'kaspar.martin@example.com', 'login': {'uuid': '8a26aa72-a904-4862-8ba1-edc0b57a8101', 'username': 'purplebutterfly895', 'password': 'redbone', 'salt': 'PMcrHxkF', 'md5': '54dcd55f8d2752a726253abde5f7c02c', 'sha1': '535ad792bfcf35f453a74308bbf271086967144e', 'sha256': '2e33ffc431b3c6d05def9e2573caeea0f45c38023765b92def92885ab8cfc27a'}, 'dob': {'date': '1993-10-09T16:17:49.029Z', 'age': 30}, 'registered': {'date': '2018-01-26T19:41:26.319Z', 'age': 6}, 'phone': '076 465 00 17', 'cell': '076 801 41 98', 'id': {'name': 'AVS', 'value': '756.9579.1807.73'}, 'picture': {'large': 'https://randomuser.me/api/portraits/men/0.jpg', 'medium': 'https://randomuser.me/api/portraits/med/men/0.jpg', 'thumbnail': 'https://randomuser.me/api/portraits/thumb/men/0.jpg'}, 'nat': 'CH'}</msg>
<arg>${json_data['results'][0]}</arg>
<doc>Logs the given message with the given level.</doc>
<status status="PASS" start="2024-04-12T11:14:06.805233" elapsed="0.000414"/>
</kw>
<kw name="Log" owner="BuiltIn">
<msg time="2024-04-12T11:14:06.806083" level="INFO">name</msg>
<arg>${key}</arg>
<doc>Logs the given message with the given level.</doc>
<status status="PASS" start="2024-04-12T11:14:06.805953" elapsed="0.000168"/>
</kw>
<var name="${key}">name</var>
<status status="PASS" start="2024-04-12T11:14:06.804341" elapsed="0.002021"/>
</iter>
<iter>
<kw name="Dictionary Should Contain Key" owner="Collections">
<msg time="2024-04-12T11:14:06.807084" level="INFO">False</msg>
<arg>${json_data['results'][0]}</arg>
<arg>${key}</arg>
<doc>Fails if ``key`` is not found from ``dictionary``.</doc>
<status status="PASS" start="2024-04-12T11:14:06.806659" elapsed="0.000465"/>
</kw>
<kw name="Log" owner="BuiltIn">
<msg time="2024-04-12T11:14:06.807800" level="INFO">{'gender': 'male', 'name': {'title': 'Monsieur', 'first': 'Kaspar', 'last': 'Martin'}, 'location': {'street': {'number': 4049, 'name': 'Rue de la Charité'}, 'city': 'Oberkulm', 'state': 'Neuchâtel', 'country': 'Switzerland', 'postcode': 7622, 'coordinates': {'latitude': '-56.5925', 'longitude': '-150.2061'}, 'timezone': {'offset': '-9:00', 'description': 'Alaska'}}, 'email': 'kaspar.martin@example.com', 'login': {'uuid': '8a26aa72-a904-4862-8ba1-edc0b57a8101', 'username': 'purplebutterfly895', 'password': 'redbone', 'salt': 'PMcrHxkF', 'md5': '54dcd55f8d2752a726253abde5f7c02c', 'sha1': '535ad792bfcf35f453a74308bbf271086967144e', 'sha256': '2e33ffc431b3c6d05def9e2573caeea0f45c38023765b92def92885ab8cfc27a'}, 'dob': {'date': '1993-10-09T16:17:49.029Z', 'age': 30}, 'registered': {'date': '2018-01-26T19:41:26.319Z', 'age': 6}, 'phone': '076 465 00 17', 'cell': '076 801 41 98', 'id': {'name': 'AVS', 'value': '756.9579.1807.73'}, 'picture': {'large': 'https://randomuser.me/api/portraits/men/0.jpg', 'medium': 'https://randomuser.me/api/portraits/med/men/0.jpg', 'thumbnail': 'https://randomuser.me/api/portraits/thumb/men/0.jpg'}, 'nat': 'CH'}</msg>
<arg>${json_data['results'][0]}</arg>
<doc>Logs the given message with the given level.</doc>
<status status="PASS" start="2024-04-12T11:14:06.807437" elapsed="0.000424"/>
</kw>
<kw name="Log" owner="BuiltIn">
<msg time="2024-04-12T11:14:06.808299" level="INFO">location</msg>
<arg>${key}</arg>
<doc>Logs the given message with the given level.</doc>
<status status="PASS" start="2024-04-12T11:14:06.808167" elapsed="0.000170"/>
</kw>
<var name="${key}">location</var>
<status status="PASS" start="2024-04-12T11:14:06.806544" elapsed="0.002012"/>
</iter>
<iter>
<kw name="Dictionary Should Contain Key" owner="Collections">
<msg time="2024-04-12T11:14:06.809239" level="INFO">False</msg>
<arg>${json_data['results'][0]}</arg>
<arg>${key}</arg>
<doc>Fails if ``key`` is not found from ``dictionary``.</doc>
<status status="PASS" start="2024-04-12T11:14:06.808855" elapsed="0.000422"/>
</kw>
<kw name="Log" owner="BuiltIn">
<msg time="2024-04-12T11:14:06.809954" level="INFO">{'gender': 'male', 'name': {'title': 'Monsieur', 'first': 'Kaspar', 'last': 'Martin'}, 'location': {'street': {'number': 4049, 'name': 'Rue de la Charité'}, 'city': 'Oberkulm', 'state': 'Neuchâtel', 'country': 'Switzerland', 'postcode': 7622, 'coordinates': {'latitude': '-56.5925', 'longitude': '-150.2061'}, 'timezone': {'offset': '-9:00', 'description': 'Alaska'}}, 'email': 'kaspar.martin@example.com', 'login': {'uuid': '8a26aa72-a904-4862-8ba1-edc0b57a8101', 'username': 'purplebutterfly895', 'password': 'redbone', 'salt': 'PMcrHxkF', 'md5': '54dcd55f8d2752a726253abde5f7c02c', 'sha1': '535ad792bfcf35f453a74308bbf271086967144e', 'sha256': '2e33ffc431b3c6d05def9e2573caeea0f45c38023765b92def92885ab8cfc27a'}, 'dob': {'date': '1993-10-09T16:17:49.029Z', 'age': 30}, 'registered': {'date': '2018-01-26T19:41:26.319Z', 'age': 6}, 'phone': '076 465 00 17', 'cell': '076 801 41 98', 'id': {'name': 'AVS', 'value': '756.9579.1807.73'}, 'picture': {'large': 'https://randomuser.me/api/portraits/men/0.jpg', 'medium': 'https://randomuser.me/api/portraits/med/men/0.jpg', 'thumbnail': 'https://randomuser.me/api/portraits/thumb/men/0.jpg'}, 'nat': 'CH'}</msg>
<arg>${json_data['results'][0]}</arg>
<doc>Logs the given message with the given level.</doc>
<status status="PASS" start="2024-04-12T11:14:06.809592" elapsed="0.000411"/>
</kw>
<kw name="Log" owner="BuiltIn">
<msg time="2024-04-12T11:14:06.810444" level="INFO">email</msg>
<arg>${key}</arg>
<doc>Logs the given message with the given level.</doc>
<status status="PASS" start="2024-04-12T11:14:06.810316" elapsed="0.000175"/>
</kw>
<var name="${key}">email</var>
<status status="PASS" start="2024-04-12T11:14:06.808731" elapsed="0.001974"/>
</iter>
<iter>
<kw name="Dictionary Should Contain Key" owner="Collections">
<msg time="2024-04-12T11:14:06.811415" level="INFO">False</msg>
<arg>${json_data['results'][0]}</arg>
<arg>${key}</arg>
<doc>Fails if ``key`` is not found from ``dictionary``.</doc>
<status status="PASS" start="2024-04-12T11:14:06.811034" elapsed="0.000418"/>
</kw>
<kw name="Log" owner="BuiltIn">
<msg time="2024-04-12T11:14:06.812130" level="INFO">{'gender': 'male', 'name': {'title': 'Monsieur', 'first': 'Kaspar', 'last': 'Martin'}, 'location': {'street': {'number': 4049, 'name': 'Rue de la Charité'}, 'city': 'Oberkulm', 'state': 'Neuchâtel', 'country': 'Switzerland', 'postcode': 7622, 'coordinates': {'latitude': '-56.5925', 'longitude': '-150.2061'}, 'timezone': {'offset': '-9:00', 'description': 'Alaska'}}, 'email': 'kaspar.martin@example.com', 'login': {'uuid': '8a26aa72-a904-4862-8ba1-edc0b57a8101', 'username': 'purplebutterfly895', 'password': 'redbone', 'salt': 'PMcrHxkF', 'md5': '54dcd55f8d2752a726253abde5f7c02c', 'sha1': '535ad792bfcf35f453a74308bbf271086967144e', 'sha256': '2e33ffc431b3c6d05def9e2573caeea0f45c38023765b92def92885ab8cfc27a'}, 'dob': {'date': '1993-10-09T16:17:49.029Z', 'age': 30}, 'registered': {'date': '2018-01-26T19:41:26.319Z', 'age': 6}, 'phone': '076 465 00 17', 'cell': '076 801 41 98', 'id': {'name': 'AVS', 'value': '756.9579.1807.73'}, 'picture': {'large': 'https://randomuser.me/api/portraits/men/0.jpg', 'medium': 'https://randomuser.me/api/portraits/med/men/0.jpg', 'thumbnail': 'https://randomuser.me/api/portraits/thumb/men/0.jpg'}, 'nat': 'CH'}</msg>
<arg>${json_data['results'][0]}</arg>
<doc>Logs the given message with the given level.</doc>
<status status="PASS" start="2024-04-12T11:14:06.811762" elapsed="0.000418"/>
</kw>
<kw name="Log" owner="BuiltIn">
<msg time="2024-04-12T11:14:06.812888" level="INFO">login</msg>
<arg>${key}</arg>
<doc>Logs the given message with the given level.</doc>
<status status="PASS" start="2024-04-12T11:14:06.812696" elapsed="0.000250"/>
</kw>
<var name="${key}">login</var>
<status status="PASS" start="2024-04-12T11:14:06.810920" elapsed="0.002374"/>
</iter>
<var>${key}</var>
<value>@{expected_keys}</value>
<status status="PASS" start="2024-04-12T11:14:06.801872" elapsed="0.011625"/>
</for>
<kw name="Create List" owner="BuiltIn">
<msg time="2024-04-12T11:14:06.813887" level="INFO">${expected_keysTwo} = ['username', 'password']</msg>
<var>${expected_keysTwo}</var>
<arg>username</arg>
<arg>password</arg>
<doc>Returns a list containing given items.</doc>
<status status="PASS" start="2024-04-12T11:14:06.813740" elapsed="0.000171"/>
</kw>
<for flavor="IN">
<iter>
<kw name="Dictionary Should Contain Key" owner="Collections">
<msg time="2024-04-12T11:14:06.814977" level="INFO">False</msg>
<arg>${json_data['results'][0]['login']}</arg>
<arg>${keyTwo}</arg>
<doc>Fails if ``key`` is not found from ``dictionary``.</doc>
<status status="PASS" start="2024-04-12T11:14:06.814545" elapsed="0.000471"/>
</kw>
<kw name="Dictionary Should Contain Key" owner="Collections">
<msg time="2024-04-12T11:14:06.815709" level="INFO">False</msg>
<arg>${json_data['results'][0]['login']}</arg>
<arg>${keyTwo}</arg>
<doc>Fails if ``key`` is not found from ``dictionary``.</doc>
<status status="PASS" start="2024-04-12T11:14:06.815323" elapsed="0.000424"/>
</kw>
<kw name="Log" owner="BuiltIn">
<msg time="2024-04-12T11:14:06.816188" level="INFO">username</msg>
<arg>${keyTwo}</arg>
<doc>Logs the given message with the given level.</doc>
<status status="PASS" start="2024-04-12T11:14:06.816055" elapsed="0.000171"/>
</kw>
<var name="${keyTwo}">username</var>
<status status="PASS" start="2024-04-12T11:14:06.814426" elapsed="0.002020"/>
</iter>
<iter>
<kw name="Dictionary Should Contain Key" owner="Collections">
<msg time="2024-04-12T11:14:06.817130" level="INFO">False</msg>
<arg>${json_data['results'][0]['login']}</arg>
<arg>${keyTwo}</arg>
<doc>Fails if ``key`` is not found from ``dictionary``.</doc>
<status status="PASS" start="2024-04-12T11:14:06.816745" elapsed="0.000423"/>
</kw>
<kw name="Dictionary Should Contain Key" owner="Collections">
<msg time="2024-04-12T11:14:06.817858" level="INFO">False</msg>
<arg>${json_data['results'][0]['login']}</arg>
<arg>${keyTwo}</arg>
<doc>Fails if ``key`` is not found from ``dictionary``.</doc>
<status status="PASS" start="2024-04-12T11:14:06.817470" elapsed="0.000425"/>
</kw>
<kw name="Log" owner="BuiltIn">
<msg time="2024-04-12T11:14:06.818324" level="INFO">password</msg>
<arg>${keyTwo}</arg>
<doc>Logs the given message with the given level.</doc>
<status status="PASS" start="2024-04-12T11:14:06.818189" elapsed="0.000173"/>
</kw>
<var name="${keyTwo}">password</var>
<status status="PASS" start="2024-04-12T11:14:06.816628" elapsed="0.001952"/>
</iter>
<var>${keyTwo}</var>
<value>@{expected_keysTwo}</value>
<status status="PASS" start="2024-04-12T11:14:06.814160" elapsed="0.004543"/>
</for>
<status status="PASS" start="2024-04-12T11:14:06.661434" elapsed="0.157470"/>
</kw>
<doc>Testa a estrutura da resposta da API.</doc>
<tag>testeEstruturaResposta</tag>
<status status="PASS" start="2024-04-12T11:14:06.660604" elapsed="0.158469"/>
</test>
<test id="s1-s1-t4" name="Validar tipos de dados" line="28">
<kw name="Teste de Tipos de Dados" owner="random-user-service">
<kw name="GET On Session" owner="RequestsLibrary">
<msg time="2024-04-12T11:14:06.848906" level="INFO">GET Request : url=https://randomuser.me/api 
 path_url=/api 
 headers={'User-Agent': 'python-requests/2.31.0', 'Accept-Encoding': 'gzip, deflate', 'Accept': '*/*', 'Connection': 'keep-alive'} 
 body=None 
 </msg>
<msg time="2024-04-12T11:14:06.848995" level="INFO">GET Response : url=https://randomuser.me/api 
 status=200, reason=OK 
 headers={'Date': 'Fri, 12 Apr 2024 11:14:06 GMT', 'Content-Type': 'application/json; charset=utf-8', 'Transfer-Encoding': 'chunked', 'Connection': 'keep-alive', 'X-Powered-By': 'Express', 'Access-Control-Allow-Origin': '*', 'Cache-Control': 'no-cache', 'ETag': 'W/"480-ZAODrbNkJj8foxwJtu/zcbTkqVc"', 'Vary': 'Accept-Encoding', 'Content-Encoding': 'gzip', 'CF-Cache-Status': 'DYNAMIC', 'Report-To': '{"endpoints":[{"url":"https:\\/\\/a.nel.cloudflare.com\\/report\\/v4?s=abfFtWjfxs5A0vKgAlOTO6uQw554T7p9I9x6xmNDx%2Bns3Z1fH2vv9UO9bI8ZBsB%2Fxkm1JQRhoVQhRQIXUQ4sEU1qISjjPqIhj0Rwf5Fq4v2itWaBMi%2FOnHdD7m34dHd3"}],"group":"cf-nel","max_age":604800}', 'NEL': '{"success_fraction":0,"report_to":"cf-nel","max_age":604800}', 'Server': 'cloudflare', 'CF-RAY': '8732ca7899ac2066-IAD', 'alt-svc': 'h3=":443"; ma=86400'} 
 body={"results":[{"gender":"male","name":{"title":"Mr","first":"آرمین","last":"سالاری"},"location":{"street":{"number":2566,"name":"میدان فلسطین"},"city":"ایلام","state":"گلستان","country":"Iran","postcode":28132,"coordinates":{"latitude":"17.3075","longitude":"-49.3900"},"timezone":{"offset":"+9:30","description":"Adelaide, Darwin"}},"email":"armyn.slry@example.com","login":{"uuid":"14e4c2e3-ca53-43d4-b862-8d4b5fa1161d","username":"greendog574","password":"ludwig","salt":"VPwmm1ro","md5":"393e6a4adcaa7298f723b7beb22ae442","sha1":"679643357517fd6f94cc0a4e908bad3bcd14157f","sha256":"47074916b41cef33034906c4549122f926ee25706c32c96078f40d31ed161d5f"},"dob":{"date":"1990-10-07T02:36:05.185Z","age":33},"registered":{"date":"2008-05-24T19:44:09.599Z","age":15},"phone":"039-60041820","cell":"0992-298-0785","id":{"name":"","value":null},"picture":{"large":"https://randomuser.me/api/portraits/men/72.jpg","medium":"https://randomuser.me/api/portraits/med/men/72.jpg","thumbnail":"https://randomuser.me/api/portraits/thumb/men/72.jpg"},"nat":"IR"}],"info":{"seed":"7e8f1c14c098fad8","results":1,"page":1,"version":"1.4"}} 
 </msg>
<msg time="2024-04-12T11:14:06.849071" level="INFO">/opt/hostedtoolcache/Python/3.12.2/x64/lib/python3.12/site-packages/urllib3/connectionpool.py:1103: InsecureRequestWarning: Unverified HTTPS request is being made to host 'randomuser.me'. Adding certificate verification is strongly advised. See: https://urllib3.readthedocs.io/en/latest/advanced-usage.html#tls-warnings
  warnings.warn(</msg>
<msg time="2024-04-12T11:14:06.849204" level="INFO">${response} = &lt;Response [200]&gt;</msg>
<var>${response}</var>
<arg>consultarAPI</arg>
<arg>/api</arg>
<doc>Sends a GET request on a previously created HTTP Session.</doc>
<status status="PASS" start="2024-04-12T11:14:06.821743" elapsed="0.027500"/>
</kw>
<kw name="Set Variable" owner="BuiltIn">
<msg time="2024-04-12T11:14:06.850420" level="INFO">${json_data} = {'results': [{'gender': 'male', 'name': {'title': 'Mr', 'first': 'آرمین', 'last': 'سالاری'}, 'location': {'street': {'number': 2566, 'name': 'میدان فلسطین'}, 'city': 'ایلام', 'state': 'گلستان', 'count...</msg>
<var>${json_data}</var>
<arg>${response.json()}</arg>
<doc>Returns the given values which can then be assigned to a variables.</doc>
<status status="PASS" start="2024-04-12T11:14:06.849848" elapsed="0.000604"/>
</kw>
<kw name="Log" owner="BuiltIn">
<msg time="2024-04-12T11:14:06.850989" level="INFO">{'results': [{'gender': 'male', 'name': {'title': 'Mr', 'first': 'آرمین', 'last': 'سالاری'}, 'location': {'street': {'number': 2566, 'name': 'میدان فلسطین'}, 'city': 'ایلام', 'state': 'گلستان', 'country': 'Iran', 'postcode': 28132, 'coordinates': {'latitude': '17.3075', 'longitude': '-49.3900'}, 'timezone': {'offset': '+9:30', 'description': 'Adelaide, Darwin'}}, 'email': 'armyn.slry@example.com', 'login': {'uuid': '14e4c2e3-ca53-43d4-b862-8d4b5fa1161d', 'username': 'greendog574', 'password': 'ludwig', 'salt': 'VPwmm1ro', 'md5': '393e6a4adcaa7298f723b7beb22ae442', 'sha1': '679643357517fd6f94cc0a4e908bad3bcd14157f', 'sha256': '47074916b41cef33034906c4549122f926ee25706c32c96078f40d31ed161d5f'}, 'dob': {'date': '1990-10-07T02:36:05.185Z', 'age': 33}, 'registered': {'date': '2008-05-24T19:44:09.599Z', 'age': 15}, 'phone': '039-60041820', 'cell': '0992-298-0785', 'id': {'name': '', 'value': None}, 'picture': {'large': 'https://randomuser.me/api/portraits/men/72.jpg', 'medium': 'https://randomuser.me/api/portraits/med/men/72.jpg', 'thumbnail': 'https://randomuser.me/api/portraits/thumb/men/72.jpg'}, 'nat': 'IR'}], 'info': {'seed': '7e8f1c14c098fad8', 'results': 1, 'page': 1, 'version': '1.4'}}</msg>
<arg>${json_data}</arg>
<doc>Logs the given message with the given level.</doc>
<status status="PASS" start="2024-04-12T11:14:06.850810" elapsed="0.000276"/>
</kw>
<kw name="Should Be String" owner="String">
<arg>${json_data['results'][0]['gender']}</arg>
<doc>Fails if the given ``item`` is not a string.</doc>
<status status="PASS" start="2024-04-12T11:14:06.851430" elapsed="0.000371"/>
</kw>
<kw name="Should Match Regexp" owner="BuiltIn">
<arg>${json_data['results'][0]['email']}</arg>
<arg>^[a-zA-Z0-9._%+-]+@[a-zA-Z0-9.-]+\.[a-zA-Z]{2,}$</arg>
<doc>Fails if ``string`` does not match ``pattern`` as a regular expression.</doc>
<status status="PASS" start="2024-04-12T11:14:06.851998" elapsed="0.000517"/>
</kw>
<kw name="Should Match Regexp" owner="BuiltIn">
<arg>${json_data['results'][0]['dob']['date']}</arg>
<arg>\\d{4}-\\d{2}-\\d{2}T\\d{2}:\\d{2}:\\d{2}\\.\\d{3}Z</arg>
<doc>Fails if ``string`` does not match ``pattern`` as a regular expression.</doc>
<status status="PASS" start="2024-04-12T11:14:06.852712" elapsed="0.000488"/>
</kw>
<kw name="Should Match Regexp" owner="BuiltIn">
<arg>${json_data['results'][0]['registered']['date']}</arg>
<arg>\\d{4}-\\d{2}-\\d{2}T\\d{2}:\\d{2}:\\d{2}\\.\\d{3}Z</arg>
<doc>Fails if ``string`` does not match ``pattern`` as a regular expression.</doc>
<status status="PASS" start="2024-04-12T11:14:06.853395" elapsed="0.000376"/>
</kw>
<kw name="Should Match Regexp" owner="BuiltIn">
<arg>${json_data['results'][0]['picture']['large']}</arg>
<arg>^https?://.*\.(?:png|jpe?g|gif|bmp)$</arg>
<doc>Fails if ``string`` does not match ``pattern`` as a regular expression.</doc>
<status status="PASS" start="2024-04-12T11:14:06.853961" elapsed="0.000457"/>
</kw>
<kw name="Should Match Regexp" owner="BuiltIn">
<arg>${json_data['results'][0]['picture']['medium']}</arg>
<arg>^https?://.*\.(?:png|jpe?g|gif|bmp)$</arg>
<doc>Fails if ``string`` does not match ``pattern`` as a regular expression.</doc>
<status status="PASS" start="2024-04-12T11:14:06.854607" elapsed="0.000388"/>
</kw>
<kw name="Should Match Regexp" owner="BuiltIn">
<arg>${json_data['results'][0]['picture']['thumbnail']}</arg>
<arg>^https?://.*\.(?:png|jpe?g|gif|bmp)$</arg>
<doc>Fails if ``string`` does not match ``pattern`` as a regular expression.</doc>
<status status="PASS" start="2024-04-12T11:14:06.855181" elapsed="0.000366"/>
</kw>
<kw name="Log" owner="BuiltIn">
<msg time="2024-04-12T11:14:06.856058" level="INFO">{'large': 'https://randomuser.me/api/portraits/men/72.jpg', 'medium': 'https://randomuser.me/api/portraits/med/men/72.jpg', 'thumbnail': 'https://randomuser.me/api/portraits/thumb/men/72.jpg'}</msg>
<arg>${json_data['results'][0]['picture']}</arg>
<doc>Logs the given message with the given level.</doc>
<status status="PASS" start="2024-04-12T11:14:06.855729" elapsed="0.000370"/>
</kw>
<status status="PASS" start="2024-04-12T11:14:06.821500" elapsed="0.034856"/>
</kw>
<kw name="Teste de Tipos de Dados - Postcode" owner="random-user-service">
<kw name="GET On Session" owner="RequestsLibrary">
<msg time="2024-04-12T11:14:06.949747" level="INFO">GET Request : url=https://randomuser.me/api 
 path_url=/api 
 headers={'User-Agent': 'python-requests/2.31.0', 'Accept-Encoding': 'gzip, deflate', 'Accept': '*/*', 'Connection': 'keep-alive'} 
 body=None 
 </msg>
<msg time="2024-04-12T11:14:06.949863" level="INFO">GET Response : url=https://randomuser.me/api 
 status=200, reason=OK 
 headers={'Date': 'Fri, 12 Apr 2024 11:14:06 GMT', 'Content-Type': 'application/json; charset=utf-8', 'Transfer-Encoding': 'chunked', 'Connection': 'keep-alive', 'X-Powered-By': 'Express', 'Access-Control-Allow-Origin': '*', 'Cache-Control': 'no-cache', 'ETag': 'W/"47e-md4ZZOf5hFFH6IWYVZgqYBXM6iE"', 'Vary': 'Accept-Encoding', 'Content-Encoding': 'gzip', 'CF-Cache-Status': 'DYNAMIC', 'Report-To': '{"endpoints":[{"url":"https:\\/\\/a.nel.cloudflare.com\\/report\\/v4?s=CP16j%2FJYPpLZDuFIhbnWYzBtM61YjXaxBFHjZF1lxRk2dbuTfmhHpGeS7qAero6jrqczjhMQAlJDZsen5zBlM7cZuwIpDw%2FbIHp5pZjbkXZ4xNennAh43JUY2D%2BRRx9z"}],"group":"cf-nel","max_age":604800}', 'NEL': '{"success_fraction":0,"report_to":"cf-nel","max_age":604800}', 'Server': 'cloudflare', 'CF-RAY': '8732ca78d9dc2066-IAD', 'alt-svc': 'h3=":443"; ma=86400'} 
 body={"results":[{"gender":"female","name":{"title":"Miss","first":"Lola","last":"Oliver"},"location":{"street":{"number":2176,"name":"West Street"},"city":"Shannon","state":"Carlow","country":"Ireland","postcode":47277,"coordinates":{"latitude":"4.0316","longitude":"31.4339"},"timezone":{"offset":"-1:00","description":"Azores, Cape Verde Islands"}},"email":"lola.oliver@example.com","login":{"uuid":"aa163fd0-6ba1-4605-8434-57e022e2c27f","username":"crazygoose515","password":"chiks","salt":"UOeybvdq","md5":"f6038fc914f14031d8a92c4c2172b9cf","sha1":"0c2902e027b4112e8f6e7d864c15acba776c80b6","sha256":"a65240e486fb41aaab5692ae4fee98338af01a8ee8c6a2d122f90506c4ff515f"},"dob":{"date":"1994-07-14T03:24:38.147Z","age":29},"registered":{"date":"2002-08-29T06:36:33.472Z","age":21},"phone":"021-818-1490","cell":"081-469-5540","id":{"name":"PPS","value":"1305909T"},"picture":{"large":"https://randomuser.me/api/portraits/women/16.jpg","medium":"https://randomuser.me/api/portraits/med/women/16.jpg","thumbnail":"https://randomuser.me/api/portraits/thumb/women/16.jpg"},"nat":"IE"}],"info":{"seed":"6812b5ae6d1e2137","results":1,"page":1,"version":"1.4"}} 
 </msg>
<msg time="2024-04-12T11:14:06.949970" level="INFO">/opt/hostedtoolcache/Python/3.12.2/x64/lib/python3.12/site-packages/urllib3/connectionpool.py:1103: InsecureRequestWarning: Unverified HTTPS request is being made to host 'randomuser.me'. Adding certificate verification is strongly advised. See: https://urllib3.readthedocs.io/en/latest/advanced-usage.html#tls-warnings
  warnings.warn(</msg>
<msg time="2024-04-12T11:14:06.950105" level="INFO">${response} = &lt;Response [200]&gt;</msg>
<var>${response}</var>
<arg>consultarAPI</arg>
<arg>/api</arg>
<doc>Sends a GET request on a previously created HTTP Session.</doc>
<status status="PASS" start="2024-04-12T11:14:06.856826" elapsed="0.093321"/>
</kw>
<kw name="Set Variable" owner="BuiltIn">
<msg time="2024-04-12T11:14:06.951453" level="INFO">${json_data} = {'results': [{'gender': 'female', 'name': {'title': 'Miss', 'first': 'Lola', 'last': 'Oliver'}, 'location': {'street': {'number': 2176, 'name': 'West Street'}, 'city': 'Shannon', 'state': 'Carlow', 'c...</msg>
<var>${json_data}</var>
<arg>${response.json()}</arg>
<doc>Returns the given values which can then be assigned to a variables.</doc>
<status status="PASS" start="2024-04-12T11:14:06.950859" elapsed="0.000625"/>
</kw>
<kw name="Log" owner="BuiltIn">
<msg time="2024-04-12T11:14:06.951974" level="INFO">{'results': [{'gender': 'female', 'name': {'title': 'Miss', 'first': 'Lola', 'last': 'Oliver'}, 'location': {'street': {'number': 2176, 'name': 'West Street'}, 'city': 'Shannon', 'state': 'Carlow', 'country': 'Ireland', 'postcode': 47277, 'coordinates': {'latitude': '4.0316', 'longitude': '31.4339'}, 'timezone': {'offset': '-1:00', 'description': 'Azores, Cape Verde Islands'}}, 'email': 'lola.oliver@example.com', 'login': {'uuid': 'aa163fd0-6ba1-4605-8434-57e022e2c27f', 'username': 'crazygoose515', 'password': 'chiks', 'salt': 'UOeybvdq', 'md5': 'f6038fc914f14031d8a92c4c2172b9cf', 'sha1': '0c2902e027b4112e8f6e7d864c15acba776c80b6', 'sha256': 'a65240e486fb41aaab5692ae4fee98338af01a8ee8c6a2d122f90506c4ff515f'}, 'dob': {'date': '1994-07-14T03:24:38.147Z', 'age': 29}, 'registered': {'date': '2002-08-29T06:36:33.472Z', 'age': 21}, 'phone': '021-818-1490', 'cell': '081-469-5540', 'id': {'name': 'PPS', 'value': '1305909T'}, 'picture': {'large': 'https://randomuser.me/api/portraits/women/16.jpg', 'medium': 'https://randomuser.me/api/portraits/med/women/16.jpg', 'thumbnail': 'https://randomuser.me/api/portraits/thumb/women/16.jpg'}, 'nat': 'IE'}], 'info': {'seed': '6812b5ae6d1e2137', 'results': 1, 'page': 1, 'version': '1.4'}}</msg>
<arg>${json_data}</arg>
<doc>Logs the given message with the given level.</doc>
<status status="PASS" start="2024-04-12T11:14:06.951814" elapsed="0.000243"/>
</kw>
<kw name="Should Be Equal As Numbers" owner="BuiltIn">
<arg>${json_data['results'][0]['location']['postcode']}</arg>
<arg>${json_data['results'][0]['location']['postcode']}</arg>
<doc>Fails if objects are unequal after converting them to real numbers.</doc>
<status status="PASS" start="2024-04-12T11:14:06.952411" elapsed="0.001029"/>
</kw>
<kw name="Log" owner="BuiltIn">
<msg time="2024-04-12T11:14:06.954349" level="INFO">47277</msg>
<arg>${json_data['results'][0]['location']['postcode']}</arg>
<doc>Logs the given message with the given level.</doc>
<status status="PASS" start="2024-04-12T11:14:06.953785" elapsed="0.000627"/>
</kw>
<status status="PASS" start="2024-04-12T11:14:06.856588" elapsed="0.098246"/>
</kw>
<doc>Testa se os tipos de dados na resposta da API estão corretos.</doc>
<tag>testeTiposDados</tag>
<status status="PASS" start="2024-04-12T11:14:06.820947" elapsed="0.134199"/>
</test>
<test id="s1-s1-t5" name="Validar conteudo" line="35">
<kw name="Teste de Tipos de Conteudo" owner="random-user-service">
<kw name="GET On Session" owner="RequestsLibrary">
<msg time="2024-04-12T11:14:07.336599" level="INFO">GET Request : url=https://randomuser.me/api 
 path_url=/api 
 headers={'User-Agent': 'python-requests/2.31.0', 'Accept-Encoding': 'gzip, deflate', 'Accept': '*/*', 'Connection': 'keep-alive'} 
 body=None 
 </msg>
<msg time="2024-04-12T11:14:07.336715" level="INFO">GET Response : url=https://randomuser.me/api 
 status=200, reason=OK 
 headers={'Date': 'Fri, 12 Apr 2024 11:14:07 GMT', 'Content-Type': 'application/json; charset=utf-8', 'Transfer-Encoding': 'chunked', 'Connection': 'keep-alive', 'X-Powered-By': 'Express', 'Access-Control-Allow-Origin': '*', 'Cache-Control': 'no-cache', 'ETag': 'W/"481-2JMuoGY7tHOfmVGwB92qBrlokDk"', 'Vary': 'Accept-Encoding', 'Content-Encoding': 'gzip', 'CF-Cache-Status': 'DYNAMIC', 'Report-To': '{"endpoints":[{"url":"https:\\/\\/a.nel.cloudflare.com\\/report\\/v4?s=NHLzx8vCIeDgfLhZeEAL6FRaAw7K%2FtQqQNEFeWz28jsOhje2GuPRVjx8o088P0Jq2%2Bov%2FRaRz3TnslYQm6kUfNmCl2wWO4T3clbAGsOg%2BK7YfgIV%2BIDSZv%2BqQ0noB%2Fg6"}],"group":"cf-nel","max_age":604800}', 'NEL': '{"success_fraction":0,"report_to":"cf-nel","max_age":604800}', 'Server': 'cloudflare', 'CF-RAY': '8732ca797a772066-IAD', 'alt-svc': 'h3=":443"; ma=86400'} 
 body={"results":[{"gender":"male","name":{"title":"Mr","first":"Tarjei","last":"Røgeberg"},"location":{"street":{"number":7606,"name":"Grønvoll allé"},"city":"Follebu","state":"Description","country":"Norway","postcode":"3680","coordinates":{"latitude":"39.7256","longitude":"-22.4531"},"timezone":{"offset":"-11:00","description":"Midway Island, Samoa"}},"email":"tarjei.rogeberg@example.com","login":{"uuid":"db0c4232-de29-4203-a1d9-c171e0224a0d","username":"ticklishmouse807","password":"astrid","salt":"26lMjaml","md5":"5fcf21c2cd904e5a3533471ce38d087d","sha1":"879c4c3854d17237792a1e80747d5bc2c660f309","sha256":"95e469ee9be8d25cadc0b8c6e88c94a9373954e8e93e86824bc12e9e29bc1cde"},"dob":{"date":"1949-02-21T20:15:01.321Z","age":75},"registered":{"date":"2012-02-28T00:24:25.774Z","age":12},"phone":"80112608","cell":"96511765","id":{"name":"FN","value":"21024944953"},"picture":{"large":"https://randomuser.me/api/portraits/men/10.jpg","medium":"https://randomuser.me/api/portraits/med/men/10.jpg","thumbnail":"https://randomuser.me/api/portraits/thumb/men/10.jpg"},"nat":"NO"}],"info":{"seed":"2584a711c05b14bd","results":1,"page":1,"version":"1.4"}} 
 </msg>
<msg time="2024-04-12T11:14:07.336794" level="INFO">/opt/hostedtoolcache/Python/3.12.2/x64/lib/python3.12/site-packages/urllib3/connectionpool.py:1103: InsecureRequestWarning: Unverified HTTPS request is being made to host 'randomuser.me'. Adding certificate verification is strongly advised. See: https://urllib3.readthedocs.io/en/latest/advanced-usage.html#tls-warnings
  warnings.warn(</msg>
<msg time="2024-04-12T11:14:07.336919" level="INFO">${response} = &lt;Response [200]&gt;</msg>
<var>${response}</var>
<arg>consultarAPI</arg>
<arg>/api</arg>
<doc>Sends a GET request on a previously created HTTP Session.</doc>
<status status="PASS" start="2024-04-12T11:14:06.959288" elapsed="0.377671"/>
</kw>
<kw name="Set Variable" owner="BuiltIn">
<msg time="2024-04-12T11:14:07.338268" level="INFO">${json_data} = {'results': [{'gender': 'male', 'name': {'title': 'Mr', 'first': 'Tarjei', 'last': 'Røgeberg'}, 'location': {'street': {'number': 7606, 'name': 'Grønvoll allé'}, 'city': 'Follebu', 'state': 'Descripti...</msg>
<var>${json_data}</var>
<arg>${response.json()}</arg>
<doc>Returns the given values which can then be assigned to a variables.</doc>
<status status="PASS" start="2024-04-12T11:14:07.337630" elapsed="0.000668"/>
</kw>
<kw name="Set Variable" owner="BuiltIn">
<msg time="2024-04-12T11:14:07.339060" level="INFO">${name_title} = Mr</msg>
<var>${name_title}</var>
<arg>${json_data["results"][0]["name"]["title"]}</arg>
<doc>Returns the given values which can then be assigned to a variables.</doc>
<status status="PASS" start="2024-04-12T11:14:07.338618" elapsed="0.000468"/>
</kw>
<kw name="Create List" owner="BuiltIn">
<msg time="2024-04-12T11:14:07.339546" level="INFO">${allowed_titles} = ['Mr', 'Ms', 'Miss', 'Mrs', 'Madame', 'Monsieur']</msg>
<var>${allowed_titles}</var>
<arg>Mr</arg>
<arg>Ms</arg>
<arg>Miss</arg>
<arg>Mrs</arg>
<arg>Madame</arg>
<arg>Monsieur</arg>
<doc>Returns a list containing given items.</doc>
<status status="PASS" start="2024-04-12T11:14:07.339394" elapsed="0.000177"/>
</kw>
<kw name="List Should Contain Value" owner="Collections">
<msg time="2024-04-12T11:14:07.340067" level="INFO">False</msg>
<arg>${allowed_titles}</arg>
<arg>${name_title}</arg>
<doc>Fails if the ``value`` is not found from ``list``.</doc>
<status status="PASS" start="2024-04-12T11:14:07.339886" elapsed="0.000219"/>
</kw>
<kw name="Set Variable" owner="BuiltIn">
<msg time="2024-04-12T11:14:07.340779" level="INFO">${name_country} = NO</msg>
<var>${name_country}</var>
<arg>${json_data["results"][0]["nat"]}</arg>
<doc>Returns the given values which can then be assigned to a variables.</doc>
<status status="PASS" start="2024-04-12T11:14:07.340398" elapsed="0.000406"/>
</kw>
<kw name="Create List" owner="BuiltIn">
<msg time="2024-04-12T11:14:07.341728" level="INFO">${list_country} = ['AD', 'AE', 'AF', 'AG', 'AI', 'AL', 'AM', 'AO', 'AQ', 'AR', 'AS', 'AT', 'AU', 'AW', 'AX', 'AZ', 'BA', 'BB', 'BD', 'BE', 'BF', 'BG', 'BH', 'BI', 'BJ', 'BL', 'BM', 'BN', 'BO', 'BQ', 'BR', 'BS', 'BT', '...</msg>
<var>${list_country}</var>
<arg>AD</arg>
<arg>AE</arg>
<arg>AF</arg>
<arg>AG</arg>
<arg>AI</arg>
<arg>AL</arg>
<arg>AM</arg>
<arg>AO</arg>
<arg>AQ</arg>
<arg>AR</arg>
<arg>AS</arg>
<arg>AT</arg>
<arg>AU</arg>
<arg>AW</arg>
<arg>AX</arg>
<arg>AZ</arg>
<arg>BA</arg>
<arg>BB</arg>
<arg>BD</arg>
<arg>BE</arg>
<arg>BF</arg>
<arg>BG</arg>
<arg>BH</arg>
<arg>BI</arg>
<arg>BJ</arg>
<arg>BL</arg>
<arg>BM</arg>
<arg>BN</arg>
<arg>BO</arg>
<arg>BQ</arg>
<arg>BR</arg>
<arg>BS</arg>
<arg>BT</arg>
<arg>BV</arg>
<arg>BW</arg>
<arg>BY</arg>
<arg>BZ</arg>
<arg>CA</arg>
<arg>CC</arg>
<arg>CD</arg>
<arg>CF</arg>
<arg>CG</arg>
<arg>CH</arg>
<arg>CI</arg>
<arg>CK</arg>
<arg>CL</arg>
<arg>CM</arg>
<arg>CN</arg>
<arg>CO</arg>
<arg>CR</arg>
<arg>CU</arg>
<arg>CV</arg>
<arg>CW</arg>
<arg>CX</arg>
<arg>CY</arg>
<arg>CZ</arg>
<arg>DE</arg>
<arg>DJ</arg>
<arg>DK</arg>
<arg>DM</arg>
<arg>DO</arg>
<arg>DZ</arg>
<arg>EC</arg>
<arg>EE</arg>
<arg>EG</arg>
<arg>EH</arg>
<arg>ER</arg>
<arg>ES</arg>
<arg>ET</arg>
<arg>FI</arg>
<arg>FJ</arg>
<arg>FK</arg>
<arg>FM</arg>
<arg>FO</arg>
<arg>FR</arg>
<arg>GA</arg>
<arg>GB</arg>
<arg>GD</arg>
<arg>GE</arg>
<arg>GF</arg>
<arg>GG</arg>
<arg>GH</arg>
<arg>GI</arg>
<arg>GL</arg>
<arg>GM</arg>
<arg>GN</arg>
<arg>GP</arg>
<arg>GQ</arg>
<arg>GR</arg>
<arg>GS</arg>
<arg>GT</arg>
<arg>GU</arg>
<arg>GW</arg>
<arg>GY</arg>
<arg>HK</arg>
<arg>HM</arg>
<arg>HN</arg>
<arg>HR</arg>
<arg>HT</arg>
<arg>HU</arg>
<arg>ID</arg>
<arg>IE</arg>
<arg>IL</arg>
<arg>IM</arg>
<arg>IN</arg>
<arg>IO</arg>
<arg>IQ</arg>
<arg>IR</arg>
<arg>IS</arg>
<arg>IT</arg>
<arg>JE</arg>
<arg>JM</arg>
<arg>JO</arg>
<arg>JP</arg>
<arg>KE</arg>
<arg>KG</arg>
<arg>KH</arg>
<arg>KI</arg>
<arg>KM</arg>
<arg>KN</arg>
<arg>KP</arg>
<arg>KR</arg>
<arg>KW</arg>
<arg>KY</arg>
<arg>KZ</arg>
<arg>LA</arg>
<arg>LB</arg>
<arg>LC</arg>
<arg>LI</arg>
<arg>LK</arg>
<arg>LR</arg>
<arg>LS</arg>
<arg>LT</arg>
<arg>LU</arg>
<arg>LV</arg>
<arg>LY</arg>
<arg>MA</arg>
<arg>MC</arg>
<arg>MD</arg>
<arg>ME</arg>
<arg>MF</arg>
<arg>MG</arg>
<arg>MH</arg>
<arg>MK</arg>
<arg>ML</arg>
<arg>MM</arg>
<arg>MN</arg>
<arg>MO</arg>
<arg>MP</arg>
<arg>MQ</arg>
<arg>MR</arg>
<arg>MS</arg>
<arg>MT</arg>
<arg>MU</arg>
<arg>MV</arg>
<arg>MW</arg>
<arg>MX</arg>
<arg>MY</arg>
<arg>MZ</arg>
<arg>NA</arg>
<arg>NC</arg>
<arg>NE</arg>
<arg>NF</arg>
<arg>NG</arg>
<arg>NI</arg>
<arg>NL</arg>
<arg>NO</arg>
<arg>NP</arg>
<arg>NR</arg>
<arg>NU</arg>
<arg>NZ</arg>
<arg>OM</arg>
<arg>PA</arg>
<arg>PE</arg>
<arg>PF</arg>
<arg>PG</arg>
<arg>PH</arg>
<arg>PK</arg>
<arg>PL</arg>
<arg>PM</arg>
<arg>PN</arg>
<arg>PR</arg>
<arg>PS</arg>
<arg>PT</arg>
<arg>PW</arg>
<arg>PY</arg>
<arg>QA</arg>
<arg>RE</arg>
<arg>RO</arg>
<arg>RS</arg>
<arg>RU</arg>
<arg>RW</arg>
<arg>SA</arg>
<arg>SB</arg>
<arg>SC</arg>
<arg>SD</arg>
<arg>SE</arg>
<arg>SG</arg>
<arg>SH</arg>
<arg>SI</arg>
<arg>SJ</arg>
<arg>SK</arg>
<arg>SL</arg>
<arg>SM</arg>
<arg>SN</arg>
<arg>SO</arg>
<arg>SR</arg>
<arg>SS</arg>
<arg>ST</arg>
<arg>SV</arg>
<arg>SX</arg>
<arg>SY</arg>
<arg>SZ</arg>
<arg>TC</arg>
<arg>TD</arg>
<arg>TF</arg>
<arg>TG</arg>
<arg>TH</arg>
<arg>TJ</arg>
<arg>TK</arg>
<arg>TL</arg>
<arg>TM</arg>
<arg>TN</arg>
<arg>TO</arg>
<arg>TR</arg>
<arg>TT</arg>
<arg>TV</arg>
<arg>TW</arg>
<arg>TZ</arg>
<arg>UA</arg>
<arg>UG</arg>
<arg>UM</arg>
<arg>US</arg>
<arg>UY</arg>
<arg>UZ</arg>
<arg>VA</arg>
<arg>VC</arg>
<arg>VE</arg>
<arg>VG</arg>
<arg>VI</arg>
<arg>VN</arg>
<arg>VU</arg>
<arg>WF</arg>
<arg>WS</arg>
<arg>XK</arg>
<arg>YE</arg>
<arg>YT</arg>
<arg>ZA</arg>
<arg>ZM</arg>
<arg>ZW</arg>
<doc>Returns a list containing given items.</doc>
<status status="PASS" start="2024-04-12T11:14:07.341115" elapsed="0.000640"/>
</kw>
<kw name="List Should Contain Value" owner="Collections">
<msg time="2024-04-12T11:14:07.342798" level="INFO">False</msg>
<arg>${list_country}</arg>
<arg>${name_country}</arg>
<doc>Fails if the ``value`` is not found from ``list``.</doc>
<status status="PASS" start="2024-04-12T11:14:07.342565" elapsed="0.000288"/>
</kw>
<kw name="Run Keyword If" owner="BuiltIn">
<kw name="Should Be True" owner="BuiltIn">
<arg>${True}</arg>
<doc>Fails if the given condition is not true.</doc>
<status status="PASS" start="2024-04-12T11:14:07.344096" elapsed="0.000157"/>
</kw>
<arg>${json_data["results"][0]["location"]["coordinates"]["latitude"]} &gt;= -90 and ${json_data["results"][0]["location"]["coordinates"]["latitude"]} &lt;= 90</arg>
<arg>Should Be True</arg>
<arg>${True}</arg>
<doc>Runs the given keyword with the given arguments, if ``condition`` is true.</doc>
<status status="PASS" start="2024-04-12T11:14:07.343175" elapsed="0.001216"/>
</kw>
<kw name="Run Keyword If" owner="BuiltIn">
<kw name="Should Be True" owner="BuiltIn">
<arg>${True}</arg>
<doc>Fails if the given condition is not true.</doc>
<status status="PASS" start="2024-04-12T11:14:07.345299" elapsed="0.000138"/>
</kw>
<arg>${json_data["results"][0]["location"]["coordinates"]["longitude"]} &gt;= -180 and ${json_data["results"][0]["location"]["coordinates"]["longitude"]} &lt;= 180</arg>
<arg>Should Be True</arg>
<arg>${True}</arg>
<doc>Runs the given keyword with the given arguments, if ``condition`` is true.</doc>
<status status="PASS" start="2024-04-12T11:14:07.344581" elapsed="0.000982"/>
</kw>
<status status="PASS" start="2024-04-12T11:14:06.958934" elapsed="0.386760"/>
</kw>
<doc>Testa o conteúdo específico dos campos retornados pela API.</doc>
<tag>testeConteudo</tag>
<status status="PASS" start="2024-04-12T11:14:06.958207" elapsed="0.387645"/>
</test>
<status status="PASS" start="2024-04-12T11:14:06.140299" elapsed="1.207636"/>
</suite>
<status status="PASS" start="2024-04-12T11:14:06.124909" elapsed="1.228541"/>
</suite>
<statistics>
<total>
<stat pass="5" fail="0" skip="0">All Tests</stat>
</total>
<tag>
<stat pass="1" fail="0" skip="0">testeConteudo</stat>
<stat pass="1" fail="0" skip="0">testeEstruturaResposta</stat>
<stat pass="1" fail="0" skip="0">testeRequisicaoBasica</stat>
<stat pass="1" fail="0" skip="0">testeTiposDados</stat>
</tag>
<suite>
<stat pass="5" fail="0" skip="0" id="s1" name="Tests">Tests</stat>
<stat pass="5" fail="0" skip="0" id="s1-s1" name="Random-User-Test">Tests.Random-User-Test</stat>
</suite>
</statistics>
<errors>
</errors>
</robot>
