<?xml version="1.0" encoding="UTF-8"?>
<robot generator="Robot 7.0.1 (Python 3.12.4 on linux)" generated="2024-07-25T02:33:55.333177" rpa="false" schemaversion="5">
<suite id="s1" name="Tests" source="/home/runner/work/ApiRandomUser/ApiRandomUser/RamdonUser/tests">
<suite id="s1-s1" name="Random-User-Test" source="/home/runner/work/ApiRandomUser/ApiRandomUser/RamdonUser/tests/random-user-test.robot">
<test id="s1-s1-t1" name="Conectar" line="13">
<kw name="Conectar API" owner="random-user-service">
<kw name="Create Session" owner="RequestsLibrary">
<msg time="2024-07-25T02:33:55.725224" level="INFO">Creating Session using : alias=consultarAPI, url=https://randomuser.me/, headers={},                     cookies={}, auth=None, timeout=None, proxies=None, verify=False,                     debug=0 </msg>
<arg>consultarAPI</arg>
<arg>${URL}</arg>
<doc>Create Session: create a HTTP session to a server</doc>
<status status="PASS" start="2024-07-25T02:33:55.725034" elapsed="0.000355"/>
</kw>
<status status="PASS" start="2024-07-25T02:33:55.724045" elapsed="0.001681"/>
</kw>
<status status="PASS" start="2024-07-25T02:33:55.723479" elapsed="0.002441"/>
</test>
<test id="s1-s1-t2" name="Validar retorno 200 e JSON Válido" line="16">
<kw name="Teste de Requisicao Basica" owner="random-user-service">
<kw name="GET On Session" owner="RequestsLibrary">
<msg time="2024-07-25T02:33:55.989474" level="INFO">GET Request : url=https://randomuser.me/api 
 path_url=/api 
 headers={'User-Agent': 'python-requests/2.32.3', 'Accept-Encoding': 'gzip, deflate', 'Accept': '*/*', 'Connection': 'keep-alive'} 
 body=None 
 </msg>
<msg time="2024-07-25T02:33:55.989600" level="INFO">GET Response : url=https://randomuser.me/api 
 status=200, reason=OK 
 headers={'Date': 'Thu, 25 Jul 2024 02:33:55 GMT', 'Content-Type': 'application/json; charset=utf-8', 'Transfer-Encoding': 'chunked', 'Connection': 'keep-alive', 'X-Powered-By': 'Express', 'Access-Control-Allow-Origin': '*', 'Cache-Control': 'no-cache', 'ETag': 'W/"487-6CVA5lLR4wVfSD0Gd7IYQ6WhESg"', 'Vary': 'Accept-Encoding', 'Content-Encoding': 'gzip', 'CF-Cache-Status': 'DYNAMIC', 'Report-To': '{"endpoints":[{"url":"https:\\/\\/a.nel.cloudflare.com\\/report\\/v4?s=nZ%2BY1O%2FZdal5V%2B8kBqfNrTcvoEZ%2FnXw71KBn2vxa4ixAl9Aqb6VdI79S%2FOfJL9BljT4jHJrrZQLpU%2Bi7QCZ4egAPNaO2wEGXa%2FbJkwMUZrMhvF0XfdTUvTdb1buKXekb"}],"group":"cf-nel","max_age":604800}', 'NEL': '{"success_fraction":0,"report_to":"cf-nel","max_age":604800}', 'Server': 'cloudflare', 'CF-RAY': '8a88bf7c9d252f1e-IAD', 'alt-svc': 'h3=":443"; ma=86400'} 
 body={"results":[{"gender":"male","name":{"title":"Mr","first":"Micheal","last":"Sims"},"location":{"street":{"number":1518,"name":"Northaven Rd"},"city":"Lexington","state":"Colorado","country":"United States","postcode":56009,"coordinates":{"latitude":"82.4571","longitude":"-12.1321"},"timezone":{"offset":"-12:00","description":"Eniwetok, Kwajalein"}},"email":"micheal.sims@example.com","login":{"uuid":"bd028718-8f92-4f5e-b72c-a69574ebe761","username":"blackrabbit676","password":"imperial","salt":"I8Jj0t7D","md5":"7f63a8cf9169b3f9658423958e065a67","sha1":"4e865f657ae0aa45c2f20396ba91d9cb4ddd2cfb","sha256":"f418c78981abc121bd84d98dd4e68015f8993d095b948fb9382dda76d9fd7e89"},"dob":{"date":"1968-06-22T14:58:52.998Z","age":56},"registered":{"date":"2014-08-02T02:10:52.406Z","age":9},"phone":"(529) 784-4031","cell":"(571) 529-4334","id":{"name":"SSN","value":"234-43-9660"},"picture":{"large":"https://randomuser.me/api/portraits/men/36.jpg","medium":"https://randomuser.me/api/portraits/med/men/36.jpg","thumbnail":"https://randomuser.me/api/portraits/thumb/men/36.jpg"},"nat":"US"}],"info":{"seed":"2a4669fd0bbf5db2","results":1,"page":1,"version":"1.4"}} 
 </msg>
<msg time="2024-07-25T02:33:55.989683" level="INFO">/opt/hostedtoolcache/Python/3.12.4/x64/lib/python3.12/site-packages/urllib3/connectionpool.py:1099: InsecureRequestWarning: Unverified HTTPS request is being made to host 'randomuser.me'. Adding certificate verification is strongly advised. See: https://urllib3.readthedocs.io/en/latest/advanced-usage.html#tls-warnings
  warnings.warn(</msg>
<msg time="2024-07-25T02:33:55.989812" level="INFO">${response} = &lt;Response [200]&gt;</msg>
<var>${response}</var>
<arg>consultarAPI</arg>
<arg>/api</arg>
<doc>Sends a GET request on a previously created HTTP Session.</doc>
<status status="PASS" start="2024-07-25T02:33:55.728624" elapsed="0.261241"/>
</kw>
<kw name="Should Be Equal As Numbers" owner="BuiltIn">
<msg time="2024-07-25T02:33:55.990697" level="INFO">Argument types are:
&lt;class 'int'&gt;
&lt;class 'str'&gt;</msg>
<arg>${response.status_code}</arg>
<arg>200</arg>
<doc>Fails if objects are unequal after converting them to real numbers.</doc>
<status status="PASS" start="2024-07-25T02:33:55.990256" elapsed="0.000503"/>
</kw>
<kw name="Log" owner="BuiltIn">
<msg time="2024-07-25T02:33:55.991431" level="INFO">200</msg>
<arg>${response.status_code}</arg>
<doc>Logs the given message with the given level.</doc>
<status status="PASS" start="2024-07-25T02:33:55.991072" elapsed="0.000401"/>
</kw>
<kw name="Set Variable" owner="BuiltIn">
<msg time="2024-07-25T02:33:55.992204" level="INFO">${json_data} = {'results': [{'gender': 'male', 'name': {'title': 'Mr', 'first': 'Micheal', 'last': 'Sims'}, 'location': {'street': {'number': 1518, 'name': 'Northaven Rd'}, 'city': 'Lexington', 'state': 'Colorado', ...</msg>
<var>${json_data}</var>
<arg>${response.json()}</arg>
<doc>Returns the given values which can then be assigned to a variables.</doc>
<status status="PASS" start="2024-07-25T02:33:55.991777" elapsed="0.000455"/>
</kw>
<kw name="Dictionary Should Contain Key" owner="Collections">
<arg>${json_data}</arg>
<arg>results</arg>
<doc>Fails if ``key`` is not found from ``dictionary``.</doc>
<status status="PASS" start="2024-07-25T02:33:55.992532" elapsed="0.000298"/>
</kw>
<status status="PASS" start="2024-07-25T02:33:55.728376" elapsed="0.264602"/>
</kw>
<doc>Testa se a API responde corretamente e retorna um objeto JSON válido.</doc>
<tag>testeRequisicaoBasica</tag>
<status status="PASS" start="2024-07-25T02:33:55.727824" elapsed="0.265315"/>
</test>
<test id="s1-s1-t3" name="Validar estrutura de resposta" line="22">
<kw name="Teste de Estrutura de Resposta" owner="random-user-service">
<kw name="GET On Session" owner="RequestsLibrary">
<msg time="2024-07-25T02:33:56.093384" level="INFO">GET Request : url=https://randomuser.me/api 
 path_url=/api 
 headers={'User-Agent': 'python-requests/2.32.3', 'Accept-Encoding': 'gzip, deflate', 'Accept': '*/*', 'Connection': 'keep-alive'} 
 body=None 
 </msg>
<msg time="2024-07-25T02:33:56.093447" level="INFO">GET Response : url=https://randomuser.me/api 
 status=200, reason=OK 
 headers={'Date': 'Thu, 25 Jul 2024 02:33:56 GMT', 'Content-Type': 'application/json; charset=utf-8', 'Transfer-Encoding': 'chunked', 'Connection': 'keep-alive', 'X-Powered-By': 'Express', 'Access-Control-Allow-Origin': '*', 'Cache-Control': 'no-cache', 'ETag': 'W/"48d-jjT0C+kFbF4Xam2Nouqgz4sRHSc"', 'Vary': 'Accept-Encoding', 'Content-Encoding': 'gzip', 'CF-Cache-Status': 'DYNAMIC', 'Report-To': '{"endpoints":[{"url":"https:\\/\\/a.nel.cloudflare.com\\/report\\/v4?s=KbJuYEP3sy6SNBRwMWFOmaSPN7HW1H0C3%2FBU3pNw2%2FdRjA%2FdPZrMQj65rGDUGXBSWP2tcCrNRCBCUAWzTqqByuZgC64M3WFRGfzKTv1jxah3w88xsZNSRGUrfO7xpGRB"}],"group":"cf-nel","max_age":604800}', 'NEL': '{"success_fraction":0,"report_to":"cf-nel","max_age":604800}', 'Server': 'cloudflare', 'CF-RAY': '8a88bf7cfd902f1e-IAD', 'alt-svc': 'h3=":443"; ma=86400'} 
 body={"results":[{"gender":"female","name":{"title":"Mrs","first":"Lillie","last":"Jordan"},"location":{"street":{"number":9251,"name":"Preston Rd"},"city":"Hervey Bay","state":"South Australia","country":"Australia","postcode":5201,"coordinates":{"latitude":"-87.5291","longitude":"128.6144"},"timezone":{"offset":"-12:00","description":"Eniwetok, Kwajalein"}},"email":"lillie.jordan@example.com","login":{"uuid":"9790ea68-188e-409a-a466-cbc813bcdd44","username":"happyrabbit730","password":"hhhhhh","salt":"II6cJOiq","md5":"e569c8c8a2c5403fffd4a5d5e8baff78","sha1":"30b1e9dcf5f3d7a27760957691b309ba4191fa99","sha256":"689d382cef5b82a62e740ccd6f055c77bd60229caae06e33cf74bd72275e9f85"},"dob":{"date":"1988-10-05T04:06:21.748Z","age":35},"registered":{"date":"2013-02-21T18:14:22.805Z","age":11},"phone":"01-6788-3293","cell":"0483-641-458","id":{"name":"TFN","value":"184626620"},"picture":{"large":"https://randomuser.me/api/portraits/women/11.jpg","medium":"https://randomuser.me/api/portraits/med/women/11.jpg","thumbnail":"https://randomuser.me/api/portraits/thumb/women/11.jpg"},"nat":"AU"}],"info":{"seed":"0a7d8447314027cc","results":1,"page":1,"version":"1.4"}} 
 </msg>
<msg time="2024-07-25T02:33:56.093541" level="INFO">/opt/hostedtoolcache/Python/3.12.4/x64/lib/python3.12/site-packages/urllib3/connectionpool.py:1099: InsecureRequestWarning: Unverified HTTPS request is being made to host 'randomuser.me'. Adding certificate verification is strongly advised. See: https://urllib3.readthedocs.io/en/latest/advanced-usage.html#tls-warnings
  warnings.warn(</msg>
<msg time="2024-07-25T02:33:56.093638" level="INFO">${response} = &lt;Response [200]&gt;</msg>
<var>${response}</var>
<arg>consultarAPI</arg>
<arg>/api</arg>
<doc>Sends a GET request on a previously created HTTP Session.</doc>
<status status="PASS" start="2024-07-25T02:33:55.995665" elapsed="0.098013"/>
</kw>
<kw name="Set Variable" owner="BuiltIn">
<msg time="2024-07-25T02:33:56.094696" level="INFO">${json_data} = {'results': [{'gender': 'female', 'name': {'title': 'Mrs', 'first': 'Lillie', 'last': 'Jordan'}, 'location': {'street': {'number': 9251, 'name': 'Preston Rd'}, 'city': 'Hervey Bay', 'state': 'South Au...</msg>
<var>${json_data}</var>
<arg>${response.json()}</arg>
<doc>Returns the given values which can then be assigned to a variables.</doc>
<status status="PASS" start="2024-07-25T02:33:56.094112" elapsed="0.000613"/>
</kw>
<kw name="Log" owner="BuiltIn">
<msg time="2024-07-25T02:33:56.095242" level="INFO">{'results': [{'gender': 'female', 'name': {'title': 'Mrs', 'first': 'Lillie', 'last': 'Jordan'}, 'location': {'street': {'number': 9251, 'name': 'Preston Rd'}, 'city': 'Hervey Bay', 'state': 'South Australia', 'country': 'Australia', 'postcode': 5201, 'coordinates': {'latitude': '-87.5291', 'longitude': '128.6144'}, 'timezone': {'offset': '-12:00', 'description': 'Eniwetok, Kwajalein'}}, 'email': 'lillie.jordan@example.com', 'login': {'uuid': '9790ea68-188e-409a-a466-cbc813bcdd44', 'username': 'happyrabbit730', 'password': 'hhhhhh', 'salt': 'II6cJOiq', 'md5': 'e569c8c8a2c5403fffd4a5d5e8baff78', 'sha1': '30b1e9dcf5f3d7a27760957691b309ba4191fa99', 'sha256': '689d382cef5b82a62e740ccd6f055c77bd60229caae06e33cf74bd72275e9f85'}, 'dob': {'date': '1988-10-05T04:06:21.748Z', 'age': 35}, 'registered': {'date': '2013-02-21T18:14:22.805Z', 'age': 11}, 'phone': '01-6788-3293', 'cell': '0483-641-458', 'id': {'name': 'TFN', 'value': '184626620'}, 'picture': {'large': 'https://randomuser.me/api/portraits/women/11.jpg', 'medium': 'https://randomuser.me/api/portraits/med/women/11.jpg', 'thumbnail': 'https://randomuser.me/api/portraits/thumb/women/11.jpg'}, 'nat': 'AU'}], 'info': {'seed': '0a7d8447314027cc', 'results': 1, 'page': 1, 'version': '1.4'}}</msg>
<arg>${json_data}</arg>
<doc>Logs the given message with the given level.</doc>
<status status="PASS" start="2024-07-25T02:33:56.095030" elapsed="0.000283"/>
</kw>
<kw name="Dictionary Should Contain Key" owner="Collections">
<arg>${json_data}</arg>
<arg>results</arg>
<doc>Fails if ``key`` is not found from ``dictionary``.</doc>
<status status="PASS" start="2024-07-25T02:33:56.095610" elapsed="0.000156"/>
</kw>
<kw name="Should Not Be Empty" owner="BuiltIn">
<msg time="2024-07-25T02:33:56.096076" level="INFO">Length is 2.</msg>
<arg>${json_data}</arg>
<doc>Verifies that the given item is not empty.</doc>
<status status="PASS" start="2024-07-25T02:33:56.095949" elapsed="0.000165"/>
</kw>
<kw name="Create List" owner="BuiltIn">
<msg time="2024-07-25T02:33:56.096548" level="INFO">${expected_keys} = ['gender', 'name', 'location', 'email', 'login']</msg>
<var>${expected_keys}</var>
<arg>gender</arg>
<arg>name</arg>
<arg>location</arg>
<arg>email</arg>
<arg>login</arg>
<doc>Returns a list containing given items.</doc>
<status status="PASS" start="2024-07-25T02:33:56.096398" elapsed="0.000174"/>
</kw>
<for flavor="IN">
<iter>
<kw name="Dictionary Should Contain Key" owner="Collections">
<arg>${json_data['results'][0]}</arg>
<arg>${key}</arg>
<doc>Fails if ``key`` is not found from ``dictionary``.</doc>
<status status="PASS" start="2024-07-25T02:33:56.097159" elapsed="0.000408"/>
</kw>
<kw name="Log" owner="BuiltIn">
<msg time="2024-07-25T02:33:56.098121" level="INFO">{'gender': 'female', 'name': {'title': 'Mrs', 'first': 'Lillie', 'last': 'Jordan'}, 'location': {'street': {'number': 9251, 'name': 'Preston Rd'}, 'city': 'Hervey Bay', 'state': 'South Australia', 'country': 'Australia', 'postcode': 5201, 'coordinates': {'latitude': '-87.5291', 'longitude': '128.6144'}, 'timezone': {'offset': '-12:00', 'description': 'Eniwetok, Kwajalein'}}, 'email': 'lillie.jordan@example.com', 'login': {'uuid': '9790ea68-188e-409a-a466-cbc813bcdd44', 'username': 'happyrabbit730', 'password': 'hhhhhh', 'salt': 'II6cJOiq', 'md5': 'e569c8c8a2c5403fffd4a5d5e8baff78', 'sha1': '30b1e9dcf5f3d7a27760957691b309ba4191fa99', 'sha256': '689d382cef5b82a62e740ccd6f055c77bd60229caae06e33cf74bd72275e9f85'}, 'dob': {'date': '1988-10-05T04:06:21.748Z', 'age': 35}, 'registered': {'date': '2013-02-21T18:14:22.805Z', 'age': 11}, 'phone': '01-6788-3293', 'cell': '0483-641-458', 'id': {'name': 'TFN', 'value': '184626620'}, 'picture': {'large': 'https://randomuser.me/api/portraits/women/11.jpg', 'medium': 'https://randomuser.me/api/portraits/med/women/11.jpg', 'thumbnail': 'https://randomuser.me/api/portraits/thumb/women/11.jpg'}, 'nat': 'AU'}</msg>
<arg>${json_data['results'][0]}</arg>
<doc>Logs the given message with the given level.</doc>
<status status="PASS" start="2024-07-25T02:33:56.097754" elapsed="0.000417"/>
</kw>
<kw name="Log" owner="BuiltIn">
<msg time="2024-07-25T02:33:56.098633" level="INFO">gender</msg>
<arg>${key}</arg>
<doc>Logs the given message with the given level.</doc>
<status status="PASS" start="2024-07-25T02:33:56.098473" elapsed="0.000200"/>
</kw>
<var name="${key}">gender</var>
<status status="PASS" start="2024-07-25T02:33:56.097012" elapsed="0.001881"/>
</iter>
<iter>
<kw name="Dictionary Should Contain Key" owner="Collections">
<arg>${json_data['results'][0]}</arg>
<arg>${key}</arg>
<doc>Fails if ``key`` is not found from ``dictionary``.</doc>
<status status="PASS" start="2024-07-25T02:33:56.099194" elapsed="0.000386"/>
</kw>
<kw name="Log" owner="BuiltIn">
<msg time="2024-07-25T02:33:56.100117" level="INFO">{'gender': 'female', 'name': {'title': 'Mrs', 'first': 'Lillie', 'last': 'Jordan'}, 'location': {'street': {'number': 9251, 'name': 'Preston Rd'}, 'city': 'Hervey Bay', 'state': 'South Australia', 'country': 'Australia', 'postcode': 5201, 'coordinates': {'latitude': '-87.5291', 'longitude': '128.6144'}, 'timezone': {'offset': '-12:00', 'description': 'Eniwetok, Kwajalein'}}, 'email': 'lillie.jordan@example.com', 'login': {'uuid': '9790ea68-188e-409a-a466-cbc813bcdd44', 'username': 'happyrabbit730', 'password': 'hhhhhh', 'salt': 'II6cJOiq', 'md5': 'e569c8c8a2c5403fffd4a5d5e8baff78', 'sha1': '30b1e9dcf5f3d7a27760957691b309ba4191fa99', 'sha256': '689d382cef5b82a62e740ccd6f055c77bd60229caae06e33cf74bd72275e9f85'}, 'dob': {'date': '1988-10-05T04:06:21.748Z', 'age': 35}, 'registered': {'date': '2013-02-21T18:14:22.805Z', 'age': 11}, 'phone': '01-6788-3293', 'cell': '0483-641-458', 'id': {'name': 'TFN', 'value': '184626620'}, 'picture': {'large': 'https://randomuser.me/api/portraits/women/11.jpg', 'medium': 'https://randomuser.me/api/portraits/med/women/11.jpg', 'thumbnail': 'https://randomuser.me/api/portraits/thumb/women/11.jpg'}, 'nat': 'AU'}</msg>
<arg>${json_data['results'][0]}</arg>
<doc>Logs the given message with the given level.</doc>
<status status="PASS" start="2024-07-25T02:33:56.099764" elapsed="0.000433"/>
</kw>
<kw name="Log" owner="BuiltIn">
<msg time="2024-07-25T02:33:56.100623" level="INFO">name</msg>
<arg>${key}</arg>
<doc>Logs the given message with the given level.</doc>
<status status="PASS" start="2024-07-25T02:33:56.100494" elapsed="0.000166"/>
</kw>
<var name="${key}">name</var>
<status status="PASS" start="2024-07-25T02:33:56.099080" elapsed="0.001796"/>
</iter>
<iter>
<kw name="Dictionary Should Contain Key" owner="Collections">
<arg>${json_data['results'][0]}</arg>
<arg>${key}</arg>
<doc>Fails if ``key`` is not found from ``dictionary``.</doc>
<status status="PASS" start="2024-07-25T02:33:56.101159" elapsed="0.000382"/>
</kw>
<kw name="Log" owner="BuiltIn">
<msg time="2024-07-25T02:33:56.102072" level="INFO">{'gender': 'female', 'name': {'title': 'Mrs', 'first': 'Lillie', 'last': 'Jordan'}, 'location': {'street': {'number': 9251, 'name': 'Preston Rd'}, 'city': 'Hervey Bay', 'state': 'South Australia', 'country': 'Australia', 'postcode': 5201, 'coordinates': {'latitude': '-87.5291', 'longitude': '128.6144'}, 'timezone': {'offset': '-12:00', 'description': 'Eniwetok, Kwajalein'}}, 'email': 'lillie.jordan@example.com', 'login': {'uuid': '9790ea68-188e-409a-a466-cbc813bcdd44', 'username': 'happyrabbit730', 'password': 'hhhhhh', 'salt': 'II6cJOiq', 'md5': 'e569c8c8a2c5403fffd4a5d5e8baff78', 'sha1': '30b1e9dcf5f3d7a27760957691b309ba4191fa99', 'sha256': '689d382cef5b82a62e740ccd6f055c77bd60229caae06e33cf74bd72275e9f85'}, 'dob': {'date': '1988-10-05T04:06:21.748Z', 'age': 35}, 'registered': {'date': '2013-02-21T18:14:22.805Z', 'age': 11}, 'phone': '01-6788-3293', 'cell': '0483-641-458', 'id': {'name': 'TFN', 'value': '184626620'}, 'picture': {'large': 'https://randomuser.me/api/portraits/women/11.jpg', 'medium': 'https://randomuser.me/api/portraits/med/women/11.jpg', 'thumbnail': 'https://randomuser.me/api/portraits/thumb/women/11.jpg'}, 'nat': 'AU'}</msg>
<arg>${json_data['results'][0]}</arg>
<doc>Logs the given message with the given level.</doc>
<status status="PASS" start="2024-07-25T02:33:56.101728" elapsed="0.000401"/>
</kw>
<kw name="Log" owner="BuiltIn">
<msg time="2024-07-25T02:33:56.102581" level="INFO">location</msg>
<arg>${key}</arg>
<doc>Logs the given message with the given level.</doc>
<status status="PASS" start="2024-07-25T02:33:56.102422" elapsed="0.000201"/>
</kw>
<var name="${key}">location</var>
<status status="PASS" start="2024-07-25T02:33:56.101052" elapsed="0.001797"/>
</iter>
<iter>
<kw name="Dictionary Should Contain Key" owner="Collections">
<arg>${json_data['results'][0]}</arg>
<arg>${key}</arg>
<doc>Fails if ``key`` is not found from ``dictionary``.</doc>
<status status="PASS" start="2024-07-25T02:33:56.103186" elapsed="0.000434"/>
</kw>
<kw name="Log" owner="BuiltIn">
<msg time="2024-07-25T02:33:56.104492" level="INFO">{'gender': 'female', 'name': {'title': 'Mrs', 'first': 'Lillie', 'last': 'Jordan'}, 'location': {'street': {'number': 9251, 'name': 'Preston Rd'}, 'city': 'Hervey Bay', 'state': 'South Australia', 'country': 'Australia', 'postcode': 5201, 'coordinates': {'latitude': '-87.5291', 'longitude': '128.6144'}, 'timezone': {'offset': '-12:00', 'description': 'Eniwetok, Kwajalein'}}, 'email': 'lillie.jordan@example.com', 'login': {'uuid': '9790ea68-188e-409a-a466-cbc813bcdd44', 'username': 'happyrabbit730', 'password': 'hhhhhh', 'salt': 'II6cJOiq', 'md5': 'e569c8c8a2c5403fffd4a5d5e8baff78', 'sha1': '30b1e9dcf5f3d7a27760957691b309ba4191fa99', 'sha256': '689d382cef5b82a62e740ccd6f055c77bd60229caae06e33cf74bd72275e9f85'}, 'dob': {'date': '1988-10-05T04:06:21.748Z', 'age': 35}, 'registered': {'date': '2013-02-21T18:14:22.805Z', 'age': 11}, 'phone': '01-6788-3293', 'cell': '0483-641-458', 'id': {'name': 'TFN', 'value': '184626620'}, 'picture': {'large': 'https://randomuser.me/api/portraits/women/11.jpg', 'medium': 'https://randomuser.me/api/portraits/med/women/11.jpg', 'thumbnail': 'https://randomuser.me/api/portraits/thumb/women/11.jpg'}, 'nat': 'AU'}</msg>
<arg>${json_data['results'][0]}</arg>
<doc>Logs the given message with the given level.</doc>
<status status="PASS" start="2024-07-25T02:33:56.103929" elapsed="0.000639"/>
</kw>
<kw name="Log" owner="BuiltIn">
<msg time="2024-07-25T02:33:56.105167" level="INFO">email</msg>
<arg>${key}</arg>
<doc>Logs the given message with the given level.</doc>
<status status="PASS" start="2024-07-25T02:33:56.104986" elapsed="0.000245"/>
</kw>
<var name="${key}">email</var>
<status status="PASS" start="2024-07-25T02:33:56.103021" elapsed="0.002531"/>
</iter>
<iter>
<kw name="Dictionary Should Contain Key" owner="Collections">
<arg>${json_data['results'][0]}</arg>
<arg>${key}</arg>
<doc>Fails if ``key`` is not found from ``dictionary``.</doc>
<status status="PASS" start="2024-07-25T02:33:56.105990" elapsed="0.000406"/>
</kw>
<kw name="Log" owner="BuiltIn">
<msg time="2024-07-25T02:33:56.106975" level="INFO">{'gender': 'female', 'name': {'title': 'Mrs', 'first': 'Lillie', 'last': 'Jordan'}, 'location': {'street': {'number': 9251, 'name': 'Preston Rd'}, 'city': 'Hervey Bay', 'state': 'South Australia', 'country': 'Australia', 'postcode': 5201, 'coordinates': {'latitude': '-87.5291', 'longitude': '128.6144'}, 'timezone': {'offset': '-12:00', 'description': 'Eniwetok, Kwajalein'}}, 'email': 'lillie.jordan@example.com', 'login': {'uuid': '9790ea68-188e-409a-a466-cbc813bcdd44', 'username': 'happyrabbit730', 'password': 'hhhhhh', 'salt': 'II6cJOiq', 'md5': 'e569c8c8a2c5403fffd4a5d5e8baff78', 'sha1': '30b1e9dcf5f3d7a27760957691b309ba4191fa99', 'sha256': '689d382cef5b82a62e740ccd6f055c77bd60229caae06e33cf74bd72275e9f85'}, 'dob': {'date': '1988-10-05T04:06:21.748Z', 'age': 35}, 'registered': {'date': '2013-02-21T18:14:22.805Z', 'age': 11}, 'phone': '01-6788-3293', 'cell': '0483-641-458', 'id': {'name': 'TFN', 'value': '184626620'}, 'picture': {'large': 'https://randomuser.me/api/portraits/women/11.jpg', 'medium': 'https://randomuser.me/api/portraits/med/women/11.jpg', 'thumbnail': 'https://randomuser.me/api/portraits/thumb/women/11.jpg'}, 'nat': 'AU'}</msg>
<arg>${json_data['results'][0]}</arg>
<doc>Logs the given message with the given level.</doc>
<status status="PASS" start="2024-07-25T02:33:56.106617" elapsed="0.000404"/>
</kw>
<kw name="Log" owner="BuiltIn">
<msg time="2024-07-25T02:33:56.107504" level="INFO">login</msg>
<arg>${key}</arg>
<doc>Logs the given message with the given level.</doc>
<status status="PASS" start="2024-07-25T02:33:56.107315" elapsed="0.000244"/>
</kw>
<var name="${key}">login</var>
<status status="PASS" start="2024-07-25T02:33:56.105823" elapsed="0.002022"/>
</iter>
<var>${key}</var>
<value>@{expected_keys}</value>
<status status="PASS" start="2024-07-25T02:33:56.096831" elapsed="0.011135"/>
</for>
<kw name="Create List" owner="BuiltIn">
<msg time="2024-07-25T02:33:56.108296" level="INFO">${expected_keysTwo} = ['username', 'password']</msg>
<var>${expected_keysTwo}</var>
<arg>username</arg>
<arg>password</arg>
<doc>Returns a list containing given items.</doc>
<status status="PASS" start="2024-07-25T02:33:56.108155" elapsed="0.000192"/>
</kw>
<for flavor="IN">
<iter>
<kw name="Dictionary Should Contain Key" owner="Collections">
<arg>${json_data['results'][0]['login']}</arg>
<arg>${keyTwo}</arg>
<doc>Fails if ``key`` is not found from ``dictionary``.</doc>
<status status="PASS" start="2024-07-25T02:33:56.108851" elapsed="0.000385"/>
</kw>
<kw name="Dictionary Should Contain Key" owner="Collections">
<arg>${json_data['results'][0]['login']}</arg>
<arg>${keyTwo}</arg>
<doc>Fails if ``key`` is not found from ``dictionary``.</doc>
<status status="PASS" start="2024-07-25T02:33:56.109418" elapsed="0.000372"/>
</kw>
<kw name="Log" owner="BuiltIn">
<msg time="2024-07-25T02:33:56.110087" level="INFO">username</msg>
<arg>${keyTwo}</arg>
<doc>Logs the given message with the given level.</doc>
<status status="PASS" start="2024-07-25T02:33:56.109967" elapsed="0.000156"/>
</kw>
<var name="${keyTwo}">username</var>
<status status="PASS" start="2024-07-25T02:33:56.108742" elapsed="0.001602"/>
</iter>
<iter>
<kw name="Dictionary Should Contain Key" owner="Collections">
<arg>${json_data['results'][0]['login']}</arg>
<arg>${keyTwo}</arg>
<doc>Fails if ``key`` is not found from ``dictionary``.</doc>
<status status="PASS" start="2024-07-25T02:33:56.110659" elapsed="0.000386"/>
</kw>
<kw name="Dictionary Should Contain Key" owner="Collections">
<arg>${json_data['results'][0]['login']}</arg>
<arg>${keyTwo}</arg>
<doc>Fails if ``key`` is not found from ``dictionary``.</doc>
<status status="PASS" start="2024-07-25T02:33:56.111221" elapsed="0.000368"/>
</kw>
<kw name="Log" owner="BuiltIn">
<msg time="2024-07-25T02:33:56.111888" level="INFO">password</msg>
<arg>${keyTwo}</arg>
<doc>Logs the given message with the given level.</doc>
<status status="PASS" start="2024-07-25T02:33:56.111761" elapsed="0.000165"/>
</kw>
<var name="${keyTwo}">password</var>
<status status="PASS" start="2024-07-25T02:33:56.110515" elapsed="0.001688"/>
</iter>
<var>${keyTwo}</var>
<value>@{expected_keysTwo}</value>
<status status="PASS" start="2024-07-25T02:33:56.108590" elapsed="0.003737"/>
</for>
<status status="PASS" start="2024-07-25T02:33:55.995435" elapsed="0.117031"/>
</kw>
<doc>Testa a estrutura da resposta da API.</doc>
<tag>testeEstruturaResposta</tag>
<status status="PASS" start="2024-07-25T02:33:55.994945" elapsed="0.117677"/>
</test>
<test id="s1-s1-t4" name="Validar tipos de dados" line="28">
<kw name="Teste de Tipos de Dados" owner="random-user-service">
<kw name="GET On Session" owner="RequestsLibrary">
<msg time="2024-07-25T02:33:56.198497" level="INFO">GET Request : url=https://randomuser.me/api 
 path_url=/api 
 headers={'User-Agent': 'python-requests/2.32.3', 'Accept-Encoding': 'gzip, deflate', 'Accept': '*/*', 'Connection': 'keep-alive'} 
 body=None 
 </msg>
<msg time="2024-07-25T02:33:56.198598" level="INFO">GET Response : url=https://randomuser.me/api 
 status=200, reason=OK 
 headers={'Date': 'Thu, 25 Jul 2024 02:33:56 GMT', 'Content-Type': 'application/json; charset=utf-8', 'Transfer-Encoding': 'chunked', 'Connection': 'keep-alive', 'X-Powered-By': 'Express', 'Access-Control-Allow-Origin': '*', 'Cache-Control': 'no-cache', 'ETag': 'W/"48b-hKVCru7Q9K56Nh/z5HwSvn0vn2I"', 'Vary': 'Accept-Encoding', 'Content-Encoding': 'gzip', 'CF-Cache-Status': 'DYNAMIC', 'Report-To': '{"endpoints":[{"url":"https:\\/\\/a.nel.cloudflare.com\\/report\\/v4?s=LbAdRHNKCE8qNzabcYFQ%2FqjJnj1RnZ4fNC7LDovZ3JiHKw2zjjUfOnSt5bmdq6TOJMnhq6r8z0sbbwvW6MgsQ8vmhJzk0UdkEp5M7f1UYc%2BiRTWXpUApF7XU048jV9cs"}],"group":"cf-nel","max_age":604800}', 'NEL': '{"success_fraction":0,"report_to":"cf-nel","max_age":604800}', 'Server': 'cloudflare', 'CF-RAY': '8a88bf7dbe822f1e-IAD', 'alt-svc': 'h3=":443"; ma=86400'} 
 body={"results":[{"gender":"female","name":{"title":"Mrs","first":"Carol","last":"Hunter"},"location":{"street":{"number":5803,"name":"High Street"},"city":"Nenagh","state":"Louth","country":"Ireland","postcode":65345,"coordinates":{"latitude":"0.8036","longitude":"119.0578"},"timezone":{"offset":"+5:00","description":"Ekaterinburg, Islamabad, Karachi, Tashkent"}},"email":"carol.hunter@example.com","login":{"uuid":"376a95b9-9b2c-408e-ade8-f06005972b48","username":"lazyzebra129","password":"taichi","salt":"TlWbI3x1","md5":"49e6c1609b6ff19c0ce0023c4996222a","sha1":"aaf6a36e9934f70d13ce6dcfeedcf007833dc77e","sha256":"684174050ea6b2d9a72a85ad1934fe730ea89e6335a7d60a8c5b33835384766f"},"dob":{"date":"1967-06-29T00:42:26.917Z","age":57},"registered":{"date":"2002-08-22T23:51:32.731Z","age":21},"phone":"031-541-7259","cell":"081-523-5199","id":{"name":"PPS","value":"5253015T"},"picture":{"large":"https://randomuser.me/api/portraits/women/2.jpg","medium":"https://randomuser.me/api/portraits/med/women/2.jpg","thumbnail":"https://randomuser.me/api/portraits/thumb/women/2.jpg"},"nat":"IE"}],"info":{"seed":"261e4890568f94c7","results":1,"page":1,"version":"1.4"}} 
 </msg>
<msg time="2024-07-25T02:33:56.198673" level="INFO">/opt/hostedtoolcache/Python/3.12.4/x64/lib/python3.12/site-packages/urllib3/connectionpool.py:1099: InsecureRequestWarning: Unverified HTTPS request is being made to host 'randomuser.me'. Adding certificate verification is strongly advised. See: https://urllib3.readthedocs.io/en/latest/advanced-usage.html#tls-warnings
  warnings.warn(</msg>
<msg time="2024-07-25T02:33:56.198768" level="INFO">${response} = &lt;Response [200]&gt;</msg>
<var>${response}</var>
<arg>consultarAPI</arg>
<arg>/api</arg>
<doc>Sends a GET request on a previously created HTTP Session.</doc>
<status status="PASS" start="2024-07-25T02:33:56.115021" elapsed="0.083792"/>
</kw>
<kw name="Set Variable" owner="BuiltIn">
<msg time="2024-07-25T02:33:56.199802" level="INFO">${json_data} = {'results': [{'gender': 'female', 'name': {'title': 'Mrs', 'first': 'Carol', 'last': 'Hunter'}, 'location': {'street': {'number': 5803, 'name': 'High Street'}, 'city': 'Nenagh', 'state': 'Louth', 'cou...</msg>
<var>${json_data}</var>
<arg>${response.json()}</arg>
<doc>Returns the given values which can then be assigned to a variables.</doc>
<status status="PASS" start="2024-07-25T02:33:56.199249" elapsed="0.000587"/>
</kw>
<kw name="Log" owner="BuiltIn">
<msg time="2024-07-25T02:33:56.200306" level="INFO">{'results': [{'gender': 'female', 'name': {'title': 'Mrs', 'first': 'Carol', 'last': 'Hunter'}, 'location': {'street': {'number': 5803, 'name': 'High Street'}, 'city': 'Nenagh', 'state': 'Louth', 'country': 'Ireland', 'postcode': 65345, 'coordinates': {'latitude': '0.8036', 'longitude': '119.0578'}, 'timezone': {'offset': '+5:00', 'description': 'Ekaterinburg, Islamabad, Karachi, Tashkent'}}, 'email': 'carol.hunter@example.com', 'login': {'uuid': '376a95b9-9b2c-408e-ade8-f06005972b48', 'username': 'lazyzebra129', 'password': 'taichi', 'salt': 'TlWbI3x1', 'md5': '49e6c1609b6ff19c0ce0023c4996222a', 'sha1': 'aaf6a36e9934f70d13ce6dcfeedcf007833dc77e', 'sha256': '684174050ea6b2d9a72a85ad1934fe730ea89e6335a7d60a8c5b33835384766f'}, 'dob': {'date': '1967-06-29T00:42:26.917Z', 'age': 57}, 'registered': {'date': '2002-08-22T23:51:32.731Z', 'age': 21}, 'phone': '031-541-7259', 'cell': '081-523-5199', 'id': {'name': 'PPS', 'value': '5253015T'}, 'picture': {'large': 'https://randomuser.me/api/portraits/women/2.jpg', 'medium': 'https://randomuser.me/api/portraits/med/women/2.jpg', 'thumbnail': 'https://randomuser.me/api/portraits/thumb/women/2.jpg'}, 'nat': 'IE'}], 'info': {'seed': '261e4890568f94c7', 'results': 1, 'page': 1, 'version': '1.4'}}</msg>
<arg>${json_data}</arg>
<doc>Logs the given message with the given level.</doc>
<status status="PASS" start="2024-07-25T02:33:56.200157" elapsed="0.000195"/>
</kw>
<kw name="Should Be String" owner="String">
<arg>${json_data['results'][0]['gender']}</arg>
<doc>Fails if the given ``item`` is not a string.</doc>
<status status="PASS" start="2024-07-25T02:33:56.200638" elapsed="0.000442"/>
</kw>
<kw name="Should Match Regexp" owner="BuiltIn">
<arg>${json_data['results'][0]['email']}</arg>
<arg>^[a-zA-Z0-9._%+-]+@[a-zA-Z0-9.-]+\.[a-zA-Z]{2,}$</arg>
<doc>Fails if ``string`` does not match ``pattern`` as a regular expression.</doc>
<status status="PASS" start="2024-07-25T02:33:56.201271" elapsed="0.000510"/>
</kw>
<kw name="Should Match Regexp" owner="BuiltIn">
<arg>${json_data['results'][0]['dob']['date']}</arg>
<arg>\\d{4}-\\d{2}-\\d{2}T\\d{2}:\\d{2}:\\d{2}\\.\\d{3}Z</arg>
<doc>Fails if ``string`` does not match ``pattern`` as a regular expression.</doc>
<status status="PASS" start="2024-07-25T02:33:56.202007" elapsed="0.000614"/>
</kw>
<kw name="Should Match Regexp" owner="BuiltIn">
<arg>${json_data['results'][0]['registered']['date']}</arg>
<arg>\\d{4}-\\d{2}-\\d{2}T\\d{2}:\\d{2}:\\d{2}\\.\\d{3}Z</arg>
<doc>Fails if ``string`` does not match ``pattern`` as a regular expression.</doc>
<status status="PASS" start="2024-07-25T02:33:56.202820" elapsed="0.000373"/>
</kw>
<kw name="Should Match Regexp" owner="BuiltIn">
<arg>${json_data['results'][0]['picture']['large']}</arg>
<arg>^https?://.*\.(?:png|jpe?g|gif|bmp)$</arg>
<doc>Fails if ``string`` does not match ``pattern`` as a regular expression.</doc>
<status status="PASS" start="2024-07-25T02:33:56.203379" elapsed="0.000460"/>
</kw>
<kw name="Should Match Regexp" owner="BuiltIn">
<arg>${json_data['results'][0]['picture']['medium']}</arg>
<arg>^https?://.*\.(?:png|jpe?g|gif|bmp)$</arg>
<doc>Fails if ``string`` does not match ``pattern`` as a regular expression.</doc>
<status status="PASS" start="2024-07-25T02:33:56.204025" elapsed="0.000357"/>
</kw>
<kw name="Should Match Regexp" owner="BuiltIn">
<arg>${json_data['results'][0]['picture']['thumbnail']}</arg>
<arg>^https?://.*\.(?:png|jpe?g|gif|bmp)$</arg>
<doc>Fails if ``string`` does not match ``pattern`` as a regular expression.</doc>
<status status="PASS" start="2024-07-25T02:33:56.204562" elapsed="0.000350"/>
</kw>
<kw name="Log" owner="BuiltIn">
<msg time="2024-07-25T02:33:56.205411" level="INFO">{'large': 'https://randomuser.me/api/portraits/women/2.jpg', 'medium': 'https://randomuser.me/api/portraits/med/women/2.jpg', 'thumbnail': 'https://randomuser.me/api/portraits/thumb/women/2.jpg'}</msg>
<arg>${json_data['results'][0]['picture']}</arg>
<doc>Logs the given message with the given level.</doc>
<status status="PASS" start="2024-07-25T02:33:56.205090" elapsed="0.000366"/>
</kw>
<status status="PASS" start="2024-07-25T02:33:56.114769" elapsed="0.090940"/>
</kw>
<kw name="Teste de Tipos de Dados - Postcode" owner="random-user-service">
<kw name="GET On Session" owner="RequestsLibrary">
<msg time="2024-07-25T02:33:56.303370" level="INFO">GET Request : url=https://randomuser.me/api 
 path_url=/api 
 headers={'User-Agent': 'python-requests/2.32.3', 'Accept-Encoding': 'gzip, deflate', 'Accept': '*/*', 'Connection': 'keep-alive'} 
 body=None 
 </msg>
<msg time="2024-07-25T02:33:56.303451" level="INFO">GET Response : url=https://randomuser.me/api 
 status=200, reason=OK 
 headers={'Date': 'Thu, 25 Jul 2024 02:33:56 GMT', 'Content-Type': 'application/json; charset=utf-8', 'Transfer-Encoding': 'chunked', 'Connection': 'keep-alive', 'X-Powered-By': 'Express', 'Access-Control-Allow-Origin': '*', 'Cache-Control': 'no-cache', 'ETag': 'W/"484-my7lxVha9nGlRbqjwHyp2bqlIrQ"', 'Vary': 'Accept-Encoding', 'Content-Encoding': 'gzip', 'CF-Cache-Status': 'DYNAMIC', 'Report-To': '{"endpoints":[{"url":"https:\\/\\/a.nel.cloudflare.com\\/report\\/v4?s=JIeJ652wFe9zMRQY01kQ6WG7q4ei7y7RhFO0Iby2zDYa7d95mmi%2FZk9XgGdl0IWWiDJJHlg5s83fbViwd%2BLaoXvbsmuWjuXf9Oc%2FR%2Fp8leBV05hqUgjVRz6EWBcv6Xbj"}],"group":"cf-nel","max_age":604800}', 'NEL': '{"success_fraction":0,"report_to":"cf-nel","max_age":604800}', 'Server': 'cloudflare', 'CF-RAY': '8a88bf7e4f322f1e-IAD', 'alt-svc': 'h3=":443"; ma=86400'} 
 body={"results":[{"gender":"male","name":{"title":"Mr","first":"Sergio","last":"Griffin"},"location":{"street":{"number":2329,"name":"Paddock Way"},"city":"Albany","state":"Australian Capital Territory","country":"Australia","postcode":4228,"coordinates":{"latitude":"-86.0412","longitude":"-122.8326"},"timezone":{"offset":"-3:30","description":"Newfoundland"}},"email":"sergio.griffin@example.com","login":{"uuid":"d5439015-f401-4ae4-9db5-b0127d171511","username":"redgoose760","password":"spam","salt":"8scfP5tf","md5":"9477f05a802861970d826aab470aad04","sha1":"f71ba978e7fdc675d522debcbeae6f52974ea832","sha256":"ec7545b6bd1d8bb24a1347046c9077c01361dcca62b62954a6b9813a319907b9"},"dob":{"date":"1945-07-27T11:54:44.868Z","age":78},"registered":{"date":"2003-08-27T07:51:19.117Z","age":20},"phone":"04-8040-3113","cell":"0468-981-559","id":{"name":"TFN","value":"031125188"},"picture":{"large":"https://randomuser.me/api/portraits/men/15.jpg","medium":"https://randomuser.me/api/portraits/med/men/15.jpg","thumbnail":"https://randomuser.me/api/portraits/thumb/men/15.jpg"},"nat":"AU"}],"info":{"seed":"dd90e4cbd2274c09","results":1,"page":1,"version":"1.4"}} 
 </msg>
<msg time="2024-07-25T02:33:56.303523" level="INFO">/opt/hostedtoolcache/Python/3.12.4/x64/lib/python3.12/site-packages/urllib3/connectionpool.py:1099: InsecureRequestWarning: Unverified HTTPS request is being made to host 'randomuser.me'. Adding certificate verification is strongly advised. See: https://urllib3.readthedocs.io/en/latest/advanced-usage.html#tls-warnings
  warnings.warn(</msg>
<msg time="2024-07-25T02:33:56.303613" level="INFO">${response} = &lt;Response [200]&gt;</msg>
<var>${response}</var>
<arg>consultarAPI</arg>
<arg>/api</arg>
<doc>Sends a GET request on a previously created HTTP Session.</doc>
<status status="PASS" start="2024-07-25T02:33:56.206139" elapsed="0.097499"/>
</kw>
<kw name="Set Variable" owner="BuiltIn">
<msg time="2024-07-25T02:33:56.304446" level="INFO">${json_data} = {'results': [{'gender': 'male', 'name': {'title': 'Mr', 'first': 'Sergio', 'last': 'Griffin'}, 'location': {'street': {'number': 2329, 'name': 'Paddock Way'}, 'city': 'Albany', 'state': 'Australian Ca...</msg>
<var>${json_data}</var>
<arg>${response.json()}</arg>
<doc>Returns the given values which can then be assigned to a variables.</doc>
<status status="PASS" start="2024-07-25T02:33:56.304006" elapsed="0.000467"/>
</kw>
<kw name="Log" owner="BuiltIn">
<msg time="2024-07-25T02:33:56.304924" level="INFO">{'results': [{'gender': 'male', 'name': {'title': 'Mr', 'first': 'Sergio', 'last': 'Griffin'}, 'location': {'street': {'number': 2329, 'name': 'Paddock Way'}, 'city': 'Albany', 'state': 'Australian Capital Territory', 'country': 'Australia', 'postcode': 4228, 'coordinates': {'latitude': '-86.0412', 'longitude': '-122.8326'}, 'timezone': {'offset': '-3:30', 'description': 'Newfoundland'}}, 'email': 'sergio.griffin@example.com', 'login': {'uuid': 'd5439015-f401-4ae4-9db5-b0127d171511', 'username': 'redgoose760', 'password': 'spam', 'salt': '8scfP5tf', 'md5': '9477f05a802861970d826aab470aad04', 'sha1': 'f71ba978e7fdc675d522debcbeae6f52974ea832', 'sha256': 'ec7545b6bd1d8bb24a1347046c9077c01361dcca62b62954a6b9813a319907b9'}, 'dob': {'date': '1945-07-27T11:54:44.868Z', 'age': 78}, 'registered': {'date': '2003-08-27T07:51:19.117Z', 'age': 20}, 'phone': '04-8040-3113', 'cell': '0468-981-559', 'id': {'name': 'TFN', 'value': '031125188'}, 'picture': {'large': 'https://randomuser.me/api/portraits/men/15.jpg', 'medium': 'https://randomuser.me/api/portraits/med/men/15.jpg', 'thumbnail': 'https://randomuser.me/api/portraits/thumb/men/15.jpg'}, 'nat': 'AU'}], 'info': {'seed': 'dd90e4cbd2274c09', 'results': 1, 'page': 1, 'version': '1.4'}}</msg>
<arg>${json_data}</arg>
<doc>Logs the given message with the given level.</doc>
<status status="PASS" start="2024-07-25T02:33:56.304774" elapsed="0.000201"/>
</kw>
<kw name="Should Be Equal As Numbers" owner="BuiltIn">
<arg>${json_data['results'][0]['location']['postcode']}</arg>
<arg>${json_data['results'][0]['location']['postcode']}</arg>
<doc>Fails if objects are unequal after converting them to real numbers.</doc>
<status status="PASS" start="2024-07-25T02:33:56.305270" elapsed="0.000613"/>
</kw>
<kw name="Log" owner="BuiltIn">
<msg time="2024-07-25T02:33:56.306408" level="INFO">4228</msg>
<arg>${json_data['results'][0]['location']['postcode']}</arg>
<doc>Logs the given message with the given level.</doc>
<status status="PASS" start="2024-07-25T02:33:56.306076" elapsed="0.000372"/>
</kw>
<status status="PASS" start="2024-07-25T02:33:56.205917" elapsed="0.100831"/>
</kw>
<doc>Testa se os tipos de dados na resposta da API estão corretos.</doc>
<tag>testeTiposDados</tag>
<status status="PASS" start="2024-07-25T02:33:56.114328" elapsed="0.192575"/>
</test>
<test id="s1-s1-t5" name="Validar conteudo" line="35">
<kw name="Teste de Tipos de Conteudo" owner="random-user-service">
<kw name="GET On Session" owner="RequestsLibrary">
<msg time="2024-07-25T02:33:56.416194" level="INFO">GET Request : url=https://randomuser.me/api 
 path_url=/api 
 headers={'User-Agent': 'python-requests/2.32.3', 'Accept-Encoding': 'gzip, deflate', 'Accept': '*/*', 'Connection': 'keep-alive'} 
 body=None 
 </msg>
<msg time="2024-07-25T02:33:56.416278" level="INFO">GET Response : url=https://randomuser.me/api 
 status=200, reason=OK 
 headers={'Date': 'Thu, 25 Jul 2024 02:33:56 GMT', 'Content-Type': 'application/json; charset=utf-8', 'Transfer-Encoding': 'chunked', 'Connection': 'keep-alive', 'X-Powered-By': 'Express', 'Access-Control-Allow-Origin': '*', 'Cache-Control': 'no-cache', 'ETag': 'W/"478-zF8xeaGCUPKyUwMpVeqykyLYinA"', 'Vary': 'Accept-Encoding', 'Content-Encoding': 'gzip', 'CF-Cache-Status': 'DYNAMIC', 'Report-To': '{"endpoints":[{"url":"https:\\/\\/a.nel.cloudflare.com\\/report\\/v4?s=xnPGhky8lu%2BRNlpi8q6LWAvigLWsHMGJPc%2FCmjCDvvo3UbW%2F9yjr%2F%2BTDs7tui6wFa3XFoPzG5pW2YMlLTAMSDHig24%2BU%2BGvY4RU5nHkCvE2yIWU%2FXcT5HBlwEGofd%2F%2FH"}],"group":"cf-nel","max_age":604800}', 'NEL': '{"success_fraction":0,"report_to":"cf-nel","max_age":604800}', 'Server': 'cloudflare', 'CF-RAY': '8a88bf7eeffa2f1e-IAD', 'alt-svc': 'h3=":443"; ma=86400'} 
 body={"results":[{"gender":"female","name":{"title":"Mrs","first":"Buse","last":"Akbulut"},"location":{"street":{"number":9729,"name":"Vatan Cd"},"city":"Bursa","state":"Çanakkale","country":"Turkey","postcode":61254,"coordinates":{"latitude":"66.2199","longitude":"66.2317"},"timezone":{"offset":"+6:00","description":"Almaty, Dhaka, Colombo"}},"email":"buse.akbulut@example.com","login":{"uuid":"118cff33-9bbb-42fd-a473-476bc508a474","username":"blueelephant538","password":"hunter1","salt":"SSSi8YQs","md5":"3544916d722725f4432e1331bbcf2507","sha1":"4d8446788f57634fbc0a51d57532f366e01fe255","sha256":"d083cff9dfae3d224651946977e392892d3fe261fec9fac625c6eef937959fe9"},"dob":{"date":"1967-06-08T21:25:55.257Z","age":57},"registered":{"date":"2016-04-04T01:03:16.621Z","age":8},"phone":"(305)-634-2193","cell":"(462)-934-8476","id":{"name":"","value":null},"picture":{"large":"https://randomuser.me/api/portraits/women/73.jpg","medium":"https://randomuser.me/api/portraits/med/women/73.jpg","thumbnail":"https://randomuser.me/api/portraits/thumb/women/73.jpg"},"nat":"TR"}],"info":{"seed":"460be1de977a0830","results":1,"page":1,"version":"1.4"}} 
 </msg>
<msg time="2024-07-25T02:33:56.416354" level="INFO">/opt/hostedtoolcache/Python/3.12.4/x64/lib/python3.12/site-packages/urllib3/connectionpool.py:1099: InsecureRequestWarning: Unverified HTTPS request is being made to host 'randomuser.me'. Adding certificate verification is strongly advised. See: https://urllib3.readthedocs.io/en/latest/advanced-usage.html#tls-warnings
  warnings.warn(</msg>
<msg time="2024-07-25T02:33:56.416473" level="INFO">${response} = &lt;Response [200]&gt;</msg>
<var>${response}</var>
<arg>consultarAPI</arg>
<arg>/api</arg>
<doc>Sends a GET request on a previously created HTTP Session.</doc>
<status status="PASS" start="2024-07-25T02:33:56.309252" elapsed="0.107271"/>
</kw>
<kw name="Set Variable" owner="BuiltIn">
<msg time="2024-07-25T02:33:56.417382" level="INFO">${json_data} = {'results': [{'gender': 'female', 'name': {'title': 'Mrs', 'first': 'Buse', 'last': 'Akbulut'}, 'location': {'street': {'number': 9729, 'name': 'Vatan Cd'}, 'city': 'Bursa', 'state': 'Çanakkale', 'cou...</msg>
<var>${json_data}</var>
<arg>${response.json()}</arg>
<doc>Returns the given values which can then be assigned to a variables.</doc>
<status status="PASS" start="2024-07-25T02:33:56.416935" elapsed="0.000477"/>
</kw>
<kw name="Set Variable" owner="BuiltIn">
<msg time="2024-07-25T02:33:56.418093" level="INFO">${name_title} = Mrs</msg>
<var>${name_title}</var>
<arg>${json_data["results"][0]["name"]["title"]}</arg>
<doc>Returns the given values which can then be assigned to a variables.</doc>
<status status="PASS" start="2024-07-25T02:33:56.417713" elapsed="0.000406"/>
</kw>
<kw name="Create List" owner="BuiltIn">
<msg time="2024-07-25T02:33:56.418607" level="INFO">${allowed_titles} = ['Mr', 'Ms', 'Miss', 'Mrs', 'Madame', 'Monsieur']</msg>
<var>${allowed_titles}</var>
<arg>Mr</arg>
<arg>Ms</arg>
<arg>Miss</arg>
<arg>Mrs</arg>
<arg>Madame</arg>
<arg>Monsieur</arg>
<doc>Returns a list containing given items.</doc>
<status status="PASS" start="2024-07-25T02:33:56.418411" elapsed="0.000226"/>
</kw>
<kw name="List Should Contain Value" owner="Collections">
<arg>${allowed_titles}</arg>
<arg>${name_title}</arg>
<doc>Fails if the ``value`` is not found from ``list``.</doc>
<status status="PASS" start="2024-07-25T02:33:56.418939" elapsed="0.000176"/>
</kw>
<kw name="Set Variable" owner="BuiltIn">
<msg time="2024-07-25T02:33:56.419675" level="INFO">${name_country} = TR</msg>
<var>${name_country}</var>
<arg>${json_data["results"][0]["nat"]}</arg>
<doc>Returns the given values which can then be assigned to a variables.</doc>
<status status="PASS" start="2024-07-25T02:33:56.419299" elapsed="0.000400"/>
</kw>
<kw name="Create List" owner="BuiltIn">
<msg time="2024-07-25T02:33:56.420581" level="INFO">${list_country} = ['AD', 'AE', 'AF', 'AG', 'AI', 'AL', 'AM', 'AO', 'AQ', 'AR', 'AS', 'AT', 'AU', 'AW', 'AX', 'AZ', 'BA', 'BB', 'BD', 'BE', 'BF', 'BG', 'BH', 'BI', 'BJ', 'BL', 'BM', 'BN', 'BO', 'BQ', 'BR', 'BS', 'BT', '...</msg>
<var>${list_country}</var>
<arg>AD</arg>
<arg>AE</arg>
<arg>AF</arg>
<arg>AG</arg>
<arg>AI</arg>
<arg>AL</arg>
<arg>AM</arg>
<arg>AO</arg>
<arg>AQ</arg>
<arg>AR</arg>
<arg>AS</arg>
<arg>AT</arg>
<arg>AU</arg>
<arg>AW</arg>
<arg>AX</arg>
<arg>AZ</arg>
<arg>BA</arg>
<arg>BB</arg>
<arg>BD</arg>
<arg>BE</arg>
<arg>BF</arg>
<arg>BG</arg>
<arg>BH</arg>
<arg>BI</arg>
<arg>BJ</arg>
<arg>BL</arg>
<arg>BM</arg>
<arg>BN</arg>
<arg>BO</arg>
<arg>BQ</arg>
<arg>BR</arg>
<arg>BS</arg>
<arg>BT</arg>
<arg>BV</arg>
<arg>BW</arg>
<arg>BY</arg>
<arg>BZ</arg>
<arg>CA</arg>
<arg>CC</arg>
<arg>CD</arg>
<arg>CF</arg>
<arg>CG</arg>
<arg>CH</arg>
<arg>CI</arg>
<arg>CK</arg>
<arg>CL</arg>
<arg>CM</arg>
<arg>CN</arg>
<arg>CO</arg>
<arg>CR</arg>
<arg>CU</arg>
<arg>CV</arg>
<arg>CW</arg>
<arg>CX</arg>
<arg>CY</arg>
<arg>CZ</arg>
<arg>DE</arg>
<arg>DJ</arg>
<arg>DK</arg>
<arg>DM</arg>
<arg>DO</arg>
<arg>DZ</arg>
<arg>EC</arg>
<arg>EE</arg>
<arg>EG</arg>
<arg>EH</arg>
<arg>ER</arg>
<arg>ES</arg>
<arg>ET</arg>
<arg>FI</arg>
<arg>FJ</arg>
<arg>FK</arg>
<arg>FM</arg>
<arg>FO</arg>
<arg>FR</arg>
<arg>GA</arg>
<arg>GB</arg>
<arg>GD</arg>
<arg>GE</arg>
<arg>GF</arg>
<arg>GG</arg>
<arg>GH</arg>
<arg>GI</arg>
<arg>GL</arg>
<arg>GM</arg>
<arg>GN</arg>
<arg>GP</arg>
<arg>GQ</arg>
<arg>GR</arg>
<arg>GS</arg>
<arg>GT</arg>
<arg>GU</arg>
<arg>GW</arg>
<arg>GY</arg>
<arg>HK</arg>
<arg>HM</arg>
<arg>HN</arg>
<arg>HR</arg>
<arg>HT</arg>
<arg>HU</arg>
<arg>ID</arg>
<arg>IE</arg>
<arg>IL</arg>
<arg>IM</arg>
<arg>IN</arg>
<arg>IO</arg>
<arg>IQ</arg>
<arg>IR</arg>
<arg>IS</arg>
<arg>IT</arg>
<arg>JE</arg>
<arg>JM</arg>
<arg>JO</arg>
<arg>JP</arg>
<arg>KE</arg>
<arg>KG</arg>
<arg>KH</arg>
<arg>KI</arg>
<arg>KM</arg>
<arg>KN</arg>
<arg>KP</arg>
<arg>KR</arg>
<arg>KW</arg>
<arg>KY</arg>
<arg>KZ</arg>
<arg>LA</arg>
<arg>LB</arg>
<arg>LC</arg>
<arg>LI</arg>
<arg>LK</arg>
<arg>LR</arg>
<arg>LS</arg>
<arg>LT</arg>
<arg>LU</arg>
<arg>LV</arg>
<arg>LY</arg>
<arg>MA</arg>
<arg>MC</arg>
<arg>MD</arg>
<arg>ME</arg>
<arg>MF</arg>
<arg>MG</arg>
<arg>MH</arg>
<arg>MK</arg>
<arg>ML</arg>
<arg>MM</arg>
<arg>MN</arg>
<arg>MO</arg>
<arg>MP</arg>
<arg>MQ</arg>
<arg>MR</arg>
<arg>MS</arg>
<arg>MT</arg>
<arg>MU</arg>
<arg>MV</arg>
<arg>MW</arg>
<arg>MX</arg>
<arg>MY</arg>
<arg>MZ</arg>
<arg>NA</arg>
<arg>NC</arg>
<arg>NE</arg>
<arg>NF</arg>
<arg>NG</arg>
<arg>NI</arg>
<arg>NL</arg>
<arg>NO</arg>
<arg>NP</arg>
<arg>NR</arg>
<arg>NU</arg>
<arg>NZ</arg>
<arg>OM</arg>
<arg>PA</arg>
<arg>PE</arg>
<arg>PF</arg>
<arg>PG</arg>
<arg>PH</arg>
<arg>PK</arg>
<arg>PL</arg>
<arg>PM</arg>
<arg>PN</arg>
<arg>PR</arg>
<arg>PS</arg>
<arg>PT</arg>
<arg>PW</arg>
<arg>PY</arg>
<arg>QA</arg>
<arg>RE</arg>
<arg>RO</arg>
<arg>RS</arg>
<arg>RU</arg>
<arg>RW</arg>
<arg>SA</arg>
<arg>SB</arg>
<arg>SC</arg>
<arg>SD</arg>
<arg>SE</arg>
<arg>SG</arg>
<arg>SH</arg>
<arg>SI</arg>
<arg>SJ</arg>
<arg>SK</arg>
<arg>SL</arg>
<arg>SM</arg>
<arg>SN</arg>
<arg>SO</arg>
<arg>SR</arg>
<arg>SS</arg>
<arg>ST</arg>
<arg>SV</arg>
<arg>SX</arg>
<arg>SY</arg>
<arg>SZ</arg>
<arg>TC</arg>
<arg>TD</arg>
<arg>TF</arg>
<arg>TG</arg>
<arg>TH</arg>
<arg>TJ</arg>
<arg>TK</arg>
<arg>TL</arg>
<arg>TM</arg>
<arg>TN</arg>
<arg>TO</arg>
<arg>TR</arg>
<arg>TT</arg>
<arg>TV</arg>
<arg>TW</arg>
<arg>TZ</arg>
<arg>UA</arg>
<arg>UG</arg>
<arg>UM</arg>
<arg>US</arg>
<arg>UY</arg>
<arg>UZ</arg>
<arg>VA</arg>
<arg>VC</arg>
<arg>VE</arg>
<arg>VG</arg>
<arg>VI</arg>
<arg>VN</arg>
<arg>VU</arg>
<arg>WF</arg>
<arg>WS</arg>
<arg>XK</arg>
<arg>YE</arg>
<arg>YT</arg>
<arg>ZA</arg>
<arg>ZM</arg>
<arg>ZW</arg>
<doc>Returns a list containing given items.</doc>
<status status="PASS" start="2024-07-25T02:33:56.419991" elapsed="0.000617"/>
</kw>
<kw name="List Should Contain Value" owner="Collections">
<arg>${list_country}</arg>
<arg>${name_country}</arg>
<doc>Fails if the ``value`` is not found from ``list``.</doc>
<status status="PASS" start="2024-07-25T02:33:56.421534" elapsed="0.000210"/>
</kw>
<kw name="Run Keyword If" owner="BuiltIn">
<kw name="Should Be True" owner="BuiltIn">
<arg>${True}</arg>
<doc>Fails if the given condition is not true.</doc>
<status status="PASS" start="2024-07-25T02:33:56.422707" elapsed="0.000143"/>
</kw>
<arg>${json_data["results"][0]["location"]["coordinates"]["latitude"]} &gt;= -90 and ${json_data["results"][0]["location"]["coordinates"]["latitude"]} &lt;= 90</arg>
<arg>Should Be True</arg>
<arg>${True}</arg>
<doc>Runs the given keyword with the given arguments, if ``condition`` is true.</doc>
<status status="PASS" start="2024-07-25T02:33:56.421941" elapsed="0.001036"/>
</kw>
<kw name="Run Keyword If" owner="BuiltIn">
<kw name="Should Be True" owner="BuiltIn">
<arg>${True}</arg>
<doc>Fails if the given condition is not true.</doc>
<status status="PASS" start="2024-07-25T02:33:56.423846" elapsed="0.000136"/>
</kw>
<arg>${json_data["results"][0]["location"]["coordinates"]["longitude"]} &gt;= -180 and ${json_data["results"][0]["location"]["coordinates"]["longitude"]} &lt;= 180</arg>
<arg>Should Be True</arg>
<arg>${True}</arg>
<doc>Runs the given keyword with the given arguments, if ``condition`` is true.</doc>
<status status="PASS" start="2024-07-25T02:33:56.423159" elapsed="0.000946"/>
</kw>
<status status="PASS" start="2024-07-25T02:33:56.309038" elapsed="0.115194"/>
</kw>
<doc>Testa o conteúdo específico dos campos retornados pela API.</doc>
<tag>testeConteudo</tag>
<status status="PASS" start="2024-07-25T02:33:56.308614" elapsed="0.115759"/>
</test>
<status status="PASS" start="2024-07-25T02:33:55.397439" elapsed="1.028798"/>
</suite>
<status status="PASS" start="2024-07-25T02:33:55.383057" elapsed="1.048069"/>
</suite>
<statistics>
<total>
<stat pass="5" fail="0" skip="0">All Tests</stat>
</total>
<tag>
<stat pass="1" fail="0" skip="0">testeConteudo</stat>
<stat pass="1" fail="0" skip="0">testeEstruturaResposta</stat>
<stat pass="1" fail="0" skip="0">testeRequisicaoBasica</stat>
<stat pass="1" fail="0" skip="0">testeTiposDados</stat>
</tag>
<suite>
<stat pass="5" fail="0" skip="0" id="s1" name="Tests">Tests</stat>
<stat pass="5" fail="0" skip="0" id="s1-s1" name="Random-User-Test">Tests.Random-User-Test</stat>
</suite>
</statistics>
<errors>
</errors>
</robot>
