<?xml version="1.0" encoding="UTF-8"?>
<robot generator="Robot 7.0 (Python 3.12.3 on linux)" generated="2024-04-22T05:14:13.363034" rpa="false" schemaversion="5">
<suite id="s1" name="Tests" source="/home/runner/work/DesafioQAItauRogerioJordao/DesafioQAItauRogerioJordao/RamdonUser/tests">
<suite id="s1-s1" name="Random-User-Test" source="/home/runner/work/DesafioQAItauRogerioJordao/DesafioQAItauRogerioJordao/RamdonUser/tests/random-user-test.robot">
<test id="s1-s1-t1" name="Conectar" line="13">
<kw name="Conectar API" owner="random-user-service">
<kw name="Create Session" owner="RequestsLibrary">
<msg time="2024-04-22T05:14:13.752459" level="INFO">Creating Session using : alias=consultarAPI, url=https://randomuser.me/, headers={},                     cookies={}, auth=None, timeout=None, proxies=None, verify=False,                     debug=0 </msg>
<arg>consultarAPI</arg>
<arg>${URL}</arg>
<doc>Create Session: create a HTTP session to a server</doc>
<status status="PASS" start="2024-04-22T05:14:13.752251" elapsed="0.000412"/>
</kw>
<status status="PASS" start="2024-04-22T05:14:13.751226" elapsed="0.001834"/>
</kw>
<status status="PASS" start="2024-04-22T05:14:13.750647" elapsed="0.002606"/>
</test>
<test id="s1-s1-t2" name="Validar retorno 200 e JSON Válido" line="16">
<kw name="Teste de Requisicao Basica" owner="random-user-service">
<kw name="GET On Session" owner="RequestsLibrary">
<msg time="2024-04-22T05:14:13.827219" level="INFO">GET Request : url=https://randomuser.me/api 
 path_url=/api 
 headers={'User-Agent': 'python-requests/2.31.0', 'Accept-Encoding': 'gzip, deflate', 'Accept': '*/*', 'Connection': 'keep-alive'} 
 body=None 
 </msg>
<msg time="2024-04-22T05:14:13.827372" level="INFO">GET Response : url=https://randomuser.me/api 
 status=200, reason=OK 
 headers={'Date': 'Mon, 22 Apr 2024 05:14:13 GMT', 'Content-Type': 'application/json; charset=utf-8', 'Transfer-Encoding': 'chunked', 'Connection': 'keep-alive', 'X-Powered-By': 'Express', 'Access-Control-Allow-Origin': '*', 'Cache-Control': 'no-cache', 'ETag': 'W/"4a9-AI793Sjc134FkXsOYiCtv5IsWGM"', 'Vary': 'Accept-Encoding', 'Content-Encoding': 'gzip', 'CF-Cache-Status': 'DYNAMIC', 'Report-To': '{"endpoints":[{"url":"https:\\/\\/a.nel.cloudflare.com\\/report\\/v4?s=ZqVkfKB68n65dOIfxKOrmugl9thgelSNeGnIV7%2B5iYtJIABKQaZ9FMlMMvoLU8SdIt2T4UTYbLifuWvTUqdhEU6CfWKalVJhG9mnUuhnKDFJJd3aVvTaOkYtR9LRM1OE"}],"group":"cf-nel","max_age":604800}', 'NEL': '{"success_fraction":0,"report_to":"cf-nel","max_age":604800}', 'Server': 'cloudflare', 'CF-RAY': '8783210c3d007fed-IAD', 'alt-svc': 'h3=":443"; ma=86400'} 
 body={"results":[{"gender":"female","name":{"title":"Ms","first":"Victoria","last":"Johnson"},"location":{"street":{"number":7034,"name":"Grove Road"},"city":"Newport","state":"County Tyrone","country":"United Kingdom","postcode":"A3D 7FS","coordinates":{"latitude":"-8.5384","longitude":"56.7635"},"timezone":{"offset":"+4:00","description":"Abu Dhabi, Muscat, Baku, Tbilisi"}},"email":"victoria.johnson@example.com","login":{"uuid":"f7d9b493-ecb3-435a-a830-3e1f5024ac9d","username":"angryelephant940","password":"christia","salt":"YTlnuNQH","md5":"99fd87450b6e3b7bd4de74b11f5a6b59","sha1":"ad980d4875e704104ff3b229f55d98014b71cc77","sha256":"7fc79a04a2f157e9d88061db822e2d3d349af3f50312fb212aceca91673813d4"},"dob":{"date":"1949-10-22T08:01:43.725Z","age":74},"registered":{"date":"2021-03-31T18:01:01.449Z","age":3},"phone":"017687 01625","cell":"07086 488841","id":{"name":"NINO","value":"PK 65 41 39 U"},"picture":{"large":"https://randomuser.me/api/portraits/women/30.jpg","medium":"https://randomuser.me/api/portraits/med/women/30.jpg","thumbnail":"https://randomuser.me/api/portraits/thumb/women/30.jpg"},"nat":"GB"}],"info":{"seed":"ec782396e2097638","results":1,"page":1,"version":"1.4"}} 
 </msg>
<msg time="2024-04-22T05:14:13.827456" level="INFO">/opt/hostedtoolcache/Python/3.12.3/x64/lib/python3.12/site-packages/urllib3/connectionpool.py:1103: InsecureRequestWarning: Unverified HTTPS request is being made to host 'randomuser.me'. Adding certificate verification is strongly advised. See: https://urllib3.readthedocs.io/en/latest/advanced-usage.html#tls-warnings
  warnings.warn(</msg>
<msg time="2024-04-22T05:14:13.827601" level="INFO">${response} = &lt;Response [200]&gt;</msg>
<var>${response}</var>
<arg>consultarAPI</arg>
<arg>/api</arg>
<doc>Sends a GET request on a previously created HTTP Session.</doc>
<status status="PASS" start="2024-04-22T05:14:13.755962" elapsed="0.071682"/>
</kw>
<kw name="Should Be Equal As Numbers" owner="BuiltIn">
<msg time="2024-04-22T05:14:13.828683" level="INFO">Argument types are:
&lt;class 'int'&gt;
&lt;class 'str'&gt;</msg>
<arg>${response.status_code}</arg>
<arg>200</arg>
<doc>Fails if objects are unequal after converting them to real numbers.</doc>
<status status="PASS" start="2024-04-22T05:14:13.828210" elapsed="0.000540"/>
</kw>
<kw name="Log" owner="BuiltIn">
<msg time="2024-04-22T05:14:13.829461" level="INFO">200</msg>
<arg>${response.status_code}</arg>
<doc>Logs the given message with the given level.</doc>
<status status="PASS" start="2024-04-22T05:14:13.829104" elapsed="0.000400"/>
</kw>
<kw name="Set Variable" owner="BuiltIn">
<msg time="2024-04-22T05:14:13.830249" level="INFO">${json_data} = {'results': [{'gender': 'female', 'name': {'title': 'Ms', 'first': 'Victoria', 'last': 'Johnson'}, 'location': {'street': {'number': 7034, 'name': 'Grove Road'}, 'city': 'Newport', 'state': 'County Ty...</msg>
<var>${json_data}</var>
<arg>${response.json()}</arg>
<doc>Returns the given values which can then be assigned to a variables.</doc>
<status status="PASS" start="2024-04-22T05:14:13.829814" elapsed="0.000464"/>
</kw>
<kw name="Dictionary Should Contain Key" owner="Collections">
<msg time="2024-04-22T05:14:13.830803" level="INFO">False</msg>
<arg>${json_data}</arg>
<arg>results</arg>
<doc>Fails if ``key`` is not found from ``dictionary``.</doc>
<status status="PASS" start="2024-04-22T05:14:13.830622" elapsed="0.000221"/>
</kw>
<status status="PASS" start="2024-04-22T05:14:13.755710" elapsed="0.075402"/>
</kw>
<doc>Testa se a API responde corretamente e retorna um objeto JSON válido.</doc>
<tag>testeRequisicaoBasica</tag>
<status status="PASS" start="2024-04-22T05:14:13.755221" elapsed="0.076079"/>
</test>
<test id="s1-s1-t3" name="Validar estrutura de resposta" line="22">
<kw name="Teste de Estrutura de Resposta" owner="random-user-service">
<kw name="GET On Session" owner="RequestsLibrary">
<msg time="2024-04-22T05:14:13.924420" level="INFO">GET Request : url=https://randomuser.me/api 
 path_url=/api 
 headers={'User-Agent': 'python-requests/2.31.0', 'Accept-Encoding': 'gzip, deflate', 'Accept': '*/*', 'Connection': 'keep-alive'} 
 body=None 
 </msg>
<msg time="2024-04-22T05:14:13.924534" level="INFO">GET Response : url=https://randomuser.me/api 
 status=200, reason=OK 
 headers={'Date': 'Mon, 22 Apr 2024 05:14:13 GMT', 'Content-Type': 'application/json; charset=utf-8', 'Transfer-Encoding': 'chunked', 'Connection': 'keep-alive', 'X-Powered-By': 'Express', 'Access-Control-Allow-Origin': '*', 'Cache-Control': 'no-cache', 'ETag': 'W/"4aa-aCKF1PADPw3o2Z44DOJiDLzWPz8"', 'Vary': 'Accept-Encoding', 'Content-Encoding': 'gzip', 'CF-Cache-Status': 'DYNAMIC', 'Report-To': '{"endpoints":[{"url":"https:\\/\\/a.nel.cloudflare.com\\/report\\/v4?s=6MV2inC4pM%2BPU8n3fCADP3ikZkfUd8zUKVT4whModvrMFdd5IcnC5rUaneiCsaBh2jlbseeM2Q%2FjZ%2Fvpm88kpalJ1UUUOhwlB3ye0iwfWYrj75s2MvCwBKLBN8zG%2FbfE"}],"group":"cf-nel","max_age":604800}', 'NEL': '{"success_fraction":0,"report_to":"cf-nel","max_age":604800}', 'Server': 'cloudflare', 'CF-RAY': '8783210c7d2f7fed-IAD', 'alt-svc': 'h3=":443"; ma=86400'} 
 body={"results":[{"gender":"male","name":{"title":"Monsieur","first":"Marvin","last":"Aubert"},"location":{"street":{"number":5812,"name":"Cours Charlemagne"},"city":"Lufingen","state":"Basel-Stadt","country":"Switzerland","postcode":9987,"coordinates":{"latitude":"-57.7391","longitude":"-115.3344"},"timezone":{"offset":"+3:00","description":"Baghdad, Riyadh, Moscow, St. Petersburg"}},"email":"marvin.aubert@example.com","login":{"uuid":"a089282b-c0f7-4bc1-bc63-2707f3272590","username":"happyduck232","password":"reynolds","salt":"Vd9DRWh9","md5":"48acece6702ecd3e0218c9d1dc3c5138","sha1":"e1f92f555718e620c0408177821f8fb03081cbce","sha256":"93644e5a3d4bfe6518b2bade3cbb161af8507e0f33ffa4db11865afa38e30f86"},"dob":{"date":"1971-03-06T09:32:02.270Z","age":53},"registered":{"date":"2003-04-09T00:19:32.093Z","age":21},"phone":"076 141 35 03","cell":"078 448 11 96","id":{"name":"AVS","value":"756.4301.0800.63"},"picture":{"large":"https://randomuser.me/api/portraits/men/49.jpg","medium":"https://randomuser.me/api/portraits/med/men/49.jpg","thumbnail":"https://randomuser.me/api/portraits/thumb/men/49.jpg"},"nat":"CH"}],"info":{"seed":"bc53958c07f4b887","results":1,"page":1,"version":"1.4"}} 
 </msg>
<msg time="2024-04-22T05:14:13.924684" level="INFO">/opt/hostedtoolcache/Python/3.12.3/x64/lib/python3.12/site-packages/urllib3/connectionpool.py:1103: InsecureRequestWarning: Unverified HTTPS request is being made to host 'randomuser.me'. Adding certificate verification is strongly advised. See: https://urllib3.readthedocs.io/en/latest/advanced-usage.html#tls-warnings
  warnings.warn(</msg>
<msg time="2024-04-22T05:14:13.924824" level="INFO">${response} = &lt;Response [200]&gt;</msg>
<var>${response}</var>
<arg>consultarAPI</arg>
<arg>/api</arg>
<doc>Sends a GET request on a previously created HTTP Session.</doc>
<status status="PASS" start="2024-04-22T05:14:13.834285" elapsed="0.090582"/>
</kw>
<kw name="Set Variable" owner="BuiltIn">
<msg time="2024-04-22T05:14:13.925972" level="INFO">${json_data} = {'results': [{'gender': 'male', 'name': {'title': 'Monsieur', 'first': 'Marvin', 'last': 'Aubert'}, 'location': {'street': {'number': 5812, 'name': 'Cours Charlemagne'}, 'city': 'Lufingen', 'state': '...</msg>
<var>${json_data}</var>
<arg>${response.json()}</arg>
<doc>Returns the given values which can then be assigned to a variables.</doc>
<status status="PASS" start="2024-04-22T05:14:13.925431" elapsed="0.000570"/>
</kw>
<kw name="Log" owner="BuiltIn">
<msg time="2024-04-22T05:14:13.926518" level="INFO">{'results': [{'gender': 'male', 'name': {'title': 'Monsieur', 'first': 'Marvin', 'last': 'Aubert'}, 'location': {'street': {'number': 5812, 'name': 'Cours Charlemagne'}, 'city': 'Lufingen', 'state': 'Basel-Stadt', 'country': 'Switzerland', 'postcode': 9987, 'coordinates': {'latitude': '-57.7391', 'longitude': '-115.3344'}, 'timezone': {'offset': '+3:00', 'description': 'Baghdad, Riyadh, Moscow, St. Petersburg'}}, 'email': 'marvin.aubert@example.com', 'login': {'uuid': 'a089282b-c0f7-4bc1-bc63-2707f3272590', 'username': 'happyduck232', 'password': 'reynolds', 'salt': 'Vd9DRWh9', 'md5': '48acece6702ecd3e0218c9d1dc3c5138', 'sha1': 'e1f92f555718e620c0408177821f8fb03081cbce', 'sha256': '93644e5a3d4bfe6518b2bade3cbb161af8507e0f33ffa4db11865afa38e30f86'}, 'dob': {'date': '1971-03-06T09:32:02.270Z', 'age': 53}, 'registered': {'date': '2003-04-09T00:19:32.093Z', 'age': 21}, 'phone': '076 141 35 03', 'cell': '078 448 11 96', 'id': {'name': 'AVS', 'value': '756.4301.0800.63'}, 'picture': {'large': 'https://randomuser.me/api/portraits/men/49.jpg', 'medium': 'https://randomuser.me/api/portraits/med/men/49.jpg', 'thumbnail': 'https://randomuser.me/api/portraits/thumb/men/49.jpg'}, 'nat': 'CH'}], 'info': {'seed': 'bc53958c07f4b887', 'results': 1, 'page': 1, 'version': '1.4'}}</msg>
<arg>${json_data}</arg>
<doc>Logs the given message with the given level.</doc>
<status status="PASS" start="2024-04-22T05:14:13.926313" elapsed="0.000267"/>
</kw>
<kw name="Dictionary Should Contain Key" owner="Collections">
<msg time="2024-04-22T05:14:13.927059" level="INFO">False</msg>
<arg>${json_data}</arg>
<arg>results</arg>
<doc>Fails if ``key`` is not found from ``dictionary``.</doc>
<status status="PASS" start="2024-04-22T05:14:13.926894" elapsed="0.000202"/>
</kw>
<kw name="Should Not Be Empty" owner="BuiltIn">
<msg time="2024-04-22T05:14:13.927550" level="INFO">Length is 2.</msg>
<arg>${json_data}</arg>
<doc>Verifies that the given item is not empty.</doc>
<status status="PASS" start="2024-04-22T05:14:13.927411" elapsed="0.000353"/>
</kw>
<kw name="Create List" owner="BuiltIn">
<msg time="2024-04-22T05:14:13.928255" level="INFO">${expected_keys} = ['gender', 'name', 'location', 'email', 'login']</msg>
<var>${expected_keys}</var>
<arg>gender</arg>
<arg>name</arg>
<arg>location</arg>
<arg>email</arg>
<arg>login</arg>
<doc>Returns a list containing given items.</doc>
<status status="PASS" start="2024-04-22T05:14:13.928089" elapsed="0.000189"/>
</kw>
<for flavor="IN">
<iter>
<kw name="Dictionary Should Contain Key" owner="Collections">
<msg time="2024-04-22T05:14:13.929274" level="INFO">False</msg>
<arg>${json_data['results'][0]}</arg>
<arg>${key}</arg>
<doc>Fails if ``key`` is not found from ``dictionary``.</doc>
<status status="PASS" start="2024-04-22T05:14:13.928873" elapsed="0.000440"/>
</kw>
<kw name="Log" owner="BuiltIn">
<msg time="2024-04-22T05:14:13.929988" level="INFO">{'gender': 'male', 'name': {'title': 'Monsieur', 'first': 'Marvin', 'last': 'Aubert'}, 'location': {'street': {'number': 5812, 'name': 'Cours Charlemagne'}, 'city': 'Lufingen', 'state': 'Basel-Stadt', 'country': 'Switzerland', 'postcode': 9987, 'coordinates': {'latitude': '-57.7391', 'longitude': '-115.3344'}, 'timezone': {'offset': '+3:00', 'description': 'Baghdad, Riyadh, Moscow, St. Petersburg'}}, 'email': 'marvin.aubert@example.com', 'login': {'uuid': 'a089282b-c0f7-4bc1-bc63-2707f3272590', 'username': 'happyduck232', 'password': 'reynolds', 'salt': 'Vd9DRWh9', 'md5': '48acece6702ecd3e0218c9d1dc3c5138', 'sha1': 'e1f92f555718e620c0408177821f8fb03081cbce', 'sha256': '93644e5a3d4bfe6518b2bade3cbb161af8507e0f33ffa4db11865afa38e30f86'}, 'dob': {'date': '1971-03-06T09:32:02.270Z', 'age': 53}, 'registered': {'date': '2003-04-09T00:19:32.093Z', 'age': 21}, 'phone': '076 141 35 03', 'cell': '078 448 11 96', 'id': {'name': 'AVS', 'value': '756.4301.0800.63'}, 'picture': {'large': 'https://randomuser.me/api/portraits/men/49.jpg', 'medium': 'https://randomuser.me/api/portraits/med/men/49.jpg', 'thumbnail': 'https://randomuser.me/api/portraits/thumb/men/49.jpg'}, 'nat': 'CH'}</msg>
<arg>${json_data['results'][0]}</arg>
<doc>Logs the given message with the given level.</doc>
<status status="PASS" start="2024-04-22T05:14:13.929616" elapsed="0.000420"/>
</kw>
<kw name="Log" owner="BuiltIn">
<msg time="2024-04-22T05:14:13.930486" level="INFO">gender</msg>
<arg>${key}</arg>
<doc>Logs the given message with the given level.</doc>
<status status="PASS" start="2024-04-22T05:14:13.930328" elapsed="0.000199"/>
</kw>
<var name="${key}">gender</var>
<status status="PASS" start="2024-04-22T05:14:13.928747" elapsed="0.002007"/>
</iter>
<iter>
<kw name="Dictionary Should Contain Key" owner="Collections">
<msg time="2024-04-22T05:14:13.931442" level="INFO">False</msg>
<arg>${json_data['results'][0]}</arg>
<arg>${key}</arg>
<doc>Fails if ``key`` is not found from ``dictionary``.</doc>
<status status="PASS" start="2024-04-22T05:14:13.931061" elapsed="0.000450"/>
</kw>
<kw name="Log" owner="BuiltIn">
<msg time="2024-04-22T05:14:13.932172" level="INFO">{'gender': 'male', 'name': {'title': 'Monsieur', 'first': 'Marvin', 'last': 'Aubert'}, 'location': {'street': {'number': 5812, 'name': 'Cours Charlemagne'}, 'city': 'Lufingen', 'state': 'Basel-Stadt', 'country': 'Switzerland', 'postcode': 9987, 'coordinates': {'latitude': '-57.7391', 'longitude': '-115.3344'}, 'timezone': {'offset': '+3:00', 'description': 'Baghdad, Riyadh, Moscow, St. Petersburg'}}, 'email': 'marvin.aubert@example.com', 'login': {'uuid': 'a089282b-c0f7-4bc1-bc63-2707f3272590', 'username': 'happyduck232', 'password': 'reynolds', 'salt': 'Vd9DRWh9', 'md5': '48acece6702ecd3e0218c9d1dc3c5138', 'sha1': 'e1f92f555718e620c0408177821f8fb03081cbce', 'sha256': '93644e5a3d4bfe6518b2bade3cbb161af8507e0f33ffa4db11865afa38e30f86'}, 'dob': {'date': '1971-03-06T09:32:02.270Z', 'age': 53}, 'registered': {'date': '2003-04-09T00:19:32.093Z', 'age': 21}, 'phone': '076 141 35 03', 'cell': '078 448 11 96', 'id': {'name': 'AVS', 'value': '756.4301.0800.63'}, 'picture': {'large': 'https://randomuser.me/api/portraits/men/49.jpg', 'medium': 'https://randomuser.me/api/portraits/med/men/49.jpg', 'thumbnail': 'https://randomuser.me/api/portraits/thumb/men/49.jpg'}, 'nat': 'CH'}</msg>
<arg>${json_data['results'][0]}</arg>
<doc>Logs the given message with the given level.</doc>
<status status="PASS" start="2024-04-22T05:14:13.931815" elapsed="0.000405"/>
</kw>
<kw name="Log" owner="BuiltIn">
<msg time="2024-04-22T05:14:13.932642" level="INFO">name</msg>
<arg>${key}</arg>
<doc>Logs the given message with the given level.</doc>
<status status="PASS" start="2024-04-22T05:14:13.932518" elapsed="0.000161"/>
</kw>
<var name="${key}">name</var>
<status status="PASS" start="2024-04-22T05:14:13.930943" elapsed="0.001952"/>
</iter>
<iter>
<kw name="Dictionary Should Contain Key" owner="Collections">
<msg time="2024-04-22T05:14:13.933596" level="INFO">False</msg>
<arg>${json_data['results'][0]}</arg>
<arg>${key}</arg>
<doc>Fails if ``key`` is not found from ``dictionary``.</doc>
<status status="PASS" start="2024-04-22T05:14:13.933204" elapsed="0.000429"/>
</kw>
<kw name="Log" owner="BuiltIn">
<msg time="2024-04-22T05:14:13.934307" level="INFO">{'gender': 'male', 'name': {'title': 'Monsieur', 'first': 'Marvin', 'last': 'Aubert'}, 'location': {'street': {'number': 5812, 'name': 'Cours Charlemagne'}, 'city': 'Lufingen', 'state': 'Basel-Stadt', 'country': 'Switzerland', 'postcode': 9987, 'coordinates': {'latitude': '-57.7391', 'longitude': '-115.3344'}, 'timezone': {'offset': '+3:00', 'description': 'Baghdad, Riyadh, Moscow, St. Petersburg'}}, 'email': 'marvin.aubert@example.com', 'login': {'uuid': 'a089282b-c0f7-4bc1-bc63-2707f3272590', 'username': 'happyduck232', 'password': 'reynolds', 'salt': 'Vd9DRWh9', 'md5': '48acece6702ecd3e0218c9d1dc3c5138', 'sha1': 'e1f92f555718e620c0408177821f8fb03081cbce', 'sha256': '93644e5a3d4bfe6518b2bade3cbb161af8507e0f33ffa4db11865afa38e30f86'}, 'dob': {'date': '1971-03-06T09:32:02.270Z', 'age': 53}, 'registered': {'date': '2003-04-09T00:19:32.093Z', 'age': 21}, 'phone': '076 141 35 03', 'cell': '078 448 11 96', 'id': {'name': 'AVS', 'value': '756.4301.0800.63'}, 'picture': {'large': 'https://randomuser.me/api/portraits/men/49.jpg', 'medium': 'https://randomuser.me/api/portraits/med/men/49.jpg', 'thumbnail': 'https://randomuser.me/api/portraits/thumb/men/49.jpg'}, 'nat': 'CH'}</msg>
<arg>${json_data['results'][0]}</arg>
<doc>Logs the given message with the given level.</doc>
<status status="PASS" start="2024-04-22T05:14:13.933949" elapsed="0.000404"/>
</kw>
<kw name="Log" owner="BuiltIn">
<msg time="2024-04-22T05:14:13.934801" level="INFO">location</msg>
<arg>${key}</arg>
<doc>Logs the given message with the given level.</doc>
<status status="PASS" start="2024-04-22T05:14:13.934677" elapsed="0.000162"/>
</kw>
<var name="${key}">location</var>
<status status="PASS" start="2024-04-22T05:14:13.933091" elapsed="0.001959"/>
</iter>
<iter>
<kw name="Dictionary Should Contain Key" owner="Collections">
<msg time="2024-04-22T05:14:13.935713" level="INFO">False</msg>
<arg>${json_data['results'][0]}</arg>
<arg>${key}</arg>
<doc>Fails if ``key`` is not found from ``dictionary``.</doc>
<status status="PASS" start="2024-04-22T05:14:13.935330" elapsed="0.000419"/>
</kw>
<kw name="Log" owner="BuiltIn">
<msg time="2024-04-22T05:14:13.936406" level="INFO">{'gender': 'male', 'name': {'title': 'Monsieur', 'first': 'Marvin', 'last': 'Aubert'}, 'location': {'street': {'number': 5812, 'name': 'Cours Charlemagne'}, 'city': 'Lufingen', 'state': 'Basel-Stadt', 'country': 'Switzerland', 'postcode': 9987, 'coordinates': {'latitude': '-57.7391', 'longitude': '-115.3344'}, 'timezone': {'offset': '+3:00', 'description': 'Baghdad, Riyadh, Moscow, St. Petersburg'}}, 'email': 'marvin.aubert@example.com', 'login': {'uuid': 'a089282b-c0f7-4bc1-bc63-2707f3272590', 'username': 'happyduck232', 'password': 'reynolds', 'salt': 'Vd9DRWh9', 'md5': '48acece6702ecd3e0218c9d1dc3c5138', 'sha1': 'e1f92f555718e620c0408177821f8fb03081cbce', 'sha256': '93644e5a3d4bfe6518b2bade3cbb161af8507e0f33ffa4db11865afa38e30f86'}, 'dob': {'date': '1971-03-06T09:32:02.270Z', 'age': 53}, 'registered': {'date': '2003-04-09T00:19:32.093Z', 'age': 21}, 'phone': '076 141 35 03', 'cell': '078 448 11 96', 'id': {'name': 'AVS', 'value': '756.4301.0800.63'}, 'picture': {'large': 'https://randomuser.me/api/portraits/men/49.jpg', 'medium': 'https://randomuser.me/api/portraits/med/men/49.jpg', 'thumbnail': 'https://randomuser.me/api/portraits/thumb/men/49.jpg'}, 'nat': 'CH'}</msg>
<arg>${json_data['results'][0]}</arg>
<doc>Logs the given message with the given level.</doc>
<status status="PASS" start="2024-04-22T05:14:13.936045" elapsed="0.000407"/>
</kw>
<kw name="Log" owner="BuiltIn">
<msg time="2024-04-22T05:14:13.936869" level="INFO">email</msg>
<arg>${key}</arg>
<doc>Logs the given message with the given level.</doc>
<status status="PASS" start="2024-04-22T05:14:13.936744" elapsed="0.000162"/>
</kw>
<var name="${key}">email</var>
<status status="PASS" start="2024-04-22T05:14:13.935220" elapsed="0.001901"/>
</iter>
<iter>
<kw name="Dictionary Should Contain Key" owner="Collections">
<msg time="2024-04-22T05:14:13.937809" level="INFO">False</msg>
<arg>${json_data['results'][0]}</arg>
<arg>${key}</arg>
<doc>Fails if ``key`` is not found from ``dictionary``.</doc>
<status status="PASS" start="2024-04-22T05:14:13.937402" elapsed="0.000444"/>
</kw>
<kw name="Log" owner="BuiltIn">
<msg time="2024-04-22T05:14:13.938518" level="INFO">{'gender': 'male', 'name': {'title': 'Monsieur', 'first': 'Marvin', 'last': 'Aubert'}, 'location': {'street': {'number': 5812, 'name': 'Cours Charlemagne'}, 'city': 'Lufingen', 'state': 'Basel-Stadt', 'country': 'Switzerland', 'postcode': 9987, 'coordinates': {'latitude': '-57.7391', 'longitude': '-115.3344'}, 'timezone': {'offset': '+3:00', 'description': 'Baghdad, Riyadh, Moscow, St. Petersburg'}}, 'email': 'marvin.aubert@example.com', 'login': {'uuid': 'a089282b-c0f7-4bc1-bc63-2707f3272590', 'username': 'happyduck232', 'password': 'reynolds', 'salt': 'Vd9DRWh9', 'md5': '48acece6702ecd3e0218c9d1dc3c5138', 'sha1': 'e1f92f555718e620c0408177821f8fb03081cbce', 'sha256': '93644e5a3d4bfe6518b2bade3cbb161af8507e0f33ffa4db11865afa38e30f86'}, 'dob': {'date': '1971-03-06T09:32:02.270Z', 'age': 53}, 'registered': {'date': '2003-04-09T00:19:32.093Z', 'age': 21}, 'phone': '076 141 35 03', 'cell': '078 448 11 96', 'id': {'name': 'AVS', 'value': '756.4301.0800.63'}, 'picture': {'large': 'https://randomuser.me/api/portraits/men/49.jpg', 'medium': 'https://randomuser.me/api/portraits/med/men/49.jpg', 'thumbnail': 'https://randomuser.me/api/portraits/thumb/men/49.jpg'}, 'nat': 'CH'}</msg>
<arg>${json_data['results'][0]}</arg>
<doc>Logs the given message with the given level.</doc>
<status status="PASS" start="2024-04-22T05:14:13.938140" elapsed="0.000435"/>
</kw>
<kw name="Log" owner="BuiltIn">
<msg time="2024-04-22T05:14:13.938991" level="INFO">login</msg>
<arg>${key}</arg>
<doc>Logs the given message with the given level.</doc>
<status status="PASS" start="2024-04-22T05:14:13.938867" elapsed="0.000192"/>
</kw>
<var name="${key}">login</var>
<status status="PASS" start="2024-04-22T05:14:13.937292" elapsed="0.001985"/>
</iter>
<var>${key}</var>
<value>@{expected_keys}</value>
<status status="PASS" start="2024-04-22T05:14:13.928545" elapsed="0.010853"/>
</for>
<kw name="Create List" owner="BuiltIn">
<msg time="2024-04-22T05:14:13.939733" level="INFO">${expected_keysTwo} = ['username', 'password']</msg>
<var>${expected_keysTwo}</var>
<arg>username</arg>
<arg>password</arg>
<doc>Returns a list containing given items.</doc>
<status status="PASS" start="2024-04-22T05:14:13.939595" elapsed="0.000162"/>
</kw>
<for flavor="IN">
<iter>
<kw name="Dictionary Should Contain Key" owner="Collections">
<msg time="2024-04-22T05:14:13.940654" level="INFO">False</msg>
<arg>${json_data['results'][0]['login']}</arg>
<arg>${keyTwo}</arg>
<doc>Fails if ``key`` is not found from ``dictionary``.</doc>
<status status="PASS" start="2024-04-22T05:14:13.940260" elapsed="0.000430"/>
</kw>
<kw name="Dictionary Should Contain Key" owner="Collections">
<msg time="2024-04-22T05:14:13.941368" level="INFO">False</msg>
<arg>${json_data['results'][0]['login']}</arg>
<arg>${keyTwo}</arg>
<doc>Fails if ``key`` is not found from ``dictionary``.</doc>
<status status="PASS" start="2024-04-22T05:14:13.940992" elapsed="0.000412"/>
</kw>
<kw name="Log" owner="BuiltIn">
<msg time="2024-04-22T05:14:13.941827" level="INFO">username</msg>
<arg>${keyTwo}</arg>
<doc>Logs the given message with the given level.</doc>
<status status="PASS" start="2024-04-22T05:14:13.941695" elapsed="0.000173"/>
</kw>
<var name="${keyTwo}">username</var>
<status status="PASS" start="2024-04-22T05:14:13.940152" elapsed="0.001937"/>
</iter>
<iter>
<kw name="Dictionary Should Contain Key" owner="Collections">
<msg time="2024-04-22T05:14:13.942875" level="INFO">False</msg>
<arg>${json_data['results'][0]['login']}</arg>
<arg>${keyTwo}</arg>
<doc>Fails if ``key`` is not found from ``dictionary``.</doc>
<status status="PASS" start="2024-04-22T05:14:13.942372" elapsed="0.000547"/>
</kw>
<kw name="Dictionary Should Contain Key" owner="Collections">
<msg time="2024-04-22T05:14:13.943597" level="INFO">False</msg>
<arg>${json_data['results'][0]['login']}</arg>
<arg>${keyTwo}</arg>
<doc>Fails if ``key`` is not found from ``dictionary``.</doc>
<status status="PASS" start="2024-04-22T05:14:13.943216" elapsed="0.000416"/>
</kw>
<kw name="Log" owner="BuiltIn">
<msg time="2024-04-22T05:14:13.944053" level="INFO">password</msg>
<arg>${keyTwo}</arg>
<doc>Logs the given message with the given level.</doc>
<status status="PASS" start="2024-04-22T05:14:13.943925" elapsed="0.000164"/>
</kw>
<var name="${keyTwo}">password</var>
<status status="PASS" start="2024-04-22T05:14:13.942259" elapsed="0.002043"/>
</iter>
<var>${keyTwo}</var>
<value>@{expected_keysTwo}</value>
<status status="PASS" start="2024-04-22T05:14:13.939997" elapsed="0.004423"/>
</for>
<status status="PASS" start="2024-04-22T05:14:13.833947" elapsed="0.110617"/>
</kw>
<doc>Testa a estrutura da resposta da API.</doc>
<tag>testeEstruturaResposta</tag>
<status status="PASS" start="2024-04-22T05:14:13.833169" elapsed="0.111556"/>
</test>
<test id="s1-s1-t4" name="Validar tipos de dados" line="28">
<kw name="Teste de Tipos de Dados" owner="random-user-service">
<kw name="GET On Session" owner="RequestsLibrary">
<msg time="2024-04-22T05:14:14.031011" level="INFO">GET Request : url=https://randomuser.me/api 
 path_url=/api 
 headers={'User-Agent': 'python-requests/2.31.0', 'Accept-Encoding': 'gzip, deflate', 'Accept': '*/*', 'Connection': 'keep-alive'} 
 body=None 
 </msg>
<msg time="2024-04-22T05:14:14.031122" level="INFO">GET Response : url=https://randomuser.me/api 
 status=200, reason=OK 
 headers={'Date': 'Mon, 22 Apr 2024 05:14:14 GMT', 'Content-Type': 'application/json; charset=utf-8', 'Transfer-Encoding': 'chunked', 'Connection': 'keep-alive', 'X-Powered-By': 'Express', 'Access-Control-Allow-Origin': '*', 'Cache-Control': 'no-cache', 'ETag': 'W/"4b2-4bMGagHhia2TFhmR81m3IR11UlE"', 'Vary': 'Accept-Encoding', 'Content-Encoding': 'gzip', 'CF-Cache-Status': 'DYNAMIC', 'Report-To': '{"endpoints":[{"url":"https:\\/\\/a.nel.cloudflare.com\\/report\\/v4?s=1kiq0OvqaF%2BnrFmO3hNZuH7IoSYZ0Guzza4s%2FdlOmNqxEtaIiDXER%2B1%2Bg9GqcBbJxuLRp%2B0AU5gSVnRHWXruSbe%2FIWC2hAArnT06R0lrfuD3QG6qWzAd2UBGo%2Bsrjg1A"}],"group":"cf-nel","max_age":604800}', 'NEL': '{"success_fraction":0,"report_to":"cf-nel","max_age":604800}', 'Server': 'cloudflare', 'CF-RAY': '8783210d3dbf7fed-IAD', 'alt-svc': 'h3=":443"; ma=86400'} 
 body={"results":[{"gender":"male","name":{"title":"Mr","first":"Hadrien","last":"Fontai"},"location":{"street":{"number":327,"name":"Rue de la Baleine"},"city":"Clermont-Ferrand","state":"Pyrénées-Orientales","country":"France","postcode":33333,"coordinates":{"latitude":"-17.9382","longitude":"-5.7130"},"timezone":{"offset":"+10:00","description":"Eastern Australia, Guam, Vladivostok"}},"email":"hadrien.fontai@example.com","login":{"uuid":"54f094c4-3756-4166-853a-0bbea8b10618","username":"blueostrich130","password":"freeze","salt":"pDtxgxzG","md5":"00d501b894f96124cfc14696de1aead6","sha1":"af4962583ae27890c9879848f615696a5ac227aa","sha256":"ef98782eabd89948716d7ecf9c2ee08cdcd55723fdf848934737132e629d7b28"},"dob":{"date":"1984-04-23T18:49:14.964Z","age":39},"registered":{"date":"2016-04-24T09:09:08.830Z","age":7},"phone":"04-56-00-31-53","cell":"06-00-12-17-00","id":{"name":"INSEE","value":"1840305224887 71"},"picture":{"large":"https://randomuser.me/api/portraits/men/90.jpg","medium":"https://randomuser.me/api/portraits/med/men/90.jpg","thumbnail":"https://randomuser.me/api/portraits/thumb/men/90.jpg"},"nat":"FR"}],"info":{"seed":"ab15b35952a23217","results":1,"page":1,"version":"1.4"}} 
 </msg>
<msg time="2024-04-22T05:14:14.031193" level="INFO">/opt/hostedtoolcache/Python/3.12.3/x64/lib/python3.12/site-packages/urllib3/connectionpool.py:1103: InsecureRequestWarning: Unverified HTTPS request is being made to host 'randomuser.me'. Adding certificate verification is strongly advised. See: https://urllib3.readthedocs.io/en/latest/advanced-usage.html#tls-warnings
  warnings.warn(</msg>
<msg time="2024-04-22T05:14:14.031318" level="INFO">${response} = &lt;Response [200]&gt;</msg>
<var>${response}</var>
<arg>consultarAPI</arg>
<arg>/api</arg>
<doc>Sends a GET request on a previously created HTTP Session.</doc>
<status status="PASS" start="2024-04-22T05:14:13.947233" elapsed="0.084124"/>
</kw>
<kw name="Set Variable" owner="BuiltIn">
<msg time="2024-04-22T05:14:14.032550" level="INFO">${json_data} = {'results': [{'gender': 'male', 'name': {'title': 'Mr', 'first': 'Hadrien', 'last': 'Fontai'}, 'location': {'street': {'number': 327, 'name': 'Rue de la Baleine'}, 'city': 'Clermont-Ferrand', 'state':...</msg>
<var>${json_data}</var>
<arg>${response.json()}</arg>
<doc>Returns the given values which can then be assigned to a variables.</doc>
<status status="PASS" start="2024-04-22T05:14:14.031985" elapsed="0.000594"/>
</kw>
<kw name="Log" owner="BuiltIn">
<msg time="2024-04-22T05:14:14.033061" level="INFO">{'results': [{'gender': 'male', 'name': {'title': 'Mr', 'first': 'Hadrien', 'last': 'Fontai'}, 'location': {'street': {'number': 327, 'name': 'Rue de la Baleine'}, 'city': 'Clermont-Ferrand', 'state': 'Pyrénées-Orientales', 'country': 'France', 'postcode': 33333, 'coordinates': {'latitude': '-17.9382', 'longitude': '-5.7130'}, 'timezone': {'offset': '+10:00', 'description': 'Eastern Australia, Guam, Vladivostok'}}, 'email': 'hadrien.fontai@example.com', 'login': {'uuid': '54f094c4-3756-4166-853a-0bbea8b10618', 'username': 'blueostrich130', 'password': 'freeze', 'salt': 'pDtxgxzG', 'md5': '00d501b894f96124cfc14696de1aead6', 'sha1': 'af4962583ae27890c9879848f615696a5ac227aa', 'sha256': 'ef98782eabd89948716d7ecf9c2ee08cdcd55723fdf848934737132e629d7b28'}, 'dob': {'date': '1984-04-23T18:49:14.964Z', 'age': 39}, 'registered': {'date': '2016-04-24T09:09:08.830Z', 'age': 7}, 'phone': '04-56-00-31-53', 'cell': '06-00-12-17-00', 'id': {'name': 'INSEE', 'value': '1840305224887 71'}, 'picture': {'large': 'https://randomuser.me/api/portraits/men/90.jpg', 'medium': 'https://randomuser.me/api/portraits/med/men/90.jpg', 'thumbnail': 'https://randomuser.me/api/portraits/thumb/men/90.jpg'}, 'nat': 'FR'}], 'info': {'seed': 'ab15b35952a23217', 'results': 1, 'page': 1, 'version': '1.4'}}</msg>
<arg>${json_data}</arg>
<doc>Logs the given message with the given level.</doc>
<status status="PASS" start="2024-04-22T05:14:14.032894" elapsed="0.000254"/>
</kw>
<kw name="Should Be String" owner="String">
<arg>${json_data['results'][0]['gender']}</arg>
<doc>Fails if the given ``item`` is not a string.</doc>
<status status="PASS" start="2024-04-22T05:14:14.033450" elapsed="0.000378"/>
</kw>
<kw name="Should Match Regexp" owner="BuiltIn">
<arg>${json_data['results'][0]['email']}</arg>
<arg>^[a-zA-Z0-9._%+-]+@[a-zA-Z0-9.-]+\.[a-zA-Z]{2,}$</arg>
<doc>Fails if ``string`` does not match ``pattern`` as a regular expression.</doc>
<status status="PASS" start="2024-04-22T05:14:14.034020" elapsed="0.000560"/>
</kw>
<kw name="Should Match Regexp" owner="BuiltIn">
<arg>${json_data['results'][0]['dob']['date']}</arg>
<arg>\\d{4}-\\d{2}-\\d{2}T\\d{2}:\\d{2}:\\d{2}\\.\\d{3}Z</arg>
<doc>Fails if ``string`` does not match ``pattern`` as a regular expression.</doc>
<status status="PASS" start="2024-04-22T05:14:14.034778" elapsed="0.000489"/>
</kw>
<kw name="Should Match Regexp" owner="BuiltIn">
<arg>${json_data['results'][0]['registered']['date']}</arg>
<arg>\\d{4}-\\d{2}-\\d{2}T\\d{2}:\\d{2}:\\d{2}\\.\\d{3}Z</arg>
<doc>Fails if ``string`` does not match ``pattern`` as a regular expression.</doc>
<status status="PASS" start="2024-04-22T05:14:14.035457" elapsed="0.000364"/>
</kw>
<kw name="Should Match Regexp" owner="BuiltIn">
<arg>${json_data['results'][0]['picture']['large']}</arg>
<arg>^https?://.*\.(?:png|jpe?g|gif|bmp)$</arg>
<doc>Fails if ``string`` does not match ``pattern`` as a regular expression.</doc>
<status status="PASS" start="2024-04-22T05:14:14.036005" elapsed="0.000468"/>
</kw>
<kw name="Should Match Regexp" owner="BuiltIn">
<arg>${json_data['results'][0]['picture']['medium']}</arg>
<arg>^https?://.*\.(?:png|jpe?g|gif|bmp)$</arg>
<doc>Fails if ``string`` does not match ``pattern`` as a regular expression.</doc>
<status status="PASS" start="2024-04-22T05:14:14.036660" elapsed="0.000377"/>
</kw>
<kw name="Should Match Regexp" owner="BuiltIn">
<arg>${json_data['results'][0]['picture']['thumbnail']}</arg>
<arg>^https?://.*\.(?:png|jpe?g|gif|bmp)$</arg>
<doc>Fails if ``string`` does not match ``pattern`` as a regular expression.</doc>
<status status="PASS" start="2024-04-22T05:14:14.037226" elapsed="0.000354"/>
</kw>
<kw name="Log" owner="BuiltIn">
<msg time="2024-04-22T05:14:14.038077" level="INFO">{'large': 'https://randomuser.me/api/portraits/men/90.jpg', 'medium': 'https://randomuser.me/api/portraits/med/men/90.jpg', 'thumbnail': 'https://randomuser.me/api/portraits/thumb/men/90.jpg'}</msg>
<arg>${json_data['results'][0]['picture']}</arg>
<doc>Logs the given message with the given level.</doc>
<status status="PASS" start="2024-04-22T05:14:14.037759" elapsed="0.000358"/>
</kw>
<status status="PASS" start="2024-04-22T05:14:13.946994" elapsed="0.091379"/>
</kw>
<kw name="Teste de Tipos de Dados - Postcode" owner="random-user-service">
<kw name="GET On Session" owner="RequestsLibrary">
<msg time="2024-04-22T05:14:14.126589" level="INFO">GET Request : url=https://randomuser.me/api 
 path_url=/api 
 headers={'User-Agent': 'python-requests/2.31.0', 'Accept-Encoding': 'gzip, deflate', 'Accept': '*/*', 'Connection': 'keep-alive'} 
 body=None 
 </msg>
<msg time="2024-04-22T05:14:14.126687" level="INFO">GET Response : url=https://randomuser.me/api 
 status=200, reason=OK 
 headers={'Date': 'Mon, 22 Apr 2024 05:14:14 GMT', 'Content-Type': 'application/json; charset=utf-8', 'Transfer-Encoding': 'chunked', 'Connection': 'keep-alive', 'X-Powered-By': 'Express', 'Access-Control-Allow-Origin': '*', 'Cache-Control': 'no-cache', 'ETag': 'W/"462-v8LdiBIqrzvYESnKZXfQbyZArmg"', 'Vary': 'Accept-Encoding', 'Content-Encoding': 'gzip', 'CF-Cache-Status': 'DYNAMIC', 'Report-To': '{"endpoints":[{"url":"https:\\/\\/a.nel.cloudflare.com\\/report\\/v4?s=rwUb2Z7hK6dwuFiGeqWFbYsrDYsosrLlOpkQZpdfF980t65HMCv7%2FjsoO27KgjxSK7MZo3mb5bvffGzqaB%2FzNPnA%2FnjAiuSVau1l0HDdpO2d8UroGZ2Vmyn3qK80ACaB"}],"group":"cf-nel","max_age":604800}', 'NEL': '{"success_fraction":0,"report_to":"cf-nel","max_age":604800}', 'Server': 'cloudflare', 'CF-RAY': '8783210dce2c7fed-IAD', 'alt-svc': 'h3=":443"; ma=86400'} 
 body={"results":[{"gender":"male","name":{"title":"Mr","first":"Kasper","last":"Johansen"},"location":{"street":{"number":495,"name":"Mågevej"},"city":"Oure","state":"Sjælland","country":"Denmark","postcode":55321,"coordinates":{"latitude":"-46.4366","longitude":"-6.6379"},"timezone":{"offset":"+5:45","description":"Kathmandu"}},"email":"kasper.johansen@example.com","login":{"uuid":"74b089b8-7016-4721-9ef8-fa669535be47","username":"whitelion960","password":"toad","salt":"CbeABihv","md5":"2e954ee9c90110b6c0519b0fe0188383","sha1":"c16ae3ae298836ff4b8bd21cf44a10e1042bf0b9","sha256":"0035c7fafe920b023e8fd4ba84c3af48547e3d2fb5102ac427cb48b65b571008"},"dob":{"date":"1981-03-10T21:51:13.602Z","age":43},"registered":{"date":"2009-11-29T11:42:44.440Z","age":14},"phone":"63237824","cell":"09900872","id":{"name":"CPR","value":"100381-0310"},"picture":{"large":"https://randomuser.me/api/portraits/men/40.jpg","medium":"https://randomuser.me/api/portraits/med/men/40.jpg","thumbnail":"https://randomuser.me/api/portraits/thumb/men/40.jpg"},"nat":"DK"}],"info":{"seed":"d026520124aae980","results":1,"page":1,"version":"1.4"}} 
 </msg>
<msg time="2024-04-22T05:14:14.126757" level="INFO">/opt/hostedtoolcache/Python/3.12.3/x64/lib/python3.12/site-packages/urllib3/connectionpool.py:1103: InsecureRequestWarning: Unverified HTTPS request is being made to host 'randomuser.me'. Adding certificate verification is strongly advised. See: https://urllib3.readthedocs.io/en/latest/advanced-usage.html#tls-warnings
  warnings.warn(</msg>
<msg time="2024-04-22T05:14:14.126882" level="INFO">${response} = &lt;Response [200]&gt;</msg>
<var>${response}</var>
<arg>consultarAPI</arg>
<arg>/api</arg>
<doc>Sends a GET request on a previously created HTTP Session.</doc>
<status status="PASS" start="2024-04-22T05:14:14.038879" elapsed="0.088041"/>
</kw>
<kw name="Set Variable" owner="BuiltIn">
<msg time="2024-04-22T05:14:14.128102" level="INFO">${json_data} = {'results': [{'gender': 'male', 'name': {'title': 'Mr', 'first': 'Kasper', 'last': 'Johansen'}, 'location': {'street': {'number': 495, 'name': 'Mågevej'}, 'city': 'Oure', 'state': 'Sjælland', 'country...</msg>
<var>${json_data}</var>
<arg>${response.json()}</arg>
<doc>Returns the given values which can then be assigned to a variables.</doc>
<status status="PASS" start="2024-04-22T05:14:14.127540" elapsed="0.000591"/>
</kw>
<kw name="Log" owner="BuiltIn">
<msg time="2024-04-22T05:14:14.128603" level="INFO">{'results': [{'gender': 'male', 'name': {'title': 'Mr', 'first': 'Kasper', 'last': 'Johansen'}, 'location': {'street': {'number': 495, 'name': 'Mågevej'}, 'city': 'Oure', 'state': 'Sjælland', 'country': 'Denmark', 'postcode': 55321, 'coordinates': {'latitude': '-46.4366', 'longitude': '-6.6379'}, 'timezone': {'offset': '+5:45', 'description': 'Kathmandu'}}, 'email': 'kasper.johansen@example.com', 'login': {'uuid': '74b089b8-7016-4721-9ef8-fa669535be47', 'username': 'whitelion960', 'password': 'toad', 'salt': 'CbeABihv', 'md5': '2e954ee9c90110b6c0519b0fe0188383', 'sha1': 'c16ae3ae298836ff4b8bd21cf44a10e1042bf0b9', 'sha256': '0035c7fafe920b023e8fd4ba84c3af48547e3d2fb5102ac427cb48b65b571008'}, 'dob': {'date': '1981-03-10T21:51:13.602Z', 'age': 43}, 'registered': {'date': '2009-11-29T11:42:44.440Z', 'age': 14}, 'phone': '63237824', 'cell': '09900872', 'id': {'name': 'CPR', 'value': '100381-0310'}, 'picture': {'large': 'https://randomuser.me/api/portraits/men/40.jpg', 'medium': 'https://randomuser.me/api/portraits/med/men/40.jpg', 'thumbnail': 'https://randomuser.me/api/portraits/thumb/men/40.jpg'}, 'nat': 'DK'}], 'info': {'seed': 'd026520124aae980', 'results': 1, 'page': 1, 'version': '1.4'}}</msg>
<arg>${json_data}</arg>
<doc>Logs the given message with the given level.</doc>
<status status="PASS" start="2024-04-22T05:14:14.128445" elapsed="0.000240"/>
</kw>
<kw name="Should Be Equal As Numbers" owner="BuiltIn">
<arg>${json_data['results'][0]['location']['postcode']}</arg>
<arg>${json_data['results'][0]['location']['postcode']}</arg>
<doc>Fails if objects are unequal after converting them to real numbers.</doc>
<status status="PASS" start="2024-04-22T05:14:14.129168" elapsed="0.000623"/>
</kw>
<kw name="Log" owner="BuiltIn">
<msg time="2024-04-22T05:14:14.130318" level="INFO">55321</msg>
<arg>${json_data['results'][0]['location']['postcode']}</arg>
<doc>Logs the given message with the given level.</doc>
<status status="PASS" start="2024-04-22T05:14:14.129979" elapsed="0.000378"/>
</kw>
<status status="PASS" start="2024-04-22T05:14:14.038636" elapsed="0.092015"/>
</kw>
<doc>Testa se os tipos de dados na resposta da API estão corretos.</doc>
<tag>testeTiposDados</tag>
<status status="PASS" start="2024-04-22T05:14:13.946499" elapsed="0.184322"/>
</test>
<test id="s1-s1-t5" name="Validar conteudo" line="35">
<kw name="Teste de Tipos de Conteudo" owner="random-user-service">
<kw name="GET On Session" owner="RequestsLibrary">
<msg time="2024-04-22T05:14:14.225722" level="INFO">GET Request : url=https://randomuser.me/api 
 path_url=/api 
 headers={'User-Agent': 'python-requests/2.31.0', 'Accept-Encoding': 'gzip, deflate', 'Accept': '*/*', 'Connection': 'keep-alive'} 
 body=None 
 </msg>
<msg time="2024-04-22T05:14:14.225819" level="INFO">GET Response : url=https://randomuser.me/api 
 status=200, reason=OK 
 headers={'Date': 'Mon, 22 Apr 2024 05:14:14 GMT', 'Content-Type': 'application/json; charset=utf-8', 'Transfer-Encoding': 'chunked', 'Connection': 'keep-alive', 'X-Powered-By': 'Express', 'Access-Control-Allow-Origin': '*', 'Cache-Control': 'no-cache', 'ETag': 'W/"495-7899M9WXGKCOcHLVT+exKc6R5CQ"', 'Vary': 'Accept-Encoding', 'Content-Encoding': 'gzip', 'CF-Cache-Status': 'DYNAMIC', 'Report-To': '{"endpoints":[{"url":"https:\\/\\/a.nel.cloudflare.com\\/report\\/v4?s=BupUWbF3e7QCs4Y%2FXMQJ3NojRMTboe%2FKKhAoercor2sIlKkeSGm9gvdkTaF%2FqPi4tpLBR9esyLbD3%2F0irC8%2B0SKKViC%2F%2B%2BOpq7JNk3bAvWrQxADo08ND7w%2FYv1x6w0IT"}],"group":"cf-nel","max_age":604800}', 'NEL': '{"success_fraction":0,"report_to":"cf-nel","max_age":604800}', 'Server': 'cloudflare', 'CF-RAY': '8783210e5ed07fed-IAD', 'alt-svc': 'h3=":443"; ma=86400'} 
 body={"results":[{"gender":"male","name":{"title":"Monsieur","first":"Niklaus","last":"Martinez"},"location":{"street":{"number":7324,"name":"Rue Denfert-Rochereau"},"city":"Magden","state":"Luzern","country":"Switzerland","postcode":1683,"coordinates":{"latitude":"-62.9392","longitude":"-38.3100"},"timezone":{"offset":"+9:30","description":"Adelaide, Darwin"}},"email":"niklaus.martinez@example.com","login":{"uuid":"baeba875-c335-4928-a4ac-06b71b89890d","username":"purplerabbit122","password":"doobie","salt":"VopwMiFi","md5":"d925675835b29e690ef72a2fcfbd67b9","sha1":"2d84b7f1a0e524166f5f72570cf60efffcc62676","sha256":"1f2fcfe89f55bda1305d9b53d71b697a82c30ba48751f8c7838417a7b40009e3"},"dob":{"date":"1968-02-02T21:03:34.576Z","age":56},"registered":{"date":"2016-11-19T07:39:49.080Z","age":7},"phone":"078 555 50 82","cell":"077 245 83 89","id":{"name":"AVS","value":"756.3453.9985.86"},"picture":{"large":"https://randomuser.me/api/portraits/men/49.jpg","medium":"https://randomuser.me/api/portraits/med/men/49.jpg","thumbnail":"https://randomuser.me/api/portraits/thumb/men/49.jpg"},"nat":"CH"}],"info":{"seed":"84ef6480b64991b5","results":1,"page":1,"version":"1.4"}} 
 </msg>
<msg time="2024-04-22T05:14:14.225887" level="INFO">/opt/hostedtoolcache/Python/3.12.3/x64/lib/python3.12/site-packages/urllib3/connectionpool.py:1103: InsecureRequestWarning: Unverified HTTPS request is being made to host 'randomuser.me'. Adding certificate verification is strongly advised. See: https://urllib3.readthedocs.io/en/latest/advanced-usage.html#tls-warnings
  warnings.warn(</msg>
<msg time="2024-04-22T05:14:14.226007" level="INFO">${response} = &lt;Response [200]&gt;</msg>
<var>${response}</var>
<arg>consultarAPI</arg>
<arg>/api</arg>
<doc>Sends a GET request on a previously created HTTP Session.</doc>
<status status="PASS" start="2024-04-22T05:14:14.133375" elapsed="0.092670"/>
</kw>
<kw name="Set Variable" owner="BuiltIn">
<msg time="2024-04-22T05:14:14.227276" level="INFO">${json_data} = {'results': [{'gender': 'male', 'name': {'title': 'Monsieur', 'first': 'Niklaus', 'last': 'Martinez'}, 'location': {'street': {'number': 7324, 'name': 'Rue Denfert-Rochereau'}, 'city': 'Magden', 'stat...</msg>
<var>${json_data}</var>
<arg>${response.json()}</arg>
<doc>Returns the given values which can then be assigned to a variables.</doc>
<status status="PASS" start="2024-04-22T05:14:14.226714" elapsed="0.000590"/>
</kw>
<kw name="Set Variable" owner="BuiltIn">
<msg time="2024-04-22T05:14:14.228000" level="INFO">${name_title} = Monsieur</msg>
<var>${name_title}</var>
<arg>${json_data["results"][0]["name"]["title"]}</arg>
<doc>Returns the given values which can then be assigned to a variables.</doc>
<status status="PASS" start="2024-04-22T05:14:14.227616" elapsed="0.000409"/>
</kw>
<kw name="Create List" owner="BuiltIn">
<msg time="2024-04-22T05:14:14.228466" level="INFO">${allowed_titles} = ['Mr', 'Ms', 'Miss', 'Mrs', 'Madame', 'Monsieur']</msg>
<var>${allowed_titles}</var>
<arg>Mr</arg>
<arg>Ms</arg>
<arg>Miss</arg>
<arg>Mrs</arg>
<arg>Madame</arg>
<arg>Monsieur</arg>
<doc>Returns a list containing given items.</doc>
<status status="PASS" start="2024-04-22T05:14:14.228320" elapsed="0.000170"/>
</kw>
<kw name="List Should Contain Value" owner="Collections">
<msg time="2024-04-22T05:14:14.228968" level="INFO">False</msg>
<arg>${allowed_titles}</arg>
<arg>${name_title}</arg>
<doc>Fails if the ``value`` is not found from ``list``.</doc>
<status status="PASS" start="2024-04-22T05:14:14.228787" elapsed="0.000218"/>
</kw>
<kw name="Set Variable" owner="BuiltIn">
<msg time="2024-04-22T05:14:14.229664" level="INFO">${name_country} = CH</msg>
<var>${name_country}</var>
<arg>${json_data["results"][0]["nat"]}</arg>
<doc>Returns the given values which can then be assigned to a variables.</doc>
<status status="PASS" start="2024-04-22T05:14:14.229291" elapsed="0.000398"/>
</kw>
<kw name="Create List" owner="BuiltIn">
<msg time="2024-04-22T05:14:14.230624" level="INFO">${list_country} = ['AD', 'AE', 'AF', 'AG', 'AI', 'AL', 'AM', 'AO', 'AQ', 'AR', 'AS', 'AT', 'AU', 'AW', 'AX', 'AZ', 'BA', 'BB', 'BD', 'BE', 'BF', 'BG', 'BH', 'BI', 'BJ', 'BL', 'BM', 'BN', 'BO', 'BQ', 'BR', 'BS', 'BT', '...</msg>
<var>${list_country}</var>
<arg>AD</arg>
<arg>AE</arg>
<arg>AF</arg>
<arg>AG</arg>
<arg>AI</arg>
<arg>AL</arg>
<arg>AM</arg>
<arg>AO</arg>
<arg>AQ</arg>
<arg>AR</arg>
<arg>AS</arg>
<arg>AT</arg>
<arg>AU</arg>
<arg>AW</arg>
<arg>AX</arg>
<arg>AZ</arg>
<arg>BA</arg>
<arg>BB</arg>
<arg>BD</arg>
<arg>BE</arg>
<arg>BF</arg>
<arg>BG</arg>
<arg>BH</arg>
<arg>BI</arg>
<arg>BJ</arg>
<arg>BL</arg>
<arg>BM</arg>
<arg>BN</arg>
<arg>BO</arg>
<arg>BQ</arg>
<arg>BR</arg>
<arg>BS</arg>
<arg>BT</arg>
<arg>BV</arg>
<arg>BW</arg>
<arg>BY</arg>
<arg>BZ</arg>
<arg>CA</arg>
<arg>CC</arg>
<arg>CD</arg>
<arg>CF</arg>
<arg>CG</arg>
<arg>CH</arg>
<arg>CI</arg>
<arg>CK</arg>
<arg>CL</arg>
<arg>CM</arg>
<arg>CN</arg>
<arg>CO</arg>
<arg>CR</arg>
<arg>CU</arg>
<arg>CV</arg>
<arg>CW</arg>
<arg>CX</arg>
<arg>CY</arg>
<arg>CZ</arg>
<arg>DE</arg>
<arg>DJ</arg>
<arg>DK</arg>
<arg>DM</arg>
<arg>DO</arg>
<arg>DZ</arg>
<arg>EC</arg>
<arg>EE</arg>
<arg>EG</arg>
<arg>EH</arg>
<arg>ER</arg>
<arg>ES</arg>
<arg>ET</arg>
<arg>FI</arg>
<arg>FJ</arg>
<arg>FK</arg>
<arg>FM</arg>
<arg>FO</arg>
<arg>FR</arg>
<arg>GA</arg>
<arg>GB</arg>
<arg>GD</arg>
<arg>GE</arg>
<arg>GF</arg>
<arg>GG</arg>
<arg>GH</arg>
<arg>GI</arg>
<arg>GL</arg>
<arg>GM</arg>
<arg>GN</arg>
<arg>GP</arg>
<arg>GQ</arg>
<arg>GR</arg>
<arg>GS</arg>
<arg>GT</arg>
<arg>GU</arg>
<arg>GW</arg>
<arg>GY</arg>
<arg>HK</arg>
<arg>HM</arg>
<arg>HN</arg>
<arg>HR</arg>
<arg>HT</arg>
<arg>HU</arg>
<arg>ID</arg>
<arg>IE</arg>
<arg>IL</arg>
<arg>IM</arg>
<arg>IN</arg>
<arg>IO</arg>
<arg>IQ</arg>
<arg>IR</arg>
<arg>IS</arg>
<arg>IT</arg>
<arg>JE</arg>
<arg>JM</arg>
<arg>JO</arg>
<arg>JP</arg>
<arg>KE</arg>
<arg>KG</arg>
<arg>KH</arg>
<arg>KI</arg>
<arg>KM</arg>
<arg>KN</arg>
<arg>KP</arg>
<arg>KR</arg>
<arg>KW</arg>
<arg>KY</arg>
<arg>KZ</arg>
<arg>LA</arg>
<arg>LB</arg>
<arg>LC</arg>
<arg>LI</arg>
<arg>LK</arg>
<arg>LR</arg>
<arg>LS</arg>
<arg>LT</arg>
<arg>LU</arg>
<arg>LV</arg>
<arg>LY</arg>
<arg>MA</arg>
<arg>MC</arg>
<arg>MD</arg>
<arg>ME</arg>
<arg>MF</arg>
<arg>MG</arg>
<arg>MH</arg>
<arg>MK</arg>
<arg>ML</arg>
<arg>MM</arg>
<arg>MN</arg>
<arg>MO</arg>
<arg>MP</arg>
<arg>MQ</arg>
<arg>MR</arg>
<arg>MS</arg>
<arg>MT</arg>
<arg>MU</arg>
<arg>MV</arg>
<arg>MW</arg>
<arg>MX</arg>
<arg>MY</arg>
<arg>MZ</arg>
<arg>NA</arg>
<arg>NC</arg>
<arg>NE</arg>
<arg>NF</arg>
<arg>NG</arg>
<arg>NI</arg>
<arg>NL</arg>
<arg>NO</arg>
<arg>NP</arg>
<arg>NR</arg>
<arg>NU</arg>
<arg>NZ</arg>
<arg>OM</arg>
<arg>PA</arg>
<arg>PE</arg>
<arg>PF</arg>
<arg>PG</arg>
<arg>PH</arg>
<arg>PK</arg>
<arg>PL</arg>
<arg>PM</arg>
<arg>PN</arg>
<arg>PR</arg>
<arg>PS</arg>
<arg>PT</arg>
<arg>PW</arg>
<arg>PY</arg>
<arg>QA</arg>
<arg>RE</arg>
<arg>RO</arg>
<arg>RS</arg>
<arg>RU</arg>
<arg>RW</arg>
<arg>SA</arg>
<arg>SB</arg>
<arg>SC</arg>
<arg>SD</arg>
<arg>SE</arg>
<arg>SG</arg>
<arg>SH</arg>
<arg>SI</arg>
<arg>SJ</arg>
<arg>SK</arg>
<arg>SL</arg>
<arg>SM</arg>
<arg>SN</arg>
<arg>SO</arg>
<arg>SR</arg>
<arg>SS</arg>
<arg>ST</arg>
<arg>SV</arg>
<arg>SX</arg>
<arg>SY</arg>
<arg>SZ</arg>
<arg>TC</arg>
<arg>TD</arg>
<arg>TF</arg>
<arg>TG</arg>
<arg>TH</arg>
<arg>TJ</arg>
<arg>TK</arg>
<arg>TL</arg>
<arg>TM</arg>
<arg>TN</arg>
<arg>TO</arg>
<arg>TR</arg>
<arg>TT</arg>
<arg>TV</arg>
<arg>TW</arg>
<arg>TZ</arg>
<arg>UA</arg>
<arg>UG</arg>
<arg>UM</arg>
<arg>US</arg>
<arg>UY</arg>
<arg>UZ</arg>
<arg>VA</arg>
<arg>VC</arg>
<arg>VE</arg>
<arg>VG</arg>
<arg>VI</arg>
<arg>VN</arg>
<arg>VU</arg>
<arg>WF</arg>
<arg>WS</arg>
<arg>XK</arg>
<arg>YE</arg>
<arg>YT</arg>
<arg>ZA</arg>
<arg>ZM</arg>
<arg>ZW</arg>
<doc>Returns a list containing given items.</doc>
<status status="PASS" start="2024-04-22T05:14:14.229988" elapsed="0.000662"/>
</kw>
<kw name="List Should Contain Value" owner="Collections">
<msg time="2024-04-22T05:14:14.231649" level="INFO">False</msg>
<arg>${list_country}</arg>
<arg>${name_country}</arg>
<doc>Fails if the ``value`` is not found from ``list``.</doc>
<status status="PASS" start="2024-04-22T05:14:14.231449" elapsed="0.000237"/>
</kw>
<kw name="Run Keyword If" owner="BuiltIn">
<kw name="Should Be True" owner="BuiltIn">
<arg>${True}</arg>
<doc>Fails if the given condition is not true.</doc>
<status status="PASS" start="2024-04-22T05:14:14.232764" elapsed="0.000262"/>
</kw>
<arg>${json_data["results"][0]["location"]["coordinates"]["latitude"]} &gt;= -90 and ${json_data["results"][0]["location"]["coordinates"]["latitude"]} &lt;= 90</arg>
<arg>Should Be True</arg>
<arg>${True}</arg>
<doc>Runs the given keyword with the given arguments, if ``condition`` is true.</doc>
<status status="PASS" start="2024-04-22T05:14:14.231998" elapsed="0.001158"/>
</kw>
<kw name="Run Keyword If" owner="BuiltIn">
<kw name="Should Be True" owner="BuiltIn">
<arg>${True}</arg>
<doc>Fails if the given condition is not true.</doc>
<status status="PASS" start="2024-04-22T05:14:14.234057" elapsed="0.000137"/>
</kw>
<arg>${json_data["results"][0]["location"]["coordinates"]["longitude"]} &gt;= -180 and ${json_data["results"][0]["location"]["coordinates"]["longitude"]} &lt;= 180</arg>
<arg>Should Be True</arg>
<arg>${True}</arg>
<doc>Runs the given keyword with the given arguments, if ``condition`` is true.</doc>
<status status="PASS" start="2024-04-22T05:14:14.233341" elapsed="0.000977"/>
</kw>
<status status="PASS" start="2024-04-22T05:14:14.133141" elapsed="0.101339"/>
</kw>
<doc>Testa o conteúdo específico dos campos retornados pela API.</doc>
<tag>testeConteudo</tag>
<status status="PASS" start="2024-04-22T05:14:14.132579" elapsed="0.102066"/>
</test>
<status status="PASS" start="2024-04-22T05:14:13.423688" elapsed="0.812943"/>
</suite>
<status status="PASS" start="2024-04-22T05:14:13.409805" elapsed="0.832006"/>
</suite>
<statistics>
<total>
<stat pass="5" fail="0" skip="0">All Tests</stat>
</total>
<tag>
<stat pass="1" fail="0" skip="0">testeConteudo</stat>
<stat pass="1" fail="0" skip="0">testeEstruturaResposta</stat>
<stat pass="1" fail="0" skip="0">testeRequisicaoBasica</stat>
<stat pass="1" fail="0" skip="0">testeTiposDados</stat>
</tag>
<suite>
<stat pass="5" fail="0" skip="0" id="s1" name="Tests">Tests</stat>
<stat pass="5" fail="0" skip="0" id="s1-s1" name="Random-User-Test">Tests.Random-User-Test</stat>
</suite>
</statistics>
<errors>
</errors>
</robot>
