<?xml version="1.0" encoding="UTF-8"?>
<robot generator="Robot 7.0 (Python 3.12.2 on linux)" generated="2024-03-25T04:16:51.484234" rpa="false" schemaversion="5">
<suite id="s1" name="Tests" source="/home/runner/work/DesafioQAItauRogerioJordao/DesafioQAItauRogerioJordao/RamdonUser/tests">
<suite id="s1-s1" name="Random-User-Test" source="/home/runner/work/DesafioQAItauRogerioJordao/DesafioQAItauRogerioJordao/RamdonUser/tests/random-user-test.robot">
<test id="s1-s1-t1" name="Conectar" line="13">
<kw name="Conectar API" owner="random-user-service">
<kw name="Create Session" owner="RequestsLibrary">
<msg time="2024-03-25T04:16:51.872834" level="INFO">Creating Session using : alias=consultarAPI, url=https://randomuser.me/, headers={},                     cookies={}, auth=None, timeout=None, proxies=None, verify=False,                     debug=0 </msg>
<arg>consultarAPI</arg>
<arg>${URL}</arg>
<doc>Create Session: create a HTTP session to a server</doc>
<status status="PASS" start="2024-03-25T04:16:51.872616" elapsed="0.000421"/>
</kw>
<status status="PASS" start="2024-03-25T04:16:51.871510" elapsed="0.001921"/>
</kw>
<status status="PASS" start="2024-03-25T04:16:51.870804" elapsed="0.002857"/>
</test>
<test id="s1-s1-t2" name="Validar retorno 200 e JSON Válido" line="16">
<kw name="Teste de Requisicao Basica" owner="random-user-service">
<kw name="GET On Session" owner="RequestsLibrary">
<msg time="2024-03-25T04:16:51.982986" level="INFO">GET Request : url=https://randomuser.me/api 
 path_url=/api 
 headers={'User-Agent': 'python-requests/2.31.0', 'Accept-Encoding': 'gzip, deflate', 'Accept': '*/*', 'Connection': 'keep-alive'} 
 body=None 
 </msg>
<msg time="2024-03-25T04:16:51.983151" level="INFO">GET Response : url=https://randomuser.me/api 
 status=200, reason=OK 
 headers={'Date': 'Mon, 25 Mar 2024 04:16:51 GMT', 'Content-Type': 'application/json; charset=utf-8', 'Transfer-Encoding': 'chunked', 'Connection': 'keep-alive', 'X-Powered-By': 'Express', 'Access-Control-Allow-Origin': '*', 'Cache-Control': 'no-cache', 'ETag': 'W/"46c-tp2KSz6w0P8kWYY/b7vLediibRQ"', 'Vary': 'Accept-Encoding', 'Content-Encoding': 'gzip', 'CF-Cache-Status': 'DYNAMIC', 'Report-To': '{"endpoints":[{"url":"https:\\/\\/a.nel.cloudflare.com\\/report\\/v4?s=c9yxsPLGLz7uniUFMXrkWyti4OdOLZGA64NsYwYokaRKAIjWGYaM5%2BiVQhMlqyJRt9nN3dTgsGPQePRoyEqp%2BRlZFfRc%2BV%2B262USGNF5rnjquGPvGxuGnOEEko%2B%2F49w4"}],"group":"cf-nel","max_age":604800}', 'NEL': '{"success_fraction":0,"report_to":"cf-nel","max_age":604800}', 'Server': 'cloudflare', 'CF-RAY': '869c16846c9215e9-SJC', 'alt-svc': 'h3=":443"; ma=86400'} 
 body={"results":[{"gender":"male","name":{"title":"Mr","first":"Ken","last":"Simmons"},"location":{"street":{"number":5501,"name":"The Crescent"},"city":"Oranmore","state":"South Dublin","country":"Ireland","postcode":27478,"coordinates":{"latitude":"1.7700","longitude":"-141.5980"},"timezone":{"offset":"+4:30","description":"Kabul"}},"email":"ken.simmons@example.com","login":{"uuid":"9da8dbd3-bf3a-46c5-9c9a-765a529dc242","username":"organicmouse519","password":"sharpe","salt":"R9oOzXxY","md5":"9b7e2fe2b8a88a229ba5bf365b90d1a9","sha1":"626bb1c6173dfe512dbea218560a60abb90af842","sha256":"32ed07711a41416f580fbd1a77e833cca98e3dfefd2cc185400eba723013a13c"},"dob":{"date":"1966-02-08T23:04:13.265Z","age":58},"registered":{"date":"2009-07-10T05:28:13.049Z","age":14},"phone":"031-168-7121","cell":"081-594-6797","id":{"name":"PPS","value":"6898982T"},"picture":{"large":"https://randomuser.me/api/portraits/men/66.jpg","medium":"https://randomuser.me/api/portraits/med/men/66.jpg","thumbnail":"https://randomuser.me/api/portraits/thumb/men/66.jpg"},"nat":"IE"}],"info":{"seed":"ddabab79b591c634","results":1,"page":1,"version":"1.4"}} 
 </msg>
<msg time="2024-03-25T04:16:51.983270" level="INFO">/opt/hostedtoolcache/Python/3.12.2/x64/lib/python3.12/site-packages/urllib3/connectionpool.py:1103: InsecureRequestWarning: Unverified HTTPS request is being made to host 'randomuser.me'. Adding certificate verification is strongly advised. See: https://urllib3.readthedocs.io/en/latest/advanced-usage.html#tls-warnings
  warnings.warn(</msg>
<msg time="2024-03-25T04:16:51.983421" level="INFO">${response} = &lt;Response [200]&gt;</msg>
<var>${response}</var>
<arg>consultarAPI</arg>
<arg>/api</arg>
<doc>Sends a GET request on a previously created HTTP Session.</doc>
<status status="PASS" start="2024-03-25T04:16:51.876447" elapsed="0.107016"/>
</kw>
<kw name="Should Be Equal As Numbers" owner="BuiltIn">
<msg time="2024-03-25T04:16:51.984694" level="INFO">Argument types are:
&lt;class 'int'&gt;
&lt;class 'str'&gt;</msg>
<arg>${response.status_code}</arg>
<arg>200</arg>
<doc>Fails if objects are unequal after converting them to real numbers.</doc>
<status status="PASS" start="2024-03-25T04:16:51.984169" elapsed="0.000596"/>
</kw>
<kw name="Log" owner="BuiltIn">
<msg time="2024-03-25T04:16:51.985523" level="INFO">200</msg>
<arg>${response.status_code}</arg>
<doc>Logs the given message with the given level.</doc>
<status status="PASS" start="2024-03-25T04:16:51.985137" elapsed="0.000431"/>
</kw>
<kw name="Set Variable" owner="BuiltIn">
<msg time="2024-03-25T04:16:51.986409" level="INFO">${json_data} = {'results': [{'gender': 'male', 'name': {'title': 'Mr', 'first': 'Ken', 'last': 'Simmons'}, 'location': {'street': {'number': 5501, 'name': 'The Crescent'}, 'city': 'Oranmore', 'state': 'South Dublin'...</msg>
<var>${json_data}</var>
<arg>${response.json()}</arg>
<doc>Returns the given values which can then be assigned to a variables.</doc>
<status status="PASS" start="2024-03-25T04:16:51.985918" elapsed="0.000524"/>
</kw>
<kw name="Dictionary Should Contain Key" owner="Collections">
<msg time="2024-03-25T04:16:51.986946" level="INFO">False</msg>
<arg>${json_data}</arg>
<arg>results</arg>
<doc>Fails if ``key`` is not found from ``dictionary``.</doc>
<status status="PASS" start="2024-03-25T04:16:51.986769" elapsed="0.000235"/>
</kw>
<status status="PASS" start="2024-03-25T04:16:51.876183" elapsed="0.111193"/>
</kw>
<doc>Testa se a API responde corretamente e retorna um objeto JSON válido.</doc>
<tag>testeRequisicaoBasica</tag>
<status status="PASS" start="2024-03-25T04:16:51.875590" elapsed="0.112079"/>
</test>
<test id="s1-s1-t3" name="Validar estrutura de resposta" line="22">
<kw name="Teste de Estrutura de Resposta" owner="random-user-service">
<kw name="GET On Session" owner="RequestsLibrary">
<msg time="2024-03-25T04:16:52.084710" level="INFO">GET Request : url=https://randomuser.me/api 
 path_url=/api 
 headers={'User-Agent': 'python-requests/2.31.0', 'Accept-Encoding': 'gzip, deflate', 'Accept': '*/*', 'Connection': 'keep-alive'} 
 body=None 
 </msg>
<msg time="2024-03-25T04:16:52.084812" level="INFO">GET Response : url=https://randomuser.me/api 
 status=200, reason=OK 
 headers={'Date': 'Mon, 25 Mar 2024 04:16:52 GMT', 'Content-Type': 'application/json; charset=utf-8', 'Transfer-Encoding': 'chunked', 'Connection': 'keep-alive', 'X-Powered-By': 'Express', 'Access-Control-Allow-Origin': '*', 'Cache-Control': 'no-cache', 'ETag': 'W/"482-+saerUY7qenWianecXs2e6MG2Ts"', 'Vary': 'Accept-Encoding', 'Content-Encoding': 'gzip', 'CF-Cache-Status': 'DYNAMIC', 'Report-To': '{"endpoints":[{"url":"https:\\/\\/a.nel.cloudflare.com\\/report\\/v4?s=DMqBrffONucA5KdJ4mAKqkJjiVg436RoaRCJuEAj0imqddJ4jdjYFxaSALuYmHquxpYCG4gPojDzswriKY5YB%2Fzo8F2U1xiMIqtTJtJUw1PMn%2Fnuur3m1nShUZpfGpCV"}],"group":"cf-nel","max_age":604800}', 'NEL': '{"success_fraction":0,"report_to":"cf-nel","max_age":604800}', 'Server': 'cloudflare', 'CF-RAY': '869c1684fd1815e9-SJC', 'alt-svc': 'h3=":443"; ma=86400'} 
 body={"results":[{"gender":"male","name":{"title":"Monsieur","first":"Gion","last":"Boyer"},"location":{"street":{"number":9861,"name":"Rue Bataille"},"city":"Orges","state":"Schwyz","country":"Switzerland","postcode":4968,"coordinates":{"latitude":"-60.4083","longitude":"-91.8636"},"timezone":{"offset":"-12:00","description":"Eniwetok, Kwajalein"}},"email":"gion.boyer@example.com","login":{"uuid":"510f6a9d-5023-4dcb-924a-b7477e685647","username":"crazymouse774","password":"bronco","salt":"xdjmZXSe","md5":"30c085688c45c98b6390250bcdd19662","sha1":"7bae1eb49b31e3788911bb74171475e57e3538fb","sha256":"5ba8d4cced2638326ab8bf5bf6a6e3195ba7a825172f03817a897ca7f55444ad"},"dob":{"date":"1970-06-18T10:37:55.337Z","age":53},"registered":{"date":"2007-10-08T23:06:13.246Z","age":16},"phone":"079 353 32 46","cell":"078 542 21 75","id":{"name":"AVS","value":"756.1370.2564.81"},"picture":{"large":"https://randomuser.me/api/portraits/men/47.jpg","medium":"https://randomuser.me/api/portraits/med/men/47.jpg","thumbnail":"https://randomuser.me/api/portraits/thumb/men/47.jpg"},"nat":"CH"}],"info":{"seed":"599734e7c5590f8f","results":1,"page":1,"version":"1.4"}} 
 </msg>
<msg time="2024-03-25T04:16:52.084963" level="INFO">/opt/hostedtoolcache/Python/3.12.2/x64/lib/python3.12/site-packages/urllib3/connectionpool.py:1103: InsecureRequestWarning: Unverified HTTPS request is being made to host 'randomuser.me'. Adding certificate verification is strongly advised. See: https://urllib3.readthedocs.io/en/latest/advanced-usage.html#tls-warnings
  warnings.warn(</msg>
<msg time="2024-03-25T04:16:52.085092" level="INFO">${response} = &lt;Response [200]&gt;</msg>
<var>${response}</var>
<arg>consultarAPI</arg>
<arg>/api</arg>
<doc>Sends a GET request on a previously created HTTP Session.</doc>
<status status="PASS" start="2024-03-25T04:16:51.990696" elapsed="0.094436"/>
</kw>
<kw name="Set Variable" owner="BuiltIn">
<msg time="2024-03-25T04:16:52.086211" level="INFO">${json_data} = {'results': [{'gender': 'male', 'name': {'title': 'Monsieur', 'first': 'Gion', 'last': 'Boyer'}, 'location': {'street': {'number': 9861, 'name': 'Rue Bataille'}, 'city': 'Orges', 'state': 'Schwyz', 'c...</msg>
<var>${json_data}</var>
<arg>${response.json()}</arg>
<doc>Returns the given values which can then be assigned to a variables.</doc>
<status status="PASS" start="2024-03-25T04:16:52.085675" elapsed="0.000566"/>
</kw>
<kw name="Log" owner="BuiltIn">
<msg time="2024-03-25T04:16:52.086785" level="INFO">{'results': [{'gender': 'male', 'name': {'title': 'Monsieur', 'first': 'Gion', 'last': 'Boyer'}, 'location': {'street': {'number': 9861, 'name': 'Rue Bataille'}, 'city': 'Orges', 'state': 'Schwyz', 'country': 'Switzerland', 'postcode': 4968, 'coordinates': {'latitude': '-60.4083', 'longitude': '-91.8636'}, 'timezone': {'offset': '-12:00', 'description': 'Eniwetok, Kwajalein'}}, 'email': 'gion.boyer@example.com', 'login': {'uuid': '510f6a9d-5023-4dcb-924a-b7477e685647', 'username': 'crazymouse774', 'password': 'bronco', 'salt': 'xdjmZXSe', 'md5': '30c085688c45c98b6390250bcdd19662', 'sha1': '7bae1eb49b31e3788911bb74171475e57e3538fb', 'sha256': '5ba8d4cced2638326ab8bf5bf6a6e3195ba7a825172f03817a897ca7f55444ad'}, 'dob': {'date': '1970-06-18T10:37:55.337Z', 'age': 53}, 'registered': {'date': '2007-10-08T23:06:13.246Z', 'age': 16}, 'phone': '079 353 32 46', 'cell': '078 542 21 75', 'id': {'name': 'AVS', 'value': '756.1370.2564.81'}, 'picture': {'large': 'https://randomuser.me/api/portraits/men/47.jpg', 'medium': 'https://randomuser.me/api/portraits/med/men/47.jpg', 'thumbnail': 'https://randomuser.me/api/portraits/thumb/men/47.jpg'}, 'nat': 'CH'}], 'info': {'seed': '599734e7c5590f8f', 'results': 1, 'page': 1, 'version': '1.4'}}</msg>
<arg>${json_data}</arg>
<doc>Logs the given message with the given level.</doc>
<status status="PASS" start="2024-03-25T04:16:52.086616" elapsed="0.000219"/>
</kw>
<kw name="Dictionary Should Contain Key" owner="Collections">
<msg time="2024-03-25T04:16:52.087310" level="INFO">False</msg>
<arg>${json_data}</arg>
<arg>results</arg>
<doc>Fails if ``key`` is not found from ``dictionary``.</doc>
<status status="PASS" start="2024-03-25T04:16:52.087146" elapsed="0.000221"/>
</kw>
<kw name="Should Not Be Empty" owner="BuiltIn">
<msg time="2024-03-25T04:16:52.087815" level="INFO">Length is 2.</msg>
<arg>${json_data}</arg>
<doc>Verifies that the given item is not empty.</doc>
<status status="PASS" start="2024-03-25T04:16:52.087678" elapsed="0.000178"/>
</kw>
<kw name="Create List" owner="BuiltIn">
<msg time="2024-03-25T04:16:52.088326" level="INFO">${expected_keys} = ['gender', 'name', 'location', 'email', 'login']</msg>
<var>${expected_keys}</var>
<arg>gender</arg>
<arg>name</arg>
<arg>location</arg>
<arg>email</arg>
<arg>login</arg>
<doc>Returns a list containing given items.</doc>
<status status="PASS" start="2024-03-25T04:16:52.088162" elapsed="0.000189"/>
</kw>
<for flavor="IN">
<iter>
<kw name="Dictionary Should Contain Key" owner="Collections">
<msg time="2024-03-25T04:16:52.089405" level="INFO">False</msg>
<arg>${json_data['results'][0]}</arg>
<arg>${key}</arg>
<doc>Fails if ``key`` is not found from ``dictionary``.</doc>
<status status="PASS" start="2024-03-25T04:16:52.088968" elapsed="0.000477"/>
</kw>
<kw name="Log" owner="BuiltIn">
<msg time="2024-03-25T04:16:52.090133" level="INFO">{'gender': 'male', 'name': {'title': 'Monsieur', 'first': 'Gion', 'last': 'Boyer'}, 'location': {'street': {'number': 9861, 'name': 'Rue Bataille'}, 'city': 'Orges', 'state': 'Schwyz', 'country': 'Switzerland', 'postcode': 4968, 'coordinates': {'latitude': '-60.4083', 'longitude': '-91.8636'}, 'timezone': {'offset': '-12:00', 'description': 'Eniwetok, Kwajalein'}}, 'email': 'gion.boyer@example.com', 'login': {'uuid': '510f6a9d-5023-4dcb-924a-b7477e685647', 'username': 'crazymouse774', 'password': 'bronco', 'salt': 'xdjmZXSe', 'md5': '30c085688c45c98b6390250bcdd19662', 'sha1': '7bae1eb49b31e3788911bb74171475e57e3538fb', 'sha256': '5ba8d4cced2638326ab8bf5bf6a6e3195ba7a825172f03817a897ca7f55444ad'}, 'dob': {'date': '1970-06-18T10:37:55.337Z', 'age': 53}, 'registered': {'date': '2007-10-08T23:06:13.246Z', 'age': 16}, 'phone': '079 353 32 46', 'cell': '078 542 21 75', 'id': {'name': 'AVS', 'value': '756.1370.2564.81'}, 'picture': {'large': 'https://randomuser.me/api/portraits/men/47.jpg', 'medium': 'https://randomuser.me/api/portraits/med/men/47.jpg', 'thumbnail': 'https://randomuser.me/api/portraits/thumb/men/47.jpg'}, 'nat': 'CH'}</msg>
<arg>${json_data['results'][0]}</arg>
<doc>Logs the given message with the given level.</doc>
<status status="PASS" start="2024-03-25T04:16:52.089756" elapsed="0.000432"/>
</kw>
<kw name="Log" owner="BuiltIn">
<msg time="2024-03-25T04:16:52.090665" level="INFO">gender</msg>
<arg>${key}</arg>
<doc>Logs the given message with the given level.</doc>
<status status="PASS" start="2024-03-25T04:16:52.090527" elapsed="0.000178"/>
</kw>
<var name="${key}">gender</var>
<status status="PASS" start="2024-03-25T04:16:52.088841" elapsed="0.002094"/>
</iter>
<iter>
<kw name="Dictionary Should Contain Key" owner="Collections">
<msg time="2024-03-25T04:16:52.091674" level="INFO">False</msg>
<arg>${json_data['results'][0]}</arg>
<arg>${key}</arg>
<doc>Fails if ``key`` is not found from ``dictionary``.</doc>
<status status="PASS" start="2024-03-25T04:16:52.091242" elapsed="0.000472"/>
</kw>
<kw name="Log" owner="BuiltIn">
<msg time="2024-03-25T04:16:52.092445" level="INFO">{'gender': 'male', 'name': {'title': 'Monsieur', 'first': 'Gion', 'last': 'Boyer'}, 'location': {'street': {'number': 9861, 'name': 'Rue Bataille'}, 'city': 'Orges', 'state': 'Schwyz', 'country': 'Switzerland', 'postcode': 4968, 'coordinates': {'latitude': '-60.4083', 'longitude': '-91.8636'}, 'timezone': {'offset': '-12:00', 'description': 'Eniwetok, Kwajalein'}}, 'email': 'gion.boyer@example.com', 'login': {'uuid': '510f6a9d-5023-4dcb-924a-b7477e685647', 'username': 'crazymouse774', 'password': 'bronco', 'salt': 'xdjmZXSe', 'md5': '30c085688c45c98b6390250bcdd19662', 'sha1': '7bae1eb49b31e3788911bb74171475e57e3538fb', 'sha256': '5ba8d4cced2638326ab8bf5bf6a6e3195ba7a825172f03817a897ca7f55444ad'}, 'dob': {'date': '1970-06-18T10:37:55.337Z', 'age': 53}, 'registered': {'date': '2007-10-08T23:06:13.246Z', 'age': 16}, 'phone': '079 353 32 46', 'cell': '078 542 21 75', 'id': {'name': 'AVS', 'value': '756.1370.2564.81'}, 'picture': {'large': 'https://randomuser.me/api/portraits/men/47.jpg', 'medium': 'https://randomuser.me/api/portraits/med/men/47.jpg', 'thumbnail': 'https://randomuser.me/api/portraits/thumb/men/47.jpg'}, 'nat': 'CH'}</msg>
<arg>${json_data['results'][0]}</arg>
<doc>Logs the given message with the given level.</doc>
<status status="PASS" start="2024-03-25T04:16:52.092067" elapsed="0.000427"/>
</kw>
<kw name="Log" owner="BuiltIn">
<msg time="2024-03-25T04:16:52.092931" level="INFO">name</msg>
<arg>${key}</arg>
<doc>Logs the given message with the given level.</doc>
<status status="PASS" start="2024-03-25T04:16:52.092799" elapsed="0.000171"/>
</kw>
<var name="${key}">name</var>
<status status="PASS" start="2024-03-25T04:16:52.091126" elapsed="0.002068"/>
</iter>
<iter>
<kw name="Dictionary Should Contain Key" owner="Collections">
<msg time="2024-03-25T04:16:52.093872" level="INFO">False</msg>
<arg>${json_data['results'][0]}</arg>
<arg>${key}</arg>
<doc>Fails if ``key`` is not found from ``dictionary``.</doc>
<status status="PASS" start="2024-03-25T04:16:52.093490" elapsed="0.000421"/>
</kw>
<kw name="Log" owner="BuiltIn">
<msg time="2024-03-25T04:16:52.094598" level="INFO">{'gender': 'male', 'name': {'title': 'Monsieur', 'first': 'Gion', 'last': 'Boyer'}, 'location': {'street': {'number': 9861, 'name': 'Rue Bataille'}, 'city': 'Orges', 'state': 'Schwyz', 'country': 'Switzerland', 'postcode': 4968, 'coordinates': {'latitude': '-60.4083', 'longitude': '-91.8636'}, 'timezone': {'offset': '-12:00', 'description': 'Eniwetok, Kwajalein'}}, 'email': 'gion.boyer@example.com', 'login': {'uuid': '510f6a9d-5023-4dcb-924a-b7477e685647', 'username': 'crazymouse774', 'password': 'bronco', 'salt': 'xdjmZXSe', 'md5': '30c085688c45c98b6390250bcdd19662', 'sha1': '7bae1eb49b31e3788911bb74171475e57e3538fb', 'sha256': '5ba8d4cced2638326ab8bf5bf6a6e3195ba7a825172f03817a897ca7f55444ad'}, 'dob': {'date': '1970-06-18T10:37:55.337Z', 'age': 53}, 'registered': {'date': '2007-10-08T23:06:13.246Z', 'age': 16}, 'phone': '079 353 32 46', 'cell': '078 542 21 75', 'id': {'name': 'AVS', 'value': '756.1370.2564.81'}, 'picture': {'large': 'https://randomuser.me/api/portraits/men/47.jpg', 'medium': 'https://randomuser.me/api/portraits/med/men/47.jpg', 'thumbnail': 'https://randomuser.me/api/portraits/thumb/men/47.jpg'}, 'nat': 'CH'}</msg>
<arg>${json_data['results'][0]}</arg>
<doc>Logs the given message with the given level.</doc>
<status status="PASS" start="2024-03-25T04:16:52.094213" elapsed="0.000439"/>
</kw>
<kw name="Log" owner="BuiltIn">
<msg time="2024-03-25T04:16:52.095076" level="INFO">location</msg>
<arg>${key}</arg>
<doc>Logs the given message with the given level.</doc>
<status status="PASS" start="2024-03-25T04:16:52.094948" elapsed="0.000168"/>
</kw>
<var name="${key}">location</var>
<status status="PASS" start="2024-03-25T04:16:52.093377" elapsed="0.001961"/>
</iter>
<iter>
<kw name="Dictionary Should Contain Key" owner="Collections">
<msg time="2024-03-25T04:16:52.096018" level="INFO">False</msg>
<arg>${json_data['results'][0]}</arg>
<arg>${key}</arg>
<doc>Fails if ``key`` is not found from ``dictionary``.</doc>
<status status="PASS" start="2024-03-25T04:16:52.095626" elapsed="0.000429"/>
</kw>
<kw name="Log" owner="BuiltIn">
<msg time="2024-03-25T04:16:52.096718" level="INFO">{'gender': 'male', 'name': {'title': 'Monsieur', 'first': 'Gion', 'last': 'Boyer'}, 'location': {'street': {'number': 9861, 'name': 'Rue Bataille'}, 'city': 'Orges', 'state': 'Schwyz', 'country': 'Switzerland', 'postcode': 4968, 'coordinates': {'latitude': '-60.4083', 'longitude': '-91.8636'}, 'timezone': {'offset': '-12:00', 'description': 'Eniwetok, Kwajalein'}}, 'email': 'gion.boyer@example.com', 'login': {'uuid': '510f6a9d-5023-4dcb-924a-b7477e685647', 'username': 'crazymouse774', 'password': 'bronco', 'salt': 'xdjmZXSe', 'md5': '30c085688c45c98b6390250bcdd19662', 'sha1': '7bae1eb49b31e3788911bb74171475e57e3538fb', 'sha256': '5ba8d4cced2638326ab8bf5bf6a6e3195ba7a825172f03817a897ca7f55444ad'}, 'dob': {'date': '1970-06-18T10:37:55.337Z', 'age': 53}, 'registered': {'date': '2007-10-08T23:06:13.246Z', 'age': 16}, 'phone': '079 353 32 46', 'cell': '078 542 21 75', 'id': {'name': 'AVS', 'value': '756.1370.2564.81'}, 'picture': {'large': 'https://randomuser.me/api/portraits/men/47.jpg', 'medium': 'https://randomuser.me/api/portraits/med/men/47.jpg', 'thumbnail': 'https://randomuser.me/api/portraits/thumb/men/47.jpg'}, 'nat': 'CH'}</msg>
<arg>${json_data['results'][0]}</arg>
<doc>Logs the given message with the given level.</doc>
<status status="PASS" start="2024-03-25T04:16:52.096357" elapsed="0.000408"/>
</kw>
<kw name="Log" owner="BuiltIn">
<msg time="2024-03-25T04:16:52.097193" level="INFO">email</msg>
<arg>${key}</arg>
<doc>Logs the given message with the given level.</doc>
<status status="PASS" start="2024-03-25T04:16:52.097063" elapsed="0.000168"/>
</kw>
<var name="${key}">email</var>
<status status="PASS" start="2024-03-25T04:16:52.095514" elapsed="0.001938"/>
</iter>
<iter>
<kw name="Dictionary Should Contain Key" owner="Collections">
<msg time="2024-03-25T04:16:52.098132" level="INFO">False</msg>
<arg>${json_data['results'][0]}</arg>
<arg>${key}</arg>
<doc>Fails if ``key`` is not found from ``dictionary``.</doc>
<status status="PASS" start="2024-03-25T04:16:52.097744" elapsed="0.000426"/>
</kw>
<kw name="Log" owner="BuiltIn">
<msg time="2024-03-25T04:16:52.098858" level="INFO">{'gender': 'male', 'name': {'title': 'Monsieur', 'first': 'Gion', 'last': 'Boyer'}, 'location': {'street': {'number': 9861, 'name': 'Rue Bataille'}, 'city': 'Orges', 'state': 'Schwyz', 'country': 'Switzerland', 'postcode': 4968, 'coordinates': {'latitude': '-60.4083', 'longitude': '-91.8636'}, 'timezone': {'offset': '-12:00', 'description': 'Eniwetok, Kwajalein'}}, 'email': 'gion.boyer@example.com', 'login': {'uuid': '510f6a9d-5023-4dcb-924a-b7477e685647', 'username': 'crazymouse774', 'password': 'bronco', 'salt': 'xdjmZXSe', 'md5': '30c085688c45c98b6390250bcdd19662', 'sha1': '7bae1eb49b31e3788911bb74171475e57e3538fb', 'sha256': '5ba8d4cced2638326ab8bf5bf6a6e3195ba7a825172f03817a897ca7f55444ad'}, 'dob': {'date': '1970-06-18T10:37:55.337Z', 'age': 53}, 'registered': {'date': '2007-10-08T23:06:13.246Z', 'age': 16}, 'phone': '079 353 32 46', 'cell': '078 542 21 75', 'id': {'name': 'AVS', 'value': '756.1370.2564.81'}, 'picture': {'large': 'https://randomuser.me/api/portraits/men/47.jpg', 'medium': 'https://randomuser.me/api/portraits/med/men/47.jpg', 'thumbnail': 'https://randomuser.me/api/portraits/thumb/men/47.jpg'}, 'nat': 'CH'}</msg>
<arg>${json_data['results'][0]}</arg>
<doc>Logs the given message with the given level.</doc>
<status status="PASS" start="2024-03-25T04:16:52.098489" elapsed="0.000416"/>
</kw>
<kw name="Log" owner="BuiltIn">
<msg time="2024-03-25T04:16:52.099339" level="INFO">login</msg>
<arg>${key}</arg>
<doc>Logs the given message with the given level.</doc>
<status status="PASS" start="2024-03-25T04:16:52.099208" elapsed="0.000281"/>
</kw>
<var name="${key}">login</var>
<status status="PASS" start="2024-03-25T04:16:52.097628" elapsed="0.002092"/>
</iter>
<var>${key}</var>
<value>@{expected_keys}</value>
<status status="PASS" start="2024-03-25T04:16:52.088639" elapsed="0.011234"/>
</for>
<kw name="Create List" owner="BuiltIn">
<msg time="2024-03-25T04:16:52.100224" level="INFO">${expected_keysTwo} = ['username', 'password']</msg>
<var>${expected_keysTwo}</var>
<arg>username</arg>
<arg>password</arg>
<doc>Returns a list containing given items.</doc>
<status status="PASS" start="2024-03-25T04:16:52.100081" elapsed="0.000167"/>
</kw>
<for flavor="IN">
<iter>
<kw name="Dictionary Should Contain Key" owner="Collections">
<msg time="2024-03-25T04:16:52.101147" level="INFO">False</msg>
<arg>${json_data['results'][0]['login']}</arg>
<arg>${keyTwo}</arg>
<doc>Fails if ``key`` is not found from ``dictionary``.</doc>
<status status="PASS" start="2024-03-25T04:16:52.100761" elapsed="0.000424"/>
</kw>
<kw name="Dictionary Should Contain Key" owner="Collections">
<msg time="2024-03-25T04:16:52.101878" level="INFO">False</msg>
<arg>${json_data['results'][0]['login']}</arg>
<arg>${keyTwo}</arg>
<doc>Fails if ``key`` is not found from ``dictionary``.</doc>
<status status="PASS" start="2024-03-25T04:16:52.101485" elapsed="0.000431"/>
</kw>
<kw name="Log" owner="BuiltIn">
<msg time="2024-03-25T04:16:52.102346" level="INFO">username</msg>
<arg>${keyTwo}</arg>
<doc>Logs the given message with the given level.</doc>
<status status="PASS" start="2024-03-25T04:16:52.102215" elapsed="0.000191"/>
</kw>
<var name="${keyTwo}">username</var>
<status status="PASS" start="2024-03-25T04:16:52.100649" elapsed="0.001980"/>
</iter>
<iter>
<kw name="Dictionary Should Contain Key" owner="Collections">
<msg time="2024-03-25T04:16:52.103293" level="INFO">False</msg>
<arg>${json_data['results'][0]['login']}</arg>
<arg>${keyTwo}</arg>
<doc>Fails if ``key`` is not found from ``dictionary``.</doc>
<status status="PASS" start="2024-03-25T04:16:52.102914" elapsed="0.000417"/>
</kw>
<kw name="Dictionary Should Contain Key" owner="Collections">
<msg time="2024-03-25T04:16:52.104023" level="INFO">False</msg>
<arg>${json_data['results'][0]['login']}</arg>
<arg>${keyTwo}</arg>
<doc>Fails if ``key`` is not found from ``dictionary``.</doc>
<status status="PASS" start="2024-03-25T04:16:52.103626" elapsed="0.000434"/>
</kw>
<kw name="Log" owner="BuiltIn">
<msg time="2024-03-25T04:16:52.104499" level="INFO">password</msg>
<arg>${keyTwo}</arg>
<doc>Logs the given message with the given level.</doc>
<status status="PASS" start="2024-03-25T04:16:52.104369" elapsed="0.000168"/>
</kw>
<var name="${keyTwo}">password</var>
<status status="PASS" start="2024-03-25T04:16:52.102803" elapsed="0.001955"/>
</iter>
<var>${keyTwo}</var>
<value>@{expected_keysTwo}</value>
<status status="PASS" start="2024-03-25T04:16:52.100495" elapsed="0.004387"/>
</for>
<status status="PASS" start="2024-03-25T04:16:51.990442" elapsed="0.114588"/>
</kw>
<doc>Testa a estrutura da resposta da API.</doc>
<tag>testeEstruturaResposta</tag>
<status status="PASS" start="2024-03-25T04:16:51.989626" elapsed="0.115572"/>
</test>
<test id="s1-s1-t4" name="Validar tipos de dados" line="28">
<kw name="Teste de Tipos de Dados" owner="random-user-service">
<kw name="GET On Session" owner="RequestsLibrary">
<msg time="2024-03-25T04:16:52.191063" level="INFO">GET Request : url=https://randomuser.me/api 
 path_url=/api 
 headers={'User-Agent': 'python-requests/2.31.0', 'Accept-Encoding': 'gzip, deflate', 'Accept': '*/*', 'Connection': 'keep-alive'} 
 body=None 
 </msg>
<msg time="2024-03-25T04:16:52.191163" level="INFO">GET Response : url=https://randomuser.me/api 
 status=200, reason=OK 
 headers={'Date': 'Mon, 25 Mar 2024 04:16:52 GMT', 'Content-Type': 'application/json; charset=utf-8', 'Transfer-Encoding': 'chunked', 'Connection': 'keep-alive', 'X-Powered-By': 'Express', 'Access-Control-Allow-Origin': '*', 'Cache-Control': 'no-cache', 'ETag': 'W/"479-Dsd+s3/TJupSzOkWC7JTT/QQYbE"', 'Vary': 'Accept-Encoding', 'Content-Encoding': 'gzip', 'CF-Cache-Status': 'DYNAMIC', 'Report-To': '{"endpoints":[{"url":"https:\\/\\/a.nel.cloudflare.com\\/report\\/v4?s=DIk8ictvdeUepOis%2Bbd9Bm6xP3on86WAr%2FWOJGU%2FIbvLyYOD%2FnfEcwRxaN2gnoiA4zi8gTjOr%2BgWFKIjWETPpj9Hlhk2OhdZKiBesEDXgxva7nN3So3I8VFzGGF1Gmwi"}],"group":"cf-nel","max_age":604800}', 'NEL': '{"success_fraction":0,"report_to":"cf-nel","max_age":604800}', 'Server': 'cloudflare', 'CF-RAY': '869c1685bda815e9-SJC', 'alt-svc': 'h3=":443"; ma=86400'} 
 body={"results":[{"gender":"male","name":{"title":"Mr","first":"Adem","last":"Menemencioğlu"},"location":{"street":{"number":7279,"name":"Doktorlar Cd"},"city":"Aydın","state":"Aydın","country":"Turkey","postcode":53364,"coordinates":{"latitude":"69.8255","longitude":"-73.3644"},"timezone":{"offset":"+9:30","description":"Adelaide, Darwin"}},"email":"adem.menemencioglu@example.com","login":{"uuid":"09eb2117-c4c4-4acc-bf67-539941691916","username":"greenladybug394","password":"vietnam","salt":"XrVsNVXS","md5":"458457b262d7edc3ff8c0c3bb48ce63b","sha1":"e76f4b8a66c1e4680f0e21f4ad1e0d96fb3e20bf","sha256":"dc340f27ceba859a2f4b91b645ffa7401b4f82c5ed486e0e63a41ee6ef26c0d1"},"dob":{"date":"1956-10-16T03:56:57.378Z","age":67},"registered":{"date":"2013-10-22T19:11:46.832Z","age":10},"phone":"(203)-505-0489","cell":"(758)-951-1764","id":{"name":"","value":null},"picture":{"large":"https://randomuser.me/api/portraits/men/61.jpg","medium":"https://randomuser.me/api/portraits/med/men/61.jpg","thumbnail":"https://randomuser.me/api/portraits/thumb/men/61.jpg"},"nat":"TR"}],"info":{"seed":"acadf48d53626b5d","results":1,"page":1,"version":"1.4"}} 
 </msg>
<msg time="2024-03-25T04:16:52.191237" level="INFO">/opt/hostedtoolcache/Python/3.12.2/x64/lib/python3.12/site-packages/urllib3/connectionpool.py:1103: InsecureRequestWarning: Unverified HTTPS request is being made to host 'randomuser.me'. Adding certificate verification is strongly advised. See: https://urllib3.readthedocs.io/en/latest/advanced-usage.html#tls-warnings
  warnings.warn(</msg>
<msg time="2024-03-25T04:16:52.191368" level="INFO">${response} = &lt;Response [200]&gt;</msg>
<var>${response}</var>
<arg>consultarAPI</arg>
<arg>/api</arg>
<doc>Sends a GET request on a previously created HTTP Session.</doc>
<status status="PASS" start="2024-03-25T04:16:52.107696" elapsed="0.083712"/>
</kw>
<kw name="Set Variable" owner="BuiltIn">
<msg time="2024-03-25T04:16:52.192653" level="INFO">${json_data} = {'results': [{'gender': 'male', 'name': {'title': 'Mr', 'first': 'Adem', 'last': 'Menemencioğlu'}, 'location': {'street': {'number': 7279, 'name': 'Doktorlar Cd'}, 'city': 'Aydın', 'state': 'Aydın', '...</msg>
<var>${json_data}</var>
<arg>${response.json()}</arg>
<doc>Returns the given values which can then be assigned to a variables.</doc>
<status status="PASS" start="2024-03-25T04:16:52.192076" elapsed="0.000607"/>
</kw>
<kw name="Log" owner="BuiltIn">
<msg time="2024-03-25T04:16:52.193167" level="INFO">{'results': [{'gender': 'male', 'name': {'title': 'Mr', 'first': 'Adem', 'last': 'Menemencioğlu'}, 'location': {'street': {'number': 7279, 'name': 'Doktorlar Cd'}, 'city': 'Aydın', 'state': 'Aydın', 'country': 'Turkey', 'postcode': 53364, 'coordinates': {'latitude': '69.8255', 'longitude': '-73.3644'}, 'timezone': {'offset': '+9:30', 'description': 'Adelaide, Darwin'}}, 'email': 'adem.menemencioglu@example.com', 'login': {'uuid': '09eb2117-c4c4-4acc-bf67-539941691916', 'username': 'greenladybug394', 'password': 'vietnam', 'salt': 'XrVsNVXS', 'md5': '458457b262d7edc3ff8c0c3bb48ce63b', 'sha1': 'e76f4b8a66c1e4680f0e21f4ad1e0d96fb3e20bf', 'sha256': 'dc340f27ceba859a2f4b91b645ffa7401b4f82c5ed486e0e63a41ee6ef26c0d1'}, 'dob': {'date': '1956-10-16T03:56:57.378Z', 'age': 67}, 'registered': {'date': '2013-10-22T19:11:46.832Z', 'age': 10}, 'phone': '(203)-505-0489', 'cell': '(758)-951-1764', 'id': {'name': '', 'value': None}, 'picture': {'large': 'https://randomuser.me/api/portraits/men/61.jpg', 'medium': 'https://randomuser.me/api/portraits/med/men/61.jpg', 'thumbnail': 'https://randomuser.me/api/portraits/thumb/men/61.jpg'}, 'nat': 'TR'}], 'info': {'seed': 'acadf48d53626b5d', 'results': 1, 'page': 1, 'version': '1.4'}}</msg>
<arg>${json_data}</arg>
<doc>Logs the given message with the given level.</doc>
<status status="PASS" start="2024-03-25T04:16:52.193002" elapsed="0.000253"/>
</kw>
<kw name="Should Be String" owner="String">
<arg>${json_data['results'][0]['gender']}</arg>
<doc>Fails if the given ``item`` is not a string.</doc>
<status status="PASS" start="2024-03-25T04:16:52.193562" elapsed="0.000407"/>
</kw>
<kw name="Should Match Regexp" owner="BuiltIn">
<arg>${json_data['results'][0]['email']}</arg>
<arg>^[a-zA-Z0-9._%+-]+@[a-zA-Z0-9.-]+\.[a-zA-Z]{2,}$</arg>
<doc>Fails if ``string`` does not match ``pattern`` as a regular expression.</doc>
<status status="PASS" start="2024-03-25T04:16:52.194168" elapsed="0.000564"/>
</kw>
<kw name="Should Match Regexp" owner="BuiltIn">
<arg>${json_data['results'][0]['dob']['date']}</arg>
<arg>\\d{4}-\\d{2}-\\d{2}T\\d{2}:\\d{2}:\\d{2}\\.\\d{3}Z</arg>
<doc>Fails if ``string`` does not match ``pattern`` as a regular expression.</doc>
<status status="PASS" start="2024-03-25T04:16:52.194933" elapsed="0.000506"/>
</kw>
<kw name="Should Match Regexp" owner="BuiltIn">
<arg>${json_data['results'][0]['registered']['date']}</arg>
<arg>\\d{4}-\\d{2}-\\d{2}T\\d{2}:\\d{2}:\\d{2}\\.\\d{3}Z</arg>
<doc>Fails if ``string`` does not match ``pattern`` as a regular expression.</doc>
<status status="PASS" start="2024-03-25T04:16:52.195636" elapsed="0.000371"/>
</kw>
<kw name="Should Match Regexp" owner="BuiltIn">
<arg>${json_data['results'][0]['picture']['large']}</arg>
<arg>^https?://.*\.(?:png|jpe?g|gif|bmp)$</arg>
<doc>Fails if ``string`` does not match ``pattern`` as a regular expression.</doc>
<status status="PASS" start="2024-03-25T04:16:52.196203" elapsed="0.000465"/>
</kw>
<kw name="Should Match Regexp" owner="BuiltIn">
<arg>${json_data['results'][0]['picture']['medium']}</arg>
<arg>^https?://.*\.(?:png|jpe?g|gif|bmp)$</arg>
<doc>Fails if ``string`` does not match ``pattern`` as a regular expression.</doc>
<status status="PASS" start="2024-03-25T04:16:52.196861" elapsed="0.000361"/>
</kw>
<kw name="Should Match Regexp" owner="BuiltIn">
<arg>${json_data['results'][0]['picture']['thumbnail']}</arg>
<arg>^https?://.*\.(?:png|jpe?g|gif|bmp)$</arg>
<doc>Fails if ``string`` does not match ``pattern`` as a regular expression.</doc>
<status status="PASS" start="2024-03-25T04:16:52.197411" elapsed="0.000358"/>
</kw>
<kw name="Log" owner="BuiltIn">
<msg time="2024-03-25T04:16:52.198283" level="INFO">{'large': 'https://randomuser.me/api/portraits/men/61.jpg', 'medium': 'https://randomuser.me/api/portraits/med/men/61.jpg', 'thumbnail': 'https://randomuser.me/api/portraits/thumb/men/61.jpg'}</msg>
<arg>${json_data['results'][0]['picture']}</arg>
<doc>Logs the given message with the given level.</doc>
<status status="PASS" start="2024-03-25T04:16:52.197955" elapsed="0.000375"/>
</kw>
<status status="PASS" start="2024-03-25T04:16:52.107448" elapsed="0.091189"/>
</kw>
<kw name="Teste de Tipos de Dados - Postcode" owner="random-user-service">
<kw name="GET On Session" owner="RequestsLibrary">
<msg time="2024-03-25T04:16:52.292843" level="INFO">GET Request : url=https://randomuser.me/api 
 path_url=/api 
 headers={'User-Agent': 'python-requests/2.31.0', 'Accept-Encoding': 'gzip, deflate', 'Accept': '*/*', 'Connection': 'keep-alive'} 
 body=None 
 </msg>
<msg time="2024-03-25T04:16:52.292959" level="INFO">GET Response : url=https://randomuser.me/api 
 status=200, reason=OK 
 headers={'Date': 'Mon, 25 Mar 2024 04:16:52 GMT', 'Content-Type': 'application/json; charset=utf-8', 'Transfer-Encoding': 'chunked', 'Connection': 'keep-alive', 'X-Powered-By': 'Express', 'Access-Control-Allow-Origin': '*', 'Cache-Control': 'no-cache', 'ETag': 'W/"499-fHY0oQ+7QcrbUln8mkqFmDoSQh4"', 'Vary': 'Accept-Encoding', 'Content-Encoding': 'gzip', 'CF-Cache-Status': 'DYNAMIC', 'Report-To': '{"endpoints":[{"url":"https:\\/\\/a.nel.cloudflare.com\\/report\\/v4?s=osH5Qs4lWFvqsXE53ixeKplG05NMiYKSWqSAfQDEMmxPCYPzQ1rk9K9BUivdjQDIAHwdENM4Km567HrJki9Zxgmx1O5NP5aOTktUJks%2FRkBqarmvDFGjrRL%2FZObrPf7L"}],"group":"cf-nel","max_age":604800}', 'NEL': '{"success_fraction":0,"report_to":"cf-nel","max_age":604800}', 'Server': 'cloudflare', 'CF-RAY': '869c16864e2315e9-SJC', 'alt-svc': 'h3=":443"; ma=86400'} 
 body={"results":[{"gender":"female","name":{"title":"Mrs","first":"Suhasini","last":"Salian"},"location":{"street":{"number":6493,"name":"College St"},"city":"Pimpri-Chinchwad","state":"Maharashtra","country":"India","postcode":72879,"coordinates":{"latitude":"10.0472","longitude":"57.2525"},"timezone":{"offset":"-7:00","description":"Mountain Time (US &amp; Canada)"}},"email":"suhasini.salian@example.com","login":{"uuid":"dc93a3b9-b5e7-4092-8810-0e26d84778e9","username":"beautifulbear915","password":"antonia","salt":"u6EcJlII","md5":"d5129f92cade21fed72f015da868bf8a","sha1":"a41eb86711cec2cca816bcc89fce786d0ab17c54","sha256":"cbc0d09c4750a35a94518307ada7dc492fa60d15c5d336a982c46f0c9e52efca"},"dob":{"date":"1953-12-26T14:31:56.121Z","age":70},"registered":{"date":"2010-04-13T07:49:07.422Z","age":13},"phone":"8244586019","cell":"8340873172","id":{"name":"UIDAI","value":"197767169155"},"picture":{"large":"https://randomuser.me/api/portraits/women/84.jpg","medium":"https://randomuser.me/api/portraits/med/women/84.jpg","thumbnail":"https://randomuser.me/api/portraits/thumb/women/84.jpg"},"nat":"IN"}],"info":{"seed":"2806e9347b137c4c","results":1,"page":1,"version":"1.4"}} 
 </msg>
<msg time="2024-03-25T04:16:52.293052" level="INFO">/opt/hostedtoolcache/Python/3.12.2/x64/lib/python3.12/site-packages/urllib3/connectionpool.py:1103: InsecureRequestWarning: Unverified HTTPS request is being made to host 'randomuser.me'. Adding certificate verification is strongly advised. See: https://urllib3.readthedocs.io/en/latest/advanced-usage.html#tls-warnings
  warnings.warn(</msg>
<msg time="2024-03-25T04:16:52.293183" level="INFO">${response} = &lt;Response [200]&gt;</msg>
<var>${response}</var>
<arg>consultarAPI</arg>
<arg>/api</arg>
<doc>Sends a GET request on a previously created HTTP Session.</doc>
<status status="PASS" start="2024-03-25T04:16:52.199254" elapsed="0.093971"/>
</kw>
<kw name="Set Variable" owner="BuiltIn">
<msg time="2024-03-25T04:16:52.294301" level="INFO">${json_data} = {'results': [{'gender': 'female', 'name': {'title': 'Mrs', 'first': 'Suhasini', 'last': 'Salian'}, 'location': {'street': {'number': 6493, 'name': 'College St'}, 'city': 'Pimpri-Chinchwad', 'state': '...</msg>
<var>${json_data}</var>
<arg>${response.json()}</arg>
<doc>Returns the given values which can then be assigned to a variables.</doc>
<status status="PASS" start="2024-03-25T04:16:52.293777" elapsed="0.000551"/>
</kw>
<kw name="Log" owner="BuiltIn">
<msg time="2024-03-25T04:16:52.294852" level="INFO">{'results': [{'gender': 'female', 'name': {'title': 'Mrs', 'first': 'Suhasini', 'last': 'Salian'}, 'location': {'street': {'number': 6493, 'name': 'College St'}, 'city': 'Pimpri-Chinchwad', 'state': 'Maharashtra', 'country': 'India', 'postcode': 72879, 'coordinates': {'latitude': '10.0472', 'longitude': '57.2525'}, 'timezone': {'offset': '-7:00', 'description': 'Mountain Time (US &amp; Canada)'}}, 'email': 'suhasini.salian@example.com', 'login': {'uuid': 'dc93a3b9-b5e7-4092-8810-0e26d84778e9', 'username': 'beautifulbear915', 'password': 'antonia', 'salt': 'u6EcJlII', 'md5': 'd5129f92cade21fed72f015da868bf8a', 'sha1': 'a41eb86711cec2cca816bcc89fce786d0ab17c54', 'sha256': 'cbc0d09c4750a35a94518307ada7dc492fa60d15c5d336a982c46f0c9e52efca'}, 'dob': {'date': '1953-12-26T14:31:56.121Z', 'age': 70}, 'registered': {'date': '2010-04-13T07:49:07.422Z', 'age': 13}, 'phone': '8244586019', 'cell': '8340873172', 'id': {'name': 'UIDAI', 'value': '197767169155'}, 'picture': {'large': 'https://randomuser.me/api/portraits/women/84.jpg', 'medium': 'https://randomuser.me/api/portraits/med/women/84.jpg', 'thumbnail': 'https://randomuser.me/api/portraits/thumb/women/84.jpg'}, 'nat': 'IN'}], 'info': {'seed': '2806e9347b137c4c', 'results': 1, 'page': 1, 'version': '1.4'}}</msg>
<arg>${json_data}</arg>
<doc>Logs the given message with the given level.</doc>
<status status="PASS" start="2024-03-25T04:16:52.294692" elapsed="0.000247"/>
</kw>
<kw name="Should Be Equal As Numbers" owner="BuiltIn">
<arg>${json_data['results'][0]['location']['postcode']}</arg>
<arg>${json_data['results'][0]['location']['postcode']}</arg>
<doc>Fails if objects are unequal after converting them to real numbers.</doc>
<status status="PASS" start="2024-03-25T04:16:52.295259" elapsed="0.000640"/>
</kw>
<kw name="Log" owner="BuiltIn">
<msg time="2024-03-25T04:16:52.296433" level="INFO">72879</msg>
<arg>${json_data['results'][0]['location']['postcode']}</arg>
<doc>Logs the given message with the given level.</doc>
<status status="PASS" start="2024-03-25T04:16:52.296093" elapsed="0.000381"/>
</kw>
<status status="PASS" start="2024-03-25T04:16:52.198873" elapsed="0.097864"/>
</kw>
<doc>Testa se os tipos de dados na resposta da API estão corretos.</doc>
<tag>testeTiposDados</tag>
<status status="PASS" start="2024-03-25T04:16:52.106994" elapsed="0.189924"/>
</test>
<test id="s1-s1-t5" name="Validar conteudo" line="35">
<kw name="Teste de Tipos de Conteudo" owner="random-user-service">
<kw name="GET On Session" owner="RequestsLibrary">
<msg time="2024-03-25T04:16:52.390533" level="INFO">GET Request : url=https://randomuser.me/api 
 path_url=/api 
 headers={'User-Agent': 'python-requests/2.31.0', 'Accept-Encoding': 'gzip, deflate', 'Accept': '*/*', 'Connection': 'keep-alive'} 
 body=None 
 </msg>
<msg time="2024-03-25T04:16:52.390638" level="INFO">GET Response : url=https://randomuser.me/api 
 status=200, reason=OK 
 headers={'Date': 'Mon, 25 Mar 2024 04:16:52 GMT', 'Content-Type': 'application/json; charset=utf-8', 'Transfer-Encoding': 'chunked', 'Connection': 'keep-alive', 'X-Powered-By': 'Express', 'Access-Control-Allow-Origin': '*', 'Cache-Control': 'no-cache', 'ETag': 'W/"474-igGzyod3r6kWfawkQkrp3NOCtlA"', 'Vary': 'Accept-Encoding', 'Content-Encoding': 'gzip', 'CF-Cache-Status': 'DYNAMIC', 'Report-To': '{"endpoints":[{"url":"https:\\/\\/a.nel.cloudflare.com\\/report\\/v4?s=uKGjzo3FLh2HnhQtBw2vtfk0HomJHx1CeEK6C122cwb0HxPJmunVaTfCaE9NP6V2YfR5mDVnuNQ%2BiaCiEVlsZEq6pJ8yDUoBOwMbapMXDyrtmTHEkVrH%2BppAm14GUnTV"}],"group":"cf-nel","max_age":604800}', 'NEL': '{"success_fraction":0,"report_to":"cf-nel","max_age":604800}', 'Server': 'cloudflare', 'CF-RAY': '869c1686eea515e9-SJC', 'alt-svc': 'h3=":443"; ma=86400'} 
 body={"results":[{"gender":"male","name":{"title":"Mr","first":"Martin","last":"Spencer"},"location":{"street":{"number":5419,"name":"Tara Street"},"city":"Wicklow","state":"Longford","country":"Ireland","postcode":85015,"coordinates":{"latitude":"-1.8500","longitude":"-151.6949"},"timezone":{"offset":"-3:30","description":"Newfoundland"}},"email":"martin.spencer@example.com","login":{"uuid":"ad48df8d-5c44-4aad-832f-f6593ff19603","username":"blackzebra998","password":"clemente","salt":"vXsqQMZr","md5":"87aca2fd31bb8097659f588652e7f574","sha1":"d5e99da8cc58cc5c22f6e480dce23f5210ca2008","sha256":"218fae80588fc3e481b95015c18326794d7abeaf214eff647731b14065245a16"},"dob":{"date":"1967-09-03T02:18:25.871Z","age":56},"registered":{"date":"2009-04-24T07:54:42.048Z","age":14},"phone":"021-991-6302","cell":"081-136-4235","id":{"name":"PPS","value":"1217236T"},"picture":{"large":"https://randomuser.me/api/portraits/men/59.jpg","medium":"https://randomuser.me/api/portraits/med/men/59.jpg","thumbnail":"https://randomuser.me/api/portraits/thumb/men/59.jpg"},"nat":"IE"}],"info":{"seed":"680865fb24acd099","results":1,"page":1,"version":"1.4"}} 
 </msg>
<msg time="2024-03-25T04:16:52.390706" level="INFO">/opt/hostedtoolcache/Python/3.12.2/x64/lib/python3.12/site-packages/urllib3/connectionpool.py:1103: InsecureRequestWarning: Unverified HTTPS request is being made to host 'randomuser.me'. Adding certificate verification is strongly advised. See: https://urllib3.readthedocs.io/en/latest/advanced-usage.html#tls-warnings
  warnings.warn(</msg>
<msg time="2024-03-25T04:16:52.390848" level="INFO">${response} = &lt;Response [200]&gt;</msg>
<var>${response}</var>
<arg>consultarAPI</arg>
<arg>/api</arg>
<doc>Sends a GET request on a previously created HTTP Session.</doc>
<status status="PASS" start="2024-03-25T04:16:52.299439" elapsed="0.091445"/>
</kw>
<kw name="Set Variable" owner="BuiltIn">
<msg time="2024-03-25T04:16:52.392028" level="INFO">${json_data} = {'results': [{'gender': 'male', 'name': {'title': 'Mr', 'first': 'Martin', 'last': 'Spencer'}, 'location': {'street': {'number': 5419, 'name': 'Tara Street'}, 'city': 'Wicklow', 'state': 'Longford', '...</msg>
<var>${json_data}</var>
<arg>${response.json()}</arg>
<doc>Returns the given values which can then be assigned to a variables.</doc>
<status status="PASS" start="2024-03-25T04:16:52.391477" elapsed="0.000581"/>
</kw>
<kw name="Set Variable" owner="BuiltIn">
<msg time="2024-03-25T04:16:52.392778" level="INFO">${name_title} = Mr</msg>
<var>${name_title}</var>
<arg>${json_data["results"][0]["name"]["title"]}</arg>
<doc>Returns the given values which can then be assigned to a variables.</doc>
<status status="PASS" start="2024-03-25T04:16:52.392388" elapsed="0.000415"/>
</kw>
<kw name="Create List" owner="BuiltIn">
<msg time="2024-03-25T04:16:52.393259" level="INFO">${allowed_titles} = ['Mr', 'Ms', 'Miss', 'Mrs', 'Madame', 'Monsieur']</msg>
<var>${allowed_titles}</var>
<arg>Mr</arg>
<arg>Ms</arg>
<arg>Miss</arg>
<arg>Mrs</arg>
<arg>Madame</arg>
<arg>Monsieur</arg>
<doc>Returns a list containing given items.</doc>
<status status="PASS" start="2024-03-25T04:16:52.393107" elapsed="0.000177"/>
</kw>
<kw name="List Should Contain Value" owner="Collections">
<msg time="2024-03-25T04:16:52.393771" level="INFO">False</msg>
<arg>${allowed_titles}</arg>
<arg>${name_title}</arg>
<doc>Fails if the ``value`` is not found from ``list``.</doc>
<status status="PASS" start="2024-03-25T04:16:52.393594" elapsed="0.000216"/>
</kw>
<kw name="Set Variable" owner="BuiltIn">
<msg time="2024-03-25T04:16:52.394525" level="INFO">${name_country} = IE</msg>
<var>${name_country}</var>
<arg>${json_data["results"][0]["nat"]}</arg>
<doc>Returns the given values which can then be assigned to a variables.</doc>
<status status="PASS" start="2024-03-25T04:16:52.394104" elapsed="0.000453"/>
</kw>
<kw name="Create List" owner="BuiltIn">
<msg time="2024-03-25T04:16:52.395471" level="INFO">${list_country} = ['AD', 'AE', 'AF', 'AG', 'AI', 'AL', 'AM', 'AO', 'AQ', 'AR', 'AS', 'AT', 'AU', 'AW', 'AX', 'AZ', 'BA', 'BB', 'BD', 'BE', 'BF', 'BG', 'BH', 'BI', 'BJ', 'BL', 'BM', 'BN', 'BO', 'BQ', 'BR', 'BS', 'BT', '...</msg>
<var>${list_country}</var>
<arg>AD</arg>
<arg>AE</arg>
<arg>AF</arg>
<arg>AG</arg>
<arg>AI</arg>
<arg>AL</arg>
<arg>AM</arg>
<arg>AO</arg>
<arg>AQ</arg>
<arg>AR</arg>
<arg>AS</arg>
<arg>AT</arg>
<arg>AU</arg>
<arg>AW</arg>
<arg>AX</arg>
<arg>AZ</arg>
<arg>BA</arg>
<arg>BB</arg>
<arg>BD</arg>
<arg>BE</arg>
<arg>BF</arg>
<arg>BG</arg>
<arg>BH</arg>
<arg>BI</arg>
<arg>BJ</arg>
<arg>BL</arg>
<arg>BM</arg>
<arg>BN</arg>
<arg>BO</arg>
<arg>BQ</arg>
<arg>BR</arg>
<arg>BS</arg>
<arg>BT</arg>
<arg>BV</arg>
<arg>BW</arg>
<arg>BY</arg>
<arg>BZ</arg>
<arg>CA</arg>
<arg>CC</arg>
<arg>CD</arg>
<arg>CF</arg>
<arg>CG</arg>
<arg>CH</arg>
<arg>CI</arg>
<arg>CK</arg>
<arg>CL</arg>
<arg>CM</arg>
<arg>CN</arg>
<arg>CO</arg>
<arg>CR</arg>
<arg>CU</arg>
<arg>CV</arg>
<arg>CW</arg>
<arg>CX</arg>
<arg>CY</arg>
<arg>CZ</arg>
<arg>DE</arg>
<arg>DJ</arg>
<arg>DK</arg>
<arg>DM</arg>
<arg>DO</arg>
<arg>DZ</arg>
<arg>EC</arg>
<arg>EE</arg>
<arg>EG</arg>
<arg>EH</arg>
<arg>ER</arg>
<arg>ES</arg>
<arg>ET</arg>
<arg>FI</arg>
<arg>FJ</arg>
<arg>FK</arg>
<arg>FM</arg>
<arg>FO</arg>
<arg>FR</arg>
<arg>GA</arg>
<arg>GB</arg>
<arg>GD</arg>
<arg>GE</arg>
<arg>GF</arg>
<arg>GG</arg>
<arg>GH</arg>
<arg>GI</arg>
<arg>GL</arg>
<arg>GM</arg>
<arg>GN</arg>
<arg>GP</arg>
<arg>GQ</arg>
<arg>GR</arg>
<arg>GS</arg>
<arg>GT</arg>
<arg>GU</arg>
<arg>GW</arg>
<arg>GY</arg>
<arg>HK</arg>
<arg>HM</arg>
<arg>HN</arg>
<arg>HR</arg>
<arg>HT</arg>
<arg>HU</arg>
<arg>ID</arg>
<arg>IE</arg>
<arg>IL</arg>
<arg>IM</arg>
<arg>IN</arg>
<arg>IO</arg>
<arg>IQ</arg>
<arg>IR</arg>
<arg>IS</arg>
<arg>IT</arg>
<arg>JE</arg>
<arg>JM</arg>
<arg>JO</arg>
<arg>JP</arg>
<arg>KE</arg>
<arg>KG</arg>
<arg>KH</arg>
<arg>KI</arg>
<arg>KM</arg>
<arg>KN</arg>
<arg>KP</arg>
<arg>KR</arg>
<arg>KW</arg>
<arg>KY</arg>
<arg>KZ</arg>
<arg>LA</arg>
<arg>LB</arg>
<arg>LC</arg>
<arg>LI</arg>
<arg>LK</arg>
<arg>LR</arg>
<arg>LS</arg>
<arg>LT</arg>
<arg>LU</arg>
<arg>LV</arg>
<arg>LY</arg>
<arg>MA</arg>
<arg>MC</arg>
<arg>MD</arg>
<arg>ME</arg>
<arg>MF</arg>
<arg>MG</arg>
<arg>MH</arg>
<arg>MK</arg>
<arg>ML</arg>
<arg>MM</arg>
<arg>MN</arg>
<arg>MO</arg>
<arg>MP</arg>
<arg>MQ</arg>
<arg>MR</arg>
<arg>MS</arg>
<arg>MT</arg>
<arg>MU</arg>
<arg>MV</arg>
<arg>MW</arg>
<arg>MX</arg>
<arg>MY</arg>
<arg>MZ</arg>
<arg>NA</arg>
<arg>NC</arg>
<arg>NE</arg>
<arg>NF</arg>
<arg>NG</arg>
<arg>NI</arg>
<arg>NL</arg>
<arg>NO</arg>
<arg>NP</arg>
<arg>NR</arg>
<arg>NU</arg>
<arg>NZ</arg>
<arg>OM</arg>
<arg>PA</arg>
<arg>PE</arg>
<arg>PF</arg>
<arg>PG</arg>
<arg>PH</arg>
<arg>PK</arg>
<arg>PL</arg>
<arg>PM</arg>
<arg>PN</arg>
<arg>PR</arg>
<arg>PS</arg>
<arg>PT</arg>
<arg>PW</arg>
<arg>PY</arg>
<arg>QA</arg>
<arg>RE</arg>
<arg>RO</arg>
<arg>RS</arg>
<arg>RU</arg>
<arg>RW</arg>
<arg>SA</arg>
<arg>SB</arg>
<arg>SC</arg>
<arg>SD</arg>
<arg>SE</arg>
<arg>SG</arg>
<arg>SH</arg>
<arg>SI</arg>
<arg>SJ</arg>
<arg>SK</arg>
<arg>SL</arg>
<arg>SM</arg>
<arg>SN</arg>
<arg>SO</arg>
<arg>SR</arg>
<arg>SS</arg>
<arg>ST</arg>
<arg>SV</arg>
<arg>SX</arg>
<arg>SY</arg>
<arg>SZ</arg>
<arg>TC</arg>
<arg>TD</arg>
<arg>TF</arg>
<arg>TG</arg>
<arg>TH</arg>
<arg>TJ</arg>
<arg>TK</arg>
<arg>TL</arg>
<arg>TM</arg>
<arg>TN</arg>
<arg>TO</arg>
<arg>TR</arg>
<arg>TT</arg>
<arg>TV</arg>
<arg>TW</arg>
<arg>TZ</arg>
<arg>UA</arg>
<arg>UG</arg>
<arg>UM</arg>
<arg>US</arg>
<arg>UY</arg>
<arg>UZ</arg>
<arg>VA</arg>
<arg>VC</arg>
<arg>VE</arg>
<arg>VG</arg>
<arg>VI</arg>
<arg>VN</arg>
<arg>VU</arg>
<arg>WF</arg>
<arg>WS</arg>
<arg>XK</arg>
<arg>YE</arg>
<arg>YT</arg>
<arg>ZA</arg>
<arg>ZM</arg>
<arg>ZW</arg>
<doc>Returns a list containing given items.</doc>
<status status="PASS" start="2024-03-25T04:16:52.394869" elapsed="0.000628"/>
</kw>
<kw name="List Should Contain Value" owner="Collections">
<msg time="2024-03-25T04:16:52.396640" level="INFO">False</msg>
<arg>${list_country}</arg>
<arg>${name_country}</arg>
<doc>Fails if the ``value`` is not found from ``list``.</doc>
<status status="PASS" start="2024-03-25T04:16:52.396434" elapsed="0.000244"/>
</kw>
<kw name="Run Keyword If" owner="BuiltIn">
<kw name="Should Be True" owner="BuiltIn">
<arg>${True}</arg>
<doc>Fails if the given condition is not true.</doc>
<status status="PASS" start="2024-03-25T04:16:52.397766" elapsed="0.000147"/>
</kw>
<arg>${json_data["results"][0]["location"]["coordinates"]["latitude"]} &gt;= -90 and ${json_data["results"][0]["location"]["coordinates"]["latitude"]} &lt;= 90</arg>
<arg>Should Be True</arg>
<arg>${True}</arg>
<doc>Runs the given keyword with the given arguments, if ``condition`` is true.</doc>
<status status="PASS" start="2024-03-25T04:16:52.396995" elapsed="0.001045"/>
</kw>
<kw name="Run Keyword If" owner="BuiltIn">
<kw name="Should Be True" owner="BuiltIn">
<arg>${True}</arg>
<doc>Fails if the given condition is not true.</doc>
<status status="PASS" start="2024-03-25T04:16:52.398970" elapsed="0.000142"/>
</kw>
<arg>${json_data["results"][0]["location"]["coordinates"]["longitude"]} &gt;= -180 and ${json_data["results"][0]["location"]["coordinates"]["longitude"]} &lt;= 180</arg>
<arg>Should Be True</arg>
<arg>${True}</arg>
<doc>Runs the given keyword with the given arguments, if ``condition`` is true.</doc>
<status status="PASS" start="2024-03-25T04:16:52.398227" elapsed="0.001011"/>
</kw>
<status status="PASS" start="2024-03-25T04:16:52.299199" elapsed="0.100171"/>
</kw>
<doc>Testa o conteúdo específico dos campos retornados pela API.</doc>
<tag>testeConteudo</tag>
<status status="PASS" start="2024-03-25T04:16:52.298729" elapsed="0.100799"/>
</test>
<status status="PASS" start="2024-03-25T04:16:51.548746" elapsed="0.852784"/>
</suite>
<status status="PASS" start="2024-03-25T04:16:51.527723" elapsed="0.879284"/>
</suite>
<statistics>
<total>
<stat pass="5" fail="0" skip="0">All Tests</stat>
</total>
<tag>
<stat pass="1" fail="0" skip="0">testeConteudo</stat>
<stat pass="1" fail="0" skip="0">testeEstruturaResposta</stat>
<stat pass="1" fail="0" skip="0">testeRequisicaoBasica</stat>
<stat pass="1" fail="0" skip="0">testeTiposDados</stat>
</tag>
<suite>
<stat pass="5" fail="0" skip="0" id="s1" name="Tests">Tests</stat>
<stat pass="5" fail="0" skip="0" id="s1-s1" name="Random-User-Test">Tests.Random-User-Test</stat>
</suite>
</statistics>
<errors>
</errors>
</robot>
