<?xml version="1.0" encoding="UTF-8"?>
<robot generator="Robot 7.0 (Python 3.12.2 on linux)" generated="2024-03-24T13:14:54.223368" rpa="false" schemaversion="5">
<suite id="s1" name="Tests" source="/home/runner/work/DesafioQAItauRogerioJordao/DesafioQAItauRogerioJordao/RamdonUser/tests">
<suite id="s1-s1" name="Random-User-Test" source="/home/runner/work/DesafioQAItauRogerioJordao/DesafioQAItauRogerioJordao/RamdonUser/tests/random-user-test.robot">
<test id="s1-s1-t1" name="Conectar" line="13">
<kw name="Conectar API" owner="random-user-service">
<kw name="Create Session" owner="RequestsLibrary">
<msg time="2024-03-24T13:14:54.618805" level="INFO">Creating Session using : alias=consultarAPI, url=https://randomuser.me/, headers={},                     cookies={}, auth=None, timeout=None, proxies=None, verify=False,                     debug=0 </msg>
<arg>consultarAPI</arg>
<arg>${URL}</arg>
<doc>Create Session: create a HTTP session to a server</doc>
<status status="PASS" start="2024-03-24T13:14:54.618552" elapsed="0.000464"/>
</kw>
<status status="PASS" start="2024-03-24T13:14:54.617393" elapsed="0.002074"/>
</kw>
<status status="PASS" start="2024-03-24T13:14:54.616738" elapsed="0.002961"/>
</test>
<test id="s1-s1-t2" name="Validar retorno 200 e JSON Válido" line="16">
<kw name="Teste de Requisicao Basica" owner="random-user-service">
<kw name="GET On Session" owner="RequestsLibrary">
<msg time="2024-03-24T13:14:54.702779" level="INFO">GET Request : url=https://randomuser.me/api 
 path_url=/api 
 headers={'User-Agent': 'python-requests/2.31.0', 'Accept-Encoding': 'gzip, deflate', 'Accept': '*/*', 'Connection': 'keep-alive'} 
 body=None 
 </msg>
<msg time="2024-03-24T13:14:54.702945" level="INFO">GET Response : url=https://randomuser.me/api 
 status=200, reason=OK 
 headers={'Date': 'Sun, 24 Mar 2024 13:14:54 GMT', 'Content-Type': 'application/json; charset=utf-8', 'Transfer-Encoding': 'chunked', 'Connection': 'keep-alive', 'X-Powered-By': 'Express', 'Access-Control-Allow-Origin': '*', 'Cache-Control': 'no-cache', 'ETag': 'W/"48d-hLAqAhArNIALI9R7n6o3Wg6nWL8"', 'Vary': 'Accept-Encoding', 'Content-Encoding': 'gzip', 'CF-Cache-Status': 'DYNAMIC', 'Report-To': '{"endpoints":[{"url":"https:\\/\\/a.nel.cloudflare.com\\/report\\/v4?s=JydtmqH2nCs3NXlzcE%2BSOq8QB00QpZNOPj3ff1Zimu5TxSDZIVxsQMvjYzBhaA3tZL%2FFkLo%2B685JAEnWkeR4FK8Yr%2BLIlTM6V%2BLfYKR4w9dbMceW70y4Ctfo2qI%2F1IDA"}],"group":"cf-nel","max_age":604800}', 'NEL': '{"success_fraction":0,"report_to":"cf-nel","max_age":604800}', 'Server': 'cloudflare', 'CF-RAY': '8696ed4b9d5961fa-ORD', 'alt-svc': 'h3=":443"; ma=86400'} 
 body={"results":[{"gender":"female","name":{"title":"Mrs","first":"Nila","last":"Nieuwdorp"},"location":{"street":{"number":4852,"name":"Breedenburg"},"city":"Irnsum","state":"Drenthe","country":"Netherlands","postcode":"4493 UP","coordinates":{"latitude":"37.3804","longitude":"169.1569"},"timezone":{"offset":"-8:00","description":"Pacific Time (US &amp; Canada)"}},"email":"nila.nieuwdorp@example.com","login":{"uuid":"b8927360-85f5-4322-8ca3-0a4eba6308ed","username":"bluebear682","password":"nevets","salt":"t0vpilbW","md5":"dc8e3b086ae94b073c5e0d7037171d93","sha1":"0bc0622d8a52b91a4c4fab22ecc5ad931028aea4","sha256":"74b21dd524b554d38cd5c618b99845c29d3ac2c14bfd0a964b7b400ae377229f"},"dob":{"date":"1960-02-25T09:46:21.838Z","age":64},"registered":{"date":"2020-02-02T17:09:50.620Z","age":4},"phone":"(0374) 535360","cell":"(06) 88365451","id":{"name":"BSN","value":"71953950"},"picture":{"large":"https://randomuser.me/api/portraits/women/70.jpg","medium":"https://randomuser.me/api/portraits/med/women/70.jpg","thumbnail":"https://randomuser.me/api/portraits/thumb/women/70.jpg"},"nat":"NL"}],"info":{"seed":"caa4daf57a8c56eb","results":1,"page":1,"version":"1.4"}} 
 </msg>
<msg time="2024-03-24T13:14:54.703060" level="INFO">/opt/hostedtoolcache/Python/3.12.2/x64/lib/python3.12/site-packages/urllib3/connectionpool.py:1103: InsecureRequestWarning: Unverified HTTPS request is being made to host 'randomuser.me'. Adding certificate verification is strongly advised. See: https://urllib3.readthedocs.io/en/latest/advanced-usage.html#tls-warnings
  warnings.warn(</msg>
<msg time="2024-03-24T13:14:54.703213" level="INFO">${response} = &lt;Response [200]&gt;</msg>
<var>${response}</var>
<arg>consultarAPI</arg>
<arg>/api</arg>
<doc>Sends a GET request on a previously created HTTP Session.</doc>
<status status="PASS" start="2024-03-24T13:14:54.622527" elapsed="0.080728"/>
</kw>
<kw name="Should Be Equal As Numbers" owner="BuiltIn">
<msg time="2024-03-24T13:14:54.704367" level="INFO">Argument types are:
&lt;class 'int'&gt;
&lt;class 'str'&gt;</msg>
<arg>${response.status_code}</arg>
<arg>200</arg>
<doc>Fails if objects are unequal after converting them to real numbers.</doc>
<status status="PASS" start="2024-03-24T13:14:54.703880" elapsed="0.000557"/>
</kw>
<kw name="Log" owner="BuiltIn">
<msg time="2024-03-24T13:14:54.705160" level="INFO">200</msg>
<arg>${response.status_code}</arg>
<doc>Logs the given message with the given level.</doc>
<status status="PASS" start="2024-03-24T13:14:54.704790" elapsed="0.000422"/>
</kw>
<kw name="Set Variable" owner="BuiltIn">
<msg time="2024-03-24T13:14:54.706010" level="INFO">${json_data} = {'results': [{'gender': 'female', 'name': {'title': 'Mrs', 'first': 'Nila', 'last': 'Nieuwdorp'}, 'location': {'street': {'number': 4852, 'name': 'Breedenburg'}, 'city': 'Irnsum', 'state': 'Drenthe', ...</msg>
<var>${json_data}</var>
<arg>${response.json()}</arg>
<doc>Returns the given values which can then be assigned to a variables.</doc>
<status status="PASS" start="2024-03-24T13:14:54.705555" elapsed="0.000484"/>
</kw>
<kw name="Dictionary Should Contain Key" owner="Collections">
<msg time="2024-03-24T13:14:54.706568" level="INFO">False</msg>
<arg>${json_data}</arg>
<arg>results</arg>
<doc>Fails if ``key`` is not found from ``dictionary``.</doc>
<status status="PASS" start="2024-03-24T13:14:54.706383" elapsed="0.000227"/>
</kw>
<status status="PASS" start="2024-03-24T13:14:54.622178" elapsed="0.084714"/>
</kw>
<doc>Testa se a API responde corretamente e retorna um objeto JSON válido.</doc>
<tag>testeRequisicaoBasica</tag>
<status status="PASS" start="2024-03-24T13:14:54.621659" elapsed="0.085444"/>
</test>
<test id="s1-s1-t3" name="Validar estrutura de resposta" line="22">
<kw name="Teste de Estrutura de Resposta" owner="random-user-service">
<kw name="GET On Session" owner="RequestsLibrary">
<msg time="2024-03-24T13:14:54.804491" level="INFO">GET Request : url=https://randomuser.me/api 
 path_url=/api 
 headers={'User-Agent': 'python-requests/2.31.0', 'Accept-Encoding': 'gzip, deflate', 'Accept': '*/*', 'Connection': 'keep-alive'} 
 body=None 
 </msg>
<msg time="2024-03-24T13:14:54.804619" level="INFO">GET Response : url=https://randomuser.me/api 
 status=200, reason=OK 
 headers={'Date': 'Sun, 24 Mar 2024 13:14:54 GMT', 'Content-Type': 'application/json; charset=utf-8', 'Transfer-Encoding': 'chunked', 'Connection': 'keep-alive', 'X-Powered-By': 'Express', 'Access-Control-Allow-Origin': '*', 'Cache-Control': 'no-cache', 'ETag': 'W/"48d-3i842NmJ6Xs0Hjwy00mq9LfelnE"', 'Vary': 'Accept-Encoding', 'Content-Encoding': 'gzip', 'CF-Cache-Status': 'DYNAMIC', 'Report-To': '{"endpoints":[{"url":"https:\\/\\/a.nel.cloudflare.com\\/report\\/v4?s=SaoAiQVPrpGbgs69SbY27LDRYcHynMHGctaCGHl9CVvBeihnQVphfgWgWZT3YdOvJeug3U1xrFdHuyxi6BUXfjW4x862PcJSbROB2dtObDCXxDhmJnIvvHJ0It09ueaa"}],"group":"cf-nel","max_age":604800}', 'NEL': '{"success_fraction":0,"report_to":"cf-nel","max_age":604800}', 'Server': 'cloudflare', 'CF-RAY': '8696ed4beda761fa-ORD', 'alt-svc': 'h3=":443"; ma=86400'} 
 body={"results":[{"gender":"female","name":{"title":"Madame","first":"Juliette","last":"Bonnet"},"location":{"street":{"number":573,"name":"Grande Rue"},"city":"Kaisten","state":"St. Gallen","country":"Switzerland","postcode":2859,"coordinates":{"latitude":"-57.1788","longitude":"105.6707"},"timezone":{"offset":"-2:00","description":"Mid-Atlantic"}},"email":"juliette.bonnet@example.com","login":{"uuid":"71e6026b-ac4b-4e54-bfc6-5d80e931e5b7","username":"happyfrog885","password":"santafe","salt":"WsT4vp78","md5":"c6e18341939cf82681b6ebbb5fb4b7a2","sha1":"f0ebccc7c085dae32ba7cf94ae9cfd84b0a6a7eb","sha256":"610c9413a13b09ed57857ffc4b1cc9a565f50b41ce3257380ae264e2a6ff5c39"},"dob":{"date":"1976-03-19T15:14:30.596Z","age":48},"registered":{"date":"2002-11-01T17:15:50.265Z","age":21},"phone":"075 937 49 65","cell":"078 748 97 33","id":{"name":"AVS","value":"756.0347.4320.00"},"picture":{"large":"https://randomuser.me/api/portraits/women/89.jpg","medium":"https://randomuser.me/api/portraits/med/women/89.jpg","thumbnail":"https://randomuser.me/api/portraits/thumb/women/89.jpg"},"nat":"CH"}],"info":{"seed":"bac45e83d2b64298","results":1,"page":1,"version":"1.4"}} 
 </msg>
<msg time="2024-03-24T13:14:54.804777" level="INFO">/opt/hostedtoolcache/Python/3.12.2/x64/lib/python3.12/site-packages/urllib3/connectionpool.py:1103: InsecureRequestWarning: Unverified HTTPS request is being made to host 'randomuser.me'. Adding certificate verification is strongly advised. See: https://urllib3.readthedocs.io/en/latest/advanced-usage.html#tls-warnings
  warnings.warn(</msg>
<msg time="2024-03-24T13:14:54.804916" level="INFO">${response} = &lt;Response [200]&gt;</msg>
<var>${response}</var>
<arg>consultarAPI</arg>
<arg>/api</arg>
<doc>Sends a GET request on a previously created HTTP Session.</doc>
<status status="PASS" start="2024-03-24T13:14:54.709912" elapsed="0.095036"/>
</kw>
<kw name="Set Variable" owner="BuiltIn">
<msg time="2024-03-24T13:14:54.806168" level="INFO">${json_data} = {'results': [{'gender': 'female', 'name': {'title': 'Madame', 'first': 'Juliette', 'last': 'Bonnet'}, 'location': {'street': {'number': 573, 'name': 'Grande Rue'}, 'city': 'Kaisten', 'state': 'St. Gal...</msg>
<var>${json_data}</var>
<arg>${response.json()}</arg>
<doc>Returns the given values which can then be assigned to a variables.</doc>
<status status="PASS" start="2024-03-24T13:14:54.805585" elapsed="0.000612"/>
</kw>
<kw name="Log" owner="BuiltIn">
<msg time="2024-03-24T13:14:54.806847" level="INFO">{'results': [{'gender': 'female', 'name': {'title': 'Madame', 'first': 'Juliette', 'last': 'Bonnet'}, 'location': {'street': {'number': 573, 'name': 'Grande Rue'}, 'city': 'Kaisten', 'state': 'St. Gallen', 'country': 'Switzerland', 'postcode': 2859, 'coordinates': {'latitude': '-57.1788', 'longitude': '105.6707'}, 'timezone': {'offset': '-2:00', 'description': 'Mid-Atlantic'}}, 'email': 'juliette.bonnet@example.com', 'login': {'uuid': '71e6026b-ac4b-4e54-bfc6-5d80e931e5b7', 'username': 'happyfrog885', 'password': 'santafe', 'salt': 'WsT4vp78', 'md5': 'c6e18341939cf82681b6ebbb5fb4b7a2', 'sha1': 'f0ebccc7c085dae32ba7cf94ae9cfd84b0a6a7eb', 'sha256': '610c9413a13b09ed57857ffc4b1cc9a565f50b41ce3257380ae264e2a6ff5c39'}, 'dob': {'date': '1976-03-19T15:14:30.596Z', 'age': 48}, 'registered': {'date': '2002-11-01T17:15:50.265Z', 'age': 21}, 'phone': '075 937 49 65', 'cell': '078 748 97 33', 'id': {'name': 'AVS', 'value': '756.0347.4320.00'}, 'picture': {'large': 'https://randomuser.me/api/portraits/women/89.jpg', 'medium': 'https://randomuser.me/api/portraits/med/women/89.jpg', 'thumbnail': 'https://randomuser.me/api/portraits/thumb/women/89.jpg'}, 'nat': 'CH'}], 'info': {'seed': 'bac45e83d2b64298', 'results': 1, 'page': 1, 'version': '1.4'}}</msg>
<arg>${json_data}</arg>
<doc>Logs the given message with the given level.</doc>
<status status="PASS" start="2024-03-24T13:14:54.806650" elapsed="0.000256"/>
</kw>
<kw name="Dictionary Should Contain Key" owner="Collections">
<msg time="2024-03-24T13:14:54.807455" level="INFO">False</msg>
<arg>${json_data}</arg>
<arg>results</arg>
<doc>Fails if ``key`` is not found from ``dictionary``.</doc>
<status status="PASS" start="2024-03-24T13:14:54.807265" elapsed="0.000233"/>
</kw>
<kw name="Should Not Be Empty" owner="BuiltIn">
<msg time="2024-03-24T13:14:54.807990" level="INFO">Length is 2.</msg>
<arg>${json_data}</arg>
<doc>Verifies that the given item is not empty.</doc>
<status status="PASS" start="2024-03-24T13:14:54.807841" elapsed="0.000386"/>
</kw>
<kw name="Create List" owner="BuiltIn">
<msg time="2024-03-24T13:14:54.808746" level="INFO">${expected_keys} = ['gender', 'name', 'location', 'email', 'login']</msg>
<var>${expected_keys}</var>
<arg>gender</arg>
<arg>name</arg>
<arg>location</arg>
<arg>email</arg>
<arg>login</arg>
<doc>Returns a list containing given items.</doc>
<status status="PASS" start="2024-03-24T13:14:54.808555" elapsed="0.000219"/>
</kw>
<for flavor="IN">
<iter>
<kw name="Dictionary Should Contain Key" owner="Collections">
<msg time="2024-03-24T13:14:54.809922" level="INFO">False</msg>
<arg>${json_data['results'][0]}</arg>
<arg>${key}</arg>
<doc>Fails if ``key`` is not found from ``dictionary``.</doc>
<status status="PASS" start="2024-03-24T13:14:54.809472" elapsed="0.000491"/>
</kw>
<kw name="Log" owner="BuiltIn">
<msg time="2024-03-24T13:14:54.810725" level="INFO">{'gender': 'female', 'name': {'title': 'Madame', 'first': 'Juliette', 'last': 'Bonnet'}, 'location': {'street': {'number': 573, 'name': 'Grande Rue'}, 'city': 'Kaisten', 'state': 'St. Gallen', 'country': 'Switzerland', 'postcode': 2859, 'coordinates': {'latitude': '-57.1788', 'longitude': '105.6707'}, 'timezone': {'offset': '-2:00', 'description': 'Mid-Atlantic'}}, 'email': 'juliette.bonnet@example.com', 'login': {'uuid': '71e6026b-ac4b-4e54-bfc6-5d80e931e5b7', 'username': 'happyfrog885', 'password': 'santafe', 'salt': 'WsT4vp78', 'md5': 'c6e18341939cf82681b6ebbb5fb4b7a2', 'sha1': 'f0ebccc7c085dae32ba7cf94ae9cfd84b0a6a7eb', 'sha256': '610c9413a13b09ed57857ffc4b1cc9a565f50b41ce3257380ae264e2a6ff5c39'}, 'dob': {'date': '1976-03-19T15:14:30.596Z', 'age': 48}, 'registered': {'date': '2002-11-01T17:15:50.265Z', 'age': 21}, 'phone': '075 937 49 65', 'cell': '078 748 97 33', 'id': {'name': 'AVS', 'value': '756.0347.4320.00'}, 'picture': {'large': 'https://randomuser.me/api/portraits/women/89.jpg', 'medium': 'https://randomuser.me/api/portraits/med/women/89.jpg', 'thumbnail': 'https://randomuser.me/api/portraits/thumb/women/89.jpg'}, 'nat': 'CH'}</msg>
<arg>${json_data['results'][0]}</arg>
<doc>Logs the given message with the given level.</doc>
<status status="PASS" start="2024-03-24T13:14:54.810317" elapsed="0.000459"/>
</kw>
<kw name="Log" owner="BuiltIn">
<msg time="2024-03-24T13:14:54.811228" level="INFO">gender</msg>
<arg>${key}</arg>
<doc>Logs the given message with the given level.</doc>
<status status="PASS" start="2024-03-24T13:14:54.811092" elapsed="0.000176"/>
</kw>
<var name="${key}">gender</var>
<status status="PASS" start="2024-03-24T13:14:54.809333" elapsed="0.002163"/>
</iter>
<iter>
<kw name="Dictionary Should Contain Key" owner="Collections">
<msg time="2024-03-24T13:14:54.812244" level="INFO">False</msg>
<arg>${json_data['results'][0]}</arg>
<arg>${key}</arg>
<doc>Fails if ``key`` is not found from ``dictionary``.</doc>
<status status="PASS" start="2024-03-24T13:14:54.811827" elapsed="0.000455"/>
</kw>
<kw name="Log" owner="BuiltIn">
<msg time="2024-03-24T13:14:54.813004" level="INFO">{'gender': 'female', 'name': {'title': 'Madame', 'first': 'Juliette', 'last': 'Bonnet'}, 'location': {'street': {'number': 573, 'name': 'Grande Rue'}, 'city': 'Kaisten', 'state': 'St. Gallen', 'country': 'Switzerland', 'postcode': 2859, 'coordinates': {'latitude': '-57.1788', 'longitude': '105.6707'}, 'timezone': {'offset': '-2:00', 'description': 'Mid-Atlantic'}}, 'email': 'juliette.bonnet@example.com', 'login': {'uuid': '71e6026b-ac4b-4e54-bfc6-5d80e931e5b7', 'username': 'happyfrog885', 'password': 'santafe', 'salt': 'WsT4vp78', 'md5': 'c6e18341939cf82681b6ebbb5fb4b7a2', 'sha1': 'f0ebccc7c085dae32ba7cf94ae9cfd84b0a6a7eb', 'sha256': '610c9413a13b09ed57857ffc4b1cc9a565f50b41ce3257380ae264e2a6ff5c39'}, 'dob': {'date': '1976-03-19T15:14:30.596Z', 'age': 48}, 'registered': {'date': '2002-11-01T17:15:50.265Z', 'age': 21}, 'phone': '075 937 49 65', 'cell': '078 748 97 33', 'id': {'name': 'AVS', 'value': '756.0347.4320.00'}, 'picture': {'large': 'https://randomuser.me/api/portraits/women/89.jpg', 'medium': 'https://randomuser.me/api/portraits/med/women/89.jpg', 'thumbnail': 'https://randomuser.me/api/portraits/thumb/women/89.jpg'}, 'nat': 'CH'}</msg>
<arg>${json_data['results'][0]}</arg>
<doc>Logs the given message with the given level.</doc>
<status status="PASS" start="2024-03-24T13:14:54.812620" elapsed="0.000434"/>
</kw>
<kw name="Log" owner="BuiltIn">
<msg time="2024-03-24T13:14:54.813491" level="INFO">name</msg>
<arg>${key}</arg>
<doc>Logs the given message with the given level.</doc>
<status status="PASS" start="2024-03-24T13:14:54.813358" elapsed="0.000173"/>
</kw>
<var name="${key}">name</var>
<status status="PASS" start="2024-03-24T13:14:54.811704" elapsed="0.002049"/>
</iter>
<iter>
<kw name="Dictionary Should Contain Key" owner="Collections">
<msg time="2024-03-24T13:14:54.814508" level="INFO">False</msg>
<arg>${json_data['results'][0]}</arg>
<arg>${key}</arg>
<doc>Fails if ``key`` is not found from ``dictionary``.</doc>
<status status="PASS" start="2024-03-24T13:14:54.814071" elapsed="0.000476"/>
</kw>
<kw name="Log" owner="BuiltIn">
<msg time="2024-03-24T13:14:54.815228" level="INFO">{'gender': 'female', 'name': {'title': 'Madame', 'first': 'Juliette', 'last': 'Bonnet'}, 'location': {'street': {'number': 573, 'name': 'Grande Rue'}, 'city': 'Kaisten', 'state': 'St. Gallen', 'country': 'Switzerland', 'postcode': 2859, 'coordinates': {'latitude': '-57.1788', 'longitude': '105.6707'}, 'timezone': {'offset': '-2:00', 'description': 'Mid-Atlantic'}}, 'email': 'juliette.bonnet@example.com', 'login': {'uuid': '71e6026b-ac4b-4e54-bfc6-5d80e931e5b7', 'username': 'happyfrog885', 'password': 'santafe', 'salt': 'WsT4vp78', 'md5': 'c6e18341939cf82681b6ebbb5fb4b7a2', 'sha1': 'f0ebccc7c085dae32ba7cf94ae9cfd84b0a6a7eb', 'sha256': '610c9413a13b09ed57857ffc4b1cc9a565f50b41ce3257380ae264e2a6ff5c39'}, 'dob': {'date': '1976-03-19T15:14:30.596Z', 'age': 48}, 'registered': {'date': '2002-11-01T17:15:50.265Z', 'age': 21}, 'phone': '075 937 49 65', 'cell': '078 748 97 33', 'id': {'name': 'AVS', 'value': '756.0347.4320.00'}, 'picture': {'large': 'https://randomuser.me/api/portraits/women/89.jpg', 'medium': 'https://randomuser.me/api/portraits/med/women/89.jpg', 'thumbnail': 'https://randomuser.me/api/portraits/thumb/women/89.jpg'}, 'nat': 'CH'}</msg>
<arg>${json_data['results'][0]}</arg>
<doc>Logs the given message with the given level.</doc>
<status status="PASS" start="2024-03-24T13:14:54.814850" elapsed="0.000427"/>
</kw>
<kw name="Log" owner="BuiltIn">
<msg time="2024-03-24T13:14:54.815709" level="INFO">location</msg>
<arg>${key}</arg>
<doc>Logs the given message with the given level.</doc>
<status status="PASS" start="2024-03-24T13:14:54.815579" elapsed="0.000170"/>
</kw>
<var name="${key}">location</var>
<status status="PASS" start="2024-03-24T13:14:54.813948" elapsed="0.002024"/>
</iter>
<iter>
<kw name="Dictionary Should Contain Key" owner="Collections">
<msg time="2024-03-24T13:14:54.816680" level="INFO">False</msg>
<arg>${json_data['results'][0]}</arg>
<arg>${key}</arg>
<doc>Fails if ``key`` is not found from ``dictionary``.</doc>
<status status="PASS" start="2024-03-24T13:14:54.816275" elapsed="0.000450"/>
</kw>
<kw name="Log" owner="BuiltIn">
<msg time="2024-03-24T13:14:54.817414" level="INFO">{'gender': 'female', 'name': {'title': 'Madame', 'first': 'Juliette', 'last': 'Bonnet'}, 'location': {'street': {'number': 573, 'name': 'Grande Rue'}, 'city': 'Kaisten', 'state': 'St. Gallen', 'country': 'Switzerland', 'postcode': 2859, 'coordinates': {'latitude': '-57.1788', 'longitude': '105.6707'}, 'timezone': {'offset': '-2:00', 'description': 'Mid-Atlantic'}}, 'email': 'juliette.bonnet@example.com', 'login': {'uuid': '71e6026b-ac4b-4e54-bfc6-5d80e931e5b7', 'username': 'happyfrog885', 'password': 'santafe', 'salt': 'WsT4vp78', 'md5': 'c6e18341939cf82681b6ebbb5fb4b7a2', 'sha1': 'f0ebccc7c085dae32ba7cf94ae9cfd84b0a6a7eb', 'sha256': '610c9413a13b09ed57857ffc4b1cc9a565f50b41ce3257380ae264e2a6ff5c39'}, 'dob': {'date': '1976-03-19T15:14:30.596Z', 'age': 48}, 'registered': {'date': '2002-11-01T17:15:50.265Z', 'age': 21}, 'phone': '075 937 49 65', 'cell': '078 748 97 33', 'id': {'name': 'AVS', 'value': '756.0347.4320.00'}, 'picture': {'large': 'https://randomuser.me/api/portraits/women/89.jpg', 'medium': 'https://randomuser.me/api/portraits/med/women/89.jpg', 'thumbnail': 'https://randomuser.me/api/portraits/thumb/women/89.jpg'}, 'nat': 'CH'}</msg>
<arg>${json_data['results'][0]}</arg>
<doc>Logs the given message with the given level.</doc>
<status status="PASS" start="2024-03-24T13:14:54.817047" elapsed="0.000415"/>
</kw>
<kw name="Log" owner="BuiltIn">
<msg time="2024-03-24T13:14:54.817896" level="INFO">email</msg>
<arg>${key}</arg>
<doc>Logs the given message with the given level.</doc>
<status status="PASS" start="2024-03-24T13:14:54.817767" elapsed="0.000168"/>
</kw>
<var name="${key}">email</var>
<status status="PASS" start="2024-03-24T13:14:54.816159" elapsed="0.001993"/>
</iter>
<iter>
<kw name="Dictionary Should Contain Key" owner="Collections">
<msg time="2024-03-24T13:14:54.818874" level="INFO">False</msg>
<arg>${json_data['results'][0]}</arg>
<arg>${key}</arg>
<doc>Fails if ``key`` is not found from ``dictionary``.</doc>
<status status="PASS" start="2024-03-24T13:14:54.818482" elapsed="0.000431"/>
</kw>
<kw name="Log" owner="BuiltIn">
<msg time="2024-03-24T13:14:54.819588" level="INFO">{'gender': 'female', 'name': {'title': 'Madame', 'first': 'Juliette', 'last': 'Bonnet'}, 'location': {'street': {'number': 573, 'name': 'Grande Rue'}, 'city': 'Kaisten', 'state': 'St. Gallen', 'country': 'Switzerland', 'postcode': 2859, 'coordinates': {'latitude': '-57.1788', 'longitude': '105.6707'}, 'timezone': {'offset': '-2:00', 'description': 'Mid-Atlantic'}}, 'email': 'juliette.bonnet@example.com', 'login': {'uuid': '71e6026b-ac4b-4e54-bfc6-5d80e931e5b7', 'username': 'happyfrog885', 'password': 'santafe', 'salt': 'WsT4vp78', 'md5': 'c6e18341939cf82681b6ebbb5fb4b7a2', 'sha1': 'f0ebccc7c085dae32ba7cf94ae9cfd84b0a6a7eb', 'sha256': '610c9413a13b09ed57857ffc4b1cc9a565f50b41ce3257380ae264e2a6ff5c39'}, 'dob': {'date': '1976-03-19T15:14:30.596Z', 'age': 48}, 'registered': {'date': '2002-11-01T17:15:50.265Z', 'age': 21}, 'phone': '075 937 49 65', 'cell': '078 748 97 33', 'id': {'name': 'AVS', 'value': '756.0347.4320.00'}, 'picture': {'large': 'https://randomuser.me/api/portraits/women/89.jpg', 'medium': 'https://randomuser.me/api/portraits/med/women/89.jpg', 'thumbnail': 'https://randomuser.me/api/portraits/thumb/women/89.jpg'}, 'nat': 'CH'}</msg>
<arg>${json_data['results'][0]}</arg>
<doc>Logs the given message with the given level.</doc>
<status status="PASS" start="2024-03-24T13:14:54.819221" elapsed="0.000415"/>
</kw>
<kw name="Log" owner="BuiltIn">
<msg time="2024-03-24T13:14:54.820077" level="INFO">login</msg>
<arg>${key}</arg>
<doc>Logs the given message with the given level.</doc>
<status status="PASS" start="2024-03-24T13:14:54.819949" elapsed="0.000167"/>
</kw>
<var name="${key}">login</var>
<status status="PASS" start="2024-03-24T13:14:54.818368" elapsed="0.001993"/>
</iter>
<var>${key}</var>
<value>@{expected_keys}</value>
<status status="PASS" start="2024-03-24T13:14:54.809109" elapsed="0.011384"/>
</for>
<kw name="Create List" owner="BuiltIn">
<msg time="2024-03-24T13:14:54.820857" level="INFO">${expected_keysTwo} = ['username', 'password']</msg>
<var>${expected_keysTwo}</var>
<arg>username</arg>
<arg>password</arg>
<doc>Returns a list containing given items.</doc>
<status status="PASS" start="2024-03-24T13:14:54.820702" elapsed="0.000185"/>
</kw>
<for flavor="IN">
<iter>
<kw name="Dictionary Should Contain Key" owner="Collections">
<msg time="2024-03-24T13:14:54.821957" level="INFO">False</msg>
<arg>${json_data['results'][0]['login']}</arg>
<arg>${keyTwo}</arg>
<doc>Fails if ``key`` is not found from ``dictionary``.</doc>
<status status="PASS" start="2024-03-24T13:14:54.821525" elapsed="0.000470"/>
</kw>
<kw name="Dictionary Should Contain Key" owner="Collections">
<msg time="2024-03-24T13:14:54.822732" level="INFO">False</msg>
<arg>${json_data['results'][0]['login']}</arg>
<arg>${keyTwo}</arg>
<doc>Fails if ``key`` is not found from ``dictionary``.</doc>
<status status="PASS" start="2024-03-24T13:14:54.822322" elapsed="0.000449"/>
</kw>
<kw name="Log" owner="BuiltIn">
<msg time="2024-03-24T13:14:54.823201" level="INFO">username</msg>
<arg>${keyTwo}</arg>
<doc>Logs the given message with the given level.</doc>
<status status="PASS" start="2024-03-24T13:14:54.823068" elapsed="0.000172"/>
</kw>
<var name="${keyTwo}">username</var>
<status status="PASS" start="2024-03-24T13:14:54.821398" elapsed="0.002061"/>
</iter>
<iter>
<kw name="Dictionary Should Contain Key" owner="Collections">
<msg time="2024-03-24T13:14:54.824240" level="INFO">False</msg>
<arg>${json_data['results'][0]['login']}</arg>
<arg>${keyTwo}</arg>
<doc>Fails if ``key`` is not found from ``dictionary``.</doc>
<status status="PASS" start="2024-03-24T13:14:54.823750" elapsed="0.000532"/>
</kw>
<kw name="Dictionary Should Contain Key" owner="Collections">
<msg time="2024-03-24T13:14:54.824954" level="INFO">False</msg>
<arg>${json_data['results'][0]['login']}</arg>
<arg>${keyTwo}</arg>
<doc>Fails if ``key`` is not found from ``dictionary``.</doc>
<status status="PASS" start="2024-03-24T13:14:54.824578" elapsed="0.000414"/>
</kw>
<kw name="Log" owner="BuiltIn">
<msg time="2024-03-24T13:14:54.825410" level="INFO">password</msg>
<arg>${keyTwo}</arg>
<doc>Logs the given message with the given level.</doc>
<status status="PASS" start="2024-03-24T13:14:54.825282" elapsed="0.000167"/>
</kw>
<var name="${keyTwo}">password</var>
<status status="PASS" start="2024-03-24T13:14:54.823638" elapsed="0.002034"/>
</iter>
<var>${keyTwo}</var>
<value>@{expected_keysTwo}</value>
<status status="PASS" start="2024-03-24T13:14:54.821195" elapsed="0.004602"/>
</for>
<status status="PASS" start="2024-03-24T13:14:54.709645" elapsed="0.116304"/>
</kw>
<doc>Testa a estrutura da resposta da API.</doc>
<tag>testeEstruturaResposta</tag>
<status status="PASS" start="2024-03-24T13:14:54.709047" elapsed="0.117072"/>
</test>
<test id="s1-s1-t4" name="Validar tipos de dados" line="28">
<kw name="Teste de Tipos de Dados" owner="random-user-service">
<kw name="GET On Session" owner="RequestsLibrary">
<msg time="2024-03-24T13:14:54.906395" level="INFO">GET Request : url=https://randomuser.me/api 
 path_url=/api 
 headers={'User-Agent': 'python-requests/2.31.0', 'Accept-Encoding': 'gzip, deflate', 'Accept': '*/*', 'Connection': 'keep-alive'} 
 body=None 
 </msg>
<msg time="2024-03-24T13:14:54.906518" level="INFO">GET Response : url=https://randomuser.me/api 
 status=200, reason=OK 
 headers={'Date': 'Sun, 24 Mar 2024 13:14:54 GMT', 'Content-Type': 'application/json; charset=utf-8', 'Transfer-Encoding': 'chunked', 'Connection': 'keep-alive', 'X-Powered-By': 'Express', 'Access-Control-Allow-Origin': '*', 'Cache-Control': 'no-cache', 'ETag': 'W/"4af-j+rEji3ha54t6KynzWhnoyiRzgs"', 'Vary': 'Accept-Encoding', 'Content-Encoding': 'gzip', 'CF-Cache-Status': 'DYNAMIC', 'Report-To': '{"endpoints":[{"url":"https:\\/\\/a.nel.cloudflare.com\\/report\\/v4?s=hcOUzUEW5AwC15C3%2FIcPjfeFzlgdS2Xmi6%2FIvf1gVSi1OdigE0p4bn2ch71I5D1wz1CDXHYE71t0%2BnNDsClpU116W3TCbKFIJd8YObNt6sHONR93kuyLtn1R%2Brla6nQu"}],"group":"cf-nel","max_age":604800}', 'NEL': '{"success_fraction":0,"report_to":"cf-nel","max_age":604800}', 'Server': 'cloudflare', 'CF-RAY': '8696ed4cae6761fa-ORD', 'alt-svc': 'h3=":443"; ma=86400'} 
 body={"results":[{"gender":"male","name":{"title":"Monsieur","first":"Jean-Paul","last":"Gauthier"},"location":{"street":{"number":6142,"name":"Rue des Jardins"},"city":"Bullet","state":"Basel-Stadt","country":"Switzerland","postcode":2257,"coordinates":{"latitude":"-63.3969","longitude":"-27.1539"},"timezone":{"offset":"-6:00","description":"Central Time (US &amp; Canada), Mexico City"}},"email":"jean-paul.gauthier@example.com","login":{"uuid":"7539b22a-f330-4f17-a2ac-baef22027f84","username":"purplerabbit773","password":"brodie","salt":"9nmd9hDj","md5":"a2d81fda50ed8d35bbcbdd54a6ab8e18","sha1":"9235d1f8f9b9acc902444f1d9917cbdf98bee380","sha256":"16631ec425d4c2da2470b01262b408cf9ec9098f5504f5215acf5ddb55a727e7"},"dob":{"date":"1982-03-28T13:46:34.877Z","age":41},"registered":{"date":"2020-02-04T04:14:31.763Z","age":4},"phone":"075 014 95 28","cell":"078 647 56 76","id":{"name":"AVS","value":"756.3189.6023.84"},"picture":{"large":"https://randomuser.me/api/portraits/men/97.jpg","medium":"https://randomuser.me/api/portraits/med/men/97.jpg","thumbnail":"https://randomuser.me/api/portraits/thumb/men/97.jpg"},"nat":"CH"}],"info":{"seed":"859b73de32ffe782","results":1,"page":1,"version":"1.4"}} 
 </msg>
<msg time="2024-03-24T13:14:54.906607" level="INFO">/opt/hostedtoolcache/Python/3.12.2/x64/lib/python3.12/site-packages/urllib3/connectionpool.py:1103: InsecureRequestWarning: Unverified HTTPS request is being made to host 'randomuser.me'. Adding certificate verification is strongly advised. See: https://urllib3.readthedocs.io/en/latest/advanced-usage.html#tls-warnings
  warnings.warn(</msg>
<msg time="2024-03-24T13:14:54.906752" level="INFO">${response} = &lt;Response [200]&gt;</msg>
<var>${response}</var>
<arg>consultarAPI</arg>
<arg>/api</arg>
<doc>Sends a GET request on a previously created HTTP Session.</doc>
<status status="PASS" start="2024-03-24T13:14:54.828887" elapsed="0.077922"/>
</kw>
<kw name="Set Variable" owner="BuiltIn">
<msg time="2024-03-24T13:14:54.907981" level="INFO">${json_data} = {'results': [{'gender': 'male', 'name': {'title': 'Monsieur', 'first': 'Jean-Paul', 'last': 'Gauthier'}, 'location': {'street': {'number': 6142, 'name': 'Rue des Jardins'}, 'city': 'Bullet', 'state': ...</msg>
<var>${json_data}</var>
<arg>${response.json()}</arg>
<doc>Returns the given values which can then be assigned to a variables.</doc>
<status status="PASS" start="2024-03-24T13:14:54.907417" elapsed="0.000593"/>
</kw>
<kw name="Log" owner="BuiltIn">
<msg time="2024-03-24T13:14:54.908592" level="INFO">{'results': [{'gender': 'male', 'name': {'title': 'Monsieur', 'first': 'Jean-Paul', 'last': 'Gauthier'}, 'location': {'street': {'number': 6142, 'name': 'Rue des Jardins'}, 'city': 'Bullet', 'state': 'Basel-Stadt', 'country': 'Switzerland', 'postcode': 2257, 'coordinates': {'latitude': '-63.3969', 'longitude': '-27.1539'}, 'timezone': {'offset': '-6:00', 'description': 'Central Time (US &amp; Canada), Mexico City'}}, 'email': 'jean-paul.gauthier@example.com', 'login': {'uuid': '7539b22a-f330-4f17-a2ac-baef22027f84', 'username': 'purplerabbit773', 'password': 'brodie', 'salt': '9nmd9hDj', 'md5': 'a2d81fda50ed8d35bbcbdd54a6ab8e18', 'sha1': '9235d1f8f9b9acc902444f1d9917cbdf98bee380', 'sha256': '16631ec425d4c2da2470b01262b408cf9ec9098f5504f5215acf5ddb55a727e7'}, 'dob': {'date': '1982-03-28T13:46:34.877Z', 'age': 41}, 'registered': {'date': '2020-02-04T04:14:31.763Z', 'age': 4}, 'phone': '075 014 95 28', 'cell': '078 647 56 76', 'id': {'name': 'AVS', 'value': '756.3189.6023.84'}, 'picture': {'large': 'https://randomuser.me/api/portraits/men/97.jpg', 'medium': 'https://randomuser.me/api/portraits/med/men/97.jpg', 'thumbnail': 'https://randomuser.me/api/portraits/thumb/men/97.jpg'}, 'nat': 'CH'}], 'info': {'seed': '859b73de32ffe782', 'results': 1, 'page': 1, 'version': '1.4'}}</msg>
<arg>${json_data}</arg>
<doc>Logs the given message with the given level.</doc>
<status status="PASS" start="2024-03-24T13:14:54.908402" elapsed="0.000282"/>
</kw>
<kw name="Should Be String" owner="String">
<arg>${json_data['results'][0]['gender']}</arg>
<doc>Fails if the given ``item`` is not a string.</doc>
<status status="PASS" start="2024-03-24T13:14:54.909039" elapsed="0.000401"/>
</kw>
<kw name="Should Match Regexp" owner="BuiltIn">
<arg>${json_data['results'][0]['email']}</arg>
<arg>^[a-zA-Z0-9._%+-]+@[a-zA-Z0-9.-]+\.[a-zA-Z]{2,}$</arg>
<doc>Fails if ``string`` does not match ``pattern`` as a regular expression.</doc>
<status status="PASS" start="2024-03-24T13:14:54.909656" elapsed="0.000567"/>
</kw>
<kw name="Should Match Regexp" owner="BuiltIn">
<arg>${json_data['results'][0]['dob']['date']}</arg>
<arg>\\d{4}-\\d{2}-\\d{2}T\\d{2}:\\d{2}:\\d{2}\\.\\d{3}Z</arg>
<doc>Fails if ``string`` does not match ``pattern`` as a regular expression.</doc>
<status status="PASS" start="2024-03-24T13:14:54.910482" elapsed="0.000517"/>
</kw>
<kw name="Should Match Regexp" owner="BuiltIn">
<arg>${json_data['results'][0]['registered']['date']}</arg>
<arg>\\d{4}-\\d{2}-\\d{2}T\\d{2}:\\d{2}:\\d{2}\\.\\d{3}Z</arg>
<doc>Fails if ``string`` does not match ``pattern`` as a regular expression.</doc>
<status status="PASS" start="2024-03-24T13:14:54.911204" elapsed="0.000393"/>
</kw>
<kw name="Should Match Regexp" owner="BuiltIn">
<arg>${json_data['results'][0]['picture']['large']}</arg>
<arg>^https?://.*\.(?:png|jpe?g|gif|bmp)$</arg>
<doc>Fails if ``string`` does not match ``pattern`` as a regular expression.</doc>
<status status="PASS" start="2024-03-24T13:14:54.911792" elapsed="0.000485"/>
</kw>
<kw name="Should Match Regexp" owner="BuiltIn">
<arg>${json_data['results'][0]['picture']['medium']}</arg>
<arg>^https?://.*\.(?:png|jpe?g|gif|bmp)$</arg>
<doc>Fails if ``string`` does not match ``pattern`` as a regular expression.</doc>
<status status="PASS" start="2024-03-24T13:14:54.912472" elapsed="0.000357"/>
</kw>
<kw name="Should Match Regexp" owner="BuiltIn">
<arg>${json_data['results'][0]['picture']['thumbnail']}</arg>
<arg>^https?://.*\.(?:png|jpe?g|gif|bmp)$</arg>
<doc>Fails if ``string`` does not match ``pattern`` as a regular expression.</doc>
<status status="PASS" start="2024-03-24T13:14:54.913017" elapsed="0.000362"/>
</kw>
<kw name="Log" owner="BuiltIn">
<msg time="2024-03-24T13:14:54.913908" level="INFO">{'large': 'https://randomuser.me/api/portraits/men/97.jpg', 'medium': 'https://randomuser.me/api/portraits/med/men/97.jpg', 'thumbnail': 'https://randomuser.me/api/portraits/thumb/men/97.jpg'}</msg>
<arg>${json_data['results'][0]['picture']}</arg>
<doc>Logs the given message with the given level.</doc>
<status status="PASS" start="2024-03-24T13:14:54.913565" elapsed="0.000386"/>
</kw>
<status status="PASS" start="2024-03-24T13:14:54.828633" elapsed="0.085608"/>
</kw>
<kw name="Teste de Tipos de Dados - Postcode" owner="random-user-service">
<kw name="GET On Session" owner="RequestsLibrary">
<msg time="2024-03-24T13:14:55.002889" level="INFO">GET Request : url=https://randomuser.me/api 
 path_url=/api 
 headers={'User-Agent': 'python-requests/2.31.0', 'Accept-Encoding': 'gzip, deflate', 'Accept': '*/*', 'Connection': 'keep-alive'} 
 body=None 
 </msg>
<msg time="2024-03-24T13:14:55.003021" level="INFO">GET Response : url=https://randomuser.me/api 
 status=200, reason=OK 
 headers={'Date': 'Sun, 24 Mar 2024 13:14:54 GMT', 'Content-Type': 'application/json; charset=utf-8', 'Transfer-Encoding': 'chunked', 'Connection': 'keep-alive', 'X-Powered-By': 'Express', 'Access-Control-Allow-Origin': '*', 'Cache-Control': 'no-cache', 'ETag': 'W/"492-5nQn1p1cAqn89kYf+mIc6djjWzc"', 'Vary': 'Accept-Encoding', 'Content-Encoding': 'gzip', 'CF-Cache-Status': 'DYNAMIC', 'Report-To': '{"endpoints":[{"url":"https:\\/\\/a.nel.cloudflare.com\\/report\\/v4?s=pHiihr%2Fy0nsKw1a2PMMqq%2FxpXu16PiSf6AxVC1fY24nvasPZmBl8h1F5RPC8SNL0ob4HLon%2F7zoIPZPWT5H5c4%2BBN7KsgqXt1okC6zmu6o7GwQGjBgRZf9Sr8EqigAVe"}],"group":"cf-nel","max_age":604800}', 'NEL': '{"success_fraction":0,"report_to":"cf-nel","max_age":604800}', 'Server': 'cloudflare', 'CF-RAY': '8696ed4d2ef761fa-ORD', 'alt-svc': 'h3=":443"; ma=86400'} 
 body={"results":[{"gender":"female","name":{"title":"Ms","first":"Danielle","last":"Long"},"location":{"street":{"number":8389,"name":"Richmond Park"},"city":"Rush","state":"Galway City","country":"Ireland","postcode":58694,"coordinates":{"latitude":"-3.8962","longitude":"25.5415"},"timezone":{"offset":"-4:00","description":"Atlantic Time (Canada), Caracas, La Paz"}},"email":"danielle.long@example.com","login":{"uuid":"48c4dad5-8707-485e-b853-3b2a7338739c","username":"brownduck770","password":"falcons","salt":"DcDIt7mG","md5":"3c61d6a94441b002c0b37adcc020e8c6","sha1":"35907a6471f33315a7c81a697ec934b137c66b10","sha256":"3d7785408060f64f0e53bcdcba843fd60a05776c3293f40f1374cec68e659a63"},"dob":{"date":"1954-06-27T14:00:33.407Z","age":69},"registered":{"date":"2015-05-05T08:39:07.762Z","age":8},"phone":"021-154-2571","cell":"081-879-3193","id":{"name":"PPS","value":"0301943T"},"picture":{"large":"https://randomuser.me/api/portraits/women/43.jpg","medium":"https://randomuser.me/api/portraits/med/women/43.jpg","thumbnail":"https://randomuser.me/api/portraits/thumb/women/43.jpg"},"nat":"IE"}],"info":{"seed":"a33e6b90345d0e19","results":1,"page":1,"version":"1.4"}} 
 </msg>
<msg time="2024-03-24T13:14:55.003110" level="INFO">/opt/hostedtoolcache/Python/3.12.2/x64/lib/python3.12/site-packages/urllib3/connectionpool.py:1103: InsecureRequestWarning: Unverified HTTPS request is being made to host 'randomuser.me'. Adding certificate verification is strongly advised. See: https://urllib3.readthedocs.io/en/latest/advanced-usage.html#tls-warnings
  warnings.warn(</msg>
<msg time="2024-03-24T13:14:55.003249" level="INFO">${response} = &lt;Response [200]&gt;</msg>
<var>${response}</var>
<arg>consultarAPI</arg>
<arg>/api</arg>
<doc>Sends a GET request on a previously created HTTP Session.</doc>
<status status="PASS" start="2024-03-24T13:14:54.914795" elapsed="0.088484"/>
</kw>
<kw name="Set Variable" owner="BuiltIn">
<msg time="2024-03-24T13:14:55.004441" level="INFO">${json_data} = {'results': [{'gender': 'female', 'name': {'title': 'Ms', 'first': 'Danielle', 'last': 'Long'}, 'location': {'street': {'number': 8389, 'name': 'Richmond Park'}, 'city': 'Rush', 'state': 'Galway City'...</msg>
<var>${json_data}</var>
<arg>${response.json()}</arg>
<doc>Returns the given values which can then be assigned to a variables.</doc>
<status status="PASS" start="2024-03-24T13:14:55.003862" elapsed="0.000609"/>
</kw>
<kw name="Log" owner="BuiltIn">
<msg time="2024-03-24T13:14:55.005061" level="INFO">{'results': [{'gender': 'female', 'name': {'title': 'Ms', 'first': 'Danielle', 'last': 'Long'}, 'location': {'street': {'number': 8389, 'name': 'Richmond Park'}, 'city': 'Rush', 'state': 'Galway City', 'country': 'Ireland', 'postcode': 58694, 'coordinates': {'latitude': '-3.8962', 'longitude': '25.5415'}, 'timezone': {'offset': '-4:00', 'description': 'Atlantic Time (Canada), Caracas, La Paz'}}, 'email': 'danielle.long@example.com', 'login': {'uuid': '48c4dad5-8707-485e-b853-3b2a7338739c', 'username': 'brownduck770', 'password': 'falcons', 'salt': 'DcDIt7mG', 'md5': '3c61d6a94441b002c0b37adcc020e8c6', 'sha1': '35907a6471f33315a7c81a697ec934b137c66b10', 'sha256': '3d7785408060f64f0e53bcdcba843fd60a05776c3293f40f1374cec68e659a63'}, 'dob': {'date': '1954-06-27T14:00:33.407Z', 'age': 69}, 'registered': {'date': '2015-05-05T08:39:07.762Z', 'age': 8}, 'phone': '021-154-2571', 'cell': '081-879-3193', 'id': {'name': 'PPS', 'value': '0301943T'}, 'picture': {'large': 'https://randomuser.me/api/portraits/women/43.jpg', 'medium': 'https://randomuser.me/api/portraits/med/women/43.jpg', 'thumbnail': 'https://randomuser.me/api/portraits/thumb/women/43.jpg'}, 'nat': 'IE'}], 'info': {'seed': 'a33e6b90345d0e19', 'results': 1, 'page': 1, 'version': '1.4'}}</msg>
<arg>${json_data}</arg>
<doc>Logs the given message with the given level.</doc>
<status status="PASS" start="2024-03-24T13:14:55.004867" elapsed="0.000284"/>
</kw>
<kw name="Should Be Equal As Numbers" owner="BuiltIn">
<arg>${json_data['results'][0]['location']['postcode']}</arg>
<arg>${json_data['results'][0]['location']['postcode']}</arg>
<doc>Fails if objects are unequal after converting them to real numbers.</doc>
<status status="PASS" start="2024-03-24T13:14:55.005726" elapsed="0.000750"/>
</kw>
<kw name="Log" owner="BuiltIn">
<msg time="2024-03-24T13:14:55.007071" level="INFO">58694</msg>
<arg>${json_data['results'][0]['location']['postcode']}</arg>
<doc>Logs the given message with the given level.</doc>
<status status="PASS" start="2024-03-24T13:14:55.006703" elapsed="0.000413"/>
</kw>
<status status="PASS" start="2024-03-24T13:14:54.914533" elapsed="0.092875"/>
</kw>
<doc>Testa se os tipos de dados na resposta da API estão corretos.</doc>
<tag>testeTiposDados</tag>
<status status="PASS" start="2024-03-24T13:14:54.828028" elapsed="0.179561"/>
</test>
<test id="s1-s1-t5" name="Validar conteudo" line="35">
<kw name="Teste de Tipos de Conteudo" owner="random-user-service">
<kw name="GET On Session" owner="RequestsLibrary">
<msg time="2024-03-24T13:14:55.102120" level="INFO">GET Request : url=https://randomuser.me/api 
 path_url=/api 
 headers={'User-Agent': 'python-requests/2.31.0', 'Accept-Encoding': 'gzip, deflate', 'Accept': '*/*', 'Connection': 'keep-alive'} 
 body=None 
 </msg>
<msg time="2024-03-24T13:14:55.102235" level="INFO">GET Response : url=https://randomuser.me/api 
 status=200, reason=OK 
 headers={'Date': 'Sun, 24 Mar 2024 13:14:55 GMT', 'Content-Type': 'application/json; charset=utf-8', 'Transfer-Encoding': 'chunked', 'Connection': 'keep-alive', 'X-Powered-By': 'Express', 'Access-Control-Allow-Origin': '*', 'Cache-Control': 'no-cache', 'ETag': 'W/"4a8-eB46EpuRcq00etE1QtolL8xFsj4"', 'Vary': 'Accept-Encoding', 'Content-Encoding': 'gzip', 'CF-Cache-Status': 'DYNAMIC', 'Report-To': '{"endpoints":[{"url":"https:\\/\\/a.nel.cloudflare.com\\/report\\/v4?s=gruUiIgnWtxFuX3bM8qQ8iyqFvjQeXHxIQydBJpg6QPnkN6zXVucAcddRt6Hy%2BFM8E%2BAlDgFsX1KAFQzjg5wwWOn%2FdKE6IxA9ok0EmzfXI8OJ4q6xggxGwn5cxjDlOU1"}],"group":"cf-nel","max_age":604800}', 'NEL': '{"success_fraction":0,"report_to":"cf-nel","max_age":604800}', 'Server': 'cloudflare', 'CF-RAY': '8696ed4dcf7e61fa-ORD', 'alt-svc': 'h3=":443"; ma=86400'} 
 body={"results":[{"gender":"female","name":{"title":"Ms","first":"Alice","last":"Bélanger"},"location":{"street":{"number":5301,"name":"St. Lawrence Ave"},"city":"Wellington","state":"New Brunswick","country":"Canada","postcode":"Y2X 9Q5","coordinates":{"latitude":"-70.1178","longitude":"111.3650"},"timezone":{"offset":"+5:30","description":"Bombay, Calcutta, Madras, New Delhi"}},"email":"alice.belanger@example.com","login":{"uuid":"12ab8df3-a602-4368-afad-61d0e37bfad4","username":"ticklishgorilla178","password":"passwd","salt":"zcioxGP7","md5":"b01bad09ec9a120a7e539caafb2147a6","sha1":"64db7943eebbdbd9e49d48c3a72483c7e2cfd6ab","sha256":"70a91e857003e874b030ddbf62ac5a72977796cbf44c3bf983be8f875f662549"},"dob":{"date":"1992-01-01T00:51:18.438Z","age":32},"registered":{"date":"2002-04-02T00:10:19.481Z","age":21},"phone":"F47 Z68-2501","cell":"H99 R35-3963","id":{"name":"SIN","value":"361447303"},"picture":{"large":"https://randomuser.me/api/portraits/women/86.jpg","medium":"https://randomuser.me/api/portraits/med/women/86.jpg","thumbnail":"https://randomuser.me/api/portraits/thumb/women/86.jpg"},"nat":"CA"}],"info":{"seed":"cfe1d7f2813e74f7","results":1,"page":1,"version":"1.4"}} 
 </msg>
<msg time="2024-03-24T13:14:55.102360" level="INFO">/opt/hostedtoolcache/Python/3.12.2/x64/lib/python3.12/site-packages/urllib3/connectionpool.py:1103: InsecureRequestWarning: Unverified HTTPS request is being made to host 'randomuser.me'. Adding certificate verification is strongly advised. See: https://urllib3.readthedocs.io/en/latest/advanced-usage.html#tls-warnings
  warnings.warn(</msg>
<msg time="2024-03-24T13:14:55.102479" level="INFO">${response} = &lt;Response [200]&gt;</msg>
<var>${response}</var>
<arg>consultarAPI</arg>
<arg>/api</arg>
<doc>Sends a GET request on a previously created HTTP Session.</doc>
<status status="PASS" start="2024-03-24T13:14:55.010279" elapsed="0.092237"/>
</kw>
<kw name="Set Variable" owner="BuiltIn">
<msg time="2024-03-24T13:14:55.103594" level="INFO">${json_data} = {'results': [{'gender': 'female', 'name': {'title': 'Ms', 'first': 'Alice', 'last': 'Bélanger'}, 'location': {'street': {'number': 5301, 'name': 'St. Lawrence Ave'}, 'city': 'Wellington', 'state': 'Ne...</msg>
<var>${json_data}</var>
<arg>${response.json()}</arg>
<doc>Returns the given values which can then be assigned to a variables.</doc>
<status status="PASS" start="2024-03-24T13:14:55.103059" elapsed="0.000564"/>
</kw>
<kw name="Set Variable" owner="BuiltIn">
<msg time="2024-03-24T13:14:55.104329" level="INFO">${name_title} = Ms</msg>
<var>${name_title}</var>
<arg>${json_data["results"][0]["name"]["title"]}</arg>
<doc>Returns the given values which can then be assigned to a variables.</doc>
<status status="PASS" start="2024-03-24T13:14:55.103934" elapsed="0.000421"/>
</kw>
<kw name="Create List" owner="BuiltIn">
<msg time="2024-03-24T13:14:55.104802" level="INFO">${allowed_titles} = ['Mr', 'Ms', 'Miss', 'Mrs', 'Madame', 'Monsieur']</msg>
<var>${allowed_titles}</var>
<arg>Mr</arg>
<arg>Ms</arg>
<arg>Miss</arg>
<arg>Mrs</arg>
<arg>Madame</arg>
<arg>Monsieur</arg>
<doc>Returns a list containing given items.</doc>
<status status="PASS" start="2024-03-24T13:14:55.104653" elapsed="0.000174"/>
</kw>
<kw name="List Should Contain Value" owner="Collections">
<msg time="2024-03-24T13:14:55.105306" level="INFO">False</msg>
<arg>${allowed_titles}</arg>
<arg>${name_title}</arg>
<doc>Fails if the ``value`` is not found from ``list``.</doc>
<status status="PASS" start="2024-03-24T13:14:55.105125" elapsed="0.000219"/>
</kw>
<kw name="Set Variable" owner="BuiltIn">
<msg time="2024-03-24T13:14:55.106061" level="INFO">${name_country} = CA</msg>
<var>${name_country}</var>
<arg>${json_data["results"][0]["nat"]}</arg>
<doc>Returns the given values which can then be assigned to a variables.</doc>
<status status="PASS" start="2024-03-24T13:14:55.105645" elapsed="0.000443"/>
</kw>
<kw name="Create List" owner="BuiltIn">
<msg time="2024-03-24T13:14:55.107080" level="INFO">${list_country} = ['AD', 'AE', 'AF', 'AG', 'AI', 'AL', 'AM', 'AO', 'AQ', 'AR', 'AS', 'AT', 'AU', 'AW', 'AX', 'AZ', 'BA', 'BB', 'BD', 'BE', 'BF', 'BG', 'BH', 'BI', 'BJ', 'BL', 'BM', 'BN', 'BO', 'BQ', 'BR', 'BS', 'BT', '...</msg>
<var>${list_country}</var>
<arg>AD</arg>
<arg>AE</arg>
<arg>AF</arg>
<arg>AG</arg>
<arg>AI</arg>
<arg>AL</arg>
<arg>AM</arg>
<arg>AO</arg>
<arg>AQ</arg>
<arg>AR</arg>
<arg>AS</arg>
<arg>AT</arg>
<arg>AU</arg>
<arg>AW</arg>
<arg>AX</arg>
<arg>AZ</arg>
<arg>BA</arg>
<arg>BB</arg>
<arg>BD</arg>
<arg>BE</arg>
<arg>BF</arg>
<arg>BG</arg>
<arg>BH</arg>
<arg>BI</arg>
<arg>BJ</arg>
<arg>BL</arg>
<arg>BM</arg>
<arg>BN</arg>
<arg>BO</arg>
<arg>BQ</arg>
<arg>BR</arg>
<arg>BS</arg>
<arg>BT</arg>
<arg>BV</arg>
<arg>BW</arg>
<arg>BY</arg>
<arg>BZ</arg>
<arg>CA</arg>
<arg>CC</arg>
<arg>CD</arg>
<arg>CF</arg>
<arg>CG</arg>
<arg>CH</arg>
<arg>CI</arg>
<arg>CK</arg>
<arg>CL</arg>
<arg>CM</arg>
<arg>CN</arg>
<arg>CO</arg>
<arg>CR</arg>
<arg>CU</arg>
<arg>CV</arg>
<arg>CW</arg>
<arg>CX</arg>
<arg>CY</arg>
<arg>CZ</arg>
<arg>DE</arg>
<arg>DJ</arg>
<arg>DK</arg>
<arg>DM</arg>
<arg>DO</arg>
<arg>DZ</arg>
<arg>EC</arg>
<arg>EE</arg>
<arg>EG</arg>
<arg>EH</arg>
<arg>ER</arg>
<arg>ES</arg>
<arg>ET</arg>
<arg>FI</arg>
<arg>FJ</arg>
<arg>FK</arg>
<arg>FM</arg>
<arg>FO</arg>
<arg>FR</arg>
<arg>GA</arg>
<arg>GB</arg>
<arg>GD</arg>
<arg>GE</arg>
<arg>GF</arg>
<arg>GG</arg>
<arg>GH</arg>
<arg>GI</arg>
<arg>GL</arg>
<arg>GM</arg>
<arg>GN</arg>
<arg>GP</arg>
<arg>GQ</arg>
<arg>GR</arg>
<arg>GS</arg>
<arg>GT</arg>
<arg>GU</arg>
<arg>GW</arg>
<arg>GY</arg>
<arg>HK</arg>
<arg>HM</arg>
<arg>HN</arg>
<arg>HR</arg>
<arg>HT</arg>
<arg>HU</arg>
<arg>ID</arg>
<arg>IE</arg>
<arg>IL</arg>
<arg>IM</arg>
<arg>IN</arg>
<arg>IO</arg>
<arg>IQ</arg>
<arg>IR</arg>
<arg>IS</arg>
<arg>IT</arg>
<arg>JE</arg>
<arg>JM</arg>
<arg>JO</arg>
<arg>JP</arg>
<arg>KE</arg>
<arg>KG</arg>
<arg>KH</arg>
<arg>KI</arg>
<arg>KM</arg>
<arg>KN</arg>
<arg>KP</arg>
<arg>KR</arg>
<arg>KW</arg>
<arg>KY</arg>
<arg>KZ</arg>
<arg>LA</arg>
<arg>LB</arg>
<arg>LC</arg>
<arg>LI</arg>
<arg>LK</arg>
<arg>LR</arg>
<arg>LS</arg>
<arg>LT</arg>
<arg>LU</arg>
<arg>LV</arg>
<arg>LY</arg>
<arg>MA</arg>
<arg>MC</arg>
<arg>MD</arg>
<arg>ME</arg>
<arg>MF</arg>
<arg>MG</arg>
<arg>MH</arg>
<arg>MK</arg>
<arg>ML</arg>
<arg>MM</arg>
<arg>MN</arg>
<arg>MO</arg>
<arg>MP</arg>
<arg>MQ</arg>
<arg>MR</arg>
<arg>MS</arg>
<arg>MT</arg>
<arg>MU</arg>
<arg>MV</arg>
<arg>MW</arg>
<arg>MX</arg>
<arg>MY</arg>
<arg>MZ</arg>
<arg>NA</arg>
<arg>NC</arg>
<arg>NE</arg>
<arg>NF</arg>
<arg>NG</arg>
<arg>NI</arg>
<arg>NL</arg>
<arg>NO</arg>
<arg>NP</arg>
<arg>NR</arg>
<arg>NU</arg>
<arg>NZ</arg>
<arg>OM</arg>
<arg>PA</arg>
<arg>PE</arg>
<arg>PF</arg>
<arg>PG</arg>
<arg>PH</arg>
<arg>PK</arg>
<arg>PL</arg>
<arg>PM</arg>
<arg>PN</arg>
<arg>PR</arg>
<arg>PS</arg>
<arg>PT</arg>
<arg>PW</arg>
<arg>PY</arg>
<arg>QA</arg>
<arg>RE</arg>
<arg>RO</arg>
<arg>RS</arg>
<arg>RU</arg>
<arg>RW</arg>
<arg>SA</arg>
<arg>SB</arg>
<arg>SC</arg>
<arg>SD</arg>
<arg>SE</arg>
<arg>SG</arg>
<arg>SH</arg>
<arg>SI</arg>
<arg>SJ</arg>
<arg>SK</arg>
<arg>SL</arg>
<arg>SM</arg>
<arg>SN</arg>
<arg>SO</arg>
<arg>SR</arg>
<arg>SS</arg>
<arg>ST</arg>
<arg>SV</arg>
<arg>SX</arg>
<arg>SY</arg>
<arg>SZ</arg>
<arg>TC</arg>
<arg>TD</arg>
<arg>TF</arg>
<arg>TG</arg>
<arg>TH</arg>
<arg>TJ</arg>
<arg>TK</arg>
<arg>TL</arg>
<arg>TM</arg>
<arg>TN</arg>
<arg>TO</arg>
<arg>TR</arg>
<arg>TT</arg>
<arg>TV</arg>
<arg>TW</arg>
<arg>TZ</arg>
<arg>UA</arg>
<arg>UG</arg>
<arg>UM</arg>
<arg>US</arg>
<arg>UY</arg>
<arg>UZ</arg>
<arg>VA</arg>
<arg>VC</arg>
<arg>VE</arg>
<arg>VG</arg>
<arg>VI</arg>
<arg>VN</arg>
<arg>VU</arg>
<arg>WF</arg>
<arg>WS</arg>
<arg>XK</arg>
<arg>YE</arg>
<arg>YT</arg>
<arg>ZA</arg>
<arg>ZM</arg>
<arg>ZW</arg>
<doc>Returns a list containing given items.</doc>
<status status="PASS" start="2024-03-24T13:14:55.106465" elapsed="0.000641"/>
</kw>
<kw name="List Should Contain Value" owner="Collections">
<msg time="2024-03-24T13:14:55.108097" level="INFO">False</msg>
<arg>${list_country}</arg>
<arg>${name_country}</arg>
<doc>Fails if the ``value`` is not found from ``list``.</doc>
<status status="PASS" start="2024-03-24T13:14:55.107889" elapsed="0.000245"/>
</kw>
<kw name="Run Keyword If" owner="BuiltIn">
<kw name="Should Be True" owner="BuiltIn">
<arg>${True}</arg>
<doc>Fails if the given condition is not true.</doc>
<status status="PASS" start="2024-03-24T13:14:55.109191" elapsed="0.000271"/>
</kw>
<arg>${json_data["results"][0]["location"]["coordinates"]["latitude"]} &gt;= -90 and ${json_data["results"][0]["location"]["coordinates"]["latitude"]} &lt;= 90</arg>
<arg>Should Be True</arg>
<arg>${True}</arg>
<doc>Runs the given keyword with the given arguments, if ``condition`` is true.</doc>
<status status="PASS" start="2024-03-24T13:14:55.108445" elapsed="0.001152"/>
</kw>
<kw name="Run Keyword If" owner="BuiltIn">
<kw name="Should Be True" owner="BuiltIn">
<arg>${True}</arg>
<doc>Fails if the given condition is not true.</doc>
<status status="PASS" start="2024-03-24T13:14:55.110516" elapsed="0.000141"/>
</kw>
<arg>${json_data["results"][0]["location"]["coordinates"]["longitude"]} &gt;= -180 and ${json_data["results"][0]["location"]["coordinates"]["longitude"]} &lt;= 180</arg>
<arg>Should Be True</arg>
<arg>${True}</arg>
<doc>Runs the given keyword with the given arguments, if ``condition`` is true.</doc>
<status status="PASS" start="2024-03-24T13:14:55.109783" elapsed="0.001013"/>
</kw>
<status status="PASS" start="2024-03-24T13:14:55.009971" elapsed="0.100958"/>
</kw>
<doc>Testa o conteúdo específico dos campos retornados pela API.</doc>
<tag>testeConteudo</tag>
<status status="PASS" start="2024-03-24T13:14:55.009424" elapsed="0.101663"/>
</test>
<status status="PASS" start="2024-03-24T13:14:54.279028" elapsed="0.834054"/>
</suite>
<status status="PASS" start="2024-03-24T13:14:54.264989" elapsed="0.853703"/>
</suite>
<statistics>
<total>
<stat pass="5" fail="0" skip="0">All Tests</stat>
</total>
<tag>
<stat pass="1" fail="0" skip="0">testeConteudo</stat>
<stat pass="1" fail="0" skip="0">testeEstruturaResposta</stat>
<stat pass="1" fail="0" skip="0">testeRequisicaoBasica</stat>
<stat pass="1" fail="0" skip="0">testeTiposDados</stat>
</tag>
<suite>
<stat pass="5" fail="0" skip="0" id="s1" name="Tests">Tests</stat>
<stat pass="5" fail="0" skip="0" id="s1-s1" name="Random-User-Test">Tests.Random-User-Test</stat>
</suite>
</statistics>
<errors>
</errors>
</robot>
