<?xml version="1.0" encoding="UTF-8"?>
<robot generator="Robot 7.0.1 (Python 3.12.3 on linux)" generated="2024-06-11T19:12:41.637713" rpa="false" schemaversion="5">
<suite id="s1" name="Tests" source="/home/runner/work/ApiRandomUser/ApiRandomUser/RamdonUser/tests">
<suite id="s1-s1" name="Random-User-Test" source="/home/runner/work/ApiRandomUser/ApiRandomUser/RamdonUser/tests/random-user-test.robot">
<test id="s1-s1-t1" name="Conectar" line="13">
<kw name="Conectar API" owner="random-user-service">
<kw name="Create Session" owner="RequestsLibrary">
<msg time="2024-06-11T19:12:42.021760" level="INFO">Creating Session using : alias=consultarAPI, url=https://randomuser.me/, headers={},                     cookies={}, auth=None, timeout=None, proxies=None, verify=False,                     debug=0 </msg>
<arg>consultarAPI</arg>
<arg>${URL}</arg>
<doc>Create Session: create a HTTP session to a server</doc>
<status status="PASS" start="2024-06-11T19:12:42.021483" elapsed="0.000542"/>
</kw>
<status status="PASS" start="2024-06-11T19:12:42.019702" elapsed="0.002831"/>
</kw>
<status status="PASS" start="2024-06-11T19:12:42.018990" elapsed="0.003847"/>
</test>
<test id="s1-s1-t2" name="Validar retorno 200 e JSON Válido" line="16">
<kw name="Teste de Requisicao Basica" owner="random-user-service">
<kw name="GET On Session" owner="RequestsLibrary">
<msg time="2024-06-11T19:12:42.215896" level="INFO">GET Request : url=https://randomuser.me/api 
 path_url=/api 
 headers={'User-Agent': 'python-requests/2.32.3', 'Accept-Encoding': 'gzip, deflate', 'Accept': '*/*', 'Connection': 'keep-alive'} 
 body=None 
 </msg>
<msg time="2024-06-11T19:12:42.216029" level="INFO">GET Response : url=https://randomuser.me/api 
 status=200, reason=OK 
 headers={'Date': 'Tue, 11 Jun 2024 19:12:42 GMT', 'Content-Type': 'application/json; charset=utf-8', 'Transfer-Encoding': 'chunked', 'Connection': 'keep-alive', 'X-Powered-By': 'Express', 'Access-Control-Allow-Origin': '*', 'Cache-Control': 'no-cache', 'ETag': 'W/"488-1R+Zdzl1gNqGfXP79bo5MbLnXOk"', 'Vary': 'Accept-Encoding', 'Content-Encoding': 'gzip', 'CF-Cache-Status': 'DYNAMIC', 'Report-To': '{"endpoints":[{"url":"https:\\/\\/a.nel.cloudflare.com\\/report\\/v4?s=HKelvlCcf%2Fpx8NYWXkbaoJIobU70sBdcZcXl8zdbvjCIL9A0He2gGBFyDtvVDv39EQkvM6RwNn9vpHaLyVpayaYkA47Z0TofiyYYv9%2FUHq%2FP7wHDSdQ61HE%2BWsWsiN2c"}],"group":"cf-nel","max_age":604800}', 'NEL': '{"success_fraction":0,"report_to":"cf-nel","max_age":604800}', 'Server': 'cloudflare', 'CF-RAY': '8923ea07982822eb-ORD', 'alt-svc': 'h3=":443"; ma=86400'} 
 body={"results":[{"gender":"male","name":{"title":"Mr","first":"Sandro","last":"Viana"},"location":{"street":{"number":3375,"name":"Rua Vinte E Dois "},"city":"Uruguaiana","state":"Rio de Janeiro","country":"Brazil","postcode":67672,"coordinates":{"latitude":"-75.2411","longitude":"-67.9935"},"timezone":{"offset":"+9:30","description":"Adelaide, Darwin"}},"email":"sandro.viana@example.com","login":{"uuid":"dfe5efaa-ef07-4a87-8424-3ce6ab73e1fd","username":"blackfish289","password":"davies","salt":"49bBQHCH","md5":"1a213208c1a85b831e82d01dde077df3","sha1":"866a4fe175034fedaaac553e435ec01e23cf194b","sha256":"f6ec16e0e3e72b0abf4ae153387a95dbfc9e2a974cc001186749016d0ec6b324"},"dob":{"date":"1989-10-11T01:44:51.064Z","age":34},"registered":{"date":"2019-12-19T09:59:25.460Z","age":4},"phone":"(67) 4191-9817","cell":"(89) 9938-2353","id":{"name":"CPF","value":"495.408.608-19"},"picture":{"large":"https://randomuser.me/api/portraits/men/39.jpg","medium":"https://randomuser.me/api/portraits/med/men/39.jpg","thumbnail":"https://randomuser.me/api/portraits/thumb/men/39.jpg"},"nat":"BR"}],"info":{"seed":"011c5e0bd2ead448","results":1,"page":1,"version":"1.4"}} 
 </msg>
<msg time="2024-06-11T19:12:42.216115" level="INFO">/opt/hostedtoolcache/Python/3.12.3/x64/lib/python3.12/site-packages/urllib3/connectionpool.py:1103: InsecureRequestWarning: Unverified HTTPS request is being made to host 'randomuser.me'. Adding certificate verification is strongly advised. See: https://urllib3.readthedocs.io/en/latest/advanced-usage.html#tls-warnings
  warnings.warn(</msg>
<msg time="2024-06-11T19:12:42.216254" level="INFO">${response} = &lt;Response [200]&gt;</msg>
<var>${response}</var>
<arg>consultarAPI</arg>
<arg>/api</arg>
<doc>Sends a GET request on a previously created HTTP Session.</doc>
<status status="PASS" start="2024-06-11T19:12:42.027195" elapsed="0.189098"/>
</kw>
<kw name="Should Be Equal As Numbers" owner="BuiltIn">
<msg time="2024-06-11T19:12:42.217246" level="INFO">Argument types are:
&lt;class 'int'&gt;
&lt;class 'str'&gt;</msg>
<arg>${response.status_code}</arg>
<arg>200</arg>
<doc>Fails if objects are unequal after converting them to real numbers.</doc>
<status status="PASS" start="2024-06-11T19:12:42.216784" elapsed="0.000567"/>
</kw>
<kw name="Log" owner="BuiltIn">
<msg time="2024-06-11T19:12:42.218038" level="INFO">200</msg>
<arg>${response.status_code}</arg>
<doc>Logs the given message with the given level.</doc>
<status status="PASS" start="2024-06-11T19:12:42.217697" elapsed="0.000390"/>
</kw>
<kw name="Set Variable" owner="BuiltIn">
<msg time="2024-06-11T19:12:42.218820" level="INFO">${json_data} = {'results': [{'gender': 'male', 'name': {'title': 'Mr', 'first': 'Sandro', 'last': 'Viana'}, 'location': {'street': {'number': 3375, 'name': 'Rua Vinte E Dois '}, 'city': 'Uruguaiana', 'state': 'Rio d...</msg>
<var>${json_data}</var>
<arg>${response.json()}</arg>
<doc>Returns the given values which can then be assigned to a variables.</doc>
<status status="PASS" start="2024-06-11T19:12:42.218391" elapsed="0.000457"/>
</kw>
<kw name="Dictionary Should Contain Key" owner="Collections">
<arg>${json_data}</arg>
<arg>results</arg>
<doc>Fails if ``key`` is not found from ``dictionary``.</doc>
<status status="PASS" start="2024-06-11T19:12:42.219144" elapsed="0.000161"/>
</kw>
<status status="PASS" start="2024-06-11T19:12:42.026820" elapsed="0.192626"/>
</kw>
<doc>Testa se a API responde corretamente e retorna um objeto JSON válido.</doc>
<tag>testeRequisicaoBasica</tag>
<status status="PASS" start="2024-06-11T19:12:42.026148" elapsed="0.193454"/>
</test>
<test id="s1-s1-t3" name="Validar estrutura de resposta" line="22">
<kw name="Teste de Estrutura de Resposta" owner="random-user-service">
<kw name="GET On Session" owner="RequestsLibrary">
<msg time="2024-06-11T19:12:42.317181" level="INFO">GET Request : url=https://randomuser.me/api 
 path_url=/api 
 headers={'User-Agent': 'python-requests/2.32.3', 'Accept-Encoding': 'gzip, deflate', 'Accept': '*/*', 'Connection': 'keep-alive'} 
 body=None 
 </msg>
<msg time="2024-06-11T19:12:42.317261" level="INFO">GET Response : url=https://randomuser.me/api 
 status=200, reason=OK 
 headers={'Date': 'Tue, 11 Jun 2024 19:12:42 GMT', 'Content-Type': 'application/json; charset=utf-8', 'Transfer-Encoding': 'chunked', 'Connection': 'keep-alive', 'X-Powered-By': 'Express', 'Access-Control-Allow-Origin': '*', 'Cache-Control': 'no-cache', 'ETag': 'W/"48d-xih+SaI0KCNMj3vEXPY7bDQlivk"', 'Vary': 'Accept-Encoding', 'Content-Encoding': 'gzip', 'CF-Cache-Status': 'DYNAMIC', 'Report-To': '{"endpoints":[{"url":"https:\\/\\/a.nel.cloudflare.com\\/report\\/v4?s=OuGqO1e9aIlLVYQY407kkboVaFc%2F9UEuhhSSCsLqYVHxZZSr2Nlf4wE9KKGRhIM6pbuVR67MaBIJt8J9AvD9zwK%2BtWC4x7MHuJkz8d19owp3foXj4urtSWIQVraKJYN6"}],"group":"cf-nel","max_age":604800}', 'NEL': '{"success_fraction":0,"report_to":"cf-nel","max_age":604800}', 'Server': 'cloudflare', 'CF-RAY': '8923ea07e8a522eb-ORD', 'alt-svc': 'h3=":443"; ma=86400'} 
 body={"results":[{"gender":"female","name":{"title":"Ms","first":"Vassa","last":"Krupa"},"location":{"street":{"number":5297,"name":"Borispilske shose"},"city":"Zolote","state":"Zakarpatska","country":"Ukraine","postcode":19841,"coordinates":{"latitude":"79.5104","longitude":"36.9872"},"timezone":{"offset":"+9:00","description":"Tokyo, Seoul, Osaka, Sapporo, Yakutsk"}},"email":"vassa.krupa@example.com","login":{"uuid":"27dd8154-1f2c-4302-9bec-5b7fac12081e","username":"silverfrog768","password":"timber","salt":"8iWoaluR","md5":"654925e3ff46a56f91d0ad1b0cd87430","sha1":"e9aa4f12c158c985a54a2edd4123d92caffbd6ee","sha256":"66d2c07f7221a5a7caa3bc193c57a1cdd9b2488ca4814940e93dad17ec016a34"},"dob":{"date":"1970-08-04T02:43:50.630Z","age":53},"registered":{"date":"2021-10-21T11:15:06.170Z","age":2},"phone":"(098) C10-5086","cell":"(067) B75-5349","id":{"name":"","value":null},"picture":{"large":"https://randomuser.me/api/portraits/women/61.jpg","medium":"https://randomuser.me/api/portraits/med/women/61.jpg","thumbnail":"https://randomuser.me/api/portraits/thumb/women/61.jpg"},"nat":"UA"}],"info":{"seed":"ca3a40cd0a26e104","results":1,"page":1,"version":"1.4"}} 
 </msg>
<msg time="2024-06-11T19:12:42.317411" level="INFO">/opt/hostedtoolcache/Python/3.12.3/x64/lib/python3.12/site-packages/urllib3/connectionpool.py:1103: InsecureRequestWarning: Unverified HTTPS request is being made to host 'randomuser.me'. Adding certificate verification is strongly advised. See: https://urllib3.readthedocs.io/en/latest/advanced-usage.html#tls-warnings
  warnings.warn(</msg>
<msg time="2024-06-11T19:12:42.317506" level="INFO">${response} = &lt;Response [200]&gt;</msg>
<var>${response}</var>
<arg>consultarAPI</arg>
<arg>/api</arg>
<doc>Sends a GET request on a previously created HTTP Session.</doc>
<status status="PASS" start="2024-06-11T19:12:42.222323" elapsed="0.095225"/>
</kw>
<kw name="Set Variable" owner="BuiltIn">
<msg time="2024-06-11T19:12:42.318563" level="INFO">${json_data} = {'results': [{'gender': 'female', 'name': {'title': 'Ms', 'first': 'Vassa', 'last': 'Krupa'}, 'location': {'street': {'number': 5297, 'name': 'Borispilske shose'}, 'city': 'Zolote', 'state': 'Zakarpat...</msg>
<var>${json_data}</var>
<arg>${response.json()}</arg>
<doc>Returns the given values which can then be assigned to a variables.</doc>
<status status="PASS" start="2024-06-11T19:12:42.317999" elapsed="0.000594"/>
</kw>
<kw name="Log" owner="BuiltIn">
<msg time="2024-06-11T19:12:42.319057" level="INFO">{'results': [{'gender': 'female', 'name': {'title': 'Ms', 'first': 'Vassa', 'last': 'Krupa'}, 'location': {'street': {'number': 5297, 'name': 'Borispilske shose'}, 'city': 'Zolote', 'state': 'Zakarpatska', 'country': 'Ukraine', 'postcode': 19841, 'coordinates': {'latitude': '79.5104', 'longitude': '36.9872'}, 'timezone': {'offset': '+9:00', 'description': 'Tokyo, Seoul, Osaka, Sapporo, Yakutsk'}}, 'email': 'vassa.krupa@example.com', 'login': {'uuid': '27dd8154-1f2c-4302-9bec-5b7fac12081e', 'username': 'silverfrog768', 'password': 'timber', 'salt': '8iWoaluR', 'md5': '654925e3ff46a56f91d0ad1b0cd87430', 'sha1': 'e9aa4f12c158c985a54a2edd4123d92caffbd6ee', 'sha256': '66d2c07f7221a5a7caa3bc193c57a1cdd9b2488ca4814940e93dad17ec016a34'}, 'dob': {'date': '1970-08-04T02:43:50.630Z', 'age': 53}, 'registered': {'date': '2021-10-21T11:15:06.170Z', 'age': 2}, 'phone': '(098) C10-5086', 'cell': '(067) B75-5349', 'id': {'name': '', 'value': None}, 'picture': {'large': 'https://randomuser.me/api/portraits/women/61.jpg', 'medium': 'https://randomuser.me/api/portraits/med/women/61.jpg', 'thumbnail': 'https://randomuser.me/api/portraits/thumb/women/61.jpg'}, 'nat': 'UA'}], 'info': {'seed': 'ca3a40cd0a26e104', 'results': 1, 'page': 1, 'version': '1.4'}}</msg>
<arg>${json_data}</arg>
<doc>Logs the given message with the given level.</doc>
<status status="PASS" start="2024-06-11T19:12:42.318902" elapsed="0.000202"/>
</kw>
<kw name="Dictionary Should Contain Key" owner="Collections">
<arg>${json_data}</arg>
<arg>results</arg>
<doc>Fails if ``key`` is not found from ``dictionary``.</doc>
<status status="PASS" start="2024-06-11T19:12:42.319400" elapsed="0.000153"/>
</kw>
<kw name="Should Not Be Empty" owner="BuiltIn">
<msg time="2024-06-11T19:12:42.319864" level="INFO">Length is 2.</msg>
<arg>${json_data}</arg>
<doc>Verifies that the given item is not empty.</doc>
<status status="PASS" start="2024-06-11T19:12:42.319740" elapsed="0.000162"/>
</kw>
<kw name="Create List" owner="BuiltIn">
<msg time="2024-06-11T19:12:42.320335" level="INFO">${expected_keys} = ['gender', 'name', 'location', 'email', 'login']</msg>
<var>${expected_keys}</var>
<arg>gender</arg>
<arg>name</arg>
<arg>location</arg>
<arg>email</arg>
<arg>login</arg>
<doc>Returns a list containing given items.</doc>
<status status="PASS" start="2024-06-11T19:12:42.320189" elapsed="0.000170"/>
</kw>
<for flavor="IN">
<iter>
<kw name="Dictionary Should Contain Key" owner="Collections">
<arg>${json_data['results'][0]}</arg>
<arg>${key}</arg>
<doc>Fails if ``key`` is not found from ``dictionary``.</doc>
<status status="PASS" start="2024-06-11T19:12:42.320916" elapsed="0.000429"/>
</kw>
<kw name="Log" owner="BuiltIn">
<msg time="2024-06-11T19:12:42.321911" level="INFO">{'gender': 'female', 'name': {'title': 'Ms', 'first': 'Vassa', 'last': 'Krupa'}, 'location': {'street': {'number': 5297, 'name': 'Borispilske shose'}, 'city': 'Zolote', 'state': 'Zakarpatska', 'country': 'Ukraine', 'postcode': 19841, 'coordinates': {'latitude': '79.5104', 'longitude': '36.9872'}, 'timezone': {'offset': '+9:00', 'description': 'Tokyo, Seoul, Osaka, Sapporo, Yakutsk'}}, 'email': 'vassa.krupa@example.com', 'login': {'uuid': '27dd8154-1f2c-4302-9bec-5b7fac12081e', 'username': 'silverfrog768', 'password': 'timber', 'salt': '8iWoaluR', 'md5': '654925e3ff46a56f91d0ad1b0cd87430', 'sha1': 'e9aa4f12c158c985a54a2edd4123d92caffbd6ee', 'sha256': '66d2c07f7221a5a7caa3bc193c57a1cdd9b2488ca4814940e93dad17ec016a34'}, 'dob': {'date': '1970-08-04T02:43:50.630Z', 'age': 53}, 'registered': {'date': '2021-10-21T11:15:06.170Z', 'age': 2}, 'phone': '(098) C10-5086', 'cell': '(067) B75-5349', 'id': {'name': '', 'value': None}, 'picture': {'large': 'https://randomuser.me/api/portraits/women/61.jpg', 'medium': 'https://randomuser.me/api/portraits/med/women/61.jpg', 'thumbnail': 'https://randomuser.me/api/portraits/thumb/women/61.jpg'}, 'nat': 'UA'}</msg>
<arg>${json_data['results'][0]}</arg>
<doc>Logs the given message with the given level.</doc>
<status status="PASS" start="2024-06-11T19:12:42.321545" elapsed="0.000415"/>
</kw>
<kw name="Log" owner="BuiltIn">
<msg time="2024-06-11T19:12:42.322389" level="INFO">gender</msg>
<arg>${key}</arg>
<doc>Logs the given message with the given level.</doc>
<status status="PASS" start="2024-06-11T19:12:42.322259" elapsed="0.000168"/>
</kw>
<var name="${key}">gender</var>
<status status="PASS" start="2024-06-11T19:12:42.320793" elapsed="0.001857"/>
</iter>
<iter>
<kw name="Dictionary Should Contain Key" owner="Collections">
<arg>${json_data['results'][0]}</arg>
<arg>${key}</arg>
<doc>Fails if ``key`` is not found from ``dictionary``.</doc>
<status status="PASS" start="2024-06-11T19:12:42.322951" elapsed="0.000385"/>
</kw>
<kw name="Log" owner="BuiltIn">
<msg time="2024-06-11T19:12:42.323867" level="INFO">{'gender': 'female', 'name': {'title': 'Ms', 'first': 'Vassa', 'last': 'Krupa'}, 'location': {'street': {'number': 5297, 'name': 'Borispilske shose'}, 'city': 'Zolote', 'state': 'Zakarpatska', 'country': 'Ukraine', 'postcode': 19841, 'coordinates': {'latitude': '79.5104', 'longitude': '36.9872'}, 'timezone': {'offset': '+9:00', 'description': 'Tokyo, Seoul, Osaka, Sapporo, Yakutsk'}}, 'email': 'vassa.krupa@example.com', 'login': {'uuid': '27dd8154-1f2c-4302-9bec-5b7fac12081e', 'username': 'silverfrog768', 'password': 'timber', 'salt': '8iWoaluR', 'md5': '654925e3ff46a56f91d0ad1b0cd87430', 'sha1': 'e9aa4f12c158c985a54a2edd4123d92caffbd6ee', 'sha256': '66d2c07f7221a5a7caa3bc193c57a1cdd9b2488ca4814940e93dad17ec016a34'}, 'dob': {'date': '1970-08-04T02:43:50.630Z', 'age': 53}, 'registered': {'date': '2021-10-21T11:15:06.170Z', 'age': 2}, 'phone': '(098) C10-5086', 'cell': '(067) B75-5349', 'id': {'name': '', 'value': None}, 'picture': {'large': 'https://randomuser.me/api/portraits/women/61.jpg', 'medium': 'https://randomuser.me/api/portraits/med/women/61.jpg', 'thumbnail': 'https://randomuser.me/api/portraits/thumb/women/61.jpg'}, 'nat': 'UA'}</msg>
<arg>${json_data['results'][0]}</arg>
<doc>Logs the given message with the given level.</doc>
<status status="PASS" start="2024-06-11T19:12:42.323521" elapsed="0.000428"/>
</kw>
<kw name="Log" owner="BuiltIn">
<msg time="2024-06-11T19:12:42.324383" level="INFO">name</msg>
<arg>${key}</arg>
<doc>Logs the given message with the given level.</doc>
<status status="PASS" start="2024-06-11T19:12:42.324250" elapsed="0.000171"/>
</kw>
<var name="${key}">name</var>
<status status="PASS" start="2024-06-11T19:12:42.322838" elapsed="0.001801"/>
</iter>
<iter>
<kw name="Dictionary Should Contain Key" owner="Collections">
<arg>${json_data['results'][0]}</arg>
<arg>${key}</arg>
<doc>Fails if ``key`` is not found from ``dictionary``.</doc>
<status status="PASS" start="2024-06-11T19:12:42.324928" elapsed="0.000402"/>
</kw>
<kw name="Log" owner="BuiltIn">
<msg time="2024-06-11T19:12:42.325883" level="INFO">{'gender': 'female', 'name': {'title': 'Ms', 'first': 'Vassa', 'last': 'Krupa'}, 'location': {'street': {'number': 5297, 'name': 'Borispilske shose'}, 'city': 'Zolote', 'state': 'Zakarpatska', 'country': 'Ukraine', 'postcode': 19841, 'coordinates': {'latitude': '79.5104', 'longitude': '36.9872'}, 'timezone': {'offset': '+9:00', 'description': 'Tokyo, Seoul, Osaka, Sapporo, Yakutsk'}}, 'email': 'vassa.krupa@example.com', 'login': {'uuid': '27dd8154-1f2c-4302-9bec-5b7fac12081e', 'username': 'silverfrog768', 'password': 'timber', 'salt': '8iWoaluR', 'md5': '654925e3ff46a56f91d0ad1b0cd87430', 'sha1': 'e9aa4f12c158c985a54a2edd4123d92caffbd6ee', 'sha256': '66d2c07f7221a5a7caa3bc193c57a1cdd9b2488ca4814940e93dad17ec016a34'}, 'dob': {'date': '1970-08-04T02:43:50.630Z', 'age': 53}, 'registered': {'date': '2021-10-21T11:15:06.170Z', 'age': 2}, 'phone': '(098) C10-5086', 'cell': '(067) B75-5349', 'id': {'name': '', 'value': None}, 'picture': {'large': 'https://randomuser.me/api/portraits/women/61.jpg', 'medium': 'https://randomuser.me/api/portraits/med/women/61.jpg', 'thumbnail': 'https://randomuser.me/api/portraits/thumb/women/61.jpg'}, 'nat': 'UA'}</msg>
<arg>${json_data['results'][0]}</arg>
<doc>Logs the given message with the given level.</doc>
<status status="PASS" start="2024-06-11T19:12:42.325522" elapsed="0.000409"/>
</kw>
<kw name="Log" owner="BuiltIn">
<msg time="2024-06-11T19:12:42.326349" level="INFO">location</msg>
<arg>${key}</arg>
<doc>Logs the given message with the given level.</doc>
<status status="PASS" start="2024-06-11T19:12:42.326224" elapsed="0.000161"/>
</kw>
<var name="${key}">location</var>
<status status="PASS" start="2024-06-11T19:12:42.324819" elapsed="0.001788"/>
</iter>
<iter>
<kw name="Dictionary Should Contain Key" owner="Collections">
<arg>${json_data['results'][0]}</arg>
<arg>${key}</arg>
<doc>Fails if ``key`` is not found from ``dictionary``.</doc>
<status status="PASS" start="2024-06-11T19:12:42.326889" elapsed="0.000377"/>
</kw>
<kw name="Log" owner="BuiltIn">
<msg time="2024-06-11T19:12:42.327794" level="INFO">{'gender': 'female', 'name': {'title': 'Ms', 'first': 'Vassa', 'last': 'Krupa'}, 'location': {'street': {'number': 5297, 'name': 'Borispilske shose'}, 'city': 'Zolote', 'state': 'Zakarpatska', 'country': 'Ukraine', 'postcode': 19841, 'coordinates': {'latitude': '79.5104', 'longitude': '36.9872'}, 'timezone': {'offset': '+9:00', 'description': 'Tokyo, Seoul, Osaka, Sapporo, Yakutsk'}}, 'email': 'vassa.krupa@example.com', 'login': {'uuid': '27dd8154-1f2c-4302-9bec-5b7fac12081e', 'username': 'silverfrog768', 'password': 'timber', 'salt': '8iWoaluR', 'md5': '654925e3ff46a56f91d0ad1b0cd87430', 'sha1': 'e9aa4f12c158c985a54a2edd4123d92caffbd6ee', 'sha256': '66d2c07f7221a5a7caa3bc193c57a1cdd9b2488ca4814940e93dad17ec016a34'}, 'dob': {'date': '1970-08-04T02:43:50.630Z', 'age': 53}, 'registered': {'date': '2021-10-21T11:15:06.170Z', 'age': 2}, 'phone': '(098) C10-5086', 'cell': '(067) B75-5349', 'id': {'name': '', 'value': None}, 'picture': {'large': 'https://randomuser.me/api/portraits/women/61.jpg', 'medium': 'https://randomuser.me/api/portraits/med/women/61.jpg', 'thumbnail': 'https://randomuser.me/api/portraits/thumb/women/61.jpg'}, 'nat': 'UA'}</msg>
<arg>${json_data['results'][0]}</arg>
<doc>Logs the given message with the given level.</doc>
<status status="PASS" start="2024-06-11T19:12:42.327446" elapsed="0.000396"/>
</kw>
<kw name="Log" owner="BuiltIn">
<msg time="2024-06-11T19:12:42.328265" level="INFO">email</msg>
<arg>${key}</arg>
<doc>Logs the given message with the given level.</doc>
<status status="PASS" start="2024-06-11T19:12:42.328138" elapsed="0.000165"/>
</kw>
<var name="${key}">email</var>
<status status="PASS" start="2024-06-11T19:12:42.326779" elapsed="0.001737"/>
</iter>
<iter>
<kw name="Dictionary Should Contain Key" owner="Collections">
<arg>${json_data['results'][0]}</arg>
<arg>${key}</arg>
<doc>Fails if ``key`` is not found from ``dictionary``.</doc>
<status status="PASS" start="2024-06-11T19:12:42.328797" elapsed="0.000383"/>
</kw>
<kw name="Log" owner="BuiltIn">
<msg time="2024-06-11T19:12:42.329748" level="INFO">{'gender': 'female', 'name': {'title': 'Ms', 'first': 'Vassa', 'last': 'Krupa'}, 'location': {'street': {'number': 5297, 'name': 'Borispilske shose'}, 'city': 'Zolote', 'state': 'Zakarpatska', 'country': 'Ukraine', 'postcode': 19841, 'coordinates': {'latitude': '79.5104', 'longitude': '36.9872'}, 'timezone': {'offset': '+9:00', 'description': 'Tokyo, Seoul, Osaka, Sapporo, Yakutsk'}}, 'email': 'vassa.krupa@example.com', 'login': {'uuid': '27dd8154-1f2c-4302-9bec-5b7fac12081e', 'username': 'silverfrog768', 'password': 'timber', 'salt': '8iWoaluR', 'md5': '654925e3ff46a56f91d0ad1b0cd87430', 'sha1': 'e9aa4f12c158c985a54a2edd4123d92caffbd6ee', 'sha256': '66d2c07f7221a5a7caa3bc193c57a1cdd9b2488ca4814940e93dad17ec016a34'}, 'dob': {'date': '1970-08-04T02:43:50.630Z', 'age': 53}, 'registered': {'date': '2021-10-21T11:15:06.170Z', 'age': 2}, 'phone': '(098) C10-5086', 'cell': '(067) B75-5349', 'id': {'name': '', 'value': None}, 'picture': {'large': 'https://randomuser.me/api/portraits/women/61.jpg', 'medium': 'https://randomuser.me/api/portraits/med/women/61.jpg', 'thumbnail': 'https://randomuser.me/api/portraits/thumb/women/61.jpg'}, 'nat': 'UA'}</msg>
<arg>${json_data['results'][0]}</arg>
<doc>Logs the given message with the given level.</doc>
<status status="PASS" start="2024-06-11T19:12:42.329399" elapsed="0.000405"/>
</kw>
<kw name="Log" owner="BuiltIn">
<msg time="2024-06-11T19:12:42.330327" level="INFO">login</msg>
<arg>${key}</arg>
<doc>Logs the given message with the given level.</doc>
<status status="PASS" start="2024-06-11T19:12:42.330099" elapsed="0.000266"/>
</kw>
<var name="${key}">login</var>
<status status="PASS" start="2024-06-11T19:12:42.328687" elapsed="0.001897"/>
</iter>
<var>${key}</var>
<value>@{expected_keys}</value>
<status status="PASS" start="2024-06-11T19:12:42.320616" elapsed="0.010088"/>
</for>
<kw name="Create List" owner="BuiltIn">
<msg time="2024-06-11T19:12:42.331026" level="INFO">${expected_keysTwo} = ['username', 'password']</msg>
<var>${expected_keysTwo}</var>
<arg>username</arg>
<arg>password</arg>
<doc>Returns a list containing given items.</doc>
<status status="PASS" start="2024-06-11T19:12:42.330891" elapsed="0.000187"/>
</kw>
<for flavor="IN">
<iter>
<kw name="Dictionary Should Contain Key" owner="Collections">
<arg>${json_data['results'][0]['login']}</arg>
<arg>${keyTwo}</arg>
<doc>Fails if ``key`` is not found from ``dictionary``.</doc>
<status status="PASS" start="2024-06-11T19:12:42.331587" elapsed="0.000379"/>
</kw>
<kw name="Dictionary Should Contain Key" owner="Collections">
<arg>${json_data['results'][0]['login']}</arg>
<arg>${keyTwo}</arg>
<doc>Fails if ``key`` is not found from ``dictionary``.</doc>
<status status="PASS" start="2024-06-11T19:12:42.332149" elapsed="0.000374"/>
</kw>
<kw name="Log" owner="BuiltIn">
<msg time="2024-06-11T19:12:42.332822" level="INFO">username</msg>
<arg>${keyTwo}</arg>
<doc>Logs the given message with the given level.</doc>
<status status="PASS" start="2024-06-11T19:12:42.332702" elapsed="0.000156"/>
</kw>
<var name="${keyTwo}">username</var>
<status status="PASS" start="2024-06-11T19:12:42.331477" elapsed="0.001616"/>
</iter>
<iter>
<kw name="Dictionary Should Contain Key" owner="Collections">
<arg>${json_data['results'][0]['login']}</arg>
<arg>${keyTwo}</arg>
<doc>Fails if ``key`` is not found from ``dictionary``.</doc>
<status status="PASS" start="2024-06-11T19:12:42.333420" elapsed="0.000400"/>
</kw>
<kw name="Dictionary Should Contain Key" owner="Collections">
<arg>${json_data['results'][0]['login']}</arg>
<arg>${keyTwo}</arg>
<doc>Fails if ``key`` is not found from ``dictionary``.</doc>
<status status="PASS" start="2024-06-11T19:12:42.334003" elapsed="0.000409"/>
</kw>
<kw name="Log" owner="BuiltIn">
<msg time="2024-06-11T19:12:42.334718" level="INFO">password</msg>
<arg>${keyTwo}</arg>
<doc>Logs the given message with the given level.</doc>
<status status="PASS" start="2024-06-11T19:12:42.334595" elapsed="0.000159"/>
</kw>
<var name="${keyTwo}">password</var>
<status status="PASS" start="2024-06-11T19:12:42.333280" elapsed="0.001697"/>
</iter>
<var>${keyTwo}</var>
<value>@{expected_keysTwo}</value>
<status status="PASS" start="2024-06-11T19:12:42.331323" elapsed="0.003777"/>
</for>
<status status="PASS" start="2024-06-11T19:12:42.222095" elapsed="0.113143"/>
</kw>
<doc>Testa a estrutura da resposta da API.</doc>
<tag>testeEstruturaResposta</tag>
<status status="PASS" start="2024-06-11T19:12:42.221394" elapsed="0.113991"/>
</test>
<test id="s1-s1-t4" name="Validar tipos de dados" line="28">
<kw name="Teste de Tipos de Dados" owner="random-user-service">
<kw name="GET On Session" owner="RequestsLibrary">
<msg time="2024-06-11T19:12:42.435397" level="INFO">GET Request : url=https://randomuser.me/api 
 path_url=/api 
 headers={'User-Agent': 'python-requests/2.32.3', 'Accept-Encoding': 'gzip, deflate', 'Accept': '*/*', 'Connection': 'keep-alive'} 
 body=None 
 </msg>
<msg time="2024-06-11T19:12:42.435473" level="INFO">GET Response : url=https://randomuser.me/api 
 status=200, reason=OK 
 headers={'Date': 'Tue, 11 Jun 2024 19:12:42 GMT', 'Content-Type': 'application/json; charset=utf-8', 'Transfer-Encoding': 'chunked', 'Connection': 'keep-alive', 'X-Powered-By': 'Express', 'Access-Control-Allow-Origin': '*', 'Cache-Control': 'no-cache', 'ETag': 'W/"487-Dgnsz9iiOMz+xmDVhm6+Fr/JHrM"', 'Vary': 'Accept-Encoding', 'Content-Encoding': 'gzip', 'CF-Cache-Status': 'DYNAMIC', 'Report-To': '{"endpoints":[{"url":"https:\\/\\/a.nel.cloudflare.com\\/report\\/v4?s=S1yHYjCFuZEpgRjdMvt12kL3tijOeMxUQwgVtdwRtgGKJld23mQRmWS4FJpa2ozgqMV0RBiZDf%2FkOqzTCtAQerbh0YDhAcPr8s6BEm3rIDmgnwReEKDQEi6EwPYFQUcT"}],"group":"cf-nel","max_age":604800}', 'NEL': '{"success_fraction":0,"report_to":"cf-nel","max_age":604800}', 'Server': 'cloudflare', 'CF-RAY': '8923ea08a9c422eb-ORD', 'alt-svc': 'h3=":443"; ma=86400'} 
 body={"results":[{"gender":"male","name":{"title":"Mr","first":"Gaurav","last":"Bhardwaj"},"location":{"street":{"number":1418,"name":"Carter Rd Promenade"},"city":"Khammam","state":"Punjab","country":"India","postcode":26199,"coordinates":{"latitude":"9.9870","longitude":"-17.9099"},"timezone":{"offset":"+2:00","description":"Kaliningrad, South Africa"}},"email":"gaurav.bhardwaj@example.com","login":{"uuid":"628227c2-b6a8-46d4-8586-a1ba6a0c2efc","username":"orangegoose685","password":"farscape","salt":"TzNFxZsW","md5":"757e0e0a55ed43c8a74d35136c970ee2","sha1":"bbded80188a017d6dcb1ee6b3368f78b35d195b9","sha256":"d948cefd23fb696ce792c948ec0e2f7dde37073920a5798f39e4792417c8698a"},"dob":{"date":"1950-05-19T20:47:34.809Z","age":74},"registered":{"date":"2017-03-27T10:58:36.413Z","age":7},"phone":"8607189723","cell":"9072188306","id":{"name":"UIDAI","value":"285674841075"},"picture":{"large":"https://randomuser.me/api/portraits/men/63.jpg","medium":"https://randomuser.me/api/portraits/med/men/63.jpg","thumbnail":"https://randomuser.me/api/portraits/thumb/men/63.jpg"},"nat":"IN"}],"info":{"seed":"e0ecf2b0e51285fb","results":1,"page":1,"version":"1.4"}} 
 </msg>
<msg time="2024-06-11T19:12:42.435540" level="INFO">/opt/hostedtoolcache/Python/3.12.3/x64/lib/python3.12/site-packages/urllib3/connectionpool.py:1103: InsecureRequestWarning: Unverified HTTPS request is being made to host 'randomuser.me'. Adding certificate verification is strongly advised. See: https://urllib3.readthedocs.io/en/latest/advanced-usage.html#tls-warnings
  warnings.warn(</msg>
<msg time="2024-06-11T19:12:42.435647" level="INFO">${response} = &lt;Response [200]&gt;</msg>
<var>${response}</var>
<arg>consultarAPI</arg>
<arg>/api</arg>
<doc>Sends a GET request on a previously created HTTP Session.</doc>
<status status="PASS" start="2024-06-11T19:12:42.337863" elapsed="0.097833"/>
</kw>
<kw name="Set Variable" owner="BuiltIn">
<msg time="2024-06-11T19:12:42.436855" level="INFO">${json_data} = {'results': [{'gender': 'male', 'name': {'title': 'Mr', 'first': 'Gaurav', 'last': 'Bhardwaj'}, 'location': {'street': {'number': 1418, 'name': 'Carter Rd Promenade'}, 'city': 'Khammam', 'state': 'Pun...</msg>
<var>${json_data}</var>
<arg>${response.json()}</arg>
<doc>Returns the given values which can then be assigned to a variables.</doc>
<status status="PASS" start="2024-06-11T19:12:42.436263" elapsed="0.000621"/>
</kw>
<kw name="Log" owner="BuiltIn">
<msg time="2024-06-11T19:12:42.437386" level="INFO">{'results': [{'gender': 'male', 'name': {'title': 'Mr', 'first': 'Gaurav', 'last': 'Bhardwaj'}, 'location': {'street': {'number': 1418, 'name': 'Carter Rd Promenade'}, 'city': 'Khammam', 'state': 'Punjab', 'country': 'India', 'postcode': 26199, 'coordinates': {'latitude': '9.9870', 'longitude': '-17.9099'}, 'timezone': {'offset': '+2:00', 'description': 'Kaliningrad, South Africa'}}, 'email': 'gaurav.bhardwaj@example.com', 'login': {'uuid': '628227c2-b6a8-46d4-8586-a1ba6a0c2efc', 'username': 'orangegoose685', 'password': 'farscape', 'salt': 'TzNFxZsW', 'md5': '757e0e0a55ed43c8a74d35136c970ee2', 'sha1': 'bbded80188a017d6dcb1ee6b3368f78b35d195b9', 'sha256': 'd948cefd23fb696ce792c948ec0e2f7dde37073920a5798f39e4792417c8698a'}, 'dob': {'date': '1950-05-19T20:47:34.809Z', 'age': 74}, 'registered': {'date': '2017-03-27T10:58:36.413Z', 'age': 7}, 'phone': '8607189723', 'cell': '9072188306', 'id': {'name': 'UIDAI', 'value': '285674841075'}, 'picture': {'large': 'https://randomuser.me/api/portraits/men/63.jpg', 'medium': 'https://randomuser.me/api/portraits/med/men/63.jpg', 'thumbnail': 'https://randomuser.me/api/portraits/thumb/men/63.jpg'}, 'nat': 'IN'}], 'info': {'seed': 'e0ecf2b0e51285fb', 'results': 1, 'page': 1, 'version': '1.4'}}</msg>
<arg>${json_data}</arg>
<doc>Logs the given message with the given level.</doc>
<status status="PASS" start="2024-06-11T19:12:42.437192" elapsed="0.000243"/>
</kw>
<kw name="Should Be String" owner="String">
<arg>${json_data['results'][0]['gender']}</arg>
<doc>Fails if the given ``item`` is not a string.</doc>
<status status="PASS" start="2024-06-11T19:12:42.437734" elapsed="0.000358"/>
</kw>
<kw name="Should Match Regexp" owner="BuiltIn">
<arg>${json_data['results'][0]['email']}</arg>
<arg>^[a-zA-Z0-9._%+-]+@[a-zA-Z0-9.-]+\.[a-zA-Z]{2,}$</arg>
<doc>Fails if ``string`` does not match ``pattern`` as a regular expression.</doc>
<status status="PASS" start="2024-06-11T19:12:42.438280" elapsed="0.000498"/>
</kw>
<kw name="Should Match Regexp" owner="BuiltIn">
<arg>${json_data['results'][0]['dob']['date']}</arg>
<arg>\\d{4}-\\d{2}-\\d{2}T\\d{2}:\\d{2}:\\d{2}\\.\\d{3}Z</arg>
<doc>Fails if ``string`` does not match ``pattern`` as a regular expression.</doc>
<status status="PASS" start="2024-06-11T19:12:42.439009" elapsed="0.000493"/>
</kw>
<kw name="Should Match Regexp" owner="BuiltIn">
<arg>${json_data['results'][0]['registered']['date']}</arg>
<arg>\\d{4}-\\d{2}-\\d{2}T\\d{2}:\\d{2}:\\d{2}\\.\\d{3}Z</arg>
<doc>Fails if ``string`` does not match ``pattern`` as a regular expression.</doc>
<status status="PASS" start="2024-06-11T19:12:42.439691" elapsed="0.000360"/>
</kw>
<kw name="Should Match Regexp" owner="BuiltIn">
<arg>${json_data['results'][0]['picture']['large']}</arg>
<arg>^https?://.*\.(?:png|jpe?g|gif|bmp)$</arg>
<doc>Fails if ``string`` does not match ``pattern`` as a regular expression.</doc>
<status status="PASS" start="2024-06-11T19:12:42.440236" elapsed="0.000450"/>
</kw>
<kw name="Should Match Regexp" owner="BuiltIn">
<arg>${json_data['results'][0]['picture']['medium']}</arg>
<arg>^https?://.*\.(?:png|jpe?g|gif|bmp)$</arg>
<doc>Fails if ``string`` does not match ``pattern`` as a regular expression.</doc>
<status status="PASS" start="2024-06-11T19:12:42.440877" elapsed="0.000347"/>
</kw>
<kw name="Should Match Regexp" owner="BuiltIn">
<arg>${json_data['results'][0]['picture']['thumbnail']}</arg>
<arg>^https?://.*\.(?:png|jpe?g|gif|bmp)$</arg>
<doc>Fails if ``string`` does not match ``pattern`` as a regular expression.</doc>
<status status="PASS" start="2024-06-11T19:12:42.441466" elapsed="0.000358"/>
</kw>
<kw name="Log" owner="BuiltIn">
<msg time="2024-06-11T19:12:42.442331" level="INFO">{'large': 'https://randomuser.me/api/portraits/men/63.jpg', 'medium': 'https://randomuser.me/api/portraits/med/men/63.jpg', 'thumbnail': 'https://randomuser.me/api/portraits/thumb/men/63.jpg'}</msg>
<arg>${json_data['results'][0]['picture']}</arg>
<doc>Logs the given message with the given level.</doc>
<status status="PASS" start="2024-06-11T19:12:42.442008" elapsed="0.000365"/>
</kw>
<status status="PASS" start="2024-06-11T19:12:42.337638" elapsed="0.104988"/>
</kw>
<kw name="Teste de Tipos de Dados - Postcode" owner="random-user-service">
<kw name="GET On Session" owner="RequestsLibrary">
<msg time="2024-06-11T19:12:42.528256" level="INFO">GET Request : url=https://randomuser.me/api 
 path_url=/api 
 headers={'User-Agent': 'python-requests/2.32.3', 'Accept-Encoding': 'gzip, deflate', 'Accept': '*/*', 'Connection': 'keep-alive'} 
 body=None 
 </msg>
<msg time="2024-06-11T19:12:42.528330" level="INFO">GET Response : url=https://randomuser.me/api 
 status=200, reason=OK 
 headers={'Date': 'Tue, 11 Jun 2024 19:12:42 GMT', 'Content-Type': 'application/json; charset=utf-8', 'Transfer-Encoding': 'chunked', 'Connection': 'keep-alive', 'X-Powered-By': 'Express', 'Access-Control-Allow-Origin': '*', 'Cache-Control': 'no-cache', 'ETag': 'W/"4a4-qoIZCbcsHbJIpw0y9QPMaUJkzZ8"', 'Vary': 'Accept-Encoding', 'Content-Encoding': 'gzip', 'CF-Cache-Status': 'DYNAMIC', 'Report-To': '{"endpoints":[{"url":"https:\\/\\/a.nel.cloudflare.com\\/report\\/v4?s=EnVhl4G5Vs55zhKlTOa2txLt1yzXSh8KCPfEhs0qIo%2B6vV27ku6t4KwI1vgqV9Exn9va8eChmgGVVMOWCSb9F06roQAO1%2F6aXsJ7HFk0X6bkrOYM2Sd65ZOEnxcZp02q"}],"group":"cf-nel","max_age":604800}', 'NEL': '{"success_fraction":0,"report_to":"cf-nel","max_age":604800}', 'Server': 'cloudflare', 'CF-RAY': '8923ea094ae222eb-ORD', 'alt-svc': 'h3=":443"; ma=86400'} 
 body={"results":[{"gender":"female","name":{"title":"Miss","first":"Rebecca","last":"Manjunath"},"location":{"street":{"number":3898,"name":"Santhekatte"},"city":"Nagpur","state":"Arunachal Pradesh","country":"India","postcode":57350,"coordinates":{"latitude":"10.0255","longitude":"102.4044"},"timezone":{"offset":"+3:00","description":"Baghdad, Riyadh, Moscow, St. Petersburg"}},"email":"rebecca.manjunath@example.com","login":{"uuid":"97286da1-819c-41a6-b0bf-f2079f5161df","username":"whitewolf249","password":"picasso","salt":"fLXdPx9d","md5":"c393f4c88fa96a21abb3782d9b6444a4","sha1":"f1278bb1e51ab4f0a518f9770a1a0c06dc779ce9","sha256":"6faf1a63a58bf54cd2d40cf6bde804db7fb28907152c4039e9eca693a4265b79"},"dob":{"date":"1946-08-17T02:41:52.839Z","age":77},"registered":{"date":"2011-09-18T11:29:03.019Z","age":12},"phone":"9313189113","cell":"8349983947","id":{"name":"UIDAI","value":"279015289977"},"picture":{"large":"https://randomuser.me/api/portraits/women/58.jpg","medium":"https://randomuser.me/api/portraits/med/women/58.jpg","thumbnail":"https://randomuser.me/api/portraits/thumb/women/58.jpg"},"nat":"IN"}],"info":{"seed":"3bebdccb052b3cf9","results":1,"page":1,"version":"1.4"}} 
 </msg>
<msg time="2024-06-11T19:12:42.528407" level="INFO">/opt/hostedtoolcache/Python/3.12.3/x64/lib/python3.12/site-packages/urllib3/connectionpool.py:1103: InsecureRequestWarning: Unverified HTTPS request is being made to host 'randomuser.me'. Adding certificate verification is strongly advised. See: https://urllib3.readthedocs.io/en/latest/advanced-usage.html#tls-warnings
  warnings.warn(</msg>
<msg time="2024-06-11T19:12:42.528522" level="INFO">${response} = &lt;Response [200]&gt;</msg>
<var>${response}</var>
<arg>consultarAPI</arg>
<arg>/api</arg>
<doc>Sends a GET request on a previously created HTTP Session.</doc>
<status status="PASS" start="2024-06-11T19:12:42.443054" elapsed="0.085514"/>
</kw>
<kw name="Set Variable" owner="BuiltIn">
<msg time="2024-06-11T19:12:42.529602" level="INFO">${json_data} = {'results': [{'gender': 'female', 'name': {'title': 'Miss', 'first': 'Rebecca', 'last': 'Manjunath'}, 'location': {'street': {'number': 3898, 'name': 'Santhekatte'}, 'city': 'Nagpur', 'state': 'Arunac...</msg>
<var>${json_data}</var>
<arg>${response.json()}</arg>
<doc>Returns the given values which can then be assigned to a variables.</doc>
<status status="PASS" start="2024-06-11T19:12:42.529032" elapsed="0.000599"/>
</kw>
<kw name="Log" owner="BuiltIn">
<msg time="2024-06-11T19:12:42.530091" level="INFO">{'results': [{'gender': 'female', 'name': {'title': 'Miss', 'first': 'Rebecca', 'last': 'Manjunath'}, 'location': {'street': {'number': 3898, 'name': 'Santhekatte'}, 'city': 'Nagpur', 'state': 'Arunachal Pradesh', 'country': 'India', 'postcode': 57350, 'coordinates': {'latitude': '10.0255', 'longitude': '102.4044'}, 'timezone': {'offset': '+3:00', 'description': 'Baghdad, Riyadh, Moscow, St. Petersburg'}}, 'email': 'rebecca.manjunath@example.com', 'login': {'uuid': '97286da1-819c-41a6-b0bf-f2079f5161df', 'username': 'whitewolf249', 'password': 'picasso', 'salt': 'fLXdPx9d', 'md5': 'c393f4c88fa96a21abb3782d9b6444a4', 'sha1': 'f1278bb1e51ab4f0a518f9770a1a0c06dc779ce9', 'sha256': '6faf1a63a58bf54cd2d40cf6bde804db7fb28907152c4039e9eca693a4265b79'}, 'dob': {'date': '1946-08-17T02:41:52.839Z', 'age': 77}, 'registered': {'date': '2011-09-18T11:29:03.019Z', 'age': 12}, 'phone': '9313189113', 'cell': '8349983947', 'id': {'name': 'UIDAI', 'value': '279015289977'}, 'picture': {'large': 'https://randomuser.me/api/portraits/women/58.jpg', 'medium': 'https://randomuser.me/api/portraits/med/women/58.jpg', 'thumbnail': 'https://randomuser.me/api/portraits/thumb/women/58.jpg'}, 'nat': 'IN'}], 'info': {'seed': '3bebdccb052b3cf9', 'results': 1, 'page': 1, 'version': '1.4'}}</msg>
<arg>${json_data}</arg>
<doc>Logs the given message with the given level.</doc>
<status status="PASS" start="2024-06-11T19:12:42.529938" elapsed="0.000199"/>
</kw>
<kw name="Should Be Equal As Numbers" owner="BuiltIn">
<arg>${json_data['results'][0]['location']['postcode']}</arg>
<arg>${json_data['results'][0]['location']['postcode']}</arg>
<doc>Fails if objects are unequal after converting them to real numbers.</doc>
<status status="PASS" start="2024-06-11T19:12:42.530430" elapsed="0.000602"/>
</kw>
<kw name="Log" owner="BuiltIn">
<msg time="2024-06-11T19:12:42.531552" level="INFO">57350</msg>
<arg>${json_data['results'][0]['location']['postcode']}</arg>
<doc>Logs the given message with the given level.</doc>
<status status="PASS" start="2024-06-11T19:12:42.531221" elapsed="0.000402"/>
</kw>
<status status="PASS" start="2024-06-11T19:12:42.442832" elapsed="0.089048"/>
</kw>
<doc>Testa se os tipos de dados na resposta da API estão corretos.</doc>
<tag>testeTiposDados</tag>
<status status="PASS" start="2024-06-11T19:12:42.337100" elapsed="0.194936"/>
</test>
<test id="s1-s1-t5" name="Validar conteudo" line="35">
<kw name="Teste de Tipos de Conteudo" owner="random-user-service">
<kw name="GET On Session" owner="RequestsLibrary">
<msg time="2024-06-11T19:12:42.646699" level="INFO">GET Request : url=https://randomuser.me/api 
 path_url=/api 
 headers={'User-Agent': 'python-requests/2.32.3', 'Accept-Encoding': 'gzip, deflate', 'Accept': '*/*', 'Connection': 'keep-alive'} 
 body=None 
 </msg>
<msg time="2024-06-11T19:12:42.646774" level="INFO">GET Response : url=https://randomuser.me/api 
 status=200, reason=OK 
 headers={'Date': 'Tue, 11 Jun 2024 19:12:42 GMT', 'Content-Type': 'application/json; charset=utf-8', 'Transfer-Encoding': 'chunked', 'Connection': 'keep-alive', 'X-Powered-By': 'Express', 'Access-Control-Allow-Origin': '*', 'Cache-Control': 'no-cache', 'ETag': 'W/"488-6CVgpvDzk17sKDQcnU8N5dR9wb8"', 'Vary': 'Accept-Encoding', 'Content-Encoding': 'gzip', 'CF-Cache-Status': 'DYNAMIC', 'Report-To': '{"endpoints":[{"url":"https:\\/\\/a.nel.cloudflare.com\\/report\\/v4?s=Qb7%2B8ELhgqKLPz3SHTm3vEkBKDqcqbpDhQ2QXFMMJf0K%2Fqz1M71LvOZOz1aFIKy8gSVT%2B5%2FcRGnf4%2BNediyJqEJ1Xm04r8ITd0PnGo%2BlpZgmwWzY1AkV%2Fcy2BTs8alhA"}],"group":"cf-nel","max_age":604800}', 'NEL': '{"success_fraction":0,"report_to":"cf-nel","max_age":604800}', 'Server': 'cloudflare', 'CF-RAY': '8923ea09dbd022eb-ORD', 'alt-svc': 'h3=":443"; ma=86400'} 
 body={"results":[{"gender":"male","name":{"title":"Mr","first":"Earl","last":"Alexander"},"location":{"street":{"number":8166,"name":"Elgin St"},"city":"Jersey City","state":"Arizona","country":"United States","postcode":42382,"coordinates":{"latitude":"83.9958","longitude":"-98.2626"},"timezone":{"offset":"+7:00","description":"Bangkok, Hanoi, Jakarta"}},"email":"earl.alexander@example.com","login":{"uuid":"40cd4705-7b49-4094-8191-7fff88791ae7","username":"organicbird532","password":"acura","salt":"DTqKbMpq","md5":"854d268f65e3e9e5afc3574696241095","sha1":"6b403e575bcfe391360fa1478087ef4090262b8a","sha256":"7346173cdf12f5041cc5414839af490ceba0d17c5420d8153fa7ea714b798f22"},"dob":{"date":"1997-11-21T20:28:12.400Z","age":26},"registered":{"date":"2021-11-26T09:48:36.218Z","age":2},"phone":"(654) 606-9427","cell":"(846) 340-2866","id":{"name":"SSN","value":"599-25-9337"},"picture":{"large":"https://randomuser.me/api/portraits/men/95.jpg","medium":"https://randomuser.me/api/portraits/med/men/95.jpg","thumbnail":"https://randomuser.me/api/portraits/thumb/men/95.jpg"},"nat":"US"}],"info":{"seed":"71b22299f8f19162","results":1,"page":1,"version":"1.4"}} 
 </msg>
<msg time="2024-06-11T19:12:42.646850" level="INFO">/opt/hostedtoolcache/Python/3.12.3/x64/lib/python3.12/site-packages/urllib3/connectionpool.py:1103: InsecureRequestWarning: Unverified HTTPS request is being made to host 'randomuser.me'. Adding certificate verification is strongly advised. See: https://urllib3.readthedocs.io/en/latest/advanced-usage.html#tls-warnings
  warnings.warn(</msg>
<msg time="2024-06-11T19:12:42.646955" level="INFO">${response} = &lt;Response [200]&gt;</msg>
<var>${response}</var>
<arg>consultarAPI</arg>
<arg>/api</arg>
<doc>Sends a GET request on a previously created HTTP Session.</doc>
<status status="PASS" start="2024-06-11T19:12:42.534492" elapsed="0.112510"/>
</kw>
<kw name="Set Variable" owner="BuiltIn">
<msg time="2024-06-11T19:12:42.648011" level="INFO">${json_data} = {'results': [{'gender': 'male', 'name': {'title': 'Mr', 'first': 'Earl', 'last': 'Alexander'}, 'location': {'street': {'number': 8166, 'name': 'Elgin St'}, 'city': 'Jersey City', 'state': 'Arizona', '...</msg>
<var>${json_data}</var>
<arg>${response.json()}</arg>
<doc>Returns the given values which can then be assigned to a variables.</doc>
<status status="PASS" start="2024-06-11T19:12:42.647452" elapsed="0.000588"/>
</kw>
<kw name="Set Variable" owner="BuiltIn">
<msg time="2024-06-11T19:12:42.648725" level="INFO">${name_title} = Mr</msg>
<var>${name_title}</var>
<arg>${json_data["results"][0]["name"]["title"]}</arg>
<doc>Returns the given values which can then be assigned to a variables.</doc>
<status status="PASS" start="2024-06-11T19:12:42.648344" elapsed="0.000406"/>
</kw>
<kw name="Create List" owner="BuiltIn">
<msg time="2024-06-11T19:12:42.649209" level="INFO">${allowed_titles} = ['Mr', 'Ms', 'Miss', 'Mrs', 'Madame', 'Monsieur']</msg>
<var>${allowed_titles}</var>
<arg>Mr</arg>
<arg>Ms</arg>
<arg>Miss</arg>
<arg>Mrs</arg>
<arg>Madame</arg>
<arg>Monsieur</arg>
<doc>Returns a list containing given items.</doc>
<status status="PASS" start="2024-06-11T19:12:42.649059" elapsed="0.000174"/>
</kw>
<kw name="List Should Contain Value" owner="Collections">
<arg>${allowed_titles}</arg>
<arg>${name_title}</arg>
<doc>Fails if the ``value`` is not found from ``list``.</doc>
<status status="PASS" start="2024-06-11T19:12:42.649585" elapsed="0.000182"/>
</kw>
<kw name="Set Variable" owner="BuiltIn">
<msg time="2024-06-11T19:12:42.650316" level="INFO">${name_country} = US</msg>
<var>${name_country}</var>
<arg>${json_data["results"][0]["nat"]}</arg>
<doc>Returns the given values which can then be assigned to a variables.</doc>
<status status="PASS" start="2024-06-11T19:12:42.649952" elapsed="0.000388"/>
</kw>
<kw name="Create List" owner="BuiltIn">
<msg time="2024-06-11T19:12:42.651224" level="INFO">${list_country} = ['AD', 'AE', 'AF', 'AG', 'AI', 'AL', 'AM', 'AO', 'AQ', 'AR', 'AS', 'AT', 'AU', 'AW', 'AX', 'AZ', 'BA', 'BB', 'BD', 'BE', 'BF', 'BG', 'BH', 'BI', 'BJ', 'BL', 'BM', 'BN', 'BO', 'BQ', 'BR', 'BS', 'BT', '...</msg>
<var>${list_country}</var>
<arg>AD</arg>
<arg>AE</arg>
<arg>AF</arg>
<arg>AG</arg>
<arg>AI</arg>
<arg>AL</arg>
<arg>AM</arg>
<arg>AO</arg>
<arg>AQ</arg>
<arg>AR</arg>
<arg>AS</arg>
<arg>AT</arg>
<arg>AU</arg>
<arg>AW</arg>
<arg>AX</arg>
<arg>AZ</arg>
<arg>BA</arg>
<arg>BB</arg>
<arg>BD</arg>
<arg>BE</arg>
<arg>BF</arg>
<arg>BG</arg>
<arg>BH</arg>
<arg>BI</arg>
<arg>BJ</arg>
<arg>BL</arg>
<arg>BM</arg>
<arg>BN</arg>
<arg>BO</arg>
<arg>BQ</arg>
<arg>BR</arg>
<arg>BS</arg>
<arg>BT</arg>
<arg>BV</arg>
<arg>BW</arg>
<arg>BY</arg>
<arg>BZ</arg>
<arg>CA</arg>
<arg>CC</arg>
<arg>CD</arg>
<arg>CF</arg>
<arg>CG</arg>
<arg>CH</arg>
<arg>CI</arg>
<arg>CK</arg>
<arg>CL</arg>
<arg>CM</arg>
<arg>CN</arg>
<arg>CO</arg>
<arg>CR</arg>
<arg>CU</arg>
<arg>CV</arg>
<arg>CW</arg>
<arg>CX</arg>
<arg>CY</arg>
<arg>CZ</arg>
<arg>DE</arg>
<arg>DJ</arg>
<arg>DK</arg>
<arg>DM</arg>
<arg>DO</arg>
<arg>DZ</arg>
<arg>EC</arg>
<arg>EE</arg>
<arg>EG</arg>
<arg>EH</arg>
<arg>ER</arg>
<arg>ES</arg>
<arg>ET</arg>
<arg>FI</arg>
<arg>FJ</arg>
<arg>FK</arg>
<arg>FM</arg>
<arg>FO</arg>
<arg>FR</arg>
<arg>GA</arg>
<arg>GB</arg>
<arg>GD</arg>
<arg>GE</arg>
<arg>GF</arg>
<arg>GG</arg>
<arg>GH</arg>
<arg>GI</arg>
<arg>GL</arg>
<arg>GM</arg>
<arg>GN</arg>
<arg>GP</arg>
<arg>GQ</arg>
<arg>GR</arg>
<arg>GS</arg>
<arg>GT</arg>
<arg>GU</arg>
<arg>GW</arg>
<arg>GY</arg>
<arg>HK</arg>
<arg>HM</arg>
<arg>HN</arg>
<arg>HR</arg>
<arg>HT</arg>
<arg>HU</arg>
<arg>ID</arg>
<arg>IE</arg>
<arg>IL</arg>
<arg>IM</arg>
<arg>IN</arg>
<arg>IO</arg>
<arg>IQ</arg>
<arg>IR</arg>
<arg>IS</arg>
<arg>IT</arg>
<arg>JE</arg>
<arg>JM</arg>
<arg>JO</arg>
<arg>JP</arg>
<arg>KE</arg>
<arg>KG</arg>
<arg>KH</arg>
<arg>KI</arg>
<arg>KM</arg>
<arg>KN</arg>
<arg>KP</arg>
<arg>KR</arg>
<arg>KW</arg>
<arg>KY</arg>
<arg>KZ</arg>
<arg>LA</arg>
<arg>LB</arg>
<arg>LC</arg>
<arg>LI</arg>
<arg>LK</arg>
<arg>LR</arg>
<arg>LS</arg>
<arg>LT</arg>
<arg>LU</arg>
<arg>LV</arg>
<arg>LY</arg>
<arg>MA</arg>
<arg>MC</arg>
<arg>MD</arg>
<arg>ME</arg>
<arg>MF</arg>
<arg>MG</arg>
<arg>MH</arg>
<arg>MK</arg>
<arg>ML</arg>
<arg>MM</arg>
<arg>MN</arg>
<arg>MO</arg>
<arg>MP</arg>
<arg>MQ</arg>
<arg>MR</arg>
<arg>MS</arg>
<arg>MT</arg>
<arg>MU</arg>
<arg>MV</arg>
<arg>MW</arg>
<arg>MX</arg>
<arg>MY</arg>
<arg>MZ</arg>
<arg>NA</arg>
<arg>NC</arg>
<arg>NE</arg>
<arg>NF</arg>
<arg>NG</arg>
<arg>NI</arg>
<arg>NL</arg>
<arg>NO</arg>
<arg>NP</arg>
<arg>NR</arg>
<arg>NU</arg>
<arg>NZ</arg>
<arg>OM</arg>
<arg>PA</arg>
<arg>PE</arg>
<arg>PF</arg>
<arg>PG</arg>
<arg>PH</arg>
<arg>PK</arg>
<arg>PL</arg>
<arg>PM</arg>
<arg>PN</arg>
<arg>PR</arg>
<arg>PS</arg>
<arg>PT</arg>
<arg>PW</arg>
<arg>PY</arg>
<arg>QA</arg>
<arg>RE</arg>
<arg>RO</arg>
<arg>RS</arg>
<arg>RU</arg>
<arg>RW</arg>
<arg>SA</arg>
<arg>SB</arg>
<arg>SC</arg>
<arg>SD</arg>
<arg>SE</arg>
<arg>SG</arg>
<arg>SH</arg>
<arg>SI</arg>
<arg>SJ</arg>
<arg>SK</arg>
<arg>SL</arg>
<arg>SM</arg>
<arg>SN</arg>
<arg>SO</arg>
<arg>SR</arg>
<arg>SS</arg>
<arg>ST</arg>
<arg>SV</arg>
<arg>SX</arg>
<arg>SY</arg>
<arg>SZ</arg>
<arg>TC</arg>
<arg>TD</arg>
<arg>TF</arg>
<arg>TG</arg>
<arg>TH</arg>
<arg>TJ</arg>
<arg>TK</arg>
<arg>TL</arg>
<arg>TM</arg>
<arg>TN</arg>
<arg>TO</arg>
<arg>TR</arg>
<arg>TT</arg>
<arg>TV</arg>
<arg>TW</arg>
<arg>TZ</arg>
<arg>UA</arg>
<arg>UG</arg>
<arg>UM</arg>
<arg>US</arg>
<arg>UY</arg>
<arg>UZ</arg>
<arg>VA</arg>
<arg>VC</arg>
<arg>VE</arg>
<arg>VG</arg>
<arg>VI</arg>
<arg>VN</arg>
<arg>VU</arg>
<arg>WF</arg>
<arg>WS</arg>
<arg>XK</arg>
<arg>YE</arg>
<arg>YT</arg>
<arg>ZA</arg>
<arg>ZM</arg>
<arg>ZW</arg>
<doc>Returns a list containing given items.</doc>
<status status="PASS" start="2024-06-11T19:12:42.650635" elapsed="0.000614"/>
</kw>
<kw name="List Should Contain Value" owner="Collections">
<arg>${list_country}</arg>
<arg>${name_country}</arg>
<doc>Fails if the ``value`` is not found from ``list``.</doc>
<status status="PASS" start="2024-06-11T19:12:42.652042" elapsed="0.000207"/>
</kw>
<kw name="Run Keyword If" owner="BuiltIn">
<kw name="Should Be True" owner="BuiltIn">
<arg>${True}</arg>
<doc>Fails if the given condition is not true.</doc>
<status status="PASS" start="2024-06-11T19:12:42.653322" elapsed="0.000154"/>
</kw>
<arg>${json_data["results"][0]["location"]["coordinates"]["latitude"]} &gt;= -90 and ${json_data["results"][0]["location"]["coordinates"]["latitude"]} &lt;= 90</arg>
<arg>Should Be True</arg>
<arg>${True}</arg>
<doc>Runs the given keyword with the given arguments, if ``condition`` is true.</doc>
<status status="PASS" start="2024-06-11T19:12:42.652447" elapsed="0.001155"/>
</kw>
<kw name="Run Keyword If" owner="BuiltIn">
<kw name="Should Be True" owner="BuiltIn">
<arg>${True}</arg>
<doc>Fails if the given condition is not true.</doc>
<status status="PASS" start="2024-06-11T19:12:42.654468" elapsed="0.000137"/>
</kw>
<arg>${json_data["results"][0]["location"]["coordinates"]["longitude"]} &gt;= -180 and ${json_data["results"][0]["location"]["coordinates"]["longitude"]} &lt;= 180</arg>
<arg>Should Be True</arg>
<arg>${True}</arg>
<doc>Runs the given keyword with the given arguments, if ``condition`` is true.</doc>
<status status="PASS" start="2024-06-11T19:12:42.653783" elapsed="0.000946"/>
</kw>
<status status="PASS" start="2024-06-11T19:12:42.534275" elapsed="0.120582"/>
</kw>
<doc>Testa o conteúdo específico dos campos retornados pela API.</doc>
<tag>testeConteudo</tag>
<status status="PASS" start="2024-06-11T19:12:42.533791" elapsed="0.121206"/>
</test>
<status status="PASS" start="2024-06-11T19:12:41.694930" elapsed="0.961968"/>
</suite>
<status status="PASS" start="2024-06-11T19:12:41.681602" elapsed="0.980318"/>
</suite>
<statistics>
<total>
<stat pass="5" fail="0" skip="0">All Tests</stat>
</total>
<tag>
<stat pass="1" fail="0" skip="0">testeConteudo</stat>
<stat pass="1" fail="0" skip="0">testeEstruturaResposta</stat>
<stat pass="1" fail="0" skip="0">testeRequisicaoBasica</stat>
<stat pass="1" fail="0" skip="0">testeTiposDados</stat>
</tag>
<suite>
<stat pass="5" fail="0" skip="0" id="s1" name="Tests">Tests</stat>
<stat pass="5" fail="0" skip="0" id="s1-s1" name="Random-User-Test">Tests.Random-User-Test</stat>
</suite>
</statistics>
<errors>
</errors>
</robot>
