<?xml version="1.0" encoding="UTF-8"?>
<robot generator="Robot 7.0 (Python 3.12.2 on linux)" generated="2024-03-26T01:51:38.071117" rpa="false" schemaversion="5">
<suite id="s1" name="Tests" source="/home/runner/work/DesafioQAItauRogerioJordao/DesafioQAItauRogerioJordao/RamdonUser/tests">
<suite id="s1-s1" name="Random-User-Test" source="/home/runner/work/DesafioQAItauRogerioJordao/DesafioQAItauRogerioJordao/RamdonUser/tests/random-user-test.robot">
<test id="s1-s1-t1" name="Conectar" line="13">
<kw name="Conectar API" owner="random-user-service">
<kw name="Create Session" owner="RequestsLibrary">
<msg time="2024-03-26T01:51:38.422187" level="INFO">Creating Session using : alias=consultarAPI, url=https://randomuser.me/, headers={},                     cookies={}, auth=None, timeout=None, proxies=None, verify=False,                     debug=0 </msg>
<arg>consultarAPI</arg>
<arg>${URL}</arg>
<doc>Create Session: create a HTTP session to a server</doc>
<status status="PASS" start="2024-03-26T01:51:38.421990" elapsed="0.000367"/>
</kw>
<status status="PASS" start="2024-03-26T01:51:38.420971" elapsed="0.001740"/>
</kw>
<status status="PASS" start="2024-03-26T01:51:38.420331" elapsed="0.002582"/>
</test>
<test id="s1-s1-t2" name="Validar retorno 200 e JSON Válido" line="16">
<kw name="Teste de Requisicao Basica" owner="random-user-service">
<kw name="GET On Session" owner="RequestsLibrary">
<msg time="2024-03-26T01:51:38.680062" level="INFO">GET Request : url=https://randomuser.me/api 
 path_url=/api 
 headers={'User-Agent': 'python-requests/2.31.0', 'Accept-Encoding': 'gzip, deflate', 'Accept': '*/*', 'Connection': 'keep-alive'} 
 body=None 
 </msg>
<msg time="2024-03-26T01:51:38.680208" level="INFO">GET Response : url=https://randomuser.me/api 
 status=200, reason=OK 
 headers={'Date': 'Tue, 26 Mar 2024 01:51:38 GMT', 'Content-Type': 'application/json; charset=utf-8', 'Transfer-Encoding': 'chunked', 'Connection': 'keep-alive', 'X-Powered-By': 'Express', 'Access-Control-Allow-Origin': '*', 'Cache-Control': 'no-cache', 'ETag': 'W/"498-mnRyTkloZVgoSuGGV67xw7+aRO0"', 'Vary': 'Accept-Encoding', 'Content-Encoding': 'gzip', 'CF-Cache-Status': 'DYNAMIC', 'Report-To': '{"endpoints":[{"url":"https:\\/\\/a.nel.cloudflare.com\\/report\\/v4?s=iUJIbd5Gp0Jd23vfZF8Uki2JFQsYmzy1fDL%2BEmmtA2vYfaswY8DV3yZFXW6FvobcXVDTXL0IUx%2FU9DwBFhiql1fMwmh3EuoSqZz7ir3%2B%2F5HlqWvhj8tpl3auJDregRmG"}],"group":"cf-nel","max_age":604800}', 'NEL': '{"success_fraction":0,"report_to":"cf-nel","max_age":604800}', 'Server': 'cloudflare', 'CF-RAY': '86a37f2a3af922d2-SJC', 'alt-svc': 'h3=":443"; ma=86400'} 
 body={"results":[{"gender":"male","name":{"title":"Mr","first":"Zoryan","last":"Mikolaychuk"},"location":{"street":{"number":8761,"name":"Gunska"},"city":"Starokostyantiniv","state":"Poltavska","country":"Ukraine","postcode":99397,"coordinates":{"latitude":"79.4688","longitude":"-124.0040"},"timezone":{"offset":"+11:00","description":"Magadan, Solomon Islands, New Caledonia"}},"email":"zoryan.mikolaychuk@example.com","login":{"uuid":"69fe4daf-0d3a-498d-bb6a-a1bc9714a56c","username":"happyostrich697","password":"regina","salt":"c2nOKI2D","md5":"4666deb645dc8d35d54a512d7e65e6f4","sha1":"37338ddca4fc32c213de2e726d4025aa8e4573d4","sha256":"0ae905275282916cfbfe3a6455e7e3740ddc1fac9bfbc7a75d0479619346d48d"},"dob":{"date":"1950-09-20T20:06:52.799Z","age":73},"registered":{"date":"2016-03-22T06:50:46.183Z","age":8},"phone":"(097) M02-6348","cell":"(068) C76-0013","id":{"name":"","value":null},"picture":{"large":"https://randomuser.me/api/portraits/men/77.jpg","medium":"https://randomuser.me/api/portraits/med/men/77.jpg","thumbnail":"https://randomuser.me/api/portraits/thumb/men/77.jpg"},"nat":"UA"}],"info":{"seed":"fe874042b528faa9","results":1,"page":1,"version":"1.4"}} 
 </msg>
<msg time="2024-03-26T01:51:38.680311" level="INFO">/opt/hostedtoolcache/Python/3.12.2/x64/lib/python3.12/site-packages/urllib3/connectionpool.py:1103: InsecureRequestWarning: Unverified HTTPS request is being made to host 'randomuser.me'. Adding certificate verification is strongly advised. See: https://urllib3.readthedocs.io/en/latest/advanced-usage.html#tls-warnings
  warnings.warn(</msg>
<msg time="2024-03-26T01:51:38.680452" level="INFO">${response} = &lt;Response [200]&gt;</msg>
<var>${response}</var>
<arg>consultarAPI</arg>
<arg>/api</arg>
<doc>Sends a GET request on a previously created HTTP Session.</doc>
<status status="PASS" start="2024-03-26T01:51:38.425563" elapsed="0.254933"/>
</kw>
<kw name="Should Be Equal As Numbers" owner="BuiltIn">
<msg time="2024-03-26T01:51:38.681529" level="INFO">Argument types are:
&lt;class 'int'&gt;
&lt;class 'str'&gt;</msg>
<arg>${response.status_code}</arg>
<arg>200</arg>
<doc>Fails if objects are unequal after converting them to real numbers.</doc>
<status status="PASS" start="2024-03-26T01:51:38.681057" elapsed="0.000538"/>
</kw>
<kw name="Log" owner="BuiltIn">
<msg time="2024-03-26T01:51:38.682282" level="INFO">200</msg>
<arg>${response.status_code}</arg>
<doc>Logs the given message with the given level.</doc>
<status status="PASS" start="2024-03-26T01:51:38.681922" elapsed="0.000404"/>
</kw>
<kw name="Set Variable" owner="BuiltIn">
<msg time="2024-03-26T01:51:38.683081" level="INFO">${json_data} = {'results': [{'gender': 'male', 'name': {'title': 'Mr', 'first': 'Zoryan', 'last': 'Mikolaychuk'}, 'location': {'street': {'number': 8761, 'name': 'Gunska'}, 'city': 'Starokostyantiniv', 'state': 'Pol...</msg>
<var>${json_data}</var>
<arg>${response.json()}</arg>
<doc>Returns the given values which can then be assigned to a variables.</doc>
<status status="PASS" start="2024-03-26T01:51:38.682636" elapsed="0.000473"/>
</kw>
<kw name="Dictionary Should Contain Key" owner="Collections">
<msg time="2024-03-26T01:51:38.683582" level="INFO">False</msg>
<arg>${json_data}</arg>
<arg>results</arg>
<doc>Fails if ``key`` is not found from ``dictionary``.</doc>
<status status="PASS" start="2024-03-26T01:51:38.683414" elapsed="0.000209"/>
</kw>
<status status="PASS" start="2024-03-26T01:51:38.425316" elapsed="0.258566"/>
</kw>
<doc>Testa se a API responde corretamente e retorna um objeto JSON válido.</doc>
<tag>testeRequisicaoBasica</tag>
<status status="PASS" start="2024-03-26T01:51:38.424763" elapsed="0.259312"/>
</test>
<test id="s1-s1-t3" name="Validar estrutura de resposta" line="22">
<kw name="Teste de Estrutura de Resposta" owner="random-user-service">
<kw name="GET On Session" owner="RequestsLibrary">
<msg time="2024-03-26T01:51:38.780128" level="INFO">GET Request : url=https://randomuser.me/api 
 path_url=/api 
 headers={'User-Agent': 'python-requests/2.31.0', 'Accept-Encoding': 'gzip, deflate', 'Accept': '*/*', 'Connection': 'keep-alive'} 
 body=None 
 </msg>
<msg time="2024-03-26T01:51:38.780219" level="INFO">GET Response : url=https://randomuser.me/api 
 status=200, reason=OK 
 headers={'Date': 'Tue, 26 Mar 2024 01:51:38 GMT', 'Content-Type': 'application/json; charset=utf-8', 'Transfer-Encoding': 'chunked', 'Connection': 'keep-alive', 'X-Powered-By': 'Express', 'Access-Control-Allow-Origin': '*', 'Cache-Control': 'no-cache', 'ETag': 'W/"4a3-QaUmszDi/rrxJJS+LPzqfnH5/Hg"', 'Vary': 'Accept-Encoding', 'Content-Encoding': 'gzip', 'CF-Cache-Status': 'DYNAMIC', 'Report-To': '{"endpoints":[{"url":"https:\\/\\/a.nel.cloudflare.com\\/report\\/v4?s=Bo%2BBxpDUu2AkP3iabZEMqiHrnniqzmJDcKUFitGI7BerH%2BtWEgXzZ06E8sqb18SdQppR1tv8zBbjzpK2CvFsT4zVotDdsMPACcCXREd0qFlhDqWzJstE2BG%2FofSpoe9n"}],"group":"cf-nel","max_age":604800}', 'NEL': '{"success_fraction":0,"report_to":"cf-nel","max_age":604800}', 'Server': 'cloudflare', 'CF-RAY': '86a37f2adba522d2-SJC', 'alt-svc': 'h3=":443"; ma=86400'} 
 body={"results":[{"gender":"male","name":{"title":"Mr","first":"آرش","last":"نكو نظر"},"location":{"street":{"number":4400,"name":"شهید سرتیپ نامجو"},"city":"ورامین","state":"کرمانشاه","country":"Iran","postcode":28640,"coordinates":{"latitude":"18.8425","longitude":"-87.3347"},"timezone":{"offset":"-4:00","description":"Atlantic Time (Canada), Caracas, La Paz"}},"email":"arsh.nkwnzr@example.com","login":{"uuid":"1b477dd3-76fc-47dc-aae4-ee393b6000db","username":"tinyfish907","password":"natasha","salt":"Dz7WCYWk","md5":"d4d27c7641af89744b9f7298cb1028f0","sha1":"c38048c0865820b7113f8c1d610aa079ccaffdb1","sha256":"f95664d276ca2bf45ac811eceebc5788fbe2d2ab1b34ae2e975d77dda94d2eb5"},"dob":{"date":"1997-01-22T21:22:39.227Z","age":27},"registered":{"date":"2006-03-10T09:35:44.589Z","age":18},"phone":"027-40008799","cell":"0902-088-4101","id":{"name":"","value":null},"picture":{"large":"https://randomuser.me/api/portraits/men/60.jpg","medium":"https://randomuser.me/api/portraits/med/men/60.jpg","thumbnail":"https://randomuser.me/api/portraits/thumb/men/60.jpg"},"nat":"IR"}],"info":{"seed":"4a77ba54b0231726","results":1,"page":1,"version":"1.4"}} 
 </msg>
<msg time="2024-03-26T01:51:38.780365" level="INFO">/opt/hostedtoolcache/Python/3.12.2/x64/lib/python3.12/site-packages/urllib3/connectionpool.py:1103: InsecureRequestWarning: Unverified HTTPS request is being made to host 'randomuser.me'. Adding certificate verification is strongly advised. See: https://urllib3.readthedocs.io/en/latest/advanced-usage.html#tls-warnings
  warnings.warn(</msg>
<msg time="2024-03-26T01:51:38.780487" level="INFO">${response} = &lt;Response [200]&gt;</msg>
<var>${response}</var>
<arg>consultarAPI</arg>
<arg>/api</arg>
<doc>Sends a GET request on a previously created HTTP Session.</doc>
<status status="PASS" start="2024-03-26T01:51:38.687004" elapsed="0.093530"/>
</kw>
<kw name="Set Variable" owner="BuiltIn">
<msg time="2024-03-26T01:51:38.781496" level="INFO">${json_data} = {'results': [{'gender': 'male', 'name': {'title': 'Mr', 'first': 'آرش', 'last': 'نكو نظر'}, 'location': {'street': {'number': 4400, 'name': 'شهید سرتیپ نامجو'}, 'city': 'ورامین', 'state': 'کرمانشاه', ...</msg>
<var>${json_data}</var>
<arg>${response.json()}</arg>
<doc>Returns the given values which can then be assigned to a variables.</doc>
<status status="PASS" start="2024-03-26T01:51:38.781015" elapsed="0.000511"/>
</kw>
<kw name="Log" owner="BuiltIn">
<msg time="2024-03-26T01:51:38.781999" level="INFO">{'results': [{'gender': 'male', 'name': {'title': 'Mr', 'first': 'آرش', 'last': 'نكو نظر'}, 'location': {'street': {'number': 4400, 'name': 'شهید سرتیپ نامجو'}, 'city': 'ورامین', 'state': 'کرمانشاه', 'country': 'Iran', 'postcode': 28640, 'coordinates': {'latitude': '18.8425', 'longitude': '-87.3347'}, 'timezone': {'offset': '-4:00', 'description': 'Atlantic Time (Canada), Caracas, La Paz'}}, 'email': 'arsh.nkwnzr@example.com', 'login': {'uuid': '1b477dd3-76fc-47dc-aae4-ee393b6000db', 'username': 'tinyfish907', 'password': 'natasha', 'salt': 'Dz7WCYWk', 'md5': 'd4d27c7641af89744b9f7298cb1028f0', 'sha1': 'c38048c0865820b7113f8c1d610aa079ccaffdb1', 'sha256': 'f95664d276ca2bf45ac811eceebc5788fbe2d2ab1b34ae2e975d77dda94d2eb5'}, 'dob': {'date': '1997-01-22T21:22:39.227Z', 'age': 27}, 'registered': {'date': '2006-03-10T09:35:44.589Z', 'age': 18}, 'phone': '027-40008799', 'cell': '0902-088-4101', 'id': {'name': '', 'value': None}, 'picture': {'large': 'https://randomuser.me/api/portraits/men/60.jpg', 'medium': 'https://randomuser.me/api/portraits/med/men/60.jpg', 'thumbnail': 'https://randomuser.me/api/portraits/thumb/men/60.jpg'}, 'nat': 'IR'}], 'info': {'seed': '4a77ba54b0231726', 'results': 1, 'page': 1, 'version': '1.4'}}</msg>
<arg>${json_data}</arg>
<doc>Logs the given message with the given level.</doc>
<status status="PASS" start="2024-03-26T01:51:38.781837" elapsed="0.000211"/>
</kw>
<kw name="Dictionary Should Contain Key" owner="Collections">
<msg time="2024-03-26T01:51:38.782501" level="INFO">False</msg>
<arg>${json_data}</arg>
<arg>results</arg>
<doc>Fails if ``key`` is not found from ``dictionary``.</doc>
<status status="PASS" start="2024-03-26T01:51:38.782346" elapsed="0.000191"/>
</kw>
<kw name="Should Not Be Empty" owner="BuiltIn">
<msg time="2024-03-26T01:51:38.782964" level="INFO">Length is 2.</msg>
<arg>${json_data}</arg>
<doc>Verifies that the given item is not empty.</doc>
<status status="PASS" start="2024-03-26T01:51:38.782832" elapsed="0.000169"/>
</kw>
<kw name="Create List" owner="BuiltIn">
<msg time="2024-03-26T01:51:38.783431" level="INFO">${expected_keys} = ['gender', 'name', 'location', 'email', 'login']</msg>
<var>${expected_keys}</var>
<arg>gender</arg>
<arg>name</arg>
<arg>location</arg>
<arg>email</arg>
<arg>login</arg>
<doc>Returns a list containing given items.</doc>
<status status="PASS" start="2024-03-26T01:51:38.783286" elapsed="0.000169"/>
</kw>
<for flavor="IN">
<iter>
<kw name="Dictionary Should Contain Key" owner="Collections">
<msg time="2024-03-26T01:51:38.784426" level="INFO">False</msg>
<arg>${json_data['results'][0]}</arg>
<arg>${key}</arg>
<doc>Fails if ``key`` is not found from ``dictionary``.</doc>
<status status="PASS" start="2024-03-26T01:51:38.784022" elapsed="0.000443"/>
</kw>
<kw name="Log" owner="BuiltIn">
<msg time="2024-03-26T01:51:38.785182" level="INFO">{'gender': 'male', 'name': {'title': 'Mr', 'first': 'آرش', 'last': 'نكو نظر'}, 'location': {'street': {'number': 4400, 'name': 'شهید سرتیپ نامجو'}, 'city': 'ورامین', 'state': 'کرمانشاه', 'country': 'Iran', 'postcode': 28640, 'coordinates': {'latitude': '18.8425', 'longitude': '-87.3347'}, 'timezone': {'offset': '-4:00', 'description': 'Atlantic Time (Canada), Caracas, La Paz'}}, 'email': 'arsh.nkwnzr@example.com', 'login': {'uuid': '1b477dd3-76fc-47dc-aae4-ee393b6000db', 'username': 'tinyfish907', 'password': 'natasha', 'salt': 'Dz7WCYWk', 'md5': 'd4d27c7641af89744b9f7298cb1028f0', 'sha1': 'c38048c0865820b7113f8c1d610aa079ccaffdb1', 'sha256': 'f95664d276ca2bf45ac811eceebc5788fbe2d2ab1b34ae2e975d77dda94d2eb5'}, 'dob': {'date': '1997-01-22T21:22:39.227Z', 'age': 27}, 'registered': {'date': '2006-03-10T09:35:44.589Z', 'age': 18}, 'phone': '027-40008799', 'cell': '0902-088-4101', 'id': {'name': '', 'value': None}, 'picture': {'large': 'https://randomuser.me/api/portraits/men/60.jpg', 'medium': 'https://randomuser.me/api/portraits/med/men/60.jpg', 'thumbnail': 'https://randomuser.me/api/portraits/thumb/men/60.jpg'}, 'nat': 'IR'}</msg>
<arg>${json_data['results'][0]}</arg>
<doc>Logs the given message with the given level.</doc>
<status status="PASS" start="2024-03-26T01:51:38.784811" elapsed="0.000428"/>
</kw>
<kw name="Log" owner="BuiltIn">
<msg time="2024-03-26T01:51:38.785686" level="INFO">gender</msg>
<arg>${key}</arg>
<doc>Logs the given message with the given level.</doc>
<status status="PASS" start="2024-03-26T01:51:38.785544" elapsed="0.000180"/>
</kw>
<var name="${key}">gender</var>
<status status="PASS" start="2024-03-26T01:51:38.783897" elapsed="0.002057"/>
</iter>
<iter>
<kw name="Dictionary Should Contain Key" owner="Collections">
<msg time="2024-03-26T01:51:38.786639" level="INFO">False</msg>
<arg>${json_data['results'][0]}</arg>
<arg>${key}</arg>
<doc>Fails if ``key`` is not found from ``dictionary``.</doc>
<status status="PASS" start="2024-03-26T01:51:38.786254" elapsed="0.000468"/>
</kw>
<kw name="Log" owner="BuiltIn">
<msg time="2024-03-26T01:51:38.787390" level="INFO">{'gender': 'male', 'name': {'title': 'Mr', 'first': 'آرش', 'last': 'نكو نظر'}, 'location': {'street': {'number': 4400, 'name': 'شهید سرتیپ نامجو'}, 'city': 'ورامین', 'state': 'کرمانشاه', 'country': 'Iran', 'postcode': 28640, 'coordinates': {'latitude': '18.8425', 'longitude': '-87.3347'}, 'timezone': {'offset': '-4:00', 'description': 'Atlantic Time (Canada), Caracas, La Paz'}}, 'email': 'arsh.nkwnzr@example.com', 'login': {'uuid': '1b477dd3-76fc-47dc-aae4-ee393b6000db', 'username': 'tinyfish907', 'password': 'natasha', 'salt': 'Dz7WCYWk', 'md5': 'd4d27c7641af89744b9f7298cb1028f0', 'sha1': 'c38048c0865820b7113f8c1d610aa079ccaffdb1', 'sha256': 'f95664d276ca2bf45ac811eceebc5788fbe2d2ab1b34ae2e975d77dda94d2eb5'}, 'dob': {'date': '1997-01-22T21:22:39.227Z', 'age': 27}, 'registered': {'date': '2006-03-10T09:35:44.589Z', 'age': 18}, 'phone': '027-40008799', 'cell': '0902-088-4101', 'id': {'name': '', 'value': None}, 'picture': {'large': 'https://randomuser.me/api/portraits/men/60.jpg', 'medium': 'https://randomuser.me/api/portraits/med/men/60.jpg', 'thumbnail': 'https://randomuser.me/api/portraits/thumb/men/60.jpg'}, 'nat': 'IR'}</msg>
<arg>${json_data['results'][0]}</arg>
<doc>Logs the given message with the given level.</doc>
<status status="PASS" start="2024-03-26T01:51:38.787025" elapsed="0.000415"/>
</kw>
<kw name="Log" owner="BuiltIn">
<msg time="2024-03-26T01:51:38.787868" level="INFO">name</msg>
<arg>${key}</arg>
<doc>Logs the given message with the given level.</doc>
<status status="PASS" start="2024-03-26T01:51:38.787735" elapsed="0.000171"/>
</kw>
<var name="${key}">name</var>
<status status="PASS" start="2024-03-26T01:51:38.786141" elapsed="0.001977"/>
</iter>
<iter>
<kw name="Dictionary Should Contain Key" owner="Collections">
<msg time="2024-03-26T01:51:38.788810" level="INFO">False</msg>
<arg>${json_data['results'][0]}</arg>
<arg>${key}</arg>
<doc>Fails if ``key`` is not found from ``dictionary``.</doc>
<status status="PASS" start="2024-03-26T01:51:38.788408" elapsed="0.000439"/>
</kw>
<kw name="Log" owner="BuiltIn">
<msg time="2024-03-26T01:51:38.789518" level="INFO">{'gender': 'male', 'name': {'title': 'Mr', 'first': 'آرش', 'last': 'نكو نظر'}, 'location': {'street': {'number': 4400, 'name': 'شهید سرتیپ نامجو'}, 'city': 'ورامین', 'state': 'کرمانشاه', 'country': 'Iran', 'postcode': 28640, 'coordinates': {'latitude': '18.8425', 'longitude': '-87.3347'}, 'timezone': {'offset': '-4:00', 'description': 'Atlantic Time (Canada), Caracas, La Paz'}}, 'email': 'arsh.nkwnzr@example.com', 'login': {'uuid': '1b477dd3-76fc-47dc-aae4-ee393b6000db', 'username': 'tinyfish907', 'password': 'natasha', 'salt': 'Dz7WCYWk', 'md5': 'd4d27c7641af89744b9f7298cb1028f0', 'sha1': 'c38048c0865820b7113f8c1d610aa079ccaffdb1', 'sha256': 'f95664d276ca2bf45ac811eceebc5788fbe2d2ab1b34ae2e975d77dda94d2eb5'}, 'dob': {'date': '1997-01-22T21:22:39.227Z', 'age': 27}, 'registered': {'date': '2006-03-10T09:35:44.589Z', 'age': 18}, 'phone': '027-40008799', 'cell': '0902-088-4101', 'id': {'name': '', 'value': None}, 'picture': {'large': 'https://randomuser.me/api/portraits/men/60.jpg', 'medium': 'https://randomuser.me/api/portraits/med/men/60.jpg', 'thumbnail': 'https://randomuser.me/api/portraits/thumb/men/60.jpg'}, 'nat': 'IR'}</msg>
<arg>${json_data['results'][0]}</arg>
<doc>Logs the given message with the given level.</doc>
<status status="PASS" start="2024-03-26T01:51:38.789152" elapsed="0.000420"/>
</kw>
<kw name="Log" owner="BuiltIn">
<msg time="2024-03-26T01:51:38.789994" level="INFO">location</msg>
<arg>${key}</arg>
<doc>Logs the given message with the given level.</doc>
<status status="PASS" start="2024-03-26T01:51:38.789868" elapsed="0.000165"/>
</kw>
<var name="${key}">location</var>
<status status="PASS" start="2024-03-26T01:51:38.788297" elapsed="0.001950"/>
</iter>
<iter>
<kw name="Dictionary Should Contain Key" owner="Collections">
<msg time="2024-03-26T01:51:38.790922" level="INFO">False</msg>
<arg>${json_data['results'][0]}</arg>
<arg>${key}</arg>
<doc>Fails if ``key`` is not found from ``dictionary``.</doc>
<status status="PASS" start="2024-03-26T01:51:38.790546" elapsed="0.000413"/>
</kw>
<kw name="Log" owner="BuiltIn">
<msg time="2024-03-26T01:51:38.791622" level="INFO">{'gender': 'male', 'name': {'title': 'Mr', 'first': 'آرش', 'last': 'نكو نظر'}, 'location': {'street': {'number': 4400, 'name': 'شهید سرتیپ نامجو'}, 'city': 'ورامین', 'state': 'کرمانشاه', 'country': 'Iran', 'postcode': 28640, 'coordinates': {'latitude': '18.8425', 'longitude': '-87.3347'}, 'timezone': {'offset': '-4:00', 'description': 'Atlantic Time (Canada), Caracas, La Paz'}}, 'email': 'arsh.nkwnzr@example.com', 'login': {'uuid': '1b477dd3-76fc-47dc-aae4-ee393b6000db', 'username': 'tinyfish907', 'password': 'natasha', 'salt': 'Dz7WCYWk', 'md5': 'd4d27c7641af89744b9f7298cb1028f0', 'sha1': 'c38048c0865820b7113f8c1d610aa079ccaffdb1', 'sha256': 'f95664d276ca2bf45ac811eceebc5788fbe2d2ab1b34ae2e975d77dda94d2eb5'}, 'dob': {'date': '1997-01-22T21:22:39.227Z', 'age': 27}, 'registered': {'date': '2006-03-10T09:35:44.589Z', 'age': 18}, 'phone': '027-40008799', 'cell': '0902-088-4101', 'id': {'name': '', 'value': None}, 'picture': {'large': 'https://randomuser.me/api/portraits/men/60.jpg', 'medium': 'https://randomuser.me/api/portraits/med/men/60.jpg', 'thumbnail': 'https://randomuser.me/api/portraits/thumb/men/60.jpg'}, 'nat': 'IR'}</msg>
<arg>${json_data['results'][0]}</arg>
<doc>Logs the given message with the given level.</doc>
<status status="PASS" start="2024-03-26T01:51:38.791260" elapsed="0.000411"/>
</kw>
<kw name="Log" owner="BuiltIn">
<msg time="2024-03-26T01:51:38.792090" level="INFO">email</msg>
<arg>${key}</arg>
<doc>Logs the given message with the given level.</doc>
<status status="PASS" start="2024-03-26T01:51:38.791961" elapsed="0.000166"/>
</kw>
<var name="${key}">email</var>
<status status="PASS" start="2024-03-26T01:51:38.790432" elapsed="0.001907"/>
</iter>
<iter>
<kw name="Dictionary Should Contain Key" owner="Collections">
<msg time="2024-03-26T01:51:38.793021" level="INFO">False</msg>
<arg>${json_data['results'][0]}</arg>
<arg>${key}</arg>
<doc>Fails if ``key`` is not found from ``dictionary``.</doc>
<status status="PASS" start="2024-03-26T01:51:38.792627" elapsed="0.000431"/>
</kw>
<kw name="Log" owner="BuiltIn">
<msg time="2024-03-26T01:51:38.793712" level="INFO">{'gender': 'male', 'name': {'title': 'Mr', 'first': 'آرش', 'last': 'نكو نظر'}, 'location': {'street': {'number': 4400, 'name': 'شهید سرتیپ نامجو'}, 'city': 'ورامین', 'state': 'کرمانشاه', 'country': 'Iran', 'postcode': 28640, 'coordinates': {'latitude': '18.8425', 'longitude': '-87.3347'}, 'timezone': {'offset': '-4:00', 'description': 'Atlantic Time (Canada), Caracas, La Paz'}}, 'email': 'arsh.nkwnzr@example.com', 'login': {'uuid': '1b477dd3-76fc-47dc-aae4-ee393b6000db', 'username': 'tinyfish907', 'password': 'natasha', 'salt': 'Dz7WCYWk', 'md5': 'd4d27c7641af89744b9f7298cb1028f0', 'sha1': 'c38048c0865820b7113f8c1d610aa079ccaffdb1', 'sha256': 'f95664d276ca2bf45ac811eceebc5788fbe2d2ab1b34ae2e975d77dda94d2eb5'}, 'dob': {'date': '1997-01-22T21:22:39.227Z', 'age': 27}, 'registered': {'date': '2006-03-10T09:35:44.589Z', 'age': 18}, 'phone': '027-40008799', 'cell': '0902-088-4101', 'id': {'name': '', 'value': None}, 'picture': {'large': 'https://randomuser.me/api/portraits/men/60.jpg', 'medium': 'https://randomuser.me/api/portraits/med/men/60.jpg', 'thumbnail': 'https://randomuser.me/api/portraits/thumb/men/60.jpg'}, 'nat': 'IR'}</msg>
<arg>${json_data['results'][0]}</arg>
<doc>Logs the given message with the given level.</doc>
<status status="PASS" start="2024-03-26T01:51:38.793348" elapsed="0.000413"/>
</kw>
<kw name="Log" owner="BuiltIn">
<msg time="2024-03-26T01:51:38.794210" level="INFO">login</msg>
<arg>${key}</arg>
<doc>Logs the given message with the given level.</doc>
<status status="PASS" start="2024-03-26T01:51:38.794053" elapsed="0.000295"/>
</kw>
<var name="${key}">login</var>
<status status="PASS" start="2024-03-26T01:51:38.792512" elapsed="0.002065"/>
</iter>
<var>${key}</var>
<value>@{expected_keys}</value>
<status status="PASS" start="2024-03-26T01:51:38.783709" elapsed="0.010990"/>
</for>
<kw name="Create List" owner="BuiltIn">
<msg time="2024-03-26T01:51:38.795029" level="INFO">${expected_keysTwo} = ['username', 'password']</msg>
<var>${expected_keysTwo}</var>
<arg>username</arg>
<arg>password</arg>
<doc>Returns a list containing given items.</doc>
<status status="PASS" start="2024-03-26T01:51:38.794892" elapsed="0.000160"/>
</kw>
<for flavor="IN">
<iter>
<kw name="Dictionary Should Contain Key" owner="Collections">
<msg time="2024-03-26T01:51:38.795934" level="INFO">False</msg>
<arg>${json_data['results'][0]['login']}</arg>
<arg>${keyTwo}</arg>
<doc>Fails if ``key`` is not found from ``dictionary``.</doc>
<status status="PASS" start="2024-03-26T01:51:38.795556" elapsed="0.000414"/>
</kw>
<kw name="Dictionary Should Contain Key" owner="Collections">
<msg time="2024-03-26T01:51:38.796673" level="INFO">False</msg>
<arg>${json_data['results'][0]['login']}</arg>
<arg>${keyTwo}</arg>
<doc>Fails if ``key`` is not found from ``dictionary``.</doc>
<status status="PASS" start="2024-03-26T01:51:38.796280" elapsed="0.000451"/>
</kw>
<kw name="Log" owner="BuiltIn">
<msg time="2024-03-26T01:51:38.797151" level="INFO">username</msg>
<arg>${keyTwo}</arg>
<doc>Logs the given message with the given level.</doc>
<status status="PASS" start="2024-03-26T01:51:38.797026" elapsed="0.000162"/>
</kw>
<var name="${keyTwo}">username</var>
<status status="PASS" start="2024-03-26T01:51:38.795435" elapsed="0.001964"/>
</iter>
<iter>
<kw name="Dictionary Should Contain Key" owner="Collections">
<msg time="2024-03-26T01:51:38.798059" level="INFO">False</msg>
<arg>${json_data['results'][0]['login']}</arg>
<arg>${keyTwo}</arg>
<doc>Fails if ``key`` is not found from ``dictionary``.</doc>
<status status="PASS" start="2024-03-26T01:51:38.797678" elapsed="0.000418"/>
</kw>
<kw name="Dictionary Should Contain Key" owner="Collections">
<msg time="2024-03-26T01:51:38.798757" level="INFO">False</msg>
<arg>${json_data['results'][0]['login']}</arg>
<arg>${keyTwo}</arg>
<doc>Fails if ``key`` is not found from ``dictionary``.</doc>
<status status="PASS" start="2024-03-26T01:51:38.798384" elapsed="0.000409"/>
</kw>
<kw name="Log" owner="BuiltIn">
<msg time="2024-03-26T01:51:38.799208" level="INFO">password</msg>
<arg>${keyTwo}</arg>
<doc>Logs the given message with the given level.</doc>
<status status="PASS" start="2024-03-26T01:51:38.799083" elapsed="0.000163"/>
</kw>
<var name="${keyTwo}">password</var>
<status status="PASS" start="2024-03-26T01:51:38.797570" elapsed="0.001889"/>
</iter>
<var>${keyTwo}</var>
<value>@{expected_keysTwo}</value>
<status status="PASS" start="2024-03-26T01:51:38.795285" elapsed="0.004295"/>
</for>
<status status="PASS" start="2024-03-26T01:51:38.686762" elapsed="0.112955"/>
</kw>
<doc>Testa a estrutura da resposta da API.</doc>
<tag>testeEstruturaResposta</tag>
<status status="PASS" start="2024-03-26T01:51:38.685992" elapsed="0.113885"/>
</test>
<test id="s1-s1-t4" name="Validar tipos de dados" line="28">
<kw name="Teste de Tipos de Dados" owner="random-user-service">
<kw name="GET On Session" owner="RequestsLibrary">
<msg time="2024-03-26T01:51:38.896967" level="INFO">GET Request : url=https://randomuser.me/api 
 path_url=/api 
 headers={'User-Agent': 'python-requests/2.31.0', 'Accept-Encoding': 'gzip, deflate', 'Accept': '*/*', 'Connection': 'keep-alive'} 
 body=None 
 </msg>
<msg time="2024-03-26T01:51:38.897032" level="INFO">GET Response : url=https://randomuser.me/api 
 status=200, reason=OK 
 headers={'Date': 'Tue, 26 Mar 2024 01:51:38 GMT', 'Content-Type': 'application/json; charset=utf-8', 'Transfer-Encoding': 'chunked', 'Connection': 'keep-alive', 'X-Powered-By': 'Express', 'Access-Control-Allow-Origin': '*', 'Cache-Control': 'no-cache', 'ETag': 'W/"496-tFtNd2rS/Ob4xEh9bMOv0JxrQU0"', 'Vary': 'Accept-Encoding', 'Content-Encoding': 'gzip', 'CF-Cache-Status': 'DYNAMIC', 'Report-To': '{"endpoints":[{"url":"https:\\/\\/a.nel.cloudflare.com\\/report\\/v4?s=3bTq%2F841wxNiE7VIphpAd7i150xMBoxw%2BkZ8QPb9R8NA0L09026bdsd12UmAlPaYSa2tV%2B6DQoJJ4nbHoOD4cKt%2B%2FE%2FgQEgq2fOPxxtZcRiL%2B8M6WcoYWt%2BEKvTgs3Io"}],"group":"cf-nel","max_age":604800}', 'NEL': '{"success_fraction":0,"report_to":"cf-nel","max_age":604800}', 'Server': 'cloudflare', 'CF-RAY': '86a37f2b8c3f22d2-SJC', 'alt-svc': 'h3=":443"; ma=86400'} 
 body={"results":[{"gender":"female","name":{"title":"Mrs","first":"Fatma","last":"Köylüoğlu"},"location":{"street":{"number":6390,"name":"Tunalı Hilmi Cd"},"city":"Osmaniye","state":"Yozgat","country":"Turkey","postcode":58241,"coordinates":{"latitude":"69.7812","longitude":"131.0723"},"timezone":{"offset":"+11:00","description":"Magadan, Solomon Islands, New Caledonia"}},"email":"fatma.koyluoglu@example.com","login":{"uuid":"79afaafd-8d51-428b-ad1a-5c69ab8204e9","username":"redfrog818","password":"aileen","salt":"1udiFT52","md5":"0b51639fb8f068fc577549c4b04f26b2","sha1":"c0f322ce814e54bbda9c832823cbca41ec085c71","sha256":"4096856aaaf74ee6d5a10bfc8bee86c621850a35d40744548caf222a0b924b5a"},"dob":{"date":"1966-08-01T17:20:47.513Z","age":57},"registered":{"date":"2013-12-15T09:25:45.425Z","age":10},"phone":"(751)-028-6540","cell":"(936)-362-6043","id":{"name":"","value":null},"picture":{"large":"https://randomuser.me/api/portraits/women/61.jpg","medium":"https://randomuser.me/api/portraits/med/women/61.jpg","thumbnail":"https://randomuser.me/api/portraits/thumb/women/61.jpg"},"nat":"TR"}],"info":{"seed":"8213cc446e2822a9","results":1,"page":1,"version":"1.4"}} 
 </msg>
<msg time="2024-03-26T01:51:38.897092" level="INFO">/opt/hostedtoolcache/Python/3.12.2/x64/lib/python3.12/site-packages/urllib3/connectionpool.py:1103: InsecureRequestWarning: Unverified HTTPS request is being made to host 'randomuser.me'. Adding certificate verification is strongly advised. See: https://urllib3.readthedocs.io/en/latest/advanced-usage.html#tls-warnings
  warnings.warn(</msg>
<msg time="2024-03-26T01:51:38.897189" level="INFO">${response} = &lt;Response [200]&gt;</msg>
<var>${response}</var>
<arg>consultarAPI</arg>
<arg>/api</arg>
<doc>Sends a GET request on a previously created HTTP Session.</doc>
<status status="PASS" start="2024-03-26T01:51:38.802322" elapsed="0.094920"/>
</kw>
<kw name="Set Variable" owner="BuiltIn">
<msg time="2024-03-26T01:51:38.898304" level="INFO">${json_data} = {'results': [{'gender': 'female', 'name': {'title': 'Mrs', 'first': 'Fatma', 'last': 'Köylüoğlu'}, 'location': {'street': {'number': 6390, 'name': 'Tunalı Hilmi Cd'}, 'city': 'Osmaniye', 'state': 'Yoz...</msg>
<var>${json_data}</var>
<arg>${response.json()}</arg>
<doc>Returns the given values which can then be assigned to a variables.</doc>
<status status="PASS" start="2024-03-26T01:51:38.897707" elapsed="0.000631"/>
</kw>
<kw name="Log" owner="BuiltIn">
<msg time="2024-03-26T01:51:38.898802" level="INFO">{'results': [{'gender': 'female', 'name': {'title': 'Mrs', 'first': 'Fatma', 'last': 'Köylüoğlu'}, 'location': {'street': {'number': 6390, 'name': 'Tunalı Hilmi Cd'}, 'city': 'Osmaniye', 'state': 'Yozgat', 'country': 'Turkey', 'postcode': 58241, 'coordinates': {'latitude': '69.7812', 'longitude': '131.0723'}, 'timezone': {'offset': '+11:00', 'description': 'Magadan, Solomon Islands, New Caledonia'}}, 'email': 'fatma.koyluoglu@example.com', 'login': {'uuid': '79afaafd-8d51-428b-ad1a-5c69ab8204e9', 'username': 'redfrog818', 'password': 'aileen', 'salt': '1udiFT52', 'md5': '0b51639fb8f068fc577549c4b04f26b2', 'sha1': 'c0f322ce814e54bbda9c832823cbca41ec085c71', 'sha256': '4096856aaaf74ee6d5a10bfc8bee86c621850a35d40744548caf222a0b924b5a'}, 'dob': {'date': '1966-08-01T17:20:47.513Z', 'age': 57}, 'registered': {'date': '2013-12-15T09:25:45.425Z', 'age': 10}, 'phone': '(751)-028-6540', 'cell': '(936)-362-6043', 'id': {'name': '', 'value': None}, 'picture': {'large': 'https://randomuser.me/api/portraits/women/61.jpg', 'medium': 'https://randomuser.me/api/portraits/med/women/61.jpg', 'thumbnail': 'https://randomuser.me/api/portraits/thumb/women/61.jpg'}, 'nat': 'TR'}], 'info': {'seed': '8213cc446e2822a9', 'results': 1, 'page': 1, 'version': '1.4'}}</msg>
<arg>${json_data}</arg>
<doc>Logs the given message with the given level.</doc>
<status status="PASS" start="2024-03-26T01:51:38.898645" elapsed="0.000241"/>
</kw>
<kw name="Should Be String" owner="String">
<arg>${json_data['results'][0]['gender']}</arg>
<doc>Fails if the given ``item`` is not a string.</doc>
<status status="PASS" start="2024-03-26T01:51:38.899188" elapsed="0.000358"/>
</kw>
<kw name="Should Match Regexp" owner="BuiltIn">
<arg>${json_data['results'][0]['email']}</arg>
<arg>^[a-zA-Z0-9._%+-]+@[a-zA-Z0-9.-]+\.[a-zA-Z]{2,}$</arg>
<doc>Fails if ``string`` does not match ``pattern`` as a regular expression.</doc>
<status status="PASS" start="2024-03-26T01:51:38.899741" elapsed="0.000520"/>
</kw>
<kw name="Should Match Regexp" owner="BuiltIn">
<arg>${json_data['results'][0]['dob']['date']}</arg>
<arg>\\d{4}-\\d{2}-\\d{2}T\\d{2}:\\d{2}:\\d{2}\\.\\d{3}Z</arg>
<doc>Fails if ``string`` does not match ``pattern`` as a regular expression.</doc>
<status status="PASS" start="2024-03-26T01:51:38.900458" elapsed="0.000530"/>
</kw>
<kw name="Should Match Regexp" owner="BuiltIn">
<arg>${json_data['results'][0]['registered']['date']}</arg>
<arg>\\d{4}-\\d{2}-\\d{2}T\\d{2}:\\d{2}:\\d{2}\\.\\d{3}Z</arg>
<doc>Fails if ``string`` does not match ``pattern`` as a regular expression.</doc>
<status status="PASS" start="2024-03-26T01:51:38.901183" elapsed="0.000379"/>
</kw>
<kw name="Should Match Regexp" owner="BuiltIn">
<arg>${json_data['results'][0]['picture']['large']}</arg>
<arg>^https?://.*\.(?:png|jpe?g|gif|bmp)$</arg>
<doc>Fails if ``string`` does not match ``pattern`` as a regular expression.</doc>
<status status="PASS" start="2024-03-26T01:51:38.901748" elapsed="0.000457"/>
</kw>
<kw name="Should Match Regexp" owner="BuiltIn">
<arg>${json_data['results'][0]['picture']['medium']}</arg>
<arg>^https?://.*\.(?:png|jpe?g|gif|bmp)$</arg>
<doc>Fails if ``string`` does not match ``pattern`` as a regular expression.</doc>
<status status="PASS" start="2024-03-26T01:51:38.902395" elapsed="0.000358"/>
</kw>
<kw name="Should Match Regexp" owner="BuiltIn">
<arg>${json_data['results'][0]['picture']['thumbnail']}</arg>
<arg>^https?://.*\.(?:png|jpe?g|gif|bmp)$</arg>
<doc>Fails if ``string`` does not match ``pattern`` as a regular expression.</doc>
<status status="PASS" start="2024-03-26T01:51:38.902940" elapsed="0.000345"/>
</kw>
<kw name="Log" owner="BuiltIn">
<msg time="2024-03-26T01:51:38.903796" level="INFO">{'large': 'https://randomuser.me/api/portraits/women/61.jpg', 'medium': 'https://randomuser.me/api/portraits/med/women/61.jpg', 'thumbnail': 'https://randomuser.me/api/portraits/thumb/women/61.jpg'}</msg>
<arg>${json_data['results'][0]['picture']}</arg>
<doc>Logs the given message with the given level.</doc>
<status status="PASS" start="2024-03-26T01:51:38.903466" elapsed="0.000376"/>
</kw>
<status status="PASS" start="2024-03-26T01:51:38.802090" elapsed="0.102007"/>
</kw>
<kw name="Teste de Tipos de Dados - Postcode" owner="random-user-service">
<kw name="GET On Session" owner="RequestsLibrary">
<msg time="2024-03-26T01:51:39.004642" level="INFO">GET Request : url=https://randomuser.me/api 
 path_url=/api 
 headers={'User-Agent': 'python-requests/2.31.0', 'Accept-Encoding': 'gzip, deflate', 'Accept': '*/*', 'Connection': 'keep-alive'} 
 body=None 
 </msg>
<msg time="2024-03-26T01:51:39.004784" level="INFO">GET Response : url=https://randomuser.me/api 
 status=200, reason=OK 
 headers={'Date': 'Tue, 26 Mar 2024 01:51:39 GMT', 'Content-Type': 'application/json; charset=utf-8', 'Transfer-Encoding': 'chunked', 'Connection': 'keep-alive', 'X-Powered-By': 'Express', 'Access-Control-Allow-Origin': '*', 'Cache-Control': 'no-cache', 'ETag': 'W/"480-Z26DpZQFcHQya0DvjnPmhq/6BKk"', 'Vary': 'Accept-Encoding', 'Content-Encoding': 'gzip', 'CF-Cache-Status': 'DYNAMIC', 'Report-To': '{"endpoints":[{"url":"https:\\/\\/a.nel.cloudflare.com\\/report\\/v4?s=VFyhn5yCWidrdQb7oBVYyQMz8Kp3F%2FAHcBYdtODQiB6LBySuExDM9fH81kmvu3bOhbPRLiNtW2idm%2BYtsH03E53CyD%2FHkIZp3mda5VgstEjSsSrPEwHYam0l84cHVGL9"}],"group":"cf-nel","max_age":604800}', 'NEL': '{"success_fraction":0,"report_to":"cf-nel","max_age":604800}', 'Server': 'cloudflare', 'CF-RAY': '86a37f2c2ced22d2-SJC', 'alt-svc': 'h3=":443"; ma=86400'} 
 body={"results":[{"gender":"female","name":{"title":"Miss","first":"Lilly","last":"Ebel"},"location":{"street":{"number":215,"name":"Poststraße"},"city":"Wiehl","state":"Brandenburg","country":"Germany","postcode":81648,"coordinates":{"latitude":"-53.6669","longitude":"39.9044"},"timezone":{"offset":"-12:00","description":"Eniwetok, Kwajalein"}},"email":"lilly.ebel@example.com","login":{"uuid":"92500cf3-ced0-4f3c-98d6-0cbb21673878","username":"greenbear826","password":"sugar","salt":"31c0lWZI","md5":"3300b6c613a2706baa2da5ad2b3b70ee","sha1":"38acc2ff505d1838e19a51144a395151466f4c66","sha256":"86b0ba8e674217f9d336508895c77a35a9e1766239406f85b1664b6546ca070c"},"dob":{"date":"1984-11-20T08:38:03.751Z","age":39},"registered":{"date":"2016-04-05T22:40:26.737Z","age":7},"phone":"0144-2545763","cell":"0174-7674357","id":{"name":"SVNR","value":"16 201184 E 761"},"picture":{"large":"https://randomuser.me/api/portraits/women/15.jpg","medium":"https://randomuser.me/api/portraits/med/women/15.jpg","thumbnail":"https://randomuser.me/api/portraits/thumb/women/15.jpg"},"nat":"DE"}],"info":{"seed":"608e9c8f39fe4bc7","results":1,"page":1,"version":"1.4"}} 
 </msg>
<msg time="2024-03-26T01:51:39.004885" level="INFO">/opt/hostedtoolcache/Python/3.12.2/x64/lib/python3.12/site-packages/urllib3/connectionpool.py:1103: InsecureRequestWarning: Unverified HTTPS request is being made to host 'randomuser.me'. Adding certificate verification is strongly advised. See: https://urllib3.readthedocs.io/en/latest/advanced-usage.html#tls-warnings
  warnings.warn(</msg>
<msg time="2024-03-26T01:51:39.005038" level="INFO">${response} = &lt;Response [200]&gt;</msg>
<var>${response}</var>
<arg>consultarAPI</arg>
<arg>/api</arg>
<doc>Sends a GET request on a previously created HTTP Session.</doc>
<status status="PASS" start="2024-03-26T01:51:38.904651" elapsed="0.100435"/>
</kw>
<kw name="Set Variable" owner="BuiltIn">
<msg time="2024-03-26T01:51:39.006248" level="INFO">${json_data} = {'results': [{'gender': 'female', 'name': {'title': 'Miss', 'first': 'Lilly', 'last': 'Ebel'}, 'location': {'street': {'number': 215, 'name': 'Poststraße'}, 'city': 'Wiehl', 'state': 'Brandenburg', 'c...</msg>
<var>${json_data}</var>
<arg>${response.json()}</arg>
<doc>Returns the given values which can then be assigned to a variables.</doc>
<status status="PASS" start="2024-03-26T01:51:39.005724" elapsed="0.000553"/>
</kw>
<kw name="Log" owner="BuiltIn">
<msg time="2024-03-26T01:51:39.006781" level="INFO">{'results': [{'gender': 'female', 'name': {'title': 'Miss', 'first': 'Lilly', 'last': 'Ebel'}, 'location': {'street': {'number': 215, 'name': 'Poststraße'}, 'city': 'Wiehl', 'state': 'Brandenburg', 'country': 'Germany', 'postcode': 81648, 'coordinates': {'latitude': '-53.6669', 'longitude': '39.9044'}, 'timezone': {'offset': '-12:00', 'description': 'Eniwetok, Kwajalein'}}, 'email': 'lilly.ebel@example.com', 'login': {'uuid': '92500cf3-ced0-4f3c-98d6-0cbb21673878', 'username': 'greenbear826', 'password': 'sugar', 'salt': '31c0lWZI', 'md5': '3300b6c613a2706baa2da5ad2b3b70ee', 'sha1': '38acc2ff505d1838e19a51144a395151466f4c66', 'sha256': '86b0ba8e674217f9d336508895c77a35a9e1766239406f85b1664b6546ca070c'}, 'dob': {'date': '1984-11-20T08:38:03.751Z', 'age': 39}, 'registered': {'date': '2016-04-05T22:40:26.737Z', 'age': 7}, 'phone': '0144-2545763', 'cell': '0174-7674357', 'id': {'name': 'SVNR', 'value': '16 201184 E 761'}, 'picture': {'large': 'https://randomuser.me/api/portraits/women/15.jpg', 'medium': 'https://randomuser.me/api/portraits/med/women/15.jpg', 'thumbnail': 'https://randomuser.me/api/portraits/thumb/women/15.jpg'}, 'nat': 'DE'}], 'info': {'seed': '608e9c8f39fe4bc7', 'results': 1, 'page': 1, 'version': '1.4'}}</msg>
<arg>${json_data}</arg>
<doc>Logs the given message with the given level.</doc>
<status status="PASS" start="2024-03-26T01:51:39.006596" elapsed="0.000269"/>
</kw>
<kw name="Should Be Equal As Numbers" owner="BuiltIn">
<arg>${json_data['results'][0]['location']['postcode']}</arg>
<arg>${json_data['results'][0]['location']['postcode']}</arg>
<doc>Fails if objects are unequal after converting them to real numbers.</doc>
<status status="PASS" start="2024-03-26T01:51:39.007173" elapsed="0.000625"/>
</kw>
<kw name="Log" owner="BuiltIn">
<msg time="2024-03-26T01:51:39.008327" level="INFO">81648</msg>
<arg>${json_data['results'][0]['location']['postcode']}</arg>
<doc>Logs the given message with the given level.</doc>
<status status="PASS" start="2024-03-26T01:51:39.007994" elapsed="0.000373"/>
</kw>
<status status="PASS" start="2024-03-26T01:51:38.904310" elapsed="0.104317"/>
</kw>
<doc>Testa se os tipos de dados na resposta da API estão corretos.</doc>
<tag>testeTiposDados</tag>
<status status="PASS" start="2024-03-26T01:51:38.801642" elapsed="0.207192"/>
</test>
<test id="s1-s1-t5" name="Validar conteudo" line="35">
<kw name="Teste de Tipos de Conteudo" owner="random-user-service">
<kw name="GET On Session" owner="RequestsLibrary">
<msg time="2024-03-26T01:51:39.096033" level="INFO">GET Request : url=https://randomuser.me/api 
 path_url=/api 
 headers={'User-Agent': 'python-requests/2.31.0', 'Accept-Encoding': 'gzip, deflate', 'Accept': '*/*', 'Connection': 'keep-alive'} 
 body=None 
 </msg>
<msg time="2024-03-26T01:51:39.096150" level="INFO">GET Response : url=https://randomuser.me/api 
 status=200, reason=OK 
 headers={'Date': 'Tue, 26 Mar 2024 01:51:39 GMT', 'Content-Type': 'application/json; charset=utf-8', 'Transfer-Encoding': 'chunked', 'Connection': 'keep-alive', 'X-Powered-By': 'Express', 'Access-Control-Allow-Origin': '*', 'Cache-Control': 'no-cache', 'ETag': 'W/"49e-DxMyLR6+8K+by+X9J6F2ZU6jdL8"', 'Vary': 'Accept-Encoding', 'Content-Encoding': 'gzip', 'CF-Cache-Status': 'DYNAMIC', 'Report-To': '{"endpoints":[{"url":"https:\\/\\/a.nel.cloudflare.com\\/report\\/v4?s=xW%2FTPjA5Y3PmhrEf%2BOtWx6X9EwfeNfqPo0pA%2BMM07ZUO9TqPI2ybg4xkIsFhghSXEEH6gmCaNTDuS8HhXg0lg2Y6%2FAVTMLyhdkPLuTLtdMn5K4A3K6gYMBlQnxWY1Ype"}],"group":"cf-nel","max_age":604800}', 'NEL': '{"success_fraction":0,"report_to":"cf-nel","max_age":604800}', 'Server': 'cloudflare', 'CF-RAY': '86a37f2cddab22d2-SJC', 'alt-svc': 'h3=":443"; ma=86400'} 
 body={"results":[{"gender":"male","name":{"title":"Mr","first":"Neil","last":"Gardner"},"location":{"street":{"number":8999,"name":"W Sherman Dr"},"city":"Ennis","state":"Massachusetts","country":"United States","postcode":12707,"coordinates":{"latitude":"88.9042","longitude":"-71.9852"},"timezone":{"offset":"0:00","description":"Western Europe Time, London, Lisbon, Casablanca"}},"email":"neil.gardner@example.com","login":{"uuid":"b47ee460-a456-41a8-a361-f1e67712cc21","username":"happybird974","password":"carman","salt":"PrvzhNGy","md5":"edc735dde479b84f1c155c897931b09a","sha1":"7e7b373fd364e1057d5e87738276272a6286de8d","sha256":"9e21782cee317dab0d8b3755c3406b5b9064ff30df0ac0d0a345071df3a10fc3"},"dob":{"date":"1950-03-14T23:38:19.424Z","age":74},"registered":{"date":"2020-04-25T11:38:36.336Z","age":3},"phone":"(541) 377-1002","cell":"(621) 292-1267","id":{"name":"SSN","value":"728-62-6412"},"picture":{"large":"https://randomuser.me/api/portraits/men/38.jpg","medium":"https://randomuser.me/api/portraits/med/men/38.jpg","thumbnail":"https://randomuser.me/api/portraits/thumb/men/38.jpg"},"nat":"US"}],"info":{"seed":"4ae512b5e2383dab","results":1,"page":1,"version":"1.4"}} 
 </msg>
<msg time="2024-03-26T01:51:39.096230" level="INFO">/opt/hostedtoolcache/Python/3.12.2/x64/lib/python3.12/site-packages/urllib3/connectionpool.py:1103: InsecureRequestWarning: Unverified HTTPS request is being made to host 'randomuser.me'. Adding certificate verification is strongly advised. See: https://urllib3.readthedocs.io/en/latest/advanced-usage.html#tls-warnings
  warnings.warn(</msg>
<msg time="2024-03-26T01:51:39.096396" level="INFO">${response} = &lt;Response [200]&gt;</msg>
<var>${response}</var>
<arg>consultarAPI</arg>
<arg>/api</arg>
<doc>Sends a GET request on a previously created HTTP Session.</doc>
<status status="PASS" start="2024-03-26T01:51:39.011363" elapsed="0.085078"/>
</kw>
<kw name="Set Variable" owner="BuiltIn">
<msg time="2024-03-26T01:51:39.097624" level="INFO">${json_data} = {'results': [{'gender': 'male', 'name': {'title': 'Mr', 'first': 'Neil', 'last': 'Gardner'}, 'location': {'street': {'number': 8999, 'name': 'W Sherman Dr'}, 'city': 'Ennis', 'state': 'Massachusetts',...</msg>
<var>${json_data}</var>
<arg>${response.json()}</arg>
<doc>Returns the given values which can then be assigned to a variables.</doc>
<status status="PASS" start="2024-03-26T01:51:39.097099" elapsed="0.000553"/>
</kw>
<kw name="Set Variable" owner="BuiltIn">
<msg time="2024-03-26T01:51:39.098351" level="INFO">${name_title} = Mr</msg>
<var>${name_title}</var>
<arg>${json_data["results"][0]["name"]["title"]}</arg>
<doc>Returns the given values which can then be assigned to a variables.</doc>
<status status="PASS" start="2024-03-26T01:51:39.097962" elapsed="0.000414"/>
</kw>
<kw name="Create List" owner="BuiltIn">
<msg time="2024-03-26T01:51:39.098830" level="INFO">${allowed_titles} = ['Mr', 'Ms', 'Miss', 'Mrs', 'Madame', 'Monsieur']</msg>
<var>${allowed_titles}</var>
<arg>Mr</arg>
<arg>Ms</arg>
<arg>Miss</arg>
<arg>Mrs</arg>
<arg>Madame</arg>
<arg>Monsieur</arg>
<doc>Returns a list containing given items.</doc>
<status status="PASS" start="2024-03-26T01:51:39.098678" elapsed="0.000177"/>
</kw>
<kw name="List Should Contain Value" owner="Collections">
<msg time="2024-03-26T01:51:39.099343" level="INFO">False</msg>
<arg>${allowed_titles}</arg>
<arg>${name_title}</arg>
<doc>Fails if the ``value`` is not found from ``list``.</doc>
<status status="PASS" start="2024-03-26T01:51:39.099162" elapsed="0.000219"/>
</kw>
<kw name="Set Variable" owner="BuiltIn">
<msg time="2024-03-26T01:51:39.100049" level="INFO">${name_country} = US</msg>
<var>${name_country}</var>
<arg>${json_data["results"][0]["nat"]}</arg>
<doc>Returns the given values which can then be assigned to a variables.</doc>
<status status="PASS" start="2024-03-26T01:51:39.099677" elapsed="0.000396"/>
</kw>
<kw name="Create List" owner="BuiltIn">
<msg time="2024-03-26T01:51:39.101046" level="INFO">${list_country} = ['AD', 'AE', 'AF', 'AG', 'AI', 'AL', 'AM', 'AO', 'AQ', 'AR', 'AS', 'AT', 'AU', 'AW', 'AX', 'AZ', 'BA', 'BB', 'BD', 'BE', 'BF', 'BG', 'BH', 'BI', 'BJ', 'BL', 'BM', 'BN', 'BO', 'BQ', 'BR', 'BS', 'BT', '...</msg>
<var>${list_country}</var>
<arg>AD</arg>
<arg>AE</arg>
<arg>AF</arg>
<arg>AG</arg>
<arg>AI</arg>
<arg>AL</arg>
<arg>AM</arg>
<arg>AO</arg>
<arg>AQ</arg>
<arg>AR</arg>
<arg>AS</arg>
<arg>AT</arg>
<arg>AU</arg>
<arg>AW</arg>
<arg>AX</arg>
<arg>AZ</arg>
<arg>BA</arg>
<arg>BB</arg>
<arg>BD</arg>
<arg>BE</arg>
<arg>BF</arg>
<arg>BG</arg>
<arg>BH</arg>
<arg>BI</arg>
<arg>BJ</arg>
<arg>BL</arg>
<arg>BM</arg>
<arg>BN</arg>
<arg>BO</arg>
<arg>BQ</arg>
<arg>BR</arg>
<arg>BS</arg>
<arg>BT</arg>
<arg>BV</arg>
<arg>BW</arg>
<arg>BY</arg>
<arg>BZ</arg>
<arg>CA</arg>
<arg>CC</arg>
<arg>CD</arg>
<arg>CF</arg>
<arg>CG</arg>
<arg>CH</arg>
<arg>CI</arg>
<arg>CK</arg>
<arg>CL</arg>
<arg>CM</arg>
<arg>CN</arg>
<arg>CO</arg>
<arg>CR</arg>
<arg>CU</arg>
<arg>CV</arg>
<arg>CW</arg>
<arg>CX</arg>
<arg>CY</arg>
<arg>CZ</arg>
<arg>DE</arg>
<arg>DJ</arg>
<arg>DK</arg>
<arg>DM</arg>
<arg>DO</arg>
<arg>DZ</arg>
<arg>EC</arg>
<arg>EE</arg>
<arg>EG</arg>
<arg>EH</arg>
<arg>ER</arg>
<arg>ES</arg>
<arg>ET</arg>
<arg>FI</arg>
<arg>FJ</arg>
<arg>FK</arg>
<arg>FM</arg>
<arg>FO</arg>
<arg>FR</arg>
<arg>GA</arg>
<arg>GB</arg>
<arg>GD</arg>
<arg>GE</arg>
<arg>GF</arg>
<arg>GG</arg>
<arg>GH</arg>
<arg>GI</arg>
<arg>GL</arg>
<arg>GM</arg>
<arg>GN</arg>
<arg>GP</arg>
<arg>GQ</arg>
<arg>GR</arg>
<arg>GS</arg>
<arg>GT</arg>
<arg>GU</arg>
<arg>GW</arg>
<arg>GY</arg>
<arg>HK</arg>
<arg>HM</arg>
<arg>HN</arg>
<arg>HR</arg>
<arg>HT</arg>
<arg>HU</arg>
<arg>ID</arg>
<arg>IE</arg>
<arg>IL</arg>
<arg>IM</arg>
<arg>IN</arg>
<arg>IO</arg>
<arg>IQ</arg>
<arg>IR</arg>
<arg>IS</arg>
<arg>IT</arg>
<arg>JE</arg>
<arg>JM</arg>
<arg>JO</arg>
<arg>JP</arg>
<arg>KE</arg>
<arg>KG</arg>
<arg>KH</arg>
<arg>KI</arg>
<arg>KM</arg>
<arg>KN</arg>
<arg>KP</arg>
<arg>KR</arg>
<arg>KW</arg>
<arg>KY</arg>
<arg>KZ</arg>
<arg>LA</arg>
<arg>LB</arg>
<arg>LC</arg>
<arg>LI</arg>
<arg>LK</arg>
<arg>LR</arg>
<arg>LS</arg>
<arg>LT</arg>
<arg>LU</arg>
<arg>LV</arg>
<arg>LY</arg>
<arg>MA</arg>
<arg>MC</arg>
<arg>MD</arg>
<arg>ME</arg>
<arg>MF</arg>
<arg>MG</arg>
<arg>MH</arg>
<arg>MK</arg>
<arg>ML</arg>
<arg>MM</arg>
<arg>MN</arg>
<arg>MO</arg>
<arg>MP</arg>
<arg>MQ</arg>
<arg>MR</arg>
<arg>MS</arg>
<arg>MT</arg>
<arg>MU</arg>
<arg>MV</arg>
<arg>MW</arg>
<arg>MX</arg>
<arg>MY</arg>
<arg>MZ</arg>
<arg>NA</arg>
<arg>NC</arg>
<arg>NE</arg>
<arg>NF</arg>
<arg>NG</arg>
<arg>NI</arg>
<arg>NL</arg>
<arg>NO</arg>
<arg>NP</arg>
<arg>NR</arg>
<arg>NU</arg>
<arg>NZ</arg>
<arg>OM</arg>
<arg>PA</arg>
<arg>PE</arg>
<arg>PF</arg>
<arg>PG</arg>
<arg>PH</arg>
<arg>PK</arg>
<arg>PL</arg>
<arg>PM</arg>
<arg>PN</arg>
<arg>PR</arg>
<arg>PS</arg>
<arg>PT</arg>
<arg>PW</arg>
<arg>PY</arg>
<arg>QA</arg>
<arg>RE</arg>
<arg>RO</arg>
<arg>RS</arg>
<arg>RU</arg>
<arg>RW</arg>
<arg>SA</arg>
<arg>SB</arg>
<arg>SC</arg>
<arg>SD</arg>
<arg>SE</arg>
<arg>SG</arg>
<arg>SH</arg>
<arg>SI</arg>
<arg>SJ</arg>
<arg>SK</arg>
<arg>SL</arg>
<arg>SM</arg>
<arg>SN</arg>
<arg>SO</arg>
<arg>SR</arg>
<arg>SS</arg>
<arg>ST</arg>
<arg>SV</arg>
<arg>SX</arg>
<arg>SY</arg>
<arg>SZ</arg>
<arg>TC</arg>
<arg>TD</arg>
<arg>TF</arg>
<arg>TG</arg>
<arg>TH</arg>
<arg>TJ</arg>
<arg>TK</arg>
<arg>TL</arg>
<arg>TM</arg>
<arg>TN</arg>
<arg>TO</arg>
<arg>TR</arg>
<arg>TT</arg>
<arg>TV</arg>
<arg>TW</arg>
<arg>TZ</arg>
<arg>UA</arg>
<arg>UG</arg>
<arg>UM</arg>
<arg>US</arg>
<arg>UY</arg>
<arg>UZ</arg>
<arg>VA</arg>
<arg>VC</arg>
<arg>VE</arg>
<arg>VG</arg>
<arg>VI</arg>
<arg>VN</arg>
<arg>VU</arg>
<arg>WF</arg>
<arg>WS</arg>
<arg>XK</arg>
<arg>YE</arg>
<arg>YT</arg>
<arg>ZA</arg>
<arg>ZM</arg>
<arg>ZW</arg>
<doc>Returns a list containing given items.</doc>
<status status="PASS" start="2024-03-26T01:51:39.100414" elapsed="0.000657"/>
</kw>
<kw name="List Should Contain Value" owner="Collections">
<msg time="2024-03-26T01:51:39.102202" level="INFO">False</msg>
<arg>${list_country}</arg>
<arg>${name_country}</arg>
<doc>Fails if the ``value`` is not found from ``list``.</doc>
<status status="PASS" start="2024-03-26T01:51:39.101996" elapsed="0.000244"/>
</kw>
<kw name="Run Keyword If" owner="BuiltIn">
<kw name="Should Be True" owner="BuiltIn">
<arg>${True}</arg>
<doc>Fails if the given condition is not true.</doc>
<status status="PASS" start="2024-03-26T01:51:39.103310" elapsed="0.000145"/>
</kw>
<arg>${json_data["results"][0]["location"]["coordinates"]["latitude"]} &gt;= -90 and ${json_data["results"][0]["location"]["coordinates"]["latitude"]} &lt;= 90</arg>
<arg>Should Be True</arg>
<arg>${True}</arg>
<doc>Runs the given keyword with the given arguments, if ``condition`` is true.</doc>
<status status="PASS" start="2024-03-26T01:51:39.102552" elapsed="0.001030"/>
</kw>
<kw name="Run Keyword If" owner="BuiltIn">
<kw name="Should Be True" owner="BuiltIn">
<arg>${True}</arg>
<doc>Fails if the given condition is not true.</doc>
<status status="PASS" start="2024-03-26T01:51:39.104462" elapsed="0.000137"/>
</kw>
<arg>${json_data["results"][0]["location"]["coordinates"]["longitude"]} &gt;= -180 and ${json_data["results"][0]["location"]["coordinates"]["longitude"]} &lt;= 180</arg>
<arg>Should Be True</arg>
<arg>${True}</arg>
<doc>Runs the given keyword with the given arguments, if ``condition`` is true.</doc>
<status status="PASS" start="2024-03-26T01:51:39.103767" elapsed="0.000982"/>
</kw>
<status status="PASS" start="2024-03-26T01:51:39.011132" elapsed="0.093753"/>
</kw>
<doc>Testa o conteúdo específico dos campos retornados pela API.</doc>
<tag>testeConteudo</tag>
<status status="PASS" start="2024-03-26T01:51:39.010597" elapsed="0.094442"/>
</test>
<status status="PASS" start="2024-03-26T01:51:38.123707" elapsed="0.983305"/>
</suite>
<status status="PASS" start="2024-03-26T01:51:38.109969" elapsed="1.002444"/>
</suite>
<statistics>
<total>
<stat pass="5" fail="0" skip="0">All Tests</stat>
</total>
<tag>
<stat pass="1" fail="0" skip="0">testeConteudo</stat>
<stat pass="1" fail="0" skip="0">testeEstruturaResposta</stat>
<stat pass="1" fail="0" skip="0">testeRequisicaoBasica</stat>
<stat pass="1" fail="0" skip="0">testeTiposDados</stat>
</tag>
<suite>
<stat pass="5" fail="0" skip="0" id="s1" name="Tests">Tests</stat>
<stat pass="5" fail="0" skip="0" id="s1-s1" name="Random-User-Test">Tests.Random-User-Test</stat>
</suite>
</statistics>
<errors>
</errors>
</robot>
