<?xml version="1.0" encoding="UTF-8"?>
<robot generator="Robot 7.0 (Python 3.12.3 on linux)" generated="2024-05-20T18:19:02.924329" rpa="false" schemaversion="5">
<suite id="s1" name="Tests" source="/home/runner/work/DesafioQAItauRogerioJordao/DesafioQAItauRogerioJordao/RamdonUser/tests">
<suite id="s1-s1" name="Random-User-Test" source="/home/runner/work/DesafioQAItauRogerioJordao/DesafioQAItauRogerioJordao/RamdonUser/tests/random-user-test.robot">
<test id="s1-s1-t1" name="Conectar" line="13">
<kw name="Conectar API" owner="random-user-service">
<kw name="Create Session" owner="RequestsLibrary">
<msg time="2024-05-20T18:19:03.307937" level="INFO">Creating Session using : alias=consultarAPI, url=https://randomuser.me/, headers={},                     cookies={}, auth=None, timeout=None, proxies=None, verify=False,                     debug=0 </msg>
<arg>consultarAPI</arg>
<arg>${URL}</arg>
<doc>Create Session: create a HTTP session to a server</doc>
<status status="PASS" start="2024-05-20T18:19:03.307733" elapsed="0.000387"/>
</kw>
<status status="PASS" start="2024-05-20T18:19:03.306722" elapsed="0.001757"/>
</kw>
<status status="PASS" start="2024-05-20T18:19:03.306168" elapsed="0.002505"/>
</test>
<test id="s1-s1-t2" name="Validar retorno 200 e JSON Válido" line="16">
<kw name="Teste de Requisicao Basica" owner="random-user-service">
<kw name="GET On Session" owner="RequestsLibrary">
<msg time="2024-05-20T18:19:03.383903" level="INFO">GET Request : url=https://randomuser.me/api 
 path_url=/api 
 headers={'User-Agent': 'python-requests/2.32.0', 'Accept-Encoding': 'gzip, deflate', 'Accept': '*/*', 'Connection': 'keep-alive'} 
 body=None 
 </msg>
<msg time="2024-05-20T18:19:03.384055" level="INFO">GET Response : url=https://randomuser.me/api 
 status=200, reason=OK 
 headers={'Date': 'Mon, 20 May 2024 18:19:03 GMT', 'Content-Type': 'application/json; charset=utf-8', 'Transfer-Encoding': 'chunked', 'Connection': 'keep-alive', 'X-Powered-By': 'Express', 'Access-Control-Allow-Origin': '*', 'Cache-Control': 'no-cache', 'ETag': 'W/"474-IoKxrVozXL52uxoEUzwY9tsfrPI"', 'Vary': 'Accept-Encoding', 'Content-Encoding': 'gzip', 'CF-Cache-Status': 'DYNAMIC', 'Report-To': '{"endpoints":[{"url":"https:\\/\\/a.nel.cloudflare.com\\/report\\/v4?s=t1l5wb80ktfK%2BfHqplC%2FhbyBo7ykhXUs7snrzxdFlgW17pmzRzoA3J8ck4mbZDC3kowa7BqaIWlfqJvXr3KGSI3aJMU5ro1gznREel9QMvXsgmtNXsBN70PNxgVInt%2Bb"}],"group":"cf-nel","max_age":604800}', 'NEL': '{"success_fraction":0,"report_to":"cf-nel","max_age":604800}', 'Server': 'cloudflare', 'CF-RAY': '886e5531dc9038a0-IAD', 'alt-svc': 'h3=":443"; ma=86400'} 
 body={"results":[{"gender":"male","name":{"title":"Mr","first":"طاها","last":"نجاتی"},"location":{"street":{"number":2666,"name":"شهید بهشتی"},"city":"سبزوار","state":"اردبیل","country":"Iran","postcode":27009,"coordinates":{"latitude":"20.8718","longitude":"-60.4709"},"timezone":{"offset":"+5:45","description":"Kathmandu"}},"email":"th.njty@example.com","login":{"uuid":"8bb46813-a7bb-411e-8478-6aa8026fc323","username":"heavyleopard472","password":"divorce","salt":"NDRTfh4W","md5":"7a201b52e0dca05ecfe6d0375838a8be","sha1":"7632295bd91f9831c995f49813c2ae5045da2579","sha256":"bca491e31fb5c6876c95713211c77ce87a912110d0c6f0ed5b66318acec0b5f4"},"dob":{"date":"1981-03-29T07:26:41.788Z","age":43},"registered":{"date":"2015-10-27T14:24:40.498Z","age":8},"phone":"001-39711239","cell":"0924-867-9545","id":{"name":"","value":null},"picture":{"large":"https://randomuser.me/api/portraits/men/52.jpg","medium":"https://randomuser.me/api/portraits/med/men/52.jpg","thumbnail":"https://randomuser.me/api/portraits/thumb/men/52.jpg"},"nat":"IR"}],"info":{"seed":"4ff3f5a9bd01dcfd","results":1,"page":1,"version":"1.4"}} 
 </msg>
<msg time="2024-05-20T18:19:03.384146" level="INFO">/opt/hostedtoolcache/Python/3.12.3/x64/lib/python3.12/site-packages/urllib3/connectionpool.py:1103: InsecureRequestWarning: Unverified HTTPS request is being made to host 'randomuser.me'. Adding certificate verification is strongly advised. See: https://urllib3.readthedocs.io/en/latest/advanced-usage.html#tls-warnings
  warnings.warn(</msg>
<msg time="2024-05-20T18:19:03.384298" level="INFO">${response} = &lt;Response [200]&gt;</msg>
<var>${response}</var>
<arg>consultarAPI</arg>
<arg>/api</arg>
<doc>Sends a GET request on a previously created HTTP Session.</doc>
<status status="PASS" start="2024-05-20T18:19:03.311278" elapsed="0.073073"/>
</kw>
<kw name="Should Be Equal As Numbers" owner="BuiltIn">
<msg time="2024-05-20T18:19:03.385366" level="INFO">Argument types are:
&lt;class 'int'&gt;
&lt;class 'str'&gt;</msg>
<arg>${response.status_code}</arg>
<arg>200</arg>
<doc>Fails if objects are unequal after converting them to real numbers.</doc>
<status status="PASS" start="2024-05-20T18:19:03.384928" elapsed="0.000502"/>
</kw>
<kw name="Log" owner="BuiltIn">
<msg time="2024-05-20T18:19:03.386125" level="INFO">200</msg>
<arg>${response.status_code}</arg>
<doc>Logs the given message with the given level.</doc>
<status status="PASS" start="2024-05-20T18:19:03.385782" elapsed="0.000386"/>
</kw>
<kw name="Set Variable" owner="BuiltIn">
<msg time="2024-05-20T18:19:03.386969" level="INFO">${json_data} = {'results': [{'gender': 'male', 'name': {'title': 'Mr', 'first': 'طاها', 'last': 'نجاتی'}, 'location': {'street': {'number': 2666, 'name': 'شهید بهشتی'}, 'city': 'سبزوار', 'state': 'اردبیل', 'country'...</msg>
<var>${json_data}</var>
<arg>${response.json()}</arg>
<doc>Returns the given values which can then be assigned to a variables.</doc>
<status status="PASS" start="2024-05-20T18:19:03.386477" elapsed="0.000525"/>
</kw>
<kw name="Dictionary Should Contain Key" owner="Collections">
<msg time="2024-05-20T18:19:03.387478" level="INFO">False</msg>
<arg>${json_data}</arg>
<arg>results</arg>
<doc>Fails if ``key`` is not found from ``dictionary``.</doc>
<status status="PASS" start="2024-05-20T18:19:03.387314" elapsed="0.000204"/>
</kw>
<status status="PASS" start="2024-05-20T18:19:03.311030" elapsed="0.076743"/>
</kw>
<doc>Testa se a API responde corretamente e retorna um objeto JSON válido.</doc>
<tag>testeRequisicaoBasica</tag>
<status status="PASS" start="2024-05-20T18:19:03.310534" elapsed="0.077423"/>
</test>
<test id="s1-s1-t3" name="Validar estrutura de resposta" line="22">
<kw name="Teste de Estrutura de Resposta" owner="random-user-service">
<kw name="GET On Session" owner="RequestsLibrary">
<msg time="2024-05-20T18:19:03.493187" level="INFO">GET Request : url=https://randomuser.me/api 
 path_url=/api 
 headers={'User-Agent': 'python-requests/2.32.0', 'Accept-Encoding': 'gzip, deflate', 'Accept': '*/*', 'Connection': 'keep-alive'} 
 body=None 
 </msg>
<msg time="2024-05-20T18:19:03.493282" level="INFO">GET Response : url=https://randomuser.me/api 
 status=200, reason=OK 
 headers={'Date': 'Mon, 20 May 2024 18:19:03 GMT', 'Content-Type': 'application/json; charset=utf-8', 'Transfer-Encoding': 'chunked', 'Connection': 'keep-alive', 'X-Powered-By': 'Express', 'Access-Control-Allow-Origin': '*', 'Cache-Control': 'no-cache', 'ETag': 'W/"4a5-4umYuH+xVuXUGN11E7Ude/fOGik"', 'Vary': 'Accept-Encoding', 'Content-Encoding': 'gzip', 'CF-Cache-Status': 'DYNAMIC', 'Report-To': '{"endpoints":[{"url":"https:\\/\\/a.nel.cloudflare.com\\/report\\/v4?s=SeQa6h9LRxtGbS3JhXH6NynpTaqo36Ceoa26A9j2Rdss%2F21SVZ41c7uGb7I%2BRSaBEbm4KVNi4GowG%2Fnp5LcdtLn8oW8OOpB2Q8OcdG%2F1wlWVLipRPePvxZaQavpJj6Is"}],"group":"cf-nel","max_age":604800}', 'NEL': '{"success_fraction":0,"report_to":"cf-nel","max_age":604800}', 'Server': 'cloudflare', 'CF-RAY': '886e55323d2a38a0-IAD', 'alt-svc': 'h3=":443"; ma=86400'} 
 body={"results":[{"gender":"female","name":{"title":"Mrs","first":"Saana","last":"Pietila"},"location":{"street":{"number":2615,"name":"Tehtaankatu"},"city":"Vaasa","state":"Northern Savonia","country":"Finland","postcode":50337,"coordinates":{"latitude":"-22.7682","longitude":"3.6777"},"timezone":{"offset":"+5:00","description":"Ekaterinburg, Islamabad, Karachi, Tashkent"}},"email":"saana.pietila@example.com","login":{"uuid":"db5a4ee7-7f2f-4d77-811c-c92ff6346aae","username":"smallrabbit625","password":"animals","salt":"0l81EBYe","md5":"7301b69200ef8ab20ebfbb3087e2c671","sha1":"6f26cdee40bfb37ba3e937625cfe7117ffdc3207","sha256":"71d7250843a940541ad528e7ecee5e782f87febae2d8a085c3b13aa9e78e9a7b"},"dob":{"date":"1952-07-25T19:59:52.817Z","age":71},"registered":{"date":"2021-03-16T17:20:10.214Z","age":3},"phone":"05-233-669","cell":"046-991-12-43","id":{"name":"HETU","value":"NaNNA154undefined"},"picture":{"large":"https://randomuser.me/api/portraits/women/95.jpg","medium":"https://randomuser.me/api/portraits/med/women/95.jpg","thumbnail":"https://randomuser.me/api/portraits/thumb/women/95.jpg"},"nat":"FI"}],"info":{"seed":"1c9b016ad91322d9","results":1,"page":1,"version":"1.4"}} 
 </msg>
<msg time="2024-05-20T18:19:03.493404" level="INFO">/opt/hostedtoolcache/Python/3.12.3/x64/lib/python3.12/site-packages/urllib3/connectionpool.py:1103: InsecureRequestWarning: Unverified HTTPS request is being made to host 'randomuser.me'. Adding certificate verification is strongly advised. See: https://urllib3.readthedocs.io/en/latest/advanced-usage.html#tls-warnings
  warnings.warn(</msg>
<msg time="2024-05-20T18:19:03.493529" level="INFO">${response} = &lt;Response [200]&gt;</msg>
<var>${response}</var>
<arg>consultarAPI</arg>
<arg>/api</arg>
<doc>Sends a GET request on a previously created HTTP Session.</doc>
<status status="PASS" start="2024-05-20T18:19:03.390916" elapsed="0.102657"/>
</kw>
<kw name="Set Variable" owner="BuiltIn">
<msg time="2024-05-20T18:19:03.494482" level="INFO">${json_data} = {'results': [{'gender': 'female', 'name': {'title': 'Mrs', 'first': 'Saana', 'last': 'Pietila'}, 'location': {'street': {'number': 2615, 'name': 'Tehtaankatu'}, 'city': 'Vaasa', 'state': 'Northern Sav...</msg>
<var>${json_data}</var>
<arg>${response.json()}</arg>
<doc>Returns the given values which can then be assigned to a variables.</doc>
<status status="PASS" start="2024-05-20T18:19:03.493993" elapsed="0.000519"/>
</kw>
<kw name="Log" owner="BuiltIn">
<msg time="2024-05-20T18:19:03.495032" level="INFO">{'results': [{'gender': 'female', 'name': {'title': 'Mrs', 'first': 'Saana', 'last': 'Pietila'}, 'location': {'street': {'number': 2615, 'name': 'Tehtaankatu'}, 'city': 'Vaasa', 'state': 'Northern Savonia', 'country': 'Finland', 'postcode': 50337, 'coordinates': {'latitude': '-22.7682', 'longitude': '3.6777'}, 'timezone': {'offset': '+5:00', 'description': 'Ekaterinburg, Islamabad, Karachi, Tashkent'}}, 'email': 'saana.pietila@example.com', 'login': {'uuid': 'db5a4ee7-7f2f-4d77-811c-c92ff6346aae', 'username': 'smallrabbit625', 'password': 'animals', 'salt': '0l81EBYe', 'md5': '7301b69200ef8ab20ebfbb3087e2c671', 'sha1': '6f26cdee40bfb37ba3e937625cfe7117ffdc3207', 'sha256': '71d7250843a940541ad528e7ecee5e782f87febae2d8a085c3b13aa9e78e9a7b'}, 'dob': {'date': '1952-07-25T19:59:52.817Z', 'age': 71}, 'registered': {'date': '2021-03-16T17:20:10.214Z', 'age': 3}, 'phone': '05-233-669', 'cell': '046-991-12-43', 'id': {'name': 'HETU', 'value': 'NaNNA154undefined'}, 'picture': {'large': 'https://randomuser.me/api/portraits/women/95.jpg', 'medium': 'https://randomuser.me/api/portraits/med/women/95.jpg', 'thumbnail': 'https://randomuser.me/api/portraits/thumb/women/95.jpg'}, 'nat': 'FI'}], 'info': {'seed': '1c9b016ad91322d9', 'results': 1, 'page': 1, 'version': '1.4'}}</msg>
<arg>${json_data}</arg>
<doc>Logs the given message with the given level.</doc>
<status status="PASS" start="2024-05-20T18:19:03.494820" elapsed="0.000263"/>
</kw>
<kw name="Dictionary Should Contain Key" owner="Collections">
<msg time="2024-05-20T18:19:03.495533" level="INFO">False</msg>
<arg>${json_data}</arg>
<arg>results</arg>
<doc>Fails if ``key`` is not found from ``dictionary``.</doc>
<status status="PASS" start="2024-05-20T18:19:03.495380" elapsed="0.000191"/>
</kw>
<kw name="Should Not Be Empty" owner="BuiltIn">
<msg time="2024-05-20T18:19:03.496000" level="INFO">Length is 2.</msg>
<arg>${json_data}</arg>
<doc>Verifies that the given item is not empty.</doc>
<status status="PASS" start="2024-05-20T18:19:03.495864" elapsed="0.000175"/>
</kw>
<kw name="Create List" owner="BuiltIn">
<msg time="2024-05-20T18:19:03.496635" level="INFO">${expected_keys} = ['gender', 'name', 'location', 'email', 'login']</msg>
<var>${expected_keys}</var>
<arg>gender</arg>
<arg>name</arg>
<arg>location</arg>
<arg>email</arg>
<arg>login</arg>
<doc>Returns a list containing given items.</doc>
<status status="PASS" start="2024-05-20T18:19:03.496336" elapsed="0.000325"/>
</kw>
<for flavor="IN">
<iter>
<kw name="Dictionary Should Contain Key" owner="Collections">
<msg time="2024-05-20T18:19:03.497664" level="INFO">False</msg>
<arg>${json_data['results'][0]}</arg>
<arg>${key}</arg>
<doc>Fails if ``key`` is not found from ``dictionary``.</doc>
<status status="PASS" start="2024-05-20T18:19:03.497265" elapsed="0.000438"/>
</kw>
<kw name="Log" owner="BuiltIn">
<msg time="2024-05-20T18:19:03.498368" level="INFO">{'gender': 'female', 'name': {'title': 'Mrs', 'first': 'Saana', 'last': 'Pietila'}, 'location': {'street': {'number': 2615, 'name': 'Tehtaankatu'}, 'city': 'Vaasa', 'state': 'Northern Savonia', 'country': 'Finland', 'postcode': 50337, 'coordinates': {'latitude': '-22.7682', 'longitude': '3.6777'}, 'timezone': {'offset': '+5:00', 'description': 'Ekaterinburg, Islamabad, Karachi, Tashkent'}}, 'email': 'saana.pietila@example.com', 'login': {'uuid': 'db5a4ee7-7f2f-4d77-811c-c92ff6346aae', 'username': 'smallrabbit625', 'password': 'animals', 'salt': '0l81EBYe', 'md5': '7301b69200ef8ab20ebfbb3087e2c671', 'sha1': '6f26cdee40bfb37ba3e937625cfe7117ffdc3207', 'sha256': '71d7250843a940541ad528e7ecee5e782f87febae2d8a085c3b13aa9e78e9a7b'}, 'dob': {'date': '1952-07-25T19:59:52.817Z', 'age': 71}, 'registered': {'date': '2021-03-16T17:20:10.214Z', 'age': 3}, 'phone': '05-233-669', 'cell': '046-991-12-43', 'id': {'name': 'HETU', 'value': 'NaNNA154undefined'}, 'picture': {'large': 'https://randomuser.me/api/portraits/women/95.jpg', 'medium': 'https://randomuser.me/api/portraits/med/women/95.jpg', 'thumbnail': 'https://randomuser.me/api/portraits/thumb/women/95.jpg'}, 'nat': 'FI'}</msg>
<arg>${json_data['results'][0]}</arg>
<doc>Logs the given message with the given level.</doc>
<status status="PASS" start="2024-05-20T18:19:03.498001" elapsed="0.000416"/>
</kw>
<kw name="Log" owner="BuiltIn">
<msg time="2024-05-20T18:19:03.498856" level="INFO">gender</msg>
<arg>${key}</arg>
<doc>Logs the given message with the given level.</doc>
<status status="PASS" start="2024-05-20T18:19:03.498711" elapsed="0.000186"/>
</kw>
<var name="${key}">gender</var>
<status status="PASS" start="2024-05-20T18:19:03.497138" elapsed="0.001987"/>
</iter>
<iter>
<kw name="Dictionary Should Contain Key" owner="Collections">
<msg time="2024-05-20T18:19:03.499809" level="INFO">False</msg>
<arg>${json_data['results'][0]}</arg>
<arg>${key}</arg>
<doc>Fails if ``key`` is not found from ``dictionary``.</doc>
<status status="PASS" start="2024-05-20T18:19:03.499422" elapsed="0.000426"/>
</kw>
<kw name="Log" owner="BuiltIn">
<msg time="2024-05-20T18:19:03.500524" level="INFO">{'gender': 'female', 'name': {'title': 'Mrs', 'first': 'Saana', 'last': 'Pietila'}, 'location': {'street': {'number': 2615, 'name': 'Tehtaankatu'}, 'city': 'Vaasa', 'state': 'Northern Savonia', 'country': 'Finland', 'postcode': 50337, 'coordinates': {'latitude': '-22.7682', 'longitude': '3.6777'}, 'timezone': {'offset': '+5:00', 'description': 'Ekaterinburg, Islamabad, Karachi, Tashkent'}}, 'email': 'saana.pietila@example.com', 'login': {'uuid': 'db5a4ee7-7f2f-4d77-811c-c92ff6346aae', 'username': 'smallrabbit625', 'password': 'animals', 'salt': '0l81EBYe', 'md5': '7301b69200ef8ab20ebfbb3087e2c671', 'sha1': '6f26cdee40bfb37ba3e937625cfe7117ffdc3207', 'sha256': '71d7250843a940541ad528e7ecee5e782f87febae2d8a085c3b13aa9e78e9a7b'}, 'dob': {'date': '1952-07-25T19:59:52.817Z', 'age': 71}, 'registered': {'date': '2021-03-16T17:20:10.214Z', 'age': 3}, 'phone': '05-233-669', 'cell': '046-991-12-43', 'id': {'name': 'HETU', 'value': 'NaNNA154undefined'}, 'picture': {'large': 'https://randomuser.me/api/portraits/women/95.jpg', 'medium': 'https://randomuser.me/api/portraits/med/women/95.jpg', 'thumbnail': 'https://randomuser.me/api/portraits/thumb/women/95.jpg'}, 'nat': 'FI'}</msg>
<arg>${json_data['results'][0]}</arg>
<doc>Logs the given message with the given level.</doc>
<status status="PASS" start="2024-05-20T18:19:03.500169" elapsed="0.000403"/>
</kw>
<kw name="Log" owner="BuiltIn">
<msg time="2024-05-20T18:19:03.500993" level="INFO">name</msg>
<arg>${key}</arg>
<doc>Logs the given message with the given level.</doc>
<status status="PASS" start="2024-05-20T18:19:03.500867" elapsed="0.000163"/>
</kw>
<var name="${key}">name</var>
<status status="PASS" start="2024-05-20T18:19:03.499310" elapsed="0.001937"/>
</iter>
<iter>
<kw name="Dictionary Should Contain Key" owner="Collections">
<msg time="2024-05-20T18:19:03.501915" level="INFO">False</msg>
<arg>${json_data['results'][0]}</arg>
<arg>${key}</arg>
<doc>Fails if ``key`` is not found from ``dictionary``.</doc>
<status status="PASS" start="2024-05-20T18:19:03.501533" elapsed="0.000419"/>
</kw>
<kw name="Log" owner="BuiltIn">
<msg time="2024-05-20T18:19:03.502611" level="INFO">{'gender': 'female', 'name': {'title': 'Mrs', 'first': 'Saana', 'last': 'Pietila'}, 'location': {'street': {'number': 2615, 'name': 'Tehtaankatu'}, 'city': 'Vaasa', 'state': 'Northern Savonia', 'country': 'Finland', 'postcode': 50337, 'coordinates': {'latitude': '-22.7682', 'longitude': '3.6777'}, 'timezone': {'offset': '+5:00', 'description': 'Ekaterinburg, Islamabad, Karachi, Tashkent'}}, 'email': 'saana.pietila@example.com', 'login': {'uuid': 'db5a4ee7-7f2f-4d77-811c-c92ff6346aae', 'username': 'smallrabbit625', 'password': 'animals', 'salt': '0l81EBYe', 'md5': '7301b69200ef8ab20ebfbb3087e2c671', 'sha1': '6f26cdee40bfb37ba3e937625cfe7117ffdc3207', 'sha256': '71d7250843a940541ad528e7ecee5e782f87febae2d8a085c3b13aa9e78e9a7b'}, 'dob': {'date': '1952-07-25T19:59:52.817Z', 'age': 71}, 'registered': {'date': '2021-03-16T17:20:10.214Z', 'age': 3}, 'phone': '05-233-669', 'cell': '046-991-12-43', 'id': {'name': 'HETU', 'value': 'NaNNA154undefined'}, 'picture': {'large': 'https://randomuser.me/api/portraits/women/95.jpg', 'medium': 'https://randomuser.me/api/portraits/med/women/95.jpg', 'thumbnail': 'https://randomuser.me/api/portraits/thumb/women/95.jpg'}, 'nat': 'FI'}</msg>
<arg>${json_data['results'][0]}</arg>
<doc>Logs the given message with the given level.</doc>
<status status="PASS" start="2024-05-20T18:19:03.502252" elapsed="0.000407"/>
</kw>
<kw name="Log" owner="BuiltIn">
<msg time="2024-05-20T18:19:03.503128" level="INFO">location</msg>
<arg>${key}</arg>
<doc>Logs the given message with the given level.</doc>
<status status="PASS" start="2024-05-20T18:19:03.502998" elapsed="0.000168"/>
</kw>
<var name="${key}">location</var>
<status status="PASS" start="2024-05-20T18:19:03.501423" elapsed="0.001963"/>
</iter>
<iter>
<kw name="Dictionary Should Contain Key" owner="Collections">
<msg time="2024-05-20T18:19:03.504044" level="INFO">False</msg>
<arg>${json_data['results'][0]}</arg>
<arg>${key}</arg>
<doc>Fails if ``key`` is not found from ``dictionary``.</doc>
<status status="PASS" start="2024-05-20T18:19:03.503669" elapsed="0.000412"/>
</kw>
<kw name="Log" owner="BuiltIn">
<msg time="2024-05-20T18:19:03.504743" level="INFO">{'gender': 'female', 'name': {'title': 'Mrs', 'first': 'Saana', 'last': 'Pietila'}, 'location': {'street': {'number': 2615, 'name': 'Tehtaankatu'}, 'city': 'Vaasa', 'state': 'Northern Savonia', 'country': 'Finland', 'postcode': 50337, 'coordinates': {'latitude': '-22.7682', 'longitude': '3.6777'}, 'timezone': {'offset': '+5:00', 'description': 'Ekaterinburg, Islamabad, Karachi, Tashkent'}}, 'email': 'saana.pietila@example.com', 'login': {'uuid': 'db5a4ee7-7f2f-4d77-811c-c92ff6346aae', 'username': 'smallrabbit625', 'password': 'animals', 'salt': '0l81EBYe', 'md5': '7301b69200ef8ab20ebfbb3087e2c671', 'sha1': '6f26cdee40bfb37ba3e937625cfe7117ffdc3207', 'sha256': '71d7250843a940541ad528e7ecee5e782f87febae2d8a085c3b13aa9e78e9a7b'}, 'dob': {'date': '1952-07-25T19:59:52.817Z', 'age': 71}, 'registered': {'date': '2021-03-16T17:20:10.214Z', 'age': 3}, 'phone': '05-233-669', 'cell': '046-991-12-43', 'id': {'name': 'HETU', 'value': 'NaNNA154undefined'}, 'picture': {'large': 'https://randomuser.me/api/portraits/women/95.jpg', 'medium': 'https://randomuser.me/api/portraits/med/women/95.jpg', 'thumbnail': 'https://randomuser.me/api/portraits/thumb/women/95.jpg'}, 'nat': 'FI'}</msg>
<arg>${json_data['results'][0]}</arg>
<doc>Logs the given message with the given level.</doc>
<status status="PASS" start="2024-05-20T18:19:03.504383" elapsed="0.000409"/>
</kw>
<kw name="Log" owner="BuiltIn">
<msg time="2024-05-20T18:19:03.505209" level="INFO">email</msg>
<arg>${key}</arg>
<doc>Logs the given message with the given level.</doc>
<status status="PASS" start="2024-05-20T18:19:03.505085" elapsed="0.000162"/>
</kw>
<var name="${key}">email</var>
<status status="PASS" start="2024-05-20T18:19:03.503558" elapsed="0.001905"/>
</iter>
<iter>
<kw name="Dictionary Should Contain Key" owner="Collections">
<msg time="2024-05-20T18:19:03.506118" level="INFO">False</msg>
<arg>${json_data['results'][0]}</arg>
<arg>${key}</arg>
<doc>Fails if ``key`` is not found from ``dictionary``.</doc>
<status status="PASS" start="2024-05-20T18:19:03.505740" elapsed="0.000416"/>
</kw>
<kw name="Log" owner="BuiltIn">
<msg time="2024-05-20T18:19:03.506807" level="INFO">{'gender': 'female', 'name': {'title': 'Mrs', 'first': 'Saana', 'last': 'Pietila'}, 'location': {'street': {'number': 2615, 'name': 'Tehtaankatu'}, 'city': 'Vaasa', 'state': 'Northern Savonia', 'country': 'Finland', 'postcode': 50337, 'coordinates': {'latitude': '-22.7682', 'longitude': '3.6777'}, 'timezone': {'offset': '+5:00', 'description': 'Ekaterinburg, Islamabad, Karachi, Tashkent'}}, 'email': 'saana.pietila@example.com', 'login': {'uuid': 'db5a4ee7-7f2f-4d77-811c-c92ff6346aae', 'username': 'smallrabbit625', 'password': 'animals', 'salt': '0l81EBYe', 'md5': '7301b69200ef8ab20ebfbb3087e2c671', 'sha1': '6f26cdee40bfb37ba3e937625cfe7117ffdc3207', 'sha256': '71d7250843a940541ad528e7ecee5e782f87febae2d8a085c3b13aa9e78e9a7b'}, 'dob': {'date': '1952-07-25T19:59:52.817Z', 'age': 71}, 'registered': {'date': '2021-03-16T17:20:10.214Z', 'age': 3}, 'phone': '05-233-669', 'cell': '046-991-12-43', 'id': {'name': 'HETU', 'value': 'NaNNA154undefined'}, 'picture': {'large': 'https://randomuser.me/api/portraits/women/95.jpg', 'medium': 'https://randomuser.me/api/portraits/med/women/95.jpg', 'thumbnail': 'https://randomuser.me/api/portraits/thumb/women/95.jpg'}, 'nat': 'FI'}</msg>
<arg>${json_data['results'][0]}</arg>
<doc>Logs the given message with the given level.</doc>
<status status="PASS" start="2024-05-20T18:19:03.506448" elapsed="0.000432"/>
</kw>
<kw name="Log" owner="BuiltIn">
<msg time="2024-05-20T18:19:03.507309" level="INFO">login</msg>
<arg>${key}</arg>
<doc>Logs the given message with the given level.</doc>
<status status="PASS" start="2024-05-20T18:19:03.507183" elapsed="0.000194"/>
</kw>
<var name="${key}">login</var>
<status status="PASS" start="2024-05-20T18:19:03.505631" elapsed="0.001969"/>
</iter>
<var>${key}</var>
<value>@{expected_keys}</value>
<status status="PASS" start="2024-05-20T18:19:03.496934" elapsed="0.010785"/>
</for>
<kw name="Create List" owner="BuiltIn">
<msg time="2024-05-20T18:19:03.508043" level="INFO">${expected_keysTwo} = ['username', 'password']</msg>
<var>${expected_keysTwo}</var>
<arg>username</arg>
<arg>password</arg>
<doc>Returns a list containing given items.</doc>
<status status="PASS" start="2024-05-20T18:19:03.507908" elapsed="0.000159"/>
</kw>
<for flavor="IN">
<iter>
<kw name="Dictionary Should Contain Key" owner="Collections">
<msg time="2024-05-20T18:19:03.508943" level="INFO">False</msg>
<arg>${json_data['results'][0]['login']}</arg>
<arg>${keyTwo}</arg>
<doc>Fails if ``key`` is not found from ``dictionary``.</doc>
<status status="PASS" start="2024-05-20T18:19:03.508558" elapsed="0.000422"/>
</kw>
<kw name="Dictionary Should Contain Key" owner="Collections">
<msg time="2024-05-20T18:19:03.509648" level="INFO">False</msg>
<arg>${json_data['results'][0]['login']}</arg>
<arg>${keyTwo}</arg>
<doc>Fails if ``key`` is not found from ``dictionary``.</doc>
<status status="PASS" start="2024-05-20T18:19:03.509273" elapsed="0.000412"/>
</kw>
<kw name="Log" owner="BuiltIn">
<msg time="2024-05-20T18:19:03.510108" level="INFO">username</msg>
<arg>${keyTwo}</arg>
<doc>Logs the given message with the given level.</doc>
<status status="PASS" start="2024-05-20T18:19:03.509974" elapsed="0.000171"/>
</kw>
<var name="${keyTwo}">username</var>
<status status="PASS" start="2024-05-20T18:19:03.508450" elapsed="0.001907"/>
</iter>
<iter>
<kw name="Dictionary Should Contain Key" owner="Collections">
<msg time="2024-05-20T18:19:03.511054" level="INFO">False</msg>
<arg>${json_data['results'][0]['login']}</arg>
<arg>${keyTwo}</arg>
<doc>Fails if ``key`` is not found from ``dictionary``.</doc>
<status status="PASS" start="2024-05-20T18:19:03.510635" elapsed="0.000457"/>
</kw>
<kw name="Dictionary Should Contain Key" owner="Collections">
<msg time="2024-05-20T18:19:03.511858" level="INFO">False</msg>
<arg>${json_data['results'][0]['login']}</arg>
<arg>${keyTwo}</arg>
<doc>Fails if ``key`` is not found from ``dictionary``.</doc>
<status status="PASS" start="2024-05-20T18:19:03.511390" elapsed="0.000507"/>
</kw>
<kw name="Log" owner="BuiltIn">
<msg time="2024-05-20T18:19:03.512323" level="INFO">password</msg>
<arg>${keyTwo}</arg>
<doc>Logs the given message with the given level.</doc>
<status status="PASS" start="2024-05-20T18:19:03.512196" elapsed="0.000164"/>
</kw>
<var name="${keyTwo}">password</var>
<status status="PASS" start="2024-05-20T18:19:03.510527" elapsed="0.002049"/>
</iter>
<var>${keyTwo}</var>
<value>@{expected_keysTwo}</value>
<status status="PASS" start="2024-05-20T18:19:03.508302" elapsed="0.004398"/>
</for>
<status status="PASS" start="2024-05-20T18:19:03.390550" elapsed="0.122289"/>
</kw>
<doc>Testa a estrutura da resposta da API.</doc>
<tag>testeEstruturaResposta</tag>
<status status="PASS" start="2024-05-20T18:19:03.389790" elapsed="0.123205"/>
</test>
<test id="s1-s1-t4" name="Validar tipos de dados" line="28">
<kw name="Teste de Tipos de Dados" owner="random-user-service">
<kw name="GET On Session" owner="RequestsLibrary">
<msg time="2024-05-20T18:19:03.584026" level="INFO">GET Request : url=https://randomuser.me/api 
 path_url=/api 
 headers={'User-Agent': 'python-requests/2.32.0', 'Accept-Encoding': 'gzip, deflate', 'Accept': '*/*', 'Connection': 'keep-alive'} 
 body=None 
 </msg>
<msg time="2024-05-20T18:19:03.584117" level="INFO">GET Response : url=https://randomuser.me/api 
 status=200, reason=OK 
 headers={'Date': 'Mon, 20 May 2024 18:19:03 GMT', 'Content-Type': 'application/json; charset=utf-8', 'Transfer-Encoding': 'chunked', 'Connection': 'keep-alive', 'X-Powered-By': 'Express', 'Access-Control-Allow-Origin': '*', 'Cache-Control': 'no-cache', 'ETag': 'W/"495-xo5Dspm2mN1T3C5bwmWphzz6DwQ"', 'Vary': 'Accept-Encoding', 'Content-Encoding': 'gzip', 'CF-Cache-Status': 'DYNAMIC', 'Report-To': '{"endpoints":[{"url":"https:\\/\\/a.nel.cloudflare.com\\/report\\/v4?s=qXOMHfrYZ4JoTtGXWH7PoTw7iu09foDhamxUHsNl3B7tgU70XdTEjo7f%2FWg2TYHSP04t%2FfB2FIR0EinFYrSWqqOPn7VC7ognU56olq84tKLn6C6wisOqjbDPUb10TSCL"}],"group":"cf-nel","max_age":604800}', 'NEL': '{"success_fraction":0,"report_to":"cf-nel","max_age":604800}', 'Server': 'cloudflare', 'CF-RAY': '886e5532fe2d38a0-IAD', 'alt-svc': 'h3=":443"; ma=86400'} 
 body={"results":[{"gender":"male","name":{"title":"Mr","first":"Ljuba","last":"Vrhovac"},"location":{"street":{"number":6534,"name":"Milorada ćirića"},"city":"Bač","state":"Jablanica","country":"Serbia","postcode":75034,"coordinates":{"latitude":"61.9087","longitude":"-179.9210"},"timezone":{"offset":"+5:00","description":"Ekaterinburg, Islamabad, Karachi, Tashkent"}},"email":"ljuba.vrhovac@example.com","login":{"uuid":"6eaa802b-9263-4ad0-a9f9-2368981febbb","username":"yellowmeercat266","password":"meadow","salt":"KlypN1cN","md5":"9c75f4ecd6a59b9171083f080c1c693c","sha1":"c89bff5c154854deadbd7dae3ba1c79a2204dcbe","sha256":"47ac7718a9e057c39ec50923a4e682d8deb98fba8a2a7152cb07ccc8f81ea4ae"},"dob":{"date":"1958-03-08T08:40:13.525Z","age":66},"registered":{"date":"2010-08-29T09:41:37.408Z","age":13},"phone":"025-0987-673","cell":"061-0594-085","id":{"name":"SID","value":"963906798"},"picture":{"large":"https://randomuser.me/api/portraits/men/55.jpg","medium":"https://randomuser.me/api/portraits/med/men/55.jpg","thumbnail":"https://randomuser.me/api/portraits/thumb/men/55.jpg"},"nat":"RS"}],"info":{"seed":"348fd174ef59365b","results":1,"page":1,"version":"1.4"}} 
 </msg>
<msg time="2024-05-20T18:19:03.584183" level="INFO">/opt/hostedtoolcache/Python/3.12.3/x64/lib/python3.12/site-packages/urllib3/connectionpool.py:1103: InsecureRequestWarning: Unverified HTTPS request is being made to host 'randomuser.me'. Adding certificate verification is strongly advised. See: https://urllib3.readthedocs.io/en/latest/advanced-usage.html#tls-warnings
  warnings.warn(</msg>
<msg time="2024-05-20T18:19:03.584303" level="INFO">${response} = &lt;Response [200]&gt;</msg>
<var>${response}</var>
<arg>consultarAPI</arg>
<arg>/api</arg>
<doc>Sends a GET request on a previously created HTTP Session.</doc>
<status status="PASS" start="2024-05-20T18:19:03.515569" elapsed="0.068775"/>
</kw>
<kw name="Set Variable" owner="BuiltIn">
<msg time="2024-05-20T18:19:03.585297" level="INFO">${json_data} = {'results': [{'gender': 'male', 'name': {'title': 'Mr', 'first': 'Ljuba', 'last': 'Vrhovac'}, 'location': {'street': {'number': 6534, 'name': 'Milorada ćirića'}, 'city': 'Bač', 'state': 'Jablanica', '...</msg>
<var>${json_data}</var>
<arg>${response.json()}</arg>
<doc>Returns the given values which can then be assigned to a variables.</doc>
<status status="PASS" start="2024-05-20T18:19:03.584801" elapsed="0.000528"/>
</kw>
<kw name="Log" owner="BuiltIn">
<msg time="2024-05-20T18:19:03.585794" level="INFO">{'results': [{'gender': 'male', 'name': {'title': 'Mr', 'first': 'Ljuba', 'last': 'Vrhovac'}, 'location': {'street': {'number': 6534, 'name': 'Milorada ćirića'}, 'city': 'Bač', 'state': 'Jablanica', 'country': 'Serbia', 'postcode': 75034, 'coordinates': {'latitude': '61.9087', 'longitude': '-179.9210'}, 'timezone': {'offset': '+5:00', 'description': 'Ekaterinburg, Islamabad, Karachi, Tashkent'}}, 'email': 'ljuba.vrhovac@example.com', 'login': {'uuid': '6eaa802b-9263-4ad0-a9f9-2368981febbb', 'username': 'yellowmeercat266', 'password': 'meadow', 'salt': 'KlypN1cN', 'md5': '9c75f4ecd6a59b9171083f080c1c693c', 'sha1': 'c89bff5c154854deadbd7dae3ba1c79a2204dcbe', 'sha256': '47ac7718a9e057c39ec50923a4e682d8deb98fba8a2a7152cb07ccc8f81ea4ae'}, 'dob': {'date': '1958-03-08T08:40:13.525Z', 'age': 66}, 'registered': {'date': '2010-08-29T09:41:37.408Z', 'age': 13}, 'phone': '025-0987-673', 'cell': '061-0594-085', 'id': {'name': 'SID', 'value': '963906798'}, 'picture': {'large': 'https://randomuser.me/api/portraits/men/55.jpg', 'medium': 'https://randomuser.me/api/portraits/med/men/55.jpg', 'thumbnail': 'https://randomuser.me/api/portraits/thumb/men/55.jpg'}, 'nat': 'RS'}], 'info': {'seed': '348fd174ef59365b', 'results': 1, 'page': 1, 'version': '1.4'}}</msg>
<arg>${json_data}</arg>
<doc>Logs the given message with the given level.</doc>
<status status="PASS" start="2024-05-20T18:19:03.585637" elapsed="0.000244"/>
</kw>
<kw name="Should Be String" owner="String">
<arg>${json_data['results'][0]['gender']}</arg>
<doc>Fails if the given ``item`` is not a string.</doc>
<status status="PASS" start="2024-05-20T18:19:03.586185" elapsed="0.000362"/>
</kw>
<kw name="Should Match Regexp" owner="BuiltIn">
<arg>${json_data['results'][0]['email']}</arg>
<arg>^[a-zA-Z0-9._%+-]+@[a-zA-Z0-9.-]+\.[a-zA-Z]{2,}$</arg>
<doc>Fails if ``string`` does not match ``pattern`` as a regular expression.</doc>
<status status="PASS" start="2024-05-20T18:19:03.586739" elapsed="0.000539"/>
</kw>
<kw name="Should Match Regexp" owner="BuiltIn">
<arg>${json_data['results'][0]['dob']['date']}</arg>
<arg>\\d{4}-\\d{2}-\\d{2}T\\d{2}:\\d{2}:\\d{2}\\.\\d{3}Z</arg>
<doc>Fails if ``string`` does not match ``pattern`` as a regular expression.</doc>
<status status="PASS" start="2024-05-20T18:19:03.587472" elapsed="0.000485"/>
</kw>
<kw name="Should Match Regexp" owner="BuiltIn">
<arg>${json_data['results'][0]['registered']['date']}</arg>
<arg>\\d{4}-\\d{2}-\\d{2}T\\d{2}:\\d{2}:\\d{2}\\.\\d{3}Z</arg>
<doc>Fails if ``string`` does not match ``pattern`` as a regular expression.</doc>
<status status="PASS" start="2024-05-20T18:19:03.588149" elapsed="0.000368"/>
</kw>
<kw name="Should Match Regexp" owner="BuiltIn">
<arg>${json_data['results'][0]['picture']['large']}</arg>
<arg>^https?://.*\.(?:png|jpe?g|gif|bmp)$</arg>
<doc>Fails if ``string`` does not match ``pattern`` as a regular expression.</doc>
<status status="PASS" start="2024-05-20T18:19:03.588707" elapsed="0.000455"/>
</kw>
<kw name="Should Match Regexp" owner="BuiltIn">
<arg>${json_data['results'][0]['picture']['medium']}</arg>
<arg>^https?://.*\.(?:png|jpe?g|gif|bmp)$</arg>
<doc>Fails if ``string`` does not match ``pattern`` as a regular expression.</doc>
<status status="PASS" start="2024-05-20T18:19:03.589350" elapsed="0.000362"/>
</kw>
<kw name="Should Match Regexp" owner="BuiltIn">
<arg>${json_data['results'][0]['picture']['thumbnail']}</arg>
<arg>^https?://.*\.(?:png|jpe?g|gif|bmp)$</arg>
<doc>Fails if ``string`` does not match ``pattern`` as a regular expression.</doc>
<status status="PASS" start="2024-05-20T18:19:03.589900" elapsed="0.000344"/>
</kw>
<kw name="Log" owner="BuiltIn">
<msg time="2024-05-20T18:19:03.590746" level="INFO">{'large': 'https://randomuser.me/api/portraits/men/55.jpg', 'medium': 'https://randomuser.me/api/portraits/med/men/55.jpg', 'thumbnail': 'https://randomuser.me/api/portraits/thumb/men/55.jpg'}</msg>
<arg>${json_data['results'][0]['picture']}</arg>
<doc>Logs the given message with the given level.</doc>
<status status="PASS" start="2024-05-20T18:19:03.590426" elapsed="0.000362"/>
</kw>
<status status="PASS" start="2024-05-20T18:19:03.515337" elapsed="0.075749"/>
</kw>
<kw name="Teste de Tipos de Dados - Postcode" owner="random-user-service">
<kw name="GET On Session" owner="RequestsLibrary">
<msg time="2024-05-20T18:19:03.688422" level="INFO">GET Request : url=https://randomuser.me/api 
 path_url=/api 
 headers={'User-Agent': 'python-requests/2.32.0', 'Accept-Encoding': 'gzip, deflate', 'Accept': '*/*', 'Connection': 'keep-alive'} 
 body=None 
 </msg>
<msg time="2024-05-20T18:19:03.688526" level="INFO">GET Response : url=https://randomuser.me/api 
 status=200, reason=OK 
 headers={'Date': 'Mon, 20 May 2024 18:19:03 GMT', 'Content-Type': 'application/json; charset=utf-8', 'Transfer-Encoding': 'chunked', 'Connection': 'keep-alive', 'X-Powered-By': 'Express', 'Access-Control-Allow-Origin': '*', 'Cache-Control': 'no-cache', 'ETag': 'W/"4a0-IB39vGhj+FYQXu/y87wVkCb42xk"', 'Vary': 'Accept-Encoding', 'Content-Encoding': 'gzip', 'CF-Cache-Status': 'DYNAMIC', 'Report-To': '{"endpoints":[{"url":"https:\\/\\/a.nel.cloudflare.com\\/report\\/v4?s=TLIO0j%2BRWQRhT%2Fmr7jYJKOXpoDVwjDMu7IR%2FHCKblttJ5yOfiYtfdHyQ6oTbwd9rmqyP3X5lQoOmPNBDGrCKr5j8tDhYOBZT91gLBeOhpKryzt6BEcUeS31i283RJlt7"}],"group":"cf-nel","max_age":604800}', 'NEL': '{"success_fraction":0,"report_to":"cf-nel","max_age":604800}', 'Server': 'cloudflare', 'CF-RAY': '886e55337edb38a0-IAD', 'alt-svc': 'h3=":443"; ma=86400'} 
 body={"results":[{"gender":"male","name":{"title":"Mr","first":"Sebastián","last":"Fernández"},"location":{"street":{"number":4117,"name":"Avenida de Burgos"},"city":"Torrevieja","state":"Castilla y León","country":"Spain","postcode":73376,"coordinates":{"latitude":"-32.7043","longitude":"-175.7725"},"timezone":{"offset":"+7:00","description":"Bangkok, Hanoi, Jakarta"}},"email":"sebastian.fernandez@example.com","login":{"uuid":"e4d61e5b-db7c-483b-9d13-441782a187c2","username":"beautifulelephant331","password":"squash","salt":"YQBYHoUh","md5":"5ea27c572660345790d9af2451c77937","sha1":"1f8dde31eb250cddbd7a8ad8f9f53919e3b67f8f","sha256":"148e5d8b8095070315090ccb5e6671779d442e7fcf3194ca393dee75cdbf57b5"},"dob":{"date":"1959-08-13T18:32:58.329Z","age":64},"registered":{"date":"2003-12-24T22:09:03.558Z","age":20},"phone":"951-605-471","cell":"673-178-689","id":{"name":"DNI","value":"22246200-F"},"picture":{"large":"https://randomuser.me/api/portraits/men/49.jpg","medium":"https://randomuser.me/api/portraits/med/men/49.jpg","thumbnail":"https://randomuser.me/api/portraits/thumb/men/49.jpg"},"nat":"ES"}],"info":{"seed":"c412f6681d001e0c","results":1,"page":1,"version":"1.4"}} 
 </msg>
<msg time="2024-05-20T18:19:03.688606" level="INFO">/opt/hostedtoolcache/Python/3.12.3/x64/lib/python3.12/site-packages/urllib3/connectionpool.py:1103: InsecureRequestWarning: Unverified HTTPS request is being made to host 'randomuser.me'. Adding certificate verification is strongly advised. See: https://urllib3.readthedocs.io/en/latest/advanced-usage.html#tls-warnings
  warnings.warn(</msg>
<msg time="2024-05-20T18:19:03.688763" level="INFO">${response} = &lt;Response [200]&gt;</msg>
<var>${response}</var>
<arg>consultarAPI</arg>
<arg>/api</arg>
<doc>Sends a GET request on a previously created HTTP Session.</doc>
<status status="PASS" start="2024-05-20T18:19:03.591542" elapsed="0.097271"/>
</kw>
<kw name="Set Variable" owner="BuiltIn">
<msg time="2024-05-20T18:19:03.689818" level="INFO">${json_data} = {'results': [{'gender': 'male', 'name': {'title': 'Mr', 'first': 'Sebastián', 'last': 'Fernández'}, 'location': {'street': {'number': 4117, 'name': 'Avenida de Burgos'}, 'city': 'Torrevieja', 'state':...</msg>
<var>${json_data}</var>
<arg>${response.json()}</arg>
<doc>Returns the given values which can then be assigned to a variables.</doc>
<status status="PASS" start="2024-05-20T18:19:03.689310" elapsed="0.000537"/>
</kw>
<kw name="Log" owner="BuiltIn">
<msg time="2024-05-20T18:19:03.690321" level="INFO">{'results': [{'gender': 'male', 'name': {'title': 'Mr', 'first': 'Sebastián', 'last': 'Fernández'}, 'location': {'street': {'number': 4117, 'name': 'Avenida de Burgos'}, 'city': 'Torrevieja', 'state': 'Castilla y León', 'country': 'Spain', 'postcode': 73376, 'coordinates': {'latitude': '-32.7043', 'longitude': '-175.7725'}, 'timezone': {'offset': '+7:00', 'description': 'Bangkok, Hanoi, Jakarta'}}, 'email': 'sebastian.fernandez@example.com', 'login': {'uuid': 'e4d61e5b-db7c-483b-9d13-441782a187c2', 'username': 'beautifulelephant331', 'password': 'squash', 'salt': 'YQBYHoUh', 'md5': '5ea27c572660345790d9af2451c77937', 'sha1': '1f8dde31eb250cddbd7a8ad8f9f53919e3b67f8f', 'sha256': '148e5d8b8095070315090ccb5e6671779d442e7fcf3194ca393dee75cdbf57b5'}, 'dob': {'date': '1959-08-13T18:32:58.329Z', 'age': 64}, 'registered': {'date': '2003-12-24T22:09:03.558Z', 'age': 20}, 'phone': '951-605-471', 'cell': '673-178-689', 'id': {'name': 'DNI', 'value': '22246200-F'}, 'picture': {'large': 'https://randomuser.me/api/portraits/men/49.jpg', 'medium': 'https://randomuser.me/api/portraits/med/men/49.jpg', 'thumbnail': 'https://randomuser.me/api/portraits/thumb/men/49.jpg'}, 'nat': 'ES'}], 'info': {'seed': 'c412f6681d001e0c', 'results': 1, 'page': 1, 'version': '1.4'}}</msg>
<arg>${json_data}</arg>
<doc>Logs the given message with the given level.</doc>
<status status="PASS" start="2024-05-20T18:19:03.690164" elapsed="0.000240"/>
</kw>
<kw name="Should Be Equal As Numbers" owner="BuiltIn">
<arg>${json_data['results'][0]['location']['postcode']}</arg>
<arg>${json_data['results'][0]['location']['postcode']}</arg>
<doc>Fails if objects are unequal after converting them to real numbers.</doc>
<status status="PASS" start="2024-05-20T18:19:03.690705" elapsed="0.000844"/>
</kw>
<kw name="Log" owner="BuiltIn">
<msg time="2024-05-20T18:19:03.692076" level="INFO">73376</msg>
<arg>${json_data['results'][0]['location']['postcode']}</arg>
<doc>Logs the given message with the given level.</doc>
<status status="PASS" start="2024-05-20T18:19:03.691744" elapsed="0.000372"/>
</kw>
<status status="PASS" start="2024-05-20T18:19:03.591309" elapsed="0.101065"/>
</kw>
<doc>Testa se os tipos de dados na resposta da API estão corretos.</doc>
<tag>testeTiposDados</tag>
<status status="PASS" start="2024-05-20T18:19:03.514749" elapsed="0.177792"/>
</test>
<test id="s1-s1-t5" name="Validar conteudo" line="35">
<kw name="Teste de Tipos de Conteudo" owner="random-user-service">
<kw name="GET On Session" owner="RequestsLibrary">
<msg time="2024-05-20T18:19:03.816205" level="INFO">GET Request : url=https://randomuser.me/api 
 path_url=/api 
 headers={'User-Agent': 'python-requests/2.32.0', 'Accept-Encoding': 'gzip, deflate', 'Accept': '*/*', 'Connection': 'keep-alive'} 
 body=None 
 </msg>
<msg time="2024-05-20T18:19:03.816302" level="INFO">GET Response : url=https://randomuser.me/api 
 status=200, reason=OK 
 headers={'Date': 'Mon, 20 May 2024 18:19:03 GMT', 'Content-Type': 'application/json; charset=utf-8', 'Transfer-Encoding': 'chunked', 'Connection': 'keep-alive', 'X-Powered-By': 'Express', 'Access-Control-Allow-Origin': '*', 'Cache-Control': 'no-cache', 'ETag': 'W/"477-r6BXKCzAjtDShhhiwlr1uhCS2HI"', 'Vary': 'Accept-Encoding', 'Content-Encoding': 'gzip', 'CF-Cache-Status': 'DYNAMIC', 'Report-To': '{"endpoints":[{"url":"https:\\/\\/a.nel.cloudflare.com\\/report\\/v4?s=7xYYyYHHF%2Bw2HNe%2BXcNn6fNoqZnCjaMcLq%2F0B%2BygN%2FwN3YYqPQ8j7Kj%2F2SWQZ%2BXEGxkimmKkBoC6quyXMRLX9dIX8YhcWARaUFBXLqRmIvuxkCD0pMGaYKKJX67w91YS"}],"group":"cf-nel","max_age":604800}', 'NEL': '{"success_fraction":0,"report_to":"cf-nel","max_age":604800}', 'Server': 'cloudflare', 'CF-RAY': '886e55341fce38a0-IAD', 'alt-svc': 'h3=":443"; ma=86400'} 
 body={"results":[{"gender":"male","name":{"title":"Mr","first":"Jorge","last":"Monteiro"},"location":{"street":{"number":8868,"name":"Rua Treze "},"city":"Guarulhos","state":"Amazonas","country":"Brazil","postcode":56077,"coordinates":{"latitude":"-78.0010","longitude":"-23.3500"},"timezone":{"offset":"+3:30","description":"Tehran"}},"email":"jorge.monteiro@example.com","login":{"uuid":"899ed528-f6ff-4afd-964a-e4f663c1fb2a","username":"brownostrich927","password":"havana","salt":"0A08N9Zf","md5":"496ff14fb3862a5c0956562d9a387700","sha1":"b405150e2b5860962933ca7610773047a853b8da","sha256":"7c2acf91297e63861338f5406b8613967750bd78ad7f0fc668595c4855133e4c"},"dob":{"date":"1958-11-06T10:46:37.159Z","age":65},"registered":{"date":"2022-01-22T19:58:51.744Z","age":2},"phone":"(42) 8097-1624","cell":"(38) 7625-3355","id":{"name":"CPF","value":"704.877.420-94"},"picture":{"large":"https://randomuser.me/api/portraits/men/38.jpg","medium":"https://randomuser.me/api/portraits/med/men/38.jpg","thumbnail":"https://randomuser.me/api/portraits/thumb/men/38.jpg"},"nat":"BR"}],"info":{"seed":"0c0be505bf3b2bca","results":1,"page":1,"version":"1.4"}} 
 </msg>
<msg time="2024-05-20T18:19:03.816369" level="INFO">/opt/hostedtoolcache/Python/3.12.3/x64/lib/python3.12/site-packages/urllib3/connectionpool.py:1103: InsecureRequestWarning: Unverified HTTPS request is being made to host 'randomuser.me'. Adding certificate verification is strongly advised. See: https://urllib3.readthedocs.io/en/latest/advanced-usage.html#tls-warnings
  warnings.warn(</msg>
<msg time="2024-05-20T18:19:03.816507" level="INFO">${response} = &lt;Response [200]&gt;</msg>
<var>${response}</var>
<arg>consultarAPI</arg>
<arg>/api</arg>
<doc>Sends a GET request on a previously created HTTP Session.</doc>
<status status="PASS" start="2024-05-20T18:19:03.695101" elapsed="0.121446"/>
</kw>
<kw name="Set Variable" owner="BuiltIn">
<msg time="2024-05-20T18:19:03.817528" level="INFO">${json_data} = {'results': [{'gender': 'male', 'name': {'title': 'Mr', 'first': 'Jorge', 'last': 'Monteiro'}, 'location': {'street': {'number': 8868, 'name': 'Rua Treze '}, 'city': 'Guarulhos', 'state': 'Amazonas', ...</msg>
<var>${json_data}</var>
<arg>${response.json()}</arg>
<doc>Returns the given values which can then be assigned to a variables.</doc>
<status status="PASS" start="2024-05-20T18:19:03.817032" elapsed="0.000525"/>
</kw>
<kw name="Set Variable" owner="BuiltIn">
<msg time="2024-05-20T18:19:03.818243" level="INFO">${name_title} = Mr</msg>
<var>${name_title}</var>
<arg>${json_data["results"][0]["name"]["title"]}</arg>
<doc>Returns the given values which can then be assigned to a variables.</doc>
<status status="PASS" start="2024-05-20T18:19:03.817859" elapsed="0.000410"/>
</kw>
<kw name="Create List" owner="BuiltIn">
<msg time="2024-05-20T18:19:03.818709" level="INFO">${allowed_titles} = ['Mr', 'Ms', 'Miss', 'Mrs', 'Madame', 'Monsieur']</msg>
<var>${allowed_titles}</var>
<arg>Mr</arg>
<arg>Ms</arg>
<arg>Miss</arg>
<arg>Mrs</arg>
<arg>Madame</arg>
<arg>Monsieur</arg>
<doc>Returns a list containing given items.</doc>
<status status="PASS" start="2024-05-20T18:19:03.818562" elapsed="0.000172"/>
</kw>
<kw name="List Should Contain Value" owner="Collections">
<msg time="2024-05-20T18:19:03.819255" level="INFO">False</msg>
<arg>${allowed_titles}</arg>
<arg>${name_title}</arg>
<doc>Fails if the ``value`` is not found from ``list``.</doc>
<status status="PASS" start="2024-05-20T18:19:03.819081" elapsed="0.000211"/>
</kw>
<kw name="Set Variable" owner="BuiltIn">
<msg time="2024-05-20T18:19:03.820004" level="INFO">${name_country} = BR</msg>
<var>${name_country}</var>
<arg>${json_data["results"][0]["nat"]}</arg>
<doc>Returns the given values which can then be assigned to a variables.</doc>
<status status="PASS" start="2024-05-20T18:19:03.819583" elapsed="0.000447"/>
</kw>
<kw name="Create List" owner="BuiltIn">
<msg time="2024-05-20T18:19:03.820928" level="INFO">${list_country} = ['AD', 'AE', 'AF', 'AG', 'AI', 'AL', 'AM', 'AO', 'AQ', 'AR', 'AS', 'AT', 'AU', 'AW', 'AX', 'AZ', 'BA', 'BB', 'BD', 'BE', 'BF', 'BG', 'BH', 'BI', 'BJ', 'BL', 'BM', 'BN', 'BO', 'BQ', 'BR', 'BS', 'BT', '...</msg>
<var>${list_country}</var>
<arg>AD</arg>
<arg>AE</arg>
<arg>AF</arg>
<arg>AG</arg>
<arg>AI</arg>
<arg>AL</arg>
<arg>AM</arg>
<arg>AO</arg>
<arg>AQ</arg>
<arg>AR</arg>
<arg>AS</arg>
<arg>AT</arg>
<arg>AU</arg>
<arg>AW</arg>
<arg>AX</arg>
<arg>AZ</arg>
<arg>BA</arg>
<arg>BB</arg>
<arg>BD</arg>
<arg>BE</arg>
<arg>BF</arg>
<arg>BG</arg>
<arg>BH</arg>
<arg>BI</arg>
<arg>BJ</arg>
<arg>BL</arg>
<arg>BM</arg>
<arg>BN</arg>
<arg>BO</arg>
<arg>BQ</arg>
<arg>BR</arg>
<arg>BS</arg>
<arg>BT</arg>
<arg>BV</arg>
<arg>BW</arg>
<arg>BY</arg>
<arg>BZ</arg>
<arg>CA</arg>
<arg>CC</arg>
<arg>CD</arg>
<arg>CF</arg>
<arg>CG</arg>
<arg>CH</arg>
<arg>CI</arg>
<arg>CK</arg>
<arg>CL</arg>
<arg>CM</arg>
<arg>CN</arg>
<arg>CO</arg>
<arg>CR</arg>
<arg>CU</arg>
<arg>CV</arg>
<arg>CW</arg>
<arg>CX</arg>
<arg>CY</arg>
<arg>CZ</arg>
<arg>DE</arg>
<arg>DJ</arg>
<arg>DK</arg>
<arg>DM</arg>
<arg>DO</arg>
<arg>DZ</arg>
<arg>EC</arg>
<arg>EE</arg>
<arg>EG</arg>
<arg>EH</arg>
<arg>ER</arg>
<arg>ES</arg>
<arg>ET</arg>
<arg>FI</arg>
<arg>FJ</arg>
<arg>FK</arg>
<arg>FM</arg>
<arg>FO</arg>
<arg>FR</arg>
<arg>GA</arg>
<arg>GB</arg>
<arg>GD</arg>
<arg>GE</arg>
<arg>GF</arg>
<arg>GG</arg>
<arg>GH</arg>
<arg>GI</arg>
<arg>GL</arg>
<arg>GM</arg>
<arg>GN</arg>
<arg>GP</arg>
<arg>GQ</arg>
<arg>GR</arg>
<arg>GS</arg>
<arg>GT</arg>
<arg>GU</arg>
<arg>GW</arg>
<arg>GY</arg>
<arg>HK</arg>
<arg>HM</arg>
<arg>HN</arg>
<arg>HR</arg>
<arg>HT</arg>
<arg>HU</arg>
<arg>ID</arg>
<arg>IE</arg>
<arg>IL</arg>
<arg>IM</arg>
<arg>IN</arg>
<arg>IO</arg>
<arg>IQ</arg>
<arg>IR</arg>
<arg>IS</arg>
<arg>IT</arg>
<arg>JE</arg>
<arg>JM</arg>
<arg>JO</arg>
<arg>JP</arg>
<arg>KE</arg>
<arg>KG</arg>
<arg>KH</arg>
<arg>KI</arg>
<arg>KM</arg>
<arg>KN</arg>
<arg>KP</arg>
<arg>KR</arg>
<arg>KW</arg>
<arg>KY</arg>
<arg>KZ</arg>
<arg>LA</arg>
<arg>LB</arg>
<arg>LC</arg>
<arg>LI</arg>
<arg>LK</arg>
<arg>LR</arg>
<arg>LS</arg>
<arg>LT</arg>
<arg>LU</arg>
<arg>LV</arg>
<arg>LY</arg>
<arg>MA</arg>
<arg>MC</arg>
<arg>MD</arg>
<arg>ME</arg>
<arg>MF</arg>
<arg>MG</arg>
<arg>MH</arg>
<arg>MK</arg>
<arg>ML</arg>
<arg>MM</arg>
<arg>MN</arg>
<arg>MO</arg>
<arg>MP</arg>
<arg>MQ</arg>
<arg>MR</arg>
<arg>MS</arg>
<arg>MT</arg>
<arg>MU</arg>
<arg>MV</arg>
<arg>MW</arg>
<arg>MX</arg>
<arg>MY</arg>
<arg>MZ</arg>
<arg>NA</arg>
<arg>NC</arg>
<arg>NE</arg>
<arg>NF</arg>
<arg>NG</arg>
<arg>NI</arg>
<arg>NL</arg>
<arg>NO</arg>
<arg>NP</arg>
<arg>NR</arg>
<arg>NU</arg>
<arg>NZ</arg>
<arg>OM</arg>
<arg>PA</arg>
<arg>PE</arg>
<arg>PF</arg>
<arg>PG</arg>
<arg>PH</arg>
<arg>PK</arg>
<arg>PL</arg>
<arg>PM</arg>
<arg>PN</arg>
<arg>PR</arg>
<arg>PS</arg>
<arg>PT</arg>
<arg>PW</arg>
<arg>PY</arg>
<arg>QA</arg>
<arg>RE</arg>
<arg>RO</arg>
<arg>RS</arg>
<arg>RU</arg>
<arg>RW</arg>
<arg>SA</arg>
<arg>SB</arg>
<arg>SC</arg>
<arg>SD</arg>
<arg>SE</arg>
<arg>SG</arg>
<arg>SH</arg>
<arg>SI</arg>
<arg>SJ</arg>
<arg>SK</arg>
<arg>SL</arg>
<arg>SM</arg>
<arg>SN</arg>
<arg>SO</arg>
<arg>SR</arg>
<arg>SS</arg>
<arg>ST</arg>
<arg>SV</arg>
<arg>SX</arg>
<arg>SY</arg>
<arg>SZ</arg>
<arg>TC</arg>
<arg>TD</arg>
<arg>TF</arg>
<arg>TG</arg>
<arg>TH</arg>
<arg>TJ</arg>
<arg>TK</arg>
<arg>TL</arg>
<arg>TM</arg>
<arg>TN</arg>
<arg>TO</arg>
<arg>TR</arg>
<arg>TT</arg>
<arg>TV</arg>
<arg>TW</arg>
<arg>TZ</arg>
<arg>UA</arg>
<arg>UG</arg>
<arg>UM</arg>
<arg>US</arg>
<arg>UY</arg>
<arg>UZ</arg>
<arg>VA</arg>
<arg>VC</arg>
<arg>VE</arg>
<arg>VG</arg>
<arg>VI</arg>
<arg>VN</arg>
<arg>VU</arg>
<arg>WF</arg>
<arg>WS</arg>
<arg>XK</arg>
<arg>YE</arg>
<arg>YT</arg>
<arg>ZA</arg>
<arg>ZM</arg>
<arg>ZW</arg>
<doc>Returns a list containing given items.</doc>
<status status="PASS" start="2024-05-20T18:19:03.820334" elapsed="0.000619"/>
</kw>
<kw name="List Should Contain Value" owner="Collections">
<msg time="2024-05-20T18:19:03.821928" level="INFO">False</msg>
<arg>${list_country}</arg>
<arg>${name_country}</arg>
<doc>Fails if the ``value`` is not found from ``list``.</doc>
<status status="PASS" start="2024-05-20T18:19:03.821733" elapsed="0.000231"/>
</kw>
<kw name="Run Keyword If" owner="BuiltIn">
<kw name="Should Be True" owner="BuiltIn">
<arg>${True}</arg>
<doc>Fails if the given condition is not true.</doc>
<status status="PASS" start="2024-05-20T18:19:03.823039" elapsed="0.000145"/>
</kw>
<arg>${json_data["results"][0]["location"]["coordinates"]["latitude"]} &gt;= -90 and ${json_data["results"][0]["location"]["coordinates"]["latitude"]} &lt;= 90</arg>
<arg>Should Be True</arg>
<arg>${True}</arg>
<doc>Runs the given keyword with the given arguments, if ``condition`` is true.</doc>
<status status="PASS" start="2024-05-20T18:19:03.822272" elapsed="0.001038"/>
</kw>
<kw name="Run Keyword If" owner="BuiltIn">
<kw name="Should Be True" owner="BuiltIn">
<arg>${True}</arg>
<doc>Fails if the given condition is not true.</doc>
<status status="PASS" start="2024-05-20T18:19:03.824171" elapsed="0.000253"/>
</kw>
<arg>${json_data["results"][0]["location"]["coordinates"]["longitude"]} &gt;= -180 and ${json_data["results"][0]["location"]["coordinates"]["longitude"]} &lt;= 180</arg>
<arg>Should Be True</arg>
<arg>${True}</arg>
<doc>Runs the given keyword with the given arguments, if ``condition`` is true.</doc>
<status status="PASS" start="2024-05-20T18:19:03.823493" elapsed="0.001056"/>
</kw>
<status status="PASS" start="2024-05-20T18:19:03.694868" elapsed="0.129812"/>
</kw>
<doc>Testa o conteúdo específico dos campos retornados pela API.</doc>
<tag>testeConteudo</tag>
<status status="PASS" start="2024-05-20T18:19:03.694287" elapsed="0.130542"/>
</test>
<status status="PASS" start="2024-05-20T18:19:02.981932" elapsed="0.844861"/>
</suite>
<status status="PASS" start="2024-05-20T18:19:02.968265" elapsed="0.863682"/>
</suite>
<statistics>
<total>
<stat pass="5" fail="0" skip="0">All Tests</stat>
</total>
<tag>
<stat pass="1" fail="0" skip="0">testeConteudo</stat>
<stat pass="1" fail="0" skip="0">testeEstruturaResposta</stat>
<stat pass="1" fail="0" skip="0">testeRequisicaoBasica</stat>
<stat pass="1" fail="0" skip="0">testeTiposDados</stat>
</tag>
<suite>
<stat pass="5" fail="0" skip="0" id="s1" name="Tests">Tests</stat>
<stat pass="5" fail="0" skip="0" id="s1-s1" name="Random-User-Test">Tests.Random-User-Test</stat>
</suite>
</statistics>
<errors>
</errors>
</robot>
