<?xml version="1.0" encoding="UTF-8"?>
<robot generator="Robot 7.0.1 (Python 3.12.4 on linux)" generated="2024-06-24T13:17:03.493789" rpa="false" schemaversion="5">
<suite id="s1" name="Tests" source="/home/runner/work/ApiRandomUser/ApiRandomUser/RamdonUser/tests">
<suite id="s1-s1" name="Random-User-Test" source="/home/runner/work/ApiRandomUser/ApiRandomUser/RamdonUser/tests/random-user-test.robot">
<test id="s1-s1-t1" name="Conectar" line="13">
<kw name="Conectar API" owner="random-user-service">
<kw name="Create Session" owner="RequestsLibrary">
<msg time="2024-06-24T13:17:03.931049" level="INFO">Creating Session using : alias=consultarAPI, url=https://randomuser.me/, headers={},                     cookies={}, auth=None, timeout=None, proxies=None, verify=False,                     debug=0 </msg>
<arg>consultarAPI</arg>
<arg>${URL}</arg>
<doc>Create Session: create a HTTP session to a server</doc>
<status status="PASS" start="2024-06-24T13:17:03.930852" elapsed="0.000357"/>
</kw>
<status status="PASS" start="2024-06-24T13:17:03.929922" elapsed="0.001630"/>
</kw>
<status status="PASS" start="2024-06-24T13:17:03.929402" elapsed="0.002337"/>
</test>
<test id="s1-s1-t2" name="Validar retorno 200 e JSON Válido" line="16">
<kw name="Teste de Requisicao Basica" owner="random-user-service">
<kw name="GET On Session" owner="RequestsLibrary">
<msg time="2024-06-24T13:17:04.129565" level="INFO">GET Request : url=https://randomuser.me/api 
 path_url=/api 
 headers={'User-Agent': 'python-requests/2.32.3', 'Accept-Encoding': 'gzip, deflate', 'Accept': '*/*', 'Connection': 'keep-alive'} 
 body=None 
 </msg>
<msg time="2024-06-24T13:17:04.129700" level="INFO">GET Response : url=https://randomuser.me/api 
 status=200, reason=OK 
 headers={'Date': 'Mon, 24 Jun 2024 13:17:04 GMT', 'Content-Type': 'application/json; charset=utf-8', 'Transfer-Encoding': 'chunked', 'Connection': 'keep-alive', 'X-Powered-By': 'Express', 'Access-Control-Allow-Origin': '*', 'Cache-Control': 'no-cache', 'ETag': 'W/"491-QampXDktoGNa8HzM85xYTRIHiKc"', 'Vary': 'Accept-Encoding', 'Content-Encoding': 'gzip', 'CF-Cache-Status': 'DYNAMIC', 'Report-To': '{"endpoints":[{"url":"https:\\/\\/a.nel.cloudflare.com\\/report\\/v4?s=xvgBjX%2FcotcSoF4xILp1rsZLiiBLrRZ9ECHeDJj1mSATHJjwaNov9xfgJzOdysLwnpktYIEl9ypwarUTh54LOdTaZjdNbcSZxv3UK1HJxIFzuN4%2Bm0f9Sc2GnvT%2BUC%2B9"}],"group":"cf-nel","max_age":604800}', 'NEL': '{"success_fraction":0,"report_to":"cf-nel","max_age":604800}', 'Server': 'cloudflare', 'CF-RAY': '898cfef48c2720ac-IAD', 'alt-svc': 'h3=":443"; ma=86400'} 
 body={"results":[{"gender":"male","name":{"title":"Mr","first":"Zoreglyad","last":"Litvinyuk"},"location":{"street":{"number":6708,"name":"Rodini Barvinskih"},"city":"Zorinsk","state":"Donecka","country":"Ukraine","postcode":59220,"coordinates":{"latitude":"73.4867","longitude":"-79.6442"},"timezone":{"offset":"-3:00","description":"Brazil, Buenos Aires, Georgetown"}},"email":"zoreglyad.litvinyuk@example.com","login":{"uuid":"685ac528-4684-4612-b07c-98fac8e498c1","username":"heavyrabbit654","password":"12312312","salt":"sxIqzgj9","md5":"95d28463df808bcbe505bd3901828b7b","sha1":"e212325cb7f9060a15085b3557e129956b9dd497","sha256":"b293b86af342a361010316af287ba3c88d7c50987a65e9ba7bfde9e5d469a312"},"dob":{"date":"1974-10-09T13:33:04.869Z","age":49},"registered":{"date":"2021-09-27T03:13:36.962Z","age":2},"phone":"(098) N92-5570","cell":"(066) Y23-4867","id":{"name":"","value":null},"picture":{"large":"https://randomuser.me/api/portraits/men/68.jpg","medium":"https://randomuser.me/api/portraits/med/men/68.jpg","thumbnail":"https://randomuser.me/api/portraits/thumb/men/68.jpg"},"nat":"UA"}],"info":{"seed":"1e6254f415eabc71","results":1,"page":1,"version":"1.4"}} 
 </msg>
<msg time="2024-06-24T13:17:04.129777" level="INFO">/opt/hostedtoolcache/Python/3.12.4/x64/lib/python3.12/site-packages/urllib3/connectionpool.py:1099: InsecureRequestWarning: Unverified HTTPS request is being made to host 'randomuser.me'. Adding certificate verification is strongly advised. See: https://urllib3.readthedocs.io/en/latest/advanced-usage.html#tls-warnings
  warnings.warn(</msg>
<msg time="2024-06-24T13:17:04.129904" level="INFO">${response} = &lt;Response [200]&gt;</msg>
<var>${response}</var>
<arg>consultarAPI</arg>
<arg>/api</arg>
<doc>Sends a GET request on a previously created HTTP Session.</doc>
<status status="PASS" start="2024-06-24T13:17:03.934342" elapsed="0.195606"/>
</kw>
<kw name="Should Be Equal As Numbers" owner="BuiltIn">
<msg time="2024-06-24T13:17:04.130887" level="INFO">Argument types are:
&lt;class 'int'&gt;
&lt;class 'str'&gt;</msg>
<arg>${response.status_code}</arg>
<arg>200</arg>
<doc>Fails if objects are unequal after converting them to real numbers.</doc>
<status status="PASS" start="2024-06-24T13:17:04.130436" elapsed="0.000519"/>
</kw>
<kw name="Log" owner="BuiltIn">
<msg time="2024-06-24T13:17:04.131621" level="INFO">200</msg>
<arg>${response.status_code}</arg>
<doc>Logs the given message with the given level.</doc>
<status status="PASS" start="2024-06-24T13:17:04.131271" elapsed="0.000392"/>
</kw>
<kw name="Set Variable" owner="BuiltIn">
<msg time="2024-06-24T13:17:04.132453" level="INFO">${json_data} = {'results': [{'gender': 'male', 'name': {'title': 'Mr', 'first': 'Zoreglyad', 'last': 'Litvinyuk'}, 'location': {'street': {'number': 6708, 'name': 'Rodini Barvinskih'}, 'city': 'Zorinsk', 'state': 'D...</msg>
<var>${json_data}</var>
<arg>${response.json()}</arg>
<doc>Returns the given values which can then be assigned to a variables.</doc>
<status status="PASS" start="2024-06-24T13:17:04.131964" elapsed="0.000517"/>
</kw>
<kw name="Dictionary Should Contain Key" owner="Collections">
<arg>${json_data}</arg>
<arg>results</arg>
<doc>Fails if ``key`` is not found from ``dictionary``.</doc>
<status status="PASS" start="2024-06-24T13:17:04.132780" elapsed="0.000175"/>
</kw>
<status status="PASS" start="2024-06-24T13:17:03.934106" elapsed="0.199000"/>
</kw>
<doc>Testa se a API responde corretamente e retorna um objeto JSON válido.</doc>
<tag>testeRequisicaoBasica</tag>
<status status="PASS" start="2024-06-24T13:17:03.933659" elapsed="0.199621"/>
</test>
<test id="s1-s1-t3" name="Validar estrutura de resposta" line="22">
<kw name="Teste de Estrutura de Resposta" owner="random-user-service">
<kw name="GET On Session" owner="RequestsLibrary">
<msg time="2024-06-24T13:17:04.225125" level="INFO">GET Request : url=https://randomuser.me/api 
 path_url=/api 
 headers={'User-Agent': 'python-requests/2.32.3', 'Accept-Encoding': 'gzip, deflate', 'Accept': '*/*', 'Connection': 'keep-alive'} 
 body=None 
 </msg>
<msg time="2024-06-24T13:17:04.225191" level="INFO">GET Response : url=https://randomuser.me/api 
 status=200, reason=OK 
 headers={'Date': 'Mon, 24 Jun 2024 13:17:04 GMT', 'Content-Type': 'application/json; charset=utf-8', 'Transfer-Encoding': 'chunked', 'Connection': 'keep-alive', 'X-Powered-By': 'Express', 'Access-Control-Allow-Origin': '*', 'Cache-Control': 'no-cache', 'ETag': 'W/"486-6vB97GxX+vtRQDq6thikjoB5K6k"', 'Vary': 'Accept-Encoding', 'Content-Encoding': 'gzip', 'CF-Cache-Status': 'DYNAMIC', 'Report-To': '{"endpoints":[{"url":"https:\\/\\/a.nel.cloudflare.com\\/report\\/v4?s=rid84vk4TxcQD3TrklYEiL6kx%2BRZq9N9Gb82bAqO7n4mtQo9AdqYrtSxD%2Fk4cRNRi0IWvbvAGuDjIQV8gyvqdAg%2BUbrK638re%2FSIM6l0OSwUdyE47iVR%2F3FQPPxjBJVQ"}],"group":"cf-nel","max_age":604800}', 'NEL': '{"success_fraction":0,"report_to":"cf-nel","max_age":604800}', 'Server': 'cloudflare', 'CF-RAY': '898cfef4ecb120ac-IAD', 'alt-svc': 'h3=":443"; ma=86400'} 
 body={"results":[{"gender":"female","name":{"title":"Miss","first":"Hiya","last":"Acharya"},"location":{"street":{"number":1834,"name":"Dadabhai Naoroji Rd"},"city":"Silchar","state":"Bihar","country":"India","postcode":56358,"coordinates":{"latitude":"4.5006","longitude":"151.5900"},"timezone":{"offset":"+6:00","description":"Almaty, Dhaka, Colombo"}},"email":"hiya.acharya@example.com","login":{"uuid":"400c24d2-8621-44de-8e92-b962bd8a4781","username":"blueostrich628","password":"micron","salt":"Aifs13a4","md5":"d88406a5660029a498e96b7f2e7ae71e","sha1":"4c0d509de2f12d43be021f064dbc83ff2f68bb4f","sha256":"e774673a70933c149eef376dd026c16a77d12de87efb1af1b666bde04d1d7c41"},"dob":{"date":"1967-11-04T04:30:20.736Z","age":56},"registered":{"date":"2005-03-08T14:50:43.321Z","age":19},"phone":"9562451781","cell":"8200286282","id":{"name":"UIDAI","value":"630111980325"},"picture":{"large":"https://randomuser.me/api/portraits/women/69.jpg","medium":"https://randomuser.me/api/portraits/med/women/69.jpg","thumbnail":"https://randomuser.me/api/portraits/thumb/women/69.jpg"},"nat":"IN"}],"info":{"seed":"7ff21f37a97f337d","results":1,"page":1,"version":"1.4"}} 
 </msg>
<msg time="2024-06-24T13:17:04.225290" level="INFO">/opt/hostedtoolcache/Python/3.12.4/x64/lib/python3.12/site-packages/urllib3/connectionpool.py:1099: InsecureRequestWarning: Unverified HTTPS request is being made to host 'randomuser.me'. Adding certificate verification is strongly advised. See: https://urllib3.readthedocs.io/en/latest/advanced-usage.html#tls-warnings
  warnings.warn(</msg>
<msg time="2024-06-24T13:17:04.225380" level="INFO">${response} = &lt;Response [200]&gt;</msg>
<var>${response}</var>
<arg>consultarAPI</arg>
<arg>/api</arg>
<doc>Sends a GET request on a previously created HTTP Session.</doc>
<status status="PASS" start="2024-06-24T13:17:04.135933" elapsed="0.089482"/>
</kw>
<kw name="Set Variable" owner="BuiltIn">
<msg time="2024-06-24T13:17:04.226216" level="INFO">${json_data} = {'results': [{'gender': 'female', 'name': {'title': 'Miss', 'first': 'Hiya', 'last': 'Acharya'}, 'location': {'street': {'number': 1834, 'name': 'Dadabhai Naoroji Rd'}, 'city': 'Silchar', 'state': 'Bi...</msg>
<var>${json_data}</var>
<arg>${response.json()}</arg>
<doc>Returns the given values which can then be assigned to a variables.</doc>
<status status="PASS" start="2024-06-24T13:17:04.225782" elapsed="0.000462"/>
</kw>
<kw name="Log" owner="BuiltIn">
<msg time="2024-06-24T13:17:04.226699" level="INFO">{'results': [{'gender': 'female', 'name': {'title': 'Miss', 'first': 'Hiya', 'last': 'Acharya'}, 'location': {'street': {'number': 1834, 'name': 'Dadabhai Naoroji Rd'}, 'city': 'Silchar', 'state': 'Bihar', 'country': 'India', 'postcode': 56358, 'coordinates': {'latitude': '4.5006', 'longitude': '151.5900'}, 'timezone': {'offset': '+6:00', 'description': 'Almaty, Dhaka, Colombo'}}, 'email': 'hiya.acharya@example.com', 'login': {'uuid': '400c24d2-8621-44de-8e92-b962bd8a4781', 'username': 'blueostrich628', 'password': 'micron', 'salt': 'Aifs13a4', 'md5': 'd88406a5660029a498e96b7f2e7ae71e', 'sha1': '4c0d509de2f12d43be021f064dbc83ff2f68bb4f', 'sha256': 'e774673a70933c149eef376dd026c16a77d12de87efb1af1b666bde04d1d7c41'}, 'dob': {'date': '1967-11-04T04:30:20.736Z', 'age': 56}, 'registered': {'date': '2005-03-08T14:50:43.321Z', 'age': 19}, 'phone': '9562451781', 'cell': '8200286282', 'id': {'name': 'UIDAI', 'value': '630111980325'}, 'picture': {'large': 'https://randomuser.me/api/portraits/women/69.jpg', 'medium': 'https://randomuser.me/api/portraits/med/women/69.jpg', 'thumbnail': 'https://randomuser.me/api/portraits/thumb/women/69.jpg'}, 'nat': 'IN'}], 'info': {'seed': '7ff21f37a97f337d', 'results': 1, 'page': 1, 'version': '1.4'}}</msg>
<arg>${json_data}</arg>
<doc>Logs the given message with the given level.</doc>
<status status="PASS" start="2024-06-24T13:17:04.226547" elapsed="0.000199"/>
</kw>
<kw name="Dictionary Should Contain Key" owner="Collections">
<arg>${json_data}</arg>
<arg>results</arg>
<doc>Fails if ``key`` is not found from ``dictionary``.</doc>
<status status="PASS" start="2024-06-24T13:17:04.227034" elapsed="0.000158"/>
</kw>
<kw name="Should Not Be Empty" owner="BuiltIn">
<msg time="2024-06-24T13:17:04.227503" level="INFO">Length is 2.</msg>
<arg>${json_data}</arg>
<doc>Verifies that the given item is not empty.</doc>
<status status="PASS" start="2024-06-24T13:17:04.227376" elapsed="0.000165"/>
</kw>
<kw name="Create List" owner="BuiltIn">
<msg time="2024-06-24T13:17:04.228096" level="INFO">${expected_keys} = ['gender', 'name', 'location', 'email', 'login']</msg>
<var>${expected_keys}</var>
<arg>gender</arg>
<arg>name</arg>
<arg>location</arg>
<arg>email</arg>
<arg>login</arg>
<doc>Returns a list containing given items.</doc>
<status status="PASS" start="2024-06-24T13:17:04.227824" elapsed="0.000297"/>
</kw>
<for flavor="IN">
<iter>
<kw name="Dictionary Should Contain Key" owner="Collections">
<arg>${json_data['results'][0]}</arg>
<arg>${key}</arg>
<doc>Fails if ``key`` is not found from ``dictionary``.</doc>
<status status="PASS" start="2024-06-24T13:17:04.228748" elapsed="0.000400"/>
</kw>
<kw name="Log" owner="BuiltIn">
<msg time="2024-06-24T13:17:04.229705" level="INFO">{'gender': 'female', 'name': {'title': 'Miss', 'first': 'Hiya', 'last': 'Acharya'}, 'location': {'street': {'number': 1834, 'name': 'Dadabhai Naoroji Rd'}, 'city': 'Silchar', 'state': 'Bihar', 'country': 'India', 'postcode': 56358, 'coordinates': {'latitude': '4.5006', 'longitude': '151.5900'}, 'timezone': {'offset': '+6:00', 'description': 'Almaty, Dhaka, Colombo'}}, 'email': 'hiya.acharya@example.com', 'login': {'uuid': '400c24d2-8621-44de-8e92-b962bd8a4781', 'username': 'blueostrich628', 'password': 'micron', 'salt': 'Aifs13a4', 'md5': 'd88406a5660029a498e96b7f2e7ae71e', 'sha1': '4c0d509de2f12d43be021f064dbc83ff2f68bb4f', 'sha256': 'e774673a70933c149eef376dd026c16a77d12de87efb1af1b666bde04d1d7c41'}, 'dob': {'date': '1967-11-04T04:30:20.736Z', 'age': 56}, 'registered': {'date': '2005-03-08T14:50:43.321Z', 'age': 19}, 'phone': '9562451781', 'cell': '8200286282', 'id': {'name': 'UIDAI', 'value': '630111980325'}, 'picture': {'large': 'https://randomuser.me/api/portraits/women/69.jpg', 'medium': 'https://randomuser.me/api/portraits/med/women/69.jpg', 'thumbnail': 'https://randomuser.me/api/portraits/thumb/women/69.jpg'}, 'nat': 'IN'}</msg>
<arg>${json_data['results'][0]}</arg>
<doc>Logs the given message with the given level.</doc>
<status status="PASS" start="2024-06-24T13:17:04.229336" elapsed="0.000418"/>
</kw>
<kw name="Log" owner="BuiltIn">
<msg time="2024-06-24T13:17:04.230229" level="INFO">gender</msg>
<arg>${key}</arg>
<doc>Logs the given message with the given level.</doc>
<status status="PASS" start="2024-06-24T13:17:04.230086" elapsed="0.000181"/>
</kw>
<var name="${key}">gender</var>
<status status="PASS" start="2024-06-24T13:17:04.228626" elapsed="0.001853"/>
</iter>
<iter>
<kw name="Dictionary Should Contain Key" owner="Collections">
<arg>${json_data['results'][0]}</arg>
<arg>${key}</arg>
<doc>Fails if ``key`` is not found from ``dictionary``.</doc>
<status status="PASS" start="2024-06-24T13:17:04.230770" elapsed="0.000384"/>
</kw>
<kw name="Log" owner="BuiltIn">
<msg time="2024-06-24T13:17:04.231697" level="INFO">{'gender': 'female', 'name': {'title': 'Miss', 'first': 'Hiya', 'last': 'Acharya'}, 'location': {'street': {'number': 1834, 'name': 'Dadabhai Naoroji Rd'}, 'city': 'Silchar', 'state': 'Bihar', 'country': 'India', 'postcode': 56358, 'coordinates': {'latitude': '4.5006', 'longitude': '151.5900'}, 'timezone': {'offset': '+6:00', 'description': 'Almaty, Dhaka, Colombo'}}, 'email': 'hiya.acharya@example.com', 'login': {'uuid': '400c24d2-8621-44de-8e92-b962bd8a4781', 'username': 'blueostrich628', 'password': 'micron', 'salt': 'Aifs13a4', 'md5': 'd88406a5660029a498e96b7f2e7ae71e', 'sha1': '4c0d509de2f12d43be021f064dbc83ff2f68bb4f', 'sha256': 'e774673a70933c149eef376dd026c16a77d12de87efb1af1b666bde04d1d7c41'}, 'dob': {'date': '1967-11-04T04:30:20.736Z', 'age': 56}, 'registered': {'date': '2005-03-08T14:50:43.321Z', 'age': 19}, 'phone': '9562451781', 'cell': '8200286282', 'id': {'name': 'UIDAI', 'value': '630111980325'}, 'picture': {'large': 'https://randomuser.me/api/portraits/women/69.jpg', 'medium': 'https://randomuser.me/api/portraits/med/women/69.jpg', 'thumbnail': 'https://randomuser.me/api/portraits/thumb/women/69.jpg'}, 'nat': 'IN'}</msg>
<arg>${json_data['results'][0]}</arg>
<doc>Logs the given message with the given level.</doc>
<status status="PASS" start="2024-06-24T13:17:04.231340" elapsed="0.000434"/>
</kw>
<kw name="Log" owner="BuiltIn">
<msg time="2024-06-24T13:17:04.232216" level="INFO">name</msg>
<arg>${key}</arg>
<doc>Logs the given message with the given level.</doc>
<status status="PASS" start="2024-06-24T13:17:04.232067" elapsed="0.000194"/>
</kw>
<var name="${key}">name</var>
<status status="PASS" start="2024-06-24T13:17:04.230660" elapsed="0.001818"/>
</iter>
<iter>
<kw name="Dictionary Should Contain Key" owner="Collections">
<arg>${json_data['results'][0]}</arg>
<arg>${key}</arg>
<doc>Fails if ``key`` is not found from ``dictionary``.</doc>
<status status="PASS" start="2024-06-24T13:17:04.232762" elapsed="0.000393"/>
</kw>
<kw name="Log" owner="BuiltIn">
<msg time="2024-06-24T13:17:04.233702" level="INFO">{'gender': 'female', 'name': {'title': 'Miss', 'first': 'Hiya', 'last': 'Acharya'}, 'location': {'street': {'number': 1834, 'name': 'Dadabhai Naoroji Rd'}, 'city': 'Silchar', 'state': 'Bihar', 'country': 'India', 'postcode': 56358, 'coordinates': {'latitude': '4.5006', 'longitude': '151.5900'}, 'timezone': {'offset': '+6:00', 'description': 'Almaty, Dhaka, Colombo'}}, 'email': 'hiya.acharya@example.com', 'login': {'uuid': '400c24d2-8621-44de-8e92-b962bd8a4781', 'username': 'blueostrich628', 'password': 'micron', 'salt': 'Aifs13a4', 'md5': 'd88406a5660029a498e96b7f2e7ae71e', 'sha1': '4c0d509de2f12d43be021f064dbc83ff2f68bb4f', 'sha256': 'e774673a70933c149eef376dd026c16a77d12de87efb1af1b666bde04d1d7c41'}, 'dob': {'date': '1967-11-04T04:30:20.736Z', 'age': 56}, 'registered': {'date': '2005-03-08T14:50:43.321Z', 'age': 19}, 'phone': '9562451781', 'cell': '8200286282', 'id': {'name': 'UIDAI', 'value': '630111980325'}, 'picture': {'large': 'https://randomuser.me/api/portraits/women/69.jpg', 'medium': 'https://randomuser.me/api/portraits/med/women/69.jpg', 'thumbnail': 'https://randomuser.me/api/portraits/thumb/women/69.jpg'}, 'nat': 'IN'}</msg>
<arg>${json_data['results'][0]}</arg>
<doc>Logs the given message with the given level.</doc>
<status status="PASS" start="2024-06-24T13:17:04.233338" elapsed="0.000418"/>
</kw>
<kw name="Log" owner="BuiltIn">
<msg time="2024-06-24T13:17:04.234205" level="INFO">location</msg>
<arg>${key}</arg>
<doc>Logs the given message with the given level.</doc>
<status status="PASS" start="2024-06-24T13:17:04.234079" elapsed="0.000163"/>
</kw>
<var name="${key}">location</var>
<status status="PASS" start="2024-06-24T13:17:04.232653" elapsed="0.001804"/>
</iter>
<iter>
<kw name="Dictionary Should Contain Key" owner="Collections">
<arg>${json_data['results'][0]}</arg>
<arg>${key}</arg>
<doc>Fails if ``key`` is not found from ``dictionary``.</doc>
<status status="PASS" start="2024-06-24T13:17:04.234741" elapsed="0.000383"/>
</kw>
<kw name="Log" owner="BuiltIn">
<msg time="2024-06-24T13:17:04.235659" level="INFO">{'gender': 'female', 'name': {'title': 'Miss', 'first': 'Hiya', 'last': 'Acharya'}, 'location': {'street': {'number': 1834, 'name': 'Dadabhai Naoroji Rd'}, 'city': 'Silchar', 'state': 'Bihar', 'country': 'India', 'postcode': 56358, 'coordinates': {'latitude': '4.5006', 'longitude': '151.5900'}, 'timezone': {'offset': '+6:00', 'description': 'Almaty, Dhaka, Colombo'}}, 'email': 'hiya.acharya@example.com', 'login': {'uuid': '400c24d2-8621-44de-8e92-b962bd8a4781', 'username': 'blueostrich628', 'password': 'micron', 'salt': 'Aifs13a4', 'md5': 'd88406a5660029a498e96b7f2e7ae71e', 'sha1': '4c0d509de2f12d43be021f064dbc83ff2f68bb4f', 'sha256': 'e774673a70933c149eef376dd026c16a77d12de87efb1af1b666bde04d1d7c41'}, 'dob': {'date': '1967-11-04T04:30:20.736Z', 'age': 56}, 'registered': {'date': '2005-03-08T14:50:43.321Z', 'age': 19}, 'phone': '9562451781', 'cell': '8200286282', 'id': {'name': 'UIDAI', 'value': '630111980325'}, 'picture': {'large': 'https://randomuser.me/api/portraits/women/69.jpg', 'medium': 'https://randomuser.me/api/portraits/med/women/69.jpg', 'thumbnail': 'https://randomuser.me/api/portraits/thumb/women/69.jpg'}, 'nat': 'IN'}</msg>
<arg>${json_data['results'][0]}</arg>
<doc>Logs the given message with the given level.</doc>
<status status="PASS" start="2024-06-24T13:17:04.235309" elapsed="0.000401"/>
</kw>
<kw name="Log" owner="BuiltIn">
<msg time="2024-06-24T13:17:04.236125" level="INFO">email</msg>
<arg>${key}</arg>
<doc>Logs the given message with the given level.</doc>
<status status="PASS" start="2024-06-24T13:17:04.235999" elapsed="0.000163"/>
</kw>
<var name="${key}">email</var>
<status status="PASS" start="2024-06-24T13:17:04.234636" elapsed="0.001792"/>
</iter>
<iter>
<kw name="Dictionary Should Contain Key" owner="Collections">
<arg>${json_data['results'][0]}</arg>
<arg>${key}</arg>
<doc>Fails if ``key`` is not found from ``dictionary``.</doc>
<status status="PASS" start="2024-06-24T13:17:04.236710" elapsed="0.000402"/>
</kw>
<kw name="Log" owner="BuiltIn">
<msg time="2024-06-24T13:17:04.237646" level="INFO">{'gender': 'female', 'name': {'title': 'Miss', 'first': 'Hiya', 'last': 'Acharya'}, 'location': {'street': {'number': 1834, 'name': 'Dadabhai Naoroji Rd'}, 'city': 'Silchar', 'state': 'Bihar', 'country': 'India', 'postcode': 56358, 'coordinates': {'latitude': '4.5006', 'longitude': '151.5900'}, 'timezone': {'offset': '+6:00', 'description': 'Almaty, Dhaka, Colombo'}}, 'email': 'hiya.acharya@example.com', 'login': {'uuid': '400c24d2-8621-44de-8e92-b962bd8a4781', 'username': 'blueostrich628', 'password': 'micron', 'salt': 'Aifs13a4', 'md5': 'd88406a5660029a498e96b7f2e7ae71e', 'sha1': '4c0d509de2f12d43be021f064dbc83ff2f68bb4f', 'sha256': 'e774673a70933c149eef376dd026c16a77d12de87efb1af1b666bde04d1d7c41'}, 'dob': {'date': '1967-11-04T04:30:20.736Z', 'age': 56}, 'registered': {'date': '2005-03-08T14:50:43.321Z', 'age': 19}, 'phone': '9562451781', 'cell': '8200286282', 'id': {'name': 'UIDAI', 'value': '630111980325'}, 'picture': {'large': 'https://randomuser.me/api/portraits/women/69.jpg', 'medium': 'https://randomuser.me/api/portraits/med/women/69.jpg', 'thumbnail': 'https://randomuser.me/api/portraits/thumb/women/69.jpg'}, 'nat': 'IN'}</msg>
<arg>${json_data['results'][0]}</arg>
<doc>Logs the given message with the given level.</doc>
<status status="PASS" start="2024-06-24T13:17:04.237293" elapsed="0.000399"/>
</kw>
<kw name="Log" owner="BuiltIn">
<msg time="2024-06-24T13:17:04.238116" level="INFO">login</msg>
<arg>${key}</arg>
<doc>Logs the given message with the given level.</doc>
<status status="PASS" start="2024-06-24T13:17:04.237987" elapsed="0.000167"/>
</kw>
<var name="${key}">login</var>
<status status="PASS" start="2024-06-24T13:17:04.236603" elapsed="0.001765"/>
</iter>
<var>${key}</var>
<value>@{expected_keys}</value>
<status status="PASS" start="2024-06-24T13:17:04.228434" elapsed="0.010054"/>
</for>
<kw name="Create List" owner="BuiltIn">
<msg time="2024-06-24T13:17:04.238812" level="INFO">${expected_keysTwo} = ['username', 'password']</msg>
<var>${expected_keysTwo}</var>
<arg>username</arg>
<arg>password</arg>
<doc>Returns a list containing given items.</doc>
<status status="PASS" start="2024-06-24T13:17:04.238677" elapsed="0.000160"/>
</kw>
<for flavor="IN">
<iter>
<kw name="Dictionary Should Contain Key" owner="Collections">
<arg>${json_data['results'][0]['login']}</arg>
<arg>${keyTwo}</arg>
<doc>Fails if ``key`` is not found from ``dictionary``.</doc>
<status status="PASS" start="2024-06-24T13:17:04.239357" elapsed="0.000390"/>
</kw>
<kw name="Dictionary Should Contain Key" owner="Collections">
<arg>${json_data['results'][0]['login']}</arg>
<arg>${keyTwo}</arg>
<doc>Fails if ``key`` is not found from ``dictionary``.</doc>
<status status="PASS" start="2024-06-24T13:17:04.239937" elapsed="0.000407"/>
</kw>
<kw name="Log" owner="BuiltIn">
<msg time="2024-06-24T13:17:04.240655" level="INFO">username</msg>
<arg>${keyTwo}</arg>
<doc>Logs the given message with the given level.</doc>
<status status="PASS" start="2024-06-24T13:17:04.240524" elapsed="0.000180"/>
</kw>
<var name="${keyTwo}">username</var>
<status status="PASS" start="2024-06-24T13:17:04.239249" elapsed="0.001690"/>
</iter>
<iter>
<kw name="Dictionary Should Contain Key" owner="Collections">
<arg>${json_data['results'][0]['login']}</arg>
<arg>${keyTwo}</arg>
<doc>Fails if ``key`` is not found from ``dictionary``.</doc>
<status status="PASS" start="2024-06-24T13:17:04.241214" elapsed="0.000401"/>
</kw>
<kw name="Dictionary Should Contain Key" owner="Collections">
<arg>${json_data['results'][0]['login']}</arg>
<arg>${keyTwo}</arg>
<doc>Fails if ``key`` is not found from ``dictionary``.</doc>
<status status="PASS" start="2024-06-24T13:17:04.241792" elapsed="0.000384"/>
</kw>
<kw name="Log" owner="BuiltIn">
<msg time="2024-06-24T13:17:04.242467" level="INFO">password</msg>
<arg>${keyTwo}</arg>
<doc>Logs the given message with the given level.</doc>
<status status="PASS" start="2024-06-24T13:17:04.242350" elapsed="0.000154"/>
</kw>
<var name="${keyTwo}">password</var>
<status status="PASS" start="2024-06-24T13:17:04.241110" elapsed="0.001702"/>
</iter>
<var>${keyTwo}</var>
<value>@{expected_keysTwo}</value>
<status status="PASS" start="2024-06-24T13:17:04.239098" elapsed="0.003837"/>
</for>
<status status="PASS" start="2024-06-24T13:17:04.135700" elapsed="0.107374"/>
</kw>
<doc>Testa a estrutura da resposta da API.</doc>
<tag>testeEstruturaResposta</tag>
<status status="PASS" start="2024-06-24T13:17:04.135109" elapsed="0.108112"/>
</test>
<test id="s1-s1-t4" name="Validar tipos de dados" line="28">
<kw name="Teste de Tipos de Dados" owner="random-user-service">
<kw name="GET On Session" owner="RequestsLibrary">
<msg time="2024-06-24T13:17:04.330686" level="INFO">GET Request : url=https://randomuser.me/api 
 path_url=/api 
 headers={'User-Agent': 'python-requests/2.32.3', 'Accept-Encoding': 'gzip, deflate', 'Accept': '*/*', 'Connection': 'keep-alive'} 
 body=None 
 </msg>
<msg time="2024-06-24T13:17:04.330765" level="INFO">GET Response : url=https://randomuser.me/api 
 status=200, reason=OK 
 headers={'Date': 'Mon, 24 Jun 2024 13:17:04 GMT', 'Content-Type': 'application/json; charset=utf-8', 'Transfer-Encoding': 'chunked', 'Connection': 'keep-alive', 'X-Powered-By': 'Express', 'Access-Control-Allow-Origin': '*', 'Cache-Control': 'no-cache', 'ETag': 'W/"467-MtxIigHF8zdQO7feCJdVOY0npkE"', 'Vary': 'Accept-Encoding', 'Content-Encoding': 'gzip', 'CF-Cache-Status': 'DYNAMIC', 'Report-To': '{"endpoints":[{"url":"https:\\/\\/a.nel.cloudflare.com\\/report\\/v4?s=tZE0L8aXrhvGrbqSzRKkMAlFGJQF1T%2FGlUQto%2FKt%2F%2BrPSfXRp2yW3lDzWgfd68N3QJpR4Z1BMMNR4COtTjnSa4TwOZRGl4tD71c6%2FcglrbjEDBdFoJYz0oxvJJP0VfX2"}],"group":"cf-nel","max_age":604800}', 'NEL': '{"success_fraction":0,"report_to":"cf-nel","max_age":604800}', 'Server': 'cloudflare', 'CF-RAY': '898cfef59d6320ac-IAD', 'alt-svc': 'h3=":443"; ma=86400'} 
 body={"results":[{"gender":"female","name":{"title":"Mrs","first":"Nalan","last":"Aykaç"},"location":{"street":{"number":1264,"name":"Abanoz Sk"},"city":"Kırıkkale","state":"Amasya","country":"Turkey","postcode":62980,"coordinates":{"latitude":"66.8988","longitude":"17.6025"},"timezone":{"offset":"-9:00","description":"Alaska"}},"email":"nalan.aykac@example.com","login":{"uuid":"b26126e0-93eb-4aa0-a468-dd3651c4817c","username":"lazysnake834","password":"heynow","salt":"o6SONa4r","md5":"0a5025fa5d9ca414e1ec5ecd829b2533","sha1":"fd0805fa433a63cbf0fc1b46986f0698a020592c","sha256":"f4d273bda9e36bd5d670769f2ee48a0750ecfca22bb1f285a12f0dead4027537"},"dob":{"date":"1956-09-27T16:34:37.506Z","age":67},"registered":{"date":"2009-10-31T00:44:16.644Z","age":14},"phone":"(072)-504-7545","cell":"(297)-457-5812","id":{"name":"","value":null},"picture":{"large":"https://randomuser.me/api/portraits/women/31.jpg","medium":"https://randomuser.me/api/portraits/med/women/31.jpg","thumbnail":"https://randomuser.me/api/portraits/thumb/women/31.jpg"},"nat":"TR"}],"info":{"seed":"c9ac629778b31172","results":1,"page":1,"version":"1.4"}} 
 </msg>
<msg time="2024-06-24T13:17:04.330838" level="INFO">/opt/hostedtoolcache/Python/3.12.4/x64/lib/python3.12/site-packages/urllib3/connectionpool.py:1099: InsecureRequestWarning: Unverified HTTPS request is being made to host 'randomuser.me'. Adding certificate verification is strongly advised. See: https://urllib3.readthedocs.io/en/latest/advanced-usage.html#tls-warnings
  warnings.warn(</msg>
<msg time="2024-06-24T13:17:04.330938" level="INFO">${response} = &lt;Response [200]&gt;</msg>
<var>${response}</var>
<arg>consultarAPI</arg>
<arg>/api</arg>
<doc>Sends a GET request on a previously created HTTP Session.</doc>
<status status="PASS" start="2024-06-24T13:17:04.245688" elapsed="0.085296"/>
</kw>
<kw name="Set Variable" owner="BuiltIn">
<msg time="2024-06-24T13:17:04.331919" level="INFO">${json_data} = {'results': [{'gender': 'female', 'name': {'title': 'Mrs', 'first': 'Nalan', 'last': 'Aykaç'}, 'location': {'street': {'number': 1264, 'name': 'Abanoz Sk'}, 'city': 'Kırıkkale', 'state': 'Amasya', 'co...</msg>
<var>${json_data}</var>
<arg>${response.json()}</arg>
<doc>Returns the given values which can then be assigned to a variables.</doc>
<status status="PASS" start="2024-06-24T13:17:04.331439" elapsed="0.000510"/>
</kw>
<kw name="Log" owner="BuiltIn">
<msg time="2024-06-24T13:17:04.332455" level="INFO">{'results': [{'gender': 'female', 'name': {'title': 'Mrs', 'first': 'Nalan', 'last': 'Aykaç'}, 'location': {'street': {'number': 1264, 'name': 'Abanoz Sk'}, 'city': 'Kırıkkale', 'state': 'Amasya', 'country': 'Turkey', 'postcode': 62980, 'coordinates': {'latitude': '66.8988', 'longitude': '17.6025'}, 'timezone': {'offset': '-9:00', 'description': 'Alaska'}}, 'email': 'nalan.aykac@example.com', 'login': {'uuid': 'b26126e0-93eb-4aa0-a468-dd3651c4817c', 'username': 'lazysnake834', 'password': 'heynow', 'salt': 'o6SONa4r', 'md5': '0a5025fa5d9ca414e1ec5ecd829b2533', 'sha1': 'fd0805fa433a63cbf0fc1b46986f0698a020592c', 'sha256': 'f4d273bda9e36bd5d670769f2ee48a0750ecfca22bb1f285a12f0dead4027537'}, 'dob': {'date': '1956-09-27T16:34:37.506Z', 'age': 67}, 'registered': {'date': '2009-10-31T00:44:16.644Z', 'age': 14}, 'phone': '(072)-504-7545', 'cell': '(297)-457-5812', 'id': {'name': '', 'value': None}, 'picture': {'large': 'https://randomuser.me/api/portraits/women/31.jpg', 'medium': 'https://randomuser.me/api/portraits/med/women/31.jpg', 'thumbnail': 'https://randomuser.me/api/portraits/thumb/women/31.jpg'}, 'nat': 'TR'}], 'info': {'seed': 'c9ac629778b31172', 'results': 1, 'page': 1, 'version': '1.4'}}</msg>
<arg>${json_data}</arg>
<doc>Logs the given message with the given level.</doc>
<status status="PASS" start="2024-06-24T13:17:04.332290" elapsed="0.000215"/>
</kw>
<kw name="Should Be String" owner="String">
<arg>${json_data['results'][0]['gender']}</arg>
<doc>Fails if the given ``item`` is not a string.</doc>
<status status="PASS" start="2024-06-24T13:17:04.332794" elapsed="0.000373"/>
</kw>
<kw name="Should Match Regexp" owner="BuiltIn">
<arg>${json_data['results'][0]['email']}</arg>
<arg>^[a-zA-Z0-9._%+-]+@[a-zA-Z0-9.-]+\.[a-zA-Z]{2,}$</arg>
<doc>Fails if ``string`` does not match ``pattern`` as a regular expression.</doc>
<status status="PASS" start="2024-06-24T13:17:04.333356" elapsed="0.000515"/>
</kw>
<kw name="Should Match Regexp" owner="BuiltIn">
<arg>${json_data['results'][0]['dob']['date']}</arg>
<arg>\\d{4}-\\d{2}-\\d{2}T\\d{2}:\\d{2}:\\d{2}\\.\\d{3}Z</arg>
<doc>Fails if ``string`` does not match ``pattern`` as a regular expression.</doc>
<status status="PASS" start="2024-06-24T13:17:04.334095" elapsed="0.000482"/>
</kw>
<kw name="Should Match Regexp" owner="BuiltIn">
<arg>${json_data['results'][0]['registered']['date']}</arg>
<arg>\\d{4}-\\d{2}-\\d{2}T\\d{2}:\\d{2}:\\d{2}\\.\\d{3}Z</arg>
<doc>Fails if ``string`` does not match ``pattern`` as a regular expression.</doc>
<status status="PASS" start="2024-06-24T13:17:04.334764" elapsed="0.000367"/>
</kw>
<kw name="Should Match Regexp" owner="BuiltIn">
<arg>${json_data['results'][0]['picture']['large']}</arg>
<arg>^https?://.*\.(?:png|jpe?g|gif|bmp)$</arg>
<doc>Fails if ``string`` does not match ``pattern`` as a regular expression.</doc>
<status status="PASS" start="2024-06-24T13:17:04.335315" elapsed="0.000468"/>
</kw>
<kw name="Should Match Regexp" owner="BuiltIn">
<arg>${json_data['results'][0]['picture']['medium']}</arg>
<arg>^https?://.*\.(?:png|jpe?g|gif|bmp)$</arg>
<doc>Fails if ``string`` does not match ``pattern`` as a regular expression.</doc>
<status status="PASS" start="2024-06-24T13:17:04.335966" elapsed="0.000380"/>
</kw>
<kw name="Should Match Regexp" owner="BuiltIn">
<arg>${json_data['results'][0]['picture']['thumbnail']}</arg>
<arg>^https?://.*\.(?:png|jpe?g|gif|bmp)$</arg>
<doc>Fails if ``string`` does not match ``pattern`` as a regular expression.</doc>
<status status="PASS" start="2024-06-24T13:17:04.336528" elapsed="0.000355"/>
</kw>
<kw name="Log" owner="BuiltIn">
<msg time="2024-06-24T13:17:04.337390" level="INFO">{'large': 'https://randomuser.me/api/portraits/women/31.jpg', 'medium': 'https://randomuser.me/api/portraits/med/women/31.jpg', 'thumbnail': 'https://randomuser.me/api/portraits/thumb/women/31.jpg'}</msg>
<arg>${json_data['results'][0]['picture']}</arg>
<doc>Logs the given message with the given level.</doc>
<status status="PASS" start="2024-06-24T13:17:04.337062" elapsed="0.000371"/>
</kw>
<status status="PASS" start="2024-06-24T13:17:04.245455" elapsed="0.092227"/>
</kw>
<kw name="Teste de Tipos de Dados - Postcode" owner="random-user-service">
<kw name="GET On Session" owner="RequestsLibrary">
<msg time="2024-06-24T13:17:04.426690" level="INFO">GET Request : url=https://randomuser.me/api 
 path_url=/api 
 headers={'User-Agent': 'python-requests/2.32.3', 'Accept-Encoding': 'gzip, deflate', 'Accept': '*/*', 'Connection': 'keep-alive'} 
 body=None 
 </msg>
<msg time="2024-06-24T13:17:04.426777" level="INFO">GET Response : url=https://randomuser.me/api 
 status=200, reason=OK 
 headers={'Date': 'Mon, 24 Jun 2024 13:17:04 GMT', 'Content-Type': 'application/json; charset=utf-8', 'Transfer-Encoding': 'chunked', 'Connection': 'keep-alive', 'X-Powered-By': 'Express', 'Access-Control-Allow-Origin': '*', 'Cache-Control': 'no-cache', 'ETag': 'W/"493-GEAH4D5fTERARympefgFuVrztzo"', 'Vary': 'Accept-Encoding', 'Content-Encoding': 'gzip', 'CF-Cache-Status': 'DYNAMIC', 'Report-To': '{"endpoints":[{"url":"https:\\/\\/a.nel.cloudflare.com\\/report\\/v4?s=y%2B%2B0VpT45IF6OsL9NpYeFbyVMmkkPQUgEm20t3URvMs9sLUWEXKJdkOW%2FLvjHI6RgHH%2FrVC0o54pCVfJTRLamRA%2BGFREe%2B1LCoeLJVMYMX4NjeBhM1dGTvhXpe5IO6Z9"}],"group":"cf-nel","max_age":604800}', 'NEL': '{"success_fraction":0,"report_to":"cf-nel","max_age":604800}', 'Server': 'cloudflare', 'CF-RAY': '898cfef62e1320ac-IAD', 'alt-svc': 'h3=":443"; ma=86400'} 
 body={"results":[{"gender":"male","name":{"title":"Mr","first":"Alejandro","last":"García"},"location":{"street":{"number":5718,"name":"Avenida de La Albufera"},"city":"Pontevedra","state":"Asturias","country":"Spain","postcode":39542,"coordinates":{"latitude":"-34.8964","longitude":"-87.1905"},"timezone":{"offset":"-1:00","description":"Azores, Cape Verde Islands"}},"email":"alejandro.garcia@example.com","login":{"uuid":"15692b25-8225-4849-b246-4a72f7694cf9","username":"crazygorilla337","password":"buffy1","salt":"GjjwIsM8","md5":"4dd5f2173bf6c351193ef8a357cb734d","sha1":"ffe4f8035ce4d6a02dd6c6acd66224ed9e377ad4","sha256":"dfbbc31f7b85b2e5009c3f27d8c275ec79b5e30c1355928ab85455a6208f062c"},"dob":{"date":"1981-03-01T03:03:39.913Z","age":43},"registered":{"date":"2012-04-09T19:37:23.626Z","age":12},"phone":"994-353-796","cell":"604-064-041","id":{"name":"DNI","value":"68782352-G"},"picture":{"large":"https://randomuser.me/api/portraits/men/17.jpg","medium":"https://randomuser.me/api/portraits/med/men/17.jpg","thumbnail":"https://randomuser.me/api/portraits/thumb/men/17.jpg"},"nat":"ES"}],"info":{"seed":"bc457c8497c113ee","results":1,"page":1,"version":"1.4"}} 
 </msg>
<msg time="2024-06-24T13:17:04.426846" level="INFO">/opt/hostedtoolcache/Python/3.12.4/x64/lib/python3.12/site-packages/urllib3/connectionpool.py:1099: InsecureRequestWarning: Unverified HTTPS request is being made to host 'randomuser.me'. Adding certificate verification is strongly advised. See: https://urllib3.readthedocs.io/en/latest/advanced-usage.html#tls-warnings
  warnings.warn(</msg>
<msg time="2024-06-24T13:17:04.426936" level="INFO">${response} = &lt;Response [200]&gt;</msg>
<var>${response}</var>
<arg>consultarAPI</arg>
<arg>/api</arg>
<doc>Sends a GET request on a previously created HTTP Session.</doc>
<status status="PASS" start="2024-06-24T13:17:04.338095" elapsed="0.088882"/>
</kw>
<kw name="Set Variable" owner="BuiltIn">
<msg time="2024-06-24T13:17:04.428098" level="INFO">${json_data} = {'results': [{'gender': 'male', 'name': {'title': 'Mr', 'first': 'Alejandro', 'last': 'García'}, 'location': {'street': {'number': 5718, 'name': 'Avenida de La Albufera'}, 'city': 'Pontevedra', 'state...</msg>
<var>${json_data}</var>
<arg>${response.json()}</arg>
<doc>Returns the given values which can then be assigned to a variables.</doc>
<status status="PASS" start="2024-06-24T13:17:04.427466" elapsed="0.000662"/>
</kw>
<kw name="Log" owner="BuiltIn">
<msg time="2024-06-24T13:17:04.428645" level="INFO">{'results': [{'gender': 'male', 'name': {'title': 'Mr', 'first': 'Alejandro', 'last': 'García'}, 'location': {'street': {'number': 5718, 'name': 'Avenida de La Albufera'}, 'city': 'Pontevedra', 'state': 'Asturias', 'country': 'Spain', 'postcode': 39542, 'coordinates': {'latitude': '-34.8964', 'longitude': '-87.1905'}, 'timezone': {'offset': '-1:00', 'description': 'Azores, Cape Verde Islands'}}, 'email': 'alejandro.garcia@example.com', 'login': {'uuid': '15692b25-8225-4849-b246-4a72f7694cf9', 'username': 'crazygorilla337', 'password': 'buffy1', 'salt': 'GjjwIsM8', 'md5': '4dd5f2173bf6c351193ef8a357cb734d', 'sha1': 'ffe4f8035ce4d6a02dd6c6acd66224ed9e377ad4', 'sha256': 'dfbbc31f7b85b2e5009c3f27d8c275ec79b5e30c1355928ab85455a6208f062c'}, 'dob': {'date': '1981-03-01T03:03:39.913Z', 'age': 43}, 'registered': {'date': '2012-04-09T19:37:23.626Z', 'age': 12}, 'phone': '994-353-796', 'cell': '604-064-041', 'id': {'name': 'DNI', 'value': '68782352-G'}, 'picture': {'large': 'https://randomuser.me/api/portraits/men/17.jpg', 'medium': 'https://randomuser.me/api/portraits/med/men/17.jpg', 'thumbnail': 'https://randomuser.me/api/portraits/thumb/men/17.jpg'}, 'nat': 'ES'}], 'info': {'seed': 'bc457c8497c113ee', 'results': 1, 'page': 1, 'version': '1.4'}}</msg>
<arg>${json_data}</arg>
<doc>Logs the given message with the given level.</doc>
<status status="PASS" start="2024-06-24T13:17:04.428482" elapsed="0.000214"/>
</kw>
<kw name="Should Be Equal As Numbers" owner="BuiltIn">
<arg>${json_data['results'][0]['location']['postcode']}</arg>
<arg>${json_data['results'][0]['location']['postcode']}</arg>
<doc>Fails if objects are unequal after converting them to real numbers.</doc>
<status status="PASS" start="2024-06-24T13:17:04.428989" elapsed="0.000623"/>
</kw>
<kw name="Log" owner="BuiltIn">
<msg time="2024-06-24T13:17:04.430254" level="INFO">39542</msg>
<arg>${json_data['results'][0]['location']['postcode']}</arg>
<doc>Logs the given message with the given level.</doc>
<status status="PASS" start="2024-06-24T13:17:04.429796" elapsed="0.000500"/>
</kw>
<status status="PASS" start="2024-06-24T13:17:04.337886" elapsed="0.092683"/>
</kw>
<doc>Testa se os tipos de dados na resposta da API estão corretos.</doc>
<tag>testeTiposDados</tag>
<status status="PASS" start="2024-06-24T13:17:04.245012" elapsed="0.185717"/>
</test>
<test id="s1-s1-t5" name="Validar conteudo" line="35">
<kw name="Teste de Tipos de Conteudo" owner="random-user-service">
<kw name="GET On Session" owner="RequestsLibrary">
<msg time="2024-06-24T13:17:04.535130" level="INFO">GET Request : url=https://randomuser.me/api 
 path_url=/api 
 headers={'User-Agent': 'python-requests/2.32.3', 'Accept-Encoding': 'gzip, deflate', 'Accept': '*/*', 'Connection': 'keep-alive'} 
 body=None 
 </msg>
<msg time="2024-06-24T13:17:04.535208" level="INFO">GET Response : url=https://randomuser.me/api 
 status=200, reason=OK 
 headers={'Date': 'Mon, 24 Jun 2024 13:17:04 GMT', 'Content-Type': 'application/json; charset=utf-8', 'Transfer-Encoding': 'chunked', 'Connection': 'keep-alive', 'X-Powered-By': 'Express', 'Access-Control-Allow-Origin': '*', 'Cache-Control': 'no-cache', 'ETag': 'W/"49a-OF/ahWOQJ1paOpvUuplIuW3Tq5Q"', 'Vary': 'Accept-Encoding', 'Content-Encoding': 'gzip', 'CF-Cache-Status': 'DYNAMIC', 'Report-To': '{"endpoints":[{"url":"https:\\/\\/a.nel.cloudflare.com\\/report\\/v4?s=QwyuiCMcSCQ8w40thyfnTp%2Bj0lK8WEs01bKuDqXsHyAL9WLhtzAOc%2BeGvIYrG44SZJm72HMFTjOqiruuU8x3wmAsdVRbFxPFzn9%2BKaXNu91AP7BNyETz2DXa40uXmk1H"}],"group":"cf-nel","max_age":604800}', 'NEL': '{"success_fraction":0,"report_to":"cf-nel","max_age":604800}', 'Server': 'cloudflare', 'CF-RAY': '898cfef6bed120ac-IAD', 'alt-svc': 'h3=":443"; ma=86400'} 
 body={"results":[{"gender":"female","name":{"title":"Ms","first":"Matthea","last":"Kahraman"},"location":{"street":{"number":211,"name":"Hemmemawei"},"city":"Kolderwolde","state":"Limburg","country":"Netherlands","postcode":"3243 GT","coordinates":{"latitude":"33.2140","longitude":"126.5694"},"timezone":{"offset":"+5:30","description":"Bombay, Calcutta, Madras, New Delhi"}},"email":"matthea.kahraman@example.com","login":{"uuid":"a5bb0b67-57b5-49c2-b294-2ecdca7724d6","username":"crazydog936","password":"mnbv","salt":"ESwLYiRh","md5":"c7fff703aab561d8c83e888d8f4562a7","sha1":"19dcfc55a2c2b164a29cde895f1f8028ac63a2eb","sha256":"b6a44dc364d85fc2c2faed2660560efa2444f32316638ce1da11290ac55f041a"},"dob":{"date":"1988-07-13T13:53:59.906Z","age":35},"registered":{"date":"2018-10-23T12:32:37.750Z","age":5},"phone":"(064) 4128413","cell":"(06) 12623160","id":{"name":"BSN","value":"78157625"},"picture":{"large":"https://randomuser.me/api/portraits/women/74.jpg","medium":"https://randomuser.me/api/portraits/med/women/74.jpg","thumbnail":"https://randomuser.me/api/portraits/thumb/women/74.jpg"},"nat":"NL"}],"info":{"seed":"48035aa22eacdccd","results":1,"page":1,"version":"1.4"}} 
 </msg>
<msg time="2024-06-24T13:17:04.535280" level="INFO">/opt/hostedtoolcache/Python/3.12.4/x64/lib/python3.12/site-packages/urllib3/connectionpool.py:1099: InsecureRequestWarning: Unverified HTTPS request is being made to host 'randomuser.me'. Adding certificate verification is strongly advised. See: https://urllib3.readthedocs.io/en/latest/advanced-usage.html#tls-warnings
  warnings.warn(</msg>
<msg time="2024-06-24T13:17:04.535384" level="INFO">${response} = &lt;Response [200]&gt;</msg>
<var>${response}</var>
<arg>consultarAPI</arg>
<arg>/api</arg>
<doc>Sends a GET request on a previously created HTTP Session.</doc>
<status status="PASS" start="2024-06-24T13:17:04.433228" elapsed="0.102202"/>
</kw>
<kw name="Set Variable" owner="BuiltIn">
<msg time="2024-06-24T13:17:04.536434" level="INFO">${json_data} = {'results': [{'gender': 'female', 'name': {'title': 'Ms', 'first': 'Matthea', 'last': 'Kahraman'}, 'location': {'street': {'number': 211, 'name': 'Hemmemawei'}, 'city': 'Kolderwolde', 'state': 'Limbur...</msg>
<var>${json_data}</var>
<arg>${response.json()}</arg>
<doc>Returns the given values which can then be assigned to a variables.</doc>
<status status="PASS" start="2024-06-24T13:17:04.535955" elapsed="0.000507"/>
</kw>
<kw name="Set Variable" owner="BuiltIn">
<msg time="2024-06-24T13:17:04.537144" level="INFO">${name_title} = Ms</msg>
<var>${name_title}</var>
<arg>${json_data["results"][0]["name"]["title"]}</arg>
<doc>Returns the given values which can then be assigned to a variables.</doc>
<status status="PASS" start="2024-06-24T13:17:04.536763" elapsed="0.000406"/>
</kw>
<kw name="Create List" owner="BuiltIn">
<msg time="2024-06-24T13:17:04.537607" level="INFO">${allowed_titles} = ['Mr', 'Ms', 'Miss', 'Mrs', 'Madame', 'Monsieur']</msg>
<var>${allowed_titles}</var>
<arg>Mr</arg>
<arg>Ms</arg>
<arg>Miss</arg>
<arg>Mrs</arg>
<arg>Madame</arg>
<arg>Monsieur</arg>
<doc>Returns a list containing given items.</doc>
<status status="PASS" start="2024-06-24T13:17:04.537459" elapsed="0.000173"/>
</kw>
<kw name="List Should Contain Value" owner="Collections">
<arg>${allowed_titles}</arg>
<arg>${name_title}</arg>
<doc>Fails if the ``value`` is not found from ``list``.</doc>
<status status="PASS" start="2024-06-24T13:17:04.537939" elapsed="0.000175"/>
</kw>
<kw name="Set Variable" owner="BuiltIn">
<msg time="2024-06-24T13:17:04.538672" level="INFO">${name_country} = NL</msg>
<var>${name_country}</var>
<arg>${json_data["results"][0]["nat"]}</arg>
<doc>Returns the given values which can then be assigned to a variables.</doc>
<status status="PASS" start="2024-06-24T13:17:04.538290" elapsed="0.000406"/>
</kw>
<kw name="Create List" owner="BuiltIn">
<msg time="2024-06-24T13:17:04.539572" level="INFO">${list_country} = ['AD', 'AE', 'AF', 'AG', 'AI', 'AL', 'AM', 'AO', 'AQ', 'AR', 'AS', 'AT', 'AU', 'AW', 'AX', 'AZ', 'BA', 'BB', 'BD', 'BE', 'BF', 'BG', 'BH', 'BI', 'BJ', 'BL', 'BM', 'BN', 'BO', 'BQ', 'BR', 'BS', 'BT', '...</msg>
<var>${list_country}</var>
<arg>AD</arg>
<arg>AE</arg>
<arg>AF</arg>
<arg>AG</arg>
<arg>AI</arg>
<arg>AL</arg>
<arg>AM</arg>
<arg>AO</arg>
<arg>AQ</arg>
<arg>AR</arg>
<arg>AS</arg>
<arg>AT</arg>
<arg>AU</arg>
<arg>AW</arg>
<arg>AX</arg>
<arg>AZ</arg>
<arg>BA</arg>
<arg>BB</arg>
<arg>BD</arg>
<arg>BE</arg>
<arg>BF</arg>
<arg>BG</arg>
<arg>BH</arg>
<arg>BI</arg>
<arg>BJ</arg>
<arg>BL</arg>
<arg>BM</arg>
<arg>BN</arg>
<arg>BO</arg>
<arg>BQ</arg>
<arg>BR</arg>
<arg>BS</arg>
<arg>BT</arg>
<arg>BV</arg>
<arg>BW</arg>
<arg>BY</arg>
<arg>BZ</arg>
<arg>CA</arg>
<arg>CC</arg>
<arg>CD</arg>
<arg>CF</arg>
<arg>CG</arg>
<arg>CH</arg>
<arg>CI</arg>
<arg>CK</arg>
<arg>CL</arg>
<arg>CM</arg>
<arg>CN</arg>
<arg>CO</arg>
<arg>CR</arg>
<arg>CU</arg>
<arg>CV</arg>
<arg>CW</arg>
<arg>CX</arg>
<arg>CY</arg>
<arg>CZ</arg>
<arg>DE</arg>
<arg>DJ</arg>
<arg>DK</arg>
<arg>DM</arg>
<arg>DO</arg>
<arg>DZ</arg>
<arg>EC</arg>
<arg>EE</arg>
<arg>EG</arg>
<arg>EH</arg>
<arg>ER</arg>
<arg>ES</arg>
<arg>ET</arg>
<arg>FI</arg>
<arg>FJ</arg>
<arg>FK</arg>
<arg>FM</arg>
<arg>FO</arg>
<arg>FR</arg>
<arg>GA</arg>
<arg>GB</arg>
<arg>GD</arg>
<arg>GE</arg>
<arg>GF</arg>
<arg>GG</arg>
<arg>GH</arg>
<arg>GI</arg>
<arg>GL</arg>
<arg>GM</arg>
<arg>GN</arg>
<arg>GP</arg>
<arg>GQ</arg>
<arg>GR</arg>
<arg>GS</arg>
<arg>GT</arg>
<arg>GU</arg>
<arg>GW</arg>
<arg>GY</arg>
<arg>HK</arg>
<arg>HM</arg>
<arg>HN</arg>
<arg>HR</arg>
<arg>HT</arg>
<arg>HU</arg>
<arg>ID</arg>
<arg>IE</arg>
<arg>IL</arg>
<arg>IM</arg>
<arg>IN</arg>
<arg>IO</arg>
<arg>IQ</arg>
<arg>IR</arg>
<arg>IS</arg>
<arg>IT</arg>
<arg>JE</arg>
<arg>JM</arg>
<arg>JO</arg>
<arg>JP</arg>
<arg>KE</arg>
<arg>KG</arg>
<arg>KH</arg>
<arg>KI</arg>
<arg>KM</arg>
<arg>KN</arg>
<arg>KP</arg>
<arg>KR</arg>
<arg>KW</arg>
<arg>KY</arg>
<arg>KZ</arg>
<arg>LA</arg>
<arg>LB</arg>
<arg>LC</arg>
<arg>LI</arg>
<arg>LK</arg>
<arg>LR</arg>
<arg>LS</arg>
<arg>LT</arg>
<arg>LU</arg>
<arg>LV</arg>
<arg>LY</arg>
<arg>MA</arg>
<arg>MC</arg>
<arg>MD</arg>
<arg>ME</arg>
<arg>MF</arg>
<arg>MG</arg>
<arg>MH</arg>
<arg>MK</arg>
<arg>ML</arg>
<arg>MM</arg>
<arg>MN</arg>
<arg>MO</arg>
<arg>MP</arg>
<arg>MQ</arg>
<arg>MR</arg>
<arg>MS</arg>
<arg>MT</arg>
<arg>MU</arg>
<arg>MV</arg>
<arg>MW</arg>
<arg>MX</arg>
<arg>MY</arg>
<arg>MZ</arg>
<arg>NA</arg>
<arg>NC</arg>
<arg>NE</arg>
<arg>NF</arg>
<arg>NG</arg>
<arg>NI</arg>
<arg>NL</arg>
<arg>NO</arg>
<arg>NP</arg>
<arg>NR</arg>
<arg>NU</arg>
<arg>NZ</arg>
<arg>OM</arg>
<arg>PA</arg>
<arg>PE</arg>
<arg>PF</arg>
<arg>PG</arg>
<arg>PH</arg>
<arg>PK</arg>
<arg>PL</arg>
<arg>PM</arg>
<arg>PN</arg>
<arg>PR</arg>
<arg>PS</arg>
<arg>PT</arg>
<arg>PW</arg>
<arg>PY</arg>
<arg>QA</arg>
<arg>RE</arg>
<arg>RO</arg>
<arg>RS</arg>
<arg>RU</arg>
<arg>RW</arg>
<arg>SA</arg>
<arg>SB</arg>
<arg>SC</arg>
<arg>SD</arg>
<arg>SE</arg>
<arg>SG</arg>
<arg>SH</arg>
<arg>SI</arg>
<arg>SJ</arg>
<arg>SK</arg>
<arg>SL</arg>
<arg>SM</arg>
<arg>SN</arg>
<arg>SO</arg>
<arg>SR</arg>
<arg>SS</arg>
<arg>ST</arg>
<arg>SV</arg>
<arg>SX</arg>
<arg>SY</arg>
<arg>SZ</arg>
<arg>TC</arg>
<arg>TD</arg>
<arg>TF</arg>
<arg>TG</arg>
<arg>TH</arg>
<arg>TJ</arg>
<arg>TK</arg>
<arg>TL</arg>
<arg>TM</arg>
<arg>TN</arg>
<arg>TO</arg>
<arg>TR</arg>
<arg>TT</arg>
<arg>TV</arg>
<arg>TW</arg>
<arg>TZ</arg>
<arg>UA</arg>
<arg>UG</arg>
<arg>UM</arg>
<arg>US</arg>
<arg>UY</arg>
<arg>UZ</arg>
<arg>VA</arg>
<arg>VC</arg>
<arg>VE</arg>
<arg>VG</arg>
<arg>VI</arg>
<arg>VN</arg>
<arg>VU</arg>
<arg>WF</arg>
<arg>WS</arg>
<arg>XK</arg>
<arg>YE</arg>
<arg>YT</arg>
<arg>ZA</arg>
<arg>ZM</arg>
<arg>ZW</arg>
<doc>Returns a list containing given items.</doc>
<status status="PASS" start="2024-06-24T13:17:04.538978" elapsed="0.000619"/>
</kw>
<kw name="List Should Contain Value" owner="Collections">
<arg>${list_country}</arg>
<arg>${name_country}</arg>
<doc>Fails if the ``value`` is not found from ``list``.</doc>
<status status="PASS" start="2024-06-24T13:17:04.540419" elapsed="0.000207"/>
</kw>
<kw name="Run Keyword If" owner="BuiltIn">
<kw name="Should Be True" owner="BuiltIn">
<arg>${True}</arg>
<doc>Fails if the given condition is not true.</doc>
<status status="PASS" start="2024-06-24T13:17:04.541569" elapsed="0.000141"/>
</kw>
<arg>${json_data["results"][0]["location"]["coordinates"]["latitude"]} &gt;= -90 and ${json_data["results"][0]["location"]["coordinates"]["latitude"]} &lt;= 90</arg>
<arg>Should Be True</arg>
<arg>${True}</arg>
<doc>Runs the given keyword with the given arguments, if ``condition`` is true.</doc>
<status status="PASS" start="2024-06-24T13:17:04.540826" elapsed="0.001008"/>
</kw>
<kw name="Run Keyword If" owner="BuiltIn">
<kw name="Should Be True" owner="BuiltIn">
<arg>${True}</arg>
<doc>Fails if the given condition is not true.</doc>
<status status="PASS" start="2024-06-24T13:17:04.542733" elapsed="0.000231"/>
</kw>
<arg>${json_data["results"][0]["location"]["coordinates"]["longitude"]} &gt;= -180 and ${json_data["results"][0]["location"]["coordinates"]["longitude"]} &lt;= 180</arg>
<arg>Should Be True</arg>
<arg>${True}</arg>
<doc>Runs the given keyword with the given arguments, if ``condition`` is true.</doc>
<status status="PASS" start="2024-06-24T13:17:04.542014" elapsed="0.001079"/>
</kw>
<status status="PASS" start="2024-06-24T13:17:04.432996" elapsed="0.110226"/>
</kw>
<doc>Testa o conteúdo específico dos campos retornados pela API.</doc>
<tag>testeConteudo</tag>
<status status="PASS" start="2024-06-24T13:17:04.432468" elapsed="0.110895"/>
</test>
<status status="PASS" start="2024-06-24T13:17:03.582136" elapsed="0.963137"/>
</suite>
<status status="PASS" start="2024-06-24T13:17:03.566133" elapsed="0.984081"/>
</suite>
<statistics>
<total>
<stat pass="5" fail="0" skip="0">All Tests</stat>
</total>
<tag>
<stat pass="1" fail="0" skip="0">testeConteudo</stat>
<stat pass="1" fail="0" skip="0">testeEstruturaResposta</stat>
<stat pass="1" fail="0" skip="0">testeRequisicaoBasica</stat>
<stat pass="1" fail="0" skip="0">testeTiposDados</stat>
</tag>
<suite>
<stat pass="5" fail="0" skip="0" id="s1" name="Tests">Tests</stat>
<stat pass="5" fail="0" skip="0" id="s1-s1" name="Random-User-Test">Tests.Random-User-Test</stat>
</suite>
</statistics>
<errors>
</errors>
</robot>
