<?xml version="1.0" encoding="UTF-8"?>
<robot generator="Robot 7.0.1 (Python 3.12.4 on linux)" generated="2024-08-06T16:19:03.774713" rpa="false" schemaversion="5">
<suite id="s1" name="Tests" source="/home/runner/work/ApiRandomUser/ApiRandomUser/RamdonUser/tests">
<suite id="s1-s1" name="Random-User-Test" source="/home/runner/work/ApiRandomUser/ApiRandomUser/RamdonUser/tests/random-user-test.robot">
<test id="s1-s1-t1" name="Conectar" line="13">
<kw name="Conectar API" owner="random-user-service">
<kw name="Create Session" owner="RequestsLibrary">
<msg time="2024-08-06T16:19:04.183664" level="INFO">Creating Session using : alias=consultarAPI, url=https://randomuser.me/, headers={},                     cookies={}, auth=None, timeout=None, proxies=None, verify=False,                     debug=0 </msg>
<arg>consultarAPI</arg>
<arg>${URL}</arg>
<doc>Create Session: create a HTTP session to a server</doc>
<status status="PASS" start="2024-08-06T16:19:04.183438" elapsed="0.000437"/>
</kw>
<status status="PASS" start="2024-08-06T16:19:04.182284" elapsed="0.001983"/>
</kw>
<status status="PASS" start="2024-08-06T16:19:04.181601" elapsed="0.002875"/>
</test>
<test id="s1-s1-t2" name="Validar retorno 200 e JSON Válido" line="16">
<kw name="Teste de Requisicao Basica" owner="random-user-service">
<kw name="GET On Session" owner="RequestsLibrary">
<msg time="2024-08-06T16:19:04.284406" level="INFO">GET Request : url=https://randomuser.me/api 
 path_url=/api 
 headers={'User-Agent': 'python-requests/2.32.3', 'Accept-Encoding': 'gzip, deflate', 'Accept': '*/*', 'Connection': 'keep-alive'} 
 body=None 
 </msg>
<msg time="2024-08-06T16:19:04.284585" level="INFO">GET Response : url=https://randomuser.me/api 
 status=200, reason=OK 
 headers={'Date': 'Tue, 06 Aug 2024 16:19:04 GMT', 'Content-Type': 'application/json; charset=utf-8', 'Transfer-Encoding': 'chunked', 'Connection': 'keep-alive', 'X-Powered-By': 'Express', 'Access-Control-Allow-Origin': '*', 'Cache-Control': 'no-cache', 'ETag': 'W/"490-X8Kar2BoM7kfoaqVQmBZASJulhA"', 'Vary': 'Accept-Encoding', 'Content-Encoding': 'gzip', 'CF-Cache-Status': 'DYNAMIC', 'Report-To': '{"endpoints":[{"url":"https:\\/\\/a.nel.cloudflare.com\\/report\\/v4?s=Hqg3DMbExzHOkPbhIYE9C5iL2CpbJcvBcfyNi0Yo9Qz4c6aY05XEySgyAX%2BMr3BqscmUQgT%2FEdcdIEU2cDjieArl843uaNrJ%2FUTMTsWpvBZXA32A7VgNEL0M%2BN%2Farrfy"}],"group":"cf-nel","max_age":604800}', 'NEL': '{"success_fraction":0,"report_to":"cf-nel","max_age":604800}', 'Server': 'cloudflare', 'CF-RAY': '8af058af6b58392b-IAD', 'alt-svc': 'h3=":443"; ma=86400'} 
 body={"results":[{"gender":"male","name":{"title":"Mr","first":"Henry","last":"Hamilton"},"location":{"street":{"number":8249,"name":"Tara Street"},"city":"Kilcoole","state":"Kildare","country":"Ireland","postcode":24394,"coordinates":{"latitude":"-0.0295","longitude":"-142.0002"},"timezone":{"offset":"-4:00","description":"Atlantic Time (Canada), Caracas, La Paz"}},"email":"henry.hamilton@example.com","login":{"uuid":"654dd762-b633-45f7-a5b8-409f68fc7f5b","username":"silverleopard352","password":"fletch","salt":"RAomx8Cz","md5":"1a555b0f8a8bf2a6be898f3446967161","sha1":"c60244a0adc26155678b53468a1892e4b1043a54","sha256":"3fafae869525f489f5d78f7740bbdf5c7303e7852fe0e864d9532c4c319ce7f6"},"dob":{"date":"1944-10-19T08:16:03.463Z","age":79},"registered":{"date":"2014-03-18T10:38:40.707Z","age":10},"phone":"041-597-4937","cell":"081-650-1842","id":{"name":"PPS","value":"8628841T"},"picture":{"large":"https://randomuser.me/api/portraits/men/94.jpg","medium":"https://randomuser.me/api/portraits/med/men/94.jpg","thumbnail":"https://randomuser.me/api/portraits/thumb/men/94.jpg"},"nat":"IE"}],"info":{"seed":"334f28028f37ca4e","results":1,"page":1,"version":"1.4"}} 
 </msg>
<msg time="2024-08-06T16:19:04.284682" level="INFO">/opt/hostedtoolcache/Python/3.12.4/x64/lib/python3.12/site-packages/urllib3/connectionpool.py:1099: InsecureRequestWarning: Unverified HTTPS request is being made to host 'randomuser.me'. Adding certificate verification is strongly advised. See: https://urllib3.readthedocs.io/en/latest/advanced-usage.html#tls-warnings
  warnings.warn(</msg>
<msg time="2024-08-06T16:19:04.284854" level="INFO">${response} = &lt;Response [200]&gt;</msg>
<var>${response}</var>
<arg>consultarAPI</arg>
<arg>/api</arg>
<doc>Sends a GET request on a previously created HTTP Session.</doc>
<status status="PASS" start="2024-08-06T16:19:04.187379" elapsed="0.097521"/>
</kw>
<kw name="Should Be Equal As Numbers" owner="BuiltIn">
<msg time="2024-08-06T16:19:04.285967" level="INFO">Argument types are:
&lt;class 'int'&gt;
&lt;class 'str'&gt;</msg>
<arg>${response.status_code}</arg>
<arg>200</arg>
<doc>Fails if objects are unequal after converting them to real numbers.</doc>
<status status="PASS" start="2024-08-06T16:19:04.285453" elapsed="0.000582"/>
</kw>
<kw name="Log" owner="BuiltIn">
<msg time="2024-08-06T16:19:04.286707" level="INFO">200</msg>
<arg>${response.status_code}</arg>
<doc>Logs the given message with the given level.</doc>
<status status="PASS" start="2024-08-06T16:19:04.286356" elapsed="0.000393"/>
</kw>
<kw name="Set Variable" owner="BuiltIn">
<msg time="2024-08-06T16:19:04.287499" level="INFO">${json_data} = {'results': [{'gender': 'male', 'name': {'title': 'Mr', 'first': 'Henry', 'last': 'Hamilton'}, 'location': {'street': {'number': 8249, 'name': 'Tara Street'}, 'city': 'Kilcoole', 'state': 'Kildare', '...</msg>
<var>${json_data}</var>
<arg>${response.json()}</arg>
<doc>Returns the given values which can then be assigned to a variables.</doc>
<status status="PASS" start="2024-08-06T16:19:04.287057" elapsed="0.000471"/>
</kw>
<kw name="Dictionary Should Contain Key" owner="Collections">
<arg>${json_data}</arg>
<arg>results</arg>
<doc>Fails if ``key`` is not found from ``dictionary``.</doc>
<status status="PASS" start="2024-08-06T16:19:04.287829" elapsed="0.000327"/>
</kw>
<status status="PASS" start="2024-08-06T16:19:04.187110" elapsed="0.101205"/>
</kw>
<doc>Testa se a API responde corretamente e retorna um objeto JSON válido.</doc>
<tag>testeRequisicaoBasica</tag>
<status status="PASS" start="2024-08-06T16:19:04.186547" elapsed="0.101948"/>
</test>
<test id="s1-s1-t3" name="Validar estrutura de resposta" line="22">
<kw name="Teste de Estrutura de Resposta" owner="random-user-service">
<kw name="GET On Session" owner="RequestsLibrary">
<msg time="2024-08-06T16:19:04.386649" level="INFO">GET Request : url=https://randomuser.me/api 
 path_url=/api 
 headers={'User-Agent': 'python-requests/2.32.3', 'Accept-Encoding': 'gzip, deflate', 'Accept': '*/*', 'Connection': 'keep-alive'} 
 body=None 
 </msg>
<msg time="2024-08-06T16:19:04.386767" level="INFO">GET Response : url=https://randomuser.me/api 
 status=200, reason=OK 
 headers={'Date': 'Tue, 06 Aug 2024 16:19:04 GMT', 'Content-Type': 'application/json; charset=utf-8', 'Transfer-Encoding': 'chunked', 'Connection': 'keep-alive', 'X-Powered-By': 'Express', 'Access-Control-Allow-Origin': '*', 'Cache-Control': 'no-cache', 'ETag': 'W/"485-qm7pcjqVMKN/3UgK0tsbaTgMz3M"', 'Vary': 'Accept-Encoding', 'Content-Encoding': 'gzip', 'CF-Cache-Status': 'DYNAMIC', 'Report-To': '{"endpoints":[{"url":"https:\\/\\/a.nel.cloudflare.com\\/report\\/v4?s=t4wZaIQNlq%2BfyKV%2FEqm2KF6wrSwc%2BJMSJC%2Fn4971X2GyXsU2XWXhP7iIa%2FG63daHoYxCoLgRA%2BnIJAilWPlR9wv0KU04HKtSxxrEJICUazIuScSjI%2FnvUienVuYIFn%2BP"}],"group":"cf-nel","max_age":604800}', 'NEL': '{"success_fraction":0,"report_to":"cf-nel","max_age":604800}', 'Server': 'cloudflare', 'CF-RAY': '8af058afdbe6392b-IAD', 'alt-svc': 'h3=":443"; ma=86400'} 
 body={"results":[{"gender":"female","name":{"title":"Ms","first":"Vildan","last":"Keçeci"},"location":{"street":{"number":7400,"name":"Mevlana Cd"},"city":"Tekirdağ","state":"Şanlıurfa","country":"Turkey","postcode":66771,"coordinates":{"latitude":"67.7398","longitude":"142.7447"},"timezone":{"offset":"-8:00","description":"Pacific Time (US &amp; Canada)"}},"email":"vildan.kececi@example.com","login":{"uuid":"f8a2bebc-afd2-4a30-b29c-c03770af0a22","username":"smallpeacock129","password":"moose","salt":"9ZjNnaEj","md5":"923d74d8c1e4128ac1b91085cdc161ac","sha1":"1279d9f016ee0c6173e1cdb92f0719274e556482","sha256":"549b0a9f58dd646b47820689cb3cc76a8866e3d51e72b52ce407880b34da2970"},"dob":{"date":"1955-06-22T04:20:17.989Z","age":69},"registered":{"date":"2011-12-31T05:59:51.696Z","age":12},"phone":"(069)-061-1596","cell":"(791)-023-0638","id":{"name":"","value":null},"picture":{"large":"https://randomuser.me/api/portraits/women/45.jpg","medium":"https://randomuser.me/api/portraits/med/women/45.jpg","thumbnail":"https://randomuser.me/api/portraits/thumb/women/45.jpg"},"nat":"TR"}],"info":{"seed":"b5cab331166a3a08","results":1,"page":1,"version":"1.4"}} 
 </msg>
<msg time="2024-08-06T16:19:04.386921" level="INFO">/opt/hostedtoolcache/Python/3.12.4/x64/lib/python3.12/site-packages/urllib3/connectionpool.py:1099: InsecureRequestWarning: Unverified HTTPS request is being made to host 'randomuser.me'. Adding certificate verification is strongly advised. See: https://urllib3.readthedocs.io/en/latest/advanced-usage.html#tls-warnings
  warnings.warn(</msg>
<msg time="2024-08-06T16:19:04.387077" level="INFO">${response} = &lt;Response [200]&gt;</msg>
<var>${response}</var>
<arg>consultarAPI</arg>
<arg>/api</arg>
<doc>Sends a GET request on a previously created HTTP Session.</doc>
<status status="PASS" start="2024-08-06T16:19:04.291313" elapsed="0.095798"/>
</kw>
<kw name="Set Variable" owner="BuiltIn">
<msg time="2024-08-06T16:19:04.388132" level="INFO">${json_data} = {'results': [{'gender': 'female', 'name': {'title': 'Ms', 'first': 'Vildan', 'last': 'Keçeci'}, 'location': {'street': {'number': 7400, 'name': 'Mevlana Cd'}, 'city': 'Tekirdağ', 'state': 'Şanlıurfa',...</msg>
<var>${json_data}</var>
<arg>${response.json()}</arg>
<doc>Returns the given values which can then be assigned to a variables.</doc>
<status status="PASS" start="2024-08-06T16:19:04.387602" elapsed="0.000561"/>
</kw>
<kw name="Log" owner="BuiltIn">
<msg time="2024-08-06T16:19:04.388643" level="INFO">{'results': [{'gender': 'female', 'name': {'title': 'Ms', 'first': 'Vildan', 'last': 'Keçeci'}, 'location': {'street': {'number': 7400, 'name': 'Mevlana Cd'}, 'city': 'Tekirdağ', 'state': 'Şanlıurfa', 'country': 'Turkey', 'postcode': 66771, 'coordinates': {'latitude': '67.7398', 'longitude': '142.7447'}, 'timezone': {'offset': '-8:00', 'description': 'Pacific Time (US &amp; Canada)'}}, 'email': 'vildan.kececi@example.com', 'login': {'uuid': 'f8a2bebc-afd2-4a30-b29c-c03770af0a22', 'username': 'smallpeacock129', 'password': 'moose', 'salt': '9ZjNnaEj', 'md5': '923d74d8c1e4128ac1b91085cdc161ac', 'sha1': '1279d9f016ee0c6173e1cdb92f0719274e556482', 'sha256': '549b0a9f58dd646b47820689cb3cc76a8866e3d51e72b52ce407880b34da2970'}, 'dob': {'date': '1955-06-22T04:20:17.989Z', 'age': 69}, 'registered': {'date': '2011-12-31T05:59:51.696Z', 'age': 12}, 'phone': '(069)-061-1596', 'cell': '(791)-023-0638', 'id': {'name': '', 'value': None}, 'picture': {'large': 'https://randomuser.me/api/portraits/women/45.jpg', 'medium': 'https://randomuser.me/api/portraits/med/women/45.jpg', 'thumbnail': 'https://randomuser.me/api/portraits/thumb/women/45.jpg'}, 'nat': 'TR'}], 'info': {'seed': 'b5cab331166a3a08', 'results': 1, 'page': 1, 'version': '1.4'}}</msg>
<arg>${json_data}</arg>
<doc>Logs the given message with the given level.</doc>
<status status="PASS" start="2024-08-06T16:19:04.388472" elapsed="0.000224"/>
</kw>
<kw name="Dictionary Should Contain Key" owner="Collections">
<arg>${json_data}</arg>
<arg>results</arg>
<doc>Fails if ``key`` is not found from ``dictionary``.</doc>
<status status="PASS" start="2024-08-06T16:19:04.388996" elapsed="0.000166"/>
</kw>
<kw name="Should Not Be Empty" owner="BuiltIn">
<msg time="2024-08-06T16:19:04.389473" level="INFO">Length is 2.</msg>
<arg>${json_data}</arg>
<doc>Verifies that the given item is not empty.</doc>
<status status="PASS" start="2024-08-06T16:19:04.389347" elapsed="0.000197"/>
</kw>
<kw name="Create List" owner="BuiltIn">
<msg time="2024-08-06T16:19:04.390004" level="INFO">${expected_keys} = ['gender', 'name', 'location', 'email', 'login']</msg>
<var>${expected_keys}</var>
<arg>gender</arg>
<arg>name</arg>
<arg>location</arg>
<arg>email</arg>
<arg>login</arg>
<doc>Returns a list containing given items.</doc>
<status status="PASS" start="2024-08-06T16:19:04.389853" elapsed="0.000175"/>
</kw>
<for flavor="IN">
<iter>
<kw name="Dictionary Should Contain Key" owner="Collections">
<arg>${json_data['results'][0]}</arg>
<arg>${key}</arg>
<doc>Fails if ``key`` is not found from ``dictionary``.</doc>
<status status="PASS" start="2024-08-06T16:19:04.390625" elapsed="0.000417"/>
</kw>
<kw name="Log" owner="BuiltIn">
<msg time="2024-08-06T16:19:04.391603" level="INFO">{'gender': 'female', 'name': {'title': 'Ms', 'first': 'Vildan', 'last': 'Keçeci'}, 'location': {'street': {'number': 7400, 'name': 'Mevlana Cd'}, 'city': 'Tekirdağ', 'state': 'Şanlıurfa', 'country': 'Turkey', 'postcode': 66771, 'coordinates': {'latitude': '67.7398', 'longitude': '142.7447'}, 'timezone': {'offset': '-8:00', 'description': 'Pacific Time (US &amp; Canada)'}}, 'email': 'vildan.kececi@example.com', 'login': {'uuid': 'f8a2bebc-afd2-4a30-b29c-c03770af0a22', 'username': 'smallpeacock129', 'password': 'moose', 'salt': '9ZjNnaEj', 'md5': '923d74d8c1e4128ac1b91085cdc161ac', 'sha1': '1279d9f016ee0c6173e1cdb92f0719274e556482', 'sha256': '549b0a9f58dd646b47820689cb3cc76a8866e3d51e72b52ce407880b34da2970'}, 'dob': {'date': '1955-06-22T04:20:17.989Z', 'age': 69}, 'registered': {'date': '2011-12-31T05:59:51.696Z', 'age': 12}, 'phone': '(069)-061-1596', 'cell': '(791)-023-0638', 'id': {'name': '', 'value': None}, 'picture': {'large': 'https://randomuser.me/api/portraits/women/45.jpg', 'medium': 'https://randomuser.me/api/portraits/med/women/45.jpg', 'thumbnail': 'https://randomuser.me/api/portraits/thumb/women/45.jpg'}, 'nat': 'TR'}</msg>
<arg>${json_data['results'][0]}</arg>
<doc>Logs the given message with the given level.</doc>
<status status="PASS" start="2024-08-06T16:19:04.391235" elapsed="0.000421"/>
</kw>
<kw name="Log" owner="BuiltIn">
<msg time="2024-08-06T16:19:04.392084" level="INFO">gender</msg>
<arg>${key}</arg>
<doc>Logs the given message with the given level.</doc>
<status status="PASS" start="2024-08-06T16:19:04.391954" elapsed="0.000170"/>
</kw>
<var name="${key}">gender</var>
<status status="PASS" start="2024-08-06T16:19:04.390500" elapsed="0.001852"/>
</iter>
<iter>
<kw name="Dictionary Should Contain Key" owner="Collections">
<arg>${json_data['results'][0]}</arg>
<arg>${key}</arg>
<doc>Fails if ``key`` is not found from ``dictionary``.</doc>
<status status="PASS" start="2024-08-06T16:19:04.392650" elapsed="0.000407"/>
</kw>
<kw name="Log" owner="BuiltIn">
<msg time="2024-08-06T16:19:04.393631" level="INFO">{'gender': 'female', 'name': {'title': 'Ms', 'first': 'Vildan', 'last': 'Keçeci'}, 'location': {'street': {'number': 7400, 'name': 'Mevlana Cd'}, 'city': 'Tekirdağ', 'state': 'Şanlıurfa', 'country': 'Turkey', 'postcode': 66771, 'coordinates': {'latitude': '67.7398', 'longitude': '142.7447'}, 'timezone': {'offset': '-8:00', 'description': 'Pacific Time (US &amp; Canada)'}}, 'email': 'vildan.kececi@example.com', 'login': {'uuid': 'f8a2bebc-afd2-4a30-b29c-c03770af0a22', 'username': 'smallpeacock129', 'password': 'moose', 'salt': '9ZjNnaEj', 'md5': '923d74d8c1e4128ac1b91085cdc161ac', 'sha1': '1279d9f016ee0c6173e1cdb92f0719274e556482', 'sha256': '549b0a9f58dd646b47820689cb3cc76a8866e3d51e72b52ce407880b34da2970'}, 'dob': {'date': '1955-06-22T04:20:17.989Z', 'age': 69}, 'registered': {'date': '2011-12-31T05:59:51.696Z', 'age': 12}, 'phone': '(069)-061-1596', 'cell': '(791)-023-0638', 'id': {'name': '', 'value': None}, 'picture': {'large': 'https://randomuser.me/api/portraits/women/45.jpg', 'medium': 'https://randomuser.me/api/portraits/med/women/45.jpg', 'thumbnail': 'https://randomuser.me/api/portraits/thumb/women/45.jpg'}, 'nat': 'TR'}</msg>
<arg>${json_data['results'][0]}</arg>
<doc>Logs the given message with the given level.</doc>
<status status="PASS" start="2024-08-06T16:19:04.393244" elapsed="0.000472"/>
</kw>
<kw name="Log" owner="BuiltIn">
<msg time="2024-08-06T16:19:04.394147" level="INFO">name</msg>
<arg>${key}</arg>
<doc>Logs the given message with the given level.</doc>
<status status="PASS" start="2024-08-06T16:19:04.394018" elapsed="0.000167"/>
</kw>
<var name="${key}">name</var>
<status status="PASS" start="2024-08-06T16:19:04.392538" elapsed="0.001867"/>
</iter>
<iter>
<kw name="Dictionary Should Contain Key" owner="Collections">
<arg>${json_data['results'][0]}</arg>
<arg>${key}</arg>
<doc>Fails if ``key`` is not found from ``dictionary``.</doc>
<status status="PASS" start="2024-08-06T16:19:04.394694" elapsed="0.000391"/>
</kw>
<kw name="Log" owner="BuiltIn">
<msg time="2024-08-06T16:19:04.395627" level="INFO">{'gender': 'female', 'name': {'title': 'Ms', 'first': 'Vildan', 'last': 'Keçeci'}, 'location': {'street': {'number': 7400, 'name': 'Mevlana Cd'}, 'city': 'Tekirdağ', 'state': 'Şanlıurfa', 'country': 'Turkey', 'postcode': 66771, 'coordinates': {'latitude': '67.7398', 'longitude': '142.7447'}, 'timezone': {'offset': '-8:00', 'description': 'Pacific Time (US &amp; Canada)'}}, 'email': 'vildan.kececi@example.com', 'login': {'uuid': 'f8a2bebc-afd2-4a30-b29c-c03770af0a22', 'username': 'smallpeacock129', 'password': 'moose', 'salt': '9ZjNnaEj', 'md5': '923d74d8c1e4128ac1b91085cdc161ac', 'sha1': '1279d9f016ee0c6173e1cdb92f0719274e556482', 'sha256': '549b0a9f58dd646b47820689cb3cc76a8866e3d51e72b52ce407880b34da2970'}, 'dob': {'date': '1955-06-22T04:20:17.989Z', 'age': 69}, 'registered': {'date': '2011-12-31T05:59:51.696Z', 'age': 12}, 'phone': '(069)-061-1596', 'cell': '(791)-023-0638', 'id': {'name': '', 'value': None}, 'picture': {'large': 'https://randomuser.me/api/portraits/women/45.jpg', 'medium': 'https://randomuser.me/api/portraits/med/women/45.jpg', 'thumbnail': 'https://randomuser.me/api/portraits/thumb/women/45.jpg'}, 'nat': 'TR'}</msg>
<arg>${json_data['results'][0]}</arg>
<doc>Logs the given message with the given level.</doc>
<status status="PASS" start="2024-08-06T16:19:04.395271" elapsed="0.000408"/>
</kw>
<kw name="Log" owner="BuiltIn">
<msg time="2024-08-06T16:19:04.396109" level="INFO">location</msg>
<arg>${key}</arg>
<doc>Logs the given message with the given level.</doc>
<status status="PASS" start="2024-08-06T16:19:04.395981" elapsed="0.000166"/>
</kw>
<var name="${key}">location</var>
<status status="PASS" start="2024-08-06T16:19:04.394585" elapsed="0.001777"/>
</iter>
<iter>
<kw name="Dictionary Should Contain Key" owner="Collections">
<arg>${json_data['results'][0]}</arg>
<arg>${key}</arg>
<doc>Fails if ``key`` is not found from ``dictionary``.</doc>
<status status="PASS" start="2024-08-06T16:19:04.396642" elapsed="0.000398"/>
</kw>
<kw name="Log" owner="BuiltIn">
<msg time="2024-08-06T16:19:04.397740" level="INFO">{'gender': 'female', 'name': {'title': 'Ms', 'first': 'Vildan', 'last': 'Keçeci'}, 'location': {'street': {'number': 7400, 'name': 'Mevlana Cd'}, 'city': 'Tekirdağ', 'state': 'Şanlıurfa', 'country': 'Turkey', 'postcode': 66771, 'coordinates': {'latitude': '67.7398', 'longitude': '142.7447'}, 'timezone': {'offset': '-8:00', 'description': 'Pacific Time (US &amp; Canada)'}}, 'email': 'vildan.kececi@example.com', 'login': {'uuid': 'f8a2bebc-afd2-4a30-b29c-c03770af0a22', 'username': 'smallpeacock129', 'password': 'moose', 'salt': '9ZjNnaEj', 'md5': '923d74d8c1e4128ac1b91085cdc161ac', 'sha1': '1279d9f016ee0c6173e1cdb92f0719274e556482', 'sha256': '549b0a9f58dd646b47820689cb3cc76a8866e3d51e72b52ce407880b34da2970'}, 'dob': {'date': '1955-06-22T04:20:17.989Z', 'age': 69}, 'registered': {'date': '2011-12-31T05:59:51.696Z', 'age': 12}, 'phone': '(069)-061-1596', 'cell': '(791)-023-0638', 'id': {'name': '', 'value': None}, 'picture': {'large': 'https://randomuser.me/api/portraits/women/45.jpg', 'medium': 'https://randomuser.me/api/portraits/med/women/45.jpg', 'thumbnail': 'https://randomuser.me/api/portraits/thumb/women/45.jpg'}, 'nat': 'TR'}</msg>
<arg>${json_data['results'][0]}</arg>
<doc>Logs the given message with the given level.</doc>
<status status="PASS" start="2024-08-06T16:19:04.397339" elapsed="0.000454"/>
</kw>
<kw name="Log" owner="BuiltIn">
<msg time="2024-08-06T16:19:04.398222" level="INFO">email</msg>
<arg>${key}</arg>
<doc>Logs the given message with the given level.</doc>
<status status="PASS" start="2024-08-06T16:19:04.398092" elapsed="0.000169"/>
</kw>
<var name="${key}">email</var>
<status status="PASS" start="2024-08-06T16:19:04.396534" elapsed="0.001942"/>
</iter>
<iter>
<kw name="Dictionary Should Contain Key" owner="Collections">
<arg>${json_data['results'][0]}</arg>
<arg>${key}</arg>
<doc>Fails if ``key`` is not found from ``dictionary``.</doc>
<status status="PASS" start="2024-08-06T16:19:04.398753" elapsed="0.000376"/>
</kw>
<kw name="Log" owner="BuiltIn">
<msg time="2024-08-06T16:19:04.399661" level="INFO">{'gender': 'female', 'name': {'title': 'Ms', 'first': 'Vildan', 'last': 'Keçeci'}, 'location': {'street': {'number': 7400, 'name': 'Mevlana Cd'}, 'city': 'Tekirdağ', 'state': 'Şanlıurfa', 'country': 'Turkey', 'postcode': 66771, 'coordinates': {'latitude': '67.7398', 'longitude': '142.7447'}, 'timezone': {'offset': '-8:00', 'description': 'Pacific Time (US &amp; Canada)'}}, 'email': 'vildan.kececi@example.com', 'login': {'uuid': 'f8a2bebc-afd2-4a30-b29c-c03770af0a22', 'username': 'smallpeacock129', 'password': 'moose', 'salt': '9ZjNnaEj', 'md5': '923d74d8c1e4128ac1b91085cdc161ac', 'sha1': '1279d9f016ee0c6173e1cdb92f0719274e556482', 'sha256': '549b0a9f58dd646b47820689cb3cc76a8866e3d51e72b52ce407880b34da2970'}, 'dob': {'date': '1955-06-22T04:20:17.989Z', 'age': 69}, 'registered': {'date': '2011-12-31T05:59:51.696Z', 'age': 12}, 'phone': '(069)-061-1596', 'cell': '(791)-023-0638', 'id': {'name': '', 'value': None}, 'picture': {'large': 'https://randomuser.me/api/portraits/women/45.jpg', 'medium': 'https://randomuser.me/api/portraits/med/women/45.jpg', 'thumbnail': 'https://randomuser.me/api/portraits/thumb/women/45.jpg'}, 'nat': 'TR'}</msg>
<arg>${json_data['results'][0]}</arg>
<doc>Logs the given message with the given level.</doc>
<status status="PASS" start="2024-08-06T16:19:04.399310" elapsed="0.000403"/>
</kw>
<kw name="Log" owner="BuiltIn">
<msg time="2024-08-06T16:19:04.400131" level="INFO">login</msg>
<arg>${key}</arg>
<doc>Logs the given message with the given level.</doc>
<status status="PASS" start="2024-08-06T16:19:04.400005" elapsed="0.000163"/>
</kw>
<var name="${key}">login</var>
<status status="PASS" start="2024-08-06T16:19:04.398646" elapsed="0.001736"/>
</iter>
<var>${key}</var>
<value>@{expected_keys}</value>
<status status="PASS" start="2024-08-06T16:19:04.390300" elapsed="0.010204"/>
</for>
<kw name="Create List" owner="BuiltIn">
<msg time="2024-08-06T16:19:04.400831" level="INFO">${expected_keysTwo} = ['username', 'password']</msg>
<var>${expected_keysTwo}</var>
<arg>username</arg>
<arg>password</arg>
<doc>Returns a list containing given items.</doc>
<status status="PASS" start="2024-08-06T16:19:04.400696" elapsed="0.000187"/>
</kw>
<for flavor="IN">
<iter>
<kw name="Dictionary Should Contain Key" owner="Collections">
<arg>${json_data['results'][0]['login']}</arg>
<arg>${keyTwo}</arg>
<doc>Fails if ``key`` is not found from ``dictionary``.</doc>
<status status="PASS" start="2024-08-06T16:19:04.401386" elapsed="0.000423"/>
</kw>
<kw name="Dictionary Should Contain Key" owner="Collections">
<arg>${json_data['results'][0]['login']}</arg>
<arg>${keyTwo}</arg>
<doc>Fails if ``key`` is not found from ``dictionary``.</doc>
<status status="PASS" start="2024-08-06T16:19:04.401994" elapsed="0.000380"/>
</kw>
<kw name="Log" owner="BuiltIn">
<msg time="2024-08-06T16:19:04.402679" level="INFO">username</msg>
<arg>${keyTwo}</arg>
<doc>Logs the given message with the given level.</doc>
<status status="PASS" start="2024-08-06T16:19:04.402557" elapsed="0.000160"/>
</kw>
<var name="${keyTwo}">username</var>
<status status="PASS" start="2024-08-06T16:19:04.401278" elapsed="0.001660"/>
</iter>
<iter>
<kw name="Dictionary Should Contain Key" owner="Collections">
<arg>${json_data['results'][0]['login']}</arg>
<arg>${keyTwo}</arg>
<doc>Fails if ``key`` is not found from ``dictionary``.</doc>
<status status="PASS" start="2024-08-06T16:19:04.403217" elapsed="0.000393"/>
</kw>
<kw name="Dictionary Should Contain Key" owner="Collections">
<arg>${json_data['results'][0]['login']}</arg>
<arg>${keyTwo}</arg>
<doc>Fails if ``key`` is not found from ``dictionary``.</doc>
<status status="PASS" start="2024-08-06T16:19:04.403787" elapsed="0.000366"/>
</kw>
<kw name="Log" owner="BuiltIn">
<msg time="2024-08-06T16:19:04.404449" level="INFO">password</msg>
<arg>${keyTwo}</arg>
<doc>Logs the given message with the given level.</doc>
<status status="PASS" start="2024-08-06T16:19:04.404329" elapsed="0.000157"/>
</kw>
<var name="${keyTwo}">password</var>
<status status="PASS" start="2024-08-06T16:19:04.403112" elapsed="0.001593"/>
</iter>
<var>${keyTwo}</var>
<value>@{expected_keysTwo}</value>
<status status="PASS" start="2024-08-06T16:19:04.401130" elapsed="0.003696"/>
</for>
<status status="PASS" start="2024-08-06T16:19:04.291072" elapsed="0.113897"/>
</kw>
<doc>Testa a estrutura da resposta da API.</doc>
<tag>testeEstruturaResposta</tag>
<status status="PASS" start="2024-08-06T16:19:04.290452" elapsed="0.114677"/>
</test>
<test id="s1-s1-t4" name="Validar tipos de dados" line="28">
<kw name="Teste de Tipos de Dados" owner="random-user-service">
<kw name="GET On Session" owner="RequestsLibrary">
<msg time="2024-08-06T16:19:04.476705" level="INFO">GET Request : url=https://randomuser.me/api 
 path_url=/api 
 headers={'User-Agent': 'python-requests/2.32.3', 'Accept-Encoding': 'gzip, deflate', 'Accept': '*/*', 'Connection': 'keep-alive'} 
 body=None 
 </msg>
<msg time="2024-08-06T16:19:04.476813" level="INFO">GET Response : url=https://randomuser.me/api 
 status=200, reason=OK 
 headers={'Date': 'Tue, 06 Aug 2024 16:19:04 GMT', 'Content-Type': 'application/json; charset=utf-8', 'Transfer-Encoding': 'chunked', 'Connection': 'keep-alive', 'X-Powered-By': 'Express', 'Access-Control-Allow-Origin': '*', 'Cache-Control': 'no-cache', 'ETag': 'W/"49c-NpCL+GlyQ7Nrjc9Zgn4DnJJFg28"', 'Vary': 'Accept-Encoding', 'Content-Encoding': 'gzip', 'CF-Cache-Status': 'DYNAMIC', 'Report-To': '{"endpoints":[{"url":"https:\\/\\/a.nel.cloudflare.com\\/report\\/v4?s=D4h%2B%2F6hE3GxEtfYRxDRk8AaX78%2F5LzjwNcvaqImy6VUfdPb4tunMyVX7uk64l6qK0T1DdgCl%2BwgqWSoYp4Rk%2FqCvx7RhQtsqB5YdQg%2FYURFxwdFo4Iy%2F%2BBdQnyNXRwnF"}],"group":"cf-nel","max_age":604800}', 'NEL': '{"success_fraction":0,"report_to":"cf-nel","max_age":604800}', 'Server': 'cloudflare', 'CF-RAY': '8af058b09d00392b-IAD', 'alt-svc': 'h3=":443"; ma=86400'} 
 body={"results":[{"gender":"female","name":{"title":"Mrs","first":"Lilja","last":"Tuominen"},"location":{"street":{"number":7962,"name":"Siilitie"},"city":"Pornainen","state":"North Karelia","country":"Finland","postcode":81543,"coordinates":{"latitude":"-22.2758","longitude":"119.2637"},"timezone":{"offset":"+4:00","description":"Abu Dhabi, Muscat, Baku, Tbilisi"}},"email":"lilja.tuominen@example.com","login":{"uuid":"7e9acca5-c032-4e96-b55d-221cde80853c","username":"ticklishdog234","password":"flyers","salt":"bnl4KxTu","md5":"8ee5b789fd1175c4472e69c4dd876643","sha1":"d0ce4583c08f15df873b44a3a9f28884d4f50ab2","sha256":"13e0464296f8cc5e739e47658db0581b89a987a3297bc9fe7c215ad9319c58e9"},"dob":{"date":"1948-11-18T05:47:00.101Z","age":75},"registered":{"date":"2017-05-17T10:51:54.736Z","age":7},"phone":"09-505-327","cell":"043-062-64-65","id":{"name":"HETU","value":"NaNNA792undefined"},"picture":{"large":"https://randomuser.me/api/portraits/women/79.jpg","medium":"https://randomuser.me/api/portraits/med/women/79.jpg","thumbnail":"https://randomuser.me/api/portraits/thumb/women/79.jpg"},"nat":"FI"}],"info":{"seed":"5517289213d6d2df","results":1,"page":1,"version":"1.4"}} 
 </msg>
<msg time="2024-08-06T16:19:04.476896" level="INFO">/opt/hostedtoolcache/Python/3.12.4/x64/lib/python3.12/site-packages/urllib3/connectionpool.py:1099: InsecureRequestWarning: Unverified HTTPS request is being made to host 'randomuser.me'. Adding certificate verification is strongly advised. See: https://urllib3.readthedocs.io/en/latest/advanced-usage.html#tls-warnings
  warnings.warn(</msg>
<msg time="2024-08-06T16:19:04.477055" level="INFO">${response} = &lt;Response [200]&gt;</msg>
<var>${response}</var>
<arg>consultarAPI</arg>
<arg>/api</arg>
<doc>Sends a GET request on a previously created HTTP Session.</doc>
<status status="PASS" start="2024-08-06T16:19:04.407732" elapsed="0.069367"/>
</kw>
<kw name="Set Variable" owner="BuiltIn">
<msg time="2024-08-06T16:19:04.478134" level="INFO">${json_data} = {'results': [{'gender': 'female', 'name': {'title': 'Mrs', 'first': 'Lilja', 'last': 'Tuominen'}, 'location': {'street': {'number': 7962, 'name': 'Siilitie'}, 'city': 'Pornainen', 'state': 'North Kare...</msg>
<var>${json_data}</var>
<arg>${response.json()}</arg>
<doc>Returns the given values which can then be assigned to a variables.</doc>
<status status="PASS" start="2024-08-06T16:19:04.477629" elapsed="0.000534"/>
</kw>
<kw name="Log" owner="BuiltIn">
<msg time="2024-08-06T16:19:04.478625" level="INFO">{'results': [{'gender': 'female', 'name': {'title': 'Mrs', 'first': 'Lilja', 'last': 'Tuominen'}, 'location': {'street': {'number': 7962, 'name': 'Siilitie'}, 'city': 'Pornainen', 'state': 'North Karelia', 'country': 'Finland', 'postcode': 81543, 'coordinates': {'latitude': '-22.2758', 'longitude': '119.2637'}, 'timezone': {'offset': '+4:00', 'description': 'Abu Dhabi, Muscat, Baku, Tbilisi'}}, 'email': 'lilja.tuominen@example.com', 'login': {'uuid': '7e9acca5-c032-4e96-b55d-221cde80853c', 'username': 'ticklishdog234', 'password': 'flyers', 'salt': 'bnl4KxTu', 'md5': '8ee5b789fd1175c4472e69c4dd876643', 'sha1': 'd0ce4583c08f15df873b44a3a9f28884d4f50ab2', 'sha256': '13e0464296f8cc5e739e47658db0581b89a987a3297bc9fe7c215ad9319c58e9'}, 'dob': {'date': '1948-11-18T05:47:00.101Z', 'age': 75}, 'registered': {'date': '2017-05-17T10:51:54.736Z', 'age': 7}, 'phone': '09-505-327', 'cell': '043-062-64-65', 'id': {'name': 'HETU', 'value': 'NaNNA792undefined'}, 'picture': {'large': 'https://randomuser.me/api/portraits/women/79.jpg', 'medium': 'https://randomuser.me/api/portraits/med/women/79.jpg', 'thumbnail': 'https://randomuser.me/api/portraits/thumb/women/79.jpg'}, 'nat': 'FI'}], 'info': {'seed': '5517289213d6d2df', 'results': 1, 'page': 1, 'version': '1.4'}}</msg>
<arg>${json_data}</arg>
<doc>Logs the given message with the given level.</doc>
<status status="PASS" start="2024-08-06T16:19:04.478466" elapsed="0.000206"/>
</kw>
<kw name="Should Be String" owner="String">
<arg>${json_data['results'][0]['gender']}</arg>
<doc>Fails if the given ``item`` is not a string.</doc>
<status status="PASS" start="2024-08-06T16:19:04.478961" elapsed="0.000364"/>
</kw>
<kw name="Should Match Regexp" owner="BuiltIn">
<arg>${json_data['results'][0]['email']}</arg>
<arg>^[a-zA-Z0-9._%+-]+@[a-zA-Z0-9.-]+\.[a-zA-Z]{2,}$</arg>
<doc>Fails if ``string`` does not match ``pattern`` as a regular expression.</doc>
<status status="PASS" start="2024-08-06T16:19:04.479527" elapsed="0.000516"/>
</kw>
<kw name="Should Match Regexp" owner="BuiltIn">
<arg>${json_data['results'][0]['dob']['date']}</arg>
<arg>\\d{4}-\\d{2}-\\d{2}T\\d{2}:\\d{2}:\\d{2}\\.\\d{3}Z</arg>
<doc>Fails if ``string`` does not match ``pattern`` as a regular expression.</doc>
<status status="PASS" start="2024-08-06T16:19:04.480278" elapsed="0.000647"/>
</kw>
<kw name="Should Match Regexp" owner="BuiltIn">
<arg>${json_data['results'][0]['registered']['date']}</arg>
<arg>\\d{4}-\\d{2}-\\d{2}T\\d{2}:\\d{2}:\\d{2}\\.\\d{3}Z</arg>
<doc>Fails if ``string`` does not match ``pattern`` as a regular expression.</doc>
<status status="PASS" start="2024-08-06T16:19:04.481120" elapsed="0.000374"/>
</kw>
<kw name="Should Match Regexp" owner="BuiltIn">
<arg>${json_data['results'][0]['picture']['large']}</arg>
<arg>^https?://.*\.(?:png|jpe?g|gif|bmp)$</arg>
<doc>Fails if ``string`` does not match ``pattern`` as a regular expression.</doc>
<status status="PASS" start="2024-08-06T16:19:04.481718" elapsed="0.000471"/>
</kw>
<kw name="Should Match Regexp" owner="BuiltIn">
<arg>${json_data['results'][0]['picture']['medium']}</arg>
<arg>^https?://.*\.(?:png|jpe?g|gif|bmp)$</arg>
<doc>Fails if ``string`` does not match ``pattern`` as a regular expression.</doc>
<status status="PASS" start="2024-08-06T16:19:04.482378" elapsed="0.000359"/>
</kw>
<kw name="Should Match Regexp" owner="BuiltIn">
<arg>${json_data['results'][0]['picture']['thumbnail']}</arg>
<arg>^https?://.*\.(?:png|jpe?g|gif|bmp)$</arg>
<doc>Fails if ``string`` does not match ``pattern`` as a regular expression.</doc>
<status status="PASS" start="2024-08-06T16:19:04.482921" elapsed="0.000354"/>
</kw>
<kw name="Log" owner="BuiltIn">
<msg time="2024-08-06T16:19:04.483779" level="INFO">{'large': 'https://randomuser.me/api/portraits/women/79.jpg', 'medium': 'https://randomuser.me/api/portraits/med/women/79.jpg', 'thumbnail': 'https://randomuser.me/api/portraits/thumb/women/79.jpg'}</msg>
<arg>${json_data['results'][0]['picture']}</arg>
<doc>Logs the given message with the given level.</doc>
<status status="PASS" start="2024-08-06T16:19:04.483457" elapsed="0.000366"/>
</kw>
<status status="PASS" start="2024-08-06T16:19:04.407498" elapsed="0.076581"/>
</kw>
<kw name="Teste de Tipos de Dados - Postcode" owner="random-user-service">
<kw name="GET On Session" owner="RequestsLibrary">
<msg time="2024-08-06T16:19:04.572902" level="INFO">GET Request : url=https://randomuser.me/api 
 path_url=/api 
 headers={'User-Agent': 'python-requests/2.32.3', 'Accept-Encoding': 'gzip, deflate', 'Accept': '*/*', 'Connection': 'keep-alive'} 
 body=None 
 </msg>
<msg time="2024-08-06T16:19:04.573010" level="INFO">GET Response : url=https://randomuser.me/api 
 status=200, reason=OK 
 headers={'Date': 'Tue, 06 Aug 2024 16:19:04 GMT', 'Content-Type': 'application/json; charset=utf-8', 'Transfer-Encoding': 'chunked', 'Connection': 'keep-alive', 'X-Powered-By': 'Express', 'Access-Control-Allow-Origin': '*', 'Cache-Control': 'no-cache', 'ETag': 'W/"48a-50APFnAxUlujmmQcoarI9jCoFyk"', 'Vary': 'Accept-Encoding', 'Content-Encoding': 'gzip', 'CF-Cache-Status': 'DYNAMIC', 'Report-To': '{"endpoints":[{"url":"https:\\/\\/a.nel.cloudflare.com\\/report\\/v4?s=WZ3MmF1hby3Aa9Lggd2U2ZLclHW3Y0Vbr5MVKfx2RXtR1O9L53X2U4%2FLDmrZ3fpz3uJBgk1FapfyjxLQwTZfaP9fTWzvNd1USlTEyh%2FAHpDIPQQBDYNRQcfF%2Fas0BX3a"}],"group":"cf-nel","max_age":604800}', 'NEL': '{"success_fraction":0,"report_to":"cf-nel","max_age":604800}', 'Server': 'cloudflare', 'CF-RAY': '8af058b10d91392b-IAD', 'alt-svc': 'h3=":443"; ma=86400'} 
 body={"results":[{"gender":"male","name":{"title":"Mr","first":"Sebastian","last":"Kristensen"},"location":{"street":{"number":513,"name":"Dronningensgade"},"city":"Assens","state":"Nordjylland","country":"Denmark","postcode":98507,"coordinates":{"latitude":"-40.6145","longitude":"-143.1321"},"timezone":{"offset":"+2:00","description":"Kaliningrad, South Africa"}},"email":"sebastian.kristensen@example.com","login":{"uuid":"d680218f-c5d5-4a95-9eba-80a5e986f847","username":"redmouse572","password":"therock","salt":"Vw2uPKwg","md5":"86a52f35c52de5d56eb00b700c458f82","sha1":"5949cad64a3232c1e65caf83b8dd78bb85133885","sha256":"cb641a0856ac748f0b22d5a4c589c45ffc8c4a856db99160b6225173501ed63d"},"dob":{"date":"1945-01-14T03:14:53.794Z","age":79},"registered":{"date":"2015-06-20T10:22:18.234Z","age":9},"phone":"95539524","cell":"03670406","id":{"name":"CPR","value":"130145-3689"},"picture":{"large":"https://randomuser.me/api/portraits/men/31.jpg","medium":"https://randomuser.me/api/portraits/med/men/31.jpg","thumbnail":"https://randomuser.me/api/portraits/thumb/men/31.jpg"},"nat":"DK"}],"info":{"seed":"e1fab72f89507158","results":1,"page":1,"version":"1.4"}} 
 </msg>
<msg time="2024-08-06T16:19:04.573089" level="INFO">/opt/hostedtoolcache/Python/3.12.4/x64/lib/python3.12/site-packages/urllib3/connectionpool.py:1099: InsecureRequestWarning: Unverified HTTPS request is being made to host 'randomuser.me'. Adding certificate verification is strongly advised. See: https://urllib3.readthedocs.io/en/latest/advanced-usage.html#tls-warnings
  warnings.warn(</msg>
<msg time="2024-08-06T16:19:04.573249" level="INFO">${response} = &lt;Response [200]&gt;</msg>
<var>${response}</var>
<arg>consultarAPI</arg>
<arg>/api</arg>
<doc>Sends a GET request on a previously created HTTP Session.</doc>
<status status="PASS" start="2024-08-06T16:19:04.484534" elapsed="0.088776"/>
</kw>
<kw name="Set Variable" owner="BuiltIn">
<msg time="2024-08-06T16:19:04.574354" level="INFO">${json_data} = {'results': [{'gender': 'male', 'name': {'title': 'Mr', 'first': 'Sebastian', 'last': 'Kristensen'}, 'location': {'street': {'number': 513, 'name': 'Dronningensgade'}, 'city': 'Assens', 'state': 'Nord...</msg>
<var>${json_data}</var>
<arg>${response.json()}</arg>
<doc>Returns the given values which can then be assigned to a variables.</doc>
<status status="PASS" start="2024-08-06T16:19:04.573830" elapsed="0.000553"/>
</kw>
<kw name="Log" owner="BuiltIn">
<msg time="2024-08-06T16:19:04.574843" level="INFO">{'results': [{'gender': 'male', 'name': {'title': 'Mr', 'first': 'Sebastian', 'last': 'Kristensen'}, 'location': {'street': {'number': 513, 'name': 'Dronningensgade'}, 'city': 'Assens', 'state': 'Nordjylland', 'country': 'Denmark', 'postcode': 98507, 'coordinates': {'latitude': '-40.6145', 'longitude': '-143.1321'}, 'timezone': {'offset': '+2:00', 'description': 'Kaliningrad, South Africa'}}, 'email': 'sebastian.kristensen@example.com', 'login': {'uuid': 'd680218f-c5d5-4a95-9eba-80a5e986f847', 'username': 'redmouse572', 'password': 'therock', 'salt': 'Vw2uPKwg', 'md5': '86a52f35c52de5d56eb00b700c458f82', 'sha1': '5949cad64a3232c1e65caf83b8dd78bb85133885', 'sha256': 'cb641a0856ac748f0b22d5a4c589c45ffc8c4a856db99160b6225173501ed63d'}, 'dob': {'date': '1945-01-14T03:14:53.794Z', 'age': 79}, 'registered': {'date': '2015-06-20T10:22:18.234Z', 'age': 9}, 'phone': '95539524', 'cell': '03670406', 'id': {'name': 'CPR', 'value': '130145-3689'}, 'picture': {'large': 'https://randomuser.me/api/portraits/men/31.jpg', 'medium': 'https://randomuser.me/api/portraits/med/men/31.jpg', 'thumbnail': 'https://randomuser.me/api/portraits/thumb/men/31.jpg'}, 'nat': 'DK'}], 'info': {'seed': 'e1fab72f89507158', 'results': 1, 'page': 1, 'version': '1.4'}}</msg>
<arg>${json_data}</arg>
<doc>Logs the given message with the given level.</doc>
<status status="PASS" start="2024-08-06T16:19:04.574685" elapsed="0.000204"/>
</kw>
<kw name="Should Be Equal As Numbers" owner="BuiltIn">
<arg>${json_data['results'][0]['location']['postcode']}</arg>
<arg>${json_data['results'][0]['location']['postcode']}</arg>
<doc>Fails if objects are unequal after converting them to real numbers.</doc>
<status status="PASS" start="2024-08-06T16:19:04.575182" elapsed="0.000621"/>
</kw>
<kw name="Log" owner="BuiltIn">
<msg time="2024-08-06T16:19:04.576344" level="INFO">98507</msg>
<arg>${json_data['results'][0]['location']['postcode']}</arg>
<doc>Logs the given message with the given level.</doc>
<status status="PASS" start="2024-08-06T16:19:04.575990" elapsed="0.000395"/>
</kw>
<status status="PASS" start="2024-08-06T16:19:04.484305" elapsed="0.092371"/>
</kw>
<doc>Testa se os tipos de dados na resposta da API estão corretos.</doc>
<tag>testeTiposDados</tag>
<status status="PASS" start="2024-08-06T16:19:04.406930" elapsed="0.169919"/>
</test>
<test id="s1-s1-t5" name="Validar conteudo" line="35">
<kw name="Teste de Tipos de Conteudo" owner="random-user-service">
<kw name="GET On Session" owner="RequestsLibrary">
<msg time="2024-08-06T16:19:04.676964" level="INFO">GET Request : url=https://randomuser.me/api 
 path_url=/api 
 headers={'User-Agent': 'python-requests/2.32.3', 'Accept-Encoding': 'gzip, deflate', 'Accept': '*/*', 'Connection': 'keep-alive'} 
 body=None 
 </msg>
<msg time="2024-08-06T16:19:04.677078" level="INFO">GET Response : url=https://randomuser.me/api 
 status=200, reason=OK 
 headers={'Date': 'Tue, 06 Aug 2024 16:19:04 GMT', 'Content-Type': 'application/json; charset=utf-8', 'Transfer-Encoding': 'chunked', 'Connection': 'keep-alive', 'X-Powered-By': 'Express', 'Access-Control-Allow-Origin': '*', 'Cache-Control': 'no-cache', 'ETag': 'W/"4a3-WaorKWeU9cV7UrEroPPWHAjj7AU"', 'Vary': 'Accept-Encoding', 'Content-Encoding': 'gzip', 'CF-Cache-Status': 'DYNAMIC', 'Report-To': '{"endpoints":[{"url":"https:\\/\\/a.nel.cloudflare.com\\/report\\/v4?s=8hVGViHwDEwpqmz1dC2FVjmnvR2HUoi934c3k4ht9Y1l16BxGu8qNPU0jhqljO4hJwNViPCEL9C2Ht01cXgT2NDc2IxSEecrQrDY4oB9Go3KWlt5TGc71Qc1%2Bg0u0QrJ"}],"group":"cf-nel","max_age":604800}', 'NEL': '{"success_fraction":0,"report_to":"cf-nel","max_age":604800}', 'Server': 'cloudflare', 'CF-RAY': '8af058b1ae5a392b-IAD', 'alt-svc': 'h3=":443"; ma=86400'} 
 body={"results":[{"gender":"female","name":{"title":"Miss","first":"Bonnie","last":"Pierce"},"location":{"street":{"number":421,"name":"Poplar Dr"},"city":"Anchorage","state":"Florida","country":"United States","postcode":93828,"coordinates":{"latitude":"82.0664","longitude":"85.2382"},"timezone":{"offset":"+5:00","description":"Ekaterinburg, Islamabad, Karachi, Tashkent"}},"email":"bonnie.pierce@example.com","login":{"uuid":"2b2b0a02-e1b2-4208-8566-16ebc2dbcc1f","username":"happybutterfly469","password":"hhhhh","salt":"gRkhdIav","md5":"06ecaa25c5716b77c3bcdecc88681983","sha1":"f17daa787af5735553376e71fc06d8ecbc80448f","sha256":"5edadf278d85a388e9742625666e0b0f1b1be1def6ce0df779e63af6462f4d37"},"dob":{"date":"1995-03-10T21:02:13.649Z","age":29},"registered":{"date":"2016-07-13T22:36:07.981Z","age":8},"phone":"(386) 870-9390","cell":"(630) 828-4492","id":{"name":"SSN","value":"048-73-6273"},"picture":{"large":"https://randomuser.me/api/portraits/women/75.jpg","medium":"https://randomuser.me/api/portraits/med/women/75.jpg","thumbnail":"https://randomuser.me/api/portraits/thumb/women/75.jpg"},"nat":"US"}],"info":{"seed":"522a79533be497cd","results":1,"page":1,"version":"1.4"}} 
 </msg>
<msg time="2024-08-06T16:19:04.677161" level="INFO">/opt/hostedtoolcache/Python/3.12.4/x64/lib/python3.12/site-packages/urllib3/connectionpool.py:1099: InsecureRequestWarning: Unverified HTTPS request is being made to host 'randomuser.me'. Adding certificate verification is strongly advised. See: https://urllib3.readthedocs.io/en/latest/advanced-usage.html#tls-warnings
  warnings.warn(</msg>
<msg time="2024-08-06T16:19:04.677331" level="INFO">${response} = &lt;Response [200]&gt;</msg>
<var>${response}</var>
<arg>consultarAPI</arg>
<arg>/api</arg>
<doc>Sends a GET request on a previously created HTTP Session.</doc>
<status status="PASS" start="2024-08-06T16:19:04.579364" elapsed="0.098025"/>
</kw>
<kw name="Set Variable" owner="BuiltIn">
<msg time="2024-08-06T16:19:04.678467" level="INFO">${json_data} = {'results': [{'gender': 'female', 'name': {'title': 'Miss', 'first': 'Bonnie', 'last': 'Pierce'}, 'location': {'street': {'number': 421, 'name': 'Poplar Dr'}, 'city': 'Anchorage', 'state': 'Florida', ...</msg>
<var>${json_data}</var>
<arg>${response.json()}</arg>
<doc>Returns the given values which can then be assigned to a variables.</doc>
<status status="PASS" start="2024-08-06T16:19:04.677957" elapsed="0.000538"/>
</kw>
<kw name="Set Variable" owner="BuiltIn">
<msg time="2024-08-06T16:19:04.679172" level="INFO">${name_title} = Miss</msg>
<var>${name_title}</var>
<arg>${json_data["results"][0]["name"]["title"]}</arg>
<doc>Returns the given values which can then be assigned to a variables.</doc>
<status status="PASS" start="2024-08-06T16:19:04.678796" elapsed="0.000402"/>
</kw>
<kw name="Create List" owner="BuiltIn">
<msg time="2024-08-06T16:19:04.679652" level="INFO">${allowed_titles} = ['Mr', 'Ms', 'Miss', 'Mrs', 'Madame', 'Monsieur']</msg>
<var>${allowed_titles}</var>
<arg>Mr</arg>
<arg>Ms</arg>
<arg>Miss</arg>
<arg>Mrs</arg>
<arg>Madame</arg>
<arg>Monsieur</arg>
<doc>Returns a list containing given items.</doc>
<status status="PASS" start="2024-08-06T16:19:04.679503" elapsed="0.000174"/>
</kw>
<kw name="List Should Contain Value" owner="Collections">
<arg>${allowed_titles}</arg>
<arg>${name_title}</arg>
<doc>Fails if the ``value`` is not found from ``list``.</doc>
<status status="PASS" start="2024-08-06T16:19:04.679977" elapsed="0.000180"/>
</kw>
<kw name="Set Variable" owner="BuiltIn">
<msg time="2024-08-06T16:19:04.680719" level="INFO">${name_country} = US</msg>
<var>${name_country}</var>
<arg>${json_data["results"][0]["nat"]}</arg>
<doc>Returns the given values which can then be assigned to a variables.</doc>
<status status="PASS" start="2024-08-06T16:19:04.680346" elapsed="0.000398"/>
</kw>
<kw name="Create List" owner="BuiltIn">
<msg time="2024-08-06T16:19:04.681679" level="INFO">${list_country} = ['AD', 'AE', 'AF', 'AG', 'AI', 'AL', 'AM', 'AO', 'AQ', 'AR', 'AS', 'AT', 'AU', 'AW', 'AX', 'AZ', 'BA', 'BB', 'BD', 'BE', 'BF', 'BG', 'BH', 'BI', 'BJ', 'BL', 'BM', 'BN', 'BO', 'BQ', 'BR', 'BS', 'BT', '...</msg>
<var>${list_country}</var>
<arg>AD</arg>
<arg>AE</arg>
<arg>AF</arg>
<arg>AG</arg>
<arg>AI</arg>
<arg>AL</arg>
<arg>AM</arg>
<arg>AO</arg>
<arg>AQ</arg>
<arg>AR</arg>
<arg>AS</arg>
<arg>AT</arg>
<arg>AU</arg>
<arg>AW</arg>
<arg>AX</arg>
<arg>AZ</arg>
<arg>BA</arg>
<arg>BB</arg>
<arg>BD</arg>
<arg>BE</arg>
<arg>BF</arg>
<arg>BG</arg>
<arg>BH</arg>
<arg>BI</arg>
<arg>BJ</arg>
<arg>BL</arg>
<arg>BM</arg>
<arg>BN</arg>
<arg>BO</arg>
<arg>BQ</arg>
<arg>BR</arg>
<arg>BS</arg>
<arg>BT</arg>
<arg>BV</arg>
<arg>BW</arg>
<arg>BY</arg>
<arg>BZ</arg>
<arg>CA</arg>
<arg>CC</arg>
<arg>CD</arg>
<arg>CF</arg>
<arg>CG</arg>
<arg>CH</arg>
<arg>CI</arg>
<arg>CK</arg>
<arg>CL</arg>
<arg>CM</arg>
<arg>CN</arg>
<arg>CO</arg>
<arg>CR</arg>
<arg>CU</arg>
<arg>CV</arg>
<arg>CW</arg>
<arg>CX</arg>
<arg>CY</arg>
<arg>CZ</arg>
<arg>DE</arg>
<arg>DJ</arg>
<arg>DK</arg>
<arg>DM</arg>
<arg>DO</arg>
<arg>DZ</arg>
<arg>EC</arg>
<arg>EE</arg>
<arg>EG</arg>
<arg>EH</arg>
<arg>ER</arg>
<arg>ES</arg>
<arg>ET</arg>
<arg>FI</arg>
<arg>FJ</arg>
<arg>FK</arg>
<arg>FM</arg>
<arg>FO</arg>
<arg>FR</arg>
<arg>GA</arg>
<arg>GB</arg>
<arg>GD</arg>
<arg>GE</arg>
<arg>GF</arg>
<arg>GG</arg>
<arg>GH</arg>
<arg>GI</arg>
<arg>GL</arg>
<arg>GM</arg>
<arg>GN</arg>
<arg>GP</arg>
<arg>GQ</arg>
<arg>GR</arg>
<arg>GS</arg>
<arg>GT</arg>
<arg>GU</arg>
<arg>GW</arg>
<arg>GY</arg>
<arg>HK</arg>
<arg>HM</arg>
<arg>HN</arg>
<arg>HR</arg>
<arg>HT</arg>
<arg>HU</arg>
<arg>ID</arg>
<arg>IE</arg>
<arg>IL</arg>
<arg>IM</arg>
<arg>IN</arg>
<arg>IO</arg>
<arg>IQ</arg>
<arg>IR</arg>
<arg>IS</arg>
<arg>IT</arg>
<arg>JE</arg>
<arg>JM</arg>
<arg>JO</arg>
<arg>JP</arg>
<arg>KE</arg>
<arg>KG</arg>
<arg>KH</arg>
<arg>KI</arg>
<arg>KM</arg>
<arg>KN</arg>
<arg>KP</arg>
<arg>KR</arg>
<arg>KW</arg>
<arg>KY</arg>
<arg>KZ</arg>
<arg>LA</arg>
<arg>LB</arg>
<arg>LC</arg>
<arg>LI</arg>
<arg>LK</arg>
<arg>LR</arg>
<arg>LS</arg>
<arg>LT</arg>
<arg>LU</arg>
<arg>LV</arg>
<arg>LY</arg>
<arg>MA</arg>
<arg>MC</arg>
<arg>MD</arg>
<arg>ME</arg>
<arg>MF</arg>
<arg>MG</arg>
<arg>MH</arg>
<arg>MK</arg>
<arg>ML</arg>
<arg>MM</arg>
<arg>MN</arg>
<arg>MO</arg>
<arg>MP</arg>
<arg>MQ</arg>
<arg>MR</arg>
<arg>MS</arg>
<arg>MT</arg>
<arg>MU</arg>
<arg>MV</arg>
<arg>MW</arg>
<arg>MX</arg>
<arg>MY</arg>
<arg>MZ</arg>
<arg>NA</arg>
<arg>NC</arg>
<arg>NE</arg>
<arg>NF</arg>
<arg>NG</arg>
<arg>NI</arg>
<arg>NL</arg>
<arg>NO</arg>
<arg>NP</arg>
<arg>NR</arg>
<arg>NU</arg>
<arg>NZ</arg>
<arg>OM</arg>
<arg>PA</arg>
<arg>PE</arg>
<arg>PF</arg>
<arg>PG</arg>
<arg>PH</arg>
<arg>PK</arg>
<arg>PL</arg>
<arg>PM</arg>
<arg>PN</arg>
<arg>PR</arg>
<arg>PS</arg>
<arg>PT</arg>
<arg>PW</arg>
<arg>PY</arg>
<arg>QA</arg>
<arg>RE</arg>
<arg>RO</arg>
<arg>RS</arg>
<arg>RU</arg>
<arg>RW</arg>
<arg>SA</arg>
<arg>SB</arg>
<arg>SC</arg>
<arg>SD</arg>
<arg>SE</arg>
<arg>SG</arg>
<arg>SH</arg>
<arg>SI</arg>
<arg>SJ</arg>
<arg>SK</arg>
<arg>SL</arg>
<arg>SM</arg>
<arg>SN</arg>
<arg>SO</arg>
<arg>SR</arg>
<arg>SS</arg>
<arg>ST</arg>
<arg>SV</arg>
<arg>SX</arg>
<arg>SY</arg>
<arg>SZ</arg>
<arg>TC</arg>
<arg>TD</arg>
<arg>TF</arg>
<arg>TG</arg>
<arg>TH</arg>
<arg>TJ</arg>
<arg>TK</arg>
<arg>TL</arg>
<arg>TM</arg>
<arg>TN</arg>
<arg>TO</arg>
<arg>TR</arg>
<arg>TT</arg>
<arg>TV</arg>
<arg>TW</arg>
<arg>TZ</arg>
<arg>UA</arg>
<arg>UG</arg>
<arg>UM</arg>
<arg>US</arg>
<arg>UY</arg>
<arg>UZ</arg>
<arg>VA</arg>
<arg>VC</arg>
<arg>VE</arg>
<arg>VG</arg>
<arg>VI</arg>
<arg>VN</arg>
<arg>VU</arg>
<arg>WF</arg>
<arg>WS</arg>
<arg>XK</arg>
<arg>YE</arg>
<arg>YT</arg>
<arg>ZA</arg>
<arg>ZM</arg>
<arg>ZW</arg>
<doc>Returns a list containing given items.</doc>
<status status="PASS" start="2024-08-06T16:19:04.681031" elapsed="0.000676"/>
</kw>
<kw name="List Should Contain Value" owner="Collections">
<arg>${list_country}</arg>
<arg>${name_country}</arg>
<doc>Fails if the ``value`` is not found from ``list``.</doc>
<status status="PASS" start="2024-08-06T16:19:04.682700" elapsed="0.000211"/>
</kw>
<kw name="Run Keyword If" owner="BuiltIn">
<kw name="Should Be True" owner="BuiltIn">
<arg>${True}</arg>
<doc>Fails if the given condition is not true.</doc>
<status status="PASS" start="2024-08-06T16:19:04.683857" elapsed="0.000143"/>
</kw>
<arg>${json_data["results"][0]["location"]["coordinates"]["latitude"]} &gt;= -90 and ${json_data["results"][0]["location"]["coordinates"]["latitude"]} &lt;= 90</arg>
<arg>Should Be True</arg>
<arg>${True}</arg>
<doc>Runs the given keyword with the given arguments, if ``condition`` is true.</doc>
<status status="PASS" start="2024-08-06T16:19:04.683116" elapsed="0.001009"/>
</kw>
<kw name="Run Keyword If" owner="BuiltIn">
<kw name="Should Be True" owner="BuiltIn">
<arg>${True}</arg>
<doc>Fails if the given condition is not true.</doc>
<status status="PASS" start="2024-08-06T16:19:04.685000" elapsed="0.000139"/>
</kw>
<arg>${json_data["results"][0]["location"]["coordinates"]["longitude"]} &gt;= -180 and ${json_data["results"][0]["location"]["coordinates"]["longitude"]} &lt;= 180</arg>
<arg>Should Be True</arg>
<arg>${True}</arg>
<doc>Runs the given keyword with the given arguments, if ``condition`` is true.</doc>
<status status="PASS" start="2024-08-06T16:19:04.684308" elapsed="0.000955"/>
</kw>
<status status="PASS" start="2024-08-06T16:19:04.579139" elapsed="0.106257"/>
</kw>
<doc>Testa o conteúdo específico dos campos retornados pela API.</doc>
<tag>testeConteudo</tag>
<status status="PASS" start="2024-08-06T16:19:04.578686" elapsed="0.106897"/>
</test>
<status status="PASS" start="2024-08-06T16:19:03.834847" elapsed="0.852658"/>
</suite>
<status status="PASS" start="2024-08-06T16:19:03.820194" elapsed="0.872330"/>
</suite>
<statistics>
<total>
<stat pass="5" fail="0" skip="0">All Tests</stat>
</total>
<tag>
<stat pass="1" fail="0" skip="0">testeConteudo</stat>
<stat pass="1" fail="0" skip="0">testeEstruturaResposta</stat>
<stat pass="1" fail="0" skip="0">testeRequisicaoBasica</stat>
<stat pass="1" fail="0" skip="0">testeTiposDados</stat>
</tag>
<suite>
<stat pass="5" fail="0" skip="0" id="s1" name="Tests">Tests</stat>
<stat pass="5" fail="0" skip="0" id="s1-s1" name="Random-User-Test">Tests.Random-User-Test</stat>
</suite>
</statistics>
<errors>
</errors>
</robot>
