<?xml version="1.0" encoding="UTF-8"?>
<robot generator="Robot 7.0.1 (Python 3.12.4 on linux)" generated="2024-08-01T11:14:46.531089" rpa="false" schemaversion="5">
<suite id="s1" name="Tests" source="/home/runner/work/ApiRandomUser/ApiRandomUser/RamdonUser/tests">
<suite id="s1-s1" name="Random-User-Test" source="/home/runner/work/ApiRandomUser/ApiRandomUser/RamdonUser/tests/random-user-test.robot">
<test id="s1-s1-t1" name="Conectar" line="13">
<kw name="Conectar API" owner="random-user-service">
<kw name="Create Session" owner="RequestsLibrary">
<msg time="2024-08-01T11:14:46.953083" level="INFO">Creating Session using : alias=consultarAPI, url=https://randomuser.me/, headers={},                     cookies={}, auth=None, timeout=None, proxies=None, verify=False,                     debug=0 </msg>
<arg>consultarAPI</arg>
<arg>${URL}</arg>
<doc>Create Session: create a HTTP session to a server</doc>
<status status="PASS" start="2024-08-01T11:14:46.952889" elapsed="0.000365"/>
</kw>
<status status="PASS" start="2024-08-01T11:14:46.951871" elapsed="0.001731"/>
</kw>
<status status="PASS" start="2024-08-01T11:14:46.951289" elapsed="0.002548"/>
</test>
<test id="s1-s1-t2" name="Validar retorno 200 e JSON Válido" line="16">
<kw name="Teste de Requisicao Basica" owner="random-user-service">
<kw name="GET On Session" owner="RequestsLibrary">
<msg time="2024-08-01T11:14:47.097152" level="INFO">GET Request : url=https://randomuser.me/api 
 path_url=/api 
 headers={'User-Agent': 'python-requests/2.32.3', 'Accept-Encoding': 'gzip, deflate', 'Accept': '*/*', 'Connection': 'keep-alive'} 
 body=None 
 </msg>
<msg time="2024-08-01T11:14:47.097291" level="INFO">GET Response : url=https://randomuser.me/api 
 status=200, reason=OK 
 headers={'Date': 'Thu, 01 Aug 2024 11:14:47 GMT', 'Content-Type': 'application/json; charset=utf-8', 'Transfer-Encoding': 'chunked', 'Connection': 'keep-alive', 'X-Powered-By': 'Express', 'Access-Control-Allow-Origin': '*', 'Cache-Control': 'no-cache', 'ETag': 'W/"46e-q/Fa/se0Sy1OCQ7nE+myo0/2hDI"', 'Vary': 'Accept-Encoding', 'Content-Encoding': 'gzip', 'CF-Cache-Status': 'DYNAMIC', 'Report-To': '{"endpoints":[{"url":"https:\\/\\/a.nel.cloudflare.com\\/report\\/v4?s=geVALSmv2ECWL%2B9VjhcqWmkaKPZ7jPPI0dC9pMY9Ct0YTkUfJvbi1d%2Fplj7Q3hQNJEFQ132GywKLv2dO7mTfaizkiTGxeuNLA2TJSlYYn8%2FRzQwYEew08%2Bf9tHLGKaLq"}],"group":"cf-nel","max_age":604800}', 'NEL': '{"success_fraction":0,"report_to":"cf-nel","max_age":604800}', 'Server': 'cloudflare', 'CF-RAY': '8ac56813b978faa6-SJC', 'alt-svc': 'h3=":443"; ma=86400'} 
 body={"results":[{"gender":"male","name":{"title":"Mr","first":"Mille","last":"Thomsen"},"location":{"street":{"number":7008,"name":"Skovvej"},"city":"København S","state":"Syddanmark","country":"Denmark","postcode":65015,"coordinates":{"latitude":"-40.3689","longitude":"-76.0269"},"timezone":{"offset":"-10:00","description":"Hawaii"}},"email":"mille.thomsen@example.com","login":{"uuid":"af1bb6d9-51e0-4c05-b184-b995d8975d3a","username":"orangeelephant756","password":"amature","salt":"ug6cVbt7","md5":"d49b4b32b51ca528aec90926e7e8d608","sha1":"2a109d2370e2fdad63cc246c7c66cba89e3ab30e","sha256":"dd7edf50e0a875a81ebcc78caf6ded3f585c0c84f289a2891e2cd66d8116accb"},"dob":{"date":"1976-08-11T22:53:31.835Z","age":47},"registered":{"date":"2014-02-19T23:50:27.347Z","age":10},"phone":"85543816","cell":"45559576","id":{"name":"CPR","value":"110876-4526"},"picture":{"large":"https://randomuser.me/api/portraits/men/32.jpg","medium":"https://randomuser.me/api/portraits/med/men/32.jpg","thumbnail":"https://randomuser.me/api/portraits/thumb/men/32.jpg"},"nat":"DK"}],"info":{"seed":"9909ff2b6123be9e","results":1,"page":1,"version":"1.4"}} 
 </msg>
<msg time="2024-08-01T11:14:47.097384" level="INFO">/opt/hostedtoolcache/Python/3.12.4/x64/lib/python3.12/site-packages/urllib3/connectionpool.py:1099: InsecureRequestWarning: Unverified HTTPS request is being made to host 'randomuser.me'. Adding certificate verification is strongly advised. See: https://urllib3.readthedocs.io/en/latest/advanced-usage.html#tls-warnings
  warnings.warn(</msg>
<msg time="2024-08-01T11:14:47.097543" level="INFO">${response} = &lt;Response [200]&gt;</msg>
<var>${response}</var>
<arg>consultarAPI</arg>
<arg>/api</arg>
<doc>Sends a GET request on a previously created HTTP Session.</doc>
<status status="PASS" start="2024-08-01T11:14:46.956479" elapsed="0.141121"/>
</kw>
<kw name="Should Be Equal As Numbers" owner="BuiltIn">
<msg time="2024-08-01T11:14:47.098662" level="INFO">Argument types are:
&lt;class 'int'&gt;
&lt;class 'str'&gt;</msg>
<arg>${response.status_code}</arg>
<arg>200</arg>
<doc>Fails if objects are unequal after converting them to real numbers.</doc>
<status status="PASS" start="2024-08-01T11:14:47.098150" elapsed="0.000580"/>
</kw>
<kw name="Log" owner="BuiltIn">
<msg time="2024-08-01T11:14:47.099447" level="INFO">200</msg>
<arg>${response.status_code}</arg>
<doc>Logs the given message with the given level.</doc>
<status status="PASS" start="2024-08-01T11:14:47.099088" elapsed="0.000401"/>
</kw>
<kw name="Set Variable" owner="BuiltIn">
<msg time="2024-08-01T11:14:47.100235" level="INFO">${json_data} = {'results': [{'gender': 'male', 'name': {'title': 'Mr', 'first': 'Mille', 'last': 'Thomsen'}, 'location': {'street': {'number': 7008, 'name': 'Skovvej'}, 'city': 'København S', 'state': 'Syddanmark', ...</msg>
<var>${json_data}</var>
<arg>${response.json()}</arg>
<doc>Returns the given values which can then be assigned to a variables.</doc>
<status status="PASS" start="2024-08-01T11:14:47.099796" elapsed="0.000468"/>
</kw>
<kw name="Dictionary Should Contain Key" owner="Collections">
<arg>${json_data}</arg>
<arg>results</arg>
<doc>Fails if ``key`` is not found from ``dictionary``.</doc>
<status status="PASS" start="2024-08-01T11:14:47.100569" elapsed="0.000299"/>
</kw>
<status status="PASS" start="2024-08-01T11:14:46.956232" elapsed="0.144786"/>
</kw>
<doc>Testa se a API responde corretamente e retorna um objeto JSON válido.</doc>
<tag>testeRequisicaoBasica</tag>
<status status="PASS" start="2024-08-01T11:14:46.955712" elapsed="0.145469"/>
</test>
<test id="s1-s1-t3" name="Validar estrutura de resposta" line="22">
<kw name="Teste de Estrutura de Resposta" owner="random-user-service">
<kw name="GET On Session" owner="RequestsLibrary">
<msg time="2024-08-01T11:14:47.193126" level="INFO">GET Request : url=https://randomuser.me/api 
 path_url=/api 
 headers={'User-Agent': 'python-requests/2.32.3', 'Accept-Encoding': 'gzip, deflate', 'Accept': '*/*', 'Connection': 'keep-alive'} 
 body=None 
 </msg>
<msg time="2024-08-01T11:14:47.193213" level="INFO">GET Response : url=https://randomuser.me/api 
 status=200, reason=OK 
 headers={'Date': 'Thu, 01 Aug 2024 11:14:47 GMT', 'Content-Type': 'application/json; charset=utf-8', 'Transfer-Encoding': 'chunked', 'Connection': 'keep-alive', 'X-Powered-By': 'Express', 'Access-Control-Allow-Origin': '*', 'Cache-Control': 'no-cache', 'ETag': 'W/"47a-ABtkkdWAK90zlyC7+TmN6d1uBt0"', 'Vary': 'Accept-Encoding', 'Content-Encoding': 'gzip', 'CF-Cache-Status': 'DYNAMIC', 'Report-To': '{"endpoints":[{"url":"https:\\/\\/a.nel.cloudflare.com\\/report\\/v4?s=IQr49hXVUJZ76Z%2BKAMy3czmDJo3k9lOxKcQ7AmSWv8Uxddf%2F%2FHcARbAS5Esmo4bSJLVda22GMTlEQRuXu5z%2BZw01apOUw9UGSvH8xBmAxNRNL1i1I3sLdZLW0aIleW1C"}],"group":"cf-nel","max_age":604800}', 'NEL': '{"success_fraction":0,"report_to":"cf-nel","max_age":604800}', 'Server': 'cloudflare', 'CF-RAY': '8ac5681469eefaa6-SJC', 'alt-svc': 'h3=":443"; ma=86400'} 
 body={"results":[{"gender":"female","name":{"title":"Ms","first":"Saloni","last":"Bangera"},"location":{"street":{"number":3367,"name":"Dadabhai Naoroji Rd"},"city":"Gopalpur","state":"Rajasthan","country":"India","postcode":70716,"coordinates":{"latitude":"5.2026","longitude":"43.9049"},"timezone":{"offset":"-10:00","description":"Hawaii"}},"email":"saloni.bangera@example.com","login":{"uuid":"a1d1545c-a62d-492c-8fe9-319b178b4a9c","username":"organicduck189","password":"uuuu","salt":"zkZLkWI8","md5":"7c618c2baed02a671d84f5620d260bf4","sha1":"e5c32e2ad79822fb692409e92f274376a5c8494d","sha256":"95dc1a6a9113305c303f1f5debf49321c758058d704317f80b122dea178bc9b4"},"dob":{"date":"1976-11-07T08:20:41.752Z","age":47},"registered":{"date":"2016-10-05T07:54:07.929Z","age":7},"phone":"8572657886","cell":"7454312262","id":{"name":"UIDAI","value":"073871622859"},"picture":{"large":"https://randomuser.me/api/portraits/women/11.jpg","medium":"https://randomuser.me/api/portraits/med/women/11.jpg","thumbnail":"https://randomuser.me/api/portraits/thumb/women/11.jpg"},"nat":"IN"}],"info":{"seed":"d32d2a778097ab7c","results":1,"page":1,"version":"1.4"}} 
 </msg>
<msg time="2024-08-01T11:14:47.193336" level="INFO">/opt/hostedtoolcache/Python/3.12.4/x64/lib/python3.12/site-packages/urllib3/connectionpool.py:1099: InsecureRequestWarning: Unverified HTTPS request is being made to host 'randomuser.me'. Adding certificate verification is strongly advised. See: https://urllib3.readthedocs.io/en/latest/advanced-usage.html#tls-warnings
  warnings.warn(</msg>
<msg time="2024-08-01T11:14:47.193466" level="INFO">${response} = &lt;Response [200]&gt;</msg>
<var>${response}</var>
<arg>consultarAPI</arg>
<arg>/api</arg>
<doc>Sends a GET request on a previously created HTTP Session.</doc>
<status status="PASS" start="2024-08-01T11:14:47.103833" elapsed="0.089691"/>
</kw>
<kw name="Set Variable" owner="BuiltIn">
<msg time="2024-08-01T11:14:47.194655" level="INFO">${json_data} = {'results': [{'gender': 'female', 'name': {'title': 'Ms', 'first': 'Saloni', 'last': 'Bangera'}, 'location': {'street': {'number': 3367, 'name': 'Dadabhai Naoroji Rd'}, 'city': 'Gopalpur', 'state': 'R...</msg>
<var>${json_data}</var>
<arg>${response.json()}</arg>
<doc>Returns the given values which can then be assigned to a variables.</doc>
<status status="PASS" start="2024-08-01T11:14:47.194094" elapsed="0.000590"/>
</kw>
<kw name="Log" owner="BuiltIn">
<msg time="2024-08-01T11:14:47.195148" level="INFO">{'results': [{'gender': 'female', 'name': {'title': 'Ms', 'first': 'Saloni', 'last': 'Bangera'}, 'location': {'street': {'number': 3367, 'name': 'Dadabhai Naoroji Rd'}, 'city': 'Gopalpur', 'state': 'Rajasthan', 'country': 'India', 'postcode': 70716, 'coordinates': {'latitude': '5.2026', 'longitude': '43.9049'}, 'timezone': {'offset': '-10:00', 'description': 'Hawaii'}}, 'email': 'saloni.bangera@example.com', 'login': {'uuid': 'a1d1545c-a62d-492c-8fe9-319b178b4a9c', 'username': 'organicduck189', 'password': 'uuuu', 'salt': 'zkZLkWI8', 'md5': '7c618c2baed02a671d84f5620d260bf4', 'sha1': 'e5c32e2ad79822fb692409e92f274376a5c8494d', 'sha256': '95dc1a6a9113305c303f1f5debf49321c758058d704317f80b122dea178bc9b4'}, 'dob': {'date': '1976-11-07T08:20:41.752Z', 'age': 47}, 'registered': {'date': '2016-10-05T07:54:07.929Z', 'age': 7}, 'phone': '8572657886', 'cell': '7454312262', 'id': {'name': 'UIDAI', 'value': '073871622859'}, 'picture': {'large': 'https://randomuser.me/api/portraits/women/11.jpg', 'medium': 'https://randomuser.me/api/portraits/med/women/11.jpg', 'thumbnail': 'https://randomuser.me/api/portraits/thumb/women/11.jpg'}, 'nat': 'IN'}], 'info': {'seed': 'd32d2a778097ab7c', 'results': 1, 'page': 1, 'version': '1.4'}}</msg>
<arg>${json_data}</arg>
<doc>Logs the given message with the given level.</doc>
<status status="PASS" start="2024-08-01T11:14:47.194989" elapsed="0.000207"/>
</kw>
<kw name="Dictionary Should Contain Key" owner="Collections">
<arg>${json_data}</arg>
<arg>results</arg>
<doc>Fails if ``key`` is not found from ``dictionary``.</doc>
<status status="PASS" start="2024-08-01T11:14:47.195489" elapsed="0.000160"/>
</kw>
<kw name="Should Not Be Empty" owner="BuiltIn">
<msg time="2024-08-01T11:14:47.195971" level="INFO">Length is 2.</msg>
<arg>${json_data}</arg>
<doc>Verifies that the given item is not empty.</doc>
<status status="PASS" start="2024-08-01T11:14:47.195839" elapsed="0.000170"/>
</kw>
<kw name="Create List" owner="BuiltIn">
<msg time="2024-08-01T11:14:47.196456" level="INFO">${expected_keys} = ['gender', 'name', 'location', 'email', 'login']</msg>
<var>${expected_keys}</var>
<arg>gender</arg>
<arg>name</arg>
<arg>location</arg>
<arg>email</arg>
<arg>login</arg>
<doc>Returns a list containing given items.</doc>
<status status="PASS" start="2024-08-01T11:14:47.196302" elapsed="0.000177"/>
</kw>
<for flavor="IN">
<iter>
<kw name="Dictionary Should Contain Key" owner="Collections">
<arg>${json_data['results'][0]}</arg>
<arg>${key}</arg>
<doc>Fails if ``key`` is not found from ``dictionary``.</doc>
<status status="PASS" start="2024-08-01T11:14:47.197045" elapsed="0.000401"/>
</kw>
<kw name="Log" owner="BuiltIn">
<msg time="2024-08-01T11:14:47.198048" level="INFO">{'gender': 'female', 'name': {'title': 'Ms', 'first': 'Saloni', 'last': 'Bangera'}, 'location': {'street': {'number': 3367, 'name': 'Dadabhai Naoroji Rd'}, 'city': 'Gopalpur', 'state': 'Rajasthan', 'country': 'India', 'postcode': 70716, 'coordinates': {'latitude': '5.2026', 'longitude': '43.9049'}, 'timezone': {'offset': '-10:00', 'description': 'Hawaii'}}, 'email': 'saloni.bangera@example.com', 'login': {'uuid': 'a1d1545c-a62d-492c-8fe9-319b178b4a9c', 'username': 'organicduck189', 'password': 'uuuu', 'salt': 'zkZLkWI8', 'md5': '7c618c2baed02a671d84f5620d260bf4', 'sha1': 'e5c32e2ad79822fb692409e92f274376a5c8494d', 'sha256': '95dc1a6a9113305c303f1f5debf49321c758058d704317f80b122dea178bc9b4'}, 'dob': {'date': '1976-11-07T08:20:41.752Z', 'age': 47}, 'registered': {'date': '2016-10-05T07:54:07.929Z', 'age': 7}, 'phone': '8572657886', 'cell': '7454312262', 'id': {'name': 'UIDAI', 'value': '073871622859'}, 'picture': {'large': 'https://randomuser.me/api/portraits/women/11.jpg', 'medium': 'https://randomuser.me/api/portraits/med/women/11.jpg', 'thumbnail': 'https://randomuser.me/api/portraits/thumb/women/11.jpg'}, 'nat': 'IN'}</msg>
<arg>${json_data['results'][0]}</arg>
<doc>Logs the given message with the given level.</doc>
<status status="PASS" start="2024-08-01T11:14:47.197666" elapsed="0.000433"/>
</kw>
<kw name="Log" owner="BuiltIn">
<msg time="2024-08-01T11:14:47.198530" level="INFO">gender</msg>
<arg>${key}</arg>
<doc>Logs the given message with the given level.</doc>
<status status="PASS" start="2024-08-01T11:14:47.198400" elapsed="0.000168"/>
</kw>
<var name="${key}">gender</var>
<status status="PASS" start="2024-08-01T11:14:47.196920" elapsed="0.001865"/>
</iter>
<iter>
<kw name="Dictionary Should Contain Key" owner="Collections">
<arg>${json_data['results'][0]}</arg>
<arg>${key}</arg>
<doc>Fails if ``key`` is not found from ``dictionary``.</doc>
<status status="PASS" start="2024-08-01T11:14:47.199081" elapsed="0.000391"/>
</kw>
<kw name="Log" owner="BuiltIn">
<msg time="2024-08-01T11:14:47.200013" level="INFO">{'gender': 'female', 'name': {'title': 'Ms', 'first': 'Saloni', 'last': 'Bangera'}, 'location': {'street': {'number': 3367, 'name': 'Dadabhai Naoroji Rd'}, 'city': 'Gopalpur', 'state': 'Rajasthan', 'country': 'India', 'postcode': 70716, 'coordinates': {'latitude': '5.2026', 'longitude': '43.9049'}, 'timezone': {'offset': '-10:00', 'description': 'Hawaii'}}, 'email': 'saloni.bangera@example.com', 'login': {'uuid': 'a1d1545c-a62d-492c-8fe9-319b178b4a9c', 'username': 'organicduck189', 'password': 'uuuu', 'salt': 'zkZLkWI8', 'md5': '7c618c2baed02a671d84f5620d260bf4', 'sha1': 'e5c32e2ad79822fb692409e92f274376a5c8494d', 'sha256': '95dc1a6a9113305c303f1f5debf49321c758058d704317f80b122dea178bc9b4'}, 'dob': {'date': '1976-11-07T08:20:41.752Z', 'age': 47}, 'registered': {'date': '2016-10-05T07:54:07.929Z', 'age': 7}, 'phone': '8572657886', 'cell': '7454312262', 'id': {'name': 'UIDAI', 'value': '073871622859'}, 'picture': {'large': 'https://randomuser.me/api/portraits/women/11.jpg', 'medium': 'https://randomuser.me/api/portraits/med/women/11.jpg', 'thumbnail': 'https://randomuser.me/api/portraits/thumb/women/11.jpg'}, 'nat': 'IN'}</msg>
<arg>${json_data['results'][0]}</arg>
<doc>Logs the given message with the given level.</doc>
<status status="PASS" start="2024-08-01T11:14:47.199659" elapsed="0.000437"/>
</kw>
<kw name="Log" owner="BuiltIn">
<msg time="2024-08-01T11:14:47.200519" level="INFO">name</msg>
<arg>${key}</arg>
<doc>Logs the given message with the given level.</doc>
<status status="PASS" start="2024-08-01T11:14:47.200392" elapsed="0.000165"/>
</kw>
<var name="${key}">name</var>
<status status="PASS" start="2024-08-01T11:14:47.198969" elapsed="0.001802"/>
</iter>
<iter>
<kw name="Dictionary Should Contain Key" owner="Collections">
<arg>${json_data['results'][0]}</arg>
<arg>${key}</arg>
<doc>Fails if ``key`` is not found from ``dictionary``.</doc>
<status status="PASS" start="2024-08-01T11:14:47.201054" elapsed="0.000385"/>
</kw>
<kw name="Log" owner="BuiltIn">
<msg time="2024-08-01T11:14:47.201998" level="INFO">{'gender': 'female', 'name': {'title': 'Ms', 'first': 'Saloni', 'last': 'Bangera'}, 'location': {'street': {'number': 3367, 'name': 'Dadabhai Naoroji Rd'}, 'city': 'Gopalpur', 'state': 'Rajasthan', 'country': 'India', 'postcode': 70716, 'coordinates': {'latitude': '5.2026', 'longitude': '43.9049'}, 'timezone': {'offset': '-10:00', 'description': 'Hawaii'}}, 'email': 'saloni.bangera@example.com', 'login': {'uuid': 'a1d1545c-a62d-492c-8fe9-319b178b4a9c', 'username': 'organicduck189', 'password': 'uuuu', 'salt': 'zkZLkWI8', 'md5': '7c618c2baed02a671d84f5620d260bf4', 'sha1': 'e5c32e2ad79822fb692409e92f274376a5c8494d', 'sha256': '95dc1a6a9113305c303f1f5debf49321c758058d704317f80b122dea178bc9b4'}, 'dob': {'date': '1976-11-07T08:20:41.752Z', 'age': 47}, 'registered': {'date': '2016-10-05T07:54:07.929Z', 'age': 7}, 'phone': '8572657886', 'cell': '7454312262', 'id': {'name': 'UIDAI', 'value': '073871622859'}, 'picture': {'large': 'https://randomuser.me/api/portraits/women/11.jpg', 'medium': 'https://randomuser.me/api/portraits/med/women/11.jpg', 'thumbnail': 'https://randomuser.me/api/portraits/thumb/women/11.jpg'}, 'nat': 'IN'}</msg>
<arg>${json_data['results'][0]}</arg>
<doc>Logs the given message with the given level.</doc>
<status status="PASS" start="2024-08-01T11:14:47.201625" elapsed="0.000421"/>
</kw>
<kw name="Log" owner="BuiltIn">
<msg time="2024-08-01T11:14:47.202470" level="INFO">location</msg>
<arg>${key}</arg>
<doc>Logs the given message with the given level.</doc>
<status status="PASS" start="2024-08-01T11:14:47.202340" elapsed="0.000168"/>
</kw>
<var name="${key}">location</var>
<status status="PASS" start="2024-08-01T11:14:47.200948" elapsed="0.001783"/>
</iter>
<iter>
<kw name="Dictionary Should Contain Key" owner="Collections">
<arg>${json_data['results'][0]}</arg>
<arg>${key}</arg>
<doc>Fails if ``key`` is not found from ``dictionary``.</doc>
<status status="PASS" start="2024-08-01T11:14:47.203008" elapsed="0.000388"/>
</kw>
<kw name="Log" owner="BuiltIn">
<msg time="2024-08-01T11:14:47.204047" level="INFO">{'gender': 'female', 'name': {'title': 'Ms', 'first': 'Saloni', 'last': 'Bangera'}, 'location': {'street': {'number': 3367, 'name': 'Dadabhai Naoroji Rd'}, 'city': 'Gopalpur', 'state': 'Rajasthan', 'country': 'India', 'postcode': 70716, 'coordinates': {'latitude': '5.2026', 'longitude': '43.9049'}, 'timezone': {'offset': '-10:00', 'description': 'Hawaii'}}, 'email': 'saloni.bangera@example.com', 'login': {'uuid': 'a1d1545c-a62d-492c-8fe9-319b178b4a9c', 'username': 'organicduck189', 'password': 'uuuu', 'salt': 'zkZLkWI8', 'md5': '7c618c2baed02a671d84f5620d260bf4', 'sha1': 'e5c32e2ad79822fb692409e92f274376a5c8494d', 'sha256': '95dc1a6a9113305c303f1f5debf49321c758058d704317f80b122dea178bc9b4'}, 'dob': {'date': '1976-11-07T08:20:41.752Z', 'age': 47}, 'registered': {'date': '2016-10-05T07:54:07.929Z', 'age': 7}, 'phone': '8572657886', 'cell': '7454312262', 'id': {'name': 'UIDAI', 'value': '073871622859'}, 'picture': {'large': 'https://randomuser.me/api/portraits/women/11.jpg', 'medium': 'https://randomuser.me/api/portraits/med/women/11.jpg', 'thumbnail': 'https://randomuser.me/api/portraits/thumb/women/11.jpg'}, 'nat': 'IN'}</msg>
<arg>${json_data['results'][0]}</arg>
<doc>Logs the given message with the given level.</doc>
<status status="PASS" start="2024-08-01T11:14:47.203692" elapsed="0.000412"/>
</kw>
<kw name="Log" owner="BuiltIn">
<msg time="2024-08-01T11:14:47.204527" level="INFO">email</msg>
<arg>${key}</arg>
<doc>Logs the given message with the given level.</doc>
<status status="PASS" start="2024-08-01T11:14:47.204399" elapsed="0.000167"/>
</kw>
<var name="${key}">email</var>
<status status="PASS" start="2024-08-01T11:14:47.202903" elapsed="0.001879"/>
</iter>
<iter>
<kw name="Dictionary Should Contain Key" owner="Collections">
<arg>${json_data['results'][0]}</arg>
<arg>${key}</arg>
<doc>Fails if ``key`` is not found from ``dictionary``.</doc>
<status status="PASS" start="2024-08-01T11:14:47.205062" elapsed="0.000376"/>
</kw>
<kw name="Log" owner="BuiltIn">
<msg time="2024-08-01T11:14:47.206005" level="INFO">{'gender': 'female', 'name': {'title': 'Ms', 'first': 'Saloni', 'last': 'Bangera'}, 'location': {'street': {'number': 3367, 'name': 'Dadabhai Naoroji Rd'}, 'city': 'Gopalpur', 'state': 'Rajasthan', 'country': 'India', 'postcode': 70716, 'coordinates': {'latitude': '5.2026', 'longitude': '43.9049'}, 'timezone': {'offset': '-10:00', 'description': 'Hawaii'}}, 'email': 'saloni.bangera@example.com', 'login': {'uuid': 'a1d1545c-a62d-492c-8fe9-319b178b4a9c', 'username': 'organicduck189', 'password': 'uuuu', 'salt': 'zkZLkWI8', 'md5': '7c618c2baed02a671d84f5620d260bf4', 'sha1': 'e5c32e2ad79822fb692409e92f274376a5c8494d', 'sha256': '95dc1a6a9113305c303f1f5debf49321c758058d704317f80b122dea178bc9b4'}, 'dob': {'date': '1976-11-07T08:20:41.752Z', 'age': 47}, 'registered': {'date': '2016-10-05T07:54:07.929Z', 'age': 7}, 'phone': '8572657886', 'cell': '7454312262', 'id': {'name': 'UIDAI', 'value': '073871622859'}, 'picture': {'large': 'https://randomuser.me/api/portraits/women/11.jpg', 'medium': 'https://randomuser.me/api/portraits/med/women/11.jpg', 'thumbnail': 'https://randomuser.me/api/portraits/thumb/women/11.jpg'}, 'nat': 'IN'}</msg>
<arg>${json_data['results'][0]}</arg>
<doc>Logs the given message with the given level.</doc>
<status status="PASS" start="2024-08-01T11:14:47.205619" elapsed="0.000433"/>
</kw>
<kw name="Log" owner="BuiltIn">
<msg time="2024-08-01T11:14:47.206471" level="INFO">login</msg>
<arg>${key}</arg>
<doc>Logs the given message with the given level.</doc>
<status status="PASS" start="2024-08-01T11:14:47.206343" elapsed="0.000165"/>
</kw>
<var name="${key}">login</var>
<status status="PASS" start="2024-08-01T11:14:47.204956" elapsed="0.001766"/>
</iter>
<var>${key}</var>
<value>@{expected_keys}</value>
<status status="PASS" start="2024-08-01T11:14:47.196740" elapsed="0.010102"/>
</for>
<kw name="Create List" owner="BuiltIn">
<msg time="2024-08-01T11:14:47.207167" level="INFO">${expected_keysTwo} = ['username', 'password']</msg>
<var>${expected_keysTwo}</var>
<arg>username</arg>
<arg>password</arg>
<doc>Returns a list containing given items.</doc>
<status status="PASS" start="2024-08-01T11:14:47.207029" elapsed="0.000162"/>
</kw>
<for flavor="IN">
<iter>
<kw name="Dictionary Should Contain Key" owner="Collections">
<arg>${json_data['results'][0]['login']}</arg>
<arg>${keyTwo}</arg>
<doc>Fails if ``key`` is not found from ``dictionary``.</doc>
<status status="PASS" start="2024-08-01T11:14:47.207708" elapsed="0.000384"/>
</kw>
<kw name="Dictionary Should Contain Key" owner="Collections">
<arg>${json_data['results'][0]['login']}</arg>
<arg>${keyTwo}</arg>
<doc>Fails if ``key`` is not found from ``dictionary``.</doc>
<status status="PASS" start="2024-08-01T11:14:47.208272" elapsed="0.000368"/>
</kw>
<kw name="Log" owner="BuiltIn">
<msg time="2024-08-01T11:14:47.208936" level="INFO">username</msg>
<arg>${keyTwo}</arg>
<doc>Logs the given message with the given level.</doc>
<status status="PASS" start="2024-08-01T11:14:47.208816" elapsed="0.000158"/>
</kw>
<var name="${keyTwo}">username</var>
<status status="PASS" start="2024-08-01T11:14:47.207602" elapsed="0.001592"/>
</iter>
<iter>
<kw name="Dictionary Should Contain Key" owner="Collections">
<arg>${json_data['results'][0]['login']}</arg>
<arg>${keyTwo}</arg>
<doc>Fails if ``key`` is not found from ``dictionary``.</doc>
<status status="PASS" start="2024-08-01T11:14:47.209473" elapsed="0.000408"/>
</kw>
<kw name="Dictionary Should Contain Key" owner="Collections">
<arg>${json_data['results'][0]['login']}</arg>
<arg>${keyTwo}</arg>
<doc>Fails if ``key`` is not found from ``dictionary``.</doc>
<status status="PASS" start="2024-08-01T11:14:47.210059" elapsed="0.000369"/>
</kw>
<kw name="Log" owner="BuiltIn">
<msg time="2024-08-01T11:14:47.210733" level="INFO">password</msg>
<arg>${keyTwo}</arg>
<doc>Logs the given message with the given level.</doc>
<status status="PASS" start="2024-08-01T11:14:47.210606" elapsed="0.000164"/>
</kw>
<var name="${keyTwo}">password</var>
<status status="PASS" start="2024-08-01T11:14:47.209364" elapsed="0.001629"/>
</iter>
<var>${keyTwo}</var>
<value>@{expected_keysTwo}</value>
<status status="PASS" start="2024-08-01T11:14:47.207451" elapsed="0.003663"/>
</for>
<status status="PASS" start="2024-08-01T11:14:47.103599" elapsed="0.107653"/>
</kw>
<doc>Testa a estrutura da resposta da API.</doc>
<tag>testeEstruturaResposta</tag>
<status status="PASS" start="2024-08-01T11:14:47.103037" elapsed="0.108362"/>
</test>
<test id="s1-s1-t4" name="Validar tipos de dados" line="28">
<kw name="Teste de Tipos de Dados" owner="random-user-service">
<kw name="GET On Session" owner="RequestsLibrary">
<msg time="2024-08-01T11:14:47.318457" level="INFO">GET Request : url=https://randomuser.me/api 
 path_url=/api 
 headers={'User-Agent': 'python-requests/2.32.3', 'Accept-Encoding': 'gzip, deflate', 'Accept': '*/*', 'Connection': 'keep-alive'} 
 body=None 
 </msg>
<msg time="2024-08-01T11:14:47.318545" level="INFO">GET Response : url=https://randomuser.me/api 
 status=200, reason=OK 
 headers={'Date': 'Thu, 01 Aug 2024 11:14:47 GMT', 'Content-Type': 'application/json; charset=utf-8', 'Transfer-Encoding': 'chunked', 'Connection': 'keep-alive', 'X-Powered-By': 'Express', 'Access-Control-Allow-Origin': '*', 'Cache-Control': 'no-cache', 'ETag': 'W/"4aa-f17MJ9c5Gta0ytlNYsCC8vQ8uBA"', 'Vary': 'Accept-Encoding', 'Content-Encoding': 'gzip', 'CF-Cache-Status': 'DYNAMIC', 'Report-To': '{"endpoints":[{"url":"https:\\/\\/a.nel.cloudflare.com\\/report\\/v4?s=Di9ab4ioZmFrqh%2FMyqbSO3jz3aixaNrcad3bo9IliWdhowKj5U9W1SxONvQoxffEeZIB46jJ4I9lw%2BjexLTazoT6ey0nUjIQxM%2F2EYpg5lZQI3XtdTW0VQgCmLDuIk98"}],"group":"cf-nel","max_age":604800}', 'NEL': '{"success_fraction":0,"report_to":"cf-nel","max_age":604800}', 'Server': 'cloudflare', 'CF-RAY': '8ac568151a77faa6-SJC', 'alt-svc': 'h3=":443"; ma=86400'} 
 body={"results":[{"gender":"female","name":{"title":"Ms","first":"Veera","last":"Kallio"},"location":{"street":{"number":9570,"name":"Pispalan Valtatie"},"city":"Joroinen","state":"Central Ostrobothnia","country":"Finland","postcode":66389,"coordinates":{"latitude":"-29.5242","longitude":"124.8390"},"timezone":{"offset":"+5:30","description":"Bombay, Calcutta, Madras, New Delhi"}},"email":"veera.kallio@example.com","login":{"uuid":"e3bbf931-aad4-49a3-b545-eea734c926ab","username":"greentiger937","password":"courage","salt":"P1tLOnRu","md5":"1b52c374382439ae7ef4e5dac269dc7b","sha1":"dab1d56003b26a3849da52fa5e87d594c1fd03cc","sha256":"f101db97d2807f97d241c7feb1bbc3db8654397e91cfb32755cf1fb3149cf475"},"dob":{"date":"1981-08-18T01:06:22.665Z","age":42},"registered":{"date":"2012-03-09T09:56:57.119Z","age":12},"phone":"04-761-467","cell":"048-606-28-09","id":{"name":"HETU","value":"NaNNA168undefined"},"picture":{"large":"https://randomuser.me/api/portraits/women/21.jpg","medium":"https://randomuser.me/api/portraits/med/women/21.jpg","thumbnail":"https://randomuser.me/api/portraits/thumb/women/21.jpg"},"nat":"FI"}],"info":{"seed":"8e5bdee18f0961de","results":1,"page":1,"version":"1.4"}} 
 </msg>
<msg time="2024-08-01T11:14:47.318619" level="INFO">/opt/hostedtoolcache/Python/3.12.4/x64/lib/python3.12/site-packages/urllib3/connectionpool.py:1099: InsecureRequestWarning: Unverified HTTPS request is being made to host 'randomuser.me'. Adding certificate verification is strongly advised. See: https://urllib3.readthedocs.io/en/latest/advanced-usage.html#tls-warnings
  warnings.warn(</msg>
<msg time="2024-08-01T11:14:47.318739" level="INFO">${response} = &lt;Response [200]&gt;</msg>
<var>${response}</var>
<arg>consultarAPI</arg>
<arg>/api</arg>
<doc>Sends a GET request on a previously created HTTP Session.</doc>
<status status="PASS" start="2024-08-01T11:14:47.213927" elapsed="0.104875"/>
</kw>
<kw name="Set Variable" owner="BuiltIn">
<msg time="2024-08-01T11:14:47.319921" level="INFO">${json_data} = {'results': [{'gender': 'female', 'name': {'title': 'Ms', 'first': 'Veera', 'last': 'Kallio'}, 'location': {'street': {'number': 9570, 'name': 'Pispalan Valtatie'}, 'city': 'Joroinen', 'state': 'Centr...</msg>
<var>${json_data}</var>
<arg>${response.json()}</arg>
<doc>Returns the given values which can then be assigned to a variables.</doc>
<status status="PASS" start="2024-08-01T11:14:47.319337" elapsed="0.000613"/>
</kw>
<kw name="Log" owner="BuiltIn">
<msg time="2024-08-01T11:14:47.320417" level="INFO">{'results': [{'gender': 'female', 'name': {'title': 'Ms', 'first': 'Veera', 'last': 'Kallio'}, 'location': {'street': {'number': 9570, 'name': 'Pispalan Valtatie'}, 'city': 'Joroinen', 'state': 'Central Ostrobothnia', 'country': 'Finland', 'postcode': 66389, 'coordinates': {'latitude': '-29.5242', 'longitude': '124.8390'}, 'timezone': {'offset': '+5:30', 'description': 'Bombay, Calcutta, Madras, New Delhi'}}, 'email': 'veera.kallio@example.com', 'login': {'uuid': 'e3bbf931-aad4-49a3-b545-eea734c926ab', 'username': 'greentiger937', 'password': 'courage', 'salt': 'P1tLOnRu', 'md5': '1b52c374382439ae7ef4e5dac269dc7b', 'sha1': 'dab1d56003b26a3849da52fa5e87d594c1fd03cc', 'sha256': 'f101db97d2807f97d241c7feb1bbc3db8654397e91cfb32755cf1fb3149cf475'}, 'dob': {'date': '1981-08-18T01:06:22.665Z', 'age': 42}, 'registered': {'date': '2012-03-09T09:56:57.119Z', 'age': 12}, 'phone': '04-761-467', 'cell': '048-606-28-09', 'id': {'name': 'HETU', 'value': 'NaNNA168undefined'}, 'picture': {'large': 'https://randomuser.me/api/portraits/women/21.jpg', 'medium': 'https://randomuser.me/api/portraits/med/women/21.jpg', 'thumbnail': 'https://randomuser.me/api/portraits/thumb/women/21.jpg'}, 'nat': 'FI'}], 'info': {'seed': '8e5bdee18f0961de', 'results': 1, 'page': 1, 'version': '1.4'}}</msg>
<arg>${json_data}</arg>
<doc>Logs the given message with the given level.</doc>
<status status="PASS" start="2024-08-01T11:14:47.320261" elapsed="0.000204"/>
</kw>
<kw name="Should Be String" owner="String">
<arg>${json_data['results'][0]['gender']}</arg>
<doc>Fails if the given ``item`` is not a string.</doc>
<status status="PASS" start="2024-08-01T11:14:47.320757" elapsed="0.000371"/>
</kw>
<kw name="Should Match Regexp" owner="BuiltIn">
<arg>${json_data['results'][0]['email']}</arg>
<arg>^[a-zA-Z0-9._%+-]+@[a-zA-Z0-9.-]+\.[a-zA-Z]{2,}$</arg>
<doc>Fails if ``string`` does not match ``pattern`` as a regular expression.</doc>
<status status="PASS" start="2024-08-01T11:14:47.321317" elapsed="0.000555"/>
</kw>
<kw name="Should Match Regexp" owner="BuiltIn">
<arg>${json_data['results'][0]['dob']['date']}</arg>
<arg>\\d{4}-\\d{2}-\\d{2}T\\d{2}:\\d{2}:\\d{2}\\.\\d{3}Z</arg>
<doc>Fails if ``string`` does not match ``pattern`` as a regular expression.</doc>
<status status="PASS" start="2024-08-01T11:14:47.322109" elapsed="0.000605"/>
</kw>
<kw name="Should Match Regexp" owner="BuiltIn">
<arg>${json_data['results'][0]['registered']['date']}</arg>
<arg>\\d{4}-\\d{2}-\\d{2}T\\d{2}:\\d{2}:\\d{2}\\.\\d{3}Z</arg>
<doc>Fails if ``string`` does not match ``pattern`` as a regular expression.</doc>
<status status="PASS" start="2024-08-01T11:14:47.322911" elapsed="0.000377"/>
</kw>
<kw name="Should Match Regexp" owner="BuiltIn">
<arg>${json_data['results'][0]['picture']['large']}</arg>
<arg>^https?://.*\.(?:png|jpe?g|gif|bmp)$</arg>
<doc>Fails if ``string`` does not match ``pattern`` as a regular expression.</doc>
<status status="PASS" start="2024-08-01T11:14:47.323478" elapsed="0.000465"/>
</kw>
<kw name="Should Match Regexp" owner="BuiltIn">
<arg>${json_data['results'][0]['picture']['medium']}</arg>
<arg>^https?://.*\.(?:png|jpe?g|gif|bmp)$</arg>
<doc>Fails if ``string`` does not match ``pattern`` as a regular expression.</doc>
<status status="PASS" start="2024-08-01T11:14:47.324134" elapsed="0.000357"/>
</kw>
<kw name="Should Match Regexp" owner="BuiltIn">
<arg>${json_data['results'][0]['picture']['thumbnail']}</arg>
<arg>^https?://.*\.(?:png|jpe?g|gif|bmp)$</arg>
<doc>Fails if ``string`` does not match ``pattern`` as a regular expression.</doc>
<status status="PASS" start="2024-08-01T11:14:47.324678" elapsed="0.000354"/>
</kw>
<kw name="Log" owner="BuiltIn">
<msg time="2024-08-01T11:14:47.325540" level="INFO">{'large': 'https://randomuser.me/api/portraits/women/21.jpg', 'medium': 'https://randomuser.me/api/portraits/med/women/21.jpg', 'thumbnail': 'https://randomuser.me/api/portraits/thumb/women/21.jpg'}</msg>
<arg>${json_data['results'][0]['picture']}</arg>
<doc>Logs the given message with the given level.</doc>
<status status="PASS" start="2024-08-01T11:14:47.325215" elapsed="0.000368"/>
</kw>
<status status="PASS" start="2024-08-01T11:14:47.213696" elapsed="0.112173"/>
</kw>
<kw name="Teste de Tipos de Dados - Postcode" owner="random-user-service">
<kw name="GET On Session" owner="RequestsLibrary">
<msg time="2024-08-01T11:14:47.421362" level="INFO">GET Request : url=https://randomuser.me/api 
 path_url=/api 
 headers={'User-Agent': 'python-requests/2.32.3', 'Accept-Encoding': 'gzip, deflate', 'Accept': '*/*', 'Connection': 'keep-alive'} 
 body=None 
 </msg>
<msg time="2024-08-01T11:14:47.421422" level="INFO">GET Response : url=https://randomuser.me/api 
 status=200, reason=OK 
 headers={'Date': 'Thu, 01 Aug 2024 11:14:47 GMT', 'Content-Type': 'application/json; charset=utf-8', 'Transfer-Encoding': 'chunked', 'Connection': 'keep-alive', 'X-Powered-By': 'Express', 'Access-Control-Allow-Origin': '*', 'Cache-Control': 'no-cache', 'ETag': 'W/"468-CjaUbXECTnPNfMxw3qSwiPFSCIA"', 'Vary': 'Accept-Encoding', 'Content-Encoding': 'gzip', 'CF-Cache-Status': 'DYNAMIC', 'Report-To': '{"endpoints":[{"url":"https:\\/\\/a.nel.cloudflare.com\\/report\\/v4?s=8i%2Fs0kAIT43roYrTrXpKU826o9mzMOk%2Fvt8HNbFYWk1dK8K5XIT%2FwryuzcvuKZeJbBmVwlgDhg84Sh53UyU36SeH63klOOjVx98%2B8ZqtsT3yOpEIIKSwMkerwporircF"}],"group":"cf-nel","max_age":604800}', 'NEL': '{"success_fraction":0,"report_to":"cf-nel","max_age":604800}', 'Server': 'cloudflare', 'CF-RAY': '8ac56815cb02faa6-SJC', 'alt-svc': 'h3=":443"; ma=86400'} 
 body={"results":[{"gender":"male","name":{"title":"Mr","first":"Mille","last":"Madsen"},"location":{"street":{"number":6501,"name":"Jernbanevej"},"city":"Branderup J","state":"Danmark","country":"Denmark","postcode":81275,"coordinates":{"latitude":"-43.5608","longitude":"-67.6400"},"timezone":{"offset":"-9:00","description":"Alaska"}},"email":"mille.madsen@example.com","login":{"uuid":"a71a621c-df2d-40f1-883a-9d284285ce11","username":"blueostrich651","password":"lansing","salt":"Z0k3a7fG","md5":"8a5d1bb8479961644f572e681dd247f4","sha1":"f46acb1fc7d856b3b626f19b083a4bea215f529c","sha256":"edbf5a2cbe0a7509981c8a92442b6f848182a06dc768a5907b455f35bef400da"},"dob":{"date":"1992-05-04T09:26:53.891Z","age":32},"registered":{"date":"2005-02-01T13:33:40.353Z","age":19},"phone":"21537910","cell":"49861118","id":{"name":"CPR","value":"040592-6371"},"picture":{"large":"https://randomuser.me/api/portraits/men/52.jpg","medium":"https://randomuser.me/api/portraits/med/men/52.jpg","thumbnail":"https://randomuser.me/api/portraits/thumb/men/52.jpg"},"nat":"DK"}],"info":{"seed":"85d5d5a8121b5681","results":1,"page":1,"version":"1.4"}} 
 </msg>
<msg time="2024-08-01T11:14:47.421475" level="INFO">/opt/hostedtoolcache/Python/3.12.4/x64/lib/python3.12/site-packages/urllib3/connectionpool.py:1099: InsecureRequestWarning: Unverified HTTPS request is being made to host 'randomuser.me'. Adding certificate verification is strongly advised. See: https://urllib3.readthedocs.io/en/latest/advanced-usage.html#tls-warnings
  warnings.warn(</msg>
<msg time="2024-08-01T11:14:47.421557" level="INFO">${response} = &lt;Response [200]&gt;</msg>
<var>${response}</var>
<arg>consultarAPI</arg>
<arg>/api</arg>
<doc>Sends a GET request on a previously created HTTP Session.</doc>
<status status="PASS" start="2024-08-01T11:14:47.326301" elapsed="0.095293"/>
</kw>
<kw name="Set Variable" owner="BuiltIn">
<msg time="2024-08-01T11:14:47.422631" level="INFO">${json_data} = {'results': [{'gender': 'male', 'name': {'title': 'Mr', 'first': 'Mille', 'last': 'Madsen'}, 'location': {'street': {'number': 6501, 'name': 'Jernbanevej'}, 'city': 'Branderup J', 'state': 'Danmark', ...</msg>
<var>${json_data}</var>
<arg>${response.json()}</arg>
<doc>Returns the given values which can then be assigned to a variables.</doc>
<status status="PASS" start="2024-08-01T11:14:47.422070" elapsed="0.000588"/>
</kw>
<kw name="Log" owner="BuiltIn">
<msg time="2024-08-01T11:14:47.423117" level="INFO">{'results': [{'gender': 'male', 'name': {'title': 'Mr', 'first': 'Mille', 'last': 'Madsen'}, 'location': {'street': {'number': 6501, 'name': 'Jernbanevej'}, 'city': 'Branderup J', 'state': 'Danmark', 'country': 'Denmark', 'postcode': 81275, 'coordinates': {'latitude': '-43.5608', 'longitude': '-67.6400'}, 'timezone': {'offset': '-9:00', 'description': 'Alaska'}}, 'email': 'mille.madsen@example.com', 'login': {'uuid': 'a71a621c-df2d-40f1-883a-9d284285ce11', 'username': 'blueostrich651', 'password': 'lansing', 'salt': 'Z0k3a7fG', 'md5': '8a5d1bb8479961644f572e681dd247f4', 'sha1': 'f46acb1fc7d856b3b626f19b083a4bea215f529c', 'sha256': 'edbf5a2cbe0a7509981c8a92442b6f848182a06dc768a5907b455f35bef400da'}, 'dob': {'date': '1992-05-04T09:26:53.891Z', 'age': 32}, 'registered': {'date': '2005-02-01T13:33:40.353Z', 'age': 19}, 'phone': '21537910', 'cell': '49861118', 'id': {'name': 'CPR', 'value': '040592-6371'}, 'picture': {'large': 'https://randomuser.me/api/portraits/men/52.jpg', 'medium': 'https://randomuser.me/api/portraits/med/men/52.jpg', 'thumbnail': 'https://randomuser.me/api/portraits/thumb/men/52.jpg'}, 'nat': 'DK'}], 'info': {'seed': '85d5d5a8121b5681', 'results': 1, 'page': 1, 'version': '1.4'}}</msg>
<arg>${json_data}</arg>
<doc>Logs the given message with the given level.</doc>
<status status="PASS" start="2024-08-01T11:14:47.422965" elapsed="0.000198"/>
</kw>
<kw name="Should Be Equal As Numbers" owner="BuiltIn">
<arg>${json_data['results'][0]['location']['postcode']}</arg>
<arg>${json_data['results'][0]['location']['postcode']}</arg>
<doc>Fails if objects are unequal after converting them to real numbers.</doc>
<status status="PASS" start="2024-08-01T11:14:47.423453" elapsed="0.000635"/>
</kw>
<kw name="Log" owner="BuiltIn">
<msg time="2024-08-01T11:14:47.424622" level="INFO">81275</msg>
<arg>${json_data['results'][0]['location']['postcode']}</arg>
<doc>Logs the given message with the given level.</doc>
<status status="PASS" start="2024-08-01T11:14:47.424284" elapsed="0.000379"/>
</kw>
<status status="PASS" start="2024-08-01T11:14:47.326078" elapsed="0.098839"/>
</kw>
<doc>Testa se os tipos de dados na resposta da API estão corretos.</doc>
<tag>testeTiposDados</tag>
<status status="PASS" start="2024-08-01T11:14:47.213128" elapsed="0.211979"/>
</test>
<test id="s1-s1-t5" name="Validar conteudo" line="35">
<kw name="Teste de Tipos de Conteudo" owner="random-user-service">
<kw name="GET On Session" owner="RequestsLibrary">
<msg time="2024-08-01T11:14:47.520583" level="INFO">GET Request : url=https://randomuser.me/api 
 path_url=/api 
 headers={'User-Agent': 'python-requests/2.32.3', 'Accept-Encoding': 'gzip, deflate', 'Accept': '*/*', 'Connection': 'keep-alive'} 
 body=None 
 </msg>
<msg time="2024-08-01T11:14:47.520646" level="INFO">GET Response : url=https://randomuser.me/api 
 status=200, reason=OK 
 headers={'Date': 'Thu, 01 Aug 2024 11:14:47 GMT', 'Content-Type': 'application/json; charset=utf-8', 'Transfer-Encoding': 'chunked', 'Connection': 'keep-alive', 'X-Powered-By': 'Express', 'Access-Control-Allow-Origin': '*', 'Cache-Control': 'no-cache', 'ETag': 'W/"498-MUm/7mAN05MW41F0sDTQlBZITk4"', 'Vary': 'Accept-Encoding', 'Content-Encoding': 'gzip', 'CF-Cache-Status': 'DYNAMIC', 'Report-To': '{"endpoints":[{"url":"https:\\/\\/a.nel.cloudflare.com\\/report\\/v4?s=uAqM8qknOeRCFw3OBn5p%2FkKzmScSmFALyiSHFxxGAR0CEtu%2FmLpcEZFqaQ%2B3g7TnUoA77RMfSCa28fhUCttaTGC1aVPGVEREq6SJCC499WEC0QgSr%2FO6CdvJTsPas6ab"}],"group":"cf-nel","max_age":604800}', 'NEL': '{"success_fraction":0,"report_to":"cf-nel","max_age":604800}', 'Server': 'cloudflare', 'CF-RAY': '8ac568167b66faa6-SJC', 'alt-svc': 'h3=":443"; ma=86400'} 
 body={"results":[{"gender":"male","name":{"title":"Mr","first":"Eric","last":"Calderón"},"location":{"street":{"number":7595,"name":"Privada Ucrania"},"city":"Janos","state":"Michoacan","country":"Mexico","postcode":41538,"coordinates":{"latitude":"25.9846","longitude":"-84.3689"},"timezone":{"offset":"+5:00","description":"Ekaterinburg, Islamabad, Karachi, Tashkent"}},"email":"eric.calderon@example.com","login":{"uuid":"42acd675-99dd-425f-aa8d-a5c4598c2cd3","username":"lazysnake674","password":"pass1","salt":"ML2Zjx8z","md5":"3408c25a8782c265fe1f9f69df9d4097","sha1":"f28410e6cc651b41aadc0259e24e92a4e5613c80","sha256":"3c8d2699eb77d19176a18bdb0423b504d254d7712832b96328a6c15d16ec0424"},"dob":{"date":"1965-02-21T12:26:04.370Z","age":59},"registered":{"date":"2017-06-08T07:59:38.629Z","age":7},"phone":"(635) 581 7825","cell":"(618) 463 4032","id":{"name":"NSS","value":"67 00 50 3573 9"},"picture":{"large":"https://randomuser.me/api/portraits/men/29.jpg","medium":"https://randomuser.me/api/portraits/med/men/29.jpg","thumbnail":"https://randomuser.me/api/portraits/thumb/men/29.jpg"},"nat":"MX"}],"info":{"seed":"69a813f4d771c70f","results":1,"page":1,"version":"1.4"}} 
 </msg>
<msg time="2024-08-01T11:14:47.520704" level="INFO">/opt/hostedtoolcache/Python/3.12.4/x64/lib/python3.12/site-packages/urllib3/connectionpool.py:1099: InsecureRequestWarning: Unverified HTTPS request is being made to host 'randomuser.me'. Adding certificate verification is strongly advised. See: https://urllib3.readthedocs.io/en/latest/advanced-usage.html#tls-warnings
  warnings.warn(</msg>
<msg time="2024-08-01T11:14:47.520789" level="INFO">${response} = &lt;Response [200]&gt;</msg>
<var>${response}</var>
<arg>consultarAPI</arg>
<arg>/api</arg>
<doc>Sends a GET request on a previously created HTTP Session.</doc>
<status status="PASS" start="2024-08-01T11:14:47.428080" elapsed="0.092738"/>
</kw>
<kw name="Set Variable" owner="BuiltIn">
<msg time="2024-08-01T11:14:47.521685" level="INFO">${json_data} = {'results': [{'gender': 'male', 'name': {'title': 'Mr', 'first': 'Eric', 'last': 'Calderón'}, 'location': {'street': {'number': 7595, 'name': 'Privada Ucrania'}, 'city': 'Janos', 'state': 'Michoacan',...</msg>
<var>${json_data}</var>
<arg>${response.json()}</arg>
<doc>Returns the given values which can then be assigned to a variables.</doc>
<status status="PASS" start="2024-08-01T11:14:47.521202" elapsed="0.000517"/>
</kw>
<kw name="Set Variable" owner="BuiltIn">
<msg time="2024-08-01T11:14:47.522417" level="INFO">${name_title} = Mr</msg>
<var>${name_title}</var>
<arg>${json_data["results"][0]["name"]["title"]}</arg>
<doc>Returns the given values which can then be assigned to a variables.</doc>
<status status="PASS" start="2024-08-01T11:14:47.522037" elapsed="0.000406"/>
</kw>
<kw name="Create List" owner="BuiltIn">
<msg time="2024-08-01T11:14:47.522886" level="INFO">${allowed_titles} = ['Mr', 'Ms', 'Miss', 'Mrs', 'Madame', 'Monsieur']</msg>
<var>${allowed_titles}</var>
<arg>Mr</arg>
<arg>Ms</arg>
<arg>Miss</arg>
<arg>Mrs</arg>
<arg>Madame</arg>
<arg>Monsieur</arg>
<doc>Returns a list containing given items.</doc>
<status status="PASS" start="2024-08-01T11:14:47.522740" elapsed="0.000171"/>
</kw>
<kw name="List Should Contain Value" owner="Collections">
<arg>${allowed_titles}</arg>
<arg>${name_title}</arg>
<doc>Fails if the ``value`` is not found from ``list``.</doc>
<status status="PASS" start="2024-08-01T11:14:47.523205" elapsed="0.000176"/>
</kw>
<kw name="Set Variable" owner="BuiltIn">
<msg time="2024-08-01T11:14:47.523941" level="INFO">${name_country} = MX</msg>
<var>${name_country}</var>
<arg>${json_data["results"][0]["nat"]}</arg>
<doc>Returns the given values which can then be assigned to a variables.</doc>
<status status="PASS" start="2024-08-01T11:14:47.523567" elapsed="0.000399"/>
</kw>
<kw name="Create List" owner="BuiltIn">
<msg time="2024-08-01T11:14:47.524832" level="INFO">${list_country} = ['AD', 'AE', 'AF', 'AG', 'AI', 'AL', 'AM', 'AO', 'AQ', 'AR', 'AS', 'AT', 'AU', 'AW', 'AX', 'AZ', 'BA', 'BB', 'BD', 'BE', 'BF', 'BG', 'BH', 'BI', 'BJ', 'BL', 'BM', 'BN', 'BO', 'BQ', 'BR', 'BS', 'BT', '...</msg>
<var>${list_country}</var>
<arg>AD</arg>
<arg>AE</arg>
<arg>AF</arg>
<arg>AG</arg>
<arg>AI</arg>
<arg>AL</arg>
<arg>AM</arg>
<arg>AO</arg>
<arg>AQ</arg>
<arg>AR</arg>
<arg>AS</arg>
<arg>AT</arg>
<arg>AU</arg>
<arg>AW</arg>
<arg>AX</arg>
<arg>AZ</arg>
<arg>BA</arg>
<arg>BB</arg>
<arg>BD</arg>
<arg>BE</arg>
<arg>BF</arg>
<arg>BG</arg>
<arg>BH</arg>
<arg>BI</arg>
<arg>BJ</arg>
<arg>BL</arg>
<arg>BM</arg>
<arg>BN</arg>
<arg>BO</arg>
<arg>BQ</arg>
<arg>BR</arg>
<arg>BS</arg>
<arg>BT</arg>
<arg>BV</arg>
<arg>BW</arg>
<arg>BY</arg>
<arg>BZ</arg>
<arg>CA</arg>
<arg>CC</arg>
<arg>CD</arg>
<arg>CF</arg>
<arg>CG</arg>
<arg>CH</arg>
<arg>CI</arg>
<arg>CK</arg>
<arg>CL</arg>
<arg>CM</arg>
<arg>CN</arg>
<arg>CO</arg>
<arg>CR</arg>
<arg>CU</arg>
<arg>CV</arg>
<arg>CW</arg>
<arg>CX</arg>
<arg>CY</arg>
<arg>CZ</arg>
<arg>DE</arg>
<arg>DJ</arg>
<arg>DK</arg>
<arg>DM</arg>
<arg>DO</arg>
<arg>DZ</arg>
<arg>EC</arg>
<arg>EE</arg>
<arg>EG</arg>
<arg>EH</arg>
<arg>ER</arg>
<arg>ES</arg>
<arg>ET</arg>
<arg>FI</arg>
<arg>FJ</arg>
<arg>FK</arg>
<arg>FM</arg>
<arg>FO</arg>
<arg>FR</arg>
<arg>GA</arg>
<arg>GB</arg>
<arg>GD</arg>
<arg>GE</arg>
<arg>GF</arg>
<arg>GG</arg>
<arg>GH</arg>
<arg>GI</arg>
<arg>GL</arg>
<arg>GM</arg>
<arg>GN</arg>
<arg>GP</arg>
<arg>GQ</arg>
<arg>GR</arg>
<arg>GS</arg>
<arg>GT</arg>
<arg>GU</arg>
<arg>GW</arg>
<arg>GY</arg>
<arg>HK</arg>
<arg>HM</arg>
<arg>HN</arg>
<arg>HR</arg>
<arg>HT</arg>
<arg>HU</arg>
<arg>ID</arg>
<arg>IE</arg>
<arg>IL</arg>
<arg>IM</arg>
<arg>IN</arg>
<arg>IO</arg>
<arg>IQ</arg>
<arg>IR</arg>
<arg>IS</arg>
<arg>IT</arg>
<arg>JE</arg>
<arg>JM</arg>
<arg>JO</arg>
<arg>JP</arg>
<arg>KE</arg>
<arg>KG</arg>
<arg>KH</arg>
<arg>KI</arg>
<arg>KM</arg>
<arg>KN</arg>
<arg>KP</arg>
<arg>KR</arg>
<arg>KW</arg>
<arg>KY</arg>
<arg>KZ</arg>
<arg>LA</arg>
<arg>LB</arg>
<arg>LC</arg>
<arg>LI</arg>
<arg>LK</arg>
<arg>LR</arg>
<arg>LS</arg>
<arg>LT</arg>
<arg>LU</arg>
<arg>LV</arg>
<arg>LY</arg>
<arg>MA</arg>
<arg>MC</arg>
<arg>MD</arg>
<arg>ME</arg>
<arg>MF</arg>
<arg>MG</arg>
<arg>MH</arg>
<arg>MK</arg>
<arg>ML</arg>
<arg>MM</arg>
<arg>MN</arg>
<arg>MO</arg>
<arg>MP</arg>
<arg>MQ</arg>
<arg>MR</arg>
<arg>MS</arg>
<arg>MT</arg>
<arg>MU</arg>
<arg>MV</arg>
<arg>MW</arg>
<arg>MX</arg>
<arg>MY</arg>
<arg>MZ</arg>
<arg>NA</arg>
<arg>NC</arg>
<arg>NE</arg>
<arg>NF</arg>
<arg>NG</arg>
<arg>NI</arg>
<arg>NL</arg>
<arg>NO</arg>
<arg>NP</arg>
<arg>NR</arg>
<arg>NU</arg>
<arg>NZ</arg>
<arg>OM</arg>
<arg>PA</arg>
<arg>PE</arg>
<arg>PF</arg>
<arg>PG</arg>
<arg>PH</arg>
<arg>PK</arg>
<arg>PL</arg>
<arg>PM</arg>
<arg>PN</arg>
<arg>PR</arg>
<arg>PS</arg>
<arg>PT</arg>
<arg>PW</arg>
<arg>PY</arg>
<arg>QA</arg>
<arg>RE</arg>
<arg>RO</arg>
<arg>RS</arg>
<arg>RU</arg>
<arg>RW</arg>
<arg>SA</arg>
<arg>SB</arg>
<arg>SC</arg>
<arg>SD</arg>
<arg>SE</arg>
<arg>SG</arg>
<arg>SH</arg>
<arg>SI</arg>
<arg>SJ</arg>
<arg>SK</arg>
<arg>SL</arg>
<arg>SM</arg>
<arg>SN</arg>
<arg>SO</arg>
<arg>SR</arg>
<arg>SS</arg>
<arg>ST</arg>
<arg>SV</arg>
<arg>SX</arg>
<arg>SY</arg>
<arg>SZ</arg>
<arg>TC</arg>
<arg>TD</arg>
<arg>TF</arg>
<arg>TG</arg>
<arg>TH</arg>
<arg>TJ</arg>
<arg>TK</arg>
<arg>TL</arg>
<arg>TM</arg>
<arg>TN</arg>
<arg>TO</arg>
<arg>TR</arg>
<arg>TT</arg>
<arg>TV</arg>
<arg>TW</arg>
<arg>TZ</arg>
<arg>UA</arg>
<arg>UG</arg>
<arg>UM</arg>
<arg>US</arg>
<arg>UY</arg>
<arg>UZ</arg>
<arg>VA</arg>
<arg>VC</arg>
<arg>VE</arg>
<arg>VG</arg>
<arg>VI</arg>
<arg>VN</arg>
<arg>VU</arg>
<arg>WF</arg>
<arg>WS</arg>
<arg>XK</arg>
<arg>YE</arg>
<arg>YT</arg>
<arg>ZA</arg>
<arg>ZM</arg>
<arg>ZW</arg>
<doc>Returns a list containing given items.</doc>
<status status="PASS" start="2024-08-01T11:14:47.524250" elapsed="0.000607"/>
</kw>
<kw name="List Should Contain Value" owner="Collections">
<arg>${list_country}</arg>
<arg>${name_country}</arg>
<doc>Fails if the ``value`` is not found from ``list``.</doc>
<status status="PASS" start="2024-08-01T11:14:47.525803" elapsed="0.000212"/>
</kw>
<kw name="Run Keyword If" owner="BuiltIn">
<kw name="Should Be True" owner="BuiltIn">
<arg>${True}</arg>
<doc>Fails if the given condition is not true.</doc>
<status status="PASS" start="2024-08-01T11:14:47.526944" elapsed="0.000143"/>
</kw>
<arg>${json_data["results"][0]["location"]["coordinates"]["latitude"]} &gt;= -90 and ${json_data["results"][0]["location"]["coordinates"]["latitude"]} &lt;= 90</arg>
<arg>Should Be True</arg>
<arg>${True}</arg>
<doc>Runs the given keyword with the given arguments, if ``condition`` is true.</doc>
<status status="PASS" start="2024-08-01T11:14:47.526211" elapsed="0.001003"/>
</kw>
<kw name="Run Keyword If" owner="BuiltIn">
<kw name="Should Be True" owner="BuiltIn">
<arg>${True}</arg>
<doc>Fails if the given condition is not true.</doc>
<status status="PASS" start="2024-08-01T11:14:47.528088" elapsed="0.000137"/>
</kw>
<arg>${json_data["results"][0]["location"]["coordinates"]["longitude"]} &gt;= -180 and ${json_data["results"][0]["location"]["coordinates"]["longitude"]} &lt;= 180</arg>
<arg>Should Be True</arg>
<arg>${True}</arg>
<doc>Runs the given keyword with the given arguments, if ``condition`` is true.</doc>
<status status="PASS" start="2024-08-01T11:14:47.527393" elapsed="0.000953"/>
</kw>
<status status="PASS" start="2024-08-01T11:14:47.427859" elapsed="0.100613"/>
</kw>
<doc>Testa o conteúdo específico dos campos retornados pela API.</doc>
<tag>testeConteudo</tag>
<status status="PASS" start="2024-08-01T11:14:47.427349" elapsed="0.101262"/>
</test>
<status status="PASS" start="2024-08-01T11:14:46.590422" elapsed="0.940102"/>
</suite>
<status status="PASS" start="2024-08-01T11:14:46.576159" elapsed="0.959277"/>
</suite>
<statistics>
<total>
<stat pass="5" fail="0" skip="0">All Tests</stat>
</total>
<tag>
<stat pass="1" fail="0" skip="0">testeConteudo</stat>
<stat pass="1" fail="0" skip="0">testeEstruturaResposta</stat>
<stat pass="1" fail="0" skip="0">testeRequisicaoBasica</stat>
<stat pass="1" fail="0" skip="0">testeTiposDados</stat>
</tag>
<suite>
<stat pass="5" fail="0" skip="0" id="s1" name="Tests">Tests</stat>
<stat pass="5" fail="0" skip="0" id="s1-s1" name="Random-User-Test">Tests.Random-User-Test</stat>
</suite>
</statistics>
<errors>
</errors>
</robot>
