<?xml version="1.0" encoding="UTF-8"?>
<robot generator="Robot 7.0.1 (Python 3.12.4 on linux)" generated="2024-08-05T16:18:46.824138" rpa="false" schemaversion="5">
<suite id="s1" name="Tests" source="/home/runner/work/ApiRandomUser/ApiRandomUser/RamdonUser/tests">
<suite id="s1-s1" name="Random-User-Test" source="/home/runner/work/ApiRandomUser/ApiRandomUser/RamdonUser/tests/random-user-test.robot">
<test id="s1-s1-t1" name="Conectar" line="13">
<kw name="Conectar API" owner="random-user-service">
<kw name="Create Session" owner="RequestsLibrary">
<msg time="2024-08-05T16:18:47.241357" level="INFO">Creating Session using : alias=consultarAPI, url=https://randomuser.me/, headers={},                     cookies={}, auth=None, timeout=None, proxies=None, verify=False,                     debug=0 </msg>
<arg>consultarAPI</arg>
<arg>${URL}</arg>
<doc>Create Session: create a HTTP session to a server</doc>
<status status="PASS" start="2024-08-05T16:18:47.241126" elapsed="0.000446"/>
</kw>
<status status="PASS" start="2024-08-05T16:18:47.239956" elapsed="0.002016"/>
</kw>
<status status="PASS" start="2024-08-05T16:18:47.239276" elapsed="0.002896"/>
</test>
<test id="s1-s1-t2" name="Validar retorno 200 e JSON Válido" line="16">
<kw name="Teste de Requisicao Basica" owner="random-user-service">
<kw name="GET On Session" owner="RequestsLibrary">
<msg time="2024-08-05T16:18:47.514156" level="INFO">GET Request : url=https://randomuser.me/api 
 path_url=/api 
 headers={'User-Agent': 'python-requests/2.32.3', 'Accept-Encoding': 'gzip, deflate', 'Accept': '*/*', 'Connection': 'keep-alive'} 
 body=None 
 </msg>
<msg time="2024-08-05T16:18:47.514320" level="INFO">GET Response : url=https://randomuser.me/api 
 status=200, reason=OK 
 headers={'Date': 'Mon, 05 Aug 2024 16:18:47 GMT', 'Content-Type': 'application/json; charset=utf-8', 'Transfer-Encoding': 'chunked', 'Connection': 'keep-alive', 'X-Powered-By': 'Express', 'Access-Control-Allow-Origin': '*', 'Cache-Control': 'no-cache', 'ETag': 'W/"4b1-eleTPfLecoUBv9sXhumbNMCcMBM"', 'Vary': 'Accept-Encoding', 'Content-Encoding': 'gzip', 'CF-Cache-Status': 'DYNAMIC', 'Report-To': '{"endpoints":[{"url":"https:\\/\\/a.nel.cloudflare.com\\/report\\/v4?s=MUerXfCZwJBSGuaq%2Bqq8%2FciISi2l8P4BDGAHXNuOIsEcUShLYcU2izQs8VuQ22uxtYfQ%2B6gDF8SC%2Bt5Ad8tUerXJkyZKlQoLvAnFKsIJpJ2udCR9CWPJ8hPAEAqMpEUk"}],"group":"cf-nel","max_age":604800}', 'NEL': '{"success_fraction":0,"report_to":"cf-nel","max_age":604800}', 'Server': 'cloudflare', 'CF-RAY': '8ae81ae58a1a5a51-IAD', 'alt-svc': 'h3=":443"; ma=86400'} 
 body={"results":[{"gender":"female","name":{"title":"Ms","first":"María José","last":"Esquivel"},"location":{"street":{"number":8760,"name":"Peatonal Querétaro"},"city":"La Pesca","state":"Hidalgo","country":"Mexico","postcode":70314,"coordinates":{"latitude":"29.2292","longitude":"18.1945"},"timezone":{"offset":"+3:00","description":"Baghdad, Riyadh, Moscow, St. Petersburg"}},"email":"mariajose.esquivel@example.com","login":{"uuid":"a5e9eb66-a804-4447-b0b2-31091779a544","username":"blackelephant209","password":"quattro","salt":"HasrsBSd","md5":"6d0825c77b0d06f817c17461950df0d6","sha1":"62feb7a38ee215f1c1f47196fb0182f5c8bf0197","sha256":"7867a2a7a396113ac9a7f9f4e97a3e52f9a1eece8e31b586bcda2d8614f18643"},"dob":{"date":"1946-03-24T21:18:20.576Z","age":78},"registered":{"date":"2013-12-10T22:18:24.180Z","age":10},"phone":"(644) 563 2237","cell":"(654) 427 0205","id":{"name":"NSS","value":"20 99 53 1662 3"},"picture":{"large":"https://randomuser.me/api/portraits/women/6.jpg","medium":"https://randomuser.me/api/portraits/med/women/6.jpg","thumbnail":"https://randomuser.me/api/portraits/thumb/women/6.jpg"},"nat":"MX"}],"info":{"seed":"04792991a89c6fde","results":1,"page":1,"version":"1.4"}} 
 </msg>
<msg time="2024-08-05T16:18:47.514402" level="INFO">/opt/hostedtoolcache/Python/3.12.4/x64/lib/python3.12/site-packages/urllib3/connectionpool.py:1099: InsecureRequestWarning: Unverified HTTPS request is being made to host 'randomuser.me'. Adding certificate verification is strongly advised. See: https://urllib3.readthedocs.io/en/latest/advanced-usage.html#tls-warnings
  warnings.warn(</msg>
<msg time="2024-08-05T16:18:47.514604" level="INFO">${response} = &lt;Response [200]&gt;</msg>
<var>${response}</var>
<arg>consultarAPI</arg>
<arg>/api</arg>
<doc>Sends a GET request on a previously created HTTP Session.</doc>
<status status="PASS" start="2024-08-05T16:18:47.245000" elapsed="0.269638"/>
</kw>
<kw name="Should Be Equal As Numbers" owner="BuiltIn">
<msg time="2024-08-05T16:18:47.515616" level="INFO">Argument types are:
&lt;class 'int'&gt;
&lt;class 'str'&gt;</msg>
<arg>${response.status_code}</arg>
<arg>200</arg>
<doc>Fails if objects are unequal after converting them to real numbers.</doc>
<status status="PASS" start="2024-08-05T16:18:47.515163" elapsed="0.000517"/>
</kw>
<kw name="Log" owner="BuiltIn">
<msg time="2024-08-05T16:18:47.516336" level="INFO">200</msg>
<arg>${response.status_code}</arg>
<doc>Logs the given message with the given level.</doc>
<status status="PASS" start="2024-08-05T16:18:47.515991" elapsed="0.000386"/>
</kw>
<kw name="Set Variable" owner="BuiltIn">
<msg time="2024-08-05T16:18:47.517119" level="INFO">${json_data} = {'results': [{'gender': 'female', 'name': {'title': 'Ms', 'first': 'María José', 'last': 'Esquivel'}, 'location': {'street': {'number': 8760, 'name': 'Peatonal Querétaro'}, 'city': 'La Pesca', 'state'...</msg>
<var>${json_data}</var>
<arg>${response.json()}</arg>
<doc>Returns the given values which can then be assigned to a variables.</doc>
<status status="PASS" start="2024-08-05T16:18:47.516677" elapsed="0.000471"/>
</kw>
<kw name="Dictionary Should Contain Key" owner="Collections">
<arg>${json_data}</arg>
<arg>results</arg>
<doc>Fails if ``key`` is not found from ``dictionary``.</doc>
<status status="PASS" start="2024-08-05T16:18:47.517446" elapsed="0.000321"/>
</kw>
<status status="PASS" start="2024-08-05T16:18:47.244728" elapsed="0.273196"/>
</kw>
<doc>Testa se a API responde corretamente e retorna um objeto JSON válido.</doc>
<tag>testeRequisicaoBasica</tag>
<status status="PASS" start="2024-08-05T16:18:47.244147" elapsed="0.273947"/>
</test>
<test id="s1-s1-t3" name="Validar estrutura de resposta" line="22">
<kw name="Teste de Estrutura de Resposta" owner="random-user-service">
<kw name="GET On Session" owner="RequestsLibrary">
<msg time="2024-08-05T16:18:47.795527" level="INFO">GET Request : url=https://randomuser.me/api 
 path_url=/api 
 headers={'User-Agent': 'python-requests/2.32.3', 'Accept-Encoding': 'gzip, deflate', 'Accept': '*/*', 'Connection': 'keep-alive'} 
 body=None 
 </msg>
<msg time="2024-08-05T16:18:47.795648" level="INFO">GET Response : url=https://randomuser.me/api 
 status=200, reason=OK 
 headers={'Date': 'Mon, 05 Aug 2024 16:18:47 GMT', 'Content-Type': 'application/json; charset=utf-8', 'Transfer-Encoding': 'chunked', 'Connection': 'keep-alive', 'X-Powered-By': 'Express', 'Access-Control-Allow-Origin': '*', 'Cache-Control': 'no-cache', 'ETag': 'W/"48e-ubNmrpi0ndp9V22rB1hgvYQwiII"', 'Vary': 'Accept-Encoding', 'Content-Encoding': 'gzip', 'CF-Cache-Status': 'DYNAMIC', 'Report-To': '{"endpoints":[{"url":"https:\\/\\/a.nel.cloudflare.com\\/report\\/v4?s=3MPnAX8AJvhmu4vGJau4y%2BKrzYojXtXJOsxqFBcACzjYJO9xwuph%2FtOuQh9dXXfgts0fF2OXXIbrIDlwUrhIW9kbFz%2FyYum2hbpWeXcAedamB7L6836cDOo2EGX6UII7"}],"group":"cf-nel","max_age":604800}', 'NEL': '{"success_fraction":0,"report_to":"cf-nel","max_age":604800}', 'Server': 'cloudflare', 'CF-RAY': '8ae81ae70b0f5a51-IAD', 'alt-svc': 'h3=":443"; ma=86400'} 
 body={"results":[{"gender":"female","name":{"title":"Miss","first":"Iva","last":"Vlahović"},"location":{"street":{"number":2762,"name":"Aleksandra Milovića"},"city":"Bela Crkva","state":"Šumadija","country":"Serbia","postcode":26762,"coordinates":{"latitude":"60.3482","longitude":"147.6915"},"timezone":{"offset":"-12:00","description":"Eniwetok, Kwajalein"}},"email":"iva.vlahovic@example.com","login":{"uuid":"4e00401e-275d-454f-8454-9b9e46c52f94","username":"crazymeercat723","password":"fiesta","salt":"Ct1xr7rr","md5":"7faf9d1913d28acc377f5aacf5b49eac","sha1":"f730e647b420c3829516bcb045ff9bffdf1ba703","sha256":"d4fdad992ee2ae038090a446c4c32f8bb606c3108aab35dc4eb040eaf1a411ae"},"dob":{"date":"1978-07-09T23:42:32.781Z","age":46},"registered":{"date":"2021-01-31T08:57:01.178Z","age":3},"phone":"027-3195-270","cell":"061-5058-778","id":{"name":"SID","value":"696777465"},"picture":{"large":"https://randomuser.me/api/portraits/women/29.jpg","medium":"https://randomuser.me/api/portraits/med/women/29.jpg","thumbnail":"https://randomuser.me/api/portraits/thumb/women/29.jpg"},"nat":"RS"}],"info":{"seed":"4504795e50dbb424","results":1,"page":1,"version":"1.4"}} 
 </msg>
<msg time="2024-08-05T16:18:47.795827" level="INFO">/opt/hostedtoolcache/Python/3.12.4/x64/lib/python3.12/site-packages/urllib3/connectionpool.py:1099: InsecureRequestWarning: Unverified HTTPS request is being made to host 'randomuser.me'. Adding certificate verification is strongly advised. See: https://urllib3.readthedocs.io/en/latest/advanced-usage.html#tls-warnings
  warnings.warn(</msg>
<msg time="2024-08-05T16:18:47.795988" level="INFO">${response} = &lt;Response [200]&gt;</msg>
<var>${response}</var>
<arg>consultarAPI</arg>
<arg>/api</arg>
<doc>Sends a GET request on a previously created HTTP Session.</doc>
<status status="PASS" start="2024-08-05T16:18:47.520780" elapsed="0.275252"/>
</kw>
<kw name="Set Variable" owner="BuiltIn">
<msg time="2024-08-05T16:18:47.797064" level="INFO">${json_data} = {'results': [{'gender': 'female', 'name': {'title': 'Miss', 'first': 'Iva', 'last': 'Vlahović'}, 'location': {'street': {'number': 2762, 'name': 'Aleksandra Milovića'}, 'city': 'Bela Crkva', 'state': ...</msg>
<var>${json_data}</var>
<arg>${response.json()}</arg>
<doc>Returns the given values which can then be assigned to a variables.</doc>
<status status="PASS" start="2024-08-05T16:18:47.796538" elapsed="0.000556"/>
</kw>
<kw name="Log" owner="BuiltIn">
<msg time="2024-08-05T16:18:47.797567" level="INFO">{'results': [{'gender': 'female', 'name': {'title': 'Miss', 'first': 'Iva', 'last': 'Vlahović'}, 'location': {'street': {'number': 2762, 'name': 'Aleksandra Milovića'}, 'city': 'Bela Crkva', 'state': 'Šumadija', 'country': 'Serbia', 'postcode': 26762, 'coordinates': {'latitude': '60.3482', 'longitude': '147.6915'}, 'timezone': {'offset': '-12:00', 'description': 'Eniwetok, Kwajalein'}}, 'email': 'iva.vlahovic@example.com', 'login': {'uuid': '4e00401e-275d-454f-8454-9b9e46c52f94', 'username': 'crazymeercat723', 'password': 'fiesta', 'salt': 'Ct1xr7rr', 'md5': '7faf9d1913d28acc377f5aacf5b49eac', 'sha1': 'f730e647b420c3829516bcb045ff9bffdf1ba703', 'sha256': 'd4fdad992ee2ae038090a446c4c32f8bb606c3108aab35dc4eb040eaf1a411ae'}, 'dob': {'date': '1978-07-09T23:42:32.781Z', 'age': 46}, 'registered': {'date': '2021-01-31T08:57:01.178Z', 'age': 3}, 'phone': '027-3195-270', 'cell': '061-5058-778', 'id': {'name': 'SID', 'value': '696777465'}, 'picture': {'large': 'https://randomuser.me/api/portraits/women/29.jpg', 'medium': 'https://randomuser.me/api/portraits/med/women/29.jpg', 'thumbnail': 'https://randomuser.me/api/portraits/thumb/women/29.jpg'}, 'nat': 'RS'}], 'info': {'seed': '4504795e50dbb424', 'results': 1, 'page': 1, 'version': '1.4'}}</msg>
<arg>${json_data}</arg>
<doc>Logs the given message with the given level.</doc>
<status status="PASS" start="2024-08-05T16:18:47.797398" elapsed="0.000219"/>
</kw>
<kw name="Dictionary Should Contain Key" owner="Collections">
<arg>${json_data}</arg>
<arg>results</arg>
<doc>Fails if ``key`` is not found from ``dictionary``.</doc>
<status status="PASS" start="2024-08-05T16:18:47.797909" elapsed="0.000162"/>
</kw>
<kw name="Should Not Be Empty" owner="BuiltIn">
<msg time="2024-08-05T16:18:47.798387" level="INFO">Length is 2.</msg>
<arg>${json_data}</arg>
<doc>Verifies that the given item is not empty.</doc>
<status status="PASS" start="2024-08-05T16:18:47.798261" elapsed="0.000204"/>
</kw>
<kw name="Create List" owner="BuiltIn">
<msg time="2024-08-05T16:18:47.798925" level="INFO">${expected_keys} = ['gender', 'name', 'location', 'email', 'login']</msg>
<var>${expected_keys}</var>
<arg>gender</arg>
<arg>name</arg>
<arg>location</arg>
<arg>email</arg>
<arg>login</arg>
<doc>Returns a list containing given items.</doc>
<status status="PASS" start="2024-08-05T16:18:47.798777" elapsed="0.000172"/>
</kw>
<for flavor="IN">
<iter>
<kw name="Dictionary Should Contain Key" owner="Collections">
<arg>${json_data['results'][0]}</arg>
<arg>${key}</arg>
<doc>Fails if ``key`` is not found from ``dictionary``.</doc>
<status status="PASS" start="2024-08-05T16:18:47.799532" elapsed="0.000415"/>
</kw>
<kw name="Log" owner="BuiltIn">
<msg time="2024-08-05T16:18:47.800496" level="INFO">{'gender': 'female', 'name': {'title': 'Miss', 'first': 'Iva', 'last': 'Vlahović'}, 'location': {'street': {'number': 2762, 'name': 'Aleksandra Milovića'}, 'city': 'Bela Crkva', 'state': 'Šumadija', 'country': 'Serbia', 'postcode': 26762, 'coordinates': {'latitude': '60.3482', 'longitude': '147.6915'}, 'timezone': {'offset': '-12:00', 'description': 'Eniwetok, Kwajalein'}}, 'email': 'iva.vlahovic@example.com', 'login': {'uuid': '4e00401e-275d-454f-8454-9b9e46c52f94', 'username': 'crazymeercat723', 'password': 'fiesta', 'salt': 'Ct1xr7rr', 'md5': '7faf9d1913d28acc377f5aacf5b49eac', 'sha1': 'f730e647b420c3829516bcb045ff9bffdf1ba703', 'sha256': 'd4fdad992ee2ae038090a446c4c32f8bb606c3108aab35dc4eb040eaf1a411ae'}, 'dob': {'date': '1978-07-09T23:42:32.781Z', 'age': 46}, 'registered': {'date': '2021-01-31T08:57:01.178Z', 'age': 3}, 'phone': '027-3195-270', 'cell': '061-5058-778', 'id': {'name': 'SID', 'value': '696777465'}, 'picture': {'large': 'https://randomuser.me/api/portraits/women/29.jpg', 'medium': 'https://randomuser.me/api/portraits/med/women/29.jpg', 'thumbnail': 'https://randomuser.me/api/portraits/thumb/women/29.jpg'}, 'nat': 'RS'}</msg>
<arg>${json_data['results'][0]}</arg>
<doc>Logs the given message with the given level.</doc>
<status status="PASS" start="2024-08-05T16:18:47.800136" elapsed="0.000411"/>
</kw>
<kw name="Log" owner="BuiltIn">
<msg time="2024-08-05T16:18:47.800974" level="INFO">gender</msg>
<arg>${key}</arg>
<doc>Logs the given message with the given level.</doc>
<status status="PASS" start="2024-08-05T16:18:47.800845" elapsed="0.000167"/>
</kw>
<var name="${key}">gender</var>
<status status="PASS" start="2024-08-05T16:18:47.799399" elapsed="0.001830"/>
</iter>
<iter>
<kw name="Dictionary Should Contain Key" owner="Collections">
<arg>${json_data['results'][0]}</arg>
<arg>${key}</arg>
<doc>Fails if ``key`` is not found from ``dictionary``.</doc>
<status status="PASS" start="2024-08-05T16:18:47.801529" elapsed="0.000398"/>
</kw>
<kw name="Log" owner="BuiltIn">
<msg time="2024-08-05T16:18:47.802485" level="INFO">{'gender': 'female', 'name': {'title': 'Miss', 'first': 'Iva', 'last': 'Vlahović'}, 'location': {'street': {'number': 2762, 'name': 'Aleksandra Milovića'}, 'city': 'Bela Crkva', 'state': 'Šumadija', 'country': 'Serbia', 'postcode': 26762, 'coordinates': {'latitude': '60.3482', 'longitude': '147.6915'}, 'timezone': {'offset': '-12:00', 'description': 'Eniwetok, Kwajalein'}}, 'email': 'iva.vlahovic@example.com', 'login': {'uuid': '4e00401e-275d-454f-8454-9b9e46c52f94', 'username': 'crazymeercat723', 'password': 'fiesta', 'salt': 'Ct1xr7rr', 'md5': '7faf9d1913d28acc377f5aacf5b49eac', 'sha1': 'f730e647b420c3829516bcb045ff9bffdf1ba703', 'sha256': 'd4fdad992ee2ae038090a446c4c32f8bb606c3108aab35dc4eb040eaf1a411ae'}, 'dob': {'date': '1978-07-09T23:42:32.781Z', 'age': 46}, 'registered': {'date': '2021-01-31T08:57:01.178Z', 'age': 3}, 'phone': '027-3195-270', 'cell': '061-5058-778', 'id': {'name': 'SID', 'value': '696777465'}, 'picture': {'large': 'https://randomuser.me/api/portraits/women/29.jpg', 'medium': 'https://randomuser.me/api/portraits/med/women/29.jpg', 'thumbnail': 'https://randomuser.me/api/portraits/thumb/women/29.jpg'}, 'nat': 'RS'}</msg>
<arg>${json_data['results'][0]}</arg>
<doc>Logs the given message with the given level.</doc>
<status status="PASS" start="2024-08-05T16:18:47.802111" elapsed="0.000472"/>
</kw>
<kw name="Log" owner="BuiltIn">
<msg time="2024-08-05T16:18:47.803014" level="INFO">name</msg>
<arg>${key}</arg>
<doc>Logs the given message with the given level.</doc>
<status status="PASS" start="2024-08-05T16:18:47.802885" elapsed="0.000165"/>
</kw>
<var name="${key}">name</var>
<status status="PASS" start="2024-08-05T16:18:47.801413" elapsed="0.001853"/>
</iter>
<iter>
<kw name="Dictionary Should Contain Key" owner="Collections">
<arg>${json_data['results'][0]}</arg>
<arg>${key}</arg>
<doc>Fails if ``key`` is not found from ``dictionary``.</doc>
<status status="PASS" start="2024-08-05T16:18:47.803551" elapsed="0.000384"/>
</kw>
<kw name="Log" owner="BuiltIn">
<msg time="2024-08-05T16:18:47.804482" level="INFO">{'gender': 'female', 'name': {'title': 'Miss', 'first': 'Iva', 'last': 'Vlahović'}, 'location': {'street': {'number': 2762, 'name': 'Aleksandra Milovića'}, 'city': 'Bela Crkva', 'state': 'Šumadija', 'country': 'Serbia', 'postcode': 26762, 'coordinates': {'latitude': '60.3482', 'longitude': '147.6915'}, 'timezone': {'offset': '-12:00', 'description': 'Eniwetok, Kwajalein'}}, 'email': 'iva.vlahovic@example.com', 'login': {'uuid': '4e00401e-275d-454f-8454-9b9e46c52f94', 'username': 'crazymeercat723', 'password': 'fiesta', 'salt': 'Ct1xr7rr', 'md5': '7faf9d1913d28acc377f5aacf5b49eac', 'sha1': 'f730e647b420c3829516bcb045ff9bffdf1ba703', 'sha256': 'd4fdad992ee2ae038090a446c4c32f8bb606c3108aab35dc4eb040eaf1a411ae'}, 'dob': {'date': '1978-07-09T23:42:32.781Z', 'age': 46}, 'registered': {'date': '2021-01-31T08:57:01.178Z', 'age': 3}, 'phone': '027-3195-270', 'cell': '061-5058-778', 'id': {'name': 'SID', 'value': '696777465'}, 'picture': {'large': 'https://randomuser.me/api/portraits/women/29.jpg', 'medium': 'https://randomuser.me/api/portraits/med/women/29.jpg', 'thumbnail': 'https://randomuser.me/api/portraits/thumb/women/29.jpg'}, 'nat': 'RS'}</msg>
<arg>${json_data['results'][0]}</arg>
<doc>Logs the given message with the given level.</doc>
<status status="PASS" start="2024-08-05T16:18:47.804119" elapsed="0.000414"/>
</kw>
<kw name="Log" owner="BuiltIn">
<msg time="2024-08-05T16:18:47.804963" level="INFO">location</msg>
<arg>${key}</arg>
<doc>Logs the given message with the given level.</doc>
<status status="PASS" start="2024-08-05T16:18:47.804833" elapsed="0.000168"/>
</kw>
<var name="${key}">location</var>
<status status="PASS" start="2024-08-05T16:18:47.803441" elapsed="0.001789"/>
</iter>
<iter>
<kw name="Dictionary Should Contain Key" owner="Collections">
<arg>${json_data['results'][0]}</arg>
<arg>${key}</arg>
<doc>Fails if ``key`` is not found from ``dictionary``.</doc>
<status status="PASS" start="2024-08-05T16:18:47.805510" elapsed="0.000381"/>
</kw>
<kw name="Log" owner="BuiltIn">
<msg time="2024-08-05T16:18:47.806608" level="INFO">{'gender': 'female', 'name': {'title': 'Miss', 'first': 'Iva', 'last': 'Vlahović'}, 'location': {'street': {'number': 2762, 'name': 'Aleksandra Milovića'}, 'city': 'Bela Crkva', 'state': 'Šumadija', 'country': 'Serbia', 'postcode': 26762, 'coordinates': {'latitude': '60.3482', 'longitude': '147.6915'}, 'timezone': {'offset': '-12:00', 'description': 'Eniwetok, Kwajalein'}}, 'email': 'iva.vlahovic@example.com', 'login': {'uuid': '4e00401e-275d-454f-8454-9b9e46c52f94', 'username': 'crazymeercat723', 'password': 'fiesta', 'salt': 'Ct1xr7rr', 'md5': '7faf9d1913d28acc377f5aacf5b49eac', 'sha1': 'f730e647b420c3829516bcb045ff9bffdf1ba703', 'sha256': 'd4fdad992ee2ae038090a446c4c32f8bb606c3108aab35dc4eb040eaf1a411ae'}, 'dob': {'date': '1978-07-09T23:42:32.781Z', 'age': 46}, 'registered': {'date': '2021-01-31T08:57:01.178Z', 'age': 3}, 'phone': '027-3195-270', 'cell': '061-5058-778', 'id': {'name': 'SID', 'value': '696777465'}, 'picture': {'large': 'https://randomuser.me/api/portraits/women/29.jpg', 'medium': 'https://randomuser.me/api/portraits/med/women/29.jpg', 'thumbnail': 'https://randomuser.me/api/portraits/thumb/women/29.jpg'}, 'nat': 'RS'}</msg>
<arg>${json_data['results'][0]}</arg>
<doc>Logs the given message with the given level.</doc>
<status status="PASS" start="2024-08-05T16:18:47.806193" elapsed="0.000469"/>
</kw>
<kw name="Log" owner="BuiltIn">
<msg time="2024-08-05T16:18:47.807097" level="INFO">email</msg>
<arg>${key}</arg>
<doc>Logs the given message with the given level.</doc>
<status status="PASS" start="2024-08-05T16:18:47.806966" elapsed="0.000169"/>
</kw>
<var name="${key}">email</var>
<status status="PASS" start="2024-08-05T16:18:47.805401" elapsed="0.001954"/>
</iter>
<iter>
<kw name="Dictionary Should Contain Key" owner="Collections">
<arg>${json_data['results'][0]}</arg>
<arg>${key}</arg>
<doc>Fails if ``key`` is not found from ``dictionary``.</doc>
<status status="PASS" start="2024-08-05T16:18:47.807641" elapsed="0.000387"/>
</kw>
<kw name="Log" owner="BuiltIn">
<msg time="2024-08-05T16:18:47.808565" level="INFO">{'gender': 'female', 'name': {'title': 'Miss', 'first': 'Iva', 'last': 'Vlahović'}, 'location': {'street': {'number': 2762, 'name': 'Aleksandra Milovića'}, 'city': 'Bela Crkva', 'state': 'Šumadija', 'country': 'Serbia', 'postcode': 26762, 'coordinates': {'latitude': '60.3482', 'longitude': '147.6915'}, 'timezone': {'offset': '-12:00', 'description': 'Eniwetok, Kwajalein'}}, 'email': 'iva.vlahovic@example.com', 'login': {'uuid': '4e00401e-275d-454f-8454-9b9e46c52f94', 'username': 'crazymeercat723', 'password': 'fiesta', 'salt': 'Ct1xr7rr', 'md5': '7faf9d1913d28acc377f5aacf5b49eac', 'sha1': 'f730e647b420c3829516bcb045ff9bffdf1ba703', 'sha256': 'd4fdad992ee2ae038090a446c4c32f8bb606c3108aab35dc4eb040eaf1a411ae'}, 'dob': {'date': '1978-07-09T23:42:32.781Z', 'age': 46}, 'registered': {'date': '2021-01-31T08:57:01.178Z', 'age': 3}, 'phone': '027-3195-270', 'cell': '061-5058-778', 'id': {'name': 'SID', 'value': '696777465'}, 'picture': {'large': 'https://randomuser.me/api/portraits/women/29.jpg', 'medium': 'https://randomuser.me/api/portraits/med/women/29.jpg', 'thumbnail': 'https://randomuser.me/api/portraits/thumb/women/29.jpg'}, 'nat': 'RS'}</msg>
<arg>${json_data['results'][0]}</arg>
<doc>Logs the given message with the given level.</doc>
<status status="PASS" start="2024-08-05T16:18:47.808212" elapsed="0.000404"/>
</kw>
<kw name="Log" owner="BuiltIn">
<msg time="2024-08-05T16:18:47.809043" level="INFO">login</msg>
<arg>${key}</arg>
<doc>Logs the given message with the given level.</doc>
<status status="PASS" start="2024-08-05T16:18:47.808914" elapsed="0.000166"/>
</kw>
<var name="${key}">login</var>
<status status="PASS" start="2024-08-05T16:18:47.807530" elapsed="0.001775"/>
</iter>
<var>${key}</var>
<value>@{expected_keys}</value>
<status status="PASS" start="2024-08-05T16:18:47.799208" elapsed="0.010217"/>
</for>
<kw name="Create List" owner="BuiltIn">
<msg time="2024-08-05T16:18:47.809763" level="INFO">${expected_keysTwo} = ['username', 'password']</msg>
<var>${expected_keysTwo}</var>
<arg>username</arg>
<arg>password</arg>
<doc>Returns a list containing given items.</doc>
<status status="PASS" start="2024-08-05T16:18:47.809626" elapsed="0.000192"/>
</kw>
<for flavor="IN">
<iter>
<kw name="Dictionary Should Contain Key" owner="Collections">
<arg>${json_data['results'][0]['login']}</arg>
<arg>${keyTwo}</arg>
<doc>Fails if ``key`` is not found from ``dictionary``.</doc>
<status status="PASS" start="2024-08-05T16:18:47.810333" elapsed="0.000415"/>
</kw>
<kw name="Dictionary Should Contain Key" owner="Collections">
<arg>${json_data['results'][0]['login']}</arg>
<arg>${keyTwo}</arg>
<doc>Fails if ``key`` is not found from ``dictionary``.</doc>
<status status="PASS" start="2024-08-05T16:18:47.810931" elapsed="0.000377"/>
</kw>
<kw name="Log" owner="BuiltIn">
<msg time="2024-08-05T16:18:47.811605" level="INFO">username</msg>
<arg>${keyTwo}</arg>
<doc>Logs the given message with the given level.</doc>
<status status="PASS" start="2024-08-05T16:18:47.811485" elapsed="0.000159"/>
</kw>
<var name="${keyTwo}">username</var>
<status status="PASS" start="2024-08-05T16:18:47.810225" elapsed="0.001638"/>
</iter>
<iter>
<kw name="Dictionary Should Contain Key" owner="Collections">
<arg>${json_data['results'][0]['login']}</arg>
<arg>${keyTwo}</arg>
<doc>Fails if ``key`` is not found from ``dictionary``.</doc>
<status status="PASS" start="2024-08-05T16:18:47.812141" elapsed="0.000384"/>
</kw>
<kw name="Dictionary Should Contain Key" owner="Collections">
<arg>${json_data['results'][0]['login']}</arg>
<arg>${keyTwo}</arg>
<doc>Fails if ``key`` is not found from ``dictionary``.</doc>
<status status="PASS" start="2024-08-05T16:18:47.812711" elapsed="0.000375"/>
</kw>
<kw name="Log" owner="BuiltIn">
<msg time="2024-08-05T16:18:47.813390" level="INFO">password</msg>
<arg>${keyTwo}</arg>
<doc>Logs the given message with the given level.</doc>
<status status="PASS" start="2024-08-05T16:18:47.813261" elapsed="0.000166"/>
</kw>
<var name="${keyTwo}">password</var>
<status status="PASS" start="2024-08-05T16:18:47.812035" elapsed="0.001610"/>
</iter>
<var>${keyTwo}</var>
<value>@{expected_keysTwo}</value>
<status status="PASS" start="2024-08-05T16:18:47.810068" elapsed="0.003697"/>
</for>
<status status="PASS" start="2024-08-05T16:18:47.520543" elapsed="0.293362"/>
</kw>
<doc>Testa a estrutura da resposta da API.</doc>
<tag>testeEstruturaResposta</tag>
<status status="PASS" start="2024-08-05T16:18:47.519943" elapsed="0.294119"/>
</test>
<test id="s1-s1-t4" name="Validar tipos de dados" line="28">
<kw name="Teste de Tipos de Dados" owner="random-user-service">
<kw name="GET On Session" owner="RequestsLibrary">
<msg time="2024-08-05T16:18:48.218175" level="INFO">GET Request : url=https://randomuser.me/api 
 path_url=/api 
 headers={'User-Agent': 'python-requests/2.32.3', 'Accept-Encoding': 'gzip, deflate', 'Accept': '*/*', 'Connection': 'keep-alive'} 
 body=None 
 </msg>
<msg time="2024-08-05T16:18:48.218289" level="INFO">GET Response : url=https://randomuser.me/api 
 status=200, reason=OK 
 headers={'Date': 'Mon, 05 Aug 2024 16:18:48 GMT', 'Content-Type': 'application/json; charset=utf-8', 'Transfer-Encoding': 'chunked', 'Connection': 'keep-alive', 'X-Powered-By': 'Express', 'Access-Control-Allow-Origin': '*', 'Cache-Control': 'no-cache', 'ETag': 'W/"491-6eX9l0xrt3QO82dXJ7s5GrQk0tQ"', 'Vary': 'Accept-Encoding', 'Content-Encoding': 'gzip', 'CF-Cache-Status': 'DYNAMIC', 'Report-To': '{"endpoints":[{"url":"https:\\/\\/a.nel.cloudflare.com\\/report\\/v4?s=p1elEAQLgCKu5zzKKeU1ob%2B3n%2FKYiLoTBsq4hY%2BnxKrUdG1boObuZvxXeOxt8PKoWsS7qZ7yM2Op1woxydTETunNTDvW4OC91h52GaqzaF%2FqahsrQRPjILQdNW3e9SVd"}],"group":"cf-nel","max_age":604800}', 'NEL': '{"success_fraction":0,"report_to":"cf-nel","max_age":604800}', 'Server': 'cloudflare', 'CF-RAY': '8ae81ae8ec365a51-IAD', 'alt-svc': 'h3=":443"; ma=86400'} 
 body={"results":[{"gender":"male","name":{"title":"Mr","first":"بردیا","last":"قاسمی"},"location":{"street":{"number":9554,"name":"شهید شهرام امیری"},"city":"تبریز","state":"سمنان","country":"Iran","postcode":48088,"coordinates":{"latitude":"19.0774","longitude":"-65.0334"},"timezone":{"offset":"+1:00","description":"Brussels, Copenhagen, Madrid, Paris"}},"email":"brdy.qsmy@example.com","login":{"uuid":"477f7576-49e9-4759-9af2-86a01a8ffd1c","username":"yellowdog562","password":"orion","salt":"sM6KCvJ1","md5":"414728c7357965cde064e7309b653945","sha1":"fa4749473f1b7807ee830a9135c8ec85abd2e9f8","sha256":"5c39fd08411b71c34b41ad67ef0887c69afa79ce7f899a501afd1d026c9b0488"},"dob":{"date":"1965-12-31T22:55:48.178Z","age":58},"registered":{"date":"2014-12-18T11:04:00.241Z","age":9},"phone":"016-59981745","cell":"0959-696-6016","id":{"name":"","value":null},"picture":{"large":"https://randomuser.me/api/portraits/men/1.jpg","medium":"https://randomuser.me/api/portraits/med/men/1.jpg","thumbnail":"https://randomuser.me/api/portraits/thumb/men/1.jpg"},"nat":"IR"}],"info":{"seed":"a323b3056eb8bf76","results":1,"page":1,"version":"1.4"}} 
 </msg>
<msg time="2024-08-05T16:18:48.218370" level="INFO">/opt/hostedtoolcache/Python/3.12.4/x64/lib/python3.12/site-packages/urllib3/connectionpool.py:1099: InsecureRequestWarning: Unverified HTTPS request is being made to host 'randomuser.me'. Adding certificate verification is strongly advised. See: https://urllib3.readthedocs.io/en/latest/advanced-usage.html#tls-warnings
  warnings.warn(</msg>
<msg time="2024-08-05T16:18:48.218539" level="INFO">${response} = &lt;Response [200]&gt;</msg>
<var>${response}</var>
<arg>consultarAPI</arg>
<arg>/api</arg>
<doc>Sends a GET request on a previously created HTTP Session.</doc>
<status status="PASS" start="2024-08-05T16:18:47.816683" elapsed="0.401899"/>
</kw>
<kw name="Set Variable" owner="BuiltIn">
<msg time="2024-08-05T16:18:48.219632" level="INFO">${json_data} = {'results': [{'gender': 'male', 'name': {'title': 'Mr', 'first': 'بردیا', 'last': 'قاسمی'}, 'location': {'street': {'number': 9554, 'name': 'شهید شهرام امیری'}, 'city': 'تبریز', 'state': 'سمنان', 'cou...</msg>
<var>${json_data}</var>
<arg>${response.json()}</arg>
<doc>Returns the given values which can then be assigned to a variables.</doc>
<status status="PASS" start="2024-08-05T16:18:48.219091" elapsed="0.000572"/>
</kw>
<kw name="Log" owner="BuiltIn">
<msg time="2024-08-05T16:18:48.220136" level="INFO">{'results': [{'gender': 'male', 'name': {'title': 'Mr', 'first': 'بردیا', 'last': 'قاسمی'}, 'location': {'street': {'number': 9554, 'name': 'شهید شهرام امیری'}, 'city': 'تبریز', 'state': 'سمنان', 'country': 'Iran', 'postcode': 48088, 'coordinates': {'latitude': '19.0774', 'longitude': '-65.0334'}, 'timezone': {'offset': '+1:00', 'description': 'Brussels, Copenhagen, Madrid, Paris'}}, 'email': 'brdy.qsmy@example.com', 'login': {'uuid': '477f7576-49e9-4759-9af2-86a01a8ffd1c', 'username': 'yellowdog562', 'password': 'orion', 'salt': 'sM6KCvJ1', 'md5': '414728c7357965cde064e7309b653945', 'sha1': 'fa4749473f1b7807ee830a9135c8ec85abd2e9f8', 'sha256': '5c39fd08411b71c34b41ad67ef0887c69afa79ce7f899a501afd1d026c9b0488'}, 'dob': {'date': '1965-12-31T22:55:48.178Z', 'age': 58}, 'registered': {'date': '2014-12-18T11:04:00.241Z', 'age': 9}, 'phone': '016-59981745', 'cell': '0959-696-6016', 'id': {'name': '', 'value': None}, 'picture': {'large': 'https://randomuser.me/api/portraits/men/1.jpg', 'medium': 'https://randomuser.me/api/portraits/med/men/1.jpg', 'thumbnail': 'https://randomuser.me/api/portraits/thumb/men/1.jpg'}, 'nat': 'IR'}], 'info': {'seed': 'a323b3056eb8bf76', 'results': 1, 'page': 1, 'version': '1.4'}}</msg>
<arg>${json_data}</arg>
<doc>Logs the given message with the given level.</doc>
<status status="PASS" start="2024-08-05T16:18:48.219975" elapsed="0.000210"/>
</kw>
<kw name="Should Be String" owner="String">
<arg>${json_data['results'][0]['gender']}</arg>
<doc>Fails if the given ``item`` is not a string.</doc>
<status status="PASS" start="2024-08-05T16:18:48.220482" elapsed="0.000363"/>
</kw>
<kw name="Should Match Regexp" owner="BuiltIn">
<arg>${json_data['results'][0]['email']}</arg>
<arg>^[a-zA-Z0-9._%+-]+@[a-zA-Z0-9.-]+\.[a-zA-Z]{2,}$</arg>
<doc>Fails if ``string`` does not match ``pattern`` as a regular expression.</doc>
<status status="PASS" start="2024-08-05T16:18:48.221038" elapsed="0.000563"/>
</kw>
<kw name="Should Match Regexp" owner="BuiltIn">
<arg>${json_data['results'][0]['dob']['date']}</arg>
<arg>\\d{4}-\\d{2}-\\d{2}T\\d{2}:\\d{2}:\\d{2}\\.\\d{3}Z</arg>
<doc>Fails if ``string`` does not match ``pattern`` as a regular expression.</doc>
<status status="PASS" start="2024-08-05T16:18:48.221807" elapsed="0.000676"/>
</kw>
<kw name="Should Match Regexp" owner="BuiltIn">
<arg>${json_data['results'][0]['registered']['date']}</arg>
<arg>\\d{4}-\\d{2}-\\d{2}T\\d{2}:\\d{2}:\\d{2}\\.\\d{3}Z</arg>
<doc>Fails if ``string`` does not match ``pattern`` as a regular expression.</doc>
<status status="PASS" start="2024-08-05T16:18:48.222697" elapsed="0.000446"/>
</kw>
<kw name="Should Match Regexp" owner="BuiltIn">
<arg>${json_data['results'][0]['picture']['large']}</arg>
<arg>^https?://.*\.(?:png|jpe?g|gif|bmp)$</arg>
<doc>Fails if ``string`` does not match ``pattern`` as a regular expression.</doc>
<status status="PASS" start="2024-08-05T16:18:48.223331" elapsed="0.000467"/>
</kw>
<kw name="Should Match Regexp" owner="BuiltIn">
<arg>${json_data['results'][0]['picture']['medium']}</arg>
<arg>^https?://.*\.(?:png|jpe?g|gif|bmp)$</arg>
<doc>Fails if ``string`` does not match ``pattern`` as a regular expression.</doc>
<status status="PASS" start="2024-08-05T16:18:48.223986" elapsed="0.000365"/>
</kw>
<kw name="Should Match Regexp" owner="BuiltIn">
<arg>${json_data['results'][0]['picture']['thumbnail']}</arg>
<arg>^https?://.*\.(?:png|jpe?g|gif|bmp)$</arg>
<doc>Fails if ``string`` does not match ``pattern`` as a regular expression.</doc>
<status status="PASS" start="2024-08-05T16:18:48.224533" elapsed="0.000350"/>
</kw>
<kw name="Log" owner="BuiltIn">
<msg time="2024-08-05T16:18:48.225388" level="INFO">{'large': 'https://randomuser.me/api/portraits/men/1.jpg', 'medium': 'https://randomuser.me/api/portraits/med/men/1.jpg', 'thumbnail': 'https://randomuser.me/api/portraits/thumb/men/1.jpg'}</msg>
<arg>${json_data['results'][0]['picture']}</arg>
<doc>Logs the given message with the given level.</doc>
<status status="PASS" start="2024-08-05T16:18:48.225062" elapsed="0.000368"/>
</kw>
<status status="PASS" start="2024-08-05T16:18:47.816446" elapsed="0.409255"/>
</kw>
<kw name="Teste de Tipos de Dados - Postcode" owner="random-user-service">
<kw name="GET On Session" owner="RequestsLibrary">
<msg time="2024-08-05T16:18:48.624934" level="INFO">GET Request : url=https://randomuser.me/api 
 path_url=/api 
 headers={'User-Agent': 'python-requests/2.32.3', 'Accept-Encoding': 'gzip, deflate', 'Accept': '*/*', 'Connection': 'keep-alive'} 
 body=None 
 </msg>
<msg time="2024-08-05T16:18:48.625042" level="INFO">GET Response : url=https://randomuser.me/api 
 status=200, reason=OK 
 headers={'Date': 'Mon, 05 Aug 2024 16:18:48 GMT', 'Content-Type': 'application/json; charset=utf-8', 'Transfer-Encoding': 'chunked', 'Connection': 'keep-alive', 'X-Powered-By': 'Express', 'Access-Control-Allow-Origin': '*', 'Cache-Control': 'no-cache', 'ETag': 'W/"49e-02Y/ZGXxyraFfBZ2Ha0pR7FQli4"', 'Vary': 'Accept-Encoding', 'Content-Encoding': 'gzip', 'CF-Cache-Status': 'DYNAMIC', 'Report-To': '{"endpoints":[{"url":"https:\\/\\/a.nel.cloudflare.com\\/report\\/v4?s=P7nJM0M2fgkcnz%2B5maOZ3mWoruZz0AW6TWPpasM9bqCHjvdsygjC2pvcij7ZQoFlneDkKw1yWZq%2FuRtDQgKLOW%2FMjxzJSc7FgjDSv1jK00RnhI60nMwLBghH62nBem12"}],"group":"cf-nel","max_age":604800}', 'NEL': '{"success_fraction":0,"report_to":"cf-nel","max_age":604800}', 'Server': 'cloudflare', 'CF-RAY': '8ae81aeb6e4e5a51-IAD', 'alt-svc': 'h3=":443"; ma=86400'} 
 body={"results":[{"gender":"male","name":{"title":"Mr","first":"Ferenc","last":"Hackmann"},"location":{"street":{"number":2505,"name":"Mittelweg"},"city":"Altlandsberg","state":"Niedersachsen","country":"Germany","postcode":29801,"coordinates":{"latitude":"-54.5991","longitude":"-85.3588"},"timezone":{"offset":"+1:00","description":"Brussels, Copenhagen, Madrid, Paris"}},"email":"ferenc.hackmann@example.com","login":{"uuid":"4474a083-3958-4cde-80d7-4a43392fd31e","username":"ticklishladybug375","password":"4444","salt":"oKvHWY5p","md5":"6bac29853fd1e19a8ba43e22caa5d3b7","sha1":"796ada8a28fd753a91679969c7d4b993e7472094","sha256":"0a1dfef1dc61f845f06ef39b3a1527761d3594d332c24443dbe9f8c2ad6ed52e"},"dob":{"date":"1980-07-13T05:55:23.359Z","age":44},"registered":{"date":"2007-06-16T11:12:51.755Z","age":17},"phone":"0251-9810999","cell":"0171-1634692","id":{"name":"SVNR","value":"18 130780 H 495"},"picture":{"large":"https://randomuser.me/api/portraits/men/21.jpg","medium":"https://randomuser.me/api/portraits/med/men/21.jpg","thumbnail":"https://randomuser.me/api/portraits/thumb/men/21.jpg"},"nat":"DE"}],"info":{"seed":"ee04c9a989e680f1","results":1,"page":1,"version":"1.4"}} 
 </msg>
<msg time="2024-08-05T16:18:48.625123" level="INFO">/opt/hostedtoolcache/Python/3.12.4/x64/lib/python3.12/site-packages/urllib3/connectionpool.py:1099: InsecureRequestWarning: Unverified HTTPS request is being made to host 'randomuser.me'. Adding certificate verification is strongly advised. See: https://urllib3.readthedocs.io/en/latest/advanced-usage.html#tls-warnings
  warnings.warn(</msg>
<msg time="2024-08-05T16:18:48.625261" level="INFO">${response} = &lt;Response [200]&gt;</msg>
<var>${response}</var>
<arg>consultarAPI</arg>
<arg>/api</arg>
<doc>Sends a GET request on a previously created HTTP Session.</doc>
<status status="PASS" start="2024-08-05T16:18:48.226169" elapsed="0.399136"/>
</kw>
<kw name="Set Variable" owner="BuiltIn">
<msg time="2024-08-05T16:18:48.626344" level="INFO">${json_data} = {'results': [{'gender': 'male', 'name': {'title': 'Mr', 'first': 'Ferenc', 'last': 'Hackmann'}, 'location': {'street': {'number': 2505, 'name': 'Mittelweg'}, 'city': 'Altlandsberg', 'state': 'Niedersa...</msg>
<var>${json_data}</var>
<arg>${response.json()}</arg>
<doc>Returns the given values which can then be assigned to a variables.</doc>
<status status="PASS" start="2024-08-05T16:18:48.625829" elapsed="0.000544"/>
</kw>
<kw name="Log" owner="BuiltIn">
<msg time="2024-08-05T16:18:48.626885" level="INFO">{'results': [{'gender': 'male', 'name': {'title': 'Mr', 'first': 'Ferenc', 'last': 'Hackmann'}, 'location': {'street': {'number': 2505, 'name': 'Mittelweg'}, 'city': 'Altlandsberg', 'state': 'Niedersachsen', 'country': 'Germany', 'postcode': 29801, 'coordinates': {'latitude': '-54.5991', 'longitude': '-85.3588'}, 'timezone': {'offset': '+1:00', 'description': 'Brussels, Copenhagen, Madrid, Paris'}}, 'email': 'ferenc.hackmann@example.com', 'login': {'uuid': '4474a083-3958-4cde-80d7-4a43392fd31e', 'username': 'ticklishladybug375', 'password': '4444', 'salt': 'oKvHWY5p', 'md5': '6bac29853fd1e19a8ba43e22caa5d3b7', 'sha1': '796ada8a28fd753a91679969c7d4b993e7472094', 'sha256': '0a1dfef1dc61f845f06ef39b3a1527761d3594d332c24443dbe9f8c2ad6ed52e'}, 'dob': {'date': '1980-07-13T05:55:23.359Z', 'age': 44}, 'registered': {'date': '2007-06-16T11:12:51.755Z', 'age': 17}, 'phone': '0251-9810999', 'cell': '0171-1634692', 'id': {'name': 'SVNR', 'value': '18 130780 H 495'}, 'picture': {'large': 'https://randomuser.me/api/portraits/men/21.jpg', 'medium': 'https://randomuser.me/api/portraits/med/men/21.jpg', 'thumbnail': 'https://randomuser.me/api/portraits/thumb/men/21.jpg'}, 'nat': 'DE'}], 'info': {'seed': 'ee04c9a989e680f1', 'results': 1, 'page': 1, 'version': '1.4'}}</msg>
<arg>${json_data}</arg>
<doc>Logs the given message with the given level.</doc>
<status status="PASS" start="2024-08-05T16:18:48.626727" elapsed="0.000204"/>
</kw>
<kw name="Should Be Equal As Numbers" owner="BuiltIn">
<arg>${json_data['results'][0]['location']['postcode']}</arg>
<arg>${json_data['results'][0]['location']['postcode']}</arg>
<doc>Fails if objects are unequal after converting them to real numbers.</doc>
<status status="PASS" start="2024-08-05T16:18:48.627225" elapsed="0.000616"/>
</kw>
<kw name="Log" owner="BuiltIn">
<msg time="2024-08-05T16:18:48.628367" level="INFO">29801</msg>
<arg>${json_data['results'][0]['location']['postcode']}</arg>
<doc>Logs the given message with the given level.</doc>
<status status="PASS" start="2024-08-05T16:18:48.628028" elapsed="0.000419"/>
</kw>
<status status="PASS" start="2024-08-05T16:18:48.225938" elapsed="0.402772"/>
</kw>
<doc>Testa se os tipos de dados na resposta da API estão corretos.</doc>
<tag>testeTiposDados</tag>
<status status="PASS" start="2024-08-05T16:18:47.815874" elapsed="0.813009"/>
</test>
<test id="s1-s1-t5" name="Validar conteudo" line="35">
<kw name="Teste de Tipos de Conteudo" owner="random-user-service">
<kw name="GET On Session" owner="RequestsLibrary">
<msg time="2024-08-05T16:18:49.148088" level="INFO">GET Request : url=https://randomuser.me/api 
 path_url=/api 
 headers={'User-Agent': 'python-requests/2.32.3', 'Accept-Encoding': 'gzip, deflate', 'Accept': '*/*', 'Connection': 'keep-alive'} 
 body=None 
 </msg>
<msg time="2024-08-05T16:18:49.148184" level="INFO">GET Response : url=https://randomuser.me/api 
 status=200, reason=OK 
 headers={'Date': 'Mon, 05 Aug 2024 16:18:49 GMT', 'Content-Type': 'application/json; charset=utf-8', 'Transfer-Encoding': 'chunked', 'Connection': 'keep-alive', 'X-Powered-By': 'Express', 'Access-Control-Allow-Origin': '*', 'Cache-Control': 'no-cache', 'ETag': 'W/"4a6-LISmAUCRdU4Dy0CmEINjQCKWa8Y"', 'Vary': 'Accept-Encoding', 'Content-Encoding': 'gzip', 'CF-Cache-Status': 'DYNAMIC', 'Report-To': '{"endpoints":[{"url":"https:\\/\\/a.nel.cloudflare.com\\/report\\/v4?s=OS6Xocliy0x2mt%2FDUWvNWDdX8iwapH9bLoy3%2FuL3vC6CEVELY2fTm6gZqymYy9PNUanxJOlir2Jc989BenvlIa2Bd4JIrISw9K8K4hwCh37Q1Yh4cNKq1yvgKDLBE%2FCz"}],"group":"cf-nel","max_age":604800}', 'NEL': '{"success_fraction":0,"report_to":"cf-nel","max_age":604800}', 'Server': 'cloudflare', 'CF-RAY': '8ae81aedf8775a51-IAD', 'alt-svc': 'h3=":443"; ma=86400'} 
 body={"results":[{"gender":"male","name":{"title":"Mr","first":"Dylano","last":"Van Mullem"},"location":{"street":{"number":4064,"name":"Humperdinckstraat"},"city":"Elst","state":"Noord-Brabant","country":"Netherlands","postcode":"4421 UH","coordinates":{"latitude":"38.2244","longitude":"-130.8750"},"timezone":{"offset":"+3:00","description":"Baghdad, Riyadh, Moscow, St. Petersburg"}},"email":"dylano.vanmullem@example.com","login":{"uuid":"3d86c380-81c3-4652-bb07-e521979828d1","username":"angryladybug917","password":"poopie","salt":"IhWoAxiT","md5":"2f9c650d5669c3f3944d83b7034c6ae8","sha1":"2c6eab8c02555e2319e9f2f11f9d147d3e41b6bc","sha256":"2751e69912b43d972548de6e365b0b53d9b1b9c55b4a1c060081c28a4792bc67"},"dob":{"date":"1963-10-01T04:38:33.100Z","age":60},"registered":{"date":"2005-01-02T23:10:57.842Z","age":19},"phone":"(0464) 886599","cell":"(06) 77021523","id":{"name":"BSN","value":"89272610"},"picture":{"large":"https://randomuser.me/api/portraits/men/10.jpg","medium":"https://randomuser.me/api/portraits/med/men/10.jpg","thumbnail":"https://randomuser.me/api/portraits/thumb/men/10.jpg"},"nat":"NL"}],"info":{"seed":"98383d4506d06046","results":1,"page":1,"version":"1.4"}} 
 </msg>
<msg time="2024-08-05T16:18:49.148255" level="INFO">/opt/hostedtoolcache/Python/3.12.4/x64/lib/python3.12/site-packages/urllib3/connectionpool.py:1099: InsecureRequestWarning: Unverified HTTPS request is being made to host 'randomuser.me'. Adding certificate verification is strongly advised. See: https://urllib3.readthedocs.io/en/latest/advanced-usage.html#tls-warnings
  warnings.warn(</msg>
<msg time="2024-08-05T16:18:49.148392" level="INFO">${response} = &lt;Response [200]&gt;</msg>
<var>${response}</var>
<arg>consultarAPI</arg>
<arg>/api</arg>
<doc>Sends a GET request on a previously created HTTP Session.</doc>
<status status="PASS" start="2024-08-05T16:18:48.631700" elapsed="0.516733"/>
</kw>
<kw name="Set Variable" owner="BuiltIn">
<msg time="2024-08-05T16:18:49.149487" level="INFO">${json_data} = {'results': [{'gender': 'male', 'name': {'title': 'Mr', 'first': 'Dylano', 'last': 'Van Mullem'}, 'location': {'street': {'number': 4064, 'name': 'Humperdinckstraat'}, 'city': 'Elst', 'state': 'Noord-...</msg>
<var>${json_data}</var>
<arg>${response.json()}</arg>
<doc>Returns the given values which can then be assigned to a variables.</doc>
<status status="PASS" start="2024-08-05T16:18:49.148966" elapsed="0.000549"/>
</kw>
<kw name="Set Variable" owner="BuiltIn">
<msg time="2024-08-05T16:18:49.150203" level="INFO">${name_title} = Mr</msg>
<var>${name_title}</var>
<arg>${json_data["results"][0]["name"]["title"]}</arg>
<doc>Returns the given values which can then be assigned to a variables.</doc>
<status status="PASS" start="2024-08-05T16:18:49.149822" elapsed="0.000406"/>
</kw>
<kw name="Create List" owner="BuiltIn">
<msg time="2024-08-05T16:18:49.150739" level="INFO">${allowed_titles} = ['Mr', 'Ms', 'Miss', 'Mrs', 'Madame', 'Monsieur']</msg>
<var>${allowed_titles}</var>
<arg>Mr</arg>
<arg>Ms</arg>
<arg>Miss</arg>
<arg>Mrs</arg>
<arg>Madame</arg>
<arg>Monsieur</arg>
<doc>Returns a list containing given items.</doc>
<status status="PASS" start="2024-08-05T16:18:49.150583" elapsed="0.000186"/>
</kw>
<kw name="List Should Contain Value" owner="Collections">
<arg>${allowed_titles}</arg>
<arg>${name_title}</arg>
<doc>Fails if the ``value`` is not found from ``list``.</doc>
<status status="PASS" start="2024-08-05T16:18:49.151075" elapsed="0.000185"/>
</kw>
<kw name="Set Variable" owner="BuiltIn">
<msg time="2024-08-05T16:18:49.151817" level="INFO">${name_country} = NL</msg>
<var>${name_country}</var>
<arg>${json_data["results"][0]["nat"]}</arg>
<doc>Returns the given values which can then be assigned to a variables.</doc>
<status status="PASS" start="2024-08-05T16:18:49.151443" elapsed="0.000399"/>
</kw>
<kw name="Create List" owner="BuiltIn">
<msg time="2024-08-05T16:18:49.152724" level="INFO">${list_country} = ['AD', 'AE', 'AF', 'AG', 'AI', 'AL', 'AM', 'AO', 'AQ', 'AR', 'AS', 'AT', 'AU', 'AW', 'AX', 'AZ', 'BA', 'BB', 'BD', 'BE', 'BF', 'BG', 'BH', 'BI', 'BJ', 'BL', 'BM', 'BN', 'BO', 'BQ', 'BR', 'BS', 'BT', '...</msg>
<var>${list_country}</var>
<arg>AD</arg>
<arg>AE</arg>
<arg>AF</arg>
<arg>AG</arg>
<arg>AI</arg>
<arg>AL</arg>
<arg>AM</arg>
<arg>AO</arg>
<arg>AQ</arg>
<arg>AR</arg>
<arg>AS</arg>
<arg>AT</arg>
<arg>AU</arg>
<arg>AW</arg>
<arg>AX</arg>
<arg>AZ</arg>
<arg>BA</arg>
<arg>BB</arg>
<arg>BD</arg>
<arg>BE</arg>
<arg>BF</arg>
<arg>BG</arg>
<arg>BH</arg>
<arg>BI</arg>
<arg>BJ</arg>
<arg>BL</arg>
<arg>BM</arg>
<arg>BN</arg>
<arg>BO</arg>
<arg>BQ</arg>
<arg>BR</arg>
<arg>BS</arg>
<arg>BT</arg>
<arg>BV</arg>
<arg>BW</arg>
<arg>BY</arg>
<arg>BZ</arg>
<arg>CA</arg>
<arg>CC</arg>
<arg>CD</arg>
<arg>CF</arg>
<arg>CG</arg>
<arg>CH</arg>
<arg>CI</arg>
<arg>CK</arg>
<arg>CL</arg>
<arg>CM</arg>
<arg>CN</arg>
<arg>CO</arg>
<arg>CR</arg>
<arg>CU</arg>
<arg>CV</arg>
<arg>CW</arg>
<arg>CX</arg>
<arg>CY</arg>
<arg>CZ</arg>
<arg>DE</arg>
<arg>DJ</arg>
<arg>DK</arg>
<arg>DM</arg>
<arg>DO</arg>
<arg>DZ</arg>
<arg>EC</arg>
<arg>EE</arg>
<arg>EG</arg>
<arg>EH</arg>
<arg>ER</arg>
<arg>ES</arg>
<arg>ET</arg>
<arg>FI</arg>
<arg>FJ</arg>
<arg>FK</arg>
<arg>FM</arg>
<arg>FO</arg>
<arg>FR</arg>
<arg>GA</arg>
<arg>GB</arg>
<arg>GD</arg>
<arg>GE</arg>
<arg>GF</arg>
<arg>GG</arg>
<arg>GH</arg>
<arg>GI</arg>
<arg>GL</arg>
<arg>GM</arg>
<arg>GN</arg>
<arg>GP</arg>
<arg>GQ</arg>
<arg>GR</arg>
<arg>GS</arg>
<arg>GT</arg>
<arg>GU</arg>
<arg>GW</arg>
<arg>GY</arg>
<arg>HK</arg>
<arg>HM</arg>
<arg>HN</arg>
<arg>HR</arg>
<arg>HT</arg>
<arg>HU</arg>
<arg>ID</arg>
<arg>IE</arg>
<arg>IL</arg>
<arg>IM</arg>
<arg>IN</arg>
<arg>IO</arg>
<arg>IQ</arg>
<arg>IR</arg>
<arg>IS</arg>
<arg>IT</arg>
<arg>JE</arg>
<arg>JM</arg>
<arg>JO</arg>
<arg>JP</arg>
<arg>KE</arg>
<arg>KG</arg>
<arg>KH</arg>
<arg>KI</arg>
<arg>KM</arg>
<arg>KN</arg>
<arg>KP</arg>
<arg>KR</arg>
<arg>KW</arg>
<arg>KY</arg>
<arg>KZ</arg>
<arg>LA</arg>
<arg>LB</arg>
<arg>LC</arg>
<arg>LI</arg>
<arg>LK</arg>
<arg>LR</arg>
<arg>LS</arg>
<arg>LT</arg>
<arg>LU</arg>
<arg>LV</arg>
<arg>LY</arg>
<arg>MA</arg>
<arg>MC</arg>
<arg>MD</arg>
<arg>ME</arg>
<arg>MF</arg>
<arg>MG</arg>
<arg>MH</arg>
<arg>MK</arg>
<arg>ML</arg>
<arg>MM</arg>
<arg>MN</arg>
<arg>MO</arg>
<arg>MP</arg>
<arg>MQ</arg>
<arg>MR</arg>
<arg>MS</arg>
<arg>MT</arg>
<arg>MU</arg>
<arg>MV</arg>
<arg>MW</arg>
<arg>MX</arg>
<arg>MY</arg>
<arg>MZ</arg>
<arg>NA</arg>
<arg>NC</arg>
<arg>NE</arg>
<arg>NF</arg>
<arg>NG</arg>
<arg>NI</arg>
<arg>NL</arg>
<arg>NO</arg>
<arg>NP</arg>
<arg>NR</arg>
<arg>NU</arg>
<arg>NZ</arg>
<arg>OM</arg>
<arg>PA</arg>
<arg>PE</arg>
<arg>PF</arg>
<arg>PG</arg>
<arg>PH</arg>
<arg>PK</arg>
<arg>PL</arg>
<arg>PM</arg>
<arg>PN</arg>
<arg>PR</arg>
<arg>PS</arg>
<arg>PT</arg>
<arg>PW</arg>
<arg>PY</arg>
<arg>QA</arg>
<arg>RE</arg>
<arg>RO</arg>
<arg>RS</arg>
<arg>RU</arg>
<arg>RW</arg>
<arg>SA</arg>
<arg>SB</arg>
<arg>SC</arg>
<arg>SD</arg>
<arg>SE</arg>
<arg>SG</arg>
<arg>SH</arg>
<arg>SI</arg>
<arg>SJ</arg>
<arg>SK</arg>
<arg>SL</arg>
<arg>SM</arg>
<arg>SN</arg>
<arg>SO</arg>
<arg>SR</arg>
<arg>SS</arg>
<arg>ST</arg>
<arg>SV</arg>
<arg>SX</arg>
<arg>SY</arg>
<arg>SZ</arg>
<arg>TC</arg>
<arg>TD</arg>
<arg>TF</arg>
<arg>TG</arg>
<arg>TH</arg>
<arg>TJ</arg>
<arg>TK</arg>
<arg>TL</arg>
<arg>TM</arg>
<arg>TN</arg>
<arg>TO</arg>
<arg>TR</arg>
<arg>TT</arg>
<arg>TV</arg>
<arg>TW</arg>
<arg>TZ</arg>
<arg>UA</arg>
<arg>UG</arg>
<arg>UM</arg>
<arg>US</arg>
<arg>UY</arg>
<arg>UZ</arg>
<arg>VA</arg>
<arg>VC</arg>
<arg>VE</arg>
<arg>VG</arg>
<arg>VI</arg>
<arg>VN</arg>
<arg>VU</arg>
<arg>WF</arg>
<arg>WS</arg>
<arg>XK</arg>
<arg>YE</arg>
<arg>YT</arg>
<arg>ZA</arg>
<arg>ZM</arg>
<arg>ZW</arg>
<doc>Returns a list containing given items.</doc>
<status status="PASS" start="2024-08-05T16:18:49.152132" elapsed="0.000618"/>
</kw>
<kw name="List Should Contain Value" owner="Collections">
<arg>${list_country}</arg>
<arg>${name_country}</arg>
<doc>Fails if the ``value`` is not found from ``list``.</doc>
<status status="PASS" start="2024-08-05T16:18:49.153765" elapsed="0.000211"/>
</kw>
<kw name="Run Keyword If" owner="BuiltIn">
<kw name="Should Be True" owner="BuiltIn">
<arg>${True}</arg>
<doc>Fails if the given condition is not true.</doc>
<status status="PASS" start="2024-08-05T16:18:49.154956" elapsed="0.000145"/>
</kw>
<arg>${json_data["results"][0]["location"]["coordinates"]["latitude"]} &gt;= -90 and ${json_data["results"][0]["location"]["coordinates"]["latitude"]} &lt;= 90</arg>
<arg>Should Be True</arg>
<arg>${True}</arg>
<doc>Runs the given keyword with the given arguments, if ``condition`` is true.</doc>
<status status="PASS" start="2024-08-05T16:18:49.154176" elapsed="0.001075"/>
</kw>
<kw name="Run Keyword If" owner="BuiltIn">
<kw name="Should Be True" owner="BuiltIn">
<arg>${True}</arg>
<doc>Fails if the given condition is not true.</doc>
<status status="PASS" start="2024-08-05T16:18:49.156157" elapsed="0.000137"/>
</kw>
<arg>${json_data["results"][0]["location"]["coordinates"]["longitude"]} &gt;= -180 and ${json_data["results"][0]["location"]["coordinates"]["longitude"]} &lt;= 180</arg>
<arg>Should Be True</arg>
<arg>${True}</arg>
<doc>Runs the given keyword with the given arguments, if ``condition`` is true.</doc>
<status status="PASS" start="2024-08-05T16:18:49.155447" elapsed="0.000970"/>
</kw>
<status status="PASS" start="2024-08-05T16:18:48.631329" elapsed="0.525219"/>
</kw>
<doc>Testa o conteúdo específico dos campos retornados pela API.</doc>
<tag>testeConteudo</tag>
<status status="PASS" start="2024-08-05T16:18:48.630659" elapsed="0.526041"/>
</test>
<status status="PASS" start="2024-08-05T16:18:46.885190" elapsed="2.273486"/>
</suite>
<status status="PASS" start="2024-08-05T16:18:46.870366" elapsed="2.293382"/>
</suite>
<statistics>
<total>
<stat pass="5" fail="0" skip="0">All Tests</stat>
</total>
<tag>
<stat pass="1" fail="0" skip="0">testeConteudo</stat>
<stat pass="1" fail="0" skip="0">testeEstruturaResposta</stat>
<stat pass="1" fail="0" skip="0">testeRequisicaoBasica</stat>
<stat pass="1" fail="0" skip="0">testeTiposDados</stat>
</tag>
<suite>
<stat pass="5" fail="0" skip="0" id="s1" name="Tests">Tests</stat>
<stat pass="5" fail="0" skip="0" id="s1-s1" name="Random-User-Test">Tests.Random-User-Test</stat>
</suite>
</statistics>
<errors>
</errors>
</robot>
