<?xml version="1.0" encoding="UTF-8"?>
<robot generator="Robot 7.0.1 (Python 3.12.3 on linux)" generated="2024-06-18T02:31:45.646552" rpa="false" schemaversion="5">
<suite id="s1" name="Tests" source="/home/runner/work/ApiRandomUser/ApiRandomUser/RamdonUser/tests">
<suite id="s1-s1" name="Random-User-Test" source="/home/runner/work/ApiRandomUser/ApiRandomUser/RamdonUser/tests/random-user-test.robot">
<test id="s1-s1-t1" name="Conectar" line="13">
<kw name="Conectar API" owner="random-user-service">
<kw name="Create Session" owner="RequestsLibrary">
<msg time="2024-06-18T02:31:46.058627" level="INFO">Creating Session using : alias=consultarAPI, url=https://randomuser.me/, headers={},                     cookies={}, auth=None, timeout=None, proxies=None, verify=False,                     debug=0 </msg>
<arg>consultarAPI</arg>
<arg>${URL}</arg>
<doc>Create Session: create a HTTP session to a server</doc>
<status status="PASS" start="2024-06-18T02:31:46.058343" elapsed="0.000523"/>
</kw>
<status status="PASS" start="2024-06-18T02:31:46.056967" elapsed="0.002315"/>
</kw>
<status status="PASS" start="2024-06-18T02:31:46.056228" elapsed="0.003270"/>
</test>
<test id="s1-s1-t2" name="Validar retorno 200 e JSON Válido" line="16">
<kw name="Teste de Requisicao Basica" owner="random-user-service">
<kw name="GET On Session" owner="RequestsLibrary">
<msg time="2024-06-18T02:31:46.316365" level="INFO">GET Request : url=https://randomuser.me/api 
 path_url=/api 
 headers={'User-Agent': 'python-requests/2.32.3', 'Accept-Encoding': 'gzip, deflate', 'Accept': '*/*', 'Connection': 'keep-alive'} 
 body=None 
 </msg>
<msg time="2024-06-18T02:31:46.316596" level="INFO">GET Response : url=https://randomuser.me/api 
 status=200, reason=OK 
 headers={'Date': 'Tue, 18 Jun 2024 02:31:46 GMT', 'Content-Type': 'application/json; charset=utf-8', 'Transfer-Encoding': 'chunked', 'Connection': 'keep-alive', 'X-Powered-By': 'Express', 'Access-Control-Allow-Origin': '*', 'Cache-Control': 'no-cache', 'ETag': 'W/"48d-JC+4+ma2VPs9zDcMpUgbYP39oL4"', 'Vary': 'Accept-Encoding', 'Content-Encoding': 'gzip', 'CF-Cache-Status': 'DYNAMIC', 'Report-To': '{"endpoints":[{"url":"https:\\/\\/a.nel.cloudflare.com\\/report\\/v4?s=Sc4Tk%2BsZZeTn%2BiisNkby2ioD88HioUY2yhh4DYyPKwRXgKRBaLsJXYn%2Ff3XfajWHfUX2NOa8ECp3dviSitAYH%2B4wibJBBbFglVsy4PUvRIxejI8%2F1FNKDeQq0C3csDFS"}],"group":"cf-nel","max_age":604800}', 'NEL': '{"success_fraction":0,"report_to":"cf-nel","max_age":604800}', 'Server': 'cloudflare', 'CF-RAY': '8957dd71f963d03d-SJC', 'alt-svc': 'h3=":443"; ma=86400'} 
 body={"results":[{"gender":"male","name":{"title":"Mr","first":"Cristóbal","last":"Castro"},"location":{"street":{"number":3966,"name":"Avenida de Andalucía"},"city":"Cartagena","state":"Ceuta","country":"Spain","postcode":50930,"coordinates":{"latitude":"-31.6054","longitude":"-78.0102"},"timezone":{"offset":"+9:30","description":"Adelaide, Darwin"}},"email":"cristobal.castro@example.com","login":{"uuid":"32e60267-2502-4cc6-be06-3aff747a36d4","username":"beautifulgorilla291","password":"unbelievable","salt":"kvakXXx7","md5":"4d923f4d4357a40700f0a9005234489a","sha1":"8435e8bc83954b85ed1d7a28c42b73807f027c31","sha256":"e80bf1a1d8f69aba7ce906688110cae07e3b98212b16a6ea0a8424151d92ad57"},"dob":{"date":"1980-10-21T19:44:14.252Z","age":43},"registered":{"date":"2021-11-30T06:27:37.877Z","age":2},"phone":"942-462-483","cell":"670-925-071","id":{"name":"DNI","value":"89565661-M"},"picture":{"large":"https://randomuser.me/api/portraits/men/97.jpg","medium":"https://randomuser.me/api/portraits/med/men/97.jpg","thumbnail":"https://randomuser.me/api/portraits/thumb/men/97.jpg"},"nat":"ES"}],"info":{"seed":"dfc667cffe6f8b9e","results":1,"page":1,"version":"1.4"}} 
 </msg>
<msg time="2024-06-18T02:31:46.316728" level="INFO">/opt/hostedtoolcache/Python/3.12.3/x64/lib/python3.12/site-packages/urllib3/connectionpool.py:1099: InsecureRequestWarning: Unverified HTTPS request is being made to host 'randomuser.me'. Adding certificate verification is strongly advised. See: https://urllib3.readthedocs.io/en/latest/advanced-usage.html#tls-warnings
  warnings.warn(</msg>
<msg time="2024-06-18T02:31:46.316920" level="INFO">${response} = &lt;Response [200]&gt;</msg>
<var>${response}</var>
<arg>consultarAPI</arg>
<arg>/api</arg>
<doc>Sends a GET request on a previously created HTTP Session.</doc>
<status status="PASS" start="2024-06-18T02:31:46.062267" elapsed="0.254698"/>
</kw>
<kw name="Should Be Equal As Numbers" owner="BuiltIn">
<msg time="2024-06-18T02:31:46.318434" level="INFO">Argument types are:
&lt;class 'int'&gt;
&lt;class 'str'&gt;</msg>
<arg>${response.status_code}</arg>
<arg>200</arg>
<doc>Fails if objects are unequal after converting them to real numbers.</doc>
<status status="PASS" start="2024-06-18T02:31:46.317760" elapsed="0.000768"/>
</kw>
<kw name="Log" owner="BuiltIn">
<msg time="2024-06-18T02:31:46.319350" level="INFO">200</msg>
<arg>${response.status_code}</arg>
<doc>Logs the given message with the given level.</doc>
<status status="PASS" start="2024-06-18T02:31:46.318990" elapsed="0.000405"/>
</kw>
<kw name="Set Variable" owner="BuiltIn">
<msg time="2024-06-18T02:31:46.320170" level="INFO">${json_data} = {'results': [{'gender': 'male', 'name': {'title': 'Mr', 'first': 'Cristóbal', 'last': 'Castro'}, 'location': {'street': {'number': 3966, 'name': 'Avenida de Andalucía'}, 'city': 'Cartagena', 'state': ...</msg>
<var>${json_data}</var>
<arg>${response.json()}</arg>
<doc>Returns the given values which can then be assigned to a variables.</doc>
<status status="PASS" start="2024-06-18T02:31:46.319721" elapsed="0.000478"/>
</kw>
<kw name="Dictionary Should Contain Key" owner="Collections">
<arg>${json_data}</arg>
<arg>results</arg>
<doc>Fails if ``key`` is not found from ``dictionary``.</doc>
<status status="PASS" start="2024-06-18T02:31:46.320507" elapsed="0.000171"/>
</kw>
<status status="PASS" start="2024-06-18T02:31:46.061993" elapsed="0.258836"/>
</kw>
<doc>Testa se a API responde corretamente e retorna um objeto JSON válido.</doc>
<tag>testeRequisicaoBasica</tag>
<status status="PASS" start="2024-06-18T02:31:46.061428" elapsed="0.259578"/>
</test>
<test id="s1-s1-t3" name="Validar estrutura de resposta" line="22">
<kw name="Teste de Estrutura de Resposta" owner="random-user-service">
<kw name="GET On Session" owner="RequestsLibrary">
<msg time="2024-06-18T02:31:46.460250" level="INFO">GET Request : url=https://randomuser.me/api 
 path_url=/api 
 headers={'User-Agent': 'python-requests/2.32.3', 'Accept-Encoding': 'gzip, deflate', 'Accept': '*/*', 'Connection': 'keep-alive'} 
 body=None 
 </msg>
<msg time="2024-06-18T02:31:46.460377" level="INFO">GET Response : url=https://randomuser.me/api 
 status=200, reason=OK 
 headers={'Date': 'Tue, 18 Jun 2024 02:31:46 GMT', 'Content-Type': 'application/json; charset=utf-8', 'Transfer-Encoding': 'chunked', 'Connection': 'keep-alive', 'X-Powered-By': 'Express', 'Access-Control-Allow-Origin': '*', 'Cache-Control': 'no-cache', 'ETag': 'W/"493-axqLkA9JqP/+II6ip2JV11NzEDE"', 'Vary': 'Accept-Encoding', 'Content-Encoding': 'gzip', 'CF-Cache-Status': 'DYNAMIC', 'Report-To': '{"endpoints":[{"url":"https:\\/\\/a.nel.cloudflare.com\\/report\\/v4?s=XsMFJPBlW4gvC81MQ2a5%2B6cRoduqf%2Bwh54UNLBsx8EhHRXXrHqIy%2B7cHuIkVNMaD0VsxbQp3iaVX5FruCJ34tbTd5Intzt%2BrjaEc9J31d46N2nJJz0%2Fg1kbDlYeI9vMg"}],"group":"cf-nel","max_age":604800}', 'NEL': '{"success_fraction":0,"report_to":"cf-nel","max_age":604800}', 'Server': 'cloudflare', 'CF-RAY': '8957dd7289ddd03d-SJC', 'alt-svc': 'h3=":443"; ma=86400'} 
 body={"results":[{"gender":"female","name":{"title":"Miss","first":"Lyubanya","last":"Tatarchuk"},"location":{"street":{"number":9459,"name":"Oleksandra Pushkina"},"city":"Zhovti Vodi","state":"Kiyivska","country":"Ukraine","postcode":20095,"coordinates":{"latitude":"73.7678","longitude":"101.9804"},"timezone":{"offset":"-12:00","description":"Eniwetok, Kwajalein"}},"email":"lyubanya.tatarchuk@example.com","login":{"uuid":"7d40f346-1abc-45e7-8914-72ca68f867f4","username":"brownkoala259","password":"baltimor","salt":"ORVu5DcL","md5":"ded860dfd272fdda3e769790b20e5859","sha1":"b95a2b1924820d60c9ed835d3977a819215c7439","sha256":"b21529eac16491ebd822b147a16018e9793920e529f7bd3090296d4f3d0b2ee7"},"dob":{"date":"1990-01-12T22:51:59.003Z","age":34},"registered":{"date":"2015-12-10T22:51:15.133Z","age":8},"phone":"(096) Y54-4924","cell":"(099) S94-0663","id":{"name":"","value":null},"picture":{"large":"https://randomuser.me/api/portraits/women/42.jpg","medium":"https://randomuser.me/api/portraits/med/women/42.jpg","thumbnail":"https://randomuser.me/api/portraits/thumb/women/42.jpg"},"nat":"UA"}],"info":{"seed":"c12a16bb2c31a97c","results":1,"page":1,"version":"1.4"}} 
 </msg>
<msg time="2024-06-18T02:31:46.460544" level="INFO">/opt/hostedtoolcache/Python/3.12.3/x64/lib/python3.12/site-packages/urllib3/connectionpool.py:1099: InsecureRequestWarning: Unverified HTTPS request is being made to host 'randomuser.me'. Adding certificate verification is strongly advised. See: https://urllib3.readthedocs.io/en/latest/advanced-usage.html#tls-warnings
  warnings.warn(</msg>
<msg time="2024-06-18T02:31:46.460694" level="INFO">${response} = &lt;Response [200]&gt;</msg>
<var>${response}</var>
<arg>consultarAPI</arg>
<arg>/api</arg>
<doc>Sends a GET request on a previously created HTTP Session.</doc>
<status status="PASS" start="2024-06-18T02:31:46.323791" elapsed="0.136944"/>
</kw>
<kw name="Set Variable" owner="BuiltIn">
<msg time="2024-06-18T02:31:46.461814" level="INFO">${json_data} = {'results': [{'gender': 'female', 'name': {'title': 'Miss', 'first': 'Lyubanya', 'last': 'Tatarchuk'}, 'location': {'street': {'number': 9459, 'name': 'Oleksandra Pushkina'}, 'city': 'Zhovti Vodi', 's...</msg>
<var>${json_data}</var>
<arg>${response.json()}</arg>
<doc>Returns the given values which can then be assigned to a variables.</doc>
<status status="PASS" start="2024-06-18T02:31:46.461248" elapsed="0.000596"/>
</kw>
<kw name="Log" owner="BuiltIn">
<msg time="2024-06-18T02:31:46.462335" level="INFO">{'results': [{'gender': 'female', 'name': {'title': 'Miss', 'first': 'Lyubanya', 'last': 'Tatarchuk'}, 'location': {'street': {'number': 9459, 'name': 'Oleksandra Pushkina'}, 'city': 'Zhovti Vodi', 'state': 'Kiyivska', 'country': 'Ukraine', 'postcode': 20095, 'coordinates': {'latitude': '73.7678', 'longitude': '101.9804'}, 'timezone': {'offset': '-12:00', 'description': 'Eniwetok, Kwajalein'}}, 'email': 'lyubanya.tatarchuk@example.com', 'login': {'uuid': '7d40f346-1abc-45e7-8914-72ca68f867f4', 'username': 'brownkoala259', 'password': 'baltimor', 'salt': 'ORVu5DcL', 'md5': 'ded860dfd272fdda3e769790b20e5859', 'sha1': 'b95a2b1924820d60c9ed835d3977a819215c7439', 'sha256': 'b21529eac16491ebd822b147a16018e9793920e529f7bd3090296d4f3d0b2ee7'}, 'dob': {'date': '1990-01-12T22:51:59.003Z', 'age': 34}, 'registered': {'date': '2015-12-10T22:51:15.133Z', 'age': 8}, 'phone': '(096) Y54-4924', 'cell': '(099) S94-0663', 'id': {'name': '', 'value': None}, 'picture': {'large': 'https://randomuser.me/api/portraits/women/42.jpg', 'medium': 'https://randomuser.me/api/portraits/med/women/42.jpg', 'thumbnail': 'https://randomuser.me/api/portraits/thumb/women/42.jpg'}, 'nat': 'UA'}], 'info': {'seed': 'c12a16bb2c31a97c', 'results': 1, 'page': 1, 'version': '1.4'}}</msg>
<arg>${json_data}</arg>
<doc>Logs the given message with the given level.</doc>
<status status="PASS" start="2024-06-18T02:31:46.462171" elapsed="0.000215"/>
</kw>
<kw name="Dictionary Should Contain Key" owner="Collections">
<arg>${json_data}</arg>
<arg>results</arg>
<doc>Fails if ``key`` is not found from ``dictionary``.</doc>
<status status="PASS" start="2024-06-18T02:31:46.462689" elapsed="0.000164"/>
</kw>
<kw name="Should Not Be Empty" owner="BuiltIn">
<msg time="2024-06-18T02:31:46.463173" level="INFO">Length is 2.</msg>
<arg>${json_data}</arg>
<doc>Verifies that the given item is not empty.</doc>
<status status="PASS" start="2024-06-18T02:31:46.463045" elapsed="0.000168"/>
</kw>
<kw name="Create List" owner="BuiltIn">
<msg time="2024-06-18T02:31:46.463663" level="INFO">${expected_keys} = ['gender', 'name', 'location', 'email', 'login']</msg>
<var>${expected_keys}</var>
<arg>gender</arg>
<arg>name</arg>
<arg>location</arg>
<arg>email</arg>
<arg>login</arg>
<doc>Returns a list containing given items.</doc>
<status status="PASS" start="2024-06-18T02:31:46.463511" elapsed="0.000177"/>
</kw>
<for flavor="IN">
<iter>
<kw name="Dictionary Should Contain Key" owner="Collections">
<arg>${json_data['results'][0]}</arg>
<arg>${key}</arg>
<doc>Fails if ``key`` is not found from ``dictionary``.</doc>
<status status="PASS" start="2024-06-18T02:31:46.464303" elapsed="0.000426"/>
</kw>
<kw name="Log" owner="BuiltIn">
<msg time="2024-06-18T02:31:46.465301" level="INFO">{'gender': 'female', 'name': {'title': 'Miss', 'first': 'Lyubanya', 'last': 'Tatarchuk'}, 'location': {'street': {'number': 9459, 'name': 'Oleksandra Pushkina'}, 'city': 'Zhovti Vodi', 'state': 'Kiyivska', 'country': 'Ukraine', 'postcode': 20095, 'coordinates': {'latitude': '73.7678', 'longitude': '101.9804'}, 'timezone': {'offset': '-12:00', 'description': 'Eniwetok, Kwajalein'}}, 'email': 'lyubanya.tatarchuk@example.com', 'login': {'uuid': '7d40f346-1abc-45e7-8914-72ca68f867f4', 'username': 'brownkoala259', 'password': 'baltimor', 'salt': 'ORVu5DcL', 'md5': 'ded860dfd272fdda3e769790b20e5859', 'sha1': 'b95a2b1924820d60c9ed835d3977a819215c7439', 'sha256': 'b21529eac16491ebd822b147a16018e9793920e529f7bd3090296d4f3d0b2ee7'}, 'dob': {'date': '1990-01-12T22:51:59.003Z', 'age': 34}, 'registered': {'date': '2015-12-10T22:51:15.133Z', 'age': 8}, 'phone': '(096) Y54-4924', 'cell': '(099) S94-0663', 'id': {'name': '', 'value': None}, 'picture': {'large': 'https://randomuser.me/api/portraits/women/42.jpg', 'medium': 'https://randomuser.me/api/portraits/med/women/42.jpg', 'thumbnail': 'https://randomuser.me/api/portraits/thumb/women/42.jpg'}, 'nat': 'UA'}</msg>
<arg>${json_data['results'][0]}</arg>
<doc>Logs the given message with the given level.</doc>
<status status="PASS" start="2024-06-18T02:31:46.464929" elapsed="0.000422"/>
</kw>
<kw name="Log" owner="BuiltIn">
<msg time="2024-06-18T02:31:46.465820" level="INFO">gender</msg>
<arg>${key}</arg>
<doc>Logs the given message with the given level.</doc>
<status status="PASS" start="2024-06-18T02:31:46.465689" elapsed="0.000170"/>
</kw>
<var name="${key}">gender</var>
<status status="PASS" start="2024-06-18T02:31:46.464165" elapsed="0.001920"/>
</iter>
<iter>
<kw name="Dictionary Should Contain Key" owner="Collections">
<arg>${json_data['results'][0]}</arg>
<arg>${key}</arg>
<doc>Fails if ``key`` is not found from ``dictionary``.</doc>
<status status="PASS" start="2024-06-18T02:31:46.466401" elapsed="0.000393"/>
</kw>
<kw name="Log" owner="BuiltIn">
<msg time="2024-06-18T02:31:46.467341" level="INFO">{'gender': 'female', 'name': {'title': 'Miss', 'first': 'Lyubanya', 'last': 'Tatarchuk'}, 'location': {'street': {'number': 9459, 'name': 'Oleksandra Pushkina'}, 'city': 'Zhovti Vodi', 'state': 'Kiyivska', 'country': 'Ukraine', 'postcode': 20095, 'coordinates': {'latitude': '73.7678', 'longitude': '101.9804'}, 'timezone': {'offset': '-12:00', 'description': 'Eniwetok, Kwajalein'}}, 'email': 'lyubanya.tatarchuk@example.com', 'login': {'uuid': '7d40f346-1abc-45e7-8914-72ca68f867f4', 'username': 'brownkoala259', 'password': 'baltimor', 'salt': 'ORVu5DcL', 'md5': 'ded860dfd272fdda3e769790b20e5859', 'sha1': 'b95a2b1924820d60c9ed835d3977a819215c7439', 'sha256': 'b21529eac16491ebd822b147a16018e9793920e529f7bd3090296d4f3d0b2ee7'}, 'dob': {'date': '1990-01-12T22:51:59.003Z', 'age': 34}, 'registered': {'date': '2015-12-10T22:51:15.133Z', 'age': 8}, 'phone': '(096) Y54-4924', 'cell': '(099) S94-0663', 'id': {'name': '', 'value': None}, 'picture': {'large': 'https://randomuser.me/api/portraits/women/42.jpg', 'medium': 'https://randomuser.me/api/portraits/med/women/42.jpg', 'thumbnail': 'https://randomuser.me/api/portraits/thumb/women/42.jpg'}, 'nat': 'UA'}</msg>
<arg>${json_data['results'][0]}</arg>
<doc>Logs the given message with the given level.</doc>
<status status="PASS" start="2024-06-18T02:31:46.466983" elapsed="0.000444"/>
</kw>
<kw name="Log" owner="BuiltIn">
<msg time="2024-06-18T02:31:46.467865" level="INFO">name</msg>
<arg>${key}</arg>
<doc>Logs the given message with the given level.</doc>
<status status="PASS" start="2024-06-18T02:31:46.467736" elapsed="0.000167"/>
</kw>
<var name="${key}">name</var>
<status status="PASS" start="2024-06-18T02:31:46.466282" elapsed="0.001847"/>
</iter>
<iter>
<kw name="Dictionary Should Contain Key" owner="Collections">
<arg>${json_data['results'][0]}</arg>
<arg>${key}</arg>
<doc>Fails if ``key`` is not found from ``dictionary``.</doc>
<status status="PASS" start="2024-06-18T02:31:46.468423" elapsed="0.000388"/>
</kw>
<kw name="Log" owner="BuiltIn">
<msg time="2024-06-18T02:31:46.469357" level="INFO">{'gender': 'female', 'name': {'title': 'Miss', 'first': 'Lyubanya', 'last': 'Tatarchuk'}, 'location': {'street': {'number': 9459, 'name': 'Oleksandra Pushkina'}, 'city': 'Zhovti Vodi', 'state': 'Kiyivska', 'country': 'Ukraine', 'postcode': 20095, 'coordinates': {'latitude': '73.7678', 'longitude': '101.9804'}, 'timezone': {'offset': '-12:00', 'description': 'Eniwetok, Kwajalein'}}, 'email': 'lyubanya.tatarchuk@example.com', 'login': {'uuid': '7d40f346-1abc-45e7-8914-72ca68f867f4', 'username': 'brownkoala259', 'password': 'baltimor', 'salt': 'ORVu5DcL', 'md5': 'ded860dfd272fdda3e769790b20e5859', 'sha1': 'b95a2b1924820d60c9ed835d3977a819215c7439', 'sha256': 'b21529eac16491ebd822b147a16018e9793920e529f7bd3090296d4f3d0b2ee7'}, 'dob': {'date': '1990-01-12T22:51:59.003Z', 'age': 34}, 'registered': {'date': '2015-12-10T22:51:15.133Z', 'age': 8}, 'phone': '(096) Y54-4924', 'cell': '(099) S94-0663', 'id': {'name': '', 'value': None}, 'picture': {'large': 'https://randomuser.me/api/portraits/women/42.jpg', 'medium': 'https://randomuser.me/api/portraits/med/women/42.jpg', 'thumbnail': 'https://randomuser.me/api/portraits/thumb/women/42.jpg'}, 'nat': 'UA'}</msg>
<arg>${json_data['results'][0]}</arg>
<doc>Logs the given message with the given level.</doc>
<status status="PASS" start="2024-06-18T02:31:46.469004" elapsed="0.000400"/>
</kw>
<kw name="Log" owner="BuiltIn">
<msg time="2024-06-18T02:31:46.469855" level="INFO">location</msg>
<arg>${key}</arg>
<doc>Logs the given message with the given level.</doc>
<status status="PASS" start="2024-06-18T02:31:46.469726" elapsed="0.000167"/>
</kw>
<var name="${key}">location</var>
<status status="PASS" start="2024-06-18T02:31:46.468312" elapsed="0.001799"/>
</iter>
<iter>
<kw name="Dictionary Should Contain Key" owner="Collections">
<arg>${json_data['results'][0]}</arg>
<arg>${key}</arg>
<doc>Fails if ``key`` is not found from ``dictionary``.</doc>
<status status="PASS" start="2024-06-18T02:31:46.470391" elapsed="0.000381"/>
</kw>
<kw name="Log" owner="BuiltIn">
<msg time="2024-06-18T02:31:46.471311" level="INFO">{'gender': 'female', 'name': {'title': 'Miss', 'first': 'Lyubanya', 'last': 'Tatarchuk'}, 'location': {'street': {'number': 9459, 'name': 'Oleksandra Pushkina'}, 'city': 'Zhovti Vodi', 'state': 'Kiyivska', 'country': 'Ukraine', 'postcode': 20095, 'coordinates': {'latitude': '73.7678', 'longitude': '101.9804'}, 'timezone': {'offset': '-12:00', 'description': 'Eniwetok, Kwajalein'}}, 'email': 'lyubanya.tatarchuk@example.com', 'login': {'uuid': '7d40f346-1abc-45e7-8914-72ca68f867f4', 'username': 'brownkoala259', 'password': 'baltimor', 'salt': 'ORVu5DcL', 'md5': 'ded860dfd272fdda3e769790b20e5859', 'sha1': 'b95a2b1924820d60c9ed835d3977a819215c7439', 'sha256': 'b21529eac16491ebd822b147a16018e9793920e529f7bd3090296d4f3d0b2ee7'}, 'dob': {'date': '1990-01-12T22:51:59.003Z', 'age': 34}, 'registered': {'date': '2015-12-10T22:51:15.133Z', 'age': 8}, 'phone': '(096) Y54-4924', 'cell': '(099) S94-0663', 'id': {'name': '', 'value': None}, 'picture': {'large': 'https://randomuser.me/api/portraits/women/42.jpg', 'medium': 'https://randomuser.me/api/portraits/med/women/42.jpg', 'thumbnail': 'https://randomuser.me/api/portraits/thumb/women/42.jpg'}, 'nat': 'UA'}</msg>
<arg>${json_data['results'][0]}</arg>
<doc>Logs the given message with the given level.</doc>
<status status="PASS" start="2024-06-18T02:31:46.470955" elapsed="0.000406"/>
</kw>
<kw name="Log" owner="BuiltIn">
<msg time="2024-06-18T02:31:46.471813" level="INFO">email</msg>
<arg>${key}</arg>
<doc>Logs the given message with the given level.</doc>
<status status="PASS" start="2024-06-18T02:31:46.471686" elapsed="0.000165"/>
</kw>
<var name="${key}">email</var>
<status status="PASS" start="2024-06-18T02:31:46.470284" elapsed="0.001785"/>
</iter>
<iter>
<kw name="Dictionary Should Contain Key" owner="Collections">
<arg>${json_data['results'][0]}</arg>
<arg>${key}</arg>
<doc>Fails if ``key`` is not found from ``dictionary``.</doc>
<status status="PASS" start="2024-06-18T02:31:46.472359" elapsed="0.000375"/>
</kw>
<kw name="Log" owner="BuiltIn">
<msg time="2024-06-18T02:31:46.473261" level="INFO">{'gender': 'female', 'name': {'title': 'Miss', 'first': 'Lyubanya', 'last': 'Tatarchuk'}, 'location': {'street': {'number': 9459, 'name': 'Oleksandra Pushkina'}, 'city': 'Zhovti Vodi', 'state': 'Kiyivska', 'country': 'Ukraine', 'postcode': 20095, 'coordinates': {'latitude': '73.7678', 'longitude': '101.9804'}, 'timezone': {'offset': '-12:00', 'description': 'Eniwetok, Kwajalein'}}, 'email': 'lyubanya.tatarchuk@example.com', 'login': {'uuid': '7d40f346-1abc-45e7-8914-72ca68f867f4', 'username': 'brownkoala259', 'password': 'baltimor', 'salt': 'ORVu5DcL', 'md5': 'ded860dfd272fdda3e769790b20e5859', 'sha1': 'b95a2b1924820d60c9ed835d3977a819215c7439', 'sha256': 'b21529eac16491ebd822b147a16018e9793920e529f7bd3090296d4f3d0b2ee7'}, 'dob': {'date': '1990-01-12T22:51:59.003Z', 'age': 34}, 'registered': {'date': '2015-12-10T22:51:15.133Z', 'age': 8}, 'phone': '(096) Y54-4924', 'cell': '(099) S94-0663', 'id': {'name': '', 'value': None}, 'picture': {'large': 'https://randomuser.me/api/portraits/women/42.jpg', 'medium': 'https://randomuser.me/api/portraits/med/women/42.jpg', 'thumbnail': 'https://randomuser.me/api/portraits/thumb/women/42.jpg'}, 'nat': 'UA'}</msg>
<arg>${json_data['results'][0]}</arg>
<doc>Logs the given message with the given level.</doc>
<status status="PASS" start="2024-06-18T02:31:46.472916" elapsed="0.000393"/>
</kw>
<kw name="Log" owner="BuiltIn">
<msg time="2024-06-18T02:31:46.473910" level="INFO">login</msg>
<arg>${key}</arg>
<doc>Logs the given message with the given level.</doc>
<status status="PASS" start="2024-06-18T02:31:46.473645" elapsed="0.000302"/>
</kw>
<var name="${key}">login</var>
<status status="PASS" start="2024-06-18T02:31:46.472251" elapsed="0.001915"/>
</iter>
<var>${key}</var>
<value>@{expected_keys}</value>
<status status="PASS" start="2024-06-18T02:31:46.463961" elapsed="0.010326"/>
</for>
<kw name="Create List" owner="BuiltIn">
<msg time="2024-06-18T02:31:46.474618" level="INFO">${expected_keysTwo} = ['username', 'password']</msg>
<var>${expected_keysTwo}</var>
<arg>username</arg>
<arg>password</arg>
<doc>Returns a list containing given items.</doc>
<status status="PASS" start="2024-06-18T02:31:46.474481" elapsed="0.000188"/>
</kw>
<for flavor="IN">
<iter>
<kw name="Dictionary Should Contain Key" owner="Collections">
<arg>${json_data['results'][0]['login']}</arg>
<arg>${keyTwo}</arg>
<doc>Fails if ``key`` is not found from ``dictionary``.</doc>
<status status="PASS" start="2024-06-18T02:31:46.475207" elapsed="0.000389"/>
</kw>
<kw name="Dictionary Should Contain Key" owner="Collections">
<arg>${json_data['results'][0]['login']}</arg>
<arg>${keyTwo}</arg>
<doc>Fails if ``key`` is not found from ``dictionary``.</doc>
<status status="PASS" start="2024-06-18T02:31:46.475780" elapsed="0.000371"/>
</kw>
<kw name="Log" owner="BuiltIn">
<msg time="2024-06-18T02:31:46.476450" level="INFO">username</msg>
<arg>${keyTwo}</arg>
<doc>Logs the given message with the given level.</doc>
<status status="PASS" start="2024-06-18T02:31:46.476330" elapsed="0.000156"/>
</kw>
<var name="${keyTwo}">username</var>
<status status="PASS" start="2024-06-18T02:31:46.475098" elapsed="0.001606"/>
</iter>
<iter>
<kw name="Dictionary Should Contain Key" owner="Collections">
<arg>${json_data['results'][0]['login']}</arg>
<arg>${keyTwo}</arg>
<doc>Fails if ``key`` is not found from ``dictionary``.</doc>
<status status="PASS" start="2024-06-18T02:31:46.476983" elapsed="0.000373"/>
</kw>
<kw name="Dictionary Should Contain Key" owner="Collections">
<arg>${json_data['results'][0]['login']}</arg>
<arg>${keyTwo}</arg>
<doc>Fails if ``key`` is not found from ``dictionary``.</doc>
<status status="PASS" start="2024-06-18T02:31:46.477536" elapsed="0.000422"/>
</kw>
<kw name="Log" owner="BuiltIn">
<msg time="2024-06-18T02:31:46.478259" level="INFO">password</msg>
<arg>${keyTwo}</arg>
<doc>Logs the given message with the given level.</doc>
<status status="PASS" start="2024-06-18T02:31:46.478139" elapsed="0.000157"/>
</kw>
<var name="${keyTwo}">password</var>
<status status="PASS" start="2024-06-18T02:31:46.476875" elapsed="0.001647"/>
</iter>
<var>${keyTwo}</var>
<value>@{expected_keysTwo}</value>
<status status="PASS" start="2024-06-18T02:31:46.474931" elapsed="0.003713"/>
</for>
<status status="PASS" start="2024-06-18T02:31:46.323554" elapsed="0.155233"/>
</kw>
<doc>Testa a estrutura da resposta da API.</doc>
<tag>testeEstruturaResposta</tag>
<status status="PASS" start="2024-06-18T02:31:46.322885" elapsed="0.156064"/>
</test>
<test id="s1-s1-t4" name="Validar tipos de dados" line="28">
<kw name="Teste de Tipos de Dados" owner="random-user-service">
<kw name="GET On Session" owner="RequestsLibrary">
<msg time="2024-06-18T02:31:46.760083" level="INFO">GET Request : url=https://randomuser.me/api 
 path_url=/api 
 headers={'User-Agent': 'python-requests/2.32.3', 'Accept-Encoding': 'gzip, deflate', 'Accept': '*/*', 'Connection': 'keep-alive'} 
 body=None 
 </msg>
<msg time="2024-06-18T02:31:46.760193" level="INFO">GET Response : url=https://randomuser.me/api 
 status=200, reason=OK 
 headers={'Date': 'Tue, 18 Jun 2024 02:31:46 GMT', 'Content-Type': 'application/json; charset=utf-8', 'Transfer-Encoding': 'chunked', 'Connection': 'keep-alive', 'X-Powered-By': 'Express', 'Access-Control-Allow-Origin': '*', 'Cache-Control': 'no-cache', 'ETag': 'W/"48b-wsdSzp7BXKhnHEfgq/aDuZSXLnY"', 'Vary': 'Accept-Encoding', 'Content-Encoding': 'gzip', 'CF-Cache-Status': 'DYNAMIC', 'Report-To': '{"endpoints":[{"url":"https:\\/\\/a.nel.cloudflare.com\\/report\\/v4?s=4K9idcffBhaaB1yCsF1EC3p2bAnRL%2Fl58UZ%2F%2BIim5NMMYTsSDR5eWJ5M6URkqcsJQG9r3afzcZPU7lG2d1uxPqVBSMfNhp6o7NU2u52fmjcj34RJz4DyvPCBI1NlZmKL"}],"group":"cf-nel","max_age":604800}', 'NEL': '{"success_fraction":0,"report_to":"cf-nel","max_age":604800}', 'Server': 'cloudflare', 'CF-RAY': '8957dd738ae0d03d-SJC', 'alt-svc': 'h3=":443"; ma=86400'} 
 body={"results":[{"gender":"male","name":{"title":"Mr","first":"Edin","last":"Sundby"},"location":{"street":{"number":7866,"name":"Halvor Blinderens plass"},"city":"Grua","state":"Description","country":"Norway","postcode":"8515","coordinates":{"latitude":"46.3959","longitude":"-72.8629"},"timezone":{"offset":"+1:00","description":"Brussels, Copenhagen, Madrid, Paris"}},"email":"edin.sundby@example.com","login":{"uuid":"3d7c4332-59fd-41f1-b649-9cc2f9aca2d3","username":"crazymeercat638","password":"highheel","salt":"uK7Yg7eD","md5":"092b9b581d7cd7656ccf72659267ccb6","sha1":"d06c656c53e6996057e839f702da52a406000f0e","sha256":"2dbd36181eba6fd4569695569265ecee299f5bf46abd8f0205137ce6ad78c73d"},"dob":{"date":"1990-10-03T00:55:58.344Z","age":33},"registered":{"date":"2017-09-03T02:38:56.672Z","age":6},"phone":"85676182","cell":"96599860","id":{"name":"FN","value":"03109042748"},"picture":{"large":"https://randomuser.me/api/portraits/men/17.jpg","medium":"https://randomuser.me/api/portraits/med/men/17.jpg","thumbnail":"https://randomuser.me/api/portraits/thumb/men/17.jpg"},"nat":"NO"}],"info":{"seed":"f397a6fc4da830f0","results":1,"page":1,"version":"1.4"}} 
 </msg>
<msg time="2024-06-18T02:31:46.760276" level="INFO">/opt/hostedtoolcache/Python/3.12.3/x64/lib/python3.12/site-packages/urllib3/connectionpool.py:1099: InsecureRequestWarning: Unverified HTTPS request is being made to host 'randomuser.me'. Adding certificate verification is strongly advised. See: https://urllib3.readthedocs.io/en/latest/advanced-usage.html#tls-warnings
  warnings.warn(</msg>
<msg time="2024-06-18T02:31:46.760412" level="INFO">${response} = &lt;Response [200]&gt;</msg>
<var>${response}</var>
<arg>consultarAPI</arg>
<arg>/api</arg>
<doc>Sends a GET request on a previously created HTTP Session.</doc>
<status status="PASS" start="2024-06-18T02:31:46.481501" elapsed="0.278951"/>
</kw>
<kw name="Set Variable" owner="BuiltIn">
<msg time="2024-06-18T02:31:46.761507" level="INFO">${json_data} = {'results': [{'gender': 'male', 'name': {'title': 'Mr', 'first': 'Edin', 'last': 'Sundby'}, 'location': {'street': {'number': 7866, 'name': 'Halvor Blinderens plass'}, 'city': 'Grua', 'state': 'Descri...</msg>
<var>${json_data}</var>
<arg>${response.json()}</arg>
<doc>Returns the given values which can then be assigned to a variables.</doc>
<status status="PASS" start="2024-06-18T02:31:46.760990" elapsed="0.000545"/>
</kw>
<kw name="Log" owner="BuiltIn">
<msg time="2024-06-18T02:31:46.762077" level="INFO">{'results': [{'gender': 'male', 'name': {'title': 'Mr', 'first': 'Edin', 'last': 'Sundby'}, 'location': {'street': {'number': 7866, 'name': 'Halvor Blinderens plass'}, 'city': 'Grua', 'state': 'Description', 'country': 'Norway', 'postcode': '8515', 'coordinates': {'latitude': '46.3959', 'longitude': '-72.8629'}, 'timezone': {'offset': '+1:00', 'description': 'Brussels, Copenhagen, Madrid, Paris'}}, 'email': 'edin.sundby@example.com', 'login': {'uuid': '3d7c4332-59fd-41f1-b649-9cc2f9aca2d3', 'username': 'crazymeercat638', 'password': 'highheel', 'salt': 'uK7Yg7eD', 'md5': '092b9b581d7cd7656ccf72659267ccb6', 'sha1': 'd06c656c53e6996057e839f702da52a406000f0e', 'sha256': '2dbd36181eba6fd4569695569265ecee299f5bf46abd8f0205137ce6ad78c73d'}, 'dob': {'date': '1990-10-03T00:55:58.344Z', 'age': 33}, 'registered': {'date': '2017-09-03T02:38:56.672Z', 'age': 6}, 'phone': '85676182', 'cell': '96599860', 'id': {'name': 'FN', 'value': '03109042748'}, 'picture': {'large': 'https://randomuser.me/api/portraits/men/17.jpg', 'medium': 'https://randomuser.me/api/portraits/med/men/17.jpg', 'thumbnail': 'https://randomuser.me/api/portraits/thumb/men/17.jpg'}, 'nat': 'NO'}], 'info': {'seed': 'f397a6fc4da830f0', 'results': 1, 'page': 1, 'version': '1.4'}}</msg>
<arg>${json_data}</arg>
<doc>Logs the given message with the given level.</doc>
<status status="PASS" start="2024-06-18T02:31:46.761917" elapsed="0.000208"/>
</kw>
<kw name="Should Be String" owner="String">
<arg>${json_data['results'][0]['gender']}</arg>
<doc>Fails if the given ``item`` is not a string.</doc>
<status status="PASS" start="2024-06-18T02:31:46.762412" elapsed="0.000363"/>
</kw>
<kw name="Should Match Regexp" owner="BuiltIn">
<arg>${json_data['results'][0]['email']}</arg>
<arg>^[a-zA-Z0-9._%+-]+@[a-zA-Z0-9.-]+\.[a-zA-Z]{2,}$</arg>
<doc>Fails if ``string`` does not match ``pattern`` as a regular expression.</doc>
<status status="PASS" start="2024-06-18T02:31:46.762965" elapsed="0.000514"/>
</kw>
<kw name="Should Match Regexp" owner="BuiltIn">
<arg>${json_data['results'][0]['dob']['date']}</arg>
<arg>\\d{4}-\\d{2}-\\d{2}T\\d{2}:\\d{2}:\\d{2}\\.\\d{3}Z</arg>
<doc>Fails if ``string`` does not match ``pattern`` as a regular expression.</doc>
<status status="PASS" start="2024-06-18T02:31:46.763708" elapsed="0.000484"/>
</kw>
<kw name="Should Match Regexp" owner="BuiltIn">
<arg>${json_data['results'][0]['registered']['date']}</arg>
<arg>\\d{4}-\\d{2}-\\d{2}T\\d{2}:\\d{2}:\\d{2}\\.\\d{3}Z</arg>
<doc>Fails if ``string`` does not match ``pattern`` as a regular expression.</doc>
<status status="PASS" start="2024-06-18T02:31:46.764390" elapsed="0.000357"/>
</kw>
<kw name="Should Match Regexp" owner="BuiltIn">
<arg>${json_data['results'][0]['picture']['large']}</arg>
<arg>^https?://.*\.(?:png|jpe?g|gif|bmp)$</arg>
<doc>Fails if ``string`` does not match ``pattern`` as a regular expression.</doc>
<status status="PASS" start="2024-06-18T02:31:46.764929" elapsed="0.000452"/>
</kw>
<kw name="Should Match Regexp" owner="BuiltIn">
<arg>${json_data['results'][0]['picture']['medium']}</arg>
<arg>^https?://.*\.(?:png|jpe?g|gif|bmp)$</arg>
<doc>Fails if ``string`` does not match ``pattern`` as a regular expression.</doc>
<status status="PASS" start="2024-06-18T02:31:46.765608" elapsed="0.000361"/>
</kw>
<kw name="Should Match Regexp" owner="BuiltIn">
<arg>${json_data['results'][0]['picture']['thumbnail']}</arg>
<arg>^https?://.*\.(?:png|jpe?g|gif|bmp)$</arg>
<doc>Fails if ``string`` does not match ``pattern`` as a regular expression.</doc>
<status status="PASS" start="2024-06-18T02:31:46.766152" elapsed="0.000353"/>
</kw>
<kw name="Log" owner="BuiltIn">
<msg time="2024-06-18T02:31:46.767022" level="INFO">{'large': 'https://randomuser.me/api/portraits/men/17.jpg', 'medium': 'https://randomuser.me/api/portraits/med/men/17.jpg', 'thumbnail': 'https://randomuser.me/api/portraits/thumb/men/17.jpg'}</msg>
<arg>${json_data['results'][0]['picture']}</arg>
<doc>Logs the given message with the given level.</doc>
<status status="PASS" start="2024-06-18T02:31:46.766690" elapsed="0.000374"/>
</kw>
<status status="PASS" start="2024-06-18T02:31:46.481264" elapsed="0.286066"/>
</kw>
<kw name="Teste de Tipos de Dados - Postcode" owner="random-user-service">
<kw name="GET On Session" owner="RequestsLibrary">
<msg time="2024-06-18T02:31:47.063906" level="INFO">GET Request : url=https://randomuser.me/api 
 path_url=/api 
 headers={'User-Agent': 'python-requests/2.32.3', 'Accept-Encoding': 'gzip, deflate', 'Accept': '*/*', 'Connection': 'keep-alive'} 
 body=None 
 </msg>
<msg time="2024-06-18T02:31:47.064003" level="INFO">GET Response : url=https://randomuser.me/api 
 status=200, reason=OK 
 headers={'Date': 'Tue, 18 Jun 2024 02:31:47 GMT', 'Content-Type': 'application/json; charset=utf-8', 'Transfer-Encoding': 'chunked', 'Connection': 'keep-alive', 'X-Powered-By': 'Express', 'Access-Control-Allow-Origin': '*', 'Cache-Control': 'no-cache', 'ETag': 'W/"486-MYA/0czJ11NGpa5ufP0gsNGxX5E"', 'Vary': 'Accept-Encoding', 'Content-Encoding': 'gzip', 'CF-Cache-Status': 'DYNAMIC', 'Report-To': '{"endpoints":[{"url":"https:\\/\\/a.nel.cloudflare.com\\/report\\/v4?s=n055UxIlViIviXOKw6dgpddy6iexMyrN7C45gkCqUSMqlBb8vOaFDNVxyLkiMXrQVay0FAtVnCx%2B%2FTdynFS%2FdfBugPDiskWXTaEXnfec0AmqcNxUH1YjG%2BW8rrYPy8bW"}],"group":"cf-nel","max_age":604800}', 'NEL': '{"success_fraction":0,"report_to":"cf-nel","max_age":604800}', 'Server': 'cloudflare', 'CF-RAY': '8957dd755c9ad03d-SJC', 'alt-svc': 'h3=":443"; ma=86400'} 
 body={"results":[{"gender":"female","name":{"title":"Mrs","first":"Eloane","last":"Louis"},"location":{"street":{"number":1943,"name":"Place de L'Église"},"city":"Rueil-Malmaison","state":"Jura","country":"France","postcode":92840,"coordinates":{"latitude":"-19.1573","longitude":"4.7814"},"timezone":{"offset":"+5:45","description":"Kathmandu"}},"email":"eloane.louis@example.com","login":{"uuid":"496c34c8-e720-43b5-b9a8-da327e2345cd","username":"lazyswan679","password":"neng","salt":"EjcmRumM","md5":"d38778f4fdc91e4a8b6032679b9c2391","sha1":"8faa5444eee1276105ff72e417250edf02710332","sha256":"0db8059583c0e9ee552eb6e712eb0dcd03fd35c6186f7b09caf361161501d3d0"},"dob":{"date":"1958-02-14T21:01:00.962Z","age":66},"registered":{"date":"2005-08-07T08:00:20.938Z","age":18},"phone":"05-12-23-78-94","cell":"06-71-88-60-53","id":{"name":"INSEE","value":"2580160113767 27"},"picture":{"large":"https://randomuser.me/api/portraits/women/45.jpg","medium":"https://randomuser.me/api/portraits/med/women/45.jpg","thumbnail":"https://randomuser.me/api/portraits/thumb/women/45.jpg"},"nat":"FR"}],"info":{"seed":"2b8624a749684999","results":1,"page":1,"version":"1.4"}} 
 </msg>
<msg time="2024-06-18T02:31:47.064091" level="INFO">/opt/hostedtoolcache/Python/3.12.3/x64/lib/python3.12/site-packages/urllib3/connectionpool.py:1099: InsecureRequestWarning: Unverified HTTPS request is being made to host 'randomuser.me'. Adding certificate verification is strongly advised. See: https://urllib3.readthedocs.io/en/latest/advanced-usage.html#tls-warnings
  warnings.warn(</msg>
<msg time="2024-06-18T02:31:47.064222" level="INFO">${response} = &lt;Response [200]&gt;</msg>
<var>${response}</var>
<arg>consultarAPI</arg>
<arg>/api</arg>
<doc>Sends a GET request on a previously created HTTP Session.</doc>
<status status="PASS" start="2024-06-18T02:31:46.767793" elapsed="0.296467"/>
</kw>
<kw name="Set Variable" owner="BuiltIn">
<msg time="2024-06-18T02:31:47.065396" level="INFO">${json_data} = {'results': [{'gender': 'female', 'name': {'title': 'Mrs', 'first': 'Eloane', 'last': 'Louis'}, 'location': {'street': {'number': 1943, 'name': "Place de L'Église"}, 'city': 'Rueil-Malmaison', 'state'...</msg>
<var>${json_data}</var>
<arg>${response.json()}</arg>
<doc>Returns the given values which can then be assigned to a variables.</doc>
<status status="PASS" start="2024-06-18T02:31:47.064852" elapsed="0.000573"/>
</kw>
<kw name="Log" owner="BuiltIn">
<msg time="2024-06-18T02:31:47.065941" level="INFO">{'results': [{'gender': 'female', 'name': {'title': 'Mrs', 'first': 'Eloane', 'last': 'Louis'}, 'location': {'street': {'number': 1943, 'name': "Place de L'Église"}, 'city': 'Rueil-Malmaison', 'state': 'Jura', 'country': 'France', 'postcode': 92840, 'coordinates': {'latitude': '-19.1573', 'longitude': '4.7814'}, 'timezone': {'offset': '+5:45', 'description': 'Kathmandu'}}, 'email': 'eloane.louis@example.com', 'login': {'uuid': '496c34c8-e720-43b5-b9a8-da327e2345cd', 'username': 'lazyswan679', 'password': 'neng', 'salt': 'EjcmRumM', 'md5': 'd38778f4fdc91e4a8b6032679b9c2391', 'sha1': '8faa5444eee1276105ff72e417250edf02710332', 'sha256': '0db8059583c0e9ee552eb6e712eb0dcd03fd35c6186f7b09caf361161501d3d0'}, 'dob': {'date': '1958-02-14T21:01:00.962Z', 'age': 66}, 'registered': {'date': '2005-08-07T08:00:20.938Z', 'age': 18}, 'phone': '05-12-23-78-94', 'cell': '06-71-88-60-53', 'id': {'name': 'INSEE', 'value': '2580160113767 27'}, 'picture': {'large': 'https://randomuser.me/api/portraits/women/45.jpg', 'medium': 'https://randomuser.me/api/portraits/med/women/45.jpg', 'thumbnail': 'https://randomuser.me/api/portraits/thumb/women/45.jpg'}, 'nat': 'FR'}], 'info': {'seed': '2b8624a749684999', 'results': 1, 'page': 1, 'version': '1.4'}}</msg>
<arg>${json_data}</arg>
<doc>Logs the given message with the given level.</doc>
<status status="PASS" start="2024-06-18T02:31:47.065770" elapsed="0.000220"/>
</kw>
<kw name="Should Be Equal As Numbers" owner="BuiltIn">
<arg>${json_data['results'][0]['location']['postcode']}</arg>
<arg>${json_data['results'][0]['location']['postcode']}</arg>
<doc>Fails if objects are unequal after converting them to real numbers.</doc>
<status status="PASS" start="2024-06-18T02:31:47.066284" elapsed="0.000618"/>
</kw>
<kw name="Log" owner="BuiltIn">
<msg time="2024-06-18T02:31:47.067422" level="INFO">92840</msg>
<arg>${json_data['results'][0]['location']['postcode']}</arg>
<doc>Logs the given message with the given level.</doc>
<status status="PASS" start="2024-06-18T02:31:47.067092" elapsed="0.000368"/>
</kw>
<status status="PASS" start="2024-06-18T02:31:46.767559" elapsed="0.300183"/>
</kw>
<doc>Testa se os tipos de dados na resposta da API estão corretos.</doc>
<tag>testeTiposDados</tag>
<status status="PASS" start="2024-06-18T02:31:46.480736" elapsed="0.587176"/>
</test>
<test id="s1-s1-t5" name="Validar conteudo" line="35">
<kw name="Teste de Tipos de Conteudo" owner="random-user-service">
<kw name="GET On Session" owner="RequestsLibrary">
<msg time="2024-06-18T02:31:47.166820" level="INFO">GET Request : url=https://randomuser.me/api 
 path_url=/api 
 headers={'User-Agent': 'python-requests/2.32.3', 'Accept-Encoding': 'gzip, deflate', 'Accept': '*/*', 'Connection': 'keep-alive'} 
 body=None 
 </msg>
<msg time="2024-06-18T02:31:47.166909" level="INFO">GET Response : url=https://randomuser.me/api 
 status=200, reason=OK 
 headers={'Date': 'Tue, 18 Jun 2024 02:31:47 GMT', 'Content-Type': 'application/json; charset=utf-8', 'Transfer-Encoding': 'chunked', 'Connection': 'keep-alive', 'X-Powered-By': 'Express', 'Access-Control-Allow-Origin': '*', 'Cache-Control': 'no-cache', 'ETag': 'W/"49b-2IOtYznwrFU2ncNlIKgKaoE2/bU"', 'Vary': 'Accept-Encoding', 'Content-Encoding': 'gzip', 'CF-Cache-Status': 'DYNAMIC', 'Report-To': '{"endpoints":[{"url":"https:\\/\\/a.nel.cloudflare.com\\/report\\/v4?s=8gV8%2BoUPxGwC%2FdnPtO8vGb%2BuKtnmdI1GLpargULrRy3yEOoOwPa0ErzrLzAQaZ%2FrzdWjiM8cSlpmzA4QdQ211jbE8c8QoH0ZBb2IwFkkICfOIi31KDGqhg2FsypJ5TjO"}],"group":"cf-nel","max_age":604800}', 'NEL': '{"success_fraction":0,"report_to":"cf-nel","max_age":604800}', 'Server': 'cloudflare', 'CF-RAY': '8957dd773e65d03d-SJC', 'alt-svc': 'h3=":443"; ma=86400'} 
 body={"results":[{"gender":"male","name":{"title":"Mr","first":"Sylvian","last":"Holst"},"location":{"street":{"number":6929,"name":"Kessenichstraat"},"city":"Heibloem","state":"Zeeland","country":"Netherlands","postcode":"2803 FE","coordinates":{"latitude":"32.5269","longitude":"-33.4755"},"timezone":{"offset":"+3:00","description":"Baghdad, Riyadh, Moscow, St. Petersburg"}},"email":"sylvian.holst@example.com","login":{"uuid":"d48be5e2-f57a-4cd8-9383-a7c89deed4ac","username":"orangeelephant682","password":"coffee","salt":"9tENWZIM","md5":"2d2f55afd5fc27ec8b6a59378fa8e084","sha1":"404e95be4b9806a438e3703a4aeca3c725014058","sha256":"3f6a8a08243b2152bfd1482298edb8d9226ba9044ca8fd508f6f5eaf50892441"},"dob":{"date":"1972-08-24T02:54:57.221Z","age":51},"registered":{"date":"2018-03-03T18:13:14.828Z","age":6},"phone":"(0380) 854065","cell":"(06) 85468245","id":{"name":"BSN","value":"35027563"},"picture":{"large":"https://randomuser.me/api/portraits/men/53.jpg","medium":"https://randomuser.me/api/portraits/med/men/53.jpg","thumbnail":"https://randomuser.me/api/portraits/thumb/men/53.jpg"},"nat":"NL"}],"info":{"seed":"5a512f9d0e2149db","results":1,"page":1,"version":"1.4"}} 
 </msg>
<msg time="2024-06-18T02:31:47.166982" level="INFO">/opt/hostedtoolcache/Python/3.12.3/x64/lib/python3.12/site-packages/urllib3/connectionpool.py:1099: InsecureRequestWarning: Unverified HTTPS request is being made to host 'randomuser.me'. Adding certificate verification is strongly advised. See: https://urllib3.readthedocs.io/en/latest/advanced-usage.html#tls-warnings
  warnings.warn(</msg>
<msg time="2024-06-18T02:31:47.167102" level="INFO">${response} = &lt;Response [200]&gt;</msg>
<var>${response}</var>
<arg>consultarAPI</arg>
<arg>/api</arg>
<doc>Sends a GET request on a previously created HTTP Session.</doc>
<status status="PASS" start="2024-06-18T02:31:47.070393" elapsed="0.096758"/>
</kw>
<kw name="Set Variable" owner="BuiltIn">
<msg time="2024-06-18T02:31:47.168245" level="INFO">${json_data} = {'results': [{'gender': 'male', 'name': {'title': 'Mr', 'first': 'Sylvian', 'last': 'Holst'}, 'location': {'street': {'number': 6929, 'name': 'Kessenichstraat'}, 'city': 'Heibloem', 'state': 'Zeeland'...</msg>
<var>${json_data}</var>
<arg>${response.json()}</arg>
<doc>Returns the given values which can then be assigned to a variables.</doc>
<status status="PASS" start="2024-06-18T02:31:47.167693" elapsed="0.000581"/>
</kw>
<kw name="Set Variable" owner="BuiltIn">
<msg time="2024-06-18T02:31:47.168962" level="INFO">${name_title} = Mr</msg>
<var>${name_title}</var>
<arg>${json_data["results"][0]["name"]["title"]}</arg>
<doc>Returns the given values which can then be assigned to a variables.</doc>
<status status="PASS" start="2024-06-18T02:31:47.168588" elapsed="0.000399"/>
</kw>
<kw name="Create List" owner="BuiltIn">
<msg time="2024-06-18T02:31:47.169423" level="INFO">${allowed_titles} = ['Mr', 'Ms', 'Miss', 'Mrs', 'Madame', 'Monsieur']</msg>
<var>${allowed_titles}</var>
<arg>Mr</arg>
<arg>Ms</arg>
<arg>Miss</arg>
<arg>Mrs</arg>
<arg>Madame</arg>
<arg>Monsieur</arg>
<doc>Returns a list containing given items.</doc>
<status status="PASS" start="2024-06-18T02:31:47.169278" elapsed="0.000169"/>
</kw>
<kw name="List Should Contain Value" owner="Collections">
<arg>${allowed_titles}</arg>
<arg>${name_title}</arg>
<doc>Fails if the ``value`` is not found from ``list``.</doc>
<status status="PASS" start="2024-06-18T02:31:47.169806" elapsed="0.000176"/>
</kw>
<kw name="Set Variable" owner="BuiltIn">
<msg time="2024-06-18T02:31:47.170527" level="INFO">${name_country} = NL</msg>
<var>${name_country}</var>
<arg>${json_data["results"][0]["nat"]}</arg>
<doc>Returns the given values which can then be assigned to a variables.</doc>
<status status="PASS" start="2024-06-18T02:31:47.170156" elapsed="0.000395"/>
</kw>
<kw name="Create List" owner="BuiltIn">
<msg time="2024-06-18T02:31:47.171434" level="INFO">${list_country} = ['AD', 'AE', 'AF', 'AG', 'AI', 'AL', 'AM', 'AO', 'AQ', 'AR', 'AS', 'AT', 'AU', 'AW', 'AX', 'AZ', 'BA', 'BB', 'BD', 'BE', 'BF', 'BG', 'BH', 'BI', 'BJ', 'BL', 'BM', 'BN', 'BO', 'BQ', 'BR', 'BS', 'BT', '...</msg>
<var>${list_country}</var>
<arg>AD</arg>
<arg>AE</arg>
<arg>AF</arg>
<arg>AG</arg>
<arg>AI</arg>
<arg>AL</arg>
<arg>AM</arg>
<arg>AO</arg>
<arg>AQ</arg>
<arg>AR</arg>
<arg>AS</arg>
<arg>AT</arg>
<arg>AU</arg>
<arg>AW</arg>
<arg>AX</arg>
<arg>AZ</arg>
<arg>BA</arg>
<arg>BB</arg>
<arg>BD</arg>
<arg>BE</arg>
<arg>BF</arg>
<arg>BG</arg>
<arg>BH</arg>
<arg>BI</arg>
<arg>BJ</arg>
<arg>BL</arg>
<arg>BM</arg>
<arg>BN</arg>
<arg>BO</arg>
<arg>BQ</arg>
<arg>BR</arg>
<arg>BS</arg>
<arg>BT</arg>
<arg>BV</arg>
<arg>BW</arg>
<arg>BY</arg>
<arg>BZ</arg>
<arg>CA</arg>
<arg>CC</arg>
<arg>CD</arg>
<arg>CF</arg>
<arg>CG</arg>
<arg>CH</arg>
<arg>CI</arg>
<arg>CK</arg>
<arg>CL</arg>
<arg>CM</arg>
<arg>CN</arg>
<arg>CO</arg>
<arg>CR</arg>
<arg>CU</arg>
<arg>CV</arg>
<arg>CW</arg>
<arg>CX</arg>
<arg>CY</arg>
<arg>CZ</arg>
<arg>DE</arg>
<arg>DJ</arg>
<arg>DK</arg>
<arg>DM</arg>
<arg>DO</arg>
<arg>DZ</arg>
<arg>EC</arg>
<arg>EE</arg>
<arg>EG</arg>
<arg>EH</arg>
<arg>ER</arg>
<arg>ES</arg>
<arg>ET</arg>
<arg>FI</arg>
<arg>FJ</arg>
<arg>FK</arg>
<arg>FM</arg>
<arg>FO</arg>
<arg>FR</arg>
<arg>GA</arg>
<arg>GB</arg>
<arg>GD</arg>
<arg>GE</arg>
<arg>GF</arg>
<arg>GG</arg>
<arg>GH</arg>
<arg>GI</arg>
<arg>GL</arg>
<arg>GM</arg>
<arg>GN</arg>
<arg>GP</arg>
<arg>GQ</arg>
<arg>GR</arg>
<arg>GS</arg>
<arg>GT</arg>
<arg>GU</arg>
<arg>GW</arg>
<arg>GY</arg>
<arg>HK</arg>
<arg>HM</arg>
<arg>HN</arg>
<arg>HR</arg>
<arg>HT</arg>
<arg>HU</arg>
<arg>ID</arg>
<arg>IE</arg>
<arg>IL</arg>
<arg>IM</arg>
<arg>IN</arg>
<arg>IO</arg>
<arg>IQ</arg>
<arg>IR</arg>
<arg>IS</arg>
<arg>IT</arg>
<arg>JE</arg>
<arg>JM</arg>
<arg>JO</arg>
<arg>JP</arg>
<arg>KE</arg>
<arg>KG</arg>
<arg>KH</arg>
<arg>KI</arg>
<arg>KM</arg>
<arg>KN</arg>
<arg>KP</arg>
<arg>KR</arg>
<arg>KW</arg>
<arg>KY</arg>
<arg>KZ</arg>
<arg>LA</arg>
<arg>LB</arg>
<arg>LC</arg>
<arg>LI</arg>
<arg>LK</arg>
<arg>LR</arg>
<arg>LS</arg>
<arg>LT</arg>
<arg>LU</arg>
<arg>LV</arg>
<arg>LY</arg>
<arg>MA</arg>
<arg>MC</arg>
<arg>MD</arg>
<arg>ME</arg>
<arg>MF</arg>
<arg>MG</arg>
<arg>MH</arg>
<arg>MK</arg>
<arg>ML</arg>
<arg>MM</arg>
<arg>MN</arg>
<arg>MO</arg>
<arg>MP</arg>
<arg>MQ</arg>
<arg>MR</arg>
<arg>MS</arg>
<arg>MT</arg>
<arg>MU</arg>
<arg>MV</arg>
<arg>MW</arg>
<arg>MX</arg>
<arg>MY</arg>
<arg>MZ</arg>
<arg>NA</arg>
<arg>NC</arg>
<arg>NE</arg>
<arg>NF</arg>
<arg>NG</arg>
<arg>NI</arg>
<arg>NL</arg>
<arg>NO</arg>
<arg>NP</arg>
<arg>NR</arg>
<arg>NU</arg>
<arg>NZ</arg>
<arg>OM</arg>
<arg>PA</arg>
<arg>PE</arg>
<arg>PF</arg>
<arg>PG</arg>
<arg>PH</arg>
<arg>PK</arg>
<arg>PL</arg>
<arg>PM</arg>
<arg>PN</arg>
<arg>PR</arg>
<arg>PS</arg>
<arg>PT</arg>
<arg>PW</arg>
<arg>PY</arg>
<arg>QA</arg>
<arg>RE</arg>
<arg>RO</arg>
<arg>RS</arg>
<arg>RU</arg>
<arg>RW</arg>
<arg>SA</arg>
<arg>SB</arg>
<arg>SC</arg>
<arg>SD</arg>
<arg>SE</arg>
<arg>SG</arg>
<arg>SH</arg>
<arg>SI</arg>
<arg>SJ</arg>
<arg>SK</arg>
<arg>SL</arg>
<arg>SM</arg>
<arg>SN</arg>
<arg>SO</arg>
<arg>SR</arg>
<arg>SS</arg>
<arg>ST</arg>
<arg>SV</arg>
<arg>SX</arg>
<arg>SY</arg>
<arg>SZ</arg>
<arg>TC</arg>
<arg>TD</arg>
<arg>TF</arg>
<arg>TG</arg>
<arg>TH</arg>
<arg>TJ</arg>
<arg>TK</arg>
<arg>TL</arg>
<arg>TM</arg>
<arg>TN</arg>
<arg>TO</arg>
<arg>TR</arg>
<arg>TT</arg>
<arg>TV</arg>
<arg>TW</arg>
<arg>TZ</arg>
<arg>UA</arg>
<arg>UG</arg>
<arg>UM</arg>
<arg>US</arg>
<arg>UY</arg>
<arg>UZ</arg>
<arg>VA</arg>
<arg>VC</arg>
<arg>VE</arg>
<arg>VG</arg>
<arg>VI</arg>
<arg>VN</arg>
<arg>VU</arg>
<arg>WF</arg>
<arg>WS</arg>
<arg>XK</arg>
<arg>YE</arg>
<arg>YT</arg>
<arg>ZA</arg>
<arg>ZM</arg>
<arg>ZW</arg>
<doc>Returns a list containing given items.</doc>
<status status="PASS" start="2024-06-18T02:31:47.170842" elapsed="0.000618"/>
</kw>
<kw name="List Should Contain Value" owner="Collections">
<arg>${list_country}</arg>
<arg>${name_country}</arg>
<doc>Fails if the ``value`` is not found from ``list``.</doc>
<status status="PASS" start="2024-06-18T02:31:47.172253" elapsed="0.000204"/>
</kw>
<kw name="Run Keyword If" owner="BuiltIn">
<kw name="Should Be True" owner="BuiltIn">
<arg>${True}</arg>
<doc>Fails if the given condition is not true.</doc>
<status status="PASS" start="2024-06-18T02:31:47.173514" elapsed="0.000174"/>
</kw>
<arg>${json_data["results"][0]["location"]["coordinates"]["latitude"]} &gt;= -90 and ${json_data["results"][0]["location"]["coordinates"]["latitude"]} &lt;= 90</arg>
<arg>Should Be True</arg>
<arg>${True}</arg>
<doc>Runs the given keyword with the given arguments, if ``condition`` is true.</doc>
<status status="PASS" start="2024-06-18T02:31:47.172657" elapsed="0.001158"/>
</kw>
<kw name="Run Keyword If" owner="BuiltIn">
<kw name="Should Be True" owner="BuiltIn">
<arg>${True}</arg>
<doc>Fails if the given condition is not true.</doc>
<status status="PASS" start="2024-06-18T02:31:47.174689" elapsed="0.000137"/>
</kw>
<arg>${json_data["results"][0]["location"]["coordinates"]["longitude"]} &gt;= -180 and ${json_data["results"][0]["location"]["coordinates"]["longitude"]} &lt;= 180</arg>
<arg>Should Be True</arg>
<arg>${True}</arg>
<doc>Runs the given keyword with the given arguments, if ``condition`` is true.</doc>
<status status="PASS" start="2024-06-18T02:31:47.173995" elapsed="0.000951"/>
</kw>
<status status="PASS" start="2024-06-18T02:31:47.070172" elapsed="0.104903"/>
</kw>
<doc>Testa o conteúdo específico dos campos retornados pela API.</doc>
<tag>testeConteudo</tag>
<status status="PASS" start="2024-06-18T02:31:47.069660" elapsed="0.105559"/>
</test>
<status status="PASS" start="2024-06-18T02:31:45.705890" elapsed="1.471287"/>
</suite>
<status status="PASS" start="2024-06-18T02:31:45.691985" elapsed="1.490250"/>
</suite>
<statistics>
<total>
<stat pass="5" fail="0" skip="0">All Tests</stat>
</total>
<tag>
<stat pass="1" fail="0" skip="0">testeConteudo</stat>
<stat pass="1" fail="0" skip="0">testeEstruturaResposta</stat>
<stat pass="1" fail="0" skip="0">testeRequisicaoBasica</stat>
<stat pass="1" fail="0" skip="0">testeTiposDados</stat>
</tag>
<suite>
<stat pass="5" fail="0" skip="0" id="s1" name="Tests">Tests</stat>
<stat pass="5" fail="0" skip="0" id="s1-s1" name="Random-User-Test">Tests.Random-User-Test</stat>
</suite>
</statistics>
<errors>
</errors>
</robot>
