<?xml version="1.0" encoding="UTF-8"?>
<robot generator="Robot 7.0.1 (Python 3.12.4 on linux)" generated="2024-06-30T07:13:49.115045" rpa="false" schemaversion="5">
<suite id="s1" name="Tests" source="/home/runner/work/ApiRandomUser/ApiRandomUser/RamdonUser/tests">
<suite id="s1-s1" name="Random-User-Test" source="/home/runner/work/ApiRandomUser/ApiRandomUser/RamdonUser/tests/random-user-test.robot">
<test id="s1-s1-t1" name="Conectar" line="13">
<kw name="Conectar API" owner="random-user-service">
<kw name="Create Session" owner="RequestsLibrary">
<msg time="2024-06-30T07:13:49.553537" level="INFO">Creating Session using : alias=consultarAPI, url=https://randomuser.me/, headers={},                     cookies={}, auth=None, timeout=None, proxies=None, verify=False,                     debug=0 </msg>
<arg>consultarAPI</arg>
<arg>${URL}</arg>
<doc>Create Session: create a HTTP session to a server</doc>
<status status="PASS" start="2024-06-30T07:13:49.553329" elapsed="0.000383"/>
</kw>
<status status="PASS" start="2024-06-30T07:13:49.552343" elapsed="0.001728"/>
</kw>
<status status="PASS" start="2024-06-30T07:13:49.551805" elapsed="0.002468"/>
</test>
<test id="s1-s1-t2" name="Validar retorno 200 e JSON Válido" line="16">
<kw name="Teste de Requisicao Basica" owner="random-user-service">
<kw name="GET On Session" owner="RequestsLibrary">
<msg time="2024-06-30T07:13:49.794108" level="INFO">GET Request : url=https://randomuser.me/api 
 path_url=/api 
 headers={'User-Agent': 'python-requests/2.32.3', 'Accept-Encoding': 'gzip, deflate', 'Accept': '*/*', 'Connection': 'keep-alive'} 
 body=None 
 </msg>
<msg time="2024-06-30T07:13:49.794258" level="INFO">GET Response : url=https://randomuser.me/api 
 status=200, reason=OK 
 headers={'Date': 'Sun, 30 Jun 2024 07:13:49 GMT', 'Content-Type': 'application/json; charset=utf-8', 'Transfer-Encoding': 'chunked', 'Connection': 'keep-alive', 'X-Powered-By': 'Express', 'Access-Control-Allow-Origin': '*', 'Cache-Control': 'no-cache', 'ETag': 'W/"49a-geB8Xc6mECHof97HFWo+uhuqyIE"', 'Vary': 'Accept-Encoding', 'Content-Encoding': 'gzip', 'CF-Cache-Status': 'DYNAMIC', 'Report-To': '{"endpoints":[{"url":"https:\\/\\/a.nel.cloudflare.com\\/report\\/v4?s=urenMzQmgAt4a4JUovVskQGqeOM6QVaUf920hkAU2KBNwpt6cPnpeSQOjFrcrRiLTOcfOwE2zqEDnA8Czsn8YXKvd0atHa9eTJIjnDPyfog8dexfUU2sQcDYwpRMVsq2"}],"group":"cf-nel","max_age":604800}', 'NEL': '{"success_fraction":0,"report_to":"cf-nel","max_age":604800}', 'Server': 'cloudflare', 'CF-RAY': '89bc5b1dff24607c-ORD', 'alt-svc': 'h3=":443"; ma=86400'} 
 body={"results":[{"gender":"male","name":{"title":"Mr","first":"Vlastimir","last":"Glavaš"},"location":{"street":{"number":5844,"name":"Stefana Brankovića"},"city":"Titel","state":"South Banat","country":"Serbia","postcode":93768,"coordinates":{"latitude":"57.3304","longitude":"-101.0163"},"timezone":{"offset":"+11:00","description":"Magadan, Solomon Islands, New Caledonia"}},"email":"vlastimir.glavas@example.com","login":{"uuid":"e2f9cdce-a662-411f-86fe-e5fc147e392d","username":"yellowwolf934","password":"glory","salt":"NAAjhf8c","md5":"256f2105f0b668e43d5d10c50f31fe03","sha1":"bddfa350569c82bc68e483e91b38e627a6172be4","sha256":"f434f52ce84c9f1f24fab852cfce0d164410288d46483a4617735730e62dc9e5"},"dob":{"date":"1965-01-31T19:25:45.806Z","age":59},"registered":{"date":"2022-02-02T10:51:28.003Z","age":2},"phone":"012-4926-183","cell":"062-8736-686","id":{"name":"SID","value":"924844833"},"picture":{"large":"https://randomuser.me/api/portraits/men/79.jpg","medium":"https://randomuser.me/api/portraits/med/men/79.jpg","thumbnail":"https://randomuser.me/api/portraits/thumb/men/79.jpg"},"nat":"RS"}],"info":{"seed":"af75a06cdeac3b4e","results":1,"page":1,"version":"1.4"}} 
 </msg>
<msg time="2024-06-30T07:13:49.794345" level="INFO">/opt/hostedtoolcache/Python/3.12.4/x64/lib/python3.12/site-packages/urllib3/connectionpool.py:1099: InsecureRequestWarning: Unverified HTTPS request is being made to host 'randomuser.me'. Adding certificate verification is strongly advised. See: https://urllib3.readthedocs.io/en/latest/advanced-usage.html#tls-warnings
  warnings.warn(</msg>
<msg time="2024-06-30T07:13:49.794524" level="INFO">${response} = &lt;Response [200]&gt;</msg>
<var>${response}</var>
<arg>consultarAPI</arg>
<arg>/api</arg>
<doc>Sends a GET request on a previously created HTTP Session.</doc>
<status status="PASS" start="2024-06-30T07:13:49.556880" elapsed="0.237681"/>
</kw>
<kw name="Should Be Equal As Numbers" owner="BuiltIn">
<msg time="2024-06-30T07:13:49.795500" level="INFO">Argument types are:
&lt;class 'int'&gt;
&lt;class 'str'&gt;</msg>
<arg>${response.status_code}</arg>
<arg>200</arg>
<doc>Fails if objects are unequal after converting them to real numbers.</doc>
<status status="PASS" start="2024-06-30T07:13:49.795047" elapsed="0.000519"/>
</kw>
<kw name="Log" owner="BuiltIn">
<msg time="2024-06-30T07:13:49.796241" level="INFO">200</msg>
<arg>${response.status_code}</arg>
<doc>Logs the given message with the given level.</doc>
<status status="PASS" start="2024-06-30T07:13:49.795885" elapsed="0.000400"/>
</kw>
<kw name="Set Variable" owner="BuiltIn">
<msg time="2024-06-30T07:13:49.797064" level="INFO">${json_data} = {'results': [{'gender': 'male', 'name': {'title': 'Mr', 'first': 'Vlastimir', 'last': 'Glavaš'}, 'location': {'street': {'number': 5844, 'name': 'Stefana Brankovića'}, 'city': 'Titel', 'state': 'South...</msg>
<var>${json_data}</var>
<arg>${response.json()}</arg>
<doc>Returns the given values which can then be assigned to a variables.</doc>
<status status="PASS" start="2024-06-30T07:13:49.796588" elapsed="0.000507"/>
</kw>
<kw name="Dictionary Should Contain Key" owner="Collections">
<arg>${json_data}</arg>
<arg>results</arg>
<doc>Fails if ``key`` is not found from ``dictionary``.</doc>
<status status="PASS" start="2024-06-30T07:13:49.797398" elapsed="0.000166"/>
</kw>
<status status="PASS" start="2024-06-30T07:13:49.556613" elapsed="0.241100"/>
</kw>
<doc>Testa se a API responde corretamente e retorna um objeto JSON válido.</doc>
<tag>testeRequisicaoBasica</tag>
<status status="PASS" start="2024-06-30T07:13:49.556147" elapsed="0.241743"/>
</test>
<test id="s1-s1-t3" name="Validar estrutura de resposta" line="22">
<kw name="Teste de Estrutura de Resposta" owner="random-user-service">
<kw name="GET On Session" owner="RequestsLibrary">
<msg time="2024-06-30T07:13:49.895746" level="INFO">GET Request : url=https://randomuser.me/api 
 path_url=/api 
 headers={'User-Agent': 'python-requests/2.32.3', 'Accept-Encoding': 'gzip, deflate', 'Accept': '*/*', 'Connection': 'keep-alive'} 
 body=None 
 </msg>
<msg time="2024-06-30T07:13:49.895864" level="INFO">GET Response : url=https://randomuser.me/api 
 status=200, reason=OK 
 headers={'Date': 'Sun, 30 Jun 2024 07:13:49 GMT', 'Content-Type': 'application/json; charset=utf-8', 'Transfer-Encoding': 'chunked', 'Connection': 'keep-alive', 'X-Powered-By': 'Express', 'Access-Control-Allow-Origin': '*', 'Cache-Control': 'no-cache', 'ETag': 'W/"4a6-w0emjgqjVz3syliN91ffM5CEBjg"', 'Vary': 'Accept-Encoding', 'Content-Encoding': 'gzip', 'CF-Cache-Status': 'DYNAMIC', 'Report-To': '{"endpoints":[{"url":"https:\\/\\/a.nel.cloudflare.com\\/report\\/v4?s=D51jlIHJgDdbYnRQyK%2FYw5CVy5oRnqr5QCo00m3r4SniegsqhiPucwsED5GM1tG6pBCnfqbJx7323%2BUnmyo4%2BiR1oPG%2FLXiuTDo5mFHCSF8izKwQea0AGC79Vh6pSiGM"}],"group":"cf-nel","max_age":604800}', 'NEL': '{"success_fraction":0,"report_to":"cf-nel","max_age":604800}', 'Server': 'cloudflare', 'CF-RAY': '89bc5b1e4f45607c-ORD', 'alt-svc': 'h3=":443"; ma=86400'} 
 body={"results":[{"gender":"male","name":{"title":"Mr","first":"Francisco","last":"Rolón"},"location":{"street":{"number":9181,"name":"Viaducto Turkmenistán"},"city":"Achotal","state":"Queretaro","country":"Mexico","postcode":44931,"coordinates":{"latitude":"24.8859","longitude":"-172.2571"},"timezone":{"offset":"+5:00","description":"Ekaterinburg, Islamabad, Karachi, Tashkent"}},"email":"francisco.rolon@example.com","login":{"uuid":"5caef0a6-bcf5-4042-afb1-0b85a41a4053","username":"sadbird133","password":"wasser","salt":"QW8xbsiz","md5":"1263f3dd479dbf2cd18896fe450443c7","sha1":"ef020099b653f6d2ccde647bb232d04463719adf","sha256":"a23b0b9b05d4101239125463f55e2336c63a47f7ab2b9e8241aeed726c9e146b"},"dob":{"date":"1984-01-29T14:49:54.889Z","age":40},"registered":{"date":"2013-02-19T01:43:04.717Z","age":11},"phone":"(663) 063 0323","cell":"(628) 305 4530","id":{"name":"NSS","value":"18 58 71 4850 8"},"picture":{"large":"https://randomuser.me/api/portraits/men/32.jpg","medium":"https://randomuser.me/api/portraits/med/men/32.jpg","thumbnail":"https://randomuser.me/api/portraits/thumb/men/32.jpg"},"nat":"MX"}],"info":{"seed":"c7a3d295712c971b","results":1,"page":1,"version":"1.4"}} 
 </msg>
<msg time="2024-06-30T07:13:49.895997" level="INFO">/opt/hostedtoolcache/Python/3.12.4/x64/lib/python3.12/site-packages/urllib3/connectionpool.py:1099: InsecureRequestWarning: Unverified HTTPS request is being made to host 'randomuser.me'. Adding certificate verification is strongly advised. See: https://urllib3.readthedocs.io/en/latest/advanced-usage.html#tls-warnings
  warnings.warn(</msg>
<msg time="2024-06-30T07:13:49.896135" level="INFO">${response} = &lt;Response [200]&gt;</msg>
<var>${response}</var>
<arg>consultarAPI</arg>
<arg>/api</arg>
<doc>Sends a GET request on a previously created HTTP Session.</doc>
<status status="PASS" start="2024-06-30T07:13:49.800620" elapsed="0.095556"/>
</kw>
<kw name="Set Variable" owner="BuiltIn">
<msg time="2024-06-30T07:13:49.897426" level="INFO">${json_data} = {'results': [{'gender': 'male', 'name': {'title': 'Mr', 'first': 'Francisco', 'last': 'Rolón'}, 'location': {'street': {'number': 9181, 'name': 'Viaducto Turkmenistán'}, 'city': 'Achotal', 'state': 'Q...</msg>
<var>${json_data}</var>
<arg>${response.json()}</arg>
<doc>Returns the given values which can then be assigned to a variables.</doc>
<status status="PASS" start="2024-06-30T07:13:49.896816" elapsed="0.000639"/>
</kw>
<kw name="Log" owner="BuiltIn">
<msg time="2024-06-30T07:13:49.897933" level="INFO">{'results': [{'gender': 'male', 'name': {'title': 'Mr', 'first': 'Francisco', 'last': 'Rolón'}, 'location': {'street': {'number': 9181, 'name': 'Viaducto Turkmenistán'}, 'city': 'Achotal', 'state': 'Queretaro', 'country': 'Mexico', 'postcode': 44931, 'coordinates': {'latitude': '24.8859', 'longitude': '-172.2571'}, 'timezone': {'offset': '+5:00', 'description': 'Ekaterinburg, Islamabad, Karachi, Tashkent'}}, 'email': 'francisco.rolon@example.com', 'login': {'uuid': '5caef0a6-bcf5-4042-afb1-0b85a41a4053', 'username': 'sadbird133', 'password': 'wasser', 'salt': 'QW8xbsiz', 'md5': '1263f3dd479dbf2cd18896fe450443c7', 'sha1': 'ef020099b653f6d2ccde647bb232d04463719adf', 'sha256': 'a23b0b9b05d4101239125463f55e2336c63a47f7ab2b9e8241aeed726c9e146b'}, 'dob': {'date': '1984-01-29T14:49:54.889Z', 'age': 40}, 'registered': {'date': '2013-02-19T01:43:04.717Z', 'age': 11}, 'phone': '(663) 063 0323', 'cell': '(628) 305 4530', 'id': {'name': 'NSS', 'value': '18 58 71 4850 8'}, 'picture': {'large': 'https://randomuser.me/api/portraits/men/32.jpg', 'medium': 'https://randomuser.me/api/portraits/med/men/32.jpg', 'thumbnail': 'https://randomuser.me/api/portraits/thumb/men/32.jpg'}, 'nat': 'MX'}], 'info': {'seed': 'c7a3d295712c971b', 'results': 1, 'page': 1, 'version': '1.4'}}</msg>
<arg>${json_data}</arg>
<doc>Logs the given message with the given level.</doc>
<status status="PASS" start="2024-06-30T07:13:49.897770" elapsed="0.000212"/>
</kw>
<kw name="Dictionary Should Contain Key" owner="Collections">
<arg>${json_data}</arg>
<arg>results</arg>
<doc>Fails if ``key`` is not found from ``dictionary``.</doc>
<status status="PASS" start="2024-06-30T07:13:49.898272" elapsed="0.000158"/>
</kw>
<kw name="Should Not Be Empty" owner="BuiltIn">
<msg time="2024-06-30T07:13:49.898738" level="INFO">Length is 2.</msg>
<arg>${json_data}</arg>
<doc>Verifies that the given item is not empty.</doc>
<status status="PASS" start="2024-06-30T07:13:49.898608" elapsed="0.000169"/>
</kw>
<kw name="Create List" owner="BuiltIn">
<msg time="2024-06-30T07:13:49.899379" level="INFO">${expected_keys} = ['gender', 'name', 'location', 'email', 'login']</msg>
<var>${expected_keys}</var>
<arg>gender</arg>
<arg>name</arg>
<arg>location</arg>
<arg>email</arg>
<arg>login</arg>
<doc>Returns a list containing given items.</doc>
<status status="PASS" start="2024-06-30T07:13:49.899068" elapsed="0.000336"/>
</kw>
<for flavor="IN">
<iter>
<kw name="Dictionary Should Contain Key" owner="Collections">
<arg>${json_data['results'][0]}</arg>
<arg>${key}</arg>
<doc>Fails if ``key`` is not found from ``dictionary``.</doc>
<status status="PASS" start="2024-06-30T07:13:49.899984" elapsed="0.000396"/>
</kw>
<kw name="Log" owner="BuiltIn">
<msg time="2024-06-30T07:13:49.900950" level="INFO">{'gender': 'male', 'name': {'title': 'Mr', 'first': 'Francisco', 'last': 'Rolón'}, 'location': {'street': {'number': 9181, 'name': 'Viaducto Turkmenistán'}, 'city': 'Achotal', 'state': 'Queretaro', 'country': 'Mexico', 'postcode': 44931, 'coordinates': {'latitude': '24.8859', 'longitude': '-172.2571'}, 'timezone': {'offset': '+5:00', 'description': 'Ekaterinburg, Islamabad, Karachi, Tashkent'}}, 'email': 'francisco.rolon@example.com', 'login': {'uuid': '5caef0a6-bcf5-4042-afb1-0b85a41a4053', 'username': 'sadbird133', 'password': 'wasser', 'salt': 'QW8xbsiz', 'md5': '1263f3dd479dbf2cd18896fe450443c7', 'sha1': 'ef020099b653f6d2ccde647bb232d04463719adf', 'sha256': 'a23b0b9b05d4101239125463f55e2336c63a47f7ab2b9e8241aeed726c9e146b'}, 'dob': {'date': '1984-01-29T14:49:54.889Z', 'age': 40}, 'registered': {'date': '2013-02-19T01:43:04.717Z', 'age': 11}, 'phone': '(663) 063 0323', 'cell': '(628) 305 4530', 'id': {'name': 'NSS', 'value': '18 58 71 4850 8'}, 'picture': {'large': 'https://randomuser.me/api/portraits/men/32.jpg', 'medium': 'https://randomuser.me/api/portraits/med/men/32.jpg', 'thumbnail': 'https://randomuser.me/api/portraits/thumb/men/32.jpg'}, 'nat': 'MX'}</msg>
<arg>${json_data['results'][0]}</arg>
<doc>Logs the given message with the given level.</doc>
<status status="PASS" start="2024-06-30T07:13:49.900564" elapsed="0.000444"/>
</kw>
<kw name="Log" owner="BuiltIn">
<msg time="2024-06-30T07:13:49.901440" level="INFO">gender</msg>
<arg>${key}</arg>
<doc>Logs the given message with the given level.</doc>
<status status="PASS" start="2024-06-30T07:13:49.901311" elapsed="0.000167"/>
</kw>
<var name="${key}">gender</var>
<status status="PASS" start="2024-06-30T07:13:49.899861" elapsed="0.001834"/>
</iter>
<iter>
<kw name="Dictionary Should Contain Key" owner="Collections">
<arg>${json_data['results'][0]}</arg>
<arg>${key}</arg>
<doc>Fails if ``key`` is not found from ``dictionary``.</doc>
<status status="PASS" start="2024-06-30T07:13:49.901985" elapsed="0.000389"/>
</kw>
<kw name="Log" owner="BuiltIn">
<msg time="2024-06-30T07:13:49.902942" level="INFO">{'gender': 'male', 'name': {'title': 'Mr', 'first': 'Francisco', 'last': 'Rolón'}, 'location': {'street': {'number': 9181, 'name': 'Viaducto Turkmenistán'}, 'city': 'Achotal', 'state': 'Queretaro', 'country': 'Mexico', 'postcode': 44931, 'coordinates': {'latitude': '24.8859', 'longitude': '-172.2571'}, 'timezone': {'offset': '+5:00', 'description': 'Ekaterinburg, Islamabad, Karachi, Tashkent'}}, 'email': 'francisco.rolon@example.com', 'login': {'uuid': '5caef0a6-bcf5-4042-afb1-0b85a41a4053', 'username': 'sadbird133', 'password': 'wasser', 'salt': 'QW8xbsiz', 'md5': '1263f3dd479dbf2cd18896fe450443c7', 'sha1': 'ef020099b653f6d2ccde647bb232d04463719adf', 'sha256': 'a23b0b9b05d4101239125463f55e2336c63a47f7ab2b9e8241aeed726c9e146b'}, 'dob': {'date': '1984-01-29T14:49:54.889Z', 'age': 40}, 'registered': {'date': '2013-02-19T01:43:04.717Z', 'age': 11}, 'phone': '(663) 063 0323', 'cell': '(628) 305 4530', 'id': {'name': 'NSS', 'value': '18 58 71 4850 8'}, 'picture': {'large': 'https://randomuser.me/api/portraits/men/32.jpg', 'medium': 'https://randomuser.me/api/portraits/med/men/32.jpg', 'thumbnail': 'https://randomuser.me/api/portraits/thumb/men/32.jpg'}, 'nat': 'MX'}</msg>
<arg>${json_data['results'][0]}</arg>
<doc>Logs the given message with the given level.</doc>
<status status="PASS" start="2024-06-30T07:13:49.902587" elapsed="0.000405"/>
</kw>
<kw name="Log" owner="BuiltIn">
<msg time="2024-06-30T07:13:49.903417" level="INFO">name</msg>
<arg>${key}</arg>
<doc>Logs the given message with the given level.</doc>
<status status="PASS" start="2024-06-30T07:13:49.903289" elapsed="0.000165"/>
</kw>
<var name="${key}">name</var>
<status status="PASS" start="2024-06-30T07:13:49.901876" elapsed="0.001792"/>
</iter>
<iter>
<kw name="Dictionary Should Contain Key" owner="Collections">
<arg>${json_data['results'][0]}</arg>
<arg>${key}</arg>
<doc>Fails if ``key`` is not found from ``dictionary``.</doc>
<status status="PASS" start="2024-06-30T07:13:49.903951" elapsed="0.000373"/>
</kw>
<kw name="Log" owner="BuiltIn">
<msg time="2024-06-30T07:13:49.904850" level="INFO">{'gender': 'male', 'name': {'title': 'Mr', 'first': 'Francisco', 'last': 'Rolón'}, 'location': {'street': {'number': 9181, 'name': 'Viaducto Turkmenistán'}, 'city': 'Achotal', 'state': 'Queretaro', 'country': 'Mexico', 'postcode': 44931, 'coordinates': {'latitude': '24.8859', 'longitude': '-172.2571'}, 'timezone': {'offset': '+5:00', 'description': 'Ekaterinburg, Islamabad, Karachi, Tashkent'}}, 'email': 'francisco.rolon@example.com', 'login': {'uuid': '5caef0a6-bcf5-4042-afb1-0b85a41a4053', 'username': 'sadbird133', 'password': 'wasser', 'salt': 'QW8xbsiz', 'md5': '1263f3dd479dbf2cd18896fe450443c7', 'sha1': 'ef020099b653f6d2ccde647bb232d04463719adf', 'sha256': 'a23b0b9b05d4101239125463f55e2336c63a47f7ab2b9e8241aeed726c9e146b'}, 'dob': {'date': '1984-01-29T14:49:54.889Z', 'age': 40}, 'registered': {'date': '2013-02-19T01:43:04.717Z', 'age': 11}, 'phone': '(663) 063 0323', 'cell': '(628) 305 4530', 'id': {'name': 'NSS', 'value': '18 58 71 4850 8'}, 'picture': {'large': 'https://randomuser.me/api/portraits/men/32.jpg', 'medium': 'https://randomuser.me/api/portraits/med/men/32.jpg', 'thumbnail': 'https://randomuser.me/api/portraits/thumb/men/32.jpg'}, 'nat': 'MX'}</msg>
<arg>${json_data['results'][0]}</arg>
<doc>Logs the given message with the given level.</doc>
<status status="PASS" start="2024-06-30T07:13:49.904503" elapsed="0.000418"/>
</kw>
<kw name="Log" owner="BuiltIn">
<msg time="2024-06-30T07:13:49.905356" level="INFO">location</msg>
<arg>${key}</arg>
<doc>Logs the given message with the given level.</doc>
<status status="PASS" start="2024-06-30T07:13:49.905228" elapsed="0.000165"/>
</kw>
<var name="${key}">location</var>
<status status="PASS" start="2024-06-30T07:13:49.903843" elapsed="0.001765"/>
</iter>
<iter>
<kw name="Dictionary Should Contain Key" owner="Collections">
<arg>${json_data['results'][0]}</arg>
<arg>${key}</arg>
<doc>Fails if ``key`` is not found from ``dictionary``.</doc>
<status status="PASS" start="2024-06-30T07:13:49.905892" elapsed="0.000386"/>
</kw>
<kw name="Log" owner="BuiltIn">
<msg time="2024-06-30T07:13:49.906806" level="INFO">{'gender': 'male', 'name': {'title': 'Mr', 'first': 'Francisco', 'last': 'Rolón'}, 'location': {'street': {'number': 9181, 'name': 'Viaducto Turkmenistán'}, 'city': 'Achotal', 'state': 'Queretaro', 'country': 'Mexico', 'postcode': 44931, 'coordinates': {'latitude': '24.8859', 'longitude': '-172.2571'}, 'timezone': {'offset': '+5:00', 'description': 'Ekaterinburg, Islamabad, Karachi, Tashkent'}}, 'email': 'francisco.rolon@example.com', 'login': {'uuid': '5caef0a6-bcf5-4042-afb1-0b85a41a4053', 'username': 'sadbird133', 'password': 'wasser', 'salt': 'QW8xbsiz', 'md5': '1263f3dd479dbf2cd18896fe450443c7', 'sha1': 'ef020099b653f6d2ccde647bb232d04463719adf', 'sha256': 'a23b0b9b05d4101239125463f55e2336c63a47f7ab2b9e8241aeed726c9e146b'}, 'dob': {'date': '1984-01-29T14:49:54.889Z', 'age': 40}, 'registered': {'date': '2013-02-19T01:43:04.717Z', 'age': 11}, 'phone': '(663) 063 0323', 'cell': '(628) 305 4530', 'id': {'name': 'NSS', 'value': '18 58 71 4850 8'}, 'picture': {'large': 'https://randomuser.me/api/portraits/men/32.jpg', 'medium': 'https://randomuser.me/api/portraits/med/men/32.jpg', 'thumbnail': 'https://randomuser.me/api/portraits/thumb/men/32.jpg'}, 'nat': 'MX'}</msg>
<arg>${json_data['results'][0]}</arg>
<doc>Logs the given message with the given level.</doc>
<status status="PASS" start="2024-06-30T07:13:49.906457" elapsed="0.000398"/>
</kw>
<kw name="Log" owner="BuiltIn">
<msg time="2024-06-30T07:13:49.907286" level="INFO">email</msg>
<arg>${key}</arg>
<doc>Logs the given message with the given level.</doc>
<status status="PASS" start="2024-06-30T07:13:49.907157" elapsed="0.000168"/>
</kw>
<var name="${key}">email</var>
<status status="PASS" start="2024-06-30T07:13:49.905777" elapsed="0.001760"/>
</iter>
<iter>
<kw name="Dictionary Should Contain Key" owner="Collections">
<arg>${json_data['results'][0]}</arg>
<arg>${key}</arg>
<doc>Fails if ``key`` is not found from ``dictionary``.</doc>
<status status="PASS" start="2024-06-30T07:13:49.907826" elapsed="0.000387"/>
</kw>
<kw name="Log" owner="BuiltIn">
<msg time="2024-06-30T07:13:49.908757" level="INFO">{'gender': 'male', 'name': {'title': 'Mr', 'first': 'Francisco', 'last': 'Rolón'}, 'location': {'street': {'number': 9181, 'name': 'Viaducto Turkmenistán'}, 'city': 'Achotal', 'state': 'Queretaro', 'country': 'Mexico', 'postcode': 44931, 'coordinates': {'latitude': '24.8859', 'longitude': '-172.2571'}, 'timezone': {'offset': '+5:00', 'description': 'Ekaterinburg, Islamabad, Karachi, Tashkent'}}, 'email': 'francisco.rolon@example.com', 'login': {'uuid': '5caef0a6-bcf5-4042-afb1-0b85a41a4053', 'username': 'sadbird133', 'password': 'wasser', 'salt': 'QW8xbsiz', 'md5': '1263f3dd479dbf2cd18896fe450443c7', 'sha1': 'ef020099b653f6d2ccde647bb232d04463719adf', 'sha256': 'a23b0b9b05d4101239125463f55e2336c63a47f7ab2b9e8241aeed726c9e146b'}, 'dob': {'date': '1984-01-29T14:49:54.889Z', 'age': 40}, 'registered': {'date': '2013-02-19T01:43:04.717Z', 'age': 11}, 'phone': '(663) 063 0323', 'cell': '(628) 305 4530', 'id': {'name': 'NSS', 'value': '18 58 71 4850 8'}, 'picture': {'large': 'https://randomuser.me/api/portraits/men/32.jpg', 'medium': 'https://randomuser.me/api/portraits/med/men/32.jpg', 'thumbnail': 'https://randomuser.me/api/portraits/thumb/men/32.jpg'}, 'nat': 'MX'}</msg>
<arg>${json_data['results'][0]}</arg>
<doc>Logs the given message with the given level.</doc>
<status status="PASS" start="2024-06-30T07:13:49.908394" elapsed="0.000411"/>
</kw>
<kw name="Log" owner="BuiltIn">
<msg time="2024-06-30T07:13:49.909251" level="INFO">login</msg>
<arg>${key}</arg>
<doc>Logs the given message with the given level.</doc>
<status status="PASS" start="2024-06-30T07:13:49.909124" elapsed="0.000166"/>
</kw>
<var name="${key}">login</var>
<status status="PASS" start="2024-06-30T07:13:49.907708" elapsed="0.001796"/>
</iter>
<var>${key}</var>
<value>@{expected_keys}</value>
<status status="PASS" start="2024-06-30T07:13:49.899667" elapsed="0.009960"/>
</for>
<kw name="Create List" owner="BuiltIn">
<msg time="2024-06-30T07:13:49.909989" level="INFO">${expected_keysTwo} = ['username', 'password']</msg>
<var>${expected_keysTwo}</var>
<arg>username</arg>
<arg>password</arg>
<doc>Returns a list containing given items.</doc>
<status status="PASS" start="2024-06-30T07:13:49.909845" elapsed="0.000168"/>
</kw>
<for flavor="IN">
<iter>
<kw name="Dictionary Should Contain Key" owner="Collections">
<arg>${json_data['results'][0]['login']}</arg>
<arg>${keyTwo}</arg>
<doc>Fails if ``key`` is not found from ``dictionary``.</doc>
<status status="PASS" start="2024-06-30T07:13:49.910592" elapsed="0.000407"/>
</kw>
<kw name="Dictionary Should Contain Key" owner="Collections">
<arg>${json_data['results'][0]['login']}</arg>
<arg>${keyTwo}</arg>
<doc>Fails if ``key`` is not found from ``dictionary``.</doc>
<status status="PASS" start="2024-06-30T07:13:49.911182" elapsed="0.000383"/>
</kw>
<kw name="Log" owner="BuiltIn">
<msg time="2024-06-30T07:13:49.911907" level="INFO">username</msg>
<arg>${keyTwo}</arg>
<doc>Logs the given message with the given level.</doc>
<status status="PASS" start="2024-06-30T07:13:49.911757" elapsed="0.000205"/>
</kw>
<var name="${keyTwo}">username</var>
<status status="PASS" start="2024-06-30T07:13:49.910462" elapsed="0.001759"/>
</iter>
<iter>
<kw name="Dictionary Should Contain Key" owner="Collections">
<arg>${json_data['results'][0]['login']}</arg>
<arg>${keyTwo}</arg>
<doc>Fails if ``key`` is not found from ``dictionary``.</doc>
<status status="PASS" start="2024-06-30T07:13:49.912500" elapsed="0.000404"/>
</kw>
<kw name="Dictionary Should Contain Key" owner="Collections">
<arg>${json_data['results'][0]['login']}</arg>
<arg>${keyTwo}</arg>
<doc>Fails if ``key`` is not found from ``dictionary``.</doc>
<status status="PASS" start="2024-06-30T07:13:49.913094" elapsed="0.000367"/>
</kw>
<kw name="Log" owner="BuiltIn">
<msg time="2024-06-30T07:13:49.913757" level="INFO">password</msg>
<arg>${keyTwo}</arg>
<doc>Logs the given message with the given level.</doc>
<status status="PASS" start="2024-06-30T07:13:49.913639" elapsed="0.000162"/>
</kw>
<var name="${keyTwo}">password</var>
<status status="PASS" start="2024-06-30T07:13:49.912394" elapsed="0.001723"/>
</iter>
<var>${keyTwo}</var>
<value>@{expected_keysTwo}</value>
<status status="PASS" start="2024-06-30T07:13:49.910249" elapsed="0.003988"/>
</for>
<status status="PASS" start="2024-06-30T07:13:49.800372" elapsed="0.114007"/>
</kw>
<doc>Testa a estrutura da resposta da API.</doc>
<tag>testeEstruturaResposta</tag>
<status status="PASS" start="2024-06-30T07:13:49.799777" elapsed="0.114758"/>
</test>
<test id="s1-s1-t4" name="Validar tipos de dados" line="28">
<kw name="Teste de Tipos de Dados" owner="random-user-service">
<kw name="GET On Session" owner="RequestsLibrary">
<msg time="2024-06-30T07:13:50.001735" level="INFO">GET Request : url=https://randomuser.me/api 
 path_url=/api 
 headers={'User-Agent': 'python-requests/2.32.3', 'Accept-Encoding': 'gzip, deflate', 'Accept': '*/*', 'Connection': 'keep-alive'} 
 body=None 
 </msg>
<msg time="2024-06-30T07:13:50.001818" level="INFO">GET Response : url=https://randomuser.me/api 
 status=200, reason=OK 
 headers={'Date': 'Sun, 30 Jun 2024 07:13:49 GMT', 'Content-Type': 'application/json; charset=utf-8', 'Transfer-Encoding': 'chunked', 'Connection': 'keep-alive', 'X-Powered-By': 'Express', 'Access-Control-Allow-Origin': '*', 'Cache-Control': 'no-cache', 'ETag': 'W/"47b-+nvC1Blo8oP5ILF4KNYqfGujW1o"', 'Vary': 'Accept-Encoding', 'Content-Encoding': 'gzip', 'CF-Cache-Status': 'DYNAMIC', 'Report-To': '{"endpoints":[{"url":"https:\\/\\/a.nel.cloudflare.com\\/report\\/v4?s=aRh6BYo32xbuw8w5%2FQuSnBWxxEGDI4btZ%2Bz7KCAff8IHuqiHH0XTnCHZwaCb%2F5QiCLJ6Zz5F02Zq0V3wta3LyvpfodlGT9h5NaVFNPkjl50QJkFFi9vjxrd%2BhC73eJf2"}],"group":"cf-nel","max_age":604800}', 'NEL': '{"success_fraction":0,"report_to":"cf-nel","max_age":604800}', 'Server': 'cloudflare', 'CF-RAY': '89bc5b1effa5607c-ORD', 'alt-svc': 'h3=":443"; ma=86400'} 
 body={"results":[{"gender":"female","name":{"title":"Mrs","first":"Trine","last":"Gjersvik"},"location":{"street":{"number":179,"name":"Borgenbakken"},"city":"Silsand","state":"Oppland","country":"Norway","postcode":"2664","coordinates":{"latitude":"45.0022","longitude":"124.2705"},"timezone":{"offset":"-11:00","description":"Midway Island, Samoa"}},"email":"trine.gjersvik@example.com","login":{"uuid":"e38001b8-910e-4d59-96be-2c94bb5b50c7","username":"whitedog805","password":"plumber","salt":"fb31uKhz","md5":"7deff044bfbc366fa88e5b7056f060e1","sha1":"65f3844df43025d7b956671964678e101f959668","sha256":"ee9b60c249f07c710fa2cee263a9d734852ced41671bb95a86948cff3a8c178f"},"dob":{"date":"1978-12-06T18:04:41.400Z","age":45},"registered":{"date":"2008-05-05T00:07:55.570Z","age":16},"phone":"73730745","cell":"44182663","id":{"name":"FN","value":"06127832682"},"picture":{"large":"https://randomuser.me/api/portraits/women/71.jpg","medium":"https://randomuser.me/api/portraits/med/women/71.jpg","thumbnail":"https://randomuser.me/api/portraits/thumb/women/71.jpg"},"nat":"NO"}],"info":{"seed":"273fd79fb1712e27","results":1,"page":1,"version":"1.4"}} 
 </msg>
<msg time="2024-06-30T07:13:50.001897" level="INFO">/opt/hostedtoolcache/Python/3.12.4/x64/lib/python3.12/site-packages/urllib3/connectionpool.py:1099: InsecureRequestWarning: Unverified HTTPS request is being made to host 'randomuser.me'. Adding certificate verification is strongly advised. See: https://urllib3.readthedocs.io/en/latest/advanced-usage.html#tls-warnings
  warnings.warn(</msg>
<msg time="2024-06-30T07:13:50.002016" level="INFO">${response} = &lt;Response [200]&gt;</msg>
<var>${response}</var>
<arg>consultarAPI</arg>
<arg>/api</arg>
<doc>Sends a GET request on a previously created HTTP Session.</doc>
<status status="PASS" start="2024-06-30T07:13:49.917146" elapsed="0.084912"/>
</kw>
<kw name="Set Variable" owner="BuiltIn">
<msg time="2024-06-30T07:13:50.003063" level="INFO">${json_data} = {'results': [{'gender': 'female', 'name': {'title': 'Mrs', 'first': 'Trine', 'last': 'Gjersvik'}, 'location': {'street': {'number': 179, 'name': 'Borgenbakken'}, 'city': 'Silsand', 'state': 'Oppland',...</msg>
<var>${json_data}</var>
<arg>${response.json()}</arg>
<doc>Returns the given values which can then be assigned to a variables.</doc>
<status status="PASS" start="2024-06-30T07:13:50.002496" elapsed="0.000596"/>
</kw>
<kw name="Log" owner="BuiltIn">
<msg time="2024-06-30T07:13:50.003555" level="INFO">{'results': [{'gender': 'female', 'name': {'title': 'Mrs', 'first': 'Trine', 'last': 'Gjersvik'}, 'location': {'street': {'number': 179, 'name': 'Borgenbakken'}, 'city': 'Silsand', 'state': 'Oppland', 'country': 'Norway', 'postcode': '2664', 'coordinates': {'latitude': '45.0022', 'longitude': '124.2705'}, 'timezone': {'offset': '-11:00', 'description': 'Midway Island, Samoa'}}, 'email': 'trine.gjersvik@example.com', 'login': {'uuid': 'e38001b8-910e-4d59-96be-2c94bb5b50c7', 'username': 'whitedog805', 'password': 'plumber', 'salt': 'fb31uKhz', 'md5': '7deff044bfbc366fa88e5b7056f060e1', 'sha1': '65f3844df43025d7b956671964678e101f959668', 'sha256': 'ee9b60c249f07c710fa2cee263a9d734852ced41671bb95a86948cff3a8c178f'}, 'dob': {'date': '1978-12-06T18:04:41.400Z', 'age': 45}, 'registered': {'date': '2008-05-05T00:07:55.570Z', 'age': 16}, 'phone': '73730745', 'cell': '44182663', 'id': {'name': 'FN', 'value': '06127832682'}, 'picture': {'large': 'https://randomuser.me/api/portraits/women/71.jpg', 'medium': 'https://randomuser.me/api/portraits/med/women/71.jpg', 'thumbnail': 'https://randomuser.me/api/portraits/thumb/women/71.jpg'}, 'nat': 'NO'}], 'info': {'seed': '273fd79fb1712e27', 'results': 1, 'page': 1, 'version': '1.4'}}</msg>
<arg>${json_data}</arg>
<doc>Logs the given message with the given level.</doc>
<status status="PASS" start="2024-06-30T07:13:50.003400" elapsed="0.000201"/>
</kw>
<kw name="Should Be String" owner="String">
<arg>${json_data['results'][0]['gender']}</arg>
<doc>Fails if the given ``item`` is not a string.</doc>
<status status="PASS" start="2024-06-30T07:13:50.003891" elapsed="0.000358"/>
</kw>
<kw name="Should Match Regexp" owner="BuiltIn">
<arg>${json_data['results'][0]['email']}</arg>
<arg>^[a-zA-Z0-9._%+-]+@[a-zA-Z0-9.-]+\.[a-zA-Z]{2,}$</arg>
<doc>Fails if ``string`` does not match ``pattern`` as a regular expression.</doc>
<status status="PASS" start="2024-06-30T07:13:50.004468" elapsed="0.000563"/>
</kw>
<kw name="Should Match Regexp" owner="BuiltIn">
<arg>${json_data['results'][0]['dob']['date']}</arg>
<arg>\\d{4}-\\d{2}-\\d{2}T\\d{2}:\\d{2}:\\d{2}\\.\\d{3}Z</arg>
<doc>Fails if ``string`` does not match ``pattern`` as a regular expression.</doc>
<status status="PASS" start="2024-06-30T07:13:50.005227" elapsed="0.000482"/>
</kw>
<kw name="Should Match Regexp" owner="BuiltIn">
<arg>${json_data['results'][0]['registered']['date']}</arg>
<arg>\\d{4}-\\d{2}-\\d{2}T\\d{2}:\\d{2}:\\d{2}\\.\\d{3}Z</arg>
<doc>Fails if ``string`` does not match ``pattern`` as a regular expression.</doc>
<status status="PASS" start="2024-06-30T07:13:50.005899" elapsed="0.000361"/>
</kw>
<kw name="Should Match Regexp" owner="BuiltIn">
<arg>${json_data['results'][0]['picture']['large']}</arg>
<arg>^https?://.*\.(?:png|jpe?g|gif|bmp)$</arg>
<doc>Fails if ``string`` does not match ``pattern`` as a regular expression.</doc>
<status status="PASS" start="2024-06-30T07:13:50.006440" elapsed="0.000450"/>
</kw>
<kw name="Should Match Regexp" owner="BuiltIn">
<arg>${json_data['results'][0]['picture']['medium']}</arg>
<arg>^https?://.*\.(?:png|jpe?g|gif|bmp)$</arg>
<doc>Fails if ``string`` does not match ``pattern`` as a regular expression.</doc>
<status status="PASS" start="2024-06-30T07:13:50.007071" elapsed="0.000365"/>
</kw>
<kw name="Should Match Regexp" owner="BuiltIn">
<arg>${json_data['results'][0]['picture']['thumbnail']}</arg>
<arg>^https?://.*\.(?:png|jpe?g|gif|bmp)$</arg>
<doc>Fails if ``string`` does not match ``pattern`` as a regular expression.</doc>
<status status="PASS" start="2024-06-30T07:13:50.007615" elapsed="0.000344"/>
</kw>
<kw name="Log" owner="BuiltIn">
<msg time="2024-06-30T07:13:50.008468" level="INFO">{'large': 'https://randomuser.me/api/portraits/women/71.jpg', 'medium': 'https://randomuser.me/api/portraits/med/women/71.jpg', 'thumbnail': 'https://randomuser.me/api/portraits/thumb/women/71.jpg'}</msg>
<arg>${json_data['results'][0]['picture']}</arg>
<doc>Logs the given message with the given level.</doc>
<status status="PASS" start="2024-06-30T07:13:50.008142" elapsed="0.000369"/>
</kw>
<status status="PASS" start="2024-06-30T07:13:49.916916" elapsed="0.091848"/>
</kw>
<kw name="Teste de Tipos de Dados - Postcode" owner="random-user-service">
<kw name="GET On Session" owner="RequestsLibrary">
<msg time="2024-06-30T07:13:50.094776" level="INFO">GET Request : url=https://randomuser.me/api 
 path_url=/api 
 headers={'User-Agent': 'python-requests/2.32.3', 'Accept-Encoding': 'gzip, deflate', 'Accept': '*/*', 'Connection': 'keep-alive'} 
 body=None 
 </msg>
<msg time="2024-06-30T07:13:50.094840" level="INFO">GET Response : url=https://randomuser.me/api 
 status=200, reason=OK 
 headers={'Date': 'Sun, 30 Jun 2024 07:13:50 GMT', 'Content-Type': 'application/json; charset=utf-8', 'Transfer-Encoding': 'chunked', 'Connection': 'keep-alive', 'X-Powered-By': 'Express', 'Access-Control-Allow-Origin': '*', 'Cache-Control': 'no-cache', 'ETag': 'W/"49f-48YrJ5rrCjcLxZzjna2qdKze1S4"', 'Vary': 'Accept-Encoding', 'Content-Encoding': 'gzip', 'CF-Cache-Status': 'DYNAMIC', 'Report-To': '{"endpoints":[{"url":"https:\\/\\/a.nel.cloudflare.com\\/report\\/v4?s=tLHeowrcuXNYDFEnnF%2Broj6%2BHg%2Bzv9ySECm4z5Mzmg4wF%2Bejezpu2pHDVYSms4DZ%2Bb%2B1tJU5p%2BChc%2BwsahUd9l%2FnOEeVny7j54vsctHCxwvI14z9qkU80WkXEB76GdEz"}],"group":"cf-nel","max_age":604800}', 'NEL': '{"success_fraction":0,"report_to":"cf-nel","max_age":604800}', 'Server': 'cloudflare', 'CF-RAY': '89bc5b1f8feb607c-ORD', 'alt-svc': 'h3=":443"; ma=86400'} 
 body={"results":[{"gender":"female","name":{"title":"Ms","first":"Lesa","last":"Mitchelle"},"location":{"street":{"number":2646,"name":"Harrison Ct"},"city":"Hervey Bay","state":"New South Wales","country":"Australia","postcode":9630,"coordinates":{"latitude":"-82.2138","longitude":"26.7129"},"timezone":{"offset":"-6:00","description":"Central Time (US &amp; Canada), Mexico City"}},"email":"lesa.mitchelle@example.com","login":{"uuid":"99b34572-a60c-4583-9268-e0146d776e08","username":"lazytiger144","password":"hansen","salt":"xcVvGnfh","md5":"64d3f044228d62809943b63f5d6b846c","sha1":"48148cde32805a04cdf7fe6447377e4c5f67fbb7","sha256":"53a78a81773f7625f1360dbc4de976ab23c16c8cedf0cd4bd4821615f413fabb"},"dob":{"date":"1948-11-12T05:57:14.457Z","age":75},"registered":{"date":"2007-07-28T16:00:25.036Z","age":16},"phone":"08-4439-0598","cell":"0411-427-296","id":{"name":"TFN","value":"634106406"},"picture":{"large":"https://randomuser.me/api/portraits/women/39.jpg","medium":"https://randomuser.me/api/portraits/med/women/39.jpg","thumbnail":"https://randomuser.me/api/portraits/thumb/women/39.jpg"},"nat":"AU"}],"info":{"seed":"aef29e8f07b43d97","results":1,"page":1,"version":"1.4"}} 
 </msg>
<msg time="2024-06-30T07:13:50.094897" level="INFO">/opt/hostedtoolcache/Python/3.12.4/x64/lib/python3.12/site-packages/urllib3/connectionpool.py:1099: InsecureRequestWarning: Unverified HTTPS request is being made to host 'randomuser.me'. Adding certificate verification is strongly advised. See: https://urllib3.readthedocs.io/en/latest/advanced-usage.html#tls-warnings
  warnings.warn(</msg>
<msg time="2024-06-30T07:13:50.094984" level="INFO">${response} = &lt;Response [200]&gt;</msg>
<var>${response}</var>
<arg>consultarAPI</arg>
<arg>/api</arg>
<doc>Sends a GET request on a previously created HTTP Session.</doc>
<status status="PASS" start="2024-06-30T07:13:50.009244" elapsed="0.085781"/>
</kw>
<kw name="Set Variable" owner="BuiltIn">
<msg time="2024-06-30T07:13:50.096010" level="INFO">${json_data} = {'results': [{'gender': 'female', 'name': {'title': 'Ms', 'first': 'Lesa', 'last': 'Mitchelle'}, 'location': {'street': {'number': 2646, 'name': 'Harrison Ct'}, 'city': 'Hervey Bay', 'state': 'New Sou...</msg>
<var>${json_data}</var>
<arg>${response.json()}</arg>
<doc>Returns the given values which can then be assigned to a variables.</doc>
<status status="PASS" start="2024-06-30T07:13:50.095469" elapsed="0.000569"/>
</kw>
<kw name="Log" owner="BuiltIn">
<msg time="2024-06-30T07:13:50.096492" level="INFO">{'results': [{'gender': 'female', 'name': {'title': 'Ms', 'first': 'Lesa', 'last': 'Mitchelle'}, 'location': {'street': {'number': 2646, 'name': 'Harrison Ct'}, 'city': 'Hervey Bay', 'state': 'New South Wales', 'country': 'Australia', 'postcode': 9630, 'coordinates': {'latitude': '-82.2138', 'longitude': '26.7129'}, 'timezone': {'offset': '-6:00', 'description': 'Central Time (US &amp; Canada), Mexico City'}}, 'email': 'lesa.mitchelle@example.com', 'login': {'uuid': '99b34572-a60c-4583-9268-e0146d776e08', 'username': 'lazytiger144', 'password': 'hansen', 'salt': 'xcVvGnfh', 'md5': '64d3f044228d62809943b63f5d6b846c', 'sha1': '48148cde32805a04cdf7fe6447377e4c5f67fbb7', 'sha256': '53a78a81773f7625f1360dbc4de976ab23c16c8cedf0cd4bd4821615f413fabb'}, 'dob': {'date': '1948-11-12T05:57:14.457Z', 'age': 75}, 'registered': {'date': '2007-07-28T16:00:25.036Z', 'age': 16}, 'phone': '08-4439-0598', 'cell': '0411-427-296', 'id': {'name': 'TFN', 'value': '634106406'}, 'picture': {'large': 'https://randomuser.me/api/portraits/women/39.jpg', 'medium': 'https://randomuser.me/api/portraits/med/women/39.jpg', 'thumbnail': 'https://randomuser.me/api/portraits/thumb/women/39.jpg'}, 'nat': 'AU'}], 'info': {'seed': 'aef29e8f07b43d97', 'results': 1, 'page': 1, 'version': '1.4'}}</msg>
<arg>${json_data}</arg>
<doc>Logs the given message with the given level.</doc>
<status status="PASS" start="2024-06-30T07:13:50.096340" elapsed="0.000201"/>
</kw>
<kw name="Should Be Equal As Numbers" owner="BuiltIn">
<arg>${json_data['results'][0]['location']['postcode']}</arg>
<arg>${json_data['results'][0]['location']['postcode']}</arg>
<doc>Fails if objects are unequal after converting them to real numbers.</doc>
<status status="PASS" start="2024-06-30T07:13:50.096844" elapsed="0.000665"/>
</kw>
<kw name="Log" owner="BuiltIn">
<msg time="2024-06-30T07:13:50.098189" level="INFO">9630</msg>
<arg>${json_data['results'][0]['location']['postcode']}</arg>
<doc>Logs the given message with the given level.</doc>
<status status="PASS" start="2024-06-30T07:13:50.097731" elapsed="0.000500"/>
</kw>
<status status="PASS" start="2024-06-30T07:13:50.009016" elapsed="0.089467"/>
</kw>
<doc>Testa se os tipos de dados na resposta da API estão corretos.</doc>
<tag>testeTiposDados</tag>
<status status="PASS" start="2024-06-30T07:13:49.916310" elapsed="0.182332"/>
</test>
<test id="s1-s1-t5" name="Validar conteudo" line="35">
<kw name="Teste de Tipos de Conteudo" owner="random-user-service">
<kw name="GET On Session" owner="RequestsLibrary">
<msg time="2024-06-30T07:13:50.203639" level="INFO">GET Request : url=https://randomuser.me/api 
 path_url=/api 
 headers={'User-Agent': 'python-requests/2.32.3', 'Accept-Encoding': 'gzip, deflate', 'Accept': '*/*', 'Connection': 'keep-alive'} 
 body=None 
 </msg>
<msg time="2024-06-30T07:13:50.203731" level="INFO">GET Response : url=https://randomuser.me/api 
 status=200, reason=OK 
 headers={'Date': 'Sun, 30 Jun 2024 07:13:50 GMT', 'Content-Type': 'application/json; charset=utf-8', 'Transfer-Encoding': 'chunked', 'Connection': 'keep-alive', 'X-Powered-By': 'Express', 'Access-Control-Allow-Origin': '*', 'Cache-Control': 'no-cache', 'ETag': 'W/"46b-tYMnj77ONDwdNq9Csg6fprQHDYw"', 'Vary': 'Accept-Encoding', 'Content-Encoding': 'gzip', 'CF-Cache-Status': 'DYNAMIC', 'Report-To': '{"endpoints":[{"url":"https:\\/\\/a.nel.cloudflare.com\\/report\\/v4?s=I4wU6a7BvEqLdxL7J7cxYs3tR5WKjlnFAuUUahRseRzmnigzEAFjrXw3gZM9QBeDoNUZr%2BA7iLAV70tQ%2BaHEbkP2L5DIXRAWTUtMoIGFttZcwOyfDX5EBFGqGqs6XFwV"}],"group":"cf-nel","max_age":604800}', 'NEL': '{"success_fraction":0,"report_to":"cf-nel","max_age":604800}', 'Server': 'cloudflare', 'CF-RAY': '89bc5b202823607c-ORD', 'alt-svc': 'h3=":443"; ma=86400'} 
 body={"results":[{"gender":"male","name":{"title":"Mr","first":"Yatin","last":"Bhardwaj"},"location":{"street":{"number":3784,"name":"Santhekatte"},"city":"Mathura","state":"Mizoram","country":"India","postcode":58103,"coordinates":{"latitude":"12.3599","longitude":"-99.8340"},"timezone":{"offset":"-10:00","description":"Hawaii"}},"email":"yatin.bhardwaj@example.com","login":{"uuid":"f216d9a8-648b-4308-9f04-e110f1af0b87","username":"beautifulfish904","password":"xtreme","salt":"yrGQocIZ","md5":"a29b099d32e97e948cff6903040b8a4b","sha1":"e439cc81cf681e0bccea6d56e59dd652afb2528c","sha256":"3bbf6e19f56a5ec2ec1cfc9e45b9fa7c8437a8d5d9051eda9bcebf1bda229e75"},"dob":{"date":"1950-12-22T23:31:53.377Z","age":73},"registered":{"date":"2004-05-17T09:51:21.962Z","age":20},"phone":"9069065482","cell":"8596623074","id":{"name":"UIDAI","value":"349825081976"},"picture":{"large":"https://randomuser.me/api/portraits/men/2.jpg","medium":"https://randomuser.me/api/portraits/med/men/2.jpg","thumbnail":"https://randomuser.me/api/portraits/thumb/men/2.jpg"},"nat":"IN"}],"info":{"seed":"74aa4043e01f29ae","results":1,"page":1,"version":"1.4"}} 
 </msg>
<msg time="2024-06-30T07:13:50.203803" level="INFO">/opt/hostedtoolcache/Python/3.12.4/x64/lib/python3.12/site-packages/urllib3/connectionpool.py:1099: InsecureRequestWarning: Unverified HTTPS request is being made to host 'randomuser.me'. Adding certificate verification is strongly advised. See: https://urllib3.readthedocs.io/en/latest/advanced-usage.html#tls-warnings
  warnings.warn(</msg>
<msg time="2024-06-30T07:13:50.203933" level="INFO">${response} = &lt;Response [200]&gt;</msg>
<var>${response}</var>
<arg>consultarAPI</arg>
<arg>/api</arg>
<doc>Sends a GET request on a previously created HTTP Session.</doc>
<status status="PASS" start="2024-06-30T07:13:50.101149" elapsed="0.102834"/>
</kw>
<kw name="Set Variable" owner="BuiltIn">
<msg time="2024-06-30T07:13:50.205147" level="INFO">${json_data} = {'results': [{'gender': 'male', 'name': {'title': 'Mr', 'first': 'Yatin', 'last': 'Bhardwaj'}, 'location': {'street': {'number': 3784, 'name': 'Santhekatte'}, 'city': 'Mathura', 'state': 'Mizoram', 'c...</msg>
<var>${json_data}</var>
<arg>${response.json()}</arg>
<doc>Returns the given values which can then be assigned to a variables.</doc>
<status status="PASS" start="2024-06-30T07:13:50.204553" elapsed="0.000622"/>
</kw>
<kw name="Set Variable" owner="BuiltIn">
<msg time="2024-06-30T07:13:50.205859" level="INFO">${name_title} = Mr</msg>
<var>${name_title}</var>
<arg>${json_data["results"][0]["name"]["title"]}</arg>
<doc>Returns the given values which can then be assigned to a variables.</doc>
<status status="PASS" start="2024-06-30T07:13:50.205478" elapsed="0.000407"/>
</kw>
<kw name="Create List" owner="BuiltIn">
<msg time="2024-06-30T07:13:50.206333" level="INFO">${allowed_titles} = ['Mr', 'Ms', 'Miss', 'Mrs', 'Madame', 'Monsieur']</msg>
<var>${allowed_titles}</var>
<arg>Mr</arg>
<arg>Ms</arg>
<arg>Miss</arg>
<arg>Mrs</arg>
<arg>Madame</arg>
<arg>Monsieur</arg>
<doc>Returns a list containing given items.</doc>
<status status="PASS" start="2024-06-30T07:13:50.206187" elapsed="0.000170"/>
</kw>
<kw name="List Should Contain Value" owner="Collections">
<arg>${allowed_titles}</arg>
<arg>${name_title}</arg>
<doc>Fails if the ``value`` is not found from ``list``.</doc>
<status status="PASS" start="2024-06-30T07:13:50.206653" elapsed="0.000181"/>
</kw>
<kw name="Set Variable" owner="BuiltIn">
<msg time="2024-06-30T07:13:50.207371" level="INFO">${name_country} = IN</msg>
<var>${name_country}</var>
<arg>${json_data["results"][0]["nat"]}</arg>
<doc>Returns the given values which can then be assigned to a variables.</doc>
<status status="PASS" start="2024-06-30T07:13:50.207009" elapsed="0.000386"/>
</kw>
<kw name="Create List" owner="BuiltIn">
<msg time="2024-06-30T07:13:50.208279" level="INFO">${list_country} = ['AD', 'AE', 'AF', 'AG', 'AI', 'AL', 'AM', 'AO', 'AQ', 'AR', 'AS', 'AT', 'AU', 'AW', 'AX', 'AZ', 'BA', 'BB', 'BD', 'BE', 'BF', 'BG', 'BH', 'BI', 'BJ', 'BL', 'BM', 'BN', 'BO', 'BQ', 'BR', 'BS', 'BT', '...</msg>
<var>${list_country}</var>
<arg>AD</arg>
<arg>AE</arg>
<arg>AF</arg>
<arg>AG</arg>
<arg>AI</arg>
<arg>AL</arg>
<arg>AM</arg>
<arg>AO</arg>
<arg>AQ</arg>
<arg>AR</arg>
<arg>AS</arg>
<arg>AT</arg>
<arg>AU</arg>
<arg>AW</arg>
<arg>AX</arg>
<arg>AZ</arg>
<arg>BA</arg>
<arg>BB</arg>
<arg>BD</arg>
<arg>BE</arg>
<arg>BF</arg>
<arg>BG</arg>
<arg>BH</arg>
<arg>BI</arg>
<arg>BJ</arg>
<arg>BL</arg>
<arg>BM</arg>
<arg>BN</arg>
<arg>BO</arg>
<arg>BQ</arg>
<arg>BR</arg>
<arg>BS</arg>
<arg>BT</arg>
<arg>BV</arg>
<arg>BW</arg>
<arg>BY</arg>
<arg>BZ</arg>
<arg>CA</arg>
<arg>CC</arg>
<arg>CD</arg>
<arg>CF</arg>
<arg>CG</arg>
<arg>CH</arg>
<arg>CI</arg>
<arg>CK</arg>
<arg>CL</arg>
<arg>CM</arg>
<arg>CN</arg>
<arg>CO</arg>
<arg>CR</arg>
<arg>CU</arg>
<arg>CV</arg>
<arg>CW</arg>
<arg>CX</arg>
<arg>CY</arg>
<arg>CZ</arg>
<arg>DE</arg>
<arg>DJ</arg>
<arg>DK</arg>
<arg>DM</arg>
<arg>DO</arg>
<arg>DZ</arg>
<arg>EC</arg>
<arg>EE</arg>
<arg>EG</arg>
<arg>EH</arg>
<arg>ER</arg>
<arg>ES</arg>
<arg>ET</arg>
<arg>FI</arg>
<arg>FJ</arg>
<arg>FK</arg>
<arg>FM</arg>
<arg>FO</arg>
<arg>FR</arg>
<arg>GA</arg>
<arg>GB</arg>
<arg>GD</arg>
<arg>GE</arg>
<arg>GF</arg>
<arg>GG</arg>
<arg>GH</arg>
<arg>GI</arg>
<arg>GL</arg>
<arg>GM</arg>
<arg>GN</arg>
<arg>GP</arg>
<arg>GQ</arg>
<arg>GR</arg>
<arg>GS</arg>
<arg>GT</arg>
<arg>GU</arg>
<arg>GW</arg>
<arg>GY</arg>
<arg>HK</arg>
<arg>HM</arg>
<arg>HN</arg>
<arg>HR</arg>
<arg>HT</arg>
<arg>HU</arg>
<arg>ID</arg>
<arg>IE</arg>
<arg>IL</arg>
<arg>IM</arg>
<arg>IN</arg>
<arg>IO</arg>
<arg>IQ</arg>
<arg>IR</arg>
<arg>IS</arg>
<arg>IT</arg>
<arg>JE</arg>
<arg>JM</arg>
<arg>JO</arg>
<arg>JP</arg>
<arg>KE</arg>
<arg>KG</arg>
<arg>KH</arg>
<arg>KI</arg>
<arg>KM</arg>
<arg>KN</arg>
<arg>KP</arg>
<arg>KR</arg>
<arg>KW</arg>
<arg>KY</arg>
<arg>KZ</arg>
<arg>LA</arg>
<arg>LB</arg>
<arg>LC</arg>
<arg>LI</arg>
<arg>LK</arg>
<arg>LR</arg>
<arg>LS</arg>
<arg>LT</arg>
<arg>LU</arg>
<arg>LV</arg>
<arg>LY</arg>
<arg>MA</arg>
<arg>MC</arg>
<arg>MD</arg>
<arg>ME</arg>
<arg>MF</arg>
<arg>MG</arg>
<arg>MH</arg>
<arg>MK</arg>
<arg>ML</arg>
<arg>MM</arg>
<arg>MN</arg>
<arg>MO</arg>
<arg>MP</arg>
<arg>MQ</arg>
<arg>MR</arg>
<arg>MS</arg>
<arg>MT</arg>
<arg>MU</arg>
<arg>MV</arg>
<arg>MW</arg>
<arg>MX</arg>
<arg>MY</arg>
<arg>MZ</arg>
<arg>NA</arg>
<arg>NC</arg>
<arg>NE</arg>
<arg>NF</arg>
<arg>NG</arg>
<arg>NI</arg>
<arg>NL</arg>
<arg>NO</arg>
<arg>NP</arg>
<arg>NR</arg>
<arg>NU</arg>
<arg>NZ</arg>
<arg>OM</arg>
<arg>PA</arg>
<arg>PE</arg>
<arg>PF</arg>
<arg>PG</arg>
<arg>PH</arg>
<arg>PK</arg>
<arg>PL</arg>
<arg>PM</arg>
<arg>PN</arg>
<arg>PR</arg>
<arg>PS</arg>
<arg>PT</arg>
<arg>PW</arg>
<arg>PY</arg>
<arg>QA</arg>
<arg>RE</arg>
<arg>RO</arg>
<arg>RS</arg>
<arg>RU</arg>
<arg>RW</arg>
<arg>SA</arg>
<arg>SB</arg>
<arg>SC</arg>
<arg>SD</arg>
<arg>SE</arg>
<arg>SG</arg>
<arg>SH</arg>
<arg>SI</arg>
<arg>SJ</arg>
<arg>SK</arg>
<arg>SL</arg>
<arg>SM</arg>
<arg>SN</arg>
<arg>SO</arg>
<arg>SR</arg>
<arg>SS</arg>
<arg>ST</arg>
<arg>SV</arg>
<arg>SX</arg>
<arg>SY</arg>
<arg>SZ</arg>
<arg>TC</arg>
<arg>TD</arg>
<arg>TF</arg>
<arg>TG</arg>
<arg>TH</arg>
<arg>TJ</arg>
<arg>TK</arg>
<arg>TL</arg>
<arg>TM</arg>
<arg>TN</arg>
<arg>TO</arg>
<arg>TR</arg>
<arg>TT</arg>
<arg>TV</arg>
<arg>TW</arg>
<arg>TZ</arg>
<arg>UA</arg>
<arg>UG</arg>
<arg>UM</arg>
<arg>US</arg>
<arg>UY</arg>
<arg>UZ</arg>
<arg>VA</arg>
<arg>VC</arg>
<arg>VE</arg>
<arg>VG</arg>
<arg>VI</arg>
<arg>VN</arg>
<arg>VU</arg>
<arg>WF</arg>
<arg>WS</arg>
<arg>XK</arg>
<arg>YE</arg>
<arg>YT</arg>
<arg>ZA</arg>
<arg>ZM</arg>
<arg>ZW</arg>
<doc>Returns a list containing given items.</doc>
<status status="PASS" start="2024-06-30T07:13:50.207682" elapsed="0.000622"/>
</kw>
<kw name="List Should Contain Value" owner="Collections">
<arg>${list_country}</arg>
<arg>${name_country}</arg>
<doc>Fails if the ``value`` is not found from ``list``.</doc>
<status status="PASS" start="2024-06-30T07:13:50.209121" elapsed="0.000200"/>
</kw>
<kw name="Run Keyword If" owner="BuiltIn">
<kw name="Should Be True" owner="BuiltIn">
<arg>${True}</arg>
<doc>Fails if the given condition is not true.</doc>
<status status="PASS" start="2024-06-30T07:13:50.210248" elapsed="0.000140"/>
</kw>
<arg>${json_data["results"][0]["location"]["coordinates"]["latitude"]} &gt;= -90 and ${json_data["results"][0]["location"]["coordinates"]["latitude"]} &lt;= 90</arg>
<arg>Should Be True</arg>
<arg>${True}</arg>
<doc>Runs the given keyword with the given arguments, if ``condition`` is true.</doc>
<status status="PASS" start="2024-06-30T07:13:50.209514" elapsed="0.001003"/>
</kw>
<kw name="Run Keyword If" owner="BuiltIn">
<kw name="Should Be True" owner="BuiltIn">
<arg>${True}</arg>
<doc>Fails if the given condition is not true.</doc>
<status status="PASS" start="2024-06-30T07:13:50.211386" elapsed="0.000237"/>
</kw>
<arg>${json_data["results"][0]["location"]["coordinates"]["longitude"]} &gt;= -180 and ${json_data["results"][0]["location"]["coordinates"]["longitude"]} &lt;= 180</arg>
<arg>Should Be True</arg>
<arg>${True}</arg>
<doc>Runs the given keyword with the given arguments, if ``condition`` is true.</doc>
<status status="PASS" start="2024-06-30T07:13:50.210693" elapsed="0.001057"/>
</kw>
<status status="PASS" start="2024-06-30T07:13:50.100923" elapsed="0.110958"/>
</kw>
<doc>Testa o conteúdo específico dos campos retornados pela API.</doc>
<tag>testeConteudo</tag>
<status status="PASS" start="2024-06-30T07:13:50.100379" elapsed="0.111652"/>
</test>
<status status="PASS" start="2024-06-30T07:13:49.187491" elapsed="1.026607"/>
</suite>
<status status="PASS" start="2024-06-30T07:13:49.172259" elapsed="1.046869"/>
</suite>
<statistics>
<total>
<stat pass="5" fail="0" skip="0">All Tests</stat>
</total>
<tag>
<stat pass="1" fail="0" skip="0">testeConteudo</stat>
<stat pass="1" fail="0" skip="0">testeEstruturaResposta</stat>
<stat pass="1" fail="0" skip="0">testeRequisicaoBasica</stat>
<stat pass="1" fail="0" skip="0">testeTiposDados</stat>
</tag>
<suite>
<stat pass="5" fail="0" skip="0" id="s1" name="Tests">Tests</stat>
<stat pass="5" fail="0" skip="0" id="s1-s1" name="Random-User-Test">Tests.Random-User-Test</stat>
</suite>
</statistics>
<errors>
</errors>
</robot>
