<?xml version="1.0" encoding="UTF-8"?>
<robot generator="Robot 7.0 (Python 3.12.2 on linux)" generated="2024-04-03T05:13:55.890837" rpa="false" schemaversion="5">
<suite id="s1" name="Tests" source="/home/runner/work/DesafioQAItauRogerioJordao/DesafioQAItauRogerioJordao/RamdonUser/tests">
<suite id="s1-s1" name="Random-User-Test" source="/home/runner/work/DesafioQAItauRogerioJordao/DesafioQAItauRogerioJordao/RamdonUser/tests/random-user-test.robot">
<test id="s1-s1-t1" name="Conectar" line="13">
<kw name="Conectar API" owner="random-user-service">
<kw name="Create Session" owner="RequestsLibrary">
<msg time="2024-04-03T05:13:56.263525" level="INFO">Creating Session using : alias=consultarAPI, url=https://randomuser.me/, headers={},                     cookies={}, auth=None, timeout=None, proxies=None, verify=False,                     debug=0 </msg>
<arg>consultarAPI</arg>
<arg>${URL}</arg>
<doc>Create Session: create a HTTP session to a server</doc>
<status status="PASS" start="2024-04-03T05:13:56.263296" elapsed="0.000407"/>
</kw>
<status status="PASS" start="2024-04-03T05:13:56.262265" elapsed="0.001804"/>
</kw>
<status status="PASS" start="2024-04-03T05:13:56.261721" elapsed="0.002556"/>
</test>
<test id="s1-s1-t2" name="Validar retorno 200 e JSON Válido" line="16">
<kw name="Teste de Requisicao Basica" owner="random-user-service">
<kw name="GET On Session" owner="RequestsLibrary">
<msg time="2024-04-03T05:13:56.346729" level="INFO">GET Request : url=https://randomuser.me/api 
 path_url=/api 
 headers={'User-Agent': 'python-requests/2.31.0', 'Accept-Encoding': 'gzip, deflate', 'Accept': '*/*', 'Connection': 'keep-alive'} 
 body=None 
 </msg>
<msg time="2024-04-03T05:13:56.346883" level="INFO">GET Response : url=https://randomuser.me/api 
 status=200, reason=OK 
 headers={'Date': 'Wed, 03 Apr 2024 05:13:56 GMT', 'Content-Type': 'application/json; charset=utf-8', 'Transfer-Encoding': 'chunked', 'Connection': 'keep-alive', 'X-Powered-By': 'Express', 'Access-Control-Allow-Origin': '*', 'Cache-Control': 'no-cache', 'ETag': 'W/"4a8-6I1nJwpyvtwnt13+rcJQeO7OMmA"', 'Vary': 'Accept-Encoding', 'Content-Encoding': 'gzip', 'CF-Cache-Status': 'DYNAMIC', 'Report-To': '{"endpoints":[{"url":"https:\\/\\/a.nel.cloudflare.com\\/report\\/v4?s=ovBHsCfNsZXgjWxQ6CXr5WhjT0XPFQruQeOc9Oby7bZVRutsrWqz4ctCSf2X67otPWW5IC0cuj0BdRjvjR1gXXuhHUTHyA9DnCSLCsngjBgPsmVfMUTlH%2FUArFAN4z9x"}],"group":"cf-nel","max_age":604800}', 'NEL': '{"success_fraction":0,"report_to":"cf-nel","max_age":604800}', 'Server': 'cloudflare', 'CF-RAY': '86e6927edfe42322-ORD', 'alt-svc': 'h3=":443"; ma=86400'} 
 body={"results":[{"gender":"female","name":{"title":"Ms","first":"Perla","last":"Candelaria"},"location":{"street":{"number":3375,"name":"Eje vial Sur Miramontes"},"city":"Tepetzintla","state":"Nuevo Leon","country":"Mexico","postcode":61632,"coordinates":{"latitude":"29.8324","longitude":"149.3138"},"timezone":{"offset":"-7:00","description":"Mountain Time (US &amp; Canada)"}},"email":"perla.candelaria@example.com","login":{"uuid":"d2d25ad9-9947-48d6-9bc0-a40309cd545d","username":"angryostrich355","password":"scrappy","salt":"KrCG3y1U","md5":"66ef552a8e75735934267aaceeb0b15a","sha1":"088c94c5ebc5e95674c9d32e733f3cc60f36c8f9","sha256":"54a64e6bd320ff0477e6b53ca3d5a078e0c27ff44933af8b2eca4527858ef7da"},"dob":{"date":"1946-02-18T13:19:36.980Z","age":78},"registered":{"date":"2006-10-26T15:28:40.245Z","age":17},"phone":"(657) 832 3890","cell":"(618) 148 5986","id":{"name":"NSS","value":"16 55 12 1987 6"},"picture":{"large":"https://randomuser.me/api/portraits/women/0.jpg","medium":"https://randomuser.me/api/portraits/med/women/0.jpg","thumbnail":"https://randomuser.me/api/portraits/thumb/women/0.jpg"},"nat":"MX"}],"info":{"seed":"d0fa61d4f9b0c6b7","results":1,"page":1,"version":"1.4"}} 
 </msg>
<msg time="2024-04-03T05:13:56.347009" level="INFO">/opt/hostedtoolcache/Python/3.12.2/x64/lib/python3.12/site-packages/urllib3/connectionpool.py:1103: InsecureRequestWarning: Unverified HTTPS request is being made to host 'randomuser.me'. Adding certificate verification is strongly advised. See: https://urllib3.readthedocs.io/en/latest/advanced-usage.html#tls-warnings
  warnings.warn(</msg>
<msg time="2024-04-03T05:13:56.347168" level="INFO">${response} = &lt;Response [200]&gt;</msg>
<var>${response}</var>
<arg>consultarAPI</arg>
<arg>/api</arg>
<doc>Sends a GET request on a previously created HTTP Session.</doc>
<status status="PASS" start="2024-04-03T05:13:56.266866" elapsed="0.080343"/>
</kw>
<kw name="Should Be Equal As Numbers" owner="BuiltIn">
<msg time="2024-04-03T05:13:56.348277" level="INFO">Argument types are:
&lt;class 'int'&gt;
&lt;class 'str'&gt;</msg>
<arg>${response.status_code}</arg>
<arg>200</arg>
<doc>Fails if objects are unequal after converting them to real numbers.</doc>
<status status="PASS" start="2024-04-03T05:13:56.347805" elapsed="0.000537"/>
</kw>
<kw name="Log" owner="BuiltIn">
<msg time="2024-04-03T05:13:56.349026" level="INFO">200</msg>
<arg>${response.status_code}</arg>
<doc>Logs the given message with the given level.</doc>
<status status="PASS" start="2024-04-03T05:13:56.348666" elapsed="0.000403"/>
</kw>
<kw name="Set Variable" owner="BuiltIn">
<msg time="2024-04-03T05:13:56.349869" level="INFO">${json_data} = {'results': [{'gender': 'female', 'name': {'title': 'Ms', 'first': 'Perla', 'last': 'Candelaria'}, 'location': {'street': {'number': 3375, 'name': 'Eje vial Sur Miramontes'}, 'city': 'Tepetzintla', 's...</msg>
<var>${json_data}</var>
<arg>${response.json()}</arg>
<doc>Returns the given values which can then be assigned to a variables.</doc>
<status status="PASS" start="2024-04-03T05:13:56.349391" elapsed="0.000507"/>
</kw>
<kw name="Dictionary Should Contain Key" owner="Collections">
<msg time="2024-04-03T05:13:56.350375" level="INFO">False</msg>
<arg>${json_data}</arg>
<arg>results</arg>
<doc>Fails if ``key`` is not found from ``dictionary``.</doc>
<status status="PASS" start="2024-04-03T05:13:56.350207" elapsed="0.000208"/>
</kw>
<status status="PASS" start="2024-04-03T05:13:56.266614" elapsed="0.084063"/>
</kw>
<doc>Testa se a API responde corretamente e retorna um objeto JSON válido.</doc>
<tag>testeRequisicaoBasica</tag>
<status status="PASS" start="2024-04-03T05:13:56.266147" elapsed="0.084720"/>
</test>
<test id="s1-s1-t3" name="Validar estrutura de resposta" line="22">
<kw name="Teste de Estrutura de Resposta" owner="random-user-service">
<kw name="GET On Session" owner="RequestsLibrary">
<msg time="2024-04-03T05:13:56.441790" level="INFO">GET Request : url=https://randomuser.me/api 
 path_url=/api 
 headers={'User-Agent': 'python-requests/2.31.0', 'Accept-Encoding': 'gzip, deflate', 'Accept': '*/*', 'Connection': 'keep-alive'} 
 body=None 
 </msg>
<msg time="2024-04-03T05:13:56.441879" level="INFO">GET Response : url=https://randomuser.me/api 
 status=200, reason=OK 
 headers={'Date': 'Wed, 03 Apr 2024 05:13:56 GMT', 'Content-Type': 'application/json; charset=utf-8', 'Transfer-Encoding': 'chunked', 'Connection': 'keep-alive', 'X-Powered-By': 'Express', 'Access-Control-Allow-Origin': '*', 'Cache-Control': 'no-cache', 'ETag': 'W/"492-jCZwZ5FGEWqC4ryAZbe+xFE2R68"', 'Vary': 'Accept-Encoding', 'Content-Encoding': 'gzip', 'CF-Cache-Status': 'DYNAMIC', 'Report-To': '{"endpoints":[{"url":"https:\\/\\/a.nel.cloudflare.com\\/report\\/v4?s=NROYLAF9RuOFe5GQY2vXcKcYXCPdTxxzosrLhW5VB64vuaDLu0bhgWj%2BYDy423ZKuCTKhkJfFhpEqIrqNMfPsliY1XFFonVKiSg8cMar6FnhZ1zE1tacd7JTV8dP2sk4"}],"group":"cf-nel","max_age":604800}', 'NEL': '{"success_fraction":0,"report_to":"cf-nel","max_age":604800}', 'Server': 'cloudflare', 'CF-RAY': '86e6927f383b2322-ORD', 'alt-svc': 'h3=":443"; ma=86400'} 
 body={"results":[{"gender":"female","name":{"title":"Miss","first":"Kate","last":"Johnson"},"location":{"street":{"number":5209,"name":"Pitt Street"},"city":"Wellington","state":"Northland","country":"New Zealand","postcode":28786,"coordinates":{"latitude":"47.2397","longitude":"177.7920"},"timezone":{"offset":"+11:00","description":"Magadan, Solomon Islands, New Caledonia"}},"email":"kate.johnson@example.com","login":{"uuid":"851f8ae8-3433-4404-aaab-c84d1bca5216","username":"sadpeacock565","password":"onlyme","salt":"qpmqdsAQ","md5":"265ec0440cd7b490cc40d6eeb53561af","sha1":"e73cef90aba46c735221ee801294b03d11341c5b","sha256":"b11103e9593fb29e3ca060061c15df4270d9167afd843578f9fe85426df6e6ce"},"dob":{"date":"1961-06-24T20:27:16.432Z","age":62},"registered":{"date":"2019-01-31T09:55:32.815Z","age":5},"phone":"(776)-310-3586","cell":"(207)-603-8279","id":{"name":"","value":null},"picture":{"large":"https://randomuser.me/api/portraits/women/8.jpg","medium":"https://randomuser.me/api/portraits/med/women/8.jpg","thumbnail":"https://randomuser.me/api/portraits/thumb/women/8.jpg"},"nat":"NZ"}],"info":{"seed":"ab60133d404b6eed","results":1,"page":1,"version":"1.4"}} 
 </msg>
<msg time="2024-04-03T05:13:56.442015" level="INFO">/opt/hostedtoolcache/Python/3.12.2/x64/lib/python3.12/site-packages/urllib3/connectionpool.py:1103: InsecureRequestWarning: Unverified HTTPS request is being made to host 'randomuser.me'. Adding certificate verification is strongly advised. See: https://urllib3.readthedocs.io/en/latest/advanced-usage.html#tls-warnings
  warnings.warn(</msg>
<msg time="2024-04-03T05:13:56.442160" level="INFO">${response} = &lt;Response [200]&gt;</msg>
<var>${response}</var>
<arg>consultarAPI</arg>
<arg>/api</arg>
<doc>Sends a GET request on a previously created HTTP Session.</doc>
<status status="PASS" start="2024-04-03T05:13:56.353744" elapsed="0.088467"/>
</kw>
<kw name="Set Variable" owner="BuiltIn">
<msg time="2024-04-03T05:13:56.443221" level="INFO">${json_data} = {'results': [{'gender': 'female', 'name': {'title': 'Miss', 'first': 'Kate', 'last': 'Johnson'}, 'location': {'street': {'number': 5209, 'name': 'Pitt Street'}, 'city': 'Wellington', 'state': 'Northla...</msg>
<var>${json_data}</var>
<arg>${response.json()}</arg>
<doc>Returns the given values which can then be assigned to a variables.</doc>
<status status="PASS" start="2024-04-03T05:13:56.442674" elapsed="0.000575"/>
</kw>
<kw name="Log" owner="BuiltIn">
<msg time="2024-04-03T05:13:56.443715" level="INFO">{'results': [{'gender': 'female', 'name': {'title': 'Miss', 'first': 'Kate', 'last': 'Johnson'}, 'location': {'street': {'number': 5209, 'name': 'Pitt Street'}, 'city': 'Wellington', 'state': 'Northland', 'country': 'New Zealand', 'postcode': 28786, 'coordinates': {'latitude': '47.2397', 'longitude': '177.7920'}, 'timezone': {'offset': '+11:00', 'description': 'Magadan, Solomon Islands, New Caledonia'}}, 'email': 'kate.johnson@example.com', 'login': {'uuid': '851f8ae8-3433-4404-aaab-c84d1bca5216', 'username': 'sadpeacock565', 'password': 'onlyme', 'salt': 'qpmqdsAQ', 'md5': '265ec0440cd7b490cc40d6eeb53561af', 'sha1': 'e73cef90aba46c735221ee801294b03d11341c5b', 'sha256': 'b11103e9593fb29e3ca060061c15df4270d9167afd843578f9fe85426df6e6ce'}, 'dob': {'date': '1961-06-24T20:27:16.432Z', 'age': 62}, 'registered': {'date': '2019-01-31T09:55:32.815Z', 'age': 5}, 'phone': '(776)-310-3586', 'cell': '(207)-603-8279', 'id': {'name': '', 'value': None}, 'picture': {'large': 'https://randomuser.me/api/portraits/women/8.jpg', 'medium': 'https://randomuser.me/api/portraits/med/women/8.jpg', 'thumbnail': 'https://randomuser.me/api/portraits/thumb/women/8.jpg'}, 'nat': 'NZ'}], 'info': {'seed': 'ab60133d404b6eed', 'results': 1, 'page': 1, 'version': '1.4'}}</msg>
<arg>${json_data}</arg>
<doc>Logs the given message with the given level.</doc>
<status status="PASS" start="2024-04-03T05:13:56.443560" elapsed="0.000203"/>
</kw>
<kw name="Dictionary Should Contain Key" owner="Collections">
<msg time="2024-04-03T05:13:56.444208" level="INFO">False</msg>
<arg>${json_data}</arg>
<arg>results</arg>
<doc>Fails if ``key`` is not found from ``dictionary``.</doc>
<status status="PASS" start="2024-04-03T05:13:56.444056" elapsed="0.000189"/>
</kw>
<kw name="Should Not Be Empty" owner="BuiltIn">
<msg time="2024-04-03T05:13:56.444668" level="INFO">Length is 2.</msg>
<arg>${json_data}</arg>
<doc>Verifies that the given item is not empty.</doc>
<status status="PASS" start="2024-04-03T05:13:56.444536" elapsed="0.000170"/>
</kw>
<kw name="Create List" owner="BuiltIn">
<msg time="2024-04-03T05:13:56.445145" level="INFO">${expected_keys} = ['gender', 'name', 'location', 'email', 'login']</msg>
<var>${expected_keys}</var>
<arg>gender</arg>
<arg>name</arg>
<arg>location</arg>
<arg>email</arg>
<arg>login</arg>
<doc>Returns a list containing given items.</doc>
<status status="PASS" start="2024-04-03T05:13:56.444997" elapsed="0.000171"/>
</kw>
<for flavor="IN">
<iter>
<kw name="Dictionary Should Contain Key" owner="Collections">
<msg time="2024-04-03T05:13:56.446180" level="INFO">False</msg>
<arg>${json_data['results'][0]}</arg>
<arg>${key}</arg>
<doc>Fails if ``key`` is not found from ``dictionary``.</doc>
<status status="PASS" start="2024-04-03T05:13:56.445775" elapsed="0.000450"/>
</kw>
<kw name="Log" owner="BuiltIn">
<msg time="2024-04-03T05:13:56.446907" level="INFO">{'gender': 'female', 'name': {'title': 'Miss', 'first': 'Kate', 'last': 'Johnson'}, 'location': {'street': {'number': 5209, 'name': 'Pitt Street'}, 'city': 'Wellington', 'state': 'Northland', 'country': 'New Zealand', 'postcode': 28786, 'coordinates': {'latitude': '47.2397', 'longitude': '177.7920'}, 'timezone': {'offset': '+11:00', 'description': 'Magadan, Solomon Islands, New Caledonia'}}, 'email': 'kate.johnson@example.com', 'login': {'uuid': '851f8ae8-3433-4404-aaab-c84d1bca5216', 'username': 'sadpeacock565', 'password': 'onlyme', 'salt': 'qpmqdsAQ', 'md5': '265ec0440cd7b490cc40d6eeb53561af', 'sha1': 'e73cef90aba46c735221ee801294b03d11341c5b', 'sha256': 'b11103e9593fb29e3ca060061c15df4270d9167afd843578f9fe85426df6e6ce'}, 'dob': {'date': '1961-06-24T20:27:16.432Z', 'age': 62}, 'registered': {'date': '2019-01-31T09:55:32.815Z', 'age': 5}, 'phone': '(776)-310-3586', 'cell': '(207)-603-8279', 'id': {'name': '', 'value': None}, 'picture': {'large': 'https://randomuser.me/api/portraits/women/8.jpg', 'medium': 'https://randomuser.me/api/portraits/med/women/8.jpg', 'thumbnail': 'https://randomuser.me/api/portraits/thumb/women/8.jpg'}, 'nat': 'NZ'}</msg>
<arg>${json_data['results'][0]}</arg>
<doc>Logs the given message with the given level.</doc>
<status status="PASS" start="2024-04-03T05:13:56.446533" elapsed="0.000427"/>
</kw>
<kw name="Log" owner="BuiltIn">
<msg time="2024-04-03T05:13:56.447391" level="INFO">gender</msg>
<arg>${key}</arg>
<doc>Logs the given message with the given level.</doc>
<status status="PASS" start="2024-04-03T05:13:56.447262" elapsed="0.000167"/>
</kw>
<var name="${key}">gender</var>
<status status="PASS" start="2024-04-03T05:13:56.445616" elapsed="0.002036"/>
</iter>
<iter>
<kw name="Dictionary Should Contain Key" owner="Collections">
<msg time="2024-04-03T05:13:56.448340" level="INFO">False</msg>
<arg>${json_data['results'][0]}</arg>
<arg>${key}</arg>
<doc>Fails if ``key`` is not found from ``dictionary``.</doc>
<status status="PASS" start="2024-04-03T05:13:56.447956" elapsed="0.000421"/>
</kw>
<kw name="Log" owner="BuiltIn">
<msg time="2024-04-03T05:13:56.449078" level="INFO">{'gender': 'female', 'name': {'title': 'Miss', 'first': 'Kate', 'last': 'Johnson'}, 'location': {'street': {'number': 5209, 'name': 'Pitt Street'}, 'city': 'Wellington', 'state': 'Northland', 'country': 'New Zealand', 'postcode': 28786, 'coordinates': {'latitude': '47.2397', 'longitude': '177.7920'}, 'timezone': {'offset': '+11:00', 'description': 'Magadan, Solomon Islands, New Caledonia'}}, 'email': 'kate.johnson@example.com', 'login': {'uuid': '851f8ae8-3433-4404-aaab-c84d1bca5216', 'username': 'sadpeacock565', 'password': 'onlyme', 'salt': 'qpmqdsAQ', 'md5': '265ec0440cd7b490cc40d6eeb53561af', 'sha1': 'e73cef90aba46c735221ee801294b03d11341c5b', 'sha256': 'b11103e9593fb29e3ca060061c15df4270d9167afd843578f9fe85426df6e6ce'}, 'dob': {'date': '1961-06-24T20:27:16.432Z', 'age': 62}, 'registered': {'date': '2019-01-31T09:55:32.815Z', 'age': 5}, 'phone': '(776)-310-3586', 'cell': '(207)-603-8279', 'id': {'name': '', 'value': None}, 'picture': {'large': 'https://randomuser.me/api/portraits/women/8.jpg', 'medium': 'https://randomuser.me/api/portraits/med/women/8.jpg', 'thumbnail': 'https://randomuser.me/api/portraits/thumb/women/8.jpg'}, 'nat': 'NZ'}</msg>
<arg>${json_data['results'][0]}</arg>
<doc>Logs the given message with the given level.</doc>
<status status="PASS" start="2024-04-03T05:13:56.448707" elapsed="0.000418"/>
</kw>
<kw name="Log" owner="BuiltIn">
<msg time="2024-04-03T05:13:56.449548" level="INFO">name</msg>
<arg>${key}</arg>
<doc>Logs the given message with the given level.</doc>
<status status="PASS" start="2024-04-03T05:13:56.449421" elapsed="0.000165"/>
</kw>
<var name="${key}">name</var>
<status status="PASS" start="2024-04-03T05:13:56.447841" elapsed="0.001990"/>
</iter>
<iter>
<kw name="Dictionary Should Contain Key" owner="Collections">
<msg time="2024-04-03T05:13:56.450499" level="INFO">False</msg>
<arg>${json_data['results'][0]}</arg>
<arg>${key}</arg>
<doc>Fails if ``key`` is not found from ``dictionary``.</doc>
<status status="PASS" start="2024-04-03T05:13:56.450123" elapsed="0.000414"/>
</kw>
<kw name="Log" owner="BuiltIn">
<msg time="2024-04-03T05:13:56.451216" level="INFO">{'gender': 'female', 'name': {'title': 'Miss', 'first': 'Kate', 'last': 'Johnson'}, 'location': {'street': {'number': 5209, 'name': 'Pitt Street'}, 'city': 'Wellington', 'state': 'Northland', 'country': 'New Zealand', 'postcode': 28786, 'coordinates': {'latitude': '47.2397', 'longitude': '177.7920'}, 'timezone': {'offset': '+11:00', 'description': 'Magadan, Solomon Islands, New Caledonia'}}, 'email': 'kate.johnson@example.com', 'login': {'uuid': '851f8ae8-3433-4404-aaab-c84d1bca5216', 'username': 'sadpeacock565', 'password': 'onlyme', 'salt': 'qpmqdsAQ', 'md5': '265ec0440cd7b490cc40d6eeb53561af', 'sha1': 'e73cef90aba46c735221ee801294b03d11341c5b', 'sha256': 'b11103e9593fb29e3ca060061c15df4270d9167afd843578f9fe85426df6e6ce'}, 'dob': {'date': '1961-06-24T20:27:16.432Z', 'age': 62}, 'registered': {'date': '2019-01-31T09:55:32.815Z', 'age': 5}, 'phone': '(776)-310-3586', 'cell': '(207)-603-8279', 'id': {'name': '', 'value': None}, 'picture': {'large': 'https://randomuser.me/api/portraits/women/8.jpg', 'medium': 'https://randomuser.me/api/portraits/med/women/8.jpg', 'thumbnail': 'https://randomuser.me/api/portraits/thumb/women/8.jpg'}, 'nat': 'NZ'}</msg>
<arg>${json_data['results'][0]}</arg>
<doc>Logs the given message with the given level.</doc>
<status status="PASS" start="2024-04-03T05:13:56.450856" elapsed="0.000411"/>
</kw>
<kw name="Log" owner="BuiltIn">
<msg time="2024-04-03T05:13:56.451685" level="INFO">location</msg>
<arg>${key}</arg>
<doc>Logs the given message with the given level.</doc>
<status status="PASS" start="2024-04-03T05:13:56.451560" elapsed="0.000163"/>
</kw>
<var name="${key}">location</var>
<status status="PASS" start="2024-04-03T05:13:56.450010" elapsed="0.001925"/>
</iter>
<iter>
<kw name="Dictionary Should Contain Key" owner="Collections">
<msg time="2024-04-03T05:13:56.452597" level="INFO">False</msg>
<arg>${json_data['results'][0]}</arg>
<arg>${key}</arg>
<doc>Fails if ``key`` is not found from ``dictionary``.</doc>
<status status="PASS" start="2024-04-03T05:13:56.452226" elapsed="0.000409"/>
</kw>
<kw name="Log" owner="BuiltIn">
<msg time="2024-04-03T05:13:56.453286" level="INFO">{'gender': 'female', 'name': {'title': 'Miss', 'first': 'Kate', 'last': 'Johnson'}, 'location': {'street': {'number': 5209, 'name': 'Pitt Street'}, 'city': 'Wellington', 'state': 'Northland', 'country': 'New Zealand', 'postcode': 28786, 'coordinates': {'latitude': '47.2397', 'longitude': '177.7920'}, 'timezone': {'offset': '+11:00', 'description': 'Magadan, Solomon Islands, New Caledonia'}}, 'email': 'kate.johnson@example.com', 'login': {'uuid': '851f8ae8-3433-4404-aaab-c84d1bca5216', 'username': 'sadpeacock565', 'password': 'onlyme', 'salt': 'qpmqdsAQ', 'md5': '265ec0440cd7b490cc40d6eeb53561af', 'sha1': 'e73cef90aba46c735221ee801294b03d11341c5b', 'sha256': 'b11103e9593fb29e3ca060061c15df4270d9167afd843578f9fe85426df6e6ce'}, 'dob': {'date': '1961-06-24T20:27:16.432Z', 'age': 62}, 'registered': {'date': '2019-01-31T09:55:32.815Z', 'age': 5}, 'phone': '(776)-310-3586', 'cell': '(207)-603-8279', 'id': {'name': '', 'value': None}, 'picture': {'large': 'https://randomuser.me/api/portraits/women/8.jpg', 'medium': 'https://randomuser.me/api/portraits/med/women/8.jpg', 'thumbnail': 'https://randomuser.me/api/portraits/thumb/women/8.jpg'}, 'nat': 'NZ'}</msg>
<arg>${json_data['results'][0]}</arg>
<doc>Logs the given message with the given level.</doc>
<status status="PASS" start="2024-04-03T05:13:56.452931" elapsed="0.000402"/>
</kw>
<kw name="Log" owner="BuiltIn">
<msg time="2024-04-03T05:13:56.453779" level="INFO">email</msg>
<arg>${key}</arg>
<doc>Logs the given message with the given level.</doc>
<status status="PASS" start="2024-04-03T05:13:56.453624" elapsed="0.000193"/>
</kw>
<var name="${key}">email</var>
<status status="PASS" start="2024-04-03T05:13:56.452116" elapsed="0.001916"/>
</iter>
<iter>
<kw name="Dictionary Should Contain Key" owner="Collections">
<msg time="2024-04-03T05:13:56.454701" level="INFO">False</msg>
<arg>${json_data['results'][0]}</arg>
<arg>${key}</arg>
<doc>Fails if ``key`` is not found from ``dictionary``.</doc>
<status status="PASS" start="2024-04-03T05:13:56.454323" elapsed="0.000414"/>
</kw>
<kw name="Log" owner="BuiltIn">
<msg time="2024-04-03T05:13:56.455392" level="INFO">{'gender': 'female', 'name': {'title': 'Miss', 'first': 'Kate', 'last': 'Johnson'}, 'location': {'street': {'number': 5209, 'name': 'Pitt Street'}, 'city': 'Wellington', 'state': 'Northland', 'country': 'New Zealand', 'postcode': 28786, 'coordinates': {'latitude': '47.2397', 'longitude': '177.7920'}, 'timezone': {'offset': '+11:00', 'description': 'Magadan, Solomon Islands, New Caledonia'}}, 'email': 'kate.johnson@example.com', 'login': {'uuid': '851f8ae8-3433-4404-aaab-c84d1bca5216', 'username': 'sadpeacock565', 'password': 'onlyme', 'salt': 'qpmqdsAQ', 'md5': '265ec0440cd7b490cc40d6eeb53561af', 'sha1': 'e73cef90aba46c735221ee801294b03d11341c5b', 'sha256': 'b11103e9593fb29e3ca060061c15df4270d9167afd843578f9fe85426df6e6ce'}, 'dob': {'date': '1961-06-24T20:27:16.432Z', 'age': 62}, 'registered': {'date': '2019-01-31T09:55:32.815Z', 'age': 5}, 'phone': '(776)-310-3586', 'cell': '(207)-603-8279', 'id': {'name': '', 'value': None}, 'picture': {'large': 'https://randomuser.me/api/portraits/women/8.jpg', 'medium': 'https://randomuser.me/api/portraits/med/women/8.jpg', 'thumbnail': 'https://randomuser.me/api/portraits/thumb/women/8.jpg'}, 'nat': 'NZ'}</msg>
<arg>${json_data['results'][0]}</arg>
<doc>Logs the given message with the given level.</doc>
<status status="PASS" start="2024-04-03T05:13:56.455028" elapsed="0.000410"/>
</kw>
<kw name="Log" owner="BuiltIn">
<msg time="2024-04-03T05:13:56.455853" level="INFO">login</msg>
<arg>${key}</arg>
<doc>Logs the given message with the given level.</doc>
<status status="PASS" start="2024-04-03T05:13:56.455727" elapsed="0.000266"/>
</kw>
<var name="${key}">login</var>
<status status="PASS" start="2024-04-03T05:13:56.454204" elapsed="0.002044"/>
</iter>
<var>${key}</var>
<value>@{expected_keys}</value>
<status status="PASS" start="2024-04-03T05:13:56.445432" elapsed="0.010946"/>
</for>
<kw name="Create List" owner="BuiltIn">
<msg time="2024-04-03T05:13:56.456712" level="INFO">${expected_keysTwo} = ['username', 'password']</msg>
<var>${expected_keysTwo}</var>
<arg>username</arg>
<arg>password</arg>
<doc>Returns a list containing given items.</doc>
<status status="PASS" start="2024-04-03T05:13:56.456574" elapsed="0.000162"/>
</kw>
<for flavor="IN">
<iter>
<kw name="Dictionary Should Contain Key" owner="Collections">
<msg time="2024-04-03T05:13:56.457610" level="INFO">False</msg>
<arg>${json_data['results'][0]['login']}</arg>
<arg>${keyTwo}</arg>
<doc>Fails if ``key`` is not found from ``dictionary``.</doc>
<status status="PASS" start="2024-04-03T05:13:56.457232" elapsed="0.000414"/>
</kw>
<kw name="Dictionary Should Contain Key" owner="Collections">
<msg time="2024-04-03T05:13:56.458352" level="INFO">False</msg>
<arg>${json_data['results'][0]['login']}</arg>
<arg>${keyTwo}</arg>
<doc>Fails if ``key`` is not found from ``dictionary``.</doc>
<status status="PASS" start="2024-04-03T05:13:56.457977" elapsed="0.000413"/>
</kw>
<kw name="Log" owner="BuiltIn">
<msg time="2024-04-03T05:13:56.458812" level="INFO">username</msg>
<arg>${keyTwo}</arg>
<doc>Logs the given message with the given level.</doc>
<status status="PASS" start="2024-04-03T05:13:56.458684" elapsed="0.000164"/>
</kw>
<var name="${keyTwo}">username</var>
<status status="PASS" start="2024-04-03T05:13:56.457122" elapsed="0.001942"/>
</iter>
<iter>
<kw name="Dictionary Should Contain Key" owner="Collections">
<msg time="2024-04-03T05:13:56.459724" level="INFO">False</msg>
<arg>${json_data['results'][0]['login']}</arg>
<arg>${keyTwo}</arg>
<doc>Fails if ``key`` is not found from ``dictionary``.</doc>
<status status="PASS" start="2024-04-03T05:13:56.459345" elapsed="0.000416"/>
</kw>
<kw name="Dictionary Should Contain Key" owner="Collections">
<msg time="2024-04-03T05:13:56.460418" level="INFO">False</msg>
<arg>${json_data['results'][0]['login']}</arg>
<arg>${keyTwo}</arg>
<doc>Fails if ``key`` is not found from ``dictionary``.</doc>
<status status="PASS" start="2024-04-03T05:13:56.460048" elapsed="0.000407"/>
</kw>
<kw name="Log" owner="BuiltIn">
<msg time="2024-04-03T05:13:56.460869" level="INFO">password</msg>
<arg>${keyTwo}</arg>
<doc>Logs the given message with the given level.</doc>
<status status="PASS" start="2024-04-03T05:13:56.460745" elapsed="0.000161"/>
</kw>
<var name="${keyTwo}">password</var>
<status status="PASS" start="2024-04-03T05:13:56.459236" elapsed="0.001884"/>
</iter>
<var>${keyTwo}</var>
<value>@{expected_keysTwo}</value>
<status status="PASS" start="2024-04-03T05:13:56.456971" elapsed="0.004267"/>
</for>
<status status="PASS" start="2024-04-03T05:13:56.353477" elapsed="0.107899"/>
</kw>
<doc>Testa a estrutura da resposta da API.</doc>
<tag>testeEstruturaResposta</tag>
<status status="PASS" start="2024-04-03T05:13:56.352722" elapsed="0.108806"/>
</test>
<test id="s1-s1-t4" name="Validar tipos de dados" line="28">
<kw name="Teste de Tipos de Dados" owner="random-user-service">
<kw name="GET On Session" owner="RequestsLibrary">
<msg time="2024-04-03T05:13:56.543626" level="INFO">GET Request : url=https://randomuser.me/api 
 path_url=/api 
 headers={'User-Agent': 'python-requests/2.31.0', 'Accept-Encoding': 'gzip, deflate', 'Accept': '*/*', 'Connection': 'keep-alive'} 
 body=None 
 </msg>
<msg time="2024-04-03T05:13:56.543696" level="INFO">GET Response : url=https://randomuser.me/api 
 status=200, reason=OK 
 headers={'Date': 'Wed, 03 Apr 2024 05:13:56 GMT', 'Content-Type': 'application/json; charset=utf-8', 'Transfer-Encoding': 'chunked', 'Connection': 'keep-alive', 'X-Powered-By': 'Express', 'Access-Control-Allow-Origin': '*', 'Cache-Control': 'no-cache', 'ETag': 'W/"478-NT/snePedNpv9LUKdQV8nFB4twA"', 'Vary': 'Accept-Encoding', 'Content-Encoding': 'gzip', 'CF-Cache-Status': 'DYNAMIC', 'Report-To': '{"endpoints":[{"url":"https:\\/\\/a.nel.cloudflare.com\\/report\\/v4?s=YblBH7uja7%2BWsAB0XVGpNrExY71oYuQeAIm6QEMUm2cHcdMDZZr0KTqNa48hGVDhPOgG%2FwKqACVbjSFVfrR5zl38Mr61M%2FuxpN5ayCbzB49MHKXC3PASwXEJ8Giih2rI"}],"group":"cf-nel","max_age":604800}', 'NEL': '{"success_fraction":0,"report_to":"cf-nel","max_age":604800}', 'Server': 'cloudflare', 'CF-RAY': '86e6927fe8bc2322-ORD', 'alt-svc': 'h3=":443"; ma=86400'} 
 body={"results":[{"gender":"female","name":{"title":"Ms","first":"Dinella","last":"Mendonsa"},"location":{"street":{"number":8516,"name":"Lamington Rd"},"city":"Ramgarh","state":"Chandigarh","country":"India","postcode":20992,"coordinates":{"latitude":"11.6365","longitude":"169.3882"},"timezone":{"offset":"+3:30","description":"Tehran"}},"email":"dinella.mendonsa@example.com","login":{"uuid":"38c9d6c2-1c87-4f64-9cf2-aff92fddd810","username":"bigostrich952","password":"yaya","salt":"UGE7AsMV","md5":"29003f74bba3e1b2123dd284531d3767","sha1":"4c3098aec73690620d9fefe4d6a0d9052cac2910","sha256":"3298dd3f09323c9261cb772e6090480b8ee4b9a209ae9f2ad137532c914fa5af"},"dob":{"date":"1999-10-13T05:13:52.344Z","age":24},"registered":{"date":"2013-10-29T03:23:46.114Z","age":10},"phone":"9888510498","cell":"9770361924","id":{"name":"UIDAI","value":"614054124081"},"picture":{"large":"https://randomuser.me/api/portraits/women/17.jpg","medium":"https://randomuser.me/api/portraits/med/women/17.jpg","thumbnail":"https://randomuser.me/api/portraits/thumb/women/17.jpg"},"nat":"IN"}],"info":{"seed":"c57e31473f0b7396","results":1,"page":1,"version":"1.4"}} 
 </msg>
<msg time="2024-04-03T05:13:56.543754" level="INFO">/opt/hostedtoolcache/Python/3.12.2/x64/lib/python3.12/site-packages/urllib3/connectionpool.py:1103: InsecureRequestWarning: Unverified HTTPS request is being made to host 'randomuser.me'. Adding certificate verification is strongly advised. See: https://urllib3.readthedocs.io/en/latest/advanced-usage.html#tls-warnings
  warnings.warn(</msg>
<msg time="2024-04-03T05:13:56.543848" level="INFO">${response} = &lt;Response [200]&gt;</msg>
<var>${response}</var>
<arg>consultarAPI</arg>
<arg>/api</arg>
<doc>Sends a GET request on a previously created HTTP Session.</doc>
<status status="PASS" start="2024-04-03T05:13:56.464044" elapsed="0.079842"/>
</kw>
<kw name="Set Variable" owner="BuiltIn">
<msg time="2024-04-03T05:13:56.545023" level="INFO">${json_data} = {'results': [{'gender': 'female', 'name': {'title': 'Ms', 'first': 'Dinella', 'last': 'Mendonsa'}, 'location': {'street': {'number': 8516, 'name': 'Lamington Rd'}, 'city': 'Ramgarh', 'state': 'Chandig...</msg>
<var>${json_data}</var>
<arg>${response.json()}</arg>
<doc>Returns the given values which can then be assigned to a variables.</doc>
<status status="PASS" start="2024-04-03T05:13:56.544413" elapsed="0.000640"/>
</kw>
<kw name="Log" owner="BuiltIn">
<msg time="2024-04-03T05:13:56.545526" level="INFO">{'results': [{'gender': 'female', 'name': {'title': 'Ms', 'first': 'Dinella', 'last': 'Mendonsa'}, 'location': {'street': {'number': 8516, 'name': 'Lamington Rd'}, 'city': 'Ramgarh', 'state': 'Chandigarh', 'country': 'India', 'postcode': 20992, 'coordinates': {'latitude': '11.6365', 'longitude': '169.3882'}, 'timezone': {'offset': '+3:30', 'description': 'Tehran'}}, 'email': 'dinella.mendonsa@example.com', 'login': {'uuid': '38c9d6c2-1c87-4f64-9cf2-aff92fddd810', 'username': 'bigostrich952', 'password': 'yaya', 'salt': 'UGE7AsMV', 'md5': '29003f74bba3e1b2123dd284531d3767', 'sha1': '4c3098aec73690620d9fefe4d6a0d9052cac2910', 'sha256': '3298dd3f09323c9261cb772e6090480b8ee4b9a209ae9f2ad137532c914fa5af'}, 'dob': {'date': '1999-10-13T05:13:52.344Z', 'age': 24}, 'registered': {'date': '2013-10-29T03:23:46.114Z', 'age': 10}, 'phone': '9888510498', 'cell': '9770361924', 'id': {'name': 'UIDAI', 'value': '614054124081'}, 'picture': {'large': 'https://randomuser.me/api/portraits/women/17.jpg', 'medium': 'https://randomuser.me/api/portraits/med/women/17.jpg', 'thumbnail': 'https://randomuser.me/api/portraits/thumb/women/17.jpg'}, 'nat': 'IN'}], 'info': {'seed': 'c57e31473f0b7396', 'results': 1, 'page': 1, 'version': '1.4'}}</msg>
<arg>${json_data}</arg>
<doc>Logs the given message with the given level.</doc>
<status status="PASS" start="2024-04-03T05:13:56.545368" elapsed="0.000237"/>
</kw>
<kw name="Should Be String" owner="String">
<arg>${json_data['results'][0]['gender']}</arg>
<doc>Fails if the given ``item`` is not a string.</doc>
<status status="PASS" start="2024-04-03T05:13:56.545964" elapsed="0.000365"/>
</kw>
<kw name="Should Match Regexp" owner="BuiltIn">
<arg>${json_data['results'][0]['email']}</arg>
<arg>^[a-zA-Z0-9._%+-]+@[a-zA-Z0-9.-]+\.[a-zA-Z]{2,}$</arg>
<doc>Fails if ``string`` does not match ``pattern`` as a regular expression.</doc>
<status status="PASS" start="2024-04-03T05:13:56.546523" elapsed="0.000514"/>
</kw>
<kw name="Should Match Regexp" owner="BuiltIn">
<arg>${json_data['results'][0]['dob']['date']}</arg>
<arg>\\d{4}-\\d{2}-\\d{2}T\\d{2}:\\d{2}:\\d{2}\\.\\d{3}Z</arg>
<doc>Fails if ``string`` does not match ``pattern`` as a regular expression.</doc>
<status status="PASS" start="2024-04-03T05:13:56.547234" elapsed="0.000489"/>
</kw>
<kw name="Should Match Regexp" owner="BuiltIn">
<arg>${json_data['results'][0]['registered']['date']}</arg>
<arg>\\d{4}-\\d{2}-\\d{2}T\\d{2}:\\d{2}:\\d{2}\\.\\d{3}Z</arg>
<doc>Fails if ``string`` does not match ``pattern`` as a regular expression.</doc>
<status status="PASS" start="2024-04-03T05:13:56.547915" elapsed="0.000369"/>
</kw>
<kw name="Should Match Regexp" owner="BuiltIn">
<arg>${json_data['results'][0]['picture']['large']}</arg>
<arg>^https?://.*\.(?:png|jpe?g|gif|bmp)$</arg>
<doc>Fails if ``string`` does not match ``pattern`` as a regular expression.</doc>
<status status="PASS" start="2024-04-03T05:13:56.548469" elapsed="0.000453"/>
</kw>
<kw name="Should Match Regexp" owner="BuiltIn">
<arg>${json_data['results'][0]['picture']['medium']}</arg>
<arg>^https?://.*\.(?:png|jpe?g|gif|bmp)$</arg>
<doc>Fails if ``string`` does not match ``pattern`` as a regular expression.</doc>
<status status="PASS" start="2024-04-03T05:13:56.549110" elapsed="0.000356"/>
</kw>
<kw name="Should Match Regexp" owner="BuiltIn">
<arg>${json_data['results'][0]['picture']['thumbnail']}</arg>
<arg>^https?://.*\.(?:png|jpe?g|gif|bmp)$</arg>
<doc>Fails if ``string`` does not match ``pattern`` as a regular expression.</doc>
<status status="PASS" start="2024-04-03T05:13:56.549649" elapsed="0.000392"/>
</kw>
<kw name="Log" owner="BuiltIn">
<msg time="2024-04-03T05:13:56.550548" level="INFO">{'large': 'https://randomuser.me/api/portraits/women/17.jpg', 'medium': 'https://randomuser.me/api/portraits/med/women/17.jpg', 'thumbnail': 'https://randomuser.me/api/portraits/thumb/women/17.jpg'}</msg>
<arg>${json_data['results'][0]['picture']}</arg>
<doc>Logs the given message with the given level.</doc>
<status status="PASS" start="2024-04-03T05:13:56.550221" elapsed="0.000374"/>
</kw>
<status status="PASS" start="2024-04-03T05:13:56.463801" elapsed="0.087049"/>
</kw>
<kw name="Teste de Tipos de Dados - Postcode" owner="random-user-service">
<kw name="GET On Session" owner="RequestsLibrary">
<msg time="2024-04-03T05:13:56.643014" level="INFO">GET Request : url=https://randomuser.me/api 
 path_url=/api 
 headers={'User-Agent': 'python-requests/2.31.0', 'Accept-Encoding': 'gzip, deflate', 'Accept': '*/*', 'Connection': 'keep-alive'} 
 body=None 
 </msg>
<msg time="2024-04-03T05:13:56.643078" level="INFO">GET Response : url=https://randomuser.me/api 
 status=200, reason=OK 
 headers={'Date': 'Wed, 03 Apr 2024 05:13:56 GMT', 'Content-Type': 'application/json; charset=utf-8', 'Transfer-Encoding': 'chunked', 'Connection': 'keep-alive', 'X-Powered-By': 'Express', 'Access-Control-Allow-Origin': '*', 'Cache-Control': 'no-cache', 'ETag': 'W/"47e-4X4+iAJ7t7QIII02qm32hdJfDpk"', 'Vary': 'Accept-Encoding', 'Content-Encoding': 'gzip', 'CF-Cache-Status': 'DYNAMIC', 'Report-To': '{"endpoints":[{"url":"https:\\/\\/a.nel.cloudflare.com\\/report\\/v4?s=w4lMkRgsTlg9LbX0n9tNZWSbcxujvKQ5e1Vi0ip986mVHXSfEsl2LvzSGcyUj3yarhdALgrtCu6WS4nUTFenyqJqXplQGu6hTR15e%2BrXNjJ97SzqhRzLz6fyRLatlY25"}],"group":"cf-nel","max_age":604800}', 'NEL': '{"success_fraction":0,"report_to":"cf-nel","max_age":604800}', 'Server': 'cloudflare', 'CF-RAY': '86e6928069342322-ORD', 'alt-svc': 'h3=":443"; ma=86400'} 
 body={"results":[{"gender":"male","name":{"title":"Mr","first":"Utkarsh","last":"Mendonsa"},"location":{"street":{"number":3211,"name":"Hazratganj"},"city":"Amroha","state":"Chandigarh","country":"India","postcode":61440,"coordinates":{"latitude":"4.8231","longitude":"-127.1055"},"timezone":{"offset":"+6:00","description":"Almaty, Dhaka, Colombo"}},"email":"utkarsh.mendonsa@example.com","login":{"uuid":"e8c55029-8e4f-4915-ac9f-88adcec795d1","username":"purplewolf597","password":"samsam","salt":"F6t9MguP","md5":"6b2a60248cebd6f40729754a878a9fb4","sha1":"b2256eafe26d2d46044439e024cba1ac4a87d35b","sha256":"589a922ccc5553dc54b5e4c48ad2df6c97f6e709d2ec47a28d8e0dae5a91374c"},"dob":{"date":"1974-02-20T08:53:43.702Z","age":50},"registered":{"date":"2014-11-26T07:25:34.045Z","age":9},"phone":"9974538073","cell":"7792267890","id":{"name":"UIDAI","value":"832480207741"},"picture":{"large":"https://randomuser.me/api/portraits/men/82.jpg","medium":"https://randomuser.me/api/portraits/med/men/82.jpg","thumbnail":"https://randomuser.me/api/portraits/thumb/men/82.jpg"},"nat":"IN"}],"info":{"seed":"6ffb6811e5a6ea2f","results":1,"page":1,"version":"1.4"}} 
 </msg>
<msg time="2024-04-03T05:13:56.643144" level="INFO">/opt/hostedtoolcache/Python/3.12.2/x64/lib/python3.12/site-packages/urllib3/connectionpool.py:1103: InsecureRequestWarning: Unverified HTTPS request is being made to host 'randomuser.me'. Adding certificate verification is strongly advised. See: https://urllib3.readthedocs.io/en/latest/advanced-usage.html#tls-warnings
  warnings.warn(</msg>
<msg time="2024-04-03T05:13:56.643234" level="INFO">${response} = &lt;Response [200]&gt;</msg>
<var>${response}</var>
<arg>consultarAPI</arg>
<arg>/api</arg>
<doc>Sends a GET request on a previously created HTTP Session.</doc>
<status status="PASS" start="2024-04-03T05:13:56.551410" elapsed="0.091863"/>
</kw>
<kw name="Set Variable" owner="BuiltIn">
<msg time="2024-04-03T05:13:56.644264" level="INFO">${json_data} = {'results': [{'gender': 'male', 'name': {'title': 'Mr', 'first': 'Utkarsh', 'last': 'Mendonsa'}, 'location': {'street': {'number': 3211, 'name': 'Hazratganj'}, 'city': 'Amroha', 'state': 'Chandigarh',...</msg>
<var>${json_data}</var>
<arg>${response.json()}</arg>
<doc>Returns the given values which can then be assigned to a variables.</doc>
<status status="PASS" start="2024-04-03T05:13:56.643726" elapsed="0.000565"/>
</kw>
<kw name="Log" owner="BuiltIn">
<msg time="2024-04-03T05:13:56.644754" level="INFO">{'results': [{'gender': 'male', 'name': {'title': 'Mr', 'first': 'Utkarsh', 'last': 'Mendonsa'}, 'location': {'street': {'number': 3211, 'name': 'Hazratganj'}, 'city': 'Amroha', 'state': 'Chandigarh', 'country': 'India', 'postcode': 61440, 'coordinates': {'latitude': '4.8231', 'longitude': '-127.1055'}, 'timezone': {'offset': '+6:00', 'description': 'Almaty, Dhaka, Colombo'}}, 'email': 'utkarsh.mendonsa@example.com', 'login': {'uuid': 'e8c55029-8e4f-4915-ac9f-88adcec795d1', 'username': 'purplewolf597', 'password': 'samsam', 'salt': 'F6t9MguP', 'md5': '6b2a60248cebd6f40729754a878a9fb4', 'sha1': 'b2256eafe26d2d46044439e024cba1ac4a87d35b', 'sha256': '589a922ccc5553dc54b5e4c48ad2df6c97f6e709d2ec47a28d8e0dae5a91374c'}, 'dob': {'date': '1974-02-20T08:53:43.702Z', 'age': 50}, 'registered': {'date': '2014-11-26T07:25:34.045Z', 'age': 9}, 'phone': '9974538073', 'cell': '7792267890', 'id': {'name': 'UIDAI', 'value': '832480207741'}, 'picture': {'large': 'https://randomuser.me/api/portraits/men/82.jpg', 'medium': 'https://randomuser.me/api/portraits/med/men/82.jpg', 'thumbnail': 'https://randomuser.me/api/portraits/thumb/men/82.jpg'}, 'nat': 'IN'}], 'info': {'seed': '6ffb6811e5a6ea2f', 'results': 1, 'page': 1, 'version': '1.4'}}</msg>
<arg>${json_data}</arg>
<doc>Logs the given message with the given level.</doc>
<status status="PASS" start="2024-04-03T05:13:56.644602" elapsed="0.000228"/>
</kw>
<kw name="Should Be Equal As Numbers" owner="BuiltIn">
<arg>${json_data['results'][0]['location']['postcode']}</arg>
<arg>${json_data['results'][0]['location']['postcode']}</arg>
<doc>Fails if objects are unequal after converting them to real numbers.</doc>
<status status="PASS" start="2024-04-03T05:13:56.645139" elapsed="0.000671"/>
</kw>
<kw name="Log" owner="BuiltIn">
<msg time="2024-04-03T05:13:56.646344" level="INFO">61440</msg>
<arg>${json_data['results'][0]['location']['postcode']}</arg>
<doc>Logs the given message with the given level.</doc>
<status status="PASS" start="2024-04-03T05:13:56.646006" elapsed="0.000379"/>
</kw>
<status status="PASS" start="2024-04-03T05:13:56.551063" elapsed="0.095572"/>
</kw>
<doc>Testa se os tipos de dados na resposta da API estão corretos.</doc>
<tag>testeTiposDados</tag>
<status status="PASS" start="2024-04-03T05:13:56.463286" elapsed="0.183512"/>
</test>
<test id="s1-s1-t5" name="Validar conteudo" line="35">
<kw name="Teste de Tipos de Conteudo" owner="random-user-service">
<kw name="GET On Session" owner="RequestsLibrary">
<msg time="2024-04-03T05:13:56.742700" level="INFO">GET Request : url=https://randomuser.me/api 
 path_url=/api 
 headers={'User-Agent': 'python-requests/2.31.0', 'Accept-Encoding': 'gzip, deflate', 'Accept': '*/*', 'Connection': 'keep-alive'} 
 body=None 
 </msg>
<msg time="2024-04-03T05:13:56.742785" level="INFO">GET Response : url=https://randomuser.me/api 
 status=200, reason=OK 
 headers={'Date': 'Wed, 03 Apr 2024 05:13:56 GMT', 'Content-Type': 'application/json; charset=utf-8', 'Transfer-Encoding': 'chunked', 'Connection': 'keep-alive', 'X-Powered-By': 'Express', 'Access-Control-Allow-Origin': '*', 'Cache-Control': 'no-cache', 'ETag': 'W/"46d-dnisy/2RmQ+HxKkCaZqmKtURh80"', 'Vary': 'Accept-Encoding', 'Content-Encoding': 'gzip', 'CF-Cache-Status': 'DYNAMIC', 'Report-To': '{"endpoints":[{"url":"https:\\/\\/a.nel.cloudflare.com\\/report\\/v4?s=Z4qFyNgpcD5rMX%2B0QkmOZ2Nnq4Trw2L0%2BEGICbJ1y%2Fep1ZClV8v7mURx8T3iZqpSlMmOf9UrXZtYqDrO0l48iZu0Dk8zlKNqs61VgSM0W0zcJF7A7L5WpxvvX%2FRbVWr%2B"}],"group":"cf-nel","max_age":604800}', 'NEL': '{"success_fraction":0,"report_to":"cf-nel","max_age":604800}', 'Server': 'cloudflare', 'CF-RAY': '86e6928109ab2322-ORD', 'alt-svc': 'h3=":443"; ma=86400'} 
 body={"results":[{"gender":"male","name":{"title":"Mr","first":"Rafael","last":"Kind"},"location":{"street":{"number":4761,"name":"Drosselweg"},"city":"Osterburken","state":"Sachsen","country":"Germany","postcode":24673,"coordinates":{"latitude":"-47.7844","longitude":"-6.0536"},"timezone":{"offset":"+4:30","description":"Kabul"}},"email":"rafael.kind@example.com","login":{"uuid":"c6a73ac2-7b2e-4131-8152-b0b8fd1c6e37","username":"goldendog764","password":"aaaaaa1","salt":"BTi3engF","md5":"ab08ee3ebd54c6fac64f8134ef13bd19","sha1":"6ac5bfcbee562e968d72ddde96629f1a4421aeb7","sha256":"7a5dae307ae9a5fa6d94da31e659e6539d8e1384d47273560ac2fc6094247820"},"dob":{"date":"1947-03-23T22:04:10.839Z","age":77},"registered":{"date":"2016-05-03T15:27:35.484Z","age":7},"phone":"0980-7481410","cell":"0174-4175686","id":{"name":"SVNR","value":"77 230347 K 259"},"picture":{"large":"https://randomuser.me/api/portraits/men/53.jpg","medium":"https://randomuser.me/api/portraits/med/men/53.jpg","thumbnail":"https://randomuser.me/api/portraits/thumb/men/53.jpg"},"nat":"DE"}],"info":{"seed":"46c9022de899ec0b","results":1,"page":1,"version":"1.4"}} 
 </msg>
<msg time="2024-04-03T05:13:56.742856" level="INFO">/opt/hostedtoolcache/Python/3.12.2/x64/lib/python3.12/site-packages/urllib3/connectionpool.py:1103: InsecureRequestWarning: Unverified HTTPS request is being made to host 'randomuser.me'. Adding certificate verification is strongly advised. See: https://urllib3.readthedocs.io/en/latest/advanced-usage.html#tls-warnings
  warnings.warn(</msg>
<msg time="2024-04-03T05:13:56.742946" level="INFO">${response} = &lt;Response [200]&gt;</msg>
<var>${response}</var>
<arg>consultarAPI</arg>
<arg>/api</arg>
<doc>Sends a GET request on a previously created HTTP Session.</doc>
<status status="PASS" start="2024-04-03T05:13:56.649304" elapsed="0.093682"/>
</kw>
<kw name="Set Variable" owner="BuiltIn">
<msg time="2024-04-03T05:13:56.744006" level="INFO">${json_data} = {'results': [{'gender': 'male', 'name': {'title': 'Mr', 'first': 'Rafael', 'last': 'Kind'}, 'location': {'street': {'number': 4761, 'name': 'Drosselweg'}, 'city': 'Osterburken', 'state': 'Sachsen', 'c...</msg>
<var>${json_data}</var>
<arg>${response.json()}</arg>
<doc>Returns the given values which can then be assigned to a variables.</doc>
<status status="PASS" start="2024-04-03T05:13:56.743437" elapsed="0.000597"/>
</kw>
<kw name="Set Variable" owner="BuiltIn">
<msg time="2024-04-03T05:13:56.744715" level="INFO">${name_title} = Mr</msg>
<var>${name_title}</var>
<arg>${json_data["results"][0]["name"]["title"]}</arg>
<doc>Returns the given values which can then be assigned to a variables.</doc>
<status status="PASS" start="2024-04-03T05:13:56.744339" elapsed="0.000402"/>
</kw>
<kw name="Create List" owner="BuiltIn">
<msg time="2024-04-03T05:13:56.745186" level="INFO">${allowed_titles} = ['Mr', 'Ms', 'Miss', 'Mrs', 'Madame', 'Monsieur']</msg>
<var>${allowed_titles}</var>
<arg>Mr</arg>
<arg>Ms</arg>
<arg>Miss</arg>
<arg>Mrs</arg>
<arg>Madame</arg>
<arg>Monsieur</arg>
<doc>Returns a list containing given items.</doc>
<status status="PASS" start="2024-04-03T05:13:56.745037" elapsed="0.000173"/>
</kw>
<kw name="List Should Contain Value" owner="Collections">
<msg time="2024-04-03T05:13:56.745726" level="INFO">False</msg>
<arg>${allowed_titles}</arg>
<arg>${name_title}</arg>
<doc>Fails if the ``value`` is not found from ``list``.</doc>
<status status="PASS" start="2024-04-03T05:13:56.745520" elapsed="0.000256"/>
</kw>
<kw name="Set Variable" owner="BuiltIn">
<msg time="2024-04-03T05:13:56.746468" level="INFO">${name_country} = DE</msg>
<var>${name_country}</var>
<arg>${json_data["results"][0]["nat"]}</arg>
<doc>Returns the given values which can then be assigned to a variables.</doc>
<status status="PASS" start="2024-04-03T05:13:56.746087" elapsed="0.000406"/>
</kw>
<kw name="Create List" owner="BuiltIn">
<msg time="2024-04-03T05:13:56.747402" level="INFO">${list_country} = ['AD', 'AE', 'AF', 'AG', 'AI', 'AL', 'AM', 'AO', 'AQ', 'AR', 'AS', 'AT', 'AU', 'AW', 'AX', 'AZ', 'BA', 'BB', 'BD', 'BE', 'BF', 'BG', 'BH', 'BI', 'BJ', 'BL', 'BM', 'BN', 'BO', 'BQ', 'BR', 'BS', 'BT', '...</msg>
<var>${list_country}</var>
<arg>AD</arg>
<arg>AE</arg>
<arg>AF</arg>
<arg>AG</arg>
<arg>AI</arg>
<arg>AL</arg>
<arg>AM</arg>
<arg>AO</arg>
<arg>AQ</arg>
<arg>AR</arg>
<arg>AS</arg>
<arg>AT</arg>
<arg>AU</arg>
<arg>AW</arg>
<arg>AX</arg>
<arg>AZ</arg>
<arg>BA</arg>
<arg>BB</arg>
<arg>BD</arg>
<arg>BE</arg>
<arg>BF</arg>
<arg>BG</arg>
<arg>BH</arg>
<arg>BI</arg>
<arg>BJ</arg>
<arg>BL</arg>
<arg>BM</arg>
<arg>BN</arg>
<arg>BO</arg>
<arg>BQ</arg>
<arg>BR</arg>
<arg>BS</arg>
<arg>BT</arg>
<arg>BV</arg>
<arg>BW</arg>
<arg>BY</arg>
<arg>BZ</arg>
<arg>CA</arg>
<arg>CC</arg>
<arg>CD</arg>
<arg>CF</arg>
<arg>CG</arg>
<arg>CH</arg>
<arg>CI</arg>
<arg>CK</arg>
<arg>CL</arg>
<arg>CM</arg>
<arg>CN</arg>
<arg>CO</arg>
<arg>CR</arg>
<arg>CU</arg>
<arg>CV</arg>
<arg>CW</arg>
<arg>CX</arg>
<arg>CY</arg>
<arg>CZ</arg>
<arg>DE</arg>
<arg>DJ</arg>
<arg>DK</arg>
<arg>DM</arg>
<arg>DO</arg>
<arg>DZ</arg>
<arg>EC</arg>
<arg>EE</arg>
<arg>EG</arg>
<arg>EH</arg>
<arg>ER</arg>
<arg>ES</arg>
<arg>ET</arg>
<arg>FI</arg>
<arg>FJ</arg>
<arg>FK</arg>
<arg>FM</arg>
<arg>FO</arg>
<arg>FR</arg>
<arg>GA</arg>
<arg>GB</arg>
<arg>GD</arg>
<arg>GE</arg>
<arg>GF</arg>
<arg>GG</arg>
<arg>GH</arg>
<arg>GI</arg>
<arg>GL</arg>
<arg>GM</arg>
<arg>GN</arg>
<arg>GP</arg>
<arg>GQ</arg>
<arg>GR</arg>
<arg>GS</arg>
<arg>GT</arg>
<arg>GU</arg>
<arg>GW</arg>
<arg>GY</arg>
<arg>HK</arg>
<arg>HM</arg>
<arg>HN</arg>
<arg>HR</arg>
<arg>HT</arg>
<arg>HU</arg>
<arg>ID</arg>
<arg>IE</arg>
<arg>IL</arg>
<arg>IM</arg>
<arg>IN</arg>
<arg>IO</arg>
<arg>IQ</arg>
<arg>IR</arg>
<arg>IS</arg>
<arg>IT</arg>
<arg>JE</arg>
<arg>JM</arg>
<arg>JO</arg>
<arg>JP</arg>
<arg>KE</arg>
<arg>KG</arg>
<arg>KH</arg>
<arg>KI</arg>
<arg>KM</arg>
<arg>KN</arg>
<arg>KP</arg>
<arg>KR</arg>
<arg>KW</arg>
<arg>KY</arg>
<arg>KZ</arg>
<arg>LA</arg>
<arg>LB</arg>
<arg>LC</arg>
<arg>LI</arg>
<arg>LK</arg>
<arg>LR</arg>
<arg>LS</arg>
<arg>LT</arg>
<arg>LU</arg>
<arg>LV</arg>
<arg>LY</arg>
<arg>MA</arg>
<arg>MC</arg>
<arg>MD</arg>
<arg>ME</arg>
<arg>MF</arg>
<arg>MG</arg>
<arg>MH</arg>
<arg>MK</arg>
<arg>ML</arg>
<arg>MM</arg>
<arg>MN</arg>
<arg>MO</arg>
<arg>MP</arg>
<arg>MQ</arg>
<arg>MR</arg>
<arg>MS</arg>
<arg>MT</arg>
<arg>MU</arg>
<arg>MV</arg>
<arg>MW</arg>
<arg>MX</arg>
<arg>MY</arg>
<arg>MZ</arg>
<arg>NA</arg>
<arg>NC</arg>
<arg>NE</arg>
<arg>NF</arg>
<arg>NG</arg>
<arg>NI</arg>
<arg>NL</arg>
<arg>NO</arg>
<arg>NP</arg>
<arg>NR</arg>
<arg>NU</arg>
<arg>NZ</arg>
<arg>OM</arg>
<arg>PA</arg>
<arg>PE</arg>
<arg>PF</arg>
<arg>PG</arg>
<arg>PH</arg>
<arg>PK</arg>
<arg>PL</arg>
<arg>PM</arg>
<arg>PN</arg>
<arg>PR</arg>
<arg>PS</arg>
<arg>PT</arg>
<arg>PW</arg>
<arg>PY</arg>
<arg>QA</arg>
<arg>RE</arg>
<arg>RO</arg>
<arg>RS</arg>
<arg>RU</arg>
<arg>RW</arg>
<arg>SA</arg>
<arg>SB</arg>
<arg>SC</arg>
<arg>SD</arg>
<arg>SE</arg>
<arg>SG</arg>
<arg>SH</arg>
<arg>SI</arg>
<arg>SJ</arg>
<arg>SK</arg>
<arg>SL</arg>
<arg>SM</arg>
<arg>SN</arg>
<arg>SO</arg>
<arg>SR</arg>
<arg>SS</arg>
<arg>ST</arg>
<arg>SV</arg>
<arg>SX</arg>
<arg>SY</arg>
<arg>SZ</arg>
<arg>TC</arg>
<arg>TD</arg>
<arg>TF</arg>
<arg>TG</arg>
<arg>TH</arg>
<arg>TJ</arg>
<arg>TK</arg>
<arg>TL</arg>
<arg>TM</arg>
<arg>TN</arg>
<arg>TO</arg>
<arg>TR</arg>
<arg>TT</arg>
<arg>TV</arg>
<arg>TW</arg>
<arg>TZ</arg>
<arg>UA</arg>
<arg>UG</arg>
<arg>UM</arg>
<arg>US</arg>
<arg>UY</arg>
<arg>UZ</arg>
<arg>VA</arg>
<arg>VC</arg>
<arg>VE</arg>
<arg>VG</arg>
<arg>VI</arg>
<arg>VN</arg>
<arg>VU</arg>
<arg>WF</arg>
<arg>WS</arg>
<arg>XK</arg>
<arg>YE</arg>
<arg>YT</arg>
<arg>ZA</arg>
<arg>ZM</arg>
<arg>ZW</arg>
<doc>Returns a list containing given items.</doc>
<status status="PASS" start="2024-04-03T05:13:56.746802" elapsed="0.000626"/>
</kw>
<kw name="List Should Contain Value" owner="Collections">
<msg time="2024-04-03T05:13:56.748532" level="INFO">False</msg>
<arg>${list_country}</arg>
<arg>${name_country}</arg>
<doc>Fails if the ``value`` is not found from ``list``.</doc>
<status status="PASS" start="2024-04-03T05:13:56.748326" elapsed="0.000244"/>
</kw>
<kw name="Run Keyword If" owner="BuiltIn">
<kw name="Should Be True" owner="BuiltIn">
<arg>${True}</arg>
<doc>Fails if the given condition is not true.</doc>
<status status="PASS" start="2024-04-03T05:13:56.749641" elapsed="0.000177"/>
</kw>
<arg>${json_data["results"][0]["location"]["coordinates"]["latitude"]} &gt;= -90 and ${json_data["results"][0]["location"]["coordinates"]["latitude"]} &lt;= 90</arg>
<arg>Should Be True</arg>
<arg>${True}</arg>
<doc>Runs the given keyword with the given arguments, if ``condition`` is true.</doc>
<status status="PASS" start="2024-04-03T05:13:56.748883" elapsed="0.001066"/>
</kw>
<kw name="Run Keyword If" owner="BuiltIn">
<kw name="Should Be True" owner="BuiltIn">
<arg>${True}</arg>
<doc>Fails if the given condition is not true.</doc>
<status status="PASS" start="2024-04-03T05:13:56.750843" elapsed="0.000147"/>
</kw>
<arg>${json_data["results"][0]["location"]["coordinates"]["longitude"]} &gt;= -180 and ${json_data["results"][0]["location"]["coordinates"]["longitude"]} &lt;= 180</arg>
<arg>Should Be True</arg>
<arg>${True}</arg>
<doc>Runs the given keyword with the given arguments, if ``condition`` is true.</doc>
<status status="PASS" start="2024-04-03T05:13:56.750137" elapsed="0.000977"/>
</kw>
<status status="PASS" start="2024-04-03T05:13:56.649079" elapsed="0.102163"/>
</kw>
<doc>Testa o conteúdo específico dos campos retornados pela API.</doc>
<tag>testeConteudo</tag>
<status status="PASS" start="2024-04-03T05:13:56.648505" elapsed="0.102884"/>
</test>
<status status="PASS" start="2024-04-03T05:13:55.943601" elapsed="0.809728"/>
</suite>
<status status="PASS" start="2024-04-03T05:13:55.929814" elapsed="0.828940"/>
</suite>
<statistics>
<total>
<stat pass="5" fail="0" skip="0">All Tests</stat>
</total>
<tag>
<stat pass="1" fail="0" skip="0">testeConteudo</stat>
<stat pass="1" fail="0" skip="0">testeEstruturaResposta</stat>
<stat pass="1" fail="0" skip="0">testeRequisicaoBasica</stat>
<stat pass="1" fail="0" skip="0">testeTiposDados</stat>
</tag>
<suite>
<stat pass="5" fail="0" skip="0" id="s1" name="Tests">Tests</stat>
<stat pass="5" fail="0" skip="0" id="s1-s1" name="Random-User-Test">Tests.Random-User-Test</stat>
</suite>
</statistics>
<errors>
</errors>
</robot>
