<?xml version="1.0" encoding="UTF-8"?>
<robot generator="Robot 7.0 (Python 3.12.3 on linux)" generated="2024-05-02T19:11:55.923044" rpa="false" schemaversion="5">
<suite id="s1" name="Tests" source="/home/runner/work/DesafioQAItauRogerioJordao/DesafioQAItauRogerioJordao/RamdonUser/tests">
<suite id="s1-s1" name="Random-User-Test" source="/home/runner/work/DesafioQAItauRogerioJordao/DesafioQAItauRogerioJordao/RamdonUser/tests/random-user-test.robot">
<test id="s1-s1-t1" name="Conectar" line="13">
<kw name="Conectar API" owner="random-user-service">
<kw name="Create Session" owner="RequestsLibrary">
<msg time="2024-05-02T19:11:56.325296" level="INFO">Creating Session using : alias=consultarAPI, url=https://randomuser.me/, headers={},                     cookies={}, auth=None, timeout=None, proxies=None, verify=False,                     debug=0 </msg>
<arg>consultarAPI</arg>
<arg>${URL}</arg>
<doc>Create Session: create a HTTP session to a server</doc>
<status status="PASS" start="2024-05-02T19:11:56.325093" elapsed="0.000387"/>
</kw>
<status status="PASS" start="2024-05-02T19:11:56.324098" elapsed="0.001740"/>
</kw>
<status status="PASS" start="2024-05-02T19:11:56.323523" elapsed="0.002507"/>
</test>
<test id="s1-s1-t2" name="Validar retorno 200 e JSON Válido" line="16">
<kw name="Teste de Requisicao Basica" owner="random-user-service">
<kw name="GET On Session" owner="RequestsLibrary">
<msg time="2024-05-02T19:11:56.600135" level="INFO">GET Request : url=https://randomuser.me/api 
 path_url=/api 
 headers={'User-Agent': 'python-requests/2.31.0', 'Accept-Encoding': 'gzip, deflate', 'Accept': '*/*', 'Connection': 'keep-alive'} 
 body=None 
 </msg>
<msg time="2024-05-02T19:11:56.600291" level="INFO">GET Response : url=https://randomuser.me/api 
 status=200, reason=OK 
 headers={'Date': 'Thu, 02 May 2024 19:11:56 GMT', 'Content-Type': 'application/json; charset=utf-8', 'Transfer-Encoding': 'chunked', 'Connection': 'keep-alive', 'X-Powered-By': 'Express', 'Access-Control-Allow-Origin': '*', 'Cache-Control': 'no-cache', 'ETag': 'W/"481-zZ0pY20v0yOM2/VP+5vokfVRTiM"', 'Vary': 'Accept-Encoding', 'Content-Encoding': 'gzip', 'CF-Cache-Status': 'DYNAMIC', 'Report-To': '{"endpoints":[{"url":"https:\\/\\/a.nel.cloudflare.com\\/report\\/v4?s=B7L52damcuTJAPgmCztYjCTpWcQHPnVHvNMvmH8nGX8lAB7xB%2FisolrN06wmbx%2BWBqsSHAUzTF98IucAkvhgx6xOMQDkxAiX4yUQdTNlln%2FzwTx95WXv1MkHkFGyNbvN"}],"group":"cf-nel","max_age":604800}', 'NEL': '{"success_fraction":0,"report_to":"cf-nel","max_age":604800}', 'Server': 'cloudflare', 'CF-RAY': '87da51e97dc22eef-LAX', 'alt-svc': 'h3=":443"; ma=86400'} 
 body={"results":[{"gender":"female","name":{"title":"Miss","first":"Mabel","last":"Ross"},"location":{"street":{"number":4545,"name":"Valley View Ln"},"city":"Edgewood","state":"Michigan","country":"United States","postcode":64576,"coordinates":{"latitude":"82.1105","longitude":"13.0821"},"timezone":{"offset":"+5:45","description":"Kathmandu"}},"email":"mabel.ross@example.com","login":{"uuid":"ac2b7d46-9514-4941-96a4-d706a536a1fd","username":"brownsnake530","password":"pepper1","salt":"ufrKsgvx","md5":"eca0a05a15f913104747ff03539e0c95","sha1":"935185c4e8209722249842a4fcc0044e4da756b2","sha256":"8693dcd225a5974605b278d7c14f1e45947820c5dada4e8175763b142b6089c2"},"dob":{"date":"1945-06-27T10:47:08.101Z","age":78},"registered":{"date":"2010-05-04T07:04:01.356Z","age":13},"phone":"(424) 719-8581","cell":"(939) 285-0859","id":{"name":"SSN","value":"493-74-5214"},"picture":{"large":"https://randomuser.me/api/portraits/women/62.jpg","medium":"https://randomuser.me/api/portraits/med/women/62.jpg","thumbnail":"https://randomuser.me/api/portraits/thumb/women/62.jpg"},"nat":"US"}],"info":{"seed":"ca56fcc74ea38ad2","results":1,"page":1,"version":"1.4"}} 
 </msg>
<msg time="2024-05-02T19:11:56.600378" level="INFO">/opt/hostedtoolcache/Python/3.12.3/x64/lib/python3.12/site-packages/urllib3/connectionpool.py:1103: InsecureRequestWarning: Unverified HTTPS request is being made to host 'randomuser.me'. Adding certificate verification is strongly advised. See: https://urllib3.readthedocs.io/en/latest/advanced-usage.html#tls-warnings
  warnings.warn(</msg>
<msg time="2024-05-02T19:11:56.600533" level="INFO">${response} = &lt;Response [200]&gt;</msg>
<var>${response}</var>
<arg>consultarAPI</arg>
<arg>/api</arg>
<doc>Sends a GET request on a previously created HTTP Session.</doc>
<status status="PASS" start="2024-05-02T19:11:56.328647" elapsed="0.271928"/>
</kw>
<kw name="Should Be Equal As Numbers" owner="BuiltIn">
<msg time="2024-05-02T19:11:56.601586" level="INFO">Argument types are:
&lt;class 'int'&gt;
&lt;class 'str'&gt;</msg>
<arg>${response.status_code}</arg>
<arg>200</arg>
<doc>Fails if objects are unequal after converting them to real numbers.</doc>
<status status="PASS" start="2024-05-02T19:11:56.601124" elapsed="0.000527"/>
</kw>
<kw name="Log" owner="BuiltIn">
<msg time="2024-05-02T19:11:56.602310" level="INFO">200</msg>
<arg>${response.status_code}</arg>
<doc>Logs the given message with the given level.</doc>
<status status="PASS" start="2024-05-02T19:11:56.601965" elapsed="0.000387"/>
</kw>
<kw name="Set Variable" owner="BuiltIn">
<msg time="2024-05-02T19:11:56.603083" level="INFO">${json_data} = {'results': [{'gender': 'female', 'name': {'title': 'Miss', 'first': 'Mabel', 'last': 'Ross'}, 'location': {'street': {'number': 4545, 'name': 'Valley View Ln'}, 'city': 'Edgewood', 'state': 'Michigan...</msg>
<var>${json_data}</var>
<arg>${response.json()}</arg>
<doc>Returns the given values which can then be assigned to a variables.</doc>
<status status="PASS" start="2024-05-02T19:11:56.602651" elapsed="0.000459"/>
</kw>
<kw name="Dictionary Should Contain Key" owner="Collections">
<msg time="2024-05-02T19:11:56.603598" level="INFO">False</msg>
<arg>${json_data}</arg>
<arg>results</arg>
<doc>Fails if ``key`` is not found from ``dictionary``.</doc>
<status status="PASS" start="2024-05-02T19:11:56.603431" elapsed="0.000204"/>
</kw>
<status status="PASS" start="2024-05-02T19:11:56.328405" elapsed="0.275487"/>
</kw>
<doc>Testa se a API responde corretamente e retorna um objeto JSON válido.</doc>
<tag>testeRequisicaoBasica</tag>
<status status="PASS" start="2024-05-02T19:11:56.327946" elapsed="0.276126"/>
</test>
<test id="s1-s1-t3" name="Validar estrutura de resposta" line="22">
<kw name="Teste de Estrutura de Resposta" owner="random-user-service">
<kw name="GET On Session" owner="RequestsLibrary">
<msg time="2024-05-02T19:11:56.708545" level="INFO">GET Request : url=https://randomuser.me/api 
 path_url=/api 
 headers={'User-Agent': 'python-requests/2.31.0', 'Accept-Encoding': 'gzip, deflate', 'Accept': '*/*', 'Connection': 'keep-alive'} 
 body=None 
 </msg>
<msg time="2024-05-02T19:11:56.708655" level="INFO">GET Response : url=https://randomuser.me/api 
 status=200, reason=OK 
 headers={'Date': 'Thu, 02 May 2024 19:11:56 GMT', 'Content-Type': 'application/json; charset=utf-8', 'Transfer-Encoding': 'chunked', 'Connection': 'keep-alive', 'X-Powered-By': 'Express', 'Access-Control-Allow-Origin': '*', 'Cache-Control': 'no-cache', 'ETag': 'W/"4a2-UADhmD0haArL77Q2eQbM9zFgRDo"', 'Vary': 'Accept-Encoding', 'Content-Encoding': 'gzip', 'CF-Cache-Status': 'DYNAMIC', 'Report-To': '{"endpoints":[{"url":"https:\\/\\/a.nel.cloudflare.com\\/report\\/v4?s=K0HF8Wb%2BNs1DiLntNGPW8OvyeV1iV8iMHjlpvWW9BWOm7jhoe2O4bZBuw7e3zm0lWx9voDCi4BvNPDrv5Nk9t7InuZkIYed3NYcBC3XnC6ImHs4N5w%2Fm3b%2BmDmRyd%2BYI"}],"group":"cf-nel","max_age":604800}', 'NEL': '{"success_fraction":0,"report_to":"cf-nel","max_age":604800}', 'Server': 'cloudflare', 'CF-RAY': '87da51eadf392eef-LAX', 'alt-svc': 'h3=":443"; ma=86400'} 
 body={"results":[{"gender":"female","name":{"title":"Ms","first":"Ellen","last":"Wainio"},"location":{"street":{"number":2234,"name":"Fredrikinkatu"},"city":"Padasjoki","state":"Central Finland","country":"Finland","postcode":35032,"coordinates":{"latitude":"-26.2094","longitude":"142.4356"},"timezone":{"offset":"+5:30","description":"Bombay, Calcutta, Madras, New Delhi"}},"email":"ellen.wainio@example.com","login":{"uuid":"2ffb3190-4063-4cdc-8608-48749ca48ae6","username":"orangefish594","password":"57chevy","salt":"bAnY3XIy","md5":"44fe12e2f210626548908640c45bc96a","sha1":"f3e9b6fce753fcb91d8c62f509b8b5477092137c","sha256":"80cd38732c06a20aab5fb6d8c8e4b2a66b79a3c1759a1b2c2c5c840e274d4054"},"dob":{"date":"1971-09-19T19:23:11.721Z","age":52},"registered":{"date":"2008-05-06T04:31:41.765Z","age":15},"phone":"08-625-694","cell":"042-886-62-23","id":{"name":"HETU","value":"NaNNA528undefined"},"picture":{"large":"https://randomuser.me/api/portraits/women/58.jpg","medium":"https://randomuser.me/api/portraits/med/women/58.jpg","thumbnail":"https://randomuser.me/api/portraits/thumb/women/58.jpg"},"nat":"FI"}],"info":{"seed":"a8e52494af4ac5cb","results":1,"page":1,"version":"1.4"}} 
 </msg>
<msg time="2024-05-02T19:11:56.708806" level="INFO">/opt/hostedtoolcache/Python/3.12.3/x64/lib/python3.12/site-packages/urllib3/connectionpool.py:1103: InsecureRequestWarning: Unverified HTTPS request is being made to host 'randomuser.me'. Adding certificate verification is strongly advised. See: https://urllib3.readthedocs.io/en/latest/advanced-usage.html#tls-warnings
  warnings.warn(</msg>
<msg time="2024-05-02T19:11:56.708946" level="INFO">${response} = &lt;Response [200]&gt;</msg>
<var>${response}</var>
<arg>consultarAPI</arg>
<arg>/api</arg>
<doc>Sends a GET request on a previously created HTTP Session.</doc>
<status status="PASS" start="2024-05-02T19:11:56.606659" elapsed="0.102333"/>
</kw>
<kw name="Set Variable" owner="BuiltIn">
<msg time="2024-05-02T19:11:56.710047" level="INFO">${json_data} = {'results': [{'gender': 'female', 'name': {'title': 'Ms', 'first': 'Ellen', 'last': 'Wainio'}, 'location': {'street': {'number': 2234, 'name': 'Fredrikinkatu'}, 'city': 'Padasjoki', 'state': 'Central ...</msg>
<var>${json_data}</var>
<arg>${response.json()}</arg>
<doc>Returns the given values which can then be assigned to a variables.</doc>
<status status="PASS" start="2024-05-02T19:11:56.709506" elapsed="0.000569"/>
</kw>
<kw name="Log" owner="BuiltIn">
<msg time="2024-05-02T19:11:56.710543" level="INFO">{'results': [{'gender': 'female', 'name': {'title': 'Ms', 'first': 'Ellen', 'last': 'Wainio'}, 'location': {'street': {'number': 2234, 'name': 'Fredrikinkatu'}, 'city': 'Padasjoki', 'state': 'Central Finland', 'country': 'Finland', 'postcode': 35032, 'coordinates': {'latitude': '-26.2094', 'longitude': '142.4356'}, 'timezone': {'offset': '+5:30', 'description': 'Bombay, Calcutta, Madras, New Delhi'}}, 'email': 'ellen.wainio@example.com', 'login': {'uuid': '2ffb3190-4063-4cdc-8608-48749ca48ae6', 'username': 'orangefish594', 'password': '57chevy', 'salt': 'bAnY3XIy', 'md5': '44fe12e2f210626548908640c45bc96a', 'sha1': 'f3e9b6fce753fcb91d8c62f509b8b5477092137c', 'sha256': '80cd38732c06a20aab5fb6d8c8e4b2a66b79a3c1759a1b2c2c5c840e274d4054'}, 'dob': {'date': '1971-09-19T19:23:11.721Z', 'age': 52}, 'registered': {'date': '2008-05-06T04:31:41.765Z', 'age': 15}, 'phone': '08-625-694', 'cell': '042-886-62-23', 'id': {'name': 'HETU', 'value': 'NaNNA528undefined'}, 'picture': {'large': 'https://randomuser.me/api/portraits/women/58.jpg', 'medium': 'https://randomuser.me/api/portraits/med/women/58.jpg', 'thumbnail': 'https://randomuser.me/api/portraits/thumb/women/58.jpg'}, 'nat': 'FI'}], 'info': {'seed': 'a8e52494af4ac5cb', 'results': 1, 'page': 1, 'version': '1.4'}}</msg>
<arg>${json_data}</arg>
<doc>Logs the given message with the given level.</doc>
<status status="PASS" start="2024-05-02T19:11:56.710380" elapsed="0.000212"/>
</kw>
<kw name="Dictionary Should Contain Key" owner="Collections">
<msg time="2024-05-02T19:11:56.711045" level="INFO">False</msg>
<arg>${json_data}</arg>
<arg>results</arg>
<doc>Fails if ``key`` is not found from ``dictionary``.</doc>
<status status="PASS" start="2024-05-02T19:11:56.710889" elapsed="0.000192"/>
</kw>
<kw name="Should Not Be Empty" owner="BuiltIn">
<msg time="2024-05-02T19:11:56.711566" level="INFO">Length is 2.</msg>
<arg>${json_data}</arg>
<doc>Verifies that the given item is not empty.</doc>
<status status="PASS" start="2024-05-02T19:11:56.711415" elapsed="0.000190"/>
</kw>
<kw name="Create List" owner="BuiltIn">
<msg time="2024-05-02T19:11:56.712205" level="INFO">${expected_keys} = ['gender', 'name', 'location', 'email', 'login']</msg>
<var>${expected_keys}</var>
<arg>gender</arg>
<arg>name</arg>
<arg>location</arg>
<arg>email</arg>
<arg>login</arg>
<doc>Returns a list containing given items.</doc>
<status status="PASS" start="2024-05-02T19:11:56.711899" elapsed="0.000330"/>
</kw>
<for flavor="IN">
<iter>
<kw name="Dictionary Should Contain Key" owner="Collections">
<msg time="2024-05-02T19:11:56.713212" level="INFO">False</msg>
<arg>${json_data['results'][0]}</arg>
<arg>${key}</arg>
<doc>Fails if ``key`` is not found from ``dictionary``.</doc>
<status status="PASS" start="2024-05-02T19:11:56.712814" elapsed="0.000436"/>
</kw>
<kw name="Log" owner="BuiltIn">
<msg time="2024-05-02T19:11:56.713922" level="INFO">{'gender': 'female', 'name': {'title': 'Ms', 'first': 'Ellen', 'last': 'Wainio'}, 'location': {'street': {'number': 2234, 'name': 'Fredrikinkatu'}, 'city': 'Padasjoki', 'state': 'Central Finland', 'country': 'Finland', 'postcode': 35032, 'coordinates': {'latitude': '-26.2094', 'longitude': '142.4356'}, 'timezone': {'offset': '+5:30', 'description': 'Bombay, Calcutta, Madras, New Delhi'}}, 'email': 'ellen.wainio@example.com', 'login': {'uuid': '2ffb3190-4063-4cdc-8608-48749ca48ae6', 'username': 'orangefish594', 'password': '57chevy', 'salt': 'bAnY3XIy', 'md5': '44fe12e2f210626548908640c45bc96a', 'sha1': 'f3e9b6fce753fcb91d8c62f509b8b5477092137c', 'sha256': '80cd38732c06a20aab5fb6d8c8e4b2a66b79a3c1759a1b2c2c5c840e274d4054'}, 'dob': {'date': '1971-09-19T19:23:11.721Z', 'age': 52}, 'registered': {'date': '2008-05-06T04:31:41.765Z', 'age': 15}, 'phone': '08-625-694', 'cell': '042-886-62-23', 'id': {'name': 'HETU', 'value': 'NaNNA528undefined'}, 'picture': {'large': 'https://randomuser.me/api/portraits/women/58.jpg', 'medium': 'https://randomuser.me/api/portraits/med/women/58.jpg', 'thumbnail': 'https://randomuser.me/api/portraits/thumb/women/58.jpg'}, 'nat': 'FI'}</msg>
<arg>${json_data['results'][0]}</arg>
<doc>Logs the given message with the given level.</doc>
<status status="PASS" start="2024-05-02T19:11:56.713546" elapsed="0.000423"/>
</kw>
<kw name="Log" owner="BuiltIn">
<msg time="2024-05-02T19:11:56.714390" level="INFO">gender</msg>
<arg>${key}</arg>
<doc>Logs the given message with the given level.</doc>
<status status="PASS" start="2024-05-02T19:11:56.714265" elapsed="0.000162"/>
</kw>
<var name="${key}">gender</var>
<status status="PASS" start="2024-05-02T19:11:56.712687" elapsed="0.001957"/>
</iter>
<iter>
<kw name="Dictionary Should Contain Key" owner="Collections">
<msg time="2024-05-02T19:11:56.715320" level="INFO">False</msg>
<arg>${json_data['results'][0]}</arg>
<arg>${key}</arg>
<doc>Fails if ``key`` is not found from ``dictionary``.</doc>
<status status="PASS" start="2024-05-02T19:11:56.714945" elapsed="0.000433"/>
</kw>
<kw name="Log" owner="BuiltIn">
<msg time="2024-05-02T19:11:56.716061" level="INFO">{'gender': 'female', 'name': {'title': 'Ms', 'first': 'Ellen', 'last': 'Wainio'}, 'location': {'street': {'number': 2234, 'name': 'Fredrikinkatu'}, 'city': 'Padasjoki', 'state': 'Central Finland', 'country': 'Finland', 'postcode': 35032, 'coordinates': {'latitude': '-26.2094', 'longitude': '142.4356'}, 'timezone': {'offset': '+5:30', 'description': 'Bombay, Calcutta, Madras, New Delhi'}}, 'email': 'ellen.wainio@example.com', 'login': {'uuid': '2ffb3190-4063-4cdc-8608-48749ca48ae6', 'username': 'orangefish594', 'password': '57chevy', 'salt': 'bAnY3XIy', 'md5': '44fe12e2f210626548908640c45bc96a', 'sha1': 'f3e9b6fce753fcb91d8c62f509b8b5477092137c', 'sha256': '80cd38732c06a20aab5fb6d8c8e4b2a66b79a3c1759a1b2c2c5c840e274d4054'}, 'dob': {'date': '1971-09-19T19:23:11.721Z', 'age': 52}, 'registered': {'date': '2008-05-06T04:31:41.765Z', 'age': 15}, 'phone': '08-625-694', 'cell': '042-886-62-23', 'id': {'name': 'HETU', 'value': 'NaNNA528undefined'}, 'picture': {'large': 'https://randomuser.me/api/portraits/women/58.jpg', 'medium': 'https://randomuser.me/api/portraits/med/women/58.jpg', 'thumbnail': 'https://randomuser.me/api/portraits/thumb/women/58.jpg'}, 'nat': 'FI'}</msg>
<arg>${json_data['results'][0]}</arg>
<doc>Logs the given message with the given level.</doc>
<status status="PASS" start="2024-05-02T19:11:56.715706" elapsed="0.000402"/>
</kw>
<kw name="Log" owner="BuiltIn">
<msg time="2024-05-02T19:11:56.716529" level="INFO">name</msg>
<arg>${key}</arg>
<doc>Logs the given message with the given level.</doc>
<status status="PASS" start="2024-05-02T19:11:56.716404" elapsed="0.000161"/>
</kw>
<var name="${key}">name</var>
<status status="PASS" start="2024-05-02T19:11:56.714829" elapsed="0.001949"/>
</iter>
<iter>
<kw name="Dictionary Should Contain Key" owner="Collections">
<msg time="2024-05-02T19:11:56.717447" level="INFO">False</msg>
<arg>${json_data['results'][0]}</arg>
<arg>${key}</arg>
<doc>Fails if ``key`` is not found from ``dictionary``.</doc>
<status status="PASS" start="2024-05-02T19:11:56.717065" elapsed="0.000418"/>
</kw>
<kw name="Log" owner="BuiltIn">
<msg time="2024-05-02T19:11:56.718133" level="INFO">{'gender': 'female', 'name': {'title': 'Ms', 'first': 'Ellen', 'last': 'Wainio'}, 'location': {'street': {'number': 2234, 'name': 'Fredrikinkatu'}, 'city': 'Padasjoki', 'state': 'Central Finland', 'country': 'Finland', 'postcode': 35032, 'coordinates': {'latitude': '-26.2094', 'longitude': '142.4356'}, 'timezone': {'offset': '+5:30', 'description': 'Bombay, Calcutta, Madras, New Delhi'}}, 'email': 'ellen.wainio@example.com', 'login': {'uuid': '2ffb3190-4063-4cdc-8608-48749ca48ae6', 'username': 'orangefish594', 'password': '57chevy', 'salt': 'bAnY3XIy', 'md5': '44fe12e2f210626548908640c45bc96a', 'sha1': 'f3e9b6fce753fcb91d8c62f509b8b5477092137c', 'sha256': '80cd38732c06a20aab5fb6d8c8e4b2a66b79a3c1759a1b2c2c5c840e274d4054'}, 'dob': {'date': '1971-09-19T19:23:11.721Z', 'age': 52}, 'registered': {'date': '2008-05-06T04:31:41.765Z', 'age': 15}, 'phone': '08-625-694', 'cell': '042-886-62-23', 'id': {'name': 'HETU', 'value': 'NaNNA528undefined'}, 'picture': {'large': 'https://randomuser.me/api/portraits/women/58.jpg', 'medium': 'https://randomuser.me/api/portraits/med/women/58.jpg', 'thumbnail': 'https://randomuser.me/api/portraits/thumb/women/58.jpg'}, 'nat': 'FI'}</msg>
<arg>${json_data['results'][0]}</arg>
<doc>Logs the given message with the given level.</doc>
<status status="PASS" start="2024-05-02T19:11:56.717779" elapsed="0.000400"/>
</kw>
<kw name="Log" owner="BuiltIn">
<msg time="2024-05-02T19:11:56.718593" level="INFO">location</msg>
<arg>${key}</arg>
<doc>Logs the given message with the given level.</doc>
<status status="PASS" start="2024-05-02T19:11:56.718469" elapsed="0.000161"/>
</kw>
<var name="${key}">location</var>
<status status="PASS" start="2024-05-02T19:11:56.716954" elapsed="0.001889"/>
</iter>
<iter>
<kw name="Dictionary Should Contain Key" owner="Collections">
<msg time="2024-05-02T19:11:56.719559" level="INFO">False</msg>
<arg>${json_data['results'][0]}</arg>
<arg>${key}</arg>
<doc>Fails if ``key`` is not found from ``dictionary``.</doc>
<status status="PASS" start="2024-05-02T19:11:56.719124" elapsed="0.000473"/>
</kw>
<kw name="Log" owner="BuiltIn">
<msg time="2024-05-02T19:11:56.720256" level="INFO">{'gender': 'female', 'name': {'title': 'Ms', 'first': 'Ellen', 'last': 'Wainio'}, 'location': {'street': {'number': 2234, 'name': 'Fredrikinkatu'}, 'city': 'Padasjoki', 'state': 'Central Finland', 'country': 'Finland', 'postcode': 35032, 'coordinates': {'latitude': '-26.2094', 'longitude': '142.4356'}, 'timezone': {'offset': '+5:30', 'description': 'Bombay, Calcutta, Madras, New Delhi'}}, 'email': 'ellen.wainio@example.com', 'login': {'uuid': '2ffb3190-4063-4cdc-8608-48749ca48ae6', 'username': 'orangefish594', 'password': '57chevy', 'salt': 'bAnY3XIy', 'md5': '44fe12e2f210626548908640c45bc96a', 'sha1': 'f3e9b6fce753fcb91d8c62f509b8b5477092137c', 'sha256': '80cd38732c06a20aab5fb6d8c8e4b2a66b79a3c1759a1b2c2c5c840e274d4054'}, 'dob': {'date': '1971-09-19T19:23:11.721Z', 'age': 52}, 'registered': {'date': '2008-05-06T04:31:41.765Z', 'age': 15}, 'phone': '08-625-694', 'cell': '042-886-62-23', 'id': {'name': 'HETU', 'value': 'NaNNA528undefined'}, 'picture': {'large': 'https://randomuser.me/api/portraits/women/58.jpg', 'medium': 'https://randomuser.me/api/portraits/med/women/58.jpg', 'thumbnail': 'https://randomuser.me/api/portraits/thumb/women/58.jpg'}, 'nat': 'FI'}</msg>
<arg>${json_data['results'][0]}</arg>
<doc>Logs the given message with the given level.</doc>
<status status="PASS" start="2024-05-02T19:11:56.719897" elapsed="0.000406"/>
</kw>
<kw name="Log" owner="BuiltIn">
<msg time="2024-05-02T19:11:56.720721" level="INFO">email</msg>
<arg>${key}</arg>
<doc>Logs the given message with the given level.</doc>
<status status="PASS" start="2024-05-02T19:11:56.720594" elapsed="0.000164"/>
</kw>
<var name="${key}">email</var>
<status status="PASS" start="2024-05-02T19:11:56.719014" elapsed="0.001963"/>
</iter>
<iter>
<kw name="Dictionary Should Contain Key" owner="Collections">
<msg time="2024-05-02T19:11:56.721648" level="INFO">False</msg>
<arg>${json_data['results'][0]}</arg>
<arg>${key}</arg>
<doc>Fails if ``key`` is not found from ``dictionary``.</doc>
<status status="PASS" start="2024-05-02T19:11:56.721261" elapsed="0.000425"/>
</kw>
<kw name="Log" owner="BuiltIn">
<msg time="2024-05-02T19:11:56.722344" level="INFO">{'gender': 'female', 'name': {'title': 'Ms', 'first': 'Ellen', 'last': 'Wainio'}, 'location': {'street': {'number': 2234, 'name': 'Fredrikinkatu'}, 'city': 'Padasjoki', 'state': 'Central Finland', 'country': 'Finland', 'postcode': 35032, 'coordinates': {'latitude': '-26.2094', 'longitude': '142.4356'}, 'timezone': {'offset': '+5:30', 'description': 'Bombay, Calcutta, Madras, New Delhi'}}, 'email': 'ellen.wainio@example.com', 'login': {'uuid': '2ffb3190-4063-4cdc-8608-48749ca48ae6', 'username': 'orangefish594', 'password': '57chevy', 'salt': 'bAnY3XIy', 'md5': '44fe12e2f210626548908640c45bc96a', 'sha1': 'f3e9b6fce753fcb91d8c62f509b8b5477092137c', 'sha256': '80cd38732c06a20aab5fb6d8c8e4b2a66b79a3c1759a1b2c2c5c840e274d4054'}, 'dob': {'date': '1971-09-19T19:23:11.721Z', 'age': 52}, 'registered': {'date': '2008-05-06T04:31:41.765Z', 'age': 15}, 'phone': '08-625-694', 'cell': '042-886-62-23', 'id': {'name': 'HETU', 'value': 'NaNNA528undefined'}, 'picture': {'large': 'https://randomuser.me/api/portraits/women/58.jpg', 'medium': 'https://randomuser.me/api/portraits/med/women/58.jpg', 'thumbnail': 'https://randomuser.me/api/portraits/thumb/women/58.jpg'}, 'nat': 'FI'}</msg>
<arg>${json_data['results'][0]}</arg>
<doc>Logs the given message with the given level.</doc>
<status status="PASS" start="2024-05-02T19:11:56.721983" elapsed="0.000409"/>
</kw>
<kw name="Log" owner="BuiltIn">
<msg time="2024-05-02T19:11:56.722817" level="INFO">login</msg>
<arg>${key}</arg>
<doc>Logs the given message with the given level.</doc>
<status status="PASS" start="2024-05-02T19:11:56.722689" elapsed="0.000197"/>
</kw>
<var name="${key}">login</var>
<status status="PASS" start="2024-05-02T19:11:56.721150" elapsed="0.001960"/>
</iter>
<var>${key}</var>
<value>@{expected_keys}</value>
<status status="PASS" start="2024-05-02T19:11:56.712495" elapsed="0.010735"/>
</for>
<kw name="Create List" owner="BuiltIn">
<msg time="2024-05-02T19:11:56.723591" level="INFO">${expected_keysTwo} = ['username', 'password']</msg>
<var>${expected_keysTwo}</var>
<arg>username</arg>
<arg>password</arg>
<doc>Returns a list containing given items.</doc>
<status status="PASS" start="2024-05-02T19:11:56.723453" elapsed="0.000161"/>
</kw>
<for flavor="IN">
<iter>
<kw name="Dictionary Should Contain Key" owner="Collections">
<msg time="2024-05-02T19:11:56.724505" level="INFO">False</msg>
<arg>${json_data['results'][0]['login']}</arg>
<arg>${keyTwo}</arg>
<doc>Fails if ``key`` is not found from ``dictionary``.</doc>
<status status="PASS" start="2024-05-02T19:11:56.724119" elapsed="0.000423"/>
</kw>
<kw name="Dictionary Should Contain Key" owner="Collections">
<msg time="2024-05-02T19:11:56.725219" level="INFO">False</msg>
<arg>${json_data['results'][0]['login']}</arg>
<arg>${keyTwo}</arg>
<doc>Fails if ``key`` is not found from ``dictionary``.</doc>
<status status="PASS" start="2024-05-02T19:11:56.724843" elapsed="0.000413"/>
</kw>
<kw name="Log" owner="BuiltIn">
<msg time="2024-05-02T19:11:56.725669" level="INFO">username</msg>
<arg>${keyTwo}</arg>
<doc>Logs the given message with the given level.</doc>
<status status="PASS" start="2024-05-02T19:11:56.725545" elapsed="0.000166"/>
</kw>
<var name="${keyTwo}">username</var>
<status status="PASS" start="2024-05-02T19:11:56.724009" elapsed="0.001912"/>
</iter>
<iter>
<kw name="Dictionary Should Contain Key" owner="Collections">
<msg time="2024-05-02T19:11:56.726577" level="INFO">False</msg>
<arg>${json_data['results'][0]['login']}</arg>
<arg>${keyTwo}</arg>
<doc>Fails if ``key`` is not found from ``dictionary``.</doc>
<status status="PASS" start="2024-05-02T19:11:56.726198" elapsed="0.000415"/>
</kw>
<kw name="Dictionary Should Contain Key" owner="Collections">
<msg time="2024-05-02T19:11:56.727390" level="INFO">False</msg>
<arg>${json_data['results'][0]['login']}</arg>
<arg>${keyTwo}</arg>
<doc>Fails if ``key`` is not found from ``dictionary``.</doc>
<status status="PASS" start="2024-05-02T19:11:56.726900" elapsed="0.000534"/>
</kw>
<kw name="Log" owner="BuiltIn">
<msg time="2024-05-02T19:11:56.727860" level="INFO">password</msg>
<arg>${keyTwo}</arg>
<doc>Logs the given message with the given level.</doc>
<status status="PASS" start="2024-05-02T19:11:56.727733" elapsed="0.000164"/>
</kw>
<var name="${keyTwo}">password</var>
<status status="PASS" start="2024-05-02T19:11:56.726090" elapsed="0.002019"/>
</iter>
<var>${keyTwo}</var>
<value>@{expected_keysTwo}</value>
<status status="PASS" start="2024-05-02T19:11:56.723856" elapsed="0.004374"/>
</for>
<status status="PASS" start="2024-05-02T19:11:56.606426" elapsed="0.121946"/>
</kw>
<doc>Testa a estrutura da resposta da API.</doc>
<tag>testeEstruturaResposta</tag>
<status status="PASS" start="2024-05-02T19:11:56.605918" elapsed="0.122611"/>
</test>
<test id="s1-s1-t4" name="Validar tipos de dados" line="28">
<kw name="Teste de Tipos de Dados" owner="random-user-service">
<kw name="GET On Session" owner="RequestsLibrary">
<msg time="2024-05-02T19:11:56.839079" level="INFO">GET Request : url=https://randomuser.me/api 
 path_url=/api 
 headers={'User-Agent': 'python-requests/2.31.0', 'Accept-Encoding': 'gzip, deflate', 'Accept': '*/*', 'Connection': 'keep-alive'} 
 body=None 
 </msg>
<msg time="2024-05-02T19:11:56.839194" level="INFO">GET Response : url=https://randomuser.me/api 
 status=200, reason=OK 
 headers={'Date': 'Thu, 02 May 2024 19:11:56 GMT', 'Content-Type': 'application/json; charset=utf-8', 'Transfer-Encoding': 'chunked', 'Connection': 'keep-alive', 'X-Powered-By': 'Express', 'Access-Control-Allow-Origin': '*', 'Cache-Control': 'no-cache', 'ETag': 'W/"499-OvbOFG/48Ap1B2cusQUwLV/PAKg"', 'Vary': 'Accept-Encoding', 'Content-Encoding': 'gzip', 'CF-Cache-Status': 'DYNAMIC', 'Report-To': '{"endpoints":[{"url":"https:\\/\\/a.nel.cloudflare.com\\/report\\/v4?s=FMroAvbr%2FOTuLzyEy2gqV60XKGYrt9%2B7MBmg7JsYh%2BmvT8KIG38FExXXrD%2B8Pk3%2FCqqhu8SlymyJ6gb1sgMNkKBgLBWwXdzyaEP5KPtzVLaPU89BqdcxvrcKM76FeFhT"}],"group":"cf-nel","max_age":604800}', 'NEL': '{"success_fraction":0,"report_to":"cf-nel","max_age":604800}', 'Server': 'cloudflare', 'CF-RAY': '87da51eb98282eef-LAX', 'alt-svc': 'h3=":443"; ma=86400'} 
 body={"results":[{"gender":"female","name":{"title":"Mrs","first":"Perica","last":"Vuksanović"},"location":{"street":{"number":4500,"name":"Mlinska"},"city":"Paraćin","state":"West Bačka","country":"Serbia","postcode":55552,"coordinates":{"latitude":"56.1761","longitude":"35.3358"},"timezone":{"offset":"+5:30","description":"Bombay, Calcutta, Madras, New Delhi"}},"email":"perica.vuksanovic@example.com","login":{"uuid":"bfab799f-8b54-450f-b18f-f747c5e3abc1","username":"whitezebra516","password":"kathleen","salt":"Sxtwc88h","md5":"3866041efec0929e32b1916048848404","sha1":"d43bc572992222aea960f101b5f4deeb065569a6","sha256":"1e13e01b32ed7b85908b95107b83d0c3f5458e7c932138c328f00d961e6b60dc"},"dob":{"date":"1961-12-25T11:58:28.099Z","age":62},"registered":{"date":"2012-01-10T03:57:25.257Z","age":12},"phone":"028-2677-021","cell":"069-1997-342","id":{"name":"SID","value":"492271067"},"picture":{"large":"https://randomuser.me/api/portraits/women/75.jpg","medium":"https://randomuser.me/api/portraits/med/women/75.jpg","thumbnail":"https://randomuser.me/api/portraits/thumb/women/75.jpg"},"nat":"RS"}],"info":{"seed":"b789800ca23f3262","results":1,"page":1,"version":"1.4"}} 
 </msg>
<msg time="2024-05-02T19:11:56.839278" level="INFO">/opt/hostedtoolcache/Python/3.12.3/x64/lib/python3.12/site-packages/urllib3/connectionpool.py:1103: InsecureRequestWarning: Unverified HTTPS request is being made to host 'randomuser.me'. Adding certificate verification is strongly advised. See: https://urllib3.readthedocs.io/en/latest/advanced-usage.html#tls-warnings
  warnings.warn(</msg>
<msg time="2024-05-02T19:11:56.839426" level="INFO">${response} = &lt;Response [200]&gt;</msg>
<var>${response}</var>
<arg>consultarAPI</arg>
<arg>/api</arg>
<doc>Sends a GET request on a previously created HTTP Session.</doc>
<status status="PASS" start="2024-05-02T19:11:56.730988" elapsed="0.108482"/>
</kw>
<kw name="Set Variable" owner="BuiltIn">
<msg time="2024-05-02T19:11:56.840540" level="INFO">${json_data} = {'results': [{'gender': 'female', 'name': {'title': 'Mrs', 'first': 'Perica', 'last': 'Vuksanović'}, 'location': {'street': {'number': 4500, 'name': 'Mlinska'}, 'city': 'Paraćin', 'state': 'West Bačka...</msg>
<var>${json_data}</var>
<arg>${response.json()}</arg>
<doc>Returns the given values which can then be assigned to a variables.</doc>
<status status="PASS" start="2024-05-02T19:11:56.839985" elapsed="0.000586"/>
</kw>
<kw name="Log" owner="BuiltIn">
<msg time="2024-05-02T19:11:56.841049" level="INFO">{'results': [{'gender': 'female', 'name': {'title': 'Mrs', 'first': 'Perica', 'last': 'Vuksanović'}, 'location': {'street': {'number': 4500, 'name': 'Mlinska'}, 'city': 'Paraćin', 'state': 'West Bačka', 'country': 'Serbia', 'postcode': 55552, 'coordinates': {'latitude': '56.1761', 'longitude': '35.3358'}, 'timezone': {'offset': '+5:30', 'description': 'Bombay, Calcutta, Madras, New Delhi'}}, 'email': 'perica.vuksanovic@example.com', 'login': {'uuid': 'bfab799f-8b54-450f-b18f-f747c5e3abc1', 'username': 'whitezebra516', 'password': 'kathleen', 'salt': 'Sxtwc88h', 'md5': '3866041efec0929e32b1916048848404', 'sha1': 'd43bc572992222aea960f101b5f4deeb065569a6', 'sha256': '1e13e01b32ed7b85908b95107b83d0c3f5458e7c932138c328f00d961e6b60dc'}, 'dob': {'date': '1961-12-25T11:58:28.099Z', 'age': 62}, 'registered': {'date': '2012-01-10T03:57:25.257Z', 'age': 12}, 'phone': '028-2677-021', 'cell': '069-1997-342', 'id': {'name': 'SID', 'value': '492271067'}, 'picture': {'large': 'https://randomuser.me/api/portraits/women/75.jpg', 'medium': 'https://randomuser.me/api/portraits/med/women/75.jpg', 'thumbnail': 'https://randomuser.me/api/portraits/thumb/women/75.jpg'}, 'nat': 'RS'}], 'info': {'seed': 'b789800ca23f3262', 'results': 1, 'page': 1, 'version': '1.4'}}</msg>
<arg>${json_data}</arg>
<doc>Logs the given message with the given level.</doc>
<status status="PASS" start="2024-05-02T19:11:56.840890" elapsed="0.000247"/>
</kw>
<kw name="Should Be String" owner="String">
<arg>${json_data['results'][0]['gender']}</arg>
<doc>Fails if the given ``item`` is not a string.</doc>
<status status="PASS" start="2024-05-02T19:11:56.841437" elapsed="0.000365"/>
</kw>
<kw name="Should Match Regexp" owner="BuiltIn">
<arg>${json_data['results'][0]['email']}</arg>
<arg>^[a-zA-Z0-9._%+-]+@[a-zA-Z0-9.-]+\.[a-zA-Z]{2,}$</arg>
<doc>Fails if ``string`` does not match ``pattern`` as a regular expression.</doc>
<status status="PASS" start="2024-05-02T19:11:56.841994" elapsed="0.000522"/>
</kw>
<kw name="Should Match Regexp" owner="BuiltIn">
<arg>${json_data['results'][0]['dob']['date']}</arg>
<arg>\\d{4}-\\d{2}-\\d{2}T\\d{2}:\\d{2}:\\d{2}\\.\\d{3}Z</arg>
<doc>Fails if ``string`` does not match ``pattern`` as a regular expression.</doc>
<status status="PASS" start="2024-05-02T19:11:56.842707" elapsed="0.000486"/>
</kw>
<kw name="Should Match Regexp" owner="BuiltIn">
<arg>${json_data['results'][0]['registered']['date']}</arg>
<arg>\\d{4}-\\d{2}-\\d{2}T\\d{2}:\\d{2}:\\d{2}\\.\\d{3}Z</arg>
<doc>Fails if ``string`` does not match ``pattern`` as a regular expression.</doc>
<status status="PASS" start="2024-05-02T19:11:56.843424" elapsed="0.000387"/>
</kw>
<kw name="Should Match Regexp" owner="BuiltIn">
<arg>${json_data['results'][0]['picture']['large']}</arg>
<arg>^https?://.*\.(?:png|jpe?g|gif|bmp)$</arg>
<doc>Fails if ``string`` does not match ``pattern`` as a regular expression.</doc>
<status status="PASS" start="2024-05-02T19:11:56.843999" elapsed="0.000452"/>
</kw>
<kw name="Should Match Regexp" owner="BuiltIn">
<arg>${json_data['results'][0]['picture']['medium']}</arg>
<arg>^https?://.*\.(?:png|jpe?g|gif|bmp)$</arg>
<doc>Fails if ``string`` does not match ``pattern`` as a regular expression.</doc>
<status status="PASS" start="2024-05-02T19:11:56.844635" elapsed="0.000358"/>
</kw>
<kw name="Should Match Regexp" owner="BuiltIn">
<arg>${json_data['results'][0]['picture']['thumbnail']}</arg>
<arg>^https?://.*\.(?:png|jpe?g|gif|bmp)$</arg>
<doc>Fails if ``string`` does not match ``pattern`` as a regular expression.</doc>
<status status="PASS" start="2024-05-02T19:11:56.845178" elapsed="0.000348"/>
</kw>
<kw name="Log" owner="BuiltIn">
<msg time="2024-05-02T19:11:56.846022" level="INFO">{'large': 'https://randomuser.me/api/portraits/women/75.jpg', 'medium': 'https://randomuser.me/api/portraits/med/women/75.jpg', 'thumbnail': 'https://randomuser.me/api/portraits/thumb/women/75.jpg'}</msg>
<arg>${json_data['results'][0]['picture']}</arg>
<doc>Logs the given message with the given level.</doc>
<status status="PASS" start="2024-05-02T19:11:56.845704" elapsed="0.000359"/>
</kw>
<status status="PASS" start="2024-05-02T19:11:56.730764" elapsed="0.115558"/>
</kw>
<kw name="Teste de Tipos de Dados - Postcode" owner="random-user-service">
<kw name="GET On Session" owner="RequestsLibrary">
<msg time="2024-05-02T19:11:56.953175" level="INFO">GET Request : url=https://randomuser.me/api 
 path_url=/api 
 headers={'User-Agent': 'python-requests/2.31.0', 'Accept-Encoding': 'gzip, deflate', 'Accept': '*/*', 'Connection': 'keep-alive'} 
 body=None 
 </msg>
<msg time="2024-05-02T19:11:56.953286" level="INFO">GET Response : url=https://randomuser.me/api 
 status=200, reason=OK 
 headers={'Date': 'Thu, 02 May 2024 19:11:56 GMT', 'Content-Type': 'application/json; charset=utf-8', 'Transfer-Encoding': 'chunked', 'Connection': 'keep-alive', 'X-Powered-By': 'Express', 'Access-Control-Allow-Origin': '*', 'Cache-Control': 'no-cache', 'ETag': 'W/"498-tptzlmBxXRF8flxE+89qexXwsjY"', 'Vary': 'Accept-Encoding', 'Content-Encoding': 'gzip', 'CF-Cache-Status': 'DYNAMIC', 'Report-To': '{"endpoints":[{"url":"https:\\/\\/a.nel.cloudflare.com\\/report\\/v4?s=MMDdDC%2F03xuaj6aYIOVGCULN3ME%2FyDsLA4gUKkvlBDvIrqfJFaAtxh5OqiVEUhSDrAQUbuQD21JZsVJhgWURAktPX67JXwg1VRaAr97Cxy28kExQlvxfaIe%2Bsous4G3U"}],"group":"cf-nel","max_age":604800}', 'NEL': '{"success_fraction":0,"report_to":"cf-nel","max_age":604800}', 'Server': 'cloudflare', 'CF-RAY': '87da51ec58f62eef-LAX', 'alt-svc': 'h3=":443"; ma=86400'} 
 body={"results":[{"gender":"male","name":{"title":"Mr","first":"Antonino","last":"Birkner"},"location":{"street":{"number":364,"name":"Rosenweg"},"city":"Herzogenaurach","state":"Niedersachsen","country":"Germany","postcode":74976,"coordinates":{"latitude":"-49.5402","longitude":"-128.1669"},"timezone":{"offset":"-7:00","description":"Mountain Time (US &amp; Canada)"}},"email":"antonino.birkner@example.com","login":{"uuid":"1030c68b-31ef-4bcb-8147-61c7cf7ec6f3","username":"crazyladybug454","password":"animals","salt":"mg39RVTp","md5":"4e9fdb681a63d3d621676af29908ed27","sha1":"d4c1ea5345f67b538a92e7fe8c6bd2e0325e91e7","sha256":"3632b5ac8cfaabfc34cde4293fac4ec0d68225c5e4b78a90b4a00f8cc57557e4"},"dob":{"date":"1950-10-21T08:58:11.612Z","age":73},"registered":{"date":"2018-01-23T03:28:31.278Z","age":6},"phone":"0794-9739299","cell":"0176-5798571","id":{"name":"SVNR","value":"28 211050 B 047"},"picture":{"large":"https://randomuser.me/api/portraits/men/44.jpg","medium":"https://randomuser.me/api/portraits/med/men/44.jpg","thumbnail":"https://randomuser.me/api/portraits/thumb/men/44.jpg"},"nat":"DE"}],"info":{"seed":"901c65daf4937bc7","results":1,"page":1,"version":"1.4"}} 
 </msg>
<msg time="2024-05-02T19:11:56.953375" level="INFO">/opt/hostedtoolcache/Python/3.12.3/x64/lib/python3.12/site-packages/urllib3/connectionpool.py:1103: InsecureRequestWarning: Unverified HTTPS request is being made to host 'randomuser.me'. Adding certificate verification is strongly advised. See: https://urllib3.readthedocs.io/en/latest/advanced-usage.html#tls-warnings
  warnings.warn(</msg>
<msg time="2024-05-02T19:11:56.953506" level="INFO">${response} = &lt;Response [200]&gt;</msg>
<var>${response}</var>
<arg>consultarAPI</arg>
<arg>/api</arg>
<doc>Sends a GET request on a previously created HTTP Session.</doc>
<status status="PASS" start="2024-05-02T19:11:56.846780" elapsed="0.106759"/>
</kw>
<kw name="Set Variable" owner="BuiltIn">
<msg time="2024-05-02T19:11:56.954622" level="INFO">${json_data} = {'results': [{'gender': 'male', 'name': {'title': 'Mr', 'first': 'Antonino', 'last': 'Birkner'}, 'location': {'street': {'number': 364, 'name': 'Rosenweg'}, 'city': 'Herzogenaurach', 'state': 'Nieders...</msg>
<var>${json_data}</var>
<arg>${response.json()}</arg>
<doc>Returns the given values which can then be assigned to a variables.</doc>
<status status="PASS" start="2024-05-02T19:11:56.954075" elapsed="0.000574"/>
</kw>
<kw name="Log" owner="BuiltIn">
<msg time="2024-05-02T19:11:56.955111" level="INFO">{'results': [{'gender': 'male', 'name': {'title': 'Mr', 'first': 'Antonino', 'last': 'Birkner'}, 'location': {'street': {'number': 364, 'name': 'Rosenweg'}, 'city': 'Herzogenaurach', 'state': 'Niedersachsen', 'country': 'Germany', 'postcode': 74976, 'coordinates': {'latitude': '-49.5402', 'longitude': '-128.1669'}, 'timezone': {'offset': '-7:00', 'description': 'Mountain Time (US &amp; Canada)'}}, 'email': 'antonino.birkner@example.com', 'login': {'uuid': '1030c68b-31ef-4bcb-8147-61c7cf7ec6f3', 'username': 'crazyladybug454', 'password': 'animals', 'salt': 'mg39RVTp', 'md5': '4e9fdb681a63d3d621676af29908ed27', 'sha1': 'd4c1ea5345f67b538a92e7fe8c6bd2e0325e91e7', 'sha256': '3632b5ac8cfaabfc34cde4293fac4ec0d68225c5e4b78a90b4a00f8cc57557e4'}, 'dob': {'date': '1950-10-21T08:58:11.612Z', 'age': 73}, 'registered': {'date': '2018-01-23T03:28:31.278Z', 'age': 6}, 'phone': '0794-9739299', 'cell': '0176-5798571', 'id': {'name': 'SVNR', 'value': '28 211050 B 047'}, 'picture': {'large': 'https://randomuser.me/api/portraits/men/44.jpg', 'medium': 'https://randomuser.me/api/portraits/med/men/44.jpg', 'thumbnail': 'https://randomuser.me/api/portraits/thumb/men/44.jpg'}, 'nat': 'DE'}], 'info': {'seed': '901c65daf4937bc7', 'results': 1, 'page': 1, 'version': '1.4'}}</msg>
<arg>${json_data}</arg>
<doc>Logs the given message with the given level.</doc>
<status status="PASS" start="2024-05-02T19:11:56.954958" elapsed="0.000236"/>
</kw>
<kw name="Should Be Equal As Numbers" owner="BuiltIn">
<arg>${json_data['results'][0]['location']['postcode']}</arg>
<arg>${json_data['results'][0]['location']['postcode']}</arg>
<doc>Fails if objects are unequal after converting them to real numbers.</doc>
<status status="PASS" start="2024-05-02T19:11:56.955548" elapsed="0.000837"/>
</kw>
<kw name="Log" owner="BuiltIn">
<msg time="2024-05-02T19:11:56.956915" level="INFO">74976</msg>
<arg>${json_data['results'][0]['location']['postcode']}</arg>
<doc>Logs the given message with the given level.</doc>
<status status="PASS" start="2024-05-02T19:11:56.956578" elapsed="0.000376"/>
</kw>
<status status="PASS" start="2024-05-02T19:11:56.846550" elapsed="0.110657"/>
</kw>
<doc>Testa se os tipos de dados na resposta da API estão corretos.</doc>
<tag>testeTiposDados</tag>
<status status="PASS" start="2024-05-02T19:11:56.730307" elapsed="0.227067"/>
</test>
<test id="s1-s1-t5" name="Validar conteudo" line="35">
<kw name="Teste de Tipos de Conteudo" owner="random-user-service">
<kw name="GET On Session" owner="RequestsLibrary">
<msg time="2024-05-02T19:11:57.082593" level="INFO">GET Request : url=https://randomuser.me/api 
 path_url=/api 
 headers={'User-Agent': 'python-requests/2.31.0', 'Accept-Encoding': 'gzip, deflate', 'Accept': '*/*', 'Connection': 'keep-alive'} 
 body=None 
 </msg>
<msg time="2024-05-02T19:11:57.082711" level="INFO">GET Response : url=https://randomuser.me/api 
 status=200, reason=OK 
 headers={'Date': 'Thu, 02 May 2024 19:11:57 GMT', 'Content-Type': 'application/json; charset=utf-8', 'Transfer-Encoding': 'chunked', 'Connection': 'keep-alive', 'X-Powered-By': 'Express', 'Access-Control-Allow-Origin': '*', 'Cache-Control': 'no-cache', 'ETag': 'W/"47d-CepwHyb580apFOFz6nimwEpNUeQ"', 'Vary': 'Accept-Encoding', 'Content-Encoding': 'gzip', 'CF-Cache-Status': 'DYNAMIC', 'Report-To': '{"endpoints":[{"url":"https:\\/\\/a.nel.cloudflare.com\\/report\\/v4?s=eY9QcNRHq7NaUeVjB9%2BJMgMZLCazwuPimZGN4NFJ4OmOQmO9cz0aGO3d29K8td9N9OaDRx3IGNHuWETvvxq%2FL5eqnDkjEg2Kw6%2F2uj5PImcaGfkBnLbo6wsSwenF6mfE"}],"group":"cf-nel","max_age":604800}', 'NEL': '{"success_fraction":0,"report_to":"cf-nel","max_age":604800}', 'Server': 'cloudflare', 'CF-RAY': '87da51ed09b02eef-LAX', 'alt-svc': 'h3=":443"; ma=86400'} 
 body={"results":[{"gender":"male","name":{"title":"Mr","first":"Axel","last":"Gravem"},"location":{"street":{"number":8500,"name":"Smithsvingen"},"city":"Storsand","state":"Akershus","country":"Norway","postcode":"7289","coordinates":{"latitude":"46.3514","longitude":"-3.3312"},"timezone":{"offset":"-3:00","description":"Brazil, Buenos Aires, Georgetown"}},"email":"axel.gravem@example.com","login":{"uuid":"145dcc0d-9a75-40a2-97f8-b1172d7acdab","username":"whiteleopard751","password":"jackpot","salt":"LNBuaQiv","md5":"9de0f1d9e7ce3e9f6e4715d23c363f53","sha1":"dfed4e9e4f481cdaa47710391b5e519a3a6b9c27","sha256":"99a811c14038de0d9ebca5ef1275108a7d4dbef5b0852fe780acb6130cee8fa9"},"dob":{"date":"1950-03-15T08:08:49.976Z","age":74},"registered":{"date":"2004-02-18T07:14:58.892Z","age":20},"phone":"28468867","cell":"46976029","id":{"name":"FN","value":"15035005126"},"picture":{"large":"https://randomuser.me/api/portraits/men/44.jpg","medium":"https://randomuser.me/api/portraits/med/men/44.jpg","thumbnail":"https://randomuser.me/api/portraits/thumb/men/44.jpg"},"nat":"NO"}],"info":{"seed":"6f14539b1fd12f7a","results":1,"page":1,"version":"1.4"}} 
 </msg>
<msg time="2024-05-02T19:11:57.082788" level="INFO">/opt/hostedtoolcache/Python/3.12.3/x64/lib/python3.12/site-packages/urllib3/connectionpool.py:1103: InsecureRequestWarning: Unverified HTTPS request is being made to host 'randomuser.me'. Adding certificate verification is strongly advised. See: https://urllib3.readthedocs.io/en/latest/advanced-usage.html#tls-warnings
  warnings.warn(</msg>
<msg time="2024-05-02T19:11:57.082914" level="INFO">${response} = &lt;Response [200]&gt;</msg>
<var>${response}</var>
<arg>consultarAPI</arg>
<arg>/api</arg>
<doc>Sends a GET request on a previously created HTTP Session.</doc>
<status status="PASS" start="2024-05-02T19:11:56.959825" elapsed="0.123130"/>
</kw>
<kw name="Set Variable" owner="BuiltIn">
<msg time="2024-05-02T19:11:57.084062" level="INFO">${json_data} = {'results': [{'gender': 'male', 'name': {'title': 'Mr', 'first': 'Axel', 'last': 'Gravem'}, 'location': {'street': {'number': 8500, 'name': 'Smithsvingen'}, 'city': 'Storsand', 'state': 'Akershus', 'c...</msg>
<var>${json_data}</var>
<arg>${response.json()}</arg>
<doc>Returns the given values which can then be assigned to a variables.</doc>
<status status="PASS" start="2024-05-02T19:11:57.083533" elapsed="0.000558"/>
</kw>
<kw name="Set Variable" owner="BuiltIn">
<msg time="2024-05-02T19:11:57.084804" level="INFO">${name_title} = Mr</msg>
<var>${name_title}</var>
<arg>${json_data["results"][0]["name"]["title"]}</arg>
<doc>Returns the given values which can then be assigned to a variables.</doc>
<status status="PASS" start="2024-05-02T19:11:57.084402" elapsed="0.000428"/>
</kw>
<kw name="Create List" owner="BuiltIn">
<msg time="2024-05-02T19:11:57.085287" level="INFO">${allowed_titles} = ['Mr', 'Ms', 'Miss', 'Mrs', 'Madame', 'Monsieur']</msg>
<var>${allowed_titles}</var>
<arg>Mr</arg>
<arg>Ms</arg>
<arg>Miss</arg>
<arg>Mrs</arg>
<arg>Madame</arg>
<arg>Monsieur</arg>
<doc>Returns a list containing given items.</doc>
<status status="PASS" start="2024-05-02T19:11:57.085135" elapsed="0.000176"/>
</kw>
<kw name="List Should Contain Value" owner="Collections">
<msg time="2024-05-02T19:11:57.085795" level="INFO">False</msg>
<arg>${allowed_titles}</arg>
<arg>${name_title}</arg>
<doc>Fails if the ``value`` is not found from ``list``.</doc>
<status status="PASS" start="2024-05-02T19:11:57.085617" elapsed="0.000216"/>
</kw>
<kw name="Set Variable" owner="BuiltIn">
<msg time="2024-05-02T19:11:57.086517" level="INFO">${name_country} = NO</msg>
<var>${name_country}</var>
<arg>${json_data["results"][0]["nat"]}</arg>
<doc>Returns the given values which can then be assigned to a variables.</doc>
<status status="PASS" start="2024-05-02T19:11:57.086130" elapsed="0.000412"/>
</kw>
<kw name="Create List" owner="BuiltIn">
<msg time="2024-05-02T19:11:57.087465" level="INFO">${list_country} = ['AD', 'AE', 'AF', 'AG', 'AI', 'AL', 'AM', 'AO', 'AQ', 'AR', 'AS', 'AT', 'AU', 'AW', 'AX', 'AZ', 'BA', 'BB', 'BD', 'BE', 'BF', 'BG', 'BH', 'BI', 'BJ', 'BL', 'BM', 'BN', 'BO', 'BQ', 'BR', 'BS', 'BT', '...</msg>
<var>${list_country}</var>
<arg>AD</arg>
<arg>AE</arg>
<arg>AF</arg>
<arg>AG</arg>
<arg>AI</arg>
<arg>AL</arg>
<arg>AM</arg>
<arg>AO</arg>
<arg>AQ</arg>
<arg>AR</arg>
<arg>AS</arg>
<arg>AT</arg>
<arg>AU</arg>
<arg>AW</arg>
<arg>AX</arg>
<arg>AZ</arg>
<arg>BA</arg>
<arg>BB</arg>
<arg>BD</arg>
<arg>BE</arg>
<arg>BF</arg>
<arg>BG</arg>
<arg>BH</arg>
<arg>BI</arg>
<arg>BJ</arg>
<arg>BL</arg>
<arg>BM</arg>
<arg>BN</arg>
<arg>BO</arg>
<arg>BQ</arg>
<arg>BR</arg>
<arg>BS</arg>
<arg>BT</arg>
<arg>BV</arg>
<arg>BW</arg>
<arg>BY</arg>
<arg>BZ</arg>
<arg>CA</arg>
<arg>CC</arg>
<arg>CD</arg>
<arg>CF</arg>
<arg>CG</arg>
<arg>CH</arg>
<arg>CI</arg>
<arg>CK</arg>
<arg>CL</arg>
<arg>CM</arg>
<arg>CN</arg>
<arg>CO</arg>
<arg>CR</arg>
<arg>CU</arg>
<arg>CV</arg>
<arg>CW</arg>
<arg>CX</arg>
<arg>CY</arg>
<arg>CZ</arg>
<arg>DE</arg>
<arg>DJ</arg>
<arg>DK</arg>
<arg>DM</arg>
<arg>DO</arg>
<arg>DZ</arg>
<arg>EC</arg>
<arg>EE</arg>
<arg>EG</arg>
<arg>EH</arg>
<arg>ER</arg>
<arg>ES</arg>
<arg>ET</arg>
<arg>FI</arg>
<arg>FJ</arg>
<arg>FK</arg>
<arg>FM</arg>
<arg>FO</arg>
<arg>FR</arg>
<arg>GA</arg>
<arg>GB</arg>
<arg>GD</arg>
<arg>GE</arg>
<arg>GF</arg>
<arg>GG</arg>
<arg>GH</arg>
<arg>GI</arg>
<arg>GL</arg>
<arg>GM</arg>
<arg>GN</arg>
<arg>GP</arg>
<arg>GQ</arg>
<arg>GR</arg>
<arg>GS</arg>
<arg>GT</arg>
<arg>GU</arg>
<arg>GW</arg>
<arg>GY</arg>
<arg>HK</arg>
<arg>HM</arg>
<arg>HN</arg>
<arg>HR</arg>
<arg>HT</arg>
<arg>HU</arg>
<arg>ID</arg>
<arg>IE</arg>
<arg>IL</arg>
<arg>IM</arg>
<arg>IN</arg>
<arg>IO</arg>
<arg>IQ</arg>
<arg>IR</arg>
<arg>IS</arg>
<arg>IT</arg>
<arg>JE</arg>
<arg>JM</arg>
<arg>JO</arg>
<arg>JP</arg>
<arg>KE</arg>
<arg>KG</arg>
<arg>KH</arg>
<arg>KI</arg>
<arg>KM</arg>
<arg>KN</arg>
<arg>KP</arg>
<arg>KR</arg>
<arg>KW</arg>
<arg>KY</arg>
<arg>KZ</arg>
<arg>LA</arg>
<arg>LB</arg>
<arg>LC</arg>
<arg>LI</arg>
<arg>LK</arg>
<arg>LR</arg>
<arg>LS</arg>
<arg>LT</arg>
<arg>LU</arg>
<arg>LV</arg>
<arg>LY</arg>
<arg>MA</arg>
<arg>MC</arg>
<arg>MD</arg>
<arg>ME</arg>
<arg>MF</arg>
<arg>MG</arg>
<arg>MH</arg>
<arg>MK</arg>
<arg>ML</arg>
<arg>MM</arg>
<arg>MN</arg>
<arg>MO</arg>
<arg>MP</arg>
<arg>MQ</arg>
<arg>MR</arg>
<arg>MS</arg>
<arg>MT</arg>
<arg>MU</arg>
<arg>MV</arg>
<arg>MW</arg>
<arg>MX</arg>
<arg>MY</arg>
<arg>MZ</arg>
<arg>NA</arg>
<arg>NC</arg>
<arg>NE</arg>
<arg>NF</arg>
<arg>NG</arg>
<arg>NI</arg>
<arg>NL</arg>
<arg>NO</arg>
<arg>NP</arg>
<arg>NR</arg>
<arg>NU</arg>
<arg>NZ</arg>
<arg>OM</arg>
<arg>PA</arg>
<arg>PE</arg>
<arg>PF</arg>
<arg>PG</arg>
<arg>PH</arg>
<arg>PK</arg>
<arg>PL</arg>
<arg>PM</arg>
<arg>PN</arg>
<arg>PR</arg>
<arg>PS</arg>
<arg>PT</arg>
<arg>PW</arg>
<arg>PY</arg>
<arg>QA</arg>
<arg>RE</arg>
<arg>RO</arg>
<arg>RS</arg>
<arg>RU</arg>
<arg>RW</arg>
<arg>SA</arg>
<arg>SB</arg>
<arg>SC</arg>
<arg>SD</arg>
<arg>SE</arg>
<arg>SG</arg>
<arg>SH</arg>
<arg>SI</arg>
<arg>SJ</arg>
<arg>SK</arg>
<arg>SL</arg>
<arg>SM</arg>
<arg>SN</arg>
<arg>SO</arg>
<arg>SR</arg>
<arg>SS</arg>
<arg>ST</arg>
<arg>SV</arg>
<arg>SX</arg>
<arg>SY</arg>
<arg>SZ</arg>
<arg>TC</arg>
<arg>TD</arg>
<arg>TF</arg>
<arg>TG</arg>
<arg>TH</arg>
<arg>TJ</arg>
<arg>TK</arg>
<arg>TL</arg>
<arg>TM</arg>
<arg>TN</arg>
<arg>TO</arg>
<arg>TR</arg>
<arg>TT</arg>
<arg>TV</arg>
<arg>TW</arg>
<arg>TZ</arg>
<arg>UA</arg>
<arg>UG</arg>
<arg>UM</arg>
<arg>US</arg>
<arg>UY</arg>
<arg>UZ</arg>
<arg>VA</arg>
<arg>VC</arg>
<arg>VE</arg>
<arg>VG</arg>
<arg>VI</arg>
<arg>VN</arg>
<arg>VU</arg>
<arg>WF</arg>
<arg>WS</arg>
<arg>XK</arg>
<arg>YE</arg>
<arg>YT</arg>
<arg>ZA</arg>
<arg>ZM</arg>
<arg>ZW</arg>
<doc>Returns a list containing given items.</doc>
<status status="PASS" start="2024-05-02T19:11:57.086847" elapsed="0.000644"/>
</kw>
<kw name="List Should Contain Value" owner="Collections">
<msg time="2024-05-02T19:11:57.088483" level="INFO">False</msg>
<arg>${list_country}</arg>
<arg>${name_country}</arg>
<doc>Fails if the ``value`` is not found from ``list``.</doc>
<status status="PASS" start="2024-05-02T19:11:57.088284" elapsed="0.000236"/>
</kw>
<kw name="Run Keyword If" owner="BuiltIn">
<kw name="Should Be True" owner="BuiltIn">
<arg>${True}</arg>
<doc>Fails if the given condition is not true.</doc>
<status status="PASS" start="2024-05-02T19:11:57.089595" elapsed="0.000145"/>
</kw>
<arg>${json_data["results"][0]["location"]["coordinates"]["latitude"]} &gt;= -90 and ${json_data["results"][0]["location"]["coordinates"]["latitude"]} &lt;= 90</arg>
<arg>Should Be True</arg>
<arg>${True}</arg>
<doc>Runs the given keyword with the given arguments, if ``condition`` is true.</doc>
<status status="PASS" start="2024-05-02T19:11:57.088833" elapsed="0.001032"/>
</kw>
<kw name="Run Keyword If" owner="BuiltIn">
<kw name="Should Be True" owner="BuiltIn">
<arg>${True}</arg>
<doc>Fails if the given condition is not true.</doc>
<status status="PASS" start="2024-05-02T19:11:57.090754" elapsed="0.000259"/>
</kw>
<arg>${json_data["results"][0]["location"]["coordinates"]["longitude"]} &gt;= -180 and ${json_data["results"][0]["location"]["coordinates"]["longitude"]} &lt;= 180</arg>
<arg>Should Be True</arg>
<arg>${True}</arg>
<doc>Runs the given keyword with the given arguments, if ``condition`` is true.</doc>
<status status="PASS" start="2024-05-02T19:11:57.090050" elapsed="0.001091"/>
</kw>
<status status="PASS" start="2024-05-02T19:11:56.959591" elapsed="0.131683"/>
</kw>
<doc>Testa o conteúdo específico dos campos retornados pela API.</doc>
<tag>testeConteudo</tag>
<status status="PASS" start="2024-05-02T19:11:56.959122" elapsed="0.132366"/>
</test>
<status status="PASS" start="2024-05-02T19:11:55.981017" elapsed="1.112458"/>
</suite>
<status status="PASS" start="2024-05-02T19:11:55.967498" elapsed="1.131237"/>
</suite>
<statistics>
<total>
<stat pass="5" fail="0" skip="0">All Tests</stat>
</total>
<tag>
<stat pass="1" fail="0" skip="0">testeConteudo</stat>
<stat pass="1" fail="0" skip="0">testeEstruturaResposta</stat>
<stat pass="1" fail="0" skip="0">testeRequisicaoBasica</stat>
<stat pass="1" fail="0" skip="0">testeTiposDados</stat>
</tag>
<suite>
<stat pass="5" fail="0" skip="0" id="s1" name="Tests">Tests</stat>
<stat pass="5" fail="0" skip="0" id="s1-s1" name="Random-User-Test">Tests.Random-User-Test</stat>
</suite>
</statistics>
<errors>
</errors>
</robot>
