<?xml version="1.0" encoding="UTF-8"?>
<robot generator="Robot 7.0 (Python 3.12.3 on linux)" generated="2024-05-27T01:04:34.303242" rpa="false" schemaversion="5">
<suite id="s1" name="Tests" source="/home/runner/work/ApiRandomUser/ApiRandomUser/RamdonUser/tests">
<suite id="s1-s1" name="Random-User-Test" source="/home/runner/work/ApiRandomUser/ApiRandomUser/RamdonUser/tests/random-user-test.robot">
<test id="s1-s1-t1" name="Conectar" line="13">
<kw name="Conectar API" owner="random-user-service">
<kw name="Create Session" owner="RequestsLibrary">
<msg time="2024-05-27T01:04:34.688309" level="INFO">Creating Session using : alias=consultarAPI, url=https://randomuser.me/, headers={},                     cookies={}, auth=None, timeout=None, proxies=None, verify=False,                     debug=0 </msg>
<arg>consultarAPI</arg>
<arg>${URL}</arg>
<doc>Create Session: create a HTTP session to a server</doc>
<status status="PASS" start="2024-05-27T01:04:34.688109" elapsed="0.000362"/>
</kw>
<status status="PASS" start="2024-05-27T01:04:34.687076" elapsed="0.001741"/>
</kw>
<status status="PASS" start="2024-05-27T01:04:34.686582" elapsed="0.002430"/>
</test>
<test id="s1-s1-t2" name="Validar retorno 200 e JSON Válido" line="16">
<kw name="Teste de Requisicao Basica" owner="random-user-service">
<kw name="GET On Session" owner="RequestsLibrary">
<msg time="2024-05-27T01:04:34.894764" level="INFO">GET Request : url=https://randomuser.me/api 
 path_url=/api 
 headers={'User-Agent': 'python-requests/2.32.2', 'Accept-Encoding': 'gzip, deflate', 'Accept': '*/*', 'Connection': 'keep-alive'} 
 body=None 
 </msg>
<msg time="2024-05-27T01:04:34.894924" level="INFO">GET Response : url=https://randomuser.me/api 
 status=200, reason=OK 
 headers={'Date': 'Mon, 27 May 2024 01:04:34 GMT', 'Content-Type': 'application/json; charset=utf-8', 'Transfer-Encoding': 'chunked', 'Connection': 'keep-alive', 'X-Powered-By': 'Express', 'Access-Control-Allow-Origin': '*', 'Cache-Control': 'no-cache', 'ETag': 'W/"493-aeH5oS7aXfJfnK07TO6bTpgkcrk"', 'Vary': 'Accept-Encoding', 'Content-Encoding': 'gzip', 'CF-Cache-Status': 'DYNAMIC', 'Report-To': '{"endpoints":[{"url":"https:\\/\\/a.nel.cloudflare.com\\/report\\/v4?s=EyLH6rkL1Fs6Yooff6Sg0vD4QYVSGWaAlg0wVSQDIUwzHJVhd9pxaY2ExYarsEUAk7nMJm%2BIMOOnE%2FfnZLURUh%2FDfdcTnbKs86LcyCo%2Fj93%2FIJoMRv%2FwQGAKVSI4m8hr"}],"group":"cf-nel","max_age":604800}', 'NEL': '{"success_fraction":0,"report_to":"cf-nel","max_age":604800}', 'Server': 'cloudflare', 'CF-RAY': '88a21779cb001fdd-IAD', 'alt-svc': 'h3=":443"; ma=86400'} 
 body={"results":[{"gender":"female","name":{"title":"Mrs","first":"Ruža","last":"Vujičić"},"location":{"street":{"number":5419,"name":"Proleterska"},"city":"Arilje","state":"Šumadija","country":"Serbia","postcode":33047,"coordinates":{"latitude":"62.1413","longitude":"71.6420"},"timezone":{"offset":"-5:00","description":"Eastern Time (US &amp; Canada), Bogota, Lima"}},"email":"ruza.vujicic@example.com","login":{"uuid":"be938b0d-44cc-4868-be62-bc8eb8b73401","username":"blackpanda791","password":"gunnar","salt":"rXXFzHT3","md5":"06d6cc9bdb2fe664ce43a0386d546e86","sha1":"4f262c26e18c8020e3edc4fe6dcacfe93ec6eb61","sha256":"5d47144145ea7dc70816b3c96d2f2fc420a7273d83585216747b6dde1eeb0365"},"dob":{"date":"1975-11-20T03:50:22.067Z","age":48},"registered":{"date":"2020-09-24T00:43:42.596Z","age":3},"phone":"027-4220-019","cell":"064-7888-482","id":{"name":"SID","value":"069594749"},"picture":{"large":"https://randomuser.me/api/portraits/women/68.jpg","medium":"https://randomuser.me/api/portraits/med/women/68.jpg","thumbnail":"https://randomuser.me/api/portraits/thumb/women/68.jpg"},"nat":"RS"}],"info":{"seed":"03ab616e4e3a5bff","results":1,"page":1,"version":"1.4"}} 
 </msg>
<msg time="2024-05-27T01:04:34.895034" level="INFO">/opt/hostedtoolcache/Python/3.12.3/x64/lib/python3.12/site-packages/urllib3/connectionpool.py:1103: InsecureRequestWarning: Unverified HTTPS request is being made to host 'randomuser.me'. Adding certificate verification is strongly advised. See: https://urllib3.readthedocs.io/en/latest/advanced-usage.html#tls-warnings
  warnings.warn(</msg>
<msg time="2024-05-27T01:04:34.895189" level="INFO">${response} = &lt;Response [200]&gt;</msg>
<var>${response}</var>
<arg>consultarAPI</arg>
<arg>/api</arg>
<doc>Sends a GET request on a previously created HTTP Session.</doc>
<status status="PASS" start="2024-05-27T01:04:34.691639" elapsed="0.203591"/>
</kw>
<kw name="Should Be Equal As Numbers" owner="BuiltIn">
<msg time="2024-05-27T01:04:34.896132" level="INFO">Argument types are:
&lt;class 'int'&gt;
&lt;class 'str'&gt;</msg>
<arg>${response.status_code}</arg>
<arg>200</arg>
<doc>Fails if objects are unequal after converting them to real numbers.</doc>
<status status="PASS" start="2024-05-27T01:04:34.895715" elapsed="0.000483"/>
</kw>
<kw name="Log" owner="BuiltIn">
<msg time="2024-05-27T01:04:34.896884" level="INFO">200</msg>
<arg>${response.status_code}</arg>
<doc>Logs the given message with the given level.</doc>
<status status="PASS" start="2024-05-27T01:04:34.896535" elapsed="0.000397"/>
</kw>
<kw name="Set Variable" owner="BuiltIn">
<msg time="2024-05-27T01:04:34.897684" level="INFO">${json_data} = {'results': [{'gender': 'female', 'name': {'title': 'Mrs', 'first': 'Ruža', 'last': 'Vujičić'}, 'location': {'street': {'number': 5419, 'name': 'Proleterska'}, 'city': 'Arilje', 'state': 'Šumadija', '...</msg>
<var>${json_data}</var>
<arg>${response.json()}</arg>
<doc>Returns the given values which can then be assigned to a variables.</doc>
<status status="PASS" start="2024-05-27T01:04:34.897243" elapsed="0.000474"/>
</kw>
<kw name="Dictionary Should Contain Key" owner="Collections">
<msg time="2024-05-27T01:04:34.898211" level="INFO">False</msg>
<arg>${json_data}</arg>
<arg>results</arg>
<doc>Fails if ``key`` is not found from ``dictionary``.</doc>
<status status="PASS" start="2024-05-27T01:04:34.898024" elapsed="0.000361"/>
</kw>
<status status="PASS" start="2024-05-27T01:04:34.691385" elapsed="0.207279"/>
</kw>
<doc>Testa se a API responde corretamente e retorna um objeto JSON válido.</doc>
<tag>testeRequisicaoBasica</tag>
<status status="PASS" start="2024-05-27T01:04:34.690875" elapsed="0.207965"/>
</test>
<test id="s1-s1-t3" name="Validar estrutura de resposta" line="22">
<kw name="Teste de Estrutura de Resposta" owner="random-user-service">
<kw name="GET On Session" owner="RequestsLibrary">
<msg time="2024-05-27T01:04:34.988563" level="INFO">GET Request : url=https://randomuser.me/api 
 path_url=/api 
 headers={'User-Agent': 'python-requests/2.32.2', 'Accept-Encoding': 'gzip, deflate', 'Accept': '*/*', 'Connection': 'keep-alive'} 
 body=None 
 </msg>
<msg time="2024-05-27T01:04:34.988646" level="INFO">GET Response : url=https://randomuser.me/api 
 status=200, reason=OK 
 headers={'Date': 'Mon, 27 May 2024 01:04:34 GMT', 'Content-Type': 'application/json; charset=utf-8', 'Transfer-Encoding': 'chunked', 'Connection': 'keep-alive', 'X-Powered-By': 'Express', 'Access-Control-Allow-Origin': '*', 'Cache-Control': 'no-cache', 'ETag': 'W/"490-X//wdJa/5veIXAJNBJdFOhNkXwA"', 'Vary': 'Accept-Encoding', 'Content-Encoding': 'gzip', 'CF-Cache-Status': 'DYNAMIC', 'Report-To': '{"endpoints":[{"url":"https:\\/\\/a.nel.cloudflare.com\\/report\\/v4?s=j%2F%2BdXkqyNE2nlPrvVTQU78W%2FKx9yzXrHXLnh5FWh5Pro0LQhGXnOr8TD9p08IR72xB94zTYhbls7ilSbIo%2BdlsCf77TJtKgGS0cBWXvApYjBsmIwHiIJB%2BJYiiSitA8y"}],"group":"cf-nel","max_age":604800}', 'NEL': '{"success_fraction":0,"report_to":"cf-nel","max_age":604800}', 'Server': 'cloudflare', 'CF-RAY': '88a2177a2b611fdd-IAD', 'alt-svc': 'h3=":443"; ma=86400'} 
 body={"results":[{"gender":"female","name":{"title":"Ms","first":"Brankica","last":"Babić"},"location":{"street":{"number":2216,"name":"Vojna Pošta"},"city":"Niš","state":"Central Banat","country":"Serbia","postcode":74551,"coordinates":{"latitude":"56.1107","longitude":"73.9365"},"timezone":{"offset":"+4:00","description":"Abu Dhabi, Muscat, Baku, Tbilisi"}},"email":"brankica.babic@example.com","login":{"uuid":"20f93e81-b3fd-4b70-9882-2529731ae79e","username":"blackdog426","password":"kristian","salt":"m81SCc1I","md5":"7d281a1aa041eb9cd2226cb01e97082b","sha1":"079a4f4a97e3344627d6bcf5b6ca5af4f60259e4","sha256":"7f3936b000a0cb39cc49767146d27588548b489d983142e26a2ed8ed067ebf22"},"dob":{"date":"1952-03-13T01:13:07.526Z","age":72},"registered":{"date":"2013-09-14T12:55:09.272Z","age":10},"phone":"011-6845-820","cell":"065-8517-161","id":{"name":"SID","value":"752004891"},"picture":{"large":"https://randomuser.me/api/portraits/women/46.jpg","medium":"https://randomuser.me/api/portraits/med/women/46.jpg","thumbnail":"https://randomuser.me/api/portraits/thumb/women/46.jpg"},"nat":"RS"}],"info":{"seed":"80b30d28c6c4f350","results":1,"page":1,"version":"1.4"}} 
 </msg>
<msg time="2024-05-27T01:04:34.988740" level="INFO">/opt/hostedtoolcache/Python/3.12.3/x64/lib/python3.12/site-packages/urllib3/connectionpool.py:1103: InsecureRequestWarning: Unverified HTTPS request is being made to host 'randomuser.me'. Adding certificate verification is strongly advised. See: https://urllib3.readthedocs.io/en/latest/advanced-usage.html#tls-warnings
  warnings.warn(</msg>
<msg time="2024-05-27T01:04:34.988852" level="INFO">${response} = &lt;Response [200]&gt;</msg>
<var>${response}</var>
<arg>consultarAPI</arg>
<arg>/api</arg>
<doc>Sends a GET request on a previously created HTTP Session.</doc>
<status status="PASS" start="2024-05-27T01:04:34.901467" elapsed="0.087430"/>
</kw>
<kw name="Set Variable" owner="BuiltIn">
<msg time="2024-05-27T01:04:34.989724" level="INFO">${json_data} = {'results': [{'gender': 'female', 'name': {'title': 'Ms', 'first': 'Brankica', 'last': 'Babić'}, 'location': {'street': {'number': 2216, 'name': 'Vojna Pošta'}, 'city': 'Niš', 'state': 'Central Banat'...</msg>
<var>${json_data}</var>
<arg>${response.json()}</arg>
<doc>Returns the given values which can then be assigned to a variables.</doc>
<status status="PASS" start="2024-05-27T01:04:34.989255" elapsed="0.000502"/>
</kw>
<kw name="Log" owner="BuiltIn">
<msg time="2024-05-27T01:04:34.990239" level="INFO">{'results': [{'gender': 'female', 'name': {'title': 'Ms', 'first': 'Brankica', 'last': 'Babić'}, 'location': {'street': {'number': 2216, 'name': 'Vojna Pošta'}, 'city': 'Niš', 'state': 'Central Banat', 'country': 'Serbia', 'postcode': 74551, 'coordinates': {'latitude': '56.1107', 'longitude': '73.9365'}, 'timezone': {'offset': '+4:00', 'description': 'Abu Dhabi, Muscat, Baku, Tbilisi'}}, 'email': 'brankica.babic@example.com', 'login': {'uuid': '20f93e81-b3fd-4b70-9882-2529731ae79e', 'username': 'blackdog426', 'password': 'kristian', 'salt': 'm81SCc1I', 'md5': '7d281a1aa041eb9cd2226cb01e97082b', 'sha1': '079a4f4a97e3344627d6bcf5b6ca5af4f60259e4', 'sha256': '7f3936b000a0cb39cc49767146d27588548b489d983142e26a2ed8ed067ebf22'}, 'dob': {'date': '1952-03-13T01:13:07.526Z', 'age': 72}, 'registered': {'date': '2013-09-14T12:55:09.272Z', 'age': 10}, 'phone': '011-6845-820', 'cell': '065-8517-161', 'id': {'name': 'SID', 'value': '752004891'}, 'picture': {'large': 'https://randomuser.me/api/portraits/women/46.jpg', 'medium': 'https://randomuser.me/api/portraits/med/women/46.jpg', 'thumbnail': 'https://randomuser.me/api/portraits/thumb/women/46.jpg'}, 'nat': 'RS'}], 'info': {'seed': '80b30d28c6c4f350', 'results': 1, 'page': 1, 'version': '1.4'}}</msg>
<arg>${json_data}</arg>
<doc>Logs the given message with the given level.</doc>
<status status="PASS" start="2024-05-27T01:04:34.990078" elapsed="0.000211"/>
</kw>
<kw name="Dictionary Should Contain Key" owner="Collections">
<msg time="2024-05-27T01:04:34.990748" level="INFO">False</msg>
<arg>${json_data}</arg>
<arg>results</arg>
<doc>Fails if ``key`` is not found from ``dictionary``.</doc>
<status status="PASS" start="2024-05-27T01:04:34.990589" elapsed="0.000207"/>
</kw>
<kw name="Should Not Be Empty" owner="BuiltIn">
<msg time="2024-05-27T01:04:34.991235" level="INFO">Length is 2.</msg>
<arg>${json_data}</arg>
<doc>Verifies that the given item is not empty.</doc>
<status status="PASS" start="2024-05-27T01:04:34.991095" elapsed="0.000210"/>
</kw>
<kw name="Create List" owner="BuiltIn">
<msg time="2024-05-27T01:04:34.991769" level="INFO">${expected_keys} = ['gender', 'name', 'location', 'email', 'login']</msg>
<var>${expected_keys}</var>
<arg>gender</arg>
<arg>name</arg>
<arg>location</arg>
<arg>email</arg>
<arg>login</arg>
<doc>Returns a list containing given items.</doc>
<status status="PASS" start="2024-05-27T01:04:34.991618" elapsed="0.000176"/>
</kw>
<for flavor="IN">
<iter>
<kw name="Dictionary Should Contain Key" owner="Collections">
<msg time="2024-05-27T01:04:34.992783" level="INFO">False</msg>
<arg>${json_data['results'][0]}</arg>
<arg>${key}</arg>
<doc>Fails if ``key`` is not found from ``dictionary``.</doc>
<status status="PASS" start="2024-05-27T01:04:34.992367" elapsed="0.000456"/>
</kw>
<kw name="Log" owner="BuiltIn">
<msg time="2024-05-27T01:04:34.993537" level="INFO">{'gender': 'female', 'name': {'title': 'Ms', 'first': 'Brankica', 'last': 'Babić'}, 'location': {'street': {'number': 2216, 'name': 'Vojna Pošta'}, 'city': 'Niš', 'state': 'Central Banat', 'country': 'Serbia', 'postcode': 74551, 'coordinates': {'latitude': '56.1107', 'longitude': '73.9365'}, 'timezone': {'offset': '+4:00', 'description': 'Abu Dhabi, Muscat, Baku, Tbilisi'}}, 'email': 'brankica.babic@example.com', 'login': {'uuid': '20f93e81-b3fd-4b70-9882-2529731ae79e', 'username': 'blackdog426', 'password': 'kristian', 'salt': 'm81SCc1I', 'md5': '7d281a1aa041eb9cd2226cb01e97082b', 'sha1': '079a4f4a97e3344627d6bcf5b6ca5af4f60259e4', 'sha256': '7f3936b000a0cb39cc49767146d27588548b489d983142e26a2ed8ed067ebf22'}, 'dob': {'date': '1952-03-13T01:13:07.526Z', 'age': 72}, 'registered': {'date': '2013-09-14T12:55:09.272Z', 'age': 10}, 'phone': '011-6845-820', 'cell': '065-8517-161', 'id': {'name': 'SID', 'value': '752004891'}, 'picture': {'large': 'https://randomuser.me/api/portraits/women/46.jpg', 'medium': 'https://randomuser.me/api/portraits/med/women/46.jpg', 'thumbnail': 'https://randomuser.me/api/portraits/thumb/women/46.jpg'}, 'nat': 'RS'}</msg>
<arg>${json_data['results'][0]}</arg>
<doc>Logs the given message with the given level.</doc>
<status status="PASS" start="2024-05-27T01:04:34.993165" elapsed="0.000425"/>
</kw>
<kw name="Log" owner="BuiltIn">
<msg time="2024-05-27T01:04:34.994030" level="INFO">gender</msg>
<arg>${key}</arg>
<doc>Logs the given message with the given level.</doc>
<status status="PASS" start="2024-05-27T01:04:34.993898" elapsed="0.000170"/>
</kw>
<var name="${key}">gender</var>
<status status="PASS" start="2024-05-27T01:04:34.992240" elapsed="0.002048"/>
</iter>
<iter>
<kw name="Dictionary Should Contain Key" owner="Collections">
<msg time="2024-05-27T01:04:34.994985" level="INFO">False</msg>
<arg>${json_data['results'][0]}</arg>
<arg>${key}</arg>
<doc>Fails if ``key`` is not found from ``dictionary``.</doc>
<status status="PASS" start="2024-05-27T01:04:34.994596" elapsed="0.000437"/>
</kw>
<kw name="Log" owner="BuiltIn">
<msg time="2024-05-27T01:04:34.995751" level="INFO">{'gender': 'female', 'name': {'title': 'Ms', 'first': 'Brankica', 'last': 'Babić'}, 'location': {'street': {'number': 2216, 'name': 'Vojna Pošta'}, 'city': 'Niš', 'state': 'Central Banat', 'country': 'Serbia', 'postcode': 74551, 'coordinates': {'latitude': '56.1107', 'longitude': '73.9365'}, 'timezone': {'offset': '+4:00', 'description': 'Abu Dhabi, Muscat, Baku, Tbilisi'}}, 'email': 'brankica.babic@example.com', 'login': {'uuid': '20f93e81-b3fd-4b70-9882-2529731ae79e', 'username': 'blackdog426', 'password': 'kristian', 'salt': 'm81SCc1I', 'md5': '7d281a1aa041eb9cd2226cb01e97082b', 'sha1': '079a4f4a97e3344627d6bcf5b6ca5af4f60259e4', 'sha256': '7f3936b000a0cb39cc49767146d27588548b489d983142e26a2ed8ed067ebf22'}, 'dob': {'date': '1952-03-13T01:13:07.526Z', 'age': 72}, 'registered': {'date': '2013-09-14T12:55:09.272Z', 'age': 10}, 'phone': '011-6845-820', 'cell': '065-8517-161', 'id': {'name': 'SID', 'value': '752004891'}, 'picture': {'large': 'https://randomuser.me/api/portraits/women/46.jpg', 'medium': 'https://randomuser.me/api/portraits/med/women/46.jpg', 'thumbnail': 'https://randomuser.me/api/portraits/thumb/women/46.jpg'}, 'nat': 'RS'}</msg>
<arg>${json_data['results'][0]}</arg>
<doc>Logs the given message with the given level.</doc>
<status status="PASS" start="2024-05-27T01:04:34.995386" elapsed="0.000426"/>
</kw>
<kw name="Log" owner="BuiltIn">
<msg time="2024-05-27T01:04:34.996266" level="INFO">name</msg>
<arg>${key}</arg>
<doc>Logs the given message with the given level.</doc>
<status status="PASS" start="2024-05-27T01:04:34.996132" elapsed="0.000173"/>
</kw>
<var name="${key}">name</var>
<status status="PASS" start="2024-05-27T01:04:34.994478" elapsed="0.002051"/>
</iter>
<iter>
<kw name="Dictionary Should Contain Key" owner="Collections">
<msg time="2024-05-27T01:04:34.997272" level="INFO">False</msg>
<arg>${json_data['results'][0]}</arg>
<arg>${key}</arg>
<doc>Fails if ``key`` is not found from ``dictionary``.</doc>
<status status="PASS" start="2024-05-27T01:04:34.996852" elapsed="0.000458"/>
</kw>
<kw name="Log" owner="BuiltIn">
<msg time="2024-05-27T01:04:34.997996" level="INFO">{'gender': 'female', 'name': {'title': 'Ms', 'first': 'Brankica', 'last': 'Babić'}, 'location': {'street': {'number': 2216, 'name': 'Vojna Pošta'}, 'city': 'Niš', 'state': 'Central Banat', 'country': 'Serbia', 'postcode': 74551, 'coordinates': {'latitude': '56.1107', 'longitude': '73.9365'}, 'timezone': {'offset': '+4:00', 'description': 'Abu Dhabi, Muscat, Baku, Tbilisi'}}, 'email': 'brankica.babic@example.com', 'login': {'uuid': '20f93e81-b3fd-4b70-9882-2529731ae79e', 'username': 'blackdog426', 'password': 'kristian', 'salt': 'm81SCc1I', 'md5': '7d281a1aa041eb9cd2226cb01e97082b', 'sha1': '079a4f4a97e3344627d6bcf5b6ca5af4f60259e4', 'sha256': '7f3936b000a0cb39cc49767146d27588548b489d983142e26a2ed8ed067ebf22'}, 'dob': {'date': '1952-03-13T01:13:07.526Z', 'age': 72}, 'registered': {'date': '2013-09-14T12:55:09.272Z', 'age': 10}, 'phone': '011-6845-820', 'cell': '065-8517-161', 'id': {'name': 'SID', 'value': '752004891'}, 'picture': {'large': 'https://randomuser.me/api/portraits/women/46.jpg', 'medium': 'https://randomuser.me/api/portraits/med/women/46.jpg', 'thumbnail': 'https://randomuser.me/api/portraits/thumb/women/46.jpg'}, 'nat': 'RS'}</msg>
<arg>${json_data['results'][0]}</arg>
<doc>Logs the given message with the given level.</doc>
<status status="PASS" start="2024-05-27T01:04:34.997618" elapsed="0.000429"/>
</kw>
<kw name="Log" owner="BuiltIn">
<msg time="2024-05-27T01:04:34.998487" level="INFO">location</msg>
<arg>${key}</arg>
<doc>Logs the given message with the given level.</doc>
<status status="PASS" start="2024-05-27T01:04:34.998356" elapsed="0.000169"/>
</kw>
<var name="${key}">location</var>
<status status="PASS" start="2024-05-27T01:04:34.996721" elapsed="0.002020"/>
</iter>
<iter>
<kw name="Dictionary Should Contain Key" owner="Collections">
<msg time="2024-05-27T01:04:34.999572" level="INFO">False</msg>
<arg>${json_data['results'][0]}</arg>
<arg>${key}</arg>
<doc>Fails if ``key`` is not found from ``dictionary``.</doc>
<status status="PASS" start="2024-05-27T01:04:34.999054" elapsed="0.000558"/>
</kw>
<kw name="Log" owner="BuiltIn">
<msg time="2024-05-27T01:04:35.000295" level="INFO">{'gender': 'female', 'name': {'title': 'Ms', 'first': 'Brankica', 'last': 'Babić'}, 'location': {'street': {'number': 2216, 'name': 'Vojna Pošta'}, 'city': 'Niš', 'state': 'Central Banat', 'country': 'Serbia', 'postcode': 74551, 'coordinates': {'latitude': '56.1107', 'longitude': '73.9365'}, 'timezone': {'offset': '+4:00', 'description': 'Abu Dhabi, Muscat, Baku, Tbilisi'}}, 'email': 'brankica.babic@example.com', 'login': {'uuid': '20f93e81-b3fd-4b70-9882-2529731ae79e', 'username': 'blackdog426', 'password': 'kristian', 'salt': 'm81SCc1I', 'md5': '7d281a1aa041eb9cd2226cb01e97082b', 'sha1': '079a4f4a97e3344627d6bcf5b6ca5af4f60259e4', 'sha256': '7f3936b000a0cb39cc49767146d27588548b489d983142e26a2ed8ed067ebf22'}, 'dob': {'date': '1952-03-13T01:13:07.526Z', 'age': 72}, 'registered': {'date': '2013-09-14T12:55:09.272Z', 'age': 10}, 'phone': '011-6845-820', 'cell': '065-8517-161', 'id': {'name': 'SID', 'value': '752004891'}, 'picture': {'large': 'https://randomuser.me/api/portraits/women/46.jpg', 'medium': 'https://randomuser.me/api/portraits/med/women/46.jpg', 'thumbnail': 'https://randomuser.me/api/portraits/thumb/women/46.jpg'}, 'nat': 'RS'}</msg>
<arg>${json_data['results'][0]}</arg>
<doc>Logs the given message with the given level.</doc>
<status status="PASS" start="2024-05-27T01:04:34.999918" elapsed="0.000430"/>
</kw>
<kw name="Log" owner="BuiltIn">
<msg time="2024-05-27T01:04:35.000784" level="INFO">email</msg>
<arg>${key}</arg>
<doc>Logs the given message with the given level.</doc>
<status status="PASS" start="2024-05-27T01:04:35.000652" elapsed="0.000170"/>
</kw>
<var name="${key}">email</var>
<status status="PASS" start="2024-05-27T01:04:34.998919" elapsed="0.002136"/>
</iter>
<iter>
<kw name="Dictionary Should Contain Key" owner="Collections">
<msg time="2024-05-27T01:04:35.001754" level="INFO">False</msg>
<arg>${json_data['results'][0]}</arg>
<arg>${key}</arg>
<doc>Fails if ``key`` is not found from ``dictionary``.</doc>
<status status="PASS" start="2024-05-27T01:04:35.001372" elapsed="0.000419"/>
</kw>
<kw name="Log" owner="BuiltIn">
<msg time="2024-05-27T01:04:35.002476" level="INFO">{'gender': 'female', 'name': {'title': 'Ms', 'first': 'Brankica', 'last': 'Babić'}, 'location': {'street': {'number': 2216, 'name': 'Vojna Pošta'}, 'city': 'Niš', 'state': 'Central Banat', 'country': 'Serbia', 'postcode': 74551, 'coordinates': {'latitude': '56.1107', 'longitude': '73.9365'}, 'timezone': {'offset': '+4:00', 'description': 'Abu Dhabi, Muscat, Baku, Tbilisi'}}, 'email': 'brankica.babic@example.com', 'login': {'uuid': '20f93e81-b3fd-4b70-9882-2529731ae79e', 'username': 'blackdog426', 'password': 'kristian', 'salt': 'm81SCc1I', 'md5': '7d281a1aa041eb9cd2226cb01e97082b', 'sha1': '079a4f4a97e3344627d6bcf5b6ca5af4f60259e4', 'sha256': '7f3936b000a0cb39cc49767146d27588548b489d983142e26a2ed8ed067ebf22'}, 'dob': {'date': '1952-03-13T01:13:07.526Z', 'age': 72}, 'registered': {'date': '2013-09-14T12:55:09.272Z', 'age': 10}, 'phone': '011-6845-820', 'cell': '065-8517-161', 'id': {'name': 'SID', 'value': '752004891'}, 'picture': {'large': 'https://randomuser.me/api/portraits/women/46.jpg', 'medium': 'https://randomuser.me/api/portraits/med/women/46.jpg', 'thumbnail': 'https://randomuser.me/api/portraits/thumb/women/46.jpg'}, 'nat': 'RS'}</msg>
<arg>${json_data['results'][0]}</arg>
<doc>Logs the given message with the given level.</doc>
<status status="PASS" start="2024-05-27T01:04:35.002094" elapsed="0.000436"/>
</kw>
<kw name="Log" owner="BuiltIn">
<msg time="2024-05-27T01:04:35.002963" level="INFO">login</msg>
<arg>${key}</arg>
<doc>Logs the given message with the given level.</doc>
<status status="PASS" start="2024-05-27T01:04:35.002833" elapsed="0.000169"/>
</kw>
<var name="${key}">login</var>
<status status="PASS" start="2024-05-27T01:04:35.001257" elapsed="0.001994"/>
</iter>
<var>${key}</var>
<value>@{expected_keys}</value>
<status status="PASS" start="2024-05-27T01:04:34.992055" elapsed="0.011347"/>
</for>
<kw name="Create List" owner="BuiltIn">
<msg time="2024-05-27T01:04:35.003738" level="INFO">${expected_keysTwo} = ['username', 'password']</msg>
<var>${expected_keysTwo}</var>
<arg>username</arg>
<arg>password</arg>
<doc>Returns a list containing given items.</doc>
<status status="PASS" start="2024-05-27T01:04:35.003599" elapsed="0.000163"/>
</kw>
<for flavor="IN">
<iter>
<kw name="Dictionary Should Contain Key" owner="Collections">
<msg time="2024-05-27T01:04:35.004657" level="INFO">False</msg>
<arg>${json_data['results'][0]['login']}</arg>
<arg>${keyTwo}</arg>
<doc>Fails if ``key`` is not found from ``dictionary``.</doc>
<status status="PASS" start="2024-05-27T01:04:35.004264" elapsed="0.000431"/>
</kw>
<kw name="Dictionary Should Contain Key" owner="Collections">
<msg time="2024-05-27T01:04:35.005384" level="INFO">False</msg>
<arg>${json_data['results'][0]['login']}</arg>
<arg>${keyTwo}</arg>
<doc>Fails if ``key`` is not found from ``dictionary``.</doc>
<status status="PASS" start="2024-05-27T01:04:35.004997" elapsed="0.000426"/>
</kw>
<kw name="Log" owner="BuiltIn">
<msg time="2024-05-27T01:04:35.005850" level="INFO">username</msg>
<arg>${keyTwo}</arg>
<doc>Logs the given message with the given level.</doc>
<status status="PASS" start="2024-05-27T01:04:35.005721" elapsed="0.000166"/>
</kw>
<var name="${keyTwo}">username</var>
<status status="PASS" start="2024-05-27T01:04:35.004152" elapsed="0.001950"/>
</iter>
<iter>
<kw name="Dictionary Should Contain Key" owner="Collections">
<msg time="2024-05-27T01:04:35.006768" level="INFO">False</msg>
<arg>${json_data['results'][0]['login']}</arg>
<arg>${keyTwo}</arg>
<doc>Fails if ``key`` is not found from ``dictionary``.</doc>
<status status="PASS" start="2024-05-27T01:04:35.006388" elapsed="0.000418"/>
</kw>
<kw name="Dictionary Should Contain Key" owner="Collections">
<msg time="2024-05-27T01:04:35.007527" level="INFO">False</msg>
<arg>${json_data['results'][0]['login']}</arg>
<arg>${keyTwo}</arg>
<doc>Fails if ``key`` is not found from ``dictionary``.</doc>
<status status="PASS" start="2024-05-27T01:04:35.007116" elapsed="0.000448"/>
</kw>
<kw name="Log" owner="BuiltIn">
<msg time="2024-05-27T01:04:35.007998" level="INFO">password</msg>
<arg>${keyTwo}</arg>
<doc>Logs the given message with the given level.</doc>
<status status="PASS" start="2024-05-27T01:04:35.007868" elapsed="0.000168"/>
</kw>
<var name="${keyTwo}">password</var>
<status status="PASS" start="2024-05-27T01:04:35.006277" elapsed="0.001974"/>
</iter>
<var>${keyTwo}</var>
<value>@{expected_keysTwo}</value>
<status status="PASS" start="2024-05-27T01:04:35.004000" elapsed="0.004374"/>
</for>
<status status="PASS" start="2024-05-27T01:04:34.901229" elapsed="0.107285"/>
</kw>
<doc>Testa a estrutura da resposta da API.</doc>
<tag>testeEstruturaResposta</tag>
<status status="PASS" start="2024-05-27T01:04:34.900756" elapsed="0.107908"/>
</test>
<test id="s1-s1-t4" name="Validar tipos de dados" line="28">
<kw name="Teste de Tipos de Dados" owner="random-user-service">
<kw name="GET On Session" owner="RequestsLibrary">
<msg time="2024-05-27T01:04:35.084378" level="INFO">GET Request : url=https://randomuser.me/api 
 path_url=/api 
 headers={'User-Agent': 'python-requests/2.32.2', 'Accept-Encoding': 'gzip, deflate', 'Accept': '*/*', 'Connection': 'keep-alive'} 
 body=None 
 </msg>
<msg time="2024-05-27T01:04:35.084447" level="INFO">GET Response : url=https://randomuser.me/api 
 status=200, reason=OK 
 headers={'Date': 'Mon, 27 May 2024 01:04:35 GMT', 'Content-Type': 'application/json; charset=utf-8', 'Transfer-Encoding': 'chunked', 'Connection': 'keep-alive', 'X-Powered-By': 'Express', 'Access-Control-Allow-Origin': '*', 'Cache-Control': 'no-cache', 'ETag': 'W/"4a8-r2aZ32xIgXbs+jUOj+SPVmIZrZA"', 'Vary': 'Accept-Encoding', 'Content-Encoding': 'gzip', 'CF-Cache-Status': 'DYNAMIC', 'Report-To': '{"endpoints":[{"url":"https:\\/\\/a.nel.cloudflare.com\\/report\\/v4?s=cmKVJ%2FNICUyO0k6IX7CuYoFh6FsaOlzvl4SKdnXdm1Nos%2FuQPSXp1CE6xjz%2BO9rSaIeo0m4dbBP4sNVxWRZwsXdMAHyjkvqHRMDg8OXfARDgKT3fS0GvMTB%2BR%2Fn2rNuV"}],"group":"cf-nel","max_age":604800}', 'NEL': '{"success_fraction":0,"report_to":"cf-nel","max_age":604800}', 'Server': 'cloudflare', 'CF-RAY': '88a2177adc5e1fdd-IAD', 'alt-svc': 'h3=":443"; ma=86400'} 
 body={"results":[{"gender":"female","name":{"title":"Mrs","first":"Carolyn","last":"Morris"},"location":{"street":{"number":9844,"name":"Fairview St"},"city":"Independence","state":"Nebraska","country":"United States","postcode":34322,"coordinates":{"latitude":"87.7478","longitude":"111.1477"},"timezone":{"offset":"-4:00","description":"Atlantic Time (Canada), Caracas, La Paz"}},"email":"carolyn.morris@example.com","login":{"uuid":"2984f468-4f2b-4829-99af-db91fe6510d3","username":"yellowsnake743","password":"newbie","salt":"9jTHiMgM","md5":"7f3356235048e57d84cc2966585323bc","sha1":"91f5f3ba81ed47b002ecf946ce1d4ad1885dfc2f","sha256":"e8bd7cde7a5f0754091af5a40cf16a7ce77d443d7faf1996ad1e01f5e9677f2f"},"dob":{"date":"1979-09-12T02:21:48.802Z","age":44},"registered":{"date":"2004-05-14T22:46:04.103Z","age":20},"phone":"(943) 208-2406","cell":"(384) 329-7404","id":{"name":"SSN","value":"237-69-3988"},"picture":{"large":"https://randomuser.me/api/portraits/women/96.jpg","medium":"https://randomuser.me/api/portraits/med/women/96.jpg","thumbnail":"https://randomuser.me/api/portraits/thumb/women/96.jpg"},"nat":"US"}],"info":{"seed":"e2fd1f22ff259d3f","results":1,"page":1,"version":"1.4"}} 
 </msg>
<msg time="2024-05-27T01:04:35.084504" level="INFO">/opt/hostedtoolcache/Python/3.12.3/x64/lib/python3.12/site-packages/urllib3/connectionpool.py:1103: InsecureRequestWarning: Unverified HTTPS request is being made to host 'randomuser.me'. Adding certificate verification is strongly advised. See: https://urllib3.readthedocs.io/en/latest/advanced-usage.html#tls-warnings
  warnings.warn(</msg>
<msg time="2024-05-27T01:04:35.084608" level="INFO">${response} = &lt;Response [200]&gt;</msg>
<var>${response}</var>
<arg>consultarAPI</arg>
<arg>/api</arg>
<doc>Sends a GET request on a previously created HTTP Session.</doc>
<status status="PASS" start="2024-05-27T01:04:35.011163" elapsed="0.073485"/>
</kw>
<kw name="Set Variable" owner="BuiltIn">
<msg time="2024-05-27T01:04:35.085460" level="INFO">${json_data} = {'results': [{'gender': 'female', 'name': {'title': 'Mrs', 'first': 'Carolyn', 'last': 'Morris'}, 'location': {'street': {'number': 9844, 'name': 'Fairview St'}, 'city': 'Independence', 'state': 'Nebr...</msg>
<var>${json_data}</var>
<arg>${response.json()}</arg>
<doc>Returns the given values which can then be assigned to a variables.</doc>
<status status="PASS" start="2024-05-27T01:04:35.085001" elapsed="0.000490"/>
</kw>
<kw name="Log" owner="BuiltIn">
<msg time="2024-05-27T01:04:35.085959" level="INFO">{'results': [{'gender': 'female', 'name': {'title': 'Mrs', 'first': 'Carolyn', 'last': 'Morris'}, 'location': {'street': {'number': 9844, 'name': 'Fairview St'}, 'city': 'Independence', 'state': 'Nebraska', 'country': 'United States', 'postcode': 34322, 'coordinates': {'latitude': '87.7478', 'longitude': '111.1477'}, 'timezone': {'offset': '-4:00', 'description': 'Atlantic Time (Canada), Caracas, La Paz'}}, 'email': 'carolyn.morris@example.com', 'login': {'uuid': '2984f468-4f2b-4829-99af-db91fe6510d3', 'username': 'yellowsnake743', 'password': 'newbie', 'salt': '9jTHiMgM', 'md5': '7f3356235048e57d84cc2966585323bc', 'sha1': '91f5f3ba81ed47b002ecf946ce1d4ad1885dfc2f', 'sha256': 'e8bd7cde7a5f0754091af5a40cf16a7ce77d443d7faf1996ad1e01f5e9677f2f'}, 'dob': {'date': '1979-09-12T02:21:48.802Z', 'age': 44}, 'registered': {'date': '2004-05-14T22:46:04.103Z', 'age': 20}, 'phone': '(943) 208-2406', 'cell': '(384) 329-7404', 'id': {'name': 'SSN', 'value': '237-69-3988'}, 'picture': {'large': 'https://randomuser.me/api/portraits/women/96.jpg', 'medium': 'https://randomuser.me/api/portraits/med/women/96.jpg', 'thumbnail': 'https://randomuser.me/api/portraits/thumb/women/96.jpg'}, 'nat': 'US'}], 'info': {'seed': 'e2fd1f22ff259d3f', 'results': 1, 'page': 1, 'version': '1.4'}}</msg>
<arg>${json_data}</arg>
<doc>Logs the given message with the given level.</doc>
<status status="PASS" start="2024-05-27T01:04:35.085802" elapsed="0.000240"/>
</kw>
<kw name="Should Be String" owner="String">
<arg>${json_data['results'][0]['gender']}</arg>
<doc>Fails if the given ``item`` is not a string.</doc>
<status status="PASS" start="2024-05-27T01:04:35.086345" elapsed="0.000368"/>
</kw>
<kw name="Should Match Regexp" owner="BuiltIn">
<arg>${json_data['results'][0]['email']}</arg>
<arg>^[a-zA-Z0-9._%+-]+@[a-zA-Z0-9.-]+\.[a-zA-Z]{2,}$</arg>
<doc>Fails if ``string`` does not match ``pattern`` as a regular expression.</doc>
<status status="PASS" start="2024-05-27T01:04:35.086910" elapsed="0.000663"/>
</kw>
<kw name="Should Match Regexp" owner="BuiltIn">
<arg>${json_data['results'][0]['dob']['date']}</arg>
<arg>\\d{4}-\\d{2}-\\d{2}T\\d{2}:\\d{2}:\\d{2}\\.\\d{3}Z</arg>
<doc>Fails if ``string`` does not match ``pattern`` as a regular expression.</doc>
<status status="PASS" start="2024-05-27T01:04:35.087779" elapsed="0.000490"/>
</kw>
<kw name="Should Match Regexp" owner="BuiltIn">
<arg>${json_data['results'][0]['registered']['date']}</arg>
<arg>\\d{4}-\\d{2}-\\d{2}T\\d{2}:\\d{2}:\\d{2}\\.\\d{3}Z</arg>
<doc>Fails if ``string`` does not match ``pattern`` as a regular expression.</doc>
<status status="PASS" start="2024-05-27T01:04:35.088465" elapsed="0.000366"/>
</kw>
<kw name="Should Match Regexp" owner="BuiltIn">
<arg>${json_data['results'][0]['picture']['large']}</arg>
<arg>^https?://.*\.(?:png|jpe?g|gif|bmp)$</arg>
<doc>Fails if ``string`` does not match ``pattern`` as a regular expression.</doc>
<status status="PASS" start="2024-05-27T01:04:35.089021" elapsed="0.000461"/>
</kw>
<kw name="Should Match Regexp" owner="BuiltIn">
<arg>${json_data['results'][0]['picture']['medium']}</arg>
<arg>^https?://.*\.(?:png|jpe?g|gif|bmp)$</arg>
<doc>Fails if ``string`` does not match ``pattern`` as a regular expression.</doc>
<status status="PASS" start="2024-05-27T01:04:35.089673" elapsed="0.000356"/>
</kw>
<kw name="Should Match Regexp" owner="BuiltIn">
<arg>${json_data['results'][0]['picture']['thumbnail']}</arg>
<arg>^https?://.*\.(?:png|jpe?g|gif|bmp)$</arg>
<doc>Fails if ``string`` does not match ``pattern`` as a regular expression.</doc>
<status status="PASS" start="2024-05-27T01:04:35.090221" elapsed="0.000359"/>
</kw>
<kw name="Log" owner="BuiltIn">
<msg time="2024-05-27T01:04:35.091099" level="INFO">{'large': 'https://randomuser.me/api/portraits/women/96.jpg', 'medium': 'https://randomuser.me/api/portraits/med/women/96.jpg', 'thumbnail': 'https://randomuser.me/api/portraits/thumb/women/96.jpg'}</msg>
<arg>${json_data['results'][0]['picture']}</arg>
<doc>Logs the given message with the given level.</doc>
<status status="PASS" start="2024-05-27T01:04:35.090764" elapsed="0.000376"/>
</kw>
<status status="PASS" start="2024-05-27T01:04:35.010929" elapsed="0.080498"/>
</kw>
<kw name="Teste de Tipos de Dados - Postcode" owner="random-user-service">
<kw name="GET On Session" owner="RequestsLibrary">
<msg time="2024-05-27T01:04:35.189465" level="INFO">GET Request : url=https://randomuser.me/api 
 path_url=/api 
 headers={'User-Agent': 'python-requests/2.32.2', 'Accept-Encoding': 'gzip, deflate', 'Accept': '*/*', 'Connection': 'keep-alive'} 
 body=None 
 </msg>
<msg time="2024-05-27T01:04:35.189568" level="INFO">GET Response : url=https://randomuser.me/api 
 status=200, reason=OK 
 headers={'Date': 'Mon, 27 May 2024 01:04:35 GMT', 'Content-Type': 'application/json; charset=utf-8', 'Transfer-Encoding': 'chunked', 'Connection': 'keep-alive', 'X-Powered-By': 'Express', 'Access-Control-Allow-Origin': '*', 'Cache-Control': 'no-cache', 'ETag': 'W/"468-2qCUTI4U07lj2aPgkeDKXYP1szk"', 'Vary': 'Accept-Encoding', 'Content-Encoding': 'gzip', 'CF-Cache-Status': 'DYNAMIC', 'Report-To': '{"endpoints":[{"url":"https:\\/\\/a.nel.cloudflare.com\\/report\\/v4?s=p%2BBF7f5834b8Zxkuax7kgvK2BgHrEH9sLUfcbMxE0eXZxBwKVMbO73SGrTSwJV5Bj88Gv702DaoctskvF1O3%2FxnVkfP09rSz48vd40hUD7Jqjv%2FFQuhl25D9kxE2LIO9"}],"group":"cf-nel","max_age":604800}', 'NEL': '{"success_fraction":0,"report_to":"cf-nel","max_age":604800}', 'Server': 'cloudflare', 'CF-RAY': '88a2177b5ccb1fdd-IAD', 'alt-svc': 'h3=":443"; ma=86400'} 
 body={"results":[{"gender":"female","name":{"title":"Miss","first":"Ceyhan","last":"Çankaya"},"location":{"street":{"number":3200,"name":"Abanoz Sk"},"city":"Bolu","state":"Ankara","country":"Turkey","postcode":29485,"coordinates":{"latitude":"65.4836","longitude":"13.0065"},"timezone":{"offset":"+5:45","description":"Kathmandu"}},"email":"ceyhan.cankaya@example.com","login":{"uuid":"242c5621-388b-4c72-8b97-28e6b2b26f9e","username":"lazycat593","password":"matrix","salt":"HGUWDkIR","md5":"193fbdf7308961dc59b485c75605576f","sha1":"485107959b1a159dfb533694816cceac292ce5a5","sha256":"c15165b6e964bc9547b926525dbe6105a8fd5b44bbabe03d3fc0bbc22b7dab05"},"dob":{"date":"1996-08-23T16:15:35.886Z","age":27},"registered":{"date":"2009-12-08T07:07:00.784Z","age":14},"phone":"(171)-395-9390","cell":"(189)-488-9057","id":{"name":"","value":null},"picture":{"large":"https://randomuser.me/api/portraits/women/72.jpg","medium":"https://randomuser.me/api/portraits/med/women/72.jpg","thumbnail":"https://randomuser.me/api/portraits/thumb/women/72.jpg"},"nat":"TR"}],"info":{"seed":"3dbbb26a06479fc4","results":1,"page":1,"version":"1.4"}} 
 </msg>
<msg time="2024-05-27T01:04:35.189649" level="INFO">/opt/hostedtoolcache/Python/3.12.3/x64/lib/python3.12/site-packages/urllib3/connectionpool.py:1103: InsecureRequestWarning: Unverified HTTPS request is being made to host 'randomuser.me'. Adding certificate verification is strongly advised. See: https://urllib3.readthedocs.io/en/latest/advanced-usage.html#tls-warnings
  warnings.warn(</msg>
<msg time="2024-05-27T01:04:35.189804" level="INFO">${response} = &lt;Response [200]&gt;</msg>
<var>${response}</var>
<arg>consultarAPI</arg>
<arg>/api</arg>
<doc>Sends a GET request on a previously created HTTP Session.</doc>
<status status="PASS" start="2024-05-27T01:04:35.091877" elapsed="0.097982"/>
</kw>
<kw name="Set Variable" owner="BuiltIn">
<msg time="2024-05-27T01:04:35.190925" level="INFO">${json_data} = {'results': [{'gender': 'female', 'name': {'title': 'Miss', 'first': 'Ceyhan', 'last': 'Çankaya'}, 'location': {'street': {'number': 3200, 'name': 'Abanoz Sk'}, 'city': 'Bolu', 'state': 'Ankara', 'cou...</msg>
<var>${json_data}</var>
<arg>${response.json()}</arg>
<doc>Returns the given values which can then be assigned to a variables.</doc>
<status status="PASS" start="2024-05-27T01:04:35.190392" elapsed="0.000564"/>
</kw>
<kw name="Log" owner="BuiltIn">
<msg time="2024-05-27T01:04:35.191493" level="INFO">{'results': [{'gender': 'female', 'name': {'title': 'Miss', 'first': 'Ceyhan', 'last': 'Çankaya'}, 'location': {'street': {'number': 3200, 'name': 'Abanoz Sk'}, 'city': 'Bolu', 'state': 'Ankara', 'country': 'Turkey', 'postcode': 29485, 'coordinates': {'latitude': '65.4836', 'longitude': '13.0065'}, 'timezone': {'offset': '+5:45', 'description': 'Kathmandu'}}, 'email': 'ceyhan.cankaya@example.com', 'login': {'uuid': '242c5621-388b-4c72-8b97-28e6b2b26f9e', 'username': 'lazycat593', 'password': 'matrix', 'salt': 'HGUWDkIR', 'md5': '193fbdf7308961dc59b485c75605576f', 'sha1': '485107959b1a159dfb533694816cceac292ce5a5', 'sha256': 'c15165b6e964bc9547b926525dbe6105a8fd5b44bbabe03d3fc0bbc22b7dab05'}, 'dob': {'date': '1996-08-23T16:15:35.886Z', 'age': 27}, 'registered': {'date': '2009-12-08T07:07:00.784Z', 'age': 14}, 'phone': '(171)-395-9390', 'cell': '(189)-488-9057', 'id': {'name': '', 'value': None}, 'picture': {'large': 'https://randomuser.me/api/portraits/women/72.jpg', 'medium': 'https://randomuser.me/api/portraits/med/women/72.jpg', 'thumbnail': 'https://randomuser.me/api/portraits/thumb/women/72.jpg'}, 'nat': 'TR'}], 'info': {'seed': '3dbbb26a06479fc4', 'results': 1, 'page': 1, 'version': '1.4'}}</msg>
<arg>${json_data}</arg>
<doc>Logs the given message with the given level.</doc>
<status status="PASS" start="2024-05-27T01:04:35.191316" elapsed="0.000261"/>
</kw>
<kw name="Should Be Equal As Numbers" owner="BuiltIn">
<arg>${json_data['results'][0]['location']['postcode']}</arg>
<arg>${json_data['results'][0]['location']['postcode']}</arg>
<doc>Fails if objects are unequal after converting them to real numbers.</doc>
<status status="PASS" start="2024-05-27T01:04:35.191896" elapsed="0.000640"/>
</kw>
<kw name="Log" owner="BuiltIn">
<msg time="2024-05-27T01:04:35.193075" level="INFO">29485</msg>
<arg>${json_data['results'][0]['location']['postcode']}</arg>
<doc>Logs the given message with the given level.</doc>
<status status="PASS" start="2024-05-27T01:04:35.192733" elapsed="0.000385"/>
</kw>
<status status="PASS" start="2024-05-27T01:04:35.091646" elapsed="0.101741"/>
</kw>
<doc>Testa se os tipos de dados na resposta da API estão corretos.</doc>
<tag>testeTiposDados</tag>
<status status="PASS" start="2024-05-27T01:04:35.010398" elapsed="0.183167"/>
</test>
<test id="s1-s1-t5" name="Validar conteudo" line="35">
<kw name="Teste de Tipos de Conteudo" owner="random-user-service">
<kw name="GET On Session" owner="RequestsLibrary">
<msg time="2024-05-27T01:04:35.292664" level="INFO">GET Request : url=https://randomuser.me/api 
 path_url=/api 
 headers={'User-Agent': 'python-requests/2.32.2', 'Accept-Encoding': 'gzip, deflate', 'Accept': '*/*', 'Connection': 'keep-alive'} 
 body=None 
 </msg>
<msg time="2024-05-27T01:04:35.292761" level="INFO">GET Response : url=https://randomuser.me/api 
 status=200, reason=OK 
 headers={'Date': 'Mon, 27 May 2024 01:04:35 GMT', 'Content-Type': 'application/json; charset=utf-8', 'Transfer-Encoding': 'chunked', 'Connection': 'keep-alive', 'X-Powered-By': 'Express', 'Access-Control-Allow-Origin': '*', 'Cache-Control': 'no-cache', 'ETag': 'W/"495-Gj0CetD0Di2Ax13bADYLO9fiFJE"', 'Vary': 'Accept-Encoding', 'Content-Encoding': 'gzip', 'CF-Cache-Status': 'DYNAMIC', 'Report-To': '{"endpoints":[{"url":"https:\\/\\/a.nel.cloudflare.com\\/report\\/v4?s=LPMMnSk9Me%2F7FbVaqNqYCcfBrsmZQWgNnvlzJxkBQ7Ik9i1gHRxoc99zQ9qPK60vrvKS2TdpwF3zhKKFd%2BhBM1xpielwL0CNTBvMInRUoS3jdibk%2BLZjc%2FPSIPc0zg4a"}],"group":"cf-nel","max_age":604800}', 'NEL': '{"success_fraction":0,"report_to":"cf-nel","max_age":604800}', 'Server': 'cloudflare', 'CF-RAY': '88a2177bfd831fdd-IAD', 'alt-svc': 'h3=":443"; ma=86400'} 
 body={"results":[{"gender":"male","name":{"title":"Mr","first":"Polyan","last":"Serezhenko"},"location":{"street":{"number":9661,"name":"Oboronna"},"city":"Znam'yanka","state":"Ivano-Frankivska","country":"Ukraine","postcode":93742,"coordinates":{"latitude":"77.9501","longitude":"-3.5805"},"timezone":{"offset":"+5:00","description":"Ekaterinburg, Islamabad, Karachi, Tashkent"}},"email":"polyan.serezhenko@example.com","login":{"uuid":"acafa55e-c13d-421b-b643-e7b9c629eabf","username":"crazyduck888","password":"heaven","salt":"XgoZkeRB","md5":"15d416c7db1b0b5081c796c95d8afeac","sha1":"4ea2708a2255f2b41c05288fbdb8d1382324b127","sha256":"6ab3cdd0e33f113718953b4a0b4211f07fa2ab837d740d1a385b751b1f8b243d"},"dob":{"date":"1971-04-25T17:52:26.465Z","age":53},"registered":{"date":"2016-06-12T20:49:03.206Z","age":7},"phone":"(098) K15-8679","cell":"(096) A81-5845","id":{"name":"","value":null},"picture":{"large":"https://randomuser.me/api/portraits/men/59.jpg","medium":"https://randomuser.me/api/portraits/med/men/59.jpg","thumbnail":"https://randomuser.me/api/portraits/thumb/men/59.jpg"},"nat":"UA"}],"info":{"seed":"6d4f4ca402e31802","results":1,"page":1,"version":"1.4"}} 
 </msg>
<msg time="2024-05-27T01:04:35.292831" level="INFO">/opt/hostedtoolcache/Python/3.12.3/x64/lib/python3.12/site-packages/urllib3/connectionpool.py:1103: InsecureRequestWarning: Unverified HTTPS request is being made to host 'randomuser.me'. Adding certificate verification is strongly advised. See: https://urllib3.readthedocs.io/en/latest/advanced-usage.html#tls-warnings
  warnings.warn(</msg>
<msg time="2024-05-27T01:04:35.292965" level="INFO">${response} = &lt;Response [200]&gt;</msg>
<var>${response}</var>
<arg>consultarAPI</arg>
<arg>/api</arg>
<doc>Sends a GET request on a previously created HTTP Session.</doc>
<status status="PASS" start="2024-05-27T01:04:35.196173" elapsed="0.096834"/>
</kw>
<kw name="Set Variable" owner="BuiltIn">
<msg time="2024-05-27T01:04:35.294044" level="INFO">${json_data} = {'results': [{'gender': 'male', 'name': {'title': 'Mr', 'first': 'Polyan', 'last': 'Serezhenko'}, 'location': {'street': {'number': 9661, 'name': 'Oboronna'}, 'city': "Znam'yanka", 'state': 'Ivano-Fra...</msg>
<var>${json_data}</var>
<arg>${response.json()}</arg>
<doc>Returns the given values which can then be assigned to a variables.</doc>
<status status="PASS" start="2024-05-27T01:04:35.293526" elapsed="0.000546"/>
</kw>
<kw name="Set Variable" owner="BuiltIn">
<msg time="2024-05-27T01:04:35.294768" level="INFO">${name_title} = Mr</msg>
<var>${name_title}</var>
<arg>${json_data["results"][0]["name"]["title"]}</arg>
<doc>Returns the given values which can then be assigned to a variables.</doc>
<status status="PASS" start="2024-05-27T01:04:35.294380" elapsed="0.000413"/>
</kw>
<kw name="Create List" owner="BuiltIn">
<msg time="2024-05-27T01:04:35.295245" level="INFO">${allowed_titles} = ['Mr', 'Ms', 'Miss', 'Mrs', 'Madame', 'Monsieur']</msg>
<var>${allowed_titles}</var>
<arg>Mr</arg>
<arg>Ms</arg>
<arg>Miss</arg>
<arg>Mrs</arg>
<arg>Madame</arg>
<arg>Monsieur</arg>
<doc>Returns a list containing given items.</doc>
<status status="PASS" start="2024-05-27T01:04:35.295095" elapsed="0.000174"/>
</kw>
<kw name="List Should Contain Value" owner="Collections">
<msg time="2024-05-27T01:04:35.295805" level="INFO">False</msg>
<arg>${allowed_titles}</arg>
<arg>${name_title}</arg>
<doc>Fails if the ``value`` is not found from ``list``.</doc>
<status status="PASS" start="2024-05-27T01:04:35.295618" elapsed="0.000225"/>
</kw>
<kw name="Set Variable" owner="BuiltIn">
<msg time="2024-05-27T01:04:35.296711" level="INFO">${name_country} = UA</msg>
<var>${name_country}</var>
<arg>${json_data["results"][0]["nat"]}</arg>
<doc>Returns the given values which can then be assigned to a variables.</doc>
<status status="PASS" start="2024-05-27T01:04:35.296139" elapsed="0.000598"/>
</kw>
<kw name="Create List" owner="BuiltIn">
<msg time="2024-05-27T01:04:35.297647" level="INFO">${list_country} = ['AD', 'AE', 'AF', 'AG', 'AI', 'AL', 'AM', 'AO', 'AQ', 'AR', 'AS', 'AT', 'AU', 'AW', 'AX', 'AZ', 'BA', 'BB', 'BD', 'BE', 'BF', 'BG', 'BH', 'BI', 'BJ', 'BL', 'BM', 'BN', 'BO', 'BQ', 'BR', 'BS', 'BT', '...</msg>
<var>${list_country}</var>
<arg>AD</arg>
<arg>AE</arg>
<arg>AF</arg>
<arg>AG</arg>
<arg>AI</arg>
<arg>AL</arg>
<arg>AM</arg>
<arg>AO</arg>
<arg>AQ</arg>
<arg>AR</arg>
<arg>AS</arg>
<arg>AT</arg>
<arg>AU</arg>
<arg>AW</arg>
<arg>AX</arg>
<arg>AZ</arg>
<arg>BA</arg>
<arg>BB</arg>
<arg>BD</arg>
<arg>BE</arg>
<arg>BF</arg>
<arg>BG</arg>
<arg>BH</arg>
<arg>BI</arg>
<arg>BJ</arg>
<arg>BL</arg>
<arg>BM</arg>
<arg>BN</arg>
<arg>BO</arg>
<arg>BQ</arg>
<arg>BR</arg>
<arg>BS</arg>
<arg>BT</arg>
<arg>BV</arg>
<arg>BW</arg>
<arg>BY</arg>
<arg>BZ</arg>
<arg>CA</arg>
<arg>CC</arg>
<arg>CD</arg>
<arg>CF</arg>
<arg>CG</arg>
<arg>CH</arg>
<arg>CI</arg>
<arg>CK</arg>
<arg>CL</arg>
<arg>CM</arg>
<arg>CN</arg>
<arg>CO</arg>
<arg>CR</arg>
<arg>CU</arg>
<arg>CV</arg>
<arg>CW</arg>
<arg>CX</arg>
<arg>CY</arg>
<arg>CZ</arg>
<arg>DE</arg>
<arg>DJ</arg>
<arg>DK</arg>
<arg>DM</arg>
<arg>DO</arg>
<arg>DZ</arg>
<arg>EC</arg>
<arg>EE</arg>
<arg>EG</arg>
<arg>EH</arg>
<arg>ER</arg>
<arg>ES</arg>
<arg>ET</arg>
<arg>FI</arg>
<arg>FJ</arg>
<arg>FK</arg>
<arg>FM</arg>
<arg>FO</arg>
<arg>FR</arg>
<arg>GA</arg>
<arg>GB</arg>
<arg>GD</arg>
<arg>GE</arg>
<arg>GF</arg>
<arg>GG</arg>
<arg>GH</arg>
<arg>GI</arg>
<arg>GL</arg>
<arg>GM</arg>
<arg>GN</arg>
<arg>GP</arg>
<arg>GQ</arg>
<arg>GR</arg>
<arg>GS</arg>
<arg>GT</arg>
<arg>GU</arg>
<arg>GW</arg>
<arg>GY</arg>
<arg>HK</arg>
<arg>HM</arg>
<arg>HN</arg>
<arg>HR</arg>
<arg>HT</arg>
<arg>HU</arg>
<arg>ID</arg>
<arg>IE</arg>
<arg>IL</arg>
<arg>IM</arg>
<arg>IN</arg>
<arg>IO</arg>
<arg>IQ</arg>
<arg>IR</arg>
<arg>IS</arg>
<arg>IT</arg>
<arg>JE</arg>
<arg>JM</arg>
<arg>JO</arg>
<arg>JP</arg>
<arg>KE</arg>
<arg>KG</arg>
<arg>KH</arg>
<arg>KI</arg>
<arg>KM</arg>
<arg>KN</arg>
<arg>KP</arg>
<arg>KR</arg>
<arg>KW</arg>
<arg>KY</arg>
<arg>KZ</arg>
<arg>LA</arg>
<arg>LB</arg>
<arg>LC</arg>
<arg>LI</arg>
<arg>LK</arg>
<arg>LR</arg>
<arg>LS</arg>
<arg>LT</arg>
<arg>LU</arg>
<arg>LV</arg>
<arg>LY</arg>
<arg>MA</arg>
<arg>MC</arg>
<arg>MD</arg>
<arg>ME</arg>
<arg>MF</arg>
<arg>MG</arg>
<arg>MH</arg>
<arg>MK</arg>
<arg>ML</arg>
<arg>MM</arg>
<arg>MN</arg>
<arg>MO</arg>
<arg>MP</arg>
<arg>MQ</arg>
<arg>MR</arg>
<arg>MS</arg>
<arg>MT</arg>
<arg>MU</arg>
<arg>MV</arg>
<arg>MW</arg>
<arg>MX</arg>
<arg>MY</arg>
<arg>MZ</arg>
<arg>NA</arg>
<arg>NC</arg>
<arg>NE</arg>
<arg>NF</arg>
<arg>NG</arg>
<arg>NI</arg>
<arg>NL</arg>
<arg>NO</arg>
<arg>NP</arg>
<arg>NR</arg>
<arg>NU</arg>
<arg>NZ</arg>
<arg>OM</arg>
<arg>PA</arg>
<arg>PE</arg>
<arg>PF</arg>
<arg>PG</arg>
<arg>PH</arg>
<arg>PK</arg>
<arg>PL</arg>
<arg>PM</arg>
<arg>PN</arg>
<arg>PR</arg>
<arg>PS</arg>
<arg>PT</arg>
<arg>PW</arg>
<arg>PY</arg>
<arg>QA</arg>
<arg>RE</arg>
<arg>RO</arg>
<arg>RS</arg>
<arg>RU</arg>
<arg>RW</arg>
<arg>SA</arg>
<arg>SB</arg>
<arg>SC</arg>
<arg>SD</arg>
<arg>SE</arg>
<arg>SG</arg>
<arg>SH</arg>
<arg>SI</arg>
<arg>SJ</arg>
<arg>SK</arg>
<arg>SL</arg>
<arg>SM</arg>
<arg>SN</arg>
<arg>SO</arg>
<arg>SR</arg>
<arg>SS</arg>
<arg>ST</arg>
<arg>SV</arg>
<arg>SX</arg>
<arg>SY</arg>
<arg>SZ</arg>
<arg>TC</arg>
<arg>TD</arg>
<arg>TF</arg>
<arg>TG</arg>
<arg>TH</arg>
<arg>TJ</arg>
<arg>TK</arg>
<arg>TL</arg>
<arg>TM</arg>
<arg>TN</arg>
<arg>TO</arg>
<arg>TR</arg>
<arg>TT</arg>
<arg>TV</arg>
<arg>TW</arg>
<arg>TZ</arg>
<arg>UA</arg>
<arg>UG</arg>
<arg>UM</arg>
<arg>US</arg>
<arg>UY</arg>
<arg>UZ</arg>
<arg>VA</arg>
<arg>VC</arg>
<arg>VE</arg>
<arg>VG</arg>
<arg>VI</arg>
<arg>VN</arg>
<arg>VU</arg>
<arg>WF</arg>
<arg>WS</arg>
<arg>XK</arg>
<arg>YE</arg>
<arg>YT</arg>
<arg>ZA</arg>
<arg>ZM</arg>
<arg>ZW</arg>
<doc>Returns a list containing given items.</doc>
<status status="PASS" start="2024-05-27T01:04:35.297049" elapsed="0.000624"/>
</kw>
<kw name="List Should Contain Value" owner="Collections">
<msg time="2024-05-27T01:04:35.298669" level="INFO">False</msg>
<arg>${list_country}</arg>
<arg>${name_country}</arg>
<doc>Fails if the ``value`` is not found from ``list``.</doc>
<status status="PASS" start="2024-05-27T01:04:35.298463" elapsed="0.000242"/>
</kw>
<kw name="Run Keyword If" owner="BuiltIn">
<kw name="Should Be True" owner="BuiltIn">
<arg>${True}</arg>
<doc>Fails if the given condition is not true.</doc>
<status status="PASS" start="2024-05-27T01:04:35.299811" elapsed="0.000148"/>
</kw>
<arg>${json_data["results"][0]["location"]["coordinates"]["latitude"]} &gt;= -90 and ${json_data["results"][0]["location"]["coordinates"]["latitude"]} &lt;= 90</arg>
<arg>Should Be True</arg>
<arg>${True}</arg>
<doc>Runs the given keyword with the given arguments, if ``condition`` is true.</doc>
<status status="PASS" start="2024-05-27T01:04:35.299023" elapsed="0.001064"/>
</kw>
<kw name="Run Keyword If" owner="BuiltIn">
<kw name="Should Be True" owner="BuiltIn">
<arg>${True}</arg>
<doc>Fails if the given condition is not true.</doc>
<status status="PASS" start="2024-05-27T01:04:35.300980" elapsed="0.000141"/>
</kw>
<arg>${json_data["results"][0]["location"]["coordinates"]["longitude"]} &gt;= -180 and ${json_data["results"][0]["location"]["coordinates"]["longitude"]} &lt;= 180</arg>
<arg>Should Be True</arg>
<arg>${True}</arg>
<doc>Runs the given keyword with the given arguments, if ``condition`` is true.</doc>
<status status="PASS" start="2024-05-27T01:04:35.300275" elapsed="0.000970"/>
</kw>
<status status="PASS" start="2024-05-27T01:04:35.195938" elapsed="0.105440"/>
</kw>
<doc>Testa o conteúdo específico dos campos retornados pela API.</doc>
<tag>testeConteudo</tag>
<status status="PASS" start="2024-05-27T01:04:35.195375" elapsed="0.106157"/>
</test>
<status status="PASS" start="2024-05-27T01:04:34.360669" elapsed="0.942874"/>
</suite>
<status status="PASS" start="2024-05-27T01:04:34.347162" elapsed="0.961691"/>
</suite>
<statistics>
<total>
<stat pass="5" fail="0" skip="0">All Tests</stat>
</total>
<tag>
<stat pass="1" fail="0" skip="0">testeConteudo</stat>
<stat pass="1" fail="0" skip="0">testeEstruturaResposta</stat>
<stat pass="1" fail="0" skip="0">testeRequisicaoBasica</stat>
<stat pass="1" fail="0" skip="0">testeTiposDados</stat>
</tag>
<suite>
<stat pass="5" fail="0" skip="0" id="s1" name="Tests">Tests</stat>
<stat pass="5" fail="0" skip="0" id="s1-s1" name="Random-User-Test">Tests.Random-User-Test</stat>
</suite>
</statistics>
<errors>
</errors>
</robot>
