<?xml version="1.0" encoding="UTF-8"?>
<robot generator="Robot 7.0.1 (Python 3.12.4 on linux)" generated="2024-07-11T13:18:34.929435" rpa="false" schemaversion="5">
<suite id="s1" name="Tests" source="/home/runner/work/ApiRandomUser/ApiRandomUser/RamdonUser/tests">
<suite id="s1-s1" name="Random-User-Test" source="/home/runner/work/ApiRandomUser/ApiRandomUser/RamdonUser/tests/random-user-test.robot">
<test id="s1-s1-t1" name="Conectar" line="13">
<kw name="Conectar API" owner="random-user-service">
<kw name="Create Session" owner="RequestsLibrary">
<msg time="2024-07-11T13:18:35.327182" level="INFO">Creating Session using : alias=consultarAPI, url=https://randomuser.me/, headers={},                     cookies={}, auth=None, timeout=None, proxies=None, verify=False,                     debug=0 </msg>
<arg>consultarAPI</arg>
<arg>${URL}</arg>
<doc>Create Session: create a HTTP session to a server</doc>
<status status="PASS" start="2024-07-11T13:18:35.326987" elapsed="0.000362"/>
</kw>
<status status="PASS" start="2024-07-11T13:18:35.326073" elapsed="0.001617"/>
</kw>
<status status="PASS" start="2024-07-11T13:18:35.325469" elapsed="0.002414"/>
</test>
<test id="s1-s1-t2" name="Validar retorno 200 e JSON Válido" line="16">
<kw name="Teste de Requisicao Basica" owner="random-user-service">
<kw name="GET On Session" owner="RequestsLibrary">
<msg time="2024-07-11T13:18:36.425922" level="INFO">GET Request : url=https://randomuser.me/api 
 path_url=/api 
 headers={'User-Agent': 'python-requests/2.32.3', 'Accept-Encoding': 'gzip, deflate', 'Accept': '*/*', 'Connection': 'keep-alive'} 
 body=None 
 </msg>
<msg time="2024-07-11T13:18:36.426040" level="INFO">GET Response : url=https://randomuser.me/api 
 status=200, reason=OK 
 headers={'Date': 'Thu, 11 Jul 2024 13:18:36 GMT', 'Content-Type': 'application/json; charset=utf-8', 'Transfer-Encoding': 'chunked', 'Connection': 'keep-alive', 'X-Powered-By': 'Express', 'Access-Control-Allow-Origin': '*', 'Cache-Control': 'no-cache', 'ETag': 'W/"4a4-r2KiN6bfqBe2LcI0z3M0hrMGar4"', 'Vary': 'Accept-Encoding', 'Content-Encoding': 'gzip', 'CF-Cache-Status': 'DYNAMIC', 'Report-To': '{"endpoints":[{"url":"https:\\/\\/a.nel.cloudflare.com\\/report\\/v4?s=EWFNmYg3C0C%2FgdE9baARI1rnCWhBxSv%2BeN9S4mThHhukNikJAMye8hQHK8muzlhd1JF7npEsUsuUpTqn%2FaLwH2%2BerZipbfv1kaJRSiMKG3z2iUI25SMFgqyo8VNaknwi"}],"group":"cf-nel","max_age":604800}', 'NEL': '{"success_fraction":0,"report_to":"cf-nel","max_age":604800}', 'Server': 'cloudflare', 'CF-RAY': '8a19148f09d91761-SJC', 'alt-svc': 'h3=":443"; ma=86400'} 
 body={"results":[{"gender":"female","name":{"title":"Mrs","first":"Morgane","last":"Leclerc"},"location":{"street":{"number":1296,"name":"Rue André-Gide"},"city":"Orléans","state":"Eure","country":"France","postcode":23712,"coordinates":{"latitude":"-13.4151","longitude":"154.5814"},"timezone":{"offset":"-6:00","description":"Central Time (US &amp; Canada), Mexico City"}},"email":"morgane.leclerc@example.com","login":{"uuid":"c85325a4-2e5c-4fce-8286-a6472653020d","username":"happymouse476","password":"lucy","salt":"4vW8V6Gl","md5":"e8d3a396169181406f95cdb0fd32ff97","sha1":"70d9b9503042116e922352a98c0e46d27373cc4c","sha256":"b4b6111b32ebe2216d704879e237f636caf2c21fa9254e5d375fb5f33cfe1867"},"dob":{"date":"1961-12-24T06:25:40.004Z","age":62},"registered":{"date":"2011-09-08T20:50:54.766Z","age":12},"phone":"03-32-01-08-41","cell":"06-19-75-62-93","id":{"name":"INSEE","value":"2611114059302 69"},"picture":{"large":"https://randomuser.me/api/portraits/women/15.jpg","medium":"https://randomuser.me/api/portraits/med/women/15.jpg","thumbnail":"https://randomuser.me/api/portraits/thumb/women/15.jpg"},"nat":"FR"}],"info":{"seed":"6d4a90b2dca07cbc","results":1,"page":1,"version":"1.4"}} 
 </msg>
<msg time="2024-07-11T13:18:36.426119" level="INFO">/opt/hostedtoolcache/Python/3.12.4/x64/lib/python3.12/site-packages/urllib3/connectionpool.py:1099: InsecureRequestWarning: Unverified HTTPS request is being made to host 'randomuser.me'. Adding certificate verification is strongly advised. See: https://urllib3.readthedocs.io/en/latest/advanced-usage.html#tls-warnings
  warnings.warn(</msg>
<msg time="2024-07-11T13:18:36.426242" level="INFO">${response} = &lt;Response [200]&gt;</msg>
<var>${response}</var>
<arg>consultarAPI</arg>
<arg>/api</arg>
<doc>Sends a GET request on a previously created HTTP Session.</doc>
<status status="PASS" start="2024-07-11T13:18:35.330587" elapsed="1.095697"/>
</kw>
<kw name="Should Be Equal As Numbers" owner="BuiltIn">
<msg time="2024-07-11T13:18:36.427294" level="INFO">Argument types are:
&lt;class 'int'&gt;
&lt;class 'str'&gt;</msg>
<arg>${response.status_code}</arg>
<arg>200</arg>
<doc>Fails if objects are unequal after converting them to real numbers.</doc>
<status status="PASS" start="2024-07-11T13:18:36.426808" elapsed="0.000549"/>
</kw>
<kw name="Log" owner="BuiltIn">
<msg time="2024-07-11T13:18:36.428018" level="INFO">200</msg>
<arg>${response.status_code}</arg>
<doc>Logs the given message with the given level.</doc>
<status status="PASS" start="2024-07-11T13:18:36.427674" elapsed="0.000386"/>
</kw>
<kw name="Set Variable" owner="BuiltIn">
<msg time="2024-07-11T13:18:36.428836" level="INFO">${json_data} = {'results': [{'gender': 'female', 'name': {'title': 'Mrs', 'first': 'Morgane', 'last': 'Leclerc'}, 'location': {'street': {'number': 1296, 'name': 'Rue André-Gide'}, 'city': 'Orléans', 'state': 'Eure'...</msg>
<var>${json_data}</var>
<arg>${response.json()}</arg>
<doc>Returns the given values which can then be assigned to a variables.</doc>
<status status="PASS" start="2024-07-11T13:18:36.428358" elapsed="0.000508"/>
</kw>
<kw name="Dictionary Should Contain Key" owner="Collections">
<arg>${json_data}</arg>
<arg>results</arg>
<doc>Fails if ``key`` is not found from ``dictionary``.</doc>
<status status="PASS" start="2024-07-11T13:18:36.429163" elapsed="0.000161"/>
</kw>
<status status="PASS" start="2024-07-11T13:18:35.330339" elapsed="1.099135"/>
</kw>
<doc>Testa se a API responde corretamente e retorna um objeto JSON válido.</doc>
<tag>testeRequisicaoBasica</tag>
<status status="PASS" start="2024-07-11T13:18:35.329796" elapsed="1.099844"/>
</test>
<test id="s1-s1-t3" name="Validar estrutura de resposta" line="22">
<kw name="Teste de Estrutura de Resposta" owner="random-user-service">
<kw name="GET On Session" owner="RequestsLibrary">
<msg time="2024-07-11T13:18:36.886815" level="INFO">GET Request : url=https://randomuser.me/api 
 path_url=/api 
 headers={'User-Agent': 'python-requests/2.32.3', 'Accept-Encoding': 'gzip, deflate', 'Accept': '*/*', 'Connection': 'keep-alive'} 
 body=None 
 </msg>
<msg time="2024-07-11T13:18:36.886883" level="INFO">GET Response : url=https://randomuser.me/api 
 status=200, reason=OK 
 headers={'Date': 'Thu, 11 Jul 2024 13:18:36 GMT', 'Content-Type': 'application/json; charset=utf-8', 'Transfer-Encoding': 'chunked', 'Connection': 'keep-alive', 'X-Powered-By': 'Express', 'Access-Control-Allow-Origin': '*', 'Cache-Control': 'no-cache', 'ETag': 'W/"487-isr00onh7pG3zbQ8tyrBlid7zeU"', 'Vary': 'Accept-Encoding', 'Content-Encoding': 'gzip', 'CF-Cache-Status': 'DYNAMIC', 'Report-To': '{"endpoints":[{"url":"https:\\/\\/a.nel.cloudflare.com\\/report\\/v4?s=azzxgbv2nmAE1Bvh4Y2UTL6ck%2Bvg39yloR8hiqmK3UTn%2BHjQY2asI5eEBFKW1BDSfKP1VVxsFDCMCPdAm3zVhxNI2CauBECYqN81CA8Xf16N81R7WsLkPwtDve4q7x1A"}],"group":"cf-nel","max_age":604800}', 'NEL': '{"success_fraction":0,"report_to":"cf-nel","max_age":604800}', 'Server': 'cloudflare', 'CF-RAY': '8a191495b83c1761-SJC', 'alt-svc': 'h3=":443"; ma=86400'} 
 body={"results":[{"gender":"female","name":{"title":"Ms","first":"Nurdan","last":"Alyanak"},"location":{"street":{"number":442,"name":"Abanoz Sk"},"city":"Bartın","state":"Aydın","country":"Turkey","postcode":42364,"coordinates":{"latitude":"70.9896","longitude":"119.3104"},"timezone":{"offset":"+5:30","description":"Bombay, Calcutta, Madras, New Delhi"}},"email":"nurdan.alyanak@example.com","login":{"uuid":"b1db06e1-50ac-45d8-a848-607319878266","username":"orangegorilla144","password":"devin","salt":"dNWwZHBH","md5":"f73a75b3d8fff86decbdd14c7857ac94","sha1":"454cc708adea3f8a2e3d19e3693913d03459f695","sha256":"928f18fca23ac27c137d587d89c3ed875c045d401b14b8c4d804b1d7895e29b1"},"dob":{"date":"1971-10-24T19:29:42.462Z","age":52},"registered":{"date":"2006-02-27T12:54:37.105Z","age":18},"phone":"(554)-513-3550","cell":"(357)-506-5147","id":{"name":"","value":null},"picture":{"large":"https://randomuser.me/api/portraits/women/10.jpg","medium":"https://randomuser.me/api/portraits/med/women/10.jpg","thumbnail":"https://randomuser.me/api/portraits/thumb/women/10.jpg"},"nat":"TR"}],"info":{"seed":"a952661c81f0e2c4","results":1,"page":1,"version":"1.4"}} 
 </msg>
<msg time="2024-07-11T13:18:36.886981" level="INFO">/opt/hostedtoolcache/Python/3.12.4/x64/lib/python3.12/site-packages/urllib3/connectionpool.py:1099: InsecureRequestWarning: Unverified HTTPS request is being made to host 'randomuser.me'. Adding certificate verification is strongly advised. See: https://urllib3.readthedocs.io/en/latest/advanced-usage.html#tls-warnings
  warnings.warn(</msg>
<msg time="2024-07-11T13:18:36.887074" level="INFO">${response} = &lt;Response [200]&gt;</msg>
<var>${response}</var>
<arg>consultarAPI</arg>
<arg>/api</arg>
<doc>Sends a GET request on a previously created HTTP Session.</doc>
<status status="PASS" start="2024-07-11T13:18:36.432233" elapsed="0.454877"/>
</kw>
<kw name="Set Variable" owner="BuiltIn">
<msg time="2024-07-11T13:18:36.888140" level="INFO">${json_data} = {'results': [{'gender': 'female', 'name': {'title': 'Ms', 'first': 'Nurdan', 'last': 'Alyanak'}, 'location': {'street': {'number': 442, 'name': 'Abanoz Sk'}, 'city': 'Bartın', 'state': 'Aydın', 'count...</msg>
<var>${json_data}</var>
<arg>${response.json()}</arg>
<doc>Returns the given values which can then be assigned to a variables.</doc>
<status status="PASS" start="2024-07-11T13:18:36.887575" elapsed="0.000595"/>
</kw>
<kw name="Log" owner="BuiltIn">
<msg time="2024-07-11T13:18:36.888680" level="INFO">{'results': [{'gender': 'female', 'name': {'title': 'Ms', 'first': 'Nurdan', 'last': 'Alyanak'}, 'location': {'street': {'number': 442, 'name': 'Abanoz Sk'}, 'city': 'Bartın', 'state': 'Aydın', 'country': 'Turkey', 'postcode': 42364, 'coordinates': {'latitude': '70.9896', 'longitude': '119.3104'}, 'timezone': {'offset': '+5:30', 'description': 'Bombay, Calcutta, Madras, New Delhi'}}, 'email': 'nurdan.alyanak@example.com', 'login': {'uuid': 'b1db06e1-50ac-45d8-a848-607319878266', 'username': 'orangegorilla144', 'password': 'devin', 'salt': 'dNWwZHBH', 'md5': 'f73a75b3d8fff86decbdd14c7857ac94', 'sha1': '454cc708adea3f8a2e3d19e3693913d03459f695', 'sha256': '928f18fca23ac27c137d587d89c3ed875c045d401b14b8c4d804b1d7895e29b1'}, 'dob': {'date': '1971-10-24T19:29:42.462Z', 'age': 52}, 'registered': {'date': '2006-02-27T12:54:37.105Z', 'age': 18}, 'phone': '(554)-513-3550', 'cell': '(357)-506-5147', 'id': {'name': '', 'value': None}, 'picture': {'large': 'https://randomuser.me/api/portraits/women/10.jpg', 'medium': 'https://randomuser.me/api/portraits/med/women/10.jpg', 'thumbnail': 'https://randomuser.me/api/portraits/thumb/women/10.jpg'}, 'nat': 'TR'}], 'info': {'seed': 'a952661c81f0e2c4', 'results': 1, 'page': 1, 'version': '1.4'}}</msg>
<arg>${json_data}</arg>
<doc>Logs the given message with the given level.</doc>
<status status="PASS" start="2024-07-11T13:18:36.888517" elapsed="0.000214"/>
</kw>
<kw name="Dictionary Should Contain Key" owner="Collections">
<arg>${json_data}</arg>
<arg>results</arg>
<doc>Fails if ``key`` is not found from ``dictionary``.</doc>
<status status="PASS" start="2024-07-11T13:18:36.889026" elapsed="0.000151"/>
</kw>
<kw name="Should Not Be Empty" owner="BuiltIn">
<msg time="2024-07-11T13:18:36.889490" level="INFO">Length is 2.</msg>
<arg>${json_data}</arg>
<doc>Verifies that the given item is not empty.</doc>
<status status="PASS" start="2024-07-11T13:18:36.889362" elapsed="0.000166"/>
</kw>
<kw name="Create List" owner="BuiltIn">
<msg time="2024-07-11T13:18:36.890082" level="INFO">${expected_keys} = ['gender', 'name', 'location', 'email', 'login']</msg>
<var>${expected_keys}</var>
<arg>gender</arg>
<arg>name</arg>
<arg>location</arg>
<arg>email</arg>
<arg>login</arg>
<doc>Returns a list containing given items.</doc>
<status status="PASS" start="2024-07-11T13:18:36.889812" elapsed="0.000294"/>
</kw>
<for flavor="IN">
<iter>
<kw name="Dictionary Should Contain Key" owner="Collections">
<arg>${json_data['results'][0]}</arg>
<arg>${key}</arg>
<doc>Fails if ``key`` is not found from ``dictionary``.</doc>
<status status="PASS" start="2024-07-11T13:18:36.890673" elapsed="0.000402"/>
</kw>
<kw name="Log" owner="BuiltIn">
<msg time="2024-07-11T13:18:36.891622" level="INFO">{'gender': 'female', 'name': {'title': 'Ms', 'first': 'Nurdan', 'last': 'Alyanak'}, 'location': {'street': {'number': 442, 'name': 'Abanoz Sk'}, 'city': 'Bartın', 'state': 'Aydın', 'country': 'Turkey', 'postcode': 42364, 'coordinates': {'latitude': '70.9896', 'longitude': '119.3104'}, 'timezone': {'offset': '+5:30', 'description': 'Bombay, Calcutta, Madras, New Delhi'}}, 'email': 'nurdan.alyanak@example.com', 'login': {'uuid': 'b1db06e1-50ac-45d8-a848-607319878266', 'username': 'orangegorilla144', 'password': 'devin', 'salt': 'dNWwZHBH', 'md5': 'f73a75b3d8fff86decbdd14c7857ac94', 'sha1': '454cc708adea3f8a2e3d19e3693913d03459f695', 'sha256': '928f18fca23ac27c137d587d89c3ed875c045d401b14b8c4d804b1d7895e29b1'}, 'dob': {'date': '1971-10-24T19:29:42.462Z', 'age': 52}, 'registered': {'date': '2006-02-27T12:54:37.105Z', 'age': 18}, 'phone': '(554)-513-3550', 'cell': '(357)-506-5147', 'id': {'name': '', 'value': None}, 'picture': {'large': 'https://randomuser.me/api/portraits/women/10.jpg', 'medium': 'https://randomuser.me/api/portraits/med/women/10.jpg', 'thumbnail': 'https://randomuser.me/api/portraits/thumb/women/10.jpg'}, 'nat': 'TR'}</msg>
<arg>${json_data['results'][0]}</arg>
<doc>Logs the given message with the given level.</doc>
<status status="PASS" start="2024-07-11T13:18:36.891262" elapsed="0.000413"/>
</kw>
<kw name="Log" owner="BuiltIn">
<msg time="2024-07-11T13:18:36.892107" level="INFO">gender</msg>
<arg>${key}</arg>
<doc>Logs the given message with the given level.</doc>
<status status="PASS" start="2024-07-11T13:18:36.891977" elapsed="0.000169"/>
</kw>
<var name="${key}">gender</var>
<status status="PASS" start="2024-07-11T13:18:36.890545" elapsed="0.001836"/>
</iter>
<iter>
<kw name="Dictionary Should Contain Key" owner="Collections">
<arg>${json_data['results'][0]}</arg>
<arg>${key}</arg>
<doc>Fails if ``key`` is not found from ``dictionary``.</doc>
<status status="PASS" start="2024-07-11T13:18:36.892689" elapsed="0.000388"/>
</kw>
<kw name="Log" owner="BuiltIn">
<msg time="2024-07-11T13:18:36.893618" level="INFO">{'gender': 'female', 'name': {'title': 'Ms', 'first': 'Nurdan', 'last': 'Alyanak'}, 'location': {'street': {'number': 442, 'name': 'Abanoz Sk'}, 'city': 'Bartın', 'state': 'Aydın', 'country': 'Turkey', 'postcode': 42364, 'coordinates': {'latitude': '70.9896', 'longitude': '119.3104'}, 'timezone': {'offset': '+5:30', 'description': 'Bombay, Calcutta, Madras, New Delhi'}}, 'email': 'nurdan.alyanak@example.com', 'login': {'uuid': 'b1db06e1-50ac-45d8-a848-607319878266', 'username': 'orangegorilla144', 'password': 'devin', 'salt': 'dNWwZHBH', 'md5': 'f73a75b3d8fff86decbdd14c7857ac94', 'sha1': '454cc708adea3f8a2e3d19e3693913d03459f695', 'sha256': '928f18fca23ac27c137d587d89c3ed875c045d401b14b8c4d804b1d7895e29b1'}, 'dob': {'date': '1971-10-24T19:29:42.462Z', 'age': 52}, 'registered': {'date': '2006-02-27T12:54:37.105Z', 'age': 18}, 'phone': '(554)-513-3550', 'cell': '(357)-506-5147', 'id': {'name': '', 'value': None}, 'picture': {'large': 'https://randomuser.me/api/portraits/women/10.jpg', 'medium': 'https://randomuser.me/api/portraits/med/women/10.jpg', 'thumbnail': 'https://randomuser.me/api/portraits/thumb/women/10.jpg'}, 'nat': 'TR'}</msg>
<arg>${json_data['results'][0]}</arg>
<doc>Logs the given message with the given level.</doc>
<status status="PASS" start="2024-07-11T13:18:36.893261" elapsed="0.000440"/>
</kw>
<kw name="Log" owner="BuiltIn">
<msg time="2024-07-11T13:18:36.894130" level="INFO">name</msg>
<arg>${key}</arg>
<doc>Logs the given message with the given level.</doc>
<status status="PASS" start="2024-07-11T13:18:36.894002" elapsed="0.000166"/>
</kw>
<var name="${key}">name</var>
<status status="PASS" start="2024-07-11T13:18:36.892579" elapsed="0.001805"/>
</iter>
<iter>
<kw name="Dictionary Should Contain Key" owner="Collections">
<arg>${json_data['results'][0]}</arg>
<arg>${key}</arg>
<doc>Fails if ``key`` is not found from ``dictionary``.</doc>
<status status="PASS" start="2024-07-11T13:18:36.894668" elapsed="0.000380"/>
</kw>
<kw name="Log" owner="BuiltIn">
<msg time="2024-07-11T13:18:36.895580" level="INFO">{'gender': 'female', 'name': {'title': 'Ms', 'first': 'Nurdan', 'last': 'Alyanak'}, 'location': {'street': {'number': 442, 'name': 'Abanoz Sk'}, 'city': 'Bartın', 'state': 'Aydın', 'country': 'Turkey', 'postcode': 42364, 'coordinates': {'latitude': '70.9896', 'longitude': '119.3104'}, 'timezone': {'offset': '+5:30', 'description': 'Bombay, Calcutta, Madras, New Delhi'}}, 'email': 'nurdan.alyanak@example.com', 'login': {'uuid': 'b1db06e1-50ac-45d8-a848-607319878266', 'username': 'orangegorilla144', 'password': 'devin', 'salt': 'dNWwZHBH', 'md5': 'f73a75b3d8fff86decbdd14c7857ac94', 'sha1': '454cc708adea3f8a2e3d19e3693913d03459f695', 'sha256': '928f18fca23ac27c137d587d89c3ed875c045d401b14b8c4d804b1d7895e29b1'}, 'dob': {'date': '1971-10-24T19:29:42.462Z', 'age': 52}, 'registered': {'date': '2006-02-27T12:54:37.105Z', 'age': 18}, 'phone': '(554)-513-3550', 'cell': '(357)-506-5147', 'id': {'name': '', 'value': None}, 'picture': {'large': 'https://randomuser.me/api/portraits/women/10.jpg', 'medium': 'https://randomuser.me/api/portraits/med/women/10.jpg', 'thumbnail': 'https://randomuser.me/api/portraits/thumb/women/10.jpg'}, 'nat': 'TR'}</msg>
<arg>${json_data['results'][0]}</arg>
<doc>Logs the given message with the given level.</doc>
<status status="PASS" start="2024-07-11T13:18:36.895231" elapsed="0.000400"/>
</kw>
<kw name="Log" owner="BuiltIn">
<msg time="2024-07-11T13:18:36.896058" level="INFO">location</msg>
<arg>${key}</arg>
<doc>Logs the given message with the given level.</doc>
<status status="PASS" start="2024-07-11T13:18:36.895931" elapsed="0.000164"/>
</kw>
<var name="${key}">location</var>
<status status="PASS" start="2024-07-11T13:18:36.894561" elapsed="0.001750"/>
</iter>
<iter>
<kw name="Dictionary Should Contain Key" owner="Collections">
<arg>${json_data['results'][0]}</arg>
<arg>${key}</arg>
<doc>Fails if ``key`` is not found from ``dictionary``.</doc>
<status status="PASS" start="2024-07-11T13:18:36.896649" elapsed="0.000390"/>
</kw>
<kw name="Log" owner="BuiltIn">
<msg time="2024-07-11T13:18:36.897572" level="INFO">{'gender': 'female', 'name': {'title': 'Ms', 'first': 'Nurdan', 'last': 'Alyanak'}, 'location': {'street': {'number': 442, 'name': 'Abanoz Sk'}, 'city': 'Bartın', 'state': 'Aydın', 'country': 'Turkey', 'postcode': 42364, 'coordinates': {'latitude': '70.9896', 'longitude': '119.3104'}, 'timezone': {'offset': '+5:30', 'description': 'Bombay, Calcutta, Madras, New Delhi'}}, 'email': 'nurdan.alyanak@example.com', 'login': {'uuid': 'b1db06e1-50ac-45d8-a848-607319878266', 'username': 'orangegorilla144', 'password': 'devin', 'salt': 'dNWwZHBH', 'md5': 'f73a75b3d8fff86decbdd14c7857ac94', 'sha1': '454cc708adea3f8a2e3d19e3693913d03459f695', 'sha256': '928f18fca23ac27c137d587d89c3ed875c045d401b14b8c4d804b1d7895e29b1'}, 'dob': {'date': '1971-10-24T19:29:42.462Z', 'age': 52}, 'registered': {'date': '2006-02-27T12:54:37.105Z', 'age': 18}, 'phone': '(554)-513-3550', 'cell': '(357)-506-5147', 'id': {'name': '', 'value': None}, 'picture': {'large': 'https://randomuser.me/api/portraits/women/10.jpg', 'medium': 'https://randomuser.me/api/portraits/med/women/10.jpg', 'thumbnail': 'https://randomuser.me/api/portraits/thumb/women/10.jpg'}, 'nat': 'TR'}</msg>
<arg>${json_data['results'][0]}</arg>
<doc>Logs the given message with the given level.</doc>
<status status="PASS" start="2024-07-11T13:18:36.897220" elapsed="0.000406"/>
</kw>
<kw name="Log" owner="BuiltIn">
<msg time="2024-07-11T13:18:36.898058" level="INFO">email</msg>
<arg>${key}</arg>
<doc>Logs the given message with the given level.</doc>
<status status="PASS" start="2024-07-11T13:18:36.897927" elapsed="0.000169"/>
</kw>
<var name="${key}">email</var>
<status status="PASS" start="2024-07-11T13:18:36.896540" elapsed="0.001770"/>
</iter>
<iter>
<kw name="Dictionary Should Contain Key" owner="Collections">
<arg>${json_data['results'][0]}</arg>
<arg>${key}</arg>
<doc>Fails if ``key`` is not found from ``dictionary``.</doc>
<status status="PASS" start="2024-07-11T13:18:36.898592" elapsed="0.000387"/>
</kw>
<kw name="Log" owner="BuiltIn">
<msg time="2024-07-11T13:18:36.899514" level="INFO">{'gender': 'female', 'name': {'title': 'Ms', 'first': 'Nurdan', 'last': 'Alyanak'}, 'location': {'street': {'number': 442, 'name': 'Abanoz Sk'}, 'city': 'Bartın', 'state': 'Aydın', 'country': 'Turkey', 'postcode': 42364, 'coordinates': {'latitude': '70.9896', 'longitude': '119.3104'}, 'timezone': {'offset': '+5:30', 'description': 'Bombay, Calcutta, Madras, New Delhi'}}, 'email': 'nurdan.alyanak@example.com', 'login': {'uuid': 'b1db06e1-50ac-45d8-a848-607319878266', 'username': 'orangegorilla144', 'password': 'devin', 'salt': 'dNWwZHBH', 'md5': 'f73a75b3d8fff86decbdd14c7857ac94', 'sha1': '454cc708adea3f8a2e3d19e3693913d03459f695', 'sha256': '928f18fca23ac27c137d587d89c3ed875c045d401b14b8c4d804b1d7895e29b1'}, 'dob': {'date': '1971-10-24T19:29:42.462Z', 'age': 52}, 'registered': {'date': '2006-02-27T12:54:37.105Z', 'age': 18}, 'phone': '(554)-513-3550', 'cell': '(357)-506-5147', 'id': {'name': '', 'value': None}, 'picture': {'large': 'https://randomuser.me/api/portraits/women/10.jpg', 'medium': 'https://randomuser.me/api/portraits/med/women/10.jpg', 'thumbnail': 'https://randomuser.me/api/portraits/thumb/women/10.jpg'}, 'nat': 'TR'}</msg>
<arg>${json_data['results'][0]}</arg>
<doc>Logs the given message with the given level.</doc>
<status status="PASS" start="2024-07-11T13:18:36.899164" elapsed="0.000403"/>
</kw>
<kw name="Log" owner="BuiltIn">
<msg time="2024-07-11T13:18:36.899991" level="INFO">login</msg>
<arg>${key}</arg>
<doc>Logs the given message with the given level.</doc>
<status status="PASS" start="2024-07-11T13:18:36.899865" elapsed="0.000163"/>
</kw>
<var name="${key}">login</var>
<status status="PASS" start="2024-07-11T13:18:36.898479" elapsed="0.001762"/>
</iter>
<var>${key}</var>
<value>@{expected_keys}</value>
<status status="PASS" start="2024-07-11T13:18:36.890364" elapsed="0.010017"/>
</for>
<kw name="Create List" owner="BuiltIn">
<msg time="2024-07-11T13:18:36.900725" level="INFO">${expected_keysTwo} = ['username', 'password']</msg>
<var>${expected_keysTwo}</var>
<arg>username</arg>
<arg>password</arg>
<doc>Returns a list containing given items.</doc>
<status status="PASS" start="2024-07-11T13:18:36.900584" elapsed="0.000165"/>
</kw>
<for flavor="IN">
<iter>
<kw name="Dictionary Should Contain Key" owner="Collections">
<arg>${json_data['results'][0]['login']}</arg>
<arg>${keyTwo}</arg>
<doc>Fails if ``key`` is not found from ``dictionary``.</doc>
<status status="PASS" start="2024-07-11T13:18:36.901272" elapsed="0.000386"/>
</kw>
<kw name="Dictionary Should Contain Key" owner="Collections">
<arg>${json_data['results'][0]['login']}</arg>
<arg>${keyTwo}</arg>
<doc>Fails if ``key`` is not found from ``dictionary``.</doc>
<status status="PASS" start="2024-07-11T13:18:36.901841" elapsed="0.000378"/>
</kw>
<kw name="Log" owner="BuiltIn">
<msg time="2024-07-11T13:18:36.902523" level="INFO">username</msg>
<arg>${keyTwo}</arg>
<doc>Logs the given message with the given level.</doc>
<status status="PASS" start="2024-07-11T13:18:36.902402" elapsed="0.000158"/>
</kw>
<var name="${keyTwo}">username</var>
<status status="PASS" start="2024-07-11T13:18:36.901166" elapsed="0.001612"/>
</iter>
<iter>
<kw name="Dictionary Should Contain Key" owner="Collections">
<arg>${json_data['results'][0]['login']}</arg>
<arg>${keyTwo}</arg>
<doc>Fails if ``key`` is not found from ``dictionary``.</doc>
<status status="PASS" start="2024-07-11T13:18:36.903056" elapsed="0.000386"/>
</kw>
<kw name="Dictionary Should Contain Key" owner="Collections">
<arg>${json_data['results'][0]['login']}</arg>
<arg>${keyTwo}</arg>
<doc>Fails if ``key`` is not found from ``dictionary``.</doc>
<status status="PASS" start="2024-07-11T13:18:36.903630" elapsed="0.000368"/>
</kw>
<kw name="Log" owner="BuiltIn">
<msg time="2024-07-11T13:18:36.904295" level="INFO">password</msg>
<arg>${keyTwo}</arg>
<doc>Logs the given message with the given level.</doc>
<status status="PASS" start="2024-07-11T13:18:36.904174" elapsed="0.000163"/>
</kw>
<var name="${keyTwo}">password</var>
<status status="PASS" start="2024-07-11T13:18:36.902950" elapsed="0.001743"/>
</iter>
<var>${keyTwo}</var>
<value>@{expected_keysTwo}</value>
<status status="PASS" start="2024-07-11T13:18:36.901013" elapsed="0.003803"/>
</for>
<status status="PASS" start="2024-07-11T13:18:36.432001" elapsed="0.472955"/>
</kw>
<doc>Testa a estrutura da resposta da API.</doc>
<tag>testeEstruturaResposta</tag>
<status status="PASS" start="2024-07-11T13:18:36.431412" elapsed="0.473687"/>
</test>
<test id="s1-s1-t4" name="Validar tipos de dados" line="28">
<kw name="Teste de Tipos de Dados" owner="random-user-service">
<kw name="GET On Session" owner="RequestsLibrary">
<msg time="2024-07-11T13:18:37.122368" level="INFO">GET Request : url=https://randomuser.me/api 
 path_url=/api 
 headers={'User-Agent': 'python-requests/2.32.3', 'Accept-Encoding': 'gzip, deflate', 'Accept': '*/*', 'Connection': 'keep-alive'} 
 body=None 
 </msg>
<msg time="2024-07-11T13:18:37.122454" level="INFO">GET Response : url=https://randomuser.me/api 
 status=200, reason=OK 
 headers={'Date': 'Thu, 11 Jul 2024 13:18:37 GMT', 'Content-Type': 'application/json; charset=utf-8', 'Transfer-Encoding': 'chunked', 'Connection': 'keep-alive', 'X-Powered-By': 'Express', 'Access-Control-Allow-Origin': '*', 'Cache-Control': 'no-cache', 'ETag': 'W/"4a0-o1rlLKVpDlQPw6cG2yWnJVGRgZ8"', 'Vary': 'Accept-Encoding', 'Content-Encoding': 'gzip', 'CF-Cache-Status': 'DYNAMIC', 'Report-To': '{"endpoints":[{"url":"https:\\/\\/a.nel.cloudflare.com\\/report\\/v4?s=7X6SS7Z6FTG8b9aFByArHpYopWcg1q5a0%2FVJVTDLg7BnLpGzhUj%2FA1d5yc8W4Hc3OYaPSAGoJmqsCaINYkOxEA287zHZCSaTr1O2i7XC0ZYpnRDagdtxQ0ZJt8SqorSq"}],"group":"cf-nel","max_age":604800}', 'NEL': '{"success_fraction":0,"report_to":"cf-nel","max_age":604800}', 'Server': 'cloudflare', 'CF-RAY': '8a191498bb081761-SJC', 'alt-svc': 'h3=":443"; ma=86400'} 
 body={"results":[{"gender":"female","name":{"title":"Mrs","first":"Kimberly","last":"Robertson"},"location":{"street":{"number":1419,"name":"O'Connell Street"},"city":"Drogheda","state":"South Dublin","country":"Ireland","postcode":46848,"coordinates":{"latitude":"2.7949","longitude":"165.0587"},"timezone":{"offset":"+1:00","description":"Brussels, Copenhagen, Madrid, Paris"}},"email":"kimberly.robertson@example.com","login":{"uuid":"9c77284d-6059-4a79-81e4-dee570f00a2e","username":"crazyswan895","password":"ultra","salt":"btJQEJXd","md5":"b3682323706182099bd9c40c11684d5a","sha1":"48fd8a0505efc0e08553aad499f08c5f4f392aa2","sha256":"85e81511afbdc94ee01b42be1f22a43d8c9564549c9de476b53e353de7a930a2"},"dob":{"date":"1995-01-02T20:29:28.413Z","age":29},"registered":{"date":"2008-07-13T02:07:36.815Z","age":15},"phone":"011-900-6191","cell":"081-203-4235","id":{"name":"PPS","value":"0938383T"},"picture":{"large":"https://randomuser.me/api/portraits/women/42.jpg","medium":"https://randomuser.me/api/portraits/med/women/42.jpg","thumbnail":"https://randomuser.me/api/portraits/thumb/women/42.jpg"},"nat":"IE"}],"info":{"seed":"4d7746867e785508","results":1,"page":1,"version":"1.4"}} 
 </msg>
<msg time="2024-07-11T13:18:37.122526" level="INFO">/opt/hostedtoolcache/Python/3.12.4/x64/lib/python3.12/site-packages/urllib3/connectionpool.py:1099: InsecureRequestWarning: Unverified HTTPS request is being made to host 'randomuser.me'. Adding certificate verification is strongly advised. See: https://urllib3.readthedocs.io/en/latest/advanced-usage.html#tls-warnings
  warnings.warn(</msg>
<msg time="2024-07-11T13:18:37.122643" level="INFO">${response} = &lt;Response [200]&gt;</msg>
<var>${response}</var>
<arg>consultarAPI</arg>
<arg>/api</arg>
<doc>Sends a GET request on a previously created HTTP Session.</doc>
<status status="PASS" start="2024-07-11T13:18:36.907585" elapsed="0.215114"/>
</kw>
<kw name="Set Variable" owner="BuiltIn">
<msg time="2024-07-11T13:18:37.123828" level="INFO">${json_data} = {'results': [{'gender': 'female', 'name': {'title': 'Mrs', 'first': 'Kimberly', 'last': 'Robertson'}, 'location': {'street': {'number': 1419, 'name': "O'Connell Street"}, 'city': 'Drogheda', 'state': ...</msg>
<var>${json_data}</var>
<arg>${response.json()}</arg>
<doc>Returns the given values which can then be assigned to a variables.</doc>
<status status="PASS" start="2024-07-11T13:18:37.123286" elapsed="0.000575"/>
</kw>
<kw name="Log" owner="BuiltIn">
<msg time="2024-07-11T13:18:37.124324" level="INFO">{'results': [{'gender': 'female', 'name': {'title': 'Mrs', 'first': 'Kimberly', 'last': 'Robertson'}, 'location': {'street': {'number': 1419, 'name': "O'Connell Street"}, 'city': 'Drogheda', 'state': 'South Dublin', 'country': 'Ireland', 'postcode': 46848, 'coordinates': {'latitude': '2.7949', 'longitude': '165.0587'}, 'timezone': {'offset': '+1:00', 'description': 'Brussels, Copenhagen, Madrid, Paris'}}, 'email': 'kimberly.robertson@example.com', 'login': {'uuid': '9c77284d-6059-4a79-81e4-dee570f00a2e', 'username': 'crazyswan895', 'password': 'ultra', 'salt': 'btJQEJXd', 'md5': 'b3682323706182099bd9c40c11684d5a', 'sha1': '48fd8a0505efc0e08553aad499f08c5f4f392aa2', 'sha256': '85e81511afbdc94ee01b42be1f22a43d8c9564549c9de476b53e353de7a930a2'}, 'dob': {'date': '1995-01-02T20:29:28.413Z', 'age': 29}, 'registered': {'date': '2008-07-13T02:07:36.815Z', 'age': 15}, 'phone': '011-900-6191', 'cell': '081-203-4235', 'id': {'name': 'PPS', 'value': '0938383T'}, 'picture': {'large': 'https://randomuser.me/api/portraits/women/42.jpg', 'medium': 'https://randomuser.me/api/portraits/med/women/42.jpg', 'thumbnail': 'https://randomuser.me/api/portraits/thumb/women/42.jpg'}, 'nat': 'IE'}], 'info': {'seed': '4d7746867e785508', 'results': 1, 'page': 1, 'version': '1.4'}}</msg>
<arg>${json_data}</arg>
<doc>Logs the given message with the given level.</doc>
<status status="PASS" start="2024-07-11T13:18:37.124172" elapsed="0.000233"/>
</kw>
<kw name="Should Be String" owner="String">
<arg>${json_data['results'][0]['gender']}</arg>
<doc>Fails if the given ``item`` is not a string.</doc>
<status status="PASS" start="2024-07-11T13:18:37.124717" elapsed="0.000353"/>
</kw>
<kw name="Should Match Regexp" owner="BuiltIn">
<arg>${json_data['results'][0]['email']}</arg>
<arg>^[a-zA-Z0-9._%+-]+@[a-zA-Z0-9.-]+\.[a-zA-Z]{2,}$</arg>
<doc>Fails if ``string`` does not match ``pattern`` as a regular expression.</doc>
<status status="PASS" start="2024-07-11T13:18:37.125254" elapsed="0.000501"/>
</kw>
<kw name="Should Match Regexp" owner="BuiltIn">
<arg>${json_data['results'][0]['dob']['date']}</arg>
<arg>\\d{4}-\\d{2}-\\d{2}T\\d{2}:\\d{2}:\\d{2}\\.\\d{3}Z</arg>
<doc>Fails if ``string`` does not match ``pattern`` as a regular expression.</doc>
<status status="PASS" start="2024-07-11T13:18:37.125982" elapsed="0.000491"/>
</kw>
<kw name="Should Match Regexp" owner="BuiltIn">
<arg>${json_data['results'][0]['registered']['date']}</arg>
<arg>\\d{4}-\\d{2}-\\d{2}T\\d{2}:\\d{2}:\\d{2}\\.\\d{3}Z</arg>
<doc>Fails if ``string`` does not match ``pattern`` as a regular expression.</doc>
<status status="PASS" start="2024-07-11T13:18:37.126663" elapsed="0.000361"/>
</kw>
<kw name="Should Match Regexp" owner="BuiltIn">
<arg>${json_data['results'][0]['picture']['large']}</arg>
<arg>^https?://.*\.(?:png|jpe?g|gif|bmp)$</arg>
<doc>Fails if ``string`` does not match ``pattern`` as a regular expression.</doc>
<status status="PASS" start="2024-07-11T13:18:37.127207" elapsed="0.000449"/>
</kw>
<kw name="Should Match Regexp" owner="BuiltIn">
<arg>${json_data['results'][0]['picture']['medium']}</arg>
<arg>^https?://.*\.(?:png|jpe?g|gif|bmp)$</arg>
<doc>Fails if ``string`` does not match ``pattern`` as a regular expression.</doc>
<status status="PASS" start="2024-07-11T13:18:37.127840" elapsed="0.000346"/>
</kw>
<kw name="Should Match Regexp" owner="BuiltIn">
<arg>${json_data['results'][0]['picture']['thumbnail']}</arg>
<arg>^https?://.*\.(?:png|jpe?g|gif|bmp)$</arg>
<doc>Fails if ``string`` does not match ``pattern`` as a regular expression.</doc>
<status status="PASS" start="2024-07-11T13:18:37.128391" elapsed="0.000380"/>
</kw>
<kw name="Log" owner="BuiltIn">
<msg time="2024-07-11T13:18:37.129293" level="INFO">{'large': 'https://randomuser.me/api/portraits/women/42.jpg', 'medium': 'https://randomuser.me/api/portraits/med/women/42.jpg', 'thumbnail': 'https://randomuser.me/api/portraits/thumb/women/42.jpg'}</msg>
<arg>${json_data['results'][0]['picture']}</arg>
<doc>Logs the given message with the given level.</doc>
<status status="PASS" start="2024-07-11T13:18:37.128959" elapsed="0.000377"/>
</kw>
<status status="PASS" start="2024-07-11T13:18:36.907367" elapsed="0.222226"/>
</kw>
<kw name="Teste de Tipos de Dados - Postcode" owner="random-user-service">
<kw name="GET On Session" owner="RequestsLibrary">
<msg time="2024-07-11T13:18:37.216834" level="INFO">GET Request : url=https://randomuser.me/api 
 path_url=/api 
 headers={'User-Agent': 'python-requests/2.32.3', 'Accept-Encoding': 'gzip, deflate', 'Accept': '*/*', 'Connection': 'keep-alive'} 
 body=None 
 </msg>
<msg time="2024-07-11T13:18:37.216919" level="INFO">GET Response : url=https://randomuser.me/api 
 status=200, reason=OK 
 headers={'Date': 'Thu, 11 Jul 2024 13:18:37 GMT', 'Content-Type': 'application/json; charset=utf-8', 'Transfer-Encoding': 'chunked', 'Connection': 'keep-alive', 'X-Powered-By': 'Express', 'Access-Control-Allow-Origin': '*', 'Cache-Control': 'no-cache', 'ETag': 'W/"49c-KErEb1RitSHTt2rEfYUxZeTBtDM"', 'Vary': 'Accept-Encoding', 'Content-Encoding': 'gzip', 'CF-Cache-Status': 'DYNAMIC', 'Report-To': '{"endpoints":[{"url":"https:\\/\\/a.nel.cloudflare.com\\/report\\/v4?s=oHgmaG2RSPFobzbBrj36iPj9JzzsyVi%2B3Xs30GcCTnkNV%2FnifKyS9tEhCVP0INT42YhpOEK5pdEZ799jmYRn0Ur9Bt4X1fcA0%2BxoWu0vaeVE%2FXc8%2Fr5rxUZrPfdTN2wf"}],"group":"cf-nel","max_age":604800}', 'NEL': '{"success_fraction":0,"report_to":"cf-nel","max_age":604800}', 'Server': 'cloudflare', 'CF-RAY': '8a19149a1c2c1761-SJC', 'alt-svc': 'h3=":443"; ma=86400'} 
 body={"results":[{"gender":"male","name":{"title":"Mr","first":"Anatole","last":"Andre"},"location":{"street":{"number":8721,"name":"Rue Abel-Hovelacque"},"city":"Versailles","state":"Val-de-Marne","country":"France","postcode":77521,"coordinates":{"latitude":"-21.4195","longitude":"-122.7099"},"timezone":{"offset":"+2:00","description":"Kaliningrad, South Africa"}},"email":"anatole.andre@example.com","login":{"uuid":"008d5fec-01c2-439a-af93-fa3aa87963db","username":"purpleduck970","password":"yeahbaby","salt":"cgXjnKOj","md5":"fef420b5e7ccda6fa765e6347d205076","sha1":"553e6011ae16b83548cfacd58cf5d53a054b8bdc","sha256":"1ac040ac6edaf87376692c04d437b9167b47f56552ff9813973fe4eedfc69277"},"dob":{"date":"1981-11-22T04:38:31.272Z","age":42},"registered":{"date":"2006-03-25T12:33:16.960Z","age":18},"phone":"04-54-63-28-76","cell":"06-33-63-26-78","id":{"name":"INSEE","value":"1811070582805 42"},"picture":{"large":"https://randomuser.me/api/portraits/men/63.jpg","medium":"https://randomuser.me/api/portraits/med/men/63.jpg","thumbnail":"https://randomuser.me/api/portraits/thumb/men/63.jpg"},"nat":"FR"}],"info":{"seed":"072ef287196c2cd9","results":1,"page":1,"version":"1.4"}} 
 </msg>
<msg time="2024-07-11T13:18:37.216993" level="INFO">/opt/hostedtoolcache/Python/3.12.4/x64/lib/python3.12/site-packages/urllib3/connectionpool.py:1099: InsecureRequestWarning: Unverified HTTPS request is being made to host 'randomuser.me'. Adding certificate verification is strongly advised. See: https://urllib3.readthedocs.io/en/latest/advanced-usage.html#tls-warnings
  warnings.warn(</msg>
<msg time="2024-07-11T13:18:37.217109" level="INFO">${response} = &lt;Response [200]&gt;</msg>
<var>${response}</var>
<arg>consultarAPI</arg>
<arg>/api</arg>
<doc>Sends a GET request on a previously created HTTP Session.</doc>
<status status="PASS" start="2024-07-11T13:18:37.130015" elapsed="0.087149"/>
</kw>
<kw name="Set Variable" owner="BuiltIn">
<msg time="2024-07-11T13:18:37.218223" level="INFO">${json_data} = {'results': [{'gender': 'male', 'name': {'title': 'Mr', 'first': 'Anatole', 'last': 'Andre'}, 'location': {'street': {'number': 8721, 'name': 'Rue Abel-Hovelacque'}, 'city': 'Versailles', 'state': 'Va...</msg>
<var>${json_data}</var>
<arg>${response.json()}</arg>
<doc>Returns the given values which can then be assigned to a variables.</doc>
<status status="PASS" start="2024-07-11T13:18:37.217675" elapsed="0.000577"/>
</kw>
<kw name="Log" owner="BuiltIn">
<msg time="2024-07-11T13:18:37.218723" level="INFO">{'results': [{'gender': 'male', 'name': {'title': 'Mr', 'first': 'Anatole', 'last': 'Andre'}, 'location': {'street': {'number': 8721, 'name': 'Rue Abel-Hovelacque'}, 'city': 'Versailles', 'state': 'Val-de-Marne', 'country': 'France', 'postcode': 77521, 'coordinates': {'latitude': '-21.4195', 'longitude': '-122.7099'}, 'timezone': {'offset': '+2:00', 'description': 'Kaliningrad, South Africa'}}, 'email': 'anatole.andre@example.com', 'login': {'uuid': '008d5fec-01c2-439a-af93-fa3aa87963db', 'username': 'purpleduck970', 'password': 'yeahbaby', 'salt': 'cgXjnKOj', 'md5': 'fef420b5e7ccda6fa765e6347d205076', 'sha1': '553e6011ae16b83548cfacd58cf5d53a054b8bdc', 'sha256': '1ac040ac6edaf87376692c04d437b9167b47f56552ff9813973fe4eedfc69277'}, 'dob': {'date': '1981-11-22T04:38:31.272Z', 'age': 42}, 'registered': {'date': '2006-03-25T12:33:16.960Z', 'age': 18}, 'phone': '04-54-63-28-76', 'cell': '06-33-63-26-78', 'id': {'name': 'INSEE', 'value': '1811070582805 42'}, 'picture': {'large': 'https://randomuser.me/api/portraits/men/63.jpg', 'medium': 'https://randomuser.me/api/portraits/med/men/63.jpg', 'thumbnail': 'https://randomuser.me/api/portraits/thumb/men/63.jpg'}, 'nat': 'FR'}], 'info': {'seed': '072ef287196c2cd9', 'results': 1, 'page': 1, 'version': '1.4'}}</msg>
<arg>${json_data}</arg>
<doc>Logs the given message with the given level.</doc>
<status status="PASS" start="2024-07-11T13:18:37.218569" elapsed="0.000200"/>
</kw>
<kw name="Should Be Equal As Numbers" owner="BuiltIn">
<arg>${json_data['results'][0]['location']['postcode']}</arg>
<arg>${json_data['results'][0]['location']['postcode']}</arg>
<doc>Fails if objects are unequal after converting them to real numbers.</doc>
<status status="PASS" start="2024-07-11T13:18:37.219057" elapsed="0.000616"/>
</kw>
<kw name="Log" owner="BuiltIn">
<msg time="2024-07-11T13:18:37.220319" level="INFO">77521</msg>
<arg>${json_data['results'][0]['location']['postcode']}</arg>
<doc>Logs the given message with the given level.</doc>
<status status="PASS" start="2024-07-11T13:18:37.219864" elapsed="0.000496"/>
</kw>
<status status="PASS" start="2024-07-11T13:18:37.129799" elapsed="0.090878"/>
</kw>
<doc>Testa se os tipos de dados na resposta da API estão corretos.</doc>
<tag>testeTiposDados</tag>
<status status="PASS" start="2024-07-11T13:18:36.906837" elapsed="0.313995"/>
</test>
<test id="s1-s1-t5" name="Validar conteudo" line="35">
<kw name="Teste de Tipos de Conteudo" owner="random-user-service">
<kw name="GET On Session" owner="RequestsLibrary">
<msg time="2024-07-11T13:18:37.321829" level="INFO">GET Request : url=https://randomuser.me/api 
 path_url=/api 
 headers={'User-Agent': 'python-requests/2.32.3', 'Accept-Encoding': 'gzip, deflate', 'Accept': '*/*', 'Connection': 'keep-alive'} 
 body=None 
 </msg>
<msg time="2024-07-11T13:18:37.321915" level="INFO">GET Response : url=https://randomuser.me/api 
 status=200, reason=OK 
 headers={'Date': 'Thu, 11 Jul 2024 13:18:37 GMT', 'Content-Type': 'application/json; charset=utf-8', 'Transfer-Encoding': 'chunked', 'Connection': 'keep-alive', 'X-Powered-By': 'Express', 'Access-Control-Allow-Origin': '*', 'Cache-Control': 'no-cache', 'ETag': 'W/"48d-hMm3NMByK+r09WaRdF+0d1aCYIw"', 'Vary': 'Accept-Encoding', 'Content-Encoding': 'gzip', 'CF-Cache-Status': 'DYNAMIC', 'Report-To': '{"endpoints":[{"url":"https:\\/\\/a.nel.cloudflare.com\\/report\\/v4?s=PrdnZK9P6aiLsTBx4tEOibep1Wi9SyazMoqKSf4hG%2FR9Cf0FRM3tlkEPmNLVC6u50xjLP7dYQdAQSxJKPD3v%2BJiWc8GCQQrd70UNjj%2F8BR4ZyMr0s%2F6%2BrVEiw0RKKsAe"}],"group":"cf-nel","max_age":604800}', 'NEL': '{"success_fraction":0,"report_to":"cf-nel","max_age":604800}', 'Server': 'cloudflare', 'CF-RAY': '8a19149aacb61761-SJC', 'alt-svc': 'h3=":443"; ma=86400'} 
 body={"results":[{"gender":"male","name":{"title":"Mr","first":"Toivo","last":"Karjala"},"location":{"street":{"number":601,"name":"Tehtaankatu"},"city":"Vörå","state":"Åland","country":"Finland","postcode":98477,"coordinates":{"latitude":"-29.1627","longitude":"-84.9771"},"timezone":{"offset":"+9:00","description":"Tokyo, Seoul, Osaka, Sapporo, Yakutsk"}},"email":"toivo.karjala@example.com","login":{"uuid":"d4e0efff-9708-43cf-9c13-211bf0a3bacf","username":"bigduck245","password":"rosemary","salt":"JBaInW0Z","md5":"85a7d34857a0d6266de7edf94e3224a9","sha1":"e80841ae01e47267a630fd154e232ace534ae885","sha256":"116cd3499adf4e47254240928eff0df3ef88863391429803a8d44546f727e817"},"dob":{"date":"1950-01-01T10:10:39.353Z","age":74},"registered":{"date":"2003-08-14T20:09:07.115Z","age":20},"phone":"09-062-767","cell":"049-754-22-25","id":{"name":"HETU","value":"NaNNA665undefined"},"picture":{"large":"https://randomuser.me/api/portraits/men/73.jpg","medium":"https://randomuser.me/api/portraits/med/men/73.jpg","thumbnail":"https://randomuser.me/api/portraits/thumb/men/73.jpg"},"nat":"FI"}],"info":{"seed":"d4ee76519237f208","results":1,"page":1,"version":"1.4"}} 
 </msg>
<msg time="2024-07-11T13:18:37.321991" level="INFO">/opt/hostedtoolcache/Python/3.12.4/x64/lib/python3.12/site-packages/urllib3/connectionpool.py:1099: InsecureRequestWarning: Unverified HTTPS request is being made to host 'randomuser.me'. Adding certificate verification is strongly advised. See: https://urllib3.readthedocs.io/en/latest/advanced-usage.html#tls-warnings
  warnings.warn(</msg>
<msg time="2024-07-11T13:18:37.322111" level="INFO">${response} = &lt;Response [200]&gt;</msg>
<var>${response}</var>
<arg>consultarAPI</arg>
<arg>/api</arg>
<doc>Sends a GET request on a previously created HTTP Session.</doc>
<status status="PASS" start="2024-07-11T13:18:37.223236" elapsed="0.098931"/>
</kw>
<kw name="Set Variable" owner="BuiltIn">
<msg time="2024-07-11T13:18:37.323265" level="INFO">${json_data} = {'results': [{'gender': 'male', 'name': {'title': 'Mr', 'first': 'Toivo', 'last': 'Karjala'}, 'location': {'street': {'number': 601, 'name': 'Tehtaankatu'}, 'city': 'Vörå', 'state': 'Åland', 'country'...</msg>
<var>${json_data}</var>
<arg>${response.json()}</arg>
<doc>Returns the given values which can then be assigned to a variables.</doc>
<status status="PASS" start="2024-07-11T13:18:37.322723" elapsed="0.000571"/>
</kw>
<kw name="Set Variable" owner="BuiltIn">
<msg time="2024-07-11T13:18:37.323986" level="INFO">${name_title} = Mr</msg>
<var>${name_title}</var>
<arg>${json_data["results"][0]["name"]["title"]}</arg>
<doc>Returns the given values which can then be assigned to a variables.</doc>
<status status="PASS" start="2024-07-11T13:18:37.323601" elapsed="0.000411"/>
</kw>
<kw name="Create List" owner="BuiltIn">
<msg time="2024-07-11T13:18:37.324505" level="INFO">${allowed_titles} = ['Mr', 'Ms', 'Miss', 'Mrs', 'Madame', 'Monsieur']</msg>
<var>${allowed_titles}</var>
<arg>Mr</arg>
<arg>Ms</arg>
<arg>Miss</arg>
<arg>Mrs</arg>
<arg>Madame</arg>
<arg>Monsieur</arg>
<doc>Returns a list containing given items.</doc>
<status status="PASS" start="2024-07-11T13:18:37.324306" elapsed="0.000225"/>
</kw>
<kw name="List Should Contain Value" owner="Collections">
<arg>${allowed_titles}</arg>
<arg>${name_title}</arg>
<doc>Fails if the ``value`` is not found from ``list``.</doc>
<status status="PASS" start="2024-07-11T13:18:37.324829" elapsed="0.000177"/>
</kw>
<kw name="Set Variable" owner="BuiltIn">
<msg time="2024-07-11T13:18:37.325550" level="INFO">${name_country} = FI</msg>
<var>${name_country}</var>
<arg>${json_data["results"][0]["nat"]}</arg>
<doc>Returns the given values which can then be assigned to a variables.</doc>
<status status="PASS" start="2024-07-11T13:18:37.325185" elapsed="0.000390"/>
</kw>
<kw name="Create List" owner="BuiltIn">
<msg time="2024-07-11T13:18:37.326456" level="INFO">${list_country} = ['AD', 'AE', 'AF', 'AG', 'AI', 'AL', 'AM', 'AO', 'AQ', 'AR', 'AS', 'AT', 'AU', 'AW', 'AX', 'AZ', 'BA', 'BB', 'BD', 'BE', 'BF', 'BG', 'BH', 'BI', 'BJ', 'BL', 'BM', 'BN', 'BO', 'BQ', 'BR', 'BS', 'BT', '...</msg>
<var>${list_country}</var>
<arg>AD</arg>
<arg>AE</arg>
<arg>AF</arg>
<arg>AG</arg>
<arg>AI</arg>
<arg>AL</arg>
<arg>AM</arg>
<arg>AO</arg>
<arg>AQ</arg>
<arg>AR</arg>
<arg>AS</arg>
<arg>AT</arg>
<arg>AU</arg>
<arg>AW</arg>
<arg>AX</arg>
<arg>AZ</arg>
<arg>BA</arg>
<arg>BB</arg>
<arg>BD</arg>
<arg>BE</arg>
<arg>BF</arg>
<arg>BG</arg>
<arg>BH</arg>
<arg>BI</arg>
<arg>BJ</arg>
<arg>BL</arg>
<arg>BM</arg>
<arg>BN</arg>
<arg>BO</arg>
<arg>BQ</arg>
<arg>BR</arg>
<arg>BS</arg>
<arg>BT</arg>
<arg>BV</arg>
<arg>BW</arg>
<arg>BY</arg>
<arg>BZ</arg>
<arg>CA</arg>
<arg>CC</arg>
<arg>CD</arg>
<arg>CF</arg>
<arg>CG</arg>
<arg>CH</arg>
<arg>CI</arg>
<arg>CK</arg>
<arg>CL</arg>
<arg>CM</arg>
<arg>CN</arg>
<arg>CO</arg>
<arg>CR</arg>
<arg>CU</arg>
<arg>CV</arg>
<arg>CW</arg>
<arg>CX</arg>
<arg>CY</arg>
<arg>CZ</arg>
<arg>DE</arg>
<arg>DJ</arg>
<arg>DK</arg>
<arg>DM</arg>
<arg>DO</arg>
<arg>DZ</arg>
<arg>EC</arg>
<arg>EE</arg>
<arg>EG</arg>
<arg>EH</arg>
<arg>ER</arg>
<arg>ES</arg>
<arg>ET</arg>
<arg>FI</arg>
<arg>FJ</arg>
<arg>FK</arg>
<arg>FM</arg>
<arg>FO</arg>
<arg>FR</arg>
<arg>GA</arg>
<arg>GB</arg>
<arg>GD</arg>
<arg>GE</arg>
<arg>GF</arg>
<arg>GG</arg>
<arg>GH</arg>
<arg>GI</arg>
<arg>GL</arg>
<arg>GM</arg>
<arg>GN</arg>
<arg>GP</arg>
<arg>GQ</arg>
<arg>GR</arg>
<arg>GS</arg>
<arg>GT</arg>
<arg>GU</arg>
<arg>GW</arg>
<arg>GY</arg>
<arg>HK</arg>
<arg>HM</arg>
<arg>HN</arg>
<arg>HR</arg>
<arg>HT</arg>
<arg>HU</arg>
<arg>ID</arg>
<arg>IE</arg>
<arg>IL</arg>
<arg>IM</arg>
<arg>IN</arg>
<arg>IO</arg>
<arg>IQ</arg>
<arg>IR</arg>
<arg>IS</arg>
<arg>IT</arg>
<arg>JE</arg>
<arg>JM</arg>
<arg>JO</arg>
<arg>JP</arg>
<arg>KE</arg>
<arg>KG</arg>
<arg>KH</arg>
<arg>KI</arg>
<arg>KM</arg>
<arg>KN</arg>
<arg>KP</arg>
<arg>KR</arg>
<arg>KW</arg>
<arg>KY</arg>
<arg>KZ</arg>
<arg>LA</arg>
<arg>LB</arg>
<arg>LC</arg>
<arg>LI</arg>
<arg>LK</arg>
<arg>LR</arg>
<arg>LS</arg>
<arg>LT</arg>
<arg>LU</arg>
<arg>LV</arg>
<arg>LY</arg>
<arg>MA</arg>
<arg>MC</arg>
<arg>MD</arg>
<arg>ME</arg>
<arg>MF</arg>
<arg>MG</arg>
<arg>MH</arg>
<arg>MK</arg>
<arg>ML</arg>
<arg>MM</arg>
<arg>MN</arg>
<arg>MO</arg>
<arg>MP</arg>
<arg>MQ</arg>
<arg>MR</arg>
<arg>MS</arg>
<arg>MT</arg>
<arg>MU</arg>
<arg>MV</arg>
<arg>MW</arg>
<arg>MX</arg>
<arg>MY</arg>
<arg>MZ</arg>
<arg>NA</arg>
<arg>NC</arg>
<arg>NE</arg>
<arg>NF</arg>
<arg>NG</arg>
<arg>NI</arg>
<arg>NL</arg>
<arg>NO</arg>
<arg>NP</arg>
<arg>NR</arg>
<arg>NU</arg>
<arg>NZ</arg>
<arg>OM</arg>
<arg>PA</arg>
<arg>PE</arg>
<arg>PF</arg>
<arg>PG</arg>
<arg>PH</arg>
<arg>PK</arg>
<arg>PL</arg>
<arg>PM</arg>
<arg>PN</arg>
<arg>PR</arg>
<arg>PS</arg>
<arg>PT</arg>
<arg>PW</arg>
<arg>PY</arg>
<arg>QA</arg>
<arg>RE</arg>
<arg>RO</arg>
<arg>RS</arg>
<arg>RU</arg>
<arg>RW</arg>
<arg>SA</arg>
<arg>SB</arg>
<arg>SC</arg>
<arg>SD</arg>
<arg>SE</arg>
<arg>SG</arg>
<arg>SH</arg>
<arg>SI</arg>
<arg>SJ</arg>
<arg>SK</arg>
<arg>SL</arg>
<arg>SM</arg>
<arg>SN</arg>
<arg>SO</arg>
<arg>SR</arg>
<arg>SS</arg>
<arg>ST</arg>
<arg>SV</arg>
<arg>SX</arg>
<arg>SY</arg>
<arg>SZ</arg>
<arg>TC</arg>
<arg>TD</arg>
<arg>TF</arg>
<arg>TG</arg>
<arg>TH</arg>
<arg>TJ</arg>
<arg>TK</arg>
<arg>TL</arg>
<arg>TM</arg>
<arg>TN</arg>
<arg>TO</arg>
<arg>TR</arg>
<arg>TT</arg>
<arg>TV</arg>
<arg>TW</arg>
<arg>TZ</arg>
<arg>UA</arg>
<arg>UG</arg>
<arg>UM</arg>
<arg>US</arg>
<arg>UY</arg>
<arg>UZ</arg>
<arg>VA</arg>
<arg>VC</arg>
<arg>VE</arg>
<arg>VG</arg>
<arg>VI</arg>
<arg>VN</arg>
<arg>VU</arg>
<arg>WF</arg>
<arg>WS</arg>
<arg>XK</arg>
<arg>YE</arg>
<arg>YT</arg>
<arg>ZA</arg>
<arg>ZM</arg>
<arg>ZW</arg>
<doc>Returns a list containing given items.</doc>
<status status="PASS" start="2024-07-11T13:18:37.325866" elapsed="0.000616"/>
</kw>
<kw name="List Should Contain Value" owner="Collections">
<arg>${list_country}</arg>
<arg>${name_country}</arg>
<doc>Fails if the ``value`` is not found from ``list``.</doc>
<status status="PASS" start="2024-07-11T13:18:37.327265" elapsed="0.000202"/>
</kw>
<kw name="Run Keyword If" owner="BuiltIn">
<kw name="Should Be True" owner="BuiltIn">
<arg>${True}</arg>
<doc>Fails if the given condition is not true.</doc>
<status status="PASS" start="2024-07-11T13:18:37.328420" elapsed="0.000145"/>
</kw>
<arg>${json_data["results"][0]["location"]["coordinates"]["latitude"]} &gt;= -90 and ${json_data["results"][0]["location"]["coordinates"]["latitude"]} &lt;= 90</arg>
<arg>Should Be True</arg>
<arg>${True}</arg>
<doc>Runs the given keyword with the given arguments, if ``condition`` is true.</doc>
<status status="PASS" start="2024-07-11T13:18:37.327661" elapsed="0.001028"/>
</kw>
<kw name="Run Keyword If" owner="BuiltIn">
<kw name="Should Be True" owner="BuiltIn">
<arg>${True}</arg>
<doc>Fails if the given condition is not true.</doc>
<status status="PASS" start="2024-07-11T13:18:37.329576" elapsed="0.000233"/>
</kw>
<arg>${json_data["results"][0]["location"]["coordinates"]["longitude"]} &gt;= -180 and ${json_data["results"][0]["location"]["coordinates"]["longitude"]} &lt;= 180</arg>
<arg>Should Be True</arg>
<arg>${True}</arg>
<doc>Runs the given keyword with the given arguments, if ``condition`` is true.</doc>
<status status="PASS" start="2024-07-11T13:18:37.328878" elapsed="0.001062"/>
</kw>
<status status="PASS" start="2024-07-11T13:18:37.223021" elapsed="0.107049"/>
</kw>
<doc>Testa o conteúdo específico dos campos retornados pela API.</doc>
<tag>testeConteudo</tag>
<status status="PASS" start="2024-07-11T13:18:37.222534" elapsed="0.107676"/>
</test>
<status status="PASS" start="2024-07-11T13:18:34.988766" elapsed="2.343367"/>
</suite>
<status status="PASS" start="2024-07-11T13:18:34.974234" elapsed="2.362913"/>
</suite>
<statistics>
<total>
<stat pass="5" fail="0" skip="0">All Tests</stat>
</total>
<tag>
<stat pass="1" fail="0" skip="0">testeConteudo</stat>
<stat pass="1" fail="0" skip="0">testeEstruturaResposta</stat>
<stat pass="1" fail="0" skip="0">testeRequisicaoBasica</stat>
<stat pass="1" fail="0" skip="0">testeTiposDados</stat>
</tag>
<suite>
<stat pass="5" fail="0" skip="0" id="s1" name="Tests">Tests</stat>
<stat pass="5" fail="0" skip="0" id="s1-s1" name="Random-User-Test">Tests.Random-User-Test</stat>
</suite>
</statistics>
<errors>
</errors>
</robot>
