<?xml version="1.0" encoding="UTF-8"?>
<robot generator="Robot 7.0 (Python 3.12.3 on linux)" generated="2024-05-13T08:19:17.462817" rpa="false" schemaversion="5">
<suite id="s1" name="Tests" source="/home/runner/work/DesafioQAItauRogerioJordao/DesafioQAItauRogerioJordao/RamdonUser/tests">
<suite id="s1-s1" name="Random-User-Test" source="/home/runner/work/DesafioQAItauRogerioJordao/DesafioQAItauRogerioJordao/RamdonUser/tests/random-user-test.robot">
<test id="s1-s1-t1" name="Conectar" line="13">
<kw name="Conectar API" owner="random-user-service">
<kw name="Create Session" owner="RequestsLibrary">
<msg time="2024-05-13T08:19:17.886485" level="INFO">Creating Session using : alias=consultarAPI, url=https://randomuser.me/, headers={},                     cookies={}, auth=None, timeout=None, proxies=None, verify=False,                     debug=0 </msg>
<arg>consultarAPI</arg>
<arg>${URL}</arg>
<doc>Create Session: create a HTTP session to a server</doc>
<status status="PASS" start="2024-05-13T08:19:17.886273" elapsed="0.000400"/>
</kw>
<status status="PASS" start="2024-05-13T08:19:17.885266" elapsed="0.001775"/>
</kw>
<status status="PASS" start="2024-05-13T08:19:17.884647" elapsed="0.002598"/>
</test>
<test id="s1-s1-t2" name="Validar retorno 200 e JSON Válido" line="16">
<kw name="Teste de Requisicao Basica" owner="random-user-service">
<kw name="GET On Session" owner="RequestsLibrary">
<msg time="2024-05-13T08:19:17.938557" level="INFO">GET Request : url=https://randomuser.me/api 
 path_url=/api 
 headers={'User-Agent': 'python-requests/2.31.0', 'Accept-Encoding': 'gzip, deflate', 'Accept': '*/*', 'Connection': 'keep-alive'} 
 body=None 
 </msg>
<msg time="2024-05-13T08:19:17.938714" level="INFO">GET Response : url=https://randomuser.me/api 
 status=200, reason=OK 
 headers={'Date': 'Mon, 13 May 2024 08:19:17 GMT', 'Content-Type': 'application/json; charset=utf-8', 'Transfer-Encoding': 'chunked', 'Connection': 'keep-alive', 'X-Powered-By': 'Express', 'Access-Control-Allow-Origin': '*', 'Cache-Control': 'no-cache', 'ETag': 'W/"484-uSvia8BOznoZSr70fh1B+ME6PKY"', 'Vary': 'Accept-Encoding', 'Content-Encoding': 'gzip', 'CF-Cache-Status': 'DYNAMIC', 'Report-To': '{"endpoints":[{"url":"https:\\/\\/a.nel.cloudflare.com\\/report\\/v4?s=emB64HDj2J6CyK2hDLxn%2BsvASylg%2FQxdeSY7xp125JOHmQZc8oP%2BVi0FrZW%2FpCqSFSjv1t8Qdnty42V%2BuOzKjvS6mLM68e7Hm5JVAwbvF%2F8ctX1uKj2o27MgiVu9QclH"}],"group":"cf-nel","max_age":604800}', 'NEL': '{"success_fraction":0,"report_to":"cf-nel","max_age":604800}', 'Server': 'cloudflare', 'CF-RAY': '88313904ed1c1fd6-IAD', 'alt-svc': 'h3=":443"; ma=86400'} 
 body={"results":[{"gender":"male","name":{"title":"Mr","first":"Leevi","last":"Linna"},"location":{"street":{"number":7611,"name":"Satakennankatu"},"city":"Masku","state":"Uusimaa","country":"Finland","postcode":72435,"coordinates":{"latitude":"-22.0460","longitude":"-95.3368"},"timezone":{"offset":"-3:00","description":"Brazil, Buenos Aires, Georgetown"}},"email":"leevi.linna@example.com","login":{"uuid":"785cc8eb-fe79-449f-9cbf-72a1c7f5a039","username":"sadzebra539","password":"shelter","salt":"04DJsJ9f","md5":"e08e75fe361eb18a538cae1f37bba884","sha1":"35ea9c3b712934c1160a09a4267c77793a6aae60","sha256":"938ce160a27bb3902edf0c7af43afae53bac333033d2824a2a283f85116471b5"},"dob":{"date":"1953-02-23T20:13:33.639Z","age":71},"registered":{"date":"2015-09-01T10:40:46.932Z","age":8},"phone":"08-493-602","cell":"045-252-18-49","id":{"name":"HETU","value":"NaNNA227undefined"},"picture":{"large":"https://randomuser.me/api/portraits/men/9.jpg","medium":"https://randomuser.me/api/portraits/med/men/9.jpg","thumbnail":"https://randomuser.me/api/portraits/thumb/men/9.jpg"},"nat":"FI"}],"info":{"seed":"fb3378852928f432","results":1,"page":1,"version":"1.4"}} 
 </msg>
<msg time="2024-05-13T08:19:17.938805" level="INFO">/opt/hostedtoolcache/Python/3.12.3/x64/lib/python3.12/site-packages/urllib3/connectionpool.py:1103: InsecureRequestWarning: Unverified HTTPS request is being made to host 'randomuser.me'. Adding certificate verification is strongly advised. See: https://urllib3.readthedocs.io/en/latest/advanced-usage.html#tls-warnings
  warnings.warn(</msg>
<msg time="2024-05-13T08:19:17.938995" level="INFO">${response} = &lt;Response [200]&gt;</msg>
<var>${response}</var>
<arg>consultarAPI</arg>
<arg>/api</arg>
<doc>Sends a GET request on a previously created HTTP Session.</doc>
<status status="PASS" start="2024-05-13T08:19:17.889935" elapsed="0.049109"/>
</kw>
<kw name="Should Be Equal As Numbers" owner="BuiltIn">
<msg time="2024-05-13T08:19:17.940007" level="INFO">Argument types are:
&lt;class 'int'&gt;
&lt;class 'str'&gt;</msg>
<arg>${response.status_code}</arg>
<arg>200</arg>
<doc>Fails if objects are unequal after converting them to real numbers.</doc>
<status status="PASS" start="2024-05-13T08:19:17.939545" elapsed="0.000527"/>
</kw>
<kw name="Log" owner="BuiltIn">
<msg time="2024-05-13T08:19:17.940789" level="INFO">200</msg>
<arg>${response.status_code}</arg>
<doc>Logs the given message with the given level.</doc>
<status status="PASS" start="2024-05-13T08:19:17.940432" elapsed="0.000399"/>
</kw>
<kw name="Set Variable" owner="BuiltIn">
<msg time="2024-05-13T08:19:17.941630" level="INFO">${json_data} = {'results': [{'gender': 'male', 'name': {'title': 'Mr', 'first': 'Leevi', 'last': 'Linna'}, 'location': {'street': {'number': 7611, 'name': 'Satakennankatu'}, 'city': 'Masku', 'state': 'Uusimaa', 'cou...</msg>
<var>${json_data}</var>
<arg>${response.json()}</arg>
<doc>Returns the given values which can then be assigned to a variables.</doc>
<status status="PASS" start="2024-05-13T08:19:17.941140" elapsed="0.000519"/>
</kw>
<kw name="Dictionary Should Contain Key" owner="Collections">
<msg time="2024-05-13T08:19:17.942136" level="INFO">False</msg>
<arg>${json_data}</arg>
<arg>results</arg>
<doc>Fails if ``key`` is not found from ``dictionary``.</doc>
<status status="PASS" start="2024-05-13T08:19:17.941966" elapsed="0.000209"/>
</kw>
<status status="PASS" start="2024-05-13T08:19:17.889680" elapsed="0.052757"/>
</kw>
<doc>Testa se a API responde corretamente e retorna um objeto JSON válido.</doc>
<tag>testeRequisicaoBasica</tag>
<status status="PASS" start="2024-05-13T08:19:17.889194" elapsed="0.053427"/>
</test>
<test id="s1-s1-t3" name="Validar estrutura de resposta" line="22">
<kw name="Teste de Estrutura de Resposta" owner="random-user-service">
<kw name="GET On Session" owner="RequestsLibrary">
<msg time="2024-05-13T08:19:18.034806" level="INFO">GET Request : url=https://randomuser.me/api 
 path_url=/api 
 headers={'User-Agent': 'python-requests/2.31.0', 'Accept-Encoding': 'gzip, deflate', 'Accept': '*/*', 'Connection': 'keep-alive'} 
 body=None 
 </msg>
<msg time="2024-05-13T08:19:18.034915" level="INFO">GET Response : url=https://randomuser.me/api 
 status=200, reason=OK 
 headers={'Date': 'Mon, 13 May 2024 08:19:18 GMT', 'Content-Type': 'application/json; charset=utf-8', 'Transfer-Encoding': 'chunked', 'Connection': 'keep-alive', 'X-Powered-By': 'Express', 'Access-Control-Allow-Origin': '*', 'Cache-Control': 'no-cache', 'ETag': 'W/"487-wrIAGhTrSBHV+KAO3CpjYrkGr5E"', 'Vary': 'Accept-Encoding', 'Content-Encoding': 'gzip', 'CF-Cache-Status': 'DYNAMIC', 'Report-To': '{"endpoints":[{"url":"https:\\/\\/a.nel.cloudflare.com\\/report\\/v4?s=9ESfEoRTeIs0nGBqlpvrlx9pYST6GAWGm5E9wWo%2BxNtBir%2FRE0997Iv4cjbnj8gluEM74Z%2FLisIQDpY4YaOgW%2BPKV2y2Hhgrbcv5wrMPjtrSsHrbkTz87sXtbei18FnK"}],"group":"cf-nel","max_age":604800}', 'NEL': '{"success_fraction":0,"report_to":"cf-nel","max_age":604800}', 'Server': 'cloudflare', 'CF-RAY': '883139052d401fd6-IAD', 'alt-svc': 'h3=":443"; ma=86400'} 
 body={"results":[{"gender":"male","name":{"title":"Mr","first":"Gonzalo","last":"Arias"},"location":{"street":{"number":1789,"name":"Eje vial Lucio"},"city":"Tecolutla","state":"Ciudad de Mexico","country":"Mexico","postcode":68889,"coordinates":{"latitude":"26.8558","longitude":"-146.8770"},"timezone":{"offset":"-3:30","description":"Newfoundland"}},"email":"gonzalo.arias@example.com","login":{"uuid":"50529d3a-4e10-4a2e-8d53-d3495d7f1a7f","username":"goldenduck835","password":"stacie","salt":"s4faOi3r","md5":"e21696891ff586eb388e59444f28ff6b","sha1":"a0aba250391d6496131a662310b963c3b761d78d","sha256":"25f7450da3139ac92f995bdcb32ce629df3073f120c62f528087db5fbcf8cbdd"},"dob":{"date":"1957-11-08T00:45:30.233Z","age":66},"registered":{"date":"2007-04-26T04:40:33.067Z","age":17},"phone":"(638) 490 6496","cell":"(660) 087 9305","id":{"name":"NSS","value":"59 62 47 9040 9"},"picture":{"large":"https://randomuser.me/api/portraits/men/59.jpg","medium":"https://randomuser.me/api/portraits/med/men/59.jpg","thumbnail":"https://randomuser.me/api/portraits/thumb/men/59.jpg"},"nat":"MX"}],"info":{"seed":"ed5231e315ca7b29","results":1,"page":1,"version":"1.4"}} 
 </msg>
<msg time="2024-05-13T08:19:18.035063" level="INFO">/opt/hostedtoolcache/Python/3.12.3/x64/lib/python3.12/site-packages/urllib3/connectionpool.py:1103: InsecureRequestWarning: Unverified HTTPS request is being made to host 'randomuser.me'. Adding certificate verification is strongly advised. See: https://urllib3.readthedocs.io/en/latest/advanced-usage.html#tls-warnings
  warnings.warn(</msg>
<msg time="2024-05-13T08:19:18.035234" level="INFO">${response} = &lt;Response [200]&gt;</msg>
<var>${response}</var>
<arg>consultarAPI</arg>
<arg>/api</arg>
<doc>Sends a GET request on a previously created HTTP Session.</doc>
<status status="PASS" start="2024-05-13T08:19:17.945298" elapsed="0.089987"/>
</kw>
<kw name="Set Variable" owner="BuiltIn">
<msg time="2024-05-13T08:19:18.036329" level="INFO">${json_data} = {'results': [{'gender': 'male', 'name': {'title': 'Mr', 'first': 'Gonzalo', 'last': 'Arias'}, 'location': {'street': {'number': 1789, 'name': 'Eje vial Lucio'}, 'city': 'Tecolutla', 'state': 'Ciudad d...</msg>
<var>${json_data}</var>
<arg>${response.json()}</arg>
<doc>Returns the given values which can then be assigned to a variables.</doc>
<status status="PASS" start="2024-05-13T08:19:18.035797" elapsed="0.000567"/>
</kw>
<kw name="Log" owner="BuiltIn">
<msg time="2024-05-13T08:19:18.036836" level="INFO">{'results': [{'gender': 'male', 'name': {'title': 'Mr', 'first': 'Gonzalo', 'last': 'Arias'}, 'location': {'street': {'number': 1789, 'name': 'Eje vial Lucio'}, 'city': 'Tecolutla', 'state': 'Ciudad de Mexico', 'country': 'Mexico', 'postcode': 68889, 'coordinates': {'latitude': '26.8558', 'longitude': '-146.8770'}, 'timezone': {'offset': '-3:30', 'description': 'Newfoundland'}}, 'email': 'gonzalo.arias@example.com', 'login': {'uuid': '50529d3a-4e10-4a2e-8d53-d3495d7f1a7f', 'username': 'goldenduck835', 'password': 'stacie', 'salt': 's4faOi3r', 'md5': 'e21696891ff586eb388e59444f28ff6b', 'sha1': 'a0aba250391d6496131a662310b963c3b761d78d', 'sha256': '25f7450da3139ac92f995bdcb32ce629df3073f120c62f528087db5fbcf8cbdd'}, 'dob': {'date': '1957-11-08T00:45:30.233Z', 'age': 66}, 'registered': {'date': '2007-04-26T04:40:33.067Z', 'age': 17}, 'phone': '(638) 490 6496', 'cell': '(660) 087 9305', 'id': {'name': 'NSS', 'value': '59 62 47 9040 9'}, 'picture': {'large': 'https://randomuser.me/api/portraits/men/59.jpg', 'medium': 'https://randomuser.me/api/portraits/med/men/59.jpg', 'thumbnail': 'https://randomuser.me/api/portraits/thumb/men/59.jpg'}, 'nat': 'MX'}], 'info': {'seed': 'ed5231e315ca7b29', 'results': 1, 'page': 1, 'version': '1.4'}}</msg>
<arg>${json_data}</arg>
<doc>Logs the given message with the given level.</doc>
<status status="PASS" start="2024-05-13T08:19:18.036671" elapsed="0.000213"/>
</kw>
<kw name="Dictionary Should Contain Key" owner="Collections">
<msg time="2024-05-13T08:19:18.037392" level="INFO">False</msg>
<arg>${json_data}</arg>
<arg>results</arg>
<doc>Fails if ``key`` is not found from ``dictionary``.</doc>
<status status="PASS" start="2024-05-13T08:19:18.037231" elapsed="0.000200"/>
</kw>
<kw name="Should Not Be Empty" owner="BuiltIn">
<msg time="2024-05-13T08:19:18.037862" level="INFO">Length is 2.</msg>
<arg>${json_data}</arg>
<doc>Verifies that the given item is not empty.</doc>
<status status="PASS" start="2024-05-13T08:19:18.037724" elapsed="0.000176"/>
</kw>
<kw name="Create List" owner="BuiltIn">
<msg time="2024-05-13T08:19:18.038508" level="INFO">${expected_keys} = ['gender', 'name', 'location', 'email', 'login']</msg>
<var>${expected_keys}</var>
<arg>gender</arg>
<arg>name</arg>
<arg>location</arg>
<arg>email</arg>
<arg>login</arg>
<doc>Returns a list containing given items.</doc>
<status status="PASS" start="2024-05-13T08:19:18.038191" elapsed="0.000342"/>
</kw>
<for flavor="IN">
<iter>
<kw name="Dictionary Should Contain Key" owner="Collections">
<msg time="2024-05-13T08:19:18.039531" level="INFO">False</msg>
<arg>${json_data['results'][0]}</arg>
<arg>${key}</arg>
<doc>Fails if ``key`` is not found from ``dictionary``.</doc>
<status status="PASS" start="2024-05-13T08:19:18.039130" elapsed="0.000439"/>
</kw>
<kw name="Log" owner="BuiltIn">
<msg time="2024-05-13T08:19:18.040234" level="INFO">{'gender': 'male', 'name': {'title': 'Mr', 'first': 'Gonzalo', 'last': 'Arias'}, 'location': {'street': {'number': 1789, 'name': 'Eje vial Lucio'}, 'city': 'Tecolutla', 'state': 'Ciudad de Mexico', 'country': 'Mexico', 'postcode': 68889, 'coordinates': {'latitude': '26.8558', 'longitude': '-146.8770'}, 'timezone': {'offset': '-3:30', 'description': 'Newfoundland'}}, 'email': 'gonzalo.arias@example.com', 'login': {'uuid': '50529d3a-4e10-4a2e-8d53-d3495d7f1a7f', 'username': 'goldenduck835', 'password': 'stacie', 'salt': 's4faOi3r', 'md5': 'e21696891ff586eb388e59444f28ff6b', 'sha1': 'a0aba250391d6496131a662310b963c3b761d78d', 'sha256': '25f7450da3139ac92f995bdcb32ce629df3073f120c62f528087db5fbcf8cbdd'}, 'dob': {'date': '1957-11-08T00:45:30.233Z', 'age': 66}, 'registered': {'date': '2007-04-26T04:40:33.067Z', 'age': 17}, 'phone': '(638) 490 6496', 'cell': '(660) 087 9305', 'id': {'name': 'NSS', 'value': '59 62 47 9040 9'}, 'picture': {'large': 'https://randomuser.me/api/portraits/men/59.jpg', 'medium': 'https://randomuser.me/api/portraits/med/men/59.jpg', 'thumbnail': 'https://randomuser.me/api/portraits/thumb/men/59.jpg'}, 'nat': 'MX'}</msg>
<arg>${json_data['results'][0]}</arg>
<doc>Logs the given message with the given level.</doc>
<status status="PASS" start="2024-05-13T08:19:18.039867" elapsed="0.000416"/>
</kw>
<kw name="Log" owner="BuiltIn">
<msg time="2024-05-13T08:19:18.040709" level="INFO">gender</msg>
<arg>${key}</arg>
<doc>Logs the given message with the given level.</doc>
<status status="PASS" start="2024-05-13T08:19:18.040581" elapsed="0.000166"/>
</kw>
<var name="${key}">gender</var>
<status status="PASS" start="2024-05-13T08:19:18.039001" elapsed="0.001960"/>
</iter>
<iter>
<kw name="Dictionary Should Contain Key" owner="Collections">
<msg time="2024-05-13T08:19:18.041684" level="INFO">False</msg>
<arg>${json_data['results'][0]}</arg>
<arg>${key}</arg>
<doc>Fails if ``key`` is not found from ``dictionary``.</doc>
<status status="PASS" start="2024-05-13T08:19:18.041294" elapsed="0.000428"/>
</kw>
<kw name="Log" owner="BuiltIn">
<msg time="2024-05-13T08:19:18.042410" level="INFO">{'gender': 'male', 'name': {'title': 'Mr', 'first': 'Gonzalo', 'last': 'Arias'}, 'location': {'street': {'number': 1789, 'name': 'Eje vial Lucio'}, 'city': 'Tecolutla', 'state': 'Ciudad de Mexico', 'country': 'Mexico', 'postcode': 68889, 'coordinates': {'latitude': '26.8558', 'longitude': '-146.8770'}, 'timezone': {'offset': '-3:30', 'description': 'Newfoundland'}}, 'email': 'gonzalo.arias@example.com', 'login': {'uuid': '50529d3a-4e10-4a2e-8d53-d3495d7f1a7f', 'username': 'goldenduck835', 'password': 'stacie', 'salt': 's4faOi3r', 'md5': 'e21696891ff586eb388e59444f28ff6b', 'sha1': 'a0aba250391d6496131a662310b963c3b761d78d', 'sha256': '25f7450da3139ac92f995bdcb32ce629df3073f120c62f528087db5fbcf8cbdd'}, 'dob': {'date': '1957-11-08T00:45:30.233Z', 'age': 66}, 'registered': {'date': '2007-04-26T04:40:33.067Z', 'age': 17}, 'phone': '(638) 490 6496', 'cell': '(660) 087 9305', 'id': {'name': 'NSS', 'value': '59 62 47 9040 9'}, 'picture': {'large': 'https://randomuser.me/api/portraits/men/59.jpg', 'medium': 'https://randomuser.me/api/portraits/med/men/59.jpg', 'thumbnail': 'https://randomuser.me/api/portraits/thumb/men/59.jpg'}, 'nat': 'MX'}</msg>
<arg>${json_data['results'][0]}</arg>
<doc>Logs the given message with the given level.</doc>
<status status="PASS" start="2024-05-13T08:19:18.042050" elapsed="0.000408"/>
</kw>
<kw name="Log" owner="BuiltIn">
<msg time="2024-05-13T08:19:18.042880" level="INFO">name</msg>
<arg>${key}</arg>
<doc>Logs the given message with the given level.</doc>
<status status="PASS" start="2024-05-13T08:19:18.042755" elapsed="0.000163"/>
</kw>
<var name="${key}">name</var>
<status status="PASS" start="2024-05-13T08:19:18.041175" elapsed="0.001965"/>
</iter>
<iter>
<kw name="Dictionary Should Contain Key" owner="Collections">
<msg time="2024-05-13T08:19:18.043822" level="INFO">False</msg>
<arg>${json_data['results'][0]}</arg>
<arg>${key}</arg>
<doc>Fails if ``key`` is not found from ``dictionary``.</doc>
<status status="PASS" start="2024-05-13T08:19:18.043434" elapsed="0.000425"/>
</kw>
<kw name="Log" owner="BuiltIn">
<msg time="2024-05-13T08:19:18.044524" level="INFO">{'gender': 'male', 'name': {'title': 'Mr', 'first': 'Gonzalo', 'last': 'Arias'}, 'location': {'street': {'number': 1789, 'name': 'Eje vial Lucio'}, 'city': 'Tecolutla', 'state': 'Ciudad de Mexico', 'country': 'Mexico', 'postcode': 68889, 'coordinates': {'latitude': '26.8558', 'longitude': '-146.8770'}, 'timezone': {'offset': '-3:30', 'description': 'Newfoundland'}}, 'email': 'gonzalo.arias@example.com', 'login': {'uuid': '50529d3a-4e10-4a2e-8d53-d3495d7f1a7f', 'username': 'goldenduck835', 'password': 'stacie', 'salt': 's4faOi3r', 'md5': 'e21696891ff586eb388e59444f28ff6b', 'sha1': 'a0aba250391d6496131a662310b963c3b761d78d', 'sha256': '25f7450da3139ac92f995bdcb32ce629df3073f120c62f528087db5fbcf8cbdd'}, 'dob': {'date': '1957-11-08T00:45:30.233Z', 'age': 66}, 'registered': {'date': '2007-04-26T04:40:33.067Z', 'age': 17}, 'phone': '(638) 490 6496', 'cell': '(660) 087 9305', 'id': {'name': 'NSS', 'value': '59 62 47 9040 9'}, 'picture': {'large': 'https://randomuser.me/api/portraits/men/59.jpg', 'medium': 'https://randomuser.me/api/portraits/med/men/59.jpg', 'thumbnail': 'https://randomuser.me/api/portraits/thumb/men/59.jpg'}, 'nat': 'MX'}</msg>
<arg>${json_data['results'][0]}</arg>
<doc>Logs the given message with the given level.</doc>
<status status="PASS" start="2024-05-13T08:19:18.044159" elapsed="0.000413"/>
</kw>
<kw name="Log" owner="BuiltIn">
<msg time="2024-05-13T08:19:18.044992" level="INFO">location</msg>
<arg>${key}</arg>
<doc>Logs the given message with the given level.</doc>
<status status="PASS" start="2024-05-13T08:19:18.044866" elapsed="0.000164"/>
</kw>
<var name="${key}">location</var>
<status status="PASS" start="2024-05-13T08:19:18.043322" elapsed="0.001955"/>
</iter>
<iter>
<kw name="Dictionary Should Contain Key" owner="Collections">
<msg time="2024-05-13T08:19:18.045956" level="INFO">False</msg>
<arg>${json_data['results'][0]}</arg>
<arg>${key}</arg>
<doc>Fails if ``key`` is not found from ``dictionary``.</doc>
<status status="PASS" start="2024-05-13T08:19:18.045569" elapsed="0.000424"/>
</kw>
<kw name="Log" owner="BuiltIn">
<msg time="2024-05-13T08:19:18.046655" level="INFO">{'gender': 'male', 'name': {'title': 'Mr', 'first': 'Gonzalo', 'last': 'Arias'}, 'location': {'street': {'number': 1789, 'name': 'Eje vial Lucio'}, 'city': 'Tecolutla', 'state': 'Ciudad de Mexico', 'country': 'Mexico', 'postcode': 68889, 'coordinates': {'latitude': '26.8558', 'longitude': '-146.8770'}, 'timezone': {'offset': '-3:30', 'description': 'Newfoundland'}}, 'email': 'gonzalo.arias@example.com', 'login': {'uuid': '50529d3a-4e10-4a2e-8d53-d3495d7f1a7f', 'username': 'goldenduck835', 'password': 'stacie', 'salt': 's4faOi3r', 'md5': 'e21696891ff586eb388e59444f28ff6b', 'sha1': 'a0aba250391d6496131a662310b963c3b761d78d', 'sha256': '25f7450da3139ac92f995bdcb32ce629df3073f120c62f528087db5fbcf8cbdd'}, 'dob': {'date': '1957-11-08T00:45:30.233Z', 'age': 66}, 'registered': {'date': '2007-04-26T04:40:33.067Z', 'age': 17}, 'phone': '(638) 490 6496', 'cell': '(660) 087 9305', 'id': {'name': 'NSS', 'value': '59 62 47 9040 9'}, 'picture': {'large': 'https://randomuser.me/api/portraits/men/59.jpg', 'medium': 'https://randomuser.me/api/portraits/med/men/59.jpg', 'thumbnail': 'https://randomuser.me/api/portraits/thumb/men/59.jpg'}, 'nat': 'MX'}</msg>
<arg>${json_data['results'][0]}</arg>
<doc>Logs the given message with the given level.</doc>
<status status="PASS" start="2024-05-13T08:19:18.046290" elapsed="0.000413"/>
</kw>
<kw name="Log" owner="BuiltIn">
<msg time="2024-05-13T08:19:18.047121" level="INFO">email</msg>
<arg>${key}</arg>
<doc>Logs the given message with the given level.</doc>
<status status="PASS" start="2024-05-13T08:19:18.046994" elapsed="0.000164"/>
</kw>
<var name="${key}">email</var>
<status status="PASS" start="2024-05-13T08:19:18.045456" elapsed="0.001926"/>
</iter>
<iter>
<kw name="Dictionary Should Contain Key" owner="Collections">
<msg time="2024-05-13T08:19:18.048051" level="INFO">False</msg>
<arg>${json_data['results'][0]}</arg>
<arg>${key}</arg>
<doc>Fails if ``key`` is not found from ``dictionary``.</doc>
<status status="PASS" start="2024-05-13T08:19:18.047664" elapsed="0.000424"/>
</kw>
<kw name="Log" owner="BuiltIn">
<msg time="2024-05-13T08:19:18.048745" level="INFO">{'gender': 'male', 'name': {'title': 'Mr', 'first': 'Gonzalo', 'last': 'Arias'}, 'location': {'street': {'number': 1789, 'name': 'Eje vial Lucio'}, 'city': 'Tecolutla', 'state': 'Ciudad de Mexico', 'country': 'Mexico', 'postcode': 68889, 'coordinates': {'latitude': '26.8558', 'longitude': '-146.8770'}, 'timezone': {'offset': '-3:30', 'description': 'Newfoundland'}}, 'email': 'gonzalo.arias@example.com', 'login': {'uuid': '50529d3a-4e10-4a2e-8d53-d3495d7f1a7f', 'username': 'goldenduck835', 'password': 'stacie', 'salt': 's4faOi3r', 'md5': 'e21696891ff586eb388e59444f28ff6b', 'sha1': 'a0aba250391d6496131a662310b963c3b761d78d', 'sha256': '25f7450da3139ac92f995bdcb32ce629df3073f120c62f528087db5fbcf8cbdd'}, 'dob': {'date': '1957-11-08T00:45:30.233Z', 'age': 66}, 'registered': {'date': '2007-04-26T04:40:33.067Z', 'age': 17}, 'phone': '(638) 490 6496', 'cell': '(660) 087 9305', 'id': {'name': 'NSS', 'value': '59 62 47 9040 9'}, 'picture': {'large': 'https://randomuser.me/api/portraits/men/59.jpg', 'medium': 'https://randomuser.me/api/portraits/med/men/59.jpg', 'thumbnail': 'https://randomuser.me/api/portraits/thumb/men/59.jpg'}, 'nat': 'MX'}</msg>
<arg>${json_data['results'][0]}</arg>
<doc>Logs the given message with the given level.</doc>
<status status="PASS" start="2024-05-13T08:19:18.048382" elapsed="0.000411"/>
</kw>
<kw name="Log" owner="BuiltIn">
<msg time="2024-05-13T08:19:18.049244" level="INFO">login</msg>
<arg>${key}</arg>
<doc>Logs the given message with the given level.</doc>
<status status="PASS" start="2024-05-13T08:19:18.049088" elapsed="0.000196"/>
</kw>
<var name="${key}">login</var>
<status status="PASS" start="2024-05-13T08:19:18.047554" elapsed="0.001972"/>
</iter>
<var>${key}</var>
<value>@{expected_keys}</value>
<status status="PASS" start="2024-05-13T08:19:18.038807" elapsed="0.010847"/>
</for>
<kw name="Create List" owner="BuiltIn">
<msg time="2024-05-13T08:19:18.049982" level="INFO">${expected_keysTwo} = ['username', 'password']</msg>
<var>${expected_keysTwo}</var>
<arg>username</arg>
<arg>password</arg>
<doc>Returns a list containing given items.</doc>
<status status="PASS" start="2024-05-13T08:19:18.049846" elapsed="0.000160"/>
</kw>
<for flavor="IN">
<iter>
<kw name="Dictionary Should Contain Key" owner="Collections">
<msg time="2024-05-13T08:19:18.050896" level="INFO">False</msg>
<arg>${json_data['results'][0]['login']}</arg>
<arg>${keyTwo}</arg>
<doc>Fails if ``key`` is not found from ``dictionary``.</doc>
<status status="PASS" start="2024-05-13T08:19:18.050501" elapsed="0.000432"/>
</kw>
<kw name="Dictionary Should Contain Key" owner="Collections">
<msg time="2024-05-13T08:19:18.051605" level="INFO">False</msg>
<arg>${json_data['results'][0]['login']}</arg>
<arg>${keyTwo}</arg>
<doc>Fails if ``key`` is not found from ``dictionary``.</doc>
<status status="PASS" start="2024-05-13T08:19:18.051226" elapsed="0.000416"/>
</kw>
<kw name="Log" owner="BuiltIn">
<msg time="2024-05-13T08:19:18.052060" level="INFO">username</msg>
<arg>${keyTwo}</arg>
<doc>Logs the given message with the given level.</doc>
<status status="PASS" start="2024-05-13T08:19:18.051931" elapsed="0.000172"/>
</kw>
<var name="${keyTwo}">username</var>
<status status="PASS" start="2024-05-13T08:19:18.050392" elapsed="0.001927"/>
</iter>
<iter>
<kw name="Dictionary Should Contain Key" owner="Collections">
<msg time="2024-05-13T08:19:18.052984" level="INFO">False</msg>
<arg>${json_data['results'][0]['login']}</arg>
<arg>${keyTwo}</arg>
<doc>Fails if ``key`` is not found from ``dictionary``.</doc>
<status status="PASS" start="2024-05-13T08:19:18.052599" elapsed="0.000422"/>
</kw>
<kw name="Dictionary Should Contain Key" owner="Collections">
<msg time="2024-05-13T08:19:18.053812" level="INFO">False</msg>
<arg>${json_data['results'][0]['login']}</arg>
<arg>${keyTwo}</arg>
<doc>Fails if ``key`` is not found from ``dictionary``.</doc>
<status status="PASS" start="2024-05-13T08:19:18.053344" elapsed="0.000509"/>
</kw>
<kw name="Log" owner="BuiltIn">
<msg time="2024-05-13T08:19:18.054281" level="INFO">password</msg>
<arg>${keyTwo}</arg>
<doc>Logs the given message with the given level.</doc>
<status status="PASS" start="2024-05-13T08:19:18.054151" elapsed="0.000168"/>
</kw>
<var name="${keyTwo}">password</var>
<status status="PASS" start="2024-05-13T08:19:18.052491" elapsed="0.002045"/>
</iter>
<var>${keyTwo}</var>
<value>@{expected_keysTwo}</value>
<status status="PASS" start="2024-05-13T08:19:18.050243" elapsed="0.004415"/>
</for>
<status status="PASS" start="2024-05-13T08:19:17.945033" elapsed="0.109769"/>
</kw>
<doc>Testa a estrutura da resposta da API.</doc>
<tag>testeEstruturaResposta</tag>
<status status="PASS" start="2024-05-13T08:19:17.944500" elapsed="0.110462"/>
</test>
<test id="s1-s1-t4" name="Validar tipos de dados" line="28">
<kw name="Teste de Tipos de Dados" owner="random-user-service">
<kw name="GET On Session" owner="RequestsLibrary">
<msg time="2024-05-13T08:19:18.141452" level="INFO">GET Request : url=https://randomuser.me/api 
 path_url=/api 
 headers={'User-Agent': 'python-requests/2.31.0', 'Accept-Encoding': 'gzip, deflate', 'Accept': '*/*', 'Connection': 'keep-alive'} 
 body=None 
 </msg>
<msg time="2024-05-13T08:19:18.141556" level="INFO">GET Response : url=https://randomuser.me/api 
 status=200, reason=OK 
 headers={'Date': 'Mon, 13 May 2024 08:19:18 GMT', 'Content-Type': 'application/json; charset=utf-8', 'Transfer-Encoding': 'chunked', 'Connection': 'keep-alive', 'X-Powered-By': 'Express', 'Access-Control-Allow-Origin': '*', 'Cache-Control': 'no-cache', 'ETag': 'W/"48e-AKbLOkuhHEqiCTKMWoMA5RM8ZCg"', 'Vary': 'Accept-Encoding', 'Content-Encoding': 'gzip', 'CF-Cache-Status': 'DYNAMIC', 'Report-To': '{"endpoints":[{"url":"https:\\/\\/a.nel.cloudflare.com\\/report\\/v4?s=jSf%2Fn8Qqhr4ha03X9Qb%2FZFNAi9s4p42Z1PnqWswTQJyePzIQ8PuJGbOOTjzGaQP8zHJATFCUfvi6DuGfJLuQ%2Bz8ll6zrVmlPyNzuTporyXJjcYSabm8nHcCECarH2aI9"}],"group":"cf-nel","max_age":604800}', 'NEL': '{"success_fraction":0,"report_to":"cf-nel","max_age":604800}', 'Server': 'cloudflare', 'CF-RAY': '88313905ddb81fd6-IAD', 'alt-svc': 'h3=":443"; ma=86400'} 
 body={"results":[{"gender":"male","name":{"title":"Mr","first":"Léonard","last":"Gerard"},"location":{"street":{"number":8160,"name":"Rue de Gerland"},"city":"Avignon","state":"Haute-Savoie","country":"France","postcode":43828,"coordinates":{"latitude":"-20.7050","longitude":"-16.2817"},"timezone":{"offset":"+9:30","description":"Adelaide, Darwin"}},"email":"leonard.gerard@example.com","login":{"uuid":"96ed7266-a7e4-4783-8297-6ece87cb0e11","username":"purpleladybug488","password":"bettina","salt":"QC5pBGoH","md5":"d82beec874eb0380702e21dc0faa171b","sha1":"4510468cd6f519700b09a147f5642301efbcd600","sha256":"28bbeee21570e65fff25c386886710b3e128a4e346065e52177f3f4dbad761f1"},"dob":{"date":"1996-05-10T18:43:17.585Z","age":28},"registered":{"date":"2018-04-07T17:18:23.490Z","age":6},"phone":"03-47-70-81-03","cell":"06-26-69-34-28","id":{"name":"INSEE","value":"1960445286423 30"},"picture":{"large":"https://randomuser.me/api/portraits/men/88.jpg","medium":"https://randomuser.me/api/portraits/med/men/88.jpg","thumbnail":"https://randomuser.me/api/portraits/thumb/men/88.jpg"},"nat":"FR"}],"info":{"seed":"b95778fa466fa53b","results":1,"page":1,"version":"1.4"}} 
 </msg>
<msg time="2024-05-13T08:19:18.141631" level="INFO">/opt/hostedtoolcache/Python/3.12.3/x64/lib/python3.12/site-packages/urllib3/connectionpool.py:1103: InsecureRequestWarning: Unverified HTTPS request is being made to host 'randomuser.me'. Adding certificate verification is strongly advised. See: https://urllib3.readthedocs.io/en/latest/advanced-usage.html#tls-warnings
  warnings.warn(</msg>
<msg time="2024-05-13T08:19:18.141777" level="INFO">${response} = &lt;Response [200]&gt;</msg>
<var>${response}</var>
<arg>consultarAPI</arg>
<arg>/api</arg>
<doc>Sends a GET request on a previously created HTTP Session.</doc>
<status status="PASS" start="2024-05-13T08:19:18.057504" elapsed="0.084312"/>
</kw>
<kw name="Set Variable" owner="BuiltIn">
<msg time="2024-05-13T08:19:18.142879" level="INFO">${json_data} = {'results': [{'gender': 'male', 'name': {'title': 'Mr', 'first': 'Léonard', 'last': 'Gerard'}, 'location': {'street': {'number': 8160, 'name': 'Rue de Gerland'}, 'city': 'Avignon', 'state': 'Haute-Sav...</msg>
<var>${json_data}</var>
<arg>${response.json()}</arg>
<doc>Returns the given values which can then be assigned to a variables.</doc>
<status status="PASS" start="2024-05-13T08:19:18.142342" elapsed="0.000567"/>
</kw>
<kw name="Log" owner="BuiltIn">
<msg time="2024-05-13T08:19:18.143386" level="INFO">{'results': [{'gender': 'male', 'name': {'title': 'Mr', 'first': 'Léonard', 'last': 'Gerard'}, 'location': {'street': {'number': 8160, 'name': 'Rue de Gerland'}, 'city': 'Avignon', 'state': 'Haute-Savoie', 'country': 'France', 'postcode': 43828, 'coordinates': {'latitude': '-20.7050', 'longitude': '-16.2817'}, 'timezone': {'offset': '+9:30', 'description': 'Adelaide, Darwin'}}, 'email': 'leonard.gerard@example.com', 'login': {'uuid': '96ed7266-a7e4-4783-8297-6ece87cb0e11', 'username': 'purpleladybug488', 'password': 'bettina', 'salt': 'QC5pBGoH', 'md5': 'd82beec874eb0380702e21dc0faa171b', 'sha1': '4510468cd6f519700b09a147f5642301efbcd600', 'sha256': '28bbeee21570e65fff25c386886710b3e128a4e346065e52177f3f4dbad761f1'}, 'dob': {'date': '1996-05-10T18:43:17.585Z', 'age': 28}, 'registered': {'date': '2018-04-07T17:18:23.490Z', 'age': 6}, 'phone': '03-47-70-81-03', 'cell': '06-26-69-34-28', 'id': {'name': 'INSEE', 'value': '1960445286423 30'}, 'picture': {'large': 'https://randomuser.me/api/portraits/men/88.jpg', 'medium': 'https://randomuser.me/api/portraits/med/men/88.jpg', 'thumbnail': 'https://randomuser.me/api/portraits/thumb/men/88.jpg'}, 'nat': 'FR'}], 'info': {'seed': 'b95778fa466fa53b', 'results': 1, 'page': 1, 'version': '1.4'}}</msg>
<arg>${json_data}</arg>
<doc>Logs the given message with the given level.</doc>
<status status="PASS" start="2024-05-13T08:19:18.143221" elapsed="0.000252"/>
</kw>
<kw name="Should Be String" owner="String">
<arg>${json_data['results'][0]['gender']}</arg>
<doc>Fails if the given ``item`` is not a string.</doc>
<status status="PASS" start="2024-05-13T08:19:18.143772" elapsed="0.000374"/>
</kw>
<kw name="Should Match Regexp" owner="BuiltIn">
<arg>${json_data['results'][0]['email']}</arg>
<arg>^[a-zA-Z0-9._%+-]+@[a-zA-Z0-9.-]+\.[a-zA-Z]{2,}$</arg>
<doc>Fails if ``string`` does not match ``pattern`` as a regular expression.</doc>
<status status="PASS" start="2024-05-13T08:19:18.144339" elapsed="0.000515"/>
</kw>
<kw name="Should Match Regexp" owner="BuiltIn">
<arg>${json_data['results'][0]['dob']['date']}</arg>
<arg>\\d{4}-\\d{2}-\\d{2}T\\d{2}:\\d{2}:\\d{2}\\.\\d{3}Z</arg>
<doc>Fails if ``string`` does not match ``pattern`` as a regular expression.</doc>
<status status="PASS" start="2024-05-13T08:19:18.145047" elapsed="0.000533"/>
</kw>
<kw name="Should Match Regexp" owner="BuiltIn">
<arg>${json_data['results'][0]['registered']['date']}</arg>
<arg>\\d{4}-\\d{2}-\\d{2}T\\d{2}:\\d{2}:\\d{2}\\.\\d{3}Z</arg>
<doc>Fails if ``string`` does not match ``pattern`` as a regular expression.</doc>
<status status="PASS" start="2024-05-13T08:19:18.145773" elapsed="0.000369"/>
</kw>
<kw name="Should Match Regexp" owner="BuiltIn">
<arg>${json_data['results'][0]['picture']['large']}</arg>
<arg>^https?://.*\.(?:png|jpe?g|gif|bmp)$</arg>
<doc>Fails if ``string`` does not match ``pattern`` as a regular expression.</doc>
<status status="PASS" start="2024-05-13T08:19:18.146328" elapsed="0.000464"/>
</kw>
<kw name="Should Match Regexp" owner="BuiltIn">
<arg>${json_data['results'][0]['picture']['medium']}</arg>
<arg>^https?://.*\.(?:png|jpe?g|gif|bmp)$</arg>
<doc>Fails if ``string`` does not match ``pattern`` as a regular expression.</doc>
<status status="PASS" start="2024-05-13T08:19:18.146980" elapsed="0.000360"/>
</kw>
<kw name="Should Match Regexp" owner="BuiltIn">
<arg>${json_data['results'][0]['picture']['thumbnail']}</arg>
<arg>^https?://.*\.(?:png|jpe?g|gif|bmp)$</arg>
<doc>Fails if ``string`` does not match ``pattern`` as a regular expression.</doc>
<status status="PASS" start="2024-05-13T08:19:18.147531" elapsed="0.000348"/>
</kw>
<kw name="Log" owner="BuiltIn">
<msg time="2024-05-13T08:19:18.148387" level="INFO">{'large': 'https://randomuser.me/api/portraits/men/88.jpg', 'medium': 'https://randomuser.me/api/portraits/med/men/88.jpg', 'thumbnail': 'https://randomuser.me/api/portraits/thumb/men/88.jpg'}</msg>
<arg>${json_data['results'][0]['picture']}</arg>
<doc>Logs the given message with the given level.</doc>
<status status="PASS" start="2024-05-13T08:19:18.148056" elapsed="0.000379"/>
</kw>
<status status="PASS" start="2024-05-13T08:19:18.057272" elapsed="0.091439"/>
</kw>
<kw name="Teste de Tipos de Dados - Postcode" owner="random-user-service">
<kw name="GET On Session" owner="RequestsLibrary">
<msg time="2024-05-13T08:19:18.236013" level="INFO">GET Request : url=https://randomuser.me/api 
 path_url=/api 
 headers={'User-Agent': 'python-requests/2.31.0', 'Accept-Encoding': 'gzip, deflate', 'Accept': '*/*', 'Connection': 'keep-alive'} 
 body=None 
 </msg>
<msg time="2024-05-13T08:19:18.236119" level="INFO">GET Response : url=https://randomuser.me/api 
 status=200, reason=OK 
 headers={'Date': 'Mon, 13 May 2024 08:19:18 GMT', 'Content-Type': 'application/json; charset=utf-8', 'Transfer-Encoding': 'chunked', 'Connection': 'keep-alive', 'X-Powered-By': 'Express', 'Access-Control-Allow-Origin': '*', 'Cache-Control': 'no-cache', 'ETag': 'W/"47a-N/0kKzvQKUl4bAroIsC80y+R1iw"', 'Vary': 'Accept-Encoding', 'Content-Encoding': 'gzip', 'CF-Cache-Status': 'DYNAMIC', 'Report-To': '{"endpoints":[{"url":"https:\\/\\/a.nel.cloudflare.com\\/report\\/v4?s=czPRghjQ2qJ4wk1Oj%2FWt7rylAlxRPzpm%2FGFq95RQxYjCf1975Os%2FvsvFrR%2BFecxtaucfKLgm5dW7qofl3JOJR9vCVXhS0Ur3ZwAweL0UspPs874w%2FPZojoJ48iPTckE3"}],"group":"cf-nel","max_age":604800}', 'NEL': '{"success_fraction":0,"report_to":"cf-nel","max_age":604800}', 'Server': 'cloudflare', 'CF-RAY': '883139067e1b1fd6-IAD', 'alt-svc': 'h3=":443"; ma=86400'} 
 body={"results":[{"gender":"male","name":{"title":"Mr","first":"Nihal","last":"Bayındır"},"location":{"street":{"number":5435,"name":"Atatürk Sk"},"city":"Bayburt","state":"Gaziantep","country":"Turkey","postcode":15964,"coordinates":{"latitude":"72.2755","longitude":"-71.4644"},"timezone":{"offset":"-11:00","description":"Midway Island, Samoa"}},"email":"nihal.bayindir@example.com","login":{"uuid":"c3180d51-ffda-4edf-8a0f-86e6aa22c692","username":"beautifulzebra584","password":"nimitz","salt":"88YP627s","md5":"764a4cb82576cba222eadb0ee4e075d9","sha1":"462b600339a22051e7b9d210b2525bd673e07459","sha256":"36935f2dd51e220cf7bafc4b0028bcd599021316d9dabf43b451c0f36a3b6ccf"},"dob":{"date":"1968-03-21T09:16:04.995Z","age":56},"registered":{"date":"2020-12-28T18:29:26.387Z","age":3},"phone":"(661)-174-6123","cell":"(231)-953-0589","id":{"name":"","value":null},"picture":{"large":"https://randomuser.me/api/portraits/men/41.jpg","medium":"https://randomuser.me/api/portraits/med/men/41.jpg","thumbnail":"https://randomuser.me/api/portraits/thumb/men/41.jpg"},"nat":"TR"}],"info":{"seed":"48705282732c195b","results":1,"page":1,"version":"1.4"}} 
 </msg>
<msg time="2024-05-13T08:19:18.236194" level="INFO">/opt/hostedtoolcache/Python/3.12.3/x64/lib/python3.12/site-packages/urllib3/connectionpool.py:1103: InsecureRequestWarning: Unverified HTTPS request is being made to host 'randomuser.me'. Adding certificate verification is strongly advised. See: https://urllib3.readthedocs.io/en/latest/advanced-usage.html#tls-warnings
  warnings.warn(</msg>
<msg time="2024-05-13T08:19:18.236343" level="INFO">${response} = &lt;Response [200]&gt;</msg>
<var>${response}</var>
<arg>consultarAPI</arg>
<arg>/api</arg>
<doc>Sends a GET request on a previously created HTTP Session.</doc>
<status status="PASS" start="2024-05-13T08:19:18.149212" elapsed="0.087176"/>
</kw>
<kw name="Set Variable" owner="BuiltIn">
<msg time="2024-05-13T08:19:18.237556" level="INFO">${json_data} = {'results': [{'gender': 'male', 'name': {'title': 'Mr', 'first': 'Nihal', 'last': 'Bayındır'}, 'location': {'street': {'number': 5435, 'name': 'Atatürk Sk'}, 'city': 'Bayburt', 'state': 'Gaziantep', '...</msg>
<var>${json_data}</var>
<arg>${response.json()}</arg>
<doc>Returns the given values which can then be assigned to a variables.</doc>
<status status="PASS" start="2024-05-13T08:19:18.236960" elapsed="0.000627"/>
</kw>
<kw name="Log" owner="BuiltIn">
<msg time="2024-05-13T08:19:18.238080" level="INFO">{'results': [{'gender': 'male', 'name': {'title': 'Mr', 'first': 'Nihal', 'last': 'Bayındır'}, 'location': {'street': {'number': 5435, 'name': 'Atatürk Sk'}, 'city': 'Bayburt', 'state': 'Gaziantep', 'country': 'Turkey', 'postcode': 15964, 'coordinates': {'latitude': '72.2755', 'longitude': '-71.4644'}, 'timezone': {'offset': '-11:00', 'description': 'Midway Island, Samoa'}}, 'email': 'nihal.bayindir@example.com', 'login': {'uuid': 'c3180d51-ffda-4edf-8a0f-86e6aa22c692', 'username': 'beautifulzebra584', 'password': 'nimitz', 'salt': '88YP627s', 'md5': '764a4cb82576cba222eadb0ee4e075d9', 'sha1': '462b600339a22051e7b9d210b2525bd673e07459', 'sha256': '36935f2dd51e220cf7bafc4b0028bcd599021316d9dabf43b451c0f36a3b6ccf'}, 'dob': {'date': '1968-03-21T09:16:04.995Z', 'age': 56}, 'registered': {'date': '2020-12-28T18:29:26.387Z', 'age': 3}, 'phone': '(661)-174-6123', 'cell': '(231)-953-0589', 'id': {'name': '', 'value': None}, 'picture': {'large': 'https://randomuser.me/api/portraits/men/41.jpg', 'medium': 'https://randomuser.me/api/portraits/med/men/41.jpg', 'thumbnail': 'https://randomuser.me/api/portraits/thumb/men/41.jpg'}, 'nat': 'TR'}], 'info': {'seed': '48705282732c195b', 'results': 1, 'page': 1, 'version': '1.4'}}</msg>
<arg>${json_data}</arg>
<doc>Logs the given message with the given level.</doc>
<status status="PASS" start="2024-05-13T08:19:18.237913" elapsed="0.000257"/>
</kw>
<kw name="Should Be Equal As Numbers" owner="BuiltIn">
<arg>${json_data['results'][0]['location']['postcode']}</arg>
<arg>${json_data['results'][0]['location']['postcode']}</arg>
<doc>Fails if objects are unequal after converting them to real numbers.</doc>
<status status="PASS" start="2024-05-13T08:19:18.238477" elapsed="0.000828"/>
</kw>
<kw name="Log" owner="BuiltIn">
<msg time="2024-05-13T08:19:18.239840" level="INFO">15964</msg>
<arg>${json_data['results'][0]['location']['postcode']}</arg>
<doc>Logs the given message with the given level.</doc>
<status status="PASS" start="2024-05-13T08:19:18.239501" elapsed="0.000379"/>
</kw>
<status status="PASS" start="2024-05-13T08:19:18.148951" elapsed="0.091188"/>
</kw>
<doc>Testa se os tipos de dados na resposta da API estão corretos.</doc>
<tag>testeTiposDados</tag>
<status status="PASS" start="2024-05-13T08:19:18.056762" elapsed="0.183551"/>
</test>
<test id="s1-s1-t5" name="Validar conteudo" line="35">
<kw name="Teste de Tipos de Conteudo" owner="random-user-service">
<kw name="GET On Session" owner="RequestsLibrary">
<msg time="2024-05-13T08:19:18.335525" level="INFO">GET Request : url=https://randomuser.me/api 
 path_url=/api 
 headers={'User-Agent': 'python-requests/2.31.0', 'Accept-Encoding': 'gzip, deflate', 'Accept': '*/*', 'Connection': 'keep-alive'} 
 body=None 
 </msg>
<msg time="2024-05-13T08:19:18.335639" level="INFO">GET Response : url=https://randomuser.me/api 
 status=200, reason=OK 
 headers={'Date': 'Mon, 13 May 2024 08:19:18 GMT', 'Content-Type': 'application/json; charset=utf-8', 'Transfer-Encoding': 'chunked', 'Connection': 'keep-alive', 'X-Powered-By': 'Express', 'Access-Control-Allow-Origin': '*', 'Cache-Control': 'no-cache', 'ETag': 'W/"47b-yx8Ns7dFuVZDOcuSdFSabQqObY4"', 'Vary': 'Accept-Encoding', 'Content-Encoding': 'gzip', 'CF-Cache-Status': 'DYNAMIC', 'Report-To': '{"endpoints":[{"url":"https:\\/\\/a.nel.cloudflare.com\\/report\\/v4?s=C8BRSjAWjQsg68KRJ3unOYawka%2BzR8iaHECUwHng5NMnskMVbS0K%2FYOKkGSsUk08QvjazlDYq12HzC3%2FrcczBwhvF008j3oSMwOw7Hr4plqA3fpGzddQsOubS7uBfYiu"}],"group":"cf-nel","max_age":604800}', 'NEL': '{"success_fraction":0,"report_to":"cf-nel","max_age":604800}', 'Server': 'cloudflare', 'CF-RAY': '883139070e741fd6-IAD', 'alt-svc': 'h3=":443"; ma=86400'} 
 body={"results":[{"gender":"male","name":{"title":"Mr","first":"Lenny","last":"Fleury"},"location":{"street":{"number":3995,"name":"Rue des Ecrivains"},"city":"Nîmes","state":"Ain","country":"France","postcode":99033,"coordinates":{"latitude":"-13.3765","longitude":"-72.9018"},"timezone":{"offset":"+5:45","description":"Kathmandu"}},"email":"lenny.fleury@example.com","login":{"uuid":"74c6ba0f-1ad7-4b04-8e0c-648037f680de","username":"beautifulrabbit460","password":"temp123","salt":"gP2BRasc","md5":"6b52b6f74020e36b2e2075aad403f39b","sha1":"76b4288e5829a88dee3ef2f3189077e38e7dd821","sha256":"8d6e07b067d76e312dc8ddd09726edb8ad9035b34ed7215c833e70b28263de06"},"dob":{"date":"1961-05-26T19:57:55.278Z","age":62},"registered":{"date":"2012-10-02T23:40:11.012Z","age":11},"phone":"02-49-45-08-92","cell":"06-81-87-85-71","id":{"name":"INSEE","value":"1610407541351 43"},"picture":{"large":"https://randomuser.me/api/portraits/men/1.jpg","medium":"https://randomuser.me/api/portraits/med/men/1.jpg","thumbnail":"https://randomuser.me/api/portraits/thumb/men/1.jpg"},"nat":"FR"}],"info":{"seed":"94f70b3e94c0544b","results":1,"page":1,"version":"1.4"}} 
 </msg>
<msg time="2024-05-13T08:19:18.335728" level="INFO">/opt/hostedtoolcache/Python/3.12.3/x64/lib/python3.12/site-packages/urllib3/connectionpool.py:1103: InsecureRequestWarning: Unverified HTTPS request is being made to host 'randomuser.me'. Adding certificate verification is strongly advised. See: https://urllib3.readthedocs.io/en/latest/advanced-usage.html#tls-warnings
  warnings.warn(</msg>
<msg time="2024-05-13T08:19:18.335896" level="INFO">${response} = &lt;Response [200]&gt;</msg>
<var>${response}</var>
<arg>consultarAPI</arg>
<arg>/api</arg>
<doc>Sends a GET request on a previously created HTTP Session.</doc>
<status status="PASS" start="2024-05-13T08:19:18.242872" elapsed="0.093070"/>
</kw>
<kw name="Set Variable" owner="BuiltIn">
<msg time="2024-05-13T08:19:18.337020" level="INFO">${json_data} = {'results': [{'gender': 'male', 'name': {'title': 'Mr', 'first': 'Lenny', 'last': 'Fleury'}, 'location': {'street': {'number': 3995, 'name': 'Rue des Ecrivains'}, 'city': 'Nîmes', 'state': 'Ain', 'cou...</msg>
<var>${json_data}</var>
<arg>${response.json()}</arg>
<doc>Returns the given values which can then be assigned to a variables.</doc>
<status status="PASS" start="2024-05-13T08:19:18.336478" elapsed="0.000572"/>
</kw>
<kw name="Set Variable" owner="BuiltIn">
<msg time="2024-05-13T08:19:18.337812" level="INFO">${name_title} = Mr</msg>
<var>${name_title}</var>
<arg>${json_data["results"][0]["name"]["title"]}</arg>
<doc>Returns the given values which can then be assigned to a variables.</doc>
<status status="PASS" start="2024-05-13T08:19:18.337414" elapsed="0.000424"/>
</kw>
<kw name="Create List" owner="BuiltIn">
<msg time="2024-05-13T08:19:18.338300" level="INFO">${allowed_titles} = ['Mr', 'Ms', 'Miss', 'Mrs', 'Madame', 'Monsieur']</msg>
<var>${allowed_titles}</var>
<arg>Mr</arg>
<arg>Ms</arg>
<arg>Miss</arg>
<arg>Mrs</arg>
<arg>Madame</arg>
<arg>Monsieur</arg>
<doc>Returns a list containing given items.</doc>
<status status="PASS" start="2024-05-13T08:19:18.338141" elapsed="0.000183"/>
</kw>
<kw name="List Should Contain Value" owner="Collections">
<msg time="2024-05-13T08:19:18.338812" level="INFO">False</msg>
<arg>${allowed_titles}</arg>
<arg>${name_title}</arg>
<doc>Fails if the ``value`` is not found from ``list``.</doc>
<status status="PASS" start="2024-05-13T08:19:18.338635" elapsed="0.000215"/>
</kw>
<kw name="Set Variable" owner="BuiltIn">
<msg time="2024-05-13T08:19:18.339537" level="INFO">${name_country} = FR</msg>
<var>${name_country}</var>
<arg>${json_data["results"][0]["nat"]}</arg>
<doc>Returns the given values which can then be assigned to a variables.</doc>
<status status="PASS" start="2024-05-13T08:19:18.339150" elapsed="0.000412"/>
</kw>
<kw name="Create List" owner="BuiltIn">
<msg time="2024-05-13T08:19:18.340462" level="INFO">${list_country} = ['AD', 'AE', 'AF', 'AG', 'AI', 'AL', 'AM', 'AO', 'AQ', 'AR', 'AS', 'AT', 'AU', 'AW', 'AX', 'AZ', 'BA', 'BB', 'BD', 'BE', 'BF', 'BG', 'BH', 'BI', 'BJ', 'BL', 'BM', 'BN', 'BO', 'BQ', 'BR', 'BS', 'BT', '...</msg>
<var>${list_country}</var>
<arg>AD</arg>
<arg>AE</arg>
<arg>AF</arg>
<arg>AG</arg>
<arg>AI</arg>
<arg>AL</arg>
<arg>AM</arg>
<arg>AO</arg>
<arg>AQ</arg>
<arg>AR</arg>
<arg>AS</arg>
<arg>AT</arg>
<arg>AU</arg>
<arg>AW</arg>
<arg>AX</arg>
<arg>AZ</arg>
<arg>BA</arg>
<arg>BB</arg>
<arg>BD</arg>
<arg>BE</arg>
<arg>BF</arg>
<arg>BG</arg>
<arg>BH</arg>
<arg>BI</arg>
<arg>BJ</arg>
<arg>BL</arg>
<arg>BM</arg>
<arg>BN</arg>
<arg>BO</arg>
<arg>BQ</arg>
<arg>BR</arg>
<arg>BS</arg>
<arg>BT</arg>
<arg>BV</arg>
<arg>BW</arg>
<arg>BY</arg>
<arg>BZ</arg>
<arg>CA</arg>
<arg>CC</arg>
<arg>CD</arg>
<arg>CF</arg>
<arg>CG</arg>
<arg>CH</arg>
<arg>CI</arg>
<arg>CK</arg>
<arg>CL</arg>
<arg>CM</arg>
<arg>CN</arg>
<arg>CO</arg>
<arg>CR</arg>
<arg>CU</arg>
<arg>CV</arg>
<arg>CW</arg>
<arg>CX</arg>
<arg>CY</arg>
<arg>CZ</arg>
<arg>DE</arg>
<arg>DJ</arg>
<arg>DK</arg>
<arg>DM</arg>
<arg>DO</arg>
<arg>DZ</arg>
<arg>EC</arg>
<arg>EE</arg>
<arg>EG</arg>
<arg>EH</arg>
<arg>ER</arg>
<arg>ES</arg>
<arg>ET</arg>
<arg>FI</arg>
<arg>FJ</arg>
<arg>FK</arg>
<arg>FM</arg>
<arg>FO</arg>
<arg>FR</arg>
<arg>GA</arg>
<arg>GB</arg>
<arg>GD</arg>
<arg>GE</arg>
<arg>GF</arg>
<arg>GG</arg>
<arg>GH</arg>
<arg>GI</arg>
<arg>GL</arg>
<arg>GM</arg>
<arg>GN</arg>
<arg>GP</arg>
<arg>GQ</arg>
<arg>GR</arg>
<arg>GS</arg>
<arg>GT</arg>
<arg>GU</arg>
<arg>GW</arg>
<arg>GY</arg>
<arg>HK</arg>
<arg>HM</arg>
<arg>HN</arg>
<arg>HR</arg>
<arg>HT</arg>
<arg>HU</arg>
<arg>ID</arg>
<arg>IE</arg>
<arg>IL</arg>
<arg>IM</arg>
<arg>IN</arg>
<arg>IO</arg>
<arg>IQ</arg>
<arg>IR</arg>
<arg>IS</arg>
<arg>IT</arg>
<arg>JE</arg>
<arg>JM</arg>
<arg>JO</arg>
<arg>JP</arg>
<arg>KE</arg>
<arg>KG</arg>
<arg>KH</arg>
<arg>KI</arg>
<arg>KM</arg>
<arg>KN</arg>
<arg>KP</arg>
<arg>KR</arg>
<arg>KW</arg>
<arg>KY</arg>
<arg>KZ</arg>
<arg>LA</arg>
<arg>LB</arg>
<arg>LC</arg>
<arg>LI</arg>
<arg>LK</arg>
<arg>LR</arg>
<arg>LS</arg>
<arg>LT</arg>
<arg>LU</arg>
<arg>LV</arg>
<arg>LY</arg>
<arg>MA</arg>
<arg>MC</arg>
<arg>MD</arg>
<arg>ME</arg>
<arg>MF</arg>
<arg>MG</arg>
<arg>MH</arg>
<arg>MK</arg>
<arg>ML</arg>
<arg>MM</arg>
<arg>MN</arg>
<arg>MO</arg>
<arg>MP</arg>
<arg>MQ</arg>
<arg>MR</arg>
<arg>MS</arg>
<arg>MT</arg>
<arg>MU</arg>
<arg>MV</arg>
<arg>MW</arg>
<arg>MX</arg>
<arg>MY</arg>
<arg>MZ</arg>
<arg>NA</arg>
<arg>NC</arg>
<arg>NE</arg>
<arg>NF</arg>
<arg>NG</arg>
<arg>NI</arg>
<arg>NL</arg>
<arg>NO</arg>
<arg>NP</arg>
<arg>NR</arg>
<arg>NU</arg>
<arg>NZ</arg>
<arg>OM</arg>
<arg>PA</arg>
<arg>PE</arg>
<arg>PF</arg>
<arg>PG</arg>
<arg>PH</arg>
<arg>PK</arg>
<arg>PL</arg>
<arg>PM</arg>
<arg>PN</arg>
<arg>PR</arg>
<arg>PS</arg>
<arg>PT</arg>
<arg>PW</arg>
<arg>PY</arg>
<arg>QA</arg>
<arg>RE</arg>
<arg>RO</arg>
<arg>RS</arg>
<arg>RU</arg>
<arg>RW</arg>
<arg>SA</arg>
<arg>SB</arg>
<arg>SC</arg>
<arg>SD</arg>
<arg>SE</arg>
<arg>SG</arg>
<arg>SH</arg>
<arg>SI</arg>
<arg>SJ</arg>
<arg>SK</arg>
<arg>SL</arg>
<arg>SM</arg>
<arg>SN</arg>
<arg>SO</arg>
<arg>SR</arg>
<arg>SS</arg>
<arg>ST</arg>
<arg>SV</arg>
<arg>SX</arg>
<arg>SY</arg>
<arg>SZ</arg>
<arg>TC</arg>
<arg>TD</arg>
<arg>TF</arg>
<arg>TG</arg>
<arg>TH</arg>
<arg>TJ</arg>
<arg>TK</arg>
<arg>TL</arg>
<arg>TM</arg>
<arg>TN</arg>
<arg>TO</arg>
<arg>TR</arg>
<arg>TT</arg>
<arg>TV</arg>
<arg>TW</arg>
<arg>TZ</arg>
<arg>UA</arg>
<arg>UG</arg>
<arg>UM</arg>
<arg>US</arg>
<arg>UY</arg>
<arg>UZ</arg>
<arg>VA</arg>
<arg>VC</arg>
<arg>VE</arg>
<arg>VG</arg>
<arg>VI</arg>
<arg>VN</arg>
<arg>VU</arg>
<arg>WF</arg>
<arg>WS</arg>
<arg>XK</arg>
<arg>YE</arg>
<arg>YT</arg>
<arg>ZA</arg>
<arg>ZM</arg>
<arg>ZW</arg>
<doc>Returns a list containing given items.</doc>
<status status="PASS" start="2024-05-13T08:19:18.339868" elapsed="0.000621"/>
</kw>
<kw name="List Should Contain Value" owner="Collections">
<msg time="2024-05-13T08:19:18.341514" level="INFO">False</msg>
<arg>${list_country}</arg>
<arg>${name_country}</arg>
<doc>Fails if the ``value`` is not found from ``list``.</doc>
<status status="PASS" start="2024-05-13T08:19:18.341310" elapsed="0.000241"/>
</kw>
<kw name="Run Keyword If" owner="BuiltIn">
<kw name="Should Be True" owner="BuiltIn">
<arg>${True}</arg>
<doc>Fails if the given condition is not true.</doc>
<status status="PASS" start="2024-05-13T08:19:18.342647" elapsed="0.000147"/>
</kw>
<arg>${json_data["results"][0]["location"]["coordinates"]["latitude"]} &gt;= -90 and ${json_data["results"][0]["location"]["coordinates"]["latitude"]} &lt;= 90</arg>
<arg>Should Be True</arg>
<arg>${True}</arg>
<doc>Runs the given keyword with the given arguments, if ``condition`` is true.</doc>
<status status="PASS" start="2024-05-13T08:19:18.341871" elapsed="0.001051"/>
</kw>
<kw name="Run Keyword If" owner="BuiltIn">
<kw name="Should Be True" owner="BuiltIn">
<arg>${True}</arg>
<doc>Fails if the given condition is not true.</doc>
<status status="PASS" start="2024-05-13T08:19:18.343813" elapsed="0.000270"/>
</kw>
<arg>${json_data["results"][0]["location"]["coordinates"]["longitude"]} &gt;= -180 and ${json_data["results"][0]["location"]["coordinates"]["longitude"]} &lt;= 180</arg>
<arg>Should Be True</arg>
<arg>${True}</arg>
<doc>Runs the given keyword with the given arguments, if ``condition`` is true.</doc>
<status status="PASS" start="2024-05-13T08:19:18.343109" elapsed="0.001101"/>
</kw>
<status status="PASS" start="2024-05-13T08:19:18.242641" elapsed="0.101704"/>
</kw>
<doc>Testa o conteúdo específico dos campos retornados pela API.</doc>
<tag>testeConteudo</tag>
<status status="PASS" start="2024-05-13T08:19:18.242147" elapsed="0.102353"/>
</test>
<status status="PASS" start="2024-05-13T08:19:17.525045" elapsed="0.821502"/>
</suite>
<status status="PASS" start="2024-05-13T08:19:17.511052" elapsed="0.840699"/>
</suite>
<statistics>
<total>
<stat pass="5" fail="0" skip="0">All Tests</stat>
</total>
<tag>
<stat pass="1" fail="0" skip="0">testeConteudo</stat>
<stat pass="1" fail="0" skip="0">testeEstruturaResposta</stat>
<stat pass="1" fail="0" skip="0">testeRequisicaoBasica</stat>
<stat pass="1" fail="0" skip="0">testeTiposDados</stat>
</tag>
<suite>
<stat pass="5" fail="0" skip="0" id="s1" name="Tests">Tests</stat>
<stat pass="5" fail="0" skip="0" id="s1-s1" name="Random-User-Test">Tests.Random-User-Test</stat>
</suite>
</statistics>
<errors>
</errors>
</robot>
