<?xml version="1.0" encoding="UTF-8"?>
<robot generator="Robot 7.0 (Python 3.12.2 on linux)" generated="2024-03-26T22:14:03.848020" rpa="false" schemaversion="5">
<suite id="s1" name="Tests" source="/home/runner/work/DesafioQAItauRogerioJordao/DesafioQAItauRogerioJordao/RamdonUser/tests">
<suite id="s1-s1" name="Random-User-Test" source="/home/runner/work/DesafioQAItauRogerioJordao/DesafioQAItauRogerioJordao/RamdonUser/tests/random-user-test.robot">
<test id="s1-s1-t1" name="Conectar" line="13">
<kw name="Conectar API" owner="random-user-service">
<kw name="Create Session" owner="RequestsLibrary">
<msg time="2024-03-26T22:14:04.222115" level="INFO">Creating Session using : alias=consultarAPI, url=https://randomuser.me/, headers={},                     cookies={}, auth=None, timeout=None, proxies=None, verify=False,                     debug=0 </msg>
<arg>consultarAPI</arg>
<arg>${URL}</arg>
<doc>Create Session: create a HTTP session to a server</doc>
<status status="PASS" start="2024-03-26T22:14:04.221915" elapsed="0.000369"/>
</kw>
<status status="PASS" start="2024-03-26T22:14:04.220926" elapsed="0.001748"/>
</kw>
<status status="PASS" start="2024-03-26T22:14:04.220312" elapsed="0.002566"/>
</test>
<test id="s1-s1-t2" name="Validar retorno 200 e JSON Válido" line="16">
<kw name="Teste de Requisicao Basica" owner="random-user-service">
<kw name="GET On Session" owner="RequestsLibrary">
<msg time="2024-03-26T22:14:04.382279" level="INFO">GET Request : url=https://randomuser.me/api 
 path_url=/api 
 headers={'User-Agent': 'python-requests/2.31.0', 'Accept-Encoding': 'gzip, deflate', 'Accept': '*/*', 'Connection': 'keep-alive'} 
 body=None 
 </msg>
<msg time="2024-03-26T22:14:04.382471" level="INFO">GET Response : url=https://randomuser.me/api 
 status=200, reason=OK 
 headers={'Date': 'Tue, 26 Mar 2024 22:14:04 GMT', 'Content-Type': 'application/json; charset=utf-8', 'Transfer-Encoding': 'chunked', 'Connection': 'keep-alive', 'X-Powered-By': 'Express', 'Access-Control-Allow-Origin': '*', 'Cache-Control': 'no-cache', 'ETag': 'W/"47f-a8/tnIrtLW5YbMZ9ESGTedfIiRo"', 'Vary': 'Accept-Encoding', 'Content-Encoding': 'gzip', 'CF-Cache-Status': 'DYNAMIC', 'Report-To': '{"endpoints":[{"url":"https:\\/\\/a.nel.cloudflare.com\\/report\\/v4?s=cmsh6slhKNdVyuhnizQRiCIa1Qg46Mp1ErgS%2FM3nPgmmbCQszUNTb5kbL%2FA94zD03%2FdvBJpyr3BfTcMqpeMM0RDAUCbuxC94ZH28LUMwpKAM0hwljqrms1%2FeSbSqwl8p"}],"group":"cf-nel","max_age":604800}', 'NEL': '{"success_fraction":0,"report_to":"cf-nel","max_age":604800}', 'Server': 'cloudflare', 'CF-RAY': '86aa7dd4cad00fcd-LAX', 'alt-svc': 'h3=":443"; ma=86400'} 
 body={"results":[{"gender":"male","name":{"title":"Mr","first":"Arin","last":"Taj"},"location":{"street":{"number":2308,"name":"Bannerghatta Rd"},"city":"Aizawl","state":"Mizoram","country":"India","postcode":25455,"coordinates":{"latitude":"9.9492","longitude":"-156.6056"},"timezone":{"offset":"+4:00","description":"Abu Dhabi, Muscat, Baku, Tbilisi"}},"email":"arin.taj@example.com","login":{"uuid":"2f9300a2-5c57-449e-81d8-ac2bc24ee3f0","username":"ticklishlion662","password":"apple123","salt":"tYuEpJ3d","md5":"6a342397743675b9d57ccfcbd0ae27db","sha1":"432f45a8484b55325014c96055bf9b4bc6505af6","sha256":"05dbc3de56271e29b75b4d7ddf3ff9fed22d607384d917ad8739e21f30ec8ccb"},"dob":{"date":"1988-02-19T05:01:04.491Z","age":36},"registered":{"date":"2004-09-28T11:54:55.771Z","age":19},"phone":"9129929016","cell":"7687669770","id":{"name":"UIDAI","value":"990906466222"},"picture":{"large":"https://randomuser.me/api/portraits/men/74.jpg","medium":"https://randomuser.me/api/portraits/med/men/74.jpg","thumbnail":"https://randomuser.me/api/portraits/thumb/men/74.jpg"},"nat":"IN"}],"info":{"seed":"83974931298c2da6","results":1,"page":1,"version":"1.4"}} 
 </msg>
<msg time="2024-03-26T22:14:04.382591" level="INFO">/opt/hostedtoolcache/Python/3.12.2/x64/lib/python3.12/site-packages/urllib3/connectionpool.py:1103: InsecureRequestWarning: Unverified HTTPS request is being made to host 'randomuser.me'. Adding certificate verification is strongly advised. See: https://urllib3.readthedocs.io/en/latest/advanced-usage.html#tls-warnings
  warnings.warn(</msg>
<msg time="2024-03-26T22:14:04.382738" level="INFO">${response} = &lt;Response [200]&gt;</msg>
<var>${response}</var>
<arg>consultarAPI</arg>
<arg>/api</arg>
<doc>Sends a GET request on a previously created HTTP Session.</doc>
<status status="PASS" start="2024-03-26T22:14:04.225489" elapsed="0.157290"/>
</kw>
<kw name="Should Be Equal As Numbers" owner="BuiltIn">
<msg time="2024-03-26T22:14:04.383873" level="INFO">Argument types are:
&lt;class 'int'&gt;
&lt;class 'str'&gt;</msg>
<arg>${response.status_code}</arg>
<arg>200</arg>
<doc>Fails if objects are unequal after converting them to real numbers.</doc>
<status status="PASS" start="2024-03-26T22:14:04.383382" elapsed="0.000554"/>
</kw>
<kw name="Log" owner="BuiltIn">
<msg time="2024-03-26T22:14:04.384628" level="INFO">200</msg>
<arg>${response.status_code}</arg>
<doc>Logs the given message with the given level.</doc>
<status status="PASS" start="2024-03-26T22:14:04.384259" elapsed="0.000413"/>
</kw>
<kw name="Set Variable" owner="BuiltIn">
<msg time="2024-03-26T22:14:04.385442" level="INFO">${json_data} = {'results': [{'gender': 'male', 'name': {'title': 'Mr', 'first': 'Arin', 'last': 'Taj'}, 'location': {'street': {'number': 2308, 'name': 'Bannerghatta Rd'}, 'city': 'Aizawl', 'state': 'Mizoram', 'coun...</msg>
<var>${json_data}</var>
<arg>${response.json()}</arg>
<doc>Returns the given values which can then be assigned to a variables.</doc>
<status status="PASS" start="2024-03-26T22:14:04.384999" elapsed="0.000472"/>
</kw>
<kw name="Dictionary Should Contain Key" owner="Collections">
<msg time="2024-03-26T22:14:04.385944" level="INFO">False</msg>
<arg>${json_data}</arg>
<arg>results</arg>
<doc>Fails if ``key`` is not found from ``dictionary``.</doc>
<status status="PASS" start="2024-03-26T22:14:04.385776" elapsed="0.000208"/>
</kw>
<status status="PASS" start="2024-03-26T22:14:04.225242" elapsed="0.161004"/>
</kw>
<doc>Testa se a API responde corretamente e retorna um objeto JSON válido.</doc>
<tag>testeRequisicaoBasica</tag>
<status status="PASS" start="2024-03-26T22:14:04.224699" elapsed="0.161777"/>
</test>
<test id="s1-s1-t3" name="Validar estrutura de resposta" line="22">
<kw name="Teste de Estrutura de Resposta" owner="random-user-service">
<kw name="GET On Session" owner="RequestsLibrary">
<msg time="2024-03-26T22:14:04.486497" level="INFO">GET Request : url=https://randomuser.me/api 
 path_url=/api 
 headers={'User-Agent': 'python-requests/2.31.0', 'Accept-Encoding': 'gzip, deflate', 'Accept': '*/*', 'Connection': 'keep-alive'} 
 body=None 
 </msg>
<msg time="2024-03-26T22:14:04.486579" level="INFO">GET Response : url=https://randomuser.me/api 
 status=200, reason=OK 
 headers={'Date': 'Tue, 26 Mar 2024 22:14:04 GMT', 'Content-Type': 'application/json; charset=utf-8', 'Transfer-Encoding': 'chunked', 'Connection': 'keep-alive', 'X-Powered-By': 'Express', 'Access-Control-Allow-Origin': '*', 'Cache-Control': 'no-cache', 'ETag': 'W/"4b0-RU2Xa7alBSbd3mZvxTXPfXcCng4"', 'Vary': 'Accept-Encoding', 'Content-Encoding': 'gzip', 'CF-Cache-Status': 'DYNAMIC', 'Report-To': '{"endpoints":[{"url":"https:\\/\\/a.nel.cloudflare.com\\/report\\/v4?s=ZYICWI0TUNzgrN92oxe%2B5wGvpI5TDDIeeRLTkekZdaIidntv0TUESlsHiwt3HBgoqLFpxVTs3r35yryPpQ%2B7%2BWsqr8OG5SD%2FhPzo6wSS9jm%2B4k3ltD8Vb44OxNu2aswq"}],"group":"cf-nel","max_age":604800}', 'NEL': '{"success_fraction":0,"report_to":"cf-nel","max_age":604800}', 'Server': 'cloudflare', 'CF-RAY': '86aa7dd57bae0fcd-LAX', 'alt-svc': 'h3=":443"; ma=86400'} 
 body={"results":[{"gender":"female","name":{"title":"Mrs","first":"José","last":"Fuentes"},"location":{"street":{"number":8279,"name":"Calle de Ángel García"},"city":"Torrejón de Ardoz","state":"Extremadura","country":"Spain","postcode":96791,"coordinates":{"latitude":"-34.7198","longitude":"75.0383"},"timezone":{"offset":"0:00","description":"Western Europe Time, London, Lisbon, Casablanca"}},"email":"jose.fuentes@example.com","login":{"uuid":"7487dbd9-fac2-49fa-b9fb-54a6af2f32f6","username":"sadgoose358","password":"wildone","salt":"QWiK0ORM","md5":"e2669bef8325b364c49f749257f2e50c","sha1":"3e366f11bf64ca8f2776e58ca9eeaf1906ad19ca","sha256":"2b823b075f48b339ffe8e0ab1fc85f406a1fb175c19d608c382a1e1448b5e8da"},"dob":{"date":"1981-03-16T11:48:17.013Z","age":43},"registered":{"date":"2010-06-12T16:02:19.680Z","age":13},"phone":"991-921-930","cell":"687-779-276","id":{"name":"DNI","value":"33072914-M"},"picture":{"large":"https://randomuser.me/api/portraits/women/62.jpg","medium":"https://randomuser.me/api/portraits/med/women/62.jpg","thumbnail":"https://randomuser.me/api/portraits/thumb/women/62.jpg"},"nat":"ES"}],"info":{"seed":"f1677afb0047da6a","results":1,"page":1,"version":"1.4"}} 
 </msg>
<msg time="2024-03-26T22:14:04.486707" level="INFO">/opt/hostedtoolcache/Python/3.12.2/x64/lib/python3.12/site-packages/urllib3/connectionpool.py:1103: InsecureRequestWarning: Unverified HTTPS request is being made to host 'randomuser.me'. Adding certificate verification is strongly advised. See: https://urllib3.readthedocs.io/en/latest/advanced-usage.html#tls-warnings
  warnings.warn(</msg>
<msg time="2024-03-26T22:14:04.486827" level="INFO">${response} = &lt;Response [200]&gt;</msg>
<var>${response}</var>
<arg>consultarAPI</arg>
<arg>/api</arg>
<doc>Sends a GET request on a previously created HTTP Session.</doc>
<status status="PASS" start="2024-03-26T22:14:04.389293" elapsed="0.097583"/>
</kw>
<kw name="Set Variable" owner="BuiltIn">
<msg time="2024-03-26T22:14:04.487884" level="INFO">${json_data} = {'results': [{'gender': 'female', 'name': {'title': 'Mrs', 'first': 'José', 'last': 'Fuentes'}, 'location': {'street': {'number': 8279, 'name': 'Calle de Ángel García'}, 'city': 'Torrejón de Ardoz', '...</msg>
<var>${json_data}</var>
<arg>${response.json()}</arg>
<doc>Returns the given values which can then be assigned to a variables.</doc>
<status status="PASS" start="2024-03-26T22:14:04.487325" elapsed="0.000588"/>
</kw>
<kw name="Log" owner="BuiltIn">
<msg time="2024-03-26T22:14:04.488407" level="INFO">{'results': [{'gender': 'female', 'name': {'title': 'Mrs', 'first': 'José', 'last': 'Fuentes'}, 'location': {'street': {'number': 8279, 'name': 'Calle de Ángel García'}, 'city': 'Torrejón de Ardoz', 'state': 'Extremadura', 'country': 'Spain', 'postcode': 96791, 'coordinates': {'latitude': '-34.7198', 'longitude': '75.0383'}, 'timezone': {'offset': '0:00', 'description': 'Western Europe Time, London, Lisbon, Casablanca'}}, 'email': 'jose.fuentes@example.com', 'login': {'uuid': '7487dbd9-fac2-49fa-b9fb-54a6af2f32f6', 'username': 'sadgoose358', 'password': 'wildone', 'salt': 'QWiK0ORM', 'md5': 'e2669bef8325b364c49f749257f2e50c', 'sha1': '3e366f11bf64ca8f2776e58ca9eeaf1906ad19ca', 'sha256': '2b823b075f48b339ffe8e0ab1fc85f406a1fb175c19d608c382a1e1448b5e8da'}, 'dob': {'date': '1981-03-16T11:48:17.013Z', 'age': 43}, 'registered': {'date': '2010-06-12T16:02:19.680Z', 'age': 13}, 'phone': '991-921-930', 'cell': '687-779-276', 'id': {'name': 'DNI', 'value': '33072914-M'}, 'picture': {'large': 'https://randomuser.me/api/portraits/women/62.jpg', 'medium': 'https://randomuser.me/api/portraits/med/women/62.jpg', 'thumbnail': 'https://randomuser.me/api/portraits/thumb/women/62.jpg'}, 'nat': 'ES'}], 'info': {'seed': 'f1677afb0047da6a', 'results': 1, 'page': 1, 'version': '1.4'}}</msg>
<arg>${json_data}</arg>
<doc>Logs the given message with the given level.</doc>
<status status="PASS" start="2024-03-26T22:14:04.488242" elapsed="0.000215"/>
</kw>
<kw name="Dictionary Should Contain Key" owner="Collections">
<msg time="2024-03-26T22:14:04.488911" level="INFO">False</msg>
<arg>${json_data}</arg>
<arg>results</arg>
<doc>Fails if ``key`` is not found from ``dictionary``.</doc>
<status status="PASS" start="2024-03-26T22:14:04.488758" elapsed="0.000191"/>
</kw>
<kw name="Should Not Be Empty" owner="BuiltIn">
<msg time="2024-03-26T22:14:04.489385" level="INFO">Length is 2.</msg>
<arg>${json_data}</arg>
<doc>Verifies that the given item is not empty.</doc>
<status status="PASS" start="2024-03-26T22:14:04.489252" elapsed="0.000172"/>
</kw>
<kw name="Create List" owner="BuiltIn">
<msg time="2024-03-26T22:14:04.489876" level="INFO">${expected_keys} = ['gender', 'name', 'location', 'email', 'login']</msg>
<var>${expected_keys}</var>
<arg>gender</arg>
<arg>name</arg>
<arg>location</arg>
<arg>email</arg>
<arg>login</arg>
<doc>Returns a list containing given items.</doc>
<status status="PASS" start="2024-03-26T22:14:04.489714" elapsed="0.000187"/>
</kw>
<for flavor="IN">
<iter>
<kw name="Dictionary Should Contain Key" owner="Collections">
<msg time="2024-03-26T22:14:04.490919" level="INFO">False</msg>
<arg>${json_data['results'][0]}</arg>
<arg>${key}</arg>
<doc>Fails if ``key`` is not found from ``dictionary``.</doc>
<status status="PASS" start="2024-03-26T22:14:04.490513" elapsed="0.000446"/>
</kw>
<kw name="Log" owner="BuiltIn">
<msg time="2024-03-26T22:14:04.491640" level="INFO">{'gender': 'female', 'name': {'title': 'Mrs', 'first': 'José', 'last': 'Fuentes'}, 'location': {'street': {'number': 8279, 'name': 'Calle de Ángel García'}, 'city': 'Torrejón de Ardoz', 'state': 'Extremadura', 'country': 'Spain', 'postcode': 96791, 'coordinates': {'latitude': '-34.7198', 'longitude': '75.0383'}, 'timezone': {'offset': '0:00', 'description': 'Western Europe Time, London, Lisbon, Casablanca'}}, 'email': 'jose.fuentes@example.com', 'login': {'uuid': '7487dbd9-fac2-49fa-b9fb-54a6af2f32f6', 'username': 'sadgoose358', 'password': 'wildone', 'salt': 'QWiK0ORM', 'md5': 'e2669bef8325b364c49f749257f2e50c', 'sha1': '3e366f11bf64ca8f2776e58ca9eeaf1906ad19ca', 'sha256': '2b823b075f48b339ffe8e0ab1fc85f406a1fb175c19d608c382a1e1448b5e8da'}, 'dob': {'date': '1981-03-16T11:48:17.013Z', 'age': 43}, 'registered': {'date': '2010-06-12T16:02:19.680Z', 'age': 13}, 'phone': '991-921-930', 'cell': '687-779-276', 'id': {'name': 'DNI', 'value': '33072914-M'}, 'picture': {'large': 'https://randomuser.me/api/portraits/women/62.jpg', 'medium': 'https://randomuser.me/api/portraits/med/women/62.jpg', 'thumbnail': 'https://randomuser.me/api/portraits/thumb/women/62.jpg'}, 'nat': 'ES'}</msg>
<arg>${json_data['results'][0]}</arg>
<doc>Logs the given message with the given level.</doc>
<status status="PASS" start="2024-03-26T22:14:04.491266" elapsed="0.000429"/>
</kw>
<kw name="Log" owner="BuiltIn">
<msg time="2024-03-26T22:14:04.492132" level="INFO">gender</msg>
<arg>${key}</arg>
<doc>Logs the given message with the given level.</doc>
<status status="PASS" start="2024-03-26T22:14:04.492001" elapsed="0.000170"/>
</kw>
<var name="${key}">gender</var>
<status status="PASS" start="2024-03-26T22:14:04.490381" elapsed="0.002012"/>
</iter>
<iter>
<kw name="Dictionary Should Contain Key" owner="Collections">
<msg time="2024-03-26T22:14:04.493087" level="INFO">False</msg>
<arg>${json_data['results'][0]}</arg>
<arg>${key}</arg>
<doc>Fails if ``key`` is not found from ``dictionary``.</doc>
<status status="PASS" start="2024-03-26T22:14:04.492708" elapsed="0.000473"/>
</kw>
<kw name="Log" owner="BuiltIn">
<msg time="2024-03-26T22:14:04.493864" level="INFO">{'gender': 'female', 'name': {'title': 'Mrs', 'first': 'José', 'last': 'Fuentes'}, 'location': {'street': {'number': 8279, 'name': 'Calle de Ángel García'}, 'city': 'Torrejón de Ardoz', 'state': 'Extremadura', 'country': 'Spain', 'postcode': 96791, 'coordinates': {'latitude': '-34.7198', 'longitude': '75.0383'}, 'timezone': {'offset': '0:00', 'description': 'Western Europe Time, London, Lisbon, Casablanca'}}, 'email': 'jose.fuentes@example.com', 'login': {'uuid': '7487dbd9-fac2-49fa-b9fb-54a6af2f32f6', 'username': 'sadgoose358', 'password': 'wildone', 'salt': 'QWiK0ORM', 'md5': 'e2669bef8325b364c49f749257f2e50c', 'sha1': '3e366f11bf64ca8f2776e58ca9eeaf1906ad19ca', 'sha256': '2b823b075f48b339ffe8e0ab1fc85f406a1fb175c19d608c382a1e1448b5e8da'}, 'dob': {'date': '1981-03-16T11:48:17.013Z', 'age': 43}, 'registered': {'date': '2010-06-12T16:02:19.680Z', 'age': 13}, 'phone': '991-921-930', 'cell': '687-779-276', 'id': {'name': 'DNI', 'value': '33072914-M'}, 'picture': {'large': 'https://randomuser.me/api/portraits/women/62.jpg', 'medium': 'https://randomuser.me/api/portraits/med/women/62.jpg', 'thumbnail': 'https://randomuser.me/api/portraits/thumb/women/62.jpg'}, 'nat': 'ES'}</msg>
<arg>${json_data['results'][0]}</arg>
<doc>Logs the given message with the given level.</doc>
<status status="PASS" start="2024-03-26T22:14:04.493501" elapsed="0.000412"/>
</kw>
<kw name="Log" owner="BuiltIn">
<msg time="2024-03-26T22:14:04.494413" level="INFO">name</msg>
<arg>${key}</arg>
<doc>Logs the given message with the given level.</doc>
<status status="PASS" start="2024-03-26T22:14:04.494212" elapsed="0.000241"/>
</kw>
<var name="${key}">name</var>
<status status="PASS" start="2024-03-26T22:14:04.492592" elapsed="0.002091"/>
</iter>
<iter>
<kw name="Dictionary Should Contain Key" owner="Collections">
<msg time="2024-03-26T22:14:04.495358" level="INFO">False</msg>
<arg>${json_data['results'][0]}</arg>
<arg>${key}</arg>
<doc>Fails if ``key`` is not found from ``dictionary``.</doc>
<status status="PASS" start="2024-03-26T22:14:04.494976" elapsed="0.000420"/>
</kw>
<kw name="Log" owner="BuiltIn">
<msg time="2024-03-26T22:14:04.496092" level="INFO">{'gender': 'female', 'name': {'title': 'Mrs', 'first': 'José', 'last': 'Fuentes'}, 'location': {'street': {'number': 8279, 'name': 'Calle de Ángel García'}, 'city': 'Torrejón de Ardoz', 'state': 'Extremadura', 'country': 'Spain', 'postcode': 96791, 'coordinates': {'latitude': '-34.7198', 'longitude': '75.0383'}, 'timezone': {'offset': '0:00', 'description': 'Western Europe Time, London, Lisbon, Casablanca'}}, 'email': 'jose.fuentes@example.com', 'login': {'uuid': '7487dbd9-fac2-49fa-b9fb-54a6af2f32f6', 'username': 'sadgoose358', 'password': 'wildone', 'salt': 'QWiK0ORM', 'md5': 'e2669bef8325b364c49f749257f2e50c', 'sha1': '3e366f11bf64ca8f2776e58ca9eeaf1906ad19ca', 'sha256': '2b823b075f48b339ffe8e0ab1fc85f406a1fb175c19d608c382a1e1448b5e8da'}, 'dob': {'date': '1981-03-16T11:48:17.013Z', 'age': 43}, 'registered': {'date': '2010-06-12T16:02:19.680Z', 'age': 13}, 'phone': '991-921-930', 'cell': '687-779-276', 'id': {'name': 'DNI', 'value': '33072914-M'}, 'picture': {'large': 'https://randomuser.me/api/portraits/women/62.jpg', 'medium': 'https://randomuser.me/api/portraits/med/women/62.jpg', 'thumbnail': 'https://randomuser.me/api/portraits/thumb/women/62.jpg'}, 'nat': 'ES'}</msg>
<arg>${json_data['results'][0]}</arg>
<doc>Logs the given message with the given level.</doc>
<status status="PASS" start="2024-03-26T22:14:04.495697" elapsed="0.000449"/>
</kw>
<kw name="Log" owner="BuiltIn">
<msg time="2024-03-26T22:14:04.496573" level="INFO">location</msg>
<arg>${key}</arg>
<doc>Logs the given message with the given level.</doc>
<status status="PASS" start="2024-03-26T22:14:04.496446" elapsed="0.000166"/>
</kw>
<var name="${key}">location</var>
<status status="PASS" start="2024-03-26T22:14:04.494861" elapsed="0.001966"/>
</iter>
<iter>
<kw name="Dictionary Should Contain Key" owner="Collections">
<msg time="2024-03-26T22:14:04.497492" level="INFO">False</msg>
<arg>${json_data['results'][0]}</arg>
<arg>${key}</arg>
<doc>Fails if ``key`` is not found from ``dictionary``.</doc>
<status status="PASS" start="2024-03-26T22:14:04.497112" elapsed="0.000416"/>
</kw>
<kw name="Log" owner="BuiltIn">
<msg time="2024-03-26T22:14:04.498184" level="INFO">{'gender': 'female', 'name': {'title': 'Mrs', 'first': 'José', 'last': 'Fuentes'}, 'location': {'street': {'number': 8279, 'name': 'Calle de Ángel García'}, 'city': 'Torrejón de Ardoz', 'state': 'Extremadura', 'country': 'Spain', 'postcode': 96791, 'coordinates': {'latitude': '-34.7198', 'longitude': '75.0383'}, 'timezone': {'offset': '0:00', 'description': 'Western Europe Time, London, Lisbon, Casablanca'}}, 'email': 'jose.fuentes@example.com', 'login': {'uuid': '7487dbd9-fac2-49fa-b9fb-54a6af2f32f6', 'username': 'sadgoose358', 'password': 'wildone', 'salt': 'QWiK0ORM', 'md5': 'e2669bef8325b364c49f749257f2e50c', 'sha1': '3e366f11bf64ca8f2776e58ca9eeaf1906ad19ca', 'sha256': '2b823b075f48b339ffe8e0ab1fc85f406a1fb175c19d608c382a1e1448b5e8da'}, 'dob': {'date': '1981-03-16T11:48:17.013Z', 'age': 43}, 'registered': {'date': '2010-06-12T16:02:19.680Z', 'age': 13}, 'phone': '991-921-930', 'cell': '687-779-276', 'id': {'name': 'DNI', 'value': '33072914-M'}, 'picture': {'large': 'https://randomuser.me/api/portraits/women/62.jpg', 'medium': 'https://randomuser.me/api/portraits/med/women/62.jpg', 'thumbnail': 'https://randomuser.me/api/portraits/thumb/women/62.jpg'}, 'nat': 'ES'}</msg>
<arg>${json_data['results'][0]}</arg>
<doc>Logs the given message with the given level.</doc>
<status status="PASS" start="2024-03-26T22:14:04.497826" elapsed="0.000407"/>
</kw>
<kw name="Log" owner="BuiltIn">
<msg time="2024-03-26T22:14:04.498709" level="INFO">email</msg>
<arg>${key}</arg>
<doc>Logs the given message with the given level.</doc>
<status status="PASS" start="2024-03-26T22:14:04.498569" elapsed="0.000177"/>
</kw>
<var name="${key}">email</var>
<status status="PASS" start="2024-03-26T22:14:04.497001" elapsed="0.001958"/>
</iter>
<iter>
<kw name="Dictionary Should Contain Key" owner="Collections">
<msg time="2024-03-26T22:14:04.499638" level="INFO">False</msg>
<arg>${json_data['results'][0]}</arg>
<arg>${key}</arg>
<doc>Fails if ``key`` is not found from ``dictionary``.</doc>
<status status="PASS" start="2024-03-26T22:14:04.499249" elapsed="0.000426"/>
</kw>
<kw name="Log" owner="BuiltIn">
<msg time="2024-03-26T22:14:04.500331" level="INFO">{'gender': 'female', 'name': {'title': 'Mrs', 'first': 'José', 'last': 'Fuentes'}, 'location': {'street': {'number': 8279, 'name': 'Calle de Ángel García'}, 'city': 'Torrejón de Ardoz', 'state': 'Extremadura', 'country': 'Spain', 'postcode': 96791, 'coordinates': {'latitude': '-34.7198', 'longitude': '75.0383'}, 'timezone': {'offset': '0:00', 'description': 'Western Europe Time, London, Lisbon, Casablanca'}}, 'email': 'jose.fuentes@example.com', 'login': {'uuid': '7487dbd9-fac2-49fa-b9fb-54a6af2f32f6', 'username': 'sadgoose358', 'password': 'wildone', 'salt': 'QWiK0ORM', 'md5': 'e2669bef8325b364c49f749257f2e50c', 'sha1': '3e366f11bf64ca8f2776e58ca9eeaf1906ad19ca', 'sha256': '2b823b075f48b339ffe8e0ab1fc85f406a1fb175c19d608c382a1e1448b5e8da'}, 'dob': {'date': '1981-03-16T11:48:17.013Z', 'age': 43}, 'registered': {'date': '2010-06-12T16:02:19.680Z', 'age': 13}, 'phone': '991-921-930', 'cell': '687-779-276', 'id': {'name': 'DNI', 'value': '33072914-M'}, 'picture': {'large': 'https://randomuser.me/api/portraits/women/62.jpg', 'medium': 'https://randomuser.me/api/portraits/med/women/62.jpg', 'thumbnail': 'https://randomuser.me/api/portraits/thumb/women/62.jpg'}, 'nat': 'ES'}</msg>
<arg>${json_data['results'][0]}</arg>
<doc>Logs the given message with the given level.</doc>
<status status="PASS" start="2024-03-26T22:14:04.499968" elapsed="0.000412"/>
</kw>
<kw name="Log" owner="BuiltIn">
<msg time="2024-03-26T22:14:04.500834" level="INFO">login</msg>
<arg>${key}</arg>
<doc>Logs the given message with the given level.</doc>
<status status="PASS" start="2024-03-26T22:14:04.500704" elapsed="0.000268"/>
</kw>
<var name="${key}">login</var>
<status status="PASS" start="2024-03-26T22:14:04.499132" elapsed="0.002068"/>
</iter>
<var>${key}</var>
<value>@{expected_keys}</value>
<status status="PASS" start="2024-03-26T22:14:04.490159" elapsed="0.011164"/>
</for>
<kw name="Create List" owner="BuiltIn">
<msg time="2024-03-26T22:14:04.501652" level="INFO">${expected_keysTwo} = ['username', 'password']</msg>
<var>${expected_keysTwo}</var>
<arg>username</arg>
<arg>password</arg>
<doc>Returns a list containing given items.</doc>
<status status="PASS" start="2024-03-26T22:14:04.501516" elapsed="0.000160"/>
</kw>
<for flavor="IN">
<iter>
<kw name="Dictionary Should Contain Key" owner="Collections">
<msg time="2024-03-26T22:14:04.502618" level="INFO">False</msg>
<arg>${json_data['results'][0]['login']}</arg>
<arg>${keyTwo}</arg>
<doc>Fails if ``key`` is not found from ``dictionary``.</doc>
<status status="PASS" start="2024-03-26T22:14:04.502192" elapsed="0.000464"/>
</kw>
<kw name="Dictionary Should Contain Key" owner="Collections">
<msg time="2024-03-26T22:14:04.503338" level="INFO">False</msg>
<arg>${json_data['results'][0]['login']}</arg>
<arg>${keyTwo}</arg>
<doc>Fails if ``key`` is not found from ``dictionary``.</doc>
<status status="PASS" start="2024-03-26T22:14:04.502959" elapsed="0.000416"/>
</kw>
<kw name="Log" owner="BuiltIn">
<msg time="2024-03-26T22:14:04.503798" level="INFO">username</msg>
<arg>${keyTwo}</arg>
<doc>Logs the given message with the given level.</doc>
<status status="PASS" start="2024-03-26T22:14:04.503670" elapsed="0.000165"/>
</kw>
<var name="${keyTwo}">username</var>
<status status="PASS" start="2024-03-26T22:14:04.502081" elapsed="0.001968"/>
</iter>
<iter>
<kw name="Dictionary Should Contain Key" owner="Collections">
<msg time="2024-03-26T22:14:04.504733" level="INFO">False</msg>
<arg>${json_data['results'][0]['login']}</arg>
<arg>${keyTwo}</arg>
<doc>Fails if ``key`` is not found from ``dictionary``.</doc>
<status status="PASS" start="2024-03-26T22:14:04.504341" elapsed="0.000431"/>
</kw>
<kw name="Dictionary Should Contain Key" owner="Collections">
<msg time="2024-03-26T22:14:04.505445" level="INFO">False</msg>
<arg>${json_data['results'][0]['login']}</arg>
<arg>${keyTwo}</arg>
<doc>Fails if ``key`` is not found from ``dictionary``.</doc>
<status status="PASS" start="2024-03-26T22:14:04.505066" elapsed="0.000416"/>
</kw>
<kw name="Log" owner="BuiltIn">
<msg time="2024-03-26T22:14:04.505904" level="INFO">password</msg>
<arg>${keyTwo}</arg>
<doc>Logs the given message with the given level.</doc>
<status status="PASS" start="2024-03-26T22:14:04.505775" elapsed="0.000167"/>
</kw>
<var name="${keyTwo}">password</var>
<status status="PASS" start="2024-03-26T22:14:04.504229" elapsed="0.001929"/>
</iter>
<var>${keyTwo}</var>
<value>@{expected_keysTwo}</value>
<status status="PASS" start="2024-03-26T22:14:04.501913" elapsed="0.004368"/>
</for>
<status status="PASS" start="2024-03-26T22:14:04.389056" elapsed="0.117409"/>
</kw>
<doc>Testa a estrutura da resposta da API.</doc>
<tag>testeEstruturaResposta</tag>
<status status="PASS" start="2024-03-26T22:14:04.388294" elapsed="0.118325"/>
</test>
<test id="s1-s1-t4" name="Validar tipos de dados" line="28">
<kw name="Teste de Tipos de Dados" owner="random-user-service">
<kw name="GET On Session" owner="RequestsLibrary">
<msg time="2024-03-26T22:14:04.631307" level="INFO">GET Request : url=https://randomuser.me/api 
 path_url=/api 
 headers={'User-Agent': 'python-requests/2.31.0', 'Accept-Encoding': 'gzip, deflate', 'Accept': '*/*', 'Connection': 'keep-alive'} 
 body=None 
 </msg>
<msg time="2024-03-26T22:14:04.631373" level="INFO">GET Response : url=https://randomuser.me/api 
 status=200, reason=OK 
 headers={'Date': 'Tue, 26 Mar 2024 22:14:04 GMT', 'Content-Type': 'application/json; charset=utf-8', 'Transfer-Encoding': 'chunked', 'Connection': 'keep-alive', 'X-Powered-By': 'Express', 'Access-Control-Allow-Origin': '*', 'Cache-Control': 'no-cache', 'ETag': 'W/"498-PILw89R/XIZ7mk7MpwdnYdSnKos"', 'Vary': 'Accept-Encoding', 'Content-Encoding': 'gzip', 'CF-Cache-Status': 'DYNAMIC', 'Report-To': '{"endpoints":[{"url":"https:\\/\\/a.nel.cloudflare.com\\/report\\/v4?s=4dqJV45sd4i1FK5ZZLXA5HSm0T3pnluB7vAHv8q8zzfF0kfUfN9V4gdQkfe0bOukKGv8sVLOiSBSgupNlU1sMupoA4n%2B8uvlZud8gBo9sWsVJKTyVZcwviLnDUInO7dL"}],"group":"cf-nel","max_age":604800}', 'NEL': '{"success_fraction":0,"report_to":"cf-nel","max_age":604800}', 'Server': 'cloudflare', 'CF-RAY': '86aa7dd63ca90fcd-LAX', 'alt-svc': 'h3=":443"; ma=86400'} 
 body={"results":[{"gender":"female","name":{"title":"Mrs","first":"Hilla","last":"Ylitalo"},"location":{"street":{"number":7897,"name":"Verkatehtaankatu"},"city":"Mänttä","state":"Lapland","country":"Finland","postcode":11990,"coordinates":{"latitude":"-28.3981","longitude":"173.7335"},"timezone":{"offset":"-1:00","description":"Azores, Cape Verde Islands"}},"email":"hilla.ylitalo@example.com","login":{"uuid":"4f76cf84-0f5e-453f-96b9-c37fc233d679","username":"organicpeacock310","password":"report","salt":"7v5tp7Lx","md5":"bea8868d9b2bfc79bcb5d9e86813914e","sha1":"ce4923c93fc56bd3af5342633b8af00b9cc08f47","sha256":"d85f0c624383c05f974a56bc70ae470db1229588e729fa454774e7aeac40759e"},"dob":{"date":"1969-12-22T18:02:09.468Z","age":54},"registered":{"date":"2022-04-19T23:58:45.921Z","age":1},"phone":"03-218-445","cell":"046-078-85-64","id":{"name":"HETU","value":"NaNNA898undefined"},"picture":{"large":"https://randomuser.me/api/portraits/women/77.jpg","medium":"https://randomuser.me/api/portraits/med/women/77.jpg","thumbnail":"https://randomuser.me/api/portraits/thumb/women/77.jpg"},"nat":"FI"}],"info":{"seed":"459061ad7589b40c","results":1,"page":1,"version":"1.4"}} 
 </msg>
<msg time="2024-03-26T22:14:04.631428" level="INFO">/opt/hostedtoolcache/Python/3.12.2/x64/lib/python3.12/site-packages/urllib3/connectionpool.py:1103: InsecureRequestWarning: Unverified HTTPS request is being made to host 'randomuser.me'. Adding certificate verification is strongly advised. See: https://urllib3.readthedocs.io/en/latest/advanced-usage.html#tls-warnings
  warnings.warn(</msg>
<msg time="2024-03-26T22:14:04.631519" level="INFO">${response} = &lt;Response [200]&gt;</msg>
<var>${response}</var>
<arg>consultarAPI</arg>
<arg>/api</arg>
<doc>Sends a GET request on a previously created HTTP Session.</doc>
<status status="PASS" start="2024-03-26T22:14:04.509004" elapsed="0.122554"/>
</kw>
<kw name="Set Variable" owner="BuiltIn">
<msg time="2024-03-26T22:14:04.632569" level="INFO">${json_data} = {'results': [{'gender': 'female', 'name': {'title': 'Mrs', 'first': 'Hilla', 'last': 'Ylitalo'}, 'location': {'street': {'number': 7897, 'name': 'Verkatehtaankatu'}, 'city': 'Mänttä', 'state': 'Laplan...</msg>
<var>${json_data}</var>
<arg>${response.json()}</arg>
<doc>Returns the given values which can then be assigned to a variables.</doc>
<status status="PASS" start="2024-03-26T22:14:04.632013" elapsed="0.000586"/>
</kw>
<kw name="Log" owner="BuiltIn">
<msg time="2024-03-26T22:14:04.633070" level="INFO">{'results': [{'gender': 'female', 'name': {'title': 'Mrs', 'first': 'Hilla', 'last': 'Ylitalo'}, 'location': {'street': {'number': 7897, 'name': 'Verkatehtaankatu'}, 'city': 'Mänttä', 'state': 'Lapland', 'country': 'Finland', 'postcode': 11990, 'coordinates': {'latitude': '-28.3981', 'longitude': '173.7335'}, 'timezone': {'offset': '-1:00', 'description': 'Azores, Cape Verde Islands'}}, 'email': 'hilla.ylitalo@example.com', 'login': {'uuid': '4f76cf84-0f5e-453f-96b9-c37fc233d679', 'username': 'organicpeacock310', 'password': 'report', 'salt': '7v5tp7Lx', 'md5': 'bea8868d9b2bfc79bcb5d9e86813914e', 'sha1': 'ce4923c93fc56bd3af5342633b8af00b9cc08f47', 'sha256': 'd85f0c624383c05f974a56bc70ae470db1229588e729fa454774e7aeac40759e'}, 'dob': {'date': '1969-12-22T18:02:09.468Z', 'age': 54}, 'registered': {'date': '2022-04-19T23:58:45.921Z', 'age': 1}, 'phone': '03-218-445', 'cell': '046-078-85-64', 'id': {'name': 'HETU', 'value': 'NaNNA898undefined'}, 'picture': {'large': 'https://randomuser.me/api/portraits/women/77.jpg', 'medium': 'https://randomuser.me/api/portraits/med/women/77.jpg', 'thumbnail': 'https://randomuser.me/api/portraits/thumb/women/77.jpg'}, 'nat': 'FI'}], 'info': {'seed': '459061ad7589b40c', 'results': 1, 'page': 1, 'version': '1.4'}}</msg>
<arg>${json_data}</arg>
<doc>Logs the given message with the given level.</doc>
<status status="PASS" start="2024-03-26T22:14:04.632912" elapsed="0.000248"/>
</kw>
<kw name="Should Be String" owner="String">
<arg>${json_data['results'][0]['gender']}</arg>
<doc>Fails if the given ``item`` is not a string.</doc>
<status status="PASS" start="2024-03-26T22:14:04.633464" elapsed="0.000366"/>
</kw>
<kw name="Should Match Regexp" owner="BuiltIn">
<arg>${json_data['results'][0]['email']}</arg>
<arg>^[a-zA-Z0-9._%+-]+@[a-zA-Z0-9.-]+\.[a-zA-Z]{2,}$</arg>
<doc>Fails if ``string`` does not match ``pattern`` as a regular expression.</doc>
<status status="PASS" start="2024-03-26T22:14:04.634028" elapsed="0.000557"/>
</kw>
<kw name="Should Match Regexp" owner="BuiltIn">
<arg>${json_data['results'][0]['dob']['date']}</arg>
<arg>\\d{4}-\\d{2}-\\d{2}T\\d{2}:\\d{2}:\\d{2}\\.\\d{3}Z</arg>
<doc>Fails if ``string`` does not match ``pattern`` as a regular expression.</doc>
<status status="PASS" start="2024-03-26T22:14:04.634787" elapsed="0.000486"/>
</kw>
<kw name="Should Match Regexp" owner="BuiltIn">
<arg>${json_data['results'][0]['registered']['date']}</arg>
<arg>\\d{4}-\\d{2}-\\d{2}T\\d{2}:\\d{2}:\\d{2}\\.\\d{3}Z</arg>
<doc>Fails if ``string`` does not match ``pattern`` as a regular expression.</doc>
<status status="PASS" start="2024-03-26T22:14:04.635465" elapsed="0.000366"/>
</kw>
<kw name="Should Match Regexp" owner="BuiltIn">
<arg>${json_data['results'][0]['picture']['large']}</arg>
<arg>^https?://.*\.(?:png|jpe?g|gif|bmp)$</arg>
<doc>Fails if ``string`` does not match ``pattern`` as a regular expression.</doc>
<status status="PASS" start="2024-03-26T22:14:04.636017" elapsed="0.000469"/>
</kw>
<kw name="Should Match Regexp" owner="BuiltIn">
<arg>${json_data['results'][0]['picture']['medium']}</arg>
<arg>^https?://.*\.(?:png|jpe?g|gif|bmp)$</arg>
<doc>Fails if ``string`` does not match ``pattern`` as a regular expression.</doc>
<status status="PASS" start="2024-03-26T22:14:04.636677" elapsed="0.000359"/>
</kw>
<kw name="Should Match Regexp" owner="BuiltIn">
<arg>${json_data['results'][0]['picture']['thumbnail']}</arg>
<arg>^https?://.*\.(?:png|jpe?g|gif|bmp)$</arg>
<doc>Fails if ``string`` does not match ``pattern`` as a regular expression.</doc>
<status status="PASS" start="2024-03-26T22:14:04.637230" elapsed="0.000348"/>
</kw>
<kw name="Log" owner="BuiltIn">
<msg time="2024-03-26T22:14:04.638081" level="INFO">{'large': 'https://randomuser.me/api/portraits/women/77.jpg', 'medium': 'https://randomuser.me/api/portraits/med/women/77.jpg', 'thumbnail': 'https://randomuser.me/api/portraits/thumb/women/77.jpg'}</msg>
<arg>${json_data['results'][0]['picture']}</arg>
<doc>Logs the given message with the given level.</doc>
<status status="PASS" start="2024-03-26T22:14:04.637760" elapsed="0.000368"/>
</kw>
<status status="PASS" start="2024-03-26T22:14:04.508778" elapsed="0.129641"/>
</kw>
<kw name="Teste de Tipos de Dados - Postcode" owner="random-user-service">
<kw name="GET On Session" owner="RequestsLibrary">
<msg time="2024-03-26T22:14:04.752053" level="INFO">GET Request : url=https://randomuser.me/api 
 path_url=/api 
 headers={'User-Agent': 'python-requests/2.31.0', 'Accept-Encoding': 'gzip, deflate', 'Accept': '*/*', 'Connection': 'keep-alive'} 
 body=None 
 </msg>
<msg time="2024-03-26T22:14:04.752139" level="INFO">GET Response : url=https://randomuser.me/api 
 status=200, reason=OK 
 headers={'Date': 'Tue, 26 Mar 2024 22:14:04 GMT', 'Content-Type': 'application/json; charset=utf-8', 'Transfer-Encoding': 'chunked', 'Connection': 'keep-alive', 'X-Powered-By': 'Express', 'Access-Control-Allow-Origin': '*', 'Cache-Control': 'no-cache', 'ETag': 'W/"47d-by7zuLOjmZbCkzhZo1Mn10lBJfw"', 'Vary': 'Accept-Encoding', 'Content-Encoding': 'gzip', 'CF-Cache-Status': 'DYNAMIC', 'Report-To': '{"endpoints":[{"url":"https:\\/\\/a.nel.cloudflare.com\\/report\\/v4?s=lvTYbvND3EdZ%2Bx6%2FfCXJysmA7sSV8cr8oAU7DjZ4yBYzAoZ%2F4xACIFnBaqOIMIFvFO1pM3yVOdOiXtyfKN99d0e2i11HH8tm0Ef3C4SKFMGQFGjXmm18QPScblQyyhse"}],"group":"cf-nel","max_age":604800}', 'NEL': '{"success_fraction":0,"report_to":"cf-nel","max_age":604800}', 'Server': 'cloudflare', 'CF-RAY': '86aa7dd70def0fcd-LAX', 'alt-svc': 'h3=":443"; ma=86400'} 
 body={"results":[{"gender":"female","name":{"title":"Mrs","first":"Inga","last":"Gottschalk"},"location":{"street":{"number":9178,"name":"Gartenstraße"},"city":"Marktbreit","state":"Hamburg","country":"Germany","postcode":56989,"coordinates":{"latitude":"-52.2182","longitude":"168.8990"},"timezone":{"offset":"-9:00","description":"Alaska"}},"email":"inga.gottschalk@example.com","login":{"uuid":"7381e585-884b-48ef-bfab-bb0c0f6ac134","username":"sadpanda727","password":"orion1","salt":"GtRF59T9","md5":"8937c5143399de8e6dd767eb8c2fda84","sha1":"69cdf8a24503e481563dc466de4131fb4e202546","sha256":"566eaacd43cffff0532fb879a217bd479f45bbd184e7c3365e2aeb35c37da079"},"dob":{"date":"1946-04-03T14:34:30.865Z","age":77},"registered":{"date":"2018-05-10T05:23:38.478Z","age":5},"phone":"0946-7122031","cell":"0176-4199458","id":{"name":"SVNR","value":"66 030446 G 635"},"picture":{"large":"https://randomuser.me/api/portraits/women/1.jpg","medium":"https://randomuser.me/api/portraits/med/women/1.jpg","thumbnail":"https://randomuser.me/api/portraits/thumb/women/1.jpg"},"nat":"DE"}],"info":{"seed":"5dbfff323a05dbdc","results":1,"page":1,"version":"1.4"}} 
 </msg>
<msg time="2024-03-26T22:14:04.752226" level="INFO">/opt/hostedtoolcache/Python/3.12.2/x64/lib/python3.12/site-packages/urllib3/connectionpool.py:1103: InsecureRequestWarning: Unverified HTTPS request is being made to host 'randomuser.me'. Adding certificate verification is strongly advised. See: https://urllib3.readthedocs.io/en/latest/advanced-usage.html#tls-warnings
  warnings.warn(</msg>
<msg time="2024-03-26T22:14:04.752342" level="INFO">${response} = &lt;Response [200]&gt;</msg>
<var>${response}</var>
<arg>consultarAPI</arg>
<arg>/api</arg>
<doc>Sends a GET request on a previously created HTTP Session.</doc>
<status status="PASS" start="2024-03-26T22:14:04.638985" elapsed="0.113405"/>
</kw>
<kw name="Set Variable" owner="BuiltIn">
<msg time="2024-03-26T22:14:04.753398" level="INFO">${json_data} = {'results': [{'gender': 'female', 'name': {'title': 'Mrs', 'first': 'Inga', 'last': 'Gottschalk'}, 'location': {'street': {'number': 9178, 'name': 'Gartenstraße'}, 'city': 'Marktbreit', 'state': 'Hamb...</msg>
<var>${json_data}</var>
<arg>${response.json()}</arg>
<doc>Returns the given values which can then be assigned to a variables.</doc>
<status status="PASS" start="2024-03-26T22:14:04.752845" elapsed="0.000582"/>
</kw>
<kw name="Log" owner="BuiltIn">
<msg time="2024-03-26T22:14:04.753888" level="INFO">{'results': [{'gender': 'female', 'name': {'title': 'Mrs', 'first': 'Inga', 'last': 'Gottschalk'}, 'location': {'street': {'number': 9178, 'name': 'Gartenstraße'}, 'city': 'Marktbreit', 'state': 'Hamburg', 'country': 'Germany', 'postcode': 56989, 'coordinates': {'latitude': '-52.2182', 'longitude': '168.8990'}, 'timezone': {'offset': '-9:00', 'description': 'Alaska'}}, 'email': 'inga.gottschalk@example.com', 'login': {'uuid': '7381e585-884b-48ef-bfab-bb0c0f6ac134', 'username': 'sadpanda727', 'password': 'orion1', 'salt': 'GtRF59T9', 'md5': '8937c5143399de8e6dd767eb8c2fda84', 'sha1': '69cdf8a24503e481563dc466de4131fb4e202546', 'sha256': '566eaacd43cffff0532fb879a217bd479f45bbd184e7c3365e2aeb35c37da079'}, 'dob': {'date': '1946-04-03T14:34:30.865Z', 'age': 77}, 'registered': {'date': '2018-05-10T05:23:38.478Z', 'age': 5}, 'phone': '0946-7122031', 'cell': '0176-4199458', 'id': {'name': 'SVNR', 'value': '66 030446 G 635'}, 'picture': {'large': 'https://randomuser.me/api/portraits/women/1.jpg', 'medium': 'https://randomuser.me/api/portraits/med/women/1.jpg', 'thumbnail': 'https://randomuser.me/api/portraits/thumb/women/1.jpg'}, 'nat': 'DE'}], 'info': {'seed': '5dbfff323a05dbdc', 'results': 1, 'page': 1, 'version': '1.4'}}</msg>
<arg>${json_data}</arg>
<doc>Logs the given message with the given level.</doc>
<status status="PASS" start="2024-03-26T22:14:04.753732" elapsed="0.000235"/>
</kw>
<kw name="Should Be Equal As Numbers" owner="BuiltIn">
<arg>${json_data['results'][0]['location']['postcode']}</arg>
<arg>${json_data['results'][0]['location']['postcode']}</arg>
<doc>Fails if objects are unequal after converting them to real numbers.</doc>
<status status="PASS" start="2024-03-26T22:14:04.754279" elapsed="0.000675"/>
</kw>
<kw name="Log" owner="BuiltIn">
<msg time="2024-03-26T22:14:04.755482" level="INFO">56989</msg>
<arg>${json_data['results'][0]['location']['postcode']}</arg>
<doc>Logs the given message with the given level.</doc>
<status status="PASS" start="2024-03-26T22:14:04.755147" elapsed="0.000375"/>
</kw>
<status status="PASS" start="2024-03-26T22:14:04.638641" elapsed="0.117133"/>
</kw>
<doc>Testa se os tipos de dados na resposta da API estão corretos.</doc>
<tag>testeTiposDados</tag>
<status status="PASS" start="2024-03-26T22:14:04.508324" elapsed="0.247611"/>
</test>
<test id="s1-s1-t5" name="Validar conteudo" line="35">
<kw name="Teste de Tipos de Conteudo" owner="random-user-service">
<kw name="GET On Session" owner="RequestsLibrary">
<msg time="2024-03-26T22:14:04.859407" level="INFO">GET Request : url=https://randomuser.me/api 
 path_url=/api 
 headers={'User-Agent': 'python-requests/2.31.0', 'Accept-Encoding': 'gzip, deflate', 'Accept': '*/*', 'Connection': 'keep-alive'} 
 body=None 
 </msg>
<msg time="2024-03-26T22:14:04.859493" level="INFO">GET Response : url=https://randomuser.me/api 
 status=200, reason=OK 
 headers={'Date': 'Tue, 26 Mar 2024 22:14:04 GMT', 'Content-Type': 'application/json; charset=utf-8', 'Transfer-Encoding': 'chunked', 'Connection': 'keep-alive', 'X-Powered-By': 'Express', 'Access-Control-Allow-Origin': '*', 'Cache-Control': 'no-cache', 'ETag': 'W/"485-4UMgrYeo8qQRll1QCql/5Www5kQ"', 'Vary': 'Accept-Encoding', 'Content-Encoding': 'gzip', 'CF-Cache-Status': 'DYNAMIC', 'Report-To': '{"endpoints":[{"url":"https:\\/\\/a.nel.cloudflare.com\\/report\\/v4?s=QqAtzoMKC3KODSDPHFnXgM1xyBy7HVKsRMOGrHc7CxLUOvOJNRZujOmpFPd%2Bs9KaLOfwEXb8MMfXHkAFJyG9SIrPK1%2B88Z8ANHWKRxH1HHqbT4D2UbB1UhqZJVavq%2Fjc"}],"group":"cf-nel","max_age":604800}', 'NEL': '{"success_fraction":0,"report_to":"cf-nel","max_age":604800}', 'Server': 'cloudflare', 'CF-RAY': '86aa7dd7cf050fcd-LAX', 'alt-svc': 'h3=":443"; ma=86400'} 
 body={"results":[{"gender":"female","name":{"title":"Mrs","first":"Melike","last":"Limoncuoğlu"},"location":{"street":{"number":8020,"name":"Maçka Cd"},"city":"Iğdır","state":"Kahramanmaraş","country":"Turkey","postcode":24773,"coordinates":{"latitude":"66.5540","longitude":"169.5621"},"timezone":{"offset":"+9:30","description":"Adelaide, Darwin"}},"email":"melike.limoncuoglu@example.com","login":{"uuid":"a97ecbf9-2ca6-436c-bca6-d3ba7b83ee6b","username":"happyswan318","password":"oklahoma","salt":"VNznzYRX","md5":"b53cb96ba4abbd2ef03115fbb0a75c6c","sha1":"a8e3cd0a4b52f8c87cc26a668cc687c6aee5d459","sha256":"cb7e7b07a12d941b34481de0cae9e9d07550941603e87d6564a15326c78b2a64"},"dob":{"date":"1986-03-23T20:09:31.500Z","age":38},"registered":{"date":"2015-01-23T19:18:12.299Z","age":9},"phone":"(752)-994-7381","cell":"(895)-130-4367","id":{"name":"","value":null},"picture":{"large":"https://randomuser.me/api/portraits/women/45.jpg","medium":"https://randomuser.me/api/portraits/med/women/45.jpg","thumbnail":"https://randomuser.me/api/portraits/thumb/women/45.jpg"},"nat":"TR"}],"info":{"seed":"a486f9e2f36a03a2","results":1,"page":1,"version":"1.4"}} 
 </msg>
<msg time="2024-03-26T22:14:04.859568" level="INFO">/opt/hostedtoolcache/Python/3.12.2/x64/lib/python3.12/site-packages/urllib3/connectionpool.py:1103: InsecureRequestWarning: Unverified HTTPS request is being made to host 'randomuser.me'. Adding certificate verification is strongly advised. See: https://urllib3.readthedocs.io/en/latest/advanced-usage.html#tls-warnings
  warnings.warn(</msg>
<msg time="2024-03-26T22:14:04.859656" level="INFO">${response} = &lt;Response [200]&gt;</msg>
<var>${response}</var>
<arg>consultarAPI</arg>
<arg>/api</arg>
<doc>Sends a GET request on a previously created HTTP Session.</doc>
<status status="PASS" start="2024-03-26T22:14:04.758317" elapsed="0.101376"/>
</kw>
<kw name="Set Variable" owner="BuiltIn">
<msg time="2024-03-26T22:14:04.860503" level="INFO">${json_data} = {'results': [{'gender': 'female', 'name': {'title': 'Mrs', 'first': 'Melike', 'last': 'Limoncuoğlu'}, 'location': {'street': {'number': 8020, 'name': 'Maçka Cd'}, 'city': 'Iğdır', 'state': 'Kahramanma...</msg>
<var>${json_data}</var>
<arg>${response.json()}</arg>
<doc>Returns the given values which can then be assigned to a variables.</doc>
<status status="PASS" start="2024-03-26T22:14:04.860059" elapsed="0.000475"/>
</kw>
<kw name="Set Variable" owner="BuiltIn">
<msg time="2024-03-26T22:14:04.861222" level="INFO">${name_title} = Mrs</msg>
<var>${name_title}</var>
<arg>${json_data["results"][0]["name"]["title"]}</arg>
<doc>Returns the given values which can then be assigned to a variables.</doc>
<status status="PASS" start="2024-03-26T22:14:04.860837" elapsed="0.000411"/>
</kw>
<kw name="Create List" owner="BuiltIn">
<msg time="2024-03-26T22:14:04.861717" level="INFO">${allowed_titles} = ['Mr', 'Ms', 'Miss', 'Mrs', 'Madame', 'Monsieur']</msg>
<var>${allowed_titles}</var>
<arg>Mr</arg>
<arg>Ms</arg>
<arg>Miss</arg>
<arg>Mrs</arg>
<arg>Madame</arg>
<arg>Monsieur</arg>
<doc>Returns a list containing given items.</doc>
<status status="PASS" start="2024-03-26T22:14:04.861563" elapsed="0.000178"/>
</kw>
<kw name="List Should Contain Value" owner="Collections">
<msg time="2024-03-26T22:14:04.862220" level="INFO">False</msg>
<arg>${allowed_titles}</arg>
<arg>${name_title}</arg>
<doc>Fails if the ``value`` is not found from ``list``.</doc>
<status status="PASS" start="2024-03-26T22:14:04.862047" elapsed="0.000210"/>
</kw>
<kw name="Set Variable" owner="BuiltIn">
<msg time="2024-03-26T22:14:04.862969" level="INFO">${name_country} = TR</msg>
<var>${name_country}</var>
<arg>${json_data["results"][0]["nat"]}</arg>
<doc>Returns the given values which can then be assigned to a variables.</doc>
<status status="PASS" start="2024-03-26T22:14:04.862595" elapsed="0.000400"/>
</kw>
<kw name="Create List" owner="BuiltIn">
<msg time="2024-03-26T22:14:04.863914" level="INFO">${list_country} = ['AD', 'AE', 'AF', 'AG', 'AI', 'AL', 'AM', 'AO', 'AQ', 'AR', 'AS', 'AT', 'AU', 'AW', 'AX', 'AZ', 'BA', 'BB', 'BD', 'BE', 'BF', 'BG', 'BH', 'BI', 'BJ', 'BL', 'BM', 'BN', 'BO', 'BQ', 'BR', 'BS', 'BT', '...</msg>
<var>${list_country}</var>
<arg>AD</arg>
<arg>AE</arg>
<arg>AF</arg>
<arg>AG</arg>
<arg>AI</arg>
<arg>AL</arg>
<arg>AM</arg>
<arg>AO</arg>
<arg>AQ</arg>
<arg>AR</arg>
<arg>AS</arg>
<arg>AT</arg>
<arg>AU</arg>
<arg>AW</arg>
<arg>AX</arg>
<arg>AZ</arg>
<arg>BA</arg>
<arg>BB</arg>
<arg>BD</arg>
<arg>BE</arg>
<arg>BF</arg>
<arg>BG</arg>
<arg>BH</arg>
<arg>BI</arg>
<arg>BJ</arg>
<arg>BL</arg>
<arg>BM</arg>
<arg>BN</arg>
<arg>BO</arg>
<arg>BQ</arg>
<arg>BR</arg>
<arg>BS</arg>
<arg>BT</arg>
<arg>BV</arg>
<arg>BW</arg>
<arg>BY</arg>
<arg>BZ</arg>
<arg>CA</arg>
<arg>CC</arg>
<arg>CD</arg>
<arg>CF</arg>
<arg>CG</arg>
<arg>CH</arg>
<arg>CI</arg>
<arg>CK</arg>
<arg>CL</arg>
<arg>CM</arg>
<arg>CN</arg>
<arg>CO</arg>
<arg>CR</arg>
<arg>CU</arg>
<arg>CV</arg>
<arg>CW</arg>
<arg>CX</arg>
<arg>CY</arg>
<arg>CZ</arg>
<arg>DE</arg>
<arg>DJ</arg>
<arg>DK</arg>
<arg>DM</arg>
<arg>DO</arg>
<arg>DZ</arg>
<arg>EC</arg>
<arg>EE</arg>
<arg>EG</arg>
<arg>EH</arg>
<arg>ER</arg>
<arg>ES</arg>
<arg>ET</arg>
<arg>FI</arg>
<arg>FJ</arg>
<arg>FK</arg>
<arg>FM</arg>
<arg>FO</arg>
<arg>FR</arg>
<arg>GA</arg>
<arg>GB</arg>
<arg>GD</arg>
<arg>GE</arg>
<arg>GF</arg>
<arg>GG</arg>
<arg>GH</arg>
<arg>GI</arg>
<arg>GL</arg>
<arg>GM</arg>
<arg>GN</arg>
<arg>GP</arg>
<arg>GQ</arg>
<arg>GR</arg>
<arg>GS</arg>
<arg>GT</arg>
<arg>GU</arg>
<arg>GW</arg>
<arg>GY</arg>
<arg>HK</arg>
<arg>HM</arg>
<arg>HN</arg>
<arg>HR</arg>
<arg>HT</arg>
<arg>HU</arg>
<arg>ID</arg>
<arg>IE</arg>
<arg>IL</arg>
<arg>IM</arg>
<arg>IN</arg>
<arg>IO</arg>
<arg>IQ</arg>
<arg>IR</arg>
<arg>IS</arg>
<arg>IT</arg>
<arg>JE</arg>
<arg>JM</arg>
<arg>JO</arg>
<arg>JP</arg>
<arg>KE</arg>
<arg>KG</arg>
<arg>KH</arg>
<arg>KI</arg>
<arg>KM</arg>
<arg>KN</arg>
<arg>KP</arg>
<arg>KR</arg>
<arg>KW</arg>
<arg>KY</arg>
<arg>KZ</arg>
<arg>LA</arg>
<arg>LB</arg>
<arg>LC</arg>
<arg>LI</arg>
<arg>LK</arg>
<arg>LR</arg>
<arg>LS</arg>
<arg>LT</arg>
<arg>LU</arg>
<arg>LV</arg>
<arg>LY</arg>
<arg>MA</arg>
<arg>MC</arg>
<arg>MD</arg>
<arg>ME</arg>
<arg>MF</arg>
<arg>MG</arg>
<arg>MH</arg>
<arg>MK</arg>
<arg>ML</arg>
<arg>MM</arg>
<arg>MN</arg>
<arg>MO</arg>
<arg>MP</arg>
<arg>MQ</arg>
<arg>MR</arg>
<arg>MS</arg>
<arg>MT</arg>
<arg>MU</arg>
<arg>MV</arg>
<arg>MW</arg>
<arg>MX</arg>
<arg>MY</arg>
<arg>MZ</arg>
<arg>NA</arg>
<arg>NC</arg>
<arg>NE</arg>
<arg>NF</arg>
<arg>NG</arg>
<arg>NI</arg>
<arg>NL</arg>
<arg>NO</arg>
<arg>NP</arg>
<arg>NR</arg>
<arg>NU</arg>
<arg>NZ</arg>
<arg>OM</arg>
<arg>PA</arg>
<arg>PE</arg>
<arg>PF</arg>
<arg>PG</arg>
<arg>PH</arg>
<arg>PK</arg>
<arg>PL</arg>
<arg>PM</arg>
<arg>PN</arg>
<arg>PR</arg>
<arg>PS</arg>
<arg>PT</arg>
<arg>PW</arg>
<arg>PY</arg>
<arg>QA</arg>
<arg>RE</arg>
<arg>RO</arg>
<arg>RS</arg>
<arg>RU</arg>
<arg>RW</arg>
<arg>SA</arg>
<arg>SB</arg>
<arg>SC</arg>
<arg>SD</arg>
<arg>SE</arg>
<arg>SG</arg>
<arg>SH</arg>
<arg>SI</arg>
<arg>SJ</arg>
<arg>SK</arg>
<arg>SL</arg>
<arg>SM</arg>
<arg>SN</arg>
<arg>SO</arg>
<arg>SR</arg>
<arg>SS</arg>
<arg>ST</arg>
<arg>SV</arg>
<arg>SX</arg>
<arg>SY</arg>
<arg>SZ</arg>
<arg>TC</arg>
<arg>TD</arg>
<arg>TF</arg>
<arg>TG</arg>
<arg>TH</arg>
<arg>TJ</arg>
<arg>TK</arg>
<arg>TL</arg>
<arg>TM</arg>
<arg>TN</arg>
<arg>TO</arg>
<arg>TR</arg>
<arg>TT</arg>
<arg>TV</arg>
<arg>TW</arg>
<arg>TZ</arg>
<arg>UA</arg>
<arg>UG</arg>
<arg>UM</arg>
<arg>US</arg>
<arg>UY</arg>
<arg>UZ</arg>
<arg>VA</arg>
<arg>VC</arg>
<arg>VE</arg>
<arg>VG</arg>
<arg>VI</arg>
<arg>VN</arg>
<arg>VU</arg>
<arg>WF</arg>
<arg>WS</arg>
<arg>XK</arg>
<arg>YE</arg>
<arg>YT</arg>
<arg>ZA</arg>
<arg>ZM</arg>
<arg>ZW</arg>
<doc>Returns a list containing given items.</doc>
<status status="PASS" start="2024-03-26T22:14:04.863309" elapsed="0.000632"/>
</kw>
<kw name="List Should Contain Value" owner="Collections">
<msg time="2024-03-26T22:14:04.865042" level="INFO">False</msg>
<arg>${list_country}</arg>
<arg>${name_country}</arg>
<doc>Fails if the ``value`` is not found from ``list``.</doc>
<status status="PASS" start="2024-03-26T22:14:04.864834" elapsed="0.000246"/>
</kw>
<kw name="Run Keyword If" owner="BuiltIn">
<kw name="Should Be True" owner="BuiltIn">
<arg>${True}</arg>
<doc>Fails if the given condition is not true.</doc>
<status status="PASS" start="2024-03-26T22:14:04.866142" elapsed="0.000163"/>
</kw>
<arg>${json_data["results"][0]["location"]["coordinates"]["latitude"]} &gt;= -90 and ${json_data["results"][0]["location"]["coordinates"]["latitude"]} &lt;= 90</arg>
<arg>Should Be True</arg>
<arg>${True}</arg>
<doc>Runs the given keyword with the given arguments, if ``condition`` is true.</doc>
<status status="PASS" start="2024-03-26T22:14:04.865394" elapsed="0.001043"/>
</kw>
<kw name="Run Keyword If" owner="BuiltIn">
<kw name="Should Be True" owner="BuiltIn">
<arg>${True}</arg>
<doc>Fails if the given condition is not true.</doc>
<status status="PASS" start="2024-03-26T22:14:04.867340" elapsed="0.000142"/>
</kw>
<arg>${json_data["results"][0]["location"]["coordinates"]["longitude"]} &gt;= -180 and ${json_data["results"][0]["location"]["coordinates"]["longitude"]} &lt;= 180</arg>
<arg>Should Be True</arg>
<arg>${True}</arg>
<doc>Runs the given keyword with the given arguments, if ``condition`` is true.</doc>
<status status="PASS" start="2024-03-26T22:14:04.866624" elapsed="0.000983"/>
</kw>
<status status="PASS" start="2024-03-26T22:14:04.758056" elapsed="0.109682"/>
</kw>
<doc>Testa o conteúdo específico dos campos retornados pela API.</doc>
<tag>testeConteudo</tag>
<status status="PASS" start="2024-03-26T22:14:04.757640" elapsed="0.110240"/>
</test>
<status status="PASS" start="2024-03-26T22:14:03.900260" elapsed="0.969549"/>
</suite>
<status status="PASS" start="2024-03-26T22:14:03.886598" elapsed="0.988503"/>
</suite>
<statistics>
<total>
<stat pass="5" fail="0" skip="0">All Tests</stat>
</total>
<tag>
<stat pass="1" fail="0" skip="0">testeConteudo</stat>
<stat pass="1" fail="0" skip="0">testeEstruturaResposta</stat>
<stat pass="1" fail="0" skip="0">testeRequisicaoBasica</stat>
<stat pass="1" fail="0" skip="0">testeTiposDados</stat>
</tag>
<suite>
<stat pass="5" fail="0" skip="0" id="s1" name="Tests">Tests</stat>
<stat pass="5" fail="0" skip="0" id="s1-s1" name="Random-User-Test">Tests.Random-User-Test</stat>
</suite>
</statistics>
<errors>
</errors>
</robot>
