<?xml version="1.0" encoding="UTF-8"?>
<robot generator="Robot 7.0.1 (Python 3.12.4 on linux)" generated="2024-08-05T02:35:54.736998" rpa="false" schemaversion="5">
<suite id="s1" name="Tests" source="/home/runner/work/ApiRandomUser/ApiRandomUser/RamdonUser/tests">
<suite id="s1-s1" name="Random-User-Test" source="/home/runner/work/ApiRandomUser/ApiRandomUser/RamdonUser/tests/random-user-test.robot">
<test id="s1-s1-t1" name="Conectar" line="13">
<kw name="Conectar API" owner="random-user-service">
<kw name="Create Session" owner="RequestsLibrary">
<msg time="2024-08-05T02:35:55.146052" level="INFO">Creating Session using : alias=consultarAPI, url=https://randomuser.me/, headers={},                     cookies={}, auth=None, timeout=None, proxies=None, verify=False,                     debug=0 </msg>
<arg>consultarAPI</arg>
<arg>${URL}</arg>
<doc>Create Session: create a HTTP session to a server</doc>
<status status="PASS" start="2024-08-05T02:35:55.145851" elapsed="0.000385"/>
</kw>
<status status="PASS" start="2024-08-05T02:35:55.144792" elapsed="0.001806"/>
</kw>
<status status="PASS" start="2024-08-05T02:35:55.144238" elapsed="0.002553"/>
</test>
<test id="s1-s1-t2" name="Validar retorno 200 e JSON Válido" line="16">
<kw name="Teste de Requisicao Basica" owner="random-user-service">
<kw name="GET On Session" owner="RequestsLibrary">
<msg time="2024-08-05T02:35:55.443087" level="INFO">GET Request : url=https://randomuser.me/api 
 path_url=/api 
 headers={'User-Agent': 'python-requests/2.32.3', 'Accept-Encoding': 'gzip, deflate', 'Accept': '*/*', 'Connection': 'keep-alive'} 
 body=None 
 </msg>
<msg time="2024-08-05T02:35:55.443243" level="INFO">GET Response : url=https://randomuser.me/api 
 status=200, reason=OK 
 headers={'Date': 'Mon, 05 Aug 2024 02:35:55 GMT', 'Content-Type': 'application/json; charset=utf-8', 'Transfer-Encoding': 'chunked', 'Connection': 'keep-alive', 'X-Powered-By': 'Express', 'Access-Control-Allow-Origin': '*', 'Cache-Control': 'no-cache', 'ETag': 'W/"489-GtxvDXzMDDpPiw8Muqa0bDQgY60"', 'Vary': 'Accept-Encoding', 'Content-Encoding': 'gzip', 'CF-Cache-Status': 'DYNAMIC', 'Report-To': '{"endpoints":[{"url":"https:\\/\\/a.nel.cloudflare.com\\/report\\/v4?s=D0kXGN%2BjU3rNdQtgDIGgF5SB0YHKSwJ8j327w1qyGk48H5hdiO1pe8h9x6n6yUC9FxK65xOUxuLl%2BDoxVY%2BFcBgCLKTbqehl8ne%2BF0ATa1N2qqX0omRm9JCGarsd3lvI"}],"group":"cf-nel","max_age":604800}', 'NEL': '{"success_fraction":0,"report_to":"cf-nel","max_age":604800}', 'Server': 'cloudflare', 'CF-RAY': '8ae365860f2083f2-LAX', 'alt-svc': 'h3=":443"; ma=86400'} 
 body={"results":[{"gender":"male","name":{"title":"Mr","first":"Philip","last":"Morin"},"location":{"street":{"number":2105,"name":"Argyle St"},"city":"Cartwright","state":"Nunavut","country":"Canada","postcode":"Q0P 9B3","coordinates":{"latitude":"-65.7784","longitude":"-66.1825"},"timezone":{"offset":"+1:00","description":"Brussels, Copenhagen, Madrid, Paris"}},"email":"philip.morin@example.com","login":{"uuid":"cb732280-351d-40f2-bd8c-aba68e31c971","username":"orangepeacock664","password":"stop","salt":"otfZb7jS","md5":"92b8159f6a19820a24186424f929baab","sha1":"8958c33e7c0a363a0f89a67fbb21120017e0efb9","sha256":"f7fc995110443eac8e388749c47dc3b03977d04e9808148c495b209fbe033fff"},"dob":{"date":"1986-03-12T22:35:06.491Z","age":38},"registered":{"date":"2015-12-08T09:45:07.941Z","age":8},"phone":"O82 C76-4004","cell":"G50 U11-8174","id":{"name":"SIN","value":"471393355"},"picture":{"large":"https://randomuser.me/api/portraits/men/39.jpg","medium":"https://randomuser.me/api/portraits/med/men/39.jpg","thumbnail":"https://randomuser.me/api/portraits/thumb/men/39.jpg"},"nat":"CA"}],"info":{"seed":"f23d6d27bee934e2","results":1,"page":1,"version":"1.4"}} 
 </msg>
<msg time="2024-08-05T02:35:55.443323" level="INFO">/opt/hostedtoolcache/Python/3.12.4/x64/lib/python3.12/site-packages/urllib3/connectionpool.py:1099: InsecureRequestWarning: Unverified HTTPS request is being made to host 'randomuser.me'. Adding certificate verification is strongly advised. See: https://urllib3.readthedocs.io/en/latest/advanced-usage.html#tls-warnings
  warnings.warn(</msg>
<msg time="2024-08-05T02:35:55.443486" level="INFO">${response} = &lt;Response [200]&gt;</msg>
<var>${response}</var>
<arg>consultarAPI</arg>
<arg>/api</arg>
<doc>Sends a GET request on a previously created HTTP Session.</doc>
<status status="PASS" start="2024-08-05T02:35:55.149305" elapsed="0.294225"/>
</kw>
<kw name="Should Be Equal As Numbers" owner="BuiltIn">
<msg time="2024-08-05T02:35:55.444505" level="INFO">Argument types are:
&lt;class 'int'&gt;
&lt;class 'str'&gt;</msg>
<arg>${response.status_code}</arg>
<arg>200</arg>
<doc>Fails if objects are unequal after converting them to real numbers.</doc>
<status status="PASS" start="2024-08-05T02:35:55.444044" elapsed="0.000526"/>
</kw>
<kw name="Log" owner="BuiltIn">
<msg time="2024-08-05T02:35:55.445285" level="INFO">200</msg>
<arg>${response.status_code}</arg>
<doc>Logs the given message with the given level.</doc>
<status status="PASS" start="2024-08-05T02:35:55.444891" elapsed="0.000437"/>
</kw>
<kw name="Set Variable" owner="BuiltIn">
<msg time="2024-08-05T02:35:55.446120" level="INFO">${json_data} = {'results': [{'gender': 'male', 'name': {'title': 'Mr', 'first': 'Philip', 'last': 'Morin'}, 'location': {'street': {'number': 2105, 'name': 'Argyle St'}, 'city': 'Cartwright', 'state': 'Nunavut', 'co...</msg>
<var>${json_data}</var>
<arg>${response.json()}</arg>
<doc>Returns the given values which can then be assigned to a variables.</doc>
<status status="PASS" start="2024-08-05T02:35:55.445649" elapsed="0.000500"/>
</kw>
<kw name="Dictionary Should Contain Key" owner="Collections">
<arg>${json_data}</arg>
<arg>results</arg>
<doc>Fails if ``key`` is not found from ``dictionary``.</doc>
<status status="PASS" start="2024-08-05T02:35:55.446451" elapsed="0.000324"/>
</kw>
<status status="PASS" start="2024-08-05T02:35:55.149037" elapsed="0.297893"/>
</kw>
<doc>Testa se a API responde corretamente e retorna um objeto JSON válido.</doc>
<tag>testeRequisicaoBasica</tag>
<status status="PASS" start="2024-08-05T02:35:55.148590" elapsed="0.298516"/>
</test>
<test id="s1-s1-t3" name="Validar estrutura de resposta" line="22">
<kw name="Teste de Estrutura de Resposta" owner="random-user-service">
<kw name="GET On Session" owner="RequestsLibrary">
<msg time="2024-08-05T02:35:55.609927" level="INFO">GET Request : url=https://randomuser.me/api 
 path_url=/api 
 headers={'User-Agent': 'python-requests/2.32.3', 'Accept-Encoding': 'gzip, deflate', 'Accept': '*/*', 'Connection': 'keep-alive'} 
 body=None 
 </msg>
<msg time="2024-08-05T02:35:55.610018" level="INFO">GET Response : url=https://randomuser.me/api 
 status=200, reason=OK 
 headers={'Date': 'Mon, 05 Aug 2024 02:35:55 GMT', 'Content-Type': 'application/json; charset=utf-8', 'Transfer-Encoding': 'chunked', 'Connection': 'keep-alive', 'X-Powered-By': 'Express', 'Access-Control-Allow-Origin': '*', 'Cache-Control': 'no-cache', 'ETag': 'W/"495-EFHeGcfVPcC2Fj6TGz3DDG+UTOU"', 'Vary': 'Accept-Encoding', 'Content-Encoding': 'gzip', 'CF-Cache-Status': 'DYNAMIC', 'Report-To': '{"endpoints":[{"url":"https:\\/\\/a.nel.cloudflare.com\\/report\\/v4?s=cSCivK%2FfbHAd6xFHm5JbqA%2B7NikyMJhaFuzgyjZghefBmaSXwXww%2F7CoN9QUxq9C3tQKj3AmEUyXbTDWU5OWqC2Yluh7ARqp9%2BLQo3HgEYpuzPq%2FATx1QI0pHdr1LlnC"}],"group":"cf-nel","max_age":604800}', 'NEL': '{"success_fraction":0,"report_to":"cf-nel","max_age":604800}', 'Server': 'cloudflare', 'CF-RAY': '8ae3658798ed83f2-LAX', 'alt-svc': 'h3=":443"; ma=86400'} 
 body={"results":[{"gender":"female","name":{"title":"Mrs","first":"Anna","last":"Roberts"},"location":{"street":{"number":4742,"name":"Crawford Street"},"city":"Timaru","state":"Canterbury","country":"New Zealand","postcode":70576,"coordinates":{"latitude":"47.3547","longitude":"96.7524"},"timezone":{"offset":"-5:00","description":"Eastern Time (US &amp; Canada), Bogota, Lima"}},"email":"anna.roberts@example.com","login":{"uuid":"196372c2-aa74-4365-9b32-1485274d0375","username":"blackbird330","password":"buzzard","salt":"PCqoAuLR","md5":"b187dee190bd449b337f5ab5e75e7d83","sha1":"61882edcd0ba65cc215ebf21f088f362b38cf2fd","sha256":"db9068e820afeeca63a8727eca49aee2b62cc9dcdcc3e46f2d8eacaa3d6578da"},"dob":{"date":"1976-07-13T06:00:03.537Z","age":48},"registered":{"date":"2009-09-04T14:56:16.800Z","age":14},"phone":"(428)-014-3305","cell":"(398)-343-8471","id":{"name":"","value":null},"picture":{"large":"https://randomuser.me/api/portraits/women/15.jpg","medium":"https://randomuser.me/api/portraits/med/women/15.jpg","thumbnail":"https://randomuser.me/api/portraits/thumb/women/15.jpg"},"nat":"NZ"}],"info":{"seed":"eb5edf88931500a0","results":1,"page":1,"version":"1.4"}} 
 </msg>
<msg time="2024-08-05T02:35:55.610148" level="INFO">/opt/hostedtoolcache/Python/3.12.4/x64/lib/python3.12/site-packages/urllib3/connectionpool.py:1099: InsecureRequestWarning: Unverified HTTPS request is being made to host 'randomuser.me'. Adding certificate verification is strongly advised. See: https://urllib3.readthedocs.io/en/latest/advanced-usage.html#tls-warnings
  warnings.warn(</msg>
<msg time="2024-08-05T02:35:55.610303" level="INFO">${response} = &lt;Response [200]&gt;</msg>
<var>${response}</var>
<arg>consultarAPI</arg>
<arg>/api</arg>
<doc>Sends a GET request on a previously created HTTP Session.</doc>
<status status="PASS" start="2024-08-05T02:35:55.449678" elapsed="0.160685"/>
</kw>
<kw name="Set Variable" owner="BuiltIn">
<msg time="2024-08-05T02:35:55.611208" level="INFO">${json_data} = {'results': [{'gender': 'female', 'name': {'title': 'Mrs', 'first': 'Anna', 'last': 'Roberts'}, 'location': {'street': {'number': 4742, 'name': 'Crawford Street'}, 'city': 'Timaru', 'state': 'Canterbu...</msg>
<var>${json_data}</var>
<arg>${response.json()}</arg>
<doc>Returns the given values which can then be assigned to a variables.</doc>
<status status="PASS" start="2024-08-05T02:35:55.610760" elapsed="0.000477"/>
</kw>
<kw name="Log" owner="BuiltIn">
<msg time="2024-08-05T02:35:55.611709" level="INFO">{'results': [{'gender': 'female', 'name': {'title': 'Mrs', 'first': 'Anna', 'last': 'Roberts'}, 'location': {'street': {'number': 4742, 'name': 'Crawford Street'}, 'city': 'Timaru', 'state': 'Canterbury', 'country': 'New Zealand', 'postcode': 70576, 'coordinates': {'latitude': '47.3547', 'longitude': '96.7524'}, 'timezone': {'offset': '-5:00', 'description': 'Eastern Time (US &amp; Canada), Bogota, Lima'}}, 'email': 'anna.roberts@example.com', 'login': {'uuid': '196372c2-aa74-4365-9b32-1485274d0375', 'username': 'blackbird330', 'password': 'buzzard', 'salt': 'PCqoAuLR', 'md5': 'b187dee190bd449b337f5ab5e75e7d83', 'sha1': '61882edcd0ba65cc215ebf21f088f362b38cf2fd', 'sha256': 'db9068e820afeeca63a8727eca49aee2b62cc9dcdcc3e46f2d8eacaa3d6578da'}, 'dob': {'date': '1976-07-13T06:00:03.537Z', 'age': 48}, 'registered': {'date': '2009-09-04T14:56:16.800Z', 'age': 14}, 'phone': '(428)-014-3305', 'cell': '(398)-343-8471', 'id': {'name': '', 'value': None}, 'picture': {'large': 'https://randomuser.me/api/portraits/women/15.jpg', 'medium': 'https://randomuser.me/api/portraits/med/women/15.jpg', 'thumbnail': 'https://randomuser.me/api/portraits/thumb/women/15.jpg'}, 'nat': 'NZ'}], 'info': {'seed': 'eb5edf88931500a0', 'results': 1, 'page': 1, 'version': '1.4'}}</msg>
<arg>${json_data}</arg>
<doc>Logs the given message with the given level.</doc>
<status status="PASS" start="2024-08-05T02:35:55.611550" elapsed="0.000210"/>
</kw>
<kw name="Dictionary Should Contain Key" owner="Collections">
<arg>${json_data}</arg>
<arg>results</arg>
<doc>Fails if ``key`` is not found from ``dictionary``.</doc>
<status status="PASS" start="2024-08-05T02:35:55.612055" elapsed="0.000178"/>
</kw>
<kw name="Should Not Be Empty" owner="BuiltIn">
<msg time="2024-08-05T02:35:55.612540" level="INFO">Length is 2.</msg>
<arg>${json_data}</arg>
<doc>Verifies that the given item is not empty.</doc>
<status status="PASS" start="2024-08-05T02:35:55.612415" elapsed="0.000163"/>
</kw>
<kw name="Create List" owner="BuiltIn">
<msg time="2024-08-05T02:35:55.613027" level="INFO">${expected_keys} = ['gender', 'name', 'location', 'email', 'login']</msg>
<var>${expected_keys}</var>
<arg>gender</arg>
<arg>name</arg>
<arg>location</arg>
<arg>email</arg>
<arg>login</arg>
<doc>Returns a list containing given items.</doc>
<status status="PASS" start="2024-08-05T02:35:55.612882" elapsed="0.000168"/>
</kw>
<for flavor="IN">
<iter>
<kw name="Dictionary Should Contain Key" owner="Collections">
<arg>${json_data['results'][0]}</arg>
<arg>${key}</arg>
<doc>Fails if ``key`` is not found from ``dictionary``.</doc>
<status status="PASS" start="2024-08-05T02:35:55.613682" elapsed="0.000408"/>
</kw>
<kw name="Log" owner="BuiltIn">
<msg time="2024-08-05T02:35:55.614646" level="INFO">{'gender': 'female', 'name': {'title': 'Mrs', 'first': 'Anna', 'last': 'Roberts'}, 'location': {'street': {'number': 4742, 'name': 'Crawford Street'}, 'city': 'Timaru', 'state': 'Canterbury', 'country': 'New Zealand', 'postcode': 70576, 'coordinates': {'latitude': '47.3547', 'longitude': '96.7524'}, 'timezone': {'offset': '-5:00', 'description': 'Eastern Time (US &amp; Canada), Bogota, Lima'}}, 'email': 'anna.roberts@example.com', 'login': {'uuid': '196372c2-aa74-4365-9b32-1485274d0375', 'username': 'blackbird330', 'password': 'buzzard', 'salt': 'PCqoAuLR', 'md5': 'b187dee190bd449b337f5ab5e75e7d83', 'sha1': '61882edcd0ba65cc215ebf21f088f362b38cf2fd', 'sha256': 'db9068e820afeeca63a8727eca49aee2b62cc9dcdcc3e46f2d8eacaa3d6578da'}, 'dob': {'date': '1976-07-13T06:00:03.537Z', 'age': 48}, 'registered': {'date': '2009-09-04T14:56:16.800Z', 'age': 14}, 'phone': '(428)-014-3305', 'cell': '(398)-343-8471', 'id': {'name': '', 'value': None}, 'picture': {'large': 'https://randomuser.me/api/portraits/women/15.jpg', 'medium': 'https://randomuser.me/api/portraits/med/women/15.jpg', 'thumbnail': 'https://randomuser.me/api/portraits/thumb/women/15.jpg'}, 'nat': 'NZ'}</msg>
<arg>${json_data['results'][0]}</arg>
<doc>Logs the given message with the given level.</doc>
<status status="PASS" start="2024-08-05T02:35:55.614289" elapsed="0.000406"/>
</kw>
<kw name="Log" owner="BuiltIn">
<msg time="2024-08-05T02:35:55.615126" level="INFO">gender</msg>
<arg>${key}</arg>
<doc>Logs the given message with the given level.</doc>
<status status="PASS" start="2024-08-05T02:35:55.614995" elapsed="0.000169"/>
</kw>
<var name="${key}">gender</var>
<status status="PASS" start="2024-08-05T02:35:55.613559" elapsed="0.001823"/>
</iter>
<iter>
<kw name="Dictionary Should Contain Key" owner="Collections">
<arg>${json_data['results'][0]}</arg>
<arg>${key}</arg>
<doc>Fails if ``key`` is not found from ``dictionary``.</doc>
<status status="PASS" start="2024-08-05T02:35:55.615679" elapsed="0.000394"/>
</kw>
<kw name="Log" owner="BuiltIn">
<msg time="2024-08-05T02:35:55.616623" level="INFO">{'gender': 'female', 'name': {'title': 'Mrs', 'first': 'Anna', 'last': 'Roberts'}, 'location': {'street': {'number': 4742, 'name': 'Crawford Street'}, 'city': 'Timaru', 'state': 'Canterbury', 'country': 'New Zealand', 'postcode': 70576, 'coordinates': {'latitude': '47.3547', 'longitude': '96.7524'}, 'timezone': {'offset': '-5:00', 'description': 'Eastern Time (US &amp; Canada), Bogota, Lima'}}, 'email': 'anna.roberts@example.com', 'login': {'uuid': '196372c2-aa74-4365-9b32-1485274d0375', 'username': 'blackbird330', 'password': 'buzzard', 'salt': 'PCqoAuLR', 'md5': 'b187dee190bd449b337f5ab5e75e7d83', 'sha1': '61882edcd0ba65cc215ebf21f088f362b38cf2fd', 'sha256': 'db9068e820afeeca63a8727eca49aee2b62cc9dcdcc3e46f2d8eacaa3d6578da'}, 'dob': {'date': '1976-07-13T06:00:03.537Z', 'age': 48}, 'registered': {'date': '2009-09-04T14:56:16.800Z', 'age': 14}, 'phone': '(428)-014-3305', 'cell': '(398)-343-8471', 'id': {'name': '', 'value': None}, 'picture': {'large': 'https://randomuser.me/api/portraits/women/15.jpg', 'medium': 'https://randomuser.me/api/portraits/med/women/15.jpg', 'thumbnail': 'https://randomuser.me/api/portraits/thumb/women/15.jpg'}, 'nat': 'NZ'}</msg>
<arg>${json_data['results'][0]}</arg>
<doc>Logs the given message with the given level.</doc>
<status status="PASS" start="2024-08-05T02:35:55.616265" elapsed="0.000440"/>
</kw>
<kw name="Log" owner="BuiltIn">
<msg time="2024-08-05T02:35:55.617183" level="INFO">name</msg>
<arg>${key}</arg>
<doc>Logs the given message with the given level.</doc>
<status status="PASS" start="2024-08-05T02:35:55.617005" elapsed="0.000222"/>
</kw>
<var name="${key}">name</var>
<status status="PASS" start="2024-08-05T02:35:55.615569" elapsed="0.001881"/>
</iter>
<iter>
<kw name="Dictionary Should Contain Key" owner="Collections">
<arg>${json_data['results'][0]}</arg>
<arg>${key}</arg>
<doc>Fails if ``key`` is not found from ``dictionary``.</doc>
<status status="PASS" start="2024-08-05T02:35:55.617738" elapsed="0.000391"/>
</kw>
<kw name="Log" owner="BuiltIn">
<msg time="2024-08-05T02:35:55.618660" level="INFO">{'gender': 'female', 'name': {'title': 'Mrs', 'first': 'Anna', 'last': 'Roberts'}, 'location': {'street': {'number': 4742, 'name': 'Crawford Street'}, 'city': 'Timaru', 'state': 'Canterbury', 'country': 'New Zealand', 'postcode': 70576, 'coordinates': {'latitude': '47.3547', 'longitude': '96.7524'}, 'timezone': {'offset': '-5:00', 'description': 'Eastern Time (US &amp; Canada), Bogota, Lima'}}, 'email': 'anna.roberts@example.com', 'login': {'uuid': '196372c2-aa74-4365-9b32-1485274d0375', 'username': 'blackbird330', 'password': 'buzzard', 'salt': 'PCqoAuLR', 'md5': 'b187dee190bd449b337f5ab5e75e7d83', 'sha1': '61882edcd0ba65cc215ebf21f088f362b38cf2fd', 'sha256': 'db9068e820afeeca63a8727eca49aee2b62cc9dcdcc3e46f2d8eacaa3d6578da'}, 'dob': {'date': '1976-07-13T06:00:03.537Z', 'age': 48}, 'registered': {'date': '2009-09-04T14:56:16.800Z', 'age': 14}, 'phone': '(428)-014-3305', 'cell': '(398)-343-8471', 'id': {'name': '', 'value': None}, 'picture': {'large': 'https://randomuser.me/api/portraits/women/15.jpg', 'medium': 'https://randomuser.me/api/portraits/med/women/15.jpg', 'thumbnail': 'https://randomuser.me/api/portraits/thumb/women/15.jpg'}, 'nat': 'NZ'}</msg>
<arg>${json_data['results'][0]}</arg>
<doc>Logs the given message with the given level.</doc>
<status status="PASS" start="2024-08-05T02:35:55.618311" elapsed="0.000396"/>
</kw>
<kw name="Log" owner="BuiltIn">
<msg time="2024-08-05T02:35:55.619139" level="INFO">location</msg>
<arg>${key}</arg>
<doc>Logs the given message with the given level.</doc>
<status status="PASS" start="2024-08-05T02:35:55.619008" elapsed="0.000169"/>
</kw>
<var name="${key}">location</var>
<status status="PASS" start="2024-08-05T02:35:55.617629" elapsed="0.001773"/>
</iter>
<iter>
<kw name="Dictionary Should Contain Key" owner="Collections">
<arg>${json_data['results'][0]}</arg>
<arg>${key}</arg>
<doc>Fails if ``key`` is not found from ``dictionary``.</doc>
<status status="PASS" start="2024-08-05T02:35:55.619686" elapsed="0.000385"/>
</kw>
<kw name="Log" owner="BuiltIn">
<msg time="2024-08-05T02:35:55.620725" level="INFO">{'gender': 'female', 'name': {'title': 'Mrs', 'first': 'Anna', 'last': 'Roberts'}, 'location': {'street': {'number': 4742, 'name': 'Crawford Street'}, 'city': 'Timaru', 'state': 'Canterbury', 'country': 'New Zealand', 'postcode': 70576, 'coordinates': {'latitude': '47.3547', 'longitude': '96.7524'}, 'timezone': {'offset': '-5:00', 'description': 'Eastern Time (US &amp; Canada), Bogota, Lima'}}, 'email': 'anna.roberts@example.com', 'login': {'uuid': '196372c2-aa74-4365-9b32-1485274d0375', 'username': 'blackbird330', 'password': 'buzzard', 'salt': 'PCqoAuLR', 'md5': 'b187dee190bd449b337f5ab5e75e7d83', 'sha1': '61882edcd0ba65cc215ebf21f088f362b38cf2fd', 'sha256': 'db9068e820afeeca63a8727eca49aee2b62cc9dcdcc3e46f2d8eacaa3d6578da'}, 'dob': {'date': '1976-07-13T06:00:03.537Z', 'age': 48}, 'registered': {'date': '2009-09-04T14:56:16.800Z', 'age': 14}, 'phone': '(428)-014-3305', 'cell': '(398)-343-8471', 'id': {'name': '', 'value': None}, 'picture': {'large': 'https://randomuser.me/api/portraits/women/15.jpg', 'medium': 'https://randomuser.me/api/portraits/med/women/15.jpg', 'thumbnail': 'https://randomuser.me/api/portraits/thumb/women/15.jpg'}, 'nat': 'NZ'}</msg>
<arg>${json_data['results'][0]}</arg>
<doc>Logs the given message with the given level.</doc>
<status status="PASS" start="2024-08-05T02:35:55.620366" elapsed="0.000408"/>
</kw>
<kw name="Log" owner="BuiltIn">
<msg time="2024-08-05T02:35:55.621246" level="INFO">email</msg>
<arg>${key}</arg>
<doc>Logs the given message with the given level.</doc>
<status status="PASS" start="2024-08-05T02:35:55.621102" elapsed="0.000183"/>
</kw>
<var name="${key}">email</var>
<status status="PASS" start="2024-08-05T02:35:55.619577" elapsed="0.001933"/>
</iter>
<iter>
<kw name="Dictionary Should Contain Key" owner="Collections">
<arg>${json_data['results'][0]}</arg>
<arg>${key}</arg>
<doc>Fails if ``key`` is not found from ``dictionary``.</doc>
<status status="PASS" start="2024-08-05T02:35:55.621797" elapsed="0.000378"/>
</kw>
<kw name="Log" owner="BuiltIn">
<msg time="2024-08-05T02:35:55.622710" level="INFO">{'gender': 'female', 'name': {'title': 'Mrs', 'first': 'Anna', 'last': 'Roberts'}, 'location': {'street': {'number': 4742, 'name': 'Crawford Street'}, 'city': 'Timaru', 'state': 'Canterbury', 'country': 'New Zealand', 'postcode': 70576, 'coordinates': {'latitude': '47.3547', 'longitude': '96.7524'}, 'timezone': {'offset': '-5:00', 'description': 'Eastern Time (US &amp; Canada), Bogota, Lima'}}, 'email': 'anna.roberts@example.com', 'login': {'uuid': '196372c2-aa74-4365-9b32-1485274d0375', 'username': 'blackbird330', 'password': 'buzzard', 'salt': 'PCqoAuLR', 'md5': 'b187dee190bd449b337f5ab5e75e7d83', 'sha1': '61882edcd0ba65cc215ebf21f088f362b38cf2fd', 'sha256': 'db9068e820afeeca63a8727eca49aee2b62cc9dcdcc3e46f2d8eacaa3d6578da'}, 'dob': {'date': '1976-07-13T06:00:03.537Z', 'age': 48}, 'registered': {'date': '2009-09-04T14:56:16.800Z', 'age': 14}, 'phone': '(428)-014-3305', 'cell': '(398)-343-8471', 'id': {'name': '', 'value': None}, 'picture': {'large': 'https://randomuser.me/api/portraits/women/15.jpg', 'medium': 'https://randomuser.me/api/portraits/med/women/15.jpg', 'thumbnail': 'https://randomuser.me/api/portraits/thumb/women/15.jpg'}, 'nat': 'NZ'}</msg>
<arg>${json_data['results'][0]}</arg>
<doc>Logs the given message with the given level.</doc>
<status status="PASS" start="2024-08-05T02:35:55.622356" elapsed="0.000402"/>
</kw>
<kw name="Log" owner="BuiltIn">
<msg time="2024-08-05T02:35:55.623185" level="INFO">login</msg>
<arg>${key}</arg>
<doc>Logs the given message with the given level.</doc>
<status status="PASS" start="2024-08-05T02:35:55.623055" elapsed="0.000167"/>
</kw>
<var name="${key}">login</var>
<status status="PASS" start="2024-08-05T02:35:55.621687" elapsed="0.001760"/>
</iter>
<var>${key}</var>
<value>@{expected_keys}</value>
<status status="PASS" start="2024-08-05T02:35:55.613362" elapsed="0.010206"/>
</for>
<kw name="Create List" owner="BuiltIn">
<msg time="2024-08-05T02:35:55.623926" level="INFO">${expected_keysTwo} = ['username', 'password']</msg>
<var>${expected_keysTwo}</var>
<arg>username</arg>
<arg>password</arg>
<doc>Returns a list containing given items.</doc>
<status status="PASS" start="2024-08-05T02:35:55.623758" elapsed="0.000193"/>
</kw>
<for flavor="IN">
<iter>
<kw name="Dictionary Should Contain Key" owner="Collections">
<arg>${json_data['results'][0]['login']}</arg>
<arg>${keyTwo}</arg>
<doc>Fails if ``key`` is not found from ``dictionary``.</doc>
<status status="PASS" start="2024-08-05T02:35:55.624484" elapsed="0.000383"/>
</kw>
<kw name="Dictionary Should Contain Key" owner="Collections">
<arg>${json_data['results'][0]['login']}</arg>
<arg>${keyTwo}</arg>
<doc>Fails if ``key`` is not found from ``dictionary``.</doc>
<status status="PASS" start="2024-08-05T02:35:55.625049" elapsed="0.000401"/>
</kw>
<kw name="Log" owner="BuiltIn">
<msg time="2024-08-05T02:35:55.625759" level="INFO">username</msg>
<arg>${keyTwo}</arg>
<doc>Logs the given message with the given level.</doc>
<status status="PASS" start="2024-08-05T02:35:55.625629" elapsed="0.000167"/>
</kw>
<var name="${keyTwo}">username</var>
<status status="PASS" start="2024-08-05T02:35:55.624356" elapsed="0.001662"/>
</iter>
<iter>
<kw name="Dictionary Should Contain Key" owner="Collections">
<arg>${json_data['results'][0]['login']}</arg>
<arg>${keyTwo}</arg>
<doc>Fails if ``key`` is not found from ``dictionary``.</doc>
<status status="PASS" start="2024-08-05T02:35:55.626297" elapsed="0.000397"/>
</kw>
<kw name="Dictionary Should Contain Key" owner="Collections">
<arg>${json_data['results'][0]['login']}</arg>
<arg>${keyTwo}</arg>
<doc>Fails if ``key`` is not found from ``dictionary``.</doc>
<status status="PASS" start="2024-08-05T02:35:55.626874" elapsed="0.000373"/>
</kw>
<kw name="Log" owner="BuiltIn">
<msg time="2024-08-05T02:35:55.627543" level="INFO">password</msg>
<arg>${keyTwo}</arg>
<doc>Logs the given message with the given level.</doc>
<status status="PASS" start="2024-08-05T02:35:55.627423" elapsed="0.000155"/>
</kw>
<var name="${keyTwo}">password</var>
<status status="PASS" start="2024-08-05T02:35:55.626190" elapsed="0.001623"/>
</iter>
<var>${keyTwo}</var>
<value>@{expected_keysTwo}</value>
<status status="PASS" start="2024-08-05T02:35:55.624192" elapsed="0.003741"/>
</for>
<status status="PASS" start="2024-08-05T02:35:55.449445" elapsed="0.178622"/>
</kw>
<doc>Testa a estrutura da resposta da API.</doc>
<tag>testeEstruturaResposta</tag>
<status status="PASS" start="2024-08-05T02:35:55.448924" elapsed="0.179302"/>
</test>
<test id="s1-s1-t4" name="Validar tipos de dados" line="28">
<kw name="Teste de Tipos de Dados" owner="random-user-service">
<kw name="GET On Session" owner="RequestsLibrary">
<msg time="2024-08-05T02:35:55.741459" level="INFO">GET Request : url=https://randomuser.me/api 
 path_url=/api 
 headers={'User-Agent': 'python-requests/2.32.3', 'Accept-Encoding': 'gzip, deflate', 'Accept': '*/*', 'Connection': 'keep-alive'} 
 body=None 
 </msg>
<msg time="2024-08-05T02:35:55.741545" level="INFO">GET Response : url=https://randomuser.me/api 
 status=200, reason=OK 
 headers={'Date': 'Mon, 05 Aug 2024 02:35:55 GMT', 'Content-Type': 'application/json; charset=utf-8', 'Transfer-Encoding': 'chunked', 'Connection': 'keep-alive', 'X-Powered-By': 'Express', 'Access-Control-Allow-Origin': '*', 'Cache-Control': 'no-cache', 'ETag': 'W/"483-oA53ZBK8QeqC75ALkOMwKP6bKRc"', 'Vary': 'Accept-Encoding', 'Content-Encoding': 'gzip', 'CF-Cache-Status': 'DYNAMIC', 'Report-To': '{"endpoints":[{"url":"https:\\/\\/a.nel.cloudflare.com\\/report\\/v4?s=FesGJ1uWJnIpahY8KHawBy%2BIY5%2FqaACH8fdg3cn29sW8Nqd5Jjje8JwhYFXWN6AaI2OfdzjnlZlXT23R7Nd4Ovq6FRg3BOlhc995QU82ZgVdOPzz3KXPVK4khsSA4nk6"}],"group":"cf-nel","max_age":604800}', 'NEL': '{"success_fraction":0,"report_to":"cf-nel","max_age":604800}', 'Server': 'cloudflare', 'CF-RAY': '8ae36588b9e283f2-LAX', 'alt-svc': 'h3=":443"; ma=86400'} 
 body={"results":[{"gender":"female","name":{"title":"Miss","first":"رها","last":"سالاری"},"location":{"street":{"number":8891,"name":"شهید سرتیپ نامجو"},"city":"همدان","state":"خوزستان","country":"Iran","postcode":42566,"coordinates":{"latitude":"16.3876","longitude":"121.9885"},"timezone":{"offset":"+5:45","description":"Kathmandu"}},"email":"rh.slry@example.com","login":{"uuid":"640ce7c6-559c-46c1-a253-529c1600d028","username":"bluegoose221","password":"eclipse","salt":"wKVxXdll","md5":"4d4ed3fb8c7792a116cdd04cd08749a3","sha1":"678f2a78eeb211ed992eebff625dcb7972e76186","sha256":"4401726671d1f1d3c5aa4584ff573cc4cdab319b87ca0d246951148d624c794a"},"dob":{"date":"1976-11-29T12:00:18.169Z","age":47},"registered":{"date":"2018-03-03T01:09:46.358Z","age":6},"phone":"030-08015199","cell":"0916-468-9657","id":{"name":"","value":null},"picture":{"large":"https://randomuser.me/api/portraits/women/8.jpg","medium":"https://randomuser.me/api/portraits/med/women/8.jpg","thumbnail":"https://randomuser.me/api/portraits/thumb/women/8.jpg"},"nat":"IR"}],"info":{"seed":"ffa153f9910ddaea","results":1,"page":1,"version":"1.4"}} 
 </msg>
<msg time="2024-08-05T02:35:55.741630" level="INFO">/opt/hostedtoolcache/Python/3.12.4/x64/lib/python3.12/site-packages/urllib3/connectionpool.py:1099: InsecureRequestWarning: Unverified HTTPS request is being made to host 'randomuser.me'. Adding certificate verification is strongly advised. See: https://urllib3.readthedocs.io/en/latest/advanced-usage.html#tls-warnings
  warnings.warn(</msg>
<msg time="2024-08-05T02:35:55.741732" level="INFO">${response} = &lt;Response [200]&gt;</msg>
<var>${response}</var>
<arg>consultarAPI</arg>
<arg>/api</arg>
<doc>Sends a GET request on a previously created HTTP Session.</doc>
<status status="PASS" start="2024-08-05T02:35:55.630586" elapsed="0.111175"/>
</kw>
<kw name="Set Variable" owner="BuiltIn">
<msg time="2024-08-05T02:35:55.742618" level="INFO">${json_data} = {'results': [{'gender': 'female', 'name': {'title': 'Miss', 'first': 'رها', 'last': 'سالاری'}, 'location': {'street': {'number': 8891, 'name': 'شهید سرتیپ نامجو'}, 'city': 'همدان', 'state': 'خوزستان',...</msg>
<var>${json_data}</var>
<arg>${response.json()}</arg>
<doc>Returns the given values which can then be assigned to a variables.</doc>
<status status="PASS" start="2024-08-05T02:35:55.742151" elapsed="0.000498"/>
</kw>
<kw name="Log" owner="BuiltIn">
<msg time="2024-08-05T02:35:55.743113" level="INFO">{'results': [{'gender': 'female', 'name': {'title': 'Miss', 'first': 'رها', 'last': 'سالاری'}, 'location': {'street': {'number': 8891, 'name': 'شهید سرتیپ نامجو'}, 'city': 'همدان', 'state': 'خوزستان', 'country': 'Iran', 'postcode': 42566, 'coordinates': {'latitude': '16.3876', 'longitude': '121.9885'}, 'timezone': {'offset': '+5:45', 'description': 'Kathmandu'}}, 'email': 'rh.slry@example.com', 'login': {'uuid': '640ce7c6-559c-46c1-a253-529c1600d028', 'username': 'bluegoose221', 'password': 'eclipse', 'salt': 'wKVxXdll', 'md5': '4d4ed3fb8c7792a116cdd04cd08749a3', 'sha1': '678f2a78eeb211ed992eebff625dcb7972e76186', 'sha256': '4401726671d1f1d3c5aa4584ff573cc4cdab319b87ca0d246951148d624c794a'}, 'dob': {'date': '1976-11-29T12:00:18.169Z', 'age': 47}, 'registered': {'date': '2018-03-03T01:09:46.358Z', 'age': 6}, 'phone': '030-08015199', 'cell': '0916-468-9657', 'id': {'name': '', 'value': None}, 'picture': {'large': 'https://randomuser.me/api/portraits/women/8.jpg', 'medium': 'https://randomuser.me/api/portraits/med/women/8.jpg', 'thumbnail': 'https://randomuser.me/api/portraits/thumb/women/8.jpg'}, 'nat': 'IR'}], 'info': {'seed': 'ffa153f9910ddaea', 'results': 1, 'page': 1, 'version': '1.4'}}</msg>
<arg>${json_data}</arg>
<doc>Logs the given message with the given level.</doc>
<status status="PASS" start="2024-08-05T02:35:55.742955" elapsed="0.000207"/>
</kw>
<kw name="Should Be String" owner="String">
<arg>${json_data['results'][0]['gender']}</arg>
<doc>Fails if the given ``item`` is not a string.</doc>
<status status="PASS" start="2024-08-05T02:35:55.743460" elapsed="0.000361"/>
</kw>
<kw name="Should Match Regexp" owner="BuiltIn">
<arg>${json_data['results'][0]['email']}</arg>
<arg>^[a-zA-Z0-9._%+-]+@[a-zA-Z0-9.-]+\.[a-zA-Z]{2,}$</arg>
<doc>Fails if ``string`` does not match ``pattern`` as a regular expression.</doc>
<status status="PASS" start="2024-08-05T02:35:55.744014" elapsed="0.000544"/>
</kw>
<kw name="Should Match Regexp" owner="BuiltIn">
<arg>${json_data['results'][0]['dob']['date']}</arg>
<arg>\\d{4}-\\d{2}-\\d{2}T\\d{2}:\\d{2}:\\d{2}\\.\\d{3}Z</arg>
<doc>Fails if ``string`` does not match ``pattern`` as a regular expression.</doc>
<status status="PASS" start="2024-08-05T02:35:55.744757" elapsed="0.000653"/>
</kw>
<kw name="Should Match Regexp" owner="BuiltIn">
<arg>${json_data['results'][0]['registered']['date']}</arg>
<arg>\\d{4}-\\d{2}-\\d{2}T\\d{2}:\\d{2}:\\d{2}\\.\\d{3}Z</arg>
<doc>Fails if ``string`` does not match ``pattern`` as a regular expression.</doc>
<status status="PASS" start="2024-08-05T02:35:55.745609" elapsed="0.000371"/>
</kw>
<kw name="Should Match Regexp" owner="BuiltIn">
<arg>${json_data['results'][0]['picture']['large']}</arg>
<arg>^https?://.*\.(?:png|jpe?g|gif|bmp)$</arg>
<doc>Fails if ``string`` does not match ``pattern`` as a regular expression.</doc>
<status status="PASS" start="2024-08-05T02:35:55.746165" elapsed="0.000455"/>
</kw>
<kw name="Should Match Regexp" owner="BuiltIn">
<arg>${json_data['results'][0]['picture']['medium']}</arg>
<arg>^https?://.*\.(?:png|jpe?g|gif|bmp)$</arg>
<doc>Fails if ``string`` does not match ``pattern`` as a regular expression.</doc>
<status status="PASS" start="2024-08-05T02:35:55.746816" elapsed="0.000351"/>
</kw>
<kw name="Should Match Regexp" owner="BuiltIn">
<arg>${json_data['results'][0]['picture']['thumbnail']}</arg>
<arg>^https?://.*\.(?:png|jpe?g|gif|bmp)$</arg>
<doc>Fails if ``string`` does not match ``pattern`` as a regular expression.</doc>
<status status="PASS" start="2024-08-05T02:35:55.747347" elapsed="0.000343"/>
</kw>
<kw name="Log" owner="BuiltIn">
<msg time="2024-08-05T02:35:55.748189" level="INFO">{'large': 'https://randomuser.me/api/portraits/women/8.jpg', 'medium': 'https://randomuser.me/api/portraits/med/women/8.jpg', 'thumbnail': 'https://randomuser.me/api/portraits/thumb/women/8.jpg'}</msg>
<arg>${json_data['results'][0]['picture']}</arg>
<doc>Logs the given message with the given level.</doc>
<status status="PASS" start="2024-08-05T02:35:55.747870" elapsed="0.000361"/>
</kw>
<status status="PASS" start="2024-08-05T02:35:55.630367" elapsed="0.118118"/>
</kw>
<kw name="Teste de Tipos de Dados - Postcode" owner="random-user-service">
<kw name="GET On Session" owner="RequestsLibrary">
<msg time="2024-08-05T02:35:55.860228" level="INFO">GET Request : url=https://randomuser.me/api 
 path_url=/api 
 headers={'User-Agent': 'python-requests/2.32.3', 'Accept-Encoding': 'gzip, deflate', 'Accept': '*/*', 'Connection': 'keep-alive'} 
 body=None 
 </msg>
<msg time="2024-08-05T02:35:55.860310" level="INFO">GET Response : url=https://randomuser.me/api 
 status=200, reason=OK 
 headers={'Date': 'Mon, 05 Aug 2024 02:35:55 GMT', 'Content-Type': 'application/json; charset=utf-8', 'Transfer-Encoding': 'chunked', 'Connection': 'keep-alive', 'X-Powered-By': 'Express', 'Access-Control-Allow-Origin': '*', 'Cache-Control': 'no-cache', 'ETag': 'W/"47d-FSB/xWrs5iMgtExw0ibFiDpD20M"', 'Vary': 'Accept-Encoding', 'Content-Encoding': 'gzip', 'CF-Cache-Status': 'DYNAMIC', 'Report-To': '{"endpoints":[{"url":"https:\\/\\/a.nel.cloudflare.com\\/report\\/v4?s=4Jl93dH33ZGnHmzlND5o14zkYMh0AhAZRILd4bthR1P%2FVsMdWrO6%2B%2BOzGECvVsL1FzDRGRsfLUby2LWqnT7TRKdTgS5jxtNJ8ZBJPqT%2FF5QqEjto2Wp1gUpLdfx7xtDi"}],"group":"cf-nel","max_age":604800}', 'NEL': '{"success_fraction":0,"report_to":"cf-nel","max_age":604800}', 'Server': 'cloudflare', 'CF-RAY': '8ae365897a7483f2-LAX', 'alt-svc': 'h3=":443"; ma=86400'} 
 body={"results":[{"gender":"male","name":{"title":"Mr","first":"Asher","last":"Chen"},"location":{"street":{"number":526,"name":"Grey Street"},"city":"Dunedin","state":"Bay of Plenty","country":"New Zealand","postcode":72774,"coordinates":{"latitude":"47.2399","longitude":"-32.8636"},"timezone":{"offset":"-7:00","description":"Mountain Time (US &amp; Canada)"}},"email":"asher.chen@example.com","login":{"uuid":"1120521b-b853-413f-802e-9d7578ad9ce4","username":"blacktiger661","password":"1michael","salt":"RGvnem8F","md5":"4e06df6b02aeb00c9563ebdc8bf8ff79","sha1":"7dc5d88848dcc2ac0e5b09e70e3e227de5d6ba76","sha256":"9bbdbd4d3e6e224f75890703511841cde4c9048e06ec401cafb26236b3eb4c32"},"dob":{"date":"1994-01-21T03:27:24.487Z","age":30},"registered":{"date":"2011-10-29T11:13:23.419Z","age":12},"phone":"(456)-867-8223","cell":"(368)-193-8266","id":{"name":"","value":null},"picture":{"large":"https://randomuser.me/api/portraits/men/34.jpg","medium":"https://randomuser.me/api/portraits/med/men/34.jpg","thumbnail":"https://randomuser.me/api/portraits/thumb/men/34.jpg"},"nat":"NZ"}],"info":{"seed":"25bab69a9a883432","results":1,"page":1,"version":"1.4"}} 
 </msg>
<msg time="2024-08-05T02:35:55.860386" level="INFO">/opt/hostedtoolcache/Python/3.12.4/x64/lib/python3.12/site-packages/urllib3/connectionpool.py:1099: InsecureRequestWarning: Unverified HTTPS request is being made to host 'randomuser.me'. Adding certificate verification is strongly advised. See: https://urllib3.readthedocs.io/en/latest/advanced-usage.html#tls-warnings
  warnings.warn(</msg>
<msg time="2024-08-05T02:35:55.860503" level="INFO">${response} = &lt;Response [200]&gt;</msg>
<var>${response}</var>
<arg>consultarAPI</arg>
<arg>/api</arg>
<doc>Sends a GET request on a previously created HTTP Session.</doc>
<status status="PASS" start="2024-08-05T02:35:55.748910" elapsed="0.111648"/>
</kw>
<kw name="Set Variable" owner="BuiltIn">
<msg time="2024-08-05T02:35:55.861455" level="INFO">${json_data} = {'results': [{'gender': 'male', 'name': {'title': 'Mr', 'first': 'Asher', 'last': 'Chen'}, 'location': {'street': {'number': 526, 'name': 'Grey Street'}, 'city': 'Dunedin', 'state': 'Bay of Plenty', '...</msg>
<var>${json_data}</var>
<arg>${response.json()}</arg>
<doc>Returns the given values which can then be assigned to a variables.</doc>
<status status="PASS" start="2024-08-05T02:35:55.860989" elapsed="0.000497"/>
</kw>
<kw name="Log" owner="BuiltIn">
<msg time="2024-08-05T02:35:55.861946" level="INFO">{'results': [{'gender': 'male', 'name': {'title': 'Mr', 'first': 'Asher', 'last': 'Chen'}, 'location': {'street': {'number': 526, 'name': 'Grey Street'}, 'city': 'Dunedin', 'state': 'Bay of Plenty', 'country': 'New Zealand', 'postcode': 72774, 'coordinates': {'latitude': '47.2399', 'longitude': '-32.8636'}, 'timezone': {'offset': '-7:00', 'description': 'Mountain Time (US &amp; Canada)'}}, 'email': 'asher.chen@example.com', 'login': {'uuid': '1120521b-b853-413f-802e-9d7578ad9ce4', 'username': 'blacktiger661', 'password': '1michael', 'salt': 'RGvnem8F', 'md5': '4e06df6b02aeb00c9563ebdc8bf8ff79', 'sha1': '7dc5d88848dcc2ac0e5b09e70e3e227de5d6ba76', 'sha256': '9bbdbd4d3e6e224f75890703511841cde4c9048e06ec401cafb26236b3eb4c32'}, 'dob': {'date': '1994-01-21T03:27:24.487Z', 'age': 30}, 'registered': {'date': '2011-10-29T11:13:23.419Z', 'age': 12}, 'phone': '(456)-867-8223', 'cell': '(368)-193-8266', 'id': {'name': '', 'value': None}, 'picture': {'large': 'https://randomuser.me/api/portraits/men/34.jpg', 'medium': 'https://randomuser.me/api/portraits/med/men/34.jpg', 'thumbnail': 'https://randomuser.me/api/portraits/thumb/men/34.jpg'}, 'nat': 'NZ'}], 'info': {'seed': '25bab69a9a883432', 'results': 1, 'page': 1, 'version': '1.4'}}</msg>
<arg>${json_data}</arg>
<doc>Logs the given message with the given level.</doc>
<status status="PASS" start="2024-08-05T02:35:55.861785" elapsed="0.000208"/>
</kw>
<kw name="Should Be Equal As Numbers" owner="BuiltIn">
<arg>${json_data['results'][0]['location']['postcode']}</arg>
<arg>${json_data['results'][0]['location']['postcode']}</arg>
<doc>Fails if objects are unequal after converting them to real numbers.</doc>
<status status="PASS" start="2024-08-05T02:35:55.862288" elapsed="0.000610"/>
</kw>
<kw name="Log" owner="BuiltIn">
<msg time="2024-08-05T02:35:55.863416" level="INFO">72774</msg>
<arg>${json_data['results'][0]['location']['postcode']}</arg>
<doc>Logs the given message with the given level.</doc>
<status status="PASS" start="2024-08-05T02:35:55.863087" elapsed="0.000370"/>
</kw>
<status status="PASS" start="2024-08-05T02:35:55.748694" elapsed="0.115050"/>
</kw>
<doc>Testa se os tipos de dados na resposta da API estão corretos.</doc>
<tag>testeTiposDados</tag>
<status status="PASS" start="2024-08-05T02:35:55.629947" elapsed="0.233953"/>
</test>
<test id="s1-s1-t5" name="Validar conteudo" line="35">
<kw name="Teste de Tipos de Conteudo" owner="random-user-service">
<kw name="GET On Session" owner="RequestsLibrary">
<msg time="2024-08-05T02:35:55.981207" level="INFO">GET Request : url=https://randomuser.me/api 
 path_url=/api 
 headers={'User-Agent': 'python-requests/2.32.3', 'Accept-Encoding': 'gzip, deflate', 'Accept': '*/*', 'Connection': 'keep-alive'} 
 body=None 
 </msg>
<msg time="2024-08-05T02:35:55.981275" level="INFO">GET Response : url=https://randomuser.me/api 
 status=200, reason=OK 
 headers={'Date': 'Mon, 05 Aug 2024 02:35:55 GMT', 'Content-Type': 'application/json; charset=utf-8', 'Transfer-Encoding': 'chunked', 'Connection': 'keep-alive', 'X-Powered-By': 'Express', 'Access-Control-Allow-Origin': '*', 'Cache-Control': 'no-cache', 'ETag': 'W/"47b-MOcLxdLXTE3XD4XHk1vBYb188ys"', 'Vary': 'Accept-Encoding', 'Content-Encoding': 'gzip', 'CF-Cache-Status': 'DYNAMIC', 'Report-To': '{"endpoints":[{"url":"https:\\/\\/a.nel.cloudflare.com\\/report\\/v4?s=7%2FzQb42P1D%2BnqdSrl5I7YH%2BpxXeYXJi5UfakGFr84dUSMiIiPxjuShbse0KrqWELEsETfdNOgGTzqxTUM%2BZ0sDyusGOxjBF6qssRSc6aNEmckOLRqtR5zlBZZMKnnrcv"}],"group":"cf-nel","max_age":604800}', 'NEL': '{"success_fraction":0,"report_to":"cf-nel","max_age":604800}', 'Server': 'cloudflare', 'CF-RAY': '8ae3658a2b0383f2-LAX', 'alt-svc': 'h3=":443"; ma=86400'} 
 body={"results":[{"gender":"female","name":{"title":"Mrs","first":"Aubrey","last":"Martin"},"location":{"street":{"number":3509,"name":"Victoria Ave"},"city":"Fauquier","state":"Nunavut","country":"Canada","postcode":"H8V 1K0","coordinates":{"latitude":"-68.0226","longitude":"85.0786"},"timezone":{"offset":"-2:00","description":"Mid-Atlantic"}},"email":"aubrey.martin@example.com","login":{"uuid":"2aa65e49-77be-413b-9f54-4c3ddbba150d","username":"crazyfish782","password":"flicks","salt":"EQ6eoQ20","md5":"aff300b1761a1c745665502e8a8d009c","sha1":"da86f675ecf02feeaa94a5f39b95593a67f618bc","sha256":"f1b475bb60a7241335776d0e10cd369353f2c43429cac7b9be5d71b924390326"},"dob":{"date":"1958-02-04T01:45:48.034Z","age":66},"registered":{"date":"2018-09-10T01:12:54.755Z","age":5},"phone":"S66 C30-8155","cell":"L24 A54-7049","id":{"name":"SIN","value":"420984338"},"picture":{"large":"https://randomuser.me/api/portraits/women/84.jpg","medium":"https://randomuser.me/api/portraits/med/women/84.jpg","thumbnail":"https://randomuser.me/api/portraits/thumb/women/84.jpg"},"nat":"CA"}],"info":{"seed":"ca532d7a76af822a","results":1,"page":1,"version":"1.4"}} 
 </msg>
<msg time="2024-08-05T02:35:55.981334" level="INFO">/opt/hostedtoolcache/Python/3.12.4/x64/lib/python3.12/site-packages/urllib3/connectionpool.py:1099: InsecureRequestWarning: Unverified HTTPS request is being made to host 'randomuser.me'. Adding certificate verification is strongly advised. See: https://urllib3.readthedocs.io/en/latest/advanced-usage.html#tls-warnings
  warnings.warn(</msg>
<msg time="2024-08-05T02:35:55.981417" level="INFO">${response} = &lt;Response [200]&gt;</msg>
<var>${response}</var>
<arg>consultarAPI</arg>
<arg>/api</arg>
<doc>Sends a GET request on a previously created HTTP Session.</doc>
<status status="PASS" start="2024-08-05T02:35:55.866351" elapsed="0.115094"/>
</kw>
<kw name="Set Variable" owner="BuiltIn">
<msg time="2024-08-05T02:35:55.982297" level="INFO">${json_data} = {'results': [{'gender': 'female', 'name': {'title': 'Mrs', 'first': 'Aubrey', 'last': 'Martin'}, 'location': {'street': {'number': 3509, 'name': 'Victoria Ave'}, 'city': 'Fauquier', 'state': 'Nunavut'...</msg>
<var>${json_data}</var>
<arg>${response.json()}</arg>
<doc>Returns the given values which can then be assigned to a variables.</doc>
<status status="PASS" start="2024-08-05T02:35:55.981840" elapsed="0.000485"/>
</kw>
<kw name="Set Variable" owner="BuiltIn">
<msg time="2024-08-05T02:35:55.983001" level="INFO">${name_title} = Mrs</msg>
<var>${name_title}</var>
<arg>${json_data["results"][0]["name"]["title"]}</arg>
<doc>Returns the given values which can then be assigned to a variables.</doc>
<status status="PASS" start="2024-08-05T02:35:55.982628" elapsed="0.000399"/>
</kw>
<kw name="Create List" owner="BuiltIn">
<msg time="2024-08-05T02:35:55.983471" level="INFO">${allowed_titles} = ['Mr', 'Ms', 'Miss', 'Mrs', 'Madame', 'Monsieur']</msg>
<var>${allowed_titles}</var>
<arg>Mr</arg>
<arg>Ms</arg>
<arg>Miss</arg>
<arg>Mrs</arg>
<arg>Madame</arg>
<arg>Monsieur</arg>
<doc>Returns a list containing given items.</doc>
<status status="PASS" start="2024-08-05T02:35:55.983321" elapsed="0.000175"/>
</kw>
<kw name="List Should Contain Value" owner="Collections">
<arg>${allowed_titles}</arg>
<arg>${name_title}</arg>
<doc>Fails if the ``value`` is not found from ``list``.</doc>
<status status="PASS" start="2024-08-05T02:35:55.983792" elapsed="0.000189"/>
</kw>
<kw name="Set Variable" owner="BuiltIn">
<msg time="2024-08-05T02:35:55.984528" level="INFO">${name_country} = CA</msg>
<var>${name_country}</var>
<arg>${json_data["results"][0]["nat"]}</arg>
<doc>Returns the given values which can then be assigned to a variables.</doc>
<status status="PASS" start="2024-08-05T02:35:55.984160" elapsed="0.000392"/>
</kw>
<kw name="Create List" owner="BuiltIn">
<msg time="2024-08-05T02:35:55.985484" level="INFO">${list_country} = ['AD', 'AE', 'AF', 'AG', 'AI', 'AL', 'AM', 'AO', 'AQ', 'AR', 'AS', 'AT', 'AU', 'AW', 'AX', 'AZ', 'BA', 'BB', 'BD', 'BE', 'BF', 'BG', 'BH', 'BI', 'BJ', 'BL', 'BM', 'BN', 'BO', 'BQ', 'BR', 'BS', 'BT', '...</msg>
<var>${list_country}</var>
<arg>AD</arg>
<arg>AE</arg>
<arg>AF</arg>
<arg>AG</arg>
<arg>AI</arg>
<arg>AL</arg>
<arg>AM</arg>
<arg>AO</arg>
<arg>AQ</arg>
<arg>AR</arg>
<arg>AS</arg>
<arg>AT</arg>
<arg>AU</arg>
<arg>AW</arg>
<arg>AX</arg>
<arg>AZ</arg>
<arg>BA</arg>
<arg>BB</arg>
<arg>BD</arg>
<arg>BE</arg>
<arg>BF</arg>
<arg>BG</arg>
<arg>BH</arg>
<arg>BI</arg>
<arg>BJ</arg>
<arg>BL</arg>
<arg>BM</arg>
<arg>BN</arg>
<arg>BO</arg>
<arg>BQ</arg>
<arg>BR</arg>
<arg>BS</arg>
<arg>BT</arg>
<arg>BV</arg>
<arg>BW</arg>
<arg>BY</arg>
<arg>BZ</arg>
<arg>CA</arg>
<arg>CC</arg>
<arg>CD</arg>
<arg>CF</arg>
<arg>CG</arg>
<arg>CH</arg>
<arg>CI</arg>
<arg>CK</arg>
<arg>CL</arg>
<arg>CM</arg>
<arg>CN</arg>
<arg>CO</arg>
<arg>CR</arg>
<arg>CU</arg>
<arg>CV</arg>
<arg>CW</arg>
<arg>CX</arg>
<arg>CY</arg>
<arg>CZ</arg>
<arg>DE</arg>
<arg>DJ</arg>
<arg>DK</arg>
<arg>DM</arg>
<arg>DO</arg>
<arg>DZ</arg>
<arg>EC</arg>
<arg>EE</arg>
<arg>EG</arg>
<arg>EH</arg>
<arg>ER</arg>
<arg>ES</arg>
<arg>ET</arg>
<arg>FI</arg>
<arg>FJ</arg>
<arg>FK</arg>
<arg>FM</arg>
<arg>FO</arg>
<arg>FR</arg>
<arg>GA</arg>
<arg>GB</arg>
<arg>GD</arg>
<arg>GE</arg>
<arg>GF</arg>
<arg>GG</arg>
<arg>GH</arg>
<arg>GI</arg>
<arg>GL</arg>
<arg>GM</arg>
<arg>GN</arg>
<arg>GP</arg>
<arg>GQ</arg>
<arg>GR</arg>
<arg>GS</arg>
<arg>GT</arg>
<arg>GU</arg>
<arg>GW</arg>
<arg>GY</arg>
<arg>HK</arg>
<arg>HM</arg>
<arg>HN</arg>
<arg>HR</arg>
<arg>HT</arg>
<arg>HU</arg>
<arg>ID</arg>
<arg>IE</arg>
<arg>IL</arg>
<arg>IM</arg>
<arg>IN</arg>
<arg>IO</arg>
<arg>IQ</arg>
<arg>IR</arg>
<arg>IS</arg>
<arg>IT</arg>
<arg>JE</arg>
<arg>JM</arg>
<arg>JO</arg>
<arg>JP</arg>
<arg>KE</arg>
<arg>KG</arg>
<arg>KH</arg>
<arg>KI</arg>
<arg>KM</arg>
<arg>KN</arg>
<arg>KP</arg>
<arg>KR</arg>
<arg>KW</arg>
<arg>KY</arg>
<arg>KZ</arg>
<arg>LA</arg>
<arg>LB</arg>
<arg>LC</arg>
<arg>LI</arg>
<arg>LK</arg>
<arg>LR</arg>
<arg>LS</arg>
<arg>LT</arg>
<arg>LU</arg>
<arg>LV</arg>
<arg>LY</arg>
<arg>MA</arg>
<arg>MC</arg>
<arg>MD</arg>
<arg>ME</arg>
<arg>MF</arg>
<arg>MG</arg>
<arg>MH</arg>
<arg>MK</arg>
<arg>ML</arg>
<arg>MM</arg>
<arg>MN</arg>
<arg>MO</arg>
<arg>MP</arg>
<arg>MQ</arg>
<arg>MR</arg>
<arg>MS</arg>
<arg>MT</arg>
<arg>MU</arg>
<arg>MV</arg>
<arg>MW</arg>
<arg>MX</arg>
<arg>MY</arg>
<arg>MZ</arg>
<arg>NA</arg>
<arg>NC</arg>
<arg>NE</arg>
<arg>NF</arg>
<arg>NG</arg>
<arg>NI</arg>
<arg>NL</arg>
<arg>NO</arg>
<arg>NP</arg>
<arg>NR</arg>
<arg>NU</arg>
<arg>NZ</arg>
<arg>OM</arg>
<arg>PA</arg>
<arg>PE</arg>
<arg>PF</arg>
<arg>PG</arg>
<arg>PH</arg>
<arg>PK</arg>
<arg>PL</arg>
<arg>PM</arg>
<arg>PN</arg>
<arg>PR</arg>
<arg>PS</arg>
<arg>PT</arg>
<arg>PW</arg>
<arg>PY</arg>
<arg>QA</arg>
<arg>RE</arg>
<arg>RO</arg>
<arg>RS</arg>
<arg>RU</arg>
<arg>RW</arg>
<arg>SA</arg>
<arg>SB</arg>
<arg>SC</arg>
<arg>SD</arg>
<arg>SE</arg>
<arg>SG</arg>
<arg>SH</arg>
<arg>SI</arg>
<arg>SJ</arg>
<arg>SK</arg>
<arg>SL</arg>
<arg>SM</arg>
<arg>SN</arg>
<arg>SO</arg>
<arg>SR</arg>
<arg>SS</arg>
<arg>ST</arg>
<arg>SV</arg>
<arg>SX</arg>
<arg>SY</arg>
<arg>SZ</arg>
<arg>TC</arg>
<arg>TD</arg>
<arg>TF</arg>
<arg>TG</arg>
<arg>TH</arg>
<arg>TJ</arg>
<arg>TK</arg>
<arg>TL</arg>
<arg>TM</arg>
<arg>TN</arg>
<arg>TO</arg>
<arg>TR</arg>
<arg>TT</arg>
<arg>TV</arg>
<arg>TW</arg>
<arg>TZ</arg>
<arg>UA</arg>
<arg>UG</arg>
<arg>UM</arg>
<arg>US</arg>
<arg>UY</arg>
<arg>UZ</arg>
<arg>VA</arg>
<arg>VC</arg>
<arg>VE</arg>
<arg>VG</arg>
<arg>VI</arg>
<arg>VN</arg>
<arg>VU</arg>
<arg>WF</arg>
<arg>WS</arg>
<arg>XK</arg>
<arg>YE</arg>
<arg>YT</arg>
<arg>ZA</arg>
<arg>ZM</arg>
<arg>ZW</arg>
<doc>Returns a list containing given items.</doc>
<status status="PASS" start="2024-08-05T02:35:55.984842" elapsed="0.000671"/>
</kw>
<kw name="List Should Contain Value" owner="Collections">
<arg>${list_country}</arg>
<arg>${name_country}</arg>
<doc>Fails if the ``value`` is not found from ``list``.</doc>
<status status="PASS" start="2024-08-05T02:35:55.986439" elapsed="0.000208"/>
</kw>
<kw name="Run Keyword If" owner="BuiltIn">
<kw name="Should Be True" owner="BuiltIn">
<arg>${True}</arg>
<doc>Fails if the given condition is not true.</doc>
<status status="PASS" start="2024-08-05T02:35:55.987586" elapsed="0.000144"/>
</kw>
<arg>${json_data["results"][0]["location"]["coordinates"]["latitude"]} &gt;= -90 and ${json_data["results"][0]["location"]["coordinates"]["latitude"]} &lt;= 90</arg>
<arg>Should Be True</arg>
<arg>${True}</arg>
<doc>Runs the given keyword with the given arguments, if ``condition`` is true.</doc>
<status status="PASS" start="2024-08-05T02:35:55.986845" elapsed="0.001010"/>
</kw>
<kw name="Run Keyword If" owner="BuiltIn">
<kw name="Should Be True" owner="BuiltIn">
<arg>${True}</arg>
<doc>Fails if the given condition is not true.</doc>
<status status="PASS" start="2024-08-05T02:35:55.988724" elapsed="0.000138"/>
</kw>
<arg>${json_data["results"][0]["location"]["coordinates"]["longitude"]} &gt;= -180 and ${json_data["results"][0]["location"]["coordinates"]["longitude"]} &lt;= 180</arg>
<arg>Should Be True</arg>
<arg>${True}</arg>
<doc>Runs the given keyword with the given arguments, if ``condition`` is true.</doc>
<status status="PASS" start="2024-08-05T02:35:55.988035" elapsed="0.000971"/>
</kw>
<status status="PASS" start="2024-08-05T02:35:55.866137" elapsed="0.123027"/>
</kw>
<doc>Testa o conteúdo específico dos campos retornados pela API.</doc>
<tag>testeConteudo</tag>
<status status="PASS" start="2024-08-05T02:35:55.865625" elapsed="0.123681"/>
</test>
<status status="PASS" start="2024-08-05T02:35:54.796813" elapsed="1.194317"/>
</suite>
<status status="PASS" start="2024-08-05T02:35:54.781500" elapsed="1.214643"/>
</suite>
<statistics>
<total>
<stat pass="5" fail="0" skip="0">All Tests</stat>
</total>
<tag>
<stat pass="1" fail="0" skip="0">testeConteudo</stat>
<stat pass="1" fail="0" skip="0">testeEstruturaResposta</stat>
<stat pass="1" fail="0" skip="0">testeRequisicaoBasica</stat>
<stat pass="1" fail="0" skip="0">testeTiposDados</stat>
</tag>
<suite>
<stat pass="5" fail="0" skip="0" id="s1" name="Tests">Tests</stat>
<stat pass="5" fail="0" skip="0" id="s1-s1" name="Random-User-Test">Tests.Random-User-Test</stat>
</suite>
</statistics>
<errors>
</errors>
</robot>
