<?xml version="1.0" encoding="UTF-8"?>
<robot generator="Robot 7.0 (Python 3.12.3 on linux)" generated="2024-05-13T03:15:38.210482" rpa="false" schemaversion="5">
<suite id="s1" name="Tests" source="/home/runner/work/DesafioQAItauRogerioJordao/DesafioQAItauRogerioJordao/RamdonUser/tests">
<suite id="s1-s1" name="Random-User-Test" source="/home/runner/work/DesafioQAItauRogerioJordao/DesafioQAItauRogerioJordao/RamdonUser/tests/random-user-test.robot">
<test id="s1-s1-t1" name="Conectar" line="13">
<kw name="Conectar API" owner="random-user-service">
<kw name="Create Session" owner="RequestsLibrary">
<msg time="2024-05-13T03:15:38.587477" level="INFO">Creating Session using : alias=consultarAPI, url=https://randomuser.me/, headers={},                     cookies={}, auth=None, timeout=None, proxies=None, verify=False,                     debug=0 </msg>
<arg>consultarAPI</arg>
<arg>${URL}</arg>
<doc>Create Session: create a HTTP session to a server</doc>
<status status="PASS" start="2024-05-13T03:15:38.587270" elapsed="0.000410"/>
</kw>
<status status="PASS" start="2024-05-13T03:15:38.586225" elapsed="0.001827"/>
</kw>
<status status="PASS" start="2024-05-13T03:15:38.585658" elapsed="0.002587"/>
</test>
<test id="s1-s1-t2" name="Validar retorno 200 e JSON Válido" line="16">
<kw name="Teste de Requisicao Basica" owner="random-user-service">
<kw name="GET On Session" owner="RequestsLibrary">
<msg time="2024-05-13T03:15:38.843565" level="INFO">GET Request : url=https://randomuser.me/api 
 path_url=/api 
 headers={'User-Agent': 'python-requests/2.31.0', 'Accept-Encoding': 'gzip, deflate', 'Accept': '*/*', 'Connection': 'keep-alive'} 
 body=None 
 </msg>
<msg time="2024-05-13T03:15:38.843739" level="INFO">GET Response : url=https://randomuser.me/api 
 status=200, reason=OK 
 headers={'Date': 'Mon, 13 May 2024 03:15:38 GMT', 'Content-Type': 'application/json; charset=utf-8', 'Transfer-Encoding': 'chunked', 'Connection': 'keep-alive', 'X-Powered-By': 'Express', 'Access-Control-Allow-Origin': '*', 'Cache-Control': 'no-cache', 'ETag': 'W/"4a4-7dKB7b9dUliwW0ts6MbUJIKeNGg"', 'Vary': 'Accept-Encoding', 'Content-Encoding': 'gzip', 'CF-Cache-Status': 'DYNAMIC', 'Report-To': '{"endpoints":[{"url":"https:\\/\\/a.nel.cloudflare.com\\/report\\/v4?s=hwGRpkgxswztFkMbUCFEjillDpoRjO4fFMzvDw8qVAj0X9S94CxD26fApmFV%2BIb4PK8jHw7lQdNEWKSPA31Dm3QXXwg5DF5LFAPBasdpeO0J1OxlW9OxILCtrtBz%2BY2G"}],"group":"cf-nel","max_age":604800}', 'NEL': '{"success_fraction":0,"report_to":"cf-nel","max_age":604800}', 'Server': 'cloudflare', 'CF-RAY': '882f7c376e99616c-ORD', 'alt-svc': 'h3=":443"; ma=86400'} 
 body={"results":[{"gender":"female","name":{"title":"Miss","first":"Giesela","last":"Hilbig"},"location":{"street":{"number":7324,"name":"Blumenstraße"},"city":"Rheine","state":"Sachsen-Anhalt","country":"Germany","postcode":28762,"coordinates":{"latitude":"-51.0929","longitude":"140.2575"},"timezone":{"offset":"+1:00","description":"Brussels, Copenhagen, Madrid, Paris"}},"email":"giesela.hilbig@example.com","login":{"uuid":"5537b2bd-39b9-4e86-bd1b-f464b5473fb3","username":"silverwolf372","password":"babylon5","salt":"JQK4FA02","md5":"6c325344c3ca5f52d61b80d8fd8d2a81","sha1":"e957a86980ac4e6f6d380650c5d8e98c53d01e7a","sha256":"9c568768629b6453e6217562f0fe38859c8dad40abc047dd38a66768feb287e1"},"dob":{"date":"1966-04-30T04:29:20.622Z","age":58},"registered":{"date":"2007-12-02T08:27:35.526Z","age":16},"phone":"0324-2972639","cell":"0178-2522734","id":{"name":"SVNR","value":"60 290466 H 561"},"picture":{"large":"https://randomuser.me/api/portraits/women/72.jpg","medium":"https://randomuser.me/api/portraits/med/women/72.jpg","thumbnail":"https://randomuser.me/api/portraits/thumb/women/72.jpg"},"nat":"DE"}],"info":{"seed":"40db4564d9ccf1c3","results":1,"page":1,"version":"1.4"}} 
 </msg>
<msg time="2024-05-13T03:15:38.843844" level="INFO">/opt/hostedtoolcache/Python/3.12.3/x64/lib/python3.12/site-packages/urllib3/connectionpool.py:1103: InsecureRequestWarning: Unverified HTTPS request is being made to host 'randomuser.me'. Adding certificate verification is strongly advised. See: https://urllib3.readthedocs.io/en/latest/advanced-usage.html#tls-warnings
  warnings.warn(</msg>
<msg time="2024-05-13T03:15:38.843998" level="INFO">${response} = &lt;Response [200]&gt;</msg>
<var>${response}</var>
<arg>consultarAPI</arg>
<arg>/api</arg>
<doc>Sends a GET request on a previously created HTTP Session.</doc>
<status status="PASS" start="2024-05-13T03:15:38.590839" elapsed="0.253201"/>
</kw>
<kw name="Should Be Equal As Numbers" owner="BuiltIn">
<msg time="2024-05-13T03:15:38.845075" level="INFO">Argument types are:
&lt;class 'int'&gt;
&lt;class 'str'&gt;</msg>
<arg>${response.status_code}</arg>
<arg>200</arg>
<doc>Fails if objects are unequal after converting them to real numbers.</doc>
<status status="PASS" start="2024-05-13T03:15:38.844604" elapsed="0.000538"/>
</kw>
<kw name="Log" owner="BuiltIn">
<msg time="2024-05-13T03:15:38.845861" level="INFO">200</msg>
<arg>${response.status_code}</arg>
<doc>Logs the given message with the given level.</doc>
<status status="PASS" start="2024-05-13T03:15:38.845509" elapsed="0.000395"/>
</kw>
<kw name="Set Variable" owner="BuiltIn">
<msg time="2024-05-13T03:15:38.846661" level="INFO">${json_data} = {'results': [{'gender': 'female', 'name': {'title': 'Miss', 'first': 'Giesela', 'last': 'Hilbig'}, 'location': {'street': {'number': 7324, 'name': 'Blumenstraße'}, 'city': 'Rheine', 'state': 'Sachsen-...</msg>
<var>${json_data}</var>
<arg>${response.json()}</arg>
<doc>Returns the given values which can then be assigned to a variables.</doc>
<status status="PASS" start="2024-05-13T03:15:38.846214" elapsed="0.000476"/>
</kw>
<kw name="Dictionary Should Contain Key" owner="Collections">
<msg time="2024-05-13T03:15:38.847200" level="INFO">False</msg>
<arg>${json_data}</arg>
<arg>results</arg>
<doc>Fails if ``key`` is not found from ``dictionary``.</doc>
<status status="PASS" start="2024-05-13T03:15:38.846999" elapsed="0.000245"/>
</kw>
<status status="PASS" start="2024-05-13T03:15:38.590591" elapsed="0.256920"/>
</kw>
<doc>Testa se a API responde corretamente e retorna um objeto JSON válido.</doc>
<tag>testeRequisicaoBasica</tag>
<status status="PASS" start="2024-05-13T03:15:38.590128" elapsed="0.257575"/>
</test>
<test id="s1-s1-t3" name="Validar estrutura de resposta" line="22">
<kw name="Teste de Estrutura de Resposta" owner="random-user-service">
<kw name="GET On Session" owner="RequestsLibrary">
<msg time="2024-05-13T03:15:38.941967" level="INFO">GET Request : url=https://randomuser.me/api 
 path_url=/api 
 headers={'User-Agent': 'python-requests/2.31.0', 'Accept-Encoding': 'gzip, deflate', 'Accept': '*/*', 'Connection': 'keep-alive'} 
 body=None 
 </msg>
<msg time="2024-05-13T03:15:38.942081" level="INFO">GET Response : url=https://randomuser.me/api 
 status=200, reason=OK 
 headers={'Date': 'Mon, 13 May 2024 03:15:38 GMT', 'Content-Type': 'application/json; charset=utf-8', 'Transfer-Encoding': 'chunked', 'Connection': 'keep-alive', 'X-Powered-By': 'Express', 'Access-Control-Allow-Origin': '*', 'Cache-Control': 'no-cache', 'ETag': 'W/"465-qA7KL2i8yGkmCWpsf3lm0uqKef8"', 'Vary': 'Accept-Encoding', 'Content-Encoding': 'gzip', 'CF-Cache-Status': 'DYNAMIC', 'Report-To': '{"endpoints":[{"url":"https:\\/\\/a.nel.cloudflare.com\\/report\\/v4?s=dSzTFWX5VMNSngEIRx1hXCJNOhGIPS0Y3Wl8dsfvU8Te7UnZ0l4wUbjPqvSDg15GMSUNW%2FYTnaZGRJ%2FsdxG1WvxFq0NaBuiMxvD2lEpidg%2BaEVgd0vIS6iuiVENMaq0f"}],"group":"cf-nel","max_age":604800}', 'NEL': '{"success_fraction":0,"report_to":"cf-nel","max_age":604800}', 'Server': 'cloudflare', 'CF-RAY': '882f7c37df06616c-ORD', 'alt-svc': 'h3=":443"; ma=86400'} 
 body={"results":[{"gender":"male","name":{"title":"Mr","first":"Tarak","last":"Rao"},"location":{"street":{"number":4861,"name":"Altamount Rd"},"city":"Phusro","state":"Lakshadweep","country":"India","postcode":34988,"coordinates":{"latitude":"8.4087","longitude":"-80.9864"},"timezone":{"offset":"-9:00","description":"Alaska"}},"email":"tarak.rao@example.com","login":{"uuid":"eb170b84-ac9a-4a9c-adb1-f38bb8795fb2","username":"redbutterfly998","password":"sophia","salt":"OXLPPMVz","md5":"6145b20243632d46fe2191d905580e4a","sha1":"3d726fea30054253d8591d420ef7805be2c20bf3","sha256":"ed63ee249e5f30d988013b5fa49436ef899164a3c26cd7bec3d9b188945df5b8"},"dob":{"date":"1955-11-05T15:52:49.775Z","age":68},"registered":{"date":"2012-04-26T10:54:39.421Z","age":12},"phone":"9546397166","cell":"9097126881","id":{"name":"UIDAI","value":"080120417960"},"picture":{"large":"https://randomuser.me/api/portraits/men/72.jpg","medium":"https://randomuser.me/api/portraits/med/men/72.jpg","thumbnail":"https://randomuser.me/api/portraits/thumb/men/72.jpg"},"nat":"IN"}],"info":{"seed":"cb8fa86ac4e5f0bd","results":1,"page":1,"version":"1.4"}} 
 </msg>
<msg time="2024-05-13T03:15:38.942212" level="INFO">/opt/hostedtoolcache/Python/3.12.3/x64/lib/python3.12/site-packages/urllib3/connectionpool.py:1103: InsecureRequestWarning: Unverified HTTPS request is being made to host 'randomuser.me'. Adding certificate verification is strongly advised. See: https://urllib3.readthedocs.io/en/latest/advanced-usage.html#tls-warnings
  warnings.warn(</msg>
<msg time="2024-05-13T03:15:38.942337" level="INFO">${response} = &lt;Response [200]&gt;</msg>
<var>${response}</var>
<arg>consultarAPI</arg>
<arg>/api</arg>
<doc>Sends a GET request on a previously created HTTP Session.</doc>
<status status="PASS" start="2024-05-13T03:15:38.850378" elapsed="0.091991"/>
</kw>
<kw name="Set Variable" owner="BuiltIn">
<msg time="2024-05-13T03:15:38.943491" level="INFO">${json_data} = {'results': [{'gender': 'male', 'name': {'title': 'Mr', 'first': 'Tarak', 'last': 'Rao'}, 'location': {'street': {'number': 4861, 'name': 'Altamount Rd'}, 'city': 'Phusro', 'state': 'Lakshadweep', 'co...</msg>
<var>${json_data}</var>
<arg>${response.json()}</arg>
<doc>Returns the given values which can then be assigned to a variables.</doc>
<status status="PASS" start="2024-05-13T03:15:38.942909" elapsed="0.000610"/>
</kw>
<kw name="Log" owner="BuiltIn">
<msg time="2024-05-13T03:15:38.944001" level="INFO">{'results': [{'gender': 'male', 'name': {'title': 'Mr', 'first': 'Tarak', 'last': 'Rao'}, 'location': {'street': {'number': 4861, 'name': 'Altamount Rd'}, 'city': 'Phusro', 'state': 'Lakshadweep', 'country': 'India', 'postcode': 34988, 'coordinates': {'latitude': '8.4087', 'longitude': '-80.9864'}, 'timezone': {'offset': '-9:00', 'description': 'Alaska'}}, 'email': 'tarak.rao@example.com', 'login': {'uuid': 'eb170b84-ac9a-4a9c-adb1-f38bb8795fb2', 'username': 'redbutterfly998', 'password': 'sophia', 'salt': 'OXLPPMVz', 'md5': '6145b20243632d46fe2191d905580e4a', 'sha1': '3d726fea30054253d8591d420ef7805be2c20bf3', 'sha256': 'ed63ee249e5f30d988013b5fa49436ef899164a3c26cd7bec3d9b188945df5b8'}, 'dob': {'date': '1955-11-05T15:52:49.775Z', 'age': 68}, 'registered': {'date': '2012-04-26T10:54:39.421Z', 'age': 12}, 'phone': '9546397166', 'cell': '9097126881', 'id': {'name': 'UIDAI', 'value': '080120417960'}, 'picture': {'large': 'https://randomuser.me/api/portraits/men/72.jpg', 'medium': 'https://randomuser.me/api/portraits/med/men/72.jpg', 'thumbnail': 'https://randomuser.me/api/portraits/thumb/men/72.jpg'}, 'nat': 'IN'}], 'info': {'seed': 'cb8fa86ac4e5f0bd', 'results': 1, 'page': 1, 'version': '1.4'}}</msg>
<arg>${json_data}</arg>
<doc>Logs the given message with the given level.</doc>
<status status="PASS" start="2024-05-13T03:15:38.943840" elapsed="0.000208"/>
</kw>
<kw name="Dictionary Should Contain Key" owner="Collections">
<msg time="2024-05-13T03:15:38.944501" level="INFO">False</msg>
<arg>${json_data}</arg>
<arg>results</arg>
<doc>Fails if ``key`` is not found from ``dictionary``.</doc>
<status status="PASS" start="2024-05-13T03:15:38.944339" elapsed="0.000200"/>
</kw>
<kw name="Should Not Be Empty" owner="BuiltIn">
<msg time="2024-05-13T03:15:38.944960" level="INFO">Length is 2.</msg>
<arg>${json_data}</arg>
<doc>Verifies that the given item is not empty.</doc>
<status status="PASS" start="2024-05-13T03:15:38.944830" elapsed="0.000333"/>
</kw>
<kw name="Create List" owner="BuiltIn">
<msg time="2024-05-13T03:15:38.945607" level="INFO">${expected_keys} = ['gender', 'name', 'location', 'email', 'login']</msg>
<var>${expected_keys}</var>
<arg>gender</arg>
<arg>name</arg>
<arg>location</arg>
<arg>email</arg>
<arg>login</arg>
<doc>Returns a list containing given items.</doc>
<status status="PASS" start="2024-05-13T03:15:38.945455" elapsed="0.000176"/>
</kw>
<for flavor="IN">
<iter>
<kw name="Dictionary Should Contain Key" owner="Collections">
<msg time="2024-05-13T03:15:38.946628" level="INFO">False</msg>
<arg>${json_data['results'][0]}</arg>
<arg>${key}</arg>
<doc>Fails if ``key`` is not found from ``dictionary``.</doc>
<status status="PASS" start="2024-05-13T03:15:38.946218" elapsed="0.000449"/>
</kw>
<kw name="Log" owner="BuiltIn">
<msg time="2024-05-13T03:15:38.947362" level="INFO">{'gender': 'male', 'name': {'title': 'Mr', 'first': 'Tarak', 'last': 'Rao'}, 'location': {'street': {'number': 4861, 'name': 'Altamount Rd'}, 'city': 'Phusro', 'state': 'Lakshadweep', 'country': 'India', 'postcode': 34988, 'coordinates': {'latitude': '8.4087', 'longitude': '-80.9864'}, 'timezone': {'offset': '-9:00', 'description': 'Alaska'}}, 'email': 'tarak.rao@example.com', 'login': {'uuid': 'eb170b84-ac9a-4a9c-adb1-f38bb8795fb2', 'username': 'redbutterfly998', 'password': 'sophia', 'salt': 'OXLPPMVz', 'md5': '6145b20243632d46fe2191d905580e4a', 'sha1': '3d726fea30054253d8591d420ef7805be2c20bf3', 'sha256': 'ed63ee249e5f30d988013b5fa49436ef899164a3c26cd7bec3d9b188945df5b8'}, 'dob': {'date': '1955-11-05T15:52:49.775Z', 'age': 68}, 'registered': {'date': '2012-04-26T10:54:39.421Z', 'age': 12}, 'phone': '9546397166', 'cell': '9097126881', 'id': {'name': 'UIDAI', 'value': '080120417960'}, 'picture': {'large': 'https://randomuser.me/api/portraits/men/72.jpg', 'medium': 'https://randomuser.me/api/portraits/med/men/72.jpg', 'thumbnail': 'https://randomuser.me/api/portraits/thumb/men/72.jpg'}, 'nat': 'IN'}</msg>
<arg>${json_data['results'][0]}</arg>
<doc>Logs the given message with the given level.</doc>
<status status="PASS" start="2024-05-13T03:15:38.946964" elapsed="0.000446"/>
</kw>
<kw name="Log" owner="BuiltIn">
<msg time="2024-05-13T03:15:38.947832" level="INFO">gender</msg>
<arg>${key}</arg>
<doc>Logs the given message with the given level.</doc>
<status status="PASS" start="2024-05-13T03:15:38.947707" elapsed="0.000161"/>
</kw>
<var name="${key}">gender</var>
<status status="PASS" start="2024-05-13T03:15:38.946091" elapsed="0.001987"/>
</iter>
<iter>
<kw name="Dictionary Should Contain Key" owner="Collections">
<msg time="2024-05-13T03:15:38.948763" level="INFO">False</msg>
<arg>${json_data['results'][0]}</arg>
<arg>${key}</arg>
<doc>Fails if ``key`` is not found from ``dictionary``.</doc>
<status status="PASS" start="2024-05-13T03:15:38.948377" elapsed="0.000423"/>
</kw>
<kw name="Log" owner="BuiltIn">
<msg time="2024-05-13T03:15:38.949488" level="INFO">{'gender': 'male', 'name': {'title': 'Mr', 'first': 'Tarak', 'last': 'Rao'}, 'location': {'street': {'number': 4861, 'name': 'Altamount Rd'}, 'city': 'Phusro', 'state': 'Lakshadweep', 'country': 'India', 'postcode': 34988, 'coordinates': {'latitude': '8.4087', 'longitude': '-80.9864'}, 'timezone': {'offset': '-9:00', 'description': 'Alaska'}}, 'email': 'tarak.rao@example.com', 'login': {'uuid': 'eb170b84-ac9a-4a9c-adb1-f38bb8795fb2', 'username': 'redbutterfly998', 'password': 'sophia', 'salt': 'OXLPPMVz', 'md5': '6145b20243632d46fe2191d905580e4a', 'sha1': '3d726fea30054253d8591d420ef7805be2c20bf3', 'sha256': 'ed63ee249e5f30d988013b5fa49436ef899164a3c26cd7bec3d9b188945df5b8'}, 'dob': {'date': '1955-11-05T15:52:49.775Z', 'age': 68}, 'registered': {'date': '2012-04-26T10:54:39.421Z', 'age': 12}, 'phone': '9546397166', 'cell': '9097126881', 'id': {'name': 'UIDAI', 'value': '080120417960'}, 'picture': {'large': 'https://randomuser.me/api/portraits/men/72.jpg', 'medium': 'https://randomuser.me/api/portraits/med/men/72.jpg', 'thumbnail': 'https://randomuser.me/api/portraits/thumb/men/72.jpg'}, 'nat': 'IN'}</msg>
<arg>${json_data['results'][0]}</arg>
<doc>Logs the given message with the given level.</doc>
<status status="PASS" start="2024-05-13T03:15:38.949094" elapsed="0.000443"/>
</kw>
<kw name="Log" owner="BuiltIn">
<msg time="2024-05-13T03:15:38.949959" level="INFO">name</msg>
<arg>${key}</arg>
<doc>Logs the given message with the given level.</doc>
<status status="PASS" start="2024-05-13T03:15:38.949833" elapsed="0.000163"/>
</kw>
<var name="${key}">name</var>
<status status="PASS" start="2024-05-13T03:15:38.948264" elapsed="0.001945"/>
</iter>
<iter>
<kw name="Dictionary Should Contain Key" owner="Collections">
<msg time="2024-05-13T03:15:38.950887" level="INFO">False</msg>
<arg>${json_data['results'][0]}</arg>
<arg>${key}</arg>
<doc>Fails if ``key`` is not found from ``dictionary``.</doc>
<status status="PASS" start="2024-05-13T03:15:38.950505" elapsed="0.000419"/>
</kw>
<kw name="Log" owner="BuiltIn">
<msg time="2024-05-13T03:15:38.951635" level="INFO">{'gender': 'male', 'name': {'title': 'Mr', 'first': 'Tarak', 'last': 'Rao'}, 'location': {'street': {'number': 4861, 'name': 'Altamount Rd'}, 'city': 'Phusro', 'state': 'Lakshadweep', 'country': 'India', 'postcode': 34988, 'coordinates': {'latitude': '8.4087', 'longitude': '-80.9864'}, 'timezone': {'offset': '-9:00', 'description': 'Alaska'}}, 'email': 'tarak.rao@example.com', 'login': {'uuid': 'eb170b84-ac9a-4a9c-adb1-f38bb8795fb2', 'username': 'redbutterfly998', 'password': 'sophia', 'salt': 'OXLPPMVz', 'md5': '6145b20243632d46fe2191d905580e4a', 'sha1': '3d726fea30054253d8591d420ef7805be2c20bf3', 'sha256': 'ed63ee249e5f30d988013b5fa49436ef899164a3c26cd7bec3d9b188945df5b8'}, 'dob': {'date': '1955-11-05T15:52:49.775Z', 'age': 68}, 'registered': {'date': '2012-04-26T10:54:39.421Z', 'age': 12}, 'phone': '9546397166', 'cell': '9097126881', 'id': {'name': 'UIDAI', 'value': '080120417960'}, 'picture': {'large': 'https://randomuser.me/api/portraits/men/72.jpg', 'medium': 'https://randomuser.me/api/portraits/med/men/72.jpg', 'thumbnail': 'https://randomuser.me/api/portraits/thumb/men/72.jpg'}, 'nat': 'IN'}</msg>
<arg>${json_data['results'][0]}</arg>
<doc>Logs the given message with the given level.</doc>
<status status="PASS" start="2024-05-13T03:15:38.951263" elapsed="0.000418"/>
</kw>
<kw name="Log" owner="BuiltIn">
<msg time="2024-05-13T03:15:38.952100" level="INFO">location</msg>
<arg>${key}</arg>
<doc>Logs the given message with the given level.</doc>
<status status="PASS" start="2024-05-13T03:15:38.951973" elapsed="0.000164"/>
</kw>
<var name="${key}">location</var>
<status status="PASS" start="2024-05-13T03:15:38.950393" elapsed="0.001956"/>
</iter>
<iter>
<kw name="Dictionary Should Contain Key" owner="Collections">
<msg time="2024-05-13T03:15:38.953022" level="INFO">False</msg>
<arg>${json_data['results'][0]}</arg>
<arg>${key}</arg>
<doc>Fails if ``key`` is not found from ``dictionary``.</doc>
<status status="PASS" start="2024-05-13T03:15:38.952636" elapsed="0.000423"/>
</kw>
<kw name="Log" owner="BuiltIn">
<msg time="2024-05-13T03:15:38.953712" level="INFO">{'gender': 'male', 'name': {'title': 'Mr', 'first': 'Tarak', 'last': 'Rao'}, 'location': {'street': {'number': 4861, 'name': 'Altamount Rd'}, 'city': 'Phusro', 'state': 'Lakshadweep', 'country': 'India', 'postcode': 34988, 'coordinates': {'latitude': '8.4087', 'longitude': '-80.9864'}, 'timezone': {'offset': '-9:00', 'description': 'Alaska'}}, 'email': 'tarak.rao@example.com', 'login': {'uuid': 'eb170b84-ac9a-4a9c-adb1-f38bb8795fb2', 'username': 'redbutterfly998', 'password': 'sophia', 'salt': 'OXLPPMVz', 'md5': '6145b20243632d46fe2191d905580e4a', 'sha1': '3d726fea30054253d8591d420ef7805be2c20bf3', 'sha256': 'ed63ee249e5f30d988013b5fa49436ef899164a3c26cd7bec3d9b188945df5b8'}, 'dob': {'date': '1955-11-05T15:52:49.775Z', 'age': 68}, 'registered': {'date': '2012-04-26T10:54:39.421Z', 'age': 12}, 'phone': '9546397166', 'cell': '9097126881', 'id': {'name': 'UIDAI', 'value': '080120417960'}, 'picture': {'large': 'https://randomuser.me/api/portraits/men/72.jpg', 'medium': 'https://randomuser.me/api/portraits/med/men/72.jpg', 'thumbnail': 'https://randomuser.me/api/portraits/thumb/men/72.jpg'}, 'nat': 'IN'}</msg>
<arg>${json_data['results'][0]}</arg>
<doc>Logs the given message with the given level.</doc>
<status status="PASS" start="2024-05-13T03:15:38.953355" elapsed="0.000404"/>
</kw>
<kw name="Log" owner="BuiltIn">
<msg time="2024-05-13T03:15:38.954170" level="INFO">email</msg>
<arg>${key}</arg>
<doc>Logs the given message with the given level.</doc>
<status status="PASS" start="2024-05-13T03:15:38.954047" elapsed="0.000159"/>
</kw>
<var name="${key}">email</var>
<status status="PASS" start="2024-05-13T03:15:38.952525" elapsed="0.001893"/>
</iter>
<iter>
<kw name="Dictionary Should Contain Key" owner="Collections">
<msg time="2024-05-13T03:15:38.955081" level="INFO">False</msg>
<arg>${json_data['results'][0]}</arg>
<arg>${key}</arg>
<doc>Fails if ``key`` is not found from ``dictionary``.</doc>
<status status="PASS" start="2024-05-13T03:15:38.954700" elapsed="0.000418"/>
</kw>
<kw name="Log" owner="BuiltIn">
<msg time="2024-05-13T03:15:38.955804" level="INFO">{'gender': 'male', 'name': {'title': 'Mr', 'first': 'Tarak', 'last': 'Rao'}, 'location': {'street': {'number': 4861, 'name': 'Altamount Rd'}, 'city': 'Phusro', 'state': 'Lakshadweep', 'country': 'India', 'postcode': 34988, 'coordinates': {'latitude': '8.4087', 'longitude': '-80.9864'}, 'timezone': {'offset': '-9:00', 'description': 'Alaska'}}, 'email': 'tarak.rao@example.com', 'login': {'uuid': 'eb170b84-ac9a-4a9c-adb1-f38bb8795fb2', 'username': 'redbutterfly998', 'password': 'sophia', 'salt': 'OXLPPMVz', 'md5': '6145b20243632d46fe2191d905580e4a', 'sha1': '3d726fea30054253d8591d420ef7805be2c20bf3', 'sha256': 'ed63ee249e5f30d988013b5fa49436ef899164a3c26cd7bec3d9b188945df5b8'}, 'dob': {'date': '1955-11-05T15:52:49.775Z', 'age': 68}, 'registered': {'date': '2012-04-26T10:54:39.421Z', 'age': 12}, 'phone': '9546397166', 'cell': '9097126881', 'id': {'name': 'UIDAI', 'value': '080120417960'}, 'picture': {'large': 'https://randomuser.me/api/portraits/men/72.jpg', 'medium': 'https://randomuser.me/api/portraits/med/men/72.jpg', 'thumbnail': 'https://randomuser.me/api/portraits/thumb/men/72.jpg'}, 'nat': 'IN'}</msg>
<arg>${json_data['results'][0]}</arg>
<doc>Logs the given message with the given level.</doc>
<status status="PASS" start="2024-05-13T03:15:38.955439" elapsed="0.000411"/>
</kw>
<kw name="Log" owner="BuiltIn">
<msg time="2024-05-13T03:15:38.956270" level="INFO">login</msg>
<arg>${key}</arg>
<doc>Logs the given message with the given level.</doc>
<status status="PASS" start="2024-05-13T03:15:38.956144" elapsed="0.000163"/>
</kw>
<var name="${key}">login</var>
<status status="PASS" start="2024-05-13T03:15:38.954590" elapsed="0.001936"/>
</iter>
<var>${key}</var>
<value>@{expected_keys}</value>
<status status="PASS" start="2024-05-13T03:15:38.945888" elapsed="0.010757"/>
</for>
<kw name="Create List" owner="BuiltIn">
<msg time="2024-05-13T03:15:38.957013" level="INFO">${expected_keysTwo} = ['username', 'password']</msg>
<var>${expected_keysTwo}</var>
<arg>username</arg>
<arg>password</arg>
<doc>Returns a list containing given items.</doc>
<status status="PASS" start="2024-05-13T03:15:38.956842" elapsed="0.000195"/>
</kw>
<for flavor="IN">
<iter>
<kw name="Dictionary Should Contain Key" owner="Collections">
<msg time="2024-05-13T03:15:38.957936" level="INFO">False</msg>
<arg>${json_data['results'][0]['login']}</arg>
<arg>${keyTwo}</arg>
<doc>Fails if ``key`` is not found from ``dictionary``.</doc>
<status status="PASS" start="2024-05-13T03:15:38.957545" elapsed="0.000428"/>
</kw>
<kw name="Dictionary Should Contain Key" owner="Collections">
<msg time="2024-05-13T03:15:38.958647" level="INFO">False</msg>
<arg>${json_data['results'][0]['login']}</arg>
<arg>${keyTwo}</arg>
<doc>Fails if ``key`` is not found from ``dictionary``.</doc>
<status status="PASS" start="2024-05-13T03:15:38.958261" elapsed="0.000423"/>
</kw>
<kw name="Log" owner="BuiltIn">
<msg time="2024-05-13T03:15:38.959100" level="INFO">username</msg>
<arg>${keyTwo}</arg>
<doc>Logs the given message with the given level.</doc>
<status status="PASS" start="2024-05-13T03:15:38.958973" elapsed="0.000170"/>
</kw>
<var name="${keyTwo}">username</var>
<status status="PASS" start="2024-05-13T03:15:38.957435" elapsed="0.001964"/>
</iter>
<iter>
<kw name="Dictionary Should Contain Key" owner="Collections">
<msg time="2024-05-13T03:15:38.960156" level="INFO">False</msg>
<arg>${json_data['results'][0]['login']}</arg>
<arg>${keyTwo}</arg>
<doc>Fails if ``key`` is not found from ``dictionary``.</doc>
<status status="PASS" start="2024-05-13T03:15:38.959686" elapsed="0.000510"/>
</kw>
<kw name="Dictionary Should Contain Key" owner="Collections">
<msg time="2024-05-13T03:15:38.960883" level="INFO">False</msg>
<arg>${json_data['results'][0]['login']}</arg>
<arg>${keyTwo}</arg>
<doc>Fails if ``key`` is not found from ``dictionary``.</doc>
<status status="PASS" start="2024-05-13T03:15:38.960505" elapsed="0.000415"/>
</kw>
<kw name="Log" owner="BuiltIn">
<msg time="2024-05-13T03:15:38.961358" level="INFO">password</msg>
<arg>${keyTwo}</arg>
<doc>Logs the given message with the given level.</doc>
<status status="PASS" start="2024-05-13T03:15:38.961213" elapsed="0.000184"/>
</kw>
<var name="${keyTwo}">password</var>
<status status="PASS" start="2024-05-13T03:15:38.959577" elapsed="0.002044"/>
</iter>
<var>${keyTwo}</var>
<value>@{expected_keysTwo}</value>
<status status="PASS" start="2024-05-13T03:15:38.957277" elapsed="0.004468"/>
</for>
<status status="PASS" start="2024-05-13T03:15:38.850137" elapsed="0.111753"/>
</kw>
<doc>Testa a estrutura da resposta da API.</doc>
<tag>testeEstruturaResposta</tag>
<status status="PASS" start="2024-05-13T03:15:38.849552" elapsed="0.112501"/>
</test>
<test id="s1-s1-t4" name="Validar tipos de dados" line="28">
<kw name="Teste de Tipos de Dados" owner="random-user-service">
<kw name="GET On Session" owner="RequestsLibrary">
<msg time="2024-05-13T03:15:39.054012" level="INFO">GET Request : url=https://randomuser.me/api 
 path_url=/api 
 headers={'User-Agent': 'python-requests/2.31.0', 'Accept-Encoding': 'gzip, deflate', 'Accept': '*/*', 'Connection': 'keep-alive'} 
 body=None 
 </msg>
<msg time="2024-05-13T03:15:39.054124" level="INFO">GET Response : url=https://randomuser.me/api 
 status=200, reason=OK 
 headers={'Date': 'Mon, 13 May 2024 03:15:39 GMT', 'Content-Type': 'application/json; charset=utf-8', 'Transfer-Encoding': 'chunked', 'Connection': 'keep-alive', 'X-Powered-By': 'Express', 'Access-Control-Allow-Origin': '*', 'Cache-Control': 'no-cache', 'ETag': 'W/"46a-NwDRcTvfOUC6gUxAfT96r33UH/c"', 'Vary': 'Accept-Encoding', 'Content-Encoding': 'gzip', 'CF-Cache-Status': 'DYNAMIC', 'Report-To': '{"endpoints":[{"url":"https:\\/\\/a.nel.cloudflare.com\\/report\\/v4?s=j42wrKOzDg7pTqKFmT581elfm%2FB9z4PbhD5%2FbjxNYRSGAvM561471xu6ATcf7WPBtGqhlEOf26nhpnzjB9DDGtiWc2gbf80PcvCsZGOfpAieBKtMV0gBcymHX8e4EbW4"}],"group":"cf-nel","max_age":604800}', 'NEL': '{"success_fraction":0,"report_to":"cf-nel","max_age":604800}', 'Server': 'cloudflare', 'CF-RAY': '882f7c388f89616c-ORD', 'alt-svc': 'h3=":443"; ma=86400'} 
 body={"results":[{"gender":"male","name":{"title":"Mr","first":"طاها","last":"نكو نظر"},"location":{"street":{"number":6674,"name":"سباری"},"city":"تبریز","state":"گیلان","country":"Iran","postcode":49238,"coordinates":{"latitude":"20.4272","longitude":"-37.9603"},"timezone":{"offset":"-3:30","description":"Newfoundland"}},"email":"th.nkwnzr@example.com","login":{"uuid":"8c4a54e6-5721-40e5-87ba-5d4d9b9f0535","username":"redmouse409","password":"jamie","salt":"wBihb4wr","md5":"5829ac8c04243db7408bee4ba85c6024","sha1":"223b10d97013c742a98c815f47e36ec61b91e2ae","sha256":"e4d1778e911afa5002d10834159b34ff43fcbaa47459d3b075d2fe4666e0ae76"},"dob":{"date":"1992-02-14T19:07:44.703Z","age":32},"registered":{"date":"2007-09-03T07:12:10.541Z","age":16},"phone":"057-59032332","cell":"0918-802-1867","id":{"name":"","value":null},"picture":{"large":"https://randomuser.me/api/portraits/men/83.jpg","medium":"https://randomuser.me/api/portraits/med/men/83.jpg","thumbnail":"https://randomuser.me/api/portraits/thumb/men/83.jpg"},"nat":"IR"}],"info":{"seed":"83ec5314c1a4bce6","results":1,"page":1,"version":"1.4"}} 
 </msg>
<msg time="2024-05-13T03:15:39.054209" level="INFO">/opt/hostedtoolcache/Python/3.12.3/x64/lib/python3.12/site-packages/urllib3/connectionpool.py:1103: InsecureRequestWarning: Unverified HTTPS request is being made to host 'randomuser.me'. Adding certificate verification is strongly advised. See: https://urllib3.readthedocs.io/en/latest/advanced-usage.html#tls-warnings
  warnings.warn(</msg>
<msg time="2024-05-13T03:15:39.054343" level="INFO">${response} = &lt;Response [200]&gt;</msg>
<var>${response}</var>
<arg>consultarAPI</arg>
<arg>/api</arg>
<doc>Sends a GET request on a previously created HTTP Session.</doc>
<status status="PASS" start="2024-05-13T03:15:38.964542" elapsed="0.089835"/>
</kw>
<kw name="Set Variable" owner="BuiltIn">
<msg time="2024-05-13T03:15:39.055539" level="INFO">${json_data} = {'results': [{'gender': 'male', 'name': {'title': 'Mr', 'first': 'طاها', 'last': 'نكو نظر'}, 'location': {'street': {'number': 6674, 'name': 'سباری'}, 'city': 'تبریز', 'state': 'گیلان', 'country': 'Ir...</msg>
<var>${json_data}</var>
<arg>${response.json()}</arg>
<doc>Returns the given values which can then be assigned to a variables.</doc>
<status status="PASS" start="2024-05-13T03:15:39.054937" elapsed="0.000634"/>
</kw>
<kw name="Log" owner="BuiltIn">
<msg time="2024-05-13T03:15:39.056053" level="INFO">{'results': [{'gender': 'male', 'name': {'title': 'Mr', 'first': 'طاها', 'last': 'نكو نظر'}, 'location': {'street': {'number': 6674, 'name': 'سباری'}, 'city': 'تبریز', 'state': 'گیلان', 'country': 'Iran', 'postcode': 49238, 'coordinates': {'latitude': '20.4272', 'longitude': '-37.9603'}, 'timezone': {'offset': '-3:30', 'description': 'Newfoundland'}}, 'email': 'th.nkwnzr@example.com', 'login': {'uuid': '8c4a54e6-5721-40e5-87ba-5d4d9b9f0535', 'username': 'redmouse409', 'password': 'jamie', 'salt': 'wBihb4wr', 'md5': '5829ac8c04243db7408bee4ba85c6024', 'sha1': '223b10d97013c742a98c815f47e36ec61b91e2ae', 'sha256': 'e4d1778e911afa5002d10834159b34ff43fcbaa47459d3b075d2fe4666e0ae76'}, 'dob': {'date': '1992-02-14T19:07:44.703Z', 'age': 32}, 'registered': {'date': '2007-09-03T07:12:10.541Z', 'age': 16}, 'phone': '057-59032332', 'cell': '0918-802-1867', 'id': {'name': '', 'value': None}, 'picture': {'large': 'https://randomuser.me/api/portraits/men/83.jpg', 'medium': 'https://randomuser.me/api/portraits/med/men/83.jpg', 'thumbnail': 'https://randomuser.me/api/portraits/thumb/men/83.jpg'}, 'nat': 'IR'}], 'info': {'seed': '83ec5314c1a4bce6', 'results': 1, 'page': 1, 'version': '1.4'}}</msg>
<arg>${json_data}</arg>
<doc>Logs the given message with the given level.</doc>
<status status="PASS" start="2024-05-13T03:15:39.055890" elapsed="0.000214"/>
</kw>
<kw name="Should Be String" owner="String">
<arg>${json_data['results'][0]['gender']}</arg>
<doc>Fails if the given ``item`` is not a string.</doc>
<status status="PASS" start="2024-05-13T03:15:39.056402" elapsed="0.000415"/>
</kw>
<kw name="Should Match Regexp" owner="BuiltIn">
<arg>${json_data['results'][0]['email']}</arg>
<arg>^[a-zA-Z0-9._%+-]+@[a-zA-Z0-9.-]+\.[a-zA-Z]{2,}$</arg>
<doc>Fails if ``string`` does not match ``pattern`` as a regular expression.</doc>
<status status="PASS" start="2024-05-13T03:15:39.057014" elapsed="0.000524"/>
</kw>
<kw name="Should Match Regexp" owner="BuiltIn">
<arg>${json_data['results'][0]['dob']['date']}</arg>
<arg>\\d{4}-\\d{2}-\\d{2}T\\d{2}:\\d{2}:\\d{2}\\.\\d{3}Z</arg>
<doc>Fails if ``string`` does not match ``pattern`` as a regular expression.</doc>
<status status="PASS" start="2024-05-13T03:15:39.057734" elapsed="0.000487"/>
</kw>
<kw name="Should Match Regexp" owner="BuiltIn">
<arg>${json_data['results'][0]['registered']['date']}</arg>
<arg>\\d{4}-\\d{2}-\\d{2}T\\d{2}:\\d{2}:\\d{2}\\.\\d{3}Z</arg>
<doc>Fails if ``string`` does not match ``pattern`` as a regular expression.</doc>
<status status="PASS" start="2024-05-13T03:15:39.058414" elapsed="0.000378"/>
</kw>
<kw name="Should Match Regexp" owner="BuiltIn">
<arg>${json_data['results'][0]['picture']['large']}</arg>
<arg>^https?://.*\.(?:png|jpe?g|gif|bmp)$</arg>
<doc>Fails if ``string`` does not match ``pattern`` as a regular expression.</doc>
<status status="PASS" start="2024-05-13T03:15:39.058976" elapsed="0.000524"/>
</kw>
<kw name="Should Match Regexp" owner="BuiltIn">
<arg>${json_data['results'][0]['picture']['medium']}</arg>
<arg>^https?://.*\.(?:png|jpe?g|gif|bmp)$</arg>
<doc>Fails if ``string`` does not match ``pattern`` as a regular expression.</doc>
<status status="PASS" start="2024-05-13T03:15:39.059689" elapsed="0.000363"/>
</kw>
<kw name="Should Match Regexp" owner="BuiltIn">
<arg>${json_data['results'][0]['picture']['thumbnail']}</arg>
<arg>^https?://.*\.(?:png|jpe?g|gif|bmp)$</arg>
<doc>Fails if ``string`` does not match ``pattern`` as a regular expression.</doc>
<status status="PASS" start="2024-05-13T03:15:39.060243" elapsed="0.000357"/>
</kw>
<kw name="Log" owner="BuiltIn">
<msg time="2024-05-13T03:15:39.061102" level="INFO">{'large': 'https://randomuser.me/api/portraits/men/83.jpg', 'medium': 'https://randomuser.me/api/portraits/med/men/83.jpg', 'thumbnail': 'https://randomuser.me/api/portraits/thumb/men/83.jpg'}</msg>
<arg>${json_data['results'][0]['picture']}</arg>
<doc>Logs the given message with the given level.</doc>
<status status="PASS" start="2024-05-13T03:15:39.060779" elapsed="0.000365"/>
</kw>
<status status="PASS" start="2024-05-13T03:15:38.964315" elapsed="0.097088"/>
</kw>
<kw name="Teste de Tipos de Dados - Postcode" owner="random-user-service">
<kw name="GET On Session" owner="RequestsLibrary">
<msg time="2024-05-13T03:15:39.140168" level="INFO">GET Request : url=https://randomuser.me/api 
 path_url=/api 
 headers={'User-Agent': 'python-requests/2.31.0', 'Accept-Encoding': 'gzip, deflate', 'Accept': '*/*', 'Connection': 'keep-alive'} 
 body=None 
 </msg>
<msg time="2024-05-13T03:15:39.140290" level="INFO">GET Response : url=https://randomuser.me/api 
 status=200, reason=OK 
 headers={'Date': 'Mon, 13 May 2024 03:15:39 GMT', 'Content-Type': 'application/json; charset=utf-8', 'Transfer-Encoding': 'chunked', 'Connection': 'keep-alive', 'X-Powered-By': 'Express', 'Access-Control-Allow-Origin': '*', 'Cache-Control': 'no-cache', 'ETag': 'W/"47b-+qFCCINCNMLfznW9gWPO5ytrZKQ"', 'Vary': 'Accept-Encoding', 'Content-Encoding': 'gzip', 'CF-Cache-Status': 'DYNAMIC', 'Report-To': '{"endpoints":[{"url":"https:\\/\\/a.nel.cloudflare.com\\/report\\/v4?s=TzjjOq5pYvw8zBY3KtHXeory221bIdHWJeykrenMCyUfesDjwmJHbC8W4ywojfjfpDzzEOoR156A%2FumbOL1JQISxgOge0U3atoI9j40eUDoccflj0woEAGhwFoF8WJ%2BG"}],"group":"cf-nel","max_age":604800}', 'NEL': '{"success_fraction":0,"report_to":"cf-nel","max_age":604800}', 'Server': 'cloudflare', 'CF-RAY': '882f7c392848616c-ORD', 'alt-svc': 'h3=":443"; ma=86400'} 
 body={"results":[{"gender":"female","name":{"title":"Ms","first":"Vibha","last":"Shah"},"location":{"street":{"number":8368,"name":"Kasturba Rd"},"city":"Madurai","state":"Assam","country":"India","postcode":92572,"coordinates":{"latitude":"9.1337","longitude":"122.0069"},"timezone":{"offset":"+6:00","description":"Almaty, Dhaka, Colombo"}},"email":"vibha.shah@example.com","login":{"uuid":"fddcd681-eb22-4e0c-a2cd-9b9bd7f5aefa","username":"ticklishmeercat752","password":"seeker","salt":"Rii6cVkk","md5":"cd6edda1aaa9feef66ac3fb9db3b9f43","sha1":"8e63f7270c8b233f5dbf399c86597efa8bfa076e","sha256":"f169e531ae2f6832f53fcdd473bef432074212e76f6566a5f644f9b95ee261a0"},"dob":{"date":"1978-09-05T08:29:20.650Z","age":45},"registered":{"date":"2016-04-09T16:50:53.813Z","age":8},"phone":"8936996115","cell":"8550552628","id":{"name":"UIDAI","value":"246418738472"},"picture":{"large":"https://randomuser.me/api/portraits/women/79.jpg","medium":"https://randomuser.me/api/portraits/med/women/79.jpg","thumbnail":"https://randomuser.me/api/portraits/thumb/women/79.jpg"},"nat":"IN"}],"info":{"seed":"c520a80aee61447c","results":1,"page":1,"version":"1.4"}} 
 </msg>
<msg time="2024-05-13T03:15:39.140374" level="INFO">/opt/hostedtoolcache/Python/3.12.3/x64/lib/python3.12/site-packages/urllib3/connectionpool.py:1103: InsecureRequestWarning: Unverified HTTPS request is being made to host 'randomuser.me'. Adding certificate verification is strongly advised. See: https://urllib3.readthedocs.io/en/latest/advanced-usage.html#tls-warnings
  warnings.warn(</msg>
<msg time="2024-05-13T03:15:39.140504" level="INFO">${response} = &lt;Response [200]&gt;</msg>
<var>${response}</var>
<arg>consultarAPI</arg>
<arg>/api</arg>
<doc>Sends a GET request on a previously created HTTP Session.</doc>
<status status="PASS" start="2024-05-13T03:15:39.061891" elapsed="0.078644"/>
</kw>
<kw name="Set Variable" owner="BuiltIn">
<msg time="2024-05-13T03:15:39.141632" level="INFO">${json_data} = {'results': [{'gender': 'female', 'name': {'title': 'Ms', 'first': 'Vibha', 'last': 'Shah'}, 'location': {'street': {'number': 8368, 'name': 'Kasturba Rd'}, 'city': 'Madurai', 'state': 'Assam', 'count...</msg>
<var>${json_data}</var>
<arg>${response.json()}</arg>
<doc>Returns the given values which can then be assigned to a variables.</doc>
<status status="PASS" start="2024-05-13T03:15:39.141103" elapsed="0.000557"/>
</kw>
<kw name="Log" owner="BuiltIn">
<msg time="2024-05-13T03:15:39.142144" level="INFO">{'results': [{'gender': 'female', 'name': {'title': 'Ms', 'first': 'Vibha', 'last': 'Shah'}, 'location': {'street': {'number': 8368, 'name': 'Kasturba Rd'}, 'city': 'Madurai', 'state': 'Assam', 'country': 'India', 'postcode': 92572, 'coordinates': {'latitude': '9.1337', 'longitude': '122.0069'}, 'timezone': {'offset': '+6:00', 'description': 'Almaty, Dhaka, Colombo'}}, 'email': 'vibha.shah@example.com', 'login': {'uuid': 'fddcd681-eb22-4e0c-a2cd-9b9bd7f5aefa', 'username': 'ticklishmeercat752', 'password': 'seeker', 'salt': 'Rii6cVkk', 'md5': 'cd6edda1aaa9feef66ac3fb9db3b9f43', 'sha1': '8e63f7270c8b233f5dbf399c86597efa8bfa076e', 'sha256': 'f169e531ae2f6832f53fcdd473bef432074212e76f6566a5f644f9b95ee261a0'}, 'dob': {'date': '1978-09-05T08:29:20.650Z', 'age': 45}, 'registered': {'date': '2016-04-09T16:50:53.813Z', 'age': 8}, 'phone': '8936996115', 'cell': '8550552628', 'id': {'name': 'UIDAI', 'value': '246418738472'}, 'picture': {'large': 'https://randomuser.me/api/portraits/women/79.jpg', 'medium': 'https://randomuser.me/api/portraits/med/women/79.jpg', 'thumbnail': 'https://randomuser.me/api/portraits/thumb/women/79.jpg'}, 'nat': 'IN'}], 'info': {'seed': 'c520a80aee61447c', 'results': 1, 'page': 1, 'version': '1.4'}}</msg>
<arg>${json_data}</arg>
<doc>Logs the given message with the given level.</doc>
<status status="PASS" start="2024-05-13T03:15:39.141985" elapsed="0.000206"/>
</kw>
<kw name="Should Be Equal As Numbers" owner="BuiltIn">
<arg>${json_data['results'][0]['location']['postcode']}</arg>
<arg>${json_data['results'][0]['location']['postcode']}</arg>
<doc>Fails if objects are unequal after converting them to real numbers.</doc>
<status status="PASS" start="2024-05-13T03:15:39.142684" elapsed="0.000712"/>
</kw>
<kw name="Log" owner="BuiltIn">
<msg time="2024-05-13T03:15:39.143978" level="INFO">92572</msg>
<arg>${json_data['results'][0]['location']['postcode']}</arg>
<doc>Logs the given message with the given level.</doc>
<status status="PASS" start="2024-05-13T03:15:39.143635" elapsed="0.000384"/>
</kw>
<status status="PASS" start="2024-05-13T03:15:39.061637" elapsed="0.082641"/>
</kw>
<doc>Testa se os tipos de dados na resposta da API estão corretos.</doc>
<tag>testeTiposDados</tag>
<status status="PASS" start="2024-05-13T03:15:38.963831" elapsed="0.180615"/>
</test>
<test id="s1-s1-t5" name="Validar conteudo" line="35">
<kw name="Teste de Tipos de Conteudo" owner="random-user-service">
<kw name="GET On Session" owner="RequestsLibrary">
<msg time="2024-05-13T03:15:39.242866" level="INFO">GET Request : url=https://randomuser.me/api 
 path_url=/api 
 headers={'User-Agent': 'python-requests/2.31.0', 'Accept-Encoding': 'gzip, deflate', 'Accept': '*/*', 'Connection': 'keep-alive'} 
 body=None 
 </msg>
<msg time="2024-05-13T03:15:39.242967" level="INFO">GET Response : url=https://randomuser.me/api 
 status=200, reason=OK 
 headers={'Date': 'Mon, 13 May 2024 03:15:39 GMT', 'Content-Type': 'application/json; charset=utf-8', 'Transfer-Encoding': 'chunked', 'Connection': 'keep-alive', 'X-Powered-By': 'Express', 'Access-Control-Allow-Origin': '*', 'Cache-Control': 'no-cache', 'ETag': 'W/"490-jn3GQp2nK2Sdzb3h83+29p04YU8"', 'Vary': 'Accept-Encoding', 'Content-Encoding': 'gzip', 'CF-Cache-Status': 'DYNAMIC', 'Report-To': '{"endpoints":[{"url":"https:\\/\\/a.nel.cloudflare.com\\/report\\/v4?s=3g%2BGyjpyjntky2R1j1wJnLPO4nZyMpN87pkps93AlSGfACboyPw47dMLA1P%2F8B9NHnlOeVReMLCrr%2BUuzV%2FmDfL%2FE%2FfWQmkt6FNT2hsFkHIa%2F6CQZLVvRTk2ungtaLwm"}],"group":"cf-nel","max_age":604800}', 'NEL': '{"success_fraction":0,"report_to":"cf-nel","max_age":604800}', 'Server': 'cloudflare', 'CF-RAY': '882f7c39b8c9616c-ORD', 'alt-svc': 'h3=":443"; ma=86400'} 
 body={"results":[{"gender":"female","name":{"title":"Miss","first":"Harper","last":"Fortin"},"location":{"street":{"number":1265,"name":"Dufferin St"},"city":"Cartwright","state":"Nova Scotia","country":"Canada","postcode":"V8I 5N7","coordinates":{"latitude":"-70.8656","longitude":"12.8949"},"timezone":{"offset":"-8:00","description":"Pacific Time (US &amp; Canada)"}},"email":"harper.fortin@example.com","login":{"uuid":"84222628-e750-4643-86c7-129387b3074f","username":"lazycat249","password":"scarlett","salt":"Dtbyqlcy","md5":"6996962a9586427aa9f90083677a934c","sha1":"798ace025856707fc1e9ec8f5c0398e61b711be9","sha256":"175f0be950691db0de23416fd9b59ca621ad73e0a174c4df8314c72c161c2dfe"},"dob":{"date":"1979-05-16T07:39:02.377Z","age":44},"registered":{"date":"2007-03-29T17:44:38.601Z","age":17},"phone":"M72 A42-9202","cell":"H82 O16-2341","id":{"name":"SIN","value":"727698557"},"picture":{"large":"https://randomuser.me/api/portraits/women/48.jpg","medium":"https://randomuser.me/api/portraits/med/women/48.jpg","thumbnail":"https://randomuser.me/api/portraits/thumb/women/48.jpg"},"nat":"CA"}],"info":{"seed":"aa85364c7a45aff7","results":1,"page":1,"version":"1.4"}} 
 </msg>
<msg time="2024-05-13T03:15:39.243046" level="INFO">/opt/hostedtoolcache/Python/3.12.3/x64/lib/python3.12/site-packages/urllib3/connectionpool.py:1103: InsecureRequestWarning: Unverified HTTPS request is being made to host 'randomuser.me'. Adding certificate verification is strongly advised. See: https://urllib3.readthedocs.io/en/latest/advanced-usage.html#tls-warnings
  warnings.warn(</msg>
<msg time="2024-05-13T03:15:39.243212" level="INFO">${response} = &lt;Response [200]&gt;</msg>
<var>${response}</var>
<arg>consultarAPI</arg>
<arg>/api</arg>
<doc>Sends a GET request on a previously created HTTP Session.</doc>
<status status="PASS" start="2024-05-13T03:15:39.147309" elapsed="0.095938"/>
</kw>
<kw name="Set Variable" owner="BuiltIn">
<msg time="2024-05-13T03:15:39.244316" level="INFO">${json_data} = {'results': [{'gender': 'female', 'name': {'title': 'Miss', 'first': 'Harper', 'last': 'Fortin'}, 'location': {'street': {'number': 1265, 'name': 'Dufferin St'}, 'city': 'Cartwright', 'state': 'Nova S...</msg>
<var>${json_data}</var>
<arg>${response.json()}</arg>
<doc>Returns the given values which can then be assigned to a variables.</doc>
<status status="PASS" start="2024-05-13T03:15:39.243804" elapsed="0.000541"/>
</kw>
<kw name="Set Variable" owner="BuiltIn">
<msg time="2024-05-13T03:15:39.245057" level="INFO">${name_title} = Miss</msg>
<var>${name_title}</var>
<arg>${json_data["results"][0]["name"]["title"]}</arg>
<doc>Returns the given values which can then be assigned to a variables.</doc>
<status status="PASS" start="2024-05-13T03:15:39.244662" elapsed="0.000419"/>
</kw>
<kw name="Create List" owner="BuiltIn">
<msg time="2024-05-13T03:15:39.245525" level="INFO">${allowed_titles} = ['Mr', 'Ms', 'Miss', 'Mrs', 'Madame', 'Monsieur']</msg>
<var>${allowed_titles}</var>
<arg>Mr</arg>
<arg>Ms</arg>
<arg>Miss</arg>
<arg>Mrs</arg>
<arg>Madame</arg>
<arg>Monsieur</arg>
<doc>Returns a list containing given items.</doc>
<status status="PASS" start="2024-05-13T03:15:39.245376" elapsed="0.000173"/>
</kw>
<kw name="List Should Contain Value" owner="Collections">
<msg time="2024-05-13T03:15:39.246031" level="INFO">False</msg>
<arg>${allowed_titles}</arg>
<arg>${name_title}</arg>
<doc>Fails if the ``value`` is not found from ``list``.</doc>
<status status="PASS" start="2024-05-13T03:15:39.245855" elapsed="0.000213"/>
</kw>
<kw name="Set Variable" owner="BuiltIn">
<msg time="2024-05-13T03:15:39.246735" level="INFO">${name_country} = CA</msg>
<var>${name_country}</var>
<arg>${json_data["results"][0]["nat"]}</arg>
<doc>Returns the given values which can then be assigned to a variables.</doc>
<status status="PASS" start="2024-05-13T03:15:39.246352" elapsed="0.000407"/>
</kw>
<kw name="Create List" owner="BuiltIn">
<msg time="2024-05-13T03:15:39.247695" level="INFO">${list_country} = ['AD', 'AE', 'AF', 'AG', 'AI', 'AL', 'AM', 'AO', 'AQ', 'AR', 'AS', 'AT', 'AU', 'AW', 'AX', 'AZ', 'BA', 'BB', 'BD', 'BE', 'BF', 'BG', 'BH', 'BI', 'BJ', 'BL', 'BM', 'BN', 'BO', 'BQ', 'BR', 'BS', 'BT', '...</msg>
<var>${list_country}</var>
<arg>AD</arg>
<arg>AE</arg>
<arg>AF</arg>
<arg>AG</arg>
<arg>AI</arg>
<arg>AL</arg>
<arg>AM</arg>
<arg>AO</arg>
<arg>AQ</arg>
<arg>AR</arg>
<arg>AS</arg>
<arg>AT</arg>
<arg>AU</arg>
<arg>AW</arg>
<arg>AX</arg>
<arg>AZ</arg>
<arg>BA</arg>
<arg>BB</arg>
<arg>BD</arg>
<arg>BE</arg>
<arg>BF</arg>
<arg>BG</arg>
<arg>BH</arg>
<arg>BI</arg>
<arg>BJ</arg>
<arg>BL</arg>
<arg>BM</arg>
<arg>BN</arg>
<arg>BO</arg>
<arg>BQ</arg>
<arg>BR</arg>
<arg>BS</arg>
<arg>BT</arg>
<arg>BV</arg>
<arg>BW</arg>
<arg>BY</arg>
<arg>BZ</arg>
<arg>CA</arg>
<arg>CC</arg>
<arg>CD</arg>
<arg>CF</arg>
<arg>CG</arg>
<arg>CH</arg>
<arg>CI</arg>
<arg>CK</arg>
<arg>CL</arg>
<arg>CM</arg>
<arg>CN</arg>
<arg>CO</arg>
<arg>CR</arg>
<arg>CU</arg>
<arg>CV</arg>
<arg>CW</arg>
<arg>CX</arg>
<arg>CY</arg>
<arg>CZ</arg>
<arg>DE</arg>
<arg>DJ</arg>
<arg>DK</arg>
<arg>DM</arg>
<arg>DO</arg>
<arg>DZ</arg>
<arg>EC</arg>
<arg>EE</arg>
<arg>EG</arg>
<arg>EH</arg>
<arg>ER</arg>
<arg>ES</arg>
<arg>ET</arg>
<arg>FI</arg>
<arg>FJ</arg>
<arg>FK</arg>
<arg>FM</arg>
<arg>FO</arg>
<arg>FR</arg>
<arg>GA</arg>
<arg>GB</arg>
<arg>GD</arg>
<arg>GE</arg>
<arg>GF</arg>
<arg>GG</arg>
<arg>GH</arg>
<arg>GI</arg>
<arg>GL</arg>
<arg>GM</arg>
<arg>GN</arg>
<arg>GP</arg>
<arg>GQ</arg>
<arg>GR</arg>
<arg>GS</arg>
<arg>GT</arg>
<arg>GU</arg>
<arg>GW</arg>
<arg>GY</arg>
<arg>HK</arg>
<arg>HM</arg>
<arg>HN</arg>
<arg>HR</arg>
<arg>HT</arg>
<arg>HU</arg>
<arg>ID</arg>
<arg>IE</arg>
<arg>IL</arg>
<arg>IM</arg>
<arg>IN</arg>
<arg>IO</arg>
<arg>IQ</arg>
<arg>IR</arg>
<arg>IS</arg>
<arg>IT</arg>
<arg>JE</arg>
<arg>JM</arg>
<arg>JO</arg>
<arg>JP</arg>
<arg>KE</arg>
<arg>KG</arg>
<arg>KH</arg>
<arg>KI</arg>
<arg>KM</arg>
<arg>KN</arg>
<arg>KP</arg>
<arg>KR</arg>
<arg>KW</arg>
<arg>KY</arg>
<arg>KZ</arg>
<arg>LA</arg>
<arg>LB</arg>
<arg>LC</arg>
<arg>LI</arg>
<arg>LK</arg>
<arg>LR</arg>
<arg>LS</arg>
<arg>LT</arg>
<arg>LU</arg>
<arg>LV</arg>
<arg>LY</arg>
<arg>MA</arg>
<arg>MC</arg>
<arg>MD</arg>
<arg>ME</arg>
<arg>MF</arg>
<arg>MG</arg>
<arg>MH</arg>
<arg>MK</arg>
<arg>ML</arg>
<arg>MM</arg>
<arg>MN</arg>
<arg>MO</arg>
<arg>MP</arg>
<arg>MQ</arg>
<arg>MR</arg>
<arg>MS</arg>
<arg>MT</arg>
<arg>MU</arg>
<arg>MV</arg>
<arg>MW</arg>
<arg>MX</arg>
<arg>MY</arg>
<arg>MZ</arg>
<arg>NA</arg>
<arg>NC</arg>
<arg>NE</arg>
<arg>NF</arg>
<arg>NG</arg>
<arg>NI</arg>
<arg>NL</arg>
<arg>NO</arg>
<arg>NP</arg>
<arg>NR</arg>
<arg>NU</arg>
<arg>NZ</arg>
<arg>OM</arg>
<arg>PA</arg>
<arg>PE</arg>
<arg>PF</arg>
<arg>PG</arg>
<arg>PH</arg>
<arg>PK</arg>
<arg>PL</arg>
<arg>PM</arg>
<arg>PN</arg>
<arg>PR</arg>
<arg>PS</arg>
<arg>PT</arg>
<arg>PW</arg>
<arg>PY</arg>
<arg>QA</arg>
<arg>RE</arg>
<arg>RO</arg>
<arg>RS</arg>
<arg>RU</arg>
<arg>RW</arg>
<arg>SA</arg>
<arg>SB</arg>
<arg>SC</arg>
<arg>SD</arg>
<arg>SE</arg>
<arg>SG</arg>
<arg>SH</arg>
<arg>SI</arg>
<arg>SJ</arg>
<arg>SK</arg>
<arg>SL</arg>
<arg>SM</arg>
<arg>SN</arg>
<arg>SO</arg>
<arg>SR</arg>
<arg>SS</arg>
<arg>ST</arg>
<arg>SV</arg>
<arg>SX</arg>
<arg>SY</arg>
<arg>SZ</arg>
<arg>TC</arg>
<arg>TD</arg>
<arg>TF</arg>
<arg>TG</arg>
<arg>TH</arg>
<arg>TJ</arg>
<arg>TK</arg>
<arg>TL</arg>
<arg>TM</arg>
<arg>TN</arg>
<arg>TO</arg>
<arg>TR</arg>
<arg>TT</arg>
<arg>TV</arg>
<arg>TW</arg>
<arg>TZ</arg>
<arg>UA</arg>
<arg>UG</arg>
<arg>UM</arg>
<arg>US</arg>
<arg>UY</arg>
<arg>UZ</arg>
<arg>VA</arg>
<arg>VC</arg>
<arg>VE</arg>
<arg>VG</arg>
<arg>VI</arg>
<arg>VN</arg>
<arg>VU</arg>
<arg>WF</arg>
<arg>WS</arg>
<arg>XK</arg>
<arg>YE</arg>
<arg>YT</arg>
<arg>ZA</arg>
<arg>ZM</arg>
<arg>ZW</arg>
<doc>Returns a list containing given items.</doc>
<status status="PASS" start="2024-05-13T03:15:39.247063" elapsed="0.000659"/>
</kw>
<kw name="List Should Contain Value" owner="Collections">
<msg time="2024-05-13T03:15:39.248712" level="INFO">False</msg>
<arg>${list_country}</arg>
<arg>${name_country}</arg>
<doc>Fails if the ``value`` is not found from ``list``.</doc>
<status status="PASS" start="2024-05-13T03:15:39.248514" elapsed="0.000234"/>
</kw>
<kw name="Run Keyword If" owner="BuiltIn">
<kw name="Should Be True" owner="BuiltIn">
<arg>${True}</arg>
<doc>Fails if the given condition is not true.</doc>
<status status="PASS" start="2024-05-13T03:15:39.249821" elapsed="0.000264"/>
</kw>
<arg>${json_data["results"][0]["location"]["coordinates"]["latitude"]} &gt;= -90 and ${json_data["results"][0]["location"]["coordinates"]["latitude"]} &lt;= 90</arg>
<arg>Should Be True</arg>
<arg>${True}</arg>
<doc>Runs the given keyword with the given arguments, if ``condition`` is true.</doc>
<status status="PASS" start="2024-05-13T03:15:39.249056" elapsed="0.001162"/>
</kw>
<kw name="Run Keyword If" owner="BuiltIn">
<kw name="Should Be True" owner="BuiltIn">
<arg>${True}</arg>
<doc>Fails if the given condition is not true.</doc>
<status status="PASS" start="2024-05-13T03:15:39.251099" elapsed="0.000178"/>
</kw>
<arg>${json_data["results"][0]["location"]["coordinates"]["longitude"]} &gt;= -180 and ${json_data["results"][0]["location"]["coordinates"]["longitude"]} &lt;= 180</arg>
<arg>Should Be True</arg>
<arg>${True}</arg>
<doc>Runs the given keyword with the given arguments, if ``condition`` is true.</doc>
<status status="PASS" start="2024-05-13T03:15:39.250406" elapsed="0.000999"/>
</kw>
<status status="PASS" start="2024-05-13T03:15:39.146873" elapsed="0.104663"/>
</kw>
<doc>Testa o conteúdo específico dos campos retornados pela API.</doc>
<tag>testeConteudo</tag>
<status status="PASS" start="2024-05-13T03:15:39.146190" elapsed="0.105497"/>
</test>
<status status="PASS" start="2024-05-13T03:15:38.269800" elapsed="0.983816"/>
</suite>
<status status="PASS" start="2024-05-13T03:15:38.255779" elapsed="1.002995"/>
</suite>
<statistics>
<total>
<stat pass="5" fail="0" skip="0">All Tests</stat>
</total>
<tag>
<stat pass="1" fail="0" skip="0">testeConteudo</stat>
<stat pass="1" fail="0" skip="0">testeEstruturaResposta</stat>
<stat pass="1" fail="0" skip="0">testeRequisicaoBasica</stat>
<stat pass="1" fail="0" skip="0">testeTiposDados</stat>
</tag>
<suite>
<stat pass="5" fail="0" skip="0" id="s1" name="Tests">Tests</stat>
<stat pass="5" fail="0" skip="0" id="s1-s1" name="Random-User-Test">Tests.Random-User-Test</stat>
</suite>
</statistics>
<errors>
</errors>
</robot>
