<?xml version="1.0" encoding="UTF-8"?>
<robot generator="Robot 7.0.1 (Python 3.12.4 on linux)" generated="2024-07-19T21:13:54.053247" rpa="false" schemaversion="5">
<suite id="s1" name="Tests" source="/home/runner/work/ApiRandomUser/ApiRandomUser/RamdonUser/tests">
<suite id="s1-s1" name="Random-User-Test" source="/home/runner/work/ApiRandomUser/ApiRandomUser/RamdonUser/tests/random-user-test.robot">
<test id="s1-s1-t1" name="Conectar" line="13">
<kw name="Conectar API" owner="random-user-service">
<kw name="Create Session" owner="RequestsLibrary">
<msg time="2024-07-19T21:13:54.471731" level="INFO">Creating Session using : alias=consultarAPI, url=https://randomuser.me/, headers={},                     cookies={}, auth=None, timeout=None, proxies=None, verify=False,                     debug=0 </msg>
<arg>consultarAPI</arg>
<arg>${URL}</arg>
<doc>Create Session: create a HTTP session to a server</doc>
<status status="PASS" start="2024-07-19T21:13:54.471481" elapsed="0.000484"/>
</kw>
<status status="PASS" start="2024-07-19T21:13:54.469763" elapsed="0.002722"/>
</kw>
<status status="PASS" start="2024-07-19T21:13:54.468931" elapsed="0.003775"/>
</test>
<test id="s1-s1-t2" name="Validar retorno 200 e JSON Válido" line="16">
<kw name="Teste de Requisicao Basica" owner="random-user-service">
<kw name="GET On Session" owner="RequestsLibrary">
<msg time="2024-07-19T21:13:54.650032" level="INFO">GET Request : url=https://randomuser.me/api 
 path_url=/api 
 headers={'User-Agent': 'python-requests/2.32.3', 'Accept-Encoding': 'gzip, deflate', 'Accept': '*/*', 'Connection': 'keep-alive'} 
 body=None 
 </msg>
<msg time="2024-07-19T21:13:54.650185" level="INFO">GET Response : url=https://randomuser.me/api 
 status=200, reason=OK 
 headers={'Date': 'Fri, 19 Jul 2024 21:13:54 GMT', 'Content-Type': 'application/json; charset=utf-8', 'Transfer-Encoding': 'chunked', 'Connection': 'keep-alive', 'X-Powered-By': 'Express', 'Access-Control-Allow-Origin': '*', 'Cache-Control': 'no-cache', 'ETag': 'W/"498-onCHfua9qJzU/0gHFt0zPK9ioac"', 'Vary': 'Accept-Encoding', 'Content-Encoding': 'gzip', 'CF-Cache-Status': 'DYNAMIC', 'Report-To': '{"endpoints":[{"url":"https:\\/\\/a.nel.cloudflare.com\\/report\\/v4?s=3F1calowPl7AwtqV3XzdGmZ%2FYxgFm99Jl%2FMqNntQX8jwjF8Yl95mNGCqgv9Fp8Hm6JMl8JDczFwiuRWH6bbaMxf%2Bd9I%2BMBh5OYf0UdDeTi%2BuwMKzuuO8GADjHt%2BwI5yZ"}],"group":"cf-nel","max_age":604800}', 'NEL': '{"success_fraction":0,"report_to":"cf-nel","max_age":604800}', 'Server': 'cloudflare', 'CF-RAY': '8a5db7d3f8682eb4-LAX', 'alt-svc': 'h3=":443"; ma=86400'} 
 body={"results":[{"gender":"female","name":{"title":"Miss","first":"Emily","last":"Singh"},"location":{"street":{"number":8094,"name":"Parliament St"},"city":"Grand Falls","state":"Prince Edward Island","country":"Canada","postcode":"H8G 3W3","coordinates":{"latitude":"-64.9547","longitude":"49.1424"},"timezone":{"offset":"+7:00","description":"Bangkok, Hanoi, Jakarta"}},"email":"emily.singh@example.com","login":{"uuid":"6d4dcb6b-a50d-4b3d-99bf-76c03afedf3a","username":"yellowkoala446","password":"pikachu","salt":"wc3Qp3wJ","md5":"b1f665b06908c880e75640b1341e3205","sha1":"06a076551963811171c36fd97ec71f9cffebab0c","sha256":"42080368744f391f0bc196d1ad765265b3b6180280042929aef818a736e50eb9"},"dob":{"date":"1989-05-21T02:48:11.646Z","age":35},"registered":{"date":"2002-05-16T02:29:52.775Z","age":22},"phone":"R98 V92-6826","cell":"P36 E63-1906","id":{"name":"SIN","value":"805702966"},"picture":{"large":"https://randomuser.me/api/portraits/women/22.jpg","medium":"https://randomuser.me/api/portraits/med/women/22.jpg","thumbnail":"https://randomuser.me/api/portraits/thumb/women/22.jpg"},"nat":"CA"}],"info":{"seed":"2fac0a93b0e7ba5e","results":1,"page":1,"version":"1.4"}} 
 </msg>
<msg time="2024-07-19T21:13:54.650263" level="INFO">/opt/hostedtoolcache/Python/3.12.4/x64/lib/python3.12/site-packages/urllib3/connectionpool.py:1099: InsecureRequestWarning: Unverified HTTPS request is being made to host 'randomuser.me'. Adding certificate verification is strongly advised. See: https://urllib3.readthedocs.io/en/latest/advanced-usage.html#tls-warnings
  warnings.warn(</msg>
<msg time="2024-07-19T21:13:54.650421" level="INFO">${response} = &lt;Response [200]&gt;</msg>
<var>${response}</var>
<arg>consultarAPI</arg>
<arg>/api</arg>
<doc>Sends a GET request on a previously created HTTP Session.</doc>
<status status="PASS" start="2024-07-19T21:13:54.476291" elapsed="0.174171"/>
</kw>
<kw name="Should Be Equal As Numbers" owner="BuiltIn">
<msg time="2024-07-19T21:13:54.651431" level="INFO">Argument types are:
&lt;class 'int'&gt;
&lt;class 'str'&gt;</msg>
<arg>${response.status_code}</arg>
<arg>200</arg>
<doc>Fails if objects are unequal after converting them to real numbers.</doc>
<status status="PASS" start="2024-07-19T21:13:54.650978" elapsed="0.000519"/>
</kw>
<kw name="Log" owner="BuiltIn">
<msg time="2024-07-19T21:13:54.652164" level="INFO">200</msg>
<arg>${response.status_code}</arg>
<doc>Logs the given message with the given level.</doc>
<status status="PASS" start="2024-07-19T21:13:54.651814" elapsed="0.000394"/>
</kw>
<kw name="Set Variable" owner="BuiltIn">
<msg time="2024-07-19T21:13:54.652938" level="INFO">${json_data} = {'results': [{'gender': 'female', 'name': {'title': 'Miss', 'first': 'Emily', 'last': 'Singh'}, 'location': {'street': {'number': 8094, 'name': 'Parliament St'}, 'city': 'Grand Falls', 'state': 'Princ...</msg>
<var>${json_data}</var>
<arg>${response.json()}</arg>
<doc>Returns the given values which can then be assigned to a variables.</doc>
<status status="PASS" start="2024-07-19T21:13:54.652506" elapsed="0.000462"/>
</kw>
<kw name="Dictionary Should Contain Key" owner="Collections">
<arg>${json_data}</arg>
<arg>results</arg>
<doc>Fails if ``key`` is not found from ``dictionary``.</doc>
<status status="PASS" start="2024-07-19T21:13:54.653264" elapsed="0.000365"/>
</kw>
<status status="PASS" start="2024-07-19T21:13:54.475898" elapsed="0.177890"/>
</kw>
<doc>Testa se a API responde corretamente e retorna um objeto JSON válido.</doc>
<tag>testeRequisicaoBasica</tag>
<status status="PASS" start="2024-07-19T21:13:54.475174" elapsed="0.178787"/>
</test>
<test id="s1-s1-t3" name="Validar estrutura de resposta" line="22">
<kw name="Teste de Estrutura de Resposta" owner="random-user-service">
<kw name="GET On Session" owner="RequestsLibrary">
<msg time="2024-07-19T21:13:54.761319" level="INFO">GET Request : url=https://randomuser.me/api 
 path_url=/api 
 headers={'User-Agent': 'python-requests/2.32.3', 'Accept-Encoding': 'gzip, deflate', 'Accept': '*/*', 'Connection': 'keep-alive'} 
 body=None 
 </msg>
<msg time="2024-07-19T21:13:54.761458" level="INFO">GET Response : url=https://randomuser.me/api 
 status=200, reason=OK 
 headers={'Date': 'Fri, 19 Jul 2024 21:13:54 GMT', 'Content-Type': 'application/json; charset=utf-8', 'Transfer-Encoding': 'chunked', 'Connection': 'keep-alive', 'X-Powered-By': 'Express', 'Access-Control-Allow-Origin': '*', 'Cache-Control': 'no-cache', 'ETag': 'W/"490-Cz/7cIb6e9LgYFQvbK0WM6MD9SY"', 'Vary': 'Accept-Encoding', 'Content-Encoding': 'gzip', 'CF-Cache-Status': 'DYNAMIC', 'Report-To': '{"endpoints":[{"url":"https:\\/\\/a.nel.cloudflare.com\\/report\\/v4?s=p8cfVo9BanIVpdWSwjxWVFencX1wv2k%2BUqpLeo63G52c0kvsINKtwQ95GSzRd6Oox0Qg7CquMCgBanJlnry0pQ2rpSPtTNvcaVtkqrWvP9sZXAiGa%2F53fLjfOKKs%2Fyd0"}],"group":"cf-nel","max_age":604800}', 'NEL': '{"success_fraction":0,"report_to":"cf-nel","max_age":604800}', 'Server': 'cloudflare', 'CF-RAY': '8a5db7d4a9332eb4-LAX', 'alt-svc': 'h3=":443"; ma=86400'} 
 body={"results":[{"gender":"female","name":{"title":"Ms","first":"Emilie","last":"Sørensen"},"location":{"street":{"number":882,"name":"Damgårdsvej"},"city":"Hammel","state":"Midtjylland","country":"Denmark","postcode":54686,"coordinates":{"latitude":"-44.8505","longitude":"100.0619"},"timezone":{"offset":"+5:30","description":"Bombay, Calcutta, Madras, New Delhi"}},"email":"emilie.sorensen@example.com","login":{"uuid":"3efb1145-7f3c-4455-b060-a8bee23db28b","username":"angrymouse594","password":"garage","salt":"0oWqtxpd","md5":"701391ce83d7a754b6132cfd33ea02a5","sha1":"80b7af42700e74ea56125cfa93f82a86edcd4658","sha256":"c7065c83d0cbe5848a6c40665f4cbf3812ce6697d11f52cde4ffda3e617bacc8"},"dob":{"date":"1985-09-24T00:58:04.628Z","age":38},"registered":{"date":"2020-06-29T20:33:06.672Z","age":4},"phone":"12871577","cell":"50566173","id":{"name":"CPR","value":"230985-1739"},"picture":{"large":"https://randomuser.me/api/portraits/women/88.jpg","medium":"https://randomuser.me/api/portraits/med/women/88.jpg","thumbnail":"https://randomuser.me/api/portraits/thumb/women/88.jpg"},"nat":"DK"}],"info":{"seed":"95481f370f2c9f73","results":1,"page":1,"version":"1.4"}} 
 </msg>
<msg time="2024-07-19T21:13:54.761599" level="INFO">/opt/hostedtoolcache/Python/3.12.4/x64/lib/python3.12/site-packages/urllib3/connectionpool.py:1099: InsecureRequestWarning: Unverified HTTPS request is being made to host 'randomuser.me'. Adding certificate verification is strongly advised. See: https://urllib3.readthedocs.io/en/latest/advanced-usage.html#tls-warnings
  warnings.warn(</msg>
<msg time="2024-07-19T21:13:54.761748" level="INFO">${response} = &lt;Response [200]&gt;</msg>
<var>${response}</var>
<arg>consultarAPI</arg>
<arg>/api</arg>
<doc>Sends a GET request on a previously created HTTP Session.</doc>
<status status="PASS" start="2024-07-19T21:13:54.656627" elapsed="0.105166"/>
</kw>
<kw name="Set Variable" owner="BuiltIn">
<msg time="2024-07-19T21:13:54.762810" level="INFO">${json_data} = {'results': [{'gender': 'female', 'name': {'title': 'Ms', 'first': 'Emilie', 'last': 'Sørensen'}, 'location': {'street': {'number': 882, 'name': 'Damgårdsvej'}, 'city': 'Hammel', 'state': 'Midtjylland...</msg>
<var>${json_data}</var>
<arg>${response.json()}</arg>
<doc>Returns the given values which can then be assigned to a variables.</doc>
<status status="PASS" start="2024-07-19T21:13:54.762287" elapsed="0.000555"/>
</kw>
<kw name="Log" owner="BuiltIn">
<msg time="2024-07-19T21:13:54.763374" level="INFO">{'results': [{'gender': 'female', 'name': {'title': 'Ms', 'first': 'Emilie', 'last': 'Sørensen'}, 'location': {'street': {'number': 882, 'name': 'Damgårdsvej'}, 'city': 'Hammel', 'state': 'Midtjylland', 'country': 'Denmark', 'postcode': 54686, 'coordinates': {'latitude': '-44.8505', 'longitude': '100.0619'}, 'timezone': {'offset': '+5:30', 'description': 'Bombay, Calcutta, Madras, New Delhi'}}, 'email': 'emilie.sorensen@example.com', 'login': {'uuid': '3efb1145-7f3c-4455-b060-a8bee23db28b', 'username': 'angrymouse594', 'password': 'garage', 'salt': '0oWqtxpd', 'md5': '701391ce83d7a754b6132cfd33ea02a5', 'sha1': '80b7af42700e74ea56125cfa93f82a86edcd4658', 'sha256': 'c7065c83d0cbe5848a6c40665f4cbf3812ce6697d11f52cde4ffda3e617bacc8'}, 'dob': {'date': '1985-09-24T00:58:04.628Z', 'age': 38}, 'registered': {'date': '2020-06-29T20:33:06.672Z', 'age': 4}, 'phone': '12871577', 'cell': '50566173', 'id': {'name': 'CPR', 'value': '230985-1739'}, 'picture': {'large': 'https://randomuser.me/api/portraits/women/88.jpg', 'medium': 'https://randomuser.me/api/portraits/med/women/88.jpg', 'thumbnail': 'https://randomuser.me/api/portraits/thumb/women/88.jpg'}, 'nat': 'DK'}], 'info': {'seed': '95481f370f2c9f73', 'results': 1, 'page': 1, 'version': '1.4'}}</msg>
<arg>${json_data}</arg>
<doc>Logs the given message with the given level.</doc>
<status status="PASS" start="2024-07-19T21:13:54.763159" elapsed="0.000269"/>
</kw>
<kw name="Dictionary Should Contain Key" owner="Collections">
<arg>${json_data}</arg>
<arg>results</arg>
<doc>Fails if ``key`` is not found from ``dictionary``.</doc>
<status status="PASS" start="2024-07-19T21:13:54.763762" elapsed="0.000211"/>
</kw>
<kw name="Should Not Be Empty" owner="BuiltIn">
<msg time="2024-07-19T21:13:54.764387" level="INFO">Length is 2.</msg>
<arg>${json_data}</arg>
<doc>Verifies that the given item is not empty.</doc>
<status status="PASS" start="2024-07-19T21:13:54.764206" elapsed="0.000243"/>
</kw>
<kw name="Create List" owner="BuiltIn">
<msg time="2024-07-19T21:13:54.765082" level="INFO">${expected_keys} = ['gender', 'name', 'location', 'email', 'login']</msg>
<var>${expected_keys}</var>
<arg>gender</arg>
<arg>name</arg>
<arg>location</arg>
<arg>email</arg>
<arg>login</arg>
<doc>Returns a list containing given items.</doc>
<status status="PASS" start="2024-07-19T21:13:54.764888" elapsed="0.000227"/>
</kw>
<for flavor="IN">
<iter>
<kw name="Dictionary Should Contain Key" owner="Collections">
<arg>${json_data['results'][0]}</arg>
<arg>${key}</arg>
<doc>Fails if ``key`` is not found from ``dictionary``.</doc>
<status status="PASS" start="2024-07-19T21:13:54.765876" elapsed="0.000558"/>
</kw>
<kw name="Log" owner="BuiltIn">
<msg time="2024-07-19T21:13:54.767187" level="INFO">{'gender': 'female', 'name': {'title': 'Ms', 'first': 'Emilie', 'last': 'Sørensen'}, 'location': {'street': {'number': 882, 'name': 'Damgårdsvej'}, 'city': 'Hammel', 'state': 'Midtjylland', 'country': 'Denmark', 'postcode': 54686, 'coordinates': {'latitude': '-44.8505', 'longitude': '100.0619'}, 'timezone': {'offset': '+5:30', 'description': 'Bombay, Calcutta, Madras, New Delhi'}}, 'email': 'emilie.sorensen@example.com', 'login': {'uuid': '3efb1145-7f3c-4455-b060-a8bee23db28b', 'username': 'angrymouse594', 'password': 'garage', 'salt': '0oWqtxpd', 'md5': '701391ce83d7a754b6132cfd33ea02a5', 'sha1': '80b7af42700e74ea56125cfa93f82a86edcd4658', 'sha256': 'c7065c83d0cbe5848a6c40665f4cbf3812ce6697d11f52cde4ffda3e617bacc8'}, 'dob': {'date': '1985-09-24T00:58:04.628Z', 'age': 38}, 'registered': {'date': '2020-06-29T20:33:06.672Z', 'age': 4}, 'phone': '12871577', 'cell': '50566173', 'id': {'name': 'CPR', 'value': '230985-1739'}, 'picture': {'large': 'https://randomuser.me/api/portraits/women/88.jpg', 'medium': 'https://randomuser.me/api/portraits/med/women/88.jpg', 'thumbnail': 'https://randomuser.me/api/portraits/thumb/women/88.jpg'}, 'nat': 'DK'}</msg>
<arg>${json_data['results'][0]}</arg>
<doc>Logs the given message with the given level.</doc>
<status status="PASS" start="2024-07-19T21:13:54.766683" elapsed="0.000570"/>
</kw>
<kw name="Log" owner="BuiltIn">
<msg time="2024-07-19T21:13:54.767772" level="INFO">gender</msg>
<arg>${key}</arg>
<doc>Logs the given message with the given level.</doc>
<status status="PASS" start="2024-07-19T21:13:54.767635" elapsed="0.000177"/>
</kw>
<var name="${key}">gender</var>
<status status="PASS" start="2024-07-19T21:13:54.765711" elapsed="0.002327"/>
</iter>
<iter>
<kw name="Dictionary Should Contain Key" owner="Collections">
<arg>${json_data['results'][0]}</arg>
<arg>${key}</arg>
<doc>Fails if ``key`` is not found from ``dictionary``.</doc>
<status status="PASS" start="2024-07-19T21:13:54.768344" elapsed="0.000391"/>
</kw>
<kw name="Log" owner="BuiltIn">
<msg time="2024-07-19T21:13:54.769290" level="INFO">{'gender': 'female', 'name': {'title': 'Ms', 'first': 'Emilie', 'last': 'Sørensen'}, 'location': {'street': {'number': 882, 'name': 'Damgårdsvej'}, 'city': 'Hammel', 'state': 'Midtjylland', 'country': 'Denmark', 'postcode': 54686, 'coordinates': {'latitude': '-44.8505', 'longitude': '100.0619'}, 'timezone': {'offset': '+5:30', 'description': 'Bombay, Calcutta, Madras, New Delhi'}}, 'email': 'emilie.sorensen@example.com', 'login': {'uuid': '3efb1145-7f3c-4455-b060-a8bee23db28b', 'username': 'angrymouse594', 'password': 'garage', 'salt': '0oWqtxpd', 'md5': '701391ce83d7a754b6132cfd33ea02a5', 'sha1': '80b7af42700e74ea56125cfa93f82a86edcd4658', 'sha256': 'c7065c83d0cbe5848a6c40665f4cbf3812ce6697d11f52cde4ffda3e617bacc8'}, 'dob': {'date': '1985-09-24T00:58:04.628Z', 'age': 38}, 'registered': {'date': '2020-06-29T20:33:06.672Z', 'age': 4}, 'phone': '12871577', 'cell': '50566173', 'id': {'name': 'CPR', 'value': '230985-1739'}, 'picture': {'large': 'https://randomuser.me/api/portraits/women/88.jpg', 'medium': 'https://randomuser.me/api/portraits/med/women/88.jpg', 'thumbnail': 'https://randomuser.me/api/portraits/thumb/women/88.jpg'}, 'nat': 'DK'}</msg>
<arg>${json_data['results'][0]}</arg>
<doc>Logs the given message with the given level.</doc>
<status status="PASS" start="2024-07-19T21:13:54.768923" elapsed="0.000455"/>
</kw>
<kw name="Log" owner="BuiltIn">
<msg time="2024-07-19T21:13:54.769849" level="INFO">name</msg>
<arg>${key}</arg>
<doc>Logs the given message with the given level.</doc>
<status status="PASS" start="2024-07-19T21:13:54.769720" elapsed="0.000167"/>
</kw>
<var name="${key}">name</var>
<status status="PASS" start="2024-07-19T21:13:54.768232" elapsed="0.001874"/>
</iter>
<iter>
<kw name="Dictionary Should Contain Key" owner="Collections">
<arg>${json_data['results'][0]}</arg>
<arg>${key}</arg>
<doc>Fails if ``key`` is not found from ``dictionary``.</doc>
<status status="PASS" start="2024-07-19T21:13:54.770394" elapsed="0.000381"/>
</kw>
<kw name="Log" owner="BuiltIn">
<msg time="2024-07-19T21:13:54.771328" level="INFO">{'gender': 'female', 'name': {'title': 'Ms', 'first': 'Emilie', 'last': 'Sørensen'}, 'location': {'street': {'number': 882, 'name': 'Damgårdsvej'}, 'city': 'Hammel', 'state': 'Midtjylland', 'country': 'Denmark', 'postcode': 54686, 'coordinates': {'latitude': '-44.8505', 'longitude': '100.0619'}, 'timezone': {'offset': '+5:30', 'description': 'Bombay, Calcutta, Madras, New Delhi'}}, 'email': 'emilie.sorensen@example.com', 'login': {'uuid': '3efb1145-7f3c-4455-b060-a8bee23db28b', 'username': 'angrymouse594', 'password': 'garage', 'salt': '0oWqtxpd', 'md5': '701391ce83d7a754b6132cfd33ea02a5', 'sha1': '80b7af42700e74ea56125cfa93f82a86edcd4658', 'sha256': 'c7065c83d0cbe5848a6c40665f4cbf3812ce6697d11f52cde4ffda3e617bacc8'}, 'dob': {'date': '1985-09-24T00:58:04.628Z', 'age': 38}, 'registered': {'date': '2020-06-29T20:33:06.672Z', 'age': 4}, 'phone': '12871577', 'cell': '50566173', 'id': {'name': 'CPR', 'value': '230985-1739'}, 'picture': {'large': 'https://randomuser.me/api/portraits/women/88.jpg', 'medium': 'https://randomuser.me/api/portraits/med/women/88.jpg', 'thumbnail': 'https://randomuser.me/api/portraits/thumb/women/88.jpg'}, 'nat': 'DK'}</msg>
<arg>${json_data['results'][0]}</arg>
<doc>Logs the given message with the given level.</doc>
<status status="PASS" start="2024-07-19T21:13:54.770970" elapsed="0.000410"/>
</kw>
<kw name="Log" owner="BuiltIn">
<msg time="2024-07-19T21:13:54.771802" level="INFO">location</msg>
<arg>${key}</arg>
<doc>Logs the given message with the given level.</doc>
<status status="PASS" start="2024-07-19T21:13:54.771677" elapsed="0.000163"/>
</kw>
<var name="${key}">location</var>
<status status="PASS" start="2024-07-19T21:13:54.770286" elapsed="0.001769"/>
</iter>
<iter>
<kw name="Dictionary Should Contain Key" owner="Collections">
<arg>${json_data['results'][0]}</arg>
<arg>${key}</arg>
<doc>Fails if ``key`` is not found from ``dictionary``.</doc>
<status status="PASS" start="2024-07-19T21:13:54.772334" elapsed="0.000385"/>
</kw>
<kw name="Log" owner="BuiltIn">
<msg time="2024-07-19T21:13:54.773428" level="INFO">{'gender': 'female', 'name': {'title': 'Ms', 'first': 'Emilie', 'last': 'Sørensen'}, 'location': {'street': {'number': 882, 'name': 'Damgårdsvej'}, 'city': 'Hammel', 'state': 'Midtjylland', 'country': 'Denmark', 'postcode': 54686, 'coordinates': {'latitude': '-44.8505', 'longitude': '100.0619'}, 'timezone': {'offset': '+5:30', 'description': 'Bombay, Calcutta, Madras, New Delhi'}}, 'email': 'emilie.sorensen@example.com', 'login': {'uuid': '3efb1145-7f3c-4455-b060-a8bee23db28b', 'username': 'angrymouse594', 'password': 'garage', 'salt': '0oWqtxpd', 'md5': '701391ce83d7a754b6132cfd33ea02a5', 'sha1': '80b7af42700e74ea56125cfa93f82a86edcd4658', 'sha256': 'c7065c83d0cbe5848a6c40665f4cbf3812ce6697d11f52cde4ffda3e617bacc8'}, 'dob': {'date': '1985-09-24T00:58:04.628Z', 'age': 38}, 'registered': {'date': '2020-06-29T20:33:06.672Z', 'age': 4}, 'phone': '12871577', 'cell': '50566173', 'id': {'name': 'CPR', 'value': '230985-1739'}, 'picture': {'large': 'https://randomuser.me/api/portraits/women/88.jpg', 'medium': 'https://randomuser.me/api/portraits/med/women/88.jpg', 'thumbnail': 'https://randomuser.me/api/portraits/thumb/women/88.jpg'}, 'nat': 'DK'}</msg>
<arg>${json_data['results'][0]}</arg>
<doc>Logs the given message with the given level.</doc>
<status status="PASS" start="2024-07-19T21:13:54.773038" elapsed="0.000449"/>
</kw>
<kw name="Log" owner="BuiltIn">
<msg time="2024-07-19T21:13:54.773929" level="INFO">email</msg>
<arg>${key}</arg>
<doc>Logs the given message with the given level.</doc>
<status status="PASS" start="2024-07-19T21:13:54.773801" elapsed="0.000167"/>
</kw>
<var name="${key}">email</var>
<status status="PASS" start="2024-07-19T21:13:54.772226" elapsed="0.001971"/>
</iter>
<iter>
<kw name="Dictionary Should Contain Key" owner="Collections">
<arg>${json_data['results'][0]}</arg>
<arg>${key}</arg>
<doc>Fails if ``key`` is not found from ``dictionary``.</doc>
<status status="PASS" start="2024-07-19T21:13:54.774477" elapsed="0.000378"/>
</kw>
<kw name="Log" owner="BuiltIn">
<msg time="2024-07-19T21:13:54.775396" level="INFO">{'gender': 'female', 'name': {'title': 'Ms', 'first': 'Emilie', 'last': 'Sørensen'}, 'location': {'street': {'number': 882, 'name': 'Damgårdsvej'}, 'city': 'Hammel', 'state': 'Midtjylland', 'country': 'Denmark', 'postcode': 54686, 'coordinates': {'latitude': '-44.8505', 'longitude': '100.0619'}, 'timezone': {'offset': '+5:30', 'description': 'Bombay, Calcutta, Madras, New Delhi'}}, 'email': 'emilie.sorensen@example.com', 'login': {'uuid': '3efb1145-7f3c-4455-b060-a8bee23db28b', 'username': 'angrymouse594', 'password': 'garage', 'salt': '0oWqtxpd', 'md5': '701391ce83d7a754b6132cfd33ea02a5', 'sha1': '80b7af42700e74ea56125cfa93f82a86edcd4658', 'sha256': 'c7065c83d0cbe5848a6c40665f4cbf3812ce6697d11f52cde4ffda3e617bacc8'}, 'dob': {'date': '1985-09-24T00:58:04.628Z', 'age': 38}, 'registered': {'date': '2020-06-29T20:33:06.672Z', 'age': 4}, 'phone': '12871577', 'cell': '50566173', 'id': {'name': 'CPR', 'value': '230985-1739'}, 'picture': {'large': 'https://randomuser.me/api/portraits/women/88.jpg', 'medium': 'https://randomuser.me/api/portraits/med/women/88.jpg', 'thumbnail': 'https://randomuser.me/api/portraits/thumb/women/88.jpg'}, 'nat': 'DK'}</msg>
<arg>${json_data['results'][0]}</arg>
<doc>Logs the given message with the given level.</doc>
<status status="PASS" start="2024-07-19T21:13:54.775040" elapsed="0.000406"/>
</kw>
<kw name="Log" owner="BuiltIn">
<msg time="2024-07-19T21:13:54.775864" level="INFO">login</msg>
<arg>${key}</arg>
<doc>Logs the given message with the given level.</doc>
<status status="PASS" start="2024-07-19T21:13:54.775739" elapsed="0.000162"/>
</kw>
<var name="${key}">login</var>
<status status="PASS" start="2024-07-19T21:13:54.774370" elapsed="0.001751"/>
</iter>
<var>${key}</var>
<value>@{expected_keys}</value>
<status status="PASS" start="2024-07-19T21:13:54.765470" elapsed="0.010774"/>
</for>
<kw name="Create List" owner="BuiltIn">
<msg time="2024-07-19T21:13:54.776572" level="INFO">${expected_keysTwo} = ['username', 'password']</msg>
<var>${expected_keysTwo}</var>
<arg>username</arg>
<arg>password</arg>
<doc>Returns a list containing given items.</doc>
<status status="PASS" start="2024-07-19T21:13:54.776438" elapsed="0.000187"/>
</kw>
<for flavor="IN">
<iter>
<kw name="Dictionary Should Contain Key" owner="Collections">
<arg>${json_data['results'][0]['login']}</arg>
<arg>${keyTwo}</arg>
<doc>Fails if ``key`` is not found from ``dictionary``.</doc>
<status status="PASS" start="2024-07-19T21:13:54.777150" elapsed="0.000419"/>
</kw>
<kw name="Dictionary Should Contain Key" owner="Collections">
<arg>${json_data['results'][0]['login']}</arg>
<arg>${keyTwo}</arg>
<doc>Fails if ``key`` is not found from ``dictionary``.</doc>
<status status="PASS" start="2024-07-19T21:13:54.777759" elapsed="0.000370"/>
</kw>
<kw name="Log" owner="BuiltIn">
<msg time="2024-07-19T21:13:54.778428" level="INFO">username</msg>
<arg>${keyTwo}</arg>
<doc>Logs the given message with the given level.</doc>
<status status="PASS" start="2024-07-19T21:13:54.778310" elapsed="0.000156"/>
</kw>
<var name="${keyTwo}">username</var>
<status status="PASS" start="2024-07-19T21:13:54.777033" elapsed="0.001656"/>
</iter>
<iter>
<kw name="Dictionary Should Contain Key" owner="Collections">
<arg>${json_data['results'][0]['login']}</arg>
<arg>${keyTwo}</arg>
<doc>Fails if ``key`` is not found from ``dictionary``.</doc>
<status status="PASS" start="2024-07-19T21:13:54.778970" elapsed="0.000382"/>
</kw>
<kw name="Dictionary Should Contain Key" owner="Collections">
<arg>${json_data['results'][0]['login']}</arg>
<arg>${keyTwo}</arg>
<doc>Fails if ``key`` is not found from ``dictionary``.</doc>
<status status="PASS" start="2024-07-19T21:13:54.779540" elapsed="0.000360"/>
</kw>
<kw name="Log" owner="BuiltIn">
<msg time="2024-07-19T21:13:54.780201" level="INFO">password</msg>
<arg>${keyTwo}</arg>
<doc>Logs the given message with the given level.</doc>
<status status="PASS" start="2024-07-19T21:13:54.780078" elapsed="0.000161"/>
</kw>
<var name="${keyTwo}">password</var>
<status status="PASS" start="2024-07-19T21:13:54.778861" elapsed="0.001596"/>
</iter>
<var>${keyTwo}</var>
<value>@{expected_keysTwo}</value>
<status status="PASS" start="2024-07-19T21:13:54.776871" elapsed="0.003706"/>
</for>
<status status="PASS" start="2024-07-19T21:13:54.656394" elapsed="0.124323"/>
</kw>
<doc>Testa a estrutura da resposta da API.</doc>
<tag>testeEstruturaResposta</tag>
<status status="PASS" start="2024-07-19T21:13:54.655805" elapsed="0.125071"/>
</test>
<test id="s1-s1-t4" name="Validar tipos de dados" line="28">
<kw name="Teste de Tipos de Dados" owner="random-user-service">
<kw name="GET On Session" owner="RequestsLibrary">
<msg time="2024-07-19T21:13:54.911462" level="INFO">GET Request : url=https://randomuser.me/api 
 path_url=/api 
 headers={'User-Agent': 'python-requests/2.32.3', 'Accept-Encoding': 'gzip, deflate', 'Accept': '*/*', 'Connection': 'keep-alive'} 
 body=None 
 </msg>
<msg time="2024-07-19T21:13:54.911561" level="INFO">GET Response : url=https://randomuser.me/api 
 status=200, reason=OK 
 headers={'Date': 'Fri, 19 Jul 2024 21:13:54 GMT', 'Content-Type': 'application/json; charset=utf-8', 'Transfer-Encoding': 'chunked', 'Connection': 'keep-alive', 'X-Powered-By': 'Express', 'Access-Control-Allow-Origin': '*', 'Cache-Control': 'no-cache', 'ETag': 'W/"491-+gDSTjIRWw5Y4QKDN1SOII7L8uI"', 'Vary': 'Accept-Encoding', 'Content-Encoding': 'gzip', 'CF-Cache-Status': 'DYNAMIC', 'Report-To': '{"endpoints":[{"url":"https:\\/\\/a.nel.cloudflare.com\\/report\\/v4?s=FTzsUTbVxFOW2mJHgzUtXdriuXiSl2IAf3Bgono1h4pJycL%2B0P6dbh2qo3uUqiZb28PJ2zeciM1Eg0gbVHF1JjQ4Z6ALrfzKH%2BKz4xBi%2BeeqQmPBNTbzrt%2F%2FInzzW7cp"}],"group":"cf-nel","max_age":604800}', 'NEL': '{"success_fraction":0,"report_to":"cf-nel","max_age":604800}', 'Server': 'cloudflare', 'CF-RAY': '8a5db7d56a282eb4-LAX', 'alt-svc': 'h3=":443"; ma=86400'} 
 body={"results":[{"gender":"female","name":{"title":"Mrs","first":"Noelia","last":"Berland"},"location":{"street":{"number":3249,"name":"Prinsens gate"},"city":"Bekkelaget","state":"Nordland","country":"Norway","postcode":"0681","coordinates":{"latitude":"45.1777","longitude":"35.7046"},"timezone":{"offset":"+8:00","description":"Beijing, Perth, Singapore, Hong Kong"}},"email":"noelia.berland@example.com","login":{"uuid":"b0ad5a07-db68-4e43-a9fd-f366870a0b7f","username":"smallzebra324","password":"vincent","salt":"SAH6qpPJ","md5":"9262fbfe644405c96ff38aaa037054be","sha1":"70d8041dd6c88b07e3a2a6212f8934f17cda9486","sha256":"33404467361023d6f240f4a595d76992165a90d286583ec490006aad983d9f3b"},"dob":{"date":"1967-06-12T04:50:25.534Z","age":57},"registered":{"date":"2010-07-17T12:04:34.211Z","age":14},"phone":"50607497","cell":"97407691","id":{"name":"FN","value":"12066706018"},"picture":{"large":"https://randomuser.me/api/portraits/women/52.jpg","medium":"https://randomuser.me/api/portraits/med/women/52.jpg","thumbnail":"https://randomuser.me/api/portraits/thumb/women/52.jpg"},"nat":"NO"}],"info":{"seed":"ce26d0686117c2e4","results":1,"page":1,"version":"1.4"}} 
 </msg>
<msg time="2024-07-19T21:13:54.911629" level="INFO">/opt/hostedtoolcache/Python/3.12.4/x64/lib/python3.12/site-packages/urllib3/connectionpool.py:1099: InsecureRequestWarning: Unverified HTTPS request is being made to host 'randomuser.me'. Adding certificate verification is strongly advised. See: https://urllib3.readthedocs.io/en/latest/advanced-usage.html#tls-warnings
  warnings.warn(</msg>
<msg time="2024-07-19T21:13:54.911768" level="INFO">${response} = &lt;Response [200]&gt;</msg>
<var>${response}</var>
<arg>consultarAPI</arg>
<arg>/api</arg>
<doc>Sends a GET request on a previously created HTTP Session.</doc>
<status status="PASS" start="2024-07-19T21:13:54.783364" elapsed="0.128448"/>
</kw>
<kw name="Set Variable" owner="BuiltIn">
<msg time="2024-07-19T21:13:54.912834" level="INFO">${json_data} = {'results': [{'gender': 'female', 'name': {'title': 'Mrs', 'first': 'Noelia', 'last': 'Berland'}, 'location': {'street': {'number': 3249, 'name': 'Prinsens gate'}, 'city': 'Bekkelaget', 'state': 'Nord...</msg>
<var>${json_data}</var>
<arg>${response.json()}</arg>
<doc>Returns the given values which can then be assigned to a variables.</doc>
<status status="PASS" start="2024-07-19T21:13:54.912308" elapsed="0.000556"/>
</kw>
<kw name="Log" owner="BuiltIn">
<msg time="2024-07-19T21:13:54.913331" level="INFO">{'results': [{'gender': 'female', 'name': {'title': 'Mrs', 'first': 'Noelia', 'last': 'Berland'}, 'location': {'street': {'number': 3249, 'name': 'Prinsens gate'}, 'city': 'Bekkelaget', 'state': 'Nordland', 'country': 'Norway', 'postcode': '0681', 'coordinates': {'latitude': '45.1777', 'longitude': '35.7046'}, 'timezone': {'offset': '+8:00', 'description': 'Beijing, Perth, Singapore, Hong Kong'}}, 'email': 'noelia.berland@example.com', 'login': {'uuid': 'b0ad5a07-db68-4e43-a9fd-f366870a0b7f', 'username': 'smallzebra324', 'password': 'vincent', 'salt': 'SAH6qpPJ', 'md5': '9262fbfe644405c96ff38aaa037054be', 'sha1': '70d8041dd6c88b07e3a2a6212f8934f17cda9486', 'sha256': '33404467361023d6f240f4a595d76992165a90d286583ec490006aad983d9f3b'}, 'dob': {'date': '1967-06-12T04:50:25.534Z', 'age': 57}, 'registered': {'date': '2010-07-17T12:04:34.211Z', 'age': 14}, 'phone': '50607497', 'cell': '97407691', 'id': {'name': 'FN', 'value': '12066706018'}, 'picture': {'large': 'https://randomuser.me/api/portraits/women/52.jpg', 'medium': 'https://randomuser.me/api/portraits/med/women/52.jpg', 'thumbnail': 'https://randomuser.me/api/portraits/thumb/women/52.jpg'}, 'nat': 'NO'}], 'info': {'seed': 'ce26d0686117c2e4', 'results': 1, 'page': 1, 'version': '1.4'}}</msg>
<arg>${json_data}</arg>
<doc>Logs the given message with the given level.</doc>
<status status="PASS" start="2024-07-19T21:13:54.913175" elapsed="0.000217"/>
</kw>
<kw name="Should Be String" owner="String">
<arg>${json_data['results'][0]['gender']}</arg>
<doc>Fails if the given ``item`` is not a string.</doc>
<status status="PASS" start="2024-07-19T21:13:54.913742" elapsed="0.000376"/>
</kw>
<kw name="Should Match Regexp" owner="BuiltIn">
<arg>${json_data['results'][0]['email']}</arg>
<arg>^[a-zA-Z0-9._%+-]+@[a-zA-Z0-9.-]+\.[a-zA-Z]{2,}$</arg>
<doc>Fails if ``string`` does not match ``pattern`` as a regular expression.</doc>
<status status="PASS" start="2024-07-19T21:13:54.914310" elapsed="0.000566"/>
</kw>
<kw name="Should Match Regexp" owner="BuiltIn">
<arg>${json_data['results'][0]['dob']['date']}</arg>
<arg>\\d{4}-\\d{2}-\\d{2}T\\d{2}:\\d{2}:\\d{2}\\.\\d{3}Z</arg>
<doc>Fails if ``string`` does not match ``pattern`` as a regular expression.</doc>
<status status="PASS" start="2024-07-19T21:13:54.915086" elapsed="0.000628"/>
</kw>
<kw name="Should Match Regexp" owner="BuiltIn">
<arg>${json_data['results'][0]['registered']['date']}</arg>
<arg>\\d{4}-\\d{2}-\\d{2}T\\d{2}:\\d{2}:\\d{2}\\.\\d{3}Z</arg>
<doc>Fails if ``string`` does not match ``pattern`` as a regular expression.</doc>
<status status="PASS" start="2024-07-19T21:13:54.915908" elapsed="0.000373"/>
</kw>
<kw name="Should Match Regexp" owner="BuiltIn">
<arg>${json_data['results'][0]['picture']['large']}</arg>
<arg>^https?://.*\.(?:png|jpe?g|gif|bmp)$</arg>
<doc>Fails if ``string`` does not match ``pattern`` as a regular expression.</doc>
<status status="PASS" start="2024-07-19T21:13:54.916470" elapsed="0.000460"/>
</kw>
<kw name="Should Match Regexp" owner="BuiltIn">
<arg>${json_data['results'][0]['picture']['medium']}</arg>
<arg>^https?://.*\.(?:png|jpe?g|gif|bmp)$</arg>
<doc>Fails if ``string`` does not match ``pattern`` as a regular expression.</doc>
<status status="PASS" start="2024-07-19T21:13:54.917119" elapsed="0.000388"/>
</kw>
<kw name="Should Match Regexp" owner="BuiltIn">
<arg>${json_data['results'][0]['picture']['thumbnail']}</arg>
<arg>^https?://.*\.(?:png|jpe?g|gif|bmp)$</arg>
<doc>Fails if ``string`` does not match ``pattern`` as a regular expression.</doc>
<status status="PASS" start="2024-07-19T21:13:54.917697" elapsed="0.000358"/>
</kw>
<kw name="Log" owner="BuiltIn">
<msg time="2024-07-19T21:13:54.918563" level="INFO">{'large': 'https://randomuser.me/api/portraits/women/52.jpg', 'medium': 'https://randomuser.me/api/portraits/med/women/52.jpg', 'thumbnail': 'https://randomuser.me/api/portraits/thumb/women/52.jpg'}</msg>
<arg>${json_data['results'][0]['picture']}</arg>
<doc>Logs the given message with the given level.</doc>
<status status="PASS" start="2024-07-19T21:13:54.918238" elapsed="0.000372"/>
</kw>
<status status="PASS" start="2024-07-19T21:13:54.783137" elapsed="0.135736"/>
</kw>
<kw name="Teste de Tipos de Dados - Postcode" owner="random-user-service">
<kw name="GET On Session" owner="RequestsLibrary">
<msg time="2024-07-19T21:13:55.077924" level="INFO">GET Request : url=https://randomuser.me/api 
 path_url=/api 
 headers={'User-Agent': 'python-requests/2.32.3', 'Accept-Encoding': 'gzip, deflate', 'Accept': '*/*', 'Connection': 'keep-alive'} 
 body=None 
 </msg>
<msg time="2024-07-19T21:13:55.078019" level="INFO">GET Response : url=https://randomuser.me/api 
 status=200, reason=OK 
 headers={'Date': 'Fri, 19 Jul 2024 21:13:55 GMT', 'Content-Type': 'application/json; charset=utf-8', 'Transfer-Encoding': 'chunked', 'Connection': 'keep-alive', 'X-Powered-By': 'Express', 'Access-Control-Allow-Origin': '*', 'Cache-Control': 'no-cache', 'ETag': 'W/"4ae-2GIrjA8ij9nVwEwnQAZ7dJRUUA8"', 'Vary': 'Accept-Encoding', 'Content-Encoding': 'gzip', 'CF-Cache-Status': 'DYNAMIC', 'Report-To': '{"endpoints":[{"url":"https:\\/\\/a.nel.cloudflare.com\\/report\\/v4?s=Xu2rG2e%2Bx7SDMtDUYPwK7S3MdP%2FbuN8l87XxrWGg7DQaW8IG8UWoprB3TIoOtC0f7WMvZOq4pwD4qSnwTJIOuPRZuGg9VqhF8QzUQoR3BG9aoatbEGGoDnSWGdp%2BNDnF"}],"group":"cf-nel","max_age":604800}', 'NEL': '{"success_fraction":0,"report_to":"cf-nel","max_age":604800}', 'Server': 'cloudflare', 'CF-RAY': '8a5db7d64b852eb4-LAX', 'alt-svc': 'h3=":443"; ma=86400'} 
 body={"results":[{"gender":"female","name":{"title":"Mrs","first":"Romy","last":"Moreau"},"location":{"street":{"number":3946,"name":"Rue de L'Abbé-Soulange-Bodin"},"city":"Nice","state":"Loire-Atlantique","country":"France","postcode":31452,"coordinates":{"latitude":"-18.6719","longitude":"86.2486"},"timezone":{"offset":"+8:00","description":"Beijing, Perth, Singapore, Hong Kong"}},"email":"romy.moreau@example.com","login":{"uuid":"eb7d6999-3b45-403f-a087-e40ffc8f101c","username":"heavytiger363","password":"leeds","salt":"Sqxco0Na","md5":"4c9b4c7dde0061857b878be12e295513","sha1":"e81ae025b3deb357c831a06340861b13fcf5d592","sha256":"c577a58e636a46ae44b9430308fa52dd7477d3a3e7757643eec000f16c09e66a"},"dob":{"date":"1945-08-13T07:37:55.384Z","age":78},"registered":{"date":"2022-04-13T02:40:23.197Z","age":2},"phone":"05-59-00-18-13","cell":"06-13-17-21-47","id":{"name":"INSEE","value":"2450725534501 11"},"picture":{"large":"https://randomuser.me/api/portraits/women/93.jpg","medium":"https://randomuser.me/api/portraits/med/women/93.jpg","thumbnail":"https://randomuser.me/api/portraits/thumb/women/93.jpg"},"nat":"FR"}],"info":{"seed":"7fd84a7b1627fbbb","results":1,"page":1,"version":"1.4"}} 
 </msg>
<msg time="2024-07-19T21:13:55.078091" level="INFO">/opt/hostedtoolcache/Python/3.12.4/x64/lib/python3.12/site-packages/urllib3/connectionpool.py:1099: InsecureRequestWarning: Unverified HTTPS request is being made to host 'randomuser.me'. Adding certificate verification is strongly advised. See: https://urllib3.readthedocs.io/en/latest/advanced-usage.html#tls-warnings
  warnings.warn(</msg>
<msg time="2024-07-19T21:13:55.078204" level="INFO">${response} = &lt;Response [200]&gt;</msg>
<var>${response}</var>
<arg>consultarAPI</arg>
<arg>/api</arg>
<doc>Sends a GET request on a previously created HTTP Session.</doc>
<status status="PASS" start="2024-07-19T21:13:54.919328" elapsed="0.158903"/>
</kw>
<kw name="Set Variable" owner="BuiltIn">
<msg time="2024-07-19T21:13:55.079265" level="INFO">${json_data} = {'results': [{'gender': 'female', 'name': {'title': 'Mrs', 'first': 'Romy', 'last': 'Moreau'}, 'location': {'street': {'number': 3946, 'name': "Rue de L'Abbé-Soulange-Bodin"}, 'city': 'Nice', 'state':...</msg>
<var>${json_data}</var>
<arg>${response.json()}</arg>
<doc>Returns the given values which can then be assigned to a variables.</doc>
<status status="PASS" start="2024-07-19T21:13:55.078758" elapsed="0.000537"/>
</kw>
<kw name="Log" owner="BuiltIn">
<msg time="2024-07-19T21:13:55.079758" level="INFO">{'results': [{'gender': 'female', 'name': {'title': 'Mrs', 'first': 'Romy', 'last': 'Moreau'}, 'location': {'street': {'number': 3946, 'name': "Rue de L'Abbé-Soulange-Bodin"}, 'city': 'Nice', 'state': 'Loire-Atlantique', 'country': 'France', 'postcode': 31452, 'coordinates': {'latitude': '-18.6719', 'longitude': '86.2486'}, 'timezone': {'offset': '+8:00', 'description': 'Beijing, Perth, Singapore, Hong Kong'}}, 'email': 'romy.moreau@example.com', 'login': {'uuid': 'eb7d6999-3b45-403f-a087-e40ffc8f101c', 'username': 'heavytiger363', 'password': 'leeds', 'salt': 'Sqxco0Na', 'md5': '4c9b4c7dde0061857b878be12e295513', 'sha1': 'e81ae025b3deb357c831a06340861b13fcf5d592', 'sha256': 'c577a58e636a46ae44b9430308fa52dd7477d3a3e7757643eec000f16c09e66a'}, 'dob': {'date': '1945-08-13T07:37:55.384Z', 'age': 78}, 'registered': {'date': '2022-04-13T02:40:23.197Z', 'age': 2}, 'phone': '05-59-00-18-13', 'cell': '06-13-17-21-47', 'id': {'name': 'INSEE', 'value': '2450725534501 11'}, 'picture': {'large': 'https://randomuser.me/api/portraits/women/93.jpg', 'medium': 'https://randomuser.me/api/portraits/med/women/93.jpg', 'thumbnail': 'https://randomuser.me/api/portraits/thumb/women/93.jpg'}, 'nat': 'FR'}], 'info': {'seed': '7fd84a7b1627fbbb', 'results': 1, 'page': 1, 'version': '1.4'}}</msg>
<arg>${json_data}</arg>
<doc>Logs the given message with the given level.</doc>
<status status="PASS" start="2024-07-19T21:13:55.079602" elapsed="0.000215"/>
</kw>
<kw name="Should Be Equal As Numbers" owner="BuiltIn">
<arg>${json_data['results'][0]['location']['postcode']}</arg>
<arg>${json_data['results'][0]['location']['postcode']}</arg>
<doc>Fails if objects are unequal after converting them to real numbers.</doc>
<status status="PASS" start="2024-07-19T21:13:55.080103" elapsed="0.000615"/>
</kw>
<kw name="Log" owner="BuiltIn">
<msg time="2024-07-19T21:13:55.081280" level="INFO">31452</msg>
<arg>${json_data['results'][0]['location']['postcode']}</arg>
<doc>Logs the given message with the given level.</doc>
<status status="PASS" start="2024-07-19T21:13:55.080907" elapsed="0.000415"/>
</kw>
<status status="PASS" start="2024-07-19T21:13:54.919100" elapsed="0.162517"/>
</kw>
<doc>Testa se os tipos de dados na resposta da API estão corretos.</doc>
<tag>testeTiposDados</tag>
<status status="PASS" start="2024-07-19T21:13:54.782677" elapsed="0.299108"/>
</test>
<test id="s1-s1-t5" name="Validar conteudo" line="35">
<kw name="Teste de Tipos de Conteudo" owner="random-user-service">
<kw name="GET On Session" owner="RequestsLibrary">
<msg time="2024-07-19T21:13:55.207718" level="INFO">GET Request : url=https://randomuser.me/api 
 path_url=/api 
 headers={'User-Agent': 'python-requests/2.32.3', 'Accept-Encoding': 'gzip, deflate', 'Accept': '*/*', 'Connection': 'keep-alive'} 
 body=None 
 </msg>
<msg time="2024-07-19T21:13:55.207829" level="INFO">GET Response : url=https://randomuser.me/api 
 status=200, reason=OK 
 headers={'Date': 'Fri, 19 Jul 2024 21:13:55 GMT', 'Content-Type': 'application/json; charset=utf-8', 'Transfer-Encoding': 'chunked', 'Connection': 'keep-alive', 'X-Powered-By': 'Express', 'Access-Control-Allow-Origin': '*', 'Cache-Control': 'no-cache', 'ETag': 'W/"466-lFqAaSiTCtZj8Qvaf8eQRD2ARJo"', 'Vary': 'Accept-Encoding', 'Content-Encoding': 'gzip', 'CF-Cache-Status': 'DYNAMIC', 'Report-To': '{"endpoints":[{"url":"https:\\/\\/a.nel.cloudflare.com\\/report\\/v4?s=2S8M8%2B6Tpw8p8iqiTQwiPWzhjPj4KjeBkXEoHb8inHgNa90%2FY8NbVz8q4%2FlnqKozXhyA0uIHPchLjU8x1ZK96cMSoyrXSk40%2FfnqIImULR2bERZBToCmPAt4aa3bkIT8"}],"group":"cf-nel","max_age":604800}', 'NEL': '{"success_fraction":0,"report_to":"cf-nel","max_age":604800}', 'Server': 'cloudflare', 'CF-RAY': '8a5db7d75ca22eb4-LAX', 'alt-svc': 'h3=":443"; ma=86400'} 
 body={"results":[{"gender":"male","name":{"title":"Mr","first":"Momir","last":"Abramović"},"location":{"street":{"number":1642,"name":"Balovačka"},"city":"Topola","state":"Toplica","country":"Serbia","postcode":81410,"coordinates":{"latitude":"58.8562","longitude":"-100.1815"},"timezone":{"offset":"+5:45","description":"Kathmandu"}},"email":"momir.abramovic@example.com","login":{"uuid":"80b20dec-765a-4631-87b2-d6012a1d6eb9","username":"saddog836","password":"hola","salt":"CAvNxofq","md5":"f1d7b5e7b06a46bee4396a67136b8fe1","sha1":"00d4c73816d8c1a3816bd0aa9f7d840b8cbe3e71","sha256":"565ae971a9b6e1879f0e1c89d00e2c4322e222fad0d9e587a06f5c7822c1e0ea"},"dob":{"date":"1968-05-10T17:13:43.866Z","age":56},"registered":{"date":"2003-03-31T04:00:01.112Z","age":21},"phone":"016-1849-758","cell":"065-2849-299","id":{"name":"SID","value":"765956137"},"picture":{"large":"https://randomuser.me/api/portraits/men/9.jpg","medium":"https://randomuser.me/api/portraits/med/men/9.jpg","thumbnail":"https://randomuser.me/api/portraits/thumb/men/9.jpg"},"nat":"RS"}],"info":{"seed":"ced3bcd93df3b9e4","results":1,"page":1,"version":"1.4"}} 
 </msg>
<msg time="2024-07-19T21:13:55.207915" level="INFO">/opt/hostedtoolcache/Python/3.12.4/x64/lib/python3.12/site-packages/urllib3/connectionpool.py:1099: InsecureRequestWarning: Unverified HTTPS request is being made to host 'randomuser.me'. Adding certificate verification is strongly advised. See: https://urllib3.readthedocs.io/en/latest/advanced-usage.html#tls-warnings
  warnings.warn(</msg>
<msg time="2024-07-19T21:13:55.208058" level="INFO">${response} = &lt;Response [200]&gt;</msg>
<var>${response}</var>
<arg>consultarAPI</arg>
<arg>/api</arg>
<doc>Sends a GET request on a previously created HTTP Session.</doc>
<status status="PASS" start="2024-07-19T21:13:55.084751" elapsed="0.123356"/>
</kw>
<kw name="Set Variable" owner="BuiltIn">
<msg time="2024-07-19T21:13:55.209314" level="INFO">${json_data} = {'results': [{'gender': 'male', 'name': {'title': 'Mr', 'first': 'Momir', 'last': 'Abramović'}, 'location': {'street': {'number': 1642, 'name': 'Balovačka'}, 'city': 'Topola', 'state': 'Toplica', 'cou...</msg>
<var>${json_data}</var>
<arg>${response.json()}</arg>
<doc>Returns the given values which can then be assigned to a variables.</doc>
<status status="PASS" start="2024-07-19T21:13:55.208753" elapsed="0.000594"/>
</kw>
<kw name="Set Variable" owner="BuiltIn">
<msg time="2024-07-19T21:13:55.210097" level="INFO">${name_title} = Mr</msg>
<var>${name_title}</var>
<arg>${json_data["results"][0]["name"]["title"]}</arg>
<doc>Returns the given values which can then be assigned to a variables.</doc>
<status status="PASS" start="2024-07-19T21:13:55.209704" elapsed="0.000419"/>
</kw>
<kw name="Create List" owner="BuiltIn">
<msg time="2024-07-19T21:13:55.210580" level="INFO">${allowed_titles} = ['Mr', 'Ms', 'Miss', 'Mrs', 'Madame', 'Monsieur']</msg>
<var>${allowed_titles}</var>
<arg>Mr</arg>
<arg>Ms</arg>
<arg>Miss</arg>
<arg>Mrs</arg>
<arg>Madame</arg>
<arg>Monsieur</arg>
<doc>Returns a list containing given items.</doc>
<status status="PASS" start="2024-07-19T21:13:55.210430" elapsed="0.000176"/>
</kw>
<kw name="List Should Contain Value" owner="Collections">
<arg>${allowed_titles}</arg>
<arg>${name_title}</arg>
<doc>Fails if the ``value`` is not found from ``list``.</doc>
<status status="PASS" start="2024-07-19T21:13:55.210910" elapsed="0.000176"/>
</kw>
<kw name="Set Variable" owner="BuiltIn">
<msg time="2024-07-19T21:13:55.211646" level="INFO">${name_country} = RS</msg>
<var>${name_country}</var>
<arg>${json_data["results"][0]["nat"]}</arg>
<doc>Returns the given values which can then be assigned to a variables.</doc>
<status status="PASS" start="2024-07-19T21:13:55.211273" elapsed="0.000405"/>
</kw>
<kw name="Create List" owner="BuiltIn">
<msg time="2024-07-19T21:13:55.212565" level="INFO">${list_country} = ['AD', 'AE', 'AF', 'AG', 'AI', 'AL', 'AM', 'AO', 'AQ', 'AR', 'AS', 'AT', 'AU', 'AW', 'AX', 'AZ', 'BA', 'BB', 'BD', 'BE', 'BF', 'BG', 'BH', 'BI', 'BJ', 'BL', 'BM', 'BN', 'BO', 'BQ', 'BR', 'BS', 'BT', '...</msg>
<var>${list_country}</var>
<arg>AD</arg>
<arg>AE</arg>
<arg>AF</arg>
<arg>AG</arg>
<arg>AI</arg>
<arg>AL</arg>
<arg>AM</arg>
<arg>AO</arg>
<arg>AQ</arg>
<arg>AR</arg>
<arg>AS</arg>
<arg>AT</arg>
<arg>AU</arg>
<arg>AW</arg>
<arg>AX</arg>
<arg>AZ</arg>
<arg>BA</arg>
<arg>BB</arg>
<arg>BD</arg>
<arg>BE</arg>
<arg>BF</arg>
<arg>BG</arg>
<arg>BH</arg>
<arg>BI</arg>
<arg>BJ</arg>
<arg>BL</arg>
<arg>BM</arg>
<arg>BN</arg>
<arg>BO</arg>
<arg>BQ</arg>
<arg>BR</arg>
<arg>BS</arg>
<arg>BT</arg>
<arg>BV</arg>
<arg>BW</arg>
<arg>BY</arg>
<arg>BZ</arg>
<arg>CA</arg>
<arg>CC</arg>
<arg>CD</arg>
<arg>CF</arg>
<arg>CG</arg>
<arg>CH</arg>
<arg>CI</arg>
<arg>CK</arg>
<arg>CL</arg>
<arg>CM</arg>
<arg>CN</arg>
<arg>CO</arg>
<arg>CR</arg>
<arg>CU</arg>
<arg>CV</arg>
<arg>CW</arg>
<arg>CX</arg>
<arg>CY</arg>
<arg>CZ</arg>
<arg>DE</arg>
<arg>DJ</arg>
<arg>DK</arg>
<arg>DM</arg>
<arg>DO</arg>
<arg>DZ</arg>
<arg>EC</arg>
<arg>EE</arg>
<arg>EG</arg>
<arg>EH</arg>
<arg>ER</arg>
<arg>ES</arg>
<arg>ET</arg>
<arg>FI</arg>
<arg>FJ</arg>
<arg>FK</arg>
<arg>FM</arg>
<arg>FO</arg>
<arg>FR</arg>
<arg>GA</arg>
<arg>GB</arg>
<arg>GD</arg>
<arg>GE</arg>
<arg>GF</arg>
<arg>GG</arg>
<arg>GH</arg>
<arg>GI</arg>
<arg>GL</arg>
<arg>GM</arg>
<arg>GN</arg>
<arg>GP</arg>
<arg>GQ</arg>
<arg>GR</arg>
<arg>GS</arg>
<arg>GT</arg>
<arg>GU</arg>
<arg>GW</arg>
<arg>GY</arg>
<arg>HK</arg>
<arg>HM</arg>
<arg>HN</arg>
<arg>HR</arg>
<arg>HT</arg>
<arg>HU</arg>
<arg>ID</arg>
<arg>IE</arg>
<arg>IL</arg>
<arg>IM</arg>
<arg>IN</arg>
<arg>IO</arg>
<arg>IQ</arg>
<arg>IR</arg>
<arg>IS</arg>
<arg>IT</arg>
<arg>JE</arg>
<arg>JM</arg>
<arg>JO</arg>
<arg>JP</arg>
<arg>KE</arg>
<arg>KG</arg>
<arg>KH</arg>
<arg>KI</arg>
<arg>KM</arg>
<arg>KN</arg>
<arg>KP</arg>
<arg>KR</arg>
<arg>KW</arg>
<arg>KY</arg>
<arg>KZ</arg>
<arg>LA</arg>
<arg>LB</arg>
<arg>LC</arg>
<arg>LI</arg>
<arg>LK</arg>
<arg>LR</arg>
<arg>LS</arg>
<arg>LT</arg>
<arg>LU</arg>
<arg>LV</arg>
<arg>LY</arg>
<arg>MA</arg>
<arg>MC</arg>
<arg>MD</arg>
<arg>ME</arg>
<arg>MF</arg>
<arg>MG</arg>
<arg>MH</arg>
<arg>MK</arg>
<arg>ML</arg>
<arg>MM</arg>
<arg>MN</arg>
<arg>MO</arg>
<arg>MP</arg>
<arg>MQ</arg>
<arg>MR</arg>
<arg>MS</arg>
<arg>MT</arg>
<arg>MU</arg>
<arg>MV</arg>
<arg>MW</arg>
<arg>MX</arg>
<arg>MY</arg>
<arg>MZ</arg>
<arg>NA</arg>
<arg>NC</arg>
<arg>NE</arg>
<arg>NF</arg>
<arg>NG</arg>
<arg>NI</arg>
<arg>NL</arg>
<arg>NO</arg>
<arg>NP</arg>
<arg>NR</arg>
<arg>NU</arg>
<arg>NZ</arg>
<arg>OM</arg>
<arg>PA</arg>
<arg>PE</arg>
<arg>PF</arg>
<arg>PG</arg>
<arg>PH</arg>
<arg>PK</arg>
<arg>PL</arg>
<arg>PM</arg>
<arg>PN</arg>
<arg>PR</arg>
<arg>PS</arg>
<arg>PT</arg>
<arg>PW</arg>
<arg>PY</arg>
<arg>QA</arg>
<arg>RE</arg>
<arg>RO</arg>
<arg>RS</arg>
<arg>RU</arg>
<arg>RW</arg>
<arg>SA</arg>
<arg>SB</arg>
<arg>SC</arg>
<arg>SD</arg>
<arg>SE</arg>
<arg>SG</arg>
<arg>SH</arg>
<arg>SI</arg>
<arg>SJ</arg>
<arg>SK</arg>
<arg>SL</arg>
<arg>SM</arg>
<arg>SN</arg>
<arg>SO</arg>
<arg>SR</arg>
<arg>SS</arg>
<arg>ST</arg>
<arg>SV</arg>
<arg>SX</arg>
<arg>SY</arg>
<arg>SZ</arg>
<arg>TC</arg>
<arg>TD</arg>
<arg>TF</arg>
<arg>TG</arg>
<arg>TH</arg>
<arg>TJ</arg>
<arg>TK</arg>
<arg>TL</arg>
<arg>TM</arg>
<arg>TN</arg>
<arg>TO</arg>
<arg>TR</arg>
<arg>TT</arg>
<arg>TV</arg>
<arg>TW</arg>
<arg>TZ</arg>
<arg>UA</arg>
<arg>UG</arg>
<arg>UM</arg>
<arg>US</arg>
<arg>UY</arg>
<arg>UZ</arg>
<arg>VA</arg>
<arg>VC</arg>
<arg>VE</arg>
<arg>VG</arg>
<arg>VI</arg>
<arg>VN</arg>
<arg>VU</arg>
<arg>WF</arg>
<arg>WS</arg>
<arg>XK</arg>
<arg>YE</arg>
<arg>YT</arg>
<arg>ZA</arg>
<arg>ZM</arg>
<arg>ZW</arg>
<doc>Returns a list containing given items.</doc>
<status status="PASS" start="2024-07-19T21:13:55.211971" elapsed="0.000621"/>
</kw>
<kw name="List Should Contain Value" owner="Collections">
<arg>${list_country}</arg>
<arg>${name_country}</arg>
<doc>Fails if the ``value`` is not found from ``list``.</doc>
<status status="PASS" start="2024-07-19T21:13:55.213606" elapsed="0.000211"/>
</kw>
<kw name="Run Keyword If" owner="BuiltIn">
<kw name="Should Be True" owner="BuiltIn">
<arg>${True}</arg>
<doc>Fails if the given condition is not true.</doc>
<status status="PASS" start="2024-07-19T21:13:55.214773" elapsed="0.000150"/>
</kw>
<arg>${json_data["results"][0]["location"]["coordinates"]["latitude"]} &gt;= -90 and ${json_data["results"][0]["location"]["coordinates"]["latitude"]} &lt;= 90</arg>
<arg>Should Be True</arg>
<arg>${True}</arg>
<doc>Runs the given keyword with the given arguments, if ``condition`` is true.</doc>
<status status="PASS" start="2024-07-19T21:13:55.214021" elapsed="0.001041"/>
</kw>
<kw name="Run Keyword If" owner="BuiltIn">
<kw name="Should Be True" owner="BuiltIn">
<arg>${True}</arg>
<doc>Fails if the given condition is not true.</doc>
<status status="PASS" start="2024-07-19T21:13:55.215932" elapsed="0.000135"/>
</kw>
<arg>${json_data["results"][0]["location"]["coordinates"]["longitude"]} &gt;= -180 and ${json_data["results"][0]["location"]["coordinates"]["longitude"]} &lt;= 180</arg>
<arg>Should Be True</arg>
<arg>${True}</arg>
<doc>Runs the given keyword with the given arguments, if ``condition`` is true.</doc>
<status status="PASS" start="2024-07-19T21:13:55.215245" elapsed="0.000946"/>
</kw>
<status status="PASS" start="2024-07-19T21:13:55.084374" elapsed="0.131951"/>
</kw>
<doc>Testa o conteúdo específico dos campos retornados pela API.</doc>
<tag>testeConteudo</tag>
<status status="PASS" start="2024-07-19T21:13:55.083676" elapsed="0.132799"/>
</test>
<status status="PASS" start="2024-07-19T21:13:54.116349" elapsed="1.102163"/>
</suite>
<status status="PASS" start="2024-07-19T21:13:54.100949" elapsed="1.122568"/>
</suite>
<statistics>
<total>
<stat pass="5" fail="0" skip="0">All Tests</stat>
</total>
<tag>
<stat pass="1" fail="0" skip="0">testeConteudo</stat>
<stat pass="1" fail="0" skip="0">testeEstruturaResposta</stat>
<stat pass="1" fail="0" skip="0">testeRequisicaoBasica</stat>
<stat pass="1" fail="0" skip="0">testeTiposDados</stat>
</tag>
<suite>
<stat pass="5" fail="0" skip="0" id="s1" name="Tests">Tests</stat>
<stat pass="5" fail="0" skip="0" id="s1-s1" name="Random-User-Test">Tests.Random-User-Test</stat>
</suite>
</statistics>
<errors>
</errors>
</robot>
