<?xml version="1.0" encoding="UTF-8"?>
<robot generator="Robot 7.0.1 (Python 3.12.4 on linux)" generated="2024-06-29T22:15:03.821370" rpa="false" schemaversion="5">
<suite id="s1" name="Tests" source="/home/runner/work/ApiRandomUser/ApiRandomUser/RamdonUser/tests">
<suite id="s1-s1" name="Random-User-Test" source="/home/runner/work/ApiRandomUser/ApiRandomUser/RamdonUser/tests/random-user-test.robot">
<test id="s1-s1-t1" name="Conectar" line="13">
<kw name="Conectar API" owner="random-user-service">
<kw name="Create Session" owner="RequestsLibrary">
<msg time="2024-06-29T22:15:04.229074" level="INFO">Creating Session using : alias=consultarAPI, url=https://randomuser.me/, headers={},                     cookies={}, auth=None, timeout=None, proxies=None, verify=False,                     debug=0 </msg>
<arg>consultarAPI</arg>
<arg>${URL}</arg>
<doc>Create Session: create a HTTP session to a server</doc>
<status status="PASS" start="2024-06-29T22:15:04.228865" elapsed="0.000402"/>
</kw>
<status status="PASS" start="2024-06-29T22:15:04.227883" elapsed="0.001749"/>
</kw>
<status status="PASS" start="2024-06-29T22:15:04.227219" elapsed="0.002608"/>
</test>
<test id="s1-s1-t2" name="Validar retorno 200 e JSON Válido" line="16">
<kw name="Teste de Requisicao Basica" owner="random-user-service">
<kw name="GET On Session" owner="RequestsLibrary">
<msg time="2024-06-29T22:15:04.404585" level="INFO">GET Request : url=https://randomuser.me/api 
 path_url=/api 
 headers={'User-Agent': 'python-requests/2.32.3', 'Accept-Encoding': 'gzip, deflate', 'Accept': '*/*', 'Connection': 'keep-alive'} 
 body=None 
 </msg>
<msg time="2024-06-29T22:15:04.404735" level="INFO">GET Response : url=https://randomuser.me/api 
 status=200, reason=OK 
 headers={'Date': 'Sat, 29 Jun 2024 22:15:04 GMT', 'Content-Type': 'application/json; charset=utf-8', 'Transfer-Encoding': 'chunked', 'Connection': 'keep-alive', 'X-Powered-By': 'Express', 'Access-Control-Allow-Origin': '*', 'Cache-Control': 'no-cache', 'ETag': 'W/"478-7F6D7O7uUlPSlCjsdcI/A5Z8a5M"', 'Vary': 'Accept-Encoding', 'Content-Encoding': 'gzip', 'CF-Cache-Status': 'DYNAMIC', 'Report-To': '{"endpoints":[{"url":"https:\\/\\/a.nel.cloudflare.com\\/report\\/v4?s=LAq4DrjzKE3VdX5oxBUqfPPiDUwc6ZZ7eC1CPn1EI92bnfjWyxwvJxISuiyXkYYD%2BxwgANAmtMu8Ey2vEoexu%2BUTFhm4ps08RrNTyp1CEta6KmiogOF0WrcWd%2FG8czxl"}],"group":"cf-nel","max_age":604800}', 'NEL': '{"success_fraction":0,"report_to":"cf-nel","max_age":604800}', 'Server': 'cloudflare', 'CF-RAY': '89b945ec595e57c6-IAD', 'alt-svc': 'h3=":443"; ma=86400'} 
 body={"results":[{"gender":"male","name":{"title":"Mr","first":"Indrajit","last":"Saniel"},"location":{"street":{"number":9806,"name":"Linking Rd"},"city":"Bhavnagar","state":"Rajasthan","country":"India","postcode":92152,"coordinates":{"latitude":"10.1702","longitude":"-159.9067"},"timezone":{"offset":"+9:30","description":"Adelaide, Darwin"}},"email":"indrajit.saniel@example.com","login":{"uuid":"7cef72de-bb3f-4907-8b70-365538329094","username":"lazybird324","password":"pretty","salt":"TRm7KdCI","md5":"e7e1cfd7982fff9425b900b5825f459d","sha1":"662ed6aa3b4b85b0175e28ee359d084de35cdeda","sha256":"258b82d9af694eac0566dd63a0267826ea22682028b72991a61942b204e89f09"},"dob":{"date":"1967-11-05T04:48:17.815Z","age":56},"registered":{"date":"2009-04-16T15:48:03.554Z","age":15},"phone":"7521505226","cell":"8750703443","id":{"name":"UIDAI","value":"335849313705"},"picture":{"large":"https://randomuser.me/api/portraits/men/33.jpg","medium":"https://randomuser.me/api/portraits/med/men/33.jpg","thumbnail":"https://randomuser.me/api/portraits/thumb/men/33.jpg"},"nat":"IN"}],"info":{"seed":"d8e51411bf567e3c","results":1,"page":1,"version":"1.4"}} 
 </msg>
<msg time="2024-06-29T22:15:04.404815" level="INFO">/opt/hostedtoolcache/Python/3.12.4/x64/lib/python3.12/site-packages/urllib3/connectionpool.py:1099: InsecureRequestWarning: Unverified HTTPS request is being made to host 'randomuser.me'. Adding certificate verification is strongly advised. See: https://urllib3.readthedocs.io/en/latest/advanced-usage.html#tls-warnings
  warnings.warn(</msg>
<msg time="2024-06-29T22:15:04.404968" level="INFO">${response} = &lt;Response [200]&gt;</msg>
<var>${response}</var>
<arg>consultarAPI</arg>
<arg>/api</arg>
<doc>Sends a GET request on a previously created HTTP Session.</doc>
<status status="PASS" start="2024-06-29T22:15:04.232423" elapsed="0.172588"/>
</kw>
<kw name="Should Be Equal As Numbers" owner="BuiltIn">
<msg time="2024-06-29T22:15:04.406201" level="INFO">Argument types are:
&lt;class 'int'&gt;
&lt;class 'str'&gt;</msg>
<arg>${response.status_code}</arg>
<arg>200</arg>
<doc>Fails if objects are unequal after converting them to real numbers.</doc>
<status status="PASS" start="2024-06-29T22:15:04.405655" elapsed="0.000614"/>
</kw>
<kw name="Log" owner="BuiltIn">
<msg time="2024-06-29T22:15:04.406942" level="INFO">200</msg>
<arg>${response.status_code}</arg>
<doc>Logs the given message with the given level.</doc>
<status status="PASS" start="2024-06-29T22:15:04.406590" elapsed="0.000396"/>
</kw>
<kw name="Set Variable" owner="BuiltIn">
<msg time="2024-06-29T22:15:04.407769" level="INFO">${json_data} = {'results': [{'gender': 'male', 'name': {'title': 'Mr', 'first': 'Indrajit', 'last': 'Saniel'}, 'location': {'street': {'number': 9806, 'name': 'Linking Rd'}, 'city': 'Bhavnagar', 'state': 'Rajasthan'...</msg>
<var>${json_data}</var>
<arg>${response.json()}</arg>
<doc>Returns the given values which can then be assigned to a variables.</doc>
<status status="PASS" start="2024-06-29T22:15:04.407325" elapsed="0.000473"/>
</kw>
<kw name="Dictionary Should Contain Key" owner="Collections">
<arg>${json_data}</arg>
<arg>results</arg>
<doc>Fails if ``key`` is not found from ``dictionary``.</doc>
<status status="PASS" start="2024-06-29T22:15:04.408099" elapsed="0.000171"/>
</kw>
<status status="PASS" start="2024-06-29T22:15:04.232174" elapsed="0.176249"/>
</kw>
<doc>Testa se a API responde corretamente e retorna um objeto JSON válido.</doc>
<tag>testeRequisicaoBasica</tag>
<status status="PASS" start="2024-06-29T22:15:04.231724" elapsed="0.176879"/>
</test>
<test id="s1-s1-t3" name="Validar estrutura de resposta" line="22">
<kw name="Teste de Estrutura de Resposta" owner="random-user-service">
<kw name="GET On Session" owner="RequestsLibrary">
<msg time="2024-06-29T22:15:04.508849" level="INFO">GET Request : url=https://randomuser.me/api 
 path_url=/api 
 headers={'User-Agent': 'python-requests/2.32.3', 'Accept-Encoding': 'gzip, deflate', 'Accept': '*/*', 'Connection': 'keep-alive'} 
 body=None 
 </msg>
<msg time="2024-06-29T22:15:04.508953" level="INFO">GET Response : url=https://randomuser.me/api 
 status=200, reason=OK 
 headers={'Date': 'Sat, 29 Jun 2024 22:15:04 GMT', 'Content-Type': 'application/json; charset=utf-8', 'Transfer-Encoding': 'chunked', 'Connection': 'keep-alive', 'X-Powered-By': 'Express', 'Access-Control-Allow-Origin': '*', 'Cache-Control': 'no-cache', 'ETag': 'W/"487-cYjIBVMYjDyXOJ9QL9f5dnEseTs"', 'Vary': 'Accept-Encoding', 'Content-Encoding': 'gzip', 'CF-Cache-Status': 'DYNAMIC', 'Report-To': '{"endpoints":[{"url":"https:\\/\\/a.nel.cloudflare.com\\/report\\/v4?s=tJSaV3ORwl2oI4uW4W4FDfn0C8bcEBcKroH6NvluUkT2AHtHc8JQmQTU4Ch69MB1yVqfjOp1Jc2LzAePHGzdj5OaymEet3tXml0Ly9GGS4xKkkUJKWOkT0q1Mxcg7iGc"}],"group":"cf-nel","max_age":604800}', 'NEL': '{"success_fraction":0,"report_to":"cf-nel","max_age":604800}', 'Server': 'cloudflare', 'CF-RAY': '89b945ec998757c6-IAD', 'alt-svc': 'h3=":443"; ma=86400'} 
 body={"results":[{"gender":"female","name":{"title":"Miss","first":"Tejaswi","last":"Kamath"},"location":{"street":{"number":1135,"name":"Kazimar St"},"city":"Kochi","state":"Puducherry","country":"India","postcode":93748,"coordinates":{"latitude":"10.5686","longitude":"79.7656"},"timezone":{"offset":"+2:00","description":"Kaliningrad, South Africa"}},"email":"tejaswi.kamath@example.com","login":{"uuid":"e648168c-e32c-4749-805a-7adf8bef8c9e","username":"redladybug686","password":"eternity","salt":"oiUCqMXd","md5":"7bdacd12221770c34b6baed0663717b6","sha1":"4b12b5cb682f25fba2321fa4853d0021e5c8845b","sha256":"8badeee19d0cd6224433017cd76d14c912a28ed72791d489ff7822ac7028ab41"},"dob":{"date":"1992-10-02T01:11:30.664Z","age":31},"registered":{"date":"2022-02-13T15:42:23.413Z","age":2},"phone":"9995768089","cell":"7573770735","id":{"name":"UIDAI","value":"992972753633"},"picture":{"large":"https://randomuser.me/api/portraits/women/50.jpg","medium":"https://randomuser.me/api/portraits/med/women/50.jpg","thumbnail":"https://randomuser.me/api/portraits/thumb/women/50.jpg"},"nat":"IN"}],"info":{"seed":"d6df1fcd82ce9f97","results":1,"page":1,"version":"1.4"}} 
 </msg>
<msg time="2024-06-29T22:15:04.509087" level="INFO">/opt/hostedtoolcache/Python/3.12.4/x64/lib/python3.12/site-packages/urllib3/connectionpool.py:1099: InsecureRequestWarning: Unverified HTTPS request is being made to host 'randomuser.me'. Adding certificate verification is strongly advised. See: https://urllib3.readthedocs.io/en/latest/advanced-usage.html#tls-warnings
  warnings.warn(</msg>
<msg time="2024-06-29T22:15:04.509216" level="INFO">${response} = &lt;Response [200]&gt;</msg>
<var>${response}</var>
<arg>consultarAPI</arg>
<arg>/api</arg>
<doc>Sends a GET request on a previously created HTTP Session.</doc>
<status status="PASS" start="2024-06-29T22:15:04.411374" elapsed="0.097987"/>
</kw>
<kw name="Set Variable" owner="BuiltIn">
<msg time="2024-06-29T22:15:04.510390" level="INFO">${json_data} = {'results': [{'gender': 'female', 'name': {'title': 'Miss', 'first': 'Tejaswi', 'last': 'Kamath'}, 'location': {'street': {'number': 1135, 'name': 'Kazimar St'}, 'city': 'Kochi', 'state': 'Puducherry'...</msg>
<var>${json_data}</var>
<arg>${response.json()}</arg>
<doc>Returns the given values which can then be assigned to a variables.</doc>
<status status="PASS" start="2024-06-29T22:15:04.509859" elapsed="0.000560"/>
</kw>
<kw name="Log" owner="BuiltIn">
<msg time="2024-06-29T22:15:04.510889" level="INFO">{'results': [{'gender': 'female', 'name': {'title': 'Miss', 'first': 'Tejaswi', 'last': 'Kamath'}, 'location': {'street': {'number': 1135, 'name': 'Kazimar St'}, 'city': 'Kochi', 'state': 'Puducherry', 'country': 'India', 'postcode': 93748, 'coordinates': {'latitude': '10.5686', 'longitude': '79.7656'}, 'timezone': {'offset': '+2:00', 'description': 'Kaliningrad, South Africa'}}, 'email': 'tejaswi.kamath@example.com', 'login': {'uuid': 'e648168c-e32c-4749-805a-7adf8bef8c9e', 'username': 'redladybug686', 'password': 'eternity', 'salt': 'oiUCqMXd', 'md5': '7bdacd12221770c34b6baed0663717b6', 'sha1': '4b12b5cb682f25fba2321fa4853d0021e5c8845b', 'sha256': '8badeee19d0cd6224433017cd76d14c912a28ed72791d489ff7822ac7028ab41'}, 'dob': {'date': '1992-10-02T01:11:30.664Z', 'age': 31}, 'registered': {'date': '2022-02-13T15:42:23.413Z', 'age': 2}, 'phone': '9995768089', 'cell': '7573770735', 'id': {'name': 'UIDAI', 'value': '992972753633'}, 'picture': {'large': 'https://randomuser.me/api/portraits/women/50.jpg', 'medium': 'https://randomuser.me/api/portraits/med/women/50.jpg', 'thumbnail': 'https://randomuser.me/api/portraits/thumb/women/50.jpg'}, 'nat': 'IN'}], 'info': {'seed': 'd6df1fcd82ce9f97', 'results': 1, 'page': 1, 'version': '1.4'}}</msg>
<arg>${json_data}</arg>
<doc>Logs the given message with the given level.</doc>
<status status="PASS" start="2024-06-29T22:15:04.510729" elapsed="0.000209"/>
</kw>
<kw name="Dictionary Should Contain Key" owner="Collections">
<arg>${json_data}</arg>
<arg>results</arg>
<doc>Fails if ``key`` is not found from ``dictionary``.</doc>
<status status="PASS" start="2024-06-29T22:15:04.511260" elapsed="0.000171"/>
</kw>
<kw name="Should Not Be Empty" owner="BuiltIn">
<msg time="2024-06-29T22:15:04.511745" level="INFO">Length is 2.</msg>
<arg>${json_data}</arg>
<doc>Verifies that the given item is not empty.</doc>
<status status="PASS" start="2024-06-29T22:15:04.511619" elapsed="0.000165"/>
</kw>
<kw name="Create List" owner="BuiltIn">
<msg time="2024-06-29T22:15:04.512235" level="INFO">${expected_keys} = ['gender', 'name', 'location', 'email', 'login']</msg>
<var>${expected_keys}</var>
<arg>gender</arg>
<arg>name</arg>
<arg>location</arg>
<arg>email</arg>
<arg>login</arg>
<doc>Returns a list containing given items.</doc>
<status status="PASS" start="2024-06-29T22:15:04.512082" elapsed="0.000178"/>
</kw>
<for flavor="IN">
<iter>
<kw name="Dictionary Should Contain Key" owner="Collections">
<arg>${json_data['results'][0]}</arg>
<arg>${key}</arg>
<doc>Fails if ``key`` is not found from ``dictionary``.</doc>
<status status="PASS" start="2024-06-29T22:15:04.513021" elapsed="0.000416"/>
</kw>
<kw name="Log" owner="BuiltIn">
<msg time="2024-06-29T22:15:04.513994" level="INFO">{'gender': 'female', 'name': {'title': 'Miss', 'first': 'Tejaswi', 'last': 'Kamath'}, 'location': {'street': {'number': 1135, 'name': 'Kazimar St'}, 'city': 'Kochi', 'state': 'Puducherry', 'country': 'India', 'postcode': 93748, 'coordinates': {'latitude': '10.5686', 'longitude': '79.7656'}, 'timezone': {'offset': '+2:00', 'description': 'Kaliningrad, South Africa'}}, 'email': 'tejaswi.kamath@example.com', 'login': {'uuid': 'e648168c-e32c-4749-805a-7adf8bef8c9e', 'username': 'redladybug686', 'password': 'eternity', 'salt': 'oiUCqMXd', 'md5': '7bdacd12221770c34b6baed0663717b6', 'sha1': '4b12b5cb682f25fba2321fa4853d0021e5c8845b', 'sha256': '8badeee19d0cd6224433017cd76d14c912a28ed72791d489ff7822ac7028ab41'}, 'dob': {'date': '1992-10-02T01:11:30.664Z', 'age': 31}, 'registered': {'date': '2022-02-13T15:42:23.413Z', 'age': 2}, 'phone': '9995768089', 'cell': '7573770735', 'id': {'name': 'UIDAI', 'value': '992972753633'}, 'picture': {'large': 'https://randomuser.me/api/portraits/women/50.jpg', 'medium': 'https://randomuser.me/api/portraits/med/women/50.jpg', 'thumbnail': 'https://randomuser.me/api/portraits/thumb/women/50.jpg'}, 'nat': 'IN'}</msg>
<arg>${json_data['results'][0]}</arg>
<doc>Logs the given message with the given level.</doc>
<status status="PASS" start="2024-06-29T22:15:04.513630" elapsed="0.000413"/>
</kw>
<kw name="Log" owner="BuiltIn">
<msg time="2024-06-29T22:15:04.514480" level="INFO">gender</msg>
<arg>${key}</arg>
<doc>Logs the given message with the given level.</doc>
<status status="PASS" start="2024-06-29T22:15:04.514347" elapsed="0.000172"/>
</kw>
<var name="${key}">gender</var>
<status status="PASS" start="2024-06-29T22:15:04.512895" elapsed="0.001849"/>
</iter>
<iter>
<kw name="Dictionary Should Contain Key" owner="Collections">
<arg>${json_data['results'][0]}</arg>
<arg>${key}</arg>
<doc>Fails if ``key`` is not found from ``dictionary``.</doc>
<status status="PASS" start="2024-06-29T22:15:04.515052" elapsed="0.000424"/>
</kw>
<kw name="Log" owner="BuiltIn">
<msg time="2024-06-29T22:15:04.516018" level="INFO">{'gender': 'female', 'name': {'title': 'Miss', 'first': 'Tejaswi', 'last': 'Kamath'}, 'location': {'street': {'number': 1135, 'name': 'Kazimar St'}, 'city': 'Kochi', 'state': 'Puducherry', 'country': 'India', 'postcode': 93748, 'coordinates': {'latitude': '10.5686', 'longitude': '79.7656'}, 'timezone': {'offset': '+2:00', 'description': 'Kaliningrad, South Africa'}}, 'email': 'tejaswi.kamath@example.com', 'login': {'uuid': 'e648168c-e32c-4749-805a-7adf8bef8c9e', 'username': 'redladybug686', 'password': 'eternity', 'salt': 'oiUCqMXd', 'md5': '7bdacd12221770c34b6baed0663717b6', 'sha1': '4b12b5cb682f25fba2321fa4853d0021e5c8845b', 'sha256': '8badeee19d0cd6224433017cd76d14c912a28ed72791d489ff7822ac7028ab41'}, 'dob': {'date': '1992-10-02T01:11:30.664Z', 'age': 31}, 'registered': {'date': '2022-02-13T15:42:23.413Z', 'age': 2}, 'phone': '9995768089', 'cell': '7573770735', 'id': {'name': 'UIDAI', 'value': '992972753633'}, 'picture': {'large': 'https://randomuser.me/api/portraits/women/50.jpg', 'medium': 'https://randomuser.me/api/portraits/med/women/50.jpg', 'thumbnail': 'https://randomuser.me/api/portraits/thumb/women/50.jpg'}, 'nat': 'IN'}</msg>
<arg>${json_data['results'][0]}</arg>
<doc>Logs the given message with the given level.</doc>
<status status="PASS" start="2024-06-29T22:15:04.515661" elapsed="0.000437"/>
</kw>
<kw name="Log" owner="BuiltIn">
<msg time="2024-06-29T22:15:04.516540" level="INFO">name</msg>
<arg>${key}</arg>
<doc>Logs the given message with the given level.</doc>
<status status="PASS" start="2024-06-29T22:15:04.516409" elapsed="0.000169"/>
</kw>
<var name="${key}">name</var>
<status status="PASS" start="2024-06-29T22:15:04.514938" elapsed="0.001862"/>
</iter>
<iter>
<kw name="Dictionary Should Contain Key" owner="Collections">
<arg>${json_data['results'][0]}</arg>
<arg>${key}</arg>
<doc>Fails if ``key`` is not found from ``dictionary``.</doc>
<status status="PASS" start="2024-06-29T22:15:04.517089" elapsed="0.000379"/>
</kw>
<kw name="Log" owner="BuiltIn">
<msg time="2024-06-29T22:15:04.517998" level="INFO">{'gender': 'female', 'name': {'title': 'Miss', 'first': 'Tejaswi', 'last': 'Kamath'}, 'location': {'street': {'number': 1135, 'name': 'Kazimar St'}, 'city': 'Kochi', 'state': 'Puducherry', 'country': 'India', 'postcode': 93748, 'coordinates': {'latitude': '10.5686', 'longitude': '79.7656'}, 'timezone': {'offset': '+2:00', 'description': 'Kaliningrad, South Africa'}}, 'email': 'tejaswi.kamath@example.com', 'login': {'uuid': 'e648168c-e32c-4749-805a-7adf8bef8c9e', 'username': 'redladybug686', 'password': 'eternity', 'salt': 'oiUCqMXd', 'md5': '7bdacd12221770c34b6baed0663717b6', 'sha1': '4b12b5cb682f25fba2321fa4853d0021e5c8845b', 'sha256': '8badeee19d0cd6224433017cd76d14c912a28ed72791d489ff7822ac7028ab41'}, 'dob': {'date': '1992-10-02T01:11:30.664Z', 'age': 31}, 'registered': {'date': '2022-02-13T15:42:23.413Z', 'age': 2}, 'phone': '9995768089', 'cell': '7573770735', 'id': {'name': 'UIDAI', 'value': '992972753633'}, 'picture': {'large': 'https://randomuser.me/api/portraits/women/50.jpg', 'medium': 'https://randomuser.me/api/portraits/med/women/50.jpg', 'thumbnail': 'https://randomuser.me/api/portraits/thumb/women/50.jpg'}, 'nat': 'IN'}</msg>
<arg>${json_data['results'][0]}</arg>
<doc>Logs the given message with the given level.</doc>
<status status="PASS" start="2024-06-29T22:15:04.517651" elapsed="0.000395"/>
</kw>
<kw name="Log" owner="BuiltIn">
<msg time="2024-06-29T22:15:04.518472" level="INFO">location</msg>
<arg>${key}</arg>
<doc>Logs the given message with the given level.</doc>
<status status="PASS" start="2024-06-29T22:15:04.518343" elapsed="0.000167"/>
</kw>
<var name="${key}">location</var>
<status status="PASS" start="2024-06-29T22:15:04.516980" elapsed="0.001750"/>
</iter>
<iter>
<kw name="Dictionary Should Contain Key" owner="Collections">
<arg>${json_data['results'][0]}</arg>
<arg>${key}</arg>
<doc>Fails if ``key`` is not found from ``dictionary``.</doc>
<status status="PASS" start="2024-06-29T22:15:04.519011" elapsed="0.000406"/>
</kw>
<kw name="Log" owner="BuiltIn">
<msg time="2024-06-29T22:15:04.519963" level="INFO">{'gender': 'female', 'name': {'title': 'Miss', 'first': 'Tejaswi', 'last': 'Kamath'}, 'location': {'street': {'number': 1135, 'name': 'Kazimar St'}, 'city': 'Kochi', 'state': 'Puducherry', 'country': 'India', 'postcode': 93748, 'coordinates': {'latitude': '10.5686', 'longitude': '79.7656'}, 'timezone': {'offset': '+2:00', 'description': 'Kaliningrad, South Africa'}}, 'email': 'tejaswi.kamath@example.com', 'login': {'uuid': 'e648168c-e32c-4749-805a-7adf8bef8c9e', 'username': 'redladybug686', 'password': 'eternity', 'salt': 'oiUCqMXd', 'md5': '7bdacd12221770c34b6baed0663717b6', 'sha1': '4b12b5cb682f25fba2321fa4853d0021e5c8845b', 'sha256': '8badeee19d0cd6224433017cd76d14c912a28ed72791d489ff7822ac7028ab41'}, 'dob': {'date': '1992-10-02T01:11:30.664Z', 'age': 31}, 'registered': {'date': '2022-02-13T15:42:23.413Z', 'age': 2}, 'phone': '9995768089', 'cell': '7573770735', 'id': {'name': 'UIDAI', 'value': '992972753633'}, 'picture': {'large': 'https://randomuser.me/api/portraits/women/50.jpg', 'medium': 'https://randomuser.me/api/portraits/med/women/50.jpg', 'thumbnail': 'https://randomuser.me/api/portraits/thumb/women/50.jpg'}, 'nat': 'IN'}</msg>
<arg>${json_data['results'][0]}</arg>
<doc>Logs the given message with the given level.</doc>
<status status="PASS" start="2024-06-29T22:15:04.519602" elapsed="0.000410"/>
</kw>
<kw name="Log" owner="BuiltIn">
<msg time="2024-06-29T22:15:04.520454" level="INFO">email</msg>
<arg>${key}</arg>
<doc>Logs the given message with the given level.</doc>
<status status="PASS" start="2024-06-29T22:15:04.520324" elapsed="0.000170"/>
</kw>
<var name="${key}">email</var>
<status status="PASS" start="2024-06-29T22:15:04.518903" elapsed="0.001828"/>
</iter>
<iter>
<kw name="Dictionary Should Contain Key" owner="Collections">
<arg>${json_data['results'][0]}</arg>
<arg>${key}</arg>
<doc>Fails if ``key`` is not found from ``dictionary``.</doc>
<status status="PASS" start="2024-06-29T22:15:04.521050" elapsed="0.000433"/>
</kw>
<kw name="Log" owner="BuiltIn">
<msg time="2024-06-29T22:15:04.522057" level="INFO">{'gender': 'female', 'name': {'title': 'Miss', 'first': 'Tejaswi', 'last': 'Kamath'}, 'location': {'street': {'number': 1135, 'name': 'Kazimar St'}, 'city': 'Kochi', 'state': 'Puducherry', 'country': 'India', 'postcode': 93748, 'coordinates': {'latitude': '10.5686', 'longitude': '79.7656'}, 'timezone': {'offset': '+2:00', 'description': 'Kaliningrad, South Africa'}}, 'email': 'tejaswi.kamath@example.com', 'login': {'uuid': 'e648168c-e32c-4749-805a-7adf8bef8c9e', 'username': 'redladybug686', 'password': 'eternity', 'salt': 'oiUCqMXd', 'md5': '7bdacd12221770c34b6baed0663717b6', 'sha1': '4b12b5cb682f25fba2321fa4853d0021e5c8845b', 'sha256': '8badeee19d0cd6224433017cd76d14c912a28ed72791d489ff7822ac7028ab41'}, 'dob': {'date': '1992-10-02T01:11:30.664Z', 'age': 31}, 'registered': {'date': '2022-02-13T15:42:23.413Z', 'age': 2}, 'phone': '9995768089', 'cell': '7573770735', 'id': {'name': 'UIDAI', 'value': '992972753633'}, 'picture': {'large': 'https://randomuser.me/api/portraits/women/50.jpg', 'medium': 'https://randomuser.me/api/portraits/med/women/50.jpg', 'thumbnail': 'https://randomuser.me/api/portraits/thumb/women/50.jpg'}, 'nat': 'IN'}</msg>
<arg>${json_data['results'][0]}</arg>
<doc>Logs the given message with the given level.</doc>
<status status="PASS" start="2024-06-29T22:15:04.521685" elapsed="0.000423"/>
</kw>
<kw name="Log" owner="BuiltIn">
<msg time="2024-06-29T22:15:04.522564" level="INFO">login</msg>
<arg>${key}</arg>
<doc>Logs the given message with the given level.</doc>
<status status="PASS" start="2024-06-29T22:15:04.522433" elapsed="0.000169"/>
</kw>
<var name="${key}">login</var>
<status status="PASS" start="2024-06-29T22:15:04.520911" elapsed="0.001920"/>
</iter>
<var>${key}</var>
<value>@{expected_keys}</value>
<status status="PASS" start="2024-06-29T22:15:04.512691" elapsed="0.010262"/>
</for>
<kw name="Create List" owner="BuiltIn">
<msg time="2024-06-29T22:15:04.523346" level="INFO">${expected_keysTwo} = ['username', 'password']</msg>
<var>${expected_keysTwo}</var>
<arg>username</arg>
<arg>password</arg>
<doc>Returns a list containing given items.</doc>
<status status="PASS" start="2024-06-29T22:15:04.523155" elapsed="0.000215"/>
</kw>
<for flavor="IN">
<iter>
<kw name="Dictionary Should Contain Key" owner="Collections">
<arg>${json_data['results'][0]['login']}</arg>
<arg>${keyTwo}</arg>
<doc>Fails if ``key`` is not found from ``dictionary``.</doc>
<status status="PASS" start="2024-06-29T22:15:04.523918" elapsed="0.000388"/>
</kw>
<kw name="Dictionary Should Contain Key" owner="Collections">
<arg>${json_data['results'][0]['login']}</arg>
<arg>${keyTwo}</arg>
<doc>Fails if ``key`` is not found from ``dictionary``.</doc>
<status status="PASS" start="2024-06-29T22:15:04.524488" elapsed="0.000382"/>
</kw>
<kw name="Log" owner="BuiltIn">
<msg time="2024-06-29T22:15:04.525181" level="INFO">username</msg>
<arg>${keyTwo}</arg>
<doc>Logs the given message with the given level.</doc>
<status status="PASS" start="2024-06-29T22:15:04.525055" elapsed="0.000165"/>
</kw>
<var name="${keyTwo}">username</var>
<status status="PASS" start="2024-06-29T22:15:04.523808" elapsed="0.001636"/>
</iter>
<iter>
<kw name="Dictionary Should Contain Key" owner="Collections">
<arg>${json_data['results'][0]['login']}</arg>
<arg>${keyTwo}</arg>
<doc>Fails if ``key`` is not found from ``dictionary``.</doc>
<status status="PASS" start="2024-06-29T22:15:04.525724" elapsed="0.000384"/>
</kw>
<kw name="Dictionary Should Contain Key" owner="Collections">
<arg>${json_data['results'][0]['login']}</arg>
<arg>${keyTwo}</arg>
<doc>Fails if ``key`` is not found from ``dictionary``.</doc>
<status status="PASS" start="2024-06-29T22:15:04.526297" elapsed="0.000368"/>
</kw>
<kw name="Log" owner="BuiltIn">
<msg time="2024-06-29T22:15:04.526960" level="INFO">password</msg>
<arg>${keyTwo}</arg>
<doc>Logs the given message with the given level.</doc>
<status status="PASS" start="2024-06-29T22:15:04.526841" elapsed="0.000162"/>
</kw>
<var name="${keyTwo}">password</var>
<status status="PASS" start="2024-06-29T22:15:04.525619" elapsed="0.001628"/>
</iter>
<var>${keyTwo}</var>
<value>@{expected_keysTwo}</value>
<status status="PASS" start="2024-06-29T22:15:04.523641" elapsed="0.003731"/>
</for>
<status status="PASS" start="2024-06-29T22:15:04.411107" elapsed="0.116413"/>
</kw>
<doc>Testa a estrutura da resposta da API.</doc>
<tag>testeEstruturaResposta</tag>
<status status="PASS" start="2024-06-29T22:15:04.410484" elapsed="0.117198"/>
</test>
<test id="s1-s1-t4" name="Validar tipos de dados" line="28">
<kw name="Teste de Tipos de Dados" owner="random-user-service">
<kw name="GET On Session" owner="RequestsLibrary">
<msg time="2024-06-29T22:15:04.621042" level="INFO">GET Request : url=https://randomuser.me/api 
 path_url=/api 
 headers={'User-Agent': 'python-requests/2.32.3', 'Accept-Encoding': 'gzip, deflate', 'Accept': '*/*', 'Connection': 'keep-alive'} 
 body=None 
 </msg>
<msg time="2024-06-29T22:15:04.621146" level="INFO">GET Response : url=https://randomuser.me/api 
 status=200, reason=OK 
 headers={'Date': 'Sat, 29 Jun 2024 22:15:04 GMT', 'Content-Type': 'application/json; charset=utf-8', 'Transfer-Encoding': 'chunked', 'Connection': 'keep-alive', 'X-Powered-By': 'Express', 'Access-Control-Allow-Origin': '*', 'Cache-Control': 'no-cache', 'ETag': 'W/"4a3-yQFNYV/+s3TW3iijkJdbi7F8LGs"', 'Vary': 'Accept-Encoding', 'Content-Encoding': 'gzip', 'CF-Cache-Status': 'DYNAMIC', 'Report-To': '{"endpoints":[{"url":"https:\\/\\/a.nel.cloudflare.com\\/report\\/v4?s=HZjAD%2FFkxIUMGEAx9RQFP4UjaYmeir1twW1YYg54iHZyohCV6Cnq2eRGAfVy6WiysaPR0tdjlhmZJTbX55HRzMpMUXkBBXBabidtUOQVoAtJalrOtM9XloYPbv4Nk7gJ"}],"group":"cf-nel","max_age":604800}', 'NEL': '{"success_fraction":0,"report_to":"cf-nel","max_age":604800}', 'Server': 'cloudflare', 'CF-RAY': '89b945ed59f757c6-IAD', 'alt-svc': 'h3=":443"; ma=86400'} 
 body={"results":[{"gender":"female","name":{"title":"Mrs","first":"رونیکا","last":"یاسمی"},"location":{"street":{"number":7769,"name":"امام خمینی"},"city":"قائم‌شهر","state":"اصفهان","country":"Iran","postcode":82728,"coordinates":{"latitude":"16.4220","longitude":"68.9907"},"timezone":{"offset":"-4:00","description":"Atlantic Time (Canada), Caracas, La Paz"}},"email":"rwnykh.ysmy@example.com","login":{"uuid":"6f74c2a1-c007-4527-b750-e0c94d133b54","username":"angrywolf114","password":"elway7","salt":"aaDtkDRE","md5":"47f86422f49eb8c94eb9160919ad29b3","sha1":"31da2c58155a069a6e4e3d6df44c71b3e20c0095","sha256":"5b725c94f55775d6bf017657c2f363c0ea2601216506b7754f1f63e02d4d0bad"},"dob":{"date":"1988-10-12T13:16:51.666Z","age":35},"registered":{"date":"2014-10-24T11:59:02.723Z","age":9},"phone":"081-22732084","cell":"0965-747-2603","id":{"name":"","value":null},"picture":{"large":"https://randomuser.me/api/portraits/women/29.jpg","medium":"https://randomuser.me/api/portraits/med/women/29.jpg","thumbnail":"https://randomuser.me/api/portraits/thumb/women/29.jpg"},"nat":"IR"}],"info":{"seed":"3c567982076255d7","results":1,"page":1,"version":"1.4"}} 
 </msg>
<msg time="2024-06-29T22:15:04.621221" level="INFO">/opt/hostedtoolcache/Python/3.12.4/x64/lib/python3.12/site-packages/urllib3/connectionpool.py:1099: InsecureRequestWarning: Unverified HTTPS request is being made to host 'randomuser.me'. Adding certificate verification is strongly advised. See: https://urllib3.readthedocs.io/en/latest/advanced-usage.html#tls-warnings
  warnings.warn(</msg>
<msg time="2024-06-29T22:15:04.621340" level="INFO">${response} = &lt;Response [200]&gt;</msg>
<var>${response}</var>
<arg>consultarAPI</arg>
<arg>/api</arg>
<doc>Sends a GET request on a previously created HTTP Session.</doc>
<status status="PASS" start="2024-06-29T22:15:04.530296" elapsed="0.091085"/>
</kw>
<kw name="Set Variable" owner="BuiltIn">
<msg time="2024-06-29T22:15:04.622478" level="INFO">${json_data} = {'results': [{'gender': 'female', 'name': {'title': 'Mrs', 'first': 'رونیکا', 'last': 'یاسمی'}, 'location': {'street': {'number': 7769, 'name': 'امام خمینی'}, 'city': 'قائم\u200cشهر', 'state': 'اصفهان...</msg>
<var>${json_data}</var>
<arg>${response.json()}</arg>
<doc>Returns the given values which can then be assigned to a variables.</doc>
<status status="PASS" start="2024-06-29T22:15:04.621930" elapsed="0.000580"/>
</kw>
<kw name="Log" owner="BuiltIn">
<msg time="2024-06-29T22:15:04.623053" level="INFO">{'results': [{'gender': 'female', 'name': {'title': 'Mrs', 'first': 'رونیکا', 'last': 'یاسمی'}, 'location': {'street': {'number': 7769, 'name': 'امام خمینی'}, 'city': 'قائم\u200cشهر', 'state': 'اصفهان', 'country': 'Iran', 'postcode': 82728, 'coordinates': {'latitude': '16.4220', 'longitude': '68.9907'}, 'timezone': {'offset': '-4:00', 'description': 'Atlantic Time (Canada), Caracas, La Paz'}}, 'email': 'rwnykh.ysmy@example.com', 'login': {'uuid': '6f74c2a1-c007-4527-b750-e0c94d133b54', 'username': 'angrywolf114', 'password': 'elway7', 'salt': 'aaDtkDRE', 'md5': '47f86422f49eb8c94eb9160919ad29b3', 'sha1': '31da2c58155a069a6e4e3d6df44c71b3e20c0095', 'sha256': '5b725c94f55775d6bf017657c2f363c0ea2601216506b7754f1f63e02d4d0bad'}, 'dob': {'date': '1988-10-12T13:16:51.666Z', 'age': 35}, 'registered': {'date': '2014-10-24T11:59:02.723Z', 'age': 9}, 'phone': '081-22732084', 'cell': '0965-747-2603', 'id': {'name': '', 'value': None}, 'picture': {'large': 'https://randomuser.me/api/portraits/women/29.jpg', 'medium': 'https://randomuser.me/api/portraits/med/women/29.jpg', 'thumbnail': 'https://randomuser.me/api/portraits/thumb/women/29.jpg'}, 'nat': 'IR'}], 'info': {'seed': '3c567982076255d7', 'results': 1, 'page': 1, 'version': '1.4'}}</msg>
<arg>${json_data}</arg>
<doc>Logs the given message with the given level.</doc>
<status status="PASS" start="2024-06-29T22:15:04.622877" elapsed="0.000237"/>
</kw>
<kw name="Should Be String" owner="String">
<arg>${json_data['results'][0]['gender']}</arg>
<doc>Fails if the given ``item`` is not a string.</doc>
<status status="PASS" start="2024-06-29T22:15:04.623494" elapsed="0.000392"/>
</kw>
<kw name="Should Match Regexp" owner="BuiltIn">
<arg>${json_data['results'][0]['email']}</arg>
<arg>^[a-zA-Z0-9._%+-]+@[a-zA-Z0-9.-]+\.[a-zA-Z]{2,}$</arg>
<doc>Fails if ``string`` does not match ``pattern`` as a regular expression.</doc>
<status status="PASS" start="2024-06-29T22:15:04.624087" elapsed="0.000536"/>
</kw>
<kw name="Should Match Regexp" owner="BuiltIn">
<arg>${json_data['results'][0]['dob']['date']}</arg>
<arg>\\d{4}-\\d{2}-\\d{2}T\\d{2}:\\d{2}:\\d{2}\\.\\d{3}Z</arg>
<doc>Fails if ``string`` does not match ``pattern`` as a regular expression.</doc>
<status status="PASS" start="2024-06-29T22:15:04.624865" elapsed="0.000504"/>
</kw>
<kw name="Should Match Regexp" owner="BuiltIn">
<arg>${json_data['results'][0]['registered']['date']}</arg>
<arg>\\d{4}-\\d{2}-\\d{2}T\\d{2}:\\d{2}:\\d{2}\\.\\d{3}Z</arg>
<doc>Fails if ``string`` does not match ``pattern`` as a regular expression.</doc>
<status status="PASS" start="2024-06-29T22:15:04.625562" elapsed="0.000370"/>
</kw>
<kw name="Should Match Regexp" owner="BuiltIn">
<arg>${json_data['results'][0]['picture']['large']}</arg>
<arg>^https?://.*\.(?:png|jpe?g|gif|bmp)$</arg>
<doc>Fails if ``string`` does not match ``pattern`` as a regular expression.</doc>
<status status="PASS" start="2024-06-29T22:15:04.626121" elapsed="0.000461"/>
</kw>
<kw name="Should Match Regexp" owner="BuiltIn">
<arg>${json_data['results'][0]['picture']['medium']}</arg>
<arg>^https?://.*\.(?:png|jpe?g|gif|bmp)$</arg>
<doc>Fails if ``string`` does not match ``pattern`` as a regular expression.</doc>
<status status="PASS" start="2024-06-29T22:15:04.626771" elapsed="0.000355"/>
</kw>
<kw name="Should Match Regexp" owner="BuiltIn">
<arg>${json_data['results'][0]['picture']['thumbnail']}</arg>
<arg>^https?://.*\.(?:png|jpe?g|gif|bmp)$</arg>
<doc>Fails if ``string`` does not match ``pattern`` as a regular expression.</doc>
<status status="PASS" start="2024-06-29T22:15:04.627345" elapsed="0.000358"/>
</kw>
<kw name="Log" owner="BuiltIn">
<msg time="2024-06-29T22:15:04.628226" level="INFO">{'large': 'https://randomuser.me/api/portraits/women/29.jpg', 'medium': 'https://randomuser.me/api/portraits/med/women/29.jpg', 'thumbnail': 'https://randomuser.me/api/portraits/thumb/women/29.jpg'}</msg>
<arg>${json_data['results'][0]['picture']}</arg>
<doc>Logs the given message with the given level.</doc>
<status status="PASS" start="2024-06-29T22:15:04.627891" elapsed="0.000380"/>
</kw>
<status status="PASS" start="2024-06-29T22:15:04.530059" elapsed="0.098478"/>
</kw>
<kw name="Teste de Tipos de Dados - Postcode" owner="random-user-service">
<kw name="GET On Session" owner="RequestsLibrary">
<msg time="2024-06-29T22:15:04.705633" level="INFO">GET Request : url=https://randomuser.me/api 
 path_url=/api 
 headers={'User-Agent': 'python-requests/2.32.3', 'Accept-Encoding': 'gzip, deflate', 'Accept': '*/*', 'Connection': 'keep-alive'} 
 body=None 
 </msg>
<msg time="2024-06-29T22:15:04.705733" level="INFO">GET Response : url=https://randomuser.me/api 
 status=200, reason=OK 
 headers={'Date': 'Sat, 29 Jun 2024 22:15:04 GMT', 'Content-Type': 'application/json; charset=utf-8', 'Transfer-Encoding': 'chunked', 'Connection': 'keep-alive', 'X-Powered-By': 'Express', 'Access-Control-Allow-Origin': '*', 'Cache-Control': 'no-cache', 'ETag': 'W/"4b7-kk29NzlhNVk+ArZkbkd4pXgVfVo"', 'Vary': 'Accept-Encoding', 'Content-Encoding': 'gzip', 'CF-Cache-Status': 'DYNAMIC', 'Report-To': '{"endpoints":[{"url":"https:\\/\\/a.nel.cloudflare.com\\/report\\/v4?s=2WkOlGP4qzbQIyz8CsZhCmVzVkFgdVjpjZS4pxF%2FYmwaltrzyeYf%2BdCa4wXubFllaVHW63brpAtXbzy0DyqZKbp6BrX1%2F1qeEc1uUtJgkeS%2BU%2BpWoCS3noqHvTd5EUKA"}],"group":"cf-nel","max_age":604800}', 'NEL': '{"success_fraction":0,"report_to":"cf-nel","max_age":604800}', 'Server': 'cloudflare', 'CF-RAY': '89b945edfa4757c6-IAD', 'alt-svc': 'h3=":443"; ma=86400'} 
 body={"results":[{"gender":"female","name":{"title":"Mademoiselle","first":"Vanessa","last":"Da Silva"},"location":{"street":{"number":1917,"name":"Rue Abel-Hovelacque"},"city":"Interlaken","state":"Fribourg","country":"Switzerland","postcode":4487,"coordinates":{"latitude":"-55.9353","longitude":"90.2055"},"timezone":{"offset":"+3:00","description":"Baghdad, Riyadh, Moscow, St. Petersburg"}},"email":"vanessa.dasilva@example.com","login":{"uuid":"f2583564-906d-4dd6-bf66-94282167cec8","username":"happylion366","password":"hallo","salt":"dz221x97","md5":"cd9a9b1c9c194ff5ff72c19cd60f22ac","sha1":"c86551ef1ad27ef421ae2c029950b722d0b00e7a","sha256":"349201fffb07dd764246ad3cde7574134b684c1d7683466f402241f51df5f080"},"dob":{"date":"1952-04-06T20:08:02.002Z","age":72},"registered":{"date":"2012-05-06T12:29:30.663Z","age":12},"phone":"077 787 56 63","cell":"075 030 47 24","id":{"name":"AVS","value":"756.8000.1547.95"},"picture":{"large":"https://randomuser.me/api/portraits/women/13.jpg","medium":"https://randomuser.me/api/portraits/med/women/13.jpg","thumbnail":"https://randomuser.me/api/portraits/thumb/women/13.jpg"},"nat":"CH"}],"info":{"seed":"7fe52e50e3b14036","results":1,"page":1,"version":"1.4"}} 
 </msg>
<msg time="2024-06-29T22:15:04.705809" level="INFO">/opt/hostedtoolcache/Python/3.12.4/x64/lib/python3.12/site-packages/urllib3/connectionpool.py:1099: InsecureRequestWarning: Unverified HTTPS request is being made to host 'randomuser.me'. Adding certificate verification is strongly advised. See: https://urllib3.readthedocs.io/en/latest/advanced-usage.html#tls-warnings
  warnings.warn(</msg>
<msg time="2024-06-29T22:15:04.705942" level="INFO">${response} = &lt;Response [200]&gt;</msg>
<var>${response}</var>
<arg>consultarAPI</arg>
<arg>/api</arg>
<doc>Sends a GET request on a previously created HTTP Session.</doc>
<status status="PASS" start="2024-06-29T22:15:04.629018" elapsed="0.076973"/>
</kw>
<kw name="Set Variable" owner="BuiltIn">
<msg time="2024-06-29T22:15:04.707079" level="INFO">${json_data} = {'results': [{'gender': 'female', 'name': {'title': 'Mademoiselle', 'first': 'Vanessa', 'last': 'Da Silva'}, 'location': {'street': {'number': 1917, 'name': 'Rue Abel-Hovelacque'}, 'city': 'Interlaken...</msg>
<var>${json_data}</var>
<arg>${response.json()}</arg>
<doc>Returns the given values which can then be assigned to a variables.</doc>
<status status="PASS" start="2024-06-29T22:15:04.706555" elapsed="0.000553"/>
</kw>
<kw name="Log" owner="BuiltIn">
<msg time="2024-06-29T22:15:04.707673" level="INFO">{'results': [{'gender': 'female', 'name': {'title': 'Mademoiselle', 'first': 'Vanessa', 'last': 'Da Silva'}, 'location': {'street': {'number': 1917, 'name': 'Rue Abel-Hovelacque'}, 'city': 'Interlaken', 'state': 'Fribourg', 'country': 'Switzerland', 'postcode': 4487, 'coordinates': {'latitude': '-55.9353', 'longitude': '90.2055'}, 'timezone': {'offset': '+3:00', 'description': 'Baghdad, Riyadh, Moscow, St. Petersburg'}}, 'email': 'vanessa.dasilva@example.com', 'login': {'uuid': 'f2583564-906d-4dd6-bf66-94282167cec8', 'username': 'happylion366', 'password': 'hallo', 'salt': 'dz221x97', 'md5': 'cd9a9b1c9c194ff5ff72c19cd60f22ac', 'sha1': 'c86551ef1ad27ef421ae2c029950b722d0b00e7a', 'sha256': '349201fffb07dd764246ad3cde7574134b684c1d7683466f402241f51df5f080'}, 'dob': {'date': '1952-04-06T20:08:02.002Z', 'age': 72}, 'registered': {'date': '2012-05-06T12:29:30.663Z', 'age': 12}, 'phone': '077 787 56 63', 'cell': '075 030 47 24', 'id': {'name': 'AVS', 'value': '756.8000.1547.95'}, 'picture': {'large': 'https://randomuser.me/api/portraits/women/13.jpg', 'medium': 'https://randomuser.me/api/portraits/med/women/13.jpg', 'thumbnail': 'https://randomuser.me/api/portraits/thumb/women/13.jpg'}, 'nat': 'CH'}], 'info': {'seed': '7fe52e50e3b14036', 'results': 1, 'page': 1, 'version': '1.4'}}</msg>
<arg>${json_data}</arg>
<doc>Logs the given message with the given level.</doc>
<status status="PASS" start="2024-06-29T22:15:04.707489" elapsed="0.000234"/>
</kw>
<kw name="Should Be Equal As Numbers" owner="BuiltIn">
<arg>${json_data['results'][0]['location']['postcode']}</arg>
<arg>${json_data['results'][0]['location']['postcode']}</arg>
<doc>Fails if objects are unequal after converting them to real numbers.</doc>
<status status="PASS" start="2024-06-29T22:15:04.708036" elapsed="0.000657"/>
</kw>
<kw name="Log" owner="BuiltIn">
<msg time="2024-06-29T22:15:04.709234" level="INFO">4487</msg>
<arg>${json_data['results'][0]['location']['postcode']}</arg>
<doc>Logs the given message with the given level.</doc>
<status status="PASS" start="2024-06-29T22:15:04.708891" elapsed="0.000421"/>
</kw>
<status status="PASS" start="2024-06-29T22:15:04.628782" elapsed="0.080790"/>
</kw>
<doc>Testa se os tipos de dados na resposta da API estão corretos.</doc>
<tag>testeTiposDados</tag>
<status status="PASS" start="2024-06-29T22:15:04.529466" elapsed="0.180276"/>
</test>
<test id="s1-s1-t5" name="Validar conteudo" line="35">
<kw name="Teste de Tipos de Conteudo" owner="random-user-service">
<kw name="GET On Session" owner="RequestsLibrary">
<msg time="2024-06-29T22:15:04.816762" level="INFO">GET Request : url=https://randomuser.me/api 
 path_url=/api 
 headers={'User-Agent': 'python-requests/2.32.3', 'Accept-Encoding': 'gzip, deflate', 'Accept': '*/*', 'Connection': 'keep-alive'} 
 body=None 
 </msg>
<msg time="2024-06-29T22:15:04.816871" level="INFO">GET Response : url=https://randomuser.me/api 
 status=200, reason=OK 
 headers={'Date': 'Sat, 29 Jun 2024 22:15:04 GMT', 'Content-Type': 'application/json; charset=utf-8', 'Transfer-Encoding': 'chunked', 'Connection': 'keep-alive', 'X-Powered-By': 'Express', 'Access-Control-Allow-Origin': '*', 'Cache-Control': 'no-cache', 'ETag': 'W/"481-GsfJxGX76Eb59PWn5sGP6GqWRt8"', 'Vary': 'Accept-Encoding', 'Content-Encoding': 'gzip', 'CF-Cache-Status': 'DYNAMIC', 'Report-To': '{"endpoints":[{"url":"https:\\/\\/a.nel.cloudflare.com\\/report\\/v4?s=lBbU07P8zxVjh6T5i1wbpBZgikSWZWb39D%2FPxAbpofYoUdZzN%2Fb3aJ%2FpsfZEBTn954tJDiYHTwLruFlImqyPKkePBU0XvUiNShT4mQTCw%2BXwWHvUwLtDv2UHXwQIrVHi"}],"group":"cf-nel","max_age":604800}', 'NEL': '{"success_fraction":0,"report_to":"cf-nel","max_age":604800}', 'Server': 'cloudflare', 'CF-RAY': '89b945ee7a9657c6-IAD', 'alt-svc': 'h3=":443"; ma=86400'} 
 body={"results":[{"gender":"female","name":{"title":"Miss","first":"Tina","last":"Gakman"},"location":{"street":{"number":3069,"name":"Golinskogo"},"city":"Tatarbunari","state":"Hersonska","country":"Ukraine","postcode":97444,"coordinates":{"latitude":"74.5938","longitude":"178.4626"},"timezone":{"offset":"-8:00","description":"Pacific Time (US &amp; Canada)"}},"email":"tina.gakman@example.com","login":{"uuid":"e23244dd-f55a-4939-963c-b5afde43621e","username":"smallpanda416","password":"chippy","salt":"tuOKnKgy","md5":"458bb77d8abe7de0ba3fd7a41c1609ac","sha1":"a94cbda40da57abcf98720bd1819903f0416d070","sha256":"d5948f27a1089fcbd92f719d7da943918a92a825989b2bce9f856a49abb9f0eb"},"dob":{"date":"1981-08-02T13:14:45.219Z","age":42},"registered":{"date":"2021-10-24T06:52:16.565Z","age":2},"phone":"(099) H13-1190","cell":"(098) K44-7861","id":{"name":"","value":null},"picture":{"large":"https://randomuser.me/api/portraits/women/81.jpg","medium":"https://randomuser.me/api/portraits/med/women/81.jpg","thumbnail":"https://randomuser.me/api/portraits/thumb/women/81.jpg"},"nat":"UA"}],"info":{"seed":"3588439c167d2792","results":1,"page":1,"version":"1.4"}} 
 </msg>
<msg time="2024-06-29T22:15:04.816969" level="INFO">/opt/hostedtoolcache/Python/3.12.4/x64/lib/python3.12/site-packages/urllib3/connectionpool.py:1099: InsecureRequestWarning: Unverified HTTPS request is being made to host 'randomuser.me'. Adding certificate verification is strongly advised. See: https://urllib3.readthedocs.io/en/latest/advanced-usage.html#tls-warnings
  warnings.warn(</msg>
<msg time="2024-06-29T22:15:04.817108" level="INFO">${response} = &lt;Response [200]&gt;</msg>
<var>${response}</var>
<arg>consultarAPI</arg>
<arg>/api</arg>
<doc>Sends a GET request on a previously created HTTP Session.</doc>
<status status="PASS" start="2024-06-29T22:15:04.712561" elapsed="0.104598"/>
</kw>
<kw name="Set Variable" owner="BuiltIn">
<msg time="2024-06-29T22:15:04.818372" level="INFO">${json_data} = {'results': [{'gender': 'female', 'name': {'title': 'Miss', 'first': 'Tina', 'last': 'Gakman'}, 'location': {'street': {'number': 3069, 'name': 'Golinskogo'}, 'city': 'Tatarbunari', 'state': 'Hersonsk...</msg>
<var>${json_data}</var>
<arg>${response.json()}</arg>
<doc>Returns the given values which can then be assigned to a variables.</doc>
<status status="PASS" start="2024-06-29T22:15:04.817801" elapsed="0.000601"/>
</kw>
<kw name="Set Variable" owner="BuiltIn">
<msg time="2024-06-29T22:15:04.819105" level="INFO">${name_title} = Miss</msg>
<var>${name_title}</var>
<arg>${json_data["results"][0]["name"]["title"]}</arg>
<doc>Returns the given values which can then be assigned to a variables.</doc>
<status status="PASS" start="2024-06-29T22:15:04.818716" elapsed="0.000415"/>
</kw>
<kw name="Create List" owner="BuiltIn">
<msg time="2024-06-29T22:15:04.819625" level="INFO">${allowed_titles} = ['Mr', 'Ms', 'Miss', 'Mrs', 'Madame', 'Monsieur']</msg>
<var>${allowed_titles}</var>
<arg>Mr</arg>
<arg>Ms</arg>
<arg>Miss</arg>
<arg>Mrs</arg>
<arg>Madame</arg>
<arg>Monsieur</arg>
<doc>Returns a list containing given items.</doc>
<status status="PASS" start="2024-06-29T22:15:04.819475" elapsed="0.000175"/>
</kw>
<kw name="List Should Contain Value" owner="Collections">
<arg>${allowed_titles}</arg>
<arg>${name_title}</arg>
<doc>Fails if the ``value`` is not found from ``list``.</doc>
<status status="PASS" start="2024-06-29T22:15:04.819946" elapsed="0.000177"/>
</kw>
<kw name="Set Variable" owner="BuiltIn">
<msg time="2024-06-29T22:15:04.820721" level="INFO">${name_country} = UA</msg>
<var>${name_country}</var>
<arg>${json_data["results"][0]["nat"]}</arg>
<doc>Returns the given values which can then be assigned to a variables.</doc>
<status status="PASS" start="2024-06-29T22:15:04.820302" elapsed="0.000454"/>
</kw>
<kw name="Create List" owner="BuiltIn">
<msg time="2024-06-29T22:15:04.821790" level="INFO">${list_country} = ['AD', 'AE', 'AF', 'AG', 'AI', 'AL', 'AM', 'AO', 'AQ', 'AR', 'AS', 'AT', 'AU', 'AW', 'AX', 'AZ', 'BA', 'BB', 'BD', 'BE', 'BF', 'BG', 'BH', 'BI', 'BJ', 'BL', 'BM', 'BN', 'BO', 'BQ', 'BR', 'BS', 'BT', '...</msg>
<var>${list_country}</var>
<arg>AD</arg>
<arg>AE</arg>
<arg>AF</arg>
<arg>AG</arg>
<arg>AI</arg>
<arg>AL</arg>
<arg>AM</arg>
<arg>AO</arg>
<arg>AQ</arg>
<arg>AR</arg>
<arg>AS</arg>
<arg>AT</arg>
<arg>AU</arg>
<arg>AW</arg>
<arg>AX</arg>
<arg>AZ</arg>
<arg>BA</arg>
<arg>BB</arg>
<arg>BD</arg>
<arg>BE</arg>
<arg>BF</arg>
<arg>BG</arg>
<arg>BH</arg>
<arg>BI</arg>
<arg>BJ</arg>
<arg>BL</arg>
<arg>BM</arg>
<arg>BN</arg>
<arg>BO</arg>
<arg>BQ</arg>
<arg>BR</arg>
<arg>BS</arg>
<arg>BT</arg>
<arg>BV</arg>
<arg>BW</arg>
<arg>BY</arg>
<arg>BZ</arg>
<arg>CA</arg>
<arg>CC</arg>
<arg>CD</arg>
<arg>CF</arg>
<arg>CG</arg>
<arg>CH</arg>
<arg>CI</arg>
<arg>CK</arg>
<arg>CL</arg>
<arg>CM</arg>
<arg>CN</arg>
<arg>CO</arg>
<arg>CR</arg>
<arg>CU</arg>
<arg>CV</arg>
<arg>CW</arg>
<arg>CX</arg>
<arg>CY</arg>
<arg>CZ</arg>
<arg>DE</arg>
<arg>DJ</arg>
<arg>DK</arg>
<arg>DM</arg>
<arg>DO</arg>
<arg>DZ</arg>
<arg>EC</arg>
<arg>EE</arg>
<arg>EG</arg>
<arg>EH</arg>
<arg>ER</arg>
<arg>ES</arg>
<arg>ET</arg>
<arg>FI</arg>
<arg>FJ</arg>
<arg>FK</arg>
<arg>FM</arg>
<arg>FO</arg>
<arg>FR</arg>
<arg>GA</arg>
<arg>GB</arg>
<arg>GD</arg>
<arg>GE</arg>
<arg>GF</arg>
<arg>GG</arg>
<arg>GH</arg>
<arg>GI</arg>
<arg>GL</arg>
<arg>GM</arg>
<arg>GN</arg>
<arg>GP</arg>
<arg>GQ</arg>
<arg>GR</arg>
<arg>GS</arg>
<arg>GT</arg>
<arg>GU</arg>
<arg>GW</arg>
<arg>GY</arg>
<arg>HK</arg>
<arg>HM</arg>
<arg>HN</arg>
<arg>HR</arg>
<arg>HT</arg>
<arg>HU</arg>
<arg>ID</arg>
<arg>IE</arg>
<arg>IL</arg>
<arg>IM</arg>
<arg>IN</arg>
<arg>IO</arg>
<arg>IQ</arg>
<arg>IR</arg>
<arg>IS</arg>
<arg>IT</arg>
<arg>JE</arg>
<arg>JM</arg>
<arg>JO</arg>
<arg>JP</arg>
<arg>KE</arg>
<arg>KG</arg>
<arg>KH</arg>
<arg>KI</arg>
<arg>KM</arg>
<arg>KN</arg>
<arg>KP</arg>
<arg>KR</arg>
<arg>KW</arg>
<arg>KY</arg>
<arg>KZ</arg>
<arg>LA</arg>
<arg>LB</arg>
<arg>LC</arg>
<arg>LI</arg>
<arg>LK</arg>
<arg>LR</arg>
<arg>LS</arg>
<arg>LT</arg>
<arg>LU</arg>
<arg>LV</arg>
<arg>LY</arg>
<arg>MA</arg>
<arg>MC</arg>
<arg>MD</arg>
<arg>ME</arg>
<arg>MF</arg>
<arg>MG</arg>
<arg>MH</arg>
<arg>MK</arg>
<arg>ML</arg>
<arg>MM</arg>
<arg>MN</arg>
<arg>MO</arg>
<arg>MP</arg>
<arg>MQ</arg>
<arg>MR</arg>
<arg>MS</arg>
<arg>MT</arg>
<arg>MU</arg>
<arg>MV</arg>
<arg>MW</arg>
<arg>MX</arg>
<arg>MY</arg>
<arg>MZ</arg>
<arg>NA</arg>
<arg>NC</arg>
<arg>NE</arg>
<arg>NF</arg>
<arg>NG</arg>
<arg>NI</arg>
<arg>NL</arg>
<arg>NO</arg>
<arg>NP</arg>
<arg>NR</arg>
<arg>NU</arg>
<arg>NZ</arg>
<arg>OM</arg>
<arg>PA</arg>
<arg>PE</arg>
<arg>PF</arg>
<arg>PG</arg>
<arg>PH</arg>
<arg>PK</arg>
<arg>PL</arg>
<arg>PM</arg>
<arg>PN</arg>
<arg>PR</arg>
<arg>PS</arg>
<arg>PT</arg>
<arg>PW</arg>
<arg>PY</arg>
<arg>QA</arg>
<arg>RE</arg>
<arg>RO</arg>
<arg>RS</arg>
<arg>RU</arg>
<arg>RW</arg>
<arg>SA</arg>
<arg>SB</arg>
<arg>SC</arg>
<arg>SD</arg>
<arg>SE</arg>
<arg>SG</arg>
<arg>SH</arg>
<arg>SI</arg>
<arg>SJ</arg>
<arg>SK</arg>
<arg>SL</arg>
<arg>SM</arg>
<arg>SN</arg>
<arg>SO</arg>
<arg>SR</arg>
<arg>SS</arg>
<arg>ST</arg>
<arg>SV</arg>
<arg>SX</arg>
<arg>SY</arg>
<arg>SZ</arg>
<arg>TC</arg>
<arg>TD</arg>
<arg>TF</arg>
<arg>TG</arg>
<arg>TH</arg>
<arg>TJ</arg>
<arg>TK</arg>
<arg>TL</arg>
<arg>TM</arg>
<arg>TN</arg>
<arg>TO</arg>
<arg>TR</arg>
<arg>TT</arg>
<arg>TV</arg>
<arg>TW</arg>
<arg>TZ</arg>
<arg>UA</arg>
<arg>UG</arg>
<arg>UM</arg>
<arg>US</arg>
<arg>UY</arg>
<arg>UZ</arg>
<arg>VA</arg>
<arg>VC</arg>
<arg>VE</arg>
<arg>VG</arg>
<arg>VI</arg>
<arg>VN</arg>
<arg>VU</arg>
<arg>WF</arg>
<arg>WS</arg>
<arg>XK</arg>
<arg>YE</arg>
<arg>YT</arg>
<arg>ZA</arg>
<arg>ZM</arg>
<arg>ZW</arg>
<doc>Returns a list containing given items.</doc>
<status status="PASS" start="2024-06-29T22:15:04.821116" elapsed="0.000706"/>
</kw>
<kw name="List Should Contain Value" owner="Collections">
<arg>${list_country}</arg>
<arg>${name_country}</arg>
<doc>Fails if the ``value`` is not found from ``list``.</doc>
<status status="PASS" start="2024-06-29T22:15:04.822687" elapsed="0.000243"/>
</kw>
<kw name="Run Keyword If" owner="BuiltIn">
<kw name="Should Be True" owner="BuiltIn">
<arg>${True}</arg>
<doc>Fails if the given condition is not true.</doc>
<status status="PASS" start="2024-06-29T22:15:04.824054" elapsed="0.000174"/>
</kw>
<arg>${json_data["results"][0]["location"]["coordinates"]["latitude"]} &gt;= -90 and ${json_data["results"][0]["location"]["coordinates"]["latitude"]} &lt;= 90</arg>
<arg>Should Be True</arg>
<arg>${True}</arg>
<doc>Runs the given keyword with the given arguments, if ``condition`` is true.</doc>
<status status="PASS" start="2024-06-29T22:15:04.823217" elapsed="0.001157"/>
</kw>
<kw name="Run Keyword If" owner="BuiltIn">
<kw name="Should Be True" owner="BuiltIn">
<arg>${True}</arg>
<doc>Fails if the given condition is not true.</doc>
<status status="PASS" start="2024-06-29T22:15:04.825332" elapsed="0.000158"/>
</kw>
<arg>${json_data["results"][0]["location"]["coordinates"]["longitude"]} &gt;= -180 and ${json_data["results"][0]["location"]["coordinates"]["longitude"]} &lt;= 180</arg>
<arg>Should Be True</arg>
<arg>${True}</arg>
<doc>Runs the given keyword with the given arguments, if ``condition`` is true.</doc>
<status status="PASS" start="2024-06-29T22:15:04.824575" elapsed="0.001054"/>
</kw>
<status status="PASS" start="2024-06-29T22:15:04.712165" elapsed="0.113617"/>
</kw>
<doc>Testa o conteúdo específico dos campos retornados pela API.</doc>
<tag>testeConteudo</tag>
<status status="PASS" start="2024-06-29T22:15:04.711614" elapsed="0.114333"/>
</test>
<status status="PASS" start="2024-06-29T22:15:03.881376" elapsed="0.946648"/>
</suite>
<status status="PASS" start="2024-06-29T22:15:03.866788" elapsed="0.966575"/>
</suite>
<statistics>
<total>
<stat pass="5" fail="0" skip="0">All Tests</stat>
</total>
<tag>
<stat pass="1" fail="0" skip="0">testeConteudo</stat>
<stat pass="1" fail="0" skip="0">testeEstruturaResposta</stat>
<stat pass="1" fail="0" skip="0">testeRequisicaoBasica</stat>
<stat pass="1" fail="0" skip="0">testeTiposDados</stat>
</tag>
<suite>
<stat pass="5" fail="0" skip="0" id="s1" name="Tests">Tests</stat>
<stat pass="5" fail="0" skip="0" id="s1-s1" name="Random-User-Test">Tests.Random-User-Test</stat>
</suite>
</statistics>
<errors>
</errors>
</robot>
