<?xml version="1.0" encoding="UTF-8"?>
<robot generator="Robot 7.0.1 (Python 3.12.3 on linux)" generated="2024-06-17T17:14:20.141298" rpa="false" schemaversion="5">
<suite id="s1" name="Tests" source="/home/runner/work/ApiRandomUser/ApiRandomUser/RamdonUser/tests">
<suite id="s1-s1" name="Random-User-Test" source="/home/runner/work/ApiRandomUser/ApiRandomUser/RamdonUser/tests/random-user-test.robot">
<test id="s1-s1-t1" name="Conectar" line="13">
<kw name="Conectar API" owner="random-user-service">
<kw name="Create Session" owner="RequestsLibrary">
<msg time="2024-06-17T17:14:20.528758" level="INFO">Creating Session using : alias=consultarAPI, url=https://randomuser.me/, headers={},                     cookies={}, auth=None, timeout=None, proxies=None, verify=False,                     debug=0 </msg>
<arg>consultarAPI</arg>
<arg>${URL}</arg>
<doc>Create Session: create a HTTP session to a server</doc>
<status status="PASS" start="2024-06-17T17:14:20.528566" elapsed="0.000370"/>
</kw>
<status status="PASS" start="2024-06-17T17:14:20.527536" elapsed="0.001751"/>
</kw>
<status status="PASS" start="2024-06-17T17:14:20.526960" elapsed="0.002560"/>
</test>
<test id="s1-s1-t2" name="Validar retorno 200 e JSON Válido" line="16">
<kw name="Teste de Requisicao Basica" owner="random-user-service">
<kw name="GET On Session" owner="RequestsLibrary">
<msg time="2024-06-17T17:14:20.652797" level="INFO">GET Request : url=https://randomuser.me/api 
 path_url=/api 
 headers={'User-Agent': 'python-requests/2.32.3', 'Accept-Encoding': 'gzip, deflate', 'Accept': '*/*', 'Connection': 'keep-alive'} 
 body=None 
 </msg>
<msg time="2024-06-17T17:14:20.652939" level="INFO">GET Response : url=https://randomuser.me/api 
 status=200, reason=OK 
 headers={'Date': 'Mon, 17 Jun 2024 17:14:20 GMT', 'Content-Type': 'application/json; charset=utf-8', 'Transfer-Encoding': 'chunked', 'Connection': 'keep-alive', 'X-Powered-By': 'Express', 'Access-Control-Allow-Origin': '*', 'Cache-Control': 'no-cache', 'ETag': 'W/"47f-CnsM80GqmG3Oow/ndEBIxsdhOMM"', 'Vary': 'Accept-Encoding', 'Content-Encoding': 'gzip', 'CF-Cache-Status': 'DYNAMIC', 'Report-To': '{"endpoints":[{"url":"https:\\/\\/a.nel.cloudflare.com\\/report\\/v4?s=G6eYuu5lTdT2iP%2BJYguOrLlqGbSSkqGvlwSHuBfBmG053YeAZMzF3GuA7fRY4%2FEsfm4eYWBjCXnZraMyrxaBrD3pXn4j8VB1rZHXrlT4%2FGppxkoHZNZSSEZnmR%2Frg8BK"}],"group":"cf-nel","max_age":604800}', 'NEL': '{"success_fraction":0,"report_to":"cf-nel","max_age":604800}', 'Server': 'cloudflare', 'CF-RAY': '8954ace68a349836-SJC', 'alt-svc': 'h3=":443"; ma=86400'} 
 body={"results":[{"gender":"female","name":{"title":"Miss","first":"محیا","last":"نجاتی"},"location":{"street":{"number":7004,"name":"شهید دکتر آیت"},"city":"گلستان","state":"اردبیل","country":"Iran","postcode":83382,"coordinates":{"latitude":"13.3016","longitude":"13.0550"},"timezone":{"offset":"+3:30","description":"Tehran"}},"email":"mhy.njty@example.com","login":{"uuid":"ab09b6f1-dd7d-4a7b-8261-dcfdb6b5fd30","username":"beautifulswan782","password":"games","salt":"YEZNBSHi","md5":"7bc44a02c284589aaf4d76d3fd5a3847","sha1":"4293cd2d99c50c6fe345262c1c2bd61f0c917d0d","sha256":"58af046edebdb58b3826f1de6602ee862dc62d37df1cdbdaac57da77ccb6aaeb"},"dob":{"date":"1997-12-25T01:15:48.857Z","age":26},"registered":{"date":"2018-09-01T20:27:25.321Z","age":5},"phone":"037-39820740","cell":"0920-465-9000","id":{"name":"","value":null},"picture":{"large":"https://randomuser.me/api/portraits/women/67.jpg","medium":"https://randomuser.me/api/portraits/med/women/67.jpg","thumbnail":"https://randomuser.me/api/portraits/thumb/women/67.jpg"},"nat":"IR"}],"info":{"seed":"b2a926d6bf243cdf","results":1,"page":1,"version":"1.4"}} 
 </msg>
<msg time="2024-06-17T17:14:20.653024" level="INFO">/opt/hostedtoolcache/Python/3.12.3/x64/lib/python3.12/site-packages/urllib3/connectionpool.py:1099: InsecureRequestWarning: Unverified HTTPS request is being made to host 'randomuser.me'. Adding certificate verification is strongly advised. See: https://urllib3.readthedocs.io/en/latest/advanced-usage.html#tls-warnings
  warnings.warn(</msg>
<msg time="2024-06-17T17:14:20.653157" level="INFO">${response} = &lt;Response [200]&gt;</msg>
<var>${response}</var>
<arg>consultarAPI</arg>
<arg>/api</arg>
<doc>Sends a GET request on a previously created HTTP Session.</doc>
<status status="PASS" start="2024-06-17T17:14:20.532164" elapsed="0.121037"/>
</kw>
<kw name="Should Be Equal As Numbers" owner="BuiltIn">
<msg time="2024-06-17T17:14:20.654409" level="INFO">Argument types are:
&lt;class 'int'&gt;
&lt;class 'str'&gt;</msg>
<arg>${response.status_code}</arg>
<arg>200</arg>
<doc>Fails if objects are unequal after converting them to real numbers.</doc>
<status status="PASS" start="2024-06-17T17:14:20.653886" elapsed="0.000589"/>
</kw>
<kw name="Log" owner="BuiltIn">
<msg time="2024-06-17T17:14:20.655186" level="INFO">200</msg>
<arg>${response.status_code}</arg>
<doc>Logs the given message with the given level.</doc>
<status status="PASS" start="2024-06-17T17:14:20.654835" elapsed="0.000395"/>
</kw>
<kw name="Set Variable" owner="BuiltIn">
<msg time="2024-06-17T17:14:20.655983" level="INFO">${json_data} = {'results': [{'gender': 'female', 'name': {'title': 'Miss', 'first': 'محیا', 'last': 'نجاتی'}, 'location': {'street': {'number': 7004, 'name': 'شهید دکتر آیت'}, 'city': 'گلستان', 'state': 'اردبیل', 'c...</msg>
<var>${json_data}</var>
<arg>${response.json()}</arg>
<doc>Returns the given values which can then be assigned to a variables.</doc>
<status status="PASS" start="2024-06-17T17:14:20.655539" elapsed="0.000474"/>
</kw>
<kw name="Dictionary Should Contain Key" owner="Collections">
<arg>${json_data}</arg>
<arg>results</arg>
<doc>Fails if ``key`` is not found from ``dictionary``.</doc>
<status status="PASS" start="2024-06-17T17:14:20.656318" elapsed="0.000171"/>
</kw>
<status status="PASS" start="2024-06-17T17:14:20.531924" elapsed="0.124723"/>
</kw>
<doc>Testa se a API responde corretamente e retorna um objeto JSON válido.</doc>
<tag>testeRequisicaoBasica</tag>
<status status="PASS" start="2024-06-17T17:14:20.531403" elapsed="0.125420"/>
</test>
<test id="s1-s1-t3" name="Validar estrutura de resposta" line="22">
<kw name="Teste de Estrutura de Resposta" owner="random-user-service">
<kw name="GET On Session" owner="RequestsLibrary">
<msg time="2024-06-17T17:14:20.757571" level="INFO">GET Request : url=https://randomuser.me/api 
 path_url=/api 
 headers={'User-Agent': 'python-requests/2.32.3', 'Accept-Encoding': 'gzip, deflate', 'Accept': '*/*', 'Connection': 'keep-alive'} 
 body=None 
 </msg>
<msg time="2024-06-17T17:14:20.757683" level="INFO">GET Response : url=https://randomuser.me/api 
 status=200, reason=OK 
 headers={'Date': 'Mon, 17 Jun 2024 17:14:20 GMT', 'Content-Type': 'application/json; charset=utf-8', 'Transfer-Encoding': 'chunked', 'Connection': 'keep-alive', 'X-Powered-By': 'Express', 'Access-Control-Allow-Origin': '*', 'Cache-Control': 'no-cache', 'ETag': 'W/"48a-BCFo26egytuBhaAaEl05iBf8GJ8"', 'Vary': 'Accept-Encoding', 'Content-Encoding': 'gzip', 'CF-Cache-Status': 'DYNAMIC', 'Report-To': '{"endpoints":[{"url":"https:\\/\\/a.nel.cloudflare.com\\/report\\/v4?s=sJjkbWL%2Fv1odRfg96jnVJybpnVhKgTFNyy2iiTLeW%2ByxQkG6X1ZvilZehyrTmZZOKcX1krsCeowoCV1U2lJLnrzOPDf8oZ%2F%2B1gjZEwu3WdhF3%2Fe5OMJgr1iYYexfO9gE"}],"group":"cf-nel","max_age":604800}', 'NEL': '{"success_fraction":0,"report_to":"cf-nel","max_age":604800}', 'Server': 'cloudflare', 'CF-RAY': '8954ace72a809836-SJC', 'alt-svc': 'h3=":443"; ma=86400'} 
 body={"results":[{"gender":"male","name":{"title":"Mr","first":"Alfredo","last":"Ferrer"},"location":{"street":{"number":5092,"name":"Paseo de Zorrilla"},"city":"La Palma","state":"Comunidad de Madrid","country":"Spain","postcode":39689,"coordinates":{"latitude":"-34.9366","longitude":"-68.0969"},"timezone":{"offset":"+9:30","description":"Adelaide, Darwin"}},"email":"alfredo.ferrer@example.com","login":{"uuid":"14e8f685-6cb8-4550-a828-0b4dd84a1422","username":"blacklion127","password":"knickerless","salt":"zUUHuvdj","md5":"8c11d29804751a78cd533c3db35b48b9","sha1":"deb6ba9c0fa28e8dfbe8766b682d232cc71e7aab","sha256":"651ab5dc43152e7a5b60dd0c136586e38b4ebd00e6d0b36371f795168f3c290b"},"dob":{"date":"1985-08-28T11:34:04.235Z","age":38},"registered":{"date":"2008-05-17T13:54:56.153Z","age":16},"phone":"985-260-211","cell":"693-231-084","id":{"name":"DNI","value":"02416087-G"},"picture":{"large":"https://randomuser.me/api/portraits/men/87.jpg","medium":"https://randomuser.me/api/portraits/med/men/87.jpg","thumbnail":"https://randomuser.me/api/portraits/thumb/men/87.jpg"},"nat":"ES"}],"info":{"seed":"9da6e91331a407d1","results":1,"page":1,"version":"1.4"}} 
 </msg>
<msg time="2024-06-17T17:14:20.757851" level="INFO">/opt/hostedtoolcache/Python/3.12.3/x64/lib/python3.12/site-packages/urllib3/connectionpool.py:1099: InsecureRequestWarning: Unverified HTTPS request is being made to host 'randomuser.me'. Adding certificate verification is strongly advised. See: https://urllib3.readthedocs.io/en/latest/advanced-usage.html#tls-warnings
  warnings.warn(</msg>
<msg time="2024-06-17T17:14:20.757996" level="INFO">${response} = &lt;Response [200]&gt;</msg>
<var>${response}</var>
<arg>consultarAPI</arg>
<arg>/api</arg>
<doc>Sends a GET request on a previously created HTTP Session.</doc>
<status status="PASS" start="2024-06-17T17:14:20.659741" elapsed="0.098301"/>
</kw>
<kw name="Set Variable" owner="BuiltIn">
<msg time="2024-06-17T17:14:20.759386" level="INFO">${json_data} = {'results': [{'gender': 'male', 'name': {'title': 'Mr', 'first': 'Alfredo', 'last': 'Ferrer'}, 'location': {'street': {'number': 5092, 'name': 'Paseo de Zorrilla'}, 'city': 'La Palma', 'state': 'Comun...</msg>
<var>${json_data}</var>
<arg>${response.json()}</arg>
<doc>Returns the given values which can then be assigned to a variables.</doc>
<status status="PASS" start="2024-06-17T17:14:20.758705" elapsed="0.000713"/>
</kw>
<kw name="Log" owner="BuiltIn">
<msg time="2024-06-17T17:14:20.759893" level="INFO">{'results': [{'gender': 'male', 'name': {'title': 'Mr', 'first': 'Alfredo', 'last': 'Ferrer'}, 'location': {'street': {'number': 5092, 'name': 'Paseo de Zorrilla'}, 'city': 'La Palma', 'state': 'Comunidad de Madrid', 'country': 'Spain', 'postcode': 39689, 'coordinates': {'latitude': '-34.9366', 'longitude': '-68.0969'}, 'timezone': {'offset': '+9:30', 'description': 'Adelaide, Darwin'}}, 'email': 'alfredo.ferrer@example.com', 'login': {'uuid': '14e8f685-6cb8-4550-a828-0b4dd84a1422', 'username': 'blacklion127', 'password': 'knickerless', 'salt': 'zUUHuvdj', 'md5': '8c11d29804751a78cd533c3db35b48b9', 'sha1': 'deb6ba9c0fa28e8dfbe8766b682d232cc71e7aab', 'sha256': '651ab5dc43152e7a5b60dd0c136586e38b4ebd00e6d0b36371f795168f3c290b'}, 'dob': {'date': '1985-08-28T11:34:04.235Z', 'age': 38}, 'registered': {'date': '2008-05-17T13:54:56.153Z', 'age': 16}, 'phone': '985-260-211', 'cell': '693-231-084', 'id': {'name': 'DNI', 'value': '02416087-G'}, 'picture': {'large': 'https://randomuser.me/api/portraits/men/87.jpg', 'medium': 'https://randomuser.me/api/portraits/med/men/87.jpg', 'thumbnail': 'https://randomuser.me/api/portraits/thumb/men/87.jpg'}, 'nat': 'ES'}], 'info': {'seed': '9da6e91331a407d1', 'results': 1, 'page': 1, 'version': '1.4'}}</msg>
<arg>${json_data}</arg>
<doc>Logs the given message with the given level.</doc>
<status status="PASS" start="2024-06-17T17:14:20.759731" elapsed="0.000222"/>
</kw>
<kw name="Dictionary Should Contain Key" owner="Collections">
<arg>${json_data}</arg>
<arg>results</arg>
<doc>Fails if ``key`` is not found from ``dictionary``.</doc>
<status status="PASS" start="2024-06-17T17:14:20.760250" elapsed="0.000162"/>
</kw>
<kw name="Should Not Be Empty" owner="BuiltIn">
<msg time="2024-06-17T17:14:20.760730" level="INFO">Length is 2.</msg>
<arg>${json_data}</arg>
<doc>Verifies that the given item is not empty.</doc>
<status status="PASS" start="2024-06-17T17:14:20.760603" elapsed="0.000165"/>
</kw>
<kw name="Create List" owner="BuiltIn">
<msg time="2024-06-17T17:14:20.761214" level="INFO">${expected_keys} = ['gender', 'name', 'location', 'email', 'login']</msg>
<var>${expected_keys}</var>
<arg>gender</arg>
<arg>name</arg>
<arg>location</arg>
<arg>email</arg>
<arg>login</arg>
<doc>Returns a list containing given items.</doc>
<status status="PASS" start="2024-06-17T17:14:20.761061" elapsed="0.000178"/>
</kw>
<for flavor="IN">
<iter>
<kw name="Dictionary Should Contain Key" owner="Collections">
<arg>${json_data['results'][0]}</arg>
<arg>${key}</arg>
<doc>Fails if ``key`` is not found from ``dictionary``.</doc>
<status status="PASS" start="2024-06-17T17:14:20.761890" elapsed="0.000406"/>
</kw>
<kw name="Log" owner="BuiltIn">
<msg time="2024-06-17T17:14:20.762860" level="INFO">{'gender': 'male', 'name': {'title': 'Mr', 'first': 'Alfredo', 'last': 'Ferrer'}, 'location': {'street': {'number': 5092, 'name': 'Paseo de Zorrilla'}, 'city': 'La Palma', 'state': 'Comunidad de Madrid', 'country': 'Spain', 'postcode': 39689, 'coordinates': {'latitude': '-34.9366', 'longitude': '-68.0969'}, 'timezone': {'offset': '+9:30', 'description': 'Adelaide, Darwin'}}, 'email': 'alfredo.ferrer@example.com', 'login': {'uuid': '14e8f685-6cb8-4550-a828-0b4dd84a1422', 'username': 'blacklion127', 'password': 'knickerless', 'salt': 'zUUHuvdj', 'md5': '8c11d29804751a78cd533c3db35b48b9', 'sha1': 'deb6ba9c0fa28e8dfbe8766b682d232cc71e7aab', 'sha256': '651ab5dc43152e7a5b60dd0c136586e38b4ebd00e6d0b36371f795168f3c290b'}, 'dob': {'date': '1985-08-28T11:34:04.235Z', 'age': 38}, 'registered': {'date': '2008-05-17T13:54:56.153Z', 'age': 16}, 'phone': '985-260-211', 'cell': '693-231-084', 'id': {'name': 'DNI', 'value': '02416087-G'}, 'picture': {'large': 'https://randomuser.me/api/portraits/men/87.jpg', 'medium': 'https://randomuser.me/api/portraits/med/men/87.jpg', 'thumbnail': 'https://randomuser.me/api/portraits/thumb/men/87.jpg'}, 'nat': 'ES'}</msg>
<arg>${json_data['results'][0]}</arg>
<doc>Logs the given message with the given level.</doc>
<status status="PASS" start="2024-06-17T17:14:20.762492" elapsed="0.000426"/>
</kw>
<kw name="Log" owner="BuiltIn">
<msg time="2024-06-17T17:14:20.763350" level="INFO">gender</msg>
<arg>${key}</arg>
<doc>Logs the given message with the given level.</doc>
<status status="PASS" start="2024-06-17T17:14:20.763220" elapsed="0.000169"/>
</kw>
<var name="${key}">gender</var>
<status status="PASS" start="2024-06-17T17:14:20.761752" elapsed="0.001858"/>
</iter>
<iter>
<kw name="Dictionary Should Contain Key" owner="Collections">
<arg>${json_data['results'][0]}</arg>
<arg>${key}</arg>
<doc>Fails if ``key`` is not found from ``dictionary``.</doc>
<status status="PASS" start="2024-06-17T17:14:20.763935" elapsed="0.000403"/>
</kw>
<kw name="Log" owner="BuiltIn">
<msg time="2024-06-17T17:14:20.764871" level="INFO">{'gender': 'male', 'name': {'title': 'Mr', 'first': 'Alfredo', 'last': 'Ferrer'}, 'location': {'street': {'number': 5092, 'name': 'Paseo de Zorrilla'}, 'city': 'La Palma', 'state': 'Comunidad de Madrid', 'country': 'Spain', 'postcode': 39689, 'coordinates': {'latitude': '-34.9366', 'longitude': '-68.0969'}, 'timezone': {'offset': '+9:30', 'description': 'Adelaide, Darwin'}}, 'email': 'alfredo.ferrer@example.com', 'login': {'uuid': '14e8f685-6cb8-4550-a828-0b4dd84a1422', 'username': 'blacklion127', 'password': 'knickerless', 'salt': 'zUUHuvdj', 'md5': '8c11d29804751a78cd533c3db35b48b9', 'sha1': 'deb6ba9c0fa28e8dfbe8766b682d232cc71e7aab', 'sha256': '651ab5dc43152e7a5b60dd0c136586e38b4ebd00e6d0b36371f795168f3c290b'}, 'dob': {'date': '1985-08-28T11:34:04.235Z', 'age': 38}, 'registered': {'date': '2008-05-17T13:54:56.153Z', 'age': 16}, 'phone': '985-260-211', 'cell': '693-231-084', 'id': {'name': 'DNI', 'value': '02416087-G'}, 'picture': {'large': 'https://randomuser.me/api/portraits/men/87.jpg', 'medium': 'https://randomuser.me/api/portraits/med/men/87.jpg', 'thumbnail': 'https://randomuser.me/api/portraits/thumb/men/87.jpg'}, 'nat': 'ES'}</msg>
<arg>${json_data['results'][0]}</arg>
<doc>Logs the given message with the given level.</doc>
<status status="PASS" start="2024-06-17T17:14:20.764524" elapsed="0.000438"/>
</kw>
<kw name="Log" owner="BuiltIn">
<msg time="2024-06-17T17:14:20.765462" level="INFO">name</msg>
<arg>${key}</arg>
<doc>Logs the given message with the given level.</doc>
<status status="PASS" start="2024-06-17T17:14:20.765298" elapsed="0.000208"/>
</kw>
<var name="${key}">name</var>
<status status="PASS" start="2024-06-17T17:14:20.763799" elapsed="0.001943"/>
</iter>
<iter>
<kw name="Dictionary Should Contain Key" owner="Collections">
<arg>${json_data['results'][0]}</arg>
<arg>${key}</arg>
<doc>Fails if ``key`` is not found from ``dictionary``.</doc>
<status status="PASS" start="2024-06-17T17:14:20.766036" elapsed="0.000383"/>
</kw>
<kw name="Log" owner="BuiltIn">
<msg time="2024-06-17T17:14:20.766954" level="INFO">{'gender': 'male', 'name': {'title': 'Mr', 'first': 'Alfredo', 'last': 'Ferrer'}, 'location': {'street': {'number': 5092, 'name': 'Paseo de Zorrilla'}, 'city': 'La Palma', 'state': 'Comunidad de Madrid', 'country': 'Spain', 'postcode': 39689, 'coordinates': {'latitude': '-34.9366', 'longitude': '-68.0969'}, 'timezone': {'offset': '+9:30', 'description': 'Adelaide, Darwin'}}, 'email': 'alfredo.ferrer@example.com', 'login': {'uuid': '14e8f685-6cb8-4550-a828-0b4dd84a1422', 'username': 'blacklion127', 'password': 'knickerless', 'salt': 'zUUHuvdj', 'md5': '8c11d29804751a78cd533c3db35b48b9', 'sha1': 'deb6ba9c0fa28e8dfbe8766b682d232cc71e7aab', 'sha256': '651ab5dc43152e7a5b60dd0c136586e38b4ebd00e6d0b36371f795168f3c290b'}, 'dob': {'date': '1985-08-28T11:34:04.235Z', 'age': 38}, 'registered': {'date': '2008-05-17T13:54:56.153Z', 'age': 16}, 'phone': '985-260-211', 'cell': '693-231-084', 'id': {'name': 'DNI', 'value': '02416087-G'}, 'picture': {'large': 'https://randomuser.me/api/portraits/men/87.jpg', 'medium': 'https://randomuser.me/api/portraits/med/men/87.jpg', 'thumbnail': 'https://randomuser.me/api/portraits/thumb/men/87.jpg'}, 'nat': 'ES'}</msg>
<arg>${json_data['results'][0]}</arg>
<doc>Logs the given message with the given level.</doc>
<status status="PASS" start="2024-06-17T17:14:20.766606" elapsed="0.000396"/>
</kw>
<kw name="Log" owner="BuiltIn">
<msg time="2024-06-17T17:14:20.767429" level="INFO">location</msg>
<arg>${key}</arg>
<doc>Logs the given message with the given level.</doc>
<status status="PASS" start="2024-06-17T17:14:20.767301" elapsed="0.000164"/>
</kw>
<var name="${key}">location</var>
<status status="PASS" start="2024-06-17T17:14:20.765925" elapsed="0.001757"/>
</iter>
<iter>
<kw name="Dictionary Should Contain Key" owner="Collections">
<arg>${json_data['results'][0]}</arg>
<arg>${key}</arg>
<doc>Fails if ``key`` is not found from ``dictionary``.</doc>
<status status="PASS" start="2024-06-17T17:14:20.767964" elapsed="0.000379"/>
</kw>
<kw name="Log" owner="BuiltIn">
<msg time="2024-06-17T17:14:20.768884" level="INFO">{'gender': 'male', 'name': {'title': 'Mr', 'first': 'Alfredo', 'last': 'Ferrer'}, 'location': {'street': {'number': 5092, 'name': 'Paseo de Zorrilla'}, 'city': 'La Palma', 'state': 'Comunidad de Madrid', 'country': 'Spain', 'postcode': 39689, 'coordinates': {'latitude': '-34.9366', 'longitude': '-68.0969'}, 'timezone': {'offset': '+9:30', 'description': 'Adelaide, Darwin'}}, 'email': 'alfredo.ferrer@example.com', 'login': {'uuid': '14e8f685-6cb8-4550-a828-0b4dd84a1422', 'username': 'blacklion127', 'password': 'knickerless', 'salt': 'zUUHuvdj', 'md5': '8c11d29804751a78cd533c3db35b48b9', 'sha1': 'deb6ba9c0fa28e8dfbe8766b682d232cc71e7aab', 'sha256': '651ab5dc43152e7a5b60dd0c136586e38b4ebd00e6d0b36371f795168f3c290b'}, 'dob': {'date': '1985-08-28T11:34:04.235Z', 'age': 38}, 'registered': {'date': '2008-05-17T13:54:56.153Z', 'age': 16}, 'phone': '985-260-211', 'cell': '693-231-084', 'id': {'name': 'DNI', 'value': '02416087-G'}, 'picture': {'large': 'https://randomuser.me/api/portraits/men/87.jpg', 'medium': 'https://randomuser.me/api/portraits/med/men/87.jpg', 'thumbnail': 'https://randomuser.me/api/portraits/thumb/men/87.jpg'}, 'nat': 'ES'}</msg>
<arg>${json_data['results'][0]}</arg>
<doc>Logs the given message with the given level.</doc>
<status status="PASS" start="2024-06-17T17:14:20.768527" elapsed="0.000416"/>
</kw>
<kw name="Log" owner="BuiltIn">
<msg time="2024-06-17T17:14:20.769378" level="INFO">email</msg>
<arg>${key}</arg>
<doc>Logs the given message with the given level.</doc>
<status status="PASS" start="2024-06-17T17:14:20.769247" elapsed="0.000169"/>
</kw>
<var name="${key}">email</var>
<status status="PASS" start="2024-06-17T17:14:20.767855" elapsed="0.001815"/>
</iter>
<iter>
<kw name="Dictionary Should Contain Key" owner="Collections">
<arg>${json_data['results'][0]}</arg>
<arg>${key}</arg>
<doc>Fails if ``key`` is not found from ``dictionary``.</doc>
<status status="PASS" start="2024-06-17T17:14:20.769952" elapsed="0.000380"/>
</kw>
<kw name="Log" owner="BuiltIn">
<msg time="2024-06-17T17:14:20.770871" level="INFO">{'gender': 'male', 'name': {'title': 'Mr', 'first': 'Alfredo', 'last': 'Ferrer'}, 'location': {'street': {'number': 5092, 'name': 'Paseo de Zorrilla'}, 'city': 'La Palma', 'state': 'Comunidad de Madrid', 'country': 'Spain', 'postcode': 39689, 'coordinates': {'latitude': '-34.9366', 'longitude': '-68.0969'}, 'timezone': {'offset': '+9:30', 'description': 'Adelaide, Darwin'}}, 'email': 'alfredo.ferrer@example.com', 'login': {'uuid': '14e8f685-6cb8-4550-a828-0b4dd84a1422', 'username': 'blacklion127', 'password': 'knickerless', 'salt': 'zUUHuvdj', 'md5': '8c11d29804751a78cd533c3db35b48b9', 'sha1': 'deb6ba9c0fa28e8dfbe8766b682d232cc71e7aab', 'sha256': '651ab5dc43152e7a5b60dd0c136586e38b4ebd00e6d0b36371f795168f3c290b'}, 'dob': {'date': '1985-08-28T11:34:04.235Z', 'age': 38}, 'registered': {'date': '2008-05-17T13:54:56.153Z', 'age': 16}, 'phone': '985-260-211', 'cell': '693-231-084', 'id': {'name': 'DNI', 'value': '02416087-G'}, 'picture': {'large': 'https://randomuser.me/api/portraits/men/87.jpg', 'medium': 'https://randomuser.me/api/portraits/med/men/87.jpg', 'thumbnail': 'https://randomuser.me/api/portraits/thumb/men/87.jpg'}, 'nat': 'ES'}</msg>
<arg>${json_data['results'][0]}</arg>
<doc>Logs the given message with the given level.</doc>
<status status="PASS" start="2024-06-17T17:14:20.770518" elapsed="0.000401"/>
</kw>
<kw name="Log" owner="BuiltIn">
<msg time="2024-06-17T17:14:20.771452" level="INFO">login</msg>
<arg>${key}</arg>
<doc>Logs the given message with the given level.</doc>
<status status="PASS" start="2024-06-17T17:14:20.771217" elapsed="0.000274"/>
</kw>
<var name="${key}">login</var>
<status status="PASS" start="2024-06-17T17:14:20.769842" elapsed="0.001869"/>
</iter>
<var>${key}</var>
<value>@{expected_keys}</value>
<status status="PASS" start="2024-06-17T17:14:20.761544" elapsed="0.010290"/>
</for>
<kw name="Create List" owner="BuiltIn">
<msg time="2024-06-17T17:14:20.772155" level="INFO">${expected_keysTwo} = ['username', 'password']</msg>
<var>${expected_keysTwo}</var>
<arg>username</arg>
<arg>password</arg>
<doc>Returns a list containing given items.</doc>
<status status="PASS" start="2024-06-17T17:14:20.772021" elapsed="0.000184"/>
</kw>
<for flavor="IN">
<iter>
<kw name="Dictionary Should Contain Key" owner="Collections">
<arg>${json_data['results'][0]['login']}</arg>
<arg>${keyTwo}</arg>
<doc>Fails if ``key`` is not found from ``dictionary``.</doc>
<status status="PASS" start="2024-06-17T17:14:20.772710" elapsed="0.000380"/>
</kw>
<kw name="Dictionary Should Contain Key" owner="Collections">
<arg>${json_data['results'][0]['login']}</arg>
<arg>${keyTwo}</arg>
<doc>Fails if ``key`` is not found from ``dictionary``.</doc>
<status status="PASS" start="2024-06-17T17:14:20.773272" elapsed="0.000400"/>
</kw>
<kw name="Log" owner="BuiltIn">
<msg time="2024-06-17T17:14:20.773976" level="INFO">username</msg>
<arg>${keyTwo}</arg>
<doc>Logs the given message with the given level.</doc>
<status status="PASS" start="2024-06-17T17:14:20.773854" elapsed="0.000159"/>
</kw>
<var name="${keyTwo}">username</var>
<status status="PASS" start="2024-06-17T17:14:20.772602" elapsed="0.001629"/>
</iter>
<iter>
<kw name="Dictionary Should Contain Key" owner="Collections">
<arg>${json_data['results'][0]['login']}</arg>
<arg>${keyTwo}</arg>
<doc>Fails if ``key`` is not found from ``dictionary``.</doc>
<status status="PASS" start="2024-06-17T17:14:20.774511" elapsed="0.000373"/>
</kw>
<kw name="Dictionary Should Contain Key" owner="Collections">
<arg>${json_data['results'][0]['login']}</arg>
<arg>${keyTwo}</arg>
<doc>Fails if ``key`` is not found from ``dictionary``.</doc>
<status status="PASS" start="2024-06-17T17:14:20.775062" elapsed="0.000365"/>
</kw>
<kw name="Log" owner="BuiltIn">
<msg time="2024-06-17T17:14:20.775723" level="INFO">password</msg>
<arg>${keyTwo}</arg>
<doc>Logs the given message with the given level.</doc>
<status status="PASS" start="2024-06-17T17:14:20.775603" elapsed="0.000156"/>
</kw>
<var name="${keyTwo}">password</var>
<status status="PASS" start="2024-06-17T17:14:20.774405" elapsed="0.001572"/>
</iter>
<var>${keyTwo}</var>
<value>@{expected_keysTwo}</value>
<status status="PASS" start="2024-06-17T17:14:20.772450" elapsed="0.003649"/>
</for>
<status status="PASS" start="2024-06-17T17:14:20.659498" elapsed="0.116742"/>
</kw>
<doc>Testa a estrutura da resposta da API.</doc>
<tag>testeEstruturaResposta</tag>
<status status="PASS" start="2024-06-17T17:14:20.658726" elapsed="0.117672"/>
</test>
<test id="s1-s1-t4" name="Validar tipos de dados" line="28">
<kw name="Teste de Tipos de Dados" owner="random-user-service">
<kw name="GET On Session" owner="RequestsLibrary">
<msg time="2024-06-17T17:14:20.876684" level="INFO">GET Request : url=https://randomuser.me/api 
 path_url=/api 
 headers={'User-Agent': 'python-requests/2.32.3', 'Accept-Encoding': 'gzip, deflate', 'Accept': '*/*', 'Connection': 'keep-alive'} 
 body=None 
 </msg>
<msg time="2024-06-17T17:14:20.876780" level="INFO">GET Response : url=https://randomuser.me/api 
 status=200, reason=OK 
 headers={'Date': 'Mon, 17 Jun 2024 17:14:20 GMT', 'Content-Type': 'application/json; charset=utf-8', 'Transfer-Encoding': 'chunked', 'Connection': 'keep-alive', 'X-Powered-By': 'Express', 'Access-Control-Allow-Origin': '*', 'Cache-Control': 'no-cache', 'ETag': 'W/"484-r0cSC5CQhrFkIJy6vVZuJ3yijrI"', 'Vary': 'Accept-Encoding', 'Content-Encoding': 'gzip', 'CF-Cache-Status': 'DYNAMIC', 'Report-To': '{"endpoints":[{"url":"https:\\/\\/a.nel.cloudflare.com\\/report\\/v4?s=b77xMwMblBobxQu%2BE4bxYkVU3hguPYf4t16tdjSsq74mR4vrNH68WJdAhYg0zEpEWhBHr0DFcJJfvxmL2RiJoqDm6nqjXro4t8MfJXCbdS0lMk4t1%2BJm8koCs9iip3h7"}],"group":"cf-nel","max_age":604800}', 'NEL': '{"success_fraction":0,"report_to":"cf-nel","max_age":604800}', 'Server': 'cloudflare', 'CF-RAY': '8954ace7eae19836-SJC', 'alt-svc': 'h3=":443"; ma=86400'} 
 body={"results":[{"gender":"female","name":{"title":"Miss","first":"بیتا","last":"کامروا"},"location":{"street":{"number":2661,"name":"مقدس اردبیلی"},"city":"تبریز","state":"فارس","country":"Iran","postcode":27973,"coordinates":{"latitude":"15.2485","longitude":"29.8141"},"timezone":{"offset":"+9:30","description":"Adelaide, Darwin"}},"email":"byt.khmrw@example.com","login":{"uuid":"4d0e4947-3902-4d74-ae22-565f3bba0d2b","username":"blackgoose461","password":"bengals","salt":"Lck1Brz3","md5":"6be9e4dd5ec9bf649adbbb4ca8d71b6f","sha1":"312d20c7e1b32730e8258752ce44823553114bd0","sha256":"9a6931a7395c7a62cd6e936644ea98b5e86051e0cb7b2f216287cbdf20001613"},"dob":{"date":"1965-04-23T13:50:40.662Z","age":59},"registered":{"date":"2021-02-18T03:55:34.153Z","age":3},"phone":"077-60817511","cell":"0988-558-1690","id":{"name":"","value":null},"picture":{"large":"https://randomuser.me/api/portraits/women/24.jpg","medium":"https://randomuser.me/api/portraits/med/women/24.jpg","thumbnail":"https://randomuser.me/api/portraits/thumb/women/24.jpg"},"nat":"IR"}],"info":{"seed":"89b5f6b7297aa9b1","results":1,"page":1,"version":"1.4"}} 
 </msg>
<msg time="2024-06-17T17:14:20.876865" level="INFO">/opt/hostedtoolcache/Python/3.12.3/x64/lib/python3.12/site-packages/urllib3/connectionpool.py:1099: InsecureRequestWarning: Unverified HTTPS request is being made to host 'randomuser.me'. Adding certificate verification is strongly advised. See: https://urllib3.readthedocs.io/en/latest/advanced-usage.html#tls-warnings
  warnings.warn(</msg>
<msg time="2024-06-17T17:14:20.876977" level="INFO">${response} = &lt;Response [200]&gt;</msg>
<var>${response}</var>
<arg>consultarAPI</arg>
<arg>/api</arg>
<doc>Sends a GET request on a previously created HTTP Session.</doc>
<status status="PASS" start="2024-06-17T17:14:20.779004" elapsed="0.098025"/>
</kw>
<kw name="Set Variable" owner="BuiltIn">
<msg time="2024-06-17T17:14:20.878430" level="INFO">${json_data} = {'results': [{'gender': 'female', 'name': {'title': 'Miss', 'first': 'بیتا', 'last': 'کامروا'}, 'location': {'street': {'number': 2661, 'name': 'مقدس اردبیلی'}, 'city': 'تبریز', 'state': 'فارس', 'coun...</msg>
<var>${json_data}</var>
<arg>${response.json()}</arg>
<doc>Returns the given values which can then be assigned to a variables.</doc>
<status status="PASS" start="2024-06-17T17:14:20.877680" elapsed="0.000781"/>
</kw>
<kw name="Log" owner="BuiltIn">
<msg time="2024-06-17T17:14:20.878927" level="INFO">{'results': [{'gender': 'female', 'name': {'title': 'Miss', 'first': 'بیتا', 'last': 'کامروا'}, 'location': {'street': {'number': 2661, 'name': 'مقدس اردبیلی'}, 'city': 'تبریز', 'state': 'فارس', 'country': 'Iran', 'postcode': 27973, 'coordinates': {'latitude': '15.2485', 'longitude': '29.8141'}, 'timezone': {'offset': '+9:30', 'description': 'Adelaide, Darwin'}}, 'email': 'byt.khmrw@example.com', 'login': {'uuid': '4d0e4947-3902-4d74-ae22-565f3bba0d2b', 'username': 'blackgoose461', 'password': 'bengals', 'salt': 'Lck1Brz3', 'md5': '6be9e4dd5ec9bf649adbbb4ca8d71b6f', 'sha1': '312d20c7e1b32730e8258752ce44823553114bd0', 'sha256': '9a6931a7395c7a62cd6e936644ea98b5e86051e0cb7b2f216287cbdf20001613'}, 'dob': {'date': '1965-04-23T13:50:40.662Z', 'age': 59}, 'registered': {'date': '2021-02-18T03:55:34.153Z', 'age': 3}, 'phone': '077-60817511', 'cell': '0988-558-1690', 'id': {'name': '', 'value': None}, 'picture': {'large': 'https://randomuser.me/api/portraits/women/24.jpg', 'medium': 'https://randomuser.me/api/portraits/med/women/24.jpg', 'thumbnail': 'https://randomuser.me/api/portraits/thumb/women/24.jpg'}, 'nat': 'IR'}], 'info': {'seed': '89b5f6b7297aa9b1', 'results': 1, 'page': 1, 'version': '1.4'}}</msg>
<arg>${json_data}</arg>
<doc>Logs the given message with the given level.</doc>
<status status="PASS" start="2024-06-17T17:14:20.878768" elapsed="0.000210"/>
</kw>
<kw name="Should Be String" owner="String">
<arg>${json_data['results'][0]['gender']}</arg>
<doc>Fails if the given ``item`` is not a string.</doc>
<status status="PASS" start="2024-06-17T17:14:20.879267" elapsed="0.000367"/>
</kw>
<kw name="Should Match Regexp" owner="BuiltIn">
<arg>${json_data['results'][0]['email']}</arg>
<arg>^[a-zA-Z0-9._%+-]+@[a-zA-Z0-9.-]+\.[a-zA-Z]{2,}$</arg>
<doc>Fails if ``string`` does not match ``pattern`` as a regular expression.</doc>
<status status="PASS" start="2024-06-17T17:14:20.879824" elapsed="0.000504"/>
</kw>
<kw name="Should Match Regexp" owner="BuiltIn">
<arg>${json_data['results'][0]['dob']['date']}</arg>
<arg>\\d{4}-\\d{2}-\\d{2}T\\d{2}:\\d{2}:\\d{2}\\.\\d{3}Z</arg>
<doc>Fails if ``string`` does not match ``pattern`` as a regular expression.</doc>
<status status="PASS" start="2024-06-17T17:14:20.880554" elapsed="0.000497"/>
</kw>
<kw name="Should Match Regexp" owner="BuiltIn">
<arg>${json_data['results'][0]['registered']['date']}</arg>
<arg>\\d{4}-\\d{2}-\\d{2}T\\d{2}:\\d{2}:\\d{2}\\.\\d{3}Z</arg>
<doc>Fails if ``string`` does not match ``pattern`` as a regular expression.</doc>
<status status="PASS" start="2024-06-17T17:14:20.881242" elapsed="0.000412"/>
</kw>
<kw name="Should Match Regexp" owner="BuiltIn">
<arg>${json_data['results'][0]['picture']['large']}</arg>
<arg>^https?://.*\.(?:png|jpe?g|gif|bmp)$</arg>
<doc>Fails if ``string`` does not match ``pattern`` as a regular expression.</doc>
<status status="PASS" start="2024-06-17T17:14:20.881841" elapsed="0.000462"/>
</kw>
<kw name="Should Match Regexp" owner="BuiltIn">
<arg>${json_data['results'][0]['picture']['medium']}</arg>
<arg>^https?://.*\.(?:png|jpe?g|gif|bmp)$</arg>
<doc>Fails if ``string`` does not match ``pattern`` as a regular expression.</doc>
<status status="PASS" start="2024-06-17T17:14:20.882495" elapsed="0.000358"/>
</kw>
<kw name="Should Match Regexp" owner="BuiltIn">
<arg>${json_data['results'][0]['picture']['thumbnail']}</arg>
<arg>^https?://.*\.(?:png|jpe?g|gif|bmp)$</arg>
<doc>Fails if ``string`` does not match ``pattern`` as a regular expression.</doc>
<status status="PASS" start="2024-06-17T17:14:20.883037" elapsed="0.000342"/>
</kw>
<kw name="Log" owner="BuiltIn">
<msg time="2024-06-17T17:14:20.883887" level="INFO">{'large': 'https://randomuser.me/api/portraits/women/24.jpg', 'medium': 'https://randomuser.me/api/portraits/med/women/24.jpg', 'thumbnail': 'https://randomuser.me/api/portraits/thumb/women/24.jpg'}</msg>
<arg>${json_data['results'][0]['picture']}</arg>
<doc>Logs the given message with the given level.</doc>
<status status="PASS" start="2024-06-17T17:14:20.883556" elapsed="0.000373"/>
</kw>
<status status="PASS" start="2024-06-17T17:14:20.778770" elapsed="0.105410"/>
</kw>
<kw name="Teste de Tipos de Dados - Postcode" owner="random-user-service">
<kw name="GET On Session" owner="RequestsLibrary">
<msg time="2024-06-17T17:14:21.143625" level="INFO">GET Request : url=https://randomuser.me/api 
 path_url=/api 
 headers={'User-Agent': 'python-requests/2.32.3', 'Accept-Encoding': 'gzip, deflate', 'Accept': '*/*', 'Connection': 'keep-alive'} 
 body=None 
 </msg>
<msg time="2024-06-17T17:14:21.143718" level="INFO">GET Response : url=https://randomuser.me/api 
 status=200, reason=OK 
 headers={'Date': 'Mon, 17 Jun 2024 17:14:21 GMT', 'Content-Type': 'application/json; charset=utf-8', 'Transfer-Encoding': 'chunked', 'Connection': 'keep-alive', 'X-Powered-By': 'Express', 'Access-Control-Allow-Origin': '*', 'Cache-Control': 'no-cache', 'ETag': 'W/"491-s9O1U+o8f1H6rNc/kcAp+kHqZoE"', 'Vary': 'Accept-Encoding', 'Content-Encoding': 'gzip', 'CF-Cache-Status': 'DYNAMIC', 'Report-To': '{"endpoints":[{"url":"https:\\/\\/a.nel.cloudflare.com\\/report\\/v4?s=ka6BFbmueOBR83Qqq4Ya07h7R7vrnD9%2By5ngw7Qg0Qdi28KwxI98vRCg9yCrXGQ166bhQTkm646PB1eVkIlVk%2B50GRYvL8p0buGBRxBvGCvpPyvYCLRX7leJR78SmT0c"}],"group":"cf-nel","max_age":604800}', 'NEL': '{"success_fraction":0,"report_to":"cf-nel","max_age":604800}', 'Server': 'cloudflare', 'CF-RAY': '8954ace88b3f9836-SJC', 'alt-svc': 'h3=":443"; ma=86400'} 
 body={"results":[{"gender":"male","name":{"title":"Mr","first":"Alexis","last":"Louis"},"location":{"street":{"number":3305,"name":"Rue Duquesne"},"city":"Montpellier","state":"Moselle","country":"France","postcode":31925,"coordinates":{"latitude":"-21.0831","longitude":"-41.1867"},"timezone":{"offset":"-3:00","description":"Brazil, Buenos Aires, Georgetown"}},"email":"alexis.louis@example.com","login":{"uuid":"0955e8b3-6e19-4b04-8192-54783d192cf7","username":"purplecat411","password":"abstr","salt":"A4gKRcsp","md5":"65bbade68dbf88c5b452bc3dfed0dd0f","sha1":"b871623b406da96ba32295ded8b425ecf554c8a3","sha256":"6d577a5c743877d6a09e0931caf1cf83bb9c0f470336356bf7e4cf14a0527714"},"dob":{"date":"1961-09-28T09:02:57.354Z","age":62},"registered":{"date":"2011-10-05T02:47:23.739Z","age":12},"phone":"01-80-51-89-40","cell":"06-73-81-76-15","id":{"name":"INSEE","value":"1610886798540 66"},"picture":{"large":"https://randomuser.me/api/portraits/men/55.jpg","medium":"https://randomuser.me/api/portraits/med/men/55.jpg","thumbnail":"https://randomuser.me/api/portraits/thumb/men/55.jpg"},"nat":"FR"}],"info":{"seed":"6872ea6f51ab35aa","results":1,"page":1,"version":"1.4"}} 
 </msg>
<msg time="2024-06-17T17:14:21.143802" level="INFO">/opt/hostedtoolcache/Python/3.12.3/x64/lib/python3.12/site-packages/urllib3/connectionpool.py:1099: InsecureRequestWarning: Unverified HTTPS request is being made to host 'randomuser.me'. Adding certificate verification is strongly advised. See: https://urllib3.readthedocs.io/en/latest/advanced-usage.html#tls-warnings
  warnings.warn(</msg>
<msg time="2024-06-17T17:14:21.143915" level="INFO">${response} = &lt;Response [200]&gt;</msg>
<var>${response}</var>
<arg>consultarAPI</arg>
<arg>/api</arg>
<doc>Sends a GET request on a previously created HTTP Session.</doc>
<status status="PASS" start="2024-06-17T17:14:20.884622" elapsed="0.259336"/>
</kw>
<kw name="Set Variable" owner="BuiltIn">
<msg time="2024-06-17T17:14:21.145161" level="INFO">${json_data} = {'results': [{'gender': 'male', 'name': {'title': 'Mr', 'first': 'Alexis', 'last': 'Louis'}, 'location': {'street': {'number': 3305, 'name': 'Rue Duquesne'}, 'city': 'Montpellier', 'state': 'Moselle',...</msg>
<var>${json_data}</var>
<arg>${response.json()}</arg>
<doc>Returns the given values which can then be assigned to a variables.</doc>
<status status="PASS" start="2024-06-17T17:14:21.144555" elapsed="0.000636"/>
</kw>
<kw name="Log" owner="BuiltIn">
<msg time="2024-06-17T17:14:21.145712" level="INFO">{'results': [{'gender': 'male', 'name': {'title': 'Mr', 'first': 'Alexis', 'last': 'Louis'}, 'location': {'street': {'number': 3305, 'name': 'Rue Duquesne'}, 'city': 'Montpellier', 'state': 'Moselle', 'country': 'France', 'postcode': 31925, 'coordinates': {'latitude': '-21.0831', 'longitude': '-41.1867'}, 'timezone': {'offset': '-3:00', 'description': 'Brazil, Buenos Aires, Georgetown'}}, 'email': 'alexis.louis@example.com', 'login': {'uuid': '0955e8b3-6e19-4b04-8192-54783d192cf7', 'username': 'purplecat411', 'password': 'abstr', 'salt': 'A4gKRcsp', 'md5': '65bbade68dbf88c5b452bc3dfed0dd0f', 'sha1': 'b871623b406da96ba32295ded8b425ecf554c8a3', 'sha256': '6d577a5c743877d6a09e0931caf1cf83bb9c0f470336356bf7e4cf14a0527714'}, 'dob': {'date': '1961-09-28T09:02:57.354Z', 'age': 62}, 'registered': {'date': '2011-10-05T02:47:23.739Z', 'age': 12}, 'phone': '01-80-51-89-40', 'cell': '06-73-81-76-15', 'id': {'name': 'INSEE', 'value': '1610886798540 66'}, 'picture': {'large': 'https://randomuser.me/api/portraits/men/55.jpg', 'medium': 'https://randomuser.me/api/portraits/med/men/55.jpg', 'thumbnail': 'https://randomuser.me/api/portraits/thumb/men/55.jpg'}, 'nat': 'FR'}], 'info': {'seed': '6872ea6f51ab35aa', 'results': 1, 'page': 1, 'version': '1.4'}}</msg>
<arg>${json_data}</arg>
<doc>Logs the given message with the given level.</doc>
<status status="PASS" start="2024-06-17T17:14:21.145540" elapsed="0.000226"/>
</kw>
<kw name="Should Be Equal As Numbers" owner="BuiltIn">
<arg>${json_data['results'][0]['location']['postcode']}</arg>
<arg>${json_data['results'][0]['location']['postcode']}</arg>
<doc>Fails if objects are unequal after converting them to real numbers.</doc>
<status status="PASS" start="2024-06-17T17:14:21.146070" elapsed="0.000614"/>
</kw>
<kw name="Log" owner="BuiltIn">
<msg time="2024-06-17T17:14:21.147209" level="INFO">31925</msg>
<arg>${json_data['results'][0]['location']['postcode']}</arg>
<doc>Logs the given message with the given level.</doc>
<status status="PASS" start="2024-06-17T17:14:21.146877" elapsed="0.000372"/>
</kw>
<status status="PASS" start="2024-06-17T17:14:20.884393" elapsed="0.263139"/>
</kw>
<doc>Testa se os tipos de dados na resposta da API estão corretos.</doc>
<tag>testeTiposDados</tag>
<status status="PASS" start="2024-06-17T17:14:20.778215" elapsed="0.369488"/>
</test>
<test id="s1-s1-t5" name="Validar conteudo" line="35">
<kw name="Teste de Tipos de Conteudo" owner="random-user-service">
<kw name="GET On Session" owner="RequestsLibrary">
<msg time="2024-06-17T17:14:21.367575" level="INFO">GET Request : url=https://randomuser.me/api 
 path_url=/api 
 headers={'User-Agent': 'python-requests/2.32.3', 'Accept-Encoding': 'gzip, deflate', 'Accept': '*/*', 'Connection': 'keep-alive'} 
 body=None 
 </msg>
<msg time="2024-06-17T17:14:21.367676" level="INFO">GET Response : url=https://randomuser.me/api 
 status=200, reason=OK 
 headers={'Date': 'Mon, 17 Jun 2024 17:14:21 GMT', 'Content-Type': 'application/json; charset=utf-8', 'Transfer-Encoding': 'chunked', 'Connection': 'keep-alive', 'X-Powered-By': 'Express', 'Access-Control-Allow-Origin': '*', 'Cache-Control': 'no-cache', 'ETag': 'W/"486-cYNZiXM7Pfv5mTz7oXC3EIbqd+Y"', 'Vary': 'Accept-Encoding', 'Content-Encoding': 'gzip', 'CF-Cache-Status': 'DYNAMIC', 'Report-To': '{"endpoints":[{"url":"https:\\/\\/a.nel.cloudflare.com\\/report\\/v4?s=9xp0o64xAoZNaX55%2FwIjAW4EszztFAkA3RzKsgLjwBwdZvEhETkVYkwUBDrownYVgYXZnJdcoHPksrwaAeCwr7%2BtqgGddlaewO%2FH4%2FaFJzVwbLOn%2BhEljba5Q4hUWrtL"}],"group":"cf-nel","max_age":604800}', 'NEL': '{"success_fraction":0,"report_to":"cf-nel","max_age":604800}', 'Server': 'cloudflare', 'CF-RAY': '8954acea3c559836-SJC', 'alt-svc': 'h3=":443"; ma=86400'} 
 body={"results":[{"gender":"female","name":{"title":"Mrs","first":"Jenisha","last":"Andrade"},"location":{"street":{"number":8327,"name":"Linking Rd"},"city":"Ghaziabad","state":"Madhya Pradesh","country":"India","postcode":66920,"coordinates":{"latitude":"11.8509","longitude":"128.8225"},"timezone":{"offset":"+9:30","description":"Adelaide, Darwin"}},"email":"jenisha.andrade@example.com","login":{"uuid":"418ed759-a5c6-4e78-b795-d14b0d652041","username":"goldensnake167","password":"mercedes","salt":"wXx5BFBB","md5":"36fe0ad0d2ab8c39c72a5f5b049659fa","sha1":"00f8145908f0ca1c8aee7162e791e4e41d352117","sha256":"d9b8ad6b2eb88bea8274dd22bce326a13e48e2b7e40df1ecea32e3fcd4378d1c"},"dob":{"date":"1962-02-20T04:23:31.446Z","age":62},"registered":{"date":"2016-07-07T13:02:19.372Z","age":7},"phone":"9431020605","cell":"7722489386","id":{"name":"UIDAI","value":"679366282732"},"picture":{"large":"https://randomuser.me/api/portraits/women/1.jpg","medium":"https://randomuser.me/api/portraits/med/women/1.jpg","thumbnail":"https://randomuser.me/api/portraits/thumb/women/1.jpg"},"nat":"IN"}],"info":{"seed":"45468807631f8362","results":1,"page":1,"version":"1.4"}} 
 </msg>
<msg time="2024-06-17T17:14:21.367751" level="INFO">/opt/hostedtoolcache/Python/3.12.3/x64/lib/python3.12/site-packages/urllib3/connectionpool.py:1099: InsecureRequestWarning: Unverified HTTPS request is being made to host 'randomuser.me'. Adding certificate verification is strongly advised. See: https://urllib3.readthedocs.io/en/latest/advanced-usage.html#tls-warnings
  warnings.warn(</msg>
<msg time="2024-06-17T17:14:21.367887" level="INFO">${response} = &lt;Response [200]&gt;</msg>
<var>${response}</var>
<arg>consultarAPI</arg>
<arg>/api</arg>
<doc>Sends a GET request on a previously created HTTP Session.</doc>
<status status="PASS" start="2024-06-17T17:14:21.150965" elapsed="0.216962"/>
</kw>
<kw name="Set Variable" owner="BuiltIn">
<msg time="2024-06-17T17:14:21.369119" level="INFO">${json_data} = {'results': [{'gender': 'female', 'name': {'title': 'Mrs', 'first': 'Jenisha', 'last': 'Andrade'}, 'location': {'street': {'number': 8327, 'name': 'Linking Rd'}, 'city': 'Ghaziabad', 'state': 'Madhya ...</msg>
<var>${json_data}</var>
<arg>${response.json()}</arg>
<doc>Returns the given values which can then be assigned to a variables.</doc>
<status status="PASS" start="2024-06-17T17:14:21.368552" elapsed="0.000596"/>
</kw>
<kw name="Set Variable" owner="BuiltIn">
<msg time="2024-06-17T17:14:21.369885" level="INFO">${name_title} = Mrs</msg>
<var>${name_title}</var>
<arg>${json_data["results"][0]["name"]["title"]}</arg>
<doc>Returns the given values which can then be assigned to a variables.</doc>
<status status="PASS" start="2024-06-17T17:14:21.369495" elapsed="0.000416"/>
</kw>
<kw name="Create List" owner="BuiltIn">
<msg time="2024-06-17T17:14:21.370365" level="INFO">${allowed_titles} = ['Mr', 'Ms', 'Miss', 'Mrs', 'Madame', 'Monsieur']</msg>
<var>${allowed_titles}</var>
<arg>Mr</arg>
<arg>Ms</arg>
<arg>Miss</arg>
<arg>Mrs</arg>
<arg>Madame</arg>
<arg>Monsieur</arg>
<doc>Returns a list containing given items.</doc>
<status status="PASS" start="2024-06-17T17:14:21.370215" elapsed="0.000174"/>
</kw>
<kw name="List Should Contain Value" owner="Collections">
<arg>${allowed_titles}</arg>
<arg>${name_title}</arg>
<doc>Fails if the ``value`` is not found from ``list``.</doc>
<status status="PASS" start="2024-06-17T17:14:21.370691" elapsed="0.000179"/>
</kw>
<kw name="Set Variable" owner="BuiltIn">
<msg time="2024-06-17T17:14:21.371420" level="INFO">${name_country} = IN</msg>
<var>${name_country}</var>
<arg>${json_data["results"][0]["nat"]}</arg>
<doc>Returns the given values which can then be assigned to a variables.</doc>
<status status="PASS" start="2024-06-17T17:14:21.371048" elapsed="0.000397"/>
</kw>
<kw name="Create List" owner="BuiltIn">
<msg time="2024-06-17T17:14:21.372339" level="INFO">${list_country} = ['AD', 'AE', 'AF', 'AG', 'AI', 'AL', 'AM', 'AO', 'AQ', 'AR', 'AS', 'AT', 'AU', 'AW', 'AX', 'AZ', 'BA', 'BB', 'BD', 'BE', 'BF', 'BG', 'BH', 'BI', 'BJ', 'BL', 'BM', 'BN', 'BO', 'BQ', 'BR', 'BS', 'BT', '...</msg>
<var>${list_country}</var>
<arg>AD</arg>
<arg>AE</arg>
<arg>AF</arg>
<arg>AG</arg>
<arg>AI</arg>
<arg>AL</arg>
<arg>AM</arg>
<arg>AO</arg>
<arg>AQ</arg>
<arg>AR</arg>
<arg>AS</arg>
<arg>AT</arg>
<arg>AU</arg>
<arg>AW</arg>
<arg>AX</arg>
<arg>AZ</arg>
<arg>BA</arg>
<arg>BB</arg>
<arg>BD</arg>
<arg>BE</arg>
<arg>BF</arg>
<arg>BG</arg>
<arg>BH</arg>
<arg>BI</arg>
<arg>BJ</arg>
<arg>BL</arg>
<arg>BM</arg>
<arg>BN</arg>
<arg>BO</arg>
<arg>BQ</arg>
<arg>BR</arg>
<arg>BS</arg>
<arg>BT</arg>
<arg>BV</arg>
<arg>BW</arg>
<arg>BY</arg>
<arg>BZ</arg>
<arg>CA</arg>
<arg>CC</arg>
<arg>CD</arg>
<arg>CF</arg>
<arg>CG</arg>
<arg>CH</arg>
<arg>CI</arg>
<arg>CK</arg>
<arg>CL</arg>
<arg>CM</arg>
<arg>CN</arg>
<arg>CO</arg>
<arg>CR</arg>
<arg>CU</arg>
<arg>CV</arg>
<arg>CW</arg>
<arg>CX</arg>
<arg>CY</arg>
<arg>CZ</arg>
<arg>DE</arg>
<arg>DJ</arg>
<arg>DK</arg>
<arg>DM</arg>
<arg>DO</arg>
<arg>DZ</arg>
<arg>EC</arg>
<arg>EE</arg>
<arg>EG</arg>
<arg>EH</arg>
<arg>ER</arg>
<arg>ES</arg>
<arg>ET</arg>
<arg>FI</arg>
<arg>FJ</arg>
<arg>FK</arg>
<arg>FM</arg>
<arg>FO</arg>
<arg>FR</arg>
<arg>GA</arg>
<arg>GB</arg>
<arg>GD</arg>
<arg>GE</arg>
<arg>GF</arg>
<arg>GG</arg>
<arg>GH</arg>
<arg>GI</arg>
<arg>GL</arg>
<arg>GM</arg>
<arg>GN</arg>
<arg>GP</arg>
<arg>GQ</arg>
<arg>GR</arg>
<arg>GS</arg>
<arg>GT</arg>
<arg>GU</arg>
<arg>GW</arg>
<arg>GY</arg>
<arg>HK</arg>
<arg>HM</arg>
<arg>HN</arg>
<arg>HR</arg>
<arg>HT</arg>
<arg>HU</arg>
<arg>ID</arg>
<arg>IE</arg>
<arg>IL</arg>
<arg>IM</arg>
<arg>IN</arg>
<arg>IO</arg>
<arg>IQ</arg>
<arg>IR</arg>
<arg>IS</arg>
<arg>IT</arg>
<arg>JE</arg>
<arg>JM</arg>
<arg>JO</arg>
<arg>JP</arg>
<arg>KE</arg>
<arg>KG</arg>
<arg>KH</arg>
<arg>KI</arg>
<arg>KM</arg>
<arg>KN</arg>
<arg>KP</arg>
<arg>KR</arg>
<arg>KW</arg>
<arg>KY</arg>
<arg>KZ</arg>
<arg>LA</arg>
<arg>LB</arg>
<arg>LC</arg>
<arg>LI</arg>
<arg>LK</arg>
<arg>LR</arg>
<arg>LS</arg>
<arg>LT</arg>
<arg>LU</arg>
<arg>LV</arg>
<arg>LY</arg>
<arg>MA</arg>
<arg>MC</arg>
<arg>MD</arg>
<arg>ME</arg>
<arg>MF</arg>
<arg>MG</arg>
<arg>MH</arg>
<arg>MK</arg>
<arg>ML</arg>
<arg>MM</arg>
<arg>MN</arg>
<arg>MO</arg>
<arg>MP</arg>
<arg>MQ</arg>
<arg>MR</arg>
<arg>MS</arg>
<arg>MT</arg>
<arg>MU</arg>
<arg>MV</arg>
<arg>MW</arg>
<arg>MX</arg>
<arg>MY</arg>
<arg>MZ</arg>
<arg>NA</arg>
<arg>NC</arg>
<arg>NE</arg>
<arg>NF</arg>
<arg>NG</arg>
<arg>NI</arg>
<arg>NL</arg>
<arg>NO</arg>
<arg>NP</arg>
<arg>NR</arg>
<arg>NU</arg>
<arg>NZ</arg>
<arg>OM</arg>
<arg>PA</arg>
<arg>PE</arg>
<arg>PF</arg>
<arg>PG</arg>
<arg>PH</arg>
<arg>PK</arg>
<arg>PL</arg>
<arg>PM</arg>
<arg>PN</arg>
<arg>PR</arg>
<arg>PS</arg>
<arg>PT</arg>
<arg>PW</arg>
<arg>PY</arg>
<arg>QA</arg>
<arg>RE</arg>
<arg>RO</arg>
<arg>RS</arg>
<arg>RU</arg>
<arg>RW</arg>
<arg>SA</arg>
<arg>SB</arg>
<arg>SC</arg>
<arg>SD</arg>
<arg>SE</arg>
<arg>SG</arg>
<arg>SH</arg>
<arg>SI</arg>
<arg>SJ</arg>
<arg>SK</arg>
<arg>SL</arg>
<arg>SM</arg>
<arg>SN</arg>
<arg>SO</arg>
<arg>SR</arg>
<arg>SS</arg>
<arg>ST</arg>
<arg>SV</arg>
<arg>SX</arg>
<arg>SY</arg>
<arg>SZ</arg>
<arg>TC</arg>
<arg>TD</arg>
<arg>TF</arg>
<arg>TG</arg>
<arg>TH</arg>
<arg>TJ</arg>
<arg>TK</arg>
<arg>TL</arg>
<arg>TM</arg>
<arg>TN</arg>
<arg>TO</arg>
<arg>TR</arg>
<arg>TT</arg>
<arg>TV</arg>
<arg>TW</arg>
<arg>TZ</arg>
<arg>UA</arg>
<arg>UG</arg>
<arg>UM</arg>
<arg>US</arg>
<arg>UY</arg>
<arg>UZ</arg>
<arg>VA</arg>
<arg>VC</arg>
<arg>VE</arg>
<arg>VG</arg>
<arg>VI</arg>
<arg>VN</arg>
<arg>VU</arg>
<arg>WF</arg>
<arg>WS</arg>
<arg>XK</arg>
<arg>YE</arg>
<arg>YT</arg>
<arg>ZA</arg>
<arg>ZM</arg>
<arg>ZW</arg>
<doc>Returns a list containing given items.</doc>
<status status="PASS" start="2024-06-17T17:14:21.371739" elapsed="0.000625"/>
</kw>
<kw name="List Should Contain Value" owner="Collections">
<arg>${list_country}</arg>
<arg>${name_country}</arg>
<doc>Fails if the ``value`` is not found from ``list``.</doc>
<status status="PASS" start="2024-06-17T17:14:21.373160" elapsed="0.000205"/>
</kw>
<kw name="Run Keyword If" owner="BuiltIn">
<kw name="Should Be True" owner="BuiltIn">
<arg>${True}</arg>
<doc>Fails if the given condition is not true.</doc>
<status status="PASS" start="2024-06-17T17:14:21.374463" elapsed="0.000142"/>
</kw>
<arg>${json_data["results"][0]["location"]["coordinates"]["latitude"]} &gt;= -90 and ${json_data["results"][0]["location"]["coordinates"]["latitude"]} &lt;= 90</arg>
<arg>Should Be True</arg>
<arg>${True}</arg>
<doc>Runs the given keyword with the given arguments, if ``condition`` is true.</doc>
<status status="PASS" start="2024-06-17T17:14:21.373586" elapsed="0.001151"/>
</kw>
<kw name="Run Keyword If" owner="BuiltIn">
<kw name="Should Be True" owner="BuiltIn">
<arg>${True}</arg>
<doc>Fails if the given condition is not true.</doc>
<status status="PASS" start="2024-06-17T17:14:21.375597" elapsed="0.000137"/>
</kw>
<arg>${json_data["results"][0]["location"]["coordinates"]["longitude"]} &gt;= -180 and ${json_data["results"][0]["location"]["coordinates"]["longitude"]} &lt;= 180</arg>
<arg>Should Be True</arg>
<arg>${True}</arg>
<doc>Runs the given keyword with the given arguments, if ``condition`` is true.</doc>
<status status="PASS" start="2024-06-17T17:14:21.374919" elapsed="0.000946"/>
</kw>
<status status="PASS" start="2024-06-17T17:14:21.150592" elapsed="0.225405"/>
</kw>
<doc>Testa o conteúdo específico dos campos retornados pela API.</doc>
<tag>testeConteudo</tag>
<status status="PASS" start="2024-06-17T17:14:21.149878" elapsed="0.226270"/>
</test>
<status status="PASS" start="2024-06-17T17:14:20.199314" elapsed="1.178816"/>
</suite>
<status status="PASS" start="2024-06-17T17:14:20.185727" elapsed="1.197488"/>
</suite>
<statistics>
<total>
<stat pass="5" fail="0" skip="0">All Tests</stat>
</total>
<tag>
<stat pass="1" fail="0" skip="0">testeConteudo</stat>
<stat pass="1" fail="0" skip="0">testeEstruturaResposta</stat>
<stat pass="1" fail="0" skip="0">testeRequisicaoBasica</stat>
<stat pass="1" fail="0" skip="0">testeTiposDados</stat>
</tag>
<suite>
<stat pass="5" fail="0" skip="0" id="s1" name="Tests">Tests</stat>
<stat pass="5" fail="0" skip="0" id="s1-s1" name="Random-User-Test">Tests.Random-User-Test</stat>
</suite>
</statistics>
<errors>
</errors>
</robot>
