<?xml version="1.0" encoding="UTF-8"?>
<robot generator="Robot 7.0 (Python 3.12.3 on linux)" generated="2024-05-30T16:18:42.006712" rpa="false" schemaversion="5">
<suite id="s1" name="Tests" source="/home/runner/work/ApiRandomUser/ApiRandomUser/RamdonUser/tests">
<suite id="s1-s1" name="Random-User-Test" source="/home/runner/work/ApiRandomUser/ApiRandomUser/RamdonUser/tests/random-user-test.robot">
<test id="s1-s1-t1" name="Conectar" line="13">
<kw name="Conectar API" owner="random-user-service">
<kw name="Create Session" owner="RequestsLibrary">
<msg time="2024-05-30T16:18:42.385632" level="INFO">Creating Session using : alias=consultarAPI, url=https://randomuser.me/, headers={},                     cookies={}, auth=None, timeout=None, proxies=None, verify=False,                     debug=0 </msg>
<arg>consultarAPI</arg>
<arg>${URL}</arg>
<doc>Create Session: create a HTTP session to a server</doc>
<status status="PASS" start="2024-05-30T16:18:42.385434" elapsed="0.000360"/>
</kw>
<status status="PASS" start="2024-05-30T16:18:42.384445" elapsed="0.001695"/>
</kw>
<status status="PASS" start="2024-05-30T16:18:42.383884" elapsed="0.002446"/>
</test>
<test id="s1-s1-t2" name="Validar retorno 200 e JSON Válido" line="16">
<kw name="Teste de Requisicao Basica" owner="random-user-service">
<kw name="GET On Session" owner="RequestsLibrary">
<msg time="2024-05-30T16:18:42.656289" level="INFO">GET Request : url=https://randomuser.me/api 
 path_url=/api 
 headers={'User-Agent': 'python-requests/2.32.3', 'Accept-Encoding': 'gzip, deflate', 'Accept': '*/*', 'Connection': 'keep-alive'} 
 body=None 
 </msg>
<msg time="2024-05-30T16:18:42.656410" level="INFO">GET Response : url=https://randomuser.me/api 
 status=200, reason=OK 
 headers={'Date': 'Thu, 30 May 2024 16:18:42 GMT', 'Content-Type': 'application/json; charset=utf-8', 'Transfer-Encoding': 'chunked', 'Connection': 'keep-alive', 'X-Powered-By': 'Express', 'Access-Control-Allow-Origin': '*', 'Cache-Control': 'no-cache', 'ETag': 'W/"4af-V+xiryK5nnE4YBXlffJ9jmLTfzk"', 'Vary': 'Accept-Encoding', 'Content-Encoding': 'gzip', 'CF-Cache-Status': 'DYNAMIC', 'Report-To': '{"endpoints":[{"url":"https:\\/\\/a.nel.cloudflare.com\\/report\\/v4?s=BfHRB1rTUQrHTpbnJGFD4lzxHnb7DvdE6asapTT3Gi8r%2FVbJ96j3zFphXDdohlJWgjOWqKmQqX%2F5C1bfc%2B9b9gN8SA6a5iM%2BpjL7m3WRNiMTP6uoIVOwlb8nPB8Es7Ds"}],"group":"cf-nel","max_age":604800}', 'NEL': '{"success_fraction":0,"report_to":"cf-nel","max_age":604800}', 'Server': 'cloudflare', 'CF-RAY': '88c00aa78bfc0fd4-LAX', 'alt-svc': 'h3=":443"; ma=86400'} 
 body={"results":[{"gender":"female","name":{"title":"Mrs","first":"Cristy","last":"Van Plateringen"},"location":{"street":{"number":559,"name":"Gagelvenseweg"},"city":"Feinsum","state":"Flevoland","country":"Netherlands","postcode":"9737 VQ","coordinates":{"latitude":"37.8149","longitude":"79.6784"},"timezone":{"offset":"+10:00","description":"Eastern Australia, Guam, Vladivostok"}},"email":"cristy.vanplateringen@example.com","login":{"uuid":"2d8f0931-c398-40c2-b1fc-d352d46cb62e","username":"silversnake303","password":"yyyyyyy","salt":"mIHbUkCd","md5":"07b5994a8abfb509152b5cfe623abae2","sha1":"c72a14bdb9d8da572870a586081c03064fb17dc8","sha256":"10ce03cf4b3dd381c03270713281b3ebe6ede8b78ee7bb5888eef27c7c2c1e21"},"dob":{"date":"1962-08-06T20:59:06.475Z","age":61},"registered":{"date":"2005-09-01T23:28:37.291Z","age":18},"phone":"(034) 7731800","cell":"(06) 75031871","id":{"name":"BSN","value":"11505402"},"picture":{"large":"https://randomuser.me/api/portraits/women/80.jpg","medium":"https://randomuser.me/api/portraits/med/women/80.jpg","thumbnail":"https://randomuser.me/api/portraits/thumb/women/80.jpg"},"nat":"NL"}],"info":{"seed":"ef403170976d803c","results":1,"page":1,"version":"1.4"}} 
 </msg>
<msg time="2024-05-30T16:18:42.656482" level="INFO">/opt/hostedtoolcache/Python/3.12.3/x64/lib/python3.12/site-packages/urllib3/connectionpool.py:1103: InsecureRequestWarning: Unverified HTTPS request is being made to host 'randomuser.me'. Adding certificate verification is strongly advised. See: https://urllib3.readthedocs.io/en/latest/advanced-usage.html#tls-warnings
  warnings.warn(</msg>
<msg time="2024-05-30T16:18:42.656619" level="INFO">${response} = &lt;Response [200]&gt;</msg>
<var>${response}</var>
<arg>consultarAPI</arg>
<arg>/api</arg>
<doc>Sends a GET request on a previously created HTTP Session.</doc>
<status status="PASS" start="2024-05-30T16:18:42.388937" elapsed="0.267721"/>
</kw>
<kw name="Should Be Equal As Numbers" owner="BuiltIn">
<msg time="2024-05-30T16:18:42.657518" level="INFO">Argument types are:
&lt;class 'int'&gt;
&lt;class 'str'&gt;</msg>
<arg>${response.status_code}</arg>
<arg>200</arg>
<doc>Fails if objects are unequal after converting them to real numbers.</doc>
<status status="PASS" start="2024-05-30T16:18:42.657096" elapsed="0.000485"/>
</kw>
<kw name="Log" owner="BuiltIn">
<msg time="2024-05-30T16:18:42.658247" level="INFO">200</msg>
<arg>${response.status_code}</arg>
<doc>Logs the given message with the given level.</doc>
<status status="PASS" start="2024-05-30T16:18:42.657904" elapsed="0.000391"/>
</kw>
<kw name="Set Variable" owner="BuiltIn">
<msg time="2024-05-30T16:18:42.659016" level="INFO">${json_data} = {'results': [{'gender': 'female', 'name': {'title': 'Mrs', 'first': 'Cristy', 'last': 'Van Plateringen'}, 'location': {'street': {'number': 559, 'name': 'Gagelvenseweg'}, 'city': 'Feinsum', 'state': '...</msg>
<var>${json_data}</var>
<arg>${response.json()}</arg>
<doc>Returns the given values which can then be assigned to a variables.</doc>
<status status="PASS" start="2024-05-30T16:18:42.658597" elapsed="0.000447"/>
</kw>
<kw name="Dictionary Should Contain Key" owner="Collections">
<msg time="2024-05-30T16:18:42.659537" level="INFO">False</msg>
<arg>${json_data}</arg>
<arg>results</arg>
<doc>Fails if ``key`` is not found from ``dictionary``.</doc>
<status status="PASS" start="2024-05-30T16:18:42.659368" elapsed="0.000345"/>
</kw>
<status status="PASS" start="2024-05-30T16:18:42.388698" elapsed="0.271302"/>
</kw>
<doc>Testa se a API responde corretamente e retorna um objeto JSON válido.</doc>
<tag>testeRequisicaoBasica</tag>
<status status="PASS" start="2024-05-30T16:18:42.388235" elapsed="0.271980"/>
</test>
<test id="s1-s1-t3" name="Validar estrutura de resposta" line="22">
<kw name="Teste de Estrutura de Resposta" owner="random-user-service">
<kw name="GET On Session" owner="RequestsLibrary">
<msg time="2024-05-30T16:18:42.768459" level="INFO">GET Request : url=https://randomuser.me/api 
 path_url=/api 
 headers={'User-Agent': 'python-requests/2.32.3', 'Accept-Encoding': 'gzip, deflate', 'Accept': '*/*', 'Connection': 'keep-alive'} 
 body=None 
 </msg>
<msg time="2024-05-30T16:18:42.768529" level="INFO">GET Response : url=https://randomuser.me/api 
 status=200, reason=OK 
 headers={'Date': 'Thu, 30 May 2024 16:18:42 GMT', 'Content-Type': 'application/json; charset=utf-8', 'Transfer-Encoding': 'chunked', 'Connection': 'keep-alive', 'X-Powered-By': 'Express', 'Access-Control-Allow-Origin': '*', 'Cache-Control': 'no-cache', 'ETag': 'W/"470-kv4PdcZo2awWJzFeO9C729RgXDo"', 'Vary': 'Accept-Encoding', 'Content-Encoding': 'gzip', 'CF-Cache-Status': 'DYNAMIC', 'Report-To': '{"endpoints":[{"url":"https:\\/\\/a.nel.cloudflare.com\\/report\\/v4?s=QikIWBSc%2BY24g0bIb49Vcj6OsrX5SwzKHDTRmLjOjMBwbvyQ%2BZVbc3j1GTp9m72nEthzalLQZ4YNysPcKHofzoBBVx8PYskKxEkKuKAtfLiE83Atwu1vjH%2Bf93CbmT5q"}],"group":"cf-nel","max_age":604800}', 'NEL': '{"success_fraction":0,"report_to":"cf-nel","max_age":604800}', 'Server': 'cloudflare', 'CF-RAY': '88c00aa8adf30fd4-LAX', 'alt-svc': 'h3=":443"; ma=86400'} 
 body={"results":[{"gender":"female","name":{"title":"Mrs","first":"دینا","last":"رضایی"},"location":{"street":{"number":605,"name":"میدان قیام"},"city":"تهران","state":"همدان","country":"Iran","postcode":15085,"coordinates":{"latitude":"19.8492","longitude":"13.4744"},"timezone":{"offset":"-9:00","description":"Alaska"}},"email":"dyn.rdyy@example.com","login":{"uuid":"52a20c5b-0373-4ffe-9c36-2343c0ae9f85","username":"happydog274","password":"clark","salt":"nCn875ZW","md5":"0f8d7becfdf17fdd599bdb79ac5c8011","sha1":"5fb573bd10f5d77611470730e9d347b14bc54f94","sha256":"fb6e85ea1a33095f652d06763f7450ee596e849f2b52e4385fa52ebb44665679"},"dob":{"date":"1961-12-12T13:27:18.287Z","age":62},"registered":{"date":"2006-08-28T17:16:03.226Z","age":17},"phone":"006-96953047","cell":"0986-796-1260","id":{"name":"","value":null},"picture":{"large":"https://randomuser.me/api/portraits/women/74.jpg","medium":"https://randomuser.me/api/portraits/med/women/74.jpg","thumbnail":"https://randomuser.me/api/portraits/thumb/women/74.jpg"},"nat":"IR"}],"info":{"seed":"ca54e9be548bc314","results":1,"page":1,"version":"1.4"}} 
 </msg>
<msg time="2024-05-30T16:18:42.768628" level="INFO">/opt/hostedtoolcache/Python/3.12.3/x64/lib/python3.12/site-packages/urllib3/connectionpool.py:1103: InsecureRequestWarning: Unverified HTTPS request is being made to host 'randomuser.me'. Adding certificate verification is strongly advised. See: https://urllib3.readthedocs.io/en/latest/advanced-usage.html#tls-warnings
  warnings.warn(</msg>
<msg time="2024-05-30T16:18:42.768740" level="INFO">${response} = &lt;Response [200]&gt;</msg>
<var>${response}</var>
<arg>consultarAPI</arg>
<arg>/api</arg>
<doc>Sends a GET request on a previously created HTTP Session.</doc>
<status status="PASS" start="2024-05-30T16:18:42.662868" elapsed="0.105909"/>
</kw>
<kw name="Set Variable" owner="BuiltIn">
<msg time="2024-05-30T16:18:42.769594" level="INFO">${json_data} = {'results': [{'gender': 'female', 'name': {'title': 'Mrs', 'first': 'دینا', 'last': 'رضایی'}, 'location': {'street': {'number': 605, 'name': 'میدان قیام'}, 'city': 'تهران', 'state': 'همدان', 'country'...</msg>
<var>${json_data}</var>
<arg>${response.json()}</arg>
<doc>Returns the given values which can then be assigned to a variables.</doc>
<status status="PASS" start="2024-05-30T16:18:42.769130" elapsed="0.000499"/>
</kw>
<kw name="Log" owner="BuiltIn">
<msg time="2024-05-30T16:18:42.770099" level="INFO">{'results': [{'gender': 'female', 'name': {'title': 'Mrs', 'first': 'دینا', 'last': 'رضایی'}, 'location': {'street': {'number': 605, 'name': 'میدان قیام'}, 'city': 'تهران', 'state': 'همدان', 'country': 'Iran', 'postcode': 15085, 'coordinates': {'latitude': '19.8492', 'longitude': '13.4744'}, 'timezone': {'offset': '-9:00', 'description': 'Alaska'}}, 'email': 'dyn.rdyy@example.com', 'login': {'uuid': '52a20c5b-0373-4ffe-9c36-2343c0ae9f85', 'username': 'happydog274', 'password': 'clark', 'salt': 'nCn875ZW', 'md5': '0f8d7becfdf17fdd599bdb79ac5c8011', 'sha1': '5fb573bd10f5d77611470730e9d347b14bc54f94', 'sha256': 'fb6e85ea1a33095f652d06763f7450ee596e849f2b52e4385fa52ebb44665679'}, 'dob': {'date': '1961-12-12T13:27:18.287Z', 'age': 62}, 'registered': {'date': '2006-08-28T17:16:03.226Z', 'age': 17}, 'phone': '006-96953047', 'cell': '0986-796-1260', 'id': {'name': '', 'value': None}, 'picture': {'large': 'https://randomuser.me/api/portraits/women/74.jpg', 'medium': 'https://randomuser.me/api/portraits/med/women/74.jpg', 'thumbnail': 'https://randomuser.me/api/portraits/thumb/women/74.jpg'}, 'nat': 'IR'}], 'info': {'seed': 'ca54e9be548bc314', 'results': 1, 'page': 1, 'version': '1.4'}}</msg>
<arg>${json_data}</arg>
<doc>Logs the given message with the given level.</doc>
<status status="PASS" start="2024-05-30T16:18:42.769939" elapsed="0.000210"/>
</kw>
<kw name="Dictionary Should Contain Key" owner="Collections">
<msg time="2024-05-30T16:18:42.770599" level="INFO">False</msg>
<arg>${json_data}</arg>
<arg>results</arg>
<doc>Fails if ``key`` is not found from ``dictionary``.</doc>
<status status="PASS" start="2024-05-30T16:18:42.770449" elapsed="0.000187"/>
</kw>
<kw name="Should Not Be Empty" owner="BuiltIn">
<msg time="2024-05-30T16:18:42.771056" level="INFO">Length is 2.</msg>
<arg>${json_data}</arg>
<doc>Verifies that the given item is not empty.</doc>
<status status="PASS" start="2024-05-30T16:18:42.770922" elapsed="0.000172"/>
</kw>
<kw name="Create List" owner="BuiltIn">
<msg time="2024-05-30T16:18:42.771534" level="INFO">${expected_keys} = ['gender', 'name', 'location', 'email', 'login']</msg>
<var>${expected_keys}</var>
<arg>gender</arg>
<arg>name</arg>
<arg>location</arg>
<arg>email</arg>
<arg>login</arg>
<doc>Returns a list containing given items.</doc>
<status status="PASS" start="2024-05-30T16:18:42.771390" elapsed="0.000167"/>
</kw>
<for flavor="IN">
<iter>
<kw name="Dictionary Should Contain Key" owner="Collections">
<msg time="2024-05-30T16:18:42.772552" level="INFO">False</msg>
<arg>${json_data['results'][0]}</arg>
<arg>${key}</arg>
<doc>Fails if ``key`` is not found from ``dictionary``.</doc>
<status status="PASS" start="2024-05-30T16:18:42.772118" elapsed="0.000477"/>
</kw>
<kw name="Log" owner="BuiltIn">
<msg time="2024-05-30T16:18:42.773271" level="INFO">{'gender': 'female', 'name': {'title': 'Mrs', 'first': 'دینا', 'last': 'رضایی'}, 'location': {'street': {'number': 605, 'name': 'میدان قیام'}, 'city': 'تهران', 'state': 'همدان', 'country': 'Iran', 'postcode': 15085, 'coordinates': {'latitude': '19.8492', 'longitude': '13.4744'}, 'timezone': {'offset': '-9:00', 'description': 'Alaska'}}, 'email': 'dyn.rdyy@example.com', 'login': {'uuid': '52a20c5b-0373-4ffe-9c36-2343c0ae9f85', 'username': 'happydog274', 'password': 'clark', 'salt': 'nCn875ZW', 'md5': '0f8d7becfdf17fdd599bdb79ac5c8011', 'sha1': '5fb573bd10f5d77611470730e9d347b14bc54f94', 'sha256': 'fb6e85ea1a33095f652d06763f7450ee596e849f2b52e4385fa52ebb44665679'}, 'dob': {'date': '1961-12-12T13:27:18.287Z', 'age': 62}, 'registered': {'date': '2006-08-28T17:16:03.226Z', 'age': 17}, 'phone': '006-96953047', 'cell': '0986-796-1260', 'id': {'name': '', 'value': None}, 'picture': {'large': 'https://randomuser.me/api/portraits/women/74.jpg', 'medium': 'https://randomuser.me/api/portraits/med/women/74.jpg', 'thumbnail': 'https://randomuser.me/api/portraits/thumb/women/74.jpg'}, 'nat': 'IR'}</msg>
<arg>${json_data['results'][0]}</arg>
<doc>Logs the given message with the given level.</doc>
<status status="PASS" start="2024-05-30T16:18:42.772896" elapsed="0.000428"/>
</kw>
<kw name="Log" owner="BuiltIn">
<msg time="2024-05-30T16:18:42.773752" level="INFO">gender</msg>
<arg>${key}</arg>
<doc>Logs the given message with the given level.</doc>
<status status="PASS" start="2024-05-30T16:18:42.773623" elapsed="0.000167"/>
</kw>
<var name="${key}">gender</var>
<status status="PASS" start="2024-05-30T16:18:42.771988" elapsed="0.002016"/>
</iter>
<iter>
<kw name="Dictionary Should Contain Key" owner="Collections">
<msg time="2024-05-30T16:18:42.774686" level="INFO">False</msg>
<arg>${json_data['results'][0]}</arg>
<arg>${key}</arg>
<doc>Fails if ``key`` is not found from ``dictionary``.</doc>
<status status="PASS" start="2024-05-30T16:18:42.774300" elapsed="0.000423"/>
</kw>
<kw name="Log" owner="BuiltIn">
<msg time="2024-05-30T16:18:42.775410" level="INFO">{'gender': 'female', 'name': {'title': 'Mrs', 'first': 'دینا', 'last': 'رضایی'}, 'location': {'street': {'number': 605, 'name': 'میدان قیام'}, 'city': 'تهران', 'state': 'همدان', 'country': 'Iran', 'postcode': 15085, 'coordinates': {'latitude': '19.8492', 'longitude': '13.4744'}, 'timezone': {'offset': '-9:00', 'description': 'Alaska'}}, 'email': 'dyn.rdyy@example.com', 'login': {'uuid': '52a20c5b-0373-4ffe-9c36-2343c0ae9f85', 'username': 'happydog274', 'password': 'clark', 'salt': 'nCn875ZW', 'md5': '0f8d7becfdf17fdd599bdb79ac5c8011', 'sha1': '5fb573bd10f5d77611470730e9d347b14bc54f94', 'sha256': 'fb6e85ea1a33095f652d06763f7450ee596e849f2b52e4385fa52ebb44665679'}, 'dob': {'date': '1961-12-12T13:27:18.287Z', 'age': 62}, 'registered': {'date': '2006-08-28T17:16:03.226Z', 'age': 17}, 'phone': '006-96953047', 'cell': '0986-796-1260', 'id': {'name': '', 'value': None}, 'picture': {'large': 'https://randomuser.me/api/portraits/women/74.jpg', 'medium': 'https://randomuser.me/api/portraits/med/women/74.jpg', 'thumbnail': 'https://randomuser.me/api/portraits/thumb/women/74.jpg'}, 'nat': 'IR'}</msg>
<arg>${json_data['results'][0]}</arg>
<doc>Logs the given message with the given level.</doc>
<status status="PASS" start="2024-05-30T16:18:42.775049" elapsed="0.000412"/>
</kw>
<kw name="Log" owner="BuiltIn">
<msg time="2024-05-30T16:18:42.775892" level="INFO">name</msg>
<arg>${key}</arg>
<doc>Logs the given message with the given level.</doc>
<status status="PASS" start="2024-05-30T16:18:42.775762" elapsed="0.000168"/>
</kw>
<var name="${key}">name</var>
<status status="PASS" start="2024-05-30T16:18:42.774187" elapsed="0.001976"/>
</iter>
<iter>
<kw name="Dictionary Should Contain Key" owner="Collections">
<msg time="2024-05-30T16:18:42.776851" level="INFO">False</msg>
<arg>${json_data['results'][0]}</arg>
<arg>${key}</arg>
<doc>Fails if ``key`` is not found from ``dictionary``.</doc>
<status status="PASS" start="2024-05-30T16:18:42.776468" elapsed="0.000421"/>
</kw>
<kw name="Log" owner="BuiltIn">
<msg time="2024-05-30T16:18:42.777560" level="INFO">{'gender': 'female', 'name': {'title': 'Mrs', 'first': 'دینا', 'last': 'رضایی'}, 'location': {'street': {'number': 605, 'name': 'میدان قیام'}, 'city': 'تهران', 'state': 'همدان', 'country': 'Iran', 'postcode': 15085, 'coordinates': {'latitude': '19.8492', 'longitude': '13.4744'}, 'timezone': {'offset': '-9:00', 'description': 'Alaska'}}, 'email': 'dyn.rdyy@example.com', 'login': {'uuid': '52a20c5b-0373-4ffe-9c36-2343c0ae9f85', 'username': 'happydog274', 'password': 'clark', 'salt': 'nCn875ZW', 'md5': '0f8d7becfdf17fdd599bdb79ac5c8011', 'sha1': '5fb573bd10f5d77611470730e9d347b14bc54f94', 'sha256': 'fb6e85ea1a33095f652d06763f7450ee596e849f2b52e4385fa52ebb44665679'}, 'dob': {'date': '1961-12-12T13:27:18.287Z', 'age': 62}, 'registered': {'date': '2006-08-28T17:16:03.226Z', 'age': 17}, 'phone': '006-96953047', 'cell': '0986-796-1260', 'id': {'name': '', 'value': None}, 'picture': {'large': 'https://randomuser.me/api/portraits/women/74.jpg', 'medium': 'https://randomuser.me/api/portraits/med/women/74.jpg', 'thumbnail': 'https://randomuser.me/api/portraits/thumb/women/74.jpg'}, 'nat': 'IR'}</msg>
<arg>${json_data['results'][0]}</arg>
<doc>Logs the given message with the given level.</doc>
<status status="PASS" start="2024-05-30T16:18:42.777190" elapsed="0.000425"/>
</kw>
<kw name="Log" owner="BuiltIn">
<msg time="2024-05-30T16:18:42.778041" level="INFO">location</msg>
<arg>${key}</arg>
<doc>Logs the given message with the given level.</doc>
<status status="PASS" start="2024-05-30T16:18:42.777915" elapsed="0.000163"/>
</kw>
<var name="${key}">location</var>
<status status="PASS" start="2024-05-30T16:18:42.776349" elapsed="0.001941"/>
</iter>
<iter>
<kw name="Dictionary Should Contain Key" owner="Collections">
<msg time="2024-05-30T16:18:42.779052" level="INFO">False</msg>
<arg>${json_data['results'][0]}</arg>
<arg>${key}</arg>
<doc>Fails if ``key`` is not found from ``dictionary``.</doc>
<status status="PASS" start="2024-05-30T16:18:42.778571" elapsed="0.000519"/>
</kw>
<kw name="Log" owner="BuiltIn">
<msg time="2024-05-30T16:18:42.779749" level="INFO">{'gender': 'female', 'name': {'title': 'Mrs', 'first': 'دینا', 'last': 'رضایی'}, 'location': {'street': {'number': 605, 'name': 'میدان قیام'}, 'city': 'تهران', 'state': 'همدان', 'country': 'Iran', 'postcode': 15085, 'coordinates': {'latitude': '19.8492', 'longitude': '13.4744'}, 'timezone': {'offset': '-9:00', 'description': 'Alaska'}}, 'email': 'dyn.rdyy@example.com', 'login': {'uuid': '52a20c5b-0373-4ffe-9c36-2343c0ae9f85', 'username': 'happydog274', 'password': 'clark', 'salt': 'nCn875ZW', 'md5': '0f8d7becfdf17fdd599bdb79ac5c8011', 'sha1': '5fb573bd10f5d77611470730e9d347b14bc54f94', 'sha256': 'fb6e85ea1a33095f652d06763f7450ee596e849f2b52e4385fa52ebb44665679'}, 'dob': {'date': '1961-12-12T13:27:18.287Z', 'age': 62}, 'registered': {'date': '2006-08-28T17:16:03.226Z', 'age': 17}, 'phone': '006-96953047', 'cell': '0986-796-1260', 'id': {'name': '', 'value': None}, 'picture': {'large': 'https://randomuser.me/api/portraits/women/74.jpg', 'medium': 'https://randomuser.me/api/portraits/med/women/74.jpg', 'thumbnail': 'https://randomuser.me/api/portraits/thumb/women/74.jpg'}, 'nat': 'IR'}</msg>
<arg>${json_data['results'][0]}</arg>
<doc>Logs the given message with the given level.</doc>
<status status="PASS" start="2024-05-30T16:18:42.779388" elapsed="0.000412"/>
</kw>
<kw name="Log" owner="BuiltIn">
<msg time="2024-05-30T16:18:42.780247" level="INFO">email</msg>
<arg>${key}</arg>
<doc>Logs the given message with the given level.</doc>
<status status="PASS" start="2024-05-30T16:18:42.780097" elapsed="0.000188"/>
</kw>
<var name="${key}">email</var>
<status status="PASS" start="2024-05-30T16:18:42.778461" elapsed="0.002056"/>
</iter>
<iter>
<kw name="Dictionary Should Contain Key" owner="Collections">
<msg time="2024-05-30T16:18:42.781180" level="INFO">False</msg>
<arg>${json_data['results'][0]}</arg>
<arg>${key}</arg>
<doc>Fails if ``key`` is not found from ``dictionary``.</doc>
<status status="PASS" start="2024-05-30T16:18:42.780808" elapsed="0.000408"/>
</kw>
<kw name="Log" owner="BuiltIn">
<msg time="2024-05-30T16:18:42.781869" level="INFO">{'gender': 'female', 'name': {'title': 'Mrs', 'first': 'دینا', 'last': 'رضایی'}, 'location': {'street': {'number': 605, 'name': 'میدان قیام'}, 'city': 'تهران', 'state': 'همدان', 'country': 'Iran', 'postcode': 15085, 'coordinates': {'latitude': '19.8492', 'longitude': '13.4744'}, 'timezone': {'offset': '-9:00', 'description': 'Alaska'}}, 'email': 'dyn.rdyy@example.com', 'login': {'uuid': '52a20c5b-0373-4ffe-9c36-2343c0ae9f85', 'username': 'happydog274', 'password': 'clark', 'salt': 'nCn875ZW', 'md5': '0f8d7becfdf17fdd599bdb79ac5c8011', 'sha1': '5fb573bd10f5d77611470730e9d347b14bc54f94', 'sha256': 'fb6e85ea1a33095f652d06763f7450ee596e849f2b52e4385fa52ebb44665679'}, 'dob': {'date': '1961-12-12T13:27:18.287Z', 'age': 62}, 'registered': {'date': '2006-08-28T17:16:03.226Z', 'age': 17}, 'phone': '006-96953047', 'cell': '0986-796-1260', 'id': {'name': '', 'value': None}, 'picture': {'large': 'https://randomuser.me/api/portraits/women/74.jpg', 'medium': 'https://randomuser.me/api/portraits/med/women/74.jpg', 'thumbnail': 'https://randomuser.me/api/portraits/thumb/women/74.jpg'}, 'nat': 'IR'}</msg>
<arg>${json_data['results'][0]}</arg>
<doc>Logs the given message with the given level.</doc>
<status status="PASS" start="2024-05-30T16:18:42.781505" elapsed="0.000413"/>
</kw>
<kw name="Log" owner="BuiltIn">
<msg time="2024-05-30T16:18:42.782337" level="INFO">login</msg>
<arg>${key}</arg>
<doc>Logs the given message with the given level.</doc>
<status status="PASS" start="2024-05-30T16:18:42.782210" elapsed="0.000163"/>
</kw>
<var name="${key}">login</var>
<status status="PASS" start="2024-05-30T16:18:42.780697" elapsed="0.001890"/>
</iter>
<var>${key}</var>
<value>@{expected_keys}</value>
<status status="PASS" start="2024-05-30T16:18:42.771809" elapsed="0.010903"/>
</for>
<kw name="Create List" owner="BuiltIn">
<msg time="2024-05-30T16:18:42.783070" level="INFO">${expected_keysTwo} = ['username', 'password']</msg>
<var>${expected_keysTwo}</var>
<arg>username</arg>
<arg>password</arg>
<doc>Returns a list containing given items.</doc>
<status status="PASS" start="2024-05-30T16:18:42.782933" elapsed="0.000161"/>
</kw>
<for flavor="IN">
<iter>
<kw name="Dictionary Should Contain Key" owner="Collections">
<msg time="2024-05-30T16:18:42.783969" level="INFO">False</msg>
<arg>${json_data['results'][0]['login']}</arg>
<arg>${keyTwo}</arg>
<doc>Fails if ``key`` is not found from ``dictionary``.</doc>
<status status="PASS" start="2024-05-30T16:18:42.783588" elapsed="0.000417"/>
</kw>
<kw name="Dictionary Should Contain Key" owner="Collections">
<msg time="2024-05-30T16:18:42.784709" level="INFO">False</msg>
<arg>${json_data['results'][0]['login']}</arg>
<arg>${keyTwo}</arg>
<doc>Fails if ``key`` is not found from ``dictionary``.</doc>
<status status="PASS" start="2024-05-30T16:18:42.784327" elapsed="0.000418"/>
</kw>
<kw name="Log" owner="BuiltIn">
<msg time="2024-05-30T16:18:42.785159" level="INFO">username</msg>
<arg>${keyTwo}</arg>
<doc>Logs the given message with the given level.</doc>
<status status="PASS" start="2024-05-30T16:18:42.785034" elapsed="0.000162"/>
</kw>
<var name="${keyTwo}">username</var>
<status status="PASS" start="2024-05-30T16:18:42.783479" elapsed="0.001928"/>
</iter>
<iter>
<kw name="Dictionary Should Contain Key" owner="Collections">
<msg time="2024-05-30T16:18:42.786066" level="INFO">False</msg>
<arg>${json_data['results'][0]['login']}</arg>
<arg>${keyTwo}</arg>
<doc>Fails if ``key`` is not found from ``dictionary``.</doc>
<status status="PASS" start="2024-05-30T16:18:42.785687" elapsed="0.000416"/>
</kw>
<kw name="Dictionary Should Contain Key" owner="Collections">
<msg time="2024-05-30T16:18:42.786783" level="INFO">False</msg>
<arg>${json_data['results'][0]['login']}</arg>
<arg>${keyTwo}</arg>
<doc>Fails if ``key`` is not found from ``dictionary``.</doc>
<status status="PASS" start="2024-05-30T16:18:42.786402" elapsed="0.000418"/>
</kw>
<kw name="Log" owner="BuiltIn">
<msg time="2024-05-30T16:18:42.787232" level="INFO">password</msg>
<arg>${keyTwo}</arg>
<doc>Logs the given message with the given level.</doc>
<status status="PASS" start="2024-05-30T16:18:42.787106" elapsed="0.000163"/>
</kw>
<var name="${keyTwo}">password</var>
<status status="PASS" start="2024-05-30T16:18:42.785578" elapsed="0.001907"/>
</iter>
<var>${keyTwo}</var>
<value>@{expected_keysTwo}</value>
<status status="PASS" start="2024-05-30T16:18:42.783328" elapsed="0.004275"/>
</for>
<status status="PASS" start="2024-05-30T16:18:42.662636" elapsed="0.125100"/>
</kw>
<doc>Testa a estrutura da resposta da API.</doc>
<tag>testeEstruturaResposta</tag>
<status status="PASS" start="2024-05-30T16:18:42.662085" elapsed="0.125797"/>
</test>
<test id="s1-s1-t4" name="Validar tipos de dados" line="28">
<kw name="Teste de Tipos de Dados" owner="random-user-service">
<kw name="GET On Session" owner="RequestsLibrary">
<msg time="2024-05-30T16:18:42.909763" level="INFO">GET Request : url=https://randomuser.me/api 
 path_url=/api 
 headers={'User-Agent': 'python-requests/2.32.3', 'Accept-Encoding': 'gzip, deflate', 'Accept': '*/*', 'Connection': 'keep-alive'} 
 body=None 
 </msg>
<msg time="2024-05-30T16:18:42.909828" level="INFO">GET Response : url=https://randomuser.me/api 
 status=200, reason=OK 
 headers={'Date': 'Thu, 30 May 2024 16:18:42 GMT', 'Content-Type': 'application/json; charset=utf-8', 'Transfer-Encoding': 'chunked', 'Connection': 'keep-alive', 'X-Powered-By': 'Express', 'Access-Control-Allow-Origin': '*', 'Cache-Control': 'no-cache', 'ETag': 'W/"485-mxWWoVo+JSHxmbkvhLic1Z6JemE"', 'Vary': 'Accept-Encoding', 'Content-Encoding': 'gzip', 'CF-Cache-Status': 'DYNAMIC', 'Report-To': '{"endpoints":[{"url":"https:\\/\\/a.nel.cloudflare.com\\/report\\/v4?s=72tg%2Ffy9sgsTssizv4%2F8VSck%2FXVEwhOAOBlFUF%2FWFuggfvOR5zPx2s%2FApFnVLc43Sersjd9xLQHHcO99aKVIYdcxo4hMmesiHYSYWRULgIXwk3Tb2%2FsuCYvMb1uo5KBs"}],"group":"cf-nel","max_age":604800}', 'NEL': '{"success_fraction":0,"report_to":"cf-nel","max_age":604800}', 'Server': 'cloudflare', 'CF-RAY': '88c00aa97f740fd4-LAX', 'alt-svc': 'h3=":443"; ma=86400'} 
 body={"results":[{"gender":"male","name":{"title":"Mr","first":"Kent","last":"Fox"},"location":{"street":{"number":1259,"name":"Victoria Street"},"city":"Newry","state":"Buckinghamshire","country":"United Kingdom","postcode":"B90 7FY","coordinates":{"latitude":"-6.4931","longitude":"-127.2381"},"timezone":{"offset":"-12:00","description":"Eniwetok, Kwajalein"}},"email":"kent.fox@example.com","login":{"uuid":"9402e909-e175-439e-a287-1865b4831622","username":"lazykoala184","password":"bull","salt":"6hCxmK3A","md5":"56be762863273d86f58adf72003a89c4","sha1":"6677e6ed30eacad36693b73a3390445aab1b5a0f","sha256":"0c7049e2b12a79e13284189a77358fd14f5daa60993decc6c73642fd721f1eb9"},"dob":{"date":"1976-05-22T14:28:42.504Z","age":48},"registered":{"date":"2011-01-08T17:06:26.485Z","age":13},"phone":"017683 81875","cell":"07146 039710","id":{"name":"NINO","value":"HX 20 03 08 X"},"picture":{"large":"https://randomuser.me/api/portraits/men/34.jpg","medium":"https://randomuser.me/api/portraits/med/men/34.jpg","thumbnail":"https://randomuser.me/api/portraits/thumb/men/34.jpg"},"nat":"GB"}],"info":{"seed":"c8ee2fa6f1e1a9ce","results":1,"page":1,"version":"1.4"}} 
 </msg>
<msg time="2024-05-30T16:18:42.909884" level="INFO">/opt/hostedtoolcache/Python/3.12.3/x64/lib/python3.12/site-packages/urllib3/connectionpool.py:1103: InsecureRequestWarning: Unverified HTTPS request is being made to host 'randomuser.me'. Adding certificate verification is strongly advised. See: https://urllib3.readthedocs.io/en/latest/advanced-usage.html#tls-warnings
  warnings.warn(</msg>
<msg time="2024-05-30T16:18:42.909987" level="INFO">${response} = &lt;Response [200]&gt;</msg>
<var>${response}</var>
<arg>consultarAPI</arg>
<arg>/api</arg>
<doc>Sends a GET request on a previously created HTTP Session.</doc>
<status status="PASS" start="2024-05-30T16:18:42.790298" elapsed="0.119728"/>
</kw>
<kw name="Set Variable" owner="BuiltIn">
<msg time="2024-05-30T16:18:42.910821" level="INFO">${json_data} = {'results': [{'gender': 'male', 'name': {'title': 'Mr', 'first': 'Kent', 'last': 'Fox'}, 'location': {'street': {'number': 1259, 'name': 'Victoria Street'}, 'city': 'Newry', 'state': 'Buckinghamshire'...</msg>
<var>${json_data}</var>
<arg>${response.json()}</arg>
<doc>Returns the given values which can then be assigned to a variables.</doc>
<status status="PASS" start="2024-05-30T16:18:42.910382" elapsed="0.000466"/>
</kw>
<kw name="Log" owner="BuiltIn">
<msg time="2024-05-30T16:18:42.911308" level="INFO">{'results': [{'gender': 'male', 'name': {'title': 'Mr', 'first': 'Kent', 'last': 'Fox'}, 'location': {'street': {'number': 1259, 'name': 'Victoria Street'}, 'city': 'Newry', 'state': 'Buckinghamshire', 'country': 'United Kingdom', 'postcode': 'B90 7FY', 'coordinates': {'latitude': '-6.4931', 'longitude': '-127.2381'}, 'timezone': {'offset': '-12:00', 'description': 'Eniwetok, Kwajalein'}}, 'email': 'kent.fox@example.com', 'login': {'uuid': '9402e909-e175-439e-a287-1865b4831622', 'username': 'lazykoala184', 'password': 'bull', 'salt': '6hCxmK3A', 'md5': '56be762863273d86f58adf72003a89c4', 'sha1': '6677e6ed30eacad36693b73a3390445aab1b5a0f', 'sha256': '0c7049e2b12a79e13284189a77358fd14f5daa60993decc6c73642fd721f1eb9'}, 'dob': {'date': '1976-05-22T14:28:42.504Z', 'age': 48}, 'registered': {'date': '2011-01-08T17:06:26.485Z', 'age': 13}, 'phone': '017683 81875', 'cell': '07146 039710', 'id': {'name': 'NINO', 'value': 'HX 20 03 08 X'}, 'picture': {'large': 'https://randomuser.me/api/portraits/men/34.jpg', 'medium': 'https://randomuser.me/api/portraits/med/men/34.jpg', 'thumbnail': 'https://randomuser.me/api/portraits/thumb/men/34.jpg'}, 'nat': 'GB'}], 'info': {'seed': 'c8ee2fa6f1e1a9ce', 'results': 1, 'page': 1, 'version': '1.4'}}</msg>
<arg>${json_data}</arg>
<doc>Logs the given message with the given level.</doc>
<status status="PASS" start="2024-05-30T16:18:42.911157" elapsed="0.000197"/>
</kw>
<kw name="Should Be String" owner="String">
<arg>${json_data['results'][0]['gender']}</arg>
<doc>Fails if the given ``item`` is not a string.</doc>
<status status="PASS" start="2024-05-30T16:18:42.911671" elapsed="0.000357"/>
</kw>
<kw name="Should Match Regexp" owner="BuiltIn">
<arg>${json_data['results'][0]['email']}</arg>
<arg>^[a-zA-Z0-9._%+-]+@[a-zA-Z0-9.-]+\.[a-zA-Z]{2,}$</arg>
<doc>Fails if ``string`` does not match ``pattern`` as a regular expression.</doc>
<status status="PASS" start="2024-05-30T16:18:42.912266" elapsed="0.000620"/>
</kw>
<kw name="Should Match Regexp" owner="BuiltIn">
<arg>${json_data['results'][0]['dob']['date']}</arg>
<arg>\\d{4}-\\d{2}-\\d{2}T\\d{2}:\\d{2}:\\d{2}\\.\\d{3}Z</arg>
<doc>Fails if ``string`` does not match ``pattern`` as a regular expression.</doc>
<status status="PASS" start="2024-05-30T16:18:42.913084" elapsed="0.000480"/>
</kw>
<kw name="Should Match Regexp" owner="BuiltIn">
<arg>${json_data['results'][0]['registered']['date']}</arg>
<arg>\\d{4}-\\d{2}-\\d{2}T\\d{2}:\\d{2}:\\d{2}\\.\\d{3}Z</arg>
<doc>Fails if ``string`` does not match ``pattern`` as a regular expression.</doc>
<status status="PASS" start="2024-05-30T16:18:42.913758" elapsed="0.000366"/>
</kw>
<kw name="Should Match Regexp" owner="BuiltIn">
<arg>${json_data['results'][0]['picture']['large']}</arg>
<arg>^https?://.*\.(?:png|jpe?g|gif|bmp)$</arg>
<doc>Fails if ``string`` does not match ``pattern`` as a regular expression.</doc>
<status status="PASS" start="2024-05-30T16:18:42.914307" elapsed="0.000454"/>
</kw>
<kw name="Should Match Regexp" owner="BuiltIn">
<arg>${json_data['results'][0]['picture']['medium']}</arg>
<arg>^https?://.*\.(?:png|jpe?g|gif|bmp)$</arg>
<doc>Fails if ``string`` does not match ``pattern`` as a regular expression.</doc>
<status status="PASS" start="2024-05-30T16:18:42.914949" elapsed="0.000347"/>
</kw>
<kw name="Should Match Regexp" owner="BuiltIn">
<arg>${json_data['results'][0]['picture']['thumbnail']}</arg>
<arg>^https?://.*\.(?:png|jpe?g|gif|bmp)$</arg>
<doc>Fails if ``string`` does not match ``pattern`` as a regular expression.</doc>
<status status="PASS" start="2024-05-30T16:18:42.915480" elapsed="0.000341"/>
</kw>
<kw name="Log" owner="BuiltIn">
<msg time="2024-05-30T16:18:42.916344" level="INFO">{'large': 'https://randomuser.me/api/portraits/men/34.jpg', 'medium': 'https://randomuser.me/api/portraits/med/men/34.jpg', 'thumbnail': 'https://randomuser.me/api/portraits/thumb/men/34.jpg'}</msg>
<arg>${json_data['results'][0]['picture']}</arg>
<doc>Logs the given message with the given level.</doc>
<status status="PASS" start="2024-05-30T16:18:42.916002" elapsed="0.000383"/>
</kw>
<status status="PASS" start="2024-05-30T16:18:42.790073" elapsed="0.126562"/>
</kw>
<kw name="Teste de Tipos de Dados - Postcode" owner="random-user-service">
<kw name="GET On Session" owner="RequestsLibrary">
<msg time="2024-05-30T16:18:43.030770" level="INFO">GET Request : url=https://randomuser.me/api 
 path_url=/api 
 headers={'User-Agent': 'python-requests/2.32.3', 'Accept-Encoding': 'gzip, deflate', 'Accept': '*/*', 'Connection': 'keep-alive'} 
 body=None 
 </msg>
<msg time="2024-05-30T16:18:43.030856" level="INFO">GET Response : url=https://randomuser.me/api 
 status=200, reason=OK 
 headers={'Date': 'Thu, 30 May 2024 16:18:43 GMT', 'Content-Type': 'application/json; charset=utf-8', 'Transfer-Encoding': 'chunked', 'Connection': 'keep-alive', 'X-Powered-By': 'Express', 'Access-Control-Allow-Origin': '*', 'Cache-Control': 'no-cache', 'ETag': 'W/"48c-YQwdnHkZ3OS8n0h3M3WmH1lRWbY"', 'Vary': 'Accept-Encoding', 'Content-Encoding': 'gzip', 'CF-Cache-Status': 'DYNAMIC', 'Report-To': '{"endpoints":[{"url":"https:\\/\\/a.nel.cloudflare.com\\/report\\/v4?s=098gBUWRImTLJtT9WyO0xNI0ozJ8HfyBkrC3L5AGh9B8S22iVCv6f4DWC3tcWjRZYWT11a%2Biv5Vx6UJFQ45Cl2KG1cSHqoYbCZkva%2FFuK2x2A%2FdUQvjdikq87YDmljPy"}],"group":"cf-nel","max_age":604800}', 'NEL': '{"success_fraction":0,"report_to":"cf-nel","max_age":604800}', 'Server': 'cloudflare', 'CF-RAY': '88c00aaa49010fd4-LAX', 'alt-svc': 'h3=":443"; ma=86400'} 
 body={"results":[{"gender":"female","name":{"title":"Ms","first":"مهرسا","last":"علیزاده"},"location":{"street":{"number":7866,"name":"شهید همت"},"city":"نجف‌آباد","state":"خراسان جنوبی","country":"Iran","postcode":65063,"coordinates":{"latitude":"15.2544","longitude":"1.0485"},"timezone":{"offset":"-9:00","description":"Alaska"}},"email":"mhrs.aalyzdh@example.com","login":{"uuid":"b7d2c8c4-94d9-4f53-9458-e992071f7c66","username":"orangetiger658","password":"entrance","salt":"t3J9xner","md5":"e09f07044d1677d730d358284d404460","sha1":"654e52686b78ececafd5acf893e4255f26e50e37","sha256":"3383d63d1409616f5ea4d549b8f02069858c866c913514d4ac6199ae645f4ae5"},"dob":{"date":"1978-07-20T20:44:23.633Z","age":45},"registered":{"date":"2005-07-01T09:27:01.312Z","age":18},"phone":"040-94734589","cell":"0912-993-9608","id":{"name":"","value":null},"picture":{"large":"https://randomuser.me/api/portraits/women/1.jpg","medium":"https://randomuser.me/api/portraits/med/women/1.jpg","thumbnail":"https://randomuser.me/api/portraits/thumb/women/1.jpg"},"nat":"IR"}],"info":{"seed":"ca7ac7aafedf86e4","results":1,"page":1,"version":"1.4"}} 
 </msg>
<msg time="2024-05-30T16:18:43.030937" level="INFO">/opt/hostedtoolcache/Python/3.12.3/x64/lib/python3.12/site-packages/urllib3/connectionpool.py:1103: InsecureRequestWarning: Unverified HTTPS request is being made to host 'randomuser.me'. Adding certificate verification is strongly advised. See: https://urllib3.readthedocs.io/en/latest/advanced-usage.html#tls-warnings
  warnings.warn(</msg>
<msg time="2024-05-30T16:18:43.031056" level="INFO">${response} = &lt;Response [200]&gt;</msg>
<var>${response}</var>
<arg>consultarAPI</arg>
<arg>/api</arg>
<doc>Sends a GET request on a previously created HTTP Session.</doc>
<status status="PASS" start="2024-05-30T16:18:42.917056" elapsed="0.114042"/>
</kw>
<kw name="Set Variable" owner="BuiltIn">
<msg time="2024-05-30T16:18:43.031930" level="INFO">${json_data} = {'results': [{'gender': 'female', 'name': {'title': 'Ms', 'first': 'مهرسا', 'last': 'علیزاده'}, 'location': {'street': {'number': 7866, 'name': 'شهید همت'}, 'city': 'نجف\u200cآباد', 'state': 'خراسان ج...</msg>
<var>${json_data}</var>
<arg>${response.json()}</arg>
<doc>Returns the given values which can then be assigned to a variables.</doc>
<status status="PASS" start="2024-05-30T16:18:43.031470" elapsed="0.000490"/>
</kw>
<kw name="Log" owner="BuiltIn">
<msg time="2024-05-30T16:18:43.032473" level="INFO">{'results': [{'gender': 'female', 'name': {'title': 'Ms', 'first': 'مهرسا', 'last': 'علیزاده'}, 'location': {'street': {'number': 7866, 'name': 'شهید همت'}, 'city': 'نجف\u200cآباد', 'state': 'خراسان جنوبی', 'country': 'Iran', 'postcode': 65063, 'coordinates': {'latitude': '15.2544', 'longitude': '1.0485'}, 'timezone': {'offset': '-9:00', 'description': 'Alaska'}}, 'email': 'mhrs.aalyzdh@example.com', 'login': {'uuid': 'b7d2c8c4-94d9-4f53-9458-e992071f7c66', 'username': 'orangetiger658', 'password': 'entrance', 'salt': 't3J9xner', 'md5': 'e09f07044d1677d730d358284d404460', 'sha1': '654e52686b78ececafd5acf893e4255f26e50e37', 'sha256': '3383d63d1409616f5ea4d549b8f02069858c866c913514d4ac6199ae645f4ae5'}, 'dob': {'date': '1978-07-20T20:44:23.633Z', 'age': 45}, 'registered': {'date': '2005-07-01T09:27:01.312Z', 'age': 18}, 'phone': '040-94734589', 'cell': '0912-993-9608', 'id': {'name': '', 'value': None}, 'picture': {'large': 'https://randomuser.me/api/portraits/women/1.jpg', 'medium': 'https://randomuser.me/api/portraits/med/women/1.jpg', 'thumbnail': 'https://randomuser.me/api/portraits/thumb/women/1.jpg'}, 'nat': 'IR'}], 'info': {'seed': 'ca7ac7aafedf86e4', 'results': 1, 'page': 1, 'version': '1.4'}}</msg>
<arg>${json_data}</arg>
<doc>Logs the given message with the given level.</doc>
<status status="PASS" start="2024-05-30T16:18:43.032315" elapsed="0.000207"/>
</kw>
<kw name="Should Be Equal As Numbers" owner="BuiltIn">
<arg>${json_data['results'][0]['location']['postcode']}</arg>
<arg>${json_data['results'][0]['location']['postcode']}</arg>
<doc>Fails if objects are unequal after converting them to real numbers.</doc>
<status status="PASS" start="2024-05-30T16:18:43.032817" elapsed="0.000646"/>
</kw>
<kw name="Log" owner="BuiltIn">
<msg time="2024-05-30T16:18:43.033999" level="INFO">65063</msg>
<arg>${json_data['results'][0]['location']['postcode']}</arg>
<doc>Logs the given message with the given level.</doc>
<status status="PASS" start="2024-05-30T16:18:43.033663" elapsed="0.000377"/>
</kw>
<status status="PASS" start="2024-05-30T16:18:42.916843" elapsed="0.117447"/>
</kw>
<doc>Testa se os tipos de dados na resposta da API estão corretos.</doc>
<tag>testeTiposDados</tag>
<status status="PASS" start="2024-05-30T16:18:42.789630" elapsed="0.244818"/>
</test>
<test id="s1-s1-t5" name="Validar conteudo" line="35">
<kw name="Teste de Tipos de Conteudo" owner="random-user-service">
<kw name="GET On Session" owner="RequestsLibrary">
<msg time="2024-05-30T16:18:43.166132" level="INFO">GET Request : url=https://randomuser.me/api 
 path_url=/api 
 headers={'User-Agent': 'python-requests/2.32.3', 'Accept-Encoding': 'gzip, deflate', 'Accept': '*/*', 'Connection': 'keep-alive'} 
 body=None 
 </msg>
<msg time="2024-05-30T16:18:43.166258" level="INFO">GET Response : url=https://randomuser.me/api 
 status=200, reason=OK 
 headers={'Date': 'Thu, 30 May 2024 16:18:43 GMT', 'Content-Type': 'application/json; charset=utf-8', 'Transfer-Encoding': 'chunked', 'Connection': 'keep-alive', 'X-Powered-By': 'Express', 'Access-Control-Allow-Origin': '*', 'Cache-Control': 'no-cache', 'ETag': 'W/"48b-fyLPgSxXzn8RIaDUrj+xWkO8Y6A"', 'Vary': 'Accept-Encoding', 'Content-Encoding': 'gzip', 'CF-Cache-Status': 'DYNAMIC', 'Report-To': '{"endpoints":[{"url":"https:\\/\\/a.nel.cloudflare.com\\/report\\/v4?s=xIYbJ7rFBFCbdJ5Rr%2FzJX7LOM4Gr%2BPx7s%2FPwkSwxcfamClram19UuZfAlq3nbeqzjGl%2BGiUQjxT80fXZHJIEBf%2BWQLhnvNalo9uW%2Fj6i%2B9YL6yzK5uqZ6i%2FonOgPzhAF"}],"group":"cf-nel","max_age":604800}', 'NEL': '{"success_fraction":0,"report_to":"cf-nel","max_age":604800}', 'Server': 'cloudflare', 'CF-RAY': '88c00aab0a550fd4-LAX', 'alt-svc': 'h3=":443"; ma=86400'} 
 body={"results":[{"gender":"female","name":{"title":"Ms","first":"Latife","last":"Tuğluk"},"location":{"street":{"number":5247,"name":"Tunalı Hilmi Cd"},"city":"Eskişehir","state":"Yalova","country":"Turkey","postcode":18249,"coordinates":{"latitude":"68.4342","longitude":"27.5574"},"timezone":{"offset":"+1:00","description":"Brussels, Copenhagen, Madrid, Paris"}},"email":"latife.tugluk@example.com","login":{"uuid":"9df78a5f-139b-4075-b4bf-8bb474c86ee4","username":"whitelion737","password":"pics","salt":"nLRbDt9q","md5":"ae6b017fc7f427ca489735b73282b172","sha1":"b2f8bd587dadbe9f0c5b1b5f9520de0612cfb57d","sha256":"dfcfe65eacbf76e5c9b1634a6ebd3d4e151ba8f530d92a40cae745222c8172a6"},"dob":{"date":"1984-07-15T10:06:02.668Z","age":39},"registered":{"date":"2007-08-08T09:08:07.860Z","age":16},"phone":"(275)-389-2914","cell":"(169)-528-9184","id":{"name":"","value":null},"picture":{"large":"https://randomuser.me/api/portraits/women/43.jpg","medium":"https://randomuser.me/api/portraits/med/women/43.jpg","thumbnail":"https://randomuser.me/api/portraits/thumb/women/43.jpg"},"nat":"TR"}],"info":{"seed":"53c143b6119b95da","results":1,"page":1,"version":"1.4"}} 
 </msg>
<msg time="2024-05-30T16:18:43.166371" level="INFO">/opt/hostedtoolcache/Python/3.12.3/x64/lib/python3.12/site-packages/urllib3/connectionpool.py:1103: InsecureRequestWarning: Unverified HTTPS request is being made to host 'randomuser.me'. Adding certificate verification is strongly advised. See: https://urllib3.readthedocs.io/en/latest/advanced-usage.html#tls-warnings
  warnings.warn(</msg>
<msg time="2024-05-30T16:18:43.166570" level="INFO">${response} = &lt;Response [200]&gt;</msg>
<var>${response}</var>
<arg>consultarAPI</arg>
<arg>/api</arg>
<doc>Sends a GET request on a previously created HTTP Session.</doc>
<status status="PASS" start="2024-05-30T16:18:43.036806" elapsed="0.129815"/>
</kw>
<kw name="Set Variable" owner="BuiltIn">
<msg time="2024-05-30T16:18:43.167999" level="INFO">${json_data} = {'results': [{'gender': 'female', 'name': {'title': 'Ms', 'first': 'Latife', 'last': 'Tuğluk'}, 'location': {'street': {'number': 5247, 'name': 'Tunalı Hilmi Cd'}, 'city': 'Eskişehir', 'state': 'Yalov...</msg>
<var>${json_data}</var>
<arg>${response.json()}</arg>
<doc>Returns the given values which can then be assigned to a variables.</doc>
<status status="PASS" start="2024-05-30T16:18:43.167334" elapsed="0.000697"/>
</kw>
<kw name="Set Variable" owner="BuiltIn">
<msg time="2024-05-30T16:18:43.168787" level="INFO">${name_title} = Ms</msg>
<var>${name_title}</var>
<arg>${json_data["results"][0]["name"]["title"]}</arg>
<doc>Returns the given values which can then be assigned to a variables.</doc>
<status status="PASS" start="2024-05-30T16:18:43.168400" elapsed="0.000413"/>
</kw>
<kw name="Create List" owner="BuiltIn">
<msg time="2024-05-30T16:18:43.169273" level="INFO">${allowed_titles} = ['Mr', 'Ms', 'Miss', 'Mrs', 'Madame', 'Monsieur']</msg>
<var>${allowed_titles}</var>
<arg>Mr</arg>
<arg>Ms</arg>
<arg>Miss</arg>
<arg>Mrs</arg>
<arg>Madame</arg>
<arg>Monsieur</arg>
<doc>Returns a list containing given items.</doc>
<status status="PASS" start="2024-05-30T16:18:43.169116" elapsed="0.000181"/>
</kw>
<kw name="List Should Contain Value" owner="Collections">
<msg time="2024-05-30T16:18:43.169783" level="INFO">False</msg>
<arg>${allowed_titles}</arg>
<arg>${name_title}</arg>
<doc>Fails if the ``value`` is not found from ``list``.</doc>
<status status="PASS" start="2024-05-30T16:18:43.169607" elapsed="0.000212"/>
</kw>
<kw name="Set Variable" owner="BuiltIn">
<msg time="2024-05-30T16:18:43.170682" level="INFO">${name_country} = TR</msg>
<var>${name_country}</var>
<arg>${json_data["results"][0]["nat"]}</arg>
<doc>Returns the given values which can then be assigned to a variables.</doc>
<status status="PASS" start="2024-05-30T16:18:43.170113" elapsed="0.000595"/>
</kw>
<kw name="Create List" owner="BuiltIn">
<msg time="2024-05-30T16:18:43.171616" level="INFO">${list_country} = ['AD', 'AE', 'AF', 'AG', 'AI', 'AL', 'AM', 'AO', 'AQ', 'AR', 'AS', 'AT', 'AU', 'AW', 'AX', 'AZ', 'BA', 'BB', 'BD', 'BE', 'BF', 'BG', 'BH', 'BI', 'BJ', 'BL', 'BM', 'BN', 'BO', 'BQ', 'BR', 'BS', 'BT', '...</msg>
<var>${list_country}</var>
<arg>AD</arg>
<arg>AE</arg>
<arg>AF</arg>
<arg>AG</arg>
<arg>AI</arg>
<arg>AL</arg>
<arg>AM</arg>
<arg>AO</arg>
<arg>AQ</arg>
<arg>AR</arg>
<arg>AS</arg>
<arg>AT</arg>
<arg>AU</arg>
<arg>AW</arg>
<arg>AX</arg>
<arg>AZ</arg>
<arg>BA</arg>
<arg>BB</arg>
<arg>BD</arg>
<arg>BE</arg>
<arg>BF</arg>
<arg>BG</arg>
<arg>BH</arg>
<arg>BI</arg>
<arg>BJ</arg>
<arg>BL</arg>
<arg>BM</arg>
<arg>BN</arg>
<arg>BO</arg>
<arg>BQ</arg>
<arg>BR</arg>
<arg>BS</arg>
<arg>BT</arg>
<arg>BV</arg>
<arg>BW</arg>
<arg>BY</arg>
<arg>BZ</arg>
<arg>CA</arg>
<arg>CC</arg>
<arg>CD</arg>
<arg>CF</arg>
<arg>CG</arg>
<arg>CH</arg>
<arg>CI</arg>
<arg>CK</arg>
<arg>CL</arg>
<arg>CM</arg>
<arg>CN</arg>
<arg>CO</arg>
<arg>CR</arg>
<arg>CU</arg>
<arg>CV</arg>
<arg>CW</arg>
<arg>CX</arg>
<arg>CY</arg>
<arg>CZ</arg>
<arg>DE</arg>
<arg>DJ</arg>
<arg>DK</arg>
<arg>DM</arg>
<arg>DO</arg>
<arg>DZ</arg>
<arg>EC</arg>
<arg>EE</arg>
<arg>EG</arg>
<arg>EH</arg>
<arg>ER</arg>
<arg>ES</arg>
<arg>ET</arg>
<arg>FI</arg>
<arg>FJ</arg>
<arg>FK</arg>
<arg>FM</arg>
<arg>FO</arg>
<arg>FR</arg>
<arg>GA</arg>
<arg>GB</arg>
<arg>GD</arg>
<arg>GE</arg>
<arg>GF</arg>
<arg>GG</arg>
<arg>GH</arg>
<arg>GI</arg>
<arg>GL</arg>
<arg>GM</arg>
<arg>GN</arg>
<arg>GP</arg>
<arg>GQ</arg>
<arg>GR</arg>
<arg>GS</arg>
<arg>GT</arg>
<arg>GU</arg>
<arg>GW</arg>
<arg>GY</arg>
<arg>HK</arg>
<arg>HM</arg>
<arg>HN</arg>
<arg>HR</arg>
<arg>HT</arg>
<arg>HU</arg>
<arg>ID</arg>
<arg>IE</arg>
<arg>IL</arg>
<arg>IM</arg>
<arg>IN</arg>
<arg>IO</arg>
<arg>IQ</arg>
<arg>IR</arg>
<arg>IS</arg>
<arg>IT</arg>
<arg>JE</arg>
<arg>JM</arg>
<arg>JO</arg>
<arg>JP</arg>
<arg>KE</arg>
<arg>KG</arg>
<arg>KH</arg>
<arg>KI</arg>
<arg>KM</arg>
<arg>KN</arg>
<arg>KP</arg>
<arg>KR</arg>
<arg>KW</arg>
<arg>KY</arg>
<arg>KZ</arg>
<arg>LA</arg>
<arg>LB</arg>
<arg>LC</arg>
<arg>LI</arg>
<arg>LK</arg>
<arg>LR</arg>
<arg>LS</arg>
<arg>LT</arg>
<arg>LU</arg>
<arg>LV</arg>
<arg>LY</arg>
<arg>MA</arg>
<arg>MC</arg>
<arg>MD</arg>
<arg>ME</arg>
<arg>MF</arg>
<arg>MG</arg>
<arg>MH</arg>
<arg>MK</arg>
<arg>ML</arg>
<arg>MM</arg>
<arg>MN</arg>
<arg>MO</arg>
<arg>MP</arg>
<arg>MQ</arg>
<arg>MR</arg>
<arg>MS</arg>
<arg>MT</arg>
<arg>MU</arg>
<arg>MV</arg>
<arg>MW</arg>
<arg>MX</arg>
<arg>MY</arg>
<arg>MZ</arg>
<arg>NA</arg>
<arg>NC</arg>
<arg>NE</arg>
<arg>NF</arg>
<arg>NG</arg>
<arg>NI</arg>
<arg>NL</arg>
<arg>NO</arg>
<arg>NP</arg>
<arg>NR</arg>
<arg>NU</arg>
<arg>NZ</arg>
<arg>OM</arg>
<arg>PA</arg>
<arg>PE</arg>
<arg>PF</arg>
<arg>PG</arg>
<arg>PH</arg>
<arg>PK</arg>
<arg>PL</arg>
<arg>PM</arg>
<arg>PN</arg>
<arg>PR</arg>
<arg>PS</arg>
<arg>PT</arg>
<arg>PW</arg>
<arg>PY</arg>
<arg>QA</arg>
<arg>RE</arg>
<arg>RO</arg>
<arg>RS</arg>
<arg>RU</arg>
<arg>RW</arg>
<arg>SA</arg>
<arg>SB</arg>
<arg>SC</arg>
<arg>SD</arg>
<arg>SE</arg>
<arg>SG</arg>
<arg>SH</arg>
<arg>SI</arg>
<arg>SJ</arg>
<arg>SK</arg>
<arg>SL</arg>
<arg>SM</arg>
<arg>SN</arg>
<arg>SO</arg>
<arg>SR</arg>
<arg>SS</arg>
<arg>ST</arg>
<arg>SV</arg>
<arg>SX</arg>
<arg>SY</arg>
<arg>SZ</arg>
<arg>TC</arg>
<arg>TD</arg>
<arg>TF</arg>
<arg>TG</arg>
<arg>TH</arg>
<arg>TJ</arg>
<arg>TK</arg>
<arg>TL</arg>
<arg>TM</arg>
<arg>TN</arg>
<arg>TO</arg>
<arg>TR</arg>
<arg>TT</arg>
<arg>TV</arg>
<arg>TW</arg>
<arg>TZ</arg>
<arg>UA</arg>
<arg>UG</arg>
<arg>UM</arg>
<arg>US</arg>
<arg>UY</arg>
<arg>UZ</arg>
<arg>VA</arg>
<arg>VC</arg>
<arg>VE</arg>
<arg>VG</arg>
<arg>VI</arg>
<arg>VN</arg>
<arg>VU</arg>
<arg>WF</arg>
<arg>WS</arg>
<arg>XK</arg>
<arg>YE</arg>
<arg>YT</arg>
<arg>ZA</arg>
<arg>ZM</arg>
<arg>ZW</arg>
<doc>Returns a list containing given items.</doc>
<status status="PASS" start="2024-05-30T16:18:43.171020" elapsed="0.000621"/>
</kw>
<kw name="List Should Contain Value" owner="Collections">
<msg time="2024-05-30T16:18:43.172679" level="INFO">False</msg>
<arg>${list_country}</arg>
<arg>${name_country}</arg>
<doc>Fails if the ``value`` is not found from ``list``.</doc>
<status status="PASS" start="2024-05-30T16:18:43.172472" elapsed="0.000243"/>
</kw>
<kw name="Run Keyword If" owner="BuiltIn">
<kw name="Should Be True" owner="BuiltIn">
<arg>${True}</arg>
<doc>Fails if the given condition is not true.</doc>
<status status="PASS" start="2024-05-30T16:18:43.173777" elapsed="0.000142"/>
</kw>
<arg>${json_data["results"][0]["location"]["coordinates"]["latitude"]} &gt;= -90 and ${json_data["results"][0]["location"]["coordinates"]["latitude"]} &lt;= 90</arg>
<arg>Should Be True</arg>
<arg>${True}</arg>
<doc>Runs the given keyword with the given arguments, if ``condition`` is true.</doc>
<status status="PASS" start="2024-05-30T16:18:43.173032" elapsed="0.001013"/>
</kw>
<kw name="Run Keyword If" owner="BuiltIn">
<kw name="Should Be True" owner="BuiltIn">
<arg>${True}</arg>
<doc>Fails if the given condition is not true.</doc>
<status status="PASS" start="2024-05-30T16:18:43.174914" elapsed="0.000134"/>
</kw>
<arg>${json_data["results"][0]["location"]["coordinates"]["longitude"]} &gt;= -180 and ${json_data["results"][0]["location"]["coordinates"]["longitude"]} &lt;= 180</arg>
<arg>Should Be True</arg>
<arg>${True}</arg>
<doc>Runs the given keyword with the given arguments, if ``condition`` is true.</doc>
<status status="PASS" start="2024-05-30T16:18:43.174226" elapsed="0.000943"/>
</kw>
<status status="PASS" start="2024-05-30T16:18:43.036589" elapsed="0.138708"/>
</kw>
<doc>Testa o conteúdo específico dos campos retornados pela API.</doc>
<tag>testeConteudo</tag>
<status status="PASS" start="2024-05-30T16:18:43.036170" elapsed="0.139277"/>
</test>
<status status="PASS" start="2024-05-30T16:18:42.063478" elapsed="1.113982"/>
</suite>
<status status="PASS" start="2024-05-30T16:18:42.050184" elapsed="1.132443"/>
</suite>
<statistics>
<total>
<stat pass="5" fail="0" skip="0">All Tests</stat>
</total>
<tag>
<stat pass="1" fail="0" skip="0">testeConteudo</stat>
<stat pass="1" fail="0" skip="0">testeEstruturaResposta</stat>
<stat pass="1" fail="0" skip="0">testeRequisicaoBasica</stat>
<stat pass="1" fail="0" skip="0">testeTiposDados</stat>
</tag>
<suite>
<stat pass="5" fail="0" skip="0" id="s1" name="Tests">Tests</stat>
<stat pass="5" fail="0" skip="0" id="s1-s1" name="Random-User-Test">Tests.Random-User-Test</stat>
</suite>
</statistics>
<errors>
</errors>
</robot>
