<?xml version="1.0" encoding="UTF-8"?>
<robot generator="Robot 7.0.1 (Python 3.12.4 on linux)" generated="2024-07-03T07:14:13.625607" rpa="false" schemaversion="5">
<suite id="s1" name="Tests" source="/home/runner/work/ApiRandomUser/ApiRandomUser/RamdonUser/tests">
<suite id="s1-s1" name="Random-User-Test" source="/home/runner/work/ApiRandomUser/ApiRandomUser/RamdonUser/tests/random-user-test.robot">
<test id="s1-s1-t1" name="Conectar" line="13">
<kw name="Conectar API" owner="random-user-service">
<kw name="Create Session" owner="RequestsLibrary">
<msg time="2024-07-03T07:14:14.054917" level="INFO">Creating Session using : alias=consultarAPI, url=https://randomuser.me/, headers={},                     cookies={}, auth=None, timeout=None, proxies=None, verify=False,                     debug=0 </msg>
<arg>consultarAPI</arg>
<arg>${URL}</arg>
<doc>Create Session: create a HTTP session to a server</doc>
<status status="PASS" start="2024-07-03T07:14:14.054703" elapsed="0.000393"/>
</kw>
<status status="PASS" start="2024-07-03T07:14:14.053700" elapsed="0.001762"/>
</kw>
<status status="PASS" start="2024-07-03T07:14:14.053158" elapsed="0.002500"/>
</test>
<test id="s1-s1-t2" name="Validar retorno 200 e JSON Válido" line="16">
<kw name="Teste de Requisicao Basica" owner="random-user-service">
<kw name="GET On Session" owner="RequestsLibrary">
<msg time="2024-07-03T07:14:14.186904" level="INFO">GET Request : url=https://randomuser.me/api 
 path_url=/api 
 headers={'User-Agent': 'python-requests/2.32.3', 'Accept-Encoding': 'gzip, deflate', 'Accept': '*/*', 'Connection': 'keep-alive'} 
 body=None 
 </msg>
<msg time="2024-07-03T07:14:14.187051" level="INFO">GET Response : url=https://randomuser.me/api 
 status=200, reason=OK 
 headers={'Date': 'Wed, 03 Jul 2024 07:14:14 GMT', 'Content-Type': 'application/json; charset=utf-8', 'Transfer-Encoding': 'chunked', 'Connection': 'keep-alive', 'X-Powered-By': 'Express', 'Access-Control-Allow-Origin': '*', 'Cache-Control': 'no-cache', 'ETag': 'W/"469-wEegXScOoJON7arCkEoJrRehfnw"', 'Vary': 'Accept-Encoding', 'Content-Encoding': 'gzip', 'CF-Cache-Status': 'DYNAMIC', 'Report-To': '{"endpoints":[{"url":"https:\\/\\/a.nel.cloudflare.com\\/report\\/v4?s=UFH3%2F12Kz%2FtFeYUMl9SCdATEb2WeoYm0AlSdEjpYXd4WhRanI8NDsUioruKrVaT8LZPB6X9mkSCyQeEpzWviHslQXyx975kK5V72ODaUOeBaYL9JRzd0slt7JTSvRKdI"}],"group":"cf-nel","max_age":604800}', 'NEL': '{"success_fraction":0,"report_to":"cf-nel","max_age":604800}', 'Server': 'cloudflare', 'CF-RAY': '89d513d60e97fafc-SJC', 'alt-svc': 'h3=":443"; ma=86400'} 
 body={"results":[{"gender":"female","name":{"title":"Ms","first":"Yasemin","last":"Tokgöz"},"location":{"street":{"number":9303,"name":"Istiklal Cd"},"city":"Burdur","state":"Aydın","country":"Turkey","postcode":31481,"coordinates":{"latitude":"69.8158","longitude":"9.0693"},"timezone":{"offset":"-10:00","description":"Hawaii"}},"email":"yasemin.tokgoz@example.com","login":{"uuid":"fce1e721-3038-4af3-82d4-c02f297b18f4","username":"brownpeacock150","password":"spam","salt":"boGN0nqj","md5":"1180e9d3fadd8ff5362430141571904a","sha1":"ccfb443636d661d97604bd107e0a9085932a410a","sha256":"7c4c0e1cd9a8ce101b5f28f06e285ce9d0c244529a40e5fa20f36cde690d525e"},"dob":{"date":"1951-11-19T07:31:49.728Z","age":72},"registered":{"date":"2021-02-23T18:47:51.520Z","age":3},"phone":"(547)-059-3822","cell":"(651)-651-6182","id":{"name":"","value":null},"picture":{"large":"https://randomuser.me/api/portraits/women/12.jpg","medium":"https://randomuser.me/api/portraits/med/women/12.jpg","thumbnail":"https://randomuser.me/api/portraits/thumb/women/12.jpg"},"nat":"TR"}],"info":{"seed":"6ca982f6ff36e889","results":1,"page":1,"version":"1.4"}} 
 </msg>
<msg time="2024-07-03T07:14:14.187135" level="INFO">/opt/hostedtoolcache/Python/3.12.4/x64/lib/python3.12/site-packages/urllib3/connectionpool.py:1099: InsecureRequestWarning: Unverified HTTPS request is being made to host 'randomuser.me'. Adding certificate verification is strongly advised. See: https://urllib3.readthedocs.io/en/latest/advanced-usage.html#tls-warnings
  warnings.warn(</msg>
<msg time="2024-07-03T07:14:14.187288" level="INFO">${response} = &lt;Response [200]&gt;</msg>
<var>${response}</var>
<arg>consultarAPI</arg>
<arg>/api</arg>
<doc>Sends a GET request on a previously created HTTP Session.</doc>
<status status="PASS" start="2024-07-03T07:14:14.058291" elapsed="0.129043"/>
</kw>
<kw name="Should Be Equal As Numbers" owner="BuiltIn">
<msg time="2024-07-03T07:14:14.188286" level="INFO">Argument types are:
&lt;class 'int'&gt;
&lt;class 'str'&gt;</msg>
<arg>${response.status_code}</arg>
<arg>200</arg>
<doc>Fails if objects are unequal after converting them to real numbers.</doc>
<status status="PASS" start="2024-07-03T07:14:14.187843" elapsed="0.000507"/>
</kw>
<kw name="Log" owner="BuiltIn">
<msg time="2024-07-03T07:14:14.189036" level="INFO">200</msg>
<arg>${response.status_code}</arg>
<doc>Logs the given message with the given level.</doc>
<status status="PASS" start="2024-07-03T07:14:14.188661" elapsed="0.000417"/>
</kw>
<kw name="Set Variable" owner="BuiltIn">
<msg time="2024-07-03T07:14:14.189826" level="INFO">${json_data} = {'results': [{'gender': 'female', 'name': {'title': 'Ms', 'first': 'Yasemin', 'last': 'Tokgöz'}, 'location': {'street': {'number': 9303, 'name': 'Istiklal Cd'}, 'city': 'Burdur', 'state': 'Aydın', 'co...</msg>
<var>${json_data}</var>
<arg>${response.json()}</arg>
<doc>Returns the given values which can then be assigned to a variables.</doc>
<status status="PASS" start="2024-07-03T07:14:14.189379" elapsed="0.000476"/>
</kw>
<kw name="Dictionary Should Contain Key" owner="Collections">
<arg>${json_data}</arg>
<arg>results</arg>
<doc>Fails if ``key`` is not found from ``dictionary``.</doc>
<status status="PASS" start="2024-07-03T07:14:14.190154" elapsed="0.000165"/>
</kw>
<status status="PASS" start="2024-07-03T07:14:14.058033" elapsed="0.132441"/>
</kw>
<doc>Testa se a API responde corretamente e retorna um objeto JSON válido.</doc>
<tag>testeRequisicaoBasica</tag>
<status status="PASS" start="2024-07-03T07:14:14.057572" elapsed="0.133074"/>
</test>
<test id="s1-s1-t3" name="Validar estrutura de resposta" line="22">
<kw name="Teste de Estrutura de Resposta" owner="random-user-service">
<kw name="GET On Session" owner="RequestsLibrary">
<msg time="2024-07-03T07:14:14.295465" level="INFO">GET Request : url=https://randomuser.me/api 
 path_url=/api 
 headers={'User-Agent': 'python-requests/2.32.3', 'Accept-Encoding': 'gzip, deflate', 'Accept': '*/*', 'Connection': 'keep-alive'} 
 body=None 
 </msg>
<msg time="2024-07-03T07:14:14.295562" level="INFO">GET Response : url=https://randomuser.me/api 
 status=200, reason=OK 
 headers={'Date': 'Wed, 03 Jul 2024 07:14:14 GMT', 'Content-Type': 'application/json; charset=utf-8', 'Transfer-Encoding': 'chunked', 'Connection': 'keep-alive', 'X-Powered-By': 'Express', 'Access-Control-Allow-Origin': '*', 'Cache-Control': 'no-cache', 'ETag': 'W/"492-2sJdAA344x1h4Vnyh9lRQv0mF3c"', 'Vary': 'Accept-Encoding', 'Content-Encoding': 'gzip', 'CF-Cache-Status': 'DYNAMIC', 'Report-To': '{"endpoints":[{"url":"https:\\/\\/a.nel.cloudflare.com\\/report\\/v4?s=nKyNlNGos3XxShu64coUF4yrhyKbOCipvEGV9qq0t3H8%2FhziBqR6mo9HPiQUwXN7HD7X4AhubZty0%2FSN0LQeaVNUCmOjJAYNNCANsv32R6QL2r9%2FgNnzOt2XJ9T%2BHDJG"}],"group":"cf-nel","max_age":604800}', 'NEL': '{"success_fraction":0,"report_to":"cf-nel","max_age":604800}', 'Server': 'cloudflare', 'CF-RAY': '89d513d6bf11fafc-SJC', 'alt-svc': 'h3=":443"; ma=86400'} 
 body={"results":[{"gender":"female","name":{"title":"Ms","first":"Gisele","last":"Viana"},"location":{"street":{"number":8387,"name":"Rua Amazonas "},"city":"Cubatão","state":"Rio de Janeiro","country":"Brazil","postcode":88268,"coordinates":{"latitude":"-75.4048","longitude":"178.7615"},"timezone":{"offset":"+6:00","description":"Almaty, Dhaka, Colombo"}},"email":"gisele.viana@example.com","login":{"uuid":"6ffcd14a-d1e0-419d-877f-3d940231b2b9","username":"whiteduck878","password":"housewifes","salt":"h4dhJYHB","md5":"b251e814cc46602a7cdfa4752209cc29","sha1":"ef8076f695023285578cc878aaff1d9e528fef4b","sha256":"d6c79aa611db641427db9027c0757515ac2bd81172d2029dfd549d1600492ee3"},"dob":{"date":"1979-10-24T18:09:13.070Z","age":44},"registered":{"date":"2007-09-27T18:15:03.013Z","age":16},"phone":"(11) 0717-5054","cell":"(59) 5709-0405","id":{"name":"CPF","value":"635.536.894-70"},"picture":{"large":"https://randomuser.me/api/portraits/women/1.jpg","medium":"https://randomuser.me/api/portraits/med/women/1.jpg","thumbnail":"https://randomuser.me/api/portraits/thumb/women/1.jpg"},"nat":"BR"}],"info":{"seed":"ffff16d321162a00","results":1,"page":1,"version":"1.4"}} 
 </msg>
<msg time="2024-07-03T07:14:14.295696" level="INFO">/opt/hostedtoolcache/Python/3.12.4/x64/lib/python3.12/site-packages/urllib3/connectionpool.py:1099: InsecureRequestWarning: Unverified HTTPS request is being made to host 'randomuser.me'. Adding certificate verification is strongly advised. See: https://urllib3.readthedocs.io/en/latest/advanced-usage.html#tls-warnings
  warnings.warn(</msg>
<msg time="2024-07-03T07:14:14.295834" level="INFO">${response} = &lt;Response [200]&gt;</msg>
<var>${response}</var>
<arg>consultarAPI</arg>
<arg>/api</arg>
<doc>Sends a GET request on a previously created HTTP Session.</doc>
<status status="PASS" start="2024-07-03T07:14:14.193334" elapsed="0.102543"/>
</kw>
<kw name="Set Variable" owner="BuiltIn">
<msg time="2024-07-03T07:14:14.296783" level="INFO">${json_data} = {'results': [{'gender': 'female', 'name': {'title': 'Ms', 'first': 'Gisele', 'last': 'Viana'}, 'location': {'street': {'number': 8387, 'name': 'Rua Amazonas '}, 'city': 'Cubatão', 'state': 'Rio de Jan...</msg>
<var>${json_data}</var>
<arg>${response.json()}</arg>
<doc>Returns the given values which can then be assigned to a variables.</doc>
<status status="PASS" start="2024-07-03T07:14:14.296274" elapsed="0.000538"/>
</kw>
<kw name="Log" owner="BuiltIn">
<msg time="2024-07-03T07:14:14.297274" level="INFO">{'results': [{'gender': 'female', 'name': {'title': 'Ms', 'first': 'Gisele', 'last': 'Viana'}, 'location': {'street': {'number': 8387, 'name': 'Rua Amazonas '}, 'city': 'Cubatão', 'state': 'Rio de Janeiro', 'country': 'Brazil', 'postcode': 88268, 'coordinates': {'latitude': '-75.4048', 'longitude': '178.7615'}, 'timezone': {'offset': '+6:00', 'description': 'Almaty, Dhaka, Colombo'}}, 'email': 'gisele.viana@example.com', 'login': {'uuid': '6ffcd14a-d1e0-419d-877f-3d940231b2b9', 'username': 'whiteduck878', 'password': 'housewifes', 'salt': 'h4dhJYHB', 'md5': 'b251e814cc46602a7cdfa4752209cc29', 'sha1': 'ef8076f695023285578cc878aaff1d9e528fef4b', 'sha256': 'd6c79aa611db641427db9027c0757515ac2bd81172d2029dfd549d1600492ee3'}, 'dob': {'date': '1979-10-24T18:09:13.070Z', 'age': 44}, 'registered': {'date': '2007-09-27T18:15:03.013Z', 'age': 16}, 'phone': '(11) 0717-5054', 'cell': '(59) 5709-0405', 'id': {'name': 'CPF', 'value': '635.536.894-70'}, 'picture': {'large': 'https://randomuser.me/api/portraits/women/1.jpg', 'medium': 'https://randomuser.me/api/portraits/med/women/1.jpg', 'thumbnail': 'https://randomuser.me/api/portraits/thumb/women/1.jpg'}, 'nat': 'BR'}], 'info': {'seed': 'ffff16d321162a00', 'results': 1, 'page': 1, 'version': '1.4'}}</msg>
<arg>${json_data}</arg>
<doc>Logs the given message with the given level.</doc>
<status status="PASS" start="2024-07-03T07:14:14.297114" elapsed="0.000210"/>
</kw>
<kw name="Dictionary Should Contain Key" owner="Collections">
<arg>${json_data}</arg>
<arg>results</arg>
<doc>Fails if ``key`` is not found from ``dictionary``.</doc>
<status status="PASS" start="2024-07-03T07:14:14.297611" elapsed="0.000196"/>
</kw>
<kw name="Should Not Be Empty" owner="BuiltIn">
<msg time="2024-07-03T07:14:14.298127" level="INFO">Length is 2.</msg>
<arg>${json_data}</arg>
<doc>Verifies that the given item is not empty.</doc>
<status status="PASS" start="2024-07-03T07:14:14.297996" elapsed="0.000169"/>
</kw>
<kw name="Create List" owner="BuiltIn">
<msg time="2024-07-03T07:14:14.298606" level="INFO">${expected_keys} = ['gender', 'name', 'location', 'email', 'login']</msg>
<var>${expected_keys}</var>
<arg>gender</arg>
<arg>name</arg>
<arg>location</arg>
<arg>email</arg>
<arg>login</arg>
<doc>Returns a list containing given items.</doc>
<status status="PASS" start="2024-07-03T07:14:14.298457" elapsed="0.000173"/>
</kw>
<for flavor="IN">
<iter>
<kw name="Dictionary Should Contain Key" owner="Collections">
<arg>${json_data['results'][0]}</arg>
<arg>${key}</arg>
<doc>Fails if ``key`` is not found from ``dictionary``.</doc>
<status status="PASS" start="2024-07-03T07:14:14.299378" elapsed="0.000398"/>
</kw>
<kw name="Log" owner="BuiltIn">
<msg time="2024-07-03T07:14:14.300325" level="INFO">{'gender': 'female', 'name': {'title': 'Ms', 'first': 'Gisele', 'last': 'Viana'}, 'location': {'street': {'number': 8387, 'name': 'Rua Amazonas '}, 'city': 'Cubatão', 'state': 'Rio de Janeiro', 'country': 'Brazil', 'postcode': 88268, 'coordinates': {'latitude': '-75.4048', 'longitude': '178.7615'}, 'timezone': {'offset': '+6:00', 'description': 'Almaty, Dhaka, Colombo'}}, 'email': 'gisele.viana@example.com', 'login': {'uuid': '6ffcd14a-d1e0-419d-877f-3d940231b2b9', 'username': 'whiteduck878', 'password': 'housewifes', 'salt': 'h4dhJYHB', 'md5': 'b251e814cc46602a7cdfa4752209cc29', 'sha1': 'ef8076f695023285578cc878aaff1d9e528fef4b', 'sha256': 'd6c79aa611db641427db9027c0757515ac2bd81172d2029dfd549d1600492ee3'}, 'dob': {'date': '1979-10-24T18:09:13.070Z', 'age': 44}, 'registered': {'date': '2007-09-27T18:15:03.013Z', 'age': 16}, 'phone': '(11) 0717-5054', 'cell': '(59) 5709-0405', 'id': {'name': 'CPF', 'value': '635.536.894-70'}, 'picture': {'large': 'https://randomuser.me/api/portraits/women/1.jpg', 'medium': 'https://randomuser.me/api/portraits/med/women/1.jpg', 'thumbnail': 'https://randomuser.me/api/portraits/thumb/women/1.jpg'}, 'nat': 'BR'}</msg>
<arg>${json_data['results'][0]}</arg>
<doc>Logs the given message with the given level.</doc>
<status status="PASS" start="2024-07-03T07:14:14.299964" elapsed="0.000410"/>
</kw>
<kw name="Log" owner="BuiltIn">
<msg time="2024-07-03T07:14:14.300835" level="INFO">gender</msg>
<arg>${key}</arg>
<doc>Logs the given message with the given level.</doc>
<status status="PASS" start="2024-07-03T07:14:14.300694" elapsed="0.000180"/>
</kw>
<var name="${key}">gender</var>
<status status="PASS" start="2024-07-03T07:14:14.299252" elapsed="0.001840"/>
</iter>
<iter>
<kw name="Dictionary Should Contain Key" owner="Collections">
<arg>${json_data['results'][0]}</arg>
<arg>${key}</arg>
<doc>Fails if ``key`` is not found from ``dictionary``.</doc>
<status status="PASS" start="2024-07-03T07:14:14.301390" elapsed="0.000388"/>
</kw>
<kw name="Log" owner="BuiltIn">
<msg time="2024-07-03T07:14:14.302317" level="INFO">{'gender': 'female', 'name': {'title': 'Ms', 'first': 'Gisele', 'last': 'Viana'}, 'location': {'street': {'number': 8387, 'name': 'Rua Amazonas '}, 'city': 'Cubatão', 'state': 'Rio de Janeiro', 'country': 'Brazil', 'postcode': 88268, 'coordinates': {'latitude': '-75.4048', 'longitude': '178.7615'}, 'timezone': {'offset': '+6:00', 'description': 'Almaty, Dhaka, Colombo'}}, 'email': 'gisele.viana@example.com', 'login': {'uuid': '6ffcd14a-d1e0-419d-877f-3d940231b2b9', 'username': 'whiteduck878', 'password': 'housewifes', 'salt': 'h4dhJYHB', 'md5': 'b251e814cc46602a7cdfa4752209cc29', 'sha1': 'ef8076f695023285578cc878aaff1d9e528fef4b', 'sha256': 'd6c79aa611db641427db9027c0757515ac2bd81172d2029dfd549d1600492ee3'}, 'dob': {'date': '1979-10-24T18:09:13.070Z', 'age': 44}, 'registered': {'date': '2007-09-27T18:15:03.013Z', 'age': 16}, 'phone': '(11) 0717-5054', 'cell': '(59) 5709-0405', 'id': {'name': 'CPF', 'value': '635.536.894-70'}, 'picture': {'large': 'https://randomuser.me/api/portraits/women/1.jpg', 'medium': 'https://randomuser.me/api/portraits/med/women/1.jpg', 'thumbnail': 'https://randomuser.me/api/portraits/thumb/women/1.jpg'}, 'nat': 'BR'}</msg>
<arg>${json_data['results'][0]}</arg>
<doc>Logs the given message with the given level.</doc>
<status status="PASS" start="2024-07-03T07:14:14.301961" elapsed="0.000436"/>
</kw>
<kw name="Log" owner="BuiltIn">
<msg time="2024-07-03T07:14:14.302828" level="INFO">name</msg>
<arg>${key}</arg>
<doc>Logs the given message with the given level.</doc>
<status status="PASS" start="2024-07-03T07:14:14.302701" elapsed="0.000165"/>
</kw>
<var name="${key}">name</var>
<status status="PASS" start="2024-07-03T07:14:14.301277" elapsed="0.001804"/>
</iter>
<iter>
<kw name="Dictionary Should Contain Key" owner="Collections">
<arg>${json_data['results'][0]}</arg>
<arg>${key}</arg>
<doc>Fails if ``key`` is not found from ``dictionary``.</doc>
<status status="PASS" start="2024-07-03T07:14:14.303363" elapsed="0.000378"/>
</kw>
<kw name="Log" owner="BuiltIn">
<msg time="2024-07-03T07:14:14.304273" level="INFO">{'gender': 'female', 'name': {'title': 'Ms', 'first': 'Gisele', 'last': 'Viana'}, 'location': {'street': {'number': 8387, 'name': 'Rua Amazonas '}, 'city': 'Cubatão', 'state': 'Rio de Janeiro', 'country': 'Brazil', 'postcode': 88268, 'coordinates': {'latitude': '-75.4048', 'longitude': '178.7615'}, 'timezone': {'offset': '+6:00', 'description': 'Almaty, Dhaka, Colombo'}}, 'email': 'gisele.viana@example.com', 'login': {'uuid': '6ffcd14a-d1e0-419d-877f-3d940231b2b9', 'username': 'whiteduck878', 'password': 'housewifes', 'salt': 'h4dhJYHB', 'md5': 'b251e814cc46602a7cdfa4752209cc29', 'sha1': 'ef8076f695023285578cc878aaff1d9e528fef4b', 'sha256': 'd6c79aa611db641427db9027c0757515ac2bd81172d2029dfd549d1600492ee3'}, 'dob': {'date': '1979-10-24T18:09:13.070Z', 'age': 44}, 'registered': {'date': '2007-09-27T18:15:03.013Z', 'age': 16}, 'phone': '(11) 0717-5054', 'cell': '(59) 5709-0405', 'id': {'name': 'CPF', 'value': '635.536.894-70'}, 'picture': {'large': 'https://randomuser.me/api/portraits/women/1.jpg', 'medium': 'https://randomuser.me/api/portraits/med/women/1.jpg', 'thumbnail': 'https://randomuser.me/api/portraits/thumb/women/1.jpg'}, 'nat': 'BR'}</msg>
<arg>${json_data['results'][0]}</arg>
<doc>Logs the given message with the given level.</doc>
<status status="PASS" start="2024-07-03T07:14:14.303922" elapsed="0.000399"/>
</kw>
<kw name="Log" owner="BuiltIn">
<msg time="2024-07-03T07:14:14.304765" level="INFO">location</msg>
<arg>${key}</arg>
<doc>Logs the given message with the given level.</doc>
<status status="PASS" start="2024-07-03T07:14:14.304615" elapsed="0.000188"/>
</kw>
<var name="${key}">location</var>
<status status="PASS" start="2024-07-03T07:14:14.303255" elapsed="0.001762"/>
</iter>
<iter>
<kw name="Dictionary Should Contain Key" owner="Collections">
<arg>${json_data['results'][0]}</arg>
<arg>${key}</arg>
<doc>Fails if ``key`` is not found from ``dictionary``.</doc>
<status status="PASS" start="2024-07-03T07:14:14.305293" elapsed="0.000387"/>
</kw>
<kw name="Log" owner="BuiltIn">
<msg time="2024-07-03T07:14:14.306214" level="INFO">{'gender': 'female', 'name': {'title': 'Ms', 'first': 'Gisele', 'last': 'Viana'}, 'location': {'street': {'number': 8387, 'name': 'Rua Amazonas '}, 'city': 'Cubatão', 'state': 'Rio de Janeiro', 'country': 'Brazil', 'postcode': 88268, 'coordinates': {'latitude': '-75.4048', 'longitude': '178.7615'}, 'timezone': {'offset': '+6:00', 'description': 'Almaty, Dhaka, Colombo'}}, 'email': 'gisele.viana@example.com', 'login': {'uuid': '6ffcd14a-d1e0-419d-877f-3d940231b2b9', 'username': 'whiteduck878', 'password': 'housewifes', 'salt': 'h4dhJYHB', 'md5': 'b251e814cc46602a7cdfa4752209cc29', 'sha1': 'ef8076f695023285578cc878aaff1d9e528fef4b', 'sha256': 'd6c79aa611db641427db9027c0757515ac2bd81172d2029dfd549d1600492ee3'}, 'dob': {'date': '1979-10-24T18:09:13.070Z', 'age': 44}, 'registered': {'date': '2007-09-27T18:15:03.013Z', 'age': 16}, 'phone': '(11) 0717-5054', 'cell': '(59) 5709-0405', 'id': {'name': 'CPF', 'value': '635.536.894-70'}, 'picture': {'large': 'https://randomuser.me/api/portraits/women/1.jpg', 'medium': 'https://randomuser.me/api/portraits/med/women/1.jpg', 'thumbnail': 'https://randomuser.me/api/portraits/thumb/women/1.jpg'}, 'nat': 'BR'}</msg>
<arg>${json_data['results'][0]}</arg>
<doc>Logs the given message with the given level.</doc>
<status status="PASS" start="2024-07-03T07:14:14.305865" elapsed="0.000397"/>
</kw>
<kw name="Log" owner="BuiltIn">
<msg time="2024-07-03T07:14:14.306676" level="INFO">email</msg>
<arg>${key}</arg>
<doc>Logs the given message with the given level.</doc>
<status status="PASS" start="2024-07-03T07:14:14.306552" elapsed="0.000163"/>
</kw>
<var name="${key}">email</var>
<status status="PASS" start="2024-07-03T07:14:14.305186" elapsed="0.001745"/>
</iter>
<iter>
<kw name="Dictionary Should Contain Key" owner="Collections">
<arg>${json_data['results'][0]}</arg>
<arg>${key}</arg>
<doc>Fails if ``key`` is not found from ``dictionary``.</doc>
<status status="PASS" start="2024-07-03T07:14:14.307207" elapsed="0.000377"/>
</kw>
<kw name="Log" owner="BuiltIn">
<msg time="2024-07-03T07:14:14.308119" level="INFO">{'gender': 'female', 'name': {'title': 'Ms', 'first': 'Gisele', 'last': 'Viana'}, 'location': {'street': {'number': 8387, 'name': 'Rua Amazonas '}, 'city': 'Cubatão', 'state': 'Rio de Janeiro', 'country': 'Brazil', 'postcode': 88268, 'coordinates': {'latitude': '-75.4048', 'longitude': '178.7615'}, 'timezone': {'offset': '+6:00', 'description': 'Almaty, Dhaka, Colombo'}}, 'email': 'gisele.viana@example.com', 'login': {'uuid': '6ffcd14a-d1e0-419d-877f-3d940231b2b9', 'username': 'whiteduck878', 'password': 'housewifes', 'salt': 'h4dhJYHB', 'md5': 'b251e814cc46602a7cdfa4752209cc29', 'sha1': 'ef8076f695023285578cc878aaff1d9e528fef4b', 'sha256': 'd6c79aa611db641427db9027c0757515ac2bd81172d2029dfd549d1600492ee3'}, 'dob': {'date': '1979-10-24T18:09:13.070Z', 'age': 44}, 'registered': {'date': '2007-09-27T18:15:03.013Z', 'age': 16}, 'phone': '(11) 0717-5054', 'cell': '(59) 5709-0405', 'id': {'name': 'CPF', 'value': '635.536.894-70'}, 'picture': {'large': 'https://randomuser.me/api/portraits/women/1.jpg', 'medium': 'https://randomuser.me/api/portraits/med/women/1.jpg', 'thumbnail': 'https://randomuser.me/api/portraits/thumb/women/1.jpg'}, 'nat': 'BR'}</msg>
<arg>${json_data['results'][0]}</arg>
<doc>Logs the given message with the given level.</doc>
<status status="PASS" start="2024-07-03T07:14:14.307763" elapsed="0.000407"/>
</kw>
<kw name="Log" owner="BuiltIn">
<msg time="2024-07-03T07:14:14.308581" level="INFO">login</msg>
<arg>${key}</arg>
<doc>Logs the given message with the given level.</doc>
<status status="PASS" start="2024-07-03T07:14:14.308457" elapsed="0.000161"/>
</kw>
<var name="${key}">login</var>
<status status="PASS" start="2024-07-03T07:14:14.307097" elapsed="0.001764"/>
</iter>
<var>${key}</var>
<value>@{expected_keys}</value>
<status status="PASS" start="2024-07-03T07:14:14.299059" elapsed="0.009921"/>
</for>
<kw name="Create List" owner="BuiltIn">
<msg time="2024-07-03T07:14:14.309301" level="INFO">${expected_keysTwo} = ['username', 'password']</msg>
<var>${expected_keysTwo}</var>
<arg>username</arg>
<arg>password</arg>
<doc>Returns a list containing given items.</doc>
<status status="PASS" start="2024-07-03T07:14:14.309169" elapsed="0.000187"/>
</kw>
<for flavor="IN">
<iter>
<kw name="Dictionary Should Contain Key" owner="Collections">
<arg>${json_data['results'][0]['login']}</arg>
<arg>${keyTwo}</arg>
<doc>Fails if ``key`` is not found from ``dictionary``.</doc>
<status status="PASS" start="2024-07-03T07:14:14.309857" elapsed="0.000384"/>
</kw>
<kw name="Dictionary Should Contain Key" owner="Collections">
<arg>${json_data['results'][0]['login']}</arg>
<arg>${keyTwo}</arg>
<doc>Fails if ``key`` is not found from ``dictionary``.</doc>
<status status="PASS" start="2024-07-03T07:14:14.310420" elapsed="0.000368"/>
</kw>
<kw name="Log" owner="BuiltIn">
<msg time="2024-07-03T07:14:14.311091" level="INFO">username</msg>
<arg>${keyTwo}</arg>
<doc>Logs the given message with the given level.</doc>
<status status="PASS" start="2024-07-03T07:14:14.310969" elapsed="0.000159"/>
</kw>
<var name="${keyTwo}">username</var>
<status status="PASS" start="2024-07-03T07:14:14.309750" elapsed="0.001594"/>
</iter>
<iter>
<kw name="Dictionary Should Contain Key" owner="Collections">
<arg>${json_data['results'][0]['login']}</arg>
<arg>${keyTwo}</arg>
<doc>Fails if ``key`` is not found from ``dictionary``.</doc>
<status status="PASS" start="2024-07-03T07:14:14.311617" elapsed="0.000380"/>
</kw>
<kw name="Dictionary Should Contain Key" owner="Collections">
<arg>${json_data['results'][0]['login']}</arg>
<arg>${keyTwo}</arg>
<doc>Fails if ``key`` is not found from ``dictionary``.</doc>
<status status="PASS" start="2024-07-03T07:14:14.312171" elapsed="0.000370"/>
</kw>
<kw name="Log" owner="BuiltIn">
<msg time="2024-07-03T07:14:14.312855" level="INFO">password</msg>
<arg>${keyTwo}</arg>
<doc>Logs the given message with the given level.</doc>
<status status="PASS" start="2024-07-03T07:14:14.312732" elapsed="0.000164"/>
</kw>
<var name="${keyTwo}">password</var>
<status status="PASS" start="2024-07-03T07:14:14.311512" elapsed="0.001601"/>
</iter>
<var>${keyTwo}</var>
<value>@{expected_keysTwo}</value>
<status status="PASS" start="2024-07-03T07:14:14.309600" elapsed="0.003631"/>
</for>
<status status="PASS" start="2024-07-03T07:14:14.193063" elapsed="0.120307"/>
</kw>
<doc>Testa a estrutura da resposta da API.</doc>
<tag>testeEstruturaResposta</tag>
<status status="PASS" start="2024-07-03T07:14:14.192445" elapsed="0.121076"/>
</test>
<test id="s1-s1-t4" name="Validar tipos de dados" line="28">
<kw name="Teste de Tipos de Dados" owner="random-user-service">
<kw name="GET On Session" owner="RequestsLibrary">
<msg time="2024-07-03T07:14:14.407471" level="INFO">GET Request : url=https://randomuser.me/api 
 path_url=/api 
 headers={'User-Agent': 'python-requests/2.32.3', 'Accept-Encoding': 'gzip, deflate', 'Accept': '*/*', 'Connection': 'keep-alive'} 
 body=None 
 </msg>
<msg time="2024-07-03T07:14:14.407550" level="INFO">GET Response : url=https://randomuser.me/api 
 status=200, reason=OK 
 headers={'Date': 'Wed, 03 Jul 2024 07:14:14 GMT', 'Content-Type': 'application/json; charset=utf-8', 'Transfer-Encoding': 'chunked', 'Connection': 'keep-alive', 'X-Powered-By': 'Express', 'Access-Control-Allow-Origin': '*', 'Cache-Control': 'no-cache', 'ETag': 'W/"497-CZdGih7iELqT2BlcakYQ+AGw2Ws"', 'Vary': 'Accept-Encoding', 'Content-Encoding': 'gzip', 'CF-Cache-Status': 'DYNAMIC', 'Report-To': '{"endpoints":[{"url":"https:\\/\\/a.nel.cloudflare.com\\/report\\/v4?s=PeX4TNjIAt7tjMQCiRuK2RrsIv1X1n71x09FaSISWiW06%2F2qDKTPllp97eomV%2BEdCVq0jhdFvXCSix%2Br3IASi1m8ibQ0gY9PlfCm0E%2FyLMz0xnmRPOui%2FNF0ryi3GUfp"}],"group":"cf-nel","max_age":604800}', 'NEL': '{"success_fraction":0,"report_to":"cf-nel","max_age":604800}', 'Server': 'cloudflare', 'CF-RAY': '89d513d77f79fafc-SJC', 'alt-svc': 'h3=":443"; ma=86400'} 
 body={"results":[{"gender":"female","name":{"title":"Mrs","first":"Judy","last":"Foster"},"location":{"street":{"number":144,"name":"Patrick Street"},"city":"Shannon","state":"Galway City","country":"Ireland","postcode":19727,"coordinates":{"latitude":"0.6654","longitude":"177.9405"},"timezone":{"offset":"+5:00","description":"Ekaterinburg, Islamabad, Karachi, Tashkent"}},"email":"judy.foster@example.com","login":{"uuid":"747b0ad5-1145-4925-8bde-fca7dbe61d03","username":"tinyzebra794","password":"solitude","salt":"gswMkupR","md5":"a425c159a716ee7ba5fa4836cfdb13a1","sha1":"d66006bf75e255c32c43768d1c36ff98cf9e847c","sha256":"eddfc77d7ab667029f4ec9330eac04bb3ba0e861fde698c790ac1348f3a4fbd1"},"dob":{"date":"1981-09-23T18:15:38.682Z","age":42},"registered":{"date":"2012-04-12T20:20:21.408Z","age":12},"phone":"061-830-8024","cell":"081-422-4343","id":{"name":"PPS","value":"3254778T"},"picture":{"large":"https://randomuser.me/api/portraits/women/82.jpg","medium":"https://randomuser.me/api/portraits/med/women/82.jpg","thumbnail":"https://randomuser.me/api/portraits/thumb/women/82.jpg"},"nat":"IE"}],"info":{"seed":"2847db0691cdbed8","results":1,"page":1,"version":"1.4"}} 
 </msg>
<msg time="2024-07-03T07:14:14.407618" level="INFO">/opt/hostedtoolcache/Python/3.12.4/x64/lib/python3.12/site-packages/urllib3/connectionpool.py:1099: InsecureRequestWarning: Unverified HTTPS request is being made to host 'randomuser.me'. Adding certificate verification is strongly advised. See: https://urllib3.readthedocs.io/en/latest/advanced-usage.html#tls-warnings
  warnings.warn(</msg>
<msg time="2024-07-03T07:14:14.407747" level="INFO">${response} = &lt;Response [200]&gt;</msg>
<var>${response}</var>
<arg>consultarAPI</arg>
<arg>/api</arg>
<doc>Sends a GET request on a previously created HTTP Session.</doc>
<status status="PASS" start="2024-07-03T07:14:14.316089" elapsed="0.091713"/>
</kw>
<kw name="Set Variable" owner="BuiltIn">
<msg time="2024-07-03T07:14:14.408647" level="INFO">${json_data} = {'results': [{'gender': 'female', 'name': {'title': 'Mrs', 'first': 'Judy', 'last': 'Foster'}, 'location': {'street': {'number': 144, 'name': 'Patrick Street'}, 'city': 'Shannon', 'state': 'Galway Cit...</msg>
<var>${json_data}</var>
<arg>${response.json()}</arg>
<doc>Returns the given values which can then be assigned to a variables.</doc>
<status status="PASS" start="2024-07-03T07:14:14.408196" elapsed="0.000510"/>
</kw>
<kw name="Log" owner="BuiltIn">
<msg time="2024-07-03T07:14:14.409176" level="INFO">{'results': [{'gender': 'female', 'name': {'title': 'Mrs', 'first': 'Judy', 'last': 'Foster'}, 'location': {'street': {'number': 144, 'name': 'Patrick Street'}, 'city': 'Shannon', 'state': 'Galway City', 'country': 'Ireland', 'postcode': 19727, 'coordinates': {'latitude': '0.6654', 'longitude': '177.9405'}, 'timezone': {'offset': '+5:00', 'description': 'Ekaterinburg, Islamabad, Karachi, Tashkent'}}, 'email': 'judy.foster@example.com', 'login': {'uuid': '747b0ad5-1145-4925-8bde-fca7dbe61d03', 'username': 'tinyzebra794', 'password': 'solitude', 'salt': 'gswMkupR', 'md5': 'a425c159a716ee7ba5fa4836cfdb13a1', 'sha1': 'd66006bf75e255c32c43768d1c36ff98cf9e847c', 'sha256': 'eddfc77d7ab667029f4ec9330eac04bb3ba0e861fde698c790ac1348f3a4fbd1'}, 'dob': {'date': '1981-09-23T18:15:38.682Z', 'age': 42}, 'registered': {'date': '2012-04-12T20:20:21.408Z', 'age': 12}, 'phone': '061-830-8024', 'cell': '081-422-4343', 'id': {'name': 'PPS', 'value': '3254778T'}, 'picture': {'large': 'https://randomuser.me/api/portraits/women/82.jpg', 'medium': 'https://randomuser.me/api/portraits/med/women/82.jpg', 'thumbnail': 'https://randomuser.me/api/portraits/thumb/women/82.jpg'}, 'nat': 'IE'}], 'info': {'seed': '2847db0691cdbed8', 'results': 1, 'page': 1, 'version': '1.4'}}</msg>
<arg>${json_data}</arg>
<doc>Logs the given message with the given level.</doc>
<status status="PASS" start="2024-07-03T07:14:14.409021" elapsed="0.000202"/>
</kw>
<kw name="Should Be String" owner="String">
<arg>${json_data['results'][0]['gender']}</arg>
<doc>Fails if the given ``item`` is not a string.</doc>
<status status="PASS" start="2024-07-03T07:14:14.409512" elapsed="0.000360"/>
</kw>
<kw name="Should Match Regexp" owner="BuiltIn">
<arg>${json_data['results'][0]['email']}</arg>
<arg>^[a-zA-Z0-9._%+-]+@[a-zA-Z0-9.-]+\.[a-zA-Z]{2,}$</arg>
<doc>Fails if ``string`` does not match ``pattern`` as a regular expression.</doc>
<status status="PASS" start="2024-07-03T07:14:14.410059" elapsed="0.000549"/>
</kw>
<kw name="Should Match Regexp" owner="BuiltIn">
<arg>${json_data['results'][0]['dob']['date']}</arg>
<arg>\\d{4}-\\d{2}-\\d{2}T\\d{2}:\\d{2}:\\d{2}\\.\\d{3}Z</arg>
<doc>Fails if ``string`` does not match ``pattern`` as a regular expression.</doc>
<status status="PASS" start="2024-07-03T07:14:14.410803" elapsed="0.000489"/>
</kw>
<kw name="Should Match Regexp" owner="BuiltIn">
<arg>${json_data['results'][0]['registered']['date']}</arg>
<arg>\\d{4}-\\d{2}-\\d{2}T\\d{2}:\\d{2}:\\d{2}\\.\\d{3}Z</arg>
<doc>Fails if ``string`` does not match ``pattern`` as a regular expression.</doc>
<status status="PASS" start="2024-07-03T07:14:14.411483" elapsed="0.000364"/>
</kw>
<kw name="Should Match Regexp" owner="BuiltIn">
<arg>${json_data['results'][0]['picture']['large']}</arg>
<arg>^https?://.*\.(?:png|jpe?g|gif|bmp)$</arg>
<doc>Fails if ``string`` does not match ``pattern`` as a regular expression.</doc>
<status status="PASS" start="2024-07-03T07:14:14.412035" elapsed="0.000453"/>
</kw>
<kw name="Should Match Regexp" owner="BuiltIn">
<arg>${json_data['results'][0]['picture']['medium']}</arg>
<arg>^https?://.*\.(?:png|jpe?g|gif|bmp)$</arg>
<doc>Fails if ``string`` does not match ``pattern`` as a regular expression.</doc>
<status status="PASS" start="2024-07-03T07:14:14.412690" elapsed="0.000358"/>
</kw>
<kw name="Should Match Regexp" owner="BuiltIn">
<arg>${json_data['results'][0]['picture']['thumbnail']}</arg>
<arg>^https?://.*\.(?:png|jpe?g|gif|bmp)$</arg>
<doc>Fails if ``string`` does not match ``pattern`` as a regular expression.</doc>
<status status="PASS" start="2024-07-03T07:14:14.413230" elapsed="0.000351"/>
</kw>
<kw name="Log" owner="BuiltIn">
<msg time="2024-07-03T07:14:14.414088" level="INFO">{'large': 'https://randomuser.me/api/portraits/women/82.jpg', 'medium': 'https://randomuser.me/api/portraits/med/women/82.jpg', 'thumbnail': 'https://randomuser.me/api/portraits/thumb/women/82.jpg'}</msg>
<arg>${json_data['results'][0]['picture']}</arg>
<doc>Logs the given message with the given level.</doc>
<status status="PASS" start="2024-07-03T07:14:14.413763" elapsed="0.000367"/>
</kw>
<status status="PASS" start="2024-07-03T07:14:14.315864" elapsed="0.098520"/>
</kw>
<kw name="Teste de Tipos de Dados - Postcode" owner="random-user-service">
<kw name="GET On Session" owner="RequestsLibrary">
<msg time="2024-07-03T07:14:14.507458" level="INFO">GET Request : url=https://randomuser.me/api 
 path_url=/api 
 headers={'User-Agent': 'python-requests/2.32.3', 'Accept-Encoding': 'gzip, deflate', 'Accept': '*/*', 'Connection': 'keep-alive'} 
 body=None 
 </msg>
<msg time="2024-07-03T07:14:14.507549" level="INFO">GET Response : url=https://randomuser.me/api 
 status=200, reason=OK 
 headers={'Date': 'Wed, 03 Jul 2024 07:14:14 GMT', 'Content-Type': 'application/json; charset=utf-8', 'Transfer-Encoding': 'chunked', 'Connection': 'keep-alive', 'X-Powered-By': 'Express', 'Access-Control-Allow-Origin': '*', 'Cache-Control': 'no-cache', 'ETag': 'W/"480-TkoPQECjIrbZyn4GsbtqoWwyuL0"', 'Vary': 'Accept-Encoding', 'Content-Encoding': 'gzip', 'CF-Cache-Status': 'DYNAMIC', 'Report-To': '{"endpoints":[{"url":"https:\\/\\/a.nel.cloudflare.com\\/report\\/v4?s=X6TcCjVEOWxu7GzkgUyAvIRMOjRfk7PPU56Px4khA5HbE9JWDNYh8JKhQFvCVS0r5PMZbYd26LHOzfEwyGXwnYwhXC%2FFfT5mSXo8PktQjzo0%2Bqe8siJ44gUPP5G%2BQ%2Fh9"}],"group":"cf-nel","max_age":604800}', 'NEL': '{"success_fraction":0,"report_to":"cf-nel","max_age":604800}', 'Server': 'cloudflare', 'CF-RAY': '89d513d81fd5fafc-SJC', 'alt-svc': 'h3=":443"; ma=86400'} 
 body={"results":[{"gender":"male","name":{"title":"Mr","first":"Dobrogost","last":"Kushnirenko"},"location":{"street":{"number":4431,"name":"Akademika Butlerova"},"city":"Cherkasi","state":"Kirovogradska","country":"Ukraine","postcode":69024,"coordinates":{"latitude":"80.2714","longitude":"-15.5865"},"timezone":{"offset":"+4:30","description":"Kabul"}},"email":"dobrogost.kushnirenko@example.com","login":{"uuid":"57a71f7a-01e9-4ce5-bf1f-505adf3b6714","username":"bigzebra401","password":"vegitto","salt":"af6JX5uR","md5":"9a6dd9f261a3e36ea1ec08b3d9ba7be9","sha1":"5d4316878205249d3ae2b0bfe50dd8af30165b5a","sha256":"9adb36f3cb94b19cfc698b12cdee76ec6df565d3506ffe7f0fb285add63acd1f"},"dob":{"date":"1946-12-25T10:32:50.939Z","age":77},"registered":{"date":"2009-09-16T12:35:43.870Z","age":14},"phone":"(098) Y27-4412","cell":"(097) R15-2594","id":{"name":"","value":null},"picture":{"large":"https://randomuser.me/api/portraits/men/65.jpg","medium":"https://randomuser.me/api/portraits/med/men/65.jpg","thumbnail":"https://randomuser.me/api/portraits/thumb/men/65.jpg"},"nat":"UA"}],"info":{"seed":"6e6c0cbabcd0e9ce","results":1,"page":1,"version":"1.4"}} 
 </msg>
<msg time="2024-07-03T07:14:14.507625" level="INFO">/opt/hostedtoolcache/Python/3.12.4/x64/lib/python3.12/site-packages/urllib3/connectionpool.py:1099: InsecureRequestWarning: Unverified HTTPS request is being made to host 'randomuser.me'. Adding certificate verification is strongly advised. See: https://urllib3.readthedocs.io/en/latest/advanced-usage.html#tls-warnings
  warnings.warn(</msg>
<msg time="2024-07-03T07:14:14.507769" level="INFO">${response} = &lt;Response [200]&gt;</msg>
<var>${response}</var>
<arg>consultarAPI</arg>
<arg>/api</arg>
<doc>Sends a GET request on a previously created HTTP Session.</doc>
<status status="PASS" start="2024-07-03T07:14:14.414817" elapsed="0.093026"/>
</kw>
<kw name="Set Variable" owner="BuiltIn">
<msg time="2024-07-03T07:14:14.508821" level="INFO">${json_data} = {'results': [{'gender': 'male', 'name': {'title': 'Mr', 'first': 'Dobrogost', 'last': 'Kushnirenko'}, 'location': {'street': {'number': 4431, 'name': 'Akademika Butlerova'}, 'city': 'Cherkasi', 'state...</msg>
<var>${json_data}</var>
<arg>${response.json()}</arg>
<doc>Returns the given values which can then be assigned to a variables.</doc>
<status status="PASS" start="2024-07-03T07:14:14.508314" elapsed="0.000535"/>
</kw>
<kw name="Log" owner="BuiltIn">
<msg time="2024-07-03T07:14:14.509324" level="INFO">{'results': [{'gender': 'male', 'name': {'title': 'Mr', 'first': 'Dobrogost', 'last': 'Kushnirenko'}, 'location': {'street': {'number': 4431, 'name': 'Akademika Butlerova'}, 'city': 'Cherkasi', 'state': 'Kirovogradska', 'country': 'Ukraine', 'postcode': 69024, 'coordinates': {'latitude': '80.2714', 'longitude': '-15.5865'}, 'timezone': {'offset': '+4:30', 'description': 'Kabul'}}, 'email': 'dobrogost.kushnirenko@example.com', 'login': {'uuid': '57a71f7a-01e9-4ce5-bf1f-505adf3b6714', 'username': 'bigzebra401', 'password': 'vegitto', 'salt': 'af6JX5uR', 'md5': '9a6dd9f261a3e36ea1ec08b3d9ba7be9', 'sha1': '5d4316878205249d3ae2b0bfe50dd8af30165b5a', 'sha256': '9adb36f3cb94b19cfc698b12cdee76ec6df565d3506ffe7f0fb285add63acd1f'}, 'dob': {'date': '1946-12-25T10:32:50.939Z', 'age': 77}, 'registered': {'date': '2009-09-16T12:35:43.870Z', 'age': 14}, 'phone': '(098) Y27-4412', 'cell': '(097) R15-2594', 'id': {'name': '', 'value': None}, 'picture': {'large': 'https://randomuser.me/api/portraits/men/65.jpg', 'medium': 'https://randomuser.me/api/portraits/med/men/65.jpg', 'thumbnail': 'https://randomuser.me/api/portraits/thumb/men/65.jpg'}, 'nat': 'UA'}], 'info': {'seed': '6e6c0cbabcd0e9ce', 'results': 1, 'page': 1, 'version': '1.4'}}</msg>
<arg>${json_data}</arg>
<doc>Logs the given message with the given level.</doc>
<status status="PASS" start="2024-07-03T07:14:14.509163" elapsed="0.000208"/>
</kw>
<kw name="Should Be Equal As Numbers" owner="BuiltIn">
<arg>${json_data['results'][0]['location']['postcode']}</arg>
<arg>${json_data['results'][0]['location']['postcode']}</arg>
<doc>Fails if objects are unequal after converting them to real numbers.</doc>
<status status="PASS" start="2024-07-03T07:14:14.509663" elapsed="0.000618"/>
</kw>
<kw name="Log" owner="BuiltIn">
<msg time="2024-07-03T07:14:14.510804" level="INFO">69024</msg>
<arg>${json_data['results'][0]['location']['postcode']}</arg>
<doc>Logs the given message with the given level.</doc>
<status status="PASS" start="2024-07-03T07:14:14.510466" elapsed="0.000378"/>
</kw>
<status status="PASS" start="2024-07-03T07:14:14.414598" elapsed="0.096524"/>
</kw>
<doc>Testa se os tipos de dados na resposta da API estão corretos.</doc>
<tag>testeTiposDados</tag>
<status status="PASS" start="2024-07-03T07:14:14.315252" elapsed="0.196033"/>
</test>
<test id="s1-s1-t5" name="Validar conteudo" line="35">
<kw name="Teste de Tipos de Conteudo" owner="random-user-service">
<kw name="GET On Session" owner="RequestsLibrary">
<msg time="2024-07-03T07:14:14.606315" level="INFO">GET Request : url=https://randomuser.me/api 
 path_url=/api 
 headers={'User-Agent': 'python-requests/2.32.3', 'Accept-Encoding': 'gzip, deflate', 'Accept': '*/*', 'Connection': 'keep-alive'} 
 body=None 
 </msg>
<msg time="2024-07-03T07:14:14.606400" level="INFO">GET Response : url=https://randomuser.me/api 
 status=200, reason=OK 
 headers={'Date': 'Wed, 03 Jul 2024 07:14:14 GMT', 'Content-Type': 'application/json; charset=utf-8', 'Transfer-Encoding': 'chunked', 'Connection': 'keep-alive', 'X-Powered-By': 'Express', 'Access-Control-Allow-Origin': '*', 'Cache-Control': 'no-cache', 'ETag': 'W/"496-9NZqah39jtRobKFEjVXcyqWq1nc"', 'Vary': 'Accept-Encoding', 'Content-Encoding': 'gzip', 'CF-Cache-Status': 'DYNAMIC', 'Report-To': '{"endpoints":[{"url":"https:\\/\\/a.nel.cloudflare.com\\/report\\/v4?s=cbJSciMkPB9h7Q5cf4H1OWZ3D0j%2Fm1H8NNBDjglVd07gHkLUWm4tQ4JRnuKcTBrw3vl15LbIM%2BfKaDTjr1LOm6pwSaSJh55Vi9YjDe3jCG%2BaoJclw5yGkZrvFiDo%2Byx1"}],"group":"cf-nel","max_age":604800}', 'NEL': '{"success_fraction":0,"report_to":"cf-nel","max_age":604800}', 'Server': 'cloudflare', 'CF-RAY': '89d513d8b815fafc-SJC', 'alt-svc': 'h3=":443"; ma=86400'} 
 body={"results":[{"gender":"female","name":{"title":"Miss","first":"نازنین","last":"قاسمی"},"location":{"street":{"number":2178,"name":"جمهوری"},"city":"کرمانشاه","state":"اردبیل","country":"Iran","postcode":81280,"coordinates":{"latitude":"16.5234","longitude":"53.6221"},"timezone":{"offset":"+9:00","description":"Tokyo, Seoul, Osaka, Sapporo, Yakutsk"}},"email":"nznyn.qsmy@example.com","login":{"uuid":"b84e33f1-cc5c-4c63-9e0a-0c524457a648","username":"redbird786","password":"2525","salt":"XxVWzog6","md5":"7f71d9c55589f9f35509b2ae4d0eb3b4","sha1":"6720fb7398a314cb368de88b9f82ffb819923035","sha256":"1cbfa5ecc4304e8121ca14e219c04f5854aeef573ca515808d6e6e23e8f17060"},"dob":{"date":"1964-12-18T18:35:38.598Z","age":59},"registered":{"date":"2005-03-03T15:48:40.503Z","age":19},"phone":"023-46435984","cell":"0987-498-0657","id":{"name":"","value":null},"picture":{"large":"https://randomuser.me/api/portraits/women/27.jpg","medium":"https://randomuser.me/api/portraits/med/women/27.jpg","thumbnail":"https://randomuser.me/api/portraits/thumb/women/27.jpg"},"nat":"IR"}],"info":{"seed":"00da6065049ca4c8","results":1,"page":1,"version":"1.4"}} 
 </msg>
<msg time="2024-07-03T07:14:14.606485" level="INFO">/opt/hostedtoolcache/Python/3.12.4/x64/lib/python3.12/site-packages/urllib3/connectionpool.py:1099: InsecureRequestWarning: Unverified HTTPS request is being made to host 'randomuser.me'. Adding certificate verification is strongly advised. See: https://urllib3.readthedocs.io/en/latest/advanced-usage.html#tls-warnings
  warnings.warn(</msg>
<msg time="2024-07-03T07:14:14.606586" level="INFO">${response} = &lt;Response [200]&gt;</msg>
<var>${response}</var>
<arg>consultarAPI</arg>
<arg>/api</arg>
<doc>Sends a GET request on a previously created HTTP Session.</doc>
<status status="PASS" start="2024-07-03T07:14:14.513940" elapsed="0.092681"/>
</kw>
<kw name="Set Variable" owner="BuiltIn">
<msg time="2024-07-03T07:14:14.607565" level="INFO">${json_data} = {'results': [{'gender': 'female', 'name': {'title': 'Miss', 'first': 'نازنین', 'last': 'قاسمی'}, 'location': {'street': {'number': 2178, 'name': 'جمهوری'}, 'city': 'کرمانشاه', 'state': 'اردبیل', 'coun...</msg>
<var>${json_data}</var>
<arg>${response.json()}</arg>
<doc>Returns the given values which can then be assigned to a variables.</doc>
<status status="PASS" start="2024-07-03T07:14:14.607074" elapsed="0.000521"/>
</kw>
<kw name="Set Variable" owner="BuiltIn">
<msg time="2024-07-03T07:14:14.608277" level="INFO">${name_title} = Miss</msg>
<var>${name_title}</var>
<arg>${json_data["results"][0]["name"]["title"]}</arg>
<doc>Returns the given values which can then be assigned to a variables.</doc>
<status status="PASS" start="2024-07-03T07:14:14.607900" elapsed="0.000402"/>
</kw>
<kw name="Create List" owner="BuiltIn">
<msg time="2024-07-03T07:14:14.608790" level="INFO">${allowed_titles} = ['Mr', 'Ms', 'Miss', 'Mrs', 'Madame', 'Monsieur']</msg>
<var>${allowed_titles}</var>
<arg>Mr</arg>
<arg>Ms</arg>
<arg>Miss</arg>
<arg>Mrs</arg>
<arg>Madame</arg>
<arg>Monsieur</arg>
<doc>Returns a list containing given items.</doc>
<status status="PASS" start="2024-07-03T07:14:14.608598" elapsed="0.000217"/>
</kw>
<kw name="List Should Contain Value" owner="Collections">
<arg>${allowed_titles}</arg>
<arg>${name_title}</arg>
<doc>Fails if the ``value`` is not found from ``list``.</doc>
<status status="PASS" start="2024-07-03T07:14:14.609111" elapsed="0.000177"/>
</kw>
<kw name="Set Variable" owner="BuiltIn">
<msg time="2024-07-03T07:14:14.609833" level="INFO">${name_country} = IR</msg>
<var>${name_country}</var>
<arg>${json_data["results"][0]["nat"]}</arg>
<doc>Returns the given values which can then be assigned to a variables.</doc>
<status status="PASS" start="2024-07-03T07:14:14.609468" elapsed="0.000390"/>
</kw>
<kw name="Create List" owner="BuiltIn">
<msg time="2024-07-03T07:14:14.610746" level="INFO">${list_country} = ['AD', 'AE', 'AF', 'AG', 'AI', 'AL', 'AM', 'AO', 'AQ', 'AR', 'AS', 'AT', 'AU', 'AW', 'AX', 'AZ', 'BA', 'BB', 'BD', 'BE', 'BF', 'BG', 'BH', 'BI', 'BJ', 'BL', 'BM', 'BN', 'BO', 'BQ', 'BR', 'BS', 'BT', '...</msg>
<var>${list_country}</var>
<arg>AD</arg>
<arg>AE</arg>
<arg>AF</arg>
<arg>AG</arg>
<arg>AI</arg>
<arg>AL</arg>
<arg>AM</arg>
<arg>AO</arg>
<arg>AQ</arg>
<arg>AR</arg>
<arg>AS</arg>
<arg>AT</arg>
<arg>AU</arg>
<arg>AW</arg>
<arg>AX</arg>
<arg>AZ</arg>
<arg>BA</arg>
<arg>BB</arg>
<arg>BD</arg>
<arg>BE</arg>
<arg>BF</arg>
<arg>BG</arg>
<arg>BH</arg>
<arg>BI</arg>
<arg>BJ</arg>
<arg>BL</arg>
<arg>BM</arg>
<arg>BN</arg>
<arg>BO</arg>
<arg>BQ</arg>
<arg>BR</arg>
<arg>BS</arg>
<arg>BT</arg>
<arg>BV</arg>
<arg>BW</arg>
<arg>BY</arg>
<arg>BZ</arg>
<arg>CA</arg>
<arg>CC</arg>
<arg>CD</arg>
<arg>CF</arg>
<arg>CG</arg>
<arg>CH</arg>
<arg>CI</arg>
<arg>CK</arg>
<arg>CL</arg>
<arg>CM</arg>
<arg>CN</arg>
<arg>CO</arg>
<arg>CR</arg>
<arg>CU</arg>
<arg>CV</arg>
<arg>CW</arg>
<arg>CX</arg>
<arg>CY</arg>
<arg>CZ</arg>
<arg>DE</arg>
<arg>DJ</arg>
<arg>DK</arg>
<arg>DM</arg>
<arg>DO</arg>
<arg>DZ</arg>
<arg>EC</arg>
<arg>EE</arg>
<arg>EG</arg>
<arg>EH</arg>
<arg>ER</arg>
<arg>ES</arg>
<arg>ET</arg>
<arg>FI</arg>
<arg>FJ</arg>
<arg>FK</arg>
<arg>FM</arg>
<arg>FO</arg>
<arg>FR</arg>
<arg>GA</arg>
<arg>GB</arg>
<arg>GD</arg>
<arg>GE</arg>
<arg>GF</arg>
<arg>GG</arg>
<arg>GH</arg>
<arg>GI</arg>
<arg>GL</arg>
<arg>GM</arg>
<arg>GN</arg>
<arg>GP</arg>
<arg>GQ</arg>
<arg>GR</arg>
<arg>GS</arg>
<arg>GT</arg>
<arg>GU</arg>
<arg>GW</arg>
<arg>GY</arg>
<arg>HK</arg>
<arg>HM</arg>
<arg>HN</arg>
<arg>HR</arg>
<arg>HT</arg>
<arg>HU</arg>
<arg>ID</arg>
<arg>IE</arg>
<arg>IL</arg>
<arg>IM</arg>
<arg>IN</arg>
<arg>IO</arg>
<arg>IQ</arg>
<arg>IR</arg>
<arg>IS</arg>
<arg>IT</arg>
<arg>JE</arg>
<arg>JM</arg>
<arg>JO</arg>
<arg>JP</arg>
<arg>KE</arg>
<arg>KG</arg>
<arg>KH</arg>
<arg>KI</arg>
<arg>KM</arg>
<arg>KN</arg>
<arg>KP</arg>
<arg>KR</arg>
<arg>KW</arg>
<arg>KY</arg>
<arg>KZ</arg>
<arg>LA</arg>
<arg>LB</arg>
<arg>LC</arg>
<arg>LI</arg>
<arg>LK</arg>
<arg>LR</arg>
<arg>LS</arg>
<arg>LT</arg>
<arg>LU</arg>
<arg>LV</arg>
<arg>LY</arg>
<arg>MA</arg>
<arg>MC</arg>
<arg>MD</arg>
<arg>ME</arg>
<arg>MF</arg>
<arg>MG</arg>
<arg>MH</arg>
<arg>MK</arg>
<arg>ML</arg>
<arg>MM</arg>
<arg>MN</arg>
<arg>MO</arg>
<arg>MP</arg>
<arg>MQ</arg>
<arg>MR</arg>
<arg>MS</arg>
<arg>MT</arg>
<arg>MU</arg>
<arg>MV</arg>
<arg>MW</arg>
<arg>MX</arg>
<arg>MY</arg>
<arg>MZ</arg>
<arg>NA</arg>
<arg>NC</arg>
<arg>NE</arg>
<arg>NF</arg>
<arg>NG</arg>
<arg>NI</arg>
<arg>NL</arg>
<arg>NO</arg>
<arg>NP</arg>
<arg>NR</arg>
<arg>NU</arg>
<arg>NZ</arg>
<arg>OM</arg>
<arg>PA</arg>
<arg>PE</arg>
<arg>PF</arg>
<arg>PG</arg>
<arg>PH</arg>
<arg>PK</arg>
<arg>PL</arg>
<arg>PM</arg>
<arg>PN</arg>
<arg>PR</arg>
<arg>PS</arg>
<arg>PT</arg>
<arg>PW</arg>
<arg>PY</arg>
<arg>QA</arg>
<arg>RE</arg>
<arg>RO</arg>
<arg>RS</arg>
<arg>RU</arg>
<arg>RW</arg>
<arg>SA</arg>
<arg>SB</arg>
<arg>SC</arg>
<arg>SD</arg>
<arg>SE</arg>
<arg>SG</arg>
<arg>SH</arg>
<arg>SI</arg>
<arg>SJ</arg>
<arg>SK</arg>
<arg>SL</arg>
<arg>SM</arg>
<arg>SN</arg>
<arg>SO</arg>
<arg>SR</arg>
<arg>SS</arg>
<arg>ST</arg>
<arg>SV</arg>
<arg>SX</arg>
<arg>SY</arg>
<arg>SZ</arg>
<arg>TC</arg>
<arg>TD</arg>
<arg>TF</arg>
<arg>TG</arg>
<arg>TH</arg>
<arg>TJ</arg>
<arg>TK</arg>
<arg>TL</arg>
<arg>TM</arg>
<arg>TN</arg>
<arg>TO</arg>
<arg>TR</arg>
<arg>TT</arg>
<arg>TV</arg>
<arg>TW</arg>
<arg>TZ</arg>
<arg>UA</arg>
<arg>UG</arg>
<arg>UM</arg>
<arg>US</arg>
<arg>UY</arg>
<arg>UZ</arg>
<arg>VA</arg>
<arg>VC</arg>
<arg>VE</arg>
<arg>VG</arg>
<arg>VI</arg>
<arg>VN</arg>
<arg>VU</arg>
<arg>WF</arg>
<arg>WS</arg>
<arg>XK</arg>
<arg>YE</arg>
<arg>YT</arg>
<arg>ZA</arg>
<arg>ZM</arg>
<arg>ZW</arg>
<doc>Returns a list containing given items.</doc>
<status status="PASS" start="2024-07-03T07:14:14.610146" elapsed="0.000625"/>
</kw>
<kw name="List Should Contain Value" owner="Collections">
<arg>${list_country}</arg>
<arg>${name_country}</arg>
<doc>Fails if the ``value`` is not found from ``list``.</doc>
<status status="PASS" start="2024-07-03T07:14:14.611564" elapsed="0.000205"/>
</kw>
<kw name="Run Keyword If" owner="BuiltIn">
<kw name="Should Be True" owner="BuiltIn">
<arg>${True}</arg>
<doc>Fails if the given condition is not true.</doc>
<status status="PASS" start="2024-07-03T07:14:14.612726" elapsed="0.000153"/>
</kw>
<arg>${json_data["results"][0]["location"]["coordinates"]["latitude"]} &gt;= -90 and ${json_data["results"][0]["location"]["coordinates"]["latitude"]} &lt;= 90</arg>
<arg>Should Be True</arg>
<arg>${True}</arg>
<doc>Runs the given keyword with the given arguments, if ``condition`` is true.</doc>
<status status="PASS" start="2024-07-03T07:14:14.611964" elapsed="0.001040"/>
</kw>
<kw name="Run Keyword If" owner="BuiltIn">
<kw name="Should Be True" owner="BuiltIn">
<arg>${True}</arg>
<doc>Fails if the given condition is not true.</doc>
<status status="PASS" start="2024-07-03T07:14:14.613873" elapsed="0.000139"/>
</kw>
<arg>${json_data["results"][0]["location"]["coordinates"]["longitude"]} &gt;= -180 and ${json_data["results"][0]["location"]["coordinates"]["longitude"]} &lt;= 180</arg>
<arg>Should Be True</arg>
<arg>${True}</arg>
<doc>Runs the given keyword with the given arguments, if ``condition`` is true.</doc>
<status status="PASS" start="2024-07-03T07:14:14.613184" elapsed="0.000951"/>
</kw>
<status status="PASS" start="2024-07-03T07:14:14.513575" elapsed="0.100692"/>
</kw>
<doc>Testa o conteúdo específico dos campos retornados pela API.</doc>
<tag>testeConteudo</tag>
<status status="PASS" start="2024-07-03T07:14:14.513141" elapsed="0.101275"/>
</test>
<status status="PASS" start="2024-07-03T07:14:13.684691" elapsed="0.931655"/>
</suite>
<status status="PASS" start="2024-07-03T07:14:13.670413" elapsed="0.951079"/>
</suite>
<statistics>
<total>
<stat pass="5" fail="0" skip="0">All Tests</stat>
</total>
<tag>
<stat pass="1" fail="0" skip="0">testeConteudo</stat>
<stat pass="1" fail="0" skip="0">testeEstruturaResposta</stat>
<stat pass="1" fail="0" skip="0">testeRequisicaoBasica</stat>
<stat pass="1" fail="0" skip="0">testeTiposDados</stat>
</tag>
<suite>
<stat pass="5" fail="0" skip="0" id="s1" name="Tests">Tests</stat>
<stat pass="5" fail="0" skip="0" id="s1-s1" name="Random-User-Test">Tests.Random-User-Test</stat>
</suite>
</statistics>
<errors>
</errors>
</robot>
