<?xml version="1.0" encoding="UTF-8"?>
<robot generator="Robot 7.0 (Python 3.12.3 on linux)" generated="2024-05-03T02:26:40.871991" rpa="false" schemaversion="5">
<suite id="s1" name="Tests" source="/home/runner/work/DesafioQAItauRogerioJordao/DesafioQAItauRogerioJordao/RamdonUser/tests">
<suite id="s1-s1" name="Random-User-Test" source="/home/runner/work/DesafioQAItauRogerioJordao/DesafioQAItauRogerioJordao/RamdonUser/tests/random-user-test.robot">
<test id="s1-s1-t1" name="Conectar" line="13">
<kw name="Conectar API" owner="random-user-service">
<kw name="Create Session" owner="RequestsLibrary">
<msg time="2024-05-03T02:26:41.257337" level="INFO">Creating Session using : alias=consultarAPI, url=https://randomuser.me/, headers={},                     cookies={}, auth=None, timeout=None, proxies=None, verify=False,                     debug=0 </msg>
<arg>consultarAPI</arg>
<arg>${URL}</arg>
<doc>Create Session: create a HTTP session to a server</doc>
<status status="PASS" start="2024-05-03T02:26:41.257142" elapsed="0.000373"/>
</kw>
<status status="PASS" start="2024-05-03T02:26:41.256170" elapsed="0.001698"/>
</kw>
<status status="PASS" start="2024-05-03T02:26:41.255531" elapsed="0.002531"/>
</test>
<test id="s1-s1-t2" name="Validar retorno 200 e JSON Válido" line="16">
<kw name="Teste de Requisicao Basica" owner="random-user-service">
<kw name="GET On Session" owner="RequestsLibrary">
<msg time="2024-05-03T02:26:41.360128" level="INFO">GET Request : url=https://randomuser.me/api 
 path_url=/api 
 headers={'User-Agent': 'python-requests/2.31.0', 'Accept-Encoding': 'gzip, deflate', 'Accept': '*/*', 'Connection': 'keep-alive'} 
 body=None 
 </msg>
<msg time="2024-05-03T02:26:41.360283" level="INFO">GET Response : url=https://randomuser.me/api 
 status=200, reason=OK 
 headers={'Date': 'Fri, 03 May 2024 02:26:41 GMT', 'Content-Type': 'application/json; charset=utf-8', 'Transfer-Encoding': 'chunked', 'Connection': 'keep-alive', 'X-Powered-By': 'Express', 'Access-Control-Allow-Origin': '*', 'Cache-Control': 'no-cache', 'ETag': 'W/"4af-G1AyzMHSqC2obXizLs6cihpTxlo"', 'Vary': 'Accept-Encoding', 'Content-Encoding': 'gzip', 'CF-Cache-Status': 'DYNAMIC', 'Report-To': '{"endpoints":[{"url":"https:\\/\\/a.nel.cloudflare.com\\/report\\/v4?s=63OBOR%2FcwIZo%2BAnCddZdNUR3izCd26YsYiuTNs%2BW0kYIyAlMehjo%2BJf%2BM2ZZNDrz524EJfYdmQjqz6OUhhPwrs6KvDCEnSPBucMwLQGDwFsV2PC%2FPOcPrxITSujmVGah"}],"group":"cf-nel","max_age":604800}', 'NEL': '{"success_fraction":0,"report_to":"cf-nel","max_age":604800}', 'Server': 'cloudflare', 'CF-RAY': '87dccec02def619c-ORD', 'alt-svc': 'h3=":443"; ma=86400'} 
 body={"results":[{"gender":"female","name":{"title":"Madame","first":"Luna","last":"Dumont"},"location":{"street":{"number":6469,"name":"Rue Denfert-Rochereau"},"city":"Ermensee","state":"Graubünden","country":"Switzerland","postcode":3839,"coordinates":{"latitude":"-60.6364","longitude":"89.2107"},"timezone":{"offset":"+5:00","description":"Ekaterinburg, Islamabad, Karachi, Tashkent"}},"email":"luna.dumont@example.com","login":{"uuid":"93abaa45-d4f7-422c-bc33-b7998f5179c3","username":"brownpanda502","password":"camera","salt":"s0ChjXSV","md5":"13d951a468f7898d77a1898c2cb7dd02","sha1":"b3afaf05f33dadbbd74fb3681ef9cc09835ece4d","sha256":"8f42b656a6a590da85b95832d5ec99fb0b1e5a10135a9b5c38f1d52179102ca2"},"dob":{"date":"1977-04-14T00:44:57.457Z","age":47},"registered":{"date":"2014-09-06T14:07:19.103Z","age":9},"phone":"075 457 23 78","cell":"076 516 28 87","id":{"name":"AVS","value":"756.4195.8330.48"},"picture":{"large":"https://randomuser.me/api/portraits/women/54.jpg","medium":"https://randomuser.me/api/portraits/med/women/54.jpg","thumbnail":"https://randomuser.me/api/portraits/thumb/women/54.jpg"},"nat":"CH"}],"info":{"seed":"f0ad15d4871038fe","results":1,"page":1,"version":"1.4"}} 
 </msg>
<msg time="2024-05-03T02:26:41.360381" level="INFO">/opt/hostedtoolcache/Python/3.12.3/x64/lib/python3.12/site-packages/urllib3/connectionpool.py:1103: InsecureRequestWarning: Unverified HTTPS request is being made to host 'randomuser.me'. Adding certificate verification is strongly advised. See: https://urllib3.readthedocs.io/en/latest/advanced-usage.html#tls-warnings
  warnings.warn(</msg>
<msg time="2024-05-03T02:26:41.360525" level="INFO">${response} = &lt;Response [200]&gt;</msg>
<var>${response}</var>
<arg>consultarAPI</arg>
<arg>/api</arg>
<doc>Sends a GET request on a previously created HTTP Session.</doc>
<status status="PASS" start="2024-05-03T02:26:41.261048" elapsed="0.099523"/>
</kw>
<kw name="Should Be Equal As Numbers" owner="BuiltIn">
<msg time="2024-05-03T02:26:41.361485" level="INFO">Argument types are:
&lt;class 'int'&gt;
&lt;class 'str'&gt;</msg>
<arg>${response.status_code}</arg>
<arg>200</arg>
<doc>Fails if objects are unequal after converting them to real numbers.</doc>
<status status="PASS" start="2024-05-03T02:26:41.361045" elapsed="0.000505"/>
</kw>
<kw name="Log" owner="BuiltIn">
<msg time="2024-05-03T02:26:41.362264" level="INFO">200</msg>
<arg>${response.status_code}</arg>
<doc>Logs the given message with the given level.</doc>
<status status="PASS" start="2024-05-03T02:26:41.361907" elapsed="0.000431"/>
</kw>
<kw name="Set Variable" owner="BuiltIn">
<msg time="2024-05-03T02:26:41.363103" level="INFO">${json_data} = {'results': [{'gender': 'female', 'name': {'title': 'Madame', 'first': 'Luna', 'last': 'Dumont'}, 'location': {'street': {'number': 6469, 'name': 'Rue Denfert-Rochereau'}, 'city': 'Ermensee', 'state':...</msg>
<var>${json_data}</var>
<arg>${response.json()}</arg>
<doc>Returns the given values which can then be assigned to a variables.</doc>
<status status="PASS" start="2024-05-03T02:26:41.362663" elapsed="0.000469"/>
</kw>
<kw name="Dictionary Should Contain Key" owner="Collections">
<msg time="2024-05-03T02:26:41.363604" level="INFO">False</msg>
<arg>${json_data}</arg>
<arg>results</arg>
<doc>Fails if ``key`` is not found from ``dictionary``.</doc>
<status status="PASS" start="2024-05-03T02:26:41.363432" elapsed="0.000211"/>
</kw>
<status status="PASS" start="2024-05-03T02:26:41.260804" elapsed="0.103097"/>
</kw>
<doc>Testa se a API responde corretamente e retorna um objeto JSON válido.</doc>
<tag>testeRequisicaoBasica</tag>
<status status="PASS" start="2024-05-03T02:26:41.260276" elapsed="0.103803"/>
</test>
<test id="s1-s1-t3" name="Validar estrutura de resposta" line="22">
<kw name="Teste de Estrutura de Resposta" owner="random-user-service">
<kw name="GET On Session" owner="RequestsLibrary">
<msg time="2024-05-03T02:26:41.457182" level="INFO">GET Request : url=https://randomuser.me/api 
 path_url=/api 
 headers={'User-Agent': 'python-requests/2.31.0', 'Accept-Encoding': 'gzip, deflate', 'Accept': '*/*', 'Connection': 'keep-alive'} 
 body=None 
 </msg>
<msg time="2024-05-03T02:26:41.457267" level="INFO">GET Response : url=https://randomuser.me/api 
 status=200, reason=OK 
 headers={'Date': 'Fri, 03 May 2024 02:26:41 GMT', 'Content-Type': 'application/json; charset=utf-8', 'Transfer-Encoding': 'chunked', 'Connection': 'keep-alive', 'X-Powered-By': 'Express', 'Access-Control-Allow-Origin': '*', 'Cache-Control': 'no-cache', 'ETag': 'W/"478-SzY+vv2gPjHB3wJxXbO2DWpVRdY"', 'Vary': 'Accept-Encoding', 'Content-Encoding': 'gzip', 'CF-Cache-Status': 'DYNAMIC', 'Report-To': '{"endpoints":[{"url":"https:\\/\\/a.nel.cloudflare.com\\/report\\/v4?s=u%2Fj4xubDBC85orbnbwemuVTgSfRX9SIxzCQ%2B92%2FaPvicyLANs9WXzKdd1NFTwU3Vk0QEkMYtDoI3mgFz3UGZpa7YmODyWoVK58Tmr9JKT4Go1NNWv86J8CsptcLyQLYZ"}],"group":"cf-nel","max_age":604800}', 'NEL': '{"success_fraction":0,"report_to":"cf-nel","max_age":604800}', 'Server': 'cloudflare', 'CF-RAY': '87dccec08e6f619c-ORD', 'alt-svc': 'h3=":443"; ma=86400'} 
 body={"results":[{"gender":"male","name":{"title":"Mr","first":"Kasper","last":"Opland"},"location":{"street":{"number":5416,"name":"Slalåmveien"},"city":"Lauvsnes","state":"Description","country":"Norway","postcode":"2341","coordinates":{"latitude":"39.0539","longitude":"-115.2444"},"timezone":{"offset":"+9:30","description":"Adelaide, Darwin"}},"email":"kasper.opland@example.com","login":{"uuid":"7ae8c73c-bccc-4a19-b6f4-eff9305f310a","username":"yellowelephant915","password":"hawaii50","salt":"QVWWNeJ9","md5":"3c910b835968319c9d6e57a04e86b771","sha1":"609f4820800fd2c7d4abcea8884f445e11e644f7","sha256":"b56df8801150f7ae8ff97ddb453b9402c278d458e6bbf44b42fb51996e9a8695"},"dob":{"date":"1998-02-28T15:39:25.692Z","age":26},"registered":{"date":"2022-01-26T19:10:21.302Z","age":2},"phone":"30392006","cell":"93032036","id":{"name":"FN","value":"28029846504"},"picture":{"large":"https://randomuser.me/api/portraits/men/56.jpg","medium":"https://randomuser.me/api/portraits/med/men/56.jpg","thumbnail":"https://randomuser.me/api/portraits/thumb/men/56.jpg"},"nat":"NO"}],"info":{"seed":"f42c20dadef04a82","results":1,"page":1,"version":"1.4"}} 
 </msg>
<msg time="2024-05-03T02:26:41.457386" level="INFO">/opt/hostedtoolcache/Python/3.12.3/x64/lib/python3.12/site-packages/urllib3/connectionpool.py:1103: InsecureRequestWarning: Unverified HTTPS request is being made to host 'randomuser.me'. Adding certificate verification is strongly advised. See: https://urllib3.readthedocs.io/en/latest/advanced-usage.html#tls-warnings
  warnings.warn(</msg>
<msg time="2024-05-03T02:26:41.457526" level="INFO">${response} = &lt;Response [200]&gt;</msg>
<var>${response}</var>
<arg>consultarAPI</arg>
<arg>/api</arg>
<doc>Sends a GET request on a previously created HTTP Session.</doc>
<status status="PASS" start="2024-05-03T02:26:41.366820" elapsed="0.090748"/>
</kw>
<kw name="Set Variable" owner="BuiltIn">
<msg time="2024-05-03T02:26:41.458477" level="INFO">${json_data} = {'results': [{'gender': 'male', 'name': {'title': 'Mr', 'first': 'Kasper', 'last': 'Opland'}, 'location': {'street': {'number': 5416, 'name': 'Slalåmveien'}, 'city': 'Lauvsnes', 'state': 'Description'...</msg>
<var>${json_data}</var>
<arg>${response.json()}</arg>
<doc>Returns the given values which can then be assigned to a variables.</doc>
<status status="PASS" start="2024-05-03T02:26:41.457957" elapsed="0.000550"/>
</kw>
<kw name="Log" owner="BuiltIn">
<msg time="2024-05-03T02:26:41.458990" level="INFO">{'results': [{'gender': 'male', 'name': {'title': 'Mr', 'first': 'Kasper', 'last': 'Opland'}, 'location': {'street': {'number': 5416, 'name': 'Slalåmveien'}, 'city': 'Lauvsnes', 'state': 'Description', 'country': 'Norway', 'postcode': '2341', 'coordinates': {'latitude': '39.0539', 'longitude': '-115.2444'}, 'timezone': {'offset': '+9:30', 'description': 'Adelaide, Darwin'}}, 'email': 'kasper.opland@example.com', 'login': {'uuid': '7ae8c73c-bccc-4a19-b6f4-eff9305f310a', 'username': 'yellowelephant915', 'password': 'hawaii50', 'salt': 'QVWWNeJ9', 'md5': '3c910b835968319c9d6e57a04e86b771', 'sha1': '609f4820800fd2c7d4abcea8884f445e11e644f7', 'sha256': 'b56df8801150f7ae8ff97ddb453b9402c278d458e6bbf44b42fb51996e9a8695'}, 'dob': {'date': '1998-02-28T15:39:25.692Z', 'age': 26}, 'registered': {'date': '2022-01-26T19:10:21.302Z', 'age': 2}, 'phone': '30392006', 'cell': '93032036', 'id': {'name': 'FN', 'value': '28029846504'}, 'picture': {'large': 'https://randomuser.me/api/portraits/men/56.jpg', 'medium': 'https://randomuser.me/api/portraits/med/men/56.jpg', 'thumbnail': 'https://randomuser.me/api/portraits/thumb/men/56.jpg'}, 'nat': 'NO'}], 'info': {'seed': 'f42c20dadef04a82', 'results': 1, 'page': 1, 'version': '1.4'}}</msg>
<arg>${json_data}</arg>
<doc>Logs the given message with the given level.</doc>
<status status="PASS" start="2024-05-03T02:26:41.458832" elapsed="0.000219"/>
</kw>
<kw name="Dictionary Should Contain Key" owner="Collections">
<msg time="2024-05-03T02:26:41.459508" level="INFO">False</msg>
<arg>${json_data}</arg>
<arg>results</arg>
<doc>Fails if ``key`` is not found from ``dictionary``.</doc>
<status status="PASS" start="2024-05-03T02:26:41.459352" elapsed="0.000195"/>
</kw>
<kw name="Should Not Be Empty" owner="BuiltIn">
<msg time="2024-05-03T02:26:41.460014" level="INFO">Length is 2.</msg>
<arg>${json_data}</arg>
<doc>Verifies that the given item is not empty.</doc>
<status status="PASS" start="2024-05-03T02:26:41.459874" elapsed="0.000316"/>
</kw>
<kw name="Create List" owner="BuiltIn">
<msg time="2024-05-03T02:26:41.460653" level="INFO">${expected_keys} = ['gender', 'name', 'location', 'email', 'login']</msg>
<var>${expected_keys}</var>
<arg>gender</arg>
<arg>name</arg>
<arg>location</arg>
<arg>email</arg>
<arg>login</arg>
<doc>Returns a list containing given items.</doc>
<status status="PASS" start="2024-05-03T02:26:41.460487" elapsed="0.000191"/>
</kw>
<for flavor="IN">
<iter>
<kw name="Dictionary Should Contain Key" owner="Collections">
<msg time="2024-05-03T02:26:41.461652" level="INFO">False</msg>
<arg>${json_data['results'][0]}</arg>
<arg>${key}</arg>
<doc>Fails if ``key`` is not found from ``dictionary``.</doc>
<status status="PASS" start="2024-05-03T02:26:41.461250" elapsed="0.000440"/>
</kw>
<kw name="Log" owner="BuiltIn">
<msg time="2024-05-03T02:26:41.462404" level="INFO">{'gender': 'male', 'name': {'title': 'Mr', 'first': 'Kasper', 'last': 'Opland'}, 'location': {'street': {'number': 5416, 'name': 'Slalåmveien'}, 'city': 'Lauvsnes', 'state': 'Description', 'country': 'Norway', 'postcode': '2341', 'coordinates': {'latitude': '39.0539', 'longitude': '-115.2444'}, 'timezone': {'offset': '+9:30', 'description': 'Adelaide, Darwin'}}, 'email': 'kasper.opland@example.com', 'login': {'uuid': '7ae8c73c-bccc-4a19-b6f4-eff9305f310a', 'username': 'yellowelephant915', 'password': 'hawaii50', 'salt': 'QVWWNeJ9', 'md5': '3c910b835968319c9d6e57a04e86b771', 'sha1': '609f4820800fd2c7d4abcea8884f445e11e644f7', 'sha256': 'b56df8801150f7ae8ff97ddb453b9402c278d458e6bbf44b42fb51996e9a8695'}, 'dob': {'date': '1998-02-28T15:39:25.692Z', 'age': 26}, 'registered': {'date': '2022-01-26T19:10:21.302Z', 'age': 2}, 'phone': '30392006', 'cell': '93032036', 'id': {'name': 'FN', 'value': '28029846504'}, 'picture': {'large': 'https://randomuser.me/api/portraits/men/56.jpg', 'medium': 'https://randomuser.me/api/portraits/med/men/56.jpg', 'thumbnail': 'https://randomuser.me/api/portraits/thumb/men/56.jpg'}, 'nat': 'NO'}</msg>
<arg>${json_data['results'][0]}</arg>
<doc>Logs the given message with the given level.</doc>
<status status="PASS" start="2024-05-03T02:26:41.462000" elapsed="0.000455"/>
</kw>
<kw name="Log" owner="BuiltIn">
<msg time="2024-05-03T02:26:41.462881" level="INFO">gender</msg>
<arg>${key}</arg>
<doc>Logs the given message with the given level.</doc>
<status status="PASS" start="2024-05-03T02:26:41.462754" elapsed="0.000164"/>
</kw>
<var name="${key}">gender</var>
<status status="PASS" start="2024-05-03T02:26:41.461124" elapsed="0.002008"/>
</iter>
<iter>
<kw name="Dictionary Should Contain Key" owner="Collections">
<msg time="2024-05-03T02:26:41.463824" level="INFO">False</msg>
<arg>${json_data['results'][0]}</arg>
<arg>${key}</arg>
<doc>Fails if ``key`` is not found from ``dictionary``.</doc>
<status status="PASS" start="2024-05-03T02:26:41.463438" elapsed="0.000423"/>
</kw>
<kw name="Log" owner="BuiltIn">
<msg time="2024-05-03T02:26:41.464548" level="INFO">{'gender': 'male', 'name': {'title': 'Mr', 'first': 'Kasper', 'last': 'Opland'}, 'location': {'street': {'number': 5416, 'name': 'Slalåmveien'}, 'city': 'Lauvsnes', 'state': 'Description', 'country': 'Norway', 'postcode': '2341', 'coordinates': {'latitude': '39.0539', 'longitude': '-115.2444'}, 'timezone': {'offset': '+9:30', 'description': 'Adelaide, Darwin'}}, 'email': 'kasper.opland@example.com', 'login': {'uuid': '7ae8c73c-bccc-4a19-b6f4-eff9305f310a', 'username': 'yellowelephant915', 'password': 'hawaii50', 'salt': 'QVWWNeJ9', 'md5': '3c910b835968319c9d6e57a04e86b771', 'sha1': '609f4820800fd2c7d4abcea8884f445e11e644f7', 'sha256': 'b56df8801150f7ae8ff97ddb453b9402c278d458e6bbf44b42fb51996e9a8695'}, 'dob': {'date': '1998-02-28T15:39:25.692Z', 'age': 26}, 'registered': {'date': '2022-01-26T19:10:21.302Z', 'age': 2}, 'phone': '30392006', 'cell': '93032036', 'id': {'name': 'FN', 'value': '28029846504'}, 'picture': {'large': 'https://randomuser.me/api/portraits/men/56.jpg', 'medium': 'https://randomuser.me/api/portraits/med/men/56.jpg', 'thumbnail': 'https://randomuser.me/api/portraits/thumb/men/56.jpg'}, 'nat': 'NO'}</msg>
<arg>${json_data['results'][0]}</arg>
<doc>Logs the given message with the given level.</doc>
<status status="PASS" start="2024-05-03T02:26:41.464183" elapsed="0.000414"/>
</kw>
<kw name="Log" owner="BuiltIn">
<msg time="2024-05-03T02:26:41.465025" level="INFO">name</msg>
<arg>${key}</arg>
<doc>Logs the given message with the given level.</doc>
<status status="PASS" start="2024-05-03T02:26:41.464899" elapsed="0.000162"/>
</kw>
<var name="${key}">name</var>
<status status="PASS" start="2024-05-03T02:26:41.463323" elapsed="0.001953"/>
</iter>
<iter>
<kw name="Dictionary Should Contain Key" owner="Collections">
<msg time="2024-05-03T02:26:41.465955" level="INFO">False</msg>
<arg>${json_data['results'][0]}</arg>
<arg>${key}</arg>
<doc>Fails if ``key`` is not found from ``dictionary``.</doc>
<status status="PASS" start="2024-05-03T02:26:41.465567" elapsed="0.000424"/>
</kw>
<kw name="Log" owner="BuiltIn">
<msg time="2024-05-03T02:26:41.466679" level="INFO">{'gender': 'male', 'name': {'title': 'Mr', 'first': 'Kasper', 'last': 'Opland'}, 'location': {'street': {'number': 5416, 'name': 'Slalåmveien'}, 'city': 'Lauvsnes', 'state': 'Description', 'country': 'Norway', 'postcode': '2341', 'coordinates': {'latitude': '39.0539', 'longitude': '-115.2444'}, 'timezone': {'offset': '+9:30', 'description': 'Adelaide, Darwin'}}, 'email': 'kasper.opland@example.com', 'login': {'uuid': '7ae8c73c-bccc-4a19-b6f4-eff9305f310a', 'username': 'yellowelephant915', 'password': 'hawaii50', 'salt': 'QVWWNeJ9', 'md5': '3c910b835968319c9d6e57a04e86b771', 'sha1': '609f4820800fd2c7d4abcea8884f445e11e644f7', 'sha256': 'b56df8801150f7ae8ff97ddb453b9402c278d458e6bbf44b42fb51996e9a8695'}, 'dob': {'date': '1998-02-28T15:39:25.692Z', 'age': 26}, 'registered': {'date': '2022-01-26T19:10:21.302Z', 'age': 2}, 'phone': '30392006', 'cell': '93032036', 'id': {'name': 'FN', 'value': '28029846504'}, 'picture': {'large': 'https://randomuser.me/api/portraits/men/56.jpg', 'medium': 'https://randomuser.me/api/portraits/med/men/56.jpg', 'thumbnail': 'https://randomuser.me/api/portraits/thumb/men/56.jpg'}, 'nat': 'NO'}</msg>
<arg>${json_data['results'][0]}</arg>
<doc>Logs the given message with the given level.</doc>
<status status="PASS" start="2024-05-03T02:26:41.466289" elapsed="0.000439"/>
</kw>
<kw name="Log" owner="BuiltIn">
<msg time="2024-05-03T02:26:41.467148" level="INFO">location</msg>
<arg>${key}</arg>
<doc>Logs the given message with the given level.</doc>
<status status="PASS" start="2024-05-03T02:26:41.467024" elapsed="0.000162"/>
</kw>
<var name="${key}">location</var>
<status status="PASS" start="2024-05-03T02:26:41.465455" elapsed="0.001944"/>
</iter>
<iter>
<kw name="Dictionary Should Contain Key" owner="Collections">
<msg time="2024-05-03T02:26:41.468060" level="INFO">False</msg>
<arg>${json_data['results'][0]}</arg>
<arg>${key}</arg>
<doc>Fails if ``key`` is not found from ``dictionary``.</doc>
<status status="PASS" start="2024-05-03T02:26:41.467681" elapsed="0.000416"/>
</kw>
<kw name="Log" owner="BuiltIn">
<msg time="2024-05-03T02:26:41.468769" level="INFO">{'gender': 'male', 'name': {'title': 'Mr', 'first': 'Kasper', 'last': 'Opland'}, 'location': {'street': {'number': 5416, 'name': 'Slalåmveien'}, 'city': 'Lauvsnes', 'state': 'Description', 'country': 'Norway', 'postcode': '2341', 'coordinates': {'latitude': '39.0539', 'longitude': '-115.2444'}, 'timezone': {'offset': '+9:30', 'description': 'Adelaide, Darwin'}}, 'email': 'kasper.opland@example.com', 'login': {'uuid': '7ae8c73c-bccc-4a19-b6f4-eff9305f310a', 'username': 'yellowelephant915', 'password': 'hawaii50', 'salt': 'QVWWNeJ9', 'md5': '3c910b835968319c9d6e57a04e86b771', 'sha1': '609f4820800fd2c7d4abcea8884f445e11e644f7', 'sha256': 'b56df8801150f7ae8ff97ddb453b9402c278d458e6bbf44b42fb51996e9a8695'}, 'dob': {'date': '1998-02-28T15:39:25.692Z', 'age': 26}, 'registered': {'date': '2022-01-26T19:10:21.302Z', 'age': 2}, 'phone': '30392006', 'cell': '93032036', 'id': {'name': 'FN', 'value': '28029846504'}, 'picture': {'large': 'https://randomuser.me/api/portraits/men/56.jpg', 'medium': 'https://randomuser.me/api/portraits/med/men/56.jpg', 'thumbnail': 'https://randomuser.me/api/portraits/thumb/men/56.jpg'}, 'nat': 'NO'}</msg>
<arg>${json_data['results'][0]}</arg>
<doc>Logs the given message with the given level.</doc>
<status status="PASS" start="2024-05-03T02:26:41.468405" elapsed="0.000413"/>
</kw>
<kw name="Log" owner="BuiltIn">
<msg time="2024-05-03T02:26:41.469243" level="INFO">email</msg>
<arg>${key}</arg>
<doc>Logs the given message with the given level.</doc>
<status status="PASS" start="2024-05-03T02:26:41.469120" elapsed="0.000160"/>
</kw>
<var name="${key}">email</var>
<status status="PASS" start="2024-05-03T02:26:41.467571" elapsed="0.001918"/>
</iter>
<iter>
<kw name="Dictionary Should Contain Key" owner="Collections">
<msg time="2024-05-03T02:26:41.470170" level="INFO">False</msg>
<arg>${json_data['results'][0]}</arg>
<arg>${key}</arg>
<doc>Fails if ``key`` is not found from ``dictionary``.</doc>
<status status="PASS" start="2024-05-03T02:26:41.469782" elapsed="0.000426"/>
</kw>
<kw name="Log" owner="BuiltIn">
<msg time="2024-05-03T02:26:41.470890" level="INFO">{'gender': 'male', 'name': {'title': 'Mr', 'first': 'Kasper', 'last': 'Opland'}, 'location': {'street': {'number': 5416, 'name': 'Slalåmveien'}, 'city': 'Lauvsnes', 'state': 'Description', 'country': 'Norway', 'postcode': '2341', 'coordinates': {'latitude': '39.0539', 'longitude': '-115.2444'}, 'timezone': {'offset': '+9:30', 'description': 'Adelaide, Darwin'}}, 'email': 'kasper.opland@example.com', 'login': {'uuid': '7ae8c73c-bccc-4a19-b6f4-eff9305f310a', 'username': 'yellowelephant915', 'password': 'hawaii50', 'salt': 'QVWWNeJ9', 'md5': '3c910b835968319c9d6e57a04e86b771', 'sha1': '609f4820800fd2c7d4abcea8884f445e11e644f7', 'sha256': 'b56df8801150f7ae8ff97ddb453b9402c278d458e6bbf44b42fb51996e9a8695'}, 'dob': {'date': '1998-02-28T15:39:25.692Z', 'age': 26}, 'registered': {'date': '2022-01-26T19:10:21.302Z', 'age': 2}, 'phone': '30392006', 'cell': '93032036', 'id': {'name': 'FN', 'value': '28029846504'}, 'picture': {'large': 'https://randomuser.me/api/portraits/men/56.jpg', 'medium': 'https://randomuser.me/api/portraits/med/men/56.jpg', 'thumbnail': 'https://randomuser.me/api/portraits/thumb/men/56.jpg'}, 'nat': 'NO'}</msg>
<arg>${json_data['results'][0]}</arg>
<doc>Logs the given message with the given level.</doc>
<status status="PASS" start="2024-05-03T02:26:41.470532" elapsed="0.000406"/>
</kw>
<kw name="Log" owner="BuiltIn">
<msg time="2024-05-03T02:26:41.471387" level="INFO">login</msg>
<arg>${key}</arg>
<doc>Logs the given message with the given level.</doc>
<status status="PASS" start="2024-05-03T02:26:41.471249" elapsed="0.000174"/>
</kw>
<var name="${key}">login</var>
<status status="PASS" start="2024-05-03T02:26:41.469661" elapsed="0.001983"/>
</iter>
<var>${key}</var>
<value>@{expected_keys}</value>
<status status="PASS" start="2024-05-03T02:26:41.460938" elapsed="0.010853"/>
</for>
<kw name="Create List" owner="BuiltIn">
<msg time="2024-05-03T02:26:41.472127" level="INFO">${expected_keysTwo} = ['username', 'password']</msg>
<var>${expected_keysTwo}</var>
<arg>username</arg>
<arg>password</arg>
<doc>Returns a list containing given items.</doc>
<status status="PASS" start="2024-05-03T02:26:41.471991" elapsed="0.000160"/>
</kw>
<for flavor="IN">
<iter>
<kw name="Dictionary Should Contain Key" owner="Collections">
<msg time="2024-05-03T02:26:41.473047" level="INFO">False</msg>
<arg>${json_data['results'][0]['login']}</arg>
<arg>${keyTwo}</arg>
<doc>Fails if ``key`` is not found from ``dictionary``.</doc>
<status status="PASS" start="2024-05-03T02:26:41.472658" elapsed="0.000426"/>
</kw>
<kw name="Dictionary Should Contain Key" owner="Collections">
<msg time="2024-05-03T02:26:41.473767" level="INFO">False</msg>
<arg>${json_data['results'][0]['login']}</arg>
<arg>${keyTwo}</arg>
<doc>Fails if ``key`` is not found from ``dictionary``.</doc>
<status status="PASS" start="2024-05-03T02:26:41.473379" elapsed="0.000425"/>
</kw>
<kw name="Log" owner="BuiltIn">
<msg time="2024-05-03T02:26:41.474215" level="INFO">username</msg>
<arg>${keyTwo}</arg>
<doc>Logs the given message with the given level.</doc>
<status status="PASS" start="2024-05-03T02:26:41.474092" elapsed="0.000165"/>
</kw>
<var name="${keyTwo}">username</var>
<status status="PASS" start="2024-05-03T02:26:41.472549" elapsed="0.001954"/>
</iter>
<iter>
<kw name="Dictionary Should Contain Key" owner="Collections">
<msg time="2024-05-03T02:26:41.475262" level="INFO">False</msg>
<arg>${json_data['results'][0]['login']}</arg>
<arg>${keyTwo}</arg>
<doc>Fails if ``key`` is not found from ``dictionary``.</doc>
<status status="PASS" start="2024-05-03T02:26:41.474784" elapsed="0.000518"/>
</kw>
<kw name="Dictionary Should Contain Key" owner="Collections">
<msg time="2024-05-03T02:26:41.475975" level="INFO">False</msg>
<arg>${json_data['results'][0]['login']}</arg>
<arg>${keyTwo}</arg>
<doc>Fails if ``key`` is not found from ``dictionary``.</doc>
<status status="PASS" start="2024-05-03T02:26:41.475600" elapsed="0.000411"/>
</kw>
<kw name="Log" owner="BuiltIn">
<msg time="2024-05-03T02:26:41.476428" level="INFO">password</msg>
<arg>${keyTwo}</arg>
<doc>Logs the given message with the given level.</doc>
<status status="PASS" start="2024-05-03T02:26:41.476303" elapsed="0.000163"/>
</kw>
<var name="${keyTwo}">password</var>
<status status="PASS" start="2024-05-03T02:26:41.474675" elapsed="0.002005"/>
</iter>
<var>${keyTwo}</var>
<value>@{expected_keysTwo}</value>
<status status="PASS" start="2024-05-03T02:26:41.472398" elapsed="0.004402"/>
</for>
<status status="PASS" start="2024-05-03T02:26:41.366578" elapsed="0.110360"/>
</kw>
<doc>Testa a estrutura da resposta da API.</doc>
<tag>testeEstruturaResposta</tag>
<status status="PASS" start="2024-05-03T02:26:41.365938" elapsed="0.111147"/>
</test>
<test id="s1-s1-t4" name="Validar tipos de dados" line="28">
<kw name="Teste de Tipos de Dados" owner="random-user-service">
<kw name="GET On Session" owner="RequestsLibrary">
<msg time="2024-05-03T02:26:41.567778" level="INFO">GET Request : url=https://randomuser.me/api 
 path_url=/api 
 headers={'User-Agent': 'python-requests/2.31.0', 'Accept-Encoding': 'gzip, deflate', 'Accept': '*/*', 'Connection': 'keep-alive'} 
 body=None 
 </msg>
<msg time="2024-05-03T02:26:41.567846" level="INFO">GET Response : url=https://randomuser.me/api 
 status=200, reason=OK 
 headers={'Date': 'Fri, 03 May 2024 02:26:41 GMT', 'Content-Type': 'application/json; charset=utf-8', 'Transfer-Encoding': 'chunked', 'Connection': 'keep-alive', 'X-Powered-By': 'Express', 'Access-Control-Allow-Origin': '*', 'Cache-Control': 'no-cache', 'ETag': 'W/"47d-ai4MtKxkC2QDePACoQS+WpOrEEo"', 'Vary': 'Accept-Encoding', 'Content-Encoding': 'gzip', 'CF-Cache-Status': 'DYNAMIC', 'Report-To': '{"endpoints":[{"url":"https:\\/\\/a.nel.cloudflare.com\\/report\\/v4?s=8FlnXROY2wA2CDcncxoD%2B63%2Fc15NVH6P9sqpnSD6s7TNNC8wI00DV6MBL3sW67kNVXPr7B52VJ3klPZxc6KQJszfp8k8gTW441q8u%2BXfZvz1f%2Bm5ELxSopjkkobxMSaQ"}],"group":"cf-nel","max_age":604800}', 'NEL': '{"success_fraction":0,"report_to":"cf-nel","max_age":604800}', 'Server': 'cloudflare', 'CF-RAY': '87dccec14f7e619c-ORD', 'alt-svc': 'h3=":443"; ma=86400'} 
 body={"results":[{"gender":"female","name":{"title":"Miss","first":"پریا","last":"کریمی"},"location":{"street":{"number":2666,"name":"شهید کشواد"},"city":"زاهدان","state":"کردستان","country":"Iran","postcode":46377,"coordinates":{"latitude":"13.9983","longitude":"135.6997"},"timezone":{"offset":"-10:00","description":"Hawaii"}},"email":"pry.khrymy@example.com","login":{"uuid":"de21487c-67a2-4d6b-b46f-0708a22a7b2d","username":"whitebear497","password":"henry","salt":"CPi3zTSt","md5":"e467b971545a7018f570fe3ec2f6e549","sha1":"2e145700308459a5328fd0602d987b30bf2ae907","sha256":"437e056d7e082f575896456ad24816faab8c046b1d6c1384d1487737b70a7c04"},"dob":{"date":"1945-03-20T14:12:57.673Z","age":79},"registered":{"date":"2012-12-26T10:56:18.821Z","age":11},"phone":"011-64618613","cell":"0947-242-3470","id":{"name":"","value":null},"picture":{"large":"https://randomuser.me/api/portraits/women/65.jpg","medium":"https://randomuser.me/api/portraits/med/women/65.jpg","thumbnail":"https://randomuser.me/api/portraits/thumb/women/65.jpg"},"nat":"IR"}],"info":{"seed":"5baa7c5f63b8a40b","results":1,"page":1,"version":"1.4"}} 
 </msg>
<msg time="2024-05-03T02:26:41.567907" level="INFO">/opt/hostedtoolcache/Python/3.12.3/x64/lib/python3.12/site-packages/urllib3/connectionpool.py:1103: InsecureRequestWarning: Unverified HTTPS request is being made to host 'randomuser.me'. Adding certificate verification is strongly advised. See: https://urllib3.readthedocs.io/en/latest/advanced-usage.html#tls-warnings
  warnings.warn(</msg>
<msg time="2024-05-03T02:26:41.567994" level="INFO">${response} = &lt;Response [200]&gt;</msg>
<var>${response}</var>
<arg>consultarAPI</arg>
<arg>/api</arg>
<doc>Sends a GET request on a previously created HTTP Session.</doc>
<status status="PASS" start="2024-05-03T02:26:41.479539" elapsed="0.088487"/>
</kw>
<kw name="Set Variable" owner="BuiltIn">
<msg time="2024-05-03T02:26:41.568938" level="INFO">${json_data} = {'results': [{'gender': 'female', 'name': {'title': 'Miss', 'first': 'پریا', 'last': 'کریمی'}, 'location': {'street': {'number': 2666, 'name': 'شهید کشواد'}, 'city': 'زاهدان', 'state': 'کردستان', 'cou...</msg>
<var>${json_data}</var>
<arg>${response.json()}</arg>
<doc>Returns the given values which can then be assigned to a variables.</doc>
<status status="PASS" start="2024-05-03T02:26:41.568456" elapsed="0.000511"/>
</kw>
<kw name="Log" owner="BuiltIn">
<msg time="2024-05-03T02:26:41.569438" level="INFO">{'results': [{'gender': 'female', 'name': {'title': 'Miss', 'first': 'پریا', 'last': 'کریمی'}, 'location': {'street': {'number': 2666, 'name': 'شهید کشواد'}, 'city': 'زاهدان', 'state': 'کردستان', 'country': 'Iran', 'postcode': 46377, 'coordinates': {'latitude': '13.9983', 'longitude': '135.6997'}, 'timezone': {'offset': '-10:00', 'description': 'Hawaii'}}, 'email': 'pry.khrymy@example.com', 'login': {'uuid': 'de21487c-67a2-4d6b-b46f-0708a22a7b2d', 'username': 'whitebear497', 'password': 'henry', 'salt': 'CPi3zTSt', 'md5': 'e467b971545a7018f570fe3ec2f6e549', 'sha1': '2e145700308459a5328fd0602d987b30bf2ae907', 'sha256': '437e056d7e082f575896456ad24816faab8c046b1d6c1384d1487737b70a7c04'}, 'dob': {'date': '1945-03-20T14:12:57.673Z', 'age': 79}, 'registered': {'date': '2012-12-26T10:56:18.821Z', 'age': 11}, 'phone': '011-64618613', 'cell': '0947-242-3470', 'id': {'name': '', 'value': None}, 'picture': {'large': 'https://randomuser.me/api/portraits/women/65.jpg', 'medium': 'https://randomuser.me/api/portraits/med/women/65.jpg', 'thumbnail': 'https://randomuser.me/api/portraits/thumb/women/65.jpg'}, 'nat': 'IR'}], 'info': {'seed': '5baa7c5f63b8a40b', 'results': 1, 'page': 1, 'version': '1.4'}}</msg>
<arg>${json_data}</arg>
<doc>Logs the given message with the given level.</doc>
<status status="PASS" start="2024-05-03T02:26:41.569272" elapsed="0.000215"/>
</kw>
<kw name="Should Be String" owner="String">
<arg>${json_data['results'][0]['gender']}</arg>
<doc>Fails if the given ``item`` is not a string.</doc>
<status status="PASS" start="2024-05-03T02:26:41.569825" elapsed="0.000386"/>
</kw>
<kw name="Should Match Regexp" owner="BuiltIn">
<arg>${json_data['results'][0]['email']}</arg>
<arg>^[a-zA-Z0-9._%+-]+@[a-zA-Z0-9.-]+\.[a-zA-Z]{2,}$</arg>
<doc>Fails if ``string`` does not match ``pattern`` as a regular expression.</doc>
<status status="PASS" start="2024-05-03T02:26:41.570448" elapsed="0.000523"/>
</kw>
<kw name="Should Match Regexp" owner="BuiltIn">
<arg>${json_data['results'][0]['dob']['date']}</arg>
<arg>\\d{4}-\\d{2}-\\d{2}T\\d{2}:\\d{2}:\\d{2}\\.\\d{3}Z</arg>
<doc>Fails if ``string`` does not match ``pattern`` as a regular expression.</doc>
<status status="PASS" start="2024-05-03T02:26:41.571165" elapsed="0.000511"/>
</kw>
<kw name="Should Match Regexp" owner="BuiltIn">
<arg>${json_data['results'][0]['registered']['date']}</arg>
<arg>\\d{4}-\\d{2}-\\d{2}T\\d{2}:\\d{2}:\\d{2}\\.\\d{3}Z</arg>
<doc>Fails if ``string`` does not match ``pattern`` as a regular expression.</doc>
<status status="PASS" start="2024-05-03T02:26:41.571869" elapsed="0.000368"/>
</kw>
<kw name="Should Match Regexp" owner="BuiltIn">
<arg>${json_data['results'][0]['picture']['large']}</arg>
<arg>^https?://.*\.(?:png|jpe?g|gif|bmp)$</arg>
<doc>Fails if ``string`` does not match ``pattern`` as a regular expression.</doc>
<status status="PASS" start="2024-05-03T02:26:41.572430" elapsed="0.000463"/>
</kw>
<kw name="Should Match Regexp" owner="BuiltIn">
<arg>${json_data['results'][0]['picture']['medium']}</arg>
<arg>^https?://.*\.(?:png|jpe?g|gif|bmp)$</arg>
<doc>Fails if ``string`` does not match ``pattern`` as a regular expression.</doc>
<status status="PASS" start="2024-05-03T02:26:41.573082" elapsed="0.000363"/>
</kw>
<kw name="Should Match Regexp" owner="BuiltIn">
<arg>${json_data['results'][0]['picture']['thumbnail']}</arg>
<arg>^https?://.*\.(?:png|jpe?g|gif|bmp)$</arg>
<doc>Fails if ``string`` does not match ``pattern`` as a regular expression.</doc>
<status status="PASS" start="2024-05-03T02:26:41.573636" elapsed="0.000355"/>
</kw>
<kw name="Log" owner="BuiltIn">
<msg time="2024-05-03T02:26:41.574527" level="INFO">{'large': 'https://randomuser.me/api/portraits/women/65.jpg', 'medium': 'https://randomuser.me/api/portraits/med/women/65.jpg', 'thumbnail': 'https://randomuser.me/api/portraits/thumb/women/65.jpg'}</msg>
<arg>${json_data['results'][0]['picture']}</arg>
<doc>Logs the given message with the given level.</doc>
<status status="PASS" start="2024-05-03T02:26:41.574173" elapsed="0.000396"/>
</kw>
<status status="PASS" start="2024-05-03T02:26:41.479319" elapsed="0.095506"/>
</kw>
<kw name="Teste de Tipos de Dados - Postcode" owner="random-user-service">
<kw name="GET On Session" owner="RequestsLibrary">
<msg time="2024-05-03T02:26:41.661811" level="INFO">GET Request : url=https://randomuser.me/api 
 path_url=/api 
 headers={'User-Agent': 'python-requests/2.31.0', 'Accept-Encoding': 'gzip, deflate', 'Accept': '*/*', 'Connection': 'keep-alive'} 
 body=None 
 </msg>
<msg time="2024-05-03T02:26:41.661881" level="INFO">GET Response : url=https://randomuser.me/api 
 status=200, reason=OK 
 headers={'Date': 'Fri, 03 May 2024 02:26:41 GMT', 'Content-Type': 'application/json; charset=utf-8', 'Transfer-Encoding': 'chunked', 'Connection': 'keep-alive', 'X-Powered-By': 'Express', 'Access-Control-Allow-Origin': '*', 'Cache-Control': 'no-cache', 'ETag': 'W/"49f-dEFHQz+We9NI1WZskFlVG7vOsl4"', 'Vary': 'Accept-Encoding', 'Content-Encoding': 'gzip', 'CF-Cache-Status': 'DYNAMIC', 'Report-To': '{"endpoints":[{"url":"https:\\/\\/a.nel.cloudflare.com\\/report\\/v4?s=UKiFMAoYne8nWPXFDfTIr2pgXNvlss%2BJiIcukEldeV%2F0XlxR4YJmZUaeXJ5hcvsWrldcay2qsbl4MCQGIgb9TwlEWmEec0%2FiuqcrYanwLKgHYWfb8zzKqxz19np8iLPY"}],"group":"cf-nel","max_age":604800}', 'NEL': '{"success_fraction":0,"report_to":"cf-nel","max_age":604800}', 'Server': 'cloudflare', 'CF-RAY': '87dccec1d836619c-ORD', 'alt-svc': 'h3=":443"; ma=86400'} 
 body={"results":[{"gender":"male","name":{"title":"Mr","first":"Jens","last":"Thamm"},"location":{"street":{"number":1154,"name":"Waldweg"},"city":"Herborn","state":"Mecklenburg-Vorpommern","country":"Germany","postcode":33990,"coordinates":{"latitude":"-52.6011","longitude":"-152.2880"},"timezone":{"offset":"0:00","description":"Western Europe Time, London, Lisbon, Casablanca"}},"email":"jens.thamm@example.com","login":{"uuid":"8e61f574-2168-4a1e-b3f7-d2960990259b","username":"yellowkoala855","password":"cable","salt":"keAGOe30","md5":"f8abea63447be66fa98df733599c0cc0","sha1":"62d57c90e254db345a4ebe4d426dac4629a58b0c","sha256":"238da26bea353f4bb1854f1eb7ed416c7fe88fda24f1b2849ba69b01cdad97f0"},"dob":{"date":"1954-06-27T09:13:07.119Z","age":69},"registered":{"date":"2014-04-09T17:51:33.375Z","age":10},"phone":"0055-0136715","cell":"0179-8706125","id":{"name":"SVNR","value":"57 270654 T 169"},"picture":{"large":"https://randomuser.me/api/portraits/men/38.jpg","medium":"https://randomuser.me/api/portraits/med/men/38.jpg","thumbnail":"https://randomuser.me/api/portraits/thumb/men/38.jpg"},"nat":"DE"}],"info":{"seed":"679afc3320251ff0","results":1,"page":1,"version":"1.4"}} 
 </msg>
<msg time="2024-05-03T02:26:41.661935" level="INFO">/opt/hostedtoolcache/Python/3.12.3/x64/lib/python3.12/site-packages/urllib3/connectionpool.py:1103: InsecureRequestWarning: Unverified HTTPS request is being made to host 'randomuser.me'. Adding certificate verification is strongly advised. See: https://urllib3.readthedocs.io/en/latest/advanced-usage.html#tls-warnings
  warnings.warn(</msg>
<msg time="2024-05-03T02:26:41.662016" level="INFO">${response} = &lt;Response [200]&gt;</msg>
<var>${response}</var>
<arg>consultarAPI</arg>
<arg>/api</arg>
<doc>Sends a GET request on a previously created HTTP Session.</doc>
<status status="PASS" start="2024-05-03T02:26:41.575271" elapsed="0.086775"/>
</kw>
<kw name="Set Variable" owner="BuiltIn">
<msg time="2024-05-03T02:26:41.662905" level="INFO">${json_data} = {'results': [{'gender': 'male', 'name': {'title': 'Mr', 'first': 'Jens', 'last': 'Thamm'}, 'location': {'street': {'number': 1154, 'name': 'Waldweg'}, 'city': 'Herborn', 'state': 'Mecklenburg-Vorpomme...</msg>
<var>${json_data}</var>
<arg>${response.json()}</arg>
<doc>Returns the given values which can then be assigned to a variables.</doc>
<status status="PASS" start="2024-05-03T02:26:41.662461" elapsed="0.000472"/>
</kw>
<kw name="Log" owner="BuiltIn">
<msg time="2024-05-03T02:26:41.663408" level="INFO">{'results': [{'gender': 'male', 'name': {'title': 'Mr', 'first': 'Jens', 'last': 'Thamm'}, 'location': {'street': {'number': 1154, 'name': 'Waldweg'}, 'city': 'Herborn', 'state': 'Mecklenburg-Vorpommern', 'country': 'Germany', 'postcode': 33990, 'coordinates': {'latitude': '-52.6011', 'longitude': '-152.2880'}, 'timezone': {'offset': '0:00', 'description': 'Western Europe Time, London, Lisbon, Casablanca'}}, 'email': 'jens.thamm@example.com', 'login': {'uuid': '8e61f574-2168-4a1e-b3f7-d2960990259b', 'username': 'yellowkoala855', 'password': 'cable', 'salt': 'keAGOe30', 'md5': 'f8abea63447be66fa98df733599c0cc0', 'sha1': '62d57c90e254db345a4ebe4d426dac4629a58b0c', 'sha256': '238da26bea353f4bb1854f1eb7ed416c7fe88fda24f1b2849ba69b01cdad97f0'}, 'dob': {'date': '1954-06-27T09:13:07.119Z', 'age': 69}, 'registered': {'date': '2014-04-09T17:51:33.375Z', 'age': 10}, 'phone': '0055-0136715', 'cell': '0179-8706125', 'id': {'name': 'SVNR', 'value': '57 270654 T 169'}, 'picture': {'large': 'https://randomuser.me/api/portraits/men/38.jpg', 'medium': 'https://randomuser.me/api/portraits/med/men/38.jpg', 'thumbnail': 'https://randomuser.me/api/portraits/thumb/men/38.jpg'}, 'nat': 'DE'}], 'info': {'seed': '679afc3320251ff0', 'results': 1, 'page': 1, 'version': '1.4'}}</msg>
<arg>${json_data}</arg>
<doc>Logs the given message with the given level.</doc>
<status status="PASS" start="2024-05-03T02:26:41.663251" elapsed="0.000204"/>
</kw>
<kw name="Should Be Equal As Numbers" owner="BuiltIn">
<arg>${json_data['results'][0]['location']['postcode']}</arg>
<arg>${json_data['results'][0]['location']['postcode']}</arg>
<doc>Fails if objects are unequal after converting them to real numbers.</doc>
<status status="PASS" start="2024-05-03T02:26:41.663913" elapsed="0.000632"/>
</kw>
<kw name="Log" owner="BuiltIn">
<msg time="2024-05-03T02:26:41.665078" level="INFO">33990</msg>
<arg>${json_data['results'][0]['location']['postcode']}</arg>
<doc>Logs the given message with the given level.</doc>
<status status="PASS" start="2024-05-03T02:26:41.664739" elapsed="0.000380"/>
</kw>
<status status="PASS" start="2024-05-03T02:26:41.575046" elapsed="0.090326"/>
</kw>
<doc>Testa se os tipos de dados na resposta da API estão corretos.</doc>
<tag>testeTiposDados</tag>
<status status="PASS" start="2024-05-03T02:26:41.478862" elapsed="0.186673"/>
</test>
<test id="s1-s1-t5" name="Validar conteudo" line="35">
<kw name="Teste de Tipos de Conteudo" owner="random-user-service">
<kw name="GET On Session" owner="RequestsLibrary">
<msg time="2024-05-03T02:26:41.752289" level="INFO">GET Request : url=https://randomuser.me/api 
 path_url=/api 
 headers={'User-Agent': 'python-requests/2.31.0', 'Accept-Encoding': 'gzip, deflate', 'Accept': '*/*', 'Connection': 'keep-alive'} 
 body=None 
 </msg>
<msg time="2024-05-03T02:26:41.752368" level="INFO">GET Response : url=https://randomuser.me/api 
 status=200, reason=OK 
 headers={'Date': 'Fri, 03 May 2024 02:26:41 GMT', 'Content-Type': 'application/json; charset=utf-8', 'Transfer-Encoding': 'chunked', 'Connection': 'keep-alive', 'X-Powered-By': 'Express', 'Access-Control-Allow-Origin': '*', 'Cache-Control': 'no-cache', 'ETag': 'W/"4ab-wfgRoh9UKs1nXQ/Gm6EkM16W8nY"', 'Vary': 'Accept-Encoding', 'Content-Encoding': 'gzip', 'CF-Cache-Status': 'DYNAMIC', 'Report-To': '{"endpoints":[{"url":"https:\\/\\/a.nel.cloudflare.com\\/report\\/v4?s=fKsxu67pJm%2FSUbR1Ws0M51xDXIRuLYqshJnSX6%2Bkqq6agEnRTEL4nwMl3U31DgaWt0DVO8TVZVefRhpWe6Sn0bnXOiVpV4b6SG1HrhJ8pcktLSKYqhbEeewaec6v22sG"}],"group":"cf-nel","max_age":604800}', 'NEL': '{"success_fraction":0,"report_to":"cf-nel","max_age":604800}', 'Server': 'cloudflare', 'CF-RAY': '87dccec268f3619c-ORD', 'alt-svc': 'h3=":443"; ma=86400'} 
 body={"results":[{"gender":"female","name":{"title":"Miss","first":"Leokadia","last":"Neuber"},"location":{"street":{"number":1560,"name":"Bahnhofstraße"},"city":"Schleswig-Flensburg","state":"Thüringen","country":"Germany","postcode":72200,"coordinates":{"latitude":"-49.4241","longitude":"32.8916"},"timezone":{"offset":"-3:00","description":"Brazil, Buenos Aires, Georgetown"}},"email":"leokadia.neuber@example.com","login":{"uuid":"991521cf-b7f2-4d9f-80c1-c6f46197823a","username":"bigpeacock456","password":"scottie","salt":"B9i2K9Hd","md5":"099313fa3e760751ed55c42d0dc06d0a","sha1":"2bfea4746f3778c64484599d5fb195523a59fa06","sha256":"55b1aae5f63930f72ffbd2d52265d835c9e2095634134cb5c9358a3d8629885a"},"dob":{"date":"1998-07-08T06:34:14.185Z","age":25},"registered":{"date":"2008-07-09T01:17:21.940Z","age":15},"phone":"0064-5116730","cell":"0177-3449405","id":{"name":"SVNR","value":"62 080798 N 792"},"picture":{"large":"https://randomuser.me/api/portraits/women/38.jpg","medium":"https://randomuser.me/api/portraits/med/women/38.jpg","thumbnail":"https://randomuser.me/api/portraits/thumb/women/38.jpg"},"nat":"DE"}],"info":{"seed":"9e2336e45ed45135","results":1,"page":1,"version":"1.4"}} 
 </msg>
<msg time="2024-05-03T02:26:41.752437" level="INFO">/opt/hostedtoolcache/Python/3.12.3/x64/lib/python3.12/site-packages/urllib3/connectionpool.py:1103: InsecureRequestWarning: Unverified HTTPS request is being made to host 'randomuser.me'. Adding certificate verification is strongly advised. See: https://urllib3.readthedocs.io/en/latest/advanced-usage.html#tls-warnings
  warnings.warn(</msg>
<msg time="2024-05-03T02:26:41.752539" level="INFO">${response} = &lt;Response [200]&gt;</msg>
<var>${response}</var>
<arg>consultarAPI</arg>
<arg>/api</arg>
<doc>Sends a GET request on a previously created HTTP Session.</doc>
<status status="PASS" start="2024-05-03T02:26:41.667970" elapsed="0.084607"/>
</kw>
<kw name="Set Variable" owner="BuiltIn">
<msg time="2024-05-03T02:26:41.753509" level="INFO">${json_data} = {'results': [{'gender': 'female', 'name': {'title': 'Miss', 'first': 'Leokadia', 'last': 'Neuber'}, 'location': {'street': {'number': 1560, 'name': 'Bahnhofstraße'}, 'city': 'Schleswig-Flensburg', 'st...</msg>
<var>${json_data}</var>
<arg>${response.json()}</arg>
<doc>Returns the given values which can then be assigned to a variables.</doc>
<status status="PASS" start="2024-05-03T02:26:41.753054" elapsed="0.000484"/>
</kw>
<kw name="Set Variable" owner="BuiltIn">
<msg time="2024-05-03T02:26:41.754233" level="INFO">${name_title} = Miss</msg>
<var>${name_title}</var>
<arg>${json_data["results"][0]["name"]["title"]}</arg>
<doc>Returns the given values which can then be assigned to a variables.</doc>
<status status="PASS" start="2024-05-03T02:26:41.753844" elapsed="0.000414"/>
</kw>
<kw name="Create List" owner="BuiltIn">
<msg time="2024-05-03T02:26:41.754760" level="INFO">${allowed_titles} = ['Mr', 'Ms', 'Miss', 'Mrs', 'Madame', 'Monsieur']</msg>
<var>${allowed_titles}</var>
<arg>Mr</arg>
<arg>Ms</arg>
<arg>Miss</arg>
<arg>Mrs</arg>
<arg>Madame</arg>
<arg>Monsieur</arg>
<doc>Returns a list containing given items.</doc>
<status status="PASS" start="2024-05-03T02:26:41.754614" elapsed="0.000170"/>
</kw>
<kw name="List Should Contain Value" owner="Collections">
<msg time="2024-05-03T02:26:41.755249" level="INFO">False</msg>
<arg>${allowed_titles}</arg>
<arg>${name_title}</arg>
<doc>Fails if the ``value`` is not found from ``list``.</doc>
<status status="PASS" start="2024-05-03T02:26:41.755082" elapsed="0.000202"/>
</kw>
<kw name="Set Variable" owner="BuiltIn">
<msg time="2024-05-03T02:26:41.755952" level="INFO">${name_country} = DE</msg>
<var>${name_country}</var>
<arg>${json_data["results"][0]["nat"]}</arg>
<doc>Returns the given values which can then be assigned to a variables.</doc>
<status status="PASS" start="2024-05-03T02:26:41.755575" elapsed="0.000401"/>
</kw>
<kw name="Create List" owner="BuiltIn">
<msg time="2024-05-03T02:26:41.756853" level="INFO">${list_country} = ['AD', 'AE', 'AF', 'AG', 'AI', 'AL', 'AM', 'AO', 'AQ', 'AR', 'AS', 'AT', 'AU', 'AW', 'AX', 'AZ', 'BA', 'BB', 'BD', 'BE', 'BF', 'BG', 'BH', 'BI', 'BJ', 'BL', 'BM', 'BN', 'BO', 'BQ', 'BR', 'BS', 'BT', '...</msg>
<var>${list_country}</var>
<arg>AD</arg>
<arg>AE</arg>
<arg>AF</arg>
<arg>AG</arg>
<arg>AI</arg>
<arg>AL</arg>
<arg>AM</arg>
<arg>AO</arg>
<arg>AQ</arg>
<arg>AR</arg>
<arg>AS</arg>
<arg>AT</arg>
<arg>AU</arg>
<arg>AW</arg>
<arg>AX</arg>
<arg>AZ</arg>
<arg>BA</arg>
<arg>BB</arg>
<arg>BD</arg>
<arg>BE</arg>
<arg>BF</arg>
<arg>BG</arg>
<arg>BH</arg>
<arg>BI</arg>
<arg>BJ</arg>
<arg>BL</arg>
<arg>BM</arg>
<arg>BN</arg>
<arg>BO</arg>
<arg>BQ</arg>
<arg>BR</arg>
<arg>BS</arg>
<arg>BT</arg>
<arg>BV</arg>
<arg>BW</arg>
<arg>BY</arg>
<arg>BZ</arg>
<arg>CA</arg>
<arg>CC</arg>
<arg>CD</arg>
<arg>CF</arg>
<arg>CG</arg>
<arg>CH</arg>
<arg>CI</arg>
<arg>CK</arg>
<arg>CL</arg>
<arg>CM</arg>
<arg>CN</arg>
<arg>CO</arg>
<arg>CR</arg>
<arg>CU</arg>
<arg>CV</arg>
<arg>CW</arg>
<arg>CX</arg>
<arg>CY</arg>
<arg>CZ</arg>
<arg>DE</arg>
<arg>DJ</arg>
<arg>DK</arg>
<arg>DM</arg>
<arg>DO</arg>
<arg>DZ</arg>
<arg>EC</arg>
<arg>EE</arg>
<arg>EG</arg>
<arg>EH</arg>
<arg>ER</arg>
<arg>ES</arg>
<arg>ET</arg>
<arg>FI</arg>
<arg>FJ</arg>
<arg>FK</arg>
<arg>FM</arg>
<arg>FO</arg>
<arg>FR</arg>
<arg>GA</arg>
<arg>GB</arg>
<arg>GD</arg>
<arg>GE</arg>
<arg>GF</arg>
<arg>GG</arg>
<arg>GH</arg>
<arg>GI</arg>
<arg>GL</arg>
<arg>GM</arg>
<arg>GN</arg>
<arg>GP</arg>
<arg>GQ</arg>
<arg>GR</arg>
<arg>GS</arg>
<arg>GT</arg>
<arg>GU</arg>
<arg>GW</arg>
<arg>GY</arg>
<arg>HK</arg>
<arg>HM</arg>
<arg>HN</arg>
<arg>HR</arg>
<arg>HT</arg>
<arg>HU</arg>
<arg>ID</arg>
<arg>IE</arg>
<arg>IL</arg>
<arg>IM</arg>
<arg>IN</arg>
<arg>IO</arg>
<arg>IQ</arg>
<arg>IR</arg>
<arg>IS</arg>
<arg>IT</arg>
<arg>JE</arg>
<arg>JM</arg>
<arg>JO</arg>
<arg>JP</arg>
<arg>KE</arg>
<arg>KG</arg>
<arg>KH</arg>
<arg>KI</arg>
<arg>KM</arg>
<arg>KN</arg>
<arg>KP</arg>
<arg>KR</arg>
<arg>KW</arg>
<arg>KY</arg>
<arg>KZ</arg>
<arg>LA</arg>
<arg>LB</arg>
<arg>LC</arg>
<arg>LI</arg>
<arg>LK</arg>
<arg>LR</arg>
<arg>LS</arg>
<arg>LT</arg>
<arg>LU</arg>
<arg>LV</arg>
<arg>LY</arg>
<arg>MA</arg>
<arg>MC</arg>
<arg>MD</arg>
<arg>ME</arg>
<arg>MF</arg>
<arg>MG</arg>
<arg>MH</arg>
<arg>MK</arg>
<arg>ML</arg>
<arg>MM</arg>
<arg>MN</arg>
<arg>MO</arg>
<arg>MP</arg>
<arg>MQ</arg>
<arg>MR</arg>
<arg>MS</arg>
<arg>MT</arg>
<arg>MU</arg>
<arg>MV</arg>
<arg>MW</arg>
<arg>MX</arg>
<arg>MY</arg>
<arg>MZ</arg>
<arg>NA</arg>
<arg>NC</arg>
<arg>NE</arg>
<arg>NF</arg>
<arg>NG</arg>
<arg>NI</arg>
<arg>NL</arg>
<arg>NO</arg>
<arg>NP</arg>
<arg>NR</arg>
<arg>NU</arg>
<arg>NZ</arg>
<arg>OM</arg>
<arg>PA</arg>
<arg>PE</arg>
<arg>PF</arg>
<arg>PG</arg>
<arg>PH</arg>
<arg>PK</arg>
<arg>PL</arg>
<arg>PM</arg>
<arg>PN</arg>
<arg>PR</arg>
<arg>PS</arg>
<arg>PT</arg>
<arg>PW</arg>
<arg>PY</arg>
<arg>QA</arg>
<arg>RE</arg>
<arg>RO</arg>
<arg>RS</arg>
<arg>RU</arg>
<arg>RW</arg>
<arg>SA</arg>
<arg>SB</arg>
<arg>SC</arg>
<arg>SD</arg>
<arg>SE</arg>
<arg>SG</arg>
<arg>SH</arg>
<arg>SI</arg>
<arg>SJ</arg>
<arg>SK</arg>
<arg>SL</arg>
<arg>SM</arg>
<arg>SN</arg>
<arg>SO</arg>
<arg>SR</arg>
<arg>SS</arg>
<arg>ST</arg>
<arg>SV</arg>
<arg>SX</arg>
<arg>SY</arg>
<arg>SZ</arg>
<arg>TC</arg>
<arg>TD</arg>
<arg>TF</arg>
<arg>TG</arg>
<arg>TH</arg>
<arg>TJ</arg>
<arg>TK</arg>
<arg>TL</arg>
<arg>TM</arg>
<arg>TN</arg>
<arg>TO</arg>
<arg>TR</arg>
<arg>TT</arg>
<arg>TV</arg>
<arg>TW</arg>
<arg>TZ</arg>
<arg>UA</arg>
<arg>UG</arg>
<arg>UM</arg>
<arg>US</arg>
<arg>UY</arg>
<arg>UZ</arg>
<arg>VA</arg>
<arg>VC</arg>
<arg>VE</arg>
<arg>VG</arg>
<arg>VI</arg>
<arg>VN</arg>
<arg>VU</arg>
<arg>WF</arg>
<arg>WS</arg>
<arg>XK</arg>
<arg>YE</arg>
<arg>YT</arg>
<arg>ZA</arg>
<arg>ZM</arg>
<arg>ZW</arg>
<doc>Returns a list containing given items.</doc>
<status status="PASS" start="2024-05-03T02:26:41.756275" elapsed="0.000603"/>
</kw>
<kw name="List Should Contain Value" owner="Collections">
<msg time="2024-05-03T02:26:41.757873" level="INFO">False</msg>
<arg>${list_country}</arg>
<arg>${name_country}</arg>
<doc>Fails if the ``value`` is not found from ``list``.</doc>
<status status="PASS" start="2024-05-03T02:26:41.757677" elapsed="0.000232"/>
</kw>
<kw name="Run Keyword If" owner="BuiltIn">
<kw name="Should Be True" owner="BuiltIn">
<arg>${True}</arg>
<doc>Fails if the given condition is not true.</doc>
<status status="PASS" start="2024-05-03T02:26:41.759004" elapsed="0.000241"/>
</kw>
<arg>${json_data["results"][0]["location"]["coordinates"]["latitude"]} &gt;= -90 and ${json_data["results"][0]["location"]["coordinates"]["latitude"]} &lt;= 90</arg>
<arg>Should Be True</arg>
<arg>${True}</arg>
<doc>Runs the given keyword with the given arguments, if ``condition`` is true.</doc>
<status status="PASS" start="2024-05-03T02:26:41.758219" elapsed="0.001157"/>
</kw>
<kw name="Run Keyword If" owner="BuiltIn">
<kw name="Should Be True" owner="BuiltIn">
<arg>${True}</arg>
<doc>Fails if the given condition is not true.</doc>
<status status="PASS" start="2024-05-03T02:26:41.760287" elapsed="0.000137"/>
</kw>
<arg>${json_data["results"][0]["location"]["coordinates"]["longitude"]} &gt;= -180 and ${json_data["results"][0]["location"]["coordinates"]["longitude"]} &lt;= 180</arg>
<arg>Should Be True</arg>
<arg>${True}</arg>
<doc>Runs the given keyword with the given arguments, if ``condition`` is true.</doc>
<status status="PASS" start="2024-05-03T02:26:41.759566" elapsed="0.000981"/>
</kw>
<status status="PASS" start="2024-05-03T02:26:41.667751" elapsed="0.092921"/>
</kw>
<doc>Testa o conteúdo específico dos campos retornados pela API.</doc>
<tag>testeConteudo</tag>
<status status="PASS" start="2024-05-03T02:26:41.667339" elapsed="0.093474"/>
</test>
<status status="PASS" start="2024-05-03T02:26:40.929442" elapsed="0.833302"/>
</suite>
<status status="PASS" start="2024-05-03T02:26:40.915894" elapsed="0.851946"/>
</suite>
<statistics>
<total>
<stat pass="5" fail="0" skip="0">All Tests</stat>
</total>
<tag>
<stat pass="1" fail="0" skip="0">testeConteudo</stat>
<stat pass="1" fail="0" skip="0">testeEstruturaResposta</stat>
<stat pass="1" fail="0" skip="0">testeRequisicaoBasica</stat>
<stat pass="1" fail="0" skip="0">testeTiposDados</stat>
</tag>
<suite>
<stat pass="5" fail="0" skip="0" id="s1" name="Tests">Tests</stat>
<stat pass="5" fail="0" skip="0" id="s1-s1" name="Random-User-Test">Tests.Random-User-Test</stat>
</suite>
</statistics>
<errors>
</errors>
</robot>
