<?xml version="1.0" encoding="UTF-8"?>
<robot generator="Robot 7.0.1 (Python 3.12.4 on linux)" generated="2024-07-12T16:18:56.528607" rpa="false" schemaversion="5">
<suite id="s1" name="Tests" source="/home/runner/work/ApiRandomUser/ApiRandomUser/RamdonUser/tests">
<suite id="s1-s1" name="Random-User-Test" source="/home/runner/work/ApiRandomUser/ApiRandomUser/RamdonUser/tests/random-user-test.robot">
<test id="s1-s1-t1" name="Conectar" line="13">
<kw name="Conectar API" owner="random-user-service">
<kw name="Create Session" owner="RequestsLibrary">
<msg time="2024-07-12T16:18:56.935031" level="INFO">Creating Session using : alias=consultarAPI, url=https://randomuser.me/, headers={},                     cookies={}, auth=None, timeout=None, proxies=None, verify=False,                     debug=0 </msg>
<arg>consultarAPI</arg>
<arg>${URL}</arg>
<doc>Create Session: create a HTTP session to a server</doc>
<status status="PASS" start="2024-07-12T16:18:56.934821" elapsed="0.000390"/>
</kw>
<status status="PASS" start="2024-07-12T16:18:56.933819" elapsed="0.001754"/>
</kw>
<status status="PASS" start="2024-07-12T16:18:56.933203" elapsed="0.002571"/>
</test>
<test id="s1-s1-t2" name="Validar retorno 200 e JSON Válido" line="16">
<kw name="Teste de Requisicao Basica" owner="random-user-service">
<kw name="GET On Session" owner="RequestsLibrary">
<msg time="2024-07-12T16:18:57.091973" level="INFO">GET Request : url=https://randomuser.me/api 
 path_url=/api 
 headers={'User-Agent': 'python-requests/2.32.3', 'Accept-Encoding': 'gzip, deflate', 'Accept': '*/*', 'Connection': 'keep-alive'} 
 body=None 
 </msg>
<msg time="2024-07-12T16:18:57.092117" level="INFO">GET Response : url=https://randomuser.me/api 
 status=200, reason=OK 
 headers={'Date': 'Fri, 12 Jul 2024 16:18:57 GMT', 'Content-Type': 'application/json; charset=utf-8', 'Transfer-Encoding': 'chunked', 'Connection': 'keep-alive', 'X-Powered-By': 'Express', 'Access-Control-Allow-Origin': '*', 'Cache-Control': 'no-cache', 'ETag': 'W/"494-4LkSKVi2aFnTB/dH1f0U91onWv0"', 'Vary': 'Accept-Encoding', 'Content-Encoding': 'gzip', 'CF-Cache-Status': 'DYNAMIC', 'Report-To': '{"endpoints":[{"url":"https:\\/\\/a.nel.cloudflare.com\\/report\\/v4?s=Dwesv1C6p1k%2B9vL0UKT3Gsq1Gv%2BK7K2kfi3vCnusSXqaBRYb0uY%2FXB4nuSOQXjDKSv0eclO8QjztCe7wvc1A6LiqllpId4BSs1qAyoO8Ns3hROFw9kHgKJlDp%2BBf6T4P"}],"group":"cf-nel","max_age":604800}', 'NEL': '{"success_fraction":0,"report_to":"cf-nel","max_age":604800}', 'Server': 'cloudflare', 'CF-RAY': '8a225a223cfb1001-LAX', 'alt-svc': 'h3=":443"; ma=86400'} 
 body={"results":[{"gender":"female","name":{"title":"Mrs","first":"Akshitha","last":"Nayak"},"location":{"street":{"number":7297,"name":"Racecource Rd"},"city":"Morena","state":"Tamil Nadu","country":"India","postcode":85250,"coordinates":{"latitude":"12.1627","longitude":"19.1425"},"timezone":{"offset":"-4:00","description":"Atlantic Time (Canada), Caracas, La Paz"}},"email":"akshitha.nayak@example.com","login":{"uuid":"0994ba9d-d503-4995-963e-260ae516cbfb","username":"tinycat478","password":"claudio","salt":"valMJtJA","md5":"dac2c101671a23f8947c03b1b510c6d3","sha1":"e4db017619a2a2a2f7a2b0d53086fd40ace5df91","sha256":"52e855b4b44e41f1c3b4eb9c729659a051e93930d64cc6202ff1e0ba76d444f3"},"dob":{"date":"1947-02-15T04:39:46.135Z","age":77},"registered":{"date":"2015-08-15T07:37:35.051Z","age":8},"phone":"8047797716","cell":"8150408132","id":{"name":"UIDAI","value":"142409455784"},"picture":{"large":"https://randomuser.me/api/portraits/women/88.jpg","medium":"https://randomuser.me/api/portraits/med/women/88.jpg","thumbnail":"https://randomuser.me/api/portraits/thumb/women/88.jpg"},"nat":"IN"}],"info":{"seed":"0014af79119fed16","results":1,"page":1,"version":"1.4"}} 
 </msg>
<msg time="2024-07-12T16:18:57.092198" level="INFO">/opt/hostedtoolcache/Python/3.12.4/x64/lib/python3.12/site-packages/urllib3/connectionpool.py:1099: InsecureRequestWarning: Unverified HTTPS request is being made to host 'randomuser.me'. Adding certificate verification is strongly advised. See: https://urllib3.readthedocs.io/en/latest/advanced-usage.html#tls-warnings
  warnings.warn(</msg>
<msg time="2024-07-12T16:18:57.092328" level="INFO">${response} = &lt;Response [200]&gt;</msg>
<var>${response}</var>
<arg>consultarAPI</arg>
<arg>/api</arg>
<doc>Sends a GET request on a previously created HTTP Session.</doc>
<status status="PASS" start="2024-07-12T16:18:56.938448" elapsed="0.153924"/>
</kw>
<kw name="Should Be Equal As Numbers" owner="BuiltIn">
<msg time="2024-07-12T16:18:57.093365" level="INFO">Argument types are:
&lt;class 'int'&gt;
&lt;class 'str'&gt;</msg>
<arg>${response.status_code}</arg>
<arg>200</arg>
<doc>Fails if objects are unequal after converting them to real numbers.</doc>
<status status="PASS" start="2024-07-12T16:18:57.092895" elapsed="0.000536"/>
</kw>
<kw name="Log" owner="BuiltIn">
<msg time="2024-07-12T16:18:57.094168" level="INFO">200</msg>
<arg>${response.status_code}</arg>
<doc>Logs the given message with the given level.</doc>
<status status="PASS" start="2024-07-12T16:18:57.093762" elapsed="0.000451"/>
</kw>
<kw name="Set Variable" owner="BuiltIn">
<msg time="2024-07-12T16:18:57.094963" level="INFO">${json_data} = {'results': [{'gender': 'female', 'name': {'title': 'Mrs', 'first': 'Akshitha', 'last': 'Nayak'}, 'location': {'street': {'number': 7297, 'name': 'Racecource Rd'}, 'city': 'Morena', 'state': 'Tamil Na...</msg>
<var>${json_data}</var>
<arg>${response.json()}</arg>
<doc>Returns the given values which can then be assigned to a variables.</doc>
<status status="PASS" start="2024-07-12T16:18:57.094528" elapsed="0.000465"/>
</kw>
<kw name="Dictionary Should Contain Key" owner="Collections">
<arg>${json_data}</arg>
<arg>results</arg>
<doc>Fails if ``key`` is not found from ``dictionary``.</doc>
<status status="PASS" start="2024-07-12T16:18:57.095292" elapsed="0.000175"/>
</kw>
<status status="PASS" start="2024-07-12T16:18:56.938200" elapsed="0.157419"/>
</kw>
<doc>Testa se a API responde corretamente e retorna um objeto JSON válido.</doc>
<tag>testeRequisicaoBasica</tag>
<status status="PASS" start="2024-07-12T16:18:56.937653" elapsed="0.158150"/>
</test>
<test id="s1-s1-t3" name="Validar estrutura de resposta" line="22">
<kw name="Teste de Estrutura de Resposta" owner="random-user-service">
<kw name="GET On Session" owner="RequestsLibrary">
<msg time="2024-07-12T16:18:57.209704" level="INFO">GET Request : url=https://randomuser.me/api 
 path_url=/api 
 headers={'User-Agent': 'python-requests/2.32.3', 'Accept-Encoding': 'gzip, deflate', 'Accept': '*/*', 'Connection': 'keep-alive'} 
 body=None 
 </msg>
<msg time="2024-07-12T16:18:57.209784" level="INFO">GET Response : url=https://randomuser.me/api 
 status=200, reason=OK 
 headers={'Date': 'Fri, 12 Jul 2024 16:18:57 GMT', 'Content-Type': 'application/json; charset=utf-8', 'Transfer-Encoding': 'chunked', 'Connection': 'keep-alive', 'X-Powered-By': 'Express', 'Access-Control-Allow-Origin': '*', 'Cache-Control': 'no-cache', 'ETag': 'W/"47f-g1R9KYM7qm+54YcLICMSUm5PPpA"', 'Vary': 'Accept-Encoding', 'Content-Encoding': 'gzip', 'CF-Cache-Status': 'DYNAMIC', 'Report-To': '{"endpoints":[{"url":"https:\\/\\/a.nel.cloudflare.com\\/report\\/v4?s=mvBLwQNRF%2BVvgB1jFBPwgmvunls%2BSioWtC%2BOlM84y%2BOcaN%2FSyISZ8HIEFFI6HiOypgzpkfylFwZi8vuTPd5sR4MiZp%2Bd%2B3jjIvTCsmboxBzRbPpfuT9clZJCq3AHvh52"}],"group":"cf-nel","max_age":604800}', 'NEL': '{"success_fraction":0,"report_to":"cf-nel","max_age":604800}', 'Server': 'cloudflare', 'CF-RAY': '8a225a22ee051001-LAX', 'alt-svc': 'h3=":443"; ma=86400'} 
 body={"results":[{"gender":"male","name":{"title":"Mr","first":"Jack","last":"Rodriquez"},"location":{"street":{"number":8013,"name":"Prospect Rd"},"city":"Tampa","state":"South Carolina","country":"United States","postcode":78549,"coordinates":{"latitude":"82.1752","longitude":"-18.1456"},"timezone":{"offset":"-3:30","description":"Newfoundland"}},"email":"jack.rodriquez@example.com","login":{"uuid":"7c4caecc-035b-4cf6-b200-bac6b1b2bb4d","username":"angrybear760","password":"becky","salt":"bovRV9AS","md5":"bb7de04ebac51ddcf72f12a7b9444d33","sha1":"1d60ab42d5e25e4e18d1f5054e4c6e2bc836ba8e","sha256":"93bc4815f0aca9d943f382d30ab2c9e0f4935fdfd73508619c83ed32636e67e2"},"dob":{"date":"1981-05-21T12:21:56.546Z","age":43},"registered":{"date":"2017-09-18T13:53:28.179Z","age":6},"phone":"(707) 377-2896","cell":"(580) 386-1494","id":{"name":"SSN","value":"852-85-4726"},"picture":{"large":"https://randomuser.me/api/portraits/men/43.jpg","medium":"https://randomuser.me/api/portraits/med/men/43.jpg","thumbnail":"https://randomuser.me/api/portraits/thumb/men/43.jpg"},"nat":"US"}],"info":{"seed":"70b0108261fd809d","results":1,"page":1,"version":"1.4"}} 
 </msg>
<msg time="2024-07-12T16:18:57.209900" level="INFO">/opt/hostedtoolcache/Python/3.12.4/x64/lib/python3.12/site-packages/urllib3/connectionpool.py:1099: InsecureRequestWarning: Unverified HTTPS request is being made to host 'randomuser.me'. Adding certificate verification is strongly advised. See: https://urllib3.readthedocs.io/en/latest/advanced-usage.html#tls-warnings
  warnings.warn(</msg>
<msg time="2024-07-12T16:18:57.210105" level="INFO">${response} = &lt;Response [200]&gt;</msg>
<var>${response}</var>
<arg>consultarAPI</arg>
<arg>/api</arg>
<doc>Sends a GET request on a previously created HTTP Session.</doc>
<status status="PASS" start="2024-07-12T16:18:57.098548" elapsed="0.111604"/>
</kw>
<kw name="Set Variable" owner="BuiltIn">
<msg time="2024-07-12T16:18:57.211237" level="INFO">${json_data} = {'results': [{'gender': 'male', 'name': {'title': 'Mr', 'first': 'Jack', 'last': 'Rodriquez'}, 'location': {'street': {'number': 8013, 'name': 'Prospect Rd'}, 'city': 'Tampa', 'state': 'South Carolina...</msg>
<var>${json_data}</var>
<arg>${response.json()}</arg>
<doc>Returns the given values which can then be assigned to a variables.</doc>
<status status="PASS" start="2024-07-12T16:18:57.210630" elapsed="0.000637"/>
</kw>
<kw name="Log" owner="BuiltIn">
<msg time="2024-07-12T16:18:57.211728" level="INFO">{'results': [{'gender': 'male', 'name': {'title': 'Mr', 'first': 'Jack', 'last': 'Rodriquez'}, 'location': {'street': {'number': 8013, 'name': 'Prospect Rd'}, 'city': 'Tampa', 'state': 'South Carolina', 'country': 'United States', 'postcode': 78549, 'coordinates': {'latitude': '82.1752', 'longitude': '-18.1456'}, 'timezone': {'offset': '-3:30', 'description': 'Newfoundland'}}, 'email': 'jack.rodriquez@example.com', 'login': {'uuid': '7c4caecc-035b-4cf6-b200-bac6b1b2bb4d', 'username': 'angrybear760', 'password': 'becky', 'salt': 'bovRV9AS', 'md5': 'bb7de04ebac51ddcf72f12a7b9444d33', 'sha1': '1d60ab42d5e25e4e18d1f5054e4c6e2bc836ba8e', 'sha256': '93bc4815f0aca9d943f382d30ab2c9e0f4935fdfd73508619c83ed32636e67e2'}, 'dob': {'date': '1981-05-21T12:21:56.546Z', 'age': 43}, 'registered': {'date': '2017-09-18T13:53:28.179Z', 'age': 6}, 'phone': '(707) 377-2896', 'cell': '(580) 386-1494', 'id': {'name': 'SSN', 'value': '852-85-4726'}, 'picture': {'large': 'https://randomuser.me/api/portraits/men/43.jpg', 'medium': 'https://randomuser.me/api/portraits/med/men/43.jpg', 'thumbnail': 'https://randomuser.me/api/portraits/thumb/men/43.jpg'}, 'nat': 'US'}], 'info': {'seed': '70b0108261fd809d', 'results': 1, 'page': 1, 'version': '1.4'}}</msg>
<arg>${json_data}</arg>
<doc>Logs the given message with the given level.</doc>
<status status="PASS" start="2024-07-12T16:18:57.211573" elapsed="0.000201"/>
</kw>
<kw name="Dictionary Should Contain Key" owner="Collections">
<arg>${json_data}</arg>
<arg>results</arg>
<doc>Fails if ``key`` is not found from ``dictionary``.</doc>
<status status="PASS" start="2024-07-12T16:18:57.212063" elapsed="0.000165"/>
</kw>
<kw name="Should Not Be Empty" owner="BuiltIn">
<msg time="2024-07-12T16:18:57.212537" level="INFO">Length is 2.</msg>
<arg>${json_data}</arg>
<doc>Verifies that the given item is not empty.</doc>
<status status="PASS" start="2024-07-12T16:18:57.212414" elapsed="0.000161"/>
</kw>
<kw name="Create List" owner="BuiltIn">
<msg time="2024-07-12T16:18:57.213012" level="INFO">${expected_keys} = ['gender', 'name', 'location', 'email', 'login']</msg>
<var>${expected_keys}</var>
<arg>gender</arg>
<arg>name</arg>
<arg>location</arg>
<arg>email</arg>
<arg>login</arg>
<doc>Returns a list containing given items.</doc>
<status status="PASS" start="2024-07-12T16:18:57.212864" elapsed="0.000173"/>
</kw>
<for flavor="IN">
<iter>
<kw name="Dictionary Should Contain Key" owner="Collections">
<arg>${json_data['results'][0]}</arg>
<arg>${key}</arg>
<doc>Fails if ``key`` is not found from ``dictionary``.</doc>
<status status="PASS" start="2024-07-12T16:18:57.213747" elapsed="0.000442"/>
</kw>
<kw name="Log" owner="BuiltIn">
<msg time="2024-07-12T16:18:57.214757" level="INFO">{'gender': 'male', 'name': {'title': 'Mr', 'first': 'Jack', 'last': 'Rodriquez'}, 'location': {'street': {'number': 8013, 'name': 'Prospect Rd'}, 'city': 'Tampa', 'state': 'South Carolina', 'country': 'United States', 'postcode': 78549, 'coordinates': {'latitude': '82.1752', 'longitude': '-18.1456'}, 'timezone': {'offset': '-3:30', 'description': 'Newfoundland'}}, 'email': 'jack.rodriquez@example.com', 'login': {'uuid': '7c4caecc-035b-4cf6-b200-bac6b1b2bb4d', 'username': 'angrybear760', 'password': 'becky', 'salt': 'bovRV9AS', 'md5': 'bb7de04ebac51ddcf72f12a7b9444d33', 'sha1': '1d60ab42d5e25e4e18d1f5054e4c6e2bc836ba8e', 'sha256': '93bc4815f0aca9d943f382d30ab2c9e0f4935fdfd73508619c83ed32636e67e2'}, 'dob': {'date': '1981-05-21T12:21:56.546Z', 'age': 43}, 'registered': {'date': '2017-09-18T13:53:28.179Z', 'age': 6}, 'phone': '(707) 377-2896', 'cell': '(580) 386-1494', 'id': {'name': 'SSN', 'value': '852-85-4726'}, 'picture': {'large': 'https://randomuser.me/api/portraits/men/43.jpg', 'medium': 'https://randomuser.me/api/portraits/med/men/43.jpg', 'thumbnail': 'https://randomuser.me/api/portraits/thumb/men/43.jpg'}, 'nat': 'US'}</msg>
<arg>${json_data['results'][0]}</arg>
<doc>Logs the given message with the given level.</doc>
<status status="PASS" start="2024-07-12T16:18:57.214394" elapsed="0.000412"/>
</kw>
<kw name="Log" owner="BuiltIn">
<msg time="2024-07-12T16:18:57.215232" level="INFO">gender</msg>
<arg>${key}</arg>
<doc>Logs the given message with the given level.</doc>
<status status="PASS" start="2024-07-12T16:18:57.215105" elapsed="0.000175"/>
</kw>
<var name="${key}">gender</var>
<status status="PASS" start="2024-07-12T16:18:57.213627" elapsed="0.001872"/>
</iter>
<iter>
<kw name="Dictionary Should Contain Key" owner="Collections">
<arg>${json_data['results'][0]}</arg>
<arg>${key}</arg>
<doc>Fails if ``key`` is not found from ``dictionary``.</doc>
<status status="PASS" start="2024-07-12T16:18:57.215794" elapsed="0.000388"/>
</kw>
<kw name="Log" owner="BuiltIn">
<msg time="2024-07-12T16:18:57.216718" level="INFO">{'gender': 'male', 'name': {'title': 'Mr', 'first': 'Jack', 'last': 'Rodriquez'}, 'location': {'street': {'number': 8013, 'name': 'Prospect Rd'}, 'city': 'Tampa', 'state': 'South Carolina', 'country': 'United States', 'postcode': 78549, 'coordinates': {'latitude': '82.1752', 'longitude': '-18.1456'}, 'timezone': {'offset': '-3:30', 'description': 'Newfoundland'}}, 'email': 'jack.rodriquez@example.com', 'login': {'uuid': '7c4caecc-035b-4cf6-b200-bac6b1b2bb4d', 'username': 'angrybear760', 'password': 'becky', 'salt': 'bovRV9AS', 'md5': 'bb7de04ebac51ddcf72f12a7b9444d33', 'sha1': '1d60ab42d5e25e4e18d1f5054e4c6e2bc836ba8e', 'sha256': '93bc4815f0aca9d943f382d30ab2c9e0f4935fdfd73508619c83ed32636e67e2'}, 'dob': {'date': '1981-05-21T12:21:56.546Z', 'age': 43}, 'registered': {'date': '2017-09-18T13:53:28.179Z', 'age': 6}, 'phone': '(707) 377-2896', 'cell': '(580) 386-1494', 'id': {'name': 'SSN', 'value': '852-85-4726'}, 'picture': {'large': 'https://randomuser.me/api/portraits/men/43.jpg', 'medium': 'https://randomuser.me/api/portraits/med/men/43.jpg', 'thumbnail': 'https://randomuser.me/api/portraits/thumb/men/43.jpg'}, 'nat': 'US'}</msg>
<arg>${json_data['results'][0]}</arg>
<doc>Logs the given message with the given level.</doc>
<status status="PASS" start="2024-07-12T16:18:57.216363" elapsed="0.000435"/>
</kw>
<kw name="Log" owner="BuiltIn">
<msg time="2024-07-12T16:18:57.217224" level="INFO">name</msg>
<arg>${key}</arg>
<doc>Logs the given message with the given level.</doc>
<status status="PASS" start="2024-07-12T16:18:57.217095" elapsed="0.000166"/>
</kw>
<var name="${key}">name</var>
<status status="PASS" start="2024-07-12T16:18:57.215683" elapsed="0.001800"/>
</iter>
<iter>
<kw name="Dictionary Should Contain Key" owner="Collections">
<arg>${json_data['results'][0]}</arg>
<arg>${key}</arg>
<doc>Fails if ``key`` is not found from ``dictionary``.</doc>
<status status="PASS" start="2024-07-12T16:18:57.217766" elapsed="0.000418"/>
</kw>
<kw name="Log" owner="BuiltIn">
<msg time="2024-07-12T16:18:57.218721" level="INFO">{'gender': 'male', 'name': {'title': 'Mr', 'first': 'Jack', 'last': 'Rodriquez'}, 'location': {'street': {'number': 8013, 'name': 'Prospect Rd'}, 'city': 'Tampa', 'state': 'South Carolina', 'country': 'United States', 'postcode': 78549, 'coordinates': {'latitude': '82.1752', 'longitude': '-18.1456'}, 'timezone': {'offset': '-3:30', 'description': 'Newfoundland'}}, 'email': 'jack.rodriquez@example.com', 'login': {'uuid': '7c4caecc-035b-4cf6-b200-bac6b1b2bb4d', 'username': 'angrybear760', 'password': 'becky', 'salt': 'bovRV9AS', 'md5': 'bb7de04ebac51ddcf72f12a7b9444d33', 'sha1': '1d60ab42d5e25e4e18d1f5054e4c6e2bc836ba8e', 'sha256': '93bc4815f0aca9d943f382d30ab2c9e0f4935fdfd73508619c83ed32636e67e2'}, 'dob': {'date': '1981-05-21T12:21:56.546Z', 'age': 43}, 'registered': {'date': '2017-09-18T13:53:28.179Z', 'age': 6}, 'phone': '(707) 377-2896', 'cell': '(580) 386-1494', 'id': {'name': 'SSN', 'value': '852-85-4726'}, 'picture': {'large': 'https://randomuser.me/api/portraits/men/43.jpg', 'medium': 'https://randomuser.me/api/portraits/med/men/43.jpg', 'thumbnail': 'https://randomuser.me/api/portraits/thumb/men/43.jpg'}, 'nat': 'US'}</msg>
<arg>${json_data['results'][0]}</arg>
<doc>Logs the given message with the given level.</doc>
<status status="PASS" start="2024-07-12T16:18:57.218366" elapsed="0.000403"/>
</kw>
<kw name="Log" owner="BuiltIn">
<msg time="2024-07-12T16:18:57.219191" level="INFO">location</msg>
<arg>${key}</arg>
<doc>Logs the given message with the given level.</doc>
<status status="PASS" start="2024-07-12T16:18:57.219065" elapsed="0.000165"/>
</kw>
<var name="${key}">location</var>
<status status="PASS" start="2024-07-12T16:18:57.217660" elapsed="0.001782"/>
</iter>
<iter>
<kw name="Dictionary Should Contain Key" owner="Collections">
<arg>${json_data['results'][0]}</arg>
<arg>${key}</arg>
<doc>Fails if ``key`` is not found from ``dictionary``.</doc>
<status status="PASS" start="2024-07-12T16:18:57.219715" elapsed="0.000378"/>
</kw>
<kw name="Log" owner="BuiltIn">
<msg time="2024-07-12T16:18:57.220634" level="INFO">{'gender': 'male', 'name': {'title': 'Mr', 'first': 'Jack', 'last': 'Rodriquez'}, 'location': {'street': {'number': 8013, 'name': 'Prospect Rd'}, 'city': 'Tampa', 'state': 'South Carolina', 'country': 'United States', 'postcode': 78549, 'coordinates': {'latitude': '82.1752', 'longitude': '-18.1456'}, 'timezone': {'offset': '-3:30', 'description': 'Newfoundland'}}, 'email': 'jack.rodriquez@example.com', 'login': {'uuid': '7c4caecc-035b-4cf6-b200-bac6b1b2bb4d', 'username': 'angrybear760', 'password': 'becky', 'salt': 'bovRV9AS', 'md5': 'bb7de04ebac51ddcf72f12a7b9444d33', 'sha1': '1d60ab42d5e25e4e18d1f5054e4c6e2bc836ba8e', 'sha256': '93bc4815f0aca9d943f382d30ab2c9e0f4935fdfd73508619c83ed32636e67e2'}, 'dob': {'date': '1981-05-21T12:21:56.546Z', 'age': 43}, 'registered': {'date': '2017-09-18T13:53:28.179Z', 'age': 6}, 'phone': '(707) 377-2896', 'cell': '(580) 386-1494', 'id': {'name': 'SSN', 'value': '852-85-4726'}, 'picture': {'large': 'https://randomuser.me/api/portraits/men/43.jpg', 'medium': 'https://randomuser.me/api/portraits/med/men/43.jpg', 'thumbnail': 'https://randomuser.me/api/portraits/thumb/men/43.jpg'}, 'nat': 'US'}</msg>
<arg>${json_data['results'][0]}</arg>
<doc>Logs the given message with the given level.</doc>
<status status="PASS" start="2024-07-12T16:18:57.220286" elapsed="0.000397"/>
</kw>
<kw name="Log" owner="BuiltIn">
<msg time="2024-07-12T16:18:57.221103" level="INFO">email</msg>
<arg>${key}</arg>
<doc>Logs the given message with the given level.</doc>
<status status="PASS" start="2024-07-12T16:18:57.220977" elapsed="0.000164"/>
</kw>
<var name="${key}">email</var>
<status status="PASS" start="2024-07-12T16:18:57.219609" elapsed="0.001743"/>
</iter>
<iter>
<kw name="Dictionary Should Contain Key" owner="Collections">
<arg>${json_data['results'][0]}</arg>
<arg>${key}</arg>
<doc>Fails if ``key`` is not found from ``dictionary``.</doc>
<status status="PASS" start="2024-07-12T16:18:57.221631" elapsed="0.000388"/>
</kw>
<kw name="Log" owner="BuiltIn">
<msg time="2024-07-12T16:18:57.222591" level="INFO">{'gender': 'male', 'name': {'title': 'Mr', 'first': 'Jack', 'last': 'Rodriquez'}, 'location': {'street': {'number': 8013, 'name': 'Prospect Rd'}, 'city': 'Tampa', 'state': 'South Carolina', 'country': 'United States', 'postcode': 78549, 'coordinates': {'latitude': '82.1752', 'longitude': '-18.1456'}, 'timezone': {'offset': '-3:30', 'description': 'Newfoundland'}}, 'email': 'jack.rodriquez@example.com', 'login': {'uuid': '7c4caecc-035b-4cf6-b200-bac6b1b2bb4d', 'username': 'angrybear760', 'password': 'becky', 'salt': 'bovRV9AS', 'md5': 'bb7de04ebac51ddcf72f12a7b9444d33', 'sha1': '1d60ab42d5e25e4e18d1f5054e4c6e2bc836ba8e', 'sha256': '93bc4815f0aca9d943f382d30ab2c9e0f4935fdfd73508619c83ed32636e67e2'}, 'dob': {'date': '1981-05-21T12:21:56.546Z', 'age': 43}, 'registered': {'date': '2017-09-18T13:53:28.179Z', 'age': 6}, 'phone': '(707) 377-2896', 'cell': '(580) 386-1494', 'id': {'name': 'SSN', 'value': '852-85-4726'}, 'picture': {'large': 'https://randomuser.me/api/portraits/men/43.jpg', 'medium': 'https://randomuser.me/api/portraits/med/men/43.jpg', 'thumbnail': 'https://randomuser.me/api/portraits/thumb/men/43.jpg'}, 'nat': 'US'}</msg>
<arg>${json_data['results'][0]}</arg>
<doc>Logs the given message with the given level.</doc>
<status status="PASS" start="2024-07-12T16:18:57.222242" elapsed="0.000397"/>
</kw>
<kw name="Log" owner="BuiltIn">
<msg time="2024-07-12T16:18:57.223056" level="INFO">login</msg>
<arg>${key}</arg>
<doc>Logs the given message with the given level.</doc>
<status status="PASS" start="2024-07-12T16:18:57.222930" elapsed="0.000162"/>
</kw>
<var name="${key}">login</var>
<status status="PASS" start="2024-07-12T16:18:57.221520" elapsed="0.001791"/>
</iter>
<var>${key}</var>
<value>@{expected_keys}</value>
<status status="PASS" start="2024-07-12T16:18:57.213437" elapsed="0.009994"/>
</for>
<kw name="Create List" owner="BuiltIn">
<msg time="2024-07-12T16:18:57.223755" level="INFO">${expected_keysTwo} = ['username', 'password']</msg>
<var>${expected_keysTwo}</var>
<arg>username</arg>
<arg>password</arg>
<doc>Returns a list containing given items.</doc>
<status status="PASS" start="2024-07-12T16:18:57.223621" elapsed="0.000157"/>
</kw>
<for flavor="IN">
<iter>
<kw name="Dictionary Should Contain Key" owner="Collections">
<arg>${json_data['results'][0]['login']}</arg>
<arg>${keyTwo}</arg>
<doc>Fails if ``key`` is not found from ``dictionary``.</doc>
<status status="PASS" start="2024-07-12T16:18:57.224294" elapsed="0.000384"/>
</kw>
<kw name="Dictionary Should Contain Key" owner="Collections">
<arg>${json_data['results'][0]['login']}</arg>
<arg>${keyTwo}</arg>
<doc>Fails if ``key`` is not found from ``dictionary``.</doc>
<status status="PASS" start="2024-07-12T16:18:57.224857" elapsed="0.000370"/>
</kw>
<kw name="Log" owner="BuiltIn">
<msg time="2024-07-12T16:18:57.225523" level="INFO">username</msg>
<arg>${keyTwo}</arg>
<doc>Logs the given message with the given level.</doc>
<status status="PASS" start="2024-07-12T16:18:57.225404" elapsed="0.000157"/>
</kw>
<var name="${keyTwo}">username</var>
<status status="PASS" start="2024-07-12T16:18:57.224189" elapsed="0.001599"/>
</iter>
<iter>
<kw name="Dictionary Should Contain Key" owner="Collections">
<arg>${json_data['results'][0]['login']}</arg>
<arg>${keyTwo}</arg>
<doc>Fails if ``key`` is not found from ``dictionary``.</doc>
<status status="PASS" start="2024-07-12T16:18:57.226101" elapsed="0.000393"/>
</kw>
<kw name="Dictionary Should Contain Key" owner="Collections">
<arg>${json_data['results'][0]['login']}</arg>
<arg>${keyTwo}</arg>
<doc>Fails if ``key`` is not found from ``dictionary``.</doc>
<status status="PASS" start="2024-07-12T16:18:57.226674" elapsed="0.000375"/>
</kw>
<kw name="Log" owner="BuiltIn">
<msg time="2024-07-12T16:18:57.227347" level="INFO">password</msg>
<arg>${keyTwo}</arg>
<doc>Logs the given message with the given level.</doc>
<status status="PASS" start="2024-07-12T16:18:57.227227" elapsed="0.000163"/>
</kw>
<var name="${keyTwo}">password</var>
<status status="PASS" start="2024-07-12T16:18:57.225957" elapsed="0.001654"/>
</iter>
<var>${keyTwo}</var>
<value>@{expected_keysTwo}</value>
<status status="PASS" start="2024-07-12T16:18:57.224037" elapsed="0.003694"/>
</for>
<status status="PASS" start="2024-07-12T16:18:57.098308" elapsed="0.129562"/>
</kw>
<doc>Testa a estrutura da resposta da API.</doc>
<tag>testeEstruturaResposta</tag>
<status status="PASS" start="2024-07-12T16:18:57.097661" elapsed="0.130360"/>
</test>
<test id="s1-s1-t4" name="Validar tipos de dados" line="28">
<kw name="Teste de Tipos de Dados" owner="random-user-service">
<kw name="GET On Session" owner="RequestsLibrary">
<msg time="2024-07-12T16:18:57.334909" level="INFO">GET Request : url=https://randomuser.me/api 
 path_url=/api 
 headers={'User-Agent': 'python-requests/2.32.3', 'Accept-Encoding': 'gzip, deflate', 'Accept': '*/*', 'Connection': 'keep-alive'} 
 body=None 
 </msg>
<msg time="2024-07-12T16:18:57.335022" level="INFO">GET Response : url=https://randomuser.me/api 
 status=200, reason=OK 
 headers={'Date': 'Fri, 12 Jul 2024 16:18:57 GMT', 'Content-Type': 'application/json; charset=utf-8', 'Transfer-Encoding': 'chunked', 'Connection': 'keep-alive', 'X-Powered-By': 'Express', 'Access-Control-Allow-Origin': '*', 'Cache-Control': 'no-cache', 'ETag': 'W/"488-5QBh1wzcFbkFUzB4Tuky/CBd2dw"', 'Vary': 'Accept-Encoding', 'Content-Encoding': 'gzip', 'CF-Cache-Status': 'DYNAMIC', 'Report-To': '{"endpoints":[{"url":"https:\\/\\/a.nel.cloudflare.com\\/report\\/v4?s=PTKf2pgtemR3IFgMkZInO7ByqXI8Yve2MSSW%2F%2FfZAFXkSt2xbBtG31%2Fv0jNBvhigi15u0ST8%2F78qblhwXIDpbes0RnS%2FB2N6e03NCZ0yZC4Fl51ZpQs3hE98pUXary6n"}],"group":"cf-nel","max_age":604800}', 'NEL': '{"success_fraction":0,"report_to":"cf-nel","max_age":604800}', 'Server': 'cloudflare', 'CF-RAY': '8a225a23bf211001-LAX', 'alt-svc': 'h3=":443"; ma=86400'} 
 body={"results":[{"gender":"male","name":{"title":"Mr","first":"Juan Manuel","last":"Orosco"},"location":{"street":{"number":9583,"name":"Viaducto Sinaloa"},"city":"Chimaltitán","state":"Chiapas","country":"Mexico","postcode":76492,"coordinates":{"latitude":"29.5817","longitude":"-47.9151"},"timezone":{"offset":"+5:45","description":"Kathmandu"}},"email":"juanmanuel.orosco@example.com","login":{"uuid":"9acff22b-632b-4057-8fcb-1dde64b492c5","username":"silverpanda162","password":"voodoo","salt":"xnkSbuBF","md5":"82228f357083ecf0435619f6a34a1565","sha1":"802262419ca817ac1f3cfa574e4ade296bdb36de","sha256":"107f2fbb4a66c012488ec95b519c0774f01d2c3ee09479ada50a5b62d97adf9a"},"dob":{"date":"1993-08-20T03:10:59.014Z","age":30},"registered":{"date":"2018-08-21T06:19:41.611Z","age":5},"phone":"(643) 725 1831","cell":"(699) 939 3752","id":{"name":"NSS","value":"23 98 36 1418 8"},"picture":{"large":"https://randomuser.me/api/portraits/men/87.jpg","medium":"https://randomuser.me/api/portraits/med/men/87.jpg","thumbnail":"https://randomuser.me/api/portraits/thumb/men/87.jpg"},"nat":"MX"}],"info":{"seed":"3ba8395ffa466a5e","results":1,"page":1,"version":"1.4"}} 
 </msg>
<msg time="2024-07-12T16:18:57.335111" level="INFO">/opt/hostedtoolcache/Python/3.12.4/x64/lib/python3.12/site-packages/urllib3/connectionpool.py:1099: InsecureRequestWarning: Unverified HTTPS request is being made to host 'randomuser.me'. Adding certificate verification is strongly advised. See: https://urllib3.readthedocs.io/en/latest/advanced-usage.html#tls-warnings
  warnings.warn(</msg>
<msg time="2024-07-12T16:18:57.335257" level="INFO">${response} = &lt;Response [200]&gt;</msg>
<var>${response}</var>
<arg>consultarAPI</arg>
<arg>/api</arg>
<doc>Sends a GET request on a previously created HTTP Session.</doc>
<status status="PASS" start="2024-07-12T16:18:57.230584" elapsed="0.104719"/>
</kw>
<kw name="Set Variable" owner="BuiltIn">
<msg time="2024-07-12T16:18:57.336351" level="INFO">${json_data} = {'results': [{'gender': 'male', 'name': {'title': 'Mr', 'first': 'Juan Manuel', 'last': 'Orosco'}, 'location': {'street': {'number': 9583, 'name': 'Viaducto Sinaloa'}, 'city': 'Chimaltitán', 'state': ...</msg>
<var>${json_data}</var>
<arg>${response.json()}</arg>
<doc>Returns the given values which can then be assigned to a variables.</doc>
<status status="PASS" start="2024-07-12T16:18:57.335806" elapsed="0.000577"/>
</kw>
<kw name="Log" owner="BuiltIn">
<msg time="2024-07-12T16:18:57.336872" level="INFO">{'results': [{'gender': 'male', 'name': {'title': 'Mr', 'first': 'Juan Manuel', 'last': 'Orosco'}, 'location': {'street': {'number': 9583, 'name': 'Viaducto Sinaloa'}, 'city': 'Chimaltitán', 'state': 'Chiapas', 'country': 'Mexico', 'postcode': 76492, 'coordinates': {'latitude': '29.5817', 'longitude': '-47.9151'}, 'timezone': {'offset': '+5:45', 'description': 'Kathmandu'}}, 'email': 'juanmanuel.orosco@example.com', 'login': {'uuid': '9acff22b-632b-4057-8fcb-1dde64b492c5', 'username': 'silverpanda162', 'password': 'voodoo', 'salt': 'xnkSbuBF', 'md5': '82228f357083ecf0435619f6a34a1565', 'sha1': '802262419ca817ac1f3cfa574e4ade296bdb36de', 'sha256': '107f2fbb4a66c012488ec95b519c0774f01d2c3ee09479ada50a5b62d97adf9a'}, 'dob': {'date': '1993-08-20T03:10:59.014Z', 'age': 30}, 'registered': {'date': '2018-08-21T06:19:41.611Z', 'age': 5}, 'phone': '(643) 725 1831', 'cell': '(699) 939 3752', 'id': {'name': 'NSS', 'value': '23 98 36 1418 8'}, 'picture': {'large': 'https://randomuser.me/api/portraits/men/87.jpg', 'medium': 'https://randomuser.me/api/portraits/med/men/87.jpg', 'thumbnail': 'https://randomuser.me/api/portraits/thumb/men/87.jpg'}, 'nat': 'MX'}], 'info': {'seed': '3ba8395ffa466a5e', 'results': 1, 'page': 1, 'version': '1.4'}}</msg>
<arg>${json_data}</arg>
<doc>Logs the given message with the given level.</doc>
<status status="PASS" start="2024-07-12T16:18:57.336708" elapsed="0.000216"/>
</kw>
<kw name="Should Be String" owner="String">
<arg>${json_data['results'][0]['gender']}</arg>
<doc>Fails if the given ``item`` is not a string.</doc>
<status status="PASS" start="2024-07-12T16:18:57.337228" elapsed="0.000375"/>
</kw>
<kw name="Should Match Regexp" owner="BuiltIn">
<arg>${json_data['results'][0]['email']}</arg>
<arg>^[a-zA-Z0-9._%+-]+@[a-zA-Z0-9.-]+\.[a-zA-Z]{2,}$</arg>
<doc>Fails if ``string`` does not match ``pattern`` as a regular expression.</doc>
<status status="PASS" start="2024-07-12T16:18:57.337795" elapsed="0.000569"/>
</kw>
<kw name="Should Match Regexp" owner="BuiltIn">
<arg>${json_data['results'][0]['dob']['date']}</arg>
<arg>\\d{4}-\\d{2}-\\d{2}T\\d{2}:\\d{2}:\\d{2}\\.\\d{3}Z</arg>
<doc>Fails if ``string`` does not match ``pattern`` as a regular expression.</doc>
<status status="PASS" start="2024-07-12T16:18:57.338601" elapsed="0.000496"/>
</kw>
<kw name="Should Match Regexp" owner="BuiltIn">
<arg>${json_data['results'][0]['registered']['date']}</arg>
<arg>\\d{4}-\\d{2}-\\d{2}T\\d{2}:\\d{2}:\\d{2}\\.\\d{3}Z</arg>
<doc>Fails if ``string`` does not match ``pattern`` as a regular expression.</doc>
<status status="PASS" start="2024-07-12T16:18:57.339321" elapsed="0.000377"/>
</kw>
<kw name="Should Match Regexp" owner="BuiltIn">
<arg>${json_data['results'][0]['picture']['large']}</arg>
<arg>^https?://.*\.(?:png|jpe?g|gif|bmp)$</arg>
<doc>Fails if ``string`` does not match ``pattern`` as a regular expression.</doc>
<status status="PASS" start="2024-07-12T16:18:57.339888" elapsed="0.000465"/>
</kw>
<kw name="Should Match Regexp" owner="BuiltIn">
<arg>${json_data['results'][0]['picture']['medium']}</arg>
<arg>^https?://.*\.(?:png|jpe?g|gif|bmp)$</arg>
<doc>Fails if ``string`` does not match ``pattern`` as a regular expression.</doc>
<status status="PASS" start="2024-07-12T16:18:57.340543" elapsed="0.000355"/>
</kw>
<kw name="Should Match Regexp" owner="BuiltIn">
<arg>${json_data['results'][0]['picture']['thumbnail']}</arg>
<arg>^https?://.*\.(?:png|jpe?g|gif|bmp)$</arg>
<doc>Fails if ``string`` does not match ``pattern`` as a regular expression.</doc>
<status status="PASS" start="2024-07-12T16:18:57.341080" elapsed="0.000357"/>
</kw>
<kw name="Log" owner="BuiltIn">
<msg time="2024-07-12T16:18:57.341951" level="INFO">{'large': 'https://randomuser.me/api/portraits/men/87.jpg', 'medium': 'https://randomuser.me/api/portraits/med/men/87.jpg', 'thumbnail': 'https://randomuser.me/api/portraits/thumb/men/87.jpg'}</msg>
<arg>${json_data['results'][0]['picture']}</arg>
<doc>Logs the given message with the given level.</doc>
<status status="PASS" start="2024-07-12T16:18:57.341622" elapsed="0.000373"/>
</kw>
<status status="PASS" start="2024-07-12T16:18:57.230354" elapsed="0.111932"/>
</kw>
<kw name="Teste de Tipos de Dados - Postcode" owner="random-user-service">
<kw name="GET On Session" owner="RequestsLibrary">
<msg time="2024-07-12T16:18:57.452303" level="INFO">GET Request : url=https://randomuser.me/api 
 path_url=/api 
 headers={'User-Agent': 'python-requests/2.32.3', 'Accept-Encoding': 'gzip, deflate', 'Accept': '*/*', 'Connection': 'keep-alive'} 
 body=None 
 </msg>
<msg time="2024-07-12T16:18:57.452393" level="INFO">GET Response : url=https://randomuser.me/api 
 status=200, reason=OK 
 headers={'Date': 'Fri, 12 Jul 2024 16:18:57 GMT', 'Content-Type': 'application/json; charset=utf-8', 'Transfer-Encoding': 'chunked', 'Connection': 'keep-alive', 'X-Powered-By': 'Express', 'Access-Control-Allow-Origin': '*', 'Cache-Control': 'no-cache', 'ETag': 'W/"499-t2WmHCG3uUV02j4toI9hF3aEdaQ"', 'Vary': 'Accept-Encoding', 'Content-Encoding': 'gzip', 'CF-Cache-Status': 'DYNAMIC', 'Report-To': '{"endpoints":[{"url":"https:\\/\\/a.nel.cloudflare.com\\/report\\/v4?s=UayDpTQh0qp8jcVMkTWzoZr1m8B4cAfIzMSttkTDvxgxJisOBFaDQuI0jGo8JZvcTc%2B0aXgemQa75g2YM0H8U56btuBtRM3zXXQFzDXj9%2FpK%2FJ4t%2BShrKeeX%2FMoP85j7"}],"group":"cf-nel","max_age":604800}', 'NEL': '{"success_fraction":0,"report_to":"cf-nel","max_age":604800}', 'Server': 'cloudflare', 'CF-RAY': '8a225a2468851001-LAX', 'alt-svc': 'h3=":443"; ma=86400'} 
 body={"results":[{"gender":"female","name":{"title":"Mrs","first":"Rosemary","last":"Berry"},"location":{"street":{"number":7625,"name":"Daisy Dr"},"city":"Launceston","state":"South Australia","country":"Australia","postcode":382,"coordinates":{"latitude":"-83.4738","longitude":"56.3118"},"timezone":{"offset":"+5:30","description":"Bombay, Calcutta, Madras, New Delhi"}},"email":"rosemary.berry@example.com","login":{"uuid":"d19bc288-798f-4d67-889c-5bc02fa9b002","username":"smallgoose768","password":"midori","salt":"JI81ACWH","md5":"31572186f6ebacf4ac4f0716c5c192c2","sha1":"b5d4efb73850be4d0de9da23cd0942e639de1829","sha256":"b663a799a6ed88526c4c6cd80b16bc5447e31868ab7149728765eac55892b47b"},"dob":{"date":"1989-09-30T08:56:16.011Z","age":34},"registered":{"date":"2003-02-05T10:03:30.137Z","age":21},"phone":"09-6670-0160","cell":"0425-580-868","id":{"name":"TFN","value":"084231671"},"picture":{"large":"https://randomuser.me/api/portraits/women/13.jpg","medium":"https://randomuser.me/api/portraits/med/women/13.jpg","thumbnail":"https://randomuser.me/api/portraits/thumb/women/13.jpg"},"nat":"AU"}],"info":{"seed":"7c96d69ef3aeda55","results":1,"page":1,"version":"1.4"}} 
 </msg>
<msg time="2024-07-12T16:18:57.452455" level="INFO">/opt/hostedtoolcache/Python/3.12.4/x64/lib/python3.12/site-packages/urllib3/connectionpool.py:1099: InsecureRequestWarning: Unverified HTTPS request is being made to host 'randomuser.me'. Adding certificate verification is strongly advised. See: https://urllib3.readthedocs.io/en/latest/advanced-usage.html#tls-warnings
  warnings.warn(</msg>
<msg time="2024-07-12T16:18:57.452578" level="INFO">${response} = &lt;Response [200]&gt;</msg>
<var>${response}</var>
<arg>consultarAPI</arg>
<arg>/api</arg>
<doc>Sends a GET request on a previously created HTTP Session.</doc>
<status status="PASS" start="2024-07-12T16:18:57.342753" elapsed="0.109870"/>
</kw>
<kw name="Set Variable" owner="BuiltIn">
<msg time="2024-07-12T16:18:57.453543" level="INFO">${json_data} = {'results': [{'gender': 'female', 'name': {'title': 'Mrs', 'first': 'Rosemary', 'last': 'Berry'}, 'location': {'street': {'number': 7625, 'name': 'Daisy Dr'}, 'city': 'Launceston', 'state': 'South Aus...</msg>
<var>${json_data}</var>
<arg>${response.json()}</arg>
<doc>Returns the given values which can then be assigned to a variables.</doc>
<status status="PASS" start="2024-07-12T16:18:57.453058" elapsed="0.000514"/>
</kw>
<kw name="Log" owner="BuiltIn">
<msg time="2024-07-12T16:18:57.454070" level="INFO">{'results': [{'gender': 'female', 'name': {'title': 'Mrs', 'first': 'Rosemary', 'last': 'Berry'}, 'location': {'street': {'number': 7625, 'name': 'Daisy Dr'}, 'city': 'Launceston', 'state': 'South Australia', 'country': 'Australia', 'postcode': 382, 'coordinates': {'latitude': '-83.4738', 'longitude': '56.3118'}, 'timezone': {'offset': '+5:30', 'description': 'Bombay, Calcutta, Madras, New Delhi'}}, 'email': 'rosemary.berry@example.com', 'login': {'uuid': 'd19bc288-798f-4d67-889c-5bc02fa9b002', 'username': 'smallgoose768', 'password': 'midori', 'salt': 'JI81ACWH', 'md5': '31572186f6ebacf4ac4f0716c5c192c2', 'sha1': 'b5d4efb73850be4d0de9da23cd0942e639de1829', 'sha256': 'b663a799a6ed88526c4c6cd80b16bc5447e31868ab7149728765eac55892b47b'}, 'dob': {'date': '1989-09-30T08:56:16.011Z', 'age': 34}, 'registered': {'date': '2003-02-05T10:03:30.137Z', 'age': 21}, 'phone': '09-6670-0160', 'cell': '0425-580-868', 'id': {'name': 'TFN', 'value': '084231671'}, 'picture': {'large': 'https://randomuser.me/api/portraits/women/13.jpg', 'medium': 'https://randomuser.me/api/portraits/med/women/13.jpg', 'thumbnail': 'https://randomuser.me/api/portraits/thumb/women/13.jpg'}, 'nat': 'AU'}], 'info': {'seed': '7c96d69ef3aeda55', 'results': 1, 'page': 1, 'version': '1.4'}}</msg>
<arg>${json_data}</arg>
<doc>Logs the given message with the given level.</doc>
<status status="PASS" start="2024-07-12T16:18:57.453878" elapsed="0.000252"/>
</kw>
<kw name="Should Be Equal As Numbers" owner="BuiltIn">
<arg>${json_data['results'][0]['location']['postcode']}</arg>
<arg>${json_data['results'][0]['location']['postcode']}</arg>
<doc>Fails if objects are unequal after converting them to real numbers.</doc>
<status status="PASS" start="2024-07-12T16:18:57.454437" elapsed="0.000620"/>
</kw>
<kw name="Log" owner="BuiltIn">
<msg time="2024-07-12T16:18:57.455592" level="INFO">382</msg>
<arg>${json_data['results'][0]['location']['postcode']}</arg>
<doc>Logs the given message with the given level.</doc>
<status status="PASS" start="2024-07-12T16:18:57.455250" elapsed="0.000382"/>
</kw>
<status status="PASS" start="2024-07-12T16:18:57.342522" elapsed="0.113392"/>
</kw>
<doc>Testa se os tipos de dados na resposta da API estão corretos.</doc>
<tag>testeTiposDados</tag>
<status status="PASS" start="2024-07-12T16:18:57.229764" elapsed="0.226319"/>
</test>
<test id="s1-s1-t5" name="Validar conteudo" line="35">
<kw name="Teste de Tipos de Conteudo" owner="random-user-service">
<kw name="GET On Session" owner="RequestsLibrary">
<msg time="2024-07-12T16:18:57.579188" level="INFO">GET Request : url=https://randomuser.me/api 
 path_url=/api 
 headers={'User-Agent': 'python-requests/2.32.3', 'Accept-Encoding': 'gzip, deflate', 'Accept': '*/*', 'Connection': 'keep-alive'} 
 body=None 
 </msg>
<msg time="2024-07-12T16:18:57.579300" level="INFO">GET Response : url=https://randomuser.me/api 
 status=200, reason=OK 
 headers={'Date': 'Fri, 12 Jul 2024 16:18:57 GMT', 'Content-Type': 'application/json; charset=utf-8', 'Transfer-Encoding': 'chunked', 'Connection': 'keep-alive', 'X-Powered-By': 'Express', 'Access-Control-Allow-Origin': '*', 'Cache-Control': 'no-cache', 'ETag': 'W/"473-PNRZrktwCuqmMd4tlcgzvTF0qv4"', 'Vary': 'Accept-Encoding', 'Content-Encoding': 'gzip', 'CF-Cache-Status': 'DYNAMIC', 'Report-To': '{"endpoints":[{"url":"https:\\/\\/a.nel.cloudflare.com\\/report\\/v4?s=1tg6zY22iJSX2p5VP83dX0t7Emus9mlkAIuKDGsH5Wsc7FKRz3%2Brq79JShxMc7GR0Ai1EhE747%2BQPoGr2PJpEZ3QTQxPRvcVAL5QLHzV8Oo7JomExgecWYoC7eI7xF8M"}],"group":"cf-nel","max_age":604800}', 'NEL': '{"success_fraction":0,"report_to":"cf-nel","max_age":604800}', 'Server': 'cloudflare', 'CF-RAY': '8a225a25295a1001-LAX', 'alt-svc': 'h3=":443"; ma=86400'} 
 body={"results":[{"gender":"male","name":{"title":"Mr","first":"Franco","last":"Frank"},"location":{"street":{"number":3559,"name":"Ahornweg"},"city":"Scheer","state":"Saarland","country":"Germany","postcode":62277,"coordinates":{"latitude":"-50.0230","longitude":"-10.7179"},"timezone":{"offset":"+5:45","description":"Kathmandu"}},"email":"franco.frank@example.com","login":{"uuid":"43b50cb9-ee0b-43a4-a1de-6ee3e36c3b9e","username":"ticklishtiger458","password":"ashleigh","salt":"36cRmNsN","md5":"09cff0cee22f849613b733447a3f58b6","sha1":"e433fc07c67dfd940e19e6c60e1d6a34ffe60937","sha256":"60f7a2b73535e050a8a1da717acd289fb7bf777925cf5c1ae88edc1fe57c5399"},"dob":{"date":"1995-08-21T18:32:13.155Z","age":28},"registered":{"date":"2020-02-21T08:16:02.832Z","age":4},"phone":"0814-7265964","cell":"0170-5247259","id":{"name":"SVNR","value":"21 210895 F 293"},"picture":{"large":"https://randomuser.me/api/portraits/men/18.jpg","medium":"https://randomuser.me/api/portraits/med/men/18.jpg","thumbnail":"https://randomuser.me/api/portraits/thumb/men/18.jpg"},"nat":"DE"}],"info":{"seed":"1288c8231dffcb1b","results":1,"page":1,"version":"1.4"}} 
 </msg>
<msg time="2024-07-12T16:18:57.579404" level="INFO">/opt/hostedtoolcache/Python/3.12.4/x64/lib/python3.12/site-packages/urllib3/connectionpool.py:1099: InsecureRequestWarning: Unverified HTTPS request is being made to host 'randomuser.me'. Adding certificate verification is strongly advised. See: https://urllib3.readthedocs.io/en/latest/advanced-usage.html#tls-warnings
  warnings.warn(</msg>
<msg time="2024-07-12T16:18:57.579573" level="INFO">${response} = &lt;Response [200]&gt;</msg>
<var>${response}</var>
<arg>consultarAPI</arg>
<arg>/api</arg>
<doc>Sends a GET request on a previously created HTTP Session.</doc>
<status status="PASS" start="2024-07-12T16:18:57.458718" elapsed="0.120908"/>
</kw>
<kw name="Set Variable" owner="BuiltIn">
<msg time="2024-07-12T16:18:57.580652" level="INFO">${json_data} = {'results': [{'gender': 'male', 'name': {'title': 'Mr', 'first': 'Franco', 'last': 'Frank'}, 'location': {'street': {'number': 3559, 'name': 'Ahornweg'}, 'city': 'Scheer', 'state': 'Saarland', 'countr...</msg>
<var>${json_data}</var>
<arg>${response.json()}</arg>
<doc>Returns the given values which can then be assigned to a variables.</doc>
<status status="PASS" start="2024-07-12T16:18:57.580139" elapsed="0.000543"/>
</kw>
<kw name="Set Variable" owner="BuiltIn">
<msg time="2024-07-12T16:18:57.581395" level="INFO">${name_title} = Mr</msg>
<var>${name_title}</var>
<arg>${json_data["results"][0]["name"]["title"]}</arg>
<doc>Returns the given values which can then be assigned to a variables.</doc>
<status status="PASS" start="2024-07-12T16:18:57.581009" elapsed="0.000412"/>
</kw>
<kw name="Create List" owner="BuiltIn">
<msg time="2024-07-12T16:18:57.581869" level="INFO">${allowed_titles} = ['Mr', 'Ms', 'Miss', 'Mrs', 'Madame', 'Monsieur']</msg>
<var>${allowed_titles}</var>
<arg>Mr</arg>
<arg>Ms</arg>
<arg>Miss</arg>
<arg>Mrs</arg>
<arg>Madame</arg>
<arg>Monsieur</arg>
<doc>Returns a list containing given items.</doc>
<status status="PASS" start="2024-07-12T16:18:57.581719" elapsed="0.000175"/>
</kw>
<kw name="List Should Contain Value" owner="Collections">
<arg>${allowed_titles}</arg>
<arg>${name_title}</arg>
<doc>Fails if the ``value`` is not found from ``list``.</doc>
<status status="PASS" start="2024-07-12T16:18:57.582233" elapsed="0.000190"/>
</kw>
<kw name="Set Variable" owner="BuiltIn">
<msg time="2024-07-12T16:18:57.582970" level="INFO">${name_country} = DE</msg>
<var>${name_country}</var>
<arg>${json_data["results"][0]["nat"]}</arg>
<doc>Returns the given values which can then be assigned to a variables.</doc>
<status status="PASS" start="2024-07-12T16:18:57.582603" elapsed="0.000393"/>
</kw>
<kw name="Create List" owner="BuiltIn">
<msg time="2024-07-12T16:18:57.583882" level="INFO">${list_country} = ['AD', 'AE', 'AF', 'AG', 'AI', 'AL', 'AM', 'AO', 'AQ', 'AR', 'AS', 'AT', 'AU', 'AW', 'AX', 'AZ', 'BA', 'BB', 'BD', 'BE', 'BF', 'BG', 'BH', 'BI', 'BJ', 'BL', 'BM', 'BN', 'BO', 'BQ', 'BR', 'BS', 'BT', '...</msg>
<var>${list_country}</var>
<arg>AD</arg>
<arg>AE</arg>
<arg>AF</arg>
<arg>AG</arg>
<arg>AI</arg>
<arg>AL</arg>
<arg>AM</arg>
<arg>AO</arg>
<arg>AQ</arg>
<arg>AR</arg>
<arg>AS</arg>
<arg>AT</arg>
<arg>AU</arg>
<arg>AW</arg>
<arg>AX</arg>
<arg>AZ</arg>
<arg>BA</arg>
<arg>BB</arg>
<arg>BD</arg>
<arg>BE</arg>
<arg>BF</arg>
<arg>BG</arg>
<arg>BH</arg>
<arg>BI</arg>
<arg>BJ</arg>
<arg>BL</arg>
<arg>BM</arg>
<arg>BN</arg>
<arg>BO</arg>
<arg>BQ</arg>
<arg>BR</arg>
<arg>BS</arg>
<arg>BT</arg>
<arg>BV</arg>
<arg>BW</arg>
<arg>BY</arg>
<arg>BZ</arg>
<arg>CA</arg>
<arg>CC</arg>
<arg>CD</arg>
<arg>CF</arg>
<arg>CG</arg>
<arg>CH</arg>
<arg>CI</arg>
<arg>CK</arg>
<arg>CL</arg>
<arg>CM</arg>
<arg>CN</arg>
<arg>CO</arg>
<arg>CR</arg>
<arg>CU</arg>
<arg>CV</arg>
<arg>CW</arg>
<arg>CX</arg>
<arg>CY</arg>
<arg>CZ</arg>
<arg>DE</arg>
<arg>DJ</arg>
<arg>DK</arg>
<arg>DM</arg>
<arg>DO</arg>
<arg>DZ</arg>
<arg>EC</arg>
<arg>EE</arg>
<arg>EG</arg>
<arg>EH</arg>
<arg>ER</arg>
<arg>ES</arg>
<arg>ET</arg>
<arg>FI</arg>
<arg>FJ</arg>
<arg>FK</arg>
<arg>FM</arg>
<arg>FO</arg>
<arg>FR</arg>
<arg>GA</arg>
<arg>GB</arg>
<arg>GD</arg>
<arg>GE</arg>
<arg>GF</arg>
<arg>GG</arg>
<arg>GH</arg>
<arg>GI</arg>
<arg>GL</arg>
<arg>GM</arg>
<arg>GN</arg>
<arg>GP</arg>
<arg>GQ</arg>
<arg>GR</arg>
<arg>GS</arg>
<arg>GT</arg>
<arg>GU</arg>
<arg>GW</arg>
<arg>GY</arg>
<arg>HK</arg>
<arg>HM</arg>
<arg>HN</arg>
<arg>HR</arg>
<arg>HT</arg>
<arg>HU</arg>
<arg>ID</arg>
<arg>IE</arg>
<arg>IL</arg>
<arg>IM</arg>
<arg>IN</arg>
<arg>IO</arg>
<arg>IQ</arg>
<arg>IR</arg>
<arg>IS</arg>
<arg>IT</arg>
<arg>JE</arg>
<arg>JM</arg>
<arg>JO</arg>
<arg>JP</arg>
<arg>KE</arg>
<arg>KG</arg>
<arg>KH</arg>
<arg>KI</arg>
<arg>KM</arg>
<arg>KN</arg>
<arg>KP</arg>
<arg>KR</arg>
<arg>KW</arg>
<arg>KY</arg>
<arg>KZ</arg>
<arg>LA</arg>
<arg>LB</arg>
<arg>LC</arg>
<arg>LI</arg>
<arg>LK</arg>
<arg>LR</arg>
<arg>LS</arg>
<arg>LT</arg>
<arg>LU</arg>
<arg>LV</arg>
<arg>LY</arg>
<arg>MA</arg>
<arg>MC</arg>
<arg>MD</arg>
<arg>ME</arg>
<arg>MF</arg>
<arg>MG</arg>
<arg>MH</arg>
<arg>MK</arg>
<arg>ML</arg>
<arg>MM</arg>
<arg>MN</arg>
<arg>MO</arg>
<arg>MP</arg>
<arg>MQ</arg>
<arg>MR</arg>
<arg>MS</arg>
<arg>MT</arg>
<arg>MU</arg>
<arg>MV</arg>
<arg>MW</arg>
<arg>MX</arg>
<arg>MY</arg>
<arg>MZ</arg>
<arg>NA</arg>
<arg>NC</arg>
<arg>NE</arg>
<arg>NF</arg>
<arg>NG</arg>
<arg>NI</arg>
<arg>NL</arg>
<arg>NO</arg>
<arg>NP</arg>
<arg>NR</arg>
<arg>NU</arg>
<arg>NZ</arg>
<arg>OM</arg>
<arg>PA</arg>
<arg>PE</arg>
<arg>PF</arg>
<arg>PG</arg>
<arg>PH</arg>
<arg>PK</arg>
<arg>PL</arg>
<arg>PM</arg>
<arg>PN</arg>
<arg>PR</arg>
<arg>PS</arg>
<arg>PT</arg>
<arg>PW</arg>
<arg>PY</arg>
<arg>QA</arg>
<arg>RE</arg>
<arg>RO</arg>
<arg>RS</arg>
<arg>RU</arg>
<arg>RW</arg>
<arg>SA</arg>
<arg>SB</arg>
<arg>SC</arg>
<arg>SD</arg>
<arg>SE</arg>
<arg>SG</arg>
<arg>SH</arg>
<arg>SI</arg>
<arg>SJ</arg>
<arg>SK</arg>
<arg>SL</arg>
<arg>SM</arg>
<arg>SN</arg>
<arg>SO</arg>
<arg>SR</arg>
<arg>SS</arg>
<arg>ST</arg>
<arg>SV</arg>
<arg>SX</arg>
<arg>SY</arg>
<arg>SZ</arg>
<arg>TC</arg>
<arg>TD</arg>
<arg>TF</arg>
<arg>TG</arg>
<arg>TH</arg>
<arg>TJ</arg>
<arg>TK</arg>
<arg>TL</arg>
<arg>TM</arg>
<arg>TN</arg>
<arg>TO</arg>
<arg>TR</arg>
<arg>TT</arg>
<arg>TV</arg>
<arg>TW</arg>
<arg>TZ</arg>
<arg>UA</arg>
<arg>UG</arg>
<arg>UM</arg>
<arg>US</arg>
<arg>UY</arg>
<arg>UZ</arg>
<arg>VA</arg>
<arg>VC</arg>
<arg>VE</arg>
<arg>VG</arg>
<arg>VI</arg>
<arg>VN</arg>
<arg>VU</arg>
<arg>WF</arg>
<arg>WS</arg>
<arg>XK</arg>
<arg>YE</arg>
<arg>YT</arg>
<arg>ZA</arg>
<arg>ZM</arg>
<arg>ZW</arg>
<doc>Returns a list containing given items.</doc>
<status status="PASS" start="2024-07-12T16:18:57.583292" elapsed="0.000615"/>
</kw>
<kw name="List Should Contain Value" owner="Collections">
<arg>${list_country}</arg>
<arg>${name_country}</arg>
<doc>Fails if the ``value`` is not found from ``list``.</doc>
<status status="PASS" start="2024-07-12T16:18:57.584702" elapsed="0.000205"/>
</kw>
<kw name="Run Keyword If" owner="BuiltIn">
<kw name="Should Be True" owner="BuiltIn">
<arg>${True}</arg>
<doc>Fails if the given condition is not true.</doc>
<status status="PASS" start="2024-07-12T16:18:57.585861" elapsed="0.000144"/>
</kw>
<arg>${json_data["results"][0]["location"]["coordinates"]["latitude"]} &gt;= -90 and ${json_data["results"][0]["location"]["coordinates"]["latitude"]} &lt;= 90</arg>
<arg>Should Be True</arg>
<arg>${True}</arg>
<doc>Runs the given keyword with the given arguments, if ``condition`` is true.</doc>
<status status="PASS" start="2024-07-12T16:18:57.585105" elapsed="0.001079"/>
</kw>
<kw name="Run Keyword If" owner="BuiltIn">
<kw name="Should Be True" owner="BuiltIn">
<arg>${True}</arg>
<doc>Fails if the given condition is not true.</doc>
<status status="PASS" start="2024-07-12T16:18:57.587072" elapsed="0.000137"/>
</kw>
<arg>${json_data["results"][0]["location"]["coordinates"]["longitude"]} &gt;= -180 and ${json_data["results"][0]["location"]["coordinates"]["longitude"]} &lt;= 180</arg>
<arg>Should Be True</arg>
<arg>${True}</arg>
<doc>Runs the given keyword with the given arguments, if ``condition`` is true.</doc>
<status status="PASS" start="2024-07-12T16:18:57.586369" elapsed="0.000964"/>
</kw>
<status status="PASS" start="2024-07-12T16:18:57.458349" elapsed="0.129118"/>
</kw>
<doc>Testa o conteúdo específico dos campos retornados pela API.</doc>
<tag>testeConteudo</tag>
<status status="PASS" start="2024-07-12T16:18:57.457850" elapsed="0.129773"/>
</test>
<status status="PASS" start="2024-07-12T16:18:56.590139" elapsed="0.999461"/>
</suite>
<status status="PASS" start="2024-07-12T16:18:56.575825" elapsed="1.018988"/>
</suite>
<statistics>
<total>
<stat pass="5" fail="0" skip="0">All Tests</stat>
</total>
<tag>
<stat pass="1" fail="0" skip="0">testeConteudo</stat>
<stat pass="1" fail="0" skip="0">testeEstruturaResposta</stat>
<stat pass="1" fail="0" skip="0">testeRequisicaoBasica</stat>
<stat pass="1" fail="0" skip="0">testeTiposDados</stat>
</tag>
<suite>
<stat pass="5" fail="0" skip="0" id="s1" name="Tests">Tests</stat>
<stat pass="5" fail="0" skip="0" id="s1-s1" name="Random-User-Test">Tests.Random-User-Test</stat>
</suite>
</statistics>
<errors>
</errors>
</robot>
