<?xml version="1.0" encoding="UTF-8"?>
<robot generator="Robot 7.0 (Python 3.12.3 on linux)" generated="2024-05-05T16:16:46.472774" rpa="false" schemaversion="5">
<suite id="s1" name="Tests" source="/home/runner/work/DesafioQAItauRogerioJordao/DesafioQAItauRogerioJordao/RamdonUser/tests">
<suite id="s1-s1" name="Random-User-Test" source="/home/runner/work/DesafioQAItauRogerioJordao/DesafioQAItauRogerioJordao/RamdonUser/tests/random-user-test.robot">
<test id="s1-s1-t1" name="Conectar" line="13">
<kw name="Conectar API" owner="random-user-service">
<kw name="Create Session" owner="RequestsLibrary">
<msg time="2024-05-05T16:16:46.830216" level="INFO">Creating Session using : alias=consultarAPI, url=https://randomuser.me/, headers={},                     cookies={}, auth=None, timeout=None, proxies=None, verify=False,                     debug=0 </msg>
<arg>consultarAPI</arg>
<arg>${URL}</arg>
<doc>Create Session: create a HTTP session to a server</doc>
<status status="PASS" start="2024-05-05T16:16:46.830012" elapsed="0.000385"/>
</kw>
<status status="PASS" start="2024-05-05T16:16:46.829022" elapsed="0.001733"/>
</kw>
<status status="PASS" start="2024-05-05T16:16:46.828460" elapsed="0.002489"/>
</test>
<test id="s1-s1-t2" name="Validar retorno 200 e JSON Válido" line="16">
<kw name="Teste de Requisicao Basica" owner="random-user-service">
<kw name="GET On Session" owner="RequestsLibrary">
<msg time="2024-05-05T16:16:47.094570" level="INFO">GET Request : url=https://randomuser.me/api 
 path_url=/api 
 headers={'User-Agent': 'python-requests/2.31.0', 'Accept-Encoding': 'gzip, deflate', 'Accept': '*/*', 'Connection': 'keep-alive'} 
 body=None 
 </msg>
<msg time="2024-05-05T16:16:47.094738" level="INFO">GET Response : url=https://randomuser.me/api 
 status=200, reason=OK 
 headers={'Date': 'Sun, 05 May 2024 16:16:47 GMT', 'Content-Type': 'application/json; charset=utf-8', 'Transfer-Encoding': 'chunked', 'Connection': 'keep-alive', 'X-Powered-By': 'Express', 'Access-Control-Allow-Origin': '*', 'Cache-Control': 'no-cache', 'ETag': 'W/"479-h9jHC5rxOgR4kuE5V1ZBZnm7PPI"', 'Vary': 'Accept-Encoding', 'Content-Encoding': 'gzip', 'CF-Cache-Status': 'DYNAMIC', 'Report-To': '{"endpoints":[{"url":"https:\\/\\/a.nel.cloudflare.com\\/report\\/v4?s=pghablMhHmlZvZCTMOSbCXuC4O1gaXyVr%2B87JwDm%2F3buH9XbMrkwrz1bZyX%2BBvWJ2ffu3oIuDPjYSYCD0zG8EoxitRnYFQiSPISLrG1IwvwzVly9gDzyctSWr8Ih17hU"}],"group":"cf-nel","max_age":604800}', 'NEL': '{"success_fraction":0,"report_to":"cf-nel","max_age":604800}', 'Server': 'cloudflare', 'CF-RAY': '87f209760bc53b41-IAD', 'alt-svc': 'h3=":443"; ma=86400'} 
 body={"results":[{"gender":"female","name":{"title":"Mrs","first":"Ella","last":"Christiansen"},"location":{"street":{"number":830,"name":"Egeparken"},"city":"Ulsted, Hals","state":"Midtjylland","country":"Denmark","postcode":62780,"coordinates":{"latitude":"-40.7148","longitude":"139.2307"},"timezone":{"offset":"+4:30","description":"Kabul"}},"email":"ella.christiansen@example.com","login":{"uuid":"319a12e6-9757-49de-ae9a-3e74896cd66d","username":"redduck890","password":"magnolia","salt":"BtEK23A4","md5":"b8f392ad16827a3a787b88b406734f16","sha1":"f404827c367fc69a08ef46fb68b5885d1b652eaa","sha256":"0095c657599844a775bc9e38e7b923c802240bfbce455b81271c1e7a268798a0"},"dob":{"date":"1971-07-21T14:11:27.541Z","age":52},"registered":{"date":"2007-05-02T23:39:40.195Z","age":17},"phone":"64784386","cell":"74619855","id":{"name":"CPR","value":"210771-5623"},"picture":{"large":"https://randomuser.me/api/portraits/women/49.jpg","medium":"https://randomuser.me/api/portraits/med/women/49.jpg","thumbnail":"https://randomuser.me/api/portraits/thumb/women/49.jpg"},"nat":"DK"}],"info":{"seed":"1058be0cd57985bc","results":1,"page":1,"version":"1.4"}} 
 </msg>
<msg time="2024-05-05T16:16:47.094823" level="INFO">/opt/hostedtoolcache/Python/3.12.3/x64/lib/python3.12/site-packages/urllib3/connectionpool.py:1103: InsecureRequestWarning: Unverified HTTPS request is being made to host 'randomuser.me'. Adding certificate verification is strongly advised. See: https://urllib3.readthedocs.io/en/latest/advanced-usage.html#tls-warnings
  warnings.warn(</msg>
<msg time="2024-05-05T16:16:47.094992" level="INFO">${response} = &lt;Response [200]&gt;</msg>
<var>${response}</var>
<arg>consultarAPI</arg>
<arg>/api</arg>
<doc>Sends a GET request on a previously created HTTP Session.</doc>
<status status="PASS" start="2024-05-05T16:16:46.833611" elapsed="0.261416"/>
</kw>
<kw name="Should Be Equal As Numbers" owner="BuiltIn">
<msg time="2024-05-05T16:16:47.096080" level="INFO">Argument types are:
&lt;class 'int'&gt;
&lt;class 'str'&gt;</msg>
<arg>${response.status_code}</arg>
<arg>200</arg>
<doc>Fails if objects are unequal after converting them to real numbers.</doc>
<status status="PASS" start="2024-05-05T16:16:47.095560" elapsed="0.000593"/>
</kw>
<kw name="Log" owner="BuiltIn">
<msg time="2024-05-05T16:16:47.097085" level="INFO">200</msg>
<arg>${response.status_code}</arg>
<doc>Logs the given message with the given level.</doc>
<status status="PASS" start="2024-05-05T16:16:47.096620" elapsed="0.000512"/>
</kw>
<kw name="Set Variable" owner="BuiltIn">
<msg time="2024-05-05T16:16:47.097933" level="INFO">${json_data} = {'results': [{'gender': 'female', 'name': {'title': 'Mrs', 'first': 'Ella', 'last': 'Christiansen'}, 'location': {'street': {'number': 830, 'name': 'Egeparken'}, 'city': 'Ulsted, Hals', 'state': 'Midt...</msg>
<var>${json_data}</var>
<arg>${response.json()}</arg>
<doc>Returns the given values which can then be assigned to a variables.</doc>
<status status="PASS" start="2024-05-05T16:16:47.097473" elapsed="0.000489"/>
</kw>
<kw name="Dictionary Should Contain Key" owner="Collections">
<msg time="2024-05-05T16:16:47.098447" level="INFO">False</msg>
<arg>${json_data}</arg>
<arg>results</arg>
<doc>Fails if ``key`` is not found from ``dictionary``.</doc>
<status status="PASS" start="2024-05-05T16:16:47.098275" elapsed="0.000213"/>
</kw>
<status status="PASS" start="2024-05-05T16:16:46.833365" elapsed="0.265381"/>
</kw>
<doc>Testa se a API responde corretamente e retorna um objeto JSON válido.</doc>
<tag>testeRequisicaoBasica</tag>
<status status="PASS" start="2024-05-05T16:16:46.832911" elapsed="0.266023"/>
</test>
<test id="s1-s1-t3" name="Validar estrutura de resposta" line="22">
<kw name="Teste de Estrutura de Resposta" owner="random-user-service">
<kw name="GET On Session" owner="RequestsLibrary">
<msg time="2024-05-05T16:16:47.190722" level="INFO">GET Request : url=https://randomuser.me/api 
 path_url=/api 
 headers={'User-Agent': 'python-requests/2.31.0', 'Accept-Encoding': 'gzip, deflate', 'Accept': '*/*', 'Connection': 'keep-alive'} 
 body=None 
 </msg>
<msg time="2024-05-05T16:16:47.190836" level="INFO">GET Response : url=https://randomuser.me/api 
 status=200, reason=OK 
 headers={'Date': 'Sun, 05 May 2024 16:16:47 GMT', 'Content-Type': 'application/json; charset=utf-8', 'Transfer-Encoding': 'chunked', 'Connection': 'keep-alive', 'X-Powered-By': 'Express', 'Access-Control-Allow-Origin': '*', 'Cache-Control': 'no-cache', 'ETag': 'W/"47f-1wVv3zta4uf0JVQtB9lFNelnh2Y"', 'Vary': 'Accept-Encoding', 'Content-Encoding': 'gzip', 'CF-Cache-Status': 'DYNAMIC', 'Report-To': '{"endpoints":[{"url":"https:\\/\\/a.nel.cloudflare.com\\/report\\/v4?s=KPERFJEe1mb%2FKRT%2BlLJ3AWId2HGejNXXuI8PECGfBD9jW2EZpRN1aaVXA%2BafflUE%2Fvjg5NkKuJFOt6ne%2BZqpNzB1dIRaUacZyM05Mrl4LcCLdW140z9FCAM%2B1BRw7vVI"}],"group":"cf-nel","max_age":604800}', 'NEL': '{"success_fraction":0,"report_to":"cf-nel","max_age":604800}', 'Server': 'cloudflare', 'CF-RAY': '87f209766c483b41-IAD', 'alt-svc': 'h3=":443"; ma=86400'} 
 body={"results":[{"gender":"male","name":{"title":"Mr","first":"John","last":"Carmona"},"location":{"street":{"number":6219,"name":"Calle de Segovia"},"city":"Ferrol","state":"País Vasco","country":"Spain","postcode":81979,"coordinates":{"latitude":"-36.3114","longitude":"-64.5925"},"timezone":{"offset":"-11:00","description":"Midway Island, Samoa"}},"email":"john.carmona@example.com","login":{"uuid":"920994ec-7c67-4d79-bfd7-51b66980ed95","username":"ticklishkoala388","password":"wizard1","salt":"CXzDZDLE","md5":"9ccf348afb3881960e372c351c991503","sha1":"b9c74dc3138186762b49bddd31833d6d137731c1","sha256":"f387e1b3ab0863d0d1c692d842fd65221314234b7eb65bf4ad9952c8f6204f5b"},"dob":{"date":"1950-03-01T08:32:38.189Z","age":74},"registered":{"date":"2016-05-16T17:54:02.583Z","age":7},"phone":"946-508-853","cell":"617-299-973","id":{"name":"DNI","value":"42485248-B"},"picture":{"large":"https://randomuser.me/api/portraits/men/41.jpg","medium":"https://randomuser.me/api/portraits/med/men/41.jpg","thumbnail":"https://randomuser.me/api/portraits/thumb/men/41.jpg"},"nat":"ES"}],"info":{"seed":"e7dd9150cf4b4e4f","results":1,"page":1,"version":"1.4"}} 
 </msg>
<msg time="2024-05-05T16:16:47.190970" level="INFO">/opt/hostedtoolcache/Python/3.12.3/x64/lib/python3.12/site-packages/urllib3/connectionpool.py:1103: InsecureRequestWarning: Unverified HTTPS request is being made to host 'randomuser.me'. Adding certificate verification is strongly advised. See: https://urllib3.readthedocs.io/en/latest/advanced-usage.html#tls-warnings
  warnings.warn(</msg>
<msg time="2024-05-05T16:16:47.191115" level="INFO">${response} = &lt;Response [200]&gt;</msg>
<var>${response}</var>
<arg>consultarAPI</arg>
<arg>/api</arg>
<doc>Sends a GET request on a previously created HTTP Session.</doc>
<status status="PASS" start="2024-05-05T16:16:47.101667" elapsed="0.089490"/>
</kw>
<kw name="Set Variable" owner="BuiltIn">
<msg time="2024-05-05T16:16:47.192234" level="INFO">${json_data} = {'results': [{'gender': 'male', 'name': {'title': 'Mr', 'first': 'John', 'last': 'Carmona'}, 'location': {'street': {'number': 6219, 'name': 'Calle de Segovia'}, 'city': 'Ferrol', 'state': 'País Vasco...</msg>
<var>${json_data}</var>
<arg>${response.json()}</arg>
<doc>Returns the given values which can then be assigned to a variables.</doc>
<status status="PASS" start="2024-05-05T16:16:47.191658" elapsed="0.000605"/>
</kw>
<kw name="Log" owner="BuiltIn">
<msg time="2024-05-05T16:16:47.192747" level="INFO">{'results': [{'gender': 'male', 'name': {'title': 'Mr', 'first': 'John', 'last': 'Carmona'}, 'location': {'street': {'number': 6219, 'name': 'Calle de Segovia'}, 'city': 'Ferrol', 'state': 'País Vasco', 'country': 'Spain', 'postcode': 81979, 'coordinates': {'latitude': '-36.3114', 'longitude': '-64.5925'}, 'timezone': {'offset': '-11:00', 'description': 'Midway Island, Samoa'}}, 'email': 'john.carmona@example.com', 'login': {'uuid': '920994ec-7c67-4d79-bfd7-51b66980ed95', 'username': 'ticklishkoala388', 'password': 'wizard1', 'salt': 'CXzDZDLE', 'md5': '9ccf348afb3881960e372c351c991503', 'sha1': 'b9c74dc3138186762b49bddd31833d6d137731c1', 'sha256': 'f387e1b3ab0863d0d1c692d842fd65221314234b7eb65bf4ad9952c8f6204f5b'}, 'dob': {'date': '1950-03-01T08:32:38.189Z', 'age': 74}, 'registered': {'date': '2016-05-16T17:54:02.583Z', 'age': 7}, 'phone': '946-508-853', 'cell': '617-299-973', 'id': {'name': 'DNI', 'value': '42485248-B'}, 'picture': {'large': 'https://randomuser.me/api/portraits/men/41.jpg', 'medium': 'https://randomuser.me/api/portraits/med/men/41.jpg', 'thumbnail': 'https://randomuser.me/api/portraits/thumb/men/41.jpg'}, 'nat': 'ES'}], 'info': {'seed': 'e7dd9150cf4b4e4f', 'results': 1, 'page': 1, 'version': '1.4'}}</msg>
<arg>${json_data}</arg>
<doc>Logs the given message with the given level.</doc>
<status status="PASS" start="2024-05-05T16:16:47.192578" elapsed="0.000219"/>
</kw>
<kw name="Dictionary Should Contain Key" owner="Collections">
<msg time="2024-05-05T16:16:47.193256" level="INFO">False</msg>
<arg>${json_data}</arg>
<arg>results</arg>
<doc>Fails if ``key`` is not found from ``dictionary``.</doc>
<status status="PASS" start="2024-05-05T16:16:47.193100" elapsed="0.000193"/>
</kw>
<kw name="Should Not Be Empty" owner="BuiltIn">
<msg time="2024-05-05T16:16:47.193713" level="INFO">Length is 2.</msg>
<arg>${json_data}</arg>
<doc>Verifies that the given item is not empty.</doc>
<status status="PASS" start="2024-05-05T16:16:47.193579" elapsed="0.000172"/>
</kw>
<kw name="Create List" owner="BuiltIn">
<msg time="2024-05-05T16:16:47.194336" level="INFO">${expected_keys} = ['gender', 'name', 'location', 'email', 'login']</msg>
<var>${expected_keys}</var>
<arg>gender</arg>
<arg>name</arg>
<arg>location</arg>
<arg>email</arg>
<arg>login</arg>
<doc>Returns a list containing given items.</doc>
<status status="PASS" start="2024-05-05T16:16:47.194037" elapsed="0.000324"/>
</kw>
<for flavor="IN">
<iter>
<kw name="Dictionary Should Contain Key" owner="Collections">
<msg time="2024-05-05T16:16:47.195343" level="INFO">False</msg>
<arg>${json_data['results'][0]}</arg>
<arg>${key}</arg>
<doc>Fails if ``key`` is not found from ``dictionary``.</doc>
<status status="PASS" start="2024-05-05T16:16:47.194948" elapsed="0.000433"/>
</kw>
<kw name="Log" owner="BuiltIn">
<msg time="2024-05-05T16:16:47.196086" level="INFO">{'gender': 'male', 'name': {'title': 'Mr', 'first': 'John', 'last': 'Carmona'}, 'location': {'street': {'number': 6219, 'name': 'Calle de Segovia'}, 'city': 'Ferrol', 'state': 'País Vasco', 'country': 'Spain', 'postcode': 81979, 'coordinates': {'latitude': '-36.3114', 'longitude': '-64.5925'}, 'timezone': {'offset': '-11:00', 'description': 'Midway Island, Samoa'}}, 'email': 'john.carmona@example.com', 'login': {'uuid': '920994ec-7c67-4d79-bfd7-51b66980ed95', 'username': 'ticklishkoala388', 'password': 'wizard1', 'salt': 'CXzDZDLE', 'md5': '9ccf348afb3881960e372c351c991503', 'sha1': 'b9c74dc3138186762b49bddd31833d6d137731c1', 'sha256': 'f387e1b3ab0863d0d1c692d842fd65221314234b7eb65bf4ad9952c8f6204f5b'}, 'dob': {'date': '1950-03-01T08:32:38.189Z', 'age': 74}, 'registered': {'date': '2016-05-16T17:54:02.583Z', 'age': 7}, 'phone': '946-508-853', 'cell': '617-299-973', 'id': {'name': 'DNI', 'value': '42485248-B'}, 'picture': {'large': 'https://randomuser.me/api/portraits/men/41.jpg', 'medium': 'https://randomuser.me/api/portraits/med/men/41.jpg', 'thumbnail': 'https://randomuser.me/api/portraits/thumb/men/41.jpg'}, 'nat': 'ES'}</msg>
<arg>${json_data['results'][0]}</arg>
<doc>Logs the given message with the given level.</doc>
<status status="PASS" start="2024-05-05T16:16:47.195679" elapsed="0.000457"/>
</kw>
<kw name="Log" owner="BuiltIn">
<msg time="2024-05-05T16:16:47.196569" level="INFO">gender</msg>
<arg>${key}</arg>
<doc>Logs the given message with the given level.</doc>
<status status="PASS" start="2024-05-05T16:16:47.196442" elapsed="0.000164"/>
</kw>
<var name="${key}">gender</var>
<status status="PASS" start="2024-05-05T16:16:47.194813" elapsed="0.002004"/>
</iter>
<iter>
<kw name="Dictionary Should Contain Key" owner="Collections">
<msg time="2024-05-05T16:16:47.197503" level="INFO">False</msg>
<arg>${json_data['results'][0]}</arg>
<arg>${key}</arg>
<doc>Fails if ``key`` is not found from ``dictionary``.</doc>
<status status="PASS" start="2024-05-05T16:16:47.197116" elapsed="0.000425"/>
</kw>
<kw name="Log" owner="BuiltIn">
<msg time="2024-05-05T16:16:47.198237" level="INFO">{'gender': 'male', 'name': {'title': 'Mr', 'first': 'John', 'last': 'Carmona'}, 'location': {'street': {'number': 6219, 'name': 'Calle de Segovia'}, 'city': 'Ferrol', 'state': 'País Vasco', 'country': 'Spain', 'postcode': 81979, 'coordinates': {'latitude': '-36.3114', 'longitude': '-64.5925'}, 'timezone': {'offset': '-11:00', 'description': 'Midway Island, Samoa'}}, 'email': 'john.carmona@example.com', 'login': {'uuid': '920994ec-7c67-4d79-bfd7-51b66980ed95', 'username': 'ticklishkoala388', 'password': 'wizard1', 'salt': 'CXzDZDLE', 'md5': '9ccf348afb3881960e372c351c991503', 'sha1': 'b9c74dc3138186762b49bddd31833d6d137731c1', 'sha256': 'f387e1b3ab0863d0d1c692d842fd65221314234b7eb65bf4ad9952c8f6204f5b'}, 'dob': {'date': '1950-03-01T08:32:38.189Z', 'age': 74}, 'registered': {'date': '2016-05-16T17:54:02.583Z', 'age': 7}, 'phone': '946-508-853', 'cell': '617-299-973', 'id': {'name': 'DNI', 'value': '42485248-B'}, 'picture': {'large': 'https://randomuser.me/api/portraits/men/41.jpg', 'medium': 'https://randomuser.me/api/portraits/med/men/41.jpg', 'thumbnail': 'https://randomuser.me/api/portraits/thumb/men/41.jpg'}, 'nat': 'ES'}</msg>
<arg>${json_data['results'][0]}</arg>
<doc>Logs the given message with the given level.</doc>
<status status="PASS" start="2024-05-05T16:16:47.197873" elapsed="0.000412"/>
</kw>
<kw name="Log" owner="BuiltIn">
<msg time="2024-05-05T16:16:47.198709" level="INFO">name</msg>
<arg>${key}</arg>
<doc>Logs the given message with the given level.</doc>
<status status="PASS" start="2024-05-05T16:16:47.198582" elapsed="0.000165"/>
</kw>
<var name="${key}">name</var>
<status status="PASS" start="2024-05-05T16:16:47.197001" elapsed="0.001958"/>
</iter>
<iter>
<kw name="Dictionary Should Contain Key" owner="Collections">
<msg time="2024-05-05T16:16:47.199629" level="INFO">False</msg>
<arg>${json_data['results'][0]}</arg>
<arg>${key}</arg>
<doc>Fails if ``key`` is not found from ``dictionary``.</doc>
<status status="PASS" start="2024-05-05T16:16:47.199246" elapsed="0.000420"/>
</kw>
<kw name="Log" owner="BuiltIn">
<msg time="2024-05-05T16:16:47.200374" level="INFO">{'gender': 'male', 'name': {'title': 'Mr', 'first': 'John', 'last': 'Carmona'}, 'location': {'street': {'number': 6219, 'name': 'Calle de Segovia'}, 'city': 'Ferrol', 'state': 'País Vasco', 'country': 'Spain', 'postcode': 81979, 'coordinates': {'latitude': '-36.3114', 'longitude': '-64.5925'}, 'timezone': {'offset': '-11:00', 'description': 'Midway Island, Samoa'}}, 'email': 'john.carmona@example.com', 'login': {'uuid': '920994ec-7c67-4d79-bfd7-51b66980ed95', 'username': 'ticklishkoala388', 'password': 'wizard1', 'salt': 'CXzDZDLE', 'md5': '9ccf348afb3881960e372c351c991503', 'sha1': 'b9c74dc3138186762b49bddd31833d6d137731c1', 'sha256': 'f387e1b3ab0863d0d1c692d842fd65221314234b7eb65bf4ad9952c8f6204f5b'}, 'dob': {'date': '1950-03-01T08:32:38.189Z', 'age': 74}, 'registered': {'date': '2016-05-16T17:54:02.583Z', 'age': 7}, 'phone': '946-508-853', 'cell': '617-299-973', 'id': {'name': 'DNI', 'value': '42485248-B'}, 'picture': {'large': 'https://randomuser.me/api/portraits/men/41.jpg', 'medium': 'https://randomuser.me/api/portraits/med/men/41.jpg', 'thumbnail': 'https://randomuser.me/api/portraits/thumb/men/41.jpg'}, 'nat': 'ES'}</msg>
<arg>${json_data['results'][0]}</arg>
<doc>Logs the given message with the given level.</doc>
<status status="PASS" start="2024-05-05T16:16:47.200003" elapsed="0.000420"/>
</kw>
<kw name="Log" owner="BuiltIn">
<msg time="2024-05-05T16:16:47.200844" level="INFO">location</msg>
<arg>${key}</arg>
<doc>Logs the given message with the given level.</doc>
<status status="PASS" start="2024-05-05T16:16:47.200721" elapsed="0.000161"/>
</kw>
<var name="${key}">location</var>
<status status="PASS" start="2024-05-05T16:16:47.199135" elapsed="0.001958"/>
</iter>
<iter>
<kw name="Dictionary Should Contain Key" owner="Collections">
<msg time="2024-05-05T16:16:47.201753" level="INFO">False</msg>
<arg>${json_data['results'][0]}</arg>
<arg>${key}</arg>
<doc>Fails if ``key`` is not found from ``dictionary``.</doc>
<status status="PASS" start="2024-05-05T16:16:47.201373" elapsed="0.000416"/>
</kw>
<kw name="Log" owner="BuiltIn">
<msg time="2024-05-05T16:16:47.202449" level="INFO">{'gender': 'male', 'name': {'title': 'Mr', 'first': 'John', 'last': 'Carmona'}, 'location': {'street': {'number': 6219, 'name': 'Calle de Segovia'}, 'city': 'Ferrol', 'state': 'País Vasco', 'country': 'Spain', 'postcode': 81979, 'coordinates': {'latitude': '-36.3114', 'longitude': '-64.5925'}, 'timezone': {'offset': '-11:00', 'description': 'Midway Island, Samoa'}}, 'email': 'john.carmona@example.com', 'login': {'uuid': '920994ec-7c67-4d79-bfd7-51b66980ed95', 'username': 'ticklishkoala388', 'password': 'wizard1', 'salt': 'CXzDZDLE', 'md5': '9ccf348afb3881960e372c351c991503', 'sha1': 'b9c74dc3138186762b49bddd31833d6d137731c1', 'sha256': 'f387e1b3ab0863d0d1c692d842fd65221314234b7eb65bf4ad9952c8f6204f5b'}, 'dob': {'date': '1950-03-01T08:32:38.189Z', 'age': 74}, 'registered': {'date': '2016-05-16T17:54:02.583Z', 'age': 7}, 'phone': '946-508-853', 'cell': '617-299-973', 'id': {'name': 'DNI', 'value': '42485248-B'}, 'picture': {'large': 'https://randomuser.me/api/portraits/men/41.jpg', 'medium': 'https://randomuser.me/api/portraits/med/men/41.jpg', 'thumbnail': 'https://randomuser.me/api/portraits/thumb/men/41.jpg'}, 'nat': 'ES'}</msg>
<arg>${json_data['results'][0]}</arg>
<doc>Logs the given message with the given level.</doc>
<status status="PASS" start="2024-05-05T16:16:47.202082" elapsed="0.000416"/>
</kw>
<kw name="Log" owner="BuiltIn">
<msg time="2024-05-05T16:16:47.202920" level="INFO">email</msg>
<arg>${key}</arg>
<doc>Logs the given message with the given level.</doc>
<status status="PASS" start="2024-05-05T16:16:47.202794" elapsed="0.000162"/>
</kw>
<var name="${key}">email</var>
<status status="PASS" start="2024-05-05T16:16:47.201263" elapsed="0.001906"/>
</iter>
<iter>
<kw name="Dictionary Should Contain Key" owner="Collections">
<msg time="2024-05-05T16:16:47.203832" level="INFO">False</msg>
<arg>${json_data['results'][0]}</arg>
<arg>${key}</arg>
<doc>Fails if ``key`` is not found from ``dictionary``.</doc>
<status status="PASS" start="2024-05-05T16:16:47.203450" elapsed="0.000419"/>
</kw>
<kw name="Log" owner="BuiltIn">
<msg time="2024-05-05T16:16:47.204554" level="INFO">{'gender': 'male', 'name': {'title': 'Mr', 'first': 'John', 'last': 'Carmona'}, 'location': {'street': {'number': 6219, 'name': 'Calle de Segovia'}, 'city': 'Ferrol', 'state': 'País Vasco', 'country': 'Spain', 'postcode': 81979, 'coordinates': {'latitude': '-36.3114', 'longitude': '-64.5925'}, 'timezone': {'offset': '-11:00', 'description': 'Midway Island, Samoa'}}, 'email': 'john.carmona@example.com', 'login': {'uuid': '920994ec-7c67-4d79-bfd7-51b66980ed95', 'username': 'ticklishkoala388', 'password': 'wizard1', 'salt': 'CXzDZDLE', 'md5': '9ccf348afb3881960e372c351c991503', 'sha1': 'b9c74dc3138186762b49bddd31833d6d137731c1', 'sha256': 'f387e1b3ab0863d0d1c692d842fd65221314234b7eb65bf4ad9952c8f6204f5b'}, 'dob': {'date': '1950-03-01T08:32:38.189Z', 'age': 74}, 'registered': {'date': '2016-05-16T17:54:02.583Z', 'age': 7}, 'phone': '946-508-853', 'cell': '617-299-973', 'id': {'name': 'DNI', 'value': '42485248-B'}, 'picture': {'large': 'https://randomuser.me/api/portraits/men/41.jpg', 'medium': 'https://randomuser.me/api/portraits/med/men/41.jpg', 'thumbnail': 'https://randomuser.me/api/portraits/thumb/men/41.jpg'}, 'nat': 'ES'}</msg>
<arg>${json_data['results'][0]}</arg>
<doc>Logs the given message with the given level.</doc>
<status status="PASS" start="2024-05-05T16:16:47.204186" elapsed="0.000416"/>
</kw>
<kw name="Log" owner="BuiltIn">
<msg time="2024-05-05T16:16:47.205025" level="INFO">login</msg>
<arg>${key}</arg>
<doc>Logs the given message with the given level.</doc>
<status status="PASS" start="2024-05-05T16:16:47.204900" elapsed="0.000163"/>
</kw>
<var name="${key}">login</var>
<status status="PASS" start="2024-05-05T16:16:47.203340" elapsed="0.001939"/>
</iter>
<var>${key}</var>
<value>@{expected_keys}</value>
<status status="PASS" start="2024-05-05T16:16:47.194621" elapsed="0.010802"/>
</for>
<kw name="Create List" owner="BuiltIn">
<msg time="2024-05-05T16:16:47.205757" level="INFO">${expected_keysTwo} = ['username', 'password']</msg>
<var>${expected_keysTwo}</var>
<arg>username</arg>
<arg>password</arg>
<doc>Returns a list containing given items.</doc>
<status status="PASS" start="2024-05-05T16:16:47.205622" elapsed="0.000158"/>
</kw>
<for flavor="IN">
<iter>
<kw name="Dictionary Should Contain Key" owner="Collections">
<msg time="2024-05-05T16:16:47.206678" level="INFO">False</msg>
<arg>${json_data['results'][0]['login']}</arg>
<arg>${keyTwo}</arg>
<doc>Fails if ``key`` is not found from ``dictionary``.</doc>
<status status="PASS" start="2024-05-05T16:16:47.206286" elapsed="0.000430"/>
</kw>
<kw name="Dictionary Should Contain Key" owner="Collections">
<msg time="2024-05-05T16:16:47.207387" level="INFO">False</msg>
<arg>${json_data['results'][0]['login']}</arg>
<arg>${keyTwo}</arg>
<doc>Fails if ``key`` is not found from ``dictionary``.</doc>
<status status="PASS" start="2024-05-05T16:16:47.207012" elapsed="0.000413"/>
</kw>
<kw name="Log" owner="BuiltIn">
<msg time="2024-05-05T16:16:47.207843" level="INFO">username</msg>
<arg>${keyTwo}</arg>
<doc>Logs the given message with the given level.</doc>
<status status="PASS" start="2024-05-05T16:16:47.207717" elapsed="0.000169"/>
</kw>
<var name="${keyTwo}">username</var>
<status status="PASS" start="2024-05-05T16:16:47.206170" elapsed="0.001974"/>
</iter>
<iter>
<kw name="Dictionary Should Contain Key" owner="Collections">
<msg time="2024-05-05T16:16:47.208813" level="INFO">False</msg>
<arg>${json_data['results'][0]['login']}</arg>
<arg>${keyTwo}</arg>
<doc>Fails if ``key`` is not found from ``dictionary``.</doc>
<status status="PASS" start="2024-05-05T16:16:47.208426" elapsed="0.000425"/>
</kw>
<kw name="Dictionary Should Contain Key" owner="Collections">
<msg time="2024-05-05T16:16:47.209601" level="INFO">False</msg>
<arg>${json_data['results'][0]['login']}</arg>
<arg>${keyTwo}</arg>
<doc>Fails if ``key`` is not found from ``dictionary``.</doc>
<status status="PASS" start="2024-05-05T16:16:47.209142" elapsed="0.000498"/>
</kw>
<kw name="Log" owner="BuiltIn">
<msg time="2024-05-05T16:16:47.210062" level="INFO">password</msg>
<arg>${keyTwo}</arg>
<doc>Logs the given message with the given level.</doc>
<status status="PASS" start="2024-05-05T16:16:47.209934" elapsed="0.000165"/>
</kw>
<var name="${keyTwo}">password</var>
<status status="PASS" start="2024-05-05T16:16:47.208316" elapsed="0.001997"/>
</iter>
<var>${keyTwo}</var>
<value>@{expected_keysTwo}</value>
<status status="PASS" start="2024-05-05T16:16:47.206016" elapsed="0.004417"/>
</for>
<status status="PASS" start="2024-05-05T16:16:47.101421" elapsed="0.109153"/>
</kw>
<doc>Testa a estrutura da resposta da API.</doc>
<tag>testeEstruturaResposta</tag>
<status status="PASS" start="2024-05-05T16:16:47.100851" elapsed="0.109883"/>
</test>
<test id="s1-s1-t4" name="Validar tipos de dados" line="28">
<kw name="Teste de Tipos de Dados" owner="random-user-service">
<kw name="GET On Session" owner="RequestsLibrary">
<msg time="2024-05-05T16:16:47.324930" level="INFO">GET Request : url=https://randomuser.me/api 
 path_url=/api 
 headers={'User-Agent': 'python-requests/2.31.0', 'Accept-Encoding': 'gzip, deflate', 'Accept': '*/*', 'Connection': 'keep-alive'} 
 body=None 
 </msg>
<msg time="2024-05-05T16:16:47.325035" level="INFO">GET Response : url=https://randomuser.me/api 
 status=200, reason=OK 
 headers={'Date': 'Sun, 05 May 2024 16:16:47 GMT', 'Content-Type': 'application/json; charset=utf-8', 'Transfer-Encoding': 'chunked', 'Connection': 'keep-alive', 'X-Powered-By': 'Express', 'Access-Control-Allow-Origin': '*', 'Cache-Control': 'no-cache', 'ETag': 'W/"488-Ikhqsl+kG71q/uxGs8i/OOTnawc"', 'Vary': 'Accept-Encoding', 'Content-Encoding': 'gzip', 'CF-Cache-Status': 'DYNAMIC', 'Report-To': '{"endpoints":[{"url":"https:\\/\\/a.nel.cloudflare.com\\/report\\/v4?s=C4Omap%2Fu4DphJuejBAuVWQE1tcqt0bhPbI3kxDlW2pdvCV3bdXJcI2afuUzVUOIodx7XTffMwzok%2FjGbcYO9wmU3lCmc%2F6CU2KuRAZYjN4GP121kuVMnOhjPERuHSWWP"}],"group":"cf-nel","max_age":604800}', 'NEL': '{"success_fraction":0,"report_to":"cf-nel","max_age":604800}', 'Server': 'cloudflare', 'CF-RAY': '87f209771d293b41-IAD', 'alt-svc': 'h3=":443"; ma=86400'} 
 body={"results":[{"gender":"male","name":{"title":"Mr","first":"Vukašin","last":"Filipović"},"location":{"street":{"number":1025,"name":"Vojvode Mišića"},"city":"Bujanovac","state":"Nišava","country":"Serbia","postcode":63122,"coordinates":{"latitude":"63.1783","longitude":"-163.1683"},"timezone":{"offset":"+6:00","description":"Almaty, Dhaka, Colombo"}},"email":"vukasin.filipovic@example.com","login":{"uuid":"e2c1e269-d9b8-4c76-87be-98ed5424858e","username":"redtiger614","password":"johnson","salt":"ZMQHVDzV","md5":"d7cb12569776c5452abfddd5ee4bc3e5","sha1":"32dc42d5c4a4f02f70dc498600bad232bdc0306a","sha256":"f7e17d23201afdb9cc845df667ececdf5c365cfb49d86d106cbbbdcf14f0b253"},"dob":{"date":"1973-11-26T01:12:34.510Z","age":50},"registered":{"date":"2019-12-24T13:00:31.448Z","age":4},"phone":"022-1253-598","cell":"069-9927-053","id":{"name":"SID","value":"430813723"},"picture":{"large":"https://randomuser.me/api/portraits/men/85.jpg","medium":"https://randomuser.me/api/portraits/med/men/85.jpg","thumbnail":"https://randomuser.me/api/portraits/thumb/men/85.jpg"},"nat":"RS"}],"info":{"seed":"19053e8b8e49a723","results":1,"page":1,"version":"1.4"}} 
 </msg>
<msg time="2024-05-05T16:16:47.325118" level="INFO">/opt/hostedtoolcache/Python/3.12.3/x64/lib/python3.12/site-packages/urllib3/connectionpool.py:1103: InsecureRequestWarning: Unverified HTTPS request is being made to host 'randomuser.me'. Adding certificate verification is strongly advised. See: https://urllib3.readthedocs.io/en/latest/advanced-usage.html#tls-warnings
  warnings.warn(</msg>
<msg time="2024-05-05T16:16:47.325246" level="INFO">${response} = &lt;Response [200]&gt;</msg>
<var>${response}</var>
<arg>consultarAPI</arg>
<arg>/api</arg>
<doc>Sends a GET request on a previously created HTTP Session.</doc>
<status status="PASS" start="2024-05-05T16:16:47.213259" elapsed="0.112031"/>
</kw>
<kw name="Set Variable" owner="BuiltIn">
<msg time="2024-05-05T16:16:47.326259" level="INFO">${json_data} = {'results': [{'gender': 'male', 'name': {'title': 'Mr', 'first': 'Vukašin', 'last': 'Filipović'}, 'location': {'street': {'number': 1025, 'name': 'Vojvode Mišića'}, 'city': 'Bujanovac', 'state': 'Niša...</msg>
<var>${json_data}</var>
<arg>${response.json()}</arg>
<doc>Returns the given values which can then be assigned to a variables.</doc>
<status status="PASS" start="2024-05-05T16:16:47.325737" elapsed="0.000554"/>
</kw>
<kw name="Log" owner="BuiltIn">
<msg time="2024-05-05T16:16:47.326758" level="INFO">{'results': [{'gender': 'male', 'name': {'title': 'Mr', 'first': 'Vukašin', 'last': 'Filipović'}, 'location': {'street': {'number': 1025, 'name': 'Vojvode Mišića'}, 'city': 'Bujanovac', 'state': 'Nišava', 'country': 'Serbia', 'postcode': 63122, 'coordinates': {'latitude': '63.1783', 'longitude': '-163.1683'}, 'timezone': {'offset': '+6:00', 'description': 'Almaty, Dhaka, Colombo'}}, 'email': 'vukasin.filipovic@example.com', 'login': {'uuid': 'e2c1e269-d9b8-4c76-87be-98ed5424858e', 'username': 'redtiger614', 'password': 'johnson', 'salt': 'ZMQHVDzV', 'md5': 'd7cb12569776c5452abfddd5ee4bc3e5', 'sha1': '32dc42d5c4a4f02f70dc498600bad232bdc0306a', 'sha256': 'f7e17d23201afdb9cc845df667ececdf5c365cfb49d86d106cbbbdcf14f0b253'}, 'dob': {'date': '1973-11-26T01:12:34.510Z', 'age': 50}, 'registered': {'date': '2019-12-24T13:00:31.448Z', 'age': 4}, 'phone': '022-1253-598', 'cell': '069-9927-053', 'id': {'name': 'SID', 'value': '430813723'}, 'picture': {'large': 'https://randomuser.me/api/portraits/men/85.jpg', 'medium': 'https://randomuser.me/api/portraits/med/men/85.jpg', 'thumbnail': 'https://randomuser.me/api/portraits/thumb/men/85.jpg'}, 'nat': 'RS'}], 'info': {'seed': '19053e8b8e49a723', 'results': 1, 'page': 1, 'version': '1.4'}}</msg>
<arg>${json_data}</arg>
<doc>Logs the given message with the given level.</doc>
<status status="PASS" start="2024-05-05T16:16:47.326599" elapsed="0.000244"/>
</kw>
<kw name="Should Be String" owner="String">
<arg>${json_data['results'][0]['gender']}</arg>
<doc>Fails if the given ``item`` is not a string.</doc>
<status status="PASS" start="2024-05-05T16:16:47.327142" elapsed="0.000372"/>
</kw>
<kw name="Should Match Regexp" owner="BuiltIn">
<arg>${json_data['results'][0]['email']}</arg>
<arg>^[a-zA-Z0-9._%+-]+@[a-zA-Z0-9.-]+\.[a-zA-Z]{2,}$</arg>
<doc>Fails if ``string`` does not match ``pattern`` as a regular expression.</doc>
<status status="PASS" start="2024-05-05T16:16:47.327710" elapsed="0.000569"/>
</kw>
<kw name="Should Match Regexp" owner="BuiltIn">
<arg>${json_data['results'][0]['dob']['date']}</arg>
<arg>\\d{4}-\\d{2}-\\d{2}T\\d{2}:\\d{2}:\\d{2}\\.\\d{3}Z</arg>
<doc>Fails if ``string`` does not match ``pattern`` as a regular expression.</doc>
<status status="PASS" start="2024-05-05T16:16:47.328476" elapsed="0.000509"/>
</kw>
<kw name="Should Match Regexp" owner="BuiltIn">
<arg>${json_data['results'][0]['registered']['date']}</arg>
<arg>\\d{4}-\\d{2}-\\d{2}T\\d{2}:\\d{2}:\\d{2}\\.\\d{3}Z</arg>
<doc>Fails if ``string`` does not match ``pattern`` as a regular expression.</doc>
<status status="PASS" start="2024-05-05T16:16:47.329175" elapsed="0.000368"/>
</kw>
<kw name="Should Match Regexp" owner="BuiltIn">
<arg>${json_data['results'][0]['picture']['large']}</arg>
<arg>^https?://.*\.(?:png|jpe?g|gif|bmp)$</arg>
<doc>Fails if ``string`` does not match ``pattern`` as a regular expression.</doc>
<status status="PASS" start="2024-05-05T16:16:47.329731" elapsed="0.000464"/>
</kw>
<kw name="Should Match Regexp" owner="BuiltIn">
<arg>${json_data['results'][0]['picture']['medium']}</arg>
<arg>^https?://.*\.(?:png|jpe?g|gif|bmp)$</arg>
<doc>Fails if ``string`` does not match ``pattern`` as a regular expression.</doc>
<status status="PASS" start="2024-05-05T16:16:47.330385" elapsed="0.000383"/>
</kw>
<kw name="Should Match Regexp" owner="BuiltIn">
<arg>${json_data['results'][0]['picture']['thumbnail']}</arg>
<arg>^https?://.*\.(?:png|jpe?g|gif|bmp)$</arg>
<doc>Fails if ``string`` does not match ``pattern`` as a regular expression.</doc>
<status status="PASS" start="2024-05-05T16:16:47.330963" elapsed="0.000355"/>
</kw>
<kw name="Log" owner="BuiltIn">
<msg time="2024-05-05T16:16:47.331834" level="INFO">{'large': 'https://randomuser.me/api/portraits/men/85.jpg', 'medium': 'https://randomuser.me/api/portraits/med/men/85.jpg', 'thumbnail': 'https://randomuser.me/api/portraits/thumb/men/85.jpg'}</msg>
<arg>${json_data['results'][0]['picture']}</arg>
<doc>Logs the given message with the given level.</doc>
<status status="PASS" start="2024-05-05T16:16:47.331498" elapsed="0.000378"/>
</kw>
<status status="PASS" start="2024-05-05T16:16:47.213029" elapsed="0.119132"/>
</kw>
<kw name="Teste de Tipos de Dados - Postcode" owner="random-user-service">
<kw name="GET On Session" owner="RequestsLibrary">
<msg time="2024-05-05T16:16:47.417463" level="INFO">GET Request : url=https://randomuser.me/api 
 path_url=/api 
 headers={'User-Agent': 'python-requests/2.31.0', 'Accept-Encoding': 'gzip, deflate', 'Accept': '*/*', 'Connection': 'keep-alive'} 
 body=None 
 </msg>
<msg time="2024-05-05T16:16:47.417544" level="INFO">GET Response : url=https://randomuser.me/api 
 status=200, reason=OK 
 headers={'Date': 'Sun, 05 May 2024 16:16:47 GMT', 'Content-Type': 'application/json; charset=utf-8', 'Transfer-Encoding': 'chunked', 'Connection': 'keep-alive', 'X-Powered-By': 'Express', 'Access-Control-Allow-Origin': '*', 'Cache-Control': 'no-cache', 'ETag': 'W/"49a-wSnsSrbgklCuY6Uc8dSbYdvQBo8"', 'Vary': 'Accept-Encoding', 'Content-Encoding': 'gzip', 'CF-Cache-Status': 'DYNAMIC', 'Report-To': '{"endpoints":[{"url":"https:\\/\\/a.nel.cloudflare.com\\/report\\/v4?s=Kmx4azoTpPwS8jV%2B05mXyg3OezQolyOAAyPvolMxHoMFYguGI83WTDbuLcYrhYt0pmowuGQBwqDTyJT7%2ByRR3ohfRWBOL53iPk5wjhQDm56AXi4U0HsabZsOXWXIuozp"}],"group":"cf-nel","max_age":604800}', 'NEL': '{"success_fraction":0,"report_to":"cf-nel","max_age":604800}', 'Server': 'cloudflare', 'CF-RAY': '87f20977de083b41-IAD', 'alt-svc': 'h3=":443"; ma=86400'} 
 body={"results":[{"gender":"male","name":{"title":"Mr","first":"Rubén","last":"Granados"},"location":{"street":{"number":9132,"name":"Prolongación Norte Coronado"},"city":"Canalejas","state":"Ciudad de Mexico","country":"Mexico","postcode":20623,"coordinates":{"latitude":"28.8805","longitude":"-177.4883"},"timezone":{"offset":"-3:30","description":"Newfoundland"}},"email":"ruben.granados@example.com","login":{"uuid":"d65ee131-79cb-42f4-bc90-c057f31b230b","username":"organicbear777","password":"samurai","salt":"BLXTk0q0","md5":"151480bedf0effc36ee559f6b5ef0ae7","sha1":"c62e11a1ac3bf3368357ab1b9084be927d059c06","sha256":"a95b7b96010e24324265c2ced50a972f4198912234a2804b975edadf962ca2f2"},"dob":{"date":"1944-12-11T15:58:12.963Z","age":79},"registered":{"date":"2008-11-29T03:33:12.350Z","age":15},"phone":"(692) 071 1074","cell":"(692) 372 2923","id":{"name":"NSS","value":"80 32 78 0586 0"},"picture":{"large":"https://randomuser.me/api/portraits/men/45.jpg","medium":"https://randomuser.me/api/portraits/med/men/45.jpg","thumbnail":"https://randomuser.me/api/portraits/thumb/men/45.jpg"},"nat":"MX"}],"info":{"seed":"67126385fa0e7e24","results":1,"page":1,"version":"1.4"}} 
 </msg>
<msg time="2024-05-05T16:16:47.417611" level="INFO">/opt/hostedtoolcache/Python/3.12.3/x64/lib/python3.12/site-packages/urllib3/connectionpool.py:1103: InsecureRequestWarning: Unverified HTTPS request is being made to host 'randomuser.me'. Adding certificate verification is strongly advised. See: https://urllib3.readthedocs.io/en/latest/advanced-usage.html#tls-warnings
  warnings.warn(</msg>
<msg time="2024-05-05T16:16:47.417734" level="INFO">${response} = &lt;Response [200]&gt;</msg>
<var>${response}</var>
<arg>consultarAPI</arg>
<arg>/api</arg>
<doc>Sends a GET request on a previously created HTTP Session.</doc>
<status status="PASS" start="2024-05-05T16:16:47.332618" elapsed="0.085156"/>
</kw>
<kw name="Set Variable" owner="BuiltIn">
<msg time="2024-05-05T16:16:47.418751" level="INFO">${json_data} = {'results': [{'gender': 'male', 'name': {'title': 'Mr', 'first': 'Rubén', 'last': 'Granados'}, 'location': {'street': {'number': 9132, 'name': 'Prolongación Norte Coronado'}, 'city': 'Canalejas', 'sta...</msg>
<var>${json_data}</var>
<arg>${response.json()}</arg>
<doc>Returns the given values which can then be assigned to a variables.</doc>
<status status="PASS" start="2024-05-05T16:16:47.418247" elapsed="0.000533"/>
</kw>
<kw name="Log" owner="BuiltIn">
<msg time="2024-05-05T16:16:47.419242" level="INFO">{'results': [{'gender': 'male', 'name': {'title': 'Mr', 'first': 'Rubén', 'last': 'Granados'}, 'location': {'street': {'number': 9132, 'name': 'Prolongación Norte Coronado'}, 'city': 'Canalejas', 'state': 'Ciudad de Mexico', 'country': 'Mexico', 'postcode': 20623, 'coordinates': {'latitude': '28.8805', 'longitude': '-177.4883'}, 'timezone': {'offset': '-3:30', 'description': 'Newfoundland'}}, 'email': 'ruben.granados@example.com', 'login': {'uuid': 'd65ee131-79cb-42f4-bc90-c057f31b230b', 'username': 'organicbear777', 'password': 'samurai', 'salt': 'BLXTk0q0', 'md5': '151480bedf0effc36ee559f6b5ef0ae7', 'sha1': 'c62e11a1ac3bf3368357ab1b9084be927d059c06', 'sha256': 'a95b7b96010e24324265c2ced50a972f4198912234a2804b975edadf962ca2f2'}, 'dob': {'date': '1944-12-11T15:58:12.963Z', 'age': 79}, 'registered': {'date': '2008-11-29T03:33:12.350Z', 'age': 15}, 'phone': '(692) 071 1074', 'cell': '(692) 372 2923', 'id': {'name': 'NSS', 'value': '80 32 78 0586 0'}, 'picture': {'large': 'https://randomuser.me/api/portraits/men/45.jpg', 'medium': 'https://randomuser.me/api/portraits/med/men/45.jpg', 'thumbnail': 'https://randomuser.me/api/portraits/thumb/men/45.jpg'}, 'nat': 'MX'}], 'info': {'seed': '67126385fa0e7e24', 'results': 1, 'page': 1, 'version': '1.4'}}</msg>
<arg>${json_data}</arg>
<doc>Logs the given message with the given level.</doc>
<status status="PASS" start="2024-05-05T16:16:47.419080" elapsed="0.000245"/>
</kw>
<kw name="Should Be Equal As Numbers" owner="BuiltIn">
<arg>${json_data['results'][0]['location']['postcode']}</arg>
<arg>${json_data['results'][0]['location']['postcode']}</arg>
<doc>Fails if objects are unequal after converting them to real numbers.</doc>
<status status="PASS" start="2024-05-05T16:16:47.419627" elapsed="0.000827"/>
</kw>
<kw name="Log" owner="BuiltIn">
<msg time="2024-05-05T16:16:47.420984" level="INFO">20623</msg>
<arg>${json_data['results'][0]['location']['postcode']}</arg>
<doc>Logs the given message with the given level.</doc>
<status status="PASS" start="2024-05-05T16:16:47.420648" elapsed="0.000376"/>
</kw>
<status status="PASS" start="2024-05-05T16:16:47.332389" elapsed="0.088889"/>
</kw>
<doc>Testa se os tipos de dados na resposta da API estão corretos.</doc>
<tag>testeTiposDados</tag>
<status status="PASS" start="2024-05-05T16:16:47.212569" elapsed="0.208873"/>
</test>
<test id="s1-s1-t5" name="Validar conteudo" line="35">
<kw name="Teste de Tipos de Conteudo" owner="random-user-service">
<kw name="GET On Session" owner="RequestsLibrary">
<msg time="2024-05-05T16:16:47.515731" level="INFO">GET Request : url=https://randomuser.me/api 
 path_url=/api 
 headers={'User-Agent': 'python-requests/2.31.0', 'Accept-Encoding': 'gzip, deflate', 'Accept': '*/*', 'Connection': 'keep-alive'} 
 body=None 
 </msg>
<msg time="2024-05-05T16:16:47.515825" level="INFO">GET Response : url=https://randomuser.me/api 
 status=200, reason=OK 
 headers={'Date': 'Sun, 05 May 2024 16:16:47 GMT', 'Content-Type': 'application/json; charset=utf-8', 'Transfer-Encoding': 'chunked', 'Connection': 'keep-alive', 'X-Powered-By': 'Express', 'Access-Control-Allow-Origin': '*', 'Cache-Control': 'no-cache', 'ETag': 'W/"48e-qD6zH2yiUGjAHefaU7tFEwdxnL0"', 'Vary': 'Accept-Encoding', 'Content-Encoding': 'gzip', 'CF-Cache-Status': 'DYNAMIC', 'Report-To': '{"endpoints":[{"url":"https:\\/\\/a.nel.cloudflare.com\\/report\\/v4?s=fh8Sa2p6zmGz2Px8TktyUN22omCm00%2Bg5%2Fy7vKqOgz6mboi9Lu3cS2AGnrd%2BTSj39U%2Bv3qv%2F5k3AD%2BHeHN%2FCDkhPde7xsXLoq2mynFRzVmnNxkFRumDc7rfZYamQn94f"}],"group":"cf-nel","max_age":604800}', 'NEL': '{"success_fraction":0,"report_to":"cf-nel","max_age":604800}', 'Server': 'cloudflare', 'CF-RAY': '87f209786eb53b41-IAD', 'alt-svc': 'h3=":443"; ma=86400'} 
 body={"results":[{"gender":"female","name":{"title":"Ms","first":"Leposava","last":"Peković"},"location":{"street":{"number":8498,"name":"Slavka Milićevića"},"city":"Mali Iđoš","state":"Prizren","country":"Serbia","postcode":86804,"coordinates":{"latitude":"61.3934","longitude":"115.5554"},"timezone":{"offset":"-12:00","description":"Eniwetok, Kwajalein"}},"email":"leposava.pekovic@example.com","login":{"uuid":"68c0dc79-d36c-498b-a14c-2fb5f9dbb3ca","username":"silverdog980","password":"crew","salt":"mBUJIT6h","md5":"525d99a64d40f646e2faf174c95d0149","sha1":"b692316ed86ef90a8ed20b2d170e80d518f58110","sha256":"281393e01e60d61742b2950dc1ad71a96524c0fe44c18267181801d4adf7c1d3"},"dob":{"date":"1983-10-26T18:08:30.425Z","age":40},"registered":{"date":"2009-09-12T14:03:16.244Z","age":14},"phone":"028-7727-668","cell":"067-3039-524","id":{"name":"SID","value":"628550558"},"picture":{"large":"https://randomuser.me/api/portraits/women/96.jpg","medium":"https://randomuser.me/api/portraits/med/women/96.jpg","thumbnail":"https://randomuser.me/api/portraits/thumb/women/96.jpg"},"nat":"RS"}],"info":{"seed":"8c4789cecd96e0a6","results":1,"page":1,"version":"1.4"}} 
 </msg>
<msg time="2024-05-05T16:16:47.515897" level="INFO">/opt/hostedtoolcache/Python/3.12.3/x64/lib/python3.12/site-packages/urllib3/connectionpool.py:1103: InsecureRequestWarning: Unverified HTTPS request is being made to host 'randomuser.me'. Adding certificate verification is strongly advised. See: https://urllib3.readthedocs.io/en/latest/advanced-usage.html#tls-warnings
  warnings.warn(</msg>
<msg time="2024-05-05T16:16:47.516039" level="INFO">${response} = &lt;Response [200]&gt;</msg>
<var>${response}</var>
<arg>consultarAPI</arg>
<arg>/api</arg>
<doc>Sends a GET request on a previously created HTTP Session.</doc>
<status status="PASS" start="2024-05-05T16:16:47.423952" elapsed="0.092114"/>
</kw>
<kw name="Set Variable" owner="BuiltIn">
<msg time="2024-05-05T16:16:47.517130" level="INFO">${json_data} = {'results': [{'gender': 'female', 'name': {'title': 'Ms', 'first': 'Leposava', 'last': 'Peković'}, 'location': {'street': {'number': 8498, 'name': 'Slavka Milićevića'}, 'city': 'Mali Iđoš', 'state': '...</msg>
<var>${json_data}</var>
<arg>${response.json()}</arg>
<doc>Returns the given values which can then be assigned to a variables.</doc>
<status status="PASS" start="2024-05-05T16:16:47.516591" elapsed="0.000570"/>
</kw>
<kw name="Set Variable" owner="BuiltIn">
<msg time="2024-05-05T16:16:47.517856" level="INFO">${name_title} = Ms</msg>
<var>${name_title}</var>
<arg>${json_data["results"][0]["name"]["title"]}</arg>
<doc>Returns the given values which can then be assigned to a variables.</doc>
<status status="PASS" start="2024-05-05T16:16:47.517469" elapsed="0.000412"/>
</kw>
<kw name="Create List" owner="BuiltIn">
<msg time="2024-05-05T16:16:47.518332" level="INFO">${allowed_titles} = ['Mr', 'Ms', 'Miss', 'Mrs', 'Madame', 'Monsieur']</msg>
<var>${allowed_titles}</var>
<arg>Mr</arg>
<arg>Ms</arg>
<arg>Miss</arg>
<arg>Mrs</arg>
<arg>Madame</arg>
<arg>Monsieur</arg>
<doc>Returns a list containing given items.</doc>
<status status="PASS" start="2024-05-05T16:16:47.518183" elapsed="0.000174"/>
</kw>
<kw name="List Should Contain Value" owner="Collections">
<msg time="2024-05-05T16:16:47.518825" level="INFO">False</msg>
<arg>${allowed_titles}</arg>
<arg>${name_title}</arg>
<doc>Fails if the ``value`` is not found from ``list``.</doc>
<status status="PASS" start="2024-05-05T16:16:47.518653" elapsed="0.000209"/>
</kw>
<kw name="Set Variable" owner="BuiltIn">
<msg time="2024-05-05T16:16:47.519534" level="INFO">${name_country} = RS</msg>
<var>${name_country}</var>
<arg>${json_data["results"][0]["nat"]}</arg>
<doc>Returns the given values which can then be assigned to a variables.</doc>
<status status="PASS" start="2024-05-05T16:16:47.519159" elapsed="0.000400"/>
</kw>
<kw name="Create List" owner="BuiltIn">
<msg time="2024-05-05T16:16:47.520486" level="INFO">${list_country} = ['AD', 'AE', 'AF', 'AG', 'AI', 'AL', 'AM', 'AO', 'AQ', 'AR', 'AS', 'AT', 'AU', 'AW', 'AX', 'AZ', 'BA', 'BB', 'BD', 'BE', 'BF', 'BG', 'BH', 'BI', 'BJ', 'BL', 'BM', 'BN', 'BO', 'BQ', 'BR', 'BS', 'BT', '...</msg>
<var>${list_country}</var>
<arg>AD</arg>
<arg>AE</arg>
<arg>AF</arg>
<arg>AG</arg>
<arg>AI</arg>
<arg>AL</arg>
<arg>AM</arg>
<arg>AO</arg>
<arg>AQ</arg>
<arg>AR</arg>
<arg>AS</arg>
<arg>AT</arg>
<arg>AU</arg>
<arg>AW</arg>
<arg>AX</arg>
<arg>AZ</arg>
<arg>BA</arg>
<arg>BB</arg>
<arg>BD</arg>
<arg>BE</arg>
<arg>BF</arg>
<arg>BG</arg>
<arg>BH</arg>
<arg>BI</arg>
<arg>BJ</arg>
<arg>BL</arg>
<arg>BM</arg>
<arg>BN</arg>
<arg>BO</arg>
<arg>BQ</arg>
<arg>BR</arg>
<arg>BS</arg>
<arg>BT</arg>
<arg>BV</arg>
<arg>BW</arg>
<arg>BY</arg>
<arg>BZ</arg>
<arg>CA</arg>
<arg>CC</arg>
<arg>CD</arg>
<arg>CF</arg>
<arg>CG</arg>
<arg>CH</arg>
<arg>CI</arg>
<arg>CK</arg>
<arg>CL</arg>
<arg>CM</arg>
<arg>CN</arg>
<arg>CO</arg>
<arg>CR</arg>
<arg>CU</arg>
<arg>CV</arg>
<arg>CW</arg>
<arg>CX</arg>
<arg>CY</arg>
<arg>CZ</arg>
<arg>DE</arg>
<arg>DJ</arg>
<arg>DK</arg>
<arg>DM</arg>
<arg>DO</arg>
<arg>DZ</arg>
<arg>EC</arg>
<arg>EE</arg>
<arg>EG</arg>
<arg>EH</arg>
<arg>ER</arg>
<arg>ES</arg>
<arg>ET</arg>
<arg>FI</arg>
<arg>FJ</arg>
<arg>FK</arg>
<arg>FM</arg>
<arg>FO</arg>
<arg>FR</arg>
<arg>GA</arg>
<arg>GB</arg>
<arg>GD</arg>
<arg>GE</arg>
<arg>GF</arg>
<arg>GG</arg>
<arg>GH</arg>
<arg>GI</arg>
<arg>GL</arg>
<arg>GM</arg>
<arg>GN</arg>
<arg>GP</arg>
<arg>GQ</arg>
<arg>GR</arg>
<arg>GS</arg>
<arg>GT</arg>
<arg>GU</arg>
<arg>GW</arg>
<arg>GY</arg>
<arg>HK</arg>
<arg>HM</arg>
<arg>HN</arg>
<arg>HR</arg>
<arg>HT</arg>
<arg>HU</arg>
<arg>ID</arg>
<arg>IE</arg>
<arg>IL</arg>
<arg>IM</arg>
<arg>IN</arg>
<arg>IO</arg>
<arg>IQ</arg>
<arg>IR</arg>
<arg>IS</arg>
<arg>IT</arg>
<arg>JE</arg>
<arg>JM</arg>
<arg>JO</arg>
<arg>JP</arg>
<arg>KE</arg>
<arg>KG</arg>
<arg>KH</arg>
<arg>KI</arg>
<arg>KM</arg>
<arg>KN</arg>
<arg>KP</arg>
<arg>KR</arg>
<arg>KW</arg>
<arg>KY</arg>
<arg>KZ</arg>
<arg>LA</arg>
<arg>LB</arg>
<arg>LC</arg>
<arg>LI</arg>
<arg>LK</arg>
<arg>LR</arg>
<arg>LS</arg>
<arg>LT</arg>
<arg>LU</arg>
<arg>LV</arg>
<arg>LY</arg>
<arg>MA</arg>
<arg>MC</arg>
<arg>MD</arg>
<arg>ME</arg>
<arg>MF</arg>
<arg>MG</arg>
<arg>MH</arg>
<arg>MK</arg>
<arg>ML</arg>
<arg>MM</arg>
<arg>MN</arg>
<arg>MO</arg>
<arg>MP</arg>
<arg>MQ</arg>
<arg>MR</arg>
<arg>MS</arg>
<arg>MT</arg>
<arg>MU</arg>
<arg>MV</arg>
<arg>MW</arg>
<arg>MX</arg>
<arg>MY</arg>
<arg>MZ</arg>
<arg>NA</arg>
<arg>NC</arg>
<arg>NE</arg>
<arg>NF</arg>
<arg>NG</arg>
<arg>NI</arg>
<arg>NL</arg>
<arg>NO</arg>
<arg>NP</arg>
<arg>NR</arg>
<arg>NU</arg>
<arg>NZ</arg>
<arg>OM</arg>
<arg>PA</arg>
<arg>PE</arg>
<arg>PF</arg>
<arg>PG</arg>
<arg>PH</arg>
<arg>PK</arg>
<arg>PL</arg>
<arg>PM</arg>
<arg>PN</arg>
<arg>PR</arg>
<arg>PS</arg>
<arg>PT</arg>
<arg>PW</arg>
<arg>PY</arg>
<arg>QA</arg>
<arg>RE</arg>
<arg>RO</arg>
<arg>RS</arg>
<arg>RU</arg>
<arg>RW</arg>
<arg>SA</arg>
<arg>SB</arg>
<arg>SC</arg>
<arg>SD</arg>
<arg>SE</arg>
<arg>SG</arg>
<arg>SH</arg>
<arg>SI</arg>
<arg>SJ</arg>
<arg>SK</arg>
<arg>SL</arg>
<arg>SM</arg>
<arg>SN</arg>
<arg>SO</arg>
<arg>SR</arg>
<arg>SS</arg>
<arg>ST</arg>
<arg>SV</arg>
<arg>SX</arg>
<arg>SY</arg>
<arg>SZ</arg>
<arg>TC</arg>
<arg>TD</arg>
<arg>TF</arg>
<arg>TG</arg>
<arg>TH</arg>
<arg>TJ</arg>
<arg>TK</arg>
<arg>TL</arg>
<arg>TM</arg>
<arg>TN</arg>
<arg>TO</arg>
<arg>TR</arg>
<arg>TT</arg>
<arg>TV</arg>
<arg>TW</arg>
<arg>TZ</arg>
<arg>UA</arg>
<arg>UG</arg>
<arg>UM</arg>
<arg>US</arg>
<arg>UY</arg>
<arg>UZ</arg>
<arg>VA</arg>
<arg>VC</arg>
<arg>VE</arg>
<arg>VG</arg>
<arg>VI</arg>
<arg>VN</arg>
<arg>VU</arg>
<arg>WF</arg>
<arg>WS</arg>
<arg>XK</arg>
<arg>YE</arg>
<arg>YT</arg>
<arg>ZA</arg>
<arg>ZM</arg>
<arg>ZW</arg>
<doc>Returns a list containing given items.</doc>
<status status="PASS" start="2024-05-05T16:16:47.519854" elapsed="0.000659"/>
</kw>
<kw name="List Should Contain Value" owner="Collections">
<msg time="2024-05-05T16:16:47.521505" level="INFO">False</msg>
<arg>${list_country}</arg>
<arg>${name_country}</arg>
<doc>Fails if the ``value`` is not found from ``list``.</doc>
<status status="PASS" start="2024-05-05T16:16:47.521304" elapsed="0.000238"/>
</kw>
<kw name="Run Keyword If" owner="BuiltIn">
<kw name="Should Be True" owner="BuiltIn">
<arg>${True}</arg>
<doc>Fails if the given condition is not true.</doc>
<status status="PASS" start="2024-05-05T16:16:47.522611" elapsed="0.000142"/>
</kw>
<arg>${json_data["results"][0]["location"]["coordinates"]["latitude"]} &gt;= -90 and ${json_data["results"][0]["location"]["coordinates"]["latitude"]} &lt;= 90</arg>
<arg>Should Be True</arg>
<arg>${True}</arg>
<doc>Runs the given keyword with the given arguments, if ``condition`` is true.</doc>
<status status="PASS" start="2024-05-05T16:16:47.521851" elapsed="0.001028"/>
</kw>
<kw name="Run Keyword If" owner="BuiltIn">
<kw name="Should Be True" owner="BuiltIn">
<arg>${True}</arg>
<doc>Fails if the given condition is not true.</doc>
<status status="PASS" start="2024-05-05T16:16:47.523763" elapsed="0.000282"/>
</kw>
<arg>${json_data["results"][0]["location"]["coordinates"]["longitude"]} &gt;= -180 and ${json_data["results"][0]["location"]["coordinates"]["longitude"]} &lt;= 180</arg>
<arg>Should Be True</arg>
<arg>${True}</arg>
<doc>Runs the given keyword with the given arguments, if ``condition`` is true.</doc>
<status status="PASS" start="2024-05-05T16:16:47.523070" elapsed="0.001104"/>
</kw>
<status status="PASS" start="2024-05-05T16:16:47.423698" elapsed="0.100608"/>
</kw>
<doc>Testa o conteúdo específico dos campos retornados pela API.</doc>
<tag>testeConteudo</tag>
<status status="PASS" start="2024-05-05T16:16:47.423215" elapsed="0.101241"/>
</test>
<status status="PASS" start="2024-05-05T16:16:46.530609" elapsed="0.995816"/>
</suite>
<status status="PASS" start="2024-05-05T16:16:46.516752" elapsed="1.014795"/>
</suite>
<statistics>
<total>
<stat pass="5" fail="0" skip="0">All Tests</stat>
</total>
<tag>
<stat pass="1" fail="0" skip="0">testeConteudo</stat>
<stat pass="1" fail="0" skip="0">testeEstruturaResposta</stat>
<stat pass="1" fail="0" skip="0">testeRequisicaoBasica</stat>
<stat pass="1" fail="0" skip="0">testeTiposDados</stat>
</tag>
<suite>
<stat pass="5" fail="0" skip="0" id="s1" name="Tests">Tests</stat>
<stat pass="5" fail="0" skip="0" id="s1-s1" name="Random-User-Test">Tests.Random-User-Test</stat>
</suite>
</statistics>
<errors>
</errors>
</robot>
