<?xml version="1.0" encoding="UTF-8"?>
<robot generator="Robot 7.0.1 (Python 3.12.4 on linux)" generated="2024-08-08T12:30:20.497267" rpa="false" schemaversion="5">
<suite id="s1" name="Tests" source="/home/runner/work/ApiRandomUser/ApiRandomUser/RamdonUser/tests">
<suite id="s1-s1" name="Random-User-Test" source="/home/runner/work/ApiRandomUser/ApiRandomUser/RamdonUser/tests/random-user-test.robot">
<test id="s1-s1-t1" name="Conectar" line="13">
<kw name="Conectar API" owner="random-user-service">
<kw name="Create Session" owner="RequestsLibrary">
<msg time="2024-08-08T12:30:20.954601" level="INFO">Creating Session using : alias=consultarAPI, url=https://randomuser.me/, headers={},                     cookies={}, auth=None, timeout=None, proxies=None, verify=False,                     debug=0 </msg>
<arg>consultarAPI</arg>
<arg>${URL}</arg>
<doc>Create Session: create a HTTP session to a server</doc>
<status status="PASS" start="2024-08-08T12:30:20.954394" elapsed="0.000376"/>
</kw>
<status status="PASS" start="2024-08-08T12:30:20.953252" elapsed="0.001867"/>
</kw>
<status status="PASS" start="2024-08-08T12:30:20.952644" elapsed="0.002667"/>
</test>
<test id="s1-s1-t2" name="Validar retorno 200 e JSON Válido" line="16">
<kw name="Teste de Requisicao Basica" owner="random-user-service">
<kw name="GET On Session" owner="RequestsLibrary">
<msg time="2024-08-08T12:30:31.041441" level="INFO">GET Request : url=https://randomuser.me/api 
 path_url=/api 
 headers={'User-Agent': 'python-requests/2.32.3', 'Accept-Encoding': 'gzip, deflate', 'Accept': '*/*', 'Connection': 'keep-alive'} 
 body=None 
 </msg>
<msg time="2024-08-08T12:30:31.041596" level="INFO">GET Response : url=https://randomuser.me/api 
 status=200, reason=OK 
 headers={'Date': 'Thu, 08 Aug 2024 12:30:31 GMT', 'Content-Type': 'application/json; charset=utf-8', 'Transfer-Encoding': 'chunked', 'Connection': 'keep-alive', 'X-Powered-By': 'Express', 'Access-Control-Allow-Origin': '*', 'Cache-Control': 'no-cache', 'ETag': 'W/"47d-sgmNl7fy2TjGDglbdbo73IFJswc"', 'Vary': 'Accept-Encoding', 'Content-Encoding': 'gzip', 'CF-Cache-Status': 'DYNAMIC', 'Report-To': '{"endpoints":[{"url":"https:\\/\\/a.nel.cloudflare.com\\/report\\/v4?s=ljRcbQDsh6fKXqBlctxGQbFTBs4c7wWyMiMi2za4W%2BOTQsoUGSP0kTRtLtMSO8cnJwp3rukId%2F%2BU%2FSukvlwjvO4sZBdPugv1ZXQydVIbcEBvRKeJaORkfjMcUUjCYvHe"}],"group":"cf-nel","max_age":604800}', 'NEL': '{"success_fraction":0,"report_to":"cf-nel","max_age":604800}', 'Server': 'cloudflare', 'CF-RAY': '8aff8465ef319e6b-SJC', 'alt-svc': 'h3=":443"; ma=86400'} 
 body={"results":[{"gender":"male","name":{"title":"Mr","first":"Kenan","last":"Çevik"},"location":{"street":{"number":585,"name":"Atatürk Sk"},"city":"Bingöl","state":"Bartın","country":"Turkey","postcode":91705,"coordinates":{"latitude":"71.1189","longitude":"-41.1936"},"timezone":{"offset":"+10:00","description":"Eastern Australia, Guam, Vladivostok"}},"email":"kenan.cevik@example.com","login":{"uuid":"8ef002ee-bbf3-4c48-a5f2-0b075008b46a","username":"yellowcat118","password":"eagles1","salt":"ST9nXrH6","md5":"b76d4f45b4bc88da5ba1484cd4b990e4","sha1":"00a2d182c87e012b63eb9c4a41b0ecfbfd99cbfa","sha256":"39d315d42faef0ea9d3b40114e547fe8c78af3c95a88f7cc920d8ed34115baa8"},"dob":{"date":"1983-11-03T03:25:20.249Z","age":40},"registered":{"date":"2002-03-25T19:30:29.602Z","age":22},"phone":"(300)-572-4608","cell":"(190)-237-4450","id":{"name":"","value":null},"picture":{"large":"https://randomuser.me/api/portraits/men/48.jpg","medium":"https://randomuser.me/api/portraits/med/men/48.jpg","thumbnail":"https://randomuser.me/api/portraits/thumb/men/48.jpg"},"nat":"TR"}],"info":{"seed":"da59400d2b80781f","results":1,"page":1,"version":"1.4"}} 
 </msg>
<msg time="2024-08-08T12:30:31.041677" level="INFO">/opt/hostedtoolcache/Python/3.12.4/x64/lib/python3.12/site-packages/urllib3/connectionpool.py:1099: InsecureRequestWarning: Unverified HTTPS request is being made to host 'randomuser.me'. Adding certificate verification is strongly advised. See: https://urllib3.readthedocs.io/en/latest/advanced-usage.html#tls-warnings
  warnings.warn(</msg>
<msg time="2024-08-08T12:30:31.041839" level="INFO">${response} = &lt;Response [200]&gt;</msg>
<var>${response}</var>
<arg>consultarAPI</arg>
<arg>/api</arg>
<doc>Sends a GET request on a previously created HTTP Session.</doc>
<status status="PASS" start="2024-08-08T12:30:20.957889" elapsed="10.083992"/>
</kw>
<kw name="Should Be Equal As Numbers" owner="BuiltIn">
<msg time="2024-08-08T12:30:31.043059" level="INFO">Argument types are:
&lt;class 'int'&gt;
&lt;class 'str'&gt;</msg>
<arg>${response.status_code}</arg>
<arg>200</arg>
<doc>Fails if objects are unequal after converting them to real numbers.</doc>
<status status="PASS" start="2024-08-08T12:30:31.042546" elapsed="0.000577"/>
</kw>
<kw name="Log" owner="BuiltIn">
<msg time="2024-08-08T12:30:31.043777" level="INFO">200</msg>
<arg>${response.status_code}</arg>
<doc>Logs the given message with the given level.</doc>
<status status="PASS" start="2024-08-08T12:30:31.043435" elapsed="0.000384"/>
</kw>
<kw name="Set Variable" owner="BuiltIn">
<msg time="2024-08-08T12:30:31.044634" level="INFO">${json_data} = {'results': [{'gender': 'male', 'name': {'title': 'Mr', 'first': 'Kenan', 'last': 'Çevik'}, 'location': {'street': {'number': 585, 'name': 'Atatürk Sk'}, 'city': 'Bingöl', 'state': 'Bartın', 'country'...</msg>
<var>${json_data}</var>
<arg>${response.json()}</arg>
<doc>Returns the given values which can then be assigned to a variables.</doc>
<status status="PASS" start="2024-08-08T12:30:31.044120" elapsed="0.000544"/>
</kw>
<kw name="Dictionary Should Contain Key" owner="Collections">
<arg>${json_data}</arg>
<arg>results</arg>
<doc>Fails if ``key`` is not found from ``dictionary``.</doc>
<status status="PASS" start="2024-08-08T12:30:31.044972" elapsed="0.000320"/>
</kw>
<status status="PASS" start="2024-08-08T12:30:20.957648" elapsed="10.087799"/>
</kw>
<doc>Testa se a API responde corretamente e retorna um objeto JSON válido.</doc>
<tag>testeRequisicaoBasica</tag>
<status status="PASS" start="2024-08-08T12:30:20.957205" elapsed="10.088417"/>
</test>
<test id="s1-s1-t3" name="Validar estrutura de resposta" line="22">
<kw name="Teste de Estrutura de Resposta" owner="random-user-service">
<kw name="GET On Session" owner="RequestsLibrary">
<msg time="2024-08-08T12:30:42.675414" level="INFO">GET Request : url=https://randomuser.me/api 
 path_url=/api 
 headers={'User-Agent': 'python-requests/2.32.3', 'Accept-Encoding': 'gzip, deflate', 'Accept': '*/*', 'Connection': 'keep-alive'} 
 body=None 
 </msg>
<msg time="2024-08-08T12:30:42.675528" level="INFO">GET Response : url=https://randomuser.me/api 
 status=200, reason=OK 
 headers={'Date': 'Thu, 08 Aug 2024 12:30:42 GMT', 'Content-Type': 'application/json; charset=utf-8', 'Transfer-Encoding': 'chunked', 'Connection': 'keep-alive', 'X-Powered-By': 'Express', 'Access-Control-Allow-Origin': '*', 'Cache-Control': 'no-cache', 'ETag': 'W/"489-7J44kURNet/NqoPzfj9z4vb1B7k"', 'Vary': 'Accept-Encoding', 'Content-Encoding': 'gzip', 'CF-Cache-Status': 'DYNAMIC', 'Report-To': '{"endpoints":[{"url":"https:\\/\\/a.nel.cloudflare.com\\/report\\/v4?s=tHKct6SIjzEv%2Fw74idt7UploNKt%2F7keSHS%2FYJUsGiCC7XV0XPcfOZzTWFh%2FGnAA%2FmR%2BSfodIYbMue9%2BDUR%2BYHymLSmHAwoYQZiLR5%2F37ytv4z%2FqPRGGMqxsuCgd%2FaxrS"}],"group":"cf-nel","max_age":604800}', 'NEL': '{"success_fraction":0,"report_to":"cf-nel","max_age":604800}', 'Server': 'cloudflare', 'CF-RAY': '8aff84a40b269e6b-SJC', 'alt-svc': 'h3=":443"; ma=86400'} 
 body={"results":[{"gender":"female","name":{"title":"Ms","first":"Agafiya","last":"Gerasimyuk"},"location":{"street":{"number":4335,"name":"Prikordonnika Lazarenka"},"city":"Rozdilna","state":"Ternopilska","country":"Ukraine","postcode":48980,"coordinates":{"latitude":"77.4720","longitude":"18.3681"},"timezone":{"offset":"+5:45","description":"Kathmandu"}},"email":"agafiya.gerasimyuk@example.com","login":{"uuid":"02dc6bbc-6994-4a9f-aad3-b71d532150bb","username":"brownpanda528","password":"splinter","salt":"MJtOL7QP","md5":"3c713b2312b74a8dcbec5219dc0da534","sha1":"a51720391e7010d3399f5d942452adbf3a448e87","sha256":"28aabf073bc29945275230ab55f05af36170bfae611d6493b6a9d0cd82df5399"},"dob":{"date":"1950-07-10T16:36:33.948Z","age":74},"registered":{"date":"2018-12-24T02:44:45.692Z","age":5},"phone":"(067) D03-0771","cell":"(067) M95-9118","id":{"name":"","value":null},"picture":{"large":"https://randomuser.me/api/portraits/women/32.jpg","medium":"https://randomuser.me/api/portraits/med/women/32.jpg","thumbnail":"https://randomuser.me/api/portraits/thumb/women/32.jpg"},"nat":"UA"}],"info":{"seed":"fbaacc8cd0fe72eb","results":1,"page":1,"version":"1.4"}} 
 </msg>
<msg time="2024-08-08T12:30:42.675680" level="INFO">/opt/hostedtoolcache/Python/3.12.4/x64/lib/python3.12/site-packages/urllib3/connectionpool.py:1099: InsecureRequestWarning: Unverified HTTPS request is being made to host 'randomuser.me'. Adding certificate verification is strongly advised. See: https://urllib3.readthedocs.io/en/latest/advanced-usage.html#tls-warnings
  warnings.warn(</msg>
<msg time="2024-08-08T12:30:42.675837" level="INFO">${response} = &lt;Response [200]&gt;</msg>
<var>${response}</var>
<arg>consultarAPI</arg>
<arg>/api</arg>
<doc>Sends a GET request on a previously created HTTP Session.</doc>
<status status="PASS" start="2024-08-08T12:30:31.048174" elapsed="11.627738"/>
</kw>
<kw name="Set Variable" owner="BuiltIn">
<msg time="2024-08-08T12:30:42.677124" level="INFO">${json_data} = {'results': [{'gender': 'female', 'name': {'title': 'Ms', 'first': 'Agafiya', 'last': 'Gerasimyuk'}, 'location': {'street': {'number': 4335, 'name': 'Prikordonnika Lazarenka'}, 'city': 'Rozdilna', 'st...</msg>
<var>${json_data}</var>
<arg>${response.json()}</arg>
<doc>Returns the given values which can then be assigned to a variables.</doc>
<status status="PASS" start="2024-08-08T12:30:42.676573" elapsed="0.000579"/>
</kw>
<kw name="Log" owner="BuiltIn">
<msg time="2024-08-08T12:30:42.677618" level="INFO">{'results': [{'gender': 'female', 'name': {'title': 'Ms', 'first': 'Agafiya', 'last': 'Gerasimyuk'}, 'location': {'street': {'number': 4335, 'name': 'Prikordonnika Lazarenka'}, 'city': 'Rozdilna', 'state': 'Ternopilska', 'country': 'Ukraine', 'postcode': 48980, 'coordinates': {'latitude': '77.4720', 'longitude': '18.3681'}, 'timezone': {'offset': '+5:45', 'description': 'Kathmandu'}}, 'email': 'agafiya.gerasimyuk@example.com', 'login': {'uuid': '02dc6bbc-6994-4a9f-aad3-b71d532150bb', 'username': 'brownpanda528', 'password': 'splinter', 'salt': 'MJtOL7QP', 'md5': '3c713b2312b74a8dcbec5219dc0da534', 'sha1': 'a51720391e7010d3399f5d942452adbf3a448e87', 'sha256': '28aabf073bc29945275230ab55f05af36170bfae611d6493b6a9d0cd82df5399'}, 'dob': {'date': '1950-07-10T16:36:33.948Z', 'age': 74}, 'registered': {'date': '2018-12-24T02:44:45.692Z', 'age': 5}, 'phone': '(067) D03-0771', 'cell': '(067) M95-9118', 'id': {'name': '', 'value': None}, 'picture': {'large': 'https://randomuser.me/api/portraits/women/32.jpg', 'medium': 'https://randomuser.me/api/portraits/med/women/32.jpg', 'thumbnail': 'https://randomuser.me/api/portraits/thumb/women/32.jpg'}, 'nat': 'UA'}], 'info': {'seed': 'fbaacc8cd0fe72eb', 'results': 1, 'page': 1, 'version': '1.4'}}</msg>
<arg>${json_data}</arg>
<doc>Logs the given message with the given level.</doc>
<status status="PASS" start="2024-08-08T12:30:42.677460" elapsed="0.000205"/>
</kw>
<kw name="Dictionary Should Contain Key" owner="Collections">
<arg>${json_data}</arg>
<arg>results</arg>
<doc>Fails if ``key`` is not found from ``dictionary``.</doc>
<status status="PASS" start="2024-08-08T12:30:42.677954" elapsed="0.000163"/>
</kw>
<kw name="Should Not Be Empty" owner="BuiltIn">
<msg time="2024-08-08T12:30:42.678422" level="INFO">Length is 2.</msg>
<arg>${json_data}</arg>
<doc>Verifies that the given item is not empty.</doc>
<status status="PASS" start="2024-08-08T12:30:42.678298" elapsed="0.000162"/>
</kw>
<kw name="Create List" owner="BuiltIn">
<msg time="2024-08-08T12:30:42.678909" level="INFO">${expected_keys} = ['gender', 'name', 'location', 'email', 'login']</msg>
<var>${expected_keys}</var>
<arg>gender</arg>
<arg>name</arg>
<arg>location</arg>
<arg>email</arg>
<arg>login</arg>
<doc>Returns a list containing given items.</doc>
<status status="PASS" start="2024-08-08T12:30:42.678755" elapsed="0.000179"/>
</kw>
<for flavor="IN">
<iter>
<kw name="Dictionary Should Contain Key" owner="Collections">
<arg>${json_data['results'][0]}</arg>
<arg>${key}</arg>
<doc>Fails if ``key`` is not found from ``dictionary``.</doc>
<status status="PASS" start="2024-08-08T12:30:42.679503" elapsed="0.000411"/>
</kw>
<kw name="Log" owner="BuiltIn">
<msg time="2024-08-08T12:30:42.680519" level="INFO">{'gender': 'female', 'name': {'title': 'Ms', 'first': 'Agafiya', 'last': 'Gerasimyuk'}, 'location': {'street': {'number': 4335, 'name': 'Prikordonnika Lazarenka'}, 'city': 'Rozdilna', 'state': 'Ternopilska', 'country': 'Ukraine', 'postcode': 48980, 'coordinates': {'latitude': '77.4720', 'longitude': '18.3681'}, 'timezone': {'offset': '+5:45', 'description': 'Kathmandu'}}, 'email': 'agafiya.gerasimyuk@example.com', 'login': {'uuid': '02dc6bbc-6994-4a9f-aad3-b71d532150bb', 'username': 'brownpanda528', 'password': 'splinter', 'salt': 'MJtOL7QP', 'md5': '3c713b2312b74a8dcbec5219dc0da534', 'sha1': 'a51720391e7010d3399f5d942452adbf3a448e87', 'sha256': '28aabf073bc29945275230ab55f05af36170bfae611d6493b6a9d0cd82df5399'}, 'dob': {'date': '1950-07-10T16:36:33.948Z', 'age': 74}, 'registered': {'date': '2018-12-24T02:44:45.692Z', 'age': 5}, 'phone': '(067) D03-0771', 'cell': '(067) M95-9118', 'id': {'name': '', 'value': None}, 'picture': {'large': 'https://randomuser.me/api/portraits/women/32.jpg', 'medium': 'https://randomuser.me/api/portraits/med/women/32.jpg', 'thumbnail': 'https://randomuser.me/api/portraits/thumb/women/32.jpg'}, 'nat': 'UA'}</msg>
<arg>${json_data['results'][0]}</arg>
<doc>Logs the given message with the given level.</doc>
<status status="PASS" start="2024-08-08T12:30:42.680109" elapsed="0.000459"/>
</kw>
<kw name="Log" owner="BuiltIn">
<msg time="2024-08-08T12:30:42.680997" level="INFO">gender</msg>
<arg>${key}</arg>
<doc>Logs the given message with the given level.</doc>
<status status="PASS" start="2024-08-08T12:30:42.680866" elapsed="0.000168"/>
</kw>
<var name="${key}">gender</var>
<status status="PASS" start="2024-08-08T12:30:42.679380" elapsed="0.001871"/>
</iter>
<iter>
<kw name="Dictionary Should Contain Key" owner="Collections">
<arg>${json_data['results'][0]}</arg>
<arg>${key}</arg>
<doc>Fails if ``key`` is not found from ``dictionary``.</doc>
<status status="PASS" start="2024-08-08T12:30:42.681552" elapsed="0.000389"/>
</kw>
<kw name="Log" owner="BuiltIn">
<msg time="2024-08-08T12:30:42.682485" level="INFO">{'gender': 'female', 'name': {'title': 'Ms', 'first': 'Agafiya', 'last': 'Gerasimyuk'}, 'location': {'street': {'number': 4335, 'name': 'Prikordonnika Lazarenka'}, 'city': 'Rozdilna', 'state': 'Ternopilska', 'country': 'Ukraine', 'postcode': 48980, 'coordinates': {'latitude': '77.4720', 'longitude': '18.3681'}, 'timezone': {'offset': '+5:45', 'description': 'Kathmandu'}}, 'email': 'agafiya.gerasimyuk@example.com', 'login': {'uuid': '02dc6bbc-6994-4a9f-aad3-b71d532150bb', 'username': 'brownpanda528', 'password': 'splinter', 'salt': 'MJtOL7QP', 'md5': '3c713b2312b74a8dcbec5219dc0da534', 'sha1': 'a51720391e7010d3399f5d942452adbf3a448e87', 'sha256': '28aabf073bc29945275230ab55f05af36170bfae611d6493b6a9d0cd82df5399'}, 'dob': {'date': '1950-07-10T16:36:33.948Z', 'age': 74}, 'registered': {'date': '2018-12-24T02:44:45.692Z', 'age': 5}, 'phone': '(067) D03-0771', 'cell': '(067) M95-9118', 'id': {'name': '', 'value': None}, 'picture': {'large': 'https://randomuser.me/api/portraits/women/32.jpg', 'medium': 'https://randomuser.me/api/portraits/med/women/32.jpg', 'thumbnail': 'https://randomuser.me/api/portraits/thumb/women/32.jpg'}, 'nat': 'UA'}</msg>
<arg>${json_data['results'][0]}</arg>
<doc>Logs the given message with the given level.</doc>
<status status="PASS" start="2024-08-08T12:30:42.682125" elapsed="0.000439"/>
</kw>
<kw name="Log" owner="BuiltIn">
<msg time="2024-08-08T12:30:42.683006" level="INFO">name</msg>
<arg>${key}</arg>
<doc>Logs the given message with the given level.</doc>
<status status="PASS" start="2024-08-08T12:30:42.682865" elapsed="0.000190"/>
</kw>
<var name="${key}">name</var>
<status status="PASS" start="2024-08-08T12:30:42.681436" elapsed="0.001835"/>
</iter>
<iter>
<kw name="Dictionary Should Contain Key" owner="Collections">
<arg>${json_data['results'][0]}</arg>
<arg>${key}</arg>
<doc>Fails if ``key`` is not found from ``dictionary``.</doc>
<status status="PASS" start="2024-08-08T12:30:42.683559" elapsed="0.000378"/>
</kw>
<kw name="Log" owner="BuiltIn">
<msg time="2024-08-08T12:30:42.684510" level="INFO">{'gender': 'female', 'name': {'title': 'Ms', 'first': 'Agafiya', 'last': 'Gerasimyuk'}, 'location': {'street': {'number': 4335, 'name': 'Prikordonnika Lazarenka'}, 'city': 'Rozdilna', 'state': 'Ternopilska', 'country': 'Ukraine', 'postcode': 48980, 'coordinates': {'latitude': '77.4720', 'longitude': '18.3681'}, 'timezone': {'offset': '+5:45', 'description': 'Kathmandu'}}, 'email': 'agafiya.gerasimyuk@example.com', 'login': {'uuid': '02dc6bbc-6994-4a9f-aad3-b71d532150bb', 'username': 'brownpanda528', 'password': 'splinter', 'salt': 'MJtOL7QP', 'md5': '3c713b2312b74a8dcbec5219dc0da534', 'sha1': 'a51720391e7010d3399f5d942452adbf3a448e87', 'sha256': '28aabf073bc29945275230ab55f05af36170bfae611d6493b6a9d0cd82df5399'}, 'dob': {'date': '1950-07-10T16:36:33.948Z', 'age': 74}, 'registered': {'date': '2018-12-24T02:44:45.692Z', 'age': 5}, 'phone': '(067) D03-0771', 'cell': '(067) M95-9118', 'id': {'name': '', 'value': None}, 'picture': {'large': 'https://randomuser.me/api/portraits/women/32.jpg', 'medium': 'https://randomuser.me/api/portraits/med/women/32.jpg', 'thumbnail': 'https://randomuser.me/api/portraits/thumb/women/32.jpg'}, 'nat': 'UA'}</msg>
<arg>${json_data['results'][0]}</arg>
<doc>Logs the given message with the given level.</doc>
<status status="PASS" start="2024-08-08T12:30:42.684119" elapsed="0.000438"/>
</kw>
<kw name="Log" owner="BuiltIn">
<msg time="2024-08-08T12:30:42.684988" level="INFO">location</msg>
<arg>${key}</arg>
<doc>Logs the given message with the given level.</doc>
<status status="PASS" start="2024-08-08T12:30:42.684860" elapsed="0.000166"/>
</kw>
<var name="${key}">location</var>
<status status="PASS" start="2024-08-08T12:30:42.683451" elapsed="0.001792"/>
</iter>
<iter>
<kw name="Dictionary Should Contain Key" owner="Collections">
<arg>${json_data['results'][0]}</arg>
<arg>${key}</arg>
<doc>Fails if ``key`` is not found from ``dictionary``.</doc>
<status status="PASS" start="2024-08-08T12:30:42.685521" elapsed="0.000385"/>
</kw>
<kw name="Log" owner="BuiltIn">
<msg time="2024-08-08T12:30:42.686561" level="INFO">{'gender': 'female', 'name': {'title': 'Ms', 'first': 'Agafiya', 'last': 'Gerasimyuk'}, 'location': {'street': {'number': 4335, 'name': 'Prikordonnika Lazarenka'}, 'city': 'Rozdilna', 'state': 'Ternopilska', 'country': 'Ukraine', 'postcode': 48980, 'coordinates': {'latitude': '77.4720', 'longitude': '18.3681'}, 'timezone': {'offset': '+5:45', 'description': 'Kathmandu'}}, 'email': 'agafiya.gerasimyuk@example.com', 'login': {'uuid': '02dc6bbc-6994-4a9f-aad3-b71d532150bb', 'username': 'brownpanda528', 'password': 'splinter', 'salt': 'MJtOL7QP', 'md5': '3c713b2312b74a8dcbec5219dc0da534', 'sha1': 'a51720391e7010d3399f5d942452adbf3a448e87', 'sha256': '28aabf073bc29945275230ab55f05af36170bfae611d6493b6a9d0cd82df5399'}, 'dob': {'date': '1950-07-10T16:36:33.948Z', 'age': 74}, 'registered': {'date': '2018-12-24T02:44:45.692Z', 'age': 5}, 'phone': '(067) D03-0771', 'cell': '(067) M95-9118', 'id': {'name': '', 'value': None}, 'picture': {'large': 'https://randomuser.me/api/portraits/women/32.jpg', 'medium': 'https://randomuser.me/api/portraits/med/women/32.jpg', 'thumbnail': 'https://randomuser.me/api/portraits/thumb/women/32.jpg'}, 'nat': 'UA'}</msg>
<arg>${json_data['results'][0]}</arg>
<doc>Logs the given message with the given level.</doc>
<status status="PASS" start="2024-08-08T12:30:42.686209" elapsed="0.000399"/>
</kw>
<kw name="Log" owner="BuiltIn">
<msg time="2024-08-08T12:30:42.687031" level="INFO">email</msg>
<arg>${key}</arg>
<doc>Logs the given message with the given level.</doc>
<status status="PASS" start="2024-08-08T12:30:42.686902" elapsed="0.000167"/>
</kw>
<var name="${key}">email</var>
<status status="PASS" start="2024-08-08T12:30:42.685414" elapsed="0.001869"/>
</iter>
<iter>
<kw name="Dictionary Should Contain Key" owner="Collections">
<arg>${json_data['results'][0]}</arg>
<arg>${key}</arg>
<doc>Fails if ``key`` is not found from ``dictionary``.</doc>
<status status="PASS" start="2024-08-08T12:30:42.687566" elapsed="0.000375"/>
</kw>
<kw name="Log" owner="BuiltIn">
<msg time="2024-08-08T12:30:42.688516" level="INFO">{'gender': 'female', 'name': {'title': 'Ms', 'first': 'Agafiya', 'last': 'Gerasimyuk'}, 'location': {'street': {'number': 4335, 'name': 'Prikordonnika Lazarenka'}, 'city': 'Rozdilna', 'state': 'Ternopilska', 'country': 'Ukraine', 'postcode': 48980, 'coordinates': {'latitude': '77.4720', 'longitude': '18.3681'}, 'timezone': {'offset': '+5:45', 'description': 'Kathmandu'}}, 'email': 'agafiya.gerasimyuk@example.com', 'login': {'uuid': '02dc6bbc-6994-4a9f-aad3-b71d532150bb', 'username': 'brownpanda528', 'password': 'splinter', 'salt': 'MJtOL7QP', 'md5': '3c713b2312b74a8dcbec5219dc0da534', 'sha1': 'a51720391e7010d3399f5d942452adbf3a448e87', 'sha256': '28aabf073bc29945275230ab55f05af36170bfae611d6493b6a9d0cd82df5399'}, 'dob': {'date': '1950-07-10T16:36:33.948Z', 'age': 74}, 'registered': {'date': '2018-12-24T02:44:45.692Z', 'age': 5}, 'phone': '(067) D03-0771', 'cell': '(067) M95-9118', 'id': {'name': '', 'value': None}, 'picture': {'large': 'https://randomuser.me/api/portraits/women/32.jpg', 'medium': 'https://randomuser.me/api/portraits/med/women/32.jpg', 'thumbnail': 'https://randomuser.me/api/portraits/thumb/women/32.jpg'}, 'nat': 'UA'}</msg>
<arg>${json_data['results'][0]}</arg>
<doc>Logs the given message with the given level.</doc>
<status status="PASS" start="2024-08-08T12:30:42.688122" elapsed="0.000441"/>
</kw>
<kw name="Log" owner="BuiltIn">
<msg time="2024-08-08T12:30:42.688996" level="INFO">login</msg>
<arg>${key}</arg>
<doc>Logs the given message with the given level.</doc>
<status status="PASS" start="2024-08-08T12:30:42.688867" elapsed="0.000165"/>
</kw>
<var name="${key}">login</var>
<status status="PASS" start="2024-08-08T12:30:42.687458" elapsed="0.001790"/>
</iter>
<var>${key}</var>
<value>@{expected_keys}</value>
<status status="PASS" start="2024-08-08T12:30:42.679190" elapsed="0.010179"/>
</for>
<kw name="Create List" owner="BuiltIn">
<msg time="2024-08-08T12:30:42.689693" level="INFO">${expected_keysTwo} = ['username', 'password']</msg>
<var>${expected_keysTwo}</var>
<arg>username</arg>
<arg>password</arg>
<doc>Returns a list containing given items.</doc>
<status status="PASS" start="2024-08-08T12:30:42.689559" elapsed="0.000185"/>
</kw>
<for flavor="IN">
<iter>
<kw name="Dictionary Should Contain Key" owner="Collections">
<arg>${json_data['results'][0]['login']}</arg>
<arg>${keyTwo}</arg>
<doc>Fails if ``key`` is not found from ``dictionary``.</doc>
<status status="PASS" start="2024-08-08T12:30:42.690251" elapsed="0.000396"/>
</kw>
<kw name="Dictionary Should Contain Key" owner="Collections">
<arg>${json_data['results'][0]['login']}</arg>
<arg>${keyTwo}</arg>
<doc>Fails if ``key`` is not found from ``dictionary``.</doc>
<status status="PASS" start="2024-08-08T12:30:42.690825" elapsed="0.000374"/>
</kw>
<kw name="Log" owner="BuiltIn">
<msg time="2024-08-08T12:30:42.691493" level="INFO">username</msg>
<arg>${keyTwo}</arg>
<doc>Logs the given message with the given level.</doc>
<status status="PASS" start="2024-08-08T12:30:42.691373" elapsed="0.000157"/>
</kw>
<var name="${keyTwo}">username</var>
<status status="PASS" start="2024-08-08T12:30:42.690145" elapsed="0.001608"/>
</iter>
<iter>
<kw name="Dictionary Should Contain Key" owner="Collections">
<arg>${json_data['results'][0]['login']}</arg>
<arg>${keyTwo}</arg>
<doc>Fails if ``key`` is not found from ``dictionary``.</doc>
<status status="PASS" start="2024-08-08T12:30:42.692031" elapsed="0.000424"/>
</kw>
<kw name="Dictionary Should Contain Key" owner="Collections">
<arg>${json_data['results'][0]['login']}</arg>
<arg>${keyTwo}</arg>
<doc>Fails if ``key`` is not found from ``dictionary``.</doc>
<status status="PASS" start="2024-08-08T12:30:42.692635" elapsed="0.000372"/>
</kw>
<kw name="Log" owner="BuiltIn">
<msg time="2024-08-08T12:30:42.693299" level="INFO">password</msg>
<arg>${keyTwo}</arg>
<doc>Logs the given message with the given level.</doc>
<status status="PASS" start="2024-08-08T12:30:42.693182" elapsed="0.000154"/>
</kw>
<var name="${keyTwo}">password</var>
<status status="PASS" start="2024-08-08T12:30:42.691925" elapsed="0.001628"/>
</iter>
<var>${keyTwo}</var>
<value>@{expected_keysTwo}</value>
<status status="PASS" start="2024-08-08T12:30:42.689990" elapsed="0.003683"/>
</for>
<status status="PASS" start="2024-08-08T12:30:31.047945" elapsed="11.645872"/>
</kw>
<doc>Testa a estrutura da resposta da API.</doc>
<tag>testeEstruturaResposta</tag>
<status status="PASS" start="2024-08-08T12:30:31.047437" elapsed="11.646536"/>
</test>
<test id="s1-s1-t4" name="Validar tipos de dados" line="28">
<kw name="Teste de Tipos de Dados" owner="random-user-service">
<kw name="GET On Session" owner="RequestsLibrary">
<msg time="2024-08-08T12:30:50.882472" level="INFO">GET Request : url=https://randomuser.me/api 
 path_url=/api 
 headers={'User-Agent': 'python-requests/2.32.3', 'Accept-Encoding': 'gzip, deflate', 'Accept': '*/*', 'Connection': 'keep-alive'} 
 body=None 
 </msg>
<msg time="2024-08-08T12:30:50.882569" level="INFO">GET Response : url=https://randomuser.me/api 
 status=200, reason=OK 
 headers={'Date': 'Thu, 08 Aug 2024 12:30:50 GMT', 'Content-Type': 'application/json; charset=utf-8', 'Transfer-Encoding': 'chunked', 'Connection': 'keep-alive', 'X-Powered-By': 'Express', 'Access-Control-Allow-Origin': '*', 'Cache-Control': 'no-cache', 'ETag': 'W/"466-Bz0YtouSVcBnJWpn5xgRhqHgPSY"', 'Vary': 'Accept-Encoding', 'Content-Encoding': 'gzip', 'CF-Cache-Status': 'DYNAMIC', 'Report-To': '{"endpoints":[{"url":"https:\\/\\/a.nel.cloudflare.com\\/report\\/v4?s=l5kYZ%2B0cY1K6qtSzEl0AN6mnI7djZH8mVRr3%2Fnzq30fAxfSls0bRDTMyzisjfxf%2FxcAPdYE5AhppM3SQ95ORzMrszmsGJvwuj6krcFwOq8MERxlQlMgliYRQkXaa%2FH9G"}],"group":"cf-nel","max_age":604800}', 'NEL': '{"success_fraction":0,"report_to":"cf-nel","max_age":604800}', 'Server': 'cloudflare', 'CF-RAY': '8aff84ecdb759e6b-SJC', 'alt-svc': 'h3=":443"; ma=86400'} 
 body={"results":[{"gender":"male","name":{"title":"Mr","first":"Jeppe","last":"Heiberg"},"location":{"street":{"number":5306,"name":"Skøyenkneika"},"city":"Husøy","state":"Description","country":"Norway","postcode":"2617","coordinates":{"latitude":"44.1064","longitude":"-60.6428"},"timezone":{"offset":"+3:30","description":"Tehran"}},"email":"jeppe.heiberg@example.com","login":{"uuid":"6598c53e-e0c9-4ac9-b638-84878a9f7c42","username":"brownlion591","password":"groovy","salt":"5bVJQULB","md5":"8e39424a171a7b657ab332afeb29bcb6","sha1":"c6c51e707b79547d2e9d6030f609881fcda0847b","sha256":"9cc07b5181d3bd0fbd279fc8a3d7609cee5684ba325c8cec6d82c98199925e57"},"dob":{"date":"1962-03-30T15:40:02.686Z","age":62},"registered":{"date":"2012-08-29T14:00:04.950Z","age":11},"phone":"66594721","cell":"99584717","id":{"name":"FN","value":"30036224556"},"picture":{"large":"https://randomuser.me/api/portraits/men/45.jpg","medium":"https://randomuser.me/api/portraits/med/men/45.jpg","thumbnail":"https://randomuser.me/api/portraits/thumb/men/45.jpg"},"nat":"NO"}],"info":{"seed":"587e009efafbbdc0","results":1,"page":1,"version":"1.4"}} 
 </msg>
<msg time="2024-08-08T12:30:50.882638" level="INFO">/opt/hostedtoolcache/Python/3.12.4/x64/lib/python3.12/site-packages/urllib3/connectionpool.py:1099: InsecureRequestWarning: Unverified HTTPS request is being made to host 'randomuser.me'. Adding certificate verification is strongly advised. See: https://urllib3.readthedocs.io/en/latest/advanced-usage.html#tls-warnings
  warnings.warn(</msg>
<msg time="2024-08-08T12:30:50.882757" level="INFO">${response} = &lt;Response [200]&gt;</msg>
<var>${response}</var>
<arg>consultarAPI</arg>
<arg>/api</arg>
<doc>Sends a GET request on a previously created HTTP Session.</doc>
<status status="PASS" start="2024-08-08T12:30:42.696502" elapsed="8.186280"/>
</kw>
<kw name="Set Variable" owner="BuiltIn">
<msg time="2024-08-08T12:30:50.883869" level="INFO">${json_data} = {'results': [{'gender': 'male', 'name': {'title': 'Mr', 'first': 'Jeppe', 'last': 'Heiberg'}, 'location': {'street': {'number': 5306, 'name': 'Skøyenkneika'}, 'city': 'Husøy', 'state': 'Description', ...</msg>
<var>${json_data}</var>
<arg>${response.json()}</arg>
<doc>Returns the given values which can then be assigned to a variables.</doc>
<status status="PASS" start="2024-08-08T12:30:50.883337" elapsed="0.000561"/>
</kw>
<kw name="Log" owner="BuiltIn">
<msg time="2024-08-08T12:30:50.884412" level="INFO">{'results': [{'gender': 'male', 'name': {'title': 'Mr', 'first': 'Jeppe', 'last': 'Heiberg'}, 'location': {'street': {'number': 5306, 'name': 'Skøyenkneika'}, 'city': 'Husøy', 'state': 'Description', 'country': 'Norway', 'postcode': '2617', 'coordinates': {'latitude': '44.1064', 'longitude': '-60.6428'}, 'timezone': {'offset': '+3:30', 'description': 'Tehran'}}, 'email': 'jeppe.heiberg@example.com', 'login': {'uuid': '6598c53e-e0c9-4ac9-b638-84878a9f7c42', 'username': 'brownlion591', 'password': 'groovy', 'salt': '5bVJQULB', 'md5': '8e39424a171a7b657ab332afeb29bcb6', 'sha1': 'c6c51e707b79547d2e9d6030f609881fcda0847b', 'sha256': '9cc07b5181d3bd0fbd279fc8a3d7609cee5684ba325c8cec6d82c98199925e57'}, 'dob': {'date': '1962-03-30T15:40:02.686Z', 'age': 62}, 'registered': {'date': '2012-08-29T14:00:04.950Z', 'age': 11}, 'phone': '66594721', 'cell': '99584717', 'id': {'name': 'FN', 'value': '30036224556'}, 'picture': {'large': 'https://randomuser.me/api/portraits/men/45.jpg', 'medium': 'https://randomuser.me/api/portraits/med/men/45.jpg', 'thumbnail': 'https://randomuser.me/api/portraits/thumb/men/45.jpg'}, 'nat': 'NO'}], 'info': {'seed': '587e009efafbbdc0', 'results': 1, 'page': 1, 'version': '1.4'}}</msg>
<arg>${json_data}</arg>
<doc>Logs the given message with the given level.</doc>
<status status="PASS" start="2024-08-08T12:30:50.884210" elapsed="0.000251"/>
</kw>
<kw name="Should Be String" owner="String">
<arg>${json_data['results'][0]['gender']}</arg>
<doc>Fails if the given ``item`` is not a string.</doc>
<status status="PASS" start="2024-08-08T12:30:50.884753" elapsed="0.000365"/>
</kw>
<kw name="Should Match Regexp" owner="BuiltIn">
<arg>${json_data['results'][0]['email']}</arg>
<arg>^[a-zA-Z0-9._%+-]+@[a-zA-Z0-9.-]+\.[a-zA-Z]{2,}$</arg>
<doc>Fails if ``string`` does not match ``pattern`` as a regular expression.</doc>
<status status="PASS" start="2024-08-08T12:30:50.885306" elapsed="0.000524"/>
</kw>
<kw name="Should Match Regexp" owner="BuiltIn">
<arg>${json_data['results'][0]['dob']['date']}</arg>
<arg>\\d{4}-\\d{2}-\\d{2}T\\d{2}:\\d{2}:\\d{2}\\.\\d{3}Z</arg>
<doc>Fails if ``string`` does not match ``pattern`` as a regular expression.</doc>
<status status="PASS" start="2024-08-08T12:30:50.886063" elapsed="0.000644"/>
</kw>
<kw name="Should Match Regexp" owner="BuiltIn">
<arg>${json_data['results'][0]['registered']['date']}</arg>
<arg>\\d{4}-\\d{2}-\\d{2}T\\d{2}:\\d{2}:\\d{2}\\.\\d{3}Z</arg>
<doc>Fails if ``string`` does not match ``pattern`` as a regular expression.</doc>
<status status="PASS" start="2024-08-08T12:30:50.886898" elapsed="0.000371"/>
</kw>
<kw name="Should Match Regexp" owner="BuiltIn">
<arg>${json_data['results'][0]['picture']['large']}</arg>
<arg>^https?://.*\.(?:png|jpe?g|gif|bmp)$</arg>
<doc>Fails if ``string`` does not match ``pattern`` as a regular expression.</doc>
<status status="PASS" start="2024-08-08T12:30:50.887455" elapsed="0.000455"/>
</kw>
<kw name="Should Match Regexp" owner="BuiltIn">
<arg>${json_data['results'][0]['picture']['medium']}</arg>
<arg>^https?://.*\.(?:png|jpe?g|gif|bmp)$</arg>
<doc>Fails if ``string`` does not match ``pattern`` as a regular expression.</doc>
<status status="PASS" start="2024-08-08T12:30:50.888095" elapsed="0.000389"/>
</kw>
<kw name="Should Match Regexp" owner="BuiltIn">
<arg>${json_data['results'][0]['picture']['thumbnail']}</arg>
<arg>^https?://.*\.(?:png|jpe?g|gif|bmp)$</arg>
<doc>Fails if ``string`` does not match ``pattern`` as a regular expression.</doc>
<status status="PASS" start="2024-08-08T12:30:50.888669" elapsed="0.000348"/>
</kw>
<kw name="Log" owner="BuiltIn">
<msg time="2024-08-08T12:30:50.889513" level="INFO">{'large': 'https://randomuser.me/api/portraits/men/45.jpg', 'medium': 'https://randomuser.me/api/portraits/med/men/45.jpg', 'thumbnail': 'https://randomuser.me/api/portraits/thumb/men/45.jpg'}</msg>
<arg>${json_data['results'][0]['picture']}</arg>
<doc>Logs the given message with the given level.</doc>
<status status="PASS" start="2024-08-08T12:30:50.889194" elapsed="0.000361"/>
</kw>
<status status="PASS" start="2024-08-08T12:30:42.696228" elapsed="8.193585"/>
</kw>
<kw name="Teste de Tipos de Dados - Postcode" owner="random-user-service">
<kw name="GET On Session" owner="RequestsLibrary">
<msg time="2024-08-08T12:30:56.503780" level="INFO">GET Request : url=https://randomuser.me/api 
 path_url=/api 
 headers={'User-Agent': 'python-requests/2.32.3', 'Accept-Encoding': 'gzip, deflate', 'Accept': '*/*', 'Connection': 'keep-alive'} 
 body=None 
 </msg>
<msg time="2024-08-08T12:30:56.503880" level="INFO">GET Response : url=https://randomuser.me/api 
 status=200, reason=OK 
 headers={'Date': 'Thu, 08 Aug 2024 12:30:56 GMT', 'Content-Type': 'application/json; charset=utf-8', 'Transfer-Encoding': 'chunked', 'Connection': 'keep-alive', 'X-Powered-By': 'Express', 'Access-Control-Allow-Origin': '*', 'Cache-Control': 'no-cache', 'ETag': 'W/"48a-6Pn9WXjfHX5nTNuthzK+Iu0XgOg"', 'Vary': 'Accept-Encoding', 'Content-Encoding': 'gzip', 'CF-Cache-Status': 'DYNAMIC', 'Report-To': '{"endpoints":[{"url":"https:\\/\\/a.nel.cloudflare.com\\/report\\/v4?s=Ms9mFGhU592NilR60hXlWZmDcnhCfrFKzaolt5L%2FED%2Bwgxjusba7YM20kVnbQ6xwku23ak7Y8iQOiyQJf5dHO6GKk80Jpcq6T7zSAkPwipFX3uSa460DBDQCkjtwF3LS"}],"group":"cf-nel","max_age":604800}', 'NEL': '{"success_fraction":0,"report_to":"cf-nel","max_age":604800}', 'Server': 'cloudflare', 'CF-RAY': '8aff8520180b9e6b-SJC', 'alt-svc': 'h3=":443"; ma=86400'} 
 body={"results":[{"gender":"male","name":{"title":"Mr","first":"سینا","last":"کامروا"},"location":{"street":{"number":7866,"name":"کارگر شمالی"},"city":"خوی","state":"اردبیل","country":"Iran","postcode":46288,"coordinates":{"latitude":"16.6578","longitude":"-26.3112"},"timezone":{"offset":"+5:30","description":"Bombay, Calcutta, Madras, New Delhi"}},"email":"syn.khmrw@example.com","login":{"uuid":"8dbcf616-7907-480b-8f2c-e4395116bf71","username":"blacksnake920","password":"wild","salt":"DKbEHdTq","md5":"ddfefaf064dfd1c68913ba89ace12c7a","sha1":"eec4b614c21de5153d40a45268044440d105a789","sha256":"9d71322d81edcbe20e2a4a04e06ac51ce3b59e106798084588a895a19c67567a"},"dob":{"date":"1959-01-15T01:04:01.261Z","age":65},"registered":{"date":"2006-01-15T23:20:54.797Z","age":18},"phone":"030-04694122","cell":"0942-715-7654","id":{"name":"","value":null},"picture":{"large":"https://randomuser.me/api/portraits/men/60.jpg","medium":"https://randomuser.me/api/portraits/med/men/60.jpg","thumbnail":"https://randomuser.me/api/portraits/thumb/men/60.jpg"},"nat":"IR"}],"info":{"seed":"3737db97a365167e","results":1,"page":1,"version":"1.4"}} 
 </msg>
<msg time="2024-08-08T12:30:56.503953" level="INFO">/opt/hostedtoolcache/Python/3.12.4/x64/lib/python3.12/site-packages/urllib3/connectionpool.py:1099: InsecureRequestWarning: Unverified HTTPS request is being made to host 'randomuser.me'. Adding certificate verification is strongly advised. See: https://urllib3.readthedocs.io/en/latest/advanced-usage.html#tls-warnings
  warnings.warn(</msg>
<msg time="2024-08-08T12:30:56.504075" level="INFO">${response} = &lt;Response [200]&gt;</msg>
<var>${response}</var>
<arg>consultarAPI</arg>
<arg>/api</arg>
<doc>Sends a GET request on a previously created HTTP Session.</doc>
<status status="PASS" start="2024-08-08T12:30:50.890268" elapsed="5.613853"/>
</kw>
<kw name="Set Variable" owner="BuiltIn">
<msg time="2024-08-08T12:30:56.505220" level="INFO">${json_data} = {'results': [{'gender': 'male', 'name': {'title': 'Mr', 'first': 'سینا', 'last': 'کامروا'}, 'location': {'street': {'number': 7866, 'name': 'کارگر شمالی'}, 'city': 'خوی', 'state': 'اردبیل', 'country':...</msg>
<var>${json_data}</var>
<arg>${response.json()}</arg>
<doc>Returns the given values which can then be assigned to a variables.</doc>
<status status="PASS" start="2024-08-08T12:30:56.504688" elapsed="0.000562"/>
</kw>
<kw name="Log" owner="BuiltIn">
<msg time="2024-08-08T12:30:56.505717" level="INFO">{'results': [{'gender': 'male', 'name': {'title': 'Mr', 'first': 'سینا', 'last': 'کامروا'}, 'location': {'street': {'number': 7866, 'name': 'کارگر شمالی'}, 'city': 'خوی', 'state': 'اردبیل', 'country': 'Iran', 'postcode': 46288, 'coordinates': {'latitude': '16.6578', 'longitude': '-26.3112'}, 'timezone': {'offset': '+5:30', 'description': 'Bombay, Calcutta, Madras, New Delhi'}}, 'email': 'syn.khmrw@example.com', 'login': {'uuid': '8dbcf616-7907-480b-8f2c-e4395116bf71', 'username': 'blacksnake920', 'password': 'wild', 'salt': 'DKbEHdTq', 'md5': 'ddfefaf064dfd1c68913ba89ace12c7a', 'sha1': 'eec4b614c21de5153d40a45268044440d105a789', 'sha256': '9d71322d81edcbe20e2a4a04e06ac51ce3b59e106798084588a895a19c67567a'}, 'dob': {'date': '1959-01-15T01:04:01.261Z', 'age': 65}, 'registered': {'date': '2006-01-15T23:20:54.797Z', 'age': 18}, 'phone': '030-04694122', 'cell': '0942-715-7654', 'id': {'name': '', 'value': None}, 'picture': {'large': 'https://randomuser.me/api/portraits/men/60.jpg', 'medium': 'https://randomuser.me/api/portraits/med/men/60.jpg', 'thumbnail': 'https://randomuser.me/api/portraits/thumb/men/60.jpg'}, 'nat': 'IR'}], 'info': {'seed': '3737db97a365167e', 'results': 1, 'page': 1, 'version': '1.4'}}</msg>
<arg>${json_data}</arg>
<doc>Logs the given message with the given level.</doc>
<status status="PASS" start="2024-08-08T12:30:56.505557" elapsed="0.000210"/>
</kw>
<kw name="Should Be Equal As Numbers" owner="BuiltIn">
<arg>${json_data['results'][0]['location']['postcode']}</arg>
<arg>${json_data['results'][0]['location']['postcode']}</arg>
<doc>Fails if objects are unequal after converting them to real numbers.</doc>
<status status="PASS" start="2024-08-08T12:30:56.506064" elapsed="0.000625"/>
</kw>
<kw name="Log" owner="BuiltIn">
<msg time="2024-08-08T12:30:56.507229" level="INFO">46288</msg>
<arg>${json_data['results'][0]['location']['postcode']}</arg>
<doc>Logs the given message with the given level.</doc>
<status status="PASS" start="2024-08-08T12:30:56.506878" elapsed="0.000393"/>
</kw>
<status status="PASS" start="2024-08-08T12:30:50.890040" elapsed="5.617522"/>
</kw>
<doc>Testa se os tipos de dados na resposta da API estão corretos.</doc>
<tag>testeTiposDados</tag>
<status status="PASS" start="2024-08-08T12:30:42.695744" elapsed="13.811996"/>
</test>
<test id="s1-s1-t5" name="Validar conteudo" line="35">
<kw name="Teste de Tipos de Conteudo" owner="random-user-service">
<kw name="GET On Session" owner="RequestsLibrary">
<msg time="2024-08-08T12:31:00.360208" level="INFO">GET Request : url=https://randomuser.me/api 
 path_url=/api 
 headers={'User-Agent': 'python-requests/2.32.3', 'Accept-Encoding': 'gzip, deflate', 'Accept': '*/*', 'Connection': 'keep-alive'} 
 body=None 
 </msg>
<msg time="2024-08-08T12:31:00.360345" level="INFO">GET Response : url=https://randomuser.me/api 
 status=200, reason=OK 
 headers={'Date': 'Thu, 08 Aug 2024 12:31:00 GMT', 'Content-Type': 'application/json; charset=utf-8', 'Transfer-Encoding': 'chunked', 'Connection': 'keep-alive', 'X-Powered-By': 'Express', 'Access-Control-Allow-Origin': '*', 'Cache-Control': 'no-cache', 'ETag': 'W/"49c-fsclG2976nOhdXDcBR2C0BJv9J4"', 'Vary': 'Accept-Encoding', 'Content-Encoding': 'gzip', 'CF-Cache-Status': 'DYNAMIC', 'Report-To': '{"endpoints":[{"url":"https:\\/\\/a.nel.cloudflare.com\\/report\\/v4?s=MJOGxqhfBMiY0lnkBfXvTfaTAqj%2BkoELlvUczgKe22yFcMg0wK1uZqRe31FTj%2BU61I6iQphHzvhZKs4LXjWx%2FDHjHeIsJxRu5GsosjyRAVeGHINbTuGneZNoeEy972Q6"}],"group":"cf-nel","max_age":604800}', 'NEL': '{"success_fraction":0,"report_to":"cf-nel","max_age":604800}', 'Server': 'cloudflare', 'CF-RAY': '8aff85433e8f9e6b-SJC', 'alt-svc': 'h3=":443"; ma=86400'} 
 body={"results":[{"gender":"male","name":{"title":"Mr","first":"Carmelo","last":"Ortega"},"location":{"street":{"number":4542,"name":"Avenida de Salamanca"},"city":"Santiago de Compostela","state":"Islas Baleares","country":"Spain","postcode":96689,"coordinates":{"latitude":"-34.6082","longitude":"-77.8211"},"timezone":{"offset":"-12:00","description":"Eniwetok, Kwajalein"}},"email":"carmelo.ortega@example.com","login":{"uuid":"3a072cbf-d4be-40e1-8441-b12abd206ff1","username":"goldenbutterfly763","password":"defense","salt":"ZpT3c6ga","md5":"0c8ebdd1d2e23f8109e18c4c4f70cf8d","sha1":"9fd1ac74caa956c810c28acd6b02aa5198845ac0","sha256":"93af39119ceec62cb2c7a0e454074fc1467d897374a75d13797926912ed3adf2"},"dob":{"date":"1948-12-27T06:11:48.106Z","age":75},"registered":{"date":"2005-09-19T16:10:26.164Z","age":18},"phone":"978-104-991","cell":"645-725-285","id":{"name":"DNI","value":"20068523-T"},"picture":{"large":"https://randomuser.me/api/portraits/men/66.jpg","medium":"https://randomuser.me/api/portraits/med/men/66.jpg","thumbnail":"https://randomuser.me/api/portraits/thumb/men/66.jpg"},"nat":"ES"}],"info":{"seed":"db6f9f3ee45437af","results":1,"page":1,"version":"1.4"}} 
 </msg>
<msg time="2024-08-08T12:31:00.360416" level="INFO">/opt/hostedtoolcache/Python/3.12.4/x64/lib/python3.12/site-packages/urllib3/connectionpool.py:1099: InsecureRequestWarning: Unverified HTTPS request is being made to host 'randomuser.me'. Adding certificate verification is strongly advised. See: https://urllib3.readthedocs.io/en/latest/advanced-usage.html#tls-warnings
  warnings.warn(</msg>
<msg time="2024-08-08T12:31:00.360533" level="INFO">${response} = &lt;Response [200]&gt;</msg>
<var>${response}</var>
<arg>consultarAPI</arg>
<arg>/api</arg>
<doc>Sends a GET request on a previously created HTTP Session.</doc>
<status status="PASS" start="2024-08-08T12:30:56.510233" elapsed="3.850338"/>
</kw>
<kw name="Set Variable" owner="BuiltIn">
<msg time="2024-08-08T12:31:00.361614" level="INFO">${json_data} = {'results': [{'gender': 'male', 'name': {'title': 'Mr', 'first': 'Carmelo', 'last': 'Ortega'}, 'location': {'street': {'number': 4542, 'name': 'Avenida de Salamanca'}, 'city': 'Santiago de Compostela'...</msg>
<var>${json_data}</var>
<arg>${response.json()}</arg>
<doc>Returns the given values which can then be assigned to a variables.</doc>
<status status="PASS" start="2024-08-08T12:31:00.361097" elapsed="0.000545"/>
</kw>
<kw name="Set Variable" owner="BuiltIn">
<msg time="2024-08-08T12:31:00.362336" level="INFO">${name_title} = Mr</msg>
<var>${name_title}</var>
<arg>${json_data["results"][0]["name"]["title"]}</arg>
<doc>Returns the given values which can then be assigned to a variables.</doc>
<status status="PASS" start="2024-08-08T12:31:00.361951" elapsed="0.000411"/>
</kw>
<kw name="Create List" owner="BuiltIn">
<msg time="2024-08-08T12:31:00.362837" level="INFO">${allowed_titles} = ['Mr', 'Ms', 'Miss', 'Mrs', 'Madame', 'Monsieur']</msg>
<var>${allowed_titles}</var>
<arg>Mr</arg>
<arg>Ms</arg>
<arg>Miss</arg>
<arg>Mrs</arg>
<arg>Madame</arg>
<arg>Monsieur</arg>
<doc>Returns a list containing given items.</doc>
<status status="PASS" start="2024-08-08T12:31:00.362686" elapsed="0.000175"/>
</kw>
<kw name="List Should Contain Value" owner="Collections">
<arg>${allowed_titles}</arg>
<arg>${name_title}</arg>
<doc>Fails if the ``value`` is not found from ``list``.</doc>
<status status="PASS" start="2024-08-08T12:31:00.363157" elapsed="0.000174"/>
</kw>
<kw name="Set Variable" owner="BuiltIn">
<msg time="2024-08-08T12:31:00.363894" level="INFO">${name_country} = ES</msg>
<var>${name_country}</var>
<arg>${json_data["results"][0]["nat"]}</arg>
<doc>Returns the given values which can then be assigned to a variables.</doc>
<status status="PASS" start="2024-08-08T12:31:00.363516" elapsed="0.000404"/>
</kw>
<kw name="Create List" owner="BuiltIn">
<msg time="2024-08-08T12:31:00.364830" level="INFO">${list_country} = ['AD', 'AE', 'AF', 'AG', 'AI', 'AL', 'AM', 'AO', 'AQ', 'AR', 'AS', 'AT', 'AU', 'AW', 'AX', 'AZ', 'BA', 'BB', 'BD', 'BE', 'BF', 'BG', 'BH', 'BI', 'BJ', 'BL', 'BM', 'BN', 'BO', 'BQ', 'BR', 'BS', 'BT', '...</msg>
<var>${list_country}</var>
<arg>AD</arg>
<arg>AE</arg>
<arg>AF</arg>
<arg>AG</arg>
<arg>AI</arg>
<arg>AL</arg>
<arg>AM</arg>
<arg>AO</arg>
<arg>AQ</arg>
<arg>AR</arg>
<arg>AS</arg>
<arg>AT</arg>
<arg>AU</arg>
<arg>AW</arg>
<arg>AX</arg>
<arg>AZ</arg>
<arg>BA</arg>
<arg>BB</arg>
<arg>BD</arg>
<arg>BE</arg>
<arg>BF</arg>
<arg>BG</arg>
<arg>BH</arg>
<arg>BI</arg>
<arg>BJ</arg>
<arg>BL</arg>
<arg>BM</arg>
<arg>BN</arg>
<arg>BO</arg>
<arg>BQ</arg>
<arg>BR</arg>
<arg>BS</arg>
<arg>BT</arg>
<arg>BV</arg>
<arg>BW</arg>
<arg>BY</arg>
<arg>BZ</arg>
<arg>CA</arg>
<arg>CC</arg>
<arg>CD</arg>
<arg>CF</arg>
<arg>CG</arg>
<arg>CH</arg>
<arg>CI</arg>
<arg>CK</arg>
<arg>CL</arg>
<arg>CM</arg>
<arg>CN</arg>
<arg>CO</arg>
<arg>CR</arg>
<arg>CU</arg>
<arg>CV</arg>
<arg>CW</arg>
<arg>CX</arg>
<arg>CY</arg>
<arg>CZ</arg>
<arg>DE</arg>
<arg>DJ</arg>
<arg>DK</arg>
<arg>DM</arg>
<arg>DO</arg>
<arg>DZ</arg>
<arg>EC</arg>
<arg>EE</arg>
<arg>EG</arg>
<arg>EH</arg>
<arg>ER</arg>
<arg>ES</arg>
<arg>ET</arg>
<arg>FI</arg>
<arg>FJ</arg>
<arg>FK</arg>
<arg>FM</arg>
<arg>FO</arg>
<arg>FR</arg>
<arg>GA</arg>
<arg>GB</arg>
<arg>GD</arg>
<arg>GE</arg>
<arg>GF</arg>
<arg>GG</arg>
<arg>GH</arg>
<arg>GI</arg>
<arg>GL</arg>
<arg>GM</arg>
<arg>GN</arg>
<arg>GP</arg>
<arg>GQ</arg>
<arg>GR</arg>
<arg>GS</arg>
<arg>GT</arg>
<arg>GU</arg>
<arg>GW</arg>
<arg>GY</arg>
<arg>HK</arg>
<arg>HM</arg>
<arg>HN</arg>
<arg>HR</arg>
<arg>HT</arg>
<arg>HU</arg>
<arg>ID</arg>
<arg>IE</arg>
<arg>IL</arg>
<arg>IM</arg>
<arg>IN</arg>
<arg>IO</arg>
<arg>IQ</arg>
<arg>IR</arg>
<arg>IS</arg>
<arg>IT</arg>
<arg>JE</arg>
<arg>JM</arg>
<arg>JO</arg>
<arg>JP</arg>
<arg>KE</arg>
<arg>KG</arg>
<arg>KH</arg>
<arg>KI</arg>
<arg>KM</arg>
<arg>KN</arg>
<arg>KP</arg>
<arg>KR</arg>
<arg>KW</arg>
<arg>KY</arg>
<arg>KZ</arg>
<arg>LA</arg>
<arg>LB</arg>
<arg>LC</arg>
<arg>LI</arg>
<arg>LK</arg>
<arg>LR</arg>
<arg>LS</arg>
<arg>LT</arg>
<arg>LU</arg>
<arg>LV</arg>
<arg>LY</arg>
<arg>MA</arg>
<arg>MC</arg>
<arg>MD</arg>
<arg>ME</arg>
<arg>MF</arg>
<arg>MG</arg>
<arg>MH</arg>
<arg>MK</arg>
<arg>ML</arg>
<arg>MM</arg>
<arg>MN</arg>
<arg>MO</arg>
<arg>MP</arg>
<arg>MQ</arg>
<arg>MR</arg>
<arg>MS</arg>
<arg>MT</arg>
<arg>MU</arg>
<arg>MV</arg>
<arg>MW</arg>
<arg>MX</arg>
<arg>MY</arg>
<arg>MZ</arg>
<arg>NA</arg>
<arg>NC</arg>
<arg>NE</arg>
<arg>NF</arg>
<arg>NG</arg>
<arg>NI</arg>
<arg>NL</arg>
<arg>NO</arg>
<arg>NP</arg>
<arg>NR</arg>
<arg>NU</arg>
<arg>NZ</arg>
<arg>OM</arg>
<arg>PA</arg>
<arg>PE</arg>
<arg>PF</arg>
<arg>PG</arg>
<arg>PH</arg>
<arg>PK</arg>
<arg>PL</arg>
<arg>PM</arg>
<arg>PN</arg>
<arg>PR</arg>
<arg>PS</arg>
<arg>PT</arg>
<arg>PW</arg>
<arg>PY</arg>
<arg>QA</arg>
<arg>RE</arg>
<arg>RO</arg>
<arg>RS</arg>
<arg>RU</arg>
<arg>RW</arg>
<arg>SA</arg>
<arg>SB</arg>
<arg>SC</arg>
<arg>SD</arg>
<arg>SE</arg>
<arg>SG</arg>
<arg>SH</arg>
<arg>SI</arg>
<arg>SJ</arg>
<arg>SK</arg>
<arg>SL</arg>
<arg>SM</arg>
<arg>SN</arg>
<arg>SO</arg>
<arg>SR</arg>
<arg>SS</arg>
<arg>ST</arg>
<arg>SV</arg>
<arg>SX</arg>
<arg>SY</arg>
<arg>SZ</arg>
<arg>TC</arg>
<arg>TD</arg>
<arg>TF</arg>
<arg>TG</arg>
<arg>TH</arg>
<arg>TJ</arg>
<arg>TK</arg>
<arg>TL</arg>
<arg>TM</arg>
<arg>TN</arg>
<arg>TO</arg>
<arg>TR</arg>
<arg>TT</arg>
<arg>TV</arg>
<arg>TW</arg>
<arg>TZ</arg>
<arg>UA</arg>
<arg>UG</arg>
<arg>UM</arg>
<arg>US</arg>
<arg>UY</arg>
<arg>UZ</arg>
<arg>VA</arg>
<arg>VC</arg>
<arg>VE</arg>
<arg>VG</arg>
<arg>VI</arg>
<arg>VN</arg>
<arg>VU</arg>
<arg>WF</arg>
<arg>WS</arg>
<arg>XK</arg>
<arg>YE</arg>
<arg>YT</arg>
<arg>ZA</arg>
<arg>ZM</arg>
<arg>ZW</arg>
<doc>Returns a list containing given items.</doc>
<status status="PASS" start="2024-08-08T12:31:00.364207" elapsed="0.000649"/>
</kw>
<kw name="List Should Contain Value" owner="Collections">
<arg>${list_country}</arg>
<arg>${name_country}</arg>
<doc>Fails if the ``value`` is not found from ``list``.</doc>
<status status="PASS" start="2024-08-08T12:31:00.365836" elapsed="0.000210"/>
</kw>
<kw name="Run Keyword If" owner="BuiltIn">
<kw name="Should Be True" owner="BuiltIn">
<arg>${True}</arg>
<doc>Fails if the given condition is not true.</doc>
<status status="PASS" start="2024-08-08T12:31:00.366996" elapsed="0.000142"/>
</kw>
<arg>${json_data["results"][0]["location"]["coordinates"]["latitude"]} &gt;= -90 and ${json_data["results"][0]["location"]["coordinates"]["latitude"]} &lt;= 90</arg>
<arg>Should Be True</arg>
<arg>${True}</arg>
<doc>Runs the given keyword with the given arguments, if ``condition`` is true.</doc>
<status status="PASS" start="2024-08-08T12:31:00.366243" elapsed="0.001020"/>
</kw>
<kw name="Run Keyword If" owner="BuiltIn">
<kw name="Should Be True" owner="BuiltIn">
<arg>${True}</arg>
<doc>Fails if the given condition is not true.</doc>
<status status="PASS" start="2024-08-08T12:31:00.368132" elapsed="0.000158"/>
</kw>
<arg>${json_data["results"][0]["location"]["coordinates"]["longitude"]} &gt;= -180 and ${json_data["results"][0]["location"]["coordinates"]["longitude"]} &lt;= 180</arg>
<arg>Should Be True</arg>
<arg>${True}</arg>
<doc>Runs the given keyword with the given arguments, if ``condition`` is true.</doc>
<status status="PASS" start="2024-08-08T12:31:00.367446" elapsed="0.000977"/>
</kw>
<status status="PASS" start="2024-08-08T12:30:56.509995" elapsed="3.858561"/>
</kw>
<doc>Testa o conteúdo específico dos campos retornados pela API.</doc>
<tag>testeConteudo</tag>
<status status="PASS" start="2024-08-08T12:30:56.509525" elapsed="3.859190"/>
</test>
<status status="PASS" start="2024-08-08T12:30:20.556047" elapsed="39.814604"/>
</suite>
<status status="PASS" start="2024-08-08T12:30:20.541849" elapsed="39.833827"/>
</suite>
<statistics>
<total>
<stat pass="5" fail="0" skip="0">All Tests</stat>
</total>
<tag>
<stat pass="1" fail="0" skip="0">testeConteudo</stat>
<stat pass="1" fail="0" skip="0">testeEstruturaResposta</stat>
<stat pass="1" fail="0" skip="0">testeRequisicaoBasica</stat>
<stat pass="1" fail="0" skip="0">testeTiposDados</stat>
</tag>
<suite>
<stat pass="5" fail="0" skip="0" id="s1" name="Tests">Tests</stat>
<stat pass="5" fail="0" skip="0" id="s1-s1" name="Random-User-Test">Tests.Random-User-Test</stat>
</suite>
</statistics>
<errors>
</errors>
</robot>
