<?xml version="1.0" encoding="UTF-8"?>
<robot generator="Robot 7.0 (Python 3.12.3 on linux)" generated="2024-05-15T10:15:40.748168" rpa="false" schemaversion="5">
<suite id="s1" name="Tests" source="/home/runner/work/DesafioQAItauRogerioJordao/DesafioQAItauRogerioJordao/RamdonUser/tests">
<suite id="s1-s1" name="Random-User-Test" source="/home/runner/work/DesafioQAItauRogerioJordao/DesafioQAItauRogerioJordao/RamdonUser/tests/random-user-test.robot">
<test id="s1-s1-t1" name="Conectar" line="13">
<kw name="Conectar API" owner="random-user-service">
<kw name="Create Session" owner="RequestsLibrary">
<msg time="2024-05-15T10:15:41.122514" level="INFO">Creating Session using : alias=consultarAPI, url=https://randomuser.me/, headers={},                     cookies={}, auth=None, timeout=None, proxies=None, verify=False,                     debug=0 </msg>
<arg>consultarAPI</arg>
<arg>${URL}</arg>
<doc>Create Session: create a HTTP session to a server</doc>
<status status="PASS" start="2024-05-15T10:15:41.122303" elapsed="0.000420"/>
</kw>
<status status="PASS" start="2024-05-15T10:15:41.121292" elapsed="0.001802"/>
</kw>
<status status="PASS" start="2024-05-15T10:15:41.120557" elapsed="0.002734"/>
</test>
<test id="s1-s1-t2" name="Validar retorno 200 e JSON Válido" line="16">
<kw name="Teste de Requisicao Basica" owner="random-user-service">
<kw name="GET On Session" owner="RequestsLibrary">
<msg time="2024-05-15T10:15:41.307633" level="INFO">GET Request : url=https://randomuser.me/api 
 path_url=/api 
 headers={'User-Agent': 'python-requests/2.31.0', 'Accept-Encoding': 'gzip, deflate', 'Accept': '*/*', 'Connection': 'keep-alive'} 
 body=None 
 </msg>
<msg time="2024-05-15T10:15:41.307806" level="INFO">GET Response : url=https://randomuser.me/api 
 status=200, reason=OK 
 headers={'Date': 'Wed, 15 May 2024 10:15:41 GMT', 'Content-Type': 'application/json; charset=utf-8', 'Transfer-Encoding': 'chunked', 'Connection': 'keep-alive', 'X-Powered-By': 'Express', 'Access-Control-Allow-Origin': '*', 'Cache-Control': 'no-cache', 'ETag': 'W/"4b3-//yaPMY27WWfZn5iwz2SDSsXE9A"', 'Vary': 'Accept-Encoding', 'Content-Encoding': 'gzip', 'CF-Cache-Status': 'DYNAMIC', 'Report-To': '{"endpoints":[{"url":"https:\\/\\/a.nel.cloudflare.com\\/report\\/v4?s=DxwU%2FAYMnBWq40Hd8HTnfcRwNCIIkc1rIHAPC%2FUpYvVur90iBVnIbIJSoHoADHBp0I%2BCGdeEgPt%2FrCmPPv27qKaK6quc%2Fs7wEjNpB5Tw458Wz9geBmgIe%2Fb%2Bu2fXirHF"}],"group":"cf-nel","max_age":604800}', 'NEL': '{"success_fraction":0,"report_to":"cf-nel","max_age":604800}', 'Server': 'cloudflare', 'CF-RAY': '88425e42fccd9c88-IAD', 'alt-svc': 'h3=":443"; ma=86400'} 
 body={"results":[{"gender":"female","name":{"title":"Ms","first":"Gissele","last":"Nunes"},"location":{"street":{"number":9999,"name":"Rua João Xxiii"},"city":"Aparecida de Goiânia","state":"Maranhão","country":"Brazil","postcode":91885,"coordinates":{"latitude":"-77.7081","longitude":"10.3118"},"timezone":{"offset":"-5:00","description":"Eastern Time (US &amp; Canada), Bogota, Lima"}},"email":"gissele.nunes@example.com","login":{"uuid":"6bd3f605-e690-4fbd-99a5-a17f50b5e2a4","username":"goldenostrich208","password":"newpass6","salt":"zLc7S1eJ","md5":"b31fa7bfee0ee5f606215ca009ecd224","sha1":"98b161213967e57516deab5a0eae9b39d18c941c","sha256":"022928646b42485943ad77ebc2350ea0bfdfd92f51608882d8656df300b8b6bf"},"dob":{"date":"1972-12-21T14:43:41.250Z","age":51},"registered":{"date":"2022-04-16T23:53:04.826Z","age":2},"phone":"(07) 3816-2631","cell":"(02) 8062-0981","id":{"name":"CPF","value":"804.049.493-63"},"picture":{"large":"https://randomuser.me/api/portraits/women/31.jpg","medium":"https://randomuser.me/api/portraits/med/women/31.jpg","thumbnail":"https://randomuser.me/api/portraits/thumb/women/31.jpg"},"nat":"BR"}],"info":{"seed":"53004344c93c3f45","results":1,"page":1,"version":"1.4"}} 
 </msg>
<msg time="2024-05-15T10:15:41.307908" level="INFO">/opt/hostedtoolcache/Python/3.12.3/x64/lib/python3.12/site-packages/urllib3/connectionpool.py:1103: InsecureRequestWarning: Unverified HTTPS request is being made to host 'randomuser.me'. Adding certificate verification is strongly advised. See: https://urllib3.readthedocs.io/en/latest/advanced-usage.html#tls-warnings
  warnings.warn(</msg>
<msg time="2024-05-15T10:15:41.308097" level="INFO">${response} = &lt;Response [200]&gt;</msg>
<var>${response}</var>
<arg>consultarAPI</arg>
<arg>/api</arg>
<doc>Sends a GET request on a previously created HTTP Session.</doc>
<status status="PASS" start="2024-05-15T10:15:41.126037" elapsed="0.182099"/>
</kw>
<kw name="Should Be Equal As Numbers" owner="BuiltIn">
<msg time="2024-05-15T10:15:41.309242" level="INFO">Argument types are:
&lt;class 'int'&gt;
&lt;class 'str'&gt;</msg>
<arg>${response.status_code}</arg>
<arg>200</arg>
<doc>Fails if objects are unequal after converting them to real numbers.</doc>
<status status="PASS" start="2024-05-15T10:15:41.308737" elapsed="0.000573"/>
</kw>
<kw name="Log" owner="BuiltIn">
<msg time="2024-05-15T10:15:41.310040" level="INFO">200</msg>
<arg>${response.status_code}</arg>
<doc>Logs the given message with the given level.</doc>
<status status="PASS" start="2024-05-15T10:15:41.309667" elapsed="0.000416"/>
</kw>
<kw name="Set Variable" owner="BuiltIn">
<msg time="2024-05-15T10:15:41.310856" level="INFO">${json_data} = {'results': [{'gender': 'female', 'name': {'title': 'Ms', 'first': 'Gissele', 'last': 'Nunes'}, 'location': {'street': {'number': 9999, 'name': 'Rua João Xxiii'}, 'city': 'Aparecida de Goiânia', 'stat...</msg>
<var>${json_data}</var>
<arg>${response.json()}</arg>
<doc>Returns the given values which can then be assigned to a variables.</doc>
<status status="PASS" start="2024-05-15T10:15:41.310393" elapsed="0.000493"/>
</kw>
<kw name="Dictionary Should Contain Key" owner="Collections">
<msg time="2024-05-15T10:15:41.311366" level="INFO">False</msg>
<arg>${json_data}</arg>
<arg>results</arg>
<doc>Fails if ``key`` is not found from ``dictionary``.</doc>
<status status="PASS" start="2024-05-15T10:15:41.311195" elapsed="0.000211"/>
</kw>
<status status="PASS" start="2024-05-15T10:15:41.125791" elapsed="0.185876"/>
</kw>
<doc>Testa se a API responde corretamente e retorna um objeto JSON válido.</doc>
<tag>testeRequisicaoBasica</tag>
<status status="PASS" start="2024-05-15T10:15:41.125199" elapsed="0.186658"/>
</test>
<test id="s1-s1-t3" name="Validar estrutura de resposta" line="22">
<kw name="Teste de Estrutura de Resposta" owner="random-user-service">
<kw name="GET On Session" owner="RequestsLibrary">
<msg time="2024-05-15T10:15:41.405590" level="INFO">GET Request : url=https://randomuser.me/api 
 path_url=/api 
 headers={'User-Agent': 'python-requests/2.31.0', 'Accept-Encoding': 'gzip, deflate', 'Accept': '*/*', 'Connection': 'keep-alive'} 
 body=None 
 </msg>
<msg time="2024-05-15T10:15:41.405690" level="INFO">GET Response : url=https://randomuser.me/api 
 status=200, reason=OK 
 headers={'Date': 'Wed, 15 May 2024 10:15:41 GMT', 'Content-Type': 'application/json; charset=utf-8', 'Transfer-Encoding': 'chunked', 'Connection': 'keep-alive', 'X-Powered-By': 'Express', 'Access-Control-Allow-Origin': '*', 'Cache-Control': 'no-cache', 'ETag': 'W/"494-3J/N5urudGjOSA37TWraPtUeGcQ"', 'Vary': 'Accept-Encoding', 'Content-Encoding': 'gzip', 'CF-Cache-Status': 'DYNAMIC', 'Report-To': '{"endpoints":[{"url":"https:\\/\\/a.nel.cloudflare.com\\/report\\/v4?s=mJuehgOceRIwg1Q7uoadTdeax0pPe0vLcb%2Fw1Igll3dOViYHC%2FLmIj4%2F20OrPutQBvRGHFYCiEnzLiy9GSoMZdJtfj79ONSoo7ZR%2BLRVAgtupv04SbUHeweQPf8D3RDE"}],"group":"cf-nel","max_age":604800}', 'NEL': '{"success_fraction":0,"report_to":"cf-nel","max_age":604800}', 'Server': 'cloudflare', 'CF-RAY': '88425e433d079c88-IAD', 'alt-svc': 'h3=":443"; ma=86400'} 
 body={"results":[{"gender":"female","name":{"title":"Miss","first":"Annelie","last":"Bley"},"location":{"street":{"number":8614,"name":"Kapellenweg"},"city":"Steinfurt","state":"Bremen","country":"Germany","postcode":23660,"coordinates":{"latitude":"-50.7120","longitude":"151.7783"},"timezone":{"offset":"+4:00","description":"Abu Dhabi, Muscat, Baku, Tbilisi"}},"email":"annelie.bley@example.com","login":{"uuid":"100ad7d4-2f23-4685-a2f7-cf2ba0a9e5b1","username":"heavypeacock944","password":"willy","salt":"7klxHukk","md5":"d65698d0208c8d4b31cdc3c3ccc30881","sha1":"c7dbd9bf1b68b8a68991b6b1a0181c9fe092736d","sha256":"58f8279e61e3d44a8459156564a5e113f231d1eef4c191b52812cc4cfb67de36"},"dob":{"date":"1954-01-15T06:38:04.513Z","age":70},"registered":{"date":"2016-07-13T09:28:13.524Z","age":7},"phone":"0065-8361827","cell":"0172-0502284","id":{"name":"SVNR","value":"48 150154 B 768"},"picture":{"large":"https://randomuser.me/api/portraits/women/63.jpg","medium":"https://randomuser.me/api/portraits/med/women/63.jpg","thumbnail":"https://randomuser.me/api/portraits/thumb/women/63.jpg"},"nat":"DE"}],"info":{"seed":"5cdc09494f24c70e","results":1,"page":1,"version":"1.4"}} 
 </msg>
<msg time="2024-05-15T10:15:41.405815" level="INFO">/opt/hostedtoolcache/Python/3.12.3/x64/lib/python3.12/site-packages/urllib3/connectionpool.py:1103: InsecureRequestWarning: Unverified HTTPS request is being made to host 'randomuser.me'. Adding certificate verification is strongly advised. See: https://urllib3.readthedocs.io/en/latest/advanced-usage.html#tls-warnings
  warnings.warn(</msg>
<msg time="2024-05-15T10:15:41.405986" level="INFO">${response} = &lt;Response [200]&gt;</msg>
<var>${response}</var>
<arg>consultarAPI</arg>
<arg>/api</arg>
<doc>Sends a GET request on a previously created HTTP Session.</doc>
<status status="PASS" start="2024-05-15T10:15:41.314684" elapsed="0.091339"/>
</kw>
<kw name="Set Variable" owner="BuiltIn">
<msg time="2024-05-15T10:15:41.407046" level="INFO">${json_data} = {'results': [{'gender': 'female', 'name': {'title': 'Miss', 'first': 'Annelie', 'last': 'Bley'}, 'location': {'street': {'number': 8614, 'name': 'Kapellenweg'}, 'city': 'Steinfurt', 'state': 'Bremen',...</msg>
<var>${json_data}</var>
<arg>${response.json()}</arg>
<doc>Returns the given values which can then be assigned to a variables.</doc>
<status status="PASS" start="2024-05-15T10:15:41.406520" elapsed="0.000554"/>
</kw>
<kw name="Log" owner="BuiltIn">
<msg time="2024-05-15T10:15:41.407547" level="INFO">{'results': [{'gender': 'female', 'name': {'title': 'Miss', 'first': 'Annelie', 'last': 'Bley'}, 'location': {'street': {'number': 8614, 'name': 'Kapellenweg'}, 'city': 'Steinfurt', 'state': 'Bremen', 'country': 'Germany', 'postcode': 23660, 'coordinates': {'latitude': '-50.7120', 'longitude': '151.7783'}, 'timezone': {'offset': '+4:00', 'description': 'Abu Dhabi, Muscat, Baku, Tbilisi'}}, 'email': 'annelie.bley@example.com', 'login': {'uuid': '100ad7d4-2f23-4685-a2f7-cf2ba0a9e5b1', 'username': 'heavypeacock944', 'password': 'willy', 'salt': '7klxHukk', 'md5': 'd65698d0208c8d4b31cdc3c3ccc30881', 'sha1': 'c7dbd9bf1b68b8a68991b6b1a0181c9fe092736d', 'sha256': '58f8279e61e3d44a8459156564a5e113f231d1eef4c191b52812cc4cfb67de36'}, 'dob': {'date': '1954-01-15T06:38:04.513Z', 'age': 70}, 'registered': {'date': '2016-07-13T09:28:13.524Z', 'age': 7}, 'phone': '0065-8361827', 'cell': '0172-0502284', 'id': {'name': 'SVNR', 'value': '48 150154 B 768'}, 'picture': {'large': 'https://randomuser.me/api/portraits/women/63.jpg', 'medium': 'https://randomuser.me/api/portraits/med/women/63.jpg', 'thumbnail': 'https://randomuser.me/api/portraits/thumb/women/63.jpg'}, 'nat': 'DE'}], 'info': {'seed': '5cdc09494f24c70e', 'results': 1, 'page': 1, 'version': '1.4'}}</msg>
<arg>${json_data}</arg>
<doc>Logs the given message with the given level.</doc>
<status status="PASS" start="2024-05-15T10:15:41.407380" elapsed="0.000217"/>
</kw>
<kw name="Dictionary Should Contain Key" owner="Collections">
<msg time="2024-05-15T10:15:41.408054" level="INFO">False</msg>
<arg>${json_data}</arg>
<arg>results</arg>
<doc>Fails if ``key`` is not found from ``dictionary``.</doc>
<status status="PASS" start="2024-05-15T10:15:41.407897" elapsed="0.000196"/>
</kw>
<kw name="Should Not Be Empty" owner="BuiltIn">
<msg time="2024-05-15T10:15:41.408521" level="INFO">Length is 2.</msg>
<arg>${json_data}</arg>
<doc>Verifies that the given item is not empty.</doc>
<status status="PASS" start="2024-05-15T10:15:41.408384" elapsed="0.000176"/>
</kw>
<kw name="Create List" owner="BuiltIn">
<msg time="2024-05-15T10:15:41.409217" level="INFO">${expected_keys} = ['gender', 'name', 'location', 'email', 'login']</msg>
<var>${expected_keys}</var>
<arg>gender</arg>
<arg>name</arg>
<arg>location</arg>
<arg>email</arg>
<arg>login</arg>
<doc>Returns a list containing given items.</doc>
<status status="PASS" start="2024-05-15T10:15:41.408871" elapsed="0.000373"/>
</kw>
<for flavor="IN">
<iter>
<kw name="Dictionary Should Contain Key" owner="Collections">
<msg time="2024-05-15T10:15:41.410284" level="INFO">False</msg>
<arg>${json_data['results'][0]}</arg>
<arg>${key}</arg>
<doc>Fails if ``key`` is not found from ``dictionary``.</doc>
<status status="PASS" start="2024-05-15T10:15:41.409882" elapsed="0.000441"/>
</kw>
<kw name="Log" owner="BuiltIn">
<msg time="2024-05-15T10:15:41.410993" level="INFO">{'gender': 'female', 'name': {'title': 'Miss', 'first': 'Annelie', 'last': 'Bley'}, 'location': {'street': {'number': 8614, 'name': 'Kapellenweg'}, 'city': 'Steinfurt', 'state': 'Bremen', 'country': 'Germany', 'postcode': 23660, 'coordinates': {'latitude': '-50.7120', 'longitude': '151.7783'}, 'timezone': {'offset': '+4:00', 'description': 'Abu Dhabi, Muscat, Baku, Tbilisi'}}, 'email': 'annelie.bley@example.com', 'login': {'uuid': '100ad7d4-2f23-4685-a2f7-cf2ba0a9e5b1', 'username': 'heavypeacock944', 'password': 'willy', 'salt': '7klxHukk', 'md5': 'd65698d0208c8d4b31cdc3c3ccc30881', 'sha1': 'c7dbd9bf1b68b8a68991b6b1a0181c9fe092736d', 'sha256': '58f8279e61e3d44a8459156564a5e113f231d1eef4c191b52812cc4cfb67de36'}, 'dob': {'date': '1954-01-15T06:38:04.513Z', 'age': 70}, 'registered': {'date': '2016-07-13T09:28:13.524Z', 'age': 7}, 'phone': '0065-8361827', 'cell': '0172-0502284', 'id': {'name': 'SVNR', 'value': '48 150154 B 768'}, 'picture': {'large': 'https://randomuser.me/api/portraits/women/63.jpg', 'medium': 'https://randomuser.me/api/portraits/med/women/63.jpg', 'thumbnail': 'https://randomuser.me/api/portraits/thumb/women/63.jpg'}, 'nat': 'DE'}</msg>
<arg>${json_data['results'][0]}</arg>
<doc>Logs the given message with the given level.</doc>
<status status="PASS" start="2024-05-15T10:15:41.410624" elapsed="0.000419"/>
</kw>
<kw name="Log" owner="BuiltIn">
<msg time="2024-05-15T10:15:41.411465" level="INFO">gender</msg>
<arg>${key}</arg>
<doc>Logs the given message with the given level.</doc>
<status status="PASS" start="2024-05-15T10:15:41.411339" elapsed="0.000163"/>
</kw>
<var name="${key}">gender</var>
<status status="PASS" start="2024-05-15T10:15:41.409754" elapsed="0.001961"/>
</iter>
<iter>
<kw name="Dictionary Should Contain Key" owner="Collections">
<msg time="2024-05-15T10:15:41.412407" level="INFO">False</msg>
<arg>${json_data['results'][0]}</arg>
<arg>${key}</arg>
<doc>Fails if ``key`` is not found from ``dictionary``.</doc>
<status status="PASS" start="2024-05-15T10:15:41.412016" elapsed="0.000428"/>
</kw>
<kw name="Log" owner="BuiltIn">
<msg time="2024-05-15T10:15:41.413163" level="INFO">{'gender': 'female', 'name': {'title': 'Miss', 'first': 'Annelie', 'last': 'Bley'}, 'location': {'street': {'number': 8614, 'name': 'Kapellenweg'}, 'city': 'Steinfurt', 'state': 'Bremen', 'country': 'Germany', 'postcode': 23660, 'coordinates': {'latitude': '-50.7120', 'longitude': '151.7783'}, 'timezone': {'offset': '+4:00', 'description': 'Abu Dhabi, Muscat, Baku, Tbilisi'}}, 'email': 'annelie.bley@example.com', 'login': {'uuid': '100ad7d4-2f23-4685-a2f7-cf2ba0a9e5b1', 'username': 'heavypeacock944', 'password': 'willy', 'salt': '7klxHukk', 'md5': 'd65698d0208c8d4b31cdc3c3ccc30881', 'sha1': 'c7dbd9bf1b68b8a68991b6b1a0181c9fe092736d', 'sha256': '58f8279e61e3d44a8459156564a5e113f231d1eef4c191b52812cc4cfb67de36'}, 'dob': {'date': '1954-01-15T06:38:04.513Z', 'age': 70}, 'registered': {'date': '2016-07-13T09:28:13.524Z', 'age': 7}, 'phone': '0065-8361827', 'cell': '0172-0502284', 'id': {'name': 'SVNR', 'value': '48 150154 B 768'}, 'picture': {'large': 'https://randomuser.me/api/portraits/women/63.jpg', 'medium': 'https://randomuser.me/api/portraits/med/women/63.jpg', 'thumbnail': 'https://randomuser.me/api/portraits/thumb/women/63.jpg'}, 'nat': 'DE'}</msg>
<arg>${json_data['results'][0]}</arg>
<doc>Logs the given message with the given level.</doc>
<status status="PASS" start="2024-05-15T10:15:41.412769" elapsed="0.000455"/>
</kw>
<kw name="Log" owner="BuiltIn">
<msg time="2024-05-15T10:15:41.413665" level="INFO">name</msg>
<arg>${key}</arg>
<doc>Logs the given message with the given level.</doc>
<status status="PASS" start="2024-05-15T10:15:41.413536" elapsed="0.000167"/>
</kw>
<var name="${key}">name</var>
<status status="PASS" start="2024-05-15T10:15:41.411902" elapsed="0.002016"/>
</iter>
<iter>
<kw name="Dictionary Should Contain Key" owner="Collections">
<msg time="2024-05-15T10:15:41.414604" level="INFO">False</msg>
<arg>${json_data['results'][0]}</arg>
<arg>${key}</arg>
<doc>Fails if ``key`` is not found from ``dictionary``.</doc>
<status status="PASS" start="2024-05-15T10:15:41.414213" elapsed="0.000429"/>
</kw>
<kw name="Log" owner="BuiltIn">
<msg time="2024-05-15T10:15:41.415309" level="INFO">{'gender': 'female', 'name': {'title': 'Miss', 'first': 'Annelie', 'last': 'Bley'}, 'location': {'street': {'number': 8614, 'name': 'Kapellenweg'}, 'city': 'Steinfurt', 'state': 'Bremen', 'country': 'Germany', 'postcode': 23660, 'coordinates': {'latitude': '-50.7120', 'longitude': '151.7783'}, 'timezone': {'offset': '+4:00', 'description': 'Abu Dhabi, Muscat, Baku, Tbilisi'}}, 'email': 'annelie.bley@example.com', 'login': {'uuid': '100ad7d4-2f23-4685-a2f7-cf2ba0a9e5b1', 'username': 'heavypeacock944', 'password': 'willy', 'salt': '7klxHukk', 'md5': 'd65698d0208c8d4b31cdc3c3ccc30881', 'sha1': 'c7dbd9bf1b68b8a68991b6b1a0181c9fe092736d', 'sha256': '58f8279e61e3d44a8459156564a5e113f231d1eef4c191b52812cc4cfb67de36'}, 'dob': {'date': '1954-01-15T06:38:04.513Z', 'age': 70}, 'registered': {'date': '2016-07-13T09:28:13.524Z', 'age': 7}, 'phone': '0065-8361827', 'cell': '0172-0502284', 'id': {'name': 'SVNR', 'value': '48 150154 B 768'}, 'picture': {'large': 'https://randomuser.me/api/portraits/women/63.jpg', 'medium': 'https://randomuser.me/api/portraits/med/women/63.jpg', 'thumbnail': 'https://randomuser.me/api/portraits/thumb/women/63.jpg'}, 'nat': 'DE'}</msg>
<arg>${json_data['results'][0]}</arg>
<doc>Logs the given message with the given level.</doc>
<status status="PASS" start="2024-05-15T10:15:41.414939" elapsed="0.000418"/>
</kw>
<kw name="Log" owner="BuiltIn">
<msg time="2024-05-15T10:15:41.415772" level="INFO">location</msg>
<arg>${key}</arg>
<doc>Logs the given message with the given level.</doc>
<status status="PASS" start="2024-05-15T10:15:41.415648" elapsed="0.000161"/>
</kw>
<var name="${key}">location</var>
<status status="PASS" start="2024-05-15T10:15:41.414100" elapsed="0.001922"/>
</iter>
<iter>
<kw name="Dictionary Should Contain Key" owner="Collections">
<msg time="2024-05-15T10:15:41.416693" level="INFO">False</msg>
<arg>${json_data['results'][0]}</arg>
<arg>${key}</arg>
<doc>Fails if ``key`` is not found from ``dictionary``.</doc>
<status status="PASS" start="2024-05-15T10:15:41.416306" elapsed="0.000423"/>
</kw>
<kw name="Log" owner="BuiltIn">
<msg time="2024-05-15T10:15:41.417415" level="INFO">{'gender': 'female', 'name': {'title': 'Miss', 'first': 'Annelie', 'last': 'Bley'}, 'location': {'street': {'number': 8614, 'name': 'Kapellenweg'}, 'city': 'Steinfurt', 'state': 'Bremen', 'country': 'Germany', 'postcode': 23660, 'coordinates': {'latitude': '-50.7120', 'longitude': '151.7783'}, 'timezone': {'offset': '+4:00', 'description': 'Abu Dhabi, Muscat, Baku, Tbilisi'}}, 'email': 'annelie.bley@example.com', 'login': {'uuid': '100ad7d4-2f23-4685-a2f7-cf2ba0a9e5b1', 'username': 'heavypeacock944', 'password': 'willy', 'salt': '7klxHukk', 'md5': 'd65698d0208c8d4b31cdc3c3ccc30881', 'sha1': 'c7dbd9bf1b68b8a68991b6b1a0181c9fe092736d', 'sha256': '58f8279e61e3d44a8459156564a5e113f231d1eef4c191b52812cc4cfb67de36'}, 'dob': {'date': '1954-01-15T06:38:04.513Z', 'age': 70}, 'registered': {'date': '2016-07-13T09:28:13.524Z', 'age': 7}, 'phone': '0065-8361827', 'cell': '0172-0502284', 'id': {'name': 'SVNR', 'value': '48 150154 B 768'}, 'picture': {'large': 'https://randomuser.me/api/portraits/women/63.jpg', 'medium': 'https://randomuser.me/api/portraits/med/women/63.jpg', 'thumbnail': 'https://randomuser.me/api/portraits/thumb/women/63.jpg'}, 'nat': 'DE'}</msg>
<arg>${json_data['results'][0]}</arg>
<doc>Logs the given message with the given level.</doc>
<status status="PASS" start="2024-05-15T10:15:41.417030" elapsed="0.000434"/>
</kw>
<kw name="Log" owner="BuiltIn">
<msg time="2024-05-15T10:15:41.417881" level="INFO">email</msg>
<arg>${key}</arg>
<doc>Logs the given message with the given level.</doc>
<status status="PASS" start="2024-05-15T10:15:41.417755" elapsed="0.000162"/>
</kw>
<var name="${key}">email</var>
<status status="PASS" start="2024-05-15T10:15:41.416196" elapsed="0.001942"/>
</iter>
<iter>
<kw name="Dictionary Should Contain Key" owner="Collections">
<msg time="2024-05-15T10:15:41.418814" level="INFO">False</msg>
<arg>${json_data['results'][0]}</arg>
<arg>${key}</arg>
<doc>Fails if ``key`` is not found from ``dictionary``.</doc>
<status status="PASS" start="2024-05-15T10:15:41.418419" elapsed="0.000431"/>
</kw>
<kw name="Log" owner="BuiltIn">
<msg time="2024-05-15T10:15:41.419508" level="INFO">{'gender': 'female', 'name': {'title': 'Miss', 'first': 'Annelie', 'last': 'Bley'}, 'location': {'street': {'number': 8614, 'name': 'Kapellenweg'}, 'city': 'Steinfurt', 'state': 'Bremen', 'country': 'Germany', 'postcode': 23660, 'coordinates': {'latitude': '-50.7120', 'longitude': '151.7783'}, 'timezone': {'offset': '+4:00', 'description': 'Abu Dhabi, Muscat, Baku, Tbilisi'}}, 'email': 'annelie.bley@example.com', 'login': {'uuid': '100ad7d4-2f23-4685-a2f7-cf2ba0a9e5b1', 'username': 'heavypeacock944', 'password': 'willy', 'salt': '7klxHukk', 'md5': 'd65698d0208c8d4b31cdc3c3ccc30881', 'sha1': 'c7dbd9bf1b68b8a68991b6b1a0181c9fe092736d', 'sha256': '58f8279e61e3d44a8459156564a5e113f231d1eef4c191b52812cc4cfb67de36'}, 'dob': {'date': '1954-01-15T06:38:04.513Z', 'age': 70}, 'registered': {'date': '2016-07-13T09:28:13.524Z', 'age': 7}, 'phone': '0065-8361827', 'cell': '0172-0502284', 'id': {'name': 'SVNR', 'value': '48 150154 B 768'}, 'picture': {'large': 'https://randomuser.me/api/portraits/women/63.jpg', 'medium': 'https://randomuser.me/api/portraits/med/women/63.jpg', 'thumbnail': 'https://randomuser.me/api/portraits/thumb/women/63.jpg'}, 'nat': 'DE'}</msg>
<arg>${json_data['results'][0]}</arg>
<doc>Logs the given message with the given level.</doc>
<status status="PASS" start="2024-05-15T10:15:41.419143" elapsed="0.000412"/>
</kw>
<kw name="Log" owner="BuiltIn">
<msg time="2024-05-15T10:15:41.419978" level="INFO">login</msg>
<arg>${key}</arg>
<doc>Logs the given message with the given level.</doc>
<status status="PASS" start="2024-05-15T10:15:41.419852" elapsed="0.000164"/>
</kw>
<var name="${key}">login</var>
<status status="PASS" start="2024-05-15T10:15:41.418309" elapsed="0.001950"/>
</iter>
<var>${key}</var>
<value>@{expected_keys}</value>
<status status="PASS" start="2024-05-15T10:15:41.409552" elapsed="0.010834"/>
</for>
<kw name="Create List" owner="BuiltIn">
<msg time="2024-05-15T10:15:41.420717" level="INFO">${expected_keysTwo} = ['username', 'password']</msg>
<var>${expected_keysTwo}</var>
<arg>username</arg>
<arg>password</arg>
<doc>Returns a list containing given items.</doc>
<status status="PASS" start="2024-05-15T10:15:41.420579" elapsed="0.000162"/>
</kw>
<for flavor="IN">
<iter>
<kw name="Dictionary Should Contain Key" owner="Collections">
<msg time="2024-05-15T10:15:41.421683" level="INFO">False</msg>
<arg>${json_data['results'][0]['login']}</arg>
<arg>${keyTwo}</arg>
<doc>Fails if ``key`` is not found from ``dictionary``.</doc>
<status status="PASS" start="2024-05-15T10:15:41.421287" elapsed="0.000433"/>
</kw>
<kw name="Dictionary Should Contain Key" owner="Collections">
<msg time="2024-05-15T10:15:41.422394" level="INFO">False</msg>
<arg>${json_data['results'][0]['login']}</arg>
<arg>${keyTwo}</arg>
<doc>Fails if ``key`` is not found from ``dictionary``.</doc>
<status status="PASS" start="2024-05-15T10:15:41.422014" elapsed="0.000416"/>
</kw>
<kw name="Log" owner="BuiltIn">
<msg time="2024-05-15T10:15:41.422843" level="INFO">username</msg>
<arg>${keyTwo}</arg>
<doc>Logs the given message with the given level.</doc>
<status status="PASS" start="2024-05-15T10:15:41.422720" elapsed="0.000166"/>
</kw>
<var name="${keyTwo}">username</var>
<status status="PASS" start="2024-05-15T10:15:41.421166" elapsed="0.001933"/>
</iter>
<iter>
<kw name="Dictionary Should Contain Key" owner="Collections">
<msg time="2024-05-15T10:15:41.423765" level="INFO">False</msg>
<arg>${json_data['results'][0]['login']}</arg>
<arg>${keyTwo}</arg>
<doc>Fails if ``key`` is not found from ``dictionary``.</doc>
<status status="PASS" start="2024-05-15T10:15:41.423379" elapsed="0.000423"/>
</kw>
<kw name="Dictionary Should Contain Key" owner="Collections">
<msg time="2024-05-15T10:15:41.424560" level="INFO">False</msg>
<arg>${json_data['results'][0]['login']}</arg>
<arg>${keyTwo}</arg>
<doc>Fails if ``key`` is not found from ``dictionary``.</doc>
<status status="PASS" start="2024-05-15T10:15:41.424091" elapsed="0.000507"/>
</kw>
<kw name="Log" owner="BuiltIn">
<msg time="2024-05-15T10:15:41.425024" level="INFO">password</msg>
<arg>${keyTwo}</arg>
<doc>Logs the given message with the given level.</doc>
<status status="PASS" start="2024-05-15T10:15:41.424893" elapsed="0.000169"/>
</kw>
<var name="${keyTwo}">password</var>
<status status="PASS" start="2024-05-15T10:15:41.423269" elapsed="0.002038"/>
</iter>
<var>${keyTwo}</var>
<value>@{expected_keysTwo}</value>
<status status="PASS" start="2024-05-15T10:15:41.420978" elapsed="0.004450"/>
</for>
<status status="PASS" start="2024-05-15T10:15:41.314437" elapsed="0.111132"/>
</kw>
<doc>Testa a estrutura da resposta da API.</doc>
<tag>testeEstruturaResposta</tag>
<status status="PASS" start="2024-05-15T10:15:41.313781" elapsed="0.111948"/>
</test>
<test id="s1-s1-t4" name="Validar tipos de dados" line="28">
<kw name="Teste de Tipos de Dados" owner="random-user-service">
<kw name="GET On Session" owner="RequestsLibrary">
<msg time="2024-05-15T10:15:41.514086" level="INFO">GET Request : url=https://randomuser.me/api 
 path_url=/api 
 headers={'User-Agent': 'python-requests/2.31.0', 'Accept-Encoding': 'gzip, deflate', 'Accept': '*/*', 'Connection': 'keep-alive'} 
 body=None 
 </msg>
<msg time="2024-05-15T10:15:41.514195" level="INFO">GET Response : url=https://randomuser.me/api 
 status=200, reason=OK 
 headers={'Date': 'Wed, 15 May 2024 10:15:41 GMT', 'Content-Type': 'application/json; charset=utf-8', 'Transfer-Encoding': 'chunked', 'Connection': 'keep-alive', 'X-Powered-By': 'Express', 'Access-Control-Allow-Origin': '*', 'Cache-Control': 'no-cache', 'ETag': 'W/"48a-45kn6epsHpxKlx3fP0kiyg95Sk8"', 'Vary': 'Accept-Encoding', 'Content-Encoding': 'gzip', 'CF-Cache-Status': 'DYNAMIC', 'Report-To': '{"endpoints":[{"url":"https:\\/\\/a.nel.cloudflare.com\\/report\\/v4?s=rAKozDP%2FxSe%2F4IzbquRXBEsH1yPCwXSznpWtQBW6GYnAstpO3y%2FmE9Ng8r7wexvdSD%2F7qnEAZBeihAHtj3tbXTi6UWu5efg7b2kKySt3htL%2BIHEiQibgCNtJjnfyDaMN"}],"group":"cf-nel","max_age":604800}', 'NEL': '{"success_fraction":0,"report_to":"cf-nel","max_age":604800}', 'Server': 'cloudflare', 'CF-RAY': '88425e43fdcd9c88-IAD', 'alt-svc': 'h3=":443"; ma=86400'} 
 body={"results":[{"gender":"male","name":{"title":"Mr","first":"Karl","last":"Barnes"},"location":{"street":{"number":422,"name":"W Campbell Ave"},"city":"Paterson","state":"Maryland","country":"United States","postcode":54467,"coordinates":{"latitude":"82.5322","longitude":"-74.2314"},"timezone":{"offset":"-7:00","description":"Mountain Time (US &amp; Canada)"}},"email":"karl.barnes@example.com","login":{"uuid":"8020ea67-2ce1-4e66-890e-854d3c075adf","username":"angrywolf573","password":"mallory","salt":"iW5h3yyY","md5":"826a5bf8ae7c66ac8100ace54952b987","sha1":"711af364ba6671277561c1eaaf5b7560521a759e","sha256":"e2eb88f6adcd89f7ff27b4c593a6978a5a32bd3198e77456f0d72977de533854"},"dob":{"date":"1964-07-08T01:50:03.560Z","age":59},"registered":{"date":"2008-04-18T15:10:53.866Z","age":16},"phone":"(370) 536-8945","cell":"(342) 842-7218","id":{"name":"SSN","value":"742-79-0894"},"picture":{"large":"https://randomuser.me/api/portraits/men/84.jpg","medium":"https://randomuser.me/api/portraits/med/men/84.jpg","thumbnail":"https://randomuser.me/api/portraits/thumb/men/84.jpg"},"nat":"US"}],"info":{"seed":"c0d24a083b40a0fb","results":1,"page":1,"version":"1.4"}} 
 </msg>
<msg time="2024-05-15T10:15:41.514284" level="INFO">/opt/hostedtoolcache/Python/3.12.3/x64/lib/python3.12/site-packages/urllib3/connectionpool.py:1103: InsecureRequestWarning: Unverified HTTPS request is being made to host 'randomuser.me'. Adding certificate verification is strongly advised. See: https://urllib3.readthedocs.io/en/latest/advanced-usage.html#tls-warnings
  warnings.warn(</msg>
<msg time="2024-05-15T10:15:41.514412" level="INFO">${response} = &lt;Response [200]&gt;</msg>
<var>${response}</var>
<arg>consultarAPI</arg>
<arg>/api</arg>
<doc>Sends a GET request on a previously created HTTP Session.</doc>
<status status="PASS" start="2024-05-15T10:15:41.428208" elapsed="0.086245"/>
</kw>
<kw name="Set Variable" owner="BuiltIn">
<msg time="2024-05-15T10:15:41.515706" level="INFO">${json_data} = {'results': [{'gender': 'male', 'name': {'title': 'Mr', 'first': 'Karl', 'last': 'Barnes'}, 'location': {'street': {'number': 422, 'name': 'W Campbell Ave'}, 'city': 'Paterson', 'state': 'Maryland', '...</msg>
<var>${json_data}</var>
<arg>${response.json()}</arg>
<doc>Returns the given values which can then be assigned to a variables.</doc>
<status status="PASS" start="2024-05-15T10:15:41.515110" elapsed="0.000626"/>
</kw>
<kw name="Log" owner="BuiltIn">
<msg time="2024-05-15T10:15:41.516210" level="INFO">{'results': [{'gender': 'male', 'name': {'title': 'Mr', 'first': 'Karl', 'last': 'Barnes'}, 'location': {'street': {'number': 422, 'name': 'W Campbell Ave'}, 'city': 'Paterson', 'state': 'Maryland', 'country': 'United States', 'postcode': 54467, 'coordinates': {'latitude': '82.5322', 'longitude': '-74.2314'}, 'timezone': {'offset': '-7:00', 'description': 'Mountain Time (US &amp; Canada)'}}, 'email': 'karl.barnes@example.com', 'login': {'uuid': '8020ea67-2ce1-4e66-890e-854d3c075adf', 'username': 'angrywolf573', 'password': 'mallory', 'salt': 'iW5h3yyY', 'md5': '826a5bf8ae7c66ac8100ace54952b987', 'sha1': '711af364ba6671277561c1eaaf5b7560521a759e', 'sha256': 'e2eb88f6adcd89f7ff27b4c593a6978a5a32bd3198e77456f0d72977de533854'}, 'dob': {'date': '1964-07-08T01:50:03.560Z', 'age': 59}, 'registered': {'date': '2008-04-18T15:10:53.866Z', 'age': 16}, 'phone': '(370) 536-8945', 'cell': '(342) 842-7218', 'id': {'name': 'SSN', 'value': '742-79-0894'}, 'picture': {'large': 'https://randomuser.me/api/portraits/men/84.jpg', 'medium': 'https://randomuser.me/api/portraits/med/men/84.jpg', 'thumbnail': 'https://randomuser.me/api/portraits/thumb/men/84.jpg'}, 'nat': 'US'}], 'info': {'seed': 'c0d24a083b40a0fb', 'results': 1, 'page': 1, 'version': '1.4'}}</msg>
<arg>${json_data}</arg>
<doc>Logs the given message with the given level.</doc>
<status status="PASS" start="2024-05-15T10:15:41.516051" elapsed="0.000247"/>
</kw>
<kw name="Should Be String" owner="String">
<arg>${json_data['results'][0]['gender']}</arg>
<doc>Fails if the given ``item`` is not a string.</doc>
<status status="PASS" start="2024-05-15T10:15:41.516598" elapsed="0.000371"/>
</kw>
<kw name="Should Match Regexp" owner="BuiltIn">
<arg>${json_data['results'][0]['email']}</arg>
<arg>^[a-zA-Z0-9._%+-]+@[a-zA-Z0-9.-]+\.[a-zA-Z]{2,}$</arg>
<doc>Fails if ``string`` does not match ``pattern`` as a regular expression.</doc>
<status status="PASS" start="2024-05-15T10:15:41.517226" elapsed="0.000546"/>
</kw>
<kw name="Should Match Regexp" owner="BuiltIn">
<arg>${json_data['results'][0]['dob']['date']}</arg>
<arg>\\d{4}-\\d{2}-\\d{2}T\\d{2}:\\d{2}:\\d{2}\\.\\d{3}Z</arg>
<doc>Fails if ``string`` does not match ``pattern`` as a regular expression.</doc>
<status status="PASS" start="2024-05-15T10:15:41.517971" elapsed="0.000502"/>
</kw>
<kw name="Should Match Regexp" owner="BuiltIn">
<arg>${json_data['results'][0]['registered']['date']}</arg>
<arg>\\d{4}-\\d{2}-\\d{2}T\\d{2}:\\d{2}:\\d{2}\\.\\d{3}Z</arg>
<doc>Fails if ``string`` does not match ``pattern`` as a regular expression.</doc>
<status status="PASS" start="2024-05-15T10:15:41.518667" elapsed="0.000369"/>
</kw>
<kw name="Should Match Regexp" owner="BuiltIn">
<arg>${json_data['results'][0]['picture']['large']}</arg>
<arg>^https?://.*\.(?:png|jpe?g|gif|bmp)$</arg>
<doc>Fails if ``string`` does not match ``pattern`` as a regular expression.</doc>
<status status="PASS" start="2024-05-15T10:15:41.519221" elapsed="0.000459"/>
</kw>
<kw name="Should Match Regexp" owner="BuiltIn">
<arg>${json_data['results'][0]['picture']['medium']}</arg>
<arg>^https?://.*\.(?:png|jpe?g|gif|bmp)$</arg>
<doc>Fails if ``string`` does not match ``pattern`` as a regular expression.</doc>
<status status="PASS" start="2024-05-15T10:15:41.519868" elapsed="0.000362"/>
</kw>
<kw name="Should Match Regexp" owner="BuiltIn">
<arg>${json_data['results'][0]['picture']['thumbnail']}</arg>
<arg>^https?://.*\.(?:png|jpe?g|gif|bmp)$</arg>
<doc>Fails if ``string`` does not match ``pattern`` as a regular expression.</doc>
<status status="PASS" start="2024-05-15T10:15:41.520420" elapsed="0.000355"/>
</kw>
<kw name="Log" owner="BuiltIn">
<msg time="2024-05-15T10:15:41.521337" level="INFO">{'large': 'https://randomuser.me/api/portraits/men/84.jpg', 'medium': 'https://randomuser.me/api/portraits/med/men/84.jpg', 'thumbnail': 'https://randomuser.me/api/portraits/thumb/men/84.jpg'}</msg>
<arg>${json_data['results'][0]['picture']}</arg>
<doc>Logs the given message with the given level.</doc>
<status status="PASS" start="2024-05-15T10:15:41.520955" elapsed="0.000426"/>
</kw>
<status status="PASS" start="2024-05-15T10:15:41.427977" elapsed="0.093673"/>
</kw>
<kw name="Teste de Tipos de Dados - Postcode" owner="random-user-service">
<kw name="GET On Session" owner="RequestsLibrary">
<msg time="2024-05-15T10:15:41.607025" level="INFO">GET Request : url=https://randomuser.me/api 
 path_url=/api 
 headers={'User-Agent': 'python-requests/2.31.0', 'Accept-Encoding': 'gzip, deflate', 'Accept': '*/*', 'Connection': 'keep-alive'} 
 body=None 
 </msg>
<msg time="2024-05-15T10:15:41.607132" level="INFO">GET Response : url=https://randomuser.me/api 
 status=200, reason=OK 
 headers={'Date': 'Wed, 15 May 2024 10:15:41 GMT', 'Content-Type': 'application/json; charset=utf-8', 'Transfer-Encoding': 'chunked', 'Connection': 'keep-alive', 'X-Powered-By': 'Express', 'Access-Control-Allow-Origin': '*', 'Cache-Control': 'no-cache', 'ETag': 'W/"494-oWla7GCOD22/UMrgaLxuVkUK0SE"', 'Vary': 'Accept-Encoding', 'Content-Encoding': 'gzip', 'CF-Cache-Status': 'DYNAMIC', 'Report-To': '{"endpoints":[{"url":"https:\\/\\/a.nel.cloudflare.com\\/report\\/v4?s=XVsV7o5V3wPV4fdnqtNiCYsDS4eg4b%2Fc8krdJ4kb99GABfOp6lQ53UntR5j0mg15OhLYngtL9RjTeLZ1YHv1lhnoC3g7Si7Kk97mT5lPDPBm0LRk9cQRCVyeZk9ma3wV"}],"group":"cf-nel","max_age":604800}', 'NEL': '{"success_fraction":0,"report_to":"cf-nel","max_age":604800}', 'Server': 'cloudflare', 'CF-RAY': '88425e448e6a9c88-IAD', 'alt-svc': 'h3=":443"; ma=86400'} 
 body={"results":[{"gender":"female","name":{"title":"Ms","first":"Vishrutha","last":"Keshri"},"location":{"street":{"number":597,"name":"Bhootnath Rd"},"city":"Kulti","state":"Puducherry","country":"India","postcode":56451,"coordinates":{"latitude":"8.5336","longitude":"31.6979"},"timezone":{"offset":"+5:30","description":"Bombay, Calcutta, Madras, New Delhi"}},"email":"vishrutha.keshri@example.com","login":{"uuid":"f6bb018c-8872-44a0-accc-66009b8a077e","username":"smallgorilla484","password":"shasta","salt":"HDisPajX","md5":"c41f62db3127e6dd2dcd7efe3a554d11","sha1":"48fabc9ee72f042b388861cca22e69fcfdbfa24e","sha256":"bcdcc8af7b3796c9f55b74089675a47f6e31c76e2d56ffa5a044ad6f389647ce"},"dob":{"date":"1946-01-17T18:25:32.298Z","age":78},"registered":{"date":"2002-09-14T02:29:43.821Z","age":21},"phone":"9560448732","cell":"8325546661","id":{"name":"UIDAI","value":"180844320962"},"picture":{"large":"https://randomuser.me/api/portraits/women/58.jpg","medium":"https://randomuser.me/api/portraits/med/women/58.jpg","thumbnail":"https://randomuser.me/api/portraits/thumb/women/58.jpg"},"nat":"IN"}],"info":{"seed":"0d5f90cb4eebf4d0","results":1,"page":1,"version":"1.4"}} 
 </msg>
<msg time="2024-05-15T10:15:41.607235" level="INFO">/opt/hostedtoolcache/Python/3.12.3/x64/lib/python3.12/site-packages/urllib3/connectionpool.py:1103: InsecureRequestWarning: Unverified HTTPS request is being made to host 'randomuser.me'. Adding certificate verification is strongly advised. See: https://urllib3.readthedocs.io/en/latest/advanced-usage.html#tls-warnings
  warnings.warn(</msg>
<msg time="2024-05-15T10:15:41.607381" level="INFO">${response} = &lt;Response [200]&gt;</msg>
<var>${response}</var>
<arg>consultarAPI</arg>
<arg>/api</arg>
<doc>Sends a GET request on a previously created HTTP Session.</doc>
<status status="PASS" start="2024-05-15T10:15:41.522119" elapsed="0.085309"/>
</kw>
<kw name="Set Variable" owner="BuiltIn">
<msg time="2024-05-15T10:15:41.608674" level="INFO">${json_data} = {'results': [{'gender': 'female', 'name': {'title': 'Ms', 'first': 'Vishrutha', 'last': 'Keshri'}, 'location': {'street': {'number': 597, 'name': 'Bhootnath Rd'}, 'city': 'Kulti', 'state': 'Puducherry...</msg>
<var>${json_data}</var>
<arg>${response.json()}</arg>
<doc>Returns the given values which can then be assigned to a variables.</doc>
<status status="PASS" start="2024-05-15T10:15:41.608062" elapsed="0.000640"/>
</kw>
<kw name="Log" owner="BuiltIn">
<msg time="2024-05-15T10:15:41.609201" level="INFO">{'results': [{'gender': 'female', 'name': {'title': 'Ms', 'first': 'Vishrutha', 'last': 'Keshri'}, 'location': {'street': {'number': 597, 'name': 'Bhootnath Rd'}, 'city': 'Kulti', 'state': 'Puducherry', 'country': 'India', 'postcode': 56451, 'coordinates': {'latitude': '8.5336', 'longitude': '31.6979'}, 'timezone': {'offset': '+5:30', 'description': 'Bombay, Calcutta, Madras, New Delhi'}}, 'email': 'vishrutha.keshri@example.com', 'login': {'uuid': 'f6bb018c-8872-44a0-accc-66009b8a077e', 'username': 'smallgorilla484', 'password': 'shasta', 'salt': 'HDisPajX', 'md5': 'c41f62db3127e6dd2dcd7efe3a554d11', 'sha1': '48fabc9ee72f042b388861cca22e69fcfdbfa24e', 'sha256': 'bcdcc8af7b3796c9f55b74089675a47f6e31c76e2d56ffa5a044ad6f389647ce'}, 'dob': {'date': '1946-01-17T18:25:32.298Z', 'age': 78}, 'registered': {'date': '2002-09-14T02:29:43.821Z', 'age': 21}, 'phone': '9560448732', 'cell': '8325546661', 'id': {'name': 'UIDAI', 'value': '180844320962'}, 'picture': {'large': 'https://randomuser.me/api/portraits/women/58.jpg', 'medium': 'https://randomuser.me/api/portraits/med/women/58.jpg', 'thumbnail': 'https://randomuser.me/api/portraits/thumb/women/58.jpg'}, 'nat': 'IN'}], 'info': {'seed': '0d5f90cb4eebf4d0', 'results': 1, 'page': 1, 'version': '1.4'}}</msg>
<arg>${json_data}</arg>
<doc>Logs the given message with the given level.</doc>
<status status="PASS" start="2024-05-15T10:15:41.609010" elapsed="0.000281"/>
</kw>
<kw name="Should Be Equal As Numbers" owner="BuiltIn">
<arg>${json_data['results'][0]['location']['postcode']}</arg>
<arg>${json_data['results'][0]['location']['postcode']}</arg>
<doc>Fails if objects are unequal after converting them to real numbers.</doc>
<status status="PASS" start="2024-05-15T10:15:41.609602" elapsed="0.000811"/>
</kw>
<kw name="Log" owner="BuiltIn">
<msg time="2024-05-15T10:15:41.610946" level="INFO">56451</msg>
<arg>${json_data['results'][0]['location']['postcode']}</arg>
<doc>Logs the given message with the given level.</doc>
<status status="PASS" start="2024-05-15T10:15:41.610609" elapsed="0.000377"/>
</kw>
<status status="PASS" start="2024-05-15T10:15:41.521886" elapsed="0.089357"/>
</kw>
<doc>Testa se os tipos de dados na resposta da API estão corretos.</doc>
<tag>testeTiposDados</tag>
<status status="PASS" start="2024-05-15T10:15:41.427513" elapsed="0.183899"/>
</test>
<test id="s1-s1-t5" name="Validar conteudo" line="35">
<kw name="Teste de Tipos de Conteudo" owner="random-user-service">
<kw name="GET On Session" owner="RequestsLibrary">
<msg time="2024-05-15T10:15:41.703419" level="INFO">GET Request : url=https://randomuser.me/api 
 path_url=/api 
 headers={'User-Agent': 'python-requests/2.31.0', 'Accept-Encoding': 'gzip, deflate', 'Accept': '*/*', 'Connection': 'keep-alive'} 
 body=None 
 </msg>
<msg time="2024-05-15T10:15:41.703526" level="INFO">GET Response : url=https://randomuser.me/api 
 status=200, reason=OK 
 headers={'Date': 'Wed, 15 May 2024 10:15:41 GMT', 'Content-Type': 'application/json; charset=utf-8', 'Transfer-Encoding': 'chunked', 'Connection': 'keep-alive', 'X-Powered-By': 'Express', 'Access-Control-Allow-Origin': '*', 'Cache-Control': 'no-cache', 'ETag': 'W/"4ad-TeoeuKGgEAV0b6wGN8WoObArx4A"', 'Vary': 'Accept-Encoding', 'Content-Encoding': 'gzip', 'CF-Cache-Status': 'DYNAMIC', 'Report-To': '{"endpoints":[{"url":"https:\\/\\/a.nel.cloudflare.com\\/report\\/v4?s=lvbGSJaA4oPSuczInTMhpR8oXAomwDitA3fFIZhsl1T0NwHpNaEOmrN0UIX%2B2cS%2BjHnxf0S%2FUi9OU8XKPE8d1A3wFIsTipEDFUcnX%2BcI1MZrud1EiidVODlteRuhaUsn"}],"group":"cf-nel","max_age":604800}', 'NEL': '{"success_fraction":0,"report_to":"cf-nel","max_age":604800}', 'Server': 'cloudflare', 'CF-RAY': '88425e451ee69c88-IAD', 'alt-svc': 'h3=":443"; ma=86400'} 
 body={"results":[{"gender":"female","name":{"title":"Mrs","first":"Sybilla","last":"Hallmann"},"location":{"street":{"number":6497,"name":"Kiefernweg"},"city":"Willebadessen","state":"Brandenburg","country":"Germany","postcode":75612,"coordinates":{"latitude":"-51.0731","longitude":"123.0021"},"timezone":{"offset":"-5:00","description":"Eastern Time (US &amp; Canada), Bogota, Lima"}},"email":"sybilla.hallmann@example.com","login":{"uuid":"e483a7f3-b449-4699-ab12-6cd07b2e4559","username":"blackgorilla776","password":"abcdef","salt":"ttMyLK4T","md5":"5d894a97c675a794b6139458b166bf0c","sha1":"d876fb5f85645f2ea9fa9b4a61ee815b6f47b6de","sha256":"856282972bec4e748c522b0249930c8bd90a8e4edcc9447aeecb783b1c4cc411"},"dob":{"date":"1993-04-21T16:19:26.727Z","age":31},"registered":{"date":"2002-06-14T01:49:12.125Z","age":21},"phone":"0718-2335418","cell":"0173-1241145","id":{"name":"SVNR","value":"78 210493 H 660"},"picture":{"large":"https://randomuser.me/api/portraits/women/43.jpg","medium":"https://randomuser.me/api/portraits/med/women/43.jpg","thumbnail":"https://randomuser.me/api/portraits/thumb/women/43.jpg"},"nat":"DE"}],"info":{"seed":"3e4c6bcc944d8077","results":1,"page":1,"version":"1.4"}} 
 </msg>
<msg time="2024-05-15T10:15:41.703608" level="INFO">/opt/hostedtoolcache/Python/3.12.3/x64/lib/python3.12/site-packages/urllib3/connectionpool.py:1103: InsecureRequestWarning: Unverified HTTPS request is being made to host 'randomuser.me'. Adding certificate verification is strongly advised. See: https://urllib3.readthedocs.io/en/latest/advanced-usage.html#tls-warnings
  warnings.warn(</msg>
<msg time="2024-05-15T10:15:41.703738" level="INFO">${response} = &lt;Response [200]&gt;</msg>
<var>${response}</var>
<arg>consultarAPI</arg>
<arg>/api</arg>
<doc>Sends a GET request on a previously created HTTP Session.</doc>
<status status="PASS" start="2024-05-15T10:15:41.613982" elapsed="0.089796"/>
</kw>
<kw name="Set Variable" owner="BuiltIn">
<msg time="2024-05-15T10:15:41.705031" level="INFO">${json_data} = {'results': [{'gender': 'female', 'name': {'title': 'Mrs', 'first': 'Sybilla', 'last': 'Hallmann'}, 'location': {'street': {'number': 6497, 'name': 'Kiefernweg'}, 'city': 'Willebadessen', 'state': 'Br...</msg>
<var>${json_data}</var>
<arg>${response.json()}</arg>
<doc>Returns the given values which can then be assigned to a variables.</doc>
<status status="PASS" start="2024-05-15T10:15:41.704391" elapsed="0.000669"/>
</kw>
<kw name="Set Variable" owner="BuiltIn">
<msg time="2024-05-15T10:15:41.705800" level="INFO">${name_title} = Mrs</msg>
<var>${name_title}</var>
<arg>${json_data["results"][0]["name"]["title"]}</arg>
<doc>Returns the given values which can then be assigned to a variables.</doc>
<status status="PASS" start="2024-05-15T10:15:41.705409" elapsed="0.000417"/>
</kw>
<kw name="Create List" owner="BuiltIn">
<msg time="2024-05-15T10:15:41.706272" level="INFO">${allowed_titles} = ['Mr', 'Ms', 'Miss', 'Mrs', 'Madame', 'Monsieur']</msg>
<var>${allowed_titles}</var>
<arg>Mr</arg>
<arg>Ms</arg>
<arg>Miss</arg>
<arg>Mrs</arg>
<arg>Madame</arg>
<arg>Monsieur</arg>
<doc>Returns a list containing given items.</doc>
<status status="PASS" start="2024-05-15T10:15:41.706125" elapsed="0.000171"/>
</kw>
<kw name="List Should Contain Value" owner="Collections">
<msg time="2024-05-15T10:15:41.706762" level="INFO">False</msg>
<arg>${allowed_titles}</arg>
<arg>${name_title}</arg>
<doc>Fails if the ``value`` is not found from ``list``.</doc>
<status status="PASS" start="2024-05-15T10:15:41.706588" elapsed="0.000210"/>
</kw>
<kw name="Set Variable" owner="BuiltIn">
<msg time="2024-05-15T10:15:41.707467" level="INFO">${name_country} = DE</msg>
<var>${name_country}</var>
<arg>${json_data["results"][0]["nat"]}</arg>
<doc>Returns the given values which can then be assigned to a variables.</doc>
<status status="PASS" start="2024-05-15T10:15:41.707089" elapsed="0.000403"/>
</kw>
<kw name="Create List" owner="BuiltIn">
<msg time="2024-05-15T10:15:41.708374" level="INFO">${list_country} = ['AD', 'AE', 'AF', 'AG', 'AI', 'AL', 'AM', 'AO', 'AQ', 'AR', 'AS', 'AT', 'AU', 'AW', 'AX', 'AZ', 'BA', 'BB', 'BD', 'BE', 'BF', 'BG', 'BH', 'BI', 'BJ', 'BL', 'BM', 'BN', 'BO', 'BQ', 'BR', 'BS', 'BT', '...</msg>
<var>${list_country}</var>
<arg>AD</arg>
<arg>AE</arg>
<arg>AF</arg>
<arg>AG</arg>
<arg>AI</arg>
<arg>AL</arg>
<arg>AM</arg>
<arg>AO</arg>
<arg>AQ</arg>
<arg>AR</arg>
<arg>AS</arg>
<arg>AT</arg>
<arg>AU</arg>
<arg>AW</arg>
<arg>AX</arg>
<arg>AZ</arg>
<arg>BA</arg>
<arg>BB</arg>
<arg>BD</arg>
<arg>BE</arg>
<arg>BF</arg>
<arg>BG</arg>
<arg>BH</arg>
<arg>BI</arg>
<arg>BJ</arg>
<arg>BL</arg>
<arg>BM</arg>
<arg>BN</arg>
<arg>BO</arg>
<arg>BQ</arg>
<arg>BR</arg>
<arg>BS</arg>
<arg>BT</arg>
<arg>BV</arg>
<arg>BW</arg>
<arg>BY</arg>
<arg>BZ</arg>
<arg>CA</arg>
<arg>CC</arg>
<arg>CD</arg>
<arg>CF</arg>
<arg>CG</arg>
<arg>CH</arg>
<arg>CI</arg>
<arg>CK</arg>
<arg>CL</arg>
<arg>CM</arg>
<arg>CN</arg>
<arg>CO</arg>
<arg>CR</arg>
<arg>CU</arg>
<arg>CV</arg>
<arg>CW</arg>
<arg>CX</arg>
<arg>CY</arg>
<arg>CZ</arg>
<arg>DE</arg>
<arg>DJ</arg>
<arg>DK</arg>
<arg>DM</arg>
<arg>DO</arg>
<arg>DZ</arg>
<arg>EC</arg>
<arg>EE</arg>
<arg>EG</arg>
<arg>EH</arg>
<arg>ER</arg>
<arg>ES</arg>
<arg>ET</arg>
<arg>FI</arg>
<arg>FJ</arg>
<arg>FK</arg>
<arg>FM</arg>
<arg>FO</arg>
<arg>FR</arg>
<arg>GA</arg>
<arg>GB</arg>
<arg>GD</arg>
<arg>GE</arg>
<arg>GF</arg>
<arg>GG</arg>
<arg>GH</arg>
<arg>GI</arg>
<arg>GL</arg>
<arg>GM</arg>
<arg>GN</arg>
<arg>GP</arg>
<arg>GQ</arg>
<arg>GR</arg>
<arg>GS</arg>
<arg>GT</arg>
<arg>GU</arg>
<arg>GW</arg>
<arg>GY</arg>
<arg>HK</arg>
<arg>HM</arg>
<arg>HN</arg>
<arg>HR</arg>
<arg>HT</arg>
<arg>HU</arg>
<arg>ID</arg>
<arg>IE</arg>
<arg>IL</arg>
<arg>IM</arg>
<arg>IN</arg>
<arg>IO</arg>
<arg>IQ</arg>
<arg>IR</arg>
<arg>IS</arg>
<arg>IT</arg>
<arg>JE</arg>
<arg>JM</arg>
<arg>JO</arg>
<arg>JP</arg>
<arg>KE</arg>
<arg>KG</arg>
<arg>KH</arg>
<arg>KI</arg>
<arg>KM</arg>
<arg>KN</arg>
<arg>KP</arg>
<arg>KR</arg>
<arg>KW</arg>
<arg>KY</arg>
<arg>KZ</arg>
<arg>LA</arg>
<arg>LB</arg>
<arg>LC</arg>
<arg>LI</arg>
<arg>LK</arg>
<arg>LR</arg>
<arg>LS</arg>
<arg>LT</arg>
<arg>LU</arg>
<arg>LV</arg>
<arg>LY</arg>
<arg>MA</arg>
<arg>MC</arg>
<arg>MD</arg>
<arg>ME</arg>
<arg>MF</arg>
<arg>MG</arg>
<arg>MH</arg>
<arg>MK</arg>
<arg>ML</arg>
<arg>MM</arg>
<arg>MN</arg>
<arg>MO</arg>
<arg>MP</arg>
<arg>MQ</arg>
<arg>MR</arg>
<arg>MS</arg>
<arg>MT</arg>
<arg>MU</arg>
<arg>MV</arg>
<arg>MW</arg>
<arg>MX</arg>
<arg>MY</arg>
<arg>MZ</arg>
<arg>NA</arg>
<arg>NC</arg>
<arg>NE</arg>
<arg>NF</arg>
<arg>NG</arg>
<arg>NI</arg>
<arg>NL</arg>
<arg>NO</arg>
<arg>NP</arg>
<arg>NR</arg>
<arg>NU</arg>
<arg>NZ</arg>
<arg>OM</arg>
<arg>PA</arg>
<arg>PE</arg>
<arg>PF</arg>
<arg>PG</arg>
<arg>PH</arg>
<arg>PK</arg>
<arg>PL</arg>
<arg>PM</arg>
<arg>PN</arg>
<arg>PR</arg>
<arg>PS</arg>
<arg>PT</arg>
<arg>PW</arg>
<arg>PY</arg>
<arg>QA</arg>
<arg>RE</arg>
<arg>RO</arg>
<arg>RS</arg>
<arg>RU</arg>
<arg>RW</arg>
<arg>SA</arg>
<arg>SB</arg>
<arg>SC</arg>
<arg>SD</arg>
<arg>SE</arg>
<arg>SG</arg>
<arg>SH</arg>
<arg>SI</arg>
<arg>SJ</arg>
<arg>SK</arg>
<arg>SL</arg>
<arg>SM</arg>
<arg>SN</arg>
<arg>SO</arg>
<arg>SR</arg>
<arg>SS</arg>
<arg>ST</arg>
<arg>SV</arg>
<arg>SX</arg>
<arg>SY</arg>
<arg>SZ</arg>
<arg>TC</arg>
<arg>TD</arg>
<arg>TF</arg>
<arg>TG</arg>
<arg>TH</arg>
<arg>TJ</arg>
<arg>TK</arg>
<arg>TL</arg>
<arg>TM</arg>
<arg>TN</arg>
<arg>TO</arg>
<arg>TR</arg>
<arg>TT</arg>
<arg>TV</arg>
<arg>TW</arg>
<arg>TZ</arg>
<arg>UA</arg>
<arg>UG</arg>
<arg>UM</arg>
<arg>US</arg>
<arg>UY</arg>
<arg>UZ</arg>
<arg>VA</arg>
<arg>VC</arg>
<arg>VE</arg>
<arg>VG</arg>
<arg>VI</arg>
<arg>VN</arg>
<arg>VU</arg>
<arg>WF</arg>
<arg>WS</arg>
<arg>XK</arg>
<arg>YE</arg>
<arg>YT</arg>
<arg>ZA</arg>
<arg>ZM</arg>
<arg>ZW</arg>
<doc>Returns a list containing given items.</doc>
<status status="PASS" start="2024-05-15T10:15:41.707789" elapsed="0.000611"/>
</kw>
<kw name="List Should Contain Value" owner="Collections">
<msg time="2024-05-15T10:15:41.709414" level="INFO">False</msg>
<arg>${list_country}</arg>
<arg>${name_country}</arg>
<doc>Fails if the ``value`` is not found from ``list``.</doc>
<status status="PASS" start="2024-05-15T10:15:41.709210" elapsed="0.000240"/>
</kw>
<kw name="Run Keyword If" owner="BuiltIn">
<kw name="Should Be True" owner="BuiltIn">
<arg>${True}</arg>
<doc>Fails if the given condition is not true.</doc>
<status status="PASS" start="2024-05-15T10:15:41.710528" elapsed="0.000143"/>
</kw>
<arg>${json_data["results"][0]["location"]["coordinates"]["latitude"]} &gt;= -90 and ${json_data["results"][0]["location"]["coordinates"]["latitude"]} &lt;= 90</arg>
<arg>Should Be True</arg>
<arg>${True}</arg>
<doc>Runs the given keyword with the given arguments, if ``condition`` is true.</doc>
<status status="PASS" start="2024-05-15T10:15:41.709762" elapsed="0.001035"/>
</kw>
<kw name="Run Keyword If" owner="BuiltIn">
<kw name="Should Be True" owner="BuiltIn">
<arg>${True}</arg>
<doc>Fails if the given condition is not true.</doc>
<status status="PASS" start="2024-05-15T10:15:41.711689" elapsed="0.000254"/>
</kw>
<arg>${json_data["results"][0]["location"]["coordinates"]["longitude"]} &gt;= -180 and ${json_data["results"][0]["location"]["coordinates"]["longitude"]} &lt;= 180</arg>
<arg>Should Be True</arg>
<arg>${True}</arg>
<doc>Runs the given keyword with the given arguments, if ``condition`` is true.</doc>
<status status="PASS" start="2024-05-15T10:15:41.710985" elapsed="0.001083"/>
</kw>
<status status="PASS" start="2024-05-15T10:15:41.613753" elapsed="0.098446"/>
</kw>
<doc>Testa o conteúdo específico dos campos retornados pela API.</doc>
<tag>testeConteudo</tag>
<status status="PASS" start="2024-05-15T10:15:41.613212" elapsed="0.099141"/>
</test>
<status status="PASS" start="2024-05-15T10:15:40.807638" elapsed="0.906765"/>
</suite>
<status status="PASS" start="2024-05-15T10:15:40.794014" elapsed="0.925559"/>
</suite>
<statistics>
<total>
<stat pass="5" fail="0" skip="0">All Tests</stat>
</total>
<tag>
<stat pass="1" fail="0" skip="0">testeConteudo</stat>
<stat pass="1" fail="0" skip="0">testeEstruturaResposta</stat>
<stat pass="1" fail="0" skip="0">testeRequisicaoBasica</stat>
<stat pass="1" fail="0" skip="0">testeTiposDados</stat>
</tag>
<suite>
<stat pass="5" fail="0" skip="0" id="s1" name="Tests">Tests</stat>
<stat pass="5" fail="0" skip="0" id="s1-s1" name="Random-User-Test">Tests.Random-User-Test</stat>
</suite>
</statistics>
<errors>
</errors>
</robot>
