<?xml version="1.0" encoding="UTF-8"?>
<robot generator="Robot 7.0 (Python 3.12.3 on linux)" generated="2024-05-15T13:16:34.517972" rpa="false" schemaversion="5">
<suite id="s1" name="Tests" source="/home/runner/work/DesafioQAItauRogerioJordao/DesafioQAItauRogerioJordao/RamdonUser/tests">
<suite id="s1-s1" name="Random-User-Test" source="/home/runner/work/DesafioQAItauRogerioJordao/DesafioQAItauRogerioJordao/RamdonUser/tests/random-user-test.robot">
<test id="s1-s1-t1" name="Conectar" line="13">
<kw name="Conectar API" owner="random-user-service">
<kw name="Create Session" owner="RequestsLibrary">
<msg time="2024-05-15T13:16:34.874869" level="INFO">Creating Session using : alias=consultarAPI, url=https://randomuser.me/, headers={},                     cookies={}, auth=None, timeout=None, proxies=None, verify=False,                     debug=0 </msg>
<arg>consultarAPI</arg>
<arg>${URL}</arg>
<doc>Create Session: create a HTTP session to a server</doc>
<status status="PASS" start="2024-05-15T13:16:34.874669" elapsed="0.000369"/>
</kw>
<status status="PASS" start="2024-05-15T13:16:34.873696" elapsed="0.001691"/>
</kw>
<status status="PASS" start="2024-05-15T13:16:34.873106" elapsed="0.002474"/>
</test>
<test id="s1-s1-t2" name="Validar retorno 200 e JSON Válido" line="16">
<kw name="Teste de Requisicao Basica" owner="random-user-service">
<kw name="GET On Session" owner="RequestsLibrary">
<msg time="2024-05-15T13:16:34.970563" level="INFO">GET Request : url=https://randomuser.me/api 
 path_url=/api 
 headers={'User-Agent': 'python-requests/2.31.0', 'Accept-Encoding': 'gzip, deflate', 'Accept': '*/*', 'Connection': 'keep-alive'} 
 body=None 
 </msg>
<msg time="2024-05-15T13:16:34.970662" level="INFO">GET Response : url=https://randomuser.me/api 
 status=200, reason=OK 
 headers={'Date': 'Wed, 15 May 2024 13:16:34 GMT', 'Content-Type': 'application/json; charset=utf-8', 'Transfer-Encoding': 'chunked', 'Connection': 'keep-alive', 'X-Powered-By': 'Express', 'Access-Control-Allow-Origin': '*', 'Cache-Control': 'no-cache', 'ETag': 'W/"47f-ubhRB2IDSU4E7t3pEVl2r68R9Ak"', 'Vary': 'Accept-Encoding', 'Content-Encoding': 'gzip', 'CF-Cache-Status': 'DYNAMIC', 'Report-To': '{"endpoints":[{"url":"https:\\/\\/a.nel.cloudflare.com\\/report\\/v4?s=yeqOXKqTAo2rIleuPsLOLJ9ObJMdQhR87W%2BozV%2B2O6gyoo%2BgE%2F6IMiUsk%2BqgIBddKOvkMNNAY0FBIXg2kyD9I1vcXBpNklXxxX819MWQrsiL8muLC0i3ARezbNkVOWuN"}],"group":"cf-nel","max_age":604800}', 'NEL': '{"success_fraction":0,"report_to":"cf-nel","max_age":604800}', 'Server': 'cloudflare', 'CF-RAY': '8843673e4c2f82b0-IAD', 'alt-svc': 'h3=":443"; ma=86400'} 
 body={"results":[{"gender":"female","name":{"title":"Miss","first":"Caterine","last":"da Mata"},"location":{"street":{"number":2979,"name":"Rua Das Flores "},"city":"Valinhos","state":"Paraná","country":"Brazil","postcode":45427,"coordinates":{"latitude":"-75.2818","longitude":"66.7563"},"timezone":{"offset":"+3:30","description":"Tehran"}},"email":"caterine.damata@example.com","login":{"uuid":"241943f8-678c-4da9-8bbb-8fa4157cc431","username":"sadlion943","password":"pigpen","salt":"BIW1NLFS","md5":"6e0e7fa8c8835c87d2665e6bf622216f","sha1":"050cef82ddde5e6a4df599808d648041eca17ea7","sha256":"659869c24e708faf3b53bba8b47ef12b998fe1f550934954d8005adb5ba8ae4d"},"dob":{"date":"1981-04-09T20:36:34.799Z","age":43},"registered":{"date":"2008-04-10T02:30:14.786Z","age":16},"phone":"(34) 8722-0236","cell":"(23) 0894-9284","id":{"name":"CPF","value":"041.704.897-61"},"picture":{"large":"https://randomuser.me/api/portraits/women/8.jpg","medium":"https://randomuser.me/api/portraits/med/women/8.jpg","thumbnail":"https://randomuser.me/api/portraits/thumb/women/8.jpg"},"nat":"BR"}],"info":{"seed":"58920841cb01e0ec","results":1,"page":1,"version":"1.4"}} 
 </msg>
<msg time="2024-05-15T13:16:34.970734" level="INFO">/opt/hostedtoolcache/Python/3.12.3/x64/lib/python3.12/site-packages/urllib3/connectionpool.py:1103: InsecureRequestWarning: Unverified HTTPS request is being made to host 'randomuser.me'. Adding certificate verification is strongly advised. See: https://urllib3.readthedocs.io/en/latest/advanced-usage.html#tls-warnings
  warnings.warn(</msg>
<msg time="2024-05-15T13:16:34.970853" level="INFO">${response} = &lt;Response [200]&gt;</msg>
<var>${response}</var>
<arg>consultarAPI</arg>
<arg>/api</arg>
<doc>Sends a GET request on a previously created HTTP Session.</doc>
<status status="PASS" start="2024-05-15T13:16:34.878269" elapsed="0.092624"/>
</kw>
<kw name="Should Be Equal As Numbers" owner="BuiltIn">
<msg time="2024-05-15T13:16:34.971845" level="INFO">Argument types are:
&lt;class 'int'&gt;
&lt;class 'str'&gt;</msg>
<arg>${response.status_code}</arg>
<arg>200</arg>
<doc>Fails if objects are unequal after converting them to real numbers.</doc>
<status status="PASS" start="2024-05-15T13:16:34.971366" elapsed="0.000542"/>
</kw>
<kw name="Log" owner="BuiltIn">
<msg time="2024-05-15T13:16:34.972608" level="INFO">200</msg>
<arg>${response.status_code}</arg>
<doc>Logs the given message with the given level.</doc>
<status status="PASS" start="2024-05-15T13:16:34.972255" elapsed="0.000395"/>
</kw>
<kw name="Set Variable" owner="BuiltIn">
<msg time="2024-05-15T13:16:34.973396" level="INFO">${json_data} = {'results': [{'gender': 'female', 'name': {'title': 'Miss', 'first': 'Caterine', 'last': 'da Mata'}, 'location': {'street': {'number': 2979, 'name': 'Rua Das Flores '}, 'city': 'Valinhos', 'state': 'P...</msg>
<var>${json_data}</var>
<arg>${response.json()}</arg>
<doc>Returns the given values which can then be assigned to a variables.</doc>
<status status="PASS" start="2024-05-15T13:16:34.972951" elapsed="0.000473"/>
</kw>
<kw name="Dictionary Should Contain Key" owner="Collections">
<msg time="2024-05-15T13:16:34.973915" level="INFO">False</msg>
<arg>${json_data}</arg>
<arg>results</arg>
<doc>Fails if ``key`` is not found from ``dictionary``.</doc>
<status status="PASS" start="2024-05-15T13:16:34.973723" elapsed="0.000245"/>
</kw>
<status status="PASS" start="2024-05-15T13:16:34.878025" elapsed="0.096200"/>
</kw>
<doc>Testa se a API responde corretamente e retorna um objeto JSON válido.</doc>
<tag>testeRequisicaoBasica</tag>
<status status="PASS" start="2024-05-15T13:16:34.877482" elapsed="0.096910"/>
</test>
<test id="s1-s1-t3" name="Validar estrutura de resposta" line="22">
<kw name="Teste de Estrutura de Resposta" owner="random-user-service">
<kw name="GET On Session" owner="RequestsLibrary">
<msg time="2024-05-15T13:16:35.072461" level="INFO">GET Request : url=https://randomuser.me/api 
 path_url=/api 
 headers={'User-Agent': 'python-requests/2.31.0', 'Accept-Encoding': 'gzip, deflate', 'Accept': '*/*', 'Connection': 'keep-alive'} 
 body=None 
 </msg>
<msg time="2024-05-15T13:16:35.072526" level="INFO">GET Response : url=https://randomuser.me/api 
 status=200, reason=OK 
 headers={'Date': 'Wed, 15 May 2024 13:16:35 GMT', 'Content-Type': 'application/json; charset=utf-8', 'Transfer-Encoding': 'chunked', 'Connection': 'keep-alive', 'X-Powered-By': 'Express', 'Access-Control-Allow-Origin': '*', 'Cache-Control': 'no-cache', 'ETag': 'W/"47d-AwZ49uqom7Q+OplxuGx0/8GeCqs"', 'Vary': 'Accept-Encoding', 'Content-Encoding': 'gzip', 'CF-Cache-Status': 'DYNAMIC', 'Report-To': '{"endpoints":[{"url":"https:\\/\\/a.nel.cloudflare.com\\/report\\/v4?s=kCGNUX%2B4tnYykpLezXiWS3pwATim%2B2JrlvQmmj%2B09NVnnIfDqFzo4%2FFk%2B%2FVeo9O%2F4yd4wtXgjned7f6yNhCo%2Bur4ajEqWLDWlHmhbI0qbSC5FXP9d%2BamNmxFxtPWIlS7"}],"group":"cf-nel","max_age":604800}', 'NEL': '{"success_fraction":0,"report_to":"cf-nel","max_age":604800}', 'Server': 'cloudflare', 'CF-RAY': '8843673eaca482b0-IAD', 'alt-svc': 'h3=":443"; ma=86400'} 
 body={"results":[{"gender":"female","name":{"title":"Miss","first":"Irmi","last":"Traut"},"location":{"street":{"number":7491,"name":"Wiesenweg"},"city":"Wildau","state":"Bayern","country":"Germany","postcode":89781,"coordinates":{"latitude":"-49.8468","longitude":"111.7934"},"timezone":{"offset":"+9:30","description":"Adelaide, Darwin"}},"email":"irmi.traut@example.com","login":{"uuid":"7e1ebff1-e6d4-4133-bc6b-aad6af7ff31e","username":"silverostrich709","password":"henti","salt":"zZsgmn9V","md5":"b6c8714f107355ecd8fb94940a4fb4aa","sha1":"75c611040e2a64ab7accf1f81872d2828239843a","sha256":"85583a668967d7f5b642a9fd6deeb5382aaa61db0ac3c9e967552e6d1f208333"},"dob":{"date":"1993-07-15T23:06:35.756Z","age":30},"registered":{"date":"2010-05-04T00:07:43.509Z","age":14},"phone":"0949-9218445","cell":"0174-7376857","id":{"name":"SVNR","value":"58 150793 T 632"},"picture":{"large":"https://randomuser.me/api/portraits/women/64.jpg","medium":"https://randomuser.me/api/portraits/med/women/64.jpg","thumbnail":"https://randomuser.me/api/portraits/thumb/women/64.jpg"},"nat":"DE"}],"info":{"seed":"f27bcb0e08de4956","results":1,"page":1,"version":"1.4"}} 
 </msg>
<msg time="2024-05-15T13:16:35.072618" level="INFO">/opt/hostedtoolcache/Python/3.12.3/x64/lib/python3.12/site-packages/urllib3/connectionpool.py:1103: InsecureRequestWarning: Unverified HTTPS request is being made to host 'randomuser.me'. Adding certificate verification is strongly advised. See: https://urllib3.readthedocs.io/en/latest/advanced-usage.html#tls-warnings
  warnings.warn(</msg>
<msg time="2024-05-15T13:16:35.072718" level="INFO">${response} = &lt;Response [200]&gt;</msg>
<var>${response}</var>
<arg>consultarAPI</arg>
<arg>/api</arg>
<doc>Sends a GET request on a previously created HTTP Session.</doc>
<status status="PASS" start="2024-05-15T13:16:34.977014" elapsed="0.095744"/>
</kw>
<kw name="Set Variable" owner="BuiltIn">
<msg time="2024-05-15T13:16:35.073575" level="INFO">${json_data} = {'results': [{'gender': 'female', 'name': {'title': 'Miss', 'first': 'Irmi', 'last': 'Traut'}, 'location': {'street': {'number': 7491, 'name': 'Wiesenweg'}, 'city': 'Wildau', 'state': 'Bayern', 'count...</msg>
<var>${json_data}</var>
<arg>${response.json()}</arg>
<doc>Returns the given values which can then be assigned to a variables.</doc>
<status status="PASS" start="2024-05-15T13:16:35.073126" elapsed="0.000477"/>
</kw>
<kw name="Log" owner="BuiltIn">
<msg time="2024-05-15T13:16:35.074101" level="INFO">{'results': [{'gender': 'female', 'name': {'title': 'Miss', 'first': 'Irmi', 'last': 'Traut'}, 'location': {'street': {'number': 7491, 'name': 'Wiesenweg'}, 'city': 'Wildau', 'state': 'Bayern', 'country': 'Germany', 'postcode': 89781, 'coordinates': {'latitude': '-49.8468', 'longitude': '111.7934'}, 'timezone': {'offset': '+9:30', 'description': 'Adelaide, Darwin'}}, 'email': 'irmi.traut@example.com', 'login': {'uuid': '7e1ebff1-e6d4-4133-bc6b-aad6af7ff31e', 'username': 'silverostrich709', 'password': 'henti', 'salt': 'zZsgmn9V', 'md5': 'b6c8714f107355ecd8fb94940a4fb4aa', 'sha1': '75c611040e2a64ab7accf1f81872d2828239843a', 'sha256': '85583a668967d7f5b642a9fd6deeb5382aaa61db0ac3c9e967552e6d1f208333'}, 'dob': {'date': '1993-07-15T23:06:35.756Z', 'age': 30}, 'registered': {'date': '2010-05-04T00:07:43.509Z', 'age': 14}, 'phone': '0949-9218445', 'cell': '0174-7376857', 'id': {'name': 'SVNR', 'value': '58 150793 T 632'}, 'picture': {'large': 'https://randomuser.me/api/portraits/women/64.jpg', 'medium': 'https://randomuser.me/api/portraits/med/women/64.jpg', 'thumbnail': 'https://randomuser.me/api/portraits/thumb/women/64.jpg'}, 'nat': 'DE'}], 'info': {'seed': 'f27bcb0e08de4956', 'results': 1, 'page': 1, 'version': '1.4'}}</msg>
<arg>${json_data}</arg>
<doc>Logs the given message with the given level.</doc>
<status status="PASS" start="2024-05-15T13:16:35.073938" elapsed="0.000211"/>
</kw>
<kw name="Dictionary Should Contain Key" owner="Collections">
<msg time="2024-05-15T13:16:35.074601" level="INFO">False</msg>
<arg>${json_data}</arg>
<arg>results</arg>
<doc>Fails if ``key`` is not found from ``dictionary``.</doc>
<status status="PASS" start="2024-05-15T13:16:35.074445" elapsed="0.000194"/>
</kw>
<kw name="Should Not Be Empty" owner="BuiltIn">
<msg time="2024-05-15T13:16:35.075067" level="INFO">Length is 2.</msg>
<arg>${json_data}</arg>
<doc>Verifies that the given item is not empty.</doc>
<status status="PASS" start="2024-05-15T13:16:35.074929" elapsed="0.000304"/>
</kw>
<kw name="Create List" owner="BuiltIn">
<msg time="2024-05-15T13:16:35.075685" level="INFO">${expected_keys} = ['gender', 'name', 'location', 'email', 'login']</msg>
<var>${expected_keys}</var>
<arg>gender</arg>
<arg>name</arg>
<arg>location</arg>
<arg>email</arg>
<arg>login</arg>
<doc>Returns a list containing given items.</doc>
<status status="PASS" start="2024-05-15T13:16:35.075529" elapsed="0.000181"/>
</kw>
<for flavor="IN">
<iter>
<kw name="Dictionary Should Contain Key" owner="Collections">
<msg time="2024-05-15T13:16:35.076677" level="INFO">False</msg>
<arg>${json_data['results'][0]}</arg>
<arg>${key}</arg>
<doc>Fails if ``key`` is not found from ``dictionary``.</doc>
<status status="PASS" start="2024-05-15T13:16:35.076279" elapsed="0.000437"/>
</kw>
<kw name="Log" owner="BuiltIn">
<msg time="2024-05-15T13:16:35.077382" level="INFO">{'gender': 'female', 'name': {'title': 'Miss', 'first': 'Irmi', 'last': 'Traut'}, 'location': {'street': {'number': 7491, 'name': 'Wiesenweg'}, 'city': 'Wildau', 'state': 'Bayern', 'country': 'Germany', 'postcode': 89781, 'coordinates': {'latitude': '-49.8468', 'longitude': '111.7934'}, 'timezone': {'offset': '+9:30', 'description': 'Adelaide, Darwin'}}, 'email': 'irmi.traut@example.com', 'login': {'uuid': '7e1ebff1-e6d4-4133-bc6b-aad6af7ff31e', 'username': 'silverostrich709', 'password': 'henti', 'salt': 'zZsgmn9V', 'md5': 'b6c8714f107355ecd8fb94940a4fb4aa', 'sha1': '75c611040e2a64ab7accf1f81872d2828239843a', 'sha256': '85583a668967d7f5b642a9fd6deeb5382aaa61db0ac3c9e967552e6d1f208333'}, 'dob': {'date': '1993-07-15T23:06:35.756Z', 'age': 30}, 'registered': {'date': '2010-05-04T00:07:43.509Z', 'age': 14}, 'phone': '0949-9218445', 'cell': '0174-7376857', 'id': {'name': 'SVNR', 'value': '58 150793 T 632'}, 'picture': {'large': 'https://randomuser.me/api/portraits/women/64.jpg', 'medium': 'https://randomuser.me/api/portraits/med/women/64.jpg', 'thumbnail': 'https://randomuser.me/api/portraits/thumb/women/64.jpg'}, 'nat': 'DE'}</msg>
<arg>${json_data['results'][0]}</arg>
<doc>Logs the given message with the given level.</doc>
<status status="PASS" start="2024-05-15T13:16:35.077014" elapsed="0.000416"/>
</kw>
<kw name="Log" owner="BuiltIn">
<msg time="2024-05-15T13:16:35.077860" level="INFO">gender</msg>
<arg>${key}</arg>
<doc>Logs the given message with the given level.</doc>
<status status="PASS" start="2024-05-15T13:16:35.077731" elapsed="0.000197"/>
</kw>
<var name="${key}">gender</var>
<status status="PASS" start="2024-05-15T13:16:35.076153" elapsed="0.002000"/>
</iter>
<iter>
<kw name="Dictionary Should Contain Key" owner="Collections">
<msg time="2024-05-15T13:16:35.078844" level="INFO">False</msg>
<arg>${json_data['results'][0]}</arg>
<arg>${key}</arg>
<doc>Fails if ``key`` is not found from ``dictionary``.</doc>
<status status="PASS" start="2024-05-15T13:16:35.078456" elapsed="0.000426"/>
</kw>
<kw name="Log" owner="BuiltIn">
<msg time="2024-05-15T13:16:35.079569" level="INFO">{'gender': 'female', 'name': {'title': 'Miss', 'first': 'Irmi', 'last': 'Traut'}, 'location': {'street': {'number': 7491, 'name': 'Wiesenweg'}, 'city': 'Wildau', 'state': 'Bayern', 'country': 'Germany', 'postcode': 89781, 'coordinates': {'latitude': '-49.8468', 'longitude': '111.7934'}, 'timezone': {'offset': '+9:30', 'description': 'Adelaide, Darwin'}}, 'email': 'irmi.traut@example.com', 'login': {'uuid': '7e1ebff1-e6d4-4133-bc6b-aad6af7ff31e', 'username': 'silverostrich709', 'password': 'henti', 'salt': 'zZsgmn9V', 'md5': 'b6c8714f107355ecd8fb94940a4fb4aa', 'sha1': '75c611040e2a64ab7accf1f81872d2828239843a', 'sha256': '85583a668967d7f5b642a9fd6deeb5382aaa61db0ac3c9e967552e6d1f208333'}, 'dob': {'date': '1993-07-15T23:06:35.756Z', 'age': 30}, 'registered': {'date': '2010-05-04T00:07:43.509Z', 'age': 14}, 'phone': '0949-9218445', 'cell': '0174-7376857', 'id': {'name': 'SVNR', 'value': '58 150793 T 632'}, 'picture': {'large': 'https://randomuser.me/api/portraits/women/64.jpg', 'medium': 'https://randomuser.me/api/portraits/med/women/64.jpg', 'thumbnail': 'https://randomuser.me/api/portraits/thumb/women/64.jpg'}, 'nat': 'DE'}</msg>
<arg>${json_data['results'][0]}</arg>
<doc>Logs the given message with the given level.</doc>
<status status="PASS" start="2024-05-15T13:16:35.079207" elapsed="0.000410"/>
</kw>
<kw name="Log" owner="BuiltIn">
<msg time="2024-05-15T13:16:35.080045" level="INFO">name</msg>
<arg>${key}</arg>
<doc>Logs the given message with the given level.</doc>
<status status="PASS" start="2024-05-15T13:16:35.079916" elapsed="0.000167"/>
</kw>
<var name="${key}">name</var>
<status status="PASS" start="2024-05-15T13:16:35.078339" elapsed="0.001959"/>
</iter>
<iter>
<kw name="Dictionary Should Contain Key" owner="Collections">
<msg time="2024-05-15T13:16:35.080975" level="INFO">False</msg>
<arg>${json_data['results'][0]}</arg>
<arg>${key}</arg>
<doc>Fails if ``key`` is not found from ``dictionary``.</doc>
<status status="PASS" start="2024-05-15T13:16:35.080588" elapsed="0.000425"/>
</kw>
<kw name="Log" owner="BuiltIn">
<msg time="2024-05-15T13:16:35.081681" level="INFO">{'gender': 'female', 'name': {'title': 'Miss', 'first': 'Irmi', 'last': 'Traut'}, 'location': {'street': {'number': 7491, 'name': 'Wiesenweg'}, 'city': 'Wildau', 'state': 'Bayern', 'country': 'Germany', 'postcode': 89781, 'coordinates': {'latitude': '-49.8468', 'longitude': '111.7934'}, 'timezone': {'offset': '+9:30', 'description': 'Adelaide, Darwin'}}, 'email': 'irmi.traut@example.com', 'login': {'uuid': '7e1ebff1-e6d4-4133-bc6b-aad6af7ff31e', 'username': 'silverostrich709', 'password': 'henti', 'salt': 'zZsgmn9V', 'md5': 'b6c8714f107355ecd8fb94940a4fb4aa', 'sha1': '75c611040e2a64ab7accf1f81872d2828239843a', 'sha256': '85583a668967d7f5b642a9fd6deeb5382aaa61db0ac3c9e967552e6d1f208333'}, 'dob': {'date': '1993-07-15T23:06:35.756Z', 'age': 30}, 'registered': {'date': '2010-05-04T00:07:43.509Z', 'age': 14}, 'phone': '0949-9218445', 'cell': '0174-7376857', 'id': {'name': 'SVNR', 'value': '58 150793 T 632'}, 'picture': {'large': 'https://randomuser.me/api/portraits/women/64.jpg', 'medium': 'https://randomuser.me/api/portraits/med/women/64.jpg', 'thumbnail': 'https://randomuser.me/api/portraits/thumb/women/64.jpg'}, 'nat': 'DE'}</msg>
<arg>${json_data['results'][0]}</arg>
<doc>Logs the given message with the given level.</doc>
<status status="PASS" start="2024-05-15T13:16:35.081317" elapsed="0.000412"/>
</kw>
<kw name="Log" owner="BuiltIn">
<msg time="2024-05-15T13:16:35.082198" level="INFO">location</msg>
<arg>${key}</arg>
<doc>Logs the given message with the given level.</doc>
<status status="PASS" start="2024-05-15T13:16:35.082068" elapsed="0.000174"/>
</kw>
<var name="${key}">location</var>
<status status="PASS" start="2024-05-15T13:16:35.080478" elapsed="0.001983"/>
</iter>
<iter>
<kw name="Dictionary Should Contain Key" owner="Collections">
<msg time="2024-05-15T13:16:35.083133" level="INFO">False</msg>
<arg>${json_data['results'][0]}</arg>
<arg>${key}</arg>
<doc>Fails if ``key`` is not found from ``dictionary``.</doc>
<status status="PASS" start="2024-05-15T13:16:35.082746" elapsed="0.000424"/>
</kw>
<kw name="Log" owner="BuiltIn">
<msg time="2024-05-15T13:16:35.083828" level="INFO">{'gender': 'female', 'name': {'title': 'Miss', 'first': 'Irmi', 'last': 'Traut'}, 'location': {'street': {'number': 7491, 'name': 'Wiesenweg'}, 'city': 'Wildau', 'state': 'Bayern', 'country': 'Germany', 'postcode': 89781, 'coordinates': {'latitude': '-49.8468', 'longitude': '111.7934'}, 'timezone': {'offset': '+9:30', 'description': 'Adelaide, Darwin'}}, 'email': 'irmi.traut@example.com', 'login': {'uuid': '7e1ebff1-e6d4-4133-bc6b-aad6af7ff31e', 'username': 'silverostrich709', 'password': 'henti', 'salt': 'zZsgmn9V', 'md5': 'b6c8714f107355ecd8fb94940a4fb4aa', 'sha1': '75c611040e2a64ab7accf1f81872d2828239843a', 'sha256': '85583a668967d7f5b642a9fd6deeb5382aaa61db0ac3c9e967552e6d1f208333'}, 'dob': {'date': '1993-07-15T23:06:35.756Z', 'age': 30}, 'registered': {'date': '2010-05-04T00:07:43.509Z', 'age': 14}, 'phone': '0949-9218445', 'cell': '0174-7376857', 'id': {'name': 'SVNR', 'value': '58 150793 T 632'}, 'picture': {'large': 'https://randomuser.me/api/portraits/women/64.jpg', 'medium': 'https://randomuser.me/api/portraits/med/women/64.jpg', 'thumbnail': 'https://randomuser.me/api/portraits/thumb/women/64.jpg'}, 'nat': 'DE'}</msg>
<arg>${json_data['results'][0]}</arg>
<doc>Logs the given message with the given level.</doc>
<status status="PASS" start="2024-05-15T13:16:35.083471" elapsed="0.000405"/>
</kw>
<kw name="Log" owner="BuiltIn">
<msg time="2024-05-15T13:16:35.084300" level="INFO">email</msg>
<arg>${key}</arg>
<doc>Logs the given message with the given level.</doc>
<status status="PASS" start="2024-05-15T13:16:35.084172" elapsed="0.000166"/>
</kw>
<var name="${key}">email</var>
<status status="PASS" start="2024-05-15T13:16:35.082634" elapsed="0.001917"/>
</iter>
<iter>
<kw name="Dictionary Should Contain Key" owner="Collections">
<msg time="2024-05-15T13:16:35.085222" level="INFO">False</msg>
<arg>${json_data['results'][0]}</arg>
<arg>${key}</arg>
<doc>Fails if ``key`` is not found from ``dictionary``.</doc>
<status status="PASS" start="2024-05-15T13:16:35.084835" elapsed="0.000425"/>
</kw>
<kw name="Log" owner="BuiltIn">
<msg time="2024-05-15T13:16:35.085946" level="INFO">{'gender': 'female', 'name': {'title': 'Miss', 'first': 'Irmi', 'last': 'Traut'}, 'location': {'street': {'number': 7491, 'name': 'Wiesenweg'}, 'city': 'Wildau', 'state': 'Bayern', 'country': 'Germany', 'postcode': 89781, 'coordinates': {'latitude': '-49.8468', 'longitude': '111.7934'}, 'timezone': {'offset': '+9:30', 'description': 'Adelaide, Darwin'}}, 'email': 'irmi.traut@example.com', 'login': {'uuid': '7e1ebff1-e6d4-4133-bc6b-aad6af7ff31e', 'username': 'silverostrich709', 'password': 'henti', 'salt': 'zZsgmn9V', 'md5': 'b6c8714f107355ecd8fb94940a4fb4aa', 'sha1': '75c611040e2a64ab7accf1f81872d2828239843a', 'sha256': '85583a668967d7f5b642a9fd6deeb5382aaa61db0ac3c9e967552e6d1f208333'}, 'dob': {'date': '1993-07-15T23:06:35.756Z', 'age': 30}, 'registered': {'date': '2010-05-04T00:07:43.509Z', 'age': 14}, 'phone': '0949-9218445', 'cell': '0174-7376857', 'id': {'name': 'SVNR', 'value': '58 150793 T 632'}, 'picture': {'large': 'https://randomuser.me/api/portraits/women/64.jpg', 'medium': 'https://randomuser.me/api/portraits/med/women/64.jpg', 'thumbnail': 'https://randomuser.me/api/portraits/thumb/women/64.jpg'}, 'nat': 'DE'}</msg>
<arg>${json_data['results'][0]}</arg>
<doc>Logs the given message with the given level.</doc>
<status status="PASS" start="2024-05-15T13:16:35.085554" elapsed="0.000445"/>
</kw>
<kw name="Log" owner="BuiltIn">
<msg time="2024-05-15T13:16:35.086431" level="INFO">login</msg>
<arg>${key}</arg>
<doc>Logs the given message with the given level.</doc>
<status status="PASS" start="2024-05-15T13:16:35.086304" elapsed="0.000166"/>
</kw>
<var name="${key}">login</var>
<status status="PASS" start="2024-05-15T13:16:35.084725" elapsed="0.001967"/>
</iter>
<var>${key}</var>
<value>@{expected_keys}</value>
<status status="PASS" start="2024-05-15T13:16:35.075967" elapsed="0.010873"/>
</for>
<kw name="Create List" owner="BuiltIn">
<msg time="2024-05-15T13:16:35.087181" level="INFO">${expected_keysTwo} = ['username', 'password']</msg>
<var>${expected_keysTwo}</var>
<arg>username</arg>
<arg>password</arg>
<doc>Returns a list containing given items.</doc>
<status status="PASS" start="2024-05-15T13:16:35.087043" elapsed="0.000163"/>
</kw>
<for flavor="IN">
<iter>
<kw name="Dictionary Should Contain Key" owner="Collections">
<msg time="2024-05-15T13:16:35.088106" level="INFO">False</msg>
<arg>${json_data['results'][0]['login']}</arg>
<arg>${keyTwo}</arg>
<doc>Fails if ``key`` is not found from ``dictionary``.</doc>
<status status="PASS" start="2024-05-15T13:16:35.087711" elapsed="0.000432"/>
</kw>
<kw name="Dictionary Should Contain Key" owner="Collections">
<msg time="2024-05-15T13:16:35.088825" level="INFO">False</msg>
<arg>${json_data['results'][0]['login']}</arg>
<arg>${keyTwo}</arg>
<doc>Fails if ``key`` is not found from ``dictionary``.</doc>
<status status="PASS" start="2024-05-15T13:16:35.088443" elapsed="0.000421"/>
</kw>
<kw name="Log" owner="BuiltIn">
<msg time="2024-05-15T13:16:35.089284" level="INFO">username</msg>
<arg>${keyTwo}</arg>
<doc>Logs the given message with the given level.</doc>
<status status="PASS" start="2024-05-15T13:16:35.089158" elapsed="0.000169"/>
</kw>
<var name="${keyTwo}">username</var>
<status status="PASS" start="2024-05-15T13:16:35.087599" elapsed="0.001941"/>
</iter>
<iter>
<kw name="Dictionary Should Contain Key" owner="Collections">
<msg time="2024-05-15T13:16:35.090324" level="INFO">False</msg>
<arg>${json_data['results'][0]['login']}</arg>
<arg>${keyTwo}</arg>
<doc>Fails if ``key`` is not found from ``dictionary``.</doc>
<status status="PASS" start="2024-05-15T13:16:35.089823" elapsed="0.000541"/>
</kw>
<kw name="Dictionary Should Contain Key" owner="Collections">
<msg time="2024-05-15T13:16:35.091042" level="INFO">False</msg>
<arg>${json_data['results'][0]['login']}</arg>
<arg>${keyTwo}</arg>
<doc>Fails if ``key`` is not found from ``dictionary``.</doc>
<status status="PASS" start="2024-05-15T13:16:35.090662" elapsed="0.000417"/>
</kw>
<kw name="Log" owner="BuiltIn">
<msg time="2024-05-15T13:16:35.091496" level="INFO">password</msg>
<arg>${keyTwo}</arg>
<doc>Logs the given message with the given level.</doc>
<status status="PASS" start="2024-05-15T13:16:35.091370" elapsed="0.000163"/>
</kw>
<var name="${keyTwo}">password</var>
<status status="PASS" start="2024-05-15T13:16:35.089712" elapsed="0.002035"/>
</iter>
<var>${keyTwo}</var>
<value>@{expected_keysTwo}</value>
<status status="PASS" start="2024-05-15T13:16:35.087443" elapsed="0.004423"/>
</for>
<status status="PASS" start="2024-05-15T13:16:34.976784" elapsed="0.115220"/>
</kw>
<doc>Testa a estrutura da resposta da API.</doc>
<tag>testeEstruturaResposta</tag>
<status status="PASS" start="2024-05-15T13:16:34.976211" elapsed="0.115937"/>
</test>
<test id="s1-s1-t4" name="Validar tipos de dados" line="28">
<kw name="Teste de Tipos de Dados" owner="random-user-service">
<kw name="GET On Session" owner="RequestsLibrary">
<msg time="2024-05-15T13:16:35.173428" level="INFO">GET Request : url=https://randomuser.me/api 
 path_url=/api 
 headers={'User-Agent': 'python-requests/2.31.0', 'Accept-Encoding': 'gzip, deflate', 'Accept': '*/*', 'Connection': 'keep-alive'} 
 body=None 
 </msg>
<msg time="2024-05-15T13:16:35.173519" level="INFO">GET Response : url=https://randomuser.me/api 
 status=200, reason=OK 
 headers={'Date': 'Wed, 15 May 2024 13:16:35 GMT', 'Content-Type': 'application/json; charset=utf-8', 'Transfer-Encoding': 'chunked', 'Connection': 'keep-alive', 'X-Powered-By': 'Express', 'Access-Control-Allow-Origin': '*', 'Cache-Control': 'no-cache', 'ETag': 'W/"47f-5VGOoD/2H7HYIND1YnCp4alRRv4"', 'Vary': 'Accept-Encoding', 'Content-Encoding': 'gzip', 'CF-Cache-Status': 'DYNAMIC', 'Report-To': '{"endpoints":[{"url":"https:\\/\\/a.nel.cloudflare.com\\/report\\/v4?s=2EPKQUx%2BJdCJlgXnpstR7i1Pe%2FqbHvaf2EfCq5jfbT3VVeWibHQlgJspu8WXnt6bwZtWlkqwFgM8r9WG0WHVdJDoupXzTJ%2FkhquaKMds3ej1gfgir2tYfNsMI2BFzm2t"}],"group":"cf-nel","max_age":604800}', 'NEL': '{"success_fraction":0,"report_to":"cf-nel","max_age":604800}', 'Server': 'cloudflare', 'CF-RAY': '8843673f5df782b0-IAD', 'alt-svc': 'h3=":443"; ma=86400'} 
 body={"results":[{"gender":"female","name":{"title":"Ms","first":"Katrine","last":"Petersen"},"location":{"street":{"number":7392,"name":"Bakkegårdsvej"},"city":"Nykøbing F","state":"Hovedstaden","country":"Denmark","postcode":97039,"coordinates":{"latitude":"-38.7706","longitude":"51.3712"},"timezone":{"offset":"+5:45","description":"Kathmandu"}},"email":"katrine.petersen@example.com","login":{"uuid":"7cccb083-f257-4c21-a7f3-00adf1f9b706","username":"brownbear126","password":"veronica","salt":"lwCXkgiD","md5":"50f4f6e0cfec8e28441f073f62168b1d","sha1":"a726eef69e8ffa2793a10c052a945ab52935e631","sha256":"2fa5c00e725e7a4970ee7d072ee53cb8b4938f82f6395c2e776f02543c4c03e1"},"dob":{"date":"1980-11-09T16:12:40.236Z","age":43},"registered":{"date":"2019-01-21T18:48:50.396Z","age":5},"phone":"09574034","cell":"58738835","id":{"name":"CPR","value":"091180-3627"},"picture":{"large":"https://randomuser.me/api/portraits/women/92.jpg","medium":"https://randomuser.me/api/portraits/med/women/92.jpg","thumbnail":"https://randomuser.me/api/portraits/thumb/women/92.jpg"},"nat":"DK"}],"info":{"seed":"2d8bd028ce12e0c2","results":1,"page":1,"version":"1.4"}} 
 </msg>
<msg time="2024-05-15T13:16:35.173606" level="INFO">/opt/hostedtoolcache/Python/3.12.3/x64/lib/python3.12/site-packages/urllib3/connectionpool.py:1103: InsecureRequestWarning: Unverified HTTPS request is being made to host 'randomuser.me'. Adding certificate verification is strongly advised. See: https://urllib3.readthedocs.io/en/latest/advanced-usage.html#tls-warnings
  warnings.warn(</msg>
<msg time="2024-05-15T13:16:35.173843" level="INFO">${response} = &lt;Response [200]&gt;</msg>
<var>${response}</var>
<arg>consultarAPI</arg>
<arg>/api</arg>
<doc>Sends a GET request on a previously created HTTP Session.</doc>
<status status="PASS" start="2024-05-15T13:16:35.094565" elapsed="0.079319"/>
</kw>
<kw name="Set Variable" owner="BuiltIn">
<msg time="2024-05-15T13:16:35.174997" level="INFO">${json_data} = {'results': [{'gender': 'female', 'name': {'title': 'Ms', 'first': 'Katrine', 'last': 'Petersen'}, 'location': {'street': {'number': 7392, 'name': 'Bakkegårdsvej'}, 'city': 'Nykøbing F', 'state': 'Hov...</msg>
<var>${json_data}</var>
<arg>${response.json()}</arg>
<doc>Returns the given values which can then be assigned to a variables.</doc>
<status status="PASS" start="2024-05-15T13:16:35.174396" elapsed="0.000631"/>
</kw>
<kw name="Log" owner="BuiltIn">
<msg time="2024-05-15T13:16:35.175496" level="INFO">{'results': [{'gender': 'female', 'name': {'title': 'Ms', 'first': 'Katrine', 'last': 'Petersen'}, 'location': {'street': {'number': 7392, 'name': 'Bakkegårdsvej'}, 'city': 'Nykøbing F', 'state': 'Hovedstaden', 'country': 'Denmark', 'postcode': 97039, 'coordinates': {'latitude': '-38.7706', 'longitude': '51.3712'}, 'timezone': {'offset': '+5:45', 'description': 'Kathmandu'}}, 'email': 'katrine.petersen@example.com', 'login': {'uuid': '7cccb083-f257-4c21-a7f3-00adf1f9b706', 'username': 'brownbear126', 'password': 'veronica', 'salt': 'lwCXkgiD', 'md5': '50f4f6e0cfec8e28441f073f62168b1d', 'sha1': 'a726eef69e8ffa2793a10c052a945ab52935e631', 'sha256': '2fa5c00e725e7a4970ee7d072ee53cb8b4938f82f6395c2e776f02543c4c03e1'}, 'dob': {'date': '1980-11-09T16:12:40.236Z', 'age': 43}, 'registered': {'date': '2019-01-21T18:48:50.396Z', 'age': 5}, 'phone': '09574034', 'cell': '58738835', 'id': {'name': 'CPR', 'value': '091180-3627'}, 'picture': {'large': 'https://randomuser.me/api/portraits/women/92.jpg', 'medium': 'https://randomuser.me/api/portraits/med/women/92.jpg', 'thumbnail': 'https://randomuser.me/api/portraits/thumb/women/92.jpg'}, 'nat': 'DK'}], 'info': {'seed': '2d8bd028ce12e0c2', 'results': 1, 'page': 1, 'version': '1.4'}}</msg>
<arg>${json_data}</arg>
<doc>Logs the given message with the given level.</doc>
<status status="PASS" start="2024-05-15T13:16:35.175339" elapsed="0.000239"/>
</kw>
<kw name="Should Be String" owner="String">
<arg>${json_data['results'][0]['gender']}</arg>
<doc>Fails if the given ``item`` is not a string.</doc>
<status status="PASS" start="2024-05-15T13:16:35.175882" elapsed="0.000366"/>
</kw>
<kw name="Should Match Regexp" owner="BuiltIn">
<arg>${json_data['results'][0]['email']}</arg>
<arg>^[a-zA-Z0-9._%+-]+@[a-zA-Z0-9.-]+\.[a-zA-Z]{2,}$</arg>
<doc>Fails if ``string`` does not match ``pattern`` as a regular expression.</doc>
<status status="PASS" start="2024-05-15T13:16:35.176441" elapsed="0.000505"/>
</kw>
<kw name="Should Match Regexp" owner="BuiltIn">
<arg>${json_data['results'][0]['dob']['date']}</arg>
<arg>\\d{4}-\\d{2}-\\d{2}T\\d{2}:\\d{2}:\\d{2}\\.\\d{3}Z</arg>
<doc>Fails if ``string`` does not match ``pattern`` as a regular expression.</doc>
<status status="PASS" start="2024-05-15T13:16:35.177143" elapsed="0.000500"/>
</kw>
<kw name="Should Match Regexp" owner="BuiltIn">
<arg>${json_data['results'][0]['registered']['date']}</arg>
<arg>\\d{4}-\\d{2}-\\d{2}T\\d{2}:\\d{2}:\\d{2}\\.\\d{3}Z</arg>
<doc>Fails if ``string`` does not match ``pattern`` as a regular expression.</doc>
<status status="PASS" start="2024-05-15T13:16:35.177836" elapsed="0.000403"/>
</kw>
<kw name="Should Match Regexp" owner="BuiltIn">
<arg>${json_data['results'][0]['picture']['large']}</arg>
<arg>^https?://.*\.(?:png|jpe?g|gif|bmp)$</arg>
<doc>Fails if ``string`` does not match ``pattern`` as a regular expression.</doc>
<status status="PASS" start="2024-05-15T13:16:35.178435" elapsed="0.000462"/>
</kw>
<kw name="Should Match Regexp" owner="BuiltIn">
<arg>${json_data['results'][0]['picture']['medium']}</arg>
<arg>^https?://.*\.(?:png|jpe?g|gif|bmp)$</arg>
<doc>Fails if ``string`` does not match ``pattern`` as a regular expression.</doc>
<status status="PASS" start="2024-05-15T13:16:35.179086" elapsed="0.000357"/>
</kw>
<kw name="Should Match Regexp" owner="BuiltIn">
<arg>${json_data['results'][0]['picture']['thumbnail']}</arg>
<arg>^https?://.*\.(?:png|jpe?g|gif|bmp)$</arg>
<doc>Fails if ``string`` does not match ``pattern`` as a regular expression.</doc>
<status status="PASS" start="2024-05-15T13:16:35.179634" elapsed="0.000347"/>
</kw>
<kw name="Log" owner="BuiltIn">
<msg time="2024-05-15T13:16:35.180477" level="INFO">{'large': 'https://randomuser.me/api/portraits/women/92.jpg', 'medium': 'https://randomuser.me/api/portraits/med/women/92.jpg', 'thumbnail': 'https://randomuser.me/api/portraits/thumb/women/92.jpg'}</msg>
<arg>${json_data['results'][0]['picture']}</arg>
<doc>Logs the given message with the given level.</doc>
<status status="PASS" start="2024-05-15T13:16:35.180158" elapsed="0.000361"/>
</kw>
<status status="PASS" start="2024-05-15T13:16:35.094346" elapsed="0.086423"/>
</kw>
<kw name="Teste de Tipos de Dados - Postcode" owner="random-user-service">
<kw name="GET On Session" owner="RequestsLibrary">
<msg time="2024-05-15T13:16:35.263077" level="INFO">GET Request : url=https://randomuser.me/api 
 path_url=/api 
 headers={'User-Agent': 'python-requests/2.31.0', 'Accept-Encoding': 'gzip, deflate', 'Accept': '*/*', 'Connection': 'keep-alive'} 
 body=None 
 </msg>
<msg time="2024-05-15T13:16:35.263140" level="INFO">GET Response : url=https://randomuser.me/api 
 status=200, reason=OK 
 headers={'Date': 'Wed, 15 May 2024 13:16:35 GMT', 'Content-Type': 'application/json; charset=utf-8', 'Transfer-Encoding': 'chunked', 'Connection': 'keep-alive', 'X-Powered-By': 'Express', 'Access-Control-Allow-Origin': '*', 'Cache-Control': 'no-cache', 'ETag': 'W/"499-sAIuxQZrY5YwpXvDP8tiEHt5l5g"', 'Vary': 'Accept-Encoding', 'Content-Encoding': 'gzip', 'CF-Cache-Status': 'DYNAMIC', 'Report-To': '{"endpoints":[{"url":"https:\\/\\/a.nel.cloudflare.com\\/report\\/v4?s=RN3N0iVDNWi9%2FETV%2Fz3neNHr16e6nNnTfRXvLX3Rmvu4ZYLhlCmPpr2E8Kc1v8JCmN1eVasYz3lM1q4mlCp2hbNpXHD7oOqHLNGYVuTbELF4nqsC7QpTBXP1gnKlvpb4"}],"group":"cf-nel","max_age":604800}', 'NEL': '{"success_fraction":0,"report_to":"cf-nel","max_age":604800}', 'Server': 'cloudflare', 'CF-RAY': '8843673feea682b0-IAD', 'alt-svc': 'h3=":443"; ma=86400'} 
 body={"results":[{"gender":"female","name":{"title":"Ms","first":"Eileen","last":"Russell"},"location":{"street":{"number":2734,"name":"Preston Rd"},"city":"Shepparton","state":"Northern Territory","country":"Australia","postcode":1431,"coordinates":{"latitude":"-81.4569","longitude":"167.0027"},"timezone":{"offset":"-3:00","description":"Brazil, Buenos Aires, Georgetown"}},"email":"eileen.russell@example.com","login":{"uuid":"4ce54ac4-bb3e-4e2d-b300-fec05ed70082","username":"angrywolf903","password":"4321","salt":"Qp54i2Dn","md5":"6300b5237210e2e0c880e51713ba477b","sha1":"9c4943be10d83f96f904c58816d4dcf11b445701","sha256":"710f4b3b54559168f088406983fc9d15f32fb669d31e136540f40b21e94b0666"},"dob":{"date":"1987-10-23T18:01:22.873Z","age":36},"registered":{"date":"2002-07-30T23:57:46.146Z","age":21},"phone":"09-8400-5125","cell":"0494-273-512","id":{"name":"TFN","value":"695113942"},"picture":{"large":"https://randomuser.me/api/portraits/women/31.jpg","medium":"https://randomuser.me/api/portraits/med/women/31.jpg","thumbnail":"https://randomuser.me/api/portraits/thumb/women/31.jpg"},"nat":"AU"}],"info":{"seed":"8e57160ada184edd","results":1,"page":1,"version":"1.4"}} 
 </msg>
<msg time="2024-05-15T13:16:35.263195" level="INFO">/opt/hostedtoolcache/Python/3.12.3/x64/lib/python3.12/site-packages/urllib3/connectionpool.py:1103: InsecureRequestWarning: Unverified HTTPS request is being made to host 'randomuser.me'. Adding certificate verification is strongly advised. See: https://urllib3.readthedocs.io/en/latest/advanced-usage.html#tls-warnings
  warnings.warn(</msg>
<msg time="2024-05-15T13:16:35.263283" level="INFO">${response} = &lt;Response [200]&gt;</msg>
<var>${response}</var>
<arg>consultarAPI</arg>
<arg>/api</arg>
<doc>Sends a GET request on a previously created HTTP Session.</doc>
<status status="PASS" start="2024-05-15T13:16:35.181196" elapsed="0.082127"/>
</kw>
<kw name="Set Variable" owner="BuiltIn">
<msg time="2024-05-15T13:16:35.264313" level="INFO">${json_data} = {'results': [{'gender': 'female', 'name': {'title': 'Ms', 'first': 'Eileen', 'last': 'Russell'}, 'location': {'street': {'number': 2734, 'name': 'Preston Rd'}, 'city': 'Shepparton', 'state': 'Northern...</msg>
<var>${json_data}</var>
<arg>${response.json()}</arg>
<doc>Returns the given values which can then be assigned to a variables.</doc>
<status status="PASS" start="2024-05-15T13:16:35.263765" elapsed="0.000575"/>
</kw>
<kw name="Log" owner="BuiltIn">
<msg time="2024-05-15T13:16:35.264800" level="INFO">{'results': [{'gender': 'female', 'name': {'title': 'Ms', 'first': 'Eileen', 'last': 'Russell'}, 'location': {'street': {'number': 2734, 'name': 'Preston Rd'}, 'city': 'Shepparton', 'state': 'Northern Territory', 'country': 'Australia', 'postcode': 1431, 'coordinates': {'latitude': '-81.4569', 'longitude': '167.0027'}, 'timezone': {'offset': '-3:00', 'description': 'Brazil, Buenos Aires, Georgetown'}}, 'email': 'eileen.russell@example.com', 'login': {'uuid': '4ce54ac4-bb3e-4e2d-b300-fec05ed70082', 'username': 'angrywolf903', 'password': '4321', 'salt': 'Qp54i2Dn', 'md5': '6300b5237210e2e0c880e51713ba477b', 'sha1': '9c4943be10d83f96f904c58816d4dcf11b445701', 'sha256': '710f4b3b54559168f088406983fc9d15f32fb669d31e136540f40b21e94b0666'}, 'dob': {'date': '1987-10-23T18:01:22.873Z', 'age': 36}, 'registered': {'date': '2002-07-30T23:57:46.146Z', 'age': 21}, 'phone': '09-8400-5125', 'cell': '0494-273-512', 'id': {'name': 'TFN', 'value': '695113942'}, 'picture': {'large': 'https://randomuser.me/api/portraits/women/31.jpg', 'medium': 'https://randomuser.me/api/portraits/med/women/31.jpg', 'thumbnail': 'https://randomuser.me/api/portraits/thumb/women/31.jpg'}, 'nat': 'AU'}], 'info': {'seed': '8e57160ada184edd', 'results': 1, 'page': 1, 'version': '1.4'}}</msg>
<arg>${json_data}</arg>
<doc>Logs the given message with the given level.</doc>
<status status="PASS" start="2024-05-15T13:16:35.264649" elapsed="0.000227"/>
</kw>
<kw name="Should Be Equal As Numbers" owner="BuiltIn">
<arg>${json_data['results'][0]['location']['postcode']}</arg>
<arg>${json_data['results'][0]['location']['postcode']}</arg>
<doc>Fails if objects are unequal after converting them to real numbers.</doc>
<status status="PASS" start="2024-05-15T13:16:35.265304" elapsed="0.000652"/>
</kw>
<kw name="Log" owner="BuiltIn">
<msg time="2024-05-15T13:16:35.266510" level="INFO">1431</msg>
<arg>${json_data['results'][0]['location']['postcode']}</arg>
<doc>Logs the given message with the given level.</doc>
<status status="PASS" start="2024-05-15T13:16:35.266161" elapsed="0.000388"/>
</kw>
<status status="PASS" start="2024-05-15T13:16:35.180980" elapsed="0.085819"/>
</kw>
<doc>Testa se os tipos de dados na resposta da API estão corretos.</doc>
<tag>testeTiposDados</tag>
<status status="PASS" start="2024-05-15T13:16:35.093879" elapsed="0.173079"/>
</test>
<test id="s1-s1-t5" name="Validar conteudo" line="35">
<kw name="Teste de Tipos de Conteudo" owner="random-user-service">
<kw name="GET On Session" owner="RequestsLibrary">
<msg time="2024-05-15T13:16:35.369649" level="INFO">GET Request : url=https://randomuser.me/api 
 path_url=/api 
 headers={'User-Agent': 'python-requests/2.31.0', 'Accept-Encoding': 'gzip, deflate', 'Accept': '*/*', 'Connection': 'keep-alive'} 
 body=None 
 </msg>
<msg time="2024-05-15T13:16:35.369735" level="INFO">GET Response : url=https://randomuser.me/api 
 status=200, reason=OK 
 headers={'Date': 'Wed, 15 May 2024 13:16:35 GMT', 'Content-Type': 'application/json; charset=utf-8', 'Transfer-Encoding': 'chunked', 'Connection': 'keep-alive', 'X-Powered-By': 'Express', 'Access-Control-Allow-Origin': '*', 'Cache-Control': 'no-cache', 'ETag': 'W/"47e-hBd/GzgvX5F7gqMftFFs0rh7IlY"', 'Vary': 'Accept-Encoding', 'Content-Encoding': 'gzip', 'CF-Cache-Status': 'DYNAMIC', 'Report-To': '{"endpoints":[{"url":"https:\\/\\/a.nel.cloudflare.com\\/report\\/v4?s=cGEPVhGQKpe6OcYZO03NCkjvXPmarsPwlbQVSwPZrRJv2uXNiBXw7NedU%2F7IxuD1Xf0mF%2BsTMAmu2CdHTS3FcYbN9iQChekK02DmHhH6sHowlO%2BS013r5%2F9gzKPb%2Bon2"}],"group":"cf-nel","max_age":604800}', 'NEL': '{"success_fraction":0,"report_to":"cf-nel","max_age":604800}', 'Server': 'cloudflare', 'CF-RAY': '884367407f5d82b0-IAD', 'alt-svc': 'h3=":443"; ma=86400'} 
 body={"results":[{"gender":"female","name":{"title":"Miss","first":"Johanne","last":"Larsen"},"location":{"street":{"number":2641,"name":"Digevej"},"city":"Oure","state":"Nordjylland","country":"Denmark","postcode":90296,"coordinates":{"latitude":"-41.0438","longitude":"29.5697"},"timezone":{"offset":"+2:00","description":"Kaliningrad, South Africa"}},"email":"johanne.larsen@example.com","login":{"uuid":"66484199-e3ee-4e90-a695-11e0cbbd8a0e","username":"goldencat203","password":"mellow","salt":"o363Kcjy","md5":"6f6e86352aad70ab804fbf4c7cac7a04","sha1":"5eede7537f8d83653cbcc5727b52cfa257b036d0","sha256":"541d0afd7a6c449aaed2e0d5b23470e1d0b96efca9dd20bc4097a17e1e9f6cc6"},"dob":{"date":"1997-07-11T11:17:34.666Z","age":26},"registered":{"date":"2003-02-09T02:15:59.831Z","age":21},"phone":"77856080","cell":"23412868","id":{"name":"CPR","value":"110797-4063"},"picture":{"large":"https://randomuser.me/api/portraits/women/77.jpg","medium":"https://randomuser.me/api/portraits/med/women/77.jpg","thumbnail":"https://randomuser.me/api/portraits/thumb/women/77.jpg"},"nat":"DK"}],"info":{"seed":"095f64a8b093750a","results":1,"page":1,"version":"1.4"}} 
 </msg>
<msg time="2024-05-15T13:16:35.369807" level="INFO">/opt/hostedtoolcache/Python/3.12.3/x64/lib/python3.12/site-packages/urllib3/connectionpool.py:1103: InsecureRequestWarning: Unverified HTTPS request is being made to host 'randomuser.me'. Adding certificate verification is strongly advised. See: https://urllib3.readthedocs.io/en/latest/advanced-usage.html#tls-warnings
  warnings.warn(</msg>
<msg time="2024-05-15T13:16:35.369951" level="INFO">${response} = &lt;Response [200]&gt;</msg>
<var>${response}</var>
<arg>consultarAPI</arg>
<arg>/api</arg>
<doc>Sends a GET request on a previously created HTTP Session.</doc>
<status status="PASS" start="2024-05-15T13:16:35.269493" elapsed="0.100514"/>
</kw>
<kw name="Set Variable" owner="BuiltIn">
<msg time="2024-05-15T13:16:35.371041" level="INFO">${json_data} = {'results': [{'gender': 'female', 'name': {'title': 'Miss', 'first': 'Johanne', 'last': 'Larsen'}, 'location': {'street': {'number': 2641, 'name': 'Digevej'}, 'city': 'Oure', 'state': 'Nordjylland', '...</msg>
<var>${json_data}</var>
<arg>${response.json()}</arg>
<doc>Returns the given values which can then be assigned to a variables.</doc>
<status status="PASS" start="2024-05-15T13:16:35.370503" elapsed="0.000566"/>
</kw>
<kw name="Set Variable" owner="BuiltIn">
<msg time="2024-05-15T13:16:35.371752" level="INFO">${name_title} = Miss</msg>
<var>${name_title}</var>
<arg>${json_data["results"][0]["name"]["title"]}</arg>
<doc>Returns the given values which can then be assigned to a variables.</doc>
<status status="PASS" start="2024-05-15T13:16:35.371371" elapsed="0.000405"/>
</kw>
<kw name="Create List" owner="BuiltIn">
<msg time="2024-05-15T13:16:35.372213" level="INFO">${allowed_titles} = ['Mr', 'Ms', 'Miss', 'Mrs', 'Madame', 'Monsieur']</msg>
<var>${allowed_titles}</var>
<arg>Mr</arg>
<arg>Ms</arg>
<arg>Miss</arg>
<arg>Mrs</arg>
<arg>Madame</arg>
<arg>Monsieur</arg>
<doc>Returns a list containing given items.</doc>
<status status="PASS" start="2024-05-15T13:16:35.372068" elapsed="0.000169"/>
</kw>
<kw name="List Should Contain Value" owner="Collections">
<msg time="2024-05-15T13:16:35.372701" level="INFO">False</msg>
<arg>${allowed_titles}</arg>
<arg>${name_title}</arg>
<doc>Fails if the ``value`` is not found from ``list``.</doc>
<status status="PASS" start="2024-05-15T13:16:35.372531" elapsed="0.000206"/>
</kw>
<kw name="Set Variable" owner="BuiltIn">
<msg time="2024-05-15T13:16:35.373398" level="INFO">${name_country} = DK</msg>
<var>${name_country}</var>
<arg>${json_data["results"][0]["nat"]}</arg>
<doc>Returns the given values which can then be assigned to a variables.</doc>
<status status="PASS" start="2024-05-15T13:16:35.373027" elapsed="0.000395"/>
</kw>
<kw name="Create List" owner="BuiltIn">
<msg time="2024-05-15T13:16:35.374475" level="INFO">${list_country} = ['AD', 'AE', 'AF', 'AG', 'AI', 'AL', 'AM', 'AO', 'AQ', 'AR', 'AS', 'AT', 'AU', 'AW', 'AX', 'AZ', 'BA', 'BB', 'BD', 'BE', 'BF', 'BG', 'BH', 'BI', 'BJ', 'BL', 'BM', 'BN', 'BO', 'BQ', 'BR', 'BS', 'BT', '...</msg>
<var>${list_country}</var>
<arg>AD</arg>
<arg>AE</arg>
<arg>AF</arg>
<arg>AG</arg>
<arg>AI</arg>
<arg>AL</arg>
<arg>AM</arg>
<arg>AO</arg>
<arg>AQ</arg>
<arg>AR</arg>
<arg>AS</arg>
<arg>AT</arg>
<arg>AU</arg>
<arg>AW</arg>
<arg>AX</arg>
<arg>AZ</arg>
<arg>BA</arg>
<arg>BB</arg>
<arg>BD</arg>
<arg>BE</arg>
<arg>BF</arg>
<arg>BG</arg>
<arg>BH</arg>
<arg>BI</arg>
<arg>BJ</arg>
<arg>BL</arg>
<arg>BM</arg>
<arg>BN</arg>
<arg>BO</arg>
<arg>BQ</arg>
<arg>BR</arg>
<arg>BS</arg>
<arg>BT</arg>
<arg>BV</arg>
<arg>BW</arg>
<arg>BY</arg>
<arg>BZ</arg>
<arg>CA</arg>
<arg>CC</arg>
<arg>CD</arg>
<arg>CF</arg>
<arg>CG</arg>
<arg>CH</arg>
<arg>CI</arg>
<arg>CK</arg>
<arg>CL</arg>
<arg>CM</arg>
<arg>CN</arg>
<arg>CO</arg>
<arg>CR</arg>
<arg>CU</arg>
<arg>CV</arg>
<arg>CW</arg>
<arg>CX</arg>
<arg>CY</arg>
<arg>CZ</arg>
<arg>DE</arg>
<arg>DJ</arg>
<arg>DK</arg>
<arg>DM</arg>
<arg>DO</arg>
<arg>DZ</arg>
<arg>EC</arg>
<arg>EE</arg>
<arg>EG</arg>
<arg>EH</arg>
<arg>ER</arg>
<arg>ES</arg>
<arg>ET</arg>
<arg>FI</arg>
<arg>FJ</arg>
<arg>FK</arg>
<arg>FM</arg>
<arg>FO</arg>
<arg>FR</arg>
<arg>GA</arg>
<arg>GB</arg>
<arg>GD</arg>
<arg>GE</arg>
<arg>GF</arg>
<arg>GG</arg>
<arg>GH</arg>
<arg>GI</arg>
<arg>GL</arg>
<arg>GM</arg>
<arg>GN</arg>
<arg>GP</arg>
<arg>GQ</arg>
<arg>GR</arg>
<arg>GS</arg>
<arg>GT</arg>
<arg>GU</arg>
<arg>GW</arg>
<arg>GY</arg>
<arg>HK</arg>
<arg>HM</arg>
<arg>HN</arg>
<arg>HR</arg>
<arg>HT</arg>
<arg>HU</arg>
<arg>ID</arg>
<arg>IE</arg>
<arg>IL</arg>
<arg>IM</arg>
<arg>IN</arg>
<arg>IO</arg>
<arg>IQ</arg>
<arg>IR</arg>
<arg>IS</arg>
<arg>IT</arg>
<arg>JE</arg>
<arg>JM</arg>
<arg>JO</arg>
<arg>JP</arg>
<arg>KE</arg>
<arg>KG</arg>
<arg>KH</arg>
<arg>KI</arg>
<arg>KM</arg>
<arg>KN</arg>
<arg>KP</arg>
<arg>KR</arg>
<arg>KW</arg>
<arg>KY</arg>
<arg>KZ</arg>
<arg>LA</arg>
<arg>LB</arg>
<arg>LC</arg>
<arg>LI</arg>
<arg>LK</arg>
<arg>LR</arg>
<arg>LS</arg>
<arg>LT</arg>
<arg>LU</arg>
<arg>LV</arg>
<arg>LY</arg>
<arg>MA</arg>
<arg>MC</arg>
<arg>MD</arg>
<arg>ME</arg>
<arg>MF</arg>
<arg>MG</arg>
<arg>MH</arg>
<arg>MK</arg>
<arg>ML</arg>
<arg>MM</arg>
<arg>MN</arg>
<arg>MO</arg>
<arg>MP</arg>
<arg>MQ</arg>
<arg>MR</arg>
<arg>MS</arg>
<arg>MT</arg>
<arg>MU</arg>
<arg>MV</arg>
<arg>MW</arg>
<arg>MX</arg>
<arg>MY</arg>
<arg>MZ</arg>
<arg>NA</arg>
<arg>NC</arg>
<arg>NE</arg>
<arg>NF</arg>
<arg>NG</arg>
<arg>NI</arg>
<arg>NL</arg>
<arg>NO</arg>
<arg>NP</arg>
<arg>NR</arg>
<arg>NU</arg>
<arg>NZ</arg>
<arg>OM</arg>
<arg>PA</arg>
<arg>PE</arg>
<arg>PF</arg>
<arg>PG</arg>
<arg>PH</arg>
<arg>PK</arg>
<arg>PL</arg>
<arg>PM</arg>
<arg>PN</arg>
<arg>PR</arg>
<arg>PS</arg>
<arg>PT</arg>
<arg>PW</arg>
<arg>PY</arg>
<arg>QA</arg>
<arg>RE</arg>
<arg>RO</arg>
<arg>RS</arg>
<arg>RU</arg>
<arg>RW</arg>
<arg>SA</arg>
<arg>SB</arg>
<arg>SC</arg>
<arg>SD</arg>
<arg>SE</arg>
<arg>SG</arg>
<arg>SH</arg>
<arg>SI</arg>
<arg>SJ</arg>
<arg>SK</arg>
<arg>SL</arg>
<arg>SM</arg>
<arg>SN</arg>
<arg>SO</arg>
<arg>SR</arg>
<arg>SS</arg>
<arg>ST</arg>
<arg>SV</arg>
<arg>SX</arg>
<arg>SY</arg>
<arg>SZ</arg>
<arg>TC</arg>
<arg>TD</arg>
<arg>TF</arg>
<arg>TG</arg>
<arg>TH</arg>
<arg>TJ</arg>
<arg>TK</arg>
<arg>TL</arg>
<arg>TM</arg>
<arg>TN</arg>
<arg>TO</arg>
<arg>TR</arg>
<arg>TT</arg>
<arg>TV</arg>
<arg>TW</arg>
<arg>TZ</arg>
<arg>UA</arg>
<arg>UG</arg>
<arg>UM</arg>
<arg>US</arg>
<arg>UY</arg>
<arg>UZ</arg>
<arg>VA</arg>
<arg>VC</arg>
<arg>VE</arg>
<arg>VG</arg>
<arg>VI</arg>
<arg>VN</arg>
<arg>VU</arg>
<arg>WF</arg>
<arg>WS</arg>
<arg>XK</arg>
<arg>YE</arg>
<arg>YT</arg>
<arg>ZA</arg>
<arg>ZM</arg>
<arg>ZW</arg>
<doc>Returns a list containing given items.</doc>
<status status="PASS" start="2024-05-15T13:16:35.373718" elapsed="0.000799"/>
</kw>
<kw name="List Should Contain Value" owner="Collections">
<msg time="2024-05-15T13:16:35.376240" level="INFO">False</msg>
<arg>${list_country}</arg>
<arg>${name_country}</arg>
<doc>Fails if the ``value`` is not found from ``list``.</doc>
<status status="PASS" start="2024-05-15T13:16:35.375920" elapsed="0.000389"/>
</kw>
<kw name="Run Keyword If" owner="BuiltIn">
<kw name="Should Be True" owner="BuiltIn">
<arg>${True}</arg>
<doc>Fails if the given condition is not true.</doc>
<status status="PASS" start="2024-05-15T13:16:35.378045" elapsed="0.000350"/>
</kw>
<arg>${json_data["results"][0]["location"]["coordinates"]["latitude"]} &gt;= -90 and ${json_data["results"][0]["location"]["coordinates"]["latitude"]} &lt;= 90</arg>
<arg>Should Be True</arg>
<arg>${True}</arg>
<doc>Runs the given keyword with the given arguments, if ``condition`` is true.</doc>
<status status="PASS" start="2024-05-15T13:16:35.376805" elapsed="0.001810"/>
</kw>
<kw name="Run Keyword If" owner="BuiltIn">
<kw name="Should Be True" owner="BuiltIn">
<arg>${True}</arg>
<doc>Fails if the given condition is not true.</doc>
<status status="PASS" start="2024-05-15T13:16:35.380123" elapsed="0.000218"/>
</kw>
<arg>${json_data["results"][0]["location"]["coordinates"]["longitude"]} &gt;= -180 and ${json_data["results"][0]["location"]["coordinates"]["longitude"]} &lt;= 180</arg>
<arg>Should Be True</arg>
<arg>${True}</arg>
<doc>Runs the given keyword with the given arguments, if ``condition`` is true.</doc>
<status status="PASS" start="2024-05-15T13:16:35.378920" elapsed="0.001633"/>
</kw>
<status status="PASS" start="2024-05-15T13:16:35.269271" elapsed="0.111525"/>
</kw>
<doc>Testa o conteúdo específico dos campos retornados pela API.</doc>
<tag>testeConteudo</tag>
<status status="PASS" start="2024-05-15T13:16:35.268759" elapsed="0.112268"/>
</test>
<status status="PASS" start="2024-05-15T13:16:34.574712" elapsed="0.809654"/>
</suite>
<status status="PASS" start="2024-05-15T13:16:34.561307" elapsed="0.831877"/>
</suite>
<statistics>
<total>
<stat pass="5" fail="0" skip="0">All Tests</stat>
</total>
<tag>
<stat pass="1" fail="0" skip="0">testeConteudo</stat>
<stat pass="1" fail="0" skip="0">testeEstruturaResposta</stat>
<stat pass="1" fail="0" skip="0">testeRequisicaoBasica</stat>
<stat pass="1" fail="0" skip="0">testeTiposDados</stat>
</tag>
<suite>
<stat pass="5" fail="0" skip="0" id="s1" name="Tests">Tests</stat>
<stat pass="5" fail="0" skip="0" id="s1-s1" name="Random-User-Test">Tests.Random-User-Test</stat>
</suite>
</statistics>
<errors>
</errors>
</robot>
