<?xml version="1.0" encoding="UTF-8"?>
<robot generator="Robot 7.0 (Python 3.12.3 on linux)" generated="2024-04-20T08:15:25.832175" rpa="false" schemaversion="5">
<suite id="s1" name="Tests" source="/home/runner/work/DesafioQAItauRogerioJordao/DesafioQAItauRogerioJordao/RamdonUser/tests">
<suite id="s1-s1" name="Random-User-Test" source="/home/runner/work/DesafioQAItauRogerioJordao/DesafioQAItauRogerioJordao/RamdonUser/tests/random-user-test.robot">
<test id="s1-s1-t1" name="Conectar" line="13">
<kw name="Conectar API" owner="random-user-service">
<kw name="Create Session" owner="RequestsLibrary">
<msg time="2024-04-20T08:15:26.194223" level="INFO">Creating Session using : alias=consultarAPI, url=https://randomuser.me/, headers={},                     cookies={}, auth=None, timeout=None, proxies=None, verify=False,                     debug=0 </msg>
<arg>consultarAPI</arg>
<arg>${URL}</arg>
<doc>Create Session: create a HTTP session to a server</doc>
<status status="PASS" start="2024-04-20T08:15:26.193975" elapsed="0.000480"/>
</kw>
<status status="PASS" start="2024-04-20T08:15:26.192997" elapsed="0.001844"/>
</kw>
<status status="PASS" start="2024-04-20T08:15:26.192373" elapsed="0.002667"/>
</test>
<test id="s1-s1-t2" name="Validar retorno 200 e JSON Válido" line="16">
<kw name="Teste de Requisicao Basica" owner="random-user-service">
<kw name="GET On Session" owner="RequestsLibrary">
<msg time="2024-04-20T08:15:26.275415" level="INFO">GET Request : url=https://randomuser.me/api 
 path_url=/api 
 headers={'User-Agent': 'python-requests/2.31.0', 'Accept-Encoding': 'gzip, deflate', 'Accept': '*/*', 'Connection': 'keep-alive'} 
 body=None 
 </msg>
<msg time="2024-04-20T08:15:26.275547" level="INFO">GET Response : url=https://randomuser.me/api 
 status=200, reason=OK 
 headers={'Date': 'Sat, 20 Apr 2024 08:15:26 GMT', 'Content-Type': 'application/json; charset=utf-8', 'Transfer-Encoding': 'chunked', 'Connection': 'keep-alive', 'X-Powered-By': 'Express', 'Access-Control-Allow-Origin': '*', 'Cache-Control': 'no-cache', 'ETag': 'W/"4a4-dbQtzyyxToLZODvewXRYGFNEFbU"', 'Vary': 'Accept-Encoding', 'Content-Encoding': 'gzip', 'CF-Cache-Status': 'DYNAMIC', 'Report-To': '{"endpoints":[{"url":"https:\\/\\/a.nel.cloudflare.com\\/report\\/v4?s=sd1OJy5yZfks9xRlGyNAUr3E2taJ2rCSWARkDzsUy%2FFNNCCQleS9cSbajt%2FyPVkOPGnYi3BbFUcT4EcnYo65sIYU6vNUeXpcenjurRBYoDuSgOBISMifPqi0qTGawkFS"}],"group":"cf-nel","max_age":604800}', 'NEL': '{"success_fraction":0,"report_to":"cf-nel","max_age":604800}', 'Server': 'cloudflare', 'CF-RAY': '8773afbcfc238f48-ORD', 'alt-svc': 'h3=":443"; ma=86400'} 
 body={"results":[{"gender":"female","name":{"title":"Miss","first":"Branka","last":"Živojinović"},"location":{"street":{"number":7121,"name":"Živana Todorovića"},"city":"Mionica","state":"Pomoravlje","country":"Serbia","postcode":89782,"coordinates":{"latitude":"57.0841","longitude":"139.6631"},"timezone":{"offset":"+1:00","description":"Brussels, Copenhagen, Madrid, Paris"}},"email":"branka.zivojinovic@example.com","login":{"uuid":"2f17bf89-e2f5-4ec2-bebe-143ba6448f2b","username":"tinybird344","password":"quality","salt":"h0w5Ylo6","md5":"52361f07711215de93bee82a936b1b92","sha1":"7ad9992b2a7e395ee58166c9330c962bf4183d49","sha256":"8a9525e6058f0bb15c0405add39d364a9c0dfd356f16fe62cb68607d59bce1d2"},"dob":{"date":"1955-08-22T15:34:06.336Z","age":68},"registered":{"date":"2017-03-09T07:17:05.039Z","age":7},"phone":"022-2591-763","cell":"065-0475-955","id":{"name":"SID","value":"421517478"},"picture":{"large":"https://randomuser.me/api/portraits/women/64.jpg","medium":"https://randomuser.me/api/portraits/med/women/64.jpg","thumbnail":"https://randomuser.me/api/portraits/thumb/women/64.jpg"},"nat":"RS"}],"info":{"seed":"c2e741b0ff87a716","results":1,"page":1,"version":"1.4"}} 
 </msg>
<msg time="2024-04-20T08:15:26.275636" level="INFO">/opt/hostedtoolcache/Python/3.12.3/x64/lib/python3.12/site-packages/urllib3/connectionpool.py:1103: InsecureRequestWarning: Unverified HTTPS request is being made to host 'randomuser.me'. Adding certificate verification is strongly advised. See: https://urllib3.readthedocs.io/en/latest/advanced-usage.html#tls-warnings
  warnings.warn(</msg>
<msg time="2024-04-20T08:15:26.275781" level="INFO">${response} = &lt;Response [200]&gt;</msg>
<var>${response}</var>
<arg>consultarAPI</arg>
<arg>/api</arg>
<doc>Sends a GET request on a previously created HTTP Session.</doc>
<status status="PASS" start="2024-04-20T08:15:26.197746" elapsed="0.078081"/>
</kw>
<kw name="Should Be Equal As Numbers" owner="BuiltIn">
<msg time="2024-04-20T08:15:26.276693" level="INFO">Argument types are:
&lt;class 'int'&gt;
&lt;class 'str'&gt;</msg>
<arg>${response.status_code}</arg>
<arg>200</arg>
<doc>Fails if objects are unequal after converting them to real numbers.</doc>
<status status="PASS" start="2024-04-20T08:15:26.276289" elapsed="0.000466"/>
</kw>
<kw name="Log" owner="BuiltIn">
<msg time="2024-04-20T08:15:26.277449" level="INFO">200</msg>
<arg>${response.status_code}</arg>
<doc>Logs the given message with the given level.</doc>
<status status="PASS" start="2024-04-20T08:15:26.277098" elapsed="0.000393"/>
</kw>
<kw name="Set Variable" owner="BuiltIn">
<msg time="2024-04-20T08:15:26.278248" level="INFO">${json_data} = {'results': [{'gender': 'female', 'name': {'title': 'Miss', 'first': 'Branka', 'last': 'Živojinović'}, 'location': {'street': {'number': 7121, 'name': 'Živana Todorovića'}, 'city': 'Mionica', 'state':...</msg>
<var>${json_data}</var>
<arg>${response.json()}</arg>
<doc>Returns the given values which can then be assigned to a variables.</doc>
<status status="PASS" start="2024-04-20T08:15:26.277795" elapsed="0.000483"/>
</kw>
<kw name="Dictionary Should Contain Key" owner="Collections">
<msg time="2024-04-20T08:15:26.278775" level="INFO">False</msg>
<arg>${json_data}</arg>
<arg>results</arg>
<doc>Fails if ``key`` is not found from ``dictionary``.</doc>
<status status="PASS" start="2024-04-20T08:15:26.278609" elapsed="0.000211"/>
</kw>
<status status="PASS" start="2024-04-20T08:15:26.197492" elapsed="0.081615"/>
</kw>
<doc>Testa se a API responde corretamente e retorna um objeto JSON válido.</doc>
<tag>testeRequisicaoBasica</tag>
<status status="PASS" start="2024-04-20T08:15:26.196958" elapsed="0.082326"/>
</test>
<test id="s1-s1-t3" name="Validar estrutura de resposta" line="22">
<kw name="Teste de Estrutura de Resposta" owner="random-user-service">
<kw name="GET On Session" owner="RequestsLibrary">
<msg time="2024-04-20T08:15:26.375726" level="INFO">GET Request : url=https://randomuser.me/api 
 path_url=/api 
 headers={'User-Agent': 'python-requests/2.31.0', 'Accept-Encoding': 'gzip, deflate', 'Accept': '*/*', 'Connection': 'keep-alive'} 
 body=None 
 </msg>
<msg time="2024-04-20T08:15:26.375820" level="INFO">GET Response : url=https://randomuser.me/api 
 status=200, reason=OK 
 headers={'Date': 'Sat, 20 Apr 2024 08:15:26 GMT', 'Content-Type': 'application/json; charset=utf-8', 'Transfer-Encoding': 'chunked', 'Connection': 'keep-alive', 'X-Powered-By': 'Express', 'Access-Control-Allow-Origin': '*', 'Cache-Control': 'no-cache', 'ETag': 'W/"492-SwHcw02jwUDmPhjz4hQZ2/oBge4"', 'Vary': 'Accept-Encoding', 'Content-Encoding': 'gzip', 'CF-Cache-Status': 'DYNAMIC', 'Report-To': '{"endpoints":[{"url":"https:\\/\\/a.nel.cloudflare.com\\/report\\/v4?s=KT4Xv5aPJh9DTYjmlgYbI0%2BtoNTKM7PPn2J4Yn%2FGwCoF%2BMwKfICVqdkYEviI0slSVJp0Awo6awqa1pG9YuMZhwZDjE55cGZc3Md1PzTdB8QiHLdiEggiIqV76%2BxJItC%2B"}],"group":"cf-nel","max_age":604800}', 'NEL': '{"success_fraction":0,"report_to":"cf-nel","max_age":604800}', 'Server': 'cloudflare', 'CF-RAY': '8773afbd4c508f48-ORD', 'alt-svc': 'h3=":443"; ma=86400'} 
 body={"results":[{"gender":"female","name":{"title":"Ms","first":"Alice","last":"Harcourt"},"location":{"street":{"number":5881,"name":"Dundas Rd"},"city":"Delta","state":"Québec","country":"Canada","postcode":"D5T 9C5","coordinates":{"latitude":"-72.5852","longitude":"19.6216"},"timezone":{"offset":"-6:00","description":"Central Time (US &amp; Canada), Mexico City"}},"email":"alice.harcourt@example.com","login":{"uuid":"16d3974c-2f28-4cba-a81c-6e7c09494dcb","username":"silvergorilla933","password":"banker","salt":"9jHWUOPH","md5":"2de42b7ccaf6089934f0574a2593c04b","sha1":"894bcde6d2729e35a7d0c19b5188699c646fa2e6","sha256":"b31ca8f8139bb34211008788a86b0a16dce5ef497e1dca082444b9fc37936897"},"dob":{"date":"1972-02-06T09:48:00.770Z","age":52},"registered":{"date":"2017-06-18T07:56:54.373Z","age":6},"phone":"P26 G87-7273","cell":"X03 U34-5631","id":{"name":"SIN","value":"514506062"},"picture":{"large":"https://randomuser.me/api/portraits/women/0.jpg","medium":"https://randomuser.me/api/portraits/med/women/0.jpg","thumbnail":"https://randomuser.me/api/portraits/thumb/women/0.jpg"},"nat":"CA"}],"info":{"seed":"38612db5380aec8f","results":1,"page":1,"version":"1.4"}} 
 </msg>
<msg time="2024-04-20T08:15:26.375953" level="INFO">/opt/hostedtoolcache/Python/3.12.3/x64/lib/python3.12/site-packages/urllib3/connectionpool.py:1103: InsecureRequestWarning: Unverified HTTPS request is being made to host 'randomuser.me'. Adding certificate verification is strongly advised. See: https://urllib3.readthedocs.io/en/latest/advanced-usage.html#tls-warnings
  warnings.warn(</msg>
<msg time="2024-04-20T08:15:26.376086" level="INFO">${response} = &lt;Response [200]&gt;</msg>
<var>${response}</var>
<arg>consultarAPI</arg>
<arg>/api</arg>
<doc>Sends a GET request on a previously created HTTP Session.</doc>
<status status="PASS" start="2024-04-20T08:15:26.281816" elapsed="0.094321"/>
</kw>
<kw name="Set Variable" owner="BuiltIn">
<msg time="2024-04-20T08:15:26.377018" level="INFO">${json_data} = {'results': [{'gender': 'female', 'name': {'title': 'Ms', 'first': 'Alice', 'last': 'Harcourt'}, 'location': {'street': {'number': 5881, 'name': 'Dundas Rd'}, 'city': 'Delta', 'state': 'Québec', 'coun...</msg>
<var>${json_data}</var>
<arg>${response.json()}</arg>
<doc>Returns the given values which can then be assigned to a variables.</doc>
<status status="PASS" start="2024-04-20T08:15:26.376553" elapsed="0.000495"/>
</kw>
<kw name="Log" owner="BuiltIn">
<msg time="2024-04-20T08:15:26.377506" level="INFO">{'results': [{'gender': 'female', 'name': {'title': 'Ms', 'first': 'Alice', 'last': 'Harcourt'}, 'location': {'street': {'number': 5881, 'name': 'Dundas Rd'}, 'city': 'Delta', 'state': 'Québec', 'country': 'Canada', 'postcode': 'D5T 9C5', 'coordinates': {'latitude': '-72.5852', 'longitude': '19.6216'}, 'timezone': {'offset': '-6:00', 'description': 'Central Time (US &amp; Canada), Mexico City'}}, 'email': 'alice.harcourt@example.com', 'login': {'uuid': '16d3974c-2f28-4cba-a81c-6e7c09494dcb', 'username': 'silvergorilla933', 'password': 'banker', 'salt': '9jHWUOPH', 'md5': '2de42b7ccaf6089934f0574a2593c04b', 'sha1': '894bcde6d2729e35a7d0c19b5188699c646fa2e6', 'sha256': 'b31ca8f8139bb34211008788a86b0a16dce5ef497e1dca082444b9fc37936897'}, 'dob': {'date': '1972-02-06T09:48:00.770Z', 'age': 52}, 'registered': {'date': '2017-06-18T07:56:54.373Z', 'age': 6}, 'phone': 'P26 G87-7273', 'cell': 'X03 U34-5631', 'id': {'name': 'SIN', 'value': '514506062'}, 'picture': {'large': 'https://randomuser.me/api/portraits/women/0.jpg', 'medium': 'https://randomuser.me/api/portraits/med/women/0.jpg', 'thumbnail': 'https://randomuser.me/api/portraits/thumb/women/0.jpg'}, 'nat': 'CA'}], 'info': {'seed': '38612db5380aec8f', 'results': 1, 'page': 1, 'version': '1.4'}}</msg>
<arg>${json_data}</arg>
<doc>Logs the given message with the given level.</doc>
<status status="PASS" start="2024-04-20T08:15:26.377349" elapsed="0.000207"/>
</kw>
<kw name="Dictionary Should Contain Key" owner="Collections">
<msg time="2024-04-20T08:15:26.378007" level="INFO">False</msg>
<arg>${json_data}</arg>
<arg>results</arg>
<doc>Fails if ``key`` is not found from ``dictionary``.</doc>
<status status="PASS" start="2024-04-20T08:15:26.377850" elapsed="0.000194"/>
</kw>
<kw name="Should Not Be Empty" owner="BuiltIn">
<msg time="2024-04-20T08:15:26.378492" level="INFO">Length is 2.</msg>
<arg>${json_data}</arg>
<doc>Verifies that the given item is not empty.</doc>
<status status="PASS" start="2024-04-20T08:15:26.378333" elapsed="0.000198"/>
</kw>
<kw name="Create List" owner="BuiltIn">
<msg time="2024-04-20T08:15:26.379108" level="INFO">${expected_keys} = ['gender', 'name', 'location', 'email', 'login']</msg>
<var>${expected_keys}</var>
<arg>gender</arg>
<arg>name</arg>
<arg>location</arg>
<arg>email</arg>
<arg>login</arg>
<doc>Returns a list containing given items.</doc>
<status status="PASS" start="2024-04-20T08:15:26.378825" elapsed="0.000308"/>
</kw>
<for flavor="IN">
<iter>
<kw name="Dictionary Should Contain Key" owner="Collections">
<msg time="2024-04-20T08:15:26.380112" level="INFO">False</msg>
<arg>${json_data['results'][0]}</arg>
<arg>${key}</arg>
<doc>Fails if ``key`` is not found from ``dictionary``.</doc>
<status status="PASS" start="2024-04-20T08:15:26.379701" elapsed="0.000449"/>
</kw>
<kw name="Log" owner="BuiltIn">
<msg time="2024-04-20T08:15:26.380816" level="INFO">{'gender': 'female', 'name': {'title': 'Ms', 'first': 'Alice', 'last': 'Harcourt'}, 'location': {'street': {'number': 5881, 'name': 'Dundas Rd'}, 'city': 'Delta', 'state': 'Québec', 'country': 'Canada', 'postcode': 'D5T 9C5', 'coordinates': {'latitude': '-72.5852', 'longitude': '19.6216'}, 'timezone': {'offset': '-6:00', 'description': 'Central Time (US &amp; Canada), Mexico City'}}, 'email': 'alice.harcourt@example.com', 'login': {'uuid': '16d3974c-2f28-4cba-a81c-6e7c09494dcb', 'username': 'silvergorilla933', 'password': 'banker', 'salt': '9jHWUOPH', 'md5': '2de42b7ccaf6089934f0574a2593c04b', 'sha1': '894bcde6d2729e35a7d0c19b5188699c646fa2e6', 'sha256': 'b31ca8f8139bb34211008788a86b0a16dce5ef497e1dca082444b9fc37936897'}, 'dob': {'date': '1972-02-06T09:48:00.770Z', 'age': 52}, 'registered': {'date': '2017-06-18T07:56:54.373Z', 'age': 6}, 'phone': 'P26 G87-7273', 'cell': 'X03 U34-5631', 'id': {'name': 'SIN', 'value': '514506062'}, 'picture': {'large': 'https://randomuser.me/api/portraits/women/0.jpg', 'medium': 'https://randomuser.me/api/portraits/med/women/0.jpg', 'thumbnail': 'https://randomuser.me/api/portraits/thumb/women/0.jpg'}, 'nat': 'CA'}</msg>
<arg>${json_data['results'][0]}</arg>
<doc>Logs the given message with the given level.</doc>
<status status="PASS" start="2024-04-20T08:15:26.380455" elapsed="0.000411"/>
</kw>
<kw name="Log" owner="BuiltIn">
<msg time="2024-04-20T08:15:26.381286" level="INFO">gender</msg>
<arg>${key}</arg>
<doc>Logs the given message with the given level.</doc>
<status status="PASS" start="2024-04-20T08:15:26.381161" elapsed="0.000162"/>
</kw>
<var name="${key}">gender</var>
<status status="PASS" start="2024-04-20T08:15:26.379578" elapsed="0.001956"/>
</iter>
<iter>
<kw name="Dictionary Should Contain Key" owner="Collections">
<msg time="2024-04-20T08:15:26.382220" level="INFO">False</msg>
<arg>${json_data['results'][0]}</arg>
<arg>${key}</arg>
<doc>Fails if ``key`` is not found from ``dictionary``.</doc>
<status status="PASS" start="2024-04-20T08:15:26.381831" elapsed="0.000426"/>
</kw>
<kw name="Log" owner="BuiltIn">
<msg time="2024-04-20T08:15:26.382969" level="INFO">{'gender': 'female', 'name': {'title': 'Ms', 'first': 'Alice', 'last': 'Harcourt'}, 'location': {'street': {'number': 5881, 'name': 'Dundas Rd'}, 'city': 'Delta', 'state': 'Québec', 'country': 'Canada', 'postcode': 'D5T 9C5', 'coordinates': {'latitude': '-72.5852', 'longitude': '19.6216'}, 'timezone': {'offset': '-6:00', 'description': 'Central Time (US &amp; Canada), Mexico City'}}, 'email': 'alice.harcourt@example.com', 'login': {'uuid': '16d3974c-2f28-4cba-a81c-6e7c09494dcb', 'username': 'silvergorilla933', 'password': 'banker', 'salt': '9jHWUOPH', 'md5': '2de42b7ccaf6089934f0574a2593c04b', 'sha1': '894bcde6d2729e35a7d0c19b5188699c646fa2e6', 'sha256': 'b31ca8f8139bb34211008788a86b0a16dce5ef497e1dca082444b9fc37936897'}, 'dob': {'date': '1972-02-06T09:48:00.770Z', 'age': 52}, 'registered': {'date': '2017-06-18T07:56:54.373Z', 'age': 6}, 'phone': 'P26 G87-7273', 'cell': 'X03 U34-5631', 'id': {'name': 'SIN', 'value': '514506062'}, 'picture': {'large': 'https://randomuser.me/api/portraits/women/0.jpg', 'medium': 'https://randomuser.me/api/portraits/med/women/0.jpg', 'thumbnail': 'https://randomuser.me/api/portraits/thumb/women/0.jpg'}, 'nat': 'CA'}</msg>
<arg>${json_data['results'][0]}</arg>
<doc>Logs the given message with the given level.</doc>
<status status="PASS" start="2024-04-20T08:15:26.382605" elapsed="0.000415"/>
</kw>
<kw name="Log" owner="BuiltIn">
<msg time="2024-04-20T08:15:26.383479" level="INFO">name</msg>
<arg>${key}</arg>
<doc>Logs the given message with the given level.</doc>
<status status="PASS" start="2024-04-20T08:15:26.383339" elapsed="0.000176"/>
</kw>
<var name="${key}">name</var>
<status status="PASS" start="2024-04-20T08:15:26.381717" elapsed="0.002010"/>
</iter>
<iter>
<kw name="Dictionary Should Contain Key" owner="Collections">
<msg time="2024-04-20T08:15:26.384400" level="INFO">False</msg>
<arg>${json_data['results'][0]}</arg>
<arg>${key}</arg>
<doc>Fails if ``key`` is not found from ``dictionary``.</doc>
<status status="PASS" start="2024-04-20T08:15:26.384017" elapsed="0.000419"/>
</kw>
<kw name="Log" owner="BuiltIn">
<msg time="2024-04-20T08:15:26.385088" level="INFO">{'gender': 'female', 'name': {'title': 'Ms', 'first': 'Alice', 'last': 'Harcourt'}, 'location': {'street': {'number': 5881, 'name': 'Dundas Rd'}, 'city': 'Delta', 'state': 'Québec', 'country': 'Canada', 'postcode': 'D5T 9C5', 'coordinates': {'latitude': '-72.5852', 'longitude': '19.6216'}, 'timezone': {'offset': '-6:00', 'description': 'Central Time (US &amp; Canada), Mexico City'}}, 'email': 'alice.harcourt@example.com', 'login': {'uuid': '16d3974c-2f28-4cba-a81c-6e7c09494dcb', 'username': 'silvergorilla933', 'password': 'banker', 'salt': '9jHWUOPH', 'md5': '2de42b7ccaf6089934f0574a2593c04b', 'sha1': '894bcde6d2729e35a7d0c19b5188699c646fa2e6', 'sha256': 'b31ca8f8139bb34211008788a86b0a16dce5ef497e1dca082444b9fc37936897'}, 'dob': {'date': '1972-02-06T09:48:00.770Z', 'age': 52}, 'registered': {'date': '2017-06-18T07:56:54.373Z', 'age': 6}, 'phone': 'P26 G87-7273', 'cell': 'X03 U34-5631', 'id': {'name': 'SIN', 'value': '514506062'}, 'picture': {'large': 'https://randomuser.me/api/portraits/women/0.jpg', 'medium': 'https://randomuser.me/api/portraits/med/women/0.jpg', 'thumbnail': 'https://randomuser.me/api/portraits/thumb/women/0.jpg'}, 'nat': 'CA'}</msg>
<arg>${json_data['results'][0]}</arg>
<doc>Logs the given message with the given level.</doc>
<status status="PASS" start="2024-04-20T08:15:26.384732" elapsed="0.000406"/>
</kw>
<kw name="Log" owner="BuiltIn">
<msg time="2024-04-20T08:15:26.385557" level="INFO">location</msg>
<arg>${key}</arg>
<doc>Logs the given message with the given level.</doc>
<status status="PASS" start="2024-04-20T08:15:26.385432" elapsed="0.000162"/>
</kw>
<var name="${key}">location</var>
<status status="PASS" start="2024-04-20T08:15:26.383905" elapsed="0.001899"/>
</iter>
<iter>
<kw name="Dictionary Should Contain Key" owner="Collections">
<msg time="2024-04-20T08:15:26.386497" level="INFO">False</msg>
<arg>${json_data['results'][0]}</arg>
<arg>${key}</arg>
<doc>Fails if ``key`` is not found from ``dictionary``.</doc>
<status status="PASS" start="2024-04-20T08:15:26.386087" elapsed="0.000447"/>
</kw>
<kw name="Log" owner="BuiltIn">
<msg time="2024-04-20T08:15:26.387199" level="INFO">{'gender': 'female', 'name': {'title': 'Ms', 'first': 'Alice', 'last': 'Harcourt'}, 'location': {'street': {'number': 5881, 'name': 'Dundas Rd'}, 'city': 'Delta', 'state': 'Québec', 'country': 'Canada', 'postcode': 'D5T 9C5', 'coordinates': {'latitude': '-72.5852', 'longitude': '19.6216'}, 'timezone': {'offset': '-6:00', 'description': 'Central Time (US &amp; Canada), Mexico City'}}, 'email': 'alice.harcourt@example.com', 'login': {'uuid': '16d3974c-2f28-4cba-a81c-6e7c09494dcb', 'username': 'silvergorilla933', 'password': 'banker', 'salt': '9jHWUOPH', 'md5': '2de42b7ccaf6089934f0574a2593c04b', 'sha1': '894bcde6d2729e35a7d0c19b5188699c646fa2e6', 'sha256': 'b31ca8f8139bb34211008788a86b0a16dce5ef497e1dca082444b9fc37936897'}, 'dob': {'date': '1972-02-06T09:48:00.770Z', 'age': 52}, 'registered': {'date': '2017-06-18T07:56:54.373Z', 'age': 6}, 'phone': 'P26 G87-7273', 'cell': 'X03 U34-5631', 'id': {'name': 'SIN', 'value': '514506062'}, 'picture': {'large': 'https://randomuser.me/api/portraits/women/0.jpg', 'medium': 'https://randomuser.me/api/portraits/med/women/0.jpg', 'thumbnail': 'https://randomuser.me/api/portraits/thumb/women/0.jpg'}, 'nat': 'CA'}</msg>
<arg>${json_data['results'][0]}</arg>
<doc>Logs the given message with the given level.</doc>
<status status="PASS" start="2024-04-20T08:15:26.386836" elapsed="0.000415"/>
</kw>
<kw name="Log" owner="BuiltIn">
<msg time="2024-04-20T08:15:26.387671" level="INFO">email</msg>
<arg>${key}</arg>
<doc>Logs the given message with the given level.</doc>
<status status="PASS" start="2024-04-20T08:15:26.387544" elapsed="0.000164"/>
</kw>
<var name="${key}">email</var>
<status status="PASS" start="2024-04-20T08:15:26.385977" elapsed="0.001942"/>
</iter>
<iter>
<kw name="Dictionary Should Contain Key" owner="Collections">
<msg time="2024-04-20T08:15:26.388569" level="INFO">False</msg>
<arg>${json_data['results'][0]}</arg>
<arg>${key}</arg>
<doc>Fails if ``key`` is not found from ``dictionary``.</doc>
<status status="PASS" start="2024-04-20T08:15:26.388199" elapsed="0.000406"/>
</kw>
<kw name="Log" owner="BuiltIn">
<msg time="2024-04-20T08:15:26.389269" level="INFO">{'gender': 'female', 'name': {'title': 'Ms', 'first': 'Alice', 'last': 'Harcourt'}, 'location': {'street': {'number': 5881, 'name': 'Dundas Rd'}, 'city': 'Delta', 'state': 'Québec', 'country': 'Canada', 'postcode': 'D5T 9C5', 'coordinates': {'latitude': '-72.5852', 'longitude': '19.6216'}, 'timezone': {'offset': '-6:00', 'description': 'Central Time (US &amp; Canada), Mexico City'}}, 'email': 'alice.harcourt@example.com', 'login': {'uuid': '16d3974c-2f28-4cba-a81c-6e7c09494dcb', 'username': 'silvergorilla933', 'password': 'banker', 'salt': '9jHWUOPH', 'md5': '2de42b7ccaf6089934f0574a2593c04b', 'sha1': '894bcde6d2729e35a7d0c19b5188699c646fa2e6', 'sha256': 'b31ca8f8139bb34211008788a86b0a16dce5ef497e1dca082444b9fc37936897'}, 'dob': {'date': '1972-02-06T09:48:00.770Z', 'age': 52}, 'registered': {'date': '2017-06-18T07:56:54.373Z', 'age': 6}, 'phone': 'P26 G87-7273', 'cell': 'X03 U34-5631', 'id': {'name': 'SIN', 'value': '514506062'}, 'picture': {'large': 'https://randomuser.me/api/portraits/women/0.jpg', 'medium': 'https://randomuser.me/api/portraits/med/women/0.jpg', 'thumbnail': 'https://randomuser.me/api/portraits/thumb/women/0.jpg'}, 'nat': 'CA'}</msg>
<arg>${json_data['results'][0]}</arg>
<doc>Logs the given message with the given level.</doc>
<status status="PASS" start="2024-04-20T08:15:26.388900" elapsed="0.000418"/>
</kw>
<kw name="Log" owner="BuiltIn">
<msg time="2024-04-20T08:15:26.389737" level="INFO">login</msg>
<arg>${key}</arg>
<doc>Logs the given message with the given level.</doc>
<status status="PASS" start="2024-04-20T08:15:26.389611" elapsed="0.000163"/>
</kw>
<var name="${key}">login</var>
<status status="PASS" start="2024-04-20T08:15:26.388089" elapsed="0.001955"/>
</iter>
<var>${key}</var>
<value>@{expected_keys}</value>
<status status="PASS" start="2024-04-20T08:15:26.379394" elapsed="0.010778"/>
</for>
<kw name="Create List" owner="BuiltIn">
<msg time="2024-04-20T08:15:26.390552" level="INFO">${expected_keysTwo} = ['username', 'password']</msg>
<var>${expected_keysTwo}</var>
<arg>username</arg>
<arg>password</arg>
<doc>Returns a list containing given items.</doc>
<status status="PASS" start="2024-04-20T08:15:26.390365" elapsed="0.000213"/>
</kw>
<for flavor="IN">
<iter>
<kw name="Dictionary Should Contain Key" owner="Collections">
<msg time="2024-04-20T08:15:26.391482" level="INFO">False</msg>
<arg>${json_data['results'][0]['login']}</arg>
<arg>${keyTwo}</arg>
<doc>Fails if ``key`` is not found from ``dictionary``.</doc>
<status status="PASS" start="2024-04-20T08:15:26.391089" elapsed="0.000431"/>
</kw>
<kw name="Dictionary Should Contain Key" owner="Collections">
<msg time="2024-04-20T08:15:26.392198" level="INFO">False</msg>
<arg>${json_data['results'][0]['login']}</arg>
<arg>${keyTwo}</arg>
<doc>Fails if ``key`` is not found from ``dictionary``.</doc>
<status status="PASS" start="2024-04-20T08:15:26.391814" elapsed="0.000421"/>
</kw>
<kw name="Log" owner="BuiltIn">
<msg time="2024-04-20T08:15:26.392653" level="INFO">username</msg>
<arg>${keyTwo}</arg>
<doc>Logs the given message with the given level.</doc>
<status status="PASS" start="2024-04-20T08:15:26.392527" elapsed="0.000164"/>
</kw>
<var name="${keyTwo}">username</var>
<status status="PASS" start="2024-04-20T08:15:26.390977" elapsed="0.001924"/>
</iter>
<iter>
<kw name="Dictionary Should Contain Key" owner="Collections">
<msg time="2024-04-20T08:15:26.393568" level="INFO">False</msg>
<arg>${json_data['results'][0]['login']}</arg>
<arg>${keyTwo}</arg>
<doc>Fails if ``key`` is not found from ``dictionary``.</doc>
<status status="PASS" start="2024-04-20T08:15:26.393183" elapsed="0.000428"/>
</kw>
<kw name="Dictionary Should Contain Key" owner="Collections">
<msg time="2024-04-20T08:15:26.394370" level="INFO">False</msg>
<arg>${json_data['results'][0]['login']}</arg>
<arg>${keyTwo}</arg>
<doc>Fails if ``key`` is not found from ``dictionary``.</doc>
<status status="PASS" start="2024-04-20T08:15:26.393914" elapsed="0.000515"/>
</kw>
<kw name="Log" owner="BuiltIn">
<msg time="2024-04-20T08:15:26.394856" level="INFO">password</msg>
<arg>${keyTwo}</arg>
<doc>Logs the given message with the given level.</doc>
<status status="PASS" start="2024-04-20T08:15:26.394728" elapsed="0.000167"/>
</kw>
<var name="${keyTwo}">password</var>
<status status="PASS" start="2024-04-20T08:15:26.393072" elapsed="0.002037"/>
</iter>
<var>${keyTwo}</var>
<value>@{expected_keysTwo}</value>
<status status="PASS" start="2024-04-20T08:15:26.390821" elapsed="0.004410"/>
</for>
<status status="PASS" start="2024-04-20T08:15:26.281581" elapsed="0.113791"/>
</kw>
<doc>Testa a estrutura da resposta da API.</doc>
<tag>testeEstruturaResposta</tag>
<status status="PASS" start="2024-04-20T08:15:26.281099" elapsed="0.114424"/>
</test>
<test id="s1-s1-t4" name="Validar tipos de dados" line="28">
<kw name="Teste de Tipos de Dados" owner="random-user-service">
<kw name="GET On Session" owner="RequestsLibrary">
<msg time="2024-04-20T08:15:26.476268" level="INFO">GET Request : url=https://randomuser.me/api 
 path_url=/api 
 headers={'User-Agent': 'python-requests/2.31.0', 'Accept-Encoding': 'gzip, deflate', 'Accept': '*/*', 'Connection': 'keep-alive'} 
 body=None 
 </msg>
<msg time="2024-04-20T08:15:26.476347" level="INFO">GET Response : url=https://randomuser.me/api 
 status=200, reason=OK 
 headers={'Date': 'Sat, 20 Apr 2024 08:15:26 GMT', 'Content-Type': 'application/json; charset=utf-8', 'Transfer-Encoding': 'chunked', 'Connection': 'keep-alive', 'X-Powered-By': 'Express', 'Access-Control-Allow-Origin': '*', 'Cache-Control': 'no-cache', 'ETag': 'W/"487-3vo4TA247KDaC8EVwDX+5xGkTdQ"', 'Vary': 'Accept-Encoding', 'Content-Encoding': 'gzip', 'CF-Cache-Status': 'DYNAMIC', 'Report-To': '{"endpoints":[{"url":"https:\\/\\/a.nel.cloudflare.com\\/report\\/v4?s=D8W6ANZ0UnpuxUhqVsqDyCXDKqwn16w8ZhRMc7Znraq%2Bi0%2BwNCNNgnH%2Fnuzj%2BR5j%2FqWgl4pmJ7flGx6%2FNF%2B91ZOzgtvuaNh5oCy60Lf5p0LdCPouy9ArAXdIK34yIF3q"}],"group":"cf-nel","max_age":604800}', 'NEL': '{"success_fraction":0,"report_to":"cf-nel","max_age":604800}', 'Server': 'cloudflare', 'CF-RAY': '8773afbdfcd98f48-ORD', 'alt-svc': 'h3=":443"; ma=86400'} 
 body={"results":[{"gender":"male","name":{"title":"Mr","first":"Brayden","last":"Harrison"},"location":{"street":{"number":3034,"name":"Mill Lane"},"city":"Navan","state":"Meath","country":"Ireland","postcode":43360,"coordinates":{"latitude":"-3.8731","longitude":"-47.5716"},"timezone":{"offset":"-6:00","description":"Central Time (US &amp; Canada), Mexico City"}},"email":"brayden.harrison@example.com","login":{"uuid":"16346aa5-6c39-4708-83f2-c80737ebdd64","username":"whitecat816","password":"cheeks","salt":"BXnJDdHr","md5":"9995295a2bb69a5a433096ae3a6f0c87","sha1":"29acbde7b2ed367622f6f41b2263f479e07968c6","sha256":"33857f59d52538ff2871a789592b63944b89245c620b7dc48a387741c7d40f41"},"dob":{"date":"1973-02-26T18:07:39.780Z","age":51},"registered":{"date":"2002-09-06T13:16:35.876Z","age":21},"phone":"021-497-8833","cell":"081-765-3143","id":{"name":"PPS","value":"4021122T"},"picture":{"large":"https://randomuser.me/api/portraits/men/44.jpg","medium":"https://randomuser.me/api/portraits/med/men/44.jpg","thumbnail":"https://randomuser.me/api/portraits/thumb/men/44.jpg"},"nat":"IE"}],"info":{"seed":"c5d95d3742036c0c","results":1,"page":1,"version":"1.4"}} 
 </msg>
<msg time="2024-04-20T08:15:26.476417" level="INFO">/opt/hostedtoolcache/Python/3.12.3/x64/lib/python3.12/site-packages/urllib3/connectionpool.py:1103: InsecureRequestWarning: Unverified HTTPS request is being made to host 'randomuser.me'. Adding certificate verification is strongly advised. See: https://urllib3.readthedocs.io/en/latest/advanced-usage.html#tls-warnings
  warnings.warn(</msg>
<msg time="2024-04-20T08:15:26.476531" level="INFO">${response} = &lt;Response [200]&gt;</msg>
<var>${response}</var>
<arg>consultarAPI</arg>
<arg>/api</arg>
<doc>Sends a GET request on a previously created HTTP Session.</doc>
<status status="PASS" start="2024-04-20T08:15:26.397903" elapsed="0.078666"/>
</kw>
<kw name="Set Variable" owner="BuiltIn">
<msg time="2024-04-20T08:15:26.477414" level="INFO">${json_data} = {'results': [{'gender': 'male', 'name': {'title': 'Mr', 'first': 'Brayden', 'last': 'Harrison'}, 'location': {'street': {'number': 3034, 'name': 'Mill Lane'}, 'city': 'Navan', 'state': 'Meath', 'count...</msg>
<var>${json_data}</var>
<arg>${response.json()}</arg>
<doc>Returns the given values which can then be assigned to a variables.</doc>
<status status="PASS" start="2024-04-20T08:15:26.476961" elapsed="0.000481"/>
</kw>
<kw name="Log" owner="BuiltIn">
<msg time="2024-04-20T08:15:26.477890" level="INFO">{'results': [{'gender': 'male', 'name': {'title': 'Mr', 'first': 'Brayden', 'last': 'Harrison'}, 'location': {'street': {'number': 3034, 'name': 'Mill Lane'}, 'city': 'Navan', 'state': 'Meath', 'country': 'Ireland', 'postcode': 43360, 'coordinates': {'latitude': '-3.8731', 'longitude': '-47.5716'}, 'timezone': {'offset': '-6:00', 'description': 'Central Time (US &amp; Canada), Mexico City'}}, 'email': 'brayden.harrison@example.com', 'login': {'uuid': '16346aa5-6c39-4708-83f2-c80737ebdd64', 'username': 'whitecat816', 'password': 'cheeks', 'salt': 'BXnJDdHr', 'md5': '9995295a2bb69a5a433096ae3a6f0c87', 'sha1': '29acbde7b2ed367622f6f41b2263f479e07968c6', 'sha256': '33857f59d52538ff2871a789592b63944b89245c620b7dc48a387741c7d40f41'}, 'dob': {'date': '1973-02-26T18:07:39.780Z', 'age': 51}, 'registered': {'date': '2002-09-06T13:16:35.876Z', 'age': 21}, 'phone': '021-497-8833', 'cell': '081-765-3143', 'id': {'name': 'PPS', 'value': '4021122T'}, 'picture': {'large': 'https://randomuser.me/api/portraits/men/44.jpg', 'medium': 'https://randomuser.me/api/portraits/med/men/44.jpg', 'thumbnail': 'https://randomuser.me/api/portraits/thumb/men/44.jpg'}, 'nat': 'IE'}], 'info': {'seed': 'c5d95d3742036c0c', 'results': 1, 'page': 1, 'version': '1.4'}}</msg>
<arg>${json_data}</arg>
<doc>Logs the given message with the given level.</doc>
<status status="PASS" start="2024-04-20T08:15:26.477740" elapsed="0.000235"/>
</kw>
<kw name="Should Be String" owner="String">
<arg>${json_data['results'][0]['gender']}</arg>
<doc>Fails if the given ``item`` is not a string.</doc>
<status status="PASS" start="2024-04-20T08:15:26.478271" elapsed="0.000391"/>
</kw>
<kw name="Should Match Regexp" owner="BuiltIn">
<arg>${json_data['results'][0]['email']}</arg>
<arg>^[a-zA-Z0-9._%+-]+@[a-zA-Z0-9.-]+\.[a-zA-Z]{2,}$</arg>
<doc>Fails if ``string`` does not match ``pattern`` as a regular expression.</doc>
<status status="PASS" start="2024-04-20T08:15:26.478853" elapsed="0.000504"/>
</kw>
<kw name="Should Match Regexp" owner="BuiltIn">
<arg>${json_data['results'][0]['dob']['date']}</arg>
<arg>\\d{4}-\\d{2}-\\d{2}T\\d{2}:\\d{2}:\\d{2}\\.\\d{3}Z</arg>
<doc>Fails if ``string`` does not match ``pattern`` as a regular expression.</doc>
<status status="PASS" start="2024-04-20T08:15:26.479549" elapsed="0.000475"/>
</kw>
<kw name="Should Match Regexp" owner="BuiltIn">
<arg>${json_data['results'][0]['registered']['date']}</arg>
<arg>\\d{4}-\\d{2}-\\d{2}T\\d{2}:\\d{2}:\\d{2}\\.\\d{3}Z</arg>
<doc>Fails if ``string`` does not match ``pattern`` as a regular expression.</doc>
<status status="PASS" start="2024-04-20T08:15:26.480213" elapsed="0.000369"/>
</kw>
<kw name="Should Match Regexp" owner="BuiltIn">
<arg>${json_data['results'][0]['picture']['large']}</arg>
<arg>^https?://.*\.(?:png|jpe?g|gif|bmp)$</arg>
<doc>Fails if ``string`` does not match ``pattern`` as a regular expression.</doc>
<status status="PASS" start="2024-04-20T08:15:26.480767" elapsed="0.000451"/>
</kw>
<kw name="Should Match Regexp" owner="BuiltIn">
<arg>${json_data['results'][0]['picture']['medium']}</arg>
<arg>^https?://.*\.(?:png|jpe?g|gif|bmp)$</arg>
<doc>Fails if ``string`` does not match ``pattern`` as a regular expression.</doc>
<status status="PASS" start="2024-04-20T08:15:26.481411" elapsed="0.000350"/>
</kw>
<kw name="Should Match Regexp" owner="BuiltIn">
<arg>${json_data['results'][0]['picture']['thumbnail']}</arg>
<arg>^https?://.*\.(?:png|jpe?g|gif|bmp)$</arg>
<doc>Fails if ``string`` does not match ``pattern`` as a regular expression.</doc>
<status status="PASS" start="2024-04-20T08:15:26.481942" elapsed="0.000353"/>
</kw>
<kw name="Log" owner="BuiltIn">
<msg time="2024-04-20T08:15:26.482851" level="INFO">{'large': 'https://randomuser.me/api/portraits/men/44.jpg', 'medium': 'https://randomuser.me/api/portraits/med/men/44.jpg', 'thumbnail': 'https://randomuser.me/api/portraits/thumb/men/44.jpg'}</msg>
<arg>${json_data['results'][0]['picture']}</arg>
<doc>Logs the given message with the given level.</doc>
<status status="PASS" start="2024-04-20T08:15:26.482516" elapsed="0.000377"/>
</kw>
<status status="PASS" start="2024-04-20T08:15:26.397681" elapsed="0.085463"/>
</kw>
<kw name="Teste de Tipos de Dados - Postcode" owner="random-user-service">
<kw name="GET On Session" owner="RequestsLibrary">
<msg time="2024-04-20T08:15:26.570229" level="INFO">GET Request : url=https://randomuser.me/api 
 path_url=/api 
 headers={'User-Agent': 'python-requests/2.31.0', 'Accept-Encoding': 'gzip, deflate', 'Accept': '*/*', 'Connection': 'keep-alive'} 
 body=None 
 </msg>
<msg time="2024-04-20T08:15:26.570311" level="INFO">GET Response : url=https://randomuser.me/api 
 status=200, reason=OK 
 headers={'Date': 'Sat, 20 Apr 2024 08:15:26 GMT', 'Content-Type': 'application/json; charset=utf-8', 'Transfer-Encoding': 'chunked', 'Connection': 'keep-alive', 'X-Powered-By': 'Express', 'Access-Control-Allow-Origin': '*', 'Cache-Control': 'no-cache', 'ETag': 'W/"47e-xz8xK2l+nF8kStoFVjLZV7uObjg"', 'Vary': 'Accept-Encoding', 'Content-Encoding': 'gzip', 'CF-Cache-Status': 'DYNAMIC', 'Report-To': '{"endpoints":[{"url":"https:\\/\\/a.nel.cloudflare.com\\/report\\/v4?s=MOgSM4jPfxv5sQP3nXGTzjxjBsW9O%2Bsvql1OJXhzUBUZhqd6V2pfFTfhmSWV9j36yP%2F3Q%2BDpSXr9Y8RAWLpsVFfTirlrS2Y9ZmXh8Dw0V6Kt4nDsKX0qfL6jhElO6yBO"}],"group":"cf-nel","max_age":604800}', 'NEL': '{"success_fraction":0,"report_to":"cf-nel","max_age":604800}', 'Server': 'cloudflare', 'CF-RAY': '8773afbe8d338f48-ORD', 'alt-svc': 'h3=":443"; ma=86400'} 
 body={"results":[{"gender":"female","name":{"title":"Mrs","first":"Mia","last":"Gilbert"},"location":{"street":{"number":892,"name":"Oak Lawn Ave"},"city":"Warragul","state":"Northern Territory","country":"Australia","postcode":1708,"coordinates":{"latitude":"-87.2139","longitude":"155.6232"},"timezone":{"offset":"+3:30","description":"Tehran"}},"email":"mia.gilbert@example.com","login":{"uuid":"b48919f5-e971-4035-a1f6-7ee1b7738f97","username":"happyladybug943","password":"vinnie","salt":"KCgclvke","md5":"cf78ebc00a5f1f48d0aaa581f4926c0c","sha1":"b25479b0a3b4e62a1cddec6101482d93e0c8ac6f","sha256":"e7a8aff66743c4c5971b927fe93e876d59c534a9f77cd1db17ad1587cf129c6b"},"dob":{"date":"1997-09-22T07:01:18.450Z","age":26},"registered":{"date":"2003-11-09T15:18:40.271Z","age":20},"phone":"04-4259-5457","cell":"0425-719-323","id":{"name":"TFN","value":"517861429"},"picture":{"large":"https://randomuser.me/api/portraits/women/70.jpg","medium":"https://randomuser.me/api/portraits/med/women/70.jpg","thumbnail":"https://randomuser.me/api/portraits/thumb/women/70.jpg"},"nat":"AU"}],"info":{"seed":"539832f59bc5bbe8","results":1,"page":1,"version":"1.4"}} 
 </msg>
<msg time="2024-04-20T08:15:26.570382" level="INFO">/opt/hostedtoolcache/Python/3.12.3/x64/lib/python3.12/site-packages/urllib3/connectionpool.py:1103: InsecureRequestWarning: Unverified HTTPS request is being made to host 'randomuser.me'. Adding certificate verification is strongly advised. See: https://urllib3.readthedocs.io/en/latest/advanced-usage.html#tls-warnings
  warnings.warn(</msg>
<msg time="2024-04-20T08:15:26.570559" level="INFO">${response} = &lt;Response [200]&gt;</msg>
<var>${response}</var>
<arg>consultarAPI</arg>
<arg>/api</arg>
<doc>Sends a GET request on a previously created HTTP Session.</doc>
<status status="PASS" start="2024-04-20T08:15:26.483583" elapsed="0.087014"/>
</kw>
<kw name="Set Variable" owner="BuiltIn">
<msg time="2024-04-20T08:15:26.571401" level="INFO">${json_data} = {'results': [{'gender': 'female', 'name': {'title': 'Mrs', 'first': 'Mia', 'last': 'Gilbert'}, 'location': {'street': {'number': 892, 'name': 'Oak Lawn Ave'}, 'city': 'Warragul', 'state': 'Northern Te...</msg>
<var>${json_data}</var>
<arg>${response.json()}</arg>
<doc>Returns the given values which can then be assigned to a variables.</doc>
<status status="PASS" start="2024-04-20T08:15:26.570966" elapsed="0.000462"/>
</kw>
<kw name="Log" owner="BuiltIn">
<msg time="2024-04-20T08:15:26.571884" level="INFO">{'results': [{'gender': 'female', 'name': {'title': 'Mrs', 'first': 'Mia', 'last': 'Gilbert'}, 'location': {'street': {'number': 892, 'name': 'Oak Lawn Ave'}, 'city': 'Warragul', 'state': 'Northern Territory', 'country': 'Australia', 'postcode': 1708, 'coordinates': {'latitude': '-87.2139', 'longitude': '155.6232'}, 'timezone': {'offset': '+3:30', 'description': 'Tehran'}}, 'email': 'mia.gilbert@example.com', 'login': {'uuid': 'b48919f5-e971-4035-a1f6-7ee1b7738f97', 'username': 'happyladybug943', 'password': 'vinnie', 'salt': 'KCgclvke', 'md5': 'cf78ebc00a5f1f48d0aaa581f4926c0c', 'sha1': 'b25479b0a3b4e62a1cddec6101482d93e0c8ac6f', 'sha256': 'e7a8aff66743c4c5971b927fe93e876d59c534a9f77cd1db17ad1587cf129c6b'}, 'dob': {'date': '1997-09-22T07:01:18.450Z', 'age': 26}, 'registered': {'date': '2003-11-09T15:18:40.271Z', 'age': 20}, 'phone': '04-4259-5457', 'cell': '0425-719-323', 'id': {'name': 'TFN', 'value': '517861429'}, 'picture': {'large': 'https://randomuser.me/api/portraits/women/70.jpg', 'medium': 'https://randomuser.me/api/portraits/med/women/70.jpg', 'thumbnail': 'https://randomuser.me/api/portraits/thumb/women/70.jpg'}, 'nat': 'AU'}], 'info': {'seed': '539832f59bc5bbe8', 'results': 1, 'page': 1, 'version': '1.4'}}</msg>
<arg>${json_data}</arg>
<doc>Logs the given message with the given level.</doc>
<status status="PASS" start="2024-04-20T08:15:26.571732" elapsed="0.000228"/>
</kw>
<kw name="Should Be Equal As Numbers" owner="BuiltIn">
<arg>${json_data['results'][0]['location']['postcode']}</arg>
<arg>${json_data['results'][0]['location']['postcode']}</arg>
<doc>Fails if objects are unequal after converting them to real numbers.</doc>
<status status="PASS" start="2024-04-20T08:15:26.572260" elapsed="0.000734"/>
</kw>
<kw name="Log" owner="BuiltIn">
<msg time="2024-04-20T08:15:26.573517" level="INFO">1708</msg>
<arg>${json_data['results'][0]['location']['postcode']}</arg>
<doc>Logs the given message with the given level.</doc>
<status status="PASS" start="2024-04-20T08:15:26.573186" elapsed="0.000370"/>
</kw>
<status status="PASS" start="2024-04-20T08:15:26.483355" elapsed="0.090447"/>
</kw>
<doc>Testa se os tipos de dados na resposta da API estão corretos.</doc>
<tag>testeTiposDados</tag>
<status status="PASS" start="2024-04-20T08:15:26.397253" elapsed="0.176706"/>
</test>
<test id="s1-s1-t5" name="Validar conteudo" line="35">
<kw name="Teste de Tipos de Conteudo" owner="random-user-service">
<kw name="GET On Session" owner="RequestsLibrary">
<msg time="2024-04-20T08:15:26.670274" level="INFO">GET Request : url=https://randomuser.me/api 
 path_url=/api 
 headers={'User-Agent': 'python-requests/2.31.0', 'Accept-Encoding': 'gzip, deflate', 'Accept': '*/*', 'Connection': 'keep-alive'} 
 body=None 
 </msg>
<msg time="2024-04-20T08:15:26.670358" level="INFO">GET Response : url=https://randomuser.me/api 
 status=200, reason=OK 
 headers={'Date': 'Sat, 20 Apr 2024 08:15:26 GMT', 'Content-Type': 'application/json; charset=utf-8', 'Transfer-Encoding': 'chunked', 'Connection': 'keep-alive', 'X-Powered-By': 'Express', 'Access-Control-Allow-Origin': '*', 'Cache-Control': 'no-cache', 'ETag': 'W/"482-9yj0MvzVQO/ESOnh4bQsoVkMat4"', 'Vary': 'Accept-Encoding', 'Content-Encoding': 'gzip', 'CF-Cache-Status': 'DYNAMIC', 'Report-To': '{"endpoints":[{"url":"https:\\/\\/a.nel.cloudflare.com\\/report\\/v4?s=TLTq14mjwdn58hJgypf4GkjUAN4RK3B9tEQF6Kz2S%2BMsUpkqoeWXFT9klssQXnd%2BcUULKuZPwnoXOb1dqT5VxKZh5z0GdQNGE7QIyHL9RISOfvskdLBcmx%2FzgNQQXusR"}],"group":"cf-nel","max_age":604800}', 'NEL': '{"success_fraction":0,"report_to":"cf-nel","max_age":604800}', 'Server': 'cloudflare', 'CF-RAY': '8773afbf1d898f48-ORD', 'alt-svc': 'h3=":443"; ma=86400'} 
 body={"results":[{"gender":"female","name":{"title":"Mrs","first":"Sophie","last":"Côté"},"location":{"street":{"number":1992,"name":"West Ave"},"city":"Russell","state":"Nunavut","country":"Canada","postcode":"G0T 2O0","coordinates":{"latitude":"-70.4122","longitude":"74.1851"},"timezone":{"offset":"-11:00","description":"Midway Island, Samoa"}},"email":"sophie.cote@example.com","login":{"uuid":"f3903fb9-e6c8-430e-a828-15486b38cce4","username":"lazybutterfly412","password":"bubble","salt":"yVFla5AF","md5":"97f5535a9c2c07ad812f4e6eb5820df4","sha1":"401de4dc60e43a196fce0188325ab17be68fc9b4","sha256":"a6b35ef0dd92cc5fbfb9d2affcb16eed58021ed4fa99f8acc0c16b946af68452"},"dob":{"date":"1959-06-28T02:29:46.509Z","age":64},"registered":{"date":"2012-08-12T22:36:25.678Z","age":11},"phone":"R25 U78-2696","cell":"W71 R25-2676","id":{"name":"SIN","value":"738687177"},"picture":{"large":"https://randomuser.me/api/portraits/women/40.jpg","medium":"https://randomuser.me/api/portraits/med/women/40.jpg","thumbnail":"https://randomuser.me/api/portraits/thumb/women/40.jpg"},"nat":"CA"}],"info":{"seed":"74fec13363342965","results":1,"page":1,"version":"1.4"}} 
 </msg>
<msg time="2024-04-20T08:15:26.670473" level="INFO">/opt/hostedtoolcache/Python/3.12.3/x64/lib/python3.12/site-packages/urllib3/connectionpool.py:1103: InsecureRequestWarning: Unverified HTTPS request is being made to host 'randomuser.me'. Adding certificate verification is strongly advised. See: https://urllib3.readthedocs.io/en/latest/advanced-usage.html#tls-warnings
  warnings.warn(</msg>
<msg time="2024-04-20T08:15:26.670613" level="INFO">${response} = &lt;Response [200]&gt;</msg>
<var>${response}</var>
<arg>consultarAPI</arg>
<arg>/api</arg>
<doc>Sends a GET request on a previously created HTTP Session.</doc>
<status status="PASS" start="2024-04-20T08:15:26.576418" elapsed="0.094252"/>
</kw>
<kw name="Set Variable" owner="BuiltIn">
<msg time="2024-04-20T08:15:26.671506" level="INFO">${json_data} = {'results': [{'gender': 'female', 'name': {'title': 'Mrs', 'first': 'Sophie', 'last': 'Côté'}, 'location': {'street': {'number': 1992, 'name': 'West Ave'}, 'city': 'Russell', 'state': 'Nunavut', 'coun...</msg>
<var>${json_data}</var>
<arg>${response.json()}</arg>
<doc>Returns the given values which can then be assigned to a variables.</doc>
<status status="PASS" start="2024-04-20T08:15:26.671062" elapsed="0.000473"/>
</kw>
<kw name="Set Variable" owner="BuiltIn">
<msg time="2024-04-20T08:15:26.672219" level="INFO">${name_title} = Mrs</msg>
<var>${name_title}</var>
<arg>${json_data["results"][0]["name"]["title"]}</arg>
<doc>Returns the given values which can then be assigned to a variables.</doc>
<status status="PASS" start="2024-04-20T08:15:26.671836" elapsed="0.000408"/>
</kw>
<kw name="Create List" owner="BuiltIn">
<msg time="2024-04-20T08:15:26.672682" level="INFO">${allowed_titles} = ['Mr', 'Ms', 'Miss', 'Mrs', 'Madame', 'Monsieur']</msg>
<var>${allowed_titles}</var>
<arg>Mr</arg>
<arg>Ms</arg>
<arg>Miss</arg>
<arg>Mrs</arg>
<arg>Madame</arg>
<arg>Monsieur</arg>
<doc>Returns a list containing given items.</doc>
<status status="PASS" start="2024-04-20T08:15:26.672536" elapsed="0.000169"/>
</kw>
<kw name="List Should Contain Value" owner="Collections">
<msg time="2024-04-20T08:15:26.673173" level="INFO">False</msg>
<arg>${allowed_titles}</arg>
<arg>${name_title}</arg>
<doc>Fails if the ``value`` is not found from ``list``.</doc>
<status status="PASS" start="2024-04-20T08:15:26.673002" elapsed="0.000206"/>
</kw>
<kw name="Set Variable" owner="BuiltIn">
<msg time="2024-04-20T08:15:26.673879" level="INFO">${name_country} = CA</msg>
<var>${name_country}</var>
<arg>${json_data["results"][0]["nat"]}</arg>
<doc>Returns the given values which can then be assigned to a variables.</doc>
<status status="PASS" start="2024-04-20T08:15:26.673493" elapsed="0.000410"/>
</kw>
<kw name="Create List" owner="BuiltIn">
<msg time="2024-04-20T08:15:26.674803" level="INFO">${list_country} = ['AD', 'AE', 'AF', 'AG', 'AI', 'AL', 'AM', 'AO', 'AQ', 'AR', 'AS', 'AT', 'AU', 'AW', 'AX', 'AZ', 'BA', 'BB', 'BD', 'BE', 'BF', 'BG', 'BH', 'BI', 'BJ', 'BL', 'BM', 'BN', 'BO', 'BQ', 'BR', 'BS', 'BT', '...</msg>
<var>${list_country}</var>
<arg>AD</arg>
<arg>AE</arg>
<arg>AF</arg>
<arg>AG</arg>
<arg>AI</arg>
<arg>AL</arg>
<arg>AM</arg>
<arg>AO</arg>
<arg>AQ</arg>
<arg>AR</arg>
<arg>AS</arg>
<arg>AT</arg>
<arg>AU</arg>
<arg>AW</arg>
<arg>AX</arg>
<arg>AZ</arg>
<arg>BA</arg>
<arg>BB</arg>
<arg>BD</arg>
<arg>BE</arg>
<arg>BF</arg>
<arg>BG</arg>
<arg>BH</arg>
<arg>BI</arg>
<arg>BJ</arg>
<arg>BL</arg>
<arg>BM</arg>
<arg>BN</arg>
<arg>BO</arg>
<arg>BQ</arg>
<arg>BR</arg>
<arg>BS</arg>
<arg>BT</arg>
<arg>BV</arg>
<arg>BW</arg>
<arg>BY</arg>
<arg>BZ</arg>
<arg>CA</arg>
<arg>CC</arg>
<arg>CD</arg>
<arg>CF</arg>
<arg>CG</arg>
<arg>CH</arg>
<arg>CI</arg>
<arg>CK</arg>
<arg>CL</arg>
<arg>CM</arg>
<arg>CN</arg>
<arg>CO</arg>
<arg>CR</arg>
<arg>CU</arg>
<arg>CV</arg>
<arg>CW</arg>
<arg>CX</arg>
<arg>CY</arg>
<arg>CZ</arg>
<arg>DE</arg>
<arg>DJ</arg>
<arg>DK</arg>
<arg>DM</arg>
<arg>DO</arg>
<arg>DZ</arg>
<arg>EC</arg>
<arg>EE</arg>
<arg>EG</arg>
<arg>EH</arg>
<arg>ER</arg>
<arg>ES</arg>
<arg>ET</arg>
<arg>FI</arg>
<arg>FJ</arg>
<arg>FK</arg>
<arg>FM</arg>
<arg>FO</arg>
<arg>FR</arg>
<arg>GA</arg>
<arg>GB</arg>
<arg>GD</arg>
<arg>GE</arg>
<arg>GF</arg>
<arg>GG</arg>
<arg>GH</arg>
<arg>GI</arg>
<arg>GL</arg>
<arg>GM</arg>
<arg>GN</arg>
<arg>GP</arg>
<arg>GQ</arg>
<arg>GR</arg>
<arg>GS</arg>
<arg>GT</arg>
<arg>GU</arg>
<arg>GW</arg>
<arg>GY</arg>
<arg>HK</arg>
<arg>HM</arg>
<arg>HN</arg>
<arg>HR</arg>
<arg>HT</arg>
<arg>HU</arg>
<arg>ID</arg>
<arg>IE</arg>
<arg>IL</arg>
<arg>IM</arg>
<arg>IN</arg>
<arg>IO</arg>
<arg>IQ</arg>
<arg>IR</arg>
<arg>IS</arg>
<arg>IT</arg>
<arg>JE</arg>
<arg>JM</arg>
<arg>JO</arg>
<arg>JP</arg>
<arg>KE</arg>
<arg>KG</arg>
<arg>KH</arg>
<arg>KI</arg>
<arg>KM</arg>
<arg>KN</arg>
<arg>KP</arg>
<arg>KR</arg>
<arg>KW</arg>
<arg>KY</arg>
<arg>KZ</arg>
<arg>LA</arg>
<arg>LB</arg>
<arg>LC</arg>
<arg>LI</arg>
<arg>LK</arg>
<arg>LR</arg>
<arg>LS</arg>
<arg>LT</arg>
<arg>LU</arg>
<arg>LV</arg>
<arg>LY</arg>
<arg>MA</arg>
<arg>MC</arg>
<arg>MD</arg>
<arg>ME</arg>
<arg>MF</arg>
<arg>MG</arg>
<arg>MH</arg>
<arg>MK</arg>
<arg>ML</arg>
<arg>MM</arg>
<arg>MN</arg>
<arg>MO</arg>
<arg>MP</arg>
<arg>MQ</arg>
<arg>MR</arg>
<arg>MS</arg>
<arg>MT</arg>
<arg>MU</arg>
<arg>MV</arg>
<arg>MW</arg>
<arg>MX</arg>
<arg>MY</arg>
<arg>MZ</arg>
<arg>NA</arg>
<arg>NC</arg>
<arg>NE</arg>
<arg>NF</arg>
<arg>NG</arg>
<arg>NI</arg>
<arg>NL</arg>
<arg>NO</arg>
<arg>NP</arg>
<arg>NR</arg>
<arg>NU</arg>
<arg>NZ</arg>
<arg>OM</arg>
<arg>PA</arg>
<arg>PE</arg>
<arg>PF</arg>
<arg>PG</arg>
<arg>PH</arg>
<arg>PK</arg>
<arg>PL</arg>
<arg>PM</arg>
<arg>PN</arg>
<arg>PR</arg>
<arg>PS</arg>
<arg>PT</arg>
<arg>PW</arg>
<arg>PY</arg>
<arg>QA</arg>
<arg>RE</arg>
<arg>RO</arg>
<arg>RS</arg>
<arg>RU</arg>
<arg>RW</arg>
<arg>SA</arg>
<arg>SB</arg>
<arg>SC</arg>
<arg>SD</arg>
<arg>SE</arg>
<arg>SG</arg>
<arg>SH</arg>
<arg>SI</arg>
<arg>SJ</arg>
<arg>SK</arg>
<arg>SL</arg>
<arg>SM</arg>
<arg>SN</arg>
<arg>SO</arg>
<arg>SR</arg>
<arg>SS</arg>
<arg>ST</arg>
<arg>SV</arg>
<arg>SX</arg>
<arg>SY</arg>
<arg>SZ</arg>
<arg>TC</arg>
<arg>TD</arg>
<arg>TF</arg>
<arg>TG</arg>
<arg>TH</arg>
<arg>TJ</arg>
<arg>TK</arg>
<arg>TL</arg>
<arg>TM</arg>
<arg>TN</arg>
<arg>TO</arg>
<arg>TR</arg>
<arg>TT</arg>
<arg>TV</arg>
<arg>TW</arg>
<arg>TZ</arg>
<arg>UA</arg>
<arg>UG</arg>
<arg>UM</arg>
<arg>US</arg>
<arg>UY</arg>
<arg>UZ</arg>
<arg>VA</arg>
<arg>VC</arg>
<arg>VE</arg>
<arg>VG</arg>
<arg>VI</arg>
<arg>VN</arg>
<arg>VU</arg>
<arg>WF</arg>
<arg>WS</arg>
<arg>XK</arg>
<arg>YE</arg>
<arg>YT</arg>
<arg>ZA</arg>
<arg>ZM</arg>
<arg>ZW</arg>
<doc>Returns a list containing given items.</doc>
<status status="PASS" start="2024-04-20T08:15:26.674199" elapsed="0.000631"/>
</kw>
<kw name="List Should Contain Value" owner="Collections">
<msg time="2024-04-20T08:15:26.675813" level="INFO">False</msg>
<arg>${list_country}</arg>
<arg>${name_country}</arg>
<doc>Fails if the ``value`` is not found from ``list``.</doc>
<status status="PASS" start="2024-04-20T08:15:26.675613" elapsed="0.000236"/>
</kw>
<kw name="Run Keyword If" owner="BuiltIn">
<kw name="Should Be True" owner="BuiltIn">
<arg>${True}</arg>
<doc>Fails if the given condition is not true.</doc>
<status status="PASS" start="2024-04-20T08:15:26.676914" elapsed="0.000142"/>
</kw>
<arg>${json_data["results"][0]["location"]["coordinates"]["latitude"]} &gt;= -90 and ${json_data["results"][0]["location"]["coordinates"]["latitude"]} &lt;= 90</arg>
<arg>Should Be True</arg>
<arg>${True}</arg>
<doc>Runs the given keyword with the given arguments, if ``condition`` is true.</doc>
<status status="PASS" start="2024-04-20T08:15:26.676159" elapsed="0.001039"/>
</kw>
<kw name="Run Keyword If" owner="BuiltIn">
<kw name="Should Be True" owner="BuiltIn">
<arg>${True}</arg>
<doc>Fails if the given condition is not true.</doc>
<status status="PASS" start="2024-04-20T08:15:26.678080" elapsed="0.000240"/>
</kw>
<arg>${json_data["results"][0]["location"]["coordinates"]["longitude"]} &gt;= -180 and ${json_data["results"][0]["location"]["coordinates"]["longitude"]} &lt;= 180</arg>
<arg>Should Be True</arg>
<arg>${True}</arg>
<doc>Runs the given keyword with the given arguments, if ``condition`` is true.</doc>
<status status="PASS" start="2024-04-20T08:15:26.677388" elapsed="0.001083"/>
</kw>
<status status="PASS" start="2024-04-20T08:15:26.576200" elapsed="0.102409"/>
</kw>
<doc>Testa o conteúdo específico dos campos retornados pela API.</doc>
<tag>testeConteudo</tag>
<status status="PASS" start="2024-04-20T08:15:26.575709" elapsed="0.103041"/>
</test>
<status status="PASS" start="2024-04-20T08:15:25.889925" elapsed="0.790709"/>
</suite>
<status status="PASS" start="2024-04-20T08:15:25.876462" elapsed="0.809153"/>
</suite>
<statistics>
<total>
<stat pass="5" fail="0" skip="0">All Tests</stat>
</total>
<tag>
<stat pass="1" fail="0" skip="0">testeConteudo</stat>
<stat pass="1" fail="0" skip="0">testeEstruturaResposta</stat>
<stat pass="1" fail="0" skip="0">testeRequisicaoBasica</stat>
<stat pass="1" fail="0" skip="0">testeTiposDados</stat>
</tag>
<suite>
<stat pass="5" fail="0" skip="0" id="s1" name="Tests">Tests</stat>
<stat pass="5" fail="0" skip="0" id="s1-s1" name="Random-User-Test">Tests.Random-User-Test</stat>
</suite>
</statistics>
<errors>
</errors>
</robot>
