<?xml version="1.0" encoding="UTF-8"?>
<robot generator="Robot 7.0.1 (Python 3.12.4 on linux)" generated="2024-07-29T10:17:38.061552" rpa="false" schemaversion="5">
<suite id="s1" name="Tests" source="/home/runner/work/ApiRandomUser/ApiRandomUser/RamdonUser/tests">
<suite id="s1-s1" name="Random-User-Test" source="/home/runner/work/ApiRandomUser/ApiRandomUser/RamdonUser/tests/random-user-test.robot">
<test id="s1-s1-t1" name="Conectar" line="13">
<kw name="Conectar API" owner="random-user-service">
<kw name="Create Session" owner="RequestsLibrary">
<msg time="2024-07-29T10:17:38.487608" level="INFO">Creating Session using : alias=consultarAPI, url=https://randomuser.me/, headers={},                     cookies={}, auth=None, timeout=None, proxies=None, verify=False,                     debug=0 </msg>
<arg>consultarAPI</arg>
<arg>${URL}</arg>
<doc>Create Session: create a HTTP session to a server</doc>
<status status="PASS" start="2024-07-29T10:17:38.487364" elapsed="0.000454"/>
</kw>
<status status="PASS" start="2024-07-29T10:17:38.486279" elapsed="0.001918"/>
</kw>
<status status="PASS" start="2024-07-29T10:17:38.485695" elapsed="0.002709"/>
</test>
<test id="s1-s1-t2" name="Validar retorno 200 e JSON Válido" line="16">
<kw name="Teste de Requisicao Basica" owner="random-user-service">
<kw name="GET On Session" owner="RequestsLibrary">
<msg time="2024-07-29T10:17:38.722218" level="INFO">GET Request : url=https://randomuser.me/api 
 path_url=/api 
 headers={'User-Agent': 'python-requests/2.32.3', 'Accept-Encoding': 'gzip, deflate', 'Accept': '*/*', 'Connection': 'keep-alive'} 
 body=None 
 </msg>
<msg time="2024-07-29T10:17:38.722385" level="INFO">GET Response : url=https://randomuser.me/api 
 status=200, reason=OK 
 headers={'Date': 'Mon, 29 Jul 2024 10:17:38 GMT', 'Content-Type': 'application/json; charset=utf-8', 'Transfer-Encoding': 'chunked', 'Connection': 'keep-alive', 'X-Powered-By': 'Express', 'Access-Control-Allow-Origin': '*', 'Cache-Control': 'no-cache', 'ETag': 'W/"47e-X8vEp0QEk+h8jA7A5GxNHrg27SU"', 'Vary': 'Accept-Encoding', 'Content-Encoding': 'gzip', 'cf-cache-status': 'DYNAMIC', 'Report-To': '{"endpoints":[{"url":"https:\\/\\/a.nel.cloudflare.com\\/report\\/v4?s=v7Uco5cWAxjBqFRmjjCnr2EDqO18fpIgy6%2Bas1D2AxB9i%2BJIQu3J%2FOKQRUNOS0wPkOf8wd3mL6LEoS2%2BwPRO4XO0Xo%2FCocZt5AutFKgzY%2FfkrjfUA9sogAFbGqjfg9vY"}],"group":"cf-nel","max_age":604800}', 'NEL': '{"success_fraction":0,"report_to":"cf-nel","max_age":604800}', 'Server': 'cloudflare', 'CF-RAY': '8aac5c406addceb1-SJC', 'alt-svc': 'h3=":443"; ma=86400'} 
 body={"results":[{"gender":"male","name":{"title":"Mr","first":"Jacob","last":"Lavigne"},"location":{"street":{"number":641,"name":"Simcoe St"},"city":"Lasalle","state":"Alberta","country":"Canada","postcode":"F5C 2O8","coordinates":{"latitude":"-64.9917","longitude":"-117.7368"},"timezone":{"offset":"+7:00","description":"Bangkok, Hanoi, Jakarta"}},"email":"jacob.lavigne@example.com","login":{"uuid":"68c1d802-7d54-4455-af13-48ca46e47d16","username":"bigelephant372","password":"welcome1","salt":"B1tsrvui","md5":"62b352c1a9221ac783ff2bde882587a9","sha1":"e52566ccad9ff4f68f843ddbe516ef8ff614ce54","sha256":"de22fabe5ce29f7416db14dd7fc3b761f548c7c6db13f3580dbb0306a004ba27"},"dob":{"date":"1975-10-11T05:30:11.736Z","age":48},"registered":{"date":"2018-03-10T02:39:26.449Z","age":6},"phone":"G38 G48-0467","cell":"D23 I65-8088","id":{"name":"SIN","value":"547446286"},"picture":{"large":"https://randomuser.me/api/portraits/men/63.jpg","medium":"https://randomuser.me/api/portraits/med/men/63.jpg","thumbnail":"https://randomuser.me/api/portraits/thumb/men/63.jpg"},"nat":"CA"}],"info":{"seed":"a6a1129368c56ca0","results":1,"page":1,"version":"1.4"}} 
 </msg>
<msg time="2024-07-29T10:17:38.722476" level="INFO">/opt/hostedtoolcache/Python/3.12.4/x64/lib/python3.12/site-packages/urllib3/connectionpool.py:1099: InsecureRequestWarning: Unverified HTTPS request is being made to host 'randomuser.me'. Adding certificate verification is strongly advised. See: https://urllib3.readthedocs.io/en/latest/advanced-usage.html#tls-warnings
  warnings.warn(</msg>
<msg time="2024-07-29T10:17:38.722628" level="INFO">${response} = &lt;Response [200]&gt;</msg>
<var>${response}</var>
<arg>consultarAPI</arg>
<arg>/api</arg>
<doc>Sends a GET request on a previously created HTTP Session.</doc>
<status status="PASS" start="2024-07-29T10:17:38.491149" elapsed="0.231524"/>
</kw>
<kw name="Should Be Equal As Numbers" owner="BuiltIn">
<msg time="2024-07-29T10:17:38.723951" level="INFO">Argument types are:
&lt;class 'int'&gt;
&lt;class 'str'&gt;</msg>
<arg>${response.status_code}</arg>
<arg>200</arg>
<doc>Fails if objects are unequal after converting them to real numbers.</doc>
<status status="PASS" start="2024-07-29T10:17:38.723377" elapsed="0.000645"/>
</kw>
<kw name="Log" owner="BuiltIn">
<msg time="2024-07-29T10:17:38.724808" level="INFO">200</msg>
<arg>${response.status_code}</arg>
<doc>Logs the given message with the given level.</doc>
<status status="PASS" start="2024-07-29T10:17:38.724401" elapsed="0.000454"/>
</kw>
<kw name="Set Variable" owner="BuiltIn">
<msg time="2024-07-29T10:17:38.725664" level="INFO">${json_data} = {'results': [{'gender': 'male', 'name': {'title': 'Mr', 'first': 'Jacob', 'last': 'Lavigne'}, 'location': {'street': {'number': 641, 'name': 'Simcoe St'}, 'city': 'Lasalle', 'state': 'Alberta', 'count...</msg>
<var>${json_data}</var>
<arg>${response.json()}</arg>
<doc>Returns the given values which can then be assigned to a variables.</doc>
<status status="PASS" start="2024-07-29T10:17:38.725193" elapsed="0.000501"/>
</kw>
<kw name="Dictionary Should Contain Key" owner="Collections">
<arg>${json_data}</arg>
<arg>results</arg>
<doc>Fails if ``key`` is not found from ``dictionary``.</doc>
<status status="PASS" start="2024-07-29T10:17:38.726020" elapsed="0.000369"/>
</kw>
<status status="PASS" start="2024-07-29T10:17:38.490889" elapsed="0.235667"/>
</kw>
<doc>Testa se a API responde corretamente e retorna um objeto JSON válido.</doc>
<tag>testeRequisicaoBasica</tag>
<status status="PASS" start="2024-07-29T10:17:38.490405" elapsed="0.236345"/>
</test>
<test id="s1-s1-t3" name="Validar estrutura de resposta" line="22">
<kw name="Teste de Estrutura de Resposta" owner="random-user-service">
<kw name="GET On Session" owner="RequestsLibrary">
<msg time="2024-07-29T10:17:38.824448" level="INFO">GET Request : url=https://randomuser.me/api 
 path_url=/api 
 headers={'User-Agent': 'python-requests/2.32.3', 'Accept-Encoding': 'gzip, deflate', 'Accept': '*/*', 'Connection': 'keep-alive'} 
 body=None 
 </msg>
<msg time="2024-07-29T10:17:38.824561" level="INFO">GET Response : url=https://randomuser.me/api 
 status=200, reason=OK 
 headers={'Date': 'Mon, 29 Jul 2024 10:17:38 GMT', 'Content-Type': 'application/json; charset=utf-8', 'Transfer-Encoding': 'chunked', 'Connection': 'keep-alive', 'X-Powered-By': 'Express', 'Access-Control-Allow-Origin': '*', 'Cache-Control': 'no-cache', 'ETag': 'W/"493-cgw/0AaCuSR3rO4ZaukKp74OjL4"', 'Vary': 'Accept-Encoding', 'Content-Encoding': 'gzip', 'CF-Cache-Status': 'DYNAMIC', 'Report-To': '{"endpoints":[{"url":"https:\\/\\/a.nel.cloudflare.com\\/report\\/v4?s=Y2hlV%2BpdeDx4%2F3JMgFMjAyj5mJEreuCm9SJ9dRPSHBFlzDqilaRMuXYqrvc3veLskrPTQnRguIM0sxF50YffVCSHZYdiYmipFDBQZIBkoqpo8UZdfS4uXs%2FCK%2FPkn6CM"}],"group":"cf-nel","max_age":604800}', 'NEL': '{"success_fraction":0,"report_to":"cf-nel","max_age":604800}', 'Server': 'cloudflare', 'CF-RAY': '8aac5c411b7dceb1-SJC', 'alt-svc': 'h3=":443"; ma=86400'} 
 body={"results":[{"gender":"female","name":{"title":"Ms","first":"آوینا","last":"جعفری"},"location":{"street":{"number":5782,"name":"آذربایجان"},"city":"بیرجند","state":"البرز","country":"Iran","postcode":11804,"coordinates":{"latitude":"20.3053","longitude":"101.7171"},"timezone":{"offset":"-7:00","description":"Mountain Time (US &amp; Canada)"}},"email":"awyn.jaafry@example.com","login":{"uuid":"10f29042-074b-4297-96c8-8e3546be88e4","username":"orangeleopard942","password":"salomon","salt":"EqSjJBJA","md5":"77fc25013ece751cf5f6ed7184842d1c","sha1":"0235d9f03e9e62627af3d216e8d7ea200b463777","sha256":"50c2fd16dc0edb634abd5bda1b1429532ad195b608e9ce717a852841c3c83fd1"},"dob":{"date":"1957-09-08T00:01:11.407Z","age":66},"registered":{"date":"2009-06-28T10:29:47.803Z","age":15},"phone":"046-95592779","cell":"0942-026-8082","id":{"name":"","value":null},"picture":{"large":"https://randomuser.me/api/portraits/women/28.jpg","medium":"https://randomuser.me/api/portraits/med/women/28.jpg","thumbnail":"https://randomuser.me/api/portraits/thumb/women/28.jpg"},"nat":"IR"}],"info":{"seed":"622eaba7d7ed4de5","results":1,"page":1,"version":"1.4"}} 
 </msg>
<msg time="2024-07-29T10:17:38.824710" level="INFO">/opt/hostedtoolcache/Python/3.12.4/x64/lib/python3.12/site-packages/urllib3/connectionpool.py:1099: InsecureRequestWarning: Unverified HTTPS request is being made to host 'randomuser.me'. Adding certificate verification is strongly advised. See: https://urllib3.readthedocs.io/en/latest/advanced-usage.html#tls-warnings
  warnings.warn(</msg>
<msg time="2024-07-29T10:17:38.824851" level="INFO">${response} = &lt;Response [200]&gt;</msg>
<var>${response}</var>
<arg>consultarAPI</arg>
<arg>/api</arg>
<doc>Sends a GET request on a previously created HTTP Session.</doc>
<status status="PASS" start="2024-07-29T10:17:38.729620" elapsed="0.095274"/>
</kw>
<kw name="Set Variable" owner="BuiltIn">
<msg time="2024-07-29T10:17:38.826154" level="INFO">${json_data} = {'results': [{'gender': 'female', 'name': {'title': 'Ms', 'first': 'آوینا', 'last': 'جعفری'}, 'location': {'street': {'number': 5782, 'name': 'آذربایجان'}, 'city': 'بیرجند', 'state': 'البرز', 'country...</msg>
<var>${json_data}</var>
<arg>${response.json()}</arg>
<doc>Returns the given values which can then be assigned to a variables.</doc>
<status status="PASS" start="2024-07-29T10:17:38.825542" elapsed="0.000644"/>
</kw>
<kw name="Log" owner="BuiltIn">
<msg time="2024-07-29T10:17:38.826770" level="INFO">{'results': [{'gender': 'female', 'name': {'title': 'Ms', 'first': 'آوینا', 'last': 'جعفری'}, 'location': {'street': {'number': 5782, 'name': 'آذربایجان'}, 'city': 'بیرجند', 'state': 'البرز', 'country': 'Iran', 'postcode': 11804, 'coordinates': {'latitude': '20.3053', 'longitude': '101.7171'}, 'timezone': {'offset': '-7:00', 'description': 'Mountain Time (US &amp; Canada)'}}, 'email': 'awyn.jaafry@example.com', 'login': {'uuid': '10f29042-074b-4297-96c8-8e3546be88e4', 'username': 'orangeleopard942', 'password': 'salomon', 'salt': 'EqSjJBJA', 'md5': '77fc25013ece751cf5f6ed7184842d1c', 'sha1': '0235d9f03e9e62627af3d216e8d7ea200b463777', 'sha256': '50c2fd16dc0edb634abd5bda1b1429532ad195b608e9ce717a852841c3c83fd1'}, 'dob': {'date': '1957-09-08T00:01:11.407Z', 'age': 66}, 'registered': {'date': '2009-06-28T10:29:47.803Z', 'age': 15}, 'phone': '046-95592779', 'cell': '0942-026-8082', 'id': {'name': '', 'value': None}, 'picture': {'large': 'https://randomuser.me/api/portraits/women/28.jpg', 'medium': 'https://randomuser.me/api/portraits/med/women/28.jpg', 'thumbnail': 'https://randomuser.me/api/portraits/thumb/women/28.jpg'}, 'nat': 'IR'}], 'info': {'seed': '622eaba7d7ed4de5', 'results': 1, 'page': 1, 'version': '1.4'}}</msg>
<arg>${json_data}</arg>
<doc>Logs the given message with the given level.</doc>
<status status="PASS" start="2024-07-29T10:17:38.826576" elapsed="0.000250"/>
</kw>
<kw name="Dictionary Should Contain Key" owner="Collections">
<arg>${json_data}</arg>
<arg>results</arg>
<doc>Fails if ``key`` is not found from ``dictionary``.</doc>
<status status="PASS" start="2024-07-29T10:17:38.827150" elapsed="0.000192"/>
</kw>
<kw name="Should Not Be Empty" owner="BuiltIn">
<msg time="2024-07-29T10:17:38.827763" level="INFO">Length is 2.</msg>
<arg>${json_data}</arg>
<doc>Verifies that the given item is not empty.</doc>
<status status="PASS" start="2024-07-29T10:17:38.827614" elapsed="0.000190"/>
</kw>
<kw name="Create List" owner="BuiltIn">
<msg time="2024-07-29T10:17:38.828284" level="INFO">${expected_keys} = ['gender', 'name', 'location', 'email', 'login']</msg>
<var>${expected_keys}</var>
<arg>gender</arg>
<arg>name</arg>
<arg>location</arg>
<arg>email</arg>
<arg>login</arg>
<doc>Returns a list containing given items.</doc>
<status status="PASS" start="2024-07-29T10:17:38.828121" elapsed="0.000188"/>
</kw>
<for flavor="IN">
<iter>
<kw name="Dictionary Should Contain Key" owner="Collections">
<arg>${json_data['results'][0]}</arg>
<arg>${key}</arg>
<doc>Fails if ``key`` is not found from ``dictionary``.</doc>
<status status="PASS" start="2024-07-29T10:17:38.828922" elapsed="0.000428"/>
</kw>
<kw name="Log" owner="BuiltIn">
<msg time="2024-07-29T10:17:38.829914" level="INFO">{'gender': 'female', 'name': {'title': 'Ms', 'first': 'آوینا', 'last': 'جعفری'}, 'location': {'street': {'number': 5782, 'name': 'آذربایجان'}, 'city': 'بیرجند', 'state': 'البرز', 'country': 'Iran', 'postcode': 11804, 'coordinates': {'latitude': '20.3053', 'longitude': '101.7171'}, 'timezone': {'offset': '-7:00', 'description': 'Mountain Time (US &amp; Canada)'}}, 'email': 'awyn.jaafry@example.com', 'login': {'uuid': '10f29042-074b-4297-96c8-8e3546be88e4', 'username': 'orangeleopard942', 'password': 'salomon', 'salt': 'EqSjJBJA', 'md5': '77fc25013ece751cf5f6ed7184842d1c', 'sha1': '0235d9f03e9e62627af3d216e8d7ea200b463777', 'sha256': '50c2fd16dc0edb634abd5bda1b1429532ad195b608e9ce717a852841c3c83fd1'}, 'dob': {'date': '1957-09-08T00:01:11.407Z', 'age': 66}, 'registered': {'date': '2009-06-28T10:29:47.803Z', 'age': 15}, 'phone': '046-95592779', 'cell': '0942-026-8082', 'id': {'name': '', 'value': None}, 'picture': {'large': 'https://randomuser.me/api/portraits/women/28.jpg', 'medium': 'https://randomuser.me/api/portraits/med/women/28.jpg', 'thumbnail': 'https://randomuser.me/api/portraits/thumb/women/28.jpg'}, 'nat': 'IR'}</msg>
<arg>${json_data['results'][0]}</arg>
<doc>Logs the given message with the given level.</doc>
<status status="PASS" start="2024-07-29T10:17:38.829539" elapsed="0.000431"/>
</kw>
<kw name="Log" owner="BuiltIn">
<msg time="2024-07-29T10:17:38.830406" level="INFO">gender</msg>
<arg>${key}</arg>
<doc>Logs the given message with the given level.</doc>
<status status="PASS" start="2024-07-29T10:17:38.830275" elapsed="0.000170"/>
</kw>
<var name="${key}">gender</var>
<status status="PASS" start="2024-07-29T10:17:38.828788" elapsed="0.001877"/>
</iter>
<iter>
<kw name="Dictionary Should Contain Key" owner="Collections">
<arg>${json_data['results'][0]}</arg>
<arg>${key}</arg>
<doc>Fails if ``key`` is not found from ``dictionary``.</doc>
<status status="PASS" start="2024-07-29T10:17:38.830996" elapsed="0.000396"/>
</kw>
<kw name="Log" owner="BuiltIn">
<msg time="2024-07-29T10:17:38.832014" level="INFO">{'gender': 'female', 'name': {'title': 'Ms', 'first': 'آوینا', 'last': 'جعفری'}, 'location': {'street': {'number': 5782, 'name': 'آذربایجان'}, 'city': 'بیرجند', 'state': 'البرز', 'country': 'Iran', 'postcode': 11804, 'coordinates': {'latitude': '20.3053', 'longitude': '101.7171'}, 'timezone': {'offset': '-7:00', 'description': 'Mountain Time (US &amp; Canada)'}}, 'email': 'awyn.jaafry@example.com', 'login': {'uuid': '10f29042-074b-4297-96c8-8e3546be88e4', 'username': 'orangeleopard942', 'password': 'salomon', 'salt': 'EqSjJBJA', 'md5': '77fc25013ece751cf5f6ed7184842d1c', 'sha1': '0235d9f03e9e62627af3d216e8d7ea200b463777', 'sha256': '50c2fd16dc0edb634abd5bda1b1429532ad195b608e9ce717a852841c3c83fd1'}, 'dob': {'date': '1957-09-08T00:01:11.407Z', 'age': 66}, 'registered': {'date': '2009-06-28T10:29:47.803Z', 'age': 15}, 'phone': '046-95592779', 'cell': '0942-026-8082', 'id': {'name': '', 'value': None}, 'picture': {'large': 'https://randomuser.me/api/portraits/women/28.jpg', 'medium': 'https://randomuser.me/api/portraits/med/women/28.jpg', 'thumbnail': 'https://randomuser.me/api/portraits/thumb/women/28.jpg'}, 'nat': 'IR'}</msg>
<arg>${json_data['results'][0]}</arg>
<doc>Logs the given message with the given level.</doc>
<status status="PASS" start="2024-07-29T10:17:38.831602" elapsed="0.000467"/>
</kw>
<kw name="Log" owner="BuiltIn">
<msg time="2024-07-29T10:17:38.832503" level="INFO">name</msg>
<arg>${key}</arg>
<doc>Logs the given message with the given level.</doc>
<status status="PASS" start="2024-07-29T10:17:38.832373" elapsed="0.000168"/>
</kw>
<var name="${key}">name</var>
<status status="PASS" start="2024-07-29T10:17:38.830881" elapsed="0.001877"/>
</iter>
<iter>
<kw name="Dictionary Should Contain Key" owner="Collections">
<arg>${json_data['results'][0]}</arg>
<arg>${key}</arg>
<doc>Fails if ``key`` is not found from ``dictionary``.</doc>
<status status="PASS" start="2024-07-29T10:17:38.833046" elapsed="0.000392"/>
</kw>
<kw name="Log" owner="BuiltIn">
<msg time="2024-07-29T10:17:38.833984" level="INFO">{'gender': 'female', 'name': {'title': 'Ms', 'first': 'آوینا', 'last': 'جعفری'}, 'location': {'street': {'number': 5782, 'name': 'آذربایجان'}, 'city': 'بیرجند', 'state': 'البرز', 'country': 'Iran', 'postcode': 11804, 'coordinates': {'latitude': '20.3053', 'longitude': '101.7171'}, 'timezone': {'offset': '-7:00', 'description': 'Mountain Time (US &amp; Canada)'}}, 'email': 'awyn.jaafry@example.com', 'login': {'uuid': '10f29042-074b-4297-96c8-8e3546be88e4', 'username': 'orangeleopard942', 'password': 'salomon', 'salt': 'EqSjJBJA', 'md5': '77fc25013ece751cf5f6ed7184842d1c', 'sha1': '0235d9f03e9e62627af3d216e8d7ea200b463777', 'sha256': '50c2fd16dc0edb634abd5bda1b1429532ad195b608e9ce717a852841c3c83fd1'}, 'dob': {'date': '1957-09-08T00:01:11.407Z', 'age': 66}, 'registered': {'date': '2009-06-28T10:29:47.803Z', 'age': 15}, 'phone': '046-95592779', 'cell': '0942-026-8082', 'id': {'name': '', 'value': None}, 'picture': {'large': 'https://randomuser.me/api/portraits/women/28.jpg', 'medium': 'https://randomuser.me/api/portraits/med/women/28.jpg', 'thumbnail': 'https://randomuser.me/api/portraits/thumb/women/28.jpg'}, 'nat': 'IR'}</msg>
<arg>${json_data['results'][0]}</arg>
<doc>Logs the given message with the given level.</doc>
<status status="PASS" start="2024-07-29T10:17:38.833627" elapsed="0.000411"/>
</kw>
<kw name="Log" owner="BuiltIn">
<msg time="2024-07-29T10:17:38.834473" level="INFO">location</msg>
<arg>${key}</arg>
<doc>Logs the given message with the given level.</doc>
<status status="PASS" start="2024-07-29T10:17:38.834342" elapsed="0.000168"/>
</kw>
<var name="${key}">location</var>
<status status="PASS" start="2024-07-29T10:17:38.832937" elapsed="0.001794"/>
</iter>
<iter>
<kw name="Dictionary Should Contain Key" owner="Collections">
<arg>${json_data['results'][0]}</arg>
<arg>${key}</arg>
<doc>Fails if ``key`` is not found from ``dictionary``.</doc>
<status status="PASS" start="2024-07-29T10:17:38.835012" elapsed="0.000391"/>
</kw>
<kw name="Log" owner="BuiltIn">
<msg time="2024-07-29T10:17:38.836116" level="INFO">{'gender': 'female', 'name': {'title': 'Ms', 'first': 'آوینا', 'last': 'جعفری'}, 'location': {'street': {'number': 5782, 'name': 'آذربایجان'}, 'city': 'بیرجند', 'state': 'البرز', 'country': 'Iran', 'postcode': 11804, 'coordinates': {'latitude': '20.3053', 'longitude': '101.7171'}, 'timezone': {'offset': '-7:00', 'description': 'Mountain Time (US &amp; Canada)'}}, 'email': 'awyn.jaafry@example.com', 'login': {'uuid': '10f29042-074b-4297-96c8-8e3546be88e4', 'username': 'orangeleopard942', 'password': 'salomon', 'salt': 'EqSjJBJA', 'md5': '77fc25013ece751cf5f6ed7184842d1c', 'sha1': '0235d9f03e9e62627af3d216e8d7ea200b463777', 'sha256': '50c2fd16dc0edb634abd5bda1b1429532ad195b608e9ce717a852841c3c83fd1'}, 'dob': {'date': '1957-09-08T00:01:11.407Z', 'age': 66}, 'registered': {'date': '2009-06-28T10:29:47.803Z', 'age': 15}, 'phone': '046-95592779', 'cell': '0942-026-8082', 'id': {'name': '', 'value': None}, 'picture': {'large': 'https://randomuser.me/api/portraits/women/28.jpg', 'medium': 'https://randomuser.me/api/portraits/med/women/28.jpg', 'thumbnail': 'https://randomuser.me/api/portraits/thumb/women/28.jpg'}, 'nat': 'IR'}</msg>
<arg>${json_data['results'][0]}</arg>
<doc>Logs the given message with the given level.</doc>
<status status="PASS" start="2024-07-29T10:17:38.835750" elapsed="0.000418"/>
</kw>
<kw name="Log" owner="BuiltIn">
<msg time="2024-07-29T10:17:38.836606" level="INFO">email</msg>
<arg>${key}</arg>
<doc>Logs the given message with the given level.</doc>
<status status="PASS" start="2024-07-29T10:17:38.836475" elapsed="0.000170"/>
</kw>
<var name="${key}">email</var>
<status status="PASS" start="2024-07-29T10:17:38.834904" elapsed="0.001958"/>
</iter>
<iter>
<kw name="Dictionary Should Contain Key" owner="Collections">
<arg>${json_data['results'][0]}</arg>
<arg>${key}</arg>
<doc>Fails if ``key`` is not found from ``dictionary``.</doc>
<status status="PASS" start="2024-07-29T10:17:38.837146" elapsed="0.000376"/>
</kw>
<kw name="Log" owner="BuiltIn">
<msg time="2024-07-29T10:17:38.838060" level="INFO">{'gender': 'female', 'name': {'title': 'Ms', 'first': 'آوینا', 'last': 'جعفری'}, 'location': {'street': {'number': 5782, 'name': 'آذربایجان'}, 'city': 'بیرجند', 'state': 'البرز', 'country': 'Iran', 'postcode': 11804, 'coordinates': {'latitude': '20.3053', 'longitude': '101.7171'}, 'timezone': {'offset': '-7:00', 'description': 'Mountain Time (US &amp; Canada)'}}, 'email': 'awyn.jaafry@example.com', 'login': {'uuid': '10f29042-074b-4297-96c8-8e3546be88e4', 'username': 'orangeleopard942', 'password': 'salomon', 'salt': 'EqSjJBJA', 'md5': '77fc25013ece751cf5f6ed7184842d1c', 'sha1': '0235d9f03e9e62627af3d216e8d7ea200b463777', 'sha256': '50c2fd16dc0edb634abd5bda1b1429532ad195b608e9ce717a852841c3c83fd1'}, 'dob': {'date': '1957-09-08T00:01:11.407Z', 'age': 66}, 'registered': {'date': '2009-06-28T10:29:47.803Z', 'age': 15}, 'phone': '046-95592779', 'cell': '0942-026-8082', 'id': {'name': '', 'value': None}, 'picture': {'large': 'https://randomuser.me/api/portraits/women/28.jpg', 'medium': 'https://randomuser.me/api/portraits/med/women/28.jpg', 'thumbnail': 'https://randomuser.me/api/portraits/thumb/women/28.jpg'}, 'nat': 'IR'}</msg>
<arg>${json_data['results'][0]}</arg>
<doc>Logs the given message with the given level.</doc>
<status status="PASS" start="2024-07-29T10:17:38.837706" elapsed="0.000405"/>
</kw>
<kw name="Log" owner="BuiltIn">
<msg time="2024-07-29T10:17:38.838536" level="INFO">login</msg>
<arg>${key}</arg>
<doc>Logs the given message with the given level.</doc>
<status status="PASS" start="2024-07-29T10:17:38.838409" elapsed="0.000171"/>
</kw>
<var name="${key}">login</var>
<status status="PASS" start="2024-07-29T10:17:38.837037" elapsed="0.001759"/>
</iter>
<var>${key}</var>
<value>@{expected_keys}</value>
<status status="PASS" start="2024-07-29T10:17:38.828582" elapsed="0.010335"/>
</for>
<kw name="Create List" owner="BuiltIn">
<msg time="2024-07-29T10:17:38.839289" level="INFO">${expected_keysTwo} = ['username', 'password']</msg>
<var>${expected_keysTwo}</var>
<arg>username</arg>
<arg>password</arg>
<doc>Returns a list containing given items.</doc>
<status status="PASS" start="2024-07-29T10:17:38.839116" elapsed="0.000199"/>
</kw>
<for flavor="IN">
<iter>
<kw name="Dictionary Should Contain Key" owner="Collections">
<arg>${json_data['results'][0]['login']}</arg>
<arg>${keyTwo}</arg>
<doc>Fails if ``key`` is not found from ``dictionary``.</doc>
<status status="PASS" start="2024-07-29T10:17:38.839862" elapsed="0.000394"/>
</kw>
<kw name="Dictionary Should Contain Key" owner="Collections">
<arg>${json_data['results'][0]['login']}</arg>
<arg>${keyTwo}</arg>
<doc>Fails if ``key`` is not found from ``dictionary``.</doc>
<status status="PASS" start="2024-07-29T10:17:38.840440" elapsed="0.000383"/>
</kw>
<kw name="Log" owner="BuiltIn">
<msg time="2024-07-29T10:17:38.841123" level="INFO">username</msg>
<arg>${keyTwo}</arg>
<doc>Logs the given message with the given level.</doc>
<status status="PASS" start="2024-07-29T10:17:38.841002" elapsed="0.000158"/>
</kw>
<var name="${keyTwo}">username</var>
<status status="PASS" start="2024-07-29T10:17:38.839750" elapsed="0.001630"/>
</iter>
<iter>
<kw name="Dictionary Should Contain Key" owner="Collections">
<arg>${json_data['results'][0]['login']}</arg>
<arg>${keyTwo}</arg>
<doc>Fails if ``key`` is not found from ``dictionary``.</doc>
<status status="PASS" start="2024-07-29T10:17:38.841664" elapsed="0.000379"/>
</kw>
<kw name="Dictionary Should Contain Key" owner="Collections">
<arg>${json_data['results'][0]['login']}</arg>
<arg>${keyTwo}</arg>
<doc>Fails if ``key`` is not found from ``dictionary``.</doc>
<status status="PASS" start="2024-07-29T10:17:38.842218" elapsed="0.000365"/>
</kw>
<kw name="Log" owner="BuiltIn">
<msg time="2024-07-29T10:17:38.842883" level="INFO">password</msg>
<arg>${keyTwo}</arg>
<doc>Logs the given message with the given level.</doc>
<status status="PASS" start="2024-07-29T10:17:38.842757" elapsed="0.000164"/>
</kw>
<var name="${keyTwo}">password</var>
<status status="PASS" start="2024-07-29T10:17:38.841553" elapsed="0.001590"/>
</iter>
<var>${keyTwo}</var>
<value>@{expected_keysTwo}</value>
<status status="PASS" start="2024-07-29T10:17:38.839558" elapsed="0.003707"/>
</for>
<status status="PASS" start="2024-07-29T10:17:38.729374" elapsed="0.114035"/>
</kw>
<doc>Testa a estrutura da resposta da API.</doc>
<tag>testeEstruturaResposta</tag>
<status status="PASS" start="2024-07-29T10:17:38.728727" elapsed="0.114885"/>
</test>
<test id="s1-s1-t4" name="Validar tipos de dados" line="28">
<kw name="Teste de Tipos de Dados" owner="random-user-service">
<kw name="GET On Session" owner="RequestsLibrary">
<msg time="2024-07-29T10:17:38.938431" level="INFO">GET Request : url=https://randomuser.me/api 
 path_url=/api 
 headers={'User-Agent': 'python-requests/2.32.3', 'Accept-Encoding': 'gzip, deflate', 'Accept': '*/*', 'Connection': 'keep-alive'} 
 body=None 
 </msg>
<msg time="2024-07-29T10:17:38.938541" level="INFO">GET Response : url=https://randomuser.me/api 
 status=200, reason=OK 
 headers={'Date': 'Mon, 29 Jul 2024 10:17:38 GMT', 'Content-Type': 'application/json; charset=utf-8', 'Transfer-Encoding': 'chunked', 'Connection': 'keep-alive', 'X-Powered-By': 'Express', 'Access-Control-Allow-Origin': '*', 'Cache-Control': 'no-cache', 'ETag': 'W/"49e-LhwB7h7NWcEAbhN2w2HZ4S/sm44"', 'Vary': 'Accept-Encoding', 'Content-Encoding': 'gzip', 'CF-Cache-Status': 'DYNAMIC', 'Report-To': '{"endpoints":[{"url":"https:\\/\\/a.nel.cloudflare.com\\/report\\/v4?s=anxqlw7KzrzWGE9a6csQIHMXPqSP%2FP6hkpB8KWlh7HBi9u05YJa4PQ5zFJmvDu66sao1hvix0gzk6%2BNInH5xHhh3nNj7l4DB8AbizlTixSKsJEOHGqXXBGnr6Fxg%2FSOS"}],"group":"cf-nel","max_age":604800}', 'NEL': '{"success_fraction":0,"report_to":"cf-nel","max_age":604800}', 'Server': 'cloudflare', 'CF-RAY': '8aac5c41cc1cceb1-SJC', 'alt-svc': 'h3=":443"; ma=86400'} 
 body={"results":[{"gender":"female","name":{"title":"Mrs","first":"Nora","last":"Walters"},"location":{"street":{"number":3367,"name":"Northaven Rd"},"city":"Bunbury","state":"Victoria","country":"Australia","postcode":1084,"coordinates":{"latitude":"-85.5394","longitude":"138.7527"},"timezone":{"offset":"0:00","description":"Western Europe Time, London, Lisbon, Casablanca"}},"email":"nora.walters@example.com","login":{"uuid":"be97583c-81c6-4f53-a37a-9a9b3b8eae19","username":"purplemeercat667","password":"jersey","salt":"hXA0vlPo","md5":"f66c0a31e6c9fbc0b39a179526eacc22","sha1":"00e7c46e1c1fce000b166d8d660f1300618f7a2a","sha256":"fce89fe3f1f6517bd5aefb5f519ade96dea4d6191980d32bbbf1f4cc1efed9f9"},"dob":{"date":"1979-11-02T08:51:59.807Z","age":44},"registered":{"date":"2016-12-01T23:59:55.511Z","age":7},"phone":"07-5969-0576","cell":"0433-326-082","id":{"name":"TFN","value":"840857634"},"picture":{"large":"https://randomuser.me/api/portraits/women/18.jpg","medium":"https://randomuser.me/api/portraits/med/women/18.jpg","thumbnail":"https://randomuser.me/api/portraits/thumb/women/18.jpg"},"nat":"AU"}],"info":{"seed":"3c6b0f5c0112688f","results":1,"page":1,"version":"1.4"}} 
 </msg>
<msg time="2024-07-29T10:17:38.938618" level="INFO">/opt/hostedtoolcache/Python/3.12.4/x64/lib/python3.12/site-packages/urllib3/connectionpool.py:1099: InsecureRequestWarning: Unverified HTTPS request is being made to host 'randomuser.me'. Adding certificate verification is strongly advised. See: https://urllib3.readthedocs.io/en/latest/advanced-usage.html#tls-warnings
  warnings.warn(</msg>
<msg time="2024-07-29T10:17:38.938757" level="INFO">${response} = &lt;Response [200]&gt;</msg>
<var>${response}</var>
<arg>consultarAPI</arg>
<arg>/api</arg>
<doc>Sends a GET request on a previously created HTTP Session.</doc>
<status status="PASS" start="2024-07-29T10:17:38.846302" elapsed="0.092501"/>
</kw>
<kw name="Set Variable" owner="BuiltIn">
<msg time="2024-07-29T10:17:38.940164" level="INFO">${json_data} = {'results': [{'gender': 'female', 'name': {'title': 'Mrs', 'first': 'Nora', 'last': 'Walters'}, 'location': {'street': {'number': 3367, 'name': 'Northaven Rd'}, 'city': 'Bunbury', 'state': 'Victoria',...</msg>
<var>${json_data}</var>
<arg>${response.json()}</arg>
<doc>Returns the given values which can then be assigned to a variables.</doc>
<status status="PASS" start="2024-07-29T10:17:38.939511" elapsed="0.000686"/>
</kw>
<kw name="Log" owner="BuiltIn">
<msg time="2024-07-29T10:17:38.940764" level="INFO">{'results': [{'gender': 'female', 'name': {'title': 'Mrs', 'first': 'Nora', 'last': 'Walters'}, 'location': {'street': {'number': 3367, 'name': 'Northaven Rd'}, 'city': 'Bunbury', 'state': 'Victoria', 'country': 'Australia', 'postcode': 1084, 'coordinates': {'latitude': '-85.5394', 'longitude': '138.7527'}, 'timezone': {'offset': '0:00', 'description': 'Western Europe Time, London, Lisbon, Casablanca'}}, 'email': 'nora.walters@example.com', 'login': {'uuid': 'be97583c-81c6-4f53-a37a-9a9b3b8eae19', 'username': 'purplemeercat667', 'password': 'jersey', 'salt': 'hXA0vlPo', 'md5': 'f66c0a31e6c9fbc0b39a179526eacc22', 'sha1': '00e7c46e1c1fce000b166d8d660f1300618f7a2a', 'sha256': 'fce89fe3f1f6517bd5aefb5f519ade96dea4d6191980d32bbbf1f4cc1efed9f9'}, 'dob': {'date': '1979-11-02T08:51:59.807Z', 'age': 44}, 'registered': {'date': '2016-12-01T23:59:55.511Z', 'age': 7}, 'phone': '07-5969-0576', 'cell': '0433-326-082', 'id': {'name': 'TFN', 'value': '840857634'}, 'picture': {'large': 'https://randomuser.me/api/portraits/women/18.jpg', 'medium': 'https://randomuser.me/api/portraits/med/women/18.jpg', 'thumbnail': 'https://randomuser.me/api/portraits/thumb/women/18.jpg'}, 'nat': 'AU'}], 'info': {'seed': '3c6b0f5c0112688f', 'results': 1, 'page': 1, 'version': '1.4'}}</msg>
<arg>${json_data}</arg>
<doc>Logs the given message with the given level.</doc>
<status status="PASS" start="2024-07-29T10:17:38.940577" elapsed="0.000241"/>
</kw>
<kw name="Should Be String" owner="String">
<arg>${json_data['results'][0]['gender']}</arg>
<doc>Fails if the given ``item`` is not a string.</doc>
<status status="PASS" start="2024-07-29T10:17:38.941156" elapsed="0.000403"/>
</kw>
<kw name="Should Match Regexp" owner="BuiltIn">
<arg>${json_data['results'][0]['email']}</arg>
<arg>^[a-zA-Z0-9._%+-]+@[a-zA-Z0-9.-]+\.[a-zA-Z]{2,}$</arg>
<doc>Fails if ``string`` does not match ``pattern`` as a regular expression.</doc>
<status status="PASS" start="2024-07-29T10:17:38.941801" elapsed="0.000551"/>
</kw>
<kw name="Should Match Regexp" owner="BuiltIn">
<arg>${json_data['results'][0]['dob']['date']}</arg>
<arg>\\d{4}-\\d{2}-\\d{2}T\\d{2}:\\d{2}:\\d{2}\\.\\d{3}Z</arg>
<doc>Fails if ``string`` does not match ``pattern`` as a regular expression.</doc>
<status status="PASS" start="2024-07-29T10:17:38.942560" elapsed="0.000654"/>
</kw>
<kw name="Should Match Regexp" owner="BuiltIn">
<arg>${json_data['results'][0]['registered']['date']}</arg>
<arg>\\d{4}-\\d{2}-\\d{2}T\\d{2}:\\d{2}:\\d{2}\\.\\d{3}Z</arg>
<doc>Fails if ``string`` does not match ``pattern`` as a regular expression.</doc>
<status status="PASS" start="2024-07-29T10:17:38.943415" elapsed="0.000428"/>
</kw>
<kw name="Should Match Regexp" owner="BuiltIn">
<arg>${json_data['results'][0]['picture']['large']}</arg>
<arg>^https?://.*\.(?:png|jpe?g|gif|bmp)$</arg>
<doc>Fails if ``string`` does not match ``pattern`` as a regular expression.</doc>
<status status="PASS" start="2024-07-29T10:17:38.944038" elapsed="0.000481"/>
</kw>
<kw name="Should Match Regexp" owner="BuiltIn">
<arg>${json_data['results'][0]['picture']['medium']}</arg>
<arg>^https?://.*\.(?:png|jpe?g|gif|bmp)$</arg>
<doc>Fails if ``string`` does not match ``pattern`` as a regular expression.</doc>
<status status="PASS" start="2024-07-29T10:17:38.944712" elapsed="0.000360"/>
</kw>
<kw name="Should Match Regexp" owner="BuiltIn">
<arg>${json_data['results'][0]['picture']['thumbnail']}</arg>
<arg>^https?://.*\.(?:png|jpe?g|gif|bmp)$</arg>
<doc>Fails if ``string`` does not match ``pattern`` as a regular expression.</doc>
<status status="PASS" start="2024-07-29T10:17:38.945261" elapsed="0.000353"/>
</kw>
<kw name="Log" owner="BuiltIn">
<msg time="2024-07-29T10:17:38.946132" level="INFO">{'large': 'https://randomuser.me/api/portraits/women/18.jpg', 'medium': 'https://randomuser.me/api/portraits/med/women/18.jpg', 'thumbnail': 'https://randomuser.me/api/portraits/thumb/women/18.jpg'}</msg>
<arg>${json_data['results'][0]['picture']}</arg>
<doc>Logs the given message with the given level.</doc>
<status status="PASS" start="2024-07-29T10:17:38.945804" elapsed="0.000371"/>
</kw>
<status status="PASS" start="2024-07-29T10:17:38.846070" elapsed="0.100378"/>
</kw>
<kw name="Teste de Tipos de Dados - Postcode" owner="random-user-service">
<kw name="GET On Session" owner="RequestsLibrary">
<msg time="2024-07-29T10:17:39.046658" level="INFO">GET Request : url=https://randomuser.me/api 
 path_url=/api 
 headers={'User-Agent': 'python-requests/2.32.3', 'Accept-Encoding': 'gzip, deflate', 'Accept': '*/*', 'Connection': 'keep-alive'} 
 body=None 
 </msg>
<msg time="2024-07-29T10:17:39.046767" level="INFO">GET Response : url=https://randomuser.me/api 
 status=200, reason=OK 
 headers={'Date': 'Mon, 29 Jul 2024 10:17:39 GMT', 'Content-Type': 'application/json; charset=utf-8', 'Transfer-Encoding': 'chunked', 'Connection': 'keep-alive', 'X-Powered-By': 'Express', 'Access-Control-Allow-Origin': '*', 'Cache-Control': 'no-cache', 'ETag': 'W/"4ab-/SC3rW+CdRVmTEzwGgpXAWyE0pQ"', 'Vary': 'Accept-Encoding', 'Content-Encoding': 'gzip', 'CF-Cache-Status': 'DYNAMIC', 'Report-To': '{"endpoints":[{"url":"https:\\/\\/a.nel.cloudflare.com\\/report\\/v4?s=1vhtSI%2Fkdk%2FoJrb3si8vU0m%2FSjj3t543chknz0lg%2BK%2BWEWrWJy9tyw3w4HwTHL2CRmspnlSetzH65USqVvNWgmK0DYXuKjWiBap64Dr0AEskgdnYb%2FSKMTpT2vRuxp15"}],"group":"cf-nel","max_age":604800}', 'NEL': '{"success_fraction":0,"report_to":"cf-nel","max_age":604800}', 'Server': 'cloudflare', 'CF-RAY': '8aac5c427caaceb1-SJC', 'alt-svc': 'h3=":443"; ma=86400'} 
 body={"results":[{"gender":"female","name":{"title":"Mrs","first":"Aurore","last":"Berger"},"location":{"street":{"number":8836,"name":"Esplanade du 9 Novembre 1989"},"city":"Brest","state":"Seine-et-Marne","country":"France","postcode":64627,"coordinates":{"latitude":"-13.2878","longitude":"59.4464"},"timezone":{"offset":"-7:00","description":"Mountain Time (US &amp; Canada)"}},"email":"aurore.berger@example.com","login":{"uuid":"10a3e23d-9414-4c47-a4cf-695b74cd46e8","username":"yellowgorilla637","password":"sabres","salt":"rfsUqEjs","md5":"895e7099182727f98d8ab920c053a5e9","sha1":"777ab3bbe24aa0f37f3834b3cfe997b2df72c0a5","sha256":"b58ce5fa9551e3225c89397cc58d3480e0a465674f85210ee6c1a86e36529a75"},"dob":{"date":"1963-05-20T19:53:07.481Z","age":61},"registered":{"date":"2016-05-28T03:41:33.211Z","age":8},"phone":"02-78-24-95-44","cell":"06-99-16-11-62","id":{"name":"INSEE","value":"2630426398666 59"},"picture":{"large":"https://randomuser.me/api/portraits/women/47.jpg","medium":"https://randomuser.me/api/portraits/med/women/47.jpg","thumbnail":"https://randomuser.me/api/portraits/thumb/women/47.jpg"},"nat":"FR"}],"info":{"seed":"76783b9ef92b78d4","results":1,"page":1,"version":"1.4"}} 
 </msg>
<msg time="2024-07-29T10:17:39.046854" level="INFO">/opt/hostedtoolcache/Python/3.12.4/x64/lib/python3.12/site-packages/urllib3/connectionpool.py:1099: InsecureRequestWarning: Unverified HTTPS request is being made to host 'randomuser.me'. Adding certificate verification is strongly advised. See: https://urllib3.readthedocs.io/en/latest/advanced-usage.html#tls-warnings
  warnings.warn(</msg>
<msg time="2024-07-29T10:17:39.046972" level="INFO">${response} = &lt;Response [200]&gt;</msg>
<var>${response}</var>
<arg>consultarAPI</arg>
<arg>/api</arg>
<doc>Sends a GET request on a previously created HTTP Session.</doc>
<status status="PASS" start="2024-07-29T10:17:38.946924" elapsed="0.100088"/>
</kw>
<kw name="Set Variable" owner="BuiltIn">
<msg time="2024-07-29T10:17:39.048295" level="INFO">${json_data} = {'results': [{'gender': 'female', 'name': {'title': 'Mrs', 'first': 'Aurore', 'last': 'Berger'}, 'location': {'street': {'number': 8836, 'name': 'Esplanade du 9 Novembre 1989'}, 'city': 'Brest', 'stat...</msg>
<var>${json_data}</var>
<arg>${response.json()}</arg>
<doc>Returns the given values which can then be assigned to a variables.</doc>
<status status="PASS" start="2024-07-29T10:17:39.047711" elapsed="0.000613"/>
</kw>
<kw name="Log" owner="BuiltIn">
<msg time="2024-07-29T10:17:39.048808" level="INFO">{'results': [{'gender': 'female', 'name': {'title': 'Mrs', 'first': 'Aurore', 'last': 'Berger'}, 'location': {'street': {'number': 8836, 'name': 'Esplanade du 9 Novembre 1989'}, 'city': 'Brest', 'state': 'Seine-et-Marne', 'country': 'France', 'postcode': 64627, 'coordinates': {'latitude': '-13.2878', 'longitude': '59.4464'}, 'timezone': {'offset': '-7:00', 'description': 'Mountain Time (US &amp; Canada)'}}, 'email': 'aurore.berger@example.com', 'login': {'uuid': '10a3e23d-9414-4c47-a4cf-695b74cd46e8', 'username': 'yellowgorilla637', 'password': 'sabres', 'salt': 'rfsUqEjs', 'md5': '895e7099182727f98d8ab920c053a5e9', 'sha1': '777ab3bbe24aa0f37f3834b3cfe997b2df72c0a5', 'sha256': 'b58ce5fa9551e3225c89397cc58d3480e0a465674f85210ee6c1a86e36529a75'}, 'dob': {'date': '1963-05-20T19:53:07.481Z', 'age': 61}, 'registered': {'date': '2016-05-28T03:41:33.211Z', 'age': 8}, 'phone': '02-78-24-95-44', 'cell': '06-99-16-11-62', 'id': {'name': 'INSEE', 'value': '2630426398666 59'}, 'picture': {'large': 'https://randomuser.me/api/portraits/women/47.jpg', 'medium': 'https://randomuser.me/api/portraits/med/women/47.jpg', 'thumbnail': 'https://randomuser.me/api/portraits/thumb/women/47.jpg'}, 'nat': 'FR'}], 'info': {'seed': '76783b9ef92b78d4', 'results': 1, 'page': 1, 'version': '1.4'}}</msg>
<arg>${json_data}</arg>
<doc>Logs the given message with the given level.</doc>
<status status="PASS" start="2024-07-29T10:17:39.048649" elapsed="0.000207"/>
</kw>
<kw name="Should Be Equal As Numbers" owner="BuiltIn">
<arg>${json_data['results'][0]['location']['postcode']}</arg>
<arg>${json_data['results'][0]['location']['postcode']}</arg>
<doc>Fails if objects are unequal after converting them to real numbers.</doc>
<status status="PASS" start="2024-07-29T10:17:39.049154" elapsed="0.000627"/>
</kw>
<kw name="Log" owner="BuiltIn">
<msg time="2024-07-29T10:17:39.050345" level="INFO">64627</msg>
<arg>${json_data['results'][0]['location']['postcode']}</arg>
<doc>Logs the given message with the given level.</doc>
<status status="PASS" start="2024-07-29T10:17:39.050006" elapsed="0.000381"/>
</kw>
<status status="PASS" start="2024-07-29T10:17:38.946683" elapsed="0.103963"/>
</kw>
<doc>Testa se os tipos de dados na resposta da API estão corretos.</doc>
<tag>testeTiposDados</tag>
<status status="PASS" start="2024-07-29T10:17:38.845499" elapsed="0.205322"/>
</test>
<test id="s1-s1-t5" name="Validar conteudo" line="35">
<kw name="Teste de Tipos de Conteudo" owner="random-user-service">
<kw name="GET On Session" owner="RequestsLibrary">
<msg time="2024-07-29T10:17:39.144732" level="INFO">GET Request : url=https://randomuser.me/api 
 path_url=/api 
 headers={'User-Agent': 'python-requests/2.32.3', 'Accept-Encoding': 'gzip, deflate', 'Accept': '*/*', 'Connection': 'keep-alive'} 
 body=None 
 </msg>
<msg time="2024-07-29T10:17:39.144847" level="INFO">GET Response : url=https://randomuser.me/api 
 status=200, reason=OK 
 headers={'Date': 'Mon, 29 Jul 2024 10:17:39 GMT', 'Content-Type': 'application/json; charset=utf-8', 'Transfer-Encoding': 'chunked', 'Connection': 'keep-alive', 'X-Powered-By': 'Express', 'Access-Control-Allow-Origin': '*', 'Cache-Control': 'no-cache', 'ETag': 'W/"475-pKAOgCdmj3XoCqDofMWaaffljH8"', 'Vary': 'Accept-Encoding', 'Content-Encoding': 'gzip', 'CF-Cache-Status': 'DYNAMIC', 'Report-To': '{"endpoints":[{"url":"https:\\/\\/a.nel.cloudflare.com\\/report\\/v4?s=bZMp9oMhnKrrPC%2Fk0b7TZark0MDmFfrjlWt42F84XhNxIpDb1re40ZYiTIDl05dseNgFmnAtdBotoJdMka9IkIabrTdnjHMTWrbv5sr4GQuEABPohe4IjbcPcGszSQSr"}],"group":"cf-nel","max_age":604800}', 'NEL': '{"success_fraction":0,"report_to":"cf-nel","max_age":604800}', 'Server': 'cloudflare', 'CF-RAY': '8aac5c431d21ceb1-SJC', 'alt-svc': 'h3=":443"; ma=86400'} 
 body={"results":[{"gender":"male","name":{"title":"Mr","first":"Lorenzo","last":"Kircher"},"location":{"street":{"number":2770,"name":"Mittelweg"},"city":"Melsungen","state":"Hamburg","country":"Germany","postcode":51879,"coordinates":{"latitude":"-54.4624","longitude":"-59.6448"},"timezone":{"offset":"+4:30","description":"Kabul"}},"email":"lorenzo.kircher@example.com","login":{"uuid":"a6a4a857-112a-4a03-b21c-7e8ed7e4a9c0","username":"bigrabbit532","password":"bigmoney","salt":"eeiMNcpR","md5":"f2d2518afc5bf48ced7e0b91c112c48d","sha1":"5e13727816ee41ffba40ac9534603eb18aa498ad","sha256":"43b10bacefd2c65b256e4c2097a0da7b0dd79f217f667c9ef86325a35ee33383"},"dob":{"date":"1994-08-01T18:49:41.616Z","age":29},"registered":{"date":"2012-09-21T12:05:11.657Z","age":11},"phone":"0849-2667082","cell":"0176-5377730","id":{"name":"SVNR","value":"12 010894 K 351"},"picture":{"large":"https://randomuser.me/api/portraits/men/92.jpg","medium":"https://randomuser.me/api/portraits/med/men/92.jpg","thumbnail":"https://randomuser.me/api/portraits/thumb/men/92.jpg"},"nat":"DE"}],"info":{"seed":"a9b9e4d3d28e186c","results":1,"page":1,"version":"1.4"}} 
 </msg>
<msg time="2024-07-29T10:17:39.144938" level="INFO">/opt/hostedtoolcache/Python/3.12.4/x64/lib/python3.12/site-packages/urllib3/connectionpool.py:1099: InsecureRequestWarning: Unverified HTTPS request is being made to host 'randomuser.me'. Adding certificate verification is strongly advised. See: https://urllib3.readthedocs.io/en/latest/advanced-usage.html#tls-warnings
  warnings.warn(</msg>
<msg time="2024-07-29T10:17:39.145080" level="INFO">${response} = &lt;Response [200]&gt;</msg>
<var>${response}</var>
<arg>consultarAPI</arg>
<arg>/api</arg>
<doc>Sends a GET request on a previously created HTTP Session.</doc>
<status status="PASS" start="2024-07-29T10:17:39.054193" elapsed="0.090936"/>
</kw>
<kw name="Set Variable" owner="BuiltIn">
<msg time="2024-07-29T10:17:39.146251" level="INFO">${json_data} = {'results': [{'gender': 'male', 'name': {'title': 'Mr', 'first': 'Lorenzo', 'last': 'Kircher'}, 'location': {'street': {'number': 2770, 'name': 'Mittelweg'}, 'city': 'Melsungen', 'state': 'Hamburg', '...</msg>
<var>${json_data}</var>
<arg>${response.json()}</arg>
<doc>Returns the given values which can then be assigned to a variables.</doc>
<status status="PASS" start="2024-07-29T10:17:39.145720" elapsed="0.000560"/>
</kw>
<kw name="Set Variable" owner="BuiltIn">
<msg time="2024-07-29T10:17:39.146994" level="INFO">${name_title} = Mr</msg>
<var>${name_title}</var>
<arg>${json_data["results"][0]["name"]["title"]}</arg>
<doc>Returns the given values which can then be assigned to a variables.</doc>
<status status="PASS" start="2024-07-29T10:17:39.146602" elapsed="0.000418"/>
</kw>
<kw name="Create List" owner="BuiltIn">
<msg time="2024-07-29T10:17:39.147478" level="INFO">${allowed_titles} = ['Mr', 'Ms', 'Miss', 'Mrs', 'Madame', 'Monsieur']</msg>
<var>${allowed_titles}</var>
<arg>Mr</arg>
<arg>Ms</arg>
<arg>Miss</arg>
<arg>Mrs</arg>
<arg>Madame</arg>
<arg>Monsieur</arg>
<doc>Returns a list containing given items.</doc>
<status status="PASS" start="2024-07-29T10:17:39.147323" elapsed="0.000180"/>
</kw>
<kw name="List Should Contain Value" owner="Collections">
<arg>${allowed_titles}</arg>
<arg>${name_title}</arg>
<doc>Fails if the ``value`` is not found from ``list``.</doc>
<status status="PASS" start="2024-07-29T10:17:39.147857" elapsed="0.000188"/>
</kw>
<kw name="Set Variable" owner="BuiltIn">
<msg time="2024-07-29T10:17:39.148613" level="INFO">${name_country} = DE</msg>
<var>${name_country}</var>
<arg>${json_data["results"][0]["nat"]}</arg>
<doc>Returns the given values which can then be assigned to a variables.</doc>
<status status="PASS" start="2024-07-29T10:17:39.148232" elapsed="0.000407"/>
</kw>
<kw name="Create List" owner="BuiltIn">
<msg time="2024-07-29T10:17:39.149528" level="INFO">${list_country} = ['AD', 'AE', 'AF', 'AG', 'AI', 'AL', 'AM', 'AO', 'AQ', 'AR', 'AS', 'AT', 'AU', 'AW', 'AX', 'AZ', 'BA', 'BB', 'BD', 'BE', 'BF', 'BG', 'BH', 'BI', 'BJ', 'BL', 'BM', 'BN', 'BO', 'BQ', 'BR', 'BS', 'BT', '...</msg>
<var>${list_country}</var>
<arg>AD</arg>
<arg>AE</arg>
<arg>AF</arg>
<arg>AG</arg>
<arg>AI</arg>
<arg>AL</arg>
<arg>AM</arg>
<arg>AO</arg>
<arg>AQ</arg>
<arg>AR</arg>
<arg>AS</arg>
<arg>AT</arg>
<arg>AU</arg>
<arg>AW</arg>
<arg>AX</arg>
<arg>AZ</arg>
<arg>BA</arg>
<arg>BB</arg>
<arg>BD</arg>
<arg>BE</arg>
<arg>BF</arg>
<arg>BG</arg>
<arg>BH</arg>
<arg>BI</arg>
<arg>BJ</arg>
<arg>BL</arg>
<arg>BM</arg>
<arg>BN</arg>
<arg>BO</arg>
<arg>BQ</arg>
<arg>BR</arg>
<arg>BS</arg>
<arg>BT</arg>
<arg>BV</arg>
<arg>BW</arg>
<arg>BY</arg>
<arg>BZ</arg>
<arg>CA</arg>
<arg>CC</arg>
<arg>CD</arg>
<arg>CF</arg>
<arg>CG</arg>
<arg>CH</arg>
<arg>CI</arg>
<arg>CK</arg>
<arg>CL</arg>
<arg>CM</arg>
<arg>CN</arg>
<arg>CO</arg>
<arg>CR</arg>
<arg>CU</arg>
<arg>CV</arg>
<arg>CW</arg>
<arg>CX</arg>
<arg>CY</arg>
<arg>CZ</arg>
<arg>DE</arg>
<arg>DJ</arg>
<arg>DK</arg>
<arg>DM</arg>
<arg>DO</arg>
<arg>DZ</arg>
<arg>EC</arg>
<arg>EE</arg>
<arg>EG</arg>
<arg>EH</arg>
<arg>ER</arg>
<arg>ES</arg>
<arg>ET</arg>
<arg>FI</arg>
<arg>FJ</arg>
<arg>FK</arg>
<arg>FM</arg>
<arg>FO</arg>
<arg>FR</arg>
<arg>GA</arg>
<arg>GB</arg>
<arg>GD</arg>
<arg>GE</arg>
<arg>GF</arg>
<arg>GG</arg>
<arg>GH</arg>
<arg>GI</arg>
<arg>GL</arg>
<arg>GM</arg>
<arg>GN</arg>
<arg>GP</arg>
<arg>GQ</arg>
<arg>GR</arg>
<arg>GS</arg>
<arg>GT</arg>
<arg>GU</arg>
<arg>GW</arg>
<arg>GY</arg>
<arg>HK</arg>
<arg>HM</arg>
<arg>HN</arg>
<arg>HR</arg>
<arg>HT</arg>
<arg>HU</arg>
<arg>ID</arg>
<arg>IE</arg>
<arg>IL</arg>
<arg>IM</arg>
<arg>IN</arg>
<arg>IO</arg>
<arg>IQ</arg>
<arg>IR</arg>
<arg>IS</arg>
<arg>IT</arg>
<arg>JE</arg>
<arg>JM</arg>
<arg>JO</arg>
<arg>JP</arg>
<arg>KE</arg>
<arg>KG</arg>
<arg>KH</arg>
<arg>KI</arg>
<arg>KM</arg>
<arg>KN</arg>
<arg>KP</arg>
<arg>KR</arg>
<arg>KW</arg>
<arg>KY</arg>
<arg>KZ</arg>
<arg>LA</arg>
<arg>LB</arg>
<arg>LC</arg>
<arg>LI</arg>
<arg>LK</arg>
<arg>LR</arg>
<arg>LS</arg>
<arg>LT</arg>
<arg>LU</arg>
<arg>LV</arg>
<arg>LY</arg>
<arg>MA</arg>
<arg>MC</arg>
<arg>MD</arg>
<arg>ME</arg>
<arg>MF</arg>
<arg>MG</arg>
<arg>MH</arg>
<arg>MK</arg>
<arg>ML</arg>
<arg>MM</arg>
<arg>MN</arg>
<arg>MO</arg>
<arg>MP</arg>
<arg>MQ</arg>
<arg>MR</arg>
<arg>MS</arg>
<arg>MT</arg>
<arg>MU</arg>
<arg>MV</arg>
<arg>MW</arg>
<arg>MX</arg>
<arg>MY</arg>
<arg>MZ</arg>
<arg>NA</arg>
<arg>NC</arg>
<arg>NE</arg>
<arg>NF</arg>
<arg>NG</arg>
<arg>NI</arg>
<arg>NL</arg>
<arg>NO</arg>
<arg>NP</arg>
<arg>NR</arg>
<arg>NU</arg>
<arg>NZ</arg>
<arg>OM</arg>
<arg>PA</arg>
<arg>PE</arg>
<arg>PF</arg>
<arg>PG</arg>
<arg>PH</arg>
<arg>PK</arg>
<arg>PL</arg>
<arg>PM</arg>
<arg>PN</arg>
<arg>PR</arg>
<arg>PS</arg>
<arg>PT</arg>
<arg>PW</arg>
<arg>PY</arg>
<arg>QA</arg>
<arg>RE</arg>
<arg>RO</arg>
<arg>RS</arg>
<arg>RU</arg>
<arg>RW</arg>
<arg>SA</arg>
<arg>SB</arg>
<arg>SC</arg>
<arg>SD</arg>
<arg>SE</arg>
<arg>SG</arg>
<arg>SH</arg>
<arg>SI</arg>
<arg>SJ</arg>
<arg>SK</arg>
<arg>SL</arg>
<arg>SM</arg>
<arg>SN</arg>
<arg>SO</arg>
<arg>SR</arg>
<arg>SS</arg>
<arg>ST</arg>
<arg>SV</arg>
<arg>SX</arg>
<arg>SY</arg>
<arg>SZ</arg>
<arg>TC</arg>
<arg>TD</arg>
<arg>TF</arg>
<arg>TG</arg>
<arg>TH</arg>
<arg>TJ</arg>
<arg>TK</arg>
<arg>TL</arg>
<arg>TM</arg>
<arg>TN</arg>
<arg>TO</arg>
<arg>TR</arg>
<arg>TT</arg>
<arg>TV</arg>
<arg>TW</arg>
<arg>TZ</arg>
<arg>UA</arg>
<arg>UG</arg>
<arg>UM</arg>
<arg>US</arg>
<arg>UY</arg>
<arg>UZ</arg>
<arg>VA</arg>
<arg>VC</arg>
<arg>VE</arg>
<arg>VG</arg>
<arg>VI</arg>
<arg>VN</arg>
<arg>VU</arg>
<arg>WF</arg>
<arg>WS</arg>
<arg>XK</arg>
<arg>YE</arg>
<arg>YT</arg>
<arg>ZA</arg>
<arg>ZM</arg>
<arg>ZW</arg>
<doc>Returns a list containing given items.</doc>
<status status="PASS" start="2024-07-29T10:17:39.148930" elapsed="0.000625"/>
</kw>
<kw name="List Should Contain Value" owner="Collections">
<arg>${list_country}</arg>
<arg>${name_country}</arg>
<doc>Fails if the ``value`` is not found from ``list``.</doc>
<status status="PASS" start="2024-07-29T10:17:39.150540" elapsed="0.000214"/>
</kw>
<kw name="Run Keyword If" owner="BuiltIn">
<kw name="Should Be True" owner="BuiltIn">
<arg>${True}</arg>
<doc>Fails if the given condition is not true.</doc>
<status status="PASS" start="2024-07-29T10:17:39.151744" elapsed="0.000147"/>
</kw>
<arg>${json_data["results"][0]["location"]["coordinates"]["latitude"]} &gt;= -90 and ${json_data["results"][0]["location"]["coordinates"]["latitude"]} &lt;= 90</arg>
<arg>Should Be True</arg>
<arg>${True}</arg>
<doc>Runs the given keyword with the given arguments, if ``condition`` is true.</doc>
<status status="PASS" start="2024-07-29T10:17:39.150954" elapsed="0.001064"/>
</kw>
<kw name="Run Keyword If" owner="BuiltIn">
<kw name="Should Be True" owner="BuiltIn">
<arg>${True}</arg>
<doc>Fails if the given condition is not true.</doc>
<status status="PASS" start="2024-07-29T10:17:39.152904" elapsed="0.000142"/>
</kw>
<arg>${json_data["results"][0]["location"]["coordinates"]["longitude"]} &gt;= -180 and ${json_data["results"][0]["location"]["coordinates"]["longitude"]} &lt;= 180</arg>
<arg>Should Be True</arg>
<arg>${True}</arg>
<doc>Runs the given keyword with the given arguments, if ``condition`` is true.</doc>
<status status="PASS" start="2024-07-29T10:17:39.152205" elapsed="0.000969"/>
</kw>
<status status="PASS" start="2024-07-29T10:17:39.053818" elapsed="0.099495"/>
</kw>
<doc>Testa o conteúdo específico dos campos retornados pela API.</doc>
<tag>testeConteudo</tag>
<status status="PASS" start="2024-07-29T10:17:39.053086" elapsed="0.100384"/>
</test>
<status status="PASS" start="2024-07-29T10:17:38.136937" elapsed="1.018540"/>
</suite>
<status status="PASS" start="2024-07-29T10:17:38.109657" elapsed="1.050951"/>
</suite>
<statistics>
<total>
<stat pass="5" fail="0" skip="0">All Tests</stat>
</total>
<tag>
<stat pass="1" fail="0" skip="0">testeConteudo</stat>
<stat pass="1" fail="0" skip="0">testeEstruturaResposta</stat>
<stat pass="1" fail="0" skip="0">testeRequisicaoBasica</stat>
<stat pass="1" fail="0" skip="0">testeTiposDados</stat>
</tag>
<suite>
<stat pass="5" fail="0" skip="0" id="s1" name="Tests">Tests</stat>
<stat pass="5" fail="0" skip="0" id="s1-s1" name="Random-User-Test">Tests.Random-User-Test</stat>
</suite>
</statistics>
<errors>
</errors>
</robot>
