<?xml version="1.0" encoding="UTF-8"?>
<robot generator="Robot 7.0.1 (Python 3.12.4 on linux)" generated="2024-08-03T04:18:04.051270" rpa="false" schemaversion="5">
<suite id="s1" name="Tests" source="/home/runner/work/ApiRandomUser/ApiRandomUser/RamdonUser/tests">
<suite id="s1-s1" name="Random-User-Test" source="/home/runner/work/ApiRandomUser/ApiRandomUser/RamdonUser/tests/random-user-test.robot">
<test id="s1-s1-t1" name="Conectar" line="13">
<kw name="Conectar API" owner="random-user-service">
<kw name="Create Session" owner="RequestsLibrary">
<msg time="2024-08-03T04:18:04.452885" level="INFO">Creating Session using : alias=consultarAPI, url=https://randomuser.me/, headers={},                     cookies={}, auth=None, timeout=None, proxies=None, verify=False,                     debug=0 </msg>
<arg>consultarAPI</arg>
<arg>${URL}</arg>
<doc>Create Session: create a HTTP session to a server</doc>
<status status="PASS" start="2024-08-03T04:18:04.452683" elapsed="0.000396"/>
</kw>
<status status="PASS" start="2024-08-03T04:18:04.451612" elapsed="0.001840"/>
</kw>
<status status="PASS" start="2024-08-03T04:18:04.450975" elapsed="0.002713"/>
</test>
<test id="s1-s1-t2" name="Validar retorno 200 e JSON Válido" line="16">
<kw name="Teste de Requisicao Basica" owner="random-user-service">
<kw name="GET On Session" owner="RequestsLibrary">
<msg time="2024-08-03T04:18:04.669466" level="INFO">GET Request : url=https://randomuser.me/api 
 path_url=/api 
 headers={'User-Agent': 'python-requests/2.32.3', 'Accept-Encoding': 'gzip, deflate', 'Accept': '*/*', 'Connection': 'keep-alive'} 
 body=None 
 </msg>
<msg time="2024-08-03T04:18:04.669630" level="INFO">GET Response : url=https://randomuser.me/api 
 status=200, reason=OK 
 headers={'Date': 'Sat, 03 Aug 2024 04:18:04 GMT', 'Content-Type': 'application/json; charset=utf-8', 'Transfer-Encoding': 'chunked', 'Connection': 'keep-alive', 'X-Powered-By': 'Express', 'Access-Control-Allow-Origin': '*', 'Cache-Control': 'no-cache', 'ETag': 'W/"47c-42n5D/cUV9kQ4mZ9gW5Sb4WoMzE"', 'Vary': 'Accept-Encoding', 'Content-Encoding': 'gzip', 'CF-Cache-Status': 'DYNAMIC', 'Report-To': '{"endpoints":[{"url":"https:\\/\\/a.nel.cloudflare.com\\/report\\/v4?s=k7O6z43MjD1Fa9YSC6IeboiyQX82Z6RRa6m%2BJ8V2N3ZlGy2UH6v7pLQMqQQk2vDzWRC4%2FCAeunxdm3yCtXPd9568nVr%2F148HjB1aaXeY3tPrI9iwQE1fZyCQML0SjzjV"}],"group":"cf-nel","max_age":604800}', 'NEL': '{"success_fraction":0,"report_to":"cf-nel","max_age":604800}', 'Server': 'cloudflare', 'CF-RAY': '8ad3806a08fa1586-SJC', 'alt-svc': 'h3=":443"; ma=86400'} 
 body={"results":[{"gender":"male","name":{"title":"Mr","first":"Lenni","last":"Remes"},"location":{"street":{"number":9101,"name":"Pispalan Valtatie"},"city":"Hollola","state":"Uusimaa","country":"Finland","postcode":35967,"coordinates":{"latitude":"-27.0065","longitude":"-43.3556"},"timezone":{"offset":"-2:00","description":"Mid-Atlantic"}},"email":"lenni.remes@example.com","login":{"uuid":"8c6e91e4-c5f0-468d-b6da-52ac553b02e4","username":"ticklishmouse400","password":"hanson","salt":"Vv7dBI1p","md5":"38ec18bd7986b43b8807982d4e3381f3","sha1":"f8c031b23998a1f256e983c2f97ec195eb110e7a","sha256":"b8e9ff91b6c95067917d00ebd36a3eed27b85c14e386e9049fa5f1f06e61e42a"},"dob":{"date":"1953-08-17T18:26:10.227Z","age":70},"registered":{"date":"2015-12-05T20:02:57.437Z","age":8},"phone":"04-327-019","cell":"042-790-89-51","id":{"name":"HETU","value":"NaNNA333undefined"},"picture":{"large":"https://randomuser.me/api/portraits/men/78.jpg","medium":"https://randomuser.me/api/portraits/med/men/78.jpg","thumbnail":"https://randomuser.me/api/portraits/thumb/men/78.jpg"},"nat":"FI"}],"info":{"seed":"ba7f2d0f9712382b","results":1,"page":1,"version":"1.4"}} 
 </msg>
<msg time="2024-08-03T04:18:04.669744" level="INFO">/opt/hostedtoolcache/Python/3.12.4/x64/lib/python3.12/site-packages/urllib3/connectionpool.py:1099: InsecureRequestWarning: Unverified HTTPS request is being made to host 'randomuser.me'. Adding certificate verification is strongly advised. See: https://urllib3.readthedocs.io/en/latest/advanced-usage.html#tls-warnings
  warnings.warn(</msg>
<msg time="2024-08-03T04:18:04.669905" level="INFO">${response} = &lt;Response [200]&gt;</msg>
<var>${response}</var>
<arg>consultarAPI</arg>
<arg>/api</arg>
<doc>Sends a GET request on a previously created HTTP Session.</doc>
<status status="PASS" start="2024-08-03T04:18:04.456353" elapsed="0.213584"/>
</kw>
<kw name="Should Be Equal As Numbers" owner="BuiltIn">
<msg time="2024-08-03T04:18:04.670925" level="INFO">Argument types are:
&lt;class 'int'&gt;
&lt;class 'str'&gt;</msg>
<arg>${response.status_code}</arg>
<arg>200</arg>
<doc>Fails if objects are unequal after converting them to real numbers.</doc>
<status status="PASS" start="2024-08-03T04:18:04.670453" elapsed="0.000537"/>
</kw>
<kw name="Log" owner="BuiltIn">
<msg time="2024-08-03T04:18:04.671680" level="INFO">200</msg>
<arg>${response.status_code}</arg>
<doc>Logs the given message with the given level.</doc>
<status status="PASS" start="2024-08-03T04:18:04.671317" elapsed="0.000406"/>
</kw>
<kw name="Set Variable" owner="BuiltIn">
<msg time="2024-08-03T04:18:04.672470" level="INFO">${json_data} = {'results': [{'gender': 'male', 'name': {'title': 'Mr', 'first': 'Lenni', 'last': 'Remes'}, 'location': {'street': {'number': 9101, 'name': 'Pispalan Valtatie'}, 'city': 'Hollola', 'state': 'Uusimaa',...</msg>
<var>${json_data}</var>
<arg>${response.json()}</arg>
<doc>Returns the given values which can then be assigned to a variables.</doc>
<status status="PASS" start="2024-08-03T04:18:04.672031" elapsed="0.000468"/>
</kw>
<kw name="Dictionary Should Contain Key" owner="Collections">
<arg>${json_data}</arg>
<arg>results</arg>
<doc>Fails if ``key`` is not found from ``dictionary``.</doc>
<status status="PASS" start="2024-08-03T04:18:04.672814" elapsed="0.000323"/>
</kw>
<status status="PASS" start="2024-08-03T04:18:04.456104" elapsed="0.217190"/>
</kw>
<doc>Testa se a API responde corretamente e retorna um objeto JSON válido.</doc>
<tag>testeRequisicaoBasica</tag>
<status status="PASS" start="2024-08-03T04:18:04.455551" elapsed="0.217922"/>
</test>
<test id="s1-s1-t3" name="Validar estrutura de resposta" line="22">
<kw name="Teste de Estrutura de Resposta" owner="random-user-service">
<kw name="GET On Session" owner="RequestsLibrary">
<msg time="2024-08-03T04:18:04.772437" level="INFO">GET Request : url=https://randomuser.me/api 
 path_url=/api 
 headers={'User-Agent': 'python-requests/2.32.3', 'Accept-Encoding': 'gzip, deflate', 'Accept': '*/*', 'Connection': 'keep-alive'} 
 body=None 
 </msg>
<msg time="2024-08-03T04:18:04.772550" level="INFO">GET Response : url=https://randomuser.me/api 
 status=200, reason=OK 
 headers={'Date': 'Sat, 03 Aug 2024 04:18:04 GMT', 'Content-Type': 'application/json; charset=utf-8', 'Transfer-Encoding': 'chunked', 'Connection': 'keep-alive', 'X-Powered-By': 'Express', 'Access-Control-Allow-Origin': '*', 'Cache-Control': 'no-cache', 'ETag': 'W/"48e-hdOxytWW0R43QvXOHyF6SEQ79nA"', 'Vary': 'Accept-Encoding', 'Content-Encoding': 'gzip', 'CF-Cache-Status': 'DYNAMIC', 'Report-To': '{"endpoints":[{"url":"https:\\/\\/a.nel.cloudflare.com\\/report\\/v4?s=rBAxnUdPrk%2FxfeySDUXp1bS%2BWRTvlGCp%2Bn71vV39fvME6RGPScmYS0EccYCVR8DR7aNkkkQEnU3kj3d9%2FqHhH7HuI0OkR8aWcN31LIOAsEJypt4QCsxreCRkVuzdMuVS"}],"group":"cf-nel","max_age":604800}', 'NEL': '{"success_fraction":0,"report_to":"cf-nel","max_age":604800}', 'Server': 'cloudflare', 'CF-RAY': '8ad3806b49fe1586-SJC', 'alt-svc': 'h3=":443"; ma=86400'} 
 body={"results":[{"gender":"male","name":{"title":"Mr","first":"Austin","last":"Lawrence"},"location":{"street":{"number":5426,"name":"Church Street"},"city":"Lisburn","state":"Norfolk","country":"United Kingdom","postcode":"PJ9 8EB","coordinates":{"latitude":"-4.8346","longitude":"-166.3324"},"timezone":{"offset":"+7:00","description":"Bangkok, Hanoi, Jakarta"}},"email":"austin.lawrence@example.com","login":{"uuid":"18d827a5-6f7c-471a-808b-81bacf96dd62","username":"lazypanda595","password":"147852","salt":"z8EXCgPI","md5":"b7963792ae687ce248dbbd85dabd5ee3","sha1":"0c122aba6d54d026e717dcaee85d867ef9a9e742","sha256":"ccbcc68feb05be82342f33a261984d7f92a56452028ecb56194f1f7101c603a7"},"dob":{"date":"1951-02-15T17:26:22.273Z","age":73},"registered":{"date":"2016-05-20T21:14:56.259Z","age":8},"phone":"01795 38831","cell":"07699 027347","id":{"name":"NINO","value":"ZZ 74 18 44 F"},"picture":{"large":"https://randomuser.me/api/portraits/men/66.jpg","medium":"https://randomuser.me/api/portraits/med/men/66.jpg","thumbnail":"https://randomuser.me/api/portraits/thumb/men/66.jpg"},"nat":"GB"}],"info":{"seed":"00e6d9dd9a89018d","results":1,"page":1,"version":"1.4"}} 
 </msg>
<msg time="2024-08-03T04:18:04.772690" level="INFO">/opt/hostedtoolcache/Python/3.12.4/x64/lib/python3.12/site-packages/urllib3/connectionpool.py:1099: InsecureRequestWarning: Unverified HTTPS request is being made to host 'randomuser.me'. Adding certificate verification is strongly advised. See: https://urllib3.readthedocs.io/en/latest/advanced-usage.html#tls-warnings
  warnings.warn(</msg>
<msg time="2024-08-03T04:18:04.772850" level="INFO">${response} = &lt;Response [200]&gt;</msg>
<var>${response}</var>
<arg>consultarAPI</arg>
<arg>/api</arg>
<doc>Sends a GET request on a previously created HTTP Session.</doc>
<status status="PASS" start="2024-08-03T04:18:04.676194" elapsed="0.096687"/>
</kw>
<kw name="Set Variable" owner="BuiltIn">
<msg time="2024-08-03T04:18:04.773896" level="INFO">${json_data} = {'results': [{'gender': 'male', 'name': {'title': 'Mr', 'first': 'Austin', 'last': 'Lawrence'}, 'location': {'street': {'number': 5426, 'name': 'Church Street'}, 'city': 'Lisburn', 'state': 'Norfolk',...</msg>
<var>${json_data}</var>
<arg>${response.json()}</arg>
<doc>Returns the given values which can then be assigned to a variables.</doc>
<status status="PASS" start="2024-08-03T04:18:04.773349" elapsed="0.000576"/>
</kw>
<kw name="Log" owner="BuiltIn">
<msg time="2024-08-03T04:18:04.774399" level="INFO">{'results': [{'gender': 'male', 'name': {'title': 'Mr', 'first': 'Austin', 'last': 'Lawrence'}, 'location': {'street': {'number': 5426, 'name': 'Church Street'}, 'city': 'Lisburn', 'state': 'Norfolk', 'country': 'United Kingdom', 'postcode': 'PJ9 8EB', 'coordinates': {'latitude': '-4.8346', 'longitude': '-166.3324'}, 'timezone': {'offset': '+7:00', 'description': 'Bangkok, Hanoi, Jakarta'}}, 'email': 'austin.lawrence@example.com', 'login': {'uuid': '18d827a5-6f7c-471a-808b-81bacf96dd62', 'username': 'lazypanda595', 'password': '147852', 'salt': 'z8EXCgPI', 'md5': 'b7963792ae687ce248dbbd85dabd5ee3', 'sha1': '0c122aba6d54d026e717dcaee85d867ef9a9e742', 'sha256': 'ccbcc68feb05be82342f33a261984d7f92a56452028ecb56194f1f7101c603a7'}, 'dob': {'date': '1951-02-15T17:26:22.273Z', 'age': 73}, 'registered': {'date': '2016-05-20T21:14:56.259Z', 'age': 8}, 'phone': '01795 38831', 'cell': '07699 027347', 'id': {'name': 'NINO', 'value': 'ZZ 74 18 44 F'}, 'picture': {'large': 'https://randomuser.me/api/portraits/men/66.jpg', 'medium': 'https://randomuser.me/api/portraits/med/men/66.jpg', 'thumbnail': 'https://randomuser.me/api/portraits/thumb/men/66.jpg'}, 'nat': 'GB'}], 'info': {'seed': '00e6d9dd9a89018d', 'results': 1, 'page': 1, 'version': '1.4'}}</msg>
<arg>${json_data}</arg>
<doc>Logs the given message with the given level.</doc>
<status status="PASS" start="2024-08-03T04:18:04.774233" elapsed="0.000215"/>
</kw>
<kw name="Dictionary Should Contain Key" owner="Collections">
<arg>${json_data}</arg>
<arg>results</arg>
<doc>Fails if ``key`` is not found from ``dictionary``.</doc>
<status status="PASS" start="2024-08-03T04:18:04.774740" elapsed="0.000162"/>
</kw>
<kw name="Should Not Be Empty" owner="BuiltIn">
<msg time="2024-08-03T04:18:04.775220" level="INFO">Length is 2.</msg>
<arg>${json_data}</arg>
<doc>Verifies that the given item is not empty.</doc>
<status status="PASS" start="2024-08-03T04:18:04.775084" elapsed="0.000174"/>
</kw>
<kw name="Create List" owner="BuiltIn">
<msg time="2024-08-03T04:18:04.775713" level="INFO">${expected_keys} = ['gender', 'name', 'location', 'email', 'login']</msg>
<var>${expected_keys}</var>
<arg>gender</arg>
<arg>name</arg>
<arg>location</arg>
<arg>email</arg>
<arg>login</arg>
<doc>Returns a list containing given items.</doc>
<status status="PASS" start="2024-08-03T04:18:04.775554" elapsed="0.000183"/>
</kw>
<for flavor="IN">
<iter>
<kw name="Dictionary Should Contain Key" owner="Collections">
<arg>${json_data['results'][0]}</arg>
<arg>${key}</arg>
<doc>Fails if ``key`` is not found from ``dictionary``.</doc>
<status status="PASS" start="2024-08-03T04:18:04.776317" elapsed="0.000401"/>
</kw>
<kw name="Log" owner="BuiltIn">
<msg time="2024-08-03T04:18:04.777250" level="INFO">{'gender': 'male', 'name': {'title': 'Mr', 'first': 'Austin', 'last': 'Lawrence'}, 'location': {'street': {'number': 5426, 'name': 'Church Street'}, 'city': 'Lisburn', 'state': 'Norfolk', 'country': 'United Kingdom', 'postcode': 'PJ9 8EB', 'coordinates': {'latitude': '-4.8346', 'longitude': '-166.3324'}, 'timezone': {'offset': '+7:00', 'description': 'Bangkok, Hanoi, Jakarta'}}, 'email': 'austin.lawrence@example.com', 'login': {'uuid': '18d827a5-6f7c-471a-808b-81bacf96dd62', 'username': 'lazypanda595', 'password': '147852', 'salt': 'z8EXCgPI', 'md5': 'b7963792ae687ce248dbbd85dabd5ee3', 'sha1': '0c122aba6d54d026e717dcaee85d867ef9a9e742', 'sha256': 'ccbcc68feb05be82342f33a261984d7f92a56452028ecb56194f1f7101c603a7'}, 'dob': {'date': '1951-02-15T17:26:22.273Z', 'age': 73}, 'registered': {'date': '2016-05-20T21:14:56.259Z', 'age': 8}, 'phone': '01795 38831', 'cell': '07699 027347', 'id': {'name': 'NINO', 'value': 'ZZ 74 18 44 F'}, 'picture': {'large': 'https://randomuser.me/api/portraits/men/66.jpg', 'medium': 'https://randomuser.me/api/portraits/med/men/66.jpg', 'thumbnail': 'https://randomuser.me/api/portraits/thumb/men/66.jpg'}, 'nat': 'GB'}</msg>
<arg>${json_data['results'][0]}</arg>
<doc>Logs the given message with the given level.</doc>
<status status="PASS" start="2024-08-03T04:18:04.776902" elapsed="0.000397"/>
</kw>
<kw name="Log" owner="BuiltIn">
<msg time="2024-08-03T04:18:04.777759" level="INFO">gender</msg>
<arg>${key}</arg>
<doc>Logs the given message with the given level.</doc>
<status status="PASS" start="2024-08-03T04:18:04.777597" elapsed="0.000202"/>
</kw>
<var name="${key}">gender</var>
<status status="PASS" start="2024-08-03T04:18:04.776189" elapsed="0.001839"/>
</iter>
<iter>
<kw name="Dictionary Should Contain Key" owner="Collections">
<arg>${json_data['results'][0]}</arg>
<arg>${key}</arg>
<doc>Fails if ``key`` is not found from ``dictionary``.</doc>
<status status="PASS" start="2024-08-03T04:18:04.778323" elapsed="0.000380"/>
</kw>
<kw name="Log" owner="BuiltIn">
<msg time="2024-08-03T04:18:04.779242" level="INFO">{'gender': 'male', 'name': {'title': 'Mr', 'first': 'Austin', 'last': 'Lawrence'}, 'location': {'street': {'number': 5426, 'name': 'Church Street'}, 'city': 'Lisburn', 'state': 'Norfolk', 'country': 'United Kingdom', 'postcode': 'PJ9 8EB', 'coordinates': {'latitude': '-4.8346', 'longitude': '-166.3324'}, 'timezone': {'offset': '+7:00', 'description': 'Bangkok, Hanoi, Jakarta'}}, 'email': 'austin.lawrence@example.com', 'login': {'uuid': '18d827a5-6f7c-471a-808b-81bacf96dd62', 'username': 'lazypanda595', 'password': '147852', 'salt': 'z8EXCgPI', 'md5': 'b7963792ae687ce248dbbd85dabd5ee3', 'sha1': '0c122aba6d54d026e717dcaee85d867ef9a9e742', 'sha256': 'ccbcc68feb05be82342f33a261984d7f92a56452028ecb56194f1f7101c603a7'}, 'dob': {'date': '1951-02-15T17:26:22.273Z', 'age': 73}, 'registered': {'date': '2016-05-20T21:14:56.259Z', 'age': 8}, 'phone': '01795 38831', 'cell': '07699 027347', 'id': {'name': 'NINO', 'value': 'ZZ 74 18 44 F'}, 'picture': {'large': 'https://randomuser.me/api/portraits/men/66.jpg', 'medium': 'https://randomuser.me/api/portraits/med/men/66.jpg', 'thumbnail': 'https://randomuser.me/api/portraits/thumb/men/66.jpg'}, 'nat': 'GB'}</msg>
<arg>${json_data['results'][0]}</arg>
<doc>Logs the given message with the given level.</doc>
<status status="PASS" start="2024-08-03T04:18:04.778886" elapsed="0.000438"/>
</kw>
<kw name="Log" owner="BuiltIn">
<msg time="2024-08-03T04:18:04.779749" level="INFO">name</msg>
<arg>${key}</arg>
<doc>Logs the given message with the given level.</doc>
<status status="PASS" start="2024-08-03T04:18:04.779620" elapsed="0.000167"/>
</kw>
<var name="${key}">name</var>
<status status="PASS" start="2024-08-03T04:18:04.778211" elapsed="0.001793"/>
</iter>
<iter>
<kw name="Dictionary Should Contain Key" owner="Collections">
<arg>${json_data['results'][0]}</arg>
<arg>${key}</arg>
<doc>Fails if ``key`` is not found from ``dictionary``.</doc>
<status status="PASS" start="2024-08-03T04:18:04.780285" elapsed="0.000376"/>
</kw>
<kw name="Log" owner="BuiltIn">
<msg time="2024-08-03T04:18:04.781205" level="INFO">{'gender': 'male', 'name': {'title': 'Mr', 'first': 'Austin', 'last': 'Lawrence'}, 'location': {'street': {'number': 5426, 'name': 'Church Street'}, 'city': 'Lisburn', 'state': 'Norfolk', 'country': 'United Kingdom', 'postcode': 'PJ9 8EB', 'coordinates': {'latitude': '-4.8346', 'longitude': '-166.3324'}, 'timezone': {'offset': '+7:00', 'description': 'Bangkok, Hanoi, Jakarta'}}, 'email': 'austin.lawrence@example.com', 'login': {'uuid': '18d827a5-6f7c-471a-808b-81bacf96dd62', 'username': 'lazypanda595', 'password': '147852', 'salt': 'z8EXCgPI', 'md5': 'b7963792ae687ce248dbbd85dabd5ee3', 'sha1': '0c122aba6d54d026e717dcaee85d867ef9a9e742', 'sha256': 'ccbcc68feb05be82342f33a261984d7f92a56452028ecb56194f1f7101c603a7'}, 'dob': {'date': '1951-02-15T17:26:22.273Z', 'age': 73}, 'registered': {'date': '2016-05-20T21:14:56.259Z', 'age': 8}, 'phone': '01795 38831', 'cell': '07699 027347', 'id': {'name': 'NINO', 'value': 'ZZ 74 18 44 F'}, 'picture': {'large': 'https://randomuser.me/api/portraits/men/66.jpg', 'medium': 'https://randomuser.me/api/portraits/med/men/66.jpg', 'thumbnail': 'https://randomuser.me/api/portraits/thumb/men/66.jpg'}, 'nat': 'GB'}</msg>
<arg>${json_data['results'][0]}</arg>
<doc>Logs the given message with the given level.</doc>
<status status="PASS" start="2024-08-03T04:18:04.780859" elapsed="0.000392"/>
</kw>
<kw name="Log" owner="BuiltIn">
<msg time="2024-08-03T04:18:04.781708" level="INFO">location</msg>
<arg>${key}</arg>
<doc>Logs the given message with the given level.</doc>
<status status="PASS" start="2024-08-03T04:18:04.781549" elapsed="0.000200"/>
</kw>
<var name="${key}">location</var>
<status status="PASS" start="2024-08-03T04:18:04.780178" elapsed="0.001792"/>
</iter>
<iter>
<kw name="Dictionary Should Contain Key" owner="Collections">
<arg>${json_data['results'][0]}</arg>
<arg>${key}</arg>
<doc>Fails if ``key`` is not found from ``dictionary``.</doc>
<status status="PASS" start="2024-08-03T04:18:04.782251" elapsed="0.000386"/>
</kw>
<kw name="Log" owner="BuiltIn">
<msg time="2024-08-03T04:18:04.783306" level="INFO">{'gender': 'male', 'name': {'title': 'Mr', 'first': 'Austin', 'last': 'Lawrence'}, 'location': {'street': {'number': 5426, 'name': 'Church Street'}, 'city': 'Lisburn', 'state': 'Norfolk', 'country': 'United Kingdom', 'postcode': 'PJ9 8EB', 'coordinates': {'latitude': '-4.8346', 'longitude': '-166.3324'}, 'timezone': {'offset': '+7:00', 'description': 'Bangkok, Hanoi, Jakarta'}}, 'email': 'austin.lawrence@example.com', 'login': {'uuid': '18d827a5-6f7c-471a-808b-81bacf96dd62', 'username': 'lazypanda595', 'password': '147852', 'salt': 'z8EXCgPI', 'md5': 'b7963792ae687ce248dbbd85dabd5ee3', 'sha1': '0c122aba6d54d026e717dcaee85d867ef9a9e742', 'sha256': 'ccbcc68feb05be82342f33a261984d7f92a56452028ecb56194f1f7101c603a7'}, 'dob': {'date': '1951-02-15T17:26:22.273Z', 'age': 73}, 'registered': {'date': '2016-05-20T21:14:56.259Z', 'age': 8}, 'phone': '01795 38831', 'cell': '07699 027347', 'id': {'name': 'NINO', 'value': 'ZZ 74 18 44 F'}, 'picture': {'large': 'https://randomuser.me/api/portraits/men/66.jpg', 'medium': 'https://randomuser.me/api/portraits/med/men/66.jpg', 'thumbnail': 'https://randomuser.me/api/portraits/thumb/men/66.jpg'}, 'nat': 'GB'}</msg>
<arg>${json_data['results'][0]}</arg>
<doc>Logs the given message with the given level.</doc>
<status status="PASS" start="2024-08-03T04:18:04.782940" elapsed="0.000413"/>
</kw>
<kw name="Log" owner="BuiltIn">
<msg time="2024-08-03T04:18:04.783784" level="INFO">email</msg>
<arg>${key}</arg>
<doc>Logs the given message with the given level.</doc>
<status status="PASS" start="2024-08-03T04:18:04.783653" elapsed="0.000169"/>
</kw>
<var name="${key}">email</var>
<status status="PASS" start="2024-08-03T04:18:04.782143" elapsed="0.001894"/>
</iter>
<iter>
<kw name="Dictionary Should Contain Key" owner="Collections">
<arg>${json_data['results'][0]}</arg>
<arg>${key}</arg>
<doc>Fails if ``key`` is not found from ``dictionary``.</doc>
<status status="PASS" start="2024-08-03T04:18:04.784320" elapsed="0.000376"/>
</kw>
<kw name="Log" owner="BuiltIn">
<msg time="2024-08-03T04:18:04.785229" level="INFO">{'gender': 'male', 'name': {'title': 'Mr', 'first': 'Austin', 'last': 'Lawrence'}, 'location': {'street': {'number': 5426, 'name': 'Church Street'}, 'city': 'Lisburn', 'state': 'Norfolk', 'country': 'United Kingdom', 'postcode': 'PJ9 8EB', 'coordinates': {'latitude': '-4.8346', 'longitude': '-166.3324'}, 'timezone': {'offset': '+7:00', 'description': 'Bangkok, Hanoi, Jakarta'}}, 'email': 'austin.lawrence@example.com', 'login': {'uuid': '18d827a5-6f7c-471a-808b-81bacf96dd62', 'username': 'lazypanda595', 'password': '147852', 'salt': 'z8EXCgPI', 'md5': 'b7963792ae687ce248dbbd85dabd5ee3', 'sha1': '0c122aba6d54d026e717dcaee85d867ef9a9e742', 'sha256': 'ccbcc68feb05be82342f33a261984d7f92a56452028ecb56194f1f7101c603a7'}, 'dob': {'date': '1951-02-15T17:26:22.273Z', 'age': 73}, 'registered': {'date': '2016-05-20T21:14:56.259Z', 'age': 8}, 'phone': '01795 38831', 'cell': '07699 027347', 'id': {'name': 'NINO', 'value': 'ZZ 74 18 44 F'}, 'picture': {'large': 'https://randomuser.me/api/portraits/men/66.jpg', 'medium': 'https://randomuser.me/api/portraits/med/men/66.jpg', 'thumbnail': 'https://randomuser.me/api/portraits/thumb/men/66.jpg'}, 'nat': 'GB'}</msg>
<arg>${json_data['results'][0]}</arg>
<doc>Logs the given message with the given level.</doc>
<status status="PASS" start="2024-08-03T04:18:04.784880" elapsed="0.000405"/>
</kw>
<kw name="Log" owner="BuiltIn">
<msg time="2024-08-03T04:18:04.785741" level="INFO">login</msg>
<arg>${key}</arg>
<doc>Logs the given message with the given level.</doc>
<status status="PASS" start="2024-08-03T04:18:04.785577" elapsed="0.000202"/>
</kw>
<var name="${key}">login</var>
<status status="PASS" start="2024-08-03T04:18:04.784213" elapsed="0.001782"/>
</iter>
<var>${key}</var>
<value>@{expected_keys}</value>
<status status="PASS" start="2024-08-03T04:18:04.775998" elapsed="0.010119"/>
</for>
<kw name="Create List" owner="BuiltIn">
<msg time="2024-08-03T04:18:04.786440" level="INFO">${expected_keysTwo} = ['username', 'password']</msg>
<var>${expected_keysTwo}</var>
<arg>username</arg>
<arg>password</arg>
<doc>Returns a list containing given items.</doc>
<status status="PASS" start="2024-08-03T04:18:04.786304" elapsed="0.000187"/>
</kw>
<for flavor="IN">
<iter>
<kw name="Dictionary Should Contain Key" owner="Collections">
<arg>${json_data['results'][0]['login']}</arg>
<arg>${keyTwo}</arg>
<doc>Fails if ``key`` is not found from ``dictionary``.</doc>
<status status="PASS" start="2024-08-03T04:18:04.786998" elapsed="0.000379"/>
</kw>
<kw name="Dictionary Should Contain Key" owner="Collections">
<arg>${json_data['results'][0]['login']}</arg>
<arg>${keyTwo}</arg>
<doc>Fails if ``key`` is not found from ``dictionary``.</doc>
<status status="PASS" start="2024-08-03T04:18:04.787558" elapsed="0.000374"/>
</kw>
<kw name="Log" owner="BuiltIn">
<msg time="2024-08-03T04:18:04.788227" level="INFO">username</msg>
<arg>${keyTwo}</arg>
<doc>Logs the given message with the given level.</doc>
<status status="PASS" start="2024-08-03T04:18:04.788109" elapsed="0.000155"/>
</kw>
<var name="${keyTwo}">username</var>
<status status="PASS" start="2024-08-03T04:18:04.786890" elapsed="0.001593"/>
</iter>
<iter>
<kw name="Dictionary Should Contain Key" owner="Collections">
<arg>${json_data['results'][0]['login']}</arg>
<arg>${keyTwo}</arg>
<doc>Fails if ``key`` is not found from ``dictionary``.</doc>
<status status="PASS" start="2024-08-03T04:18:04.788768" elapsed="0.000374"/>
</kw>
<kw name="Dictionary Should Contain Key" owner="Collections">
<arg>${json_data['results'][0]['login']}</arg>
<arg>${keyTwo}</arg>
<doc>Fails if ``key`` is not found from ``dictionary``.</doc>
<status status="PASS" start="2024-08-03T04:18:04.789317" elapsed="0.000393"/>
</kw>
<kw name="Log" owner="BuiltIn">
<msg time="2024-08-03T04:18:04.790010" level="INFO">password</msg>
<arg>${keyTwo}</arg>
<doc>Logs the given message with the given level.</doc>
<status status="PASS" start="2024-08-03T04:18:04.789885" elapsed="0.000162"/>
</kw>
<var name="${keyTwo}">password</var>
<status status="PASS" start="2024-08-03T04:18:04.788656" elapsed="0.001609"/>
</iter>
<var>${keyTwo}</var>
<value>@{expected_keysTwo}</value>
<status status="PASS" start="2024-08-03T04:18:04.786738" elapsed="0.003647"/>
</for>
<status status="PASS" start="2024-08-03T04:18:04.675953" elapsed="0.114571"/>
</kw>
<doc>Testa a estrutura da resposta da API.</doc>
<tag>testeEstruturaResposta</tag>
<status status="PASS" start="2024-08-03T04:18:04.675369" elapsed="0.115312"/>
</test>
<test id="s1-s1-t4" name="Validar tipos de dados" line="28">
<kw name="Teste de Tipos de Dados" owner="random-user-service">
<kw name="GET On Session" owner="RequestsLibrary">
<msg time="2024-08-03T04:18:04.956127" level="INFO">GET Request : url=https://randomuser.me/api 
 path_url=/api 
 headers={'User-Agent': 'python-requests/2.32.3', 'Accept-Encoding': 'gzip, deflate', 'Accept': '*/*', 'Connection': 'keep-alive'} 
 body=None 
 </msg>
<msg time="2024-08-03T04:18:04.956224" level="INFO">GET Response : url=https://randomuser.me/api 
 status=200, reason=OK 
 headers={'Date': 'Sat, 03 Aug 2024 04:18:04 GMT', 'Content-Type': 'application/json; charset=utf-8', 'Transfer-Encoding': 'chunked', 'Connection': 'keep-alive', 'X-Powered-By': 'Express', 'Access-Control-Allow-Origin': '*', 'Cache-Control': 'no-cache', 'ETag': 'W/"494-VZvyKXvbSnp53TxQN1QfWSgqnvE"', 'Vary': 'Accept-Encoding', 'Content-Encoding': 'gzip', 'CF-Cache-Status': 'DYNAMIC', 'Report-To': '{"endpoints":[{"url":"https:\\/\\/a.nel.cloudflare.com\\/report\\/v4?s=FJF3M252MitLaKMA1YipMn%2BJKnpoJot0fPs2%2BBmIK4oKi8LWKx8mtvgayMwQ0AE7IhiN87vklVyqUNoYIMkgv7LUQkQFsLqmcXWCSzoksJRm4G0y756%2F1%2BlBlFU8f%2Bmx"}],"group":"cf-nel","max_age":604800}', 'NEL': '{"success_fraction":0,"report_to":"cf-nel","max_age":604800}', 'Server': 'cloudflare', 'CF-RAY': '8ad3806bfaf81586-SJC', 'alt-svc': 'h3=":443"; ma=86400'} 
 body={"results":[{"gender":"female","name":{"title":"Ms","first":"Nadja","last":"Topić"},"location":{"street":{"number":1147,"name":"Nikole Tesle"},"city":"Temerin","state":"South Banat","country":"Serbia","postcode":77620,"coordinates":{"latitude":"63.4604","longitude":"44.4989"},"timezone":{"offset":"-4:00","description":"Atlantic Time (Canada), Caracas, La Paz"}},"email":"nadja.topic@example.com","login":{"uuid":"9de419dc-c51c-44c1-a3d8-bf8610d112cf","username":"orangepanda950","password":"snapper","salt":"ueVrUf7n","md5":"b46440e53b33bc64244933fe6acb04ce","sha1":"0a6299fcc13e285ae6e57083be9fc19ae4c26291","sha256":"6b7f9e1f124efe7f9466ac71724cbfae3849b68af1051f87206d3c837065fe84"},"dob":{"date":"1973-06-05T09:07:09.017Z","age":51},"registered":{"date":"2010-08-08T14:51:34.492Z","age":13},"phone":"018-1017-924","cell":"060-4599-734","id":{"name":"SID","value":"723743656"},"picture":{"large":"https://randomuser.me/api/portraits/women/11.jpg","medium":"https://randomuser.me/api/portraits/med/women/11.jpg","thumbnail":"https://randomuser.me/api/portraits/thumb/women/11.jpg"},"nat":"RS"}],"info":{"seed":"e9c428c06e1c068c","results":1,"page":1,"version":"1.4"}} 
 </msg>
<msg time="2024-08-03T04:18:04.956298" level="INFO">/opt/hostedtoolcache/Python/3.12.4/x64/lib/python3.12/site-packages/urllib3/connectionpool.py:1099: InsecureRequestWarning: Unverified HTTPS request is being made to host 'randomuser.me'. Adding certificate verification is strongly advised. See: https://urllib3.readthedocs.io/en/latest/advanced-usage.html#tls-warnings
  warnings.warn(</msg>
<msg time="2024-08-03T04:18:04.956435" level="INFO">${response} = &lt;Response [200]&gt;</msg>
<var>${response}</var>
<arg>consultarAPI</arg>
<arg>/api</arg>
<doc>Sends a GET request on a previously created HTTP Session.</doc>
<status status="PASS" start="2024-08-03T04:18:04.793081" elapsed="0.163397"/>
</kw>
<kw name="Set Variable" owner="BuiltIn">
<msg time="2024-08-03T04:18:04.957561" level="INFO">${json_data} = {'results': [{'gender': 'female', 'name': {'title': 'Ms', 'first': 'Nadja', 'last': 'Topić'}, 'location': {'street': {'number': 1147, 'name': 'Nikole Tesle'}, 'city': 'Temerin', 'state': 'South Banat'...</msg>
<var>${json_data}</var>
<arg>${response.json()}</arg>
<doc>Returns the given values which can then be assigned to a variables.</doc>
<status status="PASS" start="2024-08-03T04:18:04.957021" elapsed="0.000570"/>
</kw>
<kw name="Log" owner="BuiltIn">
<msg time="2024-08-03T04:18:04.958119" level="INFO">{'results': [{'gender': 'female', 'name': {'title': 'Ms', 'first': 'Nadja', 'last': 'Topić'}, 'location': {'street': {'number': 1147, 'name': 'Nikole Tesle'}, 'city': 'Temerin', 'state': 'South Banat', 'country': 'Serbia', 'postcode': 77620, 'coordinates': {'latitude': '63.4604', 'longitude': '44.4989'}, 'timezone': {'offset': '-4:00', 'description': 'Atlantic Time (Canada), Caracas, La Paz'}}, 'email': 'nadja.topic@example.com', 'login': {'uuid': '9de419dc-c51c-44c1-a3d8-bf8610d112cf', 'username': 'orangepanda950', 'password': 'snapper', 'salt': 'ueVrUf7n', 'md5': 'b46440e53b33bc64244933fe6acb04ce', 'sha1': '0a6299fcc13e285ae6e57083be9fc19ae4c26291', 'sha256': '6b7f9e1f124efe7f9466ac71724cbfae3849b68af1051f87206d3c837065fe84'}, 'dob': {'date': '1973-06-05T09:07:09.017Z', 'age': 51}, 'registered': {'date': '2010-08-08T14:51:34.492Z', 'age': 13}, 'phone': '018-1017-924', 'cell': '060-4599-734', 'id': {'name': 'SID', 'value': '723743656'}, 'picture': {'large': 'https://randomuser.me/api/portraits/women/11.jpg', 'medium': 'https://randomuser.me/api/portraits/med/women/11.jpg', 'thumbnail': 'https://randomuser.me/api/portraits/thumb/women/11.jpg'}, 'nat': 'RS'}], 'info': {'seed': 'e9c428c06e1c068c', 'results': 1, 'page': 1, 'version': '1.4'}}</msg>
<arg>${json_data}</arg>
<doc>Logs the given message with the given level.</doc>
<status status="PASS" start="2024-08-03T04:18:04.957958" elapsed="0.000211"/>
</kw>
<kw name="Should Be String" owner="String">
<arg>${json_data['results'][0]['gender']}</arg>
<doc>Fails if the given ``item`` is not a string.</doc>
<status status="PASS" start="2024-08-03T04:18:04.958463" elapsed="0.000376"/>
</kw>
<kw name="Should Match Regexp" owner="BuiltIn">
<arg>${json_data['results'][0]['email']}</arg>
<arg>^[a-zA-Z0-9._%+-]+@[a-zA-Z0-9.-]+\.[a-zA-Z]{2,}$</arg>
<doc>Fails if ``string`` does not match ``pattern`` as a regular expression.</doc>
<status status="PASS" start="2024-08-03T04:18:04.959028" elapsed="0.000563"/>
</kw>
<kw name="Should Match Regexp" owner="BuiltIn">
<arg>${json_data['results'][0]['dob']['date']}</arg>
<arg>\\d{4}-\\d{2}-\\d{2}T\\d{2}:\\d{2}:\\d{2}\\.\\d{3}Z</arg>
<doc>Fails if ``string`` does not match ``pattern`` as a regular expression.</doc>
<status status="PASS" start="2024-08-03T04:18:04.959793" elapsed="0.000627"/>
</kw>
<kw name="Should Match Regexp" owner="BuiltIn">
<arg>${json_data['results'][0]['registered']['date']}</arg>
<arg>\\d{4}-\\d{2}-\\d{2}T\\d{2}:\\d{2}:\\d{2}\\.\\d{3}Z</arg>
<doc>Fails if ``string`` does not match ``pattern`` as a regular expression.</doc>
<status status="PASS" start="2024-08-03T04:18:04.960612" elapsed="0.000366"/>
</kw>
<kw name="Should Match Regexp" owner="BuiltIn">
<arg>${json_data['results'][0]['picture']['large']}</arg>
<arg>^https?://.*\.(?:png|jpe?g|gif|bmp)$</arg>
<doc>Fails if ``string`` does not match ``pattern`` as a regular expression.</doc>
<status status="PASS" start="2024-08-03T04:18:04.961163" elapsed="0.000454"/>
</kw>
<kw name="Should Match Regexp" owner="BuiltIn">
<arg>${json_data['results'][0]['picture']['medium']}</arg>
<arg>^https?://.*\.(?:png|jpe?g|gif|bmp)$</arg>
<doc>Fails if ``string`` does not match ``pattern`` as a regular expression.</doc>
<status status="PASS" start="2024-08-03T04:18:04.961832" elapsed="0.000354"/>
</kw>
<kw name="Should Match Regexp" owner="BuiltIn">
<arg>${json_data['results'][0]['picture']['thumbnail']}</arg>
<arg>^https?://.*\.(?:png|jpe?g|gif|bmp)$</arg>
<doc>Fails if ``string`` does not match ``pattern`` as a regular expression.</doc>
<status status="PASS" start="2024-08-03T04:18:04.962367" elapsed="0.000345"/>
</kw>
<kw name="Log" owner="BuiltIn">
<msg time="2024-08-03T04:18:04.963209" level="INFO">{'large': 'https://randomuser.me/api/portraits/women/11.jpg', 'medium': 'https://randomuser.me/api/portraits/med/women/11.jpg', 'thumbnail': 'https://randomuser.me/api/portraits/thumb/women/11.jpg'}</msg>
<arg>${json_data['results'][0]['picture']}</arg>
<doc>Logs the given message with the given level.</doc>
<status status="PASS" start="2024-08-03T04:18:04.962890" elapsed="0.000361"/>
</kw>
<status status="PASS" start="2024-08-03T04:18:04.792856" elapsed="0.170656"/>
</kw>
<kw name="Teste de Tipos de Dados - Postcode" owner="random-user-service">
<kw name="GET On Session" owner="RequestsLibrary">
<msg time="2024-08-03T04:18:05.201308" level="INFO">GET Request : url=https://randomuser.me/api 
 path_url=/api 
 headers={'User-Agent': 'python-requests/2.32.3', 'Accept-Encoding': 'gzip, deflate', 'Accept': '*/*', 'Connection': 'keep-alive'} 
 body=None 
 </msg>
<msg time="2024-08-03T04:18:05.201418" level="INFO">GET Response : url=https://randomuser.me/api 
 status=200, reason=OK 
 headers={'Date': 'Sat, 03 Aug 2024 04:18:05 GMT', 'Content-Type': 'application/json; charset=utf-8', 'Transfer-Encoding': 'chunked', 'Connection': 'keep-alive', 'X-Powered-By': 'Express', 'Access-Control-Allow-Origin': '*', 'Cache-Control': 'no-cache', 'ETag': 'W/"48c-f1U5n4Mqt1V2hlR7SRhfPoxZ5w0"', 'Vary': 'Accept-Encoding', 'Content-Encoding': 'gzip', 'CF-Cache-Status': 'DYNAMIC', 'Report-To': '{"endpoints":[{"url":"https:\\/\\/a.nel.cloudflare.com\\/report\\/v4?s=l0vB4u35pO2h8jhraF%2BnJRqeIXZ5ikVI8YGfPvtlAl50XsT8e0D8amE6wdCYNM7mU0tS9jKzjRZfpCWzZ2p3LA3YA9IbzYca0OpTHSwITM4SR0NZwwHa8KPs90GgD7mF"}],"group":"cf-nel","max_age":604800}', 'NEL': '{"success_fraction":0,"report_to":"cf-nel","max_age":604800}', 'Server': 'cloudflare', 'CF-RAY': '8ad3806d0bd31586-SJC', 'alt-svc': 'h3=":443"; ma=86400'} 
 body={"results":[{"gender":"male","name":{"title":"Mr","first":"Martin","last":"Barrett"},"location":{"street":{"number":9578,"name":"W Sherman Dr"},"city":"Launceston","state":"South Australia","country":"Australia","postcode":2823,"coordinates":{"latitude":"-88.3363","longitude":"-51.6064"},"timezone":{"offset":"+6:00","description":"Almaty, Dhaka, Colombo"}},"email":"martin.barrett@example.com","login":{"uuid":"a0cfe882-91f9-4b33-b0db-7f77ed7bc611","username":"ticklishpeacock531","password":"1975","salt":"Kf8MTmmT","md5":"4f489e7f7047c7f32a94f3553f8df02c","sha1":"3fcfc009e2f24bbf50e29889816d11b3b040cb7d","sha256":"c7e4791922cd2d3444b5d9106783365c7cb754ea3f4601e442353e64e00aea67"},"dob":{"date":"1997-11-16T14:53:10.776Z","age":26},"registered":{"date":"2011-06-18T04:52:54.374Z","age":13},"phone":"09-8477-3001","cell":"0475-661-147","id":{"name":"TFN","value":"415351181"},"picture":{"large":"https://randomuser.me/api/portraits/men/47.jpg","medium":"https://randomuser.me/api/portraits/med/men/47.jpg","thumbnail":"https://randomuser.me/api/portraits/thumb/men/47.jpg"},"nat":"AU"}],"info":{"seed":"6a20a9523b0154b7","results":1,"page":1,"version":"1.4"}} 
 </msg>
<msg time="2024-08-03T04:18:05.201499" level="INFO">/opt/hostedtoolcache/Python/3.12.4/x64/lib/python3.12/site-packages/urllib3/connectionpool.py:1099: InsecureRequestWarning: Unverified HTTPS request is being made to host 'randomuser.me'. Adding certificate verification is strongly advised. See: https://urllib3.readthedocs.io/en/latest/advanced-usage.html#tls-warnings
  warnings.warn(</msg>
<msg time="2024-08-03T04:18:05.201641" level="INFO">${response} = &lt;Response [200]&gt;</msg>
<var>${response}</var>
<arg>consultarAPI</arg>
<arg>/api</arg>
<doc>Sends a GET request on a previously created HTTP Session.</doc>
<status status="PASS" start="2024-08-03T04:18:04.963967" elapsed="0.237741"/>
</kw>
<kw name="Set Variable" owner="BuiltIn">
<msg time="2024-08-03T04:18:05.202748" level="INFO">${json_data} = {'results': [{'gender': 'male', 'name': {'title': 'Mr', 'first': 'Martin', 'last': 'Barrett'}, 'location': {'street': {'number': 9578, 'name': 'W Sherman Dr'}, 'city': 'Launceston', 'state': 'South Au...</msg>
<var>${json_data}</var>
<arg>${response.json()}</arg>
<doc>Returns the given values which can then be assigned to a variables.</doc>
<status status="PASS" start="2024-08-03T04:18:05.202232" elapsed="0.000559"/>
</kw>
<kw name="Log" owner="BuiltIn">
<msg time="2024-08-03T04:18:05.203296" level="INFO">{'results': [{'gender': 'male', 'name': {'title': 'Mr', 'first': 'Martin', 'last': 'Barrett'}, 'location': {'street': {'number': 9578, 'name': 'W Sherman Dr'}, 'city': 'Launceston', 'state': 'South Australia', 'country': 'Australia', 'postcode': 2823, 'coordinates': {'latitude': '-88.3363', 'longitude': '-51.6064'}, 'timezone': {'offset': '+6:00', 'description': 'Almaty, Dhaka, Colombo'}}, 'email': 'martin.barrett@example.com', 'login': {'uuid': 'a0cfe882-91f9-4b33-b0db-7f77ed7bc611', 'username': 'ticklishpeacock531', 'password': '1975', 'salt': 'Kf8MTmmT', 'md5': '4f489e7f7047c7f32a94f3553f8df02c', 'sha1': '3fcfc009e2f24bbf50e29889816d11b3b040cb7d', 'sha256': 'c7e4791922cd2d3444b5d9106783365c7cb754ea3f4601e442353e64e00aea67'}, 'dob': {'date': '1997-11-16T14:53:10.776Z', 'age': 26}, 'registered': {'date': '2011-06-18T04:52:54.374Z', 'age': 13}, 'phone': '09-8477-3001', 'cell': '0475-661-147', 'id': {'name': 'TFN', 'value': '415351181'}, 'picture': {'large': 'https://randomuser.me/api/portraits/men/47.jpg', 'medium': 'https://randomuser.me/api/portraits/med/men/47.jpg', 'thumbnail': 'https://randomuser.me/api/portraits/thumb/men/47.jpg'}, 'nat': 'AU'}], 'info': {'seed': '6a20a9523b0154b7', 'results': 1, 'page': 1, 'version': '1.4'}}</msg>
<arg>${json_data}</arg>
<doc>Logs the given message with the given level.</doc>
<status status="PASS" start="2024-08-03T04:18:05.203135" elapsed="0.000207"/>
</kw>
<kw name="Should Be Equal As Numbers" owner="BuiltIn">
<arg>${json_data['results'][0]['location']['postcode']}</arg>
<arg>${json_data['results'][0]['location']['postcode']}</arg>
<doc>Fails if objects are unequal after converting them to real numbers.</doc>
<status status="PASS" start="2024-08-03T04:18:05.203635" elapsed="0.000625"/>
</kw>
<kw name="Log" owner="BuiltIn">
<msg time="2024-08-03T04:18:05.204788" level="INFO">2823</msg>
<arg>${json_data['results'][0]['location']['postcode']}</arg>
<doc>Logs the given message with the given level.</doc>
<status status="PASS" start="2024-08-03T04:18:05.204453" elapsed="0.000419"/>
</kw>
<status status="PASS" start="2024-08-03T04:18:04.963738" elapsed="0.241418"/>
</kw>
<doc>Testa se os tipos de dados na resposta da API estão corretos.</doc>
<tag>testeTiposDados</tag>
<status status="PASS" start="2024-08-03T04:18:04.792415" elapsed="0.412919"/>
</test>
<test id="s1-s1-t5" name="Validar conteudo" line="35">
<kw name="Teste de Tipos de Conteudo" owner="random-user-service">
<kw name="GET On Session" owner="RequestsLibrary">
<msg time="2024-08-03T04:18:05.423801" level="INFO">GET Request : url=https://randomuser.me/api 
 path_url=/api 
 headers={'User-Agent': 'python-requests/2.32.3', 'Accept-Encoding': 'gzip, deflate', 'Accept': '*/*', 'Connection': 'keep-alive'} 
 body=None 
 </msg>
<msg time="2024-08-03T04:18:05.423913" level="INFO">GET Response : url=https://randomuser.me/api 
 status=200, reason=OK 
 headers={'Date': 'Sat, 03 Aug 2024 04:18:05 GMT', 'Content-Type': 'application/json; charset=utf-8', 'Transfer-Encoding': 'chunked', 'Connection': 'keep-alive', 'X-Powered-By': 'Express', 'Access-Control-Allow-Origin': '*', 'Cache-Control': 'no-cache', 'ETag': 'W/"4a7-XSQ6zSMvDSXZARZ518RyMcGZgII"', 'Vary': 'Accept-Encoding', 'Content-Encoding': 'gzip', 'CF-Cache-Status': 'DYNAMIC', 'Report-To': '{"endpoints":[{"url":"https:\\/\\/a.nel.cloudflare.com\\/report\\/v4?s=EcjESbc9s%2F1iEk5FjbTbvtZ5tJdRg7Fl37nNj0QJqnnjTHzR8aSLk6NF31KCYKCK92GAzrheG1nkcEGa4uAAwLOyuC%2FVaOBEEERdOkMK6ja6RR1VkCdiykIdZ41QMCBs"}],"group":"cf-nel","max_age":604800}', 'NEL': '{"success_fraction":0,"report_to":"cf-nel","max_age":604800}', 'Server': 'cloudflare', 'CF-RAY': '8ad3806e9d491586-SJC', 'alt-svc': 'h3=":443"; ma=86400'} 
 body={"results":[{"gender":"female","name":{"title":"Madame","first":"Michaela","last":"Bonnet"},"location":{"street":{"number":1860,"name":"Rue Dugas-Montbel"},"city":"Uerkheim","state":"Zürich","country":"Switzerland","postcode":5853,"coordinates":{"latitude":"-62.9540","longitude":"140.3759"},"timezone":{"offset":"+1:00","description":"Brussels, Copenhagen, Madrid, Paris"}},"email":"michaela.bonnet@example.com","login":{"uuid":"b1572def-dd5d-48d3-8778-37bd188483ad","username":"orangeduck540","password":"holland","salt":"3t1H2ndE","md5":"4f03055c8d3ed133f3b6b83c6f8db42f","sha1":"8e318a91374b4e79d57b9280a234959678db3c86","sha256":"7539a3a1f0e5e1c2a08755e349d98eff4a822c3a4f74535180420862768f5bce"},"dob":{"date":"1986-04-21T20:52:28.763Z","age":38},"registered":{"date":"2018-08-27T12:21:56.438Z","age":5},"phone":"076 526 84 78","cell":"078 545 95 02","id":{"name":"AVS","value":"756.7305.1329.16"},"picture":{"large":"https://randomuser.me/api/portraits/women/9.jpg","medium":"https://randomuser.me/api/portraits/med/women/9.jpg","thumbnail":"https://randomuser.me/api/portraits/thumb/women/9.jpg"},"nat":"CH"}],"info":{"seed":"d9f5d71f92ce06c2","results":1,"page":1,"version":"1.4"}} 
 </msg>
<msg time="2024-08-03T04:18:05.423996" level="INFO">/opt/hostedtoolcache/Python/3.12.4/x64/lib/python3.12/site-packages/urllib3/connectionpool.py:1099: InsecureRequestWarning: Unverified HTTPS request is being made to host 'randomuser.me'. Adding certificate verification is strongly advised. See: https://urllib3.readthedocs.io/en/latest/advanced-usage.html#tls-warnings
  warnings.warn(</msg>
<msg time="2024-08-03T04:18:05.424138" level="INFO">${response} = &lt;Response [200]&gt;</msg>
<var>${response}</var>
<arg>consultarAPI</arg>
<arg>/api</arg>
<doc>Sends a GET request on a previously created HTTP Session.</doc>
<status status="PASS" start="2024-08-03T04:18:05.208025" elapsed="0.216253"/>
</kw>
<kw name="Set Variable" owner="BuiltIn">
<msg time="2024-08-03T04:18:05.425372" level="INFO">${json_data} = {'results': [{'gender': 'female', 'name': {'title': 'Madame', 'first': 'Michaela', 'last': 'Bonnet'}, 'location': {'street': {'number': 1860, 'name': 'Rue Dugas-Montbel'}, 'city': 'Uerkheim', 'state':...</msg>
<var>${json_data}</var>
<arg>${response.json()}</arg>
<doc>Returns the given values which can then be assigned to a variables.</doc>
<status status="PASS" start="2024-08-03T04:18:05.424808" elapsed="0.000593"/>
</kw>
<kw name="Set Variable" owner="BuiltIn">
<msg time="2024-08-03T04:18:05.426154" level="INFO">${name_title} = Madame</msg>
<var>${name_title}</var>
<arg>${json_data["results"][0]["name"]["title"]}</arg>
<doc>Returns the given values which can then be assigned to a variables.</doc>
<status status="PASS" start="2024-08-03T04:18:05.425763" elapsed="0.000416"/>
</kw>
<kw name="Create List" owner="BuiltIn">
<msg time="2024-08-03T04:18:05.426631" level="INFO">${allowed_titles} = ['Mr', 'Ms', 'Miss', 'Mrs', 'Madame', 'Monsieur']</msg>
<var>${allowed_titles}</var>
<arg>Mr</arg>
<arg>Ms</arg>
<arg>Miss</arg>
<arg>Mrs</arg>
<arg>Madame</arg>
<arg>Monsieur</arg>
<doc>Returns a list containing given items.</doc>
<status status="PASS" start="2024-08-03T04:18:05.426480" elapsed="0.000175"/>
</kw>
<kw name="List Should Contain Value" owner="Collections">
<arg>${allowed_titles}</arg>
<arg>${name_title}</arg>
<doc>Fails if the ``value`` is not found from ``list``.</doc>
<status status="PASS" start="2024-08-03T04:18:05.426961" elapsed="0.000179"/>
</kw>
<kw name="Set Variable" owner="BuiltIn">
<msg time="2024-08-03T04:18:05.427710" level="INFO">${name_country} = CH</msg>
<var>${name_country}</var>
<arg>${json_data["results"][0]["nat"]}</arg>
<doc>Returns the given values which can then be assigned to a variables.</doc>
<status status="PASS" start="2024-08-03T04:18:05.427322" elapsed="0.000413"/>
</kw>
<kw name="Create List" owner="BuiltIn">
<msg time="2024-08-03T04:18:05.428631" level="INFO">${list_country} = ['AD', 'AE', 'AF', 'AG', 'AI', 'AL', 'AM', 'AO', 'AQ', 'AR', 'AS', 'AT', 'AU', 'AW', 'AX', 'AZ', 'BA', 'BB', 'BD', 'BE', 'BF', 'BG', 'BH', 'BI', 'BJ', 'BL', 'BM', 'BN', 'BO', 'BQ', 'BR', 'BS', 'BT', '...</msg>
<var>${list_country}</var>
<arg>AD</arg>
<arg>AE</arg>
<arg>AF</arg>
<arg>AG</arg>
<arg>AI</arg>
<arg>AL</arg>
<arg>AM</arg>
<arg>AO</arg>
<arg>AQ</arg>
<arg>AR</arg>
<arg>AS</arg>
<arg>AT</arg>
<arg>AU</arg>
<arg>AW</arg>
<arg>AX</arg>
<arg>AZ</arg>
<arg>BA</arg>
<arg>BB</arg>
<arg>BD</arg>
<arg>BE</arg>
<arg>BF</arg>
<arg>BG</arg>
<arg>BH</arg>
<arg>BI</arg>
<arg>BJ</arg>
<arg>BL</arg>
<arg>BM</arg>
<arg>BN</arg>
<arg>BO</arg>
<arg>BQ</arg>
<arg>BR</arg>
<arg>BS</arg>
<arg>BT</arg>
<arg>BV</arg>
<arg>BW</arg>
<arg>BY</arg>
<arg>BZ</arg>
<arg>CA</arg>
<arg>CC</arg>
<arg>CD</arg>
<arg>CF</arg>
<arg>CG</arg>
<arg>CH</arg>
<arg>CI</arg>
<arg>CK</arg>
<arg>CL</arg>
<arg>CM</arg>
<arg>CN</arg>
<arg>CO</arg>
<arg>CR</arg>
<arg>CU</arg>
<arg>CV</arg>
<arg>CW</arg>
<arg>CX</arg>
<arg>CY</arg>
<arg>CZ</arg>
<arg>DE</arg>
<arg>DJ</arg>
<arg>DK</arg>
<arg>DM</arg>
<arg>DO</arg>
<arg>DZ</arg>
<arg>EC</arg>
<arg>EE</arg>
<arg>EG</arg>
<arg>EH</arg>
<arg>ER</arg>
<arg>ES</arg>
<arg>ET</arg>
<arg>FI</arg>
<arg>FJ</arg>
<arg>FK</arg>
<arg>FM</arg>
<arg>FO</arg>
<arg>FR</arg>
<arg>GA</arg>
<arg>GB</arg>
<arg>GD</arg>
<arg>GE</arg>
<arg>GF</arg>
<arg>GG</arg>
<arg>GH</arg>
<arg>GI</arg>
<arg>GL</arg>
<arg>GM</arg>
<arg>GN</arg>
<arg>GP</arg>
<arg>GQ</arg>
<arg>GR</arg>
<arg>GS</arg>
<arg>GT</arg>
<arg>GU</arg>
<arg>GW</arg>
<arg>GY</arg>
<arg>HK</arg>
<arg>HM</arg>
<arg>HN</arg>
<arg>HR</arg>
<arg>HT</arg>
<arg>HU</arg>
<arg>ID</arg>
<arg>IE</arg>
<arg>IL</arg>
<arg>IM</arg>
<arg>IN</arg>
<arg>IO</arg>
<arg>IQ</arg>
<arg>IR</arg>
<arg>IS</arg>
<arg>IT</arg>
<arg>JE</arg>
<arg>JM</arg>
<arg>JO</arg>
<arg>JP</arg>
<arg>KE</arg>
<arg>KG</arg>
<arg>KH</arg>
<arg>KI</arg>
<arg>KM</arg>
<arg>KN</arg>
<arg>KP</arg>
<arg>KR</arg>
<arg>KW</arg>
<arg>KY</arg>
<arg>KZ</arg>
<arg>LA</arg>
<arg>LB</arg>
<arg>LC</arg>
<arg>LI</arg>
<arg>LK</arg>
<arg>LR</arg>
<arg>LS</arg>
<arg>LT</arg>
<arg>LU</arg>
<arg>LV</arg>
<arg>LY</arg>
<arg>MA</arg>
<arg>MC</arg>
<arg>MD</arg>
<arg>ME</arg>
<arg>MF</arg>
<arg>MG</arg>
<arg>MH</arg>
<arg>MK</arg>
<arg>ML</arg>
<arg>MM</arg>
<arg>MN</arg>
<arg>MO</arg>
<arg>MP</arg>
<arg>MQ</arg>
<arg>MR</arg>
<arg>MS</arg>
<arg>MT</arg>
<arg>MU</arg>
<arg>MV</arg>
<arg>MW</arg>
<arg>MX</arg>
<arg>MY</arg>
<arg>MZ</arg>
<arg>NA</arg>
<arg>NC</arg>
<arg>NE</arg>
<arg>NF</arg>
<arg>NG</arg>
<arg>NI</arg>
<arg>NL</arg>
<arg>NO</arg>
<arg>NP</arg>
<arg>NR</arg>
<arg>NU</arg>
<arg>NZ</arg>
<arg>OM</arg>
<arg>PA</arg>
<arg>PE</arg>
<arg>PF</arg>
<arg>PG</arg>
<arg>PH</arg>
<arg>PK</arg>
<arg>PL</arg>
<arg>PM</arg>
<arg>PN</arg>
<arg>PR</arg>
<arg>PS</arg>
<arg>PT</arg>
<arg>PW</arg>
<arg>PY</arg>
<arg>QA</arg>
<arg>RE</arg>
<arg>RO</arg>
<arg>RS</arg>
<arg>RU</arg>
<arg>RW</arg>
<arg>SA</arg>
<arg>SB</arg>
<arg>SC</arg>
<arg>SD</arg>
<arg>SE</arg>
<arg>SG</arg>
<arg>SH</arg>
<arg>SI</arg>
<arg>SJ</arg>
<arg>SK</arg>
<arg>SL</arg>
<arg>SM</arg>
<arg>SN</arg>
<arg>SO</arg>
<arg>SR</arg>
<arg>SS</arg>
<arg>ST</arg>
<arg>SV</arg>
<arg>SX</arg>
<arg>SY</arg>
<arg>SZ</arg>
<arg>TC</arg>
<arg>TD</arg>
<arg>TF</arg>
<arg>TG</arg>
<arg>TH</arg>
<arg>TJ</arg>
<arg>TK</arg>
<arg>TL</arg>
<arg>TM</arg>
<arg>TN</arg>
<arg>TO</arg>
<arg>TR</arg>
<arg>TT</arg>
<arg>TV</arg>
<arg>TW</arg>
<arg>TZ</arg>
<arg>UA</arg>
<arg>UG</arg>
<arg>UM</arg>
<arg>US</arg>
<arg>UY</arg>
<arg>UZ</arg>
<arg>VA</arg>
<arg>VC</arg>
<arg>VE</arg>
<arg>VG</arg>
<arg>VI</arg>
<arg>VN</arg>
<arg>VU</arg>
<arg>WF</arg>
<arg>WS</arg>
<arg>XK</arg>
<arg>YE</arg>
<arg>YT</arg>
<arg>ZA</arg>
<arg>ZM</arg>
<arg>ZW</arg>
<doc>Returns a list containing given items.</doc>
<status status="PASS" start="2024-08-03T04:18:05.428024" elapsed="0.000648"/>
</kw>
<kw name="List Should Contain Value" owner="Collections">
<arg>${list_country}</arg>
<arg>${name_country}</arg>
<doc>Fails if the ``value`` is not found from ``list``.</doc>
<status status="PASS" start="2024-08-03T04:18:05.429678" elapsed="0.000221"/>
</kw>
<kw name="Run Keyword If" owner="BuiltIn">
<kw name="Should Be True" owner="BuiltIn">
<arg>${True}</arg>
<doc>Fails if the given condition is not true.</doc>
<status status="PASS" start="2024-08-03T04:18:05.430874" elapsed="0.000148"/>
</kw>
<arg>${json_data["results"][0]["location"]["coordinates"]["latitude"]} &gt;= -90 and ${json_data["results"][0]["location"]["coordinates"]["latitude"]} &lt;= 90</arg>
<arg>Should Be True</arg>
<arg>${True}</arg>
<doc>Runs the given keyword with the given arguments, if ``condition`` is true.</doc>
<status status="PASS" start="2024-08-03T04:18:05.430099" elapsed="0.001054"/>
</kw>
<kw name="Run Keyword If" owner="BuiltIn">
<kw name="Should Be True" owner="BuiltIn">
<arg>${True}</arg>
<doc>Fails if the given condition is not true.</doc>
<status status="PASS" start="2024-08-03T04:18:05.432034" elapsed="0.000135"/>
</kw>
<arg>${json_data["results"][0]["location"]["coordinates"]["longitude"]} &gt;= -180 and ${json_data["results"][0]["location"]["coordinates"]["longitude"]} &lt;= 180</arg>
<arg>Should Be True</arg>
<arg>${True}</arg>
<doc>Runs the given keyword with the given arguments, if ``condition`` is true.</doc>
<status status="PASS" start="2024-08-03T04:18:05.431337" elapsed="0.000954"/>
</kw>
<status status="PASS" start="2024-08-03T04:18:05.207774" elapsed="0.224650"/>
</kw>
<doc>Testa o conteúdo específico dos campos retornados pela API.</doc>
<tag>testeConteudo</tag>
<status status="PASS" start="2024-08-03T04:18:05.207180" elapsed="0.225397"/>
</test>
<status status="PASS" start="2024-08-03T04:18:04.110596" elapsed="1.324110"/>
</suite>
<status status="PASS" start="2024-08-03T04:18:04.095943" elapsed="1.343903"/>
</suite>
<statistics>
<total>
<stat pass="5" fail="0" skip="0">All Tests</stat>
</total>
<tag>
<stat pass="1" fail="0" skip="0">testeConteudo</stat>
<stat pass="1" fail="0" skip="0">testeEstruturaResposta</stat>
<stat pass="1" fail="0" skip="0">testeRequisicaoBasica</stat>
<stat pass="1" fail="0" skip="0">testeTiposDados</stat>
</tag>
<suite>
<stat pass="5" fail="0" skip="0" id="s1" name="Tests">Tests</stat>
<stat pass="5" fail="0" skip="0" id="s1-s1" name="Random-User-Test">Tests.Random-User-Test</stat>
</suite>
</statistics>
<errors>
</errors>
</robot>
