<?xml version="1.0" encoding="UTF-8"?>
<robot generator="Robot 7.0.1 (Python 3.12.4 on linux)" generated="2024-08-03T22:13:39.207004" rpa="false" schemaversion="5">
<suite id="s1" name="Tests" source="/home/runner/work/ApiRandomUser/ApiRandomUser/RamdonUser/tests">
<suite id="s1-s1" name="Random-User-Test" source="/home/runner/work/ApiRandomUser/ApiRandomUser/RamdonUser/tests/random-user-test.robot">
<test id="s1-s1-t1" name="Conectar" line="13">
<kw name="Conectar API" owner="random-user-service">
<kw name="Create Session" owner="RequestsLibrary">
<msg time="2024-08-03T22:13:39.612544" level="INFO">Creating Session using : alias=consultarAPI, url=https://randomuser.me/, headers={},                     cookies={}, auth=None, timeout=None, proxies=None, verify=False,                     debug=0 </msg>
<arg>consultarAPI</arg>
<arg>${URL}</arg>
<doc>Create Session: create a HTTP session to a server</doc>
<status status="PASS" start="2024-08-03T22:13:39.612345" elapsed="0.000400"/>
</kw>
<status status="PASS" start="2024-08-03T22:13:39.611357" elapsed="0.001794"/>
</kw>
<status status="PASS" start="2024-08-03T22:13:39.610753" elapsed="0.002600"/>
</test>
<test id="s1-s1-t2" name="Validar retorno 200 e JSON Válido" line="16">
<kw name="Teste de Requisicao Basica" owner="random-user-service">
<kw name="GET On Session" owner="RequestsLibrary">
<msg time="2024-08-03T22:13:39.690502" level="INFO">GET Request : url=https://randomuser.me/api 
 path_url=/api 
 headers={'User-Agent': 'python-requests/2.32.3', 'Accept-Encoding': 'gzip, deflate', 'Accept': '*/*', 'Connection': 'keep-alive'} 
 body=None 
 </msg>
<msg time="2024-08-03T22:13:39.690650" level="INFO">GET Response : url=https://randomuser.me/api 
 status=200, reason=OK 
 headers={'Date': 'Sat, 03 Aug 2024 22:13:39 GMT', 'Content-Type': 'application/json; charset=utf-8', 'Transfer-Encoding': 'chunked', 'Connection': 'keep-alive', 'X-Powered-By': 'Express', 'Access-Control-Allow-Origin': '*', 'Cache-Control': 'no-cache', 'ETag': 'W/"499-uqXRpXX0k1GjmfJmiQJIwYsGx8A"', 'Vary': 'Accept-Encoding', 'Content-Encoding': 'gzip', 'CF-Cache-Status': 'DYNAMIC', 'Report-To': '{"endpoints":[{"url":"https:\\/\\/a.nel.cloudflare.com\\/report\\/v4?s=EurG7WNMRTE2q6HnetraOAQUZWldycrrtY%2B3oNk%2BrRuuKS8x88jlS2F5fwO6Uo8orkU8lup324cOiLtsqHuorN8n2i8DZvX4RYMnTGTz4speREn%2BRzlCIcBHYIYyuZjw"}],"group":"cf-nel","max_age":604800}', 'NEL': '{"success_fraction":0,"report_to":"cf-nel","max_age":604800}', 'Server': 'cloudflare', 'CF-RAY': '8ad9a7fac9bb2ac2-ORD', 'alt-svc': 'h3=":443"; ma=86400'} 
 body={"results":[{"gender":"female","name":{"title":"Mrs","first":"Maya","last":"Barnaby"},"location":{"street":{"number":5357,"name":"Stanley Way"},"city":"Oakville","state":"New Brunswick","country":"Canada","postcode":"D1N 9X8","coordinates":{"latitude":"-68.7018","longitude":"42.6800"},"timezone":{"offset":"-3:00","description":"Brazil, Buenos Aires, Georgetown"}},"email":"maya.barnaby@example.com","login":{"uuid":"c1958da4-96b4-4427-bca0-a39f8a79cef8","username":"beautifulostrich291","password":"payton","salt":"zRtpkE8X","md5":"9748dd4d7fefcca90e5c72140dba2aa7","sha1":"21ed12f011967f0f979b641edaae0ff27b69f1ee","sha256":"4ce9403ad19b8a0738666829782b5bd0d8021eda2b8c804df8a385e435b5e6e4"},"dob":{"date":"1979-04-21T03:31:31.875Z","age":45},"registered":{"date":"2021-12-07T03:51:21.376Z","age":2},"phone":"Q46 U99-5946","cell":"S82 T08-3164","id":{"name":"SIN","value":"251350146"},"picture":{"large":"https://randomuser.me/api/portraits/women/48.jpg","medium":"https://randomuser.me/api/portraits/med/women/48.jpg","thumbnail":"https://randomuser.me/api/portraits/thumb/women/48.jpg"},"nat":"CA"}],"info":{"seed":"4291e1c58b90a4a9","results":1,"page":1,"version":"1.4"}} 
 </msg>
<msg time="2024-08-03T22:13:39.690730" level="INFO">/opt/hostedtoolcache/Python/3.12.4/x64/lib/python3.12/site-packages/urllib3/connectionpool.py:1099: InsecureRequestWarning: Unverified HTTPS request is being made to host 'randomuser.me'. Adding certificate verification is strongly advised. See: https://urllib3.readthedocs.io/en/latest/advanced-usage.html#tls-warnings
  warnings.warn(</msg>
<msg time="2024-08-03T22:13:39.690879" level="INFO">${response} = &lt;Response [200]&gt;</msg>
<var>${response}</var>
<arg>consultarAPI</arg>
<arg>/api</arg>
<doc>Sends a GET request on a previously created HTTP Session.</doc>
<status status="PASS" start="2024-08-03T22:13:39.615964" elapsed="0.074958"/>
</kw>
<kw name="Should Be Equal As Numbers" owner="BuiltIn">
<msg time="2024-08-03T22:13:39.692053" level="INFO">Argument types are:
&lt;class 'int'&gt;
&lt;class 'str'&gt;</msg>
<arg>${response.status_code}</arg>
<arg>200</arg>
<doc>Fails if objects are unequal after converting them to real numbers.</doc>
<status status="PASS" start="2024-08-03T22:13:39.691541" elapsed="0.000578"/>
</kw>
<kw name="Log" owner="BuiltIn">
<msg time="2024-08-03T22:13:39.692788" level="INFO">200</msg>
<arg>${response.status_code}</arg>
<doc>Logs the given message with the given level.</doc>
<status status="PASS" start="2024-08-03T22:13:39.692439" elapsed="0.000391"/>
</kw>
<kw name="Set Variable" owner="BuiltIn">
<msg time="2024-08-03T22:13:39.693627" level="INFO">${json_data} = {'results': [{'gender': 'female', 'name': {'title': 'Mrs', 'first': 'Maya', 'last': 'Barnaby'}, 'location': {'street': {'number': 5357, 'name': 'Stanley Way'}, 'city': 'Oakville', 'state': 'New Brunsw...</msg>
<var>${json_data}</var>
<arg>${response.json()}</arg>
<doc>Returns the given values which can then be assigned to a variables.</doc>
<status status="PASS" start="2024-08-03T22:13:39.693184" elapsed="0.000471"/>
</kw>
<kw name="Dictionary Should Contain Key" owner="Collections">
<arg>${json_data}</arg>
<arg>results</arg>
<doc>Fails if ``key`` is not found from ``dictionary``.</doc>
<status status="PASS" start="2024-08-03T22:13:39.693962" elapsed="0.000173"/>
</kw>
<status status="PASS" start="2024-08-03T22:13:39.615715" elapsed="0.078574"/>
</kw>
<doc>Testa se a API responde corretamente e retorna um objeto JSON válido.</doc>
<tag>testeRequisicaoBasica</tag>
<status status="PASS" start="2024-08-03T22:13:39.615217" elapsed="0.079254"/>
</test>
<test id="s1-s1-t3" name="Validar estrutura de resposta" line="22">
<kw name="Teste de Estrutura de Resposta" owner="random-user-service">
<kw name="GET On Session" owner="RequestsLibrary">
<msg time="2024-08-03T22:13:39.794209" level="INFO">GET Request : url=https://randomuser.me/api 
 path_url=/api 
 headers={'User-Agent': 'python-requests/2.32.3', 'Accept-Encoding': 'gzip, deflate', 'Accept': '*/*', 'Connection': 'keep-alive'} 
 body=None 
 </msg>
<msg time="2024-08-03T22:13:39.794304" level="INFO">GET Response : url=https://randomuser.me/api 
 status=200, reason=OK 
 headers={'Date': 'Sat, 03 Aug 2024 22:13:39 GMT', 'Content-Type': 'application/json; charset=utf-8', 'Transfer-Encoding': 'chunked', 'Connection': 'keep-alive', 'X-Powered-By': 'Express', 'Access-Control-Allow-Origin': '*', 'Cache-Control': 'no-cache', 'ETag': 'W/"4a3-1FsC0Iu1wa4lKrpgPJAuRXGCJoA"', 'Vary': 'Accept-Encoding', 'Content-Encoding': 'gzip', 'CF-Cache-Status': 'DYNAMIC', 'Report-To': '{"endpoints":[{"url":"https:\\/\\/a.nel.cloudflare.com\\/report\\/v4?s=%2BJ%2BtY4KY3BfCX1AXjW39wPhtPq2ChwUlN%2BZdBqqMr%2F6VbvT%2B12ybKyYKkElYaPhsX9Qayk7lFxeveRBgRPUAajZeCHqi4a2XJh5QETLKNYVIdWs%2BEcrZAkgbJzS8vY25"}],"group":"cf-nel","max_age":604800}', 'NEL': '{"success_fraction":0,"report_to":"cf-nel","max_age":604800}', 'Server': 'cloudflare', 'CF-RAY': '8ad9a7fb19ed2ac2-ORD', 'alt-svc': 'h3=":443"; ma=86400'} 
 body={"results":[{"gender":"female","name":{"title":"Madame","first":"Élise","last":"Martin"},"location":{"street":{"number":686,"name":"Rue de la Gare"},"city":"Fresens","state":"Genève","country":"Switzerland","postcode":7033,"coordinates":{"latitude":"-63.2524","longitude":"158.8646"},"timezone":{"offset":"+9:00","description":"Tokyo, Seoul, Osaka, Sapporo, Yakutsk"}},"email":"elise.martin@example.com","login":{"uuid":"4a3e1a44-0190-4273-9b54-cb462ca8f448","username":"crazyrabbit739","password":"filthy","salt":"hLbiBlYR","md5":"44c5596ae64f914fb2d3f7bb13c7a158","sha1":"283d34da53d1c239889cbc63f35c4d13b7d7c7f8","sha256":"e94200c90b25e53379bc64b345cb74638645ab3568d2d2aca411b1ae6a9baa4f"},"dob":{"date":"1960-08-28T17:37:26.183Z","age":63},"registered":{"date":"2010-11-21T18:37:39.964Z","age":13},"phone":"077 922 53 67","cell":"078 198 74 48","id":{"name":"AVS","value":"756.6764.8667.48"},"picture":{"large":"https://randomuser.me/api/portraits/women/16.jpg","medium":"https://randomuser.me/api/portraits/med/women/16.jpg","thumbnail":"https://randomuser.me/api/portraits/thumb/women/16.jpg"},"nat":"CH"}],"info":{"seed":"6307e22be3056b69","results":1,"page":1,"version":"1.4"}} 
 </msg>
<msg time="2024-08-03T22:13:39.794430" level="INFO">/opt/hostedtoolcache/Python/3.12.4/x64/lib/python3.12/site-packages/urllib3/connectionpool.py:1099: InsecureRequestWarning: Unverified HTTPS request is being made to host 'randomuser.me'. Adding certificate verification is strongly advised. See: https://urllib3.readthedocs.io/en/latest/advanced-usage.html#tls-warnings
  warnings.warn(</msg>
<msg time="2024-08-03T22:13:39.794549" level="INFO">${response} = &lt;Response [200]&gt;</msg>
<var>${response}</var>
<arg>consultarAPI</arg>
<arg>/api</arg>
<doc>Sends a GET request on a previously created HTTP Session.</doc>
<status status="PASS" start="2024-08-03T22:13:39.697082" elapsed="0.097512"/>
</kw>
<kw name="Set Variable" owner="BuiltIn">
<msg time="2024-08-03T22:13:39.795646" level="INFO">${json_data} = {'results': [{'gender': 'female', 'name': {'title': 'Madame', 'first': 'Élise', 'last': 'Martin'}, 'location': {'street': {'number': 686, 'name': 'Rue de la Gare'}, 'city': 'Fresens', 'state': 'Genève...</msg>
<var>${json_data}</var>
<arg>${response.json()}</arg>
<doc>Returns the given values which can then be assigned to a variables.</doc>
<status status="PASS" start="2024-08-03T22:13:39.795125" elapsed="0.000552"/>
</kw>
<kw name="Log" owner="BuiltIn">
<msg time="2024-08-03T22:13:39.796156" level="INFO">{'results': [{'gender': 'female', 'name': {'title': 'Madame', 'first': 'Élise', 'last': 'Martin'}, 'location': {'street': {'number': 686, 'name': 'Rue de la Gare'}, 'city': 'Fresens', 'state': 'Genève', 'country': 'Switzerland', 'postcode': 7033, 'coordinates': {'latitude': '-63.2524', 'longitude': '158.8646'}, 'timezone': {'offset': '+9:00', 'description': 'Tokyo, Seoul, Osaka, Sapporo, Yakutsk'}}, 'email': 'elise.martin@example.com', 'login': {'uuid': '4a3e1a44-0190-4273-9b54-cb462ca8f448', 'username': 'crazyrabbit739', 'password': 'filthy', 'salt': 'hLbiBlYR', 'md5': '44c5596ae64f914fb2d3f7bb13c7a158', 'sha1': '283d34da53d1c239889cbc63f35c4d13b7d7c7f8', 'sha256': 'e94200c90b25e53379bc64b345cb74638645ab3568d2d2aca411b1ae6a9baa4f'}, 'dob': {'date': '1960-08-28T17:37:26.183Z', 'age': 63}, 'registered': {'date': '2010-11-21T18:37:39.964Z', 'age': 13}, 'phone': '077 922 53 67', 'cell': '078 198 74 48', 'id': {'name': 'AVS', 'value': '756.6764.8667.48'}, 'picture': {'large': 'https://randomuser.me/api/portraits/women/16.jpg', 'medium': 'https://randomuser.me/api/portraits/med/women/16.jpg', 'thumbnail': 'https://randomuser.me/api/portraits/thumb/women/16.jpg'}, 'nat': 'CH'}], 'info': {'seed': '6307e22be3056b69', 'results': 1, 'page': 1, 'version': '1.4'}}</msg>
<arg>${json_data}</arg>
<doc>Logs the given message with the given level.</doc>
<status status="PASS" start="2024-08-03T22:13:39.795988" elapsed="0.000219"/>
</kw>
<kw name="Dictionary Should Contain Key" owner="Collections">
<arg>${json_data}</arg>
<arg>results</arg>
<doc>Fails if ``key`` is not found from ``dictionary``.</doc>
<status status="PASS" start="2024-08-03T22:13:39.796508" elapsed="0.000168"/>
</kw>
<kw name="Should Not Be Empty" owner="BuiltIn">
<msg time="2024-08-03T22:13:39.797038" level="INFO">Length is 2.</msg>
<arg>${json_data}</arg>
<doc>Verifies that the given item is not empty.</doc>
<status status="PASS" start="2024-08-03T22:13:39.796866" elapsed="0.000224"/>
</kw>
<kw name="Create List" owner="BuiltIn">
<msg time="2024-08-03T22:13:39.797705" level="INFO">${expected_keys} = ['gender', 'name', 'location', 'email', 'login']</msg>
<var>${expected_keys}</var>
<arg>gender</arg>
<arg>name</arg>
<arg>location</arg>
<arg>email</arg>
<arg>login</arg>
<doc>Returns a list containing given items.</doc>
<status status="PASS" start="2024-08-03T22:13:39.797389" elapsed="0.000341"/>
</kw>
<for flavor="IN">
<iter>
<kw name="Dictionary Should Contain Key" owner="Collections">
<arg>${json_data['results'][0]}</arg>
<arg>${key}</arg>
<doc>Fails if ``key`` is not found from ``dictionary``.</doc>
<status status="PASS" start="2024-08-03T22:13:39.798327" elapsed="0.000413"/>
</kw>
<kw name="Log" owner="BuiltIn">
<msg time="2024-08-03T22:13:39.799295" level="INFO">{'gender': 'female', 'name': {'title': 'Madame', 'first': 'Élise', 'last': 'Martin'}, 'location': {'street': {'number': 686, 'name': 'Rue de la Gare'}, 'city': 'Fresens', 'state': 'Genève', 'country': 'Switzerland', 'postcode': 7033, 'coordinates': {'latitude': '-63.2524', 'longitude': '158.8646'}, 'timezone': {'offset': '+9:00', 'description': 'Tokyo, Seoul, Osaka, Sapporo, Yakutsk'}}, 'email': 'elise.martin@example.com', 'login': {'uuid': '4a3e1a44-0190-4273-9b54-cb462ca8f448', 'username': 'crazyrabbit739', 'password': 'filthy', 'salt': 'hLbiBlYR', 'md5': '44c5596ae64f914fb2d3f7bb13c7a158', 'sha1': '283d34da53d1c239889cbc63f35c4d13b7d7c7f8', 'sha256': 'e94200c90b25e53379bc64b345cb74638645ab3568d2d2aca411b1ae6a9baa4f'}, 'dob': {'date': '1960-08-28T17:37:26.183Z', 'age': 63}, 'registered': {'date': '2010-11-21T18:37:39.964Z', 'age': 13}, 'phone': '077 922 53 67', 'cell': '078 198 74 48', 'id': {'name': 'AVS', 'value': '756.6764.8667.48'}, 'picture': {'large': 'https://randomuser.me/api/portraits/women/16.jpg', 'medium': 'https://randomuser.me/api/portraits/med/women/16.jpg', 'thumbnail': 'https://randomuser.me/api/portraits/thumb/women/16.jpg'}, 'nat': 'CH'}</msg>
<arg>${json_data['results'][0]}</arg>
<doc>Logs the given message with the given level.</doc>
<status status="PASS" start="2024-08-03T22:13:39.798934" elapsed="0.000414"/>
</kw>
<kw name="Log" owner="BuiltIn">
<msg time="2024-08-03T22:13:39.799787" level="INFO">gender</msg>
<arg>${key}</arg>
<doc>Logs the given message with the given level.</doc>
<status status="PASS" start="2024-08-03T22:13:39.799658" elapsed="0.000168"/>
</kw>
<var name="${key}">gender</var>
<status status="PASS" start="2024-08-03T22:13:39.798195" elapsed="0.001857"/>
</iter>
<iter>
<kw name="Dictionary Should Contain Key" owner="Collections">
<arg>${json_data['results'][0]}</arg>
<arg>${key}</arg>
<doc>Fails if ``key`` is not found from ``dictionary``.</doc>
<status status="PASS" start="2024-08-03T22:13:39.800353" elapsed="0.000399"/>
</kw>
<kw name="Log" owner="BuiltIn">
<msg time="2024-08-03T22:13:39.801356" level="INFO">{'gender': 'female', 'name': {'title': 'Madame', 'first': 'Élise', 'last': 'Martin'}, 'location': {'street': {'number': 686, 'name': 'Rue de la Gare'}, 'city': 'Fresens', 'state': 'Genève', 'country': 'Switzerland', 'postcode': 7033, 'coordinates': {'latitude': '-63.2524', 'longitude': '158.8646'}, 'timezone': {'offset': '+9:00', 'description': 'Tokyo, Seoul, Osaka, Sapporo, Yakutsk'}}, 'email': 'elise.martin@example.com', 'login': {'uuid': '4a3e1a44-0190-4273-9b54-cb462ca8f448', 'username': 'crazyrabbit739', 'password': 'filthy', 'salt': 'hLbiBlYR', 'md5': '44c5596ae64f914fb2d3f7bb13c7a158', 'sha1': '283d34da53d1c239889cbc63f35c4d13b7d7c7f8', 'sha256': 'e94200c90b25e53379bc64b345cb74638645ab3568d2d2aca411b1ae6a9baa4f'}, 'dob': {'date': '1960-08-28T17:37:26.183Z', 'age': 63}, 'registered': {'date': '2010-11-21T18:37:39.964Z', 'age': 13}, 'phone': '077 922 53 67', 'cell': '078 198 74 48', 'id': {'name': 'AVS', 'value': '756.6764.8667.48'}, 'picture': {'large': 'https://randomuser.me/api/portraits/women/16.jpg', 'medium': 'https://randomuser.me/api/portraits/med/women/16.jpg', 'thumbnail': 'https://randomuser.me/api/portraits/thumb/women/16.jpg'}, 'nat': 'CH'}</msg>
<arg>${json_data['results'][0]}</arg>
<doc>Logs the given message with the given level.</doc>
<status status="PASS" start="2024-08-03T22:13:39.800933" elapsed="0.000473"/>
</kw>
<kw name="Log" owner="BuiltIn">
<msg time="2024-08-03T22:13:39.801840" level="INFO">name</msg>
<arg>${key}</arg>
<doc>Logs the given message with the given level.</doc>
<status status="PASS" start="2024-08-03T22:13:39.801710" elapsed="0.000168"/>
</kw>
<var name="${key}">name</var>
<status status="PASS" start="2024-08-03T22:13:39.800241" elapsed="0.001859"/>
</iter>
<iter>
<kw name="Dictionary Should Contain Key" owner="Collections">
<arg>${json_data['results'][0]}</arg>
<arg>${key}</arg>
<doc>Fails if ``key`` is not found from ``dictionary``.</doc>
<status status="PASS" start="2024-08-03T22:13:39.802391" elapsed="0.000389"/>
</kw>
<kw name="Log" owner="BuiltIn">
<msg time="2024-08-03T22:13:39.803322" level="INFO">{'gender': 'female', 'name': {'title': 'Madame', 'first': 'Élise', 'last': 'Martin'}, 'location': {'street': {'number': 686, 'name': 'Rue de la Gare'}, 'city': 'Fresens', 'state': 'Genève', 'country': 'Switzerland', 'postcode': 7033, 'coordinates': {'latitude': '-63.2524', 'longitude': '158.8646'}, 'timezone': {'offset': '+9:00', 'description': 'Tokyo, Seoul, Osaka, Sapporo, Yakutsk'}}, 'email': 'elise.martin@example.com', 'login': {'uuid': '4a3e1a44-0190-4273-9b54-cb462ca8f448', 'username': 'crazyrabbit739', 'password': 'filthy', 'salt': 'hLbiBlYR', 'md5': '44c5596ae64f914fb2d3f7bb13c7a158', 'sha1': '283d34da53d1c239889cbc63f35c4d13b7d7c7f8', 'sha256': 'e94200c90b25e53379bc64b345cb74638645ab3568d2d2aca411b1ae6a9baa4f'}, 'dob': {'date': '1960-08-28T17:37:26.183Z', 'age': 63}, 'registered': {'date': '2010-11-21T18:37:39.964Z', 'age': 13}, 'phone': '077 922 53 67', 'cell': '078 198 74 48', 'id': {'name': 'AVS', 'value': '756.6764.8667.48'}, 'picture': {'large': 'https://randomuser.me/api/portraits/women/16.jpg', 'medium': 'https://randomuser.me/api/portraits/med/women/16.jpg', 'thumbnail': 'https://randomuser.me/api/portraits/thumb/women/16.jpg'}, 'nat': 'CH'}</msg>
<arg>${json_data['results'][0]}</arg>
<doc>Logs the given message with the given level.</doc>
<status status="PASS" start="2024-08-03T22:13:39.802963" elapsed="0.000409"/>
</kw>
<kw name="Log" owner="BuiltIn">
<msg time="2024-08-03T22:13:39.803798" level="INFO">location</msg>
<arg>${key}</arg>
<doc>Logs the given message with the given level.</doc>
<status status="PASS" start="2024-08-03T22:13:39.803670" elapsed="0.000165"/>
</kw>
<var name="${key}">location</var>
<status status="PASS" start="2024-08-03T22:13:39.802283" elapsed="0.001781"/>
</iter>
<iter>
<kw name="Dictionary Should Contain Key" owner="Collections">
<arg>${json_data['results'][0]}</arg>
<arg>${key}</arg>
<doc>Fails if ``key`` is not found from ``dictionary``.</doc>
<status status="PASS" start="2024-08-03T22:13:39.804344" elapsed="0.000391"/>
</kw>
<kw name="Log" owner="BuiltIn">
<msg time="2024-08-03T22:13:39.805319" level="INFO">{'gender': 'female', 'name': {'title': 'Madame', 'first': 'Élise', 'last': 'Martin'}, 'location': {'street': {'number': 686, 'name': 'Rue de la Gare'}, 'city': 'Fresens', 'state': 'Genève', 'country': 'Switzerland', 'postcode': 7033, 'coordinates': {'latitude': '-63.2524', 'longitude': '158.8646'}, 'timezone': {'offset': '+9:00', 'description': 'Tokyo, Seoul, Osaka, Sapporo, Yakutsk'}}, 'email': 'elise.martin@example.com', 'login': {'uuid': '4a3e1a44-0190-4273-9b54-cb462ca8f448', 'username': 'crazyrabbit739', 'password': 'filthy', 'salt': 'hLbiBlYR', 'md5': '44c5596ae64f914fb2d3f7bb13c7a158', 'sha1': '283d34da53d1c239889cbc63f35c4d13b7d7c7f8', 'sha256': 'e94200c90b25e53379bc64b345cb74638645ab3568d2d2aca411b1ae6a9baa4f'}, 'dob': {'date': '1960-08-28T17:37:26.183Z', 'age': 63}, 'registered': {'date': '2010-11-21T18:37:39.964Z', 'age': 13}, 'phone': '077 922 53 67', 'cell': '078 198 74 48', 'id': {'name': 'AVS', 'value': '756.6764.8667.48'}, 'picture': {'large': 'https://randomuser.me/api/portraits/women/16.jpg', 'medium': 'https://randomuser.me/api/portraits/med/women/16.jpg', 'thumbnail': 'https://randomuser.me/api/portraits/thumb/women/16.jpg'}, 'nat': 'CH'}</msg>
<arg>${json_data['results'][0]}</arg>
<doc>Logs the given message with the given level.</doc>
<status status="PASS" start="2024-08-03T22:13:39.804918" elapsed="0.000461"/>
</kw>
<kw name="Log" owner="BuiltIn">
<msg time="2024-08-03T22:13:39.805814" level="INFO">email</msg>
<arg>${key}</arg>
<doc>Logs the given message with the given level.</doc>
<status status="PASS" start="2024-08-03T22:13:39.805684" elapsed="0.000170"/>
</kw>
<var name="${key}">email</var>
<status status="PASS" start="2024-08-03T22:13:39.804237" elapsed="0.001832"/>
</iter>
<iter>
<kw name="Dictionary Should Contain Key" owner="Collections">
<arg>${json_data['results'][0]}</arg>
<arg>${key}</arg>
<doc>Fails if ``key`` is not found from ``dictionary``.</doc>
<status status="PASS" start="2024-08-03T22:13:39.806349" elapsed="0.000383"/>
</kw>
<kw name="Log" owner="BuiltIn">
<msg time="2024-08-03T22:13:39.807277" level="INFO">{'gender': 'female', 'name': {'title': 'Madame', 'first': 'Élise', 'last': 'Martin'}, 'location': {'street': {'number': 686, 'name': 'Rue de la Gare'}, 'city': 'Fresens', 'state': 'Genève', 'country': 'Switzerland', 'postcode': 7033, 'coordinates': {'latitude': '-63.2524', 'longitude': '158.8646'}, 'timezone': {'offset': '+9:00', 'description': 'Tokyo, Seoul, Osaka, Sapporo, Yakutsk'}}, 'email': 'elise.martin@example.com', 'login': {'uuid': '4a3e1a44-0190-4273-9b54-cb462ca8f448', 'username': 'crazyrabbit739', 'password': 'filthy', 'salt': 'hLbiBlYR', 'md5': '44c5596ae64f914fb2d3f7bb13c7a158', 'sha1': '283d34da53d1c239889cbc63f35c4d13b7d7c7f8', 'sha256': 'e94200c90b25e53379bc64b345cb74638645ab3568d2d2aca411b1ae6a9baa4f'}, 'dob': {'date': '1960-08-28T17:37:26.183Z', 'age': 63}, 'registered': {'date': '2010-11-21T18:37:39.964Z', 'age': 13}, 'phone': '077 922 53 67', 'cell': '078 198 74 48', 'id': {'name': 'AVS', 'value': '756.6764.8667.48'}, 'picture': {'large': 'https://randomuser.me/api/portraits/women/16.jpg', 'medium': 'https://randomuser.me/api/portraits/med/women/16.jpg', 'thumbnail': 'https://randomuser.me/api/portraits/thumb/women/16.jpg'}, 'nat': 'CH'}</msg>
<arg>${json_data['results'][0]}</arg>
<doc>Logs the given message with the given level.</doc>
<status status="PASS" start="2024-08-03T22:13:39.806919" elapsed="0.000412"/>
</kw>
<kw name="Log" owner="BuiltIn">
<msg time="2024-08-03T22:13:39.807756" level="INFO">login</msg>
<arg>${key}</arg>
<doc>Logs the given message with the given level.</doc>
<status status="PASS" start="2024-08-03T22:13:39.807626" elapsed="0.000168"/>
</kw>
<var name="${key}">login</var>
<status status="PASS" start="2024-08-03T22:13:39.806242" elapsed="0.001769"/>
</iter>
<var>${key}</var>
<value>@{expected_keys}</value>
<status status="PASS" start="2024-08-03T22:13:39.797999" elapsed="0.010135"/>
</for>
<kw name="Create List" owner="BuiltIn">
<msg time="2024-08-03T22:13:39.808500" level="INFO">${expected_keysTwo} = ['username', 'password']</msg>
<var>${expected_keysTwo}</var>
<arg>username</arg>
<arg>password</arg>
<doc>Returns a list containing given items.</doc>
<status status="PASS" start="2024-08-03T22:13:39.808359" elapsed="0.000165"/>
</kw>
<for flavor="IN">
<iter>
<kw name="Dictionary Should Contain Key" owner="Collections">
<arg>${json_data['results'][0]['login']}</arg>
<arg>${keyTwo}</arg>
<doc>Fails if ``key`` is not found from ``dictionary``.</doc>
<status status="PASS" start="2024-08-03T22:13:39.809048" elapsed="0.000398"/>
</kw>
<kw name="Dictionary Should Contain Key" owner="Collections">
<arg>${json_data['results'][0]['login']}</arg>
<arg>${keyTwo}</arg>
<doc>Fails if ``key`` is not found from ``dictionary``.</doc>
<status status="PASS" start="2024-08-03T22:13:39.809629" elapsed="0.000384"/>
</kw>
<kw name="Log" owner="BuiltIn">
<msg time="2024-08-03T22:13:39.810309" level="INFO">username</msg>
<arg>${keyTwo}</arg>
<doc>Logs the given message with the given level.</doc>
<status status="PASS" start="2024-08-03T22:13:39.810189" elapsed="0.000157"/>
</kw>
<var name="${keyTwo}">username</var>
<status status="PASS" start="2024-08-03T22:13:39.808918" elapsed="0.001650"/>
</iter>
<iter>
<kw name="Dictionary Should Contain Key" owner="Collections">
<arg>${json_data['results'][0]['login']}</arg>
<arg>${keyTwo}</arg>
<doc>Fails if ``key`` is not found from ``dictionary``.</doc>
<status status="PASS" start="2024-08-03T22:13:39.810846" elapsed="0.000390"/>
</kw>
<kw name="Dictionary Should Contain Key" owner="Collections">
<arg>${json_data['results'][0]['login']}</arg>
<arg>${keyTwo}</arg>
<doc>Fails if ``key`` is not found from ``dictionary``.</doc>
<status status="PASS" start="2024-08-03T22:13:39.811413" elapsed="0.000368"/>
</kw>
<kw name="Log" owner="BuiltIn">
<msg time="2024-08-03T22:13:39.812075" level="INFO">password</msg>
<arg>${keyTwo}</arg>
<doc>Logs the given message with the given level.</doc>
<status status="PASS" start="2024-08-03T22:13:39.811957" elapsed="0.000155"/>
</kw>
<var name="${keyTwo}">password</var>
<status status="PASS" start="2024-08-03T22:13:39.810742" elapsed="0.001701"/>
</iter>
<var>${keyTwo}</var>
<value>@{expected_keysTwo}</value>
<status status="PASS" start="2024-08-03T22:13:39.808762" elapsed="0.003804"/>
</for>
<status status="PASS" start="2024-08-03T22:13:39.696803" elapsed="0.115907"/>
</kw>
<doc>Testa a estrutura da resposta da API.</doc>
<tag>testeEstruturaResposta</tag>
<status status="PASS" start="2024-08-03T22:13:39.696311" elapsed="0.116559"/>
</test>
<test id="s1-s1-t4" name="Validar tipos de dados" line="28">
<kw name="Teste de Tipos de Dados" owner="random-user-service">
<kw name="GET On Session" owner="RequestsLibrary">
<msg time="2024-08-03T22:13:39.894235" level="INFO">GET Request : url=https://randomuser.me/api 
 path_url=/api 
 headers={'User-Agent': 'python-requests/2.32.3', 'Accept-Encoding': 'gzip, deflate', 'Accept': '*/*', 'Connection': 'keep-alive'} 
 body=None 
 </msg>
<msg time="2024-08-03T22:13:39.894352" level="INFO">GET Response : url=https://randomuser.me/api 
 status=200, reason=OK 
 headers={'Date': 'Sat, 03 Aug 2024 22:13:39 GMT', 'Content-Type': 'application/json; charset=utf-8', 'Transfer-Encoding': 'chunked', 'Connection': 'keep-alive', 'X-Powered-By': 'Express', 'Access-Control-Allow-Origin': '*', 'Cache-Control': 'no-cache', 'ETag': 'W/"49d-UcGsS1MgQ4E2CMIxM+SAydNlMB4"', 'Vary': 'Accept-Encoding', 'Content-Encoding': 'gzip', 'CF-Cache-Status': 'DYNAMIC', 'Report-To': '{"endpoints":[{"url":"https:\\/\\/a.nel.cloudflare.com\\/report\\/v4?s=q5QUp94vEvCvqxppGhxw9CmYEAw9Ilc4yJVspjm%2BGZAskDCPK6pLD1%2BJp%2BWZfsnGdVrDCLUuwDXMzScb%2BfHS9fEj%2BIt42WD89VVmlKZRPBaIjxbe95ln%2F8W1zxV8DZwR"}],"group":"cf-nel","max_age":604800}', 'NEL': '{"success_fraction":0,"report_to":"cf-nel","max_age":604800}', 'Server': 'cloudflare', 'CF-RAY': '8ad9a7fbdaa52ac2-ORD', 'alt-svc': 'h3=":443"; ma=86400'} 
 body={"results":[{"gender":"female","name":{"title":"Mademoiselle","first":"Laure","last":"Girard"},"location":{"street":{"number":1362,"name":"Rue de Bonnel"},"city":"Gondiswil","state":"Glarus","country":"Switzerland","postcode":1172,"coordinates":{"latitude":"-56.8336","longitude":"36.1047"},"timezone":{"offset":"+2:00","description":"Kaliningrad, South Africa"}},"email":"laure.girard@example.com","login":{"uuid":"86282755-2f7b-4c12-9430-0a7e230f991f","username":"beautifulbird702","password":"choice","salt":"8ESVelKr","md5":"77b9cff7593b66f3300e906032417164","sha1":"335f3f8481bc704db4328658e7881085a27ee4e0","sha256":"0681f00301cc74bc2f68a58802589906899fa1690c93a98fce96aecc875f02ad"},"dob":{"date":"1970-04-15T17:40:46.776Z","age":54},"registered":{"date":"2021-01-21T01:04:12.071Z","age":3},"phone":"079 560 97 59","cell":"077 012 33 60","id":{"name":"AVS","value":"756.2534.5530.16"},"picture":{"large":"https://randomuser.me/api/portraits/women/15.jpg","medium":"https://randomuser.me/api/portraits/med/women/15.jpg","thumbnail":"https://randomuser.me/api/portraits/thumb/women/15.jpg"},"nat":"CH"}],"info":{"seed":"ce68f027b6839c4d","results":1,"page":1,"version":"1.4"}} 
 </msg>
<msg time="2024-08-03T22:13:39.894439" level="INFO">/opt/hostedtoolcache/Python/3.12.4/x64/lib/python3.12/site-packages/urllib3/connectionpool.py:1099: InsecureRequestWarning: Unverified HTTPS request is being made to host 'randomuser.me'. Adding certificate verification is strongly advised. See: https://urllib3.readthedocs.io/en/latest/advanced-usage.html#tls-warnings
  warnings.warn(</msg>
<msg time="2024-08-03T22:13:39.894567" level="INFO">${response} = &lt;Response [200]&gt;</msg>
<var>${response}</var>
<arg>consultarAPI</arg>
<arg>/api</arg>
<doc>Sends a GET request on a previously created HTTP Session.</doc>
<status status="PASS" start="2024-08-03T22:13:39.815462" elapsed="0.079134"/>
</kw>
<kw name="Set Variable" owner="BuiltIn">
<msg time="2024-08-03T22:13:39.895753" level="INFO">${json_data} = {'results': [{'gender': 'female', 'name': {'title': 'Mademoiselle', 'first': 'Laure', 'last': 'Girard'}, 'location': {'street': {'number': 1362, 'name': 'Rue de Bonnel'}, 'city': 'Gondiswil', 'state':...</msg>
<var>${json_data}</var>
<arg>${response.json()}</arg>
<doc>Returns the given values which can then be assigned to a variables.</doc>
<status status="PASS" start="2024-08-03T22:13:39.895223" elapsed="0.000560"/>
</kw>
<kw name="Log" owner="BuiltIn">
<msg time="2024-08-03T22:13:39.896270" level="INFO">{'results': [{'gender': 'female', 'name': {'title': 'Mademoiselle', 'first': 'Laure', 'last': 'Girard'}, 'location': {'street': {'number': 1362, 'name': 'Rue de Bonnel'}, 'city': 'Gondiswil', 'state': 'Glarus', 'country': 'Switzerland', 'postcode': 1172, 'coordinates': {'latitude': '-56.8336', 'longitude': '36.1047'}, 'timezone': {'offset': '+2:00', 'description': 'Kaliningrad, South Africa'}}, 'email': 'laure.girard@example.com', 'login': {'uuid': '86282755-2f7b-4c12-9430-0a7e230f991f', 'username': 'beautifulbird702', 'password': 'choice', 'salt': '8ESVelKr', 'md5': '77b9cff7593b66f3300e906032417164', 'sha1': '335f3f8481bc704db4328658e7881085a27ee4e0', 'sha256': '0681f00301cc74bc2f68a58802589906899fa1690c93a98fce96aecc875f02ad'}, 'dob': {'date': '1970-04-15T17:40:46.776Z', 'age': 54}, 'registered': {'date': '2021-01-21T01:04:12.071Z', 'age': 3}, 'phone': '079 560 97 59', 'cell': '077 012 33 60', 'id': {'name': 'AVS', 'value': '756.2534.5530.16'}, 'picture': {'large': 'https://randomuser.me/api/portraits/women/15.jpg', 'medium': 'https://randomuser.me/api/portraits/med/women/15.jpg', 'thumbnail': 'https://randomuser.me/api/portraits/thumb/women/15.jpg'}, 'nat': 'CH'}], 'info': {'seed': 'ce68f027b6839c4d', 'results': 1, 'page': 1, 'version': '1.4'}}</msg>
<arg>${json_data}</arg>
<doc>Logs the given message with the given level.</doc>
<status status="PASS" start="2024-08-03T22:13:39.896110" elapsed="0.000208"/>
</kw>
<kw name="Should Be String" owner="String">
<arg>${json_data['results'][0]['gender']}</arg>
<doc>Fails if the given ``item`` is not a string.</doc>
<status status="PASS" start="2024-08-03T22:13:39.896639" elapsed="0.000434"/>
</kw>
<kw name="Should Match Regexp" owner="BuiltIn">
<arg>${json_data['results'][0]['email']}</arg>
<arg>^[a-zA-Z0-9._%+-]+@[a-zA-Z0-9.-]+\.[a-zA-Z]{2,}$</arg>
<doc>Fails if ``string`` does not match ``pattern`` as a regular expression.</doc>
<status status="PASS" start="2024-08-03T22:13:39.897329" elapsed="0.000543"/>
</kw>
<kw name="Should Match Regexp" owner="BuiltIn">
<arg>${json_data['results'][0]['dob']['date']}</arg>
<arg>\\d{4}-\\d{2}-\\d{2}T\\d{2}:\\d{2}:\\d{2}\\.\\d{3}Z</arg>
<doc>Fails if ``string`` does not match ``pattern`` as a regular expression.</doc>
<status status="PASS" start="2024-08-03T22:13:39.898078" elapsed="0.000498"/>
</kw>
<kw name="Should Match Regexp" owner="BuiltIn">
<arg>${json_data['results'][0]['registered']['date']}</arg>
<arg>\\d{4}-\\d{2}-\\d{2}T\\d{2}:\\d{2}:\\d{2}\\.\\d{3}Z</arg>
<doc>Fails if ``string`` does not match ``pattern`` as a regular expression.</doc>
<status status="PASS" start="2024-08-03T22:13:39.898767" elapsed="0.000373"/>
</kw>
<kw name="Should Match Regexp" owner="BuiltIn">
<arg>${json_data['results'][0]['picture']['large']}</arg>
<arg>^https?://.*\.(?:png|jpe?g|gif|bmp)$</arg>
<doc>Fails if ``string`` does not match ``pattern`` as a regular expression.</doc>
<status status="PASS" start="2024-08-03T22:13:39.899325" elapsed="0.000459"/>
</kw>
<kw name="Should Match Regexp" owner="BuiltIn">
<arg>${json_data['results'][0]['picture']['medium']}</arg>
<arg>^https?://.*\.(?:png|jpe?g|gif|bmp)$</arg>
<doc>Fails if ``string`` does not match ``pattern`` as a regular expression.</doc>
<status status="PASS" start="2024-08-03T22:13:39.899973" elapsed="0.000361"/>
</kw>
<kw name="Should Match Regexp" owner="BuiltIn">
<arg>${json_data['results'][0]['picture']['thumbnail']}</arg>
<arg>^https?://.*\.(?:png|jpe?g|gif|bmp)$</arg>
<doc>Fails if ``string`` does not match ``pattern`` as a regular expression.</doc>
<status status="PASS" start="2024-08-03T22:13:39.900531" elapsed="0.000372"/>
</kw>
<kw name="Log" owner="BuiltIn">
<msg time="2024-08-03T22:13:39.901452" level="INFO">{'large': 'https://randomuser.me/api/portraits/women/15.jpg', 'medium': 'https://randomuser.me/api/portraits/med/women/15.jpg', 'thumbnail': 'https://randomuser.me/api/portraits/thumb/women/15.jpg'}</msg>
<arg>${json_data['results'][0]['picture']}</arg>
<doc>Logs the given message with the given level.</doc>
<status status="PASS" start="2024-08-03T22:13:39.901111" elapsed="0.000384"/>
</kw>
<status status="PASS" start="2024-08-03T22:13:39.815235" elapsed="0.086532"/>
</kw>
<kw name="Teste de Tipos de Dados - Postcode" owner="random-user-service">
<kw name="GET On Session" owner="RequestsLibrary">
<msg time="2024-08-03T22:13:39.994742" level="INFO">GET Request : url=https://randomuser.me/api 
 path_url=/api 
 headers={'User-Agent': 'python-requests/2.32.3', 'Accept-Encoding': 'gzip, deflate', 'Accept': '*/*', 'Connection': 'keep-alive'} 
 body=None 
 </msg>
<msg time="2024-08-03T22:13:39.994841" level="INFO">GET Response : url=https://randomuser.me/api 
 status=200, reason=OK 
 headers={'Date': 'Sat, 03 Aug 2024 22:13:39 GMT', 'Content-Type': 'application/json; charset=utf-8', 'Transfer-Encoding': 'chunked', 'Connection': 'keep-alive', 'X-Powered-By': 'Express', 'Access-Control-Allow-Origin': '*', 'Cache-Control': 'no-cache', 'ETag': 'W/"483-XpfhFWh+d1Ems7BNOey55s18rXU"', 'Vary': 'Accept-Encoding', 'Content-Encoding': 'gzip', 'CF-Cache-Status': 'DYNAMIC', 'Report-To': '{"endpoints":[{"url":"https:\\/\\/a.nel.cloudflare.com\\/report\\/v4?s=C8CTNxQM5fqiE%2BpAysvquTTHIHXgRf0lQd49R4ROkj%2BR7XPVJ1pSaS5fvTFmDua89aOeN%2BEGPwV9Ah3UBgxBhsMRksyu5YCq5VyZrwGrkOKyHY4Y1T3hW%2FuqDmxgqqF4"}],"group":"cf-nel","max_age":604800}', 'NEL': '{"success_fraction":0,"report_to":"cf-nel","max_age":604800}', 'Server': 'cloudflare', 'CF-RAY': '8ad9a7fc6b242ac2-ORD', 'alt-svc': 'h3=":443"; ma=86400'} 
 body={"results":[{"gender":"female","name":{"title":"Ms","first":"Scarlett","last":"Patel"},"location":{"street":{"number":2559,"name":"Walton Street"},"city":"Wellington","state":"Waikato","country":"New Zealand","postcode":78287,"coordinates":{"latitude":"55.4177","longitude":"31.0554"},"timezone":{"offset":"-11:00","description":"Midway Island, Samoa"}},"email":"scarlett.patel@example.com","login":{"uuid":"e9a04fed-ce74-42c6-9fbc-2d693f74194f","username":"smalldog874","password":"puppies","salt":"6EpiUyw0","md5":"1636a1d370045c401a27a942dc98a6ed","sha1":"1f896a13ec07a8bb060e70074fa77b087e6b572d","sha256":"ce859ea9b7666c2b4df49354a6b8fcf928d5262f902f6cd70a4bbb27a108d486"},"dob":{"date":"1969-02-19T23:26:03.585Z","age":55},"registered":{"date":"2014-06-14T15:57:39.923Z","age":10},"phone":"(942)-052-9802","cell":"(188)-171-7320","id":{"name":"","value":null},"picture":{"large":"https://randomuser.me/api/portraits/women/19.jpg","medium":"https://randomuser.me/api/portraits/med/women/19.jpg","thumbnail":"https://randomuser.me/api/portraits/thumb/women/19.jpg"},"nat":"NZ"}],"info":{"seed":"f1024c30364c6c70","results":1,"page":1,"version":"1.4"}} 
 </msg>
<msg time="2024-08-03T22:13:39.994914" level="INFO">/opt/hostedtoolcache/Python/3.12.4/x64/lib/python3.12/site-packages/urllib3/connectionpool.py:1099: InsecureRequestWarning: Unverified HTTPS request is being made to host 'randomuser.me'. Adding certificate verification is strongly advised. See: https://urllib3.readthedocs.io/en/latest/advanced-usage.html#tls-warnings
  warnings.warn(</msg>
<msg time="2024-08-03T22:13:39.995052" level="INFO">${response} = &lt;Response [200]&gt;</msg>
<var>${response}</var>
<arg>consultarAPI</arg>
<arg>/api</arg>
<doc>Sends a GET request on a previously created HTTP Session.</doc>
<status status="PASS" start="2024-08-03T22:13:39.902267" elapsed="0.092830"/>
</kw>
<kw name="Set Variable" owner="BuiltIn">
<msg time="2024-08-03T22:13:39.996382" level="INFO">${json_data} = {'results': [{'gender': 'female', 'name': {'title': 'Ms', 'first': 'Scarlett', 'last': 'Patel'}, 'location': {'street': {'number': 2559, 'name': 'Walton Street'}, 'city': 'Wellington', 'state': 'Waika...</msg>
<var>${json_data}</var>
<arg>${response.json()}</arg>
<doc>Returns the given values which can then be assigned to a variables.</doc>
<status status="PASS" start="2024-08-03T22:13:39.995792" elapsed="0.000624"/>
</kw>
<kw name="Log" owner="BuiltIn">
<msg time="2024-08-03T22:13:39.996893" level="INFO">{'results': [{'gender': 'female', 'name': {'title': 'Ms', 'first': 'Scarlett', 'last': 'Patel'}, 'location': {'street': {'number': 2559, 'name': 'Walton Street'}, 'city': 'Wellington', 'state': 'Waikato', 'country': 'New Zealand', 'postcode': 78287, 'coordinates': {'latitude': '55.4177', 'longitude': '31.0554'}, 'timezone': {'offset': '-11:00', 'description': 'Midway Island, Samoa'}}, 'email': 'scarlett.patel@example.com', 'login': {'uuid': 'e9a04fed-ce74-42c6-9fbc-2d693f74194f', 'username': 'smalldog874', 'password': 'puppies', 'salt': '6EpiUyw0', 'md5': '1636a1d370045c401a27a942dc98a6ed', 'sha1': '1f896a13ec07a8bb060e70074fa77b087e6b572d', 'sha256': 'ce859ea9b7666c2b4df49354a6b8fcf928d5262f902f6cd70a4bbb27a108d486'}, 'dob': {'date': '1969-02-19T23:26:03.585Z', 'age': 55}, 'registered': {'date': '2014-06-14T15:57:39.923Z', 'age': 10}, 'phone': '(942)-052-9802', 'cell': '(188)-171-7320', 'id': {'name': '', 'value': None}, 'picture': {'large': 'https://randomuser.me/api/portraits/women/19.jpg', 'medium': 'https://randomuser.me/api/portraits/med/women/19.jpg', 'thumbnail': 'https://randomuser.me/api/portraits/thumb/women/19.jpg'}, 'nat': 'NZ'}], 'info': {'seed': 'f1024c30364c6c70', 'results': 1, 'page': 1, 'version': '1.4'}}</msg>
<arg>${json_data}</arg>
<doc>Logs the given message with the given level.</doc>
<status status="PASS" start="2024-08-03T22:13:39.996735" elapsed="0.000207"/>
</kw>
<kw name="Should Be Equal As Numbers" owner="BuiltIn">
<arg>${json_data['results'][0]['location']['postcode']}</arg>
<arg>${json_data['results'][0]['location']['postcode']}</arg>
<doc>Fails if objects are unequal after converting them to real numbers.</doc>
<status status="PASS" start="2024-08-03T22:13:39.997296" elapsed="0.000639"/>
</kw>
<kw name="Log" owner="BuiltIn">
<msg time="2024-08-03T22:13:39.998719" level="INFO">78287</msg>
<arg>${json_data['results'][0]['location']['postcode']}</arg>
<doc>Logs the given message with the given level.</doc>
<status status="PASS" start="2024-08-03T22:13:39.998176" elapsed="0.000587"/>
</kw>
<status status="PASS" start="2024-08-03T22:13:39.902016" elapsed="0.097022"/>
</kw>
<doc>Testa se os tipos de dados na resposta da API estão corretos.</doc>
<tag>testeTiposDados</tag>
<status status="PASS" start="2024-08-03T22:13:39.814686" elapsed="0.184533"/>
</test>
<test id="s1-s1-t5" name="Validar conteudo" line="35">
<kw name="Teste de Tipos de Conteudo" owner="random-user-service">
<kw name="GET On Session" owner="RequestsLibrary">
<msg time="2024-08-03T22:13:40.091400" level="INFO">GET Request : url=https://randomuser.me/api 
 path_url=/api 
 headers={'User-Agent': 'python-requests/2.32.3', 'Accept-Encoding': 'gzip, deflate', 'Accept': '*/*', 'Connection': 'keep-alive'} 
 body=None 
 </msg>
<msg time="2024-08-03T22:13:40.091516" level="INFO">GET Response : url=https://randomuser.me/api 
 status=200, reason=OK 
 headers={'Date': 'Sat, 03 Aug 2024 22:13:40 GMT', 'Content-Type': 'application/json; charset=utf-8', 'Transfer-Encoding': 'chunked', 'Connection': 'keep-alive', 'X-Powered-By': 'Express', 'Access-Control-Allow-Origin': '*', 'Cache-Control': 'no-cache', 'ETag': 'W/"484-9rPuKkHciHBjp3poimgWqmu1Byo"', 'Vary': 'Accept-Encoding', 'Content-Encoding': 'gzip', 'CF-Cache-Status': 'DYNAMIC', 'Report-To': '{"endpoints":[{"url":"https:\\/\\/a.nel.cloudflare.com\\/report\\/v4?s=q0bPgpNKDdu9Fyg4SZ7OF4ZuIDz%2BU5TKc86d1WBSzIKDOShIu1yofmUcx0YfGbsG8IUqxJxupxCTtwW0KWq2vpDnzAZ%2BIKl3jK4tzF3uMIxeS4FR2ztu6Pa92XI6%2FXAH"}],"group":"cf-nel","max_age":604800}', 'NEL': '{"success_fraction":0,"report_to":"cf-nel","max_age":604800}', 'Server': 'cloudflare', 'CF-RAY': '8ad9a7fd0ba32ac2-ORD', 'alt-svc': 'h3=":443"; ma=86400'} 
 body={"results":[{"gender":"male","name":{"title":"Mr","first":"Austin","last":"King"},"location":{"street":{"number":1852,"name":"Wellesley Street"},"city":"Timaru","state":"Southland","country":"New Zealand","postcode":98246,"coordinates":{"latitude":"50.8163","longitude":"-92.0110"},"timezone":{"offset":"+8:00","description":"Beijing, Perth, Singapore, Hong Kong"}},"email":"austin.king@example.com","login":{"uuid":"26d2fdaf-f530-495d-8c73-bd41f0091824","username":"lazyelephant740","password":"sage","salt":"9tpaKv2G","md5":"67020271f58a9cb95b1b02f4fce67b83","sha1":"bd3bf55785eafb0ff8b9790ad0eba3739ea6d21e","sha256":"40c4b447b3bb3c0377579a8c06c7f7f509c4dc8147bffd5226700c542597403c"},"dob":{"date":"1990-10-24T19:14:15.374Z","age":33},"registered":{"date":"2008-06-29T08:29:43.908Z","age":16},"phone":"(900)-605-1263","cell":"(943)-927-5973","id":{"name":"","value":null},"picture":{"large":"https://randomuser.me/api/portraits/men/7.jpg","medium":"https://randomuser.me/api/portraits/med/men/7.jpg","thumbnail":"https://randomuser.me/api/portraits/thumb/men/7.jpg"},"nat":"NZ"}],"info":{"seed":"ac8b601175893b5b","results":1,"page":1,"version":"1.4"}} 
 </msg>
<msg time="2024-08-03T22:13:40.091601" level="INFO">/opt/hostedtoolcache/Python/3.12.4/x64/lib/python3.12/site-packages/urllib3/connectionpool.py:1099: InsecureRequestWarning: Unverified HTTPS request is being made to host 'randomuser.me'. Adding certificate verification is strongly advised. See: https://urllib3.readthedocs.io/en/latest/advanced-usage.html#tls-warnings
  warnings.warn(</msg>
<msg time="2024-08-03T22:13:40.091775" level="INFO">${response} = &lt;Response [200]&gt;</msg>
<var>${response}</var>
<arg>consultarAPI</arg>
<arg>/api</arg>
<doc>Sends a GET request on a previously created HTTP Session.</doc>
<status status="PASS" start="2024-08-03T22:13:40.001829" elapsed="0.089987"/>
</kw>
<kw name="Set Variable" owner="BuiltIn">
<msg time="2024-08-03T22:13:40.092911" level="INFO">${json_data} = {'results': [{'gender': 'male', 'name': {'title': 'Mr', 'first': 'Austin', 'last': 'King'}, 'location': {'street': {'number': 1852, 'name': 'Wellesley Street'}, 'city': 'Timaru', 'state': 'Southland',...</msg>
<var>${json_data}</var>
<arg>${response.json()}</arg>
<doc>Returns the given values which can then be assigned to a variables.</doc>
<status status="PASS" start="2024-08-03T22:13:40.092389" elapsed="0.000553"/>
</kw>
<kw name="Set Variable" owner="BuiltIn">
<msg time="2024-08-03T22:13:40.093720" level="INFO">${name_title} = Mr</msg>
<var>${name_title}</var>
<arg>${json_data["results"][0]["name"]["title"]}</arg>
<doc>Returns the given values which can then be assigned to a variables.</doc>
<status status="PASS" start="2024-08-03T22:13:40.093308" elapsed="0.000440"/>
</kw>
<kw name="Create List" owner="BuiltIn">
<msg time="2024-08-03T22:13:40.094217" level="INFO">${allowed_titles} = ['Mr', 'Ms', 'Miss', 'Mrs', 'Madame', 'Monsieur']</msg>
<var>${allowed_titles}</var>
<arg>Mr</arg>
<arg>Ms</arg>
<arg>Miss</arg>
<arg>Mrs</arg>
<arg>Madame</arg>
<arg>Monsieur</arg>
<doc>Returns a list containing given items.</doc>
<status status="PASS" start="2024-08-03T22:13:40.094059" elapsed="0.000184"/>
</kw>
<kw name="List Should Contain Value" owner="Collections">
<arg>${allowed_titles}</arg>
<arg>${name_title}</arg>
<doc>Fails if the ``value`` is not found from ``list``.</doc>
<status status="PASS" start="2024-08-03T22:13:40.094556" elapsed="0.000185"/>
</kw>
<kw name="Set Variable" owner="BuiltIn">
<msg time="2024-08-03T22:13:40.095315" level="INFO">${name_country} = NZ</msg>
<var>${name_country}</var>
<arg>${json_data["results"][0]["nat"]}</arg>
<doc>Returns the given values which can then be assigned to a variables.</doc>
<status status="PASS" start="2024-08-03T22:13:40.094926" elapsed="0.000415"/>
</kw>
<kw name="Create List" owner="BuiltIn">
<msg time="2024-08-03T22:13:40.096254" level="INFO">${list_country} = ['AD', 'AE', 'AF', 'AG', 'AI', 'AL', 'AM', 'AO', 'AQ', 'AR', 'AS', 'AT', 'AU', 'AW', 'AX', 'AZ', 'BA', 'BB', 'BD', 'BE', 'BF', 'BG', 'BH', 'BI', 'BJ', 'BL', 'BM', 'BN', 'BO', 'BQ', 'BR', 'BS', 'BT', '...</msg>
<var>${list_country}</var>
<arg>AD</arg>
<arg>AE</arg>
<arg>AF</arg>
<arg>AG</arg>
<arg>AI</arg>
<arg>AL</arg>
<arg>AM</arg>
<arg>AO</arg>
<arg>AQ</arg>
<arg>AR</arg>
<arg>AS</arg>
<arg>AT</arg>
<arg>AU</arg>
<arg>AW</arg>
<arg>AX</arg>
<arg>AZ</arg>
<arg>BA</arg>
<arg>BB</arg>
<arg>BD</arg>
<arg>BE</arg>
<arg>BF</arg>
<arg>BG</arg>
<arg>BH</arg>
<arg>BI</arg>
<arg>BJ</arg>
<arg>BL</arg>
<arg>BM</arg>
<arg>BN</arg>
<arg>BO</arg>
<arg>BQ</arg>
<arg>BR</arg>
<arg>BS</arg>
<arg>BT</arg>
<arg>BV</arg>
<arg>BW</arg>
<arg>BY</arg>
<arg>BZ</arg>
<arg>CA</arg>
<arg>CC</arg>
<arg>CD</arg>
<arg>CF</arg>
<arg>CG</arg>
<arg>CH</arg>
<arg>CI</arg>
<arg>CK</arg>
<arg>CL</arg>
<arg>CM</arg>
<arg>CN</arg>
<arg>CO</arg>
<arg>CR</arg>
<arg>CU</arg>
<arg>CV</arg>
<arg>CW</arg>
<arg>CX</arg>
<arg>CY</arg>
<arg>CZ</arg>
<arg>DE</arg>
<arg>DJ</arg>
<arg>DK</arg>
<arg>DM</arg>
<arg>DO</arg>
<arg>DZ</arg>
<arg>EC</arg>
<arg>EE</arg>
<arg>EG</arg>
<arg>EH</arg>
<arg>ER</arg>
<arg>ES</arg>
<arg>ET</arg>
<arg>FI</arg>
<arg>FJ</arg>
<arg>FK</arg>
<arg>FM</arg>
<arg>FO</arg>
<arg>FR</arg>
<arg>GA</arg>
<arg>GB</arg>
<arg>GD</arg>
<arg>GE</arg>
<arg>GF</arg>
<arg>GG</arg>
<arg>GH</arg>
<arg>GI</arg>
<arg>GL</arg>
<arg>GM</arg>
<arg>GN</arg>
<arg>GP</arg>
<arg>GQ</arg>
<arg>GR</arg>
<arg>GS</arg>
<arg>GT</arg>
<arg>GU</arg>
<arg>GW</arg>
<arg>GY</arg>
<arg>HK</arg>
<arg>HM</arg>
<arg>HN</arg>
<arg>HR</arg>
<arg>HT</arg>
<arg>HU</arg>
<arg>ID</arg>
<arg>IE</arg>
<arg>IL</arg>
<arg>IM</arg>
<arg>IN</arg>
<arg>IO</arg>
<arg>IQ</arg>
<arg>IR</arg>
<arg>IS</arg>
<arg>IT</arg>
<arg>JE</arg>
<arg>JM</arg>
<arg>JO</arg>
<arg>JP</arg>
<arg>KE</arg>
<arg>KG</arg>
<arg>KH</arg>
<arg>KI</arg>
<arg>KM</arg>
<arg>KN</arg>
<arg>KP</arg>
<arg>KR</arg>
<arg>KW</arg>
<arg>KY</arg>
<arg>KZ</arg>
<arg>LA</arg>
<arg>LB</arg>
<arg>LC</arg>
<arg>LI</arg>
<arg>LK</arg>
<arg>LR</arg>
<arg>LS</arg>
<arg>LT</arg>
<arg>LU</arg>
<arg>LV</arg>
<arg>LY</arg>
<arg>MA</arg>
<arg>MC</arg>
<arg>MD</arg>
<arg>ME</arg>
<arg>MF</arg>
<arg>MG</arg>
<arg>MH</arg>
<arg>MK</arg>
<arg>ML</arg>
<arg>MM</arg>
<arg>MN</arg>
<arg>MO</arg>
<arg>MP</arg>
<arg>MQ</arg>
<arg>MR</arg>
<arg>MS</arg>
<arg>MT</arg>
<arg>MU</arg>
<arg>MV</arg>
<arg>MW</arg>
<arg>MX</arg>
<arg>MY</arg>
<arg>MZ</arg>
<arg>NA</arg>
<arg>NC</arg>
<arg>NE</arg>
<arg>NF</arg>
<arg>NG</arg>
<arg>NI</arg>
<arg>NL</arg>
<arg>NO</arg>
<arg>NP</arg>
<arg>NR</arg>
<arg>NU</arg>
<arg>NZ</arg>
<arg>OM</arg>
<arg>PA</arg>
<arg>PE</arg>
<arg>PF</arg>
<arg>PG</arg>
<arg>PH</arg>
<arg>PK</arg>
<arg>PL</arg>
<arg>PM</arg>
<arg>PN</arg>
<arg>PR</arg>
<arg>PS</arg>
<arg>PT</arg>
<arg>PW</arg>
<arg>PY</arg>
<arg>QA</arg>
<arg>RE</arg>
<arg>RO</arg>
<arg>RS</arg>
<arg>RU</arg>
<arg>RW</arg>
<arg>SA</arg>
<arg>SB</arg>
<arg>SC</arg>
<arg>SD</arg>
<arg>SE</arg>
<arg>SG</arg>
<arg>SH</arg>
<arg>SI</arg>
<arg>SJ</arg>
<arg>SK</arg>
<arg>SL</arg>
<arg>SM</arg>
<arg>SN</arg>
<arg>SO</arg>
<arg>SR</arg>
<arg>SS</arg>
<arg>ST</arg>
<arg>SV</arg>
<arg>SX</arg>
<arg>SY</arg>
<arg>SZ</arg>
<arg>TC</arg>
<arg>TD</arg>
<arg>TF</arg>
<arg>TG</arg>
<arg>TH</arg>
<arg>TJ</arg>
<arg>TK</arg>
<arg>TL</arg>
<arg>TM</arg>
<arg>TN</arg>
<arg>TO</arg>
<arg>TR</arg>
<arg>TT</arg>
<arg>TV</arg>
<arg>TW</arg>
<arg>TZ</arg>
<arg>UA</arg>
<arg>UG</arg>
<arg>UM</arg>
<arg>US</arg>
<arg>UY</arg>
<arg>UZ</arg>
<arg>VA</arg>
<arg>VC</arg>
<arg>VE</arg>
<arg>VG</arg>
<arg>VI</arg>
<arg>VN</arg>
<arg>VU</arg>
<arg>WF</arg>
<arg>WS</arg>
<arg>XK</arg>
<arg>YE</arg>
<arg>YT</arg>
<arg>ZA</arg>
<arg>ZM</arg>
<arg>ZW</arg>
<doc>Returns a list containing given items.</doc>
<status status="PASS" start="2024-08-03T22:13:40.095644" elapsed="0.000636"/>
</kw>
<kw name="List Should Contain Value" owner="Collections">
<arg>${list_country}</arg>
<arg>${name_country}</arg>
<doc>Fails if the ``value`` is not found from ``list``.</doc>
<status status="PASS" start="2024-08-03T22:13:40.097105" elapsed="0.000214"/>
</kw>
<kw name="Run Keyword If" owner="BuiltIn">
<kw name="Should Be True" owner="BuiltIn">
<arg>${True}</arg>
<doc>Fails if the given condition is not true.</doc>
<status status="PASS" start="2024-08-03T22:13:40.098273" elapsed="0.000150"/>
</kw>
<arg>${json_data["results"][0]["location"]["coordinates"]["latitude"]} &gt;= -90 and ${json_data["results"][0]["location"]["coordinates"]["latitude"]} &lt;= 90</arg>
<arg>Should Be True</arg>
<arg>${True}</arg>
<doc>Runs the given keyword with the given arguments, if ``condition`` is true.</doc>
<status status="PASS" start="2024-08-03T22:13:40.097515" elapsed="0.001036"/>
</kw>
<kw name="Run Keyword If" owner="BuiltIn">
<kw name="Should Be True" owner="BuiltIn">
<arg>${True}</arg>
<doc>Fails if the given condition is not true.</doc>
<status status="PASS" start="2024-08-03T22:13:40.099441" elapsed="0.000256"/>
</kw>
<arg>${json_data["results"][0]["location"]["coordinates"]["longitude"]} &gt;= -180 and ${json_data["results"][0]["location"]["coordinates"]["longitude"]} &lt;= 180</arg>
<arg>Should Be True</arg>
<arg>${True}</arg>
<doc>Runs the given keyword with the given arguments, if ``condition`` is true.</doc>
<status status="PASS" start="2024-08-03T22:13:40.098735" elapsed="0.001094"/>
</kw>
<status status="PASS" start="2024-08-03T22:13:40.001602" elapsed="0.098363"/>
</kw>
<doc>Testa o conteúdo específico dos campos retornados pela API.</doc>
<tag>testeConteudo</tag>
<status status="PASS" start="2024-08-03T22:13:40.001028" elapsed="0.099096"/>
</test>
<status status="PASS" start="2024-08-03T22:13:39.267377" elapsed="0.834776"/>
</suite>
<status status="PASS" start="2024-08-03T22:13:39.252554" elapsed="0.854799"/>
</suite>
<statistics>
<total>
<stat pass="5" fail="0" skip="0">All Tests</stat>
</total>
<tag>
<stat pass="1" fail="0" skip="0">testeConteudo</stat>
<stat pass="1" fail="0" skip="0">testeEstruturaResposta</stat>
<stat pass="1" fail="0" skip="0">testeRequisicaoBasica</stat>
<stat pass="1" fail="0" skip="0">testeTiposDados</stat>
</tag>
<suite>
<stat pass="5" fail="0" skip="0" id="s1" name="Tests">Tests</stat>
<stat pass="5" fail="0" skip="0" id="s1-s1" name="Random-User-Test">Tests.Random-User-Test</stat>
</suite>
</statistics>
<errors>
</errors>
</robot>
