<?xml version="1.0" encoding="UTF-8"?>
<robot generator="Robot 7.0 (Python 3.12.2 on linux)" generated="2024-03-25T17:13:03.678754" rpa="false" schemaversion="5">
<suite id="s1" name="Tests" source="/home/runner/work/DesafioQAItauRogerioJordao/DesafioQAItauRogerioJordao/RamdonUser/tests">
<suite id="s1-s1" name="Random-User-Test" source="/home/runner/work/DesafioQAItauRogerioJordao/DesafioQAItauRogerioJordao/RamdonUser/tests/random-user-test.robot">
<test id="s1-s1-t1" name="Conectar" line="13">
<kw name="Conectar API" owner="random-user-service">
<kw name="Create Session" owner="RequestsLibrary">
<msg time="2024-03-25T17:13:04.066775" level="INFO">Creating Session using : alias=consultarAPI, url=https://randomuser.me/, headers={},                     cookies={}, auth=None, timeout=None, proxies=None, verify=False,                     debug=0 </msg>
<arg>consultarAPI</arg>
<arg>${URL}</arg>
<doc>Create Session: create a HTTP session to a server</doc>
<status status="PASS" start="2024-03-25T17:13:04.066560" elapsed="0.000413"/>
</kw>
<status status="PASS" start="2024-03-25T17:13:04.065479" elapsed="0.001884"/>
</kw>
<status status="PASS" start="2024-03-25T17:13:04.064782" elapsed="0.002800"/>
</test>
<test id="s1-s1-t2" name="Validar retorno 200 e JSON Válido" line="16">
<kw name="Teste de Requisicao Basica" owner="random-user-service">
<kw name="GET On Session" owner="RequestsLibrary">
<msg time="2024-03-25T17:13:04.154839" level="INFO">GET Request : url=https://randomuser.me/api 
 path_url=/api 
 headers={'User-Agent': 'python-requests/2.31.0', 'Accept-Encoding': 'gzip, deflate', 'Accept': '*/*', 'Connection': 'keep-alive'} 
 body=None 
 </msg>
<msg time="2024-03-25T17:13:04.154998" level="INFO">GET Response : url=https://randomuser.me/api 
 status=200, reason=OK 
 headers={'Date': 'Mon, 25 Mar 2024 17:13:04 GMT', 'Content-Type': 'application/json; charset=utf-8', 'Transfer-Encoding': 'chunked', 'Connection': 'keep-alive', 'X-Powered-By': 'Express', 'Access-Control-Allow-Origin': '*', 'Cache-Control': 'no-cache', 'ETag': 'W/"492-UZTercAeV984XjRi53CXGe0mc4Y"', 'Vary': 'Accept-Encoding', 'Content-Encoding': 'gzip', 'CF-Cache-Status': 'DYNAMIC', 'Report-To': '{"endpoints":[{"url":"https:\\/\\/a.nel.cloudflare.com\\/report\\/v4?s=ssa4rtp0I012k0A2PIfKU5eHw9fzR0rXuNdnVuIOC4Q2sEDTbxyBIM52oH29RJ4J5APUklgImKBQsZHda%2BXiUTYSQ2AypBo8m8voqqYlrOj65H96ZlGF3GEfHEd%2F5ZgG"}],"group":"cf-nel","max_age":604800}', 'NEL': '{"success_fraction":0,"report_to":"cf-nel","max_age":604800}', 'Server': 'cloudflare', 'CF-RAY': '86a08788b94c82c2-IAD', 'alt-svc': 'h3=":443"; ma=86400'} 
 body={"results":[{"gender":"female","name":{"title":"Mrs","first":"Anadir","last":"Pires"},"location":{"street":{"number":3774,"name":"Rua Castro Alves "},"city":"Araguaína","state":"Goiás","country":"Brazil","postcode":88761,"coordinates":{"latitude":"-73.8257","longitude":"109.2954"},"timezone":{"offset":"+7:00","description":"Bangkok, Hanoi, Jakarta"}},"email":"anadir.pires@example.com","login":{"uuid":"0c5d6305-eb9a-4e14-a4fb-8de4f50f5ba1","username":"sadleopard884","password":"xerxes","salt":"TLN4hqjr","md5":"18f739c7635a5de7105dcfd7cc90efb0","sha1":"0fcd7d16d6da3f835e5459888a57b7201ace3d49","sha256":"1f7646ce31fb82403799863c85551d820fed9760aa6dd0d0cbcae01502492cb6"},"dob":{"date":"1995-04-06T01:16:31.080Z","age":28},"registered":{"date":"2007-05-25T08:39:35.204Z","age":16},"phone":"(30) 9376-0317","cell":"(23) 5009-8001","id":{"name":"CPF","value":"976.368.781-42"},"picture":{"large":"https://randomuser.me/api/portraits/women/94.jpg","medium":"https://randomuser.me/api/portraits/med/women/94.jpg","thumbnail":"https://randomuser.me/api/portraits/thumb/women/94.jpg"},"nat":"BR"}],"info":{"seed":"b4a5904afda4decc","results":1,"page":1,"version":"1.4"}} 
 </msg>
<msg time="2024-03-25T17:13:04.155117" level="INFO">/opt/hostedtoolcache/Python/3.12.2/x64/lib/python3.12/site-packages/urllib3/connectionpool.py:1103: InsecureRequestWarning: Unverified HTTPS request is being made to host 'randomuser.me'. Adding certificate verification is strongly advised. See: https://urllib3.readthedocs.io/en/latest/advanced-usage.html#tls-warnings
  warnings.warn(</msg>
<msg time="2024-03-25T17:13:04.155285" level="INFO">${response} = &lt;Response [200]&gt;</msg>
<var>${response}</var>
<arg>consultarAPI</arg>
<arg>/api</arg>
<doc>Sends a GET request on a previously created HTTP Session.</doc>
<status status="PASS" start="2024-03-25T17:13:04.070413" elapsed="0.084939"/>
</kw>
<kw name="Should Be Equal As Numbers" owner="BuiltIn">
<msg time="2024-03-25T17:13:04.156409" level="INFO">Argument types are:
&lt;class 'int'&gt;
&lt;class 'str'&gt;</msg>
<arg>${response.status_code}</arg>
<arg>200</arg>
<doc>Fails if objects are unequal after converting them to real numbers.</doc>
<status status="PASS" start="2024-03-25T17:13:04.155912" elapsed="0.000562"/>
</kw>
<kw name="Log" owner="BuiltIn">
<msg time="2024-03-25T17:13:04.157140" level="INFO">200</msg>
<arg>${response.status_code}</arg>
<doc>Logs the given message with the given level.</doc>
<status status="PASS" start="2024-03-25T17:13:04.156790" elapsed="0.000392"/>
</kw>
<kw name="Set Variable" owner="BuiltIn">
<msg time="2024-03-25T17:13:04.157952" level="INFO">${json_data} = {'results': [{'gender': 'female', 'name': {'title': 'Mrs', 'first': 'Anadir', 'last': 'Pires'}, 'location': {'street': {'number': 3774, 'name': 'Rua Castro Alves '}, 'city': 'Araguaína', 'state': 'Goi...</msg>
<var>${json_data}</var>
<arg>${response.json()}</arg>
<doc>Returns the given values which can then be assigned to a variables.</doc>
<status status="PASS" start="2024-03-25T17:13:04.157509" elapsed="0.000471"/>
</kw>
<kw name="Dictionary Should Contain Key" owner="Collections">
<msg time="2024-03-25T17:13:04.158443" level="INFO">False</msg>
<arg>${json_data}</arg>
<arg>results</arg>
<doc>Fails if ``key`` is not found from ``dictionary``.</doc>
<status status="PASS" start="2024-03-25T17:13:04.158277" elapsed="0.000207"/>
</kw>
<status status="PASS" start="2024-03-25T17:13:04.070145" elapsed="0.088604"/>
</kw>
<doc>Testa se a API responde corretamente e retorna um objeto JSON válido.</doc>
<tag>testeRequisicaoBasica</tag>
<status status="PASS" start="2024-03-25T17:13:04.069543" elapsed="0.089392"/>
</test>
<test id="s1-s1-t3" name="Validar estrutura de resposta" line="22">
<kw name="Teste de Estrutura de Resposta" owner="random-user-service">
<kw name="GET On Session" owner="RequestsLibrary">
<msg time="2024-03-25T17:13:04.360659" level="INFO">GET Request : url=https://randomuser.me/api 
 path_url=/api 
 headers={'User-Agent': 'python-requests/2.31.0', 'Accept-Encoding': 'gzip, deflate', 'Accept': '*/*', 'Connection': 'keep-alive'} 
 body=None 
 </msg>
<msg time="2024-03-25T17:13:04.360779" level="INFO">GET Response : url=https://randomuser.me/api 
 status=200, reason=OK 
 headers={'Date': 'Mon, 25 Mar 2024 17:13:04 GMT', 'Content-Type': 'application/json; charset=utf-8', 'Transfer-Encoding': 'chunked', 'Connection': 'keep-alive', 'X-Powered-By': 'Express', 'Access-Control-Allow-Origin': '*', 'Cache-Control': 'no-cache', 'ETag': 'W/"49a-clpNmb8iYxXD7f88f46Z3Te/z1s"', 'Vary': 'Accept-Encoding', 'Content-Encoding': 'gzip', 'CF-Cache-Status': 'DYNAMIC', 'Report-To': '{"endpoints":[{"url":"https:\\/\\/a.nel.cloudflare.com\\/report\\/v4?s=pmLKNpKmjYcTdRersae45VAV2gfhj7Kp8p4Z4sIh%2FGtlki93SVoLAslbgBuf1%2BDgpFxMPNiGw9O3wwVup581DQmU0l2thXB95EPcs2kZPBnkKRdrW1O3jXxecwsRSKsr"}],"group":"cf-nel","max_age":604800}', 'NEL': '{"success_fraction":0,"report_to":"cf-nel","max_age":604800}', 'Server': 'cloudflare', 'CF-RAY': '86a0878909f982c2-IAD', 'alt-svc': 'h3=":443"; ma=86400'} 
 body={"results":[{"gender":"male","name":{"title":"Mr","first":"Lorenzo","last":"Rodríguez"},"location":{"street":{"number":7319,"name":"Calle del Arenal"},"city":"Sevilla","state":"Castilla la Mancha","country":"Spain","postcode":83864,"coordinates":{"latitude":"-32.3183","longitude":"-167.2407"},"timezone":{"offset":"+4:00","description":"Abu Dhabi, Muscat, Baku, Tbilisi"}},"email":"lorenzo.rodriguez@example.com","login":{"uuid":"acabcd4d-8843-4ce6-833e-eba5d778205d","username":"bluetiger903","password":"codered","salt":"FGqoX4AG","md5":"511925d16d8bf9265e91a1d6f1203d41","sha1":"d3f00e6bf712f014d8683030701f7ac1d38f90d1","sha256":"7832681f02d2bd3bec4657c2edf0f21933fcf8cd8f90d2fd746386e074201cab"},"dob":{"date":"1985-12-02T11:22:54.399Z","age":38},"registered":{"date":"2015-08-25T11:50:26.533Z","age":8},"phone":"984-451-038","cell":"611-305-210","id":{"name":"DNI","value":"18550506-G"},"picture":{"large":"https://randomuser.me/api/portraits/men/33.jpg","medium":"https://randomuser.me/api/portraits/med/men/33.jpg","thumbnail":"https://randomuser.me/api/portraits/thumb/men/33.jpg"},"nat":"ES"}],"info":{"seed":"1cba98bbacbe0ee4","results":1,"page":1,"version":"1.4"}} 
 </msg>
<msg time="2024-03-25T17:13:04.360949" level="INFO">/opt/hostedtoolcache/Python/3.12.2/x64/lib/python3.12/site-packages/urllib3/connectionpool.py:1103: InsecureRequestWarning: Unverified HTTPS request is being made to host 'randomuser.me'. Adding certificate verification is strongly advised. See: https://urllib3.readthedocs.io/en/latest/advanced-usage.html#tls-warnings
  warnings.warn(</msg>
<msg time="2024-03-25T17:13:04.361142" level="INFO">${response} = &lt;Response [200]&gt;</msg>
<var>${response}</var>
<arg>consultarAPI</arg>
<arg>/api</arg>
<doc>Sends a GET request on a previously created HTTP Session.</doc>
<status status="PASS" start="2024-03-25T17:13:04.162095" elapsed="0.199090"/>
</kw>
<kw name="Set Variable" owner="BuiltIn">
<msg time="2024-03-25T17:13:04.362243" level="INFO">${json_data} = {'results': [{'gender': 'male', 'name': {'title': 'Mr', 'first': 'Lorenzo', 'last': 'Rodríguez'}, 'location': {'street': {'number': 7319, 'name': 'Calle del Arenal'}, 'city': 'Sevilla', 'state': 'Cast...</msg>
<var>${json_data}</var>
<arg>${response.json()}</arg>
<doc>Returns the given values which can then be assigned to a variables.</doc>
<status status="PASS" start="2024-03-25T17:13:04.361708" elapsed="0.000565"/>
</kw>
<kw name="Log" owner="BuiltIn">
<msg time="2024-03-25T17:13:04.362749" level="INFO">{'results': [{'gender': 'male', 'name': {'title': 'Mr', 'first': 'Lorenzo', 'last': 'Rodríguez'}, 'location': {'street': {'number': 7319, 'name': 'Calle del Arenal'}, 'city': 'Sevilla', 'state': 'Castilla la Mancha', 'country': 'Spain', 'postcode': 83864, 'coordinates': {'latitude': '-32.3183', 'longitude': '-167.2407'}, 'timezone': {'offset': '+4:00', 'description': 'Abu Dhabi, Muscat, Baku, Tbilisi'}}, 'email': 'lorenzo.rodriguez@example.com', 'login': {'uuid': 'acabcd4d-8843-4ce6-833e-eba5d778205d', 'username': 'bluetiger903', 'password': 'codered', 'salt': 'FGqoX4AG', 'md5': '511925d16d8bf9265e91a1d6f1203d41', 'sha1': 'd3f00e6bf712f014d8683030701f7ac1d38f90d1', 'sha256': '7832681f02d2bd3bec4657c2edf0f21933fcf8cd8f90d2fd746386e074201cab'}, 'dob': {'date': '1985-12-02T11:22:54.399Z', 'age': 38}, 'registered': {'date': '2015-08-25T11:50:26.533Z', 'age': 8}, 'phone': '984-451-038', 'cell': '611-305-210', 'id': {'name': 'DNI', 'value': '18550506-G'}, 'picture': {'large': 'https://randomuser.me/api/portraits/men/33.jpg', 'medium': 'https://randomuser.me/api/portraits/med/men/33.jpg', 'thumbnail': 'https://randomuser.me/api/portraits/thumb/men/33.jpg'}, 'nat': 'ES'}], 'info': {'seed': '1cba98bbacbe0ee4', 'results': 1, 'page': 1, 'version': '1.4'}}</msg>
<arg>${json_data}</arg>
<doc>Logs the given message with the given level.</doc>
<status status="PASS" start="2024-03-25T17:13:04.362585" elapsed="0.000213"/>
</kw>
<kw name="Dictionary Should Contain Key" owner="Collections">
<msg time="2024-03-25T17:13:04.363260" level="INFO">False</msg>
<arg>${json_data}</arg>
<arg>results</arg>
<doc>Fails if ``key`` is not found from ``dictionary``.</doc>
<status status="PASS" start="2024-03-25T17:13:04.363103" elapsed="0.000194"/>
</kw>
<kw name="Should Not Be Empty" owner="BuiltIn">
<msg time="2024-03-25T17:13:04.363719" level="INFO">Length is 2.</msg>
<arg>${json_data}</arg>
<doc>Verifies that the given item is not empty.</doc>
<status status="PASS" start="2024-03-25T17:13:04.363588" elapsed="0.000168"/>
</kw>
<kw name="Create List" owner="BuiltIn">
<msg time="2024-03-25T17:13:04.364225" level="INFO">${expected_keys} = ['gender', 'name', 'location', 'email', 'login']</msg>
<var>${expected_keys}</var>
<arg>gender</arg>
<arg>name</arg>
<arg>location</arg>
<arg>email</arg>
<arg>login</arg>
<doc>Returns a list containing given items.</doc>
<status status="PASS" start="2024-03-25T17:13:04.364068" elapsed="0.000180"/>
</kw>
<for flavor="IN">
<iter>
<kw name="Dictionary Should Contain Key" owner="Collections">
<msg time="2024-03-25T17:13:04.365239" level="INFO">False</msg>
<arg>${json_data['results'][0]}</arg>
<arg>${key}</arg>
<doc>Fails if ``key`` is not found from ``dictionary``.</doc>
<status status="PASS" start="2024-03-25T17:13:04.364838" elapsed="0.000441"/>
</kw>
<kw name="Log" owner="BuiltIn">
<msg time="2024-03-25T17:13:04.365958" level="INFO">{'gender': 'male', 'name': {'title': 'Mr', 'first': 'Lorenzo', 'last': 'Rodríguez'}, 'location': {'street': {'number': 7319, 'name': 'Calle del Arenal'}, 'city': 'Sevilla', 'state': 'Castilla la Mancha', 'country': 'Spain', 'postcode': 83864, 'coordinates': {'latitude': '-32.3183', 'longitude': '-167.2407'}, 'timezone': {'offset': '+4:00', 'description': 'Abu Dhabi, Muscat, Baku, Tbilisi'}}, 'email': 'lorenzo.rodriguez@example.com', 'login': {'uuid': 'acabcd4d-8843-4ce6-833e-eba5d778205d', 'username': 'bluetiger903', 'password': 'codered', 'salt': 'FGqoX4AG', 'md5': '511925d16d8bf9265e91a1d6f1203d41', 'sha1': 'd3f00e6bf712f014d8683030701f7ac1d38f90d1', 'sha256': '7832681f02d2bd3bec4657c2edf0f21933fcf8cd8f90d2fd746386e074201cab'}, 'dob': {'date': '1985-12-02T11:22:54.399Z', 'age': 38}, 'registered': {'date': '2015-08-25T11:50:26.533Z', 'age': 8}, 'phone': '984-451-038', 'cell': '611-305-210', 'id': {'name': 'DNI', 'value': '18550506-G'}, 'picture': {'large': 'https://randomuser.me/api/portraits/men/33.jpg', 'medium': 'https://randomuser.me/api/portraits/med/men/33.jpg', 'thumbnail': 'https://randomuser.me/api/portraits/thumb/men/33.jpg'}, 'nat': 'ES'}</msg>
<arg>${json_data['results'][0]}</arg>
<doc>Logs the given message with the given level.</doc>
<status status="PASS" start="2024-03-25T17:13:04.365584" elapsed="0.000429"/>
</kw>
<kw name="Log" owner="BuiltIn">
<msg time="2024-03-25T17:13:04.366446" level="INFO">gender</msg>
<arg>${key}</arg>
<doc>Logs the given message with the given level.</doc>
<status status="PASS" start="2024-03-25T17:13:04.366317" elapsed="0.000168"/>
</kw>
<var name="${key}">gender</var>
<status status="PASS" start="2024-03-25T17:13:04.364712" elapsed="0.001993"/>
</iter>
<iter>
<kw name="Dictionary Should Contain Key" owner="Collections">
<msg time="2024-03-25T17:13:04.367389" level="INFO">False</msg>
<arg>${json_data['results'][0]}</arg>
<arg>${key}</arg>
<doc>Fails if ``key`` is not found from ``dictionary``.</doc>
<status status="PASS" start="2024-03-25T17:13:04.367014" elapsed="0.000412"/>
</kw>
<kw name="Log" owner="BuiltIn">
<msg time="2024-03-25T17:13:04.368148" level="INFO">{'gender': 'male', 'name': {'title': 'Mr', 'first': 'Lorenzo', 'last': 'Rodríguez'}, 'location': {'street': {'number': 7319, 'name': 'Calle del Arenal'}, 'city': 'Sevilla', 'state': 'Castilla la Mancha', 'country': 'Spain', 'postcode': 83864, 'coordinates': {'latitude': '-32.3183', 'longitude': '-167.2407'}, 'timezone': {'offset': '+4:00', 'description': 'Abu Dhabi, Muscat, Baku, Tbilisi'}}, 'email': 'lorenzo.rodriguez@example.com', 'login': {'uuid': 'acabcd4d-8843-4ce6-833e-eba5d778205d', 'username': 'bluetiger903', 'password': 'codered', 'salt': 'FGqoX4AG', 'md5': '511925d16d8bf9265e91a1d6f1203d41', 'sha1': 'd3f00e6bf712f014d8683030701f7ac1d38f90d1', 'sha256': '7832681f02d2bd3bec4657c2edf0f21933fcf8cd8f90d2fd746386e074201cab'}, 'dob': {'date': '1985-12-02T11:22:54.399Z', 'age': 38}, 'registered': {'date': '2015-08-25T11:50:26.533Z', 'age': 8}, 'phone': '984-451-038', 'cell': '611-305-210', 'id': {'name': 'DNI', 'value': '18550506-G'}, 'picture': {'large': 'https://randomuser.me/api/portraits/men/33.jpg', 'medium': 'https://randomuser.me/api/portraits/med/men/33.jpg', 'thumbnail': 'https://randomuser.me/api/portraits/thumb/men/33.jpg'}, 'nat': 'ES'}</msg>
<arg>${json_data['results'][0]}</arg>
<doc>Logs the given message with the given level.</doc>
<status status="PASS" start="2024-03-25T17:13:04.367769" elapsed="0.000428"/>
</kw>
<kw name="Log" owner="BuiltIn">
<msg time="2024-03-25T17:13:04.368624" level="INFO">name</msg>
<arg>${key}</arg>
<doc>Logs the given message with the given level.</doc>
<status status="PASS" start="2024-03-25T17:13:04.368497" elapsed="0.000165"/>
</kw>
<var name="${key}">name</var>
<status status="PASS" start="2024-03-25T17:13:04.366892" elapsed="0.001985"/>
</iter>
<iter>
<kw name="Dictionary Should Contain Key" owner="Collections">
<msg time="2024-03-25T17:13:04.369536" level="INFO">False</msg>
<arg>${json_data['results'][0]}</arg>
<arg>${key}</arg>
<doc>Fails if ``key`` is not found from ``dictionary``.</doc>
<status status="PASS" start="2024-03-25T17:13:04.369167" elapsed="0.000406"/>
</kw>
<kw name="Log" owner="BuiltIn">
<msg time="2024-03-25T17:13:04.370227" level="INFO">{'gender': 'male', 'name': {'title': 'Mr', 'first': 'Lorenzo', 'last': 'Rodríguez'}, 'location': {'street': {'number': 7319, 'name': 'Calle del Arenal'}, 'city': 'Sevilla', 'state': 'Castilla la Mancha', 'country': 'Spain', 'postcode': 83864, 'coordinates': {'latitude': '-32.3183', 'longitude': '-167.2407'}, 'timezone': {'offset': '+4:00', 'description': 'Abu Dhabi, Muscat, Baku, Tbilisi'}}, 'email': 'lorenzo.rodriguez@example.com', 'login': {'uuid': 'acabcd4d-8843-4ce6-833e-eba5d778205d', 'username': 'bluetiger903', 'password': 'codered', 'salt': 'FGqoX4AG', 'md5': '511925d16d8bf9265e91a1d6f1203d41', 'sha1': 'd3f00e6bf712f014d8683030701f7ac1d38f90d1', 'sha256': '7832681f02d2bd3bec4657c2edf0f21933fcf8cd8f90d2fd746386e074201cab'}, 'dob': {'date': '1985-12-02T11:22:54.399Z', 'age': 38}, 'registered': {'date': '2015-08-25T11:50:26.533Z', 'age': 8}, 'phone': '984-451-038', 'cell': '611-305-210', 'id': {'name': 'DNI', 'value': '18550506-G'}, 'picture': {'large': 'https://randomuser.me/api/portraits/men/33.jpg', 'medium': 'https://randomuser.me/api/portraits/med/men/33.jpg', 'thumbnail': 'https://randomuser.me/api/portraits/thumb/men/33.jpg'}, 'nat': 'ES'}</msg>
<arg>${json_data['results'][0]}</arg>
<doc>Logs the given message with the given level.</doc>
<status status="PASS" start="2024-03-25T17:13:04.369869" elapsed="0.000412"/>
</kw>
<kw name="Log" owner="BuiltIn">
<msg time="2024-03-25T17:13:04.370701" level="INFO">location</msg>
<arg>${key}</arg>
<doc>Logs the given message with the given level.</doc>
<status status="PASS" start="2024-03-25T17:13:04.370576" elapsed="0.000163"/>
</kw>
<var name="${key}">location</var>
<status status="PASS" start="2024-03-25T17:13:04.369057" elapsed="0.001897"/>
</iter>
<iter>
<kw name="Dictionary Should Contain Key" owner="Collections">
<msg time="2024-03-25T17:13:04.371605" level="INFO">False</msg>
<arg>${json_data['results'][0]}</arg>
<arg>${key}</arg>
<doc>Fails if ``key`` is not found from ``dictionary``.</doc>
<status status="PASS" start="2024-03-25T17:13:04.371231" elapsed="0.000410"/>
</kw>
<kw name="Log" owner="BuiltIn">
<msg time="2024-03-25T17:13:04.372323" level="INFO">{'gender': 'male', 'name': {'title': 'Mr', 'first': 'Lorenzo', 'last': 'Rodríguez'}, 'location': {'street': {'number': 7319, 'name': 'Calle del Arenal'}, 'city': 'Sevilla', 'state': 'Castilla la Mancha', 'country': 'Spain', 'postcode': 83864, 'coordinates': {'latitude': '-32.3183', 'longitude': '-167.2407'}, 'timezone': {'offset': '+4:00', 'description': 'Abu Dhabi, Muscat, Baku, Tbilisi'}}, 'email': 'lorenzo.rodriguez@example.com', 'login': {'uuid': 'acabcd4d-8843-4ce6-833e-eba5d778205d', 'username': 'bluetiger903', 'password': 'codered', 'salt': 'FGqoX4AG', 'md5': '511925d16d8bf9265e91a1d6f1203d41', 'sha1': 'd3f00e6bf712f014d8683030701f7ac1d38f90d1', 'sha256': '7832681f02d2bd3bec4657c2edf0f21933fcf8cd8f90d2fd746386e074201cab'}, 'dob': {'date': '1985-12-02T11:22:54.399Z', 'age': 38}, 'registered': {'date': '2015-08-25T11:50:26.533Z', 'age': 8}, 'phone': '984-451-038', 'cell': '611-305-210', 'id': {'name': 'DNI', 'value': '18550506-G'}, 'picture': {'large': 'https://randomuser.me/api/portraits/men/33.jpg', 'medium': 'https://randomuser.me/api/portraits/med/men/33.jpg', 'thumbnail': 'https://randomuser.me/api/portraits/thumb/men/33.jpg'}, 'nat': 'ES'}</msg>
<arg>${json_data['results'][0]}</arg>
<doc>Logs the given message with the given level.</doc>
<status status="PASS" start="2024-03-25T17:13:04.371935" elapsed="0.000437"/>
</kw>
<kw name="Log" owner="BuiltIn">
<msg time="2024-03-25T17:13:04.372829" level="INFO">email</msg>
<arg>${key}</arg>
<doc>Logs the given message with the given level.</doc>
<status status="PASS" start="2024-03-25T17:13:04.372666" elapsed="0.000203"/>
</kw>
<var name="${key}">email</var>
<status status="PASS" start="2024-03-25T17:13:04.371122" elapsed="0.001971"/>
</iter>
<iter>
<kw name="Dictionary Should Contain Key" owner="Collections">
<msg time="2024-03-25T17:13:04.373765" level="INFO">False</msg>
<arg>${json_data['results'][0]}</arg>
<arg>${key}</arg>
<doc>Fails if ``key`` is not found from ``dictionary``.</doc>
<status status="PASS" start="2024-03-25T17:13:04.373384" elapsed="0.000418"/>
</kw>
<kw name="Log" owner="BuiltIn">
<msg time="2024-03-25T17:13:04.374455" level="INFO">{'gender': 'male', 'name': {'title': 'Mr', 'first': 'Lorenzo', 'last': 'Rodríguez'}, 'location': {'street': {'number': 7319, 'name': 'Calle del Arenal'}, 'city': 'Sevilla', 'state': 'Castilla la Mancha', 'country': 'Spain', 'postcode': 83864, 'coordinates': {'latitude': '-32.3183', 'longitude': '-167.2407'}, 'timezone': {'offset': '+4:00', 'description': 'Abu Dhabi, Muscat, Baku, Tbilisi'}}, 'email': 'lorenzo.rodriguez@example.com', 'login': {'uuid': 'acabcd4d-8843-4ce6-833e-eba5d778205d', 'username': 'bluetiger903', 'password': 'codered', 'salt': 'FGqoX4AG', 'md5': '511925d16d8bf9265e91a1d6f1203d41', 'sha1': 'd3f00e6bf712f014d8683030701f7ac1d38f90d1', 'sha256': '7832681f02d2bd3bec4657c2edf0f21933fcf8cd8f90d2fd746386e074201cab'}, 'dob': {'date': '1985-12-02T11:22:54.399Z', 'age': 38}, 'registered': {'date': '2015-08-25T11:50:26.533Z', 'age': 8}, 'phone': '984-451-038', 'cell': '611-305-210', 'id': {'name': 'DNI', 'value': '18550506-G'}, 'picture': {'large': 'https://randomuser.me/api/portraits/men/33.jpg', 'medium': 'https://randomuser.me/api/portraits/med/men/33.jpg', 'thumbnail': 'https://randomuser.me/api/portraits/thumb/men/33.jpg'}, 'nat': 'ES'}</msg>
<arg>${json_data['results'][0]}</arg>
<doc>Logs the given message with the given level.</doc>
<status status="PASS" start="2024-03-25T17:13:04.374094" elapsed="0.000409"/>
</kw>
<kw name="Log" owner="BuiltIn">
<msg time="2024-03-25T17:13:04.374920" level="INFO">login</msg>
<arg>${key}</arg>
<doc>Logs the given message with the given level.</doc>
<status status="PASS" start="2024-03-25T17:13:04.374794" elapsed="0.000279"/>
</kw>
<var name="${key}">login</var>
<status status="PASS" start="2024-03-25T17:13:04.373265" elapsed="0.002059"/>
</iter>
<var>${key}</var>
<value>@{expected_keys}</value>
<status status="PASS" start="2024-03-25T17:13:04.364513" elapsed="0.010939"/>
</for>
<kw name="Create List" owner="BuiltIn">
<msg time="2024-03-25T17:13:04.375784" level="INFO">${expected_keysTwo} = ['username', 'password']</msg>
<var>${expected_keysTwo}</var>
<arg>username</arg>
<arg>password</arg>
<doc>Returns a list containing given items.</doc>
<status status="PASS" start="2024-03-25T17:13:04.375647" elapsed="0.000161"/>
</kw>
<for flavor="IN">
<iter>
<kw name="Dictionary Should Contain Key" owner="Collections">
<msg time="2024-03-25T17:13:04.376721" level="INFO">False</msg>
<arg>${json_data['results'][0]['login']}</arg>
<arg>${keyTwo}</arg>
<doc>Fails if ``key`` is not found from ``dictionary``.</doc>
<status status="PASS" start="2024-03-25T17:13:04.376342" elapsed="0.000416"/>
</kw>
<kw name="Dictionary Should Contain Key" owner="Collections">
<msg time="2024-03-25T17:13:04.377428" level="INFO">False</msg>
<arg>${json_data['results'][0]['login']}</arg>
<arg>${keyTwo}</arg>
<doc>Fails if ``key`` is not found from ``dictionary``.</doc>
<status status="PASS" start="2024-03-25T17:13:04.377051" elapsed="0.000414"/>
</kw>
<kw name="Log" owner="BuiltIn">
<msg time="2024-03-25T17:13:04.377884" level="INFO">username</msg>
<arg>${keyTwo}</arg>
<doc>Logs the given message with the given level.</doc>
<status status="PASS" start="2024-03-25T17:13:04.377758" elapsed="0.000163"/>
</kw>
<var name="${keyTwo}">username</var>
<status status="PASS" start="2024-03-25T17:13:04.376231" elapsed="0.001907"/>
</iter>
<iter>
<kw name="Dictionary Should Contain Key" owner="Collections">
<msg time="2024-03-25T17:13:04.378821" level="INFO">False</msg>
<arg>${json_data['results'][0]['login']}</arg>
<arg>${keyTwo}</arg>
<doc>Fails if ``key`` is not found from ``dictionary``.</doc>
<status status="PASS" start="2024-03-25T17:13:04.378421" elapsed="0.000438"/>
</kw>
<kw name="Dictionary Should Contain Key" owner="Collections">
<msg time="2024-03-25T17:13:04.379549" level="INFO">False</msg>
<arg>${json_data['results'][0]['login']}</arg>
<arg>${keyTwo}</arg>
<doc>Fails if ``key`` is not found from ``dictionary``.</doc>
<status status="PASS" start="2024-03-25T17:13:04.379163" elapsed="0.000423"/>
</kw>
<kw name="Log" owner="BuiltIn">
<msg time="2024-03-25T17:13:04.380035" level="INFO">password</msg>
<arg>${keyTwo}</arg>
<doc>Logs the given message with the given level.</doc>
<status status="PASS" start="2024-03-25T17:13:04.379880" elapsed="0.000194"/>
</kw>
<var name="${keyTwo}">password</var>
<status status="PASS" start="2024-03-25T17:13:04.378312" elapsed="0.001982"/>
</iter>
<var>${keyTwo}</var>
<value>@{expected_keysTwo}</value>
<status status="PASS" start="2024-03-25T17:13:04.376074" elapsed="0.004344"/>
</for>
<status status="PASS" start="2024-03-25T17:13:04.161754" elapsed="0.218812"/>
</kw>
<doc>Testa a estrutura da resposta da API.</doc>
<tag>testeEstruturaResposta</tag>
<status status="PASS" start="2024-03-25T17:13:04.160791" elapsed="0.219945"/>
</test>
<test id="s1-s1-t4" name="Validar tipos de dados" line="28">
<kw name="Teste de Tipos de Dados" owner="random-user-service">
<kw name="GET On Session" owner="RequestsLibrary">
<msg time="2024-03-25T17:13:04.431382" level="INFO">GET Request : url=https://randomuser.me/api 
 path_url=/api 
 headers={'User-Agent': 'python-requests/2.31.0', 'Accept-Encoding': 'gzip, deflate', 'Accept': '*/*', 'Connection': 'keep-alive'} 
 body=None 
 </msg>
<msg time="2024-03-25T17:13:04.431482" level="INFO">GET Response : url=https://randomuser.me/api 
 status=200, reason=OK 
 headers={'Date': 'Mon, 25 Mar 2024 17:13:04 GMT', 'Content-Type': 'application/json; charset=utf-8', 'Transfer-Encoding': 'chunked', 'Connection': 'keep-alive', 'X-Powered-By': 'Express', 'Access-Control-Allow-Origin': '*', 'Cache-Control': 'no-cache', 'ETag': 'W/"480-OQhyQc7fFwltGEP71nsMzVgkqV0"', 'Vary': 'Accept-Encoding', 'Content-Encoding': 'gzip', 'CF-Cache-Status': 'DYNAMIC', 'Report-To': '{"endpoints":[{"url":"https:\\/\\/a.nel.cloudflare.com\\/report\\/v4?s=oLI2cIFVm4hCT1XERo%2FSROX%2F0yFIWs0eaFkXTHdJt8gfq9Kgx7Pal4bLzqz8CAT9e8EVcOm7jk3ab2cTYKcAf%2FTP7vjmB%2FSk7C%2BMyPeAdaFmovnkYOA5R%2BNWqF8%2BKIyR"}],"group":"cf-nel","max_age":604800}', 'NEL': '{"success_fraction":0,"report_to":"cf-nel","max_age":604800}', 'Server': 'cloudflare', 'CF-RAY': '86a0878a6ba782c2-IAD', 'alt-svc': 'h3=":443"; ma=86400'} 
 body={"results":[{"gender":"female","name":{"title":"Mrs","first":"Arundhati","last":"Prabhu"},"location":{"street":{"number":1227,"name":"Car St"},"city":"Pune","state":"Uttarakhand","country":"India","postcode":99096,"coordinates":{"latitude":"6.8121","longitude":"95.0512"},"timezone":{"offset":"+6:00","description":"Almaty, Dhaka, Colombo"}},"email":"arundhati.prabhu@example.com","login":{"uuid":"2a8c11bf-fd90-4094-97b7-2de2e45492e3","username":"heavydog873","password":"rebecca","salt":"1KaaLqJB","md5":"2861e7c58dce55341ed01f9c34acfa61","sha1":"e6b0f53b46252a360ce6a2e07b30336aba344e57","sha256":"cb4c19a658332cd7fa01d3a5e5a40d9a1a588acd0fbd91f6daee9b95cc549dd2"},"dob":{"date":"1994-11-03T21:48:32.863Z","age":29},"registered":{"date":"2005-02-05T08:21:18.632Z","age":19},"phone":"7335181478","cell":"9341346947","id":{"name":"UIDAI","value":"571101407508"},"picture":{"large":"https://randomuser.me/api/portraits/women/87.jpg","medium":"https://randomuser.me/api/portraits/med/women/87.jpg","thumbnail":"https://randomuser.me/api/portraits/thumb/women/87.jpg"},"nat":"IN"}],"info":{"seed":"3c5db827ddc1a462","results":1,"page":1,"version":"1.4"}} 
 </msg>
<msg time="2024-03-25T17:13:04.431555" level="INFO">/opt/hostedtoolcache/Python/3.12.2/x64/lib/python3.12/site-packages/urllib3/connectionpool.py:1103: InsecureRequestWarning: Unverified HTTPS request is being made to host 'randomuser.me'. Adding certificate verification is strongly advised. See: https://urllib3.readthedocs.io/en/latest/advanced-usage.html#tls-warnings
  warnings.warn(</msg>
<msg time="2024-03-25T17:13:04.431701" level="INFO">${response} = &lt;Response [200]&gt;</msg>
<var>${response}</var>
<arg>consultarAPI</arg>
<arg>/api</arg>
<doc>Sends a GET request on a previously created HTTP Session.</doc>
<status status="PASS" start="2024-03-25T17:13:04.383305" elapsed="0.048438"/>
</kw>
<kw name="Set Variable" owner="BuiltIn">
<msg time="2024-03-25T17:13:04.432797" level="INFO">${json_data} = {'results': [{'gender': 'female', 'name': {'title': 'Mrs', 'first': 'Arundhati', 'last': 'Prabhu'}, 'location': {'street': {'number': 1227, 'name': 'Car St'}, 'city': 'Pune', 'state': 'Uttarakhand', '...</msg>
<var>${json_data}</var>
<arg>${response.json()}</arg>
<doc>Returns the given values which can then be assigned to a variables.</doc>
<status status="PASS" start="2024-03-25T17:13:04.432278" elapsed="0.000548"/>
</kw>
<kw name="Log" owner="BuiltIn">
<msg time="2024-03-25T17:13:04.433309" level="INFO">{'results': [{'gender': 'female', 'name': {'title': 'Mrs', 'first': 'Arundhati', 'last': 'Prabhu'}, 'location': {'street': {'number': 1227, 'name': 'Car St'}, 'city': 'Pune', 'state': 'Uttarakhand', 'country': 'India', 'postcode': 99096, 'coordinates': {'latitude': '6.8121', 'longitude': '95.0512'}, 'timezone': {'offset': '+6:00', 'description': 'Almaty, Dhaka, Colombo'}}, 'email': 'arundhati.prabhu@example.com', 'login': {'uuid': '2a8c11bf-fd90-4094-97b7-2de2e45492e3', 'username': 'heavydog873', 'password': 'rebecca', 'salt': '1KaaLqJB', 'md5': '2861e7c58dce55341ed01f9c34acfa61', 'sha1': 'e6b0f53b46252a360ce6a2e07b30336aba344e57', 'sha256': 'cb4c19a658332cd7fa01d3a5e5a40d9a1a588acd0fbd91f6daee9b95cc549dd2'}, 'dob': {'date': '1994-11-03T21:48:32.863Z', 'age': 29}, 'registered': {'date': '2005-02-05T08:21:18.632Z', 'age': 19}, 'phone': '7335181478', 'cell': '9341346947', 'id': {'name': 'UIDAI', 'value': '571101407508'}, 'picture': {'large': 'https://randomuser.me/api/portraits/women/87.jpg', 'medium': 'https://randomuser.me/api/portraits/med/women/87.jpg', 'thumbnail': 'https://randomuser.me/api/portraits/thumb/women/87.jpg'}, 'nat': 'IN'}], 'info': {'seed': '3c5db827ddc1a462', 'results': 1, 'page': 1, 'version': '1.4'}}</msg>
<arg>${json_data}</arg>
<doc>Logs the given message with the given level.</doc>
<status status="PASS" start="2024-03-25T17:13:04.433153" elapsed="0.000242"/>
</kw>
<kw name="Should Be String" owner="String">
<arg>${json_data['results'][0]['gender']}</arg>
<doc>Fails if the given ``item`` is not a string.</doc>
<status status="PASS" start="2024-03-25T17:13:04.433699" elapsed="0.000362"/>
</kw>
<kw name="Should Match Regexp" owner="BuiltIn">
<arg>${json_data['results'][0]['email']}</arg>
<arg>^[a-zA-Z0-9._%+-]+@[a-zA-Z0-9.-]+\.[a-zA-Z]{2,}$</arg>
<doc>Fails if ``string`` does not match ``pattern`` as a regular expression.</doc>
<status status="PASS" start="2024-03-25T17:13:04.434258" elapsed="0.000518"/>
</kw>
<kw name="Should Match Regexp" owner="BuiltIn">
<arg>${json_data['results'][0]['dob']['date']}</arg>
<arg>\\d{4}-\\d{2}-\\d{2}T\\d{2}:\\d{2}:\\d{2}\\.\\d{3}Z</arg>
<doc>Fails if ``string`` does not match ``pattern`` as a regular expression.</doc>
<status status="PASS" start="2024-03-25T17:13:04.434976" elapsed="0.000495"/>
</kw>
<kw name="Should Match Regexp" owner="BuiltIn">
<arg>${json_data['results'][0]['registered']['date']}</arg>
<arg>\\d{4}-\\d{2}-\\d{2}T\\d{2}:\\d{2}:\\d{2}\\.\\d{3}Z</arg>
<doc>Fails if ``string`` does not match ``pattern`` as a regular expression.</doc>
<status status="PASS" start="2024-03-25T17:13:04.435667" elapsed="0.000399"/>
</kw>
<kw name="Should Match Regexp" owner="BuiltIn">
<arg>${json_data['results'][0]['picture']['large']}</arg>
<arg>^https?://.*\.(?:png|jpe?g|gif|bmp)$</arg>
<doc>Fails if ``string`` does not match ``pattern`` as a regular expression.</doc>
<status status="PASS" start="2024-03-25T17:13:04.436258" elapsed="0.000475"/>
</kw>
<kw name="Should Match Regexp" owner="BuiltIn">
<arg>${json_data['results'][0]['picture']['medium']}</arg>
<arg>^https?://.*\.(?:png|jpe?g|gif|bmp)$</arg>
<doc>Fails if ``string`` does not match ``pattern`` as a regular expression.</doc>
<status status="PASS" start="2024-03-25T17:13:04.436933" elapsed="0.000359"/>
</kw>
<kw name="Should Match Regexp" owner="BuiltIn">
<arg>${json_data['results'][0]['picture']['thumbnail']}</arg>
<arg>^https?://.*\.(?:png|jpe?g|gif|bmp)$</arg>
<doc>Fails if ``string`` does not match ``pattern`` as a regular expression.</doc>
<status status="PASS" start="2024-03-25T17:13:04.437486" elapsed="0.000356"/>
</kw>
<kw name="Log" owner="BuiltIn">
<msg time="2024-03-25T17:13:04.438355" level="INFO">{'large': 'https://randomuser.me/api/portraits/women/87.jpg', 'medium': 'https://randomuser.me/api/portraits/med/women/87.jpg', 'thumbnail': 'https://randomuser.me/api/portraits/thumb/women/87.jpg'}</msg>
<arg>${json_data['results'][0]['picture']}</arg>
<doc>Logs the given message with the given level.</doc>
<status status="PASS" start="2024-03-25T17:13:04.438025" elapsed="0.000378"/>
</kw>
<status status="PASS" start="2024-03-25T17:13:04.383069" elapsed="0.055593"/>
</kw>
<kw name="Teste de Tipos de Dados - Postcode" owner="random-user-service">
<kw name="GET On Session" owner="RequestsLibrary">
<msg time="2024-03-25T17:13:04.531653" level="INFO">GET Request : url=https://randomuser.me/api 
 path_url=/api 
 headers={'User-Agent': 'python-requests/2.31.0', 'Accept-Encoding': 'gzip, deflate', 'Accept': '*/*', 'Connection': 'keep-alive'} 
 body=None 
 </msg>
<msg time="2024-03-25T17:13:04.531756" level="INFO">GET Response : url=https://randomuser.me/api 
 status=200, reason=OK 
 headers={'Date': 'Mon, 25 Mar 2024 17:13:04 GMT', 'Content-Type': 'application/json; charset=utf-8', 'Transfer-Encoding': 'chunked', 'Connection': 'keep-alive', 'X-Powered-By': 'Express', 'Access-Control-Allow-Origin': '*', 'Cache-Control': 'no-cache', 'ETag': 'W/"492-ryUMT0KGHj3f7UJnduoBEUXBLrw"', 'Vary': 'Accept-Encoding', 'Content-Encoding': 'gzip', 'CF-Cache-Status': 'DYNAMIC', 'Report-To': '{"endpoints":[{"url":"https:\\/\\/a.nel.cloudflare.com\\/report\\/v4?s=C%2FyY5OXgOiSY%2FNgjNdDdrDaLdUm%2BQe3ORIduGHdkuBzxk8HhD%2FGsCRIU%2FxooIYmKb6z2twTw1xjcrE2h42%2BXveue%2Fu8smvtQf4X5s1MFdtvn5wmWBBoYriFsGu27mo53"}],"group":"cf-nel","max_age":604800}', 'NEL': '{"success_fraction":0,"report_to":"cf-nel","max_age":604800}', 'Server': 'cloudflare', 'CF-RAY': '86a0878acbff82c2-IAD', 'alt-svc': 'h3=":443"; ma=86400'} 
 body={"results":[{"gender":"female","name":{"title":"Ms","first":"Ana","last":"Collins"},"location":{"street":{"number":8747,"name":"Washington Ave"},"city":"Busselton","state":"Western Australia","country":"Australia","postcode":7173,"coordinates":{"latitude":"-88.7101","longitude":"86.8216"},"timezone":{"offset":"+4:00","description":"Abu Dhabi, Muscat, Baku, Tbilisi"}},"email":"ana.collins@example.com","login":{"uuid":"02b9df3e-71d6-4235-880a-f258966a4bbc","username":"redwolf214","password":"2468","salt":"gYAlptdH","md5":"d1ddd5a219173ee2924b1ed72496a191","sha1":"548331badc39724dfea83b0b4f40968d7c86cab8","sha256":"aef72ec3a61f47f075b0288b22488a898707558ad7e37807fe135ef4a3ef39b0"},"dob":{"date":"1965-11-29T13:49:36.817Z","age":58},"registered":{"date":"2013-07-01T23:23:37.394Z","age":10},"phone":"04-4637-7791","cell":"0424-998-373","id":{"name":"TFN","value":"648999838"},"picture":{"large":"https://randomuser.me/api/portraits/women/56.jpg","medium":"https://randomuser.me/api/portraits/med/women/56.jpg","thumbnail":"https://randomuser.me/api/portraits/thumb/women/56.jpg"},"nat":"AU"}],"info":{"seed":"e19777027f82da7c","results":1,"page":1,"version":"1.4"}} 
 </msg>
<msg time="2024-03-25T17:13:04.531848" level="INFO">/opt/hostedtoolcache/Python/3.12.2/x64/lib/python3.12/site-packages/urllib3/connectionpool.py:1103: InsecureRequestWarning: Unverified HTTPS request is being made to host 'randomuser.me'. Adding certificate verification is strongly advised. See: https://urllib3.readthedocs.io/en/latest/advanced-usage.html#tls-warnings
  warnings.warn(</msg>
<msg time="2024-03-25T17:13:04.532005" level="INFO">${response} = &lt;Response [200]&gt;</msg>
<var>${response}</var>
<arg>consultarAPI</arg>
<arg>/api</arg>
<doc>Sends a GET request on a previously created HTTP Session.</doc>
<status status="PASS" start="2024-03-25T17:13:04.439294" elapsed="0.092753"/>
</kw>
<kw name="Set Variable" owner="BuiltIn">
<msg time="2024-03-25T17:13:04.533331" level="INFO">${json_data} = {'results': [{'gender': 'female', 'name': {'title': 'Ms', 'first': 'Ana', 'last': 'Collins'}, 'location': {'street': {'number': 8747, 'name': 'Washington Ave'}, 'city': 'Busselton', 'state': 'Western ...</msg>
<var>${json_data}</var>
<arg>${response.json()}</arg>
<doc>Returns the given values which can then be assigned to a variables.</doc>
<status status="PASS" start="2024-03-25T17:13:04.532715" elapsed="0.000644"/>
</kw>
<kw name="Log" owner="BuiltIn">
<msg time="2024-03-25T17:13:04.533842" level="INFO">{'results': [{'gender': 'female', 'name': {'title': 'Ms', 'first': 'Ana', 'last': 'Collins'}, 'location': {'street': {'number': 8747, 'name': 'Washington Ave'}, 'city': 'Busselton', 'state': 'Western Australia', 'country': 'Australia', 'postcode': 7173, 'coordinates': {'latitude': '-88.7101', 'longitude': '86.8216'}, 'timezone': {'offset': '+4:00', 'description': 'Abu Dhabi, Muscat, Baku, Tbilisi'}}, 'email': 'ana.collins@example.com', 'login': {'uuid': '02b9df3e-71d6-4235-880a-f258966a4bbc', 'username': 'redwolf214', 'password': '2468', 'salt': 'gYAlptdH', 'md5': 'd1ddd5a219173ee2924b1ed72496a191', 'sha1': '548331badc39724dfea83b0b4f40968d7c86cab8', 'sha256': 'aef72ec3a61f47f075b0288b22488a898707558ad7e37807fe135ef4a3ef39b0'}, 'dob': {'date': '1965-11-29T13:49:36.817Z', 'age': 58}, 'registered': {'date': '2013-07-01T23:23:37.394Z', 'age': 10}, 'phone': '04-4637-7791', 'cell': '0424-998-373', 'id': {'name': 'TFN', 'value': '648999838'}, 'picture': {'large': 'https://randomuser.me/api/portraits/women/56.jpg', 'medium': 'https://randomuser.me/api/portraits/med/women/56.jpg', 'thumbnail': 'https://randomuser.me/api/portraits/thumb/women/56.jpg'}, 'nat': 'AU'}], 'info': {'seed': 'e19777027f82da7c', 'results': 1, 'page': 1, 'version': '1.4'}}</msg>
<arg>${json_data}</arg>
<doc>Logs the given message with the given level.</doc>
<status status="PASS" start="2024-03-25T17:13:04.533680" elapsed="0.000244"/>
</kw>
<kw name="Should Be Equal As Numbers" owner="BuiltIn">
<arg>${json_data['results'][0]['location']['postcode']}</arg>
<arg>${json_data['results'][0]['location']['postcode']}</arg>
<doc>Fails if objects are unequal after converting them to real numbers.</doc>
<status status="PASS" start="2024-03-25T17:13:04.534238" elapsed="0.000635"/>
</kw>
<kw name="Log" owner="BuiltIn">
<msg time="2024-03-25T17:13:04.535406" level="INFO">7173</msg>
<arg>${json_data['results'][0]['location']['postcode']}</arg>
<doc>Logs the given message with the given level.</doc>
<status status="PASS" start="2024-03-25T17:13:04.535075" elapsed="0.000370"/>
</kw>
<status status="PASS" start="2024-03-25T17:13:04.438898" elapsed="0.096806"/>
</kw>
<doc>Testa se os tipos de dados na resposta da API estão corretos.</doc>
<tag>testeTiposDados</tag>
<status status="PASS" start="2024-03-25T17:13:04.382512" elapsed="0.153369"/>
</test>
<test id="s1-s1-t5" name="Validar conteudo" line="35">
<kw name="Teste de Tipos de Conteudo" owner="random-user-service">
<kw name="GET On Session" owner="RequestsLibrary">
<msg time="2024-03-25T17:13:04.634091" level="INFO">GET Request : url=https://randomuser.me/api 
 path_url=/api 
 headers={'User-Agent': 'python-requests/2.31.0', 'Accept-Encoding': 'gzip, deflate', 'Accept': '*/*', 'Connection': 'keep-alive'} 
 body=None 
 </msg>
<msg time="2024-03-25T17:13:04.634210" level="INFO">GET Response : url=https://randomuser.me/api 
 status=200, reason=OK 
 headers={'Date': 'Mon, 25 Mar 2024 17:13:04 GMT', 'Content-Type': 'application/json; charset=utf-8', 'Transfer-Encoding': 'chunked', 'Connection': 'keep-alive', 'X-Powered-By': 'Express', 'Access-Control-Allow-Origin': '*', 'Cache-Control': 'no-cache', 'ETag': 'W/"48c-0z2JEBonFvRBTCOZ+5wgi9s/Wtc"', 'Vary': 'Accept-Encoding', 'Content-Encoding': 'gzip', 'CF-Cache-Status': 'DYNAMIC', 'Report-To': '{"endpoints":[{"url":"https:\\/\\/a.nel.cloudflare.com\\/report\\/v4?s=6DRjJ%2Bnt5KyilxpUd3qBe%2B8xZPf3KyeHr14qWngjV5eSN3nFcKvwS5uF9yU6d4N%2FkqX5qMAUbwkOjl94yV5RwN61QDmsnsOzBrFTSUgGG580HD2y0E6aCf1PjAps0eLg"}],"group":"cf-nel","max_age":604800}', 'NEL': '{"success_fraction":0,"report_to":"cf-nel","max_age":604800}', 'Server': 'cloudflare', 'CF-RAY': '86a0878b6c9e82c2-IAD', 'alt-svc': 'h3=":443"; ma=86400'} 
 body={"results":[{"gender":"female","name":{"title":"Mrs","first":"Debbie","last":"Nelson"},"location":{"street":{"number":8967,"name":"St. John’S Road"},"city":"Coventry","state":"Norfolk","country":"United Kingdom","postcode":"B7 8ZS","coordinates":{"latitude":"-8.7314","longitude":"110.1690"},"timezone":{"offset":"+5:45","description":"Kathmandu"}},"email":"debbie.nelson@example.com","login":{"uuid":"4a9bec4a-49dc-4383-b983-a9066fed7d0c","username":"brownmouse626","password":"kristen","salt":"J2XoIo7J","md5":"91c207f5512ce0d2fac84cfab37fe6e4","sha1":"4570cc3abc27cac396f51a26c2868d16778c8e3a","sha256":"0ba7f92b563211b535210084f2dfd7444bd838adb61d8b14d8a6512a2ab9ef37"},"dob":{"date":"1947-11-26T18:27:37.860Z","age":76},"registered":{"date":"2009-10-23T07:49:03.593Z","age":14},"phone":"015242 19000","cell":"07665 402540","id":{"name":"NINO","value":"JK 43 54 56 S"},"picture":{"large":"https://randomuser.me/api/portraits/women/41.jpg","medium":"https://randomuser.me/api/portraits/med/women/41.jpg","thumbnail":"https://randomuser.me/api/portraits/thumb/women/41.jpg"},"nat":"GB"}],"info":{"seed":"80ebafeb52e225be","results":1,"page":1,"version":"1.4"}} 
 </msg>
<msg time="2024-03-25T17:13:04.634301" level="INFO">/opt/hostedtoolcache/Python/3.12.2/x64/lib/python3.12/site-packages/urllib3/connectionpool.py:1103: InsecureRequestWarning: Unverified HTTPS request is being made to host 'randomuser.me'. Adding certificate verification is strongly advised. See: https://urllib3.readthedocs.io/en/latest/advanced-usage.html#tls-warnings
  warnings.warn(</msg>
<msg time="2024-03-25T17:13:04.634463" level="INFO">${response} = &lt;Response [200]&gt;</msg>
<var>${response}</var>
<arg>consultarAPI</arg>
<arg>/api</arg>
<doc>Sends a GET request on a previously created HTTP Session.</doc>
<status status="PASS" start="2024-03-25T17:13:04.538503" elapsed="0.096009"/>
</kw>
<kw name="Set Variable" owner="BuiltIn">
<msg time="2024-03-25T17:13:04.635790" level="INFO">${json_data} = {'results': [{'gender': 'female', 'name': {'title': 'Mrs', 'first': 'Debbie', 'last': 'Nelson'}, 'location': {'street': {'number': 8967, 'name': 'St. John’S Road'}, 'city': 'Coventry', 'state': 'Norfo...</msg>
<var>${json_data}</var>
<arg>${response.json()}</arg>
<doc>Returns the given values which can then be assigned to a variables.</doc>
<status status="PASS" start="2024-03-25T17:13:04.635190" elapsed="0.000631"/>
</kw>
<kw name="Set Variable" owner="BuiltIn">
<msg time="2024-03-25T17:13:04.636574" level="INFO">${name_title} = Mrs</msg>
<var>${name_title}</var>
<arg>${json_data["results"][0]["name"]["title"]}</arg>
<doc>Returns the given values which can then be assigned to a variables.</doc>
<status status="PASS" start="2024-03-25T17:13:04.636183" elapsed="0.000416"/>
</kw>
<kw name="Create List" owner="BuiltIn">
<msg time="2024-03-25T17:13:04.637065" level="INFO">${allowed_titles} = ['Mr', 'Ms', 'Miss', 'Mrs', 'Madame', 'Monsieur']</msg>
<var>${allowed_titles}</var>
<arg>Mr</arg>
<arg>Ms</arg>
<arg>Miss</arg>
<arg>Mrs</arg>
<arg>Madame</arg>
<arg>Monsieur</arg>
<doc>Returns a list containing given items.</doc>
<status status="PASS" start="2024-03-25T17:13:04.636908" elapsed="0.000183"/>
</kw>
<kw name="List Should Contain Value" owner="Collections">
<msg time="2024-03-25T17:13:04.637624" level="INFO">False</msg>
<arg>${allowed_titles}</arg>
<arg>${name_title}</arg>
<doc>Fails if the ``value`` is not found from ``list``.</doc>
<status status="PASS" start="2024-03-25T17:13:04.637420" elapsed="0.000248"/>
</kw>
<kw name="Set Variable" owner="BuiltIn">
<msg time="2024-03-25T17:13:04.638346" level="INFO">${name_country} = GB</msg>
<var>${name_country}</var>
<arg>${json_data["results"][0]["nat"]}</arg>
<doc>Returns the given values which can then be assigned to a variables.</doc>
<status status="PASS" start="2024-03-25T17:13:04.637963" elapsed="0.000408"/>
</kw>
<kw name="Create List" owner="BuiltIn">
<msg time="2024-03-25T17:13:04.639277" level="INFO">${list_country} = ['AD', 'AE', 'AF', 'AG', 'AI', 'AL', 'AM', 'AO', 'AQ', 'AR', 'AS', 'AT', 'AU', 'AW', 'AX', 'AZ', 'BA', 'BB', 'BD', 'BE', 'BF', 'BG', 'BH', 'BI', 'BJ', 'BL', 'BM', 'BN', 'BO', 'BQ', 'BR', 'BS', 'BT', '...</msg>
<var>${list_country}</var>
<arg>AD</arg>
<arg>AE</arg>
<arg>AF</arg>
<arg>AG</arg>
<arg>AI</arg>
<arg>AL</arg>
<arg>AM</arg>
<arg>AO</arg>
<arg>AQ</arg>
<arg>AR</arg>
<arg>AS</arg>
<arg>AT</arg>
<arg>AU</arg>
<arg>AW</arg>
<arg>AX</arg>
<arg>AZ</arg>
<arg>BA</arg>
<arg>BB</arg>
<arg>BD</arg>
<arg>BE</arg>
<arg>BF</arg>
<arg>BG</arg>
<arg>BH</arg>
<arg>BI</arg>
<arg>BJ</arg>
<arg>BL</arg>
<arg>BM</arg>
<arg>BN</arg>
<arg>BO</arg>
<arg>BQ</arg>
<arg>BR</arg>
<arg>BS</arg>
<arg>BT</arg>
<arg>BV</arg>
<arg>BW</arg>
<arg>BY</arg>
<arg>BZ</arg>
<arg>CA</arg>
<arg>CC</arg>
<arg>CD</arg>
<arg>CF</arg>
<arg>CG</arg>
<arg>CH</arg>
<arg>CI</arg>
<arg>CK</arg>
<arg>CL</arg>
<arg>CM</arg>
<arg>CN</arg>
<arg>CO</arg>
<arg>CR</arg>
<arg>CU</arg>
<arg>CV</arg>
<arg>CW</arg>
<arg>CX</arg>
<arg>CY</arg>
<arg>CZ</arg>
<arg>DE</arg>
<arg>DJ</arg>
<arg>DK</arg>
<arg>DM</arg>
<arg>DO</arg>
<arg>DZ</arg>
<arg>EC</arg>
<arg>EE</arg>
<arg>EG</arg>
<arg>EH</arg>
<arg>ER</arg>
<arg>ES</arg>
<arg>ET</arg>
<arg>FI</arg>
<arg>FJ</arg>
<arg>FK</arg>
<arg>FM</arg>
<arg>FO</arg>
<arg>FR</arg>
<arg>GA</arg>
<arg>GB</arg>
<arg>GD</arg>
<arg>GE</arg>
<arg>GF</arg>
<arg>GG</arg>
<arg>GH</arg>
<arg>GI</arg>
<arg>GL</arg>
<arg>GM</arg>
<arg>GN</arg>
<arg>GP</arg>
<arg>GQ</arg>
<arg>GR</arg>
<arg>GS</arg>
<arg>GT</arg>
<arg>GU</arg>
<arg>GW</arg>
<arg>GY</arg>
<arg>HK</arg>
<arg>HM</arg>
<arg>HN</arg>
<arg>HR</arg>
<arg>HT</arg>
<arg>HU</arg>
<arg>ID</arg>
<arg>IE</arg>
<arg>IL</arg>
<arg>IM</arg>
<arg>IN</arg>
<arg>IO</arg>
<arg>IQ</arg>
<arg>IR</arg>
<arg>IS</arg>
<arg>IT</arg>
<arg>JE</arg>
<arg>JM</arg>
<arg>JO</arg>
<arg>JP</arg>
<arg>KE</arg>
<arg>KG</arg>
<arg>KH</arg>
<arg>KI</arg>
<arg>KM</arg>
<arg>KN</arg>
<arg>KP</arg>
<arg>KR</arg>
<arg>KW</arg>
<arg>KY</arg>
<arg>KZ</arg>
<arg>LA</arg>
<arg>LB</arg>
<arg>LC</arg>
<arg>LI</arg>
<arg>LK</arg>
<arg>LR</arg>
<arg>LS</arg>
<arg>LT</arg>
<arg>LU</arg>
<arg>LV</arg>
<arg>LY</arg>
<arg>MA</arg>
<arg>MC</arg>
<arg>MD</arg>
<arg>ME</arg>
<arg>MF</arg>
<arg>MG</arg>
<arg>MH</arg>
<arg>MK</arg>
<arg>ML</arg>
<arg>MM</arg>
<arg>MN</arg>
<arg>MO</arg>
<arg>MP</arg>
<arg>MQ</arg>
<arg>MR</arg>
<arg>MS</arg>
<arg>MT</arg>
<arg>MU</arg>
<arg>MV</arg>
<arg>MW</arg>
<arg>MX</arg>
<arg>MY</arg>
<arg>MZ</arg>
<arg>NA</arg>
<arg>NC</arg>
<arg>NE</arg>
<arg>NF</arg>
<arg>NG</arg>
<arg>NI</arg>
<arg>NL</arg>
<arg>NO</arg>
<arg>NP</arg>
<arg>NR</arg>
<arg>NU</arg>
<arg>NZ</arg>
<arg>OM</arg>
<arg>PA</arg>
<arg>PE</arg>
<arg>PF</arg>
<arg>PG</arg>
<arg>PH</arg>
<arg>PK</arg>
<arg>PL</arg>
<arg>PM</arg>
<arg>PN</arg>
<arg>PR</arg>
<arg>PS</arg>
<arg>PT</arg>
<arg>PW</arg>
<arg>PY</arg>
<arg>QA</arg>
<arg>RE</arg>
<arg>RO</arg>
<arg>RS</arg>
<arg>RU</arg>
<arg>RW</arg>
<arg>SA</arg>
<arg>SB</arg>
<arg>SC</arg>
<arg>SD</arg>
<arg>SE</arg>
<arg>SG</arg>
<arg>SH</arg>
<arg>SI</arg>
<arg>SJ</arg>
<arg>SK</arg>
<arg>SL</arg>
<arg>SM</arg>
<arg>SN</arg>
<arg>SO</arg>
<arg>SR</arg>
<arg>SS</arg>
<arg>ST</arg>
<arg>SV</arg>
<arg>SX</arg>
<arg>SY</arg>
<arg>SZ</arg>
<arg>TC</arg>
<arg>TD</arg>
<arg>TF</arg>
<arg>TG</arg>
<arg>TH</arg>
<arg>TJ</arg>
<arg>TK</arg>
<arg>TL</arg>
<arg>TM</arg>
<arg>TN</arg>
<arg>TO</arg>
<arg>TR</arg>
<arg>TT</arg>
<arg>TV</arg>
<arg>TW</arg>
<arg>TZ</arg>
<arg>UA</arg>
<arg>UG</arg>
<arg>UM</arg>
<arg>US</arg>
<arg>UY</arg>
<arg>UZ</arg>
<arg>VA</arg>
<arg>VC</arg>
<arg>VE</arg>
<arg>VG</arg>
<arg>VI</arg>
<arg>VN</arg>
<arg>VU</arg>
<arg>WF</arg>
<arg>WS</arg>
<arg>XK</arg>
<arg>YE</arg>
<arg>YT</arg>
<arg>ZA</arg>
<arg>ZM</arg>
<arg>ZW</arg>
<doc>Returns a list containing given items.</doc>
<status status="PASS" start="2024-03-25T17:13:04.638682" elapsed="0.000621"/>
</kw>
<kw name="List Should Contain Value" owner="Collections">
<msg time="2024-03-25T17:13:04.640471" level="INFO">False</msg>
<arg>${list_country}</arg>
<arg>${name_country}</arg>
<doc>Fails if the ``value`` is not found from ``list``.</doc>
<status status="PASS" start="2024-03-25T17:13:04.640263" elapsed="0.000246"/>
</kw>
<kw name="Run Keyword If" owner="BuiltIn">
<kw name="Should Be True" owner="BuiltIn">
<arg>${True}</arg>
<doc>Fails if the given condition is not true.</doc>
<status status="PASS" start="2024-03-25T17:13:04.641597" elapsed="0.000147"/>
</kw>
<arg>${json_data["results"][0]["location"]["coordinates"]["latitude"]} &gt;= -90 and ${json_data["results"][0]["location"]["coordinates"]["latitude"]} &lt;= 90</arg>
<arg>Should Be True</arg>
<arg>${True}</arg>
<doc>Runs the given keyword with the given arguments, if ``condition`` is true.</doc>
<status status="PASS" start="2024-03-25T17:13:04.640826" elapsed="0.001047"/>
</kw>
<kw name="Run Keyword If" owner="BuiltIn">
<kw name="Should Be True" owner="BuiltIn">
<arg>${True}</arg>
<doc>Fails if the given condition is not true.</doc>
<status status="PASS" start="2024-03-25T17:13:04.642754" elapsed="0.000141"/>
</kw>
<arg>${json_data["results"][0]["location"]["coordinates"]["longitude"]} &gt;= -180 and ${json_data["results"][0]["location"]["coordinates"]["longitude"]} &lt;= 180</arg>
<arg>Should Be True</arg>
<arg>${True}</arg>
<doc>Runs the given keyword with the given arguments, if ``condition`` is true.</doc>
<status status="PASS" start="2024-03-25T17:13:04.642060" elapsed="0.000962"/>
</kw>
<status status="PASS" start="2024-03-25T17:13:04.538268" elapsed="0.104896"/>
</kw>
<doc>Testa o conteúdo específico dos campos retornados pela API.</doc>
<tag>testeConteudo</tag>
<status status="PASS" start="2024-03-25T17:13:04.537723" elapsed="0.105600"/>
</test>
<status status="PASS" start="2024-03-25T17:13:03.746851" elapsed="0.898470"/>
</suite>
<status status="PASS" start="2024-03-25T17:13:03.732551" elapsed="0.918166"/>
</suite>
<statistics>
<total>
<stat pass="5" fail="0" skip="0">All Tests</stat>
</total>
<tag>
<stat pass="1" fail="0" skip="0">testeConteudo</stat>
<stat pass="1" fail="0" skip="0">testeEstruturaResposta</stat>
<stat pass="1" fail="0" skip="0">testeRequisicaoBasica</stat>
<stat pass="1" fail="0" skip="0">testeTiposDados</stat>
</tag>
<suite>
<stat pass="5" fail="0" skip="0" id="s1" name="Tests">Tests</stat>
<stat pass="5" fail="0" skip="0" id="s1-s1" name="Random-User-Test">Tests.Random-User-Test</stat>
</suite>
</statistics>
<errors>
</errors>
</robot>
