<?xml version="1.0" encoding="UTF-8"?>
<robot generator="Robot 7.0.1 (Python 3.12.3 on linux)" generated="2024-06-14T09:16:03.655831" rpa="false" schemaversion="5">
<suite id="s1" name="Tests" source="/home/runner/work/ApiRandomUser/ApiRandomUser/RamdonUser/tests">
<suite id="s1-s1" name="Random-User-Test" source="/home/runner/work/ApiRandomUser/ApiRandomUser/RamdonUser/tests/random-user-test.robot">
<test id="s1-s1-t1" name="Conectar" line="13">
<kw name="Conectar API" owner="random-user-service">
<kw name="Create Session" owner="RequestsLibrary">
<msg time="2024-06-14T09:16:04.080496" level="INFO">Creating Session using : alias=consultarAPI, url=https://randomuser.me/, headers={},                     cookies={}, auth=None, timeout=None, proxies=None, verify=False,                     debug=0 </msg>
<arg>consultarAPI</arg>
<arg>${URL}</arg>
<doc>Create Session: create a HTTP session to a server</doc>
<status status="PASS" start="2024-06-14T09:16:04.080289" elapsed="0.000390"/>
</kw>
<status status="PASS" start="2024-06-14T09:16:04.079214" elapsed="0.001840"/>
</kw>
<status status="PASS" start="2024-06-14T09:16:04.078568" elapsed="0.002685"/>
</test>
<test id="s1-s1-t2" name="Validar retorno 200 e JSON Válido" line="16">
<kw name="Teste de Requisicao Basica" owner="random-user-service">
<kw name="GET On Session" owner="RequestsLibrary">
<msg time="2024-06-14T09:16:04.656072" level="INFO">GET Request : url=https://randomuser.me/api 
 path_url=/api 
 headers={'User-Agent': 'python-requests/2.32.3', 'Accept-Encoding': 'gzip, deflate', 'Accept': '*/*', 'Connection': 'keep-alive'} 
 body=None 
 </msg>
<msg time="2024-06-14T09:16:04.656242" level="INFO">GET Response : url=https://randomuser.me/api 
 status=200, reason=OK 
 headers={'Date': 'Fri, 14 Jun 2024 09:16:04 GMT', 'Content-Type': 'application/json; charset=utf-8', 'Transfer-Encoding': 'chunked', 'Connection': 'keep-alive', 'X-Powered-By': 'Express', 'Access-Control-Allow-Origin': '*', 'Cache-Control': 'no-cache', 'ETag': 'W/"498-goBfDZ+RUQIeiQQSN29d/IUiSQE"', 'Vary': 'Accept-Encoding', 'Content-Encoding': 'gzip', 'CF-Cache-Status': 'DYNAMIC', 'Report-To': '{"endpoints":[{"url":"https:\\/\\/a.nel.cloudflare.com\\/report\\/v4?s=bEAHtoxnKVKkujpjeJCe8dC5Wlm4NG66MYkjg%2FnLB3G5liN1Agx%2BfQ84QBtI89AnpAZKYFIb%2Ffk7WmPgOovEcCULfR%2BIJ0Lt6Arhe6alWgMs17ygkoMJkJMUdUcyX%2BdB"}],"group":"cf-nel","max_age":604800}', 'NEL': '{"success_fraction":0,"report_to":"cf-nel","max_age":604800}', 'Server': 'cloudflare', 'CF-RAY': '8939382fca1f9c4c-IAD', 'alt-svc': 'h3=":443"; ma=86400'} 
 body={"results":[{"gender":"female","name":{"title":"Miss","first":"Nicky","last":"Taylor"},"location":{"street":{"number":986,"name":"London Road"},"city":"City of London","state":"Somerset","country":"United Kingdom","postcode":"PV2O 7PU","coordinates":{"latitude":"-7.7050","longitude":"173.6462"},"timezone":{"offset":"+9:30","description":"Adelaide, Darwin"}},"email":"nicky.taylor@example.com","login":{"uuid":"be1e153c-75c3-4954-aa36-1df088e98781","username":"happybutterfly883","password":"cayman","salt":"wYoLvpON","md5":"1d82c6753ed004b0702995a30b5dbf49","sha1":"00c2ed12c253a6b6b5ade396886cfac043e67d2f","sha256":"e794cd54c9211a6d8d8a73ad8f46efb73fc4915171a28a07618650a39ecf8d53"},"dob":{"date":"1998-04-09T09:01:10.009Z","age":26},"registered":{"date":"2003-03-14T23:25:51.544Z","age":21},"phone":"028 4599 1617","cell":"07614 680799","id":{"name":"NINO","value":"SL 80 42 60 N"},"picture":{"large":"https://randomuser.me/api/portraits/women/53.jpg","medium":"https://randomuser.me/api/portraits/med/women/53.jpg","thumbnail":"https://randomuser.me/api/portraits/thumb/women/53.jpg"},"nat":"GB"}],"info":{"seed":"de15d34e9fc2a369","results":1,"page":1,"version":"1.4"}} 
 </msg>
<msg time="2024-06-14T09:16:04.656335" level="INFO">/opt/hostedtoolcache/Python/3.12.3/x64/lib/python3.12/site-packages/urllib3/connectionpool.py:1103: InsecureRequestWarning: Unverified HTTPS request is being made to host 'randomuser.me'. Adding certificate verification is strongly advised. See: https://urllib3.readthedocs.io/en/latest/advanced-usage.html#tls-warnings
  warnings.warn(</msg>
<msg time="2024-06-14T09:16:04.656468" level="INFO">${response} = &lt;Response [200]&gt;</msg>
<var>${response}</var>
<arg>consultarAPI</arg>
<arg>/api</arg>
<doc>Sends a GET request on a previously created HTTP Session.</doc>
<status status="PASS" start="2024-06-14T09:16:04.084045" elapsed="0.572450"/>
</kw>
<kw name="Should Be Equal As Numbers" owner="BuiltIn">
<msg time="2024-06-14T09:16:04.657516" level="INFO">Argument types are:
&lt;class 'int'&gt;
&lt;class 'str'&gt;</msg>
<arg>${response.status_code}</arg>
<arg>200</arg>
<doc>Fails if objects are unequal after converting them to real numbers.</doc>
<status status="PASS" start="2024-06-14T09:16:04.657055" elapsed="0.000526"/>
</kw>
<kw name="Log" owner="BuiltIn">
<msg time="2024-06-14T09:16:04.658255" level="INFO">200</msg>
<arg>${response.status_code}</arg>
<doc>Logs the given message with the given level.</doc>
<status status="PASS" start="2024-06-14T09:16:04.657916" elapsed="0.000386"/>
</kw>
<kw name="Set Variable" owner="BuiltIn">
<msg time="2024-06-14T09:16:04.659086" level="INFO">${json_data} = {'results': [{'gender': 'female', 'name': {'title': 'Miss', 'first': 'Nicky', 'last': 'Taylor'}, 'location': {'street': {'number': 986, 'name': 'London Road'}, 'city': 'City of London', 'state': 'Some...</msg>
<var>${json_data}</var>
<arg>${response.json()}</arg>
<doc>Returns the given values which can then be assigned to a variables.</doc>
<status status="PASS" start="2024-06-14T09:16:04.658602" elapsed="0.000513"/>
</kw>
<kw name="Dictionary Should Contain Key" owner="Collections">
<arg>${json_data}</arg>
<arg>results</arg>
<doc>Fails if ``key`` is not found from ``dictionary``.</doc>
<status status="PASS" start="2024-06-14T09:16:04.659415" elapsed="0.000165"/>
</kw>
<status status="PASS" start="2024-06-14T09:16:04.083798" elapsed="0.575932"/>
</kw>
<doc>Testa se a API responde corretamente e retorna um objeto JSON válido.</doc>
<tag>testeRequisicaoBasica</tag>
<status status="PASS" start="2024-06-14T09:16:04.083222" elapsed="0.576682"/>
</test>
<test id="s1-s1-t3" name="Validar estrutura de resposta" line="22">
<kw name="Teste de Estrutura de Resposta" owner="random-user-service">
<kw name="GET On Session" owner="RequestsLibrary">
<msg time="2024-06-14T09:16:04.806289" level="INFO">GET Request : url=https://randomuser.me/api 
 path_url=/api 
 headers={'User-Agent': 'python-requests/2.32.3', 'Accept-Encoding': 'gzip, deflate', 'Accept': '*/*', 'Connection': 'keep-alive'} 
 body=None 
 </msg>
<msg time="2024-06-14T09:16:04.806390" level="INFO">GET Response : url=https://randomuser.me/api 
 status=200, reason=OK 
 headers={'Date': 'Fri, 14 Jun 2024 09:16:04 GMT', 'Content-Type': 'application/json; charset=utf-8', 'Transfer-Encoding': 'chunked', 'Connection': 'keep-alive', 'X-Powered-By': 'Express', 'Access-Control-Allow-Origin': '*', 'Cache-Control': 'no-cache', 'ETag': 'W/"499-UpuZfjF34cGPNYKvZrai9ZowYmk"', 'Vary': 'Accept-Encoding', 'Content-Encoding': 'gzip', 'CF-Cache-Status': 'DYNAMIC', 'Report-To': '{"endpoints":[{"url":"https:\\/\\/a.nel.cloudflare.com\\/report\\/v4?s=N%2BW3G7B1FbHkvTgvq9yoA21SVFLQ8hLwOflkumI42Q6fFy3Ek%2BK5iH0WNUKcNK13vJyh8xhBaJgzmg6ZDgEgEKYQQ70B%2FDbH05jSyLv2UBYLFHZjYTbm%2FDILEYu%2FVDtm"}],"group":"cf-nel","max_age":604800}', 'NEL': '{"success_fraction":0,"report_to":"cf-nel","max_age":604800}', 'Server': 'cloudflare', 'CF-RAY': '893938312b309c4c-IAD', 'alt-svc': 'h3=":443"; ma=86400'} 
 body={"results":[{"gender":"male","name":{"title":"Mr","first":"Darren","last":"Ruiz"},"location":{"street":{"number":1594,"name":"Northaven Rd"},"city":"Hervey Bay","state":"Northern Territory","country":"Australia","postcode":8298,"coordinates":{"latitude":"-84.2982","longitude":"-15.1827"},"timezone":{"offset":"-4:00","description":"Atlantic Time (Canada), Caracas, La Paz"}},"email":"darren.ruiz@example.com","login":{"uuid":"3c428752-32e9-47ab-8e78-d0d8168bde79","username":"heavyleopard846","password":"tennis1","salt":"nk4JDOSt","md5":"e36c4d5c564ea0cde73b5800e32361c9","sha1":"11f43a240ee96b55118a86b2e35e2070dcb1ceee","sha256":"9e0daec30d4fb3602eb4e85d07c9841f61a1e8df7c7563c94981c0834d45d1c9"},"dob":{"date":"1947-06-04T14:14:35.438Z","age":77},"registered":{"date":"2018-11-21T11:54:02.060Z","age":5},"phone":"00-3568-9468","cell":"0435-239-061","id":{"name":"TFN","value":"009895901"},"picture":{"large":"https://randomuser.me/api/portraits/men/53.jpg","medium":"https://randomuser.me/api/portraits/med/men/53.jpg","thumbnail":"https://randomuser.me/api/portraits/thumb/men/53.jpg"},"nat":"AU"}],"info":{"seed":"eef02fd1a7d1df18","results":1,"page":1,"version":"1.4"}} 
 </msg>
<msg time="2024-06-14T09:16:04.806544" level="INFO">/opt/hostedtoolcache/Python/3.12.3/x64/lib/python3.12/site-packages/urllib3/connectionpool.py:1103: InsecureRequestWarning: Unverified HTTPS request is being made to host 'randomuser.me'. Adding certificate verification is strongly advised. See: https://urllib3.readthedocs.io/en/latest/advanced-usage.html#tls-warnings
  warnings.warn(</msg>
<msg time="2024-06-14T09:16:04.806672" level="INFO">${response} = &lt;Response [200]&gt;</msg>
<var>${response}</var>
<arg>consultarAPI</arg>
<arg>/api</arg>
<doc>Sends a GET request on a previously created HTTP Session.</doc>
<status status="PASS" start="2024-06-14T09:16:04.662708" elapsed="0.144005"/>
</kw>
<kw name="Set Variable" owner="BuiltIn">
<msg time="2024-06-14T09:16:04.807702" level="INFO">${json_data} = {'results': [{'gender': 'male', 'name': {'title': 'Mr', 'first': 'Darren', 'last': 'Ruiz'}, 'location': {'street': {'number': 1594, 'name': 'Northaven Rd'}, 'city': 'Hervey Bay', 'state': 'Northern Te...</msg>
<var>${json_data}</var>
<arg>${response.json()}</arg>
<doc>Returns the given values which can then be assigned to a variables.</doc>
<status status="PASS" start="2024-06-14T09:16:04.807222" elapsed="0.000510"/>
</kw>
<kw name="Log" owner="BuiltIn">
<msg time="2024-06-14T09:16:04.808193" level="INFO">{'results': [{'gender': 'male', 'name': {'title': 'Mr', 'first': 'Darren', 'last': 'Ruiz'}, 'location': {'street': {'number': 1594, 'name': 'Northaven Rd'}, 'city': 'Hervey Bay', 'state': 'Northern Territory', 'country': 'Australia', 'postcode': 8298, 'coordinates': {'latitude': '-84.2982', 'longitude': '-15.1827'}, 'timezone': {'offset': '-4:00', 'description': 'Atlantic Time (Canada), Caracas, La Paz'}}, 'email': 'darren.ruiz@example.com', 'login': {'uuid': '3c428752-32e9-47ab-8e78-d0d8168bde79', 'username': 'heavyleopard846', 'password': 'tennis1', 'salt': 'nk4JDOSt', 'md5': 'e36c4d5c564ea0cde73b5800e32361c9', 'sha1': '11f43a240ee96b55118a86b2e35e2070dcb1ceee', 'sha256': '9e0daec30d4fb3602eb4e85d07c9841f61a1e8df7c7563c94981c0834d45d1c9'}, 'dob': {'date': '1947-06-04T14:14:35.438Z', 'age': 77}, 'registered': {'date': '2018-11-21T11:54:02.060Z', 'age': 5}, 'phone': '00-3568-9468', 'cell': '0435-239-061', 'id': {'name': 'TFN', 'value': '009895901'}, 'picture': {'large': 'https://randomuser.me/api/portraits/men/53.jpg', 'medium': 'https://randomuser.me/api/portraits/med/men/53.jpg', 'thumbnail': 'https://randomuser.me/api/portraits/thumb/men/53.jpg'}, 'nat': 'AU'}], 'info': {'seed': 'eef02fd1a7d1df18', 'results': 1, 'page': 1, 'version': '1.4'}}</msg>
<arg>${json_data}</arg>
<doc>Logs the given message with the given level.</doc>
<status status="PASS" start="2024-06-14T09:16:04.808037" elapsed="0.000203"/>
</kw>
<kw name="Dictionary Should Contain Key" owner="Collections">
<arg>${json_data}</arg>
<arg>results</arg>
<doc>Fails if ``key`` is not found from ``dictionary``.</doc>
<status status="PASS" start="2024-06-14T09:16:04.808529" elapsed="0.000158"/>
</kw>
<kw name="Should Not Be Empty" owner="BuiltIn">
<msg time="2024-06-14T09:16:04.808992" level="INFO">Length is 2.</msg>
<arg>${json_data}</arg>
<doc>Verifies that the given item is not empty.</doc>
<status status="PASS" start="2024-06-14T09:16:04.808869" elapsed="0.000160"/>
</kw>
<kw name="Create List" owner="BuiltIn">
<msg time="2024-06-14T09:16:04.809459" level="INFO">${expected_keys} = ['gender', 'name', 'location', 'email', 'login']</msg>
<var>${expected_keys}</var>
<arg>gender</arg>
<arg>name</arg>
<arg>location</arg>
<arg>email</arg>
<arg>login</arg>
<doc>Returns a list containing given items.</doc>
<status status="PASS" start="2024-06-14T09:16:04.809314" elapsed="0.000168"/>
</kw>
<for flavor="IN">
<iter>
<kw name="Dictionary Should Contain Key" owner="Collections">
<arg>${json_data['results'][0]}</arg>
<arg>${key}</arg>
<doc>Fails if ``key`` is not found from ``dictionary``.</doc>
<status status="PASS" start="2024-06-14T09:16:04.810051" elapsed="0.000398"/>
</kw>
<kw name="Log" owner="BuiltIn">
<msg time="2024-06-14T09:16:04.811042" level="INFO">{'gender': 'male', 'name': {'title': 'Mr', 'first': 'Darren', 'last': 'Ruiz'}, 'location': {'street': {'number': 1594, 'name': 'Northaven Rd'}, 'city': 'Hervey Bay', 'state': 'Northern Territory', 'country': 'Australia', 'postcode': 8298, 'coordinates': {'latitude': '-84.2982', 'longitude': '-15.1827'}, 'timezone': {'offset': '-4:00', 'description': 'Atlantic Time (Canada), Caracas, La Paz'}}, 'email': 'darren.ruiz@example.com', 'login': {'uuid': '3c428752-32e9-47ab-8e78-d0d8168bde79', 'username': 'heavyleopard846', 'password': 'tennis1', 'salt': 'nk4JDOSt', 'md5': 'e36c4d5c564ea0cde73b5800e32361c9', 'sha1': '11f43a240ee96b55118a86b2e35e2070dcb1ceee', 'sha256': '9e0daec30d4fb3602eb4e85d07c9841f61a1e8df7c7563c94981c0834d45d1c9'}, 'dob': {'date': '1947-06-04T14:14:35.438Z', 'age': 77}, 'registered': {'date': '2018-11-21T11:54:02.060Z', 'age': 5}, 'phone': '00-3568-9468', 'cell': '0435-239-061', 'id': {'name': 'TFN', 'value': '009895901'}, 'picture': {'large': 'https://randomuser.me/api/portraits/men/53.jpg', 'medium': 'https://randomuser.me/api/portraits/med/men/53.jpg', 'thumbnail': 'https://randomuser.me/api/portraits/thumb/men/53.jpg'}, 'nat': 'AU'}</msg>
<arg>${json_data['results'][0]}</arg>
<doc>Logs the given message with the given level.</doc>
<status status="PASS" start="2024-06-14T09:16:04.810640" elapsed="0.000460"/>
</kw>
<kw name="Log" owner="BuiltIn">
<msg time="2024-06-14T09:16:04.811525" level="INFO">gender</msg>
<arg>${key}</arg>
<doc>Logs the given message with the given level.</doc>
<status status="PASS" start="2024-06-14T09:16:04.811399" elapsed="0.000171"/>
</kw>
<var name="${key}">gender</var>
<status status="PASS" start="2024-06-14T09:16:04.809929" elapsed="0.001866"/>
</iter>
<iter>
<kw name="Dictionary Should Contain Key" owner="Collections">
<arg>${json_data['results'][0]}</arg>
<arg>${key}</arg>
<doc>Fails if ``key`` is not found from ``dictionary``.</doc>
<status status="PASS" start="2024-06-14T09:16:04.812092" elapsed="0.000384"/>
</kw>
<kw name="Log" owner="BuiltIn">
<msg time="2024-06-14T09:16:04.813012" level="INFO">{'gender': 'male', 'name': {'title': 'Mr', 'first': 'Darren', 'last': 'Ruiz'}, 'location': {'street': {'number': 1594, 'name': 'Northaven Rd'}, 'city': 'Hervey Bay', 'state': 'Northern Territory', 'country': 'Australia', 'postcode': 8298, 'coordinates': {'latitude': '-84.2982', 'longitude': '-15.1827'}, 'timezone': {'offset': '-4:00', 'description': 'Atlantic Time (Canada), Caracas, La Paz'}}, 'email': 'darren.ruiz@example.com', 'login': {'uuid': '3c428752-32e9-47ab-8e78-d0d8168bde79', 'username': 'heavyleopard846', 'password': 'tennis1', 'salt': 'nk4JDOSt', 'md5': 'e36c4d5c564ea0cde73b5800e32361c9', 'sha1': '11f43a240ee96b55118a86b2e35e2070dcb1ceee', 'sha256': '9e0daec30d4fb3602eb4e85d07c9841f61a1e8df7c7563c94981c0834d45d1c9'}, 'dob': {'date': '1947-06-04T14:14:35.438Z', 'age': 77}, 'registered': {'date': '2018-11-21T11:54:02.060Z', 'age': 5}, 'phone': '00-3568-9468', 'cell': '0435-239-061', 'id': {'name': 'TFN', 'value': '009895901'}, 'picture': {'large': 'https://randomuser.me/api/portraits/men/53.jpg', 'medium': 'https://randomuser.me/api/portraits/med/men/53.jpg', 'thumbnail': 'https://randomuser.me/api/portraits/thumb/men/53.jpg'}, 'nat': 'AU'}</msg>
<arg>${json_data['results'][0]}</arg>
<doc>Logs the given message with the given level.</doc>
<status status="PASS" start="2024-06-14T09:16:04.812662" elapsed="0.000430"/>
</kw>
<kw name="Log" owner="BuiltIn">
<msg time="2024-06-14T09:16:04.813527" level="INFO">name</msg>
<arg>${key}</arg>
<doc>Logs the given message with the given level.</doc>
<status status="PASS" start="2024-06-14T09:16:04.813392" elapsed="0.000173"/>
</kw>
<var name="${key}">name</var>
<status status="PASS" start="2024-06-14T09:16:04.811981" elapsed="0.001802"/>
</iter>
<iter>
<kw name="Dictionary Should Contain Key" owner="Collections">
<arg>${json_data['results'][0]}</arg>
<arg>${key}</arg>
<doc>Fails if ``key`` is not found from ``dictionary``.</doc>
<status status="PASS" start="2024-06-14T09:16:04.814069" elapsed="0.000372"/>
</kw>
<kw name="Log" owner="BuiltIn">
<msg time="2024-06-14T09:16:04.814988" level="INFO">{'gender': 'male', 'name': {'title': 'Mr', 'first': 'Darren', 'last': 'Ruiz'}, 'location': {'street': {'number': 1594, 'name': 'Northaven Rd'}, 'city': 'Hervey Bay', 'state': 'Northern Territory', 'country': 'Australia', 'postcode': 8298, 'coordinates': {'latitude': '-84.2982', 'longitude': '-15.1827'}, 'timezone': {'offset': '-4:00', 'description': 'Atlantic Time (Canada), Caracas, La Paz'}}, 'email': 'darren.ruiz@example.com', 'login': {'uuid': '3c428752-32e9-47ab-8e78-d0d8168bde79', 'username': 'heavyleopard846', 'password': 'tennis1', 'salt': 'nk4JDOSt', 'md5': 'e36c4d5c564ea0cde73b5800e32361c9', 'sha1': '11f43a240ee96b55118a86b2e35e2070dcb1ceee', 'sha256': '9e0daec30d4fb3602eb4e85d07c9841f61a1e8df7c7563c94981c0834d45d1c9'}, 'dob': {'date': '1947-06-04T14:14:35.438Z', 'age': 77}, 'registered': {'date': '2018-11-21T11:54:02.060Z', 'age': 5}, 'phone': '00-3568-9468', 'cell': '0435-239-061', 'id': {'name': 'TFN', 'value': '009895901'}, 'picture': {'large': 'https://randomuser.me/api/portraits/men/53.jpg', 'medium': 'https://randomuser.me/api/portraits/med/men/53.jpg', 'thumbnail': 'https://randomuser.me/api/portraits/thumb/men/53.jpg'}, 'nat': 'AU'}</msg>
<arg>${json_data['results'][0]}</arg>
<doc>Logs the given message with the given level.</doc>
<status status="PASS" start="2024-06-14T09:16:04.814627" elapsed="0.000421"/>
</kw>
<kw name="Log" owner="BuiltIn">
<msg time="2024-06-14T09:16:04.815467" level="INFO">location</msg>
<arg>${key}</arg>
<doc>Logs the given message with the given level.</doc>
<status status="PASS" start="2024-06-14T09:16:04.815342" elapsed="0.000162"/>
</kw>
<var name="${key}">location</var>
<status status="PASS" start="2024-06-14T09:16:04.813961" elapsed="0.001763"/>
</iter>
<iter>
<kw name="Dictionary Should Contain Key" owner="Collections">
<arg>${json_data['results'][0]}</arg>
<arg>${key}</arg>
<doc>Fails if ``key`` is not found from ``dictionary``.</doc>
<status status="PASS" start="2024-06-14T09:16:04.816000" elapsed="0.000383"/>
</kw>
<kw name="Log" owner="BuiltIn">
<msg time="2024-06-14T09:16:04.816907" level="INFO">{'gender': 'male', 'name': {'title': 'Mr', 'first': 'Darren', 'last': 'Ruiz'}, 'location': {'street': {'number': 1594, 'name': 'Northaven Rd'}, 'city': 'Hervey Bay', 'state': 'Northern Territory', 'country': 'Australia', 'postcode': 8298, 'coordinates': {'latitude': '-84.2982', 'longitude': '-15.1827'}, 'timezone': {'offset': '-4:00', 'description': 'Atlantic Time (Canada), Caracas, La Paz'}}, 'email': 'darren.ruiz@example.com', 'login': {'uuid': '3c428752-32e9-47ab-8e78-d0d8168bde79', 'username': 'heavyleopard846', 'password': 'tennis1', 'salt': 'nk4JDOSt', 'md5': 'e36c4d5c564ea0cde73b5800e32361c9', 'sha1': '11f43a240ee96b55118a86b2e35e2070dcb1ceee', 'sha256': '9e0daec30d4fb3602eb4e85d07c9841f61a1e8df7c7563c94981c0834d45d1c9'}, 'dob': {'date': '1947-06-04T14:14:35.438Z', 'age': 77}, 'registered': {'date': '2018-11-21T11:54:02.060Z', 'age': 5}, 'phone': '00-3568-9468', 'cell': '0435-239-061', 'id': {'name': 'TFN', 'value': '009895901'}, 'picture': {'large': 'https://randomuser.me/api/portraits/men/53.jpg', 'medium': 'https://randomuser.me/api/portraits/med/men/53.jpg', 'thumbnail': 'https://randomuser.me/api/portraits/thumb/men/53.jpg'}, 'nat': 'AU'}</msg>
<arg>${json_data['results'][0]}</arg>
<doc>Logs the given message with the given level.</doc>
<status status="PASS" start="2024-06-14T09:16:04.816564" elapsed="0.000391"/>
</kw>
<kw name="Log" owner="BuiltIn">
<msg time="2024-06-14T09:16:04.817375" level="INFO">email</msg>
<arg>${key}</arg>
<doc>Logs the given message with the given level.</doc>
<status status="PASS" start="2024-06-14T09:16:04.817249" elapsed="0.000165"/>
</kw>
<var name="${key}">email</var>
<status status="PASS" start="2024-06-14T09:16:04.815893" elapsed="0.001734"/>
</iter>
<iter>
<kw name="Dictionary Should Contain Key" owner="Collections">
<arg>${json_data['results'][0]}</arg>
<arg>${key}</arg>
<doc>Fails if ``key`` is not found from ``dictionary``.</doc>
<status status="PASS" start="2024-06-14T09:16:04.817902" elapsed="0.000378"/>
</kw>
<kw name="Log" owner="BuiltIn">
<msg time="2024-06-14T09:16:04.818815" level="INFO">{'gender': 'male', 'name': {'title': 'Mr', 'first': 'Darren', 'last': 'Ruiz'}, 'location': {'street': {'number': 1594, 'name': 'Northaven Rd'}, 'city': 'Hervey Bay', 'state': 'Northern Territory', 'country': 'Australia', 'postcode': 8298, 'coordinates': {'latitude': '-84.2982', 'longitude': '-15.1827'}, 'timezone': {'offset': '-4:00', 'description': 'Atlantic Time (Canada), Caracas, La Paz'}}, 'email': 'darren.ruiz@example.com', 'login': {'uuid': '3c428752-32e9-47ab-8e78-d0d8168bde79', 'username': 'heavyleopard846', 'password': 'tennis1', 'salt': 'nk4JDOSt', 'md5': 'e36c4d5c564ea0cde73b5800e32361c9', 'sha1': '11f43a240ee96b55118a86b2e35e2070dcb1ceee', 'sha256': '9e0daec30d4fb3602eb4e85d07c9841f61a1e8df7c7563c94981c0834d45d1c9'}, 'dob': {'date': '1947-06-04T14:14:35.438Z', 'age': 77}, 'registered': {'date': '2018-11-21T11:54:02.060Z', 'age': 5}, 'phone': '00-3568-9468', 'cell': '0435-239-061', 'id': {'name': 'TFN', 'value': '009895901'}, 'picture': {'large': 'https://randomuser.me/api/portraits/men/53.jpg', 'medium': 'https://randomuser.me/api/portraits/med/men/53.jpg', 'thumbnail': 'https://randomuser.me/api/portraits/thumb/men/53.jpg'}, 'nat': 'AU'}</msg>
<arg>${json_data['results'][0]}</arg>
<doc>Logs the given message with the given level.</doc>
<status status="PASS" start="2024-06-14T09:16:04.818466" elapsed="0.000397"/>
</kw>
<kw name="Log" owner="BuiltIn">
<msg time="2024-06-14T09:16:04.819428" level="INFO">login</msg>
<arg>${key}</arg>
<doc>Logs the given message with the given level.</doc>
<status status="PASS" start="2024-06-14T09:16:04.819195" elapsed="0.000270"/>
</kw>
<var name="${key}">login</var>
<status status="PASS" start="2024-06-14T09:16:04.817796" elapsed="0.001891"/>
</iter>
<var>${key}</var>
<value>@{expected_keys}</value>
<status status="PASS" start="2024-06-14T09:16:04.809744" elapsed="0.010063"/>
</for>
<kw name="Create List" owner="BuiltIn">
<msg time="2024-06-14T09:16:04.820155" level="INFO">${expected_keysTwo} = ['username', 'password']</msg>
<var>${expected_keysTwo}</var>
<arg>username</arg>
<arg>password</arg>
<doc>Returns a list containing given items.</doc>
<status status="PASS" start="2024-06-14T09:16:04.819989" elapsed="0.000191"/>
</kw>
<for flavor="IN">
<iter>
<kw name="Dictionary Should Contain Key" owner="Collections">
<arg>${json_data['results'][0]['login']}</arg>
<arg>${keyTwo}</arg>
<doc>Fails if ``key`` is not found from ``dictionary``.</doc>
<status status="PASS" start="2024-06-14T09:16:04.820670" elapsed="0.000376"/>
</kw>
<kw name="Dictionary Should Contain Key" owner="Collections">
<arg>${json_data['results'][0]['login']}</arg>
<arg>${keyTwo}</arg>
<doc>Fails if ``key`` is not found from ``dictionary``.</doc>
<status status="PASS" start="2024-06-14T09:16:04.821229" elapsed="0.000380"/>
</kw>
<kw name="Log" owner="BuiltIn">
<msg time="2024-06-14T09:16:04.821907" level="INFO">username</msg>
<arg>${keyTwo}</arg>
<doc>Logs the given message with the given level.</doc>
<status status="PASS" start="2024-06-14T09:16:04.821789" elapsed="0.000154"/>
</kw>
<var name="${keyTwo}">username</var>
<status status="PASS" start="2024-06-14T09:16:04.820564" elapsed="0.001597"/>
</iter>
<iter>
<kw name="Dictionary Should Contain Key" owner="Collections">
<arg>${json_data['results'][0]['login']}</arg>
<arg>${keyTwo}</arg>
<doc>Fails if ``key`` is not found from ``dictionary``.</doc>
<status status="PASS" start="2024-06-14T09:16:04.822443" elapsed="0.000379"/>
</kw>
<kw name="Dictionary Should Contain Key" owner="Collections">
<arg>${json_data['results'][0]['login']}</arg>
<arg>${keyTwo}</arg>
<doc>Fails if ``key`` is not found from ``dictionary``.</doc>
<status status="PASS" start="2024-06-14T09:16:04.823031" elapsed="0.000375"/>
</kw>
<kw name="Log" owner="BuiltIn">
<msg time="2024-06-14T09:16:04.823702" level="INFO">password</msg>
<arg>${keyTwo}</arg>
<doc>Logs the given message with the given level.</doc>
<status status="PASS" start="2024-06-14T09:16:04.823583" elapsed="0.000155"/>
</kw>
<var name="${keyTwo}">password</var>
<status status="PASS" start="2024-06-14T09:16:04.822337" elapsed="0.001621"/>
</iter>
<var>${keyTwo}</var>
<value>@{expected_keysTwo}</value>
<status status="PASS" start="2024-06-14T09:16:04.820416" elapsed="0.003664"/>
</for>
<status status="PASS" start="2024-06-14T09:16:04.662477" elapsed="0.161743"/>
</kw>
<doc>Testa a estrutura da resposta da API.</doc>
<tag>testeEstruturaResposta</tag>
<status status="PASS" start="2024-06-14T09:16:04.661743" elapsed="0.162630"/>
</test>
<test id="s1-s1-t4" name="Validar tipos de dados" line="28">
<kw name="Teste de Tipos de Dados" owner="random-user-service">
<kw name="GET On Session" owner="RequestsLibrary">
<msg time="2024-06-14T09:16:05.015028" level="INFO">GET Request : url=https://randomuser.me/api 
 path_url=/api 
 headers={'User-Agent': 'python-requests/2.32.3', 'Accept-Encoding': 'gzip, deflate', 'Accept': '*/*', 'Connection': 'keep-alive'} 
 body=None 
 </msg>
<msg time="2024-06-14T09:16:05.015127" level="INFO">GET Response : url=https://randomuser.me/api 
 status=200, reason=OK 
 headers={'Date': 'Fri, 14 Jun 2024 09:16:05 GMT', 'Content-Type': 'application/json; charset=utf-8', 'Transfer-Encoding': 'chunked', 'Connection': 'keep-alive', 'X-Powered-By': 'Express', 'Access-Control-Allow-Origin': '*', 'Cache-Control': 'no-cache', 'ETag': 'W/"488-A9jsrSAeTSylcsi8KyTwU7kZub8"', 'Vary': 'Accept-Encoding', 'Content-Encoding': 'gzip', 'CF-Cache-Status': 'DYNAMIC', 'Report-To': '{"endpoints":[{"url":"https:\\/\\/a.nel.cloudflare.com\\/report\\/v4?s=O9i2QD8NJR7lBEET2zmZPel0Y2M%2BSwACSX1RwEna%2FrRaHi%2B8N86WMr8ku2hAFCq24avb6ObZMYFZcJQu2%2FDfTo3GNROG3Knfw9VHdgpz9PLucXMTnpKliExi8vA8AWci"}],"group":"cf-nel","max_age":604800}', 'NEL': '{"success_fraction":0,"report_to":"cf-nel","max_age":604800}', 'Server': 'cloudflare', 'CF-RAY': '893938322c299c4c-IAD', 'alt-svc': 'h3=":443"; ma=86400'} 
 body={"results":[{"gender":"female","name":{"title":"Miss","first":"Mina","last":"Kittilsen"},"location":{"street":{"number":8577,"name":"Huk terrasse"},"city":"Skjervøy","state":"Vestfold","country":"Norway","postcode":"7425","coordinates":{"latitude":"41.8868","longitude":"75.4560"},"timezone":{"offset":"+4:00","description":"Abu Dhabi, Muscat, Baku, Tbilisi"}},"email":"mina.kittilsen@example.com","login":{"uuid":"b609d5bf-18c8-4d6d-a1da-0623eadde531","username":"redbear458","password":"spring","salt":"IWH3A2Ah","md5":"11a8cd78dd586fcc4fe0d5ca5d3b5550","sha1":"66e6149cfb75490dafaa74dbd990a3bd8de4acc9","sha256":"59398b26e2015a0b65469b85fa851eb03ab2785c238cce03ca668fe33939c89d"},"dob":{"date":"1951-12-26T17:50:46.456Z","age":72},"registered":{"date":"2006-01-31T07:11:05.066Z","age":18},"phone":"68893101","cell":"90414337","id":{"name":"FN","value":"26125145247"},"picture":{"large":"https://randomuser.me/api/portraits/women/87.jpg","medium":"https://randomuser.me/api/portraits/med/women/87.jpg","thumbnail":"https://randomuser.me/api/portraits/thumb/women/87.jpg"},"nat":"NO"}],"info":{"seed":"1805176e111863ac","results":1,"page":1,"version":"1.4"}} 
 </msg>
<msg time="2024-06-14T09:16:05.015198" level="INFO">/opt/hostedtoolcache/Python/3.12.3/x64/lib/python3.12/site-packages/urllib3/connectionpool.py:1103: InsecureRequestWarning: Unverified HTTPS request is being made to host 'randomuser.me'. Adding certificate verification is strongly advised. See: https://urllib3.readthedocs.io/en/latest/advanced-usage.html#tls-warnings
  warnings.warn(</msg>
<msg time="2024-06-14T09:16:05.015320" level="INFO">${response} = &lt;Response [200]&gt;</msg>
<var>${response}</var>
<arg>consultarAPI</arg>
<arg>/api</arg>
<doc>Sends a GET request on a previously created HTTP Session.</doc>
<status status="PASS" start="2024-06-14T09:16:04.826867" elapsed="0.188494"/>
</kw>
<kw name="Set Variable" owner="BuiltIn">
<msg time="2024-06-14T09:16:05.016549" level="INFO">${json_data} = {'results': [{'gender': 'female', 'name': {'title': 'Miss', 'first': 'Mina', 'last': 'Kittilsen'}, 'location': {'street': {'number': 8577, 'name': 'Huk terrasse'}, 'city': 'Skjervøy', 'state': 'Vestfo...</msg>
<var>${json_data}</var>
<arg>${response.json()}</arg>
<doc>Returns the given values which can then be assigned to a variables.</doc>
<status status="PASS" start="2024-06-14T09:16:05.015985" elapsed="0.000593"/>
</kw>
<kw name="Log" owner="BuiltIn">
<msg time="2024-06-14T09:16:05.017049" level="INFO">{'results': [{'gender': 'female', 'name': {'title': 'Miss', 'first': 'Mina', 'last': 'Kittilsen'}, 'location': {'street': {'number': 8577, 'name': 'Huk terrasse'}, 'city': 'Skjervøy', 'state': 'Vestfold', 'country': 'Norway', 'postcode': '7425', 'coordinates': {'latitude': '41.8868', 'longitude': '75.4560'}, 'timezone': {'offset': '+4:00', 'description': 'Abu Dhabi, Muscat, Baku, Tbilisi'}}, 'email': 'mina.kittilsen@example.com', 'login': {'uuid': 'b609d5bf-18c8-4d6d-a1da-0623eadde531', 'username': 'redbear458', 'password': 'spring', 'salt': 'IWH3A2Ah', 'md5': '11a8cd78dd586fcc4fe0d5ca5d3b5550', 'sha1': '66e6149cfb75490dafaa74dbd990a3bd8de4acc9', 'sha256': '59398b26e2015a0b65469b85fa851eb03ab2785c238cce03ca668fe33939c89d'}, 'dob': {'date': '1951-12-26T17:50:46.456Z', 'age': 72}, 'registered': {'date': '2006-01-31T07:11:05.066Z', 'age': 18}, 'phone': '68893101', 'cell': '90414337', 'id': {'name': 'FN', 'value': '26125145247'}, 'picture': {'large': 'https://randomuser.me/api/portraits/women/87.jpg', 'medium': 'https://randomuser.me/api/portraits/med/women/87.jpg', 'thumbnail': 'https://randomuser.me/api/portraits/thumb/women/87.jpg'}, 'nat': 'NO'}], 'info': {'seed': '1805176e111863ac', 'results': 1, 'page': 1, 'version': '1.4'}}</msg>
<arg>${json_data}</arg>
<doc>Logs the given message with the given level.</doc>
<status status="PASS" start="2024-06-14T09:16:05.016892" elapsed="0.000211"/>
</kw>
<kw name="Should Be String" owner="String">
<arg>${json_data['results'][0]['gender']}</arg>
<doc>Fails if the given ``item`` is not a string.</doc>
<status status="PASS" start="2024-06-14T09:16:05.017393" elapsed="0.000367"/>
</kw>
<kw name="Should Match Regexp" owner="BuiltIn">
<arg>${json_data['results'][0]['email']}</arg>
<arg>^[a-zA-Z0-9._%+-]+@[a-zA-Z0-9.-]+\.[a-zA-Z]{2,}$</arg>
<doc>Fails if ``string`` does not match ``pattern`` as a regular expression.</doc>
<status status="PASS" start="2024-06-14T09:16:05.017950" elapsed="0.000524"/>
</kw>
<kw name="Should Match Regexp" owner="BuiltIn">
<arg>${json_data['results'][0]['dob']['date']}</arg>
<arg>\\d{4}-\\d{2}-\\d{2}T\\d{2}:\\d{2}:\\d{2}\\.\\d{3}Z</arg>
<doc>Fails if ``string`` does not match ``pattern`` as a regular expression.</doc>
<status status="PASS" start="2024-06-14T09:16:05.018708" elapsed="0.000538"/>
</kw>
<kw name="Should Match Regexp" owner="BuiltIn">
<arg>${json_data['results'][0]['registered']['date']}</arg>
<arg>\\d{4}-\\d{2}-\\d{2}T\\d{2}:\\d{2}:\\d{2}\\.\\d{3}Z</arg>
<doc>Fails if ``string`` does not match ``pattern`` as a regular expression.</doc>
<status status="PASS" start="2024-06-14T09:16:05.019440" elapsed="0.000368"/>
</kw>
<kw name="Should Match Regexp" owner="BuiltIn">
<arg>${json_data['results'][0]['picture']['large']}</arg>
<arg>^https?://.*\.(?:png|jpe?g|gif|bmp)$</arg>
<doc>Fails if ``string`` does not match ``pattern`` as a regular expression.</doc>
<status status="PASS" start="2024-06-14T09:16:05.019990" elapsed="0.000451"/>
</kw>
<kw name="Should Match Regexp" owner="BuiltIn">
<arg>${json_data['results'][0]['picture']['medium']}</arg>
<arg>^https?://.*\.(?:png|jpe?g|gif|bmp)$</arg>
<doc>Fails if ``string`` does not match ``pattern`` as a regular expression.</doc>
<status status="PASS" start="2024-06-14T09:16:05.020632" elapsed="0.000351"/>
</kw>
<kw name="Should Match Regexp" owner="BuiltIn">
<arg>${json_data['results'][0]['picture']['thumbnail']}</arg>
<arg>^https?://.*\.(?:png|jpe?g|gif|bmp)$</arg>
<doc>Fails if ``string`` does not match ``pattern`` as a regular expression.</doc>
<status status="PASS" start="2024-06-14T09:16:05.021177" elapsed="0.000350"/>
</kw>
<kw name="Log" owner="BuiltIn">
<msg time="2024-06-14T09:16:05.022028" level="INFO">{'large': 'https://randomuser.me/api/portraits/women/87.jpg', 'medium': 'https://randomuser.me/api/portraits/med/women/87.jpg', 'thumbnail': 'https://randomuser.me/api/portraits/thumb/women/87.jpg'}</msg>
<arg>${json_data['results'][0]['picture']}</arg>
<doc>Logs the given message with the given level.</doc>
<status status="PASS" start="2024-06-14T09:16:05.021707" elapsed="0.000363"/>
</kw>
<status status="PASS" start="2024-06-14T09:16:04.826636" elapsed="0.195691"/>
</kw>
<kw name="Teste de Tipos de Dados - Postcode" owner="random-user-service">
<kw name="GET On Session" owner="RequestsLibrary">
<msg time="2024-06-14T09:16:05.149289" level="INFO">GET Request : url=https://randomuser.me/api 
 path_url=/api 
 headers={'User-Agent': 'python-requests/2.32.3', 'Accept-Encoding': 'gzip, deflate', 'Accept': '*/*', 'Connection': 'keep-alive'} 
 body=None 
 </msg>
<msg time="2024-06-14T09:16:05.149361" level="INFO">GET Response : url=https://randomuser.me/api 
 status=200, reason=OK 
 headers={'Date': 'Fri, 14 Jun 2024 09:16:05 GMT', 'Content-Type': 'application/json; charset=utf-8', 'Transfer-Encoding': 'chunked', 'Connection': 'keep-alive', 'X-Powered-By': 'Express', 'Access-Control-Allow-Origin': '*', 'Cache-Control': 'no-cache', 'ETag': 'W/"488-5TJ1U0XfQ0ILvKF9kYXXQUk0SNA"', 'Vary': 'Accept-Encoding', 'Content-Encoding': 'gzip', 'CF-Cache-Status': 'DYNAMIC', 'Report-To': '{"endpoints":[{"url":"https:\\/\\/a.nel.cloudflare.com\\/report\\/v4?s=YeSySu6PjJB%2BwwSMwV0CNs07rV50%2FXYdG6GpgxZhkVY6TXSY%2BOE19WBNaJd1nrVfGptgLU0ecUZqFnR1pxDXKn9r6jiENLAGxxCo2kadw7fn%2BHmn8zE3cd7aAUZGH6io"}],"group":"cf-nel","max_age":604800}', 'NEL': '{"success_fraction":0,"report_to":"cf-nel","max_age":604800}', 'Server': 'cloudflare', 'CF-RAY': '893938336d539c4c-IAD', 'alt-svc': 'h3=":443"; ma=86400'} 
 body={"results":[{"gender":"male","name":{"title":"Mr","first":"Arthur","last":"Barnett"},"location":{"street":{"number":3778,"name":"Hamilton Ave"},"city":"Albany","state":"Western Australia","country":"Australia","postcode":7932,"coordinates":{"latitude":"-88.9031","longitude":"-93.7394"},"timezone":{"offset":"-11:00","description":"Midway Island, Samoa"}},"email":"arthur.barnett@example.com","login":{"uuid":"100650f4-8844-48a1-b65c-36ed96fc262e","username":"greenrabbit296","password":"giovanna","salt":"HIprINgR","md5":"faf867daa9ae55ab636b3acd6131a444","sha1":"495967bb21f9ddf8d3da40fbe7404da90140fdda","sha256":"b14c42146bbc275a387a5ec20fc6d27323c46e9216c11ab33ffa673cf07fd582"},"dob":{"date":"1966-08-31T01:13:38.310Z","age":57},"registered":{"date":"2020-04-26T22:14:36.791Z","age":4},"phone":"05-4971-4194","cell":"0441-803-316","id":{"name":"TFN","value":"034519609"},"picture":{"large":"https://randomuser.me/api/portraits/men/82.jpg","medium":"https://randomuser.me/api/portraits/med/men/82.jpg","thumbnail":"https://randomuser.me/api/portraits/thumb/men/82.jpg"},"nat":"AU"}],"info":{"seed":"a3bdeb66ecb6357d","results":1,"page":1,"version":"1.4"}} 
 </msg>
<msg time="2024-06-14T09:16:05.149434" level="INFO">/opt/hostedtoolcache/Python/3.12.3/x64/lib/python3.12/site-packages/urllib3/connectionpool.py:1103: InsecureRequestWarning: Unverified HTTPS request is being made to host 'randomuser.me'. Adding certificate verification is strongly advised. See: https://urllib3.readthedocs.io/en/latest/advanced-usage.html#tls-warnings
  warnings.warn(</msg>
<msg time="2024-06-14T09:16:05.149533" level="INFO">${response} = &lt;Response [200]&gt;</msg>
<var>${response}</var>
<arg>consultarAPI</arg>
<arg>/api</arg>
<doc>Sends a GET request on a previously created HTTP Session.</doc>
<status status="PASS" start="2024-06-14T09:16:05.022789" elapsed="0.126785"/>
</kw>
<kw name="Set Variable" owner="BuiltIn">
<msg time="2024-06-14T09:16:05.150592" level="INFO">${json_data} = {'results': [{'gender': 'male', 'name': {'title': 'Mr', 'first': 'Arthur', 'last': 'Barnett'}, 'location': {'street': {'number': 3778, 'name': 'Hamilton Ave'}, 'city': 'Albany', 'state': 'Western Aust...</msg>
<var>${json_data}</var>
<arg>${response.json()}</arg>
<doc>Returns the given values which can then be assigned to a variables.</doc>
<status status="PASS" start="2024-06-14T09:16:05.150053" elapsed="0.000567"/>
</kw>
<kw name="Log" owner="BuiltIn">
<msg time="2024-06-14T09:16:05.151157" level="INFO">{'results': [{'gender': 'male', 'name': {'title': 'Mr', 'first': 'Arthur', 'last': 'Barnett'}, 'location': {'street': {'number': 3778, 'name': 'Hamilton Ave'}, 'city': 'Albany', 'state': 'Western Australia', 'country': 'Australia', 'postcode': 7932, 'coordinates': {'latitude': '-88.9031', 'longitude': '-93.7394'}, 'timezone': {'offset': '-11:00', 'description': 'Midway Island, Samoa'}}, 'email': 'arthur.barnett@example.com', 'login': {'uuid': '100650f4-8844-48a1-b65c-36ed96fc262e', 'username': 'greenrabbit296', 'password': 'giovanna', 'salt': 'HIprINgR', 'md5': 'faf867daa9ae55ab636b3acd6131a444', 'sha1': '495967bb21f9ddf8d3da40fbe7404da90140fdda', 'sha256': 'b14c42146bbc275a387a5ec20fc6d27323c46e9216c11ab33ffa673cf07fd582'}, 'dob': {'date': '1966-08-31T01:13:38.310Z', 'age': 57}, 'registered': {'date': '2020-04-26T22:14:36.791Z', 'age': 4}, 'phone': '05-4971-4194', 'cell': '0441-803-316', 'id': {'name': 'TFN', 'value': '034519609'}, 'picture': {'large': 'https://randomuser.me/api/portraits/men/82.jpg', 'medium': 'https://randomuser.me/api/portraits/med/men/82.jpg', 'thumbnail': 'https://randomuser.me/api/portraits/thumb/men/82.jpg'}, 'nat': 'AU'}], 'info': {'seed': 'a3bdeb66ecb6357d', 'results': 1, 'page': 1, 'version': '1.4'}}</msg>
<arg>${json_data}</arg>
<doc>Logs the given message with the given level.</doc>
<status status="PASS" start="2024-06-14T09:16:05.150990" elapsed="0.000215"/>
</kw>
<kw name="Should Be Equal As Numbers" owner="BuiltIn">
<arg>${json_data['results'][0]['location']['postcode']}</arg>
<arg>${json_data['results'][0]['location']['postcode']}</arg>
<doc>Fails if objects are unequal after converting them to real numbers.</doc>
<status status="PASS" start="2024-06-14T09:16:05.151516" elapsed="0.000621"/>
</kw>
<kw name="Log" owner="BuiltIn">
<msg time="2024-06-14T09:16:05.152661" level="INFO">7932</msg>
<arg>${json_data['results'][0]['location']['postcode']}</arg>
<doc>Logs the given message with the given level.</doc>
<status status="PASS" start="2024-06-14T09:16:05.152328" elapsed="0.000373"/>
</kw>
<status status="PASS" start="2024-06-14T09:16:05.022552" elapsed="0.130433"/>
</kw>
<doc>Testa se os tipos de dados na resposta da API estão corretos.</doc>
<tag>testeTiposDados</tag>
<status status="PASS" start="2024-06-14T09:16:04.826107" elapsed="0.327045"/>
</test>
<test id="s1-s1-t5" name="Validar conteudo" line="35">
<kw name="Teste de Tipos de Conteudo" owner="random-user-service">
<kw name="GET On Session" owner="RequestsLibrary">
<msg time="2024-06-14T09:16:05.229752" level="INFO">GET Request : url=https://randomuser.me/api 
 path_url=/api 
 headers={'User-Agent': 'python-requests/2.32.3', 'Accept-Encoding': 'gzip, deflate', 'Accept': '*/*', 'Connection': 'keep-alive'} 
 body=None 
 </msg>
<msg time="2024-06-14T09:16:05.229828" level="INFO">GET Response : url=https://randomuser.me/api 
 status=200, reason=OK 
 headers={'Date': 'Fri, 14 Jun 2024 09:16:05 GMT', 'Content-Type': 'application/json; charset=utf-8', 'Transfer-Encoding': 'chunked', 'Connection': 'keep-alive', 'X-Powered-By': 'Express', 'Access-Control-Allow-Origin': '*', 'Cache-Control': 'no-cache', 'ETag': 'W/"49a-HbR8Ho6HHzENkFCxz3Xoe6hlcwo"', 'Vary': 'Accept-Encoding', 'Content-Encoding': 'gzip', 'CF-Cache-Status': 'DYNAMIC', 'Report-To': '{"endpoints":[{"url":"https:\\/\\/a.nel.cloudflare.com\\/report\\/v4?s=IyNWlKZCGjfH64Z9YSJYDDCZ1XOO%2FDIUAaZ9g2OFaq36wvn4KX9Y5pIlJohKnoZjZNsgc%2B3U4bOZNn54O8B5UPUZHb06Hc1SFbDeNpDkB8V7W6rzuA%2BFNp2WuYsGkH%2Fd"}],"group":"cf-nel","max_age":604800}', 'NEL': '{"success_fraction":0,"report_to":"cf-nel","max_age":604800}', 'Server': 'cloudflare', 'CF-RAY': '893938343e5e9c4c-IAD', 'alt-svc': 'h3=":443"; ma=86400'} 
 body={"results":[{"gender":"male","name":{"title":"Mr","first":"David","last":"Williams"},"location":{"street":{"number":1590,"name":"King Edward Street"},"city":"New Plymouth","state":"Northland","country":"New Zealand","postcode":86240,"coordinates":{"latitude":"49.7897","longitude":"-3.3185"},"timezone":{"offset":"+3:00","description":"Baghdad, Riyadh, Moscow, St. Petersburg"}},"email":"david.williams@example.com","login":{"uuid":"4e82798d-1f8e-4f71-a9db-58b486ddf7bf","username":"ticklishpanda415","password":"maggie1","salt":"h0H49Cfl","md5":"5b4622e4650c7efbcc45a1bf1f2ab1c5","sha1":"635b09d1ad58cdaa3b948beca5b5559fc8764745","sha256":"bf516dab45fe3a63647cba31c561f11ac92085d879bacbe8d4d7dd30f37b166c"},"dob":{"date":"1975-01-23T11:14:45.646Z","age":49},"registered":{"date":"2016-09-08T12:18:36.022Z","age":7},"phone":"(538)-894-6953","cell":"(616)-999-2665","id":{"name":"","value":null},"picture":{"large":"https://randomuser.me/api/portraits/men/30.jpg","medium":"https://randomuser.me/api/portraits/med/men/30.jpg","thumbnail":"https://randomuser.me/api/portraits/thumb/men/30.jpg"},"nat":"NZ"}],"info":{"seed":"108ffca58c818459","results":1,"page":1,"version":"1.4"}} 
 </msg>
<msg time="2024-06-14T09:16:05.229896" level="INFO">/opt/hostedtoolcache/Python/3.12.3/x64/lib/python3.12/site-packages/urllib3/connectionpool.py:1103: InsecureRequestWarning: Unverified HTTPS request is being made to host 'randomuser.me'. Adding certificate verification is strongly advised. See: https://urllib3.readthedocs.io/en/latest/advanced-usage.html#tls-warnings
  warnings.warn(</msg>
<msg time="2024-06-14T09:16:05.230004" level="INFO">${response} = &lt;Response [200]&gt;</msg>
<var>${response}</var>
<arg>consultarAPI</arg>
<arg>/api</arg>
<doc>Sends a GET request on a previously created HTTP Session.</doc>
<status status="PASS" start="2024-06-14T09:16:05.155688" elapsed="0.074368"/>
</kw>
<kw name="Set Variable" owner="BuiltIn">
<msg time="2024-06-14T09:16:05.231164" level="INFO">${json_data} = {'results': [{'gender': 'male', 'name': {'title': 'Mr', 'first': 'David', 'last': 'Williams'}, 'location': {'street': {'number': 1590, 'name': 'King Edward Street'}, 'city': 'New Plymouth', 'state': '...</msg>
<var>${json_data}</var>
<arg>${response.json()}</arg>
<doc>Returns the given values which can then be assigned to a variables.</doc>
<status status="PASS" start="2024-06-14T09:16:05.230564" elapsed="0.000629"/>
</kw>
<kw name="Set Variable" owner="BuiltIn">
<msg time="2024-06-14T09:16:05.231875" level="INFO">${name_title} = Mr</msg>
<var>${name_title}</var>
<arg>${json_data["results"][0]["name"]["title"]}</arg>
<doc>Returns the given values which can then be assigned to a variables.</doc>
<status status="PASS" start="2024-06-14T09:16:05.231498" elapsed="0.000402"/>
</kw>
<kw name="Create List" owner="BuiltIn">
<msg time="2024-06-14T09:16:05.232345" level="INFO">${allowed_titles} = ['Mr', 'Ms', 'Miss', 'Mrs', 'Madame', 'Monsieur']</msg>
<var>${allowed_titles}</var>
<arg>Mr</arg>
<arg>Ms</arg>
<arg>Miss</arg>
<arg>Mrs</arg>
<arg>Madame</arg>
<arg>Monsieur</arg>
<doc>Returns a list containing given items.</doc>
<status status="PASS" start="2024-06-14T09:16:05.232198" elapsed="0.000171"/>
</kw>
<kw name="List Should Contain Value" owner="Collections">
<arg>${allowed_titles}</arg>
<arg>${name_title}</arg>
<doc>Fails if the ``value`` is not found from ``list``.</doc>
<status status="PASS" start="2024-06-14T09:16:05.232662" elapsed="0.000180"/>
</kw>
<kw name="Set Variable" owner="BuiltIn">
<msg time="2024-06-14T09:16:05.233385" level="INFO">${name_country} = NZ</msg>
<var>${name_country}</var>
<arg>${json_data["results"][0]["nat"]}</arg>
<doc>Returns the given values which can then be assigned to a variables.</doc>
<status status="PASS" start="2024-06-14T09:16:05.233021" elapsed="0.000389"/>
</kw>
<kw name="Create List" owner="BuiltIn">
<msg time="2024-06-14T09:16:05.234284" level="INFO">${list_country} = ['AD', 'AE', 'AF', 'AG', 'AI', 'AL', 'AM', 'AO', 'AQ', 'AR', 'AS', 'AT', 'AU', 'AW', 'AX', 'AZ', 'BA', 'BB', 'BD', 'BE', 'BF', 'BG', 'BH', 'BI', 'BJ', 'BL', 'BM', 'BN', 'BO', 'BQ', 'BR', 'BS', 'BT', '...</msg>
<var>${list_country}</var>
<arg>AD</arg>
<arg>AE</arg>
<arg>AF</arg>
<arg>AG</arg>
<arg>AI</arg>
<arg>AL</arg>
<arg>AM</arg>
<arg>AO</arg>
<arg>AQ</arg>
<arg>AR</arg>
<arg>AS</arg>
<arg>AT</arg>
<arg>AU</arg>
<arg>AW</arg>
<arg>AX</arg>
<arg>AZ</arg>
<arg>BA</arg>
<arg>BB</arg>
<arg>BD</arg>
<arg>BE</arg>
<arg>BF</arg>
<arg>BG</arg>
<arg>BH</arg>
<arg>BI</arg>
<arg>BJ</arg>
<arg>BL</arg>
<arg>BM</arg>
<arg>BN</arg>
<arg>BO</arg>
<arg>BQ</arg>
<arg>BR</arg>
<arg>BS</arg>
<arg>BT</arg>
<arg>BV</arg>
<arg>BW</arg>
<arg>BY</arg>
<arg>BZ</arg>
<arg>CA</arg>
<arg>CC</arg>
<arg>CD</arg>
<arg>CF</arg>
<arg>CG</arg>
<arg>CH</arg>
<arg>CI</arg>
<arg>CK</arg>
<arg>CL</arg>
<arg>CM</arg>
<arg>CN</arg>
<arg>CO</arg>
<arg>CR</arg>
<arg>CU</arg>
<arg>CV</arg>
<arg>CW</arg>
<arg>CX</arg>
<arg>CY</arg>
<arg>CZ</arg>
<arg>DE</arg>
<arg>DJ</arg>
<arg>DK</arg>
<arg>DM</arg>
<arg>DO</arg>
<arg>DZ</arg>
<arg>EC</arg>
<arg>EE</arg>
<arg>EG</arg>
<arg>EH</arg>
<arg>ER</arg>
<arg>ES</arg>
<arg>ET</arg>
<arg>FI</arg>
<arg>FJ</arg>
<arg>FK</arg>
<arg>FM</arg>
<arg>FO</arg>
<arg>FR</arg>
<arg>GA</arg>
<arg>GB</arg>
<arg>GD</arg>
<arg>GE</arg>
<arg>GF</arg>
<arg>GG</arg>
<arg>GH</arg>
<arg>GI</arg>
<arg>GL</arg>
<arg>GM</arg>
<arg>GN</arg>
<arg>GP</arg>
<arg>GQ</arg>
<arg>GR</arg>
<arg>GS</arg>
<arg>GT</arg>
<arg>GU</arg>
<arg>GW</arg>
<arg>GY</arg>
<arg>HK</arg>
<arg>HM</arg>
<arg>HN</arg>
<arg>HR</arg>
<arg>HT</arg>
<arg>HU</arg>
<arg>ID</arg>
<arg>IE</arg>
<arg>IL</arg>
<arg>IM</arg>
<arg>IN</arg>
<arg>IO</arg>
<arg>IQ</arg>
<arg>IR</arg>
<arg>IS</arg>
<arg>IT</arg>
<arg>JE</arg>
<arg>JM</arg>
<arg>JO</arg>
<arg>JP</arg>
<arg>KE</arg>
<arg>KG</arg>
<arg>KH</arg>
<arg>KI</arg>
<arg>KM</arg>
<arg>KN</arg>
<arg>KP</arg>
<arg>KR</arg>
<arg>KW</arg>
<arg>KY</arg>
<arg>KZ</arg>
<arg>LA</arg>
<arg>LB</arg>
<arg>LC</arg>
<arg>LI</arg>
<arg>LK</arg>
<arg>LR</arg>
<arg>LS</arg>
<arg>LT</arg>
<arg>LU</arg>
<arg>LV</arg>
<arg>LY</arg>
<arg>MA</arg>
<arg>MC</arg>
<arg>MD</arg>
<arg>ME</arg>
<arg>MF</arg>
<arg>MG</arg>
<arg>MH</arg>
<arg>MK</arg>
<arg>ML</arg>
<arg>MM</arg>
<arg>MN</arg>
<arg>MO</arg>
<arg>MP</arg>
<arg>MQ</arg>
<arg>MR</arg>
<arg>MS</arg>
<arg>MT</arg>
<arg>MU</arg>
<arg>MV</arg>
<arg>MW</arg>
<arg>MX</arg>
<arg>MY</arg>
<arg>MZ</arg>
<arg>NA</arg>
<arg>NC</arg>
<arg>NE</arg>
<arg>NF</arg>
<arg>NG</arg>
<arg>NI</arg>
<arg>NL</arg>
<arg>NO</arg>
<arg>NP</arg>
<arg>NR</arg>
<arg>NU</arg>
<arg>NZ</arg>
<arg>OM</arg>
<arg>PA</arg>
<arg>PE</arg>
<arg>PF</arg>
<arg>PG</arg>
<arg>PH</arg>
<arg>PK</arg>
<arg>PL</arg>
<arg>PM</arg>
<arg>PN</arg>
<arg>PR</arg>
<arg>PS</arg>
<arg>PT</arg>
<arg>PW</arg>
<arg>PY</arg>
<arg>QA</arg>
<arg>RE</arg>
<arg>RO</arg>
<arg>RS</arg>
<arg>RU</arg>
<arg>RW</arg>
<arg>SA</arg>
<arg>SB</arg>
<arg>SC</arg>
<arg>SD</arg>
<arg>SE</arg>
<arg>SG</arg>
<arg>SH</arg>
<arg>SI</arg>
<arg>SJ</arg>
<arg>SK</arg>
<arg>SL</arg>
<arg>SM</arg>
<arg>SN</arg>
<arg>SO</arg>
<arg>SR</arg>
<arg>SS</arg>
<arg>ST</arg>
<arg>SV</arg>
<arg>SX</arg>
<arg>SY</arg>
<arg>SZ</arg>
<arg>TC</arg>
<arg>TD</arg>
<arg>TF</arg>
<arg>TG</arg>
<arg>TH</arg>
<arg>TJ</arg>
<arg>TK</arg>
<arg>TL</arg>
<arg>TM</arg>
<arg>TN</arg>
<arg>TO</arg>
<arg>TR</arg>
<arg>TT</arg>
<arg>TV</arg>
<arg>TW</arg>
<arg>TZ</arg>
<arg>UA</arg>
<arg>UG</arg>
<arg>UM</arg>
<arg>US</arg>
<arg>UY</arg>
<arg>UZ</arg>
<arg>VA</arg>
<arg>VC</arg>
<arg>VE</arg>
<arg>VG</arg>
<arg>VI</arg>
<arg>VN</arg>
<arg>VU</arg>
<arg>WF</arg>
<arg>WS</arg>
<arg>XK</arg>
<arg>YE</arg>
<arg>YT</arg>
<arg>ZA</arg>
<arg>ZM</arg>
<arg>ZW</arg>
<doc>Returns a list containing given items.</doc>
<status status="PASS" start="2024-06-14T09:16:05.233698" elapsed="0.000614"/>
</kw>
<kw name="List Should Contain Value" owner="Collections">
<arg>${list_country}</arg>
<arg>${name_country}</arg>
<doc>Fails if the ``value`` is not found from ``list``.</doc>
<status status="PASS" start="2024-06-14T09:16:05.235142" elapsed="0.000208"/>
</kw>
<kw name="Run Keyword If" owner="BuiltIn">
<kw name="Should Be True" owner="BuiltIn">
<arg>${True}</arg>
<doc>Fails if the given condition is not true.</doc>
<status status="PASS" start="2024-06-14T09:16:05.236395" elapsed="0.000142"/>
</kw>
<arg>${json_data["results"][0]["location"]["coordinates"]["latitude"]} &gt;= -90 and ${json_data["results"][0]["location"]["coordinates"]["latitude"]} &lt;= 90</arg>
<arg>Should Be True</arg>
<arg>${True}</arg>
<doc>Runs the given keyword with the given arguments, if ``condition`` is true.</doc>
<status status="PASS" start="2024-06-14T09:16:05.235552" elapsed="0.001112"/>
</kw>
<kw name="Run Keyword If" owner="BuiltIn">
<kw name="Should Be True" owner="BuiltIn">
<arg>${True}</arg>
<doc>Fails if the given condition is not true.</doc>
<status status="PASS" start="2024-06-14T09:16:05.237530" elapsed="0.000137"/>
</kw>
<arg>${json_data["results"][0]["location"]["coordinates"]["longitude"]} &gt;= -180 and ${json_data["results"][0]["location"]["coordinates"]["longitude"]} &lt;= 180</arg>
<arg>Should Be True</arg>
<arg>${True}</arg>
<doc>Runs the given keyword with the given arguments, if ``condition`` is true.</doc>
<status status="PASS" start="2024-06-14T09:16:05.236847" elapsed="0.000945"/>
</kw>
<status status="PASS" start="2024-06-14T09:16:05.155464" elapsed="0.082457"/>
</kw>
<doc>Testa o conteúdo específico dos campos retornados pela API.</doc>
<tag>testeConteudo</tag>
<status status="PASS" start="2024-06-14T09:16:05.154921" elapsed="0.083141"/>
</test>
<status status="PASS" start="2024-06-14T09:16:03.713522" elapsed="1.526530"/>
</suite>
<status status="PASS" start="2024-06-14T09:16:03.700123" elapsed="1.545023"/>
</suite>
<statistics>
<total>
<stat pass="5" fail="0" skip="0">All Tests</stat>
</total>
<tag>
<stat pass="1" fail="0" skip="0">testeConteudo</stat>
<stat pass="1" fail="0" skip="0">testeEstruturaResposta</stat>
<stat pass="1" fail="0" skip="0">testeRequisicaoBasica</stat>
<stat pass="1" fail="0" skip="0">testeTiposDados</stat>
</tag>
<suite>
<stat pass="5" fail="0" skip="0" id="s1" name="Tests">Tests</stat>
<stat pass="5" fail="0" skip="0" id="s1-s1" name="Random-User-Test">Tests.Random-User-Test</stat>
</suite>
</statistics>
<errors>
</errors>
</robot>
