<?xml version="1.0" encoding="UTF-8"?>
<robot generator="Robot 7.0 (Python 3.12.3 on linux)" generated="2024-06-06T05:15:24.838429" rpa="false" schemaversion="5">
<suite id="s1" name="Tests" source="/home/runner/work/ApiRandomUser/ApiRandomUser/RamdonUser/tests">
<suite id="s1-s1" name="Random-User-Test" source="/home/runner/work/ApiRandomUser/ApiRandomUser/RamdonUser/tests/random-user-test.robot">
<test id="s1-s1-t1" name="Conectar" line="13">
<kw name="Conectar API" owner="random-user-service">
<kw name="Create Session" owner="RequestsLibrary">
<msg time="2024-06-06T05:15:25.257571" level="INFO">Creating Session using : alias=consultarAPI, url=https://randomuser.me/, headers={},                     cookies={}, auth=None, timeout=None, proxies=None, verify=False,                     debug=0 </msg>
<arg>consultarAPI</arg>
<arg>${URL}</arg>
<doc>Create Session: create a HTTP session to a server</doc>
<status status="PASS" start="2024-06-06T05:15:25.257352" elapsed="0.000421"/>
</kw>
<status status="PASS" start="2024-06-06T05:15:25.256249" elapsed="0.001919"/>
</kw>
<status status="PASS" start="2024-06-06T05:15:25.255539" elapsed="0.002830"/>
</test>
<test id="s1-s1-t2" name="Validar retorno 200 e JSON Válido" line="16">
<kw name="Teste de Requisicao Basica" owner="random-user-service">
<kw name="GET On Session" owner="RequestsLibrary">
<msg time="2024-06-06T05:15:25.430096" level="INFO">GET Request : url=https://randomuser.me/api 
 path_url=/api 
 headers={'User-Agent': 'python-requests/2.32.3', 'Accept-Encoding': 'gzip, deflate', 'Accept': '*/*', 'Connection': 'keep-alive'} 
 body=None 
 </msg>
<msg time="2024-06-06T05:15:25.430255" level="INFO">GET Response : url=https://randomuser.me/api 
 status=200, reason=OK 
 headers={'Date': 'Thu, 06 Jun 2024 05:15:25 GMT', 'Content-Type': 'application/json; charset=utf-8', 'Transfer-Encoding': 'chunked', 'Connection': 'keep-alive', 'X-Powered-By': 'Express', 'Access-Control-Allow-Origin': '*', 'Cache-Control': 'no-cache', 'ETag': 'W/"47f-gLOsgK7ejbmouVfow8jHta2CSqs"', 'Vary': 'Accept-Encoding', 'Content-Encoding': 'gzip', 'CF-Cache-Status': 'DYNAMIC', 'Report-To': '{"endpoints":[{"url":"https:\\/\\/a.nel.cloudflare.com\\/report\\/v4?s=mz4M4x1GyiGOBmNRMm2mUPAVAmAwbGtUWoUoeT9RI%2B5HwGVWLzjDAh35O5sLXVXIOkLMO65E5eurmgMhlU2qB6WWBY4PTgFmxXOl21NZH7bxjVkGrdBBAi3V7u%2FxZai%2F"}],"group":"cf-nel","max_age":604800}', 'NEL': '{"success_fraction":0,"report_to":"cf-nel","max_age":604800}', 'Server': 'cloudflare', 'CF-RAY': '88f5ecab4db87ea1-LAX', 'alt-svc': 'h3=":443"; ma=86400'} 
 body={"results":[{"gender":"female","name":{"title":"Mrs","first":"Ángeles","last":"Cruz"},"location":{"street":{"number":3253,"name":"Calle de Téllez"},"city":"Orihuela","state":"Comunidad de Madrid","country":"Spain","postcode":73253,"coordinates":{"latitude":"-32.6917","longitude":"177.4385"},"timezone":{"offset":"-9:00","description":"Alaska"}},"email":"angeles.cruz@example.com","login":{"uuid":"13815b98-bdc4-4516-b0f7-42a597aaf169","username":"heavyfish229","password":"wayne","salt":"YWpveznd","md5":"b732d6ba45fa4ccbf5118a551b27c7d4","sha1":"d22bf7b3f44cd238083cab6b2b25f7d6d9b64a93","sha256":"a6feffe6a58956ed15fa0532f7917b88314811009d4b23da73bc1880eb427287"},"dob":{"date":"1981-06-30T04:54:16.267Z","age":42},"registered":{"date":"2009-03-16T07:54:33.163Z","age":15},"phone":"946-691-465","cell":"636-000-413","id":{"name":"DNI","value":"07283440-H"},"picture":{"large":"https://randomuser.me/api/portraits/women/54.jpg","medium":"https://randomuser.me/api/portraits/med/women/54.jpg","thumbnail":"https://randomuser.me/api/portraits/thumb/women/54.jpg"},"nat":"ES"}],"info":{"seed":"ec7c543614576702","results":1,"page":1,"version":"1.4"}} 
 </msg>
<msg time="2024-06-06T05:15:25.430340" level="INFO">/opt/hostedtoolcache/Python/3.12.3/x64/lib/python3.12/site-packages/urllib3/connectionpool.py:1103: InsecureRequestWarning: Unverified HTTPS request is being made to host 'randomuser.me'. Adding certificate verification is strongly advised. See: https://urllib3.readthedocs.io/en/latest/advanced-usage.html#tls-warnings
  warnings.warn(</msg>
<msg time="2024-06-06T05:15:25.430507" level="INFO">${response} = &lt;Response [200]&gt;</msg>
<var>${response}</var>
<arg>consultarAPI</arg>
<arg>/api</arg>
<doc>Sends a GET request on a previously created HTTP Session.</doc>
<status status="PASS" start="2024-06-06T05:15:25.261077" elapsed="0.169473"/>
</kw>
<kw name="Should Be Equal As Numbers" owner="BuiltIn">
<msg time="2024-06-06T05:15:25.431569" level="INFO">Argument types are:
&lt;class 'int'&gt;
&lt;class 'str'&gt;</msg>
<arg>${response.status_code}</arg>
<arg>200</arg>
<doc>Fails if objects are unequal after converting them to real numbers.</doc>
<status status="PASS" start="2024-06-06T05:15:25.431106" elapsed="0.000531"/>
</kw>
<kw name="Log" owner="BuiltIn">
<msg time="2024-06-06T05:15:25.432346" level="INFO">200</msg>
<arg>${response.status_code}</arg>
<doc>Logs the given message with the given level.</doc>
<status status="PASS" start="2024-06-06T05:15:25.431993" elapsed="0.000402"/>
</kw>
<kw name="Set Variable" owner="BuiltIn">
<msg time="2024-06-06T05:15:25.433216" level="INFO">${json_data} = {'results': [{'gender': 'female', 'name': {'title': 'Mrs', 'first': 'Ángeles', 'last': 'Cruz'}, 'location': {'street': {'number': 3253, 'name': 'Calle de Téllez'}, 'city': 'Orihuela', 'state': 'Comuni...</msg>
<var>${json_data}</var>
<arg>${response.json()}</arg>
<doc>Returns the given values which can then be assigned to a variables.</doc>
<status status="PASS" start="2024-06-06T05:15:25.432752" elapsed="0.000496"/>
</kw>
<kw name="Dictionary Should Contain Key" owner="Collections">
<msg time="2024-06-06T05:15:25.433732" level="INFO">False</msg>
<arg>${json_data}</arg>
<arg>results</arg>
<doc>Fails if ``key`` is not found from ``dictionary``.</doc>
<status status="PASS" start="2024-06-06T05:15:25.433561" elapsed="0.000377"/>
</kw>
<status status="PASS" start="2024-06-06T05:15:25.260813" elapsed="0.173405"/>
</kw>
<doc>Testa se a API responde corretamente e retorna um objeto JSON válido.</doc>
<tag>testeRequisicaoBasica</tag>
<status status="PASS" start="2024-06-06T05:15:25.260295" elapsed="0.174152"/>
</test>
<test id="s1-s1-t3" name="Validar estrutura de resposta" line="22">
<kw name="Teste de Estrutura de Resposta" owner="random-user-service">
<kw name="GET On Session" owner="RequestsLibrary">
<msg time="2024-06-06T05:15:25.534227" level="INFO">GET Request : url=https://randomuser.me/api 
 path_url=/api 
 headers={'User-Agent': 'python-requests/2.32.3', 'Accept-Encoding': 'gzip, deflate', 'Accept': '*/*', 'Connection': 'keep-alive'} 
 body=None 
 </msg>
<msg time="2024-06-06T05:15:25.534346" level="INFO">GET Response : url=https://randomuser.me/api 
 status=200, reason=OK 
 headers={'Date': 'Thu, 06 Jun 2024 05:15:25 GMT', 'Content-Type': 'application/json; charset=utf-8', 'Transfer-Encoding': 'chunked', 'Connection': 'keep-alive', 'X-Powered-By': 'Express', 'Access-Control-Allow-Origin': '*', 'Cache-Control': 'no-cache', 'ETag': 'W/"4a7-bt3Ugvt797skEMAp07jE4PuVNKY"', 'Vary': 'Accept-Encoding', 'Content-Encoding': 'gzip', 'CF-Cache-Status': 'DYNAMIC', 'Report-To': '{"endpoints":[{"url":"https:\\/\\/a.nel.cloudflare.com\\/report\\/v4?s=sGSIVX4aEVNGS2nG3Lks0pHt7lrGgRVjYby4TK39%2Fl3orSyRPIuPrv98MCmtOzSAkdw3fqVsLactF9PQEGwQ6jH7ZI%2Fibi4PaIdHXEjOlUA4VpCMs0VCMEQSngFyAoKj"}],"group":"cf-nel","max_age":604800}', 'NEL': '{"success_fraction":0,"report_to":"cf-nel","max_age":604800}', 'Server': 'cloudflare', 'CF-RAY': '88f5ecac0e9a7ea1-LAX', 'alt-svc': 'h3=":443"; ma=86400'} 
 body={"results":[{"gender":"female","name":{"title":"Miss","first":"Latifah","last":"Klijsen"},"location":{"street":{"number":6099,"name":"Herenstreek"},"city":"Raamsdonk","state":"Utrecht","country":"Netherlands","postcode":"7101 KF","coordinates":{"latitude":"33.5294","longitude":"105.7972"},"timezone":{"offset":"-6:00","description":"Central Time (US &amp; Canada), Mexico City"}},"email":"latifah.klijsen@example.com","login":{"uuid":"85139bbd-732a-43ab-ab2f-c2da48de313f","username":"yellowpeacock263","password":"bergkamp","salt":"nkOpNQkT","md5":"a28139dbbb5854d060aa48f29026abb1","sha1":"1e9cd36b514971cfac062708a71df5c67704c5d6","sha256":"561380fa82bb5ef876d081ee98b6da6e4adb973dc49bd5237d079cb9f8c1f7f0"},"dob":{"date":"1994-01-04T03:02:27.555Z","age":30},"registered":{"date":"2015-05-30T10:26:52.538Z","age":9},"phone":"(058) 8202925","cell":"(06) 16975001","id":{"name":"BSN","value":"72337455"},"picture":{"large":"https://randomuser.me/api/portraits/women/25.jpg","medium":"https://randomuser.me/api/portraits/med/women/25.jpg","thumbnail":"https://randomuser.me/api/portraits/thumb/women/25.jpg"},"nat":"NL"}],"info":{"seed":"a320d9205eecf4cc","results":1,"page":1,"version":"1.4"}} 
 </msg>
<msg time="2024-06-06T05:15:25.534516" level="INFO">/opt/hostedtoolcache/Python/3.12.3/x64/lib/python3.12/site-packages/urllib3/connectionpool.py:1103: InsecureRequestWarning: Unverified HTTPS request is being made to host 'randomuser.me'. Adding certificate verification is strongly advised. See: https://urllib3.readthedocs.io/en/latest/advanced-usage.html#tls-warnings
  warnings.warn(</msg>
<msg time="2024-06-06T05:15:25.534663" level="INFO">${response} = &lt;Response [200]&gt;</msg>
<var>${response}</var>
<arg>consultarAPI</arg>
<arg>/api</arg>
<doc>Sends a GET request on a previously created HTTP Session.</doc>
<status status="PASS" start="2024-06-06T05:15:25.437317" elapsed="0.097389"/>
</kw>
<kw name="Set Variable" owner="BuiltIn">
<msg time="2024-06-06T05:15:25.535917" level="INFO">${json_data} = {'results': [{'gender': 'female', 'name': {'title': 'Miss', 'first': 'Latifah', 'last': 'Klijsen'}, 'location': {'street': {'number': 6099, 'name': 'Herenstreek'}, 'city': 'Raamsdonk', 'state': 'Utrec...</msg>
<var>${json_data}</var>
<arg>${response.json()}</arg>
<doc>Returns the given values which can then be assigned to a variables.</doc>
<status status="PASS" start="2024-06-06T05:15:25.535328" elapsed="0.000618"/>
</kw>
<kw name="Log" owner="BuiltIn">
<msg time="2024-06-06T05:15:25.536429" level="INFO">{'results': [{'gender': 'female', 'name': {'title': 'Miss', 'first': 'Latifah', 'last': 'Klijsen'}, 'location': {'street': {'number': 6099, 'name': 'Herenstreek'}, 'city': 'Raamsdonk', 'state': 'Utrecht', 'country': 'Netherlands', 'postcode': '7101 KF', 'coordinates': {'latitude': '33.5294', 'longitude': '105.7972'}, 'timezone': {'offset': '-6:00', 'description': 'Central Time (US &amp; Canada), Mexico City'}}, 'email': 'latifah.klijsen@example.com', 'login': {'uuid': '85139bbd-732a-43ab-ab2f-c2da48de313f', 'username': 'yellowpeacock263', 'password': 'bergkamp', 'salt': 'nkOpNQkT', 'md5': 'a28139dbbb5854d060aa48f29026abb1', 'sha1': '1e9cd36b514971cfac062708a71df5c67704c5d6', 'sha256': '561380fa82bb5ef876d081ee98b6da6e4adb973dc49bd5237d079cb9f8c1f7f0'}, 'dob': {'date': '1994-01-04T03:02:27.555Z', 'age': 30}, 'registered': {'date': '2015-05-30T10:26:52.538Z', 'age': 9}, 'phone': '(058) 8202925', 'cell': '(06) 16975001', 'id': {'name': 'BSN', 'value': '72337455'}, 'picture': {'large': 'https://randomuser.me/api/portraits/women/25.jpg', 'medium': 'https://randomuser.me/api/portraits/med/women/25.jpg', 'thumbnail': 'https://randomuser.me/api/portraits/thumb/women/25.jpg'}, 'nat': 'NL'}], 'info': {'seed': 'a320d9205eecf4cc', 'results': 1, 'page': 1, 'version': '1.4'}}</msg>
<arg>${json_data}</arg>
<doc>Logs the given message with the given level.</doc>
<status status="PASS" start="2024-06-06T05:15:25.536264" elapsed="0.000215"/>
</kw>
<kw name="Dictionary Should Contain Key" owner="Collections">
<msg time="2024-06-06T05:15:25.536982" level="INFO">False</msg>
<arg>${json_data}</arg>
<arg>results</arg>
<doc>Fails if ``key`` is not found from ``dictionary``.</doc>
<status status="PASS" start="2024-06-06T05:15:25.536819" elapsed="0.000201"/>
</kw>
<kw name="Should Not Be Empty" owner="BuiltIn">
<msg time="2024-06-06T05:15:25.537464" level="INFO">Length is 2.</msg>
<arg>${json_data}</arg>
<doc>Verifies that the given item is not empty.</doc>
<status status="PASS" start="2024-06-06T05:15:25.537330" elapsed="0.000173"/>
</kw>
<kw name="Create List" owner="BuiltIn">
<msg time="2024-06-06T05:15:25.537952" level="INFO">${expected_keys} = ['gender', 'name', 'location', 'email', 'login']</msg>
<var>${expected_keys}</var>
<arg>gender</arg>
<arg>name</arg>
<arg>location</arg>
<arg>email</arg>
<arg>login</arg>
<doc>Returns a list containing given items.</doc>
<status status="PASS" start="2024-06-06T05:15:25.537799" elapsed="0.000176"/>
</kw>
<for flavor="IN">
<iter>
<kw name="Dictionary Should Contain Key" owner="Collections">
<msg time="2024-06-06T05:15:25.538971" level="INFO">False</msg>
<arg>${json_data['results'][0]}</arg>
<arg>${key}</arg>
<doc>Fails if ``key`` is not found from ``dictionary``.</doc>
<status status="PASS" start="2024-06-06T05:15:25.538568" elapsed="0.000446"/>
</kw>
<kw name="Log" owner="BuiltIn">
<msg time="2024-06-06T05:15:25.539681" level="INFO">{'gender': 'female', 'name': {'title': 'Miss', 'first': 'Latifah', 'last': 'Klijsen'}, 'location': {'street': {'number': 6099, 'name': 'Herenstreek'}, 'city': 'Raamsdonk', 'state': 'Utrecht', 'country': 'Netherlands', 'postcode': '7101 KF', 'coordinates': {'latitude': '33.5294', 'longitude': '105.7972'}, 'timezone': {'offset': '-6:00', 'description': 'Central Time (US &amp; Canada), Mexico City'}}, 'email': 'latifah.klijsen@example.com', 'login': {'uuid': '85139bbd-732a-43ab-ab2f-c2da48de313f', 'username': 'yellowpeacock263', 'password': 'bergkamp', 'salt': 'nkOpNQkT', 'md5': 'a28139dbbb5854d060aa48f29026abb1', 'sha1': '1e9cd36b514971cfac062708a71df5c67704c5d6', 'sha256': '561380fa82bb5ef876d081ee98b6da6e4adb973dc49bd5237d079cb9f8c1f7f0'}, 'dob': {'date': '1994-01-04T03:02:27.555Z', 'age': 30}, 'registered': {'date': '2015-05-30T10:26:52.538Z', 'age': 9}, 'phone': '(058) 8202925', 'cell': '(06) 16975001', 'id': {'name': 'BSN', 'value': '72337455'}, 'picture': {'large': 'https://randomuser.me/api/portraits/women/25.jpg', 'medium': 'https://randomuser.me/api/portraits/med/women/25.jpg', 'thumbnail': 'https://randomuser.me/api/portraits/thumb/women/25.jpg'}, 'nat': 'NL'}</msg>
<arg>${json_data['results'][0]}</arg>
<doc>Logs the given message with the given level.</doc>
<status status="PASS" start="2024-06-06T05:15:25.539313" elapsed="0.000418"/>
</kw>
<kw name="Log" owner="BuiltIn">
<msg time="2024-06-06T05:15:25.540176" level="INFO">gender</msg>
<arg>${key}</arg>
<doc>Logs the given message with the given level.</doc>
<status status="PASS" start="2024-06-06T05:15:25.540045" elapsed="0.000168"/>
</kw>
<var name="${key}">gender</var>
<status status="PASS" start="2024-06-06T05:15:25.538442" elapsed="0.001985"/>
</iter>
<iter>
<kw name="Dictionary Should Contain Key" owner="Collections">
<msg time="2024-06-06T05:15:25.541143" level="INFO">False</msg>
<arg>${json_data['results'][0]}</arg>
<arg>${key}</arg>
<doc>Fails if ``key`` is not found from ``dictionary``.</doc>
<status status="PASS" start="2024-06-06T05:15:25.540758" elapsed="0.000454"/>
</kw>
<kw name="Log" owner="BuiltIn">
<msg time="2024-06-06T05:15:25.541878" level="INFO">{'gender': 'female', 'name': {'title': 'Miss', 'first': 'Latifah', 'last': 'Klijsen'}, 'location': {'street': {'number': 6099, 'name': 'Herenstreek'}, 'city': 'Raamsdonk', 'state': 'Utrecht', 'country': 'Netherlands', 'postcode': '7101 KF', 'coordinates': {'latitude': '33.5294', 'longitude': '105.7972'}, 'timezone': {'offset': '-6:00', 'description': 'Central Time (US &amp; Canada), Mexico City'}}, 'email': 'latifah.klijsen@example.com', 'login': {'uuid': '85139bbd-732a-43ab-ab2f-c2da48de313f', 'username': 'yellowpeacock263', 'password': 'bergkamp', 'salt': 'nkOpNQkT', 'md5': 'a28139dbbb5854d060aa48f29026abb1', 'sha1': '1e9cd36b514971cfac062708a71df5c67704c5d6', 'sha256': '561380fa82bb5ef876d081ee98b6da6e4adb973dc49bd5237d079cb9f8c1f7f0'}, 'dob': {'date': '1994-01-04T03:02:27.555Z', 'age': 30}, 'registered': {'date': '2015-05-30T10:26:52.538Z', 'age': 9}, 'phone': '(058) 8202925', 'cell': '(06) 16975001', 'id': {'name': 'BSN', 'value': '72337455'}, 'picture': {'large': 'https://randomuser.me/api/portraits/women/25.jpg', 'medium': 'https://randomuser.me/api/portraits/med/women/25.jpg', 'thumbnail': 'https://randomuser.me/api/portraits/thumb/women/25.jpg'}, 'nat': 'NL'}</msg>
<arg>${json_data['results'][0]}</arg>
<doc>Logs the given message with the given level.</doc>
<status status="PASS" start="2024-06-06T05:15:25.541514" elapsed="0.000414"/>
</kw>
<kw name="Log" owner="BuiltIn">
<msg time="2024-06-06T05:15:25.542350" level="INFO">name</msg>
<arg>${key}</arg>
<doc>Logs the given message with the given level.</doc>
<status status="PASS" start="2024-06-06T05:15:25.542223" elapsed="0.000163"/>
</kw>
<var name="${key}">name</var>
<status status="PASS" start="2024-06-06T05:15:25.540616" elapsed="0.001992"/>
</iter>
<iter>
<kw name="Dictionary Should Contain Key" owner="Collections">
<msg time="2024-06-06T05:15:25.543272" level="INFO">False</msg>
<arg>${json_data['results'][0]}</arg>
<arg>${key}</arg>
<doc>Fails if ``key`` is not found from ``dictionary``.</doc>
<status status="PASS" start="2024-06-06T05:15:25.542897" elapsed="0.000413"/>
</kw>
<kw name="Log" owner="BuiltIn">
<msg time="2024-06-06T05:15:25.543998" level="INFO">{'gender': 'female', 'name': {'title': 'Miss', 'first': 'Latifah', 'last': 'Klijsen'}, 'location': {'street': {'number': 6099, 'name': 'Herenstreek'}, 'city': 'Raamsdonk', 'state': 'Utrecht', 'country': 'Netherlands', 'postcode': '7101 KF', 'coordinates': {'latitude': '33.5294', 'longitude': '105.7972'}, 'timezone': {'offset': '-6:00', 'description': 'Central Time (US &amp; Canada), Mexico City'}}, 'email': 'latifah.klijsen@example.com', 'login': {'uuid': '85139bbd-732a-43ab-ab2f-c2da48de313f', 'username': 'yellowpeacock263', 'password': 'bergkamp', 'salt': 'nkOpNQkT', 'md5': 'a28139dbbb5854d060aa48f29026abb1', 'sha1': '1e9cd36b514971cfac062708a71df5c67704c5d6', 'sha256': '561380fa82bb5ef876d081ee98b6da6e4adb973dc49bd5237d079cb9f8c1f7f0'}, 'dob': {'date': '1994-01-04T03:02:27.555Z', 'age': 30}, 'registered': {'date': '2015-05-30T10:26:52.538Z', 'age': 9}, 'phone': '(058) 8202925', 'cell': '(06) 16975001', 'id': {'name': 'BSN', 'value': '72337455'}, 'picture': {'large': 'https://randomuser.me/api/portraits/women/25.jpg', 'medium': 'https://randomuser.me/api/portraits/med/women/25.jpg', 'thumbnail': 'https://randomuser.me/api/portraits/thumb/women/25.jpg'}, 'nat': 'NL'}</msg>
<arg>${json_data['results'][0]}</arg>
<doc>Logs the given message with the given level.</doc>
<status status="PASS" start="2024-06-06T05:15:25.543627" elapsed="0.000430"/>
</kw>
<kw name="Log" owner="BuiltIn">
<msg time="2024-06-06T05:15:25.544482" level="INFO">location</msg>
<arg>${key}</arg>
<doc>Logs the given message with the given level.</doc>
<status status="PASS" start="2024-06-06T05:15:25.544356" elapsed="0.000163"/>
</kw>
<var name="${key}">location</var>
<status status="PASS" start="2024-06-06T05:15:25.542786" elapsed="0.001976"/>
</iter>
<iter>
<kw name="Dictionary Should Contain Key" owner="Collections">
<msg time="2024-06-06T05:15:25.545548" level="INFO">False</msg>
<arg>${json_data['results'][0]}</arg>
<arg>${key}</arg>
<doc>Fails if ``key`` is not found from ``dictionary``.</doc>
<status status="PASS" start="2024-06-06T05:15:25.545053" elapsed="0.000535"/>
</kw>
<kw name="Log" owner="BuiltIn">
<msg time="2024-06-06T05:15:25.546283" level="INFO">{'gender': 'female', 'name': {'title': 'Miss', 'first': 'Latifah', 'last': 'Klijsen'}, 'location': {'street': {'number': 6099, 'name': 'Herenstreek'}, 'city': 'Raamsdonk', 'state': 'Utrecht', 'country': 'Netherlands', 'postcode': '7101 KF', 'coordinates': {'latitude': '33.5294', 'longitude': '105.7972'}, 'timezone': {'offset': '-6:00', 'description': 'Central Time (US &amp; Canada), Mexico City'}}, 'email': 'latifah.klijsen@example.com', 'login': {'uuid': '85139bbd-732a-43ab-ab2f-c2da48de313f', 'username': 'yellowpeacock263', 'password': 'bergkamp', 'salt': 'nkOpNQkT', 'md5': 'a28139dbbb5854d060aa48f29026abb1', 'sha1': '1e9cd36b514971cfac062708a71df5c67704c5d6', 'sha256': '561380fa82bb5ef876d081ee98b6da6e4adb973dc49bd5237d079cb9f8c1f7f0'}, 'dob': {'date': '1994-01-04T03:02:27.555Z', 'age': 30}, 'registered': {'date': '2015-05-30T10:26:52.538Z', 'age': 9}, 'phone': '(058) 8202925', 'cell': '(06) 16975001', 'id': {'name': 'BSN', 'value': '72337455'}, 'picture': {'large': 'https://randomuser.me/api/portraits/women/25.jpg', 'medium': 'https://randomuser.me/api/portraits/med/women/25.jpg', 'thumbnail': 'https://randomuser.me/api/portraits/thumb/women/25.jpg'}, 'nat': 'NL'}</msg>
<arg>${json_data['results'][0]}</arg>
<doc>Logs the given message with the given level.</doc>
<status status="PASS" start="2024-06-06T05:15:25.545914" elapsed="0.000421"/>
</kw>
<kw name="Log" owner="BuiltIn">
<msg time="2024-06-06T05:15:25.546766" level="INFO">email</msg>
<arg>${key}</arg>
<doc>Logs the given message with the given level.</doc>
<status status="PASS" start="2024-06-06T05:15:25.546637" elapsed="0.000167"/>
</kw>
<var name="${key}">email</var>
<status status="PASS" start="2024-06-06T05:15:25.544941" elapsed="0.002079"/>
</iter>
<iter>
<kw name="Dictionary Should Contain Key" owner="Collections">
<msg time="2024-06-06T05:15:25.547705" level="INFO">False</msg>
<arg>${json_data['results'][0]}</arg>
<arg>${key}</arg>
<doc>Fails if ``key`` is not found from ``dictionary``.</doc>
<status status="PASS" start="2024-06-06T05:15:25.547312" elapsed="0.000430"/>
</kw>
<kw name="Log" owner="BuiltIn">
<msg time="2024-06-06T05:15:25.548394" level="INFO">{'gender': 'female', 'name': {'title': 'Miss', 'first': 'Latifah', 'last': 'Klijsen'}, 'location': {'street': {'number': 6099, 'name': 'Herenstreek'}, 'city': 'Raamsdonk', 'state': 'Utrecht', 'country': 'Netherlands', 'postcode': '7101 KF', 'coordinates': {'latitude': '33.5294', 'longitude': '105.7972'}, 'timezone': {'offset': '-6:00', 'description': 'Central Time (US &amp; Canada), Mexico City'}}, 'email': 'latifah.klijsen@example.com', 'login': {'uuid': '85139bbd-732a-43ab-ab2f-c2da48de313f', 'username': 'yellowpeacock263', 'password': 'bergkamp', 'salt': 'nkOpNQkT', 'md5': 'a28139dbbb5854d060aa48f29026abb1', 'sha1': '1e9cd36b514971cfac062708a71df5c67704c5d6', 'sha256': '561380fa82bb5ef876d081ee98b6da6e4adb973dc49bd5237d079cb9f8c1f7f0'}, 'dob': {'date': '1994-01-04T03:02:27.555Z', 'age': 30}, 'registered': {'date': '2015-05-30T10:26:52.538Z', 'age': 9}, 'phone': '(058) 8202925', 'cell': '(06) 16975001', 'id': {'name': 'BSN', 'value': '72337455'}, 'picture': {'large': 'https://randomuser.me/api/portraits/women/25.jpg', 'medium': 'https://randomuser.me/api/portraits/med/women/25.jpg', 'thumbnail': 'https://randomuser.me/api/portraits/thumb/women/25.jpg'}, 'nat': 'NL'}</msg>
<arg>${json_data['results'][0]}</arg>
<doc>Logs the given message with the given level.</doc>
<status status="PASS" start="2024-06-06T05:15:25.548043" elapsed="0.000409"/>
</kw>
<kw name="Log" owner="BuiltIn">
<msg time="2024-06-06T05:15:25.548911" level="INFO">login</msg>
<arg>${key}</arg>
<doc>Logs the given message with the given level.</doc>
<status status="PASS" start="2024-06-06T05:15:25.548780" elapsed="0.000201"/>
</kw>
<var name="${key}">login</var>
<status status="PASS" start="2024-06-06T05:15:25.547200" elapsed="0.002007"/>
</iter>
<var>${key}</var>
<value>@{expected_keys}</value>
<status status="PASS" start="2024-06-06T05:15:25.538242" elapsed="0.011088"/>
</for>
<kw name="Create List" owner="BuiltIn">
<msg time="2024-06-06T05:15:25.549667" level="INFO">${expected_keysTwo} = ['username', 'password']</msg>
<var>${expected_keysTwo}</var>
<arg>username</arg>
<arg>password</arg>
<doc>Returns a list containing given items.</doc>
<status status="PASS" start="2024-06-06T05:15:25.549529" elapsed="0.000162"/>
</kw>
<for flavor="IN">
<iter>
<kw name="Dictionary Should Contain Key" owner="Collections">
<msg time="2024-06-06T05:15:25.550575" level="INFO">False</msg>
<arg>${json_data['results'][0]['login']}</arg>
<arg>${keyTwo}</arg>
<doc>Fails if ``key`` is not found from ``dictionary``.</doc>
<status status="PASS" start="2024-06-06T05:15:25.550191" elapsed="0.000420"/>
</kw>
<kw name="Dictionary Should Contain Key" owner="Collections">
<msg time="2024-06-06T05:15:25.551293" level="INFO">False</msg>
<arg>${json_data['results'][0]['login']}</arg>
<arg>${keyTwo}</arg>
<doc>Fails if ``key`` is not found from ``dictionary``.</doc>
<status status="PASS" start="2024-06-06T05:15:25.550908" elapsed="0.000422"/>
</kw>
<kw name="Log" owner="BuiltIn">
<msg time="2024-06-06T05:15:25.551752" level="INFO">username</msg>
<arg>${keyTwo}</arg>
<doc>Logs the given message with the given level.</doc>
<status status="PASS" start="2024-06-06T05:15:25.551626" elapsed="0.000164"/>
</kw>
<var name="${keyTwo}">username</var>
<status status="PASS" start="2024-06-06T05:15:25.550081" elapsed="0.001929"/>
</iter>
<iter>
<kw name="Dictionary Should Contain Key" owner="Collections">
<msg time="2024-06-06T05:15:25.552693" level="INFO">False</msg>
<arg>${json_data['results'][0]['login']}</arg>
<arg>${keyTwo}</arg>
<doc>Fails if ``key`` is not found from ``dictionary``.</doc>
<status status="PASS" start="2024-06-06T05:15:25.552290" elapsed="0.000446"/>
</kw>
<kw name="Dictionary Should Contain Key" owner="Collections">
<msg time="2024-06-06T05:15:25.553440" level="INFO">False</msg>
<arg>${json_data['results'][0]['login']}</arg>
<arg>${keyTwo}</arg>
<doc>Fails if ``key`` is not found from ``dictionary``.</doc>
<status status="PASS" start="2024-06-06T05:15:25.553046" elapsed="0.000440"/>
</kw>
<kw name="Log" owner="BuiltIn">
<msg time="2024-06-06T05:15:25.553932" level="INFO">password</msg>
<arg>${keyTwo}</arg>
<doc>Logs the given message with the given level.</doc>
<status status="PASS" start="2024-06-06T05:15:25.553804" elapsed="0.000165"/>
</kw>
<var name="${keyTwo}">password</var>
<status status="PASS" start="2024-06-06T05:15:25.552180" elapsed="0.002005"/>
</iter>
<var>${keyTwo}</var>
<value>@{expected_keysTwo}</value>
<status status="PASS" start="2024-06-06T05:15:25.549928" elapsed="0.004380"/>
</for>
<status status="PASS" start="2024-06-06T05:15:25.437072" elapsed="0.117383"/>
</kw>
<doc>Testa a estrutura da resposta da API.</doc>
<tag>testeEstruturaResposta</tag>
<status status="PASS" start="2024-06-06T05:15:25.436444" elapsed="0.118171"/>
</test>
<test id="s1-s1-t4" name="Validar tipos de dados" line="28">
<kw name="Teste de Tipos de Dados" owner="random-user-service">
<kw name="GET On Session" owner="RequestsLibrary">
<msg time="2024-06-06T05:15:25.655046" level="INFO">GET Request : url=https://randomuser.me/api 
 path_url=/api 
 headers={'User-Agent': 'python-requests/2.32.3', 'Accept-Encoding': 'gzip, deflate', 'Accept': '*/*', 'Connection': 'keep-alive'} 
 body=None 
 </msg>
<msg time="2024-06-06T05:15:25.655194" level="INFO">GET Response : url=https://randomuser.me/api 
 status=200, reason=OK 
 headers={'Date': 'Thu, 06 Jun 2024 05:15:25 GMT', 'Content-Type': 'application/json; charset=utf-8', 'Transfer-Encoding': 'chunked', 'Connection': 'keep-alive', 'X-Powered-By': 'Express', 'Access-Control-Allow-Origin': '*', 'Cache-Control': 'no-cache', 'ETag': 'W/"4b3-9e+320XRP8nYWBZgiIXP5u+I6vU"', 'Vary': 'Accept-Encoding', 'Content-Encoding': 'gzip', 'CF-Cache-Status': 'DYNAMIC', 'Report-To': '{"endpoints":[{"url":"https:\\/\\/a.nel.cloudflare.com\\/report\\/v4?s=tB83k9mCSyQfN0xyCywmAOQuRxWZAtTfPN7VJBs5POYVghiDSlttkGNB6VLX6RRIhVxvUXcA7%2BLIAzjBuLFvEwe4%2FQ7tzbh9kce%2FA45BmT4wBURumIN0tpWZAEYfh11i"}],"group":"cf-nel","max_age":604800}', 'NEL': '{"success_fraction":0,"report_to":"cf-nel","max_age":604800}', 'Server': 'cloudflare', 'CF-RAY': '88f5ecaccf697ea1-LAX', 'alt-svc': 'h3=":443"; ma=86400'} 
 body={"results":[{"gender":"female","name":{"title":"Ms","first":"Amelia","last":"Zarate"},"location":{"street":{"number":9187,"name":"Callejón Yemen"},"city":"San Antonio Atotonilco","state":"Zacatecas","country":"Mexico","postcode":21901,"coordinates":{"latitude":"21.5528","longitude":"127.5325"},"timezone":{"offset":"0:00","description":"Western Europe Time, London, Lisbon, Casablanca"}},"email":"amelia.zarate@example.com","login":{"uuid":"1fb7e4af-2db4-40e8-91b2-2f2c91746da6","username":"blackcat996","password":"qwert","salt":"YTtb5Gxe","md5":"968477597be2786fb1a93a72a03adb64","sha1":"4019c22883db8848838a6191e2e0412f83b647b1","sha256":"5972833633559da1a840ce88b9e6d40eee789cfaedcb37bdfc4bafd2ebf4403f"},"dob":{"date":"1953-08-14T09:14:00.724Z","age":70},"registered":{"date":"2017-09-30T03:35:09.513Z","age":6},"phone":"(604) 248 6375","cell":"(605) 675 9292","id":{"name":"NSS","value":"16 73 67 6236 7"},"picture":{"large":"https://randomuser.me/api/portraits/women/55.jpg","medium":"https://randomuser.me/api/portraits/med/women/55.jpg","thumbnail":"https://randomuser.me/api/portraits/thumb/women/55.jpg"},"nat":"MX"}],"info":{"seed":"74ff7206cd7bab03","results":1,"page":1,"version":"1.4"}} 
 </msg>
<msg time="2024-06-06T05:15:25.655326" level="INFO">/opt/hostedtoolcache/Python/3.12.3/x64/lib/python3.12/site-packages/urllib3/connectionpool.py:1103: InsecureRequestWarning: Unverified HTTPS request is being made to host 'randomuser.me'. Adding certificate verification is strongly advised. See: https://urllib3.readthedocs.io/en/latest/advanced-usage.html#tls-warnings
  warnings.warn(</msg>
<msg time="2024-06-06T05:15:25.655522" level="INFO">${response} = &lt;Response [200]&gt;</msg>
<var>${response}</var>
<arg>consultarAPI</arg>
<arg>/api</arg>
<doc>Sends a GET request on a previously created HTTP Session.</doc>
<status status="PASS" start="2024-06-06T05:15:25.557280" elapsed="0.098287"/>
</kw>
<kw name="Set Variable" owner="BuiltIn">
<msg time="2024-06-06T05:15:25.657164" level="INFO">${json_data} = {'results': [{'gender': 'female', 'name': {'title': 'Ms', 'first': 'Amelia', 'last': 'Zarate'}, 'location': {'street': {'number': 9187, 'name': 'Callejón Yemen'}, 'city': 'San Antonio Atotonilco', 'st...</msg>
<var>${json_data}</var>
<arg>${response.json()}</arg>
<doc>Returns the given values which can then be assigned to a variables.</doc>
<status status="PASS" start="2024-06-06T05:15:25.656280" elapsed="0.000930"/>
</kw>
<kw name="Log" owner="BuiltIn">
<msg time="2024-06-06T05:15:25.657982" level="INFO">{'results': [{'gender': 'female', 'name': {'title': 'Ms', 'first': 'Amelia', 'last': 'Zarate'}, 'location': {'street': {'number': 9187, 'name': 'Callejón Yemen'}, 'city': 'San Antonio Atotonilco', 'state': 'Zacatecas', 'country': 'Mexico', 'postcode': 21901, 'coordinates': {'latitude': '21.5528', 'longitude': '127.5325'}, 'timezone': {'offset': '0:00', 'description': 'Western Europe Time, London, Lisbon, Casablanca'}}, 'email': 'amelia.zarate@example.com', 'login': {'uuid': '1fb7e4af-2db4-40e8-91b2-2f2c91746da6', 'username': 'blackcat996', 'password': 'qwert', 'salt': 'YTtb5Gxe', 'md5': '968477597be2786fb1a93a72a03adb64', 'sha1': '4019c22883db8848838a6191e2e0412f83b647b1', 'sha256': '5972833633559da1a840ce88b9e6d40eee789cfaedcb37bdfc4bafd2ebf4403f'}, 'dob': {'date': '1953-08-14T09:14:00.724Z', 'age': 70}, 'registered': {'date': '2017-09-30T03:35:09.513Z', 'age': 6}, 'phone': '(604) 248 6375', 'cell': '(605) 675 9292', 'id': {'name': 'NSS', 'value': '16 73 67 6236 7'}, 'picture': {'large': 'https://randomuser.me/api/portraits/women/55.jpg', 'medium': 'https://randomuser.me/api/portraits/med/women/55.jpg', 'thumbnail': 'https://randomuser.me/api/portraits/thumb/women/55.jpg'}, 'nat': 'MX'}], 'info': {'seed': '74ff7206cd7bab03', 'results': 1, 'page': 1, 'version': '1.4'}}</msg>
<arg>${json_data}</arg>
<doc>Logs the given message with the given level.</doc>
<status status="PASS" start="2024-06-06T05:15:25.657720" elapsed="0.000400"/>
</kw>
<kw name="Should Be String" owner="String">
<arg>${json_data['results'][0]['gender']}</arg>
<doc>Fails if the given ``item`` is not a string.</doc>
<status status="PASS" start="2024-06-06T05:15:25.658564" elapsed="0.000608"/>
</kw>
<kw name="Should Match Regexp" owner="BuiltIn">
<arg>${json_data['results'][0]['email']}</arg>
<arg>^[a-zA-Z0-9._%+-]+@[a-zA-Z0-9.-]+\.[a-zA-Z]{2,}$</arg>
<doc>Fails if ``string`` does not match ``pattern`` as a regular expression.</doc>
<status status="PASS" start="2024-06-06T05:15:25.659477" elapsed="0.001039"/>
</kw>
<kw name="Should Match Regexp" owner="BuiltIn">
<arg>${json_data['results'][0]['dob']['date']}</arg>
<arg>\\d{4}-\\d{2}-\\d{2}T\\d{2}:\\d{2}:\\d{2}\\.\\d{3}Z</arg>
<doc>Fails if ``string`` does not match ``pattern`` as a regular expression.</doc>
<status status="PASS" start="2024-06-06T05:15:25.660862" elapsed="0.000802"/>
</kw>
<kw name="Should Match Regexp" owner="BuiltIn">
<arg>${json_data['results'][0]['registered']['date']}</arg>
<arg>\\d{4}-\\d{2}-\\d{2}T\\d{2}:\\d{2}:\\d{2}\\.\\d{3}Z</arg>
<doc>Fails if ``string`` does not match ``pattern`` as a regular expression.</doc>
<status status="PASS" start="2024-06-06T05:15:25.661999" elapsed="0.000640"/>
</kw>
<kw name="Should Match Regexp" owner="BuiltIn">
<arg>${json_data['results'][0]['picture']['large']}</arg>
<arg>^https?://.*\.(?:png|jpe?g|gif|bmp)$</arg>
<doc>Fails if ``string`` does not match ``pattern`` as a regular expression.</doc>
<status status="PASS" start="2024-06-06T05:15:25.662950" elapsed="0.000797"/>
</kw>
<kw name="Should Match Regexp" owner="BuiltIn">
<arg>${json_data['results'][0]['picture']['medium']}</arg>
<arg>^https?://.*\.(?:png|jpe?g|gif|bmp)$</arg>
<doc>Fails if ``string`` does not match ``pattern`` as a regular expression.</doc>
<status status="PASS" start="2024-06-06T05:15:25.664072" elapsed="0.000647"/>
</kw>
<kw name="Should Match Regexp" owner="BuiltIn">
<arg>${json_data['results'][0]['picture']['thumbnail']}</arg>
<arg>^https?://.*\.(?:png|jpe?g|gif|bmp)$</arg>
<doc>Fails if ``string`` does not match ``pattern`` as a regular expression.</doc>
<status status="PASS" start="2024-06-06T05:15:25.665066" elapsed="0.000609"/>
</kw>
<kw name="Log" owner="BuiltIn">
<msg time="2024-06-06T05:15:25.666609" level="INFO">{'large': 'https://randomuser.me/api/portraits/women/55.jpg', 'medium': 'https://randomuser.me/api/portraits/med/women/55.jpg', 'thumbnail': 'https://randomuser.me/api/portraits/thumb/women/55.jpg'}</msg>
<arg>${json_data['results'][0]['picture']}</arg>
<doc>Logs the given message with the given level.</doc>
<status status="PASS" start="2024-06-06T05:15:25.666006" elapsed="0.000678"/>
</kw>
<status status="PASS" start="2024-06-06T05:15:25.557034" elapsed="0.110078"/>
</kw>
<kw name="Teste de Tipos de Dados - Postcode" owner="random-user-service">
<kw name="GET On Session" owner="RequestsLibrary">
<msg time="2024-06-06T05:15:25.766532" level="INFO">GET Request : url=https://randomuser.me/api 
 path_url=/api 
 headers={'User-Agent': 'python-requests/2.32.3', 'Accept-Encoding': 'gzip, deflate', 'Accept': '*/*', 'Connection': 'keep-alive'} 
 body=None 
 </msg>
<msg time="2024-06-06T05:15:25.766658" level="INFO">GET Response : url=https://randomuser.me/api 
 status=200, reason=OK 
 headers={'Date': 'Thu, 06 Jun 2024 05:15:25 GMT', 'Content-Type': 'application/json; charset=utf-8', 'Transfer-Encoding': 'chunked', 'Connection': 'keep-alive', 'X-Powered-By': 'Express', 'Access-Control-Allow-Origin': '*', 'Cache-Control': 'no-cache', 'ETag': 'W/"49f-u/SKfoJH8VKVy9g1ZOjdX9+Z4co"', 'Vary': 'Accept-Encoding', 'Content-Encoding': 'gzip', 'CF-Cache-Status': 'DYNAMIC', 'Report-To': '{"endpoints":[{"url":"https:\\/\\/a.nel.cloudflare.com\\/report\\/v4?s=%2Fz%2Bt84VgbAtcJ%2BPqJqVd3pMRDJ%2BkOJEeGy9acWHP1AJrSNXllncb9pKKgBRafP0OpHJj5szySncAddHmx6QgBRwkK6YuAq7nrOdVZI4%2FTp5USfSgX%2Fu2RkwzLW5hOeJE"}],"group":"cf-nel","max_age":604800}', 'NEL': '{"success_fraction":0,"report_to":"cf-nel","max_age":604800}', 'Server': 'cloudflare', 'CF-RAY': '88f5ecad78357ea1-LAX', 'alt-svc': 'h3=":443"; ma=86400'} 
 body={"results":[{"gender":"female","name":{"title":"Mrs","first":"Amanda","last":"Laitinen"},"location":{"street":{"number":5265,"name":"Reijolankatu"},"city":"Siikainen","state":"Uusimaa","country":"Finland","postcode":84573,"coordinates":{"latitude":"-27.9820","longitude":"40.3373"},"timezone":{"offset":"+8:00","description":"Beijing, Perth, Singapore, Hong Kong"}},"email":"amanda.laitinen@example.com","login":{"uuid":"166d8bce-d783-490b-97d6-3b14689b3539","username":"happyduck758","password":"snapple","salt":"CInKcQeD","md5":"84eeaa996ed42f7b80e5bf68df28554d","sha1":"5e387a85792bbd56b0af33fe64923b990cb5cc07","sha256":"e760bd4b1ebbfe9ed1a58d5fc14fea7c724f8e1ad7f59eb8f13ed342c4758554"},"dob":{"date":"1951-01-26T10:48:18.695Z","age":73},"registered":{"date":"2007-11-10T13:11:12.196Z","age":16},"phone":"06-572-326","cell":"043-129-54-75","id":{"name":"HETU","value":"NaNNA792undefined"},"picture":{"large":"https://randomuser.me/api/portraits/women/42.jpg","medium":"https://randomuser.me/api/portraits/med/women/42.jpg","thumbnail":"https://randomuser.me/api/portraits/thumb/women/42.jpg"},"nat":"FI"}],"info":{"seed":"4cc3043d0a7d6d2e","results":1,"page":1,"version":"1.4"}} 
 </msg>
<msg time="2024-06-06T05:15:25.766753" level="INFO">/opt/hostedtoolcache/Python/3.12.3/x64/lib/python3.12/site-packages/urllib3/connectionpool.py:1103: InsecureRequestWarning: Unverified HTTPS request is being made to host 'randomuser.me'. Adding certificate verification is strongly advised. See: https://urllib3.readthedocs.io/en/latest/advanced-usage.html#tls-warnings
  warnings.warn(</msg>
<msg time="2024-06-06T05:15:25.766910" level="INFO">${response} = &lt;Response [200]&gt;</msg>
<var>${response}</var>
<arg>consultarAPI</arg>
<arg>/api</arg>
<doc>Sends a GET request on a previously created HTTP Session.</doc>
<status status="PASS" start="2024-06-06T05:15:25.667796" elapsed="0.099164"/>
</kw>
<kw name="Set Variable" owner="BuiltIn">
<msg time="2024-06-06T05:15:25.768396" level="INFO">${json_data} = {'results': [{'gender': 'female', 'name': {'title': 'Mrs', 'first': 'Amanda', 'last': 'Laitinen'}, 'location': {'street': {'number': 5265, 'name': 'Reijolankatu'}, 'city': 'Siikainen', 'state': 'Uusim...</msg>
<var>${json_data}</var>
<arg>${response.json()}</arg>
<doc>Returns the given values which can then be assigned to a variables.</doc>
<status status="PASS" start="2024-06-06T05:15:25.767796" elapsed="0.000641"/>
</kw>
<kw name="Log" owner="BuiltIn">
<msg time="2024-06-06T05:15:25.769096" level="INFO">{'results': [{'gender': 'female', 'name': {'title': 'Mrs', 'first': 'Amanda', 'last': 'Laitinen'}, 'location': {'street': {'number': 5265, 'name': 'Reijolankatu'}, 'city': 'Siikainen', 'state': 'Uusimaa', 'country': 'Finland', 'postcode': 84573, 'coordinates': {'latitude': '-27.9820', 'longitude': '40.3373'}, 'timezone': {'offset': '+8:00', 'description': 'Beijing, Perth, Singapore, Hong Kong'}}, 'email': 'amanda.laitinen@example.com', 'login': {'uuid': '166d8bce-d783-490b-97d6-3b14689b3539', 'username': 'happyduck758', 'password': 'snapple', 'salt': 'CInKcQeD', 'md5': '84eeaa996ed42f7b80e5bf68df28554d', 'sha1': '5e387a85792bbd56b0af33fe64923b990cb5cc07', 'sha256': 'e760bd4b1ebbfe9ed1a58d5fc14fea7c724f8e1ad7f59eb8f13ed342c4758554'}, 'dob': {'date': '1951-01-26T10:48:18.695Z', 'age': 73}, 'registered': {'date': '2007-11-10T13:11:12.196Z', 'age': 16}, 'phone': '06-572-326', 'cell': '043-129-54-75', 'id': {'name': 'HETU', 'value': 'NaNNA792undefined'}, 'picture': {'large': 'https://randomuser.me/api/portraits/women/42.jpg', 'medium': 'https://randomuser.me/api/portraits/med/women/42.jpg', 'thumbnail': 'https://randomuser.me/api/portraits/thumb/women/42.jpg'}, 'nat': 'FI'}], 'info': {'seed': '4cc3043d0a7d6d2e', 'results': 1, 'page': 1, 'version': '1.4'}}</msg>
<arg>${json_data}</arg>
<doc>Logs the given message with the given level.</doc>
<status status="PASS" start="2024-06-06T05:15:25.768893" elapsed="0.000296"/>
</kw>
<kw name="Should Be Equal As Numbers" owner="BuiltIn">
<arg>${json_data['results'][0]['location']['postcode']}</arg>
<arg>${json_data['results'][0]['location']['postcode']}</arg>
<doc>Fails if objects are unequal after converting them to real numbers.</doc>
<status status="PASS" start="2024-06-06T05:15:25.769563" elapsed="0.000682"/>
</kw>
<kw name="Log" owner="BuiltIn">
<msg time="2024-06-06T05:15:25.770850" level="INFO">84573</msg>
<arg>${json_data['results'][0]['location']['postcode']}</arg>
<doc>Logs the given message with the given level.</doc>
<status status="PASS" start="2024-06-06T05:15:25.770490" elapsed="0.000406"/>
</kw>
<status status="PASS" start="2024-06-06T05:15:25.667461" elapsed="0.103711"/>
</kw>
<doc>Testa se os tipos de dados na resposta da API estão corretos.</doc>
<tag>testeTiposDados</tag>
<status status="PASS" start="2024-06-06T05:15:25.556393" elapsed="0.214957"/>
</test>
<test id="s1-s1-t5" name="Validar conteudo" line="35">
<kw name="Teste de Tipos de Conteudo" owner="random-user-service">
<kw name="GET On Session" owner="RequestsLibrary">
<msg time="2024-06-06T05:15:25.874564" level="INFO">GET Request : url=https://randomuser.me/api 
 path_url=/api 
 headers={'User-Agent': 'python-requests/2.32.3', 'Accept-Encoding': 'gzip, deflate', 'Accept': '*/*', 'Connection': 'keep-alive'} 
 body=None 
 </msg>
<msg time="2024-06-06T05:15:25.874666" level="INFO">GET Response : url=https://randomuser.me/api 
 status=200, reason=OK 
 headers={'Date': 'Thu, 06 Jun 2024 05:15:25 GMT', 'Content-Type': 'application/json; charset=utf-8', 'Transfer-Encoding': 'chunked', 'Connection': 'keep-alive', 'X-Powered-By': 'Express', 'Access-Control-Allow-Origin': '*', 'Cache-Control': 'no-cache', 'ETag': 'W/"494-RXyHPr6L+vcxD2zdgT2bYm423pg"', 'Vary': 'Accept-Encoding', 'Content-Encoding': 'gzip', 'CF-Cache-Status': 'DYNAMIC', 'Report-To': '{"endpoints":[{"url":"https:\\/\\/a.nel.cloudflare.com\\/report\\/v4?s=R1rhspNQDUvOQz%2Bf89veqlcBmYg%2FVD5yae6L0XVcb0PffHhVS1erPmuESSkjlYHfBNsXqzikwQ2NGGzseI7%2BZ6MmW820yKVOukyUbm0eRH2d%2BLmPhA4ikJoRLzVxRPxE"}],"group":"cf-nel","max_age":604800}', 'NEL': '{"success_fraction":0,"report_to":"cf-nel","max_age":604800}', 'Server': 'cloudflare', 'CF-RAY': '88f5ecae18d37ea1-LAX', 'alt-svc': 'h3=":443"; ma=86400'} 
 body={"results":[{"gender":"female","name":{"title":"Mrs","first":"Zoe","last":"Holmes"},"location":{"street":{"number":9489,"name":"Robinson Rd"},"city":"Bathurst","state":"Australian Capital Territory","country":"Australia","postcode":2460,"coordinates":{"latitude":"-86.0845","longitude":"169.2083"},"timezone":{"offset":"+7:00","description":"Bangkok, Hanoi, Jakarta"}},"email":"zoe.holmes@example.com","login":{"uuid":"f68dfb10-e4fc-42ca-9304-a87bea6c44f7","username":"crazymouse553","password":"010101","salt":"r9UjVPho","md5":"20953c312c128821531220f8fa8ed267","sha1":"d320f063b11909a4afb652a324ac3f7893c03758","sha256":"089c3f129ff890838807b382c3d329fff04f4d224e9375709e133b2650d8d5c9"},"dob":{"date":"1970-08-21T14:55:33.514Z","age":53},"registered":{"date":"2016-11-27T23:55:43.847Z","age":7},"phone":"06-3722-9440","cell":"0439-219-204","id":{"name":"TFN","value":"564545666"},"picture":{"large":"https://randomuser.me/api/portraits/women/88.jpg","medium":"https://randomuser.me/api/portraits/med/women/88.jpg","thumbnail":"https://randomuser.me/api/portraits/thumb/women/88.jpg"},"nat":"AU"}],"info":{"seed":"ee76ae47e26fe4fd","results":1,"page":1,"version":"1.4"}} 
 </msg>
<msg time="2024-06-06T05:15:25.874736" level="INFO">/opt/hostedtoolcache/Python/3.12.3/x64/lib/python3.12/site-packages/urllib3/connectionpool.py:1103: InsecureRequestWarning: Unverified HTTPS request is being made to host 'randomuser.me'. Adding certificate verification is strongly advised. See: https://urllib3.readthedocs.io/en/latest/advanced-usage.html#tls-warnings
  warnings.warn(</msg>
<msg time="2024-06-06T05:15:25.874868" level="INFO">${response} = &lt;Response [200]&gt;</msg>
<var>${response}</var>
<arg>consultarAPI</arg>
<arg>/api</arg>
<doc>Sends a GET request on a previously created HTTP Session.</doc>
<status status="PASS" start="2024-06-06T05:15:25.774007" elapsed="0.100905"/>
</kw>
<kw name="Set Variable" owner="BuiltIn">
<msg time="2024-06-06T05:15:25.876173" level="INFO">${json_data} = {'results': [{'gender': 'female', 'name': {'title': 'Mrs', 'first': 'Zoe', 'last': 'Holmes'}, 'location': {'street': {'number': 9489, 'name': 'Robinson Rd'}, 'city': 'Bathurst', 'state': 'Australian C...</msg>
<var>${json_data}</var>
<arg>${response.json()}</arg>
<doc>Returns the given values which can then be assigned to a variables.</doc>
<status status="PASS" start="2024-06-06T05:15:25.875588" elapsed="0.000615"/>
</kw>
<kw name="Set Variable" owner="BuiltIn">
<msg time="2024-06-06T05:15:25.877038" level="INFO">${name_title} = Mrs</msg>
<var>${name_title}</var>
<arg>${json_data["results"][0]["name"]["title"]}</arg>
<doc>Returns the given values which can then be assigned to a variables.</doc>
<status status="PASS" start="2024-06-06T05:15:25.876580" elapsed="0.000485"/>
</kw>
<kw name="Create List" owner="BuiltIn">
<msg time="2024-06-06T05:15:25.877568" level="INFO">${allowed_titles} = ['Mr', 'Ms', 'Miss', 'Mrs', 'Madame', 'Monsieur']</msg>
<var>${allowed_titles}</var>
<arg>Mr</arg>
<arg>Ms</arg>
<arg>Miss</arg>
<arg>Mrs</arg>
<arg>Madame</arg>
<arg>Monsieur</arg>
<doc>Returns a list containing given items.</doc>
<status status="PASS" start="2024-06-06T05:15:25.877407" elapsed="0.000187"/>
</kw>
<kw name="List Should Contain Value" owner="Collections">
<msg time="2024-06-06T05:15:25.878096" level="INFO">False</msg>
<arg>${allowed_titles}</arg>
<arg>${name_title}</arg>
<doc>Fails if the ``value`` is not found from ``list``.</doc>
<status status="PASS" start="2024-06-06T05:15:25.877910" elapsed="0.000225"/>
</kw>
<kw name="Set Variable" owner="BuiltIn">
<msg time="2024-06-06T05:15:25.879037" level="INFO">${name_country} = AU</msg>
<var>${name_country}</var>
<arg>${json_data["results"][0]["nat"]}</arg>
<doc>Returns the given values which can then be assigned to a variables.</doc>
<status status="PASS" start="2024-06-06T05:15:25.878445" elapsed="0.000619"/>
</kw>
<kw name="Create List" owner="BuiltIn">
<msg time="2024-06-06T05:15:25.879981" level="INFO">${list_country} = ['AD', 'AE', 'AF', 'AG', 'AI', 'AL', 'AM', 'AO', 'AQ', 'AR', 'AS', 'AT', 'AU', 'AW', 'AX', 'AZ', 'BA', 'BB', 'BD', 'BE', 'BF', 'BG', 'BH', 'BI', 'BJ', 'BL', 'BM', 'BN', 'BO', 'BQ', 'BR', 'BS', 'BT', '...</msg>
<var>${list_country}</var>
<arg>AD</arg>
<arg>AE</arg>
<arg>AF</arg>
<arg>AG</arg>
<arg>AI</arg>
<arg>AL</arg>
<arg>AM</arg>
<arg>AO</arg>
<arg>AQ</arg>
<arg>AR</arg>
<arg>AS</arg>
<arg>AT</arg>
<arg>AU</arg>
<arg>AW</arg>
<arg>AX</arg>
<arg>AZ</arg>
<arg>BA</arg>
<arg>BB</arg>
<arg>BD</arg>
<arg>BE</arg>
<arg>BF</arg>
<arg>BG</arg>
<arg>BH</arg>
<arg>BI</arg>
<arg>BJ</arg>
<arg>BL</arg>
<arg>BM</arg>
<arg>BN</arg>
<arg>BO</arg>
<arg>BQ</arg>
<arg>BR</arg>
<arg>BS</arg>
<arg>BT</arg>
<arg>BV</arg>
<arg>BW</arg>
<arg>BY</arg>
<arg>BZ</arg>
<arg>CA</arg>
<arg>CC</arg>
<arg>CD</arg>
<arg>CF</arg>
<arg>CG</arg>
<arg>CH</arg>
<arg>CI</arg>
<arg>CK</arg>
<arg>CL</arg>
<arg>CM</arg>
<arg>CN</arg>
<arg>CO</arg>
<arg>CR</arg>
<arg>CU</arg>
<arg>CV</arg>
<arg>CW</arg>
<arg>CX</arg>
<arg>CY</arg>
<arg>CZ</arg>
<arg>DE</arg>
<arg>DJ</arg>
<arg>DK</arg>
<arg>DM</arg>
<arg>DO</arg>
<arg>DZ</arg>
<arg>EC</arg>
<arg>EE</arg>
<arg>EG</arg>
<arg>EH</arg>
<arg>ER</arg>
<arg>ES</arg>
<arg>ET</arg>
<arg>FI</arg>
<arg>FJ</arg>
<arg>FK</arg>
<arg>FM</arg>
<arg>FO</arg>
<arg>FR</arg>
<arg>GA</arg>
<arg>GB</arg>
<arg>GD</arg>
<arg>GE</arg>
<arg>GF</arg>
<arg>GG</arg>
<arg>GH</arg>
<arg>GI</arg>
<arg>GL</arg>
<arg>GM</arg>
<arg>GN</arg>
<arg>GP</arg>
<arg>GQ</arg>
<arg>GR</arg>
<arg>GS</arg>
<arg>GT</arg>
<arg>GU</arg>
<arg>GW</arg>
<arg>GY</arg>
<arg>HK</arg>
<arg>HM</arg>
<arg>HN</arg>
<arg>HR</arg>
<arg>HT</arg>
<arg>HU</arg>
<arg>ID</arg>
<arg>IE</arg>
<arg>IL</arg>
<arg>IM</arg>
<arg>IN</arg>
<arg>IO</arg>
<arg>IQ</arg>
<arg>IR</arg>
<arg>IS</arg>
<arg>IT</arg>
<arg>JE</arg>
<arg>JM</arg>
<arg>JO</arg>
<arg>JP</arg>
<arg>KE</arg>
<arg>KG</arg>
<arg>KH</arg>
<arg>KI</arg>
<arg>KM</arg>
<arg>KN</arg>
<arg>KP</arg>
<arg>KR</arg>
<arg>KW</arg>
<arg>KY</arg>
<arg>KZ</arg>
<arg>LA</arg>
<arg>LB</arg>
<arg>LC</arg>
<arg>LI</arg>
<arg>LK</arg>
<arg>LR</arg>
<arg>LS</arg>
<arg>LT</arg>
<arg>LU</arg>
<arg>LV</arg>
<arg>LY</arg>
<arg>MA</arg>
<arg>MC</arg>
<arg>MD</arg>
<arg>ME</arg>
<arg>MF</arg>
<arg>MG</arg>
<arg>MH</arg>
<arg>MK</arg>
<arg>ML</arg>
<arg>MM</arg>
<arg>MN</arg>
<arg>MO</arg>
<arg>MP</arg>
<arg>MQ</arg>
<arg>MR</arg>
<arg>MS</arg>
<arg>MT</arg>
<arg>MU</arg>
<arg>MV</arg>
<arg>MW</arg>
<arg>MX</arg>
<arg>MY</arg>
<arg>MZ</arg>
<arg>NA</arg>
<arg>NC</arg>
<arg>NE</arg>
<arg>NF</arg>
<arg>NG</arg>
<arg>NI</arg>
<arg>NL</arg>
<arg>NO</arg>
<arg>NP</arg>
<arg>NR</arg>
<arg>NU</arg>
<arg>NZ</arg>
<arg>OM</arg>
<arg>PA</arg>
<arg>PE</arg>
<arg>PF</arg>
<arg>PG</arg>
<arg>PH</arg>
<arg>PK</arg>
<arg>PL</arg>
<arg>PM</arg>
<arg>PN</arg>
<arg>PR</arg>
<arg>PS</arg>
<arg>PT</arg>
<arg>PW</arg>
<arg>PY</arg>
<arg>QA</arg>
<arg>RE</arg>
<arg>RO</arg>
<arg>RS</arg>
<arg>RU</arg>
<arg>RW</arg>
<arg>SA</arg>
<arg>SB</arg>
<arg>SC</arg>
<arg>SD</arg>
<arg>SE</arg>
<arg>SG</arg>
<arg>SH</arg>
<arg>SI</arg>
<arg>SJ</arg>
<arg>SK</arg>
<arg>SL</arg>
<arg>SM</arg>
<arg>SN</arg>
<arg>SO</arg>
<arg>SR</arg>
<arg>SS</arg>
<arg>ST</arg>
<arg>SV</arg>
<arg>SX</arg>
<arg>SY</arg>
<arg>SZ</arg>
<arg>TC</arg>
<arg>TD</arg>
<arg>TF</arg>
<arg>TG</arg>
<arg>TH</arg>
<arg>TJ</arg>
<arg>TK</arg>
<arg>TL</arg>
<arg>TM</arg>
<arg>TN</arg>
<arg>TO</arg>
<arg>TR</arg>
<arg>TT</arg>
<arg>TV</arg>
<arg>TW</arg>
<arg>TZ</arg>
<arg>UA</arg>
<arg>UG</arg>
<arg>UM</arg>
<arg>US</arg>
<arg>UY</arg>
<arg>UZ</arg>
<arg>VA</arg>
<arg>VC</arg>
<arg>VE</arg>
<arg>VG</arg>
<arg>VI</arg>
<arg>VN</arg>
<arg>VU</arg>
<arg>WF</arg>
<arg>WS</arg>
<arg>XK</arg>
<arg>YE</arg>
<arg>YT</arg>
<arg>ZA</arg>
<arg>ZM</arg>
<arg>ZW</arg>
<doc>Returns a list containing given items.</doc>
<status status="PASS" start="2024-06-06T05:15:25.879383" elapsed="0.000624"/>
</kw>
<kw name="List Should Contain Value" owner="Collections">
<msg time="2024-06-06T05:15:25.881059" level="INFO">False</msg>
<arg>${list_country}</arg>
<arg>${name_country}</arg>
<doc>Fails if the ``value`` is not found from ``list``.</doc>
<status status="PASS" start="2024-06-06T05:15:25.880835" elapsed="0.000263"/>
</kw>
<kw name="Run Keyword If" owner="BuiltIn">
<kw name="Should Be True" owner="BuiltIn">
<arg>${True}</arg>
<doc>Fails if the given condition is not true.</doc>
<status status="PASS" start="2024-06-06T05:15:25.882209" elapsed="0.000150"/>
</kw>
<arg>${json_data["results"][0]["location"]["coordinates"]["latitude"]} &gt;= -90 and ${json_data["results"][0]["location"]["coordinates"]["latitude"]} &lt;= 90</arg>
<arg>Should Be True</arg>
<arg>${True}</arg>
<doc>Runs the given keyword with the given arguments, if ``condition`` is true.</doc>
<status status="PASS" start="2024-06-06T05:15:25.881427" elapsed="0.001062"/>
</kw>
<kw name="Run Keyword If" owner="BuiltIn">
<kw name="Should Be True" owner="BuiltIn">
<arg>${True}</arg>
<doc>Fails if the given condition is not true.</doc>
<status status="PASS" start="2024-06-06T05:15:25.883395" elapsed="0.000139"/>
</kw>
<arg>${json_data["results"][0]["location"]["coordinates"]["longitude"]} &gt;= -180 and ${json_data["results"][0]["location"]["coordinates"]["longitude"]} &lt;= 180</arg>
<arg>Should Be True</arg>
<arg>${True}</arg>
<doc>Runs the given keyword with the given arguments, if ``condition`` is true.</doc>
<status status="PASS" start="2024-06-06T05:15:25.882679" elapsed="0.000979"/>
</kw>
<status status="PASS" start="2024-06-06T05:15:25.773759" elapsed="0.110032"/>
</kw>
<doc>Testa o conteúdo específico dos campos retornados pela API.</doc>
<tag>testeConteudo</tag>
<status status="PASS" start="2024-06-06T05:15:25.773182" elapsed="0.110767"/>
</test>
<status status="PASS" start="2024-06-06T05:15:24.900540" elapsed="0.985540"/>
</suite>
<status status="PASS" start="2024-06-06T05:15:24.885825" elapsed="1.005759"/>
</suite>
<statistics>
<total>
<stat pass="5" fail="0" skip="0">All Tests</stat>
</total>
<tag>
<stat pass="1" fail="0" skip="0">testeConteudo</stat>
<stat pass="1" fail="0" skip="0">testeEstruturaResposta</stat>
<stat pass="1" fail="0" skip="0">testeRequisicaoBasica</stat>
<stat pass="1" fail="0" skip="0">testeTiposDados</stat>
</tag>
<suite>
<stat pass="5" fail="0" skip="0" id="s1" name="Tests">Tests</stat>
<stat pass="5" fail="0" skip="0" id="s1-s1" name="Random-User-Test">Tests.Random-User-Test</stat>
</suite>
</statistics>
<errors>
</errors>
</robot>
