<?xml version="1.0" encoding="UTF-8"?>
<robot generator="Robot 7.0 (Python 3.12.3 on linux)" generated="2024-05-20T06:19:58.542062" rpa="false" schemaversion="5">
<suite id="s1" name="Tests" source="/home/runner/work/DesafioQAItauRogerioJordao/DesafioQAItauRogerioJordao/RamdonUser/tests">
<suite id="s1-s1" name="Random-User-Test" source="/home/runner/work/DesafioQAItauRogerioJordao/DesafioQAItauRogerioJordao/RamdonUser/tests/random-user-test.robot">
<test id="s1-s1-t1" name="Conectar" line="13">
<kw name="Conectar API" owner="random-user-service">
<kw name="Create Session" owner="RequestsLibrary">
<msg time="2024-05-20T06:19:58.924616" level="INFO">Creating Session using : alias=consultarAPI, url=https://randomuser.me/, headers={},                     cookies={}, auth=None, timeout=None, proxies=None, verify=False,                     debug=0 </msg>
<arg>consultarAPI</arg>
<arg>${URL}</arg>
<doc>Create Session: create a HTTP session to a server</doc>
<status status="PASS" start="2024-05-20T06:19:58.924405" elapsed="0.000388"/>
</kw>
<status status="PASS" start="2024-05-20T06:19:58.923446" elapsed="0.001699"/>
</kw>
<status status="PASS" start="2024-05-20T06:19:58.922848" elapsed="0.002495"/>
</test>
<test id="s1-s1-t2" name="Validar retorno 200 e JSON Válido" line="16">
<kw name="Teste de Requisicao Basica" owner="random-user-service">
<kw name="GET On Session" owner="RequestsLibrary">
<msg time="2024-05-20T06:19:59.111607" level="INFO">GET Request : url=https://randomuser.me/api 
 path_url=/api 
 headers={'User-Agent': 'python-requests/2.31.0', 'Accept-Encoding': 'gzip, deflate', 'Accept': '*/*', 'Connection': 'keep-alive'} 
 body=None 
 </msg>
<msg time="2024-05-20T06:19:59.111740" level="INFO">GET Response : url=https://randomuser.me/api 
 status=200, reason=OK 
 headers={'Date': 'Mon, 20 May 2024 06:19:59 GMT', 'Content-Type': 'application/json; charset=utf-8', 'Transfer-Encoding': 'chunked', 'Connection': 'keep-alive', 'X-Powered-By': 'Express', 'Access-Control-Allow-Origin': '*', 'Cache-Control': 'no-cache', 'ETag': 'W/"497-Bol+zCW+qGhIYRdOedoLKQRNwCg"', 'Vary': 'Accept-Encoding', 'Content-Encoding': 'gzip', 'CF-Cache-Status': 'DYNAMIC', 'Report-To': '{"endpoints":[{"url":"https:\\/\\/a.nel.cloudflare.com\\/report\\/v4?s=8lA6KiyQHHNzFYxE6LOWmbZSqoBGywei5DeAqXJLY5wR%2FXY1tj9x9QGUlrE%2FbTf7pyVo6FxnL2yLOb3YtgUEqK4cnqXeruhKJaHdXrOaQF3bOjPo%2F%2Fiw30cfpOJS7gxf"}],"group":"cf-nel","max_age":604800}', 'NEL': '{"success_fraction":0,"report_to":"cf-nel","max_age":604800}', 'Server': 'cloudflare', 'CF-RAY': '886a37de2ab6109c-ORD', 'alt-svc': 'h3=":443"; ma=86400'} 
 body={"results":[{"gender":"male","name":{"title":"Mr","first":"Cesar","last":"Castro"},"location":{"street":{"number":1706,"name":"Calle de Téllez"},"city":"Ciudad Real","state":"Comunidad Valenciana","country":"Spain","postcode":89339,"coordinates":{"latitude":"-30.0676","longitude":"-25.1812"},"timezone":{"offset":"+4:00","description":"Abu Dhabi, Muscat, Baku, Tbilisi"}},"email":"cesar.castro@example.com","login":{"uuid":"3292b39e-998f-4bdf-8dda-f3bc064b381a","username":"ticklishmouse996","password":"slater","salt":"KLH0S19X","md5":"d63ce5a408a110b3c3ad02cf35152601","sha1":"8a8b2b726f7db0c548e9d73d563148a8a7c952b7","sha256":"f79f3bb32a3ff229ba295c0c3e896f8e3d932f16a464b52c0d0813c3ed099baa"},"dob":{"date":"1956-03-31T19:59:34.632Z","age":68},"registered":{"date":"2016-09-09T12:38:11.167Z","age":7},"phone":"903-262-516","cell":"698-268-127","id":{"name":"DNI","value":"08206661-C"},"picture":{"large":"https://randomuser.me/api/portraits/men/75.jpg","medium":"https://randomuser.me/api/portraits/med/men/75.jpg","thumbnail":"https://randomuser.me/api/portraits/thumb/men/75.jpg"},"nat":"ES"}],"info":{"seed":"c63c23adf460f61d","results":1,"page":1,"version":"1.4"}} 
 </msg>
<msg time="2024-05-20T06:19:59.111834" level="INFO">/opt/hostedtoolcache/Python/3.12.3/x64/lib/python3.12/site-packages/urllib3/connectionpool.py:1103: InsecureRequestWarning: Unverified HTTPS request is being made to host 'randomuser.me'. Adding certificate verification is strongly advised. See: https://urllib3.readthedocs.io/en/latest/advanced-usage.html#tls-warnings
  warnings.warn(</msg>
<msg time="2024-05-20T06:19:59.111993" level="INFO">${response} = &lt;Response [200]&gt;</msg>
<var>${response}</var>
<arg>consultarAPI</arg>
<arg>/api</arg>
<doc>Sends a GET request on a previously created HTTP Session.</doc>
<status status="PASS" start="2024-05-20T06:19:58.927948" elapsed="0.184098"/>
</kw>
<kw name="Should Be Equal As Numbers" owner="BuiltIn">
<msg time="2024-05-20T06:19:59.113044" level="INFO">Argument types are:
&lt;class 'int'&gt;
&lt;class 'str'&gt;</msg>
<arg>${response.status_code}</arg>
<arg>200</arg>
<doc>Fails if objects are unequal after converting them to real numbers.</doc>
<status status="PASS" start="2024-05-20T06:19:59.112552" elapsed="0.000555"/>
</kw>
<kw name="Log" owner="BuiltIn">
<msg time="2024-05-20T06:19:59.113799" level="INFO">200</msg>
<arg>${response.status_code}</arg>
<doc>Logs the given message with the given level.</doc>
<status status="PASS" start="2024-05-20T06:19:59.113446" elapsed="0.000395"/>
</kw>
<kw name="Set Variable" owner="BuiltIn">
<msg time="2024-05-20T06:19:59.114617" level="INFO">${json_data} = {'results': [{'gender': 'male', 'name': {'title': 'Mr', 'first': 'Cesar', 'last': 'Castro'}, 'location': {'street': {'number': 1706, 'name': 'Calle de Téllez'}, 'city': 'Ciudad Real', 'state': 'Comuni...</msg>
<var>${json_data}</var>
<arg>${response.json()}</arg>
<doc>Returns the given values which can then be assigned to a variables.</doc>
<status status="PASS" start="2024-05-20T06:19:59.114144" elapsed="0.000502"/>
</kw>
<kw name="Dictionary Should Contain Key" owner="Collections">
<msg time="2024-05-20T06:19:59.115188" level="INFO">False</msg>
<arg>${json_data}</arg>
<arg>results</arg>
<doc>Fails if ``key`` is not found from ``dictionary``.</doc>
<status status="PASS" start="2024-05-20T06:19:59.115016" elapsed="0.000210"/>
</kw>
<status status="PASS" start="2024-05-20T06:19:58.927699" elapsed="0.187781"/>
</kw>
<doc>Testa se a API responde corretamente e retorna um objeto JSON válido.</doc>
<tag>testeRequisicaoBasica</tag>
<status status="PASS" start="2024-05-20T06:19:58.927237" elapsed="0.188410"/>
</test>
<test id="s1-s1-t3" name="Validar estrutura de resposta" line="22">
<kw name="Teste de Estrutura de Resposta" owner="random-user-service">
<kw name="GET On Session" owner="RequestsLibrary">
<msg time="2024-05-20T06:19:59.226553" level="INFO">GET Request : url=https://randomuser.me/api 
 path_url=/api 
 headers={'User-Agent': 'python-requests/2.31.0', 'Accept-Encoding': 'gzip, deflate', 'Accept': '*/*', 'Connection': 'keep-alive'} 
 body=None 
 </msg>
<msg time="2024-05-20T06:19:59.226618" level="INFO">GET Response : url=https://randomuser.me/api 
 status=200, reason=OK 
 headers={'Date': 'Mon, 20 May 2024 06:19:59 GMT', 'Content-Type': 'application/json; charset=utf-8', 'Transfer-Encoding': 'chunked', 'Connection': 'keep-alive', 'X-Powered-By': 'Express', 'Access-Control-Allow-Origin': '*', 'Cache-Control': 'no-cache', 'ETag': 'W/"483-PlX4Y8Oxt90s94PM9eLNEOqWFso"', 'Vary': 'Accept-Encoding', 'Content-Encoding': 'gzip', 'CF-Cache-Status': 'DYNAMIC', 'Report-To': '{"endpoints":[{"url":"https:\\/\\/a.nel.cloudflare.com\\/report\\/v4?s=jbcUoLbnzCsNdnRE%2FsB%2FKVvrrY8987ATR7bEGh%2FhvEVzXoonQ2GcbbdKEKF51eVjyClaON6WlBQcvidshKlvxXkuLHAFCGWCvXzBX4uNyvwtbsPzHgZef8UKfuDhU43Z"}],"group":"cf-nel","max_age":604800}', 'NEL': '{"success_fraction":0,"report_to":"cf-nel","max_age":604800}', 'Server': 'cloudflare', 'CF-RAY': '886a37de8af5109c-ORD', 'alt-svc': 'h3=":443"; ma=86400'} 
 body={"results":[{"gender":"female","name":{"title":"Ms","first":"Kimberly","last":"Mitchell"},"location":{"street":{"number":6021,"name":"Denny Street"},"city":"Drogheda","state":"Clare","country":"Ireland","postcode":96156,"coordinates":{"latitude":"-1.8456","longitude":"15.2641"},"timezone":{"offset":"+9:30","description":"Adelaide, Darwin"}},"email":"kimberly.mitchell@example.com","login":{"uuid":"99ce9251-ff01-4551-8759-dad5c47739f1","username":"organicsnake688","password":"eureka","salt":"0cfxvdIB","md5":"e8c47000651d4c73b64e804793486eba","sha1":"eaf143a5f119e290b7a474d6f1ed3a53e26e3e0e","sha256":"bea89b6034aa97320b7957d0497e1b0525edbeadabcd1618a8a2aef95559834e"},"dob":{"date":"1992-08-04T16:43:10.483Z","age":31},"registered":{"date":"2009-05-10T04:01:33.608Z","age":15},"phone":"021-442-5908","cell":"081-734-6236","id":{"name":"PPS","value":"1031112T"},"picture":{"large":"https://randomuser.me/api/portraits/women/78.jpg","medium":"https://randomuser.me/api/portraits/med/women/78.jpg","thumbnail":"https://randomuser.me/api/portraits/thumb/women/78.jpg"},"nat":"IE"}],"info":{"seed":"bbb1736bf5cf13c7","results":1,"page":1,"version":"1.4"}} 
 </msg>
<msg time="2024-05-20T06:19:59.226710" level="INFO">/opt/hostedtoolcache/Python/3.12.3/x64/lib/python3.12/site-packages/urllib3/connectionpool.py:1103: InsecureRequestWarning: Unverified HTTPS request is being made to host 'randomuser.me'. Adding certificate verification is strongly advised. See: https://urllib3.readthedocs.io/en/latest/advanced-usage.html#tls-warnings
  warnings.warn(</msg>
<msg time="2024-05-20T06:19:59.226802" level="INFO">${response} = &lt;Response [200]&gt;</msg>
<var>${response}</var>
<arg>consultarAPI</arg>
<arg>/api</arg>
<doc>Sends a GET request on a previously created HTTP Session.</doc>
<status status="PASS" start="2024-05-20T06:19:59.118555" elapsed="0.108284"/>
</kw>
<kw name="Set Variable" owner="BuiltIn">
<msg time="2024-05-20T06:19:59.227648" level="INFO">${json_data} = {'results': [{'gender': 'female', 'name': {'title': 'Ms', 'first': 'Kimberly', 'last': 'Mitchell'}, 'location': {'street': {'number': 6021, 'name': 'Denny Street'}, 'city': 'Drogheda', 'state': 'Clare...</msg>
<var>${json_data}</var>
<arg>${response.json()}</arg>
<doc>Returns the given values which can then be assigned to a variables.</doc>
<status status="PASS" start="2024-05-20T06:19:59.227204" elapsed="0.000472"/>
</kw>
<kw name="Log" owner="BuiltIn">
<msg time="2024-05-20T06:19:59.228145" level="INFO">{'results': [{'gender': 'female', 'name': {'title': 'Ms', 'first': 'Kimberly', 'last': 'Mitchell'}, 'location': {'street': {'number': 6021, 'name': 'Denny Street'}, 'city': 'Drogheda', 'state': 'Clare', 'country': 'Ireland', 'postcode': 96156, 'coordinates': {'latitude': '-1.8456', 'longitude': '15.2641'}, 'timezone': {'offset': '+9:30', 'description': 'Adelaide, Darwin'}}, 'email': 'kimberly.mitchell@example.com', 'login': {'uuid': '99ce9251-ff01-4551-8759-dad5c47739f1', 'username': 'organicsnake688', 'password': 'eureka', 'salt': '0cfxvdIB', 'md5': 'e8c47000651d4c73b64e804793486eba', 'sha1': 'eaf143a5f119e290b7a474d6f1ed3a53e26e3e0e', 'sha256': 'bea89b6034aa97320b7957d0497e1b0525edbeadabcd1618a8a2aef95559834e'}, 'dob': {'date': '1992-08-04T16:43:10.483Z', 'age': 31}, 'registered': {'date': '2009-05-10T04:01:33.608Z', 'age': 15}, 'phone': '021-442-5908', 'cell': '081-734-6236', 'id': {'name': 'PPS', 'value': '1031112T'}, 'picture': {'large': 'https://randomuser.me/api/portraits/women/78.jpg', 'medium': 'https://randomuser.me/api/portraits/med/women/78.jpg', 'thumbnail': 'https://randomuser.me/api/portraits/thumb/women/78.jpg'}, 'nat': 'IE'}], 'info': {'seed': 'bbb1736bf5cf13c7', 'results': 1, 'page': 1, 'version': '1.4'}}</msg>
<arg>${json_data}</arg>
<doc>Logs the given message with the given level.</doc>
<status status="PASS" start="2024-05-20T06:19:59.227981" elapsed="0.000211"/>
</kw>
<kw name="Dictionary Should Contain Key" owner="Collections">
<msg time="2024-05-20T06:19:59.228642" level="INFO">False</msg>
<arg>${json_data}</arg>
<arg>results</arg>
<doc>Fails if ``key`` is not found from ``dictionary``.</doc>
<status status="PASS" start="2024-05-20T06:19:59.228490" elapsed="0.000187"/>
</kw>
<kw name="Should Not Be Empty" owner="BuiltIn">
<msg time="2024-05-20T06:19:59.229104" level="INFO">Length is 2.</msg>
<arg>${json_data}</arg>
<doc>Verifies that the given item is not empty.</doc>
<status status="PASS" start="2024-05-20T06:19:59.228965" elapsed="0.000176"/>
</kw>
<kw name="Create List" owner="BuiltIn">
<msg time="2024-05-20T06:19:59.229691" level="INFO">${expected_keys} = ['gender', 'name', 'location', 'email', 'login']</msg>
<var>${expected_keys}</var>
<arg>gender</arg>
<arg>name</arg>
<arg>location</arg>
<arg>email</arg>
<arg>login</arg>
<doc>Returns a list containing given items.</doc>
<status status="PASS" start="2024-05-20T06:19:59.229426" elapsed="0.000290"/>
</kw>
<for flavor="IN">
<iter>
<kw name="Dictionary Should Contain Key" owner="Collections">
<msg time="2024-05-20T06:19:59.230719" level="INFO">False</msg>
<arg>${json_data['results'][0]}</arg>
<arg>${key}</arg>
<doc>Fails if ``key`` is not found from ``dictionary``.</doc>
<status status="PASS" start="2024-05-20T06:19:59.230319" elapsed="0.000437"/>
</kw>
<kw name="Log" owner="BuiltIn">
<msg time="2024-05-20T06:19:59.231421" level="INFO">{'gender': 'female', 'name': {'title': 'Ms', 'first': 'Kimberly', 'last': 'Mitchell'}, 'location': {'street': {'number': 6021, 'name': 'Denny Street'}, 'city': 'Drogheda', 'state': 'Clare', 'country': 'Ireland', 'postcode': 96156, 'coordinates': {'latitude': '-1.8456', 'longitude': '15.2641'}, 'timezone': {'offset': '+9:30', 'description': 'Adelaide, Darwin'}}, 'email': 'kimberly.mitchell@example.com', 'login': {'uuid': '99ce9251-ff01-4551-8759-dad5c47739f1', 'username': 'organicsnake688', 'password': 'eureka', 'salt': '0cfxvdIB', 'md5': 'e8c47000651d4c73b64e804793486eba', 'sha1': 'eaf143a5f119e290b7a474d6f1ed3a53e26e3e0e', 'sha256': 'bea89b6034aa97320b7957d0497e1b0525edbeadabcd1618a8a2aef95559834e'}, 'dob': {'date': '1992-08-04T16:43:10.483Z', 'age': 31}, 'registered': {'date': '2009-05-10T04:01:33.608Z', 'age': 15}, 'phone': '021-442-5908', 'cell': '081-734-6236', 'id': {'name': 'PPS', 'value': '1031112T'}, 'picture': {'large': 'https://randomuser.me/api/portraits/women/78.jpg', 'medium': 'https://randomuser.me/api/portraits/med/women/78.jpg', 'thumbnail': 'https://randomuser.me/api/portraits/thumb/women/78.jpg'}, 'nat': 'IE'}</msg>
<arg>${json_data['results'][0]}</arg>
<doc>Logs the given message with the given level.</doc>
<status status="PASS" start="2024-05-20T06:19:59.231054" elapsed="0.000424"/>
</kw>
<kw name="Log" owner="BuiltIn">
<msg time="2024-05-20T06:19:59.231906" level="INFO">gender</msg>
<arg>${key}</arg>
<doc>Logs the given message with the given level.</doc>
<status status="PASS" start="2024-05-20T06:19:59.231777" elapsed="0.000166"/>
</kw>
<var name="${key}">gender</var>
<status status="PASS" start="2024-05-20T06:19:59.230152" elapsed="0.002010"/>
</iter>
<iter>
<kw name="Dictionary Should Contain Key" owner="Collections">
<msg time="2024-05-20T06:19:59.232846" level="INFO">False</msg>
<arg>${json_data['results'][0]}</arg>
<arg>${key}</arg>
<doc>Fails if ``key`` is not found from ``dictionary``.</doc>
<status status="PASS" start="2024-05-20T06:19:59.232462" elapsed="0.000420"/>
</kw>
<kw name="Log" owner="BuiltIn">
<msg time="2024-05-20T06:19:59.233558" level="INFO">{'gender': 'female', 'name': {'title': 'Ms', 'first': 'Kimberly', 'last': 'Mitchell'}, 'location': {'street': {'number': 6021, 'name': 'Denny Street'}, 'city': 'Drogheda', 'state': 'Clare', 'country': 'Ireland', 'postcode': 96156, 'coordinates': {'latitude': '-1.8456', 'longitude': '15.2641'}, 'timezone': {'offset': '+9:30', 'description': 'Adelaide, Darwin'}}, 'email': 'kimberly.mitchell@example.com', 'login': {'uuid': '99ce9251-ff01-4551-8759-dad5c47739f1', 'username': 'organicsnake688', 'password': 'eureka', 'salt': '0cfxvdIB', 'md5': 'e8c47000651d4c73b64e804793486eba', 'sha1': 'eaf143a5f119e290b7a474d6f1ed3a53e26e3e0e', 'sha256': 'bea89b6034aa97320b7957d0497e1b0525edbeadabcd1618a8a2aef95559834e'}, 'dob': {'date': '1992-08-04T16:43:10.483Z', 'age': 31}, 'registered': {'date': '2009-05-10T04:01:33.608Z', 'age': 15}, 'phone': '021-442-5908', 'cell': '081-734-6236', 'id': {'name': 'PPS', 'value': '1031112T'}, 'picture': {'large': 'https://randomuser.me/api/portraits/women/78.jpg', 'medium': 'https://randomuser.me/api/portraits/med/women/78.jpg', 'thumbnail': 'https://randomuser.me/api/portraits/thumb/women/78.jpg'}, 'nat': 'IE'}</msg>
<arg>${json_data['results'][0]}</arg>
<doc>Logs the given message with the given level.</doc>
<status status="PASS" start="2024-05-20T06:19:59.233201" elapsed="0.000405"/>
</kw>
<kw name="Log" owner="BuiltIn">
<msg time="2024-05-20T06:19:59.234027" level="INFO">name</msg>
<arg>${key}</arg>
<doc>Logs the given message with the given level.</doc>
<status status="PASS" start="2024-05-20T06:19:59.233899" elapsed="0.000165"/>
</kw>
<var name="${key}">name</var>
<status status="PASS" start="2024-05-20T06:19:59.232349" elapsed="0.001950"/>
</iter>
<iter>
<kw name="Dictionary Should Contain Key" owner="Collections">
<msg time="2024-05-20T06:19:59.234968" level="INFO">False</msg>
<arg>${json_data['results'][0]}</arg>
<arg>${key}</arg>
<doc>Fails if ``key`` is not found from ``dictionary``.</doc>
<status status="PASS" start="2024-05-20T06:19:59.234588" elapsed="0.000417"/>
</kw>
<kw name="Log" owner="BuiltIn">
<msg time="2024-05-20T06:19:59.235665" level="INFO">{'gender': 'female', 'name': {'title': 'Ms', 'first': 'Kimberly', 'last': 'Mitchell'}, 'location': {'street': {'number': 6021, 'name': 'Denny Street'}, 'city': 'Drogheda', 'state': 'Clare', 'country': 'Ireland', 'postcode': 96156, 'coordinates': {'latitude': '-1.8456', 'longitude': '15.2641'}, 'timezone': {'offset': '+9:30', 'description': 'Adelaide, Darwin'}}, 'email': 'kimberly.mitchell@example.com', 'login': {'uuid': '99ce9251-ff01-4551-8759-dad5c47739f1', 'username': 'organicsnake688', 'password': 'eureka', 'salt': '0cfxvdIB', 'md5': 'e8c47000651d4c73b64e804793486eba', 'sha1': 'eaf143a5f119e290b7a474d6f1ed3a53e26e3e0e', 'sha256': 'bea89b6034aa97320b7957d0497e1b0525edbeadabcd1618a8a2aef95559834e'}, 'dob': {'date': '1992-08-04T16:43:10.483Z', 'age': 31}, 'registered': {'date': '2009-05-10T04:01:33.608Z', 'age': 15}, 'phone': '021-442-5908', 'cell': '081-734-6236', 'id': {'name': 'PPS', 'value': '1031112T'}, 'picture': {'large': 'https://randomuser.me/api/portraits/women/78.jpg', 'medium': 'https://randomuser.me/api/portraits/med/women/78.jpg', 'thumbnail': 'https://randomuser.me/api/portraits/thumb/women/78.jpg'}, 'nat': 'IE'}</msg>
<arg>${json_data['results'][0]}</arg>
<doc>Logs the given message with the given level.</doc>
<status status="PASS" start="2024-05-20T06:19:59.235303" elapsed="0.000410"/>
</kw>
<kw name="Log" owner="BuiltIn">
<msg time="2024-05-20T06:19:59.236138" level="INFO">location</msg>
<arg>${key}</arg>
<doc>Logs the given message with the given level.</doc>
<status status="PASS" start="2024-05-20T06:19:59.236011" elapsed="0.000163"/>
</kw>
<var name="${key}">location</var>
<status status="PASS" start="2024-05-20T06:19:59.234477" elapsed="0.001911"/>
</iter>
<iter>
<kw name="Dictionary Should Contain Key" owner="Collections">
<msg time="2024-05-20T06:19:59.237047" level="INFO">False</msg>
<arg>${json_data['results'][0]}</arg>
<arg>${key}</arg>
<doc>Fails if ``key`` is not found from ``dictionary``.</doc>
<status status="PASS" start="2024-05-20T06:19:59.236669" elapsed="0.000414"/>
</kw>
<kw name="Log" owner="BuiltIn">
<msg time="2024-05-20T06:19:59.237737" level="INFO">{'gender': 'female', 'name': {'title': 'Ms', 'first': 'Kimberly', 'last': 'Mitchell'}, 'location': {'street': {'number': 6021, 'name': 'Denny Street'}, 'city': 'Drogheda', 'state': 'Clare', 'country': 'Ireland', 'postcode': 96156, 'coordinates': {'latitude': '-1.8456', 'longitude': '15.2641'}, 'timezone': {'offset': '+9:30', 'description': 'Adelaide, Darwin'}}, 'email': 'kimberly.mitchell@example.com', 'login': {'uuid': '99ce9251-ff01-4551-8759-dad5c47739f1', 'username': 'organicsnake688', 'password': 'eureka', 'salt': '0cfxvdIB', 'md5': 'e8c47000651d4c73b64e804793486eba', 'sha1': 'eaf143a5f119e290b7a474d6f1ed3a53e26e3e0e', 'sha256': 'bea89b6034aa97320b7957d0497e1b0525edbeadabcd1618a8a2aef95559834e'}, 'dob': {'date': '1992-08-04T16:43:10.483Z', 'age': 31}, 'registered': {'date': '2009-05-10T04:01:33.608Z', 'age': 15}, 'phone': '021-442-5908', 'cell': '081-734-6236', 'id': {'name': 'PPS', 'value': '1031112T'}, 'picture': {'large': 'https://randomuser.me/api/portraits/women/78.jpg', 'medium': 'https://randomuser.me/api/portraits/med/women/78.jpg', 'thumbnail': 'https://randomuser.me/api/portraits/thumb/women/78.jpg'}, 'nat': 'IE'}</msg>
<arg>${json_data['results'][0]}</arg>
<doc>Logs the given message with the given level.</doc>
<status status="PASS" start="2024-05-20T06:19:59.237377" elapsed="0.000408"/>
</kw>
<kw name="Log" owner="BuiltIn">
<msg time="2024-05-20T06:19:59.238250" level="INFO">email</msg>
<arg>${key}</arg>
<doc>Logs the given message with the given level.</doc>
<status status="PASS" start="2024-05-20T06:19:59.238079" elapsed="0.000212"/>
</kw>
<var name="${key}">email</var>
<status status="PASS" start="2024-05-20T06:19:59.236561" elapsed="0.001957"/>
</iter>
<iter>
<kw name="Dictionary Should Contain Key" owner="Collections">
<msg time="2024-05-20T06:19:59.239184" level="INFO">False</msg>
<arg>${json_data['results'][0]}</arg>
<arg>${key}</arg>
<doc>Fails if ``key`` is not found from ``dictionary``.</doc>
<status status="PASS" start="2024-05-20T06:19:59.238802" elapsed="0.000419"/>
</kw>
<kw name="Log" owner="BuiltIn">
<msg time="2024-05-20T06:19:59.239881" level="INFO">{'gender': 'female', 'name': {'title': 'Ms', 'first': 'Kimberly', 'last': 'Mitchell'}, 'location': {'street': {'number': 6021, 'name': 'Denny Street'}, 'city': 'Drogheda', 'state': 'Clare', 'country': 'Ireland', 'postcode': 96156, 'coordinates': {'latitude': '-1.8456', 'longitude': '15.2641'}, 'timezone': {'offset': '+9:30', 'description': 'Adelaide, Darwin'}}, 'email': 'kimberly.mitchell@example.com', 'login': {'uuid': '99ce9251-ff01-4551-8759-dad5c47739f1', 'username': 'organicsnake688', 'password': 'eureka', 'salt': '0cfxvdIB', 'md5': 'e8c47000651d4c73b64e804793486eba', 'sha1': 'eaf143a5f119e290b7a474d6f1ed3a53e26e3e0e', 'sha256': 'bea89b6034aa97320b7957d0497e1b0525edbeadabcd1618a8a2aef95559834e'}, 'dob': {'date': '1992-08-04T16:43:10.483Z', 'age': 31}, 'registered': {'date': '2009-05-10T04:01:33.608Z', 'age': 15}, 'phone': '021-442-5908', 'cell': '081-734-6236', 'id': {'name': 'PPS', 'value': '1031112T'}, 'picture': {'large': 'https://randomuser.me/api/portraits/women/78.jpg', 'medium': 'https://randomuser.me/api/portraits/med/women/78.jpg', 'thumbnail': 'https://randomuser.me/api/portraits/thumb/women/78.jpg'}, 'nat': 'IE'}</msg>
<arg>${json_data['results'][0]}</arg>
<doc>Logs the given message with the given level.</doc>
<status status="PASS" start="2024-05-20T06:19:59.239519" elapsed="0.000411"/>
</kw>
<kw name="Log" owner="BuiltIn">
<msg time="2024-05-20T06:19:59.240358" level="INFO">login</msg>
<arg>${key}</arg>
<doc>Logs the given message with the given level.</doc>
<status status="PASS" start="2024-05-20T06:19:59.240230" elapsed="0.000165"/>
</kw>
<var name="${key}">login</var>
<status status="PASS" start="2024-05-20T06:19:59.238690" elapsed="0.001920"/>
</iter>
<var>${key}</var>
<value>@{expected_keys}</value>
<status status="PASS" start="2024-05-20T06:19:59.229974" elapsed="0.010783"/>
</for>
<kw name="Create List" owner="BuiltIn">
<msg time="2024-05-20T06:19:59.241095" level="INFO">${expected_keysTwo} = ['username', 'password']</msg>
<var>${expected_keysTwo}</var>
<arg>username</arg>
<arg>password</arg>
<doc>Returns a list containing given items.</doc>
<status status="PASS" start="2024-05-20T06:19:59.240959" elapsed="0.000160"/>
</kw>
<for flavor="IN">
<iter>
<kw name="Dictionary Should Contain Key" owner="Collections">
<msg time="2024-05-20T06:19:59.242000" level="INFO">False</msg>
<arg>${json_data['results'][0]['login']}</arg>
<arg>${keyTwo}</arg>
<doc>Fails if ``key`` is not found from ``dictionary``.</doc>
<status status="PASS" start="2024-05-20T06:19:59.241611" elapsed="0.000425"/>
</kw>
<kw name="Dictionary Should Contain Key" owner="Collections">
<msg time="2024-05-20T06:19:59.242741" level="INFO">False</msg>
<arg>${json_data['results'][0]['login']}</arg>
<arg>${keyTwo}</arg>
<doc>Fails if ``key`` is not found from ``dictionary``.</doc>
<status status="PASS" start="2024-05-20T06:19:59.242364" elapsed="0.000414"/>
</kw>
<kw name="Log" owner="BuiltIn">
<msg time="2024-05-20T06:19:59.243195" level="INFO">username</msg>
<arg>${keyTwo}</arg>
<doc>Logs the given message with the given level.</doc>
<status status="PASS" start="2024-05-20T06:19:59.243069" elapsed="0.000170"/>
</kw>
<var name="${keyTwo}">username</var>
<status status="PASS" start="2024-05-20T06:19:59.241503" elapsed="0.001952"/>
</iter>
<iter>
<kw name="Dictionary Should Contain Key" owner="Collections">
<msg time="2024-05-20T06:19:59.244118" level="INFO">False</msg>
<arg>${json_data['results'][0]['login']}</arg>
<arg>${keyTwo}</arg>
<doc>Fails if ``key`` is not found from ``dictionary``.</doc>
<status status="PASS" start="2024-05-20T06:19:59.243738" elapsed="0.000417"/>
</kw>
<kw name="Dictionary Should Contain Key" owner="Collections">
<msg time="2024-05-20T06:19:59.244915" level="INFO">False</msg>
<arg>${json_data['results'][0]['login']}</arg>
<arg>${keyTwo}</arg>
<doc>Fails if ``key`` is not found from ``dictionary``.</doc>
<status status="PASS" start="2024-05-20T06:19:59.244449" elapsed="0.000506"/>
</kw>
<kw name="Log" owner="BuiltIn">
<msg time="2024-05-20T06:19:59.245382" level="INFO">password</msg>
<arg>${keyTwo}</arg>
<doc>Logs the given message with the given level.</doc>
<status status="PASS" start="2024-05-20T06:19:59.245252" elapsed="0.000168"/>
</kw>
<var name="${keyTwo}">password</var>
<status status="PASS" start="2024-05-20T06:19:59.243627" elapsed="0.002011"/>
</iter>
<var>${keyTwo}</var>
<value>@{expected_keysTwo}</value>
<status status="PASS" start="2024-05-20T06:19:59.241353" elapsed="0.004407"/>
</for>
<status status="PASS" start="2024-05-20T06:19:59.118213" elapsed="0.127686"/>
</kw>
<doc>Testa a estrutura da resposta da API.</doc>
<tag>testeEstruturaResposta</tag>
<status status="PASS" start="2024-05-20T06:19:59.117437" elapsed="0.128608"/>
</test>
<test id="s1-s1-t4" name="Validar tipos de dados" line="28">
<kw name="Teste de Tipos de Dados" owner="random-user-service">
<kw name="GET On Session" owner="RequestsLibrary">
<msg time="2024-05-20T06:19:59.308970" level="INFO">GET Request : url=https://randomuser.me/api 
 path_url=/api 
 headers={'User-Agent': 'python-requests/2.31.0', 'Accept-Encoding': 'gzip, deflate', 'Accept': '*/*', 'Connection': 'keep-alive'} 
 body=None 
 </msg>
<msg time="2024-05-20T06:19:59.309061" level="INFO">GET Response : url=https://randomuser.me/api 
 status=200, reason=OK 
 headers={'Date': 'Mon, 20 May 2024 06:19:59 GMT', 'Content-Type': 'application/json; charset=utf-8', 'Transfer-Encoding': 'chunked', 'Connection': 'keep-alive', 'X-Powered-By': 'Express', 'Access-Control-Allow-Origin': '*', 'Cache-Control': 'no-cache', 'ETag': 'W/"47c-+8fYIeR+Goto1+OKdtTuvAXAdeo"', 'Vary': 'Accept-Encoding', 'Content-Encoding': 'gzip', 'CF-Cache-Status': 'DYNAMIC', 'Report-To': '{"endpoints":[{"url":"https:\\/\\/a.nel.cloudflare.com\\/report\\/v4?s=oKflcYufGL6ETjMEYwguIgVTxf9TeKVU3nXF%2FYfjzqtCl2eTUxoul3JgxBsD19JImSmPay4eoiDlz3ihOnZDgR5Oc9OcoazxARwsXDr18G59q%2BXy4D3H%2BAcjJ4j4P8TW"}],"group":"cf-nel","max_age":604800}', 'NEL': '{"success_fraction":0,"report_to":"cf-nel","max_age":604800}', 'Server': 'cloudflare', 'CF-RAY': '886a37df5b8b109c-ORD', 'alt-svc': 'h3=":443"; ma=86400'} 
 body={"results":[{"gender":"male","name":{"title":"Monsieur","first":"Ralf","last":"Legrand"},"location":{"street":{"number":2386,"name":"Rue Victor-Hugo"},"city":"Oberbüren","state":"Zug","country":"Switzerland","postcode":9798,"coordinates":{"latitude":"-56.9284","longitude":"-142.2753"},"timezone":{"offset":"-10:00","description":"Hawaii"}},"email":"ralf.legrand@example.com","login":{"uuid":"c813f9f4-6e67-404d-8b6e-b4b0ff04c22b","username":"happytiger733","password":"raleigh","salt":"z3ABcr2I","md5":"2db3668e90c1a97ecfd73bb208f37fbd","sha1":"cc4b82b460da9fe840edc6531e816556f4f3f53e","sha256":"fe918c0f3f11c589b89af8c57064204a9c4773a15cb697b09f8ea2efe889d982"},"dob":{"date":"1960-03-10T02:55:36.858Z","age":64},"registered":{"date":"2016-03-19T02:46:15.408Z","age":8},"phone":"079 027 11 70","cell":"076 258 95 49","id":{"name":"AVS","value":"756.6456.7207.50"},"picture":{"large":"https://randomuser.me/api/portraits/men/1.jpg","medium":"https://randomuser.me/api/portraits/med/men/1.jpg","thumbnail":"https://randomuser.me/api/portraits/thumb/men/1.jpg"},"nat":"CH"}],"info":{"seed":"7830baf3a133bccc","results":1,"page":1,"version":"1.4"}} 
 </msg>
<msg time="2024-05-20T06:19:59.309173" level="INFO">/opt/hostedtoolcache/Python/3.12.3/x64/lib/python3.12/site-packages/urllib3/connectionpool.py:1103: InsecureRequestWarning: Unverified HTTPS request is being made to host 'randomuser.me'. Adding certificate verification is strongly advised. See: https://urllib3.readthedocs.io/en/latest/advanced-usage.html#tls-warnings
  warnings.warn(</msg>
<msg time="2024-05-20T06:19:59.309310" level="INFO">${response} = &lt;Response [200]&gt;</msg>
<var>${response}</var>
<arg>consultarAPI</arg>
<arg>/api</arg>
<doc>Sends a GET request on a previously created HTTP Session.</doc>
<status status="PASS" start="2024-05-20T06:19:59.248446" elapsed="0.060913"/>
</kw>
<kw name="Set Variable" owner="BuiltIn">
<msg time="2024-05-20T06:19:59.310425" level="INFO">${json_data} = {'results': [{'gender': 'male', 'name': {'title': 'Monsieur', 'first': 'Ralf', 'last': 'Legrand'}, 'location': {'street': {'number': 2386, 'name': 'Rue Victor-Hugo'}, 'city': 'Oberbüren', 'state': 'Zu...</msg>
<var>${json_data}</var>
<arg>${response.json()}</arg>
<doc>Returns the given values which can then be assigned to a variables.</doc>
<status status="PASS" start="2024-05-20T06:19:59.309838" elapsed="0.000617"/>
</kw>
<kw name="Log" owner="BuiltIn">
<msg time="2024-05-20T06:19:59.310931" level="INFO">{'results': [{'gender': 'male', 'name': {'title': 'Monsieur', 'first': 'Ralf', 'last': 'Legrand'}, 'location': {'street': {'number': 2386, 'name': 'Rue Victor-Hugo'}, 'city': 'Oberbüren', 'state': 'Zug', 'country': 'Switzerland', 'postcode': 9798, 'coordinates': {'latitude': '-56.9284', 'longitude': '-142.2753'}, 'timezone': {'offset': '-10:00', 'description': 'Hawaii'}}, 'email': 'ralf.legrand@example.com', 'login': {'uuid': 'c813f9f4-6e67-404d-8b6e-b4b0ff04c22b', 'username': 'happytiger733', 'password': 'raleigh', 'salt': 'z3ABcr2I', 'md5': '2db3668e90c1a97ecfd73bb208f37fbd', 'sha1': 'cc4b82b460da9fe840edc6531e816556f4f3f53e', 'sha256': 'fe918c0f3f11c589b89af8c57064204a9c4773a15cb697b09f8ea2efe889d982'}, 'dob': {'date': '1960-03-10T02:55:36.858Z', 'age': 64}, 'registered': {'date': '2016-03-19T02:46:15.408Z', 'age': 8}, 'phone': '079 027 11 70', 'cell': '076 258 95 49', 'id': {'name': 'AVS', 'value': '756.6456.7207.50'}, 'picture': {'large': 'https://randomuser.me/api/portraits/men/1.jpg', 'medium': 'https://randomuser.me/api/portraits/med/men/1.jpg', 'thumbnail': 'https://randomuser.me/api/portraits/thumb/men/1.jpg'}, 'nat': 'CH'}], 'info': {'seed': '7830baf3a133bccc', 'results': 1, 'page': 1, 'version': '1.4'}}</msg>
<arg>${json_data}</arg>
<doc>Logs the given message with the given level.</doc>
<status status="PASS" start="2024-05-20T06:19:59.310767" elapsed="0.000245"/>
</kw>
<kw name="Should Be String" owner="String">
<arg>${json_data['results'][0]['gender']}</arg>
<doc>Fails if the given ``item`` is not a string.</doc>
<status status="PASS" start="2024-05-20T06:19:59.311333" elapsed="0.000365"/>
</kw>
<kw name="Should Match Regexp" owner="BuiltIn">
<arg>${json_data['results'][0]['email']}</arg>
<arg>^[a-zA-Z0-9._%+-]+@[a-zA-Z0-9.-]+\.[a-zA-Z]{2,}$</arg>
<doc>Fails if ``string`` does not match ``pattern`` as a regular expression.</doc>
<status status="PASS" start="2024-05-20T06:19:59.311895" elapsed="0.000494"/>
</kw>
<kw name="Should Match Regexp" owner="BuiltIn">
<arg>${json_data['results'][0]['dob']['date']}</arg>
<arg>\\d{4}-\\d{2}-\\d{2}T\\d{2}:\\d{2}:\\d{2}\\.\\d{3}Z</arg>
<doc>Fails if ``string`` does not match ``pattern`` as a regular expression.</doc>
<status status="PASS" start="2024-05-20T06:19:59.312585" elapsed="0.000491"/>
</kw>
<kw name="Should Match Regexp" owner="BuiltIn">
<arg>${json_data['results'][0]['registered']['date']}</arg>
<arg>\\d{4}-\\d{2}-\\d{2}T\\d{2}:\\d{2}:\\d{2}\\.\\d{3}Z</arg>
<doc>Fails if ``string`` does not match ``pattern`` as a regular expression.</doc>
<status status="PASS" start="2024-05-20T06:19:59.313268" elapsed="0.000365"/>
</kw>
<kw name="Should Match Regexp" owner="BuiltIn">
<arg>${json_data['results'][0]['picture']['large']}</arg>
<arg>^https?://.*\.(?:png|jpe?g|gif|bmp)$</arg>
<doc>Fails if ``string`` does not match ``pattern`` as a regular expression.</doc>
<status status="PASS" start="2024-05-20T06:19:59.313821" elapsed="0.000489"/>
</kw>
<kw name="Should Match Regexp" owner="BuiltIn">
<arg>${json_data['results'][0]['picture']['medium']}</arg>
<arg>^https?://.*\.(?:png|jpe?g|gif|bmp)$</arg>
<doc>Fails if ``string`` does not match ``pattern`` as a regular expression.</doc>
<status status="PASS" start="2024-05-20T06:19:59.314511" elapsed="0.000365"/>
</kw>
<kw name="Should Match Regexp" owner="BuiltIn">
<arg>${json_data['results'][0]['picture']['thumbnail']}</arg>
<arg>^https?://.*\.(?:png|jpe?g|gif|bmp)$</arg>
<doc>Fails if ``string`` does not match ``pattern`` as a regular expression.</doc>
<status status="PASS" start="2024-05-20T06:19:59.315071" elapsed="0.000352"/>
</kw>
<kw name="Log" owner="BuiltIn">
<msg time="2024-05-20T06:19:59.315925" level="INFO">{'large': 'https://randomuser.me/api/portraits/men/1.jpg', 'medium': 'https://randomuser.me/api/portraits/med/men/1.jpg', 'thumbnail': 'https://randomuser.me/api/portraits/thumb/men/1.jpg'}</msg>
<arg>${json_data['results'][0]['picture']}</arg>
<doc>Logs the given message with the given level.</doc>
<status status="PASS" start="2024-05-20T06:19:59.315605" elapsed="0.000362"/>
</kw>
<status status="PASS" start="2024-05-20T06:19:59.248228" elapsed="0.067991"/>
</kw>
<kw name="Teste de Tipos de Dados - Postcode" owner="random-user-service">
<kw name="GET On Session" owner="RequestsLibrary">
<msg time="2024-05-20T06:19:59.409421" level="INFO">GET Request : url=https://randomuser.me/api 
 path_url=/api 
 headers={'User-Agent': 'python-requests/2.31.0', 'Accept-Encoding': 'gzip, deflate', 'Accept': '*/*', 'Connection': 'keep-alive'} 
 body=None 
 </msg>
<msg time="2024-05-20T06:19:59.409484" level="INFO">GET Response : url=https://randomuser.me/api 
 status=200, reason=OK 
 headers={'Date': 'Mon, 20 May 2024 06:19:59 GMT', 'Content-Type': 'application/json; charset=utf-8', 'Transfer-Encoding': 'chunked', 'Connection': 'keep-alive', 'X-Powered-By': 'Express', 'Access-Control-Allow-Origin': '*', 'Cache-Control': 'no-cache', 'ETag': 'W/"496-PzPq4odtJlI2SfG77biiSI5v5BQ"', 'Vary': 'Accept-Encoding', 'Content-Encoding': 'gzip', 'CF-Cache-Status': 'DYNAMIC', 'Report-To': '{"endpoints":[{"url":"https:\\/\\/a.nel.cloudflare.com\\/report\\/v4?s=%2FITmLfLAkcxArh3%2BKMn%2FKihBYo%2Bm56EPVfgIP3zJmwlrH6NIRgDr3x9zP1aMypHM%2FnPPUhmhtCOTkR3GhDCXG6L1QGf5pv%2BClnf8jfl74RZrdVOTAhZoacbGR1FIZMyG"}],"group":"cf-nel","max_age":604800}', 'NEL': '{"success_fraction":0,"report_to":"cf-nel","max_age":604800}', 'Server': 'cloudflare', 'CF-RAY': '886a37dfbc04109c-ORD', 'alt-svc': 'h3=":443"; ma=86400'} 
 body={"results":[{"gender":"female","name":{"title":"Mrs","first":"María José","last":"Mascareñas"},"location":{"street":{"number":3707,"name":"Continuación Hidalgo"},"city":"Nio","state":"Durango","country":"Mexico","postcode":57877,"coordinates":{"latitude":"22.1481","longitude":"59.6620"},"timezone":{"offset":"+5:45","description":"Kathmandu"}},"email":"mariajose.mascarenas@example.com","login":{"uuid":"a8ab5784-8ec2-40b4-b0d7-73ddd7463171","username":"lazyladybug271","password":"stinger","salt":"4ViaSpSa","md5":"760b5feeeeb33d2dee389385164ae060","sha1":"de30e0a97da8e07c822f81b9e52b7a0ccd350b15","sha256":"6428d46d1a2bab8a8f1eb76a4ef7ab5cc5f49cbaa5677d2a18e092809be2cc97"},"dob":{"date":"1992-06-02T05:40:54.974Z","age":31},"registered":{"date":"2019-04-03T11:19:25.447Z","age":5},"phone":"(642) 311 4058","cell":"(689) 227 2209","id":{"name":"NSS","value":"38 97 74 2905 7"},"picture":{"large":"https://randomuser.me/api/portraits/women/82.jpg","medium":"https://randomuser.me/api/portraits/med/women/82.jpg","thumbnail":"https://randomuser.me/api/portraits/thumb/women/82.jpg"},"nat":"MX"}],"info":{"seed":"598f9b638e51b1cc","results":1,"page":1,"version":"1.4"}} 
 </msg>
<msg time="2024-05-20T06:19:59.409541" level="INFO">/opt/hostedtoolcache/Python/3.12.3/x64/lib/python3.12/site-packages/urllib3/connectionpool.py:1103: InsecureRequestWarning: Unverified HTTPS request is being made to host 'randomuser.me'. Adding certificate verification is strongly advised. See: https://urllib3.readthedocs.io/en/latest/advanced-usage.html#tls-warnings
  warnings.warn(</msg>
<msg time="2024-05-20T06:19:59.409624" level="INFO">${response} = &lt;Response [200]&gt;</msg>
<var>${response}</var>
<arg>consultarAPI</arg>
<arg>/api</arg>
<doc>Sends a GET request on a previously created HTTP Session.</doc>
<status status="PASS" start="2024-05-20T06:19:59.316652" elapsed="0.093006"/>
</kw>
<kw name="Set Variable" owner="BuiltIn">
<msg time="2024-05-20T06:19:59.410715" level="INFO">${json_data} = {'results': [{'gender': 'female', 'name': {'title': 'Mrs', 'first': 'María José', 'last': 'Mascareñas'}, 'location': {'street': {'number': 3707, 'name': 'Continuación Hidalgo'}, 'city': 'Nio', 'state'...</msg>
<var>${json_data}</var>
<arg>${response.json()}</arg>
<doc>Returns the given values which can then be assigned to a variables.</doc>
<status status="PASS" start="2024-05-20T06:19:59.410104" elapsed="0.000641"/>
</kw>
<kw name="Log" owner="BuiltIn">
<msg time="2024-05-20T06:19:59.411208" level="INFO">{'results': [{'gender': 'female', 'name': {'title': 'Mrs', 'first': 'María José', 'last': 'Mascareñas'}, 'location': {'street': {'number': 3707, 'name': 'Continuación Hidalgo'}, 'city': 'Nio', 'state': 'Durango', 'country': 'Mexico', 'postcode': 57877, 'coordinates': {'latitude': '22.1481', 'longitude': '59.6620'}, 'timezone': {'offset': '+5:45', 'description': 'Kathmandu'}}, 'email': 'mariajose.mascarenas@example.com', 'login': {'uuid': 'a8ab5784-8ec2-40b4-b0d7-73ddd7463171', 'username': 'lazyladybug271', 'password': 'stinger', 'salt': '4ViaSpSa', 'md5': '760b5feeeeb33d2dee389385164ae060', 'sha1': 'de30e0a97da8e07c822f81b9e52b7a0ccd350b15', 'sha256': '6428d46d1a2bab8a8f1eb76a4ef7ab5cc5f49cbaa5677d2a18e092809be2cc97'}, 'dob': {'date': '1992-06-02T05:40:54.974Z', 'age': 31}, 'registered': {'date': '2019-04-03T11:19:25.447Z', 'age': 5}, 'phone': '(642) 311 4058', 'cell': '(689) 227 2209', 'id': {'name': 'NSS', 'value': '38 97 74 2905 7'}, 'picture': {'large': 'https://randomuser.me/api/portraits/women/82.jpg', 'medium': 'https://randomuser.me/api/portraits/med/women/82.jpg', 'thumbnail': 'https://randomuser.me/api/portraits/thumb/women/82.jpg'}, 'nat': 'MX'}], 'info': {'seed': '598f9b638e51b1cc', 'results': 1, 'page': 1, 'version': '1.4'}}</msg>
<arg>${json_data}</arg>
<doc>Logs the given message with the given level.</doc>
<status status="PASS" start="2024-05-20T06:19:59.411051" elapsed="0.000235"/>
</kw>
<kw name="Should Be Equal As Numbers" owner="BuiltIn">
<arg>${json_data['results'][0]['location']['postcode']}</arg>
<arg>${json_data['results'][0]['location']['postcode']}</arg>
<doc>Fails if objects are unequal after converting them to real numbers.</doc>
<status status="PASS" start="2024-05-20T06:19:59.411586" elapsed="0.000750"/>
</kw>
<kw name="Log" owner="BuiltIn">
<msg time="2024-05-20T06:19:59.412869" level="INFO">57877</msg>
<arg>${json_data['results'][0]['location']['postcode']}</arg>
<doc>Logs the given message with the given level.</doc>
<status status="PASS" start="2024-05-20T06:19:59.412532" elapsed="0.000376"/>
</kw>
<status status="PASS" start="2024-05-20T06:19:59.316433" elapsed="0.096725"/>
</kw>
<doc>Testa se os tipos de dados na resposta da API estão corretos.</doc>
<tag>testeTiposDados</tag>
<status status="PASS" start="2024-05-20T06:19:59.247793" elapsed="0.165522"/>
</test>
<test id="s1-s1-t5" name="Validar conteudo" line="35">
<kw name="Teste de Tipos de Conteudo" owner="random-user-service">
<kw name="GET On Session" owner="RequestsLibrary">
<msg time="2024-05-20T06:19:59.511160" level="INFO">GET Request : url=https://randomuser.me/api 
 path_url=/api 
 headers={'User-Agent': 'python-requests/2.31.0', 'Accept-Encoding': 'gzip, deflate', 'Accept': '*/*', 'Connection': 'keep-alive'} 
 body=None 
 </msg>
<msg time="2024-05-20T06:19:59.511245" level="INFO">GET Response : url=https://randomuser.me/api 
 status=200, reason=OK 
 headers={'Date': 'Mon, 20 May 2024 06:19:59 GMT', 'Content-Type': 'application/json; charset=utf-8', 'Transfer-Encoding': 'chunked', 'Connection': 'keep-alive', 'X-Powered-By': 'Express', 'Access-Control-Allow-Origin': '*', 'Cache-Control': 'no-cache', 'ETag': 'W/"4a6-6GnZD9OGtQU1V1ZQ66caOE7O7gY"', 'Vary': 'Accept-Encoding', 'Content-Encoding': 'gzip', 'CF-Cache-Status': 'DYNAMIC', 'Report-To': '{"endpoints":[{"url":"https:\\/\\/a.nel.cloudflare.com\\/report\\/v4?s=qh6r6oSQfTUT4fLcVLrC0v3%2Br6dG3EUlJxnJQO2VdHNjmHojx%2By4dWWhgboWmASIadZWls8UFe8MdWEz7r24b%2B5k%2ByhCRkbDzqKRwMYmQ9mdflhsjEYEFzO5VIaMtIAN"}],"group":"cf-nel","max_age":604800}', 'NEL': '{"success_fraction":0,"report_to":"cf-nel","max_age":604800}', 'Server': 'cloudflare', 'CF-RAY': '886a37e05c9c109c-ORD', 'alt-svc': 'h3=":443"; ma=86400'} 
 body={"results":[{"gender":"female","name":{"title":"Miss","first":"Vojislava","last":"Tomić"},"location":{"street":{"number":9485,"name":"Porodice Nedeljković"},"city":"Osečina","state":"Srem","country":"Serbia","postcode":64881,"coordinates":{"latitude":"64.0365","longitude":"63.7663"},"timezone":{"offset":"-6:00","description":"Central Time (US &amp; Canada), Mexico City"}},"email":"vojislava.tomic@example.com","login":{"uuid":"fd03fa9d-9b5e-4c92-8372-4ab1370fdc4c","username":"blackelephant701","password":"interacial","salt":"Tt4WIlXm","md5":"3a9bcc2a72feeef1cd49363c4154edbc","sha1":"32eecd7d00a0eb132204cb33011adf763e691e07","sha256":"26705fd62089d9d4c032d54a6b84ba581343d8ecd933f716b53dc979612db4ce"},"dob":{"date":"1984-06-25T12:20:21.587Z","age":39},"registered":{"date":"2004-08-07T14:53:17.609Z","age":19},"phone":"020-9882-804","cell":"067-9721-468","id":{"name":"SID","value":"417741726"},"picture":{"large":"https://randomuser.me/api/portraits/women/19.jpg","medium":"https://randomuser.me/api/portraits/med/women/19.jpg","thumbnail":"https://randomuser.me/api/portraits/thumb/women/19.jpg"},"nat":"RS"}],"info":{"seed":"315f5d09633dc4df","results":1,"page":1,"version":"1.4"}} 
 </msg>
<msg time="2024-05-20T06:19:59.511324" level="INFO">/opt/hostedtoolcache/Python/3.12.3/x64/lib/python3.12/site-packages/urllib3/connectionpool.py:1103: InsecureRequestWarning: Unverified HTTPS request is being made to host 'randomuser.me'. Adding certificate verification is strongly advised. See: https://urllib3.readthedocs.io/en/latest/advanced-usage.html#tls-warnings
  warnings.warn(</msg>
<msg time="2024-05-20T06:19:59.511440" level="INFO">${response} = &lt;Response [200]&gt;</msg>
<var>${response}</var>
<arg>consultarAPI</arg>
<arg>/api</arg>
<doc>Sends a GET request on a previously created HTTP Session.</doc>
<status status="PASS" start="2024-05-20T06:19:59.415789" elapsed="0.095704"/>
</kw>
<kw name="Set Variable" owner="BuiltIn">
<msg time="2024-05-20T06:19:59.512625" level="INFO">${json_data} = {'results': [{'gender': 'female', 'name': {'title': 'Miss', 'first': 'Vojislava', 'last': 'Tomić'}, 'location': {'street': {'number': 9485, 'name': 'Porodice Nedeljković'}, 'city': 'Osečina', 'state':...</msg>
<var>${json_data}</var>
<arg>${response.json()}</arg>
<doc>Returns the given values which can then be assigned to a variables.</doc>
<status status="PASS" start="2024-05-20T06:19:59.512041" elapsed="0.000615"/>
</kw>
<kw name="Set Variable" owner="BuiltIn">
<msg time="2024-05-20T06:19:59.513353" level="INFO">${name_title} = Miss</msg>
<var>${name_title}</var>
<arg>${json_data["results"][0]["name"]["title"]}</arg>
<doc>Returns the given values which can then be assigned to a variables.</doc>
<status status="PASS" start="2024-05-20T06:19:59.512966" elapsed="0.000413"/>
</kw>
<kw name="Create List" owner="BuiltIn">
<msg time="2024-05-20T06:19:59.513826" level="INFO">${allowed_titles} = ['Mr', 'Ms', 'Miss', 'Mrs', 'Madame', 'Monsieur']</msg>
<var>${allowed_titles}</var>
<arg>Mr</arg>
<arg>Ms</arg>
<arg>Miss</arg>
<arg>Mrs</arg>
<arg>Madame</arg>
<arg>Monsieur</arg>
<doc>Returns a list containing given items.</doc>
<status status="PASS" start="2024-05-20T06:19:59.513678" elapsed="0.000172"/>
</kw>
<kw name="List Should Contain Value" owner="Collections">
<msg time="2024-05-20T06:19:59.514361" level="INFO">False</msg>
<arg>${allowed_titles}</arg>
<arg>${name_title}</arg>
<doc>Fails if the ``value`` is not found from ``list``.</doc>
<status status="PASS" start="2024-05-20T06:19:59.514148" elapsed="0.000249"/>
</kw>
<kw name="Set Variable" owner="BuiltIn">
<msg time="2024-05-20T06:19:59.515077" level="INFO">${name_country} = RS</msg>
<var>${name_country}</var>
<arg>${json_data["results"][0]["nat"]}</arg>
<doc>Returns the given values which can then be assigned to a variables.</doc>
<status status="PASS" start="2024-05-20T06:19:59.514695" elapsed="0.000407"/>
</kw>
<kw name="Create List" owner="BuiltIn">
<msg time="2024-05-20T06:19:59.515999" level="INFO">${list_country} = ['AD', 'AE', 'AF', 'AG', 'AI', 'AL', 'AM', 'AO', 'AQ', 'AR', 'AS', 'AT', 'AU', 'AW', 'AX', 'AZ', 'BA', 'BB', 'BD', 'BE', 'BF', 'BG', 'BH', 'BI', 'BJ', 'BL', 'BM', 'BN', 'BO', 'BQ', 'BR', 'BS', 'BT', '...</msg>
<var>${list_country}</var>
<arg>AD</arg>
<arg>AE</arg>
<arg>AF</arg>
<arg>AG</arg>
<arg>AI</arg>
<arg>AL</arg>
<arg>AM</arg>
<arg>AO</arg>
<arg>AQ</arg>
<arg>AR</arg>
<arg>AS</arg>
<arg>AT</arg>
<arg>AU</arg>
<arg>AW</arg>
<arg>AX</arg>
<arg>AZ</arg>
<arg>BA</arg>
<arg>BB</arg>
<arg>BD</arg>
<arg>BE</arg>
<arg>BF</arg>
<arg>BG</arg>
<arg>BH</arg>
<arg>BI</arg>
<arg>BJ</arg>
<arg>BL</arg>
<arg>BM</arg>
<arg>BN</arg>
<arg>BO</arg>
<arg>BQ</arg>
<arg>BR</arg>
<arg>BS</arg>
<arg>BT</arg>
<arg>BV</arg>
<arg>BW</arg>
<arg>BY</arg>
<arg>BZ</arg>
<arg>CA</arg>
<arg>CC</arg>
<arg>CD</arg>
<arg>CF</arg>
<arg>CG</arg>
<arg>CH</arg>
<arg>CI</arg>
<arg>CK</arg>
<arg>CL</arg>
<arg>CM</arg>
<arg>CN</arg>
<arg>CO</arg>
<arg>CR</arg>
<arg>CU</arg>
<arg>CV</arg>
<arg>CW</arg>
<arg>CX</arg>
<arg>CY</arg>
<arg>CZ</arg>
<arg>DE</arg>
<arg>DJ</arg>
<arg>DK</arg>
<arg>DM</arg>
<arg>DO</arg>
<arg>DZ</arg>
<arg>EC</arg>
<arg>EE</arg>
<arg>EG</arg>
<arg>EH</arg>
<arg>ER</arg>
<arg>ES</arg>
<arg>ET</arg>
<arg>FI</arg>
<arg>FJ</arg>
<arg>FK</arg>
<arg>FM</arg>
<arg>FO</arg>
<arg>FR</arg>
<arg>GA</arg>
<arg>GB</arg>
<arg>GD</arg>
<arg>GE</arg>
<arg>GF</arg>
<arg>GG</arg>
<arg>GH</arg>
<arg>GI</arg>
<arg>GL</arg>
<arg>GM</arg>
<arg>GN</arg>
<arg>GP</arg>
<arg>GQ</arg>
<arg>GR</arg>
<arg>GS</arg>
<arg>GT</arg>
<arg>GU</arg>
<arg>GW</arg>
<arg>GY</arg>
<arg>HK</arg>
<arg>HM</arg>
<arg>HN</arg>
<arg>HR</arg>
<arg>HT</arg>
<arg>HU</arg>
<arg>ID</arg>
<arg>IE</arg>
<arg>IL</arg>
<arg>IM</arg>
<arg>IN</arg>
<arg>IO</arg>
<arg>IQ</arg>
<arg>IR</arg>
<arg>IS</arg>
<arg>IT</arg>
<arg>JE</arg>
<arg>JM</arg>
<arg>JO</arg>
<arg>JP</arg>
<arg>KE</arg>
<arg>KG</arg>
<arg>KH</arg>
<arg>KI</arg>
<arg>KM</arg>
<arg>KN</arg>
<arg>KP</arg>
<arg>KR</arg>
<arg>KW</arg>
<arg>KY</arg>
<arg>KZ</arg>
<arg>LA</arg>
<arg>LB</arg>
<arg>LC</arg>
<arg>LI</arg>
<arg>LK</arg>
<arg>LR</arg>
<arg>LS</arg>
<arg>LT</arg>
<arg>LU</arg>
<arg>LV</arg>
<arg>LY</arg>
<arg>MA</arg>
<arg>MC</arg>
<arg>MD</arg>
<arg>ME</arg>
<arg>MF</arg>
<arg>MG</arg>
<arg>MH</arg>
<arg>MK</arg>
<arg>ML</arg>
<arg>MM</arg>
<arg>MN</arg>
<arg>MO</arg>
<arg>MP</arg>
<arg>MQ</arg>
<arg>MR</arg>
<arg>MS</arg>
<arg>MT</arg>
<arg>MU</arg>
<arg>MV</arg>
<arg>MW</arg>
<arg>MX</arg>
<arg>MY</arg>
<arg>MZ</arg>
<arg>NA</arg>
<arg>NC</arg>
<arg>NE</arg>
<arg>NF</arg>
<arg>NG</arg>
<arg>NI</arg>
<arg>NL</arg>
<arg>NO</arg>
<arg>NP</arg>
<arg>NR</arg>
<arg>NU</arg>
<arg>NZ</arg>
<arg>OM</arg>
<arg>PA</arg>
<arg>PE</arg>
<arg>PF</arg>
<arg>PG</arg>
<arg>PH</arg>
<arg>PK</arg>
<arg>PL</arg>
<arg>PM</arg>
<arg>PN</arg>
<arg>PR</arg>
<arg>PS</arg>
<arg>PT</arg>
<arg>PW</arg>
<arg>PY</arg>
<arg>QA</arg>
<arg>RE</arg>
<arg>RO</arg>
<arg>RS</arg>
<arg>RU</arg>
<arg>RW</arg>
<arg>SA</arg>
<arg>SB</arg>
<arg>SC</arg>
<arg>SD</arg>
<arg>SE</arg>
<arg>SG</arg>
<arg>SH</arg>
<arg>SI</arg>
<arg>SJ</arg>
<arg>SK</arg>
<arg>SL</arg>
<arg>SM</arg>
<arg>SN</arg>
<arg>SO</arg>
<arg>SR</arg>
<arg>SS</arg>
<arg>ST</arg>
<arg>SV</arg>
<arg>SX</arg>
<arg>SY</arg>
<arg>SZ</arg>
<arg>TC</arg>
<arg>TD</arg>
<arg>TF</arg>
<arg>TG</arg>
<arg>TH</arg>
<arg>TJ</arg>
<arg>TK</arg>
<arg>TL</arg>
<arg>TM</arg>
<arg>TN</arg>
<arg>TO</arg>
<arg>TR</arg>
<arg>TT</arg>
<arg>TV</arg>
<arg>TW</arg>
<arg>TZ</arg>
<arg>UA</arg>
<arg>UG</arg>
<arg>UM</arg>
<arg>US</arg>
<arg>UY</arg>
<arg>UZ</arg>
<arg>VA</arg>
<arg>VC</arg>
<arg>VE</arg>
<arg>VG</arg>
<arg>VI</arg>
<arg>VN</arg>
<arg>VU</arg>
<arg>WF</arg>
<arg>WS</arg>
<arg>XK</arg>
<arg>YE</arg>
<arg>YT</arg>
<arg>ZA</arg>
<arg>ZM</arg>
<arg>ZW</arg>
<doc>Returns a list containing given items.</doc>
<status status="PASS" start="2024-05-20T06:19:59.515401" elapsed="0.000629"/>
</kw>
<kw name="List Should Contain Value" owner="Collections">
<msg time="2024-05-20T06:19:59.517018" level="INFO">False</msg>
<arg>${list_country}</arg>
<arg>${name_country}</arg>
<doc>Fails if the ``value`` is not found from ``list``.</doc>
<status status="PASS" start="2024-05-20T06:19:59.516816" elapsed="0.000238"/>
</kw>
<kw name="Run Keyword If" owner="BuiltIn">
<kw name="Should Be True" owner="BuiltIn">
<arg>${True}</arg>
<doc>Fails if the given condition is not true.</doc>
<status status="PASS" start="2024-05-20T06:19:59.518112" elapsed="0.000182"/>
</kw>
<arg>${json_data["results"][0]["location"]["coordinates"]["latitude"]} &gt;= -90 and ${json_data["results"][0]["location"]["coordinates"]["latitude"]} &lt;= 90</arg>
<arg>Should Be True</arg>
<arg>${True}</arg>
<doc>Runs the given keyword with the given arguments, if ``condition`` is true.</doc>
<status status="PASS" start="2024-05-20T06:19:59.517364" elapsed="0.001061"/>
</kw>
<kw name="Run Keyword If" owner="BuiltIn">
<kw name="Should Be True" owner="BuiltIn">
<arg>${True}</arg>
<doc>Fails if the given condition is not true.</doc>
<status status="PASS" start="2024-05-20T06:19:59.519309" elapsed="0.000250"/>
</kw>
<arg>${json_data["results"][0]["location"]["coordinates"]["longitude"]} &gt;= -180 and ${json_data["results"][0]["location"]["coordinates"]["longitude"]} &lt;= 180</arg>
<arg>Should Be True</arg>
<arg>${True}</arg>
<doc>Runs the given keyword with the given arguments, if ``condition`` is true.</doc>
<status status="PASS" start="2024-05-20T06:19:59.518611" elapsed="0.001075"/>
</kw>
<status status="PASS" start="2024-05-20T06:19:59.415567" elapsed="0.104246"/>
</kw>
<doc>Testa o conteúdo específico dos campos retornados pela API.</doc>
<tag>testeConteudo</tag>
<status status="PASS" start="2024-05-20T06:19:59.415054" elapsed="0.104899"/>
</test>
<status status="PASS" start="2024-05-20T06:19:58.605035" elapsed="0.916816"/>
</suite>
<status status="PASS" start="2024-05-20T06:19:58.591775" elapsed="0.935236"/>
</suite>
<statistics>
<total>
<stat pass="5" fail="0" skip="0">All Tests</stat>
</total>
<tag>
<stat pass="1" fail="0" skip="0">testeConteudo</stat>
<stat pass="1" fail="0" skip="0">testeEstruturaResposta</stat>
<stat pass="1" fail="0" skip="0">testeRequisicaoBasica</stat>
<stat pass="1" fail="0" skip="0">testeTiposDados</stat>
</tag>
<suite>
<stat pass="5" fail="0" skip="0" id="s1" name="Tests">Tests</stat>
<stat pass="5" fail="0" skip="0" id="s1-s1" name="Random-User-Test">Tests.Random-User-Test</stat>
</suite>
</statistics>
<errors>
</errors>
</robot>
