<?xml version="1.0" encoding="UTF-8"?>
<robot generator="Robot 7.0 (Python 3.12.3 on linux)" generated="2024-06-09T18:18:20.852897" rpa="false" schemaversion="5">
<suite id="s1" name="Tests" source="/home/runner/work/ApiRandomUser/ApiRandomUser/RamdonUser/tests">
<suite id="s1-s1" name="Random-User-Test" source="/home/runner/work/ApiRandomUser/ApiRandomUser/RamdonUser/tests/random-user-test.robot">
<test id="s1-s1-t1" name="Conectar" line="13">
<kw name="Conectar API" owner="random-user-service">
<kw name="Create Session" owner="RequestsLibrary">
<msg time="2024-06-09T18:18:21.256945" level="INFO">Creating Session using : alias=consultarAPI, url=https://randomuser.me/, headers={},                     cookies={}, auth=None, timeout=None, proxies=None, verify=False,                     debug=0 </msg>
<arg>consultarAPI</arg>
<arg>${URL}</arg>
<doc>Create Session: create a HTTP session to a server</doc>
<status status="PASS" start="2024-06-09T18:18:21.256736" elapsed="0.000424"/>
</kw>
<status status="PASS" start="2024-06-09T18:18:21.255674" elapsed="0.001859"/>
</kw>
<status status="PASS" start="2024-06-09T18:18:21.255036" elapsed="0.002691"/>
</test>
<test id="s1-s1-t2" name="Validar retorno 200 e JSON Válido" line="16">
<kw name="Teste de Requisicao Basica" owner="random-user-service">
<kw name="GET On Session" owner="RequestsLibrary">
<msg time="2024-06-09T18:18:21.517006" level="INFO">GET Request : url=https://randomuser.me/api 
 path_url=/api 
 headers={'User-Agent': 'python-requests/2.32.3', 'Accept-Encoding': 'gzip, deflate', 'Accept': '*/*', 'Connection': 'keep-alive'} 
 body=None 
 </msg>
<msg time="2024-06-09T18:18:21.517182" level="INFO">GET Response : url=https://randomuser.me/api 
 status=200, reason=OK 
 headers={'Date': 'Sun, 09 Jun 2024 18:18:21 GMT', 'Content-Type': 'application/json; charset=utf-8', 'Transfer-Encoding': 'chunked', 'Connection': 'keep-alive', 'X-Powered-By': 'Express', 'Access-Control-Allow-Origin': '*', 'Cache-Control': 'no-cache', 'ETag': 'W/"498-MrKRcn10mZZgzog2dE1puECCRfA"', 'Vary': 'Accept-Encoding', 'Content-Encoding': 'gzip', 'CF-Cache-Status': 'DYNAMIC', 'Report-To': '{"endpoints":[{"url":"https:\\/\\/a.nel.cloudflare.com\\/report\\/v4?s=FyVTQKJUBYklFXsMTXb%2FdaBng8s6gExVbPkXXUaZWoVff%2FDUuOV32e%2Bv34xfQX1mEi%2FudhngWEtZPZXmHr6lS%2Bb66q0pwn8gwJlOeFFvL6mJrhw74p%2B6Hd8Kg30KD9I%2B"}],"group":"cf-nel","max_age":604800}', 'NEL': '{"success_fraction":0,"report_to":"cf-nel","max_age":604800}', 'Server': 'cloudflare', 'CF-RAY': '89131fac0e1f2f18-IAD', 'alt-svc': 'h3=":443"; ma=86400'} 
 body={"results":[{"gender":"male","name":{"title":"Mr","first":"Frederik","last":"Christiansen"},"location":{"street":{"number":4167,"name":"Nybrovej"},"city":"Øster Assels","state":"Hovedstaden","country":"Denmark","postcode":57130,"coordinates":{"latitude":"-42.6505","longitude":"-82.5830"},"timezone":{"offset":"+10:00","description":"Eastern Australia, Guam, Vladivostok"}},"email":"frederik.christiansen@example.com","login":{"uuid":"42f69f58-8fa1-4aa9-bd14-15e6952d3526","username":"bigfish203","password":"snowflak","salt":"G8PePOLE","md5":"b3a73b9facc7edc8c5a5adc14dc52384","sha1":"4d0046670b5a1de9df2ebb4f0cd480d712ef2474","sha256":"20f5281fc7f65a5726001d3fa4b064ef6a004b981827bab1854bc0a31922d4cc"},"dob":{"date":"1963-02-27T15:04:09.214Z","age":61},"registered":{"date":"2020-05-02T04:54:47.486Z","age":4},"phone":"63182314","cell":"07350142","id":{"name":"CPR","value":"270263-7631"},"picture":{"large":"https://randomuser.me/api/portraits/men/38.jpg","medium":"https://randomuser.me/api/portraits/med/men/38.jpg","thumbnail":"https://randomuser.me/api/portraits/thumb/men/38.jpg"},"nat":"DK"}],"info":{"seed":"e0ae1e14a1332110","results":1,"page":1,"version":"1.4"}} 
 </msg>
<msg time="2024-06-09T18:18:21.517265" level="INFO">/opt/hostedtoolcache/Python/3.12.3/x64/lib/python3.12/site-packages/urllib3/connectionpool.py:1103: InsecureRequestWarning: Unverified HTTPS request is being made to host 'randomuser.me'. Adding certificate verification is strongly advised. See: https://urllib3.readthedocs.io/en/latest/advanced-usage.html#tls-warnings
  warnings.warn(</msg>
<msg time="2024-06-09T18:18:21.517403" level="INFO">${response} = &lt;Response [200]&gt;</msg>
<var>${response}</var>
<arg>consultarAPI</arg>
<arg>/api</arg>
<doc>Sends a GET request on a previously created HTTP Session.</doc>
<status status="PASS" start="2024-06-09T18:18:21.260359" elapsed="0.257084"/>
</kw>
<kw name="Should Be Equal As Numbers" owner="BuiltIn">
<msg time="2024-06-09T18:18:21.518560" level="INFO">Argument types are:
&lt;class 'int'&gt;
&lt;class 'str'&gt;</msg>
<arg>${response.status_code}</arg>
<arg>200</arg>
<doc>Fails if objects are unequal after converting them to real numbers.</doc>
<status status="PASS" start="2024-06-09T18:18:21.518072" elapsed="0.000555"/>
</kw>
<kw name="Log" owner="BuiltIn">
<msg time="2024-06-09T18:18:21.519308" level="INFO">200</msg>
<arg>${response.status_code}</arg>
<doc>Logs the given message with the given level.</doc>
<status status="PASS" start="2024-06-09T18:18:21.518965" elapsed="0.000391"/>
</kw>
<kw name="Set Variable" owner="BuiltIn">
<msg time="2024-06-09T18:18:21.520099" level="INFO">${json_data} = {'results': [{'gender': 'male', 'name': {'title': 'Mr', 'first': 'Frederik', 'last': 'Christiansen'}, 'location': {'street': {'number': 4167, 'name': 'Nybrovej'}, 'city': 'Øster Assels', 'state': 'Hov...</msg>
<var>${json_data}</var>
<arg>${response.json()}</arg>
<doc>Returns the given values which can then be assigned to a variables.</doc>
<status status="PASS" start="2024-06-09T18:18:21.519664" elapsed="0.000464"/>
</kw>
<kw name="Dictionary Should Contain Key" owner="Collections">
<msg time="2024-06-09T18:18:21.520602" level="INFO">False</msg>
<arg>${json_data}</arg>
<arg>results</arg>
<doc>Fails if ``key`` is not found from ``dictionary``.</doc>
<status status="PASS" start="2024-06-09T18:18:21.520430" elapsed="0.000371"/>
</kw>
<status status="PASS" start="2024-06-09T18:18:21.260115" elapsed="0.260977"/>
</kw>
<doc>Testa se a API responde corretamente e retorna um objeto JSON válido.</doc>
<tag>testeRequisicaoBasica</tag>
<status status="PASS" start="2024-06-09T18:18:21.259598" elapsed="0.261690"/>
</test>
<test id="s1-s1-t3" name="Validar estrutura de resposta" line="22">
<kw name="Teste de Estrutura de Resposta" owner="random-user-service">
<kw name="GET On Session" owner="RequestsLibrary">
<msg time="2024-06-09T18:18:21.610614" level="INFO">GET Request : url=https://randomuser.me/api 
 path_url=/api 
 headers={'User-Agent': 'python-requests/2.32.3', 'Accept-Encoding': 'gzip, deflate', 'Accept': '*/*', 'Connection': 'keep-alive'} 
 body=None 
 </msg>
<msg time="2024-06-09T18:18:21.610711" level="INFO">GET Response : url=https://randomuser.me/api 
 status=200, reason=OK 
 headers={'Date': 'Sun, 09 Jun 2024 18:18:21 GMT', 'Content-Type': 'application/json; charset=utf-8', 'Transfer-Encoding': 'chunked', 'Connection': 'keep-alive', 'X-Powered-By': 'Express', 'Access-Control-Allow-Origin': '*', 'Cache-Control': 'no-cache', 'ETag': 'W/"485-qEXwQloU+IBD/tNvSyW3SaTo6d4"', 'Vary': 'Accept-Encoding', 'Content-Encoding': 'gzip', 'CF-Cache-Status': 'DYNAMIC', 'Report-To': '{"endpoints":[{"url":"https:\\/\\/a.nel.cloudflare.com\\/report\\/v4?s=2HCQz%2Fd%2BlLIT7rL9EL6U00NTP0FC6staONpBXvAR7gd8xgAjJnl06Kq8d7NOoNSJpfF73Mg0AUafcLOGf0h7xE9dGYHSpSjiSmCoa02TmTq8XGOkZ8evODVXBx1cKjSv"}],"group":"cf-nel","max_age":604800}', 'NEL': '{"success_fraction":0,"report_to":"cf-nel","max_age":604800}', 'Server': 'cloudflare', 'CF-RAY': '89131fac8ec32f18-IAD', 'alt-svc': 'h3=":443"; ma=86400'} 
 body={"results":[{"gender":"female","name":{"title":"Mrs","first":"Avery","last":"Liu"},"location":{"street":{"number":2236,"name":"St. Lawrence Ave"},"city":"Kingston","state":"Québec","country":"Canada","postcode":"D3W 3K8","coordinates":{"latitude":"-68.3336","longitude":"147.1889"},"timezone":{"offset":"-8:00","description":"Pacific Time (US &amp; Canada)"}},"email":"avery.liu@example.com","login":{"uuid":"38a23d8c-2bde-4cb2-a4d7-2739cfc860d1","username":"heavydog540","password":"simple","salt":"SY5VQjzq","md5":"cd63f8e244046c4aae429b85ed7f3cc1","sha1":"c50fd33d6bb7b7c190cd5bb1c8d0187d8f75c3cd","sha256":"e85fec785380334da46e51a5d8d1cb15ce8df63ab0c45d78d6d3f21d1525d12b"},"dob":{"date":"1958-07-22T00:50:46.203Z","age":65},"registered":{"date":"2014-10-15T14:45:31.221Z","age":9},"phone":"Y75 L08-0241","cell":"N40 B58-7717","id":{"name":"SIN","value":"224222414"},"picture":{"large":"https://randomuser.me/api/portraits/women/77.jpg","medium":"https://randomuser.me/api/portraits/med/women/77.jpg","thumbnail":"https://randomuser.me/api/portraits/thumb/women/77.jpg"},"nat":"CA"}],"info":{"seed":"f5a243e4d5897b24","results":1,"page":1,"version":"1.4"}} 
 </msg>
<msg time="2024-06-09T18:18:21.610836" level="INFO">/opt/hostedtoolcache/Python/3.12.3/x64/lib/python3.12/site-packages/urllib3/connectionpool.py:1103: InsecureRequestWarning: Unverified HTTPS request is being made to host 'randomuser.me'. Adding certificate verification is strongly advised. See: https://urllib3.readthedocs.io/en/latest/advanced-usage.html#tls-warnings
  warnings.warn(</msg>
<msg time="2024-06-09T18:18:21.610974" level="INFO">${response} = &lt;Response [200]&gt;</msg>
<var>${response}</var>
<arg>consultarAPI</arg>
<arg>/api</arg>
<doc>Sends a GET request on a previously created HTTP Session.</doc>
<status status="PASS" start="2024-06-09T18:18:21.523966" elapsed="0.087049"/>
</kw>
<kw name="Set Variable" owner="BuiltIn">
<msg time="2024-06-09T18:18:21.612170" level="INFO">${json_data} = {'results': [{'gender': 'female', 'name': {'title': 'Mrs', 'first': 'Avery', 'last': 'Liu'}, 'location': {'street': {'number': 2236, 'name': 'St. Lawrence Ave'}, 'city': 'Kingston', 'state': 'Québec',...</msg>
<var>${json_data}</var>
<arg>${response.json()}</arg>
<doc>Returns the given values which can then be assigned to a variables.</doc>
<status status="PASS" start="2024-06-09T18:18:21.611616" elapsed="0.000584"/>
</kw>
<kw name="Log" owner="BuiltIn">
<msg time="2024-06-09T18:18:21.612683" level="INFO">{'results': [{'gender': 'female', 'name': {'title': 'Mrs', 'first': 'Avery', 'last': 'Liu'}, 'location': {'street': {'number': 2236, 'name': 'St. Lawrence Ave'}, 'city': 'Kingston', 'state': 'Québec', 'country': 'Canada', 'postcode': 'D3W 3K8', 'coordinates': {'latitude': '-68.3336', 'longitude': '147.1889'}, 'timezone': {'offset': '-8:00', 'description': 'Pacific Time (US &amp; Canada)'}}, 'email': 'avery.liu@example.com', 'login': {'uuid': '38a23d8c-2bde-4cb2-a4d7-2739cfc860d1', 'username': 'heavydog540', 'password': 'simple', 'salt': 'SY5VQjzq', 'md5': 'cd63f8e244046c4aae429b85ed7f3cc1', 'sha1': 'c50fd33d6bb7b7c190cd5bb1c8d0187d8f75c3cd', 'sha256': 'e85fec785380334da46e51a5d8d1cb15ce8df63ab0c45d78d6d3f21d1525d12b'}, 'dob': {'date': '1958-07-22T00:50:46.203Z', 'age': 65}, 'registered': {'date': '2014-10-15T14:45:31.221Z', 'age': 9}, 'phone': 'Y75 L08-0241', 'cell': 'N40 B58-7717', 'id': {'name': 'SIN', 'value': '224222414'}, 'picture': {'large': 'https://randomuser.me/api/portraits/women/77.jpg', 'medium': 'https://randomuser.me/api/portraits/med/women/77.jpg', 'thumbnail': 'https://randomuser.me/api/portraits/thumb/women/77.jpg'}, 'nat': 'CA'}], 'info': {'seed': 'f5a243e4d5897b24', 'results': 1, 'page': 1, 'version': '1.4'}}</msg>
<arg>${json_data}</arg>
<doc>Logs the given message with the given level.</doc>
<status status="PASS" start="2024-06-09T18:18:21.612518" elapsed="0.000218"/>
</kw>
<kw name="Dictionary Should Contain Key" owner="Collections">
<msg time="2024-06-09T18:18:21.613235" level="INFO">False</msg>
<arg>${json_data}</arg>
<arg>results</arg>
<doc>Fails if ``key`` is not found from ``dictionary``.</doc>
<status status="PASS" start="2024-06-09T18:18:21.613038" elapsed="0.000236"/>
</kw>
<kw name="Should Not Be Empty" owner="BuiltIn">
<msg time="2024-06-09T18:18:21.613724" level="INFO">Length is 2.</msg>
<arg>${json_data}</arg>
<doc>Verifies that the given item is not empty.</doc>
<status status="PASS" start="2024-06-09T18:18:21.613583" elapsed="0.000179"/>
</kw>
<kw name="Create List" owner="BuiltIn">
<msg time="2024-06-09T18:18:21.614209" level="INFO">${expected_keys} = ['gender', 'name', 'location', 'email', 'login']</msg>
<var>${expected_keys}</var>
<arg>gender</arg>
<arg>name</arg>
<arg>location</arg>
<arg>email</arg>
<arg>login</arg>
<doc>Returns a list containing given items.</doc>
<status status="PASS" start="2024-06-09T18:18:21.614060" elapsed="0.000173"/>
</kw>
<for flavor="IN">
<iter>
<kw name="Dictionary Should Contain Key" owner="Collections">
<msg time="2024-06-09T18:18:21.615232" level="INFO">False</msg>
<arg>${json_data['results'][0]}</arg>
<arg>${key}</arg>
<doc>Fails if ``key`` is not found from ``dictionary``.</doc>
<status status="PASS" start="2024-06-09T18:18:21.614821" elapsed="0.000457"/>
</kw>
<kw name="Log" owner="BuiltIn">
<msg time="2024-06-09T18:18:21.615952" level="INFO">{'gender': 'female', 'name': {'title': 'Mrs', 'first': 'Avery', 'last': 'Liu'}, 'location': {'street': {'number': 2236, 'name': 'St. Lawrence Ave'}, 'city': 'Kingston', 'state': 'Québec', 'country': 'Canada', 'postcode': 'D3W 3K8', 'coordinates': {'latitude': '-68.3336', 'longitude': '147.1889'}, 'timezone': {'offset': '-8:00', 'description': 'Pacific Time (US &amp; Canada)'}}, 'email': 'avery.liu@example.com', 'login': {'uuid': '38a23d8c-2bde-4cb2-a4d7-2739cfc860d1', 'username': 'heavydog540', 'password': 'simple', 'salt': 'SY5VQjzq', 'md5': 'cd63f8e244046c4aae429b85ed7f3cc1', 'sha1': 'c50fd33d6bb7b7c190cd5bb1c8d0187d8f75c3cd', 'sha256': 'e85fec785380334da46e51a5d8d1cb15ce8df63ab0c45d78d6d3f21d1525d12b'}, 'dob': {'date': '1958-07-22T00:50:46.203Z', 'age': 65}, 'registered': {'date': '2014-10-15T14:45:31.221Z', 'age': 9}, 'phone': 'Y75 L08-0241', 'cell': 'N40 B58-7717', 'id': {'name': 'SIN', 'value': '224222414'}, 'picture': {'large': 'https://randomuser.me/api/portraits/women/77.jpg', 'medium': 'https://randomuser.me/api/portraits/med/women/77.jpg', 'thumbnail': 'https://randomuser.me/api/portraits/thumb/women/77.jpg'}, 'nat': 'CA'}</msg>
<arg>${json_data['results'][0]}</arg>
<doc>Logs the given message with the given level.</doc>
<status status="PASS" start="2024-06-09T18:18:21.615581" elapsed="0.000424"/>
</kw>
<kw name="Log" owner="BuiltIn">
<msg time="2024-06-09T18:18:21.616445" level="INFO">gender</msg>
<arg>${key}</arg>
<doc>Logs the given message with the given level.</doc>
<status status="PASS" start="2024-06-09T18:18:21.616313" elapsed="0.000171"/>
</kw>
<var name="${key}">gender</var>
<status status="PASS" start="2024-06-09T18:18:21.614695" elapsed="0.002005"/>
</iter>
<iter>
<kw name="Dictionary Should Contain Key" owner="Collections">
<msg time="2024-06-09T18:18:21.617441" level="INFO">False</msg>
<arg>${json_data['results'][0]}</arg>
<arg>${key}</arg>
<doc>Fails if ``key`` is not found from ``dictionary``.</doc>
<status status="PASS" start="2024-06-09T18:18:21.617005" elapsed="0.000475"/>
</kw>
<kw name="Log" owner="BuiltIn">
<msg time="2024-06-09T18:18:21.618184" level="INFO">{'gender': 'female', 'name': {'title': 'Mrs', 'first': 'Avery', 'last': 'Liu'}, 'location': {'street': {'number': 2236, 'name': 'St. Lawrence Ave'}, 'city': 'Kingston', 'state': 'Québec', 'country': 'Canada', 'postcode': 'D3W 3K8', 'coordinates': {'latitude': '-68.3336', 'longitude': '147.1889'}, 'timezone': {'offset': '-8:00', 'description': 'Pacific Time (US &amp; Canada)'}}, 'email': 'avery.liu@example.com', 'login': {'uuid': '38a23d8c-2bde-4cb2-a4d7-2739cfc860d1', 'username': 'heavydog540', 'password': 'simple', 'salt': 'SY5VQjzq', 'md5': 'cd63f8e244046c4aae429b85ed7f3cc1', 'sha1': 'c50fd33d6bb7b7c190cd5bb1c8d0187d8f75c3cd', 'sha256': 'e85fec785380334da46e51a5d8d1cb15ce8df63ab0c45d78d6d3f21d1525d12b'}, 'dob': {'date': '1958-07-22T00:50:46.203Z', 'age': 65}, 'registered': {'date': '2014-10-15T14:45:31.221Z', 'age': 9}, 'phone': 'Y75 L08-0241', 'cell': 'N40 B58-7717', 'id': {'name': 'SIN', 'value': '224222414'}, 'picture': {'large': 'https://randomuser.me/api/portraits/women/77.jpg', 'medium': 'https://randomuser.me/api/portraits/med/women/77.jpg', 'thumbnail': 'https://randomuser.me/api/portraits/thumb/women/77.jpg'}, 'nat': 'CA'}</msg>
<arg>${json_data['results'][0]}</arg>
<doc>Logs the given message with the given level.</doc>
<status status="PASS" start="2024-06-09T18:18:21.617818" elapsed="0.000416"/>
</kw>
<kw name="Log" owner="BuiltIn">
<msg time="2024-06-09T18:18:21.618695" level="INFO">name</msg>
<arg>${key}</arg>
<doc>Logs the given message with the given level.</doc>
<status status="PASS" start="2024-06-09T18:18:21.618564" elapsed="0.000174"/>
</kw>
<var name="${key}">name</var>
<status status="PASS" start="2024-06-09T18:18:21.616889" elapsed="0.002070"/>
</iter>
<iter>
<kw name="Dictionary Should Contain Key" owner="Collections">
<msg time="2024-06-09T18:18:21.619643" level="INFO">False</msg>
<arg>${json_data['results'][0]}</arg>
<arg>${key}</arg>
<doc>Fails if ``key`` is not found from ``dictionary``.</doc>
<status status="PASS" start="2024-06-09T18:18:21.619254" elapsed="0.000426"/>
</kw>
<kw name="Log" owner="BuiltIn">
<msg time="2024-06-09T18:18:21.620363" level="INFO">{'gender': 'female', 'name': {'title': 'Mrs', 'first': 'Avery', 'last': 'Liu'}, 'location': {'street': {'number': 2236, 'name': 'St. Lawrence Ave'}, 'city': 'Kingston', 'state': 'Québec', 'country': 'Canada', 'postcode': 'D3W 3K8', 'coordinates': {'latitude': '-68.3336', 'longitude': '147.1889'}, 'timezone': {'offset': '-8:00', 'description': 'Pacific Time (US &amp; Canada)'}}, 'email': 'avery.liu@example.com', 'login': {'uuid': '38a23d8c-2bde-4cb2-a4d7-2739cfc860d1', 'username': 'heavydog540', 'password': 'simple', 'salt': 'SY5VQjzq', 'md5': 'cd63f8e244046c4aae429b85ed7f3cc1', 'sha1': 'c50fd33d6bb7b7c190cd5bb1c8d0187d8f75c3cd', 'sha256': 'e85fec785380334da46e51a5d8d1cb15ce8df63ab0c45d78d6d3f21d1525d12b'}, 'dob': {'date': '1958-07-22T00:50:46.203Z', 'age': 65}, 'registered': {'date': '2014-10-15T14:45:31.221Z', 'age': 9}, 'phone': 'Y75 L08-0241', 'cell': 'N40 B58-7717', 'id': {'name': 'SIN', 'value': '224222414'}, 'picture': {'large': 'https://randomuser.me/api/portraits/women/77.jpg', 'medium': 'https://randomuser.me/api/portraits/med/women/77.jpg', 'thumbnail': 'https://randomuser.me/api/portraits/thumb/women/77.jpg'}, 'nat': 'CA'}</msg>
<arg>${json_data['results'][0]}</arg>
<doc>Logs the given message with the given level.</doc>
<status status="PASS" start="2024-06-09T18:18:21.619993" elapsed="0.000433"/>
</kw>
<kw name="Log" owner="BuiltIn">
<msg time="2024-06-09T18:18:21.620864" level="INFO">location</msg>
<arg>${key}</arg>
<doc>Logs the given message with the given level.</doc>
<status status="PASS" start="2024-06-09T18:18:21.620737" elapsed="0.000165"/>
</kw>
<var name="${key}">location</var>
<status status="PASS" start="2024-06-09T18:18:21.619141" elapsed="0.002001"/>
</iter>
<iter>
<kw name="Dictionary Should Contain Key" owner="Collections">
<msg time="2024-06-09T18:18:21.621942" level="INFO">False</msg>
<arg>${json_data['results'][0]}</arg>
<arg>${key}</arg>
<doc>Fails if ``key`` is not found from ``dictionary``.</doc>
<status status="PASS" start="2024-06-09T18:18:21.621435" elapsed="0.000547"/>
</kw>
<kw name="Log" owner="BuiltIn">
<msg time="2024-06-09T18:18:21.622642" level="INFO">{'gender': 'female', 'name': {'title': 'Mrs', 'first': 'Avery', 'last': 'Liu'}, 'location': {'street': {'number': 2236, 'name': 'St. Lawrence Ave'}, 'city': 'Kingston', 'state': 'Québec', 'country': 'Canada', 'postcode': 'D3W 3K8', 'coordinates': {'latitude': '-68.3336', 'longitude': '147.1889'}, 'timezone': {'offset': '-8:00', 'description': 'Pacific Time (US &amp; Canada)'}}, 'email': 'avery.liu@example.com', 'login': {'uuid': '38a23d8c-2bde-4cb2-a4d7-2739cfc860d1', 'username': 'heavydog540', 'password': 'simple', 'salt': 'SY5VQjzq', 'md5': 'cd63f8e244046c4aae429b85ed7f3cc1', 'sha1': 'c50fd33d6bb7b7c190cd5bb1c8d0187d8f75c3cd', 'sha256': 'e85fec785380334da46e51a5d8d1cb15ce8df63ab0c45d78d6d3f21d1525d12b'}, 'dob': {'date': '1958-07-22T00:50:46.203Z', 'age': 65}, 'registered': {'date': '2014-10-15T14:45:31.221Z', 'age': 9}, 'phone': 'Y75 L08-0241', 'cell': 'N40 B58-7717', 'id': {'name': 'SIN', 'value': '224222414'}, 'picture': {'large': 'https://randomuser.me/api/portraits/women/77.jpg', 'medium': 'https://randomuser.me/api/portraits/med/women/77.jpg', 'thumbnail': 'https://randomuser.me/api/portraits/thumb/women/77.jpg'}, 'nat': 'CA'}</msg>
<arg>${json_data['results'][0]}</arg>
<doc>Logs the given message with the given level.</doc>
<status status="PASS" start="2024-06-09T18:18:21.622282" elapsed="0.000411"/>
</kw>
<kw name="Log" owner="BuiltIn">
<msg time="2024-06-09T18:18:21.623122" level="INFO">email</msg>
<arg>${key}</arg>
<doc>Logs the given message with the given level.</doc>
<status status="PASS" start="2024-06-09T18:18:21.622992" elapsed="0.000168"/>
</kw>
<var name="${key}">email</var>
<status status="PASS" start="2024-06-09T18:18:21.621323" elapsed="0.002052"/>
</iter>
<iter>
<kw name="Dictionary Should Contain Key" owner="Collections">
<msg time="2024-06-09T18:18:21.624065" level="INFO">False</msg>
<arg>${json_data['results'][0]}</arg>
<arg>${key}</arg>
<doc>Fails if ``key`` is not found from ``dictionary``.</doc>
<status status="PASS" start="2024-06-09T18:18:21.623666" elapsed="0.000441"/>
</kw>
<kw name="Log" owner="BuiltIn">
<msg time="2024-06-09T18:18:21.624820" level="INFO">{'gender': 'female', 'name': {'title': 'Mrs', 'first': 'Avery', 'last': 'Liu'}, 'location': {'street': {'number': 2236, 'name': 'St. Lawrence Ave'}, 'city': 'Kingston', 'state': 'Québec', 'country': 'Canada', 'postcode': 'D3W 3K8', 'coordinates': {'latitude': '-68.3336', 'longitude': '147.1889'}, 'timezone': {'offset': '-8:00', 'description': 'Pacific Time (US &amp; Canada)'}}, 'email': 'avery.liu@example.com', 'login': {'uuid': '38a23d8c-2bde-4cb2-a4d7-2739cfc860d1', 'username': 'heavydog540', 'password': 'simple', 'salt': 'SY5VQjzq', 'md5': 'cd63f8e244046c4aae429b85ed7f3cc1', 'sha1': 'c50fd33d6bb7b7c190cd5bb1c8d0187d8f75c3cd', 'sha256': 'e85fec785380334da46e51a5d8d1cb15ce8df63ab0c45d78d6d3f21d1525d12b'}, 'dob': {'date': '1958-07-22T00:50:46.203Z', 'age': 65}, 'registered': {'date': '2014-10-15T14:45:31.221Z', 'age': 9}, 'phone': 'Y75 L08-0241', 'cell': 'N40 B58-7717', 'id': {'name': 'SIN', 'value': '224222414'}, 'picture': {'large': 'https://randomuser.me/api/portraits/women/77.jpg', 'medium': 'https://randomuser.me/api/portraits/med/women/77.jpg', 'thumbnail': 'https://randomuser.me/api/portraits/thumb/women/77.jpg'}, 'nat': 'CA'}</msg>
<arg>${json_data['results'][0]}</arg>
<doc>Logs the given message with the given level.</doc>
<status status="PASS" start="2024-06-09T18:18:21.624448" elapsed="0.000425"/>
</kw>
<kw name="Log" owner="BuiltIn">
<msg time="2024-06-09T18:18:21.625328" level="INFO">login</msg>
<arg>${key}</arg>
<doc>Logs the given message with the given level.</doc>
<status status="PASS" start="2024-06-09T18:18:21.625197" elapsed="0.000169"/>
</kw>
<var name="${key}">login</var>
<status status="PASS" start="2024-06-09T18:18:21.623552" elapsed="0.002056"/>
</iter>
<var>${key}</var>
<value>@{expected_keys}</value>
<status status="PASS" start="2024-06-09T18:18:21.614498" elapsed="0.011237"/>
</for>
<kw name="Create List" owner="BuiltIn">
<msg time="2024-06-09T18:18:21.626075" level="INFO">${expected_keysTwo} = ['username', 'password']</msg>
<var>${expected_keysTwo}</var>
<arg>username</arg>
<arg>password</arg>
<doc>Returns a list containing given items.</doc>
<status status="PASS" start="2024-06-09T18:18:21.625938" elapsed="0.000160"/>
</kw>
<for flavor="IN">
<iter>
<kw name="Dictionary Should Contain Key" owner="Collections">
<msg time="2024-06-09T18:18:21.626984" level="INFO">False</msg>
<arg>${json_data['results'][0]['login']}</arg>
<arg>${keyTwo}</arg>
<doc>Fails if ``key`` is not found from ``dictionary``.</doc>
<status status="PASS" start="2024-06-09T18:18:21.626594" elapsed="0.000427"/>
</kw>
<kw name="Dictionary Should Contain Key" owner="Collections">
<msg time="2024-06-09T18:18:21.627701" level="INFO">False</msg>
<arg>${json_data['results'][0]['login']}</arg>
<arg>${keyTwo}</arg>
<doc>Fails if ``key`` is not found from ``dictionary``.</doc>
<status status="PASS" start="2024-06-09T18:18:21.627318" elapsed="0.000420"/>
</kw>
<kw name="Log" owner="BuiltIn">
<msg time="2024-06-09T18:18:21.628164" level="INFO">username</msg>
<arg>${keyTwo}</arg>
<doc>Logs the given message with the given level.</doc>
<status status="PASS" start="2024-06-09T18:18:21.628037" elapsed="0.000164"/>
</kw>
<var name="${keyTwo}">username</var>
<status status="PASS" start="2024-06-09T18:18:21.626485" elapsed="0.001933"/>
</iter>
<iter>
<kw name="Dictionary Should Contain Key" owner="Collections">
<msg time="2024-06-09T18:18:21.629104" level="INFO">False</msg>
<arg>${json_data['results'][0]['login']}</arg>
<arg>${keyTwo}</arg>
<doc>Fails if ``key`` is not found from ``dictionary``.</doc>
<status status="PASS" start="2024-06-09T18:18:21.628698" elapsed="0.000457"/>
</kw>
<kw name="Dictionary Should Contain Key" owner="Collections">
<msg time="2024-06-09T18:18:21.629837" level="INFO">False</msg>
<arg>${json_data['results'][0]['login']}</arg>
<arg>${keyTwo}</arg>
<doc>Fails if ``key`` is not found from ``dictionary``.</doc>
<status status="PASS" start="2024-06-09T18:18:21.629455" elapsed="0.000419"/>
</kw>
<kw name="Log" owner="BuiltIn">
<msg time="2024-06-09T18:18:21.630292" level="INFO">password</msg>
<arg>${keyTwo}</arg>
<doc>Logs the given message with the given level.</doc>
<status status="PASS" start="2024-06-09T18:18:21.630165" elapsed="0.000164"/>
</kw>
<var name="${keyTwo}">password</var>
<status status="PASS" start="2024-06-09T18:18:21.628590" elapsed="0.001954"/>
</iter>
<var>${keyTwo}</var>
<value>@{expected_keysTwo}</value>
<status status="PASS" start="2024-06-09T18:18:21.626334" elapsed="0.004331"/>
</for>
<status status="PASS" start="2024-06-09T18:18:21.523720" elapsed="0.107087"/>
</kw>
<doc>Testa a estrutura da resposta da API.</doc>
<tag>testeEstruturaResposta</tag>
<status status="PASS" start="2024-06-09T18:18:21.523098" elapsed="0.107865"/>
</test>
<test id="s1-s1-t4" name="Validar tipos de dados" line="28">
<kw name="Teste de Tipos de Dados" owner="random-user-service">
<kw name="GET On Session" owner="RequestsLibrary">
<msg time="2024-06-09T18:18:21.709871" level="INFO">GET Request : url=https://randomuser.me/api 
 path_url=/api 
 headers={'User-Agent': 'python-requests/2.32.3', 'Accept-Encoding': 'gzip, deflate', 'Accept': '*/*', 'Connection': 'keep-alive'} 
 body=None 
 </msg>
<msg time="2024-06-09T18:18:21.709973" level="INFO">GET Response : url=https://randomuser.me/api 
 status=200, reason=OK 
 headers={'Date': 'Sun, 09 Jun 2024 18:18:21 GMT', 'Content-Type': 'application/json; charset=utf-8', 'Transfer-Encoding': 'chunked', 'Connection': 'keep-alive', 'X-Powered-By': 'Express', 'Access-Control-Allow-Origin': '*', 'Cache-Control': 'no-cache', 'ETag': 'W/"485-Hd5F1BYCCjXxC3vdXsvQG5ky0aU"', 'Vary': 'Accept-Encoding', 'Content-Encoding': 'gzip', 'CF-Cache-Status': 'DYNAMIC', 'Report-To': '{"endpoints":[{"url":"https:\\/\\/a.nel.cloudflare.com\\/report\\/v4?s=T1LLAFtN0HKcIDB1RfSmSIfOBzQsqr2vViaHxxLAUPR%2F%2F3vtexmdh8Op8J5BPKzDPWd2O7RE1uholj5rtW6I3GTGTC%2BUEhHJFH2AWzFJVxDAed7W8E0H%2FR%2FghULbKL2m"}],"group":"cf-nel","max_age":604800}', 'NEL': '{"success_fraction":0,"report_to":"cf-nel","max_age":604800}', 'Server': 'cloudflare', 'CF-RAY': '89131fad3f982f18-IAD', 'alt-svc': 'h3=":443"; ma=86400'} 
 body={"results":[{"gender":"male","name":{"title":"Mr","first":"Zélio","last":"Sales"},"location":{"street":{"number":2841,"name":"Rua da Paz "},"city":"Caxias do Sul","state":"Acre","country":"Brazil","postcode":65330,"coordinates":{"latitude":"-74.5991","longitude":"-146.9959"},"timezone":{"offset":"+2:00","description":"Kaliningrad, South Africa"}},"email":"zelio.sales@example.com","login":{"uuid":"fe843309-d54f-4d74-8629-34a8c3aeb1cf","username":"bluelion311","password":"gateway2","salt":"Zwp82Csq","md5":"e413ce9113ab2569626fcb3b654c414a","sha1":"9fd6f7a049d5e48f0dadbc44402b177964e02765","sha256":"9aaa645091cbae8652286ae938ca7b6064367d1f8d77e72f68d442683524621d"},"dob":{"date":"1960-11-10T19:24:27.946Z","age":63},"registered":{"date":"2015-10-12T02:20:38.255Z","age":8},"phone":"(72) 6970-7949","cell":"(54) 8886-9725","id":{"name":"CPF","value":"003.905.633-58"},"picture":{"large":"https://randomuser.me/api/portraits/men/54.jpg","medium":"https://randomuser.me/api/portraits/med/men/54.jpg","thumbnail":"https://randomuser.me/api/portraits/thumb/men/54.jpg"},"nat":"BR"}],"info":{"seed":"34cf27886a787aa8","results":1,"page":1,"version":"1.4"}} 
 </msg>
<msg time="2024-06-09T18:18:21.710052" level="INFO">/opt/hostedtoolcache/Python/3.12.3/x64/lib/python3.12/site-packages/urllib3/connectionpool.py:1103: InsecureRequestWarning: Unverified HTTPS request is being made to host 'randomuser.me'. Adding certificate verification is strongly advised. See: https://urllib3.readthedocs.io/en/latest/advanced-usage.html#tls-warnings
  warnings.warn(</msg>
<msg time="2024-06-09T18:18:21.710167" level="INFO">${response} = &lt;Response [200]&gt;</msg>
<var>${response}</var>
<arg>consultarAPI</arg>
<arg>/api</arg>
<doc>Sends a GET request on a previously created HTTP Session.</doc>
<status status="PASS" start="2024-06-09T18:18:21.633518" elapsed="0.076689"/>
</kw>
<kw name="Set Variable" owner="BuiltIn">
<msg time="2024-06-09T18:18:21.711384" level="INFO">${json_data} = {'results': [{'gender': 'male', 'name': {'title': 'Mr', 'first': 'Zélio', 'last': 'Sales'}, 'location': {'street': {'number': 2841, 'name': 'Rua da Paz '}, 'city': 'Caxias do Sul', 'state': 'Acre', 'c...</msg>
<var>${json_data}</var>
<arg>${response.json()}</arg>
<doc>Returns the given values which can then be assigned to a variables.</doc>
<status status="PASS" start="2024-06-09T18:18:21.710808" elapsed="0.000607"/>
</kw>
<kw name="Log" owner="BuiltIn">
<msg time="2024-06-09T18:18:21.711889" level="INFO">{'results': [{'gender': 'male', 'name': {'title': 'Mr', 'first': 'Zélio', 'last': 'Sales'}, 'location': {'street': {'number': 2841, 'name': 'Rua da Paz '}, 'city': 'Caxias do Sul', 'state': 'Acre', 'country': 'Brazil', 'postcode': 65330, 'coordinates': {'latitude': '-74.5991', 'longitude': '-146.9959'}, 'timezone': {'offset': '+2:00', 'description': 'Kaliningrad, South Africa'}}, 'email': 'zelio.sales@example.com', 'login': {'uuid': 'fe843309-d54f-4d74-8629-34a8c3aeb1cf', 'username': 'bluelion311', 'password': 'gateway2', 'salt': 'Zwp82Csq', 'md5': 'e413ce9113ab2569626fcb3b654c414a', 'sha1': '9fd6f7a049d5e48f0dadbc44402b177964e02765', 'sha256': '9aaa645091cbae8652286ae938ca7b6064367d1f8d77e72f68d442683524621d'}, 'dob': {'date': '1960-11-10T19:24:27.946Z', 'age': 63}, 'registered': {'date': '2015-10-12T02:20:38.255Z', 'age': 8}, 'phone': '(72) 6970-7949', 'cell': '(54) 8886-9725', 'id': {'name': 'CPF', 'value': '003.905.633-58'}, 'picture': {'large': 'https://randomuser.me/api/portraits/men/54.jpg', 'medium': 'https://randomuser.me/api/portraits/med/men/54.jpg', 'thumbnail': 'https://randomuser.me/api/portraits/thumb/men/54.jpg'}, 'nat': 'BR'}], 'info': {'seed': '34cf27886a787aa8', 'results': 1, 'page': 1, 'version': '1.4'}}</msg>
<arg>${json_data}</arg>
<doc>Logs the given message with the given level.</doc>
<status status="PASS" start="2024-06-09T18:18:21.711728" elapsed="0.000250"/>
</kw>
<kw name="Should Be String" owner="String">
<arg>${json_data['results'][0]['gender']}</arg>
<doc>Fails if the given ``item`` is not a string.</doc>
<status status="PASS" start="2024-06-09T18:18:21.712284" elapsed="0.000366"/>
</kw>
<kw name="Should Match Regexp" owner="BuiltIn">
<arg>${json_data['results'][0]['email']}</arg>
<arg>^[a-zA-Z0-9._%+-]+@[a-zA-Z0-9.-]+\.[a-zA-Z]{2,}$</arg>
<doc>Fails if ``string`` does not match ``pattern`` as a regular expression.</doc>
<status status="PASS" start="2024-06-09T18:18:21.712842" elapsed="0.000747"/>
</kw>
<kw name="Should Match Regexp" owner="BuiltIn">
<arg>${json_data['results'][0]['dob']['date']}</arg>
<arg>\\d{4}-\\d{2}-\\d{2}T\\d{2}:\\d{2}:\\d{2}\\.\\d{3}Z</arg>
<doc>Fails if ``string`` does not match ``pattern`` as a regular expression.</doc>
<status status="PASS" start="2024-06-09T18:18:21.713789" elapsed="0.000496"/>
</kw>
<kw name="Should Match Regexp" owner="BuiltIn">
<arg>${json_data['results'][0]['registered']['date']}</arg>
<arg>\\d{4}-\\d{2}-\\d{2}T\\d{2}:\\d{2}:\\d{2}\\.\\d{3}Z</arg>
<doc>Fails if ``string`` does not match ``pattern`` as a regular expression.</doc>
<status status="PASS" start="2024-06-09T18:18:21.714479" elapsed="0.000363"/>
</kw>
<kw name="Should Match Regexp" owner="BuiltIn">
<arg>${json_data['results'][0]['picture']['large']}</arg>
<arg>^https?://.*\.(?:png|jpe?g|gif|bmp)$</arg>
<doc>Fails if ``string`` does not match ``pattern`` as a regular expression.</doc>
<status status="PASS" start="2024-06-09T18:18:21.715032" elapsed="0.000463"/>
</kw>
<kw name="Should Match Regexp" owner="BuiltIn">
<arg>${json_data['results'][0]['picture']['medium']}</arg>
<arg>^https?://.*\.(?:png|jpe?g|gif|bmp)$</arg>
<doc>Fails if ``string`` does not match ``pattern`` as a regular expression.</doc>
<status status="PASS" start="2024-06-09T18:18:21.715686" elapsed="0.000351"/>
</kw>
<kw name="Should Match Regexp" owner="BuiltIn">
<arg>${json_data['results'][0]['picture']['thumbnail']}</arg>
<arg>^https?://.*\.(?:png|jpe?g|gif|bmp)$</arg>
<doc>Fails if ``string`` does not match ``pattern`` as a regular expression.</doc>
<status status="PASS" start="2024-06-09T18:18:21.716233" elapsed="0.000344"/>
</kw>
<kw name="Log" owner="BuiltIn">
<msg time="2024-06-09T18:18:21.717103" level="INFO">{'large': 'https://randomuser.me/api/portraits/men/54.jpg', 'medium': 'https://randomuser.me/api/portraits/med/men/54.jpg', 'thumbnail': 'https://randomuser.me/api/portraits/thumb/men/54.jpg'}</msg>
<arg>${json_data['results'][0]['picture']}</arg>
<doc>Logs the given message with the given level.</doc>
<status status="PASS" start="2024-06-09T18:18:21.716760" elapsed="0.000389"/>
</kw>
<status status="PASS" start="2024-06-09T18:18:21.633281" elapsed="0.084128"/>
</kw>
<kw name="Teste de Tipos de Dados - Postcode" owner="random-user-service">
<kw name="GET On Session" owner="RequestsLibrary">
<msg time="2024-06-09T18:18:21.818387" level="INFO">GET Request : url=https://randomuser.me/api 
 path_url=/api 
 headers={'User-Agent': 'python-requests/2.32.3', 'Accept-Encoding': 'gzip, deflate', 'Accept': '*/*', 'Connection': 'keep-alive'} 
 body=None 
 </msg>
<msg time="2024-06-09T18:18:21.818460" level="INFO">GET Response : url=https://randomuser.me/api 
 status=200, reason=OK 
 headers={'Date': 'Sun, 09 Jun 2024 18:18:21 GMT', 'Content-Type': 'application/json; charset=utf-8', 'Transfer-Encoding': 'chunked', 'Connection': 'keep-alive', 'X-Powered-By': 'Express', 'Access-Control-Allow-Origin': '*', 'Cache-Control': 'no-cache', 'ETag': 'W/"4a5-BWOAGYrqvFkWD+qR5ccoBcAhjN4"', 'Vary': 'Accept-Encoding', 'Content-Encoding': 'gzip', 'CF-Cache-Status': 'DYNAMIC', 'Report-To': '{"endpoints":[{"url":"https:\\/\\/a.nel.cloudflare.com\\/report\\/v4?s=bCtrsCdOTrXIQ7MkpnzIKzoYTMV2hd03nQco4PowmYFbblm3hluTWgxLAp2X0nnWlunrnh3fF7tja%2FZDU6bo3Rnhs5uniNI1MA2w9zDnsTi53issI%2BkZp2wmNLzz96gd"}],"group":"cf-nel","max_age":604800}', 'NEL': '{"success_fraction":0,"report_to":"cf-nel","max_age":604800}', 'Server': 'cloudflare', 'CF-RAY': '89131fadb8392f18-IAD', 'alt-svc': 'h3=":443"; ma=86400'} 
 body={"results":[{"gender":"female","name":{"title":"Ms","first":"Nella","last":"Kujala"},"location":{"street":{"number":8764,"name":"Tahmelantie"},"city":"Pornainen","state":"Central Ostrobothnia","country":"Finland","postcode":37124,"coordinates":{"latitude":"-22.1342","longitude":"151.9329"},"timezone":{"offset":"+1:00","description":"Brussels, Copenhagen, Madrid, Paris"}},"email":"nella.kujala@example.com","login":{"uuid":"a6e7eda1-4602-4ef4-9efa-b49b7193a4f9","username":"purplepeacock336","password":"vgirl","salt":"zck49rf4","md5":"418ce966e3422977223b943803c0f054","sha1":"db313bf20788a27c10ecb4604c09fd13d063070c","sha256":"90ae7f3920e5850c8679654f76f36af44f4d4614c7dea5c15840ef4f64feff6b"},"dob":{"date":"1978-01-06T04:58:19.295Z","age":46},"registered":{"date":"2017-02-03T21:49:55.673Z","age":7},"phone":"02-526-295","cell":"042-207-30-87","id":{"name":"HETU","value":"NaNNA154undefined"},"picture":{"large":"https://randomuser.me/api/portraits/women/47.jpg","medium":"https://randomuser.me/api/portraits/med/women/47.jpg","thumbnail":"https://randomuser.me/api/portraits/thumb/women/47.jpg"},"nat":"FI"}],"info":{"seed":"cededdfeb08bd13e","results":1,"page":1,"version":"1.4"}} 
 </msg>
<msg time="2024-06-09T18:18:21.818518" level="INFO">/opt/hostedtoolcache/Python/3.12.3/x64/lib/python3.12/site-packages/urllib3/connectionpool.py:1103: InsecureRequestWarning: Unverified HTTPS request is being made to host 'randomuser.me'. Adding certificate verification is strongly advised. See: https://urllib3.readthedocs.io/en/latest/advanced-usage.html#tls-warnings
  warnings.warn(</msg>
<msg time="2024-06-09T18:18:21.818623" level="INFO">${response} = &lt;Response [200]&gt;</msg>
<var>${response}</var>
<arg>consultarAPI</arg>
<arg>/api</arg>
<doc>Sends a GET request on a previously created HTTP Session.</doc>
<status status="PASS" start="2024-06-09T18:18:21.717863" elapsed="0.100797"/>
</kw>
<kw name="Set Variable" owner="BuiltIn">
<msg time="2024-06-09T18:18:21.819697" level="INFO">${json_data} = {'results': [{'gender': 'female', 'name': {'title': 'Ms', 'first': 'Nella', 'last': 'Kujala'}, 'location': {'street': {'number': 8764, 'name': 'Tahmelantie'}, 'city': 'Pornainen', 'state': 'Central Os...</msg>
<var>${json_data}</var>
<arg>${response.json()}</arg>
<doc>Returns the given values which can then be assigned to a variables.</doc>
<status status="PASS" start="2024-06-09T18:18:21.819155" elapsed="0.000572"/>
</kw>
<kw name="Log" owner="BuiltIn">
<msg time="2024-06-09T18:18:21.820183" level="INFO">{'results': [{'gender': 'female', 'name': {'title': 'Ms', 'first': 'Nella', 'last': 'Kujala'}, 'location': {'street': {'number': 8764, 'name': 'Tahmelantie'}, 'city': 'Pornainen', 'state': 'Central Ostrobothnia', 'country': 'Finland', 'postcode': 37124, 'coordinates': {'latitude': '-22.1342', 'longitude': '151.9329'}, 'timezone': {'offset': '+1:00', 'description': 'Brussels, Copenhagen, Madrid, Paris'}}, 'email': 'nella.kujala@example.com', 'login': {'uuid': 'a6e7eda1-4602-4ef4-9efa-b49b7193a4f9', 'username': 'purplepeacock336', 'password': 'vgirl', 'salt': 'zck49rf4', 'md5': '418ce966e3422977223b943803c0f054', 'sha1': 'db313bf20788a27c10ecb4604c09fd13d063070c', 'sha256': '90ae7f3920e5850c8679654f76f36af44f4d4614c7dea5c15840ef4f64feff6b'}, 'dob': {'date': '1978-01-06T04:58:19.295Z', 'age': 46}, 'registered': {'date': '2017-02-03T21:49:55.673Z', 'age': 7}, 'phone': '02-526-295', 'cell': '042-207-30-87', 'id': {'name': 'HETU', 'value': 'NaNNA154undefined'}, 'picture': {'large': 'https://randomuser.me/api/portraits/women/47.jpg', 'medium': 'https://randomuser.me/api/portraits/med/women/47.jpg', 'thumbnail': 'https://randomuser.me/api/portraits/thumb/women/47.jpg'}, 'nat': 'FI'}], 'info': {'seed': 'cededdfeb08bd13e', 'results': 1, 'page': 1, 'version': '1.4'}}</msg>
<arg>${json_data}</arg>
<doc>Logs the given message with the given level.</doc>
<status status="PASS" start="2024-06-09T18:18:21.820033" elapsed="0.000230"/>
</kw>
<kw name="Should Be Equal As Numbers" owner="BuiltIn">
<arg>${json_data['results'][0]['location']['postcode']}</arg>
<arg>${json_data['results'][0]['location']['postcode']}</arg>
<doc>Fails if objects are unequal after converting them to real numbers.</doc>
<status status="PASS" start="2024-06-09T18:18:21.820566" elapsed="0.000653"/>
</kw>
<kw name="Log" owner="BuiltIn">
<msg time="2024-06-09T18:18:21.821761" level="INFO">37124</msg>
<arg>${json_data['results'][0]['location']['postcode']}</arg>
<doc>Logs the given message with the given level.</doc>
<status status="PASS" start="2024-06-09T18:18:21.821419" elapsed="0.000382"/>
</kw>
<status status="PASS" start="2024-06-09T18:18:21.717636" elapsed="0.104419"/>
</kw>
<doc>Testa se os tipos de dados na resposta da API estão corretos.</doc>
<tag>testeTiposDados</tag>
<status status="PASS" start="2024-06-09T18:18:21.632706" elapsed="0.189514"/>
</test>
<test id="s1-s1-t5" name="Validar conteudo" line="35">
<kw name="Teste de Tipos de Conteudo" owner="random-user-service">
<kw name="GET On Session" owner="RequestsLibrary">
<msg time="2024-06-09T18:18:21.920139" level="INFO">GET Request : url=https://randomuser.me/api 
 path_url=/api 
 headers={'User-Agent': 'python-requests/2.32.3', 'Accept-Encoding': 'gzip, deflate', 'Accept': '*/*', 'Connection': 'keep-alive'} 
 body=None 
 </msg>
<msg time="2024-06-09T18:18:21.920223" level="INFO">GET Response : url=https://randomuser.me/api 
 status=200, reason=OK 
 headers={'Date': 'Sun, 09 Jun 2024 18:18:21 GMT', 'Content-Type': 'application/json; charset=utf-8', 'Transfer-Encoding': 'chunked', 'Connection': 'keep-alive', 'X-Powered-By': 'Express', 'Access-Control-Allow-Origin': '*', 'Cache-Control': 'no-cache', 'ETag': 'W/"48d-7LX8m3PZUhXLL4P6rocPbGnAeFM"', 'Vary': 'Accept-Encoding', 'Content-Encoding': 'gzip', 'CF-Cache-Status': 'DYNAMIC', 'Report-To': '{"endpoints":[{"url":"https:\\/\\/a.nel.cloudflare.com\\/report\\/v4?s=hCZSvN8BnRFzKWSwIBkmeTKg8NR9bkudCQWLTNTG1PA5Z48JMzrfEA6oZdZNApr7vyw5O%2F11IZwG1K3iwgY5edqB4%2BZBmoEhhiRDb56qg4wAhQywg9xZyDoDaF9R6c0I"}],"group":"cf-nel","max_age":604800}', 'NEL': '{"success_fraction":0,"report_to":"cf-nel","max_age":604800}', 'Server': 'cloudflare', 'CF-RAY': '89131fae68f12f18-IAD', 'alt-svc': 'h3=":443"; ma=86400'} 
 body={"results":[{"gender":"female","name":{"title":"Ms","first":"Iida","last":"Savela"},"location":{"street":{"number":1553,"name":"Hatanpään Valtatie"},"city":"Kittilä","state":"Central Finland","country":"Finland","postcode":72275,"coordinates":{"latitude":"-22.4254","longitude":"77.5373"},"timezone":{"offset":"-3:30","description":"Newfoundland"}},"email":"iida.savela@example.com","login":{"uuid":"5dc42250-b726-401c-8786-3cd651af10b4","username":"happyduck797","password":"laurent","salt":"EkxaeVHB","md5":"35a039451f670d87c747ccc096e15f98","sha1":"5d8312b9d8a2edd522df528e0dc4df5167d745ca","sha256":"aa085b4c61d1c549a04ceb3ff79d1a6f60811ad8cd5eb9f211caf4aafc51c323"},"dob":{"date":"1991-03-05T19:05:40.579Z","age":33},"registered":{"date":"2010-01-18T22:06:14.814Z","age":14},"phone":"02-690-072","cell":"041-612-22-14","id":{"name":"HETU","value":"NaNNA912undefined"},"picture":{"large":"https://randomuser.me/api/portraits/women/31.jpg","medium":"https://randomuser.me/api/portraits/med/women/31.jpg","thumbnail":"https://randomuser.me/api/portraits/thumb/women/31.jpg"},"nat":"FI"}],"info":{"seed":"feed11a0d6ad9f39","results":1,"page":1,"version":"1.4"}} 
 </msg>
<msg time="2024-06-09T18:18:21.920294" level="INFO">/opt/hostedtoolcache/Python/3.12.3/x64/lib/python3.12/site-packages/urllib3/connectionpool.py:1103: InsecureRequestWarning: Unverified HTTPS request is being made to host 'randomuser.me'. Adding certificate verification is strongly advised. See: https://urllib3.readthedocs.io/en/latest/advanced-usage.html#tls-warnings
  warnings.warn(</msg>
<msg time="2024-06-09T18:18:21.920407" level="INFO">${response} = &lt;Response [200]&gt;</msg>
<var>${response}</var>
<arg>consultarAPI</arg>
<arg>/api</arg>
<doc>Sends a GET request on a previously created HTTP Session.</doc>
<status status="PASS" start="2024-06-09T18:18:21.824767" elapsed="0.095674"/>
</kw>
<kw name="Set Variable" owner="BuiltIn">
<msg time="2024-06-09T18:18:21.921347" level="INFO">${json_data} = {'results': [{'gender': 'female', 'name': {'title': 'Ms', 'first': 'Iida', 'last': 'Savela'}, 'location': {'street': {'number': 1553, 'name': 'Hatanpään Valtatie'}, 'city': 'Kittilä', 'state': 'Centra...</msg>
<var>${json_data}</var>
<arg>${response.json()}</arg>
<doc>Returns the given values which can then be assigned to a variables.</doc>
<status status="PASS" start="2024-06-09T18:18:21.920851" elapsed="0.000527"/>
</kw>
<kw name="Set Variable" owner="BuiltIn">
<msg time="2024-06-09T18:18:21.922064" level="INFO">${name_title} = Ms</msg>
<var>${name_title}</var>
<arg>${json_data["results"][0]["name"]["title"]}</arg>
<doc>Returns the given values which can then be assigned to a variables.</doc>
<status status="PASS" start="2024-06-09T18:18:21.921681" elapsed="0.000409"/>
</kw>
<kw name="Create List" owner="BuiltIn">
<msg time="2024-06-09T18:18:21.922541" level="INFO">${allowed_titles} = ['Mr', 'Ms', 'Miss', 'Mrs', 'Madame', 'Monsieur']</msg>
<var>${allowed_titles}</var>
<arg>Mr</arg>
<arg>Ms</arg>
<arg>Miss</arg>
<arg>Mrs</arg>
<arg>Madame</arg>
<arg>Monsieur</arg>
<doc>Returns a list containing given items.</doc>
<status status="PASS" start="2024-06-09T18:18:21.922390" elapsed="0.000175"/>
</kw>
<kw name="List Should Contain Value" owner="Collections">
<msg time="2024-06-09T18:18:21.923042" level="INFO">False</msg>
<arg>${allowed_titles}</arg>
<arg>${name_title}</arg>
<doc>Fails if the ``value`` is not found from ``list``.</doc>
<status status="PASS" start="2024-06-09T18:18:21.922868" elapsed="0.000211"/>
</kw>
<kw name="Set Variable" owner="BuiltIn">
<msg time="2024-06-09T18:18:21.923899" level="INFO">${name_country} = FI</msg>
<var>${name_country}</var>
<arg>${json_data["results"][0]["nat"]}</arg>
<doc>Returns the given values which can then be assigned to a variables.</doc>
<status status="PASS" start="2024-06-09T18:18:21.923372" elapsed="0.000552"/>
</kw>
<kw name="Create List" owner="BuiltIn">
<msg time="2024-06-09T18:18:21.924836" level="INFO">${list_country} = ['AD', 'AE', 'AF', 'AG', 'AI', 'AL', 'AM', 'AO', 'AQ', 'AR', 'AS', 'AT', 'AU', 'AW', 'AX', 'AZ', 'BA', 'BB', 'BD', 'BE', 'BF', 'BG', 'BH', 'BI', 'BJ', 'BL', 'BM', 'BN', 'BO', 'BQ', 'BR', 'BS', 'BT', '...</msg>
<var>${list_country}</var>
<arg>AD</arg>
<arg>AE</arg>
<arg>AF</arg>
<arg>AG</arg>
<arg>AI</arg>
<arg>AL</arg>
<arg>AM</arg>
<arg>AO</arg>
<arg>AQ</arg>
<arg>AR</arg>
<arg>AS</arg>
<arg>AT</arg>
<arg>AU</arg>
<arg>AW</arg>
<arg>AX</arg>
<arg>AZ</arg>
<arg>BA</arg>
<arg>BB</arg>
<arg>BD</arg>
<arg>BE</arg>
<arg>BF</arg>
<arg>BG</arg>
<arg>BH</arg>
<arg>BI</arg>
<arg>BJ</arg>
<arg>BL</arg>
<arg>BM</arg>
<arg>BN</arg>
<arg>BO</arg>
<arg>BQ</arg>
<arg>BR</arg>
<arg>BS</arg>
<arg>BT</arg>
<arg>BV</arg>
<arg>BW</arg>
<arg>BY</arg>
<arg>BZ</arg>
<arg>CA</arg>
<arg>CC</arg>
<arg>CD</arg>
<arg>CF</arg>
<arg>CG</arg>
<arg>CH</arg>
<arg>CI</arg>
<arg>CK</arg>
<arg>CL</arg>
<arg>CM</arg>
<arg>CN</arg>
<arg>CO</arg>
<arg>CR</arg>
<arg>CU</arg>
<arg>CV</arg>
<arg>CW</arg>
<arg>CX</arg>
<arg>CY</arg>
<arg>CZ</arg>
<arg>DE</arg>
<arg>DJ</arg>
<arg>DK</arg>
<arg>DM</arg>
<arg>DO</arg>
<arg>DZ</arg>
<arg>EC</arg>
<arg>EE</arg>
<arg>EG</arg>
<arg>EH</arg>
<arg>ER</arg>
<arg>ES</arg>
<arg>ET</arg>
<arg>FI</arg>
<arg>FJ</arg>
<arg>FK</arg>
<arg>FM</arg>
<arg>FO</arg>
<arg>FR</arg>
<arg>GA</arg>
<arg>GB</arg>
<arg>GD</arg>
<arg>GE</arg>
<arg>GF</arg>
<arg>GG</arg>
<arg>GH</arg>
<arg>GI</arg>
<arg>GL</arg>
<arg>GM</arg>
<arg>GN</arg>
<arg>GP</arg>
<arg>GQ</arg>
<arg>GR</arg>
<arg>GS</arg>
<arg>GT</arg>
<arg>GU</arg>
<arg>GW</arg>
<arg>GY</arg>
<arg>HK</arg>
<arg>HM</arg>
<arg>HN</arg>
<arg>HR</arg>
<arg>HT</arg>
<arg>HU</arg>
<arg>ID</arg>
<arg>IE</arg>
<arg>IL</arg>
<arg>IM</arg>
<arg>IN</arg>
<arg>IO</arg>
<arg>IQ</arg>
<arg>IR</arg>
<arg>IS</arg>
<arg>IT</arg>
<arg>JE</arg>
<arg>JM</arg>
<arg>JO</arg>
<arg>JP</arg>
<arg>KE</arg>
<arg>KG</arg>
<arg>KH</arg>
<arg>KI</arg>
<arg>KM</arg>
<arg>KN</arg>
<arg>KP</arg>
<arg>KR</arg>
<arg>KW</arg>
<arg>KY</arg>
<arg>KZ</arg>
<arg>LA</arg>
<arg>LB</arg>
<arg>LC</arg>
<arg>LI</arg>
<arg>LK</arg>
<arg>LR</arg>
<arg>LS</arg>
<arg>LT</arg>
<arg>LU</arg>
<arg>LV</arg>
<arg>LY</arg>
<arg>MA</arg>
<arg>MC</arg>
<arg>MD</arg>
<arg>ME</arg>
<arg>MF</arg>
<arg>MG</arg>
<arg>MH</arg>
<arg>MK</arg>
<arg>ML</arg>
<arg>MM</arg>
<arg>MN</arg>
<arg>MO</arg>
<arg>MP</arg>
<arg>MQ</arg>
<arg>MR</arg>
<arg>MS</arg>
<arg>MT</arg>
<arg>MU</arg>
<arg>MV</arg>
<arg>MW</arg>
<arg>MX</arg>
<arg>MY</arg>
<arg>MZ</arg>
<arg>NA</arg>
<arg>NC</arg>
<arg>NE</arg>
<arg>NF</arg>
<arg>NG</arg>
<arg>NI</arg>
<arg>NL</arg>
<arg>NO</arg>
<arg>NP</arg>
<arg>NR</arg>
<arg>NU</arg>
<arg>NZ</arg>
<arg>OM</arg>
<arg>PA</arg>
<arg>PE</arg>
<arg>PF</arg>
<arg>PG</arg>
<arg>PH</arg>
<arg>PK</arg>
<arg>PL</arg>
<arg>PM</arg>
<arg>PN</arg>
<arg>PR</arg>
<arg>PS</arg>
<arg>PT</arg>
<arg>PW</arg>
<arg>PY</arg>
<arg>QA</arg>
<arg>RE</arg>
<arg>RO</arg>
<arg>RS</arg>
<arg>RU</arg>
<arg>RW</arg>
<arg>SA</arg>
<arg>SB</arg>
<arg>SC</arg>
<arg>SD</arg>
<arg>SE</arg>
<arg>SG</arg>
<arg>SH</arg>
<arg>SI</arg>
<arg>SJ</arg>
<arg>SK</arg>
<arg>SL</arg>
<arg>SM</arg>
<arg>SN</arg>
<arg>SO</arg>
<arg>SR</arg>
<arg>SS</arg>
<arg>ST</arg>
<arg>SV</arg>
<arg>SX</arg>
<arg>SY</arg>
<arg>SZ</arg>
<arg>TC</arg>
<arg>TD</arg>
<arg>TF</arg>
<arg>TG</arg>
<arg>TH</arg>
<arg>TJ</arg>
<arg>TK</arg>
<arg>TL</arg>
<arg>TM</arg>
<arg>TN</arg>
<arg>TO</arg>
<arg>TR</arg>
<arg>TT</arg>
<arg>TV</arg>
<arg>TW</arg>
<arg>TZ</arg>
<arg>UA</arg>
<arg>UG</arg>
<arg>UM</arg>
<arg>US</arg>
<arg>UY</arg>
<arg>UZ</arg>
<arg>VA</arg>
<arg>VC</arg>
<arg>VE</arg>
<arg>VG</arg>
<arg>VI</arg>
<arg>VN</arg>
<arg>VU</arg>
<arg>WF</arg>
<arg>WS</arg>
<arg>XK</arg>
<arg>YE</arg>
<arg>YT</arg>
<arg>ZA</arg>
<arg>ZM</arg>
<arg>ZW</arg>
<doc>Returns a list containing given items.</doc>
<status status="PASS" start="2024-06-09T18:18:21.924241" elapsed="0.000620"/>
</kw>
<kw name="List Should Contain Value" owner="Collections">
<msg time="2024-06-09T18:18:21.925892" level="INFO">False</msg>
<arg>${list_country}</arg>
<arg>${name_country}</arg>
<doc>Fails if the ``value`` is not found from ``list``.</doc>
<status status="PASS" start="2024-06-09T18:18:21.925686" elapsed="0.000242"/>
</kw>
<kw name="Run Keyword If" owner="BuiltIn">
<kw name="Should Be True" owner="BuiltIn">
<arg>${True}</arg>
<doc>Fails if the given condition is not true.</doc>
<status status="PASS" start="2024-06-09T18:18:21.927009" elapsed="0.000146"/>
</kw>
<arg>${json_data["results"][0]["location"]["coordinates"]["latitude"]} &gt;= -90 and ${json_data["results"][0]["location"]["coordinates"]["latitude"]} &lt;= 90</arg>
<arg>Should Be True</arg>
<arg>${True}</arg>
<doc>Runs the given keyword with the given arguments, if ``condition`` is true.</doc>
<status status="PASS" start="2024-06-09T18:18:21.926244" elapsed="0.001040"/>
</kw>
<kw name="Run Keyword If" owner="BuiltIn">
<kw name="Should Be True" owner="BuiltIn">
<arg>${True}</arg>
<doc>Fails if the given condition is not true.</doc>
<status status="PASS" start="2024-06-09T18:18:21.928170" elapsed="0.000137"/>
</kw>
<arg>${json_data["results"][0]["location"]["coordinates"]["longitude"]} &gt;= -180 and ${json_data["results"][0]["location"]["coordinates"]["longitude"]} &lt;= 180</arg>
<arg>Should Be True</arg>
<arg>${True}</arg>
<doc>Runs the given keyword with the given arguments, if ``condition`` is true.</doc>
<status status="PASS" start="2024-06-09T18:18:21.927475" elapsed="0.000962"/>
</kw>
<status status="PASS" start="2024-06-09T18:18:21.824508" elapsed="0.104068"/>
</kw>
<doc>Testa o conteúdo específico dos campos retornados pela API.</doc>
<tag>testeConteudo</tag>
<status status="PASS" start="2024-06-09T18:18:21.823958" elapsed="0.104763"/>
</test>
<status status="PASS" start="2024-06-09T18:18:20.918748" elapsed="1.011890"/>
</suite>
<status status="PASS" start="2024-06-09T18:18:20.905191" elapsed="1.030558"/>
</suite>
<statistics>
<total>
<stat pass="5" fail="0" skip="0">All Tests</stat>
</total>
<tag>
<stat pass="1" fail="0" skip="0">testeConteudo</stat>
<stat pass="1" fail="0" skip="0">testeEstruturaResposta</stat>
<stat pass="1" fail="0" skip="0">testeRequisicaoBasica</stat>
<stat pass="1" fail="0" skip="0">testeTiposDados</stat>
</tag>
<suite>
<stat pass="5" fail="0" skip="0" id="s1" name="Tests">Tests</stat>
<stat pass="5" fail="0" skip="0" id="s1-s1" name="Random-User-Test">Tests.Random-User-Test</stat>
</suite>
</statistics>
<errors>
</errors>
</robot>
