<?xml version="1.0" encoding="UTF-8"?>
<robot generator="Robot 7.0 (Python 3.12.3 on linux)" generated="2024-05-10T09:15:17.182559" rpa="false" schemaversion="5">
<suite id="s1" name="Tests" source="/home/runner/work/DesafioQAItauRogerioJordao/DesafioQAItauRogerioJordao/RamdonUser/tests">
<suite id="s1-s1" name="Random-User-Test" source="/home/runner/work/DesafioQAItauRogerioJordao/DesafioQAItauRogerioJordao/RamdonUser/tests/random-user-test.robot">
<test id="s1-s1-t1" name="Conectar" line="13">
<kw name="Conectar API" owner="random-user-service">
<kw name="Create Session" owner="RequestsLibrary">
<msg time="2024-05-10T09:15:17.557333" level="INFO">Creating Session using : alias=consultarAPI, url=https://randomuser.me/, headers={},                     cookies={}, auth=None, timeout=None, proxies=None, verify=False,                     debug=0 </msg>
<arg>consultarAPI</arg>
<arg>${URL}</arg>
<doc>Create Session: create a HTTP session to a server</doc>
<status status="PASS" start="2024-05-10T09:15:17.557120" elapsed="0.000412"/>
</kw>
<status status="PASS" start="2024-05-10T09:15:17.556060" elapsed="0.001836"/>
</kw>
<status status="PASS" start="2024-05-10T09:15:17.555407" elapsed="0.002685"/>
</test>
<test id="s1-s1-t2" name="Validar retorno 200 e JSON Válido" line="16">
<kw name="Teste de Requisicao Basica" owner="random-user-service">
<kw name="GET On Session" owner="RequestsLibrary">
<msg time="2024-05-10T09:15:17.640234" level="INFO">GET Request : url=https://randomuser.me/api 
 path_url=/api 
 headers={'User-Agent': 'python-requests/2.31.0', 'Accept-Encoding': 'gzip, deflate', 'Accept': '*/*', 'Connection': 'keep-alive'} 
 body=None 
 </msg>
<msg time="2024-05-10T09:15:17.640391" level="INFO">GET Response : url=https://randomuser.me/api 
 status=200, reason=OK 
 headers={'Date': 'Fri, 10 May 2024 09:15:17 GMT', 'Content-Type': 'application/json; charset=utf-8', 'Transfer-Encoding': 'chunked', 'Connection': 'keep-alive', 'X-Powered-By': 'Express', 'Access-Control-Allow-Origin': '*', 'Cache-Control': 'no-cache', 'ETag': 'W/"485-2SiBaupRr8yNDC0wL8dMXMKOPXU"', 'Vary': 'Accept-Encoding', 'Content-Encoding': 'gzip', 'CF-Cache-Status': 'DYNAMIC', 'Report-To': '{"endpoints":[{"url":"https:\\/\\/a.nel.cloudflare.com\\/report\\/v4?s=%2BxBowey5ViFYAOgmugFHtXMsYHHR1MU4XCZFfGaPkozeVEzFTt0w4LCUDxvXNQRJzXjRloPD6dyOHY2uh3C1VKNng3N4P6U6wR0%2FN6TR%2Bl3eKAbl%2F4RN80nO%2BlY4pggE"}],"group":"cf-nel","max_age":604800}', 'NEL': '{"success_fraction":0,"report_to":"cf-nel","max_age":604800}', 'Server': 'cloudflare', 'CF-RAY': '8818d2eafbe628f8-ORD', 'alt-svc': 'h3=":443"; ma=86400'} 
 body={"results":[{"gender":"female","name":{"title":"Mrs","first":"Izzie","last":"Williams"},"location":{"street":{"number":6442,"name":"Springfield Road"},"city":"Oranmore","state":"Louth","country":"Ireland","postcode":46756,"coordinates":{"latitude":"4.1353","longitude":"167.9673"},"timezone":{"offset":"+7:00","description":"Bangkok, Hanoi, Jakarta"}},"email":"izzie.williams@example.com","login":{"uuid":"7f5dacb9-6c03-4e5e-92b1-96cb78e37ca4","username":"bigmeercat457","password":"puffy","salt":"Vbp3v4Ji","md5":"88acf4e2d56c825a604b8f09d3b54595","sha1":"c3e4c31b15a5010514368d03aa0ac54be2dd8d71","sha256":"dd53a3a8baae9668563eb1c4d76da14099a86699c02c29e9cfc4d64327f480e6"},"dob":{"date":"1989-01-15T15:46:11.745Z","age":35},"registered":{"date":"2016-03-16T12:30:17.077Z","age":8},"phone":"041-824-7631","cell":"081-656-1292","id":{"name":"PPS","value":"2400062T"},"picture":{"large":"https://randomuser.me/api/portraits/women/43.jpg","medium":"https://randomuser.me/api/portraits/med/women/43.jpg","thumbnail":"https://randomuser.me/api/portraits/thumb/women/43.jpg"},"nat":"IE"}],"info":{"seed":"ea731fea1c024bd8","results":1,"page":1,"version":"1.4"}} 
 </msg>
<msg time="2024-05-10T09:15:17.640473" level="INFO">/opt/hostedtoolcache/Python/3.12.3/x64/lib/python3.12/site-packages/urllib3/connectionpool.py:1103: InsecureRequestWarning: Unverified HTTPS request is being made to host 'randomuser.me'. Adding certificate verification is strongly advised. See: https://urllib3.readthedocs.io/en/latest/advanced-usage.html#tls-warnings
  warnings.warn(</msg>
<msg time="2024-05-10T09:15:17.640635" level="INFO">${response} = &lt;Response [200]&gt;</msg>
<var>${response}</var>
<arg>consultarAPI</arg>
<arg>/api</arg>
<doc>Sends a GET request on a previously created HTTP Session.</doc>
<status status="PASS" start="2024-05-10T09:15:17.560868" elapsed="0.079808"/>
</kw>
<kw name="Should Be Equal As Numbers" owner="BuiltIn">
<msg time="2024-05-10T09:15:17.641706" level="INFO">Argument types are:
&lt;class 'int'&gt;
&lt;class 'str'&gt;</msg>
<arg>${response.status_code}</arg>
<arg>200</arg>
<doc>Fails if objects are unequal after converting them to real numbers.</doc>
<status status="PASS" start="2024-05-10T09:15:17.641246" elapsed="0.000527"/>
</kw>
<kw name="Log" owner="BuiltIn">
<msg time="2024-05-10T09:15:17.642495" level="INFO">200</msg>
<arg>${response.status_code}</arg>
<doc>Logs the given message with the given level.</doc>
<status status="PASS" start="2024-05-10T09:15:17.642135" elapsed="0.000401"/>
</kw>
<kw name="Set Variable" owner="BuiltIn">
<msg time="2024-05-10T09:15:17.643279" level="INFO">${json_data} = {'results': [{'gender': 'female', 'name': {'title': 'Mrs', 'first': 'Izzie', 'last': 'Williams'}, 'location': {'street': {'number': 6442, 'name': 'Springfield Road'}, 'city': 'Oranmore', 'state': 'Lou...</msg>
<var>${json_data}</var>
<arg>${response.json()}</arg>
<doc>Returns the given values which can then be assigned to a variables.</doc>
<status status="PASS" start="2024-05-10T09:15:17.642841" elapsed="0.000466"/>
</kw>
<kw name="Dictionary Should Contain Key" owner="Collections">
<msg time="2024-05-10T09:15:17.643769" level="INFO">False</msg>
<arg>${json_data}</arg>
<arg>results</arg>
<doc>Fails if ``key`` is not found from ``dictionary``.</doc>
<status status="PASS" start="2024-05-10T09:15:17.643604" elapsed="0.000203"/>
</kw>
<status status="PASS" start="2024-05-10T09:15:17.560606" elapsed="0.083455"/>
</kw>
<doc>Testa se a API responde corretamente e retorna um objeto JSON válido.</doc>
<tag>testeRequisicaoBasica</tag>
<status status="PASS" start="2024-05-10T09:15:17.560052" elapsed="0.084191"/>
</test>
<test id="s1-s1-t3" name="Validar estrutura de resposta" line="22">
<kw name="Teste de Estrutura de Resposta" owner="random-user-service">
<kw name="GET On Session" owner="RequestsLibrary">
<msg time="2024-05-10T09:15:17.755974" level="INFO">GET Request : url=https://randomuser.me/api 
 path_url=/api 
 headers={'User-Agent': 'python-requests/2.31.0', 'Accept-Encoding': 'gzip, deflate', 'Accept': '*/*', 'Connection': 'keep-alive'} 
 body=None 
 </msg>
<msg time="2024-05-10T09:15:17.756103" level="INFO">GET Response : url=https://randomuser.me/api 
 status=200, reason=OK 
 headers={'Date': 'Fri, 10 May 2024 09:15:17 GMT', 'Content-Type': 'application/json; charset=utf-8', 'Transfer-Encoding': 'chunked', 'Connection': 'keep-alive', 'X-Powered-By': 'Express', 'Access-Control-Allow-Origin': '*', 'Cache-Control': 'no-cache', 'ETag': 'W/"475-HLPbBnUb5XPYOUXv40ApYtxCztI"', 'Vary': 'Accept-Encoding', 'Content-Encoding': 'gzip', 'CF-Cache-Status': 'DYNAMIC', 'Report-To': '{"endpoints":[{"url":"https:\\/\\/a.nel.cloudflare.com\\/report\\/v4?s=O6MWjBhZgU5jAaYnlofUEcE3sBvskmlYaGzUfrXIFvkAmxr4kximtw1F5lGt%2BhRwydt4AKe6rBEp1pAqDcnQMQIoKmxPnn1250y89Z15poMGe%2BJc5e1wflH4aXUeNHf%2B"}],"group":"cf-nel","max_age":604800}', 'NEL': '{"success_fraction":0,"report_to":"cf-nel","max_age":604800}', 'Server': 'cloudflare', 'CF-RAY': '8818d2eb4c2828f8-ORD', 'alt-svc': 'h3=":443"; ma=86400'} 
 body={"results":[{"gender":"female","name":{"title":"Miss","first":"Ece","last":"Kulaksızoğlu"},"location":{"street":{"number":333,"name":"Mevlana Cd"},"city":"Sinop","state":"Kütahya","country":"Turkey","postcode":57715,"coordinates":{"latitude":"71.1032","longitude":"76.3283"},"timezone":{"offset":"-2:00","description":"Mid-Atlantic"}},"email":"ece.kulaksizoglu@example.com","login":{"uuid":"68560eb8-801b-4f51-8928-fe78e53f0e2c","username":"lazywolf923","password":"buffett","salt":"bhR0veaJ","md5":"d0c874a99e70e3f7d4dadf3e4d9c2cba","sha1":"d6e5919a3baab081c29a679dd6eb2ab346f06eda","sha256":"2825680a42e15ace68204762153973e9d5beb299656b579f40f4814108a792b9"},"dob":{"date":"1969-09-20T20:17:25.366Z","age":54},"registered":{"date":"2012-05-23T20:10:45.423Z","age":11},"phone":"(329)-091-7346","cell":"(947)-798-6876","id":{"name":"","value":null},"picture":{"large":"https://randomuser.me/api/portraits/women/86.jpg","medium":"https://randomuser.me/api/portraits/med/women/86.jpg","thumbnail":"https://randomuser.me/api/portraits/thumb/women/86.jpg"},"nat":"TR"}],"info":{"seed":"e0610a0a125472a9","results":1,"page":1,"version":"1.4"}} 
 </msg>
<msg time="2024-05-10T09:15:17.756256" level="INFO">/opt/hostedtoolcache/Python/3.12.3/x64/lib/python3.12/site-packages/urllib3/connectionpool.py:1103: InsecureRequestWarning: Unverified HTTPS request is being made to host 'randomuser.me'. Adding certificate verification is strongly advised. See: https://urllib3.readthedocs.io/en/latest/advanced-usage.html#tls-warnings
  warnings.warn(</msg>
<msg time="2024-05-10T09:15:17.756431" level="INFO">${response} = &lt;Response [200]&gt;</msg>
<var>${response}</var>
<arg>consultarAPI</arg>
<arg>/api</arg>
<doc>Sends a GET request on a previously created HTTP Session.</doc>
<status status="PASS" start="2024-05-10T09:15:17.646837" elapsed="0.109644"/>
</kw>
<kw name="Set Variable" owner="BuiltIn">
<msg time="2024-05-10T09:15:17.757639" level="INFO">${json_data} = {'results': [{'gender': 'female', 'name': {'title': 'Miss', 'first': 'Ece', 'last': 'Kulaksızoğlu'}, 'location': {'street': {'number': 333, 'name': 'Mevlana Cd'}, 'city': 'Sinop', 'state': 'Kütahya', ...</msg>
<var>${json_data}</var>
<arg>${response.json()}</arg>
<doc>Returns the given values which can then be assigned to a variables.</doc>
<status status="PASS" start="2024-05-10T09:15:17.757038" elapsed="0.000633"/>
</kw>
<kw name="Log" owner="BuiltIn">
<msg time="2024-05-10T09:15:17.758242" level="INFO">{'results': [{'gender': 'female', 'name': {'title': 'Miss', 'first': 'Ece', 'last': 'Kulaksızoğlu'}, 'location': {'street': {'number': 333, 'name': 'Mevlana Cd'}, 'city': 'Sinop', 'state': 'Kütahya', 'country': 'Turkey', 'postcode': 57715, 'coordinates': {'latitude': '71.1032', 'longitude': '76.3283'}, 'timezone': {'offset': '-2:00', 'description': 'Mid-Atlantic'}}, 'email': 'ece.kulaksizoglu@example.com', 'login': {'uuid': '68560eb8-801b-4f51-8928-fe78e53f0e2c', 'username': 'lazywolf923', 'password': 'buffett', 'salt': 'bhR0veaJ', 'md5': 'd0c874a99e70e3f7d4dadf3e4d9c2cba', 'sha1': 'd6e5919a3baab081c29a679dd6eb2ab346f06eda', 'sha256': '2825680a42e15ace68204762153973e9d5beb299656b579f40f4814108a792b9'}, 'dob': {'date': '1969-09-20T20:17:25.366Z', 'age': 54}, 'registered': {'date': '2012-05-23T20:10:45.423Z', 'age': 11}, 'phone': '(329)-091-7346', 'cell': '(947)-798-6876', 'id': {'name': '', 'value': None}, 'picture': {'large': 'https://randomuser.me/api/portraits/women/86.jpg', 'medium': 'https://randomuser.me/api/portraits/med/women/86.jpg', 'thumbnail': 'https://randomuser.me/api/portraits/thumb/women/86.jpg'}, 'nat': 'TR'}], 'info': {'seed': 'e0610a0a125472a9', 'results': 1, 'page': 1, 'version': '1.4'}}</msg>
<arg>${json_data}</arg>
<doc>Logs the given message with the given level.</doc>
<status status="PASS" start="2024-05-10T09:15:17.758047" elapsed="0.000251"/>
</kw>
<kw name="Dictionary Should Contain Key" owner="Collections">
<msg time="2024-05-10T09:15:17.758812" level="INFO">False</msg>
<arg>${json_data}</arg>
<arg>results</arg>
<doc>Fails if ``key`` is not found from ``dictionary``.</doc>
<status status="PASS" start="2024-05-10T09:15:17.758641" elapsed="0.000212"/>
</kw>
<kw name="Should Not Be Empty" owner="BuiltIn">
<msg time="2024-05-10T09:15:17.759312" level="INFO">Length is 2.</msg>
<arg>${json_data}</arg>
<doc>Verifies that the given item is not empty.</doc>
<status status="PASS" start="2024-05-10T09:15:17.759170" elapsed="0.000183"/>
</kw>
<kw name="Create List" owner="BuiltIn">
<msg time="2024-05-10T09:15:17.759989" level="INFO">${expected_keys} = ['gender', 'name', 'location', 'email', 'login']</msg>
<var>${expected_keys}</var>
<arg>gender</arg>
<arg>name</arg>
<arg>location</arg>
<arg>email</arg>
<arg>login</arg>
<doc>Returns a list containing given items.</doc>
<status status="PASS" start="2024-05-10T09:15:17.759660" elapsed="0.000355"/>
</kw>
<for flavor="IN">
<iter>
<kw name="Dictionary Should Contain Key" owner="Collections">
<msg time="2024-05-10T09:15:17.761112" level="INFO">False</msg>
<arg>${json_data['results'][0]}</arg>
<arg>${key}</arg>
<doc>Fails if ``key`` is not found from ``dictionary``.</doc>
<status status="PASS" start="2024-05-10T09:15:17.760642" elapsed="0.000509"/>
</kw>
<kw name="Log" owner="BuiltIn">
<msg time="2024-05-10T09:15:17.761854" level="INFO">{'gender': 'female', 'name': {'title': 'Miss', 'first': 'Ece', 'last': 'Kulaksızoğlu'}, 'location': {'street': {'number': 333, 'name': 'Mevlana Cd'}, 'city': 'Sinop', 'state': 'Kütahya', 'country': 'Turkey', 'postcode': 57715, 'coordinates': {'latitude': '71.1032', 'longitude': '76.3283'}, 'timezone': {'offset': '-2:00', 'description': 'Mid-Atlantic'}}, 'email': 'ece.kulaksizoglu@example.com', 'login': {'uuid': '68560eb8-801b-4f51-8928-fe78e53f0e2c', 'username': 'lazywolf923', 'password': 'buffett', 'salt': 'bhR0veaJ', 'md5': 'd0c874a99e70e3f7d4dadf3e4d9c2cba', 'sha1': 'd6e5919a3baab081c29a679dd6eb2ab346f06eda', 'sha256': '2825680a42e15ace68204762153973e9d5beb299656b579f40f4814108a792b9'}, 'dob': {'date': '1969-09-20T20:17:25.366Z', 'age': 54}, 'registered': {'date': '2012-05-23T20:10:45.423Z', 'age': 11}, 'phone': '(329)-091-7346', 'cell': '(947)-798-6876', 'id': {'name': '', 'value': None}, 'picture': {'large': 'https://randomuser.me/api/portraits/women/86.jpg', 'medium': 'https://randomuser.me/api/portraits/med/women/86.jpg', 'thumbnail': 'https://randomuser.me/api/portraits/thumb/women/86.jpg'}, 'nat': 'TR'}</msg>
<arg>${json_data['results'][0]}</arg>
<doc>Logs the given message with the given level.</doc>
<status status="PASS" start="2024-05-10T09:15:17.761457" elapsed="0.000452"/>
</kw>
<kw name="Log" owner="BuiltIn">
<msg time="2024-05-10T09:15:17.762356" level="INFO">gender</msg>
<arg>${key}</arg>
<doc>Logs the given message with the given level.</doc>
<status status="PASS" start="2024-05-10T09:15:17.762222" elapsed="0.000172"/>
</kw>
<var name="${key}">gender</var>
<status status="PASS" start="2024-05-10T09:15:17.760507" elapsed="0.002109"/>
</iter>
<iter>
<kw name="Dictionary Should Contain Key" owner="Collections">
<msg time="2024-05-10T09:15:17.763347" level="INFO">False</msg>
<arg>${json_data['results'][0]}</arg>
<arg>${key}</arg>
<doc>Fails if ``key`` is not found from ``dictionary``.</doc>
<status status="PASS" start="2024-05-10T09:15:17.762935" elapsed="0.000450"/>
</kw>
<kw name="Log" owner="BuiltIn">
<msg time="2024-05-10T09:15:17.764097" level="INFO">{'gender': 'female', 'name': {'title': 'Miss', 'first': 'Ece', 'last': 'Kulaksızoğlu'}, 'location': {'street': {'number': 333, 'name': 'Mevlana Cd'}, 'city': 'Sinop', 'state': 'Kütahya', 'country': 'Turkey', 'postcode': 57715, 'coordinates': {'latitude': '71.1032', 'longitude': '76.3283'}, 'timezone': {'offset': '-2:00', 'description': 'Mid-Atlantic'}}, 'email': 'ece.kulaksizoglu@example.com', 'login': {'uuid': '68560eb8-801b-4f51-8928-fe78e53f0e2c', 'username': 'lazywolf923', 'password': 'buffett', 'salt': 'bhR0veaJ', 'md5': 'd0c874a99e70e3f7d4dadf3e4d9c2cba', 'sha1': 'd6e5919a3baab081c29a679dd6eb2ab346f06eda', 'sha256': '2825680a42e15ace68204762153973e9d5beb299656b579f40f4814108a792b9'}, 'dob': {'date': '1969-09-20T20:17:25.366Z', 'age': 54}, 'registered': {'date': '2012-05-23T20:10:45.423Z', 'age': 11}, 'phone': '(329)-091-7346', 'cell': '(947)-798-6876', 'id': {'name': '', 'value': None}, 'picture': {'large': 'https://randomuser.me/api/portraits/women/86.jpg', 'medium': 'https://randomuser.me/api/portraits/med/women/86.jpg', 'thumbnail': 'https://randomuser.me/api/portraits/thumb/women/86.jpg'}, 'nat': 'TR'}</msg>
<arg>${json_data['results'][0]}</arg>
<doc>Logs the given message with the given level.</doc>
<status status="PASS" start="2024-05-10T09:15:17.763718" elapsed="0.000431"/>
</kw>
<kw name="Log" owner="BuiltIn">
<msg time="2024-05-10T09:15:17.764581" level="INFO">name</msg>
<arg>${key}</arg>
<doc>Logs the given message with the given level.</doc>
<status status="PASS" start="2024-05-10T09:15:17.764452" elapsed="0.000168"/>
</kw>
<var name="${key}">name</var>
<status status="PASS" start="2024-05-10T09:15:17.762817" elapsed="0.002023"/>
</iter>
<iter>
<kw name="Dictionary Should Contain Key" owner="Collections">
<msg time="2024-05-10T09:15:17.765580" level="INFO">False</msg>
<arg>${json_data['results'][0]}</arg>
<arg>${key}</arg>
<doc>Fails if ``key`` is not found from ``dictionary``.</doc>
<status status="PASS" start="2024-05-10T09:15:17.765179" elapsed="0.000440"/>
</kw>
<kw name="Log" owner="BuiltIn">
<msg time="2024-05-10T09:15:17.766298" level="INFO">{'gender': 'female', 'name': {'title': 'Miss', 'first': 'Ece', 'last': 'Kulaksızoğlu'}, 'location': {'street': {'number': 333, 'name': 'Mevlana Cd'}, 'city': 'Sinop', 'state': 'Kütahya', 'country': 'Turkey', 'postcode': 57715, 'coordinates': {'latitude': '71.1032', 'longitude': '76.3283'}, 'timezone': {'offset': '-2:00', 'description': 'Mid-Atlantic'}}, 'email': 'ece.kulaksizoglu@example.com', 'login': {'uuid': '68560eb8-801b-4f51-8928-fe78e53f0e2c', 'username': 'lazywolf923', 'password': 'buffett', 'salt': 'bhR0veaJ', 'md5': 'd0c874a99e70e3f7d4dadf3e4d9c2cba', 'sha1': 'd6e5919a3baab081c29a679dd6eb2ab346f06eda', 'sha256': '2825680a42e15ace68204762153973e9d5beb299656b579f40f4814108a792b9'}, 'dob': {'date': '1969-09-20T20:17:25.366Z', 'age': 54}, 'registered': {'date': '2012-05-23T20:10:45.423Z', 'age': 11}, 'phone': '(329)-091-7346', 'cell': '(947)-798-6876', 'id': {'name': '', 'value': None}, 'picture': {'large': 'https://randomuser.me/api/portraits/women/86.jpg', 'medium': 'https://randomuser.me/api/portraits/med/women/86.jpg', 'thumbnail': 'https://randomuser.me/api/portraits/thumb/women/86.jpg'}, 'nat': 'TR'}</msg>
<arg>${json_data['results'][0]}</arg>
<doc>Logs the given message with the given level.</doc>
<status status="PASS" start="2024-05-10T09:15:17.765924" elapsed="0.000423"/>
</kw>
<kw name="Log" owner="BuiltIn">
<msg time="2024-05-10T09:15:17.766773" level="INFO">location</msg>
<arg>${key}</arg>
<doc>Logs the given message with the given level.</doc>
<status status="PASS" start="2024-05-10T09:15:17.766647" elapsed="0.000164"/>
</kw>
<var name="${key}">location</var>
<status status="PASS" start="2024-05-10T09:15:17.765061" elapsed="0.001967"/>
</iter>
<iter>
<kw name="Dictionary Should Contain Key" owner="Collections">
<msg time="2024-05-10T09:15:17.767723" level="INFO">False</msg>
<arg>${json_data['results'][0]}</arg>
<arg>${key}</arg>
<doc>Fails if ``key`` is not found from ``dictionary``.</doc>
<status status="PASS" start="2024-05-10T09:15:17.767320" elapsed="0.000440"/>
</kw>
<kw name="Log" owner="BuiltIn">
<msg time="2024-05-10T09:15:17.768426" level="INFO">{'gender': 'female', 'name': {'title': 'Miss', 'first': 'Ece', 'last': 'Kulaksızoğlu'}, 'location': {'street': {'number': 333, 'name': 'Mevlana Cd'}, 'city': 'Sinop', 'state': 'Kütahya', 'country': 'Turkey', 'postcode': 57715, 'coordinates': {'latitude': '71.1032', 'longitude': '76.3283'}, 'timezone': {'offset': '-2:00', 'description': 'Mid-Atlantic'}}, 'email': 'ece.kulaksizoglu@example.com', 'login': {'uuid': '68560eb8-801b-4f51-8928-fe78e53f0e2c', 'username': 'lazywolf923', 'password': 'buffett', 'salt': 'bhR0veaJ', 'md5': 'd0c874a99e70e3f7d4dadf3e4d9c2cba', 'sha1': 'd6e5919a3baab081c29a679dd6eb2ab346f06eda', 'sha256': '2825680a42e15ace68204762153973e9d5beb299656b579f40f4814108a792b9'}, 'dob': {'date': '1969-09-20T20:17:25.366Z', 'age': 54}, 'registered': {'date': '2012-05-23T20:10:45.423Z', 'age': 11}, 'phone': '(329)-091-7346', 'cell': '(947)-798-6876', 'id': {'name': '', 'value': None}, 'picture': {'large': 'https://randomuser.me/api/portraits/women/86.jpg', 'medium': 'https://randomuser.me/api/portraits/med/women/86.jpg', 'thumbnail': 'https://randomuser.me/api/portraits/thumb/women/86.jpg'}, 'nat': 'TR'}</msg>
<arg>${json_data['results'][0]}</arg>
<doc>Logs the given message with the given level.</doc>
<status status="PASS" start="2024-05-10T09:15:17.768063" elapsed="0.000412"/>
</kw>
<kw name="Log" owner="BuiltIn">
<msg time="2024-05-10T09:15:17.768905" level="INFO">email</msg>
<arg>${key}</arg>
<doc>Logs the given message with the given level.</doc>
<status status="PASS" start="2024-05-10T09:15:17.768778" elapsed="0.000164"/>
</kw>
<var name="${key}">email</var>
<status status="PASS" start="2024-05-10T09:15:17.767209" elapsed="0.001986"/>
</iter>
<iter>
<kw name="Dictionary Should Contain Key" owner="Collections">
<msg time="2024-05-10T09:15:17.769926" level="INFO">False</msg>
<arg>${json_data['results'][0]}</arg>
<arg>${key}</arg>
<doc>Fails if ``key`` is not found from ``dictionary``.</doc>
<status status="PASS" start="2024-05-10T09:15:17.769486" elapsed="0.000479"/>
</kw>
<kw name="Log" owner="BuiltIn">
<msg time="2024-05-10T09:15:17.770659" level="INFO">{'gender': 'female', 'name': {'title': 'Miss', 'first': 'Ece', 'last': 'Kulaksızoğlu'}, 'location': {'street': {'number': 333, 'name': 'Mevlana Cd'}, 'city': 'Sinop', 'state': 'Kütahya', 'country': 'Turkey', 'postcode': 57715, 'coordinates': {'latitude': '71.1032', 'longitude': '76.3283'}, 'timezone': {'offset': '-2:00', 'description': 'Mid-Atlantic'}}, 'email': 'ece.kulaksizoglu@example.com', 'login': {'uuid': '68560eb8-801b-4f51-8928-fe78e53f0e2c', 'username': 'lazywolf923', 'password': 'buffett', 'salt': 'bhR0veaJ', 'md5': 'd0c874a99e70e3f7d4dadf3e4d9c2cba', 'sha1': 'd6e5919a3baab081c29a679dd6eb2ab346f06eda', 'sha256': '2825680a42e15ace68204762153973e9d5beb299656b579f40f4814108a792b9'}, 'dob': {'date': '1969-09-20T20:17:25.366Z', 'age': 54}, 'registered': {'date': '2012-05-23T20:10:45.423Z', 'age': 11}, 'phone': '(329)-091-7346', 'cell': '(947)-798-6876', 'id': {'name': '', 'value': None}, 'picture': {'large': 'https://randomuser.me/api/portraits/women/86.jpg', 'medium': 'https://randomuser.me/api/portraits/med/women/86.jpg', 'thumbnail': 'https://randomuser.me/api/portraits/thumb/women/86.jpg'}, 'nat': 'TR'}</msg>
<arg>${json_data['results'][0]}</arg>
<doc>Logs the given message with the given level.</doc>
<status status="PASS" start="2024-05-10T09:15:17.770266" elapsed="0.000453"/>
</kw>
<kw name="Log" owner="BuiltIn">
<msg time="2024-05-10T09:15:17.771160" level="INFO">login</msg>
<arg>${key}</arg>
<doc>Logs the given message with the given level.</doc>
<status status="PASS" start="2024-05-10T09:15:17.771031" elapsed="0.000168"/>
</kw>
<var name="${key}">login</var>
<status status="PASS" start="2024-05-10T09:15:17.769373" elapsed="0.002045"/>
</iter>
<var>${key}</var>
<value>@{expected_keys}</value>
<status status="PASS" start="2024-05-10T09:15:17.760299" elapsed="0.011240"/>
</for>
<kw name="Create List" owner="BuiltIn">
<msg time="2024-05-10T09:15:17.771944" level="INFO">${expected_keysTwo} = ['username', 'password']</msg>
<var>${expected_keysTwo}</var>
<arg>username</arg>
<arg>password</arg>
<doc>Returns a list containing given items.</doc>
<status status="PASS" start="2024-05-10T09:15:17.771778" elapsed="0.000190"/>
</kw>
<for flavor="IN">
<iter>
<kw name="Dictionary Should Contain Key" owner="Collections">
<msg time="2024-05-10T09:15:17.772885" level="INFO">False</msg>
<arg>${json_data['results'][0]['login']}</arg>
<arg>${keyTwo}</arg>
<doc>Fails if ``key`` is not found from ``dictionary``.</doc>
<status status="PASS" start="2024-05-10T09:15:17.772488" elapsed="0.000434"/>
</kw>
<kw name="Dictionary Should Contain Key" owner="Collections">
<msg time="2024-05-10T09:15:17.773650" level="INFO">False</msg>
<arg>${json_data['results'][0]['login']}</arg>
<arg>${keyTwo}</arg>
<doc>Fails if ``key`` is not found from ``dictionary``.</doc>
<status status="PASS" start="2024-05-10T09:15:17.773250" elapsed="0.000438"/>
</kw>
<kw name="Log" owner="BuiltIn">
<msg time="2024-05-10T09:15:17.774109" level="INFO">username</msg>
<arg>${keyTwo}</arg>
<doc>Logs the given message with the given level.</doc>
<status status="PASS" start="2024-05-10T09:15:17.773982" elapsed="0.000170"/>
</kw>
<var name="${keyTwo}">username</var>
<status status="PASS" start="2024-05-10T09:15:17.772376" elapsed="0.001990"/>
</iter>
<iter>
<kw name="Dictionary Should Contain Key" owner="Collections">
<msg time="2024-05-10T09:15:17.775033" level="INFO">False</msg>
<arg>${json_data['results'][0]['login']}</arg>
<arg>${keyTwo}</arg>
<doc>Fails if ``key`` is not found from ``dictionary``.</doc>
<status status="PASS" start="2024-05-10T09:15:17.774649" elapsed="0.000420"/>
</kw>
<kw name="Dictionary Should Contain Key" owner="Collections">
<msg time="2024-05-10T09:15:17.775837" level="INFO">False</msg>
<arg>${json_data['results'][0]['login']}</arg>
<arg>${keyTwo}</arg>
<doc>Fails if ``key`` is not found from ``dictionary``.</doc>
<status status="PASS" start="2024-05-10T09:15:17.775363" elapsed="0.000513"/>
</kw>
<kw name="Log" owner="BuiltIn">
<msg time="2024-05-10T09:15:17.776304" level="INFO">password</msg>
<arg>${keyTwo}</arg>
<doc>Logs the given message with the given level.</doc>
<status status="PASS" start="2024-05-10T09:15:17.776176" elapsed="0.000165"/>
</kw>
<var name="${keyTwo}">password</var>
<status status="PASS" start="2024-05-10T09:15:17.774539" elapsed="0.002019"/>
</iter>
<var>${keyTwo}</var>
<value>@{expected_keysTwo}</value>
<status status="PASS" start="2024-05-10T09:15:17.772214" elapsed="0.004466"/>
</for>
<status status="PASS" start="2024-05-10T09:15:17.646603" elapsed="0.130227"/>
</kw>
<doc>Testa a estrutura da resposta da API.</doc>
<tag>testeEstruturaResposta</tag>
<status status="PASS" start="2024-05-10T09:15:17.646097" elapsed="0.130921"/>
</test>
<test id="s1-s1-t4" name="Validar tipos de dados" line="28">
<kw name="Teste de Tipos de Dados" owner="random-user-service">
<kw name="GET On Session" owner="RequestsLibrary">
<msg time="2024-05-10T09:15:17.837072" level="INFO">GET Request : url=https://randomuser.me/api 
 path_url=/api 
 headers={'User-Agent': 'python-requests/2.31.0', 'Accept-Encoding': 'gzip, deflate', 'Accept': '*/*', 'Connection': 'keep-alive'} 
 body=None 
 </msg>
<msg time="2024-05-10T09:15:17.837182" level="INFO">GET Response : url=https://randomuser.me/api 
 status=200, reason=OK 
 headers={'Date': 'Fri, 10 May 2024 09:15:17 GMT', 'Content-Type': 'application/json; charset=utf-8', 'Transfer-Encoding': 'chunked', 'Connection': 'keep-alive', 'X-Powered-By': 'Express', 'Access-Control-Allow-Origin': '*', 'Cache-Control': 'no-cache', 'ETag': 'W/"488-U6L5sHyLhMz78Ddva7qwAc3sdpo"', 'Vary': 'Accept-Encoding', 'Content-Encoding': 'gzip', 'CF-Cache-Status': 'DYNAMIC', 'Report-To': '{"endpoints":[{"url":"https:\\/\\/a.nel.cloudflare.com\\/report\\/v4?s=3ga4D8g%2FhpALOTyq5m2mcYeZxLWO5d1jkQdvsW2C%2Bxl2YMGvfYLFv1OSwNO1TfOxO9bejE4mEsVmissGYOgM5UNv04Jo5a1q1C8u7N%2BB8TlclyvKwgRa0SicboXdX8Dp"}],"group":"cf-nel","max_age":604800}', 'NEL': '{"success_fraction":0,"report_to":"cf-nel","max_age":604800}', 'Server': 'cloudflare', 'CF-RAY': '8818d2ec2cb728f8-ORD', 'alt-svc': 'h3=":443"; ma=86400'} 
 body={"results":[{"gender":"male","name":{"title":"Mr","first":"Eckhart","last":"Kullmann"},"location":{"street":{"number":8594,"name":"Fliederweg"},"city":"Oppenheim","state":"Bayern","country":"Germany","postcode":69346,"coordinates":{"latitude":"-50.9573","longitude":"-159.2438"},"timezone":{"offset":"+6:00","description":"Almaty, Dhaka, Colombo"}},"email":"eckhart.kullmann@example.com","login":{"uuid":"37cd5a1a-377e-4483-a22b-98aeee09d410","username":"blueostrich610","password":"bubble","salt":"oDE4sGpA","md5":"823a091597910a9b2b90a60af7e51b59","sha1":"4d3cf76085f93814e7dead3d05246a7052c3149f","sha256":"66b398a881e710389283048e86f2069f057c053d30041390cd0924ce09e9a176"},"dob":{"date":"1974-04-03T05:56:38.686Z","age":50},"registered":{"date":"2015-04-09T14:43:39.837Z","age":9},"phone":"0980-5820082","cell":"0173-4027268","id":{"name":"SVNR","value":"63 030474 K 265"},"picture":{"large":"https://randomuser.me/api/portraits/men/90.jpg","medium":"https://randomuser.me/api/portraits/med/men/90.jpg","thumbnail":"https://randomuser.me/api/portraits/thumb/men/90.jpg"},"nat":"DE"}],"info":{"seed":"c41f34828d2f455a","results":1,"page":1,"version":"1.4"}} 
 </msg>
<msg time="2024-05-10T09:15:17.837267" level="INFO">/opt/hostedtoolcache/Python/3.12.3/x64/lib/python3.12/site-packages/urllib3/connectionpool.py:1103: InsecureRequestWarning: Unverified HTTPS request is being made to host 'randomuser.me'. Adding certificate verification is strongly advised. See: https://urllib3.readthedocs.io/en/latest/advanced-usage.html#tls-warnings
  warnings.warn(</msg>
<msg time="2024-05-10T09:15:17.837428" level="INFO">${response} = &lt;Response [200]&gt;</msg>
<var>${response}</var>
<arg>consultarAPI</arg>
<arg>/api</arg>
<doc>Sends a GET request on a previously created HTTP Session.</doc>
<status status="PASS" start="2024-05-10T09:15:17.779628" elapsed="0.057850"/>
</kw>
<kw name="Set Variable" owner="BuiltIn">
<msg time="2024-05-10T09:15:17.838578" level="INFO">${json_data} = {'results': [{'gender': 'male', 'name': {'title': 'Mr', 'first': 'Eckhart', 'last': 'Kullmann'}, 'location': {'street': {'number': 8594, 'name': 'Fliederweg'}, 'city': 'Oppenheim', 'state': 'Bayern', ...</msg>
<var>${json_data}</var>
<arg>${response.json()}</arg>
<doc>Returns the given values which can then be assigned to a variables.</doc>
<status status="PASS" start="2024-05-10T09:15:17.838039" elapsed="0.000569"/>
</kw>
<kw name="Log" owner="BuiltIn">
<msg time="2024-05-10T09:15:17.839123" level="INFO">{'results': [{'gender': 'male', 'name': {'title': 'Mr', 'first': 'Eckhart', 'last': 'Kullmann'}, 'location': {'street': {'number': 8594, 'name': 'Fliederweg'}, 'city': 'Oppenheim', 'state': 'Bayern', 'country': 'Germany', 'postcode': 69346, 'coordinates': {'latitude': '-50.9573', 'longitude': '-159.2438'}, 'timezone': {'offset': '+6:00', 'description': 'Almaty, Dhaka, Colombo'}}, 'email': 'eckhart.kullmann@example.com', 'login': {'uuid': '37cd5a1a-377e-4483-a22b-98aeee09d410', 'username': 'blueostrich610', 'password': 'bubble', 'salt': 'oDE4sGpA', 'md5': '823a091597910a9b2b90a60af7e51b59', 'sha1': '4d3cf76085f93814e7dead3d05246a7052c3149f', 'sha256': '66b398a881e710389283048e86f2069f057c053d30041390cd0924ce09e9a176'}, 'dob': {'date': '1974-04-03T05:56:38.686Z', 'age': 50}, 'registered': {'date': '2015-04-09T14:43:39.837Z', 'age': 9}, 'phone': '0980-5820082', 'cell': '0173-4027268', 'id': {'name': 'SVNR', 'value': '63 030474 K 265'}, 'picture': {'large': 'https://randomuser.me/api/portraits/men/90.jpg', 'medium': 'https://randomuser.me/api/portraits/med/men/90.jpg', 'thumbnail': 'https://randomuser.me/api/portraits/thumb/men/90.jpg'}, 'nat': 'DE'}], 'info': {'seed': 'c41f34828d2f455a', 'results': 1, 'page': 1, 'version': '1.4'}}</msg>
<arg>${json_data}</arg>
<doc>Logs the given message with the given level.</doc>
<status status="PASS" start="2024-05-10T09:15:17.838960" elapsed="0.000213"/>
</kw>
<kw name="Should Be String" owner="String">
<arg>${json_data['results'][0]['gender']}</arg>
<doc>Fails if the given ``item`` is not a string.</doc>
<status status="PASS" start="2024-05-10T09:15:17.839510" elapsed="0.000387"/>
</kw>
<kw name="Should Match Regexp" owner="BuiltIn">
<arg>${json_data['results'][0]['email']}</arg>
<arg>^[a-zA-Z0-9._%+-]+@[a-zA-Z0-9.-]+\.[a-zA-Z]{2,}$</arg>
<doc>Fails if ``string`` does not match ``pattern`` as a regular expression.</doc>
<status status="PASS" start="2024-05-10T09:15:17.840093" elapsed="0.000534"/>
</kw>
<kw name="Should Match Regexp" owner="BuiltIn">
<arg>${json_data['results'][0]['dob']['date']}</arg>
<arg>\\d{4}-\\d{2}-\\d{2}T\\d{2}:\\d{2}:\\d{2}\\.\\d{3}Z</arg>
<doc>Fails if ``string`` does not match ``pattern`` as a regular expression.</doc>
<status status="PASS" start="2024-05-10T09:15:17.840826" elapsed="0.000550"/>
</kw>
<kw name="Should Match Regexp" owner="BuiltIn">
<arg>${json_data['results'][0]['registered']['date']}</arg>
<arg>\\d{4}-\\d{2}-\\d{2}T\\d{2}:\\d{2}:\\d{2}\\.\\d{3}Z</arg>
<doc>Fails if ``string`` does not match ``pattern`` as a regular expression.</doc>
<status status="PASS" start="2024-05-10T09:15:17.841572" elapsed="0.000387"/>
</kw>
<kw name="Should Match Regexp" owner="BuiltIn">
<arg>${json_data['results'][0]['picture']['large']}</arg>
<arg>^https?://.*\.(?:png|jpe?g|gif|bmp)$</arg>
<doc>Fails if ``string`` does not match ``pattern`` as a regular expression.</doc>
<status status="PASS" start="2024-05-10T09:15:17.842149" elapsed="0.000479"/>
</kw>
<kw name="Should Match Regexp" owner="BuiltIn">
<arg>${json_data['results'][0]['picture']['medium']}</arg>
<arg>^https?://.*\.(?:png|jpe?g|gif|bmp)$</arg>
<doc>Fails if ``string`` does not match ``pattern`` as a regular expression.</doc>
<status status="PASS" start="2024-05-10T09:15:17.842817" elapsed="0.000365"/>
</kw>
<kw name="Should Match Regexp" owner="BuiltIn">
<arg>${json_data['results'][0]['picture']['thumbnail']}</arg>
<arg>^https?://.*\.(?:png|jpe?g|gif|bmp)$</arg>
<doc>Fails if ``string`` does not match ``pattern`` as a regular expression.</doc>
<status status="PASS" start="2024-05-10T09:15:17.843375" elapsed="0.000351"/>
</kw>
<kw name="Log" owner="BuiltIn">
<msg time="2024-05-10T09:15:17.844232" level="INFO">{'large': 'https://randomuser.me/api/portraits/men/90.jpg', 'medium': 'https://randomuser.me/api/portraits/med/men/90.jpg', 'thumbnail': 'https://randomuser.me/api/portraits/thumb/men/90.jpg'}</msg>
<arg>${json_data['results'][0]['picture']}</arg>
<doc>Logs the given message with the given level.</doc>
<status status="PASS" start="2024-05-10T09:15:17.843908" elapsed="0.000364"/>
</kw>
<status status="PASS" start="2024-05-10T09:15:17.779382" elapsed="0.065157"/>
</kw>
<kw name="Teste de Tipos de Dados - Postcode" owner="random-user-service">
<kw name="GET On Session" owner="RequestsLibrary">
<msg time="2024-05-10T09:15:17.937945" level="INFO">GET Request : url=https://randomuser.me/api 
 path_url=/api 
 headers={'User-Agent': 'python-requests/2.31.0', 'Accept-Encoding': 'gzip, deflate', 'Accept': '*/*', 'Connection': 'keep-alive'} 
 body=None 
 </msg>
<msg time="2024-05-10T09:15:17.938045" level="INFO">GET Response : url=https://randomuser.me/api 
 status=200, reason=OK 
 headers={'Date': 'Fri, 10 May 2024 09:15:17 GMT', 'Content-Type': 'application/json; charset=utf-8', 'Transfer-Encoding': 'chunked', 'Connection': 'keep-alive', 'X-Powered-By': 'Express', 'Access-Control-Allow-Origin': '*', 'Cache-Control': 'no-cache', 'ETag': 'W/"4a1-10f5BXRiOjjhgRvgCaZ6ladOxXY"', 'Vary': 'Accept-Encoding', 'Content-Encoding': 'gzip', 'CF-Cache-Status': 'DYNAMIC', 'Report-To': '{"endpoints":[{"url":"https:\\/\\/a.nel.cloudflare.com\\/report\\/v4?s=vYgl0FF1xNjoJJA7VAi2S6sHLCxbo0QDKaQUQlINgkcTtJdzZxZSolGbKkQFGy0zGw3hvQNNR7MbFWnWWw0dfdvo720wQ6JrZn32er7X8h6qdFwHAHq3nNTNyTnoPZD3"}],"group":"cf-nel","max_age":604800}', 'NEL': '{"success_fraction":0,"report_to":"cf-nel","max_age":604800}', 'Server': 'cloudflare', 'CF-RAY': '8818d2ec8cee28f8-ORD', 'alt-svc': 'h3=":443"; ma=86400'} 
 body={"results":[{"gender":"male","name":{"title":"Mr","first":"Warren","last":"Lawrence"},"location":{"street":{"number":3063,"name":"W 6th St"},"city":"Sydney","state":"Australian Capital Territory","country":"Australia","postcode":9779,"coordinates":{"latitude":"-88.8560","longitude":"-149.0509"},"timezone":{"offset":"-4:00","description":"Atlantic Time (Canada), Caracas, La Paz"}},"email":"warren.lawrence@example.com","login":{"uuid":"f844dc04-93ca-4d3d-a194-4073497169a4","username":"organicfish336","password":"bear","salt":"JlXP1pY5","md5":"a146f8739b71ed531fbf906fcae5af28","sha1":"2e8e380d9a4a68f2375ff1410dc1aaef103d2c82","sha256":"56a27499f147d1ae2b379e2b52eac0adfcb35d5275b2a2895b21beff9fa27419"},"dob":{"date":"1945-04-23T22:15:00.187Z","age":79},"registered":{"date":"2012-02-25T15:05:11.260Z","age":12},"phone":"02-6414-5637","cell":"0410-801-286","id":{"name":"TFN","value":"821939547"},"picture":{"large":"https://randomuser.me/api/portraits/men/24.jpg","medium":"https://randomuser.me/api/portraits/med/men/24.jpg","thumbnail":"https://randomuser.me/api/portraits/thumb/men/24.jpg"},"nat":"AU"}],"info":{"seed":"4dfc04141a41f71f","results":1,"page":1,"version":"1.4"}} 
 </msg>
<msg time="2024-05-10T09:15:17.938119" level="INFO">/opt/hostedtoolcache/Python/3.12.3/x64/lib/python3.12/site-packages/urllib3/connectionpool.py:1103: InsecureRequestWarning: Unverified HTTPS request is being made to host 'randomuser.me'. Adding certificate verification is strongly advised. See: https://urllib3.readthedocs.io/en/latest/advanced-usage.html#tls-warnings
  warnings.warn(</msg>
<msg time="2024-05-10T09:15:17.938261" level="INFO">${response} = &lt;Response [200]&gt;</msg>
<var>${response}</var>
<arg>consultarAPI</arg>
<arg>/api</arg>
<doc>Sends a GET request on a previously created HTTP Session.</doc>
<status status="PASS" start="2024-05-10T09:15:17.845034" elapsed="0.093272"/>
</kw>
<kw name="Set Variable" owner="BuiltIn">
<msg time="2024-05-10T09:15:17.939388" level="INFO">${json_data} = {'results': [{'gender': 'male', 'name': {'title': 'Mr', 'first': 'Warren', 'last': 'Lawrence'}, 'location': {'street': {'number': 3063, 'name': 'W 6th St'}, 'city': 'Sydney', 'state': 'Australian Capi...</msg>
<var>${json_data}</var>
<arg>${response.json()}</arg>
<doc>Returns the given values which can then be assigned to a variables.</doc>
<status status="PASS" start="2024-05-10T09:15:17.938847" elapsed="0.000570"/>
</kw>
<kw name="Log" owner="BuiltIn">
<msg time="2024-05-10T09:15:17.939961" level="INFO">{'results': [{'gender': 'male', 'name': {'title': 'Mr', 'first': 'Warren', 'last': 'Lawrence'}, 'location': {'street': {'number': 3063, 'name': 'W 6th St'}, 'city': 'Sydney', 'state': 'Australian Capital Territory', 'country': 'Australia', 'postcode': 9779, 'coordinates': {'latitude': '-88.8560', 'longitude': '-149.0509'}, 'timezone': {'offset': '-4:00', 'description': 'Atlantic Time (Canada), Caracas, La Paz'}}, 'email': 'warren.lawrence@example.com', 'login': {'uuid': 'f844dc04-93ca-4d3d-a194-4073497169a4', 'username': 'organicfish336', 'password': 'bear', 'salt': 'JlXP1pY5', 'md5': 'a146f8739b71ed531fbf906fcae5af28', 'sha1': '2e8e380d9a4a68f2375ff1410dc1aaef103d2c82', 'sha256': '56a27499f147d1ae2b379e2b52eac0adfcb35d5275b2a2895b21beff9fa27419'}, 'dob': {'date': '1945-04-23T22:15:00.187Z', 'age': 79}, 'registered': {'date': '2012-02-25T15:05:11.260Z', 'age': 12}, 'phone': '02-6414-5637', 'cell': '0410-801-286', 'id': {'name': 'TFN', 'value': '821939547'}, 'picture': {'large': 'https://randomuser.me/api/portraits/men/24.jpg', 'medium': 'https://randomuser.me/api/portraits/med/men/24.jpg', 'thumbnail': 'https://randomuser.me/api/portraits/thumb/men/24.jpg'}, 'nat': 'AU'}], 'info': {'seed': '4dfc04141a41f71f', 'results': 1, 'page': 1, 'version': '1.4'}}</msg>
<arg>${json_data}</arg>
<doc>Logs the given message with the given level.</doc>
<status status="PASS" start="2024-05-10T09:15:17.939789" elapsed="0.000222"/>
</kw>
<kw name="Should Be Equal As Numbers" owner="BuiltIn">
<arg>${json_data['results'][0]['location']['postcode']}</arg>
<arg>${json_data['results'][0]['location']['postcode']}</arg>
<doc>Fails if objects are unequal after converting them to real numbers.</doc>
<status status="PASS" start="2024-05-10T09:15:17.940332" elapsed="0.000944"/>
</kw>
<kw name="Log" owner="BuiltIn">
<msg time="2024-05-10T09:15:17.941836" level="INFO">9779</msg>
<arg>${json_data['results'][0]['location']['postcode']}</arg>
<doc>Logs the given message with the given level.</doc>
<status status="PASS" start="2024-05-10T09:15:17.941486" elapsed="0.000392"/>
</kw>
<status status="PASS" start="2024-05-10T09:15:17.844776" elapsed="0.097368"/>
</kw>
<doc>Testa se os tipos de dados na resposta da API estão corretos.</doc>
<tag>testeTiposDados</tag>
<status status="PASS" start="2024-05-10T09:15:17.778859" elapsed="0.163458"/>
</test>
<test id="s1-s1-t5" name="Validar conteudo" line="35">
<kw name="Teste de Tipos de Conteudo" owner="random-user-service">
<kw name="GET On Session" owner="RequestsLibrary">
<msg time="2024-05-10T09:15:18.042975" level="INFO">GET Request : url=https://randomuser.me/api 
 path_url=/api 
 headers={'User-Agent': 'python-requests/2.31.0', 'Accept-Encoding': 'gzip, deflate', 'Accept': '*/*', 'Connection': 'keep-alive'} 
 body=None 
 </msg>
<msg time="2024-05-10T09:15:18.043091" level="INFO">GET Response : url=https://randomuser.me/api 
 status=200, reason=OK 
 headers={'Date': 'Fri, 10 May 2024 09:15:18 GMT', 'Content-Type': 'application/json; charset=utf-8', 'Transfer-Encoding': 'chunked', 'Connection': 'keep-alive', 'X-Powered-By': 'Express', 'Access-Control-Allow-Origin': '*', 'Cache-Control': 'no-cache', 'ETag': 'W/"483-rID64zFuLIwXJY5ZbXBRGuJHLK0"', 'Vary': 'Accept-Encoding', 'Content-Encoding': 'gzip', 'CF-Cache-Status': 'DYNAMIC', 'Report-To': '{"endpoints":[{"url":"https:\\/\\/a.nel.cloudflare.com\\/report\\/v4?s=gctKnz3xsGqixuAIgWMDbHELJO7szu6q2zXBzrU0z4lZ1LNEpIkOM2TJe1X4s2wRlMGkq4cslEzSiUMXE0jVUoYAC22QuVW65u3ciZK1c5SgjUWX2V9ps8wlxDN7jZpm"}],"group":"cf-nel","max_age":604800}', 'NEL': '{"success_fraction":0,"report_to":"cf-nel","max_age":604800}', 'Server': 'cloudflare', 'CF-RAY': '8818d2ed2d3d28f8-ORD', 'alt-svc': 'h3=":443"; ma=86400'} 
 body={"results":[{"gender":"female","name":{"title":"Ms","first":"Ava","last":"Silva"},"location":{"street":{"number":4286,"name":"Manchester Road"},"city":"Stirling","state":"Isle of Wight","country":"United Kingdom","postcode":"EQ9G 8YP","coordinates":{"latitude":"-5.6543","longitude":"146.9078"},"timezone":{"offset":"+3:30","description":"Tehran"}},"email":"ava.silva@example.com","login":{"uuid":"2dd966d8-effc-414a-82ee-5c752729f0ec","username":"tinygoose805","password":"triton","salt":"78VesNWl","md5":"e3219ff8a23c8a93fbb2b86141e8a757","sha1":"49a0bc38639de3bd2fd67244cfb7350b0b942355","sha256":"c60b8c1f9dbcf22fc018db86f561073b151c0751f0c7d33673e35c095dbd5e7b"},"dob":{"date":"1970-02-24T06:51:23.752Z","age":54},"registered":{"date":"2009-05-08T15:24:55.827Z","age":15},"phone":"016977 7529","cell":"07986 672246","id":{"name":"NINO","value":"CH 59 42 31 I"},"picture":{"large":"https://randomuser.me/api/portraits/women/16.jpg","medium":"https://randomuser.me/api/portraits/med/women/16.jpg","thumbnail":"https://randomuser.me/api/portraits/thumb/women/16.jpg"},"nat":"GB"}],"info":{"seed":"daeae9435f3d0f49","results":1,"page":1,"version":"1.4"}} 
 </msg>
<msg time="2024-05-10T09:15:18.043165" level="INFO">/opt/hostedtoolcache/Python/3.12.3/x64/lib/python3.12/site-packages/urllib3/connectionpool.py:1103: InsecureRequestWarning: Unverified HTTPS request is being made to host 'randomuser.me'. Adding certificate verification is strongly advised. See: https://urllib3.readthedocs.io/en/latest/advanced-usage.html#tls-warnings
  warnings.warn(</msg>
<msg time="2024-05-10T09:15:18.043282" level="INFO">${response} = &lt;Response [200]&gt;</msg>
<var>${response}</var>
<arg>consultarAPI</arg>
<arg>/api</arg>
<doc>Sends a GET request on a previously created HTTP Session.</doc>
<status status="PASS" start="2024-05-10T09:15:17.945399" elapsed="0.097923"/>
</kw>
<kw name="Set Variable" owner="BuiltIn">
<msg time="2024-05-10T09:15:18.044373" level="INFO">${json_data} = {'results': [{'gender': 'female', 'name': {'title': 'Ms', 'first': 'Ava', 'last': 'Silva'}, 'location': {'street': {'number': 4286, 'name': 'Manchester Road'}, 'city': 'Stirling', 'state': 'Isle of Wi...</msg>
<var>${json_data}</var>
<arg>${response.json()}</arg>
<doc>Returns the given values which can then be assigned to a variables.</doc>
<status status="PASS" start="2024-05-10T09:15:18.043843" elapsed="0.000558"/>
</kw>
<kw name="Set Variable" owner="BuiltIn">
<msg time="2024-05-10T09:15:18.045133" level="INFO">${name_title} = Ms</msg>
<var>${name_title}</var>
<arg>${json_data["results"][0]["name"]["title"]}</arg>
<doc>Returns the given values which can then be assigned to a variables.</doc>
<status status="PASS" start="2024-05-10T09:15:18.044711" elapsed="0.000448"/>
</kw>
<kw name="Create List" owner="BuiltIn">
<msg time="2024-05-10T09:15:18.045615" level="INFO">${allowed_titles} = ['Mr', 'Ms', 'Miss', 'Mrs', 'Madame', 'Monsieur']</msg>
<var>${allowed_titles}</var>
<arg>Mr</arg>
<arg>Ms</arg>
<arg>Miss</arg>
<arg>Mrs</arg>
<arg>Madame</arg>
<arg>Monsieur</arg>
<doc>Returns a list containing given items.</doc>
<status status="PASS" start="2024-05-10T09:15:18.045463" elapsed="0.000177"/>
</kw>
<kw name="List Should Contain Value" owner="Collections">
<msg time="2024-05-10T09:15:18.046123" level="INFO">False</msg>
<arg>${allowed_titles}</arg>
<arg>${name_title}</arg>
<doc>Fails if the ``value`` is not found from ``list``.</doc>
<status status="PASS" start="2024-05-10T09:15:18.045942" elapsed="0.000218"/>
</kw>
<kw name="Set Variable" owner="BuiltIn">
<msg time="2024-05-10T09:15:18.046846" level="INFO">${name_country} = GB</msg>
<var>${name_country}</var>
<arg>${json_data["results"][0]["nat"]}</arg>
<doc>Returns the given values which can then be assigned to a variables.</doc>
<status status="PASS" start="2024-05-10T09:15:18.046460" elapsed="0.000411"/>
</kw>
<kw name="Create List" owner="BuiltIn">
<msg time="2024-05-10T09:15:18.047760" level="INFO">${list_country} = ['AD', 'AE', 'AF', 'AG', 'AI', 'AL', 'AM', 'AO', 'AQ', 'AR', 'AS', 'AT', 'AU', 'AW', 'AX', 'AZ', 'BA', 'BB', 'BD', 'BE', 'BF', 'BG', 'BH', 'BI', 'BJ', 'BL', 'BM', 'BN', 'BO', 'BQ', 'BR', 'BS', 'BT', '...</msg>
<var>${list_country}</var>
<arg>AD</arg>
<arg>AE</arg>
<arg>AF</arg>
<arg>AG</arg>
<arg>AI</arg>
<arg>AL</arg>
<arg>AM</arg>
<arg>AO</arg>
<arg>AQ</arg>
<arg>AR</arg>
<arg>AS</arg>
<arg>AT</arg>
<arg>AU</arg>
<arg>AW</arg>
<arg>AX</arg>
<arg>AZ</arg>
<arg>BA</arg>
<arg>BB</arg>
<arg>BD</arg>
<arg>BE</arg>
<arg>BF</arg>
<arg>BG</arg>
<arg>BH</arg>
<arg>BI</arg>
<arg>BJ</arg>
<arg>BL</arg>
<arg>BM</arg>
<arg>BN</arg>
<arg>BO</arg>
<arg>BQ</arg>
<arg>BR</arg>
<arg>BS</arg>
<arg>BT</arg>
<arg>BV</arg>
<arg>BW</arg>
<arg>BY</arg>
<arg>BZ</arg>
<arg>CA</arg>
<arg>CC</arg>
<arg>CD</arg>
<arg>CF</arg>
<arg>CG</arg>
<arg>CH</arg>
<arg>CI</arg>
<arg>CK</arg>
<arg>CL</arg>
<arg>CM</arg>
<arg>CN</arg>
<arg>CO</arg>
<arg>CR</arg>
<arg>CU</arg>
<arg>CV</arg>
<arg>CW</arg>
<arg>CX</arg>
<arg>CY</arg>
<arg>CZ</arg>
<arg>DE</arg>
<arg>DJ</arg>
<arg>DK</arg>
<arg>DM</arg>
<arg>DO</arg>
<arg>DZ</arg>
<arg>EC</arg>
<arg>EE</arg>
<arg>EG</arg>
<arg>EH</arg>
<arg>ER</arg>
<arg>ES</arg>
<arg>ET</arg>
<arg>FI</arg>
<arg>FJ</arg>
<arg>FK</arg>
<arg>FM</arg>
<arg>FO</arg>
<arg>FR</arg>
<arg>GA</arg>
<arg>GB</arg>
<arg>GD</arg>
<arg>GE</arg>
<arg>GF</arg>
<arg>GG</arg>
<arg>GH</arg>
<arg>GI</arg>
<arg>GL</arg>
<arg>GM</arg>
<arg>GN</arg>
<arg>GP</arg>
<arg>GQ</arg>
<arg>GR</arg>
<arg>GS</arg>
<arg>GT</arg>
<arg>GU</arg>
<arg>GW</arg>
<arg>GY</arg>
<arg>HK</arg>
<arg>HM</arg>
<arg>HN</arg>
<arg>HR</arg>
<arg>HT</arg>
<arg>HU</arg>
<arg>ID</arg>
<arg>IE</arg>
<arg>IL</arg>
<arg>IM</arg>
<arg>IN</arg>
<arg>IO</arg>
<arg>IQ</arg>
<arg>IR</arg>
<arg>IS</arg>
<arg>IT</arg>
<arg>JE</arg>
<arg>JM</arg>
<arg>JO</arg>
<arg>JP</arg>
<arg>KE</arg>
<arg>KG</arg>
<arg>KH</arg>
<arg>KI</arg>
<arg>KM</arg>
<arg>KN</arg>
<arg>KP</arg>
<arg>KR</arg>
<arg>KW</arg>
<arg>KY</arg>
<arg>KZ</arg>
<arg>LA</arg>
<arg>LB</arg>
<arg>LC</arg>
<arg>LI</arg>
<arg>LK</arg>
<arg>LR</arg>
<arg>LS</arg>
<arg>LT</arg>
<arg>LU</arg>
<arg>LV</arg>
<arg>LY</arg>
<arg>MA</arg>
<arg>MC</arg>
<arg>MD</arg>
<arg>ME</arg>
<arg>MF</arg>
<arg>MG</arg>
<arg>MH</arg>
<arg>MK</arg>
<arg>ML</arg>
<arg>MM</arg>
<arg>MN</arg>
<arg>MO</arg>
<arg>MP</arg>
<arg>MQ</arg>
<arg>MR</arg>
<arg>MS</arg>
<arg>MT</arg>
<arg>MU</arg>
<arg>MV</arg>
<arg>MW</arg>
<arg>MX</arg>
<arg>MY</arg>
<arg>MZ</arg>
<arg>NA</arg>
<arg>NC</arg>
<arg>NE</arg>
<arg>NF</arg>
<arg>NG</arg>
<arg>NI</arg>
<arg>NL</arg>
<arg>NO</arg>
<arg>NP</arg>
<arg>NR</arg>
<arg>NU</arg>
<arg>NZ</arg>
<arg>OM</arg>
<arg>PA</arg>
<arg>PE</arg>
<arg>PF</arg>
<arg>PG</arg>
<arg>PH</arg>
<arg>PK</arg>
<arg>PL</arg>
<arg>PM</arg>
<arg>PN</arg>
<arg>PR</arg>
<arg>PS</arg>
<arg>PT</arg>
<arg>PW</arg>
<arg>PY</arg>
<arg>QA</arg>
<arg>RE</arg>
<arg>RO</arg>
<arg>RS</arg>
<arg>RU</arg>
<arg>RW</arg>
<arg>SA</arg>
<arg>SB</arg>
<arg>SC</arg>
<arg>SD</arg>
<arg>SE</arg>
<arg>SG</arg>
<arg>SH</arg>
<arg>SI</arg>
<arg>SJ</arg>
<arg>SK</arg>
<arg>SL</arg>
<arg>SM</arg>
<arg>SN</arg>
<arg>SO</arg>
<arg>SR</arg>
<arg>SS</arg>
<arg>ST</arg>
<arg>SV</arg>
<arg>SX</arg>
<arg>SY</arg>
<arg>SZ</arg>
<arg>TC</arg>
<arg>TD</arg>
<arg>TF</arg>
<arg>TG</arg>
<arg>TH</arg>
<arg>TJ</arg>
<arg>TK</arg>
<arg>TL</arg>
<arg>TM</arg>
<arg>TN</arg>
<arg>TO</arg>
<arg>TR</arg>
<arg>TT</arg>
<arg>TV</arg>
<arg>TW</arg>
<arg>TZ</arg>
<arg>UA</arg>
<arg>UG</arg>
<arg>UM</arg>
<arg>US</arg>
<arg>UY</arg>
<arg>UZ</arg>
<arg>VA</arg>
<arg>VC</arg>
<arg>VE</arg>
<arg>VG</arg>
<arg>VI</arg>
<arg>VN</arg>
<arg>VU</arg>
<arg>WF</arg>
<arg>WS</arg>
<arg>XK</arg>
<arg>YE</arg>
<arg>YT</arg>
<arg>ZA</arg>
<arg>ZM</arg>
<arg>ZW</arg>
<doc>Returns a list containing given items.</doc>
<status status="PASS" start="2024-05-10T09:15:18.047174" elapsed="0.000612"/>
</kw>
<kw name="List Should Contain Value" owner="Collections">
<msg time="2024-05-10T09:15:18.048779" level="INFO">False</msg>
<arg>${list_country}</arg>
<arg>${name_country}</arg>
<doc>Fails if the ``value`` is not found from ``list``.</doc>
<status status="PASS" start="2024-05-10T09:15:18.048581" elapsed="0.000236"/>
</kw>
<kw name="Run Keyword If" owner="BuiltIn">
<kw name="Should Be True" owner="BuiltIn">
<arg>${True}</arg>
<doc>Fails if the given condition is not true.</doc>
<status status="PASS" start="2024-05-10T09:15:18.049932" elapsed="0.000145"/>
</kw>
<arg>${json_data["results"][0]["location"]["coordinates"]["latitude"]} &gt;= -90 and ${json_data["results"][0]["location"]["coordinates"]["latitude"]} &lt;= 90</arg>
<arg>Should Be True</arg>
<arg>${True}</arg>
<doc>Runs the given keyword with the given arguments, if ``condition`` is true.</doc>
<status status="PASS" start="2024-05-10T09:15:18.049160" elapsed="0.001042"/>
</kw>
<kw name="Run Keyword If" owner="BuiltIn">
<kw name="Should Be True" owner="BuiltIn">
<arg>${True}</arg>
<doc>Fails if the given condition is not true.</doc>
<status status="PASS" start="2024-05-10T09:15:18.051082" elapsed="0.000260"/>
</kw>
<arg>${json_data["results"][0]["location"]["coordinates"]["longitude"]} &gt;= -180 and ${json_data["results"][0]["location"]["coordinates"]["longitude"]} &lt;= 180</arg>
<arg>Should Be True</arg>
<arg>${True}</arg>
<doc>Runs the given keyword with the given arguments, if ``condition`` is true.</doc>
<status status="PASS" start="2024-05-10T09:15:18.050385" elapsed="0.001085"/>
</kw>
<status status="PASS" start="2024-05-10T09:15:17.944946" elapsed="0.106658"/>
</kw>
<doc>Testa o conteúdo específico dos campos retornados pela API.</doc>
<tag>testeConteudo</tag>
<status status="PASS" start="2024-05-10T09:15:17.944206" elapsed="0.107554"/>
</test>
<status status="PASS" start="2024-05-10T09:15:17.242458" elapsed="0.811332"/>
</suite>
<status status="PASS" start="2024-05-10T09:15:17.228621" elapsed="0.830391"/>
</suite>
<statistics>
<total>
<stat pass="5" fail="0" skip="0">All Tests</stat>
</total>
<tag>
<stat pass="1" fail="0" skip="0">testeConteudo</stat>
<stat pass="1" fail="0" skip="0">testeEstruturaResposta</stat>
<stat pass="1" fail="0" skip="0">testeRequisicaoBasica</stat>
<stat pass="1" fail="0" skip="0">testeTiposDados</stat>
</tag>
<suite>
<stat pass="5" fail="0" skip="0" id="s1" name="Tests">Tests</stat>
<stat pass="5" fail="0" skip="0" id="s1-s1" name="Random-User-Test">Tests.Random-User-Test</stat>
</suite>
</statistics>
<errors>
</errors>
</robot>
