<?xml version="1.0" encoding="UTF-8"?>
<robot generator="Robot 7.0.1 (Python 3.12.4 on linux)" generated="2024-08-07T16:19:35.675530" rpa="false" schemaversion="5">
<suite id="s1" name="Tests" source="/home/runner/work/ApiRandomUser/ApiRandomUser/RamdonUser/tests">
<suite id="s1-s1" name="Random-User-Test" source="/home/runner/work/ApiRandomUser/ApiRandomUser/RamdonUser/tests/random-user-test.robot">
<test id="s1-s1-t1" name="Conectar" line="13">
<kw name="Conectar API" owner="random-user-service">
<kw name="Create Session" owner="RequestsLibrary">
<msg time="2024-08-07T16:19:36.088166" level="INFO">Creating Session using : alias=consultarAPI, url=https://randomuser.me/, headers={},                     cookies={}, auth=None, timeout=None, proxies=None, verify=False,                     debug=0 </msg>
<arg>consultarAPI</arg>
<arg>${URL}</arg>
<doc>Create Session: create a HTTP session to a server</doc>
<status status="PASS" start="2024-08-07T16:19:36.087970" elapsed="0.000374"/>
</kw>
<status status="PASS" start="2024-08-07T16:19:36.086925" elapsed="0.001796"/>
</kw>
<status status="PASS" start="2024-08-07T16:19:36.086370" elapsed="0.002558"/>
</test>
<test id="s1-s1-t2" name="Validar retorno 200 e JSON Válido" line="16">
<kw name="Teste de Requisicao Basica" owner="random-user-service">
<kw name="GET On Session" owner="RequestsLibrary">
<msg time="2024-08-07T16:19:36.409292" level="INFO">GET Request : url=https://randomuser.me/api 
 path_url=/api 
 headers={'User-Agent': 'python-requests/2.32.3', 'Accept-Encoding': 'gzip, deflate', 'Accept': '*/*', 'Connection': 'keep-alive'} 
 body=None 
 </msg>
<msg time="2024-08-07T16:19:36.409447" level="INFO">GET Response : url=https://randomuser.me/api 
 status=200, reason=OK 
 headers={'Date': 'Wed, 07 Aug 2024 16:19:36 GMT', 'Content-Type': 'application/json; charset=utf-8', 'Transfer-Encoding': 'chunked', 'Connection': 'keep-alive', 'X-Powered-By': 'Express', 'Access-Control-Allow-Origin': '*', 'Cache-Control': 'no-cache', 'ETag': 'W/"48f-aA3EDkWJyaWHNR5dgLGxgHHOUWw"', 'Vary': 'Accept-Encoding', 'Content-Encoding': 'gzip', 'CF-Cache-Status': 'DYNAMIC', 'Report-To': '{"endpoints":[{"url":"https:\\/\\/a.nel.cloudflare.com\\/report\\/v4?s=73F2Qse2lr1SMuduh1eaOwa7qd5a31UTZ9jfYTOo3kjt7PaJk82Mte5uQ%2BTKOfbQF0SaWIfyau0bXDEq6KDlrbjnYZ1F%2FCi56POnLAi0ZQ6n%2F9CgPBUaoOo65wbYpuWk"}],"group":"cf-nel","max_age":604800}', 'NEL': '{"success_fraction":0,"report_to":"cf-nel","max_age":604800}', 'Server': 'cloudflare', 'CF-RAY': '8af896d7bd858197-IAD', 'alt-svc': 'h3=":443"; ma=86400'} 
 body={"results":[{"gender":"female","name":{"title":"Ms","first":"Leanne","last":"Tremblay"},"location":{"street":{"number":8951,"name":"22nd Ave"},"city":"Lumsden","state":"New Brunswick","country":"Canada","postcode":"S2O 4H5","coordinates":{"latitude":"-65.8532","longitude":"132.8256"},"timezone":{"offset":"+6:00","description":"Almaty, Dhaka, Colombo"}},"email":"leanne.tremblay@example.com","login":{"uuid":"bedce083-a2b6-4d1c-81c7-7ea1eb485b5c","username":"lazyladybug920","password":"semperfi","salt":"iSx2hVUg","md5":"e08a7a1c86211a5409ed056462e84ff0","sha1":"2d3557ca4120ab102bcdf215dbe80bd734580906","sha256":"294fd8fee1195f5f0a6d793a13db91c33712fb6656755f82ed1c0c89e8631443"},"dob":{"date":"1980-10-01T06:43:07.021Z","age":43},"registered":{"date":"2004-03-16T07:38:59.813Z","age":20},"phone":"S25 J73-7379","cell":"Z51 S71-9440","id":{"name":"SIN","value":"914990817"},"picture":{"large":"https://randomuser.me/api/portraits/women/89.jpg","medium":"https://randomuser.me/api/portraits/med/women/89.jpg","thumbnail":"https://randomuser.me/api/portraits/thumb/women/89.jpg"},"nat":"CA"}],"info":{"seed":"fbc9d51deea3c273","results":1,"page":1,"version":"1.4"}} 
 </msg>
<msg time="2024-08-07T16:19:36.409526" level="INFO">/opt/hostedtoolcache/Python/3.12.4/x64/lib/python3.12/site-packages/urllib3/connectionpool.py:1099: InsecureRequestWarning: Unverified HTTPS request is being made to host 'randomuser.me'. Adding certificate verification is strongly advised. See: https://urllib3.readthedocs.io/en/latest/advanced-usage.html#tls-warnings
  warnings.warn(</msg>
<msg time="2024-08-07T16:19:36.409689" level="INFO">${response} = &lt;Response [200]&gt;</msg>
<var>${response}</var>
<arg>consultarAPI</arg>
<arg>/api</arg>
<doc>Sends a GET request on a previously created HTTP Session.</doc>
<status status="PASS" start="2024-08-07T16:19:36.091465" elapsed="0.318266"/>
</kw>
<kw name="Should Be Equal As Numbers" owner="BuiltIn">
<msg time="2024-08-07T16:19:36.410718" level="INFO">Argument types are:
&lt;class 'int'&gt;
&lt;class 'str'&gt;</msg>
<arg>${response.status_code}</arg>
<arg>200</arg>
<doc>Fails if objects are unequal after converting them to real numbers.</doc>
<status status="PASS" start="2024-08-07T16:19:36.410263" elapsed="0.000519"/>
</kw>
<kw name="Log" owner="BuiltIn">
<msg time="2024-08-07T16:19:36.411436" level="INFO">200</msg>
<arg>${response.status_code}</arg>
<doc>Logs the given message with the given level.</doc>
<status status="PASS" start="2024-08-07T16:19:36.411092" elapsed="0.000386"/>
</kw>
<kw name="Set Variable" owner="BuiltIn">
<msg time="2024-08-07T16:19:36.412207" level="INFO">${json_data} = {'results': [{'gender': 'female', 'name': {'title': 'Ms', 'first': 'Leanne', 'last': 'Tremblay'}, 'location': {'street': {'number': 8951, 'name': '22nd Ave'}, 'city': 'Lumsden', 'state': 'New Brunswic...</msg>
<var>${json_data}</var>
<arg>${response.json()}</arg>
<doc>Returns the given values which can then be assigned to a variables.</doc>
<status status="PASS" start="2024-08-07T16:19:36.411784" elapsed="0.000451"/>
</kw>
<kw name="Dictionary Should Contain Key" owner="Collections">
<arg>${json_data}</arg>
<arg>results</arg>
<doc>Fails if ``key`` is not found from ``dictionary``.</doc>
<status status="PASS" start="2024-08-07T16:19:36.412539" elapsed="0.000357"/>
</kw>
<status status="PASS" start="2024-08-07T16:19:36.091226" elapsed="0.321826"/>
</kw>
<doc>Testa se a API responde corretamente e retorna um objeto JSON válido.</doc>
<tag>testeRequisicaoBasica</tag>
<status status="PASS" start="2024-08-07T16:19:36.090773" elapsed="0.322452"/>
</test>
<test id="s1-s1-t3" name="Validar estrutura de resposta" line="22">
<kw name="Teste de Estrutura de Resposta" owner="random-user-service">
<kw name="GET On Session" owner="RequestsLibrary">
<msg time="2024-08-07T16:19:36.526283" level="INFO">GET Request : url=https://randomuser.me/api 
 path_url=/api 
 headers={'User-Agent': 'python-requests/2.32.3', 'Accept-Encoding': 'gzip, deflate', 'Accept': '*/*', 'Connection': 'keep-alive'} 
 body=None 
 </msg>
<msg time="2024-08-07T16:19:36.526385" level="INFO">GET Response : url=https://randomuser.me/api 
 status=200, reason=OK 
 headers={'Date': 'Wed, 07 Aug 2024 16:19:36 GMT', 'Content-Type': 'application/json; charset=utf-8', 'Transfer-Encoding': 'chunked', 'Connection': 'keep-alive', 'X-Powered-By': 'Express', 'Access-Control-Allow-Origin': '*', 'Cache-Control': 'no-cache', 'ETag': 'W/"49b-gHn2aTCUGer73HEyMCXc43Fi/tk"', 'Vary': 'Accept-Encoding', 'Content-Encoding': 'gzip', 'CF-Cache-Status': 'DYNAMIC', 'Report-To': '{"endpoints":[{"url":"https:\\/\\/a.nel.cloudflare.com\\/report\\/v4?s=fWWNxY0stTcIKkN6Rzjg%2Bsk23S7lKaeq2CvODDDvCVu1p1HrP9HQCGIXGWFDnvI%2FAzgkVFN6SQkk%2FnAHPruVEBvzVBwriG%2BtqYbTL0NjNFE8AaG3qiuCGysysCiOSWDT"}],"group":"cf-nel","max_age":604800}', 'NEL': '{"success_fraction":0,"report_to":"cf-nel","max_age":604800}', 'Server': 'cloudflare', 'CF-RAY': '8af896d89e688197-IAD', 'alt-svc': 'h3=":443"; ma=86400'} 
 body={"results":[{"gender":"male","name":{"title":"Mr","first":"Saksham","last":"Gatty"},"location":{"street":{"number":7491,"name":"Bandstand Promenade"},"city":"Dewas","state":"Maharashtra","country":"India","postcode":98931,"coordinates":{"latitude":"8.6225","longitude":"-91.9246"},"timezone":{"offset":"0:00","description":"Western Europe Time, London, Lisbon, Casablanca"}},"email":"saksham.gatty@example.com","login":{"uuid":"d57b049f-948c-49cf-b3d1-2e416dd15c0b","username":"ticklishbird218","password":"cheech","salt":"KrHWMX9S","md5":"40108c1e46cb2e155f316edf04c3ff8a","sha1":"5b05f151fac5496b63fa9195ff71c02afd66e963","sha256":"4fe9094f656f11097e4cb91e75c9310dbf5d6c08744e83a99d35a634be98bdf7"},"dob":{"date":"1997-07-02T11:02:56.757Z","age":27},"registered":{"date":"2007-04-26T19:16:22.986Z","age":17},"phone":"8880370703","cell":"7106767042","id":{"name":"UIDAI","value":"537298218115"},"picture":{"large":"https://randomuser.me/api/portraits/men/12.jpg","medium":"https://randomuser.me/api/portraits/med/men/12.jpg","thumbnail":"https://randomuser.me/api/portraits/thumb/men/12.jpg"},"nat":"IN"}],"info":{"seed":"d5d2a2bdc6073b98","results":1,"page":1,"version":"1.4"}} 
 </msg>
<msg time="2024-08-07T16:19:36.526519" level="INFO">/opt/hostedtoolcache/Python/3.12.4/x64/lib/python3.12/site-packages/urllib3/connectionpool.py:1099: InsecureRequestWarning: Unverified HTTPS request is being made to host 'randomuser.me'. Adding certificate verification is strongly advised. See: https://urllib3.readthedocs.io/en/latest/advanced-usage.html#tls-warnings
  warnings.warn(</msg>
<msg time="2024-08-07T16:19:36.526651" level="INFO">${response} = &lt;Response [200]&gt;</msg>
<var>${response}</var>
<arg>consultarAPI</arg>
<arg>/api</arg>
<doc>Sends a GET request on a previously created HTTP Session.</doc>
<status status="PASS" start="2024-08-07T16:19:36.415780" elapsed="0.110912"/>
</kw>
<kw name="Set Variable" owner="BuiltIn">
<msg time="2024-08-07T16:19:36.527700" level="INFO">${json_data} = {'results': [{'gender': 'male', 'name': {'title': 'Mr', 'first': 'Saksham', 'last': 'Gatty'}, 'location': {'street': {'number': 7491, 'name': 'Bandstand Promenade'}, 'city': 'Dewas', 'state': 'Maharas...</msg>
<var>${json_data}</var>
<arg>${response.json()}</arg>
<doc>Returns the given values which can then be assigned to a variables.</doc>
<status status="PASS" start="2024-08-07T16:19:36.527207" elapsed="0.000521"/>
</kw>
<kw name="Log" owner="BuiltIn">
<msg time="2024-08-07T16:19:36.528197" level="INFO">{'results': [{'gender': 'male', 'name': {'title': 'Mr', 'first': 'Saksham', 'last': 'Gatty'}, 'location': {'street': {'number': 7491, 'name': 'Bandstand Promenade'}, 'city': 'Dewas', 'state': 'Maharashtra', 'country': 'India', 'postcode': 98931, 'coordinates': {'latitude': '8.6225', 'longitude': '-91.9246'}, 'timezone': {'offset': '0:00', 'description': 'Western Europe Time, London, Lisbon, Casablanca'}}, 'email': 'saksham.gatty@example.com', 'login': {'uuid': 'd57b049f-948c-49cf-b3d1-2e416dd15c0b', 'username': 'ticklishbird218', 'password': 'cheech', 'salt': 'KrHWMX9S', 'md5': '40108c1e46cb2e155f316edf04c3ff8a', 'sha1': '5b05f151fac5496b63fa9195ff71c02afd66e963', 'sha256': '4fe9094f656f11097e4cb91e75c9310dbf5d6c08744e83a99d35a634be98bdf7'}, 'dob': {'date': '1997-07-02T11:02:56.757Z', 'age': 27}, 'registered': {'date': '2007-04-26T19:16:22.986Z', 'age': 17}, 'phone': '8880370703', 'cell': '7106767042', 'id': {'name': 'UIDAI', 'value': '537298218115'}, 'picture': {'large': 'https://randomuser.me/api/portraits/men/12.jpg', 'medium': 'https://randomuser.me/api/portraits/med/men/12.jpg', 'thumbnail': 'https://randomuser.me/api/portraits/thumb/men/12.jpg'}, 'nat': 'IN'}], 'info': {'seed': 'd5d2a2bdc6073b98', 'results': 1, 'page': 1, 'version': '1.4'}}</msg>
<arg>${json_data}</arg>
<doc>Logs the given message with the given level.</doc>
<status status="PASS" start="2024-08-07T16:19:36.528036" elapsed="0.000208"/>
</kw>
<kw name="Dictionary Should Contain Key" owner="Collections">
<arg>${json_data}</arg>
<arg>results</arg>
<doc>Fails if ``key`` is not found from ``dictionary``.</doc>
<status status="PASS" start="2024-08-07T16:19:36.528534" elapsed="0.000161"/>
</kw>
<kw name="Should Not Be Empty" owner="BuiltIn">
<msg time="2024-08-07T16:19:36.529064" level="INFO">Length is 2.</msg>
<arg>${json_data}</arg>
<doc>Verifies that the given item is not empty.</doc>
<status status="PASS" start="2024-08-07T16:19:36.528933" elapsed="0.000171"/>
</kw>
<kw name="Create List" owner="BuiltIn">
<msg time="2024-08-07T16:19:36.529554" level="INFO">${expected_keys} = ['gender', 'name', 'location', 'email', 'login']</msg>
<var>${expected_keys}</var>
<arg>gender</arg>
<arg>name</arg>
<arg>location</arg>
<arg>email</arg>
<arg>login</arg>
<doc>Returns a list containing given items.</doc>
<status status="PASS" start="2024-08-07T16:19:36.529402" elapsed="0.000177"/>
</kw>
<for flavor="IN">
<iter>
<kw name="Dictionary Should Contain Key" owner="Collections">
<arg>${json_data['results'][0]}</arg>
<arg>${key}</arg>
<doc>Fails if ``key`` is not found from ``dictionary``.</doc>
<status status="PASS" start="2024-08-07T16:19:36.530160" elapsed="0.000402"/>
</kw>
<kw name="Log" owner="BuiltIn">
<msg time="2024-08-07T16:19:36.531110" level="INFO">{'gender': 'male', 'name': {'title': 'Mr', 'first': 'Saksham', 'last': 'Gatty'}, 'location': {'street': {'number': 7491, 'name': 'Bandstand Promenade'}, 'city': 'Dewas', 'state': 'Maharashtra', 'country': 'India', 'postcode': 98931, 'coordinates': {'latitude': '8.6225', 'longitude': '-91.9246'}, 'timezone': {'offset': '0:00', 'description': 'Western Europe Time, London, Lisbon, Casablanca'}}, 'email': 'saksham.gatty@example.com', 'login': {'uuid': 'd57b049f-948c-49cf-b3d1-2e416dd15c0b', 'username': 'ticklishbird218', 'password': 'cheech', 'salt': 'KrHWMX9S', 'md5': '40108c1e46cb2e155f316edf04c3ff8a', 'sha1': '5b05f151fac5496b63fa9195ff71c02afd66e963', 'sha256': '4fe9094f656f11097e4cb91e75c9310dbf5d6c08744e83a99d35a634be98bdf7'}, 'dob': {'date': '1997-07-02T11:02:56.757Z', 'age': 27}, 'registered': {'date': '2007-04-26T19:16:22.986Z', 'age': 17}, 'phone': '8880370703', 'cell': '7106767042', 'id': {'name': 'UIDAI', 'value': '537298218115'}, 'picture': {'large': 'https://randomuser.me/api/portraits/men/12.jpg', 'medium': 'https://randomuser.me/api/portraits/med/men/12.jpg', 'thumbnail': 'https://randomuser.me/api/portraits/thumb/men/12.jpg'}, 'nat': 'IN'}</msg>
<arg>${json_data['results'][0]}</arg>
<doc>Logs the given message with the given level.</doc>
<status status="PASS" start="2024-08-07T16:19:36.530753" elapsed="0.000407"/>
</kw>
<kw name="Log" owner="BuiltIn">
<msg time="2024-08-07T16:19:36.531597" level="INFO">gender</msg>
<arg>${key}</arg>
<doc>Logs the given message with the given level.</doc>
<status status="PASS" start="2024-08-07T16:19:36.531468" elapsed="0.000167"/>
</kw>
<var name="${key}">gender</var>
<status status="PASS" start="2024-08-07T16:19:36.530038" elapsed="0.001816"/>
</iter>
<iter>
<kw name="Dictionary Should Contain Key" owner="Collections">
<arg>${json_data['results'][0]}</arg>
<arg>${key}</arg>
<doc>Fails if ``key`` is not found from ``dictionary``.</doc>
<status status="PASS" start="2024-08-07T16:19:36.532175" elapsed="0.000392"/>
</kw>
<kw name="Log" owner="BuiltIn">
<msg time="2024-08-07T16:19:36.533132" level="INFO">{'gender': 'male', 'name': {'title': 'Mr', 'first': 'Saksham', 'last': 'Gatty'}, 'location': {'street': {'number': 7491, 'name': 'Bandstand Promenade'}, 'city': 'Dewas', 'state': 'Maharashtra', 'country': 'India', 'postcode': 98931, 'coordinates': {'latitude': '8.6225', 'longitude': '-91.9246'}, 'timezone': {'offset': '0:00', 'description': 'Western Europe Time, London, Lisbon, Casablanca'}}, 'email': 'saksham.gatty@example.com', 'login': {'uuid': 'd57b049f-948c-49cf-b3d1-2e416dd15c0b', 'username': 'ticklishbird218', 'password': 'cheech', 'salt': 'KrHWMX9S', 'md5': '40108c1e46cb2e155f316edf04c3ff8a', 'sha1': '5b05f151fac5496b63fa9195ff71c02afd66e963', 'sha256': '4fe9094f656f11097e4cb91e75c9310dbf5d6c08744e83a99d35a634be98bdf7'}, 'dob': {'date': '1997-07-02T11:02:56.757Z', 'age': 27}, 'registered': {'date': '2007-04-26T19:16:22.986Z', 'age': 17}, 'phone': '8880370703', 'cell': '7106767042', 'id': {'name': 'UIDAI', 'value': '537298218115'}, 'picture': {'large': 'https://randomuser.me/api/portraits/men/12.jpg', 'medium': 'https://randomuser.me/api/portraits/med/men/12.jpg', 'thumbnail': 'https://randomuser.me/api/portraits/thumb/men/12.jpg'}, 'nat': 'IN'}</msg>
<arg>${json_data['results'][0]}</arg>
<doc>Logs the given message with the given level.</doc>
<status status="PASS" start="2024-08-07T16:19:36.532770" elapsed="0.000443"/>
</kw>
<kw name="Log" owner="BuiltIn">
<msg time="2024-08-07T16:19:36.533645" level="INFO">name</msg>
<arg>${key}</arg>
<doc>Logs the given message with the given level.</doc>
<status status="PASS" start="2024-08-07T16:19:36.533514" elapsed="0.000169"/>
</kw>
<var name="${key}">name</var>
<status status="PASS" start="2024-08-07T16:19:36.532060" elapsed="0.001844"/>
</iter>
<iter>
<kw name="Dictionary Should Contain Key" owner="Collections">
<arg>${json_data['results'][0]}</arg>
<arg>${key}</arg>
<doc>Fails if ``key`` is not found from ``dictionary``.</doc>
<status status="PASS" start="2024-08-07T16:19:36.534201" elapsed="0.000383"/>
</kw>
<kw name="Log" owner="BuiltIn">
<msg time="2024-08-07T16:19:36.535109" level="INFO">{'gender': 'male', 'name': {'title': 'Mr', 'first': 'Saksham', 'last': 'Gatty'}, 'location': {'street': {'number': 7491, 'name': 'Bandstand Promenade'}, 'city': 'Dewas', 'state': 'Maharashtra', 'country': 'India', 'postcode': 98931, 'coordinates': {'latitude': '8.6225', 'longitude': '-91.9246'}, 'timezone': {'offset': '0:00', 'description': 'Western Europe Time, London, Lisbon, Casablanca'}}, 'email': 'saksham.gatty@example.com', 'login': {'uuid': 'd57b049f-948c-49cf-b3d1-2e416dd15c0b', 'username': 'ticklishbird218', 'password': 'cheech', 'salt': 'KrHWMX9S', 'md5': '40108c1e46cb2e155f316edf04c3ff8a', 'sha1': '5b05f151fac5496b63fa9195ff71c02afd66e963', 'sha256': '4fe9094f656f11097e4cb91e75c9310dbf5d6c08744e83a99d35a634be98bdf7'}, 'dob': {'date': '1997-07-02T11:02:56.757Z', 'age': 27}, 'registered': {'date': '2007-04-26T19:16:22.986Z', 'age': 17}, 'phone': '8880370703', 'cell': '7106767042', 'id': {'name': 'UIDAI', 'value': '537298218115'}, 'picture': {'large': 'https://randomuser.me/api/portraits/men/12.jpg', 'medium': 'https://randomuser.me/api/portraits/med/men/12.jpg', 'thumbnail': 'https://randomuser.me/api/portraits/thumb/men/12.jpg'}, 'nat': 'IN'}</msg>
<arg>${json_data['results'][0]}</arg>
<doc>Logs the given message with the given level.</doc>
<status status="PASS" start="2024-08-07T16:19:36.534764" elapsed="0.000392"/>
</kw>
<kw name="Log" owner="BuiltIn">
<msg time="2024-08-07T16:19:36.535585" level="INFO">location</msg>
<arg>${key}</arg>
<doc>Logs the given message with the given level.</doc>
<status status="PASS" start="2024-08-07T16:19:36.535457" elapsed="0.000165"/>
</kw>
<var name="${key}">location</var>
<status status="PASS" start="2024-08-07T16:19:36.534093" elapsed="0.001745"/>
</iter>
<iter>
<kw name="Dictionary Should Contain Key" owner="Collections">
<arg>${json_data['results'][0]}</arg>
<arg>${key}</arg>
<doc>Fails if ``key`` is not found from ``dictionary``.</doc>
<status status="PASS" start="2024-08-07T16:19:36.536117" elapsed="0.000384"/>
</kw>
<kw name="Log" owner="BuiltIn">
<msg time="2024-08-07T16:19:36.537244" level="INFO">{'gender': 'male', 'name': {'title': 'Mr', 'first': 'Saksham', 'last': 'Gatty'}, 'location': {'street': {'number': 7491, 'name': 'Bandstand Promenade'}, 'city': 'Dewas', 'state': 'Maharashtra', 'country': 'India', 'postcode': 98931, 'coordinates': {'latitude': '8.6225', 'longitude': '-91.9246'}, 'timezone': {'offset': '0:00', 'description': 'Western Europe Time, London, Lisbon, Casablanca'}}, 'email': 'saksham.gatty@example.com', 'login': {'uuid': 'd57b049f-948c-49cf-b3d1-2e416dd15c0b', 'username': 'ticklishbird218', 'password': 'cheech', 'salt': 'KrHWMX9S', 'md5': '40108c1e46cb2e155f316edf04c3ff8a', 'sha1': '5b05f151fac5496b63fa9195ff71c02afd66e963', 'sha256': '4fe9094f656f11097e4cb91e75c9310dbf5d6c08744e83a99d35a634be98bdf7'}, 'dob': {'date': '1997-07-02T11:02:56.757Z', 'age': 27}, 'registered': {'date': '2007-04-26T19:16:22.986Z', 'age': 17}, 'phone': '8880370703', 'cell': '7106767042', 'id': {'name': 'UIDAI', 'value': '537298218115'}, 'picture': {'large': 'https://randomuser.me/api/portraits/men/12.jpg', 'medium': 'https://randomuser.me/api/portraits/med/men/12.jpg', 'thumbnail': 'https://randomuser.me/api/portraits/thumb/men/12.jpg'}, 'nat': 'IN'}</msg>
<arg>${json_data['results'][0]}</arg>
<doc>Logs the given message with the given level.</doc>
<status status="PASS" start="2024-08-07T16:19:36.536849" elapsed="0.000444"/>
</kw>
<kw name="Log" owner="BuiltIn">
<msg time="2024-08-07T16:19:36.537724" level="INFO">email</msg>
<arg>${key}</arg>
<doc>Logs the given message with the given level.</doc>
<status status="PASS" start="2024-08-07T16:19:36.537592" elapsed="0.000170"/>
</kw>
<var name="${key}">email</var>
<status status="PASS" start="2024-08-07T16:19:36.536009" elapsed="0.001969"/>
</iter>
<iter>
<kw name="Dictionary Should Contain Key" owner="Collections">
<arg>${json_data['results'][0]}</arg>
<arg>${key}</arg>
<doc>Fails if ``key`` is not found from ``dictionary``.</doc>
<status status="PASS" start="2024-08-07T16:19:36.538260" elapsed="0.000374"/>
</kw>
<kw name="Log" owner="BuiltIn">
<msg time="2024-08-07T16:19:36.539166" level="INFO">{'gender': 'male', 'name': {'title': 'Mr', 'first': 'Saksham', 'last': 'Gatty'}, 'location': {'street': {'number': 7491, 'name': 'Bandstand Promenade'}, 'city': 'Dewas', 'state': 'Maharashtra', 'country': 'India', 'postcode': 98931, 'coordinates': {'latitude': '8.6225', 'longitude': '-91.9246'}, 'timezone': {'offset': '0:00', 'description': 'Western Europe Time, London, Lisbon, Casablanca'}}, 'email': 'saksham.gatty@example.com', 'login': {'uuid': 'd57b049f-948c-49cf-b3d1-2e416dd15c0b', 'username': 'ticklishbird218', 'password': 'cheech', 'salt': 'KrHWMX9S', 'md5': '40108c1e46cb2e155f316edf04c3ff8a', 'sha1': '5b05f151fac5496b63fa9195ff71c02afd66e963', 'sha256': '4fe9094f656f11097e4cb91e75c9310dbf5d6c08744e83a99d35a634be98bdf7'}, 'dob': {'date': '1997-07-02T11:02:56.757Z', 'age': 27}, 'registered': {'date': '2007-04-26T19:16:22.986Z', 'age': 17}, 'phone': '8880370703', 'cell': '7106767042', 'id': {'name': 'UIDAI', 'value': '537298218115'}, 'picture': {'large': 'https://randomuser.me/api/portraits/men/12.jpg', 'medium': 'https://randomuser.me/api/portraits/med/men/12.jpg', 'thumbnail': 'https://randomuser.me/api/portraits/thumb/men/12.jpg'}, 'nat': 'IN'}</msg>
<arg>${json_data['results'][0]}</arg>
<doc>Logs the given message with the given level.</doc>
<status status="PASS" start="2024-08-07T16:19:36.538816" elapsed="0.000407"/>
</kw>
<kw name="Log" owner="BuiltIn">
<msg time="2024-08-07T16:19:36.539648" level="INFO">login</msg>
<arg>${key}</arg>
<doc>Logs the given message with the given level.</doc>
<status status="PASS" start="2024-08-07T16:19:36.539519" elapsed="0.000166"/>
</kw>
<var name="${key}">login</var>
<status status="PASS" start="2024-08-07T16:19:36.538153" elapsed="0.001747"/>
</iter>
<var>${key}</var>
<value>@{expected_keys}</value>
<status status="PASS" start="2024-08-07T16:19:36.529845" elapsed="0.010178"/>
</for>
<kw name="Create List" owner="BuiltIn">
<msg time="2024-08-07T16:19:36.540379" level="INFO">${expected_keysTwo} = ['username', 'password']</msg>
<var>${expected_keysTwo}</var>
<arg>username</arg>
<arg>password</arg>
<doc>Returns a list containing given items.</doc>
<status status="PASS" start="2024-08-07T16:19:36.540210" elapsed="0.000195"/>
</kw>
<for flavor="IN">
<iter>
<kw name="Dictionary Should Contain Key" owner="Collections">
<arg>${json_data['results'][0]['login']}</arg>
<arg>${keyTwo}</arg>
<doc>Fails if ``key`` is not found from ``dictionary``.</doc>
<status status="PASS" start="2024-08-07T16:19:36.540935" elapsed="0.000390"/>
</kw>
<kw name="Dictionary Should Contain Key" owner="Collections">
<arg>${json_data['results'][0]['login']}</arg>
<arg>${keyTwo}</arg>
<doc>Fails if ``key`` is not found from ``dictionary``.</doc>
<status status="PASS" start="2024-08-07T16:19:36.541505" elapsed="0.000373"/>
</kw>
<kw name="Log" owner="BuiltIn">
<msg time="2024-08-07T16:19:36.542182" level="INFO">username</msg>
<arg>${keyTwo}</arg>
<doc>Logs the given message with the given level.</doc>
<status status="PASS" start="2024-08-07T16:19:36.542059" elapsed="0.000160"/>
</kw>
<var name="${keyTwo}">username</var>
<status status="PASS" start="2024-08-07T16:19:36.540827" elapsed="0.001619"/>
</iter>
<iter>
<kw name="Dictionary Should Contain Key" owner="Collections">
<arg>${json_data['results'][0]['login']}</arg>
<arg>${keyTwo}</arg>
<doc>Fails if ``key`` is not found from ``dictionary``.</doc>
<status status="PASS" start="2024-08-07T16:19:36.542728" elapsed="0.000387"/>
</kw>
<kw name="Dictionary Should Contain Key" owner="Collections">
<arg>${json_data['results'][0]['login']}</arg>
<arg>${keyTwo}</arg>
<doc>Fails if ``key`` is not found from ``dictionary``.</doc>
<status status="PASS" start="2024-08-07T16:19:36.543293" elapsed="0.000371"/>
</kw>
<kw name="Log" owner="BuiltIn">
<msg time="2024-08-07T16:19:36.543959" level="INFO">password</msg>
<arg>${keyTwo}</arg>
<doc>Logs the given message with the given level.</doc>
<status status="PASS" start="2024-08-07T16:19:36.543839" elapsed="0.000157"/>
</kw>
<var name="${keyTwo}">password</var>
<status status="PASS" start="2024-08-07T16:19:36.542620" elapsed="0.001597"/>
</iter>
<var>${keyTwo}</var>
<value>@{expected_keysTwo}</value>
<status status="PASS" start="2024-08-07T16:19:36.540646" elapsed="0.003694"/>
</for>
<status status="PASS" start="2024-08-07T16:19:36.415553" elapsed="0.128928"/>
</kw>
<doc>Testa a estrutura da resposta da API.</doc>
<tag>testeEstruturaResposta</tag>
<status status="PASS" start="2024-08-07T16:19:36.415040" elapsed="0.129599"/>
</test>
<test id="s1-s1-t4" name="Validar tipos de dados" line="28">
<kw name="Teste de Tipos de Dados" owner="random-user-service">
<kw name="GET On Session" owner="RequestsLibrary">
<msg time="2024-08-07T16:19:36.648321" level="INFO">GET Request : url=https://randomuser.me/api 
 path_url=/api 
 headers={'User-Agent': 'python-requests/2.32.3', 'Accept-Encoding': 'gzip, deflate', 'Accept': '*/*', 'Connection': 'keep-alive'} 
 body=None 
 </msg>
<msg time="2024-08-07T16:19:36.648400" level="INFO">GET Response : url=https://randomuser.me/api 
 status=200, reason=OK 
 headers={'Date': 'Wed, 07 Aug 2024 16:19:36 GMT', 'Content-Type': 'application/json; charset=utf-8', 'Transfer-Encoding': 'chunked', 'Connection': 'keep-alive', 'X-Powered-By': 'Express', 'Access-Control-Allow-Origin': '*', 'Cache-Control': 'no-cache', 'ETag': 'W/"47c-OWCnjaWXn/0qGPQNmco06moj6MA"', 'Vary': 'Accept-Encoding', 'Content-Encoding': 'gzip', 'CF-Cache-Status': 'DYNAMIC', 'Report-To': '{"endpoints":[{"url":"https:\\/\\/a.nel.cloudflare.com\\/report\\/v4?s=cPerlUTdCyAsTdcRoV0aLbXPKo38L0hkNkxw%2FS3EMY2qkPmlHFrwsgiWkW9nH3rMcsQvz9bfjfFiB9dVzYkrEmZhcR7D6n85Jxc4%2F30ShgNXEAJ6FyQraGj8eOkkwraa"}],"group":"cf-nel","max_age":604800}', 'NEL': '{"success_fraction":0,"report_to":"cf-nel","max_age":604800}', 'Server': 'cloudflare', 'CF-RAY': '8af896d96f598197-IAD', 'alt-svc': 'h3=":443"; ma=86400'} 
 body={"results":[{"gender":"female","name":{"title":"Ms","first":"Lily","last":"White"},"location":{"street":{"number":9968,"name":"Victoria Street"},"city":"Wellington","state":"Taranaki","country":"New Zealand","postcode":74237,"coordinates":{"latitude":"51.1971","longitude":"107.6789"},"timezone":{"offset":"-12:00","description":"Eniwetok, Kwajalein"}},"email":"lily.white@example.com","login":{"uuid":"9df0feeb-b52c-4c42-9fa3-933e7ba9c679","username":"bluelion306","password":"oilers","salt":"vkWXtlh0","md5":"5bfd881983f16b59db767b43b0ee6458","sha1":"ed915212357f3a749c7f1339073f9ee082142598","sha256":"f8be8670ad2fb758df03326226d522a5a2d2382cabc26403c20e7ba5b2d4c3f4"},"dob":{"date":"1956-08-25T10:50:39.015Z","age":67},"registered":{"date":"2020-07-08T19:34:56.855Z","age":4},"phone":"(765)-744-6082","cell":"(191)-027-6665","id":{"name":"","value":null},"picture":{"large":"https://randomuser.me/api/portraits/women/45.jpg","medium":"https://randomuser.me/api/portraits/med/women/45.jpg","thumbnail":"https://randomuser.me/api/portraits/thumb/women/45.jpg"},"nat":"NZ"}],"info":{"seed":"c4ab6daa0c0c5a3e","results":1,"page":1,"version":"1.4"}} 
 </msg>
<msg time="2024-08-07T16:19:36.648468" level="INFO">/opt/hostedtoolcache/Python/3.12.4/x64/lib/python3.12/site-packages/urllib3/connectionpool.py:1099: InsecureRequestWarning: Unverified HTTPS request is being made to host 'randomuser.me'. Adding certificate verification is strongly advised. See: https://urllib3.readthedocs.io/en/latest/advanced-usage.html#tls-warnings
  warnings.warn(</msg>
<msg time="2024-08-07T16:19:36.648573" level="INFO">${response} = &lt;Response [200]&gt;</msg>
<var>${response}</var>
<arg>consultarAPI</arg>
<arg>/api</arg>
<doc>Sends a GET request on a previously created HTTP Session.</doc>
<status status="PASS" start="2024-08-07T16:19:36.547144" elapsed="0.101473"/>
</kw>
<kw name="Set Variable" owner="BuiltIn">
<msg time="2024-08-07T16:19:36.649476" level="INFO">${json_data} = {'results': [{'gender': 'female', 'name': {'title': 'Ms', 'first': 'Lily', 'last': 'White'}, 'location': {'street': {'number': 9968, 'name': 'Victoria Street'}, 'city': 'Wellington', 'state': 'Taranak...</msg>
<var>${json_data}</var>
<arg>${response.json()}</arg>
<doc>Returns the given values which can then be assigned to a variables.</doc>
<status status="PASS" start="2024-08-07T16:19:36.649017" elapsed="0.000487"/>
</kw>
<kw name="Log" owner="BuiltIn">
<msg time="2024-08-07T16:19:36.649957" level="INFO">{'results': [{'gender': 'female', 'name': {'title': 'Ms', 'first': 'Lily', 'last': 'White'}, 'location': {'street': {'number': 9968, 'name': 'Victoria Street'}, 'city': 'Wellington', 'state': 'Taranaki', 'country': 'New Zealand', 'postcode': 74237, 'coordinates': {'latitude': '51.1971', 'longitude': '107.6789'}, 'timezone': {'offset': '-12:00', 'description': 'Eniwetok, Kwajalein'}}, 'email': 'lily.white@example.com', 'login': {'uuid': '9df0feeb-b52c-4c42-9fa3-933e7ba9c679', 'username': 'bluelion306', 'password': 'oilers', 'salt': 'vkWXtlh0', 'md5': '5bfd881983f16b59db767b43b0ee6458', 'sha1': 'ed915212357f3a749c7f1339073f9ee082142598', 'sha256': 'f8be8670ad2fb758df03326226d522a5a2d2382cabc26403c20e7ba5b2d4c3f4'}, 'dob': {'date': '1956-08-25T10:50:39.015Z', 'age': 67}, 'registered': {'date': '2020-07-08T19:34:56.855Z', 'age': 4}, 'phone': '(765)-744-6082', 'cell': '(191)-027-6665', 'id': {'name': '', 'value': None}, 'picture': {'large': 'https://randomuser.me/api/portraits/women/45.jpg', 'medium': 'https://randomuser.me/api/portraits/med/women/45.jpg', 'thumbnail': 'https://randomuser.me/api/portraits/thumb/women/45.jpg'}, 'nat': 'NZ'}], 'info': {'seed': 'c4ab6daa0c0c5a3e', 'results': 1, 'page': 1, 'version': '1.4'}}</msg>
<arg>${json_data}</arg>
<doc>Logs the given message with the given level.</doc>
<status status="PASS" start="2024-08-07T16:19:36.649805" elapsed="0.000198"/>
</kw>
<kw name="Should Be String" owner="String">
<arg>${json_data['results'][0]['gender']}</arg>
<doc>Fails if the given ``item`` is not a string.</doc>
<status status="PASS" start="2024-08-07T16:19:36.650293" elapsed="0.000359"/>
</kw>
<kw name="Should Match Regexp" owner="BuiltIn">
<arg>${json_data['results'][0]['email']}</arg>
<arg>^[a-zA-Z0-9._%+-]+@[a-zA-Z0-9.-]+\.[a-zA-Z]{2,}$</arg>
<doc>Fails if ``string`` does not match ``pattern`` as a regular expression.</doc>
<status status="PASS" start="2024-08-07T16:19:36.650846" elapsed="0.000549"/>
</kw>
<kw name="Should Match Regexp" owner="BuiltIn">
<arg>${json_data['results'][0]['dob']['date']}</arg>
<arg>\\d{4}-\\d{2}-\\d{2}T\\d{2}:\\d{2}:\\d{2}\\.\\d{3}Z</arg>
<doc>Fails if ``string`` does not match ``pattern`` as a regular expression.</doc>
<status status="PASS" start="2024-08-07T16:19:36.651589" elapsed="0.000606"/>
</kw>
<kw name="Should Match Regexp" owner="BuiltIn">
<arg>${json_data['results'][0]['registered']['date']}</arg>
<arg>\\d{4}-\\d{2}-\\d{2}T\\d{2}:\\d{2}:\\d{2}\\.\\d{3}Z</arg>
<doc>Fails if ``string`` does not match ``pattern`` as a regular expression.</doc>
<status status="PASS" start="2024-08-07T16:19:36.652387" elapsed="0.000405"/>
</kw>
<kw name="Should Match Regexp" owner="BuiltIn">
<arg>${json_data['results'][0]['picture']['large']}</arg>
<arg>^https?://.*\.(?:png|jpe?g|gif|bmp)$</arg>
<doc>Fails if ``string`` does not match ``pattern`` as a regular expression.</doc>
<status status="PASS" start="2024-08-07T16:19:36.653025" elapsed="0.000569"/>
</kw>
<kw name="Should Match Regexp" owner="BuiltIn">
<arg>${json_data['results'][0]['picture']['medium']}</arg>
<arg>^https?://.*\.(?:png|jpe?g|gif|bmp)$</arg>
<doc>Fails if ``string`` does not match ``pattern`` as a regular expression.</doc>
<status status="PASS" start="2024-08-07T16:19:36.653827" elapsed="0.000456"/>
</kw>
<kw name="Should Match Regexp" owner="BuiltIn">
<arg>${json_data['results'][0]['picture']['thumbnail']}</arg>
<arg>^https?://.*\.(?:png|jpe?g|gif|bmp)$</arg>
<doc>Fails if ``string`` does not match ``pattern`` as a regular expression.</doc>
<status status="PASS" start="2024-08-07T16:19:36.654509" elapsed="0.000446"/>
</kw>
<kw name="Log" owner="BuiltIn">
<msg time="2024-08-07T16:19:36.655573" level="INFO">{'large': 'https://randomuser.me/api/portraits/women/45.jpg', 'medium': 'https://randomuser.me/api/portraits/med/women/45.jpg', 'thumbnail': 'https://randomuser.me/api/portraits/thumb/women/45.jpg'}</msg>
<arg>${json_data['results'][0]['picture']}</arg>
<doc>Logs the given message with the given level.</doc>
<status status="PASS" start="2024-08-07T16:19:36.655172" elapsed="0.000445"/>
</kw>
<status status="PASS" start="2024-08-07T16:19:36.546912" elapsed="0.109009"/>
</kw>
<kw name="Teste de Tipos de Dados - Postcode" owner="random-user-service">
<kw name="GET On Session" owner="RequestsLibrary">
<msg time="2024-08-07T16:19:36.689529" level="INFO">GET Request : url=https://randomuser.me/api 
 path_url=/api 
 headers={'User-Agent': 'python-requests/2.32.3', 'Accept-Encoding': 'gzip, deflate', 'Accept': '*/*', 'Connection': 'keep-alive'} 
 body=None 
 </msg>
<msg time="2024-08-07T16:19:36.689605" level="INFO">GET Response : url=https://randomuser.me/api 
 status=200, reason=OK 
 headers={'Date': 'Wed, 07 Aug 2024 16:19:36 GMT', 'Content-Type': 'application/json; charset=utf-8', 'Transfer-Encoding': 'chunked', 'Connection': 'keep-alive', 'X-Powered-By': 'Express', 'Access-Control-Allow-Origin': '*', 'Cache-Control': 'no-cache', 'ETag': 'W/"492-F2v+nwFWr2hx8gg7vy+c5LPKQfI"', 'Vary': 'Accept-Encoding', 'Content-Encoding': 'gzip', 'CF-Cache-Status': 'DYNAMIC', 'Report-To': '{"endpoints":[{"url":"https:\\/\\/a.nel.cloudflare.com\\/report\\/v4?s=Q6mg7gv9Rwi7t14lbZzII89tgKNTMAdTYf7l93ysRa0cBROm9OM2OA0jU61UdRdbPoUKzQhCskAA9klwRwxAr29BIDNNibHuT3GqZ28orXS%2FHNWB1T9KX8nlGsME28vp"}],"group":"cf-nel","max_age":604800}', 'NEL': '{"success_fraction":0,"report_to":"cf-nel","max_age":604800}', 'Server': 'cloudflare', 'CF-RAY': '8af896da18298197-IAD', 'alt-svc': 'h3=":443"; ma=86400'} 
 body={"results":[{"gender":"female","name":{"title":"Ms","first":"Eva","last":"Archuleta"},"location":{"street":{"number":2791,"name":"Corredor Rumania"},"city":"Ex-hacienda de Solís","state":"Coahuila","country":"Mexico","postcode":70236,"coordinates":{"latitude":"27.4655","longitude":"20.9353"},"timezone":{"offset":"-2:00","description":"Mid-Atlantic"}},"email":"eva.archuleta@example.com","login":{"uuid":"60c64843-a442-4938-85aa-5f2f8cb4d3c2","username":"purplegoose984","password":"north","salt":"srlKnHsv","md5":"0da258fbde4c03b9adea3d3f23a31562","sha1":"29cc01de9f86eadffe9237520be8ef14bfc7a59d","sha256":"44f00de0c328713e8fe10ef2858bd055f6e01dc3cdd1da73fb69892e968ae2a1"},"dob":{"date":"1951-11-27T14:43:26.015Z","age":72},"registered":{"date":"2022-05-13T15:14:09.478Z","age":2},"phone":"(677) 282 7144","cell":"(675) 966 1957","id":{"name":"NSS","value":"58 30 98 4172 9"},"picture":{"large":"https://randomuser.me/api/portraits/women/52.jpg","medium":"https://randomuser.me/api/portraits/med/women/52.jpg","thumbnail":"https://randomuser.me/api/portraits/thumb/women/52.jpg"},"nat":"MX"}],"info":{"seed":"d2d480ca7d019bf4","results":1,"page":1,"version":"1.4"}} 
 </msg>
<msg time="2024-08-07T16:19:36.689672" level="INFO">/opt/hostedtoolcache/Python/3.12.4/x64/lib/python3.12/site-packages/urllib3/connectionpool.py:1099: InsecureRequestWarning: Unverified HTTPS request is being made to host 'randomuser.me'. Adding certificate verification is strongly advised. See: https://urllib3.readthedocs.io/en/latest/advanced-usage.html#tls-warnings
  warnings.warn(</msg>
<msg time="2024-08-07T16:19:36.689762" level="INFO">${response} = &lt;Response [200]&gt;</msg>
<var>${response}</var>
<arg>consultarAPI</arg>
<arg>/api</arg>
<doc>Sends a GET request on a previously created HTTP Session.</doc>
<status status="PASS" start="2024-08-07T16:19:36.656417" elapsed="0.033373"/>
</kw>
<kw name="Set Variable" owner="BuiltIn">
<msg time="2024-08-07T16:19:36.690614" level="INFO">${json_data} = {'results': [{'gender': 'female', 'name': {'title': 'Ms', 'first': 'Eva', 'last': 'Archuleta'}, 'location': {'street': {'number': 2791, 'name': 'Corredor Rumania'}, 'city': 'Ex-hacienda de Solís', 'st...</msg>
<var>${json_data}</var>
<arg>${response.json()}</arg>
<doc>Returns the given values which can then be assigned to a variables.</doc>
<status status="PASS" start="2024-08-07T16:19:36.690167" elapsed="0.000476"/>
</kw>
<kw name="Log" owner="BuiltIn">
<msg time="2024-08-07T16:19:36.691094" level="INFO">{'results': [{'gender': 'female', 'name': {'title': 'Ms', 'first': 'Eva', 'last': 'Archuleta'}, 'location': {'street': {'number': 2791, 'name': 'Corredor Rumania'}, 'city': 'Ex-hacienda de Solís', 'state': 'Coahuila', 'country': 'Mexico', 'postcode': 70236, 'coordinates': {'latitude': '27.4655', 'longitude': '20.9353'}, 'timezone': {'offset': '-2:00', 'description': 'Mid-Atlantic'}}, 'email': 'eva.archuleta@example.com', 'login': {'uuid': '60c64843-a442-4938-85aa-5f2f8cb4d3c2', 'username': 'purplegoose984', 'password': 'north', 'salt': 'srlKnHsv', 'md5': '0da258fbde4c03b9adea3d3f23a31562', 'sha1': '29cc01de9f86eadffe9237520be8ef14bfc7a59d', 'sha256': '44f00de0c328713e8fe10ef2858bd055f6e01dc3cdd1da73fb69892e968ae2a1'}, 'dob': {'date': '1951-11-27T14:43:26.015Z', 'age': 72}, 'registered': {'date': '2022-05-13T15:14:09.478Z', 'age': 2}, 'phone': '(677) 282 7144', 'cell': '(675) 966 1957', 'id': {'name': 'NSS', 'value': '58 30 98 4172 9'}, 'picture': {'large': 'https://randomuser.me/api/portraits/women/52.jpg', 'medium': 'https://randomuser.me/api/portraits/med/women/52.jpg', 'thumbnail': 'https://randomuser.me/api/portraits/thumb/women/52.jpg'}, 'nat': 'MX'}], 'info': {'seed': 'd2d480ca7d019bf4', 'results': 1, 'page': 1, 'version': '1.4'}}</msg>
<arg>${json_data}</arg>
<doc>Logs the given message with the given level.</doc>
<status status="PASS" start="2024-08-07T16:19:36.690941" elapsed="0.000212"/>
</kw>
<kw name="Should Be Equal As Numbers" owner="BuiltIn">
<arg>${json_data['results'][0]['location']['postcode']}</arg>
<arg>${json_data['results'][0]['location']['postcode']}</arg>
<doc>Fails if objects are unequal after converting them to real numbers.</doc>
<status status="PASS" start="2024-08-07T16:19:36.691444" elapsed="0.000616"/>
</kw>
<kw name="Log" owner="BuiltIn">
<msg time="2024-08-07T16:19:36.692585" level="INFO">70236</msg>
<arg>${json_data['results'][0]['location']['postcode']}</arg>
<doc>Logs the given message with the given level.</doc>
<status status="PASS" start="2024-08-07T16:19:36.692245" elapsed="0.000381"/>
</kw>
<status status="PASS" start="2024-08-07T16:19:36.656179" elapsed="0.036771"/>
</kw>
<doc>Testa se os tipos de dados na resposta da API estão corretos.</doc>
<tag>testeTiposDados</tag>
<status status="PASS" start="2024-08-07T16:19:36.546457" elapsed="0.146657"/>
</test>
<test id="s1-s1-t5" name="Validar conteudo" line="35">
<kw name="Teste de Tipos de Conteudo" owner="random-user-service">
<kw name="GET On Session" owner="RequestsLibrary">
<msg time="2024-08-07T16:19:36.823525" level="INFO">GET Request : url=https://randomuser.me/api 
 path_url=/api 
 headers={'User-Agent': 'python-requests/2.32.3', 'Accept-Encoding': 'gzip, deflate', 'Accept': '*/*', 'Connection': 'keep-alive'} 
 body=None 
 </msg>
<msg time="2024-08-07T16:19:36.823647" level="INFO">GET Response : url=https://randomuser.me/api 
 status=200, reason=OK 
 headers={'Date': 'Wed, 07 Aug 2024 16:19:36 GMT', 'Content-Type': 'application/json; charset=utf-8', 'Transfer-Encoding': 'chunked', 'Connection': 'keep-alive', 'X-Powered-By': 'Express', 'Access-Control-Allow-Origin': '*', 'Cache-Control': 'no-cache', 'ETag': 'W/"48a-TG83F1Lg3D9/0jwK0qpz/1k/NyQ"', 'Vary': 'Accept-Encoding', 'Content-Encoding': 'gzip', 'CF-Cache-Status': 'DYNAMIC', 'Report-To': '{"endpoints":[{"url":"https:\\/\\/a.nel.cloudflare.com\\/report\\/v4?s=OhUY7WjxTiCROFtxk0a8LlNUhhpljzaCCW4s%2FAAPC3w1ke4x3MGNmxO%2FakWSRc2fpaXOIlX%2F42u8i98zA4Fqtr1KU1rXkpaciMuN651ymRijUVhhg7sHIR%2BbBreI5CO9"}],"group":"cf-nel","max_age":604800}', 'NEL': '{"success_fraction":0,"report_to":"cf-nel","max_age":604800}', 'Server': 'cloudflare', 'CF-RAY': '8af896da58748197-IAD', 'alt-svc': 'h3=":443"; ma=86400'} 
 body={"results":[{"gender":"male","name":{"title":"Mr","first":"Leo","last":"Oja"},"location":{"street":{"number":8114,"name":"Suvantokatu"},"city":"Hyrynsalmi","state":"Kymenlaakso","country":"Finland","postcode":46275,"coordinates":{"latitude":"-29.9111","longitude":"-157.3813"},"timezone":{"offset":"-3:00","description":"Brazil, Buenos Aires, Georgetown"}},"email":"leo.oja@example.com","login":{"uuid":"8a5cd136-b6c5-4594-a195-9d7fa4063249","username":"orangefrog656","password":"andyod22","salt":"RBVwuKsA","md5":"6396dc023f5788ffb0a24fa976685232","sha1":"db753fc2e2ad4d8f79a6736707614035c99860ee","sha256":"2ad334f38e42aaf68b97c9579237d4b28d122636d03816ef9bbe70ea3328bdf2"},"dob":{"date":"1991-10-17T11:54:53.540Z","age":32},"registered":{"date":"2012-04-07T13:29:14.783Z","age":12},"phone":"07-304-213","cell":"045-281-72-25","id":{"name":"HETU","value":"NaNNA239undefined"},"picture":{"large":"https://randomuser.me/api/portraits/men/99.jpg","medium":"https://randomuser.me/api/portraits/med/men/99.jpg","thumbnail":"https://randomuser.me/api/portraits/thumb/men/99.jpg"},"nat":"FI"}],"info":{"seed":"30be3bfec3c80e90","results":1,"page":1,"version":"1.4"}} 
 </msg>
<msg time="2024-08-07T16:19:36.823731" level="INFO">/opt/hostedtoolcache/Python/3.12.4/x64/lib/python3.12/site-packages/urllib3/connectionpool.py:1099: InsecureRequestWarning: Unverified HTTPS request is being made to host 'randomuser.me'. Adding certificate verification is strongly advised. See: https://urllib3.readthedocs.io/en/latest/advanced-usage.html#tls-warnings
  warnings.warn(</msg>
<msg time="2024-08-07T16:19:36.823865" level="INFO">${response} = &lt;Response [200]&gt;</msg>
<var>${response}</var>
<arg>consultarAPI</arg>
<arg>/api</arg>
<doc>Sends a GET request on a previously created HTTP Session.</doc>
<status status="PASS" start="2024-08-07T16:19:36.695845" elapsed="0.128063"/>
</kw>
<kw name="Set Variable" owner="BuiltIn">
<msg time="2024-08-07T16:19:36.824998" level="INFO">${json_data} = {'results': [{'gender': 'male', 'name': {'title': 'Mr', 'first': 'Leo', 'last': 'Oja'}, 'location': {'street': {'number': 8114, 'name': 'Suvantokatu'}, 'city': 'Hyrynsalmi', 'state': 'Kymenlaakso', 'c...</msg>
<var>${json_data}</var>
<arg>${response.json()}</arg>
<doc>Returns the given values which can then be assigned to a variables.</doc>
<status status="PASS" start="2024-08-07T16:19:36.824432" elapsed="0.000595"/>
</kw>
<kw name="Set Variable" owner="BuiltIn">
<msg time="2024-08-07T16:19:36.825765" level="INFO">${name_title} = Mr</msg>
<var>${name_title}</var>
<arg>${json_data["results"][0]["name"]["title"]}</arg>
<doc>Returns the given values which can then be assigned to a variables.</doc>
<status status="PASS" start="2024-08-07T16:19:36.825352" elapsed="0.000439"/>
</kw>
<kw name="Create List" owner="BuiltIn">
<msg time="2024-08-07T16:19:36.826236" level="INFO">${allowed_titles} = ['Mr', 'Ms', 'Miss', 'Mrs', 'Madame', 'Monsieur']</msg>
<var>${allowed_titles}</var>
<arg>Mr</arg>
<arg>Ms</arg>
<arg>Miss</arg>
<arg>Mrs</arg>
<arg>Madame</arg>
<arg>Monsieur</arg>
<doc>Returns a list containing given items.</doc>
<status status="PASS" start="2024-08-07T16:19:36.826086" elapsed="0.000175"/>
</kw>
<kw name="List Should Contain Value" owner="Collections">
<arg>${allowed_titles}</arg>
<arg>${name_title}</arg>
<doc>Fails if the ``value`` is not found from ``list``.</doc>
<status status="PASS" start="2024-08-07T16:19:36.826561" elapsed="0.000177"/>
</kw>
<kw name="Set Variable" owner="BuiltIn">
<msg time="2024-08-07T16:19:36.827306" level="INFO">${name_country} = FI</msg>
<var>${name_country}</var>
<arg>${json_data["results"][0]["nat"]}</arg>
<doc>Returns the given values which can then be assigned to a variables.</doc>
<status status="PASS" start="2024-08-07T16:19:36.826926" elapsed="0.000405"/>
</kw>
<kw name="Create List" owner="BuiltIn">
<msg time="2024-08-07T16:19:36.828228" level="INFO">${list_country} = ['AD', 'AE', 'AF', 'AG', 'AI', 'AL', 'AM', 'AO', 'AQ', 'AR', 'AS', 'AT', 'AU', 'AW', 'AX', 'AZ', 'BA', 'BB', 'BD', 'BE', 'BF', 'BG', 'BH', 'BI', 'BJ', 'BL', 'BM', 'BN', 'BO', 'BQ', 'BR', 'BS', 'BT', '...</msg>
<var>${list_country}</var>
<arg>AD</arg>
<arg>AE</arg>
<arg>AF</arg>
<arg>AG</arg>
<arg>AI</arg>
<arg>AL</arg>
<arg>AM</arg>
<arg>AO</arg>
<arg>AQ</arg>
<arg>AR</arg>
<arg>AS</arg>
<arg>AT</arg>
<arg>AU</arg>
<arg>AW</arg>
<arg>AX</arg>
<arg>AZ</arg>
<arg>BA</arg>
<arg>BB</arg>
<arg>BD</arg>
<arg>BE</arg>
<arg>BF</arg>
<arg>BG</arg>
<arg>BH</arg>
<arg>BI</arg>
<arg>BJ</arg>
<arg>BL</arg>
<arg>BM</arg>
<arg>BN</arg>
<arg>BO</arg>
<arg>BQ</arg>
<arg>BR</arg>
<arg>BS</arg>
<arg>BT</arg>
<arg>BV</arg>
<arg>BW</arg>
<arg>BY</arg>
<arg>BZ</arg>
<arg>CA</arg>
<arg>CC</arg>
<arg>CD</arg>
<arg>CF</arg>
<arg>CG</arg>
<arg>CH</arg>
<arg>CI</arg>
<arg>CK</arg>
<arg>CL</arg>
<arg>CM</arg>
<arg>CN</arg>
<arg>CO</arg>
<arg>CR</arg>
<arg>CU</arg>
<arg>CV</arg>
<arg>CW</arg>
<arg>CX</arg>
<arg>CY</arg>
<arg>CZ</arg>
<arg>DE</arg>
<arg>DJ</arg>
<arg>DK</arg>
<arg>DM</arg>
<arg>DO</arg>
<arg>DZ</arg>
<arg>EC</arg>
<arg>EE</arg>
<arg>EG</arg>
<arg>EH</arg>
<arg>ER</arg>
<arg>ES</arg>
<arg>ET</arg>
<arg>FI</arg>
<arg>FJ</arg>
<arg>FK</arg>
<arg>FM</arg>
<arg>FO</arg>
<arg>FR</arg>
<arg>GA</arg>
<arg>GB</arg>
<arg>GD</arg>
<arg>GE</arg>
<arg>GF</arg>
<arg>GG</arg>
<arg>GH</arg>
<arg>GI</arg>
<arg>GL</arg>
<arg>GM</arg>
<arg>GN</arg>
<arg>GP</arg>
<arg>GQ</arg>
<arg>GR</arg>
<arg>GS</arg>
<arg>GT</arg>
<arg>GU</arg>
<arg>GW</arg>
<arg>GY</arg>
<arg>HK</arg>
<arg>HM</arg>
<arg>HN</arg>
<arg>HR</arg>
<arg>HT</arg>
<arg>HU</arg>
<arg>ID</arg>
<arg>IE</arg>
<arg>IL</arg>
<arg>IM</arg>
<arg>IN</arg>
<arg>IO</arg>
<arg>IQ</arg>
<arg>IR</arg>
<arg>IS</arg>
<arg>IT</arg>
<arg>JE</arg>
<arg>JM</arg>
<arg>JO</arg>
<arg>JP</arg>
<arg>KE</arg>
<arg>KG</arg>
<arg>KH</arg>
<arg>KI</arg>
<arg>KM</arg>
<arg>KN</arg>
<arg>KP</arg>
<arg>KR</arg>
<arg>KW</arg>
<arg>KY</arg>
<arg>KZ</arg>
<arg>LA</arg>
<arg>LB</arg>
<arg>LC</arg>
<arg>LI</arg>
<arg>LK</arg>
<arg>LR</arg>
<arg>LS</arg>
<arg>LT</arg>
<arg>LU</arg>
<arg>LV</arg>
<arg>LY</arg>
<arg>MA</arg>
<arg>MC</arg>
<arg>MD</arg>
<arg>ME</arg>
<arg>MF</arg>
<arg>MG</arg>
<arg>MH</arg>
<arg>MK</arg>
<arg>ML</arg>
<arg>MM</arg>
<arg>MN</arg>
<arg>MO</arg>
<arg>MP</arg>
<arg>MQ</arg>
<arg>MR</arg>
<arg>MS</arg>
<arg>MT</arg>
<arg>MU</arg>
<arg>MV</arg>
<arg>MW</arg>
<arg>MX</arg>
<arg>MY</arg>
<arg>MZ</arg>
<arg>NA</arg>
<arg>NC</arg>
<arg>NE</arg>
<arg>NF</arg>
<arg>NG</arg>
<arg>NI</arg>
<arg>NL</arg>
<arg>NO</arg>
<arg>NP</arg>
<arg>NR</arg>
<arg>NU</arg>
<arg>NZ</arg>
<arg>OM</arg>
<arg>PA</arg>
<arg>PE</arg>
<arg>PF</arg>
<arg>PG</arg>
<arg>PH</arg>
<arg>PK</arg>
<arg>PL</arg>
<arg>PM</arg>
<arg>PN</arg>
<arg>PR</arg>
<arg>PS</arg>
<arg>PT</arg>
<arg>PW</arg>
<arg>PY</arg>
<arg>QA</arg>
<arg>RE</arg>
<arg>RO</arg>
<arg>RS</arg>
<arg>RU</arg>
<arg>RW</arg>
<arg>SA</arg>
<arg>SB</arg>
<arg>SC</arg>
<arg>SD</arg>
<arg>SE</arg>
<arg>SG</arg>
<arg>SH</arg>
<arg>SI</arg>
<arg>SJ</arg>
<arg>SK</arg>
<arg>SL</arg>
<arg>SM</arg>
<arg>SN</arg>
<arg>SO</arg>
<arg>SR</arg>
<arg>SS</arg>
<arg>ST</arg>
<arg>SV</arg>
<arg>SX</arg>
<arg>SY</arg>
<arg>SZ</arg>
<arg>TC</arg>
<arg>TD</arg>
<arg>TF</arg>
<arg>TG</arg>
<arg>TH</arg>
<arg>TJ</arg>
<arg>TK</arg>
<arg>TL</arg>
<arg>TM</arg>
<arg>TN</arg>
<arg>TO</arg>
<arg>TR</arg>
<arg>TT</arg>
<arg>TV</arg>
<arg>TW</arg>
<arg>TZ</arg>
<arg>UA</arg>
<arg>UG</arg>
<arg>UM</arg>
<arg>US</arg>
<arg>UY</arg>
<arg>UZ</arg>
<arg>VA</arg>
<arg>VC</arg>
<arg>VE</arg>
<arg>VG</arg>
<arg>VI</arg>
<arg>VN</arg>
<arg>VU</arg>
<arg>WF</arg>
<arg>WS</arg>
<arg>XK</arg>
<arg>YE</arg>
<arg>YT</arg>
<arg>ZA</arg>
<arg>ZM</arg>
<arg>ZW</arg>
<doc>Returns a list containing given items.</doc>
<status status="PASS" start="2024-08-07T16:19:36.827625" elapsed="0.000629"/>
</kw>
<kw name="List Should Contain Value" owner="Collections">
<arg>${list_country}</arg>
<arg>${name_country}</arg>
<doc>Fails if the ``value`` is not found from ``list``.</doc>
<status status="PASS" start="2024-08-07T16:19:36.829247" elapsed="0.000211"/>
</kw>
<kw name="Run Keyword If" owner="BuiltIn">
<kw name="Should Be True" owner="BuiltIn">
<arg>${True}</arg>
<doc>Fails if the given condition is not true.</doc>
<status status="PASS" start="2024-08-07T16:19:36.830411" elapsed="0.000143"/>
</kw>
<arg>${json_data["results"][0]["location"]["coordinates"]["latitude"]} &gt;= -90 and ${json_data["results"][0]["location"]["coordinates"]["latitude"]} &lt;= 90</arg>
<arg>Should Be True</arg>
<arg>${True}</arg>
<doc>Runs the given keyword with the given arguments, if ``condition`` is true.</doc>
<status status="PASS" start="2024-08-07T16:19:36.829657" elapsed="0.001022"/>
</kw>
<kw name="Run Keyword If" owner="BuiltIn">
<kw name="Should Be True" owner="BuiltIn">
<arg>${True}</arg>
<doc>Fails if the given condition is not true.</doc>
<status status="PASS" start="2024-08-07T16:19:36.831543" elapsed="0.000138"/>
</kw>
<arg>${json_data["results"][0]["location"]["coordinates"]["longitude"]} &gt;= -180 and ${json_data["results"][0]["location"]["coordinates"]["longitude"]} &lt;= 180</arg>
<arg>Should Be True</arg>
<arg>${True}</arg>
<doc>Runs the given keyword with the given arguments, if ``condition`` is true.</doc>
<status status="PASS" start="2024-08-07T16:19:36.830857" elapsed="0.000945"/>
</kw>
<status status="PASS" start="2024-08-07T16:19:36.695485" elapsed="0.136449"/>
</kw>
<doc>Testa o conteúdo específico dos campos retornados pela API.</doc>
<tag>testeConteudo</tag>
<status status="PASS" start="2024-08-07T16:19:36.694833" elapsed="0.137252"/>
</test>
<status status="PASS" start="2024-08-07T16:19:35.735178" elapsed="1.098895"/>
</suite>
<status status="PASS" start="2024-08-07T16:19:35.720609" elapsed="1.118605"/>
</suite>
<statistics>
<total>
<stat pass="5" fail="0" skip="0">All Tests</stat>
</total>
<tag>
<stat pass="1" fail="0" skip="0">testeConteudo</stat>
<stat pass="1" fail="0" skip="0">testeEstruturaResposta</stat>
<stat pass="1" fail="0" skip="0">testeRequisicaoBasica</stat>
<stat pass="1" fail="0" skip="0">testeTiposDados</stat>
</tag>
<suite>
<stat pass="5" fail="0" skip="0" id="s1" name="Tests">Tests</stat>
<stat pass="5" fail="0" skip="0" id="s1-s1" name="Random-User-Test">Tests.Random-User-Test</stat>
</suite>
</statistics>
<errors>
</errors>
</robot>
