<?xml version="1.0" encoding="UTF-8"?>
<robot generator="Robot 7.0.1 (Python 3.12.4 on linux)" generated="2024-07-06T03:18:18.823541" rpa="false" schemaversion="5">
<suite id="s1" name="Tests" source="/home/runner/work/ApiRandomUser/ApiRandomUser/RamdonUser/tests">
<suite id="s1-s1" name="Random-User-Test" source="/home/runner/work/ApiRandomUser/ApiRandomUser/RamdonUser/tests/random-user-test.robot">
<test id="s1-s1-t1" name="Conectar" line="13">
<kw name="Conectar API" owner="random-user-service">
<kw name="Create Session" owner="RequestsLibrary">
<msg time="2024-07-06T03:18:19.215934" level="INFO">Creating Session using : alias=consultarAPI, url=https://randomuser.me/, headers={},                     cookies={}, auth=None, timeout=None, proxies=None, verify=False,                     debug=0 </msg>
<arg>consultarAPI</arg>
<arg>${URL}</arg>
<doc>Create Session: create a HTTP session to a server</doc>
<status status="PASS" start="2024-07-06T03:18:19.215733" elapsed="0.000377"/>
</kw>
<status status="PASS" start="2024-07-06T03:18:19.214793" elapsed="0.001670"/>
</kw>
<status status="PASS" start="2024-07-06T03:18:19.214250" elapsed="0.002405"/>
</test>
<test id="s1-s1-t2" name="Validar retorno 200 e JSON Válido" line="16">
<kw name="Teste de Requisicao Basica" owner="random-user-service">
<kw name="GET On Session" owner="RequestsLibrary">
<msg time="2024-07-06T03:18:19.365262" level="INFO">GET Request : url=https://randomuser.me/api 
 path_url=/api 
 headers={'User-Agent': 'python-requests/2.32.3', 'Accept-Encoding': 'gzip, deflate', 'Accept': '*/*', 'Connection': 'keep-alive'} 
 body=None 
 </msg>
<msg time="2024-07-06T03:18:19.365460" level="INFO">GET Response : url=https://randomuser.me/api 
 status=200, reason=OK 
 headers={'Date': 'Sat, 06 Jul 2024 03:18:19 GMT', 'Content-Type': 'application/json; charset=utf-8', 'Transfer-Encoding': 'chunked', 'Connection': 'keep-alive', 'X-Powered-By': 'Express', 'Access-Control-Allow-Origin': '*', 'Cache-Control': 'no-cache', 'ETag': 'W/"4a7-tqrgWhIkvfvlw8QLo69jqFeV2Q8"', 'Vary': 'Accept-Encoding', 'Content-Encoding': 'gzip', 'CF-Cache-Status': 'DYNAMIC', 'Report-To': '{"endpoints":[{"url":"https:\\/\\/a.nel.cloudflare.com\\/report\\/v4?s=2ztg4xxDPTOoL72uwiNBwjMKDDyCnLukcMFwpTuvO8O%2BRRqtDjeSbTkzg%2BaV6pzFxH3jnY5pEFR59WTqR3H%2BUaeJ5Nhe0%2Fux52f8Y%2B0WzKFb0gf5a8Vy%2Bep7jyKDKlEy"}],"group":"cf-nel","max_age":604800}', 'NEL': '{"success_fraction":0,"report_to":"cf-nel","max_age":604800}', 'Server': 'cloudflare', 'CF-RAY': '89ec72629d0ce13f-ORD', 'alt-svc': 'h3=":443"; ma=86400'} 
 body={"results":[{"gender":"female","name":{"title":"Miss","first":"Nadežda","last":"Čabarkapa"},"location":{"street":{"number":5995,"name":"Porodice Milovanović"},"city":"Krupanj","state":"Moravica","country":"Serbia","postcode":92389,"coordinates":{"latitude":"60.5147","longitude":"20.5054"},"timezone":{"offset":"+3:00","description":"Baghdad, Riyadh, Moscow, St. Petersburg"}},"email":"nadezda.cabarkapa@example.com","login":{"uuid":"91389a55-e24a-4637-bb01-4e69816ea612","username":"beautifulfish890","password":"1941","salt":"iqMAnESS","md5":"7a98068f6cb671277f54f862f2c5edef","sha1":"a5b53c92421f193d773e130dfddd7de9855344c7","sha256":"fbfbf09e37c477d35bca9cd5c4504e114bb4ecaa6b3681f70dc2e7beac1f3a41"},"dob":{"date":"1968-10-22T10:07:07.134Z","age":55},"registered":{"date":"2014-08-19T05:24:36.946Z","age":9},"phone":"013-9631-157","cell":"067-4818-742","id":{"name":"SID","value":"043336961"},"picture":{"large":"https://randomuser.me/api/portraits/women/50.jpg","medium":"https://randomuser.me/api/portraits/med/women/50.jpg","thumbnail":"https://randomuser.me/api/portraits/thumb/women/50.jpg"},"nat":"RS"}],"info":{"seed":"0a99d0480a9bd80c","results":1,"page":1,"version":"1.4"}} 
 </msg>
<msg time="2024-07-06T03:18:19.365577" level="INFO">/opt/hostedtoolcache/Python/3.12.4/x64/lib/python3.12/site-packages/urllib3/connectionpool.py:1099: InsecureRequestWarning: Unverified HTTPS request is being made to host 'randomuser.me'. Adding certificate verification is strongly advised. See: https://urllib3.readthedocs.io/en/latest/advanced-usage.html#tls-warnings
  warnings.warn(</msg>
<msg time="2024-07-06T03:18:19.365742" level="INFO">${response} = &lt;Response [200]&gt;</msg>
<var>${response}</var>
<arg>consultarAPI</arg>
<arg>/api</arg>
<doc>Sends a GET request on a previously created HTTP Session.</doc>
<status status="PASS" start="2024-07-06T03:18:19.219294" elapsed="0.146491"/>
</kw>
<kw name="Should Be Equal As Numbers" owner="BuiltIn">
<msg time="2024-07-06T03:18:19.366896" level="INFO">Argument types are:
&lt;class 'int'&gt;
&lt;class 'str'&gt;</msg>
<arg>${response.status_code}</arg>
<arg>200</arg>
<doc>Fails if objects are unequal after converting them to real numbers.</doc>
<status status="PASS" start="2024-07-06T03:18:19.366415" elapsed="0.000549"/>
</kw>
<kw name="Log" owner="BuiltIn">
<msg time="2024-07-06T03:18:19.367655" level="INFO">200</msg>
<arg>${response.status_code}</arg>
<doc>Logs the given message with the given level.</doc>
<status status="PASS" start="2024-07-06T03:18:19.367290" elapsed="0.000409"/>
</kw>
<kw name="Set Variable" owner="BuiltIn">
<msg time="2024-07-06T03:18:19.368476" level="INFO">${json_data} = {'results': [{'gender': 'female', 'name': {'title': 'Miss', 'first': 'Nadežda', 'last': 'Čabarkapa'}, 'location': {'street': {'number': 5995, 'name': 'Porodice Milovanović'}, 'city': 'Krupanj', 'state...</msg>
<var>${json_data}</var>
<arg>${response.json()}</arg>
<doc>Returns the given values which can then be assigned to a variables.</doc>
<status status="PASS" start="2024-07-06T03:18:19.368014" elapsed="0.000496"/>
</kw>
<kw name="Dictionary Should Contain Key" owner="Collections">
<arg>${json_data}</arg>
<arg>results</arg>
<doc>Fails if ``key`` is not found from ``dictionary``.</doc>
<status status="PASS" start="2024-07-06T03:18:19.368817" elapsed="0.000167"/>
</kw>
<status status="PASS" start="2024-07-06T03:18:19.219046" elapsed="0.150092"/>
</kw>
<doc>Testa se a API responde corretamente e retorna um objeto JSON válido.</doc>
<tag>testeRequisicaoBasica</tag>
<status status="PASS" start="2024-07-06T03:18:19.218582" elapsed="0.150732"/>
</test>
<test id="s1-s1-t3" name="Validar estrutura de resposta" line="22">
<kw name="Teste de Estrutura de Resposta" owner="random-user-service">
<kw name="GET On Session" owner="RequestsLibrary">
<msg time="2024-07-06T03:18:19.463584" level="INFO">GET Request : url=https://randomuser.me/api 
 path_url=/api 
 headers={'User-Agent': 'python-requests/2.32.3', 'Accept-Encoding': 'gzip, deflate', 'Accept': '*/*', 'Connection': 'keep-alive'} 
 body=None 
 </msg>
<msg time="2024-07-06T03:18:19.463677" level="INFO">GET Response : url=https://randomuser.me/api 
 status=200, reason=OK 
 headers={'Date': 'Sat, 06 Jul 2024 03:18:19 GMT', 'Content-Type': 'application/json; charset=utf-8', 'Transfer-Encoding': 'chunked', 'Connection': 'keep-alive', 'X-Powered-By': 'Express', 'Access-Control-Allow-Origin': '*', 'Cache-Control': 'no-cache', 'ETag': 'W/"467-iXeWlUBApAgkrq4v2+l3ERHG+Lk"', 'Vary': 'Accept-Encoding', 'Content-Encoding': 'gzip', 'CF-Cache-Status': 'DYNAMIC', 'Report-To': '{"endpoints":[{"url":"https:\\/\\/a.nel.cloudflare.com\\/report\\/v4?s=PmI4FAZf5PEA5SakZH%2FAEX9pfl8Y3lZ9EK45kjHPkJseTBSGbihAQH9NiLpyuHE0EsURfik5CYxnVHHwJHqY7TYyyOOJsHaNlwOZIhAA%2Bmhs4qdmG4uR6weIqLiWNOfD"}],"group":"cf-nel","max_age":604800}', 'NEL': '{"success_fraction":0,"report_to":"cf-nel","max_age":604800}', 'Server': 'cloudflare', 'CF-RAY': '89ec72631db0e13f-ORD', 'alt-svc': 'h3=":443"; ma=86400'} 
 body={"results":[{"gender":"female","name":{"title":"Ms","first":"Ülkü","last":"Yetkiner"},"location":{"street":{"number":4258,"name":"Abanoz Sk"},"city":"Sakarya","state":"Sakarya","country":"Turkey","postcode":81393,"coordinates":{"latitude":"68.8298","longitude":"113.2667"},"timezone":{"offset":"+4:30","description":"Kabul"}},"email":"ulku.yetkiner@example.com","login":{"uuid":"edba66aa-c69b-4fa6-8d74-e75af4f572f5","username":"brownswan546","password":"insert","salt":"yMQ8OAdZ","md5":"b2dd9f7720ada547ddd312b9c210507f","sha1":"09f3923f384372e35091732b6af2e4d159db5832","sha256":"2f10e3e4c690c79fcd8667ad09a237bb7505617b65414b901ba5af15285be474"},"dob":{"date":"1965-03-18T20:39:49.064Z","age":59},"registered":{"date":"2015-01-15T03:41:20.947Z","age":9},"phone":"(293)-419-3028","cell":"(436)-448-4512","id":{"name":"","value":null},"picture":{"large":"https://randomuser.me/api/portraits/women/94.jpg","medium":"https://randomuser.me/api/portraits/med/women/94.jpg","thumbnail":"https://randomuser.me/api/portraits/thumb/women/94.jpg"},"nat":"TR"}],"info":{"seed":"8c41a31c6529e2ac","results":1,"page":1,"version":"1.4"}} 
 </msg>
<msg time="2024-07-06T03:18:19.463808" level="INFO">/opt/hostedtoolcache/Python/3.12.4/x64/lib/python3.12/site-packages/urllib3/connectionpool.py:1099: InsecureRequestWarning: Unverified HTTPS request is being made to host 'randomuser.me'. Adding certificate verification is strongly advised. See: https://urllib3.readthedocs.io/en/latest/advanced-usage.html#tls-warnings
  warnings.warn(</msg>
<msg time="2024-07-06T03:18:19.463938" level="INFO">${response} = &lt;Response [200]&gt;</msg>
<var>${response}</var>
<arg>consultarAPI</arg>
<arg>/api</arg>
<doc>Sends a GET request on a previously created HTTP Session.</doc>
<status status="PASS" start="2024-07-06T03:18:19.371980" elapsed="0.092002"/>
</kw>
<kw name="Set Variable" owner="BuiltIn">
<msg time="2024-07-06T03:18:19.465105" level="INFO">${json_data} = {'results': [{'gender': 'female', 'name': {'title': 'Ms', 'first': 'Ülkü', 'last': 'Yetkiner'}, 'location': {'street': {'number': 4258, 'name': 'Abanoz Sk'}, 'city': 'Sakarya', 'state': 'Sakarya', 'co...</msg>
<var>${json_data}</var>
<arg>${response.json()}</arg>
<doc>Returns the given values which can then be assigned to a variables.</doc>
<status status="PASS" start="2024-07-06T03:18:19.464517" elapsed="0.000618"/>
</kw>
<kw name="Log" owner="BuiltIn">
<msg time="2024-07-06T03:18:19.465663" level="INFO">{'results': [{'gender': 'female', 'name': {'title': 'Ms', 'first': 'Ülkü', 'last': 'Yetkiner'}, 'location': {'street': {'number': 4258, 'name': 'Abanoz Sk'}, 'city': 'Sakarya', 'state': 'Sakarya', 'country': 'Turkey', 'postcode': 81393, 'coordinates': {'latitude': '68.8298', 'longitude': '113.2667'}, 'timezone': {'offset': '+4:30', 'description': 'Kabul'}}, 'email': 'ulku.yetkiner@example.com', 'login': {'uuid': 'edba66aa-c69b-4fa6-8d74-e75af4f572f5', 'username': 'brownswan546', 'password': 'insert', 'salt': 'yMQ8OAdZ', 'md5': 'b2dd9f7720ada547ddd312b9c210507f', 'sha1': '09f3923f384372e35091732b6af2e4d159db5832', 'sha256': '2f10e3e4c690c79fcd8667ad09a237bb7505617b65414b901ba5af15285be474'}, 'dob': {'date': '1965-03-18T20:39:49.064Z', 'age': 59}, 'registered': {'date': '2015-01-15T03:41:20.947Z', 'age': 9}, 'phone': '(293)-419-3028', 'cell': '(436)-448-4512', 'id': {'name': '', 'value': None}, 'picture': {'large': 'https://randomuser.me/api/portraits/women/94.jpg', 'medium': 'https://randomuser.me/api/portraits/med/women/94.jpg', 'thumbnail': 'https://randomuser.me/api/portraits/thumb/women/94.jpg'}, 'nat': 'TR'}], 'info': {'seed': '8c41a31c6529e2ac', 'results': 1, 'page': 1, 'version': '1.4'}}</msg>
<arg>${json_data}</arg>
<doc>Logs the given message with the given level.</doc>
<status status="PASS" start="2024-07-06T03:18:19.465494" elapsed="0.000219"/>
</kw>
<kw name="Dictionary Should Contain Key" owner="Collections">
<arg>${json_data}</arg>
<arg>results</arg>
<doc>Fails if ``key`` is not found from ``dictionary``.</doc>
<status status="PASS" start="2024-07-06T03:18:19.466014" elapsed="0.000160"/>
</kw>
<kw name="Should Not Be Empty" owner="BuiltIn">
<msg time="2024-07-06T03:18:19.466494" level="INFO">Length is 2.</msg>
<arg>${json_data}</arg>
<doc>Verifies that the given item is not empty.</doc>
<status status="PASS" start="2024-07-06T03:18:19.466361" elapsed="0.000174"/>
</kw>
<kw name="Create List" owner="BuiltIn">
<msg time="2024-07-06T03:18:19.467137" level="INFO">${expected_keys} = ['gender', 'name', 'location', 'email', 'login']</msg>
<var>${expected_keys}</var>
<arg>gender</arg>
<arg>name</arg>
<arg>location</arg>
<arg>email</arg>
<arg>login</arg>
<doc>Returns a list containing given items.</doc>
<status status="PASS" start="2024-07-06T03:18:19.466836" elapsed="0.000327"/>
</kw>
<for flavor="IN">
<iter>
<kw name="Dictionary Should Contain Key" owner="Collections">
<arg>${json_data['results'][0]}</arg>
<arg>${key}</arg>
<doc>Fails if ``key`` is not found from ``dictionary``.</doc>
<status status="PASS" start="2024-07-06T03:18:19.467756" elapsed="0.000404"/>
</kw>
<kw name="Log" owner="BuiltIn">
<msg time="2024-07-06T03:18:19.468720" level="INFO">{'gender': 'female', 'name': {'title': 'Ms', 'first': 'Ülkü', 'last': 'Yetkiner'}, 'location': {'street': {'number': 4258, 'name': 'Abanoz Sk'}, 'city': 'Sakarya', 'state': 'Sakarya', 'country': 'Turkey', 'postcode': 81393, 'coordinates': {'latitude': '68.8298', 'longitude': '113.2667'}, 'timezone': {'offset': '+4:30', 'description': 'Kabul'}}, 'email': 'ulku.yetkiner@example.com', 'login': {'uuid': 'edba66aa-c69b-4fa6-8d74-e75af4f572f5', 'username': 'brownswan546', 'password': 'insert', 'salt': 'yMQ8OAdZ', 'md5': 'b2dd9f7720ada547ddd312b9c210507f', 'sha1': '09f3923f384372e35091732b6af2e4d159db5832', 'sha256': '2f10e3e4c690c79fcd8667ad09a237bb7505617b65414b901ba5af15285be474'}, 'dob': {'date': '1965-03-18T20:39:49.064Z', 'age': 59}, 'registered': {'date': '2015-01-15T03:41:20.947Z', 'age': 9}, 'phone': '(293)-419-3028', 'cell': '(436)-448-4512', 'id': {'name': '', 'value': None}, 'picture': {'large': 'https://randomuser.me/api/portraits/women/94.jpg', 'medium': 'https://randomuser.me/api/portraits/med/women/94.jpg', 'thumbnail': 'https://randomuser.me/api/portraits/thumb/women/94.jpg'}, 'nat': 'TR'}</msg>
<arg>${json_data['results'][0]}</arg>
<doc>Logs the given message with the given level.</doc>
<status status="PASS" start="2024-07-06T03:18:19.468349" elapsed="0.000422"/>
</kw>
<kw name="Log" owner="BuiltIn">
<msg time="2024-07-06T03:18:19.469205" level="INFO">gender</msg>
<arg>${key}</arg>
<doc>Logs the given message with the given level.</doc>
<status status="PASS" start="2024-07-06T03:18:19.469076" elapsed="0.000179"/>
</kw>
<var name="${key}">gender</var>
<status status="PASS" start="2024-07-06T03:18:19.467629" elapsed="0.001887"/>
</iter>
<iter>
<kw name="Dictionary Should Contain Key" owner="Collections">
<arg>${json_data['results'][0]}</arg>
<arg>${key}</arg>
<doc>Fails if ``key`` is not found from ``dictionary``.</doc>
<status status="PASS" start="2024-07-06T03:18:19.469832" elapsed="0.000396"/>
</kw>
<kw name="Log" owner="BuiltIn">
<msg time="2024-07-06T03:18:19.470773" level="INFO">{'gender': 'female', 'name': {'title': 'Ms', 'first': 'Ülkü', 'last': 'Yetkiner'}, 'location': {'street': {'number': 4258, 'name': 'Abanoz Sk'}, 'city': 'Sakarya', 'state': 'Sakarya', 'country': 'Turkey', 'postcode': 81393, 'coordinates': {'latitude': '68.8298', 'longitude': '113.2667'}, 'timezone': {'offset': '+4:30', 'description': 'Kabul'}}, 'email': 'ulku.yetkiner@example.com', 'login': {'uuid': 'edba66aa-c69b-4fa6-8d74-e75af4f572f5', 'username': 'brownswan546', 'password': 'insert', 'salt': 'yMQ8OAdZ', 'md5': 'b2dd9f7720ada547ddd312b9c210507f', 'sha1': '09f3923f384372e35091732b6af2e4d159db5832', 'sha256': '2f10e3e4c690c79fcd8667ad09a237bb7505617b65414b901ba5af15285be474'}, 'dob': {'date': '1965-03-18T20:39:49.064Z', 'age': 59}, 'registered': {'date': '2015-01-15T03:41:20.947Z', 'age': 9}, 'phone': '(293)-419-3028', 'cell': '(436)-448-4512', 'id': {'name': '', 'value': None}, 'picture': {'large': 'https://randomuser.me/api/portraits/women/94.jpg', 'medium': 'https://randomuser.me/api/portraits/med/women/94.jpg', 'thumbnail': 'https://randomuser.me/api/portraits/thumb/women/94.jpg'}, 'nat': 'TR'}</msg>
<arg>${json_data['results'][0]}</arg>
<doc>Logs the given message with the given level.</doc>
<status status="PASS" start="2024-07-06T03:18:19.470411" elapsed="0.000448"/>
</kw>
<kw name="Log" owner="BuiltIn">
<msg time="2024-07-06T03:18:19.471290" level="INFO">name</msg>
<arg>${key}</arg>
<doc>Logs the given message with the given level.</doc>
<status status="PASS" start="2024-07-06T03:18:19.471163" elapsed="0.000164"/>
</kw>
<var name="${key}">name</var>
<status status="PASS" start="2024-07-06T03:18:19.469716" elapsed="0.001828"/>
</iter>
<iter>
<kw name="Dictionary Should Contain Key" owner="Collections">
<arg>${json_data['results'][0]}</arg>
<arg>${key}</arg>
<doc>Fails if ``key`` is not found from ``dictionary``.</doc>
<status status="PASS" start="2024-07-06T03:18:19.471827" elapsed="0.000374"/>
</kw>
<kw name="Log" owner="BuiltIn">
<msg time="2024-07-06T03:18:19.472729" level="INFO">{'gender': 'female', 'name': {'title': 'Ms', 'first': 'Ülkü', 'last': 'Yetkiner'}, 'location': {'street': {'number': 4258, 'name': 'Abanoz Sk'}, 'city': 'Sakarya', 'state': 'Sakarya', 'country': 'Turkey', 'postcode': 81393, 'coordinates': {'latitude': '68.8298', 'longitude': '113.2667'}, 'timezone': {'offset': '+4:30', 'description': 'Kabul'}}, 'email': 'ulku.yetkiner@example.com', 'login': {'uuid': 'edba66aa-c69b-4fa6-8d74-e75af4f572f5', 'username': 'brownswan546', 'password': 'insert', 'salt': 'yMQ8OAdZ', 'md5': 'b2dd9f7720ada547ddd312b9c210507f', 'sha1': '09f3923f384372e35091732b6af2e4d159db5832', 'sha256': '2f10e3e4c690c79fcd8667ad09a237bb7505617b65414b901ba5af15285be474'}, 'dob': {'date': '1965-03-18T20:39:49.064Z', 'age': 59}, 'registered': {'date': '2015-01-15T03:41:20.947Z', 'age': 9}, 'phone': '(293)-419-3028', 'cell': '(436)-448-4512', 'id': {'name': '', 'value': None}, 'picture': {'large': 'https://randomuser.me/api/portraits/women/94.jpg', 'medium': 'https://randomuser.me/api/portraits/med/women/94.jpg', 'thumbnail': 'https://randomuser.me/api/portraits/thumb/women/94.jpg'}, 'nat': 'TR'}</msg>
<arg>${json_data['results'][0]}</arg>
<doc>Logs the given message with the given level.</doc>
<status status="PASS" start="2024-07-06T03:18:19.472381" elapsed="0.000397"/>
</kw>
<kw name="Log" owner="BuiltIn">
<msg time="2024-07-06T03:18:19.473209" level="INFO">location</msg>
<arg>${key}</arg>
<doc>Logs the given message with the given level.</doc>
<status status="PASS" start="2024-07-06T03:18:19.473077" elapsed="0.000171"/>
</kw>
<var name="${key}">location</var>
<status status="PASS" start="2024-07-06T03:18:19.471721" elapsed="0.001772"/>
</iter>
<iter>
<kw name="Dictionary Should Contain Key" owner="Collections">
<arg>${json_data['results'][0]}</arg>
<arg>${key}</arg>
<doc>Fails if ``key`` is not found from ``dictionary``.</doc>
<status status="PASS" start="2024-07-06T03:18:19.473791" elapsed="0.000393"/>
</kw>
<kw name="Log" owner="BuiltIn">
<msg time="2024-07-06T03:18:19.474717" level="INFO">{'gender': 'female', 'name': {'title': 'Ms', 'first': 'Ülkü', 'last': 'Yetkiner'}, 'location': {'street': {'number': 4258, 'name': 'Abanoz Sk'}, 'city': 'Sakarya', 'state': 'Sakarya', 'country': 'Turkey', 'postcode': 81393, 'coordinates': {'latitude': '68.8298', 'longitude': '113.2667'}, 'timezone': {'offset': '+4:30', 'description': 'Kabul'}}, 'email': 'ulku.yetkiner@example.com', 'login': {'uuid': 'edba66aa-c69b-4fa6-8d74-e75af4f572f5', 'username': 'brownswan546', 'password': 'insert', 'salt': 'yMQ8OAdZ', 'md5': 'b2dd9f7720ada547ddd312b9c210507f', 'sha1': '09f3923f384372e35091732b6af2e4d159db5832', 'sha256': '2f10e3e4c690c79fcd8667ad09a237bb7505617b65414b901ba5af15285be474'}, 'dob': {'date': '1965-03-18T20:39:49.064Z', 'age': 59}, 'registered': {'date': '2015-01-15T03:41:20.947Z', 'age': 9}, 'phone': '(293)-419-3028', 'cell': '(436)-448-4512', 'id': {'name': '', 'value': None}, 'picture': {'large': 'https://randomuser.me/api/portraits/women/94.jpg', 'medium': 'https://randomuser.me/api/portraits/med/women/94.jpg', 'thumbnail': 'https://randomuser.me/api/portraits/thumb/women/94.jpg'}, 'nat': 'TR'}</msg>
<arg>${json_data['results'][0]}</arg>
<doc>Logs the given message with the given level.</doc>
<status status="PASS" start="2024-07-06T03:18:19.474366" elapsed="0.000400"/>
</kw>
<kw name="Log" owner="BuiltIn">
<msg time="2024-07-06T03:18:19.475186" level="INFO">email</msg>
<arg>${key}</arg>
<doc>Logs the given message with the given level.</doc>
<status status="PASS" start="2024-07-06T03:18:19.475060" elapsed="0.000165"/>
</kw>
<var name="${key}">email</var>
<status status="PASS" start="2024-07-06T03:18:19.473681" elapsed="0.001758"/>
</iter>
<iter>
<kw name="Dictionary Should Contain Key" owner="Collections">
<arg>${json_data['results'][0]}</arg>
<arg>${key}</arg>
<doc>Fails if ``key`` is not found from ``dictionary``.</doc>
<status status="PASS" start="2024-07-06T03:18:19.475723" elapsed="0.000392"/>
</kw>
<kw name="Log" owner="BuiltIn">
<msg time="2024-07-06T03:18:19.476659" level="INFO">{'gender': 'female', 'name': {'title': 'Ms', 'first': 'Ülkü', 'last': 'Yetkiner'}, 'location': {'street': {'number': 4258, 'name': 'Abanoz Sk'}, 'city': 'Sakarya', 'state': 'Sakarya', 'country': 'Turkey', 'postcode': 81393, 'coordinates': {'latitude': '68.8298', 'longitude': '113.2667'}, 'timezone': {'offset': '+4:30', 'description': 'Kabul'}}, 'email': 'ulku.yetkiner@example.com', 'login': {'uuid': 'edba66aa-c69b-4fa6-8d74-e75af4f572f5', 'username': 'brownswan546', 'password': 'insert', 'salt': 'yMQ8OAdZ', 'md5': 'b2dd9f7720ada547ddd312b9c210507f', 'sha1': '09f3923f384372e35091732b6af2e4d159db5832', 'sha256': '2f10e3e4c690c79fcd8667ad09a237bb7505617b65414b901ba5af15285be474'}, 'dob': {'date': '1965-03-18T20:39:49.064Z', 'age': 59}, 'registered': {'date': '2015-01-15T03:41:20.947Z', 'age': 9}, 'phone': '(293)-419-3028', 'cell': '(436)-448-4512', 'id': {'name': '', 'value': None}, 'picture': {'large': 'https://randomuser.me/api/portraits/women/94.jpg', 'medium': 'https://randomuser.me/api/portraits/med/women/94.jpg', 'thumbnail': 'https://randomuser.me/api/portraits/thumb/women/94.jpg'}, 'nat': 'TR'}</msg>
<arg>${json_data['results'][0]}</arg>
<doc>Logs the given message with the given level.</doc>
<status status="PASS" start="2024-07-06T03:18:19.476299" elapsed="0.000410"/>
</kw>
<kw name="Log" owner="BuiltIn">
<msg time="2024-07-06T03:18:19.477131" level="INFO">login</msg>
<arg>${key}</arg>
<doc>Logs the given message with the given level.</doc>
<status status="PASS" start="2024-07-06T03:18:19.477004" elapsed="0.000164"/>
</kw>
<var name="${key}">login</var>
<status status="PASS" start="2024-07-06T03:18:19.475611" elapsed="0.001772"/>
</iter>
<var>${key}</var>
<value>@{expected_keys}</value>
<status status="PASS" start="2024-07-06T03:18:19.467431" elapsed="0.010126"/>
</for>
<kw name="Create List" owner="BuiltIn">
<msg time="2024-07-06T03:18:19.477900" level="INFO">${expected_keysTwo} = ['username', 'password']</msg>
<var>${expected_keysTwo}</var>
<arg>username</arg>
<arg>password</arg>
<doc>Returns a list containing given items.</doc>
<status status="PASS" start="2024-07-06T03:18:19.477761" elapsed="0.000164"/>
</kw>
<for flavor="IN">
<iter>
<kw name="Dictionary Should Contain Key" owner="Collections">
<arg>${json_data['results'][0]['login']}</arg>
<arg>${keyTwo}</arg>
<doc>Fails if ``key`` is not found from ``dictionary``.</doc>
<status status="PASS" start="2024-07-06T03:18:19.478451" elapsed="0.000380"/>
</kw>
<kw name="Dictionary Should Contain Key" owner="Collections">
<arg>${json_data['results'][0]['login']}</arg>
<arg>${keyTwo}</arg>
<doc>Fails if ``key`` is not found from ``dictionary``.</doc>
<status status="PASS" start="2024-07-06T03:18:19.479011" elapsed="0.000380"/>
</kw>
<kw name="Log" owner="BuiltIn">
<msg time="2024-07-06T03:18:19.479693" level="INFO">username</msg>
<arg>${keyTwo}</arg>
<doc>Logs the given message with the given level.</doc>
<status status="PASS" start="2024-07-06T03:18:19.479573" elapsed="0.000158"/>
</kw>
<var name="${keyTwo}">username</var>
<status status="PASS" start="2024-07-06T03:18:19.478344" elapsed="0.001611"/>
</iter>
<iter>
<kw name="Dictionary Should Contain Key" owner="Collections">
<arg>${json_data['results'][0]['login']}</arg>
<arg>${keyTwo}</arg>
<doc>Fails if ``key`` is not found from ``dictionary``.</doc>
<status status="PASS" start="2024-07-06T03:18:19.480231" elapsed="0.000392"/>
</kw>
<kw name="Dictionary Should Contain Key" owner="Collections">
<arg>${json_data['results'][0]['login']}</arg>
<arg>${keyTwo}</arg>
<doc>Fails if ``key`` is not found from ``dictionary``.</doc>
<status status="PASS" start="2024-07-06T03:18:19.480801" elapsed="0.000365"/>
</kw>
<kw name="Log" owner="BuiltIn">
<msg time="2024-07-06T03:18:19.481481" level="INFO">password</msg>
<arg>${keyTwo}</arg>
<doc>Logs the given message with the given level.</doc>
<status status="PASS" start="2024-07-06T03:18:19.481341" elapsed="0.000183"/>
</kw>
<var name="${keyTwo}">password</var>
<status status="PASS" start="2024-07-06T03:18:19.480125" elapsed="0.001717"/>
</iter>
<var>${keyTwo}</var>
<value>@{expected_keysTwo}</value>
<status status="PASS" start="2024-07-06T03:18:19.478190" elapsed="0.003773"/>
</for>
<status status="PASS" start="2024-07-06T03:18:19.371744" elapsed="0.110356"/>
</kw>
<doc>Testa a estrutura da resposta da API.</doc>
<tag>testeEstruturaResposta</tag>
<status status="PASS" start="2024-07-06T03:18:19.371215" elapsed="0.111036"/>
</test>
<test id="s1-s1-t4" name="Validar tipos de dados" line="28">
<kw name="Teste de Tipos de Dados" owner="random-user-service">
<kw name="GET On Session" owner="RequestsLibrary">
<msg time="2024-07-06T03:18:19.570401" level="INFO">GET Request : url=https://randomuser.me/api 
 path_url=/api 
 headers={'User-Agent': 'python-requests/2.32.3', 'Accept-Encoding': 'gzip, deflate', 'Accept': '*/*', 'Connection': 'keep-alive'} 
 body=None 
 </msg>
<msg time="2024-07-06T03:18:19.570480" level="INFO">GET Response : url=https://randomuser.me/api 
 status=200, reason=OK 
 headers={'Date': 'Sat, 06 Jul 2024 03:18:19 GMT', 'Content-Type': 'application/json; charset=utf-8', 'Transfer-Encoding': 'chunked', 'Connection': 'keep-alive', 'X-Powered-By': 'Express', 'Access-Control-Allow-Origin': '*', 'Cache-Control': 'no-cache', 'ETag': 'W/"4ab-soOqrpHtyaf1s/xX1xFpnNnNfjk"', 'Vary': 'Accept-Encoding', 'Content-Encoding': 'gzip', 'CF-Cache-Status': 'DYNAMIC', 'Report-To': '{"endpoints":[{"url":"https:\\/\\/a.nel.cloudflare.com\\/report\\/v4?s=6XTd%2FscLRgrE%2Fq8Bf4UXsS%2FrdZ2oLLbKKfLtNuRGmdC0EeBrpZdbQ1AtXLJyzhEa%2BmqRcNtK4%2BrT7kEbG8bpmx%2BluhDas%2FjJDWyoH%2Fd%2Fz9lJqKOgU73U%2F73%2Be8heeETu"}],"group":"cf-nel","max_age":604800}', 'NEL': '{"success_fraction":0,"report_to":"cf-nel","max_age":604800}', 'Server': 'cloudflare', 'CF-RAY': '89ec7263ce8ae13f-ORD', 'alt-svc': 'h3=":443"; ma=86400'} 
 body={"results":[{"gender":"female","name":{"title":"Miss","first":"Candice","last":"Robin"},"location":{"street":{"number":3410,"name":"Rue de L'Abbé-Roger-Derry"},"city":"Aulnay-sous-Bois","state":"Hérault","country":"France","postcode":77112,"coordinates":{"latitude":"-16.5811","longitude":"46.1352"},"timezone":{"offset":"-8:00","description":"Pacific Time (US &amp; Canada)"}},"email":"candice.robin@example.com","login":{"uuid":"2e225917-b6b9-4146-8b90-92df26e7cdca","username":"angrymeercat218","password":"marc","salt":"xSJerxXS","md5":"077b86ac72d379730f1a037f6d9d848a","sha1":"61d9ff07cd0f862a4985f5a408fdbc18f16f9541","sha256":"84cbcb97e862800f17bbcce4906d1b9784ff700899643353acda05dfa4beb8bf"},"dob":{"date":"1993-02-02T09:56:44.191Z","age":31},"registered":{"date":"2022-05-12T11:10:21.599Z","age":2},"phone":"03-84-78-76-69","cell":"06-16-91-14-88","id":{"name":"INSEE","value":"2930114112867 66"},"picture":{"large":"https://randomuser.me/api/portraits/women/14.jpg","medium":"https://randomuser.me/api/portraits/med/women/14.jpg","thumbnail":"https://randomuser.me/api/portraits/thumb/women/14.jpg"},"nat":"FR"}],"info":{"seed":"35a8b9be2b8fbad9","results":1,"page":1,"version":"1.4"}} 
 </msg>
<msg time="2024-07-06T03:18:19.570556" level="INFO">/opt/hostedtoolcache/Python/3.12.4/x64/lib/python3.12/site-packages/urllib3/connectionpool.py:1099: InsecureRequestWarning: Unverified HTTPS request is being made to host 'randomuser.me'. Adding certificate verification is strongly advised. See: https://urllib3.readthedocs.io/en/latest/advanced-usage.html#tls-warnings
  warnings.warn(</msg>
<msg time="2024-07-06T03:18:19.570658" level="INFO">${response} = &lt;Response [200]&gt;</msg>
<var>${response}</var>
<arg>consultarAPI</arg>
<arg>/api</arg>
<doc>Sends a GET request on a previously created HTTP Session.</doc>
<status status="PASS" start="2024-07-06T03:18:19.484725" elapsed="0.085981"/>
</kw>
<kw name="Set Variable" owner="BuiltIn">
<msg time="2024-07-06T03:18:19.571601" level="INFO">${json_data} = {'results': [{'gender': 'female', 'name': {'title': 'Miss', 'first': 'Candice', 'last': 'Robin'}, 'location': {'street': {'number': 3410, 'name': "Rue de L'Abbé-Roger-Derry"}, 'city': 'Aulnay-sous-Boi...</msg>
<var>${json_data}</var>
<arg>${response.json()}</arg>
<doc>Returns the given values which can then be assigned to a variables.</doc>
<status status="PASS" start="2024-07-06T03:18:19.571149" elapsed="0.000482"/>
</kw>
<kw name="Log" owner="BuiltIn">
<msg time="2024-07-06T03:18:19.572096" level="INFO">{'results': [{'gender': 'female', 'name': {'title': 'Miss', 'first': 'Candice', 'last': 'Robin'}, 'location': {'street': {'number': 3410, 'name': "Rue de L'Abbé-Roger-Derry"}, 'city': 'Aulnay-sous-Bois', 'state': 'Hérault', 'country': 'France', 'postcode': 77112, 'coordinates': {'latitude': '-16.5811', 'longitude': '46.1352'}, 'timezone': {'offset': '-8:00', 'description': 'Pacific Time (US &amp; Canada)'}}, 'email': 'candice.robin@example.com', 'login': {'uuid': '2e225917-b6b9-4146-8b90-92df26e7cdca', 'username': 'angrymeercat218', 'password': 'marc', 'salt': 'xSJerxXS', 'md5': '077b86ac72d379730f1a037f6d9d848a', 'sha1': '61d9ff07cd0f862a4985f5a408fdbc18f16f9541', 'sha256': '84cbcb97e862800f17bbcce4906d1b9784ff700899643353acda05dfa4beb8bf'}, 'dob': {'date': '1993-02-02T09:56:44.191Z', 'age': 31}, 'registered': {'date': '2022-05-12T11:10:21.599Z', 'age': 2}, 'phone': '03-84-78-76-69', 'cell': '06-16-91-14-88', 'id': {'name': 'INSEE', 'value': '2930114112867 66'}, 'picture': {'large': 'https://randomuser.me/api/portraits/women/14.jpg', 'medium': 'https://randomuser.me/api/portraits/med/women/14.jpg', 'thumbnail': 'https://randomuser.me/api/portraits/thumb/women/14.jpg'}, 'nat': 'FR'}], 'info': {'seed': '35a8b9be2b8fbad9', 'results': 1, 'page': 1, 'version': '1.4'}}</msg>
<arg>${json_data}</arg>
<doc>Logs the given message with the given level.</doc>
<status status="PASS" start="2024-07-06T03:18:19.571938" elapsed="0.000219"/>
</kw>
<kw name="Should Be String" owner="String">
<arg>${json_data['results'][0]['gender']}</arg>
<doc>Fails if the given ``item`` is not a string.</doc>
<status status="PASS" start="2024-07-06T03:18:19.572448" elapsed="0.000358"/>
</kw>
<kw name="Should Match Regexp" owner="BuiltIn">
<arg>${json_data['results'][0]['email']}</arg>
<arg>^[a-zA-Z0-9._%+-]+@[a-zA-Z0-9.-]+\.[a-zA-Z]{2,}$</arg>
<doc>Fails if ``string`` does not match ``pattern`` as a regular expression.</doc>
<status status="PASS" start="2024-07-06T03:18:19.572991" elapsed="0.000545"/>
</kw>
<kw name="Should Match Regexp" owner="BuiltIn">
<arg>${json_data['results'][0]['dob']['date']}</arg>
<arg>\\d{4}-\\d{2}-\\d{2}T\\d{2}:\\d{2}:\\d{2}\\.\\d{3}Z</arg>
<doc>Fails if ``string`` does not match ``pattern`` as a regular expression.</doc>
<status status="PASS" start="2024-07-06T03:18:19.573779" elapsed="0.000490"/>
</kw>
<kw name="Should Match Regexp" owner="BuiltIn">
<arg>${json_data['results'][0]['registered']['date']}</arg>
<arg>\\d{4}-\\d{2}-\\d{2}T\\d{2}:\\d{2}:\\d{2}\\.\\d{3}Z</arg>
<doc>Fails if ``string`` does not match ``pattern`` as a regular expression.</doc>
<status status="PASS" start="2024-07-06T03:18:19.574461" elapsed="0.000365"/>
</kw>
<kw name="Should Match Regexp" owner="BuiltIn">
<arg>${json_data['results'][0]['picture']['large']}</arg>
<arg>^https?://.*\.(?:png|jpe?g|gif|bmp)$</arg>
<doc>Fails if ``string`` does not match ``pattern`` as a regular expression.</doc>
<status status="PASS" start="2024-07-06T03:18:19.575025" elapsed="0.000643"/>
</kw>
<kw name="Should Match Regexp" owner="BuiltIn">
<arg>${json_data['results'][0]['picture']['medium']}</arg>
<arg>^https?://.*\.(?:png|jpe?g|gif|bmp)$</arg>
<doc>Fails if ``string`` does not match ``pattern`` as a regular expression.</doc>
<status status="PASS" start="2024-07-06T03:18:19.575862" elapsed="0.000357"/>
</kw>
<kw name="Should Match Regexp" owner="BuiltIn">
<arg>${json_data['results'][0]['picture']['thumbnail']}</arg>
<arg>^https?://.*\.(?:png|jpe?g|gif|bmp)$</arg>
<doc>Fails if ``string`` does not match ``pattern`` as a regular expression.</doc>
<status status="PASS" start="2024-07-06T03:18:19.576403" elapsed="0.000349"/>
</kw>
<kw name="Log" owner="BuiltIn">
<msg time="2024-07-06T03:18:19.577257" level="INFO">{'large': 'https://randomuser.me/api/portraits/women/14.jpg', 'medium': 'https://randomuser.me/api/portraits/med/women/14.jpg', 'thumbnail': 'https://randomuser.me/api/portraits/thumb/women/14.jpg'}</msg>
<arg>${json_data['results'][0]['picture']}</arg>
<doc>Logs the given message with the given level.</doc>
<status status="PASS" start="2024-07-06T03:18:19.576928" elapsed="0.000373"/>
</kw>
<status status="PASS" start="2024-07-06T03:18:19.484503" elapsed="0.093100"/>
</kw>
<kw name="Teste de Tipos de Dados - Postcode" owner="random-user-service">
<kw name="GET On Session" owner="RequestsLibrary">
<msg time="2024-07-06T03:18:19.667263" level="INFO">GET Request : url=https://randomuser.me/api 
 path_url=/api 
 headers={'User-Agent': 'python-requests/2.32.3', 'Accept-Encoding': 'gzip, deflate', 'Accept': '*/*', 'Connection': 'keep-alive'} 
 body=None 
 </msg>
<msg time="2024-07-06T03:18:19.667351" level="INFO">GET Response : url=https://randomuser.me/api 
 status=200, reason=OK 
 headers={'Date': 'Sat, 06 Jul 2024 03:18:19 GMT', 'Content-Type': 'application/json; charset=utf-8', 'Transfer-Encoding': 'chunked', 'Connection': 'keep-alive', 'X-Powered-By': 'Express', 'Access-Control-Allow-Origin': '*', 'Cache-Control': 'no-cache', 'ETag': 'W/"494-R/o+Aq8h82osrMoBcAWCHdiLvNU"', 'Vary': 'Accept-Encoding', 'Content-Encoding': 'gzip', 'CF-Cache-Status': 'DYNAMIC', 'Report-To': '{"endpoints":[{"url":"https:\\/\\/a.nel.cloudflare.com\\/report\\/v4?s=Ttfuugyspyeq2uMQ%2BDTCqUdXb16SY3yrAZE6LUsv4pRcXit0CGqAxAxX0tHYv3SLP%2Bu%2BFecHbIE4udyJpBIV1TrwDDqHyQdJGGkOiC9DQi3LImzNllmmR0Gwz3QHZF90"}],"group":"cf-nel","max_age":604800}', 'NEL': '{"success_fraction":0,"report_to":"cf-nel","max_age":604800}', 'Server': 'cloudflare', 'CF-RAY': '89ec72645f21e13f-ORD', 'alt-svc': 'h3=":443"; ma=86400'} 
 body={"results":[{"gender":"male","name":{"title":"Mr","first":"Angus","last":"Singh"},"location":{"street":{"number":9620,"name":"West Coast Road"},"city":"Napier","state":"Hawke'S Bay","country":"New Zealand","postcode":40028,"coordinates":{"latitude":"49.9179","longitude":"-17.9691"},"timezone":{"offset":"0:00","description":"Western Europe Time, London, Lisbon, Casablanca"}},"email":"angus.singh@example.com","login":{"uuid":"0a7ff745-40e5-433b-b3b3-6a18a1c80f77","username":"sadelephant469","password":"carmex2","salt":"qd4tonSn","md5":"2965fc5e6f75b41ec70090b706635259","sha1":"bae85421429b485ef5dc2dbc92ce38e8422feb07","sha256":"660490553356acf67602b45aa1e17efe3a071524689384e28e96082b0903c7b8"},"dob":{"date":"1983-02-19T16:26:15.187Z","age":41},"registered":{"date":"2004-05-24T05:38:31.480Z","age":20},"phone":"(617)-509-4407","cell":"(449)-839-7883","id":{"name":"","value":null},"picture":{"large":"https://randomuser.me/api/portraits/men/52.jpg","medium":"https://randomuser.me/api/portraits/med/men/52.jpg","thumbnail":"https://randomuser.me/api/portraits/thumb/men/52.jpg"},"nat":"NZ"}],"info":{"seed":"4581e0b0b12f864b","results":1,"page":1,"version":"1.4"}} 
 </msg>
<msg time="2024-07-06T03:18:19.667412" level="INFO">/opt/hostedtoolcache/Python/3.12.4/x64/lib/python3.12/site-packages/urllib3/connectionpool.py:1099: InsecureRequestWarning: Unverified HTTPS request is being made to host 'randomuser.me'. Adding certificate verification is strongly advised. See: https://urllib3.readthedocs.io/en/latest/advanced-usage.html#tls-warnings
  warnings.warn(</msg>
<msg time="2024-07-06T03:18:19.667520" level="INFO">${response} = &lt;Response [200]&gt;</msg>
<var>${response}</var>
<arg>consultarAPI</arg>
<arg>/api</arg>
<doc>Sends a GET request on a previously created HTTP Session.</doc>
<status status="PASS" start="2024-07-06T03:18:19.578057" elapsed="0.089505"/>
</kw>
<kw name="Set Variable" owner="BuiltIn">
<msg time="2024-07-06T03:18:19.668605" level="INFO">${json_data} = {'results': [{'gender': 'male', 'name': {'title': 'Mr', 'first': 'Angus', 'last': 'Singh'}, 'location': {'street': {'number': 9620, 'name': 'West Coast Road'}, 'city': 'Napier', 'state': "Hawke'S Bay"...</msg>
<var>${json_data}</var>
<arg>${response.json()}</arg>
<doc>Returns the given values which can then be assigned to a variables.</doc>
<status status="PASS" start="2024-07-06T03:18:19.668029" elapsed="0.000605"/>
</kw>
<kw name="Log" owner="BuiltIn">
<msg time="2024-07-06T03:18:19.669105" level="INFO">{'results': [{'gender': 'male', 'name': {'title': 'Mr', 'first': 'Angus', 'last': 'Singh'}, 'location': {'street': {'number': 9620, 'name': 'West Coast Road'}, 'city': 'Napier', 'state': "Hawke'S Bay", 'country': 'New Zealand', 'postcode': 40028, 'coordinates': {'latitude': '49.9179', 'longitude': '-17.9691'}, 'timezone': {'offset': '0:00', 'description': 'Western Europe Time, London, Lisbon, Casablanca'}}, 'email': 'angus.singh@example.com', 'login': {'uuid': '0a7ff745-40e5-433b-b3b3-6a18a1c80f77', 'username': 'sadelephant469', 'password': 'carmex2', 'salt': 'qd4tonSn', 'md5': '2965fc5e6f75b41ec70090b706635259', 'sha1': 'bae85421429b485ef5dc2dbc92ce38e8422feb07', 'sha256': '660490553356acf67602b45aa1e17efe3a071524689384e28e96082b0903c7b8'}, 'dob': {'date': '1983-02-19T16:26:15.187Z', 'age': 41}, 'registered': {'date': '2004-05-24T05:38:31.480Z', 'age': 20}, 'phone': '(617)-509-4407', 'cell': '(449)-839-7883', 'id': {'name': '', 'value': None}, 'picture': {'large': 'https://randomuser.me/api/portraits/men/52.jpg', 'medium': 'https://randomuser.me/api/portraits/med/men/52.jpg', 'thumbnail': 'https://randomuser.me/api/portraits/thumb/men/52.jpg'}, 'nat': 'NZ'}], 'info': {'seed': '4581e0b0b12f864b', 'results': 1, 'page': 1, 'version': '1.4'}}</msg>
<arg>${json_data}</arg>
<doc>Logs the given message with the given level.</doc>
<status status="PASS" start="2024-07-06T03:18:19.668949" elapsed="0.000204"/>
</kw>
<kw name="Should Be Equal As Numbers" owner="BuiltIn">
<arg>${json_data['results'][0]['location']['postcode']}</arg>
<arg>${json_data['results'][0]['location']['postcode']}</arg>
<doc>Fails if objects are unequal after converting them to real numbers.</doc>
<status status="PASS" start="2024-07-06T03:18:19.669490" elapsed="0.000639"/>
</kw>
<kw name="Log" owner="BuiltIn">
<msg time="2024-07-06T03:18:19.670804" level="INFO">40028</msg>
<arg>${json_data['results'][0]['location']['postcode']}</arg>
<doc>Logs the given message with the given level.</doc>
<status status="PASS" start="2024-07-06T03:18:19.670330" elapsed="0.000516"/>
</kw>
<status status="PASS" start="2024-07-06T03:18:19.577834" elapsed="0.093299"/>
</kw>
<doc>Testa se os tipos de dados na resposta da API estão corretos.</doc>
<tag>testeTiposDados</tag>
<status status="PASS" start="2024-07-06T03:18:19.484046" elapsed="0.187257"/>
</test>
<test id="s1-s1-t5" name="Validar conteudo" line="35">
<kw name="Teste de Tipos de Conteudo" owner="random-user-service">
<kw name="GET On Session" owner="RequestsLibrary">
<msg time="2024-07-06T03:18:19.784959" level="INFO">GET Request : url=https://randomuser.me/api 
 path_url=/api 
 headers={'User-Agent': 'python-requests/2.32.3', 'Accept-Encoding': 'gzip, deflate', 'Accept': '*/*', 'Connection': 'keep-alive'} 
 body=None 
 </msg>
<msg time="2024-07-06T03:18:19.785068" level="INFO">GET Response : url=https://randomuser.me/api 
 status=200, reason=OK 
 headers={'Date': 'Sat, 06 Jul 2024 03:18:19 GMT', 'Content-Type': 'application/json; charset=utf-8', 'Transfer-Encoding': 'chunked', 'Connection': 'keep-alive', 'X-Powered-By': 'Express', 'Access-Control-Allow-Origin': '*', 'Cache-Control': 'no-cache', 'ETag': 'W/"4ad-Vd9IvhaBqIEIl3YTpx/8UrwIda4"', 'Vary': 'Accept-Encoding', 'Content-Encoding': 'gzip', 'CF-Cache-Status': 'DYNAMIC', 'Report-To': '{"endpoints":[{"url":"https:\\/\\/a.nel.cloudflare.com\\/report\\/v4?s=op42NtBJBMvRLtYG%2BFTkFMUG0RMnB33D5btbikOUZH6Dd%2ByOW50JXVPUG029ts4gwshmSda8X58m7yE6PO7pBliDZs7oPFhNHm11QUPxaMGTuoiA1JPSq83acrQiXeUt"}],"group":"cf-nel","max_age":604800}', 'NEL': '{"success_fraction":0,"report_to":"cf-nel","max_age":604800}', 'Server': 'cloudflare', 'CF-RAY': '89ec7264ffe5e13f-ORD', 'alt-svc': 'h3=":443"; ma=86400'} 
 body={"results":[{"gender":"male","name":{"title":"Mr","first":"Marin","last":"Schmitt"},"location":{"street":{"number":9445,"name":"Place de L'Église"},"city":"Nancy","state":"Charente-Maritime","country":"France","postcode":97117,"coordinates":{"latitude":"-19.3848","longitude":"-20.7005"},"timezone":{"offset":"0:00","description":"Western Europe Time, London, Lisbon, Casablanca"}},"email":"marin.schmitt@example.com","login":{"uuid":"9f6f392f-8df9-42cb-b1cb-cc54f279fe4b","username":"smallpanda784","password":"aaaaa1","salt":"IY0KjVSp","md5":"95810a27171219786121aae490d3dab7","sha1":"6daa8236ddf3e8762af89c0db1ee6bb04f1c198f","sha256":"5604abd4c79dce2f256bd4b36e9676fa6711318e0201197f635ee28e22d3a0a9"},"dob":{"date":"1988-04-02T06:38:26.269Z","age":36},"registered":{"date":"2008-10-31T06:37:36.157Z","age":15},"phone":"05-14-59-83-72","cell":"06-27-29-35-80","id":{"name":"INSEE","value":"1880384446951 39"},"picture":{"large":"https://randomuser.me/api/portraits/men/28.jpg","medium":"https://randomuser.me/api/portraits/med/men/28.jpg","thumbnail":"https://randomuser.me/api/portraits/thumb/men/28.jpg"},"nat":"FR"}],"info":{"seed":"7b2d0213d76a308f","results":1,"page":1,"version":"1.4"}} 
 </msg>
<msg time="2024-07-06T03:18:19.785155" level="INFO">/opt/hostedtoolcache/Python/3.12.4/x64/lib/python3.12/site-packages/urllib3/connectionpool.py:1099: InsecureRequestWarning: Unverified HTTPS request is being made to host 'randomuser.me'. Adding certificate verification is strongly advised. See: https://urllib3.readthedocs.io/en/latest/advanced-usage.html#tls-warnings
  warnings.warn(</msg>
<msg time="2024-07-06T03:18:19.785296" level="INFO">${response} = &lt;Response [200]&gt;</msg>
<var>${response}</var>
<arg>consultarAPI</arg>
<arg>/api</arg>
<doc>Sends a GET request on a previously created HTTP Session.</doc>
<status status="PASS" start="2024-07-06T03:18:19.674150" elapsed="0.111203"/>
</kw>
<kw name="Set Variable" owner="BuiltIn">
<msg time="2024-07-06T03:18:19.786583" level="INFO">${json_data} = {'results': [{'gender': 'male', 'name': {'title': 'Mr', 'first': 'Marin', 'last': 'Schmitt'}, 'location': {'street': {'number': 9445, 'name': "Place de L'Église"}, 'city': 'Nancy', 'state': 'Charente-...</msg>
<var>${json_data}</var>
<arg>${response.json()}</arg>
<doc>Returns the given values which can then be assigned to a variables.</doc>
<status status="PASS" start="2024-07-06T03:18:19.786019" elapsed="0.000594"/>
</kw>
<kw name="Set Variable" owner="BuiltIn">
<msg time="2024-07-06T03:18:19.787296" level="INFO">${name_title} = Mr</msg>
<var>${name_title}</var>
<arg>${json_data["results"][0]["name"]["title"]}</arg>
<doc>Returns the given values which can then be assigned to a variables.</doc>
<status status="PASS" start="2024-07-06T03:18:19.786919" elapsed="0.000402"/>
</kw>
<kw name="Create List" owner="BuiltIn">
<msg time="2024-07-06T03:18:19.787761" level="INFO">${allowed_titles} = ['Mr', 'Ms', 'Miss', 'Mrs', 'Madame', 'Monsieur']</msg>
<var>${allowed_titles}</var>
<arg>Mr</arg>
<arg>Ms</arg>
<arg>Miss</arg>
<arg>Mrs</arg>
<arg>Madame</arg>
<arg>Monsieur</arg>
<doc>Returns a list containing given items.</doc>
<status status="PASS" start="2024-07-06T03:18:19.787616" elapsed="0.000170"/>
</kw>
<kw name="List Should Contain Value" owner="Collections">
<arg>${allowed_titles}</arg>
<arg>${name_title}</arg>
<doc>Fails if the ``value`` is not found from ``list``.</doc>
<status status="PASS" start="2024-07-06T03:18:19.788079" elapsed="0.000181"/>
</kw>
<kw name="Set Variable" owner="BuiltIn">
<msg time="2024-07-06T03:18:19.788804" level="INFO">${name_country} = FR</msg>
<var>${name_country}</var>
<arg>${json_data["results"][0]["nat"]}</arg>
<doc>Returns the given values which can then be assigned to a variables.</doc>
<status status="PASS" start="2024-07-06T03:18:19.788441" elapsed="0.000388"/>
</kw>
<kw name="Create List" owner="BuiltIn">
<msg time="2024-07-06T03:18:19.789747" level="INFO">${list_country} = ['AD', 'AE', 'AF', 'AG', 'AI', 'AL', 'AM', 'AO', 'AQ', 'AR', 'AS', 'AT', 'AU', 'AW', 'AX', 'AZ', 'BA', 'BB', 'BD', 'BE', 'BF', 'BG', 'BH', 'BI', 'BJ', 'BL', 'BM', 'BN', 'BO', 'BQ', 'BR', 'BS', 'BT', '...</msg>
<var>${list_country}</var>
<arg>AD</arg>
<arg>AE</arg>
<arg>AF</arg>
<arg>AG</arg>
<arg>AI</arg>
<arg>AL</arg>
<arg>AM</arg>
<arg>AO</arg>
<arg>AQ</arg>
<arg>AR</arg>
<arg>AS</arg>
<arg>AT</arg>
<arg>AU</arg>
<arg>AW</arg>
<arg>AX</arg>
<arg>AZ</arg>
<arg>BA</arg>
<arg>BB</arg>
<arg>BD</arg>
<arg>BE</arg>
<arg>BF</arg>
<arg>BG</arg>
<arg>BH</arg>
<arg>BI</arg>
<arg>BJ</arg>
<arg>BL</arg>
<arg>BM</arg>
<arg>BN</arg>
<arg>BO</arg>
<arg>BQ</arg>
<arg>BR</arg>
<arg>BS</arg>
<arg>BT</arg>
<arg>BV</arg>
<arg>BW</arg>
<arg>BY</arg>
<arg>BZ</arg>
<arg>CA</arg>
<arg>CC</arg>
<arg>CD</arg>
<arg>CF</arg>
<arg>CG</arg>
<arg>CH</arg>
<arg>CI</arg>
<arg>CK</arg>
<arg>CL</arg>
<arg>CM</arg>
<arg>CN</arg>
<arg>CO</arg>
<arg>CR</arg>
<arg>CU</arg>
<arg>CV</arg>
<arg>CW</arg>
<arg>CX</arg>
<arg>CY</arg>
<arg>CZ</arg>
<arg>DE</arg>
<arg>DJ</arg>
<arg>DK</arg>
<arg>DM</arg>
<arg>DO</arg>
<arg>DZ</arg>
<arg>EC</arg>
<arg>EE</arg>
<arg>EG</arg>
<arg>EH</arg>
<arg>ER</arg>
<arg>ES</arg>
<arg>ET</arg>
<arg>FI</arg>
<arg>FJ</arg>
<arg>FK</arg>
<arg>FM</arg>
<arg>FO</arg>
<arg>FR</arg>
<arg>GA</arg>
<arg>GB</arg>
<arg>GD</arg>
<arg>GE</arg>
<arg>GF</arg>
<arg>GG</arg>
<arg>GH</arg>
<arg>GI</arg>
<arg>GL</arg>
<arg>GM</arg>
<arg>GN</arg>
<arg>GP</arg>
<arg>GQ</arg>
<arg>GR</arg>
<arg>GS</arg>
<arg>GT</arg>
<arg>GU</arg>
<arg>GW</arg>
<arg>GY</arg>
<arg>HK</arg>
<arg>HM</arg>
<arg>HN</arg>
<arg>HR</arg>
<arg>HT</arg>
<arg>HU</arg>
<arg>ID</arg>
<arg>IE</arg>
<arg>IL</arg>
<arg>IM</arg>
<arg>IN</arg>
<arg>IO</arg>
<arg>IQ</arg>
<arg>IR</arg>
<arg>IS</arg>
<arg>IT</arg>
<arg>JE</arg>
<arg>JM</arg>
<arg>JO</arg>
<arg>JP</arg>
<arg>KE</arg>
<arg>KG</arg>
<arg>KH</arg>
<arg>KI</arg>
<arg>KM</arg>
<arg>KN</arg>
<arg>KP</arg>
<arg>KR</arg>
<arg>KW</arg>
<arg>KY</arg>
<arg>KZ</arg>
<arg>LA</arg>
<arg>LB</arg>
<arg>LC</arg>
<arg>LI</arg>
<arg>LK</arg>
<arg>LR</arg>
<arg>LS</arg>
<arg>LT</arg>
<arg>LU</arg>
<arg>LV</arg>
<arg>LY</arg>
<arg>MA</arg>
<arg>MC</arg>
<arg>MD</arg>
<arg>ME</arg>
<arg>MF</arg>
<arg>MG</arg>
<arg>MH</arg>
<arg>MK</arg>
<arg>ML</arg>
<arg>MM</arg>
<arg>MN</arg>
<arg>MO</arg>
<arg>MP</arg>
<arg>MQ</arg>
<arg>MR</arg>
<arg>MS</arg>
<arg>MT</arg>
<arg>MU</arg>
<arg>MV</arg>
<arg>MW</arg>
<arg>MX</arg>
<arg>MY</arg>
<arg>MZ</arg>
<arg>NA</arg>
<arg>NC</arg>
<arg>NE</arg>
<arg>NF</arg>
<arg>NG</arg>
<arg>NI</arg>
<arg>NL</arg>
<arg>NO</arg>
<arg>NP</arg>
<arg>NR</arg>
<arg>NU</arg>
<arg>NZ</arg>
<arg>OM</arg>
<arg>PA</arg>
<arg>PE</arg>
<arg>PF</arg>
<arg>PG</arg>
<arg>PH</arg>
<arg>PK</arg>
<arg>PL</arg>
<arg>PM</arg>
<arg>PN</arg>
<arg>PR</arg>
<arg>PS</arg>
<arg>PT</arg>
<arg>PW</arg>
<arg>PY</arg>
<arg>QA</arg>
<arg>RE</arg>
<arg>RO</arg>
<arg>RS</arg>
<arg>RU</arg>
<arg>RW</arg>
<arg>SA</arg>
<arg>SB</arg>
<arg>SC</arg>
<arg>SD</arg>
<arg>SE</arg>
<arg>SG</arg>
<arg>SH</arg>
<arg>SI</arg>
<arg>SJ</arg>
<arg>SK</arg>
<arg>SL</arg>
<arg>SM</arg>
<arg>SN</arg>
<arg>SO</arg>
<arg>SR</arg>
<arg>SS</arg>
<arg>ST</arg>
<arg>SV</arg>
<arg>SX</arg>
<arg>SY</arg>
<arg>SZ</arg>
<arg>TC</arg>
<arg>TD</arg>
<arg>TF</arg>
<arg>TG</arg>
<arg>TH</arg>
<arg>TJ</arg>
<arg>TK</arg>
<arg>TL</arg>
<arg>TM</arg>
<arg>TN</arg>
<arg>TO</arg>
<arg>TR</arg>
<arg>TT</arg>
<arg>TV</arg>
<arg>TW</arg>
<arg>TZ</arg>
<arg>UA</arg>
<arg>UG</arg>
<arg>UM</arg>
<arg>US</arg>
<arg>UY</arg>
<arg>UZ</arg>
<arg>VA</arg>
<arg>VC</arg>
<arg>VE</arg>
<arg>VG</arg>
<arg>VI</arg>
<arg>VN</arg>
<arg>VU</arg>
<arg>WF</arg>
<arg>WS</arg>
<arg>XK</arg>
<arg>YE</arg>
<arg>YT</arg>
<arg>ZA</arg>
<arg>ZM</arg>
<arg>ZW</arg>
<doc>Returns a list containing given items.</doc>
<status status="PASS" start="2024-07-06T03:18:19.789118" elapsed="0.000657"/>
</kw>
<kw name="List Should Contain Value" owner="Collections">
<arg>${list_country}</arg>
<arg>${name_country}</arg>
<doc>Fails if the ``value`` is not found from ``list``.</doc>
<status status="PASS" start="2024-07-06T03:18:19.790576" elapsed="0.000201"/>
</kw>
<kw name="Run Keyword If" owner="BuiltIn">
<kw name="Should Be True" owner="BuiltIn">
<arg>${True}</arg>
<doc>Fails if the given condition is not true.</doc>
<status status="PASS" start="2024-07-06T03:18:19.791711" elapsed="0.000140"/>
</kw>
<arg>${json_data["results"][0]["location"]["coordinates"]["latitude"]} &gt;= -90 and ${json_data["results"][0]["location"]["coordinates"]["latitude"]} &lt;= 90</arg>
<arg>Should Be True</arg>
<arg>${True}</arg>
<doc>Runs the given keyword with the given arguments, if ``condition`` is true.</doc>
<status status="PASS" start="2024-07-06T03:18:19.790971" elapsed="0.001003"/>
</kw>
<kw name="Run Keyword If" owner="BuiltIn">
<kw name="Should Be True" owner="BuiltIn">
<arg>${True}</arg>
<doc>Fails if the given condition is not true.</doc>
<status status="PASS" start="2024-07-06T03:18:19.792853" elapsed="0.000237"/>
</kw>
<arg>${json_data["results"][0]["location"]["coordinates"]["longitude"]} &gt;= -180 and ${json_data["results"][0]["location"]["coordinates"]["longitude"]} &lt;= 180</arg>
<arg>Should Be True</arg>
<arg>${True}</arg>
<doc>Runs the given keyword with the given arguments, if ``condition`` is true.</doc>
<status status="PASS" start="2024-07-06T03:18:19.792157" elapsed="0.001061"/>
</kw>
<status status="PASS" start="2024-07-06T03:18:19.673780" elapsed="0.119571"/>
</kw>
<doc>Testa o conteúdo específico dos campos retornados pela API.</doc>
<tag>testeConteudo</tag>
<status status="PASS" start="2024-07-06T03:18:19.673087" elapsed="0.120438"/>
</test>
<status status="PASS" start="2024-07-06T03:18:18.883520" elapsed="0.911997"/>
</suite>
<status status="PASS" start="2024-07-06T03:18:18.868241" elapsed="0.932296"/>
</suite>
<statistics>
<total>
<stat pass="5" fail="0" skip="0">All Tests</stat>
</total>
<tag>
<stat pass="1" fail="0" skip="0">testeConteudo</stat>
<stat pass="1" fail="0" skip="0">testeEstruturaResposta</stat>
<stat pass="1" fail="0" skip="0">testeRequisicaoBasica</stat>
<stat pass="1" fail="0" skip="0">testeTiposDados</stat>
</tag>
<suite>
<stat pass="5" fail="0" skip="0" id="s1" name="Tests">Tests</stat>
<stat pass="5" fail="0" skip="0" id="s1-s1" name="Random-User-Test">Tests.Random-User-Test</stat>
</suite>
</statistics>
<errors>
</errors>
</robot>
