<?xml version="1.0" encoding="UTF-8"?>
<robot generator="Robot 7.0 (Python 3.12.3 on linux)" generated="2024-05-21T09:16:02.143406" rpa="false" schemaversion="5">
<suite id="s1" name="Tests" source="/home/runner/work/DesafioQAItauRogerioJordao/DesafioQAItauRogerioJordao/RamdonUser/tests">
<suite id="s1-s1" name="Random-User-Test" source="/home/runner/work/DesafioQAItauRogerioJordao/DesafioQAItauRogerioJordao/RamdonUser/tests/random-user-test.robot">
<test id="s1-s1-t1" name="Conectar" line="13">
<kw name="Conectar API" owner="random-user-service">
<kw name="Create Session" owner="RequestsLibrary">
<msg time="2024-05-21T09:16:02.521703" level="INFO">Creating Session using : alias=consultarAPI, url=https://randomuser.me/, headers={},                     cookies={}, auth=None, timeout=None, proxies=None, verify=False,                     debug=0 </msg>
<arg>consultarAPI</arg>
<arg>${URL}</arg>
<doc>Create Session: create a HTTP session to a server</doc>
<status status="PASS" start="2024-05-21T09:16:02.521510" elapsed="0.000367"/>
</kw>
<status status="PASS" start="2024-05-21T09:16:02.520575" elapsed="0.001651"/>
</kw>
<status status="PASS" start="2024-05-21T09:16:02.520064" elapsed="0.002354"/>
</test>
<test id="s1-s1-t2" name="Validar retorno 200 e JSON Válido" line="16">
<kw name="Teste de Requisicao Basica" owner="random-user-service">
<kw name="GET On Session" owner="RequestsLibrary">
<msg time="2024-05-21T09:16:02.693071" level="INFO">GET Request : url=https://randomuser.me/api 
 path_url=/api 
 headers={'User-Agent': 'python-requests/2.32.1', 'Accept-Encoding': 'gzip, deflate', 'Accept': '*/*', 'Connection': 'keep-alive'} 
 body=None 
 </msg>
<msg time="2024-05-21T09:16:02.693200" level="INFO">GET Response : url=https://randomuser.me/api 
 status=200, reason=OK 
 headers={'Date': 'Tue, 21 May 2024 09:16:02 GMT', 'Content-Type': 'application/json; charset=utf-8', 'Transfer-Encoding': 'chunked', 'Connection': 'keep-alive', 'X-Powered-By': 'Express', 'Access-Control-Allow-Origin': '*', 'Cache-Control': 'no-cache', 'ETag': 'W/"48d-tliA1zfMakGFrChGmMdZOgiC/6o"', 'Vary': 'Accept-Encoding', 'Content-Encoding': 'gzip', 'CF-Cache-Status': 'DYNAMIC', 'Report-To': '{"endpoints":[{"url":"https:\\/\\/a.nel.cloudflare.com\\/report\\/v4?s=8MhkQ6%2B%2BiR7T1lW%2BNI0tdg56E%2BBhm4uz3LiZEOgNxze66zU8hNmeJXgzNj%2BzSFQPm5unA77FumQsVpf%2Fc5cxt3xd9lngHbMEJ3eM50CtGvMxoSIKQcHI8h501JB0uN0F"}],"group":"cf-nel","max_age":604800}', 'NEL': '{"success_fraction":0,"report_to":"cf-nel","max_age":604800}', 'Server': 'cloudflare', 'CF-RAY': '88737723fa2e6158-ORD', 'alt-svc': 'h3=":443"; ma=86400'} 
 body={"results":[{"gender":"female","name":{"title":"Ms","first":"عسل","last":"كامياران"},"location":{"street":{"number":2043,"name":"فلسطین"},"city":"ورامین","state":"یزد","country":"Iran","postcode":87717,"coordinates":{"latitude":"14.4319","longitude":"33.3414"},"timezone":{"offset":"+10:00","description":"Eastern Australia, Guam, Vladivostok"}},"email":"aasl.kmyrn@example.com","login":{"uuid":"88bf39df-d2ce-4bd1-b20a-36278de9ab09","username":"purpleduck454","password":"2828","salt":"iV5R1eni","md5":"1d388d8ab97147b0d774b6fadbf5fa54","sha1":"e7dee31a98b8e49f053c3e0a7bd29b45997ee1b0","sha256":"335a46bc7958d52da4ad2a5f77cf62b4c55d4466e76fefc67d6e0c7f3d332e6d"},"dob":{"date":"1954-04-12T12:13:44.321Z","age":70},"registered":{"date":"2011-11-26T00:01:12.838Z","age":12},"phone":"089-56606883","cell":"0947-718-7462","id":{"name":"","value":null},"picture":{"large":"https://randomuser.me/api/portraits/women/50.jpg","medium":"https://randomuser.me/api/portraits/med/women/50.jpg","thumbnail":"https://randomuser.me/api/portraits/thumb/women/50.jpg"},"nat":"IR"}],"info":{"seed":"314056e33770c40c","results":1,"page":1,"version":"1.4"}} 
 </msg>
<msg time="2024-05-21T09:16:02.693292" level="INFO">/opt/hostedtoolcache/Python/3.12.3/x64/lib/python3.12/site-packages/urllib3/connectionpool.py:1103: InsecureRequestWarning: Unverified HTTPS request is being made to host 'randomuser.me'. Adding certificate verification is strongly advised. See: https://urllib3.readthedocs.io/en/latest/advanced-usage.html#tls-warnings
  warnings.warn(</msg>
<msg time="2024-05-21T09:16:02.693458" level="INFO">${response} = &lt;Response [200]&gt;</msg>
<var>${response}</var>
<arg>consultarAPI</arg>
<arg>/api</arg>
<doc>Sends a GET request on a previously created HTTP Session.</doc>
<status status="PASS" start="2024-05-21T09:16:02.524968" elapsed="0.168529"/>
</kw>
<kw name="Should Be Equal As Numbers" owner="BuiltIn">
<msg time="2024-05-21T09:16:02.694309" level="INFO">Argument types are:
&lt;class 'int'&gt;
&lt;class 'str'&gt;</msg>
<arg>${response.status_code}</arg>
<arg>200</arg>
<doc>Fails if objects are unequal after converting them to real numbers.</doc>
<status status="PASS" start="2024-05-21T09:16:02.693902" elapsed="0.000473"/>
</kw>
<kw name="Log" owner="BuiltIn">
<msg time="2024-05-21T09:16:02.695058" level="INFO">200</msg>
<arg>${response.status_code}</arg>
<doc>Logs the given message with the given level.</doc>
<status status="PASS" start="2024-05-21T09:16:02.694701" elapsed="0.000405"/>
</kw>
<kw name="Set Variable" owner="BuiltIn">
<msg time="2024-05-21T09:16:02.695891" level="INFO">${json_data} = {'results': [{'gender': 'female', 'name': {'title': 'Ms', 'first': 'عسل', 'last': 'كامياران'}, 'location': {'street': {'number': 2043, 'name': 'فلسطین'}, 'city': 'ورامین', 'state': 'یزد', 'country': '...</msg>
<var>${json_data}</var>
<arg>${response.json()}</arg>
<doc>Returns the given values which can then be assigned to a variables.</doc>
<status status="PASS" start="2024-05-21T09:16:02.695419" elapsed="0.000503"/>
</kw>
<kw name="Dictionary Should Contain Key" owner="Collections">
<msg time="2024-05-21T09:16:02.696388" level="INFO">False</msg>
<arg>${json_data}</arg>
<arg>results</arg>
<doc>Fails if ``key`` is not found from ``dictionary``.</doc>
<status status="PASS" start="2024-05-21T09:16:02.696226" elapsed="0.000200"/>
</kw>
<status status="PASS" start="2024-05-21T09:16:02.524732" elapsed="0.171943"/>
</kw>
<doc>Testa se a API responde corretamente e retorna um objeto JSON válido.</doc>
<tag>testeRequisicaoBasica</tag>
<status status="PASS" start="2024-05-21T09:16:02.524282" elapsed="0.172560"/>
</test>
<test id="s1-s1-t3" name="Validar estrutura de resposta" line="22">
<kw name="Teste de Estrutura de Resposta" owner="random-user-service">
<kw name="GET On Session" owner="RequestsLibrary">
<msg time="2024-05-21T09:16:02.742241" level="INFO">GET Request : url=https://randomuser.me/api 
 path_url=/api 
 headers={'User-Agent': 'python-requests/2.32.1', 'Accept-Encoding': 'gzip, deflate', 'Accept': '*/*', 'Connection': 'keep-alive'} 
 body=None 
 </msg>
<msg time="2024-05-21T09:16:02.742346" level="INFO">GET Response : url=https://randomuser.me/api 
 status=200, reason=OK 
 headers={'Date': 'Tue, 21 May 2024 09:16:02 GMT', 'Content-Type': 'application/json; charset=utf-8', 'Transfer-Encoding': 'chunked', 'Connection': 'keep-alive', 'X-Powered-By': 'Express', 'Access-Control-Allow-Origin': '*', 'Cache-Control': 'no-cache', 'ETag': 'W/"4bc-l5Y0KAImRCQy0i+8xUaxldMZTCo"', 'Vary': 'Accept-Encoding', 'Content-Encoding': 'gzip', 'CF-Cache-Status': 'DYNAMIC', 'Report-To': '{"endpoints":[{"url":"https:\\/\\/a.nel.cloudflare.com\\/report\\/v4?s=dY1kX5p6sMwrA1fji%2FHwg44xhrJ4CLeAg2iW6%2Bsxa5v5ypFYr08bnwHJxxPJVQLyUQ3J29RiscwY%2FWYFme7mwMbdY6yPONSAGshOXySoISSNRAg4pGCspBzf5%2FXteM%2Br"}],"group":"cf-nel","max_age":604800}', 'NEL': '{"success_fraction":0,"report_to":"cf-nel","max_age":604800}', 'Server': 'cloudflare', 'CF-RAY': '88737724ea8a6158-ORD', 'alt-svc': 'h3=":443"; ma=86400'} 
 body={"results":[{"gender":"female","name":{"title":"Ms","first":"Hilda","last":"Santiago"},"location":{"street":{"number":3524,"name":"Periférico Sur Anguiano"},"city":"San Juan del Estado","state":"Aguascalientes","country":"Mexico","postcode":97385,"coordinates":{"latitude":"28.0860","longitude":"37.9580"},"timezone":{"offset":"-6:00","description":"Central Time (US &amp; Canada), Mexico City"}},"email":"hilda.santiago@example.com","login":{"uuid":"7dd35cb0-f85d-411e-9155-3d62840b11eb","username":"goldenduck870","password":"fender","salt":"Hv2gf4gh","md5":"6d1539061a376b5652d8b36d0ff80a0d","sha1":"df66a02ce6b34632b5ff5146eacf6a63e543f5ab","sha256":"d19ca8ae6dda676f19c00b3cc27f48698b77fe9fe6735cbb83cf927a8887fea4"},"dob":{"date":"1966-01-03T21:20:30.163Z","age":58},"registered":{"date":"2005-07-03T06:23:31.958Z","age":18},"phone":"(630) 710 9720","cell":"(685) 135 6699","id":{"name":"NSS","value":"48 32 33 7035 2"},"picture":{"large":"https://randomuser.me/api/portraits/women/54.jpg","medium":"https://randomuser.me/api/portraits/med/women/54.jpg","thumbnail":"https://randomuser.me/api/portraits/thumb/women/54.jpg"},"nat":"MX"}],"info":{"seed":"ddf9b1fdd201b24f","results":1,"page":1,"version":"1.4"}} 
 </msg>
<msg time="2024-05-21T09:16:02.742482" level="INFO">/opt/hostedtoolcache/Python/3.12.3/x64/lib/python3.12/site-packages/urllib3/connectionpool.py:1103: InsecureRequestWarning: Unverified HTTPS request is being made to host 'randomuser.me'. Adding certificate verification is strongly advised. See: https://urllib3.readthedocs.io/en/latest/advanced-usage.html#tls-warnings
  warnings.warn(</msg>
<msg time="2024-05-21T09:16:02.742633" level="INFO">${response} = &lt;Response [200]&gt;</msg>
<var>${response}</var>
<arg>consultarAPI</arg>
<arg>/api</arg>
<doc>Sends a GET request on a previously created HTTP Session.</doc>
<status status="PASS" start="2024-05-21T09:16:02.699401" elapsed="0.043276"/>
</kw>
<kw name="Set Variable" owner="BuiltIn">
<msg time="2024-05-21T09:16:02.743759" level="INFO">${json_data} = {'results': [{'gender': 'female', 'name': {'title': 'Ms', 'first': 'Hilda', 'last': 'Santiago'}, 'location': {'street': {'number': 3524, 'name': 'Periférico Sur Anguiano'}, 'city': 'San Juan del Estad...</msg>
<var>${json_data}</var>
<arg>${response.json()}</arg>
<doc>Returns the given values which can then be assigned to a variables.</doc>
<status status="PASS" start="2024-05-21T09:16:02.743195" elapsed="0.000598"/>
</kw>
<kw name="Log" owner="BuiltIn">
<msg time="2024-05-21T09:16:02.744279" level="INFO">{'results': [{'gender': 'female', 'name': {'title': 'Ms', 'first': 'Hilda', 'last': 'Santiago'}, 'location': {'street': {'number': 3524, 'name': 'Periférico Sur Anguiano'}, 'city': 'San Juan del Estado', 'state': 'Aguascalientes', 'country': 'Mexico', 'postcode': 97385, 'coordinates': {'latitude': '28.0860', 'longitude': '37.9580'}, 'timezone': {'offset': '-6:00', 'description': 'Central Time (US &amp; Canada), Mexico City'}}, 'email': 'hilda.santiago@example.com', 'login': {'uuid': '7dd35cb0-f85d-411e-9155-3d62840b11eb', 'username': 'goldenduck870', 'password': 'fender', 'salt': 'Hv2gf4gh', 'md5': '6d1539061a376b5652d8b36d0ff80a0d', 'sha1': 'df66a02ce6b34632b5ff5146eacf6a63e543f5ab', 'sha256': 'd19ca8ae6dda676f19c00b3cc27f48698b77fe9fe6735cbb83cf927a8887fea4'}, 'dob': {'date': '1966-01-03T21:20:30.163Z', 'age': 58}, 'registered': {'date': '2005-07-03T06:23:31.958Z', 'age': 18}, 'phone': '(630) 710 9720', 'cell': '(685) 135 6699', 'id': {'name': 'NSS', 'value': '48 32 33 7035 2'}, 'picture': {'large': 'https://randomuser.me/api/portraits/women/54.jpg', 'medium': 'https://randomuser.me/api/portraits/med/women/54.jpg', 'thumbnail': 'https://randomuser.me/api/portraits/thumb/women/54.jpg'}, 'nat': 'MX'}], 'info': {'seed': 'ddf9b1fdd201b24f', 'results': 1, 'page': 1, 'version': '1.4'}}</msg>
<arg>${json_data}</arg>
<doc>Logs the given message with the given level.</doc>
<status status="PASS" start="2024-05-21T09:16:02.744112" elapsed="0.000225"/>
</kw>
<kw name="Dictionary Should Contain Key" owner="Collections">
<msg time="2024-05-21T09:16:02.744792" level="INFO">False</msg>
<arg>${json_data}</arg>
<arg>results</arg>
<doc>Fails if ``key`` is not found from ``dictionary``.</doc>
<status status="PASS" start="2024-05-21T09:16:02.744634" elapsed="0.000197"/>
</kw>
<kw name="Should Not Be Empty" owner="BuiltIn">
<msg time="2024-05-21T09:16:02.745254" level="INFO">Length is 2.</msg>
<arg>${json_data}</arg>
<doc>Verifies that the given item is not empty.</doc>
<status status="PASS" start="2024-05-21T09:16:02.745125" elapsed="0.000168"/>
</kw>
<kw name="Create List" owner="BuiltIn">
<msg time="2024-05-21T09:16:02.746013" level="INFO">${expected_keys} = ['gender', 'name', 'location', 'email', 'login']</msg>
<var>${expected_keys}</var>
<arg>gender</arg>
<arg>name</arg>
<arg>location</arg>
<arg>email</arg>
<arg>login</arg>
<doc>Returns a list containing given items.</doc>
<status status="PASS" start="2024-05-21T09:16:02.745587" elapsed="0.000464"/>
</kw>
<for flavor="IN">
<iter>
<kw name="Dictionary Should Contain Key" owner="Collections">
<msg time="2024-05-21T09:16:02.747355" level="INFO">False</msg>
<arg>${json_data['results'][0]}</arg>
<arg>${key}</arg>
<doc>Fails if ``key`` is not found from ``dictionary``.</doc>
<status status="PASS" start="2024-05-21T09:16:02.746869" elapsed="0.000526"/>
</kw>
<kw name="Log" owner="BuiltIn">
<msg time="2024-05-21T09:16:02.748103" level="INFO">{'gender': 'female', 'name': {'title': 'Ms', 'first': 'Hilda', 'last': 'Santiago'}, 'location': {'street': {'number': 3524, 'name': 'Periférico Sur Anguiano'}, 'city': 'San Juan del Estado', 'state': 'Aguascalientes', 'country': 'Mexico', 'postcode': 97385, 'coordinates': {'latitude': '28.0860', 'longitude': '37.9580'}, 'timezone': {'offset': '-6:00', 'description': 'Central Time (US &amp; Canada), Mexico City'}}, 'email': 'hilda.santiago@example.com', 'login': {'uuid': '7dd35cb0-f85d-411e-9155-3d62840b11eb', 'username': 'goldenduck870', 'password': 'fender', 'salt': 'Hv2gf4gh', 'md5': '6d1539061a376b5652d8b36d0ff80a0d', 'sha1': 'df66a02ce6b34632b5ff5146eacf6a63e543f5ab', 'sha256': 'd19ca8ae6dda676f19c00b3cc27f48698b77fe9fe6735cbb83cf927a8887fea4'}, 'dob': {'date': '1966-01-03T21:20:30.163Z', 'age': 58}, 'registered': {'date': '2005-07-03T06:23:31.958Z', 'age': 18}, 'phone': '(630) 710 9720', 'cell': '(685) 135 6699', 'id': {'name': 'NSS', 'value': '48 32 33 7035 2'}, 'picture': {'large': 'https://randomuser.me/api/portraits/women/54.jpg', 'medium': 'https://randomuser.me/api/portraits/med/women/54.jpg', 'thumbnail': 'https://randomuser.me/api/portraits/thumb/women/54.jpg'}, 'nat': 'MX'}</msg>
<arg>${json_data['results'][0]}</arg>
<doc>Logs the given message with the given level.</doc>
<status status="PASS" start="2024-05-21T09:16:02.747726" elapsed="0.000430"/>
</kw>
<kw name="Log" owner="BuiltIn">
<msg time="2024-05-21T09:16:02.748589" level="INFO">gender</msg>
<arg>${key}</arg>
<doc>Logs the given message with the given level.</doc>
<status status="PASS" start="2024-05-21T09:16:02.748458" elapsed="0.000169"/>
</kw>
<var name="${key}">gender</var>
<status status="PASS" start="2024-05-21T09:16:02.746724" elapsed="0.002121"/>
</iter>
<iter>
<kw name="Dictionary Should Contain Key" owner="Collections">
<msg time="2024-05-21T09:16:02.749562" level="INFO">False</msg>
<arg>${json_data['results'][0]}</arg>
<arg>${key}</arg>
<doc>Fails if ``key`` is not found from ``dictionary``.</doc>
<status status="PASS" start="2024-05-21T09:16:02.749147" elapsed="0.000454"/>
</kw>
<kw name="Log" owner="BuiltIn">
<msg time="2024-05-21T09:16:02.750261" level="INFO">{'gender': 'female', 'name': {'title': 'Ms', 'first': 'Hilda', 'last': 'Santiago'}, 'location': {'street': {'number': 3524, 'name': 'Periférico Sur Anguiano'}, 'city': 'San Juan del Estado', 'state': 'Aguascalientes', 'country': 'Mexico', 'postcode': 97385, 'coordinates': {'latitude': '28.0860', 'longitude': '37.9580'}, 'timezone': {'offset': '-6:00', 'description': 'Central Time (US &amp; Canada), Mexico City'}}, 'email': 'hilda.santiago@example.com', 'login': {'uuid': '7dd35cb0-f85d-411e-9155-3d62840b11eb', 'username': 'goldenduck870', 'password': 'fender', 'salt': 'Hv2gf4gh', 'md5': '6d1539061a376b5652d8b36d0ff80a0d', 'sha1': 'df66a02ce6b34632b5ff5146eacf6a63e543f5ab', 'sha256': 'd19ca8ae6dda676f19c00b3cc27f48698b77fe9fe6735cbb83cf927a8887fea4'}, 'dob': {'date': '1966-01-03T21:20:30.163Z', 'age': 58}, 'registered': {'date': '2005-07-03T06:23:31.958Z', 'age': 18}, 'phone': '(630) 710 9720', 'cell': '(685) 135 6699', 'id': {'name': 'NSS', 'value': '48 32 33 7035 2'}, 'picture': {'large': 'https://randomuser.me/api/portraits/women/54.jpg', 'medium': 'https://randomuser.me/api/portraits/med/women/54.jpg', 'thumbnail': 'https://randomuser.me/api/portraits/thumb/women/54.jpg'}, 'nat': 'MX'}</msg>
<arg>${json_data['results'][0]}</arg>
<doc>Logs the given message with the given level.</doc>
<status status="PASS" start="2024-05-21T09:16:02.749903" elapsed="0.000411"/>
</kw>
<kw name="Log" owner="BuiltIn">
<msg time="2024-05-21T09:16:02.750733" level="INFO">name</msg>
<arg>${key}</arg>
<doc>Logs the given message with the given level.</doc>
<status status="PASS" start="2024-05-21T09:16:02.750608" elapsed="0.000162"/>
</kw>
<var name="${key}">name</var>
<status status="PASS" start="2024-05-21T09:16:02.749032" elapsed="0.001951"/>
</iter>
<iter>
<kw name="Dictionary Should Contain Key" owner="Collections">
<msg time="2024-05-21T09:16:02.751656" level="INFO">False</msg>
<arg>${json_data['results'][0]}</arg>
<arg>${key}</arg>
<doc>Fails if ``key`` is not found from ``dictionary``.</doc>
<status status="PASS" start="2024-05-21T09:16:02.751269" elapsed="0.000442"/>
</kw>
<kw name="Log" owner="BuiltIn">
<msg time="2024-05-21T09:16:02.752369" level="INFO">{'gender': 'female', 'name': {'title': 'Ms', 'first': 'Hilda', 'last': 'Santiago'}, 'location': {'street': {'number': 3524, 'name': 'Periférico Sur Anguiano'}, 'city': 'San Juan del Estado', 'state': 'Aguascalientes', 'country': 'Mexico', 'postcode': 97385, 'coordinates': {'latitude': '28.0860', 'longitude': '37.9580'}, 'timezone': {'offset': '-6:00', 'description': 'Central Time (US &amp; Canada), Mexico City'}}, 'email': 'hilda.santiago@example.com', 'login': {'uuid': '7dd35cb0-f85d-411e-9155-3d62840b11eb', 'username': 'goldenduck870', 'password': 'fender', 'salt': 'Hv2gf4gh', 'md5': '6d1539061a376b5652d8b36d0ff80a0d', 'sha1': 'df66a02ce6b34632b5ff5146eacf6a63e543f5ab', 'sha256': 'd19ca8ae6dda676f19c00b3cc27f48698b77fe9fe6735cbb83cf927a8887fea4'}, 'dob': {'date': '1966-01-03T21:20:30.163Z', 'age': 58}, 'registered': {'date': '2005-07-03T06:23:31.958Z', 'age': 18}, 'phone': '(630) 710 9720', 'cell': '(685) 135 6699', 'id': {'name': 'NSS', 'value': '48 32 33 7035 2'}, 'picture': {'large': 'https://randomuser.me/api/portraits/women/54.jpg', 'medium': 'https://randomuser.me/api/portraits/med/women/54.jpg', 'thumbnail': 'https://randomuser.me/api/portraits/thumb/women/54.jpg'}, 'nat': 'MX'}</msg>
<arg>${json_data['results'][0]}</arg>
<doc>Logs the given message with the given level.</doc>
<status status="PASS" start="2024-05-21T09:16:02.752007" elapsed="0.000414"/>
</kw>
<kw name="Log" owner="BuiltIn">
<msg time="2024-05-21T09:16:02.752848" level="INFO">location</msg>
<arg>${key}</arg>
<doc>Logs the given message with the given level.</doc>
<status status="PASS" start="2024-05-21T09:16:02.752721" elapsed="0.000164"/>
</kw>
<var name="${key}">location</var>
<status status="PASS" start="2024-05-21T09:16:02.751158" elapsed="0.001939"/>
</iter>
<iter>
<kw name="Dictionary Should Contain Key" owner="Collections">
<msg time="2024-05-21T09:16:02.753754" level="INFO">False</msg>
<arg>${json_data['results'][0]}</arg>
<arg>${key}</arg>
<doc>Fails if ``key`` is not found from ``dictionary``.</doc>
<status status="PASS" start="2024-05-21T09:16:02.753376" elapsed="0.000415"/>
</kw>
<kw name="Log" owner="BuiltIn">
<msg time="2024-05-21T09:16:02.754453" level="INFO">{'gender': 'female', 'name': {'title': 'Ms', 'first': 'Hilda', 'last': 'Santiago'}, 'location': {'street': {'number': 3524, 'name': 'Periférico Sur Anguiano'}, 'city': 'San Juan del Estado', 'state': 'Aguascalientes', 'country': 'Mexico', 'postcode': 97385, 'coordinates': {'latitude': '28.0860', 'longitude': '37.9580'}, 'timezone': {'offset': '-6:00', 'description': 'Central Time (US &amp; Canada), Mexico City'}}, 'email': 'hilda.santiago@example.com', 'login': {'uuid': '7dd35cb0-f85d-411e-9155-3d62840b11eb', 'username': 'goldenduck870', 'password': 'fender', 'salt': 'Hv2gf4gh', 'md5': '6d1539061a376b5652d8b36d0ff80a0d', 'sha1': 'df66a02ce6b34632b5ff5146eacf6a63e543f5ab', 'sha256': 'd19ca8ae6dda676f19c00b3cc27f48698b77fe9fe6735cbb83cf927a8887fea4'}, 'dob': {'date': '1966-01-03T21:20:30.163Z', 'age': 58}, 'registered': {'date': '2005-07-03T06:23:31.958Z', 'age': 18}, 'phone': '(630) 710 9720', 'cell': '(685) 135 6699', 'id': {'name': 'NSS', 'value': '48 32 33 7035 2'}, 'picture': {'large': 'https://randomuser.me/api/portraits/women/54.jpg', 'medium': 'https://randomuser.me/api/portraits/med/women/54.jpg', 'thumbnail': 'https://randomuser.me/api/portraits/thumb/women/54.jpg'}, 'nat': 'MX'}</msg>
<arg>${json_data['results'][0]}</arg>
<doc>Logs the given message with the given level.</doc>
<status status="PASS" start="2024-05-21T09:16:02.754089" elapsed="0.000426"/>
</kw>
<kw name="Log" owner="BuiltIn">
<msg time="2024-05-21T09:16:02.754964" level="INFO">email</msg>
<arg>${key}</arg>
<doc>Logs the given message with the given level.</doc>
<status status="PASS" start="2024-05-21T09:16:02.754834" elapsed="0.000168"/>
</kw>
<var name="${key}">email</var>
<status status="PASS" start="2024-05-21T09:16:02.753267" elapsed="0.001958"/>
</iter>
<iter>
<kw name="Dictionary Should Contain Key" owner="Collections">
<msg time="2024-05-21T09:16:02.755942" level="INFO">False</msg>
<arg>${json_data['results'][0]}</arg>
<arg>${key}</arg>
<doc>Fails if ``key`` is not found from ``dictionary``.</doc>
<status status="PASS" start="2024-05-21T09:16:02.755513" elapsed="0.000467"/>
</kw>
<kw name="Log" owner="BuiltIn">
<msg time="2024-05-21T09:16:02.756644" level="INFO">{'gender': 'female', 'name': {'title': 'Ms', 'first': 'Hilda', 'last': 'Santiago'}, 'location': {'street': {'number': 3524, 'name': 'Periférico Sur Anguiano'}, 'city': 'San Juan del Estado', 'state': 'Aguascalientes', 'country': 'Mexico', 'postcode': 97385, 'coordinates': {'latitude': '28.0860', 'longitude': '37.9580'}, 'timezone': {'offset': '-6:00', 'description': 'Central Time (US &amp; Canada), Mexico City'}}, 'email': 'hilda.santiago@example.com', 'login': {'uuid': '7dd35cb0-f85d-411e-9155-3d62840b11eb', 'username': 'goldenduck870', 'password': 'fender', 'salt': 'Hv2gf4gh', 'md5': '6d1539061a376b5652d8b36d0ff80a0d', 'sha1': 'df66a02ce6b34632b5ff5146eacf6a63e543f5ab', 'sha256': 'd19ca8ae6dda676f19c00b3cc27f48698b77fe9fe6735cbb83cf927a8887fea4'}, 'dob': {'date': '1966-01-03T21:20:30.163Z', 'age': 58}, 'registered': {'date': '2005-07-03T06:23:31.958Z', 'age': 18}, 'phone': '(630) 710 9720', 'cell': '(685) 135 6699', 'id': {'name': 'NSS', 'value': '48 32 33 7035 2'}, 'picture': {'large': 'https://randomuser.me/api/portraits/women/54.jpg', 'medium': 'https://randomuser.me/api/portraits/med/women/54.jpg', 'thumbnail': 'https://randomuser.me/api/portraits/thumb/women/54.jpg'}, 'nat': 'MX'}</msg>
<arg>${json_data['results'][0]}</arg>
<doc>Logs the given message with the given level.</doc>
<status status="PASS" start="2024-05-21T09:16:02.756279" elapsed="0.000426"/>
</kw>
<kw name="Log" owner="BuiltIn">
<msg time="2024-05-21T09:16:02.757151" level="INFO">login</msg>
<arg>${key}</arg>
<doc>Logs the given message with the given level.</doc>
<status status="PASS" start="2024-05-21T09:16:02.757024" elapsed="0.000165"/>
</kw>
<var name="${key}">login</var>
<status status="PASS" start="2024-05-21T09:16:02.755402" elapsed="0.002011"/>
</iter>
<var>${key}</var>
<value>@{expected_keys}</value>
<status status="PASS" start="2024-05-21T09:16:02.746438" elapsed="0.011098"/>
</for>
<kw name="Create List" owner="BuiltIn">
<msg time="2024-05-21T09:16:02.757928" level="INFO">${expected_keysTwo} = ['username', 'password']</msg>
<var>${expected_keysTwo}</var>
<arg>username</arg>
<arg>password</arg>
<doc>Returns a list containing given items.</doc>
<status status="PASS" start="2024-05-21T09:16:02.757756" elapsed="0.000198"/>
</kw>
<for flavor="IN">
<iter>
<kw name="Dictionary Should Contain Key" owner="Collections">
<msg time="2024-05-21T09:16:02.758874" level="INFO">False</msg>
<arg>${json_data['results'][0]['login']}</arg>
<arg>${keyTwo}</arg>
<doc>Fails if ``key`` is not found from ``dictionary``.</doc>
<status status="PASS" start="2024-05-21T09:16:02.758483" elapsed="0.000428"/>
</kw>
<kw name="Dictionary Should Contain Key" owner="Collections">
<msg time="2024-05-21T09:16:02.759606" level="INFO">False</msg>
<arg>${json_data['results'][0]['login']}</arg>
<arg>${keyTwo}</arg>
<doc>Fails if ``key`` is not found from ``dictionary``.</doc>
<status status="PASS" start="2024-05-21T09:16:02.759220" elapsed="0.000424"/>
</kw>
<kw name="Log" owner="BuiltIn">
<msg time="2024-05-21T09:16:02.760101" level="INFO">username</msg>
<arg>${keyTwo}</arg>
<doc>Logs the given message with the given level.</doc>
<status status="PASS" start="2024-05-21T09:16:02.759970" elapsed="0.000169"/>
</kw>
<var name="${keyTwo}">username</var>
<status status="PASS" start="2024-05-21T09:16:02.758371" elapsed="0.001989"/>
</iter>
<iter>
<kw name="Dictionary Should Contain Key" owner="Collections">
<msg time="2024-05-21T09:16:02.761029" level="INFO">False</msg>
<arg>${json_data['results'][0]['login']}</arg>
<arg>${keyTwo}</arg>
<doc>Fails if ``key`` is not found from ``dictionary``.</doc>
<status status="PASS" start="2024-05-21T09:16:02.760648" elapsed="0.000419"/>
</kw>
<kw name="Dictionary Should Contain Key" owner="Collections">
<msg time="2024-05-21T09:16:02.761837" level="INFO">False</msg>
<arg>${json_data['results'][0]['login']}</arg>
<arg>${keyTwo}</arg>
<doc>Fails if ``key`` is not found from ``dictionary``.</doc>
<status status="PASS" start="2024-05-21T09:16:02.761359" elapsed="0.000514"/>
</kw>
<kw name="Log" owner="BuiltIn">
<msg time="2024-05-21T09:16:02.762301" level="INFO">password</msg>
<arg>${keyTwo}</arg>
<doc>Logs the given message with the given level.</doc>
<status status="PASS" start="2024-05-21T09:16:02.762168" elapsed="0.000171"/>
</kw>
<var name="${keyTwo}">password</var>
<status status="PASS" start="2024-05-21T09:16:02.760537" elapsed="0.002018"/>
</iter>
<var>${keyTwo}</var>
<value>@{expected_keysTwo}</value>
<status status="PASS" start="2024-05-21T09:16:02.758212" elapsed="0.004463"/>
</for>
<status status="PASS" start="2024-05-21T09:16:02.699174" elapsed="0.063647"/>
</kw>
<doc>Testa a estrutura da resposta da API.</doc>
<tag>testeEstruturaResposta</tag>
<status status="PASS" start="2024-05-21T09:16:02.698617" elapsed="0.064366"/>
</test>
<test id="s1-s1-t4" name="Validar tipos de dados" line="28">
<kw name="Teste de Tipos de Dados" owner="random-user-service">
<kw name="GET On Session" owner="RequestsLibrary">
<msg time="2024-05-21T09:16:02.875537" level="INFO">GET Request : url=https://randomuser.me/api 
 path_url=/api 
 headers={'User-Agent': 'python-requests/2.32.1', 'Accept-Encoding': 'gzip, deflate', 'Accept': '*/*', 'Connection': 'keep-alive'} 
 body=None 
 </msg>
<msg time="2024-05-21T09:16:02.875634" level="INFO">GET Response : url=https://randomuser.me/api 
 status=200, reason=OK 
 headers={'Date': 'Tue, 21 May 2024 09:16:02 GMT', 'Content-Type': 'application/json; charset=utf-8', 'Transfer-Encoding': 'chunked', 'Connection': 'keep-alive', 'X-Powered-By': 'Express', 'Access-Control-Allow-Origin': '*', 'Cache-Control': 'no-cache', 'ETag': 'W/"4a3-VmjVgA90ObpW+sigXnh7Tvuf3KQ"', 'Vary': 'Accept-Encoding', 'Content-Encoding': 'gzip', 'CF-Cache-Status': 'DYNAMIC', 'Report-To': '{"endpoints":[{"url":"https:\\/\\/a.nel.cloudflare.com\\/report\\/v4?s=CI19aHNUBole1r4%2BHS3qa0SW0rpGryaZWwBWkRIFjvHMeGPZARrm1ygCjBziW1wp1AjnT8s1U9z0k5YmrevM7X4g6oi0P9TbQAgsCQD2x3OWiowYaOVXUMtyyj9yYJ1Y"}],"group":"cf-nel","max_age":604800}', 'NEL': '{"success_fraction":0,"report_to":"cf-nel","max_age":604800}', 'Server': 'cloudflare', 'CF-RAY': '887377254ac16158-ORD', 'alt-svc': 'h3=":443"; ma=86400'} 
 body={"results":[{"gender":"male","name":{"title":"Mr","first":"Evelácio","last":"Campos"},"location":{"street":{"number":4968,"name":"Avenida D. Pedro Ii"},"city":"Campo Largo","state":"Bahia","country":"Brazil","postcode":39342,"coordinates":{"latitude":"-75.8850","longitude":"-96.3167"},"timezone":{"offset":"+3:00","description":"Baghdad, Riyadh, Moscow, St. Petersburg"}},"email":"evelacio.campos@example.com","login":{"uuid":"51870325-a1b0-410b-b8cb-c5486c8b3447","username":"smallpanda807","password":"liberty","salt":"PfUcgbRC","md5":"20a7ac83572d7a2d47fab526c843400e","sha1":"7520d5a0daf8e7042c01384410f49d547dfb4721","sha256":"5f508e1a5d1f56298347bc97c275264f6e6e44a24a2b785426a80208553fda13"},"dob":{"date":"1964-12-30T19:27:13.970Z","age":59},"registered":{"date":"2007-09-10T10:53:55.462Z","age":16},"phone":"(37) 5723-2424","cell":"(21) 1492-6276","id":{"name":"CPF","value":"058.947.965-70"},"picture":{"large":"https://randomuser.me/api/portraits/men/55.jpg","medium":"https://randomuser.me/api/portraits/med/men/55.jpg","thumbnail":"https://randomuser.me/api/portraits/thumb/men/55.jpg"},"nat":"BR"}],"info":{"seed":"7b0af03c712fe549","results":1,"page":1,"version":"1.4"}} 
 </msg>
<msg time="2024-05-21T09:16:02.875736" level="INFO">/opt/hostedtoolcache/Python/3.12.3/x64/lib/python3.12/site-packages/urllib3/connectionpool.py:1103: InsecureRequestWarning: Unverified HTTPS request is being made to host 'randomuser.me'. Adding certificate verification is strongly advised. See: https://urllib3.readthedocs.io/en/latest/advanced-usage.html#tls-warnings
  warnings.warn(</msg>
<msg time="2024-05-21T09:16:02.875877" level="INFO">${response} = &lt;Response [200]&gt;</msg>
<var>${response}</var>
<arg>consultarAPI</arg>
<arg>/api</arg>
<doc>Sends a GET request on a previously created HTTP Session.</doc>
<status status="PASS" start="2024-05-21T09:16:02.765480" elapsed="0.110429"/>
</kw>
<kw name="Set Variable" owner="BuiltIn">
<msg time="2024-05-21T09:16:02.876917" level="INFO">${json_data} = {'results': [{'gender': 'male', 'name': {'title': 'Mr', 'first': 'Evelácio', 'last': 'Campos'}, 'location': {'street': {'number': 4968, 'name': 'Avenida D. Pedro Ii'}, 'city': 'Campo Largo', 'state': ...</msg>
<var>${json_data}</var>
<arg>${response.json()}</arg>
<doc>Returns the given values which can then be assigned to a variables.</doc>
<status status="PASS" start="2024-05-21T09:16:02.876392" elapsed="0.000555"/>
</kw>
<kw name="Log" owner="BuiltIn">
<msg time="2024-05-21T09:16:02.877423" level="INFO">{'results': [{'gender': 'male', 'name': {'title': 'Mr', 'first': 'Evelácio', 'last': 'Campos'}, 'location': {'street': {'number': 4968, 'name': 'Avenida D. Pedro Ii'}, 'city': 'Campo Largo', 'state': 'Bahia', 'country': 'Brazil', 'postcode': 39342, 'coordinates': {'latitude': '-75.8850', 'longitude': '-96.3167'}, 'timezone': {'offset': '+3:00', 'description': 'Baghdad, Riyadh, Moscow, St. Petersburg'}}, 'email': 'evelacio.campos@example.com', 'login': {'uuid': '51870325-a1b0-410b-b8cb-c5486c8b3447', 'username': 'smallpanda807', 'password': 'liberty', 'salt': 'PfUcgbRC', 'md5': '20a7ac83572d7a2d47fab526c843400e', 'sha1': '7520d5a0daf8e7042c01384410f49d547dfb4721', 'sha256': '5f508e1a5d1f56298347bc97c275264f6e6e44a24a2b785426a80208553fda13'}, 'dob': {'date': '1964-12-30T19:27:13.970Z', 'age': 59}, 'registered': {'date': '2007-09-10T10:53:55.462Z', 'age': 16}, 'phone': '(37) 5723-2424', 'cell': '(21) 1492-6276', 'id': {'name': 'CPF', 'value': '058.947.965-70'}, 'picture': {'large': 'https://randomuser.me/api/portraits/men/55.jpg', 'medium': 'https://randomuser.me/api/portraits/med/men/55.jpg', 'thumbnail': 'https://randomuser.me/api/portraits/thumb/men/55.jpg'}, 'nat': 'BR'}], 'info': {'seed': '7b0af03c712fe549', 'results': 1, 'page': 1, 'version': '1.4'}}</msg>
<arg>${json_data}</arg>
<doc>Logs the given message with the given level.</doc>
<status status="PASS" start="2024-05-21T09:16:02.877262" elapsed="0.000250"/>
</kw>
<kw name="Should Be String" owner="String">
<arg>${json_data['results'][0]['gender']}</arg>
<doc>Fails if the given ``item`` is not a string.</doc>
<status status="PASS" start="2024-05-21T09:16:02.877817" elapsed="0.000372"/>
</kw>
<kw name="Should Match Regexp" owner="BuiltIn">
<arg>${json_data['results'][0]['email']}</arg>
<arg>^[a-zA-Z0-9._%+-]+@[a-zA-Z0-9.-]+\.[a-zA-Z]{2,}$</arg>
<doc>Fails if ``string`` does not match ``pattern`` as a regular expression.</doc>
<status status="PASS" start="2024-05-21T09:16:02.878389" elapsed="0.000524"/>
</kw>
<kw name="Should Match Regexp" owner="BuiltIn">
<arg>${json_data['results'][0]['dob']['date']}</arg>
<arg>\\d{4}-\\d{2}-\\d{2}T\\d{2}:\\d{2}:\\d{2}\\.\\d{3}Z</arg>
<doc>Fails if ``string`` does not match ``pattern`` as a regular expression.</doc>
<status status="PASS" start="2024-05-21T09:16:02.879118" elapsed="0.000496"/>
</kw>
<kw name="Should Match Regexp" owner="BuiltIn">
<arg>${json_data['results'][0]['registered']['date']}</arg>
<arg>\\d{4}-\\d{2}-\\d{2}T\\d{2}:\\d{2}:\\d{2}\\.\\d{3}Z</arg>
<doc>Fails if ``string`` does not match ``pattern`` as a regular expression.</doc>
<status status="PASS" start="2024-05-21T09:16:02.879862" elapsed="0.000376"/>
</kw>
<kw name="Should Match Regexp" owner="BuiltIn">
<arg>${json_data['results'][0]['picture']['large']}</arg>
<arg>^https?://.*\.(?:png|jpe?g|gif|bmp)$</arg>
<doc>Fails if ``string`` does not match ``pattern`` as a regular expression.</doc>
<status status="PASS" start="2024-05-21T09:16:02.880431" elapsed="0.000466"/>
</kw>
<kw name="Should Match Regexp" owner="BuiltIn">
<arg>${json_data['results'][0]['picture']['medium']}</arg>
<arg>^https?://.*\.(?:png|jpe?g|gif|bmp)$</arg>
<doc>Fails if ``string`` does not match ``pattern`` as a regular expression.</doc>
<status status="PASS" start="2024-05-21T09:16:02.881091" elapsed="0.000370"/>
</kw>
<kw name="Should Match Regexp" owner="BuiltIn">
<arg>${json_data['results'][0]['picture']['thumbnail']}</arg>
<arg>^https?://.*\.(?:png|jpe?g|gif|bmp)$</arg>
<doc>Fails if ``string`` does not match ``pattern`` as a regular expression.</doc>
<status status="PASS" start="2024-05-21T09:16:02.881653" elapsed="0.000349"/>
</kw>
<kw name="Log" owner="BuiltIn">
<msg time="2024-05-21T09:16:02.882518" level="INFO">{'large': 'https://randomuser.me/api/portraits/men/55.jpg', 'medium': 'https://randomuser.me/api/portraits/med/men/55.jpg', 'thumbnail': 'https://randomuser.me/api/portraits/thumb/men/55.jpg'}</msg>
<arg>${json_data['results'][0]['picture']}</arg>
<doc>Logs the given message with the given level.</doc>
<status status="PASS" start="2024-05-21T09:16:02.882188" elapsed="0.000385"/>
</kw>
<status status="PASS" start="2024-05-21T09:16:02.765247" elapsed="0.117586"/>
</kw>
<kw name="Teste de Tipos de Dados - Postcode" owner="random-user-service">
<kw name="GET On Session" owner="RequestsLibrary">
<msg time="2024-05-21T09:16:02.957825" level="INFO">GET Request : url=https://randomuser.me/api 
 path_url=/api 
 headers={'User-Agent': 'python-requests/2.32.1', 'Accept-Encoding': 'gzip, deflate', 'Accept': '*/*', 'Connection': 'keep-alive'} 
 body=None 
 </msg>
<msg time="2024-05-21T09:16:02.957901" level="INFO">GET Response : url=https://randomuser.me/api 
 status=200, reason=OK 
 headers={'Date': 'Tue, 21 May 2024 09:16:02 GMT', 'Content-Type': 'application/json; charset=utf-8', 'Transfer-Encoding': 'chunked', 'Connection': 'keep-alive', 'X-Powered-By': 'Express', 'Access-Control-Allow-Origin': '*', 'Cache-Control': 'no-cache', 'ETag': 'W/"491-ISDvpaxj2WMtlH4g2/7mkIUk/ao"', 'Vary': 'Accept-Encoding', 'Content-Encoding': 'gzip', 'CF-Cache-Status': 'DYNAMIC', 'Report-To': '{"endpoints":[{"url":"https:\\/\\/a.nel.cloudflare.com\\/report\\/v4?s=vOBImQkWF6fFPAF3iCkpgcZQn%2BAHsL69lV655BFqUaKIBhjZVDhNrj1o%2BQMdmpLbXzWf5oCRRMVUeiDgcAGXiDACNsQ0UQ6j3USMVgT5mWfdiEs1JX3KHulqypEYtp7M"}],"group":"cf-nel","max_age":604800}', 'NEL': '{"success_fraction":0,"report_to":"cf-nel","max_age":604800}', 'Server': 'cloudflare', 'CF-RAY': '887377260b216158-ORD', 'alt-svc': 'h3=":443"; ma=86400'} 
 body={"results":[{"gender":"female","name":{"title":"Ms","first":"Victoria","last":"Gil"},"location":{"street":{"number":8923,"name":"Calle de Pedro Bosch"},"city":"Pamplona","state":"Ceuta","country":"Spain","postcode":48747,"coordinates":{"latitude":"-36.8768","longitude":"177.8763"},"timezone":{"offset":"-3:00","description":"Brazil, Buenos Aires, Georgetown"}},"email":"victoria.gil@example.com","login":{"uuid":"f5b5e9a6-6165-4f43-a096-a0d0d79e1892","username":"happymouse114","password":"magnolia","salt":"gAw9qoib","md5":"b741a5d032e204c636c40e29dca4c896","sha1":"0f36633d1aa1edf66ff4c1fde2c08cca5edcf70b","sha256":"fe96decef3d7f1b8858c7a52defa43a540134b2ef3b5c416e58ec26bc8ed4d42"},"dob":{"date":"1993-10-26T05:30:50.949Z","age":30},"registered":{"date":"2002-10-14T21:36:00.169Z","age":21},"phone":"945-915-519","cell":"633-698-553","id":{"name":"DNI","value":"54420149-N"},"picture":{"large":"https://randomuser.me/api/portraits/women/79.jpg","medium":"https://randomuser.me/api/portraits/med/women/79.jpg","thumbnail":"https://randomuser.me/api/portraits/thumb/women/79.jpg"},"nat":"ES"}],"info":{"seed":"f7c0d760a89ca4c1","results":1,"page":1,"version":"1.4"}} 
 </msg>
<msg time="2024-05-21T09:16:02.957969" level="INFO">/opt/hostedtoolcache/Python/3.12.3/x64/lib/python3.12/site-packages/urllib3/connectionpool.py:1103: InsecureRequestWarning: Unverified HTTPS request is being made to host 'randomuser.me'. Adding certificate verification is strongly advised. See: https://urllib3.readthedocs.io/en/latest/advanced-usage.html#tls-warnings
  warnings.warn(</msg>
<msg time="2024-05-21T09:16:02.958095" level="INFO">${response} = &lt;Response [200]&gt;</msg>
<var>${response}</var>
<arg>consultarAPI</arg>
<arg>/api</arg>
<doc>Sends a GET request on a previously created HTTP Session.</doc>
<status status="PASS" start="2024-05-21T09:16:02.883296" elapsed="0.074851"/>
</kw>
<kw name="Set Variable" owner="BuiltIn">
<msg time="2024-05-21T09:16:02.958992" level="INFO">${json_data} = {'results': [{'gender': 'female', 'name': {'title': 'Ms', 'first': 'Victoria', 'last': 'Gil'}, 'location': {'street': {'number': 8923, 'name': 'Calle de Pedro Bosch'}, 'city': 'Pamplona', 'state': 'Ce...</msg>
<var>${json_data}</var>
<arg>${response.json()}</arg>
<doc>Returns the given values which can then be assigned to a variables.</doc>
<status status="PASS" start="2024-05-21T09:16:02.958540" elapsed="0.000481"/>
</kw>
<kw name="Log" owner="BuiltIn">
<msg time="2024-05-21T09:16:02.959474" level="INFO">{'results': [{'gender': 'female', 'name': {'title': 'Ms', 'first': 'Victoria', 'last': 'Gil'}, 'location': {'street': {'number': 8923, 'name': 'Calle de Pedro Bosch'}, 'city': 'Pamplona', 'state': 'Ceuta', 'country': 'Spain', 'postcode': 48747, 'coordinates': {'latitude': '-36.8768', 'longitude': '177.8763'}, 'timezone': {'offset': '-3:00', 'description': 'Brazil, Buenos Aires, Georgetown'}}, 'email': 'victoria.gil@example.com', 'login': {'uuid': 'f5b5e9a6-6165-4f43-a096-a0d0d79e1892', 'username': 'happymouse114', 'password': 'magnolia', 'salt': 'gAw9qoib', 'md5': 'b741a5d032e204c636c40e29dca4c896', 'sha1': '0f36633d1aa1edf66ff4c1fde2c08cca5edcf70b', 'sha256': 'fe96decef3d7f1b8858c7a52defa43a540134b2ef3b5c416e58ec26bc8ed4d42'}, 'dob': {'date': '1993-10-26T05:30:50.949Z', 'age': 30}, 'registered': {'date': '2002-10-14T21:36:00.169Z', 'age': 21}, 'phone': '945-915-519', 'cell': '633-698-553', 'id': {'name': 'DNI', 'value': '54420149-N'}, 'picture': {'large': 'https://randomuser.me/api/portraits/women/79.jpg', 'medium': 'https://randomuser.me/api/portraits/med/women/79.jpg', 'thumbnail': 'https://randomuser.me/api/portraits/thumb/women/79.jpg'}, 'nat': 'ES'}], 'info': {'seed': 'f7c0d760a89ca4c1', 'results': 1, 'page': 1, 'version': '1.4'}}</msg>
<arg>${json_data}</arg>
<doc>Logs the given message with the given level.</doc>
<status status="PASS" start="2024-05-21T09:16:02.959322" elapsed="0.000229"/>
</kw>
<kw name="Should Be Equal As Numbers" owner="BuiltIn">
<arg>${json_data['results'][0]['location']['postcode']}</arg>
<arg>${json_data['results'][0]['location']['postcode']}</arg>
<doc>Fails if objects are unequal after converting them to real numbers.</doc>
<status status="PASS" start="2024-05-21T09:16:02.959886" elapsed="0.000756"/>
</kw>
<kw name="Log" owner="BuiltIn">
<msg time="2024-05-21T09:16:02.961176" level="INFO">48747</msg>
<arg>${json_data['results'][0]['location']['postcode']}</arg>
<doc>Logs the given message with the given level.</doc>
<status status="PASS" start="2024-05-21T09:16:02.960837" elapsed="0.000413"/>
</kw>
<status status="PASS" start="2024-05-21T09:16:02.883063" elapsed="0.078444"/>
</kw>
<doc>Testa se os tipos de dados na resposta da API estão corretos.</doc>
<tag>testeTiposDados</tag>
<status status="PASS" start="2024-05-21T09:16:02.764788" elapsed="0.196883"/>
</test>
<test id="s1-s1-t5" name="Validar conteudo" line="35">
<kw name="Teste de Tipos de Conteudo" owner="random-user-service">
<kw name="GET On Session" owner="RequestsLibrary">
<msg time="2024-05-21T09:16:03.046926" level="INFO">GET Request : url=https://randomuser.me/api 
 path_url=/api 
 headers={'User-Agent': 'python-requests/2.32.1', 'Accept-Encoding': 'gzip, deflate', 'Accept': '*/*', 'Connection': 'keep-alive'} 
 body=None 
 </msg>
<msg time="2024-05-21T09:16:03.047013" level="INFO">GET Response : url=https://randomuser.me/api 
 status=200, reason=OK 
 headers={'Date': 'Tue, 21 May 2024 09:16:03 GMT', 'Content-Type': 'application/json; charset=utf-8', 'Transfer-Encoding': 'chunked', 'Connection': 'keep-alive', 'X-Powered-By': 'Express', 'Access-Control-Allow-Origin': '*', 'Cache-Control': 'no-cache', 'ETag': 'W/"48b-43MPbwzz0MlBjzz3JNJY7Lp5Cek"', 'Vary': 'Accept-Encoding', 'Content-Encoding': 'gzip', 'CF-Cache-Status': 'DYNAMIC', 'Report-To': '{"endpoints":[{"url":"https:\\/\\/a.nel.cloudflare.com\\/report\\/v4?s=CqySIjdYCRDSzXDf6epZ9WDEw0fttJ0O9WcL7e4AwecsIoFdj%2B3SPmLb4VSRHXscwNf18%2BAS5ALwCYd0D7lpVgaRlRsKsg8Ow7ERMtdwAjgnVhmaew32ROzW9ryRZlU4"}],"group":"cf-nel","max_age":604800}', 'NEL': '{"success_fraction":0,"report_to":"cf-nel","max_age":604800}', 'Server': 'cloudflare', 'CF-RAY': '887377268b5b6158-ORD', 'alt-svc': 'h3=":443"; ma=86400'} 
 body={"results":[{"gender":"male","name":{"title":"Mr","first":"Martín","last":"Molina"},"location":{"street":{"number":4524,"name":"Calle del Arenal"},"city":"Vigo","state":"Cantabria","country":"Spain","postcode":28573,"coordinates":{"latitude":"-36.0772","longitude":"-47.6954"},"timezone":{"offset":"+8:00","description":"Beijing, Perth, Singapore, Hong Kong"}},"email":"martin.molina@example.com","login":{"uuid":"c9d7bf43-646b-47e1-9b4b-7fb4dadd3032","username":"brownpanda512","password":"pppppppp","salt":"zqATD4gv","md5":"f2faa9d6c353ec01fe26a61779e227a2","sha1":"84b765baa961cf3c5ddd257df58267de37202d75","sha256":"6b05991d89924663a1a91c7a4bdf0353111cce545662bda4bc3cb10c356ff718"},"dob":{"date":"1999-12-18T16:37:14.093Z","age":24},"registered":{"date":"2016-12-28T18:02:01.840Z","age":7},"phone":"986-882-011","cell":"651-495-415","id":{"name":"DNI","value":"24801781-G"},"picture":{"large":"https://randomuser.me/api/portraits/men/26.jpg","medium":"https://randomuser.me/api/portraits/med/men/26.jpg","thumbnail":"https://randomuser.me/api/portraits/thumb/men/26.jpg"},"nat":"ES"}],"info":{"seed":"4ed8a0ce3726a789","results":1,"page":1,"version":"1.4"}} 
 </msg>
<msg time="2024-05-21T09:16:03.047087" level="INFO">/opt/hostedtoolcache/Python/3.12.3/x64/lib/python3.12/site-packages/urllib3/connectionpool.py:1103: InsecureRequestWarning: Unverified HTTPS request is being made to host 'randomuser.me'. Adding certificate verification is strongly advised. See: https://urllib3.readthedocs.io/en/latest/advanced-usage.html#tls-warnings
  warnings.warn(</msg>
<msg time="2024-05-21T09:16:03.047224" level="INFO">${response} = &lt;Response [200]&gt;</msg>
<var>${response}</var>
<arg>consultarAPI</arg>
<arg>/api</arg>
<doc>Sends a GET request on a previously created HTTP Session.</doc>
<status status="PASS" start="2024-05-21T09:16:02.964085" elapsed="0.083198"/>
</kw>
<kw name="Set Variable" owner="BuiltIn">
<msg time="2024-05-21T09:16:03.048195" level="INFO">${json_data} = {'results': [{'gender': 'male', 'name': {'title': 'Mr', 'first': 'Martín', 'last': 'Molina'}, 'location': {'street': {'number': 4524, 'name': 'Calle del Arenal'}, 'city': 'Vigo', 'state': 'Cantabria',...</msg>
<var>${json_data}</var>
<arg>${response.json()}</arg>
<doc>Returns the given values which can then be assigned to a variables.</doc>
<status status="PASS" start="2024-05-21T09:16:03.047745" elapsed="0.000479"/>
</kw>
<kw name="Set Variable" owner="BuiltIn">
<msg time="2024-05-21T09:16:03.048920" level="INFO">${name_title} = Mr</msg>
<var>${name_title}</var>
<arg>${json_data["results"][0]["name"]["title"]}</arg>
<doc>Returns the given values which can then be assigned to a variables.</doc>
<status status="PASS" start="2024-05-21T09:16:03.048531" elapsed="0.000415"/>
</kw>
<kw name="Create List" owner="BuiltIn">
<msg time="2024-05-21T09:16:03.049397" level="INFO">${allowed_titles} = ['Mr', 'Ms', 'Miss', 'Mrs', 'Madame', 'Monsieur']</msg>
<var>${allowed_titles}</var>
<arg>Mr</arg>
<arg>Ms</arg>
<arg>Miss</arg>
<arg>Mrs</arg>
<arg>Madame</arg>
<arg>Monsieur</arg>
<doc>Returns a list containing given items.</doc>
<status status="PASS" start="2024-05-21T09:16:03.049248" elapsed="0.000173"/>
</kw>
<kw name="List Should Contain Value" owner="Collections">
<msg time="2024-05-21T09:16:03.049895" level="INFO">False</msg>
<arg>${allowed_titles}</arg>
<arg>${name_title}</arg>
<doc>Fails if the ``value`` is not found from ``list``.</doc>
<status status="PASS" start="2024-05-21T09:16:03.049721" elapsed="0.000211"/>
</kw>
<kw name="Set Variable" owner="BuiltIn">
<msg time="2024-05-21T09:16:03.050596" level="INFO">${name_country} = ES</msg>
<var>${name_country}</var>
<arg>${json_data["results"][0]["nat"]}</arg>
<doc>Returns the given values which can then be assigned to a variables.</doc>
<status status="PASS" start="2024-05-21T09:16:03.050221" elapsed="0.000401"/>
</kw>
<kw name="Create List" owner="BuiltIn">
<msg time="2024-05-21T09:16:03.051521" level="INFO">${list_country} = ['AD', 'AE', 'AF', 'AG', 'AI', 'AL', 'AM', 'AO', 'AQ', 'AR', 'AS', 'AT', 'AU', 'AW', 'AX', 'AZ', 'BA', 'BB', 'BD', 'BE', 'BF', 'BG', 'BH', 'BI', 'BJ', 'BL', 'BM', 'BN', 'BO', 'BQ', 'BR', 'BS', 'BT', '...</msg>
<var>${list_country}</var>
<arg>AD</arg>
<arg>AE</arg>
<arg>AF</arg>
<arg>AG</arg>
<arg>AI</arg>
<arg>AL</arg>
<arg>AM</arg>
<arg>AO</arg>
<arg>AQ</arg>
<arg>AR</arg>
<arg>AS</arg>
<arg>AT</arg>
<arg>AU</arg>
<arg>AW</arg>
<arg>AX</arg>
<arg>AZ</arg>
<arg>BA</arg>
<arg>BB</arg>
<arg>BD</arg>
<arg>BE</arg>
<arg>BF</arg>
<arg>BG</arg>
<arg>BH</arg>
<arg>BI</arg>
<arg>BJ</arg>
<arg>BL</arg>
<arg>BM</arg>
<arg>BN</arg>
<arg>BO</arg>
<arg>BQ</arg>
<arg>BR</arg>
<arg>BS</arg>
<arg>BT</arg>
<arg>BV</arg>
<arg>BW</arg>
<arg>BY</arg>
<arg>BZ</arg>
<arg>CA</arg>
<arg>CC</arg>
<arg>CD</arg>
<arg>CF</arg>
<arg>CG</arg>
<arg>CH</arg>
<arg>CI</arg>
<arg>CK</arg>
<arg>CL</arg>
<arg>CM</arg>
<arg>CN</arg>
<arg>CO</arg>
<arg>CR</arg>
<arg>CU</arg>
<arg>CV</arg>
<arg>CW</arg>
<arg>CX</arg>
<arg>CY</arg>
<arg>CZ</arg>
<arg>DE</arg>
<arg>DJ</arg>
<arg>DK</arg>
<arg>DM</arg>
<arg>DO</arg>
<arg>DZ</arg>
<arg>EC</arg>
<arg>EE</arg>
<arg>EG</arg>
<arg>EH</arg>
<arg>ER</arg>
<arg>ES</arg>
<arg>ET</arg>
<arg>FI</arg>
<arg>FJ</arg>
<arg>FK</arg>
<arg>FM</arg>
<arg>FO</arg>
<arg>FR</arg>
<arg>GA</arg>
<arg>GB</arg>
<arg>GD</arg>
<arg>GE</arg>
<arg>GF</arg>
<arg>GG</arg>
<arg>GH</arg>
<arg>GI</arg>
<arg>GL</arg>
<arg>GM</arg>
<arg>GN</arg>
<arg>GP</arg>
<arg>GQ</arg>
<arg>GR</arg>
<arg>GS</arg>
<arg>GT</arg>
<arg>GU</arg>
<arg>GW</arg>
<arg>GY</arg>
<arg>HK</arg>
<arg>HM</arg>
<arg>HN</arg>
<arg>HR</arg>
<arg>HT</arg>
<arg>HU</arg>
<arg>ID</arg>
<arg>IE</arg>
<arg>IL</arg>
<arg>IM</arg>
<arg>IN</arg>
<arg>IO</arg>
<arg>IQ</arg>
<arg>IR</arg>
<arg>IS</arg>
<arg>IT</arg>
<arg>JE</arg>
<arg>JM</arg>
<arg>JO</arg>
<arg>JP</arg>
<arg>KE</arg>
<arg>KG</arg>
<arg>KH</arg>
<arg>KI</arg>
<arg>KM</arg>
<arg>KN</arg>
<arg>KP</arg>
<arg>KR</arg>
<arg>KW</arg>
<arg>KY</arg>
<arg>KZ</arg>
<arg>LA</arg>
<arg>LB</arg>
<arg>LC</arg>
<arg>LI</arg>
<arg>LK</arg>
<arg>LR</arg>
<arg>LS</arg>
<arg>LT</arg>
<arg>LU</arg>
<arg>LV</arg>
<arg>LY</arg>
<arg>MA</arg>
<arg>MC</arg>
<arg>MD</arg>
<arg>ME</arg>
<arg>MF</arg>
<arg>MG</arg>
<arg>MH</arg>
<arg>MK</arg>
<arg>ML</arg>
<arg>MM</arg>
<arg>MN</arg>
<arg>MO</arg>
<arg>MP</arg>
<arg>MQ</arg>
<arg>MR</arg>
<arg>MS</arg>
<arg>MT</arg>
<arg>MU</arg>
<arg>MV</arg>
<arg>MW</arg>
<arg>MX</arg>
<arg>MY</arg>
<arg>MZ</arg>
<arg>NA</arg>
<arg>NC</arg>
<arg>NE</arg>
<arg>NF</arg>
<arg>NG</arg>
<arg>NI</arg>
<arg>NL</arg>
<arg>NO</arg>
<arg>NP</arg>
<arg>NR</arg>
<arg>NU</arg>
<arg>NZ</arg>
<arg>OM</arg>
<arg>PA</arg>
<arg>PE</arg>
<arg>PF</arg>
<arg>PG</arg>
<arg>PH</arg>
<arg>PK</arg>
<arg>PL</arg>
<arg>PM</arg>
<arg>PN</arg>
<arg>PR</arg>
<arg>PS</arg>
<arg>PT</arg>
<arg>PW</arg>
<arg>PY</arg>
<arg>QA</arg>
<arg>RE</arg>
<arg>RO</arg>
<arg>RS</arg>
<arg>RU</arg>
<arg>RW</arg>
<arg>SA</arg>
<arg>SB</arg>
<arg>SC</arg>
<arg>SD</arg>
<arg>SE</arg>
<arg>SG</arg>
<arg>SH</arg>
<arg>SI</arg>
<arg>SJ</arg>
<arg>SK</arg>
<arg>SL</arg>
<arg>SM</arg>
<arg>SN</arg>
<arg>SO</arg>
<arg>SR</arg>
<arg>SS</arg>
<arg>ST</arg>
<arg>SV</arg>
<arg>SX</arg>
<arg>SY</arg>
<arg>SZ</arg>
<arg>TC</arg>
<arg>TD</arg>
<arg>TF</arg>
<arg>TG</arg>
<arg>TH</arg>
<arg>TJ</arg>
<arg>TK</arg>
<arg>TL</arg>
<arg>TM</arg>
<arg>TN</arg>
<arg>TO</arg>
<arg>TR</arg>
<arg>TT</arg>
<arg>TV</arg>
<arg>TW</arg>
<arg>TZ</arg>
<arg>UA</arg>
<arg>UG</arg>
<arg>UM</arg>
<arg>US</arg>
<arg>UY</arg>
<arg>UZ</arg>
<arg>VA</arg>
<arg>VC</arg>
<arg>VE</arg>
<arg>VG</arg>
<arg>VI</arg>
<arg>VN</arg>
<arg>VU</arg>
<arg>WF</arg>
<arg>WS</arg>
<arg>XK</arg>
<arg>YE</arg>
<arg>YT</arg>
<arg>ZA</arg>
<arg>ZM</arg>
<arg>ZW</arg>
<doc>Returns a list containing given items.</doc>
<status status="PASS" start="2024-05-21T09:16:03.050926" elapsed="0.000620"/>
</kw>
<kw name="List Should Contain Value" owner="Collections">
<msg time="2024-05-21T09:16:03.052573" level="INFO">False</msg>
<arg>${list_country}</arg>
<arg>${name_country}</arg>
<doc>Fails if the ``value`` is not found from ``list``.</doc>
<status status="PASS" start="2024-05-21T09:16:03.052354" elapsed="0.000257"/>
</kw>
<kw name="Run Keyword If" owner="BuiltIn">
<kw name="Should Be True" owner="BuiltIn">
<arg>${True}</arg>
<doc>Fails if the given condition is not true.</doc>
<status status="PASS" start="2024-05-21T09:16:03.053715" elapsed="0.000153"/>
</kw>
<arg>${json_data["results"][0]["location"]["coordinates"]["latitude"]} &gt;= -90 and ${json_data["results"][0]["location"]["coordinates"]["latitude"]} &lt;= 90</arg>
<arg>Should Be True</arg>
<arg>${True}</arg>
<doc>Runs the given keyword with the given arguments, if ``condition`` is true.</doc>
<status status="PASS" start="2024-05-21T09:16:03.052943" elapsed="0.001062"/>
</kw>
<kw name="Run Keyword If" owner="BuiltIn">
<kw name="Should Be True" owner="BuiltIn">
<arg>${True}</arg>
<doc>Fails if the given condition is not true.</doc>
<status status="PASS" start="2024-05-21T09:16:03.054927" elapsed="0.000250"/>
</kw>
<arg>${json_data["results"][0]["location"]["coordinates"]["longitude"]} &gt;= -180 and ${json_data["results"][0]["location"]["coordinates"]["longitude"]} &lt;= 180</arg>
<arg>Should Be True</arg>
<arg>${True}</arg>
<doc>Runs the given keyword with the given arguments, if ``condition`` is true.</doc>
<status status="PASS" start="2024-05-21T09:16:03.054231" elapsed="0.001076"/>
</kw>
<status status="PASS" start="2024-05-21T09:16:02.963867" elapsed="0.091570"/>
</kw>
<doc>Testa o conteúdo específico dos campos retornados pela API.</doc>
<tag>testeConteudo</tag>
<status status="PASS" start="2024-05-21T09:16:02.963406" elapsed="0.092177"/>
</test>
<status status="PASS" start="2024-05-21T09:16:02.200143" elapsed="0.857437"/>
</suite>
<status status="PASS" start="2024-05-21T09:16:02.186654" elapsed="0.876087"/>
</suite>
<statistics>
<total>
<stat pass="5" fail="0" skip="0">All Tests</stat>
</total>
<tag>
<stat pass="1" fail="0" skip="0">testeConteudo</stat>
<stat pass="1" fail="0" skip="0">testeEstruturaResposta</stat>
<stat pass="1" fail="0" skip="0">testeRequisicaoBasica</stat>
<stat pass="1" fail="0" skip="0">testeTiposDados</stat>
</tag>
<suite>
<stat pass="5" fail="0" skip="0" id="s1" name="Tests">Tests</stat>
<stat pass="5" fail="0" skip="0" id="s1-s1" name="Random-User-Test">Tests.Random-User-Test</stat>
</suite>
</statistics>
<errors>
</errors>
</robot>
