<?xml version="1.0" encoding="UTF-8"?>
<robot generator="Robot 7.0.1 (Python 3.12.4 on linux)" generated="2024-07-17T16:19:11.931418" rpa="false" schemaversion="5">
<suite id="s1" name="Tests" source="/home/runner/work/ApiRandomUser/ApiRandomUser/RamdonUser/tests">
<suite id="s1-s1" name="Random-User-Test" source="/home/runner/work/ApiRandomUser/ApiRandomUser/RamdonUser/tests/random-user-test.robot">
<test id="s1-s1-t1" name="Conectar" line="13">
<kw name="Conectar API" owner="random-user-service">
<kw name="Create Session" owner="RequestsLibrary">
<msg time="2024-07-17T16:19:12.340601" level="INFO">Creating Session using : alias=consultarAPI, url=https://randomuser.me/, headers={},                     cookies={}, auth=None, timeout=None, proxies=None, verify=False,                     debug=0 </msg>
<arg>consultarAPI</arg>
<arg>${URL}</arg>
<doc>Create Session: create a HTTP session to a server</doc>
<status status="PASS" start="2024-07-17T16:19:12.340388" elapsed="0.000420"/>
</kw>
<status status="PASS" start="2024-07-17T16:19:12.339338" elapsed="0.001885"/>
</kw>
<status status="PASS" start="2024-07-17T16:19:12.338708" elapsed="0.002722"/>
</test>
<test id="s1-s1-t2" name="Validar retorno 200 e JSON Válido" line="16">
<kw name="Teste de Requisicao Basica" owner="random-user-service">
<kw name="GET On Session" owner="RequestsLibrary">
<msg time="2024-07-17T16:19:13.794322" level="INFO">GET Request : url=https://randomuser.me/api 
 path_url=/api 
 headers={'User-Agent': 'python-requests/2.32.3', 'Accept-Encoding': 'gzip, deflate', 'Accept': '*/*', 'Connection': 'keep-alive'} 
 body=None 
 </msg>
<msg time="2024-07-17T16:19:13.794482" level="INFO">GET Response : url=https://randomuser.me/api 
 status=200, reason=OK 
 headers={'Date': 'Wed, 17 Jul 2024 16:19:13 GMT', 'Content-Type': 'application/json; charset=utf-8', 'Transfer-Encoding': 'chunked', 'Connection': 'keep-alive', 'X-Powered-By': 'Express', 'Access-Control-Allow-Origin': '*', 'Cache-Control': 'no-cache', 'ETag': 'W/"49b-RXim8h/whvW0p8/5/Gh+jcVKF9o"', 'Vary': 'Accept-Encoding', 'Content-Encoding': 'gzip', 'CF-Cache-Status': 'DYNAMIC', 'Report-To': '{"endpoints":[{"url":"https:\\/\\/a.nel.cloudflare.com\\/report\\/v4?s=Q6qvdNKAbnXKcrsyUZn5IzCzs5WqfMna8ucO6jC6OVm%2BRpqRzQNoDfj8q5toeP3hWASCpx6FUzpq2MJtUDh0Tv8psdioBwFAfKPsnAgxMyN3Y7B%2BY%2F%2Fdu6XqwPnGRied"}],"group":"cf-nel","max_age":604800}', 'NEL': '{"success_fraction":0,"report_to":"cf-nel","max_age":604800}', 'Server': 'cloudflare', 'CF-RAY': '8a4b8d624e8b07a8-IAD', 'alt-svc': 'h3=":443"; ma=86400'} 
 body={"results":[{"gender":"female","name":{"title":"Miss","first":"Kenzi","last":"Hayes"},"location":{"street":{"number":1204,"name":"Sunset St"},"city":"Irvine","state":"Alabama","country":"United States","postcode":44962,"coordinates":{"latitude":"86.2837","longitude":"85.7781"},"timezone":{"offset":"-5:00","description":"Eastern Time (US &amp; Canada), Bogota, Lima"}},"email":"kenzi.hayes@example.com","login":{"uuid":"86441c70-6d35-4596-ae8c-9695f31a808e","username":"silvermeercat463","password":"kayla","salt":"2mvvJA45","md5":"1d7b8e72cf349aa6f5d1e7e1e785f891","sha1":"7cc48dd8a44c9e27e4c306c07ecb8698b346d9f4","sha256":"251449b257be8abf776298546cf5ff0111506e7e08260b7e710b032f9de24bcb"},"dob":{"date":"1978-12-20T11:06:47.306Z","age":45},"registered":{"date":"2009-03-27T03:16:43.566Z","age":15},"phone":"(306) 605-8076","cell":"(516) 991-0342","id":{"name":"SSN","value":"743-72-8679"},"picture":{"large":"https://randomuser.me/api/portraits/women/93.jpg","medium":"https://randomuser.me/api/portraits/med/women/93.jpg","thumbnail":"https://randomuser.me/api/portraits/thumb/women/93.jpg"},"nat":"US"}],"info":{"seed":"fca6d3bf9db1197f","results":1,"page":1,"version":"1.4"}} 
 </msg>
<msg time="2024-07-17T16:19:13.794574" level="INFO">/opt/hostedtoolcache/Python/3.12.4/x64/lib/python3.12/site-packages/urllib3/connectionpool.py:1099: InsecureRequestWarning: Unverified HTTPS request is being made to host 'randomuser.me'. Adding certificate verification is strongly advised. See: https://urllib3.readthedocs.io/en/latest/advanced-usage.html#tls-warnings
  warnings.warn(</msg>
<msg time="2024-07-17T16:19:13.794743" level="INFO">${response} = &lt;Response [200]&gt;</msg>
<var>${response}</var>
<arg>consultarAPI</arg>
<arg>/api</arg>
<doc>Sends a GET request on a previously created HTTP Session.</doc>
<status status="PASS" start="2024-07-17T16:19:12.344046" elapsed="1.450740"/>
</kw>
<kw name="Should Be Equal As Numbers" owner="BuiltIn">
<msg time="2024-07-17T16:19:13.795866" level="INFO">Argument types are:
&lt;class 'int'&gt;
&lt;class 'str'&gt;</msg>
<arg>${response.status_code}</arg>
<arg>200</arg>
<doc>Fails if objects are unequal after converting them to real numbers.</doc>
<status status="PASS" start="2024-07-17T16:19:13.795387" elapsed="0.000544"/>
</kw>
<kw name="Log" owner="BuiltIn">
<msg time="2024-07-17T16:19:13.796600" level="INFO">200</msg>
<arg>${response.status_code}</arg>
<doc>Logs the given message with the given level.</doc>
<status status="PASS" start="2024-07-17T16:19:13.796253" elapsed="0.000387"/>
</kw>
<kw name="Set Variable" owner="BuiltIn">
<msg time="2024-07-17T16:19:13.797432" level="INFO">${json_data} = {'results': [{'gender': 'female', 'name': {'title': 'Miss', 'first': 'Kenzi', 'last': 'Hayes'}, 'location': {'street': {'number': 1204, 'name': 'Sunset St'}, 'city': 'Irvine', 'state': 'Alabama', 'cou...</msg>
<var>${json_data}</var>
<arg>${response.json()}</arg>
<doc>Returns the given values which can then be assigned to a variables.</doc>
<status status="PASS" start="2024-07-17T16:19:13.796938" elapsed="0.000521"/>
</kw>
<kw name="Dictionary Should Contain Key" owner="Collections">
<arg>${json_data}</arg>
<arg>results</arg>
<doc>Fails if ``key`` is not found from ``dictionary``.</doc>
<status status="PASS" start="2024-07-17T16:19:13.797755" elapsed="0.000181"/>
</kw>
<status status="PASS" start="2024-07-17T16:19:12.343790" elapsed="1.454301"/>
</kw>
<doc>Testa se a API responde corretamente e retorna um objeto JSON válido.</doc>
<tag>testeRequisicaoBasica</tag>
<status status="PASS" start="2024-07-17T16:19:12.343311" elapsed="1.454965"/>
</test>
<test id="s1-s1-t3" name="Validar estrutura de resposta" line="22">
<kw name="Teste de Estrutura de Resposta" owner="random-user-service">
<kw name="GET On Session" owner="RequestsLibrary">
<msg time="2024-07-17T16:19:14.655922" level="INFO">GET Request : url=https://randomuser.me/api 
 path_url=/api 
 headers={'User-Agent': 'python-requests/2.32.3', 'Accept-Encoding': 'gzip, deflate', 'Accept': '*/*', 'Connection': 'keep-alive'} 
 body=None 
 </msg>
<msg time="2024-07-17T16:19:14.656030" level="INFO">GET Response : url=https://randomuser.me/api 
 status=200, reason=OK 
 headers={'Date': 'Wed, 17 Jul 2024 16:19:14 GMT', 'Content-Type': 'application/json; charset=utf-8', 'Transfer-Encoding': 'chunked', 'Connection': 'keep-alive', 'X-Powered-By': 'Express', 'Access-Control-Allow-Origin': '*', 'Cache-Control': 'no-cache', 'ETag': 'W/"4ad-paxrPvLCAVcWmCrBZifIOAfm880"', 'Vary': 'Accept-Encoding', 'Content-Encoding': 'gzip', 'CF-Cache-Status': 'DYNAMIC', 'Report-To': '{"endpoints":[{"url":"https:\\/\\/a.nel.cloudflare.com\\/report\\/v4?s=FYPkDnuvbd2F9T4E9m7rFX7pULuFZaWNsC1jF1A9CZENiHKYZSVhAmF8CyUQ9oMX9ydebCihz29lFun7OUNZEpN5CO0Aq4tqWPpMZ5vfuzaMFdDj3iBHuVvJIVZ6mqh5"}],"group":"cf-nel","max_age":604800}', 'NEL': '{"success_fraction":0,"report_to":"cf-nel","max_age":604800}', 'Server': 'cloudflare', 'CF-RAY': '8a4b8d6b49c707a8-IAD', 'alt-svc': 'h3=":443"; ma=86400'} 
 body={"results":[{"gender":"male","name":{"title":"Monsieur","first":"Selim","last":"Durand"},"location":{"street":{"number":5091,"name":"Rue de L'Abbé-Soulange-Bodin"},"city":"Rickenbach (Tg)","state":"Genève","country":"Switzerland","postcode":3453,"coordinates":{"latitude":"-62.6110","longitude":"-53.3053"},"timezone":{"offset":"-3:00","description":"Brazil, Buenos Aires, Georgetown"}},"email":"selim.durand@example.com","login":{"uuid":"e4589b48-04e9-45a9-b2c8-ddb9432de0c9","username":"silverlion840","password":"broken","salt":"aq6KtOKm","md5":"1e27f35471dfea213cea7a616332b102","sha1":"c0fb034cd4990613574eaeb364de527479e56149","sha256":"5eb26636cae56ed625deec736d2acbcbfa317de548a5baf1b3d3ff6fd20ec683"},"dob":{"date":"1992-03-18T10:17:57.498Z","age":32},"registered":{"date":"2016-03-14T17:55:47.899Z","age":8},"phone":"076 188 07 56","cell":"078 135 18 97","id":{"name":"AVS","value":"756.9365.5287.76"},"picture":{"large":"https://randomuser.me/api/portraits/men/60.jpg","medium":"https://randomuser.me/api/portraits/med/men/60.jpg","thumbnail":"https://randomuser.me/api/portraits/thumb/men/60.jpg"},"nat":"CH"}],"info":{"seed":"34195ee68750bc5e","results":1,"page":1,"version":"1.4"}} 
 </msg>
<msg time="2024-07-17T16:19:14.656205" level="INFO">/opt/hostedtoolcache/Python/3.12.4/x64/lib/python3.12/site-packages/urllib3/connectionpool.py:1099: InsecureRequestWarning: Unverified HTTPS request is being made to host 'randomuser.me'. Adding certificate verification is strongly advised. See: https://urllib3.readthedocs.io/en/latest/advanced-usage.html#tls-warnings
  warnings.warn(</msg>
<msg time="2024-07-17T16:19:14.656413" level="INFO">${response} = &lt;Response [200]&gt;</msg>
<var>${response}</var>
<arg>consultarAPI</arg>
<arg>/api</arg>
<doc>Sends a GET request on a previously created HTTP Session.</doc>
<status status="PASS" start="2024-07-17T16:19:13.801201" elapsed="0.855257"/>
</kw>
<kw name="Set Variable" owner="BuiltIn">
<msg time="2024-07-17T16:19:14.657584" level="INFO">${json_data} = {'results': [{'gender': 'male', 'name': {'title': 'Monsieur', 'first': 'Selim', 'last': 'Durand'}, 'location': {'street': {'number': 5091, 'name': "Rue de L'Abbé-Soulange-Bodin"}, 'city': 'Rickenbach ...</msg>
<var>${json_data}</var>
<arg>${response.json()}</arg>
<doc>Returns the given values which can then be assigned to a variables.</doc>
<status status="PASS" start="2024-07-17T16:19:14.657013" elapsed="0.000601"/>
</kw>
<kw name="Log" owner="BuiltIn">
<msg time="2024-07-17T16:19:14.658107" level="INFO">{'results': [{'gender': 'male', 'name': {'title': 'Monsieur', 'first': 'Selim', 'last': 'Durand'}, 'location': {'street': {'number': 5091, 'name': "Rue de L'Abbé-Soulange-Bodin"}, 'city': 'Rickenbach (Tg)', 'state': 'Genève', 'country': 'Switzerland', 'postcode': 3453, 'coordinates': {'latitude': '-62.6110', 'longitude': '-53.3053'}, 'timezone': {'offset': '-3:00', 'description': 'Brazil, Buenos Aires, Georgetown'}}, 'email': 'selim.durand@example.com', 'login': {'uuid': 'e4589b48-04e9-45a9-b2c8-ddb9432de0c9', 'username': 'silverlion840', 'password': 'broken', 'salt': 'aq6KtOKm', 'md5': '1e27f35471dfea213cea7a616332b102', 'sha1': 'c0fb034cd4990613574eaeb364de527479e56149', 'sha256': '5eb26636cae56ed625deec736d2acbcbfa317de548a5baf1b3d3ff6fd20ec683'}, 'dob': {'date': '1992-03-18T10:17:57.498Z', 'age': 32}, 'registered': {'date': '2016-03-14T17:55:47.899Z', 'age': 8}, 'phone': '076 188 07 56', 'cell': '078 135 18 97', 'id': {'name': 'AVS', 'value': '756.9365.5287.76'}, 'picture': {'large': 'https://randomuser.me/api/portraits/men/60.jpg', 'medium': 'https://randomuser.me/api/portraits/med/men/60.jpg', 'thumbnail': 'https://randomuser.me/api/portraits/thumb/men/60.jpg'}, 'nat': 'CH'}], 'info': {'seed': '34195ee68750bc5e', 'results': 1, 'page': 1, 'version': '1.4'}}</msg>
<arg>${json_data}</arg>
<doc>Logs the given message with the given level.</doc>
<status status="PASS" start="2024-07-17T16:19:14.657936" elapsed="0.000222"/>
</kw>
<kw name="Dictionary Should Contain Key" owner="Collections">
<arg>${json_data}</arg>
<arg>results</arg>
<doc>Fails if ``key`` is not found from ``dictionary``.</doc>
<status status="PASS" start="2024-07-17T16:19:14.658450" elapsed="0.000162"/>
</kw>
<kw name="Should Not Be Empty" owner="BuiltIn">
<msg time="2024-07-17T16:19:14.658923" level="INFO">Length is 2.</msg>
<arg>${json_data}</arg>
<doc>Verifies that the given item is not empty.</doc>
<status status="PASS" start="2024-07-17T16:19:14.658791" elapsed="0.000170"/>
</kw>
<kw name="Create List" owner="BuiltIn">
<msg time="2024-07-17T16:19:14.659562" level="INFO">${expected_keys} = ['gender', 'name', 'location', 'email', 'login']</msg>
<var>${expected_keys}</var>
<arg>gender</arg>
<arg>name</arg>
<arg>location</arg>
<arg>email</arg>
<arg>login</arg>
<doc>Returns a list containing given items.</doc>
<status status="PASS" start="2024-07-17T16:19:14.659244" elapsed="0.000343"/>
</kw>
<for flavor="IN">
<iter>
<kw name="Dictionary Should Contain Key" owner="Collections">
<arg>${json_data['results'][0]}</arg>
<arg>${key}</arg>
<doc>Fails if ``key`` is not found from ``dictionary``.</doc>
<status status="PASS" start="2024-07-17T16:19:14.660173" elapsed="0.000430"/>
</kw>
<kw name="Log" owner="BuiltIn">
<msg time="2024-07-17T16:19:14.661188" level="INFO">{'gender': 'male', 'name': {'title': 'Monsieur', 'first': 'Selim', 'last': 'Durand'}, 'location': {'street': {'number': 5091, 'name': "Rue de L'Abbé-Soulange-Bodin"}, 'city': 'Rickenbach (Tg)', 'state': 'Genève', 'country': 'Switzerland', 'postcode': 3453, 'coordinates': {'latitude': '-62.6110', 'longitude': '-53.3053'}, 'timezone': {'offset': '-3:00', 'description': 'Brazil, Buenos Aires, Georgetown'}}, 'email': 'selim.durand@example.com', 'login': {'uuid': 'e4589b48-04e9-45a9-b2c8-ddb9432de0c9', 'username': 'silverlion840', 'password': 'broken', 'salt': 'aq6KtOKm', 'md5': '1e27f35471dfea213cea7a616332b102', 'sha1': 'c0fb034cd4990613574eaeb364de527479e56149', 'sha256': '5eb26636cae56ed625deec736d2acbcbfa317de548a5baf1b3d3ff6fd20ec683'}, 'dob': {'date': '1992-03-18T10:17:57.498Z', 'age': 32}, 'registered': {'date': '2016-03-14T17:55:47.899Z', 'age': 8}, 'phone': '076 188 07 56', 'cell': '078 135 18 97', 'id': {'name': 'AVS', 'value': '756.9365.5287.76'}, 'picture': {'large': 'https://randomuser.me/api/portraits/men/60.jpg', 'medium': 'https://randomuser.me/api/portraits/med/men/60.jpg', 'thumbnail': 'https://randomuser.me/api/portraits/thumb/men/60.jpg'}, 'nat': 'CH'}</msg>
<arg>${json_data['results'][0]}</arg>
<doc>Logs the given message with the given level.</doc>
<status status="PASS" start="2024-07-17T16:19:14.660802" elapsed="0.000440"/>
</kw>
<kw name="Log" owner="BuiltIn">
<msg time="2024-07-17T16:19:14.661677" level="INFO">gender</msg>
<arg>${key}</arg>
<doc>Logs the given message with the given level.</doc>
<status status="PASS" start="2024-07-17T16:19:14.661551" elapsed="0.000163"/>
</kw>
<var name="${key}">gender</var>
<status status="PASS" start="2024-07-17T16:19:14.660050" elapsed="0.001875"/>
</iter>
<iter>
<kw name="Dictionary Should Contain Key" owner="Collections">
<arg>${json_data['results'][0]}</arg>
<arg>${key}</arg>
<doc>Fails if ``key`` is not found from ``dictionary``.</doc>
<status status="PASS" start="2024-07-17T16:19:14.662230" elapsed="0.000422"/>
</kw>
<kw name="Log" owner="BuiltIn">
<msg time="2024-07-17T16:19:14.663242" level="INFO">{'gender': 'male', 'name': {'title': 'Monsieur', 'first': 'Selim', 'last': 'Durand'}, 'location': {'street': {'number': 5091, 'name': "Rue de L'Abbé-Soulange-Bodin"}, 'city': 'Rickenbach (Tg)', 'state': 'Genève', 'country': 'Switzerland', 'postcode': 3453, 'coordinates': {'latitude': '-62.6110', 'longitude': '-53.3053'}, 'timezone': {'offset': '-3:00', 'description': 'Brazil, Buenos Aires, Georgetown'}}, 'email': 'selim.durand@example.com', 'login': {'uuid': 'e4589b48-04e9-45a9-b2c8-ddb9432de0c9', 'username': 'silverlion840', 'password': 'broken', 'salt': 'aq6KtOKm', 'md5': '1e27f35471dfea213cea7a616332b102', 'sha1': 'c0fb034cd4990613574eaeb364de527479e56149', 'sha256': '5eb26636cae56ed625deec736d2acbcbfa317de548a5baf1b3d3ff6fd20ec683'}, 'dob': {'date': '1992-03-18T10:17:57.498Z', 'age': 32}, 'registered': {'date': '2016-03-14T17:55:47.899Z', 'age': 8}, 'phone': '076 188 07 56', 'cell': '078 135 18 97', 'id': {'name': 'AVS', 'value': '756.9365.5287.76'}, 'picture': {'large': 'https://randomuser.me/api/portraits/men/60.jpg', 'medium': 'https://randomuser.me/api/portraits/med/men/60.jpg', 'thumbnail': 'https://randomuser.me/api/portraits/thumb/men/60.jpg'}, 'nat': 'CH'}</msg>
<arg>${json_data['results'][0]}</arg>
<doc>Logs the given message with the given level.</doc>
<status status="PASS" start="2024-07-17T16:19:14.662881" elapsed="0.000411"/>
</kw>
<kw name="Log" owner="BuiltIn">
<msg time="2024-07-17T16:19:14.663728" level="INFO">name</msg>
<arg>${key}</arg>
<doc>Logs the given message with the given level.</doc>
<status status="PASS" start="2024-07-17T16:19:14.663589" elapsed="0.000175"/>
</kw>
<var name="${key}">name</var>
<status status="PASS" start="2024-07-17T16:19:14.662115" elapsed="0.001861"/>
</iter>
<iter>
<kw name="Dictionary Should Contain Key" owner="Collections">
<arg>${json_data['results'][0]}</arg>
<arg>${key}</arg>
<doc>Fails if ``key`` is not found from ``dictionary``.</doc>
<status status="PASS" start="2024-07-17T16:19:14.664263" elapsed="0.000374"/>
</kw>
<kw name="Log" owner="BuiltIn">
<msg time="2024-07-17T16:19:14.665231" level="INFO">{'gender': 'male', 'name': {'title': 'Monsieur', 'first': 'Selim', 'last': 'Durand'}, 'location': {'street': {'number': 5091, 'name': "Rue de L'Abbé-Soulange-Bodin"}, 'city': 'Rickenbach (Tg)', 'state': 'Genève', 'country': 'Switzerland', 'postcode': 3453, 'coordinates': {'latitude': '-62.6110', 'longitude': '-53.3053'}, 'timezone': {'offset': '-3:00', 'description': 'Brazil, Buenos Aires, Georgetown'}}, 'email': 'selim.durand@example.com', 'login': {'uuid': 'e4589b48-04e9-45a9-b2c8-ddb9432de0c9', 'username': 'silverlion840', 'password': 'broken', 'salt': 'aq6KtOKm', 'md5': '1e27f35471dfea213cea7a616332b102', 'sha1': 'c0fb034cd4990613574eaeb364de527479e56149', 'sha256': '5eb26636cae56ed625deec736d2acbcbfa317de548a5baf1b3d3ff6fd20ec683'}, 'dob': {'date': '1992-03-18T10:17:57.498Z', 'age': 32}, 'registered': {'date': '2016-03-14T17:55:47.899Z', 'age': 8}, 'phone': '076 188 07 56', 'cell': '078 135 18 97', 'id': {'name': 'AVS', 'value': '756.9365.5287.76'}, 'picture': {'large': 'https://randomuser.me/api/portraits/men/60.jpg', 'medium': 'https://randomuser.me/api/portraits/med/men/60.jpg', 'thumbnail': 'https://randomuser.me/api/portraits/thumb/men/60.jpg'}, 'nat': 'CH'}</msg>
<arg>${json_data['results'][0]}</arg>
<doc>Logs the given message with the given level.</doc>
<status status="PASS" start="2024-07-17T16:19:14.664852" elapsed="0.000458"/>
</kw>
<kw name="Log" owner="BuiltIn">
<msg time="2024-07-17T16:19:14.665747" level="INFO">location</msg>
<arg>${key}</arg>
<doc>Logs the given message with the given level.</doc>
<status status="PASS" start="2024-07-17T16:19:14.665619" elapsed="0.000165"/>
</kw>
<var name="${key}">location</var>
<status status="PASS" start="2024-07-17T16:19:14.664155" elapsed="0.001842"/>
</iter>
<iter>
<kw name="Dictionary Should Contain Key" owner="Collections">
<arg>${json_data['results'][0]}</arg>
<arg>${key}</arg>
<doc>Fails if ``key`` is not found from ``dictionary``.</doc>
<status status="PASS" start="2024-07-17T16:19:14.666279" elapsed="0.000379"/>
</kw>
<kw name="Log" owner="BuiltIn">
<msg time="2024-07-17T16:19:14.667282" level="INFO">{'gender': 'male', 'name': {'title': 'Monsieur', 'first': 'Selim', 'last': 'Durand'}, 'location': {'street': {'number': 5091, 'name': "Rue de L'Abbé-Soulange-Bodin"}, 'city': 'Rickenbach (Tg)', 'state': 'Genève', 'country': 'Switzerland', 'postcode': 3453, 'coordinates': {'latitude': '-62.6110', 'longitude': '-53.3053'}, 'timezone': {'offset': '-3:00', 'description': 'Brazil, Buenos Aires, Georgetown'}}, 'email': 'selim.durand@example.com', 'login': {'uuid': 'e4589b48-04e9-45a9-b2c8-ddb9432de0c9', 'username': 'silverlion840', 'password': 'broken', 'salt': 'aq6KtOKm', 'md5': '1e27f35471dfea213cea7a616332b102', 'sha1': 'c0fb034cd4990613574eaeb364de527479e56149', 'sha256': '5eb26636cae56ed625deec736d2acbcbfa317de548a5baf1b3d3ff6fd20ec683'}, 'dob': {'date': '1992-03-18T10:17:57.498Z', 'age': 32}, 'registered': {'date': '2016-03-14T17:55:47.899Z', 'age': 8}, 'phone': '076 188 07 56', 'cell': '078 135 18 97', 'id': {'name': 'AVS', 'value': '756.9365.5287.76'}, 'picture': {'large': 'https://randomuser.me/api/portraits/men/60.jpg', 'medium': 'https://randomuser.me/api/portraits/med/men/60.jpg', 'thumbnail': 'https://randomuser.me/api/portraits/thumb/men/60.jpg'}, 'nat': 'CH'}</msg>
<arg>${json_data['results'][0]}</arg>
<doc>Logs the given message with the given level.</doc>
<status status="PASS" start="2024-07-17T16:19:14.666884" elapsed="0.000454"/>
</kw>
<kw name="Log" owner="BuiltIn">
<msg time="2024-07-17T16:19:14.667773" level="INFO">email</msg>
<arg>${key}</arg>
<doc>Logs the given message with the given level.</doc>
<status status="PASS" start="2024-07-17T16:19:14.667632" elapsed="0.000178"/>
</kw>
<var name="${key}">email</var>
<status status="PASS" start="2024-07-17T16:19:14.666167" elapsed="0.001853"/>
</iter>
<iter>
<kw name="Dictionary Should Contain Key" owner="Collections">
<arg>${json_data['results'][0]}</arg>
<arg>${key}</arg>
<doc>Fails if ``key`` is not found from ``dictionary``.</doc>
<status status="PASS" start="2024-07-17T16:19:14.668309" elapsed="0.000380"/>
</kw>
<kw name="Log" owner="BuiltIn">
<msg time="2024-07-17T16:19:14.669233" level="INFO">{'gender': 'male', 'name': {'title': 'Monsieur', 'first': 'Selim', 'last': 'Durand'}, 'location': {'street': {'number': 5091, 'name': "Rue de L'Abbé-Soulange-Bodin"}, 'city': 'Rickenbach (Tg)', 'state': 'Genève', 'country': 'Switzerland', 'postcode': 3453, 'coordinates': {'latitude': '-62.6110', 'longitude': '-53.3053'}, 'timezone': {'offset': '-3:00', 'description': 'Brazil, Buenos Aires, Georgetown'}}, 'email': 'selim.durand@example.com', 'login': {'uuid': 'e4589b48-04e9-45a9-b2c8-ddb9432de0c9', 'username': 'silverlion840', 'password': 'broken', 'salt': 'aq6KtOKm', 'md5': '1e27f35471dfea213cea7a616332b102', 'sha1': 'c0fb034cd4990613574eaeb364de527479e56149', 'sha256': '5eb26636cae56ed625deec736d2acbcbfa317de548a5baf1b3d3ff6fd20ec683'}, 'dob': {'date': '1992-03-18T10:17:57.498Z', 'age': 32}, 'registered': {'date': '2016-03-14T17:55:47.899Z', 'age': 8}, 'phone': '076 188 07 56', 'cell': '078 135 18 97', 'id': {'name': 'AVS', 'value': '756.9365.5287.76'}, 'picture': {'large': 'https://randomuser.me/api/portraits/men/60.jpg', 'medium': 'https://randomuser.me/api/portraits/med/men/60.jpg', 'thumbnail': 'https://randomuser.me/api/portraits/thumb/men/60.jpg'}, 'nat': 'CH'}</msg>
<arg>${json_data['results'][0]}</arg>
<doc>Logs the given message with the given level.</doc>
<status status="PASS" start="2024-07-17T16:19:14.668867" elapsed="0.000419"/>
</kw>
<kw name="Log" owner="BuiltIn">
<msg time="2024-07-17T16:19:14.669703" level="INFO">login</msg>
<arg>${key}</arg>
<doc>Logs the given message with the given level.</doc>
<status status="PASS" start="2024-07-17T16:19:14.669579" elapsed="0.000160"/>
</kw>
<var name="${key}">login</var>
<status status="PASS" start="2024-07-17T16:19:14.668196" elapsed="0.001753"/>
</iter>
<var>${key}</var>
<value>@{expected_keys}</value>
<status status="PASS" start="2024-07-17T16:19:14.659851" elapsed="0.010248"/>
</for>
<kw name="Create List" owner="BuiltIn">
<msg time="2024-07-17T16:19:14.670442" level="INFO">${expected_keysTwo} = ['username', 'password']</msg>
<var>${expected_keysTwo}</var>
<arg>username</arg>
<arg>password</arg>
<doc>Returns a list containing given items.</doc>
<status status="PASS" start="2024-07-17T16:19:14.670301" elapsed="0.000164"/>
</kw>
<for flavor="IN">
<iter>
<kw name="Dictionary Should Contain Key" owner="Collections">
<arg>${json_data['results'][0]['login']}</arg>
<arg>${keyTwo}</arg>
<doc>Fails if ``key`` is not found from ``dictionary``.</doc>
<status status="PASS" start="2024-07-17T16:19:14.670962" elapsed="0.000392"/>
</kw>
<kw name="Dictionary Should Contain Key" owner="Collections">
<arg>${json_data['results'][0]['login']}</arg>
<arg>${keyTwo}</arg>
<doc>Fails if ``key`` is not found from ``dictionary``.</doc>
<status status="PASS" start="2024-07-17T16:19:14.671530" elapsed="0.000363"/>
</kw>
<kw name="Log" owner="BuiltIn">
<msg time="2024-07-17T16:19:14.672198" level="INFO">username</msg>
<arg>${keyTwo}</arg>
<doc>Logs the given message with the given level.</doc>
<status status="PASS" start="2024-07-17T16:19:14.672070" elapsed="0.000165"/>
</kw>
<var name="${keyTwo}">username</var>
<status status="PASS" start="2024-07-17T16:19:14.670857" elapsed="0.001592"/>
</iter>
<iter>
<kw name="Dictionary Should Contain Key" owner="Collections">
<arg>${json_data['results'][0]['login']}</arg>
<arg>${keyTwo}</arg>
<doc>Fails if ``key`` is not found from ``dictionary``.</doc>
<status status="PASS" start="2024-07-17T16:19:14.672729" elapsed="0.000385"/>
</kw>
<kw name="Dictionary Should Contain Key" owner="Collections">
<arg>${json_data['results'][0]['login']}</arg>
<arg>${keyTwo}</arg>
<doc>Fails if ``key`` is not found from ``dictionary``.</doc>
<status status="PASS" start="2024-07-17T16:19:14.673321" elapsed="0.000365"/>
</kw>
<kw name="Log" owner="BuiltIn">
<msg time="2024-07-17T16:19:14.673970" level="INFO">password</msg>
<arg>${keyTwo}</arg>
<doc>Logs the given message with the given level.</doc>
<status status="PASS" start="2024-07-17T16:19:14.673855" elapsed="0.000157"/>
</kw>
<var name="${keyTwo}">password</var>
<status status="PASS" start="2024-07-17T16:19:14.672617" elapsed="0.001707"/>
</iter>
<var>${keyTwo}</var>
<value>@{expected_keysTwo}</value>
<status status="PASS" start="2024-07-17T16:19:14.670703" elapsed="0.003740"/>
</for>
<status status="PASS" start="2024-07-17T16:19:13.800834" elapsed="0.873748"/>
</kw>
<doc>Testa a estrutura da resposta da API.</doc>
<tag>testeEstruturaResposta</tag>
<status status="PASS" start="2024-07-17T16:19:13.800062" elapsed="0.874678"/>
</test>
<test id="s1-s1-t4" name="Validar tipos de dados" line="28">
<kw name="Teste de Tipos de Dados" owner="random-user-service">
<kw name="GET On Session" owner="RequestsLibrary">
<msg time="2024-07-17T16:19:15.120715" level="INFO">GET Request : url=https://randomuser.me/api 
 path_url=/api 
 headers={'User-Agent': 'python-requests/2.32.3', 'Accept-Encoding': 'gzip, deflate', 'Accept': '*/*', 'Connection': 'keep-alive'} 
 body=None 
 </msg>
<msg time="2024-07-17T16:19:15.120830" level="INFO">GET Response : url=https://randomuser.me/api 
 status=200, reason=OK 
 headers={'Date': 'Wed, 17 Jul 2024 16:19:15 GMT', 'Content-Type': 'application/json; charset=utf-8', 'Transfer-Encoding': 'chunked', 'Connection': 'keep-alive', 'X-Powered-By': 'Express', 'Access-Control-Allow-Origin': '*', 'Cache-Control': 'no-cache', 'ETag': 'W/"498-c1FsqBdOrmHLBd+ShYoS+2GDJEQ"', 'Vary': 'Accept-Encoding', 'Content-Encoding': 'gzip', 'CF-Cache-Status': 'DYNAMIC', 'Report-To': '{"endpoints":[{"url":"https:\\/\\/a.nel.cloudflare.com\\/report\\/v4?s=TsDxiIfAADxIBthH5IrEZcxZ6MJ8KBRLgXCmv3YmLxV95VDK6F7RUB1sPV%2BZfF%2FUA8nr2irlPup6FxRK2Bk6D7M68n%2BX6tPsJHnY%2BLOqDzBcWqta0luc8kR%2BS6IDZjxv"}],"group":"cf-nel","max_age":604800}', 'NEL': '{"success_fraction":0,"report_to":"cf-nel","max_age":604800}', 'Server': 'cloudflare', 'CF-RAY': '8a4b8d70b80407a8-IAD', 'alt-svc': 'h3=":443"; ma=86400'} 
 body={"results":[{"gender":"female","name":{"title":"Miss","first":"Nurdan","last":"Kahveci"},"location":{"street":{"number":452,"name":"Talak Göktepe Cd"},"city":"Kırıkkale","state":"Giresun","country":"Turkey","postcode":30821,"coordinates":{"latitude":"68.0544","longitude":"155.2480"},"timezone":{"offset":"+11:00","description":"Magadan, Solomon Islands, New Caledonia"}},"email":"nurdan.kahveci@example.com","login":{"uuid":"b73f04e5-3204-4d18-a362-8af478123b0d","username":"blacklion692","password":"gentle","salt":"ibsZgFzm","md5":"16389e06a35e7fea3c20470946d65a11","sha1":"cea69a8e3b2a43e171a6423bddacdb292007ed96","sha256":"198c4258cde93dab47722d7c3474f1b5536848322e2c616e1dd6d2bfe6379656"},"dob":{"date":"1997-12-28T14:41:57.113Z","age":26},"registered":{"date":"2008-01-16T22:28:55.830Z","age":16},"phone":"(511)-270-8680","cell":"(549)-030-3947","id":{"name":"","value":null},"picture":{"large":"https://randomuser.me/api/portraits/women/43.jpg","medium":"https://randomuser.me/api/portraits/med/women/43.jpg","thumbnail":"https://randomuser.me/api/portraits/thumb/women/43.jpg"},"nat":"TR"}],"info":{"seed":"3ea1f3591dfa10d2","results":1,"page":1,"version":"1.4"}} 
 </msg>
<msg time="2024-07-17T16:19:15.120906" level="INFO">/opt/hostedtoolcache/Python/3.12.4/x64/lib/python3.12/site-packages/urllib3/connectionpool.py:1099: InsecureRequestWarning: Unverified HTTPS request is being made to host 'randomuser.me'. Adding certificate verification is strongly advised. See: https://urllib3.readthedocs.io/en/latest/advanced-usage.html#tls-warnings
  warnings.warn(</msg>
<msg time="2024-07-17T16:19:15.121050" level="INFO">${response} = &lt;Response [200]&gt;</msg>
<var>${response}</var>
<arg>consultarAPI</arg>
<arg>/api</arg>
<doc>Sends a GET request on a previously created HTTP Session.</doc>
<status status="PASS" start="2024-07-17T16:19:14.677195" elapsed="0.443897"/>
</kw>
<kw name="Set Variable" owner="BuiltIn">
<msg time="2024-07-17T16:19:15.122241" level="INFO">${json_data} = {'results': [{'gender': 'female', 'name': {'title': 'Miss', 'first': 'Nurdan', 'last': 'Kahveci'}, 'location': {'street': {'number': 452, 'name': 'Talak Göktepe Cd'}, 'city': 'Kırıkkale', 'state': 'Gi...</msg>
<var>${json_data}</var>
<arg>${response.json()}</arg>
<doc>Returns the given values which can then be assigned to a variables.</doc>
<status status="PASS" start="2024-07-17T16:19:15.121696" elapsed="0.000577"/>
</kw>
<kw name="Log" owner="BuiltIn">
<msg time="2024-07-17T16:19:15.122755" level="INFO">{'results': [{'gender': 'female', 'name': {'title': 'Miss', 'first': 'Nurdan', 'last': 'Kahveci'}, 'location': {'street': {'number': 452, 'name': 'Talak Göktepe Cd'}, 'city': 'Kırıkkale', 'state': 'Giresun', 'country': 'Turkey', 'postcode': 30821, 'coordinates': {'latitude': '68.0544', 'longitude': '155.2480'}, 'timezone': {'offset': '+11:00', 'description': 'Magadan, Solomon Islands, New Caledonia'}}, 'email': 'nurdan.kahveci@example.com', 'login': {'uuid': 'b73f04e5-3204-4d18-a362-8af478123b0d', 'username': 'blacklion692', 'password': 'gentle', 'salt': 'ibsZgFzm', 'md5': '16389e06a35e7fea3c20470946d65a11', 'sha1': 'cea69a8e3b2a43e171a6423bddacdb292007ed96', 'sha256': '198c4258cde93dab47722d7c3474f1b5536848322e2c616e1dd6d2bfe6379656'}, 'dob': {'date': '1997-12-28T14:41:57.113Z', 'age': 26}, 'registered': {'date': '2008-01-16T22:28:55.830Z', 'age': 16}, 'phone': '(511)-270-8680', 'cell': '(549)-030-3947', 'id': {'name': '', 'value': None}, 'picture': {'large': 'https://randomuser.me/api/portraits/women/43.jpg', 'medium': 'https://randomuser.me/api/portraits/med/women/43.jpg', 'thumbnail': 'https://randomuser.me/api/portraits/thumb/women/43.jpg'}, 'nat': 'TR'}], 'info': {'seed': '3ea1f3591dfa10d2', 'results': 1, 'page': 1, 'version': '1.4'}}</msg>
<arg>${json_data}</arg>
<doc>Logs the given message with the given level.</doc>
<status status="PASS" start="2024-07-17T16:19:15.122595" elapsed="0.000210"/>
</kw>
<kw name="Should Be String" owner="String">
<arg>${json_data['results'][0]['gender']}</arg>
<doc>Fails if the given ``item`` is not a string.</doc>
<status status="PASS" start="2024-07-17T16:19:15.123126" elapsed="0.000356"/>
</kw>
<kw name="Should Match Regexp" owner="BuiltIn">
<arg>${json_data['results'][0]['email']}</arg>
<arg>^[a-zA-Z0-9._%+-]+@[a-zA-Z0-9.-]+\.[a-zA-Z]{2,}$</arg>
<doc>Fails if ``string`` does not match ``pattern`` as a regular expression.</doc>
<status status="PASS" start="2024-07-17T16:19:15.123670" elapsed="0.000516"/>
</kw>
<kw name="Should Match Regexp" owner="BuiltIn">
<arg>${json_data['results'][0]['dob']['date']}</arg>
<arg>\\d{4}-\\d{2}-\\d{2}T\\d{2}:\\d{2}:\\d{2}\\.\\d{3}Z</arg>
<doc>Fails if ``string`` does not match ``pattern`` as a regular expression.</doc>
<status status="PASS" start="2024-07-17T16:19:15.124382" elapsed="0.000499"/>
</kw>
<kw name="Should Match Regexp" owner="BuiltIn">
<arg>${json_data['results'][0]['registered']['date']}</arg>
<arg>\\d{4}-\\d{2}-\\d{2}T\\d{2}:\\d{2}:\\d{2}\\.\\d{3}Z</arg>
<doc>Fails if ``string`` does not match ``pattern`` as a regular expression.</doc>
<status status="PASS" start="2024-07-17T16:19:15.125072" elapsed="0.000415"/>
</kw>
<kw name="Should Match Regexp" owner="BuiltIn">
<arg>${json_data['results'][0]['picture']['large']}</arg>
<arg>^https?://.*\.(?:png|jpe?g|gif|bmp)$</arg>
<doc>Fails if ``string`` does not match ``pattern`` as a regular expression.</doc>
<status status="PASS" start="2024-07-17T16:19:15.125676" elapsed="0.000453"/>
</kw>
<kw name="Should Match Regexp" owner="BuiltIn">
<arg>${json_data['results'][0]['picture']['medium']}</arg>
<arg>^https?://.*\.(?:png|jpe?g|gif|bmp)$</arg>
<doc>Fails if ``string`` does not match ``pattern`` as a regular expression.</doc>
<status status="PASS" start="2024-07-17T16:19:15.126342" elapsed="0.000394"/>
</kw>
<kw name="Should Match Regexp" owner="BuiltIn">
<arg>${json_data['results'][0]['picture']['thumbnail']}</arg>
<arg>^https?://.*\.(?:png|jpe?g|gif|bmp)$</arg>
<doc>Fails if ``string`` does not match ``pattern`` as a regular expression.</doc>
<status status="PASS" start="2024-07-17T16:19:15.126916" elapsed="0.000350"/>
</kw>
<kw name="Log" owner="BuiltIn">
<msg time="2024-07-17T16:19:15.127773" level="INFO">{'large': 'https://randomuser.me/api/portraits/women/43.jpg', 'medium': 'https://randomuser.me/api/portraits/med/women/43.jpg', 'thumbnail': 'https://randomuser.me/api/portraits/thumb/women/43.jpg'}</msg>
<arg>${json_data['results'][0]['picture']}</arg>
<doc>Logs the given message with the given level.</doc>
<status status="PASS" start="2024-07-17T16:19:15.127450" elapsed="0.000365"/>
</kw>
<status status="PASS" start="2024-07-17T16:19:14.676954" elapsed="0.451147"/>
</kw>
<kw name="Teste de Tipos de Dados - Postcode" owner="random-user-service">
<kw name="GET On Session" owner="RequestsLibrary">
<msg time="2024-07-17T16:19:15.348576" level="INFO">GET Request : url=https://randomuser.me/api 
 path_url=/api 
 headers={'User-Agent': 'python-requests/2.32.3', 'Accept-Encoding': 'gzip, deflate', 'Accept': '*/*', 'Connection': 'keep-alive'} 
 body=None 
 </msg>
<msg time="2024-07-17T16:19:15.348683" level="INFO">GET Response : url=https://randomuser.me/api 
 status=200, reason=OK 
 headers={'Date': 'Wed, 17 Jul 2024 16:19:15 GMT', 'Content-Type': 'application/json; charset=utf-8', 'Transfer-Encoding': 'chunked', 'Connection': 'keep-alive', 'X-Powered-By': 'Express', 'Access-Control-Allow-Origin': '*', 'Cache-Control': 'no-cache', 'ETag': 'W/"48c-7x1CUtrueNillkJNUDfWhsTeCVo"', 'Vary': 'Accept-Encoding', 'Content-Encoding': 'gzip', 'CF-Cache-Status': 'DYNAMIC', 'Report-To': '{"endpoints":[{"url":"https:\\/\\/a.nel.cloudflare.com\\/report\\/v4?s=qjOBpjlI1irb8EMGt861jnz4NWEmSsW%2FlCpUnFB8vXZNIXs1ysOTaMqs0bS6OEcuKtU4O9QWV6rsO4LQLWUzMXyk0DWgkN%2BXSttQFUMGcZGNiYJKmF5LrH0LnrVx4yOw"}],"group":"cf-nel","max_age":604800}', 'NEL': '{"success_fraction":0,"report_to":"cf-nel","max_age":604800}', 'Server': 'cloudflare', 'CF-RAY': '8a4b8d739b3f07a8-IAD', 'alt-svc': 'h3=":443"; ma=86400'} 
 body={"results":[{"gender":"male","name":{"title":"Mr","first":"رضا","last":"محمدخان"},"location":{"street":{"number":8109,"name":"آیت الله کاشانی"},"city":"سنندج","state":"اصفهان","country":"Iran","postcode":13906,"coordinates":{"latitude":"17.2442","longitude":"-38.5452"},"timezone":{"offset":"+7:00","description":"Bangkok, Hanoi, Jakarta"}},"email":"rd.mhmdkhn@example.com","login":{"uuid":"69dc1810-411f-4507-ac7f-5d8efb1f98ff","username":"heavyzebra390","password":"sesame","salt":"rfh8waDN","md5":"69fc2614f4ddeb8b9f102c797e67232c","sha1":"fa07b5b1beab10a63af68b2dab2777a112a5cd59","sha256":"664fe9f7efb11f72ed96442d55f06b86a8ceabd91a2762aea1f133ab815c036d"},"dob":{"date":"1993-03-11T15:48:49.010Z","age":31},"registered":{"date":"2012-09-29T12:49:00.498Z","age":11},"phone":"097-19659910","cell":"0914-314-7679","id":{"name":"","value":null},"picture":{"large":"https://randomuser.me/api/portraits/men/92.jpg","medium":"https://randomuser.me/api/portraits/med/men/92.jpg","thumbnail":"https://randomuser.me/api/portraits/thumb/men/92.jpg"},"nat":"IR"}],"info":{"seed":"c8b0113c95bdb9d9","results":1,"page":1,"version":"1.4"}} 
 </msg>
<msg time="2024-07-17T16:19:15.348759" level="INFO">/opt/hostedtoolcache/Python/3.12.4/x64/lib/python3.12/site-packages/urllib3/connectionpool.py:1099: InsecureRequestWarning: Unverified HTTPS request is being made to host 'randomuser.me'. Adding certificate verification is strongly advised. See: https://urllib3.readthedocs.io/en/latest/advanced-usage.html#tls-warnings
  warnings.warn(</msg>
<msg time="2024-07-17T16:19:15.348899" level="INFO">${response} = &lt;Response [200]&gt;</msg>
<var>${response}</var>
<arg>consultarAPI</arg>
<arg>/api</arg>
<doc>Sends a GET request on a previously created HTTP Session.</doc>
<status status="PASS" start="2024-07-17T16:19:15.128573" elapsed="0.220369"/>
</kw>
<kw name="Set Variable" owner="BuiltIn">
<msg time="2024-07-17T16:19:15.350080" level="INFO">${json_data} = {'results': [{'gender': 'male', 'name': {'title': 'Mr', 'first': 'رضا', 'last': 'محمدخان'}, 'location': {'street': {'number': 8109, 'name': 'آیت الله کاشانی'}, 'city': 'سنندج', 'state': 'اصفهان', 'cou...</msg>
<var>${json_data}</var>
<arg>${response.json()}</arg>
<doc>Returns the given values which can then be assigned to a variables.</doc>
<status status="PASS" start="2024-07-17T16:19:15.349535" elapsed="0.000576"/>
</kw>
<kw name="Log" owner="BuiltIn">
<msg time="2024-07-17T16:19:15.350584" level="INFO">{'results': [{'gender': 'male', 'name': {'title': 'Mr', 'first': 'رضا', 'last': 'محمدخان'}, 'location': {'street': {'number': 8109, 'name': 'آیت الله کاشانی'}, 'city': 'سنندج', 'state': 'اصفهان', 'country': 'Iran', 'postcode': 13906, 'coordinates': {'latitude': '17.2442', 'longitude': '-38.5452'}, 'timezone': {'offset': '+7:00', 'description': 'Bangkok, Hanoi, Jakarta'}}, 'email': 'rd.mhmdkhn@example.com', 'login': {'uuid': '69dc1810-411f-4507-ac7f-5d8efb1f98ff', 'username': 'heavyzebra390', 'password': 'sesame', 'salt': 'rfh8waDN', 'md5': '69fc2614f4ddeb8b9f102c797e67232c', 'sha1': 'fa07b5b1beab10a63af68b2dab2777a112a5cd59', 'sha256': '664fe9f7efb11f72ed96442d55f06b86a8ceabd91a2762aea1f133ab815c036d'}, 'dob': {'date': '1993-03-11T15:48:49.010Z', 'age': 31}, 'registered': {'date': '2012-09-29T12:49:00.498Z', 'age': 11}, 'phone': '097-19659910', 'cell': '0914-314-7679', 'id': {'name': '', 'value': None}, 'picture': {'large': 'https://randomuser.me/api/portraits/men/92.jpg', 'medium': 'https://randomuser.me/api/portraits/med/men/92.jpg', 'thumbnail': 'https://randomuser.me/api/portraits/thumb/men/92.jpg'}, 'nat': 'IR'}], 'info': {'seed': 'c8b0113c95bdb9d9', 'results': 1, 'page': 1, 'version': '1.4'}}</msg>
<arg>${json_data}</arg>
<doc>Logs the given message with the given level.</doc>
<status status="PASS" start="2024-07-17T16:19:15.350421" elapsed="0.000212"/>
</kw>
<kw name="Should Be Equal As Numbers" owner="BuiltIn">
<arg>${json_data['results'][0]['location']['postcode']}</arg>
<arg>${json_data['results'][0]['location']['postcode']}</arg>
<doc>Fails if objects are unequal after converting them to real numbers.</doc>
<status status="PASS" start="2024-07-17T16:19:15.350933" elapsed="0.000627"/>
</kw>
<kw name="Log" owner="BuiltIn">
<msg time="2024-07-17T16:19:15.352293" level="INFO">13906</msg>
<arg>${json_data['results'][0]['location']['postcode']}</arg>
<doc>Logs the given message with the given level.</doc>
<status status="PASS" start="2024-07-17T16:19:15.351786" elapsed="0.000548"/>
</kw>
<status status="PASS" start="2024-07-17T16:19:15.128339" elapsed="0.224250"/>
</kw>
<doc>Testa se os tipos de dados na resposta da API estão corretos.</doc>
<tag>testeTiposDados</tag>
<status status="PASS" start="2024-07-17T16:19:14.676490" elapsed="0.676266"/>
</test>
<test id="s1-s1-t5" name="Validar conteudo" line="35">
<kw name="Teste de Tipos de Conteudo" owner="random-user-service">
<kw name="GET On Session" owner="RequestsLibrary">
<msg time="2024-07-17T16:19:15.455001" level="INFO">GET Request : url=https://randomuser.me/api 
 path_url=/api 
 headers={'User-Agent': 'python-requests/2.32.3', 'Accept-Encoding': 'gzip, deflate', 'Accept': '*/*', 'Connection': 'keep-alive'} 
 body=None 
 </msg>
<msg time="2024-07-17T16:19:15.455119" level="INFO">GET Response : url=https://randomuser.me/api 
 status=200, reason=OK 
 headers={'Date': 'Wed, 17 Jul 2024 16:19:15 GMT', 'Content-Type': 'application/json; charset=utf-8', 'Transfer-Encoding': 'chunked', 'Connection': 'keep-alive', 'X-Powered-By': 'Express', 'Access-Control-Allow-Origin': '*', 'Cache-Control': 'no-cache', 'ETag': 'W/"4ac-pMWjv2cN/LlsZVznFsKDSiBfBbI"', 'Vary': 'Accept-Encoding', 'Content-Encoding': 'gzip', 'CF-Cache-Status': 'DYNAMIC', 'Report-To': '{"endpoints":[{"url":"https:\\/\\/a.nel.cloudflare.com\\/report\\/v4?s=npFw5QtIFYb5FL3mfiHdNwSzNDPfLEihSkNhpk%2BQ4uCgTrlnFJ65ySbK6HlkptjCaCpC08SzTHMm0MRNh6LBmgcqgO%2FhRm4YE0aNmMLOWyBesKbv0W%2FxlN%2Bnjhd5qQxG"}],"group":"cf-nel","max_age":604800}', 'NEL': '{"success_fraction":0,"report_to":"cf-nel","max_age":604800}', 'Server': 'cloudflare', 'CF-RAY': '8a4b8d74fce107a8-IAD', 'alt-svc': 'h3=":443"; ma=86400'} 
 body={"results":[{"gender":"male","name":{"title":"Monsieur","first":"Joaquim","last":"Renard"},"location":{"street":{"number":4388,"name":"Rue Duquesne"},"city":"Grosswangen","state":"Genève","country":"Switzerland","postcode":4448,"coordinates":{"latitude":"-61.1040","longitude":"-96.9809"},"timezone":{"offset":"0:00","description":"Western Europe Time, London, Lisbon, Casablanca"}},"email":"joaquim.renard@example.com","login":{"uuid":"7d77e542-3209-48b3-9d4b-f3c56ff94564","username":"crazypeacock981","password":"slick1","salt":"oldLIToY","md5":"57359ef696dd4d6f9df5f48783ed383c","sha1":"89098fe2cabffac1fbe5335dc4dbeec871e97e04","sha256":"ae56f536021d4d1698117f2ac87696be46d05d8a23248cb40dfebc9574d74ae2"},"dob":{"date":"1958-06-23T06:11:57.463Z","age":66},"registered":{"date":"2018-04-14T05:21:00.319Z","age":6},"phone":"079 963 33 26","cell":"077 246 72 63","id":{"name":"AVS","value":"756.2082.0777.73"},"picture":{"large":"https://randomuser.me/api/portraits/men/33.jpg","medium":"https://randomuser.me/api/portraits/med/men/33.jpg","thumbnail":"https://randomuser.me/api/portraits/thumb/men/33.jpg"},"nat":"CH"}],"info":{"seed":"141d26e87d07c6e8","results":1,"page":1,"version":"1.4"}} 
 </msg>
<msg time="2024-07-17T16:19:15.455207" level="INFO">/opt/hostedtoolcache/Python/3.12.4/x64/lib/python3.12/site-packages/urllib3/connectionpool.py:1099: InsecureRequestWarning: Unverified HTTPS request is being made to host 'randomuser.me'. Adding certificate verification is strongly advised. See: https://urllib3.readthedocs.io/en/latest/advanced-usage.html#tls-warnings
  warnings.warn(</msg>
<msg time="2024-07-17T16:19:15.455375" level="INFO">${response} = &lt;Response [200]&gt;</msg>
<var>${response}</var>
<arg>consultarAPI</arg>
<arg>/api</arg>
<doc>Sends a GET request on a previously created HTTP Session.</doc>
<status status="PASS" start="2024-07-17T16:19:15.355245" elapsed="0.100183"/>
</kw>
<kw name="Set Variable" owner="BuiltIn">
<msg time="2024-07-17T16:19:15.456611" level="INFO">${json_data} = {'results': [{'gender': 'male', 'name': {'title': 'Monsieur', 'first': 'Joaquim', 'last': 'Renard'}, 'location': {'street': {'number': 4388, 'name': 'Rue Duquesne'}, 'city': 'Grosswangen', 'state': 'G...</msg>
<var>${json_data}</var>
<arg>${response.json()}</arg>
<doc>Returns the given values which can then be assigned to a variables.</doc>
<status status="PASS" start="2024-07-17T16:19:15.456043" elapsed="0.000598"/>
</kw>
<kw name="Set Variable" owner="BuiltIn">
<msg time="2024-07-17T16:19:15.457409" level="INFO">${name_title} = Monsieur</msg>
<var>${name_title}</var>
<arg>${json_data["results"][0]["name"]["title"]}</arg>
<doc>Returns the given values which can then be assigned to a variables.</doc>
<status status="PASS" start="2024-07-17T16:19:15.456982" elapsed="0.000453"/>
</kw>
<kw name="Create List" owner="BuiltIn">
<msg time="2024-07-17T16:19:15.457882" level="INFO">${allowed_titles} = ['Mr', 'Ms', 'Miss', 'Mrs', 'Madame', 'Monsieur']</msg>
<var>${allowed_titles}</var>
<arg>Mr</arg>
<arg>Ms</arg>
<arg>Miss</arg>
<arg>Mrs</arg>
<arg>Madame</arg>
<arg>Monsieur</arg>
<doc>Returns a list containing given items.</doc>
<status status="PASS" start="2024-07-17T16:19:15.457733" elapsed="0.000173"/>
</kw>
<kw name="List Should Contain Value" owner="Collections">
<arg>${allowed_titles}</arg>
<arg>${name_title}</arg>
<doc>Fails if the ``value`` is not found from ``list``.</doc>
<status status="PASS" start="2024-07-17T16:19:15.458210" elapsed="0.000178"/>
</kw>
<kw name="Set Variable" owner="BuiltIn">
<msg time="2024-07-17T16:19:15.458948" level="INFO">${name_country} = CH</msg>
<var>${name_country}</var>
<arg>${json_data["results"][0]["nat"]}</arg>
<doc>Returns the given values which can then be assigned to a variables.</doc>
<status status="PASS" start="2024-07-17T16:19:15.458568" elapsed="0.000406"/>
</kw>
<kw name="Create List" owner="BuiltIn">
<msg time="2024-07-17T16:19:15.459867" level="INFO">${list_country} = ['AD', 'AE', 'AF', 'AG', 'AI', 'AL', 'AM', 'AO', 'AQ', 'AR', 'AS', 'AT', 'AU', 'AW', 'AX', 'AZ', 'BA', 'BB', 'BD', 'BE', 'BF', 'BG', 'BH', 'BI', 'BJ', 'BL', 'BM', 'BN', 'BO', 'BQ', 'BR', 'BS', 'BT', '...</msg>
<var>${list_country}</var>
<arg>AD</arg>
<arg>AE</arg>
<arg>AF</arg>
<arg>AG</arg>
<arg>AI</arg>
<arg>AL</arg>
<arg>AM</arg>
<arg>AO</arg>
<arg>AQ</arg>
<arg>AR</arg>
<arg>AS</arg>
<arg>AT</arg>
<arg>AU</arg>
<arg>AW</arg>
<arg>AX</arg>
<arg>AZ</arg>
<arg>BA</arg>
<arg>BB</arg>
<arg>BD</arg>
<arg>BE</arg>
<arg>BF</arg>
<arg>BG</arg>
<arg>BH</arg>
<arg>BI</arg>
<arg>BJ</arg>
<arg>BL</arg>
<arg>BM</arg>
<arg>BN</arg>
<arg>BO</arg>
<arg>BQ</arg>
<arg>BR</arg>
<arg>BS</arg>
<arg>BT</arg>
<arg>BV</arg>
<arg>BW</arg>
<arg>BY</arg>
<arg>BZ</arg>
<arg>CA</arg>
<arg>CC</arg>
<arg>CD</arg>
<arg>CF</arg>
<arg>CG</arg>
<arg>CH</arg>
<arg>CI</arg>
<arg>CK</arg>
<arg>CL</arg>
<arg>CM</arg>
<arg>CN</arg>
<arg>CO</arg>
<arg>CR</arg>
<arg>CU</arg>
<arg>CV</arg>
<arg>CW</arg>
<arg>CX</arg>
<arg>CY</arg>
<arg>CZ</arg>
<arg>DE</arg>
<arg>DJ</arg>
<arg>DK</arg>
<arg>DM</arg>
<arg>DO</arg>
<arg>DZ</arg>
<arg>EC</arg>
<arg>EE</arg>
<arg>EG</arg>
<arg>EH</arg>
<arg>ER</arg>
<arg>ES</arg>
<arg>ET</arg>
<arg>FI</arg>
<arg>FJ</arg>
<arg>FK</arg>
<arg>FM</arg>
<arg>FO</arg>
<arg>FR</arg>
<arg>GA</arg>
<arg>GB</arg>
<arg>GD</arg>
<arg>GE</arg>
<arg>GF</arg>
<arg>GG</arg>
<arg>GH</arg>
<arg>GI</arg>
<arg>GL</arg>
<arg>GM</arg>
<arg>GN</arg>
<arg>GP</arg>
<arg>GQ</arg>
<arg>GR</arg>
<arg>GS</arg>
<arg>GT</arg>
<arg>GU</arg>
<arg>GW</arg>
<arg>GY</arg>
<arg>HK</arg>
<arg>HM</arg>
<arg>HN</arg>
<arg>HR</arg>
<arg>HT</arg>
<arg>HU</arg>
<arg>ID</arg>
<arg>IE</arg>
<arg>IL</arg>
<arg>IM</arg>
<arg>IN</arg>
<arg>IO</arg>
<arg>IQ</arg>
<arg>IR</arg>
<arg>IS</arg>
<arg>IT</arg>
<arg>JE</arg>
<arg>JM</arg>
<arg>JO</arg>
<arg>JP</arg>
<arg>KE</arg>
<arg>KG</arg>
<arg>KH</arg>
<arg>KI</arg>
<arg>KM</arg>
<arg>KN</arg>
<arg>KP</arg>
<arg>KR</arg>
<arg>KW</arg>
<arg>KY</arg>
<arg>KZ</arg>
<arg>LA</arg>
<arg>LB</arg>
<arg>LC</arg>
<arg>LI</arg>
<arg>LK</arg>
<arg>LR</arg>
<arg>LS</arg>
<arg>LT</arg>
<arg>LU</arg>
<arg>LV</arg>
<arg>LY</arg>
<arg>MA</arg>
<arg>MC</arg>
<arg>MD</arg>
<arg>ME</arg>
<arg>MF</arg>
<arg>MG</arg>
<arg>MH</arg>
<arg>MK</arg>
<arg>ML</arg>
<arg>MM</arg>
<arg>MN</arg>
<arg>MO</arg>
<arg>MP</arg>
<arg>MQ</arg>
<arg>MR</arg>
<arg>MS</arg>
<arg>MT</arg>
<arg>MU</arg>
<arg>MV</arg>
<arg>MW</arg>
<arg>MX</arg>
<arg>MY</arg>
<arg>MZ</arg>
<arg>NA</arg>
<arg>NC</arg>
<arg>NE</arg>
<arg>NF</arg>
<arg>NG</arg>
<arg>NI</arg>
<arg>NL</arg>
<arg>NO</arg>
<arg>NP</arg>
<arg>NR</arg>
<arg>NU</arg>
<arg>NZ</arg>
<arg>OM</arg>
<arg>PA</arg>
<arg>PE</arg>
<arg>PF</arg>
<arg>PG</arg>
<arg>PH</arg>
<arg>PK</arg>
<arg>PL</arg>
<arg>PM</arg>
<arg>PN</arg>
<arg>PR</arg>
<arg>PS</arg>
<arg>PT</arg>
<arg>PW</arg>
<arg>PY</arg>
<arg>QA</arg>
<arg>RE</arg>
<arg>RO</arg>
<arg>RS</arg>
<arg>RU</arg>
<arg>RW</arg>
<arg>SA</arg>
<arg>SB</arg>
<arg>SC</arg>
<arg>SD</arg>
<arg>SE</arg>
<arg>SG</arg>
<arg>SH</arg>
<arg>SI</arg>
<arg>SJ</arg>
<arg>SK</arg>
<arg>SL</arg>
<arg>SM</arg>
<arg>SN</arg>
<arg>SO</arg>
<arg>SR</arg>
<arg>SS</arg>
<arg>ST</arg>
<arg>SV</arg>
<arg>SX</arg>
<arg>SY</arg>
<arg>SZ</arg>
<arg>TC</arg>
<arg>TD</arg>
<arg>TF</arg>
<arg>TG</arg>
<arg>TH</arg>
<arg>TJ</arg>
<arg>TK</arg>
<arg>TL</arg>
<arg>TM</arg>
<arg>TN</arg>
<arg>TO</arg>
<arg>TR</arg>
<arg>TT</arg>
<arg>TV</arg>
<arg>TW</arg>
<arg>TZ</arg>
<arg>UA</arg>
<arg>UG</arg>
<arg>UM</arg>
<arg>US</arg>
<arg>UY</arg>
<arg>UZ</arg>
<arg>VA</arg>
<arg>VC</arg>
<arg>VE</arg>
<arg>VG</arg>
<arg>VI</arg>
<arg>VN</arg>
<arg>VU</arg>
<arg>WF</arg>
<arg>WS</arg>
<arg>XK</arg>
<arg>YE</arg>
<arg>YT</arg>
<arg>ZA</arg>
<arg>ZM</arg>
<arg>ZW</arg>
<doc>Returns a list containing given items.</doc>
<status status="PASS" start="2024-07-17T16:19:15.459268" elapsed="0.000626"/>
</kw>
<kw name="List Should Contain Value" owner="Collections">
<arg>${list_country}</arg>
<arg>${name_country}</arg>
<doc>Fails if the ``value`` is not found from ``list``.</doc>
<status status="PASS" start="2024-07-17T16:19:15.460711" elapsed="0.000204"/>
</kw>
<kw name="Run Keyword If" owner="BuiltIn">
<kw name="Should Be True" owner="BuiltIn">
<arg>${True}</arg>
<doc>Fails if the given condition is not true.</doc>
<status status="PASS" start="2024-07-17T16:19:15.461894" elapsed="0.000144"/>
</kw>
<arg>${json_data["results"][0]["location"]["coordinates"]["latitude"]} &gt;= -90 and ${json_data["results"][0]["location"]["coordinates"]["latitude"]} &lt;= 90</arg>
<arg>Should Be True</arg>
<arg>${True}</arg>
<doc>Runs the given keyword with the given arguments, if ``condition`` is true.</doc>
<status status="PASS" start="2024-07-17T16:19:15.461111" elapsed="0.001055"/>
</kw>
<kw name="Run Keyword If" owner="BuiltIn">
<kw name="Should Be True" owner="BuiltIn">
<arg>${True}</arg>
<doc>Fails if the given condition is not true.</doc>
<status status="PASS" start="2024-07-17T16:19:15.463041" elapsed="0.000261"/>
</kw>
<arg>${json_data["results"][0]["location"]["coordinates"]["longitude"]} &gt;= -180 and ${json_data["results"][0]["location"]["coordinates"]["longitude"]} &lt;= 180</arg>
<arg>Should Be True</arg>
<arg>${True}</arg>
<doc>Runs the given keyword with the given arguments, if ``condition`` is true.</doc>
<status status="PASS" start="2024-07-17T16:19:15.462348" elapsed="0.001084"/>
</kw>
<status status="PASS" start="2024-07-17T16:19:15.355025" elapsed="0.108541"/>
</kw>
<doc>Testa o conteúdo específico dos campos retornados pela API.</doc>
<tag>testeConteudo</tag>
<status status="PASS" start="2024-07-17T16:19:15.354573" elapsed="0.109151"/>
</test>
<status status="PASS" start="2024-07-17T16:19:11.994300" elapsed="3.471539"/>
</suite>
<status status="PASS" start="2024-07-17T16:19:11.978456" elapsed="3.492543"/>
</suite>
<statistics>
<total>
<stat pass="5" fail="0" skip="0">All Tests</stat>
</total>
<tag>
<stat pass="1" fail="0" skip="0">testeConteudo</stat>
<stat pass="1" fail="0" skip="0">testeEstruturaResposta</stat>
<stat pass="1" fail="0" skip="0">testeRequisicaoBasica</stat>
<stat pass="1" fail="0" skip="0">testeTiposDados</stat>
</tag>
<suite>
<stat pass="5" fail="0" skip="0" id="s1" name="Tests">Tests</stat>
<stat pass="5" fail="0" skip="0" id="s1-s1" name="Random-User-Test">Tests.Random-User-Test</stat>
</suite>
</statistics>
<errors>
</errors>
</robot>
