<?xml version="1.0" encoding="UTF-8"?>
<robot generator="Robot 7.0.1 (Python 3.12.4 on linux)" generated="2024-07-28T23:15:19.118438" rpa="false" schemaversion="5">
<suite id="s1" name="Tests" source="/home/runner/work/ApiRandomUser/ApiRandomUser/RamdonUser/tests">
<suite id="s1-s1" name="Random-User-Test" source="/home/runner/work/ApiRandomUser/ApiRandomUser/RamdonUser/tests/random-user-test.robot">
<test id="s1-s1-t1" name="Conectar" line="13">
<kw name="Conectar API" owner="random-user-service">
<kw name="Create Session" owner="RequestsLibrary">
<msg time="2024-07-28T23:15:19.524233" level="INFO">Creating Session using : alias=consultarAPI, url=https://randomuser.me/, headers={},                     cookies={}, auth=None, timeout=None, proxies=None, verify=False,                     debug=0 </msg>
<arg>consultarAPI</arg>
<arg>${URL}</arg>
<doc>Create Session: create a HTTP session to a server</doc>
<status status="PASS" start="2024-07-28T23:15:19.524036" elapsed="0.000371"/>
</kw>
<status status="PASS" start="2024-07-28T23:15:19.522972" elapsed="0.001798"/>
</kw>
<status status="PASS" start="2024-07-28T23:15:19.522269" elapsed="0.002695"/>
</test>
<test id="s1-s1-t2" name="Validar retorno 200 e JSON Válido" line="16">
<kw name="Teste de Requisicao Basica" owner="random-user-service">
<kw name="GET On Session" owner="RequestsLibrary">
<msg time="2024-07-28T23:15:19.611547" level="INFO">GET Request : url=https://randomuser.me/api 
 path_url=/api 
 headers={'User-Agent': 'python-requests/2.32.3', 'Accept-Encoding': 'gzip, deflate', 'Accept': '*/*', 'Connection': 'keep-alive'} 
 body=None 
 </msg>
<msg time="2024-07-28T23:15:19.611653" level="INFO">GET Response : url=https://randomuser.me/api 
 status=200, reason=OK 
 headers={'Date': 'Sun, 28 Jul 2024 23:15:19 GMT', 'Content-Type': 'application/json; charset=utf-8', 'Transfer-Encoding': 'chunked', 'Connection': 'keep-alive', 'X-Powered-By': 'Express', 'Access-Control-Allow-Origin': '*', 'Cache-Control': 'no-cache', 'ETag': 'W/"45a-cfY8uemZD6mUoPoVL6ptg1yABVY"', 'Vary': 'Accept-Encoding', 'Content-Encoding': 'gzip', 'CF-Cache-Status': 'DYNAMIC', 'Report-To': '{"endpoints":[{"url":"https:\\/\\/a.nel.cloudflare.com\\/report\\/v4?s=RuzeDgU7OwbIyGFzxKyRQLmWRHTF7k5LcAS2ywEKDJ3kpu4aXmrE9ucLLhak6a2yqw5mHA4Ky6saaGoSgFUyXcn1XQK5NkHL5HsLOTUTFm%2BW2bja%2BI%2Fzi%2BlyXMYBcHq7"}],"group":"cf-nel","max_age":604800}', 'NEL': '{"success_fraction":0,"report_to":"cf-nel","max_age":604800}', 'Server': 'cloudflare', 'CF-RAY': '8aa8920f4d62b46f-ORD', 'alt-svc': 'h3=":443"; ma=86400'} 
 body={"results":[{"gender":"female","name":{"title":"Ms","first":"Oya","last":"Erez"},"location":{"street":{"number":2575,"name":"Maçka Cd"},"city":"Kocaeli","state":"Kilis","country":"Turkey","postcode":66339,"coordinates":{"latitude":"65.8583","longitude":"140.1523"},"timezone":{"offset":"+4:30","description":"Kabul"}},"email":"oya.erez@example.com","login":{"uuid":"c5ca4b8f-a6f2-4969-980a-bc98e044c0ed","username":"purplepanda820","password":"1964","salt":"y7kJAKYH","md5":"64684c964a191ae37e4b675c10422daf","sha1":"01c783defb2ccb3d2eaaf6b9e9032f9158dd904e","sha256":"eb65aac70c9ee46c37e0a9a4cb0d8561be4226da1b503a8a617c398c59fb97ce"},"dob":{"date":"1977-08-21T19:35:10.424Z","age":46},"registered":{"date":"2012-10-14T18:24:22.139Z","age":11},"phone":"(022)-708-8410","cell":"(625)-810-8782","id":{"name":"","value":null},"picture":{"large":"https://randomuser.me/api/portraits/women/85.jpg","medium":"https://randomuser.me/api/portraits/med/women/85.jpg","thumbnail":"https://randomuser.me/api/portraits/thumb/women/85.jpg"},"nat":"TR"}],"info":{"seed":"a41eea2e3c5f42a0","results":1,"page":1,"version":"1.4"}} 
 </msg>
<msg time="2024-07-28T23:15:19.611726" level="INFO">/opt/hostedtoolcache/Python/3.12.4/x64/lib/python3.12/site-packages/urllib3/connectionpool.py:1099: InsecureRequestWarning: Unverified HTTPS request is being made to host 'randomuser.me'. Adding certificate verification is strongly advised. See: https://urllib3.readthedocs.io/en/latest/advanced-usage.html#tls-warnings
  warnings.warn(</msg>
<msg time="2024-07-28T23:15:19.611853" level="INFO">${response} = &lt;Response [200]&gt;</msg>
<var>${response}</var>
<arg>consultarAPI</arg>
<arg>/api</arg>
<doc>Sends a GET request on a previously created HTTP Session.</doc>
<status status="PASS" start="2024-07-28T23:15:19.527538" elapsed="0.084357"/>
</kw>
<kw name="Should Be Equal As Numbers" owner="BuiltIn">
<msg time="2024-07-28T23:15:19.612701" level="INFO">Argument types are:
&lt;class 'int'&gt;
&lt;class 'str'&gt;</msg>
<arg>${response.status_code}</arg>
<arg>200</arg>
<doc>Fails if objects are unequal after converting them to real numbers.</doc>
<status status="PASS" start="2024-07-28T23:15:19.612304" elapsed="0.000458"/>
</kw>
<kw name="Log" owner="BuiltIn">
<msg time="2024-07-28T23:15:19.613431" level="INFO">200</msg>
<arg>${response.status_code}</arg>
<doc>Logs the given message with the given level.</doc>
<status status="PASS" start="2024-07-28T23:15:19.613079" elapsed="0.000394"/>
</kw>
<kw name="Set Variable" owner="BuiltIn">
<msg time="2024-07-28T23:15:19.614241" level="INFO">${json_data} = {'results': [{'gender': 'female', 'name': {'title': 'Ms', 'first': 'Oya', 'last': 'Erez'}, 'location': {'street': {'number': 2575, 'name': 'Maçka Cd'}, 'city': 'Kocaeli', 'state': 'Kilis', 'country': ...</msg>
<var>${json_data}</var>
<arg>${response.json()}</arg>
<doc>Returns the given values which can then be assigned to a variables.</doc>
<status status="PASS" start="2024-07-28T23:15:19.613784" elapsed="0.000487"/>
</kw>
<kw name="Dictionary Should Contain Key" owner="Collections">
<arg>${json_data}</arg>
<arg>results</arg>
<doc>Fails if ``key`` is not found from ``dictionary``.</doc>
<status status="PASS" start="2024-07-28T23:15:19.614613" elapsed="0.000296"/>
</kw>
<status status="PASS" start="2024-07-28T23:15:19.527293" elapsed="0.087767"/>
</kw>
<doc>Testa se a API responde corretamente e retorna um objeto JSON válido.</doc>
<tag>testeRequisicaoBasica</tag>
<status status="PASS" start="2024-07-28T23:15:19.526836" elapsed="0.088388"/>
</test>
<test id="s1-s1-t3" name="Validar estrutura de resposta" line="22">
<kw name="Teste de Estrutura de Resposta" owner="random-user-service">
<kw name="GET On Session" owner="RequestsLibrary">
<msg time="2024-07-28T23:15:19.708648" level="INFO">GET Request : url=https://randomuser.me/api 
 path_url=/api 
 headers={'User-Agent': 'python-requests/2.32.3', 'Accept-Encoding': 'gzip, deflate', 'Accept': '*/*', 'Connection': 'keep-alive'} 
 body=None 
 </msg>
<msg time="2024-07-28T23:15:19.708736" level="INFO">GET Response : url=https://randomuser.me/api 
 status=200, reason=OK 
 headers={'Date': 'Sun, 28 Jul 2024 23:15:19 GMT', 'Content-Type': 'application/json; charset=utf-8', 'Transfer-Encoding': 'chunked', 'Connection': 'keep-alive', 'X-Powered-By': 'Express', 'Access-Control-Allow-Origin': '*', 'Cache-Control': 'no-cache', 'ETag': 'W/"4a4-ahw/mxxs8SyIUPkZcEJf6t+NbkY"', 'Vary': 'Accept-Encoding', 'Content-Encoding': 'gzip', 'CF-Cache-Status': 'DYNAMIC', 'Report-To': '{"endpoints":[{"url":"https:\\/\\/a.nel.cloudflare.com\\/report\\/v4?s=vUus5%2Fuo3LmqObmB1cQ5etgkF3dbwhDZq0BxQg6Ht3ObtuKbhH%2BUSUNvQzGFIopo6EWACC%2FVb0rtuU2YvUt9Aell3RjFaHzSY5gRgg%2BQg0sEkjSqlNdCBk5xWgQ5S%2FLP"}],"group":"cf-nel","max_age":604800}', 'NEL': '{"success_fraction":0,"report_to":"cf-nel","max_age":604800}', 'Server': 'cloudflare', 'CF-RAY': '8aa8920f9dd5b46f-ORD', 'alt-svc': 'h3=":443"; ma=86400'} 
 body={"results":[{"gender":"female","name":{"title":"Mrs","first":"Ilona","last":"Rintala"},"location":{"street":{"number":2885,"name":"Hämeentie"},"city":"Kärsämäki","state":"Pirkanmaa","country":"Finland","postcode":15082,"coordinates":{"latitude":"-28.0735","longitude":"134.0706"},"timezone":{"offset":"+5:00","description":"Ekaterinburg, Islamabad, Karachi, Tashkent"}},"email":"ilona.rintala@example.com","login":{"uuid":"6c7a4469-084d-4dae-adaf-453ae6922e48","username":"yellowfish419","password":"niners","salt":"It21P6j2","md5":"b76bdb63620e695a5906e24e67462aab","sha1":"4818cb460e5ba337c2ff8e791583c7e8f855e75f","sha256":"268d4c017b9f121057a5a32bdd562e9da0ba88456ac606092833e04b0083e38c"},"dob":{"date":"1957-05-12T18:50:58.816Z","age":67},"registered":{"date":"2015-04-04T18:57:37.081Z","age":9},"phone":"05-511-935","cell":"040-989-44-67","id":{"name":"HETU","value":"NaNNA806undefined"},"picture":{"large":"https://randomuser.me/api/portraits/women/89.jpg","medium":"https://randomuser.me/api/portraits/med/women/89.jpg","thumbnail":"https://randomuser.me/api/portraits/thumb/women/89.jpg"},"nat":"FI"}],"info":{"seed":"bc8ae69739341468","results":1,"page":1,"version":"1.4"}} 
 </msg>
<msg time="2024-07-28T23:15:19.708861" level="INFO">/opt/hostedtoolcache/Python/3.12.4/x64/lib/python3.12/site-packages/urllib3/connectionpool.py:1099: InsecureRequestWarning: Unverified HTTPS request is being made to host 'randomuser.me'. Adding certificate verification is strongly advised. See: https://urllib3.readthedocs.io/en/latest/advanced-usage.html#tls-warnings
  warnings.warn(</msg>
<msg time="2024-07-28T23:15:19.708963" level="INFO">${response} = &lt;Response [200]&gt;</msg>
<var>${response}</var>
<arg>consultarAPI</arg>
<arg>/api</arg>
<doc>Sends a GET request on a previously created HTTP Session.</doc>
<status status="PASS" start="2024-07-28T23:15:19.617871" elapsed="0.091132"/>
</kw>
<kw name="Set Variable" owner="BuiltIn">
<msg time="2024-07-28T23:15:19.710058" level="INFO">${json_data} = {'results': [{'gender': 'female', 'name': {'title': 'Mrs', 'first': 'Ilona', 'last': 'Rintala'}, 'location': {'street': {'number': 2885, 'name': 'Hämeentie'}, 'city': 'Kärsämäki', 'state': 'Pirkanmaa'...</msg>
<var>${json_data}</var>
<arg>${response.json()}</arg>
<doc>Returns the given values which can then be assigned to a variables.</doc>
<status status="PASS" start="2024-07-28T23:15:19.709487" elapsed="0.000600"/>
</kw>
<kw name="Log" owner="BuiltIn">
<msg time="2024-07-28T23:15:19.710647" level="INFO">{'results': [{'gender': 'female', 'name': {'title': 'Mrs', 'first': 'Ilona', 'last': 'Rintala'}, 'location': {'street': {'number': 2885, 'name': 'Hämeentie'}, 'city': 'Kärsämäki', 'state': 'Pirkanmaa', 'country': 'Finland', 'postcode': 15082, 'coordinates': {'latitude': '-28.0735', 'longitude': '134.0706'}, 'timezone': {'offset': '+5:00', 'description': 'Ekaterinburg, Islamabad, Karachi, Tashkent'}}, 'email': 'ilona.rintala@example.com', 'login': {'uuid': '6c7a4469-084d-4dae-adaf-453ae6922e48', 'username': 'yellowfish419', 'password': 'niners', 'salt': 'It21P6j2', 'md5': 'b76bdb63620e695a5906e24e67462aab', 'sha1': '4818cb460e5ba337c2ff8e791583c7e8f855e75f', 'sha256': '268d4c017b9f121057a5a32bdd562e9da0ba88456ac606092833e04b0083e38c'}, 'dob': {'date': '1957-05-12T18:50:58.816Z', 'age': 67}, 'registered': {'date': '2015-04-04T18:57:37.081Z', 'age': 9}, 'phone': '05-511-935', 'cell': '040-989-44-67', 'id': {'name': 'HETU', 'value': 'NaNNA806undefined'}, 'picture': {'large': 'https://randomuser.me/api/portraits/women/89.jpg', 'medium': 'https://randomuser.me/api/portraits/med/women/89.jpg', 'thumbnail': 'https://randomuser.me/api/portraits/thumb/women/89.jpg'}, 'nat': 'FI'}], 'info': {'seed': 'bc8ae69739341468', 'results': 1, 'page': 1, 'version': '1.4'}}</msg>
<arg>${json_data}</arg>
<doc>Logs the given message with the given level.</doc>
<status status="PASS" start="2024-07-28T23:15:19.710448" elapsed="0.000249"/>
</kw>
<kw name="Dictionary Should Contain Key" owner="Collections">
<arg>${json_data}</arg>
<arg>results</arg>
<doc>Fails if ``key`` is not found from ``dictionary``.</doc>
<status status="PASS" start="2024-07-28T23:15:19.710994" elapsed="0.000162"/>
</kw>
<kw name="Should Not Be Empty" owner="BuiltIn">
<msg time="2024-07-28T23:15:19.711466" level="INFO">Length is 2.</msg>
<arg>${json_data}</arg>
<doc>Verifies that the given item is not empty.</doc>
<status status="PASS" start="2024-07-28T23:15:19.711338" elapsed="0.000165"/>
</kw>
<kw name="Create List" owner="BuiltIn">
<msg time="2024-07-28T23:15:19.711939" level="INFO">${expected_keys} = ['gender', 'name', 'location', 'email', 'login']</msg>
<var>${expected_keys}</var>
<arg>gender</arg>
<arg>name</arg>
<arg>location</arg>
<arg>email</arg>
<arg>login</arg>
<doc>Returns a list containing given items.</doc>
<status status="PASS" start="2024-07-28T23:15:19.711788" elapsed="0.000177"/>
</kw>
<for flavor="IN">
<iter>
<kw name="Dictionary Should Contain Key" owner="Collections">
<arg>${json_data['results'][0]}</arg>
<arg>${key}</arg>
<doc>Fails if ``key`` is not found from ``dictionary``.</doc>
<status status="PASS" start="2024-07-28T23:15:19.712580" elapsed="0.000403"/>
</kw>
<kw name="Log" owner="BuiltIn">
<msg time="2024-07-28T23:15:19.713525" level="INFO">{'gender': 'female', 'name': {'title': 'Mrs', 'first': 'Ilona', 'last': 'Rintala'}, 'location': {'street': {'number': 2885, 'name': 'Hämeentie'}, 'city': 'Kärsämäki', 'state': 'Pirkanmaa', 'country': 'Finland', 'postcode': 15082, 'coordinates': {'latitude': '-28.0735', 'longitude': '134.0706'}, 'timezone': {'offset': '+5:00', 'description': 'Ekaterinburg, Islamabad, Karachi, Tashkent'}}, 'email': 'ilona.rintala@example.com', 'login': {'uuid': '6c7a4469-084d-4dae-adaf-453ae6922e48', 'username': 'yellowfish419', 'password': 'niners', 'salt': 'It21P6j2', 'md5': 'b76bdb63620e695a5906e24e67462aab', 'sha1': '4818cb460e5ba337c2ff8e791583c7e8f855e75f', 'sha256': '268d4c017b9f121057a5a32bdd562e9da0ba88456ac606092833e04b0083e38c'}, 'dob': {'date': '1957-05-12T18:50:58.816Z', 'age': 67}, 'registered': {'date': '2015-04-04T18:57:37.081Z', 'age': 9}, 'phone': '05-511-935', 'cell': '040-989-44-67', 'id': {'name': 'HETU', 'value': 'NaNNA806undefined'}, 'picture': {'large': 'https://randomuser.me/api/portraits/women/89.jpg', 'medium': 'https://randomuser.me/api/portraits/med/women/89.jpg', 'thumbnail': 'https://randomuser.me/api/portraits/thumb/women/89.jpg'}, 'nat': 'FI'}</msg>
<arg>${json_data['results'][0]}</arg>
<doc>Logs the given message with the given level.</doc>
<status status="PASS" start="2024-07-28T23:15:19.713168" elapsed="0.000406"/>
</kw>
<kw name="Log" owner="BuiltIn">
<msg time="2024-07-28T23:15:19.714042" level="INFO">gender</msg>
<arg>${key}</arg>
<doc>Logs the given message with the given level.</doc>
<status status="PASS" start="2024-07-28T23:15:19.713912" elapsed="0.000168"/>
</kw>
<var name="${key}">gender</var>
<status status="PASS" start="2024-07-28T23:15:19.712454" elapsed="0.001841"/>
</iter>
<iter>
<kw name="Dictionary Should Contain Key" owner="Collections">
<arg>${json_data['results'][0]}</arg>
<arg>${key}</arg>
<doc>Fails if ``key`` is not found from ``dictionary``.</doc>
<status status="PASS" start="2024-07-28T23:15:19.714628" elapsed="0.000390"/>
</kw>
<kw name="Log" owner="BuiltIn">
<msg time="2024-07-28T23:15:19.715620" level="INFO">{'gender': 'female', 'name': {'title': 'Mrs', 'first': 'Ilona', 'last': 'Rintala'}, 'location': {'street': {'number': 2885, 'name': 'Hämeentie'}, 'city': 'Kärsämäki', 'state': 'Pirkanmaa', 'country': 'Finland', 'postcode': 15082, 'coordinates': {'latitude': '-28.0735', 'longitude': '134.0706'}, 'timezone': {'offset': '+5:00', 'description': 'Ekaterinburg, Islamabad, Karachi, Tashkent'}}, 'email': 'ilona.rintala@example.com', 'login': {'uuid': '6c7a4469-084d-4dae-adaf-453ae6922e48', 'username': 'yellowfish419', 'password': 'niners', 'salt': 'It21P6j2', 'md5': 'b76bdb63620e695a5906e24e67462aab', 'sha1': '4818cb460e5ba337c2ff8e791583c7e8f855e75f', 'sha256': '268d4c017b9f121057a5a32bdd562e9da0ba88456ac606092833e04b0083e38c'}, 'dob': {'date': '1957-05-12T18:50:58.816Z', 'age': 67}, 'registered': {'date': '2015-04-04T18:57:37.081Z', 'age': 9}, 'phone': '05-511-935', 'cell': '040-989-44-67', 'id': {'name': 'HETU', 'value': 'NaNNA806undefined'}, 'picture': {'large': 'https://randomuser.me/api/portraits/women/89.jpg', 'medium': 'https://randomuser.me/api/portraits/med/women/89.jpg', 'thumbnail': 'https://randomuser.me/api/portraits/thumb/women/89.jpg'}, 'nat': 'FI'}</msg>
<arg>${json_data['results'][0]}</arg>
<doc>Logs the given message with the given level.</doc>
<status status="PASS" start="2024-07-28T23:15:19.715233" elapsed="0.000438"/>
</kw>
<kw name="Log" owner="BuiltIn">
<msg time="2024-07-28T23:15:19.716095" level="INFO">name</msg>
<arg>${key}</arg>
<doc>Logs the given message with the given level.</doc>
<status status="PASS" start="2024-07-28T23:15:19.715968" elapsed="0.000164"/>
</kw>
<var name="${key}">name</var>
<status status="PASS" start="2024-07-28T23:15:19.714516" elapsed="0.001835"/>
</iter>
<iter>
<kw name="Dictionary Should Contain Key" owner="Collections">
<arg>${json_data['results'][0]}</arg>
<arg>${key}</arg>
<doc>Fails if ``key`` is not found from ``dictionary``.</doc>
<status status="PASS" start="2024-07-28T23:15:19.716634" elapsed="0.000407"/>
</kw>
<kw name="Log" owner="BuiltIn">
<msg time="2024-07-28T23:15:19.717598" level="INFO">{'gender': 'female', 'name': {'title': 'Mrs', 'first': 'Ilona', 'last': 'Rintala'}, 'location': {'street': {'number': 2885, 'name': 'Hämeentie'}, 'city': 'Kärsämäki', 'state': 'Pirkanmaa', 'country': 'Finland', 'postcode': 15082, 'coordinates': {'latitude': '-28.0735', 'longitude': '134.0706'}, 'timezone': {'offset': '+5:00', 'description': 'Ekaterinburg, Islamabad, Karachi, Tashkent'}}, 'email': 'ilona.rintala@example.com', 'login': {'uuid': '6c7a4469-084d-4dae-adaf-453ae6922e48', 'username': 'yellowfish419', 'password': 'niners', 'salt': 'It21P6j2', 'md5': 'b76bdb63620e695a5906e24e67462aab', 'sha1': '4818cb460e5ba337c2ff8e791583c7e8f855e75f', 'sha256': '268d4c017b9f121057a5a32bdd562e9da0ba88456ac606092833e04b0083e38c'}, 'dob': {'date': '1957-05-12T18:50:58.816Z', 'age': 67}, 'registered': {'date': '2015-04-04T18:57:37.081Z', 'age': 9}, 'phone': '05-511-935', 'cell': '040-989-44-67', 'id': {'name': 'HETU', 'value': 'NaNNA806undefined'}, 'picture': {'large': 'https://randomuser.me/api/portraits/women/89.jpg', 'medium': 'https://randomuser.me/api/portraits/med/women/89.jpg', 'thumbnail': 'https://randomuser.me/api/portraits/thumb/women/89.jpg'}, 'nat': 'FI'}</msg>
<arg>${json_data['results'][0]}</arg>
<doc>Logs the given message with the given level.</doc>
<status status="PASS" start="2024-07-28T23:15:19.717251" elapsed="0.000396"/>
</kw>
<kw name="Log" owner="BuiltIn">
<msg time="2024-07-28T23:15:19.718076" level="INFO">location</msg>
<arg>${key}</arg>
<doc>Logs the given message with the given level.</doc>
<status status="PASS" start="2024-07-28T23:15:19.717948" elapsed="0.000166"/>
</kw>
<var name="${key}">location</var>
<status status="PASS" start="2024-07-28T23:15:19.716526" elapsed="0.001809"/>
</iter>
<iter>
<kw name="Dictionary Should Contain Key" owner="Collections">
<arg>${json_data['results'][0]}</arg>
<arg>${key}</arg>
<doc>Fails if ``key`` is not found from ``dictionary``.</doc>
<status status="PASS" start="2024-07-28T23:15:19.718682" elapsed="0.000376"/>
</kw>
<kw name="Log" owner="BuiltIn">
<msg time="2024-07-28T23:15:19.719706" level="INFO">{'gender': 'female', 'name': {'title': 'Mrs', 'first': 'Ilona', 'last': 'Rintala'}, 'location': {'street': {'number': 2885, 'name': 'Hämeentie'}, 'city': 'Kärsämäki', 'state': 'Pirkanmaa', 'country': 'Finland', 'postcode': 15082, 'coordinates': {'latitude': '-28.0735', 'longitude': '134.0706'}, 'timezone': {'offset': '+5:00', 'description': 'Ekaterinburg, Islamabad, Karachi, Tashkent'}}, 'email': 'ilona.rintala@example.com', 'login': {'uuid': '6c7a4469-084d-4dae-adaf-453ae6922e48', 'username': 'yellowfish419', 'password': 'niners', 'salt': 'It21P6j2', 'md5': 'b76bdb63620e695a5906e24e67462aab', 'sha1': '4818cb460e5ba337c2ff8e791583c7e8f855e75f', 'sha256': '268d4c017b9f121057a5a32bdd562e9da0ba88456ac606092833e04b0083e38c'}, 'dob': {'date': '1957-05-12T18:50:58.816Z', 'age': 67}, 'registered': {'date': '2015-04-04T18:57:37.081Z', 'age': 9}, 'phone': '05-511-935', 'cell': '040-989-44-67', 'id': {'name': 'HETU', 'value': 'NaNNA806undefined'}, 'picture': {'large': 'https://randomuser.me/api/portraits/women/89.jpg', 'medium': 'https://randomuser.me/api/portraits/med/women/89.jpg', 'thumbnail': 'https://randomuser.me/api/portraits/thumb/women/89.jpg'}, 'nat': 'FI'}</msg>
<arg>${json_data['results'][0]}</arg>
<doc>Logs the given message with the given level.</doc>
<status status="PASS" start="2024-07-28T23:15:19.719356" elapsed="0.000408"/>
</kw>
<kw name="Log" owner="BuiltIn">
<msg time="2024-07-28T23:15:19.720232" level="INFO">email</msg>
<arg>${key}</arg>
<doc>Logs the given message with the given level.</doc>
<status status="PASS" start="2024-07-28T23:15:19.720091" elapsed="0.000179"/>
</kw>
<var name="${key}">email</var>
<status status="PASS" start="2024-07-28T23:15:19.718557" elapsed="0.001927"/>
</iter>
<iter>
<kw name="Dictionary Should Contain Key" owner="Collections">
<arg>${json_data['results'][0]}</arg>
<arg>${key}</arg>
<doc>Fails if ``key`` is not found from ``dictionary``.</doc>
<status status="PASS" start="2024-07-28T23:15:19.720762" elapsed="0.000369"/>
</kw>
<kw name="Log" owner="BuiltIn">
<msg time="2024-07-28T23:15:19.721687" level="INFO">{'gender': 'female', 'name': {'title': 'Mrs', 'first': 'Ilona', 'last': 'Rintala'}, 'location': {'street': {'number': 2885, 'name': 'Hämeentie'}, 'city': 'Kärsämäki', 'state': 'Pirkanmaa', 'country': 'Finland', 'postcode': 15082, 'coordinates': {'latitude': '-28.0735', 'longitude': '134.0706'}, 'timezone': {'offset': '+5:00', 'description': 'Ekaterinburg, Islamabad, Karachi, Tashkent'}}, 'email': 'ilona.rintala@example.com', 'login': {'uuid': '6c7a4469-084d-4dae-adaf-453ae6922e48', 'username': 'yellowfish419', 'password': 'niners', 'salt': 'It21P6j2', 'md5': 'b76bdb63620e695a5906e24e67462aab', 'sha1': '4818cb460e5ba337c2ff8e791583c7e8f855e75f', 'sha256': '268d4c017b9f121057a5a32bdd562e9da0ba88456ac606092833e04b0083e38c'}, 'dob': {'date': '1957-05-12T18:50:58.816Z', 'age': 67}, 'registered': {'date': '2015-04-04T18:57:37.081Z', 'age': 9}, 'phone': '05-511-935', 'cell': '040-989-44-67', 'id': {'name': 'HETU', 'value': 'NaNNA806undefined'}, 'picture': {'large': 'https://randomuser.me/api/portraits/women/89.jpg', 'medium': 'https://randomuser.me/api/portraits/med/women/89.jpg', 'thumbnail': 'https://randomuser.me/api/portraits/thumb/women/89.jpg'}, 'nat': 'FI'}</msg>
<arg>${json_data['results'][0]}</arg>
<doc>Logs the given message with the given level.</doc>
<status status="PASS" start="2024-07-28T23:15:19.721308" elapsed="0.000437"/>
</kw>
<kw name="Log" owner="BuiltIn">
<msg time="2024-07-28T23:15:19.722168" level="INFO">login</msg>
<arg>${key}</arg>
<doc>Logs the given message with the given level.</doc>
<status status="PASS" start="2024-07-28T23:15:19.722042" elapsed="0.000164"/>
</kw>
<var name="${key}">login</var>
<status status="PASS" start="2024-07-28T23:15:19.720656" elapsed="0.001793"/>
</iter>
<var>${key}</var>
<value>@{expected_keys}</value>
<status status="PASS" start="2024-07-28T23:15:19.712268" elapsed="0.010303"/>
</for>
<kw name="Create List" owner="BuiltIn">
<msg time="2024-07-28T23:15:19.722928" level="INFO">${expected_keysTwo} = ['username', 'password']</msg>
<var>${expected_keysTwo}</var>
<arg>username</arg>
<arg>password</arg>
<doc>Returns a list containing given items.</doc>
<status status="PASS" start="2024-07-28T23:15:19.722790" elapsed="0.000163"/>
</kw>
<for flavor="IN">
<iter>
<kw name="Dictionary Should Contain Key" owner="Collections">
<arg>${json_data['results'][0]['login']}</arg>
<arg>${keyTwo}</arg>
<doc>Fails if ``key`` is not found from ``dictionary``.</doc>
<status status="PASS" start="2024-07-28T23:15:19.723498" elapsed="0.000379"/>
</kw>
<kw name="Dictionary Should Contain Key" owner="Collections">
<arg>${json_data['results'][0]['login']}</arg>
<arg>${keyTwo}</arg>
<doc>Fails if ``key`` is not found from ``dictionary``.</doc>
<status status="PASS" start="2024-07-28T23:15:19.724054" elapsed="0.000373"/>
</kw>
<kw name="Log" owner="BuiltIn">
<msg time="2024-07-28T23:15:19.724754" level="INFO">username</msg>
<arg>${keyTwo}</arg>
<doc>Logs the given message with the given level.</doc>
<status status="PASS" start="2024-07-28T23:15:19.724602" elapsed="0.000203"/>
</kw>
<var name="${keyTwo}">username</var>
<status status="PASS" start="2024-07-28T23:15:19.723393" elapsed="0.001644"/>
</iter>
<iter>
<kw name="Dictionary Should Contain Key" owner="Collections">
<arg>${json_data['results'][0]['login']}</arg>
<arg>${keyTwo}</arg>
<doc>Fails if ``key`` is not found from ``dictionary``.</doc>
<status status="PASS" start="2024-07-28T23:15:19.725317" elapsed="0.000374"/>
</kw>
<kw name="Dictionary Should Contain Key" owner="Collections">
<arg>${json_data['results'][0]['login']}</arg>
<arg>${keyTwo}</arg>
<doc>Fails if ``key`` is not found from ``dictionary``.</doc>
<status status="PASS" start="2024-07-28T23:15:19.725863" elapsed="0.000402"/>
</kw>
<kw name="Log" owner="BuiltIn">
<msg time="2024-07-28T23:15:19.726601" level="INFO">password</msg>
<arg>${keyTwo}</arg>
<doc>Logs the given message with the given level.</doc>
<status status="PASS" start="2024-07-28T23:15:19.726472" elapsed="0.000165"/>
</kw>
<var name="${keyTwo}">password</var>
<status status="PASS" start="2024-07-28T23:15:19.725207" elapsed="0.001648"/>
</iter>
<var>${keyTwo}</var>
<value>@{expected_keysTwo}</value>
<status status="PASS" start="2024-07-28T23:15:19.723219" elapsed="0.003756"/>
</for>
<status status="PASS" start="2024-07-28T23:15:19.617643" elapsed="0.109473"/>
</kw>
<doc>Testa a estrutura da resposta da API.</doc>
<tag>testeEstruturaResposta</tag>
<status status="PASS" start="2024-07-28T23:15:19.617012" elapsed="0.110255"/>
</test>
<test id="s1-s1-t4" name="Validar tipos de dados" line="28">
<kw name="Teste de Tipos de Dados" owner="random-user-service">
<kw name="GET On Session" owner="RequestsLibrary">
<msg time="2024-07-28T23:15:19.824272" level="INFO">GET Request : url=https://randomuser.me/api 
 path_url=/api 
 headers={'User-Agent': 'python-requests/2.32.3', 'Accept-Encoding': 'gzip, deflate', 'Accept': '*/*', 'Connection': 'keep-alive'} 
 body=None 
 </msg>
<msg time="2024-07-28T23:15:19.824368" level="INFO">GET Response : url=https://randomuser.me/api 
 status=200, reason=OK 
 headers={'Date': 'Sun, 28 Jul 2024 23:15:19 GMT', 'Content-Type': 'application/json; charset=utf-8', 'Transfer-Encoding': 'chunked', 'Connection': 'keep-alive', 'X-Powered-By': 'Express', 'Access-Control-Allow-Origin': '*', 'Cache-Control': 'no-cache', 'ETag': 'W/"484-IPcnvITpqg63jBWr/TKfFycfS/0"', 'Vary': 'Accept-Encoding', 'Content-Encoding': 'gzip', 'CF-Cache-Status': 'DYNAMIC', 'Report-To': '{"endpoints":[{"url":"https:\\/\\/a.nel.cloudflare.com\\/report\\/v4?s=EUtibWwhBwf15Zs6wmVi4%2FJo1Mjpoq5TBhshVuJHKwxpXuvkSshnYPe7OAILJm60RQBXhct8i%2BGwuKFwDwiJ%2BIxPReC2%2FNG2rLr7HRwBO5UNb5PGTBbhapWHIcLCBOL%2F"}],"group":"cf-nel","max_age":604800}', 'NEL': '{"success_fraction":0,"report_to":"cf-nel","max_age":604800}', 'Server': 'cloudflare', 'CF-RAY': '8aa892105eb6b46f-ORD', 'alt-svc': 'h3=":443"; ma=86400'} 
 body={"results":[{"gender":"female","name":{"title":"Miss","first":"Jaqueline","last":"Páez"},"location":{"street":{"number":4822,"name":"Calle Cepeda"},"city":"Campo Acosta","state":"Puebla","country":"Mexico","postcode":94563,"coordinates":{"latitude":"22.6346","longitude":"119.9394"},"timezone":{"offset":"-10:00","description":"Hawaii"}},"email":"jaqueline.paez@example.com","login":{"uuid":"8a41721a-f763-4e0e-ad31-76bd42d9c311","username":"bigladybug459","password":"center","salt":"Dzo5c65Z","md5":"c05c0064a8a1f7f4d99425fb6ea80935","sha1":"35903bd0d3a4eb782b4cc09d6a55ea80d5e62be5","sha256":"d06e3d3c88722aaa38cff63b45dc6d2ee74333fd87954028595bf5c979cc7640"},"dob":{"date":"1985-04-07T11:26:36.216Z","age":39},"registered":{"date":"2018-08-19T17:00:20.140Z","age":5},"phone":"(618) 572 0041","cell":"(675) 016 4784","id":{"name":"NSS","value":"55 92 58 5988 2"},"picture":{"large":"https://randomuser.me/api/portraits/women/28.jpg","medium":"https://randomuser.me/api/portraits/med/women/28.jpg","thumbnail":"https://randomuser.me/api/portraits/thumb/women/28.jpg"},"nat":"MX"}],"info":{"seed":"b5a18e7ccd835670","results":1,"page":1,"version":"1.4"}} 
 </msg>
<msg time="2024-07-28T23:15:19.824438" level="INFO">/opt/hostedtoolcache/Python/3.12.4/x64/lib/python3.12/site-packages/urllib3/connectionpool.py:1099: InsecureRequestWarning: Unverified HTTPS request is being made to host 'randomuser.me'. Adding certificate verification is strongly advised. See: https://urllib3.readthedocs.io/en/latest/advanced-usage.html#tls-warnings
  warnings.warn(</msg>
<msg time="2024-07-28T23:15:19.824561" level="INFO">${response} = &lt;Response [200]&gt;</msg>
<var>${response}</var>
<arg>consultarAPI</arg>
<arg>/api</arg>
<doc>Sends a GET request on a previously created HTTP Session.</doc>
<status status="PASS" start="2024-07-28T23:15:19.729819" elapsed="0.094781"/>
</kw>
<kw name="Set Variable" owner="BuiltIn">
<msg time="2024-07-28T23:15:19.825791" level="INFO">${json_data} = {'results': [{'gender': 'female', 'name': {'title': 'Miss', 'first': 'Jaqueline', 'last': 'Páez'}, 'location': {'street': {'number': 4822, 'name': 'Calle Cepeda'}, 'city': 'Campo Acosta', 'state': 'Pu...</msg>
<var>${json_data}</var>
<arg>${response.json()}</arg>
<doc>Returns the given values which can then be assigned to a variables.</doc>
<status status="PASS" start="2024-07-28T23:15:19.825248" elapsed="0.000572"/>
</kw>
<kw name="Log" owner="BuiltIn">
<msg time="2024-07-28T23:15:19.826348" level="INFO">{'results': [{'gender': 'female', 'name': {'title': 'Miss', 'first': 'Jaqueline', 'last': 'Páez'}, 'location': {'street': {'number': 4822, 'name': 'Calle Cepeda'}, 'city': 'Campo Acosta', 'state': 'Puebla', 'country': 'Mexico', 'postcode': 94563, 'coordinates': {'latitude': '22.6346', 'longitude': '119.9394'}, 'timezone': {'offset': '-10:00', 'description': 'Hawaii'}}, 'email': 'jaqueline.paez@example.com', 'login': {'uuid': '8a41721a-f763-4e0e-ad31-76bd42d9c311', 'username': 'bigladybug459', 'password': 'center', 'salt': 'Dzo5c65Z', 'md5': 'c05c0064a8a1f7f4d99425fb6ea80935', 'sha1': '35903bd0d3a4eb782b4cc09d6a55ea80d5e62be5', 'sha256': 'd06e3d3c88722aaa38cff63b45dc6d2ee74333fd87954028595bf5c979cc7640'}, 'dob': {'date': '1985-04-07T11:26:36.216Z', 'age': 39}, 'registered': {'date': '2018-08-19T17:00:20.140Z', 'age': 5}, 'phone': '(618) 572 0041', 'cell': '(675) 016 4784', 'id': {'name': 'NSS', 'value': '55 92 58 5988 2'}, 'picture': {'large': 'https://randomuser.me/api/portraits/women/28.jpg', 'medium': 'https://randomuser.me/api/portraits/med/women/28.jpg', 'thumbnail': 'https://randomuser.me/api/portraits/thumb/women/28.jpg'}, 'nat': 'MX'}], 'info': {'seed': 'b5a18e7ccd835670', 'results': 1, 'page': 1, 'version': '1.4'}}</msg>
<arg>${json_data}</arg>
<doc>Logs the given message with the given level.</doc>
<status status="PASS" start="2024-07-28T23:15:19.826167" elapsed="0.000267"/>
</kw>
<kw name="Should Be String" owner="String">
<arg>${json_data['results'][0]['gender']}</arg>
<doc>Fails if the given ``item`` is not a string.</doc>
<status status="PASS" start="2024-07-28T23:15:19.826739" elapsed="0.000374"/>
</kw>
<kw name="Should Match Regexp" owner="BuiltIn">
<arg>${json_data['results'][0]['email']}</arg>
<arg>^[a-zA-Z0-9._%+-]+@[a-zA-Z0-9.-]+\.[a-zA-Z]{2,}$</arg>
<doc>Fails if ``string`` does not match ``pattern`` as a regular expression.</doc>
<status status="PASS" start="2024-07-28T23:15:19.827358" elapsed="0.000561"/>
</kw>
<kw name="Should Match Regexp" owner="BuiltIn">
<arg>${json_data['results'][0]['dob']['date']}</arg>
<arg>\\d{4}-\\d{2}-\\d{2}T\\d{2}:\\d{2}:\\d{2}\\.\\d{3}Z</arg>
<doc>Fails if ``string`` does not match ``pattern`` as a regular expression.</doc>
<status status="PASS" start="2024-07-28T23:15:19.828115" elapsed="0.000662"/>
</kw>
<kw name="Should Match Regexp" owner="BuiltIn">
<arg>${json_data['results'][0]['registered']['date']}</arg>
<arg>\\d{4}-\\d{2}-\\d{2}T\\d{2}:\\d{2}:\\d{2}\\.\\d{3}Z</arg>
<doc>Fails if ``string`` does not match ``pattern`` as a regular expression.</doc>
<status status="PASS" start="2024-07-28T23:15:19.828971" elapsed="0.000367"/>
</kw>
<kw name="Should Match Regexp" owner="BuiltIn">
<arg>${json_data['results'][0]['picture']['large']}</arg>
<arg>^https?://.*\.(?:png|jpe?g|gif|bmp)$</arg>
<doc>Fails if ``string`` does not match ``pattern`` as a regular expression.</doc>
<status status="PASS" start="2024-07-28T23:15:19.829521" elapsed="0.000467"/>
</kw>
<kw name="Should Match Regexp" owner="BuiltIn">
<arg>${json_data['results'][0]['picture']['medium']}</arg>
<arg>^https?://.*\.(?:png|jpe?g|gif|bmp)$</arg>
<doc>Fails if ``string`` does not match ``pattern`` as a regular expression.</doc>
<status status="PASS" start="2024-07-28T23:15:19.830213" elapsed="0.000414"/>
</kw>
<kw name="Should Match Regexp" owner="BuiltIn">
<arg>${json_data['results'][0]['picture']['thumbnail']}</arg>
<arg>^https?://.*\.(?:png|jpe?g|gif|bmp)$</arg>
<doc>Fails if ``string`` does not match ``pattern`` as a regular expression.</doc>
<status status="PASS" start="2024-07-28T23:15:19.830813" elapsed="0.000374"/>
</kw>
<kw name="Log" owner="BuiltIn">
<msg time="2024-07-28T23:15:19.831716" level="INFO">{'large': 'https://randomuser.me/api/portraits/women/28.jpg', 'medium': 'https://randomuser.me/api/portraits/med/women/28.jpg', 'thumbnail': 'https://randomuser.me/api/portraits/thumb/women/28.jpg'}</msg>
<arg>${json_data['results'][0]['picture']}</arg>
<doc>Logs the given message with the given level.</doc>
<status status="PASS" start="2024-07-28T23:15:19.831395" elapsed="0.000362"/>
</kw>
<status status="PASS" start="2024-07-28T23:15:19.729598" elapsed="0.102418"/>
</kw>
<kw name="Teste de Tipos de Dados - Postcode" owner="random-user-service">
<kw name="GET On Session" owner="RequestsLibrary">
<msg time="2024-07-28T23:15:19.918266" level="INFO">GET Request : url=https://randomuser.me/api 
 path_url=/api 
 headers={'User-Agent': 'python-requests/2.32.3', 'Accept-Encoding': 'gzip, deflate', 'Accept': '*/*', 'Connection': 'keep-alive'} 
 body=None 
 </msg>
<msg time="2024-07-28T23:15:19.918381" level="INFO">GET Response : url=https://randomuser.me/api 
 status=200, reason=OK 
 headers={'Date': 'Sun, 28 Jul 2024 23:15:19 GMT', 'Content-Type': 'application/json; charset=utf-8', 'Transfer-Encoding': 'chunked', 'Connection': 'keep-alive', 'X-Powered-By': 'Express', 'Access-Control-Allow-Origin': '*', 'Cache-Control': 'no-cache', 'ETag': 'W/"479-9W8P/ht2XIIQsR2dphaOjTrKNY8"', 'Vary': 'Accept-Encoding', 'Content-Encoding': 'gzip', 'CF-Cache-Status': 'DYNAMIC', 'Report-To': '{"endpoints":[{"url":"https:\\/\\/a.nel.cloudflare.com\\/report\\/v4?s=mn9DV1weyI8PxxwAjCwILznxzcvx9tvrARcv2ClWnmR%2BG7GLF9sht%2FkfwlrvfUstYJ5vwTieIK39XSf4i4aczBaNywTnPB2kxdiN%2FDDH%2FVDFjHj%2FwkLZzX7vFlq%2FBNPP"}],"group":"cf-nel","max_age":604800}', 'NEL': '{"success_fraction":0,"report_to":"cf-nel","max_age":604800}', 'Server': 'cloudflare', 'CF-RAY': '8aa89210ffa1b46f-ORD', 'alt-svc': 'h3=":443"; ma=86400'} 
 body={"results":[{"gender":"male","name":{"title":"Mr","first":"Mason","last":"Vargas"},"location":{"street":{"number":7301,"name":"Ranchview Dr"},"city":"Irving","state":"Alaska","country":"United States","postcode":93894,"coordinates":{"latitude":"84.8220","longitude":"-147.8761"},"timezone":{"offset":"-2:00","description":"Mid-Atlantic"}},"email":"mason.vargas@example.com","login":{"uuid":"ae6ba70e-5350-4e29-9f4f-bd6f9bafd8d3","username":"goldenzebra773","password":"vvvvv","salt":"wltc5lKJ","md5":"f03dbcff5f7aff42ee96926fa312da6b","sha1":"d4e0a1c9a53899c957b8c44509adb2546568b33d","sha256":"7b7ea236c5cbc5a4a00894a8bcadc0929bb8ae44a6fb6e265bf17bc0bdd94d70"},"dob":{"date":"1992-10-20T14:48:39.477Z","age":31},"registered":{"date":"2009-11-04T04:34:12.799Z","age":14},"phone":"(676) 985-8234","cell":"(278) 258-8462","id":{"name":"SSN","value":"682-95-0463"},"picture":{"large":"https://randomuser.me/api/portraits/men/99.jpg","medium":"https://randomuser.me/api/portraits/med/men/99.jpg","thumbnail":"https://randomuser.me/api/portraits/thumb/men/99.jpg"},"nat":"US"}],"info":{"seed":"f36415d061475f87","results":1,"page":1,"version":"1.4"}} 
 </msg>
<msg time="2024-07-28T23:15:19.918452" level="INFO">/opt/hostedtoolcache/Python/3.12.4/x64/lib/python3.12/site-packages/urllib3/connectionpool.py:1099: InsecureRequestWarning: Unverified HTTPS request is being made to host 'randomuser.me'. Adding certificate verification is strongly advised. See: https://urllib3.readthedocs.io/en/latest/advanced-usage.html#tls-warnings
  warnings.warn(</msg>
<msg time="2024-07-28T23:15:19.918562" level="INFO">${response} = &lt;Response [200]&gt;</msg>
<var>${response}</var>
<arg>consultarAPI</arg>
<arg>/api</arg>
<doc>Sends a GET request on a previously created HTTP Session.</doc>
<status status="PASS" start="2024-07-28T23:15:19.832497" elapsed="0.086093"/>
</kw>
<kw name="Set Variable" owner="BuiltIn">
<msg time="2024-07-28T23:15:19.919595" level="INFO">${json_data} = {'results': [{'gender': 'male', 'name': {'title': 'Mr', 'first': 'Mason', 'last': 'Vargas'}, 'location': {'street': {'number': 7301, 'name': 'Ranchview Dr'}, 'city': 'Irving', 'state': 'Alaska', 'coun...</msg>
<var>${json_data}</var>
<arg>${response.json()}</arg>
<doc>Returns the given values which can then be assigned to a variables.</doc>
<status status="PASS" start="2024-07-28T23:15:19.919093" elapsed="0.000530"/>
</kw>
<kw name="Log" owner="BuiltIn">
<msg time="2024-07-28T23:15:19.920081" level="INFO">{'results': [{'gender': 'male', 'name': {'title': 'Mr', 'first': 'Mason', 'last': 'Vargas'}, 'location': {'street': {'number': 7301, 'name': 'Ranchview Dr'}, 'city': 'Irving', 'state': 'Alaska', 'country': 'United States', 'postcode': 93894, 'coordinates': {'latitude': '84.8220', 'longitude': '-147.8761'}, 'timezone': {'offset': '-2:00', 'description': 'Mid-Atlantic'}}, 'email': 'mason.vargas@example.com', 'login': {'uuid': 'ae6ba70e-5350-4e29-9f4f-bd6f9bafd8d3', 'username': 'goldenzebra773', 'password': 'vvvvv', 'salt': 'wltc5lKJ', 'md5': 'f03dbcff5f7aff42ee96926fa312da6b', 'sha1': 'd4e0a1c9a53899c957b8c44509adb2546568b33d', 'sha256': '7b7ea236c5cbc5a4a00894a8bcadc0929bb8ae44a6fb6e265bf17bc0bdd94d70'}, 'dob': {'date': '1992-10-20T14:48:39.477Z', 'age': 31}, 'registered': {'date': '2009-11-04T04:34:12.799Z', 'age': 14}, 'phone': '(676) 985-8234', 'cell': '(278) 258-8462', 'id': {'name': 'SSN', 'value': '682-95-0463'}, 'picture': {'large': 'https://randomuser.me/api/portraits/men/99.jpg', 'medium': 'https://randomuser.me/api/portraits/med/men/99.jpg', 'thumbnail': 'https://randomuser.me/api/portraits/thumb/men/99.jpg'}, 'nat': 'US'}], 'info': {'seed': 'f36415d061475f87', 'results': 1, 'page': 1, 'version': '1.4'}}</msg>
<arg>${json_data}</arg>
<doc>Logs the given message with the given level.</doc>
<status status="PASS" start="2024-07-28T23:15:19.919926" elapsed="0.000207"/>
</kw>
<kw name="Should Be Equal As Numbers" owner="BuiltIn">
<arg>${json_data['results'][0]['location']['postcode']}</arg>
<arg>${json_data['results'][0]['location']['postcode']}</arg>
<doc>Fails if objects are unequal after converting them to real numbers.</doc>
<status status="PASS" start="2024-07-28T23:15:19.920456" elapsed="0.000624"/>
</kw>
<kw name="Log" owner="BuiltIn">
<msg time="2024-07-28T23:15:19.921643" level="INFO">93894</msg>
<arg>${json_data['results'][0]['location']['postcode']}</arg>
<doc>Logs the given message with the given level.</doc>
<status status="PASS" start="2024-07-28T23:15:19.921270" elapsed="0.000415"/>
</kw>
<status status="PASS" start="2024-07-28T23:15:19.832242" elapsed="0.089703"/>
</kw>
<doc>Testa se os tipos de dados na resposta da API estão corretos.</doc>
<tag>testeTiposDados</tag>
<status status="PASS" start="2024-07-28T23:15:19.729021" elapsed="0.193123"/>
</test>
<test id="s1-s1-t5" name="Validar conteudo" line="35">
<kw name="Teste de Tipos de Conteudo" owner="random-user-service">
<kw name="GET On Session" owner="RequestsLibrary">
<msg time="2024-07-28T23:15:20.013502" level="INFO">GET Request : url=https://randomuser.me/api 
 path_url=/api 
 headers={'User-Agent': 'python-requests/2.32.3', 'Accept-Encoding': 'gzip, deflate', 'Accept': '*/*', 'Connection': 'keep-alive'} 
 body=None 
 </msg>
<msg time="2024-07-28T23:15:20.013580" level="INFO">GET Response : url=https://randomuser.me/api 
 status=200, reason=OK 
 headers={'Date': 'Sun, 28 Jul 2024 23:15:20 GMT', 'Content-Type': 'application/json; charset=utf-8', 'Transfer-Encoding': 'chunked', 'Connection': 'keep-alive', 'X-Powered-By': 'Express', 'Access-Control-Allow-Origin': '*', 'Cache-Control': 'no-cache', 'ETag': 'W/"4ac-9RIR58yI59Fv5yrenGV+yLc48mo"', 'Vary': 'Accept-Encoding', 'Content-Encoding': 'gzip', 'CF-Cache-Status': 'DYNAMIC', 'Report-To': '{"endpoints":[{"url":"https:\\/\\/a.nel.cloudflare.com\\/report\\/v4?s=OEAAN7WLZ3h%2B3ZzTTwWrUB5KwzvzdC0rOhNgfrplD1R%2BVxVnKoS2VF%2FkGv2EkvpA1H5yQAHZG48uOJjyFTp1GrTHqBJMfz80Hr34lX7MpUrx3mOspJRkYzH1%2Bng4%2FrkX"}],"group":"cf-nel","max_age":604800}', 'NEL': '{"success_fraction":0,"report_to":"cf-nel","max_age":604800}', 'Server': 'cloudflare', 'CF-RAY': '8aa892118862b46f-ORD', 'alt-svc': 'h3=":443"; ma=86400'} 
 body={"results":[{"gender":"female","name":{"title":"Mrs","first":"Marissol","last":"da Mata"},"location":{"street":{"number":3881,"name":"Travessa dos Açorianos"},"city":"Trindade","state":"Goiás","country":"Brazil","postcode":92223,"coordinates":{"latitude":"-75.6806","longitude":"87.7658"},"timezone":{"offset":"-5:00","description":"Eastern Time (US &amp; Canada), Bogota, Lima"}},"email":"marissol.damata@example.com","login":{"uuid":"a4946fe5-eb87-46d6-8c3e-a182040a7f6f","username":"whitemouse180","password":"chewbacc","salt":"SFBz1zVU","md5":"96cc91d46d219988cf746d39a90bb85b","sha1":"338f5b7093e5f342af9578fd289da2d208d43383","sha256":"8ccd8375bc6744801c72f9e16af0c5bd3426ad747f9cb4d3fd4fa39c1c438964"},"dob":{"date":"1975-04-17T20:40:01.968Z","age":49},"registered":{"date":"2005-06-28T02:04:03.131Z","age":19},"phone":"(20) 6493-9981","cell":"(18) 8005-0401","id":{"name":"CPF","value":"836.191.689-05"},"picture":{"large":"https://randomuser.me/api/portraits/women/4.jpg","medium":"https://randomuser.me/api/portraits/med/women/4.jpg","thumbnail":"https://randomuser.me/api/portraits/thumb/women/4.jpg"},"nat":"BR"}],"info":{"seed":"e08a09e745f591a3","results":1,"page":1,"version":"1.4"}} 
 </msg>
<msg time="2024-07-28T23:15:20.013650" level="INFO">/opt/hostedtoolcache/Python/3.12.4/x64/lib/python3.12/site-packages/urllib3/connectionpool.py:1099: InsecureRequestWarning: Unverified HTTPS request is being made to host 'randomuser.me'. Adding certificate verification is strongly advised. See: https://urllib3.readthedocs.io/en/latest/advanced-usage.html#tls-warnings
  warnings.warn(</msg>
<msg time="2024-07-28T23:15:20.013751" level="INFO">${response} = &lt;Response [200]&gt;</msg>
<var>${response}</var>
<arg>consultarAPI</arg>
<arg>/api</arg>
<doc>Sends a GET request on a previously created HTTP Session.</doc>
<status status="PASS" start="2024-07-28T23:15:19.924668" elapsed="0.089120"/>
</kw>
<kw name="Set Variable" owner="BuiltIn">
<msg time="2024-07-28T23:15:20.014701" level="INFO">${json_data} = {'results': [{'gender': 'female', 'name': {'title': 'Mrs', 'first': 'Marissol', 'last': 'da Mata'}, 'location': {'street': {'number': 3881, 'name': 'Travessa dos Açorianos'}, 'city': 'Trindade', 'stat...</msg>
<var>${json_data}</var>
<arg>${response.json()}</arg>
<doc>Returns the given values which can then be assigned to a variables.</doc>
<status status="PASS" start="2024-07-28T23:15:20.014216" elapsed="0.000514"/>
</kw>
<kw name="Set Variable" owner="BuiltIn">
<msg time="2024-07-28T23:15:20.015430" level="INFO">${name_title} = Mrs</msg>
<var>${name_title}</var>
<arg>${json_data["results"][0]["name"]["title"]}</arg>
<doc>Returns the given values which can then be assigned to a variables.</doc>
<status status="PASS" start="2024-07-28T23:15:20.015042" elapsed="0.000414"/>
</kw>
<kw name="Create List" owner="BuiltIn">
<msg time="2024-07-28T23:15:20.015903" level="INFO">${allowed_titles} = ['Mr', 'Ms', 'Miss', 'Mrs', 'Madame', 'Monsieur']</msg>
<var>${allowed_titles}</var>
<arg>Mr</arg>
<arg>Ms</arg>
<arg>Miss</arg>
<arg>Mrs</arg>
<arg>Madame</arg>
<arg>Monsieur</arg>
<doc>Returns a list containing given items.</doc>
<status status="PASS" start="2024-07-28T23:15:20.015755" elapsed="0.000173"/>
</kw>
<kw name="List Should Contain Value" owner="Collections">
<arg>${allowed_titles}</arg>
<arg>${name_title}</arg>
<doc>Fails if the ``value`` is not found from ``list``.</doc>
<status status="PASS" start="2024-07-28T23:15:20.016220" elapsed="0.000182"/>
</kw>
<kw name="Set Variable" owner="BuiltIn">
<msg time="2024-07-28T23:15:20.016962" level="INFO">${name_country} = BR</msg>
<var>${name_country}</var>
<arg>${json_data["results"][0]["nat"]}</arg>
<doc>Returns the given values which can then be assigned to a variables.</doc>
<status status="PASS" start="2024-07-28T23:15:20.016588" elapsed="0.000399"/>
</kw>
<kw name="Create List" owner="BuiltIn">
<msg time="2024-07-28T23:15:20.017877" level="INFO">${list_country} = ['AD', 'AE', 'AF', 'AG', 'AI', 'AL', 'AM', 'AO', 'AQ', 'AR', 'AS', 'AT', 'AU', 'AW', 'AX', 'AZ', 'BA', 'BB', 'BD', 'BE', 'BF', 'BG', 'BH', 'BI', 'BJ', 'BL', 'BM', 'BN', 'BO', 'BQ', 'BR', 'BS', 'BT', '...</msg>
<var>${list_country}</var>
<arg>AD</arg>
<arg>AE</arg>
<arg>AF</arg>
<arg>AG</arg>
<arg>AI</arg>
<arg>AL</arg>
<arg>AM</arg>
<arg>AO</arg>
<arg>AQ</arg>
<arg>AR</arg>
<arg>AS</arg>
<arg>AT</arg>
<arg>AU</arg>
<arg>AW</arg>
<arg>AX</arg>
<arg>AZ</arg>
<arg>BA</arg>
<arg>BB</arg>
<arg>BD</arg>
<arg>BE</arg>
<arg>BF</arg>
<arg>BG</arg>
<arg>BH</arg>
<arg>BI</arg>
<arg>BJ</arg>
<arg>BL</arg>
<arg>BM</arg>
<arg>BN</arg>
<arg>BO</arg>
<arg>BQ</arg>
<arg>BR</arg>
<arg>BS</arg>
<arg>BT</arg>
<arg>BV</arg>
<arg>BW</arg>
<arg>BY</arg>
<arg>BZ</arg>
<arg>CA</arg>
<arg>CC</arg>
<arg>CD</arg>
<arg>CF</arg>
<arg>CG</arg>
<arg>CH</arg>
<arg>CI</arg>
<arg>CK</arg>
<arg>CL</arg>
<arg>CM</arg>
<arg>CN</arg>
<arg>CO</arg>
<arg>CR</arg>
<arg>CU</arg>
<arg>CV</arg>
<arg>CW</arg>
<arg>CX</arg>
<arg>CY</arg>
<arg>CZ</arg>
<arg>DE</arg>
<arg>DJ</arg>
<arg>DK</arg>
<arg>DM</arg>
<arg>DO</arg>
<arg>DZ</arg>
<arg>EC</arg>
<arg>EE</arg>
<arg>EG</arg>
<arg>EH</arg>
<arg>ER</arg>
<arg>ES</arg>
<arg>ET</arg>
<arg>FI</arg>
<arg>FJ</arg>
<arg>FK</arg>
<arg>FM</arg>
<arg>FO</arg>
<arg>FR</arg>
<arg>GA</arg>
<arg>GB</arg>
<arg>GD</arg>
<arg>GE</arg>
<arg>GF</arg>
<arg>GG</arg>
<arg>GH</arg>
<arg>GI</arg>
<arg>GL</arg>
<arg>GM</arg>
<arg>GN</arg>
<arg>GP</arg>
<arg>GQ</arg>
<arg>GR</arg>
<arg>GS</arg>
<arg>GT</arg>
<arg>GU</arg>
<arg>GW</arg>
<arg>GY</arg>
<arg>HK</arg>
<arg>HM</arg>
<arg>HN</arg>
<arg>HR</arg>
<arg>HT</arg>
<arg>HU</arg>
<arg>ID</arg>
<arg>IE</arg>
<arg>IL</arg>
<arg>IM</arg>
<arg>IN</arg>
<arg>IO</arg>
<arg>IQ</arg>
<arg>IR</arg>
<arg>IS</arg>
<arg>IT</arg>
<arg>JE</arg>
<arg>JM</arg>
<arg>JO</arg>
<arg>JP</arg>
<arg>KE</arg>
<arg>KG</arg>
<arg>KH</arg>
<arg>KI</arg>
<arg>KM</arg>
<arg>KN</arg>
<arg>KP</arg>
<arg>KR</arg>
<arg>KW</arg>
<arg>KY</arg>
<arg>KZ</arg>
<arg>LA</arg>
<arg>LB</arg>
<arg>LC</arg>
<arg>LI</arg>
<arg>LK</arg>
<arg>LR</arg>
<arg>LS</arg>
<arg>LT</arg>
<arg>LU</arg>
<arg>LV</arg>
<arg>LY</arg>
<arg>MA</arg>
<arg>MC</arg>
<arg>MD</arg>
<arg>ME</arg>
<arg>MF</arg>
<arg>MG</arg>
<arg>MH</arg>
<arg>MK</arg>
<arg>ML</arg>
<arg>MM</arg>
<arg>MN</arg>
<arg>MO</arg>
<arg>MP</arg>
<arg>MQ</arg>
<arg>MR</arg>
<arg>MS</arg>
<arg>MT</arg>
<arg>MU</arg>
<arg>MV</arg>
<arg>MW</arg>
<arg>MX</arg>
<arg>MY</arg>
<arg>MZ</arg>
<arg>NA</arg>
<arg>NC</arg>
<arg>NE</arg>
<arg>NF</arg>
<arg>NG</arg>
<arg>NI</arg>
<arg>NL</arg>
<arg>NO</arg>
<arg>NP</arg>
<arg>NR</arg>
<arg>NU</arg>
<arg>NZ</arg>
<arg>OM</arg>
<arg>PA</arg>
<arg>PE</arg>
<arg>PF</arg>
<arg>PG</arg>
<arg>PH</arg>
<arg>PK</arg>
<arg>PL</arg>
<arg>PM</arg>
<arg>PN</arg>
<arg>PR</arg>
<arg>PS</arg>
<arg>PT</arg>
<arg>PW</arg>
<arg>PY</arg>
<arg>QA</arg>
<arg>RE</arg>
<arg>RO</arg>
<arg>RS</arg>
<arg>RU</arg>
<arg>RW</arg>
<arg>SA</arg>
<arg>SB</arg>
<arg>SC</arg>
<arg>SD</arg>
<arg>SE</arg>
<arg>SG</arg>
<arg>SH</arg>
<arg>SI</arg>
<arg>SJ</arg>
<arg>SK</arg>
<arg>SL</arg>
<arg>SM</arg>
<arg>SN</arg>
<arg>SO</arg>
<arg>SR</arg>
<arg>SS</arg>
<arg>ST</arg>
<arg>SV</arg>
<arg>SX</arg>
<arg>SY</arg>
<arg>SZ</arg>
<arg>TC</arg>
<arg>TD</arg>
<arg>TF</arg>
<arg>TG</arg>
<arg>TH</arg>
<arg>TJ</arg>
<arg>TK</arg>
<arg>TL</arg>
<arg>TM</arg>
<arg>TN</arg>
<arg>TO</arg>
<arg>TR</arg>
<arg>TT</arg>
<arg>TV</arg>
<arg>TW</arg>
<arg>TZ</arg>
<arg>UA</arg>
<arg>UG</arg>
<arg>UM</arg>
<arg>US</arg>
<arg>UY</arg>
<arg>UZ</arg>
<arg>VA</arg>
<arg>VC</arg>
<arg>VE</arg>
<arg>VG</arg>
<arg>VI</arg>
<arg>VN</arg>
<arg>VU</arg>
<arg>WF</arg>
<arg>WS</arg>
<arg>XK</arg>
<arg>YE</arg>
<arg>YT</arg>
<arg>ZA</arg>
<arg>ZM</arg>
<arg>ZW</arg>
<doc>Returns a list containing given items.</doc>
<status status="PASS" start="2024-07-28T23:15:20.017278" elapsed="0.000624"/>
</kw>
<kw name="List Should Contain Value" owner="Collections">
<arg>${list_country}</arg>
<arg>${name_country}</arg>
<doc>Fails if the ``value`` is not found from ``list``.</doc>
<status status="PASS" start="2024-07-28T23:15:20.018918" elapsed="0.000214"/>
</kw>
<kw name="Run Keyword If" owner="BuiltIn">
<kw name="Should Be True" owner="BuiltIn">
<arg>${True}</arg>
<doc>Fails if the given condition is not true.</doc>
<status status="PASS" start="2024-07-28T23:15:20.020089" elapsed="0.000143"/>
</kw>
<arg>${json_data["results"][0]["location"]["coordinates"]["latitude"]} &gt;= -90 and ${json_data["results"][0]["location"]["coordinates"]["latitude"]} &lt;= 90</arg>
<arg>Should Be True</arg>
<arg>${True}</arg>
<doc>Runs the given keyword with the given arguments, if ``condition`` is true.</doc>
<status status="PASS" start="2024-07-28T23:15:20.019343" elapsed="0.001013"/>
</kw>
<kw name="Run Keyword If" owner="BuiltIn">
<kw name="Should Be True" owner="BuiltIn">
<arg>${True}</arg>
<doc>Fails if the given condition is not true.</doc>
<status status="PASS" start="2024-07-28T23:15:20.021223" elapsed="0.000134"/>
</kw>
<arg>${json_data["results"][0]["location"]["coordinates"]["longitude"]} &gt;= -180 and ${json_data["results"][0]["location"]["coordinates"]["longitude"]} &lt;= 180</arg>
<arg>Should Be True</arg>
<arg>${True}</arg>
<doc>Runs the given keyword with the given arguments, if ``condition`` is true.</doc>
<status status="PASS" start="2024-07-28T23:15:20.020536" elapsed="0.000941"/>
</kw>
<status status="PASS" start="2024-07-28T23:15:19.924443" elapsed="0.097159"/>
</kw>
<doc>Testa o conteúdo específico dos campos retornados pela API.</doc>
<tag>testeConteudo</tag>
<status status="PASS" start="2024-07-28T23:15:19.923963" elapsed="0.097777"/>
</test>
<status status="PASS" start="2024-07-28T23:15:19.182803" elapsed="0.840863"/>
</suite>
<status status="PASS" start="2024-07-28T23:15:19.168345" elapsed="0.860305"/>
</suite>
<statistics>
<total>
<stat pass="5" fail="0" skip="0">All Tests</stat>
</total>
<tag>
<stat pass="1" fail="0" skip="0">testeConteudo</stat>
<stat pass="1" fail="0" skip="0">testeEstruturaResposta</stat>
<stat pass="1" fail="0" skip="0">testeRequisicaoBasica</stat>
<stat pass="1" fail="0" skip="0">testeTiposDados</stat>
</tag>
<suite>
<stat pass="5" fail="0" skip="0" id="s1" name="Tests">Tests</stat>
<stat pass="5" fail="0" skip="0" id="s1-s1" name="Random-User-Test">Tests.Random-User-Test</stat>
</suite>
</statistics>
<errors>
</errors>
</robot>
