<?xml version="1.0" encoding="UTF-8"?>
<robot generator="Robot 7.0.1 (Python 3.12.4 on linux)" generated="2024-07-17T13:18:09.805381" rpa="false" schemaversion="5">
<suite id="s1" name="Tests" source="/home/runner/work/ApiRandomUser/ApiRandomUser/RamdonUser/tests">
<suite id="s1-s1" name="Random-User-Test" source="/home/runner/work/ApiRandomUser/ApiRandomUser/RamdonUser/tests/random-user-test.robot">
<test id="s1-s1-t1" name="Conectar" line="13">
<kw name="Conectar API" owner="random-user-service">
<kw name="Create Session" owner="RequestsLibrary">
<msg time="2024-07-17T13:18:10.234645" level="INFO">Creating Session using : alias=consultarAPI, url=https://randomuser.me/, headers={},                     cookies={}, auth=None, timeout=None, proxies=None, verify=False,                     debug=0 </msg>
<arg>consultarAPI</arg>
<arg>${URL}</arg>
<doc>Create Session: create a HTTP session to a server</doc>
<status status="PASS" start="2024-07-17T13:18:10.234434" elapsed="0.000400"/>
</kw>
<status status="PASS" start="2024-07-17T13:18:10.233375" elapsed="0.001827"/>
</kw>
<status status="PASS" start="2024-07-17T13:18:10.232647" elapsed="0.002750"/>
</test>
<test id="s1-s1-t2" name="Validar retorno 200 e JSON Válido" line="16">
<kw name="Teste de Requisicao Basica" owner="random-user-service">
<kw name="GET On Session" owner="RequestsLibrary">
<msg time="2024-07-17T13:18:10.325513" level="INFO">GET Request : url=https://randomuser.me/api 
 path_url=/api 
 headers={'User-Agent': 'python-requests/2.32.3', 'Accept-Encoding': 'gzip, deflate', 'Accept': '*/*', 'Connection': 'keep-alive'} 
 body=None 
 </msg>
<msg time="2024-07-17T13:18:10.325663" level="INFO">GET Response : url=https://randomuser.me/api 
 status=200, reason=OK 
 headers={'Date': 'Wed, 17 Jul 2024 13:18:10 GMT', 'Content-Type': 'application/json; charset=utf-8', 'Transfer-Encoding': 'chunked', 'Connection': 'keep-alive', 'X-Powered-By': 'Express', 'Access-Control-Allow-Origin': '*', 'Cache-Control': 'no-cache', 'ETag': 'W/"47d-g5lQYCTlYodoBe/sVB1Q1hGI/0U"', 'Vary': 'Accept-Encoding', 'Content-Encoding': 'gzip', 'CF-Cache-Status': 'DYNAMIC', 'Report-To': '{"endpoints":[{"url":"https:\\/\\/a.nel.cloudflare.com\\/report\\/v4?s=GSpfpLm4LLAvYpk8NrRz%2BZui275KH%2F5YHfJOKWnczVzEz9sgZiERWH3s7mh5NwOgwh7MnbBwKMqdpu2E%2FL2UBG9fxzznVZvFREUT3fBfvuAIaRYsekHMO1BGehxAxpLu"}],"group":"cf-nel","max_age":604800}', 'NEL': '{"success_fraction":0,"report_to":"cf-nel","max_age":604800}', 'Server': 'cloudflare', 'CF-RAY': '8a4a84323d93639c-ORD', 'alt-svc': 'h3=":443"; ma=86400'} 
 body={"results":[{"gender":"female","name":{"title":"Ms","first":"Lara","last":"Raja"},"location":{"street":{"number":9912,"name":"Husebybakken"},"city":"Bremanger","state":"Sogn og Fjordane","country":"Norway","postcode":"4519","coordinates":{"latitude":"44.5191","longitude":"121.2769"},"timezone":{"offset":"+6:00","description":"Almaty, Dhaka, Colombo"}},"email":"lara.raja@example.com","login":{"uuid":"8aecf51b-446a-479c-a1d8-199bd422e386","username":"orangebird649","password":"sprite","salt":"qxODJVxh","md5":"4748058dfab843bbf09b793bfca9dad2","sha1":"212f64dee8dff207d659f0da09a5c59189a8fbac","sha256":"4d1ba2b142f47f481e07ee80d0cee2ab837d73f0026e9c613a0b07559bf74a40"},"dob":{"date":"1978-03-04T15:35:53.216Z","age":46},"registered":{"date":"2016-10-29T10:32:58.801Z","age":7},"phone":"31192540","cell":"95838746","id":{"name":"FN","value":"04037833873"},"picture":{"large":"https://randomuser.me/api/portraits/women/83.jpg","medium":"https://randomuser.me/api/portraits/med/women/83.jpg","thumbnail":"https://randomuser.me/api/portraits/thumb/women/83.jpg"},"nat":"NO"}],"info":{"seed":"a519ec97e295d513","results":1,"page":1,"version":"1.4"}} 
 </msg>
<msg time="2024-07-17T13:18:10.325748" level="INFO">/opt/hostedtoolcache/Python/3.12.4/x64/lib/python3.12/site-packages/urllib3/connectionpool.py:1099: InsecureRequestWarning: Unverified HTTPS request is being made to host 'randomuser.me'. Adding certificate verification is strongly advised. See: https://urllib3.readthedocs.io/en/latest/advanced-usage.html#tls-warnings
  warnings.warn(</msg>
<msg time="2024-07-17T13:18:10.325894" level="INFO">${response} = &lt;Response [200]&gt;</msg>
<var>${response}</var>
<arg>consultarAPI</arg>
<arg>/api</arg>
<doc>Sends a GET request on a previously created HTTP Session.</doc>
<status status="PASS" start="2024-07-17T13:18:10.237973" elapsed="0.087964"/>
</kw>
<kw name="Should Be Equal As Numbers" owner="BuiltIn">
<msg time="2024-07-17T13:18:10.326933" level="INFO">Argument types are:
&lt;class 'int'&gt;
&lt;class 'str'&gt;</msg>
<arg>${response.status_code}</arg>
<arg>200</arg>
<doc>Fails if objects are unequal after converting them to real numbers.</doc>
<status status="PASS" start="2024-07-17T13:18:10.326477" elapsed="0.000519"/>
</kw>
<kw name="Log" owner="BuiltIn">
<msg time="2024-07-17T13:18:10.327703" level="INFO">200</msg>
<arg>${response.status_code}</arg>
<doc>Logs the given message with the given level.</doc>
<status status="PASS" start="2024-07-17T13:18:10.327311" elapsed="0.000434"/>
</kw>
<kw name="Set Variable" owner="BuiltIn">
<msg time="2024-07-17T13:18:10.328470" level="INFO">${json_data} = {'results': [{'gender': 'female', 'name': {'title': 'Ms', 'first': 'Lara', 'last': 'Raja'}, 'location': {'street': {'number': 9912, 'name': 'Husebybakken'}, 'city': 'Bremanger', 'state': 'Sogn og Fjor...</msg>
<var>${json_data}</var>
<arg>${response.json()}</arg>
<doc>Returns the given values which can then be assigned to a variables.</doc>
<status status="PASS" start="2024-07-17T13:18:10.328046" elapsed="0.000452"/>
</kw>
<kw name="Dictionary Should Contain Key" owner="Collections">
<arg>${json_data}</arg>
<arg>results</arg>
<doc>Fails if ``key`` is not found from ``dictionary``.</doc>
<status status="PASS" start="2024-07-17T13:18:10.328790" elapsed="0.000168"/>
</kw>
<status status="PASS" start="2024-07-17T13:18:10.237728" elapsed="0.091380"/>
</kw>
<doc>Testa se a API responde corretamente e retorna um objeto JSON válido.</doc>
<tag>testeRequisicaoBasica</tag>
<status status="PASS" start="2024-07-17T13:18:10.237285" elapsed="0.092001"/>
</test>
<test id="s1-s1-t3" name="Validar estrutura de resposta" line="22">
<kw name="Teste de Estrutura de Resposta" owner="random-user-service">
<kw name="GET On Session" owner="RequestsLibrary">
<msg time="2024-07-17T13:18:10.425685" level="INFO">GET Request : url=https://randomuser.me/api 
 path_url=/api 
 headers={'User-Agent': 'python-requests/2.32.3', 'Accept-Encoding': 'gzip, deflate', 'Accept': '*/*', 'Connection': 'keep-alive'} 
 body=None 
 </msg>
<msg time="2024-07-17T13:18:10.425787" level="INFO">GET Response : url=https://randomuser.me/api 
 status=200, reason=OK 
 headers={'Date': 'Wed, 17 Jul 2024 13:18:10 GMT', 'Content-Type': 'application/json; charset=utf-8', 'Transfer-Encoding': 'chunked', 'Connection': 'keep-alive', 'X-Powered-By': 'Express', 'Access-Control-Allow-Origin': '*', 'Cache-Control': 'no-cache', 'ETag': 'W/"484-FhoSWbu7SG3acnIjchkL2X+CsGQ"', 'Vary': 'Accept-Encoding', 'Content-Encoding': 'gzip', 'CF-Cache-Status': 'DYNAMIC', 'Report-To': '{"endpoints":[{"url":"https:\\/\\/a.nel.cloudflare.com\\/report\\/v4?s=lyQxeXVKPPr5yqh2KghSMOiY3yRNo2a8Xi2EeQfYAG3AUIYoEVfRh4Oqv7tginsgG6li7qN2UF0pm74xpe%2BVYYxAKASN4Ia3E4mTewyM%2F61IqrDETjTL%2F%2BzL02xiHmB7"}],"group":"cf-nel","max_age":604800}', 'NEL': '{"success_fraction":0,"report_to":"cf-nel","max_age":604800}', 'Server': 'cloudflare', 'CF-RAY': '8a4a84329dfc639c-ORD', 'alt-svc': 'h3=":443"; ma=86400'} 
 body={"results":[{"gender":"male","name":{"title":"Mr","first":"Jesse","last":"Lehto"},"location":{"street":{"number":214,"name":"Visiokatu"},"city":"Liminka","state":"Åland","country":"Finland","postcode":99853,"coordinates":{"latitude":"-29.5500","longitude":"-118.4022"},"timezone":{"offset":"+2:00","description":"Kaliningrad, South Africa"}},"email":"jesse.lehto@example.com","login":{"uuid":"4780f7ff-4bf9-4a42-9841-a047be632827","username":"crazybutterfly717","password":"madison1","salt":"rR0LQtjf","md5":"a19455b919400698ed4099679fd0f87e","sha1":"b815ca2e39bc97c2986fd871b7facb4e8f2b238b","sha256":"56fbc26bcac365b2c2d011a553cdf9c296829534eec132f171534bdfd5fd671f"},"dob":{"date":"1945-06-03T01:57:38.588Z","age":79},"registered":{"date":"2007-05-13T04:21:07.325Z","age":17},"phone":"07-841-151","cell":"044-248-42-49","id":{"name":"HETU","value":"NaNNA719undefined"},"picture":{"large":"https://randomuser.me/api/portraits/men/45.jpg","medium":"https://randomuser.me/api/portraits/med/men/45.jpg","thumbnail":"https://randomuser.me/api/portraits/thumb/men/45.jpg"},"nat":"FI"}],"info":{"seed":"4b018209165a4cbd","results":1,"page":1,"version":"1.4"}} 
 </msg>
<msg time="2024-07-17T13:18:10.425926" level="INFO">/opt/hostedtoolcache/Python/3.12.4/x64/lib/python3.12/site-packages/urllib3/connectionpool.py:1099: InsecureRequestWarning: Unverified HTTPS request is being made to host 'randomuser.me'. Adding certificate verification is strongly advised. See: https://urllib3.readthedocs.io/en/latest/advanced-usage.html#tls-warnings
  warnings.warn(</msg>
<msg time="2024-07-17T13:18:10.426059" level="INFO">${response} = &lt;Response [200]&gt;</msg>
<var>${response}</var>
<arg>consultarAPI</arg>
<arg>/api</arg>
<doc>Sends a GET request on a previously created HTTP Session.</doc>
<status status="PASS" start="2024-07-17T13:18:10.331858" elapsed="0.094242"/>
</kw>
<kw name="Set Variable" owner="BuiltIn">
<msg time="2024-07-17T13:18:10.427105" level="INFO">${json_data} = {'results': [{'gender': 'male', 'name': {'title': 'Mr', 'first': 'Jesse', 'last': 'Lehto'}, 'location': {'street': {'number': 214, 'name': 'Visiokatu'}, 'city': 'Liminka', 'state': 'Åland', 'country':...</msg>
<var>${json_data}</var>
<arg>${response.json()}</arg>
<doc>Returns the given values which can then be assigned to a variables.</doc>
<status status="PASS" start="2024-07-17T13:18:10.426598" elapsed="0.000536"/>
</kw>
<kw name="Log" owner="BuiltIn">
<msg time="2024-07-17T13:18:10.427646" level="INFO">{'results': [{'gender': 'male', 'name': {'title': 'Mr', 'first': 'Jesse', 'last': 'Lehto'}, 'location': {'street': {'number': 214, 'name': 'Visiokatu'}, 'city': 'Liminka', 'state': 'Åland', 'country': 'Finland', 'postcode': 99853, 'coordinates': {'latitude': '-29.5500', 'longitude': '-118.4022'}, 'timezone': {'offset': '+2:00', 'description': 'Kaliningrad, South Africa'}}, 'email': 'jesse.lehto@example.com', 'login': {'uuid': '4780f7ff-4bf9-4a42-9841-a047be632827', 'username': 'crazybutterfly717', 'password': 'madison1', 'salt': 'rR0LQtjf', 'md5': 'a19455b919400698ed4099679fd0f87e', 'sha1': 'b815ca2e39bc97c2986fd871b7facb4e8f2b238b', 'sha256': '56fbc26bcac365b2c2d011a553cdf9c296829534eec132f171534bdfd5fd671f'}, 'dob': {'date': '1945-06-03T01:57:38.588Z', 'age': 79}, 'registered': {'date': '2007-05-13T04:21:07.325Z', 'age': 17}, 'phone': '07-841-151', 'cell': '044-248-42-49', 'id': {'name': 'HETU', 'value': 'NaNNA719undefined'}, 'picture': {'large': 'https://randomuser.me/api/portraits/men/45.jpg', 'medium': 'https://randomuser.me/api/portraits/med/men/45.jpg', 'thumbnail': 'https://randomuser.me/api/portraits/thumb/men/45.jpg'}, 'nat': 'FI'}], 'info': {'seed': '4b018209165a4cbd', 'results': 1, 'page': 1, 'version': '1.4'}}</msg>
<arg>${json_data}</arg>
<doc>Logs the given message with the given level.</doc>
<status status="PASS" start="2024-07-17T13:18:10.427476" elapsed="0.000219"/>
</kw>
<kw name="Dictionary Should Contain Key" owner="Collections">
<arg>${json_data}</arg>
<arg>results</arg>
<doc>Fails if ``key`` is not found from ``dictionary``.</doc>
<status status="PASS" start="2024-07-17T13:18:10.427995" elapsed="0.000158"/>
</kw>
<kw name="Should Not Be Empty" owner="BuiltIn">
<msg time="2024-07-17T13:18:10.428466" level="INFO">Length is 2.</msg>
<arg>${json_data}</arg>
<doc>Verifies that the given item is not empty.</doc>
<status status="PASS" start="2024-07-17T13:18:10.428334" elapsed="0.000170"/>
</kw>
<kw name="Create List" owner="BuiltIn">
<msg time="2024-07-17T13:18:10.429090" level="INFO">${expected_keys} = ['gender', 'name', 'location', 'email', 'login']</msg>
<var>${expected_keys}</var>
<arg>gender</arg>
<arg>name</arg>
<arg>location</arg>
<arg>email</arg>
<arg>login</arg>
<doc>Returns a list containing given items.</doc>
<status status="PASS" start="2024-07-17T13:18:10.428786" elapsed="0.000329"/>
</kw>
<for flavor="IN">
<iter>
<kw name="Dictionary Should Contain Key" owner="Collections">
<arg>${json_data['results'][0]}</arg>
<arg>${key}</arg>
<doc>Fails if ``key`` is not found from ``dictionary``.</doc>
<status status="PASS" start="2024-07-17T13:18:10.429693" elapsed="0.000391"/>
</kw>
<kw name="Log" owner="BuiltIn">
<msg time="2024-07-17T13:18:10.430628" level="INFO">{'gender': 'male', 'name': {'title': 'Mr', 'first': 'Jesse', 'last': 'Lehto'}, 'location': {'street': {'number': 214, 'name': 'Visiokatu'}, 'city': 'Liminka', 'state': 'Åland', 'country': 'Finland', 'postcode': 99853, 'coordinates': {'latitude': '-29.5500', 'longitude': '-118.4022'}, 'timezone': {'offset': '+2:00', 'description': 'Kaliningrad, South Africa'}}, 'email': 'jesse.lehto@example.com', 'login': {'uuid': '4780f7ff-4bf9-4a42-9841-a047be632827', 'username': 'crazybutterfly717', 'password': 'madison1', 'salt': 'rR0LQtjf', 'md5': 'a19455b919400698ed4099679fd0f87e', 'sha1': 'b815ca2e39bc97c2986fd871b7facb4e8f2b238b', 'sha256': '56fbc26bcac365b2c2d011a553cdf9c296829534eec132f171534bdfd5fd671f'}, 'dob': {'date': '1945-06-03T01:57:38.588Z', 'age': 79}, 'registered': {'date': '2007-05-13T04:21:07.325Z', 'age': 17}, 'phone': '07-841-151', 'cell': '044-248-42-49', 'id': {'name': 'HETU', 'value': 'NaNNA719undefined'}, 'picture': {'large': 'https://randomuser.me/api/portraits/men/45.jpg', 'medium': 'https://randomuser.me/api/portraits/med/men/45.jpg', 'thumbnail': 'https://randomuser.me/api/portraits/thumb/men/45.jpg'}, 'nat': 'FI'}</msg>
<arg>${json_data['results'][0]}</arg>
<doc>Logs the given message with the given level.</doc>
<status status="PASS" start="2024-07-17T13:18:10.430266" elapsed="0.000410"/>
</kw>
<kw name="Log" owner="BuiltIn">
<msg time="2024-07-17T13:18:10.431098" level="INFO">gender</msg>
<arg>${key}</arg>
<doc>Logs the given message with the given level.</doc>
<status status="PASS" start="2024-07-17T13:18:10.430972" elapsed="0.000163"/>
</kw>
<var name="${key}">gender</var>
<status status="PASS" start="2024-07-17T13:18:10.429571" elapsed="0.001783"/>
</iter>
<iter>
<kw name="Dictionary Should Contain Key" owner="Collections">
<arg>${json_data['results'][0]}</arg>
<arg>${key}</arg>
<doc>Fails if ``key`` is not found from ``dictionary``.</doc>
<status status="PASS" start="2024-07-17T13:18:10.431666" elapsed="0.000383"/>
</kw>
<kw name="Log" owner="BuiltIn">
<msg time="2024-07-17T13:18:10.432576" level="INFO">{'gender': 'male', 'name': {'title': 'Mr', 'first': 'Jesse', 'last': 'Lehto'}, 'location': {'street': {'number': 214, 'name': 'Visiokatu'}, 'city': 'Liminka', 'state': 'Åland', 'country': 'Finland', 'postcode': 99853, 'coordinates': {'latitude': '-29.5500', 'longitude': '-118.4022'}, 'timezone': {'offset': '+2:00', 'description': 'Kaliningrad, South Africa'}}, 'email': 'jesse.lehto@example.com', 'login': {'uuid': '4780f7ff-4bf9-4a42-9841-a047be632827', 'username': 'crazybutterfly717', 'password': 'madison1', 'salt': 'rR0LQtjf', 'md5': 'a19455b919400698ed4099679fd0f87e', 'sha1': 'b815ca2e39bc97c2986fd871b7facb4e8f2b238b', 'sha256': '56fbc26bcac365b2c2d011a553cdf9c296829534eec132f171534bdfd5fd671f'}, 'dob': {'date': '1945-06-03T01:57:38.588Z', 'age': 79}, 'registered': {'date': '2007-05-13T04:21:07.325Z', 'age': 17}, 'phone': '07-841-151', 'cell': '044-248-42-49', 'id': {'name': 'HETU', 'value': 'NaNNA719undefined'}, 'picture': {'large': 'https://randomuser.me/api/portraits/men/45.jpg', 'medium': 'https://randomuser.me/api/portraits/med/men/45.jpg', 'thumbnail': 'https://randomuser.me/api/portraits/thumb/men/45.jpg'}, 'nat': 'FI'}</msg>
<arg>${json_data['results'][0]}</arg>
<doc>Logs the given message with the given level.</doc>
<status status="PASS" start="2024-07-17T13:18:10.432228" elapsed="0.000428"/>
</kw>
<kw name="Log" owner="BuiltIn">
<msg time="2024-07-17T13:18:10.433076" level="INFO">name</msg>
<arg>${key}</arg>
<doc>Logs the given message with the given level.</doc>
<status status="PASS" start="2024-07-17T13:18:10.432952" elapsed="0.000161"/>
</kw>
<var name="${key}">name</var>
<status status="PASS" start="2024-07-17T13:18:10.431555" elapsed="0.001770"/>
</iter>
<iter>
<kw name="Dictionary Should Contain Key" owner="Collections">
<arg>${json_data['results'][0]}</arg>
<arg>${key}</arg>
<doc>Fails if ``key`` is not found from ``dictionary``.</doc>
<status status="PASS" start="2024-07-17T13:18:10.433605" elapsed="0.000373"/>
</kw>
<kw name="Log" owner="BuiltIn">
<msg time="2024-07-17T13:18:10.434496" level="INFO">{'gender': 'male', 'name': {'title': 'Mr', 'first': 'Jesse', 'last': 'Lehto'}, 'location': {'street': {'number': 214, 'name': 'Visiokatu'}, 'city': 'Liminka', 'state': 'Åland', 'country': 'Finland', 'postcode': 99853, 'coordinates': {'latitude': '-29.5500', 'longitude': '-118.4022'}, 'timezone': {'offset': '+2:00', 'description': 'Kaliningrad, South Africa'}}, 'email': 'jesse.lehto@example.com', 'login': {'uuid': '4780f7ff-4bf9-4a42-9841-a047be632827', 'username': 'crazybutterfly717', 'password': 'madison1', 'salt': 'rR0LQtjf', 'md5': 'a19455b919400698ed4099679fd0f87e', 'sha1': 'b815ca2e39bc97c2986fd871b7facb4e8f2b238b', 'sha256': '56fbc26bcac365b2c2d011a553cdf9c296829534eec132f171534bdfd5fd671f'}, 'dob': {'date': '1945-06-03T01:57:38.588Z', 'age': 79}, 'registered': {'date': '2007-05-13T04:21:07.325Z', 'age': 17}, 'phone': '07-841-151', 'cell': '044-248-42-49', 'id': {'name': 'HETU', 'value': 'NaNNA719undefined'}, 'picture': {'large': 'https://randomuser.me/api/portraits/men/45.jpg', 'medium': 'https://randomuser.me/api/portraits/med/men/45.jpg', 'thumbnail': 'https://randomuser.me/api/portraits/thumb/men/45.jpg'}, 'nat': 'FI'}</msg>
<arg>${json_data['results'][0]}</arg>
<doc>Logs the given message with the given level.</doc>
<status status="PASS" start="2024-07-17T13:18:10.434154" elapsed="0.000390"/>
</kw>
<kw name="Log" owner="BuiltIn">
<msg time="2024-07-17T13:18:10.434963" level="INFO">location</msg>
<arg>${key}</arg>
<doc>Logs the given message with the given level.</doc>
<status status="PASS" start="2024-07-17T13:18:10.434836" elapsed="0.000164"/>
</kw>
<var name="${key}">location</var>
<status status="PASS" start="2024-07-17T13:18:10.433499" elapsed="0.001713"/>
</iter>
<iter>
<kw name="Dictionary Should Contain Key" owner="Collections">
<arg>${json_data['results'][0]}</arg>
<arg>${key}</arg>
<doc>Fails if ``key`` is not found from ``dictionary``.</doc>
<status status="PASS" start="2024-07-17T13:18:10.435535" elapsed="0.000390"/>
</kw>
<kw name="Log" owner="BuiltIn">
<msg time="2024-07-17T13:18:10.436467" level="INFO">{'gender': 'male', 'name': {'title': 'Mr', 'first': 'Jesse', 'last': 'Lehto'}, 'location': {'street': {'number': 214, 'name': 'Visiokatu'}, 'city': 'Liminka', 'state': 'Åland', 'country': 'Finland', 'postcode': 99853, 'coordinates': {'latitude': '-29.5500', 'longitude': '-118.4022'}, 'timezone': {'offset': '+2:00', 'description': 'Kaliningrad, South Africa'}}, 'email': 'jesse.lehto@example.com', 'login': {'uuid': '4780f7ff-4bf9-4a42-9841-a047be632827', 'username': 'crazybutterfly717', 'password': 'madison1', 'salt': 'rR0LQtjf', 'md5': 'a19455b919400698ed4099679fd0f87e', 'sha1': 'b815ca2e39bc97c2986fd871b7facb4e8f2b238b', 'sha256': '56fbc26bcac365b2c2d011a553cdf9c296829534eec132f171534bdfd5fd671f'}, 'dob': {'date': '1945-06-03T01:57:38.588Z', 'age': 79}, 'registered': {'date': '2007-05-13T04:21:07.325Z', 'age': 17}, 'phone': '07-841-151', 'cell': '044-248-42-49', 'id': {'name': 'HETU', 'value': 'NaNNA719undefined'}, 'picture': {'large': 'https://randomuser.me/api/portraits/men/45.jpg', 'medium': 'https://randomuser.me/api/portraits/med/men/45.jpg', 'thumbnail': 'https://randomuser.me/api/portraits/thumb/men/45.jpg'}, 'nat': 'FI'}</msg>
<arg>${json_data['results'][0]}</arg>
<doc>Logs the given message with the given level.</doc>
<status status="PASS" start="2024-07-17T13:18:10.436111" elapsed="0.000406"/>
</kw>
<kw name="Log" owner="BuiltIn">
<msg time="2024-07-17T13:18:10.436965" level="INFO">email</msg>
<arg>${key}</arg>
<doc>Logs the given message with the given level.</doc>
<status status="PASS" start="2024-07-17T13:18:10.436832" elapsed="0.000172"/>
</kw>
<var name="${key}">email</var>
<status status="PASS" start="2024-07-17T13:18:10.435389" elapsed="0.001830"/>
</iter>
<iter>
<kw name="Dictionary Should Contain Key" owner="Collections">
<arg>${json_data['results'][0]}</arg>
<arg>${key}</arg>
<doc>Fails if ``key`` is not found from ``dictionary``.</doc>
<status status="PASS" start="2024-07-17T13:18:10.437500" elapsed="0.000383"/>
</kw>
<kw name="Log" owner="BuiltIn">
<msg time="2024-07-17T13:18:10.438411" level="INFO">{'gender': 'male', 'name': {'title': 'Mr', 'first': 'Jesse', 'last': 'Lehto'}, 'location': {'street': {'number': 214, 'name': 'Visiokatu'}, 'city': 'Liminka', 'state': 'Åland', 'country': 'Finland', 'postcode': 99853, 'coordinates': {'latitude': '-29.5500', 'longitude': '-118.4022'}, 'timezone': {'offset': '+2:00', 'description': 'Kaliningrad, South Africa'}}, 'email': 'jesse.lehto@example.com', 'login': {'uuid': '4780f7ff-4bf9-4a42-9841-a047be632827', 'username': 'crazybutterfly717', 'password': 'madison1', 'salt': 'rR0LQtjf', 'md5': 'a19455b919400698ed4099679fd0f87e', 'sha1': 'b815ca2e39bc97c2986fd871b7facb4e8f2b238b', 'sha256': '56fbc26bcac365b2c2d011a553cdf9c296829534eec132f171534bdfd5fd671f'}, 'dob': {'date': '1945-06-03T01:57:38.588Z', 'age': 79}, 'registered': {'date': '2007-05-13T04:21:07.325Z', 'age': 17}, 'phone': '07-841-151', 'cell': '044-248-42-49', 'id': {'name': 'HETU', 'value': 'NaNNA719undefined'}, 'picture': {'large': 'https://randomuser.me/api/portraits/men/45.jpg', 'medium': 'https://randomuser.me/api/portraits/med/men/45.jpg', 'thumbnail': 'https://randomuser.me/api/portraits/thumb/men/45.jpg'}, 'nat': 'FI'}</msg>
<arg>${json_data['results'][0]}</arg>
<doc>Logs the given message with the given level.</doc>
<status status="PASS" start="2024-07-17T13:18:10.438061" elapsed="0.000408"/>
</kw>
<kw name="Log" owner="BuiltIn">
<msg time="2024-07-17T13:18:10.438885" level="INFO">login</msg>
<arg>${key}</arg>
<doc>Logs the given message with the given level.</doc>
<status status="PASS" start="2024-07-17T13:18:10.438758" elapsed="0.000164"/>
</kw>
<var name="${key}">login</var>
<status status="PASS" start="2024-07-17T13:18:10.437388" elapsed="0.001747"/>
</iter>
<var>${key}</var>
<value>@{expected_keys}</value>
<status status="PASS" start="2024-07-17T13:18:10.429378" elapsed="0.009875"/>
</for>
<kw name="Create List" owner="BuiltIn">
<msg time="2024-07-17T13:18:10.439608" level="INFO">${expected_keysTwo} = ['username', 'password']</msg>
<var>${expected_keysTwo}</var>
<arg>username</arg>
<arg>password</arg>
<doc>Returns a list containing given items.</doc>
<status status="PASS" start="2024-07-17T13:18:10.439462" elapsed="0.000170"/>
</kw>
<for flavor="IN">
<iter>
<kw name="Dictionary Should Contain Key" owner="Collections">
<arg>${json_data['results'][0]['login']}</arg>
<arg>${keyTwo}</arg>
<doc>Fails if ``key`` is not found from ``dictionary``.</doc>
<status status="PASS" start="2024-07-17T13:18:10.440145" elapsed="0.000383"/>
</kw>
<kw name="Dictionary Should Contain Key" owner="Collections">
<arg>${json_data['results'][0]['login']}</arg>
<arg>${keyTwo}</arg>
<doc>Fails if ``key`` is not found from ``dictionary``.</doc>
<status status="PASS" start="2024-07-17T13:18:10.440706" elapsed="0.000364"/>
</kw>
<kw name="Log" owner="BuiltIn">
<msg time="2024-07-17T13:18:10.441368" level="INFO">username</msg>
<arg>${keyTwo}</arg>
<doc>Logs the given message with the given level.</doc>
<status status="PASS" start="2024-07-17T13:18:10.441249" elapsed="0.000156"/>
</kw>
<var name="${keyTwo}">username</var>
<status status="PASS" start="2024-07-17T13:18:10.440038" elapsed="0.001584"/>
</iter>
<iter>
<kw name="Dictionary Should Contain Key" owner="Collections">
<arg>${json_data['results'][0]['login']}</arg>
<arg>${keyTwo}</arg>
<doc>Fails if ``key`` is not found from ``dictionary``.</doc>
<status status="PASS" start="2024-07-17T13:18:10.441896" elapsed="0.000383"/>
</kw>
<kw name="Dictionary Should Contain Key" owner="Collections">
<arg>${json_data['results'][0]['login']}</arg>
<arg>${keyTwo}</arg>
<doc>Fails if ``key`` is not found from ``dictionary``.</doc>
<status status="PASS" start="2024-07-17T13:18:10.442456" elapsed="0.000364"/>
</kw>
<kw name="Log" owner="BuiltIn">
<msg time="2024-07-17T13:18:10.443114" level="INFO">password</msg>
<arg>${keyTwo}</arg>
<doc>Logs the given message with the given level.</doc>
<status status="PASS" start="2024-07-17T13:18:10.442998" elapsed="0.000157"/>
</kw>
<var name="${keyTwo}">password</var>
<status status="PASS" start="2024-07-17T13:18:10.441791" elapsed="0.001704"/>
</iter>
<var>${keyTwo}</var>
<value>@{expected_keysTwo}</value>
<status status="PASS" start="2024-07-17T13:18:10.439888" elapsed="0.003730"/>
</for>
<status status="PASS" start="2024-07-17T13:18:10.331625" elapsed="0.112130"/>
</kw>
<doc>Testa a estrutura da resposta da API.</doc>
<tag>testeEstruturaResposta</tag>
<status status="PASS" start="2024-07-17T13:18:10.331094" elapsed="0.112813"/>
</test>
<test id="s1-s1-t4" name="Validar tipos de dados" line="28">
<kw name="Teste de Tipos de Dados" owner="random-user-service">
<kw name="GET On Session" owner="RequestsLibrary">
<msg time="2024-07-17T13:18:10.523746" level="INFO">GET Request : url=https://randomuser.me/api 
 path_url=/api 
 headers={'User-Agent': 'python-requests/2.32.3', 'Accept-Encoding': 'gzip, deflate', 'Accept': '*/*', 'Connection': 'keep-alive'} 
 body=None 
 </msg>
<msg time="2024-07-17T13:18:10.523841" level="INFO">GET Response : url=https://randomuser.me/api 
 status=200, reason=OK 
 headers={'Date': 'Wed, 17 Jul 2024 13:18:10 GMT', 'Content-Type': 'application/json; charset=utf-8', 'Transfer-Encoding': 'chunked', 'Connection': 'keep-alive', 'X-Powered-By': 'Express', 'Access-Control-Allow-Origin': '*', 'Cache-Control': 'no-cache', 'ETag': 'W/"47f-85r9gde0dhRLgJBedRzXgok4KXg"', 'Vary': 'Accept-Encoding', 'Content-Encoding': 'gzip', 'CF-Cache-Status': 'DYNAMIC', 'Report-To': '{"endpoints":[{"url":"https:\\/\\/a.nel.cloudflare.com\\/report\\/v4?s=8nkDJW2KkDAjFaDj7HZ8e5Grk13HuKALmRTKBTtJm%2BJ4uVNLkCQ1040FN2bDevyGmbzqTtXwddiYsb5ApCb9sbxwuJ1UvIEWFkB7X%2FGj7tBgdHbq3kBYimPwwk%2F8X%2FoT"}],"group":"cf-nel","max_age":604800}', 'NEL': '{"success_fraction":0,"report_to":"cf-nel","max_age":604800}', 'Server': 'cloudflare', 'CF-RAY': '8a4a84334ec1639c-ORD', 'alt-svc': 'h3=":443"; ma=86400'} 
 body={"results":[{"gender":"male","name":{"title":"Mr","first":"Dani","last":"Nordtveit"},"location":{"street":{"number":1672,"name":"Furubråtveien"},"city":"Glærem","state":"Sogn og Fjordane","country":"Norway","postcode":"0771","coordinates":{"latitude":"38.6993","longitude":"-31.4769"},"timezone":{"offset":"+2:00","description":"Kaliningrad, South Africa"}},"email":"dani.nordtveit@example.com","login":{"uuid":"298233b6-783e-43f0-9022-8b8d3db0ed3b","username":"blackdog590","password":"1974","salt":"CIo4n8cL","md5":"970dffca14ca9aded5bf9c8bd450c516","sha1":"1e4a47a161bfa18de08f7f5897f59c9a75183981","sha256":"1e039bd113b59b33919adcbfc9f1eaa0de75a7eea49b514cfe18491b1bc8fdd9"},"dob":{"date":"1986-08-16T02:26:26.062Z","age":37},"registered":{"date":"2012-08-10T16:03:50.365Z","age":11},"phone":"38709817","cell":"49071029","id":{"name":"FN","value":"16088606322"},"picture":{"large":"https://randomuser.me/api/portraits/men/81.jpg","medium":"https://randomuser.me/api/portraits/med/men/81.jpg","thumbnail":"https://randomuser.me/api/portraits/thumb/men/81.jpg"},"nat":"NO"}],"info":{"seed":"25ac3ca878da3be5","results":1,"page":1,"version":"1.4"}} 
 </msg>
<msg time="2024-07-17T13:18:10.523912" level="INFO">/opt/hostedtoolcache/Python/3.12.4/x64/lib/python3.12/site-packages/urllib3/connectionpool.py:1099: InsecureRequestWarning: Unverified HTTPS request is being made to host 'randomuser.me'. Adding certificate verification is strongly advised. See: https://urllib3.readthedocs.io/en/latest/advanced-usage.html#tls-warnings
  warnings.warn(</msg>
<msg time="2024-07-17T13:18:10.524023" level="INFO">${response} = &lt;Response [200]&gt;</msg>
<var>${response}</var>
<arg>consultarAPI</arg>
<arg>/api</arg>
<doc>Sends a GET request on a previously created HTTP Session.</doc>
<status status="PASS" start="2024-07-17T13:18:10.446320" elapsed="0.077728"/>
</kw>
<kw name="Set Variable" owner="BuiltIn">
<msg time="2024-07-17T13:18:10.525105" level="INFO">${json_data} = {'results': [{'gender': 'male', 'name': {'title': 'Mr', 'first': 'Dani', 'last': 'Nordtveit'}, 'location': {'street': {'number': 1672, 'name': 'Furubråtveien'}, 'city': 'Glærem', 'state': 'Sogn og Fjo...</msg>
<var>${json_data}</var>
<arg>${response.json()}</arg>
<doc>Returns the given values which can then be assigned to a variables.</doc>
<status status="PASS" start="2024-07-17T13:18:10.524570" elapsed="0.000566"/>
</kw>
<kw name="Log" owner="BuiltIn">
<msg time="2024-07-17T13:18:10.525635" level="INFO">{'results': [{'gender': 'male', 'name': {'title': 'Mr', 'first': 'Dani', 'last': 'Nordtveit'}, 'location': {'street': {'number': 1672, 'name': 'Furubråtveien'}, 'city': 'Glærem', 'state': 'Sogn og Fjordane', 'country': 'Norway', 'postcode': '0771', 'coordinates': {'latitude': '38.6993', 'longitude': '-31.4769'}, 'timezone': {'offset': '+2:00', 'description': 'Kaliningrad, South Africa'}}, 'email': 'dani.nordtveit@example.com', 'login': {'uuid': '298233b6-783e-43f0-9022-8b8d3db0ed3b', 'username': 'blackdog590', 'password': '1974', 'salt': 'CIo4n8cL', 'md5': '970dffca14ca9aded5bf9c8bd450c516', 'sha1': '1e4a47a161bfa18de08f7f5897f59c9a75183981', 'sha256': '1e039bd113b59b33919adcbfc9f1eaa0de75a7eea49b514cfe18491b1bc8fdd9'}, 'dob': {'date': '1986-08-16T02:26:26.062Z', 'age': 37}, 'registered': {'date': '2012-08-10T16:03:50.365Z', 'age': 11}, 'phone': '38709817', 'cell': '49071029', 'id': {'name': 'FN', 'value': '16088606322'}, 'picture': {'large': 'https://randomuser.me/api/portraits/men/81.jpg', 'medium': 'https://randomuser.me/api/portraits/med/men/81.jpg', 'thumbnail': 'https://randomuser.me/api/portraits/thumb/men/81.jpg'}, 'nat': 'NO'}], 'info': {'seed': '25ac3ca878da3be5', 'results': 1, 'page': 1, 'version': '1.4'}}</msg>
<arg>${json_data}</arg>
<doc>Logs the given message with the given level.</doc>
<status status="PASS" start="2024-07-17T13:18:10.525470" elapsed="0.000217"/>
</kw>
<kw name="Should Be String" owner="String">
<arg>${json_data['results'][0]['gender']}</arg>
<doc>Fails if the given ``item`` is not a string.</doc>
<status status="PASS" start="2024-07-17T13:18:10.525993" elapsed="0.000365"/>
</kw>
<kw name="Should Match Regexp" owner="BuiltIn">
<arg>${json_data['results'][0]['email']}</arg>
<arg>^[a-zA-Z0-9._%+-]+@[a-zA-Z0-9.-]+\.[a-zA-Z]{2,}$</arg>
<doc>Fails if ``string`` does not match ``pattern`` as a regular expression.</doc>
<status status="PASS" start="2024-07-17T13:18:10.526550" elapsed="0.000526"/>
</kw>
<kw name="Should Match Regexp" owner="BuiltIn">
<arg>${json_data['results'][0]['dob']['date']}</arg>
<arg>\\d{4}-\\d{2}-\\d{2}T\\d{2}:\\d{2}:\\d{2}\\.\\d{3}Z</arg>
<doc>Fails if ``string`` does not match ``pattern`` as a regular expression.</doc>
<status status="PASS" start="2024-07-17T13:18:10.527313" elapsed="0.000552"/>
</kw>
<kw name="Should Match Regexp" owner="BuiltIn">
<arg>${json_data['results'][0]['registered']['date']}</arg>
<arg>\\d{4}-\\d{2}-\\d{2}T\\d{2}:\\d{2}:\\d{2}\\.\\d{3}Z</arg>
<doc>Fails if ``string`` does not match ``pattern`` as a regular expression.</doc>
<status status="PASS" start="2024-07-17T13:18:10.528061" elapsed="0.000372"/>
</kw>
<kw name="Should Match Regexp" owner="BuiltIn">
<arg>${json_data['results'][0]['picture']['large']}</arg>
<arg>^https?://.*\.(?:png|jpe?g|gif|bmp)$</arg>
<doc>Fails if ``string`` does not match ``pattern`` as a regular expression.</doc>
<status status="PASS" start="2024-07-17T13:18:10.528618" elapsed="0.000457"/>
</kw>
<kw name="Should Match Regexp" owner="BuiltIn">
<arg>${json_data['results'][0]['picture']['medium']}</arg>
<arg>^https?://.*\.(?:png|jpe?g|gif|bmp)$</arg>
<doc>Fails if ``string`` does not match ``pattern`` as a regular expression.</doc>
<status status="PASS" start="2024-07-17T13:18:10.529260" elapsed="0.000348"/>
</kw>
<kw name="Should Match Regexp" owner="BuiltIn">
<arg>${json_data['results'][0]['picture']['thumbnail']}</arg>
<arg>^https?://.*\.(?:png|jpe?g|gif|bmp)$</arg>
<doc>Fails if ``string`` does not match ``pattern`` as a regular expression.</doc>
<status status="PASS" start="2024-07-17T13:18:10.529789" elapsed="0.000347"/>
</kw>
<kw name="Log" owner="BuiltIn">
<msg time="2024-07-17T13:18:10.530647" level="INFO">{'large': 'https://randomuser.me/api/portraits/men/81.jpg', 'medium': 'https://randomuser.me/api/portraits/med/men/81.jpg', 'thumbnail': 'https://randomuser.me/api/portraits/thumb/men/81.jpg'}</msg>
<arg>${json_data['results'][0]['picture']}</arg>
<doc>Logs the given message with the given level.</doc>
<status status="PASS" start="2024-07-17T13:18:10.530318" elapsed="0.000371"/>
</kw>
<status status="PASS" start="2024-07-17T13:18:10.446099" elapsed="0.084848"/>
</kw>
<kw name="Teste de Tipos de Dados - Postcode" owner="random-user-service">
<kw name="GET On Session" owner="RequestsLibrary">
<msg time="2024-07-17T13:18:10.617962" level="INFO">GET Request : url=https://randomuser.me/api 
 path_url=/api 
 headers={'User-Agent': 'python-requests/2.32.3', 'Accept-Encoding': 'gzip, deflate', 'Accept': '*/*', 'Connection': 'keep-alive'} 
 body=None 
 </msg>
<msg time="2024-07-17T13:18:10.618059" level="INFO">GET Response : url=https://randomuser.me/api 
 status=200, reason=OK 
 headers={'Date': 'Wed, 17 Jul 2024 13:18:10 GMT', 'Content-Type': 'application/json; charset=utf-8', 'Transfer-Encoding': 'chunked', 'Connection': 'keep-alive', 'X-Powered-By': 'Express', 'Access-Control-Allow-Origin': '*', 'Cache-Control': 'no-cache', 'ETag': 'W/"49f-1vTPlPiY2L+UMFcmoB99Q/ChU94"', 'Vary': 'Accept-Encoding', 'Content-Encoding': 'gzip', 'CF-Cache-Status': 'DYNAMIC', 'Report-To': '{"endpoints":[{"url":"https:\\/\\/a.nel.cloudflare.com\\/report\\/v4?s=XKVvi28zjrO%2FVeoCs0KOlzn%2BLeL3turdpyf7d2PfX7eH9PxFkmI%2FKJEQpliZWIv3IohnhIJTK7TjXvWNVsJbYHY75%2F6%2B1vIjDKpUXTMa%2FHNOrE5suNtEC3xwCymrhH8V"}],"group":"cf-nel","max_age":604800}', 'NEL': '{"success_fraction":0,"report_to":"cf-nel","max_age":604800}', 'Server': 'cloudflare', 'CF-RAY': '8a4a8433df57639c-ORD', 'alt-svc': 'h3=":443"; ma=86400'} 
 body={"results":[{"gender":"male","name":{"title":"Mr","first":"Rasmus","last":"Haataja"},"location":{"street":{"number":9034,"name":"Myllypuronkatu"},"city":"Ranua","state":"Päijät-Häme","country":"Finland","postcode":10315,"coordinates":{"latitude":"-27.2714","longitude":"-108.6195"},"timezone":{"offset":"+3:00","description":"Baghdad, Riyadh, Moscow, St. Petersburg"}},"email":"rasmus.haataja@example.com","login":{"uuid":"c18e7b90-831b-4fb1-9fe3-75da6e0a3742","username":"tinyelephant545","password":"zaqwsx","salt":"FogT9Qe2","md5":"5edd6dfb3b81e494f01850eb0d6303f7","sha1":"06ef022c2d327b6b389b78524ab250b381b237c7","sha256":"dbd095fa5e075691ac4c3dc79784ab3e7220f157bcff23463134b1a252c07701"},"dob":{"date":"1962-11-02T02:26:44.625Z","age":61},"registered":{"date":"2019-08-16T04:30:54.425Z","age":4},"phone":"05-806-242","cell":"041-136-65-70","id":{"name":"HETU","value":"NaNNA067undefined"},"picture":{"large":"https://randomuser.me/api/portraits/men/67.jpg","medium":"https://randomuser.me/api/portraits/med/men/67.jpg","thumbnail":"https://randomuser.me/api/portraits/thumb/men/67.jpg"},"nat":"FI"}],"info":{"seed":"bc682bcdf849bd16","results":1,"page":1,"version":"1.4"}} 
 </msg>
<msg time="2024-07-17T13:18:10.618129" level="INFO">/opt/hostedtoolcache/Python/3.12.4/x64/lib/python3.12/site-packages/urllib3/connectionpool.py:1099: InsecureRequestWarning: Unverified HTTPS request is being made to host 'randomuser.me'. Adding certificate verification is strongly advised. See: https://urllib3.readthedocs.io/en/latest/advanced-usage.html#tls-warnings
  warnings.warn(</msg>
<msg time="2024-07-17T13:18:10.618246" level="INFO">${response} = &lt;Response [200]&gt;</msg>
<var>${response}</var>
<arg>consultarAPI</arg>
<arg>/api</arg>
<doc>Sends a GET request on a previously created HTTP Session.</doc>
<status status="PASS" start="2024-07-17T13:18:10.531414" elapsed="0.086866"/>
</kw>
<kw name="Set Variable" owner="BuiltIn">
<msg time="2024-07-17T13:18:10.619322" level="INFO">${json_data} = {'results': [{'gender': 'male', 'name': {'title': 'Mr', 'first': 'Rasmus', 'last': 'Haataja'}, 'location': {'street': {'number': 9034, 'name': 'Myllypuronkatu'}, 'city': 'Ranua', 'state': 'Päijät-Häme...</msg>
<var>${json_data}</var>
<arg>${response.json()}</arg>
<doc>Returns the given values which can then be assigned to a variables.</doc>
<status status="PASS" start="2024-07-17T13:18:10.618807" elapsed="0.000544"/>
</kw>
<kw name="Log" owner="BuiltIn">
<msg time="2024-07-17T13:18:10.619861" level="INFO">{'results': [{'gender': 'male', 'name': {'title': 'Mr', 'first': 'Rasmus', 'last': 'Haataja'}, 'location': {'street': {'number': 9034, 'name': 'Myllypuronkatu'}, 'city': 'Ranua', 'state': 'Päijät-Häme', 'country': 'Finland', 'postcode': 10315, 'coordinates': {'latitude': '-27.2714', 'longitude': '-108.6195'}, 'timezone': {'offset': '+3:00', 'description': 'Baghdad, Riyadh, Moscow, St. Petersburg'}}, 'email': 'rasmus.haataja@example.com', 'login': {'uuid': 'c18e7b90-831b-4fb1-9fe3-75da6e0a3742', 'username': 'tinyelephant545', 'password': 'zaqwsx', 'salt': 'FogT9Qe2', 'md5': '5edd6dfb3b81e494f01850eb0d6303f7', 'sha1': '06ef022c2d327b6b389b78524ab250b381b237c7', 'sha256': 'dbd095fa5e075691ac4c3dc79784ab3e7220f157bcff23463134b1a252c07701'}, 'dob': {'date': '1962-11-02T02:26:44.625Z', 'age': 61}, 'registered': {'date': '2019-08-16T04:30:54.425Z', 'age': 4}, 'phone': '05-806-242', 'cell': '041-136-65-70', 'id': {'name': 'HETU', 'value': 'NaNNA067undefined'}, 'picture': {'large': 'https://randomuser.me/api/portraits/men/67.jpg', 'medium': 'https://randomuser.me/api/portraits/med/men/67.jpg', 'thumbnail': 'https://randomuser.me/api/portraits/thumb/men/67.jpg'}, 'nat': 'FI'}], 'info': {'seed': 'bc682bcdf849bd16', 'results': 1, 'page': 1, 'version': '1.4'}}</msg>
<arg>${json_data}</arg>
<doc>Logs the given message with the given level.</doc>
<status status="PASS" start="2024-07-17T13:18:10.619699" elapsed="0.000222"/>
</kw>
<kw name="Should Be Equal As Numbers" owner="BuiltIn">
<arg>${json_data['results'][0]['location']['postcode']}</arg>
<arg>${json_data['results'][0]['location']['postcode']}</arg>
<doc>Fails if objects are unequal after converting them to real numbers.</doc>
<status status="PASS" start="2024-07-17T13:18:10.620212" elapsed="0.000623"/>
</kw>
<kw name="Log" owner="BuiltIn">
<msg time="2024-07-17T13:18:10.621533" level="INFO">10315</msg>
<arg>${json_data['results'][0]['location']['postcode']}</arg>
<doc>Logs the given message with the given level.</doc>
<status status="PASS" start="2024-07-17T13:18:10.621022" elapsed="0.000551"/>
</kw>
<status status="PASS" start="2024-07-17T13:18:10.531182" elapsed="0.090674"/>
</kw>
<doc>Testa se os tipos de dados na resposta da API estão corretos.</doc>
<tag>testeTiposDados</tag>
<status status="PASS" start="2024-07-17T13:18:10.445657" elapsed="0.176369"/>
</test>
<test id="s1-s1-t5" name="Validar conteudo" line="35">
<kw name="Teste de Tipos de Conteudo" owner="random-user-service">
<kw name="GET On Session" owner="RequestsLibrary">
<msg time="2024-07-17T13:18:10.722150" level="INFO">GET Request : url=https://randomuser.me/api 
 path_url=/api 
 headers={'User-Agent': 'python-requests/2.32.3', 'Accept-Encoding': 'gzip, deflate', 'Accept': '*/*', 'Connection': 'keep-alive'} 
 body=None 
 </msg>
<msg time="2024-07-17T13:18:10.722248" level="INFO">GET Response : url=https://randomuser.me/api 
 status=200, reason=OK 
 headers={'Date': 'Wed, 17 Jul 2024 13:18:10 GMT', 'Content-Type': 'application/json; charset=utf-8', 'Transfer-Encoding': 'chunked', 'Connection': 'keep-alive', 'X-Powered-By': 'Express', 'Access-Control-Allow-Origin': '*', 'Cache-Control': 'no-cache', 'ETag': 'W/"47d-g5lQYCTlYodoBe/sVB1Q1hGI/0U"', 'Vary': 'Accept-Encoding', 'Content-Encoding': 'gzip', 'CF-Cache-Status': 'DYNAMIC', 'Report-To': '{"endpoints":[{"url":"https:\\/\\/a.nel.cloudflare.com\\/report\\/v4?s=D0LEm6GJa9D1vUkO%2BmFp9Y9H%2FRzKP0AyFWEi7tBD%2B9LpOCsgRwO0ZhXYvS0TgyF5EDzeMVeEQeQhc04cbKaL7dZ5NAR31OwjW96g0%2BQqbUkmhxObnATj2MK3YLokEwPD"}],"group":"cf-nel","max_age":604800}', 'NEL': '{"success_fraction":0,"report_to":"cf-nel","max_age":604800}', 'Server': 'cloudflare', 'CF-RAY': '8a4a84346ff7639c-ORD', 'alt-svc': 'h3=":443"; ma=86400'} 
 body={"results":[{"gender":"female","name":{"title":"Ms","first":"Lara","last":"Raja"},"location":{"street":{"number":9912,"name":"Husebybakken"},"city":"Bremanger","state":"Sogn og Fjordane","country":"Norway","postcode":"4519","coordinates":{"latitude":"44.5191","longitude":"121.2769"},"timezone":{"offset":"+6:00","description":"Almaty, Dhaka, Colombo"}},"email":"lara.raja@example.com","login":{"uuid":"8aecf51b-446a-479c-a1d8-199bd422e386","username":"orangebird649","password":"sprite","salt":"qxODJVxh","md5":"4748058dfab843bbf09b793bfca9dad2","sha1":"212f64dee8dff207d659f0da09a5c59189a8fbac","sha256":"4d1ba2b142f47f481e07ee80d0cee2ab837d73f0026e9c613a0b07559bf74a40"},"dob":{"date":"1978-03-04T15:35:53.216Z","age":46},"registered":{"date":"2016-10-29T10:32:58.801Z","age":7},"phone":"31192540","cell":"95838746","id":{"name":"FN","value":"04037833873"},"picture":{"large":"https://randomuser.me/api/portraits/women/83.jpg","medium":"https://randomuser.me/api/portraits/med/women/83.jpg","thumbnail":"https://randomuser.me/api/portraits/thumb/women/83.jpg"},"nat":"NO"}],"info":{"seed":"a519ec97e295d513","results":1,"page":1,"version":"1.4"}} 
 </msg>
<msg time="2024-07-17T13:18:10.722319" level="INFO">/opt/hostedtoolcache/Python/3.12.4/x64/lib/python3.12/site-packages/urllib3/connectionpool.py:1099: InsecureRequestWarning: Unverified HTTPS request is being made to host 'randomuser.me'. Adding certificate verification is strongly advised. See: https://urllib3.readthedocs.io/en/latest/advanced-usage.html#tls-warnings
  warnings.warn(</msg>
<msg time="2024-07-17T13:18:10.722438" level="INFO">${response} = &lt;Response [200]&gt;</msg>
<var>${response}</var>
<arg>consultarAPI</arg>
<arg>/api</arg>
<doc>Sends a GET request on a previously created HTTP Session.</doc>
<status status="PASS" start="2024-07-17T13:18:10.624912" elapsed="0.097564"/>
</kw>
<kw name="Set Variable" owner="BuiltIn">
<msg time="2024-07-17T13:18:10.723547" level="INFO">${json_data} = {'results': [{'gender': 'female', 'name': {'title': 'Ms', 'first': 'Lara', 'last': 'Raja'}, 'location': {'street': {'number': 9912, 'name': 'Husebybakken'}, 'city': 'Bremanger', 'state': 'Sogn og Fjor...</msg>
<var>${json_data}</var>
<arg>${response.json()}</arg>
<doc>Returns the given values which can then be assigned to a variables.</doc>
<status status="PASS" start="2024-07-17T13:18:10.723003" elapsed="0.000572"/>
</kw>
<kw name="Set Variable" owner="BuiltIn">
<msg time="2024-07-17T13:18:10.724272" level="INFO">${name_title} = Ms</msg>
<var>${name_title}</var>
<arg>${json_data["results"][0]["name"]["title"]}</arg>
<doc>Returns the given values which can then be assigned to a variables.</doc>
<status status="PASS" start="2024-07-17T13:18:10.723884" elapsed="0.000414"/>
</kw>
<kw name="Create List" owner="BuiltIn">
<msg time="2024-07-17T13:18:10.724743" level="INFO">${allowed_titles} = ['Mr', 'Ms', 'Miss', 'Mrs', 'Madame', 'Monsieur']</msg>
<var>${allowed_titles}</var>
<arg>Mr</arg>
<arg>Ms</arg>
<arg>Miss</arg>
<arg>Mrs</arg>
<arg>Madame</arg>
<arg>Monsieur</arg>
<doc>Returns a list containing given items.</doc>
<status status="PASS" start="2024-07-17T13:18:10.724595" elapsed="0.000173"/>
</kw>
<kw name="List Should Contain Value" owner="Collections">
<arg>${allowed_titles}</arg>
<arg>${name_title}</arg>
<doc>Fails if the ``value`` is not found from ``list``.</doc>
<status status="PASS" start="2024-07-17T13:18:10.725079" elapsed="0.000177"/>
</kw>
<kw name="Set Variable" owner="BuiltIn">
<msg time="2024-07-17T13:18:10.725804" level="INFO">${name_country} = NO</msg>
<var>${name_country}</var>
<arg>${json_data["results"][0]["nat"]}</arg>
<doc>Returns the given values which can then be assigned to a variables.</doc>
<status status="PASS" start="2024-07-17T13:18:10.725434" elapsed="0.000395"/>
</kw>
<kw name="Create List" owner="BuiltIn">
<msg time="2024-07-17T13:18:10.726713" level="INFO">${list_country} = ['AD', 'AE', 'AF', 'AG', 'AI', 'AL', 'AM', 'AO', 'AQ', 'AR', 'AS', 'AT', 'AU', 'AW', 'AX', 'AZ', 'BA', 'BB', 'BD', 'BE', 'BF', 'BG', 'BH', 'BI', 'BJ', 'BL', 'BM', 'BN', 'BO', 'BQ', 'BR', 'BS', 'BT', '...</msg>
<var>${list_country}</var>
<arg>AD</arg>
<arg>AE</arg>
<arg>AF</arg>
<arg>AG</arg>
<arg>AI</arg>
<arg>AL</arg>
<arg>AM</arg>
<arg>AO</arg>
<arg>AQ</arg>
<arg>AR</arg>
<arg>AS</arg>
<arg>AT</arg>
<arg>AU</arg>
<arg>AW</arg>
<arg>AX</arg>
<arg>AZ</arg>
<arg>BA</arg>
<arg>BB</arg>
<arg>BD</arg>
<arg>BE</arg>
<arg>BF</arg>
<arg>BG</arg>
<arg>BH</arg>
<arg>BI</arg>
<arg>BJ</arg>
<arg>BL</arg>
<arg>BM</arg>
<arg>BN</arg>
<arg>BO</arg>
<arg>BQ</arg>
<arg>BR</arg>
<arg>BS</arg>
<arg>BT</arg>
<arg>BV</arg>
<arg>BW</arg>
<arg>BY</arg>
<arg>BZ</arg>
<arg>CA</arg>
<arg>CC</arg>
<arg>CD</arg>
<arg>CF</arg>
<arg>CG</arg>
<arg>CH</arg>
<arg>CI</arg>
<arg>CK</arg>
<arg>CL</arg>
<arg>CM</arg>
<arg>CN</arg>
<arg>CO</arg>
<arg>CR</arg>
<arg>CU</arg>
<arg>CV</arg>
<arg>CW</arg>
<arg>CX</arg>
<arg>CY</arg>
<arg>CZ</arg>
<arg>DE</arg>
<arg>DJ</arg>
<arg>DK</arg>
<arg>DM</arg>
<arg>DO</arg>
<arg>DZ</arg>
<arg>EC</arg>
<arg>EE</arg>
<arg>EG</arg>
<arg>EH</arg>
<arg>ER</arg>
<arg>ES</arg>
<arg>ET</arg>
<arg>FI</arg>
<arg>FJ</arg>
<arg>FK</arg>
<arg>FM</arg>
<arg>FO</arg>
<arg>FR</arg>
<arg>GA</arg>
<arg>GB</arg>
<arg>GD</arg>
<arg>GE</arg>
<arg>GF</arg>
<arg>GG</arg>
<arg>GH</arg>
<arg>GI</arg>
<arg>GL</arg>
<arg>GM</arg>
<arg>GN</arg>
<arg>GP</arg>
<arg>GQ</arg>
<arg>GR</arg>
<arg>GS</arg>
<arg>GT</arg>
<arg>GU</arg>
<arg>GW</arg>
<arg>GY</arg>
<arg>HK</arg>
<arg>HM</arg>
<arg>HN</arg>
<arg>HR</arg>
<arg>HT</arg>
<arg>HU</arg>
<arg>ID</arg>
<arg>IE</arg>
<arg>IL</arg>
<arg>IM</arg>
<arg>IN</arg>
<arg>IO</arg>
<arg>IQ</arg>
<arg>IR</arg>
<arg>IS</arg>
<arg>IT</arg>
<arg>JE</arg>
<arg>JM</arg>
<arg>JO</arg>
<arg>JP</arg>
<arg>KE</arg>
<arg>KG</arg>
<arg>KH</arg>
<arg>KI</arg>
<arg>KM</arg>
<arg>KN</arg>
<arg>KP</arg>
<arg>KR</arg>
<arg>KW</arg>
<arg>KY</arg>
<arg>KZ</arg>
<arg>LA</arg>
<arg>LB</arg>
<arg>LC</arg>
<arg>LI</arg>
<arg>LK</arg>
<arg>LR</arg>
<arg>LS</arg>
<arg>LT</arg>
<arg>LU</arg>
<arg>LV</arg>
<arg>LY</arg>
<arg>MA</arg>
<arg>MC</arg>
<arg>MD</arg>
<arg>ME</arg>
<arg>MF</arg>
<arg>MG</arg>
<arg>MH</arg>
<arg>MK</arg>
<arg>ML</arg>
<arg>MM</arg>
<arg>MN</arg>
<arg>MO</arg>
<arg>MP</arg>
<arg>MQ</arg>
<arg>MR</arg>
<arg>MS</arg>
<arg>MT</arg>
<arg>MU</arg>
<arg>MV</arg>
<arg>MW</arg>
<arg>MX</arg>
<arg>MY</arg>
<arg>MZ</arg>
<arg>NA</arg>
<arg>NC</arg>
<arg>NE</arg>
<arg>NF</arg>
<arg>NG</arg>
<arg>NI</arg>
<arg>NL</arg>
<arg>NO</arg>
<arg>NP</arg>
<arg>NR</arg>
<arg>NU</arg>
<arg>NZ</arg>
<arg>OM</arg>
<arg>PA</arg>
<arg>PE</arg>
<arg>PF</arg>
<arg>PG</arg>
<arg>PH</arg>
<arg>PK</arg>
<arg>PL</arg>
<arg>PM</arg>
<arg>PN</arg>
<arg>PR</arg>
<arg>PS</arg>
<arg>PT</arg>
<arg>PW</arg>
<arg>PY</arg>
<arg>QA</arg>
<arg>RE</arg>
<arg>RO</arg>
<arg>RS</arg>
<arg>RU</arg>
<arg>RW</arg>
<arg>SA</arg>
<arg>SB</arg>
<arg>SC</arg>
<arg>SD</arg>
<arg>SE</arg>
<arg>SG</arg>
<arg>SH</arg>
<arg>SI</arg>
<arg>SJ</arg>
<arg>SK</arg>
<arg>SL</arg>
<arg>SM</arg>
<arg>SN</arg>
<arg>SO</arg>
<arg>SR</arg>
<arg>SS</arg>
<arg>ST</arg>
<arg>SV</arg>
<arg>SX</arg>
<arg>SY</arg>
<arg>SZ</arg>
<arg>TC</arg>
<arg>TD</arg>
<arg>TF</arg>
<arg>TG</arg>
<arg>TH</arg>
<arg>TJ</arg>
<arg>TK</arg>
<arg>TL</arg>
<arg>TM</arg>
<arg>TN</arg>
<arg>TO</arg>
<arg>TR</arg>
<arg>TT</arg>
<arg>TV</arg>
<arg>TW</arg>
<arg>TZ</arg>
<arg>UA</arg>
<arg>UG</arg>
<arg>UM</arg>
<arg>US</arg>
<arg>UY</arg>
<arg>UZ</arg>
<arg>VA</arg>
<arg>VC</arg>
<arg>VE</arg>
<arg>VG</arg>
<arg>VI</arg>
<arg>VN</arg>
<arg>VU</arg>
<arg>WF</arg>
<arg>WS</arg>
<arg>XK</arg>
<arg>YE</arg>
<arg>YT</arg>
<arg>ZA</arg>
<arg>ZM</arg>
<arg>ZW</arg>
<doc>Returns a list containing given items.</doc>
<status status="PASS" start="2024-07-17T13:18:10.726117" elapsed="0.000624"/>
</kw>
<kw name="List Should Contain Value" owner="Collections">
<arg>${list_country}</arg>
<arg>${name_country}</arg>
<doc>Fails if the ``value`` is not found from ``list``.</doc>
<status status="PASS" start="2024-07-17T13:18:10.727573" elapsed="0.000204"/>
</kw>
<kw name="Run Keyword If" owner="BuiltIn">
<kw name="Should Be True" owner="BuiltIn">
<arg>${True}</arg>
<doc>Fails if the given condition is not true.</doc>
<status status="PASS" start="2024-07-17T13:18:10.728697" elapsed="0.000147"/>
</kw>
<arg>${json_data["results"][0]["location"]["coordinates"]["latitude"]} &gt;= -90 and ${json_data["results"][0]["location"]["coordinates"]["latitude"]} &lt;= 90</arg>
<arg>Should Be True</arg>
<arg>${True}</arg>
<doc>Runs the given keyword with the given arguments, if ``condition`` is true.</doc>
<status status="PASS" start="2024-07-17T13:18:10.727971" elapsed="0.000996"/>
</kw>
<kw name="Run Keyword If" owner="BuiltIn">
<kw name="Should Be True" owner="BuiltIn">
<arg>${True}</arg>
<doc>Fails if the given condition is not true.</doc>
<status status="PASS" start="2024-07-17T13:18:10.729835" elapsed="0.000245"/>
</kw>
<arg>${json_data["results"][0]["location"]["coordinates"]["longitude"]} &gt;= -180 and ${json_data["results"][0]["location"]["coordinates"]["longitude"]} &lt;= 180</arg>
<arg>Should Be True</arg>
<arg>${True}</arg>
<doc>Runs the given keyword with the given arguments, if ``condition`` is true.</doc>
<status status="PASS" start="2024-07-17T13:18:10.729142" elapsed="0.001066"/>
</kw>
<status status="PASS" start="2024-07-17T13:18:10.624538" elapsed="0.105802"/>
</kw>
<doc>Testa o conteúdo específico dos campos retornados pela API.</doc>
<tag>testeConteudo</tag>
<status status="PASS" start="2024-07-17T13:18:10.623870" elapsed="0.106618"/>
</test>
<status status="PASS" start="2024-07-17T13:18:09.865890" elapsed="0.866572"/>
</suite>
<status status="PASS" start="2024-07-17T13:18:09.850700" elapsed="0.886667"/>
</suite>
<statistics>
<total>
<stat pass="5" fail="0" skip="0">All Tests</stat>
</total>
<tag>
<stat pass="1" fail="0" skip="0">testeConteudo</stat>
<stat pass="1" fail="0" skip="0">testeEstruturaResposta</stat>
<stat pass="1" fail="0" skip="0">testeRequisicaoBasica</stat>
<stat pass="1" fail="0" skip="0">testeTiposDados</stat>
</tag>
<suite>
<stat pass="5" fail="0" skip="0" id="s1" name="Tests">Tests</stat>
<stat pass="5" fail="0" skip="0" id="s1-s1" name="Random-User-Test">Tests.Random-User-Test</stat>
</suite>
</statistics>
<errors>
</errors>
</robot>
