<?xml version="1.0" encoding="UTF-8"?>
<robot generator="Robot 7.0 (Python 3.12.3 on linux)" generated="2024-05-10T11:12:59.629090" rpa="false" schemaversion="5">
<suite id="s1" name="Tests" source="/home/runner/work/DesafioQAItauRogerioJordao/DesafioQAItauRogerioJordao/RamdonUser/tests">
<suite id="s1-s1" name="Random-User-Test" source="/home/runner/work/DesafioQAItauRogerioJordao/DesafioQAItauRogerioJordao/RamdonUser/tests/random-user-test.robot">
<test id="s1-s1-t1" name="Conectar" line="13">
<kw name="Conectar API" owner="random-user-service">
<kw name="Create Session" owner="RequestsLibrary">
<msg time="2024-05-10T11:12:59.991341" level="INFO">Creating Session using : alias=consultarAPI, url=https://randomuser.me/, headers={},                     cookies={}, auth=None, timeout=None, proxies=None, verify=False,                     debug=0 </msg>
<arg>consultarAPI</arg>
<arg>${URL}</arg>
<doc>Create Session: create a HTTP session to a server</doc>
<status status="PASS" start="2024-05-10T11:12:59.991138" elapsed="0.000383"/>
</kw>
<status status="PASS" start="2024-05-10T11:12:59.990173" elapsed="0.001711"/>
</kw>
<status status="PASS" start="2024-05-10T11:12:59.989600" elapsed="0.002483"/>
</test>
<test id="s1-s1-t2" name="Validar retorno 200 e JSON Válido" line="16">
<kw name="Teste de Requisicao Basica" owner="random-user-service">
<kw name="GET On Session" owner="RequestsLibrary">
<msg time="2024-05-10T11:13:00.192953" level="INFO">GET Request : url=https://randomuser.me/api 
 path_url=/api 
 headers={'User-Agent': 'python-requests/2.31.0', 'Accept-Encoding': 'gzip, deflate', 'Accept': '*/*', 'Connection': 'keep-alive'} 
 body=None 
 </msg>
<msg time="2024-05-10T11:13:00.193121" level="INFO">GET Response : url=https://randomuser.me/api 
 status=200, reason=OK 
 headers={'Date': 'Fri, 10 May 2024 11:13:00 GMT', 'Content-Type': 'application/json; charset=utf-8', 'Transfer-Encoding': 'chunked', 'Connection': 'keep-alive', 'X-Powered-By': 'Express', 'Access-Control-Allow-Origin': '*', 'Cache-Control': 'no-cache', 'ETag': 'W/"498-R/9jqvZquE0zXRKAJ779lpRjE3g"', 'Vary': 'Accept-Encoding', 'Content-Encoding': 'gzip', 'CF-Cache-Status': 'DYNAMIC', 'Report-To': '{"endpoints":[{"url":"https:\\/\\/a.nel.cloudflare.com\\/report\\/v4?s=m5XLi7IV5LAM%2FGVhymSqxaG9%2BCdEcWYIH7fiBx8VvP6siW8qC7aubDGvLOV8Oh1lwExbnBMPOOT7ogLYTLYsYW%2FJBMFAABPo3UicVr4fIEV%2BdEmqfFReWsivzVHOURYn"}],"group":"cf-nel","max_age":604800}', 'NEL': '{"success_fraction":0,"report_to":"cf-nel","max_age":604800}', 'Server': 'cloudflare', 'CF-RAY': '88197f57db1b3b18-IAD', 'alt-svc': 'h3=":443"; ma=86400'} 
 body={"results":[{"gender":"male","name":{"title":"Mr","first":"Dustin","last":"Howard"},"location":{"street":{"number":8328,"name":"Blossom Hill Rd"},"city":"Bendigo","state":"Tasmania","country":"Australia","postcode":210,"coordinates":{"latitude":"-89.6530","longitude":"-126.8909"},"timezone":{"offset":"0:00","description":"Western Europe Time, London, Lisbon, Casablanca"}},"email":"dustin.howard@example.com","login":{"uuid":"467d02bf-206c-4dda-a946-e6e4126ed51f","username":"crazygorilla894","password":"mazda","salt":"lcxU31PQ","md5":"10d15014e4dd3199b801bdd40c0a5a2f","sha1":"fd28e4a5e7ca989f89c1307442f51de3783703d7","sha256":"05611186c7a7fb1ae1f87d7b8b3e2e474994c4a51a0ab31b23ff5390a33c689c"},"dob":{"date":"1966-10-05T08:29:58.416Z","age":57},"registered":{"date":"2020-09-20T20:52:50.956Z","age":3},"phone":"01-1498-3196","cell":"0426-097-004","id":{"name":"TFN","value":"554481343"},"picture":{"large":"https://randomuser.me/api/portraits/men/26.jpg","medium":"https://randomuser.me/api/portraits/med/men/26.jpg","thumbnail":"https://randomuser.me/api/portraits/thumb/men/26.jpg"},"nat":"AU"}],"info":{"seed":"353109c7928b1943","results":1,"page":1,"version":"1.4"}} 
 </msg>
<msg time="2024-05-10T11:13:00.193209" level="INFO">/opt/hostedtoolcache/Python/3.12.3/x64/lib/python3.12/site-packages/urllib3/connectionpool.py:1103: InsecureRequestWarning: Unverified HTTPS request is being made to host 'randomuser.me'. Adding certificate verification is strongly advised. See: https://urllib3.readthedocs.io/en/latest/advanced-usage.html#tls-warnings
  warnings.warn(</msg>
<msg time="2024-05-10T11:13:00.193376" level="INFO">${response} = &lt;Response [200]&gt;</msg>
<var>${response}</var>
<arg>consultarAPI</arg>
<arg>/api</arg>
<doc>Sends a GET request on a previously created HTTP Session.</doc>
<status status="PASS" start="2024-05-10T11:12:59.994719" elapsed="0.198699"/>
</kw>
<kw name="Should Be Equal As Numbers" owner="BuiltIn">
<msg time="2024-05-10T11:13:00.194457" level="INFO">Argument types are:
&lt;class 'int'&gt;
&lt;class 'str'&gt;</msg>
<arg>${response.status_code}</arg>
<arg>200</arg>
<doc>Fails if objects are unequal after converting them to real numbers.</doc>
<status status="PASS" start="2024-05-10T11:13:00.193976" elapsed="0.000550"/>
</kw>
<kw name="Log" owner="BuiltIn">
<msg time="2024-05-10T11:13:00.195285" level="INFO">200</msg>
<arg>${response.status_code}</arg>
<doc>Logs the given message with the given level.</doc>
<status status="PASS" start="2024-05-10T11:13:00.194911" elapsed="0.000417"/>
</kw>
<kw name="Set Variable" owner="BuiltIn">
<msg time="2024-05-10T11:13:00.196100" level="INFO">${json_data} = {'results': [{'gender': 'male', 'name': {'title': 'Mr', 'first': 'Dustin', 'last': 'Howard'}, 'location': {'street': {'number': 8328, 'name': 'Blossom Hill Rd'}, 'city': 'Bendigo', 'state': 'Tasmania'...</msg>
<var>${json_data}</var>
<arg>${response.json()}</arg>
<doc>Returns the given values which can then be assigned to a variables.</doc>
<status status="PASS" start="2024-05-10T11:13:00.195645" elapsed="0.000485"/>
</kw>
<kw name="Dictionary Should Contain Key" owner="Collections">
<msg time="2024-05-10T11:13:00.196609" level="INFO">False</msg>
<arg>${json_data}</arg>
<arg>results</arg>
<doc>Fails if ``key`` is not found from ``dictionary``.</doc>
<status status="PASS" start="2024-05-10T11:13:00.196437" elapsed="0.000213"/>
</kw>
<status status="PASS" start="2024-05-10T11:12:59.994473" elapsed="0.202442"/>
</kw>
<doc>Testa se a API responde corretamente e retorna um objeto JSON válido.</doc>
<tag>testeRequisicaoBasica</tag>
<status status="PASS" start="2024-05-10T11:12:59.994016" elapsed="0.203093"/>
</test>
<test id="s1-s1-t3" name="Validar estrutura de resposta" line="22">
<kw name="Teste de Estrutura de Resposta" owner="random-user-service">
<kw name="GET On Session" owner="RequestsLibrary">
<msg time="2024-05-10T11:13:00.296921" level="INFO">GET Request : url=https://randomuser.me/api 
 path_url=/api 
 headers={'User-Agent': 'python-requests/2.31.0', 'Accept-Encoding': 'gzip, deflate', 'Accept': '*/*', 'Connection': 'keep-alive'} 
 body=None 
 </msg>
<msg time="2024-05-10T11:13:00.297016" level="INFO">GET Response : url=https://randomuser.me/api 
 status=200, reason=OK 
 headers={'Date': 'Fri, 10 May 2024 11:13:00 GMT', 'Content-Type': 'application/json; charset=utf-8', 'Transfer-Encoding': 'chunked', 'Connection': 'keep-alive', 'X-Powered-By': 'Express', 'Access-Control-Allow-Origin': '*', 'Cache-Control': 'no-cache', 'ETag': 'W/"477-NsHPAJdYUCL+7zGE0xR7brPY/4I"', 'Vary': 'Accept-Encoding', 'Content-Encoding': 'gzip', 'CF-Cache-Status': 'DYNAMIC', 'Report-To': '{"endpoints":[{"url":"https:\\/\\/a.nel.cloudflare.com\\/report\\/v4?s=NWZyLyMLkWuPu%2BporJQqjwChbQPAd5Nu2TPSTj5kaNLIOU%2F4O2TaWHORiKmqLPtLsuLqvZOMq6dmfGMk8C3eRwWZZp0Lu3GzmSUYKZmY8%2FgM2tN0s14sF%2FZRBO%2FHJso4"}],"group":"cf-nel","max_age":604800}', 'NEL': '{"success_fraction":0,"report_to":"cf-nel","max_age":604800}', 'Server': 'cloudflare', 'CF-RAY': '88197f584b873b18-IAD', 'alt-svc': 'h3=":443"; ma=86400'} 
 body={"results":[{"gender":"male","name":{"title":"Mr","first":"Alvin","last":"Reed"},"location":{"street":{"number":4131,"name":"Frederik Glads gate"},"city":"Sylte","state":"Buskerud","country":"Norway","postcode":"0211","coordinates":{"latitude":"44.6533","longitude":"-174.6372"},"timezone":{"offset":"-11:00","description":"Midway Island, Samoa"}},"email":"alvin.reed@example.com","login":{"uuid":"0a063d25-3bcc-43cf-8e41-92c1ced8cab4","username":"goldenbutterfly652","password":"tinman","salt":"mUYXpV8p","md5":"537645beb8d1b91ac1f7e3581811f6fb","sha1":"0af422bcdc2301b4e386b06d7e05ec075c12041d","sha256":"879007bc1af5f24df61b9d3347fb33dc2a61e5c41f155019ce74caf4fc3c0ae0"},"dob":{"date":"1953-09-29T17:25:58.157Z","age":70},"registered":{"date":"2018-07-25T13:50:29.879Z","age":5},"phone":"79857672","cell":"91733583","id":{"name":"FN","value":"29095342564"},"picture":{"large":"https://randomuser.me/api/portraits/men/10.jpg","medium":"https://randomuser.me/api/portraits/med/men/10.jpg","thumbnail":"https://randomuser.me/api/portraits/thumb/men/10.jpg"},"nat":"NO"}],"info":{"seed":"2f85c90dd3d6869a","results":1,"page":1,"version":"1.4"}} 
 </msg>
<msg time="2024-05-10T11:13:00.297149" level="INFO">/opt/hostedtoolcache/Python/3.12.3/x64/lib/python3.12/site-packages/urllib3/connectionpool.py:1103: InsecureRequestWarning: Unverified HTTPS request is being made to host 'randomuser.me'. Adding certificate verification is strongly advised. See: https://urllib3.readthedocs.io/en/latest/advanced-usage.html#tls-warnings
  warnings.warn(</msg>
<msg time="2024-05-10T11:13:00.297291" level="INFO">${response} = &lt;Response [200]&gt;</msg>
<var>${response}</var>
<arg>consultarAPI</arg>
<arg>/api</arg>
<doc>Sends a GET request on a previously created HTTP Session.</doc>
<status status="PASS" start="2024-05-10T11:13:00.199777" elapsed="0.097560"/>
</kw>
<kw name="Set Variable" owner="BuiltIn">
<msg time="2024-05-10T11:13:00.298292" level="INFO">${json_data} = {'results': [{'gender': 'male', 'name': {'title': 'Mr', 'first': 'Alvin', 'last': 'Reed'}, 'location': {'street': {'number': 4131, 'name': 'Frederik Glads gate'}, 'city': 'Sylte', 'state': 'Buskerud',...</msg>
<var>${json_data}</var>
<arg>${response.json()}</arg>
<doc>Returns the given values which can then be assigned to a variables.</doc>
<status status="PASS" start="2024-05-10T11:13:00.297770" elapsed="0.000553"/>
</kw>
<kw name="Log" owner="BuiltIn">
<msg time="2024-05-10T11:13:00.298812" level="INFO">{'results': [{'gender': 'male', 'name': {'title': 'Mr', 'first': 'Alvin', 'last': 'Reed'}, 'location': {'street': {'number': 4131, 'name': 'Frederik Glads gate'}, 'city': 'Sylte', 'state': 'Buskerud', 'country': 'Norway', 'postcode': '0211', 'coordinates': {'latitude': '44.6533', 'longitude': '-174.6372'}, 'timezone': {'offset': '-11:00', 'description': 'Midway Island, Samoa'}}, 'email': 'alvin.reed@example.com', 'login': {'uuid': '0a063d25-3bcc-43cf-8e41-92c1ced8cab4', 'username': 'goldenbutterfly652', 'password': 'tinman', 'salt': 'mUYXpV8p', 'md5': '537645beb8d1b91ac1f7e3581811f6fb', 'sha1': '0af422bcdc2301b4e386b06d7e05ec075c12041d', 'sha256': '879007bc1af5f24df61b9d3347fb33dc2a61e5c41f155019ce74caf4fc3c0ae0'}, 'dob': {'date': '1953-09-29T17:25:58.157Z', 'age': 70}, 'registered': {'date': '2018-07-25T13:50:29.879Z', 'age': 5}, 'phone': '79857672', 'cell': '91733583', 'id': {'name': 'FN', 'value': '29095342564'}, 'picture': {'large': 'https://randomuser.me/api/portraits/men/10.jpg', 'medium': 'https://randomuser.me/api/portraits/med/men/10.jpg', 'thumbnail': 'https://randomuser.me/api/portraits/thumb/men/10.jpg'}, 'nat': 'NO'}], 'info': {'seed': '2f85c90dd3d6869a', 'results': 1, 'page': 1, 'version': '1.4'}}</msg>
<arg>${json_data}</arg>
<doc>Logs the given message with the given level.</doc>
<status status="PASS" start="2024-05-10T11:13:00.298646" elapsed="0.000216"/>
</kw>
<kw name="Dictionary Should Contain Key" owner="Collections">
<msg time="2024-05-10T11:13:00.299324" level="INFO">False</msg>
<arg>${json_data}</arg>
<arg>results</arg>
<doc>Fails if ``key`` is not found from ``dictionary``.</doc>
<status status="PASS" start="2024-05-10T11:13:00.299166" elapsed="0.000197"/>
</kw>
<kw name="Should Not Be Empty" owner="BuiltIn">
<msg time="2024-05-10T11:13:00.299798" level="INFO">Length is 2.</msg>
<arg>${json_data}</arg>
<doc>Verifies that the given item is not empty.</doc>
<status status="PASS" start="2024-05-10T11:13:00.299660" elapsed="0.000178"/>
</kw>
<kw name="Create List" owner="BuiltIn">
<msg time="2024-05-10T11:13:00.300436" level="INFO">${expected_keys} = ['gender', 'name', 'location', 'email', 'login']</msg>
<var>${expected_keys}</var>
<arg>gender</arg>
<arg>name</arg>
<arg>location</arg>
<arg>email</arg>
<arg>login</arg>
<doc>Returns a list containing given items.</doc>
<status status="PASS" start="2024-05-10T11:13:00.300131" elapsed="0.000330"/>
</kw>
<for flavor="IN">
<iter>
<kw name="Dictionary Should Contain Key" owner="Collections">
<msg time="2024-05-10T11:13:00.301471" level="INFO">False</msg>
<arg>${json_data['results'][0]}</arg>
<arg>${key}</arg>
<doc>Fails if ``key`` is not found from ``dictionary``.</doc>
<status status="PASS" start="2024-05-10T11:13:00.301063" elapsed="0.000446"/>
</kw>
<kw name="Log" owner="BuiltIn">
<msg time="2024-05-10T11:13:00.302237" level="INFO">{'gender': 'male', 'name': {'title': 'Mr', 'first': 'Alvin', 'last': 'Reed'}, 'location': {'street': {'number': 4131, 'name': 'Frederik Glads gate'}, 'city': 'Sylte', 'state': 'Buskerud', 'country': 'Norway', 'postcode': '0211', 'coordinates': {'latitude': '44.6533', 'longitude': '-174.6372'}, 'timezone': {'offset': '-11:00', 'description': 'Midway Island, Samoa'}}, 'email': 'alvin.reed@example.com', 'login': {'uuid': '0a063d25-3bcc-43cf-8e41-92c1ced8cab4', 'username': 'goldenbutterfly652', 'password': 'tinman', 'salt': 'mUYXpV8p', 'md5': '537645beb8d1b91ac1f7e3581811f6fb', 'sha1': '0af422bcdc2301b4e386b06d7e05ec075c12041d', 'sha256': '879007bc1af5f24df61b9d3347fb33dc2a61e5c41f155019ce74caf4fc3c0ae0'}, 'dob': {'date': '1953-09-29T17:25:58.157Z', 'age': 70}, 'registered': {'date': '2018-07-25T13:50:29.879Z', 'age': 5}, 'phone': '79857672', 'cell': '91733583', 'id': {'name': 'FN', 'value': '29095342564'}, 'picture': {'large': 'https://randomuser.me/api/portraits/men/10.jpg', 'medium': 'https://randomuser.me/api/portraits/med/men/10.jpg', 'thumbnail': 'https://randomuser.me/api/portraits/thumb/men/10.jpg'}, 'nat': 'NO'}</msg>
<arg>${json_data['results'][0]}</arg>
<doc>Logs the given message with the given level.</doc>
<status status="PASS" start="2024-05-10T11:13:00.301864" elapsed="0.000422"/>
</kw>
<kw name="Log" owner="BuiltIn">
<msg time="2024-05-10T11:13:00.302715" level="INFO">gender</msg>
<arg>${key}</arg>
<doc>Logs the given message with the given level.</doc>
<status status="PASS" start="2024-05-10T11:13:00.302587" elapsed="0.000166"/>
</kw>
<var name="${key}">gender</var>
<status status="PASS" start="2024-05-10T11:13:00.300933" elapsed="0.002038"/>
</iter>
<iter>
<kw name="Dictionary Should Contain Key" owner="Collections">
<msg time="2024-05-10T11:13:00.303674" level="INFO">False</msg>
<arg>${json_data['results'][0]}</arg>
<arg>${key}</arg>
<doc>Fails if ``key`` is not found from ``dictionary``.</doc>
<status status="PASS" start="2024-05-10T11:13:00.303281" elapsed="0.000431"/>
</kw>
<kw name="Log" owner="BuiltIn">
<msg time="2024-05-10T11:13:00.304424" level="INFO">{'gender': 'male', 'name': {'title': 'Mr', 'first': 'Alvin', 'last': 'Reed'}, 'location': {'street': {'number': 4131, 'name': 'Frederik Glads gate'}, 'city': 'Sylte', 'state': 'Buskerud', 'country': 'Norway', 'postcode': '0211', 'coordinates': {'latitude': '44.6533', 'longitude': '-174.6372'}, 'timezone': {'offset': '-11:00', 'description': 'Midway Island, Samoa'}}, 'email': 'alvin.reed@example.com', 'login': {'uuid': '0a063d25-3bcc-43cf-8e41-92c1ced8cab4', 'username': 'goldenbutterfly652', 'password': 'tinman', 'salt': 'mUYXpV8p', 'md5': '537645beb8d1b91ac1f7e3581811f6fb', 'sha1': '0af422bcdc2301b4e386b06d7e05ec075c12041d', 'sha256': '879007bc1af5f24df61b9d3347fb33dc2a61e5c41f155019ce74caf4fc3c0ae0'}, 'dob': {'date': '1953-09-29T17:25:58.157Z', 'age': 70}, 'registered': {'date': '2018-07-25T13:50:29.879Z', 'age': 5}, 'phone': '79857672', 'cell': '91733583', 'id': {'name': 'FN', 'value': '29095342564'}, 'picture': {'large': 'https://randomuser.me/api/portraits/men/10.jpg', 'medium': 'https://randomuser.me/api/portraits/med/men/10.jpg', 'thumbnail': 'https://randomuser.me/api/portraits/thumb/men/10.jpg'}, 'nat': 'NO'}</msg>
<arg>${json_data['results'][0]}</arg>
<doc>Logs the given message with the given level.</doc>
<status status="PASS" start="2024-05-10T11:13:00.304039" elapsed="0.000436"/>
</kw>
<kw name="Log" owner="BuiltIn">
<msg time="2024-05-10T11:13:00.304907" level="INFO">name</msg>
<arg>${key}</arg>
<doc>Logs the given message with the given level.</doc>
<status status="PASS" start="2024-05-10T11:13:00.304778" elapsed="0.000167"/>
</kw>
<var name="${key}">name</var>
<status status="PASS" start="2024-05-10T11:13:00.303162" elapsed="0.001999"/>
</iter>
<iter>
<kw name="Dictionary Should Contain Key" owner="Collections">
<msg time="2024-05-10T11:13:00.305877" level="INFO">False</msg>
<arg>${json_data['results'][0]}</arg>
<arg>${key}</arg>
<doc>Fails if ``key`` is not found from ``dictionary``.</doc>
<status status="PASS" start="2024-05-10T11:13:00.305455" elapsed="0.000461"/>
</kw>
<kw name="Log" owner="BuiltIn">
<msg time="2024-05-10T11:13:00.306633" level="INFO">{'gender': 'male', 'name': {'title': 'Mr', 'first': 'Alvin', 'last': 'Reed'}, 'location': {'street': {'number': 4131, 'name': 'Frederik Glads gate'}, 'city': 'Sylte', 'state': 'Buskerud', 'country': 'Norway', 'postcode': '0211', 'coordinates': {'latitude': '44.6533', 'longitude': '-174.6372'}, 'timezone': {'offset': '-11:00', 'description': 'Midway Island, Samoa'}}, 'email': 'alvin.reed@example.com', 'login': {'uuid': '0a063d25-3bcc-43cf-8e41-92c1ced8cab4', 'username': 'goldenbutterfly652', 'password': 'tinman', 'salt': 'mUYXpV8p', 'md5': '537645beb8d1b91ac1f7e3581811f6fb', 'sha1': '0af422bcdc2301b4e386b06d7e05ec075c12041d', 'sha256': '879007bc1af5f24df61b9d3347fb33dc2a61e5c41f155019ce74caf4fc3c0ae0'}, 'dob': {'date': '1953-09-29T17:25:58.157Z', 'age': 70}, 'registered': {'date': '2018-07-25T13:50:29.879Z', 'age': 5}, 'phone': '79857672', 'cell': '91733583', 'id': {'name': 'FN', 'value': '29095342564'}, 'picture': {'large': 'https://randomuser.me/api/portraits/men/10.jpg', 'medium': 'https://randomuser.me/api/portraits/med/men/10.jpg', 'thumbnail': 'https://randomuser.me/api/portraits/thumb/men/10.jpg'}, 'nat': 'NO'}</msg>
<arg>${json_data['results'][0]}</arg>
<doc>Logs the given message with the given level.</doc>
<status status="PASS" start="2024-05-10T11:13:00.306229" elapsed="0.000457"/>
</kw>
<kw name="Log" owner="BuiltIn">
<msg time="2024-05-10T11:13:00.307141" level="INFO">location</msg>
<arg>${key}</arg>
<doc>Logs the given message with the given level.</doc>
<status status="PASS" start="2024-05-10T11:13:00.307012" elapsed="0.000168"/>
</kw>
<var name="${key}">location</var>
<status status="PASS" start="2024-05-10T11:13:00.305343" elapsed="0.002052"/>
</iter>
<iter>
<kw name="Dictionary Should Contain Key" owner="Collections">
<msg time="2024-05-10T11:13:00.308071" level="INFO">False</msg>
<arg>${json_data['results'][0]}</arg>
<arg>${key}</arg>
<doc>Fails if ``key`` is not found from ``dictionary``.</doc>
<status status="PASS" start="2024-05-10T11:13:00.307684" elapsed="0.000425"/>
</kw>
<kw name="Log" owner="BuiltIn">
<msg time="2024-05-10T11:13:00.308763" level="INFO">{'gender': 'male', 'name': {'title': 'Mr', 'first': 'Alvin', 'last': 'Reed'}, 'location': {'street': {'number': 4131, 'name': 'Frederik Glads gate'}, 'city': 'Sylte', 'state': 'Buskerud', 'country': 'Norway', 'postcode': '0211', 'coordinates': {'latitude': '44.6533', 'longitude': '-174.6372'}, 'timezone': {'offset': '-11:00', 'description': 'Midway Island, Samoa'}}, 'email': 'alvin.reed@example.com', 'login': {'uuid': '0a063d25-3bcc-43cf-8e41-92c1ced8cab4', 'username': 'goldenbutterfly652', 'password': 'tinman', 'salt': 'mUYXpV8p', 'md5': '537645beb8d1b91ac1f7e3581811f6fb', 'sha1': '0af422bcdc2301b4e386b06d7e05ec075c12041d', 'sha256': '879007bc1af5f24df61b9d3347fb33dc2a61e5c41f155019ce74caf4fc3c0ae0'}, 'dob': {'date': '1953-09-29T17:25:58.157Z', 'age': 70}, 'registered': {'date': '2018-07-25T13:50:29.879Z', 'age': 5}, 'phone': '79857672', 'cell': '91733583', 'id': {'name': 'FN', 'value': '29095342564'}, 'picture': {'large': 'https://randomuser.me/api/portraits/men/10.jpg', 'medium': 'https://randomuser.me/api/portraits/med/men/10.jpg', 'thumbnail': 'https://randomuser.me/api/portraits/thumb/men/10.jpg'}, 'nat': 'NO'}</msg>
<arg>${json_data['results'][0]}</arg>
<doc>Logs the given message with the given level.</doc>
<status status="PASS" start="2024-05-10T11:13:00.308407" elapsed="0.000406"/>
</kw>
<kw name="Log" owner="BuiltIn">
<msg time="2024-05-10T11:13:00.309232" level="INFO">email</msg>
<arg>${key}</arg>
<doc>Logs the given message with the given level.</doc>
<status status="PASS" start="2024-05-10T11:13:00.309106" elapsed="0.000165"/>
</kw>
<var name="${key}">email</var>
<status status="PASS" start="2024-05-10T11:13:00.307573" elapsed="0.001913"/>
</iter>
<iter>
<kw name="Dictionary Should Contain Key" owner="Collections">
<msg time="2024-05-10T11:13:00.310239" level="INFO">False</msg>
<arg>${json_data['results'][0]}</arg>
<arg>${key}</arg>
<doc>Fails if ``key`` is not found from ``dictionary``.</doc>
<status status="PASS" start="2024-05-10T11:13:00.309842" elapsed="0.000436"/>
</kw>
<kw name="Log" owner="BuiltIn">
<msg time="2024-05-10T11:13:00.310940" level="INFO">{'gender': 'male', 'name': {'title': 'Mr', 'first': 'Alvin', 'last': 'Reed'}, 'location': {'street': {'number': 4131, 'name': 'Frederik Glads gate'}, 'city': 'Sylte', 'state': 'Buskerud', 'country': 'Norway', 'postcode': '0211', 'coordinates': {'latitude': '44.6533', 'longitude': '-174.6372'}, 'timezone': {'offset': '-11:00', 'description': 'Midway Island, Samoa'}}, 'email': 'alvin.reed@example.com', 'login': {'uuid': '0a063d25-3bcc-43cf-8e41-92c1ced8cab4', 'username': 'goldenbutterfly652', 'password': 'tinman', 'salt': 'mUYXpV8p', 'md5': '537645beb8d1b91ac1f7e3581811f6fb', 'sha1': '0af422bcdc2301b4e386b06d7e05ec075c12041d', 'sha256': '879007bc1af5f24df61b9d3347fb33dc2a61e5c41f155019ce74caf4fc3c0ae0'}, 'dob': {'date': '1953-09-29T17:25:58.157Z', 'age': 70}, 'registered': {'date': '2018-07-25T13:50:29.879Z', 'age': 5}, 'phone': '79857672', 'cell': '91733583', 'id': {'name': 'FN', 'value': '29095342564'}, 'picture': {'large': 'https://randomuser.me/api/portraits/men/10.jpg', 'medium': 'https://randomuser.me/api/portraits/med/men/10.jpg', 'thumbnail': 'https://randomuser.me/api/portraits/thumb/men/10.jpg'}, 'nat': 'NO'}</msg>
<arg>${json_data['results'][0]}</arg>
<doc>Logs the given message with the given level.</doc>
<status status="PASS" start="2024-05-10T11:13:00.310576" elapsed="0.000414"/>
</kw>
<kw name="Log" owner="BuiltIn">
<msg time="2024-05-10T11:13:00.311420" level="INFO">login</msg>
<arg>${key}</arg>
<doc>Logs the given message with the given level.</doc>
<status status="PASS" start="2024-05-10T11:13:00.311292" elapsed="0.000167"/>
</kw>
<var name="${key}">login</var>
<status status="PASS" start="2024-05-10T11:13:00.309728" elapsed="0.001950"/>
</iter>
<var>${key}</var>
<value>@{expected_keys}</value>
<status status="PASS" start="2024-05-10T11:13:00.300735" elapsed="0.011066"/>
</for>
<kw name="Create List" owner="BuiltIn">
<msg time="2024-05-10T11:13:00.312186" level="INFO">${expected_keysTwo} = ['username', 'password']</msg>
<var>${expected_keysTwo}</var>
<arg>username</arg>
<arg>password</arg>
<doc>Returns a list containing given items.</doc>
<status status="PASS" start="2024-05-10T11:13:00.312043" elapsed="0.000167"/>
</kw>
<for flavor="IN">
<iter>
<kw name="Dictionary Should Contain Key" owner="Collections">
<msg time="2024-05-10T11:13:00.313120" level="INFO">False</msg>
<arg>${json_data['results'][0]['login']}</arg>
<arg>${keyTwo}</arg>
<doc>Fails if ``key`` is not found from ``dictionary``.</doc>
<status status="PASS" start="2024-05-10T11:13:00.312722" elapsed="0.000437"/>
</kw>
<kw name="Dictionary Should Contain Key" owner="Collections">
<msg time="2024-05-10T11:13:00.313873" level="INFO">False</msg>
<arg>${json_data['results'][0]['login']}</arg>
<arg>${keyTwo}</arg>
<doc>Fails if ``key`` is not found from ``dictionary``.</doc>
<status status="PASS" start="2024-05-10T11:13:00.313457" elapsed="0.000454"/>
</kw>
<kw name="Log" owner="BuiltIn">
<msg time="2024-05-10T11:13:00.314335" level="INFO">username</msg>
<arg>${keyTwo}</arg>
<doc>Logs the given message with the given level.</doc>
<status status="PASS" start="2024-05-10T11:13:00.314207" elapsed="0.000171"/>
</kw>
<var name="${keyTwo}">username</var>
<status status="PASS" start="2024-05-10T11:13:00.312611" elapsed="0.001984"/>
</iter>
<iter>
<kw name="Dictionary Should Contain Key" owner="Collections">
<msg time="2024-05-10T11:13:00.315269" level="INFO">False</msg>
<arg>${json_data['results'][0]['login']}</arg>
<arg>${keyTwo}</arg>
<doc>Fails if ``key`` is not found from ``dictionary``.</doc>
<status status="PASS" start="2024-05-10T11:13:00.314882" elapsed="0.000426"/>
</kw>
<kw name="Dictionary Should Contain Key" owner="Collections">
<msg time="2024-05-10T11:13:00.316073" level="INFO">False</msg>
<arg>${json_data['results'][0]['login']}</arg>
<arg>${keyTwo}</arg>
<doc>Fails if ``key`` is not found from ``dictionary``.</doc>
<status status="PASS" start="2024-05-10T11:13:00.315605" elapsed="0.000507"/>
</kw>
<kw name="Log" owner="BuiltIn">
<msg time="2024-05-10T11:13:00.316542" level="INFO">password</msg>
<arg>${keyTwo}</arg>
<doc>Logs the given message with the given level.</doc>
<status status="PASS" start="2024-05-10T11:13:00.316413" elapsed="0.000168"/>
</kw>
<var name="${keyTwo}">password</var>
<status status="PASS" start="2024-05-10T11:13:00.314772" elapsed="0.002027"/>
</iter>
<var>${keyTwo}</var>
<value>@{expected_keysTwo}</value>
<status status="PASS" start="2024-05-10T11:13:00.312452" elapsed="0.004470"/>
</for>
<status status="PASS" start="2024-05-10T11:13:00.199538" elapsed="0.117528"/>
</kw>
<doc>Testa a estrutura da resposta da API.</doc>
<tag>testeEstruturaResposta</tag>
<status status="PASS" start="2024-05-10T11:13:00.199019" elapsed="0.118205"/>
</test>
<test id="s1-s1-t4" name="Validar tipos de dados" line="28">
<kw name="Teste de Tipos de Dados" owner="random-user-service">
<kw name="GET On Session" owner="RequestsLibrary">
<msg time="2024-05-10T11:13:00.398657" level="INFO">GET Request : url=https://randomuser.me/api 
 path_url=/api 
 headers={'User-Agent': 'python-requests/2.31.0', 'Accept-Encoding': 'gzip, deflate', 'Accept': '*/*', 'Connection': 'keep-alive'} 
 body=None 
 </msg>
<msg time="2024-05-10T11:13:00.398749" level="INFO">GET Response : url=https://randomuser.me/api 
 status=200, reason=OK 
 headers={'Date': 'Fri, 10 May 2024 11:13:00 GMT', 'Content-Type': 'application/json; charset=utf-8', 'Transfer-Encoding': 'chunked', 'Connection': 'keep-alive', 'X-Powered-By': 'Express', 'Access-Control-Allow-Origin': '*', 'Cache-Control': 'no-cache', 'ETag': 'W/"479-OG2wmYM7wk8QJC4iy87fiO2Dm7Q"', 'Vary': 'Accept-Encoding', 'Content-Encoding': 'gzip', 'CF-Cache-Status': 'DYNAMIC', 'Report-To': '{"endpoints":[{"url":"https:\\/\\/a.nel.cloudflare.com\\/report\\/v4?s=EeVWsWmlrfn4i6kPnlDSa2Cvtwr2IgWTCcgoB9PnR%2BGbLFxKDPPvWOKWy0ydKnvk7pel8Sgzh3Dh4hl7GJylEL9DOHIWVJ3U1Q7hyprUawuNwTLIPg2wa4h0lo3IbHdE"}],"group":"cf-nel","max_age":604800}', 'NEL': '{"success_fraction":0,"report_to":"cf-nel","max_age":604800}', 'Server': 'cloudflare', 'CF-RAY': '88197f590caa3b18-IAD', 'alt-svc': 'h3=":443"; ma=86400'} 
 body={"results":[{"gender":"male","name":{"title":"Mr","first":"Philippe","last":"Li"},"location":{"street":{"number":318,"name":"Alfred St"},"city":"Campbellton","state":"Québec","country":"Canada","postcode":"J2U 4I1","coordinates":{"latitude":"-66.7624","longitude":"-134.5172"},"timezone":{"offset":"-12:00","description":"Eniwetok, Kwajalein"}},"email":"philippe.li@example.com","login":{"uuid":"c80011d5-3a67-478a-8ccf-1cc96bdce229","username":"silverzebra179","password":"rotten","salt":"oMyEBGQH","md5":"c1c9795949c641ab8f873a9bf94f4f11","sha1":"4d8c926fec7fb266e208826c7b63e4e8f9874f96","sha256":"c4279bf50711d507bb6e5c9bd3fb6df76ed1ad686684cf491ead51219fb54bf2"},"dob":{"date":"1989-05-09T10:49:27.546Z","age":35},"registered":{"date":"2017-07-12T20:04:10.538Z","age":6},"phone":"K78 U91-1674","cell":"E08 Q66-2124","id":{"name":"SIN","value":"583115886"},"picture":{"large":"https://randomuser.me/api/portraits/men/60.jpg","medium":"https://randomuser.me/api/portraits/med/men/60.jpg","thumbnail":"https://randomuser.me/api/portraits/thumb/men/60.jpg"},"nat":"CA"}],"info":{"seed":"dba6b3a49494b578","results":1,"page":1,"version":"1.4"}} 
 </msg>
<msg time="2024-05-10T11:13:00.398828" level="INFO">/opt/hostedtoolcache/Python/3.12.3/x64/lib/python3.12/site-packages/urllib3/connectionpool.py:1103: InsecureRequestWarning: Unverified HTTPS request is being made to host 'randomuser.me'. Adding certificate verification is strongly advised. See: https://urllib3.readthedocs.io/en/latest/advanced-usage.html#tls-warnings
  warnings.warn(</msg>
<msg time="2024-05-10T11:13:00.398974" level="INFO">${response} = &lt;Response [200]&gt;</msg>
<var>${response}</var>
<arg>consultarAPI</arg>
<arg>/api</arg>
<doc>Sends a GET request on a previously created HTTP Session.</doc>
<status status="PASS" start="2024-05-10T11:13:00.319868" elapsed="0.079158"/>
</kw>
<kw name="Set Variable" owner="BuiltIn">
<msg time="2024-05-10T11:13:00.400019" level="INFO">${json_data} = {'results': [{'gender': 'male', 'name': {'title': 'Mr', 'first': 'Philippe', 'last': 'Li'}, 'location': {'street': {'number': 318, 'name': 'Alfred St'}, 'city': 'Campbellton', 'state': 'Québec', 'coun...</msg>
<var>${json_data}</var>
<arg>${response.json()}</arg>
<doc>Returns the given values which can then be assigned to a variables.</doc>
<status status="PASS" start="2024-05-10T11:13:00.399514" elapsed="0.000534"/>
</kw>
<kw name="Log" owner="BuiltIn">
<msg time="2024-05-10T11:13:00.400533" level="INFO">{'results': [{'gender': 'male', 'name': {'title': 'Mr', 'first': 'Philippe', 'last': 'Li'}, 'location': {'street': {'number': 318, 'name': 'Alfred St'}, 'city': 'Campbellton', 'state': 'Québec', 'country': 'Canada', 'postcode': 'J2U 4I1', 'coordinates': {'latitude': '-66.7624', 'longitude': '-134.5172'}, 'timezone': {'offset': '-12:00', 'description': 'Eniwetok, Kwajalein'}}, 'email': 'philippe.li@example.com', 'login': {'uuid': 'c80011d5-3a67-478a-8ccf-1cc96bdce229', 'username': 'silverzebra179', 'password': 'rotten', 'salt': 'oMyEBGQH', 'md5': 'c1c9795949c641ab8f873a9bf94f4f11', 'sha1': '4d8c926fec7fb266e208826c7b63e4e8f9874f96', 'sha256': 'c4279bf50711d507bb6e5c9bd3fb6df76ed1ad686684cf491ead51219fb54bf2'}, 'dob': {'date': '1989-05-09T10:49:27.546Z', 'age': 35}, 'registered': {'date': '2017-07-12T20:04:10.538Z', 'age': 6}, 'phone': 'K78 U91-1674', 'cell': 'E08 Q66-2124', 'id': {'name': 'SIN', 'value': '583115886'}, 'picture': {'large': 'https://randomuser.me/api/portraits/men/60.jpg', 'medium': 'https://randomuser.me/api/portraits/med/men/60.jpg', 'thumbnail': 'https://randomuser.me/api/portraits/thumb/men/60.jpg'}, 'nat': 'CA'}], 'info': {'seed': 'dba6b3a49494b578', 'results': 1, 'page': 1, 'version': '1.4'}}</msg>
<arg>${json_data}</arg>
<doc>Logs the given message with the given level.</doc>
<status status="PASS" start="2024-05-10T11:13:00.400372" elapsed="0.000211"/>
</kw>
<kw name="Should Be String" owner="String">
<arg>${json_data['results'][0]['gender']}</arg>
<doc>Fails if the given ``item`` is not a string.</doc>
<status status="PASS" start="2024-05-10T11:13:00.400921" elapsed="0.000374"/>
</kw>
<kw name="Should Match Regexp" owner="BuiltIn">
<arg>${json_data['results'][0]['email']}</arg>
<arg>^[a-zA-Z0-9._%+-]+@[a-zA-Z0-9.-]+\.[a-zA-Z]{2,}$</arg>
<doc>Fails if ``string`` does not match ``pattern`` as a regular expression.</doc>
<status status="PASS" start="2024-05-10T11:13:00.401490" elapsed="0.000576"/>
</kw>
<kw name="Should Match Regexp" owner="BuiltIn">
<arg>${json_data['results'][0]['dob']['date']}</arg>
<arg>\\d{4}-\\d{2}-\\d{2}T\\d{2}:\\d{2}:\\d{2}\\.\\d{3}Z</arg>
<doc>Fails if ``string`` does not match ``pattern`` as a regular expression.</doc>
<status status="PASS" start="2024-05-10T11:13:00.402267" elapsed="0.000503"/>
</kw>
<kw name="Should Match Regexp" owner="BuiltIn">
<arg>${json_data['results'][0]['registered']['date']}</arg>
<arg>\\d{4}-\\d{2}-\\d{2}T\\d{2}:\\d{2}:\\d{2}\\.\\d{3}Z</arg>
<doc>Fails if ``string`` does not match ``pattern`` as a regular expression.</doc>
<status status="PASS" start="2024-05-10T11:13:00.402965" elapsed="0.000373"/>
</kw>
<kw name="Should Match Regexp" owner="BuiltIn">
<arg>${json_data['results'][0]['picture']['large']}</arg>
<arg>^https?://.*\.(?:png|jpe?g|gif|bmp)$</arg>
<doc>Fails if ``string`` does not match ``pattern`` as a regular expression.</doc>
<status status="PASS" start="2024-05-10T11:13:00.403526" elapsed="0.000473"/>
</kw>
<kw name="Should Match Regexp" owner="BuiltIn">
<arg>${json_data['results'][0]['picture']['medium']}</arg>
<arg>^https?://.*\.(?:png|jpe?g|gif|bmp)$</arg>
<doc>Fails if ``string`` does not match ``pattern`` as a regular expression.</doc>
<status status="PASS" start="2024-05-10T11:13:00.404191" elapsed="0.000362"/>
</kw>
<kw name="Should Match Regexp" owner="BuiltIn">
<arg>${json_data['results'][0]['picture']['thumbnail']}</arg>
<arg>^https?://.*\.(?:png|jpe?g|gif|bmp)$</arg>
<doc>Fails if ``string`` does not match ``pattern`` as a regular expression.</doc>
<status status="PASS" start="2024-05-10T11:13:00.404743" elapsed="0.000350"/>
</kw>
<kw name="Log" owner="BuiltIn">
<msg time="2024-05-10T11:13:00.405618" level="INFO">{'large': 'https://randomuser.me/api/portraits/men/60.jpg', 'medium': 'https://randomuser.me/api/portraits/med/men/60.jpg', 'thumbnail': 'https://randomuser.me/api/portraits/thumb/men/60.jpg'}</msg>
<arg>${json_data['results'][0]['picture']}</arg>
<doc>Logs the given message with the given level.</doc>
<status status="PASS" start="2024-05-10T11:13:00.405274" elapsed="0.000387"/>
</kw>
<status status="PASS" start="2024-05-10T11:13:00.319640" elapsed="0.086284"/>
</kw>
<kw name="Teste de Tipos de Dados - Postcode" owner="random-user-service">
<kw name="GET On Session" owner="RequestsLibrary">
<msg time="2024-05-10T11:13:00.492500" level="INFO">GET Request : url=https://randomuser.me/api 
 path_url=/api 
 headers={'User-Agent': 'python-requests/2.31.0', 'Accept-Encoding': 'gzip, deflate', 'Accept': '*/*', 'Connection': 'keep-alive'} 
 body=None 
 </msg>
<msg time="2024-05-10T11:13:00.492573" level="INFO">GET Response : url=https://randomuser.me/api 
 status=200, reason=OK 
 headers={'Date': 'Fri, 10 May 2024 11:13:00 GMT', 'Content-Type': 'application/json; charset=utf-8', 'Transfer-Encoding': 'chunked', 'Connection': 'keep-alive', 'X-Powered-By': 'Express', 'Access-Control-Allow-Origin': '*', 'Cache-Control': 'no-cache', 'ETag': 'W/"489-Qe+zzXrjAs7XoagH/IE9jU/Ivp0"', 'Vary': 'Accept-Encoding', 'Content-Encoding': 'gzip', 'CF-Cache-Status': 'DYNAMIC', 'Report-To': '{"endpoints":[{"url":"https:\\/\\/a.nel.cloudflare.com\\/report\\/v4?s=Euwh7UJzNKxF3bd27Ah2MMMsfc7rAuuhgJ%2BWIAegJChfwPv%2FzCvRUOsIU7hkFdSucbdOzEaVbQs28akvzmnWr2TbzUxq%2FxDBifP8%2FolvgdSs9OCQPSH5oZVo5q8lP5eq"}],"group":"cf-nel","max_age":604800}', 'NEL': '{"success_fraction":0,"report_to":"cf-nel","max_age":604800}', 'Server': 'cloudflare', 'CF-RAY': '88197f598d6e3b18-IAD', 'alt-svc': 'h3=":443"; ma=86400'} 
 body={"results":[{"gender":"female","name":{"title":"Mrs","first":"Juana","last":"Diaz"},"location":{"street":{"number":7668,"name":"Calle de La Almudena"},"city":"Alicante","state":"Castilla y León","country":"Spain","postcode":21986,"coordinates":{"latitude":"-33.7059","longitude":"29.2236"},"timezone":{"offset":"-11:00","description":"Midway Island, Samoa"}},"email":"juana.diaz@example.com","login":{"uuid":"7360c715-297b-4d3d-abb9-dce609799e05","username":"organicswan822","password":"please","salt":"MCUZo2PT","md5":"bdb032ee217bc82bd17626326beab2d5","sha1":"5299ba2910b40c7c7b55c44cb93a2ff40b2a2704","sha256":"fb9efd7a4b6ff0bf8c97ec410f62c0ff143edffabbea76154d414d1ecd51fedc"},"dob":{"date":"1994-10-04T04:04:18.733Z","age":29},"registered":{"date":"2010-09-25T01:35:54.015Z","age":13},"phone":"964-558-033","cell":"604-619-732","id":{"name":"DNI","value":"82063323-E"},"picture":{"large":"https://randomuser.me/api/portraits/women/3.jpg","medium":"https://randomuser.me/api/portraits/med/women/3.jpg","thumbnail":"https://randomuser.me/api/portraits/thumb/women/3.jpg"},"nat":"ES"}],"info":{"seed":"4446d41a59960f44","results":1,"page":1,"version":"1.4"}} 
 </msg>
<msg time="2024-05-10T11:13:00.492634" level="INFO">/opt/hostedtoolcache/Python/3.12.3/x64/lib/python3.12/site-packages/urllib3/connectionpool.py:1103: InsecureRequestWarning: Unverified HTTPS request is being made to host 'randomuser.me'. Adding certificate verification is strongly advised. See: https://urllib3.readthedocs.io/en/latest/advanced-usage.html#tls-warnings
  warnings.warn(</msg>
<msg time="2024-05-10T11:13:00.492748" level="INFO">${response} = &lt;Response [200]&gt;</msg>
<var>${response}</var>
<arg>consultarAPI</arg>
<arg>/api</arg>
<doc>Sends a GET request on a previously created HTTP Session.</doc>
<status status="PASS" start="2024-05-10T11:13:00.406386" elapsed="0.086404"/>
</kw>
<kw name="Set Variable" owner="BuiltIn">
<msg time="2024-05-10T11:13:00.493687" level="INFO">${json_data} = {'results': [{'gender': 'female', 'name': {'title': 'Mrs', 'first': 'Juana', 'last': 'Diaz'}, 'location': {'street': {'number': 7668, 'name': 'Calle de La Almudena'}, 'city': 'Alicante', 'state': 'Cas...</msg>
<var>${json_data}</var>
<arg>${response.json()}</arg>
<doc>Returns the given values which can then be assigned to a variables.</doc>
<status status="PASS" start="2024-05-10T11:13:00.493167" elapsed="0.000550"/>
</kw>
<kw name="Log" owner="BuiltIn">
<msg time="2024-05-10T11:13:00.494194" level="INFO">{'results': [{'gender': 'female', 'name': {'title': 'Mrs', 'first': 'Juana', 'last': 'Diaz'}, 'location': {'street': {'number': 7668, 'name': 'Calle de La Almudena'}, 'city': 'Alicante', 'state': 'Castilla y León', 'country': 'Spain', 'postcode': 21986, 'coordinates': {'latitude': '-33.7059', 'longitude': '29.2236'}, 'timezone': {'offset': '-11:00', 'description': 'Midway Island, Samoa'}}, 'email': 'juana.diaz@example.com', 'login': {'uuid': '7360c715-297b-4d3d-abb9-dce609799e05', 'username': 'organicswan822', 'password': 'please', 'salt': 'MCUZo2PT', 'md5': 'bdb032ee217bc82bd17626326beab2d5', 'sha1': '5299ba2910b40c7c7b55c44cb93a2ff40b2a2704', 'sha256': 'fb9efd7a4b6ff0bf8c97ec410f62c0ff143edffabbea76154d414d1ecd51fedc'}, 'dob': {'date': '1994-10-04T04:04:18.733Z', 'age': 29}, 'registered': {'date': '2010-09-25T01:35:54.015Z', 'age': 13}, 'phone': '964-558-033', 'cell': '604-619-732', 'id': {'name': 'DNI', 'value': '82063323-E'}, 'picture': {'large': 'https://randomuser.me/api/portraits/women/3.jpg', 'medium': 'https://randomuser.me/api/portraits/med/women/3.jpg', 'thumbnail': 'https://randomuser.me/api/portraits/thumb/women/3.jpg'}, 'nat': 'ES'}], 'info': {'seed': '4446d41a59960f44', 'results': 1, 'page': 1, 'version': '1.4'}}</msg>
<arg>${json_data}</arg>
<doc>Logs the given message with the given level.</doc>
<status status="PASS" start="2024-05-10T11:13:00.494035" elapsed="0.000212"/>
</kw>
<kw name="Should Be Equal As Numbers" owner="BuiltIn">
<arg>${json_data['results'][0]['location']['postcode']}</arg>
<arg>${json_data['results'][0]['location']['postcode']}</arg>
<doc>Fails if objects are unequal after converting them to real numbers.</doc>
<status status="PASS" start="2024-05-10T11:13:00.494557" elapsed="0.000799"/>
</kw>
<kw name="Log" owner="BuiltIn">
<msg time="2024-05-10T11:13:00.495938" level="INFO">21986</msg>
<arg>${json_data['results'][0]['location']['postcode']}</arg>
<doc>Logs the given message with the given level.</doc>
<status status="PASS" start="2024-05-10T11:13:00.495591" elapsed="0.000388"/>
</kw>
<status status="PASS" start="2024-05-10T11:13:00.406154" elapsed="0.090082"/>
</kw>
<doc>Testa se os tipos de dados na resposta da API estão corretos.</doc>
<tag>testeTiposDados</tag>
<status status="PASS" start="2024-05-10T11:13:00.319087" elapsed="0.177321"/>
</test>
<test id="s1-s1-t5" name="Validar conteudo" line="35">
<kw name="Teste de Tipos de Conteudo" owner="random-user-service">
<kw name="GET On Session" owner="RequestsLibrary">
<msg time="2024-05-10T11:13:00.601332" level="INFO">GET Request : url=https://randomuser.me/api 
 path_url=/api 
 headers={'User-Agent': 'python-requests/2.31.0', 'Accept-Encoding': 'gzip, deflate', 'Accept': '*/*', 'Connection': 'keep-alive'} 
 body=None 
 </msg>
<msg time="2024-05-10T11:13:00.601417" level="INFO">GET Response : url=https://randomuser.me/api 
 status=200, reason=OK 
 headers={'Date': 'Fri, 10 May 2024 11:13:00 GMT', 'Content-Type': 'application/json; charset=utf-8', 'Transfer-Encoding': 'chunked', 'Connection': 'keep-alive', 'X-Powered-By': 'Express', 'Access-Control-Allow-Origin': '*', 'Cache-Control': 'no-cache', 'ETag': 'W/"4a2-r90D6tzoWxzTSecMH2vUlpar7ys"', 'Vary': 'Accept-Encoding', 'Content-Encoding': 'gzip', 'CF-Cache-Status': 'DYNAMIC', 'Report-To': '{"endpoints":[{"url":"https:\\/\\/a.nel.cloudflare.com\\/report\\/v4?s=MFS9LlFO1JFcbpkNkgKDAW0PuxCQ13wlpbbYefcZM48a9Dn3sGBATwBmRtqcapS5nPKmID00baBq1lHGfcsIWMMlHUuhIzD72q7XTD4FYkRS%2B%2Bpyjq%2F7pIlr8ifvNCt4"}],"group":"cf-nel","max_age":604800}', 'NEL': '{"success_fraction":0,"report_to":"cf-nel","max_age":604800}', 'Server': 'cloudflare', 'CF-RAY': '88197f5a2e123b18-IAD', 'alt-svc': 'h3=":443"; ma=86400'} 
 body={"results":[{"gender":"male","name":{"title":"Mr","first":"Rüdiger","last":"Sowa"},"location":{"street":{"number":8054,"name":"Parkstraße"},"city":"Frankenthal (Pfalz)","state":"Rheinland-Pfalz","country":"Germany","postcode":17073,"coordinates":{"latitude":"-54.9090","longitude":"-44.1608"},"timezone":{"offset":"+3:00","description":"Baghdad, Riyadh, Moscow, St. Petersburg"}},"email":"rudiger.sowa@example.com","login":{"uuid":"dd8cb4a1-8a56-44f0-b0e2-853d88899354","username":"tinydog553","password":"789987","salt":"FOuys9dn","md5":"4e594ecaf75c14f271c3b5dabad0ba5f","sha1":"83f50a321ff1af80c462f5869d163747492aa798","sha256":"90f4839d89a0e4b93dbba7d57bdabd50c7cc8e4c4246b75cc24e499d9fd56712"},"dob":{"date":"1964-04-01T08:15:18.425Z","age":60},"registered":{"date":"2007-01-23T03:07:39.174Z","age":17},"phone":"0555-5623258","cell":"0171-5783386","id":{"name":"SVNR","value":"59 010464 S 337"},"picture":{"large":"https://randomuser.me/api/portraits/men/83.jpg","medium":"https://randomuser.me/api/portraits/med/men/83.jpg","thumbnail":"https://randomuser.me/api/portraits/thumb/men/83.jpg"},"nat":"DE"}],"info":{"seed":"c5769f3633a9c582","results":1,"page":1,"version":"1.4"}} 
 </msg>
<msg time="2024-05-10T11:13:00.601495" level="INFO">/opt/hostedtoolcache/Python/3.12.3/x64/lib/python3.12/site-packages/urllib3/connectionpool.py:1103: InsecureRequestWarning: Unverified HTTPS request is being made to host 'randomuser.me'. Adding certificate verification is strongly advised. See: https://urllib3.readthedocs.io/en/latest/advanced-usage.html#tls-warnings
  warnings.warn(</msg>
<msg time="2024-05-10T11:13:00.601680" level="INFO">${response} = &lt;Response [200]&gt;</msg>
<var>${response}</var>
<arg>consultarAPI</arg>
<arg>/api</arg>
<doc>Sends a GET request on a previously created HTTP Session.</doc>
<status status="PASS" start="2024-05-10T11:13:00.499019" elapsed="0.102705"/>
</kw>
<kw name="Set Variable" owner="BuiltIn">
<msg time="2024-05-10T11:13:00.602593" level="INFO">${json_data} = {'results': [{'gender': 'male', 'name': {'title': 'Mr', 'first': 'Rüdiger', 'last': 'Sowa'}, 'location': {'street': {'number': 8054, 'name': 'Parkstraße'}, 'city': 'Frankenthal (Pfalz)', 'state': 'Rhe...</msg>
<var>${json_data}</var>
<arg>${response.json()}</arg>
<doc>Returns the given values which can then be assigned to a variables.</doc>
<status status="PASS" start="2024-05-10T11:13:00.602120" elapsed="0.000504"/>
</kw>
<kw name="Set Variable" owner="BuiltIn">
<msg time="2024-05-10T11:13:00.603322" level="INFO">${name_title} = Mr</msg>
<var>${name_title}</var>
<arg>${json_data["results"][0]["name"]["title"]}</arg>
<doc>Returns the given values which can then be assigned to a variables.</doc>
<status status="PASS" start="2024-05-10T11:13:00.602935" elapsed="0.000413"/>
</kw>
<kw name="Create List" owner="BuiltIn">
<msg time="2024-05-10T11:13:00.603802" level="INFO">${allowed_titles} = ['Mr', 'Ms', 'Miss', 'Mrs', 'Madame', 'Monsieur']</msg>
<var>${allowed_titles}</var>
<arg>Mr</arg>
<arg>Ms</arg>
<arg>Miss</arg>
<arg>Mrs</arg>
<arg>Madame</arg>
<arg>Monsieur</arg>
<doc>Returns a list containing given items.</doc>
<status status="PASS" start="2024-05-10T11:13:00.603652" elapsed="0.000175"/>
</kw>
<kw name="List Should Contain Value" owner="Collections">
<msg time="2024-05-10T11:13:00.604306" level="INFO">False</msg>
<arg>${allowed_titles}</arg>
<arg>${name_title}</arg>
<doc>Fails if the ``value`` is not found from ``list``.</doc>
<status status="PASS" start="2024-05-10T11:13:00.604133" elapsed="0.000209"/>
</kw>
<kw name="Set Variable" owner="BuiltIn">
<msg time="2024-05-10T11:13:00.605024" level="INFO">${name_country} = DE</msg>
<var>${name_country}</var>
<arg>${json_data["results"][0]["nat"]}</arg>
<doc>Returns the given values which can then be assigned to a variables.</doc>
<status status="PASS" start="2024-05-10T11:13:00.604636" elapsed="0.000414"/>
</kw>
<kw name="Create List" owner="BuiltIn">
<msg time="2024-05-10T11:13:00.605972" level="INFO">${list_country} = ['AD', 'AE', 'AF', 'AG', 'AI', 'AL', 'AM', 'AO', 'AQ', 'AR', 'AS', 'AT', 'AU', 'AW', 'AX', 'AZ', 'BA', 'BB', 'BD', 'BE', 'BF', 'BG', 'BH', 'BI', 'BJ', 'BL', 'BM', 'BN', 'BO', 'BQ', 'BR', 'BS', 'BT', '...</msg>
<var>${list_country}</var>
<arg>AD</arg>
<arg>AE</arg>
<arg>AF</arg>
<arg>AG</arg>
<arg>AI</arg>
<arg>AL</arg>
<arg>AM</arg>
<arg>AO</arg>
<arg>AQ</arg>
<arg>AR</arg>
<arg>AS</arg>
<arg>AT</arg>
<arg>AU</arg>
<arg>AW</arg>
<arg>AX</arg>
<arg>AZ</arg>
<arg>BA</arg>
<arg>BB</arg>
<arg>BD</arg>
<arg>BE</arg>
<arg>BF</arg>
<arg>BG</arg>
<arg>BH</arg>
<arg>BI</arg>
<arg>BJ</arg>
<arg>BL</arg>
<arg>BM</arg>
<arg>BN</arg>
<arg>BO</arg>
<arg>BQ</arg>
<arg>BR</arg>
<arg>BS</arg>
<arg>BT</arg>
<arg>BV</arg>
<arg>BW</arg>
<arg>BY</arg>
<arg>BZ</arg>
<arg>CA</arg>
<arg>CC</arg>
<arg>CD</arg>
<arg>CF</arg>
<arg>CG</arg>
<arg>CH</arg>
<arg>CI</arg>
<arg>CK</arg>
<arg>CL</arg>
<arg>CM</arg>
<arg>CN</arg>
<arg>CO</arg>
<arg>CR</arg>
<arg>CU</arg>
<arg>CV</arg>
<arg>CW</arg>
<arg>CX</arg>
<arg>CY</arg>
<arg>CZ</arg>
<arg>DE</arg>
<arg>DJ</arg>
<arg>DK</arg>
<arg>DM</arg>
<arg>DO</arg>
<arg>DZ</arg>
<arg>EC</arg>
<arg>EE</arg>
<arg>EG</arg>
<arg>EH</arg>
<arg>ER</arg>
<arg>ES</arg>
<arg>ET</arg>
<arg>FI</arg>
<arg>FJ</arg>
<arg>FK</arg>
<arg>FM</arg>
<arg>FO</arg>
<arg>FR</arg>
<arg>GA</arg>
<arg>GB</arg>
<arg>GD</arg>
<arg>GE</arg>
<arg>GF</arg>
<arg>GG</arg>
<arg>GH</arg>
<arg>GI</arg>
<arg>GL</arg>
<arg>GM</arg>
<arg>GN</arg>
<arg>GP</arg>
<arg>GQ</arg>
<arg>GR</arg>
<arg>GS</arg>
<arg>GT</arg>
<arg>GU</arg>
<arg>GW</arg>
<arg>GY</arg>
<arg>HK</arg>
<arg>HM</arg>
<arg>HN</arg>
<arg>HR</arg>
<arg>HT</arg>
<arg>HU</arg>
<arg>ID</arg>
<arg>IE</arg>
<arg>IL</arg>
<arg>IM</arg>
<arg>IN</arg>
<arg>IO</arg>
<arg>IQ</arg>
<arg>IR</arg>
<arg>IS</arg>
<arg>IT</arg>
<arg>JE</arg>
<arg>JM</arg>
<arg>JO</arg>
<arg>JP</arg>
<arg>KE</arg>
<arg>KG</arg>
<arg>KH</arg>
<arg>KI</arg>
<arg>KM</arg>
<arg>KN</arg>
<arg>KP</arg>
<arg>KR</arg>
<arg>KW</arg>
<arg>KY</arg>
<arg>KZ</arg>
<arg>LA</arg>
<arg>LB</arg>
<arg>LC</arg>
<arg>LI</arg>
<arg>LK</arg>
<arg>LR</arg>
<arg>LS</arg>
<arg>LT</arg>
<arg>LU</arg>
<arg>LV</arg>
<arg>LY</arg>
<arg>MA</arg>
<arg>MC</arg>
<arg>MD</arg>
<arg>ME</arg>
<arg>MF</arg>
<arg>MG</arg>
<arg>MH</arg>
<arg>MK</arg>
<arg>ML</arg>
<arg>MM</arg>
<arg>MN</arg>
<arg>MO</arg>
<arg>MP</arg>
<arg>MQ</arg>
<arg>MR</arg>
<arg>MS</arg>
<arg>MT</arg>
<arg>MU</arg>
<arg>MV</arg>
<arg>MW</arg>
<arg>MX</arg>
<arg>MY</arg>
<arg>MZ</arg>
<arg>NA</arg>
<arg>NC</arg>
<arg>NE</arg>
<arg>NF</arg>
<arg>NG</arg>
<arg>NI</arg>
<arg>NL</arg>
<arg>NO</arg>
<arg>NP</arg>
<arg>NR</arg>
<arg>NU</arg>
<arg>NZ</arg>
<arg>OM</arg>
<arg>PA</arg>
<arg>PE</arg>
<arg>PF</arg>
<arg>PG</arg>
<arg>PH</arg>
<arg>PK</arg>
<arg>PL</arg>
<arg>PM</arg>
<arg>PN</arg>
<arg>PR</arg>
<arg>PS</arg>
<arg>PT</arg>
<arg>PW</arg>
<arg>PY</arg>
<arg>QA</arg>
<arg>RE</arg>
<arg>RO</arg>
<arg>RS</arg>
<arg>RU</arg>
<arg>RW</arg>
<arg>SA</arg>
<arg>SB</arg>
<arg>SC</arg>
<arg>SD</arg>
<arg>SE</arg>
<arg>SG</arg>
<arg>SH</arg>
<arg>SI</arg>
<arg>SJ</arg>
<arg>SK</arg>
<arg>SL</arg>
<arg>SM</arg>
<arg>SN</arg>
<arg>SO</arg>
<arg>SR</arg>
<arg>SS</arg>
<arg>ST</arg>
<arg>SV</arg>
<arg>SX</arg>
<arg>SY</arg>
<arg>SZ</arg>
<arg>TC</arg>
<arg>TD</arg>
<arg>TF</arg>
<arg>TG</arg>
<arg>TH</arg>
<arg>TJ</arg>
<arg>TK</arg>
<arg>TL</arg>
<arg>TM</arg>
<arg>TN</arg>
<arg>TO</arg>
<arg>TR</arg>
<arg>TT</arg>
<arg>TV</arg>
<arg>TW</arg>
<arg>TZ</arg>
<arg>UA</arg>
<arg>UG</arg>
<arg>UM</arg>
<arg>US</arg>
<arg>UY</arg>
<arg>UZ</arg>
<arg>VA</arg>
<arg>VC</arg>
<arg>VE</arg>
<arg>VG</arg>
<arg>VI</arg>
<arg>VN</arg>
<arg>VU</arg>
<arg>WF</arg>
<arg>WS</arg>
<arg>XK</arg>
<arg>YE</arg>
<arg>YT</arg>
<arg>ZA</arg>
<arg>ZM</arg>
<arg>ZW</arg>
<doc>Returns a list containing given items.</doc>
<status status="PASS" start="2024-05-10T11:13:00.605355" elapsed="0.000644"/>
</kw>
<kw name="List Should Contain Value" owner="Collections">
<msg time="2024-05-10T11:13:00.606996" level="INFO">False</msg>
<arg>${list_country}</arg>
<arg>${name_country}</arg>
<doc>Fails if the ``value`` is not found from ``list``.</doc>
<status status="PASS" start="2024-05-10T11:13:00.606794" elapsed="0.000240"/>
</kw>
<kw name="Run Keyword If" owner="BuiltIn">
<kw name="Should Be True" owner="BuiltIn">
<arg>${True}</arg>
<doc>Fails if the given condition is not true.</doc>
<status status="PASS" start="2024-05-10T11:13:00.608105" elapsed="0.000144"/>
</kw>
<arg>${json_data["results"][0]["location"]["coordinates"]["latitude"]} &gt;= -90 and ${json_data["results"][0]["location"]["coordinates"]["latitude"]} &lt;= 90</arg>
<arg>Should Be True</arg>
<arg>${True}</arg>
<doc>Runs the given keyword with the given arguments, if ``condition`` is true.</doc>
<status status="PASS" start="2024-05-10T11:13:00.607348" elapsed="0.001027"/>
</kw>
<kw name="Run Keyword If" owner="BuiltIn">
<kw name="Should Be True" owner="BuiltIn">
<arg>${True}</arg>
<doc>Fails if the given condition is not true.</doc>
<status status="PASS" start="2024-05-10T11:13:00.609249" elapsed="0.000245"/>
</kw>
<arg>${json_data["results"][0]["location"]["coordinates"]["longitude"]} &gt;= -180 and ${json_data["results"][0]["location"]["coordinates"]["longitude"]} &lt;= 180</arg>
<arg>Should Be True</arg>
<arg>${True}</arg>
<doc>Runs the given keyword with the given arguments, if ``condition`` is true.</doc>
<status status="PASS" start="2024-05-10T11:13:00.608560" elapsed="0.001088"/>
</kw>
<status status="PASS" start="2024-05-10T11:13:00.498793" elapsed="0.110987"/>
</kw>
<doc>Testa o conteúdo específico dos campos retornados pela API.</doc>
<tag>testeConteudo</tag>
<status status="PASS" start="2024-05-10T11:13:00.498253" elapsed="0.111676"/>
</test>
<status status="PASS" start="2024-05-10T11:12:59.686867" elapsed="0.924996"/>
</suite>
<status status="PASS" start="2024-05-10T11:12:59.673200" elapsed="0.943828"/>
</suite>
<statistics>
<total>
<stat pass="5" fail="0" skip="0">All Tests</stat>
</total>
<tag>
<stat pass="1" fail="0" skip="0">testeConteudo</stat>
<stat pass="1" fail="0" skip="0">testeEstruturaResposta</stat>
<stat pass="1" fail="0" skip="0">testeRequisicaoBasica</stat>
<stat pass="1" fail="0" skip="0">testeTiposDados</stat>
</tag>
<suite>
<stat pass="5" fail="0" skip="0" id="s1" name="Tests">Tests</stat>
<stat pass="5" fail="0" skip="0" id="s1-s1" name="Random-User-Test">Tests.Random-User-Test</stat>
</suite>
</statistics>
<errors>
</errors>
</robot>
