<?xml version="1.0" encoding="UTF-8"?>
<robot generator="Robot 7.0.1 (Python 3.12.4 on linux)" generated="2024-07-08T11:13:38.976162" rpa="false" schemaversion="5">
<suite id="s1" name="Tests" source="/home/runner/work/ApiRandomUser/ApiRandomUser/RamdonUser/tests">
<suite id="s1-s1" name="Random-User-Test" source="/home/runner/work/ApiRandomUser/ApiRandomUser/RamdonUser/tests/random-user-test.robot">
<test id="s1-s1-t1" name="Conectar" line="13">
<kw name="Conectar API" owner="random-user-service">
<kw name="Create Session" owner="RequestsLibrary">
<msg time="2024-07-08T11:13:39.370064" level="INFO">Creating Session using : alias=consultarAPI, url=https://randomuser.me/, headers={},                     cookies={}, auth=None, timeout=None, proxies=None, verify=False,                     debug=0 </msg>
<arg>consultarAPI</arg>
<arg>${URL}</arg>
<doc>Create Session: create a HTTP session to a server</doc>
<status status="PASS" start="2024-07-08T11:13:39.369861" elapsed="0.000398"/>
</kw>
<status status="PASS" start="2024-07-08T11:13:39.368891" elapsed="0.001759"/>
</kw>
<status status="PASS" start="2024-07-08T11:13:39.368328" elapsed="0.002514"/>
</test>
<test id="s1-s1-t2" name="Validar retorno 200 e JSON Válido" line="16">
<kw name="Teste de Requisicao Basica" owner="random-user-service">
<kw name="GET On Session" owner="RequestsLibrary">
<msg time="2024-07-08T11:13:39.539829" level="INFO">GET Request : url=https://randomuser.me/api 
 path_url=/api 
 headers={'User-Agent': 'python-requests/2.32.3', 'Accept-Encoding': 'gzip, deflate', 'Accept': '*/*', 'Connection': 'keep-alive'} 
 body=None 
 </msg>
<msg time="2024-07-08T11:13:39.539978" level="INFO">GET Response : url=https://randomuser.me/api 
 status=200, reason=OK 
 headers={'Date': 'Mon, 08 Jul 2024 11:13:39 GMT', 'Content-Type': 'application/json; charset=utf-8', 'Transfer-Encoding': 'chunked', 'Connection': 'keep-alive', 'X-Powered-By': 'Express', 'Access-Control-Allow-Origin': '*', 'Cache-Control': 'no-cache', 'ETag': 'W/"497-UgDDgtkYNkPMuwR0pCoSzHJ1ea4"', 'Vary': 'Accept-Encoding', 'Content-Encoding': 'gzip', 'CF-Cache-Status': 'DYNAMIC', 'Report-To': '{"endpoints":[{"url":"https:\\/\\/a.nel.cloudflare.com\\/report\\/v4?s=p7XB3eK5T1nWTGkgX1KZtRgM27PdIGlegeAY02vcIHnZr6%2BXUl5iUJKP76TlZCvRromLwTVdRIFrpory4l19heT16bzWBUw04vuHaDIkqfeXCzydv64SekpjCjkMh7bN"}],"group":"cf-nel","max_age":604800}', 'NEL': '{"success_fraction":0,"report_to":"cf-nel","max_age":604800}', 'Server': 'cloudflare', 'CF-RAY': '89ffa56deba4c5bb-IAD', 'alt-svc': 'h3=":443"; ma=86400'} 
 body={"results":[{"gender":"male","name":{"title":"Mr","first":"Mason","last":"Slawa"},"location":{"street":{"number":2315,"name":"Lake of Bays Road"},"city":"Inverness","state":"Northwest Territories","country":"Canada","postcode":"O8L 8D8","coordinates":{"latitude":"-67.5889","longitude":"-122.1680"},"timezone":{"offset":"-1:00","description":"Azores, Cape Verde Islands"}},"email":"mason.slawa@example.com","login":{"uuid":"9d639762-e3a3-4289-80db-326c78b08084","username":"ticklishpanda283","password":"789987","salt":"4pNnlHKb","md5":"182e271114ad86696ffcd373c2f99110","sha1":"8844e30adc1a5ba99af8219335f858eddedbb7a9","sha256":"3be17d3c2ff67a41bea23507c05f27442bf337d997b4e69331ad38d8f8d01694"},"dob":{"date":"1952-09-04T13:53:55.777Z","age":71},"registered":{"date":"2009-10-17T10:24:57.072Z","age":14},"phone":"M56 B50-5388","cell":"D06 O68-9612","id":{"name":"SIN","value":"893612945"},"picture":{"large":"https://randomuser.me/api/portraits/men/78.jpg","medium":"https://randomuser.me/api/portraits/med/men/78.jpg","thumbnail":"https://randomuser.me/api/portraits/thumb/men/78.jpg"},"nat":"CA"}],"info":{"seed":"32484099eb80bb05","results":1,"page":1,"version":"1.4"}} 
 </msg>
<msg time="2024-07-08T11:13:39.540069" level="INFO">/opt/hostedtoolcache/Python/3.12.4/x64/lib/python3.12/site-packages/urllib3/connectionpool.py:1099: InsecureRequestWarning: Unverified HTTPS request is being made to host 'randomuser.me'. Adding certificate verification is strongly advised. See: https://urllib3.readthedocs.io/en/latest/advanced-usage.html#tls-warnings
  warnings.warn(</msg>
<msg time="2024-07-08T11:13:39.540236" level="INFO">${response} = &lt;Response [200]&gt;</msg>
<var>${response}</var>
<arg>consultarAPI</arg>
<arg>/api</arg>
<doc>Sends a GET request on a previously created HTTP Session.</doc>
<status status="PASS" start="2024-07-08T11:13:39.373389" elapsed="0.166885"/>
</kw>
<kw name="Should Be Equal As Numbers" owner="BuiltIn">
<msg time="2024-07-08T11:13:39.541277" level="INFO">Argument types are:
&lt;class 'int'&gt;
&lt;class 'str'&gt;</msg>
<arg>${response.status_code}</arg>
<arg>200</arg>
<doc>Fails if objects are unequal after converting them to real numbers.</doc>
<status status="PASS" start="2024-07-08T11:13:39.540811" elapsed="0.000530"/>
</kw>
<kw name="Log" owner="BuiltIn">
<msg time="2024-07-08T11:13:39.542014" level="INFO">200</msg>
<arg>${response.status_code}</arg>
<doc>Logs the given message with the given level.</doc>
<status status="PASS" start="2024-07-08T11:13:39.541660" elapsed="0.000396"/>
</kw>
<kw name="Set Variable" owner="BuiltIn">
<msg time="2024-07-08T11:13:39.542851" level="INFO">${json_data} = {'results': [{'gender': 'male', 'name': {'title': 'Mr', 'first': 'Mason', 'last': 'Slawa'}, 'location': {'street': {'number': 2315, 'name': 'Lake of Bays Road'}, 'city': 'Inverness', 'state': 'Northwe...</msg>
<var>${json_data}</var>
<arg>${response.json()}</arg>
<doc>Returns the given values which can then be assigned to a variables.</doc>
<status status="PASS" start="2024-07-08T11:13:39.542361" elapsed="0.000519"/>
</kw>
<kw name="Dictionary Should Contain Key" owner="Collections">
<arg>${json_data}</arg>
<arg>results</arg>
<doc>Fails if ``key`` is not found from ``dictionary``.</doc>
<status status="PASS" start="2024-07-08T11:13:39.543181" elapsed="0.000165"/>
</kw>
<status status="PASS" start="2024-07-08T11:13:39.373147" elapsed="0.170350"/>
</kw>
<doc>Testa se a API responde corretamente e retorna um objeto JSON válido.</doc>
<tag>testeRequisicaoBasica</tag>
<status status="PASS" start="2024-07-08T11:13:39.372685" elapsed="0.170990"/>
</test>
<test id="s1-s1-t3" name="Validar estrutura de resposta" line="22">
<kw name="Teste de Estrutura de Resposta" owner="random-user-service">
<kw name="GET On Session" owner="RequestsLibrary">
<msg time="2024-07-08T11:13:39.637383" level="INFO">GET Request : url=https://randomuser.me/api 
 path_url=/api 
 headers={'User-Agent': 'python-requests/2.32.3', 'Accept-Encoding': 'gzip, deflate', 'Accept': '*/*', 'Connection': 'keep-alive'} 
 body=None 
 </msg>
<msg time="2024-07-08T11:13:39.637488" level="INFO">GET Response : url=https://randomuser.me/api 
 status=200, reason=OK 
 headers={'Date': 'Mon, 08 Jul 2024 11:13:39 GMT', 'Content-Type': 'application/json; charset=utf-8', 'Transfer-Encoding': 'chunked', 'Connection': 'keep-alive', 'X-Powered-By': 'Express', 'Access-Control-Allow-Origin': '*', 'Cache-Control': 'no-cache', 'ETag': 'W/"47f-C0ba82k27gEs1n1wqeAjSfULkU0"', 'Vary': 'Accept-Encoding', 'Content-Encoding': 'gzip', 'CF-Cache-Status': 'DYNAMIC', 'Report-To': '{"endpoints":[{"url":"https:\\/\\/a.nel.cloudflare.com\\/report\\/v4?s=KTVkIJxMaXUSshpt6UESX0S4Kj8uizBEQ%2BznV8y7ksfGkyxHlA%2FZ4NG2u9QrChnMMJQ%2Fz6kQWgdK%2BYQfW%2Bo%2BvXrby1qnuRS7Xf8CMjdjEsXpSOnMbMYlEv%2BsOGAu%2B4RP"}],"group":"cf-nel","max_age":604800}', 'NEL': '{"success_fraction":0,"report_to":"cf-nel","max_age":604800}', 'Server': 'cloudflare', 'CF-RAY': '89ffa56e2be9c5bb-IAD', 'alt-svc': 'h3=":443"; ma=86400'} 
 body={"results":[{"gender":"male","name":{"title":"Mr","first":"Dírio","last":"Moreira"},"location":{"street":{"number":5117,"name":"Rua Paraíba "},"city":"Parauapebas","state":"Amapá","country":"Brazil","postcode":37494,"coordinates":{"latitude":"-73.8127","longitude":"-98.8716"},"timezone":{"offset":"-2:00","description":"Mid-Atlantic"}},"email":"dirio.moreira@example.com","login":{"uuid":"4a687914-e566-4fd6-8168-a0d9d0ed7ace","username":"happyleopard694","password":"basset","salt":"5uyy0ZAG","md5":"d140f5f1dd2f1f077693a5c884c12364","sha1":"d5773ea7070a28d3659d13e113fdb6060353124f","sha256":"a4f2163e8680dad00507a0744ffe578887f32f267cb9a28596a413a431b279d4"},"dob":{"date":"1946-12-31T21:55:37.252Z","age":77},"registered":{"date":"2019-07-20T05:24:46.993Z","age":4},"phone":"(80) 8846-7927","cell":"(16) 3033-8766","id":{"name":"CPF","value":"224.748.439-46"},"picture":{"large":"https://randomuser.me/api/portraits/men/60.jpg","medium":"https://randomuser.me/api/portraits/med/men/60.jpg","thumbnail":"https://randomuser.me/api/portraits/thumb/men/60.jpg"},"nat":"BR"}],"info":{"seed":"91d0656063eca2dd","results":1,"page":1,"version":"1.4"}} 
 </msg>
<msg time="2024-07-08T11:13:39.637639" level="INFO">/opt/hostedtoolcache/Python/3.12.4/x64/lib/python3.12/site-packages/urllib3/connectionpool.py:1099: InsecureRequestWarning: Unverified HTTPS request is being made to host 'randomuser.me'. Adding certificate verification is strongly advised. See: https://urllib3.readthedocs.io/en/latest/advanced-usage.html#tls-warnings
  warnings.warn(</msg>
<msg time="2024-07-08T11:13:39.637781" level="INFO">${response} = &lt;Response [200]&gt;</msg>
<var>${response}</var>
<arg>consultarAPI</arg>
<arg>/api</arg>
<doc>Sends a GET request on a previously created HTTP Session.</doc>
<status status="PASS" start="2024-07-08T11:13:39.546307" elapsed="0.091516"/>
</kw>
<kw name="Set Variable" owner="BuiltIn">
<msg time="2024-07-08T11:13:39.638948" level="INFO">${json_data} = {'results': [{'gender': 'male', 'name': {'title': 'Mr', 'first': 'Dírio', 'last': 'Moreira'}, 'location': {'street': {'number': 5117, 'name': 'Rua Paraíba '}, 'city': 'Parauapebas', 'state': 'Amapá', ...</msg>
<var>${json_data}</var>
<arg>${response.json()}</arg>
<doc>Returns the given values which can then be assigned to a variables.</doc>
<status status="PASS" start="2024-07-08T11:13:39.638375" elapsed="0.000602"/>
</kw>
<kw name="Log" owner="BuiltIn">
<msg time="2024-07-08T11:13:39.639452" level="INFO">{'results': [{'gender': 'male', 'name': {'title': 'Mr', 'first': 'Dírio', 'last': 'Moreira'}, 'location': {'street': {'number': 5117, 'name': 'Rua Paraíba '}, 'city': 'Parauapebas', 'state': 'Amapá', 'country': 'Brazil', 'postcode': 37494, 'coordinates': {'latitude': '-73.8127', 'longitude': '-98.8716'}, 'timezone': {'offset': '-2:00', 'description': 'Mid-Atlantic'}}, 'email': 'dirio.moreira@example.com', 'login': {'uuid': '4a687914-e566-4fd6-8168-a0d9d0ed7ace', 'username': 'happyleopard694', 'password': 'basset', 'salt': '5uyy0ZAG', 'md5': 'd140f5f1dd2f1f077693a5c884c12364', 'sha1': 'd5773ea7070a28d3659d13e113fdb6060353124f', 'sha256': 'a4f2163e8680dad00507a0744ffe578887f32f267cb9a28596a413a431b279d4'}, 'dob': {'date': '1946-12-31T21:55:37.252Z', 'age': 77}, 'registered': {'date': '2019-07-20T05:24:46.993Z', 'age': 4}, 'phone': '(80) 8846-7927', 'cell': '(16) 3033-8766', 'id': {'name': 'CPF', 'value': '224.748.439-46'}, 'picture': {'large': 'https://randomuser.me/api/portraits/men/60.jpg', 'medium': 'https://randomuser.me/api/portraits/med/men/60.jpg', 'thumbnail': 'https://randomuser.me/api/portraits/thumb/men/60.jpg'}, 'nat': 'BR'}], 'info': {'seed': '91d0656063eca2dd', 'results': 1, 'page': 1, 'version': '1.4'}}</msg>
<arg>${json_data}</arg>
<doc>Logs the given message with the given level.</doc>
<status status="PASS" start="2024-07-08T11:13:39.639290" elapsed="0.000211"/>
</kw>
<kw name="Dictionary Should Contain Key" owner="Collections">
<arg>${json_data}</arg>
<arg>results</arg>
<doc>Fails if ``key`` is not found from ``dictionary``.</doc>
<status status="PASS" start="2024-07-08T11:13:39.639804" elapsed="0.000165"/>
</kw>
<kw name="Should Not Be Empty" owner="BuiltIn">
<msg time="2024-07-08T11:13:39.640285" level="INFO">Length is 2.</msg>
<arg>${json_data}</arg>
<doc>Verifies that the given item is not empty.</doc>
<status status="PASS" start="2024-07-08T11:13:39.640153" elapsed="0.000170"/>
</kw>
<kw name="Create List" owner="BuiltIn">
<msg time="2024-07-08T11:13:39.640926" level="INFO">${expected_keys} = ['gender', 'name', 'location', 'email', 'login']</msg>
<var>${expected_keys}</var>
<arg>gender</arg>
<arg>name</arg>
<arg>location</arg>
<arg>email</arg>
<arg>login</arg>
<doc>Returns a list containing given items.</doc>
<status status="PASS" start="2024-07-08T11:13:39.640620" elapsed="0.000331"/>
</kw>
<for flavor="IN">
<iter>
<kw name="Dictionary Should Contain Key" owner="Collections">
<arg>${json_data['results'][0]}</arg>
<arg>${key}</arg>
<doc>Fails if ``key`` is not found from ``dictionary``.</doc>
<status status="PASS" start="2024-07-08T11:13:39.641539" elapsed="0.000400"/>
</kw>
<kw name="Log" owner="BuiltIn">
<msg time="2024-07-08T11:13:39.642488" level="INFO">{'gender': 'male', 'name': {'title': 'Mr', 'first': 'Dírio', 'last': 'Moreira'}, 'location': {'street': {'number': 5117, 'name': 'Rua Paraíba '}, 'city': 'Parauapebas', 'state': 'Amapá', 'country': 'Brazil', 'postcode': 37494, 'coordinates': {'latitude': '-73.8127', 'longitude': '-98.8716'}, 'timezone': {'offset': '-2:00', 'description': 'Mid-Atlantic'}}, 'email': 'dirio.moreira@example.com', 'login': {'uuid': '4a687914-e566-4fd6-8168-a0d9d0ed7ace', 'username': 'happyleopard694', 'password': 'basset', 'salt': '5uyy0ZAG', 'md5': 'd140f5f1dd2f1f077693a5c884c12364', 'sha1': 'd5773ea7070a28d3659d13e113fdb6060353124f', 'sha256': 'a4f2163e8680dad00507a0744ffe578887f32f267cb9a28596a413a431b279d4'}, 'dob': {'date': '1946-12-31T21:55:37.252Z', 'age': 77}, 'registered': {'date': '2019-07-20T05:24:46.993Z', 'age': 4}, 'phone': '(80) 8846-7927', 'cell': '(16) 3033-8766', 'id': {'name': 'CPF', 'value': '224.748.439-46'}, 'picture': {'large': 'https://randomuser.me/api/portraits/men/60.jpg', 'medium': 'https://randomuser.me/api/portraits/med/men/60.jpg', 'thumbnail': 'https://randomuser.me/api/portraits/thumb/men/60.jpg'}, 'nat': 'BR'}</msg>
<arg>${json_data['results'][0]}</arg>
<doc>Logs the given message with the given level.</doc>
<status status="PASS" start="2024-07-08T11:13:39.642126" elapsed="0.000447"/>
</kw>
<kw name="Log" owner="BuiltIn">
<msg time="2024-07-08T11:13:39.643010" level="INFO">gender</msg>
<arg>${key}</arg>
<doc>Logs the given message with the given level.</doc>
<status status="PASS" start="2024-07-08T11:13:39.642883" elapsed="0.000165"/>
</kw>
<var name="${key}">gender</var>
<status status="PASS" start="2024-07-08T11:13:39.641415" elapsed="0.001848"/>
</iter>
<iter>
<kw name="Dictionary Should Contain Key" owner="Collections">
<arg>${json_data['results'][0]}</arg>
<arg>${key}</arg>
<doc>Fails if ``key`` is not found from ``dictionary``.</doc>
<status status="PASS" start="2024-07-08T11:13:39.643567" elapsed="0.000405"/>
</kw>
<kw name="Log" owner="BuiltIn">
<msg time="2024-07-08T11:13:39.644520" level="INFO">{'gender': 'male', 'name': {'title': 'Mr', 'first': 'Dírio', 'last': 'Moreira'}, 'location': {'street': {'number': 5117, 'name': 'Rua Paraíba '}, 'city': 'Parauapebas', 'state': 'Amapá', 'country': 'Brazil', 'postcode': 37494, 'coordinates': {'latitude': '-73.8127', 'longitude': '-98.8716'}, 'timezone': {'offset': '-2:00', 'description': 'Mid-Atlantic'}}, 'email': 'dirio.moreira@example.com', 'login': {'uuid': '4a687914-e566-4fd6-8168-a0d9d0ed7ace', 'username': 'happyleopard694', 'password': 'basset', 'salt': '5uyy0ZAG', 'md5': 'd140f5f1dd2f1f077693a5c884c12364', 'sha1': 'd5773ea7070a28d3659d13e113fdb6060353124f', 'sha256': 'a4f2163e8680dad00507a0744ffe578887f32f267cb9a28596a413a431b279d4'}, 'dob': {'date': '1946-12-31T21:55:37.252Z', 'age': 77}, 'registered': {'date': '2019-07-20T05:24:46.993Z', 'age': 4}, 'phone': '(80) 8846-7927', 'cell': '(16) 3033-8766', 'id': {'name': 'CPF', 'value': '224.748.439-46'}, 'picture': {'large': 'https://randomuser.me/api/portraits/men/60.jpg', 'medium': 'https://randomuser.me/api/portraits/med/men/60.jpg', 'thumbnail': 'https://randomuser.me/api/portraits/thumb/men/60.jpg'}, 'nat': 'BR'}</msg>
<arg>${json_data['results'][0]}</arg>
<doc>Logs the given message with the given level.</doc>
<status status="PASS" start="2024-07-08T11:13:39.644153" elapsed="0.000451"/>
</kw>
<kw name="Log" owner="BuiltIn">
<msg time="2024-07-08T11:13:39.645031" level="INFO">name</msg>
<arg>${key}</arg>
<doc>Logs the given message with the given level.</doc>
<status status="PASS" start="2024-07-08T11:13:39.644904" elapsed="0.000164"/>
</kw>
<var name="${key}">name</var>
<status status="PASS" start="2024-07-08T11:13:39.643448" elapsed="0.001836"/>
</iter>
<iter>
<kw name="Dictionary Should Contain Key" owner="Collections">
<arg>${json_data['results'][0]}</arg>
<arg>${key}</arg>
<doc>Fails if ``key`` is not found from ``dictionary``.</doc>
<status status="PASS" start="2024-07-08T11:13:39.645567" elapsed="0.000378"/>
</kw>
<kw name="Log" owner="BuiltIn">
<msg time="2024-07-08T11:13:39.646477" level="INFO">{'gender': 'male', 'name': {'title': 'Mr', 'first': 'Dírio', 'last': 'Moreira'}, 'location': {'street': {'number': 5117, 'name': 'Rua Paraíba '}, 'city': 'Parauapebas', 'state': 'Amapá', 'country': 'Brazil', 'postcode': 37494, 'coordinates': {'latitude': '-73.8127', 'longitude': '-98.8716'}, 'timezone': {'offset': '-2:00', 'description': 'Mid-Atlantic'}}, 'email': 'dirio.moreira@example.com', 'login': {'uuid': '4a687914-e566-4fd6-8168-a0d9d0ed7ace', 'username': 'happyleopard694', 'password': 'basset', 'salt': '5uyy0ZAG', 'md5': 'd140f5f1dd2f1f077693a5c884c12364', 'sha1': 'd5773ea7070a28d3659d13e113fdb6060353124f', 'sha256': 'a4f2163e8680dad00507a0744ffe578887f32f267cb9a28596a413a431b279d4'}, 'dob': {'date': '1946-12-31T21:55:37.252Z', 'age': 77}, 'registered': {'date': '2019-07-20T05:24:46.993Z', 'age': 4}, 'phone': '(80) 8846-7927', 'cell': '(16) 3033-8766', 'id': {'name': 'CPF', 'value': '224.748.439-46'}, 'picture': {'large': 'https://randomuser.me/api/portraits/men/60.jpg', 'medium': 'https://randomuser.me/api/portraits/med/men/60.jpg', 'thumbnail': 'https://randomuser.me/api/portraits/thumb/men/60.jpg'}, 'nat': 'BR'}</msg>
<arg>${json_data['results'][0]}</arg>
<doc>Logs the given message with the given level.</doc>
<status status="PASS" start="2024-07-08T11:13:39.646127" elapsed="0.000443"/>
</kw>
<kw name="Log" owner="BuiltIn">
<msg time="2024-07-08T11:13:39.647018" level="INFO">location</msg>
<arg>${key}</arg>
<doc>Logs the given message with the given level.</doc>
<status status="PASS" start="2024-07-08T11:13:39.646890" elapsed="0.000165"/>
</kw>
<var name="${key}">location</var>
<status status="PASS" start="2024-07-08T11:13:39.645459" elapsed="0.001811"/>
</iter>
<iter>
<kw name="Dictionary Should Contain Key" owner="Collections">
<arg>${json_data['results'][0]}</arg>
<arg>${key}</arg>
<doc>Fails if ``key`` is not found from ``dictionary``.</doc>
<status status="PASS" start="2024-07-08T11:13:39.647547" elapsed="0.000400"/>
</kw>
<kw name="Log" owner="BuiltIn">
<msg time="2024-07-08T11:13:39.648481" level="INFO">{'gender': 'male', 'name': {'title': 'Mr', 'first': 'Dírio', 'last': 'Moreira'}, 'location': {'street': {'number': 5117, 'name': 'Rua Paraíba '}, 'city': 'Parauapebas', 'state': 'Amapá', 'country': 'Brazil', 'postcode': 37494, 'coordinates': {'latitude': '-73.8127', 'longitude': '-98.8716'}, 'timezone': {'offset': '-2:00', 'description': 'Mid-Atlantic'}}, 'email': 'dirio.moreira@example.com', 'login': {'uuid': '4a687914-e566-4fd6-8168-a0d9d0ed7ace', 'username': 'happyleopard694', 'password': 'basset', 'salt': '5uyy0ZAG', 'md5': 'd140f5f1dd2f1f077693a5c884c12364', 'sha1': 'd5773ea7070a28d3659d13e113fdb6060353124f', 'sha256': 'a4f2163e8680dad00507a0744ffe578887f32f267cb9a28596a413a431b279d4'}, 'dob': {'date': '1946-12-31T21:55:37.252Z', 'age': 77}, 'registered': {'date': '2019-07-20T05:24:46.993Z', 'age': 4}, 'phone': '(80) 8846-7927', 'cell': '(16) 3033-8766', 'id': {'name': 'CPF', 'value': '224.748.439-46'}, 'picture': {'large': 'https://randomuser.me/api/portraits/men/60.jpg', 'medium': 'https://randomuser.me/api/portraits/med/men/60.jpg', 'thumbnail': 'https://randomuser.me/api/portraits/thumb/men/60.jpg'}, 'nat': 'BR'}</msg>
<arg>${json_data['results'][0]}</arg>
<doc>Logs the given message with the given level.</doc>
<status status="PASS" start="2024-07-08T11:13:39.648129" elapsed="0.000401"/>
</kw>
<kw name="Log" owner="BuiltIn">
<msg time="2024-07-08T11:13:39.648952" level="INFO">email</msg>
<arg>${key}</arg>
<doc>Logs the given message with the given level.</doc>
<status status="PASS" start="2024-07-08T11:13:39.648827" elapsed="0.000163"/>
</kw>
<var name="${key}">email</var>
<status status="PASS" start="2024-07-08T11:13:39.647440" elapsed="0.001762"/>
</iter>
<iter>
<kw name="Dictionary Should Contain Key" owner="Collections">
<arg>${json_data['results'][0]}</arg>
<arg>${key}</arg>
<doc>Fails if ``key`` is not found from ``dictionary``.</doc>
<status status="PASS" start="2024-07-08T11:13:39.649484" elapsed="0.000383"/>
</kw>
<kw name="Log" owner="BuiltIn">
<msg time="2024-07-08T11:13:39.650403" level="INFO">{'gender': 'male', 'name': {'title': 'Mr', 'first': 'Dírio', 'last': 'Moreira'}, 'location': {'street': {'number': 5117, 'name': 'Rua Paraíba '}, 'city': 'Parauapebas', 'state': 'Amapá', 'country': 'Brazil', 'postcode': 37494, 'coordinates': {'latitude': '-73.8127', 'longitude': '-98.8716'}, 'timezone': {'offset': '-2:00', 'description': 'Mid-Atlantic'}}, 'email': 'dirio.moreira@example.com', 'login': {'uuid': '4a687914-e566-4fd6-8168-a0d9d0ed7ace', 'username': 'happyleopard694', 'password': 'basset', 'salt': '5uyy0ZAG', 'md5': 'd140f5f1dd2f1f077693a5c884c12364', 'sha1': 'd5773ea7070a28d3659d13e113fdb6060353124f', 'sha256': 'a4f2163e8680dad00507a0744ffe578887f32f267cb9a28596a413a431b279d4'}, 'dob': {'date': '1946-12-31T21:55:37.252Z', 'age': 77}, 'registered': {'date': '2019-07-20T05:24:46.993Z', 'age': 4}, 'phone': '(80) 8846-7927', 'cell': '(16) 3033-8766', 'id': {'name': 'CPF', 'value': '224.748.439-46'}, 'picture': {'large': 'https://randomuser.me/api/portraits/men/60.jpg', 'medium': 'https://randomuser.me/api/portraits/med/men/60.jpg', 'thumbnail': 'https://randomuser.me/api/portraits/thumb/men/60.jpg'}, 'nat': 'BR'}</msg>
<arg>${json_data['results'][0]}</arg>
<doc>Logs the given message with the given level.</doc>
<status status="PASS" start="2024-07-08T11:13:39.650047" elapsed="0.000405"/>
</kw>
<kw name="Log" owner="BuiltIn">
<msg time="2024-07-08T11:13:39.650902" level="INFO">login</msg>
<arg>${key}</arg>
<doc>Logs the given message with the given level.</doc>
<status status="PASS" start="2024-07-08T11:13:39.650777" elapsed="0.000162"/>
</kw>
<var name="${key}">login</var>
<status status="PASS" start="2024-07-08T11:13:39.649369" elapsed="0.001781"/>
</iter>
<var>${key}</var>
<value>@{expected_keys}</value>
<status status="PASS" start="2024-07-08T11:13:39.641217" elapsed="0.010054"/>
</for>
<kw name="Create List" owner="BuiltIn">
<msg time="2024-07-08T11:13:39.651594" level="INFO">${expected_keysTwo} = ['username', 'password']</msg>
<var>${expected_keysTwo}</var>
<arg>username</arg>
<arg>password</arg>
<doc>Returns a list containing given items.</doc>
<status status="PASS" start="2024-07-08T11:13:39.651458" elapsed="0.000160"/>
</kw>
<for flavor="IN">
<iter>
<kw name="Dictionary Should Contain Key" owner="Collections">
<arg>${json_data['results'][0]['login']}</arg>
<arg>${keyTwo}</arg>
<doc>Fails if ``key`` is not found from ``dictionary``.</doc>
<status status="PASS" start="2024-07-08T11:13:39.652131" elapsed="0.000377"/>
</kw>
<kw name="Dictionary Should Contain Key" owner="Collections">
<arg>${json_data['results'][0]['login']}</arg>
<arg>${keyTwo}</arg>
<doc>Fails if ``key`` is not found from ``dictionary``.</doc>
<status status="PASS" start="2024-07-08T11:13:39.652685" elapsed="0.000374"/>
</kw>
<kw name="Log" owner="BuiltIn">
<msg time="2024-07-08T11:13:39.653360" level="INFO">username</msg>
<arg>${keyTwo}</arg>
<doc>Logs the given message with the given level.</doc>
<status status="PASS" start="2024-07-08T11:13:39.653239" elapsed="0.000158"/>
</kw>
<var name="${keyTwo}">username</var>
<status status="PASS" start="2024-07-08T11:13:39.652026" elapsed="0.001595"/>
</iter>
<iter>
<kw name="Dictionary Should Contain Key" owner="Collections">
<arg>${json_data['results'][0]['login']}</arg>
<arg>${keyTwo}</arg>
<doc>Fails if ``key`` is not found from ``dictionary``.</doc>
<status status="PASS" start="2024-07-08T11:13:39.653895" elapsed="0.000383"/>
</kw>
<kw name="Dictionary Should Contain Key" owner="Collections">
<arg>${json_data['results'][0]['login']}</arg>
<arg>${keyTwo}</arg>
<doc>Fails if ``key`` is not found from ``dictionary``.</doc>
<status status="PASS" start="2024-07-08T11:13:39.654452" elapsed="0.000419"/>
</kw>
<kw name="Log" owner="BuiltIn">
<msg time="2024-07-08T11:13:39.655164" level="INFO">password</msg>
<arg>${keyTwo}</arg>
<doc>Logs the given message with the given level.</doc>
<status status="PASS" start="2024-07-08T11:13:39.655046" elapsed="0.000160"/>
</kw>
<var name="${keyTwo}">password</var>
<status status="PASS" start="2024-07-08T11:13:39.653791" elapsed="0.001745"/>
</iter>
<var>${keyTwo}</var>
<value>@{expected_keysTwo}</value>
<status status="PASS" start="2024-07-08T11:13:39.651876" elapsed="0.003780"/>
</for>
<status status="PASS" start="2024-07-08T11:13:39.546070" elapsed="0.109727"/>
</kw>
<doc>Testa a estrutura da resposta da API.</doc>
<tag>testeEstruturaResposta</tag>
<status status="PASS" start="2024-07-08T11:13:39.545514" elapsed="0.110436"/>
</test>
<test id="s1-s1-t4" name="Validar tipos de dados" line="28">
<kw name="Teste de Tipos de Dados" owner="random-user-service">
<kw name="GET On Session" owner="RequestsLibrary">
<msg time="2024-07-08T11:13:39.746280" level="INFO">GET Request : url=https://randomuser.me/api 
 path_url=/api 
 headers={'User-Agent': 'python-requests/2.32.3', 'Accept-Encoding': 'gzip, deflate', 'Accept': '*/*', 'Connection': 'keep-alive'} 
 body=None 
 </msg>
<msg time="2024-07-08T11:13:39.746390" level="INFO">GET Response : url=https://randomuser.me/api 
 status=200, reason=OK 
 headers={'Date': 'Mon, 08 Jul 2024 11:13:39 GMT', 'Content-Type': 'application/json; charset=utf-8', 'Transfer-Encoding': 'chunked', 'Connection': 'keep-alive', 'X-Powered-By': 'Express', 'Access-Control-Allow-Origin': '*', 'Cache-Control': 'no-cache', 'ETag': 'W/"499-FtQfKSkW53owl4y3JnJXhxRZzIs"', 'Vary': 'Accept-Encoding', 'Content-Encoding': 'gzip', 'CF-Cache-Status': 'DYNAMIC', 'Report-To': '{"endpoints":[{"url":"https:\\/\\/a.nel.cloudflare.com\\/report\\/v4?s=UNIZXlgXeVXlU7l3N5cwUp15IRXdBrrgsnn7tZ7W48W146Tkd4MRXbL0gZwsEX2GyRje0oTW3RRtr3iGv4kfxUWZV2vQLpoMBYugPRwHde%2B6h8IH3Hi8qAUNd%2FWbtF83"}],"group":"cf-nel","max_age":604800}', 'NEL': '{"success_fraction":0,"report_to":"cf-nel","max_age":604800}', 'Server': 'cloudflare', 'CF-RAY': '89ffa56eec94c5bb-IAD', 'alt-svc': 'h3=":443"; ma=86400'} 
 body={"results":[{"gender":"female","name":{"title":"Ms","first":"Abigail","last":"Carr"},"location":{"street":{"number":2862,"name":"Church Road"},"city":"Westminster","state":"South Yorkshire","country":"United Kingdom","postcode":"RM6 1XY","coordinates":{"latitude":"-8.6175","longitude":"76.4673"},"timezone":{"offset":"-12:00","description":"Eniwetok, Kwajalein"}},"email":"abigail.carr@example.com","login":{"uuid":"01d042ec-a7f7-46de-858f-d59fffbf6ea4","username":"yellowswan384","password":"liverpoo","salt":"B8EAZ3au","md5":"511f5d7c3e9eadaa35a271ae1d9df4b8","sha1":"fcb7896b7e06d812175c02dedef4e708b42039ce","sha256":"e06a2c07a3351045599c10d89b91e9a192d00ee4a195479aacb4a7bd75424844"},"dob":{"date":"1977-03-16T18:39:05.768Z","age":47},"registered":{"date":"2021-05-21T08:27:08.745Z","age":3},"phone":"016974 34914","cell":"07579 682797","id":{"name":"NINO","value":"LY 60 98 95 S"},"picture":{"large":"https://randomuser.me/api/portraits/women/95.jpg","medium":"https://randomuser.me/api/portraits/med/women/95.jpg","thumbnail":"https://randomuser.me/api/portraits/thumb/women/95.jpg"},"nat":"GB"}],"info":{"seed":"7605f1d7f359ced9","results":1,"page":1,"version":"1.4"}} 
 </msg>
<msg time="2024-07-08T11:13:39.746475" level="INFO">/opt/hostedtoolcache/Python/3.12.4/x64/lib/python3.12/site-packages/urllib3/connectionpool.py:1099: InsecureRequestWarning: Unverified HTTPS request is being made to host 'randomuser.me'. Adding certificate verification is strongly advised. See: https://urllib3.readthedocs.io/en/latest/advanced-usage.html#tls-warnings
  warnings.warn(</msg>
<msg time="2024-07-08T11:13:39.746660" level="INFO">${response} = &lt;Response [200]&gt;</msg>
<var>${response}</var>
<arg>consultarAPI</arg>
<arg>/api</arg>
<doc>Sends a GET request on a previously created HTTP Session.</doc>
<status status="PASS" start="2024-07-08T11:13:39.658543" elapsed="0.088168"/>
</kw>
<kw name="Set Variable" owner="BuiltIn">
<msg time="2024-07-08T11:13:39.748076" level="INFO">${json_data} = {'results': [{'gender': 'female', 'name': {'title': 'Ms', 'first': 'Abigail', 'last': 'Carr'}, 'location': {'street': {'number': 2862, 'name': 'Church Road'}, 'city': 'Westminster', 'state': 'South Yo...</msg>
<var>${json_data}</var>
<arg>${response.json()}</arg>
<doc>Returns the given values which can then be assigned to a variables.</doc>
<status status="PASS" start="2024-07-08T11:13:39.747412" elapsed="0.000693"/>
</kw>
<kw name="Log" owner="BuiltIn">
<msg time="2024-07-08T11:13:39.748585" level="INFO">{'results': [{'gender': 'female', 'name': {'title': 'Ms', 'first': 'Abigail', 'last': 'Carr'}, 'location': {'street': {'number': 2862, 'name': 'Church Road'}, 'city': 'Westminster', 'state': 'South Yorkshire', 'country': 'United Kingdom', 'postcode': 'RM6 1XY', 'coordinates': {'latitude': '-8.6175', 'longitude': '76.4673'}, 'timezone': {'offset': '-12:00', 'description': 'Eniwetok, Kwajalein'}}, 'email': 'abigail.carr@example.com', 'login': {'uuid': '01d042ec-a7f7-46de-858f-d59fffbf6ea4', 'username': 'yellowswan384', 'password': 'liverpoo', 'salt': 'B8EAZ3au', 'md5': '511f5d7c3e9eadaa35a271ae1d9df4b8', 'sha1': 'fcb7896b7e06d812175c02dedef4e708b42039ce', 'sha256': 'e06a2c07a3351045599c10d89b91e9a192d00ee4a195479aacb4a7bd75424844'}, 'dob': {'date': '1977-03-16T18:39:05.768Z', 'age': 47}, 'registered': {'date': '2021-05-21T08:27:08.745Z', 'age': 3}, 'phone': '016974 34914', 'cell': '07579 682797', 'id': {'name': 'NINO', 'value': 'LY 60 98 95 S'}, 'picture': {'large': 'https://randomuser.me/api/portraits/women/95.jpg', 'medium': 'https://randomuser.me/api/portraits/med/women/95.jpg', 'thumbnail': 'https://randomuser.me/api/portraits/thumb/women/95.jpg'}, 'nat': 'GB'}], 'info': {'seed': '7605f1d7f359ced9', 'results': 1, 'page': 1, 'version': '1.4'}}</msg>
<arg>${json_data}</arg>
<doc>Logs the given message with the given level.</doc>
<status status="PASS" start="2024-07-08T11:13:39.748423" elapsed="0.000211"/>
</kw>
<kw name="Should Be String" owner="String">
<arg>${json_data['results'][0]['gender']}</arg>
<doc>Fails if the given ``item`` is not a string.</doc>
<status status="PASS" start="2024-07-08T11:13:39.748927" elapsed="0.000384"/>
</kw>
<kw name="Should Match Regexp" owner="BuiltIn">
<arg>${json_data['results'][0]['email']}</arg>
<arg>^[a-zA-Z0-9._%+-]+@[a-zA-Z0-9.-]+\.[a-zA-Z]{2,}$</arg>
<doc>Fails if ``string`` does not match ``pattern`` as a regular expression.</doc>
<status status="PASS" start="2024-07-08T11:13:39.749499" elapsed="0.000513"/>
</kw>
<kw name="Should Match Regexp" owner="BuiltIn">
<arg>${json_data['results'][0]['dob']['date']}</arg>
<arg>\\d{4}-\\d{2}-\\d{2}T\\d{2}:\\d{2}:\\d{2}\\.\\d{3}Z</arg>
<doc>Fails if ``string`` does not match ``pattern`` as a regular expression.</doc>
<status status="PASS" start="2024-07-08T11:13:39.750243" elapsed="0.000532"/>
</kw>
<kw name="Should Match Regexp" owner="BuiltIn">
<arg>${json_data['results'][0]['registered']['date']}</arg>
<arg>\\d{4}-\\d{2}-\\d{2}T\\d{2}:\\d{2}:\\d{2}\\.\\d{3}Z</arg>
<doc>Fails if ``string`` does not match ``pattern`` as a regular expression.</doc>
<status status="PASS" start="2024-07-08T11:13:39.750968" elapsed="0.000370"/>
</kw>
<kw name="Should Match Regexp" owner="BuiltIn">
<arg>${json_data['results'][0]['picture']['large']}</arg>
<arg>^https?://.*\.(?:png|jpe?g|gif|bmp)$</arg>
<doc>Fails if ``string`` does not match ``pattern`` as a regular expression.</doc>
<status status="PASS" start="2024-07-08T11:13:39.751525" elapsed="0.000486"/>
</kw>
<kw name="Should Match Regexp" owner="BuiltIn">
<arg>${json_data['results'][0]['picture']['medium']}</arg>
<arg>^https?://.*\.(?:png|jpe?g|gif|bmp)$</arg>
<doc>Fails if ``string`` does not match ``pattern`` as a regular expression.</doc>
<status status="PASS" start="2024-07-08T11:13:39.752222" elapsed="0.000368"/>
</kw>
<kw name="Should Match Regexp" owner="BuiltIn">
<arg>${json_data['results'][0]['picture']['thumbnail']}</arg>
<arg>^https?://.*\.(?:png|jpe?g|gif|bmp)$</arg>
<doc>Fails if ``string`` does not match ``pattern`` as a regular expression.</doc>
<status status="PASS" start="2024-07-08T11:13:39.752775" elapsed="0.000348"/>
</kw>
<kw name="Log" owner="BuiltIn">
<msg time="2024-07-08T11:13:39.753639" level="INFO">{'large': 'https://randomuser.me/api/portraits/women/95.jpg', 'medium': 'https://randomuser.me/api/portraits/med/women/95.jpg', 'thumbnail': 'https://randomuser.me/api/portraits/thumb/women/95.jpg'}</msg>
<arg>${json_data['results'][0]['picture']}</arg>
<doc>Logs the given message with the given level.</doc>
<status status="PASS" start="2024-07-08T11:13:39.753303" elapsed="0.000379"/>
</kw>
<status status="PASS" start="2024-07-08T11:13:39.658300" elapsed="0.095639"/>
</kw>
<kw name="Teste de Tipos de Dados - Postcode" owner="random-user-service">
<kw name="GET On Session" owner="RequestsLibrary">
<msg time="2024-07-08T11:13:39.844497" level="INFO">GET Request : url=https://randomuser.me/api 
 path_url=/api 
 headers={'User-Agent': 'python-requests/2.32.3', 'Accept-Encoding': 'gzip, deflate', 'Accept': '*/*', 'Connection': 'keep-alive'} 
 body=None 
 </msg>
<msg time="2024-07-08T11:13:39.844612" level="INFO">GET Response : url=https://randomuser.me/api 
 status=200, reason=OK 
 headers={'Date': 'Mon, 08 Jul 2024 11:13:39 GMT', 'Content-Type': 'application/json; charset=utf-8', 'Transfer-Encoding': 'chunked', 'Connection': 'keep-alive', 'X-Powered-By': 'Express', 'Access-Control-Allow-Origin': '*', 'Cache-Control': 'no-cache', 'ETag': 'W/"497-G0uZ+f7x4ZvHBiK+pSXiQVI0/Ak"', 'Vary': 'Accept-Encoding', 'Content-Encoding': 'gzip', 'CF-Cache-Status': 'DYNAMIC', 'Report-To': '{"endpoints":[{"url":"https:\\/\\/a.nel.cloudflare.com\\/report\\/v4?s=ZDfF5xnpPBa4KW7HoCHYdXv5FPLYCyJBHl26QluYPXXCIuFfjngQ7SmM%2F7BF0A0T3Q7jZmVBkWY%2Fzw%2F6QPm2fUfZ2wFRLaRitRJ9X0FzTrPkdvbGgfNKX%2BcdiZQHaaiI"}],"group":"cf-nel","max_age":604800}', 'NEL': '{"success_fraction":0,"report_to":"cf-nel","max_age":604800}', 'Server': 'cloudflare', 'CF-RAY': '89ffa56f7d21c5bb-IAD', 'alt-svc': 'h3=":443"; ma=86400'} 
 body={"results":[{"gender":"male","name":{"title":"Mr","first":"Marco","last":"Pedraza"},"location":{"street":{"number":9029,"name":"Continuación Franco"},"city":"Ixcateopan de Cuauhtémoc","state":"Estado de Mexico","country":"Mexico","postcode":79408,"coordinates":{"latitude":"29.5580","longitude":"-132.6551"},"timezone":{"offset":"+5:45","description":"Kathmandu"}},"email":"marco.pedraza@example.com","login":{"uuid":"aabe755c-3a12-43ad-91b0-f24a313205d1","username":"sadbear997","password":"admin1","salt":"nQhhoOZx","md5":"179391ceb6fea536d0367c4c1cfabbad","sha1":"a550cfef2703fa3145e090fa6855a648223aec4a","sha256":"b4a31dd27e42967b4de4c03a207da8bce385113a47a27e206a1813c5425cf349"},"dob":{"date":"1952-06-09T18:29:23.305Z","age":72},"registered":{"date":"2007-05-12T17:13:37.891Z","age":17},"phone":"(621) 210 3811","cell":"(600) 919 7856","id":{"name":"NSS","value":"94 95 12 6284 6"},"picture":{"large":"https://randomuser.me/api/portraits/men/63.jpg","medium":"https://randomuser.me/api/portraits/med/men/63.jpg","thumbnail":"https://randomuser.me/api/portraits/thumb/men/63.jpg"},"nat":"MX"}],"info":{"seed":"5654cfc56df27fa1","results":1,"page":1,"version":"1.4"}} 
 </msg>
<msg time="2024-07-08T11:13:39.844701" level="INFO">/opt/hostedtoolcache/Python/3.12.4/x64/lib/python3.12/site-packages/urllib3/connectionpool.py:1099: InsecureRequestWarning: Unverified HTTPS request is being made to host 'randomuser.me'. Adding certificate verification is strongly advised. See: https://urllib3.readthedocs.io/en/latest/advanced-usage.html#tls-warnings
  warnings.warn(</msg>
<msg time="2024-07-08T11:13:39.844836" level="INFO">${response} = &lt;Response [200]&gt;</msg>
<var>${response}</var>
<arg>consultarAPI</arg>
<arg>/api</arg>
<doc>Sends a GET request on a previously created HTTP Session.</doc>
<status status="PASS" start="2024-07-08T11:13:39.754411" elapsed="0.090474"/>
</kw>
<kw name="Set Variable" owner="BuiltIn">
<msg time="2024-07-08T11:13:39.845983" level="INFO">${json_data} = {'results': [{'gender': 'male', 'name': {'title': 'Mr', 'first': 'Marco', 'last': 'Pedraza'}, 'location': {'street': {'number': 9029, 'name': 'Continuación Franco'}, 'city': 'Ixcateopan de Cuauhtémoc'...</msg>
<var>${json_data}</var>
<arg>${response.json()}</arg>
<doc>Returns the given values which can then be assigned to a variables.</doc>
<status status="PASS" start="2024-07-08T11:13:39.845445" elapsed="0.000569"/>
</kw>
<kw name="Log" owner="BuiltIn">
<msg time="2024-07-08T11:13:39.846483" level="INFO">{'results': [{'gender': 'male', 'name': {'title': 'Mr', 'first': 'Marco', 'last': 'Pedraza'}, 'location': {'street': {'number': 9029, 'name': 'Continuación Franco'}, 'city': 'Ixcateopan de Cuauhtémoc', 'state': 'Estado de Mexico', 'country': 'Mexico', 'postcode': 79408, 'coordinates': {'latitude': '29.5580', 'longitude': '-132.6551'}, 'timezone': {'offset': '+5:45', 'description': 'Kathmandu'}}, 'email': 'marco.pedraza@example.com', 'login': {'uuid': 'aabe755c-3a12-43ad-91b0-f24a313205d1', 'username': 'sadbear997', 'password': 'admin1', 'salt': 'nQhhoOZx', 'md5': '179391ceb6fea536d0367c4c1cfabbad', 'sha1': 'a550cfef2703fa3145e090fa6855a648223aec4a', 'sha256': 'b4a31dd27e42967b4de4c03a207da8bce385113a47a27e206a1813c5425cf349'}, 'dob': {'date': '1952-06-09T18:29:23.305Z', 'age': 72}, 'registered': {'date': '2007-05-12T17:13:37.891Z', 'age': 17}, 'phone': '(621) 210 3811', 'cell': '(600) 919 7856', 'id': {'name': 'NSS', 'value': '94 95 12 6284 6'}, 'picture': {'large': 'https://randomuser.me/api/portraits/men/63.jpg', 'medium': 'https://randomuser.me/api/portraits/med/men/63.jpg', 'thumbnail': 'https://randomuser.me/api/portraits/thumb/men/63.jpg'}, 'nat': 'MX'}], 'info': {'seed': '5654cfc56df27fa1', 'results': 1, 'page': 1, 'version': '1.4'}}</msg>
<arg>${json_data}</arg>
<doc>Logs the given message with the given level.</doc>
<status status="PASS" start="2024-07-08T11:13:39.846325" elapsed="0.000265"/>
</kw>
<kw name="Should Be Equal As Numbers" owner="BuiltIn">
<arg>${json_data['results'][0]['location']['postcode']}</arg>
<arg>${json_data['results'][0]['location']['postcode']}</arg>
<doc>Fails if objects are unequal after converting them to real numbers.</doc>
<status status="PASS" start="2024-07-08T11:13:39.846905" elapsed="0.000638"/>
</kw>
<kw name="Log" owner="BuiltIn">
<msg time="2024-07-08T11:13:39.848242" level="INFO">79408</msg>
<arg>${json_data['results'][0]['location']['postcode']}</arg>
<doc>Logs the given message with the given level.</doc>
<status status="PASS" start="2024-07-08T11:13:39.847734" elapsed="0.000550"/>
</kw>
<status status="PASS" start="2024-07-08T11:13:39.754180" elapsed="0.094388"/>
</kw>
<doc>Testa se os tipos de dados na resposta da API estão corretos.</doc>
<tag>testeTiposDados</tag>
<status status="PASS" start="2024-07-08T11:13:39.657750" elapsed="0.190984"/>
</test>
<test id="s1-s1-t5" name="Validar conteudo" line="35">
<kw name="Teste de Tipos de Conteudo" owner="random-user-service">
<kw name="GET On Session" owner="RequestsLibrary">
<msg time="2024-07-08T11:13:39.938123" level="INFO">GET Request : url=https://randomuser.me/api 
 path_url=/api 
 headers={'User-Agent': 'python-requests/2.32.3', 'Accept-Encoding': 'gzip, deflate', 'Accept': '*/*', 'Connection': 'keep-alive'} 
 body=None 
 </msg>
<msg time="2024-07-08T11:13:39.938231" level="INFO">GET Response : url=https://randomuser.me/api 
 status=200, reason=OK 
 headers={'Date': 'Mon, 08 Jul 2024 11:13:39 GMT', 'Content-Type': 'application/json; charset=utf-8', 'Transfer-Encoding': 'chunked', 'Connection': 'keep-alive', 'X-Powered-By': 'Express', 'Access-Control-Allow-Origin': '*', 'Cache-Control': 'no-cache', 'ETag': 'W/"495-vr6DxcDwiFTdkvOCc4d5wR3bhJ0"', 'Vary': 'Accept-Encoding', 'Content-Encoding': 'gzip', 'CF-Cache-Status': 'DYNAMIC', 'Report-To': '{"endpoints":[{"url":"https:\\/\\/a.nel.cloudflare.com\\/report\\/v4?s=dShE%2FhrPxQ2GMdS%2F6TqJM7The7gzWKGaj%2B%2F8wm41Q8PnQjzI0BxbXoB9gZ5TRwrOiLt249IECXv1rBAU5iUyf7duptx8O02d6LO6zXxnVe428uQ15g%2BTcQrsNxah8gTg"}],"group":"cf-nel","max_age":604800}', 'NEL': '{"success_fraction":0,"report_to":"cf-nel","max_age":604800}', 'Server': 'cloudflare', 'CF-RAY': '89ffa5701db0c5bb-IAD', 'alt-svc': 'h3=":443"; ma=86400'} 
 body={"results":[{"gender":"female","name":{"title":"Ms","first":"Neivana","last":"Nogueira"},"location":{"street":{"number":7104,"name":"Rua Santa Luzia "},"city":"Caraguatatuba","state":"Rio Grande do Sul","country":"Brazil","postcode":51608,"coordinates":{"latitude":"-74.7873","longitude":"59.7124"},"timezone":{"offset":"-9:00","description":"Alaska"}},"email":"neivana.nogueira@example.com","login":{"uuid":"baf1ba3c-74a3-4b0c-b9ed-fb6f414e8fb8","username":"ticklishzebra745","password":"ttttt","salt":"tPoRaX9M","md5":"766ff4a296dc9d4b1c1553cfa4dc157a","sha1":"2abf3dd1fe9e95b175191ad1677b97d1befd1f18","sha256":"9ecbc33c57d113143cb50da86040b67e8330974d5585a1c4464ba14b0de2f53e"},"dob":{"date":"1967-11-27T08:12:37.622Z","age":56},"registered":{"date":"2021-12-29T04:08:25.844Z","age":2},"phone":"(03) 8597-5912","cell":"(16) 5957-9875","id":{"name":"CPF","value":"584.024.728-41"},"picture":{"large":"https://randomuser.me/api/portraits/women/28.jpg","medium":"https://randomuser.me/api/portraits/med/women/28.jpg","thumbnail":"https://randomuser.me/api/portraits/thumb/women/28.jpg"},"nat":"BR"}],"info":{"seed":"826c1d22a6a13e94","results":1,"page":1,"version":"1.4"}} 
 </msg>
<msg time="2024-07-08T11:13:39.938307" level="INFO">/opt/hostedtoolcache/Python/3.12.4/x64/lib/python3.12/site-packages/urllib3/connectionpool.py:1099: InsecureRequestWarning: Unverified HTTPS request is being made to host 'randomuser.me'. Adding certificate verification is strongly advised. See: https://urllib3.readthedocs.io/en/latest/advanced-usage.html#tls-warnings
  warnings.warn(</msg>
<msg time="2024-07-08T11:13:39.938448" level="INFO">${response} = &lt;Response [200]&gt;</msg>
<var>${response}</var>
<arg>consultarAPI</arg>
<arg>/api</arg>
<doc>Sends a GET request on a previously created HTTP Session.</doc>
<status status="PASS" start="2024-07-08T11:13:39.851498" elapsed="0.086989"/>
</kw>
<kw name="Set Variable" owner="BuiltIn">
<msg time="2024-07-08T11:13:39.939554" level="INFO">${json_data} = {'results': [{'gender': 'female', 'name': {'title': 'Ms', 'first': 'Neivana', 'last': 'Nogueira'}, 'location': {'street': {'number': 7104, 'name': 'Rua Santa Luzia '}, 'city': 'Caraguatatuba', 'state'...</msg>
<var>${json_data}</var>
<arg>${response.json()}</arg>
<doc>Returns the given values which can then be assigned to a variables.</doc>
<status status="PASS" start="2024-07-08T11:13:39.939044" elapsed="0.000538"/>
</kw>
<kw name="Set Variable" owner="BuiltIn">
<msg time="2024-07-08T11:13:39.940265" level="INFO">${name_title} = Ms</msg>
<var>${name_title}</var>
<arg>${json_data["results"][0]["name"]["title"]}</arg>
<doc>Returns the given values which can then be assigned to a variables.</doc>
<status status="PASS" start="2024-07-08T11:13:39.939885" elapsed="0.000406"/>
</kw>
<kw name="Create List" owner="BuiltIn">
<msg time="2024-07-08T11:13:39.940803" level="INFO">${allowed_titles} = ['Mr', 'Ms', 'Miss', 'Mrs', 'Madame', 'Monsieur']</msg>
<var>${allowed_titles}</var>
<arg>Mr</arg>
<arg>Ms</arg>
<arg>Miss</arg>
<arg>Mrs</arg>
<arg>Madame</arg>
<arg>Monsieur</arg>
<doc>Returns a list containing given items.</doc>
<status status="PASS" start="2024-07-08T11:13:39.940635" elapsed="0.000194"/>
</kw>
<kw name="List Should Contain Value" owner="Collections">
<arg>${allowed_titles}</arg>
<arg>${name_title}</arg>
<doc>Fails if the ``value`` is not found from ``list``.</doc>
<status status="PASS" start="2024-07-08T11:13:39.941137" elapsed="0.000183"/>
</kw>
<kw name="Set Variable" owner="BuiltIn">
<msg time="2024-07-08T11:13:39.941875" level="INFO">${name_country} = BR</msg>
<var>${name_country}</var>
<arg>${json_data["results"][0]["nat"]}</arg>
<doc>Returns the given values which can then be assigned to a variables.</doc>
<status status="PASS" start="2024-07-08T11:13:39.941505" elapsed="0.000395"/>
</kw>
<kw name="Create List" owner="BuiltIn">
<msg time="2024-07-08T11:13:39.942848" level="INFO">${list_country} = ['AD', 'AE', 'AF', 'AG', 'AI', 'AL', 'AM', 'AO', 'AQ', 'AR', 'AS', 'AT', 'AU', 'AW', 'AX', 'AZ', 'BA', 'BB', 'BD', 'BE', 'BF', 'BG', 'BH', 'BI', 'BJ', 'BL', 'BM', 'BN', 'BO', 'BQ', 'BR', 'BS', 'BT', '...</msg>
<var>${list_country}</var>
<arg>AD</arg>
<arg>AE</arg>
<arg>AF</arg>
<arg>AG</arg>
<arg>AI</arg>
<arg>AL</arg>
<arg>AM</arg>
<arg>AO</arg>
<arg>AQ</arg>
<arg>AR</arg>
<arg>AS</arg>
<arg>AT</arg>
<arg>AU</arg>
<arg>AW</arg>
<arg>AX</arg>
<arg>AZ</arg>
<arg>BA</arg>
<arg>BB</arg>
<arg>BD</arg>
<arg>BE</arg>
<arg>BF</arg>
<arg>BG</arg>
<arg>BH</arg>
<arg>BI</arg>
<arg>BJ</arg>
<arg>BL</arg>
<arg>BM</arg>
<arg>BN</arg>
<arg>BO</arg>
<arg>BQ</arg>
<arg>BR</arg>
<arg>BS</arg>
<arg>BT</arg>
<arg>BV</arg>
<arg>BW</arg>
<arg>BY</arg>
<arg>BZ</arg>
<arg>CA</arg>
<arg>CC</arg>
<arg>CD</arg>
<arg>CF</arg>
<arg>CG</arg>
<arg>CH</arg>
<arg>CI</arg>
<arg>CK</arg>
<arg>CL</arg>
<arg>CM</arg>
<arg>CN</arg>
<arg>CO</arg>
<arg>CR</arg>
<arg>CU</arg>
<arg>CV</arg>
<arg>CW</arg>
<arg>CX</arg>
<arg>CY</arg>
<arg>CZ</arg>
<arg>DE</arg>
<arg>DJ</arg>
<arg>DK</arg>
<arg>DM</arg>
<arg>DO</arg>
<arg>DZ</arg>
<arg>EC</arg>
<arg>EE</arg>
<arg>EG</arg>
<arg>EH</arg>
<arg>ER</arg>
<arg>ES</arg>
<arg>ET</arg>
<arg>FI</arg>
<arg>FJ</arg>
<arg>FK</arg>
<arg>FM</arg>
<arg>FO</arg>
<arg>FR</arg>
<arg>GA</arg>
<arg>GB</arg>
<arg>GD</arg>
<arg>GE</arg>
<arg>GF</arg>
<arg>GG</arg>
<arg>GH</arg>
<arg>GI</arg>
<arg>GL</arg>
<arg>GM</arg>
<arg>GN</arg>
<arg>GP</arg>
<arg>GQ</arg>
<arg>GR</arg>
<arg>GS</arg>
<arg>GT</arg>
<arg>GU</arg>
<arg>GW</arg>
<arg>GY</arg>
<arg>HK</arg>
<arg>HM</arg>
<arg>HN</arg>
<arg>HR</arg>
<arg>HT</arg>
<arg>HU</arg>
<arg>ID</arg>
<arg>IE</arg>
<arg>IL</arg>
<arg>IM</arg>
<arg>IN</arg>
<arg>IO</arg>
<arg>IQ</arg>
<arg>IR</arg>
<arg>IS</arg>
<arg>IT</arg>
<arg>JE</arg>
<arg>JM</arg>
<arg>JO</arg>
<arg>JP</arg>
<arg>KE</arg>
<arg>KG</arg>
<arg>KH</arg>
<arg>KI</arg>
<arg>KM</arg>
<arg>KN</arg>
<arg>KP</arg>
<arg>KR</arg>
<arg>KW</arg>
<arg>KY</arg>
<arg>KZ</arg>
<arg>LA</arg>
<arg>LB</arg>
<arg>LC</arg>
<arg>LI</arg>
<arg>LK</arg>
<arg>LR</arg>
<arg>LS</arg>
<arg>LT</arg>
<arg>LU</arg>
<arg>LV</arg>
<arg>LY</arg>
<arg>MA</arg>
<arg>MC</arg>
<arg>MD</arg>
<arg>ME</arg>
<arg>MF</arg>
<arg>MG</arg>
<arg>MH</arg>
<arg>MK</arg>
<arg>ML</arg>
<arg>MM</arg>
<arg>MN</arg>
<arg>MO</arg>
<arg>MP</arg>
<arg>MQ</arg>
<arg>MR</arg>
<arg>MS</arg>
<arg>MT</arg>
<arg>MU</arg>
<arg>MV</arg>
<arg>MW</arg>
<arg>MX</arg>
<arg>MY</arg>
<arg>MZ</arg>
<arg>NA</arg>
<arg>NC</arg>
<arg>NE</arg>
<arg>NF</arg>
<arg>NG</arg>
<arg>NI</arg>
<arg>NL</arg>
<arg>NO</arg>
<arg>NP</arg>
<arg>NR</arg>
<arg>NU</arg>
<arg>NZ</arg>
<arg>OM</arg>
<arg>PA</arg>
<arg>PE</arg>
<arg>PF</arg>
<arg>PG</arg>
<arg>PH</arg>
<arg>PK</arg>
<arg>PL</arg>
<arg>PM</arg>
<arg>PN</arg>
<arg>PR</arg>
<arg>PS</arg>
<arg>PT</arg>
<arg>PW</arg>
<arg>PY</arg>
<arg>QA</arg>
<arg>RE</arg>
<arg>RO</arg>
<arg>RS</arg>
<arg>RU</arg>
<arg>RW</arg>
<arg>SA</arg>
<arg>SB</arg>
<arg>SC</arg>
<arg>SD</arg>
<arg>SE</arg>
<arg>SG</arg>
<arg>SH</arg>
<arg>SI</arg>
<arg>SJ</arg>
<arg>SK</arg>
<arg>SL</arg>
<arg>SM</arg>
<arg>SN</arg>
<arg>SO</arg>
<arg>SR</arg>
<arg>SS</arg>
<arg>ST</arg>
<arg>SV</arg>
<arg>SX</arg>
<arg>SY</arg>
<arg>SZ</arg>
<arg>TC</arg>
<arg>TD</arg>
<arg>TF</arg>
<arg>TG</arg>
<arg>TH</arg>
<arg>TJ</arg>
<arg>TK</arg>
<arg>TL</arg>
<arg>TM</arg>
<arg>TN</arg>
<arg>TO</arg>
<arg>TR</arg>
<arg>TT</arg>
<arg>TV</arg>
<arg>TW</arg>
<arg>TZ</arg>
<arg>UA</arg>
<arg>UG</arg>
<arg>UM</arg>
<arg>US</arg>
<arg>UY</arg>
<arg>UZ</arg>
<arg>VA</arg>
<arg>VC</arg>
<arg>VE</arg>
<arg>VG</arg>
<arg>VI</arg>
<arg>VN</arg>
<arg>VU</arg>
<arg>WF</arg>
<arg>WS</arg>
<arg>XK</arg>
<arg>YE</arg>
<arg>YT</arg>
<arg>ZA</arg>
<arg>ZM</arg>
<arg>ZW</arg>
<doc>Returns a list containing given items.</doc>
<status status="PASS" start="2024-07-08T11:13:39.942192" elapsed="0.000682"/>
</kw>
<kw name="List Should Contain Value" owner="Collections">
<arg>${list_country}</arg>
<arg>${name_country}</arg>
<doc>Fails if the ``value`` is not found from ``list``.</doc>
<status status="PASS" start="2024-07-08T11:13:39.943681" elapsed="0.000202"/>
</kw>
<kw name="Run Keyword If" owner="BuiltIn">
<kw name="Should Be True" owner="BuiltIn">
<arg>${True}</arg>
<doc>Fails if the given condition is not true.</doc>
<status status="PASS" start="2024-07-08T11:13:39.944824" elapsed="0.000142"/>
</kw>
<arg>${json_data["results"][0]["location"]["coordinates"]["latitude"]} &gt;= -90 and ${json_data["results"][0]["location"]["coordinates"]["latitude"]} &lt;= 90</arg>
<arg>Should Be True</arg>
<arg>${True}</arg>
<doc>Runs the given keyword with the given arguments, if ``condition`` is true.</doc>
<status status="PASS" start="2024-07-08T11:13:39.944082" elapsed="0.001009"/>
</kw>
<kw name="Run Keyword If" owner="BuiltIn">
<kw name="Should Be True" owner="BuiltIn">
<arg>${True}</arg>
<doc>Fails if the given condition is not true.</doc>
<status status="PASS" start="2024-07-08T11:13:39.945956" elapsed="0.000243"/>
</kw>
<arg>${json_data["results"][0]["location"]["coordinates"]["longitude"]} &gt;= -180 and ${json_data["results"][0]["location"]["coordinates"]["longitude"]} &lt;= 180</arg>
<arg>Should Be True</arg>
<arg>${True}</arg>
<doc>Runs the given keyword with the given arguments, if ``condition`` is true.</doc>
<status status="PASS" start="2024-07-08T11:13:39.945271" elapsed="0.001056"/>
</kw>
<status status="PASS" start="2024-07-08T11:13:39.851132" elapsed="0.095330"/>
</kw>
<doc>Testa o conteúdo específico dos campos retornados pela API.</doc>
<tag>testeConteudo</tag>
<status status="PASS" start="2024-07-08T11:13:39.850463" elapsed="0.096199"/>
</test>
<status status="PASS" start="2024-07-08T11:13:39.034447" elapsed="0.914130"/>
</suite>
<status status="PASS" start="2024-07-08T11:13:39.020095" elapsed="0.933540"/>
</suite>
<statistics>
<total>
<stat pass="5" fail="0" skip="0">All Tests</stat>
</total>
<tag>
<stat pass="1" fail="0" skip="0">testeConteudo</stat>
<stat pass="1" fail="0" skip="0">testeEstruturaResposta</stat>
<stat pass="1" fail="0" skip="0">testeRequisicaoBasica</stat>
<stat pass="1" fail="0" skip="0">testeTiposDados</stat>
</tag>
<suite>
<stat pass="5" fail="0" skip="0" id="s1" name="Tests">Tests</stat>
<stat pass="5" fail="0" skip="0" id="s1-s1" name="Random-User-Test">Tests.Random-User-Test</stat>
</suite>
</statistics>
<errors>
</errors>
</robot>
