<?xml version="1.0" encoding="UTF-8"?>
<robot generator="Robot 7.0 (Python 3.12.3 on linux)" generated="2024-04-19T09:15:13.495895" rpa="false" schemaversion="5">
<suite id="s1" name="Tests" source="/home/runner/work/DesafioQAItauRogerioJordao/DesafioQAItauRogerioJordao/RamdonUser/tests">
<suite id="s1-s1" name="Random-User-Test" source="/home/runner/work/DesafioQAItauRogerioJordao/DesafioQAItauRogerioJordao/RamdonUser/tests/random-user-test.robot">
<test id="s1-s1-t1" name="Conectar" line="13">
<kw name="Conectar API" owner="random-user-service">
<kw name="Create Session" owner="RequestsLibrary">
<msg time="2024-04-19T09:15:13.855879" level="INFO">Creating Session using : alias=consultarAPI, url=https://randomuser.me/, headers={},                     cookies={}, auth=None, timeout=None, proxies=None, verify=False,                     debug=0 </msg>
<arg>consultarAPI</arg>
<arg>${URL}</arg>
<doc>Create Session: create a HTTP session to a server</doc>
<status status="PASS" start="2024-04-19T09:15:13.855685" elapsed="0.000357"/>
</kw>
<status status="PASS" start="2024-04-19T09:15:13.854743" elapsed="0.001646"/>
</kw>
<status status="PASS" start="2024-04-19T09:15:13.854221" elapsed="0.002359"/>
</test>
<test id="s1-s1-t2" name="Validar retorno 200 e JSON Válido" line="16">
<kw name="Teste de Requisicao Basica" owner="random-user-service">
<kw name="GET On Session" owner="RequestsLibrary">
<msg time="2024-04-19T09:15:14.094135" level="INFO">GET Request : url=https://randomuser.me/api 
 path_url=/api 
 headers={'User-Agent': 'python-requests/2.31.0', 'Accept-Encoding': 'gzip, deflate', 'Accept': '*/*', 'Connection': 'keep-alive'} 
 body=None 
 </msg>
<msg time="2024-04-19T09:15:14.094288" level="INFO">GET Response : url=https://randomuser.me/api 
 status=200, reason=OK 
 headers={'Date': 'Fri, 19 Apr 2024 09:15:14 GMT', 'Content-Type': 'application/json; charset=utf-8', 'Transfer-Encoding': 'chunked', 'Connection': 'keep-alive', 'X-Powered-By': 'Express', 'Access-Control-Allow-Origin': '*', 'Cache-Control': 'no-cache', 'ETag': 'W/"4a4-VnIQoujtJcKlGz1HI7XfUYyKHH4"', 'Vary': 'Accept-Encoding', 'Content-Encoding': 'gzip', 'CF-Cache-Status': 'DYNAMIC', 'Report-To': '{"endpoints":[{"url":"https:\\/\\/a.nel.cloudflare.com\\/report\\/v4?s=eNbuhQSbZA25ZyQ%2BBoA1sWu1RLdztSDSoUTSMUNzDMk62ZLx9wybLLbtZGIbk8Yj9KGh5VlVPQdoncM7ELAa6g92TgRLg9OzLv9oJ7LB%2BmMIhRa8TNu%2BAgkxd2RYhApE"}],"group":"cf-nel","max_age":604800}', 'NEL': '{"success_fraction":0,"report_to":"cf-nel","max_age":604800}', 'Server': 'cloudflare', 'CF-RAY': '876bc9f47a386422-SJC', 'alt-svc': 'h3=":443"; ma=86400'} 
 body={"results":[{"gender":"male","name":{"title":"Mr","first":"Hans-Christian","last":"Rohr"},"location":{"street":{"number":6837,"name":"Beethovenstraße"},"city":"Warendorf","state":"Sachsen","country":"Germany","postcode":30904,"coordinates":{"latitude":"-49.5804","longitude":"-21.8380"},"timezone":{"offset":"-4:00","description":"Atlantic Time (Canada), Caracas, La Paz"}},"email":"hans-christian.rohr@example.com","login":{"uuid":"5b4a1ec3-cceb-484e-96e9-0030f2fa162a","username":"whitemouse114","password":"godfathe","salt":"VW5TFq3K","md5":"f3e4002c7b05d5d4dd5516d7593439ae","sha1":"0d99ccb315b8f0f59acf6fd0e1cc37c010cbca79","sha256":"93a476cf2edd374c6998f98bb66f463d8d498143123ba1b42acec7710c880a21"},"dob":{"date":"1946-06-06T11:58:56.773Z","age":77},"registered":{"date":"2006-10-20T02:30:23.134Z","age":17},"phone":"0919-6031693","cell":"0170-3240981","id":{"name":"SVNR","value":"48 060646 R 154"},"picture":{"large":"https://randomuser.me/api/portraits/men/1.jpg","medium":"https://randomuser.me/api/portraits/med/men/1.jpg","thumbnail":"https://randomuser.me/api/portraits/thumb/men/1.jpg"},"nat":"DE"}],"info":{"seed":"816c4d91f67e758c","results":1,"page":1,"version":"1.4"}} 
 </msg>
<msg time="2024-04-19T09:15:14.094370" level="INFO">/opt/hostedtoolcache/Python/3.12.3/x64/lib/python3.12/site-packages/urllib3/connectionpool.py:1103: InsecureRequestWarning: Unverified HTTPS request is being made to host 'randomuser.me'. Adding certificate verification is strongly advised. See: https://urllib3.readthedocs.io/en/latest/advanced-usage.html#tls-warnings
  warnings.warn(</msg>
<msg time="2024-04-19T09:15:14.094519" level="INFO">${response} = &lt;Response [200]&gt;</msg>
<var>${response}</var>
<arg>consultarAPI</arg>
<arg>/api</arg>
<doc>Sends a GET request on a previously created HTTP Session.</doc>
<status status="PASS" start="2024-04-19T09:15:13.859154" elapsed="0.235408"/>
</kw>
<kw name="Should Be Equal As Numbers" owner="BuiltIn">
<msg time="2024-04-19T09:15:14.095691" level="INFO">Argument types are:
&lt;class 'int'&gt;
&lt;class 'str'&gt;</msg>
<arg>${response.status_code}</arg>
<arg>200</arg>
<doc>Fails if objects are unequal after converting them to real numbers.</doc>
<status status="PASS" start="2024-04-19T09:15:14.095209" elapsed="0.000548"/>
</kw>
<kw name="Log" owner="BuiltIn">
<msg time="2024-04-19T09:15:14.096453" level="INFO">200</msg>
<arg>${response.status_code}</arg>
<doc>Logs the given message with the given level.</doc>
<status status="PASS" start="2024-04-19T09:15:14.096102" elapsed="0.000401"/>
</kw>
<kw name="Set Variable" owner="BuiltIn">
<msg time="2024-04-19T09:15:14.097259" level="INFO">${json_data} = {'results': [{'gender': 'male', 'name': {'title': 'Mr', 'first': 'Hans-Christian', 'last': 'Rohr'}, 'location': {'street': {'number': 6837, 'name': 'Beethovenstraße'}, 'city': 'Warendorf', 'state': 'S...</msg>
<var>${json_data}</var>
<arg>${response.json()}</arg>
<doc>Returns the given values which can then be assigned to a variables.</doc>
<status status="PASS" start="2024-04-19T09:15:14.096818" elapsed="0.000470"/>
</kw>
<kw name="Dictionary Should Contain Key" owner="Collections">
<msg time="2024-04-19T09:15:14.097772" level="INFO">False</msg>
<arg>${json_data}</arg>
<arg>results</arg>
<doc>Fails if ``key`` is not found from ``dictionary``.</doc>
<status status="PASS" start="2024-04-19T09:15:14.097602" elapsed="0.000210"/>
</kw>
<status status="PASS" start="2024-04-19T09:15:13.858911" elapsed="0.239172"/>
</kw>
<doc>Testa se a API responde corretamente e retorna um objeto JSON válido.</doc>
<tag>testeRequisicaoBasica</tag>
<status status="PASS" start="2024-04-19T09:15:13.858430" elapsed="0.239840"/>
</test>
<test id="s1-s1-t3" name="Validar estrutura de resposta" line="22">
<kw name="Teste de Estrutura de Resposta" owner="random-user-service">
<kw name="GET On Session" owner="RequestsLibrary">
<msg time="2024-04-19T09:15:14.205296" level="INFO">GET Request : url=https://randomuser.me/api 
 path_url=/api 
 headers={'User-Agent': 'python-requests/2.31.0', 'Accept-Encoding': 'gzip, deflate', 'Accept': '*/*', 'Connection': 'keep-alive'} 
 body=None 
 </msg>
<msg time="2024-04-19T09:15:14.205381" level="INFO">GET Response : url=https://randomuser.me/api 
 status=200, reason=OK 
 headers={'Date': 'Fri, 19 Apr 2024 09:15:14 GMT', 'Content-Type': 'application/json; charset=utf-8', 'Transfer-Encoding': 'chunked', 'Connection': 'keep-alive', 'X-Powered-By': 'Express', 'Access-Control-Allow-Origin': '*', 'Cache-Control': 'no-cache', 'ETag': 'W/"48b-vEiblO2StcrBaKyqQV262N+oVTg"', 'Vary': 'Accept-Encoding', 'Content-Encoding': 'gzip', 'CF-Cache-Status': 'DYNAMIC', 'Report-To': '{"endpoints":[{"url":"https:\\/\\/a.nel.cloudflare.com\\/report\\/v4?s=9FzUztY4oCPYG9zX1O3r6qwIvXPz3MgPbqrcAKGaDI6DMyHAymJLFClCEFkmCeV9jMQ%2FI8mykRtRJe2NXvw%2F4F004l%2BZFVYa8YzbEBBKLdWxTIROAKjfjKsj8W%2FoAZjD"}],"group":"cf-nel","max_age":604800}', 'NEL': '{"success_fraction":0,"report_to":"cf-nel","max_age":604800}', 'Server': 'cloudflare', 'CF-RAY': '876bc9f52a8e6422-SJC', 'alt-svc': 'h3=":443"; ma=86400'} 
 body={"results":[{"gender":"female","name":{"title":"Ms","first":"Natalie","last":"Wilson"},"location":{"street":{"number":6341,"name":"Ravensbourne Road"},"city":"Greymouth","state":"Bay of Plenty","country":"New Zealand","postcode":61943,"coordinates":{"latitude":"51.6172","longitude":"147.7156"},"timezone":{"offset":"-11:00","description":"Midway Island, Samoa"}},"email":"natalie.wilson@example.com","login":{"uuid":"bed0ab31-93ac-408e-a051-df5164dd4e19","username":"bigswan976","password":"freddy","salt":"oNWcH64a","md5":"a64c9ec75192d7988823d37c15bec936","sha1":"84b4ac9bd00bb6db13e40003e8f47f0a96c84243","sha256":"843626310262d8a546f8e9be278b9a82a232edd3f47a52dab88c55f6601a5b14"},"dob":{"date":"1963-01-16T00:48:25.860Z","age":61},"registered":{"date":"2004-09-16T10:47:02.583Z","age":19},"phone":"(288)-291-6296","cell":"(114)-548-1392","id":{"name":"","value":null},"picture":{"large":"https://randomuser.me/api/portraits/women/37.jpg","medium":"https://randomuser.me/api/portraits/med/women/37.jpg","thumbnail":"https://randomuser.me/api/portraits/thumb/women/37.jpg"},"nat":"NZ"}],"info":{"seed":"d73bf8c192dd6041","results":1,"page":1,"version":"1.4"}} 
 </msg>
<msg time="2024-04-19T09:15:14.205484" level="INFO">/opt/hostedtoolcache/Python/3.12.3/x64/lib/python3.12/site-packages/urllib3/connectionpool.py:1103: InsecureRequestWarning: Unverified HTTPS request is being made to host 'randomuser.me'. Adding certificate verification is strongly advised. See: https://urllib3.readthedocs.io/en/latest/advanced-usage.html#tls-warnings
  warnings.warn(</msg>
<msg time="2024-04-19T09:15:14.205591" level="INFO">${response} = &lt;Response [200]&gt;</msg>
<var>${response}</var>
<arg>consultarAPI</arg>
<arg>/api</arg>
<doc>Sends a GET request on a previously created HTTP Session.</doc>
<status status="PASS" start="2024-04-19T09:15:14.101025" elapsed="0.104606"/>
</kw>
<kw name="Set Variable" owner="BuiltIn">
<msg time="2024-04-19T09:15:14.206704" level="INFO">${json_data} = {'results': [{'gender': 'female', 'name': {'title': 'Ms', 'first': 'Natalie', 'last': 'Wilson'}, 'location': {'street': {'number': 6341, 'name': 'Ravensbourne Road'}, 'city': 'Greymouth', 'state': 'Ba...</msg>
<var>${json_data}</var>
<arg>${response.json()}</arg>
<doc>Returns the given values which can then be assigned to a variables.</doc>
<status status="PASS" start="2024-04-19T09:15:14.206138" elapsed="0.000595"/>
</kw>
<kw name="Log" owner="BuiltIn">
<msg time="2024-04-19T09:15:14.207245" level="INFO">{'results': [{'gender': 'female', 'name': {'title': 'Ms', 'first': 'Natalie', 'last': 'Wilson'}, 'location': {'street': {'number': 6341, 'name': 'Ravensbourne Road'}, 'city': 'Greymouth', 'state': 'Bay of Plenty', 'country': 'New Zealand', 'postcode': 61943, 'coordinates': {'latitude': '51.6172', 'longitude': '147.7156'}, 'timezone': {'offset': '-11:00', 'description': 'Midway Island, Samoa'}}, 'email': 'natalie.wilson@example.com', 'login': {'uuid': 'bed0ab31-93ac-408e-a051-df5164dd4e19', 'username': 'bigswan976', 'password': 'freddy', 'salt': 'oNWcH64a', 'md5': 'a64c9ec75192d7988823d37c15bec936', 'sha1': '84b4ac9bd00bb6db13e40003e8f47f0a96c84243', 'sha256': '843626310262d8a546f8e9be278b9a82a232edd3f47a52dab88c55f6601a5b14'}, 'dob': {'date': '1963-01-16T00:48:25.860Z', 'age': 61}, 'registered': {'date': '2004-09-16T10:47:02.583Z', 'age': 19}, 'phone': '(288)-291-6296', 'cell': '(114)-548-1392', 'id': {'name': '', 'value': None}, 'picture': {'large': 'https://randomuser.me/api/portraits/women/37.jpg', 'medium': 'https://randomuser.me/api/portraits/med/women/37.jpg', 'thumbnail': 'https://randomuser.me/api/portraits/thumb/women/37.jpg'}, 'nat': 'NZ'}], 'info': {'seed': 'd73bf8c192dd6041', 'results': 1, 'page': 1, 'version': '1.4'}}</msg>
<arg>${json_data}</arg>
<doc>Logs the given message with the given level.</doc>
<status status="PASS" start="2024-04-19T09:15:14.207088" elapsed="0.000206"/>
</kw>
<kw name="Dictionary Should Contain Key" owner="Collections">
<msg time="2024-04-19T09:15:14.207750" level="INFO">False</msg>
<arg>${json_data}</arg>
<arg>results</arg>
<doc>Fails if ``key`` is not found from ``dictionary``.</doc>
<status status="PASS" start="2024-04-19T09:15:14.207588" elapsed="0.000199"/>
</kw>
<kw name="Should Not Be Empty" owner="BuiltIn">
<msg time="2024-04-19T09:15:14.208217" level="INFO">Length is 2.</msg>
<arg>${json_data}</arg>
<doc>Verifies that the given item is not empty.</doc>
<status status="PASS" start="2024-04-19T09:15:14.208083" elapsed="0.000322"/>
</kw>
<kw name="Create List" owner="BuiltIn">
<msg time="2024-04-19T09:15:14.208855" level="INFO">${expected_keys} = ['gender', 'name', 'location', 'email', 'login']</msg>
<var>${expected_keys}</var>
<arg>gender</arg>
<arg>name</arg>
<arg>location</arg>
<arg>email</arg>
<arg>login</arg>
<doc>Returns a list containing given items.</doc>
<status status="PASS" start="2024-04-19T09:15:14.208708" elapsed="0.000172"/>
</kw>
<for flavor="IN">
<iter>
<kw name="Dictionary Should Contain Key" owner="Collections">
<msg time="2024-04-19T09:15:14.209870" level="INFO">False</msg>
<arg>${json_data['results'][0]}</arg>
<arg>${key}</arg>
<doc>Fails if ``key`` is not found from ``dictionary``.</doc>
<status status="PASS" start="2024-04-19T09:15:14.209474" elapsed="0.000435"/>
</kw>
<kw name="Log" owner="BuiltIn">
<msg time="2024-04-19T09:15:14.210572" level="INFO">{'gender': 'female', 'name': {'title': 'Ms', 'first': 'Natalie', 'last': 'Wilson'}, 'location': {'street': {'number': 6341, 'name': 'Ravensbourne Road'}, 'city': 'Greymouth', 'state': 'Bay of Plenty', 'country': 'New Zealand', 'postcode': 61943, 'coordinates': {'latitude': '51.6172', 'longitude': '147.7156'}, 'timezone': {'offset': '-11:00', 'description': 'Midway Island, Samoa'}}, 'email': 'natalie.wilson@example.com', 'login': {'uuid': 'bed0ab31-93ac-408e-a051-df5164dd4e19', 'username': 'bigswan976', 'password': 'freddy', 'salt': 'oNWcH64a', 'md5': 'a64c9ec75192d7988823d37c15bec936', 'sha1': '84b4ac9bd00bb6db13e40003e8f47f0a96c84243', 'sha256': '843626310262d8a546f8e9be278b9a82a232edd3f47a52dab88c55f6601a5b14'}, 'dob': {'date': '1963-01-16T00:48:25.860Z', 'age': 61}, 'registered': {'date': '2004-09-16T10:47:02.583Z', 'age': 19}, 'phone': '(288)-291-6296', 'cell': '(114)-548-1392', 'id': {'name': '', 'value': None}, 'picture': {'large': 'https://randomuser.me/api/portraits/women/37.jpg', 'medium': 'https://randomuser.me/api/portraits/med/women/37.jpg', 'thumbnail': 'https://randomuser.me/api/portraits/thumb/women/37.jpg'}, 'nat': 'NZ'}</msg>
<arg>${json_data['results'][0]}</arg>
<doc>Logs the given message with the given level.</doc>
<status status="PASS" start="2024-04-19T09:15:14.210209" elapsed="0.000410"/>
</kw>
<kw name="Log" owner="BuiltIn">
<msg time="2024-04-19T09:15:14.211085" level="INFO">gender</msg>
<arg>${key}</arg>
<doc>Logs the given message with the given level.</doc>
<status status="PASS" start="2024-04-19T09:15:14.210953" elapsed="0.000170"/>
</kw>
<var name="${key}">gender</var>
<status status="PASS" start="2024-04-19T09:15:14.209338" elapsed="0.002000"/>
</iter>
<iter>
<kw name="Dictionary Should Contain Key" owner="Collections">
<msg time="2024-04-19T09:15:14.212023" level="INFO">False</msg>
<arg>${json_data['results'][0]}</arg>
<arg>${key}</arg>
<doc>Fails if ``key`` is not found from ``dictionary``.</doc>
<status status="PASS" start="2024-04-19T09:15:14.211638" elapsed="0.000423"/>
</kw>
<kw name="Log" owner="BuiltIn">
<msg time="2024-04-19T09:15:14.212746" level="INFO">{'gender': 'female', 'name': {'title': 'Ms', 'first': 'Natalie', 'last': 'Wilson'}, 'location': {'street': {'number': 6341, 'name': 'Ravensbourne Road'}, 'city': 'Greymouth', 'state': 'Bay of Plenty', 'country': 'New Zealand', 'postcode': 61943, 'coordinates': {'latitude': '51.6172', 'longitude': '147.7156'}, 'timezone': {'offset': '-11:00', 'description': 'Midway Island, Samoa'}}, 'email': 'natalie.wilson@example.com', 'login': {'uuid': 'bed0ab31-93ac-408e-a051-df5164dd4e19', 'username': 'bigswan976', 'password': 'freddy', 'salt': 'oNWcH64a', 'md5': 'a64c9ec75192d7988823d37c15bec936', 'sha1': '84b4ac9bd00bb6db13e40003e8f47f0a96c84243', 'sha256': '843626310262d8a546f8e9be278b9a82a232edd3f47a52dab88c55f6601a5b14'}, 'dob': {'date': '1963-01-16T00:48:25.860Z', 'age': 61}, 'registered': {'date': '2004-09-16T10:47:02.583Z', 'age': 19}, 'phone': '(288)-291-6296', 'cell': '(114)-548-1392', 'id': {'name': '', 'value': None}, 'picture': {'large': 'https://randomuser.me/api/portraits/women/37.jpg', 'medium': 'https://randomuser.me/api/portraits/med/women/37.jpg', 'thumbnail': 'https://randomuser.me/api/portraits/thumb/women/37.jpg'}, 'nat': 'NZ'}</msg>
<arg>${json_data['results'][0]}</arg>
<doc>Logs the given message with the given level.</doc>
<status status="PASS" start="2024-04-19T09:15:14.212386" elapsed="0.000408"/>
</kw>
<kw name="Log" owner="BuiltIn">
<msg time="2024-04-19T09:15:14.213216" level="INFO">name</msg>
<arg>${key}</arg>
<doc>Logs the given message with the given level.</doc>
<status status="PASS" start="2024-04-19T09:15:14.213090" elapsed="0.000163"/>
</kw>
<var name="${key}">name</var>
<status status="PASS" start="2024-04-19T09:15:14.211523" elapsed="0.001940"/>
</iter>
<iter>
<kw name="Dictionary Should Contain Key" owner="Collections">
<msg time="2024-04-19T09:15:14.214138" level="INFO">False</msg>
<arg>${json_data['results'][0]}</arg>
<arg>${key}</arg>
<doc>Fails if ``key`` is not found from ``dictionary``.</doc>
<status status="PASS" start="2024-04-19T09:15:14.213756" elapsed="0.000419"/>
</kw>
<kw name="Log" owner="BuiltIn">
<msg time="2024-04-19T09:15:14.214869" level="INFO">{'gender': 'female', 'name': {'title': 'Ms', 'first': 'Natalie', 'last': 'Wilson'}, 'location': {'street': {'number': 6341, 'name': 'Ravensbourne Road'}, 'city': 'Greymouth', 'state': 'Bay of Plenty', 'country': 'New Zealand', 'postcode': 61943, 'coordinates': {'latitude': '51.6172', 'longitude': '147.7156'}, 'timezone': {'offset': '-11:00', 'description': 'Midway Island, Samoa'}}, 'email': 'natalie.wilson@example.com', 'login': {'uuid': 'bed0ab31-93ac-408e-a051-df5164dd4e19', 'username': 'bigswan976', 'password': 'freddy', 'salt': 'oNWcH64a', 'md5': 'a64c9ec75192d7988823d37c15bec936', 'sha1': '84b4ac9bd00bb6db13e40003e8f47f0a96c84243', 'sha256': '843626310262d8a546f8e9be278b9a82a232edd3f47a52dab88c55f6601a5b14'}, 'dob': {'date': '1963-01-16T00:48:25.860Z', 'age': 61}, 'registered': {'date': '2004-09-16T10:47:02.583Z', 'age': 19}, 'phone': '(288)-291-6296', 'cell': '(114)-548-1392', 'id': {'name': '', 'value': None}, 'picture': {'large': 'https://randomuser.me/api/portraits/women/37.jpg', 'medium': 'https://randomuser.me/api/portraits/med/women/37.jpg', 'thumbnail': 'https://randomuser.me/api/portraits/thumb/women/37.jpg'}, 'nat': 'NZ'}</msg>
<arg>${json_data['results'][0]}</arg>
<doc>Logs the given message with the given level.</doc>
<status status="PASS" start="2024-04-19T09:15:14.214476" elapsed="0.000453"/>
</kw>
<kw name="Log" owner="BuiltIn">
<msg time="2024-04-19T09:15:14.215348" level="INFO">location</msg>
<arg>${key}</arg>
<doc>Logs the given message with the given level.</doc>
<status status="PASS" start="2024-04-19T09:15:14.215224" elapsed="0.000162"/>
</kw>
<var name="${key}">location</var>
<status status="PASS" start="2024-04-19T09:15:14.213644" elapsed="0.001962"/>
</iter>
<iter>
<kw name="Dictionary Should Contain Key" owner="Collections">
<msg time="2024-04-19T09:15:14.216271" level="INFO">False</msg>
<arg>${json_data['results'][0]}</arg>
<arg>${key}</arg>
<doc>Fails if ``key`` is not found from ``dictionary``.</doc>
<status status="PASS" start="2024-04-19T09:15:14.215888" elapsed="0.000420"/>
</kw>
<kw name="Log" owner="BuiltIn">
<msg time="2024-04-19T09:15:14.216969" level="INFO">{'gender': 'female', 'name': {'title': 'Ms', 'first': 'Natalie', 'last': 'Wilson'}, 'location': {'street': {'number': 6341, 'name': 'Ravensbourne Road'}, 'city': 'Greymouth', 'state': 'Bay of Plenty', 'country': 'New Zealand', 'postcode': 61943, 'coordinates': {'latitude': '51.6172', 'longitude': '147.7156'}, 'timezone': {'offset': '-11:00', 'description': 'Midway Island, Samoa'}}, 'email': 'natalie.wilson@example.com', 'login': {'uuid': 'bed0ab31-93ac-408e-a051-df5164dd4e19', 'username': 'bigswan976', 'password': 'freddy', 'salt': 'oNWcH64a', 'md5': 'a64c9ec75192d7988823d37c15bec936', 'sha1': '84b4ac9bd00bb6db13e40003e8f47f0a96c84243', 'sha256': '843626310262d8a546f8e9be278b9a82a232edd3f47a52dab88c55f6601a5b14'}, 'dob': {'date': '1963-01-16T00:48:25.860Z', 'age': 61}, 'registered': {'date': '2004-09-16T10:47:02.583Z', 'age': 19}, 'phone': '(288)-291-6296', 'cell': '(114)-548-1392', 'id': {'name': '', 'value': None}, 'picture': {'large': 'https://randomuser.me/api/portraits/women/37.jpg', 'medium': 'https://randomuser.me/api/portraits/med/women/37.jpg', 'thumbnail': 'https://randomuser.me/api/portraits/thumb/women/37.jpg'}, 'nat': 'NZ'}</msg>
<arg>${json_data['results'][0]}</arg>
<doc>Logs the given message with the given level.</doc>
<status status="PASS" start="2024-04-19T09:15:14.216606" elapsed="0.000410"/>
</kw>
<kw name="Log" owner="BuiltIn">
<msg time="2024-04-19T09:15:14.217449" level="INFO">email</msg>
<arg>${key}</arg>
<doc>Logs the given message with the given level.</doc>
<status status="PASS" start="2024-04-19T09:15:14.217308" elapsed="0.000179"/>
</kw>
<var name="${key}">email</var>
<status status="PASS" start="2024-04-19T09:15:14.215777" elapsed="0.001923"/>
</iter>
<iter>
<kw name="Dictionary Should Contain Key" owner="Collections">
<msg time="2024-04-19T09:15:14.218365" level="INFO">False</msg>
<arg>${json_data['results'][0]}</arg>
<arg>${key}</arg>
<doc>Fails if ``key`` is not found from ``dictionary``.</doc>
<status status="PASS" start="2024-04-19T09:15:14.217989" elapsed="0.000413"/>
</kw>
<kw name="Log" owner="BuiltIn">
<msg time="2024-04-19T09:15:14.219089" level="INFO">{'gender': 'female', 'name': {'title': 'Ms', 'first': 'Natalie', 'last': 'Wilson'}, 'location': {'street': {'number': 6341, 'name': 'Ravensbourne Road'}, 'city': 'Greymouth', 'state': 'Bay of Plenty', 'country': 'New Zealand', 'postcode': 61943, 'coordinates': {'latitude': '51.6172', 'longitude': '147.7156'}, 'timezone': {'offset': '-11:00', 'description': 'Midway Island, Samoa'}}, 'email': 'natalie.wilson@example.com', 'login': {'uuid': 'bed0ab31-93ac-408e-a051-df5164dd4e19', 'username': 'bigswan976', 'password': 'freddy', 'salt': 'oNWcH64a', 'md5': 'a64c9ec75192d7988823d37c15bec936', 'sha1': '84b4ac9bd00bb6db13e40003e8f47f0a96c84243', 'sha256': '843626310262d8a546f8e9be278b9a82a232edd3f47a52dab88c55f6601a5b14'}, 'dob': {'date': '1963-01-16T00:48:25.860Z', 'age': 61}, 'registered': {'date': '2004-09-16T10:47:02.583Z', 'age': 19}, 'phone': '(288)-291-6296', 'cell': '(114)-548-1392', 'id': {'name': '', 'value': None}, 'picture': {'large': 'https://randomuser.me/api/portraits/women/37.jpg', 'medium': 'https://randomuser.me/api/portraits/med/women/37.jpg', 'thumbnail': 'https://randomuser.me/api/portraits/thumb/women/37.jpg'}, 'nat': 'NZ'}</msg>
<arg>${json_data['results'][0]}</arg>
<doc>Logs the given message with the given level.</doc>
<status status="PASS" start="2024-04-19T09:15:14.218690" elapsed="0.000448"/>
</kw>
<kw name="Log" owner="BuiltIn">
<msg time="2024-04-19T09:15:14.219558" level="INFO">login</msg>
<arg>${key}</arg>
<doc>Logs the given message with the given level.</doc>
<status status="PASS" start="2024-04-19T09:15:14.219432" elapsed="0.000164"/>
</kw>
<var name="${key}">login</var>
<status status="PASS" start="2024-04-19T09:15:14.217879" elapsed="0.001955"/>
</iter>
<var>${key}</var>
<value>@{expected_keys}</value>
<status status="PASS" start="2024-04-19T09:15:14.209146" elapsed="0.010814"/>
</for>
<kw name="Create List" owner="BuiltIn">
<msg time="2024-04-19T09:15:14.220291" level="INFO">${expected_keysTwo} = ['username', 'password']</msg>
<var>${expected_keysTwo}</var>
<arg>username</arg>
<arg>password</arg>
<doc>Returns a list containing given items.</doc>
<status status="PASS" start="2024-04-19T09:15:14.220154" elapsed="0.000160"/>
</kw>
<for flavor="IN">
<iter>
<kw name="Dictionary Should Contain Key" owner="Collections">
<msg time="2024-04-19T09:15:14.221206" level="INFO">False</msg>
<arg>${json_data['results'][0]['login']}</arg>
<arg>${keyTwo}</arg>
<doc>Fails if ``key`` is not found from ``dictionary``.</doc>
<status status="PASS" start="2024-04-19T09:15:14.220810" elapsed="0.000432"/>
</kw>
<kw name="Dictionary Should Contain Key" owner="Collections">
<msg time="2024-04-19T09:15:14.221921" level="INFO">False</msg>
<arg>${json_data['results'][0]['login']}</arg>
<arg>${keyTwo}</arg>
<doc>Fails if ``key`` is not found from ``dictionary``.</doc>
<status status="PASS" start="2024-04-19T09:15:14.221543" elapsed="0.000415"/>
</kw>
<kw name="Log" owner="BuiltIn">
<msg time="2024-04-19T09:15:14.222375" level="INFO">username</msg>
<arg>${keyTwo}</arg>
<doc>Logs the given message with the given level.</doc>
<status status="PASS" start="2024-04-19T09:15:14.222250" elapsed="0.000170"/>
</kw>
<var name="${keyTwo}">username</var>
<status status="PASS" start="2024-04-19T09:15:14.220700" elapsed="0.001931"/>
</iter>
<iter>
<kw name="Dictionary Should Contain Key" owner="Collections">
<msg time="2024-04-19T09:15:14.223408" level="INFO">False</msg>
<arg>${json_data['results'][0]['login']}</arg>
<arg>${keyTwo}</arg>
<doc>Fails if ``key`` is not found from ``dictionary``.</doc>
<status status="PASS" start="2024-04-19T09:15:14.222944" elapsed="0.000510"/>
</kw>
<kw name="Dictionary Should Contain Key" owner="Collections">
<msg time="2024-04-19T09:15:14.224134" level="INFO">False</msg>
<arg>${json_data['results'][0]['login']}</arg>
<arg>${keyTwo}</arg>
<doc>Fails if ``key`` is not found from ``dictionary``.</doc>
<status status="PASS" start="2024-04-19T09:15:14.223757" elapsed="0.000413"/>
</kw>
<kw name="Log" owner="BuiltIn">
<msg time="2024-04-19T09:15:14.224586" level="INFO">password</msg>
<arg>${keyTwo}</arg>
<doc>Logs the given message with the given level.</doc>
<status status="PASS" start="2024-04-19T09:15:14.224459" elapsed="0.000164"/>
</kw>
<var name="${keyTwo}">password</var>
<status status="PASS" start="2024-04-19T09:15:14.222820" elapsed="0.002016"/>
</iter>
<var>${keyTwo}</var>
<value>@{expected_keysTwo}</value>
<status status="PASS" start="2024-04-19T09:15:14.220549" elapsed="0.004406"/>
</for>
<status status="PASS" start="2024-04-19T09:15:14.100791" elapsed="0.124302"/>
</kw>
<doc>Testa a estrutura da resposta da API.</doc>
<tag>testeEstruturaResposta</tag>
<status status="PASS" start="2024-04-19T09:15:14.100182" elapsed="0.125061"/>
</test>
<test id="s1-s1-t4" name="Validar tipos de dados" line="28">
<kw name="Teste de Tipos de Dados" owner="random-user-service">
<kw name="GET On Session" owner="RequestsLibrary">
<msg time="2024-04-19T09:15:14.312603" level="INFO">GET Request : url=https://randomuser.me/api 
 path_url=/api 
 headers={'User-Agent': 'python-requests/2.31.0', 'Accept-Encoding': 'gzip, deflate', 'Accept': '*/*', 'Connection': 'keep-alive'} 
 body=None 
 </msg>
<msg time="2024-04-19T09:15:14.312677" level="INFO">GET Response : url=https://randomuser.me/api 
 status=200, reason=OK 
 headers={'Date': 'Fri, 19 Apr 2024 09:15:14 GMT', 'Content-Type': 'application/json; charset=utf-8', 'Transfer-Encoding': 'chunked', 'Connection': 'keep-alive', 'X-Powered-By': 'Express', 'Access-Control-Allow-Origin': '*', 'Cache-Control': 'no-cache', 'ETag': 'W/"49c-ev5y7vml8BpUUKLIR/zmUdPe6lw"', 'Vary': 'Accept-Encoding', 'Content-Encoding': 'gzip', 'CF-Cache-Status': 'DYNAMIC', 'Report-To': '{"endpoints":[{"url":"https:\\/\\/a.nel.cloudflare.com\\/report\\/v4?s=NGftjC78EoDPSrtmEp7IvB0Do7SQ3LWu24ByQZs%2FpLlPbpNmUiOFPAUre4NdIAyyexkNM9AIN8lDyCIoCK2gj%2FBKCj%2BeXZQCrMEOWLeFvRVa8tkgtgddFlL%2BSxcmmFDS"}],"group":"cf-nel","max_age":604800}', 'NEL': '{"success_fraction":0,"report_to":"cf-nel","max_age":604800}', 'Server': 'cloudflare', 'CF-RAY': '876bc9f5faf96422-SJC', 'alt-svc': 'h3=":443"; ma=86400'} 
 body={"results":[{"gender":"female","name":{"title":"Mrs","first":"Tracy","last":"Stephens"},"location":{"street":{"number":171,"name":"Timber Wolf Trail"},"city":"Frederick","state":"Oregon","country":"United States","postcode":49251,"coordinates":{"latitude":"84.2112","longitude":"37.2600"},"timezone":{"offset":"-3:00","description":"Brazil, Buenos Aires, Georgetown"}},"email":"tracy.stephens@example.com","login":{"uuid":"fd650d5b-6829-4827-a900-d34ad92ca0af","username":"angrysnake270","password":"5678","salt":"FiLHlEiK","md5":"d6de9a2aa9556df304b6869ba3fb3ff3","sha1":"257ce7ebfacd7eda5379e58e5485834b0148582e","sha256":"43d81be1169972c3cd0c1c3d3117ed06831aee5fae882ea22d5ede94ffa707a2"},"dob":{"date":"1961-08-02T03:20:08.844Z","age":62},"registered":{"date":"2014-12-29T15:37:13.265Z","age":9},"phone":"(617) 706-9891","cell":"(480) 967-9540","id":{"name":"SSN","value":"714-48-8129"},"picture":{"large":"https://randomuser.me/api/portraits/women/82.jpg","medium":"https://randomuser.me/api/portraits/med/women/82.jpg","thumbnail":"https://randomuser.me/api/portraits/thumb/women/82.jpg"},"nat":"US"}],"info":{"seed":"69adcaeed085c029","results":1,"page":1,"version":"1.4"}} 
 </msg>
<msg time="2024-04-19T09:15:14.312733" level="INFO">/opt/hostedtoolcache/Python/3.12.3/x64/lib/python3.12/site-packages/urllib3/connectionpool.py:1103: InsecureRequestWarning: Unverified HTTPS request is being made to host 'randomuser.me'. Adding certificate verification is strongly advised. See: https://urllib3.readthedocs.io/en/latest/advanced-usage.html#tls-warnings
  warnings.warn(</msg>
<msg time="2024-04-19T09:15:14.312824" level="INFO">${response} = &lt;Response [200]&gt;</msg>
<var>${response}</var>
<arg>consultarAPI</arg>
<arg>/api</arg>
<doc>Sends a GET request on a previously created HTTP Session.</doc>
<status status="PASS" start="2024-04-19T09:15:14.227820" elapsed="0.085045"/>
</kw>
<kw name="Set Variable" owner="BuiltIn">
<msg time="2024-04-19T09:15:14.313919" level="INFO">${json_data} = {'results': [{'gender': 'female', 'name': {'title': 'Mrs', 'first': 'Tracy', 'last': 'Stephens'}, 'location': {'street': {'number': 171, 'name': 'Timber Wolf Trail'}, 'city': 'Frederick', 'state': 'Or...</msg>
<var>${json_data}</var>
<arg>${response.json()}</arg>
<doc>Returns the given values which can then be assigned to a variables.</doc>
<status status="PASS" start="2024-04-19T09:15:14.313335" elapsed="0.000613"/>
</kw>
<kw name="Log" owner="BuiltIn">
<msg time="2024-04-19T09:15:14.314400" level="INFO">{'results': [{'gender': 'female', 'name': {'title': 'Mrs', 'first': 'Tracy', 'last': 'Stephens'}, 'location': {'street': {'number': 171, 'name': 'Timber Wolf Trail'}, 'city': 'Frederick', 'state': 'Oregon', 'country': 'United States', 'postcode': 49251, 'coordinates': {'latitude': '84.2112', 'longitude': '37.2600'}, 'timezone': {'offset': '-3:00', 'description': 'Brazil, Buenos Aires, Georgetown'}}, 'email': 'tracy.stephens@example.com', 'login': {'uuid': 'fd650d5b-6829-4827-a900-d34ad92ca0af', 'username': 'angrysnake270', 'password': '5678', 'salt': 'FiLHlEiK', 'md5': 'd6de9a2aa9556df304b6869ba3fb3ff3', 'sha1': '257ce7ebfacd7eda5379e58e5485834b0148582e', 'sha256': '43d81be1169972c3cd0c1c3d3117ed06831aee5fae882ea22d5ede94ffa707a2'}, 'dob': {'date': '1961-08-02T03:20:08.844Z', 'age': 62}, 'registered': {'date': '2014-12-29T15:37:13.265Z', 'age': 9}, 'phone': '(617) 706-9891', 'cell': '(480) 967-9540', 'id': {'name': 'SSN', 'value': '714-48-8129'}, 'picture': {'large': 'https://randomuser.me/api/portraits/women/82.jpg', 'medium': 'https://randomuser.me/api/portraits/med/women/82.jpg', 'thumbnail': 'https://randomuser.me/api/portraits/thumb/women/82.jpg'}, 'nat': 'US'}], 'info': {'seed': '69adcaeed085c029', 'results': 1, 'page': 1, 'version': '1.4'}}</msg>
<arg>${json_data}</arg>
<doc>Logs the given message with the given level.</doc>
<status status="PASS" start="2024-04-19T09:15:14.314250" elapsed="0.000232"/>
</kw>
<kw name="Should Be String" owner="String">
<arg>${json_data['results'][0]['gender']}</arg>
<doc>Fails if the given ``item`` is not a string.</doc>
<status status="PASS" start="2024-04-19T09:15:14.314776" elapsed="0.000408"/>
</kw>
<kw name="Should Match Regexp" owner="BuiltIn">
<arg>${json_data['results'][0]['email']}</arg>
<arg>^[a-zA-Z0-9._%+-]+@[a-zA-Z0-9.-]+\.[a-zA-Z]{2,}$</arg>
<doc>Fails if ``string`` does not match ``pattern`` as a regular expression.</doc>
<status status="PASS" start="2024-04-19T09:15:14.315376" elapsed="0.000515"/>
</kw>
<kw name="Should Match Regexp" owner="BuiltIn">
<arg>${json_data['results'][0]['dob']['date']}</arg>
<arg>\\d{4}-\\d{2}-\\d{2}T\\d{2}:\\d{2}:\\d{2}\\.\\d{3}Z</arg>
<doc>Fails if ``string`` does not match ``pattern`` as a regular expression.</doc>
<status status="PASS" start="2024-04-19T09:15:14.316087" elapsed="0.000480"/>
</kw>
<kw name="Should Match Regexp" owner="BuiltIn">
<arg>${json_data['results'][0]['registered']['date']}</arg>
<arg>\\d{4}-\\d{2}-\\d{2}T\\d{2}:\\d{2}:\\d{2}\\.\\d{3}Z</arg>
<doc>Fails if ``string`` does not match ``pattern`` as a regular expression.</doc>
<status status="PASS" start="2024-04-19T09:15:14.316760" elapsed="0.000368"/>
</kw>
<kw name="Should Match Regexp" owner="BuiltIn">
<arg>${json_data['results'][0]['picture']['large']}</arg>
<arg>^https?://.*\.(?:png|jpe?g|gif|bmp)$</arg>
<doc>Fails if ``string`` does not match ``pattern`` as a regular expression.</doc>
<status status="PASS" start="2024-04-19T09:15:14.317318" elapsed="0.000456"/>
</kw>
<kw name="Should Match Regexp" owner="BuiltIn">
<arg>${json_data['results'][0]['picture']['medium']}</arg>
<arg>^https?://.*\.(?:png|jpe?g|gif|bmp)$</arg>
<doc>Fails if ``string`` does not match ``pattern`` as a regular expression.</doc>
<status status="PASS" start="2024-04-19T09:15:14.317960" elapsed="0.000354"/>
</kw>
<kw name="Should Match Regexp" owner="BuiltIn">
<arg>${json_data['results'][0]['picture']['thumbnail']}</arg>
<arg>^https?://.*\.(?:png|jpe?g|gif|bmp)$</arg>
<doc>Fails if ``string`` does not match ``pattern`` as a regular expression.</doc>
<status status="PASS" start="2024-04-19T09:15:14.318502" elapsed="0.000390"/>
</kw>
<kw name="Log" owner="BuiltIn">
<msg time="2024-04-19T09:15:14.319408" level="INFO">{'large': 'https://randomuser.me/api/portraits/women/82.jpg', 'medium': 'https://randomuser.me/api/portraits/med/women/82.jpg', 'thumbnail': 'https://randomuser.me/api/portraits/thumb/women/82.jpg'}</msg>
<arg>${json_data['results'][0]['picture']}</arg>
<doc>Logs the given message with the given level.</doc>
<status status="PASS" start="2024-04-19T09:15:14.319080" elapsed="0.000370"/>
</kw>
<status status="PASS" start="2024-04-19T09:15:14.227585" elapsed="0.092118"/>
</kw>
<kw name="Teste de Tipos de Dados - Postcode" owner="random-user-service">
<kw name="GET On Session" owner="RequestsLibrary">
<msg time="2024-04-19T09:15:14.419554" level="INFO">GET Request : url=https://randomuser.me/api 
 path_url=/api 
 headers={'User-Agent': 'python-requests/2.31.0', 'Accept-Encoding': 'gzip, deflate', 'Accept': '*/*', 'Connection': 'keep-alive'} 
 body=None 
 </msg>
<msg time="2024-04-19T09:15:14.419638" level="INFO">GET Response : url=https://randomuser.me/api 
 status=200, reason=OK 
 headers={'Date': 'Fri, 19 Apr 2024 09:15:14 GMT', 'Content-Type': 'application/json; charset=utf-8', 'Transfer-Encoding': 'chunked', 'Connection': 'keep-alive', 'X-Powered-By': 'Express', 'Access-Control-Allow-Origin': '*', 'Cache-Control': 'no-cache', 'ETag': 'W/"49c-JWHuOs67csjvJUR3H6siFpy7kLA"', 'Vary': 'Accept-Encoding', 'Content-Encoding': 'gzip', 'CF-Cache-Status': 'DYNAMIC', 'Report-To': '{"endpoints":[{"url":"https:\\/\\/a.nel.cloudflare.com\\/report\\/v4?s=bvMa6Nh6S%2F9cqL0V9InnD3bpDcSZGdDkrO007bBLpXq0bh1ZxkEJvH%2BG2%2BnfacJtYlYDJy72NBDzh9aN6p6JGaYel6yp5CKehyeKRIo7PTeE9UMzFEA64rPmL3X5FVdi"}],"group":"cf-nel","max_age":604800}', 'NEL': '{"success_fraction":0,"report_to":"cf-nel","max_age":604800}', 'Server': 'cloudflare', 'CF-RAY': '876bc9f68b626422-SJC', 'alt-svc': 'h3=":443"; ma=86400'} 
 body={"results":[{"gender":"female","name":{"title":"Miss","first":"Olivia","last":"Harris"},"location":{"street":{"number":3640,"name":"Lakeview St"},"city":"Geraldton","state":"Australian Capital Territory","country":"Australia","postcode":4427,"coordinates":{"latitude":"-81.4402","longitude":"75.6477"},"timezone":{"offset":"+7:00","description":"Bangkok, Hanoi, Jakarta"}},"email":"olivia.harris@example.com","login":{"uuid":"b55d5760-2a98-46f6-a732-e220a768877c","username":"blacktiger225","password":"collin","salt":"NLHy9y4D","md5":"715d955199dd09e815a1fc70e8c2165f","sha1":"3f6711d14904b19e40e604eb67596fdca829c794","sha256":"e4deea222d2ee6ba33295d25c2ec5ebeb7ce5d4eadb16e427ecc00520f02dbcb"},"dob":{"date":"1952-11-12T15:03:21.879Z","age":71},"registered":{"date":"2003-03-31T11:58:56.516Z","age":21},"phone":"04-3554-4784","cell":"0493-516-303","id":{"name":"TFN","value":"301985335"},"picture":{"large":"https://randomuser.me/api/portraits/women/60.jpg","medium":"https://randomuser.me/api/portraits/med/women/60.jpg","thumbnail":"https://randomuser.me/api/portraits/thumb/women/60.jpg"},"nat":"AU"}],"info":{"seed":"17c0df50618fc9d2","results":1,"page":1,"version":"1.4"}} 
 </msg>
<msg time="2024-04-19T09:15:14.419710" level="INFO">/opt/hostedtoolcache/Python/3.12.3/x64/lib/python3.12/site-packages/urllib3/connectionpool.py:1103: InsecureRequestWarning: Unverified HTTPS request is being made to host 'randomuser.me'. Adding certificate verification is strongly advised. See: https://urllib3.readthedocs.io/en/latest/advanced-usage.html#tls-warnings
  warnings.warn(</msg>
<msg time="2024-04-19T09:15:14.419844" level="INFO">${response} = &lt;Response [200]&gt;</msg>
<var>${response}</var>
<arg>consultarAPI</arg>
<arg>/api</arg>
<doc>Sends a GET request on a previously created HTTP Session.</doc>
<status status="PASS" start="2024-04-19T09:15:14.320146" elapsed="0.099735"/>
</kw>
<kw name="Set Variable" owner="BuiltIn">
<msg time="2024-04-19T09:15:14.420653" level="INFO">${json_data} = {'results': [{'gender': 'female', 'name': {'title': 'Miss', 'first': 'Olivia', 'last': 'Harris'}, 'location': {'street': {'number': 3640, 'name': 'Lakeview St'}, 'city': 'Geraldton', 'state': 'Austral...</msg>
<var>${json_data}</var>
<arg>${response.json()}</arg>
<doc>Returns the given values which can then be assigned to a variables.</doc>
<status status="PASS" start="2024-04-19T09:15:14.420213" elapsed="0.000468"/>
</kw>
<kw name="Log" owner="BuiltIn">
<msg time="2024-04-19T09:15:14.421130" level="INFO">{'results': [{'gender': 'female', 'name': {'title': 'Miss', 'first': 'Olivia', 'last': 'Harris'}, 'location': {'street': {'number': 3640, 'name': 'Lakeview St'}, 'city': 'Geraldton', 'state': 'Australian Capital Territory', 'country': 'Australia', 'postcode': 4427, 'coordinates': {'latitude': '-81.4402', 'longitude': '75.6477'}, 'timezone': {'offset': '+7:00', 'description': 'Bangkok, Hanoi, Jakarta'}}, 'email': 'olivia.harris@example.com', 'login': {'uuid': 'b55d5760-2a98-46f6-a732-e220a768877c', 'username': 'blacktiger225', 'password': 'collin', 'salt': 'NLHy9y4D', 'md5': '715d955199dd09e815a1fc70e8c2165f', 'sha1': '3f6711d14904b19e40e604eb67596fdca829c794', 'sha256': 'e4deea222d2ee6ba33295d25c2ec5ebeb7ce5d4eadb16e427ecc00520f02dbcb'}, 'dob': {'date': '1952-11-12T15:03:21.879Z', 'age': 71}, 'registered': {'date': '2003-03-31T11:58:56.516Z', 'age': 21}, 'phone': '04-3554-4784', 'cell': '0493-516-303', 'id': {'name': 'TFN', 'value': '301985335'}, 'picture': {'large': 'https://randomuser.me/api/portraits/women/60.jpg', 'medium': 'https://randomuser.me/api/portraits/med/women/60.jpg', 'thumbnail': 'https://randomuser.me/api/portraits/thumb/women/60.jpg'}, 'nat': 'AU'}], 'info': {'seed': '17c0df50618fc9d2', 'results': 1, 'page': 1, 'version': '1.4'}}</msg>
<arg>${json_data}</arg>
<doc>Logs the given message with the given level.</doc>
<status status="PASS" start="2024-04-19T09:15:14.420980" elapsed="0.000225"/>
</kw>
<kw name="Should Be Equal As Numbers" owner="BuiltIn">
<arg>${json_data['results'][0]['location']['postcode']}</arg>
<arg>${json_data['results'][0]['location']['postcode']}</arg>
<doc>Fails if objects are unequal after converting them to real numbers.</doc>
<status status="PASS" start="2024-04-19T09:15:14.421636" elapsed="0.000610"/>
</kw>
<kw name="Log" owner="BuiltIn">
<msg time="2024-04-19T09:15:14.422768" level="INFO">4427</msg>
<arg>${json_data['results'][0]['location']['postcode']}</arg>
<doc>Logs the given message with the given level.</doc>
<status status="PASS" start="2024-04-19T09:15:14.422435" elapsed="0.000403"/>
</kw>
<status status="PASS" start="2024-04-19T09:15:14.319918" elapsed="0.103175"/>
</kw>
<doc>Testa se os tipos de dados na resposta da API estão corretos.</doc>
<tag>testeTiposDados</tag>
<status status="PASS" start="2024-04-19T09:15:14.227030" elapsed="0.196219"/>
</test>
<test id="s1-s1-t5" name="Validar conteudo" line="35">
<kw name="Teste de Tipos de Conteudo" owner="random-user-service">
<kw name="GET On Session" owner="RequestsLibrary">
<msg time="2024-04-19T09:15:14.523755" level="INFO">GET Request : url=https://randomuser.me/api 
 path_url=/api 
 headers={'User-Agent': 'python-requests/2.31.0', 'Accept-Encoding': 'gzip, deflate', 'Accept': '*/*', 'Connection': 'keep-alive'} 
 body=None 
 </msg>
<msg time="2024-04-19T09:15:14.523840" level="INFO">GET Response : url=https://randomuser.me/api 
 status=200, reason=OK 
 headers={'Date': 'Fri, 19 Apr 2024 09:15:14 GMT', 'Content-Type': 'application/json; charset=utf-8', 'Transfer-Encoding': 'chunked', 'Connection': 'keep-alive', 'X-Powered-By': 'Express', 'Access-Control-Allow-Origin': '*', 'Cache-Control': 'no-cache', 'ETag': 'W/"48c-oCHiZErN2uyqFxGbn/chwI1CHZg"', 'Vary': 'Accept-Encoding', 'Content-Encoding': 'gzip', 'CF-Cache-Status': 'DYNAMIC', 'Report-To': '{"endpoints":[{"url":"https:\\/\\/a.nel.cloudflare.com\\/report\\/v4?s=e63Rc6h5dW851KhSVv5z1wmyQDPDR5zaELazCy6tHe0SmbeJZsYFle7kAcqD%2F8fbnbTVCkUYcq5Z3VcGOwps8fL3%2Ftx0uQdwG3cmQ8ctPa1S6ryrheBeqffYOkTsIlU6"}],"group":"cf-nel","max_age":604800}', 'NEL': '{"success_fraction":0,"report_to":"cf-nel","max_age":604800}', 'Server': 'cloudflare', 'CF-RAY': '876bc9f72bc26422-SJC', 'alt-svc': 'h3=":443"; ma=86400'} 
 body={"results":[{"gender":"male","name":{"title":"Mr","first":"Oliver","last":"Suomi"},"location":{"street":{"number":5646,"name":"Pispalan Valtatie"},"city":"Ruokolahti","state":"Satakunta","country":"Finland","postcode":80100,"coordinates":{"latitude":"-21.6567","longitude":"-56.0765"},"timezone":{"offset":"-8:00","description":"Pacific Time (US &amp; Canada)"}},"email":"oliver.suomi@example.com","login":{"uuid":"be299bac-b4e1-4612-8012-c28689149f7e","username":"bigdog807","password":"5555555","salt":"Tr4hxhjH","md5":"26607725a94d7cb0a36541696d26dab3","sha1":"3e517f74b85d6b97a4bcff04f9dd2e21aac46009","sha256":"5e9c7a429a54f41e32f5c1daee22f4607d9d89a9ee96e2be65f949a3070d3c19"},"dob":{"date":"1954-03-08T06:50:34.972Z","age":70},"registered":{"date":"2012-09-28T17:06:49.246Z","age":11},"phone":"06-512-694","cell":"049-541-78-27","id":{"name":"HETU","value":"NaNNA771undefined"},"picture":{"large":"https://randomuser.me/api/portraits/men/40.jpg","medium":"https://randomuser.me/api/portraits/med/men/40.jpg","thumbnail":"https://randomuser.me/api/portraits/thumb/men/40.jpg"},"nat":"FI"}],"info":{"seed":"35bbf406a220854b","results":1,"page":1,"version":"1.4"}} 
 </msg>
<msg time="2024-04-19T09:15:14.523912" level="INFO">/opt/hostedtoolcache/Python/3.12.3/x64/lib/python3.12/site-packages/urllib3/connectionpool.py:1103: InsecureRequestWarning: Unverified HTTPS request is being made to host 'randomuser.me'. Adding certificate verification is strongly advised. See: https://urllib3.readthedocs.io/en/latest/advanced-usage.html#tls-warnings
  warnings.warn(</msg>
<msg time="2024-04-19T09:15:14.524047" level="INFO">${response} = &lt;Response [200]&gt;</msg>
<var>${response}</var>
<arg>consultarAPI</arg>
<arg>/api</arg>
<doc>Sends a GET request on a previously created HTTP Session.</doc>
<status status="PASS" start="2024-04-19T09:15:14.425599" elapsed="0.098490"/>
</kw>
<kw name="Set Variable" owner="BuiltIn">
<msg time="2024-04-19T09:15:14.524887" level="INFO">${json_data} = {'results': [{'gender': 'male', 'name': {'title': 'Mr', 'first': 'Oliver', 'last': 'Suomi'}, 'location': {'street': {'number': 5646, 'name': 'Pispalan Valtatie'}, 'city': 'Ruokolahti', 'state': 'Satak...</msg>
<var>${json_data}</var>
<arg>${response.json()}</arg>
<doc>Returns the given values which can then be assigned to a variables.</doc>
<status status="PASS" start="2024-04-19T09:15:14.524461" elapsed="0.000454"/>
</kw>
<kw name="Set Variable" owner="BuiltIn">
<msg time="2024-04-19T09:15:14.525587" level="INFO">${name_title} = Mr</msg>
<var>${name_title}</var>
<arg>${json_data["results"][0]["name"]["title"]}</arg>
<doc>Returns the given values which can then be assigned to a variables.</doc>
<status status="PASS" start="2024-04-19T09:15:14.525213" elapsed="0.000399"/>
</kw>
<kw name="Create List" owner="BuiltIn">
<msg time="2024-04-19T09:15:14.526050" level="INFO">${allowed_titles} = ['Mr', 'Ms', 'Miss', 'Mrs', 'Madame', 'Monsieur']</msg>
<var>${allowed_titles}</var>
<arg>Mr</arg>
<arg>Ms</arg>
<arg>Miss</arg>
<arg>Mrs</arg>
<arg>Madame</arg>
<arg>Monsieur</arg>
<doc>Returns a list containing given items.</doc>
<status status="PASS" start="2024-04-19T09:15:14.525904" elapsed="0.000170"/>
</kw>
<kw name="List Should Contain Value" owner="Collections">
<msg time="2024-04-19T09:15:14.526532" level="INFO">False</msg>
<arg>${allowed_titles}</arg>
<arg>${name_title}</arg>
<doc>Fails if the ``value`` is not found from ``list``.</doc>
<status status="PASS" start="2024-04-19T09:15:14.526366" elapsed="0.000202"/>
</kw>
<kw name="Set Variable" owner="BuiltIn">
<msg time="2024-04-19T09:15:14.527281" level="INFO">${name_country} = FI</msg>
<var>${name_country}</var>
<arg>${json_data["results"][0]["nat"]}</arg>
<doc>Returns the given values which can then be assigned to a variables.</doc>
<status status="PASS" start="2024-04-19T09:15:14.526890" elapsed="0.000416"/>
</kw>
<kw name="Create List" owner="BuiltIn">
<msg time="2024-04-19T09:15:14.528189" level="INFO">${list_country} = ['AD', 'AE', 'AF', 'AG', 'AI', 'AL', 'AM', 'AO', 'AQ', 'AR', 'AS', 'AT', 'AU', 'AW', 'AX', 'AZ', 'BA', 'BB', 'BD', 'BE', 'BF', 'BG', 'BH', 'BI', 'BJ', 'BL', 'BM', 'BN', 'BO', 'BQ', 'BR', 'BS', 'BT', '...</msg>
<var>${list_country}</var>
<arg>AD</arg>
<arg>AE</arg>
<arg>AF</arg>
<arg>AG</arg>
<arg>AI</arg>
<arg>AL</arg>
<arg>AM</arg>
<arg>AO</arg>
<arg>AQ</arg>
<arg>AR</arg>
<arg>AS</arg>
<arg>AT</arg>
<arg>AU</arg>
<arg>AW</arg>
<arg>AX</arg>
<arg>AZ</arg>
<arg>BA</arg>
<arg>BB</arg>
<arg>BD</arg>
<arg>BE</arg>
<arg>BF</arg>
<arg>BG</arg>
<arg>BH</arg>
<arg>BI</arg>
<arg>BJ</arg>
<arg>BL</arg>
<arg>BM</arg>
<arg>BN</arg>
<arg>BO</arg>
<arg>BQ</arg>
<arg>BR</arg>
<arg>BS</arg>
<arg>BT</arg>
<arg>BV</arg>
<arg>BW</arg>
<arg>BY</arg>
<arg>BZ</arg>
<arg>CA</arg>
<arg>CC</arg>
<arg>CD</arg>
<arg>CF</arg>
<arg>CG</arg>
<arg>CH</arg>
<arg>CI</arg>
<arg>CK</arg>
<arg>CL</arg>
<arg>CM</arg>
<arg>CN</arg>
<arg>CO</arg>
<arg>CR</arg>
<arg>CU</arg>
<arg>CV</arg>
<arg>CW</arg>
<arg>CX</arg>
<arg>CY</arg>
<arg>CZ</arg>
<arg>DE</arg>
<arg>DJ</arg>
<arg>DK</arg>
<arg>DM</arg>
<arg>DO</arg>
<arg>DZ</arg>
<arg>EC</arg>
<arg>EE</arg>
<arg>EG</arg>
<arg>EH</arg>
<arg>ER</arg>
<arg>ES</arg>
<arg>ET</arg>
<arg>FI</arg>
<arg>FJ</arg>
<arg>FK</arg>
<arg>FM</arg>
<arg>FO</arg>
<arg>FR</arg>
<arg>GA</arg>
<arg>GB</arg>
<arg>GD</arg>
<arg>GE</arg>
<arg>GF</arg>
<arg>GG</arg>
<arg>GH</arg>
<arg>GI</arg>
<arg>GL</arg>
<arg>GM</arg>
<arg>GN</arg>
<arg>GP</arg>
<arg>GQ</arg>
<arg>GR</arg>
<arg>GS</arg>
<arg>GT</arg>
<arg>GU</arg>
<arg>GW</arg>
<arg>GY</arg>
<arg>HK</arg>
<arg>HM</arg>
<arg>HN</arg>
<arg>HR</arg>
<arg>HT</arg>
<arg>HU</arg>
<arg>ID</arg>
<arg>IE</arg>
<arg>IL</arg>
<arg>IM</arg>
<arg>IN</arg>
<arg>IO</arg>
<arg>IQ</arg>
<arg>IR</arg>
<arg>IS</arg>
<arg>IT</arg>
<arg>JE</arg>
<arg>JM</arg>
<arg>JO</arg>
<arg>JP</arg>
<arg>KE</arg>
<arg>KG</arg>
<arg>KH</arg>
<arg>KI</arg>
<arg>KM</arg>
<arg>KN</arg>
<arg>KP</arg>
<arg>KR</arg>
<arg>KW</arg>
<arg>KY</arg>
<arg>KZ</arg>
<arg>LA</arg>
<arg>LB</arg>
<arg>LC</arg>
<arg>LI</arg>
<arg>LK</arg>
<arg>LR</arg>
<arg>LS</arg>
<arg>LT</arg>
<arg>LU</arg>
<arg>LV</arg>
<arg>LY</arg>
<arg>MA</arg>
<arg>MC</arg>
<arg>MD</arg>
<arg>ME</arg>
<arg>MF</arg>
<arg>MG</arg>
<arg>MH</arg>
<arg>MK</arg>
<arg>ML</arg>
<arg>MM</arg>
<arg>MN</arg>
<arg>MO</arg>
<arg>MP</arg>
<arg>MQ</arg>
<arg>MR</arg>
<arg>MS</arg>
<arg>MT</arg>
<arg>MU</arg>
<arg>MV</arg>
<arg>MW</arg>
<arg>MX</arg>
<arg>MY</arg>
<arg>MZ</arg>
<arg>NA</arg>
<arg>NC</arg>
<arg>NE</arg>
<arg>NF</arg>
<arg>NG</arg>
<arg>NI</arg>
<arg>NL</arg>
<arg>NO</arg>
<arg>NP</arg>
<arg>NR</arg>
<arg>NU</arg>
<arg>NZ</arg>
<arg>OM</arg>
<arg>PA</arg>
<arg>PE</arg>
<arg>PF</arg>
<arg>PG</arg>
<arg>PH</arg>
<arg>PK</arg>
<arg>PL</arg>
<arg>PM</arg>
<arg>PN</arg>
<arg>PR</arg>
<arg>PS</arg>
<arg>PT</arg>
<arg>PW</arg>
<arg>PY</arg>
<arg>QA</arg>
<arg>RE</arg>
<arg>RO</arg>
<arg>RS</arg>
<arg>RU</arg>
<arg>RW</arg>
<arg>SA</arg>
<arg>SB</arg>
<arg>SC</arg>
<arg>SD</arg>
<arg>SE</arg>
<arg>SG</arg>
<arg>SH</arg>
<arg>SI</arg>
<arg>SJ</arg>
<arg>SK</arg>
<arg>SL</arg>
<arg>SM</arg>
<arg>SN</arg>
<arg>SO</arg>
<arg>SR</arg>
<arg>SS</arg>
<arg>ST</arg>
<arg>SV</arg>
<arg>SX</arg>
<arg>SY</arg>
<arg>SZ</arg>
<arg>TC</arg>
<arg>TD</arg>
<arg>TF</arg>
<arg>TG</arg>
<arg>TH</arg>
<arg>TJ</arg>
<arg>TK</arg>
<arg>TL</arg>
<arg>TM</arg>
<arg>TN</arg>
<arg>TO</arg>
<arg>TR</arg>
<arg>TT</arg>
<arg>TV</arg>
<arg>TW</arg>
<arg>TZ</arg>
<arg>UA</arg>
<arg>UG</arg>
<arg>UM</arg>
<arg>US</arg>
<arg>UY</arg>
<arg>UZ</arg>
<arg>VA</arg>
<arg>VC</arg>
<arg>VE</arg>
<arg>VG</arg>
<arg>VI</arg>
<arg>VN</arg>
<arg>VU</arg>
<arg>WF</arg>
<arg>WS</arg>
<arg>XK</arg>
<arg>YE</arg>
<arg>YT</arg>
<arg>ZA</arg>
<arg>ZM</arg>
<arg>ZW</arg>
<doc>Returns a list containing given items.</doc>
<status status="PASS" start="2024-04-19T09:15:14.527603" elapsed="0.000612"/>
</kw>
<kw name="List Should Contain Value" owner="Collections">
<msg time="2024-04-19T09:15:14.529198" level="INFO">False</msg>
<arg>${list_country}</arg>
<arg>${name_country}</arg>
<doc>Fails if the ``value`` is not found from ``list``.</doc>
<status status="PASS" start="2024-04-19T09:15:14.529003" elapsed="0.000231"/>
</kw>
<kw name="Run Keyword If" owner="BuiltIn">
<kw name="Should Be True" owner="BuiltIn">
<arg>${True}</arg>
<doc>Fails if the given condition is not true.</doc>
<status status="PASS" start="2024-04-19T09:15:14.530282" elapsed="0.000239"/>
</kw>
<arg>${json_data["results"][0]["location"]["coordinates"]["latitude"]} &gt;= -90 and ${json_data["results"][0]["location"]["coordinates"]["latitude"]} &lt;= 90</arg>
<arg>Should Be True</arg>
<arg>${True}</arg>
<doc>Runs the given keyword with the given arguments, if ``condition`` is true.</doc>
<status status="PASS" start="2024-04-19T09:15:14.529538" elapsed="0.001114"/>
</kw>
<kw name="Run Keyword If" owner="BuiltIn">
<kw name="Should Be True" owner="BuiltIn">
<arg>${True}</arg>
<doc>Fails if the given condition is not true.</doc>
<status status="PASS" start="2024-04-19T09:15:14.531587" elapsed="0.000136"/>
</kw>
<arg>${json_data["results"][0]["location"]["coordinates"]["longitude"]} &gt;= -180 and ${json_data["results"][0]["location"]["coordinates"]["longitude"]} &lt;= 180</arg>
<arg>Should Be True</arg>
<arg>${True}</arg>
<doc>Runs the given keyword with the given arguments, if ``condition`` is true.</doc>
<status status="PASS" start="2024-04-19T09:15:14.530860" elapsed="0.000989"/>
</kw>
<status status="PASS" start="2024-04-19T09:15:14.425380" elapsed="0.106594"/>
</kw>
<doc>Testa o conteúdo específico dos campos retornados pela API.</doc>
<tag>testeConteudo</tag>
<status status="PASS" start="2024-04-19T09:15:14.424952" elapsed="0.107158"/>
</test>
<status status="PASS" start="2024-04-19T09:15:13.553038" elapsed="0.980960"/>
</suite>
<status status="PASS" start="2024-04-19T09:15:13.539842" elapsed="0.999237"/>
</suite>
<statistics>
<total>
<stat pass="5" fail="0" skip="0">All Tests</stat>
</total>
<tag>
<stat pass="1" fail="0" skip="0">testeConteudo</stat>
<stat pass="1" fail="0" skip="0">testeEstruturaResposta</stat>
<stat pass="1" fail="0" skip="0">testeRequisicaoBasica</stat>
<stat pass="1" fail="0" skip="0">testeTiposDados</stat>
</tag>
<suite>
<stat pass="5" fail="0" skip="0" id="s1" name="Tests">Tests</stat>
<stat pass="5" fail="0" skip="0" id="s1-s1" name="Random-User-Test">Tests.Random-User-Test</stat>
</suite>
</statistics>
<errors>
</errors>
</robot>
