<?xml version="1.0" encoding="UTF-8"?>
<robot generator="Robot 7.0.1 (Python 3.12.4 on linux)" generated="2024-07-13T17:12:23.010065" rpa="false" schemaversion="5">
<suite id="s1" name="Tests" source="/home/runner/work/ApiRandomUser/ApiRandomUser/RamdonUser/tests">
<suite id="s1-s1" name="Random-User-Test" source="/home/runner/work/ApiRandomUser/ApiRandomUser/RamdonUser/tests/random-user-test.robot">
<test id="s1-s1-t1" name="Conectar" line="13">
<kw name="Conectar API" owner="random-user-service">
<kw name="Create Session" owner="RequestsLibrary">
<msg time="2024-07-13T17:12:23.405271" level="INFO">Creating Session using : alias=consultarAPI, url=https://randomuser.me/, headers={},                     cookies={}, auth=None, timeout=None, proxies=None, verify=False,                     debug=0 </msg>
<arg>consultarAPI</arg>
<arg>${URL}</arg>
<doc>Create Session: create a HTTP session to a server</doc>
<status status="PASS" start="2024-07-13T17:12:23.405072" elapsed="0.000375"/>
</kw>
<status status="PASS" start="2024-07-13T17:12:23.404076" elapsed="0.001731"/>
</kw>
<status status="PASS" start="2024-07-13T17:12:23.403530" elapsed="0.002467"/>
</test>
<test id="s1-s1-t2" name="Validar retorno 200 e JSON Válido" line="16">
<kw name="Teste de Requisicao Basica" owner="random-user-service">
<kw name="GET On Session" owner="RequestsLibrary">
<msg time="2024-07-13T17:12:23.653310" level="INFO">GET Request : url=https://randomuser.me/api 
 path_url=/api 
 headers={'User-Agent': 'python-requests/2.32.3', 'Accept-Encoding': 'gzip, deflate', 'Accept': '*/*', 'Connection': 'keep-alive'} 
 body=None 
 </msg>
<msg time="2024-07-13T17:12:23.653446" level="INFO">GET Response : url=https://randomuser.me/api 
 status=200, reason=OK 
 headers={'Date': 'Sat, 13 Jul 2024 17:12:23 GMT', 'Content-Type': 'application/json; charset=utf-8', 'Transfer-Encoding': 'chunked', 'Connection': 'keep-alive', 'X-Powered-By': 'Express', 'Access-Control-Allow-Origin': '*', 'Cache-Control': 'no-cache', 'ETag': 'W/"470-xNIOXQU6ObfCJ/xw27PvH8KjyqY"', 'Vary': 'Accept-Encoding', 'Content-Encoding': 'gzip', 'CF-Cache-Status': 'DYNAMIC', 'Report-To': '{"endpoints":[{"url":"https:\\/\\/a.nel.cloudflare.com\\/report\\/v4?s=CvFpv8VRW%2FMwYKJdZ5T7IPeMHJXSPMqDw0x9EdXLNywT7gGo2D5%2B7c%2B4a46IOEGNz%2BmJW%2BF9VPWSLaMQQ6z1KRojBcEIOl8DJbyTKPBXQs%2FNFIdE%2F6XD18XWHQNi%2Fw7t"}],"group":"cf-nel","max_age":604800}', 'NEL': '{"success_fraction":0,"report_to":"cf-nel","max_age":604800}', 'Server': 'cloudflare', 'CF-RAY': '8a2ae5cb883313b1-IAD', 'alt-svc': 'h3=":443"; ma=86400'} 
 body={"results":[{"gender":"female","name":{"title":"Miss","first":"Eir","last":"Kasin"},"location":{"street":{"number":2265,"name":"Jørgen Løvlands gate"},"city":"Bru","state":"Aust-Agder","country":"Norway","postcode":"7656","coordinates":{"latitude":"46.6788","longitude":"11.3559"},"timezone":{"offset":"-10:00","description":"Hawaii"}},"email":"eir.kasin@example.com","login":{"uuid":"36013611-ff9f-41dd-9849-2216780985ad","username":"organicdog262","password":"daylight","salt":"9L0e2Z1G","md5":"e809f869966b5382b1925b19e45a3f7f","sha1":"90066568f73a11b4d78f628d3164c406ce877625","sha256":"fd02d7e748a53dff6e520a7b220f693d74f9cc7e77afd692b1220ff65c470b46"},"dob":{"date":"1948-05-30T09:15:58.847Z","age":76},"registered":{"date":"2010-04-18T14:31:02.028Z","age":14},"phone":"60553688","cell":"45688795","id":{"name":"FN","value":"30054803695"},"picture":{"large":"https://randomuser.me/api/portraits/women/45.jpg","medium":"https://randomuser.me/api/portraits/med/women/45.jpg","thumbnail":"https://randomuser.me/api/portraits/thumb/women/45.jpg"},"nat":"NO"}],"info":{"seed":"311f40f80f14d73f","results":1,"page":1,"version":"1.4"}} 
 </msg>
<msg time="2024-07-13T17:12:23.653529" level="INFO">/opt/hostedtoolcache/Python/3.12.4/x64/lib/python3.12/site-packages/urllib3/connectionpool.py:1099: InsecureRequestWarning: Unverified HTTPS request is being made to host 'randomuser.me'. Adding certificate verification is strongly advised. See: https://urllib3.readthedocs.io/en/latest/advanced-usage.html#tls-warnings
  warnings.warn(</msg>
<msg time="2024-07-13T17:12:23.653681" level="INFO">${response} = &lt;Response [200]&gt;</msg>
<var>${response}</var>
<arg>consultarAPI</arg>
<arg>/api</arg>
<doc>Sends a GET request on a previously created HTTP Session.</doc>
<status status="PASS" start="2024-07-13T17:12:23.408624" elapsed="0.245107"/>
</kw>
<kw name="Should Be Equal As Numbers" owner="BuiltIn">
<msg time="2024-07-13T17:12:23.654687" level="INFO">Argument types are:
&lt;class 'int'&gt;
&lt;class 'str'&gt;</msg>
<arg>${response.status_code}</arg>
<arg>200</arg>
<doc>Fails if objects are unequal after converting them to real numbers.</doc>
<status status="PASS" start="2024-07-13T17:12:23.654236" elapsed="0.000516"/>
</kw>
<kw name="Log" owner="BuiltIn">
<msg time="2024-07-13T17:12:23.655444" level="INFO">200</msg>
<arg>${response.status_code}</arg>
<doc>Logs the given message with the given level.</doc>
<status status="PASS" start="2024-07-13T17:12:23.655066" elapsed="0.000421"/>
</kw>
<kw name="Set Variable" owner="BuiltIn">
<msg time="2024-07-13T17:12:23.656229" level="INFO">${json_data} = {'results': [{'gender': 'female', 'name': {'title': 'Miss', 'first': 'Eir', 'last': 'Kasin'}, 'location': {'street': {'number': 2265, 'name': 'Jørgen Løvlands gate'}, 'city': 'Bru', 'state': 'Aust-Agd...</msg>
<var>${json_data}</var>
<arg>${response.json()}</arg>
<doc>Returns the given values which can then be assigned to a variables.</doc>
<status status="PASS" start="2024-07-13T17:12:23.655791" elapsed="0.000467"/>
</kw>
<kw name="Dictionary Should Contain Key" owner="Collections">
<arg>${json_data}</arg>
<arg>results</arg>
<doc>Fails if ``key`` is not found from ``dictionary``.</doc>
<status status="PASS" start="2024-07-13T17:12:23.656553" elapsed="0.000162"/>
</kw>
<status status="PASS" start="2024-07-13T17:12:23.408377" elapsed="0.248484"/>
</kw>
<doc>Testa se a API responde corretamente e retorna um objeto JSON válido.</doc>
<tag>testeRequisicaoBasica</tag>
<status status="PASS" start="2024-07-13T17:12:23.407924" elapsed="0.249116"/>
</test>
<test id="s1-s1-t3" name="Validar estrutura de resposta" line="22">
<kw name="Teste de Estrutura de Resposta" owner="random-user-service">
<kw name="GET On Session" owner="RequestsLibrary">
<msg time="2024-07-13T17:12:23.744660" level="INFO">GET Request : url=https://randomuser.me/api 
 path_url=/api 
 headers={'User-Agent': 'python-requests/2.32.3', 'Accept-Encoding': 'gzip, deflate', 'Accept': '*/*', 'Connection': 'keep-alive'} 
 body=None 
 </msg>
<msg time="2024-07-13T17:12:23.744760" level="INFO">GET Response : url=https://randomuser.me/api 
 status=200, reason=OK 
 headers={'Date': 'Sat, 13 Jul 2024 17:12:23 GMT', 'Content-Type': 'application/json; charset=utf-8', 'Transfer-Encoding': 'chunked', 'Connection': 'keep-alive', 'X-Powered-By': 'Express', 'Access-Control-Allow-Origin': '*', 'Cache-Control': 'no-cache', 'ETag': 'W/"485-I+bssDYUG/2IvTAL/0e6sQ1oDY4"', 'Vary': 'Accept-Encoding', 'Content-Encoding': 'gzip', 'CF-Cache-Status': 'DYNAMIC', 'Report-To': '{"endpoints":[{"url":"https:\\/\\/a.nel.cloudflare.com\\/report\\/v4?s=J3c9%2FF7mIpp%2BWGlYMnfIe2Vtgd6a1AreTFfMJZWSjlZPCr6loDUl%2BmWxSY9YnV0jciRnDeDwTqcmPAadd915W%2FB%2Fy5Abo0Tly0XAXfXdE1EriP3%2FIp9%2FTrJMmlY%2BFndo"}],"group":"cf-nel","max_age":604800}', 'NEL': '{"success_fraction":0,"report_to":"cf-nel","max_age":604800}', 'Server': 'cloudflare', 'CF-RAY': '8a2ae5cbe88013b1-IAD', 'alt-svc': 'h3=":443"; ma=86400'} 
 body={"results":[{"gender":"male","name":{"title":"Mr","first":"Joel","last":"Mikkola"},"location":{"street":{"number":9711,"name":"Siilitie"},"city":"Jämsä","state":"Pirkanmaa","country":"Finland","postcode":69627,"coordinates":{"latitude":"-25.8710","longitude":"-116.4076"},"timezone":{"offset":"+2:00","description":"Kaliningrad, South Africa"}},"email":"joel.mikkola@example.com","login":{"uuid":"598fc39a-1937-4592-829f-4d669031f0e6","username":"organiczebra348","password":"bonsai","salt":"gJnBwLla","md5":"6d2d5a69216effe26c4eca12f90f0dbf","sha1":"b7b393c930877fbca9090ab53fa130a1aaeccbd5","sha256":"3420cc542dd17c60bb7535a4905b1230684fec80cfd38647681a464451619a9f"},"dob":{"date":"1992-09-25T12:43:00.173Z","age":31},"registered":{"date":"2010-11-17T06:07:55.593Z","age":13},"phone":"06-020-908","cell":"044-603-40-59","id":{"name":"HETU","value":"NaNNA275undefined"},"picture":{"large":"https://randomuser.me/api/portraits/men/40.jpg","medium":"https://randomuser.me/api/portraits/med/men/40.jpg","thumbnail":"https://randomuser.me/api/portraits/thumb/men/40.jpg"},"nat":"FI"}],"info":{"seed":"99c3a819721af97b","results":1,"page":1,"version":"1.4"}} 
 </msg>
<msg time="2024-07-13T17:12:23.744881" level="INFO">/opt/hostedtoolcache/Python/3.12.4/x64/lib/python3.12/site-packages/urllib3/connectionpool.py:1099: InsecureRequestWarning: Unverified HTTPS request is being made to host 'randomuser.me'. Adding certificate verification is strongly advised. See: https://urllib3.readthedocs.io/en/latest/advanced-usage.html#tls-warnings
  warnings.warn(</msg>
<msg time="2024-07-13T17:12:23.745045" level="INFO">${response} = &lt;Response [200]&gt;</msg>
<var>${response}</var>
<arg>consultarAPI</arg>
<arg>/api</arg>
<doc>Sends a GET request on a previously created HTTP Session.</doc>
<status status="PASS" start="2024-07-13T17:12:23.659696" elapsed="0.085391"/>
</kw>
<kw name="Set Variable" owner="BuiltIn">
<msg time="2024-07-13T17:12:23.746076" level="INFO">${json_data} = {'results': [{'gender': 'male', 'name': {'title': 'Mr', 'first': 'Joel', 'last': 'Mikkola'}, 'location': {'street': {'number': 9711, 'name': 'Siilitie'}, 'city': 'Jämsä', 'state': 'Pirkanmaa', 'countr...</msg>
<var>${json_data}</var>
<arg>${response.json()}</arg>
<doc>Returns the given values which can then be assigned to a variables.</doc>
<status status="PASS" start="2024-07-13T17:12:23.745570" elapsed="0.000537"/>
</kw>
<kw name="Log" owner="BuiltIn">
<msg time="2024-07-13T17:12:23.746577" level="INFO">{'results': [{'gender': 'male', 'name': {'title': 'Mr', 'first': 'Joel', 'last': 'Mikkola'}, 'location': {'street': {'number': 9711, 'name': 'Siilitie'}, 'city': 'Jämsä', 'state': 'Pirkanmaa', 'country': 'Finland', 'postcode': 69627, 'coordinates': {'latitude': '-25.8710', 'longitude': '-116.4076'}, 'timezone': {'offset': '+2:00', 'description': 'Kaliningrad, South Africa'}}, 'email': 'joel.mikkola@example.com', 'login': {'uuid': '598fc39a-1937-4592-829f-4d669031f0e6', 'username': 'organiczebra348', 'password': 'bonsai', 'salt': 'gJnBwLla', 'md5': '6d2d5a69216effe26c4eca12f90f0dbf', 'sha1': 'b7b393c930877fbca9090ab53fa130a1aaeccbd5', 'sha256': '3420cc542dd17c60bb7535a4905b1230684fec80cfd38647681a464451619a9f'}, 'dob': {'date': '1992-09-25T12:43:00.173Z', 'age': 31}, 'registered': {'date': '2010-11-17T06:07:55.593Z', 'age': 13}, 'phone': '06-020-908', 'cell': '044-603-40-59', 'id': {'name': 'HETU', 'value': 'NaNNA275undefined'}, 'picture': {'large': 'https://randomuser.me/api/portraits/men/40.jpg', 'medium': 'https://randomuser.me/api/portraits/med/men/40.jpg', 'thumbnail': 'https://randomuser.me/api/portraits/thumb/men/40.jpg'}, 'nat': 'FI'}], 'info': {'seed': '99c3a819721af97b', 'results': 1, 'page': 1, 'version': '1.4'}}</msg>
<arg>${json_data}</arg>
<doc>Logs the given message with the given level.</doc>
<status status="PASS" start="2024-07-13T17:12:23.746417" elapsed="0.000210"/>
</kw>
<kw name="Dictionary Should Contain Key" owner="Collections">
<arg>${json_data}</arg>
<arg>results</arg>
<doc>Fails if ``key`` is not found from ``dictionary``.</doc>
<status status="PASS" start="2024-07-13T17:12:23.746919" elapsed="0.000158"/>
</kw>
<kw name="Should Not Be Empty" owner="BuiltIn">
<msg time="2024-07-13T17:12:23.747435" level="INFO">Length is 2.</msg>
<arg>${json_data}</arg>
<doc>Verifies that the given item is not empty.</doc>
<status status="PASS" start="2024-07-13T17:12:23.747301" elapsed="0.000176"/>
</kw>
<kw name="Create List" owner="BuiltIn">
<msg time="2024-07-13T17:12:23.748075" level="INFO">${expected_keys} = ['gender', 'name', 'location', 'email', 'login']</msg>
<var>${expected_keys}</var>
<arg>gender</arg>
<arg>name</arg>
<arg>location</arg>
<arg>email</arg>
<arg>login</arg>
<doc>Returns a list containing given items.</doc>
<status status="PASS" start="2024-07-13T17:12:23.747768" elapsed="0.000333"/>
</kw>
<for flavor="IN">
<iter>
<kw name="Dictionary Should Contain Key" owner="Collections">
<arg>${json_data['results'][0]}</arg>
<arg>${key}</arg>
<doc>Fails if ``key`` is not found from ``dictionary``.</doc>
<status status="PASS" start="2024-07-13T17:12:23.748682" elapsed="0.000400"/>
</kw>
<kw name="Log" owner="BuiltIn">
<msg time="2024-07-13T17:12:23.749624" level="INFO">{'gender': 'male', 'name': {'title': 'Mr', 'first': 'Joel', 'last': 'Mikkola'}, 'location': {'street': {'number': 9711, 'name': 'Siilitie'}, 'city': 'Jämsä', 'state': 'Pirkanmaa', 'country': 'Finland', 'postcode': 69627, 'coordinates': {'latitude': '-25.8710', 'longitude': '-116.4076'}, 'timezone': {'offset': '+2:00', 'description': 'Kaliningrad, South Africa'}}, 'email': 'joel.mikkola@example.com', 'login': {'uuid': '598fc39a-1937-4592-829f-4d669031f0e6', 'username': 'organiczebra348', 'password': 'bonsai', 'salt': 'gJnBwLla', 'md5': '6d2d5a69216effe26c4eca12f90f0dbf', 'sha1': 'b7b393c930877fbca9090ab53fa130a1aaeccbd5', 'sha256': '3420cc542dd17c60bb7535a4905b1230684fec80cfd38647681a464451619a9f'}, 'dob': {'date': '1992-09-25T12:43:00.173Z', 'age': 31}, 'registered': {'date': '2010-11-17T06:07:55.593Z', 'age': 13}, 'phone': '06-020-908', 'cell': '044-603-40-59', 'id': {'name': 'HETU', 'value': 'NaNNA275undefined'}, 'picture': {'large': 'https://randomuser.me/api/portraits/men/40.jpg', 'medium': 'https://randomuser.me/api/portraits/med/men/40.jpg', 'thumbnail': 'https://randomuser.me/api/portraits/thumb/men/40.jpg'}, 'nat': 'FI'}</msg>
<arg>${json_data['results'][0]}</arg>
<doc>Logs the given message with the given level.</doc>
<status status="PASS" start="2024-07-13T17:12:23.749268" elapsed="0.000407"/>
</kw>
<kw name="Log" owner="BuiltIn">
<msg time="2024-07-13T17:12:23.750107" level="INFO">gender</msg>
<arg>${key}</arg>
<doc>Logs the given message with the given level.</doc>
<status status="PASS" start="2024-07-13T17:12:23.749977" elapsed="0.000169"/>
</kw>
<var name="${key}">gender</var>
<status status="PASS" start="2024-07-13T17:12:23.748558" elapsed="0.001803"/>
</iter>
<iter>
<kw name="Dictionary Should Contain Key" owner="Collections">
<arg>${json_data['results'][0]}</arg>
<arg>${key}</arg>
<doc>Fails if ``key`` is not found from ``dictionary``.</doc>
<status status="PASS" start="2024-07-13T17:12:23.750660" elapsed="0.000384"/>
</kw>
<kw name="Log" owner="BuiltIn">
<msg time="2024-07-13T17:12:23.751598" level="INFO">{'gender': 'male', 'name': {'title': 'Mr', 'first': 'Joel', 'last': 'Mikkola'}, 'location': {'street': {'number': 9711, 'name': 'Siilitie'}, 'city': 'Jämsä', 'state': 'Pirkanmaa', 'country': 'Finland', 'postcode': 69627, 'coordinates': {'latitude': '-25.8710', 'longitude': '-116.4076'}, 'timezone': {'offset': '+2:00', 'description': 'Kaliningrad, South Africa'}}, 'email': 'joel.mikkola@example.com', 'login': {'uuid': '598fc39a-1937-4592-829f-4d669031f0e6', 'username': 'organiczebra348', 'password': 'bonsai', 'salt': 'gJnBwLla', 'md5': '6d2d5a69216effe26c4eca12f90f0dbf', 'sha1': 'b7b393c930877fbca9090ab53fa130a1aaeccbd5', 'sha256': '3420cc542dd17c60bb7535a4905b1230684fec80cfd38647681a464451619a9f'}, 'dob': {'date': '1992-09-25T12:43:00.173Z', 'age': 31}, 'registered': {'date': '2010-11-17T06:07:55.593Z', 'age': 13}, 'phone': '06-020-908', 'cell': '044-603-40-59', 'id': {'name': 'HETU', 'value': 'NaNNA275undefined'}, 'picture': {'large': 'https://randomuser.me/api/portraits/men/40.jpg', 'medium': 'https://randomuser.me/api/portraits/med/men/40.jpg', 'thumbnail': 'https://randomuser.me/api/portraits/thumb/men/40.jpg'}, 'nat': 'FI'}</msg>
<arg>${json_data['results'][0]}</arg>
<doc>Logs the given message with the given level.</doc>
<status status="PASS" start="2024-07-13T17:12:23.751244" elapsed="0.000438"/>
</kw>
<kw name="Log" owner="BuiltIn">
<msg time="2024-07-13T17:12:23.752109" level="INFO">name</msg>
<arg>${key}</arg>
<doc>Logs the given message with the given level.</doc>
<status status="PASS" start="2024-07-13T17:12:23.751981" elapsed="0.000166"/>
</kw>
<var name="${key}">name</var>
<status status="PASS" start="2024-07-13T17:12:23.750548" elapsed="0.001816"/>
</iter>
<iter>
<kw name="Dictionary Should Contain Key" owner="Collections">
<arg>${json_data['results'][0]}</arg>
<arg>${key}</arg>
<doc>Fails if ``key`` is not found from ``dictionary``.</doc>
<status status="PASS" start="2024-07-13T17:12:23.752649" elapsed="0.000379"/>
</kw>
<kw name="Log" owner="BuiltIn">
<msg time="2024-07-13T17:12:23.753562" level="INFO">{'gender': 'male', 'name': {'title': 'Mr', 'first': 'Joel', 'last': 'Mikkola'}, 'location': {'street': {'number': 9711, 'name': 'Siilitie'}, 'city': 'Jämsä', 'state': 'Pirkanmaa', 'country': 'Finland', 'postcode': 69627, 'coordinates': {'latitude': '-25.8710', 'longitude': '-116.4076'}, 'timezone': {'offset': '+2:00', 'description': 'Kaliningrad, South Africa'}}, 'email': 'joel.mikkola@example.com', 'login': {'uuid': '598fc39a-1937-4592-829f-4d669031f0e6', 'username': 'organiczebra348', 'password': 'bonsai', 'salt': 'gJnBwLla', 'md5': '6d2d5a69216effe26c4eca12f90f0dbf', 'sha1': 'b7b393c930877fbca9090ab53fa130a1aaeccbd5', 'sha256': '3420cc542dd17c60bb7535a4905b1230684fec80cfd38647681a464451619a9f'}, 'dob': {'date': '1992-09-25T12:43:00.173Z', 'age': 31}, 'registered': {'date': '2010-11-17T06:07:55.593Z', 'age': 13}, 'phone': '06-020-908', 'cell': '044-603-40-59', 'id': {'name': 'HETU', 'value': 'NaNNA275undefined'}, 'picture': {'large': 'https://randomuser.me/api/portraits/men/40.jpg', 'medium': 'https://randomuser.me/api/portraits/med/men/40.jpg', 'thumbnail': 'https://randomuser.me/api/portraits/thumb/men/40.jpg'}, 'nat': 'FI'}</msg>
<arg>${json_data['results'][0]}</arg>
<doc>Logs the given message with the given level.</doc>
<status status="PASS" start="2024-07-13T17:12:23.753207" elapsed="0.000404"/>
</kw>
<kw name="Log" owner="BuiltIn">
<msg time="2024-07-13T17:12:23.754030" level="INFO">location</msg>
<arg>${key}</arg>
<doc>Logs the given message with the given level.</doc>
<status status="PASS" start="2024-07-13T17:12:23.753904" elapsed="0.000163"/>
</kw>
<var name="${key}">location</var>
<status status="PASS" start="2024-07-13T17:12:23.752541" elapsed="0.001738"/>
</iter>
<iter>
<kw name="Dictionary Should Contain Key" owner="Collections">
<arg>${json_data['results'][0]}</arg>
<arg>${key}</arg>
<doc>Fails if ``key`` is not found from ``dictionary``.</doc>
<status status="PASS" start="2024-07-13T17:12:23.754554" elapsed="0.000380"/>
</kw>
<kw name="Log" owner="BuiltIn">
<msg time="2024-07-13T17:12:23.755483" level="INFO">{'gender': 'male', 'name': {'title': 'Mr', 'first': 'Joel', 'last': 'Mikkola'}, 'location': {'street': {'number': 9711, 'name': 'Siilitie'}, 'city': 'Jämsä', 'state': 'Pirkanmaa', 'country': 'Finland', 'postcode': 69627, 'coordinates': {'latitude': '-25.8710', 'longitude': '-116.4076'}, 'timezone': {'offset': '+2:00', 'description': 'Kaliningrad, South Africa'}}, 'email': 'joel.mikkola@example.com', 'login': {'uuid': '598fc39a-1937-4592-829f-4d669031f0e6', 'username': 'organiczebra348', 'password': 'bonsai', 'salt': 'gJnBwLla', 'md5': '6d2d5a69216effe26c4eca12f90f0dbf', 'sha1': 'b7b393c930877fbca9090ab53fa130a1aaeccbd5', 'sha256': '3420cc542dd17c60bb7535a4905b1230684fec80cfd38647681a464451619a9f'}, 'dob': {'date': '1992-09-25T12:43:00.173Z', 'age': 31}, 'registered': {'date': '2010-11-17T06:07:55.593Z', 'age': 13}, 'phone': '06-020-908', 'cell': '044-603-40-59', 'id': {'name': 'HETU', 'value': 'NaNNA275undefined'}, 'picture': {'large': 'https://randomuser.me/api/portraits/men/40.jpg', 'medium': 'https://randomuser.me/api/portraits/med/men/40.jpg', 'thumbnail': 'https://randomuser.me/api/portraits/thumb/men/40.jpg'}, 'nat': 'FI'}</msg>
<arg>${json_data['results'][0]}</arg>
<doc>Logs the given message with the given level.</doc>
<status status="PASS" start="2024-07-13T17:12:23.755113" elapsed="0.000420"/>
</kw>
<kw name="Log" owner="BuiltIn">
<msg time="2024-07-13T17:12:23.755960" level="INFO">email</msg>
<arg>${key}</arg>
<doc>Logs the given message with the given level.</doc>
<status status="PASS" start="2024-07-13T17:12:23.755831" elapsed="0.000167"/>
</kw>
<var name="${key}">email</var>
<status status="PASS" start="2024-07-13T17:12:23.754448" elapsed="0.001759"/>
</iter>
<iter>
<kw name="Dictionary Should Contain Key" owner="Collections">
<arg>${json_data['results'][0]}</arg>
<arg>${key}</arg>
<doc>Fails if ``key`` is not found from ``dictionary``.</doc>
<status status="PASS" start="2024-07-13T17:12:23.756485" elapsed="0.000384"/>
</kw>
<kw name="Log" owner="BuiltIn">
<msg time="2024-07-13T17:12:23.757417" level="INFO">{'gender': 'male', 'name': {'title': 'Mr', 'first': 'Joel', 'last': 'Mikkola'}, 'location': {'street': {'number': 9711, 'name': 'Siilitie'}, 'city': 'Jämsä', 'state': 'Pirkanmaa', 'country': 'Finland', 'postcode': 69627, 'coordinates': {'latitude': '-25.8710', 'longitude': '-116.4076'}, 'timezone': {'offset': '+2:00', 'description': 'Kaliningrad, South Africa'}}, 'email': 'joel.mikkola@example.com', 'login': {'uuid': '598fc39a-1937-4592-829f-4d669031f0e6', 'username': 'organiczebra348', 'password': 'bonsai', 'salt': 'gJnBwLla', 'md5': '6d2d5a69216effe26c4eca12f90f0dbf', 'sha1': 'b7b393c930877fbca9090ab53fa130a1aaeccbd5', 'sha256': '3420cc542dd17c60bb7535a4905b1230684fec80cfd38647681a464451619a9f'}, 'dob': {'date': '1992-09-25T12:43:00.173Z', 'age': 31}, 'registered': {'date': '2010-11-17T06:07:55.593Z', 'age': 13}, 'phone': '06-020-908', 'cell': '044-603-40-59', 'id': {'name': 'HETU', 'value': 'NaNNA275undefined'}, 'picture': {'large': 'https://randomuser.me/api/portraits/men/40.jpg', 'medium': 'https://randomuser.me/api/portraits/med/men/40.jpg', 'thumbnail': 'https://randomuser.me/api/portraits/thumb/men/40.jpg'}, 'nat': 'FI'}</msg>
<arg>${json_data['results'][0]}</arg>
<doc>Logs the given message with the given level.</doc>
<status status="PASS" start="2024-07-13T17:12:23.757067" elapsed="0.000409"/>
</kw>
<kw name="Log" owner="BuiltIn">
<msg time="2024-07-13T17:12:23.757895" level="INFO">login</msg>
<arg>${key}</arg>
<doc>Logs the given message with the given level.</doc>
<status status="PASS" start="2024-07-13T17:12:23.757771" elapsed="0.000160"/>
</kw>
<var name="${key}">login</var>
<status status="PASS" start="2024-07-13T17:12:23.756374" elapsed="0.001769"/>
</iter>
<var>${key}</var>
<value>@{expected_keys}</value>
<status status="PASS" start="2024-07-13T17:12:23.748366" elapsed="0.009897"/>
</for>
<kw name="Create List" owner="BuiltIn">
<msg time="2024-07-13T17:12:23.758593" level="INFO">${expected_keysTwo} = ['username', 'password']</msg>
<var>${expected_keysTwo}</var>
<arg>username</arg>
<arg>password</arg>
<doc>Returns a list containing given items.</doc>
<status status="PASS" start="2024-07-13T17:12:23.758451" elapsed="0.000167"/>
</kw>
<for flavor="IN">
<iter>
<kw name="Dictionary Should Contain Key" owner="Collections">
<arg>${json_data['results'][0]['login']}</arg>
<arg>${keyTwo}</arg>
<doc>Fails if ``key`` is not found from ``dictionary``.</doc>
<status status="PASS" start="2024-07-13T17:12:23.759143" elapsed="0.000408"/>
</kw>
<kw name="Dictionary Should Contain Key" owner="Collections">
<arg>${json_data['results'][0]['login']}</arg>
<arg>${keyTwo}</arg>
<doc>Fails if ``key`` is not found from ``dictionary``.</doc>
<status status="PASS" start="2024-07-13T17:12:23.759731" elapsed="0.000370"/>
</kw>
<kw name="Log" owner="BuiltIn">
<msg time="2024-07-13T17:12:23.760403" level="INFO">username</msg>
<arg>${keyTwo}</arg>
<doc>Logs the given message with the given level.</doc>
<status status="PASS" start="2024-07-13T17:12:23.760281" elapsed="0.000160"/>
</kw>
<var name="${keyTwo}">username</var>
<status status="PASS" start="2024-07-13T17:12:23.759036" elapsed="0.001623"/>
</iter>
<iter>
<kw name="Dictionary Should Contain Key" owner="Collections">
<arg>${json_data['results'][0]['login']}</arg>
<arg>${keyTwo}</arg>
<doc>Fails if ``key`` is not found from ``dictionary``.</doc>
<status status="PASS" start="2024-07-13T17:12:23.760941" elapsed="0.000389"/>
</kw>
<kw name="Dictionary Should Contain Key" owner="Collections">
<arg>${json_data['results'][0]['login']}</arg>
<arg>${keyTwo}</arg>
<doc>Fails if ``key`` is not found from ``dictionary``.</doc>
<status status="PASS" start="2024-07-13T17:12:23.761510" elapsed="0.000365"/>
</kw>
<kw name="Log" owner="BuiltIn">
<msg time="2024-07-13T17:12:23.762193" level="INFO">password</msg>
<arg>${keyTwo}</arg>
<doc>Logs the given message with the given level.</doc>
<status status="PASS" start="2024-07-13T17:12:23.762072" elapsed="0.000163"/>
</kw>
<var name="${keyTwo}">password</var>
<status status="PASS" start="2024-07-13T17:12:23.760833" elapsed="0.001721"/>
</iter>
<var>${keyTwo}</var>
<value>@{expected_keysTwo}</value>
<status status="PASS" start="2024-07-13T17:12:23.758881" elapsed="0.003794"/>
</for>
<status status="PASS" start="2024-07-13T17:12:23.659464" elapsed="0.103351"/>
</kw>
<doc>Testa a estrutura da resposta da API.</doc>
<tag>testeEstruturaResposta</tag>
<status status="PASS" start="2024-07-13T17:12:23.658838" elapsed="0.104136"/>
</test>
<test id="s1-s1-t4" name="Validar tipos de dados" line="28">
<kw name="Teste de Tipos de Dados" owner="random-user-service">
<kw name="GET On Session" owner="RequestsLibrary">
<msg time="2024-07-13T17:12:23.848479" level="INFO">GET Request : url=https://randomuser.me/api 
 path_url=/api 
 headers={'User-Agent': 'python-requests/2.32.3', 'Accept-Encoding': 'gzip, deflate', 'Accept': '*/*', 'Connection': 'keep-alive'} 
 body=None 
 </msg>
<msg time="2024-07-13T17:12:23.848580" level="INFO">GET Response : url=https://randomuser.me/api 
 status=200, reason=OK 
 headers={'Date': 'Sat, 13 Jul 2024 17:12:23 GMT', 'Content-Type': 'application/json; charset=utf-8', 'Transfer-Encoding': 'chunked', 'Connection': 'keep-alive', 'X-Powered-By': 'Express', 'Access-Control-Allow-Origin': '*', 'Cache-Control': 'no-cache', 'ETag': 'W/"497-Q1MkWMnCCpJhC07dOGcLEsZBe9w"', 'Vary': 'Accept-Encoding', 'Content-Encoding': 'gzip', 'CF-Cache-Status': 'DYNAMIC', 'Report-To': '{"endpoints":[{"url":"https:\\/\\/a.nel.cloudflare.com\\/report\\/v4?s=9wHcx%2BLajw7gjoEkr558ymYg3dlAJBmOfHg7ZsiFsEyB1TYYH0Br%2B5p6IC7JIUbtQUYL8X8vCSf%2B6fCI9iZvQ6eK9DbR8Fk%2FpkWYoyZg6u6%2B3xwmTJlHhDm64O6TiSPM"}],"group":"cf-nel","max_age":604800}', 'NEL': '{"success_fraction":0,"report_to":"cf-nel","max_age":604800}', 'Server': 'cloudflare', 'CF-RAY': '8a2ae5cc88fe13b1-IAD', 'alt-svc': 'h3=":443"; ma=86400'} 
 body={"results":[{"gender":"male","name":{"title":"Mr","first":"Hugo","last":"Meraz"},"location":{"street":{"number":6117,"name":"Boulevard Norte Trejo"},"city":"Coyotepec","state":"Queretaro","country":"Mexico","postcode":60959,"coordinates":{"latitude":"26.5724","longitude":"-53.1179"},"timezone":{"offset":"+8:00","description":"Beijing, Perth, Singapore, Hong Kong"}},"email":"hugo.meraz@example.com","login":{"uuid":"68d923a9-7738-428f-8730-ccb3d1c610e3","username":"bluebear818","password":"immortal","salt":"BDpFlI7H","md5":"01d4cb468a89e456a79284105baa8a8e","sha1":"23edd635d436eb081720302537d7ae8bffa0241a","sha256":"214a9e9f9f01a527d3f99cd0d82a553426d55371382877d606aec17ab0e6fb77"},"dob":{"date":"1988-09-08T04:30:19.389Z","age":35},"registered":{"date":"2017-03-04T04:43:37.185Z","age":7},"phone":"(681) 741 0927","cell":"(608) 756 4111","id":{"name":"NSS","value":"71 78 22 3206 3"},"picture":{"large":"https://randomuser.me/api/portraits/men/21.jpg","medium":"https://randomuser.me/api/portraits/med/men/21.jpg","thumbnail":"https://randomuser.me/api/portraits/thumb/men/21.jpg"},"nat":"MX"}],"info":{"seed":"c534e120147c9d88","results":1,"page":1,"version":"1.4"}} 
 </msg>
<msg time="2024-07-13T17:12:23.848652" level="INFO">/opt/hostedtoolcache/Python/3.12.4/x64/lib/python3.12/site-packages/urllib3/connectionpool.py:1099: InsecureRequestWarning: Unverified HTTPS request is being made to host 'randomuser.me'. Adding certificate verification is strongly advised. See: https://urllib3.readthedocs.io/en/latest/advanced-usage.html#tls-warnings
  warnings.warn(</msg>
<msg time="2024-07-13T17:12:23.848794" level="INFO">${response} = &lt;Response [200]&gt;</msg>
<var>${response}</var>
<arg>consultarAPI</arg>
<arg>/api</arg>
<doc>Sends a GET request on a previously created HTTP Session.</doc>
<status status="PASS" start="2024-07-13T17:12:23.765491" elapsed="0.083342"/>
</kw>
<kw name="Set Variable" owner="BuiltIn">
<msg time="2024-07-13T17:12:23.849833" level="INFO">${json_data} = {'results': [{'gender': 'male', 'name': {'title': 'Mr', 'first': 'Hugo', 'last': 'Meraz'}, 'location': {'street': {'number': 6117, 'name': 'Boulevard Norte Trejo'}, 'city': 'Coyotepec', 'state': 'Quer...</msg>
<var>${json_data}</var>
<arg>${response.json()}</arg>
<doc>Returns the given values which can then be assigned to a variables.</doc>
<status status="PASS" start="2024-07-13T17:12:23.849316" elapsed="0.000546"/>
</kw>
<kw name="Log" owner="BuiltIn">
<msg time="2024-07-13T17:12:23.850334" level="INFO">{'results': [{'gender': 'male', 'name': {'title': 'Mr', 'first': 'Hugo', 'last': 'Meraz'}, 'location': {'street': {'number': 6117, 'name': 'Boulevard Norte Trejo'}, 'city': 'Coyotepec', 'state': 'Queretaro', 'country': 'Mexico', 'postcode': 60959, 'coordinates': {'latitude': '26.5724', 'longitude': '-53.1179'}, 'timezone': {'offset': '+8:00', 'description': 'Beijing, Perth, Singapore, Hong Kong'}}, 'email': 'hugo.meraz@example.com', 'login': {'uuid': '68d923a9-7738-428f-8730-ccb3d1c610e3', 'username': 'bluebear818', 'password': 'immortal', 'salt': 'BDpFlI7H', 'md5': '01d4cb468a89e456a79284105baa8a8e', 'sha1': '23edd635d436eb081720302537d7ae8bffa0241a', 'sha256': '214a9e9f9f01a527d3f99cd0d82a553426d55371382877d606aec17ab0e6fb77'}, 'dob': {'date': '1988-09-08T04:30:19.389Z', 'age': 35}, 'registered': {'date': '2017-03-04T04:43:37.185Z', 'age': 7}, 'phone': '(681) 741 0927', 'cell': '(608) 756 4111', 'id': {'name': 'NSS', 'value': '71 78 22 3206 3'}, 'picture': {'large': 'https://randomuser.me/api/portraits/men/21.jpg', 'medium': 'https://randomuser.me/api/portraits/med/men/21.jpg', 'thumbnail': 'https://randomuser.me/api/portraits/thumb/men/21.jpg'}, 'nat': 'MX'}], 'info': {'seed': 'c534e120147c9d88', 'results': 1, 'page': 1, 'version': '1.4'}}</msg>
<arg>${json_data}</arg>
<doc>Logs the given message with the given level.</doc>
<status status="PASS" start="2024-07-13T17:12:23.850173" elapsed="0.000212"/>
</kw>
<kw name="Should Be String" owner="String">
<arg>${json_data['results'][0]['gender']}</arg>
<doc>Fails if the given ``item`` is not a string.</doc>
<status status="PASS" start="2024-07-13T17:12:23.850687" elapsed="0.000361"/>
</kw>
<kw name="Should Match Regexp" owner="BuiltIn">
<arg>${json_data['results'][0]['email']}</arg>
<arg>^[a-zA-Z0-9._%+-]+@[a-zA-Z0-9.-]+\.[a-zA-Z]{2,}$</arg>
<doc>Fails if ``string`` does not match ``pattern`` as a regular expression.</doc>
<status status="PASS" start="2024-07-13T17:12:23.851272" elapsed="0.000532"/>
</kw>
<kw name="Should Match Regexp" owner="BuiltIn">
<arg>${json_data['results'][0]['dob']['date']}</arg>
<arg>\\d{4}-\\d{2}-\\d{2}T\\d{2}:\\d{2}:\\d{2}\\.\\d{3}Z</arg>
<doc>Fails if ``string`` does not match ``pattern`` as a regular expression.</doc>
<status status="PASS" start="2024-07-13T17:12:23.852040" elapsed="0.000487"/>
</kw>
<kw name="Should Match Regexp" owner="BuiltIn">
<arg>${json_data['results'][0]['registered']['date']}</arg>
<arg>\\d{4}-\\d{2}-\\d{2}T\\d{2}:\\d{2}:\\d{2}\\.\\d{3}Z</arg>
<doc>Fails if ``string`` does not match ``pattern`` as a regular expression.</doc>
<status status="PASS" start="2024-07-13T17:12:23.852721" elapsed="0.000367"/>
</kw>
<kw name="Should Match Regexp" owner="BuiltIn">
<arg>${json_data['results'][0]['picture']['large']}</arg>
<arg>^https?://.*\.(?:png|jpe?g|gif|bmp)$</arg>
<doc>Fails if ``string`` does not match ``pattern`` as a regular expression.</doc>
<status status="PASS" start="2024-07-13T17:12:23.853276" elapsed="0.000459"/>
</kw>
<kw name="Should Match Regexp" owner="BuiltIn">
<arg>${json_data['results'][0]['picture']['medium']}</arg>
<arg>^https?://.*\.(?:png|jpe?g|gif|bmp)$</arg>
<doc>Fails if ``string`` does not match ``pattern`` as a regular expression.</doc>
<status status="PASS" start="2024-07-13T17:12:23.853924" elapsed="0.000350"/>
</kw>
<kw name="Should Match Regexp" owner="BuiltIn">
<arg>${json_data['results'][0]['picture']['thumbnail']}</arg>
<arg>^https?://.*\.(?:png|jpe?g|gif|bmp)$</arg>
<doc>Fails if ``string`` does not match ``pattern`` as a regular expression.</doc>
<status status="PASS" start="2024-07-13T17:12:23.854459" elapsed="0.000366"/>
</kw>
<kw name="Log" owner="BuiltIn">
<msg time="2024-07-13T17:12:23.855369" level="INFO">{'large': 'https://randomuser.me/api/portraits/men/21.jpg', 'medium': 'https://randomuser.me/api/portraits/med/men/21.jpg', 'thumbnail': 'https://randomuser.me/api/portraits/thumb/men/21.jpg'}</msg>
<arg>${json_data['results'][0]['picture']}</arg>
<doc>Logs the given message with the given level.</doc>
<status status="PASS" start="2024-07-13T17:12:23.855011" elapsed="0.000403"/>
</kw>
<status status="PASS" start="2024-07-13T17:12:23.765267" elapsed="0.090411"/>
</kw>
<kw name="Teste de Tipos de Dados - Postcode" owner="random-user-service">
<kw name="GET On Session" owner="RequestsLibrary">
<msg time="2024-07-13T17:12:23.943590" level="INFO">GET Request : url=https://randomuser.me/api 
 path_url=/api 
 headers={'User-Agent': 'python-requests/2.32.3', 'Accept-Encoding': 'gzip, deflate', 'Accept': '*/*', 'Connection': 'keep-alive'} 
 body=None 
 </msg>
<msg time="2024-07-13T17:12:23.943683" level="INFO">GET Response : url=https://randomuser.me/api 
 status=200, reason=OK 
 headers={'Date': 'Sat, 13 Jul 2024 17:12:23 GMT', 'Content-Type': 'application/json; charset=utf-8', 'Transfer-Encoding': 'chunked', 'Connection': 'keep-alive', 'X-Powered-By': 'Express', 'Access-Control-Allow-Origin': '*', 'Cache-Control': 'no-cache', 'ETag': 'W/"492-PB+v4AoubGcO7SHmExiJVh7MUeQ"', 'Vary': 'Accept-Encoding', 'Content-Encoding': 'gzip', 'CF-Cache-Status': 'DYNAMIC', 'Report-To': '{"endpoints":[{"url":"https:\\/\\/a.nel.cloudflare.com\\/report\\/v4?s=SOrCDmvaiT2WA9p5%2B%2Bjftvu%2F2Wgo84ubNAaF3qla2yZngIPRn0QUoRe%2B2oxy1MWj2lf4%2BbwahL7K2p5BdkZZof9rjE78ZPL5b6DdoserT2MvOH8xbaRzngD0sHbyEBEJ"}],"group":"cf-nel","max_age":604800}', 'NEL': '{"success_fraction":0,"report_to":"cf-nel","max_age":604800}', 'Server': 'cloudflare', 'CF-RAY': '8a2ae5cd297713b1-IAD', 'alt-svc': 'h3=":443"; ma=86400'} 
 body={"results":[{"gender":"male","name":{"title":"Mr","first":"Fred","last":"Moura"},"location":{"street":{"number":9243,"name":"Rua Dezenove de Outubro"},"city":"Cabo de Santo Agostinho","state":"São Paulo","country":"Brazil","postcode":20777,"coordinates":{"latitude":"-74.0420","longitude":"-91.3040"},"timezone":{"offset":"-9:00","description":"Alaska"}},"email":"fred.moura@example.com","login":{"uuid":"6a2e42f1-3a84-4bd3-a2d1-80b8ee62ad93","username":"ticklishbutterfly587","password":"buckeye","salt":"pNFqS2nz","md5":"3d97b65fea60bce3fcca04ddf9b5abac","sha1":"558362ccd71e0b801ef88c1bd2859fd2d923c110","sha256":"d00f63e37d85d34106c7299454cae48cadb4586ee7fd393a65df95703c112921"},"dob":{"date":"1945-01-25T03:19:06.423Z","age":79},"registered":{"date":"2016-06-02T06:48:39.850Z","age":8},"phone":"(98) 4168-5246","cell":"(88) 8268-5783","id":{"name":"CPF","value":"123.446.251-17"},"picture":{"large":"https://randomuser.me/api/portraits/men/55.jpg","medium":"https://randomuser.me/api/portraits/med/men/55.jpg","thumbnail":"https://randomuser.me/api/portraits/thumb/men/55.jpg"},"nat":"BR"}],"info":{"seed":"1928de7bc1c973cb","results":1,"page":1,"version":"1.4"}} 
 </msg>
<msg time="2024-07-13T17:12:23.943759" level="INFO">/opt/hostedtoolcache/Python/3.12.4/x64/lib/python3.12/site-packages/urllib3/connectionpool.py:1099: InsecureRequestWarning: Unverified HTTPS request is being made to host 'randomuser.me'. Adding certificate verification is strongly advised. See: https://urllib3.readthedocs.io/en/latest/advanced-usage.html#tls-warnings
  warnings.warn(</msg>
<msg time="2024-07-13T17:12:23.943882" level="INFO">${response} = &lt;Response [200]&gt;</msg>
<var>${response}</var>
<arg>consultarAPI</arg>
<arg>/api</arg>
<doc>Sends a GET request on a previously created HTTP Session.</doc>
<status status="PASS" start="2024-07-13T17:12:23.856143" elapsed="0.087779"/>
</kw>
<kw name="Set Variable" owner="BuiltIn">
<msg time="2024-07-13T17:12:23.944822" level="INFO">${json_data} = {'results': [{'gender': 'male', 'name': {'title': 'Mr', 'first': 'Fred', 'last': 'Moura'}, 'location': {'street': {'number': 9243, 'name': 'Rua Dezenove de Outubro'}, 'city': 'Cabo de Santo Agostinho'...</msg>
<var>${json_data}</var>
<arg>${response.json()}</arg>
<doc>Returns the given values which can then be assigned to a variables.</doc>
<status status="PASS" start="2024-07-13T17:12:23.944345" elapsed="0.000506"/>
</kw>
<kw name="Log" owner="BuiltIn">
<msg time="2024-07-13T17:12:23.945313" level="INFO">{'results': [{'gender': 'male', 'name': {'title': 'Mr', 'first': 'Fred', 'last': 'Moura'}, 'location': {'street': {'number': 9243, 'name': 'Rua Dezenove de Outubro'}, 'city': 'Cabo de Santo Agostinho', 'state': 'São Paulo', 'country': 'Brazil', 'postcode': 20777, 'coordinates': {'latitude': '-74.0420', 'longitude': '-91.3040'}, 'timezone': {'offset': '-9:00', 'description': 'Alaska'}}, 'email': 'fred.moura@example.com', 'login': {'uuid': '6a2e42f1-3a84-4bd3-a2d1-80b8ee62ad93', 'username': 'ticklishbutterfly587', 'password': 'buckeye', 'salt': 'pNFqS2nz', 'md5': '3d97b65fea60bce3fcca04ddf9b5abac', 'sha1': '558362ccd71e0b801ef88c1bd2859fd2d923c110', 'sha256': 'd00f63e37d85d34106c7299454cae48cadb4586ee7fd393a65df95703c112921'}, 'dob': {'date': '1945-01-25T03:19:06.423Z', 'age': 79}, 'registered': {'date': '2016-06-02T06:48:39.850Z', 'age': 8}, 'phone': '(98) 4168-5246', 'cell': '(88) 8268-5783', 'id': {'name': 'CPF', 'value': '123.446.251-17'}, 'picture': {'large': 'https://randomuser.me/api/portraits/men/55.jpg', 'medium': 'https://randomuser.me/api/portraits/med/men/55.jpg', 'thumbnail': 'https://randomuser.me/api/portraits/thumb/men/55.jpg'}, 'nat': 'BR'}], 'info': {'seed': '1928de7bc1c973cb', 'results': 1, 'page': 1, 'version': '1.4'}}</msg>
<arg>${json_data}</arg>
<doc>Logs the given message with the given level.</doc>
<status status="PASS" start="2024-07-13T17:12:23.945158" elapsed="0.000203"/>
</kw>
<kw name="Should Be Equal As Numbers" owner="BuiltIn">
<arg>${json_data['results'][0]['location']['postcode']}</arg>
<arg>${json_data['results'][0]['location']['postcode']}</arg>
<doc>Fails if objects are unequal after converting them to real numbers.</doc>
<status status="PASS" start="2024-07-13T17:12:23.945652" elapsed="0.000625"/>
</kw>
<kw name="Log" owner="BuiltIn">
<msg time="2024-07-13T17:12:23.946952" level="INFO">20777</msg>
<arg>${json_data['results'][0]['location']['postcode']}</arg>
<doc>Logs the given message with the given level.</doc>
<status status="PASS" start="2024-07-13T17:12:23.946465" elapsed="0.000528"/>
</kw>
<status status="PASS" start="2024-07-13T17:12:23.855913" elapsed="0.091396"/>
</kw>
<doc>Testa se os tipos de dados na resposta da API estão corretos.</doc>
<tag>testeTiposDados</tag>
<status status="PASS" start="2024-07-13T17:12:23.764834" elapsed="0.182650"/>
</test>
<test id="s1-s1-t5" name="Validar conteudo" line="35">
<kw name="Teste de Tipos de Conteudo" owner="random-user-service">
<kw name="GET On Session" owner="RequestsLibrary">
<msg time="2024-07-13T17:12:24.045904" level="INFO">GET Request : url=https://randomuser.me/api 
 path_url=/api 
 headers={'User-Agent': 'python-requests/2.32.3', 'Accept-Encoding': 'gzip, deflate', 'Accept': '*/*', 'Connection': 'keep-alive'} 
 body=None 
 </msg>
<msg time="2024-07-13T17:12:24.045988" level="INFO">GET Response : url=https://randomuser.me/api 
 status=200, reason=OK 
 headers={'Date': 'Sat, 13 Jul 2024 17:12:24 GMT', 'Content-Type': 'application/json; charset=utf-8', 'Transfer-Encoding': 'chunked', 'Connection': 'keep-alive', 'X-Powered-By': 'Express', 'Access-Control-Allow-Origin': '*', 'Cache-Control': 'no-cache', 'ETag': 'W/"48a-bry8YGRe5VFzyH6MQuqMJ5bZZ0k"', 'Vary': 'Accept-Encoding', 'Content-Encoding': 'gzip', 'CF-Cache-Status': 'DYNAMIC', 'Report-To': '{"endpoints":[{"url":"https:\\/\\/a.nel.cloudflare.com\\/report\\/v4?s=iPfLhjWiOE2BA67N556QzEEU9cAONt6h1ERNuIv%2BqUJzXea02ciW%2BFI0kAkgw2PnSlUjKmfXhGNYaaHxpuyozzDmxdl%2FEd1IkErc8J%2FFStgh2LlCGnTZ9GIlJyyYG8Hh"}],"group":"cf-nel","max_age":604800}', 'NEL': '{"success_fraction":0,"report_to":"cf-nel","max_age":604800}', 'Server': 'cloudflare', 'CF-RAY': '8a2ae5cdb9ee13b1-IAD', 'alt-svc': 'h3=":443"; ma=86400'} 
 body={"results":[{"gender":"male","name":{"title":"Mr","first":"Edward","last":"Singh"},"location":{"street":{"number":1826,"name":"Market Street"},"city":"Whanganui","state":"Southland","country":"New Zealand","postcode":39124,"coordinates":{"latitude":"55.1130","longitude":"-92.3128"},"timezone":{"offset":"+5:30","description":"Bombay, Calcutta, Madras, New Delhi"}},"email":"edward.singh@example.com","login":{"uuid":"4ab28ea5-83d2-42b1-ad97-5334d8417ae5","username":"organicladybug412","password":"soft","salt":"Fo1kkRgA","md5":"783d5161b07be100d44f31eafe1cf3d2","sha1":"37ccb2ace274fa815c5e85e26edf32dfea416a87","sha256":"9efaa05dc4c2068122999503defc61e60d9f2c11a081027708331774065152e8"},"dob":{"date":"1956-11-10T12:27:13.330Z","age":67},"registered":{"date":"2006-08-15T08:28:09.551Z","age":17},"phone":"(852)-146-8398","cell":"(839)-849-7047","id":{"name":"","value":null},"picture":{"large":"https://randomuser.me/api/portraits/men/28.jpg","medium":"https://randomuser.me/api/portraits/med/men/28.jpg","thumbnail":"https://randomuser.me/api/portraits/thumb/men/28.jpg"},"nat":"NZ"}],"info":{"seed":"e36c0e82bc3ac234","results":1,"page":1,"version":"1.4"}} 
 </msg>
<msg time="2024-07-13T17:12:24.046043" level="INFO">/opt/hostedtoolcache/Python/3.12.4/x64/lib/python3.12/site-packages/urllib3/connectionpool.py:1099: InsecureRequestWarning: Unverified HTTPS request is being made to host 'randomuser.me'. Adding certificate verification is strongly advised. See: https://urllib3.readthedocs.io/en/latest/advanced-usage.html#tls-warnings
  warnings.warn(</msg>
<msg time="2024-07-13T17:12:24.046151" level="INFO">${response} = &lt;Response [200]&gt;</msg>
<var>${response}</var>
<arg>consultarAPI</arg>
<arg>/api</arg>
<doc>Sends a GET request on a previously created HTTP Session.</doc>
<status status="PASS" start="2024-07-13T17:12:23.950295" elapsed="0.095899"/>
</kw>
<kw name="Set Variable" owner="BuiltIn">
<msg time="2024-07-13T17:12:24.046965" level="INFO">${json_data} = {'results': [{'gender': 'male', 'name': {'title': 'Mr', 'first': 'Edward', 'last': 'Singh'}, 'location': {'street': {'number': 1826, 'name': 'Market Street'}, 'city': 'Whanganui', 'state': 'Southland'...</msg>
<var>${json_data}</var>
<arg>${response.json()}</arg>
<doc>Returns the given values which can then be assigned to a variables.</doc>
<status status="PASS" start="2024-07-13T17:12:24.046534" elapsed="0.000459"/>
</kw>
<kw name="Set Variable" owner="BuiltIn">
<msg time="2024-07-13T17:12:24.047725" level="INFO">${name_title} = Mr</msg>
<var>${name_title}</var>
<arg>${json_data["results"][0]["name"]["title"]}</arg>
<doc>Returns the given values which can then be assigned to a variables.</doc>
<status status="PASS" start="2024-07-13T17:12:24.047342" elapsed="0.000409"/>
</kw>
<kw name="Create List" owner="BuiltIn">
<msg time="2024-07-13T17:12:24.048190" level="INFO">${allowed_titles} = ['Mr', 'Ms', 'Miss', 'Mrs', 'Madame', 'Monsieur']</msg>
<var>${allowed_titles}</var>
<arg>Mr</arg>
<arg>Ms</arg>
<arg>Miss</arg>
<arg>Mrs</arg>
<arg>Madame</arg>
<arg>Monsieur</arg>
<doc>Returns a list containing given items.</doc>
<status status="PASS" start="2024-07-13T17:12:24.048044" elapsed="0.000171"/>
</kw>
<kw name="List Should Contain Value" owner="Collections">
<arg>${allowed_titles}</arg>
<arg>${name_title}</arg>
<doc>Fails if the ``value`` is not found from ``list``.</doc>
<status status="PASS" start="2024-07-13T17:12:24.048512" elapsed="0.000170"/>
</kw>
<kw name="Set Variable" owner="BuiltIn">
<msg time="2024-07-13T17:12:24.049224" level="INFO">${name_country} = NZ</msg>
<var>${name_country}</var>
<arg>${json_data["results"][0]["nat"]}</arg>
<doc>Returns the given values which can then be assigned to a variables.</doc>
<status status="PASS" start="2024-07-13T17:12:24.048860" elapsed="0.000390"/>
</kw>
<kw name="Create List" owner="BuiltIn">
<msg time="2024-07-13T17:12:24.050132" level="INFO">${list_country} = ['AD', 'AE', 'AF', 'AG', 'AI', 'AL', 'AM', 'AO', 'AQ', 'AR', 'AS', 'AT', 'AU', 'AW', 'AX', 'AZ', 'BA', 'BB', 'BD', 'BE', 'BF', 'BG', 'BH', 'BI', 'BJ', 'BL', 'BM', 'BN', 'BO', 'BQ', 'BR', 'BS', 'BT', '...</msg>
<var>${list_country}</var>
<arg>AD</arg>
<arg>AE</arg>
<arg>AF</arg>
<arg>AG</arg>
<arg>AI</arg>
<arg>AL</arg>
<arg>AM</arg>
<arg>AO</arg>
<arg>AQ</arg>
<arg>AR</arg>
<arg>AS</arg>
<arg>AT</arg>
<arg>AU</arg>
<arg>AW</arg>
<arg>AX</arg>
<arg>AZ</arg>
<arg>BA</arg>
<arg>BB</arg>
<arg>BD</arg>
<arg>BE</arg>
<arg>BF</arg>
<arg>BG</arg>
<arg>BH</arg>
<arg>BI</arg>
<arg>BJ</arg>
<arg>BL</arg>
<arg>BM</arg>
<arg>BN</arg>
<arg>BO</arg>
<arg>BQ</arg>
<arg>BR</arg>
<arg>BS</arg>
<arg>BT</arg>
<arg>BV</arg>
<arg>BW</arg>
<arg>BY</arg>
<arg>BZ</arg>
<arg>CA</arg>
<arg>CC</arg>
<arg>CD</arg>
<arg>CF</arg>
<arg>CG</arg>
<arg>CH</arg>
<arg>CI</arg>
<arg>CK</arg>
<arg>CL</arg>
<arg>CM</arg>
<arg>CN</arg>
<arg>CO</arg>
<arg>CR</arg>
<arg>CU</arg>
<arg>CV</arg>
<arg>CW</arg>
<arg>CX</arg>
<arg>CY</arg>
<arg>CZ</arg>
<arg>DE</arg>
<arg>DJ</arg>
<arg>DK</arg>
<arg>DM</arg>
<arg>DO</arg>
<arg>DZ</arg>
<arg>EC</arg>
<arg>EE</arg>
<arg>EG</arg>
<arg>EH</arg>
<arg>ER</arg>
<arg>ES</arg>
<arg>ET</arg>
<arg>FI</arg>
<arg>FJ</arg>
<arg>FK</arg>
<arg>FM</arg>
<arg>FO</arg>
<arg>FR</arg>
<arg>GA</arg>
<arg>GB</arg>
<arg>GD</arg>
<arg>GE</arg>
<arg>GF</arg>
<arg>GG</arg>
<arg>GH</arg>
<arg>GI</arg>
<arg>GL</arg>
<arg>GM</arg>
<arg>GN</arg>
<arg>GP</arg>
<arg>GQ</arg>
<arg>GR</arg>
<arg>GS</arg>
<arg>GT</arg>
<arg>GU</arg>
<arg>GW</arg>
<arg>GY</arg>
<arg>HK</arg>
<arg>HM</arg>
<arg>HN</arg>
<arg>HR</arg>
<arg>HT</arg>
<arg>HU</arg>
<arg>ID</arg>
<arg>IE</arg>
<arg>IL</arg>
<arg>IM</arg>
<arg>IN</arg>
<arg>IO</arg>
<arg>IQ</arg>
<arg>IR</arg>
<arg>IS</arg>
<arg>IT</arg>
<arg>JE</arg>
<arg>JM</arg>
<arg>JO</arg>
<arg>JP</arg>
<arg>KE</arg>
<arg>KG</arg>
<arg>KH</arg>
<arg>KI</arg>
<arg>KM</arg>
<arg>KN</arg>
<arg>KP</arg>
<arg>KR</arg>
<arg>KW</arg>
<arg>KY</arg>
<arg>KZ</arg>
<arg>LA</arg>
<arg>LB</arg>
<arg>LC</arg>
<arg>LI</arg>
<arg>LK</arg>
<arg>LR</arg>
<arg>LS</arg>
<arg>LT</arg>
<arg>LU</arg>
<arg>LV</arg>
<arg>LY</arg>
<arg>MA</arg>
<arg>MC</arg>
<arg>MD</arg>
<arg>ME</arg>
<arg>MF</arg>
<arg>MG</arg>
<arg>MH</arg>
<arg>MK</arg>
<arg>ML</arg>
<arg>MM</arg>
<arg>MN</arg>
<arg>MO</arg>
<arg>MP</arg>
<arg>MQ</arg>
<arg>MR</arg>
<arg>MS</arg>
<arg>MT</arg>
<arg>MU</arg>
<arg>MV</arg>
<arg>MW</arg>
<arg>MX</arg>
<arg>MY</arg>
<arg>MZ</arg>
<arg>NA</arg>
<arg>NC</arg>
<arg>NE</arg>
<arg>NF</arg>
<arg>NG</arg>
<arg>NI</arg>
<arg>NL</arg>
<arg>NO</arg>
<arg>NP</arg>
<arg>NR</arg>
<arg>NU</arg>
<arg>NZ</arg>
<arg>OM</arg>
<arg>PA</arg>
<arg>PE</arg>
<arg>PF</arg>
<arg>PG</arg>
<arg>PH</arg>
<arg>PK</arg>
<arg>PL</arg>
<arg>PM</arg>
<arg>PN</arg>
<arg>PR</arg>
<arg>PS</arg>
<arg>PT</arg>
<arg>PW</arg>
<arg>PY</arg>
<arg>QA</arg>
<arg>RE</arg>
<arg>RO</arg>
<arg>RS</arg>
<arg>RU</arg>
<arg>RW</arg>
<arg>SA</arg>
<arg>SB</arg>
<arg>SC</arg>
<arg>SD</arg>
<arg>SE</arg>
<arg>SG</arg>
<arg>SH</arg>
<arg>SI</arg>
<arg>SJ</arg>
<arg>SK</arg>
<arg>SL</arg>
<arg>SM</arg>
<arg>SN</arg>
<arg>SO</arg>
<arg>SR</arg>
<arg>SS</arg>
<arg>ST</arg>
<arg>SV</arg>
<arg>SX</arg>
<arg>SY</arg>
<arg>SZ</arg>
<arg>TC</arg>
<arg>TD</arg>
<arg>TF</arg>
<arg>TG</arg>
<arg>TH</arg>
<arg>TJ</arg>
<arg>TK</arg>
<arg>TL</arg>
<arg>TM</arg>
<arg>TN</arg>
<arg>TO</arg>
<arg>TR</arg>
<arg>TT</arg>
<arg>TV</arg>
<arg>TW</arg>
<arg>TZ</arg>
<arg>UA</arg>
<arg>UG</arg>
<arg>UM</arg>
<arg>US</arg>
<arg>UY</arg>
<arg>UZ</arg>
<arg>VA</arg>
<arg>VC</arg>
<arg>VE</arg>
<arg>VG</arg>
<arg>VI</arg>
<arg>VN</arg>
<arg>VU</arg>
<arg>WF</arg>
<arg>WS</arg>
<arg>XK</arg>
<arg>YE</arg>
<arg>YT</arg>
<arg>ZA</arg>
<arg>ZM</arg>
<arg>ZW</arg>
<doc>Returns a list containing given items.</doc>
<status status="PASS" start="2024-07-13T17:12:24.049545" elapsed="0.000614"/>
</kw>
<kw name="List Should Contain Value" owner="Collections">
<arg>${list_country}</arg>
<arg>${name_country}</arg>
<doc>Fails if the ``value`` is not found from ``list``.</doc>
<status status="PASS" start="2024-07-13T17:12:24.050959" elapsed="0.000223"/>
</kw>
<kw name="Run Keyword If" owner="BuiltIn">
<kw name="Should Be True" owner="BuiltIn">
<arg>${True}</arg>
<doc>Fails if the given condition is not true.</doc>
<status status="PASS" start="2024-07-13T17:12:24.052120" elapsed="0.000140"/>
</kw>
<arg>${json_data["results"][0]["location"]["coordinates"]["latitude"]} &gt;= -90 and ${json_data["results"][0]["location"]["coordinates"]["latitude"]} &lt;= 90</arg>
<arg>Should Be True</arg>
<arg>${True}</arg>
<doc>Runs the given keyword with the given arguments, if ``condition`` is true.</doc>
<status status="PASS" start="2024-07-13T17:12:24.051386" elapsed="0.000998"/>
</kw>
<kw name="Run Keyword If" owner="BuiltIn">
<kw name="Should Be True" owner="BuiltIn">
<arg>${True}</arg>
<doc>Fails if the given condition is not true.</doc>
<status status="PASS" start="2024-07-13T17:12:24.053248" elapsed="0.000227"/>
</kw>
<arg>${json_data["results"][0]["location"]["coordinates"]["longitude"]} &gt;= -180 and ${json_data["results"][0]["location"]["coordinates"]["longitude"]} &lt;= 180</arg>
<arg>Should Be True</arg>
<arg>${True}</arg>
<doc>Runs the given keyword with the given arguments, if ``condition`` is true.</doc>
<status status="PASS" start="2024-07-13T17:12:24.052561" elapsed="0.001042"/>
</kw>
<status status="PASS" start="2024-07-13T17:12:23.949926" elapsed="0.103805"/>
</kw>
<doc>Testa o conteúdo específico dos campos retornados pela API.</doc>
<tag>testeConteudo</tag>
<status status="PASS" start="2024-07-13T17:12:23.949251" elapsed="0.104622"/>
</test>
<status status="PASS" start="2024-07-13T17:12:23.079951" elapsed="0.975908"/>
</suite>
<status status="PASS" start="2024-07-13T17:12:23.065666" elapsed="0.995261"/>
</suite>
<statistics>
<total>
<stat pass="5" fail="0" skip="0">All Tests</stat>
</total>
<tag>
<stat pass="1" fail="0" skip="0">testeConteudo</stat>
<stat pass="1" fail="0" skip="0">testeEstruturaResposta</stat>
<stat pass="1" fail="0" skip="0">testeRequisicaoBasica</stat>
<stat pass="1" fail="0" skip="0">testeTiposDados</stat>
</tag>
<suite>
<stat pass="5" fail="0" skip="0" id="s1" name="Tests">Tests</stat>
<stat pass="5" fail="0" skip="0" id="s1-s1" name="Random-User-Test">Tests.Random-User-Test</stat>
</suite>
</statistics>
<errors>
</errors>
</robot>
