<?xml version="1.0" encoding="UTF-8"?>
<robot generator="Robot 7.0 (Python 3.12.3 on linux)" generated="2024-06-03T12:28:53.709073" rpa="false" schemaversion="5">
<suite id="s1" name="Tests" source="/home/runner/work/ApiRandomUser/ApiRandomUser/RamdonUser/tests">
<suite id="s1-s1" name="Random-User-Test" source="/home/runner/work/ApiRandomUser/ApiRandomUser/RamdonUser/tests/random-user-test.robot">
<test id="s1-s1-t1" name="Conectar" line="13">
<kw name="Conectar API" owner="random-user-service">
<kw name="Create Session" owner="RequestsLibrary">
<msg time="2024-06-03T12:28:54.108837" level="INFO">Creating Session using : alias=consultarAPI, url=https://randomuser.me/, headers={},                     cookies={}, auth=None, timeout=None, proxies=None, verify=False,                     debug=0 </msg>
<arg>consultarAPI</arg>
<arg>${URL}</arg>
<doc>Create Session: create a HTTP session to a server</doc>
<status status="PASS" start="2024-06-03T12:28:54.108616" elapsed="0.000414"/>
</kw>
<status status="PASS" start="2024-06-03T12:28:54.107512" elapsed="0.001905"/>
</kw>
<status status="PASS" start="2024-06-03T12:28:54.106895" elapsed="0.002725"/>
</test>
<test id="s1-s1-t2" name="Validar retorno 200 e JSON Válido" line="16">
<kw name="Teste de Requisicao Basica" owner="random-user-service">
<kw name="GET On Session" owner="RequestsLibrary">
<msg time="2024-06-03T12:28:54.191037" level="INFO">GET Request : url=https://randomuser.me/api 
 path_url=/api 
 headers={'User-Agent': 'python-requests/2.32.3', 'Accept-Encoding': 'gzip, deflate', 'Accept': '*/*', 'Connection': 'keep-alive'} 
 body=None 
 </msg>
<msg time="2024-06-03T12:28:54.191205" level="INFO">GET Response : url=https://randomuser.me/api 
 status=200, reason=OK 
 headers={'Date': 'Mon, 03 Jun 2024 12:28:54 GMT', 'Content-Type': 'application/json; charset=utf-8', 'Transfer-Encoding': 'chunked', 'Connection': 'keep-alive', 'X-Powered-By': 'Express', 'Access-Control-Allow-Origin': '*', 'Cache-Control': 'no-cache', 'ETag': 'W/"49a-70Y9/vthEMewG1wzsg/eNG+7xos"', 'Vary': 'Accept-Encoding', 'Content-Encoding': 'gzip', 'CF-Cache-Status': 'DYNAMIC', 'Report-To': '{"endpoints":[{"url":"https:\\/\\/a.nel.cloudflare.com\\/report\\/v4?s=HAOvbKKPAYOQJpS527gwR%2FdGlsKCDFtnIu2D2%2FRjgEynL5fcBhl8kJg4R6OdgZ7IQce0TDdZLnOhPbMKdmTZ5zunlfKfYYt0Poes9Snkge9OmMHWNsKVW%2B5S8oNY5N%2Be"}],"group":"cf-nel","max_age":604800}', 'NEL': '{"success_fraction":0,"report_to":"cf-nel","max_age":604800}', 'Server': 'cloudflare', 'CF-RAY': '88dfaf866a862d06-IAD', 'alt-svc': 'h3=":443"; ma=86400'} 
 body={"results":[{"gender":"female","name":{"title":"Mrs","first":"Svitoslava","last":"Soloviy"},"location":{"street":{"number":686,"name":"Tihoriecka"},"city":"Mar'yinka","state":"Zakarpatska","country":"Ukraine","postcode":71879,"coordinates":{"latitude":"73.5376","longitude":"140.9180"},"timezone":{"offset":"-4:00","description":"Atlantic Time (Canada), Caracas, La Paz"}},"email":"svitoslava.soloviy@example.com","login":{"uuid":"cc741e84-bf60-4462-a6a2-b92a6626afad","username":"blueostrich612","password":"paint","salt":"9yarxj7y","md5":"2d8b8f4983e731ec110d2514dcc984e5","sha1":"0f56514e7320ca49607b2faf1f85e88b1c778f2c","sha256":"632936540b0afc8b2eb69006c2c6e9eca35a021fda71d58ff8620fa518f7c238"},"dob":{"date":"1952-08-15T18:26:11.297Z","age":71},"registered":{"date":"2015-08-24T14:06:40.145Z","age":8},"phone":"(096) D36-9688","cell":"(098) S81-1245","id":{"name":"","value":null},"picture":{"large":"https://randomuser.me/api/portraits/women/36.jpg","medium":"https://randomuser.me/api/portraits/med/women/36.jpg","thumbnail":"https://randomuser.me/api/portraits/thumb/women/36.jpg"},"nat":"UA"}],"info":{"seed":"2ce45e7496d1985b","results":1,"page":1,"version":"1.4"}} 
 </msg>
<msg time="2024-06-03T12:28:54.191304" level="INFO">/opt/hostedtoolcache/Python/3.12.3/x64/lib/python3.12/site-packages/urllib3/connectionpool.py:1103: InsecureRequestWarning: Unverified HTTPS request is being made to host 'randomuser.me'. Adding certificate verification is strongly advised. See: https://urllib3.readthedocs.io/en/latest/advanced-usage.html#tls-warnings
  warnings.warn(</msg>
<msg time="2024-06-03T12:28:54.191474" level="INFO">${response} = &lt;Response [200]&gt;</msg>
<var>${response}</var>
<arg>consultarAPI</arg>
<arg>/api</arg>
<doc>Sends a GET request on a previously created HTTP Session.</doc>
<status status="PASS" start="2024-06-03T12:28:54.112305" elapsed="0.079214"/>
</kw>
<kw name="Should Be Equal As Numbers" owner="BuiltIn">
<msg time="2024-06-03T12:28:54.192598" level="INFO">Argument types are:
&lt;class 'int'&gt;
&lt;class 'str'&gt;</msg>
<arg>${response.status_code}</arg>
<arg>200</arg>
<doc>Fails if objects are unequal after converting them to real numbers.</doc>
<status status="PASS" start="2024-06-03T12:28:54.192105" elapsed="0.000564"/>
</kw>
<kw name="Log" owner="BuiltIn">
<msg time="2024-06-03T12:28:54.193466" level="INFO">200</msg>
<arg>${response.status_code}</arg>
<doc>Logs the given message with the given level.</doc>
<status status="PASS" start="2024-06-03T12:28:54.193073" elapsed="0.000445"/>
</kw>
<kw name="Set Variable" owner="BuiltIn">
<msg time="2024-06-03T12:28:54.194391" level="INFO">${json_data} = {'results': [{'gender': 'female', 'name': {'title': 'Mrs', 'first': 'Svitoslava', 'last': 'Soloviy'}, 'location': {'street': {'number': 686, 'name': 'Tihoriecka'}, 'city': "Mar'yinka", 'state': 'Zakar...</msg>
<var>${json_data}</var>
<arg>${response.json()}</arg>
<doc>Returns the given values which can then be assigned to a variables.</doc>
<status status="PASS" start="2024-06-03T12:28:54.193908" elapsed="0.000514"/>
</kw>
<kw name="Dictionary Should Contain Key" owner="Collections">
<msg time="2024-06-03T12:28:54.194952" level="INFO">False</msg>
<arg>${json_data}</arg>
<arg>results</arg>
<doc>Fails if ``key`` is not found from ``dictionary``.</doc>
<status status="PASS" start="2024-06-03T12:28:54.194766" elapsed="0.000413"/>
</kw>
<status status="PASS" start="2024-06-03T12:28:54.112044" elapsed="0.083422"/>
</kw>
<doc>Testa se a API responde corretamente e retorna um objeto JSON válido.</doc>
<tag>testeRequisicaoBasica</tag>
<status status="PASS" start="2024-06-03T12:28:54.111553" elapsed="0.084108"/>
</test>
<test id="s1-s1-t3" name="Validar estrutura de resposta" line="22">
<kw name="Teste de Estrutura de Resposta" owner="random-user-service">
<kw name="GET On Session" owner="RequestsLibrary">
<msg time="2024-06-03T12:28:54.291072" level="INFO">GET Request : url=https://randomuser.me/api 
 path_url=/api 
 headers={'User-Agent': 'python-requests/2.32.3', 'Accept-Encoding': 'gzip, deflate', 'Accept': '*/*', 'Connection': 'keep-alive'} 
 body=None 
 </msg>
<msg time="2024-06-03T12:28:54.291183" level="INFO">GET Response : url=https://randomuser.me/api 
 status=200, reason=OK 
 headers={'Date': 'Mon, 03 Jun 2024 12:28:54 GMT', 'Content-Type': 'application/json; charset=utf-8', 'Transfer-Encoding': 'chunked', 'Connection': 'keep-alive', 'X-Powered-By': 'Express', 'Access-Control-Allow-Origin': '*', 'Cache-Control': 'no-cache', 'ETag': 'W/"4a8-zHpNkkSQwFANokM9qIU0SY3RndM"', 'Vary': 'Accept-Encoding', 'Content-Encoding': 'gzip', 'CF-Cache-Status': 'DYNAMIC', 'Report-To': '{"endpoints":[{"url":"https:\\/\\/a.nel.cloudflare.com\\/report\\/v4?s=cH%2Ft5o7Ng1nsuuHJgqyyXQzIeK41DvFoYbrPbCarlfmRZK3fitgyi4SdpjdaML9cMYuNNdz6dlPm%2FrwznuQ%2Fwb%2FaCr2YbiZi7x8x8iMUH7F5gsM1XNlE3N31dblzJ8gM"}],"group":"cf-nel","max_age":604800}', 'NEL': '{"success_fraction":0,"report_to":"cf-nel","max_age":604800}', 'Server': 'cloudflare', 'CF-RAY': '88dfaf86caf22d06-IAD', 'alt-svc': 'h3=":443"; ma=86400'} 
 body={"results":[{"gender":"male","name":{"title":"Mr","first":"Florival","last":"Ramos"},"location":{"street":{"number":1710,"name":"Rua Rio de Janeiro "},"city":"Dourados","state":"Santa Catarina","country":"Brazil","postcode":74106,"coordinates":{"latitude":"-74.0398","longitude":"-95.5263"},"timezone":{"offset":"+11:00","description":"Magadan, Solomon Islands, New Caledonia"}},"email":"florival.ramos@example.com","login":{"uuid":"6cf294db-1247-4749-92a0-cf74908161a2","username":"purplebear818","password":"bluejays","salt":"hjsEEsKM","md5":"83e043fe84e038da6ea9d9847a6385ba","sha1":"d91fb11d085aacf7b2a87726cb3b00c25675a69c","sha256":"8243825903e3eab060592867aca917407530a81839503d291a43fed559eeed0f"},"dob":{"date":"1997-12-26T15:27:27.929Z","age":26},"registered":{"date":"2012-04-08T16:21:01.672Z","age":12},"phone":"(50) 5140-6123","cell":"(65) 1587-8844","id":{"name":"CPF","value":"836.468.060-73"},"picture":{"large":"https://randomuser.me/api/portraits/men/28.jpg","medium":"https://randomuser.me/api/portraits/med/men/28.jpg","thumbnail":"https://randomuser.me/api/portraits/thumb/men/28.jpg"},"nat":"BR"}],"info":{"seed":"1b54fb6041d235e2","results":1,"page":1,"version":"1.4"}} 
 </msg>
<msg time="2024-06-03T12:28:54.291322" level="INFO">/opt/hostedtoolcache/Python/3.12.3/x64/lib/python3.12/site-packages/urllib3/connectionpool.py:1103: InsecureRequestWarning: Unverified HTTPS request is being made to host 'randomuser.me'. Adding certificate verification is strongly advised. See: https://urllib3.readthedocs.io/en/latest/advanced-usage.html#tls-warnings
  warnings.warn(</msg>
<msg time="2024-06-03T12:28:54.291480" level="INFO">${response} = &lt;Response [200]&gt;</msg>
<var>${response}</var>
<arg>consultarAPI</arg>
<arg>/api</arg>
<doc>Sends a GET request on a previously created HTTP Session.</doc>
<status status="PASS" start="2024-06-03T12:28:54.198448" elapsed="0.093077"/>
</kw>
<kw name="Set Variable" owner="BuiltIn">
<msg time="2024-06-03T12:28:54.292630" level="INFO">${json_data} = {'results': [{'gender': 'male', 'name': {'title': 'Mr', 'first': 'Florival', 'last': 'Ramos'}, 'location': {'street': {'number': 1710, 'name': 'Rua Rio de Janeiro '}, 'city': 'Dourados', 'state': 'San...</msg>
<var>${json_data}</var>
<arg>${response.json()}</arg>
<doc>Returns the given values which can then be assigned to a variables.</doc>
<status status="PASS" start="2024-06-03T12:28:54.292071" elapsed="0.000593"/>
</kw>
<kw name="Log" owner="BuiltIn">
<msg time="2024-06-03T12:28:54.293231" level="INFO">{'results': [{'gender': 'male', 'name': {'title': 'Mr', 'first': 'Florival', 'last': 'Ramos'}, 'location': {'street': {'number': 1710, 'name': 'Rua Rio de Janeiro '}, 'city': 'Dourados', 'state': 'Santa Catarina', 'country': 'Brazil', 'postcode': 74106, 'coordinates': {'latitude': '-74.0398', 'longitude': '-95.5263'}, 'timezone': {'offset': '+11:00', 'description': 'Magadan, Solomon Islands, New Caledonia'}}, 'email': 'florival.ramos@example.com', 'login': {'uuid': '6cf294db-1247-4749-92a0-cf74908161a2', 'username': 'purplebear818', 'password': 'bluejays', 'salt': 'hjsEEsKM', 'md5': '83e043fe84e038da6ea9d9847a6385ba', 'sha1': 'd91fb11d085aacf7b2a87726cb3b00c25675a69c', 'sha256': '8243825903e3eab060592867aca917407530a81839503d291a43fed559eeed0f'}, 'dob': {'date': '1997-12-26T15:27:27.929Z', 'age': 26}, 'registered': {'date': '2012-04-08T16:21:01.672Z', 'age': 12}, 'phone': '(50) 5140-6123', 'cell': '(65) 1587-8844', 'id': {'name': 'CPF', 'value': '836.468.060-73'}, 'picture': {'large': 'https://randomuser.me/api/portraits/men/28.jpg', 'medium': 'https://randomuser.me/api/portraits/med/men/28.jpg', 'thumbnail': 'https://randomuser.me/api/portraits/thumb/men/28.jpg'}, 'nat': 'BR'}], 'info': {'seed': '1b54fb6041d235e2', 'results': 1, 'page': 1, 'version': '1.4'}}</msg>
<arg>${json_data}</arg>
<doc>Logs the given message with the given level.</doc>
<status status="PASS" start="2024-06-03T12:28:54.293045" elapsed="0.000238"/>
</kw>
<kw name="Dictionary Should Contain Key" owner="Collections">
<msg time="2024-06-03T12:28:54.293793" level="INFO">False</msg>
<arg>${json_data}</arg>
<arg>results</arg>
<doc>Fails if ``key`` is not found from ``dictionary``.</doc>
<status status="PASS" start="2024-06-03T12:28:54.293618" elapsed="0.000214"/>
</kw>
<kw name="Should Not Be Empty" owner="BuiltIn">
<msg time="2024-06-03T12:28:54.294347" level="INFO">Length is 2.</msg>
<arg>${json_data}</arg>
<doc>Verifies that the given item is not empty.</doc>
<status status="PASS" start="2024-06-03T12:28:54.294200" elapsed="0.000207"/>
</kw>
<kw name="Create List" owner="BuiltIn">
<msg time="2024-06-03T12:28:54.294889" level="INFO">${expected_keys} = ['gender', 'name', 'location', 'email', 'login']</msg>
<var>${expected_keys}</var>
<arg>gender</arg>
<arg>name</arg>
<arg>location</arg>
<arg>email</arg>
<arg>login</arg>
<doc>Returns a list containing given items.</doc>
<status status="PASS" start="2024-06-03T12:28:54.294727" elapsed="0.000187"/>
</kw>
<for flavor="IN">
<iter>
<kw name="Dictionary Should Contain Key" owner="Collections">
<msg time="2024-06-03T12:28:54.295959" level="INFO">False</msg>
<arg>${json_data['results'][0]}</arg>
<arg>${key}</arg>
<doc>Fails if ``key`` is not found from ``dictionary``.</doc>
<status status="PASS" start="2024-06-03T12:28:54.295527" elapsed="0.000479"/>
</kw>
<kw name="Log" owner="BuiltIn">
<msg time="2024-06-03T12:28:54.296700" level="INFO">{'gender': 'male', 'name': {'title': 'Mr', 'first': 'Florival', 'last': 'Ramos'}, 'location': {'street': {'number': 1710, 'name': 'Rua Rio de Janeiro '}, 'city': 'Dourados', 'state': 'Santa Catarina', 'country': 'Brazil', 'postcode': 74106, 'coordinates': {'latitude': '-74.0398', 'longitude': '-95.5263'}, 'timezone': {'offset': '+11:00', 'description': 'Magadan, Solomon Islands, New Caledonia'}}, 'email': 'florival.ramos@example.com', 'login': {'uuid': '6cf294db-1247-4749-92a0-cf74908161a2', 'username': 'purplebear818', 'password': 'bluejays', 'salt': 'hjsEEsKM', 'md5': '83e043fe84e038da6ea9d9847a6385ba', 'sha1': 'd91fb11d085aacf7b2a87726cb3b00c25675a69c', 'sha256': '8243825903e3eab060592867aca917407530a81839503d291a43fed559eeed0f'}, 'dob': {'date': '1997-12-26T15:27:27.929Z', 'age': 26}, 'registered': {'date': '2012-04-08T16:21:01.672Z', 'age': 12}, 'phone': '(50) 5140-6123', 'cell': '(65) 1587-8844', 'id': {'name': 'CPF', 'value': '836.468.060-73'}, 'picture': {'large': 'https://randomuser.me/api/portraits/men/28.jpg', 'medium': 'https://randomuser.me/api/portraits/med/men/28.jpg', 'thumbnail': 'https://randomuser.me/api/portraits/thumb/men/28.jpg'}, 'nat': 'BR'}</msg>
<arg>${json_data['results'][0]}</arg>
<doc>Logs the given message with the given level.</doc>
<status status="PASS" start="2024-06-03T12:28:54.296319" elapsed="0.000432"/>
</kw>
<kw name="Log" owner="BuiltIn">
<msg time="2024-06-03T12:28:54.297200" level="INFO">gender</msg>
<arg>${key}</arg>
<doc>Logs the given message with the given level.</doc>
<status status="PASS" start="2024-06-03T12:28:54.297065" elapsed="0.000175"/>
</kw>
<var name="${key}">gender</var>
<status status="PASS" start="2024-06-03T12:28:54.295392" elapsed="0.002073"/>
</iter>
<iter>
<kw name="Dictionary Should Contain Key" owner="Collections">
<msg time="2024-06-03T12:28:54.298222" level="INFO">False</msg>
<arg>${json_data['results'][0]}</arg>
<arg>${key}</arg>
<doc>Fails if ``key`` is not found from ``dictionary``.</doc>
<status status="PASS" start="2024-06-03T12:28:54.297793" elapsed="0.000468"/>
</kw>
<kw name="Log" owner="BuiltIn">
<msg time="2024-06-03T12:28:54.298967" level="INFO">{'gender': 'male', 'name': {'title': 'Mr', 'first': 'Florival', 'last': 'Ramos'}, 'location': {'street': {'number': 1710, 'name': 'Rua Rio de Janeiro '}, 'city': 'Dourados', 'state': 'Santa Catarina', 'country': 'Brazil', 'postcode': 74106, 'coordinates': {'latitude': '-74.0398', 'longitude': '-95.5263'}, 'timezone': {'offset': '+11:00', 'description': 'Magadan, Solomon Islands, New Caledonia'}}, 'email': 'florival.ramos@example.com', 'login': {'uuid': '6cf294db-1247-4749-92a0-cf74908161a2', 'username': 'purplebear818', 'password': 'bluejays', 'salt': 'hjsEEsKM', 'md5': '83e043fe84e038da6ea9d9847a6385ba', 'sha1': 'd91fb11d085aacf7b2a87726cb3b00c25675a69c', 'sha256': '8243825903e3eab060592867aca917407530a81839503d291a43fed559eeed0f'}, 'dob': {'date': '1997-12-26T15:27:27.929Z', 'age': 26}, 'registered': {'date': '2012-04-08T16:21:01.672Z', 'age': 12}, 'phone': '(50) 5140-6123', 'cell': '(65) 1587-8844', 'id': {'name': 'CPF', 'value': '836.468.060-73'}, 'picture': {'large': 'https://randomuser.me/api/portraits/men/28.jpg', 'medium': 'https://randomuser.me/api/portraits/med/men/28.jpg', 'thumbnail': 'https://randomuser.me/api/portraits/thumb/men/28.jpg'}, 'nat': 'BR'}</msg>
<arg>${json_data['results'][0]}</arg>
<doc>Logs the given message with the given level.</doc>
<status status="PASS" start="2024-06-03T12:28:54.298595" elapsed="0.000431"/>
</kw>
<kw name="Log" owner="BuiltIn">
<msg time="2024-06-03T12:28:54.299461" level="INFO">name</msg>
<arg>${key}</arg>
<doc>Logs the given message with the given level.</doc>
<status status="PASS" start="2024-06-03T12:28:54.299329" elapsed="0.000170"/>
</kw>
<var name="${key}">name</var>
<status status="PASS" start="2024-06-03T12:28:54.297671" elapsed="0.002052"/>
</iter>
<iter>
<kw name="Dictionary Should Contain Key" owner="Collections">
<msg time="2024-06-03T12:28:54.300414" level="INFO">False</msg>
<arg>${json_data['results'][0]}</arg>
<arg>${key}</arg>
<doc>Fails if ``key`` is not found from ``dictionary``.</doc>
<status status="PASS" start="2024-06-03T12:28:54.300031" elapsed="0.000422"/>
</kw>
<kw name="Log" owner="BuiltIn">
<msg time="2024-06-03T12:28:54.301127" level="INFO">{'gender': 'male', 'name': {'title': 'Mr', 'first': 'Florival', 'last': 'Ramos'}, 'location': {'street': {'number': 1710, 'name': 'Rua Rio de Janeiro '}, 'city': 'Dourados', 'state': 'Santa Catarina', 'country': 'Brazil', 'postcode': 74106, 'coordinates': {'latitude': '-74.0398', 'longitude': '-95.5263'}, 'timezone': {'offset': '+11:00', 'description': 'Magadan, Solomon Islands, New Caledonia'}}, 'email': 'florival.ramos@example.com', 'login': {'uuid': '6cf294db-1247-4749-92a0-cf74908161a2', 'username': 'purplebear818', 'password': 'bluejays', 'salt': 'hjsEEsKM', 'md5': '83e043fe84e038da6ea9d9847a6385ba', 'sha1': 'd91fb11d085aacf7b2a87726cb3b00c25675a69c', 'sha256': '8243825903e3eab060592867aca917407530a81839503d291a43fed559eeed0f'}, 'dob': {'date': '1997-12-26T15:27:27.929Z', 'age': 26}, 'registered': {'date': '2012-04-08T16:21:01.672Z', 'age': 12}, 'phone': '(50) 5140-6123', 'cell': '(65) 1587-8844', 'id': {'name': 'CPF', 'value': '836.468.060-73'}, 'picture': {'large': 'https://randomuser.me/api/portraits/men/28.jpg', 'medium': 'https://randomuser.me/api/portraits/med/men/28.jpg', 'thumbnail': 'https://randomuser.me/api/portraits/thumb/men/28.jpg'}, 'nat': 'BR'}</msg>
<arg>${json_data['results'][0]}</arg>
<doc>Logs the given message with the given level.</doc>
<status status="PASS" start="2024-06-03T12:28:54.300758" elapsed="0.000418"/>
</kw>
<kw name="Log" owner="BuiltIn">
<msg time="2024-06-03T12:28:54.301619" level="INFO">location</msg>
<arg>${key}</arg>
<doc>Logs the given message with the given level.</doc>
<status status="PASS" start="2024-06-03T12:28:54.301489" elapsed="0.000168"/>
</kw>
<var name="${key}">location</var>
<status status="PASS" start="2024-06-03T12:28:54.299913" elapsed="0.001982"/>
</iter>
<iter>
<kw name="Dictionary Should Contain Key" owner="Collections">
<msg time="2024-06-03T12:28:54.302706" level="INFO">False</msg>
<arg>${json_data['results'][0]}</arg>
<arg>${key}</arg>
<doc>Fails if ``key`` is not found from ``dictionary``.</doc>
<status status="PASS" start="2024-06-03T12:28:54.302198" elapsed="0.000547"/>
</kw>
<kw name="Log" owner="BuiltIn">
<msg time="2024-06-03T12:28:54.303405" level="INFO">{'gender': 'male', 'name': {'title': 'Mr', 'first': 'Florival', 'last': 'Ramos'}, 'location': {'street': {'number': 1710, 'name': 'Rua Rio de Janeiro '}, 'city': 'Dourados', 'state': 'Santa Catarina', 'country': 'Brazil', 'postcode': 74106, 'coordinates': {'latitude': '-74.0398', 'longitude': '-95.5263'}, 'timezone': {'offset': '+11:00', 'description': 'Magadan, Solomon Islands, New Caledonia'}}, 'email': 'florival.ramos@example.com', 'login': {'uuid': '6cf294db-1247-4749-92a0-cf74908161a2', 'username': 'purplebear818', 'password': 'bluejays', 'salt': 'hjsEEsKM', 'md5': '83e043fe84e038da6ea9d9847a6385ba', 'sha1': 'd91fb11d085aacf7b2a87726cb3b00c25675a69c', 'sha256': '8243825903e3eab060592867aca917407530a81839503d291a43fed559eeed0f'}, 'dob': {'date': '1997-12-26T15:27:27.929Z', 'age': 26}, 'registered': {'date': '2012-04-08T16:21:01.672Z', 'age': 12}, 'phone': '(50) 5140-6123', 'cell': '(65) 1587-8844', 'id': {'name': 'CPF', 'value': '836.468.060-73'}, 'picture': {'large': 'https://randomuser.me/api/portraits/men/28.jpg', 'medium': 'https://randomuser.me/api/portraits/med/men/28.jpg', 'thumbnail': 'https://randomuser.me/api/portraits/thumb/men/28.jpg'}, 'nat': 'BR'}</msg>
<arg>${json_data['results'][0]}</arg>
<doc>Logs the given message with the given level.</doc>
<status status="PASS" start="2024-06-03T12:28:54.303048" elapsed="0.000407"/>
</kw>
<kw name="Log" owner="BuiltIn">
<msg time="2024-06-03T12:28:54.303881" level="INFO">email</msg>
<arg>${key}</arg>
<doc>Logs the given message with the given level.</doc>
<status status="PASS" start="2024-06-03T12:28:54.303752" elapsed="0.000167"/>
</kw>
<var name="${key}">email</var>
<status status="PASS" start="2024-06-03T12:28:54.302081" elapsed="0.002052"/>
</iter>
<iter>
<kw name="Dictionary Should Contain Key" owner="Collections">
<msg time="2024-06-03T12:28:54.304812" level="INFO">False</msg>
<arg>${json_data['results'][0]}</arg>
<arg>${key}</arg>
<doc>Fails if ``key`` is not found from ``dictionary``.</doc>
<status status="PASS" start="2024-06-03T12:28:54.304427" elapsed="0.000422"/>
</kw>
<kw name="Log" owner="BuiltIn">
<msg time="2024-06-03T12:28:54.305501" level="INFO">{'gender': 'male', 'name': {'title': 'Mr', 'first': 'Florival', 'last': 'Ramos'}, 'location': {'street': {'number': 1710, 'name': 'Rua Rio de Janeiro '}, 'city': 'Dourados', 'state': 'Santa Catarina', 'country': 'Brazil', 'postcode': 74106, 'coordinates': {'latitude': '-74.0398', 'longitude': '-95.5263'}, 'timezone': {'offset': '+11:00', 'description': 'Magadan, Solomon Islands, New Caledonia'}}, 'email': 'florival.ramos@example.com', 'login': {'uuid': '6cf294db-1247-4749-92a0-cf74908161a2', 'username': 'purplebear818', 'password': 'bluejays', 'salt': 'hjsEEsKM', 'md5': '83e043fe84e038da6ea9d9847a6385ba', 'sha1': 'd91fb11d085aacf7b2a87726cb3b00c25675a69c', 'sha256': '8243825903e3eab060592867aca917407530a81839503d291a43fed559eeed0f'}, 'dob': {'date': '1997-12-26T15:27:27.929Z', 'age': 26}, 'registered': {'date': '2012-04-08T16:21:01.672Z', 'age': 12}, 'phone': '(50) 5140-6123', 'cell': '(65) 1587-8844', 'id': {'name': 'CPF', 'value': '836.468.060-73'}, 'picture': {'large': 'https://randomuser.me/api/portraits/men/28.jpg', 'medium': 'https://randomuser.me/api/portraits/med/men/28.jpg', 'thumbnail': 'https://randomuser.me/api/portraits/thumb/men/28.jpg'}, 'nat': 'BR'}</msg>
<arg>${json_data['results'][0]}</arg>
<doc>Logs the given message with the given level.</doc>
<status status="PASS" start="2024-06-03T12:28:54.305148" elapsed="0.000401"/>
</kw>
<kw name="Log" owner="BuiltIn">
<msg time="2024-06-03T12:28:54.306001" level="INFO">login</msg>
<arg>${key}</arg>
<doc>Logs the given message with the given level.</doc>
<status status="PASS" start="2024-06-03T12:28:54.305846" elapsed="0.000226"/>
</kw>
<var name="${key}">login</var>
<status status="PASS" start="2024-06-03T12:28:54.304312" elapsed="0.001993"/>
</iter>
<var>${key}</var>
<value>@{expected_keys}</value>
<status status="PASS" start="2024-06-03T12:28:54.295184" elapsed="0.011244"/>
</for>
<kw name="Create List" owner="BuiltIn">
<msg time="2024-06-03T12:28:54.306769" level="INFO">${expected_keysTwo} = ['username', 'password']</msg>
<var>${expected_keysTwo}</var>
<arg>username</arg>
<arg>password</arg>
<doc>Returns a list containing given items.</doc>
<status status="PASS" start="2024-06-03T12:28:54.306626" elapsed="0.000168"/>
</kw>
<for flavor="IN">
<iter>
<kw name="Dictionary Should Contain Key" owner="Collections">
<msg time="2024-06-03T12:28:54.307692" level="INFO">False</msg>
<arg>${json_data['results'][0]['login']}</arg>
<arg>${keyTwo}</arg>
<doc>Fails if ``key`` is not found from ``dictionary``.</doc>
<status status="PASS" start="2024-06-03T12:28:54.307307" elapsed="0.000422"/>
</kw>
<kw name="Dictionary Should Contain Key" owner="Collections">
<msg time="2024-06-03T12:28:54.308403" level="INFO">False</msg>
<arg>${json_data['results'][0]['login']}</arg>
<arg>${keyTwo}</arg>
<doc>Fails if ``key`` is not found from ``dictionary``.</doc>
<status status="PASS" start="2024-06-03T12:28:54.308026" elapsed="0.000415"/>
</kw>
<kw name="Log" owner="BuiltIn">
<msg time="2024-06-03T12:28:54.308869" level="INFO">username</msg>
<arg>${keyTwo}</arg>
<doc>Logs the given message with the given level.</doc>
<status status="PASS" start="2024-06-03T12:28:54.308741" elapsed="0.000166"/>
</kw>
<var name="${keyTwo}">username</var>
<status status="PASS" start="2024-06-03T12:28:54.307194" elapsed="0.001928"/>
</iter>
<iter>
<kw name="Dictionary Should Contain Key" owner="Collections">
<msg time="2024-06-03T12:28:54.309791" level="INFO">False</msg>
<arg>${json_data['results'][0]['login']}</arg>
<arg>${keyTwo}</arg>
<doc>Fails if ``key`` is not found from ``dictionary``.</doc>
<status status="PASS" start="2024-06-03T12:28:54.309412" elapsed="0.000417"/>
</kw>
<kw name="Dictionary Should Contain Key" owner="Collections">
<msg time="2024-06-03T12:28:54.310533" level="INFO">False</msg>
<arg>${json_data['results'][0]['login']}</arg>
<arg>${keyTwo}</arg>
<doc>Fails if ``key`` is not found from ``dictionary``.</doc>
<status status="PASS" start="2024-06-03T12:28:54.310151" elapsed="0.000420"/>
</kw>
<kw name="Log" owner="BuiltIn">
<msg time="2024-06-03T12:28:54.310996" level="INFO">password</msg>
<arg>${keyTwo}</arg>
<doc>Logs the given message with the given level.</doc>
<status status="PASS" start="2024-06-03T12:28:54.310868" elapsed="0.000165"/>
</kw>
<var name="${keyTwo}">password</var>
<status status="PASS" start="2024-06-03T12:28:54.309298" elapsed="0.001950"/>
</iter>
<var>${keyTwo}</var>
<value>@{expected_keysTwo}</value>
<status status="PASS" start="2024-06-03T12:28:54.307035" elapsed="0.004334"/>
</for>
<status status="PASS" start="2024-06-03T12:28:54.198190" elapsed="0.113328"/>
</kw>
<doc>Testa a estrutura da resposta da API.</doc>
<tag>testeEstruturaResposta</tag>
<status status="PASS" start="2024-06-03T12:28:54.197520" elapsed="0.114157"/>
</test>
<test id="s1-s1-t4" name="Validar tipos de dados" line="28">
<kw name="Teste de Tipos de Dados" owner="random-user-service">
<kw name="GET On Session" owner="RequestsLibrary">
<msg time="2024-06-03T12:28:54.394295" level="INFO">GET Request : url=https://randomuser.me/api 
 path_url=/api 
 headers={'User-Agent': 'python-requests/2.32.3', 'Accept-Encoding': 'gzip, deflate', 'Accept': '*/*', 'Connection': 'keep-alive'} 
 body=None 
 </msg>
<msg time="2024-06-03T12:28:54.394403" level="INFO">GET Response : url=https://randomuser.me/api 
 status=200, reason=OK 
 headers={'Date': 'Mon, 03 Jun 2024 12:28:54 GMT', 'Content-Type': 'application/json; charset=utf-8', 'Transfer-Encoding': 'chunked', 'Connection': 'keep-alive', 'X-Powered-By': 'Express', 'Access-Control-Allow-Origin': '*', 'Cache-Control': 'no-cache', 'ETag': 'W/"499-qRXu1ME25agHJov8S6YyHgKyIkE"', 'Vary': 'Accept-Encoding', 'Content-Encoding': 'gzip', 'CF-Cache-Status': 'DYNAMIC', 'Report-To': '{"endpoints":[{"url":"https:\\/\\/a.nel.cloudflare.com\\/report\\/v4?s=513ojm0gOa4H8EH86%2BgAgNBR%2BJgzkKoRhfjy9vEO4BehJBupOg1s%2FcRoeCATIwBXKO1500yhX4wstrWlaJ%2BocEkWuG286Uj4pBWj799Hxqgv6aXIb1yG03TMNMaeTQ%2FE"}],"group":"cf-nel","max_age":604800}', 'NEL': '{"success_fraction":0,"report_to":"cf-nel","max_age":604800}', 'Server': 'cloudflare', 'CF-RAY': '88dfaf878bc62d06-IAD', 'alt-svc': 'h3=":443"; ma=86400'} 
 body={"results":[{"gender":"male","name":{"title":"Mr","first":"Viljami","last":"Hatala"},"location":{"street":{"number":8515,"name":"Verkatehtaankatu"},"city":"Rovaniemi","state":"Uusimaa","country":"Finland","postcode":95768,"coordinates":{"latitude":"-28.3004","longitude":"-62.6215"},"timezone":{"offset":"-5:00","description":"Eastern Time (US &amp; Canada), Bogota, Lima"}},"email":"viljami.hatala@example.com","login":{"uuid":"f23dfbef-8de3-4615-88e2-de27f372f31b","username":"tinycat850","password":"leeds","salt":"G27mBfwd","md5":"de6de738c6420eb6b513e880a8a86626","sha1":"5602aacf5e75f1b0ba36b46ea8e1c77b337ad27c","sha256":"ec71d10f94adbb32efedd8b3e78818081bc133830cd8c32bf01e0d98eb04da97"},"dob":{"date":"1994-12-13T22:34:25.606Z","age":29},"registered":{"date":"2005-12-31T13:22:26.494Z","age":18},"phone":"09-241-920","cell":"047-763-54-91","id":{"name":"HETU","value":"NaNNA197undefined"},"picture":{"large":"https://randomuser.me/api/portraits/men/48.jpg","medium":"https://randomuser.me/api/portraits/med/men/48.jpg","thumbnail":"https://randomuser.me/api/portraits/thumb/men/48.jpg"},"nat":"FI"}],"info":{"seed":"c7356eeec0c209a6","results":1,"page":1,"version":"1.4"}} 
 </msg>
<msg time="2024-06-03T12:28:54.394485" level="INFO">/opt/hostedtoolcache/Python/3.12.3/x64/lib/python3.12/site-packages/urllib3/connectionpool.py:1103: InsecureRequestWarning: Unverified HTTPS request is being made to host 'randomuser.me'. Adding certificate verification is strongly advised. See: https://urllib3.readthedocs.io/en/latest/advanced-usage.html#tls-warnings
  warnings.warn(</msg>
<msg time="2024-06-03T12:28:54.394639" level="INFO">${response} = &lt;Response [200]&gt;</msg>
<var>${response}</var>
<arg>consultarAPI</arg>
<arg>/api</arg>
<doc>Sends a GET request on a previously created HTTP Session.</doc>
<status status="PASS" start="2024-06-03T12:28:54.314284" elapsed="0.080409"/>
</kw>
<kw name="Set Variable" owner="BuiltIn">
<msg time="2024-06-03T12:28:54.395755" level="INFO">${json_data} = {'results': [{'gender': 'male', 'name': {'title': 'Mr', 'first': 'Viljami', 'last': 'Hatala'}, 'location': {'street': {'number': 8515, 'name': 'Verkatehtaankatu'}, 'city': 'Rovaniemi', 'state': 'Uusim...</msg>
<var>${json_data}</var>
<arg>${response.json()}</arg>
<doc>Returns the given values which can then be assigned to a variables.</doc>
<status status="PASS" start="2024-06-03T12:28:54.395236" elapsed="0.000550"/>
</kw>
<kw name="Log" owner="BuiltIn">
<msg time="2024-06-03T12:28:54.396252" level="INFO">{'results': [{'gender': 'male', 'name': {'title': 'Mr', 'first': 'Viljami', 'last': 'Hatala'}, 'location': {'street': {'number': 8515, 'name': 'Verkatehtaankatu'}, 'city': 'Rovaniemi', 'state': 'Uusimaa', 'country': 'Finland', 'postcode': 95768, 'coordinates': {'latitude': '-28.3004', 'longitude': '-62.6215'}, 'timezone': {'offset': '-5:00', 'description': 'Eastern Time (US &amp; Canada), Bogota, Lima'}}, 'email': 'viljami.hatala@example.com', 'login': {'uuid': 'f23dfbef-8de3-4615-88e2-de27f372f31b', 'username': 'tinycat850', 'password': 'leeds', 'salt': 'G27mBfwd', 'md5': 'de6de738c6420eb6b513e880a8a86626', 'sha1': '5602aacf5e75f1b0ba36b46ea8e1c77b337ad27c', 'sha256': 'ec71d10f94adbb32efedd8b3e78818081bc133830cd8c32bf01e0d98eb04da97'}, 'dob': {'date': '1994-12-13T22:34:25.606Z', 'age': 29}, 'registered': {'date': '2005-12-31T13:22:26.494Z', 'age': 18}, 'phone': '09-241-920', 'cell': '047-763-54-91', 'id': {'name': 'HETU', 'value': 'NaNNA197undefined'}, 'picture': {'large': 'https://randomuser.me/api/portraits/men/48.jpg', 'medium': 'https://randomuser.me/api/portraits/med/men/48.jpg', 'thumbnail': 'https://randomuser.me/api/portraits/thumb/men/48.jpg'}, 'nat': 'FI'}], 'info': {'seed': 'c7356eeec0c209a6', 'results': 1, 'page': 1, 'version': '1.4'}}</msg>
<arg>${json_data}</arg>
<doc>Logs the given message with the given level.</doc>
<status status="PASS" start="2024-06-03T12:28:54.396095" elapsed="0.000246"/>
</kw>
<kw name="Should Be String" owner="String">
<arg>${json_data['results'][0]['gender']}</arg>
<doc>Fails if the given ``item`` is not a string.</doc>
<status status="PASS" start="2024-06-03T12:28:54.396644" elapsed="0.000374"/>
</kw>
<kw name="Should Match Regexp" owner="BuiltIn">
<arg>${json_data['results'][0]['email']}</arg>
<arg>^[a-zA-Z0-9._%+-]+@[a-zA-Z0-9.-]+\.[a-zA-Z]{2,}$</arg>
<doc>Fails if ``string`` does not match ``pattern`` as a regular expression.</doc>
<status status="PASS" start="2024-06-03T12:28:54.397210" elapsed="0.000691"/>
</kw>
<kw name="Should Match Regexp" owner="BuiltIn">
<arg>${json_data['results'][0]['dob']['date']}</arg>
<arg>\\d{4}-\\d{2}-\\d{2}T\\d{2}:\\d{2}:\\d{2}\\.\\d{3}Z</arg>
<doc>Fails if ``string`` does not match ``pattern`` as a regular expression.</doc>
<status status="PASS" start="2024-06-03T12:28:54.398110" elapsed="0.000492"/>
</kw>
<kw name="Should Match Regexp" owner="BuiltIn">
<arg>${json_data['results'][0]['registered']['date']}</arg>
<arg>\\d{4}-\\d{2}-\\d{2}T\\d{2}:\\d{2}:\\d{2}\\.\\d{3}Z</arg>
<doc>Fails if ``string`` does not match ``pattern`` as a regular expression.</doc>
<status status="PASS" start="2024-06-03T12:28:54.398799" elapsed="0.000369"/>
</kw>
<kw name="Should Match Regexp" owner="BuiltIn">
<arg>${json_data['results'][0]['picture']['large']}</arg>
<arg>^https?://.*\.(?:png|jpe?g|gif|bmp)$</arg>
<doc>Fails if ``string`` does not match ``pattern`` as a regular expression.</doc>
<status status="PASS" start="2024-06-03T12:28:54.399358" elapsed="0.000472"/>
</kw>
<kw name="Should Match Regexp" owner="BuiltIn">
<arg>${json_data['results'][0]['picture']['medium']}</arg>
<arg>^https?://.*\.(?:png|jpe?g|gif|bmp)$</arg>
<doc>Fails if ``string`` does not match ``pattern`` as a regular expression.</doc>
<status status="PASS" start="2024-06-03T12:28:54.400022" elapsed="0.000356"/>
</kw>
<kw name="Should Match Regexp" owner="BuiltIn">
<arg>${json_data['results'][0]['picture']['thumbnail']}</arg>
<arg>^https?://.*\.(?:png|jpe?g|gif|bmp)$</arg>
<doc>Fails if ``string`` does not match ``pattern`` as a regular expression.</doc>
<status status="PASS" start="2024-06-03T12:28:54.400565" elapsed="0.000346"/>
</kw>
<kw name="Log" owner="BuiltIn">
<msg time="2024-06-03T12:28:54.401426" level="INFO">{'large': 'https://randomuser.me/api/portraits/men/48.jpg', 'medium': 'https://randomuser.me/api/portraits/med/men/48.jpg', 'thumbnail': 'https://randomuser.me/api/portraits/thumb/men/48.jpg'}</msg>
<arg>${json_data['results'][0]['picture']}</arg>
<doc>Logs the given message with the given level.</doc>
<status status="PASS" start="2024-06-03T12:28:54.401097" elapsed="0.000372"/>
</kw>
<status status="PASS" start="2024-06-03T12:28:54.314046" elapsed="0.087682"/>
</kw>
<kw name="Teste de Tipos de Dados - Postcode" owner="random-user-service">
<kw name="GET On Session" owner="RequestsLibrary">
<msg time="2024-06-03T12:28:54.502279" level="INFO">GET Request : url=https://randomuser.me/api 
 path_url=/api 
 headers={'User-Agent': 'python-requests/2.32.3', 'Accept-Encoding': 'gzip, deflate', 'Accept': '*/*', 'Connection': 'keep-alive'} 
 body=None 
 </msg>
<msg time="2024-06-03T12:28:54.502394" level="INFO">GET Response : url=https://randomuser.me/api 
 status=200, reason=OK 
 headers={'Date': 'Mon, 03 Jun 2024 12:28:54 GMT', 'Content-Type': 'application/json; charset=utf-8', 'Transfer-Encoding': 'chunked', 'Connection': 'keep-alive', 'X-Powered-By': 'Express', 'Access-Control-Allow-Origin': '*', 'Cache-Control': 'no-cache', 'ETag': 'W/"48f-prZrkIno9lZh09ykLC7welLV8SM"', 'Vary': 'Accept-Encoding', 'Content-Encoding': 'gzip', 'CF-Cache-Status': 'DYNAMIC', 'Report-To': '{"endpoints":[{"url":"https:\\/\\/a.nel.cloudflare.com\\/report\\/v4?s=mp9INNWlaXdUo34eYse86IjncEc2DipslUD6aZL%2BnQ%2BQwKcnnoFwoQhyLereXI2q6WofGnKDD0Pw1p1Pkj7QlNr7vBwPYROJqRKDqV1zbNqKAglmYiAfUC6CRrpm7h4r"}],"group":"cf-nel","max_age":604800}', 'NEL': '{"success_fraction":0,"report_to":"cf-nel","max_age":604800}', 'Server': 'cloudflare', 'CF-RAY': '88dfaf880c542d06-IAD', 'alt-svc': 'h3=":443"; ma=86400'} 
 body={"results":[{"gender":"female","name":{"title":"Mrs","first":"Ella","last":"Christiansen"},"location":{"street":{"number":1634,"name":"Sverigesvej"},"city":"Argerskov","state":"Danmark","country":"Denmark","postcode":70053,"coordinates":{"latitude":"-39.2436","longitude":"78.6285"},"timezone":{"offset":"+4:00","description":"Abu Dhabi, Muscat, Baku, Tbilisi"}},"email":"ella.christiansen@example.com","login":{"uuid":"31a92d12-a307-41f3-9569-2217a79e8fd3","username":"purplecat261","password":"hehehe","salt":"ocDe9mgt","md5":"6f23210e4c9d2b4a4ebc1a246632ce97","sha1":"b9e36a06fe59a06ab35b2e3309e966f31bb697d0","sha256":"c13195bff430bf38c7376d7723dd3ac7641b58c50da7e191dbf327926f7e3ed6"},"dob":{"date":"1948-08-30T06:50:42.941Z","age":75},"registered":{"date":"2011-06-14T15:24:39.653Z","age":12},"phone":"45859822","cell":"38929654","id":{"name":"CPR","value":"300848-2936"},"picture":{"large":"https://randomuser.me/api/portraits/women/61.jpg","medium":"https://randomuser.me/api/portraits/med/women/61.jpg","thumbnail":"https://randomuser.me/api/portraits/thumb/women/61.jpg"},"nat":"DK"}],"info":{"seed":"ef3271bff9a2ef00","results":1,"page":1,"version":"1.4"}} 
 </msg>
<msg time="2024-06-03T12:28:54.502474" level="INFO">/opt/hostedtoolcache/Python/3.12.3/x64/lib/python3.12/site-packages/urllib3/connectionpool.py:1103: InsecureRequestWarning: Unverified HTTPS request is being made to host 'randomuser.me'. Adding certificate verification is strongly advised. See: https://urllib3.readthedocs.io/en/latest/advanced-usage.html#tls-warnings
  warnings.warn(</msg>
<msg time="2024-06-03T12:28:54.502618" level="INFO">${response} = &lt;Response [200]&gt;</msg>
<var>${response}</var>
<arg>consultarAPI</arg>
<arg>/api</arg>
<doc>Sends a GET request on a previously created HTTP Session.</doc>
<status status="PASS" start="2024-06-03T12:28:54.402226" elapsed="0.100436"/>
</kw>
<kw name="Set Variable" owner="BuiltIn">
<msg time="2024-06-03T12:28:54.503709" level="INFO">${json_data} = {'results': [{'gender': 'female', 'name': {'title': 'Mrs', 'first': 'Ella', 'last': 'Christiansen'}, 'location': {'street': {'number': 1634, 'name': 'Sverigesvej'}, 'city': 'Argerskov', 'state': 'Danm...</msg>
<var>${json_data}</var>
<arg>${response.json()}</arg>
<doc>Returns the given values which can then be assigned to a variables.</doc>
<status status="PASS" start="2024-06-03T12:28:54.503181" elapsed="0.000558"/>
</kw>
<kw name="Log" owner="BuiltIn">
<msg time="2024-06-03T12:28:54.504220" level="INFO">{'results': [{'gender': 'female', 'name': {'title': 'Mrs', 'first': 'Ella', 'last': 'Christiansen'}, 'location': {'street': {'number': 1634, 'name': 'Sverigesvej'}, 'city': 'Argerskov', 'state': 'Danmark', 'country': 'Denmark', 'postcode': 70053, 'coordinates': {'latitude': '-39.2436', 'longitude': '78.6285'}, 'timezone': {'offset': '+4:00', 'description': 'Abu Dhabi, Muscat, Baku, Tbilisi'}}, 'email': 'ella.christiansen@example.com', 'login': {'uuid': '31a92d12-a307-41f3-9569-2217a79e8fd3', 'username': 'purplecat261', 'password': 'hehehe', 'salt': 'ocDe9mgt', 'md5': '6f23210e4c9d2b4a4ebc1a246632ce97', 'sha1': 'b9e36a06fe59a06ab35b2e3309e966f31bb697d0', 'sha256': 'c13195bff430bf38c7376d7723dd3ac7641b58c50da7e191dbf327926f7e3ed6'}, 'dob': {'date': '1948-08-30T06:50:42.941Z', 'age': 75}, 'registered': {'date': '2011-06-14T15:24:39.653Z', 'age': 12}, 'phone': '45859822', 'cell': '38929654', 'id': {'name': 'CPR', 'value': '300848-2936'}, 'picture': {'large': 'https://randomuser.me/api/portraits/women/61.jpg', 'medium': 'https://randomuser.me/api/portraits/med/women/61.jpg', 'thumbnail': 'https://randomuser.me/api/portraits/thumb/women/61.jpg'}, 'nat': 'DK'}], 'info': {'seed': 'ef3271bff9a2ef00', 'results': 1, 'page': 1, 'version': '1.4'}}</msg>
<arg>${json_data}</arg>
<doc>Logs the given message with the given level.</doc>
<status status="PASS" start="2024-06-03T12:28:54.504060" elapsed="0.000246"/>
</kw>
<kw name="Should Be Equal As Numbers" owner="BuiltIn">
<arg>${json_data['results'][0]['location']['postcode']}</arg>
<arg>${json_data['results'][0]['location']['postcode']}</arg>
<doc>Fails if objects are unequal after converting them to real numbers.</doc>
<status status="PASS" start="2024-06-03T12:28:54.504620" elapsed="0.000639"/>
</kw>
<kw name="Log" owner="BuiltIn">
<msg time="2024-06-03T12:28:54.505795" level="INFO">70053</msg>
<arg>${json_data['results'][0]['location']['postcode']}</arg>
<doc>Logs the given message with the given level.</doc>
<status status="PASS" start="2024-06-03T12:28:54.505457" elapsed="0.000381"/>
</kw>
<status status="PASS" start="2024-06-03T12:28:54.401989" elapsed="0.104143"/>
</kw>
<doc>Testa se os tipos de dados na resposta da API estão corretos.</doc>
<tag>testeTiposDados</tag>
<status status="PASS" start="2024-06-03T12:28:54.313452" elapsed="0.192860"/>
</test>
<test id="s1-s1-t5" name="Validar conteudo" line="35">
<kw name="Teste de Tipos de Conteudo" owner="random-user-service">
<kw name="GET On Session" owner="RequestsLibrary">
<msg time="2024-06-03T12:28:54.593305" level="INFO">GET Request : url=https://randomuser.me/api 
 path_url=/api 
 headers={'User-Agent': 'python-requests/2.32.3', 'Accept-Encoding': 'gzip, deflate', 'Accept': '*/*', 'Connection': 'keep-alive'} 
 body=None 
 </msg>
<msg time="2024-06-03T12:28:54.593412" level="INFO">GET Response : url=https://randomuser.me/api 
 status=200, reason=OK 
 headers={'Date': 'Mon, 03 Jun 2024 12:28:54 GMT', 'Content-Type': 'application/json; charset=utf-8', 'Transfer-Encoding': 'chunked', 'Connection': 'keep-alive', 'X-Powered-By': 'Express', 'Access-Control-Allow-Origin': '*', 'Cache-Control': 'no-cache', 'ETag': 'W/"493-alD2KVWVMLcqFVS4YPyRAlBzQ8Q"', 'Vary': 'Accept-Encoding', 'Content-Encoding': 'gzip', 'CF-Cache-Status': 'DYNAMIC', 'Report-To': '{"endpoints":[{"url":"https:\\/\\/a.nel.cloudflare.com\\/report\\/v4?s=eSn2M0gtvrCB5tPuvXsVz%2Frgb3smB%2BDsvN7DieyRnnc6MopXz4nhTFnKlCTNvPleVe%2F57k418v0pGCMGH6d2FHgSQDJyp3urJv%2Bi10hnkWYhzwDIxqBa3XOHXqfO8i%2FI"}],"group":"cf-nel","max_age":604800}', 'NEL': '{"success_fraction":0,"report_to":"cf-nel","max_age":604800}', 'Server': 'cloudflare', 'CF-RAY': '88dfaf88bd2e2d06-IAD', 'alt-svc': 'h3=":443"; ma=86400'} 
 body={"results":[{"gender":"female","name":{"title":"Mrs","first":"Crystal","last":"Carroll"},"location":{"street":{"number":4816,"name":"N Stelling Rd"},"city":"Sydney","state":"New South Wales","country":"Australia","postcode":7185,"coordinates":{"latitude":"-81.7630","longitude":"67.9615"},"timezone":{"offset":"-8:00","description":"Pacific Time (US &amp; Canada)"}},"email":"crystal.carroll@example.com","login":{"uuid":"325278c3-e0bc-4548-a920-aeaf3d6043ea","username":"angryostrich940","password":"big1","salt":"cTXvpIhJ","md5":"6a5f536844d3b525c2798f86aa3d10fc","sha1":"bbafc613deb4d4f87c4c6b363ccc32153e31bffa","sha256":"d3bfe0943cc9a9bc24d6a741e580732090f2dbb94d992e51a308d84d08f6512a"},"dob":{"date":"1982-02-25T12:11:39.721Z","age":42},"registered":{"date":"2021-09-15T14:50:22.617Z","age":2},"phone":"08-4022-9647","cell":"0412-849-670","id":{"name":"TFN","value":"779483163"},"picture":{"large":"https://randomuser.me/api/portraits/women/22.jpg","medium":"https://randomuser.me/api/portraits/med/women/22.jpg","thumbnail":"https://randomuser.me/api/portraits/thumb/women/22.jpg"},"nat":"AU"}],"info":{"seed":"fb6ea7089ca2391d","results":1,"page":1,"version":"1.4"}} 
 </msg>
<msg time="2024-06-03T12:28:54.593494" level="INFO">/opt/hostedtoolcache/Python/3.12.3/x64/lib/python3.12/site-packages/urllib3/connectionpool.py:1103: InsecureRequestWarning: Unverified HTTPS request is being made to host 'randomuser.me'. Adding certificate verification is strongly advised. See: https://urllib3.readthedocs.io/en/latest/advanced-usage.html#tls-warnings
  warnings.warn(</msg>
<msg time="2024-06-03T12:28:54.593655" level="INFO">${response} = &lt;Response [200]&gt;</msg>
<var>${response}</var>
<arg>consultarAPI</arg>
<arg>/api</arg>
<doc>Sends a GET request on a previously created HTTP Session.</doc>
<status status="PASS" start="2024-06-03T12:28:54.509089" elapsed="0.084614"/>
</kw>
<kw name="Set Variable" owner="BuiltIn">
<msg time="2024-06-03T12:28:54.594742" level="INFO">${json_data} = {'results': [{'gender': 'female', 'name': {'title': 'Mrs', 'first': 'Crystal', 'last': 'Carroll'}, 'location': {'street': {'number': 4816, 'name': 'N Stelling Rd'}, 'city': 'Sydney', 'state': 'New Sou...</msg>
<var>${json_data}</var>
<arg>${response.json()}</arg>
<doc>Returns the given values which can then be assigned to a variables.</doc>
<status status="PASS" start="2024-06-03T12:28:54.594219" elapsed="0.000552"/>
</kw>
<kw name="Set Variable" owner="BuiltIn">
<msg time="2024-06-03T12:28:54.595475" level="INFO">${name_title} = Mrs</msg>
<var>${name_title}</var>
<arg>${json_data["results"][0]["name"]["title"]}</arg>
<doc>Returns the given values which can then be assigned to a variables.</doc>
<status status="PASS" start="2024-06-03T12:28:54.595085" elapsed="0.000417"/>
</kw>
<kw name="Create List" owner="BuiltIn">
<msg time="2024-06-03T12:28:54.595962" level="INFO">${allowed_titles} = ['Mr', 'Ms', 'Miss', 'Mrs', 'Madame', 'Monsieur']</msg>
<var>${allowed_titles}</var>
<arg>Mr</arg>
<arg>Ms</arg>
<arg>Miss</arg>
<arg>Mrs</arg>
<arg>Madame</arg>
<arg>Monsieur</arg>
<doc>Returns a list containing given items.</doc>
<status status="PASS" start="2024-06-03T12:28:54.595808" elapsed="0.000179"/>
</kw>
<kw name="List Should Contain Value" owner="Collections">
<msg time="2024-06-03T12:28:54.596480" level="INFO">False</msg>
<arg>${allowed_titles}</arg>
<arg>${name_title}</arg>
<doc>Fails if the ``value`` is not found from ``list``.</doc>
<status status="PASS" start="2024-06-03T12:28:54.596301" elapsed="0.000217"/>
</kw>
<kw name="Set Variable" owner="BuiltIn">
<msg time="2024-06-03T12:28:54.597390" level="INFO">${name_country} = AU</msg>
<var>${name_country}</var>
<arg>${json_data["results"][0]["nat"]}</arg>
<doc>Returns the given values which can then be assigned to a variables.</doc>
<status status="PASS" start="2024-06-03T12:28:54.596817" elapsed="0.000599"/>
</kw>
<kw name="Create List" owner="BuiltIn">
<msg time="2024-06-03T12:28:54.598360" level="INFO">${list_country} = ['AD', 'AE', 'AF', 'AG', 'AI', 'AL', 'AM', 'AO', 'AQ', 'AR', 'AS', 'AT', 'AU', 'AW', 'AX', 'AZ', 'BA', 'BB', 'BD', 'BE', 'BF', 'BG', 'BH', 'BI', 'BJ', 'BL', 'BM', 'BN', 'BO', 'BQ', 'BR', 'BS', 'BT', '...</msg>
<var>${list_country}</var>
<arg>AD</arg>
<arg>AE</arg>
<arg>AF</arg>
<arg>AG</arg>
<arg>AI</arg>
<arg>AL</arg>
<arg>AM</arg>
<arg>AO</arg>
<arg>AQ</arg>
<arg>AR</arg>
<arg>AS</arg>
<arg>AT</arg>
<arg>AU</arg>
<arg>AW</arg>
<arg>AX</arg>
<arg>AZ</arg>
<arg>BA</arg>
<arg>BB</arg>
<arg>BD</arg>
<arg>BE</arg>
<arg>BF</arg>
<arg>BG</arg>
<arg>BH</arg>
<arg>BI</arg>
<arg>BJ</arg>
<arg>BL</arg>
<arg>BM</arg>
<arg>BN</arg>
<arg>BO</arg>
<arg>BQ</arg>
<arg>BR</arg>
<arg>BS</arg>
<arg>BT</arg>
<arg>BV</arg>
<arg>BW</arg>
<arg>BY</arg>
<arg>BZ</arg>
<arg>CA</arg>
<arg>CC</arg>
<arg>CD</arg>
<arg>CF</arg>
<arg>CG</arg>
<arg>CH</arg>
<arg>CI</arg>
<arg>CK</arg>
<arg>CL</arg>
<arg>CM</arg>
<arg>CN</arg>
<arg>CO</arg>
<arg>CR</arg>
<arg>CU</arg>
<arg>CV</arg>
<arg>CW</arg>
<arg>CX</arg>
<arg>CY</arg>
<arg>CZ</arg>
<arg>DE</arg>
<arg>DJ</arg>
<arg>DK</arg>
<arg>DM</arg>
<arg>DO</arg>
<arg>DZ</arg>
<arg>EC</arg>
<arg>EE</arg>
<arg>EG</arg>
<arg>EH</arg>
<arg>ER</arg>
<arg>ES</arg>
<arg>ET</arg>
<arg>FI</arg>
<arg>FJ</arg>
<arg>FK</arg>
<arg>FM</arg>
<arg>FO</arg>
<arg>FR</arg>
<arg>GA</arg>
<arg>GB</arg>
<arg>GD</arg>
<arg>GE</arg>
<arg>GF</arg>
<arg>GG</arg>
<arg>GH</arg>
<arg>GI</arg>
<arg>GL</arg>
<arg>GM</arg>
<arg>GN</arg>
<arg>GP</arg>
<arg>GQ</arg>
<arg>GR</arg>
<arg>GS</arg>
<arg>GT</arg>
<arg>GU</arg>
<arg>GW</arg>
<arg>GY</arg>
<arg>HK</arg>
<arg>HM</arg>
<arg>HN</arg>
<arg>HR</arg>
<arg>HT</arg>
<arg>HU</arg>
<arg>ID</arg>
<arg>IE</arg>
<arg>IL</arg>
<arg>IM</arg>
<arg>IN</arg>
<arg>IO</arg>
<arg>IQ</arg>
<arg>IR</arg>
<arg>IS</arg>
<arg>IT</arg>
<arg>JE</arg>
<arg>JM</arg>
<arg>JO</arg>
<arg>JP</arg>
<arg>KE</arg>
<arg>KG</arg>
<arg>KH</arg>
<arg>KI</arg>
<arg>KM</arg>
<arg>KN</arg>
<arg>KP</arg>
<arg>KR</arg>
<arg>KW</arg>
<arg>KY</arg>
<arg>KZ</arg>
<arg>LA</arg>
<arg>LB</arg>
<arg>LC</arg>
<arg>LI</arg>
<arg>LK</arg>
<arg>LR</arg>
<arg>LS</arg>
<arg>LT</arg>
<arg>LU</arg>
<arg>LV</arg>
<arg>LY</arg>
<arg>MA</arg>
<arg>MC</arg>
<arg>MD</arg>
<arg>ME</arg>
<arg>MF</arg>
<arg>MG</arg>
<arg>MH</arg>
<arg>MK</arg>
<arg>ML</arg>
<arg>MM</arg>
<arg>MN</arg>
<arg>MO</arg>
<arg>MP</arg>
<arg>MQ</arg>
<arg>MR</arg>
<arg>MS</arg>
<arg>MT</arg>
<arg>MU</arg>
<arg>MV</arg>
<arg>MW</arg>
<arg>MX</arg>
<arg>MY</arg>
<arg>MZ</arg>
<arg>NA</arg>
<arg>NC</arg>
<arg>NE</arg>
<arg>NF</arg>
<arg>NG</arg>
<arg>NI</arg>
<arg>NL</arg>
<arg>NO</arg>
<arg>NP</arg>
<arg>NR</arg>
<arg>NU</arg>
<arg>NZ</arg>
<arg>OM</arg>
<arg>PA</arg>
<arg>PE</arg>
<arg>PF</arg>
<arg>PG</arg>
<arg>PH</arg>
<arg>PK</arg>
<arg>PL</arg>
<arg>PM</arg>
<arg>PN</arg>
<arg>PR</arg>
<arg>PS</arg>
<arg>PT</arg>
<arg>PW</arg>
<arg>PY</arg>
<arg>QA</arg>
<arg>RE</arg>
<arg>RO</arg>
<arg>RS</arg>
<arg>RU</arg>
<arg>RW</arg>
<arg>SA</arg>
<arg>SB</arg>
<arg>SC</arg>
<arg>SD</arg>
<arg>SE</arg>
<arg>SG</arg>
<arg>SH</arg>
<arg>SI</arg>
<arg>SJ</arg>
<arg>SK</arg>
<arg>SL</arg>
<arg>SM</arg>
<arg>SN</arg>
<arg>SO</arg>
<arg>SR</arg>
<arg>SS</arg>
<arg>ST</arg>
<arg>SV</arg>
<arg>SX</arg>
<arg>SY</arg>
<arg>SZ</arg>
<arg>TC</arg>
<arg>TD</arg>
<arg>TF</arg>
<arg>TG</arg>
<arg>TH</arg>
<arg>TJ</arg>
<arg>TK</arg>
<arg>TL</arg>
<arg>TM</arg>
<arg>TN</arg>
<arg>TO</arg>
<arg>TR</arg>
<arg>TT</arg>
<arg>TV</arg>
<arg>TW</arg>
<arg>TZ</arg>
<arg>UA</arg>
<arg>UG</arg>
<arg>UM</arg>
<arg>US</arg>
<arg>UY</arg>
<arg>UZ</arg>
<arg>VA</arg>
<arg>VC</arg>
<arg>VE</arg>
<arg>VG</arg>
<arg>VI</arg>
<arg>VN</arg>
<arg>VU</arg>
<arg>WF</arg>
<arg>WS</arg>
<arg>XK</arg>
<arg>YE</arg>
<arg>YT</arg>
<arg>ZA</arg>
<arg>ZM</arg>
<arg>ZW</arg>
<doc>Returns a list containing given items.</doc>
<status status="PASS" start="2024-06-03T12:28:54.597734" elapsed="0.000653"/>
</kw>
<kw name="List Should Contain Value" owner="Collections">
<msg time="2024-06-03T12:28:54.599383" level="INFO">False</msg>
<arg>${list_country}</arg>
<arg>${name_country}</arg>
<doc>Fails if the ``value`` is not found from ``list``.</doc>
<status status="PASS" start="2024-06-03T12:28:54.599178" elapsed="0.000243"/>
</kw>
<kw name="Run Keyword If" owner="BuiltIn">
<kw name="Should Be True" owner="BuiltIn">
<arg>${True}</arg>
<doc>Fails if the given condition is not true.</doc>
<status status="PASS" start="2024-06-03T12:28:54.600505" elapsed="0.000147"/>
</kw>
<arg>${json_data["results"][0]["location"]["coordinates"]["latitude"]} &gt;= -90 and ${json_data["results"][0]["location"]["coordinates"]["latitude"]} &lt;= 90</arg>
<arg>Should Be True</arg>
<arg>${True}</arg>
<doc>Runs the given keyword with the given arguments, if ``condition`` is true.</doc>
<status status="PASS" start="2024-06-03T12:28:54.599742" elapsed="0.001042"/>
</kw>
<kw name="Run Keyword If" owner="BuiltIn">
<kw name="Should Be True" owner="BuiltIn">
<arg>${True}</arg>
<doc>Fails if the given condition is not true.</doc>
<status status="PASS" start="2024-06-03T12:28:54.601687" elapsed="0.000142"/>
</kw>
<arg>${json_data["results"][0]["location"]["coordinates"]["longitude"]} &gt;= -180 and ${json_data["results"][0]["location"]["coordinates"]["longitude"]} &lt;= 180</arg>
<arg>Should Be True</arg>
<arg>${True}</arg>
<doc>Runs the given keyword with the given arguments, if ``condition`` is true.</doc>
<status status="PASS" start="2024-06-03T12:28:54.600980" elapsed="0.001001"/>
</kw>
<status status="PASS" start="2024-06-03T12:28:54.508775" elapsed="0.093344"/>
</kw>
<doc>Testa o conteúdo específico dos campos retornados pela API.</doc>
<tag>testeConteudo</tag>
<status status="PASS" start="2024-06-03T12:28:54.508140" elapsed="0.094135"/>
</test>
<status status="PASS" start="2024-06-03T12:28:53.774210" elapsed="0.830029"/>
</suite>
<status status="PASS" start="2024-06-03T12:28:53.760627" elapsed="0.848847"/>
</suite>
<statistics>
<total>
<stat pass="5" fail="0" skip="0">All Tests</stat>
</total>
<tag>
<stat pass="1" fail="0" skip="0">testeConteudo</stat>
<stat pass="1" fail="0" skip="0">testeEstruturaResposta</stat>
<stat pass="1" fail="0" skip="0">testeRequisicaoBasica</stat>
<stat pass="1" fail="0" skip="0">testeTiposDados</stat>
</tag>
<suite>
<stat pass="5" fail="0" skip="0" id="s1" name="Tests">Tests</stat>
<stat pass="5" fail="0" skip="0" id="s1-s1" name="Random-User-Test">Tests.Random-User-Test</stat>
</suite>
</statistics>
<errors>
</errors>
</robot>
