<?xml version="1.0" encoding="UTF-8"?>
<robot generator="Robot 7.0.1 (Python 3.12.4 on linux)" generated="2024-07-26T03:17:46.143207" rpa="false" schemaversion="5">
<suite id="s1" name="Tests" source="/home/runner/work/ApiRandomUser/ApiRandomUser/RamdonUser/tests">
<suite id="s1-s1" name="Random-User-Test" source="/home/runner/work/ApiRandomUser/ApiRandomUser/RamdonUser/tests/random-user-test.robot">
<test id="s1-s1-t1" name="Conectar" line="13">
<kw name="Conectar API" owner="random-user-service">
<kw name="Create Session" owner="RequestsLibrary">
<msg time="2024-07-26T03:17:46.544440" level="INFO">Creating Session using : alias=consultarAPI, url=https://randomuser.me/, headers={},                     cookies={}, auth=None, timeout=None, proxies=None, verify=False,                     debug=0 </msg>
<arg>consultarAPI</arg>
<arg>${URL}</arg>
<doc>Create Session: create a HTTP session to a server</doc>
<status status="PASS" start="2024-07-26T03:17:46.544240" elapsed="0.000380"/>
</kw>
<status status="PASS" start="2024-07-26T03:17:46.543189" elapsed="0.001810"/>
</kw>
<status status="PASS" start="2024-07-26T03:17:46.542578" elapsed="0.002615"/>
</test>
<test id="s1-s1-t2" name="Validar retorno 200 e JSON Válido" line="16">
<kw name="Teste de Requisicao Basica" owner="random-user-service">
<kw name="GET On Session" owner="RequestsLibrary">
<msg time="2024-07-26T03:17:46.773093" level="INFO">GET Request : url=https://randomuser.me/api 
 path_url=/api 
 headers={'User-Agent': 'python-requests/2.32.3', 'Accept-Encoding': 'gzip, deflate', 'Accept': '*/*', 'Connection': 'keep-alive'} 
 body=None 
 </msg>
<msg time="2024-07-26T03:17:46.773241" level="INFO">GET Response : url=https://randomuser.me/api 
 status=200, reason=OK 
 headers={'Date': 'Fri, 26 Jul 2024 03:17:46 GMT', 'Content-Type': 'application/json; charset=utf-8', 'Transfer-Encoding': 'chunked', 'Connection': 'keep-alive', 'X-Powered-By': 'Express', 'Access-Control-Allow-Origin': '*', 'Cache-Control': 'no-cache', 'ETag': 'W/"47b-pUbGXYNW0hL/gdOdZ06g4MPrJgU"', 'Vary': 'Accept-Encoding', 'Content-Encoding': 'gzip', 'CF-Cache-Status': 'DYNAMIC', 'Report-To': '{"endpoints":[{"url":"https:\\/\\/a.nel.cloudflare.com\\/report\\/v4?s=9vOdoUs1zxua8%2FrTafi3UfOyfXsn%2F89gx090nGx3QfGyGuvjBqsDjd%2FvkdgwqZ1dR9ggUvhJMu50vRvQUFwGeNeizPoKqizSMOuahCa1X7K7YI%2FAAINS6N4QoxUMJMlq"}],"group":"cf-nel","max_age":604800}', 'NEL': '{"success_fraction":0,"report_to":"cf-nel","max_age":604800}', 'Server': 'cloudflare', 'CF-RAY': '8a913d16cb8b9c19-IAD', 'alt-svc': 'h3=":443"; ma=86400'} 
 body={"results":[{"gender":"male","name":{"title":"Mr","first":"Upkaar","last":"Shetty"},"location":{"street":{"number":9351,"name":"Shakespeare Sarani"},"city":"Nangloi Jat","state":"Assam","country":"India","postcode":40778,"coordinates":{"latitude":"5.3355","longitude":"-37.1184"},"timezone":{"offset":"+9:30","description":"Adelaide, Darwin"}},"email":"upkaar.shetty@example.com","login":{"uuid":"eeeeda15-e147-4c49-bd78-8e4da2e3abf0","username":"heavylion606","password":"starfish","salt":"3fsCYpJT","md5":"c011df4db5f34c6b84559bb2690a5f26","sha1":"00e3b964254347de84d24da525cad9d29f88e0b2","sha256":"c153071057b40987639ceb0dd3e0eb28d414e8f8bbf076c52d4aed184a9b0559"},"dob":{"date":"1997-10-10T07:48:20.589Z","age":26},"registered":{"date":"2008-04-10T12:00:40.147Z","age":16},"phone":"8192679030","cell":"7696797316","id":{"name":"UIDAI","value":"113480186314"},"picture":{"large":"https://randomuser.me/api/portraits/men/82.jpg","medium":"https://randomuser.me/api/portraits/med/men/82.jpg","thumbnail":"https://randomuser.me/api/portraits/thumb/men/82.jpg"},"nat":"IN"}],"info":{"seed":"63c0aa97a6999f0d","results":1,"page":1,"version":"1.4"}} 
 </msg>
<msg time="2024-07-26T03:17:46.773323" level="INFO">/opt/hostedtoolcache/Python/3.12.4/x64/lib/python3.12/site-packages/urllib3/connectionpool.py:1099: InsecureRequestWarning: Unverified HTTPS request is being made to host 'randomuser.me'. Adding certificate verification is strongly advised. See: https://urllib3.readthedocs.io/en/latest/advanced-usage.html#tls-warnings
  warnings.warn(</msg>
<msg time="2024-07-26T03:17:46.773466" level="INFO">${response} = &lt;Response [200]&gt;</msg>
<var>${response}</var>
<arg>consultarAPI</arg>
<arg>/api</arg>
<doc>Sends a GET request on a previously created HTTP Session.</doc>
<status status="PASS" start="2024-07-26T03:17:46.547875" elapsed="0.225634"/>
</kw>
<kw name="Should Be Equal As Numbers" owner="BuiltIn">
<msg time="2024-07-26T03:17:46.774713" level="INFO">Argument types are:
&lt;class 'int'&gt;
&lt;class 'str'&gt;</msg>
<arg>${response.status_code}</arg>
<arg>200</arg>
<doc>Fails if objects are unequal after converting them to real numbers.</doc>
<status status="PASS" start="2024-07-26T03:17:46.774155" elapsed="0.000624"/>
</kw>
<kw name="Log" owner="BuiltIn">
<msg time="2024-07-26T03:17:46.775452" level="INFO">200</msg>
<arg>${response.status_code}</arg>
<doc>Logs the given message with the given level.</doc>
<status status="PASS" start="2024-07-26T03:17:46.775103" elapsed="0.000392"/>
</kw>
<kw name="Set Variable" owner="BuiltIn">
<msg time="2024-07-26T03:17:46.776299" level="INFO">${json_data} = {'results': [{'gender': 'male', 'name': {'title': 'Mr', 'first': 'Upkaar', 'last': 'Shetty'}, 'location': {'street': {'number': 9351, 'name': 'Shakespeare Sarani'}, 'city': 'Nangloi Jat', 'state': 'As...</msg>
<var>${json_data}</var>
<arg>${response.json()}</arg>
<doc>Returns the given values which can then be assigned to a variables.</doc>
<status status="PASS" start="2024-07-26T03:17:46.775851" elapsed="0.000478"/>
</kw>
<kw name="Dictionary Should Contain Key" owner="Collections">
<arg>${json_data}</arg>
<arg>results</arg>
<doc>Fails if ``key`` is not found from ``dictionary``.</doc>
<status status="PASS" start="2024-07-26T03:17:46.776635" elapsed="0.000332"/>
</kw>
<status status="PASS" start="2024-07-26T03:17:46.547622" elapsed="0.229511"/>
</kw>
<doc>Testa se a API responde corretamente e retorna um objeto JSON válido.</doc>
<tag>testeRequisicaoBasica</tag>
<status status="PASS" start="2024-07-26T03:17:46.547046" elapsed="0.230265"/>
</test>
<test id="s1-s1-t3" name="Validar estrutura de resposta" line="22">
<kw name="Teste de Estrutura de Resposta" owner="random-user-service">
<kw name="GET On Session" owner="RequestsLibrary">
<msg time="2024-07-26T03:17:46.852639" level="INFO">GET Request : url=https://randomuser.me/api 
 path_url=/api 
 headers={'User-Agent': 'python-requests/2.32.3', 'Accept-Encoding': 'gzip, deflate', 'Accept': '*/*', 'Connection': 'keep-alive'} 
 body=None 
 </msg>
<msg time="2024-07-26T03:17:46.852709" level="INFO">GET Response : url=https://randomuser.me/api 
 status=200, reason=OK 
 headers={'Date': 'Fri, 26 Jul 2024 03:17:46 GMT', 'Content-Type': 'application/json; charset=utf-8', 'Transfer-Encoding': 'chunked', 'Connection': 'keep-alive', 'X-Powered-By': 'Express', 'Access-Control-Allow-Origin': '*', 'Cache-Control': 'no-cache', 'ETag': 'W/"4a5-dPev82C3YzqQ1HR6wvRJH8aA0l4"', 'Vary': 'Accept-Encoding', 'Content-Encoding': 'gzip', 'CF-Cache-Status': 'DYNAMIC', 'Report-To': '{"endpoints":[{"url":"https:\\/\\/a.nel.cloudflare.com\\/report\\/v4?s=s2a54q3DAd29d8HplHA%2Bb%2FxLJaeFWpp4n0qSpy2%2B16BsGKusKy2D5dVKA8LQc%2BFiKpBMCTVysoFZf98EZvsyarCuhrBVRCVKMN1vTodU5k6%2FH7EaNRL4YyOpwotWc4O1"}],"group":"cf-nel","max_age":604800}', 'NEL': '{"success_fraction":0,"report_to":"cf-nel","max_age":604800}', 'Server': 'cloudflare', 'CF-RAY': '8a913d176bfd9c19-IAD', 'alt-svc': 'h3=":443"; ma=86400'} 
 body={"results":[{"gender":"male","name":{"title":"Mr","first":"Antonio","last":"Angulo"},"location":{"street":{"number":3742,"name":"Privada Somalia"},"city":"Patambán (Patambam)","state":"Campeche","country":"Mexico","postcode":58807,"coordinates":{"latitude":"29.0607","longitude":"-16.5058"},"timezone":{"offset":"-6:00","description":"Central Time (US &amp; Canada), Mexico City"}},"email":"antonio.angulo@example.com","login":{"uuid":"1035d918-8728-4da0-97b7-d9175c4153eb","username":"sadkoala884","password":"javier","salt":"FBjGYOah","md5":"a1c6252e1c68cf2dac77e4cd5e2e041d","sha1":"667225e12d9f89093037ae082d7d65b20c7c78ff","sha256":"473e31ac5468b50caf1236ba785f400846545f28b9e9d639dec9876801bc84a7"},"dob":{"date":"1980-01-19T06:09:35.447Z","age":44},"registered":{"date":"2004-02-17T01:13:43.276Z","age":20},"phone":"(637) 313 2866","cell":"(639) 143 7167","id":{"name":"NSS","value":"02 48 75 9332 0"},"picture":{"large":"https://randomuser.me/api/portraits/men/46.jpg","medium":"https://randomuser.me/api/portraits/med/men/46.jpg","thumbnail":"https://randomuser.me/api/portraits/thumb/men/46.jpg"},"nat":"MX"}],"info":{"seed":"128a0f96d458958d","results":1,"page":1,"version":"1.4"}} 
 </msg>
<msg time="2024-07-26T03:17:46.852815" level="INFO">/opt/hostedtoolcache/Python/3.12.4/x64/lib/python3.12/site-packages/urllib3/connectionpool.py:1099: InsecureRequestWarning: Unverified HTTPS request is being made to host 'randomuser.me'. Adding certificate verification is strongly advised. See: https://urllib3.readthedocs.io/en/latest/advanced-usage.html#tls-warnings
  warnings.warn(</msg>
<msg time="2024-07-26T03:17:46.852929" level="INFO">${response} = &lt;Response [200]&gt;</msg>
<var>${response}</var>
<arg>consultarAPI</arg>
<arg>/api</arg>
<doc>Sends a GET request on a previously created HTTP Session.</doc>
<status status="PASS" start="2024-07-26T03:17:46.780001" elapsed="0.072971"/>
</kw>
<kw name="Set Variable" owner="BuiltIn">
<msg time="2024-07-26T03:17:46.854042" level="INFO">${json_data} = {'results': [{'gender': 'male', 'name': {'title': 'Mr', 'first': 'Antonio', 'last': 'Angulo'}, 'location': {'street': {'number': 3742, 'name': 'Privada Somalia'}, 'city': 'Patambán (Patambam)', 'state...</msg>
<var>${json_data}</var>
<arg>${response.json()}</arg>
<doc>Returns the given values which can then be assigned to a variables.</doc>
<status status="PASS" start="2024-07-26T03:17:46.853448" elapsed="0.000624"/>
</kw>
<kw name="Log" owner="BuiltIn">
<msg time="2024-07-26T03:17:46.854554" level="INFO">{'results': [{'gender': 'male', 'name': {'title': 'Mr', 'first': 'Antonio', 'last': 'Angulo'}, 'location': {'street': {'number': 3742, 'name': 'Privada Somalia'}, 'city': 'Patambán (Patambam)', 'state': 'Campeche', 'country': 'Mexico', 'postcode': 58807, 'coordinates': {'latitude': '29.0607', 'longitude': '-16.5058'}, 'timezone': {'offset': '-6:00', 'description': 'Central Time (US &amp; Canada), Mexico City'}}, 'email': 'antonio.angulo@example.com', 'login': {'uuid': '1035d918-8728-4da0-97b7-d9175c4153eb', 'username': 'sadkoala884', 'password': 'javier', 'salt': 'FBjGYOah', 'md5': 'a1c6252e1c68cf2dac77e4cd5e2e041d', 'sha1': '667225e12d9f89093037ae082d7d65b20c7c78ff', 'sha256': '473e31ac5468b50caf1236ba785f400846545f28b9e9d639dec9876801bc84a7'}, 'dob': {'date': '1980-01-19T06:09:35.447Z', 'age': 44}, 'registered': {'date': '2004-02-17T01:13:43.276Z', 'age': 20}, 'phone': '(637) 313 2866', 'cell': '(639) 143 7167', 'id': {'name': 'NSS', 'value': '02 48 75 9332 0'}, 'picture': {'large': 'https://randomuser.me/api/portraits/men/46.jpg', 'medium': 'https://randomuser.me/api/portraits/med/men/46.jpg', 'thumbnail': 'https://randomuser.me/api/portraits/thumb/men/46.jpg'}, 'nat': 'MX'}], 'info': {'seed': '128a0f96d458958d', 'results': 1, 'page': 1, 'version': '1.4'}}</msg>
<arg>${json_data}</arg>
<doc>Logs the given message with the given level.</doc>
<status status="PASS" start="2024-07-26T03:17:46.854384" elapsed="0.000222"/>
</kw>
<kw name="Dictionary Should Contain Key" owner="Collections">
<arg>${json_data}</arg>
<arg>results</arg>
<doc>Fails if ``key`` is not found from ``dictionary``.</doc>
<status status="PASS" start="2024-07-26T03:17:46.854906" elapsed="0.000169"/>
</kw>
<kw name="Should Not Be Empty" owner="BuiltIn">
<msg time="2024-07-26T03:17:46.855388" level="INFO">Length is 2.</msg>
<arg>${json_data}</arg>
<doc>Verifies that the given item is not empty.</doc>
<status status="PASS" start="2024-07-26T03:17:46.855260" elapsed="0.000167"/>
</kw>
<kw name="Create List" owner="BuiltIn">
<msg time="2024-07-26T03:17:46.855913" level="INFO">${expected_keys} = ['gender', 'name', 'location', 'email', 'login']</msg>
<var>${expected_keys}</var>
<arg>gender</arg>
<arg>name</arg>
<arg>location</arg>
<arg>email</arg>
<arg>login</arg>
<doc>Returns a list containing given items.</doc>
<status status="PASS" start="2024-07-26T03:17:46.855755" elapsed="0.000183"/>
</kw>
<for flavor="IN">
<iter>
<kw name="Dictionary Should Contain Key" owner="Collections">
<arg>${json_data['results'][0]}</arg>
<arg>${key}</arg>
<doc>Fails if ``key`` is not found from ``dictionary``.</doc>
<status status="PASS" start="2024-07-26T03:17:46.856521" elapsed="0.000407"/>
</kw>
<kw name="Log" owner="BuiltIn">
<msg time="2024-07-26T03:17:46.857487" level="INFO">{'gender': 'male', 'name': {'title': 'Mr', 'first': 'Antonio', 'last': 'Angulo'}, 'location': {'street': {'number': 3742, 'name': 'Privada Somalia'}, 'city': 'Patambán (Patambam)', 'state': 'Campeche', 'country': 'Mexico', 'postcode': 58807, 'coordinates': {'latitude': '29.0607', 'longitude': '-16.5058'}, 'timezone': {'offset': '-6:00', 'description': 'Central Time (US &amp; Canada), Mexico City'}}, 'email': 'antonio.angulo@example.com', 'login': {'uuid': '1035d918-8728-4da0-97b7-d9175c4153eb', 'username': 'sadkoala884', 'password': 'javier', 'salt': 'FBjGYOah', 'md5': 'a1c6252e1c68cf2dac77e4cd5e2e041d', 'sha1': '667225e12d9f89093037ae082d7d65b20c7c78ff', 'sha256': '473e31ac5468b50caf1236ba785f400846545f28b9e9d639dec9876801bc84a7'}, 'dob': {'date': '1980-01-19T06:09:35.447Z', 'age': 44}, 'registered': {'date': '2004-02-17T01:13:43.276Z', 'age': 20}, 'phone': '(637) 313 2866', 'cell': '(639) 143 7167', 'id': {'name': 'NSS', 'value': '02 48 75 9332 0'}, 'picture': {'large': 'https://randomuser.me/api/portraits/men/46.jpg', 'medium': 'https://randomuser.me/api/portraits/med/men/46.jpg', 'thumbnail': 'https://randomuser.me/api/portraits/thumb/men/46.jpg'}, 'nat': 'MX'}</msg>
<arg>${json_data['results'][0]}</arg>
<doc>Logs the given message with the given level.</doc>
<status status="PASS" start="2024-07-26T03:17:46.857122" elapsed="0.000417"/>
</kw>
<kw name="Log" owner="BuiltIn">
<msg time="2024-07-26T03:17:46.857974" level="INFO">gender</msg>
<arg>${key}</arg>
<doc>Logs the given message with the given level.</doc>
<status status="PASS" start="2024-07-26T03:17:46.857842" elapsed="0.000171"/>
</kw>
<var name="${key}">gender</var>
<status status="PASS" start="2024-07-26T03:17:46.856391" elapsed="0.001837"/>
</iter>
<iter>
<kw name="Dictionary Should Contain Key" owner="Collections">
<arg>${json_data['results'][0]}</arg>
<arg>${key}</arg>
<doc>Fails if ``key`` is not found from ``dictionary``.</doc>
<status status="PASS" start="2024-07-26T03:17:46.858526" elapsed="0.000388"/>
</kw>
<kw name="Log" owner="BuiltIn">
<msg time="2024-07-26T03:17:46.859496" level="INFO">{'gender': 'male', 'name': {'title': 'Mr', 'first': 'Antonio', 'last': 'Angulo'}, 'location': {'street': {'number': 3742, 'name': 'Privada Somalia'}, 'city': 'Patambán (Patambam)', 'state': 'Campeche', 'country': 'Mexico', 'postcode': 58807, 'coordinates': {'latitude': '29.0607', 'longitude': '-16.5058'}, 'timezone': {'offset': '-6:00', 'description': 'Central Time (US &amp; Canada), Mexico City'}}, 'email': 'antonio.angulo@example.com', 'login': {'uuid': '1035d918-8728-4da0-97b7-d9175c4153eb', 'username': 'sadkoala884', 'password': 'javier', 'salt': 'FBjGYOah', 'md5': 'a1c6252e1c68cf2dac77e4cd5e2e041d', 'sha1': '667225e12d9f89093037ae082d7d65b20c7c78ff', 'sha256': '473e31ac5468b50caf1236ba785f400846545f28b9e9d639dec9876801bc84a7'}, 'dob': {'date': '1980-01-19T06:09:35.447Z', 'age': 44}, 'registered': {'date': '2004-02-17T01:13:43.276Z', 'age': 20}, 'phone': '(637) 313 2866', 'cell': '(639) 143 7167', 'id': {'name': 'NSS', 'value': '02 48 75 9332 0'}, 'picture': {'large': 'https://randomuser.me/api/portraits/men/46.jpg', 'medium': 'https://randomuser.me/api/portraits/med/men/46.jpg', 'thumbnail': 'https://randomuser.me/api/portraits/thumb/men/46.jpg'}, 'nat': 'MX'}</msg>
<arg>${json_data['results'][0]}</arg>
<doc>Logs the given message with the given level.</doc>
<status status="PASS" start="2024-07-26T03:17:46.859130" elapsed="0.000451"/>
</kw>
<kw name="Log" owner="BuiltIn">
<msg time="2024-07-26T03:17:46.860023" level="INFO">name</msg>
<arg>${key}</arg>
<doc>Logs the given message with the given level.</doc>
<status status="PASS" start="2024-07-26T03:17:46.859885" elapsed="0.000188"/>
</kw>
<var name="${key}">name</var>
<status status="PASS" start="2024-07-26T03:17:46.858414" elapsed="0.001880"/>
</iter>
<iter>
<kw name="Dictionary Should Contain Key" owner="Collections">
<arg>${json_data['results'][0]}</arg>
<arg>${key}</arg>
<doc>Fails if ``key`` is not found from ``dictionary``.</doc>
<status status="PASS" start="2024-07-26T03:17:46.860594" elapsed="0.000399"/>
</kw>
<kw name="Log" owner="BuiltIn">
<msg time="2024-07-26T03:17:46.861538" level="INFO">{'gender': 'male', 'name': {'title': 'Mr', 'first': 'Antonio', 'last': 'Angulo'}, 'location': {'street': {'number': 3742, 'name': 'Privada Somalia'}, 'city': 'Patambán (Patambam)', 'state': 'Campeche', 'country': 'Mexico', 'postcode': 58807, 'coordinates': {'latitude': '29.0607', 'longitude': '-16.5058'}, 'timezone': {'offset': '-6:00', 'description': 'Central Time (US &amp; Canada), Mexico City'}}, 'email': 'antonio.angulo@example.com', 'login': {'uuid': '1035d918-8728-4da0-97b7-d9175c4153eb', 'username': 'sadkoala884', 'password': 'javier', 'salt': 'FBjGYOah', 'md5': 'a1c6252e1c68cf2dac77e4cd5e2e041d', 'sha1': '667225e12d9f89093037ae082d7d65b20c7c78ff', 'sha256': '473e31ac5468b50caf1236ba785f400846545f28b9e9d639dec9876801bc84a7'}, 'dob': {'date': '1980-01-19T06:09:35.447Z', 'age': 44}, 'registered': {'date': '2004-02-17T01:13:43.276Z', 'age': 20}, 'phone': '(637) 313 2866', 'cell': '(639) 143 7167', 'id': {'name': 'NSS', 'value': '02 48 75 9332 0'}, 'picture': {'large': 'https://randomuser.me/api/portraits/men/46.jpg', 'medium': 'https://randomuser.me/api/portraits/med/men/46.jpg', 'thumbnail': 'https://randomuser.me/api/portraits/thumb/men/46.jpg'}, 'nat': 'MX'}</msg>
<arg>${json_data['results'][0]}</arg>
<doc>Logs the given message with the given level.</doc>
<status status="PASS" start="2024-07-26T03:17:46.861184" elapsed="0.000406"/>
</kw>
<kw name="Log" owner="BuiltIn">
<msg time="2024-07-26T03:17:46.862022" level="INFO">location</msg>
<arg>${key}</arg>
<doc>Logs the given message with the given level.</doc>
<status status="PASS" start="2024-07-26T03:17:46.861891" elapsed="0.000170"/>
</kw>
<var name="${key}">location</var>
<status status="PASS" start="2024-07-26T03:17:46.860469" elapsed="0.001809"/>
</iter>
<iter>
<kw name="Dictionary Should Contain Key" owner="Collections">
<arg>${json_data['results'][0]}</arg>
<arg>${key}</arg>
<doc>Fails if ``key`` is not found from ``dictionary``.</doc>
<status status="PASS" start="2024-07-26T03:17:46.862557" elapsed="0.000377"/>
</kw>
<kw name="Log" owner="BuiltIn">
<msg time="2024-07-26T03:17:46.863621" level="INFO">{'gender': 'male', 'name': {'title': 'Mr', 'first': 'Antonio', 'last': 'Angulo'}, 'location': {'street': {'number': 3742, 'name': 'Privada Somalia'}, 'city': 'Patambán (Patambam)', 'state': 'Campeche', 'country': 'Mexico', 'postcode': 58807, 'coordinates': {'latitude': '29.0607', 'longitude': '-16.5058'}, 'timezone': {'offset': '-6:00', 'description': 'Central Time (US &amp; Canada), Mexico City'}}, 'email': 'antonio.angulo@example.com', 'login': {'uuid': '1035d918-8728-4da0-97b7-d9175c4153eb', 'username': 'sadkoala884', 'password': 'javier', 'salt': 'FBjGYOah', 'md5': 'a1c6252e1c68cf2dac77e4cd5e2e041d', 'sha1': '667225e12d9f89093037ae082d7d65b20c7c78ff', 'sha256': '473e31ac5468b50caf1236ba785f400846545f28b9e9d639dec9876801bc84a7'}, 'dob': {'date': '1980-01-19T06:09:35.447Z', 'age': 44}, 'registered': {'date': '2004-02-17T01:13:43.276Z', 'age': 20}, 'phone': '(637) 313 2866', 'cell': '(639) 143 7167', 'id': {'name': 'NSS', 'value': '02 48 75 9332 0'}, 'picture': {'large': 'https://randomuser.me/api/portraits/men/46.jpg', 'medium': 'https://randomuser.me/api/portraits/med/men/46.jpg', 'thumbnail': 'https://randomuser.me/api/portraits/thumb/men/46.jpg'}, 'nat': 'MX'}</msg>
<arg>${json_data['results'][0]}</arg>
<doc>Logs the given message with the given level.</doc>
<status status="PASS" start="2024-07-26T03:17:46.863235" elapsed="0.000447"/>
</kw>
<kw name="Log" owner="BuiltIn">
<msg time="2024-07-26T03:17:46.864122" level="INFO">email</msg>
<arg>${key}</arg>
<doc>Logs the given message with the given level.</doc>
<status status="PASS" start="2024-07-26T03:17:46.863987" elapsed="0.000174"/>
</kw>
<var name="${key}">email</var>
<status status="PASS" start="2024-07-26T03:17:46.862449" elapsed="0.001929"/>
</iter>
<iter>
<kw name="Dictionary Should Contain Key" owner="Collections">
<arg>${json_data['results'][0]}</arg>
<arg>${key}</arg>
<doc>Fails if ``key`` is not found from ``dictionary``.</doc>
<status status="PASS" start="2024-07-26T03:17:46.864663" elapsed="0.000377"/>
</kw>
<kw name="Log" owner="BuiltIn">
<msg time="2024-07-26T03:17:46.865577" level="INFO">{'gender': 'male', 'name': {'title': 'Mr', 'first': 'Antonio', 'last': 'Angulo'}, 'location': {'street': {'number': 3742, 'name': 'Privada Somalia'}, 'city': 'Patambán (Patambam)', 'state': 'Campeche', 'country': 'Mexico', 'postcode': 58807, 'coordinates': {'latitude': '29.0607', 'longitude': '-16.5058'}, 'timezone': {'offset': '-6:00', 'description': 'Central Time (US &amp; Canada), Mexico City'}}, 'email': 'antonio.angulo@example.com', 'login': {'uuid': '1035d918-8728-4da0-97b7-d9175c4153eb', 'username': 'sadkoala884', 'password': 'javier', 'salt': 'FBjGYOah', 'md5': 'a1c6252e1c68cf2dac77e4cd5e2e041d', 'sha1': '667225e12d9f89093037ae082d7d65b20c7c78ff', 'sha256': '473e31ac5468b50caf1236ba785f400846545f28b9e9d639dec9876801bc84a7'}, 'dob': {'date': '1980-01-19T06:09:35.447Z', 'age': 44}, 'registered': {'date': '2004-02-17T01:13:43.276Z', 'age': 20}, 'phone': '(637) 313 2866', 'cell': '(639) 143 7167', 'id': {'name': 'NSS', 'value': '02 48 75 9332 0'}, 'picture': {'large': 'https://randomuser.me/api/portraits/men/46.jpg', 'medium': 'https://randomuser.me/api/portraits/med/men/46.jpg', 'thumbnail': 'https://randomuser.me/api/portraits/thumb/men/46.jpg'}, 'nat': 'MX'}</msg>
<arg>${json_data['results'][0]}</arg>
<doc>Logs the given message with the given level.</doc>
<status status="PASS" start="2024-07-26T03:17:46.865222" elapsed="0.000406"/>
</kw>
<kw name="Log" owner="BuiltIn">
<msg time="2024-07-26T03:17:46.866052" level="INFO">login</msg>
<arg>${key}</arg>
<doc>Logs the given message with the given level.</doc>
<status status="PASS" start="2024-07-26T03:17:46.865922" elapsed="0.000168"/>
</kw>
<var name="${key}">login</var>
<status status="PASS" start="2024-07-26T03:17:46.864552" elapsed="0.001751"/>
</iter>
<var>${key}</var>
<value>@{expected_keys}</value>
<status status="PASS" start="2024-07-26T03:17:46.856202" elapsed="0.010246"/>
</for>
<kw name="Create List" owner="BuiltIn">
<msg time="2024-07-26T03:17:46.866786" level="INFO">${expected_keysTwo} = ['username', 'password']</msg>
<var>${expected_keysTwo}</var>
<arg>username</arg>
<arg>password</arg>
<doc>Returns a list containing given items.</doc>
<status status="PASS" start="2024-07-26T03:17:46.866649" elapsed="0.000161"/>
</kw>
<for flavor="IN">
<iter>
<kw name="Dictionary Should Contain Key" owner="Collections">
<arg>${json_data['results'][0]['login']}</arg>
<arg>${keyTwo}</arg>
<doc>Fails if ``key`` is not found from ``dictionary``.</doc>
<status status="PASS" start="2024-07-26T03:17:46.867304" elapsed="0.000426"/>
</kw>
<kw name="Dictionary Should Contain Key" owner="Collections">
<arg>${json_data['results'][0]['login']}</arg>
<arg>${keyTwo}</arg>
<doc>Fails if ``key`` is not found from ``dictionary``.</doc>
<status status="PASS" start="2024-07-26T03:17:46.867911" elapsed="0.000373"/>
</kw>
<kw name="Log" owner="BuiltIn">
<msg time="2024-07-26T03:17:46.868588" level="INFO">username</msg>
<arg>${keyTwo}</arg>
<doc>Logs the given message with the given level.</doc>
<status status="PASS" start="2024-07-26T03:17:46.868465" elapsed="0.000160"/>
</kw>
<var name="${keyTwo}">username</var>
<status status="PASS" start="2024-07-26T03:17:46.867196" elapsed="0.001647"/>
</iter>
<iter>
<kw name="Dictionary Should Contain Key" owner="Collections">
<arg>${json_data['results'][0]['login']}</arg>
<arg>${keyTwo}</arg>
<doc>Fails if ``key`` is not found from ``dictionary``.</doc>
<status status="PASS" start="2024-07-26T03:17:46.869125" elapsed="0.000383"/>
</kw>
<kw name="Dictionary Should Contain Key" owner="Collections">
<arg>${json_data['results'][0]['login']}</arg>
<arg>${keyTwo}</arg>
<doc>Fails if ``key`` is not found from ``dictionary``.</doc>
<status status="PASS" start="2024-07-26T03:17:46.869685" elapsed="0.000374"/>
</kw>
<kw name="Log" owner="BuiltIn">
<msg time="2024-07-26T03:17:46.870363" level="INFO">password</msg>
<arg>${keyTwo}</arg>
<doc>Logs the given message with the given level.</doc>
<status status="PASS" start="2024-07-26T03:17:46.870235" elapsed="0.000167"/>
</kw>
<var name="${keyTwo}">password</var>
<status status="PASS" start="2024-07-26T03:17:46.869012" elapsed="0.001610"/>
</iter>
<var>${keyTwo}</var>
<value>@{expected_keysTwo}</value>
<status status="PASS" start="2024-07-26T03:17:46.867045" elapsed="0.003696"/>
</for>
<status status="PASS" start="2024-07-26T03:17:46.779760" elapsed="0.091121"/>
</kw>
<doc>Testa a estrutura da resposta da API.</doc>
<tag>testeEstruturaResposta</tag>
<status status="PASS" start="2024-07-26T03:17:46.779131" elapsed="0.091898"/>
</test>
<test id="s1-s1-t4" name="Validar tipos de dados" line="28">
<kw name="Teste de Tipos de Dados" owner="random-user-service">
<kw name="GET On Session" owner="RequestsLibrary">
<msg time="2024-07-26T03:17:47.316965" level="INFO">GET Request : url=https://randomuser.me/api 
 path_url=/api 
 headers={'User-Agent': 'python-requests/2.32.3', 'Accept-Encoding': 'gzip, deflate', 'Accept': '*/*', 'Connection': 'keep-alive'} 
 body=None 
 </msg>
<msg time="2024-07-26T03:17:47.317064" level="INFO">GET Response : url=https://randomuser.me/api 
 status=200, reason=OK 
 headers={'Date': 'Fri, 26 Jul 2024 03:17:47 GMT', 'Content-Type': 'application/json; charset=utf-8', 'Transfer-Encoding': 'chunked', 'Connection': 'keep-alive', 'X-Powered-By': 'Express', 'Access-Control-Allow-Origin': '*', 'Cache-Control': 'no-cache', 'ETag': 'W/"4ac-I3kb2mX5YhkshPdA7ruQ2ulRzXs"', 'Vary': 'Accept-Encoding', 'Content-Encoding': 'gzip', 'CF-Cache-Status': 'DYNAMIC', 'Report-To': '{"endpoints":[{"url":"https:\\/\\/a.nel.cloudflare.com\\/report\\/v4?s=aLmLF6rESdW%2FjRfT4nfjj97Q8zZcQ7eS6A5GDczGwUt%2FF35vWJcav5Ixz1XeILqMUSqmA1mzuxUpTTekyrglXda7tArHjVijwvwGLcDotgNYQCvDjvRexMllL0rjsmJu"}],"group":"cf-nel","max_age":604800}', 'NEL': '{"success_fraction":0,"report_to":"cf-nel","max_age":604800}', 'Server': 'cloudflare', 'CF-RAY': '8a913d17fc729c19-IAD', 'alt-svc': 'h3=":443"; ma=86400'} 
 body={"results":[{"gender":"male","name":{"title":"Mr","first":"علی رضا","last":"کریمی"},"location":{"street":{"number":3610,"name":"واعظی"},"city":"خرم‌آباد","state":"چهارمحال و بختیاری","country":"Iran","postcode":82795,"coordinates":{"latitude":"14.5290","longitude":"-175.2176"},"timezone":{"offset":"+10:00","description":"Eastern Australia, Guam, Vladivostok"}},"email":"aalyrd.khrymy@example.com","login":{"uuid":"aef5d5cc-8413-427d-b9b2-bf070f28cddf","username":"silverdog719","password":"million","salt":"HqgolC2T","md5":"726046fabaef24ea96d180975eed5ca7","sha1":"69aec44bfbd8a50cf9e8057dc34818d9bcfa3b28","sha256":"8b9a558716ce25010328cab1f874a82747a66b974c9f5dba2fcaf4f58f348847"},"dob":{"date":"1998-12-05T00:31:56.144Z","age":25},"registered":{"date":"2002-05-27T14:06:15.586Z","age":22},"phone":"009-15788901","cell":"0986-531-4902","id":{"name":"","value":null},"picture":{"large":"https://randomuser.me/api/portraits/men/44.jpg","medium":"https://randomuser.me/api/portraits/med/men/44.jpg","thumbnail":"https://randomuser.me/api/portraits/thumb/men/44.jpg"},"nat":"IR"}],"info":{"seed":"468d366ac3e59842","results":1,"page":1,"version":"1.4"}} 
 </msg>
<msg time="2024-07-26T03:17:47.317137" level="INFO">/opt/hostedtoolcache/Python/3.12.4/x64/lib/python3.12/site-packages/urllib3/connectionpool.py:1099: InsecureRequestWarning: Unverified HTTPS request is being made to host 'randomuser.me'. Adding certificate verification is strongly advised. See: https://urllib3.readthedocs.io/en/latest/advanced-usage.html#tls-warnings
  warnings.warn(</msg>
<msg time="2024-07-26T03:17:47.317265" level="INFO">${response} = &lt;Response [200]&gt;</msg>
<var>${response}</var>
<arg>consultarAPI</arg>
<arg>/api</arg>
<doc>Sends a GET request on a previously created HTTP Session.</doc>
<status status="PASS" start="2024-07-26T03:17:46.873538" elapsed="0.443770"/>
</kw>
<kw name="Set Variable" owner="BuiltIn">
<msg time="2024-07-26T03:17:47.318565" level="INFO">${json_data} = {'results': [{'gender': 'male', 'name': {'title': 'Mr', 'first': 'علی رضا', 'last': 'کریمی'}, 'location': {'street': {'number': 3610, 'name': 'واعظی'}, 'city': 'خرم\u200cآباد', 'state': 'چهارمحال و بخ...</msg>
<var>${json_data}</var>
<arg>${response.json()}</arg>
<doc>Returns the given values which can then be assigned to a variables.</doc>
<status status="PASS" start="2024-07-26T03:17:47.317976" elapsed="0.000619"/>
</kw>
<kw name="Log" owner="BuiltIn">
<msg time="2024-07-26T03:17:47.319073" level="INFO">{'results': [{'gender': 'male', 'name': {'title': 'Mr', 'first': 'علی رضا', 'last': 'کریمی'}, 'location': {'street': {'number': 3610, 'name': 'واعظی'}, 'city': 'خرم\u200cآباد', 'state': 'چهارمحال و بختیاری', 'country': 'Iran', 'postcode': 82795, 'coordinates': {'latitude': '14.5290', 'longitude': '-175.2176'}, 'timezone': {'offset': '+10:00', 'description': 'Eastern Australia, Guam, Vladivostok'}}, 'email': 'aalyrd.khrymy@example.com', 'login': {'uuid': 'aef5d5cc-8413-427d-b9b2-bf070f28cddf', 'username': 'silverdog719', 'password': 'million', 'salt': 'HqgolC2T', 'md5': '726046fabaef24ea96d180975eed5ca7', 'sha1': '69aec44bfbd8a50cf9e8057dc34818d9bcfa3b28', 'sha256': '8b9a558716ce25010328cab1f874a82747a66b974c9f5dba2fcaf4f58f348847'}, 'dob': {'date': '1998-12-05T00:31:56.144Z', 'age': 25}, 'registered': {'date': '2002-05-27T14:06:15.586Z', 'age': 22}, 'phone': '009-15788901', 'cell': '0986-531-4902', 'id': {'name': '', 'value': None}, 'picture': {'large': 'https://randomuser.me/api/portraits/men/44.jpg', 'medium': 'https://randomuser.me/api/portraits/med/men/44.jpg', 'thumbnail': 'https://randomuser.me/api/portraits/thumb/men/44.jpg'}, 'nat': 'IR'}], 'info': {'seed': '468d366ac3e59842', 'results': 1, 'page': 1, 'version': '1.4'}}</msg>
<arg>${json_data}</arg>
<doc>Logs the given message with the given level.</doc>
<status status="PASS" start="2024-07-26T03:17:47.318908" elapsed="0.000216"/>
</kw>
<kw name="Should Be String" owner="String">
<arg>${json_data['results'][0]['gender']}</arg>
<doc>Fails if the given ``item`` is not a string.</doc>
<status status="PASS" start="2024-07-26T03:17:47.319420" elapsed="0.000442"/>
</kw>
<kw name="Should Match Regexp" owner="BuiltIn">
<arg>${json_data['results'][0]['email']}</arg>
<arg>^[a-zA-Z0-9._%+-]+@[a-zA-Z0-9.-]+\.[a-zA-Z]{2,}$</arg>
<doc>Fails if ``string`` does not match ``pattern`` as a regular expression.</doc>
<status status="PASS" start="2024-07-26T03:17:47.320062" elapsed="0.000512"/>
</kw>
<kw name="Should Match Regexp" owner="BuiltIn">
<arg>${json_data['results'][0]['dob']['date']}</arg>
<arg>\\d{4}-\\d{2}-\\d{2}T\\d{2}:\\d{2}:\\d{2}\\.\\d{3}Z</arg>
<doc>Fails if ``string`` does not match ``pattern`` as a regular expression.</doc>
<status status="PASS" start="2024-07-26T03:17:47.320769" elapsed="0.000633"/>
</kw>
<kw name="Should Match Regexp" owner="BuiltIn">
<arg>${json_data['results'][0]['registered']['date']}</arg>
<arg>\\d{4}-\\d{2}-\\d{2}T\\d{2}:\\d{2}:\\d{2}\\.\\d{3}Z</arg>
<doc>Fails if ``string`` does not match ``pattern`` as a regular expression.</doc>
<status status="PASS" start="2024-07-26T03:17:47.321596" elapsed="0.000374"/>
</kw>
<kw name="Should Match Regexp" owner="BuiltIn">
<arg>${json_data['results'][0]['picture']['large']}</arg>
<arg>^https?://.*\.(?:png|jpe?g|gif|bmp)$</arg>
<doc>Fails if ``string`` does not match ``pattern`` as a regular expression.</doc>
<status status="PASS" start="2024-07-26T03:17:47.322156" elapsed="0.000458"/>
</kw>
<kw name="Should Match Regexp" owner="BuiltIn">
<arg>${json_data['results'][0]['picture']['medium']}</arg>
<arg>^https?://.*\.(?:png|jpe?g|gif|bmp)$</arg>
<doc>Fails if ``string`` does not match ``pattern`` as a regular expression.</doc>
<status status="PASS" start="2024-07-26T03:17:47.322800" elapsed="0.000352"/>
</kw>
<kw name="Should Match Regexp" owner="BuiltIn">
<arg>${json_data['results'][0]['picture']['thumbnail']}</arg>
<arg>^https?://.*\.(?:png|jpe?g|gif|bmp)$</arg>
<doc>Fails if ``string`` does not match ``pattern`` as a regular expression.</doc>
<status status="PASS" start="2024-07-26T03:17:47.323341" elapsed="0.000377"/>
</kw>
<kw name="Log" owner="BuiltIn">
<msg time="2024-07-26T03:17:47.324230" level="INFO">{'large': 'https://randomuser.me/api/portraits/men/44.jpg', 'medium': 'https://randomuser.me/api/portraits/med/men/44.jpg', 'thumbnail': 'https://randomuser.me/api/portraits/thumb/men/44.jpg'}</msg>
<arg>${json_data['results'][0]['picture']}</arg>
<doc>Logs the given message with the given level.</doc>
<status status="PASS" start="2024-07-26T03:17:47.323898" elapsed="0.000375"/>
</kw>
<status status="PASS" start="2024-07-26T03:17:46.873314" elapsed="0.451218"/>
</kw>
<kw name="Teste de Tipos de Dados - Postcode" owner="random-user-service">
<kw name="GET On Session" owner="RequestsLibrary">
<msg time="2024-07-26T03:17:47.678033" level="INFO">GET Request : url=https://randomuser.me/api 
 path_url=/api 
 headers={'User-Agent': 'python-requests/2.32.3', 'Accept-Encoding': 'gzip, deflate', 'Accept': '*/*', 'Connection': 'keep-alive'} 
 body=None 
 </msg>
<msg time="2024-07-26T03:17:47.678121" level="INFO">GET Response : url=https://randomuser.me/api 
 status=200, reason=OK 
 headers={'Date': 'Fri, 26 Jul 2024 03:17:47 GMT', 'Content-Type': 'application/json; charset=utf-8', 'Transfer-Encoding': 'chunked', 'Connection': 'keep-alive', 'X-Powered-By': 'Express', 'Access-Control-Allow-Origin': '*', 'Cache-Control': 'no-cache', 'ETag': 'W/"479-9Re5/hKp15r1gsiE7afViOpwZjk"', 'Vary': 'Accept-Encoding', 'Content-Encoding': 'gzip', 'CF-Cache-Status': 'DYNAMIC', 'Report-To': '{"endpoints":[{"url":"https:\\/\\/a.nel.cloudflare.com\\/report\\/v4?s=PSgwilOSNGAbNafJOgEMelkP09aGuy%2B%2BUBBChCKxgyD6RNH8f7VM7rsWBUPf8NdnWxNDmcp4rwYVBZmtqnPVuyJwbniGofmYsPlVbdUO%2FvdVdhPlJDkJ9XQJTiHxs7Px"}],"group":"cf-nel","max_age":604800}', 'NEL': '{"success_fraction":0,"report_to":"cf-nel","max_age":604800}', 'Server': 'cloudflare', 'CF-RAY': '8a913d1ace8f9c19-IAD', 'alt-svc': 'h3=":443"; ma=86400'} 
 body={"results":[{"gender":"female","name":{"title":"Miss","first":"Daniela","last":"Montero"},"location":{"street":{"number":4218,"name":"Calle del Pez"},"city":"Lugo","state":"Canarias","country":"Spain","postcode":14992,"coordinates":{"latitude":"-38.1565","longitude":"64.4148"},"timezone":{"offset":"-10:00","description":"Hawaii"}},"email":"daniela.montero@example.com","login":{"uuid":"49416c72-0d94-4a89-b749-1563911da369","username":"organicbutterfly385","password":"diva","salt":"2KtQHKmB","md5":"dd98708e6d39003edf85f98cfb49de7b","sha1":"a1d72cb36afad8fd099d8d3b1e7c8d88dbb32bee","sha256":"f5521e0960bb13cf743e1cf1994640d1d636ff4c9a80ad971935908d9d250d46"},"dob":{"date":"1968-06-22T18:58:24.766Z","age":56},"registered":{"date":"2006-01-11T23:23:19.063Z","age":18},"phone":"910-861-457","cell":"650-418-696","id":{"name":"DNI","value":"95230204-K"},"picture":{"large":"https://randomuser.me/api/portraits/women/55.jpg","medium":"https://randomuser.me/api/portraits/med/women/55.jpg","thumbnail":"https://randomuser.me/api/portraits/thumb/women/55.jpg"},"nat":"ES"}],"info":{"seed":"e1ec379233196bb6","results":1,"page":1,"version":"1.4"}} 
 </msg>
<msg time="2024-07-26T03:17:47.678193" level="INFO">/opt/hostedtoolcache/Python/3.12.4/x64/lib/python3.12/site-packages/urllib3/connectionpool.py:1099: InsecureRequestWarning: Unverified HTTPS request is being made to host 'randomuser.me'. Adding certificate verification is strongly advised. See: https://urllib3.readthedocs.io/en/latest/advanced-usage.html#tls-warnings
  warnings.warn(</msg>
<msg time="2024-07-26T03:17:47.678329" level="INFO">${response} = &lt;Response [200]&gt;</msg>
<var>${response}</var>
<arg>consultarAPI</arg>
<arg>/api</arg>
<doc>Sends a GET request on a previously created HTTP Session.</doc>
<status status="PASS" start="2024-07-26T03:17:47.324991" elapsed="0.353387"/>
</kw>
<kw name="Set Variable" owner="BuiltIn">
<msg time="2024-07-26T03:17:47.679251" level="INFO">${json_data} = {'results': [{'gender': 'female', 'name': {'title': 'Miss', 'first': 'Daniela', 'last': 'Montero'}, 'location': {'street': {'number': 4218, 'name': 'Calle del Pez'}, 'city': 'Lugo', 'state': 'Canarias...</msg>
<var>${json_data}</var>
<arg>${response.json()}</arg>
<doc>Returns the given values which can then be assigned to a variables.</doc>
<status status="PASS" start="2024-07-26T03:17:47.678784" elapsed="0.000495"/>
</kw>
<kw name="Log" owner="BuiltIn">
<msg time="2024-07-26T03:17:47.679796" level="INFO">{'results': [{'gender': 'female', 'name': {'title': 'Miss', 'first': 'Daniela', 'last': 'Montero'}, 'location': {'street': {'number': 4218, 'name': 'Calle del Pez'}, 'city': 'Lugo', 'state': 'Canarias', 'country': 'Spain', 'postcode': 14992, 'coordinates': {'latitude': '-38.1565', 'longitude': '64.4148'}, 'timezone': {'offset': '-10:00', 'description': 'Hawaii'}}, 'email': 'daniela.montero@example.com', 'login': {'uuid': '49416c72-0d94-4a89-b749-1563911da369', 'username': 'organicbutterfly385', 'password': 'diva', 'salt': '2KtQHKmB', 'md5': 'dd98708e6d39003edf85f98cfb49de7b', 'sha1': 'a1d72cb36afad8fd099d8d3b1e7c8d88dbb32bee', 'sha256': 'f5521e0960bb13cf743e1cf1994640d1d636ff4c9a80ad971935908d9d250d46'}, 'dob': {'date': '1968-06-22T18:58:24.766Z', 'age': 56}, 'registered': {'date': '2006-01-11T23:23:19.063Z', 'age': 18}, 'phone': '910-861-457', 'cell': '650-418-696', 'id': {'name': 'DNI', 'value': '95230204-K'}, 'picture': {'large': 'https://randomuser.me/api/portraits/women/55.jpg', 'medium': 'https://randomuser.me/api/portraits/med/women/55.jpg', 'thumbnail': 'https://randomuser.me/api/portraits/thumb/women/55.jpg'}, 'nat': 'ES'}], 'info': {'seed': 'e1ec379233196bb6', 'results': 1, 'page': 1, 'version': '1.4'}}</msg>
<arg>${json_data}</arg>
<doc>Logs the given message with the given level.</doc>
<status status="PASS" start="2024-07-26T03:17:47.679624" elapsed="0.000218"/>
</kw>
<kw name="Should Be Equal As Numbers" owner="BuiltIn">
<arg>${json_data['results'][0]['location']['postcode']}</arg>
<arg>${json_data['results'][0]['location']['postcode']}</arg>
<doc>Fails if objects are unequal after converting them to real numbers.</doc>
<status status="PASS" start="2024-07-26T03:17:47.680134" elapsed="0.000617"/>
</kw>
<kw name="Log" owner="BuiltIn">
<msg time="2024-07-26T03:17:47.681308" level="INFO">14992</msg>
<arg>${json_data['results'][0]['location']['postcode']}</arg>
<doc>Logs the given message with the given level.</doc>
<status status="PASS" start="2024-07-26T03:17:47.680974" elapsed="0.000374"/>
</kw>
<status status="PASS" start="2024-07-26T03:17:47.324756" elapsed="0.356843"/>
</kw>
<doc>Testa se os tipos de dados na resposta da API estão corretos.</doc>
<tag>testeTiposDados</tag>
<status status="PASS" start="2024-07-26T03:17:46.872770" elapsed="0.808994"/>
</test>
<test id="s1-s1-t5" name="Validar conteudo" line="35">
<kw name="Teste de Tipos de Conteudo" owner="random-user-service">
<kw name="GET On Session" owner="RequestsLibrary">
<msg time="2024-07-26T03:17:47.938168" level="INFO">GET Request : url=https://randomuser.me/api 
 path_url=/api 
 headers={'User-Agent': 'python-requests/2.32.3', 'Accept-Encoding': 'gzip, deflate', 'Accept': '*/*', 'Connection': 'keep-alive'} 
 body=None 
 </msg>
<msg time="2024-07-26T03:17:47.938239" level="INFO">GET Response : url=https://randomuser.me/api 
 status=200, reason=OK 
 headers={'Date': 'Fri, 26 Jul 2024 03:17:47 GMT', 'Content-Type': 'application/json; charset=utf-8', 'Transfer-Encoding': 'chunked', 'Connection': 'keep-alive', 'X-Powered-By': 'Express', 'Access-Control-Allow-Origin': '*', 'Cache-Control': 'no-cache', 'ETag': 'W/"4a3-QY0pWw6SgWa2hfcGWgL3Mr4VE1U"', 'Vary': 'Accept-Encoding', 'Content-Encoding': 'gzip', 'CF-Cache-Status': 'DYNAMIC', 'Report-To': '{"endpoints":[{"url":"https:\\/\\/a.nel.cloudflare.com\\/report\\/v4?s=cewHI2LPEqUDKm2JsjiA0LV%2B%2B%2BqF9%2FmRHu71M3d7yc%2FiksZPbJLt93Fb4IwoQLBply6RKSmf3UEhZqp9h7Whk93wLfx6luU9srmEeovBgAhY2iZvSK4d%2FIAwpdQlA0ww"}],"group":"cf-nel","max_age":604800}', 'NEL': '{"success_fraction":0,"report_to":"cf-nel","max_age":604800}', 'Server': 'cloudflare', 'CF-RAY': '8a913d1d08639c19-IAD', 'alt-svc': 'h3=":443"; ma=86400'} 
 body={"results":[{"gender":"female","name":{"title":"Ms","first":"ملینا","last":"سالاری"},"location":{"street":{"number":3580,"name":"شهید استاد حسن بنا"},"city":"کرمانشاه","state":"خراسان جنوبی","country":"Iran","postcode":80888,"coordinates":{"latitude":"16.3047","longitude":"114.7766"},"timezone":{"offset":"-2:00","description":"Mid-Atlantic"}},"email":"mlyn.slry@example.com","login":{"uuid":"b4d656e4-ce66-442d-a57a-90684b73cb0b","username":"redmeercat107","password":"homepage-","salt":"5zzrkYyu","md5":"1a5f7b9ce195a9b17827ffb7ae1721b8","sha1":"04e191ec94c912e7835f450e9afdb5cc1984298d","sha256":"7b805ffd1952641bb43533bee66e68d5301eeebc02bec5f9cd5854fc8fa71b37"},"dob":{"date":"1966-01-07T03:29:54.119Z","age":58},"registered":{"date":"2012-05-22T01:45:13.886Z","age":12},"phone":"074-27707048","cell":"0965-101-3423","id":{"name":"","value":null},"picture":{"large":"https://randomuser.me/api/portraits/women/29.jpg","medium":"https://randomuser.me/api/portraits/med/women/29.jpg","thumbnail":"https://randomuser.me/api/portraits/thumb/women/29.jpg"},"nat":"IR"}],"info":{"seed":"f7c2c71467a62b3f","results":1,"page":1,"version":"1.4"}} 
 </msg>
<msg time="2024-07-26T03:17:47.938304" level="INFO">/opt/hostedtoolcache/Python/3.12.4/x64/lib/python3.12/site-packages/urllib3/connectionpool.py:1099: InsecureRequestWarning: Unverified HTTPS request is being made to host 'randomuser.me'. Adding certificate verification is strongly advised. See: https://urllib3.readthedocs.io/en/latest/advanced-usage.html#tls-warnings
  warnings.warn(</msg>
<msg time="2024-07-26T03:17:47.938414" level="INFO">${response} = &lt;Response [200]&gt;</msg>
<var>${response}</var>
<arg>consultarAPI</arg>
<arg>/api</arg>
<doc>Sends a GET request on a previously created HTTP Session.</doc>
<status status="PASS" start="2024-07-26T03:17:47.684300" elapsed="0.254153"/>
</kw>
<kw name="Set Variable" owner="BuiltIn">
<msg time="2024-07-26T03:17:47.939374" level="INFO">${json_data} = {'results': [{'gender': 'female', 'name': {'title': 'Ms', 'first': 'ملینا', 'last': 'سالاری'}, 'location': {'street': {'number': 3580, 'name': 'شهید استاد حسن بنا'}, 'city': 'کرمانشاه', 'state': 'خراس...</msg>
<var>${json_data}</var>
<arg>${response.json()}</arg>
<doc>Returns the given values which can then be assigned to a variables.</doc>
<status status="PASS" start="2024-07-26T03:17:47.938886" elapsed="0.000519"/>
</kw>
<kw name="Set Variable" owner="BuiltIn">
<msg time="2024-07-26T03:17:47.940171" level="INFO">${name_title} = Ms</msg>
<var>${name_title}</var>
<arg>${json_data["results"][0]["name"]["title"]}</arg>
<doc>Returns the given values which can then be assigned to a variables.</doc>
<status status="PASS" start="2024-07-26T03:17:47.939770" elapsed="0.000428"/>
</kw>
<kw name="Create List" owner="BuiltIn">
<msg time="2024-07-26T03:17:47.940648" level="INFO">${allowed_titles} = ['Mr', 'Ms', 'Miss', 'Mrs', 'Madame', 'Monsieur']</msg>
<var>${allowed_titles}</var>
<arg>Mr</arg>
<arg>Ms</arg>
<arg>Miss</arg>
<arg>Mrs</arg>
<arg>Madame</arg>
<arg>Monsieur</arg>
<doc>Returns a list containing given items.</doc>
<status status="PASS" start="2024-07-26T03:17:47.940496" elapsed="0.000176"/>
</kw>
<kw name="List Should Contain Value" owner="Collections">
<arg>${allowed_titles}</arg>
<arg>${name_title}</arg>
<doc>Fails if the ``value`` is not found from ``list``.</doc>
<status status="PASS" start="2024-07-26T03:17:47.940971" elapsed="0.000181"/>
</kw>
<kw name="Set Variable" owner="BuiltIn">
<msg time="2024-07-26T03:17:47.941703" level="INFO">${name_country} = IR</msg>
<var>${name_country}</var>
<arg>${json_data["results"][0]["nat"]}</arg>
<doc>Returns the given values which can then be assigned to a variables.</doc>
<status status="PASS" start="2024-07-26T03:17:47.941330" elapsed="0.000398"/>
</kw>
<kw name="Create List" owner="BuiltIn">
<msg time="2024-07-26T03:17:47.942608" level="INFO">${list_country} = ['AD', 'AE', 'AF', 'AG', 'AI', 'AL', 'AM', 'AO', 'AQ', 'AR', 'AS', 'AT', 'AU', 'AW', 'AX', 'AZ', 'BA', 'BB', 'BD', 'BE', 'BF', 'BG', 'BH', 'BI', 'BJ', 'BL', 'BM', 'BN', 'BO', 'BQ', 'BR', 'BS', 'BT', '...</msg>
<var>${list_country}</var>
<arg>AD</arg>
<arg>AE</arg>
<arg>AF</arg>
<arg>AG</arg>
<arg>AI</arg>
<arg>AL</arg>
<arg>AM</arg>
<arg>AO</arg>
<arg>AQ</arg>
<arg>AR</arg>
<arg>AS</arg>
<arg>AT</arg>
<arg>AU</arg>
<arg>AW</arg>
<arg>AX</arg>
<arg>AZ</arg>
<arg>BA</arg>
<arg>BB</arg>
<arg>BD</arg>
<arg>BE</arg>
<arg>BF</arg>
<arg>BG</arg>
<arg>BH</arg>
<arg>BI</arg>
<arg>BJ</arg>
<arg>BL</arg>
<arg>BM</arg>
<arg>BN</arg>
<arg>BO</arg>
<arg>BQ</arg>
<arg>BR</arg>
<arg>BS</arg>
<arg>BT</arg>
<arg>BV</arg>
<arg>BW</arg>
<arg>BY</arg>
<arg>BZ</arg>
<arg>CA</arg>
<arg>CC</arg>
<arg>CD</arg>
<arg>CF</arg>
<arg>CG</arg>
<arg>CH</arg>
<arg>CI</arg>
<arg>CK</arg>
<arg>CL</arg>
<arg>CM</arg>
<arg>CN</arg>
<arg>CO</arg>
<arg>CR</arg>
<arg>CU</arg>
<arg>CV</arg>
<arg>CW</arg>
<arg>CX</arg>
<arg>CY</arg>
<arg>CZ</arg>
<arg>DE</arg>
<arg>DJ</arg>
<arg>DK</arg>
<arg>DM</arg>
<arg>DO</arg>
<arg>DZ</arg>
<arg>EC</arg>
<arg>EE</arg>
<arg>EG</arg>
<arg>EH</arg>
<arg>ER</arg>
<arg>ES</arg>
<arg>ET</arg>
<arg>FI</arg>
<arg>FJ</arg>
<arg>FK</arg>
<arg>FM</arg>
<arg>FO</arg>
<arg>FR</arg>
<arg>GA</arg>
<arg>GB</arg>
<arg>GD</arg>
<arg>GE</arg>
<arg>GF</arg>
<arg>GG</arg>
<arg>GH</arg>
<arg>GI</arg>
<arg>GL</arg>
<arg>GM</arg>
<arg>GN</arg>
<arg>GP</arg>
<arg>GQ</arg>
<arg>GR</arg>
<arg>GS</arg>
<arg>GT</arg>
<arg>GU</arg>
<arg>GW</arg>
<arg>GY</arg>
<arg>HK</arg>
<arg>HM</arg>
<arg>HN</arg>
<arg>HR</arg>
<arg>HT</arg>
<arg>HU</arg>
<arg>ID</arg>
<arg>IE</arg>
<arg>IL</arg>
<arg>IM</arg>
<arg>IN</arg>
<arg>IO</arg>
<arg>IQ</arg>
<arg>IR</arg>
<arg>IS</arg>
<arg>IT</arg>
<arg>JE</arg>
<arg>JM</arg>
<arg>JO</arg>
<arg>JP</arg>
<arg>KE</arg>
<arg>KG</arg>
<arg>KH</arg>
<arg>KI</arg>
<arg>KM</arg>
<arg>KN</arg>
<arg>KP</arg>
<arg>KR</arg>
<arg>KW</arg>
<arg>KY</arg>
<arg>KZ</arg>
<arg>LA</arg>
<arg>LB</arg>
<arg>LC</arg>
<arg>LI</arg>
<arg>LK</arg>
<arg>LR</arg>
<arg>LS</arg>
<arg>LT</arg>
<arg>LU</arg>
<arg>LV</arg>
<arg>LY</arg>
<arg>MA</arg>
<arg>MC</arg>
<arg>MD</arg>
<arg>ME</arg>
<arg>MF</arg>
<arg>MG</arg>
<arg>MH</arg>
<arg>MK</arg>
<arg>ML</arg>
<arg>MM</arg>
<arg>MN</arg>
<arg>MO</arg>
<arg>MP</arg>
<arg>MQ</arg>
<arg>MR</arg>
<arg>MS</arg>
<arg>MT</arg>
<arg>MU</arg>
<arg>MV</arg>
<arg>MW</arg>
<arg>MX</arg>
<arg>MY</arg>
<arg>MZ</arg>
<arg>NA</arg>
<arg>NC</arg>
<arg>NE</arg>
<arg>NF</arg>
<arg>NG</arg>
<arg>NI</arg>
<arg>NL</arg>
<arg>NO</arg>
<arg>NP</arg>
<arg>NR</arg>
<arg>NU</arg>
<arg>NZ</arg>
<arg>OM</arg>
<arg>PA</arg>
<arg>PE</arg>
<arg>PF</arg>
<arg>PG</arg>
<arg>PH</arg>
<arg>PK</arg>
<arg>PL</arg>
<arg>PM</arg>
<arg>PN</arg>
<arg>PR</arg>
<arg>PS</arg>
<arg>PT</arg>
<arg>PW</arg>
<arg>PY</arg>
<arg>QA</arg>
<arg>RE</arg>
<arg>RO</arg>
<arg>RS</arg>
<arg>RU</arg>
<arg>RW</arg>
<arg>SA</arg>
<arg>SB</arg>
<arg>SC</arg>
<arg>SD</arg>
<arg>SE</arg>
<arg>SG</arg>
<arg>SH</arg>
<arg>SI</arg>
<arg>SJ</arg>
<arg>SK</arg>
<arg>SL</arg>
<arg>SM</arg>
<arg>SN</arg>
<arg>SO</arg>
<arg>SR</arg>
<arg>SS</arg>
<arg>ST</arg>
<arg>SV</arg>
<arg>SX</arg>
<arg>SY</arg>
<arg>SZ</arg>
<arg>TC</arg>
<arg>TD</arg>
<arg>TF</arg>
<arg>TG</arg>
<arg>TH</arg>
<arg>TJ</arg>
<arg>TK</arg>
<arg>TL</arg>
<arg>TM</arg>
<arg>TN</arg>
<arg>TO</arg>
<arg>TR</arg>
<arg>TT</arg>
<arg>TV</arg>
<arg>TW</arg>
<arg>TZ</arg>
<arg>UA</arg>
<arg>UG</arg>
<arg>UM</arg>
<arg>US</arg>
<arg>UY</arg>
<arg>UZ</arg>
<arg>VA</arg>
<arg>VC</arg>
<arg>VE</arg>
<arg>VG</arg>
<arg>VI</arg>
<arg>VN</arg>
<arg>VU</arg>
<arg>WF</arg>
<arg>WS</arg>
<arg>XK</arg>
<arg>YE</arg>
<arg>YT</arg>
<arg>ZA</arg>
<arg>ZM</arg>
<arg>ZW</arg>
<doc>Returns a list containing given items.</doc>
<status status="PASS" start="2024-07-26T03:17:47.942013" elapsed="0.000620"/>
</kw>
<kw name="List Should Contain Value" owner="Collections">
<arg>${list_country}</arg>
<arg>${name_country}</arg>
<doc>Fails if the ``value`` is not found from ``list``.</doc>
<status status="PASS" start="2024-07-26T03:17:47.943599" elapsed="0.000221"/>
</kw>
<kw name="Run Keyword If" owner="BuiltIn">
<kw name="Should Be True" owner="BuiltIn">
<arg>${True}</arg>
<doc>Fails if the given condition is not true.</doc>
<status status="PASS" start="2024-07-26T03:17:47.944764" elapsed="0.000142"/>
</kw>
<arg>${json_data["results"][0]["location"]["coordinates"]["latitude"]} &gt;= -90 and ${json_data["results"][0]["location"]["coordinates"]["latitude"]} &lt;= 90</arg>
<arg>Should Be True</arg>
<arg>${True}</arg>
<doc>Runs the given keyword with the given arguments, if ``condition`` is true.</doc>
<status status="PASS" start="2024-07-26T03:17:47.944019" elapsed="0.001011"/>
</kw>
<kw name="Run Keyword If" owner="BuiltIn">
<kw name="Should Be True" owner="BuiltIn">
<arg>${True}</arg>
<doc>Fails if the given condition is not true.</doc>
<status status="PASS" start="2024-07-26T03:17:47.945895" elapsed="0.000138"/>
</kw>
<arg>${json_data["results"][0]["location"]["coordinates"]["longitude"]} &gt;= -180 and ${json_data["results"][0]["location"]["coordinates"]["longitude"]} &lt;= 180</arg>
<arg>Should Be True</arg>
<arg>${True}</arg>
<doc>Runs the given keyword with the given arguments, if ``condition`` is true.</doc>
<status status="PASS" start="2024-07-26T03:17:47.945212" elapsed="0.000945"/>
</kw>
<status status="PASS" start="2024-07-26T03:17:47.684076" elapsed="0.262210"/>
</kw>
<doc>Testa o conteúdo específico dos campos retornados pela API.</doc>
<tag>testeConteudo</tag>
<status status="PASS" start="2024-07-26T03:17:47.683509" elapsed="0.262922"/>
</test>
<status status="PASS" start="2024-07-26T03:17:46.202042" elapsed="1.746359"/>
</suite>
<status status="PASS" start="2024-07-26T03:17:46.187711" elapsed="1.765877"/>
</suite>
<statistics>
<total>
<stat pass="5" fail="0" skip="0">All Tests</stat>
</total>
<tag>
<stat pass="1" fail="0" skip="0">testeConteudo</stat>
<stat pass="1" fail="0" skip="0">testeEstruturaResposta</stat>
<stat pass="1" fail="0" skip="0">testeRequisicaoBasica</stat>
<stat pass="1" fail="0" skip="0">testeTiposDados</stat>
</tag>
<suite>
<stat pass="5" fail="0" skip="0" id="s1" name="Tests">Tests</stat>
<stat pass="5" fail="0" skip="0" id="s1-s1" name="Random-User-Test">Tests.Random-User-Test</stat>
</suite>
</statistics>
<errors>
</errors>
</robot>
