<?xml version="1.0" encoding="UTF-8"?>
<robot generator="Robot 7.0.1 (Python 3.12.4 on linux)" generated="2024-07-31T00:57:19.785849" rpa="false" schemaversion="5">
<suite id="s1" name="Tests" source="/home/runner/work/ApiRandomUser/ApiRandomUser/RamdonUser/tests">
<suite id="s1-s1" name="Random-User-Test" source="/home/runner/work/ApiRandomUser/ApiRandomUser/RamdonUser/tests/random-user-test.robot">
<test id="s1-s1-t1" name="Conectar" line="13">
<kw name="Conectar API" owner="random-user-service">
<kw name="Create Session" owner="RequestsLibrary">
<msg time="2024-07-31T00:57:20.258651" level="INFO">Creating Session using : alias=consultarAPI, url=https://randomuser.me/, headers={},                     cookies={}, auth=None, timeout=None, proxies=None, verify=False,                     debug=0 </msg>
<arg>consultarAPI</arg>
<arg>${URL}</arg>
<doc>Create Session: create a HTTP session to a server</doc>
<status status="PASS" start="2024-07-31T00:57:20.258449" elapsed="0.000390"/>
</kw>
<status status="PASS" start="2024-07-31T00:57:20.257398" elapsed="0.001812"/>
</kw>
<status status="PASS" start="2024-07-31T00:57:20.256815" elapsed="0.002592"/>
</test>
<test id="s1-s1-t2" name="Validar retorno 200 e JSON Válido" line="16">
<kw name="Teste de Requisicao Basica" owner="random-user-service">
<kw name="GET On Session" owner="RequestsLibrary">
<msg time="2024-07-31T00:57:21.204688" level="INFO">GET Request : url=https://randomuser.me/api 
 path_url=/api 
 headers={'User-Agent': 'python-requests/2.32.3', 'Accept-Encoding': 'gzip, deflate', 'Accept': '*/*', 'Connection': 'keep-alive'} 
 body=None 
 </msg>
<msg time="2024-07-31T00:57:21.204842" level="INFO">GET Response : url=https://randomuser.me/api 
 status=200, reason=OK 
 headers={'Date': 'Wed, 31 Jul 2024 00:57:21 GMT', 'Content-Type': 'application/json; charset=utf-8', 'Transfer-Encoding': 'chunked', 'Connection': 'keep-alive', 'X-Powered-By': 'Express', 'Access-Control-Allow-Origin': '*', 'Cache-Control': 'no-cache', 'ETag': 'W/"485-bND5XwSivGpSfsc6RCUcrNtZHkQ"', 'Vary': 'Accept-Encoding', 'Content-Encoding': 'gzip', 'CF-Cache-Status': 'DYNAMIC', 'Report-To': '{"endpoints":[{"url":"https:\\/\\/a.nel.cloudflare.com\\/report\\/v4?s=1O8KqdB93PW%2F%2B5%2Bf69DYvmoPrRmclIlYeCSdGLEFzrInq6L1JKfWlTblW53jooO5LsUEDxhz75uLVj2ozMKlvEhkavdJYIGEla9O6%2F0DRdwxpF3AdpCdYMe3KZOhCylb"}],"group":"cf-nel","max_age":604800}', 'NEL': '{"success_fraction":0,"report_to":"cf-nel","max_age":604800}', 'Server': 'cloudflare', 'CF-RAY': '8ab9a23e8d8c3b78-IAD', 'alt-svc': 'h3=":443"; ma=86400'} 
 body={"results":[{"gender":"female","name":{"title":"Mrs","first":"Grace","last":"Brown"},"location":{"street":{"number":3185,"name":"The Grove"},"city":"Maynooth","state":"Offaly","country":"Ireland","postcode":93290,"coordinates":{"latitude":"3.7013","longitude":"36.6670"},"timezone":{"offset":"+1:00","description":"Brussels, Copenhagen, Madrid, Paris"}},"email":"grace.brown@example.com","login":{"uuid":"61975eab-e14e-411e-b4f8-fefb3ff41f03","username":"orangewolf887","password":"vipers","salt":"fr4fe7Tq","md5":"06632c3433da1c65bf5fb30c4f4d5a91","sha1":"300dcccf3ca08a469665fb8d89f96726e4586f8e","sha256":"b5491e91615a8f96b07b24847b37d5a97d2a8db2276ff18b4c1b4aa34a1adfb0"},"dob":{"date":"2001-03-10T20:55:48.578Z","age":23},"registered":{"date":"2016-06-08T21:00:10.883Z","age":8},"phone":"071-931-9026","cell":"081-990-3939","id":{"name":"PPS","value":"2010987T"},"picture":{"large":"https://randomuser.me/api/portraits/women/22.jpg","medium":"https://randomuser.me/api/portraits/med/women/22.jpg","thumbnail":"https://randomuser.me/api/portraits/thumb/women/22.jpg"},"nat":"IE"}],"info":{"seed":"20e05de00d836d0b","results":1,"page":1,"version":"1.4"}} 
 </msg>
<msg time="2024-07-31T00:57:21.204923" level="INFO">/opt/hostedtoolcache/Python/3.12.4/x64/lib/python3.12/site-packages/urllib3/connectionpool.py:1099: InsecureRequestWarning: Unverified HTTPS request is being made to host 'randomuser.me'. Adding certificate verification is strongly advised. See: https://urllib3.readthedocs.io/en/latest/advanced-usage.html#tls-warnings
  warnings.warn(</msg>
<msg time="2024-07-31T00:57:21.205083" level="INFO">${response} = &lt;Response [200]&gt;</msg>
<var>${response}</var>
<arg>consultarAPI</arg>
<arg>/api</arg>
<doc>Sends a GET request on a previously created HTTP Session.</doc>
<status status="PASS" start="2024-07-31T00:57:20.262015" elapsed="0.943110"/>
</kw>
<kw name="Should Be Equal As Numbers" owner="BuiltIn">
<msg time="2024-07-31T00:57:21.206123" level="INFO">Argument types are:
&lt;class 'int'&gt;
&lt;class 'str'&gt;</msg>
<arg>${response.status_code}</arg>
<arg>200</arg>
<doc>Fails if objects are unequal after converting them to real numbers.</doc>
<status status="PASS" start="2024-07-31T00:57:21.205668" elapsed="0.000518"/>
</kw>
<kw name="Log" owner="BuiltIn">
<msg time="2024-07-31T00:57:21.206860" level="INFO">200</msg>
<arg>${response.status_code}</arg>
<doc>Logs the given message with the given level.</doc>
<status status="PASS" start="2024-07-31T00:57:21.206506" elapsed="0.000397"/>
</kw>
<kw name="Set Variable" owner="BuiltIn">
<msg time="2024-07-31T00:57:21.207637" level="INFO">${json_data} = {'results': [{'gender': 'female', 'name': {'title': 'Mrs', 'first': 'Grace', 'last': 'Brown'}, 'location': {'street': {'number': 3185, 'name': 'The Grove'}, 'city': 'Maynooth', 'state': 'Offaly', 'cou...</msg>
<var>${json_data}</var>
<arg>${response.json()}</arg>
<doc>Returns the given values which can then be assigned to a variables.</doc>
<status status="PASS" start="2024-07-31T00:57:21.207210" elapsed="0.000455"/>
</kw>
<kw name="Dictionary Should Contain Key" owner="Collections">
<arg>${json_data}</arg>
<arg>results</arg>
<doc>Fails if ``key`` is not found from ``dictionary``.</doc>
<status status="PASS" start="2024-07-31T00:57:21.208005" elapsed="0.000335"/>
</kw>
<status status="PASS" start="2024-07-31T00:57:20.261761" elapsed="0.946735"/>
</kw>
<doc>Testa se a API responde corretamente e retorna um objeto JSON válido.</doc>
<tag>testeRequisicaoBasica</tag>
<status status="PASS" start="2024-07-31T00:57:20.261291" elapsed="0.947374"/>
</test>
<test id="s1-s1-t3" name="Validar estrutura de resposta" line="22">
<kw name="Teste de Estrutura de Resposta" owner="random-user-service">
<kw name="GET On Session" owner="RequestsLibrary">
<msg time="2024-07-31T00:57:21.556092" level="INFO">GET Request : url=https://randomuser.me/api 
 path_url=/api 
 headers={'User-Agent': 'python-requests/2.32.3', 'Accept-Encoding': 'gzip, deflate', 'Accept': '*/*', 'Connection': 'keep-alive'} 
 body=None 
 </msg>
<msg time="2024-07-31T00:57:21.556199" level="INFO">GET Response : url=https://randomuser.me/api 
 status=200, reason=OK 
 headers={'Date': 'Wed, 31 Jul 2024 00:57:21 GMT', 'Content-Type': 'application/json; charset=utf-8', 'Transfer-Encoding': 'chunked', 'Connection': 'keep-alive', 'X-Powered-By': 'Express', 'Access-Control-Allow-Origin': '*', 'Cache-Control': 'no-cache', 'ETag': 'W/"48e-18j8weFT9fuxyJ1FBHMXV+p3cRs"', 'Vary': 'Accept-Encoding', 'Content-Encoding': 'gzip', 'CF-Cache-Status': 'DYNAMIC', 'Report-To': '{"endpoints":[{"url":"https:\\/\\/a.nel.cloudflare.com\\/report\\/v4?s=%2BXZLoUX7W1pOYVJ%2BpivDtu6ltOb7OAQflmy0979kQ3fb4mdBSTwC7LKKEWFq%2FWKa0OmUqLMWsvMHaP9WvZQay%2BAZzb%2Fu66Y1rXUY6%2BUHvKC3OvsfyZEb9pOUd5o8dcJU"}],"group":"cf-nel","max_age":604800}', 'NEL': '{"success_fraction":0,"report_to":"cf-nel","max_age":604800}', 'Server': 'cloudflare', 'CF-RAY': '8ab9a2439ac33b78-IAD', 'alt-svc': 'h3=":443"; ma=86400'} 
 body={"results":[{"gender":"female","name":{"title":"Miss","first":"Pascale","last":"Fokkens"},"location":{"street":{"number":6343,"name":"Achterkreek"},"city":"Druten","state":"Groningen","country":"Netherlands","postcode":"6343 PP","coordinates":{"latitude":"35.8010","longitude":"8.1162"},"timezone":{"offset":"-11:00","description":"Midway Island, Samoa"}},"email":"pascale.fokkens@example.com","login":{"uuid":"b320a035-2d1c-4b85-821a-9973827c1a9a","username":"redmouse643","password":"bcfields","salt":"1fVQItIi","md5":"4578f716d50b4bd2c90b20af6e9e39ad","sha1":"8ad7b7f24f25fba606a67029831aa11edd64ca48","sha256":"4d6c5ea43b713e9a0dcace9c948e2b5abc58078d47d6cf6cc5872954e597b016"},"dob":{"date":"1972-11-26T11:13:10.130Z","age":51},"registered":{"date":"2006-02-25T11:38:51.781Z","age":18},"phone":"(0056) 857381","cell":"(06) 21799445","id":{"name":"BSN","value":"32916184"},"picture":{"large":"https://randomuser.me/api/portraits/women/52.jpg","medium":"https://randomuser.me/api/portraits/med/women/52.jpg","thumbnail":"https://randomuser.me/api/portraits/thumb/women/52.jpg"},"nat":"NL"}],"info":{"seed":"70e8f4c887ea88b3","results":1,"page":1,"version":"1.4"}} 
 </msg>
<msg time="2024-07-31T00:57:21.556328" level="INFO">/opt/hostedtoolcache/Python/3.12.4/x64/lib/python3.12/site-packages/urllib3/connectionpool.py:1099: InsecureRequestWarning: Unverified HTTPS request is being made to host 'randomuser.me'. Adding certificate verification is strongly advised. See: https://urllib3.readthedocs.io/en/latest/advanced-usage.html#tls-warnings
  warnings.warn(</msg>
<msg time="2024-07-31T00:57:21.556474" level="INFO">${response} = &lt;Response [200]&gt;</msg>
<var>${response}</var>
<arg>consultarAPI</arg>
<arg>/api</arg>
<doc>Sends a GET request on a previously created HTTP Session.</doc>
<status status="PASS" start="2024-07-31T00:57:21.211216" elapsed="0.345300"/>
</kw>
<kw name="Set Variable" owner="BuiltIn">
<msg time="2024-07-31T00:57:21.557508" level="INFO">${json_data} = {'results': [{'gender': 'female', 'name': {'title': 'Miss', 'first': 'Pascale', 'last': 'Fokkens'}, 'location': {'street': {'number': 6343, 'name': 'Achterkreek'}, 'city': 'Druten', 'state': 'Groninge...</msg>
<var>${json_data}</var>
<arg>${response.json()}</arg>
<doc>Returns the given values which can then be assigned to a variables.</doc>
<status status="PASS" start="2024-07-31T00:57:21.556999" elapsed="0.000537"/>
</kw>
<kw name="Log" owner="BuiltIn">
<msg time="2024-07-31T00:57:21.558019" level="INFO">{'results': [{'gender': 'female', 'name': {'title': 'Miss', 'first': 'Pascale', 'last': 'Fokkens'}, 'location': {'street': {'number': 6343, 'name': 'Achterkreek'}, 'city': 'Druten', 'state': 'Groningen', 'country': 'Netherlands', 'postcode': '6343 PP', 'coordinates': {'latitude': '35.8010', 'longitude': '8.1162'}, 'timezone': {'offset': '-11:00', 'description': 'Midway Island, Samoa'}}, 'email': 'pascale.fokkens@example.com', 'login': {'uuid': 'b320a035-2d1c-4b85-821a-9973827c1a9a', 'username': 'redmouse643', 'password': 'bcfields', 'salt': '1fVQItIi', 'md5': '4578f716d50b4bd2c90b20af6e9e39ad', 'sha1': '8ad7b7f24f25fba606a67029831aa11edd64ca48', 'sha256': '4d6c5ea43b713e9a0dcace9c948e2b5abc58078d47d6cf6cc5872954e597b016'}, 'dob': {'date': '1972-11-26T11:13:10.130Z', 'age': 51}, 'registered': {'date': '2006-02-25T11:38:51.781Z', 'age': 18}, 'phone': '(0056) 857381', 'cell': '(06) 21799445', 'id': {'name': 'BSN', 'value': '32916184'}, 'picture': {'large': 'https://randomuser.me/api/portraits/women/52.jpg', 'medium': 'https://randomuser.me/api/portraits/med/women/52.jpg', 'thumbnail': 'https://randomuser.me/api/portraits/thumb/women/52.jpg'}, 'nat': 'NL'}], 'info': {'seed': '70e8f4c887ea88b3', 'results': 1, 'page': 1, 'version': '1.4'}}</msg>
<arg>${json_data}</arg>
<doc>Logs the given message with the given level.</doc>
<status status="PASS" start="2024-07-31T00:57:21.557855" elapsed="0.000212"/>
</kw>
<kw name="Dictionary Should Contain Key" owner="Collections">
<arg>${json_data}</arg>
<arg>results</arg>
<doc>Fails if ``key`` is not found from ``dictionary``.</doc>
<status status="PASS" start="2024-07-31T00:57:21.558361" elapsed="0.000165"/>
</kw>
<kw name="Should Not Be Empty" owner="BuiltIn">
<msg time="2024-07-31T00:57:21.558844" level="INFO">Length is 2.</msg>
<arg>${json_data}</arg>
<doc>Verifies that the given item is not empty.</doc>
<status status="PASS" start="2024-07-31T00:57:21.558713" elapsed="0.000169"/>
</kw>
<kw name="Create List" owner="BuiltIn">
<msg time="2024-07-31T00:57:21.559327" level="INFO">${expected_keys} = ['gender', 'name', 'location', 'email', 'login']</msg>
<var>${expected_keys}</var>
<arg>gender</arg>
<arg>name</arg>
<arg>location</arg>
<arg>email</arg>
<arg>login</arg>
<doc>Returns a list containing given items.</doc>
<status status="PASS" start="2024-07-31T00:57:21.559174" elapsed="0.000177"/>
</kw>
<for flavor="IN">
<iter>
<kw name="Dictionary Should Contain Key" owner="Collections">
<arg>${json_data['results'][0]}</arg>
<arg>${key}</arg>
<doc>Fails if ``key`` is not found from ``dictionary``.</doc>
<status status="PASS" start="2024-07-31T00:57:21.559935" elapsed="0.000457"/>
</kw>
<kw name="Log" owner="BuiltIn">
<msg time="2024-07-31T00:57:21.560938" level="INFO">{'gender': 'female', 'name': {'title': 'Miss', 'first': 'Pascale', 'last': 'Fokkens'}, 'location': {'street': {'number': 6343, 'name': 'Achterkreek'}, 'city': 'Druten', 'state': 'Groningen', 'country': 'Netherlands', 'postcode': '6343 PP', 'coordinates': {'latitude': '35.8010', 'longitude': '8.1162'}, 'timezone': {'offset': '-11:00', 'description': 'Midway Island, Samoa'}}, 'email': 'pascale.fokkens@example.com', 'login': {'uuid': 'b320a035-2d1c-4b85-821a-9973827c1a9a', 'username': 'redmouse643', 'password': 'bcfields', 'salt': '1fVQItIi', 'md5': '4578f716d50b4bd2c90b20af6e9e39ad', 'sha1': '8ad7b7f24f25fba606a67029831aa11edd64ca48', 'sha256': '4d6c5ea43b713e9a0dcace9c948e2b5abc58078d47d6cf6cc5872954e597b016'}, 'dob': {'date': '1972-11-26T11:13:10.130Z', 'age': 51}, 'registered': {'date': '2006-02-25T11:38:51.781Z', 'age': 18}, 'phone': '(0056) 857381', 'cell': '(06) 21799445', 'id': {'name': 'BSN', 'value': '32916184'}, 'picture': {'large': 'https://randomuser.me/api/portraits/women/52.jpg', 'medium': 'https://randomuser.me/api/portraits/med/women/52.jpg', 'thumbnail': 'https://randomuser.me/api/portraits/thumb/women/52.jpg'}, 'nat': 'NL'}</msg>
<arg>${json_data['results'][0]}</arg>
<doc>Logs the given message with the given level.</doc>
<status status="PASS" start="2024-07-31T00:57:21.560579" elapsed="0.000408"/>
</kw>
<kw name="Log" owner="BuiltIn">
<msg time="2024-07-31T00:57:21.561423" level="INFO">gender</msg>
<arg>${key}</arg>
<doc>Logs the given message with the given level.</doc>
<status status="PASS" start="2024-07-31T00:57:21.561292" elapsed="0.000170"/>
</kw>
<var name="${key}">gender</var>
<status status="PASS" start="2024-07-31T00:57:21.559805" elapsed="0.001876"/>
</iter>
<iter>
<kw name="Dictionary Should Contain Key" owner="Collections">
<arg>${json_data['results'][0]}</arg>
<arg>${key}</arg>
<doc>Fails if ``key`` is not found from ``dictionary``.</doc>
<status status="PASS" start="2024-07-31T00:57:21.561979" elapsed="0.000389"/>
</kw>
<kw name="Log" owner="BuiltIn">
<msg time="2024-07-31T00:57:21.562911" level="INFO">{'gender': 'female', 'name': {'title': 'Miss', 'first': 'Pascale', 'last': 'Fokkens'}, 'location': {'street': {'number': 6343, 'name': 'Achterkreek'}, 'city': 'Druten', 'state': 'Groningen', 'country': 'Netherlands', 'postcode': '6343 PP', 'coordinates': {'latitude': '35.8010', 'longitude': '8.1162'}, 'timezone': {'offset': '-11:00', 'description': 'Midway Island, Samoa'}}, 'email': 'pascale.fokkens@example.com', 'login': {'uuid': 'b320a035-2d1c-4b85-821a-9973827c1a9a', 'username': 'redmouse643', 'password': 'bcfields', 'salt': '1fVQItIi', 'md5': '4578f716d50b4bd2c90b20af6e9e39ad', 'sha1': '8ad7b7f24f25fba606a67029831aa11edd64ca48', 'sha256': '4d6c5ea43b713e9a0dcace9c948e2b5abc58078d47d6cf6cc5872954e597b016'}, 'dob': {'date': '1972-11-26T11:13:10.130Z', 'age': 51}, 'registered': {'date': '2006-02-25T11:38:51.781Z', 'age': 18}, 'phone': '(0056) 857381', 'cell': '(06) 21799445', 'id': {'name': 'BSN', 'value': '32916184'}, 'picture': {'large': 'https://randomuser.me/api/portraits/women/52.jpg', 'medium': 'https://randomuser.me/api/portraits/med/women/52.jpg', 'thumbnail': 'https://randomuser.me/api/portraits/thumb/women/52.jpg'}, 'nat': 'NL'}</msg>
<arg>${json_data['results'][0]}</arg>
<doc>Logs the given message with the given level.</doc>
<status status="PASS" start="2024-07-31T00:57:21.562554" elapsed="0.000440"/>
</kw>
<kw name="Log" owner="BuiltIn">
<msg time="2024-07-31T00:57:21.563416" level="INFO">name</msg>
<arg>${key}</arg>
<doc>Logs the given message with the given level.</doc>
<status status="PASS" start="2024-07-31T00:57:21.563289" elapsed="0.000165"/>
</kw>
<var name="${key}">name</var>
<status status="PASS" start="2024-07-31T00:57:21.561866" elapsed="0.001803"/>
</iter>
<iter>
<kw name="Dictionary Should Contain Key" owner="Collections">
<arg>${json_data['results'][0]}</arg>
<arg>${key}</arg>
<doc>Fails if ``key`` is not found from ``dictionary``.</doc>
<status status="PASS" start="2024-07-31T00:57:21.563976" elapsed="0.000401"/>
</kw>
<kw name="Log" owner="BuiltIn">
<msg time="2024-07-31T00:57:21.564915" level="INFO">{'gender': 'female', 'name': {'title': 'Miss', 'first': 'Pascale', 'last': 'Fokkens'}, 'location': {'street': {'number': 6343, 'name': 'Achterkreek'}, 'city': 'Druten', 'state': 'Groningen', 'country': 'Netherlands', 'postcode': '6343 PP', 'coordinates': {'latitude': '35.8010', 'longitude': '8.1162'}, 'timezone': {'offset': '-11:00', 'description': 'Midway Island, Samoa'}}, 'email': 'pascale.fokkens@example.com', 'login': {'uuid': 'b320a035-2d1c-4b85-821a-9973827c1a9a', 'username': 'redmouse643', 'password': 'bcfields', 'salt': '1fVQItIi', 'md5': '4578f716d50b4bd2c90b20af6e9e39ad', 'sha1': '8ad7b7f24f25fba606a67029831aa11edd64ca48', 'sha256': '4d6c5ea43b713e9a0dcace9c948e2b5abc58078d47d6cf6cc5872954e597b016'}, 'dob': {'date': '1972-11-26T11:13:10.130Z', 'age': 51}, 'registered': {'date': '2006-02-25T11:38:51.781Z', 'age': 18}, 'phone': '(0056) 857381', 'cell': '(06) 21799445', 'id': {'name': 'BSN', 'value': '32916184'}, 'picture': {'large': 'https://randomuser.me/api/portraits/women/52.jpg', 'medium': 'https://randomuser.me/api/portraits/med/women/52.jpg', 'thumbnail': 'https://randomuser.me/api/portraits/thumb/women/52.jpg'}, 'nat': 'NL'}</msg>
<arg>${json_data['results'][0]}</arg>
<doc>Logs the given message with the given level.</doc>
<status status="PASS" start="2024-07-31T00:57:21.564567" elapsed="0.000397"/>
</kw>
<kw name="Log" owner="BuiltIn">
<msg time="2024-07-31T00:57:21.565391" level="INFO">location</msg>
<arg>${key}</arg>
<doc>Logs the given message with the given level.</doc>
<status status="PASS" start="2024-07-31T00:57:21.565261" elapsed="0.000168"/>
</kw>
<var name="${key}">location</var>
<status status="PASS" start="2024-07-31T00:57:21.563847" elapsed="0.001801"/>
</iter>
<iter>
<kw name="Dictionary Should Contain Key" owner="Collections">
<arg>${json_data['results'][0]}</arg>
<arg>${key}</arg>
<doc>Fails if ``key`` is not found from ``dictionary``.</doc>
<status status="PASS" start="2024-07-31T00:57:21.565930" elapsed="0.000380"/>
</kw>
<kw name="Log" owner="BuiltIn">
<msg time="2024-07-31T00:57:21.566976" level="INFO">{'gender': 'female', 'name': {'title': 'Miss', 'first': 'Pascale', 'last': 'Fokkens'}, 'location': {'street': {'number': 6343, 'name': 'Achterkreek'}, 'city': 'Druten', 'state': 'Groningen', 'country': 'Netherlands', 'postcode': '6343 PP', 'coordinates': {'latitude': '35.8010', 'longitude': '8.1162'}, 'timezone': {'offset': '-11:00', 'description': 'Midway Island, Samoa'}}, 'email': 'pascale.fokkens@example.com', 'login': {'uuid': 'b320a035-2d1c-4b85-821a-9973827c1a9a', 'username': 'redmouse643', 'password': 'bcfields', 'salt': '1fVQItIi', 'md5': '4578f716d50b4bd2c90b20af6e9e39ad', 'sha1': '8ad7b7f24f25fba606a67029831aa11edd64ca48', 'sha256': '4d6c5ea43b713e9a0dcace9c948e2b5abc58078d47d6cf6cc5872954e597b016'}, 'dob': {'date': '1972-11-26T11:13:10.130Z', 'age': 51}, 'registered': {'date': '2006-02-25T11:38:51.781Z', 'age': 18}, 'phone': '(0056) 857381', 'cell': '(06) 21799445', 'id': {'name': 'BSN', 'value': '32916184'}, 'picture': {'large': 'https://randomuser.me/api/portraits/women/52.jpg', 'medium': 'https://randomuser.me/api/portraits/med/women/52.jpg', 'thumbnail': 'https://randomuser.me/api/portraits/thumb/women/52.jpg'}, 'nat': 'NL'}</msg>
<arg>${json_data['results'][0]}</arg>
<doc>Logs the given message with the given level.</doc>
<status status="PASS" start="2024-07-31T00:57:21.566620" elapsed="0.000405"/>
</kw>
<kw name="Log" owner="BuiltIn">
<msg time="2024-07-31T00:57:21.567454" level="INFO">email</msg>
<arg>${key}</arg>
<doc>Logs the given message with the given level.</doc>
<status status="PASS" start="2024-07-31T00:57:21.567325" elapsed="0.000168"/>
</kw>
<var name="${key}">email</var>
<status status="PASS" start="2024-07-31T00:57:21.565822" elapsed="0.001893"/>
</iter>
<iter>
<kw name="Dictionary Should Contain Key" owner="Collections">
<arg>${json_data['results'][0]}</arg>
<arg>${key}</arg>
<doc>Fails if ``key`` is not found from ``dictionary``.</doc>
<status status="PASS" start="2024-07-31T00:57:21.568016" elapsed="0.000385"/>
</kw>
<kw name="Log" owner="BuiltIn">
<msg time="2024-07-31T00:57:21.568932" level="INFO">{'gender': 'female', 'name': {'title': 'Miss', 'first': 'Pascale', 'last': 'Fokkens'}, 'location': {'street': {'number': 6343, 'name': 'Achterkreek'}, 'city': 'Druten', 'state': 'Groningen', 'country': 'Netherlands', 'postcode': '6343 PP', 'coordinates': {'latitude': '35.8010', 'longitude': '8.1162'}, 'timezone': {'offset': '-11:00', 'description': 'Midway Island, Samoa'}}, 'email': 'pascale.fokkens@example.com', 'login': {'uuid': 'b320a035-2d1c-4b85-821a-9973827c1a9a', 'username': 'redmouse643', 'password': 'bcfields', 'salt': '1fVQItIi', 'md5': '4578f716d50b4bd2c90b20af6e9e39ad', 'sha1': '8ad7b7f24f25fba606a67029831aa11edd64ca48', 'sha256': '4d6c5ea43b713e9a0dcace9c948e2b5abc58078d47d6cf6cc5872954e597b016'}, 'dob': {'date': '1972-11-26T11:13:10.130Z', 'age': 51}, 'registered': {'date': '2006-02-25T11:38:51.781Z', 'age': 18}, 'phone': '(0056) 857381', 'cell': '(06) 21799445', 'id': {'name': 'BSN', 'value': '32916184'}, 'picture': {'large': 'https://randomuser.me/api/portraits/women/52.jpg', 'medium': 'https://randomuser.me/api/portraits/med/women/52.jpg', 'thumbnail': 'https://randomuser.me/api/portraits/thumb/women/52.jpg'}, 'nat': 'NL'}</msg>
<arg>${json_data['results'][0]}</arg>
<doc>Logs the given message with the given level.</doc>
<status status="PASS" start="2024-07-31T00:57:21.568588" elapsed="0.000389"/>
</kw>
<kw name="Log" owner="BuiltIn">
<msg time="2024-07-31T00:57:21.569398" level="INFO">login</msg>
<arg>${key}</arg>
<doc>Logs the given message with the given level.</doc>
<status status="PASS" start="2024-07-31T00:57:21.569272" elapsed="0.000162"/>
</kw>
<var name="${key}">login</var>
<status status="PASS" start="2024-07-31T00:57:21.567888" elapsed="0.001759"/>
</iter>
<var>${key}</var>
<value>@{expected_keys}</value>
<status status="PASS" start="2024-07-31T00:57:21.559611" elapsed="0.010154"/>
</for>
<kw name="Create List" owner="BuiltIn">
<msg time="2024-07-31T00:57:21.570093" level="INFO">${expected_keysTwo} = ['username', 'password']</msg>
<var>${expected_keysTwo}</var>
<arg>username</arg>
<arg>password</arg>
<doc>Returns a list containing given items.</doc>
<status status="PASS" start="2024-07-31T00:57:21.569955" elapsed="0.000192"/>
</kw>
<for flavor="IN">
<iter>
<kw name="Dictionary Should Contain Key" owner="Collections">
<arg>${json_data['results'][0]['login']}</arg>
<arg>${keyTwo}</arg>
<doc>Fails if ``key`` is not found from ``dictionary``.</doc>
<status status="PASS" start="2024-07-31T00:57:21.570646" elapsed="0.000388"/>
</kw>
<kw name="Dictionary Should Contain Key" owner="Collections">
<arg>${json_data['results'][0]['login']}</arg>
<arg>${keyTwo}</arg>
<doc>Fails if ``key`` is not found from ``dictionary``.</doc>
<status status="PASS" start="2024-07-31T00:57:21.571213" elapsed="0.000365"/>
</kw>
<kw name="Log" owner="BuiltIn">
<msg time="2024-07-31T00:57:21.571872" level="INFO">username</msg>
<arg>${keyTwo}</arg>
<doc>Logs the given message with the given level.</doc>
<status status="PASS" start="2024-07-31T00:57:21.571753" elapsed="0.000157"/>
</kw>
<var name="${keyTwo}">username</var>
<status status="PASS" start="2024-07-31T00:57:21.570538" elapsed="0.001625"/>
</iter>
<iter>
<kw name="Dictionary Should Contain Key" owner="Collections">
<arg>${json_data['results'][0]['login']}</arg>
<arg>${keyTwo}</arg>
<doc>Fails if ``key`` is not found from ``dictionary``.</doc>
<status status="PASS" start="2024-07-31T00:57:21.572448" elapsed="0.000380"/>
</kw>
<kw name="Dictionary Should Contain Key" owner="Collections">
<arg>${json_data['results'][0]['login']}</arg>
<arg>${keyTwo}</arg>
<doc>Fails if ``key`` is not found from ``dictionary``.</doc>
<status status="PASS" start="2024-07-31T00:57:21.573008" elapsed="0.000373"/>
</kw>
<kw name="Log" owner="BuiltIn">
<msg time="2024-07-31T00:57:21.573685" level="INFO">password</msg>
<arg>${keyTwo}</arg>
<doc>Logs the given message with the given level.</doc>
<status status="PASS" start="2024-07-31T00:57:21.573559" elapsed="0.000162"/>
</kw>
<var name="${keyTwo}">password</var>
<status status="PASS" start="2024-07-31T00:57:21.572336" elapsed="0.001604"/>
</iter>
<var>${keyTwo}</var>
<value>@{expected_keysTwo}</value>
<status status="PASS" start="2024-07-31T00:57:21.570387" elapsed="0.003673"/>
</for>
<status status="PASS" start="2024-07-31T00:57:21.210975" elapsed="0.363226"/>
</kw>
<doc>Testa a estrutura da resposta da API.</doc>
<tag>testeEstruturaResposta</tag>
<status status="PASS" start="2024-07-31T00:57:21.210481" elapsed="0.363878"/>
</test>
<test id="s1-s1-t4" name="Validar tipos de dados" line="28">
<kw name="Teste de Tipos de Dados" owner="random-user-service">
<kw name="GET On Session" owner="RequestsLibrary">
<msg time="2024-07-31T00:57:21.721527" level="INFO">GET Request : url=https://randomuser.me/api 
 path_url=/api 
 headers={'User-Agent': 'python-requests/2.32.3', 'Accept-Encoding': 'gzip, deflate', 'Accept': '*/*', 'Connection': 'keep-alive'} 
 body=None 
 </msg>
<msg time="2024-07-31T00:57:21.721622" level="INFO">GET Response : url=https://randomuser.me/api 
 status=200, reason=OK 
 headers={'Date': 'Wed, 31 Jul 2024 00:57:21 GMT', 'Content-Type': 'application/json; charset=utf-8', 'Transfer-Encoding': 'chunked', 'Connection': 'keep-alive', 'X-Powered-By': 'Express', 'Access-Control-Allow-Origin': '*', 'Cache-Control': 'no-cache', 'ETag': 'W/"47d-kTIJMaKES+nr4a/5kv6WX7d9n/s"', 'Vary': 'Accept-Encoding', 'Content-Encoding': 'gzip', 'CF-Cache-Status': 'DYNAMIC', 'Report-To': '{"endpoints":[{"url":"https:\\/\\/a.nel.cloudflare.com\\/report\\/v4?s=Tn5HfqF3crWEwfp5XvQzqVw1qUEB%2FFPl8tnr5sJoI0XWhzd%2BwWn1qKFEXA6qwYlm%2BAJD6zyXyWZMQ3OkjLpCvcaTFVch%2BG2ARhnSAe2J7pg7gED4yTA93zWFNHjfkVZB"}],"group":"cf-nel","max_age":604800}', 'NEL': '{"success_fraction":0,"report_to":"cf-nel","max_age":604800}', 'Server': 'cloudflare', 'CF-RAY': '8ab9a245ed073b78-IAD', 'alt-svc': 'h3=":443"; ma=86400'} 
 body={"results":[{"gender":"female","name":{"title":"Ms","first":"Addison","last":"Bryant"},"location":{"street":{"number":6114,"name":"Lakeview St"},"city":"Dubbo","state":"New South Wales","country":"Australia","postcode":7424,"coordinates":{"latitude":"-84.1092","longitude":"76.1146"},"timezone":{"offset":"+5:45","description":"Kathmandu"}},"email":"addison.bryant@example.com","login":{"uuid":"01fb9752-55e3-491d-a226-b59da7af302d","username":"happypanda418","password":"blackie","salt":"w6oKgZPj","md5":"eaaa5072f2dfb1f9e7aa2eb6223c02ff","sha1":"1ae38ad1d25581b250a80bfab1815fa1687e202c","sha256":"e33e52b6850309bb9dc1ccc4d1502a79469d28e0b0140bf4647fbced6d04b17e"},"dob":{"date":"1978-02-24T03:21:11.511Z","age":46},"registered":{"date":"2018-10-06T02:40:24.272Z","age":5},"phone":"04-6920-1857","cell":"0413-462-238","id":{"name":"TFN","value":"458305465"},"picture":{"large":"https://randomuser.me/api/portraits/women/64.jpg","medium":"https://randomuser.me/api/portraits/med/women/64.jpg","thumbnail":"https://randomuser.me/api/portraits/thumb/women/64.jpg"},"nat":"AU"}],"info":{"seed":"a4aa2df215b164cf","results":1,"page":1,"version":"1.4"}} 
 </msg>
<msg time="2024-07-31T00:57:21.721690" level="INFO">/opt/hostedtoolcache/Python/3.12.4/x64/lib/python3.12/site-packages/urllib3/connectionpool.py:1099: InsecureRequestWarning: Unverified HTTPS request is being made to host 'randomuser.me'. Adding certificate verification is strongly advised. See: https://urllib3.readthedocs.io/en/latest/advanced-usage.html#tls-warnings
  warnings.warn(</msg>
<msg time="2024-07-31T00:57:21.721826" level="INFO">${response} = &lt;Response [200]&gt;</msg>
<var>${response}</var>
<arg>consultarAPI</arg>
<arg>/api</arg>
<doc>Sends a GET request on a previously created HTTP Session.</doc>
<status status="PASS" start="2024-07-31T00:57:21.577144" elapsed="0.144723"/>
</kw>
<kw name="Set Variable" owner="BuiltIn">
<msg time="2024-07-31T00:57:21.723134" level="INFO">${json_data} = {'results': [{'gender': 'female', 'name': {'title': 'Ms', 'first': 'Addison', 'last': 'Bryant'}, 'location': {'street': {'number': 6114, 'name': 'Lakeview St'}, 'city': 'Dubbo', 'state': 'New South Wa...</msg>
<var>${json_data}</var>
<arg>${response.json()}</arg>
<doc>Returns the given values which can then be assigned to a variables.</doc>
<status status="PASS" start="2024-07-31T00:57:21.722420" elapsed="0.000744"/>
</kw>
<kw name="Log" owner="BuiltIn">
<msg time="2024-07-31T00:57:21.723640" level="INFO">{'results': [{'gender': 'female', 'name': {'title': 'Ms', 'first': 'Addison', 'last': 'Bryant'}, 'location': {'street': {'number': 6114, 'name': 'Lakeview St'}, 'city': 'Dubbo', 'state': 'New South Wales', 'country': 'Australia', 'postcode': 7424, 'coordinates': {'latitude': '-84.1092', 'longitude': '76.1146'}, 'timezone': {'offset': '+5:45', 'description': 'Kathmandu'}}, 'email': 'addison.bryant@example.com', 'login': {'uuid': '01fb9752-55e3-491d-a226-b59da7af302d', 'username': 'happypanda418', 'password': 'blackie', 'salt': 'w6oKgZPj', 'md5': 'eaaa5072f2dfb1f9e7aa2eb6223c02ff', 'sha1': '1ae38ad1d25581b250a80bfab1815fa1687e202c', 'sha256': 'e33e52b6850309bb9dc1ccc4d1502a79469d28e0b0140bf4647fbced6d04b17e'}, 'dob': {'date': '1978-02-24T03:21:11.511Z', 'age': 46}, 'registered': {'date': '2018-10-06T02:40:24.272Z', 'age': 5}, 'phone': '04-6920-1857', 'cell': '0413-462-238', 'id': {'name': 'TFN', 'value': '458305465'}, 'picture': {'large': 'https://randomuser.me/api/portraits/women/64.jpg', 'medium': 'https://randomuser.me/api/portraits/med/women/64.jpg', 'thumbnail': 'https://randomuser.me/api/portraits/thumb/women/64.jpg'}, 'nat': 'AU'}], 'info': {'seed': 'a4aa2df215b164cf', 'results': 1, 'page': 1, 'version': '1.4'}}</msg>
<arg>${json_data}</arg>
<doc>Logs the given message with the given level.</doc>
<status status="PASS" start="2024-07-31T00:57:21.723481" elapsed="0.000207"/>
</kw>
<kw name="Should Be String" owner="String">
<arg>${json_data['results'][0]['gender']}</arg>
<doc>Fails if the given ``item`` is not a string.</doc>
<status status="PASS" start="2024-07-31T00:57:21.724012" elapsed="0.000380"/>
</kw>
<kw name="Should Match Regexp" owner="BuiltIn">
<arg>${json_data['results'][0]['email']}</arg>
<arg>^[a-zA-Z0-9._%+-]+@[a-zA-Z0-9.-]+\.[a-zA-Z]{2,}$</arg>
<doc>Fails if ``string`` does not match ``pattern`` as a regular expression.</doc>
<status status="PASS" start="2024-07-31T00:57:21.724586" elapsed="0.000519"/>
</kw>
<kw name="Should Match Regexp" owner="BuiltIn">
<arg>${json_data['results'][0]['dob']['date']}</arg>
<arg>\\d{4}-\\d{2}-\\d{2}T\\d{2}:\\d{2}:\\d{2}\\.\\d{3}Z</arg>
<doc>Fails if ``string`` does not match ``pattern`` as a regular expression.</doc>
<status status="PASS" start="2024-07-31T00:57:21.725348" elapsed="0.000651"/>
</kw>
<kw name="Should Match Regexp" owner="BuiltIn">
<arg>${json_data['results'][0]['registered']['date']}</arg>
<arg>\\d{4}-\\d{2}-\\d{2}T\\d{2}:\\d{2}:\\d{2}\\.\\d{3}Z</arg>
<doc>Fails if ``string`` does not match ``pattern`` as a regular expression.</doc>
<status status="PASS" start="2024-07-31T00:57:21.726200" elapsed="0.000376"/>
</kw>
<kw name="Should Match Regexp" owner="BuiltIn">
<arg>${json_data['results'][0]['picture']['large']}</arg>
<arg>^https?://.*\.(?:png|jpe?g|gif|bmp)$</arg>
<doc>Fails if ``string`` does not match ``pattern`` as a regular expression.</doc>
<status status="PASS" start="2024-07-31T00:57:21.726767" elapsed="0.000464"/>
</kw>
<kw name="Should Match Regexp" owner="BuiltIn">
<arg>${json_data['results'][0]['picture']['medium']}</arg>
<arg>^https?://.*\.(?:png|jpe?g|gif|bmp)$</arg>
<doc>Fails if ``string`` does not match ``pattern`` as a regular expression.</doc>
<status status="PASS" start="2024-07-31T00:57:21.727421" elapsed="0.000357"/>
</kw>
<kw name="Should Match Regexp" owner="BuiltIn">
<arg>${json_data['results'][0]['picture']['thumbnail']}</arg>
<arg>^https?://.*\.(?:png|jpe?g|gif|bmp)$</arg>
<doc>Fails if ``string`` does not match ``pattern`` as a regular expression.</doc>
<status status="PASS" start="2024-07-31T00:57:21.727985" elapsed="0.000369"/>
</kw>
<kw name="Log" owner="BuiltIn">
<msg time="2024-07-31T00:57:21.728864" level="INFO">{'large': 'https://randomuser.me/api/portraits/women/64.jpg', 'medium': 'https://randomuser.me/api/portraits/med/women/64.jpg', 'thumbnail': 'https://randomuser.me/api/portraits/thumb/women/64.jpg'}</msg>
<arg>${json_data['results'][0]['picture']}</arg>
<doc>Logs the given message with the given level.</doc>
<status status="PASS" start="2024-07-31T00:57:21.728538" elapsed="0.000370"/>
</kw>
<status status="PASS" start="2024-07-31T00:57:21.576819" elapsed="0.152350"/>
</kw>
<kw name="Teste de Tipos de Dados - Postcode" owner="random-user-service">
<kw name="GET On Session" owner="RequestsLibrary">
<msg time="2024-07-31T00:57:21.803129" level="INFO">GET Request : url=https://randomuser.me/api 
 path_url=/api 
 headers={'User-Agent': 'python-requests/2.32.3', 'Accept-Encoding': 'gzip, deflate', 'Accept': '*/*', 'Connection': 'keep-alive'} 
 body=None 
 </msg>
<msg time="2024-07-31T00:57:21.803217" level="INFO">GET Response : url=https://randomuser.me/api 
 status=200, reason=OK 
 headers={'Date': 'Wed, 31 Jul 2024 00:57:21 GMT', 'Content-Type': 'application/json; charset=utf-8', 'Transfer-Encoding': 'chunked', 'Connection': 'keep-alive', 'X-Powered-By': 'Express', 'Access-Control-Allow-Origin': '*', 'Cache-Control': 'no-cache', 'ETag': 'W/"48a-b7ewGjym6Z+IiNUjiFnTX8SZHkw"', 'Vary': 'Accept-Encoding', 'Content-Encoding': 'gzip', 'CF-Cache-Status': 'DYNAMIC', 'Report-To': '{"endpoints":[{"url":"https:\\/\\/a.nel.cloudflare.com\\/report\\/v4?s=GaXZA9mzElZto6wDi9zAWWaHiS8CXbZdkbNg8a35KPVucxEzdn8qiUrMjldlzGHapC6e2DQWZFlGCejj7cjQ29zCfXgWnfNGyyb1tRCOyh5zRz4ZJ7UXVAY5xw6ATJ4d"}],"group":"cf-nel","max_age":604800}', 'NEL': '{"success_fraction":0,"report_to":"cf-nel","max_age":604800}', 'Server': 'cloudflare', 'CF-RAY': '8ab9a246de193b78-IAD', 'alt-svc': 'h3=":443"; ma=86400'} 
 body={"results":[{"gender":"male","name":{"title":"Monsieur","first":"Friedrich","last":"Laurent"},"location":{"street":{"number":9634,"name":"Rue Dugas-Montbel"},"city":"Freienwil","state":"Solothurn","country":"Switzerland","postcode":4773,"coordinates":{"latitude":"-57.2266","longitude":"-63.7456"},"timezone":{"offset":"+4:30","description":"Kabul"}},"email":"friedrich.laurent@example.com","login":{"uuid":"57afd4b8-32e5-4c5f-861f-fe6d6ff0110d","username":"bigwolf974","password":"heyhey","salt":"ml5vXv0F","md5":"6417de21e79126ba33575974beefed08","sha1":"bea9e9164749eb44ac778904945402d352454b0e","sha256":"83a155110b2c9f3c802e37b90f6ffaa0843c1c6abe2820444cd6db111a87520a"},"dob":{"date":"1996-04-03T20:00:54.624Z","age":28},"registered":{"date":"2010-11-21T07:07:59.843Z","age":13},"phone":"079 900 10 89","cell":"075 235 04 23","id":{"name":"AVS","value":"756.4138.6862.78"},"picture":{"large":"https://randomuser.me/api/portraits/men/84.jpg","medium":"https://randomuser.me/api/portraits/med/men/84.jpg","thumbnail":"https://randomuser.me/api/portraits/thumb/men/84.jpg"},"nat":"CH"}],"info":{"seed":"1898e2ca6125d3ce","results":1,"page":1,"version":"1.4"}} 
 </msg>
<msg time="2024-07-31T00:57:21.803287" level="INFO">/opt/hostedtoolcache/Python/3.12.4/x64/lib/python3.12/site-packages/urllib3/connectionpool.py:1099: InsecureRequestWarning: Unverified HTTPS request is being made to host 'randomuser.me'. Adding certificate verification is strongly advised. See: https://urllib3.readthedocs.io/en/latest/advanced-usage.html#tls-warnings
  warnings.warn(</msg>
<msg time="2024-07-31T00:57:21.803420" level="INFO">${response} = &lt;Response [200]&gt;</msg>
<var>${response}</var>
<arg>consultarAPI</arg>
<arg>/api</arg>
<doc>Sends a GET request on a previously created HTTP Session.</doc>
<status status="PASS" start="2024-07-31T00:57:21.729634" elapsed="0.073826"/>
</kw>
<kw name="Set Variable" owner="BuiltIn">
<msg time="2024-07-31T00:57:21.804352" level="INFO">${json_data} = {'results': [{'gender': 'male', 'name': {'title': 'Monsieur', 'first': 'Friedrich', 'last': 'Laurent'}, 'location': {'street': {'number': 9634, 'name': 'Rue Dugas-Montbel'}, 'city': 'Freienwil', 'stat...</msg>
<var>${json_data}</var>
<arg>${response.json()}</arg>
<doc>Returns the given values which can then be assigned to a variables.</doc>
<status status="PASS" start="2024-07-31T00:57:21.803860" elapsed="0.000520"/>
</kw>
<kw name="Log" owner="BuiltIn">
<msg time="2024-07-31T00:57:21.804840" level="INFO">{'results': [{'gender': 'male', 'name': {'title': 'Monsieur', 'first': 'Friedrich', 'last': 'Laurent'}, 'location': {'street': {'number': 9634, 'name': 'Rue Dugas-Montbel'}, 'city': 'Freienwil', 'state': 'Solothurn', 'country': 'Switzerland', 'postcode': 4773, 'coordinates': {'latitude': '-57.2266', 'longitude': '-63.7456'}, 'timezone': {'offset': '+4:30', 'description': 'Kabul'}}, 'email': 'friedrich.laurent@example.com', 'login': {'uuid': '57afd4b8-32e5-4c5f-861f-fe6d6ff0110d', 'username': 'bigwolf974', 'password': 'heyhey', 'salt': 'ml5vXv0F', 'md5': '6417de21e79126ba33575974beefed08', 'sha1': 'bea9e9164749eb44ac778904945402d352454b0e', 'sha256': '83a155110b2c9f3c802e37b90f6ffaa0843c1c6abe2820444cd6db111a87520a'}, 'dob': {'date': '1996-04-03T20:00:54.624Z', 'age': 28}, 'registered': {'date': '2010-11-21T07:07:59.843Z', 'age': 13}, 'phone': '079 900 10 89', 'cell': '075 235 04 23', 'id': {'name': 'AVS', 'value': '756.4138.6862.78'}, 'picture': {'large': 'https://randomuser.me/api/portraits/men/84.jpg', 'medium': 'https://randomuser.me/api/portraits/med/men/84.jpg', 'thumbnail': 'https://randomuser.me/api/portraits/thumb/men/84.jpg'}, 'nat': 'CH'}], 'info': {'seed': '1898e2ca6125d3ce', 'results': 1, 'page': 1, 'version': '1.4'}}</msg>
<arg>${json_data}</arg>
<doc>Logs the given message with the given level.</doc>
<status status="PASS" start="2024-07-31T00:57:21.804685" elapsed="0.000200"/>
</kw>
<kw name="Should Be Equal As Numbers" owner="BuiltIn">
<arg>${json_data['results'][0]['location']['postcode']}</arg>
<arg>${json_data['results'][0]['location']['postcode']}</arg>
<doc>Fails if objects are unequal after converting them to real numbers.</doc>
<status status="PASS" start="2024-07-31T00:57:21.805178" elapsed="0.000630"/>
</kw>
<kw name="Log" owner="BuiltIn">
<msg time="2024-07-31T00:57:21.806339" level="INFO">4773</msg>
<arg>${json_data['results'][0]['location']['postcode']}</arg>
<doc>Logs the given message with the given level.</doc>
<status status="PASS" start="2024-07-31T00:57:21.806003" elapsed="0.000377"/>
</kw>
<status status="PASS" start="2024-07-31T00:57:21.729397" elapsed="0.077263"/>
</kw>
<doc>Testa se os tipos de dados na resposta da API estão corretos.</doc>
<tag>testeTiposDados</tag>
<status status="PASS" start="2024-07-31T00:57:21.576134" elapsed="0.230694"/>
</test>
<test id="s1-s1-t5" name="Validar conteudo" line="35">
<kw name="Teste de Tipos de Conteudo" owner="random-user-service">
<kw name="GET On Session" owner="RequestsLibrary">
<msg time="2024-07-31T00:57:21.868584" level="INFO">GET Request : url=https://randomuser.me/api 
 path_url=/api 
 headers={'User-Agent': 'python-requests/2.32.3', 'Accept-Encoding': 'gzip, deflate', 'Accept': '*/*', 'Connection': 'keep-alive'} 
 body=None 
 </msg>
<msg time="2024-07-31T00:57:21.868687" level="INFO">GET Response : url=https://randomuser.me/api 
 status=200, reason=OK 
 headers={'Date': 'Wed, 31 Jul 2024 00:57:21 GMT', 'Content-Type': 'application/json; charset=utf-8', 'Transfer-Encoding': 'chunked', 'Connection': 'keep-alive', 'X-Powered-By': 'Express', 'Access-Control-Allow-Origin': '*', 'Cache-Control': 'no-cache', 'ETag': 'W/"4b4-/zsYNWjB0++v5MemE/mfqDREY9s"', 'Vary': 'Accept-Encoding', 'Content-Encoding': 'gzip', 'CF-Cache-Status': 'DYNAMIC', 'Report-To': '{"endpoints":[{"url":"https:\\/\\/a.nel.cloudflare.com\\/report\\/v4?s=nOVSM3M2srkI5onff89VtFRFL%2BzJrGoks37PVWkHUGkeFTEEP171V3IEJA1vyh0BsL5nK0qMJLxlCcFYC4EfCJzeCKNrwgQfvZakZPyUUa%2Fo%2BIBwGKBixNpUui2Cn7xK"}],"group":"cf-nel","max_age":604800}', 'NEL': '{"success_fraction":0,"report_to":"cf-nel","max_age":604800}', 'Server': 'cloudflare', 'CF-RAY': '8ab9a2475ea13b78-IAD', 'alt-svc': 'h3=":443"; ma=86400'} 
 body={"results":[{"gender":"female","name":{"title":"Mrs","first":"Gloria","last":"Salgado"},"location":{"street":{"number":4000,"name":"Ampliación Sur Zapata"},"city":"San Juan Tecomatlán","state":"Nuevo Leon","country":"Mexico","postcode":72820,"coordinates":{"latitude":"25.9333","longitude":"109.8478"},"timezone":{"offset":"+9:00","description":"Tokyo, Seoul, Osaka, Sapporo, Yakutsk"}},"email":"gloria.salgado@example.com","login":{"uuid":"7d8d60b9-bd7d-44eb-8ff6-362cd3b932c8","username":"happydog448","password":"window","salt":"1B2r4Rr8","md5":"ff40c36137b43677d5fa3fb92b431bdc","sha1":"2bef1f2aad6acb2f3227d7376abe211a89c16cf3","sha256":"13e518e6a38beab17925e188dea6d8107bc639fad08a54fc1cbde12c4d21dd8e"},"dob":{"date":"1954-01-08T17:49:46.765Z","age":70},"registered":{"date":"2018-04-15T22:36:06.327Z","age":6},"phone":"(626) 521 8501","cell":"(613) 408 2899","id":{"name":"NSS","value":"31 50 61 0053 4"},"picture":{"large":"https://randomuser.me/api/portraits/women/80.jpg","medium":"https://randomuser.me/api/portraits/med/women/80.jpg","thumbnail":"https://randomuser.me/api/portraits/thumb/women/80.jpg"},"nat":"MX"}],"info":{"seed":"922086ee88081e25","results":1,"page":1,"version":"1.4"}} 
 </msg>
<msg time="2024-07-31T00:57:21.868754" level="INFO">/opt/hostedtoolcache/Python/3.12.4/x64/lib/python3.12/site-packages/urllib3/connectionpool.py:1099: InsecureRequestWarning: Unverified HTTPS request is being made to host 'randomuser.me'. Adding certificate verification is strongly advised. See: https://urllib3.readthedocs.io/en/latest/advanced-usage.html#tls-warnings
  warnings.warn(</msg>
<msg time="2024-07-31T00:57:21.868883" level="INFO">${response} = &lt;Response [200]&gt;</msg>
<var>${response}</var>
<arg>consultarAPI</arg>
<arg>/api</arg>
<doc>Sends a GET request on a previously created HTTP Session.</doc>
<status status="PASS" start="2024-07-31T00:57:21.809342" elapsed="0.059581"/>
</kw>
<kw name="Set Variable" owner="BuiltIn">
<msg time="2024-07-31T00:57:21.869960" level="INFO">${json_data} = {'results': [{'gender': 'female', 'name': {'title': 'Mrs', 'first': 'Gloria', 'last': 'Salgado'}, 'location': {'street': {'number': 4000, 'name': 'Ampliación Sur Zapata'}, 'city': 'San Juan Tecomatlán...</msg>
<var>${json_data}</var>
<arg>${response.json()}</arg>
<doc>Returns the given values which can then be assigned to a variables.</doc>
<status status="PASS" start="2024-07-31T00:57:21.869440" elapsed="0.000552"/>
</kw>
<kw name="Set Variable" owner="BuiltIn">
<msg time="2024-07-31T00:57:21.870700" level="INFO">${name_title} = Mrs</msg>
<var>${name_title}</var>
<arg>${json_data["results"][0]["name"]["title"]}</arg>
<doc>Returns the given values which can then be assigned to a variables.</doc>
<status status="PASS" start="2024-07-31T00:57:21.870311" elapsed="0.000414"/>
</kw>
<kw name="Create List" owner="BuiltIn">
<msg time="2024-07-31T00:57:21.871179" level="INFO">${allowed_titles} = ['Mr', 'Ms', 'Miss', 'Mrs', 'Madame', 'Monsieur']</msg>
<var>${allowed_titles}</var>
<arg>Mr</arg>
<arg>Ms</arg>
<arg>Miss</arg>
<arg>Mrs</arg>
<arg>Madame</arg>
<arg>Monsieur</arg>
<doc>Returns a list containing given items.</doc>
<status status="PASS" start="2024-07-31T00:57:21.871028" elapsed="0.000175"/>
</kw>
<kw name="List Should Contain Value" owner="Collections">
<arg>${allowed_titles}</arg>
<arg>${name_title}</arg>
<doc>Fails if the ``value`` is not found from ``list``.</doc>
<status status="PASS" start="2024-07-31T00:57:21.871505" elapsed="0.000186"/>
</kw>
<kw name="Set Variable" owner="BuiltIn">
<msg time="2024-07-31T00:57:21.872379" level="INFO">${name_country} = MX</msg>
<var>${name_country}</var>
<arg>${json_data["results"][0]["nat"]}</arg>
<doc>Returns the given values which can then be assigned to a variables.</doc>
<status status="PASS" start="2024-07-31T00:57:21.871875" elapsed="0.000532"/>
</kw>
<kw name="Create List" owner="BuiltIn">
<msg time="2024-07-31T00:57:21.873318" level="INFO">${list_country} = ['AD', 'AE', 'AF', 'AG', 'AI', 'AL', 'AM', 'AO', 'AQ', 'AR', 'AS', 'AT', 'AU', 'AW', 'AX', 'AZ', 'BA', 'BB', 'BD', 'BE', 'BF', 'BG', 'BH', 'BI', 'BJ', 'BL', 'BM', 'BN', 'BO', 'BQ', 'BR', 'BS', 'BT', '...</msg>
<var>${list_country}</var>
<arg>AD</arg>
<arg>AE</arg>
<arg>AF</arg>
<arg>AG</arg>
<arg>AI</arg>
<arg>AL</arg>
<arg>AM</arg>
<arg>AO</arg>
<arg>AQ</arg>
<arg>AR</arg>
<arg>AS</arg>
<arg>AT</arg>
<arg>AU</arg>
<arg>AW</arg>
<arg>AX</arg>
<arg>AZ</arg>
<arg>BA</arg>
<arg>BB</arg>
<arg>BD</arg>
<arg>BE</arg>
<arg>BF</arg>
<arg>BG</arg>
<arg>BH</arg>
<arg>BI</arg>
<arg>BJ</arg>
<arg>BL</arg>
<arg>BM</arg>
<arg>BN</arg>
<arg>BO</arg>
<arg>BQ</arg>
<arg>BR</arg>
<arg>BS</arg>
<arg>BT</arg>
<arg>BV</arg>
<arg>BW</arg>
<arg>BY</arg>
<arg>BZ</arg>
<arg>CA</arg>
<arg>CC</arg>
<arg>CD</arg>
<arg>CF</arg>
<arg>CG</arg>
<arg>CH</arg>
<arg>CI</arg>
<arg>CK</arg>
<arg>CL</arg>
<arg>CM</arg>
<arg>CN</arg>
<arg>CO</arg>
<arg>CR</arg>
<arg>CU</arg>
<arg>CV</arg>
<arg>CW</arg>
<arg>CX</arg>
<arg>CY</arg>
<arg>CZ</arg>
<arg>DE</arg>
<arg>DJ</arg>
<arg>DK</arg>
<arg>DM</arg>
<arg>DO</arg>
<arg>DZ</arg>
<arg>EC</arg>
<arg>EE</arg>
<arg>EG</arg>
<arg>EH</arg>
<arg>ER</arg>
<arg>ES</arg>
<arg>ET</arg>
<arg>FI</arg>
<arg>FJ</arg>
<arg>FK</arg>
<arg>FM</arg>
<arg>FO</arg>
<arg>FR</arg>
<arg>GA</arg>
<arg>GB</arg>
<arg>GD</arg>
<arg>GE</arg>
<arg>GF</arg>
<arg>GG</arg>
<arg>GH</arg>
<arg>GI</arg>
<arg>GL</arg>
<arg>GM</arg>
<arg>GN</arg>
<arg>GP</arg>
<arg>GQ</arg>
<arg>GR</arg>
<arg>GS</arg>
<arg>GT</arg>
<arg>GU</arg>
<arg>GW</arg>
<arg>GY</arg>
<arg>HK</arg>
<arg>HM</arg>
<arg>HN</arg>
<arg>HR</arg>
<arg>HT</arg>
<arg>HU</arg>
<arg>ID</arg>
<arg>IE</arg>
<arg>IL</arg>
<arg>IM</arg>
<arg>IN</arg>
<arg>IO</arg>
<arg>IQ</arg>
<arg>IR</arg>
<arg>IS</arg>
<arg>IT</arg>
<arg>JE</arg>
<arg>JM</arg>
<arg>JO</arg>
<arg>JP</arg>
<arg>KE</arg>
<arg>KG</arg>
<arg>KH</arg>
<arg>KI</arg>
<arg>KM</arg>
<arg>KN</arg>
<arg>KP</arg>
<arg>KR</arg>
<arg>KW</arg>
<arg>KY</arg>
<arg>KZ</arg>
<arg>LA</arg>
<arg>LB</arg>
<arg>LC</arg>
<arg>LI</arg>
<arg>LK</arg>
<arg>LR</arg>
<arg>LS</arg>
<arg>LT</arg>
<arg>LU</arg>
<arg>LV</arg>
<arg>LY</arg>
<arg>MA</arg>
<arg>MC</arg>
<arg>MD</arg>
<arg>ME</arg>
<arg>MF</arg>
<arg>MG</arg>
<arg>MH</arg>
<arg>MK</arg>
<arg>ML</arg>
<arg>MM</arg>
<arg>MN</arg>
<arg>MO</arg>
<arg>MP</arg>
<arg>MQ</arg>
<arg>MR</arg>
<arg>MS</arg>
<arg>MT</arg>
<arg>MU</arg>
<arg>MV</arg>
<arg>MW</arg>
<arg>MX</arg>
<arg>MY</arg>
<arg>MZ</arg>
<arg>NA</arg>
<arg>NC</arg>
<arg>NE</arg>
<arg>NF</arg>
<arg>NG</arg>
<arg>NI</arg>
<arg>NL</arg>
<arg>NO</arg>
<arg>NP</arg>
<arg>NR</arg>
<arg>NU</arg>
<arg>NZ</arg>
<arg>OM</arg>
<arg>PA</arg>
<arg>PE</arg>
<arg>PF</arg>
<arg>PG</arg>
<arg>PH</arg>
<arg>PK</arg>
<arg>PL</arg>
<arg>PM</arg>
<arg>PN</arg>
<arg>PR</arg>
<arg>PS</arg>
<arg>PT</arg>
<arg>PW</arg>
<arg>PY</arg>
<arg>QA</arg>
<arg>RE</arg>
<arg>RO</arg>
<arg>RS</arg>
<arg>RU</arg>
<arg>RW</arg>
<arg>SA</arg>
<arg>SB</arg>
<arg>SC</arg>
<arg>SD</arg>
<arg>SE</arg>
<arg>SG</arg>
<arg>SH</arg>
<arg>SI</arg>
<arg>SJ</arg>
<arg>SK</arg>
<arg>SL</arg>
<arg>SM</arg>
<arg>SN</arg>
<arg>SO</arg>
<arg>SR</arg>
<arg>SS</arg>
<arg>ST</arg>
<arg>SV</arg>
<arg>SX</arg>
<arg>SY</arg>
<arg>SZ</arg>
<arg>TC</arg>
<arg>TD</arg>
<arg>TF</arg>
<arg>TG</arg>
<arg>TH</arg>
<arg>TJ</arg>
<arg>TK</arg>
<arg>TL</arg>
<arg>TM</arg>
<arg>TN</arg>
<arg>TO</arg>
<arg>TR</arg>
<arg>TT</arg>
<arg>TV</arg>
<arg>TW</arg>
<arg>TZ</arg>
<arg>UA</arg>
<arg>UG</arg>
<arg>UM</arg>
<arg>US</arg>
<arg>UY</arg>
<arg>UZ</arg>
<arg>VA</arg>
<arg>VC</arg>
<arg>VE</arg>
<arg>VG</arg>
<arg>VI</arg>
<arg>VN</arg>
<arg>VU</arg>
<arg>WF</arg>
<arg>WS</arg>
<arg>XK</arg>
<arg>YE</arg>
<arg>YT</arg>
<arg>ZA</arg>
<arg>ZM</arg>
<arg>ZW</arg>
<doc>Returns a list containing given items.</doc>
<status status="PASS" start="2024-07-31T00:57:21.872717" elapsed="0.000627"/>
</kw>
<kw name="List Should Contain Value" owner="Collections">
<arg>${list_country}</arg>
<arg>${name_country}</arg>
<doc>Fails if the ``value`` is not found from ``list``.</doc>
<status status="PASS" start="2024-07-31T00:57:21.874318" elapsed="0.000214"/>
</kw>
<kw name="Run Keyword If" owner="BuiltIn">
<kw name="Should Be True" owner="BuiltIn">
<arg>${True}</arg>
<doc>Fails if the given condition is not true.</doc>
<status status="PASS" start="2024-07-31T00:57:21.875500" elapsed="0.000144"/>
</kw>
<arg>${json_data["results"][0]["location"]["coordinates"]["latitude"]} &gt;= -90 and ${json_data["results"][0]["location"]["coordinates"]["latitude"]} &lt;= 90</arg>
<arg>Should Be True</arg>
<arg>${True}</arg>
<doc>Runs the given keyword with the given arguments, if ``condition`` is true.</doc>
<status status="PASS" start="2024-07-31T00:57:21.874735" elapsed="0.001036"/>
</kw>
<kw name="Run Keyword If" owner="BuiltIn">
<kw name="Should Be True" owner="BuiltIn">
<arg>${True}</arg>
<doc>Fails if the given condition is not true.</doc>
<status status="PASS" start="2024-07-31T00:57:21.876690" elapsed="0.000139"/>
</kw>
<arg>${json_data["results"][0]["location"]["coordinates"]["longitude"]} &gt;= -180 and ${json_data["results"][0]["location"]["coordinates"]["longitude"]} &lt;= 180</arg>
<arg>Should Be True</arg>
<arg>${True}</arg>
<doc>Runs the given keyword with the given arguments, if ``condition`` is true.</doc>
<status status="PASS" start="2024-07-31T00:57:21.875976" elapsed="0.000977"/>
</kw>
<status status="PASS" start="2024-07-31T00:57:21.809120" elapsed="0.067966"/>
</kw>
<doc>Testa o conteúdo específico dos campos retornados pela API.</doc>
<tag>testeConteudo</tag>
<status status="PASS" start="2024-07-31T00:57:21.808602" elapsed="0.068638"/>
</test>
<status status="PASS" start="2024-07-31T00:57:19.845774" elapsed="2.033442"/>
</suite>
<status status="PASS" start="2024-07-31T00:57:19.830856" elapsed="2.053488"/>
</suite>
<statistics>
<total>
<stat pass="5" fail="0" skip="0">All Tests</stat>
</total>
<tag>
<stat pass="1" fail="0" skip="0">testeConteudo</stat>
<stat pass="1" fail="0" skip="0">testeEstruturaResposta</stat>
<stat pass="1" fail="0" skip="0">testeRequisicaoBasica</stat>
<stat pass="1" fail="0" skip="0">testeTiposDados</stat>
</tag>
<suite>
<stat pass="5" fail="0" skip="0" id="s1" name="Tests">Tests</stat>
<stat pass="5" fail="0" skip="0" id="s1-s1" name="Random-User-Test">Tests.Random-User-Test</stat>
</suite>
</statistics>
<errors>
</errors>
</robot>
