<?xml version="1.0" encoding="UTF-8"?>
<robot generator="Robot 7.0 (Python 3.12.2 on linux)" generated="2024-04-03T18:16:46.811601" rpa="false" schemaversion="5">
<suite id="s1" name="Tests" source="/home/runner/work/DesafioQAItauRogerioJordao/DesafioQAItauRogerioJordao/RamdonUser/tests">
<suite id="s1-s1" name="Random-User-Test" source="/home/runner/work/DesafioQAItauRogerioJordao/DesafioQAItauRogerioJordao/RamdonUser/tests/random-user-test.robot">
<test id="s1-s1-t1" name="Conectar" line="13">
<kw name="Conectar API" owner="random-user-service">
<kw name="Create Session" owner="RequestsLibrary">
<msg time="2024-04-03T18:16:47.174254" level="INFO">Creating Session using : alias=consultarAPI, url=https://randomuser.me/, headers={},                     cookies={}, auth=None, timeout=None, proxies=None, verify=False,                     debug=0 </msg>
<arg>consultarAPI</arg>
<arg>${URL}</arg>
<doc>Create Session: create a HTTP session to a server</doc>
<status status="PASS" start="2024-04-03T18:16:47.174042" elapsed="0.000402"/>
</kw>
<status status="PASS" start="2024-04-03T18:16:47.172917" elapsed="0.001903"/>
</kw>
<status status="PASS" start="2024-04-03T18:16:47.172334" elapsed="0.002695"/>
</test>
<test id="s1-s1-t2" name="Validar retorno 200 e JSON Válido" line="16">
<kw name="Teste de Requisicao Basica" owner="random-user-service">
<kw name="GET On Session" owner="RequestsLibrary">
<msg time="2024-04-03T18:16:47.255914" level="INFO">GET Request : url=https://randomuser.me/api 
 path_url=/api 
 headers={'User-Agent': 'python-requests/2.31.0', 'Accept-Encoding': 'gzip, deflate', 'Accept': '*/*', 'Connection': 'keep-alive'} 
 body=None 
 </msg>
<msg time="2024-04-03T18:16:47.256063" level="INFO">GET Response : url=https://randomuser.me/api 
 status=200, reason=OK 
 headers={'Date': 'Wed, 03 Apr 2024 18:16:47 GMT', 'Content-Type': 'application/json; charset=utf-8', 'Transfer-Encoding': 'chunked', 'Connection': 'keep-alive', 'X-Powered-By': 'Express', 'Access-Control-Allow-Origin': '*', 'Cache-Control': 'no-cache', 'ETag': 'W/"4b2-ShWcFMEPVQY/lHQJQeaK6lUjKBw"', 'Vary': 'Accept-Encoding', 'Content-Encoding': 'gzip', 'CF-Cache-Status': 'DYNAMIC', 'Report-To': '{"endpoints":[{"url":"https:\\/\\/a.nel.cloudflare.com\\/report\\/v4?s=U6XjyM3grZH12Lvv4xDEMESTEMfHsDu8v7qxhWkGkZD1uQfBXTxxEqClVC88PCDdLhIPCuwlpLt%2Fh0DUVFOTQWO9x6F1fBLaj4asPgqQn9%2Fmv5juEYlhkJFCpJgrf%2Bsd"}],"group":"cf-nel","max_age":604800}', 'NEL': '{"success_fraction":0,"report_to":"cf-nel","max_age":604800}', 'Server': 'cloudflare', 'CF-RAY': '86eb0d3f0dfa8197-IAD', 'alt-svc': 'h3=":443"; ma=86400'} 
 body={"results":[{"gender":"female","name":{"title":"Ms","first":"Claudine","last":"de Souza"},"location":{"street":{"number":9200,"name":"Rua Pará "},"city":"Nossa Senhora do Socorro","state":"Paraná","country":"Brazil","postcode":92926,"coordinates":{"latitude":"-75.5631","longitude":"49.3360"},"timezone":{"offset":"+11:00","description":"Magadan, Solomon Islands, New Caledonia"}},"email":"claudine.desouza@example.com","login":{"uuid":"25bfe798-ea4c-44a6-a8b4-d1b93fac1240","username":"brownswan159","password":"picture","salt":"NsXtNykF","md5":"9baa5b037e6ad1b7d0634d306a41d568","sha1":"5f03a83fe374733f5d91717b43c086004205c5e8","sha256":"51cfcf79fe2eca1e85954716c472c0a446c00ba53a2a505010f27bc22625a062"},"dob":{"date":"1986-02-10T06:23:31.657Z","age":38},"registered":{"date":"2013-10-16T20:21:11.712Z","age":10},"phone":"(96) 7013-0441","cell":"(60) 8060-7681","id":{"name":"CPF","value":"974.973.634-74"},"picture":{"large":"https://randomuser.me/api/portraits/women/22.jpg","medium":"https://randomuser.me/api/portraits/med/women/22.jpg","thumbnail":"https://randomuser.me/api/portraits/thumb/women/22.jpg"},"nat":"BR"}],"info":{"seed":"875544fb540ebd0d","results":1,"page":1,"version":"1.4"}} 
 </msg>
<msg time="2024-04-03T18:16:47.256198" level="INFO">/opt/hostedtoolcache/Python/3.12.2/x64/lib/python3.12/site-packages/urllib3/connectionpool.py:1103: InsecureRequestWarning: Unverified HTTPS request is being made to host 'randomuser.me'. Adding certificate verification is strongly advised. See: https://urllib3.readthedocs.io/en/latest/advanced-usage.html#tls-warnings
  warnings.warn(</msg>
<msg time="2024-04-03T18:16:47.256367" level="INFO">${response} = &lt;Response [200]&gt;</msg>
<var>${response}</var>
<arg>consultarAPI</arg>
<arg>/api</arg>
<doc>Sends a GET request on a previously created HTTP Session.</doc>
<status status="PASS" start="2024-04-03T18:16:47.177660" elapsed="0.078748"/>
</kw>
<kw name="Should Be Equal As Numbers" owner="BuiltIn">
<msg time="2024-04-03T18:16:47.257716" level="INFO">Argument types are:
&lt;class 'int'&gt;
&lt;class 'str'&gt;</msg>
<arg>${response.status_code}</arg>
<arg>200</arg>
<doc>Fails if objects are unequal after converting them to real numbers.</doc>
<status status="PASS" start="2024-04-03T18:16:47.256965" elapsed="0.000827"/>
</kw>
<kw name="Log" owner="BuiltIn">
<msg time="2024-04-03T18:16:47.258504" level="INFO">200</msg>
<arg>${response.status_code}</arg>
<doc>Logs the given message with the given level.</doc>
<status status="PASS" start="2024-04-03T18:16:47.258130" elapsed="0.000418"/>
</kw>
<kw name="Set Variable" owner="BuiltIn">
<msg time="2024-04-03T18:16:47.259349" level="INFO">${json_data} = {'results': [{'gender': 'female', 'name': {'title': 'Ms', 'first': 'Claudine', 'last': 'de Souza'}, 'location': {'street': {'number': 9200, 'name': 'Rua Pará '}, 'city': 'Nossa Senhora do Socorro', 's...</msg>
<var>${json_data}</var>
<arg>${response.json()}</arg>
<doc>Returns the given values which can then be assigned to a variables.</doc>
<status status="PASS" start="2024-04-03T18:16:47.258896" elapsed="0.000483"/>
</kw>
<kw name="Dictionary Should Contain Key" owner="Collections">
<msg time="2024-04-03T18:16:47.259851" level="INFO">False</msg>
<arg>${json_data}</arg>
<arg>results</arg>
<doc>Fails if ``key`` is not found from ``dictionary``.</doc>
<status status="PASS" start="2024-04-03T18:16:47.259684" elapsed="0.000208"/>
</kw>
<status status="PASS" start="2024-04-03T18:16:47.177383" elapsed="0.082765"/>
</kw>
<doc>Testa se a API responde corretamente e retorna um objeto JSON válido.</doc>
<tag>testeRequisicaoBasica</tag>
<status status="PASS" start="2024-04-03T18:16:47.176912" elapsed="0.083416"/>
</test>
<test id="s1-s1-t3" name="Validar estrutura de resposta" line="22">
<kw name="Teste de Estrutura de Resposta" owner="random-user-service">
<kw name="GET On Session" owner="RequestsLibrary">
<msg time="2024-04-03T18:16:47.340828" level="INFO">GET Request : url=https://randomuser.me/api 
 path_url=/api 
 headers={'User-Agent': 'python-requests/2.31.0', 'Accept-Encoding': 'gzip, deflate', 'Accept': '*/*', 'Connection': 'keep-alive'} 
 body=None 
 </msg>
<msg time="2024-04-03T18:16:47.340958" level="INFO">GET Response : url=https://randomuser.me/api 
 status=200, reason=OK 
 headers={'Date': 'Wed, 03 Apr 2024 18:16:47 GMT', 'Content-Type': 'application/json; charset=utf-8', 'Transfer-Encoding': 'chunked', 'Connection': 'keep-alive', 'X-Powered-By': 'Express', 'Access-Control-Allow-Origin': '*', 'Cache-Control': 'no-cache', 'ETag': 'W/"47f-st/T3q5XjNZtGkjPlJS/BaosavI"', 'Vary': 'Accept-Encoding', 'Content-Encoding': 'gzip', 'CF-Cache-Status': 'DYNAMIC', 'Report-To': '{"endpoints":[{"url":"https:\\/\\/a.nel.cloudflare.com\\/report\\/v4?s=43IrFa1%2BfjpPAJ5OOlc%2FQZZ19rBb8%2Bs5IiieusjYHDpKAYR5eIUMP4tFewhUipFUjIM28h%2FXBR6UUAkHAzzPnEU1xFdPnfqi8s7knZMhbp7YXe87RX7Qj4o1c8Jfhx5y"}],"group":"cf-nel","max_age":604800}', 'NEL': '{"success_fraction":0,"report_to":"cf-nel","max_age":604800}', 'Server': 'cloudflare', 'CF-RAY': '86eb0d3f6e8b8197-IAD', 'alt-svc': 'h3=":443"; ma=86400'} 
 body={"results":[{"gender":"female","name":{"title":"Mrs","first":"Meera","last":"Nayak"},"location":{"street":{"number":8513,"name":"Shakespeare Sarani"},"city":"Pallavaram","state":"Arunachal Pradesh","country":"India","postcode":56320,"coordinates":{"latitude":"7.0841","longitude":"92.0973"},"timezone":{"offset":"+3:30","description":"Tehran"}},"email":"meera.nayak@example.com","login":{"uuid":"6979ddb0-8840-4f23-a238-e56e63b778d9","username":"orangetiger398","password":"chevys","salt":"Fqb8ipzi","md5":"065ef00b8ce43f8d41c628fc660d6542","sha1":"90e9acdf0d7e5f0b9d7f30638c8603b6787f64f6","sha256":"86f3a9efd087b54f6bbe1e061117aececbccd5b4deeff14cea931be7d081a3e1"},"dob":{"date":"1968-03-16T21:19:38.468Z","age":56},"registered":{"date":"2020-02-03T20:15:35.173Z","age":4},"phone":"7744586050","cell":"8193699404","id":{"name":"UIDAI","value":"410207636021"},"picture":{"large":"https://randomuser.me/api/portraits/women/38.jpg","medium":"https://randomuser.me/api/portraits/med/women/38.jpg","thumbnail":"https://randomuser.me/api/portraits/thumb/women/38.jpg"},"nat":"IN"}],"info":{"seed":"56a79375fe945445","results":1,"page":1,"version":"1.4"}} 
 </msg>
<msg time="2024-04-03T18:16:47.341147" level="INFO">/opt/hostedtoolcache/Python/3.12.2/x64/lib/python3.12/site-packages/urllib3/connectionpool.py:1103: InsecureRequestWarning: Unverified HTTPS request is being made to host 'randomuser.me'. Adding certificate verification is strongly advised. See: https://urllib3.readthedocs.io/en/latest/advanced-usage.html#tls-warnings
  warnings.warn(</msg>
<msg time="2024-04-03T18:16:47.341309" level="INFO">${response} = &lt;Response [200]&gt;</msg>
<var>${response}</var>
<arg>consultarAPI</arg>
<arg>/api</arg>
<doc>Sends a GET request on a previously created HTTP Session.</doc>
<status status="PASS" start="2024-04-03T18:16:47.263073" elapsed="0.078293"/>
</kw>
<kw name="Set Variable" owner="BuiltIn">
<msg time="2024-04-03T18:16:47.342522" level="INFO">${json_data} = {'results': [{'gender': 'female', 'name': {'title': 'Mrs', 'first': 'Meera', 'last': 'Nayak'}, 'location': {'street': {'number': 8513, 'name': 'Shakespeare Sarani'}, 'city': 'Pallavaram', 'state': 'Ar...</msg>
<var>${json_data}</var>
<arg>${response.json()}</arg>
<doc>Returns the given values which can then be assigned to a variables.</doc>
<status status="PASS" start="2024-04-03T18:16:47.341904" elapsed="0.000651"/>
</kw>
<kw name="Log" owner="BuiltIn">
<msg time="2024-04-03T18:16:47.343095" level="INFO">{'results': [{'gender': 'female', 'name': {'title': 'Mrs', 'first': 'Meera', 'last': 'Nayak'}, 'location': {'street': {'number': 8513, 'name': 'Shakespeare Sarani'}, 'city': 'Pallavaram', 'state': 'Arunachal Pradesh', 'country': 'India', 'postcode': 56320, 'coordinates': {'latitude': '7.0841', 'longitude': '92.0973'}, 'timezone': {'offset': '+3:30', 'description': 'Tehran'}}, 'email': 'meera.nayak@example.com', 'login': {'uuid': '6979ddb0-8840-4f23-a238-e56e63b778d9', 'username': 'orangetiger398', 'password': 'chevys', 'salt': 'Fqb8ipzi', 'md5': '065ef00b8ce43f8d41c628fc660d6542', 'sha1': '90e9acdf0d7e5f0b9d7f30638c8603b6787f64f6', 'sha256': '86f3a9efd087b54f6bbe1e061117aececbccd5b4deeff14cea931be7d081a3e1'}, 'dob': {'date': '1968-03-16T21:19:38.468Z', 'age': 56}, 'registered': {'date': '2020-02-03T20:15:35.173Z', 'age': 4}, 'phone': '7744586050', 'cell': '8193699404', 'id': {'name': 'UIDAI', 'value': '410207636021'}, 'picture': {'large': 'https://randomuser.me/api/portraits/women/38.jpg', 'medium': 'https://randomuser.me/api/portraits/med/women/38.jpg', 'thumbnail': 'https://randomuser.me/api/portraits/thumb/women/38.jpg'}, 'nat': 'IN'}], 'info': {'seed': '56a79375fe945445', 'results': 1, 'page': 1, 'version': '1.4'}}</msg>
<arg>${json_data}</arg>
<doc>Logs the given message with the given level.</doc>
<status status="PASS" start="2024-04-03T18:16:47.342911" elapsed="0.000240"/>
</kw>
<kw name="Dictionary Should Contain Key" owner="Collections">
<msg time="2024-04-03T18:16:47.343609" level="INFO">False</msg>
<arg>${json_data}</arg>
<arg>results</arg>
<doc>Fails if ``key`` is not found from ``dictionary``.</doc>
<status status="PASS" start="2024-04-03T18:16:47.343453" elapsed="0.000194"/>
</kw>
<kw name="Should Not Be Empty" owner="BuiltIn">
<msg time="2024-04-03T18:16:47.344079" level="INFO">Length is 2.</msg>
<arg>${json_data}</arg>
<doc>Verifies that the given item is not empty.</doc>
<status status="PASS" start="2024-04-03T18:16:47.343946" elapsed="0.000173"/>
</kw>
<kw name="Create List" owner="BuiltIn">
<msg time="2024-04-03T18:16:47.344570" level="INFO">${expected_keys} = ['gender', 'name', 'location', 'email', 'login']</msg>
<var>${expected_keys}</var>
<arg>gender</arg>
<arg>name</arg>
<arg>location</arg>
<arg>email</arg>
<arg>login</arg>
<doc>Returns a list containing given items.</doc>
<status status="PASS" start="2024-04-03T18:16:47.344419" elapsed="0.000176"/>
</kw>
<for flavor="IN">
<iter>
<kw name="Dictionary Should Contain Key" owner="Collections">
<msg time="2024-04-03T18:16:47.345635" level="INFO">False</msg>
<arg>${json_data['results'][0]}</arg>
<arg>${key}</arg>
<doc>Fails if ``key`` is not found from ``dictionary``.</doc>
<status status="PASS" start="2024-04-03T18:16:47.345196" elapsed="0.000480"/>
</kw>
<kw name="Log" owner="BuiltIn">
<msg time="2024-04-03T18:16:47.346360" level="INFO">{'gender': 'female', 'name': {'title': 'Mrs', 'first': 'Meera', 'last': 'Nayak'}, 'location': {'street': {'number': 8513, 'name': 'Shakespeare Sarani'}, 'city': 'Pallavaram', 'state': 'Arunachal Pradesh', 'country': 'India', 'postcode': 56320, 'coordinates': {'latitude': '7.0841', 'longitude': '92.0973'}, 'timezone': {'offset': '+3:30', 'description': 'Tehran'}}, 'email': 'meera.nayak@example.com', 'login': {'uuid': '6979ddb0-8840-4f23-a238-e56e63b778d9', 'username': 'orangetiger398', 'password': 'chevys', 'salt': 'Fqb8ipzi', 'md5': '065ef00b8ce43f8d41c628fc660d6542', 'sha1': '90e9acdf0d7e5f0b9d7f30638c8603b6787f64f6', 'sha256': '86f3a9efd087b54f6bbe1e061117aececbccd5b4deeff14cea931be7d081a3e1'}, 'dob': {'date': '1968-03-16T21:19:38.468Z', 'age': 56}, 'registered': {'date': '2020-02-03T20:15:35.173Z', 'age': 4}, 'phone': '7744586050', 'cell': '8193699404', 'id': {'name': 'UIDAI', 'value': '410207636021'}, 'picture': {'large': 'https://randomuser.me/api/portraits/women/38.jpg', 'medium': 'https://randomuser.me/api/portraits/med/women/38.jpg', 'thumbnail': 'https://randomuser.me/api/portraits/thumb/women/38.jpg'}, 'nat': 'IN'}</msg>
<arg>${json_data['results'][0]}</arg>
<doc>Logs the given message with the given level.</doc>
<status status="PASS" start="2024-04-03T18:16:47.345989" elapsed="0.000428"/>
</kw>
<kw name="Log" owner="BuiltIn">
<msg time="2024-04-03T18:16:47.346855" level="INFO">gender</msg>
<arg>${key}</arg>
<doc>Logs the given message with the given level.</doc>
<status status="PASS" start="2024-04-03T18:16:47.346726" elapsed="0.000168"/>
</kw>
<var name="${key}">gender</var>
<status status="PASS" start="2024-04-03T18:16:47.345065" elapsed="0.002050"/>
</iter>
<iter>
<kw name="Dictionary Should Contain Key" owner="Collections">
<msg time="2024-04-03T18:16:47.347814" level="INFO">False</msg>
<arg>${json_data['results'][0]}</arg>
<arg>${key}</arg>
<doc>Fails if ``key`` is not found from ``dictionary``.</doc>
<status status="PASS" start="2024-04-03T18:16:47.347425" elapsed="0.000427"/>
</kw>
<kw name="Log" owner="BuiltIn">
<msg time="2024-04-03T18:16:47.348570" level="INFO">{'gender': 'female', 'name': {'title': 'Mrs', 'first': 'Meera', 'last': 'Nayak'}, 'location': {'street': {'number': 8513, 'name': 'Shakespeare Sarani'}, 'city': 'Pallavaram', 'state': 'Arunachal Pradesh', 'country': 'India', 'postcode': 56320, 'coordinates': {'latitude': '7.0841', 'longitude': '92.0973'}, 'timezone': {'offset': '+3:30', 'description': 'Tehran'}}, 'email': 'meera.nayak@example.com', 'login': {'uuid': '6979ddb0-8840-4f23-a238-e56e63b778d9', 'username': 'orangetiger398', 'password': 'chevys', 'salt': 'Fqb8ipzi', 'md5': '065ef00b8ce43f8d41c628fc660d6542', 'sha1': '90e9acdf0d7e5f0b9d7f30638c8603b6787f64f6', 'sha256': '86f3a9efd087b54f6bbe1e061117aececbccd5b4deeff14cea931be7d081a3e1'}, 'dob': {'date': '1968-03-16T21:19:38.468Z', 'age': 56}, 'registered': {'date': '2020-02-03T20:15:35.173Z', 'age': 4}, 'phone': '7744586050', 'cell': '8193699404', 'id': {'name': 'UIDAI', 'value': '410207636021'}, 'picture': {'large': 'https://randomuser.me/api/portraits/women/38.jpg', 'medium': 'https://randomuser.me/api/portraits/med/women/38.jpg', 'thumbnail': 'https://randomuser.me/api/portraits/thumb/women/38.jpg'}, 'nat': 'IN'}</msg>
<arg>${json_data['results'][0]}</arg>
<doc>Logs the given message with the given level.</doc>
<status status="PASS" start="2024-04-03T18:16:47.348195" elapsed="0.000426"/>
</kw>
<kw name="Log" owner="BuiltIn">
<msg time="2024-04-03T18:16:47.349051" level="INFO">name</msg>
<arg>${key}</arg>
<doc>Logs the given message with the given level.</doc>
<status status="PASS" start="2024-04-03T18:16:47.348923" elapsed="0.000166"/>
</kw>
<var name="${key}">name</var>
<status status="PASS" start="2024-04-03T18:16:47.347309" elapsed="0.001994"/>
</iter>
<iter>
<kw name="Dictionary Should Contain Key" owner="Collections">
<msg time="2024-04-03T18:16:47.349999" level="INFO">False</msg>
<arg>${json_data['results'][0]}</arg>
<arg>${key}</arg>
<doc>Fails if ``key`` is not found from ``dictionary``.</doc>
<status status="PASS" start="2024-04-03T18:16:47.349619" elapsed="0.000420"/>
</kw>
<kw name="Log" owner="BuiltIn">
<msg time="2024-04-03T18:16:47.350699" level="INFO">{'gender': 'female', 'name': {'title': 'Mrs', 'first': 'Meera', 'last': 'Nayak'}, 'location': {'street': {'number': 8513, 'name': 'Shakespeare Sarani'}, 'city': 'Pallavaram', 'state': 'Arunachal Pradesh', 'country': 'India', 'postcode': 56320, 'coordinates': {'latitude': '7.0841', 'longitude': '92.0973'}, 'timezone': {'offset': '+3:30', 'description': 'Tehran'}}, 'email': 'meera.nayak@example.com', 'login': {'uuid': '6979ddb0-8840-4f23-a238-e56e63b778d9', 'username': 'orangetiger398', 'password': 'chevys', 'salt': 'Fqb8ipzi', 'md5': '065ef00b8ce43f8d41c628fc660d6542', 'sha1': '90e9acdf0d7e5f0b9d7f30638c8603b6787f64f6', 'sha256': '86f3a9efd087b54f6bbe1e061117aececbccd5b4deeff14cea931be7d081a3e1'}, 'dob': {'date': '1968-03-16T21:19:38.468Z', 'age': 56}, 'registered': {'date': '2020-02-03T20:15:35.173Z', 'age': 4}, 'phone': '7744586050', 'cell': '8193699404', 'id': {'name': 'UIDAI', 'value': '410207636021'}, 'picture': {'large': 'https://randomuser.me/api/portraits/women/38.jpg', 'medium': 'https://randomuser.me/api/portraits/med/women/38.jpg', 'thumbnail': 'https://randomuser.me/api/portraits/thumb/women/38.jpg'}, 'nat': 'IN'}</msg>
<arg>${json_data['results'][0]}</arg>
<doc>Logs the given message with the given level.</doc>
<status status="PASS" start="2024-04-03T18:16:47.350341" elapsed="0.000413"/>
</kw>
<kw name="Log" owner="BuiltIn">
<msg time="2024-04-03T18:16:47.351179" level="INFO">location</msg>
<arg>${key}</arg>
<doc>Logs the given message with the given level.</doc>
<status status="PASS" start="2024-04-03T18:16:47.351052" elapsed="0.000167"/>
</kw>
<var name="${key}">location</var>
<status status="PASS" start="2024-04-03T18:16:47.349503" elapsed="0.001929"/>
</iter>
<iter>
<kw name="Dictionary Should Contain Key" owner="Collections">
<msg time="2024-04-03T18:16:47.352105" level="INFO">False</msg>
<arg>${json_data['results'][0]}</arg>
<arg>${key}</arg>
<doc>Fails if ``key`` is not found from ``dictionary``.</doc>
<status status="PASS" start="2024-04-03T18:16:47.351726" elapsed="0.000417"/>
</kw>
<kw name="Log" owner="BuiltIn">
<msg time="2024-04-03T18:16:47.352803" level="INFO">{'gender': 'female', 'name': {'title': 'Mrs', 'first': 'Meera', 'last': 'Nayak'}, 'location': {'street': {'number': 8513, 'name': 'Shakespeare Sarani'}, 'city': 'Pallavaram', 'state': 'Arunachal Pradesh', 'country': 'India', 'postcode': 56320, 'coordinates': {'latitude': '7.0841', 'longitude': '92.0973'}, 'timezone': {'offset': '+3:30', 'description': 'Tehran'}}, 'email': 'meera.nayak@example.com', 'login': {'uuid': '6979ddb0-8840-4f23-a238-e56e63b778d9', 'username': 'orangetiger398', 'password': 'chevys', 'salt': 'Fqb8ipzi', 'md5': '065ef00b8ce43f8d41c628fc660d6542', 'sha1': '90e9acdf0d7e5f0b9d7f30638c8603b6787f64f6', 'sha256': '86f3a9efd087b54f6bbe1e061117aececbccd5b4deeff14cea931be7d081a3e1'}, 'dob': {'date': '1968-03-16T21:19:38.468Z', 'age': 56}, 'registered': {'date': '2020-02-03T20:15:35.173Z', 'age': 4}, 'phone': '7744586050', 'cell': '8193699404', 'id': {'name': 'UIDAI', 'value': '410207636021'}, 'picture': {'large': 'https://randomuser.me/api/portraits/women/38.jpg', 'medium': 'https://randomuser.me/api/portraits/med/women/38.jpg', 'thumbnail': 'https://randomuser.me/api/portraits/thumb/women/38.jpg'}, 'nat': 'IN'}</msg>
<arg>${json_data['results'][0]}</arg>
<doc>Logs the given message with the given level.</doc>
<status status="PASS" start="2024-04-03T18:16:47.352441" elapsed="0.000410"/>
</kw>
<kw name="Log" owner="BuiltIn">
<msg time="2024-04-03T18:16:47.353270" level="INFO">email</msg>
<arg>${key}</arg>
<doc>Logs the given message with the given level.</doc>
<status status="PASS" start="2024-04-03T18:16:47.353145" elapsed="0.000162"/>
</kw>
<var name="${key}">email</var>
<status status="PASS" start="2024-04-03T18:16:47.351614" elapsed="0.001928"/>
</iter>
<iter>
<kw name="Dictionary Should Contain Key" owner="Collections">
<msg time="2024-04-03T18:16:47.354229" level="INFO">False</msg>
<arg>${json_data['results'][0]}</arg>
<arg>${key}</arg>
<doc>Fails if ``key`` is not found from ``dictionary``.</doc>
<status status="PASS" start="2024-04-03T18:16:47.353845" elapsed="0.000421"/>
</kw>
<kw name="Log" owner="BuiltIn">
<msg time="2024-04-03T18:16:47.354925" level="INFO">{'gender': 'female', 'name': {'title': 'Mrs', 'first': 'Meera', 'last': 'Nayak'}, 'location': {'street': {'number': 8513, 'name': 'Shakespeare Sarani'}, 'city': 'Pallavaram', 'state': 'Arunachal Pradesh', 'country': 'India', 'postcode': 56320, 'coordinates': {'latitude': '7.0841', 'longitude': '92.0973'}, 'timezone': {'offset': '+3:30', 'description': 'Tehran'}}, 'email': 'meera.nayak@example.com', 'login': {'uuid': '6979ddb0-8840-4f23-a238-e56e63b778d9', 'username': 'orangetiger398', 'password': 'chevys', 'salt': 'Fqb8ipzi', 'md5': '065ef00b8ce43f8d41c628fc660d6542', 'sha1': '90e9acdf0d7e5f0b9d7f30638c8603b6787f64f6', 'sha256': '86f3a9efd087b54f6bbe1e061117aececbccd5b4deeff14cea931be7d081a3e1'}, 'dob': {'date': '1968-03-16T21:19:38.468Z', 'age': 56}, 'registered': {'date': '2020-02-03T20:15:35.173Z', 'age': 4}, 'phone': '7744586050', 'cell': '8193699404', 'id': {'name': 'UIDAI', 'value': '410207636021'}, 'picture': {'large': 'https://randomuser.me/api/portraits/women/38.jpg', 'medium': 'https://randomuser.me/api/portraits/med/women/38.jpg', 'thumbnail': 'https://randomuser.me/api/portraits/thumb/women/38.jpg'}, 'nat': 'IN'}</msg>
<arg>${json_data['results'][0]}</arg>
<doc>Logs the given message with the given level.</doc>
<status status="PASS" start="2024-04-03T18:16:47.354565" elapsed="0.000407"/>
</kw>
<kw name="Log" owner="BuiltIn">
<msg time="2024-04-03T18:16:47.355393" level="INFO">login</msg>
<arg>${key}</arg>
<doc>Logs the given message with the given level.</doc>
<status status="PASS" start="2024-04-03T18:16:47.355266" elapsed="0.000296"/>
</kw>
<var name="${key}">login</var>
<status status="PASS" start="2024-04-03T18:16:47.353728" elapsed="0.002162"/>
</iter>
<var>${key}</var>
<value>@{expected_keys}</value>
<status status="PASS" start="2024-04-03T18:16:47.344864" elapsed="0.011258"/>
</for>
<kw name="Create List" owner="BuiltIn">
<msg time="2024-04-03T18:16:47.356608" level="INFO">${expected_keysTwo} = ['username', 'password']</msg>
<var>${expected_keysTwo}</var>
<arg>username</arg>
<arg>password</arg>
<doc>Returns a list containing given items.</doc>
<status status="PASS" start="2024-04-03T18:16:47.356436" elapsed="0.000197"/>
</kw>
<for flavor="IN">
<iter>
<kw name="Dictionary Should Contain Key" owner="Collections">
<msg time="2024-04-03T18:16:47.357567" level="INFO">False</msg>
<arg>${json_data['results'][0]['login']}</arg>
<arg>${keyTwo}</arg>
<doc>Fails if ``key`` is not found from ``dictionary``.</doc>
<status status="PASS" start="2024-04-03T18:16:47.357147" elapsed="0.000459"/>
</kw>
<kw name="Dictionary Should Contain Key" owner="Collections">
<msg time="2024-04-03T18:16:47.358285" level="INFO">False</msg>
<arg>${json_data['results'][0]['login']}</arg>
<arg>${keyTwo}</arg>
<doc>Fails if ``key`` is not found from ``dictionary``.</doc>
<status status="PASS" start="2024-04-03T18:16:47.357906" elapsed="0.000417"/>
</kw>
<kw name="Log" owner="BuiltIn">
<msg time="2024-04-03T18:16:47.358758" level="INFO">username</msg>
<arg>${keyTwo}</arg>
<doc>Logs the given message with the given level.</doc>
<status status="PASS" start="2024-04-03T18:16:47.358631" elapsed="0.000165"/>
</kw>
<var name="${keyTwo}">username</var>
<status status="PASS" start="2024-04-03T18:16:47.357035" elapsed="0.001976"/>
</iter>
<iter>
<kw name="Dictionary Should Contain Key" owner="Collections">
<msg time="2024-04-03T18:16:47.359674" level="INFO">False</msg>
<arg>${json_data['results'][0]['login']}</arg>
<arg>${keyTwo}</arg>
<doc>Fails if ``key`` is not found from ``dictionary``.</doc>
<status status="PASS" start="2024-04-03T18:16:47.359295" elapsed="0.000416"/>
</kw>
<kw name="Dictionary Should Contain Key" owner="Collections">
<msg time="2024-04-03T18:16:47.360385" level="INFO">False</msg>
<arg>${json_data['results'][0]['login']}</arg>
<arg>${keyTwo}</arg>
<doc>Fails if ``key`` is not found from ``dictionary``.</doc>
<status status="PASS" start="2024-04-03T18:16:47.360011" elapsed="0.000411"/>
</kw>
<kw name="Log" owner="BuiltIn">
<msg time="2024-04-03T18:16:47.360839" level="INFO">password</msg>
<arg>${keyTwo}</arg>
<doc>Logs the given message with the given level.</doc>
<status status="PASS" start="2024-04-03T18:16:47.360713" elapsed="0.000163"/>
</kw>
<var name="${keyTwo}">password</var>
<status status="PASS" start="2024-04-03T18:16:47.359186" elapsed="0.001905"/>
</iter>
<var>${keyTwo}</var>
<value>@{expected_keysTwo}</value>
<status status="PASS" start="2024-04-03T18:16:47.356882" elapsed="0.004329"/>
</for>
<status status="PASS" start="2024-04-03T18:16:47.262835" elapsed="0.098519"/>
</kw>
<doc>Testa a estrutura da resposta da API.</doc>
<tag>testeEstruturaResposta</tag>
<status status="PASS" start="2024-04-03T18:16:47.262191" elapsed="0.099356"/>
</test>
<test id="s1-s1-t4" name="Validar tipos de dados" line="28">
<kw name="Teste de Tipos de Dados" owner="random-user-service">
<kw name="GET On Session" owner="RequestsLibrary">
<msg time="2024-04-03T18:16:47.439511" level="INFO">GET Request : url=https://randomuser.me/api 
 path_url=/api 
 headers={'User-Agent': 'python-requests/2.31.0', 'Accept-Encoding': 'gzip, deflate', 'Accept': '*/*', 'Connection': 'keep-alive'} 
 body=None 
 </msg>
<msg time="2024-04-03T18:16:47.439630" level="INFO">GET Response : url=https://randomuser.me/api 
 status=200, reason=OK 
 headers={'Date': 'Wed, 03 Apr 2024 18:16:47 GMT', 'Content-Type': 'application/json; charset=utf-8', 'Transfer-Encoding': 'chunked', 'Connection': 'keep-alive', 'X-Powered-By': 'Express', 'Access-Control-Allow-Origin': '*', 'Cache-Control': 'no-cache', 'ETag': 'W/"486-PioDpzK7BkgMjlRJjl0rIg7p7Wc"', 'Vary': 'Accept-Encoding', 'Content-Encoding': 'gzip', 'CF-Cache-Status': 'DYNAMIC', 'Report-To': '{"endpoints":[{"url":"https:\\/\\/a.nel.cloudflare.com\\/report\\/v4?s=hPFwS9LTt2p4J6kve9cigE69tAIykjHGdmcXHf0pkAGj%2BPflIYfMaGfK1uQZloi1DDugcEmitfKi%2FgmUCkJW22KuD1nyVbJ7yK%2FDc6rGXIKNmXePWqw1Cpl1R66BsOdV"}],"group":"cf-nel","max_age":604800}', 'NEL': '{"success_fraction":0,"report_to":"cf-nel","max_age":604800}', 'Server': 'cloudflare', 'CF-RAY': '86eb0d400f868197-IAD', 'alt-svc': 'h3=":443"; ma=86400'} 
 body={"results":[{"gender":"male","name":{"title":"Mr","first":"Kenneth","last":"Soto"},"location":{"street":{"number":1978,"name":"New Street"},"city":"Exeter","state":"Shropshire","country":"United Kingdom","postcode":"Y8 3HF","coordinates":{"latitude":"-7.2701","longitude":"-136.9286"},"timezone":{"offset":"+6:00","description":"Almaty, Dhaka, Colombo"}},"email":"kenneth.soto@example.com","login":{"uuid":"9dc385c6-1d0b-43cf-84e3-3018ab4e5b7e","username":"tinyduck323","password":"dakota","salt":"eYaQpV8F","md5":"24dde458ab2a7b7a53930ec7ee23450c","sha1":"00e555d65df2b64df390fc0094fb02a7a53d3218","sha256":"10544d22a2c24cc06ddac1f7326ae2774c6739fad1e4a52594dd7b590114049b"},"dob":{"date":"1947-11-10T16:51:28.889Z","age":76},"registered":{"date":"2004-09-14T18:14:36.706Z","age":19},"phone":"015242 88716","cell":"07861 654439","id":{"name":"NINO","value":"HW 08 73 12 B"},"picture":{"large":"https://randomuser.me/api/portraits/men/54.jpg","medium":"https://randomuser.me/api/portraits/med/men/54.jpg","thumbnail":"https://randomuser.me/api/portraits/thumb/men/54.jpg"},"nat":"GB"}],"info":{"seed":"4c488cf93937d86f","results":1,"page":1,"version":"1.4"}} 
 </msg>
<msg time="2024-04-03T18:16:47.439721" level="INFO">/opt/hostedtoolcache/Python/3.12.2/x64/lib/python3.12/site-packages/urllib3/connectionpool.py:1103: InsecureRequestWarning: Unverified HTTPS request is being made to host 'randomuser.me'. Adding certificate verification is strongly advised. See: https://urllib3.readthedocs.io/en/latest/advanced-usage.html#tls-warnings
  warnings.warn(</msg>
<msg time="2024-04-03T18:16:47.439892" level="INFO">${response} = &lt;Response [200]&gt;</msg>
<var>${response}</var>
<arg>consultarAPI</arg>
<arg>/api</arg>
<doc>Sends a GET request on a previously created HTTP Session.</doc>
<status status="PASS" start="2024-04-03T18:16:47.364030" elapsed="0.075915"/>
</kw>
<kw name="Set Variable" owner="BuiltIn">
<msg time="2024-04-03T18:16:47.441147" level="INFO">${json_data} = {'results': [{'gender': 'male', 'name': {'title': 'Mr', 'first': 'Kenneth', 'last': 'Soto'}, 'location': {'street': {'number': 1978, 'name': 'New Street'}, 'city': 'Exeter', 'state': 'Shropshire', 'co...</msg>
<var>${json_data}</var>
<arg>${response.json()}</arg>
<doc>Returns the given values which can then be assigned to a variables.</doc>
<status status="PASS" start="2024-04-03T18:16:47.440520" elapsed="0.000661"/>
</kw>
<kw name="Log" owner="BuiltIn">
<msg time="2024-04-03T18:16:47.441778" level="INFO">{'results': [{'gender': 'male', 'name': {'title': 'Mr', 'first': 'Kenneth', 'last': 'Soto'}, 'location': {'street': {'number': 1978, 'name': 'New Street'}, 'city': 'Exeter', 'state': 'Shropshire', 'country': 'United Kingdom', 'postcode': 'Y8 3HF', 'coordinates': {'latitude': '-7.2701', 'longitude': '-136.9286'}, 'timezone': {'offset': '+6:00', 'description': 'Almaty, Dhaka, Colombo'}}, 'email': 'kenneth.soto@example.com', 'login': {'uuid': '9dc385c6-1d0b-43cf-84e3-3018ab4e5b7e', 'username': 'tinyduck323', 'password': 'dakota', 'salt': 'eYaQpV8F', 'md5': '24dde458ab2a7b7a53930ec7ee23450c', 'sha1': '00e555d65df2b64df390fc0094fb02a7a53d3218', 'sha256': '10544d22a2c24cc06ddac1f7326ae2774c6739fad1e4a52594dd7b590114049b'}, 'dob': {'date': '1947-11-10T16:51:28.889Z', 'age': 76}, 'registered': {'date': '2004-09-14T18:14:36.706Z', 'age': 19}, 'phone': '015242 88716', 'cell': '07861 654439', 'id': {'name': 'NINO', 'value': 'HW 08 73 12 B'}, 'picture': {'large': 'https://randomuser.me/api/portraits/men/54.jpg', 'medium': 'https://randomuser.me/api/portraits/med/men/54.jpg', 'thumbnail': 'https://randomuser.me/api/portraits/thumb/men/54.jpg'}, 'nat': 'GB'}], 'info': {'seed': '4c488cf93937d86f', 'results': 1, 'page': 1, 'version': '1.4'}}</msg>
<arg>${json_data}</arg>
<doc>Logs the given message with the given level.</doc>
<status status="PASS" start="2024-04-03T18:16:47.441592" elapsed="0.000282"/>
</kw>
<kw name="Should Be String" owner="String">
<arg>${json_data['results'][0]['gender']}</arg>
<doc>Fails if the given ``item`` is not a string.</doc>
<status status="PASS" start="2024-04-03T18:16:47.442203" elapsed="0.000401"/>
</kw>
<kw name="Should Match Regexp" owner="BuiltIn">
<arg>${json_data['results'][0]['email']}</arg>
<arg>^[a-zA-Z0-9._%+-]+@[a-zA-Z0-9.-]+\.[a-zA-Z]{2,}$</arg>
<doc>Fails if ``string`` does not match ``pattern`` as a regular expression.</doc>
<status status="PASS" start="2024-04-03T18:16:47.442808" elapsed="0.000554"/>
</kw>
<kw name="Should Match Regexp" owner="BuiltIn">
<arg>${json_data['results'][0]['dob']['date']}</arg>
<arg>\\d{4}-\\d{2}-\\d{2}T\\d{2}:\\d{2}:\\d{2}\\.\\d{3}Z</arg>
<doc>Fails if ``string`` does not match ``pattern`` as a regular expression.</doc>
<status status="PASS" start="2024-04-03T18:16:47.443562" elapsed="0.000500"/>
</kw>
<kw name="Should Match Regexp" owner="BuiltIn">
<arg>${json_data['results'][0]['registered']['date']}</arg>
<arg>\\d{4}-\\d{2}-\\d{2}T\\d{2}:\\d{2}:\\d{2}\\.\\d{3}Z</arg>
<doc>Fails if ``string`` does not match ``pattern`` as a regular expression.</doc>
<status status="PASS" start="2024-04-03T18:16:47.444261" elapsed="0.000377"/>
</kw>
<kw name="Should Match Regexp" owner="BuiltIn">
<arg>${json_data['results'][0]['picture']['large']}</arg>
<arg>^https?://.*\.(?:png|jpe?g|gif|bmp)$</arg>
<doc>Fails if ``string`` does not match ``pattern`` as a regular expression.</doc>
<status status="PASS" start="2024-04-03T18:16:47.444832" elapsed="0.000463"/>
</kw>
<kw name="Should Match Regexp" owner="BuiltIn">
<arg>${json_data['results'][0]['picture']['medium']}</arg>
<arg>^https?://.*\.(?:png|jpe?g|gif|bmp)$</arg>
<doc>Fails if ``string`` does not match ``pattern`` as a regular expression.</doc>
<status status="PASS" start="2024-04-03T18:16:47.445520" elapsed="0.000385"/>
</kw>
<kw name="Should Match Regexp" owner="BuiltIn">
<arg>${json_data['results'][0]['picture']['thumbnail']}</arg>
<arg>^https?://.*\.(?:png|jpe?g|gif|bmp)$</arg>
<doc>Fails if ``string`` does not match ``pattern`` as a regular expression.</doc>
<status status="PASS" start="2024-04-03T18:16:47.446097" elapsed="0.000362"/>
</kw>
<kw name="Log" owner="BuiltIn">
<msg time="2024-04-03T18:16:47.446976" level="INFO">{'large': 'https://randomuser.me/api/portraits/men/54.jpg', 'medium': 'https://randomuser.me/api/portraits/med/men/54.jpg', 'thumbnail': 'https://randomuser.me/api/portraits/thumb/men/54.jpg'}</msg>
<arg>${json_data['results'][0]['picture']}</arg>
<doc>Logs the given message with the given level.</doc>
<status status="PASS" start="2024-04-03T18:16:47.446644" elapsed="0.000380"/>
</kw>
<status status="PASS" start="2024-04-03T18:16:47.363792" elapsed="0.083495"/>
</kw>
<kw name="Teste de Tipos de Dados - Postcode" owner="random-user-service">
<kw name="GET On Session" owner="RequestsLibrary">
<msg time="2024-04-03T18:16:47.542742" level="INFO">GET Request : url=https://randomuser.me/api 
 path_url=/api 
 headers={'User-Agent': 'python-requests/2.31.0', 'Accept-Encoding': 'gzip, deflate', 'Accept': '*/*', 'Connection': 'keep-alive'} 
 body=None 
 </msg>
<msg time="2024-04-03T18:16:47.542860" level="INFO">GET Response : url=https://randomuser.me/api 
 status=200, reason=OK 
 headers={'Date': 'Wed, 03 Apr 2024 18:16:47 GMT', 'Content-Type': 'application/json; charset=utf-8', 'Transfer-Encoding': 'chunked', 'Connection': 'keep-alive', 'X-Powered-By': 'Express', 'Access-Control-Allow-Origin': '*', 'Cache-Control': 'no-cache', 'ETag': 'W/"483-hMUYhTBf1omX8WQYD8nTktgbeY4"', 'Vary': 'Accept-Encoding', 'Content-Encoding': 'gzip', 'CF-Cache-Status': 'DYNAMIC', 'Report-To': '{"endpoints":[{"url":"https:\\/\\/a.nel.cloudflare.com\\/report\\/v4?s=bZm0SDzO0zXxNxyYjDLvyESlvPGx77pdhVfSO1UShTdfaUxrx7RvqjsC0%2BmQYNWA4IHZH%2B6wNEc%2B7MdIPxgIZLK1PXaYFL7b0mQ6EbYdLf9eyDfgqg9PArwFX4VgsFOX"}],"group":"cf-nel","max_age":604800}', 'NEL': '{"success_fraction":0,"report_to":"cf-nel","max_age":604800}', 'Server': 'cloudflare', 'CF-RAY': '86eb0d4088528197-IAD', 'alt-svc': 'h3=":443"; ma=86400'} 
 body={"results":[{"gender":"male","name":{"title":"Mr","first":"Andre","last":"Mcdonalid"},"location":{"street":{"number":4491,"name":"Fincher Rd"},"city":"Queanbeyan","state":"Tasmania","country":"Australia","postcode":8389,"coordinates":{"latitude":"-86.2712","longitude":"-75.3971"},"timezone":{"offset":"+2:00","description":"Kaliningrad, South Africa"}},"email":"andre.mcdonalid@example.com","login":{"uuid":"09874ba5-af86-41e5-91f4-c712483d7d36","username":"whitefish796","password":"aside","salt":"N0Hye3wu","md5":"597c64908c1b2f1d466ddcdd0df24acd","sha1":"1d5dc1e554c2ebe80673ac7fbf2f1db06075e969","sha256":"a07b1b21435a97794a16a942889f5f819447ef967f14a626abffad8ef79c5432"},"dob":{"date":"1971-12-23T07:00:48.523Z","age":52},"registered":{"date":"2003-11-21T07:58:36.021Z","age":20},"phone":"02-5184-8240","cell":"0401-529-095","id":{"name":"TFN","value":"347218586"},"picture":{"large":"https://randomuser.me/api/portraits/men/16.jpg","medium":"https://randomuser.me/api/portraits/med/men/16.jpg","thumbnail":"https://randomuser.me/api/portraits/thumb/men/16.jpg"},"nat":"AU"}],"info":{"seed":"4aa7a513465325f2","results":1,"page":1,"version":"1.4"}} 
 </msg>
<msg time="2024-04-03T18:16:47.542970" level="INFO">/opt/hostedtoolcache/Python/3.12.2/x64/lib/python3.12/site-packages/urllib3/connectionpool.py:1103: InsecureRequestWarning: Unverified HTTPS request is being made to host 'randomuser.me'. Adding certificate verification is strongly advised. See: https://urllib3.readthedocs.io/en/latest/advanced-usage.html#tls-warnings
  warnings.warn(</msg>
<msg time="2024-04-03T18:16:47.543142" level="INFO">${response} = &lt;Response [200]&gt;</msg>
<var>${response}</var>
<arg>consultarAPI</arg>
<arg>/api</arg>
<doc>Sends a GET request on a previously created HTTP Session.</doc>
<status status="PASS" start="2024-04-03T18:16:47.447925" elapsed="0.095268"/>
</kw>
<kw name="Set Variable" owner="BuiltIn">
<msg time="2024-04-03T18:16:47.544388" level="INFO">${json_data} = {'results': [{'gender': 'male', 'name': {'title': 'Mr', 'first': 'Andre', 'last': 'Mcdonalid'}, 'location': {'street': {'number': 4491, 'name': 'Fincher Rd'}, 'city': 'Queanbeyan', 'state': 'Tasmania'...</msg>
<var>${json_data}</var>
<arg>${response.json()}</arg>
<doc>Returns the given values which can then be assigned to a variables.</doc>
<status status="PASS" start="2024-04-03T18:16:47.543789" elapsed="0.000630"/>
</kw>
<kw name="Log" owner="BuiltIn">
<msg time="2024-04-03T18:16:47.544973" level="INFO">{'results': [{'gender': 'male', 'name': {'title': 'Mr', 'first': 'Andre', 'last': 'Mcdonalid'}, 'location': {'street': {'number': 4491, 'name': 'Fincher Rd'}, 'city': 'Queanbeyan', 'state': 'Tasmania', 'country': 'Australia', 'postcode': 8389, 'coordinates': {'latitude': '-86.2712', 'longitude': '-75.3971'}, 'timezone': {'offset': '+2:00', 'description': 'Kaliningrad, South Africa'}}, 'email': 'andre.mcdonalid@example.com', 'login': {'uuid': '09874ba5-af86-41e5-91f4-c712483d7d36', 'username': 'whitefish796', 'password': 'aside', 'salt': 'N0Hye3wu', 'md5': '597c64908c1b2f1d466ddcdd0df24acd', 'sha1': '1d5dc1e554c2ebe80673ac7fbf2f1db06075e969', 'sha256': 'a07b1b21435a97794a16a942889f5f819447ef967f14a626abffad8ef79c5432'}, 'dob': {'date': '1971-12-23T07:00:48.523Z', 'age': 52}, 'registered': {'date': '2003-11-21T07:58:36.021Z', 'age': 20}, 'phone': '02-5184-8240', 'cell': '0401-529-095', 'id': {'name': 'TFN', 'value': '347218586'}, 'picture': {'large': 'https://randomuser.me/api/portraits/men/16.jpg', 'medium': 'https://randomuser.me/api/portraits/med/men/16.jpg', 'thumbnail': 'https://randomuser.me/api/portraits/thumb/men/16.jpg'}, 'nat': 'AU'}], 'info': {'seed': '4aa7a513465325f2', 'results': 1, 'page': 1, 'version': '1.4'}}</msg>
<arg>${json_data}</arg>
<doc>Logs the given message with the given level.</doc>
<status status="PASS" start="2024-04-03T18:16:47.544793" elapsed="0.000284"/>
</kw>
<kw name="Should Be Equal As Numbers" owner="BuiltIn">
<arg>${json_data['results'][0]['location']['postcode']}</arg>
<arg>${json_data['results'][0]['location']['postcode']}</arg>
<doc>Fails if objects are unequal after converting them to real numbers.</doc>
<status status="PASS" start="2024-04-03T18:16:47.545414" elapsed="0.000722"/>
</kw>
<kw name="Log" owner="BuiltIn">
<msg time="2024-04-03T18:16:47.546693" level="INFO">8389</msg>
<arg>${json_data['results'][0]['location']['postcode']}</arg>
<doc>Logs the given message with the given level.</doc>
<status status="PASS" start="2024-04-03T18:16:47.546349" elapsed="0.000388"/>
</kw>
<status status="PASS" start="2024-04-03T18:16:47.447527" elapsed="0.099481"/>
</kw>
<doc>Testa se os tipos de dados na resposta da API estão corretos.</doc>
<tag>testeTiposDados</tag>
<status status="PASS" start="2024-04-03T18:16:47.363331" elapsed="0.183858"/>
</test>
<test id="s1-s1-t5" name="Validar conteudo" line="35">
<kw name="Teste de Tipos de Conteudo" owner="random-user-service">
<kw name="GET On Session" owner="RequestsLibrary">
<msg time="2024-04-03T18:16:47.646193" level="INFO">GET Request : url=https://randomuser.me/api 
 path_url=/api 
 headers={'User-Agent': 'python-requests/2.31.0', 'Accept-Encoding': 'gzip, deflate', 'Accept': '*/*', 'Connection': 'keep-alive'} 
 body=None 
 </msg>
<msg time="2024-04-03T18:16:47.646302" level="INFO">GET Response : url=https://randomuser.me/api 
 status=200, reason=OK 
 headers={'Date': 'Wed, 03 Apr 2024 18:16:47 GMT', 'Content-Type': 'application/json; charset=utf-8', 'Transfer-Encoding': 'chunked', 'Connection': 'keep-alive', 'X-Powered-By': 'Express', 'Access-Control-Allow-Origin': '*', 'Cache-Control': 'no-cache', 'ETag': 'W/"488-THqr4pl+6v/mjKdvL/GKWr6QKU0"', 'Vary': 'Accept-Encoding', 'Content-Encoding': 'gzip', 'CF-Cache-Status': 'DYNAMIC', 'Report-To': '{"endpoints":[{"url":"https:\\/\\/a.nel.cloudflare.com\\/report\\/v4?s=WVVOrT6PpuvNLSprvtLu3UHZR8sT74SHxBxYgeSJj3EbZkiXYBGOy1kt2QDWXXYFW2Ov7R7bcyLruMMMP3mUBdKGMiY0T0I2CJhB0h6%2Fdkwsb3v8poSoOvpAkIHw7FWJ"}],"group":"cf-nel","max_age":604800}', 'NEL': '{"success_fraction":0,"report_to":"cf-nel","max_age":604800}', 'Server': 'cloudflare', 'CF-RAY': '86eb0d4139368197-IAD', 'alt-svc': 'h3=":443"; ma=86400'} 
 body={"results":[{"gender":"male","name":{"title":"Mr","first":"Barry","last":"Duncan"},"location":{"street":{"number":2458,"name":"Rookery Road"},"city":"Loughrea","state":"Donegal","country":"Ireland","postcode":35742,"coordinates":{"latitude":"2.7200","longitude":"-35.6932"},"timezone":{"offset":"-6:00","description":"Central Time (US &amp; Canada), Mexico City"}},"email":"barry.duncan@example.com","login":{"uuid":"1333b924-064b-46b1-8753-d33def5a0b19","username":"goldenduck868","password":"italia","salt":"ayrTzTfH","md5":"73a2598f2331ac3206a3445317016c91","sha1":"284385e6d6b18f0c88b605255a29bb729c426d9a","sha256":"df037d4a00774ac5cd06681487ce6a7d8fce0fe8651044a4af36689901b4e2a4"},"dob":{"date":"1958-09-20T01:38:57.810Z","age":65},"registered":{"date":"2006-09-20T06:16:14.188Z","age":17},"phone":"071-936-0706","cell":"081-906-5816","id":{"name":"PPS","value":"9364590T"},"picture":{"large":"https://randomuser.me/api/portraits/men/81.jpg","medium":"https://randomuser.me/api/portraits/med/men/81.jpg","thumbnail":"https://randomuser.me/api/portraits/thumb/men/81.jpg"},"nat":"IE"}],"info":{"seed":"a01d98be5c3d0286","results":1,"page":1,"version":"1.4"}} 
 </msg>
<msg time="2024-04-03T18:16:47.646402" level="INFO">/opt/hostedtoolcache/Python/3.12.2/x64/lib/python3.12/site-packages/urllib3/connectionpool.py:1103: InsecureRequestWarning: Unverified HTTPS request is being made to host 'randomuser.me'. Adding certificate verification is strongly advised. See: https://urllib3.readthedocs.io/en/latest/advanced-usage.html#tls-warnings
  warnings.warn(</msg>
<msg time="2024-04-03T18:16:47.646572" level="INFO">${response} = &lt;Response [200]&gt;</msg>
<var>${response}</var>
<arg>consultarAPI</arg>
<arg>/api</arg>
<doc>Sends a GET request on a previously created HTTP Session.</doc>
<status status="PASS" start="2024-04-03T18:16:47.549800" elapsed="0.096836"/>
</kw>
<kw name="Set Variable" owner="BuiltIn">
<msg time="2024-04-03T18:16:47.647687" level="INFO">${json_data} = {'results': [{'gender': 'male', 'name': {'title': 'Mr', 'first': 'Barry', 'last': 'Duncan'}, 'location': {'street': {'number': 2458, 'name': 'Rookery Road'}, 'city': 'Loughrea', 'state': 'Donegal', 'c...</msg>
<var>${json_data}</var>
<arg>${response.json()}</arg>
<doc>Returns the given values which can then be assigned to a variables.</doc>
<status status="PASS" start="2024-04-03T18:16:47.647112" elapsed="0.000605"/>
</kw>
<kw name="Set Variable" owner="BuiltIn">
<msg time="2024-04-03T18:16:47.648428" level="INFO">${name_title} = Mr</msg>
<var>${name_title}</var>
<arg>${json_data["results"][0]["name"]["title"]}</arg>
<doc>Returns the given values which can then be assigned to a variables.</doc>
<status status="PASS" start="2024-04-03T18:16:47.648028" elapsed="0.000426"/>
</kw>
<kw name="Create List" owner="BuiltIn">
<msg time="2024-04-03T18:16:47.648911" level="INFO">${allowed_titles} = ['Mr', 'Ms', 'Miss', 'Mrs', 'Madame', 'Monsieur']</msg>
<var>${allowed_titles}</var>
<arg>Mr</arg>
<arg>Ms</arg>
<arg>Miss</arg>
<arg>Mrs</arg>
<arg>Madame</arg>
<arg>Monsieur</arg>
<doc>Returns a list containing given items.</doc>
<status status="PASS" start="2024-04-03T18:16:47.648761" elapsed="0.000174"/>
</kw>
<kw name="List Should Contain Value" owner="Collections">
<msg time="2024-04-03T18:16:47.649422" level="INFO">False</msg>
<arg>${allowed_titles}</arg>
<arg>${name_title}</arg>
<doc>Fails if the ``value`` is not found from ``list``.</doc>
<status status="PASS" start="2024-04-03T18:16:47.649245" elapsed="0.000214"/>
</kw>
<kw name="Set Variable" owner="BuiltIn">
<msg time="2024-04-03T18:16:47.650162" level="INFO">${name_country} = IE</msg>
<var>${name_country}</var>
<arg>${json_data["results"][0]["nat"]}</arg>
<doc>Returns the given values which can then be assigned to a variables.</doc>
<status status="PASS" start="2024-04-03T18:16:47.649784" elapsed="0.000403"/>
</kw>
<kw name="Create List" owner="BuiltIn">
<msg time="2024-04-03T18:16:47.651101" level="INFO">${list_country} = ['AD', 'AE', 'AF', 'AG', 'AI', 'AL', 'AM', 'AO', 'AQ', 'AR', 'AS', 'AT', 'AU', 'AW', 'AX', 'AZ', 'BA', 'BB', 'BD', 'BE', 'BF', 'BG', 'BH', 'BI', 'BJ', 'BL', 'BM', 'BN', 'BO', 'BQ', 'BR', 'BS', 'BT', '...</msg>
<var>${list_country}</var>
<arg>AD</arg>
<arg>AE</arg>
<arg>AF</arg>
<arg>AG</arg>
<arg>AI</arg>
<arg>AL</arg>
<arg>AM</arg>
<arg>AO</arg>
<arg>AQ</arg>
<arg>AR</arg>
<arg>AS</arg>
<arg>AT</arg>
<arg>AU</arg>
<arg>AW</arg>
<arg>AX</arg>
<arg>AZ</arg>
<arg>BA</arg>
<arg>BB</arg>
<arg>BD</arg>
<arg>BE</arg>
<arg>BF</arg>
<arg>BG</arg>
<arg>BH</arg>
<arg>BI</arg>
<arg>BJ</arg>
<arg>BL</arg>
<arg>BM</arg>
<arg>BN</arg>
<arg>BO</arg>
<arg>BQ</arg>
<arg>BR</arg>
<arg>BS</arg>
<arg>BT</arg>
<arg>BV</arg>
<arg>BW</arg>
<arg>BY</arg>
<arg>BZ</arg>
<arg>CA</arg>
<arg>CC</arg>
<arg>CD</arg>
<arg>CF</arg>
<arg>CG</arg>
<arg>CH</arg>
<arg>CI</arg>
<arg>CK</arg>
<arg>CL</arg>
<arg>CM</arg>
<arg>CN</arg>
<arg>CO</arg>
<arg>CR</arg>
<arg>CU</arg>
<arg>CV</arg>
<arg>CW</arg>
<arg>CX</arg>
<arg>CY</arg>
<arg>CZ</arg>
<arg>DE</arg>
<arg>DJ</arg>
<arg>DK</arg>
<arg>DM</arg>
<arg>DO</arg>
<arg>DZ</arg>
<arg>EC</arg>
<arg>EE</arg>
<arg>EG</arg>
<arg>EH</arg>
<arg>ER</arg>
<arg>ES</arg>
<arg>ET</arg>
<arg>FI</arg>
<arg>FJ</arg>
<arg>FK</arg>
<arg>FM</arg>
<arg>FO</arg>
<arg>FR</arg>
<arg>GA</arg>
<arg>GB</arg>
<arg>GD</arg>
<arg>GE</arg>
<arg>GF</arg>
<arg>GG</arg>
<arg>GH</arg>
<arg>GI</arg>
<arg>GL</arg>
<arg>GM</arg>
<arg>GN</arg>
<arg>GP</arg>
<arg>GQ</arg>
<arg>GR</arg>
<arg>GS</arg>
<arg>GT</arg>
<arg>GU</arg>
<arg>GW</arg>
<arg>GY</arg>
<arg>HK</arg>
<arg>HM</arg>
<arg>HN</arg>
<arg>HR</arg>
<arg>HT</arg>
<arg>HU</arg>
<arg>ID</arg>
<arg>IE</arg>
<arg>IL</arg>
<arg>IM</arg>
<arg>IN</arg>
<arg>IO</arg>
<arg>IQ</arg>
<arg>IR</arg>
<arg>IS</arg>
<arg>IT</arg>
<arg>JE</arg>
<arg>JM</arg>
<arg>JO</arg>
<arg>JP</arg>
<arg>KE</arg>
<arg>KG</arg>
<arg>KH</arg>
<arg>KI</arg>
<arg>KM</arg>
<arg>KN</arg>
<arg>KP</arg>
<arg>KR</arg>
<arg>KW</arg>
<arg>KY</arg>
<arg>KZ</arg>
<arg>LA</arg>
<arg>LB</arg>
<arg>LC</arg>
<arg>LI</arg>
<arg>LK</arg>
<arg>LR</arg>
<arg>LS</arg>
<arg>LT</arg>
<arg>LU</arg>
<arg>LV</arg>
<arg>LY</arg>
<arg>MA</arg>
<arg>MC</arg>
<arg>MD</arg>
<arg>ME</arg>
<arg>MF</arg>
<arg>MG</arg>
<arg>MH</arg>
<arg>MK</arg>
<arg>ML</arg>
<arg>MM</arg>
<arg>MN</arg>
<arg>MO</arg>
<arg>MP</arg>
<arg>MQ</arg>
<arg>MR</arg>
<arg>MS</arg>
<arg>MT</arg>
<arg>MU</arg>
<arg>MV</arg>
<arg>MW</arg>
<arg>MX</arg>
<arg>MY</arg>
<arg>MZ</arg>
<arg>NA</arg>
<arg>NC</arg>
<arg>NE</arg>
<arg>NF</arg>
<arg>NG</arg>
<arg>NI</arg>
<arg>NL</arg>
<arg>NO</arg>
<arg>NP</arg>
<arg>NR</arg>
<arg>NU</arg>
<arg>NZ</arg>
<arg>OM</arg>
<arg>PA</arg>
<arg>PE</arg>
<arg>PF</arg>
<arg>PG</arg>
<arg>PH</arg>
<arg>PK</arg>
<arg>PL</arg>
<arg>PM</arg>
<arg>PN</arg>
<arg>PR</arg>
<arg>PS</arg>
<arg>PT</arg>
<arg>PW</arg>
<arg>PY</arg>
<arg>QA</arg>
<arg>RE</arg>
<arg>RO</arg>
<arg>RS</arg>
<arg>RU</arg>
<arg>RW</arg>
<arg>SA</arg>
<arg>SB</arg>
<arg>SC</arg>
<arg>SD</arg>
<arg>SE</arg>
<arg>SG</arg>
<arg>SH</arg>
<arg>SI</arg>
<arg>SJ</arg>
<arg>SK</arg>
<arg>SL</arg>
<arg>SM</arg>
<arg>SN</arg>
<arg>SO</arg>
<arg>SR</arg>
<arg>SS</arg>
<arg>ST</arg>
<arg>SV</arg>
<arg>SX</arg>
<arg>SY</arg>
<arg>SZ</arg>
<arg>TC</arg>
<arg>TD</arg>
<arg>TF</arg>
<arg>TG</arg>
<arg>TH</arg>
<arg>TJ</arg>
<arg>TK</arg>
<arg>TL</arg>
<arg>TM</arg>
<arg>TN</arg>
<arg>TO</arg>
<arg>TR</arg>
<arg>TT</arg>
<arg>TV</arg>
<arg>TW</arg>
<arg>TZ</arg>
<arg>UA</arg>
<arg>UG</arg>
<arg>UM</arg>
<arg>US</arg>
<arg>UY</arg>
<arg>UZ</arg>
<arg>VA</arg>
<arg>VC</arg>
<arg>VE</arg>
<arg>VG</arg>
<arg>VI</arg>
<arg>VN</arg>
<arg>VU</arg>
<arg>WF</arg>
<arg>WS</arg>
<arg>XK</arg>
<arg>YE</arg>
<arg>YT</arg>
<arg>ZA</arg>
<arg>ZM</arg>
<arg>ZW</arg>
<doc>Returns a list containing given items.</doc>
<status status="PASS" start="2024-04-03T18:16:47.650498" elapsed="0.000629"/>
</kw>
<kw name="List Should Contain Value" owner="Collections">
<msg time="2024-04-03T18:16:47.652272" level="INFO">False</msg>
<arg>${list_country}</arg>
<arg>${name_country}</arg>
<doc>Fails if the ``value`` is not found from ``list``.</doc>
<status status="PASS" start="2024-04-03T18:16:47.652064" elapsed="0.000246"/>
</kw>
<kw name="Run Keyword If" owner="BuiltIn">
<kw name="Should Be True" owner="BuiltIn">
<arg>${True}</arg>
<doc>Fails if the given condition is not true.</doc>
<status status="PASS" start="2024-04-03T18:16:47.653396" elapsed="0.000177"/>
</kw>
<arg>${json_data["results"][0]["location"]["coordinates"]["latitude"]} &gt;= -90 and ${json_data["results"][0]["location"]["coordinates"]["latitude"]} &lt;= 90</arg>
<arg>Should Be True</arg>
<arg>${True}</arg>
<doc>Runs the given keyword with the given arguments, if ``condition`` is true.</doc>
<status status="PASS" start="2024-04-03T18:16:47.652623" elapsed="0.001083"/>
</kw>
<kw name="Run Keyword If" owner="BuiltIn">
<kw name="Should Be True" owner="BuiltIn">
<arg>${True}</arg>
<doc>Fails if the given condition is not true.</doc>
<status status="PASS" start="2024-04-03T18:16:47.654614" elapsed="0.000142"/>
</kw>
<arg>${json_data["results"][0]["location"]["coordinates"]["longitude"]} &gt;= -180 and ${json_data["results"][0]["location"]["coordinates"]["longitude"]} &lt;= 180</arg>
<arg>Should Be True</arg>
<arg>${True}</arg>
<doc>Runs the given keyword with the given arguments, if ``condition`` is true.</doc>
<status status="PASS" start="2024-04-03T18:16:47.653894" elapsed="0.000990"/>
</kw>
<status status="PASS" start="2024-04-03T18:16:47.549542" elapsed="0.105477"/>
</kw>
<doc>Testa o conteúdo específico dos campos retornados pela API.</doc>
<tag>testeConteudo</tag>
<status status="PASS" start="2024-04-03T18:16:47.549006" elapsed="0.106171"/>
</test>
<status status="PASS" start="2024-04-03T18:16:46.864681" elapsed="0.792477"/>
</suite>
<status status="PASS" start="2024-04-03T18:16:46.850763" elapsed="0.811842"/>
</suite>
<statistics>
<total>
<stat pass="5" fail="0" skip="0">All Tests</stat>
</total>
<tag>
<stat pass="1" fail="0" skip="0">testeConteudo</stat>
<stat pass="1" fail="0" skip="0">testeEstruturaResposta</stat>
<stat pass="1" fail="0" skip="0">testeRequisicaoBasica</stat>
<stat pass="1" fail="0" skip="0">testeTiposDados</stat>
</tag>
<suite>
<stat pass="5" fail="0" skip="0" id="s1" name="Tests">Tests</stat>
<stat pass="5" fail="0" skip="0" id="s1-s1" name="Random-User-Test">Tests.Random-User-Test</stat>
</suite>
</statistics>
<errors>
</errors>
</robot>
