<?xml version="1.0" encoding="UTF-8"?>
<robot generator="Robot 7.0.1 (Python 3.12.4 on linux)" generated="2024-07-11T20:15:41.207782" rpa="false" schemaversion="5">
<suite id="s1" name="Tests" source="/home/runner/work/ApiRandomUser/ApiRandomUser/RamdonUser/tests">
<suite id="s1-s1" name="Random-User-Test" source="/home/runner/work/ApiRandomUser/ApiRandomUser/RamdonUser/tests/random-user-test.robot">
<test id="s1-s1-t1" name="Conectar" line="13">
<kw name="Conectar API" owner="random-user-service">
<kw name="Create Session" owner="RequestsLibrary">
<msg time="2024-07-11T20:15:41.615745" level="INFO">Creating Session using : alias=consultarAPI, url=https://randomuser.me/, headers={},                     cookies={}, auth=None, timeout=None, proxies=None, verify=False,                     debug=0 </msg>
<arg>consultarAPI</arg>
<arg>${URL}</arg>
<doc>Create Session: create a HTTP session to a server</doc>
<status status="PASS" start="2024-07-11T20:15:41.615544" elapsed="0.000391"/>
</kw>
<status status="PASS" start="2024-07-11T20:15:41.614572" elapsed="0.001730"/>
</kw>
<status status="PASS" start="2024-07-11T20:15:41.613955" elapsed="0.002546"/>
</test>
<test id="s1-s1-t2" name="Validar retorno 200 e JSON Válido" line="16">
<kw name="Teste de Requisicao Basica" owner="random-user-service">
<kw name="GET On Session" owner="RequestsLibrary">
<msg time="2024-07-11T20:15:41.891752" level="INFO">GET Request : url=https://randomuser.me/api 
 path_url=/api 
 headers={'User-Agent': 'python-requests/2.32.3', 'Accept-Encoding': 'gzip, deflate', 'Accept': '*/*', 'Connection': 'keep-alive'} 
 body=None 
 </msg>
<msg time="2024-07-11T20:15:41.891901" level="INFO">GET Response : url=https://randomuser.me/api 
 status=200, reason=OK 
 headers={'Date': 'Thu, 11 Jul 2024 20:15:41 GMT', 'Content-Type': 'application/json; charset=utf-8', 'Transfer-Encoding': 'chunked', 'Connection': 'keep-alive', 'X-Powered-By': 'Express', 'Access-Control-Allow-Origin': '*', 'Cache-Control': 'no-cache', 'ETag': 'W/"489-DNIrzaVVHmN2kMkHc1Nf/Zw31oc"', 'Vary': 'Accept-Encoding', 'Content-Encoding': 'gzip', 'CF-Cache-Status': 'DYNAMIC', 'Report-To': '{"endpoints":[{"url":"https:\\/\\/a.nel.cloudflare.com\\/report\\/v4?s=yM0qYtcjhUM4z4xJBNqm%2BleyRg%2BJpWDPyLHqXSz%2Btdf4VzqxeroSfXKHxfcP5L%2ByYz08rjOlzJRZbbm60MKLPUrVl9Vb4qp2%2FsIHffI3O9Nr1907x6QZmem2rU1AohvO"}],"group":"cf-nel","max_age":604800}', 'NEL': '{"success_fraction":0,"report_to":"cf-nel","max_age":604800}', 'Server': 'cloudflare', 'CF-RAY': '8a1b778e0d9059e6-IAD', 'alt-svc': 'h3=":443"; ma=86400'} 
 body={"results":[{"gender":"male","name":{"title":"Mr","first":"Maxime","last":"Gagné"},"location":{"street":{"number":4736,"name":"Vimy St"},"city":"Russell","state":"Québec","country":"Canada","postcode":"D0X 6X5","coordinates":{"latitude":"-65.0117","longitude":"-122.7656"},"timezone":{"offset":"+11:00","description":"Magadan, Solomon Islands, New Caledonia"}},"email":"maxime.gagne@example.com","login":{"uuid":"a5f7fbcf-0a2e-4704-a3ac-68364b781add","username":"redrabbit445","password":"butts","salt":"bQi4Bcqh","md5":"fb1c022a5dd576833270e369bef8674d","sha1":"2646f8f582d13fa8f01e8a032b52d66f42b95595","sha256":"00dfea7f95f38be4c740fd54424563e83d7b6e67b641ed879bd44d9d381d370b"},"dob":{"date":"1974-09-11T01:32:30.970Z","age":49},"registered":{"date":"2006-10-05T09:27:19.913Z","age":17},"phone":"I74 N06-8873","cell":"A26 C01-2325","id":{"name":"SIN","value":"551190341"},"picture":{"large":"https://randomuser.me/api/portraits/men/43.jpg","medium":"https://randomuser.me/api/portraits/med/men/43.jpg","thumbnail":"https://randomuser.me/api/portraits/thumb/men/43.jpg"},"nat":"CA"}],"info":{"seed":"65c7a0e7e58bb494","results":1,"page":1,"version":"1.4"}} 
 </msg>
<msg time="2024-07-11T20:15:41.891989" level="INFO">/opt/hostedtoolcache/Python/3.12.4/x64/lib/python3.12/site-packages/urllib3/connectionpool.py:1099: InsecureRequestWarning: Unverified HTTPS request is being made to host 'randomuser.me'. Adding certificate verification is strongly advised. See: https://urllib3.readthedocs.io/en/latest/advanced-usage.html#tls-warnings
  warnings.warn(</msg>
<msg time="2024-07-11T20:15:41.892134" level="INFO">${response} = &lt;Response [200]&gt;</msg>
<var>${response}</var>
<arg>consultarAPI</arg>
<arg>/api</arg>
<doc>Sends a GET request on a previously created HTTP Session.</doc>
<status status="PASS" start="2024-07-11T20:15:41.619212" elapsed="0.272965"/>
</kw>
<kw name="Should Be Equal As Numbers" owner="BuiltIn">
<msg time="2024-07-11T20:15:41.893325" level="INFO">Argument types are:
&lt;class 'int'&gt;
&lt;class 'str'&gt;</msg>
<arg>${response.status_code}</arg>
<arg>200</arg>
<doc>Fails if objects are unequal after converting them to real numbers.</doc>
<status status="PASS" start="2024-07-11T20:15:41.892813" elapsed="0.000577"/>
</kw>
<kw name="Log" owner="BuiltIn">
<msg time="2024-07-11T20:15:41.894111" level="INFO">200</msg>
<arg>${response.status_code}</arg>
<doc>Logs the given message with the given level.</doc>
<status status="PASS" start="2024-07-11T20:15:41.893716" elapsed="0.000438"/>
</kw>
<kw name="Set Variable" owner="BuiltIn">
<msg time="2024-07-11T20:15:41.894908" level="INFO">${json_data} = {'results': [{'gender': 'male', 'name': {'title': 'Mr', 'first': 'Maxime', 'last': 'Gagné'}, 'location': {'street': {'number': 4736, 'name': 'Vimy St'}, 'city': 'Russell', 'state': 'Québec', 'country'...</msg>
<var>${json_data}</var>
<arg>${response.json()}</arg>
<doc>Returns the given values which can then be assigned to a variables.</doc>
<status status="PASS" start="2024-07-11T20:15:41.894471" elapsed="0.000466"/>
</kw>
<kw name="Dictionary Should Contain Key" owner="Collections">
<arg>${json_data}</arg>
<arg>results</arg>
<doc>Fails if ``key`` is not found from ``dictionary``.</doc>
<status status="PASS" start="2024-07-11T20:15:41.895234" elapsed="0.000174"/>
</kw>
<status status="PASS" start="2024-07-11T20:15:41.618967" elapsed="0.276595"/>
</kw>
<doc>Testa se a API responde corretamente e retorna um objeto JSON válido.</doc>
<tag>testeRequisicaoBasica</tag>
<status status="PASS" start="2024-07-11T20:15:41.618424" elapsed="0.277319"/>
</test>
<test id="s1-s1-t3" name="Validar estrutura de resposta" line="22">
<kw name="Teste de Estrutura de Resposta" owner="random-user-service">
<kw name="GET On Session" owner="RequestsLibrary">
<msg time="2024-07-11T20:15:41.955807" level="INFO">GET Request : url=https://randomuser.me/api 
 path_url=/api 
 headers={'User-Agent': 'python-requests/2.32.3', 'Accept-Encoding': 'gzip, deflate', 'Accept': '*/*', 'Connection': 'keep-alive'} 
 body=None 
 </msg>
<msg time="2024-07-11T20:15:41.955884" level="INFO">GET Response : url=https://randomuser.me/api 
 status=200, reason=OK 
 headers={'Date': 'Thu, 11 Jul 2024 20:15:41 GMT', 'Content-Type': 'application/json; charset=utf-8', 'Transfer-Encoding': 'chunked', 'Connection': 'keep-alive', 'X-Powered-By': 'Express', 'Access-Control-Allow-Origin': '*', 'Cache-Control': 'no-cache', 'ETag': 'W/"49a-QS886wmQ3ioEBVCFXDKMAFTSnu8"', 'Vary': 'Accept-Encoding', 'Content-Encoding': 'gzip', 'CF-Cache-Status': 'DYNAMIC', 'Report-To': '{"endpoints":[{"url":"https:\\/\\/a.nel.cloudflare.com\\/report\\/v4?s=pUwbXmZUBQ1xXJPUXPHs3o0TMLPwniST0iOf2HN76U5pW2Nie3WMVja6SZ0fiVvJ5%2BBYZi1Eu%2FwSztXLOzE64UvihEB6kVSmPuB9BYAqwFpU%2BXiJaFtgDGSUXaqMvcqo"}],"group":"cf-nel","max_age":604800}', 'NEL': '{"success_fraction":0,"report_to":"cf-nel","max_age":604800}', 'Server': 'cloudflare', 'CF-RAY': '8a1b778eee9459e6-IAD', 'alt-svc': 'h3=":443"; ma=86400'} 
 body={"results":[{"gender":"male","name":{"title":"Mr","first":"طاها","last":"کریمی"},"location":{"street":{"number":298,"name":"خالد اسلامبولی"},"city":"آبادان","state":"مازندران","country":"Iran","postcode":20516,"coordinates":{"latitude":"14.7077","longitude":"-103.4328"},"timezone":{"offset":"+1:00","description":"Brussels, Copenhagen, Madrid, Paris"}},"email":"th.khrymy@example.com","login":{"uuid":"8e7030a1-76eb-49f1-9cb4-5851912bb3d6","username":"sadelephant435","password":"rodeo","salt":"Bz4TL8e1","md5":"ddc141503b7ddbb65d11110de62e8068","sha1":"a0e5866a85c231345a44366caaeb8ee0b563d5b7","sha256":"19841b4f977395ae07d35796cee867927f04c1f23d02a6085499b821db803e27"},"dob":{"date":"1973-08-16T22:06:16.386Z","age":50},"registered":{"date":"2008-10-16T21:04:16.227Z","age":15},"phone":"050-16728405","cell":"0936-015-4892","id":{"name":"","value":null},"picture":{"large":"https://randomuser.me/api/portraits/men/11.jpg","medium":"https://randomuser.me/api/portraits/med/men/11.jpg","thumbnail":"https://randomuser.me/api/portraits/thumb/men/11.jpg"},"nat":"IR"}],"info":{"seed":"e01db611b24c62c1","results":1,"page":1,"version":"1.4"}} 
 </msg>
<msg time="2024-07-11T20:15:41.955996" level="INFO">/opt/hostedtoolcache/Python/3.12.4/x64/lib/python3.12/site-packages/urllib3/connectionpool.py:1099: InsecureRequestWarning: Unverified HTTPS request is being made to host 'randomuser.me'. Adding certificate verification is strongly advised. See: https://urllib3.readthedocs.io/en/latest/advanced-usage.html#tls-warnings
  warnings.warn(</msg>
<msg time="2024-07-11T20:15:41.956094" level="INFO">${response} = &lt;Response [200]&gt;</msg>
<var>${response}</var>
<arg>consultarAPI</arg>
<arg>/api</arg>
<doc>Sends a GET request on a previously created HTTP Session.</doc>
<status status="PASS" start="2024-07-11T20:15:41.898442" elapsed="0.057686"/>
</kw>
<kw name="Set Variable" owner="BuiltIn">
<msg time="2024-07-11T20:15:41.957028" level="INFO">${json_data} = {'results': [{'gender': 'male', 'name': {'title': 'Mr', 'first': 'طاها', 'last': 'کریمی'}, 'location': {'street': {'number': 298, 'name': 'خالد اسلامبولی'}, 'city': 'آبادان', 'state': 'مازندران', 'cou...</msg>
<var>${json_data}</var>
<arg>${response.json()}</arg>
<doc>Returns the given values which can then be assigned to a variables.</doc>
<status status="PASS" start="2024-07-11T20:15:41.956540" elapsed="0.000518"/>
</kw>
<kw name="Log" owner="BuiltIn">
<msg time="2024-07-11T20:15:41.957528" level="INFO">{'results': [{'gender': 'male', 'name': {'title': 'Mr', 'first': 'طاها', 'last': 'کریمی'}, 'location': {'street': {'number': 298, 'name': 'خالد اسلامبولی'}, 'city': 'آبادان', 'state': 'مازندران', 'country': 'Iran', 'postcode': 20516, 'coordinates': {'latitude': '14.7077', 'longitude': '-103.4328'}, 'timezone': {'offset': '+1:00', 'description': 'Brussels, Copenhagen, Madrid, Paris'}}, 'email': 'th.khrymy@example.com', 'login': {'uuid': '8e7030a1-76eb-49f1-9cb4-5851912bb3d6', 'username': 'sadelephant435', 'password': 'rodeo', 'salt': 'Bz4TL8e1', 'md5': 'ddc141503b7ddbb65d11110de62e8068', 'sha1': 'a0e5866a85c231345a44366caaeb8ee0b563d5b7', 'sha256': '19841b4f977395ae07d35796cee867927f04c1f23d02a6085499b821db803e27'}, 'dob': {'date': '1973-08-16T22:06:16.386Z', 'age': 50}, 'registered': {'date': '2008-10-16T21:04:16.227Z', 'age': 15}, 'phone': '050-16728405', 'cell': '0936-015-4892', 'id': {'name': '', 'value': None}, 'picture': {'large': 'https://randomuser.me/api/portraits/men/11.jpg', 'medium': 'https://randomuser.me/api/portraits/med/men/11.jpg', 'thumbnail': 'https://randomuser.me/api/portraits/thumb/men/11.jpg'}, 'nat': 'IR'}], 'info': {'seed': 'e01db611b24c62c1', 'results': 1, 'page': 1, 'version': '1.4'}}</msg>
<arg>${json_data}</arg>
<doc>Logs the given message with the given level.</doc>
<status status="PASS" start="2024-07-11T20:15:41.957368" elapsed="0.000214"/>
</kw>
<kw name="Dictionary Should Contain Key" owner="Collections">
<arg>${json_data}</arg>
<arg>results</arg>
<doc>Fails if ``key`` is not found from ``dictionary``.</doc>
<status status="PASS" start="2024-07-11T20:15:41.957896" elapsed="0.000163"/>
</kw>
<kw name="Should Not Be Empty" owner="BuiltIn">
<msg time="2024-07-11T20:15:41.958368" level="INFO">Length is 2.</msg>
<arg>${json_data}</arg>
<doc>Verifies that the given item is not empty.</doc>
<status status="PASS" start="2024-07-11T20:15:41.958237" elapsed="0.000169"/>
</kw>
<kw name="Create List" owner="BuiltIn">
<msg time="2024-07-11T20:15:41.958971" level="INFO">${expected_keys} = ['gender', 'name', 'location', 'email', 'login']</msg>
<var>${expected_keys}</var>
<arg>gender</arg>
<arg>name</arg>
<arg>location</arg>
<arg>email</arg>
<arg>login</arg>
<doc>Returns a list containing given items.</doc>
<status status="PASS" start="2024-07-11T20:15:41.958685" elapsed="0.000311"/>
</kw>
<for flavor="IN">
<iter>
<kw name="Dictionary Should Contain Key" owner="Collections">
<arg>${json_data['results'][0]}</arg>
<arg>${key}</arg>
<doc>Fails if ``key`` is not found from ``dictionary``.</doc>
<status status="PASS" start="2024-07-11T20:15:41.959578" elapsed="0.000405"/>
</kw>
<kw name="Log" owner="BuiltIn">
<msg time="2024-07-11T20:15:41.960529" level="INFO">{'gender': 'male', 'name': {'title': 'Mr', 'first': 'طاها', 'last': 'کریمی'}, 'location': {'street': {'number': 298, 'name': 'خالد اسلامبولی'}, 'city': 'آبادان', 'state': 'مازندران', 'country': 'Iran', 'postcode': 20516, 'coordinates': {'latitude': '14.7077', 'longitude': '-103.4328'}, 'timezone': {'offset': '+1:00', 'description': 'Brussels, Copenhagen, Madrid, Paris'}}, 'email': 'th.khrymy@example.com', 'login': {'uuid': '8e7030a1-76eb-49f1-9cb4-5851912bb3d6', 'username': 'sadelephant435', 'password': 'rodeo', 'salt': 'Bz4TL8e1', 'md5': 'ddc141503b7ddbb65d11110de62e8068', 'sha1': 'a0e5866a85c231345a44366caaeb8ee0b563d5b7', 'sha256': '19841b4f977395ae07d35796cee867927f04c1f23d02a6085499b821db803e27'}, 'dob': {'date': '1973-08-16T22:06:16.386Z', 'age': 50}, 'registered': {'date': '2008-10-16T21:04:16.227Z', 'age': 15}, 'phone': '050-16728405', 'cell': '0936-015-4892', 'id': {'name': '', 'value': None}, 'picture': {'large': 'https://randomuser.me/api/portraits/men/11.jpg', 'medium': 'https://randomuser.me/api/portraits/med/men/11.jpg', 'thumbnail': 'https://randomuser.me/api/portraits/thumb/men/11.jpg'}, 'nat': 'IR'}</msg>
<arg>${json_data['results'][0]}</arg>
<doc>Logs the given message with the given level.</doc>
<status status="PASS" start="2024-07-11T20:15:41.960167" elapsed="0.000415"/>
</kw>
<kw name="Log" owner="BuiltIn">
<msg time="2024-07-11T20:15:41.961007" level="INFO">gender</msg>
<arg>${key}</arg>
<doc>Logs the given message with the given level.</doc>
<status status="PASS" start="2024-07-11T20:15:41.960880" elapsed="0.000165"/>
</kw>
<var name="${key}">gender</var>
<status status="PASS" start="2024-07-11T20:15:41.959451" elapsed="0.001807"/>
</iter>
<iter>
<kw name="Dictionary Should Contain Key" owner="Collections">
<arg>${json_data['results'][0]}</arg>
<arg>${key}</arg>
<doc>Fails if ``key`` is not found from ``dictionary``.</doc>
<status status="PASS" start="2024-07-11T20:15:41.961548" elapsed="0.000415"/>
</kw>
<kw name="Log" owner="BuiltIn">
<msg time="2024-07-11T20:15:41.962532" level="INFO">{'gender': 'male', 'name': {'title': 'Mr', 'first': 'طاها', 'last': 'کریمی'}, 'location': {'street': {'number': 298, 'name': 'خالد اسلامبولی'}, 'city': 'آبادان', 'state': 'مازندران', 'country': 'Iran', 'postcode': 20516, 'coordinates': {'latitude': '14.7077', 'longitude': '-103.4328'}, 'timezone': {'offset': '+1:00', 'description': 'Brussels, Copenhagen, Madrid, Paris'}}, 'email': 'th.khrymy@example.com', 'login': {'uuid': '8e7030a1-76eb-49f1-9cb4-5851912bb3d6', 'username': 'sadelephant435', 'password': 'rodeo', 'salt': 'Bz4TL8e1', 'md5': 'ddc141503b7ddbb65d11110de62e8068', 'sha1': 'a0e5866a85c231345a44366caaeb8ee0b563d5b7', 'sha256': '19841b4f977395ae07d35796cee867927f04c1f23d02a6085499b821db803e27'}, 'dob': {'date': '1973-08-16T22:06:16.386Z', 'age': 50}, 'registered': {'date': '2008-10-16T21:04:16.227Z', 'age': 15}, 'phone': '050-16728405', 'cell': '0936-015-4892', 'id': {'name': '', 'value': None}, 'picture': {'large': 'https://randomuser.me/api/portraits/men/11.jpg', 'medium': 'https://randomuser.me/api/portraits/med/men/11.jpg', 'thumbnail': 'https://randomuser.me/api/portraits/thumb/men/11.jpg'}, 'nat': 'IR'}</msg>
<arg>${json_data['results'][0]}</arg>
<doc>Logs the given message with the given level.</doc>
<status status="PASS" start="2024-07-11T20:15:41.962143" elapsed="0.000442"/>
</kw>
<kw name="Log" owner="BuiltIn">
<msg time="2024-07-11T20:15:41.963011" level="INFO">name</msg>
<arg>${key}</arg>
<doc>Logs the given message with the given level.</doc>
<status status="PASS" start="2024-07-11T20:15:41.962883" elapsed="0.000165"/>
</kw>
<var name="${key}">name</var>
<status status="PASS" start="2024-07-11T20:15:41.961439" elapsed="0.001824"/>
</iter>
<iter>
<kw name="Dictionary Should Contain Key" owner="Collections">
<arg>${json_data['results'][0]}</arg>
<arg>${key}</arg>
<doc>Fails if ``key`` is not found from ``dictionary``.</doc>
<status status="PASS" start="2024-07-11T20:15:41.963542" elapsed="0.000375"/>
</kw>
<kw name="Log" owner="BuiltIn">
<msg time="2024-07-11T20:15:41.964439" level="INFO">{'gender': 'male', 'name': {'title': 'Mr', 'first': 'طاها', 'last': 'کریمی'}, 'location': {'street': {'number': 298, 'name': 'خالد اسلامبولی'}, 'city': 'آبادان', 'state': 'مازندران', 'country': 'Iran', 'postcode': 20516, 'coordinates': {'latitude': '14.7077', 'longitude': '-103.4328'}, 'timezone': {'offset': '+1:00', 'description': 'Brussels, Copenhagen, Madrid, Paris'}}, 'email': 'th.khrymy@example.com', 'login': {'uuid': '8e7030a1-76eb-49f1-9cb4-5851912bb3d6', 'username': 'sadelephant435', 'password': 'rodeo', 'salt': 'Bz4TL8e1', 'md5': 'ddc141503b7ddbb65d11110de62e8068', 'sha1': 'a0e5866a85c231345a44366caaeb8ee0b563d5b7', 'sha256': '19841b4f977395ae07d35796cee867927f04c1f23d02a6085499b821db803e27'}, 'dob': {'date': '1973-08-16T22:06:16.386Z', 'age': 50}, 'registered': {'date': '2008-10-16T21:04:16.227Z', 'age': 15}, 'phone': '050-16728405', 'cell': '0936-015-4892', 'id': {'name': '', 'value': None}, 'picture': {'large': 'https://randomuser.me/api/portraits/men/11.jpg', 'medium': 'https://randomuser.me/api/portraits/med/men/11.jpg', 'thumbnail': 'https://randomuser.me/api/portraits/thumb/men/11.jpg'}, 'nat': 'IR'}</msg>
<arg>${json_data['results'][0]}</arg>
<doc>Logs the given message with the given level.</doc>
<status status="PASS" start="2024-07-11T20:15:41.964094" elapsed="0.000395"/>
</kw>
<kw name="Log" owner="BuiltIn">
<msg time="2024-07-11T20:15:41.964901" level="INFO">location</msg>
<arg>${key}</arg>
<doc>Logs the given message with the given level.</doc>
<status status="PASS" start="2024-07-11T20:15:41.964778" elapsed="0.000159"/>
</kw>
<var name="${key}">location</var>
<status status="PASS" start="2024-07-11T20:15:41.963436" elapsed="0.001712"/>
</iter>
<iter>
<kw name="Dictionary Should Contain Key" owner="Collections">
<arg>${json_data['results'][0]}</arg>
<arg>${key}</arg>
<doc>Fails if ``key`` is not found from ``dictionary``.</doc>
<status status="PASS" start="2024-07-11T20:15:41.965427" elapsed="0.000403"/>
</kw>
<kw name="Log" owner="BuiltIn">
<msg time="2024-07-11T20:15:41.966377" level="INFO">{'gender': 'male', 'name': {'title': 'Mr', 'first': 'طاها', 'last': 'کریمی'}, 'location': {'street': {'number': 298, 'name': 'خالد اسلامبولی'}, 'city': 'آبادان', 'state': 'مازندران', 'country': 'Iran', 'postcode': 20516, 'coordinates': {'latitude': '14.7077', 'longitude': '-103.4328'}, 'timezone': {'offset': '+1:00', 'description': 'Brussels, Copenhagen, Madrid, Paris'}}, 'email': 'th.khrymy@example.com', 'login': {'uuid': '8e7030a1-76eb-49f1-9cb4-5851912bb3d6', 'username': 'sadelephant435', 'password': 'rodeo', 'salt': 'Bz4TL8e1', 'md5': 'ddc141503b7ddbb65d11110de62e8068', 'sha1': 'a0e5866a85c231345a44366caaeb8ee0b563d5b7', 'sha256': '19841b4f977395ae07d35796cee867927f04c1f23d02a6085499b821db803e27'}, 'dob': {'date': '1973-08-16T22:06:16.386Z', 'age': 50}, 'registered': {'date': '2008-10-16T21:04:16.227Z', 'age': 15}, 'phone': '050-16728405', 'cell': '0936-015-4892', 'id': {'name': '', 'value': None}, 'picture': {'large': 'https://randomuser.me/api/portraits/men/11.jpg', 'medium': 'https://randomuser.me/api/portraits/med/men/11.jpg', 'thumbnail': 'https://randomuser.me/api/portraits/thumb/men/11.jpg'}, 'nat': 'IR'}</msg>
<arg>${json_data['results'][0]}</arg>
<doc>Logs the given message with the given level.</doc>
<status status="PASS" start="2024-07-11T20:15:41.966024" elapsed="0.000404"/>
</kw>
<kw name="Log" owner="BuiltIn">
<msg time="2024-07-11T20:15:41.966850" level="INFO">email</msg>
<arg>${key}</arg>
<doc>Logs the given message with the given level.</doc>
<status status="PASS" start="2024-07-11T20:15:41.966721" elapsed="0.000166"/>
</kw>
<var name="${key}">email</var>
<status status="PASS" start="2024-07-11T20:15:41.965316" elapsed="0.001783"/>
</iter>
<iter>
<kw name="Dictionary Should Contain Key" owner="Collections">
<arg>${json_data['results'][0]}</arg>
<arg>${key}</arg>
<doc>Fails if ``key`` is not found from ``dictionary``.</doc>
<status status="PASS" start="2024-07-11T20:15:41.967379" elapsed="0.000378"/>
</kw>
<kw name="Log" owner="BuiltIn">
<msg time="2024-07-11T20:15:41.968282" level="INFO">{'gender': 'male', 'name': {'title': 'Mr', 'first': 'طاها', 'last': 'کریمی'}, 'location': {'street': {'number': 298, 'name': 'خالد اسلامبولی'}, 'city': 'آبادان', 'state': 'مازندران', 'country': 'Iran', 'postcode': 20516, 'coordinates': {'latitude': '14.7077', 'longitude': '-103.4328'}, 'timezone': {'offset': '+1:00', 'description': 'Brussels, Copenhagen, Madrid, Paris'}}, 'email': 'th.khrymy@example.com', 'login': {'uuid': '8e7030a1-76eb-49f1-9cb4-5851912bb3d6', 'username': 'sadelephant435', 'password': 'rodeo', 'salt': 'Bz4TL8e1', 'md5': 'ddc141503b7ddbb65d11110de62e8068', 'sha1': 'a0e5866a85c231345a44366caaeb8ee0b563d5b7', 'sha256': '19841b4f977395ae07d35796cee867927f04c1f23d02a6085499b821db803e27'}, 'dob': {'date': '1973-08-16T22:06:16.386Z', 'age': 50}, 'registered': {'date': '2008-10-16T21:04:16.227Z', 'age': 15}, 'phone': '050-16728405', 'cell': '0936-015-4892', 'id': {'name': '', 'value': None}, 'picture': {'large': 'https://randomuser.me/api/portraits/men/11.jpg', 'medium': 'https://randomuser.me/api/portraits/med/men/11.jpg', 'thumbnail': 'https://randomuser.me/api/portraits/thumb/men/11.jpg'}, 'nat': 'IR'}</msg>
<arg>${json_data['results'][0]}</arg>
<doc>Logs the given message with the given level.</doc>
<status status="PASS" start="2024-07-11T20:15:41.967936" elapsed="0.000397"/>
</kw>
<kw name="Log" owner="BuiltIn">
<msg time="2024-07-11T20:15:41.968749" level="INFO">login</msg>
<arg>${key}</arg>
<doc>Logs the given message with the given level.</doc>
<status status="PASS" start="2024-07-11T20:15:41.968624" elapsed="0.000163"/>
</kw>
<var name="${key}">login</var>
<status status="PASS" start="2024-07-11T20:15:41.967267" elapsed="0.001731"/>
</iter>
<var>${key}</var>
<value>@{expected_keys}</value>
<status status="PASS" start="2024-07-11T20:15:41.959256" elapsed="0.009868"/>
</for>
<kw name="Create List" owner="BuiltIn">
<msg time="2024-07-11T20:15:41.969487" level="INFO">${expected_keysTwo} = ['username', 'password']</msg>
<var>${expected_keysTwo}</var>
<arg>username</arg>
<arg>password</arg>
<doc>Returns a list containing given items.</doc>
<status status="PASS" start="2024-07-11T20:15:41.969310" elapsed="0.000202"/>
</kw>
<for flavor="IN">
<iter>
<kw name="Dictionary Should Contain Key" owner="Collections">
<arg>${json_data['results'][0]['login']}</arg>
<arg>${keyTwo}</arg>
<doc>Fails if ``key`` is not found from ``dictionary``.</doc>
<status status="PASS" start="2024-07-11T20:15:41.970029" elapsed="0.000389"/>
</kw>
<kw name="Dictionary Should Contain Key" owner="Collections">
<arg>${json_data['results'][0]['login']}</arg>
<arg>${keyTwo}</arg>
<doc>Fails if ``key`` is not found from ``dictionary``.</doc>
<status status="PASS" start="2024-07-11T20:15:41.970594" elapsed="0.000368"/>
</kw>
<kw name="Log" owner="BuiltIn">
<msg time="2024-07-11T20:15:41.971258" level="INFO">username</msg>
<arg>${keyTwo}</arg>
<doc>Logs the given message with the given level.</doc>
<status status="PASS" start="2024-07-11T20:15:41.971140" elapsed="0.000155"/>
</kw>
<var name="${keyTwo}">username</var>
<status status="PASS" start="2024-07-11T20:15:41.969923" elapsed="0.001588"/>
</iter>
<iter>
<kw name="Dictionary Should Contain Key" owner="Collections">
<arg>${json_data['results'][0]['login']}</arg>
<arg>${keyTwo}</arg>
<doc>Fails if ``key`` is not found from ``dictionary``.</doc>
<status status="PASS" start="2024-07-11T20:15:41.971783" elapsed="0.000384"/>
</kw>
<kw name="Dictionary Should Contain Key" owner="Collections">
<arg>${json_data['results'][0]['login']}</arg>
<arg>${keyTwo}</arg>
<doc>Fails if ``key`` is not found from ``dictionary``.</doc>
<status status="PASS" start="2024-07-11T20:15:41.972345" elapsed="0.000374"/>
</kw>
<kw name="Log" owner="BuiltIn">
<msg time="2024-07-11T20:15:41.973009" level="INFO">password</msg>
<arg>${keyTwo}</arg>
<doc>Logs the given message with the given level.</doc>
<status status="PASS" start="2024-07-11T20:15:41.972891" elapsed="0.000159"/>
</kw>
<var name="${keyTwo}">password</var>
<status status="PASS" start="2024-07-11T20:15:41.971679" elapsed="0.001675"/>
</iter>
<var>${keyTwo}</var>
<value>@{expected_keysTwo}</value>
<status status="PASS" start="2024-07-11T20:15:41.969746" elapsed="0.003728"/>
</for>
<status status="PASS" start="2024-07-11T20:15:41.898210" elapsed="0.075410"/>
</kw>
<doc>Testa a estrutura da resposta da API.</doc>
<tag>testeEstruturaResposta</tag>
<status status="PASS" start="2024-07-11T20:15:41.897588" elapsed="0.076195"/>
</test>
<test id="s1-s1-t4" name="Validar tipos de dados" line="28">
<kw name="Teste de Tipos de Dados" owner="random-user-service">
<kw name="GET On Session" owner="RequestsLibrary">
<msg time="2024-07-11T20:15:42.050560" level="INFO">GET Request : url=https://randomuser.me/api 
 path_url=/api 
 headers={'User-Agent': 'python-requests/2.32.3', 'Accept-Encoding': 'gzip, deflate', 'Accept': '*/*', 'Connection': 'keep-alive'} 
 body=None 
 </msg>
<msg time="2024-07-11T20:15:42.050643" level="INFO">GET Response : url=https://randomuser.me/api 
 status=200, reason=OK 
 headers={'Date': 'Thu, 11 Jul 2024 20:15:42 GMT', 'Content-Type': 'application/json; charset=utf-8', 'Transfer-Encoding': 'chunked', 'Connection': 'keep-alive', 'X-Powered-By': 'Express', 'Access-Control-Allow-Origin': '*', 'Cache-Control': 'no-cache', 'ETag': 'W/"482-/EICeU/79ZIp14n/3gkKpjYLEv4"', 'Vary': 'Accept-Encoding', 'Content-Encoding': 'gzip', 'CF-Cache-Status': 'DYNAMIC', 'Report-To': '{"endpoints":[{"url":"https:\\/\\/a.nel.cloudflare.com\\/report\\/v4?s=5pYX3atNII%2FcLdAnZFdfAB7prLa%2Fp702q%2FOh4T%2BDs4tSUKtoE4tpe%2BPWAHJaiqMJ8uzR8Lji5un4k%2B9std2uPjtJBj%2BdSwRL6tPQVtMPFNT30g9wWDS%2BSAskAAUDUkbx"}],"group":"cf-nel","max_age":604800}', 'NEL': '{"success_fraction":0,"report_to":"cf-nel","max_age":604800}', 'Server': 'cloudflare', 'CF-RAY': '8a1b778f6f7159e6-IAD', 'alt-svc': 'h3=":443"; ma=86400'} 
 body={"results":[{"gender":"male","name":{"title":"Mr","first":"Alberto","last":"Ramirez"},"location":{"street":{"number":8132,"name":"Adams St"},"city":"Bernalillo","state":"Connecticut","country":"United States","postcode":35306,"coordinates":{"latitude":"88.9716","longitude":"-127.5230"},"timezone":{"offset":"+5:45","description":"Kathmandu"}},"email":"alberto.ramirez@example.com","login":{"uuid":"0bbd0124-6ca0-40f2-8dfd-986453808f29","username":"whitesnake627","password":"sinatra","salt":"AXNab9kY","md5":"3b9bf53ffb09bae84f60fbc61732c38b","sha1":"f4891602df3e8e868bf15d75e7488e1fc3f4bdb1","sha256":"e27813faf597106ba4f7c6f64fad18e3fe09195a45eeefb72d2711cb646844f9"},"dob":{"date":"1973-01-22T06:31:01.850Z","age":51},"registered":{"date":"2009-11-09T19:33:58.719Z","age":14},"phone":"(425) 259-1663","cell":"(713) 289-0513","id":{"name":"SSN","value":"383-63-6811"},"picture":{"large":"https://randomuser.me/api/portraits/men/27.jpg","medium":"https://randomuser.me/api/portraits/med/men/27.jpg","thumbnail":"https://randomuser.me/api/portraits/thumb/men/27.jpg"},"nat":"US"}],"info":{"seed":"15e58cc70a7e0a73","results":1,"page":1,"version":"1.4"}} 
 </msg>
<msg time="2024-07-11T20:15:42.050714" level="INFO">/opt/hostedtoolcache/Python/3.12.4/x64/lib/python3.12/site-packages/urllib3/connectionpool.py:1099: InsecureRequestWarning: Unverified HTTPS request is being made to host 'randomuser.me'. Adding certificate verification is strongly advised. See: https://urllib3.readthedocs.io/en/latest/advanced-usage.html#tls-warnings
  warnings.warn(</msg>
<msg time="2024-07-11T20:15:42.050821" level="INFO">${response} = &lt;Response [200]&gt;</msg>
<var>${response}</var>
<arg>consultarAPI</arg>
<arg>/api</arg>
<doc>Sends a GET request on a previously created HTTP Session.</doc>
<status status="PASS" start="2024-07-11T20:15:41.976275" elapsed="0.074594"/>
</kw>
<kw name="Set Variable" owner="BuiltIn">
<msg time="2024-07-11T20:15:42.051933" level="INFO">${json_data} = {'results': [{'gender': 'male', 'name': {'title': 'Mr', 'first': 'Alberto', 'last': 'Ramirez'}, 'location': {'street': {'number': 8132, 'name': 'Adams St'}, 'city': 'Bernalillo', 'state': 'Connecticut...</msg>
<var>${json_data}</var>
<arg>${response.json()}</arg>
<doc>Returns the given values which can then be assigned to a variables.</doc>
<status status="PASS" start="2024-07-11T20:15:42.051352" elapsed="0.000610"/>
</kw>
<kw name="Log" owner="BuiltIn">
<msg time="2024-07-11T20:15:42.052424" level="INFO">{'results': [{'gender': 'male', 'name': {'title': 'Mr', 'first': 'Alberto', 'last': 'Ramirez'}, 'location': {'street': {'number': 8132, 'name': 'Adams St'}, 'city': 'Bernalillo', 'state': 'Connecticut', 'country': 'United States', 'postcode': 35306, 'coordinates': {'latitude': '88.9716', 'longitude': '-127.5230'}, 'timezone': {'offset': '+5:45', 'description': 'Kathmandu'}}, 'email': 'alberto.ramirez@example.com', 'login': {'uuid': '0bbd0124-6ca0-40f2-8dfd-986453808f29', 'username': 'whitesnake627', 'password': 'sinatra', 'salt': 'AXNab9kY', 'md5': '3b9bf53ffb09bae84f60fbc61732c38b', 'sha1': 'f4891602df3e8e868bf15d75e7488e1fc3f4bdb1', 'sha256': 'e27813faf597106ba4f7c6f64fad18e3fe09195a45eeefb72d2711cb646844f9'}, 'dob': {'date': '1973-01-22T06:31:01.850Z', 'age': 51}, 'registered': {'date': '2009-11-09T19:33:58.719Z', 'age': 14}, 'phone': '(425) 259-1663', 'cell': '(713) 289-0513', 'id': {'name': 'SSN', 'value': '383-63-6811'}, 'picture': {'large': 'https://randomuser.me/api/portraits/men/27.jpg', 'medium': 'https://randomuser.me/api/portraits/med/men/27.jpg', 'thumbnail': 'https://randomuser.me/api/portraits/thumb/men/27.jpg'}, 'nat': 'US'}], 'info': {'seed': '15e58cc70a7e0a73', 'results': 1, 'page': 1, 'version': '1.4'}}</msg>
<arg>${json_data}</arg>
<doc>Logs the given message with the given level.</doc>
<status status="PASS" start="2024-07-11T20:15:42.052273" elapsed="0.000200"/>
</kw>
<kw name="Should Be String" owner="String">
<arg>${json_data['results'][0]['gender']}</arg>
<doc>Fails if the given ``item`` is not a string.</doc>
<status status="PASS" start="2024-07-11T20:15:42.052769" elapsed="0.000358"/>
</kw>
<kw name="Should Match Regexp" owner="BuiltIn">
<arg>${json_data['results'][0]['email']}</arg>
<arg>^[a-zA-Z0-9._%+-]+@[a-zA-Z0-9.-]+\.[a-zA-Z]{2,}$</arg>
<doc>Fails if ``string`` does not match ``pattern`` as a regular expression.</doc>
<status status="PASS" start="2024-07-11T20:15:42.053315" elapsed="0.000590"/>
</kw>
<kw name="Should Match Regexp" owner="BuiltIn">
<arg>${json_data['results'][0]['dob']['date']}</arg>
<arg>\\d{4}-\\d{2}-\\d{2}T\\d{2}:\\d{2}:\\d{2}\\.\\d{3}Z</arg>
<doc>Fails if ``string`` does not match ``pattern`` as a regular expression.</doc>
<status status="PASS" start="2024-07-11T20:15:42.054102" elapsed="0.000491"/>
</kw>
<kw name="Should Match Regexp" owner="BuiltIn">
<arg>${json_data['results'][0]['registered']['date']}</arg>
<arg>\\d{4}-\\d{2}-\\d{2}T\\d{2}:\\d{2}:\\d{2}\\.\\d{3}Z</arg>
<doc>Fails if ``string`` does not match ``pattern`` as a regular expression.</doc>
<status status="PASS" start="2024-07-11T20:15:42.054781" elapsed="0.000361"/>
</kw>
<kw name="Should Match Regexp" owner="BuiltIn">
<arg>${json_data['results'][0]['picture']['large']}</arg>
<arg>^https?://.*\.(?:png|jpe?g|gif|bmp)$</arg>
<doc>Fails if ``string`` does not match ``pattern`` as a regular expression.</doc>
<status status="PASS" start="2024-07-11T20:15:42.055326" elapsed="0.000453"/>
</kw>
<kw name="Should Match Regexp" owner="BuiltIn">
<arg>${json_data['results'][0]['picture']['medium']}</arg>
<arg>^https?://.*\.(?:png|jpe?g|gif|bmp)$</arg>
<doc>Fails if ``string`` does not match ``pattern`` as a regular expression.</doc>
<status status="PASS" start="2024-07-11T20:15:42.055960" elapsed="0.000345"/>
</kw>
<kw name="Should Match Regexp" owner="BuiltIn">
<arg>${json_data['results'][0]['picture']['thumbnail']}</arg>
<arg>^https?://.*\.(?:png|jpe?g|gif|bmp)$</arg>
<doc>Fails if ``string`` does not match ``pattern`` as a regular expression.</doc>
<status status="PASS" start="2024-07-11T20:15:42.056482" elapsed="0.000345"/>
</kw>
<kw name="Log" owner="BuiltIn">
<msg time="2024-07-11T20:15:42.057338" level="INFO">{'large': 'https://randomuser.me/api/portraits/men/27.jpg', 'medium': 'https://randomuser.me/api/portraits/med/men/27.jpg', 'thumbnail': 'https://randomuser.me/api/portraits/thumb/men/27.jpg'}</msg>
<arg>${json_data['results'][0]['picture']}</arg>
<doc>Logs the given message with the given level.</doc>
<status status="PASS" start="2024-07-11T20:15:42.057008" elapsed="0.000372"/>
</kw>
<status status="PASS" start="2024-07-11T20:15:41.976058" elapsed="0.081576"/>
</kw>
<kw name="Teste de Tipos de Dados - Postcode" owner="random-user-service">
<kw name="GET On Session" owner="RequestsLibrary">
<msg time="2024-07-11T20:15:42.148370" level="INFO">GET Request : url=https://randomuser.me/api 
 path_url=/api 
 headers={'User-Agent': 'python-requests/2.32.3', 'Accept-Encoding': 'gzip, deflate', 'Accept': '*/*', 'Connection': 'keep-alive'} 
 body=None 
 </msg>
<msg time="2024-07-11T20:15:42.148474" level="INFO">GET Response : url=https://randomuser.me/api 
 status=200, reason=OK 
 headers={'Date': 'Thu, 11 Jul 2024 20:15:42 GMT', 'Content-Type': 'application/json; charset=utf-8', 'Transfer-Encoding': 'chunked', 'Connection': 'keep-alive', 'X-Powered-By': 'Express', 'Access-Control-Allow-Origin': '*', 'Cache-Control': 'no-cache', 'ETag': 'W/"495-cdhbzdmRfXwBKIrRhfAkh5PgaaA"', 'Vary': 'Accept-Encoding', 'Content-Encoding': 'gzip', 'CF-Cache-Status': 'DYNAMIC', 'Report-To': '{"endpoints":[{"url":"https:\\/\\/a.nel.cloudflare.com\\/report\\/v4?s=udBrJS3ICpxUdtGpD6ZM5TXDEzJKuxwGlHBE34v9lSPyJKmNhudgr21yhHi65HFtImo43Au%2BTftS82OHZnwc5YljFav7B7C1wHrbd9HLwHXjzLC%2FNiYb2Vo01bPWTP8%2B"}],"group":"cf-nel","max_age":604800}', 'NEL': '{"success_fraction":0,"report_to":"cf-nel","max_age":604800}', 'Server': 'cloudflare', 'CF-RAY': '8a1b778fe80659e6-IAD', 'alt-svc': 'h3=":443"; ma=86400'} 
 body={"results":[{"gender":"female","name":{"title":"Miss","first":"Antonia","last":"Cantú"},"location":{"street":{"number":8579,"name":"Circuito Ledesma"},"city":"Nombre de Dios","state":"Sonora","country":"Mexico","postcode":83025,"coordinates":{"latitude":"25.1076","longitude":"36.1010"},"timezone":{"offset":"-11:00","description":"Midway Island, Samoa"}},"email":"antonia.cantu@example.com","login":{"uuid":"1240d58c-c7a9-4a51-a8f0-ae4d6d451063","username":"angrymouse933","password":"weezer","salt":"CPMNtf3I","md5":"f81dfbef939a050634f7a1e093780f56","sha1":"27325d1984d2cec4938acbdbd63913b360e549f4","sha256":"f1ec26c864ae0cc55edd44af1469cec7d95f93ce29a226af8151f5c340e06a9e"},"dob":{"date":"1959-05-28T13:14:17.716Z","age":65},"registered":{"date":"2019-09-30T05:31:29.704Z","age":4},"phone":"(682) 300 3201","cell":"(664) 416 6920","id":{"name":"NSS","value":"92 40 26 1205 5"},"picture":{"large":"https://randomuser.me/api/portraits/women/37.jpg","medium":"https://randomuser.me/api/portraits/med/women/37.jpg","thumbnail":"https://randomuser.me/api/portraits/thumb/women/37.jpg"},"nat":"MX"}],"info":{"seed":"a07d958e31566a49","results":1,"page":1,"version":"1.4"}} 
 </msg>
<msg time="2024-07-11T20:15:42.148554" level="INFO">/opt/hostedtoolcache/Python/3.12.4/x64/lib/python3.12/site-packages/urllib3/connectionpool.py:1099: InsecureRequestWarning: Unverified HTTPS request is being made to host 'randomuser.me'. Adding certificate verification is strongly advised. See: https://urllib3.readthedocs.io/en/latest/advanced-usage.html#tls-warnings
  warnings.warn(</msg>
<msg time="2024-07-11T20:15:42.148691" level="INFO">${response} = &lt;Response [200]&gt;</msg>
<var>${response}</var>
<arg>consultarAPI</arg>
<arg>/api</arg>
<doc>Sends a GET request on a previously created HTTP Session.</doc>
<status status="PASS" start="2024-07-11T20:15:42.058114" elapsed="0.090626"/>
</kw>
<kw name="Set Variable" owner="BuiltIn">
<msg time="2024-07-11T20:15:42.149987" level="INFO">${json_data} = {'results': [{'gender': 'female', 'name': {'title': 'Miss', 'first': 'Antonia', 'last': 'Cantú'}, 'location': {'street': {'number': 8579, 'name': 'Circuito Ledesma'}, 'city': 'Nombre de Dios', 'state'...</msg>
<var>${json_data}</var>
<arg>${response.json()}</arg>
<doc>Returns the given values which can then be assigned to a variables.</doc>
<status status="PASS" start="2024-07-11T20:15:42.149393" elapsed="0.000629"/>
</kw>
<kw name="Log" owner="BuiltIn">
<msg time="2024-07-11T20:15:42.150500" level="INFO">{'results': [{'gender': 'female', 'name': {'title': 'Miss', 'first': 'Antonia', 'last': 'Cantú'}, 'location': {'street': {'number': 8579, 'name': 'Circuito Ledesma'}, 'city': 'Nombre de Dios', 'state': 'Sonora', 'country': 'Mexico', 'postcode': 83025, 'coordinates': {'latitude': '25.1076', 'longitude': '36.1010'}, 'timezone': {'offset': '-11:00', 'description': 'Midway Island, Samoa'}}, 'email': 'antonia.cantu@example.com', 'login': {'uuid': '1240d58c-c7a9-4a51-a8f0-ae4d6d451063', 'username': 'angrymouse933', 'password': 'weezer', 'salt': 'CPMNtf3I', 'md5': 'f81dfbef939a050634f7a1e093780f56', 'sha1': '27325d1984d2cec4938acbdbd63913b360e549f4', 'sha256': 'f1ec26c864ae0cc55edd44af1469cec7d95f93ce29a226af8151f5c340e06a9e'}, 'dob': {'date': '1959-05-28T13:14:17.716Z', 'age': 65}, 'registered': {'date': '2019-09-30T05:31:29.704Z', 'age': 4}, 'phone': '(682) 300 3201', 'cell': '(664) 416 6920', 'id': {'name': 'NSS', 'value': '92 40 26 1205 5'}, 'picture': {'large': 'https://randomuser.me/api/portraits/women/37.jpg', 'medium': 'https://randomuser.me/api/portraits/med/women/37.jpg', 'thumbnail': 'https://randomuser.me/api/portraits/thumb/women/37.jpg'}, 'nat': 'MX'}], 'info': {'seed': 'a07d958e31566a49', 'results': 1, 'page': 1, 'version': '1.4'}}</msg>
<arg>${json_data}</arg>
<doc>Logs the given message with the given level.</doc>
<status status="PASS" start="2024-07-11T20:15:42.150337" elapsed="0.000212"/>
</kw>
<kw name="Should Be Equal As Numbers" owner="BuiltIn">
<arg>${json_data['results'][0]['location']['postcode']}</arg>
<arg>${json_data['results'][0]['location']['postcode']}</arg>
<doc>Fails if objects are unequal after converting them to real numbers.</doc>
<status status="PASS" start="2024-07-11T20:15:42.150838" elapsed="0.000618"/>
</kw>
<kw name="Log" owner="BuiltIn">
<msg time="2024-07-11T20:15:42.152139" level="INFO">83025</msg>
<arg>${json_data['results'][0]['location']['postcode']}</arg>
<doc>Logs the given message with the given level.</doc>
<status status="PASS" start="2024-07-11T20:15:42.151647" elapsed="0.000567"/>
</kw>
<status status="PASS" start="2024-07-11T20:15:42.057890" elapsed="0.094584"/>
</kw>
<doc>Testa se os tipos de dados na resposta da API estão corretos.</doc>
<tag>testeTiposDados</tag>
<status status="PASS" start="2024-07-11T20:15:41.975515" elapsed="0.177125"/>
</test>
<test id="s1-s1-t5" name="Validar conteudo" line="35">
<kw name="Teste de Tipos de Conteudo" owner="random-user-service">
<kw name="GET On Session" owner="RequestsLibrary">
<msg time="2024-07-11T20:15:42.245801" level="INFO">GET Request : url=https://randomuser.me/api 
 path_url=/api 
 headers={'User-Agent': 'python-requests/2.32.3', 'Accept-Encoding': 'gzip, deflate', 'Accept': '*/*', 'Connection': 'keep-alive'} 
 body=None 
 </msg>
<msg time="2024-07-11T20:15:42.245902" level="INFO">GET Response : url=https://randomuser.me/api 
 status=200, reason=OK 
 headers={'Date': 'Thu, 11 Jul 2024 20:15:42 GMT', 'Content-Type': 'application/json; charset=utf-8', 'Transfer-Encoding': 'chunked', 'Connection': 'keep-alive', 'X-Powered-By': 'Express', 'Access-Control-Allow-Origin': '*', 'Cache-Control': 'no-cache', 'ETag': 'W/"480-O7U6r2j9dqmvDWHIRUz27EZ7eUM"', 'Vary': 'Accept-Encoding', 'Content-Encoding': 'gzip', 'CF-Cache-Status': 'DYNAMIC', 'Report-To': '{"endpoints":[{"url":"https:\\/\\/a.nel.cloudflare.com\\/report\\/v4?s=sGAyozD3wfW5pfGxxQTPLGu0tO52hoMr8kUpCiMlpdm0uwXj0DHXKy4ySg6gvk5ErSIp3N2cm7j3fiLVz1cDAWO%2BgI6MMH11jXcmbVNkw5qMkEWlAN%2BG0Ai%2B1WWE%2F9x3"}],"group":"cf-nel","max_age":604800}', 'NEL': '{"success_fraction":0,"report_to":"cf-nel","max_age":604800}', 'Server': 'cloudflare', 'CF-RAY': '8a1b779078b259e6-IAD', 'alt-svc': 'h3=":443"; ma=86400'} 
 body={"results":[{"gender":"female","name":{"title":"Ms","first":"Ilse","last":"Zapata"},"location":{"street":{"number":8725,"name":"Avenida Guanajuato"},"city":"Tequesquitlán","state":"Veracruz","country":"Mexico","postcode":52829,"coordinates":{"latitude":"25.4161","longitude":"174.8273"},"timezone":{"offset":"+3:30","description":"Tehran"}},"email":"ilse.zapata@example.com","login":{"uuid":"7fa9d1ee-7bba-4376-935d-046f0b646bba","username":"smallbear341","password":"father","salt":"SROnDzhn","md5":"cfa20366dbcf0b71de641cd69bde3673","sha1":"fa17efea4fa07f1f16793c137bf8916d947eff44","sha256":"95b7afbc36a14bcca3edf2fec5061728ef98fcc28d846eb8f98110cd8975e0f7"},"dob":{"date":"1968-06-16T12:08:00.641Z","age":56},"registered":{"date":"2022-05-12T08:50:57.406Z","age":2},"phone":"(673) 237 7690","cell":"(667) 520 2581","id":{"name":"NSS","value":"34 57 74 9686 9"},"picture":{"large":"https://randomuser.me/api/portraits/women/0.jpg","medium":"https://randomuser.me/api/portraits/med/women/0.jpg","thumbnail":"https://randomuser.me/api/portraits/thumb/women/0.jpg"},"nat":"MX"}],"info":{"seed":"ff529add3b9becdf","results":1,"page":1,"version":"1.4"}} 
 </msg>
<msg time="2024-07-11T20:15:42.245983" level="INFO">/opt/hostedtoolcache/Python/3.12.4/x64/lib/python3.12/site-packages/urllib3/connectionpool.py:1099: InsecureRequestWarning: Unverified HTTPS request is being made to host 'randomuser.me'. Adding certificate verification is strongly advised. See: https://urllib3.readthedocs.io/en/latest/advanced-usage.html#tls-warnings
  warnings.warn(</msg>
<msg time="2024-07-11T20:15:42.246126" level="INFO">${response} = &lt;Response [200]&gt;</msg>
<var>${response}</var>
<arg>consultarAPI</arg>
<arg>/api</arg>
<doc>Sends a GET request on a previously created HTTP Session.</doc>
<status status="PASS" start="2024-07-11T20:15:42.155165" elapsed="0.091003"/>
</kw>
<kw name="Set Variable" owner="BuiltIn">
<msg time="2024-07-11T20:15:42.247309" level="INFO">${json_data} = {'results': [{'gender': 'female', 'name': {'title': 'Ms', 'first': 'Ilse', 'last': 'Zapata'}, 'location': {'street': {'number': 8725, 'name': 'Avenida Guanajuato'}, 'city': 'Tequesquitlán', 'state': '...</msg>
<var>${json_data}</var>
<arg>${response.json()}</arg>
<doc>Returns the given values which can then be assigned to a variables.</doc>
<status status="PASS" start="2024-07-11T20:15:42.246733" elapsed="0.000606"/>
</kw>
<kw name="Set Variable" owner="BuiltIn">
<msg time="2024-07-11T20:15:42.248053" level="INFO">${name_title} = Ms</msg>
<var>${name_title}</var>
<arg>${json_data["results"][0]["name"]["title"]}</arg>
<doc>Returns the given values which can then be assigned to a variables.</doc>
<status status="PASS" start="2024-07-11T20:15:42.247646" elapsed="0.000432"/>
</kw>
<kw name="Create List" owner="BuiltIn">
<msg time="2024-07-11T20:15:42.248522" level="INFO">${allowed_titles} = ['Mr', 'Ms', 'Miss', 'Mrs', 'Madame', 'Monsieur']</msg>
<var>${allowed_titles}</var>
<arg>Mr</arg>
<arg>Ms</arg>
<arg>Miss</arg>
<arg>Mrs</arg>
<arg>Madame</arg>
<arg>Monsieur</arg>
<doc>Returns a list containing given items.</doc>
<status status="PASS" start="2024-07-11T20:15:42.248374" elapsed="0.000172"/>
</kw>
<kw name="List Should Contain Value" owner="Collections">
<arg>${allowed_titles}</arg>
<arg>${name_title}</arg>
<doc>Fails if the ``value`` is not found from ``list``.</doc>
<status status="PASS" start="2024-07-11T20:15:42.248849" elapsed="0.000176"/>
</kw>
<kw name="Set Variable" owner="BuiltIn">
<msg time="2024-07-11T20:15:42.249573" level="INFO">${name_country} = MX</msg>
<var>${name_country}</var>
<arg>${json_data["results"][0]["nat"]}</arg>
<doc>Returns the given values which can then be assigned to a variables.</doc>
<status status="PASS" start="2024-07-11T20:15:42.249203" elapsed="0.000394"/>
</kw>
<kw name="Create List" owner="BuiltIn">
<msg time="2024-07-11T20:15:42.250518" level="INFO">${list_country} = ['AD', 'AE', 'AF', 'AG', 'AI', 'AL', 'AM', 'AO', 'AQ', 'AR', 'AS', 'AT', 'AU', 'AW', 'AX', 'AZ', 'BA', 'BB', 'BD', 'BE', 'BF', 'BG', 'BH', 'BI', 'BJ', 'BL', 'BM', 'BN', 'BO', 'BQ', 'BR', 'BS', 'BT', '...</msg>
<var>${list_country}</var>
<arg>AD</arg>
<arg>AE</arg>
<arg>AF</arg>
<arg>AG</arg>
<arg>AI</arg>
<arg>AL</arg>
<arg>AM</arg>
<arg>AO</arg>
<arg>AQ</arg>
<arg>AR</arg>
<arg>AS</arg>
<arg>AT</arg>
<arg>AU</arg>
<arg>AW</arg>
<arg>AX</arg>
<arg>AZ</arg>
<arg>BA</arg>
<arg>BB</arg>
<arg>BD</arg>
<arg>BE</arg>
<arg>BF</arg>
<arg>BG</arg>
<arg>BH</arg>
<arg>BI</arg>
<arg>BJ</arg>
<arg>BL</arg>
<arg>BM</arg>
<arg>BN</arg>
<arg>BO</arg>
<arg>BQ</arg>
<arg>BR</arg>
<arg>BS</arg>
<arg>BT</arg>
<arg>BV</arg>
<arg>BW</arg>
<arg>BY</arg>
<arg>BZ</arg>
<arg>CA</arg>
<arg>CC</arg>
<arg>CD</arg>
<arg>CF</arg>
<arg>CG</arg>
<arg>CH</arg>
<arg>CI</arg>
<arg>CK</arg>
<arg>CL</arg>
<arg>CM</arg>
<arg>CN</arg>
<arg>CO</arg>
<arg>CR</arg>
<arg>CU</arg>
<arg>CV</arg>
<arg>CW</arg>
<arg>CX</arg>
<arg>CY</arg>
<arg>CZ</arg>
<arg>DE</arg>
<arg>DJ</arg>
<arg>DK</arg>
<arg>DM</arg>
<arg>DO</arg>
<arg>DZ</arg>
<arg>EC</arg>
<arg>EE</arg>
<arg>EG</arg>
<arg>EH</arg>
<arg>ER</arg>
<arg>ES</arg>
<arg>ET</arg>
<arg>FI</arg>
<arg>FJ</arg>
<arg>FK</arg>
<arg>FM</arg>
<arg>FO</arg>
<arg>FR</arg>
<arg>GA</arg>
<arg>GB</arg>
<arg>GD</arg>
<arg>GE</arg>
<arg>GF</arg>
<arg>GG</arg>
<arg>GH</arg>
<arg>GI</arg>
<arg>GL</arg>
<arg>GM</arg>
<arg>GN</arg>
<arg>GP</arg>
<arg>GQ</arg>
<arg>GR</arg>
<arg>GS</arg>
<arg>GT</arg>
<arg>GU</arg>
<arg>GW</arg>
<arg>GY</arg>
<arg>HK</arg>
<arg>HM</arg>
<arg>HN</arg>
<arg>HR</arg>
<arg>HT</arg>
<arg>HU</arg>
<arg>ID</arg>
<arg>IE</arg>
<arg>IL</arg>
<arg>IM</arg>
<arg>IN</arg>
<arg>IO</arg>
<arg>IQ</arg>
<arg>IR</arg>
<arg>IS</arg>
<arg>IT</arg>
<arg>JE</arg>
<arg>JM</arg>
<arg>JO</arg>
<arg>JP</arg>
<arg>KE</arg>
<arg>KG</arg>
<arg>KH</arg>
<arg>KI</arg>
<arg>KM</arg>
<arg>KN</arg>
<arg>KP</arg>
<arg>KR</arg>
<arg>KW</arg>
<arg>KY</arg>
<arg>KZ</arg>
<arg>LA</arg>
<arg>LB</arg>
<arg>LC</arg>
<arg>LI</arg>
<arg>LK</arg>
<arg>LR</arg>
<arg>LS</arg>
<arg>LT</arg>
<arg>LU</arg>
<arg>LV</arg>
<arg>LY</arg>
<arg>MA</arg>
<arg>MC</arg>
<arg>MD</arg>
<arg>ME</arg>
<arg>MF</arg>
<arg>MG</arg>
<arg>MH</arg>
<arg>MK</arg>
<arg>ML</arg>
<arg>MM</arg>
<arg>MN</arg>
<arg>MO</arg>
<arg>MP</arg>
<arg>MQ</arg>
<arg>MR</arg>
<arg>MS</arg>
<arg>MT</arg>
<arg>MU</arg>
<arg>MV</arg>
<arg>MW</arg>
<arg>MX</arg>
<arg>MY</arg>
<arg>MZ</arg>
<arg>NA</arg>
<arg>NC</arg>
<arg>NE</arg>
<arg>NF</arg>
<arg>NG</arg>
<arg>NI</arg>
<arg>NL</arg>
<arg>NO</arg>
<arg>NP</arg>
<arg>NR</arg>
<arg>NU</arg>
<arg>NZ</arg>
<arg>OM</arg>
<arg>PA</arg>
<arg>PE</arg>
<arg>PF</arg>
<arg>PG</arg>
<arg>PH</arg>
<arg>PK</arg>
<arg>PL</arg>
<arg>PM</arg>
<arg>PN</arg>
<arg>PR</arg>
<arg>PS</arg>
<arg>PT</arg>
<arg>PW</arg>
<arg>PY</arg>
<arg>QA</arg>
<arg>RE</arg>
<arg>RO</arg>
<arg>RS</arg>
<arg>RU</arg>
<arg>RW</arg>
<arg>SA</arg>
<arg>SB</arg>
<arg>SC</arg>
<arg>SD</arg>
<arg>SE</arg>
<arg>SG</arg>
<arg>SH</arg>
<arg>SI</arg>
<arg>SJ</arg>
<arg>SK</arg>
<arg>SL</arg>
<arg>SM</arg>
<arg>SN</arg>
<arg>SO</arg>
<arg>SR</arg>
<arg>SS</arg>
<arg>ST</arg>
<arg>SV</arg>
<arg>SX</arg>
<arg>SY</arg>
<arg>SZ</arg>
<arg>TC</arg>
<arg>TD</arg>
<arg>TF</arg>
<arg>TG</arg>
<arg>TH</arg>
<arg>TJ</arg>
<arg>TK</arg>
<arg>TL</arg>
<arg>TM</arg>
<arg>TN</arg>
<arg>TO</arg>
<arg>TR</arg>
<arg>TT</arg>
<arg>TV</arg>
<arg>TW</arg>
<arg>TZ</arg>
<arg>UA</arg>
<arg>UG</arg>
<arg>UM</arg>
<arg>US</arg>
<arg>UY</arg>
<arg>UZ</arg>
<arg>VA</arg>
<arg>VC</arg>
<arg>VE</arg>
<arg>VG</arg>
<arg>VI</arg>
<arg>VN</arg>
<arg>VU</arg>
<arg>WF</arg>
<arg>WS</arg>
<arg>XK</arg>
<arg>YE</arg>
<arg>YT</arg>
<arg>ZA</arg>
<arg>ZM</arg>
<arg>ZW</arg>
<doc>Returns a list containing given items.</doc>
<status status="PASS" start="2024-07-11T20:15:42.249922" elapsed="0.000624"/>
</kw>
<kw name="List Should Contain Value" owner="Collections">
<arg>${list_country}</arg>
<arg>${name_country}</arg>
<doc>Fails if the ``value`` is not found from ``list``.</doc>
<status status="PASS" start="2024-07-11T20:15:42.251343" elapsed="0.000204"/>
</kw>
<kw name="Run Keyword If" owner="BuiltIn">
<kw name="Should Be True" owner="BuiltIn">
<arg>${True}</arg>
<doc>Fails if the given condition is not true.</doc>
<status status="PASS" start="2024-07-11T20:15:42.252475" elapsed="0.000143"/>
</kw>
<arg>${json_data["results"][0]["location"]["coordinates"]["latitude"]} &gt;= -90 and ${json_data["results"][0]["location"]["coordinates"]["latitude"]} &lt;= 90</arg>
<arg>Should Be True</arg>
<arg>${True}</arg>
<doc>Runs the given keyword with the given arguments, if ``condition`` is true.</doc>
<status status="PASS" start="2024-07-11T20:15:42.251740" elapsed="0.001002"/>
</kw>
<kw name="Run Keyword If" owner="BuiltIn">
<kw name="Should Be True" owner="BuiltIn">
<arg>${True}</arg>
<doc>Fails if the given condition is not true.</doc>
<status status="PASS" start="2024-07-11T20:15:42.253610" elapsed="0.000295"/>
</kw>
<arg>${json_data["results"][0]["location"]["coordinates"]["longitude"]} &gt;= -180 and ${json_data["results"][0]["location"]["coordinates"]["longitude"]} &lt;= 180</arg>
<arg>Should Be True</arg>
<arg>${True}</arg>
<doc>Runs the given keyword with the given arguments, if ``condition`` is true.</doc>
<status status="PASS" start="2024-07-11T20:15:42.252919" elapsed="0.001127"/>
</kw>
<status status="PASS" start="2024-07-11T20:15:42.154947" elapsed="0.099238"/>
</kw>
<doc>Testa o conteúdo específico dos campos retornados pela API.</doc>
<tag>testeConteudo</tag>
<status status="PASS" start="2024-07-11T20:15:42.154413" elapsed="0.099920"/>
</test>
<status status="PASS" start="2024-07-11T20:15:41.266180" elapsed="0.990112"/>
</suite>
<status status="PASS" start="2024-07-11T20:15:41.251830" elapsed="1.009479"/>
</suite>
<statistics>
<total>
<stat pass="5" fail="0" skip="0">All Tests</stat>
</total>
<tag>
<stat pass="1" fail="0" skip="0">testeConteudo</stat>
<stat pass="1" fail="0" skip="0">testeEstruturaResposta</stat>
<stat pass="1" fail="0" skip="0">testeRequisicaoBasica</stat>
<stat pass="1" fail="0" skip="0">testeTiposDados</stat>
</tag>
<suite>
<stat pass="5" fail="0" skip="0" id="s1" name="Tests">Tests</stat>
<stat pass="5" fail="0" skip="0" id="s1-s1" name="Random-User-Test">Tests.Random-User-Test</stat>
</suite>
</statistics>
<errors>
</errors>
</robot>
