<?xml version="1.0" encoding="UTF-8"?>
<robot generator="Robot 7.0 (Python 3.12.3 on linux)" generated="2024-06-03T14:14:35.395384" rpa="false" schemaversion="5">
<suite id="s1" name="Tests" source="/home/runner/work/ApiRandomUser/ApiRandomUser/RamdonUser/tests">
<suite id="s1-s1" name="Random-User-Test" source="/home/runner/work/ApiRandomUser/ApiRandomUser/RamdonUser/tests/random-user-test.robot">
<test id="s1-s1-t1" name="Conectar" line="13">
<kw name="Conectar API" owner="random-user-service">
<kw name="Create Session" owner="RequestsLibrary">
<msg time="2024-06-03T14:14:35.809941" level="INFO">Creating Session using : alias=consultarAPI, url=https://randomuser.me/, headers={},                     cookies={}, auth=None, timeout=None, proxies=None, verify=False,                     debug=0 </msg>
<arg>consultarAPI</arg>
<arg>${URL}</arg>
<doc>Create Session: create a HTTP session to a server</doc>
<status status="PASS" start="2024-06-03T14:14:35.809732" elapsed="0.000384"/>
</kw>
<status status="PASS" start="2024-06-03T14:14:35.808683" elapsed="0.001786"/>
</kw>
<status status="PASS" start="2024-06-03T14:14:35.808150" elapsed="0.002514"/>
</test>
<test id="s1-s1-t2" name="Validar retorno 200 e JSON Válido" line="16">
<kw name="Teste de Requisicao Basica" owner="random-user-service">
<kw name="GET On Session" owner="RequestsLibrary">
<msg time="2024-06-03T14:14:35.906723" level="INFO">GET Request : url=https://randomuser.me/api 
 path_url=/api 
 headers={'User-Agent': 'python-requests/2.32.3', 'Accept-Encoding': 'gzip, deflate', 'Accept': '*/*', 'Connection': 'keep-alive'} 
 body=None 
 </msg>
<msg time="2024-06-03T14:14:35.906852" level="INFO">GET Response : url=https://randomuser.me/api 
 status=200, reason=OK 
 headers={'Date': 'Mon, 03 Jun 2024 14:14:35 GMT', 'Content-Type': 'application/json; charset=utf-8', 'Transfer-Encoding': 'chunked', 'Connection': 'keep-alive', 'X-Powered-By': 'Express', 'Access-Control-Allow-Origin': '*', 'Cache-Control': 'no-cache', 'ETag': 'W/"47e-2UnOPoacAmtEPhxrASRgKlJMXd4"', 'Vary': 'Accept-Encoding', 'Content-Encoding': 'gzip', 'CF-Cache-Status': 'DYNAMIC', 'Report-To': '{"endpoints":[{"url":"https:\\/\\/a.nel.cloudflare.com\\/report\\/v4?s=KwXEmIkgxSvmw%2BqIBsi890jpEYtqZEi7IhcHWA3C1vQWiihtRGXnMLauwY87xNQ3VCSlanzU%2FMunYKmdWDopO8y1tuw9W0%2Fqo44ZEWzrvD%2FZQU0XN66YIsqB1gjJ6KIT"}],"group":"cf-nel","max_age":604800}', 'NEL': '{"success_fraction":0,"report_to":"cf-nel","max_age":604800}', 'Server': 'cloudflare', 'CF-RAY': '88e04a5a2dde07fd-IAD', 'alt-svc': 'h3=":443"; ma=86400'} 
 body={"results":[{"gender":"male","name":{"title":"Mr","first":"Jörn","last":"Tausch"},"location":{"street":{"number":3817,"name":"Dorfstraße"},"city":"Abenberg","state":"Mecklenburg-Vorpommern","country":"Germany","postcode":23531,"coordinates":{"latitude":"-49.0516","longitude":"-48.5456"},"timezone":{"offset":"+3:30","description":"Tehran"}},"email":"jorn.tausch@example.com","login":{"uuid":"8e963072-835c-468d-9deb-94e37b18211f","username":"tinypeacock656","password":"smudge","salt":"GmxWAG1g","md5":"3540ada59ffb898b01eca060dda90deb","sha1":"bdd77db53d93e8960c0c2e533d713e4ffa43f3dc","sha256":"3a7d52561b2d43c5e2e643b86e8ef5f3bab8ad61160925c5baa726f8b8c73437"},"dob":{"date":"1960-10-26T10:12:26.119Z","age":63},"registered":{"date":"2021-01-24T22:38:50.898Z","age":3},"phone":"0470-5110962","cell":"0171-8438694","id":{"name":"SVNR","value":"09 261060 T 200"},"picture":{"large":"https://randomuser.me/api/portraits/men/23.jpg","medium":"https://randomuser.me/api/portraits/med/men/23.jpg","thumbnail":"https://randomuser.me/api/portraits/thumb/men/23.jpg"},"nat":"DE"}],"info":{"seed":"1b94d52dbe65cf18","results":1,"page":1,"version":"1.4"}} 
 </msg>
<msg time="2024-06-03T14:14:35.906935" level="INFO">/opt/hostedtoolcache/Python/3.12.3/x64/lib/python3.12/site-packages/urllib3/connectionpool.py:1103: InsecureRequestWarning: Unverified HTTPS request is being made to host 'randomuser.me'. Adding certificate verification is strongly advised. See: https://urllib3.readthedocs.io/en/latest/advanced-usage.html#tls-warnings
  warnings.warn(</msg>
<msg time="2024-06-03T14:14:35.907037" level="INFO">${response} = &lt;Response [200]&gt;</msg>
<var>${response}</var>
<arg>consultarAPI</arg>
<arg>/api</arg>
<doc>Sends a GET request on a previously created HTTP Session.</doc>
<status status="PASS" start="2024-06-03T14:14:35.813242" elapsed="0.093835"/>
</kw>
<kw name="Should Be Equal As Numbers" owner="BuiltIn">
<msg time="2024-06-03T14:14:35.907906" level="INFO">Argument types are:
&lt;class 'int'&gt;
&lt;class 'str'&gt;</msg>
<arg>${response.status_code}</arg>
<arg>200</arg>
<doc>Fails if objects are unequal after converting them to real numbers.</doc>
<status status="PASS" start="2024-06-03T14:14:35.907496" elapsed="0.000474"/>
</kw>
<kw name="Log" owner="BuiltIn">
<msg time="2024-06-03T14:14:35.908665" level="INFO">200</msg>
<arg>${response.status_code}</arg>
<doc>Logs the given message with the given level.</doc>
<status status="PASS" start="2024-06-03T14:14:35.908317" elapsed="0.000396"/>
</kw>
<kw name="Set Variable" owner="BuiltIn">
<msg time="2024-06-03T14:14:35.909531" level="INFO">${json_data} = {'results': [{'gender': 'male', 'name': {'title': 'Mr', 'first': 'Jörn', 'last': 'Tausch'}, 'location': {'street': {'number': 3817, 'name': 'Dorfstraße'}, 'city': 'Abenberg', 'state': 'Mecklenburg-Vor...</msg>
<var>${json_data}</var>
<arg>${response.json()}</arg>
<doc>Returns the given values which can then be assigned to a variables.</doc>
<status status="PASS" start="2024-06-03T14:14:35.909062" elapsed="0.000502"/>
</kw>
<kw name="Dictionary Should Contain Key" owner="Collections">
<msg time="2024-06-03T14:14:35.910035" level="INFO">False</msg>
<arg>${json_data}</arg>
<arg>results</arg>
<doc>Fails if ``key`` is not found from ``dictionary``.</doc>
<status status="PASS" start="2024-06-03T14:14:35.909869" elapsed="0.000333"/>
</kw>
<status status="PASS" start="2024-06-03T14:14:35.812967" elapsed="0.097497"/>
</kw>
<doc>Testa se a API responde corretamente e retorna um objeto JSON válido.</doc>
<tag>testeRequisicaoBasica</tag>
<status status="PASS" start="2024-06-03T14:14:35.812519" elapsed="0.098116"/>
</test>
<test id="s1-s1-t3" name="Validar estrutura de resposta" line="22">
<kw name="Teste de Estrutura de Resposta" owner="random-user-service">
<kw name="GET On Session" owner="RequestsLibrary">
<msg time="2024-06-03T14:14:35.999464" level="INFO">GET Request : url=https://randomuser.me/api 
 path_url=/api 
 headers={'User-Agent': 'python-requests/2.32.3', 'Accept-Encoding': 'gzip, deflate', 'Accept': '*/*', 'Connection': 'keep-alive'} 
 body=None 
 </msg>
<msg time="2024-06-03T14:14:35.999550" level="INFO">GET Response : url=https://randomuser.me/api 
 status=200, reason=OK 
 headers={'Date': 'Mon, 03 Jun 2024 14:14:36 GMT', 'Content-Type': 'application/json; charset=utf-8', 'Transfer-Encoding': 'chunked', 'Connection': 'keep-alive', 'X-Powered-By': 'Express', 'Access-Control-Allow-Origin': '*', 'Cache-Control': 'no-cache', 'ETag': 'W/"4a5-W2Mvfn+5p0vv7272zkyv0ae/ogs"', 'Vary': 'Accept-Encoding', 'Content-Encoding': 'gzip', 'CF-Cache-Status': 'DYNAMIC', 'Report-To': '{"endpoints":[{"url":"https:\\/\\/a.nel.cloudflare.com\\/report\\/v4?s=WK%2F8SB5M7hysfwJT%2BmDy7WfQBd1EOR%2B4g0KLHUrgjiTkXEC%2FGz1m1SkwLRZZDCOKK%2B5i2iBOWl329oIb%2B0JHbAPdeIpIJWz32PZk%2FT4BB7c%2FJe3%2BbgUmNCeLrQYHvRlY"}],"group":"cf-nel","max_age":604800}', 'NEL': '{"success_fraction":0,"report_to":"cf-nel","max_age":604800}', 'Server': 'cloudflare', 'CF-RAY': '88e04a5a8e5407fd-IAD', 'alt-svc': 'h3=":443"; ma=86400'} 
 body={"results":[{"gender":"female","name":{"title":"Mrs","first":"Minttu","last":"Pollari"},"location":{"street":{"number":8802,"name":"Satakennankatu"},"city":"Karijoki","state":"Päijät-Häme","country":"Finland","postcode":66596,"coordinates":{"latitude":"-23.3052","longitude":"170.4638"},"timezone":{"offset":"-6:00","description":"Central Time (US &amp; Canada), Mexico City"}},"email":"minttu.pollari@example.com","login":{"uuid":"9b93ec39-a1e1-42e1-970b-51c841150372","username":"sadgoose158","password":"1022","salt":"g3hk5gwE","md5":"d288f23ae48b36e479e0a4f384557483","sha1":"cfa7b474147021ad0f33c5ca6f7036fe9c855588","sha256":"9c854f7e852c7b2e6b2f65d9f4b768678fce0f6977f24a034ccfb248c0743938"},"dob":{"date":"1987-12-28T04:42:43.818Z","age":36},"registered":{"date":"2012-11-21T07:49:05.552Z","age":11},"phone":"02-030-241","cell":"045-854-41-43","id":{"name":"HETU","value":"NaNNA252undefined"},"picture":{"large":"https://randomuser.me/api/portraits/women/25.jpg","medium":"https://randomuser.me/api/portraits/med/women/25.jpg","thumbnail":"https://randomuser.me/api/portraits/thumb/women/25.jpg"},"nat":"FI"}],"info":{"seed":"f3db8975de0bbd6f","results":1,"page":1,"version":"1.4"}} 
 </msg>
<msg time="2024-06-03T14:14:35.999665" level="INFO">/opt/hostedtoolcache/Python/3.12.3/x64/lib/python3.12/site-packages/urllib3/connectionpool.py:1103: InsecureRequestWarning: Unverified HTTPS request is being made to host 'randomuser.me'. Adding certificate verification is strongly advised. See: https://urllib3.readthedocs.io/en/latest/advanced-usage.html#tls-warnings
  warnings.warn(</msg>
<msg time="2024-06-03T14:14:35.999773" level="INFO">${response} = &lt;Response [200]&gt;</msg>
<var>${response}</var>
<arg>consultarAPI</arg>
<arg>/api</arg>
<doc>Sends a GET request on a previously created HTTP Session.</doc>
<status status="PASS" start="2024-06-03T14:14:35.913241" elapsed="0.086571"/>
</kw>
<kw name="Set Variable" owner="BuiltIn">
<msg time="2024-06-03T14:14:36.000771" level="INFO">${json_data} = {'results': [{'gender': 'female', 'name': {'title': 'Mrs', 'first': 'Minttu', 'last': 'Pollari'}, 'location': {'street': {'number': 8802, 'name': 'Satakennankatu'}, 'city': 'Karijoki', 'state': 'Päijä...</msg>
<var>${json_data}</var>
<arg>${response.json()}</arg>
<doc>Returns the given values which can then be assigned to a variables.</doc>
<status status="PASS" start="2024-06-03T14:14:36.000266" elapsed="0.000537"/>
</kw>
<kw name="Log" owner="BuiltIn">
<msg time="2024-06-03T14:14:36.001318" level="INFO">{'results': [{'gender': 'female', 'name': {'title': 'Mrs', 'first': 'Minttu', 'last': 'Pollari'}, 'location': {'street': {'number': 8802, 'name': 'Satakennankatu'}, 'city': 'Karijoki', 'state': 'Päijät-Häme', 'country': 'Finland', 'postcode': 66596, 'coordinates': {'latitude': '-23.3052', 'longitude': '170.4638'}, 'timezone': {'offset': '-6:00', 'description': 'Central Time (US &amp; Canada), Mexico City'}}, 'email': 'minttu.pollari@example.com', 'login': {'uuid': '9b93ec39-a1e1-42e1-970b-51c841150372', 'username': 'sadgoose158', 'password': '1022', 'salt': 'g3hk5gwE', 'md5': 'd288f23ae48b36e479e0a4f384557483', 'sha1': 'cfa7b474147021ad0f33c5ca6f7036fe9c855588', 'sha256': '9c854f7e852c7b2e6b2f65d9f4b768678fce0f6977f24a034ccfb248c0743938'}, 'dob': {'date': '1987-12-28T04:42:43.818Z', 'age': 36}, 'registered': {'date': '2012-11-21T07:49:05.552Z', 'age': 11}, 'phone': '02-030-241', 'cell': '045-854-41-43', 'id': {'name': 'HETU', 'value': 'NaNNA252undefined'}, 'picture': {'large': 'https://randomuser.me/api/portraits/women/25.jpg', 'medium': 'https://randomuser.me/api/portraits/med/women/25.jpg', 'thumbnail': 'https://randomuser.me/api/portraits/thumb/women/25.jpg'}, 'nat': 'FI'}], 'info': {'seed': 'f3db8975de0bbd6f', 'results': 1, 'page': 1, 'version': '1.4'}}</msg>
<arg>${json_data}</arg>
<doc>Logs the given message with the given level.</doc>
<status status="PASS" start="2024-06-03T14:14:36.001154" elapsed="0.000215"/>
</kw>
<kw name="Dictionary Should Contain Key" owner="Collections">
<msg time="2024-06-03T14:14:36.001826" level="INFO">False</msg>
<arg>${json_data}</arg>
<arg>results</arg>
<doc>Fails if ``key`` is not found from ``dictionary``.</doc>
<status status="PASS" start="2024-06-03T14:14:36.001665" elapsed="0.000197"/>
</kw>
<kw name="Should Not Be Empty" owner="BuiltIn">
<msg time="2024-06-03T14:14:36.002280" level="INFO">Length is 2.</msg>
<arg>${json_data}</arg>
<doc>Verifies that the given item is not empty.</doc>
<status status="PASS" start="2024-06-03T14:14:36.002151" elapsed="0.000168"/>
</kw>
<kw name="Create List" owner="BuiltIn">
<msg time="2024-06-03T14:14:36.002754" level="INFO">${expected_keys} = ['gender', 'name', 'location', 'email', 'login']</msg>
<var>${expected_keys}</var>
<arg>gender</arg>
<arg>name</arg>
<arg>location</arg>
<arg>email</arg>
<arg>login</arg>
<doc>Returns a list containing given items.</doc>
<status status="PASS" start="2024-06-03T14:14:36.002609" elapsed="0.000168"/>
</kw>
<for flavor="IN">
<iter>
<kw name="Dictionary Should Contain Key" owner="Collections">
<msg time="2024-06-03T14:14:36.003769" level="INFO">False</msg>
<arg>${json_data['results'][0]}</arg>
<arg>${key}</arg>
<doc>Fails if ``key`` is not found from ``dictionary``.</doc>
<status status="PASS" start="2024-06-03T14:14:36.003365" elapsed="0.000447"/>
</kw>
<kw name="Log" owner="BuiltIn">
<msg time="2024-06-03T14:14:36.004485" level="INFO">{'gender': 'female', 'name': {'title': 'Mrs', 'first': 'Minttu', 'last': 'Pollari'}, 'location': {'street': {'number': 8802, 'name': 'Satakennankatu'}, 'city': 'Karijoki', 'state': 'Päijät-Häme', 'country': 'Finland', 'postcode': 66596, 'coordinates': {'latitude': '-23.3052', 'longitude': '170.4638'}, 'timezone': {'offset': '-6:00', 'description': 'Central Time (US &amp; Canada), Mexico City'}}, 'email': 'minttu.pollari@example.com', 'login': {'uuid': '9b93ec39-a1e1-42e1-970b-51c841150372', 'username': 'sadgoose158', 'password': '1022', 'salt': 'g3hk5gwE', 'md5': 'd288f23ae48b36e479e0a4f384557483', 'sha1': 'cfa7b474147021ad0f33c5ca6f7036fe9c855588', 'sha256': '9c854f7e852c7b2e6b2f65d9f4b768678fce0f6977f24a034ccfb248c0743938'}, 'dob': {'date': '1987-12-28T04:42:43.818Z', 'age': 36}, 'registered': {'date': '2012-11-21T07:49:05.552Z', 'age': 11}, 'phone': '02-030-241', 'cell': '045-854-41-43', 'id': {'name': 'HETU', 'value': 'NaNNA252undefined'}, 'picture': {'large': 'https://randomuser.me/api/portraits/women/25.jpg', 'medium': 'https://randomuser.me/api/portraits/med/women/25.jpg', 'thumbnail': 'https://randomuser.me/api/portraits/thumb/women/25.jpg'}, 'nat': 'FI'}</msg>
<arg>${json_data['results'][0]}</arg>
<doc>Logs the given message with the given level.</doc>
<status status="PASS" start="2024-06-03T14:14:36.004112" elapsed="0.000426"/>
</kw>
<kw name="Log" owner="BuiltIn">
<msg time="2024-06-03T14:14:36.004966" level="INFO">gender</msg>
<arg>${key}</arg>
<doc>Logs the given message with the given level.</doc>
<status status="PASS" start="2024-06-03T14:14:36.004839" elapsed="0.000164"/>
</kw>
<var name="${key}">gender</var>
<status status="PASS" start="2024-06-03T14:14:36.003241" elapsed="0.002022"/>
</iter>
<iter>
<kw name="Dictionary Should Contain Key" owner="Collections">
<msg time="2024-06-03T14:14:36.005961" level="INFO">False</msg>
<arg>${json_data['results'][0]}</arg>
<arg>${key}</arg>
<doc>Fails if ``key`` is not found from ``dictionary``.</doc>
<status status="PASS" start="2024-06-03T14:14:36.005564" elapsed="0.000465"/>
</kw>
<kw name="Log" owner="BuiltIn">
<msg time="2024-06-03T14:14:36.006694" level="INFO">{'gender': 'female', 'name': {'title': 'Mrs', 'first': 'Minttu', 'last': 'Pollari'}, 'location': {'street': {'number': 8802, 'name': 'Satakennankatu'}, 'city': 'Karijoki', 'state': 'Päijät-Häme', 'country': 'Finland', 'postcode': 66596, 'coordinates': {'latitude': '-23.3052', 'longitude': '170.4638'}, 'timezone': {'offset': '-6:00', 'description': 'Central Time (US &amp; Canada), Mexico City'}}, 'email': 'minttu.pollari@example.com', 'login': {'uuid': '9b93ec39-a1e1-42e1-970b-51c841150372', 'username': 'sadgoose158', 'password': '1022', 'salt': 'g3hk5gwE', 'md5': 'd288f23ae48b36e479e0a4f384557483', 'sha1': 'cfa7b474147021ad0f33c5ca6f7036fe9c855588', 'sha256': '9c854f7e852c7b2e6b2f65d9f4b768678fce0f6977f24a034ccfb248c0743938'}, 'dob': {'date': '1987-12-28T04:42:43.818Z', 'age': 36}, 'registered': {'date': '2012-11-21T07:49:05.552Z', 'age': 11}, 'phone': '02-030-241', 'cell': '045-854-41-43', 'id': {'name': 'HETU', 'value': 'NaNNA252undefined'}, 'picture': {'large': 'https://randomuser.me/api/portraits/women/25.jpg', 'medium': 'https://randomuser.me/api/portraits/med/women/25.jpg', 'thumbnail': 'https://randomuser.me/api/portraits/thumb/women/25.jpg'}, 'nat': 'FI'}</msg>
<arg>${json_data['results'][0]}</arg>
<doc>Logs the given message with the given level.</doc>
<status status="PASS" start="2024-06-03T14:14:36.006330" elapsed="0.000415"/>
</kw>
<kw name="Log" owner="BuiltIn">
<msg time="2024-06-03T14:14:36.007169" level="INFO">name</msg>
<arg>${key}</arg>
<doc>Logs the given message with the given level.</doc>
<status status="PASS" start="2024-06-03T14:14:36.007041" elapsed="0.000165"/>
</kw>
<var name="${key}">name</var>
<status status="PASS" start="2024-06-03T14:14:36.005449" elapsed="0.001980"/>
</iter>
<iter>
<kw name="Dictionary Should Contain Key" owner="Collections">
<msg time="2024-06-03T14:14:36.008099" level="INFO">False</msg>
<arg>${json_data['results'][0]}</arg>
<arg>${key}</arg>
<doc>Fails if ``key`` is not found from ``dictionary``.</doc>
<status status="PASS" start="2024-06-03T14:14:36.007722" elapsed="0.000415"/>
</kw>
<kw name="Log" owner="BuiltIn">
<msg time="2024-06-03T14:14:36.008811" level="INFO">{'gender': 'female', 'name': {'title': 'Mrs', 'first': 'Minttu', 'last': 'Pollari'}, 'location': {'street': {'number': 8802, 'name': 'Satakennankatu'}, 'city': 'Karijoki', 'state': 'Päijät-Häme', 'country': 'Finland', 'postcode': 66596, 'coordinates': {'latitude': '-23.3052', 'longitude': '170.4638'}, 'timezone': {'offset': '-6:00', 'description': 'Central Time (US &amp; Canada), Mexico City'}}, 'email': 'minttu.pollari@example.com', 'login': {'uuid': '9b93ec39-a1e1-42e1-970b-51c841150372', 'username': 'sadgoose158', 'password': '1022', 'salt': 'g3hk5gwE', 'md5': 'd288f23ae48b36e479e0a4f384557483', 'sha1': 'cfa7b474147021ad0f33c5ca6f7036fe9c855588', 'sha256': '9c854f7e852c7b2e6b2f65d9f4b768678fce0f6977f24a034ccfb248c0743938'}, 'dob': {'date': '1987-12-28T04:42:43.818Z', 'age': 36}, 'registered': {'date': '2012-11-21T07:49:05.552Z', 'age': 11}, 'phone': '02-030-241', 'cell': '045-854-41-43', 'id': {'name': 'HETU', 'value': 'NaNNA252undefined'}, 'picture': {'large': 'https://randomuser.me/api/portraits/women/25.jpg', 'medium': 'https://randomuser.me/api/portraits/med/women/25.jpg', 'thumbnail': 'https://randomuser.me/api/portraits/thumb/women/25.jpg'}, 'nat': 'FI'}</msg>
<arg>${json_data['results'][0]}</arg>
<doc>Logs the given message with the given level.</doc>
<status status="PASS" start="2024-06-03T14:14:36.008435" elapsed="0.000438"/>
</kw>
<kw name="Log" owner="BuiltIn">
<msg time="2024-06-03T14:14:36.009352" level="INFO">location</msg>
<arg>${key}</arg>
<doc>Logs the given message with the given level.</doc>
<status status="PASS" start="2024-06-03T14:14:36.009220" elapsed="0.000171"/>
</kw>
<var name="${key}">location</var>
<status status="PASS" start="2024-06-03T14:14:36.007610" elapsed="0.001997"/>
</iter>
<iter>
<kw name="Dictionary Should Contain Key" owner="Collections">
<msg time="2024-06-03T14:14:36.010385" level="INFO">False</msg>
<arg>${json_data['results'][0]}</arg>
<arg>${key}</arg>
<doc>Fails if ``key`` is not found from ``dictionary``.</doc>
<status status="PASS" start="2024-06-03T14:14:36.009890" elapsed="0.000533"/>
</kw>
<kw name="Log" owner="BuiltIn">
<msg time="2024-06-03T14:14:36.011081" level="INFO">{'gender': 'female', 'name': {'title': 'Mrs', 'first': 'Minttu', 'last': 'Pollari'}, 'location': {'street': {'number': 8802, 'name': 'Satakennankatu'}, 'city': 'Karijoki', 'state': 'Päijät-Häme', 'country': 'Finland', 'postcode': 66596, 'coordinates': {'latitude': '-23.3052', 'longitude': '170.4638'}, 'timezone': {'offset': '-6:00', 'description': 'Central Time (US &amp; Canada), Mexico City'}}, 'email': 'minttu.pollari@example.com', 'login': {'uuid': '9b93ec39-a1e1-42e1-970b-51c841150372', 'username': 'sadgoose158', 'password': '1022', 'salt': 'g3hk5gwE', 'md5': 'd288f23ae48b36e479e0a4f384557483', 'sha1': 'cfa7b474147021ad0f33c5ca6f7036fe9c855588', 'sha256': '9c854f7e852c7b2e6b2f65d9f4b768678fce0f6977f24a034ccfb248c0743938'}, 'dob': {'date': '1987-12-28T04:42:43.818Z', 'age': 36}, 'registered': {'date': '2012-11-21T07:49:05.552Z', 'age': 11}, 'phone': '02-030-241', 'cell': '045-854-41-43', 'id': {'name': 'HETU', 'value': 'NaNNA252undefined'}, 'picture': {'large': 'https://randomuser.me/api/portraits/women/25.jpg', 'medium': 'https://randomuser.me/api/portraits/med/women/25.jpg', 'thumbnail': 'https://randomuser.me/api/portraits/thumb/women/25.jpg'}, 'nat': 'FI'}</msg>
<arg>${json_data['results'][0]}</arg>
<doc>Logs the given message with the given level.</doc>
<status status="PASS" start="2024-06-03T14:14:36.010722" elapsed="0.000411"/>
</kw>
<kw name="Log" owner="BuiltIn">
<msg time="2024-06-03T14:14:36.011557" level="INFO">email</msg>
<arg>${key}</arg>
<doc>Logs the given message with the given level.</doc>
<status status="PASS" start="2024-06-03T14:14:36.011429" elapsed="0.000165"/>
</kw>
<var name="${key}">email</var>
<status status="PASS" start="2024-06-03T14:14:36.009778" elapsed="0.002031"/>
</iter>
<iter>
<kw name="Dictionary Should Contain Key" owner="Collections">
<msg time="2024-06-03T14:14:36.012480" level="INFO">False</msg>
<arg>${json_data['results'][0]}</arg>
<arg>${key}</arg>
<doc>Fails if ``key`` is not found from ``dictionary``.</doc>
<status status="PASS" start="2024-06-03T14:14:36.012095" elapsed="0.000423"/>
</kw>
<kw name="Log" owner="BuiltIn">
<msg time="2024-06-03T14:14:36.013215" level="INFO">{'gender': 'female', 'name': {'title': 'Mrs', 'first': 'Minttu', 'last': 'Pollari'}, 'location': {'street': {'number': 8802, 'name': 'Satakennankatu'}, 'city': 'Karijoki', 'state': 'Päijät-Häme', 'country': 'Finland', 'postcode': 66596, 'coordinates': {'latitude': '-23.3052', 'longitude': '170.4638'}, 'timezone': {'offset': '-6:00', 'description': 'Central Time (US &amp; Canada), Mexico City'}}, 'email': 'minttu.pollari@example.com', 'login': {'uuid': '9b93ec39-a1e1-42e1-970b-51c841150372', 'username': 'sadgoose158', 'password': '1022', 'salt': 'g3hk5gwE', 'md5': 'd288f23ae48b36e479e0a4f384557483', 'sha1': 'cfa7b474147021ad0f33c5ca6f7036fe9c855588', 'sha256': '9c854f7e852c7b2e6b2f65d9f4b768678fce0f6977f24a034ccfb248c0743938'}, 'dob': {'date': '1987-12-28T04:42:43.818Z', 'age': 36}, 'registered': {'date': '2012-11-21T07:49:05.552Z', 'age': 11}, 'phone': '02-030-241', 'cell': '045-854-41-43', 'id': {'name': 'HETU', 'value': 'NaNNA252undefined'}, 'picture': {'large': 'https://randomuser.me/api/portraits/women/25.jpg', 'medium': 'https://randomuser.me/api/portraits/med/women/25.jpg', 'thumbnail': 'https://randomuser.me/api/portraits/thumb/women/25.jpg'}, 'nat': 'FI'}</msg>
<arg>${json_data['results'][0]}</arg>
<doc>Logs the given message with the given level.</doc>
<status status="PASS" start="2024-06-03T14:14:36.012811" elapsed="0.000455"/>
</kw>
<kw name="Log" owner="BuiltIn">
<msg time="2024-06-03T14:14:36.013688" level="INFO">login</msg>
<arg>${key}</arg>
<doc>Logs the given message with the given level.</doc>
<status status="PASS" start="2024-06-03T14:14:36.013563" elapsed="0.000193"/>
</kw>
<var name="${key}">login</var>
<status status="PASS" start="2024-06-03T14:14:36.011982" elapsed="0.001995"/>
</iter>
<var>${key}</var>
<value>@{expected_keys}</value>
<status status="PASS" start="2024-06-03T14:14:36.003044" elapsed="0.011055"/>
</for>
<kw name="Create List" owner="BuiltIn">
<msg time="2024-06-03T14:14:36.014426" level="INFO">${expected_keysTwo} = ['username', 'password']</msg>
<var>${expected_keysTwo}</var>
<arg>username</arg>
<arg>password</arg>
<doc>Returns a list containing given items.</doc>
<status status="PASS" start="2024-06-03T14:14:36.014291" elapsed="0.000159"/>
</kw>
<for flavor="IN">
<iter>
<kw name="Dictionary Should Contain Key" owner="Collections">
<msg time="2024-06-03T14:14:36.015321" level="INFO">False</msg>
<arg>${json_data['results'][0]['login']}</arg>
<arg>${keyTwo}</arg>
<doc>Fails if ``key`` is not found from ``dictionary``.</doc>
<status status="PASS" start="2024-06-03T14:14:36.014945" elapsed="0.000413"/>
</kw>
<kw name="Dictionary Should Contain Key" owner="Collections">
<msg time="2024-06-03T14:14:36.016030" level="INFO">False</msg>
<arg>${json_data['results'][0]['login']}</arg>
<arg>${keyTwo}</arg>
<doc>Fails if ``key`` is not found from ``dictionary``.</doc>
<status status="PASS" start="2024-06-03T14:14:36.015652" elapsed="0.000416"/>
</kw>
<kw name="Log" owner="BuiltIn">
<msg time="2024-06-03T14:14:36.016488" level="INFO">username</msg>
<arg>${keyTwo}</arg>
<doc>Logs the given message with the given level.</doc>
<status status="PASS" start="2024-06-03T14:14:36.016360" elapsed="0.000165"/>
</kw>
<var name="${keyTwo}">username</var>
<status status="PASS" start="2024-06-03T14:14:36.014835" elapsed="0.001903"/>
</iter>
<iter>
<kw name="Dictionary Should Contain Key" owner="Collections">
<msg time="2024-06-03T14:14:36.017421" level="INFO">False</msg>
<arg>${json_data['results'][0]['login']}</arg>
<arg>${keyTwo}</arg>
<doc>Fails if ``key`` is not found from ``dictionary``.</doc>
<status status="PASS" start="2024-06-03T14:14:36.017045" elapsed="0.000413"/>
</kw>
<kw name="Dictionary Should Contain Key" owner="Collections">
<msg time="2024-06-03T14:14:36.018123" level="INFO">False</msg>
<arg>${json_data['results'][0]['login']}</arg>
<arg>${keyTwo}</arg>
<doc>Fails if ``key`` is not found from ``dictionary``.</doc>
<status status="PASS" start="2024-06-03T14:14:36.017749" elapsed="0.000411"/>
</kw>
<kw name="Log" owner="BuiltIn">
<msg time="2024-06-03T14:14:36.018582" level="INFO">password</msg>
<arg>${keyTwo}</arg>
<doc>Logs the given message with the given level.</doc>
<status status="PASS" start="2024-06-03T14:14:36.018450" elapsed="0.000169"/>
</kw>
<var name="${keyTwo}">password</var>
<status status="PASS" start="2024-06-03T14:14:36.016910" elapsed="0.001935"/>
</iter>
<var>${keyTwo}</var>
<value>@{expected_keysTwo}</value>
<status status="PASS" start="2024-06-03T14:14:36.014685" elapsed="0.004279"/>
</for>
<status status="PASS" start="2024-06-03T14:14:35.912981" elapsed="0.106123"/>
</kw>
<doc>Testa a estrutura da resposta da API.</doc>
<tag>testeEstruturaResposta</tag>
<status status="PASS" start="2024-06-03T14:14:35.912474" elapsed="0.106785"/>
</test>
<test id="s1-s1-t4" name="Validar tipos de dados" line="28">
<kw name="Teste de Tipos de Dados" owner="random-user-service">
<kw name="GET On Session" owner="RequestsLibrary">
<msg time="2024-06-03T14:14:36.113883" level="INFO">GET Request : url=https://randomuser.me/api 
 path_url=/api 
 headers={'User-Agent': 'python-requests/2.32.3', 'Accept-Encoding': 'gzip, deflate', 'Accept': '*/*', 'Connection': 'keep-alive'} 
 body=None 
 </msg>
<msg time="2024-06-03T14:14:36.113967" level="INFO">GET Response : url=https://randomuser.me/api 
 status=200, reason=OK 
 headers={'Date': 'Mon, 03 Jun 2024 14:14:36 GMT', 'Content-Type': 'application/json; charset=utf-8', 'Transfer-Encoding': 'chunked', 'Connection': 'keep-alive', 'X-Powered-By': 'Express', 'Access-Control-Allow-Origin': '*', 'Cache-Control': 'no-cache', 'ETag': 'W/"499-pDepI642Lf32FhD3C9nmfVc39L0"', 'Vary': 'Accept-Encoding', 'Content-Encoding': 'gzip', 'CF-Cache-Status': 'DYNAMIC', 'Report-To': '{"endpoints":[{"url":"https:\\/\\/a.nel.cloudflare.com\\/report\\/v4?s=26L%2Fuv%2FNOQx1A0%2BraaS8KAOC9ZrHc1JaT6UxWyGHUDQultCCu5pq8hY7EENQrjSc3Cx2Z%2FuyCYx7GKbrR%2Fgntg2yQvnv2YaVEJokgrbg7CUEVL3Fbd5oDqndnIaQjTT4"}],"group":"cf-nel","max_age":604800}', 'NEL': '{"success_fraction":0,"report_to":"cf-nel","max_age":604800}', 'Server': 'cloudflare', 'CF-RAY': '88e04a5b3f3807fd-IAD', 'alt-svc': 'h3=":443"; ma=86400'} 
 body={"results":[{"gender":"female","name":{"title":"Mrs","first":"Jen","last":"Hale"},"location":{"street":{"number":487,"name":"Manor Road"},"city":"Bangor","state":"West Yorkshire","country":"United Kingdom","postcode":"G7N 0SS","coordinates":{"latitude":"-11.4266","longitude":"41.1405"},"timezone":{"offset":"-3:00","description":"Brazil, Buenos Aires, Georgetown"}},"email":"jen.hale@example.com","login":{"uuid":"7555060f-6d8f-465c-b477-34a22861d00c","username":"heavyelephant336","password":"justin","salt":"1G0xtWDr","md5":"1d9e04036b7658f705645ed8865c699d","sha1":"a31720af093b04992ea6259f31cad69bf53c504a","sha256":"61cadfcccc95fbb60b96dc51da6deecf1c6d38c4eed3646409aded132d0e9a9d"},"dob":{"date":"1981-08-11T14:52:02.333Z","age":42},"registered":{"date":"2005-11-12T14:00:19.076Z","age":18},"phone":"019467 58325","cell":"07457 109717","id":{"name":"NINO","value":"SJ 11 38 14 M"},"picture":{"large":"https://randomuser.me/api/portraits/women/13.jpg","medium":"https://randomuser.me/api/portraits/med/women/13.jpg","thumbnail":"https://randomuser.me/api/portraits/thumb/women/13.jpg"},"nat":"GB"}],"info":{"seed":"ddada53332211dba","results":1,"page":1,"version":"1.4"}} 
 </msg>
<msg time="2024-06-03T14:14:36.114037" level="INFO">/opt/hostedtoolcache/Python/3.12.3/x64/lib/python3.12/site-packages/urllib3/connectionpool.py:1103: InsecureRequestWarning: Unverified HTTPS request is being made to host 'randomuser.me'. Adding certificate verification is strongly advised. See: https://urllib3.readthedocs.io/en/latest/advanced-usage.html#tls-warnings
  warnings.warn(</msg>
<msg time="2024-06-03T14:14:36.114145" level="INFO">${response} = &lt;Response [200]&gt;</msg>
<var>${response}</var>
<arg>consultarAPI</arg>
<arg>/api</arg>
<doc>Sends a GET request on a previously created HTTP Session.</doc>
<status status="PASS" start="2024-06-03T14:14:36.021824" elapsed="0.092362"/>
</kw>
<kw name="Set Variable" owner="BuiltIn">
<msg time="2024-06-03T14:14:36.115092" level="INFO">${json_data} = {'results': [{'gender': 'female', 'name': {'title': 'Mrs', 'first': 'Jen', 'last': 'Hale'}, 'location': {'street': {'number': 487, 'name': 'Manor Road'}, 'city': 'Bangor', 'state': 'West Yorkshire', '...</msg>
<var>${json_data}</var>
<arg>${response.json()}</arg>
<doc>Returns the given values which can then be assigned to a variables.</doc>
<status status="PASS" start="2024-06-03T14:14:36.114621" elapsed="0.000500"/>
</kw>
<kw name="Log" owner="BuiltIn">
<msg time="2024-06-03T14:14:36.115587" level="INFO">{'results': [{'gender': 'female', 'name': {'title': 'Mrs', 'first': 'Jen', 'last': 'Hale'}, 'location': {'street': {'number': 487, 'name': 'Manor Road'}, 'city': 'Bangor', 'state': 'West Yorkshire', 'country': 'United Kingdom', 'postcode': 'G7N 0SS', 'coordinates': {'latitude': '-11.4266', 'longitude': '41.1405'}, 'timezone': {'offset': '-3:00', 'description': 'Brazil, Buenos Aires, Georgetown'}}, 'email': 'jen.hale@example.com', 'login': {'uuid': '7555060f-6d8f-465c-b477-34a22861d00c', 'username': 'heavyelephant336', 'password': 'justin', 'salt': '1G0xtWDr', 'md5': '1d9e04036b7658f705645ed8865c699d', 'sha1': 'a31720af093b04992ea6259f31cad69bf53c504a', 'sha256': '61cadfcccc95fbb60b96dc51da6deecf1c6d38c4eed3646409aded132d0e9a9d'}, 'dob': {'date': '1981-08-11T14:52:02.333Z', 'age': 42}, 'registered': {'date': '2005-11-12T14:00:19.076Z', 'age': 18}, 'phone': '019467 58325', 'cell': '07457 109717', 'id': {'name': 'NINO', 'value': 'SJ 11 38 14 M'}, 'picture': {'large': 'https://randomuser.me/api/portraits/women/13.jpg', 'medium': 'https://randomuser.me/api/portraits/med/women/13.jpg', 'thumbnail': 'https://randomuser.me/api/portraits/thumb/women/13.jpg'}, 'nat': 'GB'}], 'info': {'seed': 'ddada53332211dba', 'results': 1, 'page': 1, 'version': '1.4'}}</msg>
<arg>${json_data}</arg>
<doc>Logs the given message with the given level.</doc>
<status status="PASS" start="2024-06-03T14:14:36.115432" elapsed="0.000240"/>
</kw>
<kw name="Should Be String" owner="String">
<arg>${json_data['results'][0]['gender']}</arg>
<doc>Fails if the given ``item`` is not a string.</doc>
<status status="PASS" start="2024-06-03T14:14:36.115974" elapsed="0.000361"/>
</kw>
<kw name="Should Match Regexp" owner="BuiltIn">
<arg>${json_data['results'][0]['email']}</arg>
<arg>^[a-zA-Z0-9._%+-]+@[a-zA-Z0-9.-]+\.[a-zA-Z]{2,}$</arg>
<doc>Fails if ``string`` does not match ``pattern`` as a regular expression.</doc>
<status status="PASS" start="2024-06-03T14:14:36.116528" elapsed="0.000703"/>
</kw>
<kw name="Should Match Regexp" owner="BuiltIn">
<arg>${json_data['results'][0]['dob']['date']}</arg>
<arg>\\d{4}-\\d{2}-\\d{2}T\\d{2}:\\d{2}:\\d{2}\\.\\d{3}Z</arg>
<doc>Fails if ``string`` does not match ``pattern`` as a regular expression.</doc>
<status status="PASS" start="2024-06-03T14:14:36.117449" elapsed="0.000496"/>
</kw>
<kw name="Should Match Regexp" owner="BuiltIn">
<arg>${json_data['results'][0]['registered']['date']}</arg>
<arg>\\d{4}-\\d{2}-\\d{2}T\\d{2}:\\d{2}:\\d{2}\\.\\d{3}Z</arg>
<doc>Fails if ``string`` does not match ``pattern`` as a regular expression.</doc>
<status status="PASS" start="2024-06-03T14:14:36.118143" elapsed="0.000369"/>
</kw>
<kw name="Should Match Regexp" owner="BuiltIn">
<arg>${json_data['results'][0]['picture']['large']}</arg>
<arg>^https?://.*\.(?:png|jpe?g|gif|bmp)$</arg>
<doc>Fails if ``string`` does not match ``pattern`` as a regular expression.</doc>
<status status="PASS" start="2024-06-03T14:14:36.118709" elapsed="0.000469"/>
</kw>
<kw name="Should Match Regexp" owner="BuiltIn">
<arg>${json_data['results'][0]['picture']['medium']}</arg>
<arg>^https?://.*\.(?:png|jpe?g|gif|bmp)$</arg>
<doc>Fails if ``string`` does not match ``pattern`` as a regular expression.</doc>
<status status="PASS" start="2024-06-03T14:14:36.119373" elapsed="0.000363"/>
</kw>
<kw name="Should Match Regexp" owner="BuiltIn">
<arg>${json_data['results'][0]['picture']['thumbnail']}</arg>
<arg>^https?://.*\.(?:png|jpe?g|gif|bmp)$</arg>
<doc>Fails if ``string`` does not match ``pattern`` as a regular expression.</doc>
<status status="PASS" start="2024-06-03T14:14:36.119924" elapsed="0.000348"/>
</kw>
<kw name="Log" owner="BuiltIn">
<msg time="2024-06-03T14:14:36.120776" level="INFO">{'large': 'https://randomuser.me/api/portraits/women/13.jpg', 'medium': 'https://randomuser.me/api/portraits/med/women/13.jpg', 'thumbnail': 'https://randomuser.me/api/portraits/thumb/women/13.jpg'}</msg>
<arg>${json_data['results'][0]['picture']}</arg>
<doc>Logs the given message with the given level.</doc>
<status status="PASS" start="2024-06-03T14:14:36.120455" elapsed="0.000363"/>
</kw>
<status status="PASS" start="2024-06-03T14:14:36.021592" elapsed="0.099507"/>
</kw>
<kw name="Teste de Tipos de Dados - Postcode" owner="random-user-service">
<kw name="GET On Session" owner="RequestsLibrary">
<msg time="2024-06-03T14:14:36.200533" level="INFO">GET Request : url=https://randomuser.me/api 
 path_url=/api 
 headers={'User-Agent': 'python-requests/2.32.3', 'Accept-Encoding': 'gzip, deflate', 'Accept': '*/*', 'Connection': 'keep-alive'} 
 body=None 
 </msg>
<msg time="2024-06-03T14:14:36.200596" level="INFO">GET Response : url=https://randomuser.me/api 
 status=200, reason=OK 
 headers={'Date': 'Mon, 03 Jun 2024 14:14:36 GMT', 'Content-Type': 'application/json; charset=utf-8', 'Transfer-Encoding': 'chunked', 'Connection': 'keep-alive', 'X-Powered-By': 'Express', 'Access-Control-Allow-Origin': '*', 'Cache-Control': 'no-cache', 'ETag': 'W/"492-XectoY5IBKa3cjWIVyk4pHea7xo"', 'Vary': 'Accept-Encoding', 'Content-Encoding': 'gzip', 'CF-Cache-Status': 'DYNAMIC', 'Report-To': '{"endpoints":[{"url":"https:\\/\\/a.nel.cloudflare.com\\/report\\/v4?s=fQS%2FvLZCn7qzpQnavyoxGPLszNEiBUN%2B9FripR3j%2Fqwl9NsYrjm2P%2FJ7Hw5hxEl7lVmSBa%2BsWMSBuwU5ZBEp1PzYfDlOj7HyJYdH9Q9lNiNJUAYlvihw%2B%2BJ0lzPxnohj"}],"group":"cf-nel","max_age":604800}', 'NEL': '{"success_fraction":0,"report_to":"cf-nel","max_age":604800}', 'Server': 'cloudflare', 'CF-RAY': '88e04a5bd87707fd-IAD', 'alt-svc': 'h3=":443"; ma=86400'} 
 body={"results":[{"gender":"male","name":{"title":"Mr","first":"Albrecht","last":"Lammers"},"location":{"street":{"number":5607,"name":"Burgstraße"},"city":"Bottrop","state":"Schleswig-Holstein","country":"Germany","postcode":57529,"coordinates":{"latitude":"-54.5567","longitude":"-84.2096"},"timezone":{"offset":"-8:00","description":"Pacific Time (US &amp; Canada)"}},"email":"albrecht.lammers@example.com","login":{"uuid":"082832e8-6644-49cd-92b5-b18cf31c2c87","username":"redfrog742","password":"bingo","salt":"yAsqLWZh","md5":"3b9eca463d471fb9af7a67c8537dc7bb","sha1":"82854320d230713e3ff60043a4c89b8bffe46a40","sha256":"a00b61725cefd0e037e3d26ae64e83c1ec5d00bc879f89fbabc5a1056e2edeb2"},"dob":{"date":"1949-04-16T06:55:22.385Z","age":75},"registered":{"date":"2013-01-29T10:44:14.924Z","age":11},"phone":"0921-7175472","cell":"0172-4631441","id":{"name":"SVNR","value":"38 160449 L 489"},"picture":{"large":"https://randomuser.me/api/portraits/men/75.jpg","medium":"https://randomuser.me/api/portraits/med/men/75.jpg","thumbnail":"https://randomuser.me/api/portraits/thumb/men/75.jpg"},"nat":"DE"}],"info":{"seed":"d611aa4cdc52f590","results":1,"page":1,"version":"1.4"}} 
 </msg>
<msg time="2024-06-03T14:14:36.200654" level="INFO">/opt/hostedtoolcache/Python/3.12.3/x64/lib/python3.12/site-packages/urllib3/connectionpool.py:1103: InsecureRequestWarning: Unverified HTTPS request is being made to host 'randomuser.me'. Adding certificate verification is strongly advised. See: https://urllib3.readthedocs.io/en/latest/advanced-usage.html#tls-warnings
  warnings.warn(</msg>
<msg time="2024-06-03T14:14:36.200745" level="INFO">${response} = &lt;Response [200]&gt;</msg>
<var>${response}</var>
<arg>consultarAPI</arg>
<arg>/api</arg>
<doc>Sends a GET request on a previously created HTTP Session.</doc>
<status status="PASS" start="2024-06-03T14:14:36.121538" elapsed="0.079231"/>
</kw>
<kw name="Set Variable" owner="BuiltIn">
<msg time="2024-06-03T14:14:36.201630" level="INFO">${json_data} = {'results': [{'gender': 'male', 'name': {'title': 'Mr', 'first': 'Albrecht', 'last': 'Lammers'}, 'location': {'street': {'number': 5607, 'name': 'Burgstraße'}, 'city': 'Bottrop', 'state': 'Schleswig-H...</msg>
<var>${json_data}</var>
<arg>${response.json()}</arg>
<doc>Returns the given values which can then be assigned to a variables.</doc>
<status status="PASS" start="2024-06-03T14:14:36.201173" elapsed="0.000487"/>
</kw>
<kw name="Log" owner="BuiltIn">
<msg time="2024-06-03T14:14:36.202115" level="INFO">{'results': [{'gender': 'male', 'name': {'title': 'Mr', 'first': 'Albrecht', 'last': 'Lammers'}, 'location': {'street': {'number': 5607, 'name': 'Burgstraße'}, 'city': 'Bottrop', 'state': 'Schleswig-Holstein', 'country': 'Germany', 'postcode': 57529, 'coordinates': {'latitude': '-54.5567', 'longitude': '-84.2096'}, 'timezone': {'offset': '-8:00', 'description': 'Pacific Time (US &amp; Canada)'}}, 'email': 'albrecht.lammers@example.com', 'login': {'uuid': '082832e8-6644-49cd-92b5-b18cf31c2c87', 'username': 'redfrog742', 'password': 'bingo', 'salt': 'yAsqLWZh', 'md5': '3b9eca463d471fb9af7a67c8537dc7bb', 'sha1': '82854320d230713e3ff60043a4c89b8bffe46a40', 'sha256': 'a00b61725cefd0e037e3d26ae64e83c1ec5d00bc879f89fbabc5a1056e2edeb2'}, 'dob': {'date': '1949-04-16T06:55:22.385Z', 'age': 75}, 'registered': {'date': '2013-01-29T10:44:14.924Z', 'age': 11}, 'phone': '0921-7175472', 'cell': '0172-4631441', 'id': {'name': 'SVNR', 'value': '38 160449 L 489'}, 'picture': {'large': 'https://randomuser.me/api/portraits/men/75.jpg', 'medium': 'https://randomuser.me/api/portraits/med/men/75.jpg', 'thumbnail': 'https://randomuser.me/api/portraits/thumb/men/75.jpg'}, 'nat': 'DE'}], 'info': {'seed': 'd611aa4cdc52f590', 'results': 1, 'page': 1, 'version': '1.4'}}</msg>
<arg>${json_data}</arg>
<doc>Logs the given message with the given level.</doc>
<status status="PASS" start="2024-06-03T14:14:36.201962" elapsed="0.000235"/>
</kw>
<kw name="Should Be Equal As Numbers" owner="BuiltIn">
<arg>${json_data['results'][0]['location']['postcode']}</arg>
<arg>${json_data['results'][0]['location']['postcode']}</arg>
<doc>Fails if objects are unequal after converting them to real numbers.</doc>
<status status="PASS" start="2024-06-03T14:14:36.202498" elapsed="0.000614"/>
</kw>
<kw name="Log" owner="BuiltIn">
<msg time="2024-06-03T14:14:36.203643" level="INFO">57529</msg>
<arg>${json_data['results'][0]['location']['postcode']}</arg>
<doc>Logs the given message with the given level.</doc>
<status status="PASS" start="2024-06-03T14:14:36.203308" elapsed="0.000375"/>
</kw>
<status status="PASS" start="2024-06-03T14:14:36.121315" elapsed="0.082645"/>
</kw>
<doc>Testa se os tipos de dados na resposta da API estão corretos.</doc>
<tag>testeTiposDados</tag>
<status status="PASS" start="2024-06-03T14:14:36.021060" elapsed="0.183114"/>
</test>
<test id="s1-s1-t5" name="Validar conteudo" line="35">
<kw name="Teste de Tipos de Conteudo" owner="random-user-service">
<kw name="GET On Session" owner="RequestsLibrary">
<msg time="2024-06-03T14:14:36.301531" level="INFO">GET Request : url=https://randomuser.me/api 
 path_url=/api 
 headers={'User-Agent': 'python-requests/2.32.3', 'Accept-Encoding': 'gzip, deflate', 'Accept': '*/*', 'Connection': 'keep-alive'} 
 body=None 
 </msg>
<msg time="2024-06-03T14:14:36.301616" level="INFO">GET Response : url=https://randomuser.me/api 
 status=200, reason=OK 
 headers={'Date': 'Mon, 03 Jun 2024 14:14:36 GMT', 'Content-Type': 'application/json; charset=utf-8', 'Transfer-Encoding': 'chunked', 'Connection': 'keep-alive', 'X-Powered-By': 'Express', 'Access-Control-Allow-Origin': '*', 'Cache-Control': 'no-cache', 'ETag': 'W/"470-GEQi11MvWC3qpTvq0DDGJZl1E+o"', 'Vary': 'Accept-Encoding', 'Content-Encoding': 'gzip', 'CF-Cache-Status': 'DYNAMIC', 'Report-To': '{"endpoints":[{"url":"https:\\/\\/a.nel.cloudflare.com\\/report\\/v4?s=qvhd4kMR0JuRhSUekKuD8hQQEtK9simHYyEDYMitcJXQzWH2jFEL07%2F%2BcjZp7YzTrrHLghIWGkg00DPryQ%2FOHFHTXNg90HmFcDFS%2FwUNeE9Wseox4F0Gkx8N%2BqzfC5Pk"}],"group":"cf-nel","max_age":604800}', 'NEL': '{"success_fraction":0,"report_to":"cf-nel","max_age":604800}', 'Server': 'cloudflare', 'CF-RAY': '88e04a5c591107fd-IAD', 'alt-svc': 'h3=":443"; ma=86400'} 
 body={"results":[{"gender":"female","name":{"title":"Ms","first":"Ömür","last":"Duygulu"},"location":{"street":{"number":2484,"name":"Anafartalar Cd"},"city":"Kırşehir","state":"Balıkesir","country":"Turkey","postcode":64793,"coordinates":{"latitude":"68.8250","longitude":"39.6543"},"timezone":{"offset":"+4:30","description":"Kabul"}},"email":"omur.duygulu@example.com","login":{"uuid":"d4aa3171-9343-43ec-8bdb-0ee74e16e311","username":"sadbear912","password":"soulmate","salt":"lpmm4XWU","md5":"2eb659f7a8d0748f8a1ec5b4396c2b41","sha1":"d56ac6a14d9390d02ebada9df0b06bd702ecf5c5","sha256":"e9358535c262734c07e23c0ba9e0d3e262ee009b2354a5ee765d0f9a7e8c89ed"},"dob":{"date":"1995-07-07T22:12:32.704Z","age":28},"registered":{"date":"2011-05-06T01:08:45.240Z","age":13},"phone":"(903)-921-1673","cell":"(284)-096-6286","id":{"name":"","value":null},"picture":{"large":"https://randomuser.me/api/portraits/women/26.jpg","medium":"https://randomuser.me/api/portraits/med/women/26.jpg","thumbnail":"https://randomuser.me/api/portraits/thumb/women/26.jpg"},"nat":"TR"}],"info":{"seed":"b74d5b7527e1d9c3","results":1,"page":1,"version":"1.4"}} 
 </msg>
<msg time="2024-06-03T14:14:36.301696" level="INFO">/opt/hostedtoolcache/Python/3.12.3/x64/lib/python3.12/site-packages/urllib3/connectionpool.py:1103: InsecureRequestWarning: Unverified HTTPS request is being made to host 'randomuser.me'. Adding certificate verification is strongly advised. See: https://urllib3.readthedocs.io/en/latest/advanced-usage.html#tls-warnings
  warnings.warn(</msg>
<msg time="2024-06-03T14:14:36.301793" level="INFO">${response} = &lt;Response [200]&gt;</msg>
<var>${response}</var>
<arg>consultarAPI</arg>
<arg>/api</arg>
<doc>Sends a GET request on a previously created HTTP Session.</doc>
<status status="PASS" start="2024-06-03T14:14:36.206696" elapsed="0.095135"/>
</kw>
<kw name="Set Variable" owner="BuiltIn">
<msg time="2024-06-03T14:14:36.302723" level="INFO">${json_data} = {'results': [{'gender': 'female', 'name': {'title': 'Ms', 'first': 'Ömür', 'last': 'Duygulu'}, 'location': {'street': {'number': 2484, 'name': 'Anafartalar Cd'}, 'city': 'Kırşehir', 'state': 'Balıkesi...</msg>
<var>${json_data}</var>
<arg>${response.json()}</arg>
<doc>Returns the given values which can then be assigned to a variables.</doc>
<status status="PASS" start="2024-06-03T14:14:36.302252" elapsed="0.000501"/>
</kw>
<kw name="Set Variable" owner="BuiltIn">
<msg time="2024-06-03T14:14:36.303445" level="INFO">${name_title} = Ms</msg>
<var>${name_title}</var>
<arg>${json_data["results"][0]["name"]["title"]}</arg>
<doc>Returns the given values which can then be assigned to a variables.</doc>
<status status="PASS" start="2024-06-03T14:14:36.303064" elapsed="0.000407"/>
</kw>
<kw name="Create List" owner="BuiltIn">
<msg time="2024-06-03T14:14:36.303914" level="INFO">${allowed_titles} = ['Mr', 'Ms', 'Miss', 'Mrs', 'Madame', 'Monsieur']</msg>
<var>${allowed_titles}</var>
<arg>Mr</arg>
<arg>Ms</arg>
<arg>Miss</arg>
<arg>Mrs</arg>
<arg>Madame</arg>
<arg>Monsieur</arg>
<doc>Returns a list containing given items.</doc>
<status status="PASS" start="2024-06-03T14:14:36.303769" elapsed="0.000169"/>
</kw>
<kw name="List Should Contain Value" owner="Collections">
<msg time="2024-06-03T14:14:36.304411" level="INFO">False</msg>
<arg>${allowed_titles}</arg>
<arg>${name_title}</arg>
<doc>Fails if the ``value`` is not found from ``list``.</doc>
<status status="PASS" start="2024-06-03T14:14:36.304237" elapsed="0.000211"/>
</kw>
<kw name="Set Variable" owner="BuiltIn">
<msg time="2024-06-03T14:14:36.305320" level="INFO">${name_country} = TR</msg>
<var>${name_country}</var>
<arg>${json_data["results"][0]["nat"]}</arg>
<doc>Returns the given values which can then be assigned to a variables.</doc>
<status status="PASS" start="2024-06-03T14:14:36.304754" elapsed="0.000592"/>
</kw>
<kw name="Create List" owner="BuiltIn">
<msg time="2024-06-03T14:14:36.306256" level="INFO">${list_country} = ['AD', 'AE', 'AF', 'AG', 'AI', 'AL', 'AM', 'AO', 'AQ', 'AR', 'AS', 'AT', 'AU', 'AW', 'AX', 'AZ', 'BA', 'BB', 'BD', 'BE', 'BF', 'BG', 'BH', 'BI', 'BJ', 'BL', 'BM', 'BN', 'BO', 'BQ', 'BR', 'BS', 'BT', '...</msg>
<var>${list_country}</var>
<arg>AD</arg>
<arg>AE</arg>
<arg>AF</arg>
<arg>AG</arg>
<arg>AI</arg>
<arg>AL</arg>
<arg>AM</arg>
<arg>AO</arg>
<arg>AQ</arg>
<arg>AR</arg>
<arg>AS</arg>
<arg>AT</arg>
<arg>AU</arg>
<arg>AW</arg>
<arg>AX</arg>
<arg>AZ</arg>
<arg>BA</arg>
<arg>BB</arg>
<arg>BD</arg>
<arg>BE</arg>
<arg>BF</arg>
<arg>BG</arg>
<arg>BH</arg>
<arg>BI</arg>
<arg>BJ</arg>
<arg>BL</arg>
<arg>BM</arg>
<arg>BN</arg>
<arg>BO</arg>
<arg>BQ</arg>
<arg>BR</arg>
<arg>BS</arg>
<arg>BT</arg>
<arg>BV</arg>
<arg>BW</arg>
<arg>BY</arg>
<arg>BZ</arg>
<arg>CA</arg>
<arg>CC</arg>
<arg>CD</arg>
<arg>CF</arg>
<arg>CG</arg>
<arg>CH</arg>
<arg>CI</arg>
<arg>CK</arg>
<arg>CL</arg>
<arg>CM</arg>
<arg>CN</arg>
<arg>CO</arg>
<arg>CR</arg>
<arg>CU</arg>
<arg>CV</arg>
<arg>CW</arg>
<arg>CX</arg>
<arg>CY</arg>
<arg>CZ</arg>
<arg>DE</arg>
<arg>DJ</arg>
<arg>DK</arg>
<arg>DM</arg>
<arg>DO</arg>
<arg>DZ</arg>
<arg>EC</arg>
<arg>EE</arg>
<arg>EG</arg>
<arg>EH</arg>
<arg>ER</arg>
<arg>ES</arg>
<arg>ET</arg>
<arg>FI</arg>
<arg>FJ</arg>
<arg>FK</arg>
<arg>FM</arg>
<arg>FO</arg>
<arg>FR</arg>
<arg>GA</arg>
<arg>GB</arg>
<arg>GD</arg>
<arg>GE</arg>
<arg>GF</arg>
<arg>GG</arg>
<arg>GH</arg>
<arg>GI</arg>
<arg>GL</arg>
<arg>GM</arg>
<arg>GN</arg>
<arg>GP</arg>
<arg>GQ</arg>
<arg>GR</arg>
<arg>GS</arg>
<arg>GT</arg>
<arg>GU</arg>
<arg>GW</arg>
<arg>GY</arg>
<arg>HK</arg>
<arg>HM</arg>
<arg>HN</arg>
<arg>HR</arg>
<arg>HT</arg>
<arg>HU</arg>
<arg>ID</arg>
<arg>IE</arg>
<arg>IL</arg>
<arg>IM</arg>
<arg>IN</arg>
<arg>IO</arg>
<arg>IQ</arg>
<arg>IR</arg>
<arg>IS</arg>
<arg>IT</arg>
<arg>JE</arg>
<arg>JM</arg>
<arg>JO</arg>
<arg>JP</arg>
<arg>KE</arg>
<arg>KG</arg>
<arg>KH</arg>
<arg>KI</arg>
<arg>KM</arg>
<arg>KN</arg>
<arg>KP</arg>
<arg>KR</arg>
<arg>KW</arg>
<arg>KY</arg>
<arg>KZ</arg>
<arg>LA</arg>
<arg>LB</arg>
<arg>LC</arg>
<arg>LI</arg>
<arg>LK</arg>
<arg>LR</arg>
<arg>LS</arg>
<arg>LT</arg>
<arg>LU</arg>
<arg>LV</arg>
<arg>LY</arg>
<arg>MA</arg>
<arg>MC</arg>
<arg>MD</arg>
<arg>ME</arg>
<arg>MF</arg>
<arg>MG</arg>
<arg>MH</arg>
<arg>MK</arg>
<arg>ML</arg>
<arg>MM</arg>
<arg>MN</arg>
<arg>MO</arg>
<arg>MP</arg>
<arg>MQ</arg>
<arg>MR</arg>
<arg>MS</arg>
<arg>MT</arg>
<arg>MU</arg>
<arg>MV</arg>
<arg>MW</arg>
<arg>MX</arg>
<arg>MY</arg>
<arg>MZ</arg>
<arg>NA</arg>
<arg>NC</arg>
<arg>NE</arg>
<arg>NF</arg>
<arg>NG</arg>
<arg>NI</arg>
<arg>NL</arg>
<arg>NO</arg>
<arg>NP</arg>
<arg>NR</arg>
<arg>NU</arg>
<arg>NZ</arg>
<arg>OM</arg>
<arg>PA</arg>
<arg>PE</arg>
<arg>PF</arg>
<arg>PG</arg>
<arg>PH</arg>
<arg>PK</arg>
<arg>PL</arg>
<arg>PM</arg>
<arg>PN</arg>
<arg>PR</arg>
<arg>PS</arg>
<arg>PT</arg>
<arg>PW</arg>
<arg>PY</arg>
<arg>QA</arg>
<arg>RE</arg>
<arg>RO</arg>
<arg>RS</arg>
<arg>RU</arg>
<arg>RW</arg>
<arg>SA</arg>
<arg>SB</arg>
<arg>SC</arg>
<arg>SD</arg>
<arg>SE</arg>
<arg>SG</arg>
<arg>SH</arg>
<arg>SI</arg>
<arg>SJ</arg>
<arg>SK</arg>
<arg>SL</arg>
<arg>SM</arg>
<arg>SN</arg>
<arg>SO</arg>
<arg>SR</arg>
<arg>SS</arg>
<arg>ST</arg>
<arg>SV</arg>
<arg>SX</arg>
<arg>SY</arg>
<arg>SZ</arg>
<arg>TC</arg>
<arg>TD</arg>
<arg>TF</arg>
<arg>TG</arg>
<arg>TH</arg>
<arg>TJ</arg>
<arg>TK</arg>
<arg>TL</arg>
<arg>TM</arg>
<arg>TN</arg>
<arg>TO</arg>
<arg>TR</arg>
<arg>TT</arg>
<arg>TV</arg>
<arg>TW</arg>
<arg>TZ</arg>
<arg>UA</arg>
<arg>UG</arg>
<arg>UM</arg>
<arg>US</arg>
<arg>UY</arg>
<arg>UZ</arg>
<arg>VA</arg>
<arg>VC</arg>
<arg>VE</arg>
<arg>VG</arg>
<arg>VI</arg>
<arg>VN</arg>
<arg>VU</arg>
<arg>WF</arg>
<arg>WS</arg>
<arg>XK</arg>
<arg>YE</arg>
<arg>YT</arg>
<arg>ZA</arg>
<arg>ZM</arg>
<arg>ZW</arg>
<doc>Returns a list containing given items.</doc>
<status status="PASS" start="2024-06-03T14:14:36.305655" elapsed="0.000626"/>
</kw>
<kw name="List Should Contain Value" owner="Collections">
<msg time="2024-06-03T14:14:36.307267" level="INFO">False</msg>
<arg>${list_country}</arg>
<arg>${name_country}</arg>
<doc>Fails if the ``value`` is not found from ``list``.</doc>
<status status="PASS" start="2024-06-03T14:14:36.307064" elapsed="0.000240"/>
</kw>
<kw name="Run Keyword If" owner="BuiltIn">
<kw name="Should Be True" owner="BuiltIn">
<arg>${True}</arg>
<doc>Fails if the given condition is not true.</doc>
<status status="PASS" start="2024-06-03T14:14:36.308368" elapsed="0.000144"/>
</kw>
<arg>${json_data["results"][0]["location"]["coordinates"]["latitude"]} &gt;= -90 and ${json_data["results"][0]["location"]["coordinates"]["latitude"]} &lt;= 90</arg>
<arg>Should Be True</arg>
<arg>${True}</arg>
<doc>Runs the given keyword with the given arguments, if ``condition`` is true.</doc>
<status status="PASS" start="2024-06-03T14:14:36.307614" elapsed="0.001024"/>
</kw>
<kw name="Run Keyword If" owner="BuiltIn">
<kw name="Should Be True" owner="BuiltIn">
<arg>${True}</arg>
<doc>Fails if the given condition is not true.</doc>
<status status="PASS" start="2024-06-03T14:14:36.309568" elapsed="0.000139"/>
</kw>
<arg>${json_data["results"][0]["location"]["coordinates"]["longitude"]} &gt;= -180 and ${json_data["results"][0]["location"]["coordinates"]["longitude"]} &lt;= 180</arg>
<arg>Should Be True</arg>
<arg>${True}</arg>
<doc>Runs the given keyword with the given arguments, if ``condition`` is true.</doc>
<status status="PASS" start="2024-06-03T14:14:36.308834" elapsed="0.000997"/>
</kw>
<status status="PASS" start="2024-06-03T14:14:36.206468" elapsed="0.103492"/>
</kw>
<doc>Testa o conteúdo específico dos campos retornados pela API.</doc>
<tag>testeConteudo</tag>
<status status="PASS" start="2024-06-03T14:14:36.205981" elapsed="0.104127"/>
</test>
<status status="PASS" start="2024-06-03T14:14:35.452028" elapsed="0.859956"/>
</suite>
<status status="PASS" start="2024-06-03T14:14:35.438619" elapsed="0.878533"/>
</suite>
<statistics>
<total>
<stat pass="5" fail="0" skip="0">All Tests</stat>
</total>
<tag>
<stat pass="1" fail="0" skip="0">testeConteudo</stat>
<stat pass="1" fail="0" skip="0">testeEstruturaResposta</stat>
<stat pass="1" fail="0" skip="0">testeRequisicaoBasica</stat>
<stat pass="1" fail="0" skip="0">testeTiposDados</stat>
</tag>
<suite>
<stat pass="5" fail="0" skip="0" id="s1" name="Tests">Tests</stat>
<stat pass="5" fail="0" skip="0" id="s1-s1" name="Random-User-Test">Tests.Random-User-Test</stat>
</suite>
</statistics>
<errors>
</errors>
</robot>
