<?xml version="1.0" encoding="UTF-8"?>
<robot generator="Robot 7.0.1 (Python 3.12.4 on linux)" generated="2024-07-09T17:14:42.412575" rpa="false" schemaversion="5">
<suite id="s1" name="Tests" source="/home/runner/work/ApiRandomUser/ApiRandomUser/RamdonUser/tests">
<suite id="s1-s1" name="Random-User-Test" source="/home/runner/work/ApiRandomUser/ApiRandomUser/RamdonUser/tests/random-user-test.robot">
<test id="s1-s1-t1" name="Conectar" line="13">
<kw name="Conectar API" owner="random-user-service">
<kw name="Create Session" owner="RequestsLibrary">
<msg time="2024-07-09T17:14:42.805225" level="INFO">Creating Session using : alias=consultarAPI, url=https://randomuser.me/, headers={},                     cookies={}, auth=None, timeout=None, proxies=None, verify=False,                     debug=0 </msg>
<arg>consultarAPI</arg>
<arg>${URL}</arg>
<doc>Create Session: create a HTTP session to a server</doc>
<status status="PASS" start="2024-07-09T17:14:42.805027" elapsed="0.000363"/>
</kw>
<status status="PASS" start="2024-07-09T17:14:42.804066" elapsed="0.001679"/>
</kw>
<status status="PASS" start="2024-07-09T17:14:42.803505" elapsed="0.002474"/>
</test>
<test id="s1-s1-t2" name="Validar retorno 200 e JSON Válido" line="16">
<kw name="Teste de Requisicao Basica" owner="random-user-service">
<kw name="GET On Session" owner="RequestsLibrary">
<msg time="2024-07-09T17:14:42.953779" level="INFO">GET Request : url=https://randomuser.me/api 
 path_url=/api 
 headers={'User-Agent': 'python-requests/2.32.3', 'Accept-Encoding': 'gzip, deflate', 'Accept': '*/*', 'Connection': 'keep-alive'} 
 body=None 
 </msg>
<msg time="2024-07-09T17:14:42.953944" level="INFO">GET Response : url=https://randomuser.me/api 
 status=200, reason=OK 
 headers={'Date': 'Tue, 09 Jul 2024 17:14:42 GMT', 'Content-Type': 'application/json; charset=utf-8', 'Transfer-Encoding': 'chunked', 'Connection': 'keep-alive', 'X-Powered-By': 'Express', 'Access-Control-Allow-Origin': '*', 'Cache-Control': 'no-cache', 'ETag': 'W/"478-sBT5XkSjBfnenqWY8EnrsFZAcbk"', 'Vary': 'Accept-Encoding', 'Content-Encoding': 'gzip', 'CF-Cache-Status': 'DYNAMIC', 'Report-To': '{"endpoints":[{"url":"https:\\/\\/a.nel.cloudflare.com\\/report\\/v4?s=66Bav7444WRe0WKyeY0yh%2B09BuD8XNUdaHP1jdCBBYX0mzShhDXfoqeBwDPRIdkXSaijHEJqVYdgJke6iFV6huJispEga%2BeSSkJqj1JReSyARFOVOC3EtqD83ignSqu6"}],"group":"cf-nel","max_age":604800}', 'NEL': '{"success_fraction":0,"report_to":"cf-nel","max_age":604800}', 'Server': 'cloudflare', 'CF-RAY': '8a09f3b1ba842714-SJC', 'alt-svc': 'h3=":443"; ma=86400'} 
 body={"results":[{"gender":"male","name":{"title":"Mr","first":"Borislav","last":"Vujić"},"location":{"street":{"number":1742,"name":"Jovanče Micića"},"city":"Čačak","state":"Podunavlje","country":"Serbia","postcode":70002,"coordinates":{"latitude":"62.2500","longitude":"-116.6076"},"timezone":{"offset":"-2:00","description":"Mid-Atlantic"}},"email":"borislav.vujic@example.com","login":{"uuid":"1e62528a-5cd1-4850-842f-ee1187db4a82","username":"blackwolf925","password":"dodgers1","salt":"wW2fHwdU","md5":"5d39de9d09bb8d4e49642a8792d7108b","sha1":"250dab53896ed78776d7b7d7a4c3ed44a3898fba","sha256":"b9385da89cab125b25349e74958c52181715b3c23efdabf8eb6ce175e510c6e5"},"dob":{"date":"1994-11-18T22:56:22.977Z","age":29},"registered":{"date":"2003-10-31T08:16:45.310Z","age":20},"phone":"024-8736-519","cell":"067-4961-217","id":{"name":"SID","value":"247095473"},"picture":{"large":"https://randomuser.me/api/portraits/men/8.jpg","medium":"https://randomuser.me/api/portraits/med/men/8.jpg","thumbnail":"https://randomuser.me/api/portraits/thumb/men/8.jpg"},"nat":"RS"}],"info":{"seed":"133a1e5eb1494ccc","results":1,"page":1,"version":"1.4"}} 
 </msg>
<msg time="2024-07-09T17:14:42.954031" level="INFO">/opt/hostedtoolcache/Python/3.12.4/x64/lib/python3.12/site-packages/urllib3/connectionpool.py:1099: InsecureRequestWarning: Unverified HTTPS request is being made to host 'randomuser.me'. Adding certificate verification is strongly advised. See: https://urllib3.readthedocs.io/en/latest/advanced-usage.html#tls-warnings
  warnings.warn(</msg>
<msg time="2024-07-09T17:14:42.954172" level="INFO">${response} = &lt;Response [200]&gt;</msg>
<var>${response}</var>
<arg>consultarAPI</arg>
<arg>/api</arg>
<doc>Sends a GET request on a previously created HTTP Session.</doc>
<status status="PASS" start="2024-07-09T17:14:42.808652" elapsed="0.145562"/>
</kw>
<kw name="Should Be Equal As Numbers" owner="BuiltIn">
<msg time="2024-07-09T17:14:42.955338" level="INFO">Argument types are:
&lt;class 'int'&gt;
&lt;class 'str'&gt;</msg>
<arg>${response.status_code}</arg>
<arg>200</arg>
<doc>Fails if objects are unequal after converting them to real numbers.</doc>
<status status="PASS" start="2024-07-09T17:14:42.954817" elapsed="0.000590"/>
</kw>
<kw name="Log" owner="BuiltIn">
<msg time="2024-07-09T17:14:42.956127" level="INFO">200</msg>
<arg>${response.status_code}</arg>
<doc>Logs the given message with the given level.</doc>
<status status="PASS" start="2024-07-09T17:14:42.955760" elapsed="0.000410"/>
</kw>
<kw name="Set Variable" owner="BuiltIn">
<msg time="2024-07-09T17:14:42.956939" level="INFO">${json_data} = {'results': [{'gender': 'male', 'name': {'title': 'Mr', 'first': 'Borislav', 'last': 'Vujić'}, 'location': {'street': {'number': 1742, 'name': 'Jovanče Micića'}, 'city': 'Čačak', 'state': 'Podunavlje'...</msg>
<var>${json_data}</var>
<arg>${response.json()}</arg>
<doc>Returns the given values which can then be assigned to a variables.</doc>
<status status="PASS" start="2024-07-09T17:14:42.956482" elapsed="0.000488"/>
</kw>
<kw name="Dictionary Should Contain Key" owner="Collections">
<arg>${json_data}</arg>
<arg>results</arg>
<doc>Fails if ``key`` is not found from ``dictionary``.</doc>
<status status="PASS" start="2024-07-09T17:14:42.957272" elapsed="0.000168"/>
</kw>
<status status="PASS" start="2024-07-09T17:14:42.808401" elapsed="0.149201"/>
</kw>
<doc>Testa se a API responde corretamente e retorna um objeto JSON válido.</doc>
<tag>testeRequisicaoBasica</tag>
<status status="PASS" start="2024-07-09T17:14:42.807853" elapsed="0.149930"/>
</test>
<test id="s1-s1-t3" name="Validar estrutura de resposta" line="22">
<kw name="Teste de Estrutura de Resposta" owner="random-user-service">
<kw name="GET On Session" owner="RequestsLibrary">
<msg time="2024-07-09T17:14:43.046998" level="INFO">GET Request : url=https://randomuser.me/api 
 path_url=/api 
 headers={'User-Agent': 'python-requests/2.32.3', 'Accept-Encoding': 'gzip, deflate', 'Accept': '*/*', 'Connection': 'keep-alive'} 
 body=None 
 </msg>
<msg time="2024-07-09T17:14:43.047070" level="INFO">GET Response : url=https://randomuser.me/api 
 status=200, reason=OK 
 headers={'Date': 'Tue, 09 Jul 2024 17:14:43 GMT', 'Content-Type': 'application/json; charset=utf-8', 'Transfer-Encoding': 'chunked', 'Connection': 'keep-alive', 'X-Powered-By': 'Express', 'Access-Control-Allow-Origin': '*', 'Cache-Control': 'no-cache', 'ETag': 'W/"492-MHPasrKt4hJOV13q6glS6Hsuzg0"', 'Vary': 'Accept-Encoding', 'Content-Encoding': 'gzip', 'CF-Cache-Status': 'DYNAMIC', 'Report-To': '{"endpoints":[{"url":"https:\\/\\/a.nel.cloudflare.com\\/report\\/v4?s=FFSUallbYDa2MCcxgaN1eVlHhPe7VWJgqN33q50ekkK8SGyrk4pyWTObNTf6ceWjBMlwVxQNrlY5t2M6V1oYaR179YTMshi3vkyTSh7Sf%2BTTiFMzzU6wYIS71AMJBlDH"}],"group":"cf-nel","max_age":604800}', 'NEL': '{"success_fraction":0,"report_to":"cf-nel","max_age":604800}', 'Server': 'cloudflare', 'CF-RAY': '8a09f3b28b1f2714-SJC', 'alt-svc': 'h3=":443"; ma=86400'} 
 body={"results":[{"gender":"female","name":{"title":"Miss","first":"Amy","last":"Havnen"},"location":{"street":{"number":5830,"name":"Harald Løvenskiolds vei"},"city":"Ballstad","state":"Akershus","country":"Norway","postcode":"7708","coordinates":{"latitude":"43.0532","longitude":"20.1396"},"timezone":{"offset":"-5:00","description":"Eastern Time (US &amp; Canada), Bogota, Lima"}},"email":"amy.havnen@example.com","login":{"uuid":"14349500-c685-4b25-8df9-3196028d421f","username":"organicduck174","password":"zhan","salt":"yGuTitXY","md5":"3c86e5573af55b3a0db4f119c30baab0","sha1":"a23834f9644f2e583e453e53409ce670f3ead5fb","sha256":"e8fa640e9a87c39a4a24ab39e655e4109c41860551c3d2cb6d8de9ffdcb79806"},"dob":{"date":"1978-09-14T23:14:25.337Z","age":45},"registered":{"date":"2010-08-14T09:49:36.147Z","age":13},"phone":"25831091","cell":"97161077","id":{"name":"FN","value":"14097809233"},"picture":{"large":"https://randomuser.me/api/portraits/women/0.jpg","medium":"https://randomuser.me/api/portraits/med/women/0.jpg","thumbnail":"https://randomuser.me/api/portraits/thumb/women/0.jpg"},"nat":"NO"}],"info":{"seed":"4a9a11af1f03144d","results":1,"page":1,"version":"1.4"}} 
 </msg>
<msg time="2024-07-09T17:14:43.047176" level="INFO">/opt/hostedtoolcache/Python/3.12.4/x64/lib/python3.12/site-packages/urllib3/connectionpool.py:1099: InsecureRequestWarning: Unverified HTTPS request is being made to host 'randomuser.me'. Adding certificate verification is strongly advised. See: https://urllib3.readthedocs.io/en/latest/advanced-usage.html#tls-warnings
  warnings.warn(</msg>
<msg time="2024-07-09T17:14:43.047280" level="INFO">${response} = &lt;Response [200]&gt;</msg>
<var>${response}</var>
<arg>consultarAPI</arg>
<arg>/api</arg>
<doc>Sends a GET request on a previously created HTTP Session.</doc>
<status status="PASS" start="2024-07-09T17:14:42.960915" elapsed="0.086409"/>
</kw>
<kw name="Set Variable" owner="BuiltIn">
<msg time="2024-07-09T17:14:43.048366" level="INFO">${json_data} = {'results': [{'gender': 'female', 'name': {'title': 'Miss', 'first': 'Amy', 'last': 'Havnen'}, 'location': {'street': {'number': 5830, 'name': 'Harald Løvenskiolds vei'}, 'city': 'Ballstad', 'state': ...</msg>
<var>${json_data}</var>
<arg>${response.json()}</arg>
<doc>Returns the given values which can then be assigned to a variables.</doc>
<status status="PASS" start="2024-07-09T17:14:43.047794" elapsed="0.000603"/>
</kw>
<kw name="Log" owner="BuiltIn">
<msg time="2024-07-09T17:14:43.048886" level="INFO">{'results': [{'gender': 'female', 'name': {'title': 'Miss', 'first': 'Amy', 'last': 'Havnen'}, 'location': {'street': {'number': 5830, 'name': 'Harald Løvenskiolds vei'}, 'city': 'Ballstad', 'state': 'Akershus', 'country': 'Norway', 'postcode': '7708', 'coordinates': {'latitude': '43.0532', 'longitude': '20.1396'}, 'timezone': {'offset': '-5:00', 'description': 'Eastern Time (US &amp; Canada), Bogota, Lima'}}, 'email': 'amy.havnen@example.com', 'login': {'uuid': '14349500-c685-4b25-8df9-3196028d421f', 'username': 'organicduck174', 'password': 'zhan', 'salt': 'yGuTitXY', 'md5': '3c86e5573af55b3a0db4f119c30baab0', 'sha1': 'a23834f9644f2e583e453e53409ce670f3ead5fb', 'sha256': 'e8fa640e9a87c39a4a24ab39e655e4109c41860551c3d2cb6d8de9ffdcb79806'}, 'dob': {'date': '1978-09-14T23:14:25.337Z', 'age': 45}, 'registered': {'date': '2010-08-14T09:49:36.147Z', 'age': 13}, 'phone': '25831091', 'cell': '97161077', 'id': {'name': 'FN', 'value': '14097809233'}, 'picture': {'large': 'https://randomuser.me/api/portraits/women/0.jpg', 'medium': 'https://randomuser.me/api/portraits/med/women/0.jpg', 'thumbnail': 'https://randomuser.me/api/portraits/thumb/women/0.jpg'}, 'nat': 'NO'}], 'info': {'seed': '4a9a11af1f03144d', 'results': 1, 'page': 1, 'version': '1.4'}}</msg>
<arg>${json_data}</arg>
<doc>Logs the given message with the given level.</doc>
<status status="PASS" start="2024-07-09T17:14:43.048713" elapsed="0.000225"/>
</kw>
<kw name="Dictionary Should Contain Key" owner="Collections">
<arg>${json_data}</arg>
<arg>results</arg>
<doc>Fails if ``key`` is not found from ``dictionary``.</doc>
<status status="PASS" start="2024-07-09T17:14:43.049242" elapsed="0.000157"/>
</kw>
<kw name="Should Not Be Empty" owner="BuiltIn">
<msg time="2024-07-09T17:14:43.049716" level="INFO">Length is 2.</msg>
<arg>${json_data}</arg>
<doc>Verifies that the given item is not empty.</doc>
<status status="PASS" start="2024-07-09T17:14:43.049584" elapsed="0.000171"/>
</kw>
<kw name="Create List" owner="BuiltIn">
<msg time="2024-07-09T17:14:43.050394" level="INFO">${expected_keys} = ['gender', 'name', 'location', 'email', 'login']</msg>
<var>${expected_keys}</var>
<arg>gender</arg>
<arg>name</arg>
<arg>location</arg>
<arg>email</arg>
<arg>login</arg>
<doc>Returns a list containing given items.</doc>
<status status="PASS" start="2024-07-09T17:14:43.050103" elapsed="0.000317"/>
</kw>
<for flavor="IN">
<iter>
<kw name="Dictionary Should Contain Key" owner="Collections">
<arg>${json_data['results'][0]}</arg>
<arg>${key}</arg>
<doc>Fails if ``key`` is not found from ``dictionary``.</doc>
<status status="PASS" start="2024-07-09T17:14:43.051001" elapsed="0.000409"/>
</kw>
<kw name="Log" owner="BuiltIn">
<msg time="2024-07-09T17:14:43.051961" level="INFO">{'gender': 'female', 'name': {'title': 'Miss', 'first': 'Amy', 'last': 'Havnen'}, 'location': {'street': {'number': 5830, 'name': 'Harald Løvenskiolds vei'}, 'city': 'Ballstad', 'state': 'Akershus', 'country': 'Norway', 'postcode': '7708', 'coordinates': {'latitude': '43.0532', 'longitude': '20.1396'}, 'timezone': {'offset': '-5:00', 'description': 'Eastern Time (US &amp; Canada), Bogota, Lima'}}, 'email': 'amy.havnen@example.com', 'login': {'uuid': '14349500-c685-4b25-8df9-3196028d421f', 'username': 'organicduck174', 'password': 'zhan', 'salt': 'yGuTitXY', 'md5': '3c86e5573af55b3a0db4f119c30baab0', 'sha1': 'a23834f9644f2e583e453e53409ce670f3ead5fb', 'sha256': 'e8fa640e9a87c39a4a24ab39e655e4109c41860551c3d2cb6d8de9ffdcb79806'}, 'dob': {'date': '1978-09-14T23:14:25.337Z', 'age': 45}, 'registered': {'date': '2010-08-14T09:49:36.147Z', 'age': 13}, 'phone': '25831091', 'cell': '97161077', 'id': {'name': 'FN', 'value': '14097809233'}, 'picture': {'large': 'https://randomuser.me/api/portraits/women/0.jpg', 'medium': 'https://randomuser.me/api/portraits/med/women/0.jpg', 'thumbnail': 'https://randomuser.me/api/portraits/thumb/women/0.jpg'}, 'nat': 'NO'}</msg>
<arg>${json_data['results'][0]}</arg>
<doc>Logs the given message with the given level.</doc>
<status status="PASS" start="2024-07-09T17:14:43.051599" elapsed="0.000415"/>
</kw>
<kw name="Log" owner="BuiltIn">
<msg time="2024-07-09T17:14:43.052448" level="INFO">gender</msg>
<arg>${key}</arg>
<doc>Logs the given message with the given level.</doc>
<status status="PASS" start="2024-07-09T17:14:43.052319" elapsed="0.000167"/>
</kw>
<var name="${key}">gender</var>
<status status="PASS" start="2024-07-09T17:14:43.050879" elapsed="0.001821"/>
</iter>
<iter>
<kw name="Dictionary Should Contain Key" owner="Collections">
<arg>${json_data['results'][0]}</arg>
<arg>${key}</arg>
<doc>Fails if ``key`` is not found from ``dictionary``.</doc>
<status status="PASS" start="2024-07-09T17:14:43.053007" elapsed="0.000391"/>
</kw>
<kw name="Log" owner="BuiltIn">
<msg time="2024-07-09T17:14:43.053989" level="INFO">{'gender': 'female', 'name': {'title': 'Miss', 'first': 'Amy', 'last': 'Havnen'}, 'location': {'street': {'number': 5830, 'name': 'Harald Løvenskiolds vei'}, 'city': 'Ballstad', 'state': 'Akershus', 'country': 'Norway', 'postcode': '7708', 'coordinates': {'latitude': '43.0532', 'longitude': '20.1396'}, 'timezone': {'offset': '-5:00', 'description': 'Eastern Time (US &amp; Canada), Bogota, Lima'}}, 'email': 'amy.havnen@example.com', 'login': {'uuid': '14349500-c685-4b25-8df9-3196028d421f', 'username': 'organicduck174', 'password': 'zhan', 'salt': 'yGuTitXY', 'md5': '3c86e5573af55b3a0db4f119c30baab0', 'sha1': 'a23834f9644f2e583e453e53409ce670f3ead5fb', 'sha256': 'e8fa640e9a87c39a4a24ab39e655e4109c41860551c3d2cb6d8de9ffdcb79806'}, 'dob': {'date': '1978-09-14T23:14:25.337Z', 'age': 45}, 'registered': {'date': '2010-08-14T09:49:36.147Z', 'age': 13}, 'phone': '25831091', 'cell': '97161077', 'id': {'name': 'FN', 'value': '14097809233'}, 'picture': {'large': 'https://randomuser.me/api/portraits/women/0.jpg', 'medium': 'https://randomuser.me/api/portraits/med/women/0.jpg', 'thumbnail': 'https://randomuser.me/api/portraits/thumb/women/0.jpg'}, 'nat': 'NO'}</msg>
<arg>${json_data['results'][0]}</arg>
<doc>Logs the given message with the given level.</doc>
<status status="PASS" start="2024-07-09T17:14:43.053580" elapsed="0.000500"/>
</kw>
<kw name="Log" owner="BuiltIn">
<msg time="2024-07-09T17:14:43.054519" level="INFO">name</msg>
<arg>${key}</arg>
<doc>Logs the given message with the given level.</doc>
<status status="PASS" start="2024-07-09T17:14:43.054388" elapsed="0.000168"/>
</kw>
<var name="${key}">name</var>
<status status="PASS" start="2024-07-09T17:14:43.052894" elapsed="0.001879"/>
</iter>
<iter>
<kw name="Dictionary Should Contain Key" owner="Collections">
<arg>${json_data['results'][0]}</arg>
<arg>${key}</arg>
<doc>Fails if ``key`` is not found from ``dictionary``.</doc>
<status status="PASS" start="2024-07-09T17:14:43.055063" elapsed="0.000383"/>
</kw>
<kw name="Log" owner="BuiltIn">
<msg time="2024-07-09T17:14:43.055980" level="INFO">{'gender': 'female', 'name': {'title': 'Miss', 'first': 'Amy', 'last': 'Havnen'}, 'location': {'street': {'number': 5830, 'name': 'Harald Løvenskiolds vei'}, 'city': 'Ballstad', 'state': 'Akershus', 'country': 'Norway', 'postcode': '7708', 'coordinates': {'latitude': '43.0532', 'longitude': '20.1396'}, 'timezone': {'offset': '-5:00', 'description': 'Eastern Time (US &amp; Canada), Bogota, Lima'}}, 'email': 'amy.havnen@example.com', 'login': {'uuid': '14349500-c685-4b25-8df9-3196028d421f', 'username': 'organicduck174', 'password': 'zhan', 'salt': 'yGuTitXY', 'md5': '3c86e5573af55b3a0db4f119c30baab0', 'sha1': 'a23834f9644f2e583e453e53409ce670f3ead5fb', 'sha256': 'e8fa640e9a87c39a4a24ab39e655e4109c41860551c3d2cb6d8de9ffdcb79806'}, 'dob': {'date': '1978-09-14T23:14:25.337Z', 'age': 45}, 'registered': {'date': '2010-08-14T09:49:36.147Z', 'age': 13}, 'phone': '25831091', 'cell': '97161077', 'id': {'name': 'FN', 'value': '14097809233'}, 'picture': {'large': 'https://randomuser.me/api/portraits/women/0.jpg', 'medium': 'https://randomuser.me/api/portraits/med/women/0.jpg', 'thumbnail': 'https://randomuser.me/api/portraits/thumb/women/0.jpg'}, 'nat': 'NO'}</msg>
<arg>${json_data['results'][0]}</arg>
<doc>Logs the given message with the given level.</doc>
<status status="PASS" start="2024-07-09T17:14:43.055628" elapsed="0.000403"/>
</kw>
<kw name="Log" owner="BuiltIn">
<msg time="2024-07-09T17:14:43.056456" level="INFO">location</msg>
<arg>${key}</arg>
<doc>Logs the given message with the given level.</doc>
<status status="PASS" start="2024-07-09T17:14:43.056329" elapsed="0.000163"/>
</kw>
<var name="${key}">location</var>
<status status="PASS" start="2024-07-09T17:14:43.054954" elapsed="0.001753"/>
</iter>
<iter>
<kw name="Dictionary Should Contain Key" owner="Collections">
<arg>${json_data['results'][0]}</arg>
<arg>${key}</arg>
<doc>Fails if ``key`` is not found from ``dictionary``.</doc>
<status status="PASS" start="2024-07-09T17:14:43.056987" elapsed="0.000385"/>
</kw>
<kw name="Log" owner="BuiltIn">
<msg time="2024-07-09T17:14:43.057951" level="INFO">{'gender': 'female', 'name': {'title': 'Miss', 'first': 'Amy', 'last': 'Havnen'}, 'location': {'street': {'number': 5830, 'name': 'Harald Løvenskiolds vei'}, 'city': 'Ballstad', 'state': 'Akershus', 'country': 'Norway', 'postcode': '7708', 'coordinates': {'latitude': '43.0532', 'longitude': '20.1396'}, 'timezone': {'offset': '-5:00', 'description': 'Eastern Time (US &amp; Canada), Bogota, Lima'}}, 'email': 'amy.havnen@example.com', 'login': {'uuid': '14349500-c685-4b25-8df9-3196028d421f', 'username': 'organicduck174', 'password': 'zhan', 'salt': 'yGuTitXY', 'md5': '3c86e5573af55b3a0db4f119c30baab0', 'sha1': 'a23834f9644f2e583e453e53409ce670f3ead5fb', 'sha256': 'e8fa640e9a87c39a4a24ab39e655e4109c41860551c3d2cb6d8de9ffdcb79806'}, 'dob': {'date': '1978-09-14T23:14:25.337Z', 'age': 45}, 'registered': {'date': '2010-08-14T09:49:36.147Z', 'age': 13}, 'phone': '25831091', 'cell': '97161077', 'id': {'name': 'FN', 'value': '14097809233'}, 'picture': {'large': 'https://randomuser.me/api/portraits/women/0.jpg', 'medium': 'https://randomuser.me/api/portraits/med/women/0.jpg', 'thumbnail': 'https://randomuser.me/api/portraits/thumb/women/0.jpg'}, 'nat': 'NO'}</msg>
<arg>${json_data['results'][0]}</arg>
<doc>Logs the given message with the given level.</doc>
<status status="PASS" start="2024-07-09T17:14:43.057561" elapsed="0.000453"/>
</kw>
<kw name="Log" owner="BuiltIn">
<msg time="2024-07-09T17:14:43.058441" level="INFO">email</msg>
<arg>${key}</arg>
<doc>Logs the given message with the given level.</doc>
<status status="PASS" start="2024-07-09T17:14:43.058311" elapsed="0.000168"/>
</kw>
<var name="${key}">email</var>
<status status="PASS" start="2024-07-09T17:14:43.056875" elapsed="0.001815"/>
</iter>
<iter>
<kw name="Dictionary Should Contain Key" owner="Collections">
<arg>${json_data['results'][0]}</arg>
<arg>${key}</arg>
<doc>Fails if ``key`` is not found from ``dictionary``.</doc>
<status status="PASS" start="2024-07-09T17:14:43.058974" elapsed="0.000375"/>
</kw>
<kw name="Log" owner="BuiltIn">
<msg time="2024-07-09T17:14:43.059884" level="INFO">{'gender': 'female', 'name': {'title': 'Miss', 'first': 'Amy', 'last': 'Havnen'}, 'location': {'street': {'number': 5830, 'name': 'Harald Løvenskiolds vei'}, 'city': 'Ballstad', 'state': 'Akershus', 'country': 'Norway', 'postcode': '7708', 'coordinates': {'latitude': '43.0532', 'longitude': '20.1396'}, 'timezone': {'offset': '-5:00', 'description': 'Eastern Time (US &amp; Canada), Bogota, Lima'}}, 'email': 'amy.havnen@example.com', 'login': {'uuid': '14349500-c685-4b25-8df9-3196028d421f', 'username': 'organicduck174', 'password': 'zhan', 'salt': 'yGuTitXY', 'md5': '3c86e5573af55b3a0db4f119c30baab0', 'sha1': 'a23834f9644f2e583e453e53409ce670f3ead5fb', 'sha256': 'e8fa640e9a87c39a4a24ab39e655e4109c41860551c3d2cb6d8de9ffdcb79806'}, 'dob': {'date': '1978-09-14T23:14:25.337Z', 'age': 45}, 'registered': {'date': '2010-08-14T09:49:36.147Z', 'age': 13}, 'phone': '25831091', 'cell': '97161077', 'id': {'name': 'FN', 'value': '14097809233'}, 'picture': {'large': 'https://randomuser.me/api/portraits/women/0.jpg', 'medium': 'https://randomuser.me/api/portraits/med/women/0.jpg', 'thumbnail': 'https://randomuser.me/api/portraits/thumb/women/0.jpg'}, 'nat': 'NO'}</msg>
<arg>${json_data['results'][0]}</arg>
<doc>Logs the given message with the given level.</doc>
<status status="PASS" start="2024-07-09T17:14:43.059530" elapsed="0.000403"/>
</kw>
<kw name="Log" owner="BuiltIn">
<msg time="2024-07-09T17:14:43.060348" level="INFO">login</msg>
<arg>${key}</arg>
<doc>Logs the given message with the given level.</doc>
<status status="PASS" start="2024-07-09T17:14:43.060223" elapsed="0.000163"/>
</kw>
<var name="${key}">login</var>
<status status="PASS" start="2024-07-09T17:14:43.058860" elapsed="0.001741"/>
</iter>
<var>${key}</var>
<value>@{expected_keys}</value>
<status status="PASS" start="2024-07-09T17:14:43.050688" elapsed="0.010034"/>
</for>
<kw name="Create List" owner="BuiltIn">
<msg time="2024-07-09T17:14:43.061050" level="INFO">${expected_keysTwo} = ['username', 'password']</msg>
<var>${expected_keysTwo}</var>
<arg>username</arg>
<arg>password</arg>
<doc>Returns a list containing given items.</doc>
<status status="PASS" start="2024-07-09T17:14:43.060912" elapsed="0.000189"/>
</kw>
<for flavor="IN">
<iter>
<kw name="Dictionary Should Contain Key" owner="Collections">
<arg>${json_data['results'][0]['login']}</arg>
<arg>${keyTwo}</arg>
<doc>Fails if ``key`` is not found from ``dictionary``.</doc>
<status status="PASS" start="2024-07-09T17:14:43.061603" elapsed="0.000431"/>
</kw>
<kw name="Dictionary Should Contain Key" owner="Collections">
<arg>${json_data['results'][0]['login']}</arg>
<arg>${keyTwo}</arg>
<doc>Fails if ``key`` is not found from ``dictionary``.</doc>
<status status="PASS" start="2024-07-09T17:14:43.062215" elapsed="0.000372"/>
</kw>
<kw name="Log" owner="BuiltIn">
<msg time="2024-07-09T17:14:43.062895" level="INFO">username</msg>
<arg>${keyTwo}</arg>
<doc>Logs the given message with the given level.</doc>
<status status="PASS" start="2024-07-09T17:14:43.062773" elapsed="0.000159"/>
</kw>
<var name="${keyTwo}">username</var>
<status status="PASS" start="2024-07-09T17:14:43.061498" elapsed="0.001653"/>
</iter>
<iter>
<kw name="Dictionary Should Contain Key" owner="Collections">
<arg>${json_data['results'][0]['login']}</arg>
<arg>${keyTwo}</arg>
<doc>Fails if ``key`` is not found from ``dictionary``.</doc>
<status status="PASS" start="2024-07-09T17:14:43.063482" elapsed="0.000398"/>
</kw>
<kw name="Dictionary Should Contain Key" owner="Collections">
<arg>${json_data['results'][0]['login']}</arg>
<arg>${keyTwo}</arg>
<doc>Fails if ``key`` is not found from ``dictionary``.</doc>
<status status="PASS" start="2024-07-09T17:14:43.064056" elapsed="0.000371"/>
</kw>
<kw name="Log" owner="BuiltIn">
<msg time="2024-07-09T17:14:43.064717" level="INFO">password</msg>
<arg>${keyTwo}</arg>
<doc>Logs the given message with the given level.</doc>
<status status="PASS" start="2024-07-09T17:14:43.064600" elapsed="0.000159"/>
</kw>
<var name="${keyTwo}">password</var>
<status status="PASS" start="2024-07-09T17:14:43.063320" elapsed="0.001770"/>
</iter>
<var>${keyTwo}</var>
<value>@{expected_keysTwo}</value>
<status status="PASS" start="2024-07-09T17:14:43.061345" elapsed="0.003866"/>
</for>
<status status="PASS" start="2024-07-09T17:14:42.960567" elapsed="0.104784"/>
</kw>
<doc>Testa a estrutura da resposta da API.</doc>
<tag>testeEstruturaResposta</tag>
<status status="PASS" start="2024-07-09T17:14:42.959722" elapsed="0.105778"/>
</test>
<test id="s1-s1-t4" name="Validar tipos de dados" line="28">
<kw name="Teste de Tipos de Dados" owner="random-user-service">
<kw name="GET On Session" owner="RequestsLibrary">
<msg time="2024-07-09T17:14:43.172094" level="INFO">GET Request : url=https://randomuser.me/api 
 path_url=/api 
 headers={'User-Agent': 'python-requests/2.32.3', 'Accept-Encoding': 'gzip, deflate', 'Accept': '*/*', 'Connection': 'keep-alive'} 
 body=None 
 </msg>
<msg time="2024-07-09T17:14:43.172180" level="INFO">GET Response : url=https://randomuser.me/api 
 status=200, reason=OK 
 headers={'Date': 'Tue, 09 Jul 2024 17:14:43 GMT', 'Content-Type': 'application/json; charset=utf-8', 'Transfer-Encoding': 'chunked', 'Connection': 'keep-alive', 'X-Powered-By': 'Express', 'Access-Control-Allow-Origin': '*', 'Cache-Control': 'no-cache', 'ETag': 'W/"471-2m/tNPADYZ5Bh0Jk3sh0tF5EVdc"', 'Vary': 'Accept-Encoding', 'Content-Encoding': 'gzip', 'CF-Cache-Status': 'DYNAMIC', 'Report-To': '{"endpoints":[{"url":"https:\\/\\/a.nel.cloudflare.com\\/report\\/v4?s=XP6rF%2FcW%2BPiqY86X%2FNGsvB%2FDshupAoKw%2FbuMIFDlh8XJQixla0RcKlTt8m%2FxQUdSSjusYKQcstSPPAKVFoKJHnK6ubBAImdPwR0uxKFEDUvIXPc98ZN4oQpqHy1F8svu"}],"group":"cf-nel","max_age":604800}', 'NEL': '{"success_fraction":0,"report_to":"cf-nel","max_age":604800}', 'Server': 'cloudflare', 'CF-RAY': '8a09f3b32bb82714-SJC', 'alt-svc': 'h3=":443"; ma=86400'} 
 body={"results":[{"gender":"male","name":{"title":"Mr","first":"Khaled","last":"Mostad"},"location":{"street":{"number":2942,"name":"Camilla Colletts vei"},"city":"Gibostad","state":"Akershus","country":"Norway","postcode":"7227","coordinates":{"latitude":"44.4009","longitude":"-32.1065"},"timezone":{"offset":"+5:45","description":"Kathmandu"}},"email":"khaled.mostad@example.com","login":{"uuid":"79b4130e-6087-4606-ae0a-0748991b476a","username":"angryostrich115","password":"tiger","salt":"zdHDAdz6","md5":"18d1b97e804a75efe8ca951cbdc23147","sha1":"65812d567f436d218a270aa8cba215e16ba3ef74","sha256":"37c09529315b277806c85bbe17904f2703975d01ad701efaac37d1fd1ba830f6"},"dob":{"date":"1970-12-15T12:58:55.810Z","age":53},"registered":{"date":"2008-05-31T23:16:46.652Z","age":16},"phone":"66072446","cell":"48856751","id":{"name":"FN","value":"15127004347"},"picture":{"large":"https://randomuser.me/api/portraits/men/51.jpg","medium":"https://randomuser.me/api/portraits/med/men/51.jpg","thumbnail":"https://randomuser.me/api/portraits/thumb/men/51.jpg"},"nat":"NO"}],"info":{"seed":"4581a661b94afeb3","results":1,"page":1,"version":"1.4"}} 
 </msg>
<msg time="2024-07-09T17:14:43.172254" level="INFO">/opt/hostedtoolcache/Python/3.12.4/x64/lib/python3.12/site-packages/urllib3/connectionpool.py:1099: InsecureRequestWarning: Unverified HTTPS request is being made to host 'randomuser.me'. Adding certificate verification is strongly advised. See: https://urllib3.readthedocs.io/en/latest/advanced-usage.html#tls-warnings
  warnings.warn(</msg>
<msg time="2024-07-09T17:14:43.172370" level="INFO">${response} = &lt;Response [200]&gt;</msg>
<var>${response}</var>
<arg>consultarAPI</arg>
<arg>/api</arg>
<doc>Sends a GET request on a previously created HTTP Session.</doc>
<status status="PASS" start="2024-07-09T17:14:43.068080" elapsed="0.104347"/>
</kw>
<kw name="Set Variable" owner="BuiltIn">
<msg time="2024-07-09T17:14:43.173519" level="INFO">${json_data} = {'results': [{'gender': 'male', 'name': {'title': 'Mr', 'first': 'Khaled', 'last': 'Mostad'}, 'location': {'street': {'number': 2942, 'name': 'Camilla Colletts vei'}, 'city': 'Gibostad', 'state': 'Ake...</msg>
<var>${json_data}</var>
<arg>${response.json()}</arg>
<doc>Returns the given values which can then be assigned to a variables.</doc>
<status status="PASS" start="2024-07-09T17:14:43.172965" elapsed="0.000583"/>
</kw>
<kw name="Log" owner="BuiltIn">
<msg time="2024-07-09T17:14:43.174065" level="INFO">{'results': [{'gender': 'male', 'name': {'title': 'Mr', 'first': 'Khaled', 'last': 'Mostad'}, 'location': {'street': {'number': 2942, 'name': 'Camilla Colletts vei'}, 'city': 'Gibostad', 'state': 'Akershus', 'country': 'Norway', 'postcode': '7227', 'coordinates': {'latitude': '44.4009', 'longitude': '-32.1065'}, 'timezone': {'offset': '+5:45', 'description': 'Kathmandu'}}, 'email': 'khaled.mostad@example.com', 'login': {'uuid': '79b4130e-6087-4606-ae0a-0748991b476a', 'username': 'angryostrich115', 'password': 'tiger', 'salt': 'zdHDAdz6', 'md5': '18d1b97e804a75efe8ca951cbdc23147', 'sha1': '65812d567f436d218a270aa8cba215e16ba3ef74', 'sha256': '37c09529315b277806c85bbe17904f2703975d01ad701efaac37d1fd1ba830f6'}, 'dob': {'date': '1970-12-15T12:58:55.810Z', 'age': 53}, 'registered': {'date': '2008-05-31T23:16:46.652Z', 'age': 16}, 'phone': '66072446', 'cell': '48856751', 'id': {'name': 'FN', 'value': '15127004347'}, 'picture': {'large': 'https://randomuser.me/api/portraits/men/51.jpg', 'medium': 'https://randomuser.me/api/portraits/med/men/51.jpg', 'thumbnail': 'https://randomuser.me/api/portraits/thumb/men/51.jpg'}, 'nat': 'NO'}], 'info': {'seed': '4581a661b94afeb3', 'results': 1, 'page': 1, 'version': '1.4'}}</msg>
<arg>${json_data}</arg>
<doc>Logs the given message with the given level.</doc>
<status status="PASS" start="2024-07-09T17:14:43.173911" elapsed="0.000200"/>
</kw>
<kw name="Should Be String" owner="String">
<arg>${json_data['results'][0]['gender']}</arg>
<doc>Fails if the given ``item`` is not a string.</doc>
<status status="PASS" start="2024-07-09T17:14:43.174403" elapsed="0.000359"/>
</kw>
<kw name="Should Match Regexp" owner="BuiltIn">
<arg>${json_data['results'][0]['email']}</arg>
<arg>^[a-zA-Z0-9._%+-]+@[a-zA-Z0-9.-]+\.[a-zA-Z]{2,}$</arg>
<doc>Fails if ``string`` does not match ``pattern`` as a regular expression.</doc>
<status status="PASS" start="2024-07-09T17:14:43.174953" elapsed="0.000516"/>
</kw>
<kw name="Should Match Regexp" owner="BuiltIn">
<arg>${json_data['results'][0]['dob']['date']}</arg>
<arg>\\d{4}-\\d{2}-\\d{2}T\\d{2}:\\d{2}:\\d{2}\\.\\d{3}Z</arg>
<doc>Fails if ``string`` does not match ``pattern`` as a regular expression.</doc>
<status status="PASS" start="2024-07-09T17:14:43.175698" elapsed="0.000494"/>
</kw>
<kw name="Should Match Regexp" owner="BuiltIn">
<arg>${json_data['results'][0]['registered']['date']}</arg>
<arg>\\d{4}-\\d{2}-\\d{2}T\\d{2}:\\d{2}:\\d{2}\\.\\d{3}Z</arg>
<doc>Fails if ``string`` does not match ``pattern`` as a regular expression.</doc>
<status status="PASS" start="2024-07-09T17:14:43.176381" elapsed="0.000365"/>
</kw>
<kw name="Should Match Regexp" owner="BuiltIn">
<arg>${json_data['results'][0]['picture']['large']}</arg>
<arg>^https?://.*\.(?:png|jpe?g|gif|bmp)$</arg>
<doc>Fails if ``string`` does not match ``pattern`` as a regular expression.</doc>
<status status="PASS" start="2024-07-09T17:14:43.176933" elapsed="0.000457"/>
</kw>
<kw name="Should Match Regexp" owner="BuiltIn">
<arg>${json_data['results'][0]['picture']['medium']}</arg>
<arg>^https?://.*\.(?:png|jpe?g|gif|bmp)$</arg>
<doc>Fails if ``string`` does not match ``pattern`` as a regular expression.</doc>
<status status="PASS" start="2024-07-09T17:14:43.177575" elapsed="0.000380"/>
</kw>
<kw name="Should Match Regexp" owner="BuiltIn">
<arg>${json_data['results'][0]['picture']['thumbnail']}</arg>
<arg>^https?://.*\.(?:png|jpe?g|gif|bmp)$</arg>
<doc>Fails if ``string`` does not match ``pattern`` as a regular expression.</doc>
<status status="PASS" start="2024-07-09T17:14:43.178141" elapsed="0.000351"/>
</kw>
<kw name="Log" owner="BuiltIn">
<msg time="2024-07-09T17:14:43.179004" level="INFO">{'large': 'https://randomuser.me/api/portraits/men/51.jpg', 'medium': 'https://randomuser.me/api/portraits/med/men/51.jpg', 'thumbnail': 'https://randomuser.me/api/portraits/thumb/men/51.jpg'}</msg>
<arg>${json_data['results'][0]['picture']}</arg>
<doc>Logs the given message with the given level.</doc>
<status status="PASS" start="2024-07-09T17:14:43.178676" elapsed="0.000370"/>
</kw>
<status status="PASS" start="2024-07-09T17:14:43.067859" elapsed="0.111441"/>
</kw>
<kw name="Teste de Tipos de Dados - Postcode" owner="random-user-service">
<kw name="GET On Session" owner="RequestsLibrary">
<msg time="2024-07-09T17:14:43.295930" level="INFO">GET Request : url=https://randomuser.me/api 
 path_url=/api 
 headers={'User-Agent': 'python-requests/2.32.3', 'Accept-Encoding': 'gzip, deflate', 'Accept': '*/*', 'Connection': 'keep-alive'} 
 body=None 
 </msg>
<msg time="2024-07-09T17:14:43.296016" level="INFO">GET Response : url=https://randomuser.me/api 
 status=200, reason=OK 
 headers={'Date': 'Tue, 09 Jul 2024 17:14:43 GMT', 'Content-Type': 'application/json; charset=utf-8', 'Transfer-Encoding': 'chunked', 'Connection': 'keep-alive', 'X-Powered-By': 'Express', 'Access-Control-Allow-Origin': '*', 'Cache-Control': 'no-cache', 'ETag': 'W/"486-KBMRUHRo1U6i/0JMht+3TxOnnf8"', 'Vary': 'Accept-Encoding', 'Content-Encoding': 'gzip', 'CF-Cache-Status': 'DYNAMIC', 'Report-To': '{"endpoints":[{"url":"https:\\/\\/a.nel.cloudflare.com\\/report\\/v4?s=M%2BHKsmtm6BH8OMW1sMZPvEPqlSANinNaZCkUJn72%2BH1BeM7hGTCXZ7%2FBC1y4DfUqM7mQAV8pJpbSfpF1OTjpo1qfqtbO%2B94K7x4Prh6GH%2FMlB0q%2B3%2FWMjq3a4eS9uGsI"}],"group":"cf-nel","max_age":604800}', 'NEL': '{"success_fraction":0,"report_to":"cf-nel","max_age":604800}', 'Server': 'cloudflare', 'CF-RAY': '8a09f3b3ec552714-SJC', 'alt-svc': 'h3=":443"; ma=86400'} 
 body={"results":[{"gender":"female","name":{"title":"Mrs","first":"Amélie","last":"Caron"},"location":{"street":{"number":3226,"name":"Avenue Debourg"},"city":"Le Mans","state":"Ardennes","country":"France","postcode":72204,"coordinates":{"latitude":"-18.8108","longitude":"97.3003"},"timezone":{"offset":"-2:00","description":"Mid-Atlantic"}},"email":"amelie.caron@example.com","login":{"uuid":"12a55060-b33d-4358-9d0c-5a4794773fdd","username":"silvergoose670","password":"3434","salt":"mlZowIu2","md5":"aea63feb3d53bfd8132416e1496292ad","sha1":"bbbe18d341816b48684a57abaa47f77a70571103","sha256":"b6393a94fc79d1e2fb8018de2003d3620ed28849fab6dc5de41fb75b72478012"},"dob":{"date":"1962-05-03T06:53:04.290Z","age":62},"registered":{"date":"2011-05-16T11:16:08.746Z","age":13},"phone":"02-44-29-88-98","cell":"06-41-10-86-37","id":{"name":"INSEE","value":"2620498566809 62"},"picture":{"large":"https://randomuser.me/api/portraits/women/59.jpg","medium":"https://randomuser.me/api/portraits/med/women/59.jpg","thumbnail":"https://randomuser.me/api/portraits/thumb/women/59.jpg"},"nat":"FR"}],"info":{"seed":"bc374f866a90b1ab","results":1,"page":1,"version":"1.4"}} 
 </msg>
<msg time="2024-07-09T17:14:43.296092" level="INFO">/opt/hostedtoolcache/Python/3.12.4/x64/lib/python3.12/site-packages/urllib3/connectionpool.py:1099: InsecureRequestWarning: Unverified HTTPS request is being made to host 'randomuser.me'. Adding certificate verification is strongly advised. See: https://urllib3.readthedocs.io/en/latest/advanced-usage.html#tls-warnings
  warnings.warn(</msg>
<msg time="2024-07-09T17:14:43.296211" level="INFO">${response} = &lt;Response [200]&gt;</msg>
<var>${response}</var>
<arg>consultarAPI</arg>
<arg>/api</arg>
<doc>Sends a GET request on a previously created HTTP Session.</doc>
<status status="PASS" start="2024-07-09T17:14:43.179731" elapsed="0.116535"/>
</kw>
<kw name="Set Variable" owner="BuiltIn">
<msg time="2024-07-09T17:14:43.297305" level="INFO">${json_data} = {'results': [{'gender': 'female', 'name': {'title': 'Mrs', 'first': 'Amélie', 'last': 'Caron'}, 'location': {'street': {'number': 3226, 'name': 'Avenue Debourg'}, 'city': 'Le Mans', 'state': 'Ardennes...</msg>
<var>${json_data}</var>
<arg>${response.json()}</arg>
<doc>Returns the given values which can then be assigned to a variables.</doc>
<status status="PASS" start="2024-07-09T17:14:43.296746" elapsed="0.000588"/>
</kw>
<kw name="Log" owner="BuiltIn">
<msg time="2024-07-09T17:14:43.297829" level="INFO">{'results': [{'gender': 'female', 'name': {'title': 'Mrs', 'first': 'Amélie', 'last': 'Caron'}, 'location': {'street': {'number': 3226, 'name': 'Avenue Debourg'}, 'city': 'Le Mans', 'state': 'Ardennes', 'country': 'France', 'postcode': 72204, 'coordinates': {'latitude': '-18.8108', 'longitude': '97.3003'}, 'timezone': {'offset': '-2:00', 'description': 'Mid-Atlantic'}}, 'email': 'amelie.caron@example.com', 'login': {'uuid': '12a55060-b33d-4358-9d0c-5a4794773fdd', 'username': 'silvergoose670', 'password': '3434', 'salt': 'mlZowIu2', 'md5': 'aea63feb3d53bfd8132416e1496292ad', 'sha1': 'bbbe18d341816b48684a57abaa47f77a70571103', 'sha256': 'b6393a94fc79d1e2fb8018de2003d3620ed28849fab6dc5de41fb75b72478012'}, 'dob': {'date': '1962-05-03T06:53:04.290Z', 'age': 62}, 'registered': {'date': '2011-05-16T11:16:08.746Z', 'age': 13}, 'phone': '02-44-29-88-98', 'cell': '06-41-10-86-37', 'id': {'name': 'INSEE', 'value': '2620498566809 62'}, 'picture': {'large': 'https://randomuser.me/api/portraits/women/59.jpg', 'medium': 'https://randomuser.me/api/portraits/med/women/59.jpg', 'thumbnail': 'https://randomuser.me/api/portraits/thumb/women/59.jpg'}, 'nat': 'FR'}], 'info': {'seed': 'bc374f866a90b1ab', 'results': 1, 'page': 1, 'version': '1.4'}}</msg>
<arg>${json_data}</arg>
<doc>Logs the given message with the given level.</doc>
<status status="PASS" start="2024-07-09T17:14:43.297640" elapsed="0.000245"/>
</kw>
<kw name="Should Be Equal As Numbers" owner="BuiltIn">
<arg>${json_data['results'][0]['location']['postcode']}</arg>
<arg>${json_data['results'][0]['location']['postcode']}</arg>
<doc>Fails if objects are unequal after converting them to real numbers.</doc>
<status status="PASS" start="2024-07-09T17:14:43.298187" elapsed="0.000638"/>
</kw>
<kw name="Log" owner="BuiltIn">
<msg time="2024-07-09T17:14:43.299465" level="INFO">72204</msg>
<arg>${json_data['results'][0]['location']['postcode']}</arg>
<doc>Logs the given message with the given level.</doc>
<status status="PASS" start="2024-07-09T17:14:43.299008" elapsed="0.000497"/>
</kw>
<status status="PASS" start="2024-07-09T17:14:43.179514" elapsed="0.120269"/>
</kw>
<doc>Testa se os tipos de dados na resposta da API estão corretos.</doc>
<tag>testeTiposDados</tag>
<status status="PASS" start="2024-07-09T17:14:43.067299" elapsed="0.232641"/>
</test>
<test id="s1-s1-t5" name="Validar conteudo" line="35">
<kw name="Teste de Tipos de Conteudo" owner="random-user-service">
<kw name="GET On Session" owner="RequestsLibrary">
<msg time="2024-07-09T17:14:43.390330" level="INFO">GET Request : url=https://randomuser.me/api 
 path_url=/api 
 headers={'User-Agent': 'python-requests/2.32.3', 'Accept-Encoding': 'gzip, deflate', 'Accept': '*/*', 'Connection': 'keep-alive'} 
 body=None 
 </msg>
<msg time="2024-07-09T17:14:43.390425" level="INFO">GET Response : url=https://randomuser.me/api 
 status=200, reason=OK 
 headers={'Date': 'Tue, 09 Jul 2024 17:14:43 GMT', 'Content-Type': 'application/json; charset=utf-8', 'Transfer-Encoding': 'chunked', 'Connection': 'keep-alive', 'X-Powered-By': 'Express', 'Access-Control-Allow-Origin': '*', 'Cache-Control': 'no-cache', 'ETag': 'W/"488-VIi+DYQRXm9+OEsnfi6GobZGUFo"', 'Vary': 'Accept-Encoding', 'Content-Encoding': 'gzip', 'CF-Cache-Status': 'DYNAMIC', 'Report-To': '{"endpoints":[{"url":"https:\\/\\/a.nel.cloudflare.com\\/report\\/v4?s=UFNyMhicepMeDjGEY52gtSXj9ZNQptWSZFjF5Ybw5E7BOCinW%2FPwJh81n0V19bgxUKvcS3sxtW3BqLQldUUZWMFtZqWzcowPklbjHEdX1vNlO08VVWMqTt2azrUmo1t7"}],"group":"cf-nel","max_age":604800}', 'NEL': '{"success_fraction":0,"report_to":"cf-nel","max_age":604800}', 'Server': 'cloudflare', 'CF-RAY': '8a09f3b4ad142714-SJC', 'alt-svc': 'h3=":443"; ma=86400'} 
 body={"results":[{"gender":"female","name":{"title":"Miss","first":"Oya","last":"Tokgöz"},"location":{"street":{"number":8381,"name":"Anafartalar Cd"},"city":"Sivas","state":"Bingöl","country":"Turkey","postcode":63187,"coordinates":{"latitude":"70.7748","longitude":"9.1779"},"timezone":{"offset":"+3:00","description":"Baghdad, Riyadh, Moscow, St. Petersburg"}},"email":"oya.tokgoz@example.com","login":{"uuid":"cc48d1b2-9668-4373-8ddb-fb62d8cdac29","username":"sadzebra735","password":"starcraft","salt":"yxFoBmGY","md5":"820d16c28c237a1d0a137e823f72ba6c","sha1":"4a8eb8c7b1fbadaecd658adac421f44c1158f7b2","sha256":"cbbfb39cbc3672488d7ec90048fd97d4d99bf648e547a96dbc5a9817ca2bcad1"},"dob":{"date":"1967-12-26T04:00:49.057Z","age":56},"registered":{"date":"2004-11-29T01:59:44.943Z","age":19},"phone":"(588)-681-5600","cell":"(671)-873-3369","id":{"name":"","value":null},"picture":{"large":"https://randomuser.me/api/portraits/women/84.jpg","medium":"https://randomuser.me/api/portraits/med/women/84.jpg","thumbnail":"https://randomuser.me/api/portraits/thumb/women/84.jpg"},"nat":"TR"}],"info":{"seed":"43c9299de0ddcb71","results":1,"page":1,"version":"1.4"}} 
 </msg>
<msg time="2024-07-09T17:14:43.390505" level="INFO">/opt/hostedtoolcache/Python/3.12.4/x64/lib/python3.12/site-packages/urllib3/connectionpool.py:1099: InsecureRequestWarning: Unverified HTTPS request is being made to host 'randomuser.me'. Adding certificate verification is strongly advised. See: https://urllib3.readthedocs.io/en/latest/advanced-usage.html#tls-warnings
  warnings.warn(</msg>
<msg time="2024-07-09T17:14:43.390621" level="INFO">${response} = &lt;Response [200]&gt;</msg>
<var>${response}</var>
<arg>consultarAPI</arg>
<arg>/api</arg>
<doc>Sends a GET request on a previously created HTTP Session.</doc>
<status status="PASS" start="2024-07-09T17:14:43.302423" elapsed="0.088232"/>
</kw>
<kw name="Set Variable" owner="BuiltIn">
<msg time="2024-07-09T17:14:43.391571" level="INFO">${json_data} = {'results': [{'gender': 'female', 'name': {'title': 'Miss', 'first': 'Oya', 'last': 'Tokgöz'}, 'location': {'street': {'number': 8381, 'name': 'Anafartalar Cd'}, 'city': 'Sivas', 'state': 'Bingöl', 'c...</msg>
<var>${json_data}</var>
<arg>${response.json()}</arg>
<doc>Returns the given values which can then be assigned to a variables.</doc>
<status status="PASS" start="2024-07-09T17:14:43.391087" elapsed="0.000513"/>
</kw>
<kw name="Set Variable" owner="BuiltIn">
<msg time="2024-07-09T17:14:43.392279" level="INFO">${name_title} = Miss</msg>
<var>${name_title}</var>
<arg>${json_data["results"][0]["name"]["title"]}</arg>
<doc>Returns the given values which can then be assigned to a variables.</doc>
<status status="PASS" start="2024-07-09T17:14:43.391902" elapsed="0.000404"/>
</kw>
<kw name="Create List" owner="BuiltIn">
<msg time="2024-07-09T17:14:43.392756" level="INFO">${allowed_titles} = ['Mr', 'Ms', 'Miss', 'Mrs', 'Madame', 'Monsieur']</msg>
<var>${allowed_titles}</var>
<arg>Mr</arg>
<arg>Ms</arg>
<arg>Miss</arg>
<arg>Mrs</arg>
<arg>Madame</arg>
<arg>Monsieur</arg>
<doc>Returns a list containing given items.</doc>
<status status="PASS" start="2024-07-09T17:14:43.392611" elapsed="0.000168"/>
</kw>
<kw name="List Should Contain Value" owner="Collections">
<arg>${allowed_titles}</arg>
<arg>${name_title}</arg>
<doc>Fails if the ``value`` is not found from ``list``.</doc>
<status status="PASS" start="2024-07-09T17:14:43.393072" elapsed="0.000325"/>
</kw>
<kw name="Set Variable" owner="BuiltIn">
<msg time="2024-07-09T17:14:43.394333" level="INFO">${name_country} = TR</msg>
<var>${name_country}</var>
<arg>${json_data["results"][0]["nat"]}</arg>
<doc>Returns the given values which can then be assigned to a variables.</doc>
<status status="PASS" start="2024-07-09T17:14:43.393718" elapsed="0.000654"/>
</kw>
<kw name="Create List" owner="BuiltIn">
<msg time="2024-07-09T17:14:43.396034" level="INFO">${list_country} = ['AD', 'AE', 'AF', 'AG', 'AI', 'AL', 'AM', 'AO', 'AQ', 'AR', 'AS', 'AT', 'AU', 'AW', 'AX', 'AZ', 'BA', 'BB', 'BD', 'BE', 'BF', 'BG', 'BH', 'BI', 'BJ', 'BL', 'BM', 'BN', 'BO', 'BQ', 'BR', 'BS', 'BT', '...</msg>
<var>${list_country}</var>
<arg>AD</arg>
<arg>AE</arg>
<arg>AF</arg>
<arg>AG</arg>
<arg>AI</arg>
<arg>AL</arg>
<arg>AM</arg>
<arg>AO</arg>
<arg>AQ</arg>
<arg>AR</arg>
<arg>AS</arg>
<arg>AT</arg>
<arg>AU</arg>
<arg>AW</arg>
<arg>AX</arg>
<arg>AZ</arg>
<arg>BA</arg>
<arg>BB</arg>
<arg>BD</arg>
<arg>BE</arg>
<arg>BF</arg>
<arg>BG</arg>
<arg>BH</arg>
<arg>BI</arg>
<arg>BJ</arg>
<arg>BL</arg>
<arg>BM</arg>
<arg>BN</arg>
<arg>BO</arg>
<arg>BQ</arg>
<arg>BR</arg>
<arg>BS</arg>
<arg>BT</arg>
<arg>BV</arg>
<arg>BW</arg>
<arg>BY</arg>
<arg>BZ</arg>
<arg>CA</arg>
<arg>CC</arg>
<arg>CD</arg>
<arg>CF</arg>
<arg>CG</arg>
<arg>CH</arg>
<arg>CI</arg>
<arg>CK</arg>
<arg>CL</arg>
<arg>CM</arg>
<arg>CN</arg>
<arg>CO</arg>
<arg>CR</arg>
<arg>CU</arg>
<arg>CV</arg>
<arg>CW</arg>
<arg>CX</arg>
<arg>CY</arg>
<arg>CZ</arg>
<arg>DE</arg>
<arg>DJ</arg>
<arg>DK</arg>
<arg>DM</arg>
<arg>DO</arg>
<arg>DZ</arg>
<arg>EC</arg>
<arg>EE</arg>
<arg>EG</arg>
<arg>EH</arg>
<arg>ER</arg>
<arg>ES</arg>
<arg>ET</arg>
<arg>FI</arg>
<arg>FJ</arg>
<arg>FK</arg>
<arg>FM</arg>
<arg>FO</arg>
<arg>FR</arg>
<arg>GA</arg>
<arg>GB</arg>
<arg>GD</arg>
<arg>GE</arg>
<arg>GF</arg>
<arg>GG</arg>
<arg>GH</arg>
<arg>GI</arg>
<arg>GL</arg>
<arg>GM</arg>
<arg>GN</arg>
<arg>GP</arg>
<arg>GQ</arg>
<arg>GR</arg>
<arg>GS</arg>
<arg>GT</arg>
<arg>GU</arg>
<arg>GW</arg>
<arg>GY</arg>
<arg>HK</arg>
<arg>HM</arg>
<arg>HN</arg>
<arg>HR</arg>
<arg>HT</arg>
<arg>HU</arg>
<arg>ID</arg>
<arg>IE</arg>
<arg>IL</arg>
<arg>IM</arg>
<arg>IN</arg>
<arg>IO</arg>
<arg>IQ</arg>
<arg>IR</arg>
<arg>IS</arg>
<arg>IT</arg>
<arg>JE</arg>
<arg>JM</arg>
<arg>JO</arg>
<arg>JP</arg>
<arg>KE</arg>
<arg>KG</arg>
<arg>KH</arg>
<arg>KI</arg>
<arg>KM</arg>
<arg>KN</arg>
<arg>KP</arg>
<arg>KR</arg>
<arg>KW</arg>
<arg>KY</arg>
<arg>KZ</arg>
<arg>LA</arg>
<arg>LB</arg>
<arg>LC</arg>
<arg>LI</arg>
<arg>LK</arg>
<arg>LR</arg>
<arg>LS</arg>
<arg>LT</arg>
<arg>LU</arg>
<arg>LV</arg>
<arg>LY</arg>
<arg>MA</arg>
<arg>MC</arg>
<arg>MD</arg>
<arg>ME</arg>
<arg>MF</arg>
<arg>MG</arg>
<arg>MH</arg>
<arg>MK</arg>
<arg>ML</arg>
<arg>MM</arg>
<arg>MN</arg>
<arg>MO</arg>
<arg>MP</arg>
<arg>MQ</arg>
<arg>MR</arg>
<arg>MS</arg>
<arg>MT</arg>
<arg>MU</arg>
<arg>MV</arg>
<arg>MW</arg>
<arg>MX</arg>
<arg>MY</arg>
<arg>MZ</arg>
<arg>NA</arg>
<arg>NC</arg>
<arg>NE</arg>
<arg>NF</arg>
<arg>NG</arg>
<arg>NI</arg>
<arg>NL</arg>
<arg>NO</arg>
<arg>NP</arg>
<arg>NR</arg>
<arg>NU</arg>
<arg>NZ</arg>
<arg>OM</arg>
<arg>PA</arg>
<arg>PE</arg>
<arg>PF</arg>
<arg>PG</arg>
<arg>PH</arg>
<arg>PK</arg>
<arg>PL</arg>
<arg>PM</arg>
<arg>PN</arg>
<arg>PR</arg>
<arg>PS</arg>
<arg>PT</arg>
<arg>PW</arg>
<arg>PY</arg>
<arg>QA</arg>
<arg>RE</arg>
<arg>RO</arg>
<arg>RS</arg>
<arg>RU</arg>
<arg>RW</arg>
<arg>SA</arg>
<arg>SB</arg>
<arg>SC</arg>
<arg>SD</arg>
<arg>SE</arg>
<arg>SG</arg>
<arg>SH</arg>
<arg>SI</arg>
<arg>SJ</arg>
<arg>SK</arg>
<arg>SL</arg>
<arg>SM</arg>
<arg>SN</arg>
<arg>SO</arg>
<arg>SR</arg>
<arg>SS</arg>
<arg>ST</arg>
<arg>SV</arg>
<arg>SX</arg>
<arg>SY</arg>
<arg>SZ</arg>
<arg>TC</arg>
<arg>TD</arg>
<arg>TF</arg>
<arg>TG</arg>
<arg>TH</arg>
<arg>TJ</arg>
<arg>TK</arg>
<arg>TL</arg>
<arg>TM</arg>
<arg>TN</arg>
<arg>TO</arg>
<arg>TR</arg>
<arg>TT</arg>
<arg>TV</arg>
<arg>TW</arg>
<arg>TZ</arg>
<arg>UA</arg>
<arg>UG</arg>
<arg>UM</arg>
<arg>US</arg>
<arg>UY</arg>
<arg>UZ</arg>
<arg>VA</arg>
<arg>VC</arg>
<arg>VE</arg>
<arg>VG</arg>
<arg>VI</arg>
<arg>VN</arg>
<arg>VU</arg>
<arg>WF</arg>
<arg>WS</arg>
<arg>XK</arg>
<arg>YE</arg>
<arg>YT</arg>
<arg>ZA</arg>
<arg>ZM</arg>
<arg>ZW</arg>
<doc>Returns a list containing given items.</doc>
<status status="PASS" start="2024-07-09T17:14:43.394841" elapsed="0.001241"/>
</kw>
<kw name="List Should Contain Value" owner="Collections">
<arg>${list_country}</arg>
<arg>${name_country}</arg>
<doc>Fails if the ``value`` is not found from ``list``.</doc>
<status status="PASS" start="2024-07-09T17:14:43.397560" elapsed="0.000370"/>
</kw>
<kw name="Run Keyword If" owner="BuiltIn">
<kw name="Should Be True" owner="BuiltIn">
<arg>${True}</arg>
<doc>Fails if the given condition is not true.</doc>
<status status="PASS" start="2024-07-09T17:14:43.399552" elapsed="0.000234"/>
</kw>
<arg>${json_data["results"][0]["location"]["coordinates"]["latitude"]} &gt;= -90 and ${json_data["results"][0]["location"]["coordinates"]["latitude"]} &lt;= 90</arg>
<arg>Should Be True</arg>
<arg>${True}</arg>
<doc>Runs the given keyword with the given arguments, if ``condition`` is true.</doc>
<status status="PASS" start="2024-07-09T17:14:43.398265" elapsed="0.001757"/>
</kw>
<kw name="Run Keyword If" owner="BuiltIn">
<kw name="Should Be True" owner="BuiltIn">
<arg>${True}</arg>
<doc>Fails if the given condition is not true.</doc>
<status status="PASS" start="2024-07-09T17:14:43.401444" elapsed="0.000342"/>
</kw>
<arg>${json_data["results"][0]["location"]["coordinates"]["longitude"]} &gt;= -180 and ${json_data["results"][0]["location"]["coordinates"]["longitude"]} &lt;= 180</arg>
<arg>Should Be True</arg>
<arg>${True}</arg>
<doc>Runs the given keyword with the given arguments, if ``condition`` is true.</doc>
<status status="PASS" start="2024-07-09T17:14:43.400330" elapsed="0.001717"/>
</kw>
<status status="PASS" start="2024-07-09T17:14:43.302211" elapsed="0.100089"/>
</kw>
<doc>Testa o conteúdo específico dos campos retornados pela API.</doc>
<tag>testeConteudo</tag>
<status status="PASS" start="2024-07-09T17:14:43.301671" elapsed="0.100877"/>
</test>
<status status="PASS" start="2024-07-09T17:14:42.471597" elapsed="0.933010"/>
</suite>
<status status="PASS" start="2024-07-09T17:14:42.456530" elapsed="0.953098"/>
</suite>
<statistics>
<total>
<stat pass="5" fail="0" skip="0">All Tests</stat>
</total>
<tag>
<stat pass="1" fail="0" skip="0">testeConteudo</stat>
<stat pass="1" fail="0" skip="0">testeEstruturaResposta</stat>
<stat pass="1" fail="0" skip="0">testeRequisicaoBasica</stat>
<stat pass="1" fail="0" skip="0">testeTiposDados</stat>
</tag>
<suite>
<stat pass="5" fail="0" skip="0" id="s1" name="Tests">Tests</stat>
<stat pass="5" fail="0" skip="0" id="s1-s1" name="Random-User-Test">Tests.Random-User-Test</stat>
</suite>
</statistics>
<errors>
</errors>
</robot>
