<?xml version="1.0" encoding="UTF-8"?>
<robot generator="Robot 7.0.1 (Python 3.12.4 on linux)" generated="2024-07-14T22:14:42.166054" rpa="false" schemaversion="5">
<suite id="s1" name="Tests" source="/home/runner/work/ApiRandomUser/ApiRandomUser/RamdonUser/tests">
<suite id="s1-s1" name="Random-User-Test" source="/home/runner/work/ApiRandomUser/ApiRandomUser/RamdonUser/tests/random-user-test.robot">
<test id="s1-s1-t1" name="Conectar" line="13">
<kw name="Conectar API" owner="random-user-service">
<kw name="Create Session" owner="RequestsLibrary">
<msg time="2024-07-14T22:14:42.563845" level="INFO">Creating Session using : alias=consultarAPI, url=https://randomuser.me/, headers={},                     cookies={}, auth=None, timeout=None, proxies=None, verify=False,                     debug=0 </msg>
<arg>consultarAPI</arg>
<arg>${URL}</arg>
<doc>Create Session: create a HTTP session to a server</doc>
<status status="PASS" start="2024-07-14T22:14:42.563639" elapsed="0.000387"/>
</kw>
<status status="PASS" start="2024-07-14T22:14:42.562611" elapsed="0.001777"/>
</kw>
<status status="PASS" start="2024-07-14T22:14:42.562053" elapsed="0.002528"/>
</test>
<test id="s1-s1-t2" name="Validar retorno 200 e JSON Válido" line="16">
<kw name="Teste de Requisicao Basica" owner="random-user-service">
<kw name="GET On Session" owner="RequestsLibrary">
<msg time="2024-07-14T22:14:42.804030" level="INFO">GET Request : url=https://randomuser.me/api 
 path_url=/api 
 headers={'User-Agent': 'python-requests/2.32.3', 'Accept-Encoding': 'gzip, deflate', 'Accept': '*/*', 'Connection': 'keep-alive'} 
 body=None 
 </msg>
<msg time="2024-07-14T22:14:42.804186" level="INFO">GET Response : url=https://randomuser.me/api 
 status=200, reason=OK 
 headers={'Date': 'Sun, 14 Jul 2024 22:14:42 GMT', 'Content-Type': 'application/json; charset=utf-8', 'Transfer-Encoding': 'chunked', 'Connection': 'keep-alive', 'X-Powered-By': 'Express', 'Access-Control-Allow-Origin': '*', 'Cache-Control': 'no-cache', 'ETag': 'W/"4a4-UKvph86VeOr3glTp8oQ6KjK1oTw"', 'Vary': 'Accept-Encoding', 'Content-Encoding': 'gzip', 'CF-Cache-Status': 'DYNAMIC', 'Report-To': '{"endpoints":[{"url":"https:\\/\\/a.nel.cloudflare.com\\/report\\/v4?s=Z%2FD5zfQSVXmSt21MkS9aG93LoT4OYY6qs3mSr1osvBUa89YuJRVyugp%2FddLNbBkZWqtpPLYjCfqCIMBntKLjZ3V5%2FBcexGDnJBy0lk%2FGvMe4nLBZgfg21DgYWGG3%2FShH"}],"group":"cf-nel","max_age":604800}', 'NEL': '{"success_fraction":0,"report_to":"cf-nel","max_age":604800}', 'Server': 'cloudflare', 'CF-RAY': '8a34de0538352bdb-ORD', 'alt-svc': 'h3=":443"; ma=86400'} 
 body={"results":[{"gender":"female","name":{"title":"Ms","first":"Janet","last":"Hoffman"},"location":{"street":{"number":5438,"name":"Stanley Road"},"city":"Durham","state":"Somerset","country":"United Kingdom","postcode":"RL23 3EH","coordinates":{"latitude":"-9.1670","longitude":"36.8222"},"timezone":{"offset":"-5:00","description":"Eastern Time (US &amp; Canada), Bogota, Lima"}},"email":"janet.hoffman@example.com","login":{"uuid":"76c48c4c-e23b-4a94-b3ab-66a1cce13ffc","username":"redgorilla481","password":"nympho","salt":"hlTPJsno","md5":"f4fd0ea3ca89887220af3451cba93939","sha1":"eaf22472611cd266492add3852a4d3517d7b3c23","sha256":"26df1f3148b3edb003345dda965351dcfbae98b90646790eb4a95780cd09d478"},"dob":{"date":"1982-12-14T12:49:49.774Z","age":41},"registered":{"date":"2004-01-29T01:25:49.303Z","age":20},"phone":"015242 01668","cell":"07492 075351","id":{"name":"NINO","value":"EP 67 35 51 E"},"picture":{"large":"https://randomuser.me/api/portraits/women/76.jpg","medium":"https://randomuser.me/api/portraits/med/women/76.jpg","thumbnail":"https://randomuser.me/api/portraits/thumb/women/76.jpg"},"nat":"GB"}],"info":{"seed":"580ff643430a7983","results":1,"page":1,"version":"1.4"}} 
 </msg>
<msg time="2024-07-14T22:14:42.804274" level="INFO">/opt/hostedtoolcache/Python/3.12.4/x64/lib/python3.12/site-packages/urllib3/connectionpool.py:1099: InsecureRequestWarning: Unverified HTTPS request is being made to host 'randomuser.me'. Adding certificate verification is strongly advised. See: https://urllib3.readthedocs.io/en/latest/advanced-usage.html#tls-warnings
  warnings.warn(</msg>
<msg time="2024-07-14T22:14:42.804415" level="INFO">${response} = &lt;Response [200]&gt;</msg>
<var>${response}</var>
<arg>consultarAPI</arg>
<arg>/api</arg>
<doc>Sends a GET request on a previously created HTTP Session.</doc>
<status status="PASS" start="2024-07-14T22:14:42.567186" elapsed="0.237272"/>
</kw>
<kw name="Should Be Equal As Numbers" owner="BuiltIn">
<msg time="2024-07-14T22:14:42.805645" level="INFO">Argument types are:
&lt;class 'int'&gt;
&lt;class 'str'&gt;</msg>
<arg>${response.status_code}</arg>
<arg>200</arg>
<doc>Fails if objects are unequal after converting them to real numbers.</doc>
<status status="PASS" start="2024-07-14T22:14:42.805141" elapsed="0.000573"/>
</kw>
<kw name="Log" owner="BuiltIn">
<msg time="2024-07-14T22:14:42.806401" level="INFO">200</msg>
<arg>${response.status_code}</arg>
<doc>Logs the given message with the given level.</doc>
<status status="PASS" start="2024-07-14T22:14:42.806053" elapsed="0.000392"/>
</kw>
<kw name="Set Variable" owner="BuiltIn">
<msg time="2024-07-14T22:14:42.807225" level="INFO">${json_data} = {'results': [{'gender': 'female', 'name': {'title': 'Ms', 'first': 'Janet', 'last': 'Hoffman'}, 'location': {'street': {'number': 5438, 'name': 'Stanley Road'}, 'city': 'Durham', 'state': 'Somerset', ...</msg>
<var>${json_data}</var>
<arg>${response.json()}</arg>
<doc>Returns the given values which can then be assigned to a variables.</doc>
<status status="PASS" start="2024-07-14T22:14:42.806760" elapsed="0.000497"/>
</kw>
<kw name="Dictionary Should Contain Key" owner="Collections">
<arg>${json_data}</arg>
<arg>results</arg>
<doc>Fails if ``key`` is not found from ``dictionary``.</doc>
<status status="PASS" start="2024-07-14T22:14:42.807562" elapsed="0.000166"/>
</kw>
<status status="PASS" start="2024-07-14T22:14:42.566909" elapsed="0.240981"/>
</kw>
<doc>Testa se a API responde corretamente e retorna um objeto JSON válido.</doc>
<tag>testeRequisicaoBasica</tag>
<status status="PASS" start="2024-07-14T22:14:42.566454" elapsed="0.241621"/>
</test>
<test id="s1-s1-t3" name="Validar estrutura de resposta" line="22">
<kw name="Teste de Estrutura de Resposta" owner="random-user-service">
<kw name="GET On Session" owner="RequestsLibrary">
<msg time="2024-07-14T22:14:42.918728" level="INFO">GET Request : url=https://randomuser.me/api 
 path_url=/api 
 headers={'User-Agent': 'python-requests/2.32.3', 'Accept-Encoding': 'gzip, deflate', 'Accept': '*/*', 'Connection': 'keep-alive'} 
 body=None 
 </msg>
<msg time="2024-07-14T22:14:42.918848" level="INFO">GET Response : url=https://randomuser.me/api 
 status=200, reason=OK 
 headers={'Date': 'Sun, 14 Jul 2024 22:14:42 GMT', 'Content-Type': 'application/json; charset=utf-8', 'Transfer-Encoding': 'chunked', 'Connection': 'keep-alive', 'X-Powered-By': 'Express', 'Access-Control-Allow-Origin': '*', 'Cache-Control': 'no-cache', 'ETag': 'W/"490-88VtQHzd6PDx0P+nuU62PMKRqZ0"', 'Vary': 'Accept-Encoding', 'Content-Encoding': 'gzip', 'CF-Cache-Status': 'DYNAMIC', 'Report-To': '{"endpoints":[{"url":"https:\\/\\/a.nel.cloudflare.com\\/report\\/v4?s=f0vLOAI3N6qUcLiNMJu1np7JQTxAbXQyDYjNaSP1kYwrwqS6QkySGiP19OnxHTiAwvuaPbARnAYXcJXliBtpVvg9%2FhjBmN66IHMwfMHVPTPNfbatAkaaQDWX%2BcTxi4yV"}],"group":"cf-nel","max_age":604800}', 'NEL': '{"success_fraction":0,"report_to":"cf-nel","max_age":604800}', 'Server': 'cloudflare', 'CF-RAY': '8a34de0598902bdb-ORD', 'alt-svc': 'h3=":443"; ma=86400'} 
 body={"results":[{"gender":"male","name":{"title":"Mr","first":"Hunter","last":"Johnson"},"location":{"street":{"number":6270,"name":"Frederick Ave"},"city":"Glenwood","state":"Manitoba","country":"Canada","postcode":"N6H 7B8","coordinates":{"latitude":"-72.2690","longitude":"-79.0686"},"timezone":{"offset":"+8:00","description":"Beijing, Perth, Singapore, Hong Kong"}},"email":"hunter.johnson@example.com","login":{"uuid":"66da7632-ce40-44d6-acd2-79ac094155b6","username":"ticklishcat530","password":"rover","salt":"X4sdq1B5","md5":"e01e11e2456b932b8387e8d4d0721f79","sha1":"653caf24ad52769ce86bbca7530f0370949c61a4","sha256":"3be4211734b56eabe2068b19f70bc3db5afcb5d740bd6920c25b134b6a643225"},"dob":{"date":"1979-07-14T01:52:28.154Z","age":45},"registered":{"date":"2015-01-04T11:49:03.972Z","age":9},"phone":"A62 C33-7465","cell":"N50 J30-8042","id":{"name":"SIN","value":"251991832"},"picture":{"large":"https://randomuser.me/api/portraits/men/77.jpg","medium":"https://randomuser.me/api/portraits/med/men/77.jpg","thumbnail":"https://randomuser.me/api/portraits/thumb/men/77.jpg"},"nat":"CA"}],"info":{"seed":"d79799f5756840a2","results":1,"page":1,"version":"1.4"}} 
 </msg>
<msg time="2024-07-14T22:14:42.919004" level="INFO">/opt/hostedtoolcache/Python/3.12.4/x64/lib/python3.12/site-packages/urllib3/connectionpool.py:1099: InsecureRequestWarning: Unverified HTTPS request is being made to host 'randomuser.me'. Adding certificate verification is strongly advised. See: https://urllib3.readthedocs.io/en/latest/advanced-usage.html#tls-warnings
  warnings.warn(</msg>
<msg time="2024-07-14T22:14:42.919205" level="INFO">${response} = &lt;Response [200]&gt;</msg>
<var>${response}</var>
<arg>consultarAPI</arg>
<arg>/api</arg>
<doc>Sends a GET request on a previously created HTTP Session.</doc>
<status status="PASS" start="2024-07-14T22:14:42.811049" elapsed="0.108199"/>
</kw>
<kw name="Set Variable" owner="BuiltIn">
<msg time="2024-07-14T22:14:42.920450" level="INFO">${json_data} = {'results': [{'gender': 'male', 'name': {'title': 'Mr', 'first': 'Hunter', 'last': 'Johnson'}, 'location': {'street': {'number': 6270, 'name': 'Frederick Ave'}, 'city': 'Glenwood', 'state': 'Manitoba'...</msg>
<var>${json_data}</var>
<arg>${response.json()}</arg>
<doc>Returns the given values which can then be assigned to a variables.</doc>
<status status="PASS" start="2024-07-14T22:14:42.919884" elapsed="0.000596"/>
</kw>
<kw name="Log" owner="BuiltIn">
<msg time="2024-07-14T22:14:42.920976" level="INFO">{'results': [{'gender': 'male', 'name': {'title': 'Mr', 'first': 'Hunter', 'last': 'Johnson'}, 'location': {'street': {'number': 6270, 'name': 'Frederick Ave'}, 'city': 'Glenwood', 'state': 'Manitoba', 'country': 'Canada', 'postcode': 'N6H 7B8', 'coordinates': {'latitude': '-72.2690', 'longitude': '-79.0686'}, 'timezone': {'offset': '+8:00', 'description': 'Beijing, Perth, Singapore, Hong Kong'}}, 'email': 'hunter.johnson@example.com', 'login': {'uuid': '66da7632-ce40-44d6-acd2-79ac094155b6', 'username': 'ticklishcat530', 'password': 'rover', 'salt': 'X4sdq1B5', 'md5': 'e01e11e2456b932b8387e8d4d0721f79', 'sha1': '653caf24ad52769ce86bbca7530f0370949c61a4', 'sha256': '3be4211734b56eabe2068b19f70bc3db5afcb5d740bd6920c25b134b6a643225'}, 'dob': {'date': '1979-07-14T01:52:28.154Z', 'age': 45}, 'registered': {'date': '2015-01-04T11:49:03.972Z', 'age': 9}, 'phone': 'A62 C33-7465', 'cell': 'N50 J30-8042', 'id': {'name': 'SIN', 'value': '251991832'}, 'picture': {'large': 'https://randomuser.me/api/portraits/men/77.jpg', 'medium': 'https://randomuser.me/api/portraits/med/men/77.jpg', 'thumbnail': 'https://randomuser.me/api/portraits/thumb/men/77.jpg'}, 'nat': 'CA'}], 'info': {'seed': 'd79799f5756840a2', 'results': 1, 'page': 1, 'version': '1.4'}}</msg>
<arg>${json_data}</arg>
<doc>Logs the given message with the given level.</doc>
<status status="PASS" start="2024-07-14T22:14:42.920812" elapsed="0.000216"/>
</kw>
<kw name="Dictionary Should Contain Key" owner="Collections">
<arg>${json_data}</arg>
<arg>results</arg>
<doc>Fails if ``key`` is not found from ``dictionary``.</doc>
<status status="PASS" start="2024-07-14T22:14:42.921330" elapsed="0.000163"/>
</kw>
<kw name="Should Not Be Empty" owner="BuiltIn">
<msg time="2024-07-14T22:14:42.921824" level="INFO">Length is 2.</msg>
<arg>${json_data}</arg>
<doc>Verifies that the given item is not empty.</doc>
<status status="PASS" start="2024-07-14T22:14:42.921684" elapsed="0.000179"/>
</kw>
<kw name="Create List" owner="BuiltIn">
<msg time="2024-07-14T22:14:42.922478" level="INFO">${expected_keys} = ['gender', 'name', 'location', 'email', 'login']</msg>
<var>${expected_keys}</var>
<arg>gender</arg>
<arg>name</arg>
<arg>location</arg>
<arg>email</arg>
<arg>login</arg>
<doc>Returns a list containing given items.</doc>
<status status="PASS" start="2024-07-14T22:14:42.922158" elapsed="0.000345"/>
</kw>
<for flavor="IN">
<iter>
<kw name="Dictionary Should Contain Key" owner="Collections">
<arg>${json_data['results'][0]}</arg>
<arg>${key}</arg>
<doc>Fails if ``key`` is not found from ``dictionary``.</doc>
<status status="PASS" start="2024-07-14T22:14:42.923144" elapsed="0.000435"/>
</kw>
<kw name="Log" owner="BuiltIn">
<msg time="2024-07-14T22:14:42.924140" level="INFO">{'gender': 'male', 'name': {'title': 'Mr', 'first': 'Hunter', 'last': 'Johnson'}, 'location': {'street': {'number': 6270, 'name': 'Frederick Ave'}, 'city': 'Glenwood', 'state': 'Manitoba', 'country': 'Canada', 'postcode': 'N6H 7B8', 'coordinates': {'latitude': '-72.2690', 'longitude': '-79.0686'}, 'timezone': {'offset': '+8:00', 'description': 'Beijing, Perth, Singapore, Hong Kong'}}, 'email': 'hunter.johnson@example.com', 'login': {'uuid': '66da7632-ce40-44d6-acd2-79ac094155b6', 'username': 'ticklishcat530', 'password': 'rover', 'salt': 'X4sdq1B5', 'md5': 'e01e11e2456b932b8387e8d4d0721f79', 'sha1': '653caf24ad52769ce86bbca7530f0370949c61a4', 'sha256': '3be4211734b56eabe2068b19f70bc3db5afcb5d740bd6920c25b134b6a643225'}, 'dob': {'date': '1979-07-14T01:52:28.154Z', 'age': 45}, 'registered': {'date': '2015-01-04T11:49:03.972Z', 'age': 9}, 'phone': 'A62 C33-7465', 'cell': 'N50 J30-8042', 'id': {'name': 'SIN', 'value': '251991832'}, 'picture': {'large': 'https://randomuser.me/api/portraits/men/77.jpg', 'medium': 'https://randomuser.me/api/portraits/med/men/77.jpg', 'thumbnail': 'https://randomuser.me/api/portraits/thumb/men/77.jpg'}, 'nat': 'CA'}</msg>
<arg>${json_data['results'][0]}</arg>
<doc>Logs the given message with the given level.</doc>
<status status="PASS" start="2024-07-14T22:14:42.923770" elapsed="0.000420"/>
</kw>
<kw name="Log" owner="BuiltIn">
<msg time="2024-07-14T22:14:42.924627" level="INFO">gender</msg>
<arg>${key}</arg>
<doc>Logs the given message with the given level.</doc>
<status status="PASS" start="2024-07-14T22:14:42.924497" elapsed="0.000169"/>
</kw>
<var name="${key}">gender</var>
<status status="PASS" start="2024-07-14T22:14:42.922975" elapsed="0.001911"/>
</iter>
<iter>
<kw name="Dictionary Should Contain Key" owner="Collections">
<arg>${json_data['results'][0]}</arg>
<arg>${key}</arg>
<doc>Fails if ``key`` is not found from ``dictionary``.</doc>
<status status="PASS" start="2024-07-14T22:14:42.925194" elapsed="0.000391"/>
</kw>
<kw name="Log" owner="BuiltIn">
<msg time="2024-07-14T22:14:42.926126" level="INFO">{'gender': 'male', 'name': {'title': 'Mr', 'first': 'Hunter', 'last': 'Johnson'}, 'location': {'street': {'number': 6270, 'name': 'Frederick Ave'}, 'city': 'Glenwood', 'state': 'Manitoba', 'country': 'Canada', 'postcode': 'N6H 7B8', 'coordinates': {'latitude': '-72.2690', 'longitude': '-79.0686'}, 'timezone': {'offset': '+8:00', 'description': 'Beijing, Perth, Singapore, Hong Kong'}}, 'email': 'hunter.johnson@example.com', 'login': {'uuid': '66da7632-ce40-44d6-acd2-79ac094155b6', 'username': 'ticklishcat530', 'password': 'rover', 'salt': 'X4sdq1B5', 'md5': 'e01e11e2456b932b8387e8d4d0721f79', 'sha1': '653caf24ad52769ce86bbca7530f0370949c61a4', 'sha256': '3be4211734b56eabe2068b19f70bc3db5afcb5d740bd6920c25b134b6a643225'}, 'dob': {'date': '1979-07-14T01:52:28.154Z', 'age': 45}, 'registered': {'date': '2015-01-04T11:49:03.972Z', 'age': 9}, 'phone': 'A62 C33-7465', 'cell': 'N50 J30-8042', 'id': {'name': 'SIN', 'value': '251991832'}, 'picture': {'large': 'https://randomuser.me/api/portraits/men/77.jpg', 'medium': 'https://randomuser.me/api/portraits/med/men/77.jpg', 'thumbnail': 'https://randomuser.me/api/portraits/thumb/men/77.jpg'}, 'nat': 'CA'}</msg>
<arg>${json_data['results'][0]}</arg>
<doc>Logs the given message with the given level.</doc>
<status status="PASS" start="2024-07-14T22:14:42.925775" elapsed="0.000434"/>
</kw>
<kw name="Log" owner="BuiltIn">
<msg time="2024-07-14T22:14:42.926642" level="INFO">name</msg>
<arg>${key}</arg>
<doc>Logs the given message with the given level.</doc>
<status status="PASS" start="2024-07-14T22:14:42.926514" elapsed="0.000165"/>
</kw>
<var name="${key}">name</var>
<status status="PASS" start="2024-07-14T22:14:42.925079" elapsed="0.001821"/>
</iter>
<iter>
<kw name="Dictionary Should Contain Key" owner="Collections">
<arg>${json_data['results'][0]}</arg>
<arg>${key}</arg>
<doc>Fails if ``key`` is not found from ``dictionary``.</doc>
<status status="PASS" start="2024-07-14T22:14:42.927225" elapsed="0.000391"/>
</kw>
<kw name="Log" owner="BuiltIn">
<msg time="2024-07-14T22:14:42.928152" level="INFO">{'gender': 'male', 'name': {'title': 'Mr', 'first': 'Hunter', 'last': 'Johnson'}, 'location': {'street': {'number': 6270, 'name': 'Frederick Ave'}, 'city': 'Glenwood', 'state': 'Manitoba', 'country': 'Canada', 'postcode': 'N6H 7B8', 'coordinates': {'latitude': '-72.2690', 'longitude': '-79.0686'}, 'timezone': {'offset': '+8:00', 'description': 'Beijing, Perth, Singapore, Hong Kong'}}, 'email': 'hunter.johnson@example.com', 'login': {'uuid': '66da7632-ce40-44d6-acd2-79ac094155b6', 'username': 'ticklishcat530', 'password': 'rover', 'salt': 'X4sdq1B5', 'md5': 'e01e11e2456b932b8387e8d4d0721f79', 'sha1': '653caf24ad52769ce86bbca7530f0370949c61a4', 'sha256': '3be4211734b56eabe2068b19f70bc3db5afcb5d740bd6920c25b134b6a643225'}, 'dob': {'date': '1979-07-14T01:52:28.154Z', 'age': 45}, 'registered': {'date': '2015-01-04T11:49:03.972Z', 'age': 9}, 'phone': 'A62 C33-7465', 'cell': 'N50 J30-8042', 'id': {'name': 'SIN', 'value': '251991832'}, 'picture': {'large': 'https://randomuser.me/api/portraits/men/77.jpg', 'medium': 'https://randomuser.me/api/portraits/med/men/77.jpg', 'thumbnail': 'https://randomuser.me/api/portraits/thumb/men/77.jpg'}, 'nat': 'CA'}</msg>
<arg>${json_data['results'][0]}</arg>
<doc>Logs the given message with the given level.</doc>
<status status="PASS" start="2024-07-14T22:14:42.927801" elapsed="0.000400"/>
</kw>
<kw name="Log" owner="BuiltIn">
<msg time="2024-07-14T22:14:42.928629" level="INFO">location</msg>
<arg>${key}</arg>
<doc>Logs the given message with the given level.</doc>
<status status="PASS" start="2024-07-14T22:14:42.928500" elapsed="0.000166"/>
</kw>
<var name="${key}">location</var>
<status status="PASS" start="2024-07-14T22:14:42.927110" elapsed="0.001772"/>
</iter>
<iter>
<kw name="Dictionary Should Contain Key" owner="Collections">
<arg>${json_data['results'][0]}</arg>
<arg>${key}</arg>
<doc>Fails if ``key`` is not found from ``dictionary``.</doc>
<status status="PASS" start="2024-07-14T22:14:42.929161" elapsed="0.000391"/>
</kw>
<kw name="Log" owner="BuiltIn">
<msg time="2024-07-14T22:14:42.930100" level="INFO">{'gender': 'male', 'name': {'title': 'Mr', 'first': 'Hunter', 'last': 'Johnson'}, 'location': {'street': {'number': 6270, 'name': 'Frederick Ave'}, 'city': 'Glenwood', 'state': 'Manitoba', 'country': 'Canada', 'postcode': 'N6H 7B8', 'coordinates': {'latitude': '-72.2690', 'longitude': '-79.0686'}, 'timezone': {'offset': '+8:00', 'description': 'Beijing, Perth, Singapore, Hong Kong'}}, 'email': 'hunter.johnson@example.com', 'login': {'uuid': '66da7632-ce40-44d6-acd2-79ac094155b6', 'username': 'ticklishcat530', 'password': 'rover', 'salt': 'X4sdq1B5', 'md5': 'e01e11e2456b932b8387e8d4d0721f79', 'sha1': '653caf24ad52769ce86bbca7530f0370949c61a4', 'sha256': '3be4211734b56eabe2068b19f70bc3db5afcb5d740bd6920c25b134b6a643225'}, 'dob': {'date': '1979-07-14T01:52:28.154Z', 'age': 45}, 'registered': {'date': '2015-01-04T11:49:03.972Z', 'age': 9}, 'phone': 'A62 C33-7465', 'cell': 'N50 J30-8042', 'id': {'name': 'SIN', 'value': '251991832'}, 'picture': {'large': 'https://randomuser.me/api/portraits/men/77.jpg', 'medium': 'https://randomuser.me/api/portraits/med/men/77.jpg', 'thumbnail': 'https://randomuser.me/api/portraits/thumb/men/77.jpg'}, 'nat': 'CA'}</msg>
<arg>${json_data['results'][0]}</arg>
<doc>Logs the given message with the given level.</doc>
<status status="PASS" start="2024-07-14T22:14:42.929748" elapsed="0.000402"/>
</kw>
<kw name="Log" owner="BuiltIn">
<msg time="2024-07-14T22:14:42.930578" level="INFO">email</msg>
<arg>${key}</arg>
<doc>Logs the given message with the given level.</doc>
<status status="PASS" start="2024-07-14T22:14:42.930445" elapsed="0.000178"/>
</kw>
<var name="${key}">email</var>
<status status="PASS" start="2024-07-14T22:14:42.929054" elapsed="0.001790"/>
</iter>
<iter>
<kw name="Dictionary Should Contain Key" owner="Collections">
<arg>${json_data['results'][0]}</arg>
<arg>${key}</arg>
<doc>Fails if ``key`` is not found from ``dictionary``.</doc>
<status status="PASS" start="2024-07-14T22:14:42.931163" elapsed="0.000404"/>
</kw>
<kw name="Log" owner="BuiltIn">
<msg time="2024-07-14T22:14:42.932179" level="INFO">{'gender': 'male', 'name': {'title': 'Mr', 'first': 'Hunter', 'last': 'Johnson'}, 'location': {'street': {'number': 6270, 'name': 'Frederick Ave'}, 'city': 'Glenwood', 'state': 'Manitoba', 'country': 'Canada', 'postcode': 'N6H 7B8', 'coordinates': {'latitude': '-72.2690', 'longitude': '-79.0686'}, 'timezone': {'offset': '+8:00', 'description': 'Beijing, Perth, Singapore, Hong Kong'}}, 'email': 'hunter.johnson@example.com', 'login': {'uuid': '66da7632-ce40-44d6-acd2-79ac094155b6', 'username': 'ticklishcat530', 'password': 'rover', 'salt': 'X4sdq1B5', 'md5': 'e01e11e2456b932b8387e8d4d0721f79', 'sha1': '653caf24ad52769ce86bbca7530f0370949c61a4', 'sha256': '3be4211734b56eabe2068b19f70bc3db5afcb5d740bd6920c25b134b6a643225'}, 'dob': {'date': '1979-07-14T01:52:28.154Z', 'age': 45}, 'registered': {'date': '2015-01-04T11:49:03.972Z', 'age': 9}, 'phone': 'A62 C33-7465', 'cell': 'N50 J30-8042', 'id': {'name': 'SIN', 'value': '251991832'}, 'picture': {'large': 'https://randomuser.me/api/portraits/men/77.jpg', 'medium': 'https://randomuser.me/api/portraits/med/men/77.jpg', 'thumbnail': 'https://randomuser.me/api/portraits/thumb/men/77.jpg'}, 'nat': 'CA'}</msg>
<arg>${json_data['results'][0]}</arg>
<doc>Logs the given message with the given level.</doc>
<status status="PASS" start="2024-07-14T22:14:42.931752" elapsed="0.000506"/>
</kw>
<kw name="Log" owner="BuiltIn">
<msg time="2024-07-14T22:14:42.932849" level="INFO">login</msg>
<arg>${key}</arg>
<doc>Logs the given message with the given level.</doc>
<status status="PASS" start="2024-07-14T22:14:42.932663" elapsed="0.000241"/>
</kw>
<var name="${key}">login</var>
<status status="PASS" start="2024-07-14T22:14:42.931019" elapsed="0.002187"/>
</iter>
<var>${key}</var>
<value>@{expected_keys}</value>
<status status="PASS" start="2024-07-14T22:14:42.922772" elapsed="0.010623"/>
</for>
<kw name="Create List" owner="BuiltIn">
<msg time="2024-07-14T22:14:42.933805" level="INFO">${expected_keysTwo} = ['username', 'password']</msg>
<var>${expected_keysTwo}</var>
<arg>username</arg>
<arg>password</arg>
<doc>Returns a list containing given items.</doc>
<status status="PASS" start="2024-07-14T22:14:42.933653" elapsed="0.000208"/>
</kw>
<for flavor="IN">
<iter>
<kw name="Dictionary Should Contain Key" owner="Collections">
<arg>${json_data['results'][0]['login']}</arg>
<arg>${keyTwo}</arg>
<doc>Fails if ``key`` is not found from ``dictionary``.</doc>
<status status="PASS" start="2024-07-14T22:14:42.934386" elapsed="0.000398"/>
</kw>
<kw name="Dictionary Should Contain Key" owner="Collections">
<arg>${json_data['results'][0]['login']}</arg>
<arg>${keyTwo}</arg>
<doc>Fails if ``key`` is not found from ``dictionary``.</doc>
<status status="PASS" start="2024-07-14T22:14:42.934969" elapsed="0.000417"/>
</kw>
<kw name="Log" owner="BuiltIn">
<msg time="2024-07-14T22:14:42.935700" level="INFO">username</msg>
<arg>${keyTwo}</arg>
<doc>Logs the given message with the given level.</doc>
<status status="PASS" start="2024-07-14T22:14:42.935576" elapsed="0.000163"/>
</kw>
<var name="${keyTwo}">username</var>
<status status="PASS" start="2024-07-14T22:14:42.934277" elapsed="0.001688"/>
</iter>
<iter>
<kw name="Dictionary Should Contain Key" owner="Collections">
<arg>${json_data['results'][0]['login']}</arg>
<arg>${keyTwo}</arg>
<doc>Fails if ``key`` is not found from ``dictionary``.</doc>
<status status="PASS" start="2024-07-14T22:14:42.936245" elapsed="0.000391"/>
</kw>
<kw name="Dictionary Should Contain Key" owner="Collections">
<arg>${json_data['results'][0]['login']}</arg>
<arg>${keyTwo}</arg>
<doc>Fails if ``key`` is not found from ``dictionary``.</doc>
<status status="PASS" start="2024-07-14T22:14:42.936818" elapsed="0.000374"/>
</kw>
<kw name="Log" owner="BuiltIn">
<msg time="2024-07-14T22:14:42.937493" level="INFO">password</msg>
<arg>${keyTwo}</arg>
<doc>Logs the given message with the given level.</doc>
<status status="PASS" start="2024-07-14T22:14:42.937373" elapsed="0.000162"/>
</kw>
<var name="${keyTwo}">password</var>
<status status="PASS" start="2024-07-14T22:14:42.936138" elapsed="0.001720"/>
</iter>
<var>${keyTwo}</var>
<value>@{expected_keysTwo}</value>
<status status="PASS" start="2024-07-14T22:14:42.934118" elapsed="0.003862"/>
</for>
<status status="PASS" start="2024-07-14T22:14:42.810701" elapsed="0.127423"/>
</kw>
<doc>Testa a estrutura da resposta da API.</doc>
<tag>testeEstruturaResposta</tag>
<status status="PASS" start="2024-07-14T22:14:42.809912" elapsed="0.128369"/>
</test>
<test id="s1-s1-t4" name="Validar tipos de dados" line="28">
<kw name="Teste de Tipos de Dados" owner="random-user-service">
<kw name="GET On Session" owner="RequestsLibrary">
<msg time="2024-07-14T22:14:43.009869" level="INFO">GET Request : url=https://randomuser.me/api 
 path_url=/api 
 headers={'User-Agent': 'python-requests/2.32.3', 'Accept-Encoding': 'gzip, deflate', 'Accept': '*/*', 'Connection': 'keep-alive'} 
 body=None 
 </msg>
<msg time="2024-07-14T22:14:43.009984" level="INFO">GET Response : url=https://randomuser.me/api 
 status=200, reason=OK 
 headers={'Date': 'Sun, 14 Jul 2024 22:14:43 GMT', 'Content-Type': 'application/json; charset=utf-8', 'Transfer-Encoding': 'chunked', 'Connection': 'keep-alive', 'X-Powered-By': 'Express', 'Access-Control-Allow-Origin': '*', 'Cache-Control': 'no-cache', 'ETag': 'W/"47d-uo4A6peakjruqsexrTP08kUcu6w"', 'Vary': 'Accept-Encoding', 'Content-Encoding': 'gzip', 'CF-Cache-Status': 'DYNAMIC', 'Report-To': '{"endpoints":[{"url":"https:\\/\\/a.nel.cloudflare.com\\/report\\/v4?s=QTrtyjpaiBAxRSyRrOg3MjZi7Z8KU%2BzXjO12T3xIGdUUxVuZT8aPKCXkajqEwA1lggufj6SfSXMTHtkPqvD5%2FL3%2FzMsTDrNeUR8cIcXHi4lDCb3bV4TMxcJAfSqGhnGA"}],"group":"cf-nel","max_age":604800}', 'NEL': '{"success_fraction":0,"report_to":"cf-nel","max_age":604800}', 'Server': 'cloudflare', 'CF-RAY': '8a34de0669462bdb-ORD', 'alt-svc': 'h3=":443"; ma=86400'} 
 body={"results":[{"gender":"male","name":{"title":"Mr","first":"Noe","last":"Bonnet"},"location":{"street":{"number":4037,"name":"Avenue de l'Abbé-Roussel"},"city":"Angers","state":"Mayenne","country":"France","postcode":28015,"coordinates":{"latitude":"-15.7374","longitude":"-122.8892"},"timezone":{"offset":"+5:45","description":"Kathmandu"}},"email":"noe.bonnet@example.com","login":{"uuid":"c1c600a3-22af-46c6-b6e2-53784c84b3fa","username":"tinydog435","password":"haley","salt":"ljO8zVzn","md5":"80629b3164b13fce2c269f0cda88888c","sha1":"d320fb7fb450c2e29a82758977f42b163e038dc4","sha256":"f6c2b9ba9f6a080ca329b95782e9e6c7aa0a662c68c8479f62a7b798b2444b39"},"dob":{"date":"1958-08-30T19:12:36.077Z","age":65},"registered":{"date":"2011-11-24T17:50:13.333Z","age":12},"phone":"02-85-37-29-61","cell":"06-26-71-43-41","id":{"name":"INSEE","value":"1580761549792 39"},"picture":{"large":"https://randomuser.me/api/portraits/men/54.jpg","medium":"https://randomuser.me/api/portraits/med/men/54.jpg","thumbnail":"https://randomuser.me/api/portraits/thumb/men/54.jpg"},"nat":"FR"}],"info":{"seed":"b36c3c8135730abb","results":1,"page":1,"version":"1.4"}} 
 </msg>
<msg time="2024-07-14T22:14:43.010071" level="INFO">/opt/hostedtoolcache/Python/3.12.4/x64/lib/python3.12/site-packages/urllib3/connectionpool.py:1099: InsecureRequestWarning: Unverified HTTPS request is being made to host 'randomuser.me'. Adding certificate verification is strongly advised. See: https://urllib3.readthedocs.io/en/latest/advanced-usage.html#tls-warnings
  warnings.warn(</msg>
<msg time="2024-07-14T22:14:43.010213" level="INFO">${response} = &lt;Response [200]&gt;</msg>
<var>${response}</var>
<arg>consultarAPI</arg>
<arg>/api</arg>
<doc>Sends a GET request on a previously created HTTP Session.</doc>
<status status="PASS" start="2024-07-14T22:14:42.940820" elapsed="0.069427"/>
</kw>
<kw name="Set Variable" owner="BuiltIn">
<msg time="2024-07-14T22:14:43.011464" level="INFO">${json_data} = {'results': [{'gender': 'male', 'name': {'title': 'Mr', 'first': 'Noe', 'last': 'Bonnet'}, 'location': {'street': {'number': 4037, 'name': "Avenue de l'Abbé-Roussel"}, 'city': 'Angers', 'state': 'Maye...</msg>
<var>${json_data}</var>
<arg>${response.json()}</arg>
<doc>Returns the given values which can then be assigned to a variables.</doc>
<status status="PASS" start="2024-07-14T22:14:43.010838" elapsed="0.000656"/>
</kw>
<kw name="Log" owner="BuiltIn">
<msg time="2024-07-14T22:14:43.011982" level="INFO">{'results': [{'gender': 'male', 'name': {'title': 'Mr', 'first': 'Noe', 'last': 'Bonnet'}, 'location': {'street': {'number': 4037, 'name': "Avenue de l'Abbé-Roussel"}, 'city': 'Angers', 'state': 'Mayenne', 'country': 'France', 'postcode': 28015, 'coordinates': {'latitude': '-15.7374', 'longitude': '-122.8892'}, 'timezone': {'offset': '+5:45', 'description': 'Kathmandu'}}, 'email': 'noe.bonnet@example.com', 'login': {'uuid': 'c1c600a3-22af-46c6-b6e2-53784c84b3fa', 'username': 'tinydog435', 'password': 'haley', 'salt': 'ljO8zVzn', 'md5': '80629b3164b13fce2c269f0cda88888c', 'sha1': 'd320fb7fb450c2e29a82758977f42b163e038dc4', 'sha256': 'f6c2b9ba9f6a080ca329b95782e9e6c7aa0a662c68c8479f62a7b798b2444b39'}, 'dob': {'date': '1958-08-30T19:12:36.077Z', 'age': 65}, 'registered': {'date': '2011-11-24T17:50:13.333Z', 'age': 12}, 'phone': '02-85-37-29-61', 'cell': '06-26-71-43-41', 'id': {'name': 'INSEE', 'value': '1580761549792 39'}, 'picture': {'large': 'https://randomuser.me/api/portraits/men/54.jpg', 'medium': 'https://randomuser.me/api/portraits/med/men/54.jpg', 'thumbnail': 'https://randomuser.me/api/portraits/thumb/men/54.jpg'}, 'nat': 'FR'}], 'info': {'seed': 'b36c3c8135730abb', 'results': 1, 'page': 1, 'version': '1.4'}}</msg>
<arg>${json_data}</arg>
<doc>Logs the given message with the given level.</doc>
<status status="PASS" start="2024-07-14T22:14:43.011816" elapsed="0.000215"/>
</kw>
<kw name="Should Be String" owner="String">
<arg>${json_data['results'][0]['gender']}</arg>
<doc>Fails if the given ``item`` is not a string.</doc>
<status status="PASS" start="2024-07-14T22:14:43.012340" elapsed="0.000372"/>
</kw>
<kw name="Should Match Regexp" owner="BuiltIn">
<arg>${json_data['results'][0]['email']}</arg>
<arg>^[a-zA-Z0-9._%+-]+@[a-zA-Z0-9.-]+\.[a-zA-Z]{2,}$</arg>
<doc>Fails if ``string`` does not match ``pattern`` as a regular expression.</doc>
<status status="PASS" start="2024-07-14T22:14:43.012901" elapsed="0.000520"/>
</kw>
<kw name="Should Match Regexp" owner="BuiltIn">
<arg>${json_data['results'][0]['dob']['date']}</arg>
<arg>\\d{4}-\\d{2}-\\d{2}T\\d{2}:\\d{2}:\\d{2}\\.\\d{3}Z</arg>
<doc>Fails if ``string`` does not match ``pattern`` as a regular expression.</doc>
<status status="PASS" start="2024-07-14T22:14:43.013662" elapsed="0.000490"/>
</kw>
<kw name="Should Match Regexp" owner="BuiltIn">
<arg>${json_data['results'][0]['registered']['date']}</arg>
<arg>\\d{4}-\\d{2}-\\d{2}T\\d{2}:\\d{2}:\\d{2}\\.\\d{3}Z</arg>
<doc>Fails if ``string`` does not match ``pattern`` as a regular expression.</doc>
<status status="PASS" start="2024-07-14T22:14:43.014343" elapsed="0.000372"/>
</kw>
<kw name="Should Match Regexp" owner="BuiltIn">
<arg>${json_data['results'][0]['picture']['large']}</arg>
<arg>^https?://.*\.(?:png|jpe?g|gif|bmp)$</arg>
<doc>Fails if ``string`` does not match ``pattern`` as a regular expression.</doc>
<status status="PASS" start="2024-07-14T22:14:43.014901" elapsed="0.000496"/>
</kw>
<kw name="Should Match Regexp" owner="BuiltIn">
<arg>${json_data['results'][0]['picture']['medium']}</arg>
<arg>^https?://.*\.(?:png|jpe?g|gif|bmp)$</arg>
<doc>Fails if ``string`` does not match ``pattern`` as a regular expression.</doc>
<status status="PASS" start="2024-07-14T22:14:43.015583" elapsed="0.000359"/>
</kw>
<kw name="Should Match Regexp" owner="BuiltIn">
<arg>${json_data['results'][0]['picture']['thumbnail']}</arg>
<arg>^https?://.*\.(?:png|jpe?g|gif|bmp)$</arg>
<doc>Fails if ``string`` does not match ``pattern`` as a regular expression.</doc>
<status status="PASS" start="2024-07-14T22:14:43.016123" elapsed="0.000361"/>
</kw>
<kw name="Log" owner="BuiltIn">
<msg time="2024-07-14T22:14:43.017008" level="INFO">{'large': 'https://randomuser.me/api/portraits/men/54.jpg', 'medium': 'https://randomuser.me/api/portraits/med/men/54.jpg', 'thumbnail': 'https://randomuser.me/api/portraits/thumb/men/54.jpg'}</msg>
<arg>${json_data['results'][0]['picture']}</arg>
<doc>Logs the given message with the given level.</doc>
<status status="PASS" start="2024-07-14T22:14:43.016669" elapsed="0.000384"/>
</kw>
<status status="PASS" start="2024-07-14T22:14:42.940587" elapsed="0.076746"/>
</kw>
<kw name="Teste de Tipos de Dados - Postcode" owner="random-user-service">
<kw name="GET On Session" owner="RequestsLibrary">
<msg time="2024-07-14T22:14:43.105216" level="INFO">GET Request : url=https://randomuser.me/api 
 path_url=/api 
 headers={'User-Agent': 'python-requests/2.32.3', 'Accept-Encoding': 'gzip, deflate', 'Accept': '*/*', 'Connection': 'keep-alive'} 
 body=None 
 </msg>
<msg time="2024-07-14T22:14:43.105328" level="INFO">GET Response : url=https://randomuser.me/api 
 status=200, reason=OK 
 headers={'Date': 'Sun, 14 Jul 2024 22:14:43 GMT', 'Content-Type': 'application/json; charset=utf-8', 'Transfer-Encoding': 'chunked', 'Connection': 'keep-alive', 'X-Powered-By': 'Express', 'Access-Control-Allow-Origin': '*', 'Cache-Control': 'no-cache', 'ETag': 'W/"497-m/ikrRnJZBJ8hwUVas/8Rmg8jhQ"', 'Vary': 'Accept-Encoding', 'Content-Encoding': 'gzip', 'CF-Cache-Status': 'DYNAMIC', 'Report-To': '{"endpoints":[{"url":"https:\\/\\/a.nel.cloudflare.com\\/report\\/v4?s=Z1LWaFQ%2FN4Hf9ck5SkoqUv4vbidy4m%2FYXWVSKxqvsHFKbhx3%2BqVDuFB0xm85GYeZwLTyOCzJ3kQ58v5pL5lJUN8SzLFW5tMESztdbqbAtGhnydEDQfifF%2Fr%2B%2Bg1%2FZlu2"}],"group":"cf-nel","max_age":604800}', 'NEL': '{"success_fraction":0,"report_to":"cf-nel","max_age":604800}', 'Server': 'cloudflare', 'CF-RAY': '8a34de06d9b32bdb-ORD', 'alt-svc': 'h3=":443"; ma=86400'} 
 body={"results":[{"gender":"female","name":{"title":"Miss","first":"Emily","last":"Fitzsimmons"},"location":{"street":{"number":924,"name":"Richmond Park"},"city":"Ardee","state":"Waterford","country":"Ireland","postcode":66628,"coordinates":{"latitude":"4.1550","longitude":"147.5574"},"timezone":{"offset":"+4:00","description":"Abu Dhabi, Muscat, Baku, Tbilisi"}},"email":"emily.fitzsimmons@example.com","login":{"uuid":"54091a0e-a048-4442-be36-6379e61107dd","username":"greengorilla324","password":"cavalier","salt":"dpFrsiE7","md5":"f09c521999c2fe66ee5f6b4738dedc11","sha1":"500bd9ac601d02f5ed81209b5194465dea07ddf1","sha256":"a74f2048c195086d7a4d4bb35b42198dad3ea30ce6ad40ec629ff5c6b1a82b30"},"dob":{"date":"1971-02-14T20:05:30.331Z","age":53},"registered":{"date":"2014-08-08T16:26:19.722Z","age":9},"phone":"031-000-4887","cell":"081-156-2989","id":{"name":"PPS","value":"6204947T"},"picture":{"large":"https://randomuser.me/api/portraits/women/86.jpg","medium":"https://randomuser.me/api/portraits/med/women/86.jpg","thumbnail":"https://randomuser.me/api/portraits/thumb/women/86.jpg"},"nat":"IE"}],"info":{"seed":"1592aa1fc067a6ae","results":1,"page":1,"version":"1.4"}} 
 </msg>
<msg time="2024-07-14T22:14:43.105409" level="INFO">/opt/hostedtoolcache/Python/3.12.4/x64/lib/python3.12/site-packages/urllib3/connectionpool.py:1099: InsecureRequestWarning: Unverified HTTPS request is being made to host 'randomuser.me'. Adding certificate verification is strongly advised. See: https://urllib3.readthedocs.io/en/latest/advanced-usage.html#tls-warnings
  warnings.warn(</msg>
<msg time="2024-07-14T22:14:43.105546" level="INFO">${response} = &lt;Response [200]&gt;</msg>
<var>${response}</var>
<arg>consultarAPI</arg>
<arg>/api</arg>
<doc>Sends a GET request on a previously created HTTP Session.</doc>
<status status="PASS" start="2024-07-14T22:14:43.017814" elapsed="0.087759"/>
</kw>
<kw name="Set Variable" owner="BuiltIn">
<msg time="2024-07-14T22:14:43.106627" level="INFO">${json_data} = {'results': [{'gender': 'female', 'name': {'title': 'Miss', 'first': 'Emily', 'last': 'Fitzsimmons'}, 'location': {'street': {'number': 924, 'name': 'Richmond Park'}, 'city': 'Ardee', 'state': 'Waterf...</msg>
<var>${json_data}</var>
<arg>${response.json()}</arg>
<doc>Returns the given values which can then be assigned to a variables.</doc>
<status status="PASS" start="2024-07-14T22:14:43.106124" elapsed="0.000531"/>
</kw>
<kw name="Log" owner="BuiltIn">
<msg time="2024-07-14T22:14:43.107165" level="INFO">{'results': [{'gender': 'female', 'name': {'title': 'Miss', 'first': 'Emily', 'last': 'Fitzsimmons'}, 'location': {'street': {'number': 924, 'name': 'Richmond Park'}, 'city': 'Ardee', 'state': 'Waterford', 'country': 'Ireland', 'postcode': 66628, 'coordinates': {'latitude': '4.1550', 'longitude': '147.5574'}, 'timezone': {'offset': '+4:00', 'description': 'Abu Dhabi, Muscat, Baku, Tbilisi'}}, 'email': 'emily.fitzsimmons@example.com', 'login': {'uuid': '54091a0e-a048-4442-be36-6379e61107dd', 'username': 'greengorilla324', 'password': 'cavalier', 'salt': 'dpFrsiE7', 'md5': 'f09c521999c2fe66ee5f6b4738dedc11', 'sha1': '500bd9ac601d02f5ed81209b5194465dea07ddf1', 'sha256': 'a74f2048c195086d7a4d4bb35b42198dad3ea30ce6ad40ec629ff5c6b1a82b30'}, 'dob': {'date': '1971-02-14T20:05:30.331Z', 'age': 53}, 'registered': {'date': '2014-08-08T16:26:19.722Z', 'age': 9}, 'phone': '031-000-4887', 'cell': '081-156-2989', 'id': {'name': 'PPS', 'value': '6204947T'}, 'picture': {'large': 'https://randomuser.me/api/portraits/women/86.jpg', 'medium': 'https://randomuser.me/api/portraits/med/women/86.jpg', 'thumbnail': 'https://randomuser.me/api/portraits/thumb/women/86.jpg'}, 'nat': 'IE'}], 'info': {'seed': '1592aa1fc067a6ae', 'results': 1, 'page': 1, 'version': '1.4'}}</msg>
<arg>${json_data}</arg>
<doc>Logs the given message with the given level.</doc>
<status status="PASS" start="2024-07-14T22:14:43.106968" elapsed="0.000252"/>
</kw>
<kw name="Should Be Equal As Numbers" owner="BuiltIn">
<arg>${json_data['results'][0]['location']['postcode']}</arg>
<arg>${json_data['results'][0]['location']['postcode']}</arg>
<doc>Fails if objects are unequal after converting them to real numbers.</doc>
<status status="PASS" start="2024-07-14T22:14:43.107523" elapsed="0.000634"/>
</kw>
<kw name="Log" owner="BuiltIn">
<msg time="2024-07-14T22:14:43.108853" level="INFO">66628</msg>
<arg>${json_data['results'][0]['location']['postcode']}</arg>
<doc>Logs the given message with the given level.</doc>
<status status="PASS" start="2024-07-14T22:14:43.108345" elapsed="0.000549"/>
</kw>
<status status="PASS" start="2024-07-14T22:14:43.017575" elapsed="0.091607"/>
</kw>
<doc>Testa se os tipos de dados na resposta da API estão corretos.</doc>
<tag>testeTiposDados</tag>
<status status="PASS" start="2024-07-14T22:14:42.940128" elapsed="0.169223"/>
</test>
<test id="s1-s1-t5" name="Validar conteudo" line="35">
<kw name="Teste de Tipos de Conteudo" owner="random-user-service">
<kw name="GET On Session" owner="RequestsLibrary">
<msg time="2024-07-14T22:14:43.223016" level="INFO">GET Request : url=https://randomuser.me/api 
 path_url=/api 
 headers={'User-Agent': 'python-requests/2.32.3', 'Accept-Encoding': 'gzip, deflate', 'Accept': '*/*', 'Connection': 'keep-alive'} 
 body=None 
 </msg>
<msg time="2024-07-14T22:14:43.223149" level="INFO">GET Response : url=https://randomuser.me/api 
 status=200, reason=OK 
 headers={'Date': 'Sun, 14 Jul 2024 22:14:43 GMT', 'Content-Type': 'application/json; charset=utf-8', 'Transfer-Encoding': 'chunked', 'Connection': 'keep-alive', 'X-Powered-By': 'Express', 'Access-Control-Allow-Origin': '*', 'Cache-Control': 'no-cache', 'ETag': 'W/"49b-yRcX4VLfnmGpffrTv8qf7ROzseM"', 'Vary': 'Accept-Encoding', 'Content-Encoding': 'gzip', 'CF-Cache-Status': 'DYNAMIC', 'Report-To': '{"endpoints":[{"url":"https:\\/\\/a.nel.cloudflare.com\\/report\\/v4?s=miMKyt0qD2%2FDya2a7qbtTfctchmazDYuI4Wsp9Qe3l1jZaa94ukSSO1LVYsvJmIo2sszxVTLdG2h9OGMa5c%2Ffk0sHeUd3NlKzAzuQLV%2BlLOnLPs4h9S%2BjZg%2FzIYMoE85"}],"group":"cf-nel","max_age":604800}', 'NEL': '{"success_fraction":0,"report_to":"cf-nel","max_age":604800}', 'Server': 'cloudflare', 'CF-RAY': '8a34de077a462bdb-ORD', 'alt-svc': 'h3=":443"; ma=86400'} 
 body={"results":[{"gender":"female","name":{"title":"Ms","first":"Eldana","last":"Bjørkum"},"location":{"street":{"number":2487,"name":"Karihaugveien"},"city":"Tofte","state":"Finnmark - Finnmárku","country":"Norway","postcode":"2923","coordinates":{"latitude":"38.7461","longitude":"51.8708"},"timezone":{"offset":"-5:00","description":"Eastern Time (US &amp; Canada), Bogota, Lima"}},"email":"eldana.bjorkum@example.com","login":{"uuid":"31e336d4-84a4-4d70-8544-28e15adc42f4","username":"crazydog602","password":"cyclops","salt":"rNq3CcYw","md5":"5086d9d7964e5b9f283d9d86a35ed278","sha1":"d8f224ceb54bf5661ae0465a9a920cf224384727","sha256":"be4cdf58fb21f263aae27507d349dc8720669ec73b708e8e1f02ad922d763767"},"dob":{"date":"1997-07-29T01:01:21.400Z","age":26},"registered":{"date":"2004-08-30T22:10:58.841Z","age":19},"phone":"68731930","cell":"44517428","id":{"name":"FN","value":"29079710219"},"picture":{"large":"https://randomuser.me/api/portraits/women/34.jpg","medium":"https://randomuser.me/api/portraits/med/women/34.jpg","thumbnail":"https://randomuser.me/api/portraits/thumb/women/34.jpg"},"nat":"NO"}],"info":{"seed":"61843a422eac65d4","results":1,"page":1,"version":"1.4"}} 
 </msg>
<msg time="2024-07-14T22:14:43.223229" level="INFO">/opt/hostedtoolcache/Python/3.12.4/x64/lib/python3.12/site-packages/urllib3/connectionpool.py:1099: InsecureRequestWarning: Unverified HTTPS request is being made to host 'randomuser.me'. Adding certificate verification is strongly advised. See: https://urllib3.readthedocs.io/en/latest/advanced-usage.html#tls-warnings
  warnings.warn(</msg>
<msg time="2024-07-14T22:14:43.223360" level="INFO">${response} = &lt;Response [200]&gt;</msg>
<var>${response}</var>
<arg>consultarAPI</arg>
<arg>/api</arg>
<doc>Sends a GET request on a previously created HTTP Session.</doc>
<status status="PASS" start="2024-07-14T22:14:43.111869" elapsed="0.111532"/>
</kw>
<kw name="Set Variable" owner="BuiltIn">
<msg time="2024-07-14T22:14:43.224573" level="INFO">${json_data} = {'results': [{'gender': 'female', 'name': {'title': 'Ms', 'first': 'Eldana', 'last': 'Bjørkum'}, 'location': {'street': {'number': 2487, 'name': 'Karihaugveien'}, 'city': 'Tofte', 'state': 'Finnmark -...</msg>
<var>${json_data}</var>
<arg>${response.json()}</arg>
<doc>Returns the given values which can then be assigned to a variables.</doc>
<status status="PASS" start="2024-07-14T22:14:43.224035" elapsed="0.000568"/>
</kw>
<kw name="Set Variable" owner="BuiltIn">
<msg time="2024-07-14T22:14:43.225308" level="INFO">${name_title} = Ms</msg>
<var>${name_title}</var>
<arg>${json_data["results"][0]["name"]["title"]}</arg>
<doc>Returns the given values which can then be assigned to a variables.</doc>
<status status="PASS" start="2024-07-14T22:14:43.224919" elapsed="0.000415"/>
</kw>
<kw name="Create List" owner="BuiltIn">
<msg time="2024-07-14T22:14:43.225779" level="INFO">${allowed_titles} = ['Mr', 'Ms', 'Miss', 'Mrs', 'Madame', 'Monsieur']</msg>
<var>${allowed_titles}</var>
<arg>Mr</arg>
<arg>Ms</arg>
<arg>Miss</arg>
<arg>Mrs</arg>
<arg>Madame</arg>
<arg>Monsieur</arg>
<doc>Returns a list containing given items.</doc>
<status status="PASS" start="2024-07-14T22:14:43.225630" elapsed="0.000173"/>
</kw>
<kw name="List Should Contain Value" owner="Collections">
<arg>${allowed_titles}</arg>
<arg>${name_title}</arg>
<doc>Fails if the ``value`` is not found from ``list``.</doc>
<status status="PASS" start="2024-07-14T22:14:43.226105" elapsed="0.000176"/>
</kw>
<kw name="Set Variable" owner="BuiltIn">
<msg time="2024-07-14T22:14:43.226821" level="INFO">${name_country} = NO</msg>
<var>${name_country}</var>
<arg>${json_data["results"][0]["nat"]}</arg>
<doc>Returns the given values which can then be assigned to a variables.</doc>
<status status="PASS" start="2024-07-14T22:14:43.226460" elapsed="0.000386"/>
</kw>
<kw name="Create List" owner="BuiltIn">
<msg time="2024-07-14T22:14:43.227753" level="INFO">${list_country} = ['AD', 'AE', 'AF', 'AG', 'AI', 'AL', 'AM', 'AO', 'AQ', 'AR', 'AS', 'AT', 'AU', 'AW', 'AX', 'AZ', 'BA', 'BB', 'BD', 'BE', 'BF', 'BG', 'BH', 'BI', 'BJ', 'BL', 'BM', 'BN', 'BO', 'BQ', 'BR', 'BS', 'BT', '...</msg>
<var>${list_country}</var>
<arg>AD</arg>
<arg>AE</arg>
<arg>AF</arg>
<arg>AG</arg>
<arg>AI</arg>
<arg>AL</arg>
<arg>AM</arg>
<arg>AO</arg>
<arg>AQ</arg>
<arg>AR</arg>
<arg>AS</arg>
<arg>AT</arg>
<arg>AU</arg>
<arg>AW</arg>
<arg>AX</arg>
<arg>AZ</arg>
<arg>BA</arg>
<arg>BB</arg>
<arg>BD</arg>
<arg>BE</arg>
<arg>BF</arg>
<arg>BG</arg>
<arg>BH</arg>
<arg>BI</arg>
<arg>BJ</arg>
<arg>BL</arg>
<arg>BM</arg>
<arg>BN</arg>
<arg>BO</arg>
<arg>BQ</arg>
<arg>BR</arg>
<arg>BS</arg>
<arg>BT</arg>
<arg>BV</arg>
<arg>BW</arg>
<arg>BY</arg>
<arg>BZ</arg>
<arg>CA</arg>
<arg>CC</arg>
<arg>CD</arg>
<arg>CF</arg>
<arg>CG</arg>
<arg>CH</arg>
<arg>CI</arg>
<arg>CK</arg>
<arg>CL</arg>
<arg>CM</arg>
<arg>CN</arg>
<arg>CO</arg>
<arg>CR</arg>
<arg>CU</arg>
<arg>CV</arg>
<arg>CW</arg>
<arg>CX</arg>
<arg>CY</arg>
<arg>CZ</arg>
<arg>DE</arg>
<arg>DJ</arg>
<arg>DK</arg>
<arg>DM</arg>
<arg>DO</arg>
<arg>DZ</arg>
<arg>EC</arg>
<arg>EE</arg>
<arg>EG</arg>
<arg>EH</arg>
<arg>ER</arg>
<arg>ES</arg>
<arg>ET</arg>
<arg>FI</arg>
<arg>FJ</arg>
<arg>FK</arg>
<arg>FM</arg>
<arg>FO</arg>
<arg>FR</arg>
<arg>GA</arg>
<arg>GB</arg>
<arg>GD</arg>
<arg>GE</arg>
<arg>GF</arg>
<arg>GG</arg>
<arg>GH</arg>
<arg>GI</arg>
<arg>GL</arg>
<arg>GM</arg>
<arg>GN</arg>
<arg>GP</arg>
<arg>GQ</arg>
<arg>GR</arg>
<arg>GS</arg>
<arg>GT</arg>
<arg>GU</arg>
<arg>GW</arg>
<arg>GY</arg>
<arg>HK</arg>
<arg>HM</arg>
<arg>HN</arg>
<arg>HR</arg>
<arg>HT</arg>
<arg>HU</arg>
<arg>ID</arg>
<arg>IE</arg>
<arg>IL</arg>
<arg>IM</arg>
<arg>IN</arg>
<arg>IO</arg>
<arg>IQ</arg>
<arg>IR</arg>
<arg>IS</arg>
<arg>IT</arg>
<arg>JE</arg>
<arg>JM</arg>
<arg>JO</arg>
<arg>JP</arg>
<arg>KE</arg>
<arg>KG</arg>
<arg>KH</arg>
<arg>KI</arg>
<arg>KM</arg>
<arg>KN</arg>
<arg>KP</arg>
<arg>KR</arg>
<arg>KW</arg>
<arg>KY</arg>
<arg>KZ</arg>
<arg>LA</arg>
<arg>LB</arg>
<arg>LC</arg>
<arg>LI</arg>
<arg>LK</arg>
<arg>LR</arg>
<arg>LS</arg>
<arg>LT</arg>
<arg>LU</arg>
<arg>LV</arg>
<arg>LY</arg>
<arg>MA</arg>
<arg>MC</arg>
<arg>MD</arg>
<arg>ME</arg>
<arg>MF</arg>
<arg>MG</arg>
<arg>MH</arg>
<arg>MK</arg>
<arg>ML</arg>
<arg>MM</arg>
<arg>MN</arg>
<arg>MO</arg>
<arg>MP</arg>
<arg>MQ</arg>
<arg>MR</arg>
<arg>MS</arg>
<arg>MT</arg>
<arg>MU</arg>
<arg>MV</arg>
<arg>MW</arg>
<arg>MX</arg>
<arg>MY</arg>
<arg>MZ</arg>
<arg>NA</arg>
<arg>NC</arg>
<arg>NE</arg>
<arg>NF</arg>
<arg>NG</arg>
<arg>NI</arg>
<arg>NL</arg>
<arg>NO</arg>
<arg>NP</arg>
<arg>NR</arg>
<arg>NU</arg>
<arg>NZ</arg>
<arg>OM</arg>
<arg>PA</arg>
<arg>PE</arg>
<arg>PF</arg>
<arg>PG</arg>
<arg>PH</arg>
<arg>PK</arg>
<arg>PL</arg>
<arg>PM</arg>
<arg>PN</arg>
<arg>PR</arg>
<arg>PS</arg>
<arg>PT</arg>
<arg>PW</arg>
<arg>PY</arg>
<arg>QA</arg>
<arg>RE</arg>
<arg>RO</arg>
<arg>RS</arg>
<arg>RU</arg>
<arg>RW</arg>
<arg>SA</arg>
<arg>SB</arg>
<arg>SC</arg>
<arg>SD</arg>
<arg>SE</arg>
<arg>SG</arg>
<arg>SH</arg>
<arg>SI</arg>
<arg>SJ</arg>
<arg>SK</arg>
<arg>SL</arg>
<arg>SM</arg>
<arg>SN</arg>
<arg>SO</arg>
<arg>SR</arg>
<arg>SS</arg>
<arg>ST</arg>
<arg>SV</arg>
<arg>SX</arg>
<arg>SY</arg>
<arg>SZ</arg>
<arg>TC</arg>
<arg>TD</arg>
<arg>TF</arg>
<arg>TG</arg>
<arg>TH</arg>
<arg>TJ</arg>
<arg>TK</arg>
<arg>TL</arg>
<arg>TM</arg>
<arg>TN</arg>
<arg>TO</arg>
<arg>TR</arg>
<arg>TT</arg>
<arg>TV</arg>
<arg>TW</arg>
<arg>TZ</arg>
<arg>UA</arg>
<arg>UG</arg>
<arg>UM</arg>
<arg>US</arg>
<arg>UY</arg>
<arg>UZ</arg>
<arg>VA</arg>
<arg>VC</arg>
<arg>VE</arg>
<arg>VG</arg>
<arg>VI</arg>
<arg>VN</arg>
<arg>VU</arg>
<arg>WF</arg>
<arg>WS</arg>
<arg>XK</arg>
<arg>YE</arg>
<arg>YT</arg>
<arg>ZA</arg>
<arg>ZM</arg>
<arg>ZW</arg>
<doc>Returns a list containing given items.</doc>
<status status="PASS" start="2024-07-14T22:14:43.227163" elapsed="0.000616"/>
</kw>
<kw name="List Should Contain Value" owner="Collections">
<arg>${list_country}</arg>
<arg>${name_country}</arg>
<doc>Fails if the ``value`` is not found from ``list``.</doc>
<status status="PASS" start="2024-07-14T22:14:43.228572" elapsed="0.000203"/>
</kw>
<kw name="Run Keyword If" owner="BuiltIn">
<kw name="Should Be True" owner="BuiltIn">
<arg>${True}</arg>
<doc>Fails if the given condition is not true.</doc>
<status status="PASS" start="2024-07-14T22:14:43.229718" elapsed="0.000141"/>
</kw>
<arg>${json_data["results"][0]["location"]["coordinates"]["latitude"]} &gt;= -90 and ${json_data["results"][0]["location"]["coordinates"]["latitude"]} &lt;= 90</arg>
<arg>Should Be True</arg>
<arg>${True}</arg>
<doc>Runs the given keyword with the given arguments, if ``condition`` is true.</doc>
<status status="PASS" start="2024-07-14T22:14:43.228972" elapsed="0.001013"/>
</kw>
<kw name="Run Keyword If" owner="BuiltIn">
<kw name="Should Be True" owner="BuiltIn">
<arg>${True}</arg>
<doc>Fails if the given condition is not true.</doc>
<status status="PASS" start="2024-07-14T22:14:43.230849" elapsed="0.000275"/>
</kw>
<arg>${json_data["results"][0]["location"]["coordinates"]["longitude"]} &gt;= -180 and ${json_data["results"][0]["location"]["coordinates"]["longitude"]} &lt;= 180</arg>
<arg>Should Be True</arg>
<arg>${True}</arg>
<doc>Runs the given keyword with the given arguments, if ``condition`` is true.</doc>
<status status="PASS" start="2024-07-14T22:14:43.230163" elapsed="0.001102"/>
</kw>
<status status="PASS" start="2024-07-14T22:14:43.111645" elapsed="0.119758"/>
</kw>
<doc>Testa o conteúdo específico dos campos retornados pela API.</doc>
<tag>testeConteudo</tag>
<status status="PASS" start="2024-07-14T22:14:43.111132" elapsed="0.120426"/>
</test>
<status status="PASS" start="2024-07-14T22:14:42.225673" elapsed="1.007810"/>
</suite>
<status status="PASS" start="2024-07-14T22:14:42.210874" elapsed="1.027701"/>
</suite>
<statistics>
<total>
<stat pass="5" fail="0" skip="0">All Tests</stat>
</total>
<tag>
<stat pass="1" fail="0" skip="0">testeConteudo</stat>
<stat pass="1" fail="0" skip="0">testeEstruturaResposta</stat>
<stat pass="1" fail="0" skip="0">testeRequisicaoBasica</stat>
<stat pass="1" fail="0" skip="0">testeTiposDados</stat>
</tag>
<suite>
<stat pass="5" fail="0" skip="0" id="s1" name="Tests">Tests</stat>
<stat pass="5" fail="0" skip="0" id="s1-s1" name="Random-User-Test">Tests.Random-User-Test</stat>
</suite>
</statistics>
<errors>
</errors>
</robot>
