<?xml version="1.0" encoding="UTF-8"?>
<robot generator="Robot 7.0 (Python 3.12.2 on linux)" generated="2024-04-15T06:17:53.903924" rpa="false" schemaversion="5">
<suite id="s1" name="Tests" source="/home/runner/work/DesafioQAItauRogerioJordao/DesafioQAItauRogerioJordao/RamdonUser/tests">
<suite id="s1-s1" name="Random-User-Test" source="/home/runner/work/DesafioQAItauRogerioJordao/DesafioQAItauRogerioJordao/RamdonUser/tests/random-user-test.robot">
<test id="s1-s1-t1" name="Conectar" line="13">
<kw name="Conectar API" owner="random-user-service">
<kw name="Create Session" owner="RequestsLibrary">
<msg time="2024-04-15T06:17:54.258604" level="INFO">Creating Session using : alias=consultarAPI, url=https://randomuser.me/, headers={},                     cookies={}, auth=None, timeout=None, proxies=None, verify=False,                     debug=0 </msg>
<arg>consultarAPI</arg>
<arg>${URL}</arg>
<doc>Create Session: create a HTTP session to a server</doc>
<status status="PASS" start="2024-04-15T06:17:54.258406" elapsed="0.000376"/>
</kw>
<status status="PASS" start="2024-04-15T06:17:54.257353" elapsed="0.001780"/>
</kw>
<status status="PASS" start="2024-04-15T06:17:54.256779" elapsed="0.002590"/>
</test>
<test id="s1-s1-t2" name="Validar retorno 200 e JSON Válido" line="16">
<kw name="Teste de Requisicao Basica" owner="random-user-service">
<kw name="GET On Session" owner="RequestsLibrary">
<msg time="2024-04-15T06:17:54.410019" level="INFO">GET Request : url=https://randomuser.me/api 
 path_url=/api 
 headers={'User-Agent': 'python-requests/2.31.0', 'Accept-Encoding': 'gzip, deflate', 'Accept': '*/*', 'Connection': 'keep-alive'} 
 body=None 
 </msg>
<msg time="2024-04-15T06:17:54.410180" level="INFO">GET Response : url=https://randomuser.me/api 
 status=200, reason=OK 
 headers={'Date': 'Mon, 15 Apr 2024 06:17:54 GMT', 'Content-Type': 'application/json; charset=utf-8', 'Transfer-Encoding': 'chunked', 'Connection': 'keep-alive', 'X-Powered-By': 'Express', 'Access-Control-Allow-Origin': '*', 'Cache-Control': 'no-cache', 'ETag': 'W/"46b-nxaq6TnCc8w5Rq7mUlyHDJUmJ2c"', 'Vary': 'Accept-Encoding', 'Content-Encoding': 'gzip', 'CF-Cache-Status': 'DYNAMIC', 'Report-To': '{"endpoints":[{"url":"https:\\/\\/a.nel.cloudflare.com\\/report\\/v4?s=UPf%2FEfc3%2FypLqdw3y0uMQ%2Bv885wmc0QfyCT0dnYrusbqSA58ZxsRPGQlF%2BwAqcZC9HQR5pWMb8vH5n9NRDpOwCcKtchRXM29y%2FT7kxpve9U03%2Fp9YiZIROwPW9zBJy7x"}],"group":"cf-nel","max_age":604800}', 'NEL': '{"success_fraction":0,"report_to":"cf-nel","max_age":604800}', 'Server': 'cloudflare', 'CF-RAY': '8749d0b279222f10-LAX', 'alt-svc': 'h3=":443"; ma=86400'} 
 body={"results":[{"gender":"male","name":{"title":"Mr","first":"Bozhemir","last":"Podzigun"},"location":{"street":{"number":7463,"name":"Patona"},"city":"Tavriysk","state":"Hmelnicka","country":"Ukraine","postcode":79266,"coordinates":{"latitude":"73.0108","longitude":"-159.4953"},"timezone":{"offset":"+3:30","description":"Tehran"}},"email":"bozhemir.podzigun@example.com","login":{"uuid":"1a9badec-d779-4a88-8015-2d068d3dee36","username":"beautifulfrog221","password":"2003","salt":"2CCMNFHc","md5":"0fa83354b97ea9b333a58f714fe71423","sha1":"df3fd1cfa285dbc6aafc367bc93037d6ec9cd0ac","sha256":"b08b5028e5682a998f2640e3883591aead1e996e5950acb2980eb1c39882d9b6"},"dob":{"date":"1993-05-03T16:39:10.479Z","age":30},"registered":{"date":"2003-05-08T08:57:07.497Z","age":20},"phone":"(096) W28-9924","cell":"(099) V89-4228","id":{"name":"","value":null},"picture":{"large":"https://randomuser.me/api/portraits/men/41.jpg","medium":"https://randomuser.me/api/portraits/med/men/41.jpg","thumbnail":"https://randomuser.me/api/portraits/thumb/men/41.jpg"},"nat":"UA"}],"info":{"seed":"d5dc1f1f8f97acea","results":1,"page":1,"version":"1.4"}} 
 </msg>
<msg time="2024-04-15T06:17:54.410274" level="INFO">/opt/hostedtoolcache/Python/3.12.2/x64/lib/python3.12/site-packages/urllib3/connectionpool.py:1103: InsecureRequestWarning: Unverified HTTPS request is being made to host 'randomuser.me'. Adding certificate verification is strongly advised. See: https://urllib3.readthedocs.io/en/latest/advanced-usage.html#tls-warnings
  warnings.warn(</msg>
<msg time="2024-04-15T06:17:54.410462" level="INFO">${response} = &lt;Response [200]&gt;</msg>
<var>${response}</var>
<arg>consultarAPI</arg>
<arg>/api</arg>
<doc>Sends a GET request on a previously created HTTP Session.</doc>
<status status="PASS" start="2024-04-15T06:17:54.261980" elapsed="0.148527"/>
</kw>
<kw name="Should Be Equal As Numbers" owner="BuiltIn">
<msg time="2024-04-15T06:17:54.411511" level="INFO">Argument types are:
&lt;class 'int'&gt;
&lt;class 'str'&gt;</msg>
<arg>${response.status_code}</arg>
<arg>200</arg>
<doc>Fails if objects are unequal after converting them to real numbers.</doc>
<status status="PASS" start="2024-04-15T06:17:54.411009" elapsed="0.000570"/>
</kw>
<kw name="Log" owner="BuiltIn">
<msg time="2024-04-15T06:17:54.412296" level="INFO">200</msg>
<arg>${response.status_code}</arg>
<doc>Logs the given message with the given level.</doc>
<status status="PASS" start="2024-04-15T06:17:54.411931" elapsed="0.000409"/>
</kw>
<kw name="Set Variable" owner="BuiltIn">
<msg time="2024-04-15T06:17:54.413107" level="INFO">${json_data} = {'results': [{'gender': 'male', 'name': {'title': 'Mr', 'first': 'Bozhemir', 'last': 'Podzigun'}, 'location': {'street': {'number': 7463, 'name': 'Patona'}, 'city': 'Tavriysk', 'state': 'Hmelnicka', '...</msg>
<var>${json_data}</var>
<arg>${response.json()}</arg>
<doc>Returns the given values which can then be assigned to a variables.</doc>
<status status="PASS" start="2024-04-15T06:17:54.412661" elapsed="0.000474"/>
</kw>
<kw name="Dictionary Should Contain Key" owner="Collections">
<msg time="2024-04-15T06:17:54.413634" level="INFO">False</msg>
<arg>${json_data}</arg>
<arg>results</arg>
<doc>Fails if ``key`` is not found from ``dictionary``.</doc>
<status status="PASS" start="2024-04-15T06:17:54.413455" elapsed="0.000224"/>
</kw>
<status status="PASS" start="2024-04-15T06:17:54.261725" elapsed="0.152220"/>
</kw>
<doc>Testa se a API responde corretamente e retorna um objeto JSON válido.</doc>
<tag>testeRequisicaoBasica</tag>
<status status="PASS" start="2024-04-15T06:17:54.261241" elapsed="0.152894"/>
</test>
<test id="s1-s1-t3" name="Validar estrutura de resposta" line="22">
<kw name="Teste de Estrutura de Resposta" owner="random-user-service">
<kw name="GET On Session" owner="RequestsLibrary">
<msg time="2024-04-15T06:17:54.511304" level="INFO">GET Request : url=https://randomuser.me/api 
 path_url=/api 
 headers={'User-Agent': 'python-requests/2.31.0', 'Accept-Encoding': 'gzip, deflate', 'Accept': '*/*', 'Connection': 'keep-alive'} 
 body=None 
 </msg>
<msg time="2024-04-15T06:17:54.511406" level="INFO">GET Response : url=https://randomuser.me/api 
 status=200, reason=OK 
 headers={'Date': 'Mon, 15 Apr 2024 06:17:54 GMT', 'Content-Type': 'application/json; charset=utf-8', 'Transfer-Encoding': 'chunked', 'Connection': 'keep-alive', 'X-Powered-By': 'Express', 'Access-Control-Allow-Origin': '*', 'Cache-Control': 'no-cache', 'ETag': 'W/"475-ees1jDKpIT1kdy/SirFNkeFukuI"', 'Vary': 'Accept-Encoding', 'Content-Encoding': 'gzip', 'CF-Cache-Status': 'DYNAMIC', 'Report-To': '{"endpoints":[{"url":"https:\\/\\/a.nel.cloudflare.com\\/report\\/v4?s=9hEpDyXjPEAtq%2FM303cZcfYCZ2zcIVomTDfSqrleDHD35AV1LjP5D%2BPSRIDRTJD8d0BPYMf7%2F9a8qRQQNUJGOoRF6BhRgPz7Onq0%2B0lUwf6CYbafUDz%2BL6LAW%2FMlRjF3"}],"group":"cf-nel","max_age":604800}', 'NEL': '{"success_fraction":0,"report_to":"cf-nel","max_age":604800}', 'Server': 'cloudflare', 'CF-RAY': '8749d0b329b52f10-LAX', 'alt-svc': 'h3=":443"; ma=86400'} 
 body={"results":[{"gender":"female","name":{"title":"Mrs","first":"Deniz","last":"Tanrıkulu"},"location":{"street":{"number":262,"name":"Bağdat Cd"},"city":"Bartın","state":"Çankırı","country":"Turkey","postcode":43011,"coordinates":{"latitude":"66.3183","longitude":"21.9668"},"timezone":{"offset":"+3:30","description":"Tehran"}},"email":"deniz.tanrikulu@example.com","login":{"uuid":"3c990de3-592f-4805-bb05-1f6297956617","username":"goldenbutterfly986","password":"007007","salt":"Kk0FatTQ","md5":"3068b2058daac30aecd9cb86ce26477b","sha1":"b125ff77a02f0583ba95856041c735d8083cce4b","sha256":"83d8e61e1c6e17ce302855612e786dab4f2054690452a5db604c48691b84fac3"},"dob":{"date":"1967-11-08T05:46:22.603Z","age":56},"registered":{"date":"2005-09-21T12:44:01.505Z","age":18},"phone":"(453)-340-4400","cell":"(500)-190-8843","id":{"name":"","value":null},"picture":{"large":"https://randomuser.me/api/portraits/women/59.jpg","medium":"https://randomuser.me/api/portraits/med/women/59.jpg","thumbnail":"https://randomuser.me/api/portraits/thumb/women/59.jpg"},"nat":"TR"}],"info":{"seed":"504bf3e356f608ac","results":1,"page":1,"version":"1.4"}} 
 </msg>
<msg time="2024-04-15T06:17:54.511559" level="INFO">/opt/hostedtoolcache/Python/3.12.2/x64/lib/python3.12/site-packages/urllib3/connectionpool.py:1103: InsecureRequestWarning: Unverified HTTPS request is being made to host 'randomuser.me'. Adding certificate verification is strongly advised. See: https://urllib3.readthedocs.io/en/latest/advanced-usage.html#tls-warnings
  warnings.warn(</msg>
<msg time="2024-04-15T06:17:54.511721" level="INFO">${response} = &lt;Response [200]&gt;</msg>
<var>${response}</var>
<arg>consultarAPI</arg>
<arg>/api</arg>
<doc>Sends a GET request on a previously created HTTP Session.</doc>
<status status="PASS" start="2024-04-15T06:17:54.417027" elapsed="0.094737"/>
</kw>
<kw name="Set Variable" owner="BuiltIn">
<msg time="2024-04-15T06:17:54.512651" level="INFO">${json_data} = {'results': [{'gender': 'female', 'name': {'title': 'Mrs', 'first': 'Deniz', 'last': 'Tanrıkulu'}, 'location': {'street': {'number': 262, 'name': 'Bağdat Cd'}, 'city': 'Bartın', 'state': 'Çankırı', 'c...</msg>
<var>${json_data}</var>
<arg>${response.json()}</arg>
<doc>Returns the given values which can then be assigned to a variables.</doc>
<status status="PASS" start="2024-04-15T06:17:54.512154" elapsed="0.000528"/>
</kw>
<kw name="Log" owner="BuiltIn">
<msg time="2024-04-15T06:17:54.513160" level="INFO">{'results': [{'gender': 'female', 'name': {'title': 'Mrs', 'first': 'Deniz', 'last': 'Tanrıkulu'}, 'location': {'street': {'number': 262, 'name': 'Bağdat Cd'}, 'city': 'Bartın', 'state': 'Çankırı', 'country': 'Turkey', 'postcode': 43011, 'coordinates': {'latitude': '66.3183', 'longitude': '21.9668'}, 'timezone': {'offset': '+3:30', 'description': 'Tehran'}}, 'email': 'deniz.tanrikulu@example.com', 'login': {'uuid': '3c990de3-592f-4805-bb05-1f6297956617', 'username': 'goldenbutterfly986', 'password': '007007', 'salt': 'Kk0FatTQ', 'md5': '3068b2058daac30aecd9cb86ce26477b', 'sha1': 'b125ff77a02f0583ba95856041c735d8083cce4b', 'sha256': '83d8e61e1c6e17ce302855612e786dab4f2054690452a5db604c48691b84fac3'}, 'dob': {'date': '1967-11-08T05:46:22.603Z', 'age': 56}, 'registered': {'date': '2005-09-21T12:44:01.505Z', 'age': 18}, 'phone': '(453)-340-4400', 'cell': '(500)-190-8843', 'id': {'name': '', 'value': None}, 'picture': {'large': 'https://randomuser.me/api/portraits/women/59.jpg', 'medium': 'https://randomuser.me/api/portraits/med/women/59.jpg', 'thumbnail': 'https://randomuser.me/api/portraits/thumb/women/59.jpg'}, 'nat': 'TR'}], 'info': {'seed': '504bf3e356f608ac', 'results': 1, 'page': 1, 'version': '1.4'}}</msg>
<arg>${json_data}</arg>
<doc>Logs the given message with the given level.</doc>
<status status="PASS" start="2024-04-15T06:17:54.512996" elapsed="0.000215"/>
</kw>
<kw name="Dictionary Should Contain Key" owner="Collections">
<msg time="2024-04-15T06:17:54.513660" level="INFO">False</msg>
<arg>${json_data}</arg>
<arg>results</arg>
<doc>Fails if ``key`` is not found from ``dictionary``.</doc>
<status status="PASS" start="2024-04-15T06:17:54.513506" elapsed="0.000191"/>
</kw>
<kw name="Should Not Be Empty" owner="BuiltIn">
<msg time="2024-04-15T06:17:54.514135" level="INFO">Length is 2.</msg>
<arg>${json_data}</arg>
<doc>Verifies that the given item is not empty.</doc>
<status status="PASS" start="2024-04-15T06:17:54.514000" elapsed="0.000174"/>
</kw>
<kw name="Create List" owner="BuiltIn">
<msg time="2024-04-15T06:17:54.514604" level="INFO">${expected_keys} = ['gender', 'name', 'location', 'email', 'login']</msg>
<var>${expected_keys}</var>
<arg>gender</arg>
<arg>name</arg>
<arg>location</arg>
<arg>email</arg>
<arg>login</arg>
<doc>Returns a list containing given items.</doc>
<status status="PASS" start="2024-04-15T06:17:54.514459" elapsed="0.000168"/>
</kw>
<for flavor="IN">
<iter>
<kw name="Dictionary Should Contain Key" owner="Collections">
<msg time="2024-04-15T06:17:54.515621" level="INFO">False</msg>
<arg>${json_data['results'][0]}</arg>
<arg>${key}</arg>
<doc>Fails if ``key`` is not found from ``dictionary``.</doc>
<status status="PASS" start="2024-04-15T06:17:54.515191" elapsed="0.000476"/>
</kw>
<kw name="Log" owner="BuiltIn">
<msg time="2024-04-15T06:17:54.516339" level="INFO">{'gender': 'female', 'name': {'title': 'Mrs', 'first': 'Deniz', 'last': 'Tanrıkulu'}, 'location': {'street': {'number': 262, 'name': 'Bağdat Cd'}, 'city': 'Bartın', 'state': 'Çankırı', 'country': 'Turkey', 'postcode': 43011, 'coordinates': {'latitude': '66.3183', 'longitude': '21.9668'}, 'timezone': {'offset': '+3:30', 'description': 'Tehran'}}, 'email': 'deniz.tanrikulu@example.com', 'login': {'uuid': '3c990de3-592f-4805-bb05-1f6297956617', 'username': 'goldenbutterfly986', 'password': '007007', 'salt': 'Kk0FatTQ', 'md5': '3068b2058daac30aecd9cb86ce26477b', 'sha1': 'b125ff77a02f0583ba95856041c735d8083cce4b', 'sha256': '83d8e61e1c6e17ce302855612e786dab4f2054690452a5db604c48691b84fac3'}, 'dob': {'date': '1967-11-08T05:46:22.603Z', 'age': 56}, 'registered': {'date': '2005-09-21T12:44:01.505Z', 'age': 18}, 'phone': '(453)-340-4400', 'cell': '(500)-190-8843', 'id': {'name': '', 'value': None}, 'picture': {'large': 'https://randomuser.me/api/portraits/women/59.jpg', 'medium': 'https://randomuser.me/api/portraits/med/women/59.jpg', 'thumbnail': 'https://randomuser.me/api/portraits/thumb/women/59.jpg'}, 'nat': 'TR'}</msg>
<arg>${json_data['results'][0]}</arg>
<doc>Logs the given message with the given level.</doc>
<status status="PASS" start="2024-04-15T06:17:54.515967" elapsed="0.000423"/>
</kw>
<kw name="Log" owner="BuiltIn">
<msg time="2024-04-15T06:17:54.516815" level="INFO">gender</msg>
<arg>${key}</arg>
<doc>Logs the given message with the given level.</doc>
<status status="PASS" start="2024-04-15T06:17:54.516687" elapsed="0.000165"/>
</kw>
<var name="${key}">gender</var>
<status status="PASS" start="2024-04-15T06:17:54.515068" elapsed="0.002005"/>
</iter>
<iter>
<kw name="Dictionary Should Contain Key" owner="Collections">
<msg time="2024-04-15T06:17:54.517770" level="INFO">False</msg>
<arg>${json_data['results'][0]}</arg>
<arg>${key}</arg>
<doc>Fails if ``key`` is not found from ``dictionary``.</doc>
<status status="PASS" start="2024-04-15T06:17:54.517382" elapsed="0.000426"/>
</kw>
<kw name="Log" owner="BuiltIn">
<msg time="2024-04-15T06:17:54.518504" level="INFO">{'gender': 'female', 'name': {'title': 'Mrs', 'first': 'Deniz', 'last': 'Tanrıkulu'}, 'location': {'street': {'number': 262, 'name': 'Bağdat Cd'}, 'city': 'Bartın', 'state': 'Çankırı', 'country': 'Turkey', 'postcode': 43011, 'coordinates': {'latitude': '66.3183', 'longitude': '21.9668'}, 'timezone': {'offset': '+3:30', 'description': 'Tehran'}}, 'email': 'deniz.tanrikulu@example.com', 'login': {'uuid': '3c990de3-592f-4805-bb05-1f6297956617', 'username': 'goldenbutterfly986', 'password': '007007', 'salt': 'Kk0FatTQ', 'md5': '3068b2058daac30aecd9cb86ce26477b', 'sha1': 'b125ff77a02f0583ba95856041c735d8083cce4b', 'sha256': '83d8e61e1c6e17ce302855612e786dab4f2054690452a5db604c48691b84fac3'}, 'dob': {'date': '1967-11-08T05:46:22.603Z', 'age': 56}, 'registered': {'date': '2005-09-21T12:44:01.505Z', 'age': 18}, 'phone': '(453)-340-4400', 'cell': '(500)-190-8843', 'id': {'name': '', 'value': None}, 'picture': {'large': 'https://randomuser.me/api/portraits/women/59.jpg', 'medium': 'https://randomuser.me/api/portraits/med/women/59.jpg', 'thumbnail': 'https://randomuser.me/api/portraits/thumb/women/59.jpg'}, 'nat': 'TR'}</msg>
<arg>${json_data['results'][0]}</arg>
<doc>Logs the given message with the given level.</doc>
<status status="PASS" start="2024-04-15T06:17:54.518132" elapsed="0.000427"/>
</kw>
<kw name="Log" owner="BuiltIn">
<msg time="2024-04-15T06:17:54.518998" level="INFO">name</msg>
<arg>${key}</arg>
<doc>Logs the given message with the given level.</doc>
<status status="PASS" start="2024-04-15T06:17:54.518866" elapsed="0.000169"/>
</kw>
<var name="${key}">name</var>
<status status="PASS" start="2024-04-15T06:17:54.517267" elapsed="0.002004"/>
</iter>
<iter>
<kw name="Dictionary Should Contain Key" owner="Collections">
<msg time="2024-04-15T06:17:54.519956" level="INFO">False</msg>
<arg>${json_data['results'][0]}</arg>
<arg>${key}</arg>
<doc>Fails if ``key`` is not found from ``dictionary``.</doc>
<status status="PASS" start="2024-04-15T06:17:54.519565" elapsed="0.000429"/>
</kw>
<kw name="Log" owner="BuiltIn">
<msg time="2024-04-15T06:17:54.520655" level="INFO">{'gender': 'female', 'name': {'title': 'Mrs', 'first': 'Deniz', 'last': 'Tanrıkulu'}, 'location': {'street': {'number': 262, 'name': 'Bağdat Cd'}, 'city': 'Bartın', 'state': 'Çankırı', 'country': 'Turkey', 'postcode': 43011, 'coordinates': {'latitude': '66.3183', 'longitude': '21.9668'}, 'timezone': {'offset': '+3:30', 'description': 'Tehran'}}, 'email': 'deniz.tanrikulu@example.com', 'login': {'uuid': '3c990de3-592f-4805-bb05-1f6297956617', 'username': 'goldenbutterfly986', 'password': '007007', 'salt': 'Kk0FatTQ', 'md5': '3068b2058daac30aecd9cb86ce26477b', 'sha1': 'b125ff77a02f0583ba95856041c735d8083cce4b', 'sha256': '83d8e61e1c6e17ce302855612e786dab4f2054690452a5db604c48691b84fac3'}, 'dob': {'date': '1967-11-08T05:46:22.603Z', 'age': 56}, 'registered': {'date': '2005-09-21T12:44:01.505Z', 'age': 18}, 'phone': '(453)-340-4400', 'cell': '(500)-190-8843', 'id': {'name': '', 'value': None}, 'picture': {'large': 'https://randomuser.me/api/portraits/women/59.jpg', 'medium': 'https://randomuser.me/api/portraits/med/women/59.jpg', 'thumbnail': 'https://randomuser.me/api/portraits/thumb/women/59.jpg'}, 'nat': 'TR'}</msg>
<arg>${json_data['results'][0]}</arg>
<doc>Logs the given message with the given level.</doc>
<status status="PASS" start="2024-04-15T06:17:54.520289" elapsed="0.000416"/>
</kw>
<kw name="Log" owner="BuiltIn">
<msg time="2024-04-15T06:17:54.521128" level="INFO">location</msg>
<arg>${key}</arg>
<doc>Logs the given message with the given level.</doc>
<status status="PASS" start="2024-04-15T06:17:54.521002" elapsed="0.000165"/>
</kw>
<var name="${key}">location</var>
<status status="PASS" start="2024-04-15T06:17:54.519454" elapsed="0.001930"/>
</iter>
<iter>
<kw name="Dictionary Should Contain Key" owner="Collections">
<msg time="2024-04-15T06:17:54.522043" level="INFO">False</msg>
<arg>${json_data['results'][0]}</arg>
<arg>${key}</arg>
<doc>Fails if ``key`` is not found from ``dictionary``.</doc>
<status status="PASS" start="2024-04-15T06:17:54.521664" elapsed="0.000422"/>
</kw>
<kw name="Log" owner="BuiltIn">
<msg time="2024-04-15T06:17:54.522765" level="INFO">{'gender': 'female', 'name': {'title': 'Mrs', 'first': 'Deniz', 'last': 'Tanrıkulu'}, 'location': {'street': {'number': 262, 'name': 'Bağdat Cd'}, 'city': 'Bartın', 'state': 'Çankırı', 'country': 'Turkey', 'postcode': 43011, 'coordinates': {'latitude': '66.3183', 'longitude': '21.9668'}, 'timezone': {'offset': '+3:30', 'description': 'Tehran'}}, 'email': 'deniz.tanrikulu@example.com', 'login': {'uuid': '3c990de3-592f-4805-bb05-1f6297956617', 'username': 'goldenbutterfly986', 'password': '007007', 'salt': 'Kk0FatTQ', 'md5': '3068b2058daac30aecd9cb86ce26477b', 'sha1': 'b125ff77a02f0583ba95856041c735d8083cce4b', 'sha256': '83d8e61e1c6e17ce302855612e786dab4f2054690452a5db604c48691b84fac3'}, 'dob': {'date': '1967-11-08T05:46:22.603Z', 'age': 56}, 'registered': {'date': '2005-09-21T12:44:01.505Z', 'age': 18}, 'phone': '(453)-340-4400', 'cell': '(500)-190-8843', 'id': {'name': '', 'value': None}, 'picture': {'large': 'https://randomuser.me/api/portraits/women/59.jpg', 'medium': 'https://randomuser.me/api/portraits/med/women/59.jpg', 'thumbnail': 'https://randomuser.me/api/portraits/thumb/women/59.jpg'}, 'nat': 'TR'}</msg>
<arg>${json_data['results'][0]}</arg>
<doc>Logs the given message with the given level.</doc>
<status status="PASS" start="2024-04-15T06:17:54.522387" elapsed="0.000427"/>
</kw>
<kw name="Log" owner="BuiltIn">
<msg time="2024-04-15T06:17:54.523241" level="INFO">email</msg>
<arg>${key}</arg>
<doc>Logs the given message with the given level.</doc>
<status status="PASS" start="2024-04-15T06:17:54.523114" elapsed="0.000187"/>
</kw>
<var name="${key}">email</var>
<status status="PASS" start="2024-04-15T06:17:54.521554" elapsed="0.001973"/>
</iter>
<iter>
<kw name="Dictionary Should Contain Key" owner="Collections">
<msg time="2024-04-15T06:17:54.524188" level="INFO">False</msg>
<arg>${json_data['results'][0]}</arg>
<arg>${key}</arg>
<doc>Fails if ``key`` is not found from ``dictionary``.</doc>
<status status="PASS" start="2024-04-15T06:17:54.523807" elapsed="0.000418"/>
</kw>
<kw name="Log" owner="BuiltIn">
<msg time="2024-04-15T06:17:54.524880" level="INFO">{'gender': 'female', 'name': {'title': 'Mrs', 'first': 'Deniz', 'last': 'Tanrıkulu'}, 'location': {'street': {'number': 262, 'name': 'Bağdat Cd'}, 'city': 'Bartın', 'state': 'Çankırı', 'country': 'Turkey', 'postcode': 43011, 'coordinates': {'latitude': '66.3183', 'longitude': '21.9668'}, 'timezone': {'offset': '+3:30', 'description': 'Tehran'}}, 'email': 'deniz.tanrikulu@example.com', 'login': {'uuid': '3c990de3-592f-4805-bb05-1f6297956617', 'username': 'goldenbutterfly986', 'password': '007007', 'salt': 'Kk0FatTQ', 'md5': '3068b2058daac30aecd9cb86ce26477b', 'sha1': 'b125ff77a02f0583ba95856041c735d8083cce4b', 'sha256': '83d8e61e1c6e17ce302855612e786dab4f2054690452a5db604c48691b84fac3'}, 'dob': {'date': '1967-11-08T05:46:22.603Z', 'age': 56}, 'registered': {'date': '2005-09-21T12:44:01.505Z', 'age': 18}, 'phone': '(453)-340-4400', 'cell': '(500)-190-8843', 'id': {'name': '', 'value': None}, 'picture': {'large': 'https://randomuser.me/api/portraits/women/59.jpg', 'medium': 'https://randomuser.me/api/portraits/med/women/59.jpg', 'thumbnail': 'https://randomuser.me/api/portraits/thumb/women/59.jpg'}, 'nat': 'TR'}</msg>
<arg>${json_data['results'][0]}</arg>
<doc>Logs the given message with the given level.</doc>
<status status="PASS" start="2024-04-15T06:17:54.524523" elapsed="0.000407"/>
</kw>
<kw name="Log" owner="BuiltIn">
<msg time="2024-04-15T06:17:54.525350" level="INFO">login</msg>
<arg>${key}</arg>
<doc>Logs the given message with the given level.</doc>
<status status="PASS" start="2024-04-15T06:17:54.525224" elapsed="0.000164"/>
</kw>
<var name="${key}">login</var>
<status status="PASS" start="2024-04-15T06:17:54.523697" elapsed="0.001905"/>
</iter>
<var>${key}</var>
<value>@{expected_keys}</value>
<status status="PASS" start="2024-04-15T06:17:54.514880" elapsed="0.010844"/>
</for>
<kw name="Create List" owner="BuiltIn">
<msg time="2024-04-15T06:17:54.526081" level="INFO">${expected_keysTwo} = ['username', 'password']</msg>
<var>${expected_keysTwo}</var>
<arg>username</arg>
<arg>password</arg>
<doc>Returns a list containing given items.</doc>
<status status="PASS" start="2024-04-15T06:17:54.525942" elapsed="0.000163"/>
</kw>
<for flavor="IN">
<iter>
<kw name="Dictionary Should Contain Key" owner="Collections">
<msg time="2024-04-15T06:17:54.527508" level="INFO">False</msg>
<arg>${json_data['results'][0]['login']}</arg>
<arg>${keyTwo}</arg>
<doc>Fails if ``key`` is not found from ``dictionary``.</doc>
<status status="PASS" start="2024-04-15T06:17:54.526874" elapsed="0.000688"/>
</kw>
<kw name="Dictionary Should Contain Key" owner="Collections">
<msg time="2024-04-15T06:17:54.528292" level="INFO">False</msg>
<arg>${json_data['results'][0]['login']}</arg>
<arg>${keyTwo}</arg>
<doc>Fails if ``key`` is not found from ``dictionary``.</doc>
<status status="PASS" start="2024-04-15T06:17:54.527906" elapsed="0.000424"/>
</kw>
<kw name="Log" owner="BuiltIn">
<msg time="2024-04-15T06:17:54.528755" level="INFO">username</msg>
<arg>${keyTwo}</arg>
<doc>Logs the given message with the given level.</doc>
<status status="PASS" start="2024-04-15T06:17:54.528626" elapsed="0.000166"/>
</kw>
<var name="${keyTwo}">username</var>
<status status="PASS" start="2024-04-15T06:17:54.526683" elapsed="0.002341"/>
</iter>
<iter>
<kw name="Dictionary Should Contain Key" owner="Collections">
<msg time="2024-04-15T06:17:54.529691" level="INFO">False</msg>
<arg>${json_data['results'][0]['login']}</arg>
<arg>${keyTwo}</arg>
<doc>Fails if ``key`` is not found from ``dictionary``.</doc>
<status status="PASS" start="2024-04-15T06:17:54.529307" elapsed="0.000422"/>
</kw>
<kw name="Dictionary Should Contain Key" owner="Collections">
<msg time="2024-04-15T06:17:54.530409" level="INFO">False</msg>
<arg>${json_data['results'][0]['login']}</arg>
<arg>${keyTwo}</arg>
<doc>Fails if ``key`` is not found from ``dictionary``.</doc>
<status status="PASS" start="2024-04-15T06:17:54.530023" elapsed="0.000424"/>
</kw>
<kw name="Log" owner="BuiltIn">
<msg time="2024-04-15T06:17:54.530887" level="INFO">password</msg>
<arg>${keyTwo}</arg>
<doc>Logs the given message with the given level.</doc>
<status status="PASS" start="2024-04-15T06:17:54.530748" elapsed="0.000178"/>
</kw>
<var name="${keyTwo}">password</var>
<status status="PASS" start="2024-04-15T06:17:54.529197" elapsed="0.001948"/>
</iter>
<var>${keyTwo}</var>
<value>@{expected_keysTwo}</value>
<status status="PASS" start="2024-04-15T06:17:54.526339" elapsed="0.004963"/>
</for>
<status status="PASS" start="2024-04-15T06:17:54.416788" elapsed="0.114661"/>
</kw>
<doc>Testa a estrutura da resposta da API.</doc>
<tag>testeEstruturaResposta</tag>
<status status="PASS" start="2024-04-15T06:17:54.416027" elapsed="0.115578"/>
</test>
<test id="s1-s1-t4" name="Validar tipos de dados" line="28">
<kw name="Teste de Tipos de Dados" owner="random-user-service">
<kw name="GET On Session" owner="RequestsLibrary">
<msg time="2024-04-15T06:17:54.630509" level="INFO">GET Request : url=https://randomuser.me/api 
 path_url=/api 
 headers={'User-Agent': 'python-requests/2.31.0', 'Accept-Encoding': 'gzip, deflate', 'Accept': '*/*', 'Connection': 'keep-alive'} 
 body=None 
 </msg>
<msg time="2024-04-15T06:17:54.630615" level="INFO">GET Response : url=https://randomuser.me/api 
 status=200, reason=OK 
 headers={'Date': 'Mon, 15 Apr 2024 06:17:54 GMT', 'Content-Type': 'application/json; charset=utf-8', 'Transfer-Encoding': 'chunked', 'Connection': 'keep-alive', 'X-Powered-By': 'Express', 'Access-Control-Allow-Origin': '*', 'Cache-Control': 'no-cache', 'ETag': 'W/"479-vfEYLLUbQSmhqgmidAnNN920Isk"', 'Vary': 'Accept-Encoding', 'Content-Encoding': 'gzip', 'CF-Cache-Status': 'DYNAMIC', 'Report-To': '{"endpoints":[{"url":"https:\\/\\/a.nel.cloudflare.com\\/report\\/v4?s=IypEK%2B3kcww7vXBeMU3VcYT7dKRMK0u6dlOOF6ub4FUhtUDFQfG591Rr6xQUP3t%2FiowBaRCDbTYh%2B5E6P7DF%2Bqym%2BgDwQa7jDvqMJ%2BYLuZYZ9AK%2Ffz33tnmL%2FCIu6xMz"}],"group":"cf-nel","max_age":604800}', 'NEL': '{"success_fraction":0,"report_to":"cf-nel","max_age":604800}', 'Server': 'cloudflare', 'CF-RAY': '8749d0b3da6f2f10-LAX', 'alt-svc': 'h3=":443"; ma=86400'} 
 body={"results":[{"gender":"male","name":{"title":"Mr","first":"Malthe","last":"Hansen"},"location":{"street":{"number":5057,"name":"Toftevej"},"city":"Noerre Alslev","state":"Midtjylland","country":"Denmark","postcode":53966,"coordinates":{"latitude":"-46.3427","longitude":"-22.0937"},"timezone":{"offset":"-12:00","description":"Eniwetok, Kwajalein"}},"email":"malthe.hansen@example.com","login":{"uuid":"8308d867-dea5-4809-a8fb-4d519edfbd45","username":"yellowpanda379","password":"kittycat","salt":"Y4OuGaJO","md5":"db082eb1df8aaa9df06d9ba8b2f75f6b","sha1":"b2c1f31f9978e2585c06386de2c6315467acd679","sha256":"75360893e7dd75332bef4d4de93a970c3892c7dc80d2f1488554f075022a1792"},"dob":{"date":"1992-01-16T13:14:28.321Z","age":32},"registered":{"date":"2009-08-27T23:44:07.881Z","age":14},"phone":"68897823","cell":"46525264","id":{"name":"CPR","value":"160192-3382"},"picture":{"large":"https://randomuser.me/api/portraits/men/8.jpg","medium":"https://randomuser.me/api/portraits/med/men/8.jpg","thumbnail":"https://randomuser.me/api/portraits/thumb/men/8.jpg"},"nat":"DK"}],"info":{"seed":"e00161835df98d73","results":1,"page":1,"version":"1.4"}} 
 </msg>
<msg time="2024-04-15T06:17:54.630694" level="INFO">/opt/hostedtoolcache/Python/3.12.2/x64/lib/python3.12/site-packages/urllib3/connectionpool.py:1103: InsecureRequestWarning: Unverified HTTPS request is being made to host 'randomuser.me'. Adding certificate verification is strongly advised. See: https://urllib3.readthedocs.io/en/latest/advanced-usage.html#tls-warnings
  warnings.warn(</msg>
<msg time="2024-04-15T06:17:54.630850" level="INFO">${response} = &lt;Response [200]&gt;</msg>
<var>${response}</var>
<arg>consultarAPI</arg>
<arg>/api</arg>
<doc>Sends a GET request on a previously created HTTP Session.</doc>
<status status="PASS" start="2024-04-15T06:17:54.534113" elapsed="0.096784"/>
</kw>
<kw name="Set Variable" owner="BuiltIn">
<msg time="2024-04-15T06:17:54.631974" level="INFO">${json_data} = {'results': [{'gender': 'male', 'name': {'title': 'Mr', 'first': 'Malthe', 'last': 'Hansen'}, 'location': {'street': {'number': 5057, 'name': 'Toftevej'}, 'city': 'Noerre Alslev', 'state': 'Midtjyllan...</msg>
<var>${json_data}</var>
<arg>${response.json()}</arg>
<doc>Returns the given values which can then be assigned to a variables.</doc>
<status status="PASS" start="2024-04-15T06:17:54.631464" elapsed="0.000538"/>
</kw>
<kw name="Log" owner="BuiltIn">
<msg time="2024-04-15T06:17:54.632476" level="INFO">{'results': [{'gender': 'male', 'name': {'title': 'Mr', 'first': 'Malthe', 'last': 'Hansen'}, 'location': {'street': {'number': 5057, 'name': 'Toftevej'}, 'city': 'Noerre Alslev', 'state': 'Midtjylland', 'country': 'Denmark', 'postcode': 53966, 'coordinates': {'latitude': '-46.3427', 'longitude': '-22.0937'}, 'timezone': {'offset': '-12:00', 'description': 'Eniwetok, Kwajalein'}}, 'email': 'malthe.hansen@example.com', 'login': {'uuid': '8308d867-dea5-4809-a8fb-4d519edfbd45', 'username': 'yellowpanda379', 'password': 'kittycat', 'salt': 'Y4OuGaJO', 'md5': 'db082eb1df8aaa9df06d9ba8b2f75f6b', 'sha1': 'b2c1f31f9978e2585c06386de2c6315467acd679', 'sha256': '75360893e7dd75332bef4d4de93a970c3892c7dc80d2f1488554f075022a1792'}, 'dob': {'date': '1992-01-16T13:14:28.321Z', 'age': 32}, 'registered': {'date': '2009-08-27T23:44:07.881Z', 'age': 14}, 'phone': '68897823', 'cell': '46525264', 'id': {'name': 'CPR', 'value': '160192-3382'}, 'picture': {'large': 'https://randomuser.me/api/portraits/men/8.jpg', 'medium': 'https://randomuser.me/api/portraits/med/men/8.jpg', 'thumbnail': 'https://randomuser.me/api/portraits/thumb/men/8.jpg'}, 'nat': 'DK'}], 'info': {'seed': 'e00161835df98d73', 'results': 1, 'page': 1, 'version': '1.4'}}</msg>
<arg>${json_data}</arg>
<doc>Logs the given message with the given level.</doc>
<status status="PASS" start="2024-04-15T06:17:54.632311" elapsed="0.000214"/>
</kw>
<kw name="Should Be String" owner="String">
<arg>${json_data['results'][0]['gender']}</arg>
<doc>Fails if the given ``item`` is not a string.</doc>
<status status="PASS" start="2024-04-15T06:17:54.632853" elapsed="0.000361"/>
</kw>
<kw name="Should Match Regexp" owner="BuiltIn">
<arg>${json_data['results'][0]['email']}</arg>
<arg>^[a-zA-Z0-9._%+-]+@[a-zA-Z0-9.-]+\.[a-zA-Z]{2,}$</arg>
<doc>Fails if ``string`` does not match ``pattern`` as a regular expression.</doc>
<status status="PASS" start="2024-04-15T06:17:54.633407" elapsed="0.000512"/>
</kw>
<kw name="Should Match Regexp" owner="BuiltIn">
<arg>${json_data['results'][0]['dob']['date']}</arg>
<arg>\\d{4}-\\d{2}-\\d{2}T\\d{2}:\\d{2}:\\d{2}\\.\\d{3}Z</arg>
<doc>Fails if ``string`` does not match ``pattern`` as a regular expression.</doc>
<status status="PASS" start="2024-04-15T06:17:54.634114" elapsed="0.000496"/>
</kw>
<kw name="Should Match Regexp" owner="BuiltIn">
<arg>${json_data['results'][0]['registered']['date']}</arg>
<arg>\\d{4}-\\d{2}-\\d{2}T\\d{2}:\\d{2}:\\d{2}\\.\\d{3}Z</arg>
<doc>Fails if ``string`` does not match ``pattern`` as a regular expression.</doc>
<status status="PASS" start="2024-04-15T06:17:54.634807" elapsed="0.000365"/>
</kw>
<kw name="Should Match Regexp" owner="BuiltIn">
<arg>${json_data['results'][0]['picture']['large']}</arg>
<arg>^https?://.*\.(?:png|jpe?g|gif|bmp)$</arg>
<doc>Fails if ``string`` does not match ``pattern`` as a regular expression.</doc>
<status status="PASS" start="2024-04-15T06:17:54.635404" elapsed="0.000468"/>
</kw>
<kw name="Should Match Regexp" owner="BuiltIn">
<arg>${json_data['results'][0]['picture']['medium']}</arg>
<arg>^https?://.*\.(?:png|jpe?g|gif|bmp)$</arg>
<doc>Fails if ``string`` does not match ``pattern`` as a regular expression.</doc>
<status status="PASS" start="2024-04-15T06:17:54.636063" elapsed="0.000351"/>
</kw>
<kw name="Should Match Regexp" owner="BuiltIn">
<arg>${json_data['results'][0]['picture']['thumbnail']}</arg>
<arg>^https?://.*\.(?:png|jpe?g|gif|bmp)$</arg>
<doc>Fails if ``string`` does not match ``pattern`` as a regular expression.</doc>
<status status="PASS" start="2024-04-15T06:17:54.636609" elapsed="0.000356"/>
</kw>
<kw name="Log" owner="BuiltIn">
<msg time="2024-04-15T06:17:54.637472" level="INFO">{'large': 'https://randomuser.me/api/portraits/men/8.jpg', 'medium': 'https://randomuser.me/api/portraits/med/men/8.jpg', 'thumbnail': 'https://randomuser.me/api/portraits/thumb/men/8.jpg'}</msg>
<arg>${json_data['results'][0]['picture']}</arg>
<doc>Logs the given message with the given level.</doc>
<status status="PASS" start="2024-04-15T06:17:54.637145" elapsed="0.000369"/>
</kw>
<status status="PASS" start="2024-04-15T06:17:54.533887" elapsed="0.103893"/>
</kw>
<kw name="Teste de Tipos de Dados - Postcode" owner="random-user-service">
<kw name="GET On Session" owner="RequestsLibrary">
<msg time="2024-04-15T06:17:54.734858" level="INFO">GET Request : url=https://randomuser.me/api 
 path_url=/api 
 headers={'User-Agent': 'python-requests/2.31.0', 'Accept-Encoding': 'gzip, deflate', 'Accept': '*/*', 'Connection': 'keep-alive'} 
 body=None 
 </msg>
<msg time="2024-04-15T06:17:54.734946" level="INFO">GET Response : url=https://randomuser.me/api 
 status=200, reason=OK 
 headers={'Date': 'Mon, 15 Apr 2024 06:17:54 GMT', 'Content-Type': 'application/json; charset=utf-8', 'Transfer-Encoding': 'chunked', 'Connection': 'keep-alive', 'X-Powered-By': 'Express', 'Access-Control-Allow-Origin': '*', 'Cache-Control': 'no-cache', 'ETag': 'W/"4a1-rA0g7s6fUYUVzhIY6RjO5sVIie0"', 'Vary': 'Accept-Encoding', 'Content-Encoding': 'gzip', 'CF-Cache-Status': 'DYNAMIC', 'Report-To': '{"endpoints":[{"url":"https:\\/\\/a.nel.cloudflare.com\\/report\\/v4?s=MLhh8zgalymxRZYKBMzZhvQEq2BVnfzzmIs1oh32Wj2nQ92N1AdUdBLzO%2FeyZfaaRIoaDqgMvpbrcXdN82thJS3N%2BXJFMa6X0mD4KORAIltNodDmVOKm9apd1SYnF0bW"}],"group":"cf-nel","max_age":604800}', 'NEL': '{"success_fraction":0,"report_to":"cf-nel","max_age":604800}', 'Server': 'cloudflare', 'CF-RAY': '8749d0b48b252f10-LAX', 'alt-svc': 'h3=":443"; ma=86400'} 
 body={"results":[{"gender":"female","name":{"title":"Mrs","first":"Genesis","last":"Vasquez"},"location":{"street":{"number":6040,"name":"Pockrus Page Rd"},"city":"Dubbo","state":"Northern Territory","country":"Australia","postcode":8604,"coordinates":{"latitude":"-85.0501","longitude":"21.2669"},"timezone":{"offset":"+8:00","description":"Beijing, Perth, Singapore, Hong Kong"}},"email":"genesis.vasquez@example.com","login":{"uuid":"5e7d9a54-2cea-455d-a7fc-86d864bfe0a8","username":"smalllion459","password":"wayne1","salt":"Y5Qxw2PB","md5":"61c2b0dcc41dfe0ac4af7d925252d35b","sha1":"440ddd50f8bb8541ad01b65ca8edc8f4313b2386","sha256":"46ae1eb8219ce32f0051b0298647816a2a33ce27c484e8169df83e1cfb55240c"},"dob":{"date":"1991-09-23T04:08:43.082Z","age":32},"registered":{"date":"2013-02-04T13:59:27.276Z","age":11},"phone":"02-7990-6505","cell":"0429-190-878","id":{"name":"TFN","value":"053874154"},"picture":{"large":"https://randomuser.me/api/portraits/women/38.jpg","medium":"https://randomuser.me/api/portraits/med/women/38.jpg","thumbnail":"https://randomuser.me/api/portraits/thumb/women/38.jpg"},"nat":"AU"}],"info":{"seed":"ef6e098091493cf0","results":1,"page":1,"version":"1.4"}} 
 </msg>
<msg time="2024-04-15T06:17:54.735030" level="INFO">/opt/hostedtoolcache/Python/3.12.2/x64/lib/python3.12/site-packages/urllib3/connectionpool.py:1103: InsecureRequestWarning: Unverified HTTPS request is being made to host 'randomuser.me'. Adding certificate verification is strongly advised. See: https://urllib3.readthedocs.io/en/latest/advanced-usage.html#tls-warnings
  warnings.warn(</msg>
<msg time="2024-04-15T06:17:54.735121" level="INFO">${response} = &lt;Response [200]&gt;</msg>
<var>${response}</var>
<arg>consultarAPI</arg>
<arg>/api</arg>
<doc>Sends a GET request on a previously created HTTP Session.</doc>
<status status="PASS" start="2024-04-15T06:17:54.638252" elapsed="0.096894"/>
</kw>
<kw name="Set Variable" owner="BuiltIn">
<msg time="2024-04-15T06:17:54.736054" level="INFO">${json_data} = {'results': [{'gender': 'female', 'name': {'title': 'Mrs', 'first': 'Genesis', 'last': 'Vasquez'}, 'location': {'street': {'number': 6040, 'name': 'Pockrus Page Rd'}, 'city': 'Dubbo', 'state': 'Northe...</msg>
<var>${json_data}</var>
<arg>${response.json()}</arg>
<doc>Returns the given values which can then be assigned to a variables.</doc>
<status status="PASS" start="2024-04-15T06:17:54.735611" elapsed="0.000472"/>
</kw>
<kw name="Log" owner="BuiltIn">
<msg time="2024-04-15T06:17:54.736541" level="INFO">{'results': [{'gender': 'female', 'name': {'title': 'Mrs', 'first': 'Genesis', 'last': 'Vasquez'}, 'location': {'street': {'number': 6040, 'name': 'Pockrus Page Rd'}, 'city': 'Dubbo', 'state': 'Northern Territory', 'country': 'Australia', 'postcode': 8604, 'coordinates': {'latitude': '-85.0501', 'longitude': '21.2669'}, 'timezone': {'offset': '+8:00', 'description': 'Beijing, Perth, Singapore, Hong Kong'}}, 'email': 'genesis.vasquez@example.com', 'login': {'uuid': '5e7d9a54-2cea-455d-a7fc-86d864bfe0a8', 'username': 'smalllion459', 'password': 'wayne1', 'salt': 'Y5Qxw2PB', 'md5': '61c2b0dcc41dfe0ac4af7d925252d35b', 'sha1': '440ddd50f8bb8541ad01b65ca8edc8f4313b2386', 'sha256': '46ae1eb8219ce32f0051b0298647816a2a33ce27c484e8169df83e1cfb55240c'}, 'dob': {'date': '1991-09-23T04:08:43.082Z', 'age': 32}, 'registered': {'date': '2013-02-04T13:59:27.276Z', 'age': 11}, 'phone': '02-7990-6505', 'cell': '0429-190-878', 'id': {'name': 'TFN', 'value': '053874154'}, 'picture': {'large': 'https://randomuser.me/api/portraits/women/38.jpg', 'medium': 'https://randomuser.me/api/portraits/med/women/38.jpg', 'thumbnail': 'https://randomuser.me/api/portraits/thumb/women/38.jpg'}, 'nat': 'AU'}], 'info': {'seed': 'ef6e098091493cf0', 'results': 1, 'page': 1, 'version': '1.4'}}</msg>
<arg>${json_data}</arg>
<doc>Logs the given message with the given level.</doc>
<status status="PASS" start="2024-04-15T06:17:54.736389" elapsed="0.000199"/>
</kw>
<kw name="Should Be Equal As Numbers" owner="BuiltIn">
<arg>${json_data['results'][0]['location']['postcode']}</arg>
<arg>${json_data['results'][0]['location']['postcode']}</arg>
<doc>Fails if objects are unequal after converting them to real numbers.</doc>
<status status="PASS" start="2024-04-15T06:17:54.736886" elapsed="0.000642"/>
</kw>
<kw name="Log" owner="BuiltIn">
<msg time="2024-04-15T06:17:54.738065" level="INFO">8604</msg>
<arg>${json_data['results'][0]['location']['postcode']}</arg>
<doc>Logs the given message with the given level.</doc>
<status status="PASS" start="2024-04-15T06:17:54.737730" elapsed="0.000375"/>
</kw>
<status status="PASS" start="2024-04-15T06:17:54.638011" elapsed="0.100343"/>
</kw>
<doc>Testa se os tipos de dados na resposta da API estão corretos.</doc>
<tag>testeTiposDados</tag>
<status status="PASS" start="2024-04-15T06:17:54.533352" elapsed="0.205165"/>
</test>
<test id="s1-s1-t5" name="Validar conteudo" line="35">
<kw name="Teste de Tipos de Conteudo" owner="random-user-service">
<kw name="GET On Session" owner="RequestsLibrary">
<msg time="2024-04-15T06:17:54.833304" level="INFO">GET Request : url=https://randomuser.me/api 
 path_url=/api 
 headers={'User-Agent': 'python-requests/2.31.0', 'Accept-Encoding': 'gzip, deflate', 'Accept': '*/*', 'Connection': 'keep-alive'} 
 body=None 
 </msg>
<msg time="2024-04-15T06:17:54.833374" level="INFO">GET Response : url=https://randomuser.me/api 
 status=200, reason=OK 
 headers={'Date': 'Mon, 15 Apr 2024 06:17:54 GMT', 'Content-Type': 'application/json; charset=utf-8', 'Transfer-Encoding': 'chunked', 'Connection': 'keep-alive', 'X-Powered-By': 'Express', 'Access-Control-Allow-Origin': '*', 'Cache-Control': 'no-cache', 'ETag': 'W/"472-woI39XzcDZTWkgWjRe6fMMSuaqs"', 'Vary': 'Accept-Encoding', 'Content-Encoding': 'gzip', 'CF-Cache-Status': 'DYNAMIC', 'Report-To': '{"endpoints":[{"url":"https:\\/\\/a.nel.cloudflare.com\\/report\\/v4?s=TpZr7WYmi3WVR%2Basxrp75vk0df74HkAimr2mjRexIvghErICreIGRgFFoR6ajVkCx4WI2cYjhN8ZUBtctKZEqGJ%2B7IIv6xvarW185OtX%2BXkoh2srj1zSCTAeBdZpZHmn"}],"group":"cf-nel","max_age":604800}', 'NEL': '{"success_fraction":0,"report_to":"cf-nel","max_age":604800}', 'Server': 'cloudflare', 'CF-RAY': '8749d0b52bc02f10-LAX', 'alt-svc': 'h3=":443"; ma=86400'} 
 body={"results":[{"gender":"female","name":{"title":"Ms","first":"Liva","last":"Johansen"},"location":{"street":{"number":3684,"name":"Bjergvej"},"city":"Fredeikssund","state":"Midtjylland","country":"Denmark","postcode":21094,"coordinates":{"latitude":"-41.0023","longitude":"80.0034"},"timezone":{"offset":"+4:30","description":"Kabul"}},"email":"liva.johansen@example.com","login":{"uuid":"84ba5036-1270-4bda-bd72-aae959152701","username":"blackostrich686","password":"jillian","salt":"lDbT2OE3","md5":"0db49e924396ad70e2a97b9c03186bf3","sha1":"28f732c018959a2ca5ec219aa25730cdfdb1baa1","sha256":"e1da59ee8bc84a5980ef229b22617b89dca9836bca30e4426f73af900d34f583"},"dob":{"date":"1994-08-20T08:50:19.123Z","age":29},"registered":{"date":"2014-10-27T20:13:06.362Z","age":9},"phone":"60314009","cell":"48351507","id":{"name":"CPR","value":"200894-4917"},"picture":{"large":"https://randomuser.me/api/portraits/women/33.jpg","medium":"https://randomuser.me/api/portraits/med/women/33.jpg","thumbnail":"https://randomuser.me/api/portraits/thumb/women/33.jpg"},"nat":"DK"}],"info":{"seed":"b5c33791ef6aa787","results":1,"page":1,"version":"1.4"}} 
 </msg>
<msg time="2024-04-15T06:17:54.833434" level="INFO">/opt/hostedtoolcache/Python/3.12.2/x64/lib/python3.12/site-packages/urllib3/connectionpool.py:1103: InsecureRequestWarning: Unverified HTTPS request is being made to host 'randomuser.me'. Adding certificate verification is strongly advised. See: https://urllib3.readthedocs.io/en/latest/advanced-usage.html#tls-warnings
  warnings.warn(</msg>
<msg time="2024-04-15T06:17:54.833526" level="INFO">${response} = &lt;Response [200]&gt;</msg>
<var>${response}</var>
<arg>consultarAPI</arg>
<arg>/api</arg>
<doc>Sends a GET request on a previously created HTTP Session.</doc>
<status status="PASS" start="2024-04-15T06:17:54.741099" elapsed="0.092469"/>
</kw>
<kw name="Set Variable" owner="BuiltIn">
<msg time="2024-04-15T06:17:54.834607" level="INFO">${json_data} = {'results': [{'gender': 'female', 'name': {'title': 'Ms', 'first': 'Liva', 'last': 'Johansen'}, 'location': {'street': {'number': 3684, 'name': 'Bjergvej'}, 'city': 'Fredeikssund', 'state': 'Midtjylla...</msg>
<var>${json_data}</var>
<arg>${response.json()}</arg>
<doc>Returns the given values which can then be assigned to a variables.</doc>
<status status="PASS" start="2024-04-15T06:17:54.834044" elapsed="0.000592"/>
</kw>
<kw name="Set Variable" owner="BuiltIn">
<msg time="2024-04-15T06:17:54.835386" level="INFO">${name_title} = Ms</msg>
<var>${name_title}</var>
<arg>${json_data["results"][0]["name"]["title"]}</arg>
<doc>Returns the given values which can then be assigned to a variables.</doc>
<status status="PASS" start="2024-04-15T06:17:54.834949" elapsed="0.000464"/>
</kw>
<kw name="Create List" owner="BuiltIn">
<msg time="2024-04-15T06:17:54.835874" level="INFO">${allowed_titles} = ['Mr', 'Ms', 'Miss', 'Mrs', 'Madame', 'Monsieur']</msg>
<var>${allowed_titles}</var>
<arg>Mr</arg>
<arg>Ms</arg>
<arg>Miss</arg>
<arg>Mrs</arg>
<arg>Madame</arg>
<arg>Monsieur</arg>
<doc>Returns a list containing given items.</doc>
<status status="PASS" start="2024-04-15T06:17:54.835721" elapsed="0.000178"/>
</kw>
<kw name="List Should Contain Value" owner="Collections">
<msg time="2024-04-15T06:17:54.836386" level="INFO">False</msg>
<arg>${allowed_titles}</arg>
<arg>${name_title}</arg>
<doc>Fails if the ``value`` is not found from ``list``.</doc>
<status status="PASS" start="2024-04-15T06:17:54.836205" elapsed="0.000219"/>
</kw>
<kw name="Set Variable" owner="BuiltIn">
<msg time="2024-04-15T06:17:54.837098" level="INFO">${name_country} = DK</msg>
<var>${name_country}</var>
<arg>${json_data["results"][0]["nat"]}</arg>
<doc>Returns the given values which can then be assigned to a variables.</doc>
<status status="PASS" start="2024-04-15T06:17:54.836716" elapsed="0.000408"/>
</kw>
<kw name="Create List" owner="BuiltIn">
<msg time="2024-04-15T06:17:54.838054" level="INFO">${list_country} = ['AD', 'AE', 'AF', 'AG', 'AI', 'AL', 'AM', 'AO', 'AQ', 'AR', 'AS', 'AT', 'AU', 'AW', 'AX', 'AZ', 'BA', 'BB', 'BD', 'BE', 'BF', 'BG', 'BH', 'BI', 'BJ', 'BL', 'BM', 'BN', 'BO', 'BQ', 'BR', 'BS', 'BT', '...</msg>
<var>${list_country}</var>
<arg>AD</arg>
<arg>AE</arg>
<arg>AF</arg>
<arg>AG</arg>
<arg>AI</arg>
<arg>AL</arg>
<arg>AM</arg>
<arg>AO</arg>
<arg>AQ</arg>
<arg>AR</arg>
<arg>AS</arg>
<arg>AT</arg>
<arg>AU</arg>
<arg>AW</arg>
<arg>AX</arg>
<arg>AZ</arg>
<arg>BA</arg>
<arg>BB</arg>
<arg>BD</arg>
<arg>BE</arg>
<arg>BF</arg>
<arg>BG</arg>
<arg>BH</arg>
<arg>BI</arg>
<arg>BJ</arg>
<arg>BL</arg>
<arg>BM</arg>
<arg>BN</arg>
<arg>BO</arg>
<arg>BQ</arg>
<arg>BR</arg>
<arg>BS</arg>
<arg>BT</arg>
<arg>BV</arg>
<arg>BW</arg>
<arg>BY</arg>
<arg>BZ</arg>
<arg>CA</arg>
<arg>CC</arg>
<arg>CD</arg>
<arg>CF</arg>
<arg>CG</arg>
<arg>CH</arg>
<arg>CI</arg>
<arg>CK</arg>
<arg>CL</arg>
<arg>CM</arg>
<arg>CN</arg>
<arg>CO</arg>
<arg>CR</arg>
<arg>CU</arg>
<arg>CV</arg>
<arg>CW</arg>
<arg>CX</arg>
<arg>CY</arg>
<arg>CZ</arg>
<arg>DE</arg>
<arg>DJ</arg>
<arg>DK</arg>
<arg>DM</arg>
<arg>DO</arg>
<arg>DZ</arg>
<arg>EC</arg>
<arg>EE</arg>
<arg>EG</arg>
<arg>EH</arg>
<arg>ER</arg>
<arg>ES</arg>
<arg>ET</arg>
<arg>FI</arg>
<arg>FJ</arg>
<arg>FK</arg>
<arg>FM</arg>
<arg>FO</arg>
<arg>FR</arg>
<arg>GA</arg>
<arg>GB</arg>
<arg>GD</arg>
<arg>GE</arg>
<arg>GF</arg>
<arg>GG</arg>
<arg>GH</arg>
<arg>GI</arg>
<arg>GL</arg>
<arg>GM</arg>
<arg>GN</arg>
<arg>GP</arg>
<arg>GQ</arg>
<arg>GR</arg>
<arg>GS</arg>
<arg>GT</arg>
<arg>GU</arg>
<arg>GW</arg>
<arg>GY</arg>
<arg>HK</arg>
<arg>HM</arg>
<arg>HN</arg>
<arg>HR</arg>
<arg>HT</arg>
<arg>HU</arg>
<arg>ID</arg>
<arg>IE</arg>
<arg>IL</arg>
<arg>IM</arg>
<arg>IN</arg>
<arg>IO</arg>
<arg>IQ</arg>
<arg>IR</arg>
<arg>IS</arg>
<arg>IT</arg>
<arg>JE</arg>
<arg>JM</arg>
<arg>JO</arg>
<arg>JP</arg>
<arg>KE</arg>
<arg>KG</arg>
<arg>KH</arg>
<arg>KI</arg>
<arg>KM</arg>
<arg>KN</arg>
<arg>KP</arg>
<arg>KR</arg>
<arg>KW</arg>
<arg>KY</arg>
<arg>KZ</arg>
<arg>LA</arg>
<arg>LB</arg>
<arg>LC</arg>
<arg>LI</arg>
<arg>LK</arg>
<arg>LR</arg>
<arg>LS</arg>
<arg>LT</arg>
<arg>LU</arg>
<arg>LV</arg>
<arg>LY</arg>
<arg>MA</arg>
<arg>MC</arg>
<arg>MD</arg>
<arg>ME</arg>
<arg>MF</arg>
<arg>MG</arg>
<arg>MH</arg>
<arg>MK</arg>
<arg>ML</arg>
<arg>MM</arg>
<arg>MN</arg>
<arg>MO</arg>
<arg>MP</arg>
<arg>MQ</arg>
<arg>MR</arg>
<arg>MS</arg>
<arg>MT</arg>
<arg>MU</arg>
<arg>MV</arg>
<arg>MW</arg>
<arg>MX</arg>
<arg>MY</arg>
<arg>MZ</arg>
<arg>NA</arg>
<arg>NC</arg>
<arg>NE</arg>
<arg>NF</arg>
<arg>NG</arg>
<arg>NI</arg>
<arg>NL</arg>
<arg>NO</arg>
<arg>NP</arg>
<arg>NR</arg>
<arg>NU</arg>
<arg>NZ</arg>
<arg>OM</arg>
<arg>PA</arg>
<arg>PE</arg>
<arg>PF</arg>
<arg>PG</arg>
<arg>PH</arg>
<arg>PK</arg>
<arg>PL</arg>
<arg>PM</arg>
<arg>PN</arg>
<arg>PR</arg>
<arg>PS</arg>
<arg>PT</arg>
<arg>PW</arg>
<arg>PY</arg>
<arg>QA</arg>
<arg>RE</arg>
<arg>RO</arg>
<arg>RS</arg>
<arg>RU</arg>
<arg>RW</arg>
<arg>SA</arg>
<arg>SB</arg>
<arg>SC</arg>
<arg>SD</arg>
<arg>SE</arg>
<arg>SG</arg>
<arg>SH</arg>
<arg>SI</arg>
<arg>SJ</arg>
<arg>SK</arg>
<arg>SL</arg>
<arg>SM</arg>
<arg>SN</arg>
<arg>SO</arg>
<arg>SR</arg>
<arg>SS</arg>
<arg>ST</arg>
<arg>SV</arg>
<arg>SX</arg>
<arg>SY</arg>
<arg>SZ</arg>
<arg>TC</arg>
<arg>TD</arg>
<arg>TF</arg>
<arg>TG</arg>
<arg>TH</arg>
<arg>TJ</arg>
<arg>TK</arg>
<arg>TL</arg>
<arg>TM</arg>
<arg>TN</arg>
<arg>TO</arg>
<arg>TR</arg>
<arg>TT</arg>
<arg>TV</arg>
<arg>TW</arg>
<arg>TZ</arg>
<arg>UA</arg>
<arg>UG</arg>
<arg>UM</arg>
<arg>US</arg>
<arg>UY</arg>
<arg>UZ</arg>
<arg>VA</arg>
<arg>VC</arg>
<arg>VE</arg>
<arg>VG</arg>
<arg>VI</arg>
<arg>VN</arg>
<arg>VU</arg>
<arg>WF</arg>
<arg>WS</arg>
<arg>XK</arg>
<arg>YE</arg>
<arg>YT</arg>
<arg>ZA</arg>
<arg>ZM</arg>
<arg>ZW</arg>
<doc>Returns a list containing given items.</doc>
<status status="PASS" start="2024-04-15T06:17:54.837437" elapsed="0.000643"/>
</kw>
<kw name="List Should Contain Value" owner="Collections">
<msg time="2024-04-15T06:17:54.839074" level="INFO">False</msg>
<arg>${list_country}</arg>
<arg>${name_country}</arg>
<doc>Fails if the ``value`` is not found from ``list``.</doc>
<status status="PASS" start="2024-04-15T06:17:54.838863" elapsed="0.000257"/>
</kw>
<kw name="Run Keyword If" owner="BuiltIn">
<kw name="Should Be True" owner="BuiltIn">
<arg>${True}</arg>
<doc>Fails if the given condition is not true.</doc>
<status status="PASS" start="2024-04-15T06:17:54.840357" elapsed="0.000148"/>
</kw>
<arg>${json_data["results"][0]["location"]["coordinates"]["latitude"]} &gt;= -90 and ${json_data["results"][0]["location"]["coordinates"]["latitude"]} &lt;= 90</arg>
<arg>Should Be True</arg>
<arg>${True}</arg>
<doc>Runs the given keyword with the given arguments, if ``condition`` is true.</doc>
<status status="PASS" start="2024-04-15T06:17:54.839477" elapsed="0.001158"/>
</kw>
<kw name="Run Keyword If" owner="BuiltIn">
<kw name="Should Be True" owner="BuiltIn">
<arg>${True}</arg>
<doc>Fails if the given condition is not true.</doc>
<status status="PASS" start="2024-04-15T06:17:54.841521" elapsed="0.000146"/>
</kw>
<arg>${json_data["results"][0]["location"]["coordinates"]["longitude"]} &gt;= -180 and ${json_data["results"][0]["location"]["coordinates"]["longitude"]} &lt;= 180</arg>
<arg>Should Be True</arg>
<arg>${True}</arg>
<doc>Runs the given keyword with the given arguments, if ``condition`` is true.</doc>
<status status="PASS" start="2024-04-15T06:17:54.840825" elapsed="0.000966"/>
</kw>
<status status="PASS" start="2024-04-15T06:17:54.740872" elapsed="0.101049"/>
</kw>
<doc>Testa o conteúdo específico dos campos retornados pela API.</doc>
<tag>testeConteudo</tag>
<status status="PASS" start="2024-04-15T06:17:54.740324" elapsed="0.101747"/>
</test>
<status status="PASS" start="2024-04-15T06:17:53.956591" elapsed="0.887474"/>
</suite>
<status status="PASS" start="2024-04-15T06:17:53.942771" elapsed="0.906660"/>
</suite>
<statistics>
<total>
<stat pass="5" fail="0" skip="0">All Tests</stat>
</total>
<tag>
<stat pass="1" fail="0" skip="0">testeConteudo</stat>
<stat pass="1" fail="0" skip="0">testeEstruturaResposta</stat>
<stat pass="1" fail="0" skip="0">testeRequisicaoBasica</stat>
<stat pass="1" fail="0" skip="0">testeTiposDados</stat>
</tag>
<suite>
<stat pass="5" fail="0" skip="0" id="s1" name="Tests">Tests</stat>
<stat pass="5" fail="0" skip="0" id="s1-s1" name="Random-User-Test">Tests.Random-User-Test</stat>
</suite>
</statistics>
<errors>
</errors>
</robot>
