<?xml version="1.0" encoding="UTF-8"?>
<robot generator="Robot 7.0 (Python 3.12.3 on linux)" generated="2024-06-06T21:15:05.466362" rpa="false" schemaversion="5">
<suite id="s1" name="Tests" source="/home/runner/work/ApiRandomUser/ApiRandomUser/RamdonUser/tests">
<suite id="s1-s1" name="Random-User-Test" source="/home/runner/work/ApiRandomUser/ApiRandomUser/RamdonUser/tests/random-user-test.robot">
<test id="s1-s1-t1" name="Conectar" line="13">
<kw name="Conectar API" owner="random-user-service">
<kw name="Create Session" owner="RequestsLibrary">
<msg time="2024-06-06T21:15:05.847701" level="INFO">Creating Session using : alias=consultarAPI, url=https://randomuser.me/, headers={},                     cookies={}, auth=None, timeout=None, proxies=None, verify=False,                     debug=0 </msg>
<arg>consultarAPI</arg>
<arg>${URL}</arg>
<doc>Create Session: create a HTTP session to a server</doc>
<status status="PASS" start="2024-06-06T21:15:05.847506" elapsed="0.000358"/>
</kw>
<status status="PASS" start="2024-06-06T21:15:05.846530" elapsed="0.001702"/>
</kw>
<status status="PASS" start="2024-06-06T21:15:05.846014" elapsed="0.002410"/>
</test>
<test id="s1-s1-t2" name="Validar retorno 200 e JSON Válido" line="16">
<kw name="Teste de Requisicao Basica" owner="random-user-service">
<kw name="GET On Session" owner="RequestsLibrary">
<msg time="2024-06-06T21:15:05.933834" level="INFO">GET Request : url=https://randomuser.me/api 
 path_url=/api 
 headers={'User-Agent': 'python-requests/2.32.3', 'Accept-Encoding': 'gzip, deflate', 'Accept': '*/*', 'Connection': 'keep-alive'} 
 body=None 
 </msg>
<msg time="2024-06-06T21:15:05.933962" level="INFO">GET Response : url=https://randomuser.me/api 
 status=200, reason=OK 
 headers={'Date': 'Thu, 06 Jun 2024 21:15:05 GMT', 'Content-Type': 'application/json; charset=utf-8', 'Transfer-Encoding': 'chunked', 'Connection': 'keep-alive', 'X-Powered-By': 'Express', 'Access-Control-Allow-Origin': '*', 'Cache-Control': 'no-cache', 'ETag': 'W/"482-QG5Og90bFMpiZp64469b5YwdJqs"', 'Vary': 'Accept-Encoding', 'Content-Encoding': 'gzip', 'CF-Cache-Status': 'DYNAMIC', 'Report-To': '{"endpoints":[{"url":"https:\\/\\/a.nel.cloudflare.com\\/report\\/v4?s=tz6o%2Bh70isyFwvWHyLw3HkYmZcTukzl5U6FT81hawDZxjLbNL1AhynQu27kMFGzl6sMvOSQiShVVmWSf29EGBTuNhMhV6%2FV7TwXqBh%2FLovYJnH1KJXQHmYqfQhwNSR3x"}],"group":"cf-nel","max_age":604800}', 'NEL': '{"success_fraction":0,"report_to":"cf-nel","max_age":604800}', 'Server': 'cloudflare', 'CF-RAY': '88fb6a71df2928a6-IAD', 'alt-svc': 'h3=":443"; ma=86400'} 
 body={"results":[{"gender":"female","name":{"title":"Ms","first":"Eliza","last":"Fitzgerald"},"location":{"street":{"number":4520,"name":"Park Lane"},"city":"Rush","state":"Sligo","country":"Ireland","postcode":62761,"coordinates":{"latitude":"1.7656","longitude":"163.2305"},"timezone":{"offset":"+2:00","description":"Kaliningrad, South Africa"}},"email":"eliza.fitzgerald@example.com","login":{"uuid":"54b879cc-92f6-441b-8940-5ab939c6c279","username":"angrygoose672","password":"diehard","salt":"j8zsfRrM","md5":"9922b9628567c99849eaefe0f954d016","sha1":"89192ba28005b6f2a3a1c54dbbbf5fa8f5de60af","sha256":"005a085dc6f3eb78e6a0513dbe385b931fb88714eb2e27a0050b02fbbe6fbd0b"},"dob":{"date":"1985-03-11T17:05:39.885Z","age":39},"registered":{"date":"2013-11-06T10:13:00.982Z","age":10},"phone":"041-737-1452","cell":"081-722-5792","id":{"name":"PPS","value":"4850444T"},"picture":{"large":"https://randomuser.me/api/portraits/women/20.jpg","medium":"https://randomuser.me/api/portraits/med/women/20.jpg","thumbnail":"https://randomuser.me/api/portraits/thumb/women/20.jpg"},"nat":"IE"}],"info":{"seed":"ac4634b5f4f1a6d8","results":1,"page":1,"version":"1.4"}} 
 </msg>
<msg time="2024-06-06T21:15:05.934043" level="INFO">/opt/hostedtoolcache/Python/3.12.3/x64/lib/python3.12/site-packages/urllib3/connectionpool.py:1103: InsecureRequestWarning: Unverified HTTPS request is being made to host 'randomuser.me'. Adding certificate verification is strongly advised. See: https://urllib3.readthedocs.io/en/latest/advanced-usage.html#tls-warnings
  warnings.warn(</msg>
<msg time="2024-06-06T21:15:05.934168" level="INFO">${response} = &lt;Response [200]&gt;</msg>
<var>${response}</var>
<arg>consultarAPI</arg>
<arg>/api</arg>
<doc>Sends a GET request on a previously created HTTP Session.</doc>
<status status="PASS" start="2024-06-06T21:15:05.850993" elapsed="0.083222"/>
</kw>
<kw name="Should Be Equal As Numbers" owner="BuiltIn">
<msg time="2024-06-06T21:15:05.935032" level="INFO">Argument types are:
&lt;class 'int'&gt;
&lt;class 'str'&gt;</msg>
<arg>${response.status_code}</arg>
<arg>200</arg>
<doc>Fails if objects are unequal after converting them to real numbers.</doc>
<status status="PASS" start="2024-06-06T21:15:05.934624" elapsed="0.000471"/>
</kw>
<kw name="Log" owner="BuiltIn">
<msg time="2024-06-06T21:15:05.935767" level="INFO">200</msg>
<arg>${response.status_code}</arg>
<doc>Logs the given message with the given level.</doc>
<status status="PASS" start="2024-06-06T21:15:05.935421" elapsed="0.000393"/>
</kw>
<kw name="Set Variable" owner="BuiltIn">
<msg time="2024-06-06T21:15:05.936550" level="INFO">${json_data} = {'results': [{'gender': 'female', 'name': {'title': 'Ms', 'first': 'Eliza', 'last': 'Fitzgerald'}, 'location': {'street': {'number': 4520, 'name': 'Park Lane'}, 'city': 'Rush', 'state': 'Sligo', 'coun...</msg>
<var>${json_data}</var>
<arg>${response.json()}</arg>
<doc>Returns the given values which can then be assigned to a variables.</doc>
<status status="PASS" start="2024-06-06T21:15:05.936121" elapsed="0.000459"/>
</kw>
<kw name="Dictionary Should Contain Key" owner="Collections">
<msg time="2024-06-06T21:15:05.937048" level="INFO">False</msg>
<arg>${json_data}</arg>
<arg>results</arg>
<doc>Fails if ``key`` is not found from ``dictionary``.</doc>
<status status="PASS" start="2024-06-06T21:15:05.936880" elapsed="0.000338"/>
</kw>
<status status="PASS" start="2024-06-06T21:15:05.850743" elapsed="0.086778"/>
</kw>
<doc>Testa se a API responde corretamente e retorna um objeto JSON válido.</doc>
<tag>testeRequisicaoBasica</tag>
<status status="PASS" start="2024-06-06T21:15:05.850281" elapsed="0.087413"/>
</test>
<test id="s1-s1-t3" name="Validar estrutura de resposta" line="22">
<kw name="Teste de Estrutura de Resposta" owner="random-user-service">
<kw name="GET On Session" owner="RequestsLibrary">
<msg time="2024-06-06T21:15:06.028365" level="INFO">GET Request : url=https://randomuser.me/api 
 path_url=/api 
 headers={'User-Agent': 'python-requests/2.32.3', 'Accept-Encoding': 'gzip, deflate', 'Accept': '*/*', 'Connection': 'keep-alive'} 
 body=None 
 </msg>
<msg time="2024-06-06T21:15:06.028431" level="INFO">GET Response : url=https://randomuser.me/api 
 status=200, reason=OK 
 headers={'Date': 'Thu, 06 Jun 2024 21:15:06 GMT', 'Content-Type': 'application/json; charset=utf-8', 'Transfer-Encoding': 'chunked', 'Connection': 'keep-alive', 'X-Powered-By': 'Express', 'Access-Control-Allow-Origin': '*', 'Cache-Control': 'no-cache', 'ETag': 'W/"47f-AceCRN5tRJuDMd6xaWB/tFQWpvw"', 'Vary': 'Accept-Encoding', 'Content-Encoding': 'gzip', 'CF-Cache-Status': 'DYNAMIC', 'Report-To': '{"endpoints":[{"url":"https:\\/\\/a.nel.cloudflare.com\\/report\\/v4?s=SydzZm1%2Bly74GqK1e5eHY6SMfPymATs0swm%2FCw7ZogOJJ556oSE1RqqNo7p9G%2FuwnscPrPkTS958gJBczKOaf9fIxj01ui5ExUxIReotLbMAVusvtm1uFPw%2BzKQKOw%2Fv"}],"group":"cf-nel","max_age":604800}', 'NEL': '{"success_fraction":0,"report_to":"cf-nel","max_age":604800}', 'Server': 'cloudflare', 'CF-RAY': '88fb6a722fb828a6-IAD', 'alt-svc': 'h3=":443"; ma=86400'} 
 body={"results":[{"gender":"female","name":{"title":"Ms","first":"Liva","last":"Andersen"},"location":{"street":{"number":1702,"name":"Skagensvej"},"city":"Randers Nø","state":"Nordjylland","country":"Denmark","postcode":54621,"coordinates":{"latitude":"-45.1848","longitude":"117.2893"},"timezone":{"offset":"+6:00","description":"Almaty, Dhaka, Colombo"}},"email":"liva.andersen@example.com","login":{"uuid":"80dc2baa-75ff-401f-892c-48f20b758ff1","username":"smallfish563","password":"bremen","salt":"w90af8IL","md5":"41ad2a74008bf3e29b6f1c4d0885c3eb","sha1":"5d9c0e72c919138bc09e7630a40b56d0845e81f6","sha256":"2c07ec8383c9317d1e542ced807519ccfa1ddc14b3c22d95313c0cc820d15494"},"dob":{"date":"1998-03-08T02:40:11.219Z","age":26},"registered":{"date":"2005-02-20T19:41:07.060Z","age":19},"phone":"64359907","cell":"80123322","id":{"name":"CPR","value":"070398-8465"},"picture":{"large":"https://randomuser.me/api/portraits/women/3.jpg","medium":"https://randomuser.me/api/portraits/med/women/3.jpg","thumbnail":"https://randomuser.me/api/portraits/thumb/women/3.jpg"},"nat":"DK"}],"info":{"seed":"aa164ba7e7960e42","results":1,"page":1,"version":"1.4"}} 
 </msg>
<msg time="2024-06-06T21:15:06.028527" level="INFO">/opt/hostedtoolcache/Python/3.12.3/x64/lib/python3.12/site-packages/urllib3/connectionpool.py:1103: InsecureRequestWarning: Unverified HTTPS request is being made to host 'randomuser.me'. Adding certificate verification is strongly advised. See: https://urllib3.readthedocs.io/en/latest/advanced-usage.html#tls-warnings
  warnings.warn(</msg>
<msg time="2024-06-06T21:15:06.028620" level="INFO">${response} = &lt;Response [200]&gt;</msg>
<var>${response}</var>
<arg>consultarAPI</arg>
<arg>/api</arg>
<doc>Sends a GET request on a previously created HTTP Session.</doc>
<status status="PASS" start="2024-06-06T21:15:05.940181" elapsed="0.088476"/>
</kw>
<kw name="Set Variable" owner="BuiltIn">
<msg time="2024-06-06T21:15:06.029529" level="INFO">${json_data} = {'results': [{'gender': 'female', 'name': {'title': 'Ms', 'first': 'Liva', 'last': 'Andersen'}, 'location': {'street': {'number': 1702, 'name': 'Skagensvej'}, 'city': 'Randers Nø', 'state': 'Nordjylla...</msg>
<var>${json_data}</var>
<arg>${response.json()}</arg>
<doc>Returns the given values which can then be assigned to a variables.</doc>
<status status="PASS" start="2024-06-06T21:15:06.029035" elapsed="0.000524"/>
</kw>
<kw name="Log" owner="BuiltIn">
<msg time="2024-06-06T21:15:06.030026" level="INFO">{'results': [{'gender': 'female', 'name': {'title': 'Ms', 'first': 'Liva', 'last': 'Andersen'}, 'location': {'street': {'number': 1702, 'name': 'Skagensvej'}, 'city': 'Randers Nø', 'state': 'Nordjylland', 'country': 'Denmark', 'postcode': 54621, 'coordinates': {'latitude': '-45.1848', 'longitude': '117.2893'}, 'timezone': {'offset': '+6:00', 'description': 'Almaty, Dhaka, Colombo'}}, 'email': 'liva.andersen@example.com', 'login': {'uuid': '80dc2baa-75ff-401f-892c-48f20b758ff1', 'username': 'smallfish563', 'password': 'bremen', 'salt': 'w90af8IL', 'md5': '41ad2a74008bf3e29b6f1c4d0885c3eb', 'sha1': '5d9c0e72c919138bc09e7630a40b56d0845e81f6', 'sha256': '2c07ec8383c9317d1e542ced807519ccfa1ddc14b3c22d95313c0cc820d15494'}, 'dob': {'date': '1998-03-08T02:40:11.219Z', 'age': 26}, 'registered': {'date': '2005-02-20T19:41:07.060Z', 'age': 19}, 'phone': '64359907', 'cell': '80123322', 'id': {'name': 'CPR', 'value': '070398-8465'}, 'picture': {'large': 'https://randomuser.me/api/portraits/women/3.jpg', 'medium': 'https://randomuser.me/api/portraits/med/women/3.jpg', 'thumbnail': 'https://randomuser.me/api/portraits/thumb/women/3.jpg'}, 'nat': 'DK'}], 'info': {'seed': 'aa164ba7e7960e42', 'results': 1, 'page': 1, 'version': '1.4'}}</msg>
<arg>${json_data}</arg>
<doc>Logs the given message with the given level.</doc>
<status status="PASS" start="2024-06-06T21:15:06.029867" elapsed="0.000206"/>
</kw>
<kw name="Dictionary Should Contain Key" owner="Collections">
<msg time="2024-06-06T21:15:06.030518" level="INFO">False</msg>
<arg>${json_data}</arg>
<arg>results</arg>
<doc>Fails if ``key`` is not found from ``dictionary``.</doc>
<status status="PASS" start="2024-06-06T21:15:06.030368" elapsed="0.000187"/>
</kw>
<kw name="Should Not Be Empty" owner="BuiltIn">
<msg time="2024-06-06T21:15:06.030985" level="INFO">Length is 2.</msg>
<arg>${json_data}</arg>
<doc>Verifies that the given item is not empty.</doc>
<status status="PASS" start="2024-06-06T21:15:06.030849" elapsed="0.000174"/>
</kw>
<kw name="Create List" owner="BuiltIn">
<msg time="2024-06-06T21:15:06.031458" level="INFO">${expected_keys} = ['gender', 'name', 'location', 'email', 'login']</msg>
<var>${expected_keys}</var>
<arg>gender</arg>
<arg>name</arg>
<arg>location</arg>
<arg>email</arg>
<arg>login</arg>
<doc>Returns a list containing given items.</doc>
<status status="PASS" start="2024-06-06T21:15:06.031312" elapsed="0.000170"/>
</kw>
<for flavor="IN">
<iter>
<kw name="Dictionary Should Contain Key" owner="Collections">
<msg time="2024-06-06T21:15:06.032439" level="INFO">False</msg>
<arg>${json_data['results'][0]}</arg>
<arg>${key}</arg>
<doc>Fails if ``key`` is not found from ``dictionary``.</doc>
<status status="PASS" start="2024-06-06T21:15:06.032038" elapsed="0.000445"/>
</kw>
<kw name="Log" owner="BuiltIn">
<msg time="2024-06-06T21:15:06.033149" level="INFO">{'gender': 'female', 'name': {'title': 'Ms', 'first': 'Liva', 'last': 'Andersen'}, 'location': {'street': {'number': 1702, 'name': 'Skagensvej'}, 'city': 'Randers Nø', 'state': 'Nordjylland', 'country': 'Denmark', 'postcode': 54621, 'coordinates': {'latitude': '-45.1848', 'longitude': '117.2893'}, 'timezone': {'offset': '+6:00', 'description': 'Almaty, Dhaka, Colombo'}}, 'email': 'liva.andersen@example.com', 'login': {'uuid': '80dc2baa-75ff-401f-892c-48f20b758ff1', 'username': 'smallfish563', 'password': 'bremen', 'salt': 'w90af8IL', 'md5': '41ad2a74008bf3e29b6f1c4d0885c3eb', 'sha1': '5d9c0e72c919138bc09e7630a40b56d0845e81f6', 'sha256': '2c07ec8383c9317d1e542ced807519ccfa1ddc14b3c22d95313c0cc820d15494'}, 'dob': {'date': '1998-03-08T02:40:11.219Z', 'age': 26}, 'registered': {'date': '2005-02-20T19:41:07.060Z', 'age': 19}, 'phone': '64359907', 'cell': '80123322', 'id': {'name': 'CPR', 'value': '070398-8465'}, 'picture': {'large': 'https://randomuser.me/api/portraits/women/3.jpg', 'medium': 'https://randomuser.me/api/portraits/med/women/3.jpg', 'thumbnail': 'https://randomuser.me/api/portraits/thumb/women/3.jpg'}, 'nat': 'DK'}</msg>
<arg>${json_data['results'][0]}</arg>
<doc>Logs the given message with the given level.</doc>
<status status="PASS" start="2024-06-06T21:15:06.032781" elapsed="0.000418"/>
</kw>
<kw name="Log" owner="BuiltIn">
<msg time="2024-06-06T21:15:06.033686" level="INFO">gender</msg>
<arg>${key}</arg>
<doc>Logs the given message with the given level.</doc>
<status status="PASS" start="2024-06-06T21:15:06.033543" elapsed="0.000181"/>
</kw>
<var name="${key}">gender</var>
<status status="PASS" start="2024-06-06T21:15:06.031914" elapsed="0.002033"/>
</iter>
<iter>
<kw name="Dictionary Should Contain Key" owner="Collections">
<msg time="2024-06-06T21:15:06.034647" level="INFO">False</msg>
<arg>${json_data['results'][0]}</arg>
<arg>${key}</arg>
<doc>Fails if ``key`` is not found from ``dictionary``.</doc>
<status status="PASS" start="2024-06-06T21:15:06.034248" elapsed="0.000438"/>
</kw>
<kw name="Log" owner="BuiltIn">
<msg time="2024-06-06T21:15:06.035375" level="INFO">{'gender': 'female', 'name': {'title': 'Ms', 'first': 'Liva', 'last': 'Andersen'}, 'location': {'street': {'number': 1702, 'name': 'Skagensvej'}, 'city': 'Randers Nø', 'state': 'Nordjylland', 'country': 'Denmark', 'postcode': 54621, 'coordinates': {'latitude': '-45.1848', 'longitude': '117.2893'}, 'timezone': {'offset': '+6:00', 'description': 'Almaty, Dhaka, Colombo'}}, 'email': 'liva.andersen@example.com', 'login': {'uuid': '80dc2baa-75ff-401f-892c-48f20b758ff1', 'username': 'smallfish563', 'password': 'bremen', 'salt': 'w90af8IL', 'md5': '41ad2a74008bf3e29b6f1c4d0885c3eb', 'sha1': '5d9c0e72c919138bc09e7630a40b56d0845e81f6', 'sha256': '2c07ec8383c9317d1e542ced807519ccfa1ddc14b3c22d95313c0cc820d15494'}, 'dob': {'date': '1998-03-08T02:40:11.219Z', 'age': 26}, 'registered': {'date': '2005-02-20T19:41:07.060Z', 'age': 19}, 'phone': '64359907', 'cell': '80123322', 'id': {'name': 'CPR', 'value': '070398-8465'}, 'picture': {'large': 'https://randomuser.me/api/portraits/women/3.jpg', 'medium': 'https://randomuser.me/api/portraits/med/women/3.jpg', 'thumbnail': 'https://randomuser.me/api/portraits/thumb/women/3.jpg'}, 'nat': 'DK'}</msg>
<arg>${json_data['results'][0]}</arg>
<doc>Logs the given message with the given level.</doc>
<status status="PASS" start="2024-06-06T21:15:06.035012" elapsed="0.000412"/>
</kw>
<kw name="Log" owner="BuiltIn">
<msg time="2024-06-06T21:15:06.035857" level="INFO">name</msg>
<arg>${key}</arg>
<doc>Logs the given message with the given level.</doc>
<status status="PASS" start="2024-06-06T21:15:06.035724" elapsed="0.000172"/>
</kw>
<var name="${key}">name</var>
<status status="PASS" start="2024-06-06T21:15:06.034133" elapsed="0.001978"/>
</iter>
<iter>
<kw name="Dictionary Should Contain Key" owner="Collections">
<msg time="2024-06-06T21:15:06.036777" level="INFO">False</msg>
<arg>${json_data['results'][0]}</arg>
<arg>${key}</arg>
<doc>Fails if ``key`` is not found from ``dictionary``.</doc>
<status status="PASS" start="2024-06-06T21:15:06.036400" elapsed="0.000414"/>
</kw>
<kw name="Log" owner="BuiltIn">
<msg time="2024-06-06T21:15:06.037517" level="INFO">{'gender': 'female', 'name': {'title': 'Ms', 'first': 'Liva', 'last': 'Andersen'}, 'location': {'street': {'number': 1702, 'name': 'Skagensvej'}, 'city': 'Randers Nø', 'state': 'Nordjylland', 'country': 'Denmark', 'postcode': 54621, 'coordinates': {'latitude': '-45.1848', 'longitude': '117.2893'}, 'timezone': {'offset': '+6:00', 'description': 'Almaty, Dhaka, Colombo'}}, 'email': 'liva.andersen@example.com', 'login': {'uuid': '80dc2baa-75ff-401f-892c-48f20b758ff1', 'username': 'smallfish563', 'password': 'bremen', 'salt': 'w90af8IL', 'md5': '41ad2a74008bf3e29b6f1c4d0885c3eb', 'sha1': '5d9c0e72c919138bc09e7630a40b56d0845e81f6', 'sha256': '2c07ec8383c9317d1e542ced807519ccfa1ddc14b3c22d95313c0cc820d15494'}, 'dob': {'date': '1998-03-08T02:40:11.219Z', 'age': 26}, 'registered': {'date': '2005-02-20T19:41:07.060Z', 'age': 19}, 'phone': '64359907', 'cell': '80123322', 'id': {'name': 'CPR', 'value': '070398-8465'}, 'picture': {'large': 'https://randomuser.me/api/portraits/women/3.jpg', 'medium': 'https://randomuser.me/api/portraits/med/women/3.jpg', 'thumbnail': 'https://randomuser.me/api/portraits/thumb/women/3.jpg'}, 'nat': 'DK'}</msg>
<arg>${json_data['results'][0]}</arg>
<doc>Logs the given message with the given level.</doc>
<status status="PASS" start="2024-06-06T21:15:06.037130" elapsed="0.000440"/>
</kw>
<kw name="Log" owner="BuiltIn">
<msg time="2024-06-06T21:15:06.038014" level="INFO">location</msg>
<arg>${key}</arg>
<doc>Logs the given message with the given level.</doc>
<status status="PASS" start="2024-06-06T21:15:06.037886" elapsed="0.000166"/>
</kw>
<var name="${key}">location</var>
<status status="PASS" start="2024-06-06T21:15:06.036288" elapsed="0.001978"/>
</iter>
<iter>
<kw name="Dictionary Should Contain Key" owner="Collections">
<msg time="2024-06-06T21:15:06.039026" level="INFO">False</msg>
<arg>${json_data['results'][0]}</arg>
<arg>${key}</arg>
<doc>Fails if ``key`` is not found from ``dictionary``.</doc>
<status status="PASS" start="2024-06-06T21:15:06.038550" elapsed="0.000514"/>
</kw>
<kw name="Log" owner="BuiltIn">
<msg time="2024-06-06T21:15:06.039718" level="INFO">{'gender': 'female', 'name': {'title': 'Ms', 'first': 'Liva', 'last': 'Andersen'}, 'location': {'street': {'number': 1702, 'name': 'Skagensvej'}, 'city': 'Randers Nø', 'state': 'Nordjylland', 'country': 'Denmark', 'postcode': 54621, 'coordinates': {'latitude': '-45.1848', 'longitude': '117.2893'}, 'timezone': {'offset': '+6:00', 'description': 'Almaty, Dhaka, Colombo'}}, 'email': 'liva.andersen@example.com', 'login': {'uuid': '80dc2baa-75ff-401f-892c-48f20b758ff1', 'username': 'smallfish563', 'password': 'bremen', 'salt': 'w90af8IL', 'md5': '41ad2a74008bf3e29b6f1c4d0885c3eb', 'sha1': '5d9c0e72c919138bc09e7630a40b56d0845e81f6', 'sha256': '2c07ec8383c9317d1e542ced807519ccfa1ddc14b3c22d95313c0cc820d15494'}, 'dob': {'date': '1998-03-08T02:40:11.219Z', 'age': 26}, 'registered': {'date': '2005-02-20T19:41:07.060Z', 'age': 19}, 'phone': '64359907', 'cell': '80123322', 'id': {'name': 'CPR', 'value': '070398-8465'}, 'picture': {'large': 'https://randomuser.me/api/portraits/women/3.jpg', 'medium': 'https://randomuser.me/api/portraits/med/women/3.jpg', 'thumbnail': 'https://randomuser.me/api/portraits/thumb/women/3.jpg'}, 'nat': 'DK'}</msg>
<arg>${json_data['results'][0]}</arg>
<doc>Logs the given message with the given level.</doc>
<status status="PASS" start="2024-06-06T21:15:06.039362" elapsed="0.000405"/>
</kw>
<kw name="Log" owner="BuiltIn">
<msg time="2024-06-06T21:15:06.040191" level="INFO">email</msg>
<arg>${key}</arg>
<doc>Logs the given message with the given level.</doc>
<status status="PASS" start="2024-06-06T21:15:06.040064" elapsed="0.000165"/>
</kw>
<var name="${key}">email</var>
<status status="PASS" start="2024-06-06T21:15:06.038439" elapsed="0.002006"/>
</iter>
<iter>
<kw name="Dictionary Should Contain Key" owner="Collections">
<msg time="2024-06-06T21:15:06.041110" level="INFO">False</msg>
<arg>${json_data['results'][0]}</arg>
<arg>${key}</arg>
<doc>Fails if ``key`` is not found from ``dictionary``.</doc>
<status status="PASS" start="2024-06-06T21:15:06.040730" elapsed="0.000418"/>
</kw>
<kw name="Log" owner="BuiltIn">
<msg time="2024-06-06T21:15:06.041848" level="INFO">{'gender': 'female', 'name': {'title': 'Ms', 'first': 'Liva', 'last': 'Andersen'}, 'location': {'street': {'number': 1702, 'name': 'Skagensvej'}, 'city': 'Randers Nø', 'state': 'Nordjylland', 'country': 'Denmark', 'postcode': 54621, 'coordinates': {'latitude': '-45.1848', 'longitude': '117.2893'}, 'timezone': {'offset': '+6:00', 'description': 'Almaty, Dhaka, Colombo'}}, 'email': 'liva.andersen@example.com', 'login': {'uuid': '80dc2baa-75ff-401f-892c-48f20b758ff1', 'username': 'smallfish563', 'password': 'bremen', 'salt': 'w90af8IL', 'md5': '41ad2a74008bf3e29b6f1c4d0885c3eb', 'sha1': '5d9c0e72c919138bc09e7630a40b56d0845e81f6', 'sha256': '2c07ec8383c9317d1e542ced807519ccfa1ddc14b3c22d95313c0cc820d15494'}, 'dob': {'date': '1998-03-08T02:40:11.219Z', 'age': 26}, 'registered': {'date': '2005-02-20T19:41:07.060Z', 'age': 19}, 'phone': '64359907', 'cell': '80123322', 'id': {'name': 'CPR', 'value': '070398-8465'}, 'picture': {'large': 'https://randomuser.me/api/portraits/women/3.jpg', 'medium': 'https://randomuser.me/api/portraits/med/women/3.jpg', 'thumbnail': 'https://randomuser.me/api/portraits/thumb/women/3.jpg'}, 'nat': 'DK'}</msg>
<arg>${json_data['results'][0]}</arg>
<doc>Logs the given message with the given level.</doc>
<status status="PASS" start="2024-06-06T21:15:06.041473" elapsed="0.000425"/>
</kw>
<kw name="Log" owner="BuiltIn">
<msg time="2024-06-06T21:15:06.042319" level="INFO">login</msg>
<arg>${key}</arg>
<doc>Logs the given message with the given level.</doc>
<status status="PASS" start="2024-06-06T21:15:06.042192" elapsed="0.000165"/>
</kw>
<var name="${key}">login</var>
<status status="PASS" start="2024-06-06T21:15:06.040620" elapsed="0.001954"/>
</iter>
<var>${key}</var>
<value>@{expected_keys}</value>
<status status="PASS" start="2024-06-06T21:15:06.031734" elapsed="0.010985"/>
</for>
<kw name="Create List" owner="BuiltIn">
<msg time="2024-06-06T21:15:06.043056" level="INFO">${expected_keysTwo} = ['username', 'password']</msg>
<var>${expected_keysTwo}</var>
<arg>username</arg>
<arg>password</arg>
<doc>Returns a list containing given items.</doc>
<status status="PASS" start="2024-06-06T21:15:06.042919" elapsed="0.000161"/>
</kw>
<for flavor="IN">
<iter>
<kw name="Dictionary Should Contain Key" owner="Collections">
<msg time="2024-06-06T21:15:06.043958" level="INFO">False</msg>
<arg>${json_data['results'][0]['login']}</arg>
<arg>${keyTwo}</arg>
<doc>Fails if ``key`` is not found from ``dictionary``.</doc>
<status status="PASS" start="2024-06-06T21:15:06.043575" elapsed="0.000420"/>
</kw>
<kw name="Dictionary Should Contain Key" owner="Collections">
<msg time="2024-06-06T21:15:06.044685" level="INFO">False</msg>
<arg>${json_data['results'][0]['login']}</arg>
<arg>${keyTwo}</arg>
<doc>Fails if ``key`` is not found from ``dictionary``.</doc>
<status status="PASS" start="2024-06-06T21:15:06.044294" elapsed="0.000428"/>
</kw>
<kw name="Log" owner="BuiltIn">
<msg time="2024-06-06T21:15:06.045142" level="INFO">username</msg>
<arg>${keyTwo}</arg>
<doc>Logs the given message with the given level.</doc>
<status status="PASS" start="2024-06-06T21:15:06.045016" elapsed="0.000163"/>
</kw>
<var name="${keyTwo}">username</var>
<status status="PASS" start="2024-06-06T21:15:06.043466" elapsed="0.001925"/>
</iter>
<iter>
<kw name="Dictionary Should Contain Key" owner="Collections">
<msg time="2024-06-06T21:15:06.046089" level="INFO">False</msg>
<arg>${json_data['results'][0]['login']}</arg>
<arg>${keyTwo}</arg>
<doc>Fails if ``key`` is not found from ``dictionary``.</doc>
<status status="PASS" start="2024-06-06T21:15:06.045711" elapsed="0.000415"/>
</kw>
<kw name="Dictionary Should Contain Key" owner="Collections">
<msg time="2024-06-06T21:15:06.046794" level="INFO">False</msg>
<arg>${json_data['results'][0]['login']}</arg>
<arg>${keyTwo}</arg>
<doc>Fails if ``key`` is not found from ``dictionary``.</doc>
<status status="PASS" start="2024-06-06T21:15:06.046418" elapsed="0.000413"/>
</kw>
<kw name="Log" owner="BuiltIn">
<msg time="2024-06-06T21:15:06.047251" level="INFO">password</msg>
<arg>${keyTwo}</arg>
<doc>Logs the given message with the given level.</doc>
<status status="PASS" start="2024-06-06T21:15:06.047125" elapsed="0.000163"/>
</kw>
<var name="${keyTwo}">password</var>
<status status="PASS" start="2024-06-06T21:15:06.045600" elapsed="0.001904"/>
</iter>
<var>${keyTwo}</var>
<value>@{expected_keysTwo}</value>
<status status="PASS" start="2024-06-06T21:15:06.043314" elapsed="0.004307"/>
</for>
<status status="PASS" start="2024-06-06T21:15:05.939946" elapsed="0.107813"/>
</kw>
<doc>Testa a estrutura da resposta da API.</doc>
<tag>testeEstruturaResposta</tag>
<status status="PASS" start="2024-06-06T21:15:05.939459" elapsed="0.108446"/>
</test>
<test id="s1-s1-t4" name="Validar tipos de dados" line="28">
<kw name="Teste de Tipos de Dados" owner="random-user-service">
<kw name="GET On Session" owner="RequestsLibrary">
<msg time="2024-06-06T21:15:06.131371" level="INFO">GET Request : url=https://randomuser.me/api 
 path_url=/api 
 headers={'User-Agent': 'python-requests/2.32.3', 'Accept-Encoding': 'gzip, deflate', 'Accept': '*/*', 'Connection': 'keep-alive'} 
 body=None 
 </msg>
<msg time="2024-06-06T21:15:06.131454" level="INFO">GET Response : url=https://randomuser.me/api 
 status=200, reason=OK 
 headers={'Date': 'Thu, 06 Jun 2024 21:15:06 GMT', 'Content-Type': 'application/json; charset=utf-8', 'Transfer-Encoding': 'chunked', 'Connection': 'keep-alive', 'X-Powered-By': 'Express', 'Access-Control-Allow-Origin': '*', 'Cache-Control': 'no-cache', 'ETag': 'W/"497-pQpYq62c8qNgSQVFFuYl0tG+Z1c"', 'Vary': 'Accept-Encoding', 'Content-Encoding': 'gzip', 'CF-Cache-Status': 'DYNAMIC', 'Report-To': '{"endpoints":[{"url":"https:\\/\\/a.nel.cloudflare.com\\/report\\/v4?s=8GWugclmQ%2FTlP0BZFoS1L1q0nh4uLxa3G1HAicBQqbTRadH2gqB0dS3k9kBOe8kLxrUmcLOGekBxfkr8czaU%2BMWndyJDnAS%2FWqF4uJgOtG5X%2Byyp8OImTtMdvA0Oi2X0"}],"group":"cf-nel","max_age":604800}', 'NEL': '{"success_fraction":0,"report_to":"cf-nel","max_age":604800}', 'Server': 'cloudflare', 'CF-RAY': '88fb6a72d89c28a6-IAD', 'alt-svc': 'h3=":443"; ma=86400'} 
 body={"results":[{"gender":"female","name":{"title":"Miss","first":"Alexandra","last":"Green"},"location":{"street":{"number":4954,"name":"The Crescent"},"city":"Nottingham","state":"Powys","country":"United Kingdom","postcode":"VU9G 6GG","coordinates":{"latitude":"-6.1771","longitude":"62.2623"},"timezone":{"offset":"-11:00","description":"Midway Island, Samoa"}},"email":"alexandra.green@example.com","login":{"uuid":"05407d9b-633b-487d-94a4-113ef13c017c","username":"goldencat176","password":"pharmacy","salt":"olUIDZfp","md5":"0b9f32276a458af14ce07edb9ad7c2cc","sha1":"a8accc3880b98449968b69f5e0920ac316bad8bc","sha256":"f4655467e8ae65b3e031238de83a2c78d2c388077d87a0ec37f44dd29a7ccbaa"},"dob":{"date":"1956-01-20T02:05:01.318Z","age":68},"registered":{"date":"2019-12-28T11:26:08.914Z","age":4},"phone":"01027 01475","cell":"07445 368819","id":{"name":"NINO","value":"ZP 31 73 10 W"},"picture":{"large":"https://randomuser.me/api/portraits/women/94.jpg","medium":"https://randomuser.me/api/portraits/med/women/94.jpg","thumbnail":"https://randomuser.me/api/portraits/thumb/women/94.jpg"},"nat":"GB"}],"info":{"seed":"403c692bd6b33aa4","results":1,"page":1,"version":"1.4"}} 
 </msg>
<msg time="2024-06-06T21:15:06.131524" level="INFO">/opt/hostedtoolcache/Python/3.12.3/x64/lib/python3.12/site-packages/urllib3/connectionpool.py:1103: InsecureRequestWarning: Unverified HTTPS request is being made to host 'randomuser.me'. Adding certificate verification is strongly advised. See: https://urllib3.readthedocs.io/en/latest/advanced-usage.html#tls-warnings
  warnings.warn(</msg>
<msg time="2024-06-06T21:15:06.131625" level="INFO">${response} = &lt;Response [200]&gt;</msg>
<var>${response}</var>
<arg>consultarAPI</arg>
<arg>/api</arg>
<doc>Sends a GET request on a previously created HTTP Session.</doc>
<status status="PASS" start="2024-06-06T21:15:06.050337" elapsed="0.081320"/>
</kw>
<kw name="Set Variable" owner="BuiltIn">
<msg time="2024-06-06T21:15:06.132522" level="INFO">${json_data} = {'results': [{'gender': 'female', 'name': {'title': 'Miss', 'first': 'Alexandra', 'last': 'Green'}, 'location': {'street': {'number': 4954, 'name': 'The Crescent'}, 'city': 'Nottingham', 'state': 'Pow...</msg>
<var>${json_data}</var>
<arg>${response.json()}</arg>
<doc>Returns the given values which can then be assigned to a variables.</doc>
<status status="PASS" start="2024-06-06T21:15:06.132066" elapsed="0.000486"/>
</kw>
<kw name="Log" owner="BuiltIn">
<msg time="2024-06-06T21:15:06.133014" level="INFO">{'results': [{'gender': 'female', 'name': {'title': 'Miss', 'first': 'Alexandra', 'last': 'Green'}, 'location': {'street': {'number': 4954, 'name': 'The Crescent'}, 'city': 'Nottingham', 'state': 'Powys', 'country': 'United Kingdom', 'postcode': 'VU9G 6GG', 'coordinates': {'latitude': '-6.1771', 'longitude': '62.2623'}, 'timezone': {'offset': '-11:00', 'description': 'Midway Island, Samoa'}}, 'email': 'alexandra.green@example.com', 'login': {'uuid': '05407d9b-633b-487d-94a4-113ef13c017c', 'username': 'goldencat176', 'password': 'pharmacy', 'salt': 'olUIDZfp', 'md5': '0b9f32276a458af14ce07edb9ad7c2cc', 'sha1': 'a8accc3880b98449968b69f5e0920ac316bad8bc', 'sha256': 'f4655467e8ae65b3e031238de83a2c78d2c388077d87a0ec37f44dd29a7ccbaa'}, 'dob': {'date': '1956-01-20T02:05:01.318Z', 'age': 68}, 'registered': {'date': '2019-12-28T11:26:08.914Z', 'age': 4}, 'phone': '01027 01475', 'cell': '07445 368819', 'id': {'name': 'NINO', 'value': 'ZP 31 73 10 W'}, 'picture': {'large': 'https://randomuser.me/api/portraits/women/94.jpg', 'medium': 'https://randomuser.me/api/portraits/med/women/94.jpg', 'thumbnail': 'https://randomuser.me/api/portraits/thumb/women/94.jpg'}, 'nat': 'GB'}], 'info': {'seed': '403c692bd6b33aa4', 'results': 1, 'page': 1, 'version': '1.4'}}</msg>
<arg>${json_data}</arg>
<doc>Logs the given message with the given level.</doc>
<status status="PASS" start="2024-06-06T21:15:06.132863" elapsed="0.000231"/>
</kw>
<kw name="Should Be String" owner="String">
<arg>${json_data['results'][0]['gender']}</arg>
<doc>Fails if the given ``item`` is not a string.</doc>
<status status="PASS" start="2024-06-06T21:15:06.133394" elapsed="0.000422"/>
</kw>
<kw name="Should Match Regexp" owner="BuiltIn">
<arg>${json_data['results'][0]['email']}</arg>
<arg>^[a-zA-Z0-9._%+-]+@[a-zA-Z0-9.-]+\.[a-zA-Z]{2,}$</arg>
<doc>Fails if ``string`` does not match ``pattern`` as a regular expression.</doc>
<status status="PASS" start="2024-06-06T21:15:06.134010" elapsed="0.000642"/>
</kw>
<kw name="Should Match Regexp" owner="BuiltIn">
<arg>${json_data['results'][0]['dob']['date']}</arg>
<arg>\\d{4}-\\d{2}-\\d{2}T\\d{2}:\\d{2}:\\d{2}\\.\\d{3}Z</arg>
<doc>Fails if ``string`` does not match ``pattern`` as a regular expression.</doc>
<status status="PASS" start="2024-06-06T21:15:06.134849" elapsed="0.000482"/>
</kw>
<kw name="Should Match Regexp" owner="BuiltIn">
<arg>${json_data['results'][0]['registered']['date']}</arg>
<arg>\\d{4}-\\d{2}-\\d{2}T\\d{2}:\\d{2}:\\d{2}\\.\\d{3}Z</arg>
<doc>Fails if ``string`` does not match ``pattern`` as a regular expression.</doc>
<status status="PASS" start="2024-06-06T21:15:06.135525" elapsed="0.000366"/>
</kw>
<kw name="Should Match Regexp" owner="BuiltIn">
<arg>${json_data['results'][0]['picture']['large']}</arg>
<arg>^https?://.*\.(?:png|jpe?g|gif|bmp)$</arg>
<doc>Fails if ``string`` does not match ``pattern`` as a regular expression.</doc>
<status status="PASS" start="2024-06-06T21:15:06.136081" elapsed="0.000456"/>
</kw>
<kw name="Should Match Regexp" owner="BuiltIn">
<arg>${json_data['results'][0]['picture']['medium']}</arg>
<arg>^https?://.*\.(?:png|jpe?g|gif|bmp)$</arg>
<doc>Fails if ``string`` does not match ``pattern`` as a regular expression.</doc>
<status status="PASS" start="2024-06-06T21:15:06.136726" elapsed="0.000350"/>
</kw>
<kw name="Should Match Regexp" owner="BuiltIn">
<arg>${json_data['results'][0]['picture']['thumbnail']}</arg>
<arg>^https?://.*\.(?:png|jpe?g|gif|bmp)$</arg>
<doc>Fails if ``string`` does not match ``pattern`` as a regular expression.</doc>
<status status="PASS" start="2024-06-06T21:15:06.137262" elapsed="0.000402"/>
</kw>
<kw name="Log" owner="BuiltIn">
<msg time="2024-06-06T21:15:06.138172" level="INFO">{'large': 'https://randomuser.me/api/portraits/women/94.jpg', 'medium': 'https://randomuser.me/api/portraits/med/women/94.jpg', 'thumbnail': 'https://randomuser.me/api/portraits/thumb/women/94.jpg'}</msg>
<arg>${json_data['results'][0]['picture']}</arg>
<doc>Logs the given message with the given level.</doc>
<status status="PASS" start="2024-06-06T21:15:06.137851" elapsed="0.000362"/>
</kw>
<status status="PASS" start="2024-06-06T21:15:06.050107" elapsed="0.088361"/>
</kw>
<kw name="Teste de Tipos de Dados - Postcode" owner="random-user-service">
<kw name="GET On Session" owner="RequestsLibrary">
<msg time="2024-06-06T21:15:06.234696" level="INFO">GET Request : url=https://randomuser.me/api 
 path_url=/api 
 headers={'User-Agent': 'python-requests/2.32.3', 'Accept-Encoding': 'gzip, deflate', 'Accept': '*/*', 'Connection': 'keep-alive'} 
 body=None 
 </msg>
<msg time="2024-06-06T21:15:06.234781" level="INFO">GET Response : url=https://randomuser.me/api 
 status=200, reason=OK 
 headers={'Date': 'Thu, 06 Jun 2024 21:15:06 GMT', 'Content-Type': 'application/json; charset=utf-8', 'Transfer-Encoding': 'chunked', 'Connection': 'keep-alive', 'X-Powered-By': 'Express', 'Access-Control-Allow-Origin': '*', 'Cache-Control': 'no-cache', 'ETag': 'W/"4ac-ToayutaYKwZYvJ1lMylIHY3xRoY"', 'Vary': 'Accept-Encoding', 'Content-Encoding': 'gzip', 'CF-Cache-Status': 'DYNAMIC', 'Report-To': '{"endpoints":[{"url":"https:\\/\\/a.nel.cloudflare.com\\/report\\/v4?s=%2Bcy9v7efEcWD81AFtyMpDeGqZ8Op2Vlf5iF0fqjGqsEtiDjwmyr0xz0UylMeEELHKD3%2BOJ7e6wmf3WNkmq9QyHW%2FAfAb7AambvOfHYopFc9hjhOWY9myYb9evXMx4%2Buq"}],"group":"cf-nel","max_age":604800}', 'NEL': '{"success_fraction":0,"report_to":"cf-nel","max_age":604800}', 'Server': 'cloudflare', 'CF-RAY': '88fb6a7369a528a6-IAD', 'alt-svc': 'h3=":443"; ma=86400'} 
 body={"results":[{"gender":"female","name":{"title":"Miss","first":"الینا","last":"زارعی"},"location":{"street":{"number":8504,"name":"هلال احمر"},"city":"بابل","state":"کهگیلویه و بویراحمد","country":"Iran","postcode":52061,"coordinates":{"latitude":"20.7459","longitude":"151.3222"},"timezone":{"offset":"+1:00","description":"Brussels, Copenhagen, Madrid, Paris"}},"email":"lyn.zraay@example.com","login":{"uuid":"3417dd3e-7588-4231-b38d-fd696320c3bf","username":"smallzebra847","password":"lovers","salt":"wHIlnfpm","md5":"22e2814ae8bb463721e8725d818d56f6","sha1":"fc983c992a426dd4f7ea71547d693143f758173d","sha256":"7bddab07191650099fd84ddccefd13e138fc304f3691c7ec71ee097246c3a117"},"dob":{"date":"1966-02-05T09:32:46.823Z","age":58},"registered":{"date":"2013-11-11T22:59:42.333Z","age":10},"phone":"021-07279401","cell":"0974-481-7251","id":{"name":"","value":null},"picture":{"large":"https://randomuser.me/api/portraits/women/40.jpg","medium":"https://randomuser.me/api/portraits/med/women/40.jpg","thumbnail":"https://randomuser.me/api/portraits/thumb/women/40.jpg"},"nat":"IR"}],"info":{"seed":"8873c7d261640b11","results":1,"page":1,"version":"1.4"}} 
 </msg>
<msg time="2024-06-06T21:15:06.234841" level="INFO">/opt/hostedtoolcache/Python/3.12.3/x64/lib/python3.12/site-packages/urllib3/connectionpool.py:1103: InsecureRequestWarning: Unverified HTTPS request is being made to host 'randomuser.me'. Adding certificate verification is strongly advised. See: https://urllib3.readthedocs.io/en/latest/advanced-usage.html#tls-warnings
  warnings.warn(</msg>
<msg time="2024-06-06T21:15:06.234924" level="INFO">${response} = &lt;Response [200]&gt;</msg>
<var>${response}</var>
<arg>consultarAPI</arg>
<arg>/api</arg>
<doc>Sends a GET request on a previously created HTTP Session.</doc>
<status status="PASS" start="2024-06-06T21:15:06.138904" elapsed="0.096044"/>
</kw>
<kw name="Set Variable" owner="BuiltIn">
<msg time="2024-06-06T21:15:06.235811" level="INFO">${json_data} = {'results': [{'gender': 'female', 'name': {'title': 'Miss', 'first': 'الینا', 'last': 'زارعی'}, 'location': {'street': {'number': 8504, 'name': 'هلال احمر'}, 'city': 'بابل', 'state': 'کهگیلویه و بویرا...</msg>
<var>${json_data}</var>
<arg>${response.json()}</arg>
<doc>Returns the given values which can then be assigned to a variables.</doc>
<status status="PASS" start="2024-06-06T21:15:06.235348" elapsed="0.000494"/>
</kw>
<kw name="Log" owner="BuiltIn">
<msg time="2024-06-06T21:15:06.236314" level="INFO">{'results': [{'gender': 'female', 'name': {'title': 'Miss', 'first': 'الینا', 'last': 'زارعی'}, 'location': {'street': {'number': 8504, 'name': 'هلال احمر'}, 'city': 'بابل', 'state': 'کهگیلویه و بویراحمد', 'country': 'Iran', 'postcode': 52061, 'coordinates': {'latitude': '20.7459', 'longitude': '151.3222'}, 'timezone': {'offset': '+1:00', 'description': 'Brussels, Copenhagen, Madrid, Paris'}}, 'email': 'lyn.zraay@example.com', 'login': {'uuid': '3417dd3e-7588-4231-b38d-fd696320c3bf', 'username': 'smallzebra847', 'password': 'lovers', 'salt': 'wHIlnfpm', 'md5': '22e2814ae8bb463721e8725d818d56f6', 'sha1': 'fc983c992a426dd4f7ea71547d693143f758173d', 'sha256': '7bddab07191650099fd84ddccefd13e138fc304f3691c7ec71ee097246c3a117'}, 'dob': {'date': '1966-02-05T09:32:46.823Z', 'age': 58}, 'registered': {'date': '2013-11-11T22:59:42.333Z', 'age': 10}, 'phone': '021-07279401', 'cell': '0974-481-7251', 'id': {'name': '', 'value': None}, 'picture': {'large': 'https://randomuser.me/api/portraits/women/40.jpg', 'medium': 'https://randomuser.me/api/portraits/med/women/40.jpg', 'thumbnail': 'https://randomuser.me/api/portraits/thumb/women/40.jpg'}, 'nat': 'IR'}], 'info': {'seed': '8873c7d261640b11', 'results': 1, 'page': 1, 'version': '1.4'}}</msg>
<arg>${json_data}</arg>
<doc>Logs the given message with the given level.</doc>
<status status="PASS" start="2024-06-06T21:15:06.236156" elapsed="0.000239"/>
</kw>
<kw name="Should Be Equal As Numbers" owner="BuiltIn">
<arg>${json_data['results'][0]['location']['postcode']}</arg>
<arg>${json_data['results'][0]['location']['postcode']}</arg>
<doc>Fails if objects are unequal after converting them to real numbers.</doc>
<status status="PASS" start="2024-06-06T21:15:06.236697" elapsed="0.000616"/>
</kw>
<kw name="Log" owner="BuiltIn">
<msg time="2024-06-06T21:15:06.237900" level="INFO">52061</msg>
<arg>${json_data['results'][0]['location']['postcode']}</arg>
<doc>Logs the given message with the given level.</doc>
<status status="PASS" start="2024-06-06T21:15:06.237553" elapsed="0.000388"/>
</kw>
<status status="PASS" start="2024-06-06T21:15:06.138681" elapsed="0.099509"/>
</kw>
<doc>Testa se os tipos de dados na resposta da API estão corretos.</doc>
<tag>testeTiposDados</tag>
<status status="PASS" start="2024-06-06T21:15:06.049648" elapsed="0.188701"/>
</test>
<test id="s1-s1-t5" name="Validar conteudo" line="35">
<kw name="Teste de Tipos de Conteudo" owner="random-user-service">
<kw name="GET On Session" owner="RequestsLibrary">
<msg time="2024-06-06T21:15:06.333762" level="INFO">GET Request : url=https://randomuser.me/api 
 path_url=/api 
 headers={'User-Agent': 'python-requests/2.32.3', 'Accept-Encoding': 'gzip, deflate', 'Accept': '*/*', 'Connection': 'keep-alive'} 
 body=None 
 </msg>
<msg time="2024-06-06T21:15:06.333844" level="INFO">GET Response : url=https://randomuser.me/api 
 status=200, reason=OK 
 headers={'Date': 'Thu, 06 Jun 2024 21:15:06 GMT', 'Content-Type': 'application/json; charset=utf-8', 'Transfer-Encoding': 'chunked', 'Connection': 'keep-alive', 'X-Powered-By': 'Express', 'Access-Control-Allow-Origin': '*', 'Cache-Control': 'no-cache', 'ETag': 'W/"482-sD90WIOfnDoc1cfI4PxyPpDdgas"', 'Vary': 'Accept-Encoding', 'Content-Encoding': 'gzip', 'CF-Cache-Status': 'DYNAMIC', 'Report-To': '{"endpoints":[{"url":"https:\\/\\/a.nel.cloudflare.com\\/report\\/v4?s=JGBVJWub4FmEu7DShmRvyQuhApyc%2BRi5B%2BK1uyU4YQrc97yJxUEDbaUyevYnZNFDcMSYf4IzDROGHnEKFY1sCMQ0dPcjbOjWuKToLZoDyFtrRFrjamWPhyLxq81UBHyr"}],"group":"cf-nel","max_age":604800}', 'NEL': '{"success_fraction":0,"report_to":"cf-nel","max_age":604800}', 'Server': 'cloudflare', 'CF-RAY': '88fb6a740abc28a6-IAD', 'alt-svc': 'h3=":443"; ma=86400'} 
 body={"results":[{"gender":"female","name":{"title":"Ms","first":"Eva","last":"Tremblay"},"location":{"street":{"number":2114,"name":"Stanley Way"},"city":"Glenwood","state":"Northwest Territories","country":"Canada","postcode":"Q2H 7S9","coordinates":{"latitude":"-68.1967","longitude":"145.5729"},"timezone":{"offset":"-10:00","description":"Hawaii"}},"email":"eva.tremblay@example.com","login":{"uuid":"7ed13e56-3065-4f53-8372-46351145b395","username":"blackelephant439","password":"honda","salt":"axx7vmGn","md5":"5f5e2028daf5f72c553361e9612a9752","sha1":"4b8028aaea85bf4743987a22a7485fbb7361854e","sha256":"47c2d996f5f7e583897dfcaff5bd9639615752e079450d081cb932f8cda398e9"},"dob":{"date":"1957-10-15T22:49:12.488Z","age":66},"registered":{"date":"2009-09-03T01:26:59.433Z","age":14},"phone":"C23 S25-3724","cell":"S49 I70-5960","id":{"name":"SIN","value":"476096300"},"picture":{"large":"https://randomuser.me/api/portraits/women/6.jpg","medium":"https://randomuser.me/api/portraits/med/women/6.jpg","thumbnail":"https://randomuser.me/api/portraits/thumb/women/6.jpg"},"nat":"CA"}],"info":{"seed":"b25fbc7aba59c82d","results":1,"page":1,"version":"1.4"}} 
 </msg>
<msg time="2024-06-06T21:15:06.333912" level="INFO">/opt/hostedtoolcache/Python/3.12.3/x64/lib/python3.12/site-packages/urllib3/connectionpool.py:1103: InsecureRequestWarning: Unverified HTTPS request is being made to host 'randomuser.me'. Adding certificate verification is strongly advised. See: https://urllib3.readthedocs.io/en/latest/advanced-usage.html#tls-warnings
  warnings.warn(</msg>
<msg time="2024-06-06T21:15:06.334018" level="INFO">${response} = &lt;Response [200]&gt;</msg>
<var>${response}</var>
<arg>consultarAPI</arg>
<arg>/api</arg>
<doc>Sends a GET request on a previously created HTTP Session.</doc>
<status status="PASS" start="2024-06-06T21:15:06.240730" elapsed="0.093330"/>
</kw>
<kw name="Set Variable" owner="BuiltIn">
<msg time="2024-06-06T21:15:06.335119" level="INFO">${json_data} = {'results': [{'gender': 'female', 'name': {'title': 'Ms', 'first': 'Eva', 'last': 'Tremblay'}, 'location': {'street': {'number': 2114, 'name': 'Stanley Way'}, 'city': 'Glenwood', 'state': 'Northwest T...</msg>
<var>${json_data}</var>
<arg>${response.json()}</arg>
<doc>Returns the given values which can then be assigned to a variables.</doc>
<status status="PASS" start="2024-06-06T21:15:06.334558" elapsed="0.000590"/>
</kw>
<kw name="Set Variable" owner="BuiltIn">
<msg time="2024-06-06T21:15:06.335836" level="INFO">${name_title} = Ms</msg>
<var>${name_title}</var>
<arg>${json_data["results"][0]["name"]["title"]}</arg>
<doc>Returns the given values which can then be assigned to a variables.</doc>
<status status="PASS" start="2024-06-06T21:15:06.335455" elapsed="0.000407"/>
</kw>
<kw name="Create List" owner="BuiltIn">
<msg time="2024-06-06T21:15:06.336306" level="INFO">${allowed_titles} = ['Mr', 'Ms', 'Miss', 'Mrs', 'Madame', 'Monsieur']</msg>
<var>${allowed_titles}</var>
<arg>Mr</arg>
<arg>Ms</arg>
<arg>Miss</arg>
<arg>Mrs</arg>
<arg>Madame</arg>
<arg>Monsieur</arg>
<doc>Returns a list containing given items.</doc>
<status status="PASS" start="2024-06-06T21:15:06.336158" elapsed="0.000172"/>
</kw>
<kw name="List Should Contain Value" owner="Collections">
<msg time="2024-06-06T21:15:06.336806" level="INFO">False</msg>
<arg>${allowed_titles}</arg>
<arg>${name_title}</arg>
<doc>Fails if the ``value`` is not found from ``list``.</doc>
<status status="PASS" start="2024-06-06T21:15:06.336632" elapsed="0.000210"/>
</kw>
<kw name="Set Variable" owner="BuiltIn">
<msg time="2024-06-06T21:15:06.337710" level="INFO">${name_country} = CA</msg>
<var>${name_country}</var>
<arg>${json_data["results"][0]["nat"]}</arg>
<doc>Returns the given values which can then be assigned to a variables.</doc>
<status status="PASS" start="2024-06-06T21:15:06.337137" elapsed="0.000599"/>
</kw>
<kw name="Create List" owner="BuiltIn">
<msg time="2024-06-06T21:15:06.338645" level="INFO">${list_country} = ['AD', 'AE', 'AF', 'AG', 'AI', 'AL', 'AM', 'AO', 'AQ', 'AR', 'AS', 'AT', 'AU', 'AW', 'AX', 'AZ', 'BA', 'BB', 'BD', 'BE', 'BF', 'BG', 'BH', 'BI', 'BJ', 'BL', 'BM', 'BN', 'BO', 'BQ', 'BR', 'BS', 'BT', '...</msg>
<var>${list_country}</var>
<arg>AD</arg>
<arg>AE</arg>
<arg>AF</arg>
<arg>AG</arg>
<arg>AI</arg>
<arg>AL</arg>
<arg>AM</arg>
<arg>AO</arg>
<arg>AQ</arg>
<arg>AR</arg>
<arg>AS</arg>
<arg>AT</arg>
<arg>AU</arg>
<arg>AW</arg>
<arg>AX</arg>
<arg>AZ</arg>
<arg>BA</arg>
<arg>BB</arg>
<arg>BD</arg>
<arg>BE</arg>
<arg>BF</arg>
<arg>BG</arg>
<arg>BH</arg>
<arg>BI</arg>
<arg>BJ</arg>
<arg>BL</arg>
<arg>BM</arg>
<arg>BN</arg>
<arg>BO</arg>
<arg>BQ</arg>
<arg>BR</arg>
<arg>BS</arg>
<arg>BT</arg>
<arg>BV</arg>
<arg>BW</arg>
<arg>BY</arg>
<arg>BZ</arg>
<arg>CA</arg>
<arg>CC</arg>
<arg>CD</arg>
<arg>CF</arg>
<arg>CG</arg>
<arg>CH</arg>
<arg>CI</arg>
<arg>CK</arg>
<arg>CL</arg>
<arg>CM</arg>
<arg>CN</arg>
<arg>CO</arg>
<arg>CR</arg>
<arg>CU</arg>
<arg>CV</arg>
<arg>CW</arg>
<arg>CX</arg>
<arg>CY</arg>
<arg>CZ</arg>
<arg>DE</arg>
<arg>DJ</arg>
<arg>DK</arg>
<arg>DM</arg>
<arg>DO</arg>
<arg>DZ</arg>
<arg>EC</arg>
<arg>EE</arg>
<arg>EG</arg>
<arg>EH</arg>
<arg>ER</arg>
<arg>ES</arg>
<arg>ET</arg>
<arg>FI</arg>
<arg>FJ</arg>
<arg>FK</arg>
<arg>FM</arg>
<arg>FO</arg>
<arg>FR</arg>
<arg>GA</arg>
<arg>GB</arg>
<arg>GD</arg>
<arg>GE</arg>
<arg>GF</arg>
<arg>GG</arg>
<arg>GH</arg>
<arg>GI</arg>
<arg>GL</arg>
<arg>GM</arg>
<arg>GN</arg>
<arg>GP</arg>
<arg>GQ</arg>
<arg>GR</arg>
<arg>GS</arg>
<arg>GT</arg>
<arg>GU</arg>
<arg>GW</arg>
<arg>GY</arg>
<arg>HK</arg>
<arg>HM</arg>
<arg>HN</arg>
<arg>HR</arg>
<arg>HT</arg>
<arg>HU</arg>
<arg>ID</arg>
<arg>IE</arg>
<arg>IL</arg>
<arg>IM</arg>
<arg>IN</arg>
<arg>IO</arg>
<arg>IQ</arg>
<arg>IR</arg>
<arg>IS</arg>
<arg>IT</arg>
<arg>JE</arg>
<arg>JM</arg>
<arg>JO</arg>
<arg>JP</arg>
<arg>KE</arg>
<arg>KG</arg>
<arg>KH</arg>
<arg>KI</arg>
<arg>KM</arg>
<arg>KN</arg>
<arg>KP</arg>
<arg>KR</arg>
<arg>KW</arg>
<arg>KY</arg>
<arg>KZ</arg>
<arg>LA</arg>
<arg>LB</arg>
<arg>LC</arg>
<arg>LI</arg>
<arg>LK</arg>
<arg>LR</arg>
<arg>LS</arg>
<arg>LT</arg>
<arg>LU</arg>
<arg>LV</arg>
<arg>LY</arg>
<arg>MA</arg>
<arg>MC</arg>
<arg>MD</arg>
<arg>ME</arg>
<arg>MF</arg>
<arg>MG</arg>
<arg>MH</arg>
<arg>MK</arg>
<arg>ML</arg>
<arg>MM</arg>
<arg>MN</arg>
<arg>MO</arg>
<arg>MP</arg>
<arg>MQ</arg>
<arg>MR</arg>
<arg>MS</arg>
<arg>MT</arg>
<arg>MU</arg>
<arg>MV</arg>
<arg>MW</arg>
<arg>MX</arg>
<arg>MY</arg>
<arg>MZ</arg>
<arg>NA</arg>
<arg>NC</arg>
<arg>NE</arg>
<arg>NF</arg>
<arg>NG</arg>
<arg>NI</arg>
<arg>NL</arg>
<arg>NO</arg>
<arg>NP</arg>
<arg>NR</arg>
<arg>NU</arg>
<arg>NZ</arg>
<arg>OM</arg>
<arg>PA</arg>
<arg>PE</arg>
<arg>PF</arg>
<arg>PG</arg>
<arg>PH</arg>
<arg>PK</arg>
<arg>PL</arg>
<arg>PM</arg>
<arg>PN</arg>
<arg>PR</arg>
<arg>PS</arg>
<arg>PT</arg>
<arg>PW</arg>
<arg>PY</arg>
<arg>QA</arg>
<arg>RE</arg>
<arg>RO</arg>
<arg>RS</arg>
<arg>RU</arg>
<arg>RW</arg>
<arg>SA</arg>
<arg>SB</arg>
<arg>SC</arg>
<arg>SD</arg>
<arg>SE</arg>
<arg>SG</arg>
<arg>SH</arg>
<arg>SI</arg>
<arg>SJ</arg>
<arg>SK</arg>
<arg>SL</arg>
<arg>SM</arg>
<arg>SN</arg>
<arg>SO</arg>
<arg>SR</arg>
<arg>SS</arg>
<arg>ST</arg>
<arg>SV</arg>
<arg>SX</arg>
<arg>SY</arg>
<arg>SZ</arg>
<arg>TC</arg>
<arg>TD</arg>
<arg>TF</arg>
<arg>TG</arg>
<arg>TH</arg>
<arg>TJ</arg>
<arg>TK</arg>
<arg>TL</arg>
<arg>TM</arg>
<arg>TN</arg>
<arg>TO</arg>
<arg>TR</arg>
<arg>TT</arg>
<arg>TV</arg>
<arg>TW</arg>
<arg>TZ</arg>
<arg>UA</arg>
<arg>UG</arg>
<arg>UM</arg>
<arg>US</arg>
<arg>UY</arg>
<arg>UZ</arg>
<arg>VA</arg>
<arg>VC</arg>
<arg>VE</arg>
<arg>VG</arg>
<arg>VI</arg>
<arg>VN</arg>
<arg>VU</arg>
<arg>WF</arg>
<arg>WS</arg>
<arg>XK</arg>
<arg>YE</arg>
<arg>YT</arg>
<arg>ZA</arg>
<arg>ZM</arg>
<arg>ZW</arg>
<doc>Returns a list containing given items.</doc>
<status status="PASS" start="2024-06-06T21:15:06.338048" elapsed="0.000623"/>
</kw>
<kw name="List Should Contain Value" owner="Collections">
<msg time="2024-06-06T21:15:06.339660" level="INFO">False</msg>
<arg>${list_country}</arg>
<arg>${name_country}</arg>
<doc>Fails if the ``value`` is not found from ``list``.</doc>
<status status="PASS" start="2024-06-06T21:15:06.339454" elapsed="0.000243"/>
</kw>
<kw name="Run Keyword If" owner="BuiltIn">
<kw name="Should Be True" owner="BuiltIn">
<arg>${True}</arg>
<doc>Fails if the given condition is not true.</doc>
<status status="PASS" start="2024-06-06T21:15:06.340748" elapsed="0.000145"/>
</kw>
<arg>${json_data["results"][0]["location"]["coordinates"]["latitude"]} &gt;= -90 and ${json_data["results"][0]["location"]["coordinates"]["latitude"]} &lt;= 90</arg>
<arg>Should Be True</arg>
<arg>${True}</arg>
<doc>Runs the given keyword with the given arguments, if ``condition`` is true.</doc>
<status status="PASS" start="2024-06-06T21:15:06.340012" elapsed="0.001008"/>
</kw>
<kw name="Run Keyword If" owner="BuiltIn">
<kw name="Should Be True" owner="BuiltIn">
<arg>${True}</arg>
<doc>Fails if the given condition is not true.</doc>
<status status="PASS" start="2024-06-06T21:15:06.341938" elapsed="0.000140"/>
</kw>
<arg>${json_data["results"][0]["location"]["coordinates"]["longitude"]} &gt;= -180 and ${json_data["results"][0]["location"]["coordinates"]["longitude"]} &lt;= 180</arg>
<arg>Should Be True</arg>
<arg>${True}</arg>
<doc>Runs the given keyword with the given arguments, if ``condition`` is true.</doc>
<status status="PASS" start="2024-06-06T21:15:06.341210" elapsed="0.000992"/>
</kw>
<status status="PASS" start="2024-06-06T21:15:06.240509" elapsed="0.101820"/>
</kw>
<doc>Testa o conteúdo específico dos campos retornados pela API.</doc>
<tag>testeConteudo</tag>
<status status="PASS" start="2024-06-06T21:15:06.240073" elapsed="0.102398"/>
</test>
<status status="PASS" start="2024-06-06T21:15:05.523957" elapsed="0.820403"/>
</suite>
<status status="PASS" start="2024-06-06T21:15:05.510589" elapsed="0.838939"/>
</suite>
<statistics>
<total>
<stat pass="5" fail="0" skip="0">All Tests</stat>
</total>
<tag>
<stat pass="1" fail="0" skip="0">testeConteudo</stat>
<stat pass="1" fail="0" skip="0">testeEstruturaResposta</stat>
<stat pass="1" fail="0" skip="0">testeRequisicaoBasica</stat>
<stat pass="1" fail="0" skip="0">testeTiposDados</stat>
</tag>
<suite>
<stat pass="5" fail="0" skip="0" id="s1" name="Tests">Tests</stat>
<stat pass="5" fail="0" skip="0" id="s1-s1" name="Random-User-Test">Tests.Random-User-Test</stat>
</suite>
</statistics>
<errors>
</errors>
</robot>
