<?xml version="1.0" encoding="UTF-8"?>
<robot generator="Robot 7.0 (Python 3.12.3 on linux)" generated="2024-06-05T07:14:41.517444" rpa="false" schemaversion="5">
<suite id="s1" name="Tests" source="/home/runner/work/ApiRandomUser/ApiRandomUser/RamdonUser/tests">
<suite id="s1-s1" name="Random-User-Test" source="/home/runner/work/ApiRandomUser/ApiRandomUser/RamdonUser/tests/random-user-test.robot">
<test id="s1-s1-t1" name="Conectar" line="13">
<kw name="Conectar API" owner="random-user-service">
<kw name="Create Session" owner="RequestsLibrary">
<msg time="2024-06-05T07:14:41.911224" level="INFO">Creating Session using : alias=consultarAPI, url=https://randomuser.me/, headers={},                     cookies={}, auth=None, timeout=None, proxies=None, verify=False,                     debug=0 </msg>
<arg>consultarAPI</arg>
<arg>${URL}</arg>
<doc>Create Session: create a HTTP session to a server</doc>
<status status="PASS" start="2024-06-05T07:14:41.911012" elapsed="0.000395"/>
</kw>
<status status="PASS" start="2024-06-05T07:14:41.909944" elapsed="0.001838"/>
</kw>
<status status="PASS" start="2024-06-05T07:14:41.909342" elapsed="0.002638"/>
</test>
<test id="s1-s1-t2" name="Validar retorno 200 e JSON Válido" line="16">
<kw name="Teste de Requisicao Basica" owner="random-user-service">
<kw name="GET On Session" owner="RequestsLibrary">
<msg time="2024-06-05T07:14:41.971050" level="INFO">GET Request : url=https://randomuser.me/api 
 path_url=/api 
 headers={'User-Agent': 'python-requests/2.32.3', 'Accept-Encoding': 'gzip, deflate', 'Accept': '*/*', 'Connection': 'keep-alive'} 
 body=None 
 </msg>
<msg time="2024-06-05T07:14:41.971178" level="INFO">GET Response : url=https://randomuser.me/api 
 status=200, reason=OK 
 headers={'Date': 'Wed, 05 Jun 2024 07:14:41 GMT', 'Content-Type': 'application/json; charset=utf-8', 'Transfer-Encoding': 'chunked', 'Connection': 'keep-alive', 'X-Powered-By': 'Express', 'Access-Control-Allow-Origin': '*', 'Cache-Control': 'no-cache', 'ETag': 'W/"49b-YcJTbqfVaSkYWq0bb4ykLCtnsqw"', 'Vary': 'Accept-Encoding', 'Content-Encoding': 'gzip', 'CF-Cache-Status': 'DYNAMIC', 'Report-To': '{"endpoints":[{"url":"https:\\/\\/a.nel.cloudflare.com\\/report\\/v4?s=PwTD1G6Setu7bpWDYtyTpzGv%2FloCdmdCMZnA39LzckMQZMrx%2FnFPx4VgTBCniXOASwRP0a2%2Bl77GTFEW0lqdZB%2Ff6xw5N9oqUyI2g%2FuYUDSqrWNvZp4ohYxCzmaD2ZnZ"}],"group":"cf-nel","max_age":604800}', 'NEL': '{"success_fraction":0,"report_to":"cf-nel","max_age":604800}', 'Server': 'cloudflare', 'CF-RAY': '88ee5e042ea67009-IAD', 'alt-svc': 'h3=":443"; ma=86400'} 
 body={"results":[{"gender":"male","name":{"title":"Mr","first":"Alexis","last":"Novak"},"location":{"street":{"number":3228,"name":"Coastal Highway"},"city":"Selkirk","state":"British Columbia","country":"Canada","postcode":"T6F 4V9","coordinates":{"latitude":"-66.5205","longitude":"-172.9818"},"timezone":{"offset":"+3:00","description":"Baghdad, Riyadh, Moscow, St. Petersburg"}},"email":"alexis.novak@example.com","login":{"uuid":"1b854b1e-5e15-4bf9-8d86-28af96d8a8af","username":"lazygorilla257","password":"spanish","salt":"u4htS8La","md5":"7bd3464fd8824c17410589215d0a164e","sha1":"9584c33adac353348ed5357284ed835993d0c4f5","sha256":"830d6049e2e1caf12f580edfa12067f130510e894cdb5e3ec0a7cf5fd2241022"},"dob":{"date":"1976-02-05T03:13:20.002Z","age":48},"registered":{"date":"2015-02-02T10:42:40.661Z","age":9},"phone":"P38 O65-6979","cell":"D83 F54-5379","id":{"name":"SIN","value":"222938730"},"picture":{"large":"https://randomuser.me/api/portraits/men/94.jpg","medium":"https://randomuser.me/api/portraits/med/men/94.jpg","thumbnail":"https://randomuser.me/api/portraits/thumb/men/94.jpg"},"nat":"CA"}],"info":{"seed":"9a76c30dd566ed1f","results":1,"page":1,"version":"1.4"}} 
 </msg>
<msg time="2024-06-05T07:14:41.971256" level="INFO">/opt/hostedtoolcache/Python/3.12.3/x64/lib/python3.12/site-packages/urllib3/connectionpool.py:1103: InsecureRequestWarning: Unverified HTTPS request is being made to host 'randomuser.me'. Adding certificate verification is strongly advised. See: https://urllib3.readthedocs.io/en/latest/advanced-usage.html#tls-warnings
  warnings.warn(</msg>
<msg time="2024-06-05T07:14:41.971377" level="INFO">${response} = &lt;Response [200]&gt;</msg>
<var>${response}</var>
<arg>consultarAPI</arg>
<arg>/api</arg>
<doc>Sends a GET request on a previously created HTTP Session.</doc>
<status status="PASS" start="2024-06-05T07:14:41.914643" elapsed="0.056777"/>
</kw>
<kw name="Should Be Equal As Numbers" owner="BuiltIn">
<msg time="2024-06-05T07:14:41.972322" level="INFO">Argument types are:
&lt;class 'int'&gt;
&lt;class 'str'&gt;</msg>
<arg>${response.status_code}</arg>
<arg>200</arg>
<doc>Fails if objects are unequal after converting them to real numbers.</doc>
<status status="PASS" start="2024-06-05T07:14:41.971877" elapsed="0.000513"/>
</kw>
<kw name="Log" owner="BuiltIn">
<msg time="2024-06-05T07:14:41.973142" level="INFO">200</msg>
<arg>${response.status_code}</arg>
<doc>Logs the given message with the given level.</doc>
<status status="PASS" start="2024-06-05T07:14:41.972769" elapsed="0.000420"/>
</kw>
<kw name="Set Variable" owner="BuiltIn">
<msg time="2024-06-05T07:14:41.973993" level="INFO">${json_data} = {'results': [{'gender': 'male', 'name': {'title': 'Mr', 'first': 'Alexis', 'last': 'Novak'}, 'location': {'street': {'number': 3228, 'name': 'Coastal Highway'}, 'city': 'Selkirk', 'state': 'British Co...</msg>
<var>${json_data}</var>
<arg>${response.json()}</arg>
<doc>Returns the given values which can then be assigned to a variables.</doc>
<status status="PASS" start="2024-06-05T07:14:41.973508" elapsed="0.000515"/>
</kw>
<kw name="Dictionary Should Contain Key" owner="Collections">
<msg time="2024-06-05T07:14:41.974513" level="INFO">False</msg>
<arg>${json_data}</arg>
<arg>results</arg>
<doc>Fails if ``key`` is not found from ``dictionary``.</doc>
<status status="PASS" start="2024-06-05T07:14:41.974337" elapsed="0.000370"/>
</kw>
<status status="PASS" start="2024-06-05T07:14:41.914389" elapsed="0.060583"/>
</kw>
<doc>Testa se a API responde corretamente e retorna um objeto JSON válido.</doc>
<tag>testeRequisicaoBasica</tag>
<status status="PASS" start="2024-06-05T07:14:41.913900" elapsed="0.061255"/>
</test>
<test id="s1-s1-t3" name="Validar estrutura de resposta" line="22">
<kw name="Teste de Estrutura de Resposta" owner="random-user-service">
<kw name="GET On Session" owner="RequestsLibrary">
<msg time="2024-06-05T07:14:42.085411" level="INFO">GET Request : url=https://randomuser.me/api 
 path_url=/api 
 headers={'User-Agent': 'python-requests/2.32.3', 'Accept-Encoding': 'gzip, deflate', 'Accept': '*/*', 'Connection': 'keep-alive'} 
 body=None 
 </msg>
<msg time="2024-06-05T07:14:42.085479" level="INFO">GET Response : url=https://randomuser.me/api 
 status=200, reason=OK 
 headers={'Date': 'Wed, 05 Jun 2024 07:14:42 GMT', 'Content-Type': 'application/json; charset=utf-8', 'Transfer-Encoding': 'chunked', 'Connection': 'keep-alive', 'X-Powered-By': 'Express', 'Access-Control-Allow-Origin': '*', 'Cache-Control': 'no-cache', 'ETag': 'W/"47b-LIRO63mw0zXc1/uYpOSU9M8tzzw"', 'Vary': 'Accept-Encoding', 'Content-Encoding': 'gzip', 'CF-Cache-Status': 'DYNAMIC', 'Report-To': '{"endpoints":[{"url":"https:\\/\\/a.nel.cloudflare.com\\/report\\/v4?s=f%2BrS3MuJkbENog8TNiMRHCREgQULXRjd2QRL9dMnPWeG%2BftsDzKjg0HrqyEnpmoQf1aejkV55o2GmB33Ko6TRzel46W%2FNlo9%2Bz4cqOi05xJVMh653yRHzjuT72JghKBb"}],"group":"cf-nel","max_age":604800}', 'NEL': '{"success_fraction":0,"report_to":"cf-nel","max_age":604800}', 'Server': 'cloudflare', 'CF-RAY': '88ee5e045ebe7009-IAD', 'alt-svc': 'h3=":443"; ma=86400'} 
 body={"results":[{"gender":"female","name":{"title":"Mrs","first":"Linda","last":"Neal"},"location":{"street":{"number":4310,"name":"Frances Ct"},"city":"Albany","state":"Queensland","country":"Australia","postcode":2295,"coordinates":{"latitude":"-82.4850","longitude":"44.3776"},"timezone":{"offset":"+9:30","description":"Adelaide, Darwin"}},"email":"linda.neal@example.com","login":{"uuid":"9a8e6406-68be-46f2-a358-5ec7ecd115d9","username":"orangegoose892","password":"eclipse1","salt":"HT5x8ljn","md5":"f344a936dd54637b7d74dc05d978ccec","sha1":"d9d97cc1efe6f4fc1e08e2ba3e174c218d5db527","sha256":"2e3fe1aae9c834ac94d2a7f57ef376b8c7cc811e3811d52899f15e8c5ceed796"},"dob":{"date":"1989-09-17T03:04:36.709Z","age":34},"registered":{"date":"2011-12-01T00:51:59.537Z","age":12},"phone":"07-8003-8518","cell":"0419-769-965","id":{"name":"TFN","value":"626073904"},"picture":{"large":"https://randomuser.me/api/portraits/women/87.jpg","medium":"https://randomuser.me/api/portraits/med/women/87.jpg","thumbnail":"https://randomuser.me/api/portraits/thumb/women/87.jpg"},"nat":"AU"}],"info":{"seed":"6e39469c3519434e","results":1,"page":1,"version":"1.4"}} 
 </msg>
<msg time="2024-06-05T07:14:42.085576" level="INFO">/opt/hostedtoolcache/Python/3.12.3/x64/lib/python3.12/site-packages/urllib3/connectionpool.py:1103: InsecureRequestWarning: Unverified HTTPS request is being made to host 'randomuser.me'. Adding certificate verification is strongly advised. See: https://urllib3.readthedocs.io/en/latest/advanced-usage.html#tls-warnings
  warnings.warn(</msg>
<msg time="2024-06-05T07:14:42.085673" level="INFO">${response} = &lt;Response [200]&gt;</msg>
<var>${response}</var>
<arg>consultarAPI</arg>
<arg>/api</arg>
<doc>Sends a GET request on a previously created HTTP Session.</doc>
<status status="PASS" start="2024-06-05T07:14:41.978161" elapsed="0.107553"/>
</kw>
<kw name="Set Variable" owner="BuiltIn">
<msg time="2024-06-05T07:14:42.086567" level="INFO">${json_data} = {'results': [{'gender': 'female', 'name': {'title': 'Mrs', 'first': 'Linda', 'last': 'Neal'}, 'location': {'street': {'number': 4310, 'name': 'Frances Ct'}, 'city': 'Albany', 'state': 'Queensland', 'c...</msg>
<var>${json_data}</var>
<arg>${response.json()}</arg>
<doc>Returns the given values which can then be assigned to a variables.</doc>
<status status="PASS" start="2024-06-05T07:14:42.086114" elapsed="0.000483"/>
</kw>
<kw name="Log" owner="BuiltIn">
<msg time="2024-06-05T07:14:42.087064" level="INFO">{'results': [{'gender': 'female', 'name': {'title': 'Mrs', 'first': 'Linda', 'last': 'Neal'}, 'location': {'street': {'number': 4310, 'name': 'Frances Ct'}, 'city': 'Albany', 'state': 'Queensland', 'country': 'Australia', 'postcode': 2295, 'coordinates': {'latitude': '-82.4850', 'longitude': '44.3776'}, 'timezone': {'offset': '+9:30', 'description': 'Adelaide, Darwin'}}, 'email': 'linda.neal@example.com', 'login': {'uuid': '9a8e6406-68be-46f2-a358-5ec7ecd115d9', 'username': 'orangegoose892', 'password': 'eclipse1', 'salt': 'HT5x8ljn', 'md5': 'f344a936dd54637b7d74dc05d978ccec', 'sha1': 'd9d97cc1efe6f4fc1e08e2ba3e174c218d5db527', 'sha256': '2e3fe1aae9c834ac94d2a7f57ef376b8c7cc811e3811d52899f15e8c5ceed796'}, 'dob': {'date': '1989-09-17T03:04:36.709Z', 'age': 34}, 'registered': {'date': '2011-12-01T00:51:59.537Z', 'age': 12}, 'phone': '07-8003-8518', 'cell': '0419-769-965', 'id': {'name': 'TFN', 'value': '626073904'}, 'picture': {'large': 'https://randomuser.me/api/portraits/women/87.jpg', 'medium': 'https://randomuser.me/api/portraits/med/women/87.jpg', 'thumbnail': 'https://randomuser.me/api/portraits/thumb/women/87.jpg'}, 'nat': 'AU'}], 'info': {'seed': '6e39469c3519434e', 'results': 1, 'page': 1, 'version': '1.4'}}</msg>
<arg>${json_data}</arg>
<doc>Logs the given message with the given level.</doc>
<status status="PASS" start="2024-06-05T07:14:42.086908" elapsed="0.000202"/>
</kw>
<kw name="Dictionary Should Contain Key" owner="Collections">
<msg time="2024-06-05T07:14:42.087569" level="INFO">False</msg>
<arg>${json_data}</arg>
<arg>results</arg>
<doc>Fails if ``key`` is not found from ``dictionary``.</doc>
<status status="PASS" start="2024-06-05T07:14:42.087406" elapsed="0.000201"/>
</kw>
<kw name="Should Not Be Empty" owner="BuiltIn">
<msg time="2024-06-05T07:14:42.088033" level="INFO">Length is 2.</msg>
<arg>${json_data}</arg>
<doc>Verifies that the given item is not empty.</doc>
<status status="PASS" start="2024-06-05T07:14:42.087903" elapsed="0.000168"/>
</kw>
<kw name="Create List" owner="BuiltIn">
<msg time="2024-06-05T07:14:42.088506" level="INFO">${expected_keys} = ['gender', 'name', 'location', 'email', 'login']</msg>
<var>${expected_keys}</var>
<arg>gender</arg>
<arg>name</arg>
<arg>location</arg>
<arg>email</arg>
<arg>login</arg>
<doc>Returns a list containing given items.</doc>
<status status="PASS" start="2024-06-05T07:14:42.088361" elapsed="0.000169"/>
</kw>
<for flavor="IN">
<iter>
<kw name="Dictionary Should Contain Key" owner="Collections">
<msg time="2024-06-05T07:14:42.089515" level="INFO">False</msg>
<arg>${json_data['results'][0]}</arg>
<arg>${key}</arg>
<doc>Fails if ``key`` is not found from ``dictionary``.</doc>
<status status="PASS" start="2024-06-05T07:14:42.089110" elapsed="0.000448"/>
</kw>
<kw name="Log" owner="BuiltIn">
<msg time="2024-06-05T07:14:42.090268" level="INFO">{'gender': 'female', 'name': {'title': 'Mrs', 'first': 'Linda', 'last': 'Neal'}, 'location': {'street': {'number': 4310, 'name': 'Frances Ct'}, 'city': 'Albany', 'state': 'Queensland', 'country': 'Australia', 'postcode': 2295, 'coordinates': {'latitude': '-82.4850', 'longitude': '44.3776'}, 'timezone': {'offset': '+9:30', 'description': 'Adelaide, Darwin'}}, 'email': 'linda.neal@example.com', 'login': {'uuid': '9a8e6406-68be-46f2-a358-5ec7ecd115d9', 'username': 'orangegoose892', 'password': 'eclipse1', 'salt': 'HT5x8ljn', 'md5': 'f344a936dd54637b7d74dc05d978ccec', 'sha1': 'd9d97cc1efe6f4fc1e08e2ba3e174c218d5db527', 'sha256': '2e3fe1aae9c834ac94d2a7f57ef376b8c7cc811e3811d52899f15e8c5ceed796'}, 'dob': {'date': '1989-09-17T03:04:36.709Z', 'age': 34}, 'registered': {'date': '2011-12-01T00:51:59.537Z', 'age': 12}, 'phone': '07-8003-8518', 'cell': '0419-769-965', 'id': {'name': 'TFN', 'value': '626073904'}, 'picture': {'large': 'https://randomuser.me/api/portraits/women/87.jpg', 'medium': 'https://randomuser.me/api/portraits/med/women/87.jpg', 'thumbnail': 'https://randomuser.me/api/portraits/thumb/women/87.jpg'}, 'nat': 'AU'}</msg>
<arg>${json_data['results'][0]}</arg>
<doc>Logs the given message with the given level.</doc>
<status status="PASS" start="2024-06-05T07:14:42.089896" elapsed="0.000421"/>
</kw>
<kw name="Log" owner="BuiltIn">
<msg time="2024-06-05T07:14:42.090752" level="INFO">gender</msg>
<arg>${key}</arg>
<doc>Logs the given message with the given level.</doc>
<status status="PASS" start="2024-06-05T07:14:42.090622" elapsed="0.000168"/>
</kw>
<var name="${key}">gender</var>
<status status="PASS" start="2024-06-05T07:14:42.088982" elapsed="0.002024"/>
</iter>
<iter>
<kw name="Dictionary Should Contain Key" owner="Collections">
<msg time="2024-06-05T07:14:42.091695" level="INFO">False</msg>
<arg>${json_data['results'][0]}</arg>
<arg>${key}</arg>
<doc>Fails if ``key`` is not found from ``dictionary``.</doc>
<status status="PASS" start="2024-06-05T07:14:42.091311" elapsed="0.000421"/>
</kw>
<kw name="Log" owner="BuiltIn">
<msg time="2024-06-05T07:14:42.092419" level="INFO">{'gender': 'female', 'name': {'title': 'Mrs', 'first': 'Linda', 'last': 'Neal'}, 'location': {'street': {'number': 4310, 'name': 'Frances Ct'}, 'city': 'Albany', 'state': 'Queensland', 'country': 'Australia', 'postcode': 2295, 'coordinates': {'latitude': '-82.4850', 'longitude': '44.3776'}, 'timezone': {'offset': '+9:30', 'description': 'Adelaide, Darwin'}}, 'email': 'linda.neal@example.com', 'login': {'uuid': '9a8e6406-68be-46f2-a358-5ec7ecd115d9', 'username': 'orangegoose892', 'password': 'eclipse1', 'salt': 'HT5x8ljn', 'md5': 'f344a936dd54637b7d74dc05d978ccec', 'sha1': 'd9d97cc1efe6f4fc1e08e2ba3e174c218d5db527', 'sha256': '2e3fe1aae9c834ac94d2a7f57ef376b8c7cc811e3811d52899f15e8c5ceed796'}, 'dob': {'date': '1989-09-17T03:04:36.709Z', 'age': 34}, 'registered': {'date': '2011-12-01T00:51:59.537Z', 'age': 12}, 'phone': '07-8003-8518', 'cell': '0419-769-965', 'id': {'name': 'TFN', 'value': '626073904'}, 'picture': {'large': 'https://randomuser.me/api/portraits/women/87.jpg', 'medium': 'https://randomuser.me/api/portraits/med/women/87.jpg', 'thumbnail': 'https://randomuser.me/api/portraits/thumb/women/87.jpg'}, 'nat': 'AU'}</msg>
<arg>${json_data['results'][0]}</arg>
<doc>Logs the given message with the given level.</doc>
<status status="PASS" start="2024-06-05T07:14:42.092056" elapsed="0.000411"/>
</kw>
<kw name="Log" owner="BuiltIn">
<msg time="2024-06-05T07:14:42.092900" level="INFO">name</msg>
<arg>${key}</arg>
<doc>Logs the given message with the given level.</doc>
<status status="PASS" start="2024-06-05T07:14:42.092767" elapsed="0.000171"/>
</kw>
<var name="${key}">name</var>
<status status="PASS" start="2024-06-05T07:14:42.091194" elapsed="0.001956"/>
</iter>
<iter>
<kw name="Dictionary Should Contain Key" owner="Collections">
<msg time="2024-06-05T07:14:42.093842" level="INFO">False</msg>
<arg>${json_data['results'][0]}</arg>
<arg>${key}</arg>
<doc>Fails if ``key`` is not found from ``dictionary``.</doc>
<status status="PASS" start="2024-06-05T07:14:42.093441" elapsed="0.000443"/>
</kw>
<kw name="Log" owner="BuiltIn">
<msg time="2024-06-05T07:14:42.094559" level="INFO">{'gender': 'female', 'name': {'title': 'Mrs', 'first': 'Linda', 'last': 'Neal'}, 'location': {'street': {'number': 4310, 'name': 'Frances Ct'}, 'city': 'Albany', 'state': 'Queensland', 'country': 'Australia', 'postcode': 2295, 'coordinates': {'latitude': '-82.4850', 'longitude': '44.3776'}, 'timezone': {'offset': '+9:30', 'description': 'Adelaide, Darwin'}}, 'email': 'linda.neal@example.com', 'login': {'uuid': '9a8e6406-68be-46f2-a358-5ec7ecd115d9', 'username': 'orangegoose892', 'password': 'eclipse1', 'salt': 'HT5x8ljn', 'md5': 'f344a936dd54637b7d74dc05d978ccec', 'sha1': 'd9d97cc1efe6f4fc1e08e2ba3e174c218d5db527', 'sha256': '2e3fe1aae9c834ac94d2a7f57ef376b8c7cc811e3811d52899f15e8c5ceed796'}, 'dob': {'date': '1989-09-17T03:04:36.709Z', 'age': 34}, 'registered': {'date': '2011-12-01T00:51:59.537Z', 'age': 12}, 'phone': '07-8003-8518', 'cell': '0419-769-965', 'id': {'name': 'TFN', 'value': '626073904'}, 'picture': {'large': 'https://randomuser.me/api/portraits/women/87.jpg', 'medium': 'https://randomuser.me/api/portraits/med/women/87.jpg', 'thumbnail': 'https://randomuser.me/api/portraits/thumb/women/87.jpg'}, 'nat': 'AU'}</msg>
<arg>${json_data['results'][0]}</arg>
<doc>Logs the given message with the given level.</doc>
<status status="PASS" start="2024-06-05T07:14:42.094197" elapsed="0.000409"/>
</kw>
<kw name="Log" owner="BuiltIn">
<msg time="2024-06-05T07:14:42.095029" level="INFO">location</msg>
<arg>${key}</arg>
<doc>Logs the given message with the given level.</doc>
<status status="PASS" start="2024-06-05T07:14:42.094903" elapsed="0.000163"/>
</kw>
<var name="${key}">location</var>
<status status="PASS" start="2024-06-05T07:14:42.093328" elapsed="0.001949"/>
</iter>
<iter>
<kw name="Dictionary Should Contain Key" owner="Collections">
<msg time="2024-06-05T07:14:42.096040" level="INFO">False</msg>
<arg>${json_data['results'][0]}</arg>
<arg>${key}</arg>
<doc>Fails if ``key`` is not found from ``dictionary``.</doc>
<status status="PASS" start="2024-06-05T07:14:42.095561" elapsed="0.000516"/>
</kw>
<kw name="Log" owner="BuiltIn">
<msg time="2024-06-05T07:14:42.096732" level="INFO">{'gender': 'female', 'name': {'title': 'Mrs', 'first': 'Linda', 'last': 'Neal'}, 'location': {'street': {'number': 4310, 'name': 'Frances Ct'}, 'city': 'Albany', 'state': 'Queensland', 'country': 'Australia', 'postcode': 2295, 'coordinates': {'latitude': '-82.4850', 'longitude': '44.3776'}, 'timezone': {'offset': '+9:30', 'description': 'Adelaide, Darwin'}}, 'email': 'linda.neal@example.com', 'login': {'uuid': '9a8e6406-68be-46f2-a358-5ec7ecd115d9', 'username': 'orangegoose892', 'password': 'eclipse1', 'salt': 'HT5x8ljn', 'md5': 'f344a936dd54637b7d74dc05d978ccec', 'sha1': 'd9d97cc1efe6f4fc1e08e2ba3e174c218d5db527', 'sha256': '2e3fe1aae9c834ac94d2a7f57ef376b8c7cc811e3811d52899f15e8c5ceed796'}, 'dob': {'date': '1989-09-17T03:04:36.709Z', 'age': 34}, 'registered': {'date': '2011-12-01T00:51:59.537Z', 'age': 12}, 'phone': '07-8003-8518', 'cell': '0419-769-965', 'id': {'name': 'TFN', 'value': '626073904'}, 'picture': {'large': 'https://randomuser.me/api/portraits/women/87.jpg', 'medium': 'https://randomuser.me/api/portraits/med/women/87.jpg', 'thumbnail': 'https://randomuser.me/api/portraits/thumb/women/87.jpg'}, 'nat': 'AU'}</msg>
<arg>${json_data['results'][0]}</arg>
<doc>Logs the given message with the given level.</doc>
<status status="PASS" start="2024-06-05T07:14:42.096377" elapsed="0.000402"/>
</kw>
<kw name="Log" owner="BuiltIn">
<msg time="2024-06-05T07:14:42.097222" level="INFO">email</msg>
<arg>${key}</arg>
<doc>Logs the given message with the given level.</doc>
<status status="PASS" start="2024-06-05T07:14:42.097096" elapsed="0.000163"/>
</kw>
<var name="${key}">email</var>
<status status="PASS" start="2024-06-05T07:14:42.095450" elapsed="0.002023"/>
</iter>
<iter>
<kw name="Dictionary Should Contain Key" owner="Collections">
<msg time="2024-06-05T07:14:42.098181" level="INFO">False</msg>
<arg>${json_data['results'][0]}</arg>
<arg>${key}</arg>
<doc>Fails if ``key`` is not found from ``dictionary``.</doc>
<status status="PASS" start="2024-06-05T07:14:42.097759" elapsed="0.000459"/>
</kw>
<kw name="Log" owner="BuiltIn">
<msg time="2024-06-05T07:14:42.098876" level="INFO">{'gender': 'female', 'name': {'title': 'Mrs', 'first': 'Linda', 'last': 'Neal'}, 'location': {'street': {'number': 4310, 'name': 'Frances Ct'}, 'city': 'Albany', 'state': 'Queensland', 'country': 'Australia', 'postcode': 2295, 'coordinates': {'latitude': '-82.4850', 'longitude': '44.3776'}, 'timezone': {'offset': '+9:30', 'description': 'Adelaide, Darwin'}}, 'email': 'linda.neal@example.com', 'login': {'uuid': '9a8e6406-68be-46f2-a358-5ec7ecd115d9', 'username': 'orangegoose892', 'password': 'eclipse1', 'salt': 'HT5x8ljn', 'md5': 'f344a936dd54637b7d74dc05d978ccec', 'sha1': 'd9d97cc1efe6f4fc1e08e2ba3e174c218d5db527', 'sha256': '2e3fe1aae9c834ac94d2a7f57ef376b8c7cc811e3811d52899f15e8c5ceed796'}, 'dob': {'date': '1989-09-17T03:04:36.709Z', 'age': 34}, 'registered': {'date': '2011-12-01T00:51:59.537Z', 'age': 12}, 'phone': '07-8003-8518', 'cell': '0419-769-965', 'id': {'name': 'TFN', 'value': '626073904'}, 'picture': {'large': 'https://randomuser.me/api/portraits/women/87.jpg', 'medium': 'https://randomuser.me/api/portraits/med/women/87.jpg', 'thumbnail': 'https://randomuser.me/api/portraits/thumb/women/87.jpg'}, 'nat': 'AU'}</msg>
<arg>${json_data['results'][0]}</arg>
<doc>Logs the given message with the given level.</doc>
<status status="PASS" start="2024-06-05T07:14:42.098517" elapsed="0.000406"/>
</kw>
<kw name="Log" owner="BuiltIn">
<msg time="2024-06-05T07:14:42.099341" level="INFO">login</msg>
<arg>${key}</arg>
<doc>Logs the given message with the given level.</doc>
<status status="PASS" start="2024-06-05T07:14:42.099214" elapsed="0.000163"/>
</kw>
<var name="${key}">login</var>
<status status="PASS" start="2024-06-05T07:14:42.097644" elapsed="0.001945"/>
</iter>
<var>${key}</var>
<value>@{expected_keys}</value>
<status status="PASS" start="2024-06-05T07:14:42.088793" elapsed="0.010940"/>
</for>
<kw name="Create List" owner="BuiltIn">
<msg time="2024-06-05T07:14:42.100074" level="INFO">${expected_keysTwo} = ['username', 'password']</msg>
<var>${expected_keysTwo}</var>
<arg>username</arg>
<arg>password</arg>
<doc>Returns a list containing given items.</doc>
<status status="PASS" start="2024-06-05T07:14:42.099938" elapsed="0.000158"/>
</kw>
<for flavor="IN">
<iter>
<kw name="Dictionary Should Contain Key" owner="Collections">
<msg time="2024-06-05T07:14:42.100998" level="INFO">False</msg>
<arg>${json_data['results'][0]['login']}</arg>
<arg>${keyTwo}</arg>
<doc>Fails if ``key`` is not found from ``dictionary``.</doc>
<status status="PASS" start="2024-06-05T07:14:42.100591" elapsed="0.000460"/>
</kw>
<kw name="Dictionary Should Contain Key" owner="Collections">
<msg time="2024-06-05T07:14:42.101743" level="INFO">False</msg>
<arg>${json_data['results'][0]['login']}</arg>
<arg>${keyTwo}</arg>
<doc>Fails if ``key`` is not found from ``dictionary``.</doc>
<status status="PASS" start="2024-06-05T07:14:42.101364" elapsed="0.000416"/>
</kw>
<kw name="Log" owner="BuiltIn">
<msg time="2024-06-05T07:14:42.102243" level="INFO">username</msg>
<arg>${keyTwo}</arg>
<doc>Logs the given message with the given level.</doc>
<status status="PASS" start="2024-06-05T07:14:42.102115" elapsed="0.000165"/>
</kw>
<var name="${keyTwo}">username</var>
<status status="PASS" start="2024-06-05T07:14:42.100480" elapsed="0.002016"/>
</iter>
<iter>
<kw name="Dictionary Should Contain Key" owner="Collections">
<msg time="2024-06-05T07:14:42.103148" level="INFO">False</msg>
<arg>${json_data['results'][0]['login']}</arg>
<arg>${keyTwo}</arg>
<doc>Fails if ``key`` is not found from ``dictionary``.</doc>
<status status="PASS" start="2024-06-05T07:14:42.102774" elapsed="0.000411"/>
</kw>
<kw name="Dictionary Should Contain Key" owner="Collections">
<msg time="2024-06-05T07:14:42.103850" level="INFO">False</msg>
<arg>${json_data['results'][0]['login']}</arg>
<arg>${keyTwo}</arg>
<doc>Fails if ``key`` is not found from ``dictionary``.</doc>
<status status="PASS" start="2024-06-05T07:14:42.103473" elapsed="0.000413"/>
</kw>
<kw name="Log" owner="BuiltIn">
<msg time="2024-06-05T07:14:42.104299" level="INFO">password</msg>
<arg>${keyTwo}</arg>
<doc>Logs the given message with the given level.</doc>
<status status="PASS" start="2024-06-05T07:14:42.104176" elapsed="0.000160"/>
</kw>
<var name="${keyTwo}">password</var>
<status status="PASS" start="2024-06-05T07:14:42.102664" elapsed="0.001882"/>
</iter>
<var>${keyTwo}</var>
<value>@{expected_keysTwo}</value>
<status status="PASS" start="2024-06-05T07:14:42.100328" elapsed="0.004337"/>
</for>
<status status="PASS" start="2024-06-05T07:14:41.977794" elapsed="0.127007"/>
</kw>
<doc>Testa a estrutura da resposta da API.</doc>
<tag>testeEstruturaResposta</tag>
<status status="PASS" start="2024-06-05T07:14:41.977017" elapsed="0.127932"/>
</test>
<test id="s1-s1-t4" name="Validar tipos de dados" line="28">
<kw name="Teste de Tipos de Dados" owner="random-user-service">
<kw name="GET On Session" owner="RequestsLibrary">
<msg time="2024-06-05T07:14:42.177063" level="INFO">GET Request : url=https://randomuser.me/api 
 path_url=/api 
 headers={'User-Agent': 'python-requests/2.32.3', 'Accept-Encoding': 'gzip, deflate', 'Accept': '*/*', 'Connection': 'keep-alive'} 
 body=None 
 </msg>
<msg time="2024-06-05T07:14:42.177140" level="INFO">GET Response : url=https://randomuser.me/api 
 status=200, reason=OK 
 headers={'Date': 'Wed, 05 Jun 2024 07:14:42 GMT', 'Content-Type': 'application/json; charset=utf-8', 'Transfer-Encoding': 'chunked', 'Connection': 'keep-alive', 'X-Powered-By': 'Express', 'Access-Control-Allow-Origin': '*', 'Cache-Control': 'no-cache', 'ETag': 'W/"497-2+XzyfzhgTR8DOtiF/aVSjGwxxo"', 'Vary': 'Accept-Encoding', 'Content-Encoding': 'gzip', 'CF-Cache-Status': 'DYNAMIC', 'Report-To': '{"endpoints":[{"url":"https:\\/\\/a.nel.cloudflare.com\\/report\\/v4?s=aKIt3IhrJ82PqZR%2B1Vm8HlOY7%2FxbHDtipj4JQ%2Fh7hWatkSBnrirhKkUzN3TuuzzlAr5%2F%2BhNAmst%2FDUNkSYZID9VBF%2BRRIaxfK20YpwXJ1d4G9jMt1DA2wzZgtJ7lXoHF"}],"group":"cf-nel","max_age":604800}', 'NEL': '{"success_fraction":0,"report_to":"cf-nel","max_age":604800}', 'Server': 'cloudflare', 'CF-RAY': '88ee5e052f3a7009-IAD', 'alt-svc': 'h3=":443"; ma=86400'} 
 body={"results":[{"gender":"male","name":{"title":"Mr","first":"Marvin","last":"Montgomery"},"location":{"street":{"number":7331,"name":"Patrick Street"},"city":"Kilcoole","state":"Kildare","country":"Ireland","postcode":38513,"coordinates":{"latitude":"1.8346","longitude":"-111.6382"},"timezone":{"offset":"-6:00","description":"Central Time (US &amp; Canada), Mexico City"}},"email":"marvin.montgomery@example.com","login":{"uuid":"a93ba765-fa3d-477c-8c67-848e4f294f50","username":"happyladybug587","password":"seven7","salt":"9Pn1EBWX","md5":"c7f7a6d29c8cc446e82ecb69a805494f","sha1":"d3f6cc309f70621f31b147880722f9a38ea984f4","sha256":"c7aa3bd9cc4c0a1691a87da406e80644ead57fad6fe4926764ef0369e3a5841d"},"dob":{"date":"1958-12-24T08:18:26.029Z","age":65},"registered":{"date":"2012-11-12T15:31:20.797Z","age":11},"phone":"021-916-2930","cell":"081-946-2478","id":{"name":"PPS","value":"7786695T"},"picture":{"large":"https://randomuser.me/api/portraits/men/90.jpg","medium":"https://randomuser.me/api/portraits/med/men/90.jpg","thumbnail":"https://randomuser.me/api/portraits/thumb/men/90.jpg"},"nat":"IE"}],"info":{"seed":"00e074d1b220afe7","results":1,"page":1,"version":"1.4"}} 
 </msg>
<msg time="2024-06-05T07:14:42.177212" level="INFO">/opt/hostedtoolcache/Python/3.12.3/x64/lib/python3.12/site-packages/urllib3/connectionpool.py:1103: InsecureRequestWarning: Unverified HTTPS request is being made to host 'randomuser.me'. Adding certificate verification is strongly advised. See: https://urllib3.readthedocs.io/en/latest/advanced-usage.html#tls-warnings
  warnings.warn(</msg>
<msg time="2024-06-05T07:14:42.177320" level="INFO">${response} = &lt;Response [200]&gt;</msg>
<var>${response}</var>
<arg>consultarAPI</arg>
<arg>/api</arg>
<doc>Sends a GET request on a previously created HTTP Session.</doc>
<status status="PASS" start="2024-06-05T07:14:42.107798" elapsed="0.069571"/>
</kw>
<kw name="Set Variable" owner="BuiltIn">
<msg time="2024-06-05T07:14:42.178449" level="INFO">${json_data} = {'results': [{'gender': 'male', 'name': {'title': 'Mr', 'first': 'Marvin', 'last': 'Montgomery'}, 'location': {'street': {'number': 7331, 'name': 'Patrick Street'}, 'city': 'Kilcoole', 'state': 'Kilda...</msg>
<var>${json_data}</var>
<arg>${response.json()}</arg>
<doc>Returns the given values which can then be assigned to a variables.</doc>
<status status="PASS" start="2024-06-05T07:14:42.177869" elapsed="0.000608"/>
</kw>
<kw name="Log" owner="BuiltIn">
<msg time="2024-06-05T07:14:42.178947" level="INFO">{'results': [{'gender': 'male', 'name': {'title': 'Mr', 'first': 'Marvin', 'last': 'Montgomery'}, 'location': {'street': {'number': 7331, 'name': 'Patrick Street'}, 'city': 'Kilcoole', 'state': 'Kildare', 'country': 'Ireland', 'postcode': 38513, 'coordinates': {'latitude': '1.8346', 'longitude': '-111.6382'}, 'timezone': {'offset': '-6:00', 'description': 'Central Time (US &amp; Canada), Mexico City'}}, 'email': 'marvin.montgomery@example.com', 'login': {'uuid': 'a93ba765-fa3d-477c-8c67-848e4f294f50', 'username': 'happyladybug587', 'password': 'seven7', 'salt': '9Pn1EBWX', 'md5': 'c7f7a6d29c8cc446e82ecb69a805494f', 'sha1': 'd3f6cc309f70621f31b147880722f9a38ea984f4', 'sha256': 'c7aa3bd9cc4c0a1691a87da406e80644ead57fad6fe4926764ef0369e3a5841d'}, 'dob': {'date': '1958-12-24T08:18:26.029Z', 'age': 65}, 'registered': {'date': '2012-11-12T15:31:20.797Z', 'age': 11}, 'phone': '021-916-2930', 'cell': '081-946-2478', 'id': {'name': 'PPS', 'value': '7786695T'}, 'picture': {'large': 'https://randomuser.me/api/portraits/men/90.jpg', 'medium': 'https://randomuser.me/api/portraits/med/men/90.jpg', 'thumbnail': 'https://randomuser.me/api/portraits/thumb/men/90.jpg'}, 'nat': 'IE'}], 'info': {'seed': '00e074d1b220afe7', 'results': 1, 'page': 1, 'version': '1.4'}}</msg>
<arg>${json_data}</arg>
<doc>Logs the given message with the given level.</doc>
<status status="PASS" start="2024-06-05T07:14:42.178793" elapsed="0.000233"/>
</kw>
<kw name="Should Be String" owner="String">
<arg>${json_data['results'][0]['gender']}</arg>
<doc>Fails if the given ``item`` is not a string.</doc>
<status status="PASS" start="2024-06-05T07:14:42.179325" elapsed="0.000365"/>
</kw>
<kw name="Should Match Regexp" owner="BuiltIn">
<arg>${json_data['results'][0]['email']}</arg>
<arg>^[a-zA-Z0-9._%+-]+@[a-zA-Z0-9.-]+\.[a-zA-Z]{2,}$</arg>
<doc>Fails if ``string`` does not match ``pattern`` as a regular expression.</doc>
<status status="PASS" start="2024-06-05T07:14:42.179883" elapsed="0.000627"/>
</kw>
<kw name="Should Match Regexp" owner="BuiltIn">
<arg>${json_data['results'][0]['dob']['date']}</arg>
<arg>\\d{4}-\\d{2}-\\d{2}T\\d{2}:\\d{2}:\\d{2}\\.\\d{3}Z</arg>
<doc>Fails if ``string`` does not match ``pattern`` as a regular expression.</doc>
<status status="PASS" start="2024-06-05T07:14:42.180713" elapsed="0.000486"/>
</kw>
<kw name="Should Match Regexp" owner="BuiltIn">
<arg>${json_data['results'][0]['registered']['date']}</arg>
<arg>\\d{4}-\\d{2}-\\d{2}T\\d{2}:\\d{2}:\\d{2}\\.\\d{3}Z</arg>
<doc>Fails if ``string`` does not match ``pattern`` as a regular expression.</doc>
<status status="PASS" start="2024-06-05T07:14:42.181394" elapsed="0.000370"/>
</kw>
<kw name="Should Match Regexp" owner="BuiltIn">
<arg>${json_data['results'][0]['picture']['large']}</arg>
<arg>^https?://.*\.(?:png|jpe?g|gif|bmp)$</arg>
<doc>Fails if ``string`` does not match ``pattern`` as a regular expression.</doc>
<status status="PASS" start="2024-06-05T07:14:42.182001" elapsed="0.000476"/>
</kw>
<kw name="Should Match Regexp" owner="BuiltIn">
<arg>${json_data['results'][0]['picture']['medium']}</arg>
<arg>^https?://.*\.(?:png|jpe?g|gif|bmp)$</arg>
<doc>Fails if ``string`` does not match ``pattern`` as a regular expression.</doc>
<status status="PASS" start="2024-06-05T07:14:42.182673" elapsed="0.000352"/>
</kw>
<kw name="Should Match Regexp" owner="BuiltIn">
<arg>${json_data['results'][0]['picture']['thumbnail']}</arg>
<arg>^https?://.*\.(?:png|jpe?g|gif|bmp)$</arg>
<doc>Fails if ``string`` does not match ``pattern`` as a regular expression.</doc>
<status status="PASS" start="2024-06-05T07:14:42.183215" elapsed="0.000346"/>
</kw>
<kw name="Log" owner="BuiltIn">
<msg time="2024-06-05T07:14:42.184068" level="INFO">{'large': 'https://randomuser.me/api/portraits/men/90.jpg', 'medium': 'https://randomuser.me/api/portraits/med/men/90.jpg', 'thumbnail': 'https://randomuser.me/api/portraits/thumb/men/90.jpg'}</msg>
<arg>${json_data['results'][0]['picture']}</arg>
<doc>Logs the given message with the given level.</doc>
<status status="PASS" start="2024-06-05T07:14:42.183741" elapsed="0.000368"/>
</kw>
<status status="PASS" start="2024-06-05T07:14:42.107459" elapsed="0.076903"/>
</kw>
<kw name="Teste de Tipos de Dados - Postcode" owner="random-user-service">
<kw name="GET On Session" owner="RequestsLibrary">
<msg time="2024-06-05T07:14:42.281929" level="INFO">GET Request : url=https://randomuser.me/api 
 path_url=/api 
 headers={'User-Agent': 'python-requests/2.32.3', 'Accept-Encoding': 'gzip, deflate', 'Accept': '*/*', 'Connection': 'keep-alive'} 
 body=None 
 </msg>
<msg time="2024-06-05T07:14:42.282005" level="INFO">GET Response : url=https://randomuser.me/api 
 status=200, reason=OK 
 headers={'Date': 'Wed, 05 Jun 2024 07:14:42 GMT', 'Content-Type': 'application/json; charset=utf-8', 'Transfer-Encoding': 'chunked', 'Connection': 'keep-alive', 'X-Powered-By': 'Express', 'Access-Control-Allow-Origin': '*', 'Cache-Control': 'no-cache', 'ETag': 'W/"493-ERG2lp3Gn+bbYBN/Cyn/nC9vKeo"', 'Vary': 'Accept-Encoding', 'Content-Encoding': 'gzip', 'CF-Cache-Status': 'DYNAMIC', 'Report-To': '{"endpoints":[{"url":"https:\\/\\/a.nel.cloudflare.com\\/report\\/v4?s=N7BJ%2FASOKzw8IHrntuwj8XjfG%2FDWEsPfZz8Nd4cq4K2S8Vzpss7d%2BL3KUdud9VOFkNRTUUzvS64afp47RWAFrC3fsmZ2BWobeKw8bs9%2Fwg7r%2B7UnoUMz9Bt7Jh6NF6%2FJ"}],"group":"cf-nel","max_age":604800}', 'NEL': '{"success_fraction":0,"report_to":"cf-nel","max_age":604800}', 'Server': 'cloudflare', 'CF-RAY': '88ee5e05af8d7009-IAD', 'alt-svc': 'h3=":443"; ma=86400'} 
 body={"results":[{"gender":"female","name":{"title":"Ms","first":"Ananya","last":"Kumari"},"location":{"street":{"number":1183,"name":"Carter Rd Promenade"},"city":"Tirupati","state":"Goa","country":"India","postcode":66269,"coordinates":{"latitude":"8.8351","longitude":"11.0615"},"timezone":{"offset":"+11:00","description":"Magadan, Solomon Islands, New Caledonia"}},"email":"ananya.kumari@example.com","login":{"uuid":"17cf12f4-ae43-4a3a-bba5-d9fdb3e03f9b","username":"greenswan608","password":"nacked","salt":"5tmOoNSU","md5":"f7a831aa1cedfb807ed47f24cefff24f","sha1":"d8a92a46536899dcd6fd1b63a119c96d5dd0a63c","sha256":"7c7499624ce2df870e6ab640bdfccf77322b5877c74099ff5c21ff09bc9c06dc"},"dob":{"date":"1998-10-06T11:23:31.801Z","age":25},"registered":{"date":"2019-09-13T05:46:24.772Z","age":4},"phone":"7802967541","cell":"7441429306","id":{"name":"UIDAI","value":"038699090106"},"picture":{"large":"https://randomuser.me/api/portraits/women/67.jpg","medium":"https://randomuser.me/api/portraits/med/women/67.jpg","thumbnail":"https://randomuser.me/api/portraits/thumb/women/67.jpg"},"nat":"IN"}],"info":{"seed":"e32be79baadb81c7","results":1,"page":1,"version":"1.4"}} 
 </msg>
<msg time="2024-06-05T07:14:42.282071" level="INFO">/opt/hostedtoolcache/Python/3.12.3/x64/lib/python3.12/site-packages/urllib3/connectionpool.py:1103: InsecureRequestWarning: Unverified HTTPS request is being made to host 'randomuser.me'. Adding certificate verification is strongly advised. See: https://urllib3.readthedocs.io/en/latest/advanced-usage.html#tls-warnings
  warnings.warn(</msg>
<msg time="2024-06-05T07:14:42.282178" level="INFO">${response} = &lt;Response [200]&gt;</msg>
<var>${response}</var>
<arg>consultarAPI</arg>
<arg>/api</arg>
<doc>Sends a GET request on a previously created HTTP Session.</doc>
<status status="PASS" start="2024-06-05T07:14:42.184797" elapsed="0.097429"/>
</kw>
<kw name="Set Variable" owner="BuiltIn">
<msg time="2024-06-05T07:14:42.283315" level="INFO">${json_data} = {'results': [{'gender': 'female', 'name': {'title': 'Ms', 'first': 'Ananya', 'last': 'Kumari'}, 'location': {'street': {'number': 1183, 'name': 'Carter Rd Promenade'}, 'city': 'Tirupati', 'state': 'Go...</msg>
<var>${json_data}</var>
<arg>${response.json()}</arg>
<doc>Returns the given values which can then be assigned to a variables.</doc>
<status status="PASS" start="2024-06-05T07:14:42.282753" elapsed="0.000590"/>
</kw>
<kw name="Log" owner="BuiltIn">
<msg time="2024-06-05T07:14:42.283803" level="INFO">{'results': [{'gender': 'female', 'name': {'title': 'Ms', 'first': 'Ananya', 'last': 'Kumari'}, 'location': {'street': {'number': 1183, 'name': 'Carter Rd Promenade'}, 'city': 'Tirupati', 'state': 'Goa', 'country': 'India', 'postcode': 66269, 'coordinates': {'latitude': '8.8351', 'longitude': '11.0615'}, 'timezone': {'offset': '+11:00', 'description': 'Magadan, Solomon Islands, New Caledonia'}}, 'email': 'ananya.kumari@example.com', 'login': {'uuid': '17cf12f4-ae43-4a3a-bba5-d9fdb3e03f9b', 'username': 'greenswan608', 'password': 'nacked', 'salt': '5tmOoNSU', 'md5': 'f7a831aa1cedfb807ed47f24cefff24f', 'sha1': 'd8a92a46536899dcd6fd1b63a119c96d5dd0a63c', 'sha256': '7c7499624ce2df870e6ab640bdfccf77322b5877c74099ff5c21ff09bc9c06dc'}, 'dob': {'date': '1998-10-06T11:23:31.801Z', 'age': 25}, 'registered': {'date': '2019-09-13T05:46:24.772Z', 'age': 4}, 'phone': '7802967541', 'cell': '7441429306', 'id': {'name': 'UIDAI', 'value': '038699090106'}, 'picture': {'large': 'https://randomuser.me/api/portraits/women/67.jpg', 'medium': 'https://randomuser.me/api/portraits/med/women/67.jpg', 'thumbnail': 'https://randomuser.me/api/portraits/thumb/women/67.jpg'}, 'nat': 'IN'}], 'info': {'seed': 'e32be79baadb81c7', 'results': 1, 'page': 1, 'version': '1.4'}}</msg>
<arg>${json_data}</arg>
<doc>Logs the given message with the given level.</doc>
<status status="PASS" start="2024-06-05T07:14:42.283653" elapsed="0.000228"/>
</kw>
<kw name="Should Be Equal As Numbers" owner="BuiltIn">
<arg>${json_data['results'][0]['location']['postcode']}</arg>
<arg>${json_data['results'][0]['location']['postcode']}</arg>
<doc>Fails if objects are unequal after converting them to real numbers.</doc>
<status status="PASS" start="2024-06-05T07:14:42.284181" elapsed="0.000621"/>
</kw>
<kw name="Log" owner="BuiltIn">
<msg time="2024-06-05T07:14:42.285331" level="INFO">66269</msg>
<arg>${json_data['results'][0]['location']['postcode']}</arg>
<doc>Logs the given message with the given level.</doc>
<status status="PASS" start="2024-06-05T07:14:42.284996" elapsed="0.000375"/>
</kw>
<status status="PASS" start="2024-06-05T07:14:42.184578" elapsed="0.101041"/>
</kw>
<doc>Testa se os tipos de dados na resposta da API estão corretos.</doc>
<tag>testeTiposDados</tag>
<status status="PASS" start="2024-06-05T07:14:42.106766" elapsed="0.179014"/>
</test>
<test id="s1-s1-t5" name="Validar conteudo" line="35">
<kw name="Teste de Tipos de Conteudo" owner="random-user-service">
<kw name="GET On Session" owner="RequestsLibrary">
<msg time="2024-06-05T07:14:42.372942" level="INFO">GET Request : url=https://randomuser.me/api 
 path_url=/api 
 headers={'User-Agent': 'python-requests/2.32.3', 'Accept-Encoding': 'gzip, deflate', 'Accept': '*/*', 'Connection': 'keep-alive'} 
 body=None 
 </msg>
<msg time="2024-06-05T07:14:42.373027" level="INFO">GET Response : url=https://randomuser.me/api 
 status=200, reason=OK 
 headers={'Date': 'Wed, 05 Jun 2024 07:14:42 GMT', 'Content-Type': 'application/json; charset=utf-8', 'Transfer-Encoding': 'chunked', 'Connection': 'keep-alive', 'X-Powered-By': 'Express', 'Access-Control-Allow-Origin': '*', 'Cache-Control': 'no-cache', 'ETag': 'W/"47d-FFiXXeCQ1pseqqpyzTQmD3ifbKM"', 'Vary': 'Accept-Encoding', 'Content-Encoding': 'gzip', 'CF-Cache-Status': 'DYNAMIC', 'Report-To': '{"endpoints":[{"url":"https:\\/\\/a.nel.cloudflare.com\\/report\\/v4?s=I9xD6XTY7s5Y8mTw%2FDV9SW4Ld9XBmisvGrb0Vq72a3brZ4vyaY4ze3cQlGD%2BLbim2ktFmiHFOsDiwx50FFK9qln75RiGN9x9Th34%2FCy2rknw2%2BkkRGp0SRCoVOlNEO3M"}],"group":"cf-nel","max_age":604800}', 'NEL': '{"success_fraction":0,"report_to":"cf-nel","max_age":604800}', 'Server': 'cloudflare', 'CF-RAY': '88ee5e064fe47009-IAD', 'alt-svc': 'h3=":443"; ma=86400'} 
 body={"results":[{"gender":"female","name":{"title":"Miss","first":"Georgia","last":"Parker"},"location":{"street":{"number":9629,"name":"Green Rd"},"city":"Busselton","state":"Tasmania","country":"Australia","postcode":3927,"coordinates":{"latitude":"-83.1240","longitude":"20.7194"},"timezone":{"offset":"-3:30","description":"Newfoundland"}},"email":"georgia.parker@example.com","login":{"uuid":"5a34f53b-22a4-4877-a227-fb631ee4f159","username":"lazyzebra756","password":"buffalo1","salt":"jMrGEE4j","md5":"6f120bde170807f483063bd526c2d94b","sha1":"9b5b35127304be35008ca126914b08069b730d81","sha256":"a0378aa6ae4ad52f0fb9d60e17ab2e12fddcc5795500d4cf900836192bcad6f0"},"dob":{"date":"1966-08-28T20:10:37.647Z","age":57},"registered":{"date":"2006-11-09T14:43:41.912Z","age":17},"phone":"09-8390-3660","cell":"0426-336-172","id":{"name":"TFN","value":"008605442"},"picture":{"large":"https://randomuser.me/api/portraits/women/10.jpg","medium":"https://randomuser.me/api/portraits/med/women/10.jpg","thumbnail":"https://randomuser.me/api/portraits/thumb/women/10.jpg"},"nat":"AU"}],"info":{"seed":"f10351300ebbfb03","results":1,"page":1,"version":"1.4"}} 
 </msg>
<msg time="2024-06-05T07:14:42.373094" level="INFO">/opt/hostedtoolcache/Python/3.12.3/x64/lib/python3.12/site-packages/urllib3/connectionpool.py:1103: InsecureRequestWarning: Unverified HTTPS request is being made to host 'randomuser.me'. Adding certificate verification is strongly advised. See: https://urllib3.readthedocs.io/en/latest/advanced-usage.html#tls-warnings
  warnings.warn(</msg>
<msg time="2024-06-05T07:14:42.373205" level="INFO">${response} = &lt;Response [200]&gt;</msg>
<var>${response}</var>
<arg>consultarAPI</arg>
<arg>/api</arg>
<doc>Sends a GET request on a previously created HTTP Session.</doc>
<status status="PASS" start="2024-06-05T07:14:42.288362" elapsed="0.084895"/>
</kw>
<kw name="Set Variable" owner="BuiltIn">
<msg time="2024-06-05T07:14:42.374394" level="INFO">${json_data} = {'results': [{'gender': 'female', 'name': {'title': 'Miss', 'first': 'Georgia', 'last': 'Parker'}, 'location': {'street': {'number': 9629, 'name': 'Green Rd'}, 'city': 'Busselton', 'state': 'Tasmania'...</msg>
<var>${json_data}</var>
<arg>${response.json()}</arg>
<doc>Returns the given values which can then be assigned to a variables.</doc>
<status status="PASS" start="2024-06-05T07:14:42.373843" elapsed="0.000580"/>
</kw>
<kw name="Set Variable" owner="BuiltIn">
<msg time="2024-06-05T07:14:42.375097" level="INFO">${name_title} = Miss</msg>
<var>${name_title}</var>
<arg>${json_data["results"][0]["name"]["title"]}</arg>
<doc>Returns the given values which can then be assigned to a variables.</doc>
<status status="PASS" start="2024-06-05T07:14:42.374725" elapsed="0.000398"/>
</kw>
<kw name="Create List" owner="BuiltIn">
<msg time="2024-06-05T07:14:42.375571" level="INFO">${allowed_titles} = ['Mr', 'Ms', 'Miss', 'Mrs', 'Madame', 'Monsieur']</msg>
<var>${allowed_titles}</var>
<arg>Mr</arg>
<arg>Ms</arg>
<arg>Miss</arg>
<arg>Mrs</arg>
<arg>Madame</arg>
<arg>Monsieur</arg>
<doc>Returns a list containing given items.</doc>
<status status="PASS" start="2024-06-05T07:14:42.375422" elapsed="0.000172"/>
</kw>
<kw name="List Should Contain Value" owner="Collections">
<msg time="2024-06-05T07:14:42.376067" level="INFO">False</msg>
<arg>${allowed_titles}</arg>
<arg>${name_title}</arg>
<doc>Fails if the ``value`` is not found from ``list``.</doc>
<status status="PASS" start="2024-06-05T07:14:42.375895" elapsed="0.000208"/>
</kw>
<kw name="Set Variable" owner="BuiltIn">
<msg time="2024-06-05T07:14:42.376904" level="INFO">${name_country} = AU</msg>
<var>${name_country}</var>
<arg>${json_data["results"][0]["nat"]}</arg>
<doc>Returns the given values which can then be assigned to a variables.</doc>
<status status="PASS" start="2024-06-05T07:14:42.376393" elapsed="0.000536"/>
</kw>
<kw name="Create List" owner="BuiltIn">
<msg time="2024-06-05T07:14:42.377856" level="INFO">${list_country} = ['AD', 'AE', 'AF', 'AG', 'AI', 'AL', 'AM', 'AO', 'AQ', 'AR', 'AS', 'AT', 'AU', 'AW', 'AX', 'AZ', 'BA', 'BB', 'BD', 'BE', 'BF', 'BG', 'BH', 'BI', 'BJ', 'BL', 'BM', 'BN', 'BO', 'BQ', 'BR', 'BS', 'BT', '...</msg>
<var>${list_country}</var>
<arg>AD</arg>
<arg>AE</arg>
<arg>AF</arg>
<arg>AG</arg>
<arg>AI</arg>
<arg>AL</arg>
<arg>AM</arg>
<arg>AO</arg>
<arg>AQ</arg>
<arg>AR</arg>
<arg>AS</arg>
<arg>AT</arg>
<arg>AU</arg>
<arg>AW</arg>
<arg>AX</arg>
<arg>AZ</arg>
<arg>BA</arg>
<arg>BB</arg>
<arg>BD</arg>
<arg>BE</arg>
<arg>BF</arg>
<arg>BG</arg>
<arg>BH</arg>
<arg>BI</arg>
<arg>BJ</arg>
<arg>BL</arg>
<arg>BM</arg>
<arg>BN</arg>
<arg>BO</arg>
<arg>BQ</arg>
<arg>BR</arg>
<arg>BS</arg>
<arg>BT</arg>
<arg>BV</arg>
<arg>BW</arg>
<arg>BY</arg>
<arg>BZ</arg>
<arg>CA</arg>
<arg>CC</arg>
<arg>CD</arg>
<arg>CF</arg>
<arg>CG</arg>
<arg>CH</arg>
<arg>CI</arg>
<arg>CK</arg>
<arg>CL</arg>
<arg>CM</arg>
<arg>CN</arg>
<arg>CO</arg>
<arg>CR</arg>
<arg>CU</arg>
<arg>CV</arg>
<arg>CW</arg>
<arg>CX</arg>
<arg>CY</arg>
<arg>CZ</arg>
<arg>DE</arg>
<arg>DJ</arg>
<arg>DK</arg>
<arg>DM</arg>
<arg>DO</arg>
<arg>DZ</arg>
<arg>EC</arg>
<arg>EE</arg>
<arg>EG</arg>
<arg>EH</arg>
<arg>ER</arg>
<arg>ES</arg>
<arg>ET</arg>
<arg>FI</arg>
<arg>FJ</arg>
<arg>FK</arg>
<arg>FM</arg>
<arg>FO</arg>
<arg>FR</arg>
<arg>GA</arg>
<arg>GB</arg>
<arg>GD</arg>
<arg>GE</arg>
<arg>GF</arg>
<arg>GG</arg>
<arg>GH</arg>
<arg>GI</arg>
<arg>GL</arg>
<arg>GM</arg>
<arg>GN</arg>
<arg>GP</arg>
<arg>GQ</arg>
<arg>GR</arg>
<arg>GS</arg>
<arg>GT</arg>
<arg>GU</arg>
<arg>GW</arg>
<arg>GY</arg>
<arg>HK</arg>
<arg>HM</arg>
<arg>HN</arg>
<arg>HR</arg>
<arg>HT</arg>
<arg>HU</arg>
<arg>ID</arg>
<arg>IE</arg>
<arg>IL</arg>
<arg>IM</arg>
<arg>IN</arg>
<arg>IO</arg>
<arg>IQ</arg>
<arg>IR</arg>
<arg>IS</arg>
<arg>IT</arg>
<arg>JE</arg>
<arg>JM</arg>
<arg>JO</arg>
<arg>JP</arg>
<arg>KE</arg>
<arg>KG</arg>
<arg>KH</arg>
<arg>KI</arg>
<arg>KM</arg>
<arg>KN</arg>
<arg>KP</arg>
<arg>KR</arg>
<arg>KW</arg>
<arg>KY</arg>
<arg>KZ</arg>
<arg>LA</arg>
<arg>LB</arg>
<arg>LC</arg>
<arg>LI</arg>
<arg>LK</arg>
<arg>LR</arg>
<arg>LS</arg>
<arg>LT</arg>
<arg>LU</arg>
<arg>LV</arg>
<arg>LY</arg>
<arg>MA</arg>
<arg>MC</arg>
<arg>MD</arg>
<arg>ME</arg>
<arg>MF</arg>
<arg>MG</arg>
<arg>MH</arg>
<arg>MK</arg>
<arg>ML</arg>
<arg>MM</arg>
<arg>MN</arg>
<arg>MO</arg>
<arg>MP</arg>
<arg>MQ</arg>
<arg>MR</arg>
<arg>MS</arg>
<arg>MT</arg>
<arg>MU</arg>
<arg>MV</arg>
<arg>MW</arg>
<arg>MX</arg>
<arg>MY</arg>
<arg>MZ</arg>
<arg>NA</arg>
<arg>NC</arg>
<arg>NE</arg>
<arg>NF</arg>
<arg>NG</arg>
<arg>NI</arg>
<arg>NL</arg>
<arg>NO</arg>
<arg>NP</arg>
<arg>NR</arg>
<arg>NU</arg>
<arg>NZ</arg>
<arg>OM</arg>
<arg>PA</arg>
<arg>PE</arg>
<arg>PF</arg>
<arg>PG</arg>
<arg>PH</arg>
<arg>PK</arg>
<arg>PL</arg>
<arg>PM</arg>
<arg>PN</arg>
<arg>PR</arg>
<arg>PS</arg>
<arg>PT</arg>
<arg>PW</arg>
<arg>PY</arg>
<arg>QA</arg>
<arg>RE</arg>
<arg>RO</arg>
<arg>RS</arg>
<arg>RU</arg>
<arg>RW</arg>
<arg>SA</arg>
<arg>SB</arg>
<arg>SC</arg>
<arg>SD</arg>
<arg>SE</arg>
<arg>SG</arg>
<arg>SH</arg>
<arg>SI</arg>
<arg>SJ</arg>
<arg>SK</arg>
<arg>SL</arg>
<arg>SM</arg>
<arg>SN</arg>
<arg>SO</arg>
<arg>SR</arg>
<arg>SS</arg>
<arg>ST</arg>
<arg>SV</arg>
<arg>SX</arg>
<arg>SY</arg>
<arg>SZ</arg>
<arg>TC</arg>
<arg>TD</arg>
<arg>TF</arg>
<arg>TG</arg>
<arg>TH</arg>
<arg>TJ</arg>
<arg>TK</arg>
<arg>TL</arg>
<arg>TM</arg>
<arg>TN</arg>
<arg>TO</arg>
<arg>TR</arg>
<arg>TT</arg>
<arg>TV</arg>
<arg>TW</arg>
<arg>TZ</arg>
<arg>UA</arg>
<arg>UG</arg>
<arg>UM</arg>
<arg>US</arg>
<arg>UY</arg>
<arg>UZ</arg>
<arg>VA</arg>
<arg>VC</arg>
<arg>VE</arg>
<arg>VG</arg>
<arg>VI</arg>
<arg>VN</arg>
<arg>VU</arg>
<arg>WF</arg>
<arg>WS</arg>
<arg>XK</arg>
<arg>YE</arg>
<arg>YT</arg>
<arg>ZA</arg>
<arg>ZM</arg>
<arg>ZW</arg>
<doc>Returns a list containing given items.</doc>
<status status="PASS" start="2024-06-05T07:14:42.377233" elapsed="0.000653"/>
</kw>
<kw name="List Should Contain Value" owner="Collections">
<msg time="2024-06-05T07:14:42.378882" level="INFO">False</msg>
<arg>${list_country}</arg>
<arg>${name_country}</arg>
<doc>Fails if the ``value`` is not found from ``list``.</doc>
<status status="PASS" start="2024-06-05T07:14:42.378680" elapsed="0.000238"/>
</kw>
<kw name="Run Keyword If" owner="BuiltIn">
<kw name="Should Be True" owner="BuiltIn">
<arg>${True}</arg>
<doc>Fails if the given condition is not true.</doc>
<status status="PASS" start="2024-06-05T07:14:42.379975" elapsed="0.000141"/>
</kw>
<arg>${json_data["results"][0]["location"]["coordinates"]["latitude"]} &gt;= -90 and ${json_data["results"][0]["location"]["coordinates"]["latitude"]} &lt;= 90</arg>
<arg>Should Be True</arg>
<arg>${True}</arg>
<doc>Runs the given keyword with the given arguments, if ``condition`` is true.</doc>
<status status="PASS" start="2024-06-05T07:14:42.379232" elapsed="0.001011"/>
</kw>
<kw name="Run Keyword If" owner="BuiltIn">
<kw name="Should Be True" owner="BuiltIn">
<arg>${True}</arg>
<doc>Fails if the given condition is not true.</doc>
<status status="PASS" start="2024-06-05T07:14:42.381134" elapsed="0.000136"/>
</kw>
<arg>${json_data["results"][0]["location"]["coordinates"]["longitude"]} &gt;= -180 and ${json_data["results"][0]["location"]["coordinates"]["longitude"]} &lt;= 180</arg>
<arg>Should Be True</arg>
<arg>${True}</arg>
<doc>Runs the given keyword with the given arguments, if ``condition`` is true.</doc>
<status status="PASS" start="2024-06-05T07:14:42.380439" elapsed="0.000952"/>
</kw>
<status status="PASS" start="2024-06-05T07:14:42.288135" elapsed="0.093382"/>
</kw>
<doc>Testa o conteúdo específico dos campos retornados pela API.</doc>
<tag>testeConteudo</tag>
<status status="PASS" start="2024-06-05T07:14:42.287593" elapsed="0.094068"/>
</test>
<status status="PASS" start="2024-06-05T07:14:41.575538" elapsed="0.808165"/>
</suite>
<status status="PASS" start="2024-06-05T07:14:41.562172" elapsed="0.826735"/>
</suite>
<statistics>
<total>
<stat pass="5" fail="0" skip="0">All Tests</stat>
</total>
<tag>
<stat pass="1" fail="0" skip="0">testeConteudo</stat>
<stat pass="1" fail="0" skip="0">testeEstruturaResposta</stat>
<stat pass="1" fail="0" skip="0">testeRequisicaoBasica</stat>
<stat pass="1" fail="0" skip="0">testeTiposDados</stat>
</tag>
<suite>
<stat pass="5" fail="0" skip="0" id="s1" name="Tests">Tests</stat>
<stat pass="5" fail="0" skip="0" id="s1-s1" name="Random-User-Test">Tests.Random-User-Test</stat>
</suite>
</statistics>
<errors>
</errors>
</robot>
