<?xml version="1.0" encoding="UTF-8"?>
<robot generator="Robot 7.0 (Python 3.12.3 on linux)" generated="2024-04-28T10:14:20.347638" rpa="false" schemaversion="5">
<suite id="s1" name="Tests" source="/home/runner/work/DesafioQAItauRogerioJordao/DesafioQAItauRogerioJordao/RamdonUser/tests">
<suite id="s1-s1" name="Random-User-Test" source="/home/runner/work/DesafioQAItauRogerioJordao/DesafioQAItauRogerioJordao/RamdonUser/tests/random-user-test.robot">
<test id="s1-s1-t1" name="Conectar" line="13">
<kw name="Conectar API" owner="random-user-service">
<kw name="Create Session" owner="RequestsLibrary">
<msg time="2024-04-28T10:14:20.736047" level="INFO">Creating Session using : alias=consultarAPI, url=https://randomuser.me/, headers={},                     cookies={}, auth=None, timeout=None, proxies=None, verify=False,                     debug=0 </msg>
<arg>consultarAPI</arg>
<arg>${URL}</arg>
<doc>Create Session: create a HTTP session to a server</doc>
<status status="PASS" start="2024-04-28T10:14:20.735852" elapsed="0.000370"/>
</kw>
<status status="PASS" start="2024-04-28T10:14:20.734901" elapsed="0.001675"/>
</kw>
<status status="PASS" start="2024-04-28T10:14:20.734289" elapsed="0.002517"/>
</test>
<test id="s1-s1-t2" name="Validar retorno 200 e JSON Válido" line="16">
<kw name="Teste de Requisicao Basica" owner="random-user-service">
<kw name="GET On Session" owner="RequestsLibrary">
<msg time="2024-04-28T10:14:20.806263" level="INFO">GET Request : url=https://randomuser.me/api 
 path_url=/api 
 headers={'User-Agent': 'python-requests/2.31.0', 'Accept-Encoding': 'gzip, deflate', 'Accept': '*/*', 'Connection': 'keep-alive'} 
 body=None 
 </msg>
<msg time="2024-04-28T10:14:20.806382" level="INFO">GET Response : url=https://randomuser.me/api 
 status=200, reason=OK 
 headers={'Date': 'Sun, 28 Apr 2024 10:14:20 GMT', 'Content-Type': 'application/json; charset=utf-8', 'Transfer-Encoding': 'chunked', 'Connection': 'keep-alive', 'X-Powered-By': 'Express', 'Access-Control-Allow-Origin': '*', 'Cache-Control': 'no-cache', 'ETag': 'W/"498-/m9vJidXhehDX4ZLdeiF/nSEKQo"', 'Vary': 'Accept-Encoding', 'Content-Encoding': 'gzip', 'CF-Cache-Status': 'DYNAMIC', 'Report-To': '{"endpoints":[{"url":"https:\\/\\/a.nel.cloudflare.com\\/report\\/v4?s=u7z6V2yLVaxDcfwcXiYxC%2FotDIV7jhovR8GBVF%2FVQJifhCyC1rSQwQNC%2F4o9UPdy7ybhf5PFUYm3odEN%2FZi3ZwoRL5zrp0IesCja52qSne0ZOdpu3oDdrZs77AtmQibc"}],"group":"cf-nel","max_age":604800}', 'NEL': '{"success_fraction":0,"report_to":"cf-nel","max_age":604800}', 'Server': 'cloudflare', 'CF-RAY': '87b648ebd8503b89-IAD', 'alt-svc': 'h3=":443"; ma=86400'} 
 body={"results":[{"gender":"female","name":{"title":"Mrs","first":"Kerttu","last":"Lehtola"},"location":{"street":{"number":7899,"name":"Rotuaari"},"city":"Forssa","state":"Kainuu","country":"Finland","postcode":54995,"coordinates":{"latitude":"-27.9593","longitude":"131.6502"},"timezone":{"offset":"+10:00","description":"Eastern Australia, Guam, Vladivostok"}},"email":"kerttu.lehtola@example.com","login":{"uuid":"777fcb02-7d01-4581-9b7b-bfa844d95009","username":"silverpanda956","password":"jesus1","salt":"ZdewGh1S","md5":"03d85cf3bde7377c4e0d1738e7203ef0","sha1":"516fdd72c090fe06af3ccf8dc931a91cf5779f9f","sha256":"1148d1bb07e33e81d4ab76c9bf2a4fa6d3b3300344dc58d4501f31135ae2d277"},"dob":{"date":"1982-10-30T11:44:36.465Z","age":41},"registered":{"date":"2012-05-05T07:43:03.245Z","age":11},"phone":"04-863-005","cell":"043-864-66-53","id":{"name":"HETU","value":"NaNNA356undefined"},"picture":{"large":"https://randomuser.me/api/portraits/women/27.jpg","medium":"https://randomuser.me/api/portraits/med/women/27.jpg","thumbnail":"https://randomuser.me/api/portraits/thumb/women/27.jpg"},"nat":"FI"}],"info":{"seed":"732e4022aa2db64d","results":1,"page":1,"version":"1.4"}} 
 </msg>
<msg time="2024-04-28T10:14:20.806457" level="INFO">/opt/hostedtoolcache/Python/3.12.3/x64/lib/python3.12/site-packages/urllib3/connectionpool.py:1103: InsecureRequestWarning: Unverified HTTPS request is being made to host 'randomuser.me'. Adding certificate verification is strongly advised. See: https://urllib3.readthedocs.io/en/latest/advanced-usage.html#tls-warnings
  warnings.warn(</msg>
<msg time="2024-04-28T10:14:20.806594" level="INFO">${response} = &lt;Response [200]&gt;</msg>
<var>${response}</var>
<arg>consultarAPI</arg>
<arg>/api</arg>
<doc>Sends a GET request on a previously created HTTP Session.</doc>
<status status="PASS" start="2024-04-28T10:14:20.739491" elapsed="0.067143"/>
</kw>
<kw name="Should Be Equal As Numbers" owner="BuiltIn">
<msg time="2024-04-28T10:14:20.807481" level="INFO">Argument types are:
&lt;class 'int'&gt;
&lt;class 'str'&gt;</msg>
<arg>${response.status_code}</arg>
<arg>200</arg>
<doc>Fails if objects are unequal after converting them to real numbers.</doc>
<status status="PASS" start="2024-04-28T10:14:20.807065" elapsed="0.000481"/>
</kw>
<kw name="Log" owner="BuiltIn">
<msg time="2024-04-28T10:14:20.808241" level="INFO">200</msg>
<arg>${response.status_code}</arg>
<doc>Logs the given message with the given level.</doc>
<status status="PASS" start="2024-04-28T10:14:20.807888" elapsed="0.000395"/>
</kw>
<kw name="Set Variable" owner="BuiltIn">
<msg time="2024-04-28T10:14:20.809070" level="INFO">${json_data} = {'results': [{'gender': 'female', 'name': {'title': 'Mrs', 'first': 'Kerttu', 'last': 'Lehtola'}, 'location': {'street': {'number': 7899, 'name': 'Rotuaari'}, 'city': 'Forssa', 'state': 'Kainuu', 'cou...</msg>
<var>${json_data}</var>
<arg>${response.json()}</arg>
<doc>Returns the given values which can then be assigned to a variables.</doc>
<status status="PASS" start="2024-04-28T10:14:20.808587" elapsed="0.000511"/>
</kw>
<kw name="Dictionary Should Contain Key" owner="Collections">
<msg time="2024-04-28T10:14:20.809567" level="INFO">False</msg>
<arg>${json_data}</arg>
<arg>results</arg>
<doc>Fails if ``key`` is not found from ``dictionary``.</doc>
<status status="PASS" start="2024-04-28T10:14:20.809401" elapsed="0.000210"/>
</kw>
<status status="PASS" start="2024-04-28T10:14:20.739252" elapsed="0.070616"/>
</kw>
<doc>Testa se a API responde corretamente e retorna um objeto JSON válido.</doc>
<tag>testeRequisicaoBasica</tag>
<status status="PASS" start="2024-04-28T10:14:20.738696" elapsed="0.071350"/>
</test>
<test id="s1-s1-t3" name="Validar estrutura de resposta" line="22">
<kw name="Teste de Estrutura de Resposta" owner="random-user-service">
<kw name="GET On Session" owner="RequestsLibrary">
<msg time="2024-04-28T10:14:20.918661" level="INFO">GET Request : url=https://randomuser.me/api 
 path_url=/api 
 headers={'User-Agent': 'python-requests/2.31.0', 'Accept-Encoding': 'gzip, deflate', 'Accept': '*/*', 'Connection': 'keep-alive'} 
 body=None 
 </msg>
<msg time="2024-04-28T10:14:20.918778" level="INFO">GET Response : url=https://randomuser.me/api 
 status=200, reason=OK 
 headers={'Date': 'Sun, 28 Apr 2024 10:14:20 GMT', 'Content-Type': 'application/json; charset=utf-8', 'Transfer-Encoding': 'chunked', 'Connection': 'keep-alive', 'X-Powered-By': 'Express', 'Access-Control-Allow-Origin': '*', 'Cache-Control': 'no-cache', 'ETag': 'W/"481-b9/KoM4dLscPTA8Rgxo/Bak4pzc"', 'Vary': 'Accept-Encoding', 'Content-Encoding': 'gzip', 'CF-Cache-Status': 'DYNAMIC', 'Report-To': '{"endpoints":[{"url":"https:\\/\\/a.nel.cloudflare.com\\/report\\/v4?s=qj1WGDh6%2FtFyvfxYvU8okrtbRrKlTTadl%2BNNibuMwcrkVYMZa3ddm9g0hxa5lv%2FY6ptH5sweB4dbe2oDP3qrB6cVV45VYxjilrc2DFLtAzvKw1pSnZNWAEt4wBlUQBJY"}],"group":"cf-nel","max_age":604800}', 'NEL': '{"success_fraction":0,"report_to":"cf-nel","max_age":604800}', 'Server': 'cloudflare', 'CF-RAY': '87b648ec18763b89-IAD', 'alt-svc': 'h3=":443"; ma=86400'} 
 body={"results":[{"gender":"female","name":{"title":"Miss","first":"Abigail","last":"Abraham"},"location":{"street":{"number":6828,"name":"Main St"},"city":"St. George","state":"Québec","country":"Canada","postcode":"G7V 9B7","coordinates":{"latitude":"-68.6568","longitude":"76.5166"},"timezone":{"offset":"-3:30","description":"Newfoundland"}},"email":"abigail.abraham@example.com","login":{"uuid":"0005a9dc-cec3-4c5d-882b-5994b1125343","username":"silverfrog631","password":"bullfrog","salt":"3VmXxZIH","md5":"1218dc513f3fc99e3c10d4b17138ca7f","sha1":"fb81319bb23665e6f53a08a22bc22411e4d2636c","sha256":"55dcd72dcceac5125ca911f64f5a027b2dafaa65af097cfcc54f92ec827583e7"},"dob":{"date":"1979-08-06T03:36:20.683Z","age":44},"registered":{"date":"2008-01-21T23:22:23.066Z","age":16},"phone":"C11 I22-1733","cell":"R38 G66-3959","id":{"name":"SIN","value":"513150110"},"picture":{"large":"https://randomuser.me/api/portraits/women/71.jpg","medium":"https://randomuser.me/api/portraits/med/women/71.jpg","thumbnail":"https://randomuser.me/api/portraits/thumb/women/71.jpg"},"nat":"CA"}],"info":{"seed":"3f6e54ad4fe4deba","results":1,"page":1,"version":"1.4"}} 
 </msg>
<msg time="2024-04-28T10:14:20.918936" level="INFO">/opt/hostedtoolcache/Python/3.12.3/x64/lib/python3.12/site-packages/urllib3/connectionpool.py:1103: InsecureRequestWarning: Unverified HTTPS request is being made to host 'randomuser.me'. Adding certificate verification is strongly advised. See: https://urllib3.readthedocs.io/en/latest/advanced-usage.html#tls-warnings
  warnings.warn(</msg>
<msg time="2024-04-28T10:14:20.919112" level="INFO">${response} = &lt;Response [200]&gt;</msg>
<var>${response}</var>
<arg>consultarAPI</arg>
<arg>/api</arg>
<doc>Sends a GET request on a previously created HTTP Session.</doc>
<status status="PASS" start="2024-04-28T10:14:20.812723" elapsed="0.106439"/>
</kw>
<kw name="Set Variable" owner="BuiltIn">
<msg time="2024-04-28T10:14:20.920243" level="INFO">${json_data} = {'results': [{'gender': 'female', 'name': {'title': 'Miss', 'first': 'Abigail', 'last': 'Abraham'}, 'location': {'street': {'number': 6828, 'name': 'Main St'}, 'city': 'St. George', 'state': 'Québec',...</msg>
<var>${json_data}</var>
<arg>${response.json()}</arg>
<doc>Returns the given values which can then be assigned to a variables.</doc>
<status status="PASS" start="2024-04-28T10:14:20.919696" elapsed="0.000576"/>
</kw>
<kw name="Log" owner="BuiltIn">
<msg time="2024-04-28T10:14:20.920778" level="INFO">{'results': [{'gender': 'female', 'name': {'title': 'Miss', 'first': 'Abigail', 'last': 'Abraham'}, 'location': {'street': {'number': 6828, 'name': 'Main St'}, 'city': 'St. George', 'state': 'Québec', 'country': 'Canada', 'postcode': 'G7V 9B7', 'coordinates': {'latitude': '-68.6568', 'longitude': '76.5166'}, 'timezone': {'offset': '-3:30', 'description': 'Newfoundland'}}, 'email': 'abigail.abraham@example.com', 'login': {'uuid': '0005a9dc-cec3-4c5d-882b-5994b1125343', 'username': 'silverfrog631', 'password': 'bullfrog', 'salt': '3VmXxZIH', 'md5': '1218dc513f3fc99e3c10d4b17138ca7f', 'sha1': 'fb81319bb23665e6f53a08a22bc22411e4d2636c', 'sha256': '55dcd72dcceac5125ca911f64f5a027b2dafaa65af097cfcc54f92ec827583e7'}, 'dob': {'date': '1979-08-06T03:36:20.683Z', 'age': 44}, 'registered': {'date': '2008-01-21T23:22:23.066Z', 'age': 16}, 'phone': 'C11 I22-1733', 'cell': 'R38 G66-3959', 'id': {'name': 'SIN', 'value': '513150110'}, 'picture': {'large': 'https://randomuser.me/api/portraits/women/71.jpg', 'medium': 'https://randomuser.me/api/portraits/med/women/71.jpg', 'thumbnail': 'https://randomuser.me/api/portraits/thumb/women/71.jpg'}, 'nat': 'CA'}], 'info': {'seed': '3f6e54ad4fe4deba', 'results': 1, 'page': 1, 'version': '1.4'}}</msg>
<arg>${json_data}</arg>
<doc>Logs the given message with the given level.</doc>
<status status="PASS" start="2024-04-28T10:14:20.920583" elapsed="0.000260"/>
</kw>
<kw name="Dictionary Should Contain Key" owner="Collections">
<msg time="2024-04-28T10:14:20.921311" level="INFO">False</msg>
<arg>${json_data}</arg>
<arg>results</arg>
<doc>Fails if ``key`` is not found from ``dictionary``.</doc>
<status status="PASS" start="2024-04-28T10:14:20.921149" elapsed="0.000201"/>
</kw>
<kw name="Should Not Be Empty" owner="BuiltIn">
<msg time="2024-04-28T10:14:20.921785" level="INFO">Length is 2.</msg>
<arg>${json_data}</arg>
<doc>Verifies that the given item is not empty.</doc>
<status status="PASS" start="2024-04-28T10:14:20.921648" elapsed="0.000175"/>
</kw>
<kw name="Create List" owner="BuiltIn">
<msg time="2024-04-28T10:14:20.922434" level="INFO">${expected_keys} = ['gender', 'name', 'location', 'email', 'login']</msg>
<var>${expected_keys}</var>
<arg>gender</arg>
<arg>name</arg>
<arg>location</arg>
<arg>email</arg>
<arg>login</arg>
<doc>Returns a list containing given items.</doc>
<status status="PASS" start="2024-04-28T10:14:20.922116" elapsed="0.000343"/>
</kw>
<for flavor="IN">
<iter>
<kw name="Dictionary Should Contain Key" owner="Collections">
<msg time="2024-04-28T10:14:20.923463" level="INFO">False</msg>
<arg>${json_data['results'][0]}</arg>
<arg>${key}</arg>
<doc>Fails if ``key`` is not found from ``dictionary``.</doc>
<status status="PASS" start="2024-04-28T10:14:20.923056" elapsed="0.000446"/>
</kw>
<kw name="Log" owner="BuiltIn">
<msg time="2024-04-28T10:14:20.924182" level="INFO">{'gender': 'female', 'name': {'title': 'Miss', 'first': 'Abigail', 'last': 'Abraham'}, 'location': {'street': {'number': 6828, 'name': 'Main St'}, 'city': 'St. George', 'state': 'Québec', 'country': 'Canada', 'postcode': 'G7V 9B7', 'coordinates': {'latitude': '-68.6568', 'longitude': '76.5166'}, 'timezone': {'offset': '-3:30', 'description': 'Newfoundland'}}, 'email': 'abigail.abraham@example.com', 'login': {'uuid': '0005a9dc-cec3-4c5d-882b-5994b1125343', 'username': 'silverfrog631', 'password': 'bullfrog', 'salt': '3VmXxZIH', 'md5': '1218dc513f3fc99e3c10d4b17138ca7f', 'sha1': 'fb81319bb23665e6f53a08a22bc22411e4d2636c', 'sha256': '55dcd72dcceac5125ca911f64f5a027b2dafaa65af097cfcc54f92ec827583e7'}, 'dob': {'date': '1979-08-06T03:36:20.683Z', 'age': 44}, 'registered': {'date': '2008-01-21T23:22:23.066Z', 'age': 16}, 'phone': 'C11 I22-1733', 'cell': 'R38 G66-3959', 'id': {'name': 'SIN', 'value': '513150110'}, 'picture': {'large': 'https://randomuser.me/api/portraits/women/71.jpg', 'medium': 'https://randomuser.me/api/portraits/med/women/71.jpg', 'thumbnail': 'https://randomuser.me/api/portraits/thumb/women/71.jpg'}, 'nat': 'CA'}</msg>
<arg>${json_data['results'][0]}</arg>
<doc>Logs the given message with the given level.</doc>
<status status="PASS" start="2024-04-28T10:14:20.923812" elapsed="0.000419"/>
</kw>
<kw name="Log" owner="BuiltIn">
<msg time="2024-04-28T10:14:20.924659" level="INFO">gender</msg>
<arg>${key}</arg>
<doc>Logs the given message with the given level.</doc>
<status status="PASS" start="2024-04-28T10:14:20.924531" elapsed="0.000166"/>
</kw>
<var name="${key}">gender</var>
<status status="PASS" start="2024-04-28T10:14:20.922930" elapsed="0.002029"/>
</iter>
<iter>
<kw name="Dictionary Should Contain Key" owner="Collections">
<msg time="2024-04-28T10:14:20.925650" level="INFO">False</msg>
<arg>${json_data['results'][0]}</arg>
<arg>${key}</arg>
<doc>Fails if ``key`` is not found from ``dictionary``.</doc>
<status status="PASS" start="2024-04-28T10:14:20.925264" elapsed="0.000423"/>
</kw>
<kw name="Log" owner="BuiltIn">
<msg time="2024-04-28T10:14:20.926374" level="INFO">{'gender': 'female', 'name': {'title': 'Miss', 'first': 'Abigail', 'last': 'Abraham'}, 'location': {'street': {'number': 6828, 'name': 'Main St'}, 'city': 'St. George', 'state': 'Québec', 'country': 'Canada', 'postcode': 'G7V 9B7', 'coordinates': {'latitude': '-68.6568', 'longitude': '76.5166'}, 'timezone': {'offset': '-3:30', 'description': 'Newfoundland'}}, 'email': 'abigail.abraham@example.com', 'login': {'uuid': '0005a9dc-cec3-4c5d-882b-5994b1125343', 'username': 'silverfrog631', 'password': 'bullfrog', 'salt': '3VmXxZIH', 'md5': '1218dc513f3fc99e3c10d4b17138ca7f', 'sha1': 'fb81319bb23665e6f53a08a22bc22411e4d2636c', 'sha256': '55dcd72dcceac5125ca911f64f5a027b2dafaa65af097cfcc54f92ec827583e7'}, 'dob': {'date': '1979-08-06T03:36:20.683Z', 'age': 44}, 'registered': {'date': '2008-01-21T23:22:23.066Z', 'age': 16}, 'phone': 'C11 I22-1733', 'cell': 'R38 G66-3959', 'id': {'name': 'SIN', 'value': '513150110'}, 'picture': {'large': 'https://randomuser.me/api/portraits/women/71.jpg', 'medium': 'https://randomuser.me/api/portraits/med/women/71.jpg', 'thumbnail': 'https://randomuser.me/api/portraits/thumb/women/71.jpg'}, 'nat': 'CA'}</msg>
<arg>${json_data['results'][0]}</arg>
<doc>Logs the given message with the given level.</doc>
<status status="PASS" start="2024-04-28T10:14:20.926012" elapsed="0.000412"/>
</kw>
<kw name="Log" owner="BuiltIn">
<msg time="2024-04-28T10:14:20.926847" level="INFO">name</msg>
<arg>${key}</arg>
<doc>Logs the given message with the given level.</doc>
<status status="PASS" start="2024-04-28T10:14:20.926722" elapsed="0.000162"/>
</kw>
<var name="${key}">name</var>
<status status="PASS" start="2024-04-28T10:14:20.925149" elapsed="0.001949"/>
</iter>
<iter>
<kw name="Dictionary Should Contain Key" owner="Collections">
<msg time="2024-04-28T10:14:20.927781" level="INFO">False</msg>
<arg>${json_data['results'][0]}</arg>
<arg>${key}</arg>
<doc>Fails if ``key`` is not found from ``dictionary``.</doc>
<status status="PASS" start="2024-04-28T10:14:20.927397" elapsed="0.000421"/>
</kw>
<kw name="Log" owner="BuiltIn">
<msg time="2024-04-28T10:14:20.928482" level="INFO">{'gender': 'female', 'name': {'title': 'Miss', 'first': 'Abigail', 'last': 'Abraham'}, 'location': {'street': {'number': 6828, 'name': 'Main St'}, 'city': 'St. George', 'state': 'Québec', 'country': 'Canada', 'postcode': 'G7V 9B7', 'coordinates': {'latitude': '-68.6568', 'longitude': '76.5166'}, 'timezone': {'offset': '-3:30', 'description': 'Newfoundland'}}, 'email': 'abigail.abraham@example.com', 'login': {'uuid': '0005a9dc-cec3-4c5d-882b-5994b1125343', 'username': 'silverfrog631', 'password': 'bullfrog', 'salt': '3VmXxZIH', 'md5': '1218dc513f3fc99e3c10d4b17138ca7f', 'sha1': 'fb81319bb23665e6f53a08a22bc22411e4d2636c', 'sha256': '55dcd72dcceac5125ca911f64f5a027b2dafaa65af097cfcc54f92ec827583e7'}, 'dob': {'date': '1979-08-06T03:36:20.683Z', 'age': 44}, 'registered': {'date': '2008-01-21T23:22:23.066Z', 'age': 16}, 'phone': 'C11 I22-1733', 'cell': 'R38 G66-3959', 'id': {'name': 'SIN', 'value': '513150110'}, 'picture': {'large': 'https://randomuser.me/api/portraits/women/71.jpg', 'medium': 'https://randomuser.me/api/portraits/med/women/71.jpg', 'thumbnail': 'https://randomuser.me/api/portraits/thumb/women/71.jpg'}, 'nat': 'CA'}</msg>
<arg>${json_data['results'][0]}</arg>
<doc>Logs the given message with the given level.</doc>
<status status="PASS" start="2024-04-28T10:14:20.928122" elapsed="0.000409"/>
</kw>
<kw name="Log" owner="BuiltIn">
<msg time="2024-04-28T10:14:20.928979" level="INFO">location</msg>
<arg>${key}</arg>
<doc>Logs the given message with the given level.</doc>
<status status="PASS" start="2024-04-28T10:14:20.928846" elapsed="0.000171"/>
</kw>
<var name="${key}">location</var>
<status status="PASS" start="2024-04-28T10:14:20.927284" elapsed="0.001948"/>
</iter>
<iter>
<kw name="Dictionary Should Contain Key" owner="Collections">
<msg time="2024-04-28T10:14:20.929898" level="INFO">False</msg>
<arg>${json_data['results'][0]}</arg>
<arg>${key}</arg>
<doc>Fails if ``key`` is not found from ``dictionary``.</doc>
<status status="PASS" start="2024-04-28T10:14:20.929515" elapsed="0.000421"/>
</kw>
<kw name="Log" owner="BuiltIn">
<msg time="2024-04-28T10:14:20.930604" level="INFO">{'gender': 'female', 'name': {'title': 'Miss', 'first': 'Abigail', 'last': 'Abraham'}, 'location': {'street': {'number': 6828, 'name': 'Main St'}, 'city': 'St. George', 'state': 'Québec', 'country': 'Canada', 'postcode': 'G7V 9B7', 'coordinates': {'latitude': '-68.6568', 'longitude': '76.5166'}, 'timezone': {'offset': '-3:30', 'description': 'Newfoundland'}}, 'email': 'abigail.abraham@example.com', 'login': {'uuid': '0005a9dc-cec3-4c5d-882b-5994b1125343', 'username': 'silverfrog631', 'password': 'bullfrog', 'salt': '3VmXxZIH', 'md5': '1218dc513f3fc99e3c10d4b17138ca7f', 'sha1': 'fb81319bb23665e6f53a08a22bc22411e4d2636c', 'sha256': '55dcd72dcceac5125ca911f64f5a027b2dafaa65af097cfcc54f92ec827583e7'}, 'dob': {'date': '1979-08-06T03:36:20.683Z', 'age': 44}, 'registered': {'date': '2008-01-21T23:22:23.066Z', 'age': 16}, 'phone': 'C11 I22-1733', 'cell': 'R38 G66-3959', 'id': {'name': 'SIN', 'value': '513150110'}, 'picture': {'large': 'https://randomuser.me/api/portraits/women/71.jpg', 'medium': 'https://randomuser.me/api/portraits/med/women/71.jpg', 'thumbnail': 'https://randomuser.me/api/portraits/thumb/women/71.jpg'}, 'nat': 'CA'}</msg>
<arg>${json_data['results'][0]}</arg>
<doc>Logs the given message with the given level.</doc>
<status status="PASS" start="2024-04-28T10:14:20.930234" elapsed="0.000419"/>
</kw>
<kw name="Log" owner="BuiltIn">
<msg time="2024-04-28T10:14:20.931079" level="INFO">email</msg>
<arg>${key}</arg>
<doc>Logs the given message with the given level.</doc>
<status status="PASS" start="2024-04-28T10:14:20.930952" elapsed="0.000165"/>
</kw>
<var name="${key}">email</var>
<status status="PASS" start="2024-04-28T10:14:20.929406" elapsed="0.001926"/>
</iter>
<iter>
<kw name="Dictionary Should Contain Key" owner="Collections">
<msg time="2024-04-28T10:14:20.931998" level="INFO">False</msg>
<arg>${json_data['results'][0]}</arg>
<arg>${key}</arg>
<doc>Fails if ``key`` is not found from ``dictionary``.</doc>
<status status="PASS" start="2024-04-28T10:14:20.931613" elapsed="0.000423"/>
</kw>
<kw name="Log" owner="BuiltIn">
<msg time="2024-04-28T10:14:20.932699" level="INFO">{'gender': 'female', 'name': {'title': 'Miss', 'first': 'Abigail', 'last': 'Abraham'}, 'location': {'street': {'number': 6828, 'name': 'Main St'}, 'city': 'St. George', 'state': 'Québec', 'country': 'Canada', 'postcode': 'G7V 9B7', 'coordinates': {'latitude': '-68.6568', 'longitude': '76.5166'}, 'timezone': {'offset': '-3:30', 'description': 'Newfoundland'}}, 'email': 'abigail.abraham@example.com', 'login': {'uuid': '0005a9dc-cec3-4c5d-882b-5994b1125343', 'username': 'silverfrog631', 'password': 'bullfrog', 'salt': '3VmXxZIH', 'md5': '1218dc513f3fc99e3c10d4b17138ca7f', 'sha1': 'fb81319bb23665e6f53a08a22bc22411e4d2636c', 'sha256': '55dcd72dcceac5125ca911f64f5a027b2dafaa65af097cfcc54f92ec827583e7'}, 'dob': {'date': '1979-08-06T03:36:20.683Z', 'age': 44}, 'registered': {'date': '2008-01-21T23:22:23.066Z', 'age': 16}, 'phone': 'C11 I22-1733', 'cell': 'R38 G66-3959', 'id': {'name': 'SIN', 'value': '513150110'}, 'picture': {'large': 'https://randomuser.me/api/portraits/women/71.jpg', 'medium': 'https://randomuser.me/api/portraits/med/women/71.jpg', 'thumbnail': 'https://randomuser.me/api/portraits/thumb/women/71.jpg'}, 'nat': 'CA'}</msg>
<arg>${json_data['results'][0]}</arg>
<doc>Logs the given message with the given level.</doc>
<status status="PASS" start="2024-04-28T10:14:20.932331" elapsed="0.000438"/>
</kw>
<kw name="Log" owner="BuiltIn">
<msg time="2024-04-28T10:14:20.933205" level="INFO">login</msg>
<arg>${key}</arg>
<doc>Logs the given message with the given level.</doc>
<status status="PASS" start="2024-04-28T10:14:20.933080" elapsed="0.000162"/>
</kw>
<var name="${key}">login</var>
<status status="PASS" start="2024-04-28T10:14:20.931503" elapsed="0.001953"/>
</iter>
<var>${key}</var>
<value>@{expected_keys}</value>
<status status="PASS" start="2024-04-28T10:14:20.922731" elapsed="0.010876"/>
</for>
<kw name="Create List" owner="BuiltIn">
<msg time="2024-04-28T10:14:20.933940" level="INFO">${expected_keysTwo} = ['username', 'password']</msg>
<var>${expected_keysTwo}</var>
<arg>username</arg>
<arg>password</arg>
<doc>Returns a list containing given items.</doc>
<status status="PASS" start="2024-04-28T10:14:20.933805" elapsed="0.000158"/>
</kw>
<for flavor="IN">
<iter>
<kw name="Dictionary Should Contain Key" owner="Collections">
<msg time="2024-04-28T10:14:20.934853" level="INFO">False</msg>
<arg>${json_data['results'][0]['login']}</arg>
<arg>${keyTwo}</arg>
<doc>Fails if ``key`` is not found from ``dictionary``.</doc>
<status status="PASS" start="2024-04-28T10:14:20.934465" elapsed="0.000426"/>
</kw>
<kw name="Dictionary Should Contain Key" owner="Collections">
<msg time="2024-04-28T10:14:20.935581" level="INFO">False</msg>
<arg>${json_data['results'][0]['login']}</arg>
<arg>${keyTwo}</arg>
<doc>Fails if ``key`` is not found from ``dictionary``.</doc>
<status status="PASS" start="2024-04-28T10:14:20.935188" elapsed="0.000430"/>
</kw>
<kw name="Log" owner="BuiltIn">
<msg time="2024-04-28T10:14:20.936040" level="INFO">username</msg>
<arg>${keyTwo}</arg>
<doc>Logs the given message with the given level.</doc>
<status status="PASS" start="2024-04-28T10:14:20.935914" elapsed="0.000164"/>
</kw>
<var name="${keyTwo}">username</var>
<status status="PASS" start="2024-04-28T10:14:20.934356" elapsed="0.001936"/>
</iter>
<iter>
<kw name="Dictionary Should Contain Key" owner="Collections">
<msg time="2024-04-28T10:14:20.936992" level="INFO">False</msg>
<arg>${json_data['results'][0]['login']}</arg>
<arg>${keyTwo}</arg>
<doc>Fails if ``key`` is not found from ``dictionary``.</doc>
<status status="PASS" start="2024-04-28T10:14:20.936571" elapsed="0.000464"/>
</kw>
<kw name="Dictionary Should Contain Key" owner="Collections">
<msg time="2024-04-28T10:14:20.937795" level="INFO">False</msg>
<arg>${json_data['results'][0]['login']}</arg>
<arg>${keyTwo}</arg>
<doc>Fails if ``key`` is not found from ``dictionary``.</doc>
<status status="PASS" start="2024-04-28T10:14:20.937332" elapsed="0.000500"/>
</kw>
<kw name="Log" owner="BuiltIn">
<msg time="2024-04-28T10:14:20.938255" level="INFO">password</msg>
<arg>${keyTwo}</arg>
<doc>Logs the given message with the given level.</doc>
<status status="PASS" start="2024-04-28T10:14:20.938129" elapsed="0.000163"/>
</kw>
<var name="${keyTwo}">password</var>
<status status="PASS" start="2024-04-28T10:14:20.936464" elapsed="0.002042"/>
</iter>
<var>${keyTwo}</var>
<value>@{expected_keysTwo}</value>
<status status="PASS" start="2024-04-28T10:14:20.934202" elapsed="0.004425"/>
</for>
<status status="PASS" start="2024-04-28T10:14:20.812494" elapsed="0.126274"/>
</kw>
<doc>Testa a estrutura da resposta da API.</doc>
<tag>testeEstruturaResposta</tag>
<status status="PASS" start="2024-04-28T10:14:20.811908" elapsed="0.127021"/>
</test>
<test id="s1-s1-t4" name="Validar tipos de dados" line="28">
<kw name="Teste de Tipos de Dados" owner="random-user-service">
<kw name="GET On Session" owner="RequestsLibrary">
<msg time="2024-04-28T10:14:21.313806" level="INFO">GET Request : url=https://randomuser.me/api 
 path_url=/api 
 headers={'User-Agent': 'python-requests/2.31.0', 'Accept-Encoding': 'gzip, deflate', 'Accept': '*/*', 'Connection': 'keep-alive'} 
 body=None 
 </msg>
<msg time="2024-04-28T10:14:21.313903" level="INFO">GET Response : url=https://randomuser.me/api 
 status=200, reason=OK 
 headers={'Date': 'Sun, 28 Apr 2024 10:14:21 GMT', 'Content-Type': 'application/json; charset=utf-8', 'Transfer-Encoding': 'chunked', 'Connection': 'keep-alive', 'X-Powered-By': 'Express', 'Access-Control-Allow-Origin': '*', 'Cache-Control': 'no-cache', 'ETag': 'W/"4b7-VXSMCv6ff7GRyt+5rnH348n4a9Q"', 'Vary': 'Accept-Encoding', 'Content-Encoding': 'gzip', 'CF-Cache-Status': 'DYNAMIC', 'Report-To': '{"endpoints":[{"url":"https:\\/\\/a.nel.cloudflare.com\\/report\\/v4?s=5lOb1Q2sq%2BAnnmZCu%2FOG3U%2BTKh3E1GNAcAMmKhXP9btwM2%2FS600NRQscG63I0IX83Sh%2FmWn78K5JZ7iJFueiQaloFWaRd0JbzKsFbo3205wrHWB90O0ZV2qti3V%2F%2F9I1"}],"group":"cf-nel","max_age":604800}', 'NEL': '{"success_fraction":0,"report_to":"cf-nel","max_age":604800}', 'Server': 'cloudflare', 'CF-RAY': '87b648ece9533b89-IAD', 'alt-svc': 'h3=":443"; ma=86400'} 
 body={"results":[{"gender":"female","name":{"title":"Miss","first":"Ninon","last":"Nguyen"},"location":{"street":{"number":7502,"name":"Rue Barrème"},"city":"Saint-Denis","state":"Alpes-de-Haute-Provence","country":"France","postcode":59668,"coordinates":{"latitude":"-21.0930","longitude":"25.2328"},"timezone":{"offset":"-5:00","description":"Eastern Time (US &amp; Canada), Bogota, Lima"}},"email":"ninon.nguyen@example.com","login":{"uuid":"db14c6d0-81a3-4bbe-84a0-f2b3ba282f61","username":"beautifulwolf265","password":"nutmeg","salt":"eQoSR6dt","md5":"5b7b98b56245ba1a21bfed3fa84854a1","sha1":"df4f7e0bb0d1405f8fe37d7250210eb82a16c45c","sha256":"f8ca6270df503bad034035ce551652424b9afa9841bfd15661eae32f91d0471e"},"dob":{"date":"1985-12-22T04:24:33.532Z","age":38},"registered":{"date":"2006-05-28T01:45:32.384Z","age":17},"phone":"04-15-19-30-17","cell":"06-52-41-42-94","id":{"name":"INSEE","value":"2851167287569 55"},"picture":{"large":"https://randomuser.me/api/portraits/women/67.jpg","medium":"https://randomuser.me/api/portraits/med/women/67.jpg","thumbnail":"https://randomuser.me/api/portraits/thumb/women/67.jpg"},"nat":"FR"}],"info":{"seed":"a0b375f68498e239","results":1,"page":1,"version":"1.4"}} 
 </msg>
<msg time="2024-04-28T10:14:21.313994" level="INFO">/opt/hostedtoolcache/Python/3.12.3/x64/lib/python3.12/site-packages/urllib3/connectionpool.py:1103: InsecureRequestWarning: Unverified HTTPS request is being made to host 'randomuser.me'. Adding certificate verification is strongly advised. See: https://urllib3.readthedocs.io/en/latest/advanced-usage.html#tls-warnings
  warnings.warn(</msg>
<msg time="2024-04-28T10:14:21.314128" level="INFO">${response} = &lt;Response [200]&gt;</msg>
<var>${response}</var>
<arg>consultarAPI</arg>
<arg>/api</arg>
<doc>Sends a GET request on a previously created HTTP Session.</doc>
<status status="PASS" start="2024-04-28T10:14:20.941414" elapsed="0.372752"/>
</kw>
<kw name="Set Variable" owner="BuiltIn">
<msg time="2024-04-28T10:14:21.315504" level="INFO">${json_data} = {'results': [{'gender': 'female', 'name': {'title': 'Miss', 'first': 'Ninon', 'last': 'Nguyen'}, 'location': {'street': {'number': 7502, 'name': 'Rue Barrème'}, 'city': 'Saint-Denis', 'state': 'Alpes-...</msg>
<var>${json_data}</var>
<arg>${response.json()}</arg>
<doc>Returns the given values which can then be assigned to a variables.</doc>
<status status="PASS" start="2024-04-28T10:14:21.314845" elapsed="0.000691"/>
</kw>
<kw name="Log" owner="BuiltIn">
<msg time="2024-04-28T10:14:21.316026" level="INFO">{'results': [{'gender': 'female', 'name': {'title': 'Miss', 'first': 'Ninon', 'last': 'Nguyen'}, 'location': {'street': {'number': 7502, 'name': 'Rue Barrème'}, 'city': 'Saint-Denis', 'state': 'Alpes-de-Haute-Provence', 'country': 'France', 'postcode': 59668, 'coordinates': {'latitude': '-21.0930', 'longitude': '25.2328'}, 'timezone': {'offset': '-5:00', 'description': 'Eastern Time (US &amp; Canada), Bogota, Lima'}}, 'email': 'ninon.nguyen@example.com', 'login': {'uuid': 'db14c6d0-81a3-4bbe-84a0-f2b3ba282f61', 'username': 'beautifulwolf265', 'password': 'nutmeg', 'salt': 'eQoSR6dt', 'md5': '5b7b98b56245ba1a21bfed3fa84854a1', 'sha1': 'df4f7e0bb0d1405f8fe37d7250210eb82a16c45c', 'sha256': 'f8ca6270df503bad034035ce551652424b9afa9841bfd15661eae32f91d0471e'}, 'dob': {'date': '1985-12-22T04:24:33.532Z', 'age': 38}, 'registered': {'date': '2006-05-28T01:45:32.384Z', 'age': 17}, 'phone': '04-15-19-30-17', 'cell': '06-52-41-42-94', 'id': {'name': 'INSEE', 'value': '2851167287569 55'}, 'picture': {'large': 'https://randomuser.me/api/portraits/women/67.jpg', 'medium': 'https://randomuser.me/api/portraits/med/women/67.jpg', 'thumbnail': 'https://randomuser.me/api/portraits/thumb/women/67.jpg'}, 'nat': 'FR'}], 'info': {'seed': 'a0b375f68498e239', 'results': 1, 'page': 1, 'version': '1.4'}}</msg>
<arg>${json_data}</arg>
<doc>Logs the given message with the given level.</doc>
<status status="PASS" start="2024-04-28T10:14:21.315848" elapsed="0.000268"/>
</kw>
<kw name="Should Be String" owner="String">
<arg>${json_data['results'][0]['gender']}</arg>
<doc>Fails if the given ``item`` is not a string.</doc>
<status status="PASS" start="2024-04-28T10:14:21.316434" elapsed="0.000420"/>
</kw>
<kw name="Should Match Regexp" owner="BuiltIn">
<arg>${json_data['results'][0]['email']}</arg>
<arg>^[a-zA-Z0-9._%+-]+@[a-zA-Z0-9.-]+\.[a-zA-Z]{2,}$</arg>
<doc>Fails if ``string`` does not match ``pattern`` as a regular expression.</doc>
<status status="PASS" start="2024-04-28T10:14:21.317067" elapsed="0.000536"/>
</kw>
<kw name="Should Match Regexp" owner="BuiltIn">
<arg>${json_data['results'][0]['dob']['date']}</arg>
<arg>\\d{4}-\\d{2}-\\d{2}T\\d{2}:\\d{2}:\\d{2}\\.\\d{3}Z</arg>
<doc>Fails if ``string`` does not match ``pattern`` as a regular expression.</doc>
<status status="PASS" start="2024-04-28T10:14:21.317819" elapsed="0.000506"/>
</kw>
<kw name="Should Match Regexp" owner="BuiltIn">
<arg>${json_data['results'][0]['registered']['date']}</arg>
<arg>\\d{4}-\\d{2}-\\d{2}T\\d{2}:\\d{2}:\\d{2}\\.\\d{3}Z</arg>
<doc>Fails if ``string`` does not match ``pattern`` as a regular expression.</doc>
<status status="PASS" start="2024-04-28T10:14:21.318535" elapsed="0.000389"/>
</kw>
<kw name="Should Match Regexp" owner="BuiltIn">
<arg>${json_data['results'][0]['picture']['large']}</arg>
<arg>^https?://.*\.(?:png|jpe?g|gif|bmp)$</arg>
<doc>Fails if ``string`` does not match ``pattern`` as a regular expression.</doc>
<status status="PASS" start="2024-04-28T10:14:21.319112" elapsed="0.000506"/>
</kw>
<kw name="Should Match Regexp" owner="BuiltIn">
<arg>${json_data['results'][0]['picture']['medium']}</arg>
<arg>^https?://.*\.(?:png|jpe?g|gif|bmp)$</arg>
<doc>Fails if ``string`` does not match ``pattern`` as a regular expression.</doc>
<status status="PASS" start="2024-04-28T10:14:21.319817" elapsed="0.000384"/>
</kw>
<kw name="Should Match Regexp" owner="BuiltIn">
<arg>${json_data['results'][0]['picture']['thumbnail']}</arg>
<arg>^https?://.*\.(?:png|jpe?g|gif|bmp)$</arg>
<doc>Fails if ``string`` does not match ``pattern`` as a regular expression.</doc>
<status status="PASS" start="2024-04-28T10:14:21.320406" elapsed="0.000408"/>
</kw>
<kw name="Log" owner="BuiltIn">
<msg time="2024-04-28T10:14:21.321362" level="INFO">{'large': 'https://randomuser.me/api/portraits/women/67.jpg', 'medium': 'https://randomuser.me/api/portraits/med/women/67.jpg', 'thumbnail': 'https://randomuser.me/api/portraits/thumb/women/67.jpg'}</msg>
<arg>${json_data['results'][0]['picture']}</arg>
<doc>Logs the given message with the given level.</doc>
<status status="PASS" start="2024-04-28T10:14:21.321004" elapsed="0.000401"/>
</kw>
<status status="PASS" start="2024-04-28T10:14:20.941187" elapsed="0.380493"/>
</kw>
<kw name="Teste de Tipos de Dados - Postcode" owner="random-user-service">
<kw name="GET On Session" owner="RequestsLibrary">
<msg time="2024-04-28T10:14:21.388614" level="INFO">GET Request : url=https://randomuser.me/api 
 path_url=/api 
 headers={'User-Agent': 'python-requests/2.31.0', 'Accept-Encoding': 'gzip, deflate', 'Accept': '*/*', 'Connection': 'keep-alive'} 
 body=None 
 </msg>
<msg time="2024-04-28T10:14:21.388679" level="INFO">GET Response : url=https://randomuser.me/api 
 status=200, reason=OK 
 headers={'Date': 'Sun, 28 Apr 2024 10:14:21 GMT', 'Content-Type': 'application/json; charset=utf-8', 'Transfer-Encoding': 'chunked', 'Connection': 'keep-alive', 'X-Powered-By': 'Express', 'Access-Control-Allow-Origin': '*', 'Cache-Control': 'no-cache', 'ETag': 'W/"4b3-UPoPI/YxocFCyF5AuHXY8mliS4A"', 'Vary': 'Accept-Encoding', 'Content-Encoding': 'gzip', 'CF-Cache-Status': 'DYNAMIC', 'Report-To': '{"endpoints":[{"url":"https:\\/\\/a.nel.cloudflare.com\\/report\\/v4?s=1As6AqkISnHtJU0ATO2yVzpH0pM4ZkiCqJGuRV0ODlASmRCz8EjuGLM%2F%2FdG9deDeNUpzCtOWE01K%2F0kuLWkbifLNm7QKdgYUQPNi86mrmMivpN8krsKhj8POhT68TtU5"}],"group":"cf-nel","max_age":604800}', 'NEL': '{"success_fraction":0,"report_to":"cf-nel","max_age":604800}', 'Server': 'cloudflare', 'CF-RAY': '87b648ef4b5b3b89-IAD', 'alt-svc': 'h3=":443"; ma=86400'} 
 body={"results":[{"gender":"female","name":{"title":"Ms","first":"María Teresa","last":"Carmona"},"location":{"street":{"number":3996,"name":"Privada Seychelles"},"city":"Caimanero","state":"Chiapas","country":"Mexico","postcode":24528,"coordinates":{"latitude":"26.5406","longitude":"126.1430"},"timezone":{"offset":"+11:00","description":"Magadan, Solomon Islands, New Caledonia"}},"email":"mariateresa.carmona@example.com","login":{"uuid":"a2ef6d12-2d6a-41e0-b6bf-abd5b4878347","username":"whitemouse732","password":"poncho","salt":"2xPf5bSz","md5":"a546e75ac445cb5d3627da67771de97d","sha1":"fb544c00d333e5bf25d095c0a056b210f8649750","sha256":"9cfa0ce098cf081d1339a08f2ebceda8baf6a7bf426336f71737eff339b4db52"},"dob":{"date":"1992-07-21T19:12:01.724Z","age":31},"registered":{"date":"2008-07-29T17:54:06.502Z","age":15},"phone":"(625) 452 2448","cell":"(635) 762 1003","id":{"name":"NSS","value":"08 96 49 6914 3"},"picture":{"large":"https://randomuser.me/api/portraits/women/67.jpg","medium":"https://randomuser.me/api/portraits/med/women/67.jpg","thumbnail":"https://randomuser.me/api/portraits/thumb/women/67.jpg"},"nat":"MX"}],"info":{"seed":"ce7ceacb5f83eed1","results":1,"page":1,"version":"1.4"}} 
 </msg>
<msg time="2024-04-28T10:14:21.388777" level="INFO">/opt/hostedtoolcache/Python/3.12.3/x64/lib/python3.12/site-packages/urllib3/connectionpool.py:1103: InsecureRequestWarning: Unverified HTTPS request is being made to host 'randomuser.me'. Adding certificate verification is strongly advised. See: https://urllib3.readthedocs.io/en/latest/advanced-usage.html#tls-warnings
  warnings.warn(</msg>
<msg time="2024-04-28T10:14:21.388886" level="INFO">${response} = &lt;Response [200]&gt;</msg>
<var>${response}</var>
<arg>consultarAPI</arg>
<arg>/api</arg>
<doc>Sends a GET request on a previously created HTTP Session.</doc>
<status status="PASS" start="2024-04-28T10:14:21.322165" elapsed="0.066762"/>
</kw>
<kw name="Set Variable" owner="BuiltIn">
<msg time="2024-04-28T10:14:21.390113" level="INFO">${json_data} = {'results': [{'gender': 'female', 'name': {'title': 'Ms', 'first': 'María Teresa', 'last': 'Carmona'}, 'location': {'street': {'number': 3996, 'name': 'Privada Seychelles'}, 'city': 'Caimanero', 'stat...</msg>
<var>${json_data}</var>
<arg>${response.json()}</arg>
<doc>Returns the given values which can then be assigned to a variables.</doc>
<status status="PASS" start="2024-04-28T10:14:21.389429" elapsed="0.000713"/>
</kw>
<kw name="Log" owner="BuiltIn">
<msg time="2024-04-28T10:14:21.390607" level="INFO">{'results': [{'gender': 'female', 'name': {'title': 'Ms', 'first': 'María Teresa', 'last': 'Carmona'}, 'location': {'street': {'number': 3996, 'name': 'Privada Seychelles'}, 'city': 'Caimanero', 'state': 'Chiapas', 'country': 'Mexico', 'postcode': 24528, 'coordinates': {'latitude': '26.5406', 'longitude': '126.1430'}, 'timezone': {'offset': '+11:00', 'description': 'Magadan, Solomon Islands, New Caledonia'}}, 'email': 'mariateresa.carmona@example.com', 'login': {'uuid': 'a2ef6d12-2d6a-41e0-b6bf-abd5b4878347', 'username': 'whitemouse732', 'password': 'poncho', 'salt': '2xPf5bSz', 'md5': 'a546e75ac445cb5d3627da67771de97d', 'sha1': 'fb544c00d333e5bf25d095c0a056b210f8649750', 'sha256': '9cfa0ce098cf081d1339a08f2ebceda8baf6a7bf426336f71737eff339b4db52'}, 'dob': {'date': '1992-07-21T19:12:01.724Z', 'age': 31}, 'registered': {'date': '2008-07-29T17:54:06.502Z', 'age': 15}, 'phone': '(625) 452 2448', 'cell': '(635) 762 1003', 'id': {'name': 'NSS', 'value': '08 96 49 6914 3'}, 'picture': {'large': 'https://randomuser.me/api/portraits/women/67.jpg', 'medium': 'https://randomuser.me/api/portraits/med/women/67.jpg', 'thumbnail': 'https://randomuser.me/api/portraits/thumb/women/67.jpg'}, 'nat': 'MX'}], 'info': {'seed': 'ce7ceacb5f83eed1', 'results': 1, 'page': 1, 'version': '1.4'}}</msg>
<arg>${json_data}</arg>
<doc>Logs the given message with the given level.</doc>
<status status="PASS" start="2024-04-28T10:14:21.390451" elapsed="0.000233"/>
</kw>
<kw name="Should Be Equal As Numbers" owner="BuiltIn">
<arg>${json_data['results'][0]['location']['postcode']}</arg>
<arg>${json_data['results'][0]['location']['postcode']}</arg>
<doc>Fails if objects are unequal after converting them to real numbers.</doc>
<status status="PASS" start="2024-04-28T10:14:21.390985" elapsed="0.000758"/>
</kw>
<kw name="Log" owner="BuiltIn">
<msg time="2024-04-28T10:14:21.392274" level="INFO">24528</msg>
<arg>${json_data['results'][0]['location']['postcode']}</arg>
<doc>Logs the given message with the given level.</doc>
<status status="PASS" start="2024-04-28T10:14:21.391937" elapsed="0.000377"/>
</kw>
<status status="PASS" start="2024-04-28T10:14:21.321924" elapsed="0.070640"/>
</kw>
<doc>Testa se os tipos de dados na resposta da API estão corretos.</doc>
<tag>testeTiposDados</tag>
<status status="PASS" start="2024-04-28T10:14:20.940694" elapsed="0.452033"/>
</test>
<test id="s1-s1-t5" name="Validar conteudo" line="35">
<kw name="Teste de Tipos de Conteudo" owner="random-user-service">
<kw name="GET On Session" owner="RequestsLibrary">
<msg time="2024-04-28T10:14:21.464322" level="INFO">GET Request : url=https://randomuser.me/api 
 path_url=/api 
 headers={'User-Agent': 'python-requests/2.31.0', 'Accept-Encoding': 'gzip, deflate', 'Accept': '*/*', 'Connection': 'keep-alive'} 
 body=None 
 </msg>
<msg time="2024-04-28T10:14:21.464400" level="INFO">GET Response : url=https://randomuser.me/api 
 status=200, reason=OK 
 headers={'Date': 'Sun, 28 Apr 2024 10:14:21 GMT', 'Content-Type': 'application/json; charset=utf-8', 'Transfer-Encoding': 'chunked', 'Connection': 'keep-alive', 'X-Powered-By': 'Express', 'Access-Control-Allow-Origin': '*', 'Cache-Control': 'no-cache', 'ETag': 'W/"482-ewHrx8TyalxmuACL2S6Z1oy3oSc"', 'Vary': 'Accept-Encoding', 'Content-Encoding': 'gzip', 'CF-Cache-Status': 'DYNAMIC', 'Report-To': '{"endpoints":[{"url":"https:\\/\\/a.nel.cloudflare.com\\/report\\/v4?s=9NHRDS3WeK5P%2BLYKOU%2BKcMJIXWpJAfWSeCT89YGtVHOfDSOPnHe9bZC9fPvdSqGAgyTnkuLleyFn7j%2FAQDwWsqQK%2BRyco4UePaegCraPr9HNXuyUzvHm8m7Hw%2F3g6m7J"}],"group":"cf-nel","max_age":604800}', 'NEL': '{"success_fraction":0,"report_to":"cf-nel","max_age":604800}', 'Server': 'cloudflare', 'CF-RAY': '87b648efbbc73b89-IAD', 'alt-svc': 'h3=":443"; ma=86400'} 
 body={"results":[{"gender":"male","name":{"title":"Mr","first":"Arttu","last":"Halonen"},"location":{"street":{"number":6289,"name":"Myllypuronkatu"},"city":"Nilsiä","state":"North Karelia","country":"Finland","postcode":80936,"coordinates":{"latitude":"-25.1922","longitude":"-81.5584"},"timezone":{"offset":"-3:30","description":"Newfoundland"}},"email":"arttu.halonen@example.com","login":{"uuid":"115a785c-46d1-4653-9c96-8810d9b98249","username":"organicgorilla599","password":"rubble","salt":"sB2hAwoY","md5":"49f89d0309331bfe1225af45c288b72f","sha1":"757788df8c1ef0f1a24f2e99329ffbf5dc8ecd6d","sha256":"ce72b301ca712fa7037f82cbf9551e39f0c006140282ad284866c065fb8772af"},"dob":{"date":"1976-06-26T10:24:27.573Z","age":47},"registered":{"date":"2003-10-28T04:43:28.644Z","age":20},"phone":"08-576-512","cell":"046-816-41-24","id":{"name":"HETU","value":"NaNNA133undefined"},"picture":{"large":"https://randomuser.me/api/portraits/men/4.jpg","medium":"https://randomuser.me/api/portraits/med/men/4.jpg","thumbnail":"https://randomuser.me/api/portraits/thumb/men/4.jpg"},"nat":"FI"}],"info":{"seed":"5b948942ff4ca34f","results":1,"page":1,"version":"1.4"}} 
 </msg>
<msg time="2024-04-28T10:14:21.464471" level="INFO">/opt/hostedtoolcache/Python/3.12.3/x64/lib/python3.12/site-packages/urllib3/connectionpool.py:1103: InsecureRequestWarning: Unverified HTTPS request is being made to host 'randomuser.me'. Adding certificate verification is strongly advised. See: https://urllib3.readthedocs.io/en/latest/advanced-usage.html#tls-warnings
  warnings.warn(</msg>
<msg time="2024-04-28T10:14:21.464588" level="INFO">${response} = &lt;Response [200]&gt;</msg>
<var>${response}</var>
<arg>consultarAPI</arg>
<arg>/api</arg>
<doc>Sends a GET request on a previously created HTTP Session.</doc>
<status status="PASS" start="2024-04-28T10:14:21.395276" elapsed="0.069361"/>
</kw>
<kw name="Set Variable" owner="BuiltIn">
<msg time="2024-04-28T10:14:21.465812" level="INFO">${json_data} = {'results': [{'gender': 'male', 'name': {'title': 'Mr', 'first': 'Arttu', 'last': 'Halonen'}, 'location': {'street': {'number': 6289, 'name': 'Myllypuronkatu'}, 'city': 'Nilsiä', 'state': 'North Karel...</msg>
<var>${json_data}</var>
<arg>${response.json()}</arg>
<doc>Returns the given values which can then be assigned to a variables.</doc>
<status status="PASS" start="2024-04-28T10:14:21.465226" elapsed="0.000615"/>
</kw>
<kw name="Set Variable" owner="BuiltIn">
<msg time="2024-04-28T10:14:21.466522" level="INFO">${name_title} = Mr</msg>
<var>${name_title}</var>
<arg>${json_data["results"][0]["name"]["title"]}</arg>
<doc>Returns the given values which can then be assigned to a variables.</doc>
<status status="PASS" start="2024-04-28T10:14:21.466147" elapsed="0.000408"/>
</kw>
<kw name="Create List" owner="BuiltIn">
<msg time="2024-04-28T10:14:21.466995" level="INFO">${allowed_titles} = ['Mr', 'Ms', 'Miss', 'Mrs', 'Madame', 'Monsieur']</msg>
<var>${allowed_titles}</var>
<arg>Mr</arg>
<arg>Ms</arg>
<arg>Miss</arg>
<arg>Mrs</arg>
<arg>Madame</arg>
<arg>Monsieur</arg>
<doc>Returns a list containing given items.</doc>
<status status="PASS" start="2024-04-28T10:14:21.466851" elapsed="0.000167"/>
</kw>
<kw name="List Should Contain Value" owner="Collections">
<msg time="2024-04-28T10:14:21.467484" level="INFO">False</msg>
<arg>${allowed_titles}</arg>
<arg>${name_title}</arg>
<doc>Fails if the ``value`` is not found from ``list``.</doc>
<status status="PASS" start="2024-04-28T10:14:21.467315" elapsed="0.000205"/>
</kw>
<kw name="Set Variable" owner="BuiltIn">
<msg time="2024-04-28T10:14:21.468196" level="INFO">${name_country} = FI</msg>
<var>${name_country}</var>
<arg>${json_data["results"][0]["nat"]}</arg>
<doc>Returns the given values which can then be assigned to a variables.</doc>
<status status="PASS" start="2024-04-28T10:14:21.467806" elapsed="0.000414"/>
</kw>
<kw name="Create List" owner="BuiltIn">
<msg time="2024-04-28T10:14:21.469145" level="INFO">${list_country} = ['AD', 'AE', 'AF', 'AG', 'AI', 'AL', 'AM', 'AO', 'AQ', 'AR', 'AS', 'AT', 'AU', 'AW', 'AX', 'AZ', 'BA', 'BB', 'BD', 'BE', 'BF', 'BG', 'BH', 'BI', 'BJ', 'BL', 'BM', 'BN', 'BO', 'BQ', 'BR', 'BS', 'BT', '...</msg>
<var>${list_country}</var>
<arg>AD</arg>
<arg>AE</arg>
<arg>AF</arg>
<arg>AG</arg>
<arg>AI</arg>
<arg>AL</arg>
<arg>AM</arg>
<arg>AO</arg>
<arg>AQ</arg>
<arg>AR</arg>
<arg>AS</arg>
<arg>AT</arg>
<arg>AU</arg>
<arg>AW</arg>
<arg>AX</arg>
<arg>AZ</arg>
<arg>BA</arg>
<arg>BB</arg>
<arg>BD</arg>
<arg>BE</arg>
<arg>BF</arg>
<arg>BG</arg>
<arg>BH</arg>
<arg>BI</arg>
<arg>BJ</arg>
<arg>BL</arg>
<arg>BM</arg>
<arg>BN</arg>
<arg>BO</arg>
<arg>BQ</arg>
<arg>BR</arg>
<arg>BS</arg>
<arg>BT</arg>
<arg>BV</arg>
<arg>BW</arg>
<arg>BY</arg>
<arg>BZ</arg>
<arg>CA</arg>
<arg>CC</arg>
<arg>CD</arg>
<arg>CF</arg>
<arg>CG</arg>
<arg>CH</arg>
<arg>CI</arg>
<arg>CK</arg>
<arg>CL</arg>
<arg>CM</arg>
<arg>CN</arg>
<arg>CO</arg>
<arg>CR</arg>
<arg>CU</arg>
<arg>CV</arg>
<arg>CW</arg>
<arg>CX</arg>
<arg>CY</arg>
<arg>CZ</arg>
<arg>DE</arg>
<arg>DJ</arg>
<arg>DK</arg>
<arg>DM</arg>
<arg>DO</arg>
<arg>DZ</arg>
<arg>EC</arg>
<arg>EE</arg>
<arg>EG</arg>
<arg>EH</arg>
<arg>ER</arg>
<arg>ES</arg>
<arg>ET</arg>
<arg>FI</arg>
<arg>FJ</arg>
<arg>FK</arg>
<arg>FM</arg>
<arg>FO</arg>
<arg>FR</arg>
<arg>GA</arg>
<arg>GB</arg>
<arg>GD</arg>
<arg>GE</arg>
<arg>GF</arg>
<arg>GG</arg>
<arg>GH</arg>
<arg>GI</arg>
<arg>GL</arg>
<arg>GM</arg>
<arg>GN</arg>
<arg>GP</arg>
<arg>GQ</arg>
<arg>GR</arg>
<arg>GS</arg>
<arg>GT</arg>
<arg>GU</arg>
<arg>GW</arg>
<arg>GY</arg>
<arg>HK</arg>
<arg>HM</arg>
<arg>HN</arg>
<arg>HR</arg>
<arg>HT</arg>
<arg>HU</arg>
<arg>ID</arg>
<arg>IE</arg>
<arg>IL</arg>
<arg>IM</arg>
<arg>IN</arg>
<arg>IO</arg>
<arg>IQ</arg>
<arg>IR</arg>
<arg>IS</arg>
<arg>IT</arg>
<arg>JE</arg>
<arg>JM</arg>
<arg>JO</arg>
<arg>JP</arg>
<arg>KE</arg>
<arg>KG</arg>
<arg>KH</arg>
<arg>KI</arg>
<arg>KM</arg>
<arg>KN</arg>
<arg>KP</arg>
<arg>KR</arg>
<arg>KW</arg>
<arg>KY</arg>
<arg>KZ</arg>
<arg>LA</arg>
<arg>LB</arg>
<arg>LC</arg>
<arg>LI</arg>
<arg>LK</arg>
<arg>LR</arg>
<arg>LS</arg>
<arg>LT</arg>
<arg>LU</arg>
<arg>LV</arg>
<arg>LY</arg>
<arg>MA</arg>
<arg>MC</arg>
<arg>MD</arg>
<arg>ME</arg>
<arg>MF</arg>
<arg>MG</arg>
<arg>MH</arg>
<arg>MK</arg>
<arg>ML</arg>
<arg>MM</arg>
<arg>MN</arg>
<arg>MO</arg>
<arg>MP</arg>
<arg>MQ</arg>
<arg>MR</arg>
<arg>MS</arg>
<arg>MT</arg>
<arg>MU</arg>
<arg>MV</arg>
<arg>MW</arg>
<arg>MX</arg>
<arg>MY</arg>
<arg>MZ</arg>
<arg>NA</arg>
<arg>NC</arg>
<arg>NE</arg>
<arg>NF</arg>
<arg>NG</arg>
<arg>NI</arg>
<arg>NL</arg>
<arg>NO</arg>
<arg>NP</arg>
<arg>NR</arg>
<arg>NU</arg>
<arg>NZ</arg>
<arg>OM</arg>
<arg>PA</arg>
<arg>PE</arg>
<arg>PF</arg>
<arg>PG</arg>
<arg>PH</arg>
<arg>PK</arg>
<arg>PL</arg>
<arg>PM</arg>
<arg>PN</arg>
<arg>PR</arg>
<arg>PS</arg>
<arg>PT</arg>
<arg>PW</arg>
<arg>PY</arg>
<arg>QA</arg>
<arg>RE</arg>
<arg>RO</arg>
<arg>RS</arg>
<arg>RU</arg>
<arg>RW</arg>
<arg>SA</arg>
<arg>SB</arg>
<arg>SC</arg>
<arg>SD</arg>
<arg>SE</arg>
<arg>SG</arg>
<arg>SH</arg>
<arg>SI</arg>
<arg>SJ</arg>
<arg>SK</arg>
<arg>SL</arg>
<arg>SM</arg>
<arg>SN</arg>
<arg>SO</arg>
<arg>SR</arg>
<arg>SS</arg>
<arg>ST</arg>
<arg>SV</arg>
<arg>SX</arg>
<arg>SY</arg>
<arg>SZ</arg>
<arg>TC</arg>
<arg>TD</arg>
<arg>TF</arg>
<arg>TG</arg>
<arg>TH</arg>
<arg>TJ</arg>
<arg>TK</arg>
<arg>TL</arg>
<arg>TM</arg>
<arg>TN</arg>
<arg>TO</arg>
<arg>TR</arg>
<arg>TT</arg>
<arg>TV</arg>
<arg>TW</arg>
<arg>TZ</arg>
<arg>UA</arg>
<arg>UG</arg>
<arg>UM</arg>
<arg>US</arg>
<arg>UY</arg>
<arg>UZ</arg>
<arg>VA</arg>
<arg>VC</arg>
<arg>VE</arg>
<arg>VG</arg>
<arg>VI</arg>
<arg>VN</arg>
<arg>VU</arg>
<arg>WF</arg>
<arg>WS</arg>
<arg>XK</arg>
<arg>YE</arg>
<arg>YT</arg>
<arg>ZA</arg>
<arg>ZM</arg>
<arg>ZW</arg>
<doc>Returns a list containing given items.</doc>
<status status="PASS" start="2024-04-28T10:14:21.468520" elapsed="0.000653"/>
</kw>
<kw name="List Should Contain Value" owner="Collections">
<msg time="2024-04-28T10:14:21.470301" level="INFO">False</msg>
<arg>${list_country}</arg>
<arg>${name_country}</arg>
<doc>Fails if the ``value`` is not found from ``list``.</doc>
<status status="PASS" start="2024-04-28T10:14:21.470000" elapsed="0.000357"/>
</kw>
<kw name="Run Keyword If" owner="BuiltIn">
<kw name="Should Be True" owner="BuiltIn">
<arg>${True}</arg>
<doc>Fails if the given condition is not true.</doc>
<status status="PASS" start="2024-04-28T10:14:21.471451" elapsed="0.000152"/>
</kw>
<arg>${json_data["results"][0]["location"]["coordinates"]["latitude"]} &gt;= -90 and ${json_data["results"][0]["location"]["coordinates"]["latitude"]} &lt;= 90</arg>
<arg>Should Be True</arg>
<arg>${True}</arg>
<doc>Runs the given keyword with the given arguments, if ``condition`` is true.</doc>
<status status="PASS" start="2024-04-28T10:14:21.470689" elapsed="0.001040"/>
</kw>
<kw name="Run Keyword If" owner="BuiltIn">
<kw name="Should Be True" owner="BuiltIn">
<arg>${True}</arg>
<doc>Fails if the given condition is not true.</doc>
<status status="PASS" start="2024-04-28T10:14:21.472610" elapsed="0.000274"/>
</kw>
<arg>${json_data["results"][0]["location"]["coordinates"]["longitude"]} &gt;= -180 and ${json_data["results"][0]["location"]["coordinates"]["longitude"]} &lt;= 180</arg>
<arg>Should Be True</arg>
<arg>${True}</arg>
<doc>Runs the given keyword with the given arguments, if ``condition`` is true.</doc>
<status status="PASS" start="2024-04-28T10:14:21.471915" elapsed="0.001099"/>
</kw>
<status status="PASS" start="2024-04-28T10:14:21.395050" elapsed="0.078093"/>
</kw>
<doc>Testa o conteúdo específico dos campos retornados pela API.</doc>
<tag>testeConteudo</tag>
<status status="PASS" start="2024-04-28T10:14:21.394542" elapsed="0.078744"/>
</test>
<status status="PASS" start="2024-04-28T10:14:20.404662" elapsed="1.070579"/>
</suite>
<status status="PASS" start="2024-04-28T10:14:20.391350" elapsed="1.089011"/>
</suite>
<statistics>
<total>
<stat pass="5" fail="0" skip="0">All Tests</stat>
</total>
<tag>
<stat pass="1" fail="0" skip="0">testeConteudo</stat>
<stat pass="1" fail="0" skip="0">testeEstruturaResposta</stat>
<stat pass="1" fail="0" skip="0">testeRequisicaoBasica</stat>
<stat pass="1" fail="0" skip="0">testeTiposDados</stat>
</tag>
<suite>
<stat pass="5" fail="0" skip="0" id="s1" name="Tests">Tests</stat>
<stat pass="5" fail="0" skip="0" id="s1-s1" name="Random-User-Test">Tests.Random-User-Test</stat>
</suite>
</statistics>
<errors>
</errors>
</robot>
