<?xml version="1.0" encoding="UTF-8"?>
<robot generator="Robot 7.0 (Python 3.12.3 on linux)" generated="2024-04-29T14:14:47.946011" rpa="false" schemaversion="5">
<suite id="s1" name="Tests" source="/home/runner/work/DesafioQAItauRogerioJordao/DesafioQAItauRogerioJordao/RamdonUser/tests">
<suite id="s1-s1" name="Random-User-Test" source="/home/runner/work/DesafioQAItauRogerioJordao/DesafioQAItauRogerioJordao/RamdonUser/tests/random-user-test.robot">
<test id="s1-s1-t1" name="Conectar" line="13">
<kw name="Conectar API" owner="random-user-service">
<kw name="Create Session" owner="RequestsLibrary">
<msg time="2024-04-29T14:14:48.340028" level="INFO">Creating Session using : alias=consultarAPI, url=https://randomuser.me/, headers={},                     cookies={}, auth=None, timeout=None, proxies=None, verify=False,                     debug=0 </msg>
<arg>consultarAPI</arg>
<arg>${URL}</arg>
<doc>Create Session: create a HTTP session to a server</doc>
<status status="PASS" start="2024-04-29T14:14:48.339807" elapsed="0.000419"/>
</kw>
<status status="PASS" start="2024-04-29T14:14:48.338705" elapsed="0.001899"/>
</kw>
<status status="PASS" start="2024-04-29T14:14:48.338045" elapsed="0.002760"/>
</test>
<test id="s1-s1-t2" name="Validar retorno 200 e JSON Válido" line="16">
<kw name="Teste de Requisicao Basica" owner="random-user-service">
<kw name="GET On Session" owner="RequestsLibrary">
<msg time="2024-04-29T14:14:48.499795" level="INFO">GET Request : url=https://randomuser.me/api 
 path_url=/api 
 headers={'User-Agent': 'python-requests/2.31.0', 'Accept-Encoding': 'gzip, deflate', 'Accept': '*/*', 'Connection': 'keep-alive'} 
 body=None 
 </msg>
<msg time="2024-04-29T14:14:48.499971" level="INFO">GET Response : url=https://randomuser.me/api 
 status=200, reason=OK 
 headers={'Date': 'Mon, 29 Apr 2024 14:14:48 GMT', 'Content-Type': 'application/json; charset=utf-8', 'Transfer-Encoding': 'chunked', 'Connection': 'keep-alive', 'X-Powered-By': 'Express', 'Access-Control-Allow-Origin': '*', 'Cache-Control': 'no-cache', 'ETag': 'W/"4a6-oEeTEpJSLmj0wkXl62IpcXmYbt0"', 'Vary': 'Accept-Encoding', 'Content-Encoding': 'gzip', 'CF-Cache-Status': 'DYNAMIC', 'Report-To': '{"endpoints":[{"url":"https:\\/\\/a.nel.cloudflare.com\\/report\\/v4?s=h6TwEdrXX2UWJk%2Bw%2FXB0VegECpsYw3Tu97yM5KTVC3XCrn7HWt6e%2FPH5XMCTT%2Fyjf2ehknba0TOUI1L%2BsGHYM0gG%2FfPkiKt7Jh7OCwDL0WNv%2BTdYMXM94hmaQkcTt570"}],"group":"cf-nel","max_age":604800}', 'NEL': '{"success_fraction":0,"report_to":"cf-nel","max_age":604800}', 'Server': 'cloudflare', 'CF-RAY': '87bfe6887d0f0fe7-LAX', 'alt-svc': 'h3=":443"; ma=86400'} 
 body={"results":[{"gender":"female","name":{"title":"Mrs","first":"Minttu","last":"Hatala"},"location":{"street":{"number":3359,"name":"Mechelininkatu"},"city":"Suonenjoki","state":"Central Finland","country":"Finland","postcode":99911,"coordinates":{"latitude":"-24.9038","longitude":"178.3838"},"timezone":{"offset":"+1:00","description":"Brussels, Copenhagen, Madrid, Paris"}},"email":"minttu.hatala@example.com","login":{"uuid":"a27756d0-f2a8-46e2-a5d4-d1285b75e82b","username":"crazyswan174","password":"softail","salt":"lNHz4kkw","md5":"848869b735e0691644fb8cf1a69cb455","sha1":"6820b054c0a321ee656f4fe79095208199b93c1d","sha256":"3cdff784010d60aefd21cce5de654aeb78e6b070c88670243f6557845e231cbd"},"dob":{"date":"1955-02-10T11:28:12.448Z","age":69},"registered":{"date":"2013-05-26T21:18:15.627Z","age":10},"phone":"07-439-517","cell":"044-309-08-38","id":{"name":"HETU","value":"NaNNA102undefined"},"picture":{"large":"https://randomuser.me/api/portraits/women/32.jpg","medium":"https://randomuser.me/api/portraits/med/women/32.jpg","thumbnail":"https://randomuser.me/api/portraits/thumb/women/32.jpg"},"nat":"FI"}],"info":{"seed":"201b856db047094a","results":1,"page":1,"version":"1.4"}} 
 </msg>
<msg time="2024-04-29T14:14:48.500065" level="INFO">/opt/hostedtoolcache/Python/3.12.3/x64/lib/python3.12/site-packages/urllib3/connectionpool.py:1103: InsecureRequestWarning: Unverified HTTPS request is being made to host 'randomuser.me'. Adding certificate verification is strongly advised. See: https://urllib3.readthedocs.io/en/latest/advanced-usage.html#tls-warnings
  warnings.warn(</msg>
<msg time="2024-04-29T14:14:48.500216" level="INFO">${response} = &lt;Response [200]&gt;</msg>
<var>${response}</var>
<arg>consultarAPI</arg>
<arg>/api</arg>
<doc>Sends a GET request on a previously created HTTP Session.</doc>
<status status="PASS" start="2024-04-29T14:14:48.343446" elapsed="0.156807"/>
</kw>
<kw name="Should Be Equal As Numbers" owner="BuiltIn">
<msg time="2024-04-29T14:14:48.501374" level="INFO">Argument types are:
&lt;class 'int'&gt;
&lt;class 'str'&gt;</msg>
<arg>${response.status_code}</arg>
<arg>200</arg>
<doc>Fails if objects are unequal after converting them to real numbers.</doc>
<status status="PASS" start="2024-04-29T14:14:48.500864" elapsed="0.000581"/>
</kw>
<kw name="Log" owner="BuiltIn">
<msg time="2024-04-29T14:14:48.502220" level="INFO">200</msg>
<arg>${response.status_code}</arg>
<doc>Logs the given message with the given level.</doc>
<status status="PASS" start="2024-04-29T14:14:48.501827" elapsed="0.000439"/>
</kw>
<kw name="Set Variable" owner="BuiltIn">
<msg time="2024-04-29T14:14:48.503080" level="INFO">${json_data} = {'results': [{'gender': 'female', 'name': {'title': 'Mrs', 'first': 'Minttu', 'last': 'Hatala'}, 'location': {'street': {'number': 3359, 'name': 'Mechelininkatu'}, 'city': 'Suonenjoki', 'state': 'Cent...</msg>
<var>${json_data}</var>
<arg>${response.json()}</arg>
<doc>Returns the given values which can then be assigned to a variables.</doc>
<status status="PASS" start="2024-04-29T14:14:48.502607" elapsed="0.000502"/>
</kw>
<kw name="Dictionary Should Contain Key" owner="Collections">
<msg time="2024-04-29T14:14:48.503640" level="INFO">False</msg>
<arg>${json_data}</arg>
<arg>results</arg>
<doc>Fails if ``key`` is not found from ``dictionary``.</doc>
<status status="PASS" start="2024-04-29T14:14:48.503430" elapsed="0.000258"/>
</kw>
<status status="PASS" start="2024-04-29T14:14:48.343183" elapsed="0.160791"/>
</kw>
<doc>Testa se a API responde corretamente e retorna um objeto JSON válido.</doc>
<tag>testeRequisicaoBasica</tag>
<status status="PASS" start="2024-04-29T14:14:48.342707" elapsed="0.161459"/>
</test>
<test id="s1-s1-t3" name="Validar estrutura de resposta" line="22">
<kw name="Teste de Estrutura de Resposta" owner="random-user-service">
<kw name="GET On Session" owner="RequestsLibrary">
<msg time="2024-04-29T14:14:48.607314" level="INFO">GET Request : url=https://randomuser.me/api 
 path_url=/api 
 headers={'User-Agent': 'python-requests/2.31.0', 'Accept-Encoding': 'gzip, deflate', 'Accept': '*/*', 'Connection': 'keep-alive'} 
 body=None 
 </msg>
<msg time="2024-04-29T14:14:48.607436" level="INFO">GET Response : url=https://randomuser.me/api 
 status=200, reason=OK 
 headers={'Date': 'Mon, 29 Apr 2024 14:14:48 GMT', 'Content-Type': 'application/json; charset=utf-8', 'Transfer-Encoding': 'chunked', 'Connection': 'keep-alive', 'X-Powered-By': 'Express', 'Access-Control-Allow-Origin': '*', 'Cache-Control': 'no-cache', 'ETag': 'W/"466-vq00AqUjqafgsdj2yxFYgggTGq0"', 'Vary': 'Accept-Encoding', 'Content-Encoding': 'gzip', 'CF-Cache-Status': 'DYNAMIC', 'Report-To': '{"endpoints":[{"url":"https:\\/\\/a.nel.cloudflare.com\\/report\\/v4?s=jtEQ9FPen2cAWAuhlR8Cb4odhtYpu63hEKkMn2ACphBS3aJEFVBU411YItnAUDhhWMeBaWl4tQv79A2v9G6HCt%2FtEzSmAMwY%2F0Ilaeqx5cooV8FSF8aPOWW6sq4GytsF"}],"group":"cf-nel","max_age":604800}', 'NEL': '{"success_fraction":0,"report_to":"cf-nel","max_age":604800}', 'Server': 'cloudflare', 'CF-RAY': '87bfe6893dc60fe7-LAX', 'alt-svc': 'h3=":443"; ma=86400'} 
 body={"results":[{"gender":"female","name":{"title":"Ms","first":"Ava","last":"Morris"},"location":{"street":{"number":6748,"name":"Galway Road"},"city":"Thurles","state":"Cork","country":"Ireland","postcode":74266,"coordinates":{"latitude":"2.0465","longitude":"90.6559"},"timezone":{"offset":"-10:00","description":"Hawaii"}},"email":"ava.morris@example.com","login":{"uuid":"1ad1a2d2-b2a0-4480-af52-5bb0411e9ab9","username":"blackfrog774","password":"epsilon","salt":"jPcsHcA0","md5":"124f5659b066f2b3c2f3a5a0f46355bd","sha1":"67e21fb3b21d3b5111307c7eb6385423ffbc1d04","sha256":"3a2b7e8cd4fef542c76ca240d9116b24017e061fdac3f9c3d0b30826d680bc6f"},"dob":{"date":"1985-01-26T13:35:40.378Z","age":39},"registered":{"date":"2002-10-07T12:16:52.554Z","age":21},"phone":"011-095-6669","cell":"081-644-1719","id":{"name":"PPS","value":"8922918T"},"picture":{"large":"https://randomuser.me/api/portraits/women/28.jpg","medium":"https://randomuser.me/api/portraits/med/women/28.jpg","thumbnail":"https://randomuser.me/api/portraits/thumb/women/28.jpg"},"nat":"IE"}],"info":{"seed":"9fc86c527e93c255","results":1,"page":1,"version":"1.4"}} 
 </msg>
<msg time="2024-04-29T14:14:48.607586" level="INFO">/opt/hostedtoolcache/Python/3.12.3/x64/lib/python3.12/site-packages/urllib3/connectionpool.py:1103: InsecureRequestWarning: Unverified HTTPS request is being made to host 'randomuser.me'. Adding certificate verification is strongly advised. See: https://urllib3.readthedocs.io/en/latest/advanced-usage.html#tls-warnings
  warnings.warn(</msg>
<msg time="2024-04-29T14:14:48.607751" level="INFO">${response} = &lt;Response [200]&gt;</msg>
<var>${response}</var>
<arg>consultarAPI</arg>
<arg>/api</arg>
<doc>Sends a GET request on a previously created HTTP Session.</doc>
<status status="PASS" start="2024-04-29T14:14:48.507005" elapsed="0.100784"/>
</kw>
<kw name="Set Variable" owner="BuiltIn">
<msg time="2024-04-29T14:14:48.608929" level="INFO">${json_data} = {'results': [{'gender': 'female', 'name': {'title': 'Ms', 'first': 'Ava', 'last': 'Morris'}, 'location': {'street': {'number': 6748, 'name': 'Galway Road'}, 'city': 'Thurles', 'state': 'Cork', 'countr...</msg>
<var>${json_data}</var>
<arg>${response.json()}</arg>
<doc>Returns the given values which can then be assigned to a variables.</doc>
<status status="PASS" start="2024-04-29T14:14:48.608361" elapsed="0.000597"/>
</kw>
<kw name="Log" owner="BuiltIn">
<msg time="2024-04-29T14:14:48.609513" level="INFO">{'results': [{'gender': 'female', 'name': {'title': 'Ms', 'first': 'Ava', 'last': 'Morris'}, 'location': {'street': {'number': 6748, 'name': 'Galway Road'}, 'city': 'Thurles', 'state': 'Cork', 'country': 'Ireland', 'postcode': 74266, 'coordinates': {'latitude': '2.0465', 'longitude': '90.6559'}, 'timezone': {'offset': '-10:00', 'description': 'Hawaii'}}, 'email': 'ava.morris@example.com', 'login': {'uuid': '1ad1a2d2-b2a0-4480-af52-5bb0411e9ab9', 'username': 'blackfrog774', 'password': 'epsilon', 'salt': 'jPcsHcA0', 'md5': '124f5659b066f2b3c2f3a5a0f46355bd', 'sha1': '67e21fb3b21d3b5111307c7eb6385423ffbc1d04', 'sha256': '3a2b7e8cd4fef542c76ca240d9116b24017e061fdac3f9c3d0b30826d680bc6f'}, 'dob': {'date': '1985-01-26T13:35:40.378Z', 'age': 39}, 'registered': {'date': '2002-10-07T12:16:52.554Z', 'age': 21}, 'phone': '011-095-6669', 'cell': '081-644-1719', 'id': {'name': 'PPS', 'value': '8922918T'}, 'picture': {'large': 'https://randomuser.me/api/portraits/women/28.jpg', 'medium': 'https://randomuser.me/api/portraits/med/women/28.jpg', 'thumbnail': 'https://randomuser.me/api/portraits/thumb/women/28.jpg'}, 'nat': 'IE'}], 'info': {'seed': '9fc86c527e93c255', 'results': 1, 'page': 1, 'version': '1.4'}}</msg>
<arg>${json_data}</arg>
<doc>Logs the given message with the given level.</doc>
<status status="PASS" start="2024-04-29T14:14:48.609330" elapsed="0.000234"/>
</kw>
<kw name="Dictionary Should Contain Key" owner="Collections">
<msg time="2024-04-29T14:14:48.610067" level="INFO">False</msg>
<arg>${json_data}</arg>
<arg>results</arg>
<doc>Fails if ``key`` is not found from ``dictionary``.</doc>
<status status="PASS" start="2024-04-29T14:14:48.609898" elapsed="0.000206"/>
</kw>
<kw name="Should Not Be Empty" owner="BuiltIn">
<msg time="2024-04-29T14:14:48.610565" level="INFO">Length is 2.</msg>
<arg>${json_data}</arg>
<doc>Verifies that the given item is not empty.</doc>
<status status="PASS" start="2024-04-29T14:14:48.610419" elapsed="0.000186"/>
</kw>
<kw name="Create List" owner="BuiltIn">
<msg time="2024-04-29T14:14:48.611235" level="INFO">${expected_keys} = ['gender', 'name', 'location', 'email', 'login']</msg>
<var>${expected_keys}</var>
<arg>gender</arg>
<arg>name</arg>
<arg>location</arg>
<arg>email</arg>
<arg>login</arg>
<doc>Returns a list containing given items.</doc>
<status status="PASS" start="2024-04-29T14:14:48.610906" elapsed="0.000355"/>
</kw>
<for flavor="IN">
<iter>
<kw name="Dictionary Should Contain Key" owner="Collections">
<msg time="2024-04-29T14:14:48.612368" level="INFO">False</msg>
<arg>${json_data['results'][0]}</arg>
<arg>${key}</arg>
<doc>Fails if ``key`` is not found from ``dictionary``.</doc>
<status status="PASS" start="2024-04-29T14:14:48.611927" elapsed="0.000480"/>
</kw>
<kw name="Log" owner="BuiltIn">
<msg time="2024-04-29T14:14:48.613117" level="INFO">{'gender': 'female', 'name': {'title': 'Ms', 'first': 'Ava', 'last': 'Morris'}, 'location': {'street': {'number': 6748, 'name': 'Galway Road'}, 'city': 'Thurles', 'state': 'Cork', 'country': 'Ireland', 'postcode': 74266, 'coordinates': {'latitude': '2.0465', 'longitude': '90.6559'}, 'timezone': {'offset': '-10:00', 'description': 'Hawaii'}}, 'email': 'ava.morris@example.com', 'login': {'uuid': '1ad1a2d2-b2a0-4480-af52-5bb0411e9ab9', 'username': 'blackfrog774', 'password': 'epsilon', 'salt': 'jPcsHcA0', 'md5': '124f5659b066f2b3c2f3a5a0f46355bd', 'sha1': '67e21fb3b21d3b5111307c7eb6385423ffbc1d04', 'sha256': '3a2b7e8cd4fef542c76ca240d9116b24017e061fdac3f9c3d0b30826d680bc6f'}, 'dob': {'date': '1985-01-26T13:35:40.378Z', 'age': 39}, 'registered': {'date': '2002-10-07T12:16:52.554Z', 'age': 21}, 'phone': '011-095-6669', 'cell': '081-644-1719', 'id': {'name': 'PPS', 'value': '8922918T'}, 'picture': {'large': 'https://randomuser.me/api/portraits/women/28.jpg', 'medium': 'https://randomuser.me/api/portraits/med/women/28.jpg', 'thumbnail': 'https://randomuser.me/api/portraits/thumb/women/28.jpg'}, 'nat': 'IE'}</msg>
<arg>${json_data['results'][0]}</arg>
<doc>Logs the given message with the given level.</doc>
<status status="PASS" start="2024-04-29T14:14:48.612725" elapsed="0.000441"/>
</kw>
<kw name="Log" owner="BuiltIn">
<msg time="2024-04-29T14:14:48.613601" level="INFO">gender</msg>
<arg>${key}</arg>
<doc>Logs the given message with the given level.</doc>
<status status="PASS" start="2024-04-29T14:14:48.613469" elapsed="0.000170"/>
</kw>
<var name="${key}">gender</var>
<status status="PASS" start="2024-04-29T14:14:48.611790" elapsed="0.002068"/>
</iter>
<iter>
<kw name="Dictionary Should Contain Key" owner="Collections">
<msg time="2024-04-29T14:14:48.614595" level="INFO">False</msg>
<arg>${json_data['results'][0]}</arg>
<arg>${key}</arg>
<doc>Fails if ``key`` is not found from ``dictionary``.</doc>
<status status="PASS" start="2024-04-29T14:14:48.614184" elapsed="0.000449"/>
</kw>
<kw name="Log" owner="BuiltIn">
<msg time="2024-04-29T14:14:48.615369" level="INFO">{'gender': 'female', 'name': {'title': 'Ms', 'first': 'Ava', 'last': 'Morris'}, 'location': {'street': {'number': 6748, 'name': 'Galway Road'}, 'city': 'Thurles', 'state': 'Cork', 'country': 'Ireland', 'postcode': 74266, 'coordinates': {'latitude': '2.0465', 'longitude': '90.6559'}, 'timezone': {'offset': '-10:00', 'description': 'Hawaii'}}, 'email': 'ava.morris@example.com', 'login': {'uuid': '1ad1a2d2-b2a0-4480-af52-5bb0411e9ab9', 'username': 'blackfrog774', 'password': 'epsilon', 'salt': 'jPcsHcA0', 'md5': '124f5659b066f2b3c2f3a5a0f46355bd', 'sha1': '67e21fb3b21d3b5111307c7eb6385423ffbc1d04', 'sha256': '3a2b7e8cd4fef542c76ca240d9116b24017e061fdac3f9c3d0b30826d680bc6f'}, 'dob': {'date': '1985-01-26T13:35:40.378Z', 'age': 39}, 'registered': {'date': '2002-10-07T12:16:52.554Z', 'age': 21}, 'phone': '011-095-6669', 'cell': '081-644-1719', 'id': {'name': 'PPS', 'value': '8922918T'}, 'picture': {'large': 'https://randomuser.me/api/portraits/women/28.jpg', 'medium': 'https://randomuser.me/api/portraits/med/women/28.jpg', 'thumbnail': 'https://randomuser.me/api/portraits/thumb/women/28.jpg'}, 'nat': 'IE'}</msg>
<arg>${json_data['results'][0]}</arg>
<doc>Logs the given message with the given level.</doc>
<status status="PASS" start="2024-04-29T14:14:48.614950" elapsed="0.000468"/>
</kw>
<kw name="Log" owner="BuiltIn">
<msg time="2024-04-29T14:14:48.615887" level="INFO">name</msg>
<arg>${key}</arg>
<doc>Logs the given message with the given level.</doc>
<status status="PASS" start="2024-04-29T14:14:48.615748" elapsed="0.000178"/>
</kw>
<var name="${key}">name</var>
<status status="PASS" start="2024-04-29T14:14:48.614062" elapsed="0.002086"/>
</iter>
<iter>
<kw name="Dictionary Should Contain Key" owner="Collections">
<msg time="2024-04-29T14:14:48.616857" level="INFO">False</msg>
<arg>${json_data['results'][0]}</arg>
<arg>${key}</arg>
<doc>Fails if ``key`` is not found from ``dictionary``.</doc>
<status status="PASS" start="2024-04-29T14:14:48.616454" elapsed="0.000441"/>
</kw>
<kw name="Log" owner="BuiltIn">
<msg time="2024-04-29T14:14:48.617559" level="INFO">{'gender': 'female', 'name': {'title': 'Ms', 'first': 'Ava', 'last': 'Morris'}, 'location': {'street': {'number': 6748, 'name': 'Galway Road'}, 'city': 'Thurles', 'state': 'Cork', 'country': 'Ireland', 'postcode': 74266, 'coordinates': {'latitude': '2.0465', 'longitude': '90.6559'}, 'timezone': {'offset': '-10:00', 'description': 'Hawaii'}}, 'email': 'ava.morris@example.com', 'login': {'uuid': '1ad1a2d2-b2a0-4480-af52-5bb0411e9ab9', 'username': 'blackfrog774', 'password': 'epsilon', 'salt': 'jPcsHcA0', 'md5': '124f5659b066f2b3c2f3a5a0f46355bd', 'sha1': '67e21fb3b21d3b5111307c7eb6385423ffbc1d04', 'sha256': '3a2b7e8cd4fef542c76ca240d9116b24017e061fdac3f9c3d0b30826d680bc6f'}, 'dob': {'date': '1985-01-26T13:35:40.378Z', 'age': 39}, 'registered': {'date': '2002-10-07T12:16:52.554Z', 'age': 21}, 'phone': '011-095-6669', 'cell': '081-644-1719', 'id': {'name': 'PPS', 'value': '8922918T'}, 'picture': {'large': 'https://randomuser.me/api/portraits/women/28.jpg', 'medium': 'https://randomuser.me/api/portraits/med/women/28.jpg', 'thumbnail': 'https://randomuser.me/api/portraits/thumb/women/28.jpg'}, 'nat': 'IE'}</msg>
<arg>${json_data['results'][0]}</arg>
<doc>Logs the given message with the given level.</doc>
<status status="PASS" start="2024-04-29T14:14:48.617190" elapsed="0.000415"/>
</kw>
<kw name="Log" owner="BuiltIn">
<msg time="2024-04-29T14:14:48.618031" level="INFO">location</msg>
<arg>${key}</arg>
<doc>Logs the given message with the given level.</doc>
<status status="PASS" start="2024-04-29T14:14:48.617903" elapsed="0.000165"/>
</kw>
<var name="${key}">location</var>
<status status="PASS" start="2024-04-29T14:14:48.616340" elapsed="0.001951"/>
</iter>
<iter>
<kw name="Dictionary Should Contain Key" owner="Collections">
<msg time="2024-04-29T14:14:48.618981" level="INFO">False</msg>
<arg>${json_data['results'][0]}</arg>
<arg>${key}</arg>
<doc>Fails if ``key`` is not found from ``dictionary``.</doc>
<status status="PASS" start="2024-04-29T14:14:48.618586" elapsed="0.000435"/>
</kw>
<kw name="Log" owner="BuiltIn">
<msg time="2024-04-29T14:14:48.619718" level="INFO">{'gender': 'female', 'name': {'title': 'Ms', 'first': 'Ava', 'last': 'Morris'}, 'location': {'street': {'number': 6748, 'name': 'Galway Road'}, 'city': 'Thurles', 'state': 'Cork', 'country': 'Ireland', 'postcode': 74266, 'coordinates': {'latitude': '2.0465', 'longitude': '90.6559'}, 'timezone': {'offset': '-10:00', 'description': 'Hawaii'}}, 'email': 'ava.morris@example.com', 'login': {'uuid': '1ad1a2d2-b2a0-4480-af52-5bb0411e9ab9', 'username': 'blackfrog774', 'password': 'epsilon', 'salt': 'jPcsHcA0', 'md5': '124f5659b066f2b3c2f3a5a0f46355bd', 'sha1': '67e21fb3b21d3b5111307c7eb6385423ffbc1d04', 'sha256': '3a2b7e8cd4fef542c76ca240d9116b24017e061fdac3f9c3d0b30826d680bc6f'}, 'dob': {'date': '1985-01-26T13:35:40.378Z', 'age': 39}, 'registered': {'date': '2002-10-07T12:16:52.554Z', 'age': 21}, 'phone': '011-095-6669', 'cell': '081-644-1719', 'id': {'name': 'PPS', 'value': '8922918T'}, 'picture': {'large': 'https://randomuser.me/api/portraits/women/28.jpg', 'medium': 'https://randomuser.me/api/portraits/med/women/28.jpg', 'thumbnail': 'https://randomuser.me/api/portraits/thumb/women/28.jpg'}, 'nat': 'IE'}</msg>
<arg>${json_data['results'][0]}</arg>
<doc>Logs the given message with the given level.</doc>
<status status="PASS" start="2024-04-29T14:14:48.619314" elapsed="0.000451"/>
</kw>
<kw name="Log" owner="BuiltIn">
<msg time="2024-04-29T14:14:48.620204" level="INFO">email</msg>
<arg>${key}</arg>
<doc>Logs the given message with the given level.</doc>
<status status="PASS" start="2024-04-29T14:14:48.620077" elapsed="0.000164"/>
</kw>
<var name="${key}">email</var>
<status status="PASS" start="2024-04-29T14:14:48.618473" elapsed="0.001986"/>
</iter>
<iter>
<kw name="Dictionary Should Contain Key" owner="Collections">
<msg time="2024-04-29T14:14:48.621158" level="INFO">False</msg>
<arg>${json_data['results'][0]}</arg>
<arg>${key}</arg>
<doc>Fails if ``key`` is not found from ``dictionary``.</doc>
<status status="PASS" start="2024-04-29T14:14:48.620758" elapsed="0.000438"/>
</kw>
<kw name="Log" owner="BuiltIn">
<msg time="2024-04-29T14:14:48.621858" level="INFO">{'gender': 'female', 'name': {'title': 'Ms', 'first': 'Ava', 'last': 'Morris'}, 'location': {'street': {'number': 6748, 'name': 'Galway Road'}, 'city': 'Thurles', 'state': 'Cork', 'country': 'Ireland', 'postcode': 74266, 'coordinates': {'latitude': '2.0465', 'longitude': '90.6559'}, 'timezone': {'offset': '-10:00', 'description': 'Hawaii'}}, 'email': 'ava.morris@example.com', 'login': {'uuid': '1ad1a2d2-b2a0-4480-af52-5bb0411e9ab9', 'username': 'blackfrog774', 'password': 'epsilon', 'salt': 'jPcsHcA0', 'md5': '124f5659b066f2b3c2f3a5a0f46355bd', 'sha1': '67e21fb3b21d3b5111307c7eb6385423ffbc1d04', 'sha256': '3a2b7e8cd4fef542c76ca240d9116b24017e061fdac3f9c3d0b30826d680bc6f'}, 'dob': {'date': '1985-01-26T13:35:40.378Z', 'age': 39}, 'registered': {'date': '2002-10-07T12:16:52.554Z', 'age': 21}, 'phone': '011-095-6669', 'cell': '081-644-1719', 'id': {'name': 'PPS', 'value': '8922918T'}, 'picture': {'large': 'https://randomuser.me/api/portraits/women/28.jpg', 'medium': 'https://randomuser.me/api/portraits/med/women/28.jpg', 'thumbnail': 'https://randomuser.me/api/portraits/thumb/women/28.jpg'}, 'nat': 'IE'}</msg>
<arg>${json_data['results'][0]}</arg>
<doc>Logs the given message with the given level.</doc>
<status status="PASS" start="2024-04-29T14:14:48.621488" elapsed="0.000417"/>
</kw>
<kw name="Log" owner="BuiltIn">
<msg time="2024-04-29T14:14:48.622329" level="INFO">login</msg>
<arg>${key}</arg>
<doc>Logs the given message with the given level.</doc>
<status status="PASS" start="2024-04-29T14:14:48.622198" elapsed="0.000168"/>
</kw>
<var name="${key}">login</var>
<status status="PASS" start="2024-04-29T14:14:48.620645" elapsed="0.001941"/>
</iter>
<var>${key}</var>
<value>@{expected_keys}</value>
<status status="PASS" start="2024-04-29T14:14:48.611542" elapsed="0.011166"/>
</for>
<kw name="Create List" owner="BuiltIn">
<msg time="2024-04-29T14:14:48.623090" level="INFO">${expected_keysTwo} = ['username', 'password']</msg>
<var>${expected_keysTwo}</var>
<arg>username</arg>
<arg>password</arg>
<doc>Returns a list containing given items.</doc>
<status status="PASS" start="2024-04-29T14:14:48.622914" elapsed="0.000200"/>
</kw>
<for flavor="IN">
<iter>
<kw name="Dictionary Should Contain Key" owner="Collections">
<msg time="2024-04-29T14:14:48.624061" level="INFO">False</msg>
<arg>${json_data['results'][0]['login']}</arg>
<arg>${keyTwo}</arg>
<doc>Fails if ``key`` is not found from ``dictionary``.</doc>
<status status="PASS" start="2024-04-29T14:14:48.623662" elapsed="0.000436"/>
</kw>
<kw name="Dictionary Should Contain Key" owner="Collections">
<msg time="2024-04-29T14:14:48.624790" level="INFO">False</msg>
<arg>${json_data['results'][0]['login']}</arg>
<arg>${keyTwo}</arg>
<doc>Fails if ``key`` is not found from ``dictionary``.</doc>
<status status="PASS" start="2024-04-29T14:14:48.624395" elapsed="0.000433"/>
</kw>
<kw name="Log" owner="BuiltIn">
<msg time="2024-04-29T14:14:48.625245" level="INFO">username</msg>
<arg>${keyTwo}</arg>
<doc>Logs the given message with the given level.</doc>
<status status="PASS" start="2024-04-29T14:14:48.625117" elapsed="0.000171"/>
</kw>
<var name="${keyTwo}">username</var>
<status status="PASS" start="2024-04-29T14:14:48.623518" elapsed="0.001982"/>
</iter>
<iter>
<kw name="Dictionary Should Contain Key" owner="Collections">
<msg time="2024-04-29T14:14:48.626182" level="INFO">False</msg>
<arg>${json_data['results'][0]['login']}</arg>
<arg>${keyTwo}</arg>
<doc>Fails if ``key`` is not found from ``dictionary``.</doc>
<status status="PASS" start="2024-04-29T14:14:48.625786" elapsed="0.000439"/>
</kw>
<kw name="Dictionary Should Contain Key" owner="Collections">
<msg time="2024-04-29T14:14:48.626998" level="INFO">False</msg>
<arg>${json_data['results'][0]['login']}</arg>
<arg>${keyTwo}</arg>
<doc>Fails if ``key`` is not found from ``dictionary``.</doc>
<status status="PASS" start="2024-04-29T14:14:48.626519" elapsed="0.000518"/>
</kw>
<kw name="Log" owner="BuiltIn">
<msg time="2024-04-29T14:14:48.627460" level="INFO">password</msg>
<arg>${keyTwo}</arg>
<doc>Logs the given message with the given level.</doc>
<status status="PASS" start="2024-04-29T14:14:48.627332" elapsed="0.000166"/>
</kw>
<var name="${keyTwo}">password</var>
<status status="PASS" start="2024-04-29T14:14:48.625675" elapsed="0.002081"/>
</iter>
<var>${keyTwo}</var>
<value>@{expected_keysTwo}</value>
<status status="PASS" start="2024-04-29T14:14:48.623354" elapsed="0.004525"/>
</for>
<status status="PASS" start="2024-04-29T14:14:48.506738" elapsed="0.121296"/>
</kw>
<doc>Testa a estrutura da resposta da API.</doc>
<tag>testeEstruturaResposta</tag>
<status status="PASS" start="2024-04-29T14:14:48.506060" elapsed="0.122149"/>
</test>
<test id="s1-s1-t4" name="Validar tipos de dados" line="28">
<kw name="Teste de Tipos de Dados" owner="random-user-service">
<kw name="GET On Session" owner="RequestsLibrary">
<msg time="2024-04-29T14:14:48.752617" level="INFO">GET Request : url=https://randomuser.me/api 
 path_url=/api 
 headers={'User-Agent': 'python-requests/2.31.0', 'Accept-Encoding': 'gzip, deflate', 'Accept': '*/*', 'Connection': 'keep-alive'} 
 body=None 
 </msg>
<msg time="2024-04-29T14:14:48.752735" level="INFO">GET Response : url=https://randomuser.me/api 
 status=200, reason=OK 
 headers={'Date': 'Mon, 29 Apr 2024 14:14:48 GMT', 'Content-Type': 'application/json; charset=utf-8', 'Transfer-Encoding': 'chunked', 'Connection': 'keep-alive', 'X-Powered-By': 'Express', 'Access-Control-Allow-Origin': '*', 'Cache-Control': 'no-cache', 'ETag': 'W/"47c-wr42sRLyiW2G3ycvQ2Ka/9WS8cA"', 'Vary': 'Accept-Encoding', 'Content-Encoding': 'gzip', 'CF-Cache-Status': 'DYNAMIC', 'Report-To': '{"endpoints":[{"url":"https:\\/\\/a.nel.cloudflare.com\\/report\\/v4?s=Wlu7mODP4YmD4XtYgw5BTDNm%2B%2FbI0yfuRFwZjZqnaKDnnkl49mwH3HiupZ4MLlPlfLAQu4Z0cXUPfMLc66%2BJZWZfgeaeYkgfpQKQpqRd2poUK8ax%2FGD%2Fzc0Fmab6JM2y"}],"group":"cf-nel","max_age":604800}', 'NEL': '{"success_fraction":0,"report_to":"cf-nel","max_age":604800}', 'Server': 'cloudflare', 'CF-RAY': '87bfe689fe940fe7-LAX', 'alt-svc': 'h3=":443"; ma=86400'} 
 body={"results":[{"gender":"male","name":{"title":"Mr","first":"Anton","last":"Vatland"},"location":{"street":{"number":8577,"name":"Johan Throne Holsts plass"},"city":"Sysle","state":"Hedmark","country":"Norway","postcode":"8661","coordinates":{"latitude":"45.4992","longitude":"-131.1644"},"timezone":{"offset":"-12:00","description":"Eniwetok, Kwajalein"}},"email":"anton.vatland@example.com","login":{"uuid":"0e0d6d4b-f34e-4489-b3df-81e5cacc4fba","username":"smallwolf557","password":"candace","salt":"7pr6qGL8","md5":"c346671974ba959fa0fa90ec4fa25426","sha1":"dd213456080caec0d65d337f0eae0f8a1739471b","sha256":"04c613ab85e13e0acdcd4187238b798afe81f805b2df61a27b63cce88e82460e"},"dob":{"date":"1949-11-01T04:54:32.951Z","age":74},"registered":{"date":"2020-03-16T15:05:05.553Z","age":4},"phone":"76773976","cell":"46668740","id":{"name":"FN","value":"01114945753"},"picture":{"large":"https://randomuser.me/api/portraits/men/36.jpg","medium":"https://randomuser.me/api/portraits/med/men/36.jpg","thumbnail":"https://randomuser.me/api/portraits/thumb/men/36.jpg"},"nat":"NO"}],"info":{"seed":"e27e96e43a1416f4","results":1,"page":1,"version":"1.4"}} 
 </msg>
<msg time="2024-04-29T14:14:48.752817" level="INFO">/opt/hostedtoolcache/Python/3.12.3/x64/lib/python3.12/site-packages/urllib3/connectionpool.py:1103: InsecureRequestWarning: Unverified HTTPS request is being made to host 'randomuser.me'. Adding certificate verification is strongly advised. See: https://urllib3.readthedocs.io/en/latest/advanced-usage.html#tls-warnings
  warnings.warn(</msg>
<msg time="2024-04-29T14:14:48.752961" level="INFO">${response} = &lt;Response [200]&gt;</msg>
<var>${response}</var>
<arg>consultarAPI</arg>
<arg>/api</arg>
<doc>Sends a GET request on a previously created HTTP Session.</doc>
<status status="PASS" start="2024-04-29T14:14:48.630779" elapsed="0.122228"/>
</kw>
<kw name="Set Variable" owner="BuiltIn">
<msg time="2024-04-29T14:14:48.754274" level="INFO">${json_data} = {'results': [{'gender': 'male', 'name': {'title': 'Mr', 'first': 'Anton', 'last': 'Vatland'}, 'location': {'street': {'number': 8577, 'name': 'Johan Throne Holsts plass'}, 'city': 'Sysle', 'state': 'H...</msg>
<var>${json_data}</var>
<arg>${response.json()}</arg>
<doc>Returns the given values which can then be assigned to a variables.</doc>
<status status="PASS" start="2024-04-29T14:14:48.753678" elapsed="0.000627"/>
</kw>
<kw name="Log" owner="BuiltIn">
<msg time="2024-04-29T14:14:48.754863" level="INFO">{'results': [{'gender': 'male', 'name': {'title': 'Mr', 'first': 'Anton', 'last': 'Vatland'}, 'location': {'street': {'number': 8577, 'name': 'Johan Throne Holsts plass'}, 'city': 'Sysle', 'state': 'Hedmark', 'country': 'Norway', 'postcode': '8661', 'coordinates': {'latitude': '45.4992', 'longitude': '-131.1644'}, 'timezone': {'offset': '-12:00', 'description': 'Eniwetok, Kwajalein'}}, 'email': 'anton.vatland@example.com', 'login': {'uuid': '0e0d6d4b-f34e-4489-b3df-81e5cacc4fba', 'username': 'smallwolf557', 'password': 'candace', 'salt': '7pr6qGL8', 'md5': 'c346671974ba959fa0fa90ec4fa25426', 'sha1': 'dd213456080caec0d65d337f0eae0f8a1739471b', 'sha256': '04c613ab85e13e0acdcd4187238b798afe81f805b2df61a27b63cce88e82460e'}, 'dob': {'date': '1949-11-01T04:54:32.951Z', 'age': 74}, 'registered': {'date': '2020-03-16T15:05:05.553Z', 'age': 4}, 'phone': '76773976', 'cell': '46668740', 'id': {'name': 'FN', 'value': '01114945753'}, 'picture': {'large': 'https://randomuser.me/api/portraits/men/36.jpg', 'medium': 'https://randomuser.me/api/portraits/med/men/36.jpg', 'thumbnail': 'https://randomuser.me/api/portraits/thumb/men/36.jpg'}, 'nat': 'NO'}], 'info': {'seed': 'e27e96e43a1416f4', 'results': 1, 'page': 1, 'version': '1.4'}}</msg>
<arg>${json_data}</arg>
<doc>Logs the given message with the given level.</doc>
<status status="PASS" start="2024-04-29T14:14:48.754684" elapsed="0.000230"/>
</kw>
<kw name="Should Be String" owner="String">
<arg>${json_data['results'][0]['gender']}</arg>
<doc>Fails if the given ``item`` is not a string.</doc>
<status status="PASS" start="2024-04-29T14:14:48.755261" elapsed="0.000484"/>
</kw>
<kw name="Should Match Regexp" owner="BuiltIn">
<arg>${json_data['results'][0]['email']}</arg>
<arg>^[a-zA-Z0-9._%+-]+@[a-zA-Z0-9.-]+\.[a-zA-Z]{2,}$</arg>
<doc>Fails if ``string`` does not match ``pattern`` as a regular expression.</doc>
<status status="PASS" start="2024-04-29T14:14:48.755956" elapsed="0.000545"/>
</kw>
<kw name="Should Match Regexp" owner="BuiltIn">
<arg>${json_data['results'][0]['dob']['date']}</arg>
<arg>\\d{4}-\\d{2}-\\d{2}T\\d{2}:\\d{2}:\\d{2}\\.\\d{3}Z</arg>
<doc>Fails if ``string`` does not match ``pattern`` as a regular expression.</doc>
<status status="PASS" start="2024-04-29T14:14:48.756703" elapsed="0.000502"/>
</kw>
<kw name="Should Match Regexp" owner="BuiltIn">
<arg>${json_data['results'][0]['registered']['date']}</arg>
<arg>\\d{4}-\\d{2}-\\d{2}T\\d{2}:\\d{2}:\\d{2}\\.\\d{3}Z</arg>
<doc>Fails if ``string`` does not match ``pattern`` as a regular expression.</doc>
<status status="PASS" start="2024-04-29T14:14:48.757399" elapsed="0.000384"/>
</kw>
<kw name="Should Match Regexp" owner="BuiltIn">
<arg>${json_data['results'][0]['picture']['large']}</arg>
<arg>^https?://.*\.(?:png|jpe?g|gif|bmp)$</arg>
<doc>Fails if ``string`` does not match ``pattern`` as a regular expression.</doc>
<status status="PASS" start="2024-04-29T14:14:48.757977" elapsed="0.000471"/>
</kw>
<kw name="Should Match Regexp" owner="BuiltIn">
<arg>${json_data['results'][0]['picture']['medium']}</arg>
<arg>^https?://.*\.(?:png|jpe?g|gif|bmp)$</arg>
<doc>Fails if ``string`` does not match ``pattern`` as a regular expression.</doc>
<status status="PASS" start="2024-04-29T14:14:48.758645" elapsed="0.000363"/>
</kw>
<kw name="Should Match Regexp" owner="BuiltIn">
<arg>${json_data['results'][0]['picture']['thumbnail']}</arg>
<arg>^https?://.*\.(?:png|jpe?g|gif|bmp)$</arg>
<doc>Fails if ``string`` does not match ``pattern`` as a regular expression.</doc>
<status status="PASS" start="2024-04-29T14:14:48.759205" elapsed="0.000355"/>
</kw>
<kw name="Log" owner="BuiltIn">
<msg time="2024-04-29T14:14:48.760125" level="INFO">{'large': 'https://randomuser.me/api/portraits/men/36.jpg', 'medium': 'https://randomuser.me/api/portraits/med/men/36.jpg', 'thumbnail': 'https://randomuser.me/api/portraits/thumb/men/36.jpg'}</msg>
<arg>${json_data['results'][0]['picture']}</arg>
<doc>Logs the given message with the given level.</doc>
<status status="PASS" start="2024-04-29T14:14:48.759783" elapsed="0.000384"/>
</kw>
<status status="PASS" start="2024-04-29T14:14:48.630535" elapsed="0.129911"/>
</kw>
<kw name="Teste de Tipos de Dados - Postcode" owner="random-user-service">
<kw name="GET On Session" owner="RequestsLibrary">
<msg time="2024-04-29T14:14:48.862931" level="INFO">GET Request : url=https://randomuser.me/api 
 path_url=/api 
 headers={'User-Agent': 'python-requests/2.31.0', 'Accept-Encoding': 'gzip, deflate', 'Accept': '*/*', 'Connection': 'keep-alive'} 
 body=None 
 </msg>
<msg time="2024-04-29T14:14:48.863048" level="INFO">GET Response : url=https://randomuser.me/api 
 status=200, reason=OK 
 headers={'Date': 'Mon, 29 Apr 2024 14:14:48 GMT', 'Content-Type': 'application/json; charset=utf-8', 'Transfer-Encoding': 'chunked', 'Connection': 'keep-alive', 'X-Powered-By': 'Express', 'Access-Control-Allow-Origin': '*', 'Cache-Control': 'no-cache', 'ETag': 'W/"492-R4K6Yn394gGCdJgXIa0FqP+C0VI"', 'Vary': 'Accept-Encoding', 'Content-Encoding': 'gzip', 'CF-Cache-Status': 'DYNAMIC', 'Report-To': '{"endpoints":[{"url":"https:\\/\\/a.nel.cloudflare.com\\/report\\/v4?s=9vWD2zUi51Wp84uvlTT2Qe7zvoxKRW0jSswikmsYMMcLaiWBgDzME0v%2FiimNjwm%2BHdTzoYLq9Aur0KIDNh%2FCccmc94ChHzBCXQCMRoJlql9C2czIhOz8kPU01FohtZWJ"}],"group":"cf-nel","max_age":604800}', 'NEL': '{"success_fraction":0,"report_to":"cf-nel","max_age":604800}', 'Server': 'cloudflare', 'CF-RAY': '87bfe68acf620fe7-LAX', 'alt-svc': 'h3=":443"; ma=86400'} 
 body={"results":[{"gender":"female","name":{"title":"Miss","first":"Miriam","last":"Calvo"},"location":{"street":{"number":2639,"name":"Avenida de América"},"city":"San Sebastián","state":"La Rioja","country":"Spain","postcode":16068,"coordinates":{"latitude":"-35.0545","longitude":"32.4730"},"timezone":{"offset":"-1:00","description":"Azores, Cape Verde Islands"}},"email":"miriam.calvo@example.com","login":{"uuid":"a13640bc-1fe7-495b-94e6-e5f765a52612","username":"greentiger416","password":"tyvugq","salt":"04DMvUhs","md5":"96009181165d0067592c03747f390838","sha1":"3ae28f26b4b5cf200af4f8df161d780dfd373cdf","sha256":"d4bff142e764bb2b0edf59378da841f8fb46d5e742b577b44214e5be14b96548"},"dob":{"date":"1999-09-27T03:56:00.553Z","age":24},"registered":{"date":"2011-07-07T05:33:50.168Z","age":12},"phone":"936-313-013","cell":"645-721-162","id":{"name":"DNI","value":"22238622-A"},"picture":{"large":"https://randomuser.me/api/portraits/women/37.jpg","medium":"https://randomuser.me/api/portraits/med/women/37.jpg","thumbnail":"https://randomuser.me/api/portraits/thumb/women/37.jpg"},"nat":"ES"}],"info":{"seed":"1cf204547eb229e8","results":1,"page":1,"version":"1.4"}} 
 </msg>
<msg time="2024-04-29T14:14:48.863136" level="INFO">/opt/hostedtoolcache/Python/3.12.3/x64/lib/python3.12/site-packages/urllib3/connectionpool.py:1103: InsecureRequestWarning: Unverified HTTPS request is being made to host 'randomuser.me'. Adding certificate verification is strongly advised. See: https://urllib3.readthedocs.io/en/latest/advanced-usage.html#tls-warnings
  warnings.warn(</msg>
<msg time="2024-04-29T14:14:48.863274" level="INFO">${response} = &lt;Response [200]&gt;</msg>
<var>${response}</var>
<arg>consultarAPI</arg>
<arg>/api</arg>
<doc>Sends a GET request on a previously created HTTP Session.</doc>
<status status="PASS" start="2024-04-29T14:14:48.760931" elapsed="0.102386"/>
</kw>
<kw name="Set Variable" owner="BuiltIn">
<msg time="2024-04-29T14:14:48.864622" level="INFO">${json_data} = {'results': [{'gender': 'female', 'name': {'title': 'Miss', 'first': 'Miriam', 'last': 'Calvo'}, 'location': {'street': {'number': 2639, 'name': 'Avenida de América'}, 'city': 'San Sebastián', 'state'...</msg>
<var>${json_data}</var>
<arg>${response.json()}</arg>
<doc>Returns the given values which can then be assigned to a variables.</doc>
<status status="PASS" start="2024-04-29T14:14:48.864029" elapsed="0.000623"/>
</kw>
<kw name="Log" owner="BuiltIn">
<msg time="2024-04-29T14:14:48.865170" level="INFO">{'results': [{'gender': 'female', 'name': {'title': 'Miss', 'first': 'Miriam', 'last': 'Calvo'}, 'location': {'street': {'number': 2639, 'name': 'Avenida de América'}, 'city': 'San Sebastián', 'state': 'La Rioja', 'country': 'Spain', 'postcode': 16068, 'coordinates': {'latitude': '-35.0545', 'longitude': '32.4730'}, 'timezone': {'offset': '-1:00', 'description': 'Azores, Cape Verde Islands'}}, 'email': 'miriam.calvo@example.com', 'login': {'uuid': 'a13640bc-1fe7-495b-94e6-e5f765a52612', 'username': 'greentiger416', 'password': 'tyvugq', 'salt': '04DMvUhs', 'md5': '96009181165d0067592c03747f390838', 'sha1': '3ae28f26b4b5cf200af4f8df161d780dfd373cdf', 'sha256': 'd4bff142e764bb2b0edf59378da841f8fb46d5e742b577b44214e5be14b96548'}, 'dob': {'date': '1999-09-27T03:56:00.553Z', 'age': 24}, 'registered': {'date': '2011-07-07T05:33:50.168Z', 'age': 12}, 'phone': '936-313-013', 'cell': '645-721-162', 'id': {'name': 'DNI', 'value': '22238622-A'}, 'picture': {'large': 'https://randomuser.me/api/portraits/women/37.jpg', 'medium': 'https://randomuser.me/api/portraits/med/women/37.jpg', 'thumbnail': 'https://randomuser.me/api/portraits/thumb/women/37.jpg'}, 'nat': 'ES'}], 'info': {'seed': '1cf204547eb229e8', 'results': 1, 'page': 1, 'version': '1.4'}}</msg>
<arg>${json_data}</arg>
<doc>Logs the given message with the given level.</doc>
<status status="PASS" start="2024-04-29T14:14:48.864990" elapsed="0.000229"/>
</kw>
<kw name="Should Be Equal As Numbers" owner="BuiltIn">
<arg>${json_data['results'][0]['location']['postcode']}</arg>
<arg>${json_data['results'][0]['location']['postcode']}</arg>
<doc>Fails if objects are unequal after converting them to real numbers.</doc>
<status status="PASS" start="2024-04-29T14:14:48.865515" elapsed="0.000827"/>
</kw>
<kw name="Log" owner="BuiltIn">
<msg time="2024-04-29T14:14:48.866910" level="INFO">16068</msg>
<arg>${json_data['results'][0]['location']['postcode']}</arg>
<doc>Logs the given message with the given level.</doc>
<status status="PASS" start="2024-04-29T14:14:48.866570" elapsed="0.000380"/>
</kw>
<status status="PASS" start="2024-04-29T14:14:48.760681" elapsed="0.106524"/>
</kw>
<doc>Testa se os tipos de dados na resposta da API estão corretos.</doc>
<tag>testeTiposDados</tag>
<status status="PASS" start="2024-04-29T14:14:48.630015" elapsed="0.237359"/>
</test>
<test id="s1-s1-t5" name="Validar conteudo" line="35">
<kw name="Teste de Tipos de Conteudo" owner="random-user-service">
<kw name="GET On Session" owner="RequestsLibrary">
<msg time="2024-04-29T14:14:48.987283" level="INFO">GET Request : url=https://randomuser.me/api 
 path_url=/api 
 headers={'User-Agent': 'python-requests/2.31.0', 'Accept-Encoding': 'gzip, deflate', 'Accept': '*/*', 'Connection': 'keep-alive'} 
 body=None 
 </msg>
<msg time="2024-04-29T14:14:48.987384" level="INFO">GET Response : url=https://randomuser.me/api 
 status=200, reason=OK 
 headers={'Date': 'Mon, 29 Apr 2024 14:14:48 GMT', 'Content-Type': 'application/json; charset=utf-8', 'Transfer-Encoding': 'chunked', 'Connection': 'keep-alive', 'X-Powered-By': 'Express', 'Access-Control-Allow-Origin': '*', 'Cache-Control': 'no-cache', 'ETag': 'W/"48e-29ATPz847b5TdOlFW/DOrvQcSN8"', 'Vary': 'Accept-Encoding', 'Content-Encoding': 'gzip', 'CF-Cache-Status': 'DYNAMIC', 'Report-To': '{"endpoints":[{"url":"https:\\/\\/a.nel.cloudflare.com\\/report\\/v4?s=MgHBYB%2BqTNhNsQW63aB%2FL%2FWBXe3ap%2FvZNQgM44lIK2glxhAnRzcAzinGSm8zZlCWVD68tfsD6%2BCBLyvC6ZYEHcfVrsICRcXkjBoYGdSzrIXvIJUbgD9LtHdnEvafDO07"}],"group":"cf-nel","max_age":604800}', 'NEL': '{"success_fraction":0,"report_to":"cf-nel","max_age":604800}', 'Server': 'cloudflare', 'CF-RAY': '87bfe68b78100fe7-LAX', 'alt-svc': 'h3=":443"; ma=86400'} 
 body={"results":[{"gender":"male","name":{"title":"Mr","first":"Crijn","last":"Kooren"},"location":{"street":{"number":1573,"name":"Heitjesweg"},"city":"Stampersgat","state":"Friesland","country":"Netherlands","postcode":"5666 OI","coordinates":{"latitude":"32.2539","longitude":"-64.0268"},"timezone":{"offset":"-3:00","description":"Brazil, Buenos Aires, Georgetown"}},"email":"crijn.kooren@example.com","login":{"uuid":"2652bc21-19c4-4a54-8610-235e7e4a5750","username":"bigbear260","password":"hardrock","salt":"gKVrNtrb","md5":"ec5e371841b9866c87c98b859ad06d9e","sha1":"8ea7c3b9b6b921f0c6cff28210a7c377264975aa","sha256":"f55c4f983a5888e744d8841b43ba32a36e1aad6857d1955e6fe8d835c937d88c"},"dob":{"date":"1956-07-17T00:54:39.455Z","age":67},"registered":{"date":"2009-03-13T21:07:09.548Z","age":15},"phone":"(048) 2634304","cell":"(06) 79308034","id":{"name":"BSN","value":"81061924"},"picture":{"large":"https://randomuser.me/api/portraits/men/92.jpg","medium":"https://randomuser.me/api/portraits/med/men/92.jpg","thumbnail":"https://randomuser.me/api/portraits/thumb/men/92.jpg"},"nat":"NL"}],"info":{"seed":"50a1ac084e1aa9e2","results":1,"page":1,"version":"1.4"}} 
 </msg>
<msg time="2024-04-29T14:14:48.987456" level="INFO">/opt/hostedtoolcache/Python/3.12.3/x64/lib/python3.12/site-packages/urllib3/connectionpool.py:1103: InsecureRequestWarning: Unverified HTTPS request is being made to host 'randomuser.me'. Adding certificate verification is strongly advised. See: https://urllib3.readthedocs.io/en/latest/advanced-usage.html#tls-warnings
  warnings.warn(</msg>
<msg time="2024-04-29T14:14:48.987591" level="INFO">${response} = &lt;Response [200]&gt;</msg>
<var>${response}</var>
<arg>consultarAPI</arg>
<arg>/api</arg>
<doc>Sends a GET request on a previously created HTTP Session.</doc>
<status status="PASS" start="2024-04-29T14:14:48.869966" elapsed="0.117693"/>
</kw>
<kw name="Set Variable" owner="BuiltIn">
<msg time="2024-04-29T14:14:48.988902" level="INFO">${json_data} = {'results': [{'gender': 'male', 'name': {'title': 'Mr', 'first': 'Crijn', 'last': 'Kooren'}, 'location': {'street': {'number': 1573, 'name': 'Heitjesweg'}, 'city': 'Stampersgat', 'state': 'Friesland',...</msg>
<var>${json_data}</var>
<arg>${response.json()}</arg>
<doc>Returns the given values which can then be assigned to a variables.</doc>
<status status="PASS" start="2024-04-29T14:14:48.988331" elapsed="0.000600"/>
</kw>
<kw name="Set Variable" owner="BuiltIn">
<msg time="2024-04-29T14:14:48.989651" level="INFO">${name_title} = Mr</msg>
<var>${name_title}</var>
<arg>${json_data["results"][0]["name"]["title"]}</arg>
<doc>Returns the given values which can then be assigned to a variables.</doc>
<status status="PASS" start="2024-04-29T14:14:48.989251" elapsed="0.000425"/>
</kw>
<kw name="Create List" owner="BuiltIn">
<msg time="2024-04-29T14:14:48.990128" level="INFO">${allowed_titles} = ['Mr', 'Ms', 'Miss', 'Mrs', 'Madame', 'Monsieur']</msg>
<var>${allowed_titles}</var>
<arg>Mr</arg>
<arg>Ms</arg>
<arg>Miss</arg>
<arg>Mrs</arg>
<arg>Madame</arg>
<arg>Monsieur</arg>
<doc>Returns a list containing given items.</doc>
<status status="PASS" start="2024-04-29T14:14:48.989978" elapsed="0.000175"/>
</kw>
<kw name="List Should Contain Value" owner="Collections">
<msg time="2024-04-29T14:14:48.990633" level="INFO">False</msg>
<arg>${allowed_titles}</arg>
<arg>${name_title}</arg>
<doc>Fails if the ``value`` is not found from ``list``.</doc>
<status status="PASS" start="2024-04-29T14:14:48.990454" elapsed="0.000214"/>
</kw>
<kw name="Set Variable" owner="BuiltIn">
<msg time="2024-04-29T14:14:48.991351" level="INFO">${name_country} = NL</msg>
<var>${name_country}</var>
<arg>${json_data["results"][0]["nat"]}</arg>
<doc>Returns the given values which can then be assigned to a variables.</doc>
<status status="PASS" start="2024-04-29T14:14:48.990966" elapsed="0.000410"/>
</kw>
<kw name="Create List" owner="BuiltIn">
<msg time="2024-04-29T14:14:48.992303" level="INFO">${list_country} = ['AD', 'AE', 'AF', 'AG', 'AI', 'AL', 'AM', 'AO', 'AQ', 'AR', 'AS', 'AT', 'AU', 'AW', 'AX', 'AZ', 'BA', 'BB', 'BD', 'BE', 'BF', 'BG', 'BH', 'BI', 'BJ', 'BL', 'BM', 'BN', 'BO', 'BQ', 'BR', 'BS', 'BT', '...</msg>
<var>${list_country}</var>
<arg>AD</arg>
<arg>AE</arg>
<arg>AF</arg>
<arg>AG</arg>
<arg>AI</arg>
<arg>AL</arg>
<arg>AM</arg>
<arg>AO</arg>
<arg>AQ</arg>
<arg>AR</arg>
<arg>AS</arg>
<arg>AT</arg>
<arg>AU</arg>
<arg>AW</arg>
<arg>AX</arg>
<arg>AZ</arg>
<arg>BA</arg>
<arg>BB</arg>
<arg>BD</arg>
<arg>BE</arg>
<arg>BF</arg>
<arg>BG</arg>
<arg>BH</arg>
<arg>BI</arg>
<arg>BJ</arg>
<arg>BL</arg>
<arg>BM</arg>
<arg>BN</arg>
<arg>BO</arg>
<arg>BQ</arg>
<arg>BR</arg>
<arg>BS</arg>
<arg>BT</arg>
<arg>BV</arg>
<arg>BW</arg>
<arg>BY</arg>
<arg>BZ</arg>
<arg>CA</arg>
<arg>CC</arg>
<arg>CD</arg>
<arg>CF</arg>
<arg>CG</arg>
<arg>CH</arg>
<arg>CI</arg>
<arg>CK</arg>
<arg>CL</arg>
<arg>CM</arg>
<arg>CN</arg>
<arg>CO</arg>
<arg>CR</arg>
<arg>CU</arg>
<arg>CV</arg>
<arg>CW</arg>
<arg>CX</arg>
<arg>CY</arg>
<arg>CZ</arg>
<arg>DE</arg>
<arg>DJ</arg>
<arg>DK</arg>
<arg>DM</arg>
<arg>DO</arg>
<arg>DZ</arg>
<arg>EC</arg>
<arg>EE</arg>
<arg>EG</arg>
<arg>EH</arg>
<arg>ER</arg>
<arg>ES</arg>
<arg>ET</arg>
<arg>FI</arg>
<arg>FJ</arg>
<arg>FK</arg>
<arg>FM</arg>
<arg>FO</arg>
<arg>FR</arg>
<arg>GA</arg>
<arg>GB</arg>
<arg>GD</arg>
<arg>GE</arg>
<arg>GF</arg>
<arg>GG</arg>
<arg>GH</arg>
<arg>GI</arg>
<arg>GL</arg>
<arg>GM</arg>
<arg>GN</arg>
<arg>GP</arg>
<arg>GQ</arg>
<arg>GR</arg>
<arg>GS</arg>
<arg>GT</arg>
<arg>GU</arg>
<arg>GW</arg>
<arg>GY</arg>
<arg>HK</arg>
<arg>HM</arg>
<arg>HN</arg>
<arg>HR</arg>
<arg>HT</arg>
<arg>HU</arg>
<arg>ID</arg>
<arg>IE</arg>
<arg>IL</arg>
<arg>IM</arg>
<arg>IN</arg>
<arg>IO</arg>
<arg>IQ</arg>
<arg>IR</arg>
<arg>IS</arg>
<arg>IT</arg>
<arg>JE</arg>
<arg>JM</arg>
<arg>JO</arg>
<arg>JP</arg>
<arg>KE</arg>
<arg>KG</arg>
<arg>KH</arg>
<arg>KI</arg>
<arg>KM</arg>
<arg>KN</arg>
<arg>KP</arg>
<arg>KR</arg>
<arg>KW</arg>
<arg>KY</arg>
<arg>KZ</arg>
<arg>LA</arg>
<arg>LB</arg>
<arg>LC</arg>
<arg>LI</arg>
<arg>LK</arg>
<arg>LR</arg>
<arg>LS</arg>
<arg>LT</arg>
<arg>LU</arg>
<arg>LV</arg>
<arg>LY</arg>
<arg>MA</arg>
<arg>MC</arg>
<arg>MD</arg>
<arg>ME</arg>
<arg>MF</arg>
<arg>MG</arg>
<arg>MH</arg>
<arg>MK</arg>
<arg>ML</arg>
<arg>MM</arg>
<arg>MN</arg>
<arg>MO</arg>
<arg>MP</arg>
<arg>MQ</arg>
<arg>MR</arg>
<arg>MS</arg>
<arg>MT</arg>
<arg>MU</arg>
<arg>MV</arg>
<arg>MW</arg>
<arg>MX</arg>
<arg>MY</arg>
<arg>MZ</arg>
<arg>NA</arg>
<arg>NC</arg>
<arg>NE</arg>
<arg>NF</arg>
<arg>NG</arg>
<arg>NI</arg>
<arg>NL</arg>
<arg>NO</arg>
<arg>NP</arg>
<arg>NR</arg>
<arg>NU</arg>
<arg>NZ</arg>
<arg>OM</arg>
<arg>PA</arg>
<arg>PE</arg>
<arg>PF</arg>
<arg>PG</arg>
<arg>PH</arg>
<arg>PK</arg>
<arg>PL</arg>
<arg>PM</arg>
<arg>PN</arg>
<arg>PR</arg>
<arg>PS</arg>
<arg>PT</arg>
<arg>PW</arg>
<arg>PY</arg>
<arg>QA</arg>
<arg>RE</arg>
<arg>RO</arg>
<arg>RS</arg>
<arg>RU</arg>
<arg>RW</arg>
<arg>SA</arg>
<arg>SB</arg>
<arg>SC</arg>
<arg>SD</arg>
<arg>SE</arg>
<arg>SG</arg>
<arg>SH</arg>
<arg>SI</arg>
<arg>SJ</arg>
<arg>SK</arg>
<arg>SL</arg>
<arg>SM</arg>
<arg>SN</arg>
<arg>SO</arg>
<arg>SR</arg>
<arg>SS</arg>
<arg>ST</arg>
<arg>SV</arg>
<arg>SX</arg>
<arg>SY</arg>
<arg>SZ</arg>
<arg>TC</arg>
<arg>TD</arg>
<arg>TF</arg>
<arg>TG</arg>
<arg>TH</arg>
<arg>TJ</arg>
<arg>TK</arg>
<arg>TL</arg>
<arg>TM</arg>
<arg>TN</arg>
<arg>TO</arg>
<arg>TR</arg>
<arg>TT</arg>
<arg>TV</arg>
<arg>TW</arg>
<arg>TZ</arg>
<arg>UA</arg>
<arg>UG</arg>
<arg>UM</arg>
<arg>US</arg>
<arg>UY</arg>
<arg>UZ</arg>
<arg>VA</arg>
<arg>VC</arg>
<arg>VE</arg>
<arg>VG</arg>
<arg>VI</arg>
<arg>VN</arg>
<arg>VU</arg>
<arg>WF</arg>
<arg>WS</arg>
<arg>XK</arg>
<arg>YE</arg>
<arg>YT</arg>
<arg>ZA</arg>
<arg>ZM</arg>
<arg>ZW</arg>
<doc>Returns a list containing given items.</doc>
<status status="PASS" start="2024-04-29T14:14:48.991714" elapsed="0.000614"/>
</kw>
<kw name="List Should Contain Value" owner="Collections">
<msg time="2024-04-29T14:14:48.993349" level="INFO">False</msg>
<arg>${list_country}</arg>
<arg>${name_country}</arg>
<doc>Fails if the ``value`` is not found from ``list``.</doc>
<status status="PASS" start="2024-04-29T14:14:48.993132" elapsed="0.000254"/>
</kw>
<kw name="Run Keyword If" owner="BuiltIn">
<kw name="Should Be True" owner="BuiltIn">
<arg>${True}</arg>
<doc>Fails if the given condition is not true.</doc>
<status status="PASS" start="2024-04-29T14:14:48.994477" elapsed="0.000144"/>
</kw>
<arg>${json_data["results"][0]["location"]["coordinates"]["latitude"]} &gt;= -90 and ${json_data["results"][0]["location"]["coordinates"]["latitude"]} &lt;= 90</arg>
<arg>Should Be True</arg>
<arg>${True}</arg>
<doc>Runs the given keyword with the given arguments, if ``condition`` is true.</doc>
<status status="PASS" start="2024-04-29T14:14:48.993710" elapsed="0.001035"/>
</kw>
<kw name="Run Keyword If" owner="BuiltIn">
<kw name="Should Be True" owner="BuiltIn">
<arg>${True}</arg>
<doc>Fails if the given condition is not true.</doc>
<status status="PASS" start="2024-04-29T14:14:48.995659" elapsed="0.000275"/>
</kw>
<arg>${json_data["results"][0]["location"]["coordinates"]["longitude"]} &gt;= -180 and ${json_data["results"][0]["location"]["coordinates"]["longitude"]} &lt;= 180</arg>
<arg>Should Be True</arg>
<arg>${True}</arg>
<doc>Runs the given keyword with the given arguments, if ``condition`` is true.</doc>
<status status="PASS" start="2024-04-29T14:14:48.994929" elapsed="0.001133"/>
</kw>
<status status="PASS" start="2024-04-29T14:14:48.869731" elapsed="0.126466"/>
</kw>
<doc>Testa o conteúdo específico dos campos retornados pela API.</doc>
<tag>testeConteudo</tag>
<status status="PASS" start="2024-04-29T14:14:48.869175" elapsed="0.127178"/>
</test>
<status status="PASS" start="2024-04-29T14:14:48.006707" elapsed="0.991669"/>
</suite>
<status status="PASS" start="2024-04-29T14:14:47.992656" elapsed="1.011537"/>
</suite>
<statistics>
<total>
<stat pass="5" fail="0" skip="0">All Tests</stat>
</total>
<tag>
<stat pass="1" fail="0" skip="0">testeConteudo</stat>
<stat pass="1" fail="0" skip="0">testeEstruturaResposta</stat>
<stat pass="1" fail="0" skip="0">testeRequisicaoBasica</stat>
<stat pass="1" fail="0" skip="0">testeTiposDados</stat>
</tag>
<suite>
<stat pass="5" fail="0" skip="0" id="s1" name="Tests">Tests</stat>
<stat pass="5" fail="0" skip="0" id="s1-s1" name="Random-User-Test">Tests.Random-User-Test</stat>
</suite>
</statistics>
<errors>
</errors>
</robot>
