<?xml version="1.0" encoding="UTF-8"?>
<robot generator="Robot 7.0 (Python 3.12.3 on linux)" generated="2024-05-30T02:29:47.361657" rpa="false" schemaversion="5">
<suite id="s1" name="Tests" source="/home/runner/work/ApiRandomUser/ApiRandomUser/RamdonUser/tests">
<suite id="s1-s1" name="Random-User-Test" source="/home/runner/work/ApiRandomUser/ApiRandomUser/RamdonUser/tests/random-user-test.robot">
<test id="s1-s1-t1" name="Conectar" line="13">
<kw name="Conectar API" owner="random-user-service">
<kw name="Create Session" owner="RequestsLibrary">
<msg time="2024-05-30T02:29:47.806406" level="INFO">Creating Session using : alias=consultarAPI, url=https://randomuser.me/, headers={},                     cookies={}, auth=None, timeout=None, proxies=None, verify=False,                     debug=0 </msg>
<arg>consultarAPI</arg>
<arg>${URL}</arg>
<doc>Create Session: create a HTTP session to a server</doc>
<status status="PASS" start="2024-05-30T02:29:47.806202" elapsed="0.000394"/>
</kw>
<status status="PASS" start="2024-05-30T02:29:47.805120" elapsed="0.001839"/>
</kw>
<status status="PASS" start="2024-05-30T02:29:47.804545" elapsed="0.002606"/>
</test>
<test id="s1-s1-t2" name="Validar retorno 200 e JSON Válido" line="16">
<kw name="Teste de Requisicao Basica" owner="random-user-service">
<kw name="GET On Session" owner="RequestsLibrary">
<msg time="2024-05-30T02:29:48.076445" level="INFO">GET Request : url=https://randomuser.me/api 
 path_url=/api 
 headers={'User-Agent': 'python-requests/2.32.3', 'Accept-Encoding': 'gzip, deflate', 'Accept': '*/*', 'Connection': 'keep-alive'} 
 body=None 
 </msg>
<msg time="2024-05-30T02:29:48.076634" level="INFO">GET Response : url=https://randomuser.me/api 
 status=200, reason=OK 
 headers={'Date': 'Thu, 30 May 2024 02:29:48 GMT', 'Content-Type': 'application/json; charset=utf-8', 'Transfer-Encoding': 'chunked', 'Connection': 'keep-alive', 'X-Powered-By': 'Express', 'Access-Control-Allow-Origin': '*', 'Cache-Control': 'no-cache', 'ETag': 'W/"470-jZXUco5wsU0FMNUQpPa92kdS75Y"', 'Vary': 'Accept-Encoding', 'Content-Encoding': 'gzip', 'CF-Cache-Status': 'DYNAMIC', 'Report-To': '{"endpoints":[{"url":"https:\\/\\/a.nel.cloudflare.com\\/report\\/v4?s=5JL%2BloXc%2FtywBVH%2Bh5XaStEqxdVcbeYcT7DJ6mCv4T9D8kclZcEgHTt9zytbSRz%2FIPmDjYeXyPnQ8EaLAF%2BmO6L01lODymhN8YlFiQExMGK9f9saia2619MFpUobuW1u"}],"group":"cf-nel","max_age":604800}', 'NEL': '{"success_fraction":0,"report_to":"cf-nel","max_age":604800}', 'Server': 'cloudflare', 'CF-RAY': '88bb4c6eea2316f9-SJC', 'alt-svc': 'h3=":443"; ma=86400'} 
 body={"results":[{"gender":"female","name":{"title":"Ms","first":"درسا","last":"احمدی"},"location":{"street":{"number":4442,"name":"دستغیب"},"city":"تهران","state":"مازندران","country":"Iran","postcode":24946,"coordinates":{"latitude":"18.0256","longitude":"70.5073"},"timezone":{"offset":"+4:30","description":"Kabul"}},"email":"drs.hmdy@example.com","login":{"uuid":"50ba7459-2a3f-4840-a2a4-a47cc8a9e404","username":"crazyostrich343","password":"paul","salt":"Pn0Iqaii","md5":"53143c6ef12e2c6ab81c8b0c05ba5051","sha1":"ac6342fb78786004b86619b4fdebb5933bf8068f","sha256":"d0a057ca389078631c636ee328362da3ccf422117f63ea527aaa33c7ff6d1424"},"dob":{"date":"1971-11-18T09:59:43.047Z","age":52},"registered":{"date":"2017-10-12T05:03:34.666Z","age":6},"phone":"056-68203389","cell":"0913-292-9211","id":{"name":"","value":null},"picture":{"large":"https://randomuser.me/api/portraits/women/77.jpg","medium":"https://randomuser.me/api/portraits/med/women/77.jpg","thumbnail":"https://randomuser.me/api/portraits/thumb/women/77.jpg"},"nat":"IR"}],"info":{"seed":"c4c72f75522e6735","results":1,"page":1,"version":"1.4"}} 
 </msg>
<msg time="2024-05-30T02:29:48.076736" level="INFO">/opt/hostedtoolcache/Python/3.12.3/x64/lib/python3.12/site-packages/urllib3/connectionpool.py:1103: InsecureRequestWarning: Unverified HTTPS request is being made to host 'randomuser.me'. Adding certificate verification is strongly advised. See: https://urllib3.readthedocs.io/en/latest/advanced-usage.html#tls-warnings
  warnings.warn(</msg>
<msg time="2024-05-30T02:29:48.076890" level="INFO">${response} = &lt;Response [200]&gt;</msg>
<var>${response}</var>
<arg>consultarAPI</arg>
<arg>/api</arg>
<doc>Sends a GET request on a previously created HTTP Session.</doc>
<status status="PASS" start="2024-05-30T02:29:47.809775" elapsed="0.267160"/>
</kw>
<kw name="Should Be Equal As Numbers" owner="BuiltIn">
<msg time="2024-05-30T02:29:48.078331" level="INFO">Argument types are:
&lt;class 'int'&gt;
&lt;class 'str'&gt;</msg>
<arg>${response.status_code}</arg>
<arg>200</arg>
<doc>Fails if objects are unequal after converting them to real numbers.</doc>
<status status="PASS" start="2024-05-30T02:29:48.077688" elapsed="0.000717"/>
</kw>
<kw name="Log" owner="BuiltIn">
<msg time="2024-05-30T02:29:48.079148" level="INFO">200</msg>
<arg>${response.status_code}</arg>
<doc>Logs the given message with the given level.</doc>
<status status="PASS" start="2024-05-30T02:29:48.078773" elapsed="0.000434"/>
</kw>
<kw name="Set Variable" owner="BuiltIn">
<msg time="2024-05-30T02:29:48.080011" level="INFO">${json_data} = {'results': [{'gender': 'female', 'name': {'title': 'Ms', 'first': 'درسا', 'last': 'احمدی'}, 'location': {'street': {'number': 4442, 'name': 'دستغیب'}, 'city': 'تهران', 'state': 'مازندران', 'country':...</msg>
<var>${json_data}</var>
<arg>${response.json()}</arg>
<doc>Returns the given values which can then be assigned to a variables.</doc>
<status status="PASS" start="2024-05-30T02:29:48.079543" elapsed="0.000501"/>
</kw>
<kw name="Dictionary Should Contain Key" owner="Collections">
<msg time="2024-05-30T02:29:48.080543" level="INFO">False</msg>
<arg>${json_data}</arg>
<arg>results</arg>
<doc>Fails if ``key`` is not found from ``dictionary``.</doc>
<status status="PASS" start="2024-05-30T02:29:48.080362" elapsed="0.000249"/>
</kw>
<status status="PASS" start="2024-05-30T02:29:47.809530" elapsed="0.271364"/>
</kw>
<doc>Testa se a API responde corretamente e retorna um objeto JSON válido.</doc>
<tag>testeRequisicaoBasica</tag>
<status status="PASS" start="2024-05-30T02:29:47.809068" elapsed="0.272018"/>
</test>
<test id="s1-s1-t3" name="Validar estrutura de resposta" line="22">
<kw name="Teste de Estrutura de Resposta" owner="random-user-service">
<kw name="GET On Session" owner="RequestsLibrary">
<msg time="2024-05-30T02:29:48.179100" level="INFO">GET Request : url=https://randomuser.me/api 
 path_url=/api 
 headers={'User-Agent': 'python-requests/2.32.3', 'Accept-Encoding': 'gzip, deflate', 'Accept': '*/*', 'Connection': 'keep-alive'} 
 body=None 
 </msg>
<msg time="2024-05-30T02:29:48.179211" level="INFO">GET Response : url=https://randomuser.me/api 
 status=200, reason=OK 
 headers={'Date': 'Thu, 30 May 2024 02:29:48 GMT', 'Content-Type': 'application/json; charset=utf-8', 'Transfer-Encoding': 'chunked', 'Connection': 'keep-alive', 'X-Powered-By': 'Express', 'Access-Control-Allow-Origin': '*', 'Cache-Control': 'no-cache', 'ETag': 'W/"470-1Y5GuESIMWcjIl/lVavD6VzSBHU"', 'Vary': 'Accept-Encoding', 'Content-Encoding': 'gzip', 'CF-Cache-Status': 'DYNAMIC', 'Report-To': '{"endpoints":[{"url":"https:\\/\\/a.nel.cloudflare.com\\/report\\/v4?s=Eo31do8SsLea83KfxQPw5v%2FlpK%2B5Wr%2BmChL%2FpjRwS0DDB5H5VRvrGKIPggJmzLURI8WRqdkL1fZ3N76GaZLJmoI2vYmf4To2d2hjfypc4ifHd6AydxC6AF4NpemlU9z1"}],"group":"cf-nel","max_age":604800}', 'NEL': '{"success_fraction":0,"report_to":"cf-nel","max_age":604800}', 'Server': 'cloudflare', 'CF-RAY': '88bb4c6f8ae316f9-SJC', 'alt-svc': 'h3=":443"; ma=86400'} 
 body={"results":[{"gender":"male","name":{"title":"Mr","first":"نيما","last":"موسوی"},"location":{"street":{"number":993,"name":"ایران"},"city":"ساوه","state":"هرمزگان","country":"Iran","postcode":96125,"coordinates":{"latitude":"17.1313","longitude":"-33.7979"},"timezone":{"offset":"+9:30","description":"Adelaide, Darwin"}},"email":"nym.mwswy@example.com","login":{"uuid":"eae128af-2d7d-4732-9a57-8e2573281587","username":"greenladybug574","password":"oasis","salt":"jZBZCniL","md5":"783254badfa6b206815763bf506a1785","sha1":"0a18d43b2cd67201bab6686a75650a57f913317c","sha256":"9f3bbe07c0574e7917d6ba19c6b5285f3d3dddfaeebd341c6f6968591c7a4305"},"dob":{"date":"1995-11-26T00:44:52.426Z","age":28},"registered":{"date":"2004-12-06T17:31:18.826Z","age":19},"phone":"042-15035413","cell":"0921-768-5500","id":{"name":"","value":null},"picture":{"large":"https://randomuser.me/api/portraits/men/31.jpg","medium":"https://randomuser.me/api/portraits/med/men/31.jpg","thumbnail":"https://randomuser.me/api/portraits/thumb/men/31.jpg"},"nat":"IR"}],"info":{"seed":"b2b539d52b3a7dca","results":1,"page":1,"version":"1.4"}} 
 </msg>
<msg time="2024-05-30T02:29:48.179374" level="INFO">/opt/hostedtoolcache/Python/3.12.3/x64/lib/python3.12/site-packages/urllib3/connectionpool.py:1103: InsecureRequestWarning: Unverified HTTPS request is being made to host 'randomuser.me'. Adding certificate verification is strongly advised. See: https://urllib3.readthedocs.io/en/latest/advanced-usage.html#tls-warnings
  warnings.warn(</msg>
<msg time="2024-05-30T02:29:48.179527" level="INFO">${response} = &lt;Response [200]&gt;</msg>
<var>${response}</var>
<arg>consultarAPI</arg>
<arg>/api</arg>
<doc>Sends a GET request on a previously created HTTP Session.</doc>
<status status="PASS" start="2024-05-30T02:29:48.084324" elapsed="0.095250"/>
</kw>
<kw name="Set Variable" owner="BuiltIn">
<msg time="2024-05-30T02:29:48.180841" level="INFO">${json_data} = {'results': [{'gender': 'male', 'name': {'title': 'Mr', 'first': 'نيما', 'last': 'موسوی'}, 'location': {'street': {'number': 993, 'name': 'ایران'}, 'city': 'ساوه', 'state': 'هرمزگان', 'country': 'Iran...</msg>
<var>${json_data}</var>
<arg>${response.json()}</arg>
<doc>Returns the given values which can then be assigned to a variables.</doc>
<status status="PASS" start="2024-05-30T02:29:48.180194" elapsed="0.000679"/>
</kw>
<kw name="Log" owner="BuiltIn">
<msg time="2024-05-30T02:29:48.181366" level="INFO">{'results': [{'gender': 'male', 'name': {'title': 'Mr', 'first': 'نيما', 'last': 'موسوی'}, 'location': {'street': {'number': 993, 'name': 'ایران'}, 'city': 'ساوه', 'state': 'هرمزگان', 'country': 'Iran', 'postcode': 96125, 'coordinates': {'latitude': '17.1313', 'longitude': '-33.7979'}, 'timezone': {'offset': '+9:30', 'description': 'Adelaide, Darwin'}}, 'email': 'nym.mwswy@example.com', 'login': {'uuid': 'eae128af-2d7d-4732-9a57-8e2573281587', 'username': 'greenladybug574', 'password': 'oasis', 'salt': 'jZBZCniL', 'md5': '783254badfa6b206815763bf506a1785', 'sha1': '0a18d43b2cd67201bab6686a75650a57f913317c', 'sha256': '9f3bbe07c0574e7917d6ba19c6b5285f3d3dddfaeebd341c6f6968591c7a4305'}, 'dob': {'date': '1995-11-26T00:44:52.426Z', 'age': 28}, 'registered': {'date': '2004-12-06T17:31:18.826Z', 'age': 19}, 'phone': '042-15035413', 'cell': '0921-768-5500', 'id': {'name': '', 'value': None}, 'picture': {'large': 'https://randomuser.me/api/portraits/men/31.jpg', 'medium': 'https://randomuser.me/api/portraits/med/men/31.jpg', 'thumbnail': 'https://randomuser.me/api/portraits/thumb/men/31.jpg'}, 'nat': 'IR'}], 'info': {'seed': 'b2b539d52b3a7dca', 'results': 1, 'page': 1, 'version': '1.4'}}</msg>
<arg>${json_data}</arg>
<doc>Logs the given message with the given level.</doc>
<status status="PASS" start="2024-05-30T02:29:48.181194" elapsed="0.000224"/>
</kw>
<kw name="Dictionary Should Contain Key" owner="Collections">
<msg time="2024-05-30T02:29:48.181880" level="INFO">False</msg>
<arg>${json_data}</arg>
<arg>results</arg>
<doc>Fails if ``key`` is not found from ``dictionary``.</doc>
<status status="PASS" start="2024-05-30T02:29:48.181722" elapsed="0.000196"/>
</kw>
<kw name="Should Not Be Empty" owner="BuiltIn">
<msg time="2024-05-30T02:29:48.182354" level="INFO">Length is 2.</msg>
<arg>${json_data}</arg>
<doc>Verifies that the given item is not empty.</doc>
<status status="PASS" start="2024-05-30T02:29:48.182218" elapsed="0.000176"/>
</kw>
<kw name="Create List" owner="BuiltIn">
<msg time="2024-05-30T02:29:48.182849" level="INFO">${expected_keys} = ['gender', 'name', 'location', 'email', 'login']</msg>
<var>${expected_keys}</var>
<arg>gender</arg>
<arg>name</arg>
<arg>location</arg>
<arg>email</arg>
<arg>login</arg>
<doc>Returns a list containing given items.</doc>
<status status="PASS" start="2024-05-30T02:29:48.182698" elapsed="0.000175"/>
</kw>
<for flavor="IN">
<iter>
<kw name="Dictionary Should Contain Key" owner="Collections">
<msg time="2024-05-30T02:29:48.183880" level="INFO">False</msg>
<arg>${json_data['results'][0]}</arg>
<arg>${key}</arg>
<doc>Fails if ``key`` is not found from ``dictionary``.</doc>
<status status="PASS" start="2024-05-30T02:29:48.183466" elapsed="0.000454"/>
</kw>
<kw name="Log" owner="BuiltIn">
<msg time="2024-05-30T02:29:48.184632" level="INFO">{'gender': 'male', 'name': {'title': 'Mr', 'first': 'نيما', 'last': 'موسوی'}, 'location': {'street': {'number': 993, 'name': 'ایران'}, 'city': 'ساوه', 'state': 'هرمزگان', 'country': 'Iran', 'postcode': 96125, 'coordinates': {'latitude': '17.1313', 'longitude': '-33.7979'}, 'timezone': {'offset': '+9:30', 'description': 'Adelaide, Darwin'}}, 'email': 'nym.mwswy@example.com', 'login': {'uuid': 'eae128af-2d7d-4732-9a57-8e2573281587', 'username': 'greenladybug574', 'password': 'oasis', 'salt': 'jZBZCniL', 'md5': '783254badfa6b206815763bf506a1785', 'sha1': '0a18d43b2cd67201bab6686a75650a57f913317c', 'sha256': '9f3bbe07c0574e7917d6ba19c6b5285f3d3dddfaeebd341c6f6968591c7a4305'}, 'dob': {'date': '1995-11-26T00:44:52.426Z', 'age': 28}, 'registered': {'date': '2004-12-06T17:31:18.826Z', 'age': 19}, 'phone': '042-15035413', 'cell': '0921-768-5500', 'id': {'name': '', 'value': None}, 'picture': {'large': 'https://randomuser.me/api/portraits/men/31.jpg', 'medium': 'https://randomuser.me/api/portraits/med/men/31.jpg', 'thumbnail': 'https://randomuser.me/api/portraits/thumb/men/31.jpg'}, 'nat': 'IR'}</msg>
<arg>${json_data['results'][0]}</arg>
<doc>Logs the given message with the given level.</doc>
<status status="PASS" start="2024-05-30T02:29:48.184229" elapsed="0.000457"/>
</kw>
<kw name="Log" owner="BuiltIn">
<msg time="2024-05-30T02:29:48.185125" level="INFO">gender</msg>
<arg>${key}</arg>
<doc>Logs the given message with the given level.</doc>
<status status="PASS" start="2024-05-30T02:29:48.184995" elapsed="0.000168"/>
</kw>
<var name="${key}">gender</var>
<status status="PASS" start="2024-05-30T02:29:48.183334" elapsed="0.002045"/>
</iter>
<iter>
<kw name="Dictionary Should Contain Key" owner="Collections">
<msg time="2024-05-30T02:29:48.186064" level="INFO">False</msg>
<arg>${json_data['results'][0]}</arg>
<arg>${key}</arg>
<doc>Fails if ``key`` is not found from ``dictionary``.</doc>
<status status="PASS" start="2024-05-30T02:29:48.185682" elapsed="0.000419"/>
</kw>
<kw name="Log" owner="BuiltIn">
<msg time="2024-05-30T02:29:48.186796" level="INFO">{'gender': 'male', 'name': {'title': 'Mr', 'first': 'نيما', 'last': 'موسوی'}, 'location': {'street': {'number': 993, 'name': 'ایران'}, 'city': 'ساوه', 'state': 'هرمزگان', 'country': 'Iran', 'postcode': 96125, 'coordinates': {'latitude': '17.1313', 'longitude': '-33.7979'}, 'timezone': {'offset': '+9:30', 'description': 'Adelaide, Darwin'}}, 'email': 'nym.mwswy@example.com', 'login': {'uuid': 'eae128af-2d7d-4732-9a57-8e2573281587', 'username': 'greenladybug574', 'password': 'oasis', 'salt': 'jZBZCniL', 'md5': '783254badfa6b206815763bf506a1785', 'sha1': '0a18d43b2cd67201bab6686a75650a57f913317c', 'sha256': '9f3bbe07c0574e7917d6ba19c6b5285f3d3dddfaeebd341c6f6968591c7a4305'}, 'dob': {'date': '1995-11-26T00:44:52.426Z', 'age': 28}, 'registered': {'date': '2004-12-06T17:31:18.826Z', 'age': 19}, 'phone': '042-15035413', 'cell': '0921-768-5500', 'id': {'name': '', 'value': None}, 'picture': {'large': 'https://randomuser.me/api/portraits/men/31.jpg', 'medium': 'https://randomuser.me/api/portraits/med/men/31.jpg', 'thumbnail': 'https://randomuser.me/api/portraits/thumb/men/31.jpg'}, 'nat': 'IR'}</msg>
<arg>${json_data['results'][0]}</arg>
<doc>Logs the given message with the given level.</doc>
<status status="PASS" start="2024-05-30T02:29:48.186427" elapsed="0.000422"/>
</kw>
<kw name="Log" owner="BuiltIn">
<msg time="2024-05-30T02:29:48.187277" level="INFO">name</msg>
<arg>${key}</arg>
<doc>Logs the given message with the given level.</doc>
<status status="PASS" start="2024-05-30T02:29:48.187149" elapsed="0.000166"/>
</kw>
<var name="${key}">name</var>
<status status="PASS" start="2024-05-30T02:29:48.185568" elapsed="0.001971"/>
</iter>
<iter>
<kw name="Dictionary Should Contain Key" owner="Collections">
<msg time="2024-05-30T02:29:48.188217" level="INFO">False</msg>
<arg>${json_data['results'][0]}</arg>
<arg>${key}</arg>
<doc>Fails if ``key`` is not found from ``dictionary``.</doc>
<status status="PASS" start="2024-05-30T02:29:48.187833" elapsed="0.000422"/>
</kw>
<kw name="Log" owner="BuiltIn">
<msg time="2024-05-30T02:29:48.188954" level="INFO">{'gender': 'male', 'name': {'title': 'Mr', 'first': 'نيما', 'last': 'موسوی'}, 'location': {'street': {'number': 993, 'name': 'ایران'}, 'city': 'ساوه', 'state': 'هرمزگان', 'country': 'Iran', 'postcode': 96125, 'coordinates': {'latitude': '17.1313', 'longitude': '-33.7979'}, 'timezone': {'offset': '+9:30', 'description': 'Adelaide, Darwin'}}, 'email': 'nym.mwswy@example.com', 'login': {'uuid': 'eae128af-2d7d-4732-9a57-8e2573281587', 'username': 'greenladybug574', 'password': 'oasis', 'salt': 'jZBZCniL', 'md5': '783254badfa6b206815763bf506a1785', 'sha1': '0a18d43b2cd67201bab6686a75650a57f913317c', 'sha256': '9f3bbe07c0574e7917d6ba19c6b5285f3d3dddfaeebd341c6f6968591c7a4305'}, 'dob': {'date': '1995-11-26T00:44:52.426Z', 'age': 28}, 'registered': {'date': '2004-12-06T17:31:18.826Z', 'age': 19}, 'phone': '042-15035413', 'cell': '0921-768-5500', 'id': {'name': '', 'value': None}, 'picture': {'large': 'https://randomuser.me/api/portraits/men/31.jpg', 'medium': 'https://randomuser.me/api/portraits/med/men/31.jpg', 'thumbnail': 'https://randomuser.me/api/portraits/thumb/men/31.jpg'}, 'nat': 'IR'}</msg>
<arg>${json_data['results'][0]}</arg>
<doc>Logs the given message with the given level.</doc>
<status status="PASS" start="2024-05-30T02:29:48.188550" elapsed="0.000465"/>
</kw>
<kw name="Log" owner="BuiltIn">
<msg time="2024-05-30T02:29:48.189446" level="INFO">location</msg>
<arg>${key}</arg>
<doc>Logs the given message with the given level.</doc>
<status status="PASS" start="2024-05-30T02:29:48.189318" elapsed="0.000172"/>
</kw>
<var name="${key}">location</var>
<status status="PASS" start="2024-05-30T02:29:48.187718" elapsed="0.001996"/>
</iter>
<iter>
<kw name="Dictionary Should Contain Key" owner="Collections">
<msg time="2024-05-30T02:29:48.190389" level="INFO">False</msg>
<arg>${json_data['results'][0]}</arg>
<arg>${key}</arg>
<doc>Fails if ``key`` is not found from ``dictionary``.</doc>
<status status="PASS" start="2024-05-30T02:29:48.190002" elapsed="0.000431"/>
</kw>
<kw name="Log" owner="BuiltIn">
<msg time="2024-05-30T02:29:48.191099" level="INFO">{'gender': 'male', 'name': {'title': 'Mr', 'first': 'نيما', 'last': 'موسوی'}, 'location': {'street': {'number': 993, 'name': 'ایران'}, 'city': 'ساوه', 'state': 'هرمزگان', 'country': 'Iran', 'postcode': 96125, 'coordinates': {'latitude': '17.1313', 'longitude': '-33.7979'}, 'timezone': {'offset': '+9:30', 'description': 'Adelaide, Darwin'}}, 'email': 'nym.mwswy@example.com', 'login': {'uuid': 'eae128af-2d7d-4732-9a57-8e2573281587', 'username': 'greenladybug574', 'password': 'oasis', 'salt': 'jZBZCniL', 'md5': '783254badfa6b206815763bf506a1785', 'sha1': '0a18d43b2cd67201bab6686a75650a57f913317c', 'sha256': '9f3bbe07c0574e7917d6ba19c6b5285f3d3dddfaeebd341c6f6968591c7a4305'}, 'dob': {'date': '1995-11-26T00:44:52.426Z', 'age': 28}, 'registered': {'date': '2004-12-06T17:31:18.826Z', 'age': 19}, 'phone': '042-15035413', 'cell': '0921-768-5500', 'id': {'name': '', 'value': None}, 'picture': {'large': 'https://randomuser.me/api/portraits/men/31.jpg', 'medium': 'https://randomuser.me/api/portraits/med/men/31.jpg', 'thumbnail': 'https://randomuser.me/api/portraits/thumb/men/31.jpg'}, 'nat': 'IR'}</msg>
<arg>${json_data['results'][0]}</arg>
<doc>Logs the given message with the given level.</doc>
<status status="PASS" start="2024-05-30T02:29:48.190732" elapsed="0.000419"/>
</kw>
<kw name="Log" owner="BuiltIn">
<msg time="2024-05-30T02:29:48.191576" level="INFO">email</msg>
<arg>${key}</arg>
<doc>Logs the given message with the given level.</doc>
<status status="PASS" start="2024-05-30T02:29:48.191447" elapsed="0.000167"/>
</kw>
<var name="${key}">email</var>
<status status="PASS" start="2024-05-30T02:29:48.189890" elapsed="0.001937"/>
</iter>
<iter>
<kw name="Dictionary Should Contain Key" owner="Collections">
<msg time="2024-05-30T02:29:48.192497" level="INFO">False</msg>
<arg>${json_data['results'][0]}</arg>
<arg>${key}</arg>
<doc>Fails if ``key`` is not found from ``dictionary``.</doc>
<status status="PASS" start="2024-05-30T02:29:48.192113" elapsed="0.000422"/>
</kw>
<kw name="Log" owner="BuiltIn">
<msg time="2024-05-30T02:29:48.193227" level="INFO">{'gender': 'male', 'name': {'title': 'Mr', 'first': 'نيما', 'last': 'موسوی'}, 'location': {'street': {'number': 993, 'name': 'ایران'}, 'city': 'ساوه', 'state': 'هرمزگان', 'country': 'Iran', 'postcode': 96125, 'coordinates': {'latitude': '17.1313', 'longitude': '-33.7979'}, 'timezone': {'offset': '+9:30', 'description': 'Adelaide, Darwin'}}, 'email': 'nym.mwswy@example.com', 'login': {'uuid': 'eae128af-2d7d-4732-9a57-8e2573281587', 'username': 'greenladybug574', 'password': 'oasis', 'salt': 'jZBZCniL', 'md5': '783254badfa6b206815763bf506a1785', 'sha1': '0a18d43b2cd67201bab6686a75650a57f913317c', 'sha256': '9f3bbe07c0574e7917d6ba19c6b5285f3d3dddfaeebd341c6f6968591c7a4305'}, 'dob': {'date': '1995-11-26T00:44:52.426Z', 'age': 28}, 'registered': {'date': '2004-12-06T17:31:18.826Z', 'age': 19}, 'phone': '042-15035413', 'cell': '0921-768-5500', 'id': {'name': '', 'value': None}, 'picture': {'large': 'https://randomuser.me/api/portraits/men/31.jpg', 'medium': 'https://randomuser.me/api/portraits/med/men/31.jpg', 'thumbnail': 'https://randomuser.me/api/portraits/thumb/men/31.jpg'}, 'nat': 'IR'}</msg>
<arg>${json_data['results'][0]}</arg>
<doc>Logs the given message with the given level.</doc>
<status status="PASS" start="2024-05-30T02:29:48.192863" elapsed="0.000416"/>
</kw>
<kw name="Log" owner="BuiltIn">
<msg time="2024-05-30T02:29:48.193712" level="INFO">login</msg>
<arg>${key}</arg>
<doc>Logs the given message with the given level.</doc>
<status status="PASS" start="2024-05-30T02:29:48.193581" elapsed="0.000171"/>
</kw>
<var name="${key}">login</var>
<status status="PASS" start="2024-05-30T02:29:48.192001" elapsed="0.001978"/>
</iter>
<var>${key}</var>
<value>@{expected_keys}</value>
<status status="PASS" start="2024-05-30T02:29:48.183139" elapsed="0.010962"/>
</for>
<kw name="Create List" owner="BuiltIn">
<msg time="2024-05-30T02:29:48.194474" level="INFO">${expected_keysTwo} = ['username', 'password']</msg>
<var>${expected_keysTwo}</var>
<arg>username</arg>
<arg>password</arg>
<doc>Returns a list containing given items.</doc>
<status status="PASS" start="2024-05-30T02:29:48.194332" elapsed="0.000166"/>
</kw>
<for flavor="IN">
<iter>
<kw name="Dictionary Should Contain Key" owner="Collections">
<msg time="2024-05-30T02:29:48.195488" level="INFO">False</msg>
<arg>${json_data['results'][0]['login']}</arg>
<arg>${keyTwo}</arg>
<doc>Fails if ``key`` is not found from ``dictionary``.</doc>
<status status="PASS" start="2024-05-30T02:29:48.195000" elapsed="0.000526"/>
</kw>
<kw name="Dictionary Should Contain Key" owner="Collections">
<msg time="2024-05-30T02:29:48.196217" level="INFO">False</msg>
<arg>${json_data['results'][0]['login']}</arg>
<arg>${keyTwo}</arg>
<doc>Fails if ``key`` is not found from ``dictionary``.</doc>
<status status="PASS" start="2024-05-30T02:29:48.195825" elapsed="0.000430"/>
</kw>
<kw name="Log" owner="BuiltIn">
<msg time="2024-05-30T02:29:48.196713" level="INFO">username</msg>
<arg>${keyTwo}</arg>
<doc>Logs the given message with the given level.</doc>
<status status="PASS" start="2024-05-30T02:29:48.196551" elapsed="0.000201"/>
</kw>
<var name="${keyTwo}">username</var>
<status status="PASS" start="2024-05-30T02:29:48.194890" elapsed="0.002081"/>
</iter>
<iter>
<kw name="Dictionary Should Contain Key" owner="Collections">
<msg time="2024-05-30T02:29:48.197634" level="INFO">False</msg>
<arg>${json_data['results'][0]['login']}</arg>
<arg>${keyTwo}</arg>
<doc>Fails if ``key`` is not found from ``dictionary``.</doc>
<status status="PASS" start="2024-05-30T02:29:48.197259" elapsed="0.000412"/>
</kw>
<kw name="Dictionary Should Contain Key" owner="Collections">
<msg time="2024-05-30T02:29:48.198351" level="INFO">False</msg>
<arg>${json_data['results'][0]['login']}</arg>
<arg>${keyTwo}</arg>
<doc>Fails if ``key`` is not found from ``dictionary``.</doc>
<status status="PASS" start="2024-05-30T02:29:48.197974" elapsed="0.000414"/>
</kw>
<kw name="Log" owner="BuiltIn">
<msg time="2024-05-30T02:29:48.198836" level="INFO">password</msg>
<arg>${keyTwo}</arg>
<doc>Logs the given message with the given level.</doc>
<status status="PASS" start="2024-05-30T02:29:48.198707" elapsed="0.000166"/>
</kw>
<var name="${keyTwo}">password</var>
<status status="PASS" start="2024-05-30T02:29:48.197146" elapsed="0.001941"/>
</iter>
<var>${keyTwo}</var>
<value>@{expected_keysTwo}</value>
<status status="PASS" start="2024-05-30T02:29:48.194737" elapsed="0.004473"/>
</for>
<status status="PASS" start="2024-05-30T02:29:48.083753" elapsed="0.115603"/>
</kw>
<doc>Testa a estrutura da resposta da API.</doc>
<tag>testeEstruturaResposta</tag>
<status status="PASS" start="2024-05-30T02:29:48.082949" elapsed="0.116568"/>
</test>
<test id="s1-s1-t4" name="Validar tipos de dados" line="28">
<kw name="Teste de Tipos de Dados" owner="random-user-service">
<kw name="GET On Session" owner="RequestsLibrary">
<msg time="2024-05-30T02:29:48.286880" level="INFO">GET Request : url=https://randomuser.me/api 
 path_url=/api 
 headers={'User-Agent': 'python-requests/2.32.3', 'Accept-Encoding': 'gzip, deflate', 'Accept': '*/*', 'Connection': 'keep-alive'} 
 body=None 
 </msg>
<msg time="2024-05-30T02:29:48.286944" level="INFO">GET Response : url=https://randomuser.me/api 
 status=200, reason=OK 
 headers={'Date': 'Thu, 30 May 2024 02:29:48 GMT', 'Content-Type': 'application/json; charset=utf-8', 'Transfer-Encoding': 'chunked', 'Connection': 'keep-alive', 'X-Powered-By': 'Express', 'Access-Control-Allow-Origin': '*', 'Cache-Control': 'no-cache', 'ETag': 'W/"4a2-of6lgLWcIhLd962zYV0dPuarrKI"', 'Vary': 'Accept-Encoding', 'Content-Encoding': 'gzip', 'CF-Cache-Status': 'DYNAMIC', 'Report-To': '{"endpoints":[{"url":"https:\\/\\/a.nel.cloudflare.com\\/report\\/v4?s=N3dt8cebcOmDA5OOSjIBVsAfkiuEIpVH3kG7L4lDW%2BrUxNwyOwIsBlEMnFT3L2Rsu34NcSs%2BoqwWaVZ1zUo6%2F06Kn4W43%2FbhN1iJbHzY1v9PbWAGMWP1RLczAzxd%2B382"}],"group":"cf-nel","max_age":604800}', 'NEL': '{"success_fraction":0,"report_to":"cf-nel","max_age":604800}', 'Server': 'cloudflare', 'CF-RAY': '88bb4c704bb316f9-SJC', 'alt-svc': 'h3=":443"; ma=86400'} 
 body={"results":[{"gender":"female","name":{"title":"Mrs","first":"Sara","last":"Jiménez"},"location":{"street":{"number":5623,"name":"Calle del Prado"},"city":"Santa Cruz de Tenerife","state":"Navarra","country":"Spain","postcode":90350,"coordinates":{"latitude":"-37.3065","longitude":"125.6879"},"timezone":{"offset":"-4:00","description":"Atlantic Time (Canada), Caracas, La Paz"}},"email":"sara.jimenez@example.com","login":{"uuid":"d7548dcd-ec75-4d5f-bbb5-006de46625b0","username":"goldenbird102","password":"qwe123","salt":"YCw1v7mR","md5":"ca94444fb69ab3b8481969e1a8c23725","sha1":"6795f3921c40ce3b5fb2f7309f3e3bc1a713986a","sha256":"983172db0ca1b6716db05cb259e9d6efe82504a364f190106cba98803b8bbd46"},"dob":{"date":"1967-01-18T13:02:24.755Z","age":57},"registered":{"date":"2019-08-18T14:53:37.934Z","age":4},"phone":"924-413-700","cell":"631-881-076","id":{"name":"DNI","value":"20764938-Y"},"picture":{"large":"https://randomuser.me/api/portraits/women/85.jpg","medium":"https://randomuser.me/api/portraits/med/women/85.jpg","thumbnail":"https://randomuser.me/api/portraits/thumb/women/85.jpg"},"nat":"ES"}],"info":{"seed":"f8b53633976263d9","results":1,"page":1,"version":"1.4"}} 
 </msg>
<msg time="2024-05-30T02:29:48.287005" level="INFO">/opt/hostedtoolcache/Python/3.12.3/x64/lib/python3.12/site-packages/urllib3/connectionpool.py:1103: InsecureRequestWarning: Unverified HTTPS request is being made to host 'randomuser.me'. Adding certificate verification is strongly advised. See: https://urllib3.readthedocs.io/en/latest/advanced-usage.html#tls-warnings
  warnings.warn(</msg>
<msg time="2024-05-30T02:29:48.287092" level="INFO">${response} = &lt;Response [200]&gt;</msg>
<var>${response}</var>
<arg>consultarAPI</arg>
<arg>/api</arg>
<doc>Sends a GET request on a previously created HTTP Session.</doc>
<status status="PASS" start="2024-05-30T02:29:48.202145" elapsed="0.084988"/>
</kw>
<kw name="Set Variable" owner="BuiltIn">
<msg time="2024-05-30T02:29:48.288203" level="INFO">${json_data} = {'results': [{'gender': 'female', 'name': {'title': 'Mrs', 'first': 'Sara', 'last': 'Jiménez'}, 'location': {'street': {'number': 5623, 'name': 'Calle del Prado'}, 'city': 'Santa Cruz de Tenerife', 's...</msg>
<var>${json_data}</var>
<arg>${response.json()}</arg>
<doc>Returns the given values which can then be assigned to a variables.</doc>
<status status="PASS" start="2024-05-30T02:29:48.287615" elapsed="0.000617"/>
</kw>
<kw name="Log" owner="BuiltIn">
<msg time="2024-05-30T02:29:48.288752" level="INFO">{'results': [{'gender': 'female', 'name': {'title': 'Mrs', 'first': 'Sara', 'last': 'Jiménez'}, 'location': {'street': {'number': 5623, 'name': 'Calle del Prado'}, 'city': 'Santa Cruz de Tenerife', 'state': 'Navarra', 'country': 'Spain', 'postcode': 90350, 'coordinates': {'latitude': '-37.3065', 'longitude': '125.6879'}, 'timezone': {'offset': '-4:00', 'description': 'Atlantic Time (Canada), Caracas, La Paz'}}, 'email': 'sara.jimenez@example.com', 'login': {'uuid': 'd7548dcd-ec75-4d5f-bbb5-006de46625b0', 'username': 'goldenbird102', 'password': 'qwe123', 'salt': 'YCw1v7mR', 'md5': 'ca94444fb69ab3b8481969e1a8c23725', 'sha1': '6795f3921c40ce3b5fb2f7309f3e3bc1a713986a', 'sha256': '983172db0ca1b6716db05cb259e9d6efe82504a364f190106cba98803b8bbd46'}, 'dob': {'date': '1967-01-18T13:02:24.755Z', 'age': 57}, 'registered': {'date': '2019-08-18T14:53:37.934Z', 'age': 4}, 'phone': '924-413-700', 'cell': '631-881-076', 'id': {'name': 'DNI', 'value': '20764938-Y'}, 'picture': {'large': 'https://randomuser.me/api/portraits/women/85.jpg', 'medium': 'https://randomuser.me/api/portraits/med/women/85.jpg', 'thumbnail': 'https://randomuser.me/api/portraits/thumb/women/85.jpg'}, 'nat': 'ES'}], 'info': {'seed': 'f8b53633976263d9', 'results': 1, 'page': 1, 'version': '1.4'}}</msg>
<arg>${json_data}</arg>
<doc>Logs the given message with the given level.</doc>
<status status="PASS" start="2024-05-30T02:29:48.288542" elapsed="0.000297"/>
</kw>
<kw name="Should Be String" owner="String">
<arg>${json_data['results'][0]['gender']}</arg>
<doc>Fails if the given ``item`` is not a string.</doc>
<status status="PASS" start="2024-05-30T02:29:48.289145" elapsed="0.000368"/>
</kw>
<kw name="Should Match Regexp" owner="BuiltIn">
<arg>${json_data['results'][0]['email']}</arg>
<arg>^[a-zA-Z0-9._%+-]+@[a-zA-Z0-9.-]+\.[a-zA-Z]{2,}$</arg>
<doc>Fails if ``string`` does not match ``pattern`` as a regular expression.</doc>
<status status="PASS" start="2024-05-30T02:29:48.289710" elapsed="0.000512"/>
</kw>
<kw name="Should Match Regexp" owner="BuiltIn">
<arg>${json_data['results'][0]['dob']['date']}</arg>
<arg>\\d{4}-\\d{2}-\\d{2}T\\d{2}:\\d{2}:\\d{2}\\.\\d{3}Z</arg>
<doc>Fails if ``string`` does not match ``pattern`` as a regular expression.</doc>
<status status="PASS" start="2024-05-30T02:29:48.290418" elapsed="0.000504"/>
</kw>
<kw name="Should Match Regexp" owner="BuiltIn">
<arg>${json_data['results'][0]['registered']['date']}</arg>
<arg>\\d{4}-\\d{2}-\\d{2}T\\d{2}:\\d{2}:\\d{2}\\.\\d{3}Z</arg>
<doc>Fails if ``string`` does not match ``pattern`` as a regular expression.</doc>
<status status="PASS" start="2024-05-30T02:29:48.291122" elapsed="0.000366"/>
</kw>
<kw name="Should Match Regexp" owner="BuiltIn">
<arg>${json_data['results'][0]['picture']['large']}</arg>
<arg>^https?://.*\.(?:png|jpe?g|gif|bmp)$</arg>
<doc>Fails if ``string`` does not match ``pattern`` as a regular expression.</doc>
<status status="PASS" start="2024-05-30T02:29:48.291689" elapsed="0.000463"/>
</kw>
<kw name="Should Match Regexp" owner="BuiltIn">
<arg>${json_data['results'][0]['picture']['medium']}</arg>
<arg>^https?://.*\.(?:png|jpe?g|gif|bmp)$</arg>
<doc>Fails if ``string`` does not match ``pattern`` as a regular expression.</doc>
<status status="PASS" start="2024-05-30T02:29:48.292345" elapsed="0.000399"/>
</kw>
<kw name="Should Match Regexp" owner="BuiltIn">
<arg>${json_data['results'][0]['picture']['thumbnail']}</arg>
<arg>^https?://.*\.(?:png|jpe?g|gif|bmp)$</arg>
<doc>Fails if ``string`` does not match ``pattern`` as a regular expression.</doc>
<status status="PASS" start="2024-05-30T02:29:48.292945" elapsed="0.000355"/>
</kw>
<kw name="Log" owner="BuiltIn">
<msg time="2024-05-30T02:29:48.293819" level="INFO">{'large': 'https://randomuser.me/api/portraits/women/85.jpg', 'medium': 'https://randomuser.me/api/portraits/med/women/85.jpg', 'thumbnail': 'https://randomuser.me/api/portraits/thumb/women/85.jpg'}</msg>
<arg>${json_data['results'][0]['picture']}</arg>
<doc>Logs the given message with the given level.</doc>
<status status="PASS" start="2024-05-30T02:29:48.293486" elapsed="0.000377"/>
</kw>
<status status="PASS" start="2024-05-30T02:29:48.201915" elapsed="0.092210"/>
</kw>
<kw name="Teste de Tipos de Dados - Postcode" owner="random-user-service">
<kw name="GET On Session" owner="RequestsLibrary">
<msg time="2024-05-30T02:29:48.397743" level="INFO">GET Request : url=https://randomuser.me/api 
 path_url=/api 
 headers={'User-Agent': 'python-requests/2.32.3', 'Accept-Encoding': 'gzip, deflate', 'Accept': '*/*', 'Connection': 'keep-alive'} 
 body=None 
 </msg>
<msg time="2024-05-30T02:29:48.397841" level="INFO">GET Response : url=https://randomuser.me/api 
 status=200, reason=OK 
 headers={'Date': 'Thu, 30 May 2024 02:29:48 GMT', 'Content-Type': 'application/json; charset=utf-8', 'Transfer-Encoding': 'chunked', 'Connection': 'keep-alive', 'X-Powered-By': 'Express', 'Access-Control-Allow-Origin': '*', 'Cache-Control': 'no-cache', 'ETag': 'W/"4a6-lNVYkMSUUFni44objW60yvHGmcg"', 'Vary': 'Accept-Encoding', 'Content-Encoding': 'gzip', 'CF-Cache-Status': 'DYNAMIC', 'Report-To': '{"endpoints":[{"url":"https:\\/\\/a.nel.cloudflare.com\\/report\\/v4?s=lxnorbYCaDnvwStOPSINMfhJyENvHFylaVR%2F5Ykv5JDTq2GgHu0dZijKTSe0aSmcU0CLPdo%2FmqWFD7MyUiIYI%2BhKQNT6TzCwuvfd9LYDJhlLc0PBH74AxNBBrqg3vcvY"}],"group":"cf-nel","max_age":604800}', 'NEL': '{"success_fraction":0,"report_to":"cf-nel","max_age":604800}', 'Server': 'cloudflare', 'CF-RAY': '88bb4c70dc2f16f9-SJC', 'alt-svc': 'h3=":443"; ma=86400'} 
 body={"results":[{"gender":"female","name":{"title":"Mrs","first":"کیمیا","last":"احمدی"},"location":{"street":{"number":7516,"name":"امام خمینی"},"city":"بروجرد","state":"آذربایجان غربی","country":"Iran","postcode":75523,"coordinates":{"latitude":"21.4189","longitude":"100.6938"},"timezone":{"offset":"+4:00","description":"Abu Dhabi, Muscat, Baku, Tbilisi"}},"email":"khymy.hmdy@example.com","login":{"uuid":"e0aac130-b7eb-4ad2-9b42-0e2653a292a8","username":"blackbear924","password":"corndog","salt":"E7TO1kfS","md5":"72ae6bebe89f2bdc01a81feb4e8c1ebd","sha1":"a0ef38d40903e636174a4e3ef18a439e95080c26","sha256":"8ab9a2f2b60118447a6cfc9b349033e73d0d6b714abe7da8956e0c30898e7450"},"dob":{"date":"1954-03-28T12:54:00.956Z","age":70},"registered":{"date":"2010-07-08T18:00:07.570Z","age":13},"phone":"026-16165641","cell":"0993-269-0964","id":{"name":"","value":null},"picture":{"large":"https://randomuser.me/api/portraits/women/34.jpg","medium":"https://randomuser.me/api/portraits/med/women/34.jpg","thumbnail":"https://randomuser.me/api/portraits/thumb/women/34.jpg"},"nat":"IR"}],"info":{"seed":"bc1fbe46e6049a30","results":1,"page":1,"version":"1.4"}} 
 </msg>
<msg time="2024-05-30T02:29:48.397941" level="INFO">/opt/hostedtoolcache/Python/3.12.3/x64/lib/python3.12/site-packages/urllib3/connectionpool.py:1103: InsecureRequestWarning: Unverified HTTPS request is being made to host 'randomuser.me'. Adding certificate verification is strongly advised. See: https://urllib3.readthedocs.io/en/latest/advanced-usage.html#tls-warnings
  warnings.warn(</msg>
<msg time="2024-05-30T02:29:48.398062" level="INFO">${response} = &lt;Response [200]&gt;</msg>
<var>${response}</var>
<arg>consultarAPI</arg>
<arg>/api</arg>
<doc>Sends a GET request on a previously created HTTP Session.</doc>
<status status="PASS" start="2024-05-30T02:29:48.294571" elapsed="0.103532"/>
</kw>
<kw name="Set Variable" owner="BuiltIn">
<msg time="2024-05-30T02:29:48.399290" level="INFO">${json_data} = {'results': [{'gender': 'female', 'name': {'title': 'Mrs', 'first': 'کیمیا', 'last': 'احمدی'}, 'location': {'street': {'number': 7516, 'name': 'امام خمینی'}, 'city': 'بروجرد', 'state': 'آذربایجان غربی...</msg>
<var>${json_data}</var>
<arg>${response.json()}</arg>
<doc>Returns the given values which can then be assigned to a variables.</doc>
<status status="PASS" start="2024-05-30T02:29:48.398683" elapsed="0.000638"/>
</kw>
<kw name="Log" owner="BuiltIn">
<msg time="2024-05-30T02:29:48.399795" level="INFO">{'results': [{'gender': 'female', 'name': {'title': 'Mrs', 'first': 'کیمیا', 'last': 'احمدی'}, 'location': {'street': {'number': 7516, 'name': 'امام خمینی'}, 'city': 'بروجرد', 'state': 'آذربایجان غربی', 'country': 'Iran', 'postcode': 75523, 'coordinates': {'latitude': '21.4189', 'longitude': '100.6938'}, 'timezone': {'offset': '+4:00', 'description': 'Abu Dhabi, Muscat, Baku, Tbilisi'}}, 'email': 'khymy.hmdy@example.com', 'login': {'uuid': 'e0aac130-b7eb-4ad2-9b42-0e2653a292a8', 'username': 'blackbear924', 'password': 'corndog', 'salt': 'E7TO1kfS', 'md5': '72ae6bebe89f2bdc01a81feb4e8c1ebd', 'sha1': 'a0ef38d40903e636174a4e3ef18a439e95080c26', 'sha256': '8ab9a2f2b60118447a6cfc9b349033e73d0d6b714abe7da8956e0c30898e7450'}, 'dob': {'date': '1954-03-28T12:54:00.956Z', 'age': 70}, 'registered': {'date': '2010-07-08T18:00:07.570Z', 'age': 13}, 'phone': '026-16165641', 'cell': '0993-269-0964', 'id': {'name': '', 'value': None}, 'picture': {'large': 'https://randomuser.me/api/portraits/women/34.jpg', 'medium': 'https://randomuser.me/api/portraits/med/women/34.jpg', 'thumbnail': 'https://randomuser.me/api/portraits/thumb/women/34.jpg'}, 'nat': 'IR'}], 'info': {'seed': 'bc1fbe46e6049a30', 'results': 1, 'page': 1, 'version': '1.4'}}</msg>
<arg>${json_data}</arg>
<doc>Logs the given message with the given level.</doc>
<status status="PASS" start="2024-05-30T02:29:48.399633" elapsed="0.000212"/>
</kw>
<kw name="Should Be Equal As Numbers" owner="BuiltIn">
<arg>${json_data['results'][0]['location']['postcode']}</arg>
<arg>${json_data['results'][0]['location']['postcode']}</arg>
<doc>Fails if objects are unequal after converting them to real numbers.</doc>
<status status="PASS" start="2024-05-30T02:29:48.400175" elapsed="0.000680"/>
</kw>
<kw name="Log" owner="BuiltIn">
<msg time="2024-05-30T02:29:48.401405" level="INFO">75523</msg>
<arg>${json_data['results'][0]['location']['postcode']}</arg>
<doc>Logs the given message with the given level.</doc>
<status status="PASS" start="2024-05-30T02:29:48.401057" elapsed="0.000393"/>
</kw>
<status status="PASS" start="2024-05-30T02:29:48.294342" elapsed="0.107365"/>
</kw>
<doc>Testa se os tipos de dados na resposta da API estão corretos.</doc>
<tag>testeTiposDados</tag>
<status status="PASS" start="2024-05-30T02:29:48.201348" elapsed="0.200531"/>
</test>
<test id="s1-s1-t5" name="Validar conteudo" line="35">
<kw name="Teste de Tipos de Conteudo" owner="random-user-service">
<kw name="GET On Session" owner="RequestsLibrary">
<msg time="2024-05-30T02:29:48.488723" level="INFO">GET Request : url=https://randomuser.me/api 
 path_url=/api 
 headers={'User-Agent': 'python-requests/2.32.3', 'Accept-Encoding': 'gzip, deflate', 'Accept': '*/*', 'Connection': 'keep-alive'} 
 body=None 
 </msg>
<msg time="2024-05-30T02:29:48.488823" level="INFO">GET Response : url=https://randomuser.me/api 
 status=200, reason=OK 
 headers={'Date': 'Thu, 30 May 2024 02:29:48 GMT', 'Content-Type': 'application/json; charset=utf-8', 'Transfer-Encoding': 'chunked', 'Connection': 'keep-alive', 'X-Powered-By': 'Express', 'Access-Control-Allow-Origin': '*', 'Cache-Control': 'no-cache', 'ETag': 'W/"489-Q6viy+zDTAoJdBXH6RSdDjvIwxQ"', 'Vary': 'Accept-Encoding', 'Content-Encoding': 'gzip', 'CF-Cache-Status': 'DYNAMIC', 'Report-To': '{"endpoints":[{"url":"https:\\/\\/a.nel.cloudflare.com\\/report\\/v4?s=afGC5GFc%2BAxPl832yoymjFyfUGl4DXUqGzVus8gJIFZ6xppmsocGa9e%2FNV5cA4Rfw02yNRqjuARRYFdEK26ksurXdMG9EP7zREgdBFEYC1DKbooSTzSdau8xwItZ2dIH"}],"group":"cf-nel","max_age":604800}', 'NEL': '{"success_fraction":0,"report_to":"cf-nel","max_age":604800}', 'Server': 'cloudflare', 'CF-RAY': '88bb4c719ce116f9-SJC', 'alt-svc': 'h3=":443"; ma=86400'} 
 body={"results":[{"gender":"male","name":{"title":"Mr","first":"Fernando","last":"Suarez"},"location":{"street":{"number":9552,"name":"Avenida de Salamanca"},"city":"Torrevieja","state":"Asturias","country":"Spain","postcode":94553,"coordinates":{"latitude":"-32.7922","longitude":"-94.0915"},"timezone":{"offset":"-12:00","description":"Eniwetok, Kwajalein"}},"email":"fernando.suarez@example.com","login":{"uuid":"5e0f2e1f-4e16-4b90-9e67-5372c83ba5cb","username":"greenladybug386","password":"terrell","salt":"q5gzTJd2","md5":"7f71f7cbb6d06daa40d3fed39efd9ca6","sha1":"94edbf70be60ac2b5bbf74bbe17d41a99f4dc925","sha256":"0fb276917ab6a9bc06ca376f2d49178a88e2768d182ad764d146f1e772d52a4f"},"dob":{"date":"1958-01-03T23:31:44.220Z","age":66},"registered":{"date":"2011-11-24T03:32:45.822Z","age":12},"phone":"975-276-377","cell":"687-182-629","id":{"name":"DNI","value":"54900632-V"},"picture":{"large":"https://randomuser.me/api/portraits/men/17.jpg","medium":"https://randomuser.me/api/portraits/med/men/17.jpg","thumbnail":"https://randomuser.me/api/portraits/thumb/men/17.jpg"},"nat":"ES"}],"info":{"seed":"bccf8bbf802db739","results":1,"page":1,"version":"1.4"}} 
 </msg>
<msg time="2024-05-30T02:29:48.488904" level="INFO">/opt/hostedtoolcache/Python/3.12.3/x64/lib/python3.12/site-packages/urllib3/connectionpool.py:1103: InsecureRequestWarning: Unverified HTTPS request is being made to host 'randomuser.me'. Adding certificate verification is strongly advised. See: https://urllib3.readthedocs.io/en/latest/advanced-usage.html#tls-warnings
  warnings.warn(</msg>
<msg time="2024-05-30T02:29:48.489032" level="INFO">${response} = &lt;Response [200]&gt;</msg>
<var>${response}</var>
<arg>consultarAPI</arg>
<arg>/api</arg>
<doc>Sends a GET request on a previously created HTTP Session.</doc>
<status status="PASS" start="2024-05-30T02:29:48.406217" elapsed="0.082866"/>
</kw>
<kw name="Set Variable" owner="BuiltIn">
<msg time="2024-05-30T02:29:48.490081" level="INFO">${json_data} = {'results': [{'gender': 'male', 'name': {'title': 'Mr', 'first': 'Fernando', 'last': 'Suarez'}, 'location': {'street': {'number': 9552, 'name': 'Avenida de Salamanca'}, 'city': 'Torrevieja', 'state': ...</msg>
<var>${json_data}</var>
<arg>${response.json()}</arg>
<doc>Returns the given values which can then be assigned to a variables.</doc>
<status status="PASS" start="2024-05-30T02:29:48.489569" elapsed="0.000543"/>
</kw>
<kw name="Set Variable" owner="BuiltIn">
<msg time="2024-05-30T02:29:48.490805" level="INFO">${name_title} = Mr</msg>
<var>${name_title}</var>
<arg>${json_data["results"][0]["name"]["title"]}</arg>
<doc>Returns the given values which can then be assigned to a variables.</doc>
<status status="PASS" start="2024-05-30T02:29:48.490424" elapsed="0.000408"/>
</kw>
<kw name="Create List" owner="BuiltIn">
<msg time="2024-05-30T02:29:48.491284" level="INFO">${allowed_titles} = ['Mr', 'Ms', 'Miss', 'Mrs', 'Madame', 'Monsieur']</msg>
<var>${allowed_titles}</var>
<arg>Mr</arg>
<arg>Ms</arg>
<arg>Miss</arg>
<arg>Mrs</arg>
<arg>Madame</arg>
<arg>Monsieur</arg>
<doc>Returns a list containing given items.</doc>
<status status="PASS" start="2024-05-30T02:29:48.491132" elapsed="0.000176"/>
</kw>
<kw name="List Should Contain Value" owner="Collections">
<msg time="2024-05-30T02:29:48.491795" level="INFO">False</msg>
<arg>${allowed_titles}</arg>
<arg>${name_title}</arg>
<doc>Fails if the ``value`` is not found from ``list``.</doc>
<status status="PASS" start="2024-05-30T02:29:48.491617" elapsed="0.000216"/>
</kw>
<kw name="Set Variable" owner="BuiltIn">
<msg time="2024-05-30T02:29:48.492512" level="INFO">${name_country} = ES</msg>
<var>${name_country}</var>
<arg>${json_data["results"][0]["nat"]}</arg>
<doc>Returns the given values which can then be assigned to a variables.</doc>
<status status="PASS" start="2024-05-30T02:29:48.492124" elapsed="0.000413"/>
</kw>
<kw name="Create List" owner="BuiltIn">
<msg time="2024-05-30T02:29:48.493489" level="INFO">${list_country} = ['AD', 'AE', 'AF', 'AG', 'AI', 'AL', 'AM', 'AO', 'AQ', 'AR', 'AS', 'AT', 'AU', 'AW', 'AX', 'AZ', 'BA', 'BB', 'BD', 'BE', 'BF', 'BG', 'BH', 'BI', 'BJ', 'BL', 'BM', 'BN', 'BO', 'BQ', 'BR', 'BS', 'BT', '...</msg>
<var>${list_country}</var>
<arg>AD</arg>
<arg>AE</arg>
<arg>AF</arg>
<arg>AG</arg>
<arg>AI</arg>
<arg>AL</arg>
<arg>AM</arg>
<arg>AO</arg>
<arg>AQ</arg>
<arg>AR</arg>
<arg>AS</arg>
<arg>AT</arg>
<arg>AU</arg>
<arg>AW</arg>
<arg>AX</arg>
<arg>AZ</arg>
<arg>BA</arg>
<arg>BB</arg>
<arg>BD</arg>
<arg>BE</arg>
<arg>BF</arg>
<arg>BG</arg>
<arg>BH</arg>
<arg>BI</arg>
<arg>BJ</arg>
<arg>BL</arg>
<arg>BM</arg>
<arg>BN</arg>
<arg>BO</arg>
<arg>BQ</arg>
<arg>BR</arg>
<arg>BS</arg>
<arg>BT</arg>
<arg>BV</arg>
<arg>BW</arg>
<arg>BY</arg>
<arg>BZ</arg>
<arg>CA</arg>
<arg>CC</arg>
<arg>CD</arg>
<arg>CF</arg>
<arg>CG</arg>
<arg>CH</arg>
<arg>CI</arg>
<arg>CK</arg>
<arg>CL</arg>
<arg>CM</arg>
<arg>CN</arg>
<arg>CO</arg>
<arg>CR</arg>
<arg>CU</arg>
<arg>CV</arg>
<arg>CW</arg>
<arg>CX</arg>
<arg>CY</arg>
<arg>CZ</arg>
<arg>DE</arg>
<arg>DJ</arg>
<arg>DK</arg>
<arg>DM</arg>
<arg>DO</arg>
<arg>DZ</arg>
<arg>EC</arg>
<arg>EE</arg>
<arg>EG</arg>
<arg>EH</arg>
<arg>ER</arg>
<arg>ES</arg>
<arg>ET</arg>
<arg>FI</arg>
<arg>FJ</arg>
<arg>FK</arg>
<arg>FM</arg>
<arg>FO</arg>
<arg>FR</arg>
<arg>GA</arg>
<arg>GB</arg>
<arg>GD</arg>
<arg>GE</arg>
<arg>GF</arg>
<arg>GG</arg>
<arg>GH</arg>
<arg>GI</arg>
<arg>GL</arg>
<arg>GM</arg>
<arg>GN</arg>
<arg>GP</arg>
<arg>GQ</arg>
<arg>GR</arg>
<arg>GS</arg>
<arg>GT</arg>
<arg>GU</arg>
<arg>GW</arg>
<arg>GY</arg>
<arg>HK</arg>
<arg>HM</arg>
<arg>HN</arg>
<arg>HR</arg>
<arg>HT</arg>
<arg>HU</arg>
<arg>ID</arg>
<arg>IE</arg>
<arg>IL</arg>
<arg>IM</arg>
<arg>IN</arg>
<arg>IO</arg>
<arg>IQ</arg>
<arg>IR</arg>
<arg>IS</arg>
<arg>IT</arg>
<arg>JE</arg>
<arg>JM</arg>
<arg>JO</arg>
<arg>JP</arg>
<arg>KE</arg>
<arg>KG</arg>
<arg>KH</arg>
<arg>KI</arg>
<arg>KM</arg>
<arg>KN</arg>
<arg>KP</arg>
<arg>KR</arg>
<arg>KW</arg>
<arg>KY</arg>
<arg>KZ</arg>
<arg>LA</arg>
<arg>LB</arg>
<arg>LC</arg>
<arg>LI</arg>
<arg>LK</arg>
<arg>LR</arg>
<arg>LS</arg>
<arg>LT</arg>
<arg>LU</arg>
<arg>LV</arg>
<arg>LY</arg>
<arg>MA</arg>
<arg>MC</arg>
<arg>MD</arg>
<arg>ME</arg>
<arg>MF</arg>
<arg>MG</arg>
<arg>MH</arg>
<arg>MK</arg>
<arg>ML</arg>
<arg>MM</arg>
<arg>MN</arg>
<arg>MO</arg>
<arg>MP</arg>
<arg>MQ</arg>
<arg>MR</arg>
<arg>MS</arg>
<arg>MT</arg>
<arg>MU</arg>
<arg>MV</arg>
<arg>MW</arg>
<arg>MX</arg>
<arg>MY</arg>
<arg>MZ</arg>
<arg>NA</arg>
<arg>NC</arg>
<arg>NE</arg>
<arg>NF</arg>
<arg>NG</arg>
<arg>NI</arg>
<arg>NL</arg>
<arg>NO</arg>
<arg>NP</arg>
<arg>NR</arg>
<arg>NU</arg>
<arg>NZ</arg>
<arg>OM</arg>
<arg>PA</arg>
<arg>PE</arg>
<arg>PF</arg>
<arg>PG</arg>
<arg>PH</arg>
<arg>PK</arg>
<arg>PL</arg>
<arg>PM</arg>
<arg>PN</arg>
<arg>PR</arg>
<arg>PS</arg>
<arg>PT</arg>
<arg>PW</arg>
<arg>PY</arg>
<arg>QA</arg>
<arg>RE</arg>
<arg>RO</arg>
<arg>RS</arg>
<arg>RU</arg>
<arg>RW</arg>
<arg>SA</arg>
<arg>SB</arg>
<arg>SC</arg>
<arg>SD</arg>
<arg>SE</arg>
<arg>SG</arg>
<arg>SH</arg>
<arg>SI</arg>
<arg>SJ</arg>
<arg>SK</arg>
<arg>SL</arg>
<arg>SM</arg>
<arg>SN</arg>
<arg>SO</arg>
<arg>SR</arg>
<arg>SS</arg>
<arg>ST</arg>
<arg>SV</arg>
<arg>SX</arg>
<arg>SY</arg>
<arg>SZ</arg>
<arg>TC</arg>
<arg>TD</arg>
<arg>TF</arg>
<arg>TG</arg>
<arg>TH</arg>
<arg>TJ</arg>
<arg>TK</arg>
<arg>TL</arg>
<arg>TM</arg>
<arg>TN</arg>
<arg>TO</arg>
<arg>TR</arg>
<arg>TT</arg>
<arg>TV</arg>
<arg>TW</arg>
<arg>TZ</arg>
<arg>UA</arg>
<arg>UG</arg>
<arg>UM</arg>
<arg>US</arg>
<arg>UY</arg>
<arg>UZ</arg>
<arg>VA</arg>
<arg>VC</arg>
<arg>VE</arg>
<arg>VG</arg>
<arg>VI</arg>
<arg>VN</arg>
<arg>VU</arg>
<arg>WF</arg>
<arg>WS</arg>
<arg>XK</arg>
<arg>YE</arg>
<arg>YT</arg>
<arg>ZA</arg>
<arg>ZM</arg>
<arg>ZW</arg>
<doc>Returns a list containing given items.</doc>
<status status="PASS" start="2024-05-30T02:29:48.492882" elapsed="0.000633"/>
</kw>
<kw name="List Should Contain Value" owner="Collections">
<msg time="2024-05-30T02:29:48.494506" level="INFO">False</msg>
<arg>${list_country}</arg>
<arg>${name_country}</arg>
<doc>Fails if the ``value`` is not found from ``list``.</doc>
<status status="PASS" start="2024-05-30T02:29:48.494306" elapsed="0.000237"/>
</kw>
<kw name="Run Keyword If" owner="BuiltIn">
<kw name="Should Be True" owner="BuiltIn">
<arg>${True}</arg>
<doc>Fails if the given condition is not true.</doc>
<status status="PASS" start="2024-05-30T02:29:48.495765" elapsed="0.000146"/>
</kw>
<arg>${json_data["results"][0]["location"]["coordinates"]["latitude"]} &gt;= -90 and ${json_data["results"][0]["location"]["coordinates"]["latitude"]} &lt;= 90</arg>
<arg>Should Be True</arg>
<arg>${True}</arg>
<doc>Runs the given keyword with the given arguments, if ``condition`` is true.</doc>
<status status="PASS" start="2024-05-30T02:29:48.494861" elapsed="0.001179"/>
</kw>
<kw name="Run Keyword If" owner="BuiltIn">
<kw name="Should Be True" owner="BuiltIn">
<arg>${True}</arg>
<doc>Fails if the given condition is not true.</doc>
<status status="PASS" start="2024-05-30T02:29:48.496972" elapsed="0.000141"/>
</kw>
<arg>${json_data["results"][0]["location"]["coordinates"]["longitude"]} &gt;= -180 and ${json_data["results"][0]["location"]["coordinates"]["longitude"]} &lt;= 180</arg>
<arg>Should Be True</arg>
<arg>${True}</arg>
<doc>Runs the given keyword with the given arguments, if ``condition`` is true.</doc>
<status status="PASS" start="2024-05-30T02:29:48.496232" elapsed="0.001006"/>
</kw>
<status status="PASS" start="2024-05-30T02:29:48.405854" elapsed="0.091520"/>
</kw>
<doc>Testa o conteúdo específico dos campos retornados pela API.</doc>
<tag>testeConteudo</tag>
<status status="PASS" start="2024-05-30T02:29:48.405175" elapsed="0.092353"/>
</test>
<status status="PASS" start="2024-05-30T02:29:47.418621" elapsed="1.080832"/>
</suite>
<status status="PASS" start="2024-05-30T02:29:47.405286" elapsed="1.099263"/>
</suite>
<statistics>
<total>
<stat pass="5" fail="0" skip="0">All Tests</stat>
</total>
<tag>
<stat pass="1" fail="0" skip="0">testeConteudo</stat>
<stat pass="1" fail="0" skip="0">testeEstruturaResposta</stat>
<stat pass="1" fail="0" skip="0">testeRequisicaoBasica</stat>
<stat pass="1" fail="0" skip="0">testeTiposDados</stat>
</tag>
<suite>
<stat pass="5" fail="0" skip="0" id="s1" name="Tests">Tests</stat>
<stat pass="5" fail="0" skip="0" id="s1-s1" name="Random-User-Test">Tests.Random-User-Test</stat>
</suite>
</statistics>
<errors>
</errors>
</robot>
