<?xml version="1.0" encoding="UTF-8"?>
<robot generator="Robot 7.0 (Python 3.12.2 on linux)" generated="2024-03-21T10:13:59.409250" rpa="false" schemaversion="5">
<suite id="s1" name="Tests" source="/home/runner/work/DesafioQA---Itau---Rogerio-Jordao/DesafioQA---Itau---Rogerio-Jordao/DesafioQA - Itau - Rogerio Jordao/tests">
<suite id="s1-s1" name="Random-User-Test" source="/home/runner/work/DesafioQA---Itau---Rogerio-Jordao/DesafioQA---Itau---Rogerio-Jordao/DesafioQA - Itau - Rogerio Jordao/tests/random-user-test.robot">
<test id="s1-s1-t1" name="Conectar" line="24">
<kw name="Conectar API">
<kw name="Create Session" owner="RequestsLibrary">
<msg time="2024-03-21T10:13:59.747965" level="INFO">Creating Session using : alias=consultarAPI, url=https://randomuser.me/, headers={},                     cookies={}, auth=None, timeout=None, proxies=None, verify=False,                     debug=0 </msg>
<arg>consultarAPI</arg>
<arg>${URL}</arg>
<doc>Create Session: create a HTTP session to a server</doc>
<status status="PASS" start="2024-03-21T10:13:59.747688" elapsed="0.000523"/>
</kw>
<status status="PASS" start="2024-03-21T10:13:59.746122" elapsed="0.002627"/>
</kw>
<status status="PASS" start="2024-03-21T10:13:59.745367" elapsed="0.003705"/>
</test>
<test id="s1-s1-t2" name="Validar retorno 200 e JSON Válido" line="27">
<kw name="Teste de Requisicao Basica">
<kw name="GET On Session" owner="RequestsLibrary">
<msg time="2024-03-21T10:13:59.942226" level="INFO">GET Request : url=https://randomuser.me/api 
 path_url=/api 
 headers={'User-Agent': 'python-requests/2.31.0', 'Accept-Encoding': 'gzip, deflate', 'Accept': '*/*', 'Connection': 'keep-alive'} 
 body=None 
 </msg>
<msg time="2024-03-21T10:13:59.942335" level="INFO">GET Response : url=https://randomuser.me/api 
 status=200, reason=OK 
 headers={'Date': 'Thu, 21 Mar 2024 10:13:59 GMT', 'Content-Type': 'application/json; charset=utf-8', 'Transfer-Encoding': 'chunked', 'Connection': 'keep-alive', 'X-Powered-By': 'Express', 'Access-Control-Allow-Origin': '*', 'Cache-Control': 'no-cache', 'ETag': 'W/"49e-jLRClu8I4+hZ8EuAlsavk3Af+Rc"', 'Vary': 'Accept-Encoding', 'Content-Encoding': 'gzip', 'CF-Cache-Status': 'DYNAMIC', 'Report-To': '{"endpoints":[{"url":"https:\\/\\/a.nel.cloudflare.com\\/report\\/v4?s=DLJimOwUo33CKg6%2Fr%2BRY0dRcTP2iFhJ6nRzrAeFXZfBxg6lcS9fuCSvnhVQjGKMVwxVPyeTEk5OMIkaA20IF1PqAobzdqn0%2F5Mm0sh%2FKjEbS%2F5yht9acKWkgw9aAvHUb"}],"group":"cf-nel","max_age":604800}', 'NEL': '{"success_fraction":0,"report_to":"cf-nel","max_age":604800}', 'Server': 'cloudflare', 'CF-RAY': '867d2c296cbd62fc-ORD', 'alt-svc': 'h3=":443"; ma=86400'} 
 body={"results":[{"gender":"female","name":{"title":"Miss","first":"Carol","last":"Cavalcanti"},"location":{"street":{"number":2594,"name":"Rua Santos Dumont "},"city":"Caxias do Sul","state":"Bahia","country":"Brazil","postcode":90655,"coordinates":{"latitude":"-80.7903","longitude":"66.1826"},"timezone":{"offset":"+2:00","description":"Kaliningrad, South Africa"}},"email":"carol.cavalcanti@example.com","login":{"uuid":"22284b32-e1fd-4b42-8992-e21e8ca84c7b","username":"blacktiger223","password":"maxell","salt":"f93RridJ","md5":"3231648be421306f1e3accc3b426b5b4","sha1":"058918dcb1890690eb917a53b1083bd6761a5b8b","sha256":"b1a1a5439c76bff2b4b5dcac0c935583f47dcc2ba886f1e9e6773b3efd8d169a"},"dob":{"date":"1948-06-03T03:57:39.821Z","age":75},"registered":{"date":"2020-09-23T06:12:14.364Z","age":3},"phone":"(86) 5274-7051","cell":"(17) 7040-1907","id":{"name":"CPF","value":"824.300.457-65"},"picture":{"large":"https://randomuser.me/api/portraits/women/53.jpg","medium":"https://randomuser.me/api/portraits/med/women/53.jpg","thumbnail":"https://randomuser.me/api/portraits/thumb/women/53.jpg"},"nat":"BR"}],"info":{"seed":"f88c2c1695f5f60a","results":1,"page":1,"version":"1.4"}} 
 </msg>
<msg time="2024-03-21T10:13:59.942567" level="INFO">/opt/hostedtoolcache/Python/3.12.2/x64/lib/python3.12/site-packages/urllib3/connectionpool.py:1103: InsecureRequestWarning: Unverified HTTPS request is being made to host 'randomuser.me'. Adding certificate verification is strongly advised. See: https://urllib3.readthedocs.io/en/latest/advanced-usage.html#tls-warnings
  warnings.warn(</msg>
<msg time="2024-03-21T10:13:59.942688" level="INFO">${response} = &lt;Response [200]&gt;</msg>
<var>${response}</var>
<arg>consultarAPI</arg>
<arg>/api</arg>
<doc>Sends a GET request on a previously created HTTP Session.</doc>
<status status="PASS" start="2024-03-21T10:13:59.753456" elapsed="0.189274"/>
</kw>
<kw name="Should Be Equal As Numbers" owner="BuiltIn">
<msg time="2024-03-21T10:13:59.943719" level="INFO">Argument types are:
&lt;class 'int'&gt;
&lt;class 'str'&gt;</msg>
<arg>${response.status_code}</arg>
<arg>200</arg>
<doc>Fails if objects are unequal after converting them to real numbers.</doc>
<status status="PASS" start="2024-03-21T10:13:59.943223" elapsed="0.000567"/>
</kw>
<kw name="Log" owner="BuiltIn">
<msg time="2024-03-21T10:13:59.944461" level="INFO">200</msg>
<arg>${response.status_code}</arg>
<doc>Logs the given message with the given level.</doc>
<status status="PASS" start="2024-03-21T10:13:59.944106" elapsed="0.000398"/>
</kw>
<kw name="Set Variable" owner="BuiltIn">
<msg time="2024-03-21T10:13:59.945258" level="INFO">${json_data} = {'results': [{'gender': 'female', 'name': {'title': 'Miss', 'first': 'Carol', 'last': 'Cavalcanti'}, 'location': {'street': {'number': 2594, 'name': 'Rua Santos Dumont '}, 'city': 'Caxias do Sul', 'st...</msg>
<var>${json_data}</var>
<arg>${response.json()}</arg>
<doc>Returns the given values which can then be assigned to a variables.</doc>
<status status="PASS" start="2024-03-21T10:13:59.944806" elapsed="0.000480"/>
</kw>
<kw name="Dictionary Should Contain Key" owner="Collections">
<msg time="2024-03-21T10:13:59.945829" level="INFO">False</msg>
<arg>${json_data}</arg>
<arg>results</arg>
<doc>Fails if ``key`` is not found from ``dictionary``.</doc>
<status status="PASS" start="2024-03-21T10:13:59.945662" elapsed="0.000214"/>
</kw>
<status status="PASS" start="2024-03-21T10:13:59.753088" elapsed="0.193046"/>
</kw>
<doc>Testa se a API responde corretamente e retorna um objeto JSON válido.</doc>
<tag>testeRequisicaoBasica</tag>
<status status="PASS" start="2024-03-21T10:13:59.752452" elapsed="0.193861"/>
</test>
<test id="s1-s1-t3" name="Validar estrutura de resposta" line="33">
<kw name="Teste de Estrutura de Resposta">
<kw name="GET On Session" owner="RequestsLibrary">
<msg time="2024-03-21T10:14:00.043520" level="INFO">GET Request : url=https://randomuser.me/api 
 path_url=/api 
 headers={'User-Agent': 'python-requests/2.31.0', 'Accept-Encoding': 'gzip, deflate', 'Accept': '*/*', 'Connection': 'keep-alive'} 
 body=None 
 </msg>
<msg time="2024-03-21T10:14:00.043621" level="INFO">GET Response : url=https://randomuser.me/api 
 status=200, reason=OK 
 headers={'Date': 'Thu, 21 Mar 2024 10:14:00 GMT', 'Content-Type': 'application/json; charset=utf-8', 'Transfer-Encoding': 'chunked', 'Connection': 'keep-alive', 'X-Powered-By': 'Express', 'Access-Control-Allow-Origin': '*', 'Cache-Control': 'no-cache', 'ETag': 'W/"48a-o9nqTzx6uDS2Zr25zbhGXiEA78E"', 'Vary': 'Accept-Encoding', 'Content-Encoding': 'gzip', 'CF-Cache-Status': 'DYNAMIC', 'Report-To': '{"endpoints":[{"url":"https:\\/\\/a.nel.cloudflare.com\\/report\\/v4?s=T%2FHhhG5FJYC72glYvEP66Qsb3e%2FVTF93%2FVqG2I6cV6jx7ULwfOro5dlGheQHDHZo0vKCc9ZUD3a4h7QpuyNSkUnPbO95e2WFBJ0%2FYCVWLrP1TQfJpi99fdocjKZUO1uQ"}],"group":"cf-nel","max_age":604800}', 'NEL': '{"success_fraction":0,"report_to":"cf-nel","max_age":604800}', 'Server': 'cloudflare', 'CF-RAY': '867d2c29bcdd62fc-ORD', 'alt-svc': 'h3=":443"; ma=86400'} 
 body={"results":[{"gender":"female","name":{"title":"Miss","first":"Danielle","last":"Warren"},"location":{"street":{"number":7128,"name":"Chester Road"},"city":"Glasgow","state":"Avon","country":"United Kingdom","postcode":"P4Q 5BJ","coordinates":{"latitude":"-9.7480","longitude":"135.6057"},"timezone":{"offset":"+9:30","description":"Adelaide, Darwin"}},"email":"danielle.warren@example.com","login":{"uuid":"3e1eb150-0572-4f1c-9430-8b0b0378ab59","username":"angrylion722","password":"colors","salt":"vDi9eXfr","md5":"229c2c500ebdaad12801908839c0e5d4","sha1":"c6dc0c1a5da4e84188357a099ce039b60885b6ec","sha256":"e1e115f8e62a5dbeb245e9f1169d9c87c54bfe2a6fc07e6bdbd30ba5fb9a80a2"},"dob":{"date":"1946-03-17T21:54:42.593Z","age":78},"registered":{"date":"2017-03-24T14:46:30.596Z","age":6},"phone":"016973 29378","cell":"07921 783529","id":{"name":"NINO","value":"EJ 88 42 63 I"},"picture":{"large":"https://randomuser.me/api/portraits/women/3.jpg","medium":"https://randomuser.me/api/portraits/med/women/3.jpg","thumbnail":"https://randomuser.me/api/portraits/thumb/women/3.jpg"},"nat":"GB"}],"info":{"seed":"b79392d578fab751","results":1,"page":1,"version":"1.4"}} 
 </msg>
<msg time="2024-03-21T10:14:00.043747" level="INFO">/opt/hostedtoolcache/Python/3.12.2/x64/lib/python3.12/site-packages/urllib3/connectionpool.py:1103: InsecureRequestWarning: Unverified HTTPS request is being made to host 'randomuser.me'. Adding certificate verification is strongly advised. See: https://urllib3.readthedocs.io/en/latest/advanced-usage.html#tls-warnings
  warnings.warn(</msg>
<msg time="2024-03-21T10:14:00.043873" level="INFO">${response} = &lt;Response [200]&gt;</msg>
<var>${response}</var>
<arg>consultarAPI</arg>
<arg>/api</arg>
<doc>Sends a GET request on a previously created HTTP Session.</doc>
<status status="PASS" start="2024-03-21T10:13:59.948907" elapsed="0.094994"/>
</kw>
<kw name="Set Variable" owner="BuiltIn">
<msg time="2024-03-21T10:14:00.044942" level="INFO">${json_data} = {'results': [{'gender': 'female', 'name': {'title': 'Miss', 'first': 'Danielle', 'last': 'Warren'}, 'location': {'street': {'number': 7128, 'name': 'Chester Road'}, 'city': 'Glasgow', 'state': 'Avon',...</msg>
<var>${json_data}</var>
<arg>${response.json()}</arg>
<doc>Returns the given values which can then be assigned to a variables.</doc>
<status status="PASS" start="2024-03-21T10:14:00.044418" elapsed="0.000553"/>
</kw>
<kw name="Log" owner="BuiltIn">
<msg time="2024-03-21T10:14:00.045481" level="INFO">{'results': [{'gender': 'female', 'name': {'title': 'Miss', 'first': 'Danielle', 'last': 'Warren'}, 'location': {'street': {'number': 7128, 'name': 'Chester Road'}, 'city': 'Glasgow', 'state': 'Avon', 'country': 'United Kingdom', 'postcode': 'P4Q 5BJ', 'coordinates': {'latitude': '-9.7480', 'longitude': '135.6057'}, 'timezone': {'offset': '+9:30', 'description': 'Adelaide, Darwin'}}, 'email': 'danielle.warren@example.com', 'login': {'uuid': '3e1eb150-0572-4f1c-9430-8b0b0378ab59', 'username': 'angrylion722', 'password': 'colors', 'salt': 'vDi9eXfr', 'md5': '229c2c500ebdaad12801908839c0e5d4', 'sha1': 'c6dc0c1a5da4e84188357a099ce039b60885b6ec', 'sha256': 'e1e115f8e62a5dbeb245e9f1169d9c87c54bfe2a6fc07e6bdbd30ba5fb9a80a2'}, 'dob': {'date': '1946-03-17T21:54:42.593Z', 'age': 78}, 'registered': {'date': '2017-03-24T14:46:30.596Z', 'age': 6}, 'phone': '016973 29378', 'cell': '07921 783529', 'id': {'name': 'NINO', 'value': 'EJ 88 42 63 I'}, 'picture': {'large': 'https://randomuser.me/api/portraits/women/3.jpg', 'medium': 'https://randomuser.me/api/portraits/med/women/3.jpg', 'thumbnail': 'https://randomuser.me/api/portraits/thumb/women/3.jpg'}, 'nat': 'GB'}], 'info': {'seed': 'b79392d578fab751', 'results': 1, 'page': 1, 'version': '1.4'}}</msg>
<arg>${json_data}</arg>
<doc>Logs the given message with the given level.</doc>
<status status="PASS" start="2024-03-21T10:14:00.045279" elapsed="0.000251"/>
</kw>
<kw name="Dictionary Should Contain Key" owner="Collections">
<msg time="2024-03-21T10:14:00.045989" level="INFO">False</msg>
<arg>${json_data}</arg>
<arg>results</arg>
<doc>Fails if ``key`` is not found from ``dictionary``.</doc>
<status status="PASS" start="2024-03-21T10:14:00.045831" elapsed="0.000197"/>
</kw>
<kw name="Should Not Be Empty" owner="BuiltIn">
<msg time="2024-03-21T10:14:00.046453" level="INFO">Length is 2.</msg>
<arg>${json_data}</arg>
<doc>Verifies that the given item is not empty.</doc>
<status status="PASS" start="2024-03-21T10:14:00.046315" elapsed="0.000176"/>
</kw>
<kw name="Create List" owner="BuiltIn">
<msg time="2024-03-21T10:14:00.046933" level="INFO">${expected_keys} = ['gender', 'name', 'location', 'email', 'login']</msg>
<var>${expected_keys}</var>
<arg>gender</arg>
<arg>name</arg>
<arg>location</arg>
<arg>email</arg>
<arg>login</arg>
<doc>Returns a list containing given items.</doc>
<status status="PASS" start="2024-03-21T10:14:00.046783" elapsed="0.000174"/>
</kw>
<for flavor="IN">
<iter>
<kw name="Dictionary Should Contain Key" owner="Collections">
<msg time="2024-03-21T10:14:00.047965" level="INFO">False</msg>
<arg>${json_data['results'][0]}</arg>
<arg>${key}</arg>
<doc>Fails if ``key`` is not found from ``dictionary``.</doc>
<status status="PASS" start="2024-03-21T10:14:00.047561" elapsed="0.000444"/>
</kw>
<kw name="Log" owner="BuiltIn">
<msg time="2024-03-21T10:14:00.048694" level="INFO">{'gender': 'female', 'name': {'title': 'Miss', 'first': 'Danielle', 'last': 'Warren'}, 'location': {'street': {'number': 7128, 'name': 'Chester Road'}, 'city': 'Glasgow', 'state': 'Avon', 'country': 'United Kingdom', 'postcode': 'P4Q 5BJ', 'coordinates': {'latitude': '-9.7480', 'longitude': '135.6057'}, 'timezone': {'offset': '+9:30', 'description': 'Adelaide, Darwin'}}, 'email': 'danielle.warren@example.com', 'login': {'uuid': '3e1eb150-0572-4f1c-9430-8b0b0378ab59', 'username': 'angrylion722', 'password': 'colors', 'salt': 'vDi9eXfr', 'md5': '229c2c500ebdaad12801908839c0e5d4', 'sha1': 'c6dc0c1a5da4e84188357a099ce039b60885b6ec', 'sha256': 'e1e115f8e62a5dbeb245e9f1169d9c87c54bfe2a6fc07e6bdbd30ba5fb9a80a2'}, 'dob': {'date': '1946-03-17T21:54:42.593Z', 'age': 78}, 'registered': {'date': '2017-03-24T14:46:30.596Z', 'age': 6}, 'phone': '016973 29378', 'cell': '07921 783529', 'id': {'name': 'NINO', 'value': 'EJ 88 42 63 I'}, 'picture': {'large': 'https://randomuser.me/api/portraits/women/3.jpg', 'medium': 'https://randomuser.me/api/portraits/med/women/3.jpg', 'thumbnail': 'https://randomuser.me/api/portraits/thumb/women/3.jpg'}, 'nat': 'GB'}</msg>
<arg>${json_data['results'][0]}</arg>
<doc>Logs the given message with the given level.</doc>
<status status="PASS" start="2024-03-21T10:14:00.048306" elapsed="0.000438"/>
</kw>
<kw name="Log" owner="BuiltIn">
<msg time="2024-03-21T10:14:00.049178" level="INFO">gender</msg>
<arg>${key}</arg>
<doc>Logs the given message with the given level.</doc>
<status status="PASS" start="2024-03-21T10:14:00.049047" elapsed="0.000171"/>
</kw>
<var name="${key}">gender</var>
<status status="PASS" start="2024-03-21T10:14:00.047440" elapsed="0.002027"/>
</iter>
<iter>
<kw name="Dictionary Should Contain Key" owner="Collections">
<msg time="2024-03-21T10:14:00.050155" level="INFO">False</msg>
<arg>${json_data['results'][0]}</arg>
<arg>${key}</arg>
<doc>Fails if ``key`` is not found from ``dictionary``.</doc>
<status status="PASS" start="2024-03-21T10:14:00.049768" elapsed="0.000426"/>
</kw>
<kw name="Log" owner="BuiltIn">
<msg time="2024-03-21T10:14:00.050874" level="INFO">{'gender': 'female', 'name': {'title': 'Miss', 'first': 'Danielle', 'last': 'Warren'}, 'location': {'street': {'number': 7128, 'name': 'Chester Road'}, 'city': 'Glasgow', 'state': 'Avon', 'country': 'United Kingdom', 'postcode': 'P4Q 5BJ', 'coordinates': {'latitude': '-9.7480', 'longitude': '135.6057'}, 'timezone': {'offset': '+9:30', 'description': 'Adelaide, Darwin'}}, 'email': 'danielle.warren@example.com', 'login': {'uuid': '3e1eb150-0572-4f1c-9430-8b0b0378ab59', 'username': 'angrylion722', 'password': 'colors', 'salt': 'vDi9eXfr', 'md5': '229c2c500ebdaad12801908839c0e5d4', 'sha1': 'c6dc0c1a5da4e84188357a099ce039b60885b6ec', 'sha256': 'e1e115f8e62a5dbeb245e9f1169d9c87c54bfe2a6fc07e6bdbd30ba5fb9a80a2'}, 'dob': {'date': '1946-03-17T21:54:42.593Z', 'age': 78}, 'registered': {'date': '2017-03-24T14:46:30.596Z', 'age': 6}, 'phone': '016973 29378', 'cell': '07921 783529', 'id': {'name': 'NINO', 'value': 'EJ 88 42 63 I'}, 'picture': {'large': 'https://randomuser.me/api/portraits/women/3.jpg', 'medium': 'https://randomuser.me/api/portraits/med/women/3.jpg', 'thumbnail': 'https://randomuser.me/api/portraits/thumb/women/3.jpg'}, 'nat': 'GB'}</msg>
<arg>${json_data['results'][0]}</arg>
<doc>Logs the given message with the given level.</doc>
<status status="PASS" start="2024-03-21T10:14:00.050515" elapsed="0.000409"/>
</kw>
<kw name="Log" owner="BuiltIn">
<msg time="2024-03-21T10:14:00.051351" level="INFO">name</msg>
<arg>${key}</arg>
<doc>Logs the given message with the given level.</doc>
<status status="PASS" start="2024-03-21T10:14:00.051221" elapsed="0.000169"/>
</kw>
<var name="${key}">name</var>
<status status="PASS" start="2024-03-21T10:14:00.049660" elapsed="0.001951"/>
</iter>
<iter>
<kw name="Dictionary Should Contain Key" owner="Collections">
<msg time="2024-03-21T10:14:00.052285" level="INFO">False</msg>
<arg>${json_data['results'][0]}</arg>
<arg>${key}</arg>
<doc>Fails if ``key`` is not found from ``dictionary``.</doc>
<status status="PASS" start="2024-03-21T10:14:00.051907" elapsed="0.000549"/>
</kw>
<kw name="Log" owner="BuiltIn">
<msg time="2024-03-21T10:14:00.053121" level="INFO">{'gender': 'female', 'name': {'title': 'Miss', 'first': 'Danielle', 'last': 'Warren'}, 'location': {'street': {'number': 7128, 'name': 'Chester Road'}, 'city': 'Glasgow', 'state': 'Avon', 'country': 'United Kingdom', 'postcode': 'P4Q 5BJ', 'coordinates': {'latitude': '-9.7480', 'longitude': '135.6057'}, 'timezone': {'offset': '+9:30', 'description': 'Adelaide, Darwin'}}, 'email': 'danielle.warren@example.com', 'login': {'uuid': '3e1eb150-0572-4f1c-9430-8b0b0378ab59', 'username': 'angrylion722', 'password': 'colors', 'salt': 'vDi9eXfr', 'md5': '229c2c500ebdaad12801908839c0e5d4', 'sha1': 'c6dc0c1a5da4e84188357a099ce039b60885b6ec', 'sha256': 'e1e115f8e62a5dbeb245e9f1169d9c87c54bfe2a6fc07e6bdbd30ba5fb9a80a2'}, 'dob': {'date': '1946-03-17T21:54:42.593Z', 'age': 78}, 'registered': {'date': '2017-03-24T14:46:30.596Z', 'age': 6}, 'phone': '016973 29378', 'cell': '07921 783529', 'id': {'name': 'NINO', 'value': 'EJ 88 42 63 I'}, 'picture': {'large': 'https://randomuser.me/api/portraits/women/3.jpg', 'medium': 'https://randomuser.me/api/portraits/med/women/3.jpg', 'thumbnail': 'https://randomuser.me/api/portraits/thumb/women/3.jpg'}, 'nat': 'GB'}</msg>
<arg>${json_data['results'][0]}</arg>
<doc>Logs the given message with the given level.</doc>
<status status="PASS" start="2024-03-21T10:14:00.052757" elapsed="0.000412"/>
</kw>
<kw name="Log" owner="BuiltIn">
<msg time="2024-03-21T10:14:00.053624" level="INFO">location</msg>
<arg>${key}</arg>
<doc>Logs the given message with the given level.</doc>
<status status="PASS" start="2024-03-21T10:14:00.053494" elapsed="0.000169"/>
</kw>
<var name="${key}">location</var>
<status status="PASS" start="2024-03-21T10:14:00.051795" elapsed="0.002088"/>
</iter>
<iter>
<kw name="Dictionary Should Contain Key" owner="Collections">
<msg time="2024-03-21T10:14:00.054545" level="INFO">False</msg>
<arg>${json_data['results'][0]}</arg>
<arg>${key}</arg>
<doc>Fails if ``key`` is not found from ``dictionary``.</doc>
<status status="PASS" start="2024-03-21T10:14:00.054168" elapsed="0.000416"/>
</kw>
<kw name="Log" owner="BuiltIn">
<msg time="2024-03-21T10:14:00.055239" level="INFO">{'gender': 'female', 'name': {'title': 'Miss', 'first': 'Danielle', 'last': 'Warren'}, 'location': {'street': {'number': 7128, 'name': 'Chester Road'}, 'city': 'Glasgow', 'state': 'Avon', 'country': 'United Kingdom', 'postcode': 'P4Q 5BJ', 'coordinates': {'latitude': '-9.7480', 'longitude': '135.6057'}, 'timezone': {'offset': '+9:30', 'description': 'Adelaide, Darwin'}}, 'email': 'danielle.warren@example.com', 'login': {'uuid': '3e1eb150-0572-4f1c-9430-8b0b0378ab59', 'username': 'angrylion722', 'password': 'colors', 'salt': 'vDi9eXfr', 'md5': '229c2c500ebdaad12801908839c0e5d4', 'sha1': 'c6dc0c1a5da4e84188357a099ce039b60885b6ec', 'sha256': 'e1e115f8e62a5dbeb245e9f1169d9c87c54bfe2a6fc07e6bdbd30ba5fb9a80a2'}, 'dob': {'date': '1946-03-17T21:54:42.593Z', 'age': 78}, 'registered': {'date': '2017-03-24T14:46:30.596Z', 'age': 6}, 'phone': '016973 29378', 'cell': '07921 783529', 'id': {'name': 'NINO', 'value': 'EJ 88 42 63 I'}, 'picture': {'large': 'https://randomuser.me/api/portraits/women/3.jpg', 'medium': 'https://randomuser.me/api/portraits/med/women/3.jpg', 'thumbnail': 'https://randomuser.me/api/portraits/thumb/women/3.jpg'}, 'nat': 'GB'}</msg>
<arg>${json_data['results'][0]}</arg>
<doc>Logs the given message with the given level.</doc>
<status status="PASS" start="2024-03-21T10:14:00.054876" elapsed="0.000411"/>
</kw>
<kw name="Log" owner="BuiltIn">
<msg time="2024-03-21T10:14:00.055705" level="INFO">email</msg>
<arg>${key}</arg>
<doc>Logs the given message with the given level.</doc>
<status status="PASS" start="2024-03-21T10:14:00.055578" elapsed="0.000166"/>
</kw>
<var name="${key}">email</var>
<status status="PASS" start="2024-03-21T10:14:00.054062" elapsed="0.001901"/>
</iter>
<iter>
<kw name="Dictionary Should Contain Key" owner="Collections">
<msg time="2024-03-21T10:14:00.056632" level="INFO">False</msg>
<arg>${json_data['results'][0]}</arg>
<arg>${key}</arg>
<doc>Fails if ``key`` is not found from ``dictionary``.</doc>
<status status="PASS" start="2024-03-21T10:14:00.056247" elapsed="0.000423"/>
</kw>
<kw name="Log" owner="BuiltIn">
<msg time="2024-03-21T10:14:00.057352" level="INFO">{'gender': 'female', 'name': {'title': 'Miss', 'first': 'Danielle', 'last': 'Warren'}, 'location': {'street': {'number': 7128, 'name': 'Chester Road'}, 'city': 'Glasgow', 'state': 'Avon', 'country': 'United Kingdom', 'postcode': 'P4Q 5BJ', 'coordinates': {'latitude': '-9.7480', 'longitude': '135.6057'}, 'timezone': {'offset': '+9:30', 'description': 'Adelaide, Darwin'}}, 'email': 'danielle.warren@example.com', 'login': {'uuid': '3e1eb150-0572-4f1c-9430-8b0b0378ab59', 'username': 'angrylion722', 'password': 'colors', 'salt': 'vDi9eXfr', 'md5': '229c2c500ebdaad12801908839c0e5d4', 'sha1': 'c6dc0c1a5da4e84188357a099ce039b60885b6ec', 'sha256': 'e1e115f8e62a5dbeb245e9f1169d9c87c54bfe2a6fc07e6bdbd30ba5fb9a80a2'}, 'dob': {'date': '1946-03-17T21:54:42.593Z', 'age': 78}, 'registered': {'date': '2017-03-24T14:46:30.596Z', 'age': 6}, 'phone': '016973 29378', 'cell': '07921 783529', 'id': {'name': 'NINO', 'value': 'EJ 88 42 63 I'}, 'picture': {'large': 'https://randomuser.me/api/portraits/women/3.jpg', 'medium': 'https://randomuser.me/api/portraits/med/women/3.jpg', 'thumbnail': 'https://randomuser.me/api/portraits/thumb/women/3.jpg'}, 'nat': 'GB'}</msg>
<arg>${json_data['results'][0]}</arg>
<doc>Logs the given message with the given level.</doc>
<status status="PASS" start="2024-03-21T10:14:00.056967" elapsed="0.000434"/>
</kw>
<kw name="Log" owner="BuiltIn">
<msg time="2024-03-21T10:14:00.057839" level="INFO">login</msg>
<arg>${key}</arg>
<doc>Logs the given message with the given level.</doc>
<status status="PASS" start="2024-03-21T10:14:00.057707" elapsed="0.000174"/>
</kw>
<var name="${key}">login</var>
<status status="PASS" start="2024-03-21T10:14:00.056142" elapsed="0.001987"/>
</iter>
<var>${key}</var>
<value>@{expected_keys}</value>
<status status="PASS" start="2024-03-21T10:14:00.047229" elapsed="0.011032"/>
</for>
<kw name="Create List" owner="BuiltIn">
<msg time="2024-03-21T10:14:00.058593" level="INFO">${expected_keysTwo} = ['username', 'password']</msg>
<var>${expected_keysTwo}</var>
<arg>username</arg>
<arg>password</arg>
<doc>Returns a list containing given items.</doc>
<status status="PASS" start="2024-03-21T10:14:00.058452" elapsed="0.000166"/>
</kw>
<for flavor="IN">
<iter>
<kw name="Dictionary Should Contain Key" owner="Collections">
<msg time="2024-03-21T10:14:00.059520" level="INFO">False</msg>
<arg>${json_data['results'][0]['login']}</arg>
<arg>${keyTwo}</arg>
<doc>Fails if ``key`` is not found from ``dictionary``.</doc>
<status status="PASS" start="2024-03-21T10:14:00.059131" elapsed="0.000427"/>
</kw>
<kw name="Dictionary Should Contain Key" owner="Collections">
<msg time="2024-03-21T10:14:00.060233" level="INFO">False</msg>
<arg>${json_data['results'][0]['login']}</arg>
<arg>${keyTwo}</arg>
<doc>Fails if ``key`` is not found from ``dictionary``.</doc>
<status status="PASS" start="2024-03-21T10:14:00.059856" elapsed="0.000415"/>
</kw>
<kw name="Log" owner="BuiltIn">
<msg time="2024-03-21T10:14:00.060691" level="INFO">username</msg>
<arg>${keyTwo}</arg>
<doc>Logs the given message with the given level.</doc>
<status status="PASS" start="2024-03-21T10:14:00.060562" elapsed="0.000168"/>
</kw>
<var name="${keyTwo}">username</var>
<status status="PASS" start="2024-03-21T10:14:00.059027" elapsed="0.001926"/>
</iter>
<iter>
<kw name="Dictionary Should Contain Key" owner="Collections">
<msg time="2024-03-21T10:14:00.061650" level="INFO">False</msg>
<arg>${json_data['results'][0]['login']}</arg>
<arg>${keyTwo}</arg>
<doc>Fails if ``key`` is not found from ``dictionary``.</doc>
<status status="PASS" start="2024-03-21T10:14:00.061238" elapsed="0.000451"/>
</kw>
<kw name="Dictionary Should Contain Key" owner="Collections">
<msg time="2024-03-21T10:14:00.062360" level="INFO">False</msg>
<arg>${json_data['results'][0]['login']}</arg>
<arg>${keyTwo}</arg>
<doc>Fails if ``key`` is not found from ``dictionary``.</doc>
<status status="PASS" start="2024-03-21T10:14:00.061977" elapsed="0.000421"/>
</kw>
<kw name="Log" owner="BuiltIn">
<msg time="2024-03-21T10:14:00.062811" level="INFO">password</msg>
<arg>${keyTwo}</arg>
<doc>Logs the given message with the given level.</doc>
<status status="PASS" start="2024-03-21T10:14:00.062685" elapsed="0.000165"/>
</kw>
<var name="${keyTwo}">password</var>
<status status="PASS" start="2024-03-21T10:14:00.061133" elapsed="0.001935"/>
</iter>
<var>${keyTwo}</var>
<value>@{expected_keysTwo}</value>
<status status="PASS" start="2024-03-21T10:14:00.058871" elapsed="0.004320"/>
</for>
<status status="PASS" start="2024-03-21T10:13:59.948690" elapsed="0.114648"/>
</kw>
<doc>Testa a estrutura da resposta da API.</doc>
<tag>testeEstruturaResposta</tag>
<status status="PASS" start="2024-03-21T10:13:59.948132" elapsed="0.115372"/>
</test>
<test id="s1-s1-t4" name="Validar tipos de dados" line="39">
<kw name="Teste de Tipos de Dados">
<kw name="GET On Session" owner="RequestsLibrary">
<msg time="2024-03-21T10:14:00.150272" level="INFO">GET Request : url=https://randomuser.me/api 
 path_url=/api 
 headers={'User-Agent': 'python-requests/2.31.0', 'Accept-Encoding': 'gzip, deflate', 'Accept': '*/*', 'Connection': 'keep-alive'} 
 body=None 
 </msg>
<msg time="2024-03-21T10:14:00.150377" level="INFO">GET Response : url=https://randomuser.me/api 
 status=200, reason=OK 
 headers={'Date': 'Thu, 21 Mar 2024 10:14:00 GMT', 'Content-Type': 'application/json; charset=utf-8', 'Transfer-Encoding': 'chunked', 'Connection': 'keep-alive', 'X-Powered-By': 'Express', 'Access-Control-Allow-Origin': '*', 'Cache-Control': 'no-cache', 'ETag': 'W/"497-tiZUKPhjTlIw3DFh6EuBLIwJHco"', 'Vary': 'Accept-Encoding', 'Content-Encoding': 'gzip', 'CF-Cache-Status': 'DYNAMIC', 'Report-To': '{"endpoints":[{"url":"https:\\/\\/a.nel.cloudflare.com\\/report\\/v4?s=copRr25bJbQTtBb0FynC2Kh2JMEL9Um5ZIM0IV3x5KmxPtDzKo7wu9Z7Az4t6qtbDzvCQBG%2FJyY1hfd5H3%2FP8%2BE1LANgoKSlMdystdN4YD3TAj2ITEiGoxk8tjsjGb8p"}],"group":"cf-nel","max_age":604800}', 'NEL': '{"success_fraction":0,"report_to":"cf-nel","max_age":604800}', 'Server': 'cloudflare', 'CF-RAY': '867d2c2a6d3362fc-ORD', 'alt-svc': 'h3=":443"; ma=86400'} 
 body={"results":[{"gender":"male","name":{"title":"Mr","first":"Manthan","last":"Prabhakaran"},"location":{"street":{"number":3173,"name":"Gali Paranthe Wali"},"city":"Giridih","state":"Chhattisgarh","country":"India","postcode":27302,"coordinates":{"latitude":"7.6898","longitude":"-98.2183"},"timezone":{"offset":"-3:00","description":"Brazil, Buenos Aires, Georgetown"}},"email":"manthan.prabhakaran@example.com","login":{"uuid":"9a554523-8647-4fbe-a8bf-d65380d9c7aa","username":"silverwolf846","password":"ling","salt":"FzrB8Q3O","md5":"158faea5c1606d5f588235f63eb5faae","sha1":"a9554137c9321f199647fd016246a697254c4388","sha256":"e377467582b41420c9ecfb955557c7871cb78366403b28468eeebf5376a99ac6"},"dob":{"date":"1966-05-14T13:05:11.943Z","age":57},"registered":{"date":"2008-09-06T08:48:09.380Z","age":15},"phone":"8086746644","cell":"7873679761","id":{"name":"UIDAI","value":"025415443141"},"picture":{"large":"https://randomuser.me/api/portraits/men/18.jpg","medium":"https://randomuser.me/api/portraits/med/men/18.jpg","thumbnail":"https://randomuser.me/api/portraits/thumb/men/18.jpg"},"nat":"IN"}],"info":{"seed":"f3844adbc852b76c","results":1,"page":1,"version":"1.4"}} 
 </msg>
<msg time="2024-03-21T10:14:00.150452" level="INFO">/opt/hostedtoolcache/Python/3.12.2/x64/lib/python3.12/site-packages/urllib3/connectionpool.py:1103: InsecureRequestWarning: Unverified HTTPS request is being made to host 'randomuser.me'. Adding certificate verification is strongly advised. See: https://urllib3.readthedocs.io/en/latest/advanced-usage.html#tls-warnings
  warnings.warn(</msg>
<msg time="2024-03-21T10:14:00.150579" level="INFO">${response} = &lt;Response [200]&gt;</msg>
<var>${response}</var>
<arg>consultarAPI</arg>
<arg>/api</arg>
<doc>Sends a GET request on a previously created HTTP Session.</doc>
<status status="PASS" start="2024-03-21T10:14:00.065980" elapsed="0.084640"/>
</kw>
<kw name="Set Variable" owner="BuiltIn">
<msg time="2024-03-21T10:14:00.151620" level="INFO">${json_data} = {'results': [{'gender': 'male', 'name': {'title': 'Mr', 'first': 'Manthan', 'last': 'Prabhakaran'}, 'location': {'street': {'number': 3173, 'name': 'Gali Paranthe Wali'}, 'city': 'Giridih', 'state': '...</msg>
<var>${json_data}</var>
<arg>${response.json()}</arg>
<doc>Returns the given values which can then be assigned to a variables.</doc>
<status status="PASS" start="2024-03-21T10:14:00.151109" elapsed="0.000544"/>
</kw>
<kw name="Log" owner="BuiltIn">
<msg time="2024-03-21T10:14:00.152124" level="INFO">{'results': [{'gender': 'male', 'name': {'title': 'Mr', 'first': 'Manthan', 'last': 'Prabhakaran'}, 'location': {'street': {'number': 3173, 'name': 'Gali Paranthe Wali'}, 'city': 'Giridih', 'state': 'Chhattisgarh', 'country': 'India', 'postcode': 27302, 'coordinates': {'latitude': '7.6898', 'longitude': '-98.2183'}, 'timezone': {'offset': '-3:00', 'description': 'Brazil, Buenos Aires, Georgetown'}}, 'email': 'manthan.prabhakaran@example.com', 'login': {'uuid': '9a554523-8647-4fbe-a8bf-d65380d9c7aa', 'username': 'silverwolf846', 'password': 'ling', 'salt': 'FzrB8Q3O', 'md5': '158faea5c1606d5f588235f63eb5faae', 'sha1': 'a9554137c9321f199647fd016246a697254c4388', 'sha256': 'e377467582b41420c9ecfb955557c7871cb78366403b28468eeebf5376a99ac6'}, 'dob': {'date': '1966-05-14T13:05:11.943Z', 'age': 57}, 'registered': {'date': '2008-09-06T08:48:09.380Z', 'age': 15}, 'phone': '8086746644', 'cell': '7873679761', 'id': {'name': 'UIDAI', 'value': '025415443141'}, 'picture': {'large': 'https://randomuser.me/api/portraits/men/18.jpg', 'medium': 'https://randomuser.me/api/portraits/med/men/18.jpg', 'thumbnail': 'https://randomuser.me/api/portraits/thumb/men/18.jpg'}, 'nat': 'IN'}], 'info': {'seed': 'f3844adbc852b76c', 'results': 1, 'page': 1, 'version': '1.4'}}</msg>
<arg>${json_data}</arg>
<doc>Logs the given message with the given level.</doc>
<status status="PASS" start="2024-03-21T10:14:00.151963" elapsed="0.000247"/>
</kw>
<kw name="Should Be String" owner="String">
<arg>${json_data['results'][0]['gender']}</arg>
<doc>Fails if the given ``item`` is not a string.</doc>
<status status="PASS" start="2024-03-21T10:14:00.152509" elapsed="0.000371"/>
</kw>
<kw name="Should Match Regexp" owner="BuiltIn">
<arg>${json_data['results'][0]['email']}</arg>
<arg>^[a-zA-Z0-9._%+-]+@[a-zA-Z0-9.-]+\.[a-zA-Z]{2,}$</arg>
<doc>Fails if ``string`` does not match ``pattern`` as a regular expression.</doc>
<status status="PASS" start="2024-03-21T10:14:00.153073" elapsed="0.000740"/>
</kw>
<kw name="Should Match Regexp" owner="BuiltIn">
<arg>${json_data['results'][0]['dob']['date']}</arg>
<arg>\\d{4}-\\d{2}-\\d{2}T\\d{2}:\\d{2}:\\d{2}\\.\\d{3}Z</arg>
<doc>Fails if ``string`` does not match ``pattern`` as a regular expression.</doc>
<status status="PASS" start="2024-03-21T10:14:00.154011" elapsed="0.000490"/>
</kw>
<kw name="Should Match Regexp" owner="BuiltIn">
<arg>${json_data['results'][0]['registered']['date']}</arg>
<arg>\\d{4}-\\d{2}-\\d{2}T\\d{2}:\\d{2}:\\d{2}\\.\\d{3}Z</arg>
<doc>Fails if ``string`` does not match ``pattern`` as a regular expression.</doc>
<status status="PASS" start="2024-03-21T10:14:00.154690" elapsed="0.000371"/>
</kw>
<kw name="Should Match Regexp" owner="BuiltIn">
<arg>${json_data['results'][0]['picture']['large']}</arg>
<arg>^https?://.*\.(?:png|jpe?g|gif|bmp)$</arg>
<doc>Fails if ``string`` does not match ``pattern`` as a regular expression.</doc>
<status status="PASS" start="2024-03-21T10:14:00.155264" elapsed="0.000475"/>
</kw>
<kw name="Should Match Regexp" owner="BuiltIn">
<arg>${json_data['results'][0]['picture']['medium']}</arg>
<arg>^https?://.*\.(?:png|jpe?g|gif|bmp)$</arg>
<doc>Fails if ``string`` does not match ``pattern`` as a regular expression.</doc>
<status status="PASS" start="2024-03-21T10:14:00.155924" elapsed="0.000356"/>
</kw>
<kw name="Should Match Regexp" owner="BuiltIn">
<arg>${json_data['results'][0]['picture']['thumbnail']}</arg>
<arg>^https?://.*\.(?:png|jpe?g|gif|bmp)$</arg>
<doc>Fails if ``string`` does not match ``pattern`` as a regular expression.</doc>
<status status="PASS" start="2024-03-21T10:14:00.156459" elapsed="0.000351"/>
</kw>
<kw name="Log" owner="BuiltIn">
<msg time="2024-03-21T10:14:00.157336" level="INFO">{'large': 'https://randomuser.me/api/portraits/men/18.jpg', 'medium': 'https://randomuser.me/api/portraits/med/men/18.jpg', 'thumbnail': 'https://randomuser.me/api/portraits/thumb/men/18.jpg'}</msg>
<arg>${json_data['results'][0]['picture']}</arg>
<doc>Logs the given message with the given level.</doc>
<status status="PASS" start="2024-03-21T10:14:00.156988" elapsed="0.000397"/>
</kw>
<status status="PASS" start="2024-03-21T10:14:00.065756" elapsed="0.091994"/>
</kw>
<kw name="Teste de Tipos de Dados - Postcode">
<kw name="GET On Session" owner="RequestsLibrary">
<msg time="2024-03-21T10:14:00.242996" level="INFO">GET Request : url=https://randomuser.me/api 
 path_url=/api 
 headers={'User-Agent': 'python-requests/2.31.0', 'Accept-Encoding': 'gzip, deflate', 'Accept': '*/*', 'Connection': 'keep-alive'} 
 body=None 
 </msg>
<msg time="2024-03-21T10:14:00.243096" level="INFO">GET Response : url=https://randomuser.me/api 
 status=200, reason=OK 
 headers={'Date': 'Thu, 21 Mar 2024 10:14:00 GMT', 'Content-Type': 'application/json; charset=utf-8', 'Transfer-Encoding': 'chunked', 'Connection': 'keep-alive', 'X-Powered-By': 'Express', 'Access-Control-Allow-Origin': '*', 'Cache-Control': 'no-cache', 'ETag': 'W/"4a3-EbkrQylYcrTSt0sg7YMQ6bUz0CY"', 'Vary': 'Accept-Encoding', 'Content-Encoding': 'gzip', 'CF-Cache-Status': 'DYNAMIC', 'Report-To': '{"endpoints":[{"url":"https:\\/\\/a.nel.cloudflare.com\\/report\\/v4?s=4mtyQjDot%2BY%2FhwQFmozFAsFj3dGOZ5EyFE0RJcofFCaVe5YfwAse%2FSkeDFf6LG0%2Bg%2BPB1eVymu%2BTu7ioimBCcw4BQIxFyfzpQ2se5k3OKQrUhwoWxOEwtfOHAmMWGOxX"}],"group":"cf-nel","max_age":604800}', 'NEL': '{"success_fraction":0,"report_to":"cf-nel","max_age":604800}', 'Server': 'cloudflare', 'CF-RAY': '867d2c2b0d7162fc-ORD', 'alt-svc': 'h3=":443"; ma=86400'} 
 body={"results":[{"gender":"female","name":{"title":"Ms","first":"Anzhela","last":"Filipenko"},"location":{"street":{"number":8776,"name":"Komsomolska"},"city":"Svalyava","state":"Avtonomna Respublika Krim","country":"Ukraine","postcode":94623,"coordinates":{"latitude":"80.4922","longitude":"43.3961"},"timezone":{"offset":"+9:00","description":"Tokyo, Seoul, Osaka, Sapporo, Yakutsk"}},"email":"anzhela.filipenko@example.com","login":{"uuid":"1edee6c0-f78e-494b-8d4d-47e349496992","username":"smallfish534","password":"daewoo","salt":"EF5LsSqY","md5":"0bb44c1211d48932693d65348fcc0b07","sha1":"3530072ba7e7fb87347f3566944b6506982bf9ec","sha256":"ec301128b770bd6a0f4d57cdf0fa3f27ef7fad6136b777afc3aa27d264345a0e"},"dob":{"date":"1995-04-07T12:09:33.382Z","age":28},"registered":{"date":"2006-01-01T06:55:16.120Z","age":18},"phone":"(097) G54-6513","cell":"(067) B38-5943","id":{"name":"","value":null},"picture":{"large":"https://randomuser.me/api/portraits/women/29.jpg","medium":"https://randomuser.me/api/portraits/med/women/29.jpg","thumbnail":"https://randomuser.me/api/portraits/thumb/women/29.jpg"},"nat":"UA"}],"info":{"seed":"9e3419e149e8070c","results":1,"page":1,"version":"1.4"}} 
 </msg>
<msg time="2024-03-21T10:14:00.243160" level="INFO">/opt/hostedtoolcache/Python/3.12.2/x64/lib/python3.12/site-packages/urllib3/connectionpool.py:1103: InsecureRequestWarning: Unverified HTTPS request is being made to host 'randomuser.me'. Adding certificate verification is strongly advised. See: https://urllib3.readthedocs.io/en/latest/advanced-usage.html#tls-warnings
  warnings.warn(</msg>
<msg time="2024-03-21T10:14:00.243282" level="INFO">${response} = &lt;Response [200]&gt;</msg>
<var>${response}</var>
<arg>consultarAPI</arg>
<arg>/api</arg>
<doc>Sends a GET request on a previously created HTTP Session.</doc>
<status status="PASS" start="2024-03-21T10:14:00.158227" elapsed="0.085095"/>
</kw>
<kw name="Set Variable" owner="BuiltIn">
<msg time="2024-03-21T10:14:00.244519" level="INFO">${json_data} = {'results': [{'gender': 'female', 'name': {'title': 'Ms', 'first': 'Anzhela', 'last': 'Filipenko'}, 'location': {'street': {'number': 8776, 'name': 'Komsomolska'}, 'city': 'Svalyava', 'state': 'Avtono...</msg>
<var>${json_data}</var>
<arg>${response.json()}</arg>
<doc>Returns the given values which can then be assigned to a variables.</doc>
<status status="PASS" start="2024-03-21T10:14:00.243951" elapsed="0.000597"/>
</kw>
<kw name="Log" owner="BuiltIn">
<msg time="2024-03-21T10:14:00.245024" level="INFO">{'results': [{'gender': 'female', 'name': {'title': 'Ms', 'first': 'Anzhela', 'last': 'Filipenko'}, 'location': {'street': {'number': 8776, 'name': 'Komsomolska'}, 'city': 'Svalyava', 'state': 'Avtonomna Respublika Krim', 'country': 'Ukraine', 'postcode': 94623, 'coordinates': {'latitude': '80.4922', 'longitude': '43.3961'}, 'timezone': {'offset': '+9:00', 'description': 'Tokyo, Seoul, Osaka, Sapporo, Yakutsk'}}, 'email': 'anzhela.filipenko@example.com', 'login': {'uuid': '1edee6c0-f78e-494b-8d4d-47e349496992', 'username': 'smallfish534', 'password': 'daewoo', 'salt': 'EF5LsSqY', 'md5': '0bb44c1211d48932693d65348fcc0b07', 'sha1': '3530072ba7e7fb87347f3566944b6506982bf9ec', 'sha256': 'ec301128b770bd6a0f4d57cdf0fa3f27ef7fad6136b777afc3aa27d264345a0e'}, 'dob': {'date': '1995-04-07T12:09:33.382Z', 'age': 28}, 'registered': {'date': '2006-01-01T06:55:16.120Z', 'age': 18}, 'phone': '(097) G54-6513', 'cell': '(067) B38-5943', 'id': {'name': '', 'value': None}, 'picture': {'large': 'https://randomuser.me/api/portraits/women/29.jpg', 'medium': 'https://randomuser.me/api/portraits/med/women/29.jpg', 'thumbnail': 'https://randomuser.me/api/portraits/thumb/women/29.jpg'}, 'nat': 'UA'}], 'info': {'seed': '9e3419e149e8070c', 'results': 1, 'page': 1, 'version': '1.4'}}</msg>
<arg>${json_data}</arg>
<doc>Logs the given message with the given level.</doc>
<status status="PASS" start="2024-03-21T10:14:00.244866" elapsed="0.000248"/>
</kw>
<kw name="Should Be Equal As Numbers" owner="BuiltIn">
<arg>${json_data['results'][0]['location']['postcode']}</arg>
<arg>${json_data['results'][0]['location']['postcode']}</arg>
<doc>Fails if objects are unequal after converting them to real numbers.</doc>
<status status="PASS" start="2024-03-21T10:14:00.245460" elapsed="0.000637"/>
</kw>
<kw name="Log" owner="BuiltIn">
<msg time="2024-03-21T10:14:00.246628" level="INFO">94623</msg>
<arg>${json_data['results'][0]['location']['postcode']}</arg>
<doc>Logs the given message with the given level.</doc>
<status status="PASS" start="2024-03-21T10:14:00.246289" elapsed="0.000380"/>
</kw>
<status status="PASS" start="2024-03-21T10:14:00.157999" elapsed="0.088932"/>
</kw>
<doc>Testa se os tipos de dados na resposta da API estão corretos.</doc>
<tag>testeTiposDados</tag>
<status status="PASS" start="2024-03-21T10:14:00.065260" elapsed="0.181846"/>
</test>
<test id="s1-s1-t5" name="Validar conteudo" line="46">
<kw name="Teste de Tipos de Conteudo">
<kw name="GET On Session" owner="RequestsLibrary">
<msg time="2024-03-21T10:14:00.342823" level="INFO">GET Request : url=https://randomuser.me/api 
 path_url=/api 
 headers={'User-Agent': 'python-requests/2.31.0', 'Accept-Encoding': 'gzip, deflate', 'Accept': '*/*', 'Connection': 'keep-alive'} 
 body=None 
 </msg>
<msg time="2024-03-21T10:14:00.342931" level="INFO">GET Response : url=https://randomuser.me/api 
 status=200, reason=OK 
 headers={'Date': 'Thu, 21 Mar 2024 10:14:00 GMT', 'Content-Type': 'application/json; charset=utf-8', 'Transfer-Encoding': 'chunked', 'Connection': 'keep-alive', 'X-Powered-By': 'Express', 'Access-Control-Allow-Origin': '*', 'Cache-Control': 'no-cache', 'ETag': 'W/"48f-+WCjWArDVA8ggs5zOr8OBOzzmNw"', 'Vary': 'Accept-Encoding', 'Content-Encoding': 'gzip', 'CF-Cache-Status': 'DYNAMIC', 'Report-To': '{"endpoints":[{"url":"https:\\/\\/a.nel.cloudflare.com\\/report\\/v4?s=Wvx6NL4rEoZkZ0IOMQxTOOL%2FNb95lheNquAFvStLxgTutCH%2BwCPPALqcHVcCmbMxOS0d02juwcM3VPRpN4eyrZy3pgCC3UXWrswJ%2Bi2kYNmBRwbijwAtgLwIigEbfQAx"}],"group":"cf-nel","max_age":604800}', 'NEL': '{"success_fraction":0,"report_to":"cf-nel","max_age":604800}', 'Server': 'cloudflare', 'CF-RAY': '867d2c2b9d9e62fc-ORD', 'alt-svc': 'h3=":443"; ma=86400'} 
 body={"results":[{"gender":"male","name":{"title":"Mr","first":"Dylan","last":"Parker"},"location":{"street":{"number":9150,"name":"Killarney Road"},"city":"Oranmore","state":"Dublin City","country":"Ireland","postcode":93010,"coordinates":{"latitude":"-2.2618","longitude":"-49.5317"},"timezone":{"offset":"+9:00","description":"Tokyo, Seoul, Osaka, Sapporo, Yakutsk"}},"email":"dylan.parker@example.com","login":{"uuid":"4bee5b3e-8dc7-4556-bd8a-cdaffb39bcdc","username":"orangeostrich799","password":"spring","salt":"H2VCvwAC","md5":"c2cd47cb6bc5ac7a44d5e0cfc3fa659f","sha1":"b02418c32622d91e6f53ed47f833145eb7eac406","sha256":"aa3e3896dab8abe7bfc31395a8522863894c830689db9fcc9124224ed891c568"},"dob":{"date":"1991-03-17T20:49:32.777Z","age":33},"registered":{"date":"2015-03-30T02:37:08.539Z","age":8},"phone":"071-715-6887","cell":"081-945-9120","id":{"name":"PPS","value":"2238520T"},"picture":{"large":"https://randomuser.me/api/portraits/men/93.jpg","medium":"https://randomuser.me/api/portraits/med/men/93.jpg","thumbnail":"https://randomuser.me/api/portraits/thumb/men/93.jpg"},"nat":"IE"}],"info":{"seed":"49ba394735db34c0","results":1,"page":1,"version":"1.4"}} 
 </msg>
<msg time="2024-03-21T10:14:00.342995" level="INFO">/opt/hostedtoolcache/Python/3.12.2/x64/lib/python3.12/site-packages/urllib3/connectionpool.py:1103: InsecureRequestWarning: Unverified HTTPS request is being made to host 'randomuser.me'. Adding certificate verification is strongly advised. See: https://urllib3.readthedocs.io/en/latest/advanced-usage.html#tls-warnings
  warnings.warn(</msg>
<msg time="2024-03-21T10:14:00.343122" level="INFO">${response} = &lt;Response [200]&gt;</msg>
<var>${response}</var>
<arg>consultarAPI</arg>
<arg>/api</arg>
<doc>Sends a GET request on a previously created HTTP Session.</doc>
<status status="PASS" start="2024-03-21T10:14:00.249662" elapsed="0.093502"/>
</kw>
<kw name="Set Variable" owner="BuiltIn">
<msg time="2024-03-21T10:14:00.344350" level="INFO">${json_data} = {'results': [{'gender': 'male', 'name': {'title': 'Mr', 'first': 'Dylan', 'last': 'Parker'}, 'location': {'street': {'number': 9150, 'name': 'Killarney Road'}, 'city': 'Oranmore', 'state': 'Dublin Cit...</msg>
<var>${json_data}</var>
<arg>${response.json()}</arg>
<doc>Returns the given values which can then be assigned to a variables.</doc>
<status status="PASS" start="2024-03-21T10:14:00.343795" elapsed="0.000583"/>
</kw>
<kw name="Set Variable" owner="BuiltIn">
<msg time="2024-03-21T10:14:00.345074" level="INFO">${name_title} = Mr</msg>
<var>${name_title}</var>
<arg>${json_data["results"][0]["name"]["title"]}</arg>
<doc>Returns the given values which can then be assigned to a variables.</doc>
<status status="PASS" start="2024-03-21T10:14:00.344679" elapsed="0.000420"/>
</kw>
<kw name="Create List" owner="BuiltIn">
<msg time="2024-03-21T10:14:00.345599" level="INFO">${allowed_titles} = ['Mr', 'Ms', 'Miss', 'Mrs', 'Madame', 'Monsieur']</msg>
<var>${allowed_titles}</var>
<arg>Mr</arg>
<arg>Ms</arg>
<arg>Miss</arg>
<arg>Mrs</arg>
<arg>Madame</arg>
<arg>Monsieur</arg>
<doc>Returns a list containing given items.</doc>
<status status="PASS" start="2024-03-21T10:14:00.345443" elapsed="0.000182"/>
</kw>
<kw name="List Should Contain Value" owner="Collections">
<msg time="2024-03-21T10:14:00.346122" level="INFO">False</msg>
<arg>${allowed_titles}</arg>
<arg>${name_title}</arg>
<doc>Fails if the ``value`` is not found from ``list``.</doc>
<status status="PASS" start="2024-03-21T10:14:00.345948" elapsed="0.000211"/>
</kw>
<kw name="Set Variable" owner="BuiltIn">
<msg time="2024-03-21T10:14:00.346824" level="INFO">${name_country} = IE</msg>
<var>${name_country}</var>
<arg>${json_data["results"][0]["nat"]}</arg>
<doc>Returns the given values which can then be assigned to a variables.</doc>
<status status="PASS" start="2024-03-21T10:14:00.346447" elapsed="0.000402"/>
</kw>
<kw name="Create List" owner="BuiltIn">
<msg time="2024-03-21T10:14:00.347750" level="INFO">${list_country} = ['AD', 'AE', 'AF', 'AG', 'AI', 'AL', 'AM', 'AO', 'AQ', 'AR', 'AS', 'AT', 'AU', 'AW', 'AX', 'AZ', 'BA', 'BB', 'BD', 'BE', 'BF', 'BG', 'BH', 'BI', 'BJ', 'BL', 'BM', 'BN', 'BO', 'BQ', 'BR', 'BS', 'BT', '...</msg>
<var>${list_country}</var>
<arg>AD</arg>
<arg>AE</arg>
<arg>AF</arg>
<arg>AG</arg>
<arg>AI</arg>
<arg>AL</arg>
<arg>AM</arg>
<arg>AO</arg>
<arg>AQ</arg>
<arg>AR</arg>
<arg>AS</arg>
<arg>AT</arg>
<arg>AU</arg>
<arg>AW</arg>
<arg>AX</arg>
<arg>AZ</arg>
<arg>BA</arg>
<arg>BB</arg>
<arg>BD</arg>
<arg>BE</arg>
<arg>BF</arg>
<arg>BG</arg>
<arg>BH</arg>
<arg>BI</arg>
<arg>BJ</arg>
<arg>BL</arg>
<arg>BM</arg>
<arg>BN</arg>
<arg>BO</arg>
<arg>BQ</arg>
<arg>BR</arg>
<arg>BS</arg>
<arg>BT</arg>
<arg>BV</arg>
<arg>BW</arg>
<arg>BY</arg>
<arg>BZ</arg>
<arg>CA</arg>
<arg>CC</arg>
<arg>CD</arg>
<arg>CF</arg>
<arg>CG</arg>
<arg>CH</arg>
<arg>CI</arg>
<arg>CK</arg>
<arg>CL</arg>
<arg>CM</arg>
<arg>CN</arg>
<arg>CO</arg>
<arg>CR</arg>
<arg>CU</arg>
<arg>CV</arg>
<arg>CW</arg>
<arg>CX</arg>
<arg>CY</arg>
<arg>CZ</arg>
<arg>DE</arg>
<arg>DJ</arg>
<arg>DK</arg>
<arg>DM</arg>
<arg>DO</arg>
<arg>DZ</arg>
<arg>EC</arg>
<arg>EE</arg>
<arg>EG</arg>
<arg>EH</arg>
<arg>ER</arg>
<arg>ES</arg>
<arg>ET</arg>
<arg>FI</arg>
<arg>FJ</arg>
<arg>FK</arg>
<arg>FM</arg>
<arg>FO</arg>
<arg>FR</arg>
<arg>GA</arg>
<arg>GB</arg>
<arg>GD</arg>
<arg>GE</arg>
<arg>GF</arg>
<arg>GG</arg>
<arg>GH</arg>
<arg>GI</arg>
<arg>GL</arg>
<arg>GM</arg>
<arg>GN</arg>
<arg>GP</arg>
<arg>GQ</arg>
<arg>GR</arg>
<arg>GS</arg>
<arg>GT</arg>
<arg>GU</arg>
<arg>GW</arg>
<arg>GY</arg>
<arg>HK</arg>
<arg>HM</arg>
<arg>HN</arg>
<arg>HR</arg>
<arg>HT</arg>
<arg>HU</arg>
<arg>ID</arg>
<arg>IE</arg>
<arg>IL</arg>
<arg>IM</arg>
<arg>IN</arg>
<arg>IO</arg>
<arg>IQ</arg>
<arg>IR</arg>
<arg>IS</arg>
<arg>IT</arg>
<arg>JE</arg>
<arg>JM</arg>
<arg>JO</arg>
<arg>JP</arg>
<arg>KE</arg>
<arg>KG</arg>
<arg>KH</arg>
<arg>KI</arg>
<arg>KM</arg>
<arg>KN</arg>
<arg>KP</arg>
<arg>KR</arg>
<arg>KW</arg>
<arg>KY</arg>
<arg>KZ</arg>
<arg>LA</arg>
<arg>LB</arg>
<arg>LC</arg>
<arg>LI</arg>
<arg>LK</arg>
<arg>LR</arg>
<arg>LS</arg>
<arg>LT</arg>
<arg>LU</arg>
<arg>LV</arg>
<arg>LY</arg>
<arg>MA</arg>
<arg>MC</arg>
<arg>MD</arg>
<arg>ME</arg>
<arg>MF</arg>
<arg>MG</arg>
<arg>MH</arg>
<arg>MK</arg>
<arg>ML</arg>
<arg>MM</arg>
<arg>MN</arg>
<arg>MO</arg>
<arg>MP</arg>
<arg>MQ</arg>
<arg>MR</arg>
<arg>MS</arg>
<arg>MT</arg>
<arg>MU</arg>
<arg>MV</arg>
<arg>MW</arg>
<arg>MX</arg>
<arg>MY</arg>
<arg>MZ</arg>
<arg>NA</arg>
<arg>NC</arg>
<arg>NE</arg>
<arg>NF</arg>
<arg>NG</arg>
<arg>NI</arg>
<arg>NL</arg>
<arg>NO</arg>
<arg>NP</arg>
<arg>NR</arg>
<arg>NU</arg>
<arg>NZ</arg>
<arg>OM</arg>
<arg>PA</arg>
<arg>PE</arg>
<arg>PF</arg>
<arg>PG</arg>
<arg>PH</arg>
<arg>PK</arg>
<arg>PL</arg>
<arg>PM</arg>
<arg>PN</arg>
<arg>PR</arg>
<arg>PS</arg>
<arg>PT</arg>
<arg>PW</arg>
<arg>PY</arg>
<arg>QA</arg>
<arg>RE</arg>
<arg>RO</arg>
<arg>RS</arg>
<arg>RU</arg>
<arg>RW</arg>
<arg>SA</arg>
<arg>SB</arg>
<arg>SC</arg>
<arg>SD</arg>
<arg>SE</arg>
<arg>SG</arg>
<arg>SH</arg>
<arg>SI</arg>
<arg>SJ</arg>
<arg>SK</arg>
<arg>SL</arg>
<arg>SM</arg>
<arg>SN</arg>
<arg>SO</arg>
<arg>SR</arg>
<arg>SS</arg>
<arg>ST</arg>
<arg>SV</arg>
<arg>SX</arg>
<arg>SY</arg>
<arg>SZ</arg>
<arg>TC</arg>
<arg>TD</arg>
<arg>TF</arg>
<arg>TG</arg>
<arg>TH</arg>
<arg>TJ</arg>
<arg>TK</arg>
<arg>TL</arg>
<arg>TM</arg>
<arg>TN</arg>
<arg>TO</arg>
<arg>TR</arg>
<arg>TT</arg>
<arg>TV</arg>
<arg>TW</arg>
<arg>TZ</arg>
<arg>UA</arg>
<arg>UG</arg>
<arg>UM</arg>
<arg>US</arg>
<arg>UY</arg>
<arg>UZ</arg>
<arg>VA</arg>
<arg>VC</arg>
<arg>VE</arg>
<arg>VG</arg>
<arg>VI</arg>
<arg>VN</arg>
<arg>VU</arg>
<arg>WF</arg>
<arg>WS</arg>
<arg>XK</arg>
<arg>YE</arg>
<arg>YT</arg>
<arg>ZA</arg>
<arg>ZM</arg>
<arg>ZW</arg>
<doc>Returns a list containing given items.</doc>
<status status="PASS" start="2024-03-21T10:14:00.347142" elapsed="0.000633"/>
</kw>
<kw name="List Should Contain Value" owner="Collections">
<msg time="2024-03-21T10:14:00.348971" level="INFO">False</msg>
<arg>${list_country}</arg>
<arg>${name_country}</arg>
<doc>Fails if the ``value`` is not found from ``list``.</doc>
<status status="PASS" start="2024-03-21T10:14:00.348755" elapsed="0.000253"/>
</kw>
<kw name="Run Keyword If" owner="BuiltIn">
<kw name="Should Be True" owner="BuiltIn">
<arg>${True}</arg>
<doc>Fails if the given condition is not true.</doc>
<status status="PASS" start="2024-03-21T10:14:00.350102" elapsed="0.000147"/>
</kw>
<arg>${json_data["results"][0]["location"]["coordinates"]["latitude"]} &gt;= -90 and ${json_data["results"][0]["location"]["coordinates"]["latitude"]} &lt;= 90</arg>
<arg>Should Be True</arg>
<arg>${True}</arg>
<doc>Runs the given keyword with the given arguments, if ``condition`` is true.</doc>
<status status="PASS" start="2024-03-21T10:14:00.349343" elapsed="0.001035"/>
</kw>
<kw name="Run Keyword If" owner="BuiltIn">
<kw name="Should Be True" owner="BuiltIn">
<arg>${True}</arg>
<doc>Fails if the given condition is not true.</doc>
<status status="PASS" start="2024-03-21T10:14:00.351249" elapsed="0.000148"/>
</kw>
<arg>${json_data["results"][0]["location"]["coordinates"]["longitude"]} &gt;= -180 and ${json_data["results"][0]["location"]["coordinates"]["longitude"]} &lt;= 180</arg>
<arg>Should Be True</arg>
<arg>${True}</arg>
<doc>Runs the given keyword with the given arguments, if ``condition`` is true.</doc>
<status status="PASS" start="2024-03-21T10:14:00.350555" elapsed="0.000969"/>
</kw>
<status status="PASS" start="2024-03-21T10:14:00.249434" elapsed="0.102227"/>
</kw>
<doc>Testa o conteúdo específico dos campos retornados pela API.</doc>
<tag>testeConteudo</tag>
<status status="PASS" start="2024-03-21T10:14:00.248840" elapsed="0.102980"/>
</test>
<status status="PASS" start="2024-03-21T10:13:59.461760" elapsed="0.892059"/>
</suite>
<status status="PASS" start="2024-03-21T10:13:59.447962" elapsed="0.912290"/>
</suite>
<statistics>
<total>
<stat pass="5" fail="0" skip="0">All Tests</stat>
</total>
<tag>
<stat pass="1" fail="0" skip="0">testeConteudo</stat>
<stat pass="1" fail="0" skip="0">testeEstruturaResposta</stat>
<stat pass="1" fail="0" skip="0">testeRequisicaoBasica</stat>
<stat pass="1" fail="0" skip="0">testeTiposDados</stat>
</tag>
<suite>
<stat pass="5" fail="0" skip="0" id="s1" name="Tests">Tests</stat>
<stat pass="5" fail="0" skip="0" id="s1-s1" name="Random-User-Test">Tests.Random-User-Test</stat>
</suite>
</statistics>
<errors>
</errors>
</robot>
