<?xml version="1.0" encoding="UTF-8"?>
<robot generator="Robot 7.0 (Python 3.12.3 on linux)" generated="2024-05-06T16:19:27.055617" rpa="false" schemaversion="5">
<suite id="s1" name="Tests" source="/home/runner/work/DesafioQAItauRogerioJordao/DesafioQAItauRogerioJordao/RamdonUser/tests">
<suite id="s1-s1" name="Random-User-Test" source="/home/runner/work/DesafioQAItauRogerioJordao/DesafioQAItauRogerioJordao/RamdonUser/tests/random-user-test.robot">
<test id="s1-s1-t1" name="Conectar" line="13">
<kw name="Conectar API" owner="random-user-service">
<kw name="Create Session" owner="RequestsLibrary">
<msg time="2024-05-06T16:19:27.488143" level="INFO">Creating Session using : alias=consultarAPI, url=https://randomuser.me/, headers={},                     cookies={}, auth=None, timeout=None, proxies=None, verify=False,                     debug=0 </msg>
<arg>consultarAPI</arg>
<arg>${URL}</arg>
<doc>Create Session: create a HTTP session to a server</doc>
<status status="PASS" start="2024-05-06T16:19:27.487896" elapsed="0.000469"/>
</kw>
<status status="PASS" start="2024-05-06T16:19:27.486793" elapsed="0.002041"/>
</kw>
<status status="PASS" start="2024-05-06T16:19:27.486161" elapsed="0.002886"/>
</test>
<test id="s1-s1-t2" name="Validar retorno 200 e JSON Válido" line="16">
<kw name="Teste de Requisicao Basica" owner="random-user-service">
<kw name="GET On Session" owner="RequestsLibrary">
<msg time="2024-05-06T16:19:28.257548" level="INFO">GET Request : url=https://randomuser.me/api 
 path_url=/api 
 headers={'User-Agent': 'python-requests/2.31.0', 'Accept-Encoding': 'gzip, deflate', 'Accept': '*/*', 'Connection': 'keep-alive'} 
 body=None 
 </msg>
<msg time="2024-05-06T16:19:28.257710" level="INFO">GET Response : url=https://randomuser.me/api 
 status=200, reason=OK 
 headers={'Date': 'Mon, 06 May 2024 16:19:28 GMT', 'Content-Type': 'application/json; charset=utf-8', 'Transfer-Encoding': 'chunked', 'Connection': 'keep-alive', 'X-Powered-By': 'Express', 'Access-Control-Allow-Origin': '*', 'Cache-Control': 'no-cache', 'ETag': 'W/"48f-JqPdex4aTu90W+Rimv93XmL5XcY"', 'Vary': 'Accept-Encoding', 'Content-Encoding': 'gzip', 'CF-Cache-Status': 'DYNAMIC', 'Report-To': '{"endpoints":[{"url":"https:\\/\\/a.nel.cloudflare.com\\/report\\/v4?s=rkVAbwy0fvbh5Pf%2FUBQUxPJULYTSESgSEh6VKglgMEdRQ0HyMPwpu%2FIADRIq4C%2BW9ZJIECTXmDFgVopLjbUPmx8eneRAFPV3iqPQ6xuopYRt6YM5pZ5ysPF%2B0fqMIQlp"}],"group":"cf-nel","max_age":604800}', 'NEL': '{"success_fraction":0,"report_to":"cf-nel","max_age":604800}', 'Server': 'cloudflare', 'CF-RAY': '87fa4ac10f6e945c-SJC', 'alt-svc': 'h3=":443"; ma=86400'} 
 body={"results":[{"gender":"female","name":{"title":"Ms","first":"Milla","last":"Neva"},"location":{"street":{"number":3090,"name":"Aleksanterinkatu"},"city":"Närpes","state":"Uusimaa","country":"Finland","postcode":70993,"coordinates":{"latitude":"-28.9063","longitude":"21.0464"},"timezone":{"offset":"-8:00","description":"Pacific Time (US &amp; Canada)"}},"email":"milla.neva@example.com","login":{"uuid":"99b2409e-a2bd-451d-a3b4-761689da12ba","username":"goldenkoala445","password":"property","salt":"iS2weYPp","md5":"609e4a8683ed6c9aa68039b74dde83a1","sha1":"4b0b9b15cf23b40afb3b5b0065c1d94eb07aaf20","sha256":"153ee7de930b1835737e1892f0f817599f6fad85c995794fc70b58951b243c76"},"dob":{"date":"1950-02-24T08:02:38.331Z","age":74},"registered":{"date":"2010-03-07T02:41:16.622Z","age":14},"phone":"06-861-176","cell":"044-648-90-47","id":{"name":"HETU","value":"NaNNA228undefined"},"picture":{"large":"https://randomuser.me/api/portraits/women/52.jpg","medium":"https://randomuser.me/api/portraits/med/women/52.jpg","thumbnail":"https://randomuser.me/api/portraits/thumb/women/52.jpg"},"nat":"FI"}],"info":{"seed":"625b2b7d61633f61","results":1,"page":1,"version":"1.4"}} 
 </msg>
<msg time="2024-05-06T16:19:28.257807" level="INFO">/opt/hostedtoolcache/Python/3.12.3/x64/lib/python3.12/site-packages/urllib3/connectionpool.py:1103: InsecureRequestWarning: Unverified HTTPS request is being made to host 'randomuser.me'. Adding certificate verification is strongly advised. See: https://urllib3.readthedocs.io/en/latest/advanced-usage.html#tls-warnings
  warnings.warn(</msg>
<msg time="2024-05-06T16:19:28.257984" level="INFO">${response} = &lt;Response [200]&gt;</msg>
<var>${response}</var>
<arg>consultarAPI</arg>
<arg>/api</arg>
<doc>Sends a GET request on a previously created HTTP Session.</doc>
<status status="PASS" start="2024-05-06T16:19:27.491772" elapsed="0.766269"/>
</kw>
<kw name="Should Be Equal As Numbers" owner="BuiltIn">
<msg time="2024-05-06T16:19:28.259104" level="INFO">Argument types are:
&lt;class 'int'&gt;
&lt;class 'str'&gt;</msg>
<arg>${response.status_code}</arg>
<arg>200</arg>
<doc>Fails if objects are unequal after converting them to real numbers.</doc>
<status status="PASS" start="2024-05-06T16:19:28.258623" elapsed="0.000548"/>
</kw>
<kw name="Log" owner="BuiltIn">
<msg time="2024-05-06T16:19:28.259903" level="INFO">200</msg>
<arg>${response.status_code}</arg>
<doc>Logs the given message with the given level.</doc>
<status status="PASS" start="2024-05-06T16:19:28.259534" elapsed="0.000411"/>
</kw>
<kw name="Set Variable" owner="BuiltIn">
<msg time="2024-05-06T16:19:28.260733" level="INFO">${json_data} = {'results': [{'gender': 'female', 'name': {'title': 'Ms', 'first': 'Milla', 'last': 'Neva'}, 'location': {'street': {'number': 3090, 'name': 'Aleksanterinkatu'}, 'city': 'Närpes', 'state': 'Uusimaa', ...</msg>
<var>${json_data}</var>
<arg>${response.json()}</arg>
<doc>Returns the given values which can then be assigned to a variables.</doc>
<status status="PASS" start="2024-05-06T16:19:28.260257" elapsed="0.000506"/>
</kw>
<kw name="Dictionary Should Contain Key" owner="Collections">
<msg time="2024-05-06T16:19:28.261274" level="INFO">False</msg>
<arg>${json_data}</arg>
<arg>results</arg>
<doc>Fails if ``key`` is not found from ``dictionary``.</doc>
<status status="PASS" start="2024-05-06T16:19:28.261081" elapsed="0.000235"/>
</kw>
<status status="PASS" start="2024-05-06T16:19:27.491495" elapsed="0.770081"/>
</kw>
<doc>Testa se a API responde corretamente e retorna um objeto JSON válido.</doc>
<tag>testeRequisicaoBasica</tag>
<status status="PASS" start="2024-05-06T16:19:27.490977" elapsed="0.770790"/>
</test>
<test id="s1-s1-t3" name="Validar estrutura de resposta" line="22">
<kw name="Teste de Estrutura de Resposta" owner="random-user-service">
<kw name="GET On Session" owner="RequestsLibrary">
<msg time="2024-05-06T16:19:28.445771" level="INFO">GET Request : url=https://randomuser.me/api 
 path_url=/api 
 headers={'User-Agent': 'python-requests/2.31.0', 'Accept-Encoding': 'gzip, deflate', 'Accept': '*/*', 'Connection': 'keep-alive'} 
 body=None 
 </msg>
<msg time="2024-05-06T16:19:28.445875" level="INFO">GET Response : url=https://randomuser.me/api 
 status=200, reason=OK 
 headers={'Date': 'Mon, 06 May 2024 16:19:28 GMT', 'Content-Type': 'application/json; charset=utf-8', 'Transfer-Encoding': 'chunked', 'Connection': 'keep-alive', 'X-Powered-By': 'Express', 'Access-Control-Allow-Origin': '*', 'Cache-Control': 'no-cache', 'ETag': 'W/"484-lamn5DViXCS/WxQB9sQXGgOTcUw"', 'Vary': 'Accept-Encoding', 'Content-Encoding': 'gzip', 'CF-Cache-Status': 'DYNAMIC', 'Report-To': '{"endpoints":[{"url":"https:\\/\\/a.nel.cloudflare.com\\/report\\/v4?s=ZW%2Bfi11KRVc1GWncIPpBWr84qDduhSCy%2BBmmPxzLByCW1sUw6u8Pt6NAWJMomdbjfwUXpNYuHQUmhTDH7%2B5SdS6IwduvvGRN12lUPCOgAJcA23kIdEloYwF7KqpIxW1b"}],"group":"cf-nel","max_age":604800}', 'NEL': '{"success_fraction":0,"report_to":"cf-nel","max_age":604800}', 'Server': 'cloudflare', 'CF-RAY': '87fa4ac5ac2d945c-SJC', 'alt-svc': 'h3=":443"; ma=86400'} 
 body={"results":[{"gender":"female","name":{"title":"Ms","first":"Laurie","last":"Boyd"},"location":{"street":{"number":6947,"name":"Pecan Acres Ln"},"city":"Geraldton","state":"New South Wales","country":"Australia","postcode":4295,"coordinates":{"latitude":"-83.3907","longitude":"26.2226"},"timezone":{"offset":"-3:30","description":"Newfoundland"}},"email":"laurie.boyd@example.com","login":{"uuid":"81f4b962-24de-4620-9149-93f0b9d5816c","username":"purplemeercat298","password":"common","salt":"s16xiaue","md5":"1bce0f0fc5ef92e49d0a4206d8decd6d","sha1":"c1bc9212b0c22eb5fb22fe0a0f83dad616a54bc7","sha256":"5fb69436e217a9bf27a77055ed946e4dcec22a7b72c1d0a69c60fb8e122f5ee5"},"dob":{"date":"2001-02-05T04:20:04.850Z","age":23},"registered":{"date":"2002-04-25T12:28:10.721Z","age":22},"phone":"06-8350-3828","cell":"0491-913-253","id":{"name":"TFN","value":"843433868"},"picture":{"large":"https://randomuser.me/api/portraits/women/70.jpg","medium":"https://randomuser.me/api/portraits/med/women/70.jpg","thumbnail":"https://randomuser.me/api/portraits/thumb/women/70.jpg"},"nat":"AU"}],"info":{"seed":"710c26c9f1d364af","results":1,"page":1,"version":"1.4"}} 
 </msg>
<msg time="2024-05-06T16:19:28.446009" level="INFO">/opt/hostedtoolcache/Python/3.12.3/x64/lib/python3.12/site-packages/urllib3/connectionpool.py:1103: InsecureRequestWarning: Unverified HTTPS request is being made to host 'randomuser.me'. Adding certificate verification is strongly advised. See: https://urllib3.readthedocs.io/en/latest/advanced-usage.html#tls-warnings
  warnings.warn(</msg>
<msg time="2024-05-06T16:19:28.446136" level="INFO">${response} = &lt;Response [200]&gt;</msg>
<var>${response}</var>
<arg>consultarAPI</arg>
<arg>/api</arg>
<doc>Sends a GET request on a previously created HTTP Session.</doc>
<status status="PASS" start="2024-05-06T16:19:28.264442" elapsed="0.181730"/>
</kw>
<kw name="Set Variable" owner="BuiltIn">
<msg time="2024-05-06T16:19:28.447243" level="INFO">${json_data} = {'results': [{'gender': 'female', 'name': {'title': 'Ms', 'first': 'Laurie', 'last': 'Boyd'}, 'location': {'street': {'number': 6947, 'name': 'Pecan Acres Ln'}, 'city': 'Geraldton', 'state': 'New Sout...</msg>
<var>${json_data}</var>
<arg>${response.json()}</arg>
<doc>Returns the given values which can then be assigned to a variables.</doc>
<status status="PASS" start="2024-05-06T16:19:28.446713" elapsed="0.000559"/>
</kw>
<kw name="Log" owner="BuiltIn">
<msg time="2024-05-06T16:19:28.447748" level="INFO">{'results': [{'gender': 'female', 'name': {'title': 'Ms', 'first': 'Laurie', 'last': 'Boyd'}, 'location': {'street': {'number': 6947, 'name': 'Pecan Acres Ln'}, 'city': 'Geraldton', 'state': 'New South Wales', 'country': 'Australia', 'postcode': 4295, 'coordinates': {'latitude': '-83.3907', 'longitude': '26.2226'}, 'timezone': {'offset': '-3:30', 'description': 'Newfoundland'}}, 'email': 'laurie.boyd@example.com', 'login': {'uuid': '81f4b962-24de-4620-9149-93f0b9d5816c', 'username': 'purplemeercat298', 'password': 'common', 'salt': 's16xiaue', 'md5': '1bce0f0fc5ef92e49d0a4206d8decd6d', 'sha1': 'c1bc9212b0c22eb5fb22fe0a0f83dad616a54bc7', 'sha256': '5fb69436e217a9bf27a77055ed946e4dcec22a7b72c1d0a69c60fb8e122f5ee5'}, 'dob': {'date': '2001-02-05T04:20:04.850Z', 'age': 23}, 'registered': {'date': '2002-04-25T12:28:10.721Z', 'age': 22}, 'phone': '06-8350-3828', 'cell': '0491-913-253', 'id': {'name': 'TFN', 'value': '843433868'}, 'picture': {'large': 'https://randomuser.me/api/portraits/women/70.jpg', 'medium': 'https://randomuser.me/api/portraits/med/women/70.jpg', 'thumbnail': 'https://randomuser.me/api/portraits/thumb/women/70.jpg'}, 'nat': 'AU'}], 'info': {'seed': '710c26c9f1d364af', 'results': 1, 'page': 1, 'version': '1.4'}}</msg>
<arg>${json_data}</arg>
<doc>Logs the given message with the given level.</doc>
<status status="PASS" start="2024-05-06T16:19:28.447587" elapsed="0.000211"/>
</kw>
<kw name="Dictionary Should Contain Key" owner="Collections">
<msg time="2024-05-06T16:19:28.448272" level="INFO">False</msg>
<arg>${json_data}</arg>
<arg>results</arg>
<doc>Fails if ``key`` is not found from ``dictionary``.</doc>
<status status="PASS" start="2024-05-06T16:19:28.448107" elapsed="0.000207"/>
</kw>
<kw name="Should Not Be Empty" owner="BuiltIn">
<msg time="2024-05-06T16:19:28.448811" level="INFO">Length is 2.</msg>
<arg>${json_data}</arg>
<doc>Verifies that the given item is not empty.</doc>
<status status="PASS" start="2024-05-06T16:19:28.448659" elapsed="0.000354"/>
</kw>
<kw name="Create List" owner="BuiltIn">
<msg time="2024-05-06T16:19:28.449465" level="INFO">${expected_keys} = ['gender', 'name', 'location', 'email', 'login']</msg>
<var>${expected_keys}</var>
<arg>gender</arg>
<arg>name</arg>
<arg>location</arg>
<arg>email</arg>
<arg>login</arg>
<doc>Returns a list containing given items.</doc>
<status status="PASS" start="2024-05-06T16:19:28.449311" elapsed="0.000177"/>
</kw>
<for flavor="IN">
<iter>
<kw name="Dictionary Should Contain Key" owner="Collections">
<msg time="2024-05-06T16:19:28.450496" level="INFO">False</msg>
<arg>${json_data['results'][0]}</arg>
<arg>${key}</arg>
<doc>Fails if ``key`` is not found from ``dictionary``.</doc>
<status status="PASS" start="2024-05-06T16:19:28.450085" elapsed="0.000449"/>
</kw>
<kw name="Log" owner="BuiltIn">
<msg time="2024-05-06T16:19:28.451202" level="INFO">{'gender': 'female', 'name': {'title': 'Ms', 'first': 'Laurie', 'last': 'Boyd'}, 'location': {'street': {'number': 6947, 'name': 'Pecan Acres Ln'}, 'city': 'Geraldton', 'state': 'New South Wales', 'country': 'Australia', 'postcode': 4295, 'coordinates': {'latitude': '-83.3907', 'longitude': '26.2226'}, 'timezone': {'offset': '-3:30', 'description': 'Newfoundland'}}, 'email': 'laurie.boyd@example.com', 'login': {'uuid': '81f4b962-24de-4620-9149-93f0b9d5816c', 'username': 'purplemeercat298', 'password': 'common', 'salt': 's16xiaue', 'md5': '1bce0f0fc5ef92e49d0a4206d8decd6d', 'sha1': 'c1bc9212b0c22eb5fb22fe0a0f83dad616a54bc7', 'sha256': '5fb69436e217a9bf27a77055ed946e4dcec22a7b72c1d0a69c60fb8e122f5ee5'}, 'dob': {'date': '2001-02-05T04:20:04.850Z', 'age': 23}, 'registered': {'date': '2002-04-25T12:28:10.721Z', 'age': 22}, 'phone': '06-8350-3828', 'cell': '0491-913-253', 'id': {'name': 'TFN', 'value': '843433868'}, 'picture': {'large': 'https://randomuser.me/api/portraits/women/70.jpg', 'medium': 'https://randomuser.me/api/portraits/med/women/70.jpg', 'thumbnail': 'https://randomuser.me/api/portraits/thumb/women/70.jpg'}, 'nat': 'AU'}</msg>
<arg>${json_data['results'][0]}</arg>
<doc>Logs the given message with the given level.</doc>
<status status="PASS" start="2024-05-06T16:19:28.450833" elapsed="0.000417"/>
</kw>
<kw name="Log" owner="BuiltIn">
<msg time="2024-05-06T16:19:28.451676" level="INFO">gender</msg>
<arg>${key}</arg>
<doc>Logs the given message with the given level.</doc>
<status status="PASS" start="2024-05-06T16:19:28.451549" elapsed="0.000163"/>
</kw>
<var name="${key}">gender</var>
<status status="PASS" start="2024-05-06T16:19:28.449952" elapsed="0.001978"/>
</iter>
<iter>
<kw name="Dictionary Should Contain Key" owner="Collections">
<msg time="2024-05-06T16:19:28.452636" level="INFO">False</msg>
<arg>${json_data['results'][0]}</arg>
<arg>${key}</arg>
<doc>Fails if ``key`` is not found from ``dictionary``.</doc>
<status status="PASS" start="2024-05-06T16:19:28.452233" elapsed="0.000449"/>
</kw>
<kw name="Log" owner="BuiltIn">
<msg time="2024-05-06T16:19:28.453372" level="INFO">{'gender': 'female', 'name': {'title': 'Ms', 'first': 'Laurie', 'last': 'Boyd'}, 'location': {'street': {'number': 6947, 'name': 'Pecan Acres Ln'}, 'city': 'Geraldton', 'state': 'New South Wales', 'country': 'Australia', 'postcode': 4295, 'coordinates': {'latitude': '-83.3907', 'longitude': '26.2226'}, 'timezone': {'offset': '-3:30', 'description': 'Newfoundland'}}, 'email': 'laurie.boyd@example.com', 'login': {'uuid': '81f4b962-24de-4620-9149-93f0b9d5816c', 'username': 'purplemeercat298', 'password': 'common', 'salt': 's16xiaue', 'md5': '1bce0f0fc5ef92e49d0a4206d8decd6d', 'sha1': 'c1bc9212b0c22eb5fb22fe0a0f83dad616a54bc7', 'sha256': '5fb69436e217a9bf27a77055ed946e4dcec22a7b72c1d0a69c60fb8e122f5ee5'}, 'dob': {'date': '2001-02-05T04:20:04.850Z', 'age': 23}, 'registered': {'date': '2002-04-25T12:28:10.721Z', 'age': 22}, 'phone': '06-8350-3828', 'cell': '0491-913-253', 'id': {'name': 'TFN', 'value': '843433868'}, 'picture': {'large': 'https://randomuser.me/api/portraits/women/70.jpg', 'medium': 'https://randomuser.me/api/portraits/med/women/70.jpg', 'thumbnail': 'https://randomuser.me/api/portraits/thumb/women/70.jpg'}, 'nat': 'AU'}</msg>
<arg>${json_data['results'][0]}</arg>
<doc>Logs the given message with the given level.</doc>
<status status="PASS" start="2024-05-06T16:19:28.453010" elapsed="0.000414"/>
</kw>
<kw name="Log" owner="BuiltIn">
<msg time="2024-05-06T16:19:28.453852" level="INFO">name</msg>
<arg>${key}</arg>
<doc>Logs the given message with the given level.</doc>
<status status="PASS" start="2024-05-06T16:19:28.453726" elapsed="0.000162"/>
</kw>
<var name="${key}">name</var>
<status status="PASS" start="2024-05-06T16:19:28.452118" elapsed="0.001991"/>
</iter>
<iter>
<kw name="Dictionary Should Contain Key" owner="Collections">
<msg time="2024-05-06T16:19:28.454795" level="INFO">False</msg>
<arg>${json_data['results'][0]}</arg>
<arg>${key}</arg>
<doc>Fails if ``key`` is not found from ``dictionary``.</doc>
<status status="PASS" start="2024-05-06T16:19:28.454404" elapsed="0.000429"/>
</kw>
<kw name="Log" owner="BuiltIn">
<msg time="2024-05-06T16:19:28.455491" level="INFO">{'gender': 'female', 'name': {'title': 'Ms', 'first': 'Laurie', 'last': 'Boyd'}, 'location': {'street': {'number': 6947, 'name': 'Pecan Acres Ln'}, 'city': 'Geraldton', 'state': 'New South Wales', 'country': 'Australia', 'postcode': 4295, 'coordinates': {'latitude': '-83.3907', 'longitude': '26.2226'}, 'timezone': {'offset': '-3:30', 'description': 'Newfoundland'}}, 'email': 'laurie.boyd@example.com', 'login': {'uuid': '81f4b962-24de-4620-9149-93f0b9d5816c', 'username': 'purplemeercat298', 'password': 'common', 'salt': 's16xiaue', 'md5': '1bce0f0fc5ef92e49d0a4206d8decd6d', 'sha1': 'c1bc9212b0c22eb5fb22fe0a0f83dad616a54bc7', 'sha256': '5fb69436e217a9bf27a77055ed946e4dcec22a7b72c1d0a69c60fb8e122f5ee5'}, 'dob': {'date': '2001-02-05T04:20:04.850Z', 'age': 23}, 'registered': {'date': '2002-04-25T12:28:10.721Z', 'age': 22}, 'phone': '06-8350-3828', 'cell': '0491-913-253', 'id': {'name': 'TFN', 'value': '843433868'}, 'picture': {'large': 'https://randomuser.me/api/portraits/women/70.jpg', 'medium': 'https://randomuser.me/api/portraits/med/women/70.jpg', 'thumbnail': 'https://randomuser.me/api/portraits/thumb/women/70.jpg'}, 'nat': 'AU'}</msg>
<arg>${json_data['results'][0]}</arg>
<doc>Logs the given message with the given level.</doc>
<status status="PASS" start="2024-05-06T16:19:28.455134" elapsed="0.000407"/>
</kw>
<kw name="Log" owner="BuiltIn">
<msg time="2024-05-06T16:19:28.455964" level="INFO">location</msg>
<arg>${key}</arg>
<doc>Logs the given message with the given level.</doc>
<status status="PASS" start="2024-05-06T16:19:28.455837" elapsed="0.000164"/>
</kw>
<var name="${key}">location</var>
<status status="PASS" start="2024-05-06T16:19:28.454292" elapsed="0.001923"/>
</iter>
<iter>
<kw name="Dictionary Should Contain Key" owner="Collections">
<msg time="2024-05-06T16:19:28.456931" level="INFO">False</msg>
<arg>${json_data['results'][0]}</arg>
<arg>${key}</arg>
<doc>Fails if ``key`` is not found from ``dictionary``.</doc>
<status status="PASS" start="2024-05-06T16:19:28.456499" elapsed="0.000469"/>
</kw>
<kw name="Log" owner="BuiltIn">
<msg time="2024-05-06T16:19:28.457626" level="INFO">{'gender': 'female', 'name': {'title': 'Ms', 'first': 'Laurie', 'last': 'Boyd'}, 'location': {'street': {'number': 6947, 'name': 'Pecan Acres Ln'}, 'city': 'Geraldton', 'state': 'New South Wales', 'country': 'Australia', 'postcode': 4295, 'coordinates': {'latitude': '-83.3907', 'longitude': '26.2226'}, 'timezone': {'offset': '-3:30', 'description': 'Newfoundland'}}, 'email': 'laurie.boyd@example.com', 'login': {'uuid': '81f4b962-24de-4620-9149-93f0b9d5816c', 'username': 'purplemeercat298', 'password': 'common', 'salt': 's16xiaue', 'md5': '1bce0f0fc5ef92e49d0a4206d8decd6d', 'sha1': 'c1bc9212b0c22eb5fb22fe0a0f83dad616a54bc7', 'sha256': '5fb69436e217a9bf27a77055ed946e4dcec22a7b72c1d0a69c60fb8e122f5ee5'}, 'dob': {'date': '2001-02-05T04:20:04.850Z', 'age': 23}, 'registered': {'date': '2002-04-25T12:28:10.721Z', 'age': 22}, 'phone': '06-8350-3828', 'cell': '0491-913-253', 'id': {'name': 'TFN', 'value': '843433868'}, 'picture': {'large': 'https://randomuser.me/api/portraits/women/70.jpg', 'medium': 'https://randomuser.me/api/portraits/med/women/70.jpg', 'thumbnail': 'https://randomuser.me/api/portraits/thumb/women/70.jpg'}, 'nat': 'AU'}</msg>
<arg>${json_data['results'][0]}</arg>
<doc>Logs the given message with the given level.</doc>
<status status="PASS" start="2024-05-06T16:19:28.457268" elapsed="0.000405"/>
</kw>
<kw name="Log" owner="BuiltIn">
<msg time="2024-05-06T16:19:28.458109" level="INFO">email</msg>
<arg>${key}</arg>
<doc>Logs the given message with the given level.</doc>
<status status="PASS" start="2024-05-06T16:19:28.457973" elapsed="0.000176"/>
</kw>
<var name="${key}">email</var>
<status status="PASS" start="2024-05-06T16:19:28.456389" elapsed="0.001983"/>
</iter>
<iter>
<kw name="Dictionary Should Contain Key" owner="Collections">
<msg time="2024-05-06T16:19:28.459044" level="INFO">False</msg>
<arg>${json_data['results'][0]}</arg>
<arg>${key}</arg>
<doc>Fails if ``key`` is not found from ``dictionary``.</doc>
<status status="PASS" start="2024-05-06T16:19:28.458656" elapsed="0.000425"/>
</kw>
<kw name="Log" owner="BuiltIn">
<msg time="2024-05-06T16:19:28.459736" level="INFO">{'gender': 'female', 'name': {'title': 'Ms', 'first': 'Laurie', 'last': 'Boyd'}, 'location': {'street': {'number': 6947, 'name': 'Pecan Acres Ln'}, 'city': 'Geraldton', 'state': 'New South Wales', 'country': 'Australia', 'postcode': 4295, 'coordinates': {'latitude': '-83.3907', 'longitude': '26.2226'}, 'timezone': {'offset': '-3:30', 'description': 'Newfoundland'}}, 'email': 'laurie.boyd@example.com', 'login': {'uuid': '81f4b962-24de-4620-9149-93f0b9d5816c', 'username': 'purplemeercat298', 'password': 'common', 'salt': 's16xiaue', 'md5': '1bce0f0fc5ef92e49d0a4206d8decd6d', 'sha1': 'c1bc9212b0c22eb5fb22fe0a0f83dad616a54bc7', 'sha256': '5fb69436e217a9bf27a77055ed946e4dcec22a7b72c1d0a69c60fb8e122f5ee5'}, 'dob': {'date': '2001-02-05T04:20:04.850Z', 'age': 23}, 'registered': {'date': '2002-04-25T12:28:10.721Z', 'age': 22}, 'phone': '06-8350-3828', 'cell': '0491-913-253', 'id': {'name': 'TFN', 'value': '843433868'}, 'picture': {'large': 'https://randomuser.me/api/portraits/women/70.jpg', 'medium': 'https://randomuser.me/api/portraits/med/women/70.jpg', 'thumbnail': 'https://randomuser.me/api/portraits/thumb/women/70.jpg'}, 'nat': 'AU'}</msg>
<arg>${json_data['results'][0]}</arg>
<doc>Logs the given message with the given level.</doc>
<status status="PASS" start="2024-05-06T16:19:28.459381" elapsed="0.000403"/>
</kw>
<kw name="Log" owner="BuiltIn">
<msg time="2024-05-06T16:19:28.460217" level="INFO">login</msg>
<arg>${key}</arg>
<doc>Logs the given message with the given level.</doc>
<status status="PASS" start="2024-05-06T16:19:28.460087" elapsed="0.000169"/>
</kw>
<var name="${key}">login</var>
<status status="PASS" start="2024-05-06T16:19:28.458545" elapsed="0.001942"/>
</iter>
<var>${key}</var>
<value>@{expected_keys}</value>
<status status="PASS" start="2024-05-06T16:19:28.449753" elapsed="0.010925"/>
</for>
<kw name="Create List" owner="BuiltIn">
<msg time="2024-05-06T16:19:28.461039" level="INFO">${expected_keysTwo} = ['username', 'password']</msg>
<var>${expected_keysTwo}</var>
<arg>username</arg>
<arg>password</arg>
<doc>Returns a list containing given items.</doc>
<status status="PASS" start="2024-05-06T16:19:28.460901" elapsed="0.000163"/>
</kw>
<for flavor="IN">
<iter>
<kw name="Dictionary Should Contain Key" owner="Collections">
<msg time="2024-05-06T16:19:28.461969" level="INFO">False</msg>
<arg>${json_data['results'][0]['login']}</arg>
<arg>${keyTwo}</arg>
<doc>Fails if ``key`` is not found from ``dictionary``.</doc>
<status status="PASS" start="2024-05-06T16:19:28.461574" elapsed="0.000432"/>
</kw>
<kw name="Dictionary Should Contain Key" owner="Collections">
<msg time="2024-05-06T16:19:28.462703" level="INFO">False</msg>
<arg>${json_data['results'][0]['login']}</arg>
<arg>${keyTwo}</arg>
<doc>Fails if ``key`` is not found from ``dictionary``.</doc>
<status status="PASS" start="2024-05-06T16:19:28.462312" elapsed="0.000428"/>
</kw>
<kw name="Log" owner="BuiltIn">
<msg time="2024-05-06T16:19:28.463164" level="INFO">username</msg>
<arg>${keyTwo}</arg>
<doc>Logs the given message with the given level.</doc>
<status status="PASS" start="2024-05-06T16:19:28.463037" elapsed="0.000173"/>
</kw>
<var name="${keyTwo}">username</var>
<status status="PASS" start="2024-05-06T16:19:28.461464" elapsed="0.001994"/>
</iter>
<iter>
<kw name="Dictionary Should Contain Key" owner="Collections">
<msg time="2024-05-06T16:19:28.464253" level="INFO">False</msg>
<arg>${json_data['results'][0]['login']}</arg>
<arg>${keyTwo}</arg>
<doc>Fails if ``key`` is not found from ``dictionary``.</doc>
<status status="PASS" start="2024-05-06T16:19:28.463742" elapsed="0.000552"/>
</kw>
<kw name="Dictionary Should Contain Key" owner="Collections">
<msg time="2024-05-06T16:19:28.465011" level="INFO">False</msg>
<arg>${json_data['results'][0]['login']}</arg>
<arg>${keyTwo}</arg>
<doc>Fails if ``key`` is not found from ``dictionary``.</doc>
<status status="PASS" start="2024-05-06T16:19:28.464623" elapsed="0.000425"/>
</kw>
<kw name="Log" owner="BuiltIn">
<msg time="2024-05-06T16:19:28.465508" level="INFO">password</msg>
<arg>${keyTwo}</arg>
<doc>Logs the given message with the given level.</doc>
<status status="PASS" start="2024-05-06T16:19:28.465382" elapsed="0.000163"/>
</kw>
<var name="${keyTwo}">password</var>
<status status="PASS" start="2024-05-06T16:19:28.463632" elapsed="0.002156"/>
</iter>
<var>${keyTwo}</var>
<value>@{expected_keysTwo}</value>
<status status="PASS" start="2024-05-06T16:19:28.461306" elapsed="0.004607"/>
</for>
<status status="PASS" start="2024-05-06T16:19:28.264198" elapsed="0.201857"/>
</kw>
<doc>Testa a estrutura da resposta da API.</doc>
<tag>testeEstruturaResposta</tag>
<status status="PASS" start="2024-05-06T16:19:28.263630" elapsed="0.202587"/>
</test>
<test id="s1-s1-t4" name="Validar tipos de dados" line="28">
<kw name="Teste de Tipos de Dados" owner="random-user-service">
<kw name="GET On Session" owner="RequestsLibrary">
<msg time="2024-05-06T16:19:28.566971" level="INFO">GET Request : url=https://randomuser.me/api 
 path_url=/api 
 headers={'User-Agent': 'python-requests/2.31.0', 'Accept-Encoding': 'gzip, deflate', 'Accept': '*/*', 'Connection': 'keep-alive'} 
 body=None 
 </msg>
<msg time="2024-05-06T16:19:28.567072" level="INFO">GET Response : url=https://randomuser.me/api 
 status=200, reason=OK 
 headers={'Date': 'Mon, 06 May 2024 16:19:28 GMT', 'Content-Type': 'application/json; charset=utf-8', 'Transfer-Encoding': 'chunked', 'Connection': 'keep-alive', 'X-Powered-By': 'Express', 'Access-Control-Allow-Origin': '*', 'Cache-Control': 'no-cache', 'ETag': 'W/"462-Z+D84I+8E/7to1Fvf8B018HZdV8"', 'Vary': 'Accept-Encoding', 'Content-Encoding': 'gzip', 'CF-Cache-Status': 'DYNAMIC', 'Report-To': '{"endpoints":[{"url":"https:\\/\\/a.nel.cloudflare.com\\/report\\/v4?s=oXuy5l%2BnD0pm6fz2SSDaBLXS20HYFZpwvh%2BR3SoApMcyE6ZpzxSDz1caqvbMcEaL5cCgcZaTU5OwFjiW0lRGiOxk2TzMRq%2BBvh37qFFJeUwf%2BWTfKnWfiAyj%2F8rbTU1P"}],"group":"cf-nel","max_age":604800}', 'NEL': '{"success_fraction":0,"report_to":"cf-nel","max_age":604800}', 'Server': 'cloudflare', 'CF-RAY': '87fa4ac6fd6f945c-SJC', 'alt-svc': 'h3=":443"; ma=86400'} 
 body={"results":[{"gender":"male","name":{"title":"Mr","first":"Ilyas","last":"Holmen"},"location":{"street":{"number":7402,"name":"Solåsveien"},"city":"Leikong","state":"Telemark","country":"Norway","postcode":"5962","coordinates":{"latitude":"44.3029","longitude":"-98.9263"},"timezone":{"offset":"-10:00","description":"Hawaii"}},"email":"ilyas.holmen@example.com","login":{"uuid":"651bc7cc-23f6-4cfc-8355-27747acfe577","username":"goldengoose266","password":"chuan","salt":"km9xW9Up","md5":"d9ddac70f9259158cdd21302acaad538","sha1":"23f5b37a511976fdb7f3df94b75cb2abd901d6b8","sha256":"0778f64f60b5b38d692d867f954a800f6198ab9e58541e8420673532d02349ad"},"dob":{"date":"1970-12-12T19:45:50.926Z","age":53},"registered":{"date":"2011-08-04T01:28:02.077Z","age":12},"phone":"56899344","cell":"44975830","id":{"name":"FN","value":"12127013932"},"picture":{"large":"https://randomuser.me/api/portraits/men/28.jpg","medium":"https://randomuser.me/api/portraits/med/men/28.jpg","thumbnail":"https://randomuser.me/api/portraits/thumb/men/28.jpg"},"nat":"NO"}],"info":{"seed":"326840c34ec1b31e","results":1,"page":1,"version":"1.4"}} 
 </msg>
<msg time="2024-05-06T16:19:28.567148" level="INFO">/opt/hostedtoolcache/Python/3.12.3/x64/lib/python3.12/site-packages/urllib3/connectionpool.py:1103: InsecureRequestWarning: Unverified HTTPS request is being made to host 'randomuser.me'. Adding certificate verification is strongly advised. See: https://urllib3.readthedocs.io/en/latest/advanced-usage.html#tls-warnings
  warnings.warn(</msg>
<msg time="2024-05-06T16:19:28.567273" level="INFO">${response} = &lt;Response [200]&gt;</msg>
<var>${response}</var>
<arg>consultarAPI</arg>
<arg>/api</arg>
<doc>Sends a GET request on a previously created HTTP Session.</doc>
<status status="PASS" start="2024-05-06T16:19:28.468783" elapsed="0.098530"/>
</kw>
<kw name="Set Variable" owner="BuiltIn">
<msg time="2024-05-06T16:19:28.568626" level="INFO">${json_data} = {'results': [{'gender': 'male', 'name': {'title': 'Mr', 'first': 'Ilyas', 'last': 'Holmen'}, 'location': {'street': {'number': 7402, 'name': 'Solåsveien'}, 'city': 'Leikong', 'state': 'Telemark', 'cou...</msg>
<var>${json_data}</var>
<arg>${response.json()}</arg>
<doc>Returns the given values which can then be assigned to a variables.</doc>
<status status="PASS" start="2024-05-06T16:19:28.567988" elapsed="0.000674"/>
</kw>
<kw name="Log" owner="BuiltIn">
<msg time="2024-05-06T16:19:28.569147" level="INFO">{'results': [{'gender': 'male', 'name': {'title': 'Mr', 'first': 'Ilyas', 'last': 'Holmen'}, 'location': {'street': {'number': 7402, 'name': 'Solåsveien'}, 'city': 'Leikong', 'state': 'Telemark', 'country': 'Norway', 'postcode': '5962', 'coordinates': {'latitude': '44.3029', 'longitude': '-98.9263'}, 'timezone': {'offset': '-10:00', 'description': 'Hawaii'}}, 'email': 'ilyas.holmen@example.com', 'login': {'uuid': '651bc7cc-23f6-4cfc-8355-27747acfe577', 'username': 'goldengoose266', 'password': 'chuan', 'salt': 'km9xW9Up', 'md5': 'd9ddac70f9259158cdd21302acaad538', 'sha1': '23f5b37a511976fdb7f3df94b75cb2abd901d6b8', 'sha256': '0778f64f60b5b38d692d867f954a800f6198ab9e58541e8420673532d02349ad'}, 'dob': {'date': '1970-12-12T19:45:50.926Z', 'age': 53}, 'registered': {'date': '2011-08-04T01:28:02.077Z', 'age': 12}, 'phone': '56899344', 'cell': '44975830', 'id': {'name': 'FN', 'value': '12127013932'}, 'picture': {'large': 'https://randomuser.me/api/portraits/men/28.jpg', 'medium': 'https://randomuser.me/api/portraits/med/men/28.jpg', 'thumbnail': 'https://randomuser.me/api/portraits/thumb/men/28.jpg'}, 'nat': 'NO'}], 'info': {'seed': '326840c34ec1b31e', 'results': 1, 'page': 1, 'version': '1.4'}}</msg>
<arg>${json_data}</arg>
<doc>Logs the given message with the given level.</doc>
<status status="PASS" start="2024-05-06T16:19:28.568989" elapsed="0.000208"/>
</kw>
<kw name="Should Be String" owner="String">
<arg>${json_data['results'][0]['gender']}</arg>
<doc>Fails if the given ``item`` is not a string.</doc>
<status status="PASS" start="2024-05-06T16:19:28.569530" elapsed="0.000370"/>
</kw>
<kw name="Should Match Regexp" owner="BuiltIn">
<arg>${json_data['results'][0]['email']}</arg>
<arg>^[a-zA-Z0-9._%+-]+@[a-zA-Z0-9.-]+\.[a-zA-Z]{2,}$</arg>
<doc>Fails if ``string`` does not match ``pattern`` as a regular expression.</doc>
<status status="PASS" start="2024-05-06T16:19:28.570092" elapsed="0.000514"/>
</kw>
<kw name="Should Match Regexp" owner="BuiltIn">
<arg>${json_data['results'][0]['dob']['date']}</arg>
<arg>\\d{4}-\\d{2}-\\d{2}T\\d{2}:\\d{2}:\\d{2}\\.\\d{3}Z</arg>
<doc>Fails if ``string`` does not match ``pattern`` as a regular expression.</doc>
<status status="PASS" start="2024-05-06T16:19:28.570802" elapsed="0.000504"/>
</kw>
<kw name="Should Match Regexp" owner="BuiltIn">
<arg>${json_data['results'][0]['registered']['date']}</arg>
<arg>\\d{4}-\\d{2}-\\d{2}T\\d{2}:\\d{2}:\\d{2}\\.\\d{3}Z</arg>
<doc>Fails if ``string`` does not match ``pattern`` as a regular expression.</doc>
<status status="PASS" start="2024-05-06T16:19:28.571496" elapsed="0.000367"/>
</kw>
<kw name="Should Match Regexp" owner="BuiltIn">
<arg>${json_data['results'][0]['picture']['large']}</arg>
<arg>^https?://.*\.(?:png|jpe?g|gif|bmp)$</arg>
<doc>Fails if ``string`` does not match ``pattern`` as a regular expression.</doc>
<status status="PASS" start="2024-05-06T16:19:28.572051" elapsed="0.000466"/>
</kw>
<kw name="Should Match Regexp" owner="BuiltIn">
<arg>${json_data['results'][0]['picture']['medium']}</arg>
<arg>^https?://.*\.(?:png|jpe?g|gif|bmp)$</arg>
<doc>Fails if ``string`` does not match ``pattern`` as a regular expression.</doc>
<status status="PASS" start="2024-05-06T16:19:28.572739" elapsed="0.000356"/>
</kw>
<kw name="Should Match Regexp" owner="BuiltIn">
<arg>${json_data['results'][0]['picture']['thumbnail']}</arg>
<arg>^https?://.*\.(?:png|jpe?g|gif|bmp)$</arg>
<doc>Fails if ``string`` does not match ``pattern`` as a regular expression.</doc>
<status status="PASS" start="2024-05-06T16:19:28.573285" elapsed="0.000347"/>
</kw>
<kw name="Log" owner="BuiltIn">
<msg time="2024-05-06T16:19:28.574137" level="INFO">{'large': 'https://randomuser.me/api/portraits/men/28.jpg', 'medium': 'https://randomuser.me/api/portraits/med/men/28.jpg', 'thumbnail': 'https://randomuser.me/api/portraits/thumb/men/28.jpg'}</msg>
<arg>${json_data['results'][0]['picture']}</arg>
<doc>Logs the given message with the given level.</doc>
<status status="PASS" start="2024-05-06T16:19:28.573812" elapsed="0.000365"/>
</kw>
<status status="PASS" start="2024-05-06T16:19:28.468514" elapsed="0.105937"/>
</kw>
<kw name="Teste de Tipos de Dados - Postcode" owner="random-user-service">
<kw name="GET On Session" owner="RequestsLibrary">
<msg time="2024-05-06T16:19:28.666853" level="INFO">GET Request : url=https://randomuser.me/api 
 path_url=/api 
 headers={'User-Agent': 'python-requests/2.31.0', 'Accept-Encoding': 'gzip, deflate', 'Accept': '*/*', 'Connection': 'keep-alive'} 
 body=None 
 </msg>
<msg time="2024-05-06T16:19:28.666952" level="INFO">GET Response : url=https://randomuser.me/api 
 status=200, reason=OK 
 headers={'Date': 'Mon, 06 May 2024 16:19:28 GMT', 'Content-Type': 'application/json; charset=utf-8', 'Transfer-Encoding': 'chunked', 'Connection': 'keep-alive', 'X-Powered-By': 'Express', 'Access-Control-Allow-Origin': '*', 'Cache-Control': 'no-cache', 'ETag': 'W/"489-cptmuGxwVEE2uBh4yxAKJNQUFuo"', 'Vary': 'Accept-Encoding', 'Content-Encoding': 'gzip', 'CF-Cache-Status': 'DYNAMIC', 'Report-To': '{"endpoints":[{"url":"https:\\/\\/a.nel.cloudflare.com\\/report\\/v4?s=KJh6dVl0DGTATVhDypv8C4ghCE%2F2iW8UKyIWeA%2BP1EVRB73OsWMvWN%2BtyOGSgT%2FjuZ2UZUjAP7Ogkyg9jh80J72W63XbdImFVi5wfILrXCgjNb8jbid6XAdZtJwoBxMD"}],"group":"cf-nel","max_age":604800}', 'NEL': '{"success_fraction":0,"report_to":"cf-nel","max_age":604800}', 'Server': 'cloudflare', 'CF-RAY': '87fa4ac79e3c945c-SJC', 'alt-svc': 'h3=":443"; ma=86400'} 
 body={"results":[{"gender":"female","name":{"title":"Ms","first":"Kaylee","last":"Hopkins"},"location":{"street":{"number":8118,"name":"W Pecan St"},"city":"Boston","state":"South Dakota","country":"United States","postcode":92068,"coordinates":{"latitude":"86.6441","longitude":"149.4416"},"timezone":{"offset":"-3:30","description":"Newfoundland"}},"email":"kaylee.hopkins@example.com","login":{"uuid":"86b5ce1c-e439-4bc9-b234-7f9c9a91c849","username":"crazyladybug948","password":"chris1","salt":"qlJTXLok","md5":"a8a8940727b9aa92e093da4129eaefd6","sha1":"b079f9f24c390c54df404ee41ce87cc5f18fc0ac","sha256":"d652de4a2ed792c28e55605d17a892fc0e2f8273503ca4b702472c2c0da3cdc6"},"dob":{"date":"1977-11-25T04:13:27.604Z","age":46},"registered":{"date":"2018-07-16T13:39:23.836Z","age":5},"phone":"(751) 852-6568","cell":"(724) 682-7803","id":{"name":"SSN","value":"380-76-1982"},"picture":{"large":"https://randomuser.me/api/portraits/women/55.jpg","medium":"https://randomuser.me/api/portraits/med/women/55.jpg","thumbnail":"https://randomuser.me/api/portraits/thumb/women/55.jpg"},"nat":"US"}],"info":{"seed":"4e9698a89f2acbf0","results":1,"page":1,"version":"1.4"}} 
 </msg>
<msg time="2024-05-06T16:19:28.667026" level="INFO">/opt/hostedtoolcache/Python/3.12.3/x64/lib/python3.12/site-packages/urllib3/connectionpool.py:1103: InsecureRequestWarning: Unverified HTTPS request is being made to host 'randomuser.me'. Adding certificate verification is strongly advised. See: https://urllib3.readthedocs.io/en/latest/advanced-usage.html#tls-warnings
  warnings.warn(</msg>
<msg time="2024-05-06T16:19:28.667152" level="INFO">${response} = &lt;Response [200]&gt;</msg>
<var>${response}</var>
<arg>consultarAPI</arg>
<arg>/api</arg>
<doc>Sends a GET request on a previously created HTTP Session.</doc>
<status status="PASS" start="2024-05-06T16:19:28.574920" elapsed="0.092273"/>
</kw>
<kw name="Set Variable" owner="BuiltIn">
<msg time="2024-05-06T16:19:28.668481" level="INFO">${json_data} = {'results': [{'gender': 'female', 'name': {'title': 'Ms', 'first': 'Kaylee', 'last': 'Hopkins'}, 'location': {'street': {'number': 8118, 'name': 'W Pecan St'}, 'city': 'Boston', 'state': 'South Dakota...</msg>
<var>${json_data}</var>
<arg>${response.json()}</arg>
<doc>Returns the given values which can then be assigned to a variables.</doc>
<status status="PASS" start="2024-05-06T16:19:28.667878" elapsed="0.000632"/>
</kw>
<kw name="Log" owner="BuiltIn">
<msg time="2024-05-06T16:19:28.669041" level="INFO">{'results': [{'gender': 'female', 'name': {'title': 'Ms', 'first': 'Kaylee', 'last': 'Hopkins'}, 'location': {'street': {'number': 8118, 'name': 'W Pecan St'}, 'city': 'Boston', 'state': 'South Dakota', 'country': 'United States', 'postcode': 92068, 'coordinates': {'latitude': '86.6441', 'longitude': '149.4416'}, 'timezone': {'offset': '-3:30', 'description': 'Newfoundland'}}, 'email': 'kaylee.hopkins@example.com', 'login': {'uuid': '86b5ce1c-e439-4bc9-b234-7f9c9a91c849', 'username': 'crazyladybug948', 'password': 'chris1', 'salt': 'qlJTXLok', 'md5': 'a8a8940727b9aa92e093da4129eaefd6', 'sha1': 'b079f9f24c390c54df404ee41ce87cc5f18fc0ac', 'sha256': 'd652de4a2ed792c28e55605d17a892fc0e2f8273503ca4b702472c2c0da3cdc6'}, 'dob': {'date': '1977-11-25T04:13:27.604Z', 'age': 46}, 'registered': {'date': '2018-07-16T13:39:23.836Z', 'age': 5}, 'phone': '(751) 852-6568', 'cell': '(724) 682-7803', 'id': {'name': 'SSN', 'value': '380-76-1982'}, 'picture': {'large': 'https://randomuser.me/api/portraits/women/55.jpg', 'medium': 'https://randomuser.me/api/portraits/med/women/55.jpg', 'thumbnail': 'https://randomuser.me/api/portraits/thumb/women/55.jpg'}, 'nat': 'US'}], 'info': {'seed': '4e9698a89f2acbf0', 'results': 1, 'page': 1, 'version': '1.4'}}</msg>
<arg>${json_data}</arg>
<doc>Logs the given message with the given level.</doc>
<status status="PASS" start="2024-05-06T16:19:28.668884" elapsed="0.000205"/>
</kw>
<kw name="Should Be Equal As Numbers" owner="BuiltIn">
<arg>${json_data['results'][0]['location']['postcode']}</arg>
<arg>${json_data['results'][0]['location']['postcode']}</arg>
<doc>Fails if objects are unequal after converting them to real numbers.</doc>
<status status="PASS" start="2024-05-06T16:19:28.669578" elapsed="0.000660"/>
</kw>
<kw name="Log" owner="BuiltIn">
<msg time="2024-05-06T16:19:28.670771" level="INFO">92068</msg>
<arg>${json_data['results'][0]['location']['postcode']}</arg>
<doc>Logs the given message with the given level.</doc>
<status status="PASS" start="2024-05-06T16:19:28.670435" elapsed="0.000376"/>
</kw>
<status status="PASS" start="2024-05-06T16:19:28.574685" elapsed="0.096384"/>
</kw>
<doc>Testa se os tipos de dados na resposta da API estão corretos.</doc>
<tag>testeTiposDados</tag>
<status status="PASS" start="2024-05-06T16:19:28.468025" elapsed="0.203212"/>
</test>
<test id="s1-s1-t5" name="Validar conteudo" line="35">
<kw name="Teste de Tipos de Conteudo" owner="random-user-service">
<kw name="GET On Session" owner="RequestsLibrary">
<msg time="2024-05-06T16:19:28.763226" level="INFO">GET Request : url=https://randomuser.me/api 
 path_url=/api 
 headers={'User-Agent': 'python-requests/2.31.0', 'Accept-Encoding': 'gzip, deflate', 'Accept': '*/*', 'Connection': 'keep-alive'} 
 body=None 
 </msg>
<msg time="2024-05-06T16:19:28.763326" level="INFO">GET Response : url=https://randomuser.me/api 
 status=200, reason=OK 
 headers={'Date': 'Mon, 06 May 2024 16:19:28 GMT', 'Content-Type': 'application/json; charset=utf-8', 'Transfer-Encoding': 'chunked', 'Connection': 'keep-alive', 'X-Powered-By': 'Express', 'Access-Control-Allow-Origin': '*', 'Cache-Control': 'no-cache', 'ETag': 'W/"4a7-Wui+rVuKJItG7T+oSJl7JCybWrc"', 'Vary': 'Accept-Encoding', 'Content-Encoding': 'gzip', 'CF-Cache-Status': 'DYNAMIC', 'Report-To': '{"endpoints":[{"url":"https:\\/\\/a.nel.cloudflare.com\\/report\\/v4?s=jqDu8%2FPeEHxw31Z6hinOkZhbI931XFMmet9Jx4ZfXkfSrxRHT44E6P5Y2ywplHLNc2oiE0dmDgGgdT8wwdNzpIGcIAylSxrylsr8IaccvNCXOxY4HPi%2B%2BgztDykPwPnT"}],"group":"cf-nel","max_age":604800}', 'NEL': '{"success_fraction":0,"report_to":"cf-nel","max_age":604800}', 'Server': 'cloudflare', 'CF-RAY': '87fa4ac83ef2945c-SJC', 'alt-svc': 'h3=":443"; ma=86400'} 
 body={"results":[{"gender":"female","name":{"title":"Ms","first":"Linnea","last":"Seppala"},"location":{"street":{"number":2911,"name":"Itsenäisyydenkatu"},"city":"Savonlinna","state":"Ostrobothnia","country":"Finland","postcode":69193,"coordinates":{"latitude":"-23.5041","longitude":"40.1923"},"timezone":{"offset":"+10:00","description":"Eastern Australia, Guam, Vladivostok"}},"email":"linnea.seppala@example.com","login":{"uuid":"7def44c8-afed-420b-93b8-9fdff5685dea","username":"lazymeercat996","password":"qwer","salt":"951lbS1n","md5":"7b713258befac6e82c2ed44b8b29c253","sha1":"22973f884d28ec37db0399785d883d2a7d5dbbe5","sha256":"bfa178ea9cf1598248f55c26f41eec83a481b7dd8a9cab2c7ce6b12286d87fa5"},"dob":{"date":"1992-10-10T01:06:29.323Z","age":31},"registered":{"date":"2021-10-30T08:14:10.806Z","age":2},"phone":"04-453-896","cell":"044-004-78-35","id":{"name":"HETU","value":"NaNNA890undefined"},"picture":{"large":"https://randomuser.me/api/portraits/women/93.jpg","medium":"https://randomuser.me/api/portraits/med/women/93.jpg","thumbnail":"https://randomuser.me/api/portraits/thumb/women/93.jpg"},"nat":"FI"}],"info":{"seed":"457cf4f398d2fea4","results":1,"page":1,"version":"1.4"}} 
 </msg>
<msg time="2024-05-06T16:19:28.763408" level="INFO">/opt/hostedtoolcache/Python/3.12.3/x64/lib/python3.12/site-packages/urllib3/connectionpool.py:1103: InsecureRequestWarning: Unverified HTTPS request is being made to host 'randomuser.me'. Adding certificate verification is strongly advised. See: https://urllib3.readthedocs.io/en/latest/advanced-usage.html#tls-warnings
  warnings.warn(</msg>
<msg time="2024-05-06T16:19:28.763535" level="INFO">${response} = &lt;Response [200]&gt;</msg>
<var>${response}</var>
<arg>consultarAPI</arg>
<arg>/api</arg>
<doc>Sends a GET request on a previously created HTTP Session.</doc>
<status status="PASS" start="2024-05-06T16:19:28.673757" elapsed="0.089818"/>
</kw>
<kw name="Set Variable" owner="BuiltIn">
<msg time="2024-05-06T16:19:28.764889" level="INFO">${json_data} = {'results': [{'gender': 'female', 'name': {'title': 'Ms', 'first': 'Linnea', 'last': 'Seppala'}, 'location': {'street': {'number': 2911, 'name': 'Itsenäisyydenkatu'}, 'city': 'Savonlinna', 'state': 'O...</msg>
<var>${json_data}</var>
<arg>${response.json()}</arg>
<doc>Returns the given values which can then be assigned to a variables.</doc>
<status status="PASS" start="2024-05-06T16:19:28.764253" elapsed="0.000666"/>
</kw>
<kw name="Set Variable" owner="BuiltIn">
<msg time="2024-05-06T16:19:28.765623" level="INFO">${name_title} = Ms</msg>
<var>${name_title}</var>
<arg>${json_data["results"][0]["name"]["title"]}</arg>
<doc>Returns the given values which can then be assigned to a variables.</doc>
<status status="PASS" start="2024-05-06T16:19:28.765234" elapsed="0.000415"/>
</kw>
<kw name="Create List" owner="BuiltIn">
<msg time="2024-05-06T16:19:28.766098" level="INFO">${allowed_titles} = ['Mr', 'Ms', 'Miss', 'Mrs', 'Madame', 'Monsieur']</msg>
<var>${allowed_titles}</var>
<arg>Mr</arg>
<arg>Ms</arg>
<arg>Miss</arg>
<arg>Mrs</arg>
<arg>Madame</arg>
<arg>Monsieur</arg>
<doc>Returns a list containing given items.</doc>
<status status="PASS" start="2024-05-06T16:19:28.765948" elapsed="0.000175"/>
</kw>
<kw name="List Should Contain Value" owner="Collections">
<msg time="2024-05-06T16:19:28.766598" level="INFO">False</msg>
<arg>${allowed_titles}</arg>
<arg>${name_title}</arg>
<doc>Fails if the ``value`` is not found from ``list``.</doc>
<status status="PASS" start="2024-05-06T16:19:28.766422" elapsed="0.000213"/>
</kw>
<kw name="Set Variable" owner="BuiltIn">
<msg time="2024-05-06T16:19:28.767303" level="INFO">${name_country} = FI</msg>
<var>${name_country}</var>
<arg>${json_data["results"][0]["nat"]}</arg>
<doc>Returns the given values which can then be assigned to a variables.</doc>
<status status="PASS" start="2024-05-06T16:19:28.766928" elapsed="0.000400"/>
</kw>
<kw name="Create List" owner="BuiltIn">
<msg time="2024-05-06T16:19:28.768208" level="INFO">${list_country} = ['AD', 'AE', 'AF', 'AG', 'AI', 'AL', 'AM', 'AO', 'AQ', 'AR', 'AS', 'AT', 'AU', 'AW', 'AX', 'AZ', 'BA', 'BB', 'BD', 'BE', 'BF', 'BG', 'BH', 'BI', 'BJ', 'BL', 'BM', 'BN', 'BO', 'BQ', 'BR', 'BS', 'BT', '...</msg>
<var>${list_country}</var>
<arg>AD</arg>
<arg>AE</arg>
<arg>AF</arg>
<arg>AG</arg>
<arg>AI</arg>
<arg>AL</arg>
<arg>AM</arg>
<arg>AO</arg>
<arg>AQ</arg>
<arg>AR</arg>
<arg>AS</arg>
<arg>AT</arg>
<arg>AU</arg>
<arg>AW</arg>
<arg>AX</arg>
<arg>AZ</arg>
<arg>BA</arg>
<arg>BB</arg>
<arg>BD</arg>
<arg>BE</arg>
<arg>BF</arg>
<arg>BG</arg>
<arg>BH</arg>
<arg>BI</arg>
<arg>BJ</arg>
<arg>BL</arg>
<arg>BM</arg>
<arg>BN</arg>
<arg>BO</arg>
<arg>BQ</arg>
<arg>BR</arg>
<arg>BS</arg>
<arg>BT</arg>
<arg>BV</arg>
<arg>BW</arg>
<arg>BY</arg>
<arg>BZ</arg>
<arg>CA</arg>
<arg>CC</arg>
<arg>CD</arg>
<arg>CF</arg>
<arg>CG</arg>
<arg>CH</arg>
<arg>CI</arg>
<arg>CK</arg>
<arg>CL</arg>
<arg>CM</arg>
<arg>CN</arg>
<arg>CO</arg>
<arg>CR</arg>
<arg>CU</arg>
<arg>CV</arg>
<arg>CW</arg>
<arg>CX</arg>
<arg>CY</arg>
<arg>CZ</arg>
<arg>DE</arg>
<arg>DJ</arg>
<arg>DK</arg>
<arg>DM</arg>
<arg>DO</arg>
<arg>DZ</arg>
<arg>EC</arg>
<arg>EE</arg>
<arg>EG</arg>
<arg>EH</arg>
<arg>ER</arg>
<arg>ES</arg>
<arg>ET</arg>
<arg>FI</arg>
<arg>FJ</arg>
<arg>FK</arg>
<arg>FM</arg>
<arg>FO</arg>
<arg>FR</arg>
<arg>GA</arg>
<arg>GB</arg>
<arg>GD</arg>
<arg>GE</arg>
<arg>GF</arg>
<arg>GG</arg>
<arg>GH</arg>
<arg>GI</arg>
<arg>GL</arg>
<arg>GM</arg>
<arg>GN</arg>
<arg>GP</arg>
<arg>GQ</arg>
<arg>GR</arg>
<arg>GS</arg>
<arg>GT</arg>
<arg>GU</arg>
<arg>GW</arg>
<arg>GY</arg>
<arg>HK</arg>
<arg>HM</arg>
<arg>HN</arg>
<arg>HR</arg>
<arg>HT</arg>
<arg>HU</arg>
<arg>ID</arg>
<arg>IE</arg>
<arg>IL</arg>
<arg>IM</arg>
<arg>IN</arg>
<arg>IO</arg>
<arg>IQ</arg>
<arg>IR</arg>
<arg>IS</arg>
<arg>IT</arg>
<arg>JE</arg>
<arg>JM</arg>
<arg>JO</arg>
<arg>JP</arg>
<arg>KE</arg>
<arg>KG</arg>
<arg>KH</arg>
<arg>KI</arg>
<arg>KM</arg>
<arg>KN</arg>
<arg>KP</arg>
<arg>KR</arg>
<arg>KW</arg>
<arg>KY</arg>
<arg>KZ</arg>
<arg>LA</arg>
<arg>LB</arg>
<arg>LC</arg>
<arg>LI</arg>
<arg>LK</arg>
<arg>LR</arg>
<arg>LS</arg>
<arg>LT</arg>
<arg>LU</arg>
<arg>LV</arg>
<arg>LY</arg>
<arg>MA</arg>
<arg>MC</arg>
<arg>MD</arg>
<arg>ME</arg>
<arg>MF</arg>
<arg>MG</arg>
<arg>MH</arg>
<arg>MK</arg>
<arg>ML</arg>
<arg>MM</arg>
<arg>MN</arg>
<arg>MO</arg>
<arg>MP</arg>
<arg>MQ</arg>
<arg>MR</arg>
<arg>MS</arg>
<arg>MT</arg>
<arg>MU</arg>
<arg>MV</arg>
<arg>MW</arg>
<arg>MX</arg>
<arg>MY</arg>
<arg>MZ</arg>
<arg>NA</arg>
<arg>NC</arg>
<arg>NE</arg>
<arg>NF</arg>
<arg>NG</arg>
<arg>NI</arg>
<arg>NL</arg>
<arg>NO</arg>
<arg>NP</arg>
<arg>NR</arg>
<arg>NU</arg>
<arg>NZ</arg>
<arg>OM</arg>
<arg>PA</arg>
<arg>PE</arg>
<arg>PF</arg>
<arg>PG</arg>
<arg>PH</arg>
<arg>PK</arg>
<arg>PL</arg>
<arg>PM</arg>
<arg>PN</arg>
<arg>PR</arg>
<arg>PS</arg>
<arg>PT</arg>
<arg>PW</arg>
<arg>PY</arg>
<arg>QA</arg>
<arg>RE</arg>
<arg>RO</arg>
<arg>RS</arg>
<arg>RU</arg>
<arg>RW</arg>
<arg>SA</arg>
<arg>SB</arg>
<arg>SC</arg>
<arg>SD</arg>
<arg>SE</arg>
<arg>SG</arg>
<arg>SH</arg>
<arg>SI</arg>
<arg>SJ</arg>
<arg>SK</arg>
<arg>SL</arg>
<arg>SM</arg>
<arg>SN</arg>
<arg>SO</arg>
<arg>SR</arg>
<arg>SS</arg>
<arg>ST</arg>
<arg>SV</arg>
<arg>SX</arg>
<arg>SY</arg>
<arg>SZ</arg>
<arg>TC</arg>
<arg>TD</arg>
<arg>TF</arg>
<arg>TG</arg>
<arg>TH</arg>
<arg>TJ</arg>
<arg>TK</arg>
<arg>TL</arg>
<arg>TM</arg>
<arg>TN</arg>
<arg>TO</arg>
<arg>TR</arg>
<arg>TT</arg>
<arg>TV</arg>
<arg>TW</arg>
<arg>TZ</arg>
<arg>UA</arg>
<arg>UG</arg>
<arg>UM</arg>
<arg>US</arg>
<arg>UY</arg>
<arg>UZ</arg>
<arg>VA</arg>
<arg>VC</arg>
<arg>VE</arg>
<arg>VG</arg>
<arg>VI</arg>
<arg>VN</arg>
<arg>VU</arg>
<arg>WF</arg>
<arg>WS</arg>
<arg>XK</arg>
<arg>YE</arg>
<arg>YT</arg>
<arg>ZA</arg>
<arg>ZM</arg>
<arg>ZW</arg>
<doc>Returns a list containing given items.</doc>
<status status="PASS" start="2024-05-06T16:19:28.767627" elapsed="0.000607"/>
</kw>
<kw name="List Should Contain Value" owner="Collections">
<msg time="2024-05-06T16:19:28.769262" level="INFO">False</msg>
<arg>${list_country}</arg>
<arg>${name_country}</arg>
<doc>Fails if the ``value`` is not found from ``list``.</doc>
<status status="PASS" start="2024-05-06T16:19:28.769063" elapsed="0.000235"/>
</kw>
<kw name="Run Keyword If" owner="BuiltIn">
<kw name="Should Be True" owner="BuiltIn">
<arg>${True}</arg>
<doc>Fails if the given condition is not true.</doc>
<status status="PASS" start="2024-05-06T16:19:28.770368" elapsed="0.000258"/>
</kw>
<arg>${json_data["results"][0]["location"]["coordinates"]["latitude"]} &gt;= -90 and ${json_data["results"][0]["location"]["coordinates"]["latitude"]} &lt;= 90</arg>
<arg>Should Be True</arg>
<arg>${True}</arg>
<doc>Runs the given keyword with the given arguments, if ``condition`` is true.</doc>
<status status="PASS" start="2024-05-06T16:19:28.769616" elapsed="0.001140"/>
</kw>
<kw name="Run Keyword If" owner="BuiltIn">
<kw name="Should Be True" owner="BuiltIn">
<arg>${True}</arg>
<doc>Fails if the given condition is not true.</doc>
<status status="PASS" start="2024-05-06T16:19:28.771652" elapsed="0.000137"/>
</kw>
<arg>${json_data["results"][0]["location"]["coordinates"]["longitude"]} &gt;= -180 and ${json_data["results"][0]["location"]["coordinates"]["longitude"]} &lt;= 180</arg>
<arg>Should Be True</arg>
<arg>${True}</arg>
<doc>Runs the given keyword with the given arguments, if ``condition`` is true.</doc>
<status status="PASS" start="2024-05-06T16:19:28.770944" elapsed="0.000968"/>
</kw>
<status status="PASS" start="2024-05-06T16:19:28.673529" elapsed="0.098513"/>
</kw>
<doc>Testa o conteúdo específico dos campos retornados pela API.</doc>
<tag>testeConteudo</tag>
<status status="PASS" start="2024-05-06T16:19:28.673032" elapsed="0.099160"/>
</test>
<status status="PASS" start="2024-05-06T16:19:27.117147" elapsed="1.657170"/>
</suite>
<status status="PASS" start="2024-05-06T16:19:27.102888" elapsed="1.677505"/>
</suite>
<statistics>
<total>
<stat pass="5" fail="0" skip="0">All Tests</stat>
</total>
<tag>
<stat pass="1" fail="0" skip="0">testeConteudo</stat>
<stat pass="1" fail="0" skip="0">testeEstruturaResposta</stat>
<stat pass="1" fail="0" skip="0">testeRequisicaoBasica</stat>
<stat pass="1" fail="0" skip="0">testeTiposDados</stat>
</tag>
<suite>
<stat pass="5" fail="0" skip="0" id="s1" name="Tests">Tests</stat>
<stat pass="5" fail="0" skip="0" id="s1-s1" name="Random-User-Test">Tests.Random-User-Test</stat>
</suite>
</statistics>
<errors>
</errors>
</robot>
